<?xml version="1.0" encoding="UTF-8"?>
<testsuites tests="80" failures="33" errors="33" skipped="0">
  <testsuite timestamp="2025-05-31T16:17:10" time="821.718" tests="8" failures="1" errors="1" skipped="0">
    <properties>
      <property name="specId" value="0"/>
      <property name="suiteName" value="Stock increase - with WHM US125587"/>
      <property name="capabilities" value="chrome.136_0_7103_93.windows"/>
      <property name="file" value="file:///D:/a/1/s/test/specs/HTR/stock-increase.spec.js"/>
    </properties>
    <testcase classname="chrome.136_0_7103_93.windows.Stock_increase_-_with_WHM_US125587" name="Should create a new WHM yard" time="139.871">
      <system-out><![CDATA[
COMMAND: POST /session/21ce62c4ecbe6d238b640e15c86407e3/window/fullscreen - {}
RESULT: {}
COMMAND: POST /session/21ce62c4ecbe6d238b640e15c86407e3/execute/async - {"script":"<script> [1562 bytes]","args":[{"selector":{"controlType":"sap.m.GenericTile","properties":{"header":"Manage Yards"}},"wdio_ui5_key":"sapm.GenericTile{\"header\":\"Manage Yards\"}"}]}
RESULT: {"script":"<script> [1562 bytes]","args":[{"selector":{"controlType":"sap.m.GenericTile","properties":{"header":"Manage Yards"}},"wdio_ui5_key":"sapm.GenericTile{\"header\":\"Manage Yards\"}"}]}
RESULT: undefined
COMMAND: POST /session/21ce62c4ecbe6d238b640e15c86407e3/element - {"using":"xpath","value":"//*[@id=\"__tile41\"]"}
RESULT: {"using":"xpath","value":"//*[@id=\"__tile41\"]"}
COMMAND: POST /session/21ce62c4ecbe6d238b640e15c86407e3/element/f.93D217436D6DD50F1CAF1D433A497FC6.d.84DD0BD39732C42D3CD81985E22D7FF3.e.143/click - {}
RESULT: {}
COMMAND: GET /session/21ce62c4ecbe6d238b640e15c86407e3/screenshot - {}
RESULT: {}
COMMAND: POST /session/21ce62c4ecbe6d238b640e15c86407e3/elements - {"using":"xpath","value":"//span[text()='Error']"}
RESULT: {"using":"xpath","value":"//span[text()='Error']"}
COMMAND: POST /session/21ce62c4ecbe6d238b640e15c86407e3/element - {"using":"xpath","value":"//button[@data-kt=\"addNewYardOverflowToolbarButton\"]"}
RESULT: {"using":"xpath","value":"//button[@data-kt=\"addNewYardOverflowToolbarButton\"]"}
COMMAND: POST /session/21ce62c4ecbe6d238b640e15c86407e3/elements - {"using":"xpath","value":"//button[@data-kt=\"addNewYardOverflowToolbarButton\"]"}
RESULT: {"using":"xpath","value":"//button[@data-kt=\"addNewYardOverflowToolbarButton\"]"}
COMMAND: POST /session/21ce62c4ecbe6d238b640e15c86407e3/elements - {"using":"xpath","value":"//button[@data-kt=\"addNewYardOverflowToolbarButton\"]"}
RESULT: {"using":"xpath","value":"//button[@data-kt=\"addNewYardOverflowToolbarButton\"]"}
COMMAND: POST /session/21ce62c4ecbe6d238b640e15c86407e3/elements - {"using":"xpath","value":"//button[@data-kt=\"addNewYardOverflowToolbarButton\"]"}
RESULT: {"using":"xpath","value":"//button[@data-kt=\"addNewYardOverflowToolbarButton\"]"}
COMMAND: POST /session/21ce62c4ecbe6d238b640e15c86407e3/elements - {"using":"xpath","value":"//button[@data-kt=\"addNewYardOverflowToolbarButton\"]"}
RESULT: {"using":"xpath","value":"//button[@data-kt=\"addNewYardOverflowToolbarButton\"]"}
COMMAND: POST /session/21ce62c4ecbe6d238b640e15c86407e3/element - {"using":"xpath","value":"//button[@data-kt=\"addNewYardOverflowToolbarButton\"]"}
RESULT: {"using":"xpath","value":"//button[@data-kt=\"addNewYardOverflowToolbarButton\"]"}
COMMAND: POST /session/21ce62c4ecbe6d238b640e15c86407e3/execute/sync - {"script":"<script> [8489 bytes]","args":[{"element-6066-11e4-a52e-4f735466cecf":"f.93D217436D6DD50F1CAF1D433A497FC6.d.84DD0BD39732C42D3CD81985E22D7FF3.e.282","ELEMENT":"f.93D217436D6DD50F1CAF1D433A497FC6.d.84DD0BD39732C42D3CD81985E22D7FF3.e.282"}]}
RESULT: {"script":"<script> [8489 bytes]","args":[{"element-6066-11e4-a52e-4f735466cecf":"f.93D217436D6DD50F1CAF1D433A497FC6.d.84DD0BD39732C42D3CD81985E22D7FF3.e.282","ELEMENT":"f.93D217436D6DD50F1CAF1D433A497FC6.d.84DD0BD39732C42D3CD81985E22D7FF3.e.282"}]}
COMMAND: GET /session/21ce62c4ecbe6d238b640e15c86407e3/element/f.93D217436D6DD50F1CAF1D433A497FC6.d.84DD0BD39732C42D3CD81985E22D7FF3.e.282/enabled - {}
COMMAND: GET /session/21ce62c4ecbe6d238b640e15c86407e3/screenshot - {}
RESULT: {}
COMMAND: POST /session/21ce62c4ecbe6d238b640e15c86407e3/execute/sync - {"script":"<script> [8489 bytes]","args":[{"element-6066-11e4-a52e-4f735466cecf":"f.93D217436D6DD50F1CAF1D433A497FC6.d.84DD0BD39732C42D3CD81985E22D7FF3.e.282","ELEMENT":"f.93D217436D6DD50F1CAF1D433A497FC6.d.84DD0BD39732C42D3CD81985E22D7FF3.e.282"}]}
COMMAND: GET /session/21ce62c4ecbe6d238b640e15c86407e3/screenshot - {}
RESULT: {}
RESULT: {"script":"<script> [8489 bytes]","args":[{"element-6066-11e4-a52e-4f735466cecf":"f.93D217436D6DD50F1CAF1D433A497FC6.d.84DD0BD39732C42D3CD81985E22D7FF3.e.282","ELEMENT":"f.93D217436D6DD50F1CAF1D433A497FC6.d.84DD0BD39732C42D3CD81985E22D7FF3.e.282"}]}
COMMAND: POST /session/21ce62c4ecbe6d238b640e15c86407e3/execute/sync - {"script":"<script> [5351 bytes]","args":[{"element-6066-11e4-a52e-4f735466cecf":"f.93D217436D6DD50F1CAF1D433A497FC6.d.84DD0BD39732C42D3CD81985E22D7FF3.e.282","ELEMENT":"f.93D217436D6DD50F1CAF1D433A497FC6.d.84DD0BD39732C42D3CD81985E22D7FF3.e.282"}]}
COMMAND: GET /session/21ce62c4ecbe6d238b640e15c86407e3/screenshot - {}
RESULT: {}
RESULT: {"script":"<script> [5351 bytes]","args":[{"element-6066-11e4-a52e-4f735466cecf":"f.93D217436D6DD50F1CAF1D433A497FC6.d.84DD0BD39732C42D3CD81985E22D7FF3.e.282","ELEMENT":"f.93D217436D6DD50F1CAF1D433A497FC6.d.84DD0BD39732C42D3CD81985E22D7FF3.e.282"}]}
COMMAND: POST /session/21ce62c4ecbe6d238b640e15c86407e3/element/f.93D217436D6DD50F1CAF1D433A497FC6.d.84DD0BD39732C42D3CD81985E22D7FF3.e.282/click - {}
COMMAND: GET /session/21ce62c4ecbe6d238b640e15c86407e3/screenshot - {}
RESULT: {}
RESULT: {}
COMMAND: GET /session/21ce62c4ecbe6d238b640e15c86407e3/screenshot - {}
RESULT: {}
COMMAND: POST /session/21ce62c4ecbe6d238b640e15c86407e3/element - {"using":"xpath","value":"//input[@id=\"application-manageyards-display-component---NewYard--yardId-inner\"]"}
RESULT: {}
RESULT: {"using":"xpath","value":"//input[@id=\"application-manageyards-display-component---NewYard--yardId-inner\"]"}
COMMAND: POST /session/21ce62c4ecbe6d238b640e15c86407e3/element - {"using":"xpath","value":"//input[@id=\"application-manageyards-display-component---NewYard--yardId-inner\"]"}
RESULT: {"using":"xpath","value":"//input[@id=\"application-manageyards-display-component---NewYard--yardId-inner\"]"}
COMMAND: POST /session/21ce62c4ecbe6d238b640e15c86407e3/execute/async - {"script":"<script> [1562 bytes]","args":[{"selector":{"id":"application-manageyards-display-component---NewYard--addressDetailDetailsName1","interaction":{"idSuffix":"inner"}},"wdio_ui5_key":"applicationmanageyards-display-component---NewYard--addressDetailDetailsName1"}]}
RESULT: {"script":"<script> [1562 bytes]","args":[{"selector":{"id":"application-manageyards-display-component---NewYard--addressDetailDetailsName1","interaction":{"idSuffix":"inner"}},"wdio_ui5_key":"applicationmanageyards-display-component---NewYard--addressDetailDetailsName1"}]}
RESULT: undefined
COMMAND: POST /session/21ce62c4ecbe6d238b640e15c86407e3/execute/async - {"script":"<script> [776 bytes]","args":[{"enterText":"Warehouse Managed WDIO","selector":{"id":"application-manageyards-display-component---NewYard--addressDetailDetailsName1","interaction":{"idSuffix":"inner"}},"clearTextFirst":true,"interactionType":"ENTER_TEXT"}]}
RESULT: {"script":"<script> [776 bytes]","args":[{"enterText":"Warehouse Managed WDIO","selector":{"id":"application-manageyards-display-component---NewYard--addressDetailDetailsName1","interaction":{"idSuffix":"inner"}},"clearTextFirst":true,"interactionType":"ENTER_TEXT"}]}
COMMAND: POST /session/21ce62c4ecbe6d238b640e15c86407e3/execute/async - {"script":"<script> [1562 bytes]","args":[{"selector":{"id":"application-manageyards-display-component---NewYard--addressDetailDetailsLanguage-arrow"},"wdio_ui5_key":"applicationmanageyards-display-component---NewYard--addressDetailDetailsLanguage-arrow"}]}
RESULT: {"script":"<script> [1562 bytes]","args":[{"selector":{"id":"application-manageyards-display-component---NewYard--addressDetailDetailsLanguage-arrow"},"wdio_ui5_key":"applicationmanageyards-display-component---NewYard--addressDetailDetailsLanguage-arrow"}]}
RESULT: undefined
COMMAND: POST /session/21ce62c4ecbe6d238b640e15c86407e3/element - {"using":"xpath","value":"//*[@id=\"application-manageyards-display-component---NewYard--addressDetailDetailsLanguage-arrow\"]"}
RESULT: {"using":"xpath","value":"//*[@id=\"application-manageyards-display-component---NewYard--addressDetailDetailsLanguage-arrow\"]"}
COMMAND: POST /session/21ce62c4ecbe6d238b640e15c86407e3/element/f.93D217436D6DD50F1CAF1D433A497FC6.d.84DD0BD39732C42D3CD81985E22D7FF3.e.706/click - {}
RESULT: {}
COMMAND: POST /session/21ce62c4ecbe6d238b640e15c86407e3/element - {"using":"xpath","value":"//span[contains(text(), \"English\")]"}
COMMAND: GET /session/21ce62c4ecbe6d238b640e15c86407e3/screenshot - {}
RESULT: {"using":"xpath","value":"//span[contains(text(), \"English\")]"}
COMMAND: POST /session/21ce62c4ecbe6d238b640e15c86407e3/element/f.93D217436D6DD50F1CAF1D433A497FC6.d.84DD0BD39732C42D3CD81985E22D7FF3.e.707/click - {}
RESULT: {}
RESULT: {}
COMMAND: POST /session/21ce62c4ecbe6d238b640e15c86407e3/execute/async - {"script":"<script> [1562 bytes]","args":[{"selector":{"id":"application-manageyards-display-component---NewYard--addressDetailDetailsCity1","interaction":{"idSuffix":"inner"}},"wdio_ui5_key":"applicationmanageyards-display-component---NewYard--addressDetailDetailsCity1"}]}
COMMAND: GET /session/21ce62c4ecbe6d238b640e15c86407e3/screenshot - {}
RESULT: {"script":"<script> [1562 bytes]","args":[{"selector":{"id":"application-manageyards-display-component---NewYard--addressDetailDetailsCity1","interaction":{"idSuffix":"inner"}},"wdio_ui5_key":"applicationmanageyards-display-component---NewYard--addressDetailDetailsCity1"}]}
RESULT: undefined
COMMAND: POST /session/21ce62c4ecbe6d238b640e15c86407e3/execute/async - {"script":"<script> [776 bytes]","args":[{"enterText":"Rosario","selector":{"id":"application-manageyards-display-component---NewYard--addressDetailDetailsCity1","interaction":{"idSuffix":"inner"}},"clearTextFirst":true,"interactionType":"ENTER_TEXT"}]}
RESULT: {}
RESULT: {"script":"<script> [776 bytes]","args":[{"enterText":"Rosario","selector":{"id":"application-manageyards-display-component---NewYard--addressDetailDetailsCity1","interaction":{"idSuffix":"inner"}},"clearTextFirst":true,"interactionType":"ENTER_TEXT"}]}
COMMAND: POST /session/21ce62c4ecbe6d238b640e15c86407e3/execute/async - {"script":"<script> [1562 bytes]","args":[{"selector":{"id":"application-manageyards-display-component---NewYard--addressDetailDetailsCountry-arrow"},"wdio_ui5_key":"applicationmanageyards-display-component---NewYard--addressDetailDetailsCountry-arrow"}]}
RESULT: {"script":"<script> [1562 bytes]","args":[{"selector":{"id":"application-manageyards-display-component---NewYard--addressDetailDetailsCountry-arrow"},"wdio_ui5_key":"applicationmanageyards-display-component---NewYard--addressDetailDetailsCountry-arrow"}]}
RESULT: undefined
COMMAND: POST /session/21ce62c4ecbe6d238b640e15c86407e3/element - {"using":"xpath","value":"//*[@id=\"application-manageyards-display-component---NewYard--addressDetailDetailsCountry-arrow\"]"}
RESULT: {"using":"xpath","value":"//*[@id=\"application-manageyards-display-component---NewYard--addressDetailDetailsCountry-arrow\"]"}
COMMAND: POST /session/21ce62c4ecbe6d238b640e15c86407e3/element/f.93D217436D6DD50F1CAF1D433A497FC6.d.84DD0BD39732C42D3CD81985E22D7FF3.e.709/click - {}
RESULT: {}
COMMAND: POST /session/21ce62c4ecbe6d238b640e15c86407e3/element - {"using":"xpath","value":"//span[contains(text(), \"Argentina\")]"}
COMMAND: GET /session/21ce62c4ecbe6d238b640e15c86407e3/screenshot - {}
RESULT: {"using":"xpath","value":"//span[contains(text(), \"Argentina\")]"}
COMMAND: POST /session/21ce62c4ecbe6d238b640e15c86407e3/element/f.93D217436D6DD50F1CAF1D433A497FC6.d.84DD0BD39732C42D3CD81985E22D7FF3.e.710/click - {}
RESULT: {}
RESULT: {}
COMMAND: POST /session/21ce62c4ecbe6d238b640e15c86407e3/execute/async - {"script":"<script> [1562 bytes]","args":[{"selector":{"id":"application-manageyards-display-component---NewYard--addressEditDetailsCostObjectCstType-arrow"},"wdio_ui5_key":"applicationmanageyards-display-component---NewYard--addressEditDetailsCostObjectCstType-arrow"}]}
COMMAND: GET /session/21ce62c4ecbe6d238b640e15c86407e3/screenshot - {}
RESULT: {"script":"<script> [1562 bytes]","args":[{"selector":{"id":"application-manageyards-display-component---NewYard--addressEditDetailsCostObjectCstType-arrow"},"wdio_ui5_key":"applicationmanageyards-display-component---NewYard--addressEditDetailsCostObjectCstType-arrow"}]}
RESULT: undefined
COMMAND: POST /session/21ce62c4ecbe6d238b640e15c86407e3/element - {"using":"xpath","value":"//*[@id=\"application-manageyards-display-component---NewYard--addressEditDetailsCostObjectCstType-arrow\"]"}
RESULT: {}
RESULT: {"using":"xpath","value":"//*[@id=\"application-manageyards-display-component---NewYard--addressEditDetailsCostObjectCstType-arrow\"]"}
COMMAND: POST /session/21ce62c4ecbe6d238b640e15c86407e3/element/f.93D217436D6DD50F1CAF1D433A497FC6.d.84DD0BD39732C42D3CD81985E22D7FF3.e.712/click - {}
RESULT: {}
COMMAND: POST /session/21ce62c4ecbe6d238b640e15c86407e3/element - {"using":"xpath","value":"//span[contains(text(), \"Cost Center\")]"}
COMMAND: GET /session/21ce62c4ecbe6d238b640e15c86407e3/screenshot - {}
RESULT: {"using":"xpath","value":"//span[contains(text(), \"Cost Center\")]"}
COMMAND: POST /session/21ce62c4ecbe6d238b640e15c86407e3/element/f.93D217436D6DD50F1CAF1D433A497FC6.d.84DD0BD39732C42D3CD81985E22D7FF3.e.713/click - {}
RESULT: {}
RESULT: {}
COMMAND: GET /session/21ce62c4ecbe6d238b640e15c86407e3/screenshot - {}
RESULT: {}
COMMAND: POST /session/21ce62c4ecbe6d238b640e15c86407e3/element - {"using":"xpath","value":"//span[@id=\"application-manageyards-display-component---NewYard--addressNewCostObjectCstID-vhi\"]"}
RESULT: {"using":"xpath","value":"//span[@id=\"application-manageyards-display-component---NewYard--addressNewCostObjectCstID-vhi\"]"}
COMMAND: POST /session/21ce62c4ecbe6d238b640e15c86407e3/execute/sync - {"script":"<script> [8489 bytes]","args":[{"element-6066-11e4-a52e-4f735466cecf":"f.93D217436D6DD50F1CAF1D433A497FC6.d.84DD0BD39732C42D3CD81985E22D7FF3.e.717","ELEMENT":"f.93D217436D6DD50F1CAF1D433A497FC6.d.84DD0BD39732C42D3CD81985E22D7FF3.e.717"}]}
RESULT: {"script":"<script> [8489 bytes]","args":[{"element-6066-11e4-a52e-4f735466cecf":"f.93D217436D6DD50F1CAF1D433A497FC6.d.84DD0BD39732C42D3CD81985E22D7FF3.e.717","ELEMENT":"f.93D217436D6DD50F1CAF1D433A497FC6.d.84DD0BD39732C42D3CD81985E22D7FF3.e.717"}]}
COMMAND: POST /session/21ce62c4ecbe6d238b640e15c86407e3/execute/async - {"script":"<script> [1562 bytes]","args":[{"selector":{"id":"application-manageyards-display-component---NewYard--addressNewCostObjectCstID-vhi"},"wdio_ui5_key":"applicationmanageyards-display-component---NewYard--addressNewCostObjectCstID-vhi"}]}
COMMAND: GET /session/21ce62c4ecbe6d238b640e15c86407e3/screenshot - {}
RESULT: {"script":"<script> [1562 bytes]","args":[{"selector":{"id":"application-manageyards-display-component---NewYard--addressNewCostObjectCstID-vhi"},"wdio_ui5_key":"applicationmanageyards-display-component---NewYard--addressNewCostObjectCstID-vhi"}]}
RESULT: undefined
COMMAND: POST /session/21ce62c4ecbe6d238b640e15c86407e3/element - {"using":"xpath","value":"//*[@id=\"application-manageyards-display-component---NewYard--addressNewCostObjectCstID-vhi\"]"}
RESULT: {}
RESULT: {"using":"xpath","value":"//*[@id=\"application-manageyards-display-component---NewYard--addressNewCostObjectCstID-vhi\"]"}
COMMAND: POST /session/21ce62c4ecbe6d238b640e15c86407e3/element/f.93D217436D6DD50F1CAF1D433A497FC6.d.84DD0BD39732C42D3CD81985E22D7FF3.e.717/click - {}
RESULT: {}
COMMAND: GET /session/21ce62c4ecbe6d238b640e15c86407e3/screenshot - {}
RESULT: {}
COMMAND: POST /session/21ce62c4ecbe6d238b640e15c86407e3/execute/async - {"script":"<script> [1562 bytes]","args":[{"selector":{"controlType":"sap.m.SearchField","properties":{"placeholder":"Search"},"searchOpenDialogs":true,"interaction":{"idSuffix":"I"}},"wdio_ui5_key":"sapm.SearchField{\"placeholder\":\"Search\"}"}]}
RESULT: {"script":"<script> [1562 bytes]","args":[{"selector":{"controlType":"sap.m.SearchField","properties":{"placeholder":"Search"},"searchOpenDialogs":true,"interaction":{"idSuffix":"I"}},"wdio_ui5_key":"sapm.SearchField{\"placeholder\":\"Search\"}"}]}
RESULT: undefined
COMMAND: POST /session/21ce62c4ecbe6d238b640e15c86407e3/execute/async - {"script":"<script> [776 bytes]","args":[{"enterText":"bauh_b","selector":{"controlType":"sap.m.SearchField","properties":{"placeholder":"Search"},"searchOpenDialogs":true,"interaction":{"idSuffix":"I"}},"clearTextFirst":true,"interactionType":"ENTER_TEXT"}]}
RESULT: {"script":"<script> [776 bytes]","args":[{"enterText":"bauh_b","selector":{"controlType":"sap.m.SearchField","properties":{"placeholder":"Search"},"searchOpenDialogs":true,"interaction":{"idSuffix":"I"}},"clearTextFirst":true,"interactionType":"ENTER_TEXT"}]}
COMMAND: POST /session/21ce62c4ecbe6d238b640e15c86407e3/actions - {"actions":[{"id":"action1","type":"key","parameters":{},"actions":[{"type":"keyDown","value":""},{"type":"pause","duration":10},{"type":"keyUp","value":""}]}]}
RESULT: {"actions":[{"id":"action1","type":"key","parameters":{},"actions":[{"type":"keyDown","value":""},{"type":"pause","duration":10},{"type":"keyUp","value":""}]}]}
COMMAND: GET /session/21ce62c4ecbe6d238b640e15c86407e3/screenshot - {}
RESULT: {}
COMMAND: POST /session/21ce62c4ecbe6d238b640e15c86407e3/element - {"using":"xpath","value":"//span[contains(text(), \"Demo Yard\")]"}
RESULT: {"using":"xpath","value":"//span[contains(text(), \"Demo Yard\")]"}
COMMAND: POST /session/21ce62c4ecbe6d238b640e15c86407e3/element/f.93D217436D6DD50F1CAF1D433A497FC6.d.84DD0BD39732C42D3CD81985E22D7FF3.e.757/click - {}
RESULT: {}
COMMAND: GET /session/21ce62c4ecbe6d238b640e15c86407e3/screenshot - {}
RESULT: {}
COMMAND: POST /session/21ce62c4ecbe6d238b640e15c86407e3/element - {"using":"xpath","value":"//bdi[contains(text(), \"OK\")]"}
RESULT: {"using":"xpath","value":"//bdi[contains(text(), \"OK\")]"}
COMMAND: POST /session/21ce62c4ecbe6d238b640e15c86407e3/element/f.93D217436D6DD50F1CAF1D433A497FC6.d.84DD0BD39732C42D3CD81985E22D7FF3.e.758/click - {}
RESULT: {}
COMMAND: GET /session/21ce62c4ecbe6d238b640e15c86407e3/screenshot - {}
RESULT: {}
COMMAND: POST /session/21ce62c4ecbe6d238b640e15c86407e3/execute/async - {"script":"<script> [1562 bytes]","args":[{"selector":{"id":"application-manageyards-display-component---NewYard--addressEditDetailsCurrency-arrow"},"wdio_ui5_key":"applicationmanageyards-display-component---NewYard--addressEditDetailsCurrency-arrow"}]}
RESULT: {"script":"<script> [1562 bytes]","args":[{"selector":{"id":"application-manageyards-display-component---NewYard--addressEditDetailsCurrency-arrow"},"wdio_ui5_key":"applicationmanageyards-display-component---NewYard--addressEditDetailsCurrency-arrow"}]}
RESULT: undefined
COMMAND: POST /session/21ce62c4ecbe6d238b640e15c86407e3/element - {"using":"xpath","value":"//*[@id=\"application-manageyards-display-component---NewYard--addressEditDetailsCurrency-arrow\"]"}
RESULT: {"using":"xpath","value":"//*[@id=\"application-manageyards-display-component---NewYard--addressEditDetailsCurrency-arrow\"]"}
COMMAND: POST /session/21ce62c4ecbe6d238b640e15c86407e3/element/f.93D217436D6DD50F1CAF1D433A497FC6.d.84DD0BD39732C42D3CD81985E22D7FF3.e.761/click - {}
RESULT: {}
COMMAND: POST /session/21ce62c4ecbe6d238b640e15c86407e3/element - {"using":"xpath","value":"//span[contains(text(), \"Euro\")]"}
COMMAND: GET /session/21ce62c4ecbe6d238b640e15c86407e3/screenshot - {}
RESULT: {"using":"xpath","value":"//span[contains(text(), \"Euro\")]"}
COMMAND: POST /session/21ce62c4ecbe6d238b640e15c86407e3/element/f.93D217436D6DD50F1CAF1D433A497FC6.d.84DD0BD39732C42D3CD81985E22D7FF3.e.762/click - {}
RESULT: {}
RESULT: {}
COMMAND: POST /session/21ce62c4ecbe6d238b640e15c86407e3/execute/async - {"script":"<script> [1562 bytes]","args":[{"selector":{"controlType":"sap.m.Input","viewName":"etm.portal.ui.manageyards.view.New","viewId":"application-manageyards-display-component---NewYard","bindingPath":{"path":"","propertyPath":"/CONTROLLING_AREA","modelName":"NewYardModel"},"interaction":{"idSuffix":"inner"}},"wdio_ui5_key":"etmportal.ui.manageyards.view.Newsap.m.Input{\"path\":\"\",\"propertyPath\":\"/CONTROLLING_AREA\",\"modelName\":\"NewYardModel\"}"}]}
COMMAND: GET /session/21ce62c4ecbe6d238b640e15c86407e3/screenshot - {}
RESULT: {"script":"<script> [1562 bytes]","args":[{"selector":{"controlType":"sap.m.Input","viewName":"etm.portal.ui.manageyards.view.New","viewId":"application-manageyards-display-component---NewYard","bindingPath":{"path":"","propertyPath":"/CONTROLLING_AREA","modelName":"NewYardModel"},"interaction":{"idSuffix":"inner"}},"wdio_ui5_key":"etmportal.ui.manageyards.view.Newsap.m.Input{\"path\":\"\",\"propertyPath\":\"/CONTROLLING_AREA\",\"modelName\":\"NewYardModel\"}"}]}
RESULT: undefined
COMMAND: POST /session/21ce62c4ecbe6d238b640e15c86407e3/execute/async - {"script":"<script> [776 bytes]","args":[{"enterText":"Z001","selector":{"controlType":"sap.m.Input","viewName":"etm.portal.ui.manageyards.view.New","viewId":"application-manageyards-display-component---NewYard","bindingPath":{"path":"","propertyPath":"/CONTROLLING_AREA","modelName":"NewYardModel"},"interaction":{"idSuffix":"inner"}},"clearTextFirst":true,"interactionType":"ENTER_TEXT"}]}
RESULT: {}
RESULT: {"script":"<script> [776 bytes]","args":[{"enterText":"Z001","selector":{"controlType":"sap.m.Input","viewName":"etm.portal.ui.manageyards.view.New","viewId":"application-manageyards-display-component---NewYard","bindingPath":{"path":"","propertyPath":"/CONTROLLING_AREA","modelName":"NewYardModel"},"interaction":{"idSuffix":"inner"}},"clearTextFirst":true,"interactionType":"ENTER_TEXT"}]}
COMMAND: POST /session/21ce62c4ecbe6d238b640e15c86407e3/execute/async - {"script":"<script> [1562 bytes]","args":[{"selector":{"id":"application-manageyards-display-component---NewYard--companyCodeComboBox","interaction":{"idSuffix":"inner"}},"wdio_ui5_key":"applicationmanageyards-display-component---NewYard--companyCodeComboBox"}]}
RESULT: {"script":"<script> [1562 bytes]","args":[{"selector":{"id":"application-manageyards-display-component---NewYard--companyCodeComboBox","interaction":{"idSuffix":"inner"}},"wdio_ui5_key":"applicationmanageyards-display-component---NewYard--companyCodeComboBox"}]}
RESULT: undefined
COMMAND: POST /session/21ce62c4ecbe6d238b640e15c86407e3/execute/async - {"script":"<script> [776 bytes]","args":[{"enterText":"1000","selector":{"id":"application-manageyards-display-component---NewYard--companyCodeComboBox","interaction":{"idSuffix":"inner"}},"clearTextFirst":true,"interactionType":"ENTER_TEXT"}]}
RESULT: {"script":"<script> [776 bytes]","args":[{"enterText":"1000","selector":{"id":"application-manageyards-display-component---NewYard--companyCodeComboBox","interaction":{"idSuffix":"inner"}},"clearTextFirst":true,"interactionType":"ENTER_TEXT"}]}
COMMAND: POST /session/21ce62c4ecbe6d238b640e15c86407e3/execute/async - {"script":"<script> [1562 bytes]","args":[{"selector":{"controlType":"sap.m.Input","viewName":"etm.portal.ui.manageyards.view.New","viewId":"application-manageyards-display-component---NewYard","bindingPath":{"path":"","propertyPath":"/PLANT","modelName":"NewYardModel"},"interaction":{"idSuffix":"inner"}},"wdio_ui5_key":"etmportal.ui.manageyards.view.Newsap.m.Input{\"path\":\"\",\"propertyPath\":\"/PLANT\",\"modelName\":\"NewYardModel\"}"}]}
RESULT: {"script":"<script> [1562 bytes]","args":[{"selector":{"controlType":"sap.m.Input","viewName":"etm.portal.ui.manageyards.view.New","viewId":"application-manageyards-display-component---NewYard","bindingPath":{"path":"","propertyPath":"/PLANT","modelName":"NewYardModel"},"interaction":{"idSuffix":"inner"}},"wdio_ui5_key":"etmportal.ui.manageyards.view.Newsap.m.Input{\"path\":\"\",\"propertyPath\":\"/PLANT\",\"modelName\":\"NewYardModel\"}"}]}
RESULT: undefined
COMMAND: POST /session/21ce62c4ecbe6d238b640e15c86407e3/execute/async - {"script":"<script> [776 bytes]","args":[{"enterText":"1001","selector":{"controlType":"sap.m.Input","viewName":"etm.portal.ui.manageyards.view.New","viewId":"application-manageyards-display-component---NewYard","bindingPath":{"path":"","propertyPath":"/PLANT","modelName":"NewYardModel"},"interaction":{"idSuffix":"inner"}},"clearTextFirst":true,"interactionType":"ENTER_TEXT"}]}
RESULT: {"script":"<script> [776 bytes]","args":[{"enterText":"1001","selector":{"controlType":"sap.m.Input","viewName":"etm.portal.ui.manageyards.view.New","viewId":"application-manageyards-display-component---NewYard","bindingPath":{"path":"","propertyPath":"/PLANT","modelName":"NewYardModel"},"interaction":{"idSuffix":"inner"}},"clearTextFirst":true,"interactionType":"ENTER_TEXT"}]}
COMMAND: POST /session/21ce62c4ecbe6d238b640e15c86407e3/execute/async - {"script":"<script> [1562 bytes]","args":[{"selector":{"controlType":"sap.m.Input","viewName":"etm.portal.ui.manageyards.view.New","viewId":"application-manageyards-display-component---NewYard","bindingPath":{"path":"","propertyPath":"/SALES_AREA_VKORG","modelName":"NewYardModel"},"interaction":{"idSuffix":"inner"}},"wdio_ui5_key":"etmportal.ui.manageyards.view.Newsap.m.Input{\"path\":\"\",\"propertyPath\":\"/SALES_AREA_VKORG\",\"modelName\":\"NewYardModel\"}"}]}
RESULT: {"script":"<script> [1562 bytes]","args":[{"selector":{"controlType":"sap.m.Input","viewName":"etm.portal.ui.manageyards.view.New","viewId":"application-manageyards-display-component---NewYard","bindingPath":{"path":"","propertyPath":"/SALES_AREA_VKORG","modelName":"NewYardModel"},"interaction":{"idSuffix":"inner"}},"wdio_ui5_key":"etmportal.ui.manageyards.view.Newsap.m.Input{\"path\":\"\",\"propertyPath\":\"/SALES_AREA_VKORG\",\"modelName\":\"NewYardModel\"}"}]}
RESULT: undefined
COMMAND: POST /session/21ce62c4ecbe6d238b640e15c86407e3/execute/async - {"script":"<script> [776 bytes]","args":[{"enterText":"C002","selector":{"controlType":"sap.m.Input","viewName":"etm.portal.ui.manageyards.view.New","viewId":"application-manageyards-display-component---NewYard","bindingPath":{"path":"","propertyPath":"/SALES_AREA_VKORG","modelName":"NewYardModel"},"interaction":{"idSuffix":"inner"}},"clearTextFirst":true,"interactionType":"ENTER_TEXT"}]}
RESULT: {"script":"<script> [776 bytes]","args":[{"enterText":"C002","selector":{"controlType":"sap.m.Input","viewName":"etm.portal.ui.manageyards.view.New","viewId":"application-manageyards-display-component---NewYard","bindingPath":{"path":"","propertyPath":"/SALES_AREA_VKORG","modelName":"NewYardModel"},"interaction":{"idSuffix":"inner"}},"clearTextFirst":true,"interactionType":"ENTER_TEXT"}]}
COMMAND: POST /session/21ce62c4ecbe6d238b640e15c86407e3/execute/async - {"script":"<script> [1562 bytes]","args":[{"selector":{"controlType":"sap.m.Input","viewName":"etm.portal.ui.manageyards.view.New","viewId":"application-manageyards-display-component---NewYard","bindingPath":{"path":"","propertyPath":"/SALES_AREA_VTWEG","modelName":"NewYardModel"},"interaction":{"idSuffix":"inner"}},"wdio_ui5_key":"etmportal.ui.manageyards.view.Newsap.m.Input{\"path\":\"\",\"propertyPath\":\"/SALES_AREA_VTWEG\",\"modelName\":\"NewYardModel\"}"}]}
RESULT: {"script":"<script> [1562 bytes]","args":[{"selector":{"controlType":"sap.m.Input","viewName":"etm.portal.ui.manageyards.view.New","viewId":"application-manageyards-display-component---NewYard","bindingPath":{"path":"","propertyPath":"/SALES_AREA_VTWEG","modelName":"NewYardModel"},"interaction":{"idSuffix":"inner"}},"wdio_ui5_key":"etmportal.ui.manageyards.view.Newsap.m.Input{\"path\":\"\",\"propertyPath\":\"/SALES_AREA_VTWEG\",\"modelName\":\"NewYardModel\"}"}]}
RESULT: undefined
COMMAND: POST /session/21ce62c4ecbe6d238b640e15c86407e3/execute/async - {"script":"<script> [776 bytes]","args":[{"enterText":"C2","selector":{"controlType":"sap.m.Input","viewName":"etm.portal.ui.manageyards.view.New","viewId":"application-manageyards-display-component---NewYard","bindingPath":{"path":"","propertyPath":"/SALES_AREA_VTWEG","modelName":"NewYardModel"},"interaction":{"idSuffix":"inner"}},"clearTextFirst":true,"interactionType":"ENTER_TEXT"}]}
RESULT: {"script":"<script> [776 bytes]","args":[{"enterText":"C2","selector":{"controlType":"sap.m.Input","viewName":"etm.portal.ui.manageyards.view.New","viewId":"application-manageyards-display-component---NewYard","bindingPath":{"path":"","propertyPath":"/SALES_AREA_VTWEG","modelName":"NewYardModel"},"interaction":{"idSuffix":"inner"}},"clearTextFirst":true,"interactionType":"ENTER_TEXT"}]}
COMMAND: POST /session/21ce62c4ecbe6d238b640e15c86407e3/execute/async - {"script":"<script> [1562 bytes]","args":[{"selector":{"controlType":"sap.m.Input","viewName":"etm.portal.ui.manageyards.view.New","viewId":"application-manageyards-display-component---NewYard","bindingPath":{"path":"","propertyPath":"/SALES_AREA_SPART","modelName":"NewYardModel"},"interaction":{"idSuffix":"inner"}},"wdio_ui5_key":"etmportal.ui.manageyards.view.Newsap.m.Input{\"path\":\"\",\"propertyPath\":\"/SALES_AREA_SPART\",\"modelName\":\"NewYardModel\"}"}]}
RESULT: {"script":"<script> [1562 bytes]","args":[{"selector":{"controlType":"sap.m.Input","viewName":"etm.portal.ui.manageyards.view.New","viewId":"application-manageyards-display-component---NewYard","bindingPath":{"path":"","propertyPath":"/SALES_AREA_SPART","modelName":"NewYardModel"},"interaction":{"idSuffix":"inner"}},"wdio_ui5_key":"etmportal.ui.manageyards.view.Newsap.m.Input{\"path\":\"\",\"propertyPath\":\"/SALES_AREA_SPART\",\"modelName\":\"NewYardModel\"}"}]}
RESULT: undefined
COMMAND: POST /session/21ce62c4ecbe6d238b640e15c86407e3/execute/async - {"script":"<script> [776 bytes]","args":[{"enterText":"C2","selector":{"controlType":"sap.m.Input","viewName":"etm.portal.ui.manageyards.view.New","viewId":"application-manageyards-display-component---NewYard","bindingPath":{"path":"","propertyPath":"/SALES_AREA_SPART","modelName":"NewYardModel"},"interaction":{"idSuffix":"inner"}},"clearTextFirst":true,"interactionType":"ENTER_TEXT"}]}
RESULT: {"script":"<script> [776 bytes]","args":[{"enterText":"C2","selector":{"controlType":"sap.m.Input","viewName":"etm.portal.ui.manageyards.view.New","viewId":"application-manageyards-display-component---NewYard","bindingPath":{"path":"","propertyPath":"/SALES_AREA_SPART","modelName":"NewYardModel"},"interaction":{"idSuffix":"inner"}},"clearTextFirst":true,"interactionType":"ENTER_TEXT"}]}
COMMAND: POST /session/21ce62c4ecbe6d238b640e15c86407e3/execute/async - {"script":"<script> [1562 bytes]","args":[{"selector":{"controlType":"sap.m.Input","viewName":"etm.portal.ui.manageyards.view.New","viewId":"application-manageyards-display-component---NewYard","bindingPath":{"path":"","propertyPath":"/SHIP_POINT","modelName":"NewYardModel"},"interaction":{"idSuffix":"inner"}},"wdio_ui5_key":"etmportal.ui.manageyards.view.Newsap.m.Input{\"path\":\"\",\"propertyPath\":\"/SHIP_POINT\",\"modelName\":\"NewYardModel\"}"}]}
RESULT: {"script":"<script> [1562 bytes]","args":[{"selector":{"controlType":"sap.m.Input","viewName":"etm.portal.ui.manageyards.view.New","viewId":"application-manageyards-display-component---NewYard","bindingPath":{"path":"","propertyPath":"/SHIP_POINT","modelName":"NewYardModel"},"interaction":{"idSuffix":"inner"}},"wdio_ui5_key":"etmportal.ui.manageyards.view.Newsap.m.Input{\"path\":\"\",\"propertyPath\":\"/SHIP_POINT\",\"modelName\":\"NewYardModel\"}"}]}
RESULT: undefined
COMMAND: POST /session/21ce62c4ecbe6d238b640e15c86407e3/execute/async - {"script":"<script> [776 bytes]","args":[{"enterText":"1710","selector":{"controlType":"sap.m.Input","viewName":"etm.portal.ui.manageyards.view.New","viewId":"application-manageyards-display-component---NewYard","bindingPath":{"path":"","propertyPath":"/SHIP_POINT","modelName":"NewYardModel"},"interaction":{"idSuffix":"inner"}},"clearTextFirst":true,"interactionType":"ENTER_TEXT"}]}
RESULT: {"script":"<script> [776 bytes]","args":[{"enterText":"1710","selector":{"controlType":"sap.m.Input","viewName":"etm.portal.ui.manageyards.view.New","viewId":"application-manageyards-display-component---NewYard","bindingPath":{"path":"","propertyPath":"/SHIP_POINT","modelName":"NewYardModel"},"interaction":{"idSuffix":"inner"}},"clearTextFirst":true,"interactionType":"ENTER_TEXT"}]}
COMMAND: POST /session/21ce62c4ecbe6d238b640e15c86407e3/execute/async - {"script":"<script> [1562 bytes]","args":[{"selector":{"controlType":"sap.m.Input","viewName":"etm.portal.ui.manageyards.view.New","viewId":"application-manageyards-display-component---NewYard","bindingPath":{"path":"","propertyPath":"/DELIVERY_TYPE","modelName":"NewYardModel"},"interaction":{"idSuffix":"inner"}},"wdio_ui5_key":"etmportal.ui.manageyards.view.Newsap.m.Input{\"path\":\"\",\"propertyPath\":\"/DELIVERY_TYPE\",\"modelName\":\"NewYardModel\"}"}]}
RESULT: {"script":"<script> [1562 bytes]","args":[{"selector":{"controlType":"sap.m.Input","viewName":"etm.portal.ui.manageyards.view.New","viewId":"application-manageyards-display-component---NewYard","bindingPath":{"path":"","propertyPath":"/DELIVERY_TYPE","modelName":"NewYardModel"},"interaction":{"idSuffix":"inner"}},"wdio_ui5_key":"etmportal.ui.manageyards.view.Newsap.m.Input{\"path\":\"\",\"propertyPath\":\"/DELIVERY_TYPE\",\"modelName\":\"NewYardModel\"}"}]}
RESULT: undefined
COMMAND: POST /session/21ce62c4ecbe6d238b640e15c86407e3/execute/async - {"script":"<script> [776 bytes]","args":[{"enterText":"ZL01","selector":{"controlType":"sap.m.Input","viewName":"etm.portal.ui.manageyards.view.New","viewId":"application-manageyards-display-component---NewYard","bindingPath":{"path":"","propertyPath":"/DELIVERY_TYPE","modelName":"NewYardModel"},"interaction":{"idSuffix":"inner"}},"clearTextFirst":true,"interactionType":"ENTER_TEXT"}]}
RESULT: {"script":"<script> [776 bytes]","args":[{"enterText":"ZL01","selector":{"controlType":"sap.m.Input","viewName":"etm.portal.ui.manageyards.view.New","viewId":"application-manageyards-display-component---NewYard","bindingPath":{"path":"","propertyPath":"/DELIVERY_TYPE","modelName":"NewYardModel"},"interaction":{"idSuffix":"inner"}},"clearTextFirst":true,"interactionType":"ENTER_TEXT"}]}
COMMAND: POST /session/21ce62c4ecbe6d238b640e15c86407e3/execute/async - {"script":"<script> [1562 bytes]","args":[{"selector":{"controlType":"sap.m.Input","viewName":"etm.portal.ui.manageyards.view.New","viewId":"application-manageyards-display-component---NewYard","bindingPath":{"path":"","propertyPath":"/AUART","modelName":"NewYardModel"},"interaction":{"idSuffix":"inner"}},"wdio_ui5_key":"etmportal.ui.manageyards.view.Newsap.m.Input{\"path\":\"\",\"propertyPath\":\"/AUART\",\"modelName\":\"NewYardModel\"}"}]}
RESULT: {"script":"<script> [1562 bytes]","args":[{"selector":{"controlType":"sap.m.Input","viewName":"etm.portal.ui.manageyards.view.New","viewId":"application-manageyards-display-component---NewYard","bindingPath":{"path":"","propertyPath":"/AUART","modelName":"NewYardModel"},"interaction":{"idSuffix":"inner"}},"wdio_ui5_key":"etmportal.ui.manageyards.view.Newsap.m.Input{\"path\":\"\",\"propertyPath\":\"/AUART\",\"modelName\":\"NewYardModel\"}"}]}
RESULT: undefined
COMMAND: POST /session/21ce62c4ecbe6d238b640e15c86407e3/execute/async - {"script":"<script> [776 bytes]","args":[{"enterText":"TA","selector":{"controlType":"sap.m.Input","viewName":"etm.portal.ui.manageyards.view.New","viewId":"application-manageyards-display-component---NewYard","bindingPath":{"path":"","propertyPath":"/AUART","modelName":"NewYardModel"},"interaction":{"idSuffix":"inner"}},"clearTextFirst":true,"interactionType":"ENTER_TEXT"}]}
RESULT: {"script":"<script> [776 bytes]","args":[{"enterText":"TA","selector":{"controlType":"sap.m.Input","viewName":"etm.portal.ui.manageyards.view.New","viewId":"application-manageyards-display-component---NewYard","bindingPath":{"path":"","propertyPath":"/AUART","modelName":"NewYardModel"},"interaction":{"idSuffix":"inner"}},"clearTextFirst":true,"interactionType":"ENTER_TEXT"}]}
COMMAND: POST /session/21ce62c4ecbe6d238b640e15c86407e3/execute/async - {"script":"<script> [1562 bytes]","args":[{"selector":{"id":"application-manageyards-display-component---NewYard--whmCheckBox","interaction":{"idSuffix":"CbBg"}},"wdio_ui5_key":"applicationmanageyards-display-component---NewYard--whmCheckBox"}]}
RESULT: {"script":"<script> [1562 bytes]","args":[{"selector":{"id":"application-manageyards-display-component---NewYard--whmCheckBox","interaction":{"idSuffix":"CbBg"}},"wdio_ui5_key":"applicationmanageyards-display-component---NewYard--whmCheckBox"}]}
RESULT: undefined
COMMAND: POST /session/21ce62c4ecbe6d238b640e15c86407e3/element - {"using":"xpath","value":"//*[@id=\"application-manageyards-display-component---NewYard--whmCheckBox\"]"}
RESULT: {"using":"xpath","value":"//*[@id=\"application-manageyards-display-component---NewYard--whmCheckBox\"]"}
COMMAND: POST /session/21ce62c4ecbe6d238b640e15c86407e3/element/f.93D217436D6DD50F1CAF1D433A497FC6.d.84DD0BD39732C42D3CD81985E22D7FF3.e.782/click - {}
RESULT: {}
COMMAND: GET /session/21ce62c4ecbe6d238b640e15c86407e3/screenshot - {}
RESULT: {}
COMMAND: POST /session/21ce62c4ecbe6d238b640e15c86407e3/element - {"using":"xpath","value":"//button[@data-kt=\"newYardSaveButton\"]"}
RESULT: {"using":"xpath","value":"//button[@data-kt=\"newYardSaveButton\"]"}
COMMAND: POST /session/21ce62c4ecbe6d238b640e15c86407e3/element/f.93D217436D6DD50F1CAF1D433A497FC6.d.84DD0BD39732C42D3CD81985E22D7FF3.e.689/click - {}
RESULT: {}
COMMAND: GET /session/21ce62c4ecbe6d238b640e15c86407e3/screenshot - {}
RESULT: {}
COMMAND: POST /session/21ce62c4ecbe6d238b640e15c86407e3/element - {"using":"xpath","value":"//header[contains(@id, 'ObjectPageLayout-headerTitle')]/div[1]/div[2]/div[1]/span[1]"}
RESULT: {"using":"xpath","value":"//header[contains(@id, 'ObjectPageLayout-headerTitle')]/div[1]/div[2]/div[1]/span[1]"}
COMMAND: POST /session/21ce62c4ecbe6d238b640e15c86407e3/elements - {"using":"xpath","value":"//header[contains(@id, 'ObjectPageLayout-headerTitle')]/div[1]/div[2]/div[1]/span[1]"}
RESULT: {"using":"xpath","value":"//header[contains(@id, 'ObjectPageLayout-headerTitle')]/div[1]/div[2]/div[1]/span[1]"}
COMMAND: POST /session/21ce62c4ecbe6d238b640e15c86407e3/execute/sync - {"script":"<script> [56 bytes]","args":[{"element-6066-11e4-a52e-4f735466cecf":"f.93D217436D6DD50F1CAF1D433A497FC6.d.84DD0BD39732C42D3CD81985E22D7FF3.e.979","ELEMENT":"f.93D217436D6DD50F1CAF1D433A497FC6.d.84DD0BD39732C42D3CD81985E22D7FF3.e.979"}]}
RESULT: {"script":"<script> [56 bytes]","args":[{"element-6066-11e4-a52e-4f735466cecf":"f.93D217436D6DD50F1CAF1D433A497FC6.d.84DD0BD39732C42D3CD81985E22D7FF3.e.979","ELEMENT":"f.93D217436D6DD50F1CAF1D433A497FC6.d.84DD0BD39732C42D3CD81985E22D7FF3.e.979"}]}
COMMAND: GET /session/21ce62c4ecbe6d238b640e15c86407e3/screenshot - {}
RESULT: {}
COMMAND: POST /session/21ce62c4ecbe6d238b640e15c86407e3/element - {"using":"css selector","value":"#shell-header-logo"}
RESULT: {"using":"css selector","value":"#shell-header-logo"}
COMMAND: POST /session/21ce62c4ecbe6d238b640e15c86407e3/element/f.93D217436D6DD50F1CAF1D433A497FC6.d.84DD0BD39732C42D3CD81985E22D7FF3.e.251/click - {}
RESULT: {}
COMMAND: GET /session/21ce62c4ecbe6d238b640e15c86407e3/screenshot - {}
RESULT: {}
COMMAND: POST /session/21ce62c4ecbe6d238b640e15c86407e3/execute/sync - {"script":"<script> [299 bytes]","args":[["getModel","getResource"]]}
RESULT: {"script":"<script> [299 bytes]","args":[["getModel","getResource"]]}
]]></system-out>
    </testcase>
    <testcase classname="chrome.136_0_7103_93.windows.Stock_increase_-_with_WHM_US125587" name="Should create a new external WHM partner" time="114.806">
      <system-out><![CDATA[
COMMAND: GET /session/21ce62c4ecbe6d238b640e15c86407e3/screenshot - {}
COMMAND: POST /session/21ce62c4ecbe6d238b640e15c86407e3/window/fullscreen - {}
RESULT: {}
RESULT: {}
COMMAND: POST /session/21ce62c4ecbe6d238b640e15c86407e3/execute/async - {"script":"<script> [1562 bytes]","args":[{"selector":{"controlType":"sap.m.GenericTile","properties":{"header":"Manage Partners"}},"wdio_ui5_key":"sapm.GenericTile{\"header\":\"Manage Partners\"}"}]}
RESULT: {"script":"<script> [1562 bytes]","args":[{"selector":{"controlType":"sap.m.GenericTile","properties":{"header":"Manage Partners"}},"wdio_ui5_key":"sapm.GenericTile{\"header\":\"Manage Partners\"}"}]}
RESULT: undefined
COMMAND: POST /session/21ce62c4ecbe6d238b640e15c86407e3/element - {"using":"xpath","value":"//*[@id=\"__tile38\"]"}
RESULT: {"using":"xpath","value":"//*[@id=\"__tile38\"]"}
COMMAND: POST /session/21ce62c4ecbe6d238b640e15c86407e3/element/f.93D217436D6DD50F1CAF1D433A497FC6.d.84DD0BD39732C42D3CD81985E22D7FF3.e.134/click - {}
RESULT: {}
COMMAND: GET /session/21ce62c4ecbe6d238b640e15c86407e3/screenshot - {}
RESULT: {}
COMMAND: POST /session/21ce62c4ecbe6d238b640e15c86407e3/elements - {"using":"xpath","value":"//span[text()='Error']"}
RESULT: {"using":"xpath","value":"//span[text()='Error']"}
COMMAND: POST /session/21ce62c4ecbe6d238b640e15c86407e3/element - {"using":"xpath","value":"//button[@data-kt=\"addButton\"]"}
RESULT: {"using":"xpath","value":"//button[@data-kt=\"addButton\"]"}
COMMAND: POST /session/21ce62c4ecbe6d238b640e15c86407e3/elements - {"using":"xpath","value":"//button[@data-kt=\"addButton\"]"}
RESULT: {"using":"xpath","value":"//button[@data-kt=\"addButton\"]"}
COMMAND: POST /session/21ce62c4ecbe6d238b640e15c86407e3/elements - {"using":"xpath","value":"//button[@data-kt=\"addButton\"]"}
RESULT: {"using":"xpath","value":"//button[@data-kt=\"addButton\"]"}
COMMAND: POST /session/21ce62c4ecbe6d238b640e15c86407e3/elements - {"using":"xpath","value":"//button[@data-kt=\"addButton\"]"}
RESULT: {"using":"xpath","value":"//button[@data-kt=\"addButton\"]"}
COMMAND: POST /session/21ce62c4ecbe6d238b640e15c86407e3/elements - {"using":"xpath","value":"//button[@data-kt=\"addButton\"]"}
RESULT: {"using":"xpath","value":"//button[@data-kt=\"addButton\"]"}
COMMAND: POST /session/21ce62c4ecbe6d238b640e15c86407e3/elements - {"using":"xpath","value":"//button[@data-kt=\"addButton\"]"}
RESULT: {"using":"xpath","value":"//button[@data-kt=\"addButton\"]"}
COMMAND: POST /session/21ce62c4ecbe6d238b640e15c86407e3/element - {"using":"xpath","value":"//button[@data-kt=\"addButton\"]"}
RESULT: {"using":"xpath","value":"//button[@data-kt=\"addButton\"]"}
COMMAND: POST /session/21ce62c4ecbe6d238b640e15c86407e3/execute/sync - {"script":"<script> [8489 bytes]","args":[{"element-6066-11e4-a52e-4f735466cecf":"f.93D217436D6DD50F1CAF1D433A497FC6.d.84DD0BD39732C42D3CD81985E22D7FF3.e.1029","ELEMENT":"f.93D217436D6DD50F1CAF1D433A497FC6.d.84DD0BD39732C42D3CD81985E22D7FF3.e.1029"}]}
RESULT: {"script":"<script> [8489 bytes]","args":[{"element-6066-11e4-a52e-4f735466cecf":"f.93D217436D6DD50F1CAF1D433A497FC6.d.84DD0BD39732C42D3CD81985E22D7FF3.e.1029","ELEMENT":"f.93D217436D6DD50F1CAF1D433A497FC6.d.84DD0BD39732C42D3CD81985E22D7FF3.e.1029"}]}
COMMAND: GET /session/21ce62c4ecbe6d238b640e15c86407e3/element/f.93D217436D6DD50F1CAF1D433A497FC6.d.84DD0BD39732C42D3CD81985E22D7FF3.e.1029/enabled - {}
COMMAND: GET /session/21ce62c4ecbe6d238b640e15c86407e3/screenshot - {}
RESULT: {}
RESULT: {}
COMMAND: POST /session/21ce62c4ecbe6d238b640e15c86407e3/execute/sync - {"script":"<script> [8489 bytes]","args":[{"element-6066-11e4-a52e-4f735466cecf":"f.93D217436D6DD50F1CAF1D433A497FC6.d.84DD0BD39732C42D3CD81985E22D7FF3.e.1029","ELEMENT":"f.93D217436D6DD50F1CAF1D433A497FC6.d.84DD0BD39732C42D3CD81985E22D7FF3.e.1029"}]}
COMMAND: GET /session/21ce62c4ecbe6d238b640e15c86407e3/screenshot - {}
RESULT: {"script":"<script> [8489 bytes]","args":[{"element-6066-11e4-a52e-4f735466cecf":"f.93D217436D6DD50F1CAF1D433A497FC6.d.84DD0BD39732C42D3CD81985E22D7FF3.e.1029","ELEMENT":"f.93D217436D6DD50F1CAF1D433A497FC6.d.84DD0BD39732C42D3CD81985E22D7FF3.e.1029"}]}
COMMAND: POST /session/21ce62c4ecbe6d238b640e15c86407e3/execute/sync - {"script":"<script> [5351 bytes]","args":[{"element-6066-11e4-a52e-4f735466cecf":"f.93D217436D6DD50F1CAF1D433A497FC6.d.84DD0BD39732C42D3CD81985E22D7FF3.e.1029","ELEMENT":"f.93D217436D6DD50F1CAF1D433A497FC6.d.84DD0BD39732C42D3CD81985E22D7FF3.e.1029"}]}
COMMAND: GET /session/21ce62c4ecbe6d238b640e15c86407e3/screenshot - {}
RESULT: {}
RESULT: {"script":"<script> [5351 bytes]","args":[{"element-6066-11e4-a52e-4f735466cecf":"f.93D217436D6DD50F1CAF1D433A497FC6.d.84DD0BD39732C42D3CD81985E22D7FF3.e.1029","ELEMENT":"f.93D217436D6DD50F1CAF1D433A497FC6.d.84DD0BD39732C42D3CD81985E22D7FF3.e.1029"}]}
COMMAND: POST /session/21ce62c4ecbe6d238b640e15c86407e3/element/f.93D217436D6DD50F1CAF1D433A497FC6.d.84DD0BD39732C42D3CD81985E22D7FF3.e.1029/click - {}
COMMAND: GET /session/21ce62c4ecbe6d238b640e15c86407e3/screenshot - {}
RESULT: {}
RESULT: {}
COMMAND: GET /session/21ce62c4ecbe6d238b640e15c86407e3/screenshot - {}
COMMAND: POST /session/21ce62c4ecbe6d238b640e15c86407e3/execute/async - {"script":"<script> [1562 bytes]","args":[{"selector":{"id":"application-managepartners-display-component---NewPartner--addressDetailDetailsName1","interaction":{"idSuffix":"inner"}},"wdio_ui5_key":"applicationmanagepartners-display-component---NewPartner--addressDetailDetailsName1"}]}
RESULT: {}
RESULT: {}
RESULT: {"script":"<script> [1562 bytes]","args":[{"selector":{"id":"application-managepartners-display-component---NewPartner--addressDetailDetailsName1","interaction":{"idSuffix":"inner"}},"wdio_ui5_key":"applicationmanagepartners-display-component---NewPartner--addressDetailDetailsName1"}]}
RESULT: undefined
COMMAND: POST /session/21ce62c4ecbe6d238b640e15c86407e3/execute/async - {"script":"<script> [776 bytes]","args":[{"enterText":"External Partner WDIO","selector":{"id":"application-managepartners-display-component---NewPartner--addressDetailDetailsName1","interaction":{"idSuffix":"inner"}},"clearTextFirst":true,"interactionType":"ENTER_TEXT"}]}
RESULT: {"script":"<script> [776 bytes]","args":[{"enterText":"External Partner WDIO","selector":{"id":"application-managepartners-display-component---NewPartner--addressDetailDetailsName1","interaction":{"idSuffix":"inner"}},"clearTextFirst":true,"interactionType":"ENTER_TEXT"}]}
COMMAND: POST /session/21ce62c4ecbe6d238b640e15c86407e3/execute/async - {"script":"<script> [1562 bytes]","args":[{"selector":{"id":"application-managepartners-display-component---NewPartner--addressDetailDetailsLanguage-arrow"},"wdio_ui5_key":"applicationmanagepartners-display-component---NewPartner--addressDetailDetailsLanguage-arrow"}]}
RESULT: {"script":"<script> [1562 bytes]","args":[{"selector":{"id":"application-managepartners-display-component---NewPartner--addressDetailDetailsLanguage-arrow"},"wdio_ui5_key":"applicationmanagepartners-display-component---NewPartner--addressDetailDetailsLanguage-arrow"}]}
RESULT: undefined
COMMAND: POST /session/21ce62c4ecbe6d238b640e15c86407e3/element - {"using":"xpath","value":"//*[@id=\"application-managepartners-display-component---NewPartner--addressDetailDetailsLanguage-arrow\"]"}
RESULT: {"using":"xpath","value":"//*[@id=\"application-managepartners-display-component---NewPartner--addressDetailDetailsLanguage-arrow\"]"}
COMMAND: POST /session/21ce62c4ecbe6d238b640e15c86407e3/element/f.93D217436D6DD50F1CAF1D433A497FC6.d.84DD0BD39732C42D3CD81985E22D7FF3.e.1471/click - {}
RESULT: {}
COMMAND: POST /session/21ce62c4ecbe6d238b640e15c86407e3/element - {"using":"xpath","value":"//span[contains(text(), \"English\")]"}
COMMAND: GET /session/21ce62c4ecbe6d238b640e15c86407e3/screenshot - {}
RESULT: {"using":"xpath","value":"//span[contains(text(), \"English\")]"}
COMMAND: POST /session/21ce62c4ecbe6d238b640e15c86407e3/element/f.93D217436D6DD50F1CAF1D433A497FC6.d.84DD0BD39732C42D3CD81985E22D7FF3.e.1472/click - {}
RESULT: {}
RESULT: {}
COMMAND: GET /session/21ce62c4ecbe6d238b640e15c86407e3/screenshot - {}
RESULT: {}
COMMAND: POST /session/21ce62c4ecbe6d238b640e15c86407e3/execute/async - {"script":"<script> [1562 bytes]","args":[{"selector":{"id":"application-managepartners-display-component---NewPartner--addressDetailDetailsCity1","interaction":{"idSuffix":"inner"}},"wdio_ui5_key":"applicationmanagepartners-display-component---NewPartner--addressDetailDetailsCity1"}]}
RESULT: {"script":"<script> [1562 bytes]","args":[{"selector":{"id":"application-managepartners-display-component---NewPartner--addressDetailDetailsCity1","interaction":{"idSuffix":"inner"}},"wdio_ui5_key":"applicationmanagepartners-display-component---NewPartner--addressDetailDetailsCity1"}]}
RESULT: undefined
COMMAND: POST /session/21ce62c4ecbe6d238b640e15c86407e3/execute/async - {"script":"<script> [776 bytes]","args":[{"enterText":"Rosario","selector":{"id":"application-managepartners-display-component---NewPartner--addressDetailDetailsCity1","interaction":{"idSuffix":"inner"}},"clearTextFirst":true,"interactionType":"ENTER_TEXT"}]}
RESULT: {"script":"<script> [776 bytes]","args":[{"enterText":"Rosario","selector":{"id":"application-managepartners-display-component---NewPartner--addressDetailDetailsCity1","interaction":{"idSuffix":"inner"}},"clearTextFirst":true,"interactionType":"ENTER_TEXT"}]}
COMMAND: POST /session/21ce62c4ecbe6d238b640e15c86407e3/execute/async - {"script":"<script> [1562 bytes]","args":[{"selector":{"id":"application-managepartners-display-component---NewPartner--addressDetailDetailsCountry-arrow"},"wdio_ui5_key":"applicationmanagepartners-display-component---NewPartner--addressDetailDetailsCountry-arrow"}]}
RESULT: {"script":"<script> [1562 bytes]","args":[{"selector":{"id":"application-managepartners-display-component---NewPartner--addressDetailDetailsCountry-arrow"},"wdio_ui5_key":"applicationmanagepartners-display-component---NewPartner--addressDetailDetailsCountry-arrow"}]}
RESULT: undefined
COMMAND: POST /session/21ce62c4ecbe6d238b640e15c86407e3/element - {"using":"xpath","value":"//*[@id=\"application-managepartners-display-component---NewPartner--addressDetailDetailsCountry-arrow\"]"}
RESULT: {"using":"xpath","value":"//*[@id=\"application-managepartners-display-component---NewPartner--addressDetailDetailsCountry-arrow\"]"}
COMMAND: POST /session/21ce62c4ecbe6d238b640e15c86407e3/element/f.93D217436D6DD50F1CAF1D433A497FC6.d.84DD0BD39732C42D3CD81985E22D7FF3.e.1447/click - {}
RESULT: {}
COMMAND: POST /session/21ce62c4ecbe6d238b640e15c86407e3/element - {"using":"xpath","value":"//span[contains(text(), \"Argentina\")]"}
COMMAND: GET /session/21ce62c4ecbe6d238b640e15c86407e3/screenshot - {}
RESULT: {"using":"xpath","value":"//span[contains(text(), \"Argentina\")]"}
COMMAND: POST /session/21ce62c4ecbe6d238b640e15c86407e3/element/f.93D217436D6DD50F1CAF1D433A497FC6.d.84DD0BD39732C42D3CD81985E22D7FF3.e.1474/click - {}
RESULT: {}
RESULT: {}
COMMAND: GET /session/21ce62c4ecbe6d238b640e15c86407e3/screenshot - {}
RESULT: {}
COMMAND: POST /session/21ce62c4ecbe6d238b640e15c86407e3/element - {"using":"xpath","value":"//bdi[contains(text(), \"Commercial\")]"}
RESULT: {"using":"xpath","value":"//bdi[contains(text(), \"Commercial\")]"}
COMMAND: POST /session/21ce62c4ecbe6d238b640e15c86407e3/element/f.93D217436D6DD50F1CAF1D433A497FC6.d.84DD0BD39732C42D3CD81985E22D7FF3.e.1475/click - {}
RESULT: {}
COMMAND: GET /session/21ce62c4ecbe6d238b640e15c86407e3/screenshot - {}
RESULT: {}
COMMAND: POST /session/21ce62c4ecbe6d238b640e15c86407e3/execute/async - {"script":"<script> [1562 bytes]","args":[{"selector":{"id":"application-managepartners-display-component---NewPartner--partnerDetailInternal-arrow"},"wdio_ui5_key":"applicationmanagepartners-display-component---NewPartner--partnerDetailInternal-arrow"}]}
RESULT: {"script":"<script> [1562 bytes]","args":[{"selector":{"id":"application-managepartners-display-component---NewPartner--partnerDetailInternal-arrow"},"wdio_ui5_key":"applicationmanagepartners-display-component---NewPartner--partnerDetailInternal-arrow"}]}
RESULT: undefined
COMMAND: POST /session/21ce62c4ecbe6d238b640e15c86407e3/element - {"using":"xpath","value":"//*[@id=\"application-managepartners-display-component---NewPartner--partnerDetailInternal-arrow\"]"}
RESULT: {"using":"xpath","value":"//*[@id=\"application-managepartners-display-component---NewPartner--partnerDetailInternal-arrow\"]"}
COMMAND: POST /session/21ce62c4ecbe6d238b640e15c86407e3/element/f.93D217436D6DD50F1CAF1D433A497FC6.d.84DD0BD39732C42D3CD81985E22D7FF3.e.1483/click - {}
RESULT: {}
COMMAND: POST /session/21ce62c4ecbe6d238b640e15c86407e3/element - {"using":"xpath","value":"//span[contains(text(), \"External partner\")]"}
COMMAND: GET /session/21ce62c4ecbe6d238b640e15c86407e3/screenshot - {}
RESULT: {"using":"xpath","value":"//span[contains(text(), \"External partner\")]"}
COMMAND: POST /session/21ce62c4ecbe6d238b640e15c86407e3/element/f.93D217436D6DD50F1CAF1D433A497FC6.d.84DD0BD39732C42D3CD81985E22D7FF3.e.1484/click - {}
RESULT: {}
RESULT: {}
COMMAND: POST /session/21ce62c4ecbe6d238b640e15c86407e3/execute/async - {"script":"<script> [1562 bytes]","args":[{"selector":{"id":"application-managepartners-display-component---NewPartner--partnerDetailsCurrency-arrow"},"wdio_ui5_key":"applicationmanagepartners-display-component---NewPartner--partnerDetailsCurrency-arrow"}]}
COMMAND: GET /session/21ce62c4ecbe6d238b640e15c86407e3/screenshot - {}
RESULT: {"script":"<script> [1562 bytes]","args":[{"selector":{"id":"application-managepartners-display-component---NewPartner--partnerDetailsCurrency-arrow"},"wdio_ui5_key":"applicationmanagepartners-display-component---NewPartner--partnerDetailsCurrency-arrow"}]}
RESULT: undefined
COMMAND: POST /session/21ce62c4ecbe6d238b640e15c86407e3/element - {"using":"xpath","value":"//*[@id=\"application-managepartners-display-component---NewPartner--partnerDetailsCurrency-arrow\"]"}
RESULT: {}
RESULT: {"using":"xpath","value":"//*[@id=\"application-managepartners-display-component---NewPartner--partnerDetailsCurrency-arrow\"]"}
COMMAND: POST /session/21ce62c4ecbe6d238b640e15c86407e3/element/f.93D217436D6DD50F1CAF1D433A497FC6.d.84DD0BD39732C42D3CD81985E22D7FF3.e.1489/click - {}
RESULT: {}
COMMAND: POST /session/21ce62c4ecbe6d238b640e15c86407e3/element - {"using":"xpath","value":"//span[contains(text(), \"US Dollar\")]"}
COMMAND: GET /session/21ce62c4ecbe6d238b640e15c86407e3/screenshot - {}
RESULT: {"using":"xpath","value":"//span[contains(text(), \"US Dollar\")]"}
COMMAND: POST /session/21ce62c4ecbe6d238b640e15c86407e3/element/f.93D217436D6DD50F1CAF1D433A497FC6.d.84DD0BD39732C42D3CD81985E22D7FF3.e.1490/click - {}
RESULT: {}
RESULT: {}
COMMAND: GET /session/21ce62c4ecbe6d238b640e15c86407e3/screenshot - {}
RESULT: {}
COMMAND: POST /session/21ce62c4ecbe6d238b640e15c86407e3/element - {"using":"xpath","value":"//input[@id=\"application-managepartners-display-component---NewPartner--companyCodeComboBox-inner\"]"}
RESULT: {"using":"xpath","value":"//input[@id=\"application-managepartners-display-component---NewPartner--companyCodeComboBox-inner\"]"}
COMMAND: POST /session/21ce62c4ecbe6d238b640e15c86407e3/element/f.93D217436D6DD50F1CAF1D433A497FC6.d.84DD0BD39732C42D3CD81985E22D7FF3.e.1423/clear - {}
RESULT: {}
COMMAND: POST /session/21ce62c4ecbe6d238b640e15c86407e3/element/f.93D217436D6DD50F1CAF1D433A497FC6.d.84DD0BD39732C42D3CD81985E22D7FF3.e.1423/value - {"text":"C002"}
COMMAND: GET /session/21ce62c4ecbe6d238b640e15c86407e3/screenshot - {}
RESULT: {"text":"C002"}
COMMAND: GET /session/21ce62c4ecbe6d238b640e15c86407e3/screenshot - {}
RESULT: {}
RESULT: {}
COMMAND: POST /session/21ce62c4ecbe6d238b640e15c86407e3/element - {"using":"xpath","value":"//li[.//span[text()= \"C002\"]]"}
RESULT: {"using":"xpath","value":"//li[.//span[text()= \"C002\"]]"}
COMMAND: POST /session/21ce62c4ecbe6d238b640e15c86407e3/element/f.93D217436D6DD50F1CAF1D433A497FC6.d.84DD0BD39732C42D3CD81985E22D7FF3.e.1494/click - {}
RESULT: {}
COMMAND: GET /session/21ce62c4ecbe6d238b640e15c86407e3/screenshot - {}
RESULT: {}
COMMAND: POST /session/21ce62c4ecbe6d238b640e15c86407e3/execute/async - {"script":"<script> [1562 bytes]","args":[{"selector":{"controlType":"sap.ui.core.Icon","viewName":"etm.portal.ui.managepartners.view.NewPartner","viewId":"application-managepartners-display-component---NewPartner","properties":{"src":{"regex":{"source":"slim\\-arrow\\-down"}}},"ancestor":{"controlType":"sap.m.ComboBox","viewName":"etm.portal.ui.managepartners.view.NewPartner","viewId":"application-managepartners-display-component---NewPartner","bindingPath":{"path":"","propertyPath":"/CATALOG","modelName":"oNewPartnerModel"}}},"wdio_ui5_key":"etmportal.ui.managepartners.view.NewPartnersap.ui.core.Icon{\"src\":{\"regex\":{\"source\":\"slim\\\\-arrow\\\\-down\"}}}{\"controlType\":\"sap.m.ComboBox\",\"viewName\":\"etm.portal.ui.managepartners.view.NewPartner\",\"viewId\":\"application-managepartners-display-component---NewPartner\",\"bindingPath\":{\"path\":\"\",\"propertyPath\":\"/CATALOG\",\"modelName\":\"oNewPartnerModel\"}}"}]}
RESULT: {"script":"<script> [1562 bytes]","args":[{"selector":{"controlType":"sap.ui.core.Icon","viewName":"etm.portal.ui.managepartners.view.NewPartner","viewId":"application-managepartners-display-component---NewPartner","properties":{"src":{"regex":{"source":"slim\\-arrow\\-down"}}},"ancestor":{"controlType":"sap.m.ComboBox","viewName":"etm.portal.ui.managepartners.view.NewPartner","viewId":"application-managepartners-display-component---NewPartner","bindingPath":{"path":"","propertyPath":"/CATALOG","modelName":"oNewPartnerModel"}}},"wdio_ui5_key":"etmportal.ui.managepartners.view.NewPartnersap.ui.core.Icon{\"src\":{\"regex\":{\"source\":\"slim\\\\-arrow\\\\-down\"}}}{\"controlType\":\"sap.m.ComboBox\",\"viewName\":\"etm.portal.ui.managepartners.view.NewPartner\",\"viewId\":\"application-managepartners-display-component---NewPartner\",\"bindingPath\":{\"path\":\"\",\"propertyPath\":\"/CATALOG\",\"modelName\":\"oNewPartnerModel\"}}"}]}
RESULT: undefined
COMMAND: POST /session/21ce62c4ecbe6d238b640e15c86407e3/element - {"using":"xpath","value":"//*[@id=\"__box22-arrow\"]"}
RESULT: {"using":"xpath","value":"//*[@id=\"__box22-arrow\"]"}
COMMAND: POST /session/21ce62c4ecbe6d238b640e15c86407e3/element/f.93D217436D6DD50F1CAF1D433A497FC6.d.84DD0BD39732C42D3CD81985E22D7FF3.e.1448/click - {}
RESULT: {}
COMMAND: GET /session/21ce62c4ecbe6d238b640e15c86407e3/screenshot - {}
RESULT: {}
COMMAND: POST /session/21ce62c4ecbe6d238b640e15c86407e3/element - {"using":"xpath","value":"//ul[contains(@id,\"popup-list-listUl\")]//li[.//span[text()= \"Webshop Catalog\"]]"}
RESULT: {"using":"xpath","value":"//ul[contains(@id,\"popup-list-listUl\")]//li[.//span[text()= \"Webshop Catalog\"]]"}
COMMAND: POST /session/21ce62c4ecbe6d238b640e15c86407e3/element/f.93D217436D6DD50F1CAF1D433A497FC6.d.84DD0BD39732C42D3CD81985E22D7FF3.e.1496/click - {}
RESULT: {}
COMMAND: GET /session/21ce62c4ecbe6d238b640e15c86407e3/screenshot - {}
RESULT: {}
COMMAND: POST /session/21ce62c4ecbe6d238b640e15c86407e3/execute/async - {"script":"<script> [1562 bytes]","args":[{"selector":{"id":"application-managepartners-display-component---NewPartner--btnAddTableRow-img"},"wdio_ui5_key":"applicationmanagepartners-display-component---NewPartner--btnAddTableRow-img"}]}
RESULT: {"script":"<script> [1562 bytes]","args":[{"selector":{"id":"application-managepartners-display-component---NewPartner--btnAddTableRow-img"},"wdio_ui5_key":"applicationmanagepartners-display-component---NewPartner--btnAddTableRow-img"}]}
RESULT: undefined
COMMAND: POST /session/21ce62c4ecbe6d238b640e15c86407e3/element - {"using":"xpath","value":"//*[@id=\"application-managepartners-display-component---NewPartner--btnAddTableRow-img\"]"}
RESULT: {"using":"xpath","value":"//*[@id=\"application-managepartners-display-component---NewPartner--btnAddTableRow-img\"]"}
COMMAND: POST /session/21ce62c4ecbe6d238b640e15c86407e3/element/f.93D217436D6DD50F1CAF1D433A497FC6.d.84DD0BD39732C42D3CD81985E22D7FF3.e.1497/click - {}
RESULT: {}
COMMAND: GET /session/21ce62c4ecbe6d238b640e15c86407e3/screenshot - {}
RESULT: {}
COMMAND: POST /session/21ce62c4ecbe6d238b640e15c86407e3/element - {"using":"xpath","value":"//input[@id=\"application-managepartners-display-component---NewPartner--assignmentYard-application-managepartners-display-component---NewPartner--assignmentsTable-0-inner\"]"}
RESULT: {"using":"xpath","value":"//input[@id=\"application-managepartners-display-component---NewPartner--assignmentYard-application-managepartners-display-component---NewPartner--assignmentsTable-0-inner\"]"}
COMMAND: POST /session/21ce62c4ecbe6d238b640e15c86407e3/element/f.93D217436D6DD50F1CAF1D433A497FC6.d.84DD0BD39732C42D3CD81985E22D7FF3.e.1500/clear - {}
RESULT: {}
COMMAND: POST /session/21ce62c4ecbe6d238b640e15c86407e3/element/f.93D217436D6DD50F1CAF1D433A497FC6.d.84DD0BD39732C42D3CD81985E22D7FF3.e.1500/value - {"text":"523"}
COMMAND: GET /session/21ce62c4ecbe6d238b640e15c86407e3/screenshot - {}
RESULT: {"text":"523"}
COMMAND: GET /session/21ce62c4ecbe6d238b640e15c86407e3/screenshot - {}
RESULT: {}
RESULT: {}
COMMAND: POST /session/21ce62c4ecbe6d238b640e15c86407e3/element - {"using":"xpath","value":"//li[.//span[text()='523']]"}
RESULT: {"using":"xpath","value":"//li[.//span[text()='523']]"}
COMMAND: POST /session/21ce62c4ecbe6d238b640e15c86407e3/element/f.93D217436D6DD50F1CAF1D433A497FC6.d.84DD0BD39732C42D3CD81985E22D7FF3.e.1508/click - {}
RESULT: {}
COMMAND: GET /session/21ce62c4ecbe6d238b640e15c86407e3/screenshot - {}
RESULT: {}
COMMAND: POST /session/21ce62c4ecbe6d238b640e15c86407e3/actions - {"actions":[{"id":"action2","type":"key","parameters":{},"actions":[{"type":"keyDown","value":""},{"type":"pause","duration":10},{"type":"keyUp","value":""}]}]}
RESULT: {"actions":[{"id":"action2","type":"key","parameters":{},"actions":[{"type":"keyDown","value":""},{"type":"pause","duration":10},{"type":"keyUp","value":""}]}]}
COMMAND: POST /session/21ce62c4ecbe6d238b640e15c86407e3/element - {"using":"xpath","value":"//td[contains(@id, \"assignmentsTable-0-cell2\")]/div/div"}
COMMAND: GET /session/21ce62c4ecbe6d238b640e15c86407e3/screenshot - {}
RESULT: {"using":"xpath","value":"//td[contains(@id, \"assignmentsTable-0-cell2\")]/div/div"}
COMMAND: POST /session/21ce62c4ecbe6d238b640e15c86407e3/element/f.93D217436D6DD50F1CAF1D433A497FC6.d.84DD0BD39732C42D3CD81985E22D7FF3.e.1511/click - {}
RESULT: {}
RESULT: {}
COMMAND: GET /session/21ce62c4ecbe6d238b640e15c86407e3/screenshot - {}
RESULT: {}
COMMAND: POST /session/21ce62c4ecbe6d238b640e15c86407e3/element - {"using":"xpath","value":"//button[@data-kt=\"saveButton\"]"}
RESULT: {"using":"xpath","value":"//button[@data-kt=\"saveButton\"]"}
COMMAND: POST /session/21ce62c4ecbe6d238b640e15c86407e3/element/f.93D217436D6DD50F1CAF1D433A497FC6.d.84DD0BD39732C42D3CD81985E22D7FF3.e.1449/click - {}
RESULT: {}
COMMAND: GET /session/21ce62c4ecbe6d238b640e15c86407e3/screenshot - {}
RESULT: {}
COMMAND: POST /session/21ce62c4ecbe6d238b640e15c86407e3/element - {"using":"xpath","value":"//header[contains(@id, 'ObjectPageLayout-headerTitle')]/div[1]/div[2]/div[2]/span[1]"}
RESULT: {"using":"xpath","value":"//header[contains(@id, 'ObjectPageLayout-headerTitle')]/div[1]/div[2]/div[2]/span[1]"}
COMMAND: POST /session/21ce62c4ecbe6d238b640e15c86407e3/elements - {"using":"xpath","value":"//header[contains(@id, 'ObjectPageLayout-headerTitle')]/div[1]/div[2]/div[2]/span[1]"}
RESULT: {"using":"xpath","value":"//header[contains(@id, 'ObjectPageLayout-headerTitle')]/div[1]/div[2]/div[2]/span[1]"}
COMMAND: POST /session/21ce62c4ecbe6d238b640e15c86407e3/execute/sync - {"script":"<script> [56 bytes]","args":[{"element-6066-11e4-a52e-4f735466cecf":"f.93D217436D6DD50F1CAF1D433A497FC6.d.84DD0BD39732C42D3CD81985E22D7FF3.e.1671","ELEMENT":"f.93D217436D6DD50F1CAF1D433A497FC6.d.84DD0BD39732C42D3CD81985E22D7FF3.e.1671"}]}
RESULT: {"script":"<script> [56 bytes]","args":[{"element-6066-11e4-a52e-4f735466cecf":"f.93D217436D6DD50F1CAF1D433A497FC6.d.84DD0BD39732C42D3CD81985E22D7FF3.e.1671","ELEMENT":"f.93D217436D6DD50F1CAF1D433A497FC6.d.84DD0BD39732C42D3CD81985E22D7FF3.e.1671"}]}
COMMAND: POST /session/21ce62c4ecbe6d238b640e15c86407e3/element - {"using":"css selector","value":"#shell-header-logo"}
COMMAND: GET /session/21ce62c4ecbe6d238b640e15c86407e3/screenshot - {}
RESULT: {"using":"css selector","value":"#shell-header-logo"}
COMMAND: POST /session/21ce62c4ecbe6d238b640e15c86407e3/element/f.93D217436D6DD50F1CAF1D433A497FC6.d.84DD0BD39732C42D3CD81985E22D7FF3.e.984/click - {}
RESULT: {}
RESULT: {}
COMMAND: GET /session/21ce62c4ecbe6d238b640e15c86407e3/screenshot - {}
RESULT: {}
COMMAND: POST /session/21ce62c4ecbe6d238b640e15c86407e3/execute/sync - {"script":"<script> [299 bytes]","args":[["getModel","getResource"]]}
RESULT: {"script":"<script> [299 bytes]","args":[["getModel","getResource"]]}
]]></system-out>
    </testcase>
    <testcase classname="chrome.136_0_7103_93.windows.Stock_increase_-_with_WHM_US125587" name="Should create a new WHM site" time="104.349">
      <system-out><![CDATA[
COMMAND: POST /session/21ce62c4ecbe6d238b640e15c86407e3/execute/async - {"script":"<script> [1562 bytes]","args":[{"selector":{"controlType":"sap.m.GenericTile","properties":{"header":"Manage Sites"}},"wdio_ui5_key":"sapm.GenericTile{\"header\":\"Manage Sites\"}"}]}
COMMAND: GET /session/21ce62c4ecbe6d238b640e15c86407e3/screenshot - {}
RESULT: {"script":"<script> [1562 bytes]","args":[{"selector":{"controlType":"sap.m.GenericTile","properties":{"header":"Manage Sites"}},"wdio_ui5_key":"sapm.GenericTile{\"header\":\"Manage Sites\"}"}]}
RESULT: undefined
COMMAND: POST /session/21ce62c4ecbe6d238b640e15c86407e3/element - {"using":"xpath","value":"//*[@id=\"__tile40\"]"}
RESULT: {}
RESULT: {"using":"xpath","value":"//*[@id=\"__tile40\"]"}
COMMAND: POST /session/21ce62c4ecbe6d238b640e15c86407e3/element/f.93D217436D6DD50F1CAF1D433A497FC6.d.84DD0BD39732C42D3CD81985E22D7FF3.e.140/click - {}
RESULT: {}
COMMAND: GET /session/21ce62c4ecbe6d238b640e15c86407e3/screenshot - {}
RESULT: {}
COMMAND: POST /session/21ce62c4ecbe6d238b640e15c86407e3/elements - {"using":"xpath","value":"//span[text()='Error']"}
RESULT: {"using":"xpath","value":"//span[text()='Error']"}
COMMAND: POST /session/21ce62c4ecbe6d238b640e15c86407e3/element - {"using":"xpath","value":"//button[@data-kt=\"addOverflowToolbarButton\"]"}
RESULT: {"using":"xpath","value":"//button[@data-kt=\"addOverflowToolbarButton\"]"}
COMMAND: POST /session/21ce62c4ecbe6d238b640e15c86407e3/elements - {"using":"xpath","value":"//button[@data-kt=\"addOverflowToolbarButton\"]"}
RESULT: {"using":"xpath","value":"//button[@data-kt=\"addOverflowToolbarButton\"]"}
COMMAND: POST /session/21ce62c4ecbe6d238b640e15c86407e3/execute/sync - {"script":"<script> [8489 bytes]","args":[{"element-6066-11e4-a52e-4f735466cecf":"f.93D217436D6DD50F1CAF1D433A497FC6.d.84DD0BD39732C42D3CD81985E22D7FF3.e.1718","ELEMENT":"f.93D217436D6DD50F1CAF1D433A497FC6.d.84DD0BD39732C42D3CD81985E22D7FF3.e.1718"}]}
RESULT: {"script":"<script> [8489 bytes]","args":[{"element-6066-11e4-a52e-4f735466cecf":"f.93D217436D6DD50F1CAF1D433A497FC6.d.84DD0BD39732C42D3CD81985E22D7FF3.e.1718","ELEMENT":"f.93D217436D6DD50F1CAF1D433A497FC6.d.84DD0BD39732C42D3CD81985E22D7FF3.e.1718"}]}
COMMAND: GET /session/21ce62c4ecbe6d238b640e15c86407e3/element/f.93D217436D6DD50F1CAF1D433A497FC6.d.84DD0BD39732C42D3CD81985E22D7FF3.e.1718/enabled - {}
COMMAND: GET /session/21ce62c4ecbe6d238b640e15c86407e3/screenshot - {}
RESULT: {}
RESULT: {}
COMMAND: POST /session/21ce62c4ecbe6d238b640e15c86407e3/execute/sync - {"script":"<script> [8489 bytes]","args":[{"element-6066-11e4-a52e-4f735466cecf":"f.93D217436D6DD50F1CAF1D433A497FC6.d.84DD0BD39732C42D3CD81985E22D7FF3.e.1718","ELEMENT":"f.93D217436D6DD50F1CAF1D433A497FC6.d.84DD0BD39732C42D3CD81985E22D7FF3.e.1718"}]}
COMMAND: GET /session/21ce62c4ecbe6d238b640e15c86407e3/screenshot - {}
RESULT: {"script":"<script> [8489 bytes]","args":[{"element-6066-11e4-a52e-4f735466cecf":"f.93D217436D6DD50F1CAF1D433A497FC6.d.84DD0BD39732C42D3CD81985E22D7FF3.e.1718","ELEMENT":"f.93D217436D6DD50F1CAF1D433A497FC6.d.84DD0BD39732C42D3CD81985E22D7FF3.e.1718"}]}
COMMAND: POST /session/21ce62c4ecbe6d238b640e15c86407e3/execute/sync - {"script":"<script> [5351 bytes]","args":[{"element-6066-11e4-a52e-4f735466cecf":"f.93D217436D6DD50F1CAF1D433A497FC6.d.84DD0BD39732C42D3CD81985E22D7FF3.e.1718","ELEMENT":"f.93D217436D6DD50F1CAF1D433A497FC6.d.84DD0BD39732C42D3CD81985E22D7FF3.e.1718"}]}
COMMAND: GET /session/21ce62c4ecbe6d238b640e15c86407e3/screenshot - {}
RESULT: {}
RESULT: {"script":"<script> [5351 bytes]","args":[{"element-6066-11e4-a52e-4f735466cecf":"f.93D217436D6DD50F1CAF1D433A497FC6.d.84DD0BD39732C42D3CD81985E22D7FF3.e.1718","ELEMENT":"f.93D217436D6DD50F1CAF1D433A497FC6.d.84DD0BD39732C42D3CD81985E22D7FF3.e.1718"}]}
COMMAND: POST /session/21ce62c4ecbe6d238b640e15c86407e3/element/f.93D217436D6DD50F1CAF1D433A497FC6.d.84DD0BD39732C42D3CD81985E22D7FF3.e.1718/click - {}
COMMAND: GET /session/21ce62c4ecbe6d238b640e15c86407e3/screenshot - {}
RESULT: {}
RESULT: {}
COMMAND: GET /session/21ce62c4ecbe6d238b640e15c86407e3/screenshot - {}
COMMAND: POST /session/21ce62c4ecbe6d238b640e15c86407e3/element - {"using":"xpath","value":"//input[@id=\"application-managesites-display-component---NewSite--siteId-inner\"]"}
RESULT: {}
RESULT: {}
RESULT: {"using":"xpath","value":"//input[@id=\"application-managesites-display-component---NewSite--siteId-inner\"]"}
COMMAND: POST /session/21ce62c4ecbe6d238b640e15c86407e3/element - {"using":"xpath","value":"//input[@id=\"application-managesites-display-component---NewSite--siteId-inner\"]"}
RESULT: {"using":"xpath","value":"//input[@id=\"application-managesites-display-component---NewSite--siteId-inner\"]"}
COMMAND: POST /session/21ce62c4ecbe6d238b640e15c86407e3/execute/async - {"script":"<script> [1562 bytes]","args":[{"selector":{"id":"application-managesites-display-component---NewSite--addressDetailDetailsName1","interaction":{"idSuffix":"inner"}},"wdio_ui5_key":"applicationmanagesites-display-component---NewSite--addressDetailDetailsName1"}]}
RESULT: {"script":"<script> [1562 bytes]","args":[{"selector":{"id":"application-managesites-display-component---NewSite--addressDetailDetailsName1","interaction":{"idSuffix":"inner"}},"wdio_ui5_key":"applicationmanagesites-display-component---NewSite--addressDetailDetailsName1"}]}
RESULT: undefined
COMMAND: POST /session/21ce62c4ecbe6d238b640e15c86407e3/execute/async - {"script":"<script> [776 bytes]","args":[{"enterText":"Warehouse Managed Site WDIO","selector":{"id":"application-managesites-display-component---NewSite--addressDetailDetailsName1","interaction":{"idSuffix":"inner"}},"clearTextFirst":true,"interactionType":"ENTER_TEXT"}]}
RESULT: {"script":"<script> [776 bytes]","args":[{"enterText":"Warehouse Managed Site WDIO","selector":{"id":"application-managesites-display-component---NewSite--addressDetailDetailsName1","interaction":{"idSuffix":"inner"}},"clearTextFirst":true,"interactionType":"ENTER_TEXT"}]}
COMMAND: POST /session/21ce62c4ecbe6d238b640e15c86407e3/execute/async - {"script":"<script> [1562 bytes]","args":[{"selector":{"id":"application-managesites-display-component---NewSite--addressDetailDetailsLanguage-arrow"},"wdio_ui5_key":"applicationmanagesites-display-component---NewSite--addressDetailDetailsLanguage-arrow"}]}
RESULT: {"script":"<script> [1562 bytes]","args":[{"selector":{"id":"application-managesites-display-component---NewSite--addressDetailDetailsLanguage-arrow"},"wdio_ui5_key":"applicationmanagesites-display-component---NewSite--addressDetailDetailsLanguage-arrow"}]}
RESULT: undefined
COMMAND: POST /session/21ce62c4ecbe6d238b640e15c86407e3/element - {"using":"xpath","value":"//*[@id=\"application-managesites-display-component---NewSite--addressDetailDetailsLanguage-arrow\"]"}
RESULT: {"using":"xpath","value":"//*[@id=\"application-managesites-display-component---NewSite--addressDetailDetailsLanguage-arrow\"]"}
COMMAND: POST /session/21ce62c4ecbe6d238b640e15c86407e3/element/f.93D217436D6DD50F1CAF1D433A497FC6.d.84DD0BD39732C42D3CD81985E22D7FF3.e.2133/click - {}
RESULT: {}
COMMAND: POST /session/21ce62c4ecbe6d238b640e15c86407e3/element - {"using":"xpath","value":"//span[contains(text(), \"English\")]"}
COMMAND: GET /session/21ce62c4ecbe6d238b640e15c86407e3/screenshot - {}
RESULT: {"using":"xpath","value":"//span[contains(text(), \"English\")]"}
COMMAND: POST /session/21ce62c4ecbe6d238b640e15c86407e3/element/f.93D217436D6DD50F1CAF1D433A497FC6.d.84DD0BD39732C42D3CD81985E22D7FF3.e.2134/click - {}
RESULT: {}
RESULT: {}
COMMAND: POST /session/21ce62c4ecbe6d238b640e15c86407e3/execute/async - {"script":"<script> [1562 bytes]","args":[{"selector":{"id":"application-managesites-display-component---NewSite--addressDetailDetailsCity1","interaction":{"idSuffix":"inner"}},"wdio_ui5_key":"applicationmanagesites-display-component---NewSite--addressDetailDetailsCity1"}]}
COMMAND: GET /session/21ce62c4ecbe6d238b640e15c86407e3/screenshot - {}
RESULT: {"script":"<script> [1562 bytes]","args":[{"selector":{"id":"application-managesites-display-component---NewSite--addressDetailDetailsCity1","interaction":{"idSuffix":"inner"}},"wdio_ui5_key":"applicationmanagesites-display-component---NewSite--addressDetailDetailsCity1"}]}
RESULT: undefined
COMMAND: POST /session/21ce62c4ecbe6d238b640e15c86407e3/execute/async - {"script":"<script> [776 bytes]","args":[{"enterText":"Rosario","selector":{"id":"application-managesites-display-component---NewSite--addressDetailDetailsCity1","interaction":{"idSuffix":"inner"}},"clearTextFirst":true,"interactionType":"ENTER_TEXT"}]}
RESULT: {}
RESULT: {"script":"<script> [776 bytes]","args":[{"enterText":"Rosario","selector":{"id":"application-managesites-display-component---NewSite--addressDetailDetailsCity1","interaction":{"idSuffix":"inner"}},"clearTextFirst":true,"interactionType":"ENTER_TEXT"}]}
COMMAND: POST /session/21ce62c4ecbe6d238b640e15c86407e3/execute/async - {"script":"<script> [1562 bytes]","args":[{"selector":{"id":"application-managesites-display-component---NewSite--addressDetailDetailsCountry-arrow"},"wdio_ui5_key":"applicationmanagesites-display-component---NewSite--addressDetailDetailsCountry-arrow"}]}
RESULT: {"script":"<script> [1562 bytes]","args":[{"selector":{"id":"application-managesites-display-component---NewSite--addressDetailDetailsCountry-arrow"},"wdio_ui5_key":"applicationmanagesites-display-component---NewSite--addressDetailDetailsCountry-arrow"}]}
RESULT: undefined
COMMAND: POST /session/21ce62c4ecbe6d238b640e15c86407e3/element - {"using":"xpath","value":"//*[@id=\"application-managesites-display-component---NewSite--addressDetailDetailsCountry-arrow\"]"}
RESULT: {"using":"xpath","value":"//*[@id=\"application-managesites-display-component---NewSite--addressDetailDetailsCountry-arrow\"]"}
COMMAND: POST /session/21ce62c4ecbe6d238b640e15c86407e3/element/f.93D217436D6DD50F1CAF1D433A497FC6.d.84DD0BD39732C42D3CD81985E22D7FF3.e.2136/click - {}
RESULT: {}
COMMAND: POST /session/21ce62c4ecbe6d238b640e15c86407e3/element - {"using":"xpath","value":"//span[contains(text(), \"Argentina\")]"}
COMMAND: GET /session/21ce62c4ecbe6d238b640e15c86407e3/screenshot - {}
RESULT: {"using":"xpath","value":"//span[contains(text(), \"Argentina\")]"}
COMMAND: POST /session/21ce62c4ecbe6d238b640e15c86407e3/element/f.93D217436D6DD50F1CAF1D433A497FC6.d.84DD0BD39732C42D3CD81985E22D7FF3.e.2137/click - {}
RESULT: {}
RESULT: {}
COMMAND: GET /session/21ce62c4ecbe6d238b640e15c86407e3/screenshot - {}
RESULT: {}
COMMAND: POST /session/21ce62c4ecbe6d238b640e15c86407e3/execute/async - {"script":"<script> [1562 bytes]","args":[{"selector":{"id":"application-managesites-display-component---NewSite--addressEditDetailsCostObjectCstType-arrow"},"wdio_ui5_key":"applicationmanagesites-display-component---NewSite--addressEditDetailsCostObjectCstType-arrow"}]}
RESULT: {"script":"<script> [1562 bytes]","args":[{"selector":{"id":"application-managesites-display-component---NewSite--addressEditDetailsCostObjectCstType-arrow"},"wdio_ui5_key":"applicationmanagesites-display-component---NewSite--addressEditDetailsCostObjectCstType-arrow"}]}
RESULT: undefined
COMMAND: POST /session/21ce62c4ecbe6d238b640e15c86407e3/element - {"using":"xpath","value":"//*[@id=\"application-managesites-display-component---NewSite--addressEditDetailsCostObjectCstType-arrow\"]"}
RESULT: {"using":"xpath","value":"//*[@id=\"application-managesites-display-component---NewSite--addressEditDetailsCostObjectCstType-arrow\"]"}
COMMAND: POST /session/21ce62c4ecbe6d238b640e15c86407e3/element/f.93D217436D6DD50F1CAF1D433A497FC6.d.84DD0BD39732C42D3CD81985E22D7FF3.e.2139/click - {}
RESULT: {}
COMMAND: POST /session/21ce62c4ecbe6d238b640e15c86407e3/element - {"using":"xpath","value":"//span[contains(text(), \"Cost Center\")]"}
COMMAND: GET /session/21ce62c4ecbe6d238b640e15c86407e3/screenshot - {}
RESULT: {"using":"xpath","value":"//span[contains(text(), \"Cost Center\")]"}
COMMAND: POST /session/21ce62c4ecbe6d238b640e15c86407e3/element/f.93D217436D6DD50F1CAF1D433A497FC6.d.84DD0BD39732C42D3CD81985E22D7FF3.e.2140/click - {}
RESULT: {}
RESULT: {}
COMMAND: GET /session/21ce62c4ecbe6d238b640e15c86407e3/screenshot - {}
RESULT: {}
COMMAND: POST /session/21ce62c4ecbe6d238b640e15c86407e3/element - {"using":"xpath","value":"//span[@id=\"application-managesites-display-component---NewSite--addressNewCostObjectCstID-vhi\"]"}
RESULT: {"using":"xpath","value":"//span[@id=\"application-managesites-display-component---NewSite--addressNewCostObjectCstID-vhi\"]"}
COMMAND: POST /session/21ce62c4ecbe6d238b640e15c86407e3/execute/sync - {"script":"<script> [8489 bytes]","args":[{"element-6066-11e4-a52e-4f735466cecf":"f.93D217436D6DD50F1CAF1D433A497FC6.d.84DD0BD39732C42D3CD81985E22D7FF3.e.2145","ELEMENT":"f.93D217436D6DD50F1CAF1D433A497FC6.d.84DD0BD39732C42D3CD81985E22D7FF3.e.2145"}]}
RESULT: {"script":"<script> [8489 bytes]","args":[{"element-6066-11e4-a52e-4f735466cecf":"f.93D217436D6DD50F1CAF1D433A497FC6.d.84DD0BD39732C42D3CD81985E22D7FF3.e.2145","ELEMENT":"f.93D217436D6DD50F1CAF1D433A497FC6.d.84DD0BD39732C42D3CD81985E22D7FF3.e.2145"}]}
COMMAND: POST /session/21ce62c4ecbe6d238b640e15c86407e3/execute/async - {"script":"<script> [1562 bytes]","args":[{"selector":{"id":"application-managesites-display-component---NewSite--addressNewCostObjectCstID-vhi"},"wdio_ui5_key":"applicationmanagesites-display-component---NewSite--addressNewCostObjectCstID-vhi"}]}
COMMAND: GET /session/21ce62c4ecbe6d238b640e15c86407e3/screenshot - {}
RESULT: {"script":"<script> [1562 bytes]","args":[{"selector":{"id":"application-managesites-display-component---NewSite--addressNewCostObjectCstID-vhi"},"wdio_ui5_key":"applicationmanagesites-display-component---NewSite--addressNewCostObjectCstID-vhi"}]}
RESULT: undefined
COMMAND: POST /session/21ce62c4ecbe6d238b640e15c86407e3/element - {"using":"xpath","value":"//*[@id=\"application-managesites-display-component---NewSite--addressNewCostObjectCstID-vhi\"]"}
RESULT: {}
RESULT: {"using":"xpath","value":"//*[@id=\"application-managesites-display-component---NewSite--addressNewCostObjectCstID-vhi\"]"}
COMMAND: POST /session/21ce62c4ecbe6d238b640e15c86407e3/element/f.93D217436D6DD50F1CAF1D433A497FC6.d.84DD0BD39732C42D3CD81985E22D7FF3.e.2145/click - {}
RESULT: {}
COMMAND: GET /session/21ce62c4ecbe6d238b640e15c86407e3/screenshot - {}
RESULT: {}
RESULT: undefined
COMMAND: POST /session/21ce62c4ecbe6d238b640e15c86407e3/execute/async - {"script":"<script> [776 bytes]","args":[{"enterText":"10001013","selector":{"controlType":"sap.m.SearchField","properties":{"placeholder":"Search"},"searchOpenDialogs":true,"interaction":{"idSuffix":"I"}},"clearTextFirst":true,"interactionType":"ENTER_TEXT"}]}
RESULT: {"script":"<script> [776 bytes]","args":[{"enterText":"10001013","selector":{"controlType":"sap.m.SearchField","properties":{"placeholder":"Search"},"searchOpenDialogs":true,"interaction":{"idSuffix":"I"}},"clearTextFirst":true,"interactionType":"ENTER_TEXT"}]}
COMMAND: POST /session/21ce62c4ecbe6d238b640e15c86407e3/actions - {"actions":[{"id":"action3","type":"key","parameters":{},"actions":[{"type":"keyDown","value":""},{"type":"pause","duration":10},{"type":"keyUp","value":""}]}]}
RESULT: {"actions":[{"id":"action3","type":"key","parameters":{},"actions":[{"type":"keyDown","value":""},{"type":"pause","duration":10},{"type":"keyUp","value":""}]}]}
COMMAND: GET /session/21ce62c4ecbe6d238b640e15c86407e3/screenshot - {}
RESULT: {}
COMMAND: POST /session/21ce62c4ecbe6d238b640e15c86407e3/element - {"using":"xpath","value":"//span[contains(text(), \"General Management\")]"}
RESULT: {"using":"xpath","value":"//span[contains(text(), \"General Management\")]"}
COMMAND: POST /session/21ce62c4ecbe6d238b640e15c86407e3/element/f.93D217436D6DD50F1CAF1D433A497FC6.d.84DD0BD39732C42D3CD81985E22D7FF3.e.2185/click - {}
RESULT: {}
COMMAND: GET /session/21ce62c4ecbe6d238b640e15c86407e3/screenshot - {}
RESULT: {}
COMMAND: POST /session/21ce62c4ecbe6d238b640e15c86407e3/element - {"using":"xpath","value":"//bdi[contains(text(), \"OK\")]"}
RESULT: {"using":"xpath","value":"//bdi[contains(text(), \"OK\")]"}
COMMAND: POST /session/21ce62c4ecbe6d238b640e15c86407e3/element/f.93D217436D6DD50F1CAF1D433A497FC6.d.84DD0BD39732C42D3CD81985E22D7FF3.e.2186/click - {}
RESULT: {}
COMMAND: GET /session/21ce62c4ecbe6d238b640e15c86407e3/screenshot - {}
RESULT: {}
COMMAND: POST /session/21ce62c4ecbe6d238b640e15c86407e3/element - {"using":"xpath","value":"//input[@id=\"application-managesites-display-component---NewSite--addressDetailDetailsCalendar-inner\"]"}
RESULT: {"using":"xpath","value":"//input[@id=\"application-managesites-display-component---NewSite--addressDetailDetailsCalendar-inner\"]"}
COMMAND: POST /session/21ce62c4ecbe6d238b640e15c86407e3/element/f.93D217436D6DD50F1CAF1D433A497FC6.d.84DD0BD39732C42D3CD81985E22D7FF3.e.1927/clear - {}
RESULT: {}
COMMAND: POST /session/21ce62c4ecbe6d238b640e15c86407e3/element/f.93D217436D6DD50F1CAF1D433A497FC6.d.84DD0BD39732C42D3CD81985E22D7FF3.e.1927/value - {"text":"Unit"}
COMMAND: GET /session/21ce62c4ecbe6d238b640e15c86407e3/screenshot - {}
RESULT: {"text":"Unit"}
COMMAND: GET /session/21ce62c4ecbe6d238b640e15c86407e3/screenshot - {}
RESULT: {}
RESULT: {}
COMMAND: POST /session/21ce62c4ecbe6d238b640e15c86407e3/actions - {"actions":[{"id":"action4","type":"key","parameters":{},"actions":[{"type":"keyDown","value":""},{"type":"pause","duration":10},{"type":"keyUp","value":""}]}]}
RESULT: {"actions":[{"id":"action4","type":"key","parameters":{},"actions":[{"type":"keyDown","value":""},{"type":"pause","duration":10},{"type":"keyUp","value":""}]}]}
COMMAND: POST /session/21ce62c4ecbe6d238b640e15c86407e3/element - {"using":"xpath","value":"//input[@id=\"application-managesites-display-component---NewSite--addressDetailDetailsYard-inner\"]"}
COMMAND: GET /session/21ce62c4ecbe6d238b640e15c86407e3/screenshot - {}
RESULT: {"using":"xpath","value":"//input[@id=\"application-managesites-display-component---NewSite--addressDetailDetailsYard-inner\"]"}
COMMAND: POST /session/21ce62c4ecbe6d238b640e15c86407e3/element/f.93D217436D6DD50F1CAF1D433A497FC6.d.84DD0BD39732C42D3CD81985E22D7FF3.e.1928/clear - {}
RESULT: {}
RESULT: {}
COMMAND: POST /session/21ce62c4ecbe6d238b640e15c86407e3/element/f.93D217436D6DD50F1CAF1D433A497FC6.d.84DD0BD39732C42D3CD81985E22D7FF3.e.1928/value - {"text":"523"}
COMMAND: GET /session/21ce62c4ecbe6d238b640e15c86407e3/screenshot - {}
RESULT: {"text":"523"}
COMMAND: GET /session/21ce62c4ecbe6d238b640e15c86407e3/screenshot - {}
RESULT: {}
RESULT: {}
COMMAND: POST /session/21ce62c4ecbe6d238b640e15c86407e3/element - {"using":"xpath","value":"//li[.//span[text()='523']]"}
RESULT: {"using":"xpath","value":"//li[.//span[text()='523']]"}
COMMAND: POST /session/21ce62c4ecbe6d238b640e15c86407e3/element/f.93D217436D6DD50F1CAF1D433A497FC6.d.84DD0BD39732C42D3CD81985E22D7FF3.e.2194/click - {}
RESULT: {}
COMMAND: GET /session/21ce62c4ecbe6d238b640e15c86407e3/screenshot - {}
RESULT: {}
COMMAND: POST /session/21ce62c4ecbe6d238b640e15c86407e3/element - {"using":"xpath","value":"//input[@id=\"application-managesites-display-component---NewSite--addressDetailDetailsPartner-inner\"]"}
RESULT: {"using":"xpath","value":"//input[@id=\"application-managesites-display-component---NewSite--addressDetailDetailsPartner-inner\"]"}
COMMAND: POST /session/21ce62c4ecbe6d238b640e15c86407e3/element - {"using":"xpath","value":"//input[@id=\"application-managesites-display-component---NewSite--addressDetailDetailsPartner-inner\"]"}
RESULT: {"using":"xpath","value":"//input[@id=\"application-managesites-display-component---NewSite--addressDetailDetailsPartner-inner\"]"}
COMMAND: POST /session/21ce62c4ecbe6d238b640e15c86407e3/execute/async - {"script":"<script> [1562 bytes]","args":[{"selector":{"id":"application-managesites-display-component---NewSite--siteWhmCheckBox-label","interaction":{"idSuffix":"bdi"}},"wdio_ui5_key":"applicationmanagesites-display-component---NewSite--siteWhmCheckBox-label"}]}
RESULT: {"script":"<script> [1562 bytes]","args":[{"selector":{"id":"application-managesites-display-component---NewSite--siteWhmCheckBox-label","interaction":{"idSuffix":"bdi"}},"wdio_ui5_key":"applicationmanagesites-display-component---NewSite--siteWhmCheckBox-label"}]}
RESULT: undefined
COMMAND: POST /session/21ce62c4ecbe6d238b640e15c86407e3/element - {"using":"xpath","value":"//*[@id=\"application-managesites-display-component---NewSite--siteWhmCheckBox-label\"]"}
RESULT: {"using":"xpath","value":"//*[@id=\"application-managesites-display-component---NewSite--siteWhmCheckBox-label\"]"}
COMMAND: POST /session/21ce62c4ecbe6d238b640e15c86407e3/element/f.93D217436D6DD50F1CAF1D433A497FC6.d.84DD0BD39732C42D3CD81985E22D7FF3.e.2196/click - {}
RESULT: {}
COMMAND: GET /session/21ce62c4ecbe6d238b640e15c86407e3/screenshot - {}
RESULT: {}
COMMAND: POST /session/21ce62c4ecbe6d238b640e15c86407e3/element - {"using":"xpath","value":"//button[@data-kt=\"saveButton\"]"}
RESULT: {"using":"xpath","value":"//button[@data-kt=\"saveButton\"]"}
COMMAND: POST /session/21ce62c4ecbe6d238b640e15c86407e3/element/f.93D217436D6DD50F1CAF1D433A497FC6.d.84DD0BD39732C42D3CD81985E22D7FF3.e.2126/click - {}
RESULT: {}
COMMAND: GET /session/21ce62c4ecbe6d238b640e15c86407e3/screenshot - {}
RESULT: {}
COMMAND: POST /session/21ce62c4ecbe6d238b640e15c86407e3/element - {"using":"xpath","value":"//header[contains(@id, 'ObjectPageLayout-headerTitle')]/div[1]/div[2]/div[2]/span[1]"}
RESULT: {"using":"xpath","value":"//header[contains(@id, 'ObjectPageLayout-headerTitle')]/div[1]/div[2]/div[2]/span[1]"}
COMMAND: POST /session/21ce62c4ecbe6d238b640e15c86407e3/elements - {"using":"xpath","value":"//header[contains(@id, 'ObjectPageLayout-headerTitle')]/div[1]/div[2]/div[2]/span[1]"}
RESULT: {"using":"xpath","value":"//header[contains(@id, 'ObjectPageLayout-headerTitle')]/div[1]/div[2]/div[2]/span[1]"}
COMMAND: POST /session/21ce62c4ecbe6d238b640e15c86407e3/execute/sync - {"script":"<script> [56 bytes]","args":[{"element-6066-11e4-a52e-4f735466cecf":"f.93D217436D6DD50F1CAF1D433A497FC6.d.84DD0BD39732C42D3CD81985E22D7FF3.e.2399","ELEMENT":"f.93D217436D6DD50F1CAF1D433A497FC6.d.84DD0BD39732C42D3CD81985E22D7FF3.e.2399"}]}
RESULT: {"script":"<script> [56 bytes]","args":[{"element-6066-11e4-a52e-4f735466cecf":"f.93D217436D6DD50F1CAF1D433A497FC6.d.84DD0BD39732C42D3CD81985E22D7FF3.e.2399","ELEMENT":"f.93D217436D6DD50F1CAF1D433A497FC6.d.84DD0BD39732C42D3CD81985E22D7FF3.e.2399"}]}
COMMAND: POST /session/21ce62c4ecbe6d238b640e15c86407e3/element - {"using":"css selector","value":"#shell-header-logo"}
COMMAND: GET /session/21ce62c4ecbe6d238b640e15c86407e3/screenshot - {}
RESULT: {"using":"css selector","value":"#shell-header-logo"}
COMMAND: POST /session/21ce62c4ecbe6d238b640e15c86407e3/element/f.93D217436D6DD50F1CAF1D433A497FC6.d.84DD0BD39732C42D3CD81985E22D7FF3.e.1676/click - {}
RESULT: {}
RESULT: {}
COMMAND: GET /session/21ce62c4ecbe6d238b640e15c86407e3/screenshot - {}
RESULT: {}
COMMAND: POST /session/21ce62c4ecbe6d238b640e15c86407e3/execute/sync - {"script":"<script> [299 bytes]","args":[["getModel","getResource"]]}
RESULT: {"script":"<script> [299 bytes]","args":[["getModel","getResource"]]}
]]></system-out>
    </testcase>
    <testcase classname="chrome.136_0_7103_93.windows.Stock_increase_-_with_WHM_US125587" name="Should create a new material" time="126.87">
      <system-out><![CDATA[
COMMAND: POST /session/21ce62c4ecbe6d238b640e15c86407e3/execute/async - {"script":"<script> [1562 bytes]","args":[{"selector":{"controlType":"sap.m.GenericTile","properties":{"header":"Manage Resources"}},"wdio_ui5_key":"sapm.GenericTile{\"header\":\"Manage Resources\"}"}]}
COMMAND: GET /session/21ce62c4ecbe6d238b640e15c86407e3/screenshot - {}
RESULT: {"script":"<script> [1562 bytes]","args":[{"selector":{"controlType":"sap.m.GenericTile","properties":{"header":"Manage Resources"}},"wdio_ui5_key":"sapm.GenericTile{\"header\":\"Manage Resources\"}"}]}
RESULT: undefined
COMMAND: POST /session/21ce62c4ecbe6d238b640e15c86407e3/element - {"using":"xpath","value":"//*[@id=\"__tile39\"]"}
RESULT: {}
RESULT: {"using":"xpath","value":"//*[@id=\"__tile39\"]"}
COMMAND: POST /session/21ce62c4ecbe6d238b640e15c86407e3/element/f.93D217436D6DD50F1CAF1D433A497FC6.d.84DD0BD39732C42D3CD81985E22D7FF3.e.137/click - {}
RESULT: {}
COMMAND: GET /session/21ce62c4ecbe6d238b640e15c86407e3/screenshot - {}
RESULT: {}
COMMAND: POST /session/21ce62c4ecbe6d238b640e15c86407e3/elements - {"using":"xpath","value":"//span[text()='Error']"}
RESULT: {"using":"xpath","value":"//span[text()='Error']"}
COMMAND: POST /session/21ce62c4ecbe6d238b640e15c86407e3/element - {"using":"xpath","value":"//button[@data-kt=\"addNewRUOverflowToolbarButton\"]"}
RESULT: {"using":"xpath","value":"//button[@data-kt=\"addNewRUOverflowToolbarButton\"]"}
COMMAND: POST /session/21ce62c4ecbe6d238b640e15c86407e3/elements - {"using":"xpath","value":"//button[@data-kt=\"addNewRUOverflowToolbarButton\"]"}
RESULT: {"using":"xpath","value":"//button[@data-kt=\"addNewRUOverflowToolbarButton\"]"}
COMMAND: POST /session/21ce62c4ecbe6d238b640e15c86407e3/elements - {"using":"xpath","value":"//button[@data-kt=\"addNewRUOverflowToolbarButton\"]"}
RESULT: {"using":"xpath","value":"//button[@data-kt=\"addNewRUOverflowToolbarButton\"]"}
COMMAND: POST /session/21ce62c4ecbe6d238b640e15c86407e3/elements - {"using":"xpath","value":"//button[@data-kt=\"addNewRUOverflowToolbarButton\"]"}
RESULT: {"using":"xpath","value":"//button[@data-kt=\"addNewRUOverflowToolbarButton\"]"}
COMMAND: POST /session/21ce62c4ecbe6d238b640e15c86407e3/elements - {"using":"xpath","value":"//button[@data-kt=\"addNewRUOverflowToolbarButton\"]"}
RESULT: {"using":"xpath","value":"//button[@data-kt=\"addNewRUOverflowToolbarButton\"]"}
COMMAND: POST /session/21ce62c4ecbe6d238b640e15c86407e3/elements - {"using":"xpath","value":"//button[@data-kt=\"addNewRUOverflowToolbarButton\"]"}
RESULT: {"using":"xpath","value":"//button[@data-kt=\"addNewRUOverflowToolbarButton\"]"}
COMMAND: POST /session/21ce62c4ecbe6d238b640e15c86407e3/element - {"using":"xpath","value":"//button[@data-kt=\"addNewRUOverflowToolbarButton\"]"}
RESULT: {"using":"xpath","value":"//button[@data-kt=\"addNewRUOverflowToolbarButton\"]"}
COMMAND: POST /session/21ce62c4ecbe6d238b640e15c86407e3/execute/sync - {"script":"<script> [8489 bytes]","args":[{"element-6066-11e4-a52e-4f735466cecf":"f.93D217436D6DD50F1CAF1D433A497FC6.d.84DD0BD39732C42D3CD81985E22D7FF3.e.2442","ELEMENT":"f.93D217436D6DD50F1CAF1D433A497FC6.d.84DD0BD39732C42D3CD81985E22D7FF3.e.2442"}]}
RESULT: {"script":"<script> [8489 bytes]","args":[{"element-6066-11e4-a52e-4f735466cecf":"f.93D217436D6DD50F1CAF1D433A497FC6.d.84DD0BD39732C42D3CD81985E22D7FF3.e.2442","ELEMENT":"f.93D217436D6DD50F1CAF1D433A497FC6.d.84DD0BD39732C42D3CD81985E22D7FF3.e.2442"}]}
COMMAND: GET /session/21ce62c4ecbe6d238b640e15c86407e3/element/f.93D217436D6DD50F1CAF1D433A497FC6.d.84DD0BD39732C42D3CD81985E22D7FF3.e.2442/enabled - {}
COMMAND: GET /session/21ce62c4ecbe6d238b640e15c86407e3/screenshot - {}
RESULT: {}
COMMAND: POST /session/21ce62c4ecbe6d238b640e15c86407e3/execute/sync - {"script":"<script> [8489 bytes]","args":[{"element-6066-11e4-a52e-4f735466cecf":"f.93D217436D6DD50F1CAF1D433A497FC6.d.84DD0BD39732C42D3CD81985E22D7FF3.e.2442","ELEMENT":"f.93D217436D6DD50F1CAF1D433A497FC6.d.84DD0BD39732C42D3CD81985E22D7FF3.e.2442"}]}
COMMAND: GET /session/21ce62c4ecbe6d238b640e15c86407e3/screenshot - {}
RESULT: {}
RESULT: {"script":"<script> [8489 bytes]","args":[{"element-6066-11e4-a52e-4f735466cecf":"f.93D217436D6DD50F1CAF1D433A497FC6.d.84DD0BD39732C42D3CD81985E22D7FF3.e.2442","ELEMENT":"f.93D217436D6DD50F1CAF1D433A497FC6.d.84DD0BD39732C42D3CD81985E22D7FF3.e.2442"}]}
COMMAND: POST /session/21ce62c4ecbe6d238b640e15c86407e3/execute/sync - {"script":"<script> [5351 bytes]","args":[{"element-6066-11e4-a52e-4f735466cecf":"f.93D217436D6DD50F1CAF1D433A497FC6.d.84DD0BD39732C42D3CD81985E22D7FF3.e.2442","ELEMENT":"f.93D217436D6DD50F1CAF1D433A497FC6.d.84DD0BD39732C42D3CD81985E22D7FF3.e.2442"}]}
COMMAND: GET /session/21ce62c4ecbe6d238b640e15c86407e3/screenshot - {}
RESULT: {}
RESULT: {"script":"<script> [5351 bytes]","args":[{"element-6066-11e4-a52e-4f735466cecf":"f.93D217436D6DD50F1CAF1D433A497FC6.d.84DD0BD39732C42D3CD81985E22D7FF3.e.2442","ELEMENT":"f.93D217436D6DD50F1CAF1D433A497FC6.d.84DD0BD39732C42D3CD81985E22D7FF3.e.2442"}]}
COMMAND: POST /session/21ce62c4ecbe6d238b640e15c86407e3/element/f.93D217436D6DD50F1CAF1D433A497FC6.d.84DD0BD39732C42D3CD81985E22D7FF3.e.2442/click - {}
COMMAND: GET /session/21ce62c4ecbe6d238b640e15c86407e3/screenshot - {}
RESULT: {}
RESULT: {}
COMMAND: GET /session/21ce62c4ecbe6d238b640e15c86407e3/screenshot - {}
RESULT: {}
RESULT: {}
COMMAND: POST /session/21ce62c4ecbe6d238b640e15c86407e3/execute/async - {"script":"<script> [1562 bytes]","args":[{"selector":{"id":"application-manageresources-display-component---newResourceUnit--TYPE-arrow"},"wdio_ui5_key":"applicationmanageresources-display-component---newResourceUnit--TYPE-arrow"}]}
RESULT: {"script":"<script> [1562 bytes]","args":[{"selector":{"id":"application-manageresources-display-component---newResourceUnit--TYPE-arrow"},"wdio_ui5_key":"applicationmanageresources-display-component---newResourceUnit--TYPE-arrow"}]}
RESULT: undefined
COMMAND: POST /session/21ce62c4ecbe6d238b640e15c86407e3/element - {"using":"xpath","value":"//*[@id=\"application-manageresources-display-component---newResourceUnit--TYPE-arrow\"]"}
RESULT: {"using":"xpath","value":"//*[@id=\"application-manageresources-display-component---newResourceUnit--TYPE-arrow\"]"}
COMMAND: POST /session/21ce62c4ecbe6d238b640e15c86407e3/element/f.93D217436D6DD50F1CAF1D433A497FC6.d.84DD0BD39732C42D3CD81985E22D7FF3.e.2796/click - {}
RESULT: {}
COMMAND: POST /session/21ce62c4ecbe6d238b640e15c86407e3/element - {"using":"xpath","value":"//input[@id=\"application-manageresources-display-component---newResourceUnit--TYPE-inner\"]"}
COMMAND: GET /session/21ce62c4ecbe6d238b640e15c86407e3/screenshot - {}
RESULT: {"using":"xpath","value":"//input[@id=\"application-manageresources-display-component---newResourceUnit--TYPE-inner\"]"}
COMMAND: POST /session/21ce62c4ecbe6d238b640e15c86407e3/element/f.93D217436D6DD50F1CAF1D433A497FC6.d.84DD0BD39732C42D3CD81985E22D7FF3.e.2782/clear - {}
RESULT: {}
RESULT: {}
COMMAND: POST /session/21ce62c4ecbe6d238b640e15c86407e3/element/f.93D217436D6DD50F1CAF1D433A497FC6.d.84DD0BD39732C42D3CD81985E22D7FF3.e.2782/value - {"text":"Material"}
COMMAND: GET /session/21ce62c4ecbe6d238b640e15c86407e3/screenshot - {}
RESULT: {"text":"Material"}
COMMAND: GET /session/21ce62c4ecbe6d238b640e15c86407e3/screenshot - {}
RESULT: {}
RESULT: {}
COMMAND: POST /session/21ce62c4ecbe6d238b640e15c86407e3/actions - {"actions":[{"id":"action5","type":"key","parameters":{},"actions":[{"type":"keyDown","value":""},{"type":"pause","duration":10},{"type":"keyUp","value":""}]}]}
RESULT: {"actions":[{"id":"action5","type":"key","parameters":{},"actions":[{"type":"keyDown","value":""},{"type":"pause","duration":10},{"type":"keyUp","value":""}]}]}
COMMAND: POST /session/21ce62c4ecbe6d238b640e15c86407e3/execute/async - {"script":"<script> [1562 bytes]","args":[{"selector":{"id":"application-manageresources-display-component---newResourceUnit--SHORT_TEXT","interaction":{"idSuffix":"inner"}},"wdio_ui5_key":"applicationmanageresources-display-component---newResourceUnit--SHORT_TEXT"}]}
COMMAND: GET /session/21ce62c4ecbe6d238b640e15c86407e3/screenshot - {}
RESULT: {"script":"<script> [1562 bytes]","args":[{"selector":{"id":"application-manageresources-display-component---newResourceUnit--SHORT_TEXT","interaction":{"idSuffix":"inner"}},"wdio_ui5_key":"applicationmanageresources-display-component---newResourceUnit--SHORT_TEXT"}]}
RESULT: undefined
COMMAND: POST /session/21ce62c4ecbe6d238b640e15c86407e3/execute/async - {"script":"<script> [776 bytes]","args":[{"enterText":"Cement WDIO","selector":{"id":"application-manageresources-display-component---newResourceUnit--SHORT_TEXT","interaction":{"idSuffix":"inner"}},"clearTextFirst":true,"interactionType":"ENTER_TEXT"}]}
RESULT: {}
RESULT: {"script":"<script> [776 bytes]","args":[{"enterText":"Cement WDIO","selector":{"id":"application-manageresources-display-component---newResourceUnit--SHORT_TEXT","interaction":{"idSuffix":"inner"}},"clearTextFirst":true,"interactionType":"ENTER_TEXT"}]}
COMMAND: POST /session/21ce62c4ecbe6d238b640e15c86407e3/execute/async - {"script":"<script> [1562 bytes]","args":[{"selector":{"id":"application-manageresources-display-component---newResourceUnit--BASE_UNIT_OF_MEASURE","interaction":{"idSuffix":"inner"}},"wdio_ui5_key":"applicationmanageresources-display-component---newResourceUnit--BASE_UNIT_OF_MEASURE"}]}
RESULT: {"script":"<script> [1562 bytes]","args":[{"selector":{"id":"application-manageresources-display-component---newResourceUnit--BASE_UNIT_OF_MEASURE","interaction":{"idSuffix":"inner"}},"wdio_ui5_key":"applicationmanageresources-display-component---newResourceUnit--BASE_UNIT_OF_MEASURE"}]}
RESULT: undefined
COMMAND: POST /session/21ce62c4ecbe6d238b640e15c86407e3/execute/async - {"script":"<script> [776 bytes]","args":[{"enterText":"Piece","selector":{"id":"application-manageresources-display-component---newResourceUnit--BASE_UNIT_OF_MEASURE","interaction":{"idSuffix":"inner"}},"clearTextFirst":true,"interactionType":"ENTER_TEXT"}]}
RESULT: {"script":"<script> [776 bytes]","args":[{"enterText":"Piece","selector":{"id":"application-manageresources-display-component---newResourceUnit--BASE_UNIT_OF_MEASURE","interaction":{"idSuffix":"inner"}},"clearTextFirst":true,"interactionType":"ENTER_TEXT"}]}
COMMAND: POST /session/21ce62c4ecbe6d238b640e15c86407e3/execute/async - {"script":"<script> [1562 bytes]","args":[{"selector":{"id":"application-manageresources-display-component---newResourceUnit--WEIGHT_UNIT","interaction":{"idSuffix":"inner"}},"wdio_ui5_key":"applicationmanageresources-display-component---newResourceUnit--WEIGHT_UNIT"}]}
RESULT: {"script":"<script> [1562 bytes]","args":[{"selector":{"id":"application-manageresources-display-component---newResourceUnit--WEIGHT_UNIT","interaction":{"idSuffix":"inner"}},"wdio_ui5_key":"applicationmanageresources-display-component---newResourceUnit--WEIGHT_UNIT"}]}
RESULT: undefined
COMMAND: POST /session/21ce62c4ecbe6d238b640e15c86407e3/execute/async - {"script":"<script> [776 bytes]","args":[{"enterText":"Gram","selector":{"id":"application-manageresources-display-component---newResourceUnit--WEIGHT_UNIT","interaction":{"idSuffix":"inner"}},"clearTextFirst":true,"interactionType":"ENTER_TEXT"}]}
RESULT: {"script":"<script> [776 bytes]","args":[{"enterText":"Gram","selector":{"id":"application-manageresources-display-component---newResourceUnit--WEIGHT_UNIT","interaction":{"idSuffix":"inner"}},"clearTextFirst":true,"interactionType":"ENTER_TEXT"}]}
COMMAND: POST /session/21ce62c4ecbe6d238b640e15c86407e3/execute/async - {"script":"<script> [1562 bytes]","args":[{"selector":{"id":"application-manageresources-display-component---newResourceUnit--DIMENSION_UNIT","interaction":{"idSuffix":"inner"}},"wdio_ui5_key":"applicationmanageresources-display-component---newResourceUnit--DIMENSION_UNIT"}]}
RESULT: {"script":"<script> [1562 bytes]","args":[{"selector":{"id":"application-manageresources-display-component---newResourceUnit--DIMENSION_UNIT","interaction":{"idSuffix":"inner"}},"wdio_ui5_key":"applicationmanageresources-display-component---newResourceUnit--DIMENSION_UNIT"}]}
RESULT: undefined
COMMAND: POST /session/21ce62c4ecbe6d238b640e15c86407e3/execute/async - {"script":"<script> [776 bytes]","args":[{"enterText":"Meter","selector":{"id":"application-manageresources-display-component---newResourceUnit--DIMENSION_UNIT","interaction":{"idSuffix":"inner"}},"clearTextFirst":true,"interactionType":"ENTER_TEXT"}]}
RESULT: {"script":"<script> [776 bytes]","args":[{"enterText":"Meter","selector":{"id":"application-manageresources-display-component---newResourceUnit--DIMENSION_UNIT","interaction":{"idSuffix":"inner"}},"clearTextFirst":true,"interactionType":"ENTER_TEXT"}]}
COMMAND: POST /session/21ce62c4ecbe6d238b640e15c86407e3/execute/async - {"script":"<script> [1562 bytes]","args":[{"selector":{"id":"application-manageresources-display-component---newResourceUnit--newRRUPage-anchBar-application-manageresources-display-component---newResourceUnit--control-anchor","interaction":{"idSuffix":"BDI-content"}},"wdio_ui5_key":"applicationmanageresources-display-component---newResourceUnit--newRRUPage-anchBar-application-manageresources-display-component---newResourceUnit--control-anchor"}]}
RESULT: {"script":"<script> [1562 bytes]","args":[{"selector":{"id":"application-manageresources-display-component---newResourceUnit--newRRUPage-anchBar-application-manageresources-display-component---newResourceUnit--control-anchor","interaction":{"idSuffix":"BDI-content"}},"wdio_ui5_key":"applicationmanageresources-display-component---newResourceUnit--newRRUPage-anchBar-application-manageresources-display-component---newResourceUnit--control-anchor"}]}
RESULT: undefined
COMMAND: POST /session/21ce62c4ecbe6d238b640e15c86407e3/element - {"using":"xpath","value":"//*[@id=\"application-manageresources-display-component---newResourceUnit--newRRUPage-anchBar-application-manageresources-display-component---newResourceUnit--control-anchor\"]"}
RESULT: {"using":"xpath","value":"//*[@id=\"application-manageresources-display-component---newResourceUnit--newRRUPage-anchBar-application-manageresources-display-component---newResourceUnit--control-anchor\"]"}
COMMAND: POST /session/21ce62c4ecbe6d238b640e15c86407e3/element/f.93D217436D6DD50F1CAF1D433A497FC6.d.84DD0BD39732C42D3CD81985E22D7FF3.e.2925/click - {}
RESULT: {}
COMMAND: POST /session/21ce62c4ecbe6d238b640e15c86407e3/execute/async - {"script":"<script> [1562 bytes]","args":[{"selector":{"id":"application-manageresources-display-component---newResourceUnit--PLANNING_GROUP","interaction":{"idSuffix":"inner"}},"wdio_ui5_key":"applicationmanageresources-display-component---newResourceUnit--PLANNING_GROUP"}]}
COMMAND: GET /session/21ce62c4ecbe6d238b640e15c86407e3/screenshot - {}
RESULT: {"script":"<script> [1562 bytes]","args":[{"selector":{"id":"application-manageresources-display-component---newResourceUnit--PLANNING_GROUP","interaction":{"idSuffix":"inner"}},"wdio_ui5_key":"applicationmanageresources-display-component---newResourceUnit--PLANNING_GROUP"}]}
RESULT: undefined
COMMAND: POST /session/21ce62c4ecbe6d238b640e15c86407e3/execute/async - {"script":"<script> [776 bytes]","args":[{"enterText":"Material","selector":{"id":"application-manageresources-display-component---newResourceUnit--PLANNING_GROUP","interaction":{"idSuffix":"inner"}},"clearTextFirst":true,"interactionType":"ENTER_TEXT"}]}
RESULT: {}
RESULT: {"script":"<script> [776 bytes]","args":[{"enterText":"Material","selector":{"id":"application-manageresources-display-component---newResourceUnit--PLANNING_GROUP","interaction":{"idSuffix":"inner"}},"clearTextFirst":true,"interactionType":"ENTER_TEXT"}]}
COMMAND: POST /session/21ce62c4ecbe6d238b640e15c86407e3/execute/async - {"script":"<script> [1562 bytes]","args":[{"selector":{"id":"application-manageresources-display-component---newResourceUnit--PLANNING_INDICATOR","interaction":{"idSuffix":"inner"}},"wdio_ui5_key":"applicationmanageresources-display-component---newResourceUnit--PLANNING_INDICATOR"}]}
RESULT: {"script":"<script> [1562 bytes]","args":[{"selector":{"id":"application-manageresources-display-component---newResourceUnit--PLANNING_INDICATOR","interaction":{"idSuffix":"inner"}},"wdio_ui5_key":"applicationmanageresources-display-component---newResourceUnit--PLANNING_INDICATOR"}]}
RESULT: undefined
COMMAND: POST /session/21ce62c4ecbe6d238b640e15c86407e3/execute/async - {"script":"<script> [776 bytes]","args":[{"enterText":"10 - infinite","selector":{"id":"application-manageresources-display-component---newResourceUnit--PLANNING_INDICATOR","interaction":{"idSuffix":"inner"}},"clearTextFirst":true,"interactionType":"ENTER_TEXT"}]}
RESULT: {"script":"<script> [776 bytes]","args":[{"enterText":"10 - infinite","selector":{"id":"application-manageresources-display-component---newResourceUnit--PLANNING_INDICATOR","interaction":{"idSuffix":"inner"}},"clearTextFirst":true,"interactionType":"ENTER_TEXT"}]}
COMMAND: POST /session/21ce62c4ecbe6d238b640e15c86407e3/element - {"using":"css selector","value":"#application-manageresources-display-component---newResourceUnit--btnAddTimeSegment"}
RESULT: {"using":"css selector","value":"#application-manageresources-display-component---newResourceUnit--btnAddTimeSegment"}
COMMAND: GET /session/21ce62c4ecbe6d238b640e15c86407e3/element/f.93D217436D6DD50F1CAF1D433A497FC6.d.84DD0BD39732C42D3CD81985E22D7FF3.e.2934/rect - {}
RESULT: {}
COMMAND: GET /session/21ce62c4ecbe6d238b640e15c86407e3/window/rect - {}
RESULT: {}
COMMAND: POST /session/21ce62c4ecbe6d238b640e15c86407e3/execute/sync - {"script":"<script> [92 bytes]","args":[]}
RESULT: {"script":"<script> [92 bytes]","args":[]}
COMMAND: POST /session/21ce62c4ecbe6d238b640e15c86407e3/actions - {"actions":[{"id":"action6","type":"wheel","parameters":{},"actions":[{"type":"scroll","x":-1888,"y":-32,"deltaX":0,"deltaY":0,"duration":0,"origin":{"element-6066-11e4-a52e-4f735466cecf":"f.93D217436D6DD50F1CAF1D433A497FC6.d.84DD0BD39732C42D3CD81985E22D7FF3.e.2934"}}]}]}
COMMAND: GET /session/21ce62c4ecbe6d238b640e15c86407e3/screenshot - {}
RESULT: {}
COMMAND: POST /session/21ce62c4ecbe6d238b640e15c86407e3/execute/sync - {"script":"<script> [79 bytes]","args":[{"element-6066-11e4-a52e-4f735466cecf":"f.93D217436D6DD50F1CAF1D433A497FC6.d.84DD0BD39732C42D3CD81985E22D7FF3.e.2934","ELEMENT":"f.93D217436D6DD50F1CAF1D433A497FC6.d.84DD0BD39732C42D3CD81985E22D7FF3.e.2934"},{"block":"start","inline":"nearest"}]}
RESULT: {"script":"<script> [79 bytes]","args":[{"element-6066-11e4-a52e-4f735466cecf":"f.93D217436D6DD50F1CAF1D433A497FC6.d.84DD0BD39732C42D3CD81985E22D7FF3.e.2934","ELEMENT":"f.93D217436D6DD50F1CAF1D433A497FC6.d.84DD0BD39732C42D3CD81985E22D7FF3.e.2934"},{"block":"start","inline":"nearest"}]}
COMMAND: POST /session/21ce62c4ecbe6d238b640e15c86407e3/execute/async - {"script":"<script> [1562 bytes]","args":[{"selector":{"id":"application-manageresources-display-component---newResourceUnit--btnAddTimeSegment","interaction":{"idSuffix":"inner"}},"wdio_ui5_key":"applicationmanageresources-display-component---newResourceUnit--btnAddTimeSegment"}]}
COMMAND: GET /session/21ce62c4ecbe6d238b640e15c86407e3/screenshot - {}
RESULT: {"script":"<script> [1562 bytes]","args":[{"selector":{"id":"application-manageresources-display-component---newResourceUnit--btnAddTimeSegment","interaction":{"idSuffix":"inner"}},"wdio_ui5_key":"applicationmanageresources-display-component---newResourceUnit--btnAddTimeSegment"}]}
RESULT: undefined
COMMAND: POST /session/21ce62c4ecbe6d238b640e15c86407e3/element - {"using":"xpath","value":"//*[@id=\"application-manageresources-display-component---newResourceUnit--btnAddTimeSegment\"]"}
RESULT: {}
RESULT: {"using":"xpath","value":"//*[@id=\"application-manageresources-display-component---newResourceUnit--btnAddTimeSegment\"]"}
COMMAND: POST /session/21ce62c4ecbe6d238b640e15c86407e3/element/f.93D217436D6DD50F1CAF1D433A497FC6.d.84DD0BD39732C42D3CD81985E22D7FF3.e.2934/click - {}
RESULT: {}
COMMAND: GET /session/21ce62c4ecbe6d238b640e15c86407e3/screenshot - {}
RESULT: {}
COMMAND: POST /session/21ce62c4ecbe6d238b640e15c86407e3/element - {"using":"xpath","value":"//input[@id=\"application-manageresources-display-component---newResourceUnit--idRuTSAdmin-application-manageresources-display-component---newResourceUnit--RUTimeSegment-0-inner\"]"}
RESULT: {"using":"xpath","value":"//input[@id=\"application-manageresources-display-component---newResourceUnit--idRuTSAdmin-application-manageresources-display-component---newResourceUnit--RUTimeSegment-0-inner\"]"}
COMMAND: POST /session/21ce62c4ecbe6d238b640e15c86407e3/element/f.93D217436D6DD50F1CAF1D433A497FC6.d.84DD0BD39732C42D3CD81985E22D7FF3.e.2939/clear - {}
RESULT: {}
COMMAND: POST /session/21ce62c4ecbe6d238b640e15c86407e3/element/f.93D217436D6DD50F1CAF1D433A497FC6.d.84DD0BD39732C42D3CD81985E22D7FF3.e.2939/value - {"text":"523"}
COMMAND: GET /session/21ce62c4ecbe6d238b640e15c86407e3/screenshot - {}
RESULT: {"text":"523"}
COMMAND: GET /session/21ce62c4ecbe6d238b640e15c86407e3/screenshot - {}
RESULT: {}
RESULT: {}
COMMAND: POST /session/21ce62c4ecbe6d238b640e15c86407e3/element - {"using":"xpath","value":"//li[.//span[text()='523']]"}
RESULT: {"using":"xpath","value":"//li[.//span[text()='523']]"}
COMMAND: POST /session/21ce62c4ecbe6d238b640e15c86407e3/element/f.93D217436D6DD50F1CAF1D433A497FC6.d.84DD0BD39732C42D3CD81985E22D7FF3.e.2948/click - {}
RESULT: {}
COMMAND: GET /session/21ce62c4ecbe6d238b640e15c86407e3/screenshot - {}
RESULT: {}
COMMAND: POST /session/21ce62c4ecbe6d238b640e15c86407e3/element - {"using":"xpath","value":"(//span[contains(@id, \"-application-manageresources-display-component---newResourceUnit--RUTimeSegment-0-arrow\")])[2]"}
RESULT: {"using":"xpath","value":"(//span[contains(@id, \"-application-manageresources-display-component---newResourceUnit--RUTimeSegment-0-arrow\")])[2]"}
COMMAND: POST /session/21ce62c4ecbe6d238b640e15c86407e3/element/f.93D217436D6DD50F1CAF1D433A497FC6.d.84DD0BD39732C42D3CD81985E22D7FF3.e.2949/click - {}
RESULT: {}
COMMAND: POST /session/21ce62c4ecbe6d238b640e15c86407e3/element - {"using":"xpath","value":"//span[contains(text(), \"PM Order\")]"}
COMMAND: GET /session/21ce62c4ecbe6d238b640e15c86407e3/screenshot - {}
RESULT: {"using":"xpath","value":"//span[contains(text(), \"PM Order\")]"}
COMMAND: POST /session/21ce62c4ecbe6d238b640e15c86407e3/element/f.93D217436D6DD50F1CAF1D433A497FC6.d.84DD0BD39732C42D3CD81985E22D7FF3.e.2950/click - {}
RESULT: {}
RESULT: {}
COMMAND: GET /session/21ce62c4ecbe6d238b640e15c86407e3/screenshot - {}
RESULT: {}
COMMAND: POST /session/21ce62c4ecbe6d238b640e15c86407e3/element - {"using":"xpath","value":"//td/div/div/div/span[contains(@id, \"newResourceUnit--RUTimeSegment-0-vhi\")][1]"}
RESULT: {"using":"xpath","value":"//td/div/div/div/span[contains(@id, \"newResourceUnit--RUTimeSegment-0-vhi\")][1]"}
COMMAND: GET /session/21ce62c4ecbe6d238b640e15c86407e3/element/f.93D217436D6DD50F1CAF1D433A497FC6.d.84DD0BD39732C42D3CD81985E22D7FF3.e.2954/rect - {}
RESULT: {}
COMMAND: GET /session/21ce62c4ecbe6d238b640e15c86407e3/window/rect - {}
RESULT: {}
COMMAND: POST /session/21ce62c4ecbe6d238b640e15c86407e3/execute/sync - {"script":"<script> [92 bytes]","args":[]}
RESULT: {"script":"<script> [92 bytes]","args":[]}
COMMAND: POST /session/21ce62c4ecbe6d238b640e15c86407e3/actions - {"actions":[{"id":"action7","type":"wheel","parameters":{},"actions":[{"type":"scroll","x":-1888,"y":-24,"deltaX":0,"deltaY":0,"duration":0,"origin":{"element-6066-11e4-a52e-4f735466cecf":"f.93D217436D6DD50F1CAF1D433A497FC6.d.84DD0BD39732C42D3CD81985E22D7FF3.e.2954"}}]}]}
COMMAND: GET /session/21ce62c4ecbe6d238b640e15c86407e3/screenshot - {}
RESULT: {}
COMMAND: POST /session/21ce62c4ecbe6d238b640e15c86407e3/execute/sync - {"script":"<script> [79 bytes]","args":[{"element-6066-11e4-a52e-4f735466cecf":"f.93D217436D6DD50F1CAF1D433A497FC6.d.84DD0BD39732C42D3CD81985E22D7FF3.e.2954","ELEMENT":"f.93D217436D6DD50F1CAF1D433A497FC6.d.84DD0BD39732C42D3CD81985E22D7FF3.e.2954"},{"block":"start","inline":"nearest"}]}
RESULT: {"script":"<script> [79 bytes]","args":[{"element-6066-11e4-a52e-4f735466cecf":"f.93D217436D6DD50F1CAF1D433A497FC6.d.84DD0BD39732C42D3CD81985E22D7FF3.e.2954","ELEMENT":"f.93D217436D6DD50F1CAF1D433A497FC6.d.84DD0BD39732C42D3CD81985E22D7FF3.e.2954"},{"block":"start","inline":"nearest"}]}
COMMAND: GET /session/21ce62c4ecbe6d238b640e15c86407e3/screenshot - {}
RESULT: {}
COMMAND: POST /session/21ce62c4ecbe6d238b640e15c86407e3/element/f.93D217436D6DD50F1CAF1D433A497FC6.d.84DD0BD39732C42D3CD81985E22D7FF3.e.2954/click - {}
RESULT: {}
COMMAND: GET /session/21ce62c4ecbe6d238b640e15c86407e3/screenshot - {}
RESULT: {}
RESULT: undefined
COMMAND: POST /session/21ce62c4ecbe6d238b640e15c86407e3/execute/async - {"script":"<script> [776 bytes]","args":[{"enterText":"4000360","selector":{"controlType":"sap.m.SearchField","properties":{"placeholder":"Search"},"searchOpenDialogs":true,"interaction":{"idSuffix":"I"}},"clearTextFirst":true,"interactionType":"ENTER_TEXT"}]}
RESULT: {"script":"<script> [776 bytes]","args":[{"enterText":"4000360","selector":{"controlType":"sap.m.SearchField","properties":{"placeholder":"Search"},"searchOpenDialogs":true,"interaction":{"idSuffix":"I"}},"clearTextFirst":true,"interactionType":"ENTER_TEXT"}]}
COMMAND: POST /session/21ce62c4ecbe6d238b640e15c86407e3/actions - {"actions":[{"id":"action8","type":"key","parameters":{},"actions":[{"type":"keyDown","value":""},{"type":"pause","duration":10},{"type":"keyUp","value":""}]}]}
RESULT: {"actions":[{"id":"action8","type":"key","parameters":{},"actions":[{"type":"keyDown","value":""},{"type":"pause","duration":10},{"type":"keyUp","value":""}]}]}
COMMAND: GET /session/21ce62c4ecbe6d238b640e15c86407e3/screenshot - {}
RESULT: {}
COMMAND: POST /session/21ce62c4ecbe6d238b640e15c86407e3/element - {"using":"xpath","value":"//td/div/span[contains(text(), \"BGL Vehicles\")]"}
RESULT: {"using":"xpath","value":"//td/div/span[contains(text(), \"BGL Vehicles\")]"}
COMMAND: POST /session/21ce62c4ecbe6d238b640e15c86407e3/element/f.93D217436D6DD50F1CAF1D433A497FC6.d.84DD0BD39732C42D3CD81985E22D7FF3.e.2975/click - {}
RESULT: {}
COMMAND: GET /session/21ce62c4ecbe6d238b640e15c86407e3/screenshot - {}
RESULT: {}
COMMAND: POST /session/21ce62c4ecbe6d238b640e15c86407e3/element - {"using":"xpath","value":"//bdi[contains(text(), \"OK\")]"}
RESULT: {"using":"xpath","value":"//bdi[contains(text(), \"OK\")]"}
COMMAND: POST /session/21ce62c4ecbe6d238b640e15c86407e3/element/f.93D217436D6DD50F1CAF1D433A497FC6.d.84DD0BD39732C42D3CD81985E22D7FF3.e.2976/click - {}
RESULT: {}
COMMAND: GET /session/21ce62c4ecbe6d238b640e15c86407e3/screenshot - {}
RESULT: {}
COMMAND: POST /session/21ce62c4ecbe6d238b640e15c86407e3/element - {"using":"xpath","value":"//label[contains(@class, 'sapMLabelRequired') and .//bdi[contains(text(), 'Planned Retirement')]]"}
RESULT: {"using":"xpath","value":"//label[contains(@class, 'sapMLabelRequired') and .//bdi[contains(text(), 'Planned Retirement')]]"}
COMMAND: POST /session/21ce62c4ecbe6d238b640e15c86407e3/elements - {"using":"xpath","value":"//label[contains(@class, 'sapMLabelRequired') and .//bdi[contains(text(), 'Planned Retirement')]]"}
RESULT: {"using":"xpath","value":"//label[contains(@class, 'sapMLabelRequired') and .//bdi[contains(text(), 'Planned Retirement')]]"}
COMMAND: POST /session/21ce62c4ecbe6d238b640e15c86407e3/element - {"using":"xpath","value":"//button[@data-kt=\"resourceUnitSaveButton\"]"}
RESULT: {"using":"xpath","value":"//button[@data-kt=\"resourceUnitSaveButton\"]"}
COMMAND: POST /session/21ce62c4ecbe6d238b640e15c86407e3/element/f.93D217436D6DD50F1CAF1D433A497FC6.d.84DD0BD39732C42D3CD81985E22D7FF3.e.2812/click - {}
RESULT: {}
COMMAND: GET /session/21ce62c4ecbe6d238b640e15c86407e3/screenshot - {}
RESULT: {}
COMMAND: POST /session/21ce62c4ecbe6d238b640e15c86407e3/element - {"using":"xpath","value":"//bdi[contains(text(), \"Close\")]"}
RESULT: {"using":"xpath","value":"//bdi[contains(text(), \"Close\")]"}
COMMAND: POST /session/21ce62c4ecbe6d238b640e15c86407e3/element/f.93D217436D6DD50F1CAF1D433A497FC6.d.84DD0BD39732C42D3CD81985E22D7FF3.e.2982/click - {}
RESULT: {}
COMMAND: GET /session/21ce62c4ecbe6d238b640e15c86407e3/screenshot - {}
RESULT: {}
COMMAND: POST /session/21ce62c4ecbe6d238b640e15c86407e3/element - {"using":"xpath","value":"//header[contains(@id, 'detailRruPage-headerTitle')]/div[1]/div[2]/div[2]/span[1]"}
RESULT: {"using":"xpath","value":"//header[contains(@id, 'detailRruPage-headerTitle')]/div[1]/div[2]/div[2]/span[1]"}
COMMAND: POST /session/21ce62c4ecbe6d238b640e15c86407e3/elements - {"using":"xpath","value":"//header[contains(@id, 'detailRruPage-headerTitle')]/div[1]/div[2]/div[2]/span[1]"}
RESULT: {"using":"xpath","value":"//header[contains(@id, 'detailRruPage-headerTitle')]/div[1]/div[2]/div[2]/span[1]"}
COMMAND: POST /session/21ce62c4ecbe6d238b640e15c86407e3/execute/sync - {"script":"<script> [56 bytes]","args":[{"element-6066-11e4-a52e-4f735466cecf":"f.93D217436D6DD50F1CAF1D433A497FC6.d.84DD0BD39732C42D3CD81985E22D7FF3.e.3018","ELEMENT":"f.93D217436D6DD50F1CAF1D433A497FC6.d.84DD0BD39732C42D3CD81985E22D7FF3.e.3018"}]}
RESULT: {"script":"<script> [56 bytes]","args":[{"element-6066-11e4-a52e-4f735466cecf":"f.93D217436D6DD50F1CAF1D433A497FC6.d.84DD0BD39732C42D3CD81985E22D7FF3.e.3018","ELEMENT":"f.93D217436D6DD50F1CAF1D433A497FC6.d.84DD0BD39732C42D3CD81985E22D7FF3.e.3018"}]}
COMMAND: POST /session/21ce62c4ecbe6d238b640e15c86407e3/element - {"using":"css selector","value":"#shell-header-logo"}
COMMAND: GET /session/21ce62c4ecbe6d238b640e15c86407e3/screenshot - {}
RESULT: {"using":"css selector","value":"#shell-header-logo"}
COMMAND: POST /session/21ce62c4ecbe6d238b640e15c86407e3/element/f.93D217436D6DD50F1CAF1D433A497FC6.d.84DD0BD39732C42D3CD81985E22D7FF3.e.2403/click - {}
RESULT: {}
RESULT: {}
COMMAND: GET /session/21ce62c4ecbe6d238b640e15c86407e3/screenshot - {}
RESULT: {}
]]></system-out>
    </testcase>
    <testcase classname="chrome.136_0_7103_93.windows.Stock_increase_-_with_WHM_US125587" name="Bin Status Report Should Create New Organization yard" time="89.318">
      <system-out><![CDATA[
COMMAND: POST /session/21ce62c4ecbe6d238b640e15c86407e3/execute/async - {"script":"<script> [1562 bytes]","args":[{"selector":{"controlType":"sap.m.GenericTile","properties":{"header":"Bin Status Report"}},"wdio_ui5_key":"sapm.GenericTile{\"header\":\"Bin Status Report\"}"}]}
RESULT: {"script":"<script> [1562 bytes]","args":[{"selector":{"controlType":"sap.m.GenericTile","properties":{"header":"Bin Status Report"}},"wdio_ui5_key":"sapm.GenericTile{\"header\":\"Bin Status Report\"}"}]}
RESULT: undefined
COMMAND: POST /session/21ce62c4ecbe6d238b640e15c86407e3/element - {"using":"xpath","value":"//*[@id=\"__tile104\"]"}
RESULT: {"using":"xpath","value":"//*[@id=\"__tile104\"]"}
COMMAND: POST /session/21ce62c4ecbe6d238b640e15c86407e3/element/f.93D217436D6DD50F1CAF1D433A497FC6.d.84DD0BD39732C42D3CD81985E22D7FF3.e.3020/click - {}
RESULT: {}
COMMAND: GET /session/21ce62c4ecbe6d238b640e15c86407e3/screenshot - {}
RESULT: {}
COMMAND: POST /session/21ce62c4ecbe6d238b640e15c86407e3/elements - {"using":"xpath","value":"//span[text()='Error']"}
RESULT: {"using":"xpath","value":"//span[text()='Error']"}
COMMAND: POST /session/21ce62c4ecbe6d238b640e15c86407e3/element - {"using":"xpath","value":"//button[@id=\"application-binstatusreport-display-component---warehousing--createOrgBtn\"]"}
RESULT: {"using":"xpath","value":"//button[@id=\"application-binstatusreport-display-component---warehousing--createOrgBtn\"]"}
COMMAND: POST /session/21ce62c4ecbe6d238b640e15c86407e3/elements - {"using":"xpath","value":"//button[@id=\"application-binstatusreport-display-component---warehousing--createOrgBtn\"]"}
RESULT: {"using":"xpath","value":"//button[@id=\"application-binstatusreport-display-component---warehousing--createOrgBtn\"]"}
COMMAND: POST /session/21ce62c4ecbe6d238b640e15c86407e3/execute/sync - {"script":"<script> [8489 bytes]","args":[{"element-6066-11e4-a52e-4f735466cecf":"f.93D217436D6DD50F1CAF1D433A497FC6.d.84DD0BD39732C42D3CD81985E22D7FF3.e.3060","ELEMENT":"f.93D217436D6DD50F1CAF1D433A497FC6.d.84DD0BD39732C42D3CD81985E22D7FF3.e.3060"}]}
RESULT: {"script":"<script> [8489 bytes]","args":[{"element-6066-11e4-a52e-4f735466cecf":"f.93D217436D6DD50F1CAF1D433A497FC6.d.84DD0BD39732C42D3CD81985E22D7FF3.e.3060","ELEMENT":"f.93D217436D6DD50F1CAF1D433A497FC6.d.84DD0BD39732C42D3CD81985E22D7FF3.e.3060"}]}
COMMAND: GET /session/21ce62c4ecbe6d238b640e15c86407e3/element/f.93D217436D6DD50F1CAF1D433A497FC6.d.84DD0BD39732C42D3CD81985E22D7FF3.e.3060/enabled - {}
COMMAND: GET /session/21ce62c4ecbe6d238b640e15c86407e3/screenshot - {}
RESULT: {}
COMMAND: POST /session/21ce62c4ecbe6d238b640e15c86407e3/execute/sync - {"script":"<script> [8489 bytes]","args":[{"element-6066-11e4-a52e-4f735466cecf":"f.93D217436D6DD50F1CAF1D433A497FC6.d.84DD0BD39732C42D3CD81985E22D7FF3.e.3060","ELEMENT":"f.93D217436D6DD50F1CAF1D433A497FC6.d.84DD0BD39732C42D3CD81985E22D7FF3.e.3060"}]}
COMMAND: GET /session/21ce62c4ecbe6d238b640e15c86407e3/screenshot - {}
RESULT: {}
RESULT: {"script":"<script> [8489 bytes]","args":[{"element-6066-11e4-a52e-4f735466cecf":"f.93D217436D6DD50F1CAF1D433A497FC6.d.84DD0BD39732C42D3CD81985E22D7FF3.e.3060","ELEMENT":"f.93D217436D6DD50F1CAF1D433A497FC6.d.84DD0BD39732C42D3CD81985E22D7FF3.e.3060"}]}
COMMAND: POST /session/21ce62c4ecbe6d238b640e15c86407e3/execute/sync - {"script":"<script> [5351 bytes]","args":[{"element-6066-11e4-a52e-4f735466cecf":"f.93D217436D6DD50F1CAF1D433A497FC6.d.84DD0BD39732C42D3CD81985E22D7FF3.e.3060","ELEMENT":"f.93D217436D6DD50F1CAF1D433A497FC6.d.84DD0BD39732C42D3CD81985E22D7FF3.e.3060"}]}
COMMAND: GET /session/21ce62c4ecbe6d238b640e15c86407e3/screenshot - {}
RESULT: {}
RESULT: {"script":"<script> [5351 bytes]","args":[{"element-6066-11e4-a52e-4f735466cecf":"f.93D217436D6DD50F1CAF1D433A497FC6.d.84DD0BD39732C42D3CD81985E22D7FF3.e.3060","ELEMENT":"f.93D217436D6DD50F1CAF1D433A497FC6.d.84DD0BD39732C42D3CD81985E22D7FF3.e.3060"}]}
COMMAND: GET /session/21ce62c4ecbe6d238b640e15c86407e3/screenshot - {}
RESULT: {}
RESULT: {}
COMMAND: POST /session/21ce62c4ecbe6d238b640e15c86407e3/element/f.93D217436D6DD50F1CAF1D433A497FC6.d.84DD0BD39732C42D3CD81985E22D7FF3.e.3060/click - {}
RESULT: {}
COMMAND: GET /session/21ce62c4ecbe6d238b640e15c86407e3/screenshot - {}
RESULT: {}
COMMAND: POST /session/21ce62c4ecbe6d238b640e15c86407e3/execute/async - {"script":"<script> [1562 bytes]","args":[{"selector":{"id":"createOrganizationPop--sectionInput","searchOpenDialogs":true,"interaction":{"idSuffix":"inner"}},"wdio_ui5_key":"createOrganizationPopsectionInput"}]}
RESULT: {"script":"<script> [1562 bytes]","args":[{"selector":{"id":"createOrganizationPop--sectionInput","searchOpenDialogs":true,"interaction":{"idSuffix":"inner"}},"wdio_ui5_key":"createOrganizationPopsectionInput"}]}
RESULT: undefined
COMMAND: POST /session/21ce62c4ecbe6d238b640e15c86407e3/execute/async - {"script":"<script> [776 bytes]","args":[{"enterText":"WDIO-523","selector":{"id":"createOrganizationPop--sectionInput","searchOpenDialogs":true,"interaction":{"idSuffix":"inner"}},"clearTextFirst":true,"interactionType":"ENTER_TEXT"}]}
RESULT: {"script":"<script> [776 bytes]","args":[{"enterText":"WDIO-523","selector":{"id":"createOrganizationPop--sectionInput","searchOpenDialogs":true,"interaction":{"idSuffix":"inner"}},"clearTextFirst":true,"interactionType":"ENTER_TEXT"}]}
COMMAND: POST /session/21ce62c4ecbe6d238b640e15c86407e3/execute/async - {"script":"<script> [1562 bytes]","args":[{"selector":{"id":"createOrganizationPop--descriptionInput","searchOpenDialogs":true,"interaction":{"idSuffix":"inner"}},"wdio_ui5_key":"createOrganizationPopdescriptionInput"}]}
RESULT: {"script":"<script> [1562 bytes]","args":[{"selector":{"id":"createOrganizationPop--descriptionInput","searchOpenDialogs":true,"interaction":{"idSuffix":"inner"}},"wdio_ui5_key":"createOrganizationPopdescriptionInput"}]}
RESULT: undefined
COMMAND: POST /session/21ce62c4ecbe6d238b640e15c86407e3/execute/async - {"script":"<script> [776 bytes]","args":[{"enterText":"Shipping-523","selector":{"id":"createOrganizationPop--descriptionInput","searchOpenDialogs":true,"interaction":{"idSuffix":"inner"}},"clearTextFirst":true,"interactionType":"ENTER_TEXT"}]}
RESULT: {"script":"<script> [776 bytes]","args":[{"enterText":"Shipping-523","selector":{"id":"createOrganizationPop--descriptionInput","searchOpenDialogs":true,"interaction":{"idSuffix":"inner"}},"clearTextFirst":true,"interactionType":"ENTER_TEXT"}]}
COMMAND: POST /session/21ce62c4ecbe6d238b640e15c86407e3/element - {"using":"css selector","value":"#createOrganizationPop--yardOrg-inner"}
RESULT: {"using":"css selector","value":"#createOrganizationPop--yardOrg-inner"}
COMMAND: POST /session/21ce62c4ecbe6d238b640e15c86407e3/element/f.93D217436D6DD50F1CAF1D433A497FC6.d.84DD0BD39732C42D3CD81985E22D7FF3.e.3114/clear - {}
RESULT: {}
COMMAND: POST /session/21ce62c4ecbe6d238b640e15c86407e3/element/f.93D217436D6DD50F1CAF1D433A497FC6.d.84DD0BD39732C42D3CD81985E22D7FF3.e.3114/value - {"text":"523"}
COMMAND: GET /session/21ce62c4ecbe6d238b640e15c86407e3/screenshot - {}
RESULT: {"text":"523"}
COMMAND: GET /session/21ce62c4ecbe6d238b640e15c86407e3/screenshot - {}
RESULT: {}
RESULT: {}
COMMAND: POST /session/21ce62c4ecbe6d238b640e15c86407e3/actions - {"actions":[{"id":"action9","type":"key","parameters":{},"actions":[{"type":"keyDown","value":""},{"type":"pause","duration":10},{"type":"keyUp","value":""}]}]}
RESULT: {"actions":[{"id":"action9","type":"key","parameters":{},"actions":[{"type":"keyDown","value":""},{"type":"pause","duration":10},{"type":"keyUp","value":""}]}]}
COMMAND: POST /session/21ce62c4ecbe6d238b640e15c86407e3/execute/async - {"script":"<script> [1562 bytes]","args":[{"selector":{"id":"createOrganizationPop--grZone","searchOpenDialogs":true,"interaction":{"idSuffix":"CbBg"}},"wdio_ui5_key":"createOrganizationPopgrZone"}]}
COMMAND: GET /session/21ce62c4ecbe6d238b640e15c86407e3/screenshot - {}
RESULT: {"script":"<script> [1562 bytes]","args":[{"selector":{"id":"createOrganizationPop--grZone","searchOpenDialogs":true,"interaction":{"idSuffix":"CbBg"}},"wdio_ui5_key":"createOrganizationPopgrZone"}]}
RESULT: undefined
COMMAND: POST /session/21ce62c4ecbe6d238b640e15c86407e3/element - {"using":"xpath","value":"//*[@id=\"createOrganizationPop--grZone\"]"}
RESULT: {}
RESULT: {"using":"xpath","value":"//*[@id=\"createOrganizationPop--grZone\"]"}
COMMAND: POST /session/21ce62c4ecbe6d238b640e15c86407e3/element/f.93D217436D6DD50F1CAF1D433A497FC6.d.84DD0BD39732C42D3CD81985E22D7FF3.e.3136/click - {}
RESULT: {}
COMMAND: GET /session/21ce62c4ecbe6d238b640e15c86407e3/screenshot - {}
RESULT: {}
COMMAND: POST /session/21ce62c4ecbe6d238b640e15c86407e3/execute/async - {"script":"<script> [1562 bytes]","args":[{"selector":{"id":"createOrganizationPop--giZone","searchOpenDialogs":true,"interaction":{"idSuffix":"CbBg"}},"wdio_ui5_key":"createOrganizationPopgiZone"}]}
RESULT: {"script":"<script> [1562 bytes]","args":[{"selector":{"id":"createOrganizationPop--giZone","searchOpenDialogs":true,"interaction":{"idSuffix":"CbBg"}},"wdio_ui5_key":"createOrganizationPopgiZone"}]}
RESULT: undefined
COMMAND: POST /session/21ce62c4ecbe6d238b640e15c86407e3/element - {"using":"xpath","value":"//*[@id=\"createOrganizationPop--giZone\"]"}
RESULT: {"using":"xpath","value":"//*[@id=\"createOrganizationPop--giZone\"]"}
COMMAND: POST /session/21ce62c4ecbe6d238b640e15c86407e3/element/f.93D217436D6DD50F1CAF1D433A497FC6.d.84DD0BD39732C42D3CD81985E22D7FF3.e.3138/click - {}
RESULT: {}
COMMAND: GET /session/21ce62c4ecbe6d238b640e15c86407e3/screenshot - {}
RESULT: {}
COMMAND: POST /session/21ce62c4ecbe6d238b640e15c86407e3/execute/async - {"script":"<script> [1562 bytes]","args":[{"selector":{"id":"createOrganizationPop--binNoInput","searchOpenDialogs":true,"interaction":{"idSuffix":"inner"}},"wdio_ui5_key":"createOrganizationPopbinNoInput"}]}
RESULT: {"script":"<script> [1562 bytes]","args":[{"selector":{"id":"createOrganizationPop--binNoInput","searchOpenDialogs":true,"interaction":{"idSuffix":"inner"}},"wdio_ui5_key":"createOrganizationPopbinNoInput"}]}
RESULT: undefined
COMMAND: POST /session/21ce62c4ecbe6d238b640e15c86407e3/execute/async - {"script":"<script> [776 bytes]","args":[{"enterText":"Bin-Wd","selector":{"id":"createOrganizationPop--binNoInput","searchOpenDialogs":true,"interaction":{"idSuffix":"inner"}},"clearTextFirst":true,"interactionType":"ENTER_TEXT"}]}
RESULT: {"script":"<script> [776 bytes]","args":[{"enterText":"Bin-Wd","selector":{"id":"createOrganizationPop--binNoInput","searchOpenDialogs":true,"interaction":{"idSuffix":"inner"}},"clearTextFirst":true,"interactionType":"ENTER_TEXT"}]}
COMMAND: POST /session/21ce62c4ecbe6d238b640e15c86407e3/execute/async - {"script":"<script> [1562 bytes]","args":[{"selector":{"id":"createOrganizationPop--descriptionId","searchOpenDialogs":true,"interaction":{"idSuffix":"inner"}},"wdio_ui5_key":"createOrganizationPopdescriptionId"}]}
RESULT: {"script":"<script> [1562 bytes]","args":[{"selector":{"id":"createOrganizationPop--descriptionId","searchOpenDialogs":true,"interaction":{"idSuffix":"inner"}},"wdio_ui5_key":"createOrganizationPopdescriptionId"}]}
RESULT: undefined
COMMAND: POST /session/21ce62c4ecbe6d238b640e15c86407e3/execute/async - {"script":"<script> [776 bytes]","args":[{"enterText":"Shipping-Wd","selector":{"id":"createOrganizationPop--descriptionId","searchOpenDialogs":true,"interaction":{"idSuffix":"inner"}},"clearTextFirst":true,"interactionType":"ENTER_TEXT"}]}
RESULT: {"script":"<script> [776 bytes]","args":[{"enterText":"Shipping-Wd","selector":{"id":"createOrganizationPop--descriptionId","searchOpenDialogs":true,"interaction":{"idSuffix":"inner"}},"clearTextFirst":true,"interactionType":"ENTER_TEXT"}]}
COMMAND: POST /session/21ce62c4ecbe6d238b640e15c86407e3/execute/async - {"script":"<script> [1562 bytes]","args":[{"selector":{"controlType":"sap.m.CheckBox","viewName":"etm.portal.ui.binstatusreport.view.MasterWareBins","viewId":"application-binstatusreport-display-component---warehousing","bindingPath":{"path":"","propertyPath":"/ZONE","modelName":"newBin"},"searchOpenDialogs":true,"interaction":{"idSuffix":"CbBg"}},"wdio_ui5_key":"etmportal.ui.binstatusreport.view.MasterWareBinssap.m.CheckBox{\"path\":\"\",\"propertyPath\":\"/ZONE\",\"modelName\":\"newBin\"}"}]}
RESULT: {"script":"<script> [1562 bytes]","args":[{"selector":{"controlType":"sap.m.CheckBox","viewName":"etm.portal.ui.binstatusreport.view.MasterWareBins","viewId":"application-binstatusreport-display-component---warehousing","bindingPath":{"path":"","propertyPath":"/ZONE","modelName":"newBin"},"searchOpenDialogs":true,"interaction":{"idSuffix":"CbBg"}},"wdio_ui5_key":"etmportal.ui.binstatusreport.view.MasterWareBinssap.m.CheckBox{\"path\":\"\",\"propertyPath\":\"/ZONE\",\"modelName\":\"newBin\"}"}]}
RESULT: undefined
COMMAND: POST /session/21ce62c4ecbe6d238b640e15c86407e3/element - {"using":"xpath","value":"//*[@id=\"__box56\"]"}
RESULT: {"using":"xpath","value":"//*[@id=\"__box56\"]"}
COMMAND: POST /session/21ce62c4ecbe6d238b640e15c86407e3/element/f.93D217436D6DD50F1CAF1D433A497FC6.d.84DD0BD39732C42D3CD81985E22D7FF3.e.3161/click - {}
RESULT: {}
COMMAND: GET /session/21ce62c4ecbe6d238b640e15c86407e3/screenshot - {}
RESULT: {}
COMMAND: POST /session/21ce62c4ecbe6d238b640e15c86407e3/execute/async - {"script":"<script> [1562 bytes]","args":[{"selector":{"id":"createOrganizationPop--binTypesCB","searchOpenDialogs":true,"interaction":{"idSuffix":"inner"}},"wdio_ui5_key":"createOrganizationPopbinTypesCB"}]}
RESULT: {"script":"<script> [1562 bytes]","args":[{"selector":{"id":"createOrganizationPop--binTypesCB","searchOpenDialogs":true,"interaction":{"idSuffix":"inner"}},"wdio_ui5_key":"createOrganizationPopbinTypesCB"}]}
RESULT: undefined
COMMAND: POST /session/21ce62c4ecbe6d238b640e15c86407e3/execute/async - {"script":"<script> [776 bytes]","args":[{"enterText":"1 - General / No capacity check","selector":{"id":"createOrganizationPop--binTypesCB","searchOpenDialogs":true,"interaction":{"idSuffix":"inner"}},"clearTextFirst":true,"interactionType":"ENTER_TEXT"}]}
RESULT: {"script":"<script> [776 bytes]","args":[{"enterText":"1 - General / No capacity check","selector":{"id":"createOrganizationPop--binTypesCB","searchOpenDialogs":true,"interaction":{"idSuffix":"inner"}},"clearTextFirst":true,"interactionType":"ENTER_TEXT"}]}
COMMAND: POST /session/21ce62c4ecbe6d238b640e15c86407e3/actions - {"actions":[{"id":"action10","type":"key","parameters":{},"actions":[{"type":"keyDown","value":""},{"type":"pause","duration":10},{"type":"keyUp","value":""}]}]}
RESULT: {"actions":[{"id":"action10","type":"key","parameters":{},"actions":[{"type":"keyDown","value":""},{"type":"pause","duration":10},{"type":"keyUp","value":""}]}]}
COMMAND: GET /session/21ce62c4ecbe6d238b640e15c86407e3/screenshot - {}
RESULT: {}
COMMAND: POST /session/21ce62c4ecbe6d238b640e15c86407e3/execute/async - {"script":"<script> [1562 bytes]","args":[{"selector":{"id":"createOrganizationPop--finishBtn","searchOpenDialogs":true,"interaction":{"idSuffix":"BDI-content"}},"wdio_ui5_key":"createOrganizationPopfinishBtn"}]}
RESULT: {"script":"<script> [1562 bytes]","args":[{"selector":{"id":"createOrganizationPop--finishBtn","searchOpenDialogs":true,"interaction":{"idSuffix":"BDI-content"}},"wdio_ui5_key":"createOrganizationPopfinishBtn"}]}
RESULT: undefined
COMMAND: POST /session/21ce62c4ecbe6d238b640e15c86407e3/element - {"using":"xpath","value":"//*[@id=\"createOrganizationPop--finishBtn\"]"}
RESULT: {"using":"xpath","value":"//*[@id=\"createOrganizationPop--finishBtn\"]"}
COMMAND: POST /session/21ce62c4ecbe6d238b640e15c86407e3/element/f.93D217436D6DD50F1CAF1D433A497FC6.d.84DD0BD39732C42D3CD81985E22D7FF3.e.3172/click - {}
RESULT: {}
COMMAND: GET /session/21ce62c4ecbe6d238b640e15c86407e3/screenshot - {}
RESULT: {}
COMMAND: POST /session/21ce62c4ecbe6d238b640e15c86407e3/element - {"using":"css selector","value":"#shell-header-logo"}
RESULT: {"using":"css selector","value":"#shell-header-logo"}
COMMAND: POST /session/21ce62c4ecbe6d238b640e15c86407e3/element/f.93D217436D6DD50F1CAF1D433A497FC6.d.84DD0BD39732C42D3CD81985E22D7FF3.e.3027/click - {}
RESULT: {}
COMMAND: GET /session/21ce62c4ecbe6d238b640e15c86407e3/screenshot - {}
RESULT: {}
]]></system-out>
    </testcase>
    <testcase classname="chrome.136_0_7103_93.windows.Stock_increase_-_with_WHM_US125587" name="Bin Status Report Should Create New Organization for Site" time="76.848">
      <system-out><![CDATA[
RESULT: undefined
COMMAND: POST /session/21ce62c4ecbe6d238b640e15c86407e3/element - {"using":"xpath","value":"//*[@id=\"__tile104\"]"}
RESULT: {"using":"xpath","value":"//*[@id=\"__tile104\"]"}
COMMAND: POST /session/21ce62c4ecbe6d238b640e15c86407e3/element/f.93D217436D6DD50F1CAF1D433A497FC6.d.84DD0BD39732C42D3CD81985E22D7FF3.e.3020/click - {}
RESULT: {}
COMMAND: GET /session/21ce62c4ecbe6d238b640e15c86407e3/screenshot - {}
RESULT: {}
COMMAND: POST /session/21ce62c4ecbe6d238b640e15c86407e3/elements - {"using":"xpath","value":"//span[text()='Error']"}
RESULT: {"using":"xpath","value":"//span[text()='Error']"}
COMMAND: POST /session/21ce62c4ecbe6d238b640e15c86407e3/element - {"using":"xpath","value":"//button[@id=\"application-binstatusreport-display-component---warehousing--createOrgBtn\"]"}
RESULT: {"using":"xpath","value":"//button[@id=\"application-binstatusreport-display-component---warehousing--createOrgBtn\"]"}
COMMAND: POST /session/21ce62c4ecbe6d238b640e15c86407e3/elements - {"using":"xpath","value":"//button[@id=\"application-binstatusreport-display-component---warehousing--createOrgBtn\"]"}
RESULT: {"using":"xpath","value":"//button[@id=\"application-binstatusreport-display-component---warehousing--createOrgBtn\"]"}
COMMAND: POST /session/21ce62c4ecbe6d238b640e15c86407e3/execute/sync - {"script":"<script> [8489 bytes]","args":[{"element-6066-11e4-a52e-4f735466cecf":"f.93D217436D6DD50F1CAF1D433A497FC6.d.84DD0BD39732C42D3CD81985E22D7FF3.e.3217","ELEMENT":"f.93D217436D6DD50F1CAF1D433A497FC6.d.84DD0BD39732C42D3CD81985E22D7FF3.e.3217"}]}
RESULT: {"script":"<script> [8489 bytes]","args":[{"element-6066-11e4-a52e-4f735466cecf":"f.93D217436D6DD50F1CAF1D433A497FC6.d.84DD0BD39732C42D3CD81985E22D7FF3.e.3217","ELEMENT":"f.93D217436D6DD50F1CAF1D433A497FC6.d.84DD0BD39732C42D3CD81985E22D7FF3.e.3217"}]}
COMMAND: GET /session/21ce62c4ecbe6d238b640e15c86407e3/element/f.93D217436D6DD50F1CAF1D433A497FC6.d.84DD0BD39732C42D3CD81985E22D7FF3.e.3217/enabled - {}
COMMAND: GET /session/21ce62c4ecbe6d238b640e15c86407e3/screenshot - {}
RESULT: {}
COMMAND: POST /session/21ce62c4ecbe6d238b640e15c86407e3/execute/sync - {"script":"<script> [8489 bytes]","args":[{"element-6066-11e4-a52e-4f735466cecf":"f.93D217436D6DD50F1CAF1D433A497FC6.d.84DD0BD39732C42D3CD81985E22D7FF3.e.3217","ELEMENT":"f.93D217436D6DD50F1CAF1D433A497FC6.d.84DD0BD39732C42D3CD81985E22D7FF3.e.3217"}]}
COMMAND: GET /session/21ce62c4ecbe6d238b640e15c86407e3/screenshot - {}
RESULT: {}
RESULT: {"script":"<script> [8489 bytes]","args":[{"element-6066-11e4-a52e-4f735466cecf":"f.93D217436D6DD50F1CAF1D433A497FC6.d.84DD0BD39732C42D3CD81985E22D7FF3.e.3217","ELEMENT":"f.93D217436D6DD50F1CAF1D433A497FC6.d.84DD0BD39732C42D3CD81985E22D7FF3.e.3217"}]}
COMMAND: POST /session/21ce62c4ecbe6d238b640e15c86407e3/execute/sync - {"script":"<script> [5351 bytes]","args":[{"element-6066-11e4-a52e-4f735466cecf":"f.93D217436D6DD50F1CAF1D433A497FC6.d.84DD0BD39732C42D3CD81985E22D7FF3.e.3217","ELEMENT":"f.93D217436D6DD50F1CAF1D433A497FC6.d.84DD0BD39732C42D3CD81985E22D7FF3.e.3217"}]}
COMMAND: GET /session/21ce62c4ecbe6d238b640e15c86407e3/screenshot - {}
RESULT: {}
RESULT: {"script":"<script> [5351 bytes]","args":[{"element-6066-11e4-a52e-4f735466cecf":"f.93D217436D6DD50F1CAF1D433A497FC6.d.84DD0BD39732C42D3CD81985E22D7FF3.e.3217","ELEMENT":"f.93D217436D6DD50F1CAF1D433A497FC6.d.84DD0BD39732C42D3CD81985E22D7FF3.e.3217"}]}
COMMAND: GET /session/21ce62c4ecbe6d238b640e15c86407e3/screenshot - {}
RESULT: {}
RESULT: {}
COMMAND: POST /session/21ce62c4ecbe6d238b640e15c86407e3/element/f.93D217436D6DD50F1CAF1D433A497FC6.d.84DD0BD39732C42D3CD81985E22D7FF3.e.3217/click - {}
RESULT: {}
COMMAND: GET /session/21ce62c4ecbe6d238b640e15c86407e3/screenshot - {}
RESULT: {}
RESULT: undefined
COMMAND: POST /session/21ce62c4ecbe6d238b640e15c86407e3/execute/async - {"script":"<script> [776 bytes]","args":[{"enterText":"2280","selector":{"id":"createOrganizationPop--sectionInput","searchOpenDialogs":true,"interaction":{"idSuffix":"inner"}},"clearTextFirst":true,"interactionType":"ENTER_TEXT"}]}
RESULT: {"script":"<script> [776 bytes]","args":[{"enterText":"2280","selector":{"id":"createOrganizationPop--sectionInput","searchOpenDialogs":true,"interaction":{"idSuffix":"inner"}},"clearTextFirst":true,"interactionType":"ENTER_TEXT"}]}
RESULT: undefined
COMMAND: POST /session/21ce62c4ecbe6d238b640e15c86407e3/execute/async - {"script":"<script> [776 bytes]","args":[{"enterText":"WDIO-2280","selector":{"id":"createOrganizationPop--descriptionInput","searchOpenDialogs":true,"interaction":{"idSuffix":"inner"}},"clearTextFirst":true,"interactionType":"ENTER_TEXT"}]}
RESULT: {"script":"<script> [776 bytes]","args":[{"enterText":"WDIO-2280","selector":{"id":"createOrganizationPop--descriptionInput","searchOpenDialogs":true,"interaction":{"idSuffix":"inner"}},"clearTextFirst":true,"interactionType":"ENTER_TEXT"}]}
COMMAND: POST /session/21ce62c4ecbe6d238b640e15c86407e3/element - {"using":"css selector","value":"#createOrganizationPop--siteOrg-inner"}
RESULT: {"using":"css selector","value":"#createOrganizationPop--siteOrg-inner"}
COMMAND: POST /session/21ce62c4ecbe6d238b640e15c86407e3/element/f.93D217436D6DD50F1CAF1D433A497FC6.d.84DD0BD39732C42D3CD81985E22D7FF3.e.3256/clear - {}
RESULT: {}
COMMAND: POST /session/21ce62c4ecbe6d238b640e15c86407e3/element/f.93D217436D6DD50F1CAF1D433A497FC6.d.84DD0BD39732C42D3CD81985E22D7FF3.e.3256/value - {"text":"2280"}
COMMAND: GET /session/21ce62c4ecbe6d238b640e15c86407e3/screenshot - {}
RESULT: {"text":"2280"}
COMMAND: GET /session/21ce62c4ecbe6d238b640e15c86407e3/screenshot - {}
RESULT: {}
RESULT: {}
COMMAND: POST /session/21ce62c4ecbe6d238b640e15c86407e3/actions - {"actions":[{"id":"action11","type":"key","parameters":{},"actions":[{"type":"keyDown","value":""},{"type":"pause","duration":10},{"type":"keyUp","value":""}]}]}
RESULT: {"actions":[{"id":"action11","type":"key","parameters":{},"actions":[{"type":"keyDown","value":""},{"type":"pause","duration":10},{"type":"keyUp","value":""}]}]}
RESULT: undefined
COMMAND: POST /session/21ce62c4ecbe6d238b640e15c86407e3/element - {"using":"xpath","value":"//*[@id=\"createOrganizationPop--giZone\"]"}
COMMAND: GET /session/21ce62c4ecbe6d238b640e15c86407e3/screenshot - {}
RESULT: {"using":"xpath","value":"//*[@id=\"createOrganizationPop--giZone\"]"}
COMMAND: POST /session/21ce62c4ecbe6d238b640e15c86407e3/element/f.93D217436D6DD50F1CAF1D433A497FC6.d.84DD0BD39732C42D3CD81985E22D7FF3.e.3294/click - {}
RESULT: {}
RESULT: {}
COMMAND: GET /session/21ce62c4ecbe6d238b640e15c86407e3/screenshot - {}
RESULT: {}
RESULT: undefined
COMMAND: POST /session/21ce62c4ecbe6d238b640e15c86407e3/execute/async - {"script":"<script> [776 bytes]","args":[{"enterText":"WD-BIN","selector":{"id":"createOrganizationPop--binNoInput","searchOpenDialogs":true,"interaction":{"idSuffix":"inner"}},"clearTextFirst":true,"interactionType":"ENTER_TEXT"}]}
RESULT: {"script":"<script> [776 bytes]","args":[{"enterText":"WD-BIN","selector":{"id":"createOrganizationPop--binNoInput","searchOpenDialogs":true,"interaction":{"idSuffix":"inner"}},"clearTextFirst":true,"interactionType":"ENTER_TEXT"}]}
RESULT: undefined
COMMAND: POST /session/21ce62c4ecbe6d238b640e15c86407e3/execute/async - {"script":"<script> [776 bytes]","args":[{"enterText":"WD-BIN","selector":{"id":"createOrganizationPop--descriptionId","searchOpenDialogs":true,"interaction":{"idSuffix":"inner"}},"clearTextFirst":true,"interactionType":"ENTER_TEXT"}]}
RESULT: {"script":"<script> [776 bytes]","args":[{"enterText":"WD-BIN","selector":{"id":"createOrganizationPop--descriptionId","searchOpenDialogs":true,"interaction":{"idSuffix":"inner"}},"clearTextFirst":true,"interactionType":"ENTER_TEXT"}]}
COMMAND: POST /session/21ce62c4ecbe6d238b640e15c86407e3/execute/async - {"script":"<script> [1562 bytes]","args":[{"selector":{"controlType":"sap.m.CheckBox","viewName":"etm.portal.ui.binstatusreport.view.MasterWareBins","viewId":"application-binstatusreport-display-component---warehousing","bindingPath":{"propertyPath":"/ZONE","modelName":"newBin"},"searchOpenDialogs":true,"interaction":{"idSuffix":"CbBg"}},"wdio_ui5_key":"etmportal.ui.binstatusreport.view.MasterWareBinssap.m.CheckBox{\"propertyPath\":\"/ZONE\",\"modelName\":\"newBin\"}"}]}
RESULT: {"script":"<script> [1562 bytes]","args":[{"selector":{"controlType":"sap.m.CheckBox","viewName":"etm.portal.ui.binstatusreport.view.MasterWareBins","viewId":"application-binstatusreport-display-component---warehousing","bindingPath":{"propertyPath":"/ZONE","modelName":"newBin"},"searchOpenDialogs":true,"interaction":{"idSuffix":"CbBg"}},"wdio_ui5_key":"etmportal.ui.binstatusreport.view.MasterWareBinssap.m.CheckBox{\"propertyPath\":\"/ZONE\",\"modelName\":\"newBin\"}"}]}
RESULT: undefined
COMMAND: POST /session/21ce62c4ecbe6d238b640e15c86407e3/element - {"using":"xpath","value":"//*[@id=\"__box68\"]"}
RESULT: {"using":"xpath","value":"//*[@id=\"__box68\"]"}
COMMAND: POST /session/21ce62c4ecbe6d238b640e15c86407e3/element/f.93D217436D6DD50F1CAF1D433A497FC6.d.84DD0BD39732C42D3CD81985E22D7FF3.e.3316/click - {}
RESULT: {}
COMMAND: GET /session/21ce62c4ecbe6d238b640e15c86407e3/screenshot - {}
RESULT: {}
RESULT: undefined
COMMAND: POST /session/21ce62c4ecbe6d238b640e15c86407e3/execute/async - {"script":"<script> [776 bytes]","args":[{"enterText":"1 - General / No capacity check","selector":{"id":"createOrganizationPop--binTypesCB","searchOpenDialogs":true,"interaction":{"idSuffix":"inner"}},"clearTextFirst":true,"interactionType":"ENTER_TEXT"}]}
RESULT: {"script":"<script> [776 bytes]","args":[{"enterText":"1 - General / No capacity check","selector":{"id":"createOrganizationPop--binTypesCB","searchOpenDialogs":true,"interaction":{"idSuffix":"inner"}},"clearTextFirst":true,"interactionType":"ENTER_TEXT"}]}
COMMAND: POST /session/21ce62c4ecbe6d238b640e15c86407e3/execute/async - {"script":"<script> [1562 bytes]","args":[{"selector":{"id":"createOrganizationPop--capacityId","searchOpenDialogs":true,"interaction":{"idSuffix":"inner"}},"wdio_ui5_key":"createOrganizationPopcapacityId"}]}
RESULT: {"script":"<script> [1562 bytes]","args":[{"selector":{"id":"createOrganizationPop--capacityId","searchOpenDialogs":true,"interaction":{"idSuffix":"inner"}},"wdio_ui5_key":"createOrganizationPopcapacityId"}]}
RESULT: undefined
COMMAND: POST /session/21ce62c4ecbe6d238b640e15c86407e3/actions - {"actions":[{"id":"action12","type":"key","parameters":{},"actions":[{"type":"keyDown","value":""},{"type":"pause","duration":10},{"type":"keyUp","value":""}]}]}
RESULT: {"actions":[{"id":"action12","type":"key","parameters":{},"actions":[{"type":"keyDown","value":""},{"type":"pause","duration":10},{"type":"keyUp","value":""}]}]}
COMMAND: GET /session/21ce62c4ecbe6d238b640e15c86407e3/screenshot - {}
RESULT: {}
RESULT: undefined
COMMAND: POST /session/21ce62c4ecbe6d238b640e15c86407e3/element - {"using":"xpath","value":"//*[@id=\"createOrganizationPop--finishBtn\"]"}
RESULT: {"using":"xpath","value":"//*[@id=\"createOrganizationPop--finishBtn\"]"}
COMMAND: POST /session/21ce62c4ecbe6d238b640e15c86407e3/element/f.93D217436D6DD50F1CAF1D433A497FC6.d.84DD0BD39732C42D3CD81985E22D7FF3.e.3330/click - {}
RESULT: {}
COMMAND: GET /session/21ce62c4ecbe6d238b640e15c86407e3/screenshot - {}
RESULT: {}
COMMAND: POST /session/21ce62c4ecbe6d238b640e15c86407e3/element - {"using":"css selector","value":"#shell-header-logo"}
RESULT: {"using":"css selector","value":"#shell-header-logo"}
COMMAND: POST /session/21ce62c4ecbe6d238b640e15c86407e3/element/f.93D217436D6DD50F1CAF1D433A497FC6.d.84DD0BD39732C42D3CD81985E22D7FF3.e.3181/click - {}
RESULT: {}
COMMAND: GET /session/21ce62c4ecbe6d238b640e15c86407e3/screenshot - {}
RESULT: {}
]]></system-out>
    </testcase>
    <testcase classname="chrome.136_0_7103_93.windows.Stock_increase_-_with_WHM_US125587" name="Create a Warehouse Movement for created yard" time="47.012">
      <system-out><![CDATA[
COMMAND: POST /session/21ce62c4ecbe6d238b640e15c86407e3/execute/async - {"script":"<script> [1562 bytes]","args":[{"selector":{"controlType":"sap.m.GenericTile","properties":{"header":"Manage Warehouse Movements"}},"wdio_ui5_key":"sapm.GenericTile{\"header\":\"Manage Warehouse Movements\"}"}]}
RESULT: {"script":"<script> [1562 bytes]","args":[{"selector":{"controlType":"sap.m.GenericTile","properties":{"header":"Manage Warehouse Movements"}},"wdio_ui5_key":"sapm.GenericTile{\"header\":\"Manage Warehouse Movements\"}"}]}
RESULT: undefined
COMMAND: POST /session/21ce62c4ecbe6d238b640e15c86407e3/element - {"using":"xpath","value":"//*[@id=\"__tile105\"]"}
RESULT: {"using":"xpath","value":"//*[@id=\"__tile105\"]"}
COMMAND: POST /session/21ce62c4ecbe6d238b640e15c86407e3/element/f.93D217436D6DD50F1CAF1D433A497FC6.d.84DD0BD39732C42D3CD81985E22D7FF3.e.3341/click - {}
RESULT: {}
COMMAND: GET /session/21ce62c4ecbe6d238b640e15c86407e3/screenshot - {}
RESULT: {}
COMMAND: POST /session/21ce62c4ecbe6d238b640e15c86407e3/elements - {"using":"xpath","value":"//span[text()='Error']"}
RESULT: {"using":"xpath","value":"//span[text()='Error']"}
COMMAND: POST /session/21ce62c4ecbe6d238b640e15c86407e3/element - {"using":"xpath","value":"//input[@id='application-warehousemovements-display-component---warehouseMovements--smartFilterBar-filterItemControl_BASIC-YARD-inner']"}
RESULT: {"using":"xpath","value":"//input[@id='application-warehousemovements-display-component---warehouseMovements--smartFilterBar-filterItemControl_BASIC-YARD-inner']"}
COMMAND: POST /session/21ce62c4ecbe6d238b640e15c86407e3/elements - {"using":"xpath","value":"//input[@id='application-warehousemovements-display-component---warehouseMovements--smartFilterBar-filterItemControl_BASIC-YARD-inner']"}
RESULT: {"using":"xpath","value":"//input[@id='application-warehousemovements-display-component---warehouseMovements--smartFilterBar-filterItemControl_BASIC-YARD-inner']"}
COMMAND: POST /session/21ce62c4ecbe6d238b640e15c86407e3/execute/sync - {"script":"<script> [8489 bytes]","args":[{"element-6066-11e4-a52e-4f735466cecf":"f.93D217436D6DD50F1CAF1D433A497FC6.d.84DD0BD39732C42D3CD81985E22D7FF3.e.3363","ELEMENT":"f.93D217436D6DD50F1CAF1D433A497FC6.d.84DD0BD39732C42D3CD81985E22D7FF3.e.3363"}]}
RESULT: {"script":"<script> [8489 bytes]","args":[{"element-6066-11e4-a52e-4f735466cecf":"f.93D217436D6DD50F1CAF1D433A497FC6.d.84DD0BD39732C42D3CD81985E22D7FF3.e.3363","ELEMENT":"f.93D217436D6DD50F1CAF1D433A497FC6.d.84DD0BD39732C42D3CD81985E22D7FF3.e.3363"}]}
COMMAND: GET /session/21ce62c4ecbe6d238b640e15c86407e3/element/f.93D217436D6DD50F1CAF1D433A497FC6.d.84DD0BD39732C42D3CD81985E22D7FF3.e.3363/enabled - {}
COMMAND: GET /session/21ce62c4ecbe6d238b640e15c86407e3/screenshot - {}
RESULT: {}
COMMAND: POST /session/21ce62c4ecbe6d238b640e15c86407e3/execute/sync - {"script":"<script> [8489 bytes]","args":[{"element-6066-11e4-a52e-4f735466cecf":"f.93D217436D6DD50F1CAF1D433A497FC6.d.84DD0BD39732C42D3CD81985E22D7FF3.e.3363","ELEMENT":"f.93D217436D6DD50F1CAF1D433A497FC6.d.84DD0BD39732C42D3CD81985E22D7FF3.e.3363"}]}
COMMAND: GET /session/21ce62c4ecbe6d238b640e15c86407e3/screenshot - {}
RESULT: {}
RESULT: {"script":"<script> [8489 bytes]","args":[{"element-6066-11e4-a52e-4f735466cecf":"f.93D217436D6DD50F1CAF1D433A497FC6.d.84DD0BD39732C42D3CD81985E22D7FF3.e.3363","ELEMENT":"f.93D217436D6DD50F1CAF1D433A497FC6.d.84DD0BD39732C42D3CD81985E22D7FF3.e.3363"}]}
COMMAND: POST /session/21ce62c4ecbe6d238b640e15c86407e3/execute/sync - {"script":"<script> [5351 bytes]","args":[{"element-6066-11e4-a52e-4f735466cecf":"f.93D217436D6DD50F1CAF1D433A497FC6.d.84DD0BD39732C42D3CD81985E22D7FF3.e.3363","ELEMENT":"f.93D217436D6DD50F1CAF1D433A497FC6.d.84DD0BD39732C42D3CD81985E22D7FF3.e.3363"}]}
COMMAND: GET /session/21ce62c4ecbe6d238b640e15c86407e3/screenshot - {}
RESULT: {}
RESULT: {"script":"<script> [5351 bytes]","args":[{"element-6066-11e4-a52e-4f735466cecf":"f.93D217436D6DD50F1CAF1D433A497FC6.d.84DD0BD39732C42D3CD81985E22D7FF3.e.3363","ELEMENT":"f.93D217436D6DD50F1CAF1D433A497FC6.d.84DD0BD39732C42D3CD81985E22D7FF3.e.3363"}]}
COMMAND: GET /session/21ce62c4ecbe6d238b640e15c86407e3/screenshot - {}
RESULT: {}
RESULT: {}
COMMAND: POST /session/21ce62c4ecbe6d238b640e15c86407e3/element/f.93D217436D6DD50F1CAF1D433A497FC6.d.84DD0BD39732C42D3CD81985E22D7FF3.e.3363/clear - {}
RESULT: {}
COMMAND: POST /session/21ce62c4ecbe6d238b640e15c86407e3/element/f.93D217436D6DD50F1CAF1D433A497FC6.d.84DD0BD39732C42D3CD81985E22D7FF3.e.3363/value - {"text":"523"}
COMMAND: GET /session/21ce62c4ecbe6d238b640e15c86407e3/screenshot - {}
RESULT: {"text":"523"}
COMMAND: POST /session/21ce62c4ecbe6d238b640e15c86407e3/actions - {"actions":[{"id":"action13","type":"key","parameters":{},"actions":[{"type":"keyDown","value":""},{"type":"pause","duration":10},{"type":"keyUp","value":""}]}]}
COMMAND: GET /session/21ce62c4ecbe6d238b640e15c86407e3/screenshot - {}
RESULT: {}
RESULT: {"actions":[{"id":"action13","type":"key","parameters":{},"actions":[{"type":"keyDown","value":""},{"type":"pause","duration":10},{"type":"keyUp","value":""}]}]}
COMMAND: GET /session/21ce62c4ecbe6d238b640e15c86407e3/screenshot - {}
RESULT: {}
RESULT: {}
COMMAND: POST /session/21ce62c4ecbe6d238b640e15c86407e3/element - {"using":"xpath","value":"//button[contains(@data-kt, \"MasterMovementAddOverflowToolbarButton\")]"}
RESULT: {"using":"xpath","value":"//button[contains(@data-kt, \"MasterMovementAddOverflowToolbarButton\")]"}
COMMAND: POST /session/21ce62c4ecbe6d238b640e15c86407e3/element/f.93D217436D6DD50F1CAF1D433A497FC6.d.84DD0BD39732C42D3CD81985E22D7FF3.e.3388/click - {}
RESULT: {}
COMMAND: GET /session/21ce62c4ecbe6d238b640e15c86407e3/screenshot - {}
RESULT: {}
COMMAND: POST /session/21ce62c4ecbe6d238b640e15c86407e3/element - {"using":"xpath","value":"//*[@id=\"application-warehousemovements-display-component---addMovement--sectionsList-arrow\"]"}
RESULT: {"using":"xpath","value":"//*[@id=\"application-warehousemovements-display-component---addMovement--sectionsList-arrow\"]"}
COMMAND: POST /session/21ce62c4ecbe6d238b640e15c86407e3/element/f.93D217436D6DD50F1CAF1D433A497FC6.d.84DD0BD39732C42D3CD81985E22D7FF3.e.3536/click - {}
RESULT: {}
COMMAND: POST /session/21ce62c4ecbe6d238b640e15c86407e3/actions - {"actions":[{"id":"action14","type":"key","parameters":{},"actions":[{"type":"keyDown","value":""},{"type":"pause","duration":10},{"type":"keyUp","value":""}]}]}
COMMAND: GET /session/21ce62c4ecbe6d238b640e15c86407e3/screenshot - {}
RESULT: {"actions":[{"id":"action14","type":"key","parameters":{},"actions":[{"type":"keyDown","value":""},{"type":"pause","duration":10},{"type":"keyUp","value":""}]}]}
COMMAND: GET /session/21ce62c4ecbe6d238b640e15c86407e3/screenshot - {}
RESULT: {}
RESULT: {}
COMMAND: POST /session/21ce62c4ecbe6d238b640e15c86407e3/actions - {"actions":[{"id":"action15","type":"key","parameters":{},"actions":[{"type":"keyDown","value":""},{"type":"pause","duration":10},{"type":"keyUp","value":""}]}]}
RESULT: {"actions":[{"id":"action15","type":"key","parameters":{},"actions":[{"type":"keyDown","value":""},{"type":"pause","duration":10},{"type":"keyUp","value":""}]}]}
COMMAND: GET /session/21ce62c4ecbe6d238b640e15c86407e3/screenshot - {}
RESULT: {}
COMMAND: POST /session/21ce62c4ecbe6d238b640e15c86407e3/element - {"using":"xpath","value":"//*[@id=\"application-warehousemovements-display-component---addMovement--saveMovementBtn-BDI-content\" and text()=\"Save\"]"}
RESULT: {"using":"xpath","value":"//*[@id=\"application-warehousemovements-display-component---addMovement--saveMovementBtn-BDI-content\" and text()=\"Save\"]"}
COMMAND: POST /session/21ce62c4ecbe6d238b640e15c86407e3/element/f.93D217436D6DD50F1CAF1D433A497FC6.d.84DD0BD39732C42D3CD81985E22D7FF3.e.3537/click - {}
RESULT: {}
COMMAND: GET /session/21ce62c4ecbe6d238b640e15c86407e3/screenshot - {}
RESULT: {}
COMMAND: POST /session/21ce62c4ecbe6d238b640e15c86407e3/element - {"using":"css selector","value":"#shell-header-logo"}
RESULT: {"using":"css selector","value":"#shell-header-logo"}
COMMAND: POST /session/21ce62c4ecbe6d238b640e15c86407e3/element/f.93D217436D6DD50F1CAF1D433A497FC6.d.84DD0BD39732C42D3CD81985E22D7FF3.e.3344/click - {}
RESULT: {}
COMMAND: GET /session/21ce62c4ecbe6d238b640e15c86407e3/screenshot - {}
RESULT: {}
]]></system-out>
    </testcase>
    <testcase classname="chrome.136_0_7103_93.windows.Stock_increase_-_with_WHM_US125587" name="Should do a stock increase handover" time="100.446">
      <failure/>
      <error message="Can't call click on element with selector &quot;//li[.//span[contains(text(),'523 -')]]&quot; because element wasn't found"/>
      <system-out><![CDATA[
COMMAND: POST /session/21ce62c4ecbe6d238b640e15c86407e3/execute/async - {"script":"<script> [1562 bytes]","args":[{"selector":{"controlType":"sap.m.GenericTile","properties":{"header":"Manage Handovers"}},"wdio_ui5_key":"sapm.GenericTile{\"header\":\"Manage Handovers\"}"}]}
RESULT: {"script":"<script> [1562 bytes]","args":[{"selector":{"controlType":"sap.m.GenericTile","properties":{"header":"Manage Handovers"}},"wdio_ui5_key":"sapm.GenericTile{\"header\":\"Manage Handovers\"}"}]}
RESULT: undefined
COMMAND: POST /session/21ce62c4ecbe6d238b640e15c86407e3/element - {"using":"xpath","value":"//*[@id=\"__tile133\"]"}
RESULT: {"using":"xpath","value":"//*[@id=\"__tile133\"]"}
COMMAND: POST /session/21ce62c4ecbe6d238b640e15c86407e3/element/f.93D217436D6DD50F1CAF1D433A497FC6.d.84DD0BD39732C42D3CD81985E22D7FF3.e.225/click - {}
RESULT: {}
COMMAND: GET /session/21ce62c4ecbe6d238b640e15c86407e3/screenshot - {}
RESULT: {}
COMMAND: POST /session/21ce62c4ecbe6d238b640e15c86407e3/elements - {"using":"xpath","value":"//span[text()='Error']"}
RESULT: {"using":"xpath","value":"//span[text()='Error']"}
COMMAND: POST /session/21ce62c4ecbe6d238b640e15c86407e3/element - {"using":"xpath","value":"//button[@data-kt=\"masterHOAddButton\"]"}
RESULT: {"using":"xpath","value":"//button[@data-kt=\"masterHOAddButton\"]"}
COMMAND: POST /session/21ce62c4ecbe6d238b640e15c86407e3/elements - {"using":"xpath","value":"//button[@data-kt=\"masterHOAddButton\"]"}
RESULT: {"using":"xpath","value":"//button[@data-kt=\"masterHOAddButton\"]"}
COMMAND: POST /session/21ce62c4ecbe6d238b640e15c86407e3/elements - {"using":"xpath","value":"//button[@data-kt=\"masterHOAddButton\"]"}
RESULT: {"using":"xpath","value":"//button[@data-kt=\"masterHOAddButton\"]"}
COMMAND: POST /session/21ce62c4ecbe6d238b640e15c86407e3/element - {"using":"xpath","value":"//button[@data-kt=\"masterHOAddButton\"]"}
RESULT: {"using":"xpath","value":"//button[@data-kt=\"masterHOAddButton\"]"}
COMMAND: POST /session/21ce62c4ecbe6d238b640e15c86407e3/execute/sync - {"script":"<script> [8489 bytes]","args":[{"element-6066-11e4-a52e-4f735466cecf":"f.93D217436D6DD50F1CAF1D433A497FC6.d.84DD0BD39732C42D3CD81985E22D7FF3.e.3635","ELEMENT":"f.93D217436D6DD50F1CAF1D433A497FC6.d.84DD0BD39732C42D3CD81985E22D7FF3.e.3635"}]}
RESULT: {"script":"<script> [8489 bytes]","args":[{"element-6066-11e4-a52e-4f735466cecf":"f.93D217436D6DD50F1CAF1D433A497FC6.d.84DD0BD39732C42D3CD81985E22D7FF3.e.3635","ELEMENT":"f.93D217436D6DD50F1CAF1D433A497FC6.d.84DD0BD39732C42D3CD81985E22D7FF3.e.3635"}]}
COMMAND: GET /session/21ce62c4ecbe6d238b640e15c86407e3/element/f.93D217436D6DD50F1CAF1D433A497FC6.d.84DD0BD39732C42D3CD81985E22D7FF3.e.3635/enabled - {}
COMMAND: GET /session/21ce62c4ecbe6d238b640e15c86407e3/screenshot - {}
RESULT: {}
COMMAND: POST /session/21ce62c4ecbe6d238b640e15c86407e3/execute/sync - {"script":"<script> [8489 bytes]","args":[{"element-6066-11e4-a52e-4f735466cecf":"f.93D217436D6DD50F1CAF1D433A497FC6.d.84DD0BD39732C42D3CD81985E22D7FF3.e.3635","ELEMENT":"f.93D217436D6DD50F1CAF1D433A497FC6.d.84DD0BD39732C42D3CD81985E22D7FF3.e.3635"}]}
COMMAND: GET /session/21ce62c4ecbe6d238b640e15c86407e3/screenshot - {}
RESULT: {}
RESULT: {"script":"<script> [8489 bytes]","args":[{"element-6066-11e4-a52e-4f735466cecf":"f.93D217436D6DD50F1CAF1D433A497FC6.d.84DD0BD39732C42D3CD81985E22D7FF3.e.3635","ELEMENT":"f.93D217436D6DD50F1CAF1D433A497FC6.d.84DD0BD39732C42D3CD81985E22D7FF3.e.3635"}]}
COMMAND: POST /session/21ce62c4ecbe6d238b640e15c86407e3/execute/sync - {"script":"<script> [5351 bytes]","args":[{"element-6066-11e4-a52e-4f735466cecf":"f.93D217436D6DD50F1CAF1D433A497FC6.d.84DD0BD39732C42D3CD81985E22D7FF3.e.3635","ELEMENT":"f.93D217436D6DD50F1CAF1D433A497FC6.d.84DD0BD39732C42D3CD81985E22D7FF3.e.3635"}]}
COMMAND: GET /session/21ce62c4ecbe6d238b640e15c86407e3/screenshot - {}
RESULT: {}
RESULT: {"script":"<script> [5351 bytes]","args":[{"element-6066-11e4-a52e-4f735466cecf":"f.93D217436D6DD50F1CAF1D433A497FC6.d.84DD0BD39732C42D3CD81985E22D7FF3.e.3635","ELEMENT":"f.93D217436D6DD50F1CAF1D433A497FC6.d.84DD0BD39732C42D3CD81985E22D7FF3.e.3635"}]}
COMMAND: POST /session/21ce62c4ecbe6d238b640e15c86407e3/element/f.93D217436D6DD50F1CAF1D433A497FC6.d.84DD0BD39732C42D3CD81985E22D7FF3.e.3635/click - {}
COMMAND: GET /session/21ce62c4ecbe6d238b640e15c86407e3/screenshot - {}
RESULT: {}
RESULT: {}
COMMAND: GET /session/21ce62c4ecbe6d238b640e15c86407e3/screenshot - {}
RESULT: {}
RESULT: {}
COMMAND: POST /session/21ce62c4ecbe6d238b640e15c86407e3/element - {"using":"xpath","value":"//span[contains(@id ,\"AddNewHO--typeSelect-arrow\")]"}
RESULT: {"using":"xpath","value":"//span[contains(@id ,\"AddNewHO--typeSelect-arrow\")]"}
COMMAND: POST /session/21ce62c4ecbe6d238b640e15c86407e3/element/f.93D217436D6DD50F1CAF1D433A497FC6.d.84DD0BD39732C42D3CD81985E22D7FF3.e.3999/click - {}
RESULT: {}
COMMAND: GET /session/21ce62c4ecbe6d238b640e15c86407e3/screenshot - {}
RESULT: {}
COMMAND: POST /session/21ce62c4ecbe6d238b640e15c86407e3/element - {"using":"xpath","value":"(//li[contains(text(), \"stock increase yard\")])[1]"}
RESULT: {"using":"xpath","value":"(//li[contains(text(), \"stock increase yard\")])[1]"}
COMMAND: POST /session/21ce62c4ecbe6d238b640e15c86407e3/element/f.93D217436D6DD50F1CAF1D433A497FC6.d.84DD0BD39732C42D3CD81985E22D7FF3.e.4000/click - {}
RESULT: {}
COMMAND: GET /session/21ce62c4ecbe6d238b640e15c86407e3/screenshot - {}
RESULT: {}
COMMAND: POST /session/21ce62c4ecbe6d238b640e15c86407e3/execute/async - {"script":"<script> [1562 bytes]","args":[{"selector":{"id":"application-managehandovers-display-component---AddNewHO--dueDate","interaction":{"idSuffix":"inner"}},"wdio_ui5_key":"applicationmanagehandovers-display-component---AddNewHO--dueDate"}]}
RESULT: {"script":"<script> [1562 bytes]","args":[{"selector":{"id":"application-managehandovers-display-component---AddNewHO--dueDate","interaction":{"idSuffix":"inner"}},"wdio_ui5_key":"applicationmanagehandovers-display-component---AddNewHO--dueDate"}]}
RESULT: undefined
COMMAND: POST /session/21ce62c4ecbe6d238b640e15c86407e3/execute/async - {"script":"<script> [6424 bytes]","args":[{"element-6066-11e4-a52e-4f735466cecf":"f.93D217436D6DD50F1CAF1D433A497FC6.d.84DD0BD39732C42D3CD81985E22D7FF3.e.4002"},"setValue",["5/31/25"]]}
RESULT: {"script":"<script> [6424 bytes]","args":[{"element-6066-11e4-a52e-4f735466cecf":"f.93D217436D6DD50F1CAF1D433A497FC6.d.84DD0BD39732C42D3CD81985E22D7FF3.e.4002"},"setValue",["5/31/25"]]}
COMMAND: POST /session/21ce62c4ecbe6d238b640e15c86407e3/element - {"using":"xpath","value":"//input[@id=\"generalSectionFrg--receiveYard-inner\"]"}
RESULT: {"using":"xpath","value":"//input[@id=\"generalSectionFrg--receiveYard-inner\"]"}
COMMAND: POST /session/21ce62c4ecbe6d238b640e15c86407e3/element/f.93D217436D6DD50F1CAF1D433A497FC6.d.84DD0BD39732C42D3CD81985E22D7FF3.e.4008/clear - {}
RESULT: {}
COMMAND: POST /session/21ce62c4ecbe6d238b640e15c86407e3/element/f.93D217436D6DD50F1CAF1D433A497FC6.d.84DD0BD39732C42D3CD81985E22D7FF3.e.4008/value - {"text":"523"}
COMMAND: GET /session/21ce62c4ecbe6d238b640e15c86407e3/screenshot - {}
RESULT: {"text":"523"}
COMMAND: GET /session/21ce62c4ecbe6d238b640e15c86407e3/screenshot - {}
RESULT: {}
RESULT: {}
COMMAND: POST /session/21ce62c4ecbe6d238b640e15c86407e3/element - {"using":"xpath","value":"//li[.//span[contains(text(),'523 -')]]"}
RESULT: {"using":"xpath","value":"//li[.//span[contains(text(),'523 -')]]"}
COMMAND: POST /session/21ce62c4ecbe6d238b640e15c86407e3/elements - {"using":"xpath","value":"//li[.//span[contains(text(),'523 -')]]"}
RESULT: {"using":"xpath","value":"//li[.//span[contains(text(),'523 -')]]"}
COMMAND: POST /session/21ce62c4ecbe6d238b640e15c86407e3/elements - {"using":"xpath","value":"//li[.//span[contains(text(),'523 -')]]"}
RESULT: {"using":"xpath","value":"//li[.//span[contains(text(),'523 -')]]"}
COMMAND: POST /session/21ce62c4ecbe6d238b640e15c86407e3/elements - {"using":"xpath","value":"//li[.//span[contains(text(),'523 -')]]"}
RESULT: {"using":"xpath","value":"//li[.//span[contains(text(),'523 -')]]"}
COMMAND: POST /session/21ce62c4ecbe6d238b640e15c86407e3/elements - {"using":"xpath","value":"//li[.//span[contains(text(),'523 -')]]"}
RESULT: {"using":"xpath","value":"//li[.//span[contains(text(),'523 -')]]"}
COMMAND: POST /session/21ce62c4ecbe6d238b640e15c86407e3/elements - {"using":"xpath","value":"//li[.//span[contains(text(),'523 -')]]"}
RESULT: {"using":"xpath","value":"//li[.//span[contains(text(),'523 -')]]"}
COMMAND: POST /session/21ce62c4ecbe6d238b640e15c86407e3/elements - {"using":"xpath","value":"//li[.//span[contains(text(),'523 -')]]"}
RESULT: {"using":"xpath","value":"//li[.//span[contains(text(),'523 -')]]"}
COMMAND: POST /session/21ce62c4ecbe6d238b640e15c86407e3/elements - {"using":"xpath","value":"//li[.//span[contains(text(),'523 -')]]"}
RESULT: {"using":"xpath","value":"//li[.//span[contains(text(),'523 -')]]"}
COMMAND: POST /session/21ce62c4ecbe6d238b640e15c86407e3/elements - {"using":"xpath","value":"//li[.//span[contains(text(),'523 -')]]"}
RESULT: {"using":"xpath","value":"//li[.//span[contains(text(),'523 -')]]"}
COMMAND: POST /session/21ce62c4ecbe6d238b640e15c86407e3/elements - {"using":"xpath","value":"//li[.//span[contains(text(),'523 -')]]"}
RESULT: {"using":"xpath","value":"//li[.//span[contains(text(),'523 -')]]"}
COMMAND: POST /session/21ce62c4ecbe6d238b640e15c86407e3/elements - {"using":"xpath","value":"//li[.//span[contains(text(),'523 -')]]"}
RESULT: {"using":"xpath","value":"//li[.//span[contains(text(),'523 -')]]"}
COMMAND: POST /session/21ce62c4ecbe6d238b640e15c86407e3/elements - {"using":"xpath","value":"//li[.//span[contains(text(),'523 -')]]"}
RESULT: {"using":"xpath","value":"//li[.//span[contains(text(),'523 -')]]"}
COMMAND: POST /session/21ce62c4ecbe6d238b640e15c86407e3/elements - {"using":"xpath","value":"//li[.//span[contains(text(),'523 -')]]"}
RESULT: {"using":"xpath","value":"//li[.//span[contains(text(),'523 -')]]"}
COMMAND: POST /session/21ce62c4ecbe6d238b640e15c86407e3/elements - {"using":"xpath","value":"//li[.//span[contains(text(),'523 -')]]"}
RESULT: {"using":"xpath","value":"//li[.//span[contains(text(),'523 -')]]"}
COMMAND: POST /session/21ce62c4ecbe6d238b640e15c86407e3/elements - {"using":"xpath","value":"//li[.//span[contains(text(),'523 -')]]"}
RESULT: {"using":"xpath","value":"//li[.//span[contains(text(),'523 -')]]"}
COMMAND: POST /session/21ce62c4ecbe6d238b640e15c86407e3/elements - {"using":"xpath","value":"//li[.//span[contains(text(),'523 -')]]"}
RESULT: {"using":"xpath","value":"//li[.//span[contains(text(),'523 -')]]"}
COMMAND: POST /session/21ce62c4ecbe6d238b640e15c86407e3/elements - {"using":"xpath","value":"//li[.//span[contains(text(),'523 -')]]"}
RESULT: {"using":"xpath","value":"//li[.//span[contains(text(),'523 -')]]"}
COMMAND: POST /session/21ce62c4ecbe6d238b640e15c86407e3/elements - {"using":"xpath","value":"//li[.//span[contains(text(),'523 -')]]"}
RESULT: {"using":"xpath","value":"//li[.//span[contains(text(),'523 -')]]"}
COMMAND: POST /session/21ce62c4ecbe6d238b640e15c86407e3/elements - {"using":"xpath","value":"//li[.//span[contains(text(),'523 -')]]"}
RESULT: {"using":"xpath","value":"//li[.//span[contains(text(),'523 -')]]"}
COMMAND: POST /session/21ce62c4ecbe6d238b640e15c86407e3/elements - {"using":"xpath","value":"//li[.//span[contains(text(),'523 -')]]"}
RESULT: {"using":"xpath","value":"//li[.//span[contains(text(),'523 -')]]"}
COMMAND: POST /session/21ce62c4ecbe6d238b640e15c86407e3/elements - {"using":"xpath","value":"//li[.//span[contains(text(),'523 -')]]"}
RESULT: {"using":"xpath","value":"//li[.//span[contains(text(),'523 -')]]"}
COMMAND: POST /session/21ce62c4ecbe6d238b640e15c86407e3/elements - {"using":"xpath","value":"//li[.//span[contains(text(),'523 -')]]"}
RESULT: {"using":"xpath","value":"//li[.//span[contains(text(),'523 -')]]"}
COMMAND: POST /session/21ce62c4ecbe6d238b640e15c86407e3/elements - {"using":"xpath","value":"//li[.//span[contains(text(),'523 -')]]"}
RESULT: {"using":"xpath","value":"//li[.//span[contains(text(),'523 -')]]"}
COMMAND: POST /session/21ce62c4ecbe6d238b640e15c86407e3/elements - {"using":"xpath","value":"//li[.//span[contains(text(),'523 -')]]"}
RESULT: {"using":"xpath","value":"//li[.//span[contains(text(),'523 -')]]"}
COMMAND: POST /session/21ce62c4ecbe6d238b640e15c86407e3/elements - {"using":"xpath","value":"//li[.//span[contains(text(),'523 -')]]"}
RESULT: {"using":"xpath","value":"//li[.//span[contains(text(),'523 -')]]"}
COMMAND: POST /session/21ce62c4ecbe6d238b640e15c86407e3/elements - {"using":"xpath","value":"//li[.//span[contains(text(),'523 -')]]"}
RESULT: {"using":"xpath","value":"//li[.//span[contains(text(),'523 -')]]"}
COMMAND: POST /session/21ce62c4ecbe6d238b640e15c86407e3/elements - {"using":"xpath","value":"//li[.//span[contains(text(),'523 -')]]"}
RESULT: {"using":"xpath","value":"//li[.//span[contains(text(),'523 -')]]"}
COMMAND: POST /session/21ce62c4ecbe6d238b640e15c86407e3/elements - {"using":"xpath","value":"//li[.//span[contains(text(),'523 -')]]"}
RESULT: {"using":"xpath","value":"//li[.//span[contains(text(),'523 -')]]"}
COMMAND: POST /session/21ce62c4ecbe6d238b640e15c86407e3/elements - {"using":"xpath","value":"//li[.//span[contains(text(),'523 -')]]"}
RESULT: {"using":"xpath","value":"//li[.//span[contains(text(),'523 -')]]"}
COMMAND: POST /session/21ce62c4ecbe6d238b640e15c86407e3/elements - {"using":"xpath","value":"//li[.//span[contains(text(),'523 -')]]"}
RESULT: {"using":"xpath","value":"//li[.//span[contains(text(),'523 -')]]"}
COMMAND: POST /session/21ce62c4ecbe6d238b640e15c86407e3/elements - {"using":"xpath","value":"//li[.//span[contains(text(),'523 -')]]"}
RESULT: {"using":"xpath","value":"//li[.//span[contains(text(),'523 -')]]"}
COMMAND: POST /session/21ce62c4ecbe6d238b640e15c86407e3/elements - {"using":"xpath","value":"//li[.//span[contains(text(),'523 -')]]"}
RESULT: {"using":"xpath","value":"//li[.//span[contains(text(),'523 -')]]"}
COMMAND: POST /session/21ce62c4ecbe6d238b640e15c86407e3/elements - {"using":"xpath","value":"//li[.//span[contains(text(),'523 -')]]"}
RESULT: {"using":"xpath","value":"//li[.//span[contains(text(),'523 -')]]"}
COMMAND: POST /session/21ce62c4ecbe6d238b640e15c86407e3/elements - {"using":"xpath","value":"//li[.//span[contains(text(),'523 -')]]"}
RESULT: {"using":"xpath","value":"//li[.//span[contains(text(),'523 -')]]"}
COMMAND: POST /session/21ce62c4ecbe6d238b640e15c86407e3/elements - {"using":"xpath","value":"//li[.//span[contains(text(),'523 -')]]"}
RESULT: {"using":"xpath","value":"//li[.//span[contains(text(),'523 -')]]"}
COMMAND: POST /session/21ce62c4ecbe6d238b640e15c86407e3/elements - {"using":"xpath","value":"//li[.//span[contains(text(),'523 -')]]"}
RESULT: {"using":"xpath","value":"//li[.//span[contains(text(),'523 -')]]"}
COMMAND: POST /session/21ce62c4ecbe6d238b640e15c86407e3/elements - {"using":"xpath","value":"//li[.//span[contains(text(),'523 -')]]"}
RESULT: {"using":"xpath","value":"//li[.//span[contains(text(),'523 -')]]"}
COMMAND: POST /session/21ce62c4ecbe6d238b640e15c86407e3/elements - {"using":"xpath","value":"//li[.//span[contains(text(),'523 -')]]"}
RESULT: {"using":"xpath","value":"//li[.//span[contains(text(),'523 -')]]"}
COMMAND: POST /session/21ce62c4ecbe6d238b640e15c86407e3/elements - {"using":"xpath","value":"//li[.//span[contains(text(),'523 -')]]"}
RESULT: {"using":"xpath","value":"//li[.//span[contains(text(),'523 -')]]"}
COMMAND: POST /session/21ce62c4ecbe6d238b640e15c86407e3/elements - {"using":"xpath","value":"//li[.//span[contains(text(),'523 -')]]"}
RESULT: {"using":"xpath","value":"//li[.//span[contains(text(),'523 -')]]"}
COMMAND: POST /session/21ce62c4ecbe6d238b640e15c86407e3/elements - {"using":"xpath","value":"//li[.//span[contains(text(),'523 -')]]"}
RESULT: {"using":"xpath","value":"//li[.//span[contains(text(),'523 -')]]"}
COMMAND: POST /session/21ce62c4ecbe6d238b640e15c86407e3/elements - {"using":"xpath","value":"//li[.//span[contains(text(),'523 -')]]"}
RESULT: {"using":"xpath","value":"//li[.//span[contains(text(),'523 -')]]"}
COMMAND: POST /session/21ce62c4ecbe6d238b640e15c86407e3/elements - {"using":"xpath","value":"//li[.//span[contains(text(),'523 -')]]"}
RESULT: {"using":"xpath","value":"//li[.//span[contains(text(),'523 -')]]"}
COMMAND: POST /session/21ce62c4ecbe6d238b640e15c86407e3/elements - {"using":"xpath","value":"//li[.//span[contains(text(),'523 -')]]"}
RESULT: {"using":"xpath","value":"//li[.//span[contains(text(),'523 -')]]"}
COMMAND: POST /session/21ce62c4ecbe6d238b640e15c86407e3/elements - {"using":"xpath","value":"//li[.//span[contains(text(),'523 -')]]"}
RESULT: {"using":"xpath","value":"//li[.//span[contains(text(),'523 -')]]"}
COMMAND: POST /session/21ce62c4ecbe6d238b640e15c86407e3/elements - {"using":"xpath","value":"//li[.//span[contains(text(),'523 -')]]"}
RESULT: {"using":"xpath","value":"//li[.//span[contains(text(),'523 -')]]"}
COMMAND: POST /session/21ce62c4ecbe6d238b640e15c86407e3/elements - {"using":"xpath","value":"//li[.//span[contains(text(),'523 -')]]"}
RESULT: {"using":"xpath","value":"//li[.//span[contains(text(),'523 -')]]"}
COMMAND: POST /session/21ce62c4ecbe6d238b640e15c86407e3/elements - {"using":"xpath","value":"//li[.//span[contains(text(),'523 -')]]"}
RESULT: {"using":"xpath","value":"//li[.//span[contains(text(),'523 -')]]"}
COMMAND: POST /session/21ce62c4ecbe6d238b640e15c86407e3/elements - {"using":"xpath","value":"//li[.//span[contains(text(),'523 -')]]"}
RESULT: {"using":"xpath","value":"//li[.//span[contains(text(),'523 -')]]"}
COMMAND: POST /session/21ce62c4ecbe6d238b640e15c86407e3/elements - {"using":"xpath","value":"//li[.//span[contains(text(),'523 -')]]"}
RESULT: {"using":"xpath","value":"//li[.//span[contains(text(),'523 -')]]"}
COMMAND: POST /session/21ce62c4ecbe6d238b640e15c86407e3/elements - {"using":"xpath","value":"//li[.//span[contains(text(),'523 -')]]"}
RESULT: {"using":"xpath","value":"//li[.//span[contains(text(),'523 -')]]"}
COMMAND: POST /session/21ce62c4ecbe6d238b640e15c86407e3/elements - {"using":"xpath","value":"//li[.//span[contains(text(),'523 -')]]"}
RESULT: {"using":"xpath","value":"//li[.//span[contains(text(),'523 -')]]"}
COMMAND: POST /session/21ce62c4ecbe6d238b640e15c86407e3/elements - {"using":"xpath","value":"//li[.//span[contains(text(),'523 -')]]"}
RESULT: {"using":"xpath","value":"//li[.//span[contains(text(),'523 -')]]"}
COMMAND: POST /session/21ce62c4ecbe6d238b640e15c86407e3/elements - {"using":"xpath","value":"//li[.//span[contains(text(),'523 -')]]"}
RESULT: {"using":"xpath","value":"//li[.//span[contains(text(),'523 -')]]"}
COMMAND: POST /session/21ce62c4ecbe6d238b640e15c86407e3/elements - {"using":"xpath","value":"//li[.//span[contains(text(),'523 -')]]"}
RESULT: {"using":"xpath","value":"//li[.//span[contains(text(),'523 -')]]"}
COMMAND: POST /session/21ce62c4ecbe6d238b640e15c86407e3/elements - {"using":"xpath","value":"//li[.//span[contains(text(),'523 -')]]"}
RESULT: {"using":"xpath","value":"//li[.//span[contains(text(),'523 -')]]"}
COMMAND: POST /session/21ce62c4ecbe6d238b640e15c86407e3/elements - {"using":"xpath","value":"//li[.//span[contains(text(),'523 -')]]"}
RESULT: {"using":"xpath","value":"//li[.//span[contains(text(),'523 -')]]"}
COMMAND: POST /session/21ce62c4ecbe6d238b640e15c86407e3/elements - {"using":"xpath","value":"//li[.//span[contains(text(),'523 -')]]"}
RESULT: {"using":"xpath","value":"//li[.//span[contains(text(),'523 -')]]"}
COMMAND: POST /session/21ce62c4ecbe6d238b640e15c86407e3/elements - {"using":"xpath","value":"//li[.//span[contains(text(),'523 -')]]"}
RESULT: {"using":"xpath","value":"//li[.//span[contains(text(),'523 -')]]"}
COMMAND: POST /session/21ce62c4ecbe6d238b640e15c86407e3/elements - {"using":"xpath","value":"//li[.//span[contains(text(),'523 -')]]"}
RESULT: {"using":"xpath","value":"//li[.//span[contains(text(),'523 -')]]"}
COMMAND: POST /session/21ce62c4ecbe6d238b640e15c86407e3/elements - {"using":"xpath","value":"//li[.//span[contains(text(),'523 -')]]"}
RESULT: {"using":"xpath","value":"//li[.//span[contains(text(),'523 -')]]"}
COMMAND: POST /session/21ce62c4ecbe6d238b640e15c86407e3/elements - {"using":"xpath","value":"//li[.//span[contains(text(),'523 -')]]"}
RESULT: {"using":"xpath","value":"//li[.//span[contains(text(),'523 -')]]"}
COMMAND: POST /session/21ce62c4ecbe6d238b640e15c86407e3/elements - {"using":"xpath","value":"//li[.//span[contains(text(),'523 -')]]"}
RESULT: {"using":"xpath","value":"//li[.//span[contains(text(),'523 -')]]"}
COMMAND: POST /session/21ce62c4ecbe6d238b640e15c86407e3/elements - {"using":"xpath","value":"//li[.//span[contains(text(),'523 -')]]"}
RESULT: {"using":"xpath","value":"//li[.//span[contains(text(),'523 -')]]"}
COMMAND: POST /session/21ce62c4ecbe6d238b640e15c86407e3/elements - {"using":"xpath","value":"//li[.//span[contains(text(),'523 -')]]"}
RESULT: {"using":"xpath","value":"//li[.//span[contains(text(),'523 -')]]"}
COMMAND: POST /session/21ce62c4ecbe6d238b640e15c86407e3/elements - {"using":"xpath","value":"//li[.//span[contains(text(),'523 -')]]"}
RESULT: {"using":"xpath","value":"//li[.//span[contains(text(),'523 -')]]"}
COMMAND: POST /session/21ce62c4ecbe6d238b640e15c86407e3/elements - {"using":"xpath","value":"//li[.//span[contains(text(),'523 -')]]"}
RESULT: {"using":"xpath","value":"//li[.//span[contains(text(),'523 -')]]"}
COMMAND: POST /session/21ce62c4ecbe6d238b640e15c86407e3/elements - {"using":"xpath","value":"//li[.//span[contains(text(),'523 -')]]"}
RESULT: {"using":"xpath","value":"//li[.//span[contains(text(),'523 -')]]"}
COMMAND: POST /session/21ce62c4ecbe6d238b640e15c86407e3/elements - {"using":"xpath","value":"//li[.//span[contains(text(),'523 -')]]"}
RESULT: {"using":"xpath","value":"//li[.//span[contains(text(),'523 -')]]"}
COMMAND: POST /session/21ce62c4ecbe6d238b640e15c86407e3/elements - {"using":"xpath","value":"//li[.//span[contains(text(),'523 -')]]"}
RESULT: {"using":"xpath","value":"//li[.//span[contains(text(),'523 -')]]"}
COMMAND: POST /session/21ce62c4ecbe6d238b640e15c86407e3/elements - {"using":"xpath","value":"//li[.//span[contains(text(),'523 -')]]"}
RESULT: {"using":"xpath","value":"//li[.//span[contains(text(),'523 -')]]"}
COMMAND: POST /session/21ce62c4ecbe6d238b640e15c86407e3/elements - {"using":"xpath","value":"//li[.//span[contains(text(),'523 -')]]"}
RESULT: {"using":"xpath","value":"//li[.//span[contains(text(),'523 -')]]"}
COMMAND: POST /session/21ce62c4ecbe6d238b640e15c86407e3/elements - {"using":"xpath","value":"//li[.//span[contains(text(),'523 -')]]"}
RESULT: {"using":"xpath","value":"//li[.//span[contains(text(),'523 -')]]"}
COMMAND: POST /session/21ce62c4ecbe6d238b640e15c86407e3/elements - {"using":"xpath","value":"//li[.//span[contains(text(),'523 -')]]"}
RESULT: {"using":"xpath","value":"//li[.//span[contains(text(),'523 -')]]"}
COMMAND: POST /session/21ce62c4ecbe6d238b640e15c86407e3/elements - {"using":"xpath","value":"//li[.//span[contains(text(),'523 -')]]"}
RESULT: {"using":"xpath","value":"//li[.//span[contains(text(),'523 -')]]"}
COMMAND: POST /session/21ce62c4ecbe6d238b640e15c86407e3/elements - {"using":"xpath","value":"//li[.//span[contains(text(),'523 -')]]"}
RESULT: {"using":"xpath","value":"//li[.//span[contains(text(),'523 -')]]"}
COMMAND: POST /session/21ce62c4ecbe6d238b640e15c86407e3/elements - {"using":"xpath","value":"//li[.//span[contains(text(),'523 -')]]"}
RESULT: {"using":"xpath","value":"//li[.//span[contains(text(),'523 -')]]"}
COMMAND: POST /session/21ce62c4ecbe6d238b640e15c86407e3/elements - {"using":"xpath","value":"//li[.//span[contains(text(),'523 -')]]"}
RESULT: {"using":"xpath","value":"//li[.//span[contains(text(),'523 -')]]"}
COMMAND: POST /session/21ce62c4ecbe6d238b640e15c86407e3/elements - {"using":"xpath","value":"//li[.//span[contains(text(),'523 -')]]"}
RESULT: {"using":"xpath","value":"//li[.//span[contains(text(),'523 -')]]"}
COMMAND: POST /session/21ce62c4ecbe6d238b640e15c86407e3/elements - {"using":"xpath","value":"//li[.//span[contains(text(),'523 -')]]"}
RESULT: {"using":"xpath","value":"//li[.//span[contains(text(),'523 -')]]"}
COMMAND: POST /session/21ce62c4ecbe6d238b640e15c86407e3/elements - {"using":"xpath","value":"//li[.//span[contains(text(),'523 -')]]"}
RESULT: {"using":"xpath","value":"//li[.//span[contains(text(),'523 -')]]"}
COMMAND: POST /session/21ce62c4ecbe6d238b640e15c86407e3/elements - {"using":"xpath","value":"//li[.//span[contains(text(),'523 -')]]"}
RESULT: {"using":"xpath","value":"//li[.//span[contains(text(),'523 -')]]"}
COMMAND: POST /session/21ce62c4ecbe6d238b640e15c86407e3/elements - {"using":"xpath","value":"//li[.//span[contains(text(),'523 -')]]"}
RESULT: {"using":"xpath","value":"//li[.//span[contains(text(),'523 -')]]"}
COMMAND: POST /session/21ce62c4ecbe6d238b640e15c86407e3/elements - {"using":"xpath","value":"//li[.//span[contains(text(),'523 -')]]"}
RESULT: {"using":"xpath","value":"//li[.//span[contains(text(),'523 -')]]"}
COMMAND: POST /session/21ce62c4ecbe6d238b640e15c86407e3/elements - {"using":"xpath","value":"//li[.//span[contains(text(),'523 -')]]"}
RESULT: {"using":"xpath","value":"//li[.//span[contains(text(),'523 -')]]"}
COMMAND: POST /session/21ce62c4ecbe6d238b640e15c86407e3/elements - {"using":"xpath","value":"//li[.//span[contains(text(),'523 -')]]"}
RESULT: {"using":"xpath","value":"//li[.//span[contains(text(),'523 -')]]"}
COMMAND: POST /session/21ce62c4ecbe6d238b640e15c86407e3/elements - {"using":"xpath","value":"//li[.//span[contains(text(),'523 -')]]"}
RESULT: {"using":"xpath","value":"//li[.//span[contains(text(),'523 -')]]"}
COMMAND: POST /session/21ce62c4ecbe6d238b640e15c86407e3/elements - {"using":"xpath","value":"//li[.//span[contains(text(),'523 -')]]"}
RESULT: {"using":"xpath","value":"//li[.//span[contains(text(),'523 -')]]"}
COMMAND: POST /session/21ce62c4ecbe6d238b640e15c86407e3/elements - {"using":"xpath","value":"//li[.//span[contains(text(),'523 -')]]"}
RESULT: {"using":"xpath","value":"//li[.//span[contains(text(),'523 -')]]"}
COMMAND: POST /session/21ce62c4ecbe6d238b640e15c86407e3/elements - {"using":"xpath","value":"//li[.//span[contains(text(),'523 -')]]"}
RESULT: {"using":"xpath","value":"//li[.//span[contains(text(),'523 -')]]"}
COMMAND: POST /session/21ce62c4ecbe6d238b640e15c86407e3/elements - {"using":"xpath","value":"//li[.//span[contains(text(),'523 -')]]"}
RESULT: {"using":"xpath","value":"//li[.//span[contains(text(),'523 -')]]"}
COMMAND: POST /session/21ce62c4ecbe6d238b640e15c86407e3/elements - {"using":"xpath","value":"//li[.//span[contains(text(),'523 -')]]"}
RESULT: {"using":"xpath","value":"//li[.//span[contains(text(),'523 -')]]"}
COMMAND: POST /session/21ce62c4ecbe6d238b640e15c86407e3/elements - {"using":"xpath","value":"//li[.//span[contains(text(),'523 -')]]"}
RESULT: {"using":"xpath","value":"//li[.//span[contains(text(),'523 -')]]"}
COMMAND: POST /session/21ce62c4ecbe6d238b640e15c86407e3/elements - {"using":"xpath","value":"//li[.//span[contains(text(),'523 -')]]"}
RESULT: {"using":"xpath","value":"//li[.//span[contains(text(),'523 -')]]"}
COMMAND: POST /session/21ce62c4ecbe6d238b640e15c86407e3/elements - {"using":"xpath","value":"//li[.//span[contains(text(),'523 -')]]"}
RESULT: {"using":"xpath","value":"//li[.//span[contains(text(),'523 -')]]"}
COMMAND: POST /session/21ce62c4ecbe6d238b640e15c86407e3/elements - {"using":"xpath","value":"//li[.//span[contains(text(),'523 -')]]"}
RESULT: {"using":"xpath","value":"//li[.//span[contains(text(),'523 -')]]"}
COMMAND: POST /session/21ce62c4ecbe6d238b640e15c86407e3/elements - {"using":"xpath","value":"//li[.//span[contains(text(),'523 -')]]"}
RESULT: {"using":"xpath","value":"//li[.//span[contains(text(),'523 -')]]"}
COMMAND: POST /session/21ce62c4ecbe6d238b640e15c86407e3/elements - {"using":"xpath","value":"//li[.//span[contains(text(),'523 -')]]"}
RESULT: {"using":"xpath","value":"//li[.//span[contains(text(),'523 -')]]"}
COMMAND: POST /session/21ce62c4ecbe6d238b640e15c86407e3/elements - {"using":"xpath","value":"//li[.//span[contains(text(),'523 -')]]"}
RESULT: {"using":"xpath","value":"//li[.//span[contains(text(),'523 -')]]"}
COMMAND: POST /session/21ce62c4ecbe6d238b640e15c86407e3/elements - {"using":"xpath","value":"//li[.//span[contains(text(),'523 -')]]"}
RESULT: {"using":"xpath","value":"//li[.//span[contains(text(),'523 -')]]"}
COMMAND: POST /session/21ce62c4ecbe6d238b640e15c86407e3/elements - {"using":"xpath","value":"//li[.//span[contains(text(),'523 -')]]"}
RESULT: {"using":"xpath","value":"//li[.//span[contains(text(),'523 -')]]"}
COMMAND: POST /session/21ce62c4ecbe6d238b640e15c86407e3/elements - {"using":"xpath","value":"//li[.//span[contains(text(),'523 -')]]"}
RESULT: {"using":"xpath","value":"//li[.//span[contains(text(),'523 -')]]"}
COMMAND: POST /session/21ce62c4ecbe6d238b640e15c86407e3/elements - {"using":"xpath","value":"//li[.//span[contains(text(),'523 -')]]"}
RESULT: {"using":"xpath","value":"//li[.//span[contains(text(),'523 -')]]"}
COMMAND: POST /session/21ce62c4ecbe6d238b640e15c86407e3/elements - {"using":"xpath","value":"//li[.//span[contains(text(),'523 -')]]"}
RESULT: {"using":"xpath","value":"//li[.//span[contains(text(),'523 -')]]"}
COMMAND: POST /session/21ce62c4ecbe6d238b640e15c86407e3/elements - {"using":"xpath","value":"//li[.//span[contains(text(),'523 -')]]"}
RESULT: {"using":"xpath","value":"//li[.//span[contains(text(),'523 -')]]"}
COMMAND: POST /session/21ce62c4ecbe6d238b640e15c86407e3/elements - {"using":"xpath","value":"//li[.//span[contains(text(),'523 -')]]"}
RESULT: {"using":"xpath","value":"//li[.//span[contains(text(),'523 -')]]"}
COMMAND: POST /session/21ce62c4ecbe6d238b640e15c86407e3/elements - {"using":"xpath","value":"//li[.//span[contains(text(),'523 -')]]"}
RESULT: {"using":"xpath","value":"//li[.//span[contains(text(),'523 -')]]"}
COMMAND: POST /session/21ce62c4ecbe6d238b640e15c86407e3/elements - {"using":"xpath","value":"//li[.//span[contains(text(),'523 -')]]"}
RESULT: {"using":"xpath","value":"//li[.//span[contains(text(),'523 -')]]"}
COMMAND: POST /session/21ce62c4ecbe6d238b640e15c86407e3/elements - {"using":"xpath","value":"//li[.//span[contains(text(),'523 -')]]"}
RESULT: {"using":"xpath","value":"//li[.//span[contains(text(),'523 -')]]"}
COMMAND: POST /session/21ce62c4ecbe6d238b640e15c86407e3/elements - {"using":"xpath","value":"//li[.//span[contains(text(),'523 -')]]"}
RESULT: {"using":"xpath","value":"//li[.//span[contains(text(),'523 -')]]"}
COMMAND: POST /session/21ce62c4ecbe6d238b640e15c86407e3/elements - {"using":"xpath","value":"//li[.//span[contains(text(),'523 -')]]"}
RESULT: {"using":"xpath","value":"//li[.//span[contains(text(),'523 -')]]"}
COMMAND: POST /session/21ce62c4ecbe6d238b640e15c86407e3/elements - {"using":"xpath","value":"//li[.//span[contains(text(),'523 -')]]"}
RESULT: {"using":"xpath","value":"//li[.//span[contains(text(),'523 -')]]"}
COMMAND: POST /session/21ce62c4ecbe6d238b640e15c86407e3/elements - {"using":"xpath","value":"//li[.//span[contains(text(),'523 -')]]"}
RESULT: {"using":"xpath","value":"//li[.//span[contains(text(),'523 -')]]"}
COMMAND: POST /session/21ce62c4ecbe6d238b640e15c86407e3/elements - {"using":"xpath","value":"//li[.//span[contains(text(),'523 -')]]"}
RESULT: {"using":"xpath","value":"//li[.//span[contains(text(),'523 -')]]"}
COMMAND: POST /session/21ce62c4ecbe6d238b640e15c86407e3/elements - {"using":"xpath","value":"//li[.//span[contains(text(),'523 -')]]"}
RESULT: {"using":"xpath","value":"//li[.//span[contains(text(),'523 -')]]"}
COMMAND: POST /session/21ce62c4ecbe6d238b640e15c86407e3/elements - {"using":"xpath","value":"//li[.//span[contains(text(),'523 -')]]"}
RESULT: {"using":"xpath","value":"//li[.//span[contains(text(),'523 -')]]"}
COMMAND: POST /session/21ce62c4ecbe6d238b640e15c86407e3/elements - {"using":"xpath","value":"//li[.//span[contains(text(),'523 -')]]"}
RESULT: {"using":"xpath","value":"//li[.//span[contains(text(),'523 -')]]"}
COMMAND: POST /session/21ce62c4ecbe6d238b640e15c86407e3/elements - {"using":"xpath","value":"//li[.//span[contains(text(),'523 -')]]"}
RESULT: {"using":"xpath","value":"//li[.//span[contains(text(),'523 -')]]"}
COMMAND: POST /session/21ce62c4ecbe6d238b640e15c86407e3/elements - {"using":"xpath","value":"//li[.//span[contains(text(),'523 -')]]"}
RESULT: {"using":"xpath","value":"//li[.//span[contains(text(),'523 -')]]"}
COMMAND: POST /session/21ce62c4ecbe6d238b640e15c86407e3/elements - {"using":"xpath","value":"//li[.//span[contains(text(),'523 -')]]"}
RESULT: {"using":"xpath","value":"//li[.//span[contains(text(),'523 -')]]"}
COMMAND: POST /session/21ce62c4ecbe6d238b640e15c86407e3/elements - {"using":"xpath","value":"//li[.//span[contains(text(),'523 -')]]"}
RESULT: {"using":"xpath","value":"//li[.//span[contains(text(),'523 -')]]"}
COMMAND: POST /session/21ce62c4ecbe6d238b640e15c86407e3/elements - {"using":"xpath","value":"//li[.//span[contains(text(),'523 -')]]"}
COMMAND: GET /session/21ce62c4ecbe6d238b640e15c86407e3/screenshot - {}
RESULT: {"using":"xpath","value":"//li[.//span[contains(text(),'523 -')]]"}
RESULT: {}
COMMAND: GET /session/21ce62c4ecbe6d238b640e15c86407e3/screenshot - {}
COMMAND: GET /session/21ce62c4ecbe6d238b640e15c86407e3/screenshot - {}
COMMAND: POST /session/21ce62c4ecbe6d238b640e15c86407e3/element - {"using":"css selector","value":"#j_username"}
COMMAND: POST /session/21ce62c4ecbe6d238b640e15c86407e3/url - {"url":"https://qa-testing-00-live-etm-ui.cfapps.eu10-004.hana.ondemand.com/"}
RESULT: {}
RESULT: {}
RESULT: {"using":"css selector","value":"#j_username"}
COMMAND: POST /session/21ce62c4ecbe6d238b640e15c86407e3/element - {"using":"css selector","value":"#j_username"}
RESULT: {"url":"https://qa-testing-00-live-etm-ui.cfapps.eu10-004.hana.ondemand.com/"}
RESULT: undefined
COMMAND: GET /session/21ce62c4ecbe6d238b640e15c86407e3/screenshot - {}
RESULT: {"using":"css selector","value":"#j_username"}
COMMAND: POST /session/21ce62c4ecbe6d238b640e15c86407e3/element - {"using":"css selector","value":"#shell-header-logo"}
RESULT: {}
RESULT: {"using":"css selector","value":"#shell-header-logo"}
COMMAND: POST /session/21ce62c4ecbe6d238b640e15c86407e3/execute/sync - {"script":"<script> [8489 bytes]","args":[{"element-6066-11e4-a52e-4f735466cecf":"f.93D217436D6DD50F1CAF1D433A497FC6.d.526D217E47FF00D061CB52BE2F7A50DD.e.4038","ELEMENT":"f.93D217436D6DD50F1CAF1D433A497FC6.d.526D217E47FF00D061CB52BE2F7A50DD.e.4038"}]}
RESULT: {"script":"<script> [8489 bytes]","args":[{"element-6066-11e4-a52e-4f735466cecf":"f.93D217436D6DD50F1CAF1D433A497FC6.d.526D217E47FF00D061CB52BE2F7A50DD.e.4038","ELEMENT":"f.93D217436D6DD50F1CAF1D433A497FC6.d.526D217E47FF00D061CB52BE2F7A50DD.e.4038"}]}
COMMAND: POST /session/21ce62c4ecbe6d238b640e15c86407e3/element - {"using":"css selector","value":"#shell-header-logo"}
COMMAND: GET /session/21ce62c4ecbe6d238b640e15c86407e3/screenshot - {}
RESULT: {"using":"css selector","value":"#shell-header-logo"}
COMMAND: POST /session/21ce62c4ecbe6d238b640e15c86407e3/execute/sync - {"script":"<script> [8489 bytes]","args":[{"element-6066-11e4-a52e-4f735466cecf":"f.93D217436D6DD50F1CAF1D433A497FC6.d.526D217E47FF00D061CB52BE2F7A50DD.e.4038","ELEMENT":"f.93D217436D6DD50F1CAF1D433A497FC6.d.526D217E47FF00D061CB52BE2F7A50DD.e.4038"}]}
RESULT: {}
RESULT: {"script":"<script> [8489 bytes]","args":[{"element-6066-11e4-a52e-4f735466cecf":"f.93D217436D6DD50F1CAF1D433A497FC6.d.526D217E47FF00D061CB52BE2F7A50DD.e.4038","ELEMENT":"f.93D217436D6DD50F1CAF1D433A497FC6.d.526D217E47FF00D061CB52BE2F7A50DD.e.4038"}]}
COMMAND: POST /session/21ce62c4ecbe6d238b640e15c86407e3/execute/sync - {"script":"<script> [5351 bytes]","args":[{"element-6066-11e4-a52e-4f735466cecf":"f.93D217436D6DD50F1CAF1D433A497FC6.d.526D217E47FF00D061CB52BE2F7A50DD.e.4038","ELEMENT":"f.93D217436D6DD50F1CAF1D433A497FC6.d.526D217E47FF00D061CB52BE2F7A50DD.e.4038"}]}
COMMAND: GET /session/21ce62c4ecbe6d238b640e15c86407e3/screenshot - {}
RESULT: {"script":"<script> [5351 bytes]","args":[{"element-6066-11e4-a52e-4f735466cecf":"f.93D217436D6DD50F1CAF1D433A497FC6.d.526D217E47FF00D061CB52BE2F7A50DD.e.4038","ELEMENT":"f.93D217436D6DD50F1CAF1D433A497FC6.d.526D217E47FF00D061CB52BE2F7A50DD.e.4038"}]}
COMMAND: POST /session/21ce62c4ecbe6d238b640e15c86407e3/element - {"using":"css selector","value":"#shell-header-logo"}
COMMAND: GET /session/21ce62c4ecbe6d238b640e15c86407e3/screenshot - {}
RESULT: {}
RESULT: {"using":"css selector","value":"#shell-header-logo"}
COMMAND: POST /session/21ce62c4ecbe6d238b640e15c86407e3/element/f.93D217436D6DD50F1CAF1D433A497FC6.d.526D217E47FF00D061CB52BE2F7A50DD.e.4038/click - {}
RESULT: {}
RESULT: {}
COMMAND: GET /session/21ce62c4ecbe6d238b640e15c86407e3/screenshot - {}
RESULT: {}
COMMAND: POST /session/21ce62c4ecbe6d238b640e15c86407e3/execute/async - {"script":"<script> [189 bytes]","args":[]}
RESULT: {"script":"<script> [189 bytes]","args":[]}
COMMAND: POST /session/21ce62c4ecbe6d238b640e15c86407e3/execute/async - {"script":"<script> [123 bytes]","args":[]}
RESULT: {"script":"<script> [123 bytes]","args":[]}
COMMAND: POST /session/21ce62c4ecbe6d238b640e15c86407e3/timeouts - {"script":"<number>"}
RESULT: {"script":"<number>"}
COMMAND: GET /session/21ce62c4ecbe6d238b640e15c86407e3/timeouts - {}
RESULT: {}
RESULT: undefined
COMMAND: POST /session/21ce62c4ecbe6d238b640e15c86407e3/execute/async - {"script":"<script> [2676 bytes]","args":[]}
RESULT: {"script":"<script> [2676 bytes]","args":[]}
COMMAND: POST /session/21ce62c4ecbe6d238b640e15c86407e3/execute/async - {"script":"<script> [2342 bytes]","args":[{"protocol":"http","hostname":"0.0.0.0","path":"/","capabilities":{"browserName":"chrome","goog:chromeOptions":{"binary":"C:\\Program Files\\Google\\Chrome\\Application\\chrome.exe","args":["--start-maximized"]}},"logLevel":"warn","connectionRetryTimeout":120000,"connectionRetryCount":3,"logLevels":{},"enableDirectConnect":true,"strictSSL":true,"_":"65 more keys: [\"cacheDir\",\"port\",\"requestedCapabilities\",\"automationProtocol\",\"baseUrl\",\"waitforInterval\",\"waitforTimeout\",\"onReload\",\"beforeCommand\",\"afterCommand\",\"rootDir\",\"specs\",\"suites\",\"exclude\",\"groupLogsByTestSpec\",\"excludeDriverLogs\",\"bail\",\"framework\",\"reporters\",\"services\",\"maxInstances\",\"maxInstancesPerCapability\",\"injectGlobals\",\"filesToWatch\",\"execArgv\",\"runnerEnv\",\"runner\",\"shard\",\"specFileRetries\",\"specFileRetriesDelay\",\"specFileRetriesDeferred\",\"reporterSyncInterval\",\"reporterSyncTimeout\",\"cucumberFeaturesWithLineNumbers\",\"autoCompileOpts\",\"mochaOpts\",\"jasmineOpts\",\"cucumberOpts\",\"onPrepare\",\"onWorkerStart\",\"onWorkerEnd\",\"before\",\"beforeSession\",\"beforeSuite\",\"beforeHook\",\"beforeTest\",\"afterTest\",\"afterHook\",\"afterSuite\",\"afterSession\",\"after\",\"onComplete\",\"beforeAssertion\",\"afterAssertion\",\"beforeFeature\",\"beforeScenario\",\"beforeStep\",\"afterStep\",\"afterScenario\",\"afterFeature\",\"_\",\"suite\",\"$0\",\"ignoredWorkerServices\",\"wdi5\"]"}]}
RESULT: {"script":"<script> [2342 bytes]","args":[{"protocol":"http","hostname":"0.0.0.0","path":"/","capabilities":{"browserName":"chrome","goog:chromeOptions":{"binary":"C:\\Program Files\\Google\\Chrome\\Application\\chrome.exe","args":["--start-maximized"]}},"logLevel":"warn","connectionRetryTimeout":120000,"connectionRetryCount":3,"logLevels":{},"enableDirectConnect":true,"strictSSL":true,"_":"65 more keys: [\"cacheDir\",\"port\",\"requestedCapabilities\",\"automationProtocol\",\"baseUrl\",\"waitforInterval\",\"waitforTimeout\",\"onReload\",\"beforeCommand\",\"afterCommand\",\"rootDir\",\"specs\",\"suites\",\"exclude\",\"groupLogsByTestSpec\",\"excludeDriverLogs\",\"bail\",\"framework\",\"reporters\",\"services\",\"maxInstances\",\"maxInstancesPerCapability\",\"injectGlobals\",\"filesToWatch\",\"execArgv\",\"runnerEnv\",\"runner\",\"shard\",\"specFileRetries\",\"specFileRetriesDelay\",\"specFileRetriesDeferred\",\"reporterSyncInterval\",\"reporterSyncTimeout\",\"cucumberFeaturesWithLineNumbers\",\"autoCompileOpts\",\"mochaOpts\",\"jasmineOpts\",\"cucumberOpts\",\"onPrepare\",\"onWorkerStart\",\"onWorkerEnd\",\"before\",\"beforeSession\",\"beforeSuite\",\"beforeHook\",\"beforeTest\",\"afterTest\",\"afterHook\",\"afterSuite\",\"afterSession\",\"after\",\"onComplete\",\"beforeAssertion\",\"afterAssertion\",\"beforeFeature\",\"beforeScenario\",\"beforeStep\",\"afterStep\",\"afterScenario\",\"afterFeature\",\"_\",\"suite\",\"$0\",\"ignoredWorkerServices\",\"wdi5\"]"}]}
COMMAND: POST /session/21ce62c4ecbe6d238b640e15c86407e3/execute/async - {"script":"<script> [21126 bytes]","args":[35000]}
RESULT: {"script":"<script> [21126 bytes]","args":[35000]}
COMMAND: POST /session/21ce62c4ecbe6d238b640e15c86407e3/window/maximize - {}
RESULT: {}
COMMAND: POST /session/21ce62c4ecbe6d238b640e15c86407e3/execute/async - {"script":"<script> [1562 bytes]","args":[{"selector":{"id":"shell-header","interaction":{"idSuffix":"icon"}},"wdio_ui5_key":"shellheader"}]}
COMMAND: GET /session/21ce62c4ecbe6d238b640e15c86407e3/screenshot - {}
RESULT: {"script":"<script> [1562 bytes]","args":[{"selector":{"id":"shell-header","interaction":{"idSuffix":"icon"}},"wdio_ui5_key":"shellheader"}]}
RESULT: undefined
COMMAND: POST /session/21ce62c4ecbe6d238b640e15c86407e3/window/fullscreen - {}
RESULT: {}
RESULT: {}
]]></system-out>
      <system-err><![CDATA[
Error: Can't call click on element with selector "//li[.//span[contains(text(),'523 -')]]" because element wasn't found
    at async UtilsPrerequisites.stockIncrease (D:\a\1\s\test\specs\BTS\prerequisites-and-utils-functions.js:1638:9)
    at async Context.<anonymous> (D:\a\1\s\test\specs\HTR\stock-increase.spec.js:105:9)
]]></system-err>
    </testcase>
  </testsuite>
  <testsuite timestamp="2025-05-31T16:30:51" time="161.446" tests="6" failures="0" errors="0" skipped="0">
    <properties>
      <property name="specId" value="0"/>
      <property name="suiteName" value="Provide to Site w/ warehouse management w/ clarification US115878"/>
      <property name="capabilities" value="chrome.136_0_7103_93.windows"/>
      <property name="file" value="file:///D:/a/1/s/test/specs/HTR/provide-to-site-w-warehouse-w-clarification.spec.js"/>
    </properties>
    <testcase classname="chrome.136_0_7103_93.windows.Provide_to_Site_w/_warehouse_management_w/_clarification_US115878" name="Should create a new WHM yard" time="0.045">
      <system-out><![CDATA[
COMMAND: POST /session/21ce62c4ecbe6d238b640e15c86407e3/window/fullscreen - {}
RESULT: {}
]]></system-out>
    </testcase>
    <testcase classname="chrome.136_0_7103_93.windows.Provide_to_Site_w/_warehouse_management_w/_clarification_US115878" name="Should create a new external WHM partner" time="0.005"/>
    <testcase classname="chrome.136_0_7103_93.windows.Provide_to_Site_w/_warehouse_management_w/_clarification_US115878" name="Should create a new WHM site" time="0.005"/>
    <testcase classname="chrome.136_0_7103_93.windows.Provide_to_Site_w/_warehouse_management_w/_clarification_US115878" name="Should create a new material" time="133.76">
      <system-out><![CDATA[
COMMAND: POST /session/21ce62c4ecbe6d238b640e15c86407e3/execute/async - {"script":"<script> [1562 bytes]","args":[{"selector":{"controlType":"sap.m.GenericTile","properties":{"header":"Manage Resources"}},"wdio_ui5_key":"sapm.GenericTile{\"header\":\"Manage Resources\"}"}]}
RESULT: {"script":"<script> [1562 bytes]","args":[{"selector":{"controlType":"sap.m.GenericTile","properties":{"header":"Manage Resources"}},"wdio_ui5_key":"sapm.GenericTile{\"header\":\"Manage Resources\"}"}]}
RESULT: undefined
COMMAND: POST /session/21ce62c4ecbe6d238b640e15c86407e3/element - {"using":"xpath","value":"//*[@id=\"__tile31\"]"}
RESULT: {"using":"xpath","value":"//*[@id=\"__tile31\"]"}
COMMAND: POST /session/21ce62c4ecbe6d238b640e15c86407e3/element/f.93D217436D6DD50F1CAF1D433A497FC6.d.526D217E47FF00D061CB52BE2F7A50DD.e.4062/click - {}
RESULT: {}
COMMAND: GET /session/21ce62c4ecbe6d238b640e15c86407e3/screenshot - {}
RESULT: {}
COMMAND: POST /session/21ce62c4ecbe6d238b640e15c86407e3/elements - {"using":"xpath","value":"//span[text()='Error']"}
RESULT: {"using":"xpath","value":"//span[text()='Error']"}
COMMAND: POST /session/21ce62c4ecbe6d238b640e15c86407e3/element - {"using":"xpath","value":"//button[@data-kt=\"addNewRUOverflowToolbarButton\"]"}
RESULT: {"using":"xpath","value":"//button[@data-kt=\"addNewRUOverflowToolbarButton\"]"}
COMMAND: POST /session/21ce62c4ecbe6d238b640e15c86407e3/elements - {"using":"xpath","value":"//button[@data-kt=\"addNewRUOverflowToolbarButton\"]"}
RESULT: {"using":"xpath","value":"//button[@data-kt=\"addNewRUOverflowToolbarButton\"]"}
COMMAND: POST /session/21ce62c4ecbe6d238b640e15c86407e3/elements - {"using":"xpath","value":"//button[@data-kt=\"addNewRUOverflowToolbarButton\"]"}
RESULT: {"using":"xpath","value":"//button[@data-kt=\"addNewRUOverflowToolbarButton\"]"}
COMMAND: POST /session/21ce62c4ecbe6d238b640e15c86407e3/elements - {"using":"xpath","value":"//button[@data-kt=\"addNewRUOverflowToolbarButton\"]"}
RESULT: {"using":"xpath","value":"//button[@data-kt=\"addNewRUOverflowToolbarButton\"]"}
COMMAND: POST /session/21ce62c4ecbe6d238b640e15c86407e3/elements - {"using":"xpath","value":"//button[@data-kt=\"addNewRUOverflowToolbarButton\"]"}
RESULT: {"using":"xpath","value":"//button[@data-kt=\"addNewRUOverflowToolbarButton\"]"}
COMMAND: POST /session/21ce62c4ecbe6d238b640e15c86407e3/elements - {"using":"xpath","value":"//button[@data-kt=\"addNewRUOverflowToolbarButton\"]"}
RESULT: {"using":"xpath","value":"//button[@data-kt=\"addNewRUOverflowToolbarButton\"]"}
COMMAND: POST /session/21ce62c4ecbe6d238b640e15c86407e3/elements - {"using":"xpath","value":"//button[@data-kt=\"addNewRUOverflowToolbarButton\"]"}
RESULT: {"using":"xpath","value":"//button[@data-kt=\"addNewRUOverflowToolbarButton\"]"}
COMMAND: POST /session/21ce62c4ecbe6d238b640e15c86407e3/elements - {"using":"xpath","value":"//button[@data-kt=\"addNewRUOverflowToolbarButton\"]"}
RESULT: {"using":"xpath","value":"//button[@data-kt=\"addNewRUOverflowToolbarButton\"]"}
COMMAND: POST /session/21ce62c4ecbe6d238b640e15c86407e3/elements - {"using":"xpath","value":"//button[@data-kt=\"addNewRUOverflowToolbarButton\"]"}
RESULT: {"using":"xpath","value":"//button[@data-kt=\"addNewRUOverflowToolbarButton\"]"}
COMMAND: POST /session/21ce62c4ecbe6d238b640e15c86407e3/elements - {"using":"xpath","value":"//button[@data-kt=\"addNewRUOverflowToolbarButton\"]"}
RESULT: {"using":"xpath","value":"//button[@data-kt=\"addNewRUOverflowToolbarButton\"]"}
COMMAND: POST /session/21ce62c4ecbe6d238b640e15c86407e3/elements - {"using":"xpath","value":"//button[@data-kt=\"addNewRUOverflowToolbarButton\"]"}
RESULT: {"using":"xpath","value":"//button[@data-kt=\"addNewRUOverflowToolbarButton\"]"}
COMMAND: POST /session/21ce62c4ecbe6d238b640e15c86407e3/elements - {"using":"xpath","value":"//button[@data-kt=\"addNewRUOverflowToolbarButton\"]"}
RESULT: {"using":"xpath","value":"//button[@data-kt=\"addNewRUOverflowToolbarButton\"]"}
COMMAND: POST /session/21ce62c4ecbe6d238b640e15c86407e3/elements - {"using":"xpath","value":"//button[@data-kt=\"addNewRUOverflowToolbarButton\"]"}
RESULT: {"using":"xpath","value":"//button[@data-kt=\"addNewRUOverflowToolbarButton\"]"}
COMMAND: POST /session/21ce62c4ecbe6d238b640e15c86407e3/elements - {"using":"xpath","value":"//button[@data-kt=\"addNewRUOverflowToolbarButton\"]"}
RESULT: {"using":"xpath","value":"//button[@data-kt=\"addNewRUOverflowToolbarButton\"]"}
COMMAND: POST /session/21ce62c4ecbe6d238b640e15c86407e3/elements - {"using":"xpath","value":"//button[@data-kt=\"addNewRUOverflowToolbarButton\"]"}
RESULT: {"using":"xpath","value":"//button[@data-kt=\"addNewRUOverflowToolbarButton\"]"}
COMMAND: POST /session/21ce62c4ecbe6d238b640e15c86407e3/elements - {"using":"xpath","value":"//button[@data-kt=\"addNewRUOverflowToolbarButton\"]"}
RESULT: {"using":"xpath","value":"//button[@data-kt=\"addNewRUOverflowToolbarButton\"]"}
COMMAND: POST /session/21ce62c4ecbe6d238b640e15c86407e3/elements - {"using":"xpath","value":"//button[@data-kt=\"addNewRUOverflowToolbarButton\"]"}
RESULT: {"using":"xpath","value":"//button[@data-kt=\"addNewRUOverflowToolbarButton\"]"}
COMMAND: POST /session/21ce62c4ecbe6d238b640e15c86407e3/elements - {"using":"xpath","value":"//button[@data-kt=\"addNewRUOverflowToolbarButton\"]"}
RESULT: {"using":"xpath","value":"//button[@data-kt=\"addNewRUOverflowToolbarButton\"]"}
COMMAND: POST /session/21ce62c4ecbe6d238b640e15c86407e3/elements - {"using":"xpath","value":"//button[@data-kt=\"addNewRUOverflowToolbarButton\"]"}
RESULT: {"using":"xpath","value":"//button[@data-kt=\"addNewRUOverflowToolbarButton\"]"}
COMMAND: POST /session/21ce62c4ecbe6d238b640e15c86407e3/elements - {"using":"xpath","value":"//button[@data-kt=\"addNewRUOverflowToolbarButton\"]"}
RESULT: {"using":"xpath","value":"//button[@data-kt=\"addNewRUOverflowToolbarButton\"]"}
COMMAND: POST /session/21ce62c4ecbe6d238b640e15c86407e3/element - {"using":"xpath","value":"//button[@data-kt=\"addNewRUOverflowToolbarButton\"]"}
RESULT: {"using":"xpath","value":"//button[@data-kt=\"addNewRUOverflowToolbarButton\"]"}
COMMAND: POST /session/21ce62c4ecbe6d238b640e15c86407e3/execute/sync - {"script":"<script> [8489 bytes]","args":[{"element-6066-11e4-a52e-4f735466cecf":"f.93D217436D6DD50F1CAF1D433A497FC6.d.526D217E47FF00D061CB52BE2F7A50DD.e.4190","ELEMENT":"f.93D217436D6DD50F1CAF1D433A497FC6.d.526D217E47FF00D061CB52BE2F7A50DD.e.4190"}]}
RESULT: {"script":"<script> [8489 bytes]","args":[{"element-6066-11e4-a52e-4f735466cecf":"f.93D217436D6DD50F1CAF1D433A497FC6.d.526D217E47FF00D061CB52BE2F7A50DD.e.4190","ELEMENT":"f.93D217436D6DD50F1CAF1D433A497FC6.d.526D217E47FF00D061CB52BE2F7A50DD.e.4190"}]}
COMMAND: GET /session/21ce62c4ecbe6d238b640e15c86407e3/element/f.93D217436D6DD50F1CAF1D433A497FC6.d.526D217E47FF00D061CB52BE2F7A50DD.e.4190/enabled - {}
COMMAND: GET /session/21ce62c4ecbe6d238b640e15c86407e3/screenshot - {}
RESULT: {}
COMMAND: POST /session/21ce62c4ecbe6d238b640e15c86407e3/execute/sync - {"script":"<script> [8489 bytes]","args":[{"element-6066-11e4-a52e-4f735466cecf":"f.93D217436D6DD50F1CAF1D433A497FC6.d.526D217E47FF00D061CB52BE2F7A50DD.e.4190","ELEMENT":"f.93D217436D6DD50F1CAF1D433A497FC6.d.526D217E47FF00D061CB52BE2F7A50DD.e.4190"}]}
COMMAND: GET /session/21ce62c4ecbe6d238b640e15c86407e3/screenshot - {}
RESULT: {}
RESULT: {"script":"<script> [8489 bytes]","args":[{"element-6066-11e4-a52e-4f735466cecf":"f.93D217436D6DD50F1CAF1D433A497FC6.d.526D217E47FF00D061CB52BE2F7A50DD.e.4190","ELEMENT":"f.93D217436D6DD50F1CAF1D433A497FC6.d.526D217E47FF00D061CB52BE2F7A50DD.e.4190"}]}
COMMAND: POST /session/21ce62c4ecbe6d238b640e15c86407e3/execute/sync - {"script":"<script> [5351 bytes]","args":[{"element-6066-11e4-a52e-4f735466cecf":"f.93D217436D6DD50F1CAF1D433A497FC6.d.526D217E47FF00D061CB52BE2F7A50DD.e.4190","ELEMENT":"f.93D217436D6DD50F1CAF1D433A497FC6.d.526D217E47FF00D061CB52BE2F7A50DD.e.4190"}]}
COMMAND: GET /session/21ce62c4ecbe6d238b640e15c86407e3/screenshot - {}
RESULT: {}
RESULT: {"script":"<script> [5351 bytes]","args":[{"element-6066-11e4-a52e-4f735466cecf":"f.93D217436D6DD50F1CAF1D433A497FC6.d.526D217E47FF00D061CB52BE2F7A50DD.e.4190","ELEMENT":"f.93D217436D6DD50F1CAF1D433A497FC6.d.526D217E47FF00D061CB52BE2F7A50DD.e.4190"}]}
COMMAND: POST /session/21ce62c4ecbe6d238b640e15c86407e3/element/f.93D217436D6DD50F1CAF1D433A497FC6.d.526D217E47FF00D061CB52BE2F7A50DD.e.4190/click - {}
COMMAND: GET /session/21ce62c4ecbe6d238b640e15c86407e3/screenshot - {}
RESULT: {}
RESULT: {}
COMMAND: GET /session/21ce62c4ecbe6d238b640e15c86407e3/screenshot - {}
COMMAND: POST /session/21ce62c4ecbe6d238b640e15c86407e3/execute/async - {"script":"<script> [1562 bytes]","args":[{"selector":{"id":"application-manageresources-display-component---newResourceUnit--TYPE-arrow"},"wdio_ui5_key":"applicationmanageresources-display-component---newResourceUnit--TYPE-arrow"}]}
RESULT: {}
RESULT: {}
RESULT: {"script":"<script> [1562 bytes]","args":[{"selector":{"id":"application-manageresources-display-component---newResourceUnit--TYPE-arrow"},"wdio_ui5_key":"applicationmanageresources-display-component---newResourceUnit--TYPE-arrow"}]}
RESULT: undefined
COMMAND: POST /session/21ce62c4ecbe6d238b640e15c86407e3/element - {"using":"xpath","value":"//*[@id=\"application-manageresources-display-component---newResourceUnit--TYPE-arrow\"]"}
RESULT: {"using":"xpath","value":"//*[@id=\"application-manageresources-display-component---newResourceUnit--TYPE-arrow\"]"}
COMMAND: POST /session/21ce62c4ecbe6d238b640e15c86407e3/element/f.93D217436D6DD50F1CAF1D433A497FC6.d.526D217E47FF00D061CB52BE2F7A50DD.e.4358/click - {}
RESULT: {}
COMMAND: POST /session/21ce62c4ecbe6d238b640e15c86407e3/element - {"using":"xpath","value":"//input[@id=\"application-manageresources-display-component---newResourceUnit--TYPE-inner\"]"}
COMMAND: GET /session/21ce62c4ecbe6d238b640e15c86407e3/screenshot - {}
RESULT: {"using":"xpath","value":"//input[@id=\"application-manageresources-display-component---newResourceUnit--TYPE-inner\"]"}
COMMAND: POST /session/21ce62c4ecbe6d238b640e15c86407e3/element/f.93D217436D6DD50F1CAF1D433A497FC6.d.526D217E47FF00D061CB52BE2F7A50DD.e.4244/clear - {}
RESULT: {}
RESULT: {}
COMMAND: POST /session/21ce62c4ecbe6d238b640e15c86407e3/element/f.93D217436D6DD50F1CAF1D433A497FC6.d.526D217E47FF00D061CB52BE2F7A50DD.e.4244/value - {"text":"Material"}
COMMAND: GET /session/21ce62c4ecbe6d238b640e15c86407e3/screenshot - {}
RESULT: {"text":"Material"}
COMMAND: GET /session/21ce62c4ecbe6d238b640e15c86407e3/screenshot - {}
RESULT: {}
RESULT: {}
COMMAND: POST /session/21ce62c4ecbe6d238b640e15c86407e3/actions - {"actions":[{"id":"action16","type":"key","parameters":{},"actions":[{"type":"keyDown","value":""},{"type":"pause","duration":10},{"type":"keyUp","value":""}]}]}
RESULT: {"actions":[{"id":"action16","type":"key","parameters":{},"actions":[{"type":"keyDown","value":""},{"type":"pause","duration":10},{"type":"keyUp","value":""}]}]}
COMMAND: POST /session/21ce62c4ecbe6d238b640e15c86407e3/execute/async - {"script":"<script> [1562 bytes]","args":[{"selector":{"id":"application-manageresources-display-component---newResourceUnit--SHORT_TEXT","interaction":{"idSuffix":"inner"}},"wdio_ui5_key":"applicationmanageresources-display-component---newResourceUnit--SHORT_TEXT"}]}
COMMAND: GET /session/21ce62c4ecbe6d238b640e15c86407e3/screenshot - {}
RESULT: {"script":"<script> [1562 bytes]","args":[{"selector":{"id":"application-manageresources-display-component---newResourceUnit--SHORT_TEXT","interaction":{"idSuffix":"inner"}},"wdio_ui5_key":"applicationmanageresources-display-component---newResourceUnit--SHORT_TEXT"}]}
RESULT: undefined
COMMAND: POST /session/21ce62c4ecbe6d238b640e15c86407e3/execute/async - {"script":"<script> [776 bytes]","args":[{"enterText":"Cement WDIO","selector":{"id":"application-manageresources-display-component---newResourceUnit--SHORT_TEXT","interaction":{"idSuffix":"inner"}},"clearTextFirst":true,"interactionType":"ENTER_TEXT"}]}
RESULT: {}
RESULT: {"script":"<script> [776 bytes]","args":[{"enterText":"Cement WDIO","selector":{"id":"application-manageresources-display-component---newResourceUnit--SHORT_TEXT","interaction":{"idSuffix":"inner"}},"clearTextFirst":true,"interactionType":"ENTER_TEXT"}]}
COMMAND: POST /session/21ce62c4ecbe6d238b640e15c86407e3/execute/async - {"script":"<script> [1562 bytes]","args":[{"selector":{"id":"application-manageresources-display-component---newResourceUnit--BASE_UNIT_OF_MEASURE","interaction":{"idSuffix":"inner"}},"wdio_ui5_key":"applicationmanageresources-display-component---newResourceUnit--BASE_UNIT_OF_MEASURE"}]}
RESULT: {"script":"<script> [1562 bytes]","args":[{"selector":{"id":"application-manageresources-display-component---newResourceUnit--BASE_UNIT_OF_MEASURE","interaction":{"idSuffix":"inner"}},"wdio_ui5_key":"applicationmanageresources-display-component---newResourceUnit--BASE_UNIT_OF_MEASURE"}]}
RESULT: undefined
COMMAND: POST /session/21ce62c4ecbe6d238b640e15c86407e3/execute/async - {"script":"<script> [776 bytes]","args":[{"enterText":"Piece","selector":{"id":"application-manageresources-display-component---newResourceUnit--BASE_UNIT_OF_MEASURE","interaction":{"idSuffix":"inner"}},"clearTextFirst":true,"interactionType":"ENTER_TEXT"}]}
RESULT: {"script":"<script> [776 bytes]","args":[{"enterText":"Piece","selector":{"id":"application-manageresources-display-component---newResourceUnit--BASE_UNIT_OF_MEASURE","interaction":{"idSuffix":"inner"}},"clearTextFirst":true,"interactionType":"ENTER_TEXT"}]}
COMMAND: POST /session/21ce62c4ecbe6d238b640e15c86407e3/execute/async - {"script":"<script> [1562 bytes]","args":[{"selector":{"id":"application-manageresources-display-component---newResourceUnit--WEIGHT_UNIT","interaction":{"idSuffix":"inner"}},"wdio_ui5_key":"applicationmanageresources-display-component---newResourceUnit--WEIGHT_UNIT"}]}
RESULT: {"script":"<script> [1562 bytes]","args":[{"selector":{"id":"application-manageresources-display-component---newResourceUnit--WEIGHT_UNIT","interaction":{"idSuffix":"inner"}},"wdio_ui5_key":"applicationmanageresources-display-component---newResourceUnit--WEIGHT_UNIT"}]}
RESULT: undefined
COMMAND: POST /session/21ce62c4ecbe6d238b640e15c86407e3/execute/async - {"script":"<script> [776 bytes]","args":[{"enterText":"Gram","selector":{"id":"application-manageresources-display-component---newResourceUnit--WEIGHT_UNIT","interaction":{"idSuffix":"inner"}},"clearTextFirst":true,"interactionType":"ENTER_TEXT"}]}
RESULT: {"script":"<script> [776 bytes]","args":[{"enterText":"Gram","selector":{"id":"application-manageresources-display-component---newResourceUnit--WEIGHT_UNIT","interaction":{"idSuffix":"inner"}},"clearTextFirst":true,"interactionType":"ENTER_TEXT"}]}
COMMAND: POST /session/21ce62c4ecbe6d238b640e15c86407e3/execute/async - {"script":"<script> [1562 bytes]","args":[{"selector":{"id":"application-manageresources-display-component---newResourceUnit--DIMENSION_UNIT","interaction":{"idSuffix":"inner"}},"wdio_ui5_key":"applicationmanageresources-display-component---newResourceUnit--DIMENSION_UNIT"}]}
RESULT: {"script":"<script> [1562 bytes]","args":[{"selector":{"id":"application-manageresources-display-component---newResourceUnit--DIMENSION_UNIT","interaction":{"idSuffix":"inner"}},"wdio_ui5_key":"applicationmanageresources-display-component---newResourceUnit--DIMENSION_UNIT"}]}
RESULT: undefined
COMMAND: POST /session/21ce62c4ecbe6d238b640e15c86407e3/execute/async - {"script":"<script> [776 bytes]","args":[{"enterText":"Meter","selector":{"id":"application-manageresources-display-component---newResourceUnit--DIMENSION_UNIT","interaction":{"idSuffix":"inner"}},"clearTextFirst":true,"interactionType":"ENTER_TEXT"}]}
RESULT: {"script":"<script> [776 bytes]","args":[{"enterText":"Meter","selector":{"id":"application-manageresources-display-component---newResourceUnit--DIMENSION_UNIT","interaction":{"idSuffix":"inner"}},"clearTextFirst":true,"interactionType":"ENTER_TEXT"}]}
COMMAND: POST /session/21ce62c4ecbe6d238b640e15c86407e3/execute/async - {"script":"<script> [1562 bytes]","args":[{"selector":{"id":"application-manageresources-display-component---newResourceUnit--newRRUPage-anchBar-application-manageresources-display-component---newResourceUnit--control-anchor","interaction":{"idSuffix":"BDI-content"}},"wdio_ui5_key":"applicationmanageresources-display-component---newResourceUnit--newRRUPage-anchBar-application-manageresources-display-component---newResourceUnit--control-anchor"}]}
RESULT: {"script":"<script> [1562 bytes]","args":[{"selector":{"id":"application-manageresources-display-component---newResourceUnit--newRRUPage-anchBar-application-manageresources-display-component---newResourceUnit--control-anchor","interaction":{"idSuffix":"BDI-content"}},"wdio_ui5_key":"applicationmanageresources-display-component---newResourceUnit--newRRUPage-anchBar-application-manageresources-display-component---newResourceUnit--control-anchor"}]}
RESULT: undefined
COMMAND: POST /session/21ce62c4ecbe6d238b640e15c86407e3/element - {"using":"xpath","value":"//*[@id=\"application-manageresources-display-component---newResourceUnit--newRRUPage-anchBar-application-manageresources-display-component---newResourceUnit--control-anchor\"]"}
RESULT: {"using":"xpath","value":"//*[@id=\"application-manageresources-display-component---newResourceUnit--newRRUPage-anchBar-application-manageresources-display-component---newResourceUnit--control-anchor\"]"}
COMMAND: POST /session/21ce62c4ecbe6d238b640e15c86407e3/element/f.93D217436D6DD50F1CAF1D433A497FC6.d.526D217E47FF00D061CB52BE2F7A50DD.e.4490/click - {}
RESULT: {}
COMMAND: POST /session/21ce62c4ecbe6d238b640e15c86407e3/execute/async - {"script":"<script> [1562 bytes]","args":[{"selector":{"id":"application-manageresources-display-component---newResourceUnit--PLANNING_GROUP","interaction":{"idSuffix":"inner"}},"wdio_ui5_key":"applicationmanageresources-display-component---newResourceUnit--PLANNING_GROUP"}]}
COMMAND: GET /session/21ce62c4ecbe6d238b640e15c86407e3/screenshot - {}
RESULT: {"script":"<script> [1562 bytes]","args":[{"selector":{"id":"application-manageresources-display-component---newResourceUnit--PLANNING_GROUP","interaction":{"idSuffix":"inner"}},"wdio_ui5_key":"applicationmanageresources-display-component---newResourceUnit--PLANNING_GROUP"}]}
RESULT: undefined
COMMAND: POST /session/21ce62c4ecbe6d238b640e15c86407e3/execute/async - {"script":"<script> [776 bytes]","args":[{"enterText":"Material","selector":{"id":"application-manageresources-display-component---newResourceUnit--PLANNING_GROUP","interaction":{"idSuffix":"inner"}},"clearTextFirst":true,"interactionType":"ENTER_TEXT"}]}
RESULT: {}
RESULT: {"script":"<script> [776 bytes]","args":[{"enterText":"Material","selector":{"id":"application-manageresources-display-component---newResourceUnit--PLANNING_GROUP","interaction":{"idSuffix":"inner"}},"clearTextFirst":true,"interactionType":"ENTER_TEXT"}]}
COMMAND: POST /session/21ce62c4ecbe6d238b640e15c86407e3/execute/async - {"script":"<script> [1562 bytes]","args":[{"selector":{"id":"application-manageresources-display-component---newResourceUnit--PLANNING_INDICATOR","interaction":{"idSuffix":"inner"}},"wdio_ui5_key":"applicationmanageresources-display-component---newResourceUnit--PLANNING_INDICATOR"}]}
RESULT: {"script":"<script> [1562 bytes]","args":[{"selector":{"id":"application-manageresources-display-component---newResourceUnit--PLANNING_INDICATOR","interaction":{"idSuffix":"inner"}},"wdio_ui5_key":"applicationmanageresources-display-component---newResourceUnit--PLANNING_INDICATOR"}]}
RESULT: undefined
COMMAND: POST /session/21ce62c4ecbe6d238b640e15c86407e3/execute/async - {"script":"<script> [776 bytes]","args":[{"enterText":"10 - infinite","selector":{"id":"application-manageresources-display-component---newResourceUnit--PLANNING_INDICATOR","interaction":{"idSuffix":"inner"}},"clearTextFirst":true,"interactionType":"ENTER_TEXT"}]}
RESULT: {"script":"<script> [776 bytes]","args":[{"enterText":"10 - infinite","selector":{"id":"application-manageresources-display-component---newResourceUnit--PLANNING_INDICATOR","interaction":{"idSuffix":"inner"}},"clearTextFirst":true,"interactionType":"ENTER_TEXT"}]}
COMMAND: POST /session/21ce62c4ecbe6d238b640e15c86407e3/element - {"using":"css selector","value":"#application-manageresources-display-component---newResourceUnit--btnAddTimeSegment"}
RESULT: {"using":"css selector","value":"#application-manageresources-display-component---newResourceUnit--btnAddTimeSegment"}
COMMAND: GET /session/21ce62c4ecbe6d238b640e15c86407e3/element/f.93D217436D6DD50F1CAF1D433A497FC6.d.526D217E47FF00D061CB52BE2F7A50DD.e.4498/rect - {}
RESULT: {}
COMMAND: GET /session/21ce62c4ecbe6d238b640e15c86407e3/window/rect - {}
RESULT: {}
COMMAND: POST /session/21ce62c4ecbe6d238b640e15c86407e3/execute/sync - {"script":"<script> [92 bytes]","args":[]}
RESULT: {"script":"<script> [92 bytes]","args":[]}
COMMAND: POST /session/21ce62c4ecbe6d238b640e15c86407e3/actions - {"actions":[{"id":"action17","type":"wheel","parameters":{},"actions":[{"type":"scroll","x":-1888,"y":-32,"deltaX":0,"deltaY":0,"duration":0,"origin":{"element-6066-11e4-a52e-4f735466cecf":"f.93D217436D6DD50F1CAF1D433A497FC6.d.526D217E47FF00D061CB52BE2F7A50DD.e.4498"}}]}]}
COMMAND: GET /session/21ce62c4ecbe6d238b640e15c86407e3/screenshot - {}
RESULT: {}
COMMAND: POST /session/21ce62c4ecbe6d238b640e15c86407e3/execute/sync - {"script":"<script> [79 bytes]","args":[{"element-6066-11e4-a52e-4f735466cecf":"f.93D217436D6DD50F1CAF1D433A497FC6.d.526D217E47FF00D061CB52BE2F7A50DD.e.4498","ELEMENT":"f.93D217436D6DD50F1CAF1D433A497FC6.d.526D217E47FF00D061CB52BE2F7A50DD.e.4498"},{"block":"start","inline":"nearest"}]}
RESULT: {"script":"<script> [79 bytes]","args":[{"element-6066-11e4-a52e-4f735466cecf":"f.93D217436D6DD50F1CAF1D433A497FC6.d.526D217E47FF00D061CB52BE2F7A50DD.e.4498","ELEMENT":"f.93D217436D6DD50F1CAF1D433A497FC6.d.526D217E47FF00D061CB52BE2F7A50DD.e.4498"},{"block":"start","inline":"nearest"}]}
COMMAND: POST /session/21ce62c4ecbe6d238b640e15c86407e3/execute/async - {"script":"<script> [1562 bytes]","args":[{"selector":{"id":"application-manageresources-display-component---newResourceUnit--btnAddTimeSegment","interaction":{"idSuffix":"inner"}},"wdio_ui5_key":"applicationmanageresources-display-component---newResourceUnit--btnAddTimeSegment"}]}
COMMAND: GET /session/21ce62c4ecbe6d238b640e15c86407e3/screenshot - {}
RESULT: {"script":"<script> [1562 bytes]","args":[{"selector":{"id":"application-manageresources-display-component---newResourceUnit--btnAddTimeSegment","interaction":{"idSuffix":"inner"}},"wdio_ui5_key":"applicationmanageresources-display-component---newResourceUnit--btnAddTimeSegment"}]}
RESULT: undefined
COMMAND: POST /session/21ce62c4ecbe6d238b640e15c86407e3/element - {"using":"xpath","value":"//*[@id=\"application-manageresources-display-component---newResourceUnit--btnAddTimeSegment\"]"}
RESULT: {}
RESULT: {"using":"xpath","value":"//*[@id=\"application-manageresources-display-component---newResourceUnit--btnAddTimeSegment\"]"}
COMMAND: POST /session/21ce62c4ecbe6d238b640e15c86407e3/element/f.93D217436D6DD50F1CAF1D433A497FC6.d.526D217E47FF00D061CB52BE2F7A50DD.e.4498/click - {}
RESULT: {}
COMMAND: GET /session/21ce62c4ecbe6d238b640e15c86407e3/screenshot - {}
RESULT: {}
COMMAND: POST /session/21ce62c4ecbe6d238b640e15c86407e3/element - {"using":"xpath","value":"//input[@id=\"application-manageresources-display-component---newResourceUnit--idRuTSAdmin-application-manageresources-display-component---newResourceUnit--RUTimeSegment-0-inner\"]"}
RESULT: {"using":"xpath","value":"//input[@id=\"application-manageresources-display-component---newResourceUnit--idRuTSAdmin-application-manageresources-display-component---newResourceUnit--RUTimeSegment-0-inner\"]"}
COMMAND: POST /session/21ce62c4ecbe6d238b640e15c86407e3/element/f.93D217436D6DD50F1CAF1D433A497FC6.d.526D217E47FF00D061CB52BE2F7A50DD.e.4503/clear - {}
RESULT: {}
COMMAND: POST /session/21ce62c4ecbe6d238b640e15c86407e3/element/f.93D217436D6DD50F1CAF1D433A497FC6.d.526D217E47FF00D061CB52BE2F7A50DD.e.4503/value - {"text":"523"}
COMMAND: GET /session/21ce62c4ecbe6d238b640e15c86407e3/screenshot - {}
RESULT: {"text":"523"}
COMMAND: GET /session/21ce62c4ecbe6d238b640e15c86407e3/screenshot - {}
RESULT: {}
RESULT: {}
COMMAND: POST /session/21ce62c4ecbe6d238b640e15c86407e3/element - {"using":"xpath","value":"//li[.//span[text()='523']]"}
RESULT: {"using":"xpath","value":"//li[.//span[text()='523']]"}
COMMAND: POST /session/21ce62c4ecbe6d238b640e15c86407e3/element/f.93D217436D6DD50F1CAF1D433A497FC6.d.526D217E47FF00D061CB52BE2F7A50DD.e.4512/click - {}
RESULT: {}
COMMAND: GET /session/21ce62c4ecbe6d238b640e15c86407e3/screenshot - {}
RESULT: {}
COMMAND: POST /session/21ce62c4ecbe6d238b640e15c86407e3/element - {"using":"xpath","value":"(//span[contains(@id, \"-application-manageresources-display-component---newResourceUnit--RUTimeSegment-0-arrow\")])[2]"}
RESULT: {"using":"xpath","value":"(//span[contains(@id, \"-application-manageresources-display-component---newResourceUnit--RUTimeSegment-0-arrow\")])[2]"}
COMMAND: POST /session/21ce62c4ecbe6d238b640e15c86407e3/element/f.93D217436D6DD50F1CAF1D433A497FC6.d.526D217E47FF00D061CB52BE2F7A50DD.e.4513/click - {}
RESULT: {}
COMMAND: POST /session/21ce62c4ecbe6d238b640e15c86407e3/element - {"using":"xpath","value":"//span[contains(text(), \"PM Order\")]"}
COMMAND: GET /session/21ce62c4ecbe6d238b640e15c86407e3/screenshot - {}
RESULT: {"using":"xpath","value":"//span[contains(text(), \"PM Order\")]"}
COMMAND: POST /session/21ce62c4ecbe6d238b640e15c86407e3/element/f.93D217436D6DD50F1CAF1D433A497FC6.d.526D217E47FF00D061CB52BE2F7A50DD.e.4514/click - {}
RESULT: {}
RESULT: {}
COMMAND: GET /session/21ce62c4ecbe6d238b640e15c86407e3/screenshot - {}
RESULT: {}
COMMAND: POST /session/21ce62c4ecbe6d238b640e15c86407e3/element - {"using":"xpath","value":"//td/div/div/div/span[contains(@id, \"newResourceUnit--RUTimeSegment-0-vhi\")][1]"}
RESULT: {"using":"xpath","value":"//td/div/div/div/span[contains(@id, \"newResourceUnit--RUTimeSegment-0-vhi\")][1]"}
COMMAND: GET /session/21ce62c4ecbe6d238b640e15c86407e3/element/f.93D217436D6DD50F1CAF1D433A497FC6.d.526D217E47FF00D061CB52BE2F7A50DD.e.4518/rect - {}
RESULT: {}
COMMAND: GET /session/21ce62c4ecbe6d238b640e15c86407e3/window/rect - {}
RESULT: {}
COMMAND: POST /session/21ce62c4ecbe6d238b640e15c86407e3/execute/sync - {"script":"<script> [92 bytes]","args":[]}
RESULT: {"script":"<script> [92 bytes]","args":[]}
COMMAND: POST /session/21ce62c4ecbe6d238b640e15c86407e3/actions - {"actions":[{"id":"action18","type":"wheel","parameters":{},"actions":[{"type":"scroll","x":-1888,"y":-24,"deltaX":0,"deltaY":0,"duration":0,"origin":{"element-6066-11e4-a52e-4f735466cecf":"f.93D217436D6DD50F1CAF1D433A497FC6.d.526D217E47FF00D061CB52BE2F7A50DD.e.4518"}}]}]}
COMMAND: GET /session/21ce62c4ecbe6d238b640e15c86407e3/screenshot - {}
RESULT: {}
COMMAND: POST /session/21ce62c4ecbe6d238b640e15c86407e3/execute/sync - {"script":"<script> [79 bytes]","args":[{"element-6066-11e4-a52e-4f735466cecf":"f.93D217436D6DD50F1CAF1D433A497FC6.d.526D217E47FF00D061CB52BE2F7A50DD.e.4518","ELEMENT":"f.93D217436D6DD50F1CAF1D433A497FC6.d.526D217E47FF00D061CB52BE2F7A50DD.e.4518"},{"block":"start","inline":"nearest"}]}
RESULT: {"script":"<script> [79 bytes]","args":[{"element-6066-11e4-a52e-4f735466cecf":"f.93D217436D6DD50F1CAF1D433A497FC6.d.526D217E47FF00D061CB52BE2F7A50DD.e.4518","ELEMENT":"f.93D217436D6DD50F1CAF1D433A497FC6.d.526D217E47FF00D061CB52BE2F7A50DD.e.4518"},{"block":"start","inline":"nearest"}]}
COMMAND: GET /session/21ce62c4ecbe6d238b640e15c86407e3/screenshot - {}
RESULT: {}
COMMAND: POST /session/21ce62c4ecbe6d238b640e15c86407e3/element/f.93D217436D6DD50F1CAF1D433A497FC6.d.526D217E47FF00D061CB52BE2F7A50DD.e.4518/click - {}
RESULT: {}
COMMAND: GET /session/21ce62c4ecbe6d238b640e15c86407e3/screenshot - {}
RESULT: {}
COMMAND: POST /session/21ce62c4ecbe6d238b640e15c86407e3/execute/async - {"script":"<script> [1562 bytes]","args":[{"selector":{"controlType":"sap.m.SearchField","properties":{"placeholder":"Search"},"searchOpenDialogs":true,"interaction":{"idSuffix":"I"}},"wdio_ui5_key":"sapm.SearchField{\"placeholder\":\"Search\"}"}]}
RESULT: {"script":"<script> [1562 bytes]","args":[{"selector":{"controlType":"sap.m.SearchField","properties":{"placeholder":"Search"},"searchOpenDialogs":true,"interaction":{"idSuffix":"I"}},"wdio_ui5_key":"sapm.SearchField{\"placeholder\":\"Search\"}"}]}
RESULT: undefined
COMMAND: POST /session/21ce62c4ecbe6d238b640e15c86407e3/execute/async - {"script":"<script> [776 bytes]","args":[{"enterText":"4000360","selector":{"controlType":"sap.m.SearchField","properties":{"placeholder":"Search"},"searchOpenDialogs":true,"interaction":{"idSuffix":"I"}},"clearTextFirst":true,"interactionType":"ENTER_TEXT"}]}
RESULT: {"script":"<script> [776 bytes]","args":[{"enterText":"4000360","selector":{"controlType":"sap.m.SearchField","properties":{"placeholder":"Search"},"searchOpenDialogs":true,"interaction":{"idSuffix":"I"}},"clearTextFirst":true,"interactionType":"ENTER_TEXT"}]}
COMMAND: POST /session/21ce62c4ecbe6d238b640e15c86407e3/actions - {"actions":[{"id":"action19","type":"key","parameters":{},"actions":[{"type":"keyDown","value":""},{"type":"pause","duration":10},{"type":"keyUp","value":""}]}]}
RESULT: {"actions":[{"id":"action19","type":"key","parameters":{},"actions":[{"type":"keyDown","value":""},{"type":"pause","duration":10},{"type":"keyUp","value":""}]}]}
COMMAND: GET /session/21ce62c4ecbe6d238b640e15c86407e3/screenshot - {}
RESULT: {}
COMMAND: POST /session/21ce62c4ecbe6d238b640e15c86407e3/element - {"using":"xpath","value":"//td/div/span[contains(text(), \"BGL Vehicles\")]"}
RESULT: {"using":"xpath","value":"//td/div/span[contains(text(), \"BGL Vehicles\")]"}
COMMAND: POST /session/21ce62c4ecbe6d238b640e15c86407e3/element/f.93D217436D6DD50F1CAF1D433A497FC6.d.526D217E47FF00D061CB52BE2F7A50DD.e.4541/click - {}
RESULT: {}
COMMAND: GET /session/21ce62c4ecbe6d238b640e15c86407e3/screenshot - {}
RESULT: {}
COMMAND: POST /session/21ce62c4ecbe6d238b640e15c86407e3/element - {"using":"xpath","value":"//bdi[contains(text(), \"OK\")]"}
RESULT: {"using":"xpath","value":"//bdi[contains(text(), \"OK\")]"}
COMMAND: POST /session/21ce62c4ecbe6d238b640e15c86407e3/element/f.93D217436D6DD50F1CAF1D433A497FC6.d.526D217E47FF00D061CB52BE2F7A50DD.e.4542/click - {}
RESULT: {}
COMMAND: GET /session/21ce62c4ecbe6d238b640e15c86407e3/screenshot - {}
RESULT: {}
COMMAND: POST /session/21ce62c4ecbe6d238b640e15c86407e3/element - {"using":"xpath","value":"//label[contains(@class, 'sapMLabelRequired') and .//bdi[contains(text(), 'Planned Retirement')]]"}
RESULT: {"using":"xpath","value":"//label[contains(@class, 'sapMLabelRequired') and .//bdi[contains(text(), 'Planned Retirement')]]"}
COMMAND: POST /session/21ce62c4ecbe6d238b640e15c86407e3/elements - {"using":"xpath","value":"//label[contains(@class, 'sapMLabelRequired') and .//bdi[contains(text(), 'Planned Retirement')]]"}
RESULT: {"using":"xpath","value":"//label[contains(@class, 'sapMLabelRequired') and .//bdi[contains(text(), 'Planned Retirement')]]"}
COMMAND: POST /session/21ce62c4ecbe6d238b640e15c86407e3/element - {"using":"xpath","value":"//button[@data-kt=\"resourceUnitSaveButton\"]"}
RESULT: {"using":"xpath","value":"//button[@data-kt=\"resourceUnitSaveButton\"]"}
COMMAND: POST /session/21ce62c4ecbe6d238b640e15c86407e3/element/f.93D217436D6DD50F1CAF1D433A497FC6.d.526D217E47FF00D061CB52BE2F7A50DD.e.4376/click - {}
RESULT: {}
COMMAND: GET /session/21ce62c4ecbe6d238b640e15c86407e3/screenshot - {}
RESULT: {}
COMMAND: POST /session/21ce62c4ecbe6d238b640e15c86407e3/element - {"using":"xpath","value":"//bdi[contains(text(), \"Close\")]"}
RESULT: {"using":"xpath","value":"//bdi[contains(text(), \"Close\")]"}
COMMAND: POST /session/21ce62c4ecbe6d238b640e15c86407e3/element/f.93D217436D6DD50F1CAF1D433A497FC6.d.526D217E47FF00D061CB52BE2F7A50DD.e.4549/click - {}
RESULT: {}
COMMAND: GET /session/21ce62c4ecbe6d238b640e15c86407e3/screenshot - {}
RESULT: {}
COMMAND: POST /session/21ce62c4ecbe6d238b640e15c86407e3/element - {"using":"xpath","value":"//header[contains(@id, 'detailRruPage-headerTitle')]/div[1]/div[2]/div[2]/span[1]"}
RESULT: {"using":"xpath","value":"//header[contains(@id, 'detailRruPage-headerTitle')]/div[1]/div[2]/div[2]/span[1]"}
COMMAND: POST /session/21ce62c4ecbe6d238b640e15c86407e3/elements - {"using":"xpath","value":"//header[contains(@id, 'detailRruPage-headerTitle')]/div[1]/div[2]/div[2]/span[1]"}
RESULT: {"using":"xpath","value":"//header[contains(@id, 'detailRruPage-headerTitle')]/div[1]/div[2]/div[2]/span[1]"}
COMMAND: POST /session/21ce62c4ecbe6d238b640e15c86407e3/execute/sync - {"script":"<script> [56 bytes]","args":[{"element-6066-11e4-a52e-4f735466cecf":"f.93D217436D6DD50F1CAF1D433A497FC6.d.526D217E47FF00D061CB52BE2F7A50DD.e.4577","ELEMENT":"f.93D217436D6DD50F1CAF1D433A497FC6.d.526D217E47FF00D061CB52BE2F7A50DD.e.4577"}]}
RESULT: {"script":"<script> [56 bytes]","args":[{"element-6066-11e4-a52e-4f735466cecf":"f.93D217436D6DD50F1CAF1D433A497FC6.d.526D217E47FF00D061CB52BE2F7A50DD.e.4577","ELEMENT":"f.93D217436D6DD50F1CAF1D433A497FC6.d.526D217E47FF00D061CB52BE2F7A50DD.e.4577"}]}
COMMAND: POST /session/21ce62c4ecbe6d238b640e15c86407e3/element - {"using":"css selector","value":"#shell-header-logo"}
COMMAND: GET /session/21ce62c4ecbe6d238b640e15c86407e3/screenshot - {}
RESULT: {"using":"css selector","value":"#shell-header-logo"}
COMMAND: POST /session/21ce62c4ecbe6d238b640e15c86407e3/element/f.93D217436D6DD50F1CAF1D433A497FC6.d.526D217E47FF00D061CB52BE2F7A50DD.e.4038/click - {}
RESULT: {}
RESULT: {}
COMMAND: GET /session/21ce62c4ecbe6d238b640e15c86407e3/screenshot - {}
RESULT: {}
]]></system-out>
    </testcase>
    <testcase classname="chrome.136_0_7103_93.windows.Provide_to_Site_w/_warehouse_management_w/_clarification_US115878" name="Bin Status Report Should Create New Organization yard" time="0.006"/>
    <testcase classname="chrome.136_0_7103_93.windows.Provide_to_Site_w/_warehouse_management_w/_clarification_US115878" name="Bin Status Report Should Create New Organization for Site" time="0.005"/>
  </testsuite>
  <testsuite timestamp="2025-05-31T16:33:33" time="447.077" tests="6" failures="6" errors="6" skipped="0">
    <properties>
      <property name="specId" value="0"/>
      <property name="suiteName" value="Provide to Site w/ warehouse management w clarification"/>
      <property name="capabilities" value="chrome.136_0_7103_93.windows"/>
      <property name="file" value="file:///D:/a/1/s/test/specs/HTR/provide-to-site-w-warehouse-w-clarification.spec.js"/>
    </properties>
    <testcase classname="chrome.136_0_7103_93.windows.Provide_to_Site_w/_warehouse_management_w_clarification" name="Should do a stock increase handover" time="97.24">
      <failure/>
      <error message="Can't call click on element with selector &quot;//li[.//span[contains(text(),'523 -')]]&quot; because element wasn't found"/>
      <system-out><![CDATA[
COMMAND: POST /session/21ce62c4ecbe6d238b640e15c86407e3/execute/async - {"script":"<script> [1562 bytes]","args":[{"selector":{"controlType":"sap.m.GenericTile","properties":{"header":"Manage Handovers"}},"wdio_ui5_key":"sapm.GenericTile{\"header\":\"Manage Handovers\"}"}]}
RESULT: {"script":"<script> [1562 bytes]","args":[{"selector":{"controlType":"sap.m.GenericTile","properties":{"header":"Manage Handovers"}},"wdio_ui5_key":"sapm.GenericTile{\"header\":\"Manage Handovers\"}"}]}
RESULT: undefined
COMMAND: POST /session/21ce62c4ecbe6d238b640e15c86407e3/element - {"using":"xpath","value":"//*[@id=\"__tile132\"]"}
RESULT: {"using":"xpath","value":"//*[@id=\"__tile132\"]"}
COMMAND: POST /session/21ce62c4ecbe6d238b640e15c86407e3/element/f.93D217436D6DD50F1CAF1D433A497FC6.d.526D217E47FF00D061CB52BE2F7A50DD.e.4088/click - {}
RESULT: {}
COMMAND: GET /session/21ce62c4ecbe6d238b640e15c86407e3/screenshot - {}
RESULT: {}
COMMAND: POST /session/21ce62c4ecbe6d238b640e15c86407e3/elements - {"using":"xpath","value":"//span[text()='Error']"}
RESULT: {"using":"xpath","value":"//span[text()='Error']"}
COMMAND: POST /session/21ce62c4ecbe6d238b640e15c86407e3/element - {"using":"xpath","value":"//button[@data-kt=\"masterHOAddButton\"]"}
RESULT: {"using":"xpath","value":"//button[@data-kt=\"masterHOAddButton\"]"}
COMMAND: POST /session/21ce62c4ecbe6d238b640e15c86407e3/elements - {"using":"xpath","value":"//button[@data-kt=\"masterHOAddButton\"]"}
RESULT: {"using":"xpath","value":"//button[@data-kt=\"masterHOAddButton\"]"}
COMMAND: POST /session/21ce62c4ecbe6d238b640e15c86407e3/elements - {"using":"xpath","value":"//button[@data-kt=\"masterHOAddButton\"]"}
RESULT: {"using":"xpath","value":"//button[@data-kt=\"masterHOAddButton\"]"}
COMMAND: POST /session/21ce62c4ecbe6d238b640e15c86407e3/element - {"using":"xpath","value":"//button[@data-kt=\"masterHOAddButton\"]"}
RESULT: {"using":"xpath","value":"//button[@data-kt=\"masterHOAddButton\"]"}
COMMAND: POST /session/21ce62c4ecbe6d238b640e15c86407e3/execute/sync - {"script":"<script> [8489 bytes]","args":[{"element-6066-11e4-a52e-4f735466cecf":"f.93D217436D6DD50F1CAF1D433A497FC6.d.526D217E47FF00D061CB52BE2F7A50DD.e.4618","ELEMENT":"f.93D217436D6DD50F1CAF1D433A497FC6.d.526D217E47FF00D061CB52BE2F7A50DD.e.4618"}]}
RESULT: {"script":"<script> [8489 bytes]","args":[{"element-6066-11e4-a52e-4f735466cecf":"f.93D217436D6DD50F1CAF1D433A497FC6.d.526D217E47FF00D061CB52BE2F7A50DD.e.4618","ELEMENT":"f.93D217436D6DD50F1CAF1D433A497FC6.d.526D217E47FF00D061CB52BE2F7A50DD.e.4618"}]}
COMMAND: GET /session/21ce62c4ecbe6d238b640e15c86407e3/element/f.93D217436D6DD50F1CAF1D433A497FC6.d.526D217E47FF00D061CB52BE2F7A50DD.e.4618/enabled - {}
COMMAND: GET /session/21ce62c4ecbe6d238b640e15c86407e3/screenshot - {}
RESULT: {}
COMMAND: POST /session/21ce62c4ecbe6d238b640e15c86407e3/execute/sync - {"script":"<script> [8489 bytes]","args":[{"element-6066-11e4-a52e-4f735466cecf":"f.93D217436D6DD50F1CAF1D433A497FC6.d.526D217E47FF00D061CB52BE2F7A50DD.e.4618","ELEMENT":"f.93D217436D6DD50F1CAF1D433A497FC6.d.526D217E47FF00D061CB52BE2F7A50DD.e.4618"}]}
COMMAND: GET /session/21ce62c4ecbe6d238b640e15c86407e3/screenshot - {}
RESULT: {}
RESULT: {"script":"<script> [8489 bytes]","args":[{"element-6066-11e4-a52e-4f735466cecf":"f.93D217436D6DD50F1CAF1D433A497FC6.d.526D217E47FF00D061CB52BE2F7A50DD.e.4618","ELEMENT":"f.93D217436D6DD50F1CAF1D433A497FC6.d.526D217E47FF00D061CB52BE2F7A50DD.e.4618"}]}
COMMAND: POST /session/21ce62c4ecbe6d238b640e15c86407e3/execute/sync - {"script":"<script> [5351 bytes]","args":[{"element-6066-11e4-a52e-4f735466cecf":"f.93D217436D6DD50F1CAF1D433A497FC6.d.526D217E47FF00D061CB52BE2F7A50DD.e.4618","ELEMENT":"f.93D217436D6DD50F1CAF1D433A497FC6.d.526D217E47FF00D061CB52BE2F7A50DD.e.4618"}]}
COMMAND: GET /session/21ce62c4ecbe6d238b640e15c86407e3/screenshot - {}
RESULT: {}
RESULT: {"script":"<script> [5351 bytes]","args":[{"element-6066-11e4-a52e-4f735466cecf":"f.93D217436D6DD50F1CAF1D433A497FC6.d.526D217E47FF00D061CB52BE2F7A50DD.e.4618","ELEMENT":"f.93D217436D6DD50F1CAF1D433A497FC6.d.526D217E47FF00D061CB52BE2F7A50DD.e.4618"}]}
COMMAND: POST /session/21ce62c4ecbe6d238b640e15c86407e3/element/f.93D217436D6DD50F1CAF1D433A497FC6.d.526D217E47FF00D061CB52BE2F7A50DD.e.4618/click - {}
COMMAND: GET /session/21ce62c4ecbe6d238b640e15c86407e3/screenshot - {}
RESULT: {}
RESULT: {}
COMMAND: GET /session/21ce62c4ecbe6d238b640e15c86407e3/screenshot - {}
RESULT: {}
COMMAND: POST /session/21ce62c4ecbe6d238b640e15c86407e3/element - {"using":"xpath","value":"//span[contains(@id ,\"AddNewHO--typeSelect-arrow\")]"}
RESULT: {}
RESULT: {"using":"xpath","value":"//span[contains(@id ,\"AddNewHO--typeSelect-arrow\")]"}
COMMAND: POST /session/21ce62c4ecbe6d238b640e15c86407e3/element/f.93D217436D6DD50F1CAF1D433A497FC6.d.526D217E47FF00D061CB52BE2F7A50DD.e.4956/click - {}
RESULT: {}
COMMAND: GET /session/21ce62c4ecbe6d238b640e15c86407e3/screenshot - {}
RESULT: {}
COMMAND: POST /session/21ce62c4ecbe6d238b640e15c86407e3/element - {"using":"xpath","value":"(//li[contains(text(), \"stock increase yard\")])[1]"}
RESULT: {"using":"xpath","value":"(//li[contains(text(), \"stock increase yard\")])[1]"}
COMMAND: POST /session/21ce62c4ecbe6d238b640e15c86407e3/element/f.93D217436D6DD50F1CAF1D433A497FC6.d.526D217E47FF00D061CB52BE2F7A50DD.e.4957/click - {}
RESULT: {}
COMMAND: GET /session/21ce62c4ecbe6d238b640e15c86407e3/screenshot - {}
RESULT: {}
COMMAND: POST /session/21ce62c4ecbe6d238b640e15c86407e3/execute/async - {"script":"<script> [1562 bytes]","args":[{"selector":{"id":"application-managehandovers-display-component---AddNewHO--dueDate","interaction":{"idSuffix":"inner"}},"wdio_ui5_key":"applicationmanagehandovers-display-component---AddNewHO--dueDate"}]}
RESULT: {"script":"<script> [1562 bytes]","args":[{"selector":{"id":"application-managehandovers-display-component---AddNewHO--dueDate","interaction":{"idSuffix":"inner"}},"wdio_ui5_key":"applicationmanagehandovers-display-component---AddNewHO--dueDate"}]}
RESULT: undefined
COMMAND: POST /session/21ce62c4ecbe6d238b640e15c86407e3/execute/async - {"script":"<script> [6424 bytes]","args":[{"element-6066-11e4-a52e-4f735466cecf":"f.93D217436D6DD50F1CAF1D433A497FC6.d.526D217E47FF00D061CB52BE2F7A50DD.e.4961"},"setValue",["5/31/25"]]}
RESULT: {"script":"<script> [6424 bytes]","args":[{"element-6066-11e4-a52e-4f735466cecf":"f.93D217436D6DD50F1CAF1D433A497FC6.d.526D217E47FF00D061CB52BE2F7A50DD.e.4961"},"setValue",["5/31/25"]]}
COMMAND: POST /session/21ce62c4ecbe6d238b640e15c86407e3/element - {"using":"xpath","value":"//input[@id=\"generalSectionFrg--receiveYard-inner\"]"}
RESULT: {"using":"xpath","value":"//input[@id=\"generalSectionFrg--receiveYard-inner\"]"}
COMMAND: POST /session/21ce62c4ecbe6d238b640e15c86407e3/element/f.93D217436D6DD50F1CAF1D433A497FC6.d.526D217E47FF00D061CB52BE2F7A50DD.e.4967/clear - {}
RESULT: {}
COMMAND: POST /session/21ce62c4ecbe6d238b640e15c86407e3/element/f.93D217436D6DD50F1CAF1D433A497FC6.d.526D217E47FF00D061CB52BE2F7A50DD.e.4967/value - {"text":"523"}
COMMAND: GET /session/21ce62c4ecbe6d238b640e15c86407e3/screenshot - {}
RESULT: {"text":"523"}
COMMAND: GET /session/21ce62c4ecbe6d238b640e15c86407e3/screenshot - {}
RESULT: {}
RESULT: {}
COMMAND: POST /session/21ce62c4ecbe6d238b640e15c86407e3/element - {"using":"xpath","value":"//li[.//span[contains(text(),'523 -')]]"}
RESULT: {"using":"xpath","value":"//li[.//span[contains(text(),'523 -')]]"}
COMMAND: POST /session/21ce62c4ecbe6d238b640e15c86407e3/elements - {"using":"xpath","value":"//li[.//span[contains(text(),'523 -')]]"}
RESULT: {"using":"xpath","value":"//li[.//span[contains(text(),'523 -')]]"}
COMMAND: POST /session/21ce62c4ecbe6d238b640e15c86407e3/elements - {"using":"xpath","value":"//li[.//span[contains(text(),'523 -')]]"}
RESULT: {"using":"xpath","value":"//li[.//span[contains(text(),'523 -')]]"}
COMMAND: POST /session/21ce62c4ecbe6d238b640e15c86407e3/elements - {"using":"xpath","value":"//li[.//span[contains(text(),'523 -')]]"}
RESULT: {"using":"xpath","value":"//li[.//span[contains(text(),'523 -')]]"}
COMMAND: POST /session/21ce62c4ecbe6d238b640e15c86407e3/elements - {"using":"xpath","value":"//li[.//span[contains(text(),'523 -')]]"}
RESULT: {"using":"xpath","value":"//li[.//span[contains(text(),'523 -')]]"}
COMMAND: POST /session/21ce62c4ecbe6d238b640e15c86407e3/elements - {"using":"xpath","value":"//li[.//span[contains(text(),'523 -')]]"}
RESULT: {"using":"xpath","value":"//li[.//span[contains(text(),'523 -')]]"}
COMMAND: POST /session/21ce62c4ecbe6d238b640e15c86407e3/elements - {"using":"xpath","value":"//li[.//span[contains(text(),'523 -')]]"}
RESULT: {"using":"xpath","value":"//li[.//span[contains(text(),'523 -')]]"}
COMMAND: POST /session/21ce62c4ecbe6d238b640e15c86407e3/elements - {"using":"xpath","value":"//li[.//span[contains(text(),'523 -')]]"}
RESULT: {"using":"xpath","value":"//li[.//span[contains(text(),'523 -')]]"}
COMMAND: POST /session/21ce62c4ecbe6d238b640e15c86407e3/elements - {"using":"xpath","value":"//li[.//span[contains(text(),'523 -')]]"}
RESULT: {"using":"xpath","value":"//li[.//span[contains(text(),'523 -')]]"}
COMMAND: POST /session/21ce62c4ecbe6d238b640e15c86407e3/elements - {"using":"xpath","value":"//li[.//span[contains(text(),'523 -')]]"}
RESULT: {"using":"xpath","value":"//li[.//span[contains(text(),'523 -')]]"}
COMMAND: POST /session/21ce62c4ecbe6d238b640e15c86407e3/elements - {"using":"xpath","value":"//li[.//span[contains(text(),'523 -')]]"}
RESULT: {"using":"xpath","value":"//li[.//span[contains(text(),'523 -')]]"}
COMMAND: POST /session/21ce62c4ecbe6d238b640e15c86407e3/elements - {"using":"xpath","value":"//li[.//span[contains(text(),'523 -')]]"}
RESULT: {"using":"xpath","value":"//li[.//span[contains(text(),'523 -')]]"}
COMMAND: POST /session/21ce62c4ecbe6d238b640e15c86407e3/elements - {"using":"xpath","value":"//li[.//span[contains(text(),'523 -')]]"}
RESULT: {"using":"xpath","value":"//li[.//span[contains(text(),'523 -')]]"}
COMMAND: POST /session/21ce62c4ecbe6d238b640e15c86407e3/elements - {"using":"xpath","value":"//li[.//span[contains(text(),'523 -')]]"}
RESULT: {"using":"xpath","value":"//li[.//span[contains(text(),'523 -')]]"}
COMMAND: POST /session/21ce62c4ecbe6d238b640e15c86407e3/elements - {"using":"xpath","value":"//li[.//span[contains(text(),'523 -')]]"}
RESULT: {"using":"xpath","value":"//li[.//span[contains(text(),'523 -')]]"}
COMMAND: POST /session/21ce62c4ecbe6d238b640e15c86407e3/elements - {"using":"xpath","value":"//li[.//span[contains(text(),'523 -')]]"}
RESULT: {"using":"xpath","value":"//li[.//span[contains(text(),'523 -')]]"}
COMMAND: POST /session/21ce62c4ecbe6d238b640e15c86407e3/elements - {"using":"xpath","value":"//li[.//span[contains(text(),'523 -')]]"}
RESULT: {"using":"xpath","value":"//li[.//span[contains(text(),'523 -')]]"}
COMMAND: POST /session/21ce62c4ecbe6d238b640e15c86407e3/elements - {"using":"xpath","value":"//li[.//span[contains(text(),'523 -')]]"}
RESULT: {"using":"xpath","value":"//li[.//span[contains(text(),'523 -')]]"}
COMMAND: POST /session/21ce62c4ecbe6d238b640e15c86407e3/elements - {"using":"xpath","value":"//li[.//span[contains(text(),'523 -')]]"}
RESULT: {"using":"xpath","value":"//li[.//span[contains(text(),'523 -')]]"}
COMMAND: POST /session/21ce62c4ecbe6d238b640e15c86407e3/elements - {"using":"xpath","value":"//li[.//span[contains(text(),'523 -')]]"}
RESULT: {"using":"xpath","value":"//li[.//span[contains(text(),'523 -')]]"}
COMMAND: POST /session/21ce62c4ecbe6d238b640e15c86407e3/elements - {"using":"xpath","value":"//li[.//span[contains(text(),'523 -')]]"}
RESULT: {"using":"xpath","value":"//li[.//span[contains(text(),'523 -')]]"}
COMMAND: POST /session/21ce62c4ecbe6d238b640e15c86407e3/elements - {"using":"xpath","value":"//li[.//span[contains(text(),'523 -')]]"}
RESULT: {"using":"xpath","value":"//li[.//span[contains(text(),'523 -')]]"}
COMMAND: POST /session/21ce62c4ecbe6d238b640e15c86407e3/elements - {"using":"xpath","value":"//li[.//span[contains(text(),'523 -')]]"}
RESULT: {"using":"xpath","value":"//li[.//span[contains(text(),'523 -')]]"}
COMMAND: POST /session/21ce62c4ecbe6d238b640e15c86407e3/elements - {"using":"xpath","value":"//li[.//span[contains(text(),'523 -')]]"}
RESULT: {"using":"xpath","value":"//li[.//span[contains(text(),'523 -')]]"}
COMMAND: POST /session/21ce62c4ecbe6d238b640e15c86407e3/elements - {"using":"xpath","value":"//li[.//span[contains(text(),'523 -')]]"}
RESULT: {"using":"xpath","value":"//li[.//span[contains(text(),'523 -')]]"}
COMMAND: POST /session/21ce62c4ecbe6d238b640e15c86407e3/elements - {"using":"xpath","value":"//li[.//span[contains(text(),'523 -')]]"}
RESULT: {"using":"xpath","value":"//li[.//span[contains(text(),'523 -')]]"}
COMMAND: POST /session/21ce62c4ecbe6d238b640e15c86407e3/elements - {"using":"xpath","value":"//li[.//span[contains(text(),'523 -')]]"}
RESULT: {"using":"xpath","value":"//li[.//span[contains(text(),'523 -')]]"}
COMMAND: POST /session/21ce62c4ecbe6d238b640e15c86407e3/elements - {"using":"xpath","value":"//li[.//span[contains(text(),'523 -')]]"}
RESULT: {"using":"xpath","value":"//li[.//span[contains(text(),'523 -')]]"}
COMMAND: POST /session/21ce62c4ecbe6d238b640e15c86407e3/elements - {"using":"xpath","value":"//li[.//span[contains(text(),'523 -')]]"}
RESULT: {"using":"xpath","value":"//li[.//span[contains(text(),'523 -')]]"}
COMMAND: POST /session/21ce62c4ecbe6d238b640e15c86407e3/elements - {"using":"xpath","value":"//li[.//span[contains(text(),'523 -')]]"}
RESULT: {"using":"xpath","value":"//li[.//span[contains(text(),'523 -')]]"}
COMMAND: POST /session/21ce62c4ecbe6d238b640e15c86407e3/elements - {"using":"xpath","value":"//li[.//span[contains(text(),'523 -')]]"}
RESULT: {"using":"xpath","value":"//li[.//span[contains(text(),'523 -')]]"}
COMMAND: POST /session/21ce62c4ecbe6d238b640e15c86407e3/elements - {"using":"xpath","value":"//li[.//span[contains(text(),'523 -')]]"}
RESULT: {"using":"xpath","value":"//li[.//span[contains(text(),'523 -')]]"}
COMMAND: POST /session/21ce62c4ecbe6d238b640e15c86407e3/elements - {"using":"xpath","value":"//li[.//span[contains(text(),'523 -')]]"}
RESULT: {"using":"xpath","value":"//li[.//span[contains(text(),'523 -')]]"}
COMMAND: POST /session/21ce62c4ecbe6d238b640e15c86407e3/elements - {"using":"xpath","value":"//li[.//span[contains(text(),'523 -')]]"}
RESULT: {"using":"xpath","value":"//li[.//span[contains(text(),'523 -')]]"}
COMMAND: POST /session/21ce62c4ecbe6d238b640e15c86407e3/elements - {"using":"xpath","value":"//li[.//span[contains(text(),'523 -')]]"}
RESULT: {"using":"xpath","value":"//li[.//span[contains(text(),'523 -')]]"}
COMMAND: POST /session/21ce62c4ecbe6d238b640e15c86407e3/elements - {"using":"xpath","value":"//li[.//span[contains(text(),'523 -')]]"}
RESULT: {"using":"xpath","value":"//li[.//span[contains(text(),'523 -')]]"}
COMMAND: POST /session/21ce62c4ecbe6d238b640e15c86407e3/elements - {"using":"xpath","value":"//li[.//span[contains(text(),'523 -')]]"}
RESULT: {"using":"xpath","value":"//li[.//span[contains(text(),'523 -')]]"}
COMMAND: POST /session/21ce62c4ecbe6d238b640e15c86407e3/elements - {"using":"xpath","value":"//li[.//span[contains(text(),'523 -')]]"}
RESULT: {"using":"xpath","value":"//li[.//span[contains(text(),'523 -')]]"}
COMMAND: POST /session/21ce62c4ecbe6d238b640e15c86407e3/elements - {"using":"xpath","value":"//li[.//span[contains(text(),'523 -')]]"}
RESULT: {"using":"xpath","value":"//li[.//span[contains(text(),'523 -')]]"}
COMMAND: POST /session/21ce62c4ecbe6d238b640e15c86407e3/elements - {"using":"xpath","value":"//li[.//span[contains(text(),'523 -')]]"}
RESULT: {"using":"xpath","value":"//li[.//span[contains(text(),'523 -')]]"}
COMMAND: POST /session/21ce62c4ecbe6d238b640e15c86407e3/elements - {"using":"xpath","value":"//li[.//span[contains(text(),'523 -')]]"}
RESULT: {"using":"xpath","value":"//li[.//span[contains(text(),'523 -')]]"}
COMMAND: POST /session/21ce62c4ecbe6d238b640e15c86407e3/elements - {"using":"xpath","value":"//li[.//span[contains(text(),'523 -')]]"}
RESULT: {"using":"xpath","value":"//li[.//span[contains(text(),'523 -')]]"}
COMMAND: POST /session/21ce62c4ecbe6d238b640e15c86407e3/elements - {"using":"xpath","value":"//li[.//span[contains(text(),'523 -')]]"}
RESULT: {"using":"xpath","value":"//li[.//span[contains(text(),'523 -')]]"}
COMMAND: POST /session/21ce62c4ecbe6d238b640e15c86407e3/elements - {"using":"xpath","value":"//li[.//span[contains(text(),'523 -')]]"}
RESULT: {"using":"xpath","value":"//li[.//span[contains(text(),'523 -')]]"}
COMMAND: POST /session/21ce62c4ecbe6d238b640e15c86407e3/elements - {"using":"xpath","value":"//li[.//span[contains(text(),'523 -')]]"}
RESULT: {"using":"xpath","value":"//li[.//span[contains(text(),'523 -')]]"}
COMMAND: POST /session/21ce62c4ecbe6d238b640e15c86407e3/elements - {"using":"xpath","value":"//li[.//span[contains(text(),'523 -')]]"}
RESULT: {"using":"xpath","value":"//li[.//span[contains(text(),'523 -')]]"}
COMMAND: POST /session/21ce62c4ecbe6d238b640e15c86407e3/elements - {"using":"xpath","value":"//li[.//span[contains(text(),'523 -')]]"}
RESULT: {"using":"xpath","value":"//li[.//span[contains(text(),'523 -')]]"}
COMMAND: POST /session/21ce62c4ecbe6d238b640e15c86407e3/elements - {"using":"xpath","value":"//li[.//span[contains(text(),'523 -')]]"}
RESULT: {"using":"xpath","value":"//li[.//span[contains(text(),'523 -')]]"}
COMMAND: POST /session/21ce62c4ecbe6d238b640e15c86407e3/elements - {"using":"xpath","value":"//li[.//span[contains(text(),'523 -')]]"}
RESULT: {"using":"xpath","value":"//li[.//span[contains(text(),'523 -')]]"}
COMMAND: POST /session/21ce62c4ecbe6d238b640e15c86407e3/elements - {"using":"xpath","value":"//li[.//span[contains(text(),'523 -')]]"}
RESULT: {"using":"xpath","value":"//li[.//span[contains(text(),'523 -')]]"}
COMMAND: POST /session/21ce62c4ecbe6d238b640e15c86407e3/elements - {"using":"xpath","value":"//li[.//span[contains(text(),'523 -')]]"}
RESULT: {"using":"xpath","value":"//li[.//span[contains(text(),'523 -')]]"}
COMMAND: POST /session/21ce62c4ecbe6d238b640e15c86407e3/elements - {"using":"xpath","value":"//li[.//span[contains(text(),'523 -')]]"}
RESULT: {"using":"xpath","value":"//li[.//span[contains(text(),'523 -')]]"}
COMMAND: POST /session/21ce62c4ecbe6d238b640e15c86407e3/elements - {"using":"xpath","value":"//li[.//span[contains(text(),'523 -')]]"}
RESULT: {"using":"xpath","value":"//li[.//span[contains(text(),'523 -')]]"}
COMMAND: POST /session/21ce62c4ecbe6d238b640e15c86407e3/elements - {"using":"xpath","value":"//li[.//span[contains(text(),'523 -')]]"}
RESULT: {"using":"xpath","value":"//li[.//span[contains(text(),'523 -')]]"}
COMMAND: POST /session/21ce62c4ecbe6d238b640e15c86407e3/elements - {"using":"xpath","value":"//li[.//span[contains(text(),'523 -')]]"}
RESULT: {"using":"xpath","value":"//li[.//span[contains(text(),'523 -')]]"}
COMMAND: POST /session/21ce62c4ecbe6d238b640e15c86407e3/elements - {"using":"xpath","value":"//li[.//span[contains(text(),'523 -')]]"}
RESULT: {"using":"xpath","value":"//li[.//span[contains(text(),'523 -')]]"}
COMMAND: POST /session/21ce62c4ecbe6d238b640e15c86407e3/elements - {"using":"xpath","value":"//li[.//span[contains(text(),'523 -')]]"}
RESULT: {"using":"xpath","value":"//li[.//span[contains(text(),'523 -')]]"}
COMMAND: POST /session/21ce62c4ecbe6d238b640e15c86407e3/elements - {"using":"xpath","value":"//li[.//span[contains(text(),'523 -')]]"}
RESULT: {"using":"xpath","value":"//li[.//span[contains(text(),'523 -')]]"}
COMMAND: POST /session/21ce62c4ecbe6d238b640e15c86407e3/elements - {"using":"xpath","value":"//li[.//span[contains(text(),'523 -')]]"}
RESULT: {"using":"xpath","value":"//li[.//span[contains(text(),'523 -')]]"}
COMMAND: POST /session/21ce62c4ecbe6d238b640e15c86407e3/elements - {"using":"xpath","value":"//li[.//span[contains(text(),'523 -')]]"}
RESULT: {"using":"xpath","value":"//li[.//span[contains(text(),'523 -')]]"}
COMMAND: POST /session/21ce62c4ecbe6d238b640e15c86407e3/elements - {"using":"xpath","value":"//li[.//span[contains(text(),'523 -')]]"}
RESULT: {"using":"xpath","value":"//li[.//span[contains(text(),'523 -')]]"}
COMMAND: POST /session/21ce62c4ecbe6d238b640e15c86407e3/elements - {"using":"xpath","value":"//li[.//span[contains(text(),'523 -')]]"}
RESULT: {"using":"xpath","value":"//li[.//span[contains(text(),'523 -')]]"}
COMMAND: POST /session/21ce62c4ecbe6d238b640e15c86407e3/elements - {"using":"xpath","value":"//li[.//span[contains(text(),'523 -')]]"}
RESULT: {"using":"xpath","value":"//li[.//span[contains(text(),'523 -')]]"}
COMMAND: POST /session/21ce62c4ecbe6d238b640e15c86407e3/elements - {"using":"xpath","value":"//li[.//span[contains(text(),'523 -')]]"}
RESULT: {"using":"xpath","value":"//li[.//span[contains(text(),'523 -')]]"}
COMMAND: POST /session/21ce62c4ecbe6d238b640e15c86407e3/elements - {"using":"xpath","value":"//li[.//span[contains(text(),'523 -')]]"}
RESULT: {"using":"xpath","value":"//li[.//span[contains(text(),'523 -')]]"}
COMMAND: POST /session/21ce62c4ecbe6d238b640e15c86407e3/elements - {"using":"xpath","value":"//li[.//span[contains(text(),'523 -')]]"}
RESULT: {"using":"xpath","value":"//li[.//span[contains(text(),'523 -')]]"}
COMMAND: POST /session/21ce62c4ecbe6d238b640e15c86407e3/elements - {"using":"xpath","value":"//li[.//span[contains(text(),'523 -')]]"}
RESULT: {"using":"xpath","value":"//li[.//span[contains(text(),'523 -')]]"}
COMMAND: POST /session/21ce62c4ecbe6d238b640e15c86407e3/elements - {"using":"xpath","value":"//li[.//span[contains(text(),'523 -')]]"}
RESULT: {"using":"xpath","value":"//li[.//span[contains(text(),'523 -')]]"}
COMMAND: POST /session/21ce62c4ecbe6d238b640e15c86407e3/elements - {"using":"xpath","value":"//li[.//span[contains(text(),'523 -')]]"}
RESULT: {"using":"xpath","value":"//li[.//span[contains(text(),'523 -')]]"}
COMMAND: POST /session/21ce62c4ecbe6d238b640e15c86407e3/elements - {"using":"xpath","value":"//li[.//span[contains(text(),'523 -')]]"}
RESULT: {"using":"xpath","value":"//li[.//span[contains(text(),'523 -')]]"}
COMMAND: POST /session/21ce62c4ecbe6d238b640e15c86407e3/elements - {"using":"xpath","value":"//li[.//span[contains(text(),'523 -')]]"}
RESULT: {"using":"xpath","value":"//li[.//span[contains(text(),'523 -')]]"}
COMMAND: POST /session/21ce62c4ecbe6d238b640e15c86407e3/elements - {"using":"xpath","value":"//li[.//span[contains(text(),'523 -')]]"}
RESULT: {"using":"xpath","value":"//li[.//span[contains(text(),'523 -')]]"}
COMMAND: POST /session/21ce62c4ecbe6d238b640e15c86407e3/elements - {"using":"xpath","value":"//li[.//span[contains(text(),'523 -')]]"}
RESULT: {"using":"xpath","value":"//li[.//span[contains(text(),'523 -')]]"}
COMMAND: POST /session/21ce62c4ecbe6d238b640e15c86407e3/elements - {"using":"xpath","value":"//li[.//span[contains(text(),'523 -')]]"}
RESULT: {"using":"xpath","value":"//li[.//span[contains(text(),'523 -')]]"}
COMMAND: POST /session/21ce62c4ecbe6d238b640e15c86407e3/elements - {"using":"xpath","value":"//li[.//span[contains(text(),'523 -')]]"}
RESULT: {"using":"xpath","value":"//li[.//span[contains(text(),'523 -')]]"}
COMMAND: POST /session/21ce62c4ecbe6d238b640e15c86407e3/elements - {"using":"xpath","value":"//li[.//span[contains(text(),'523 -')]]"}
RESULT: {"using":"xpath","value":"//li[.//span[contains(text(),'523 -')]]"}
COMMAND: POST /session/21ce62c4ecbe6d238b640e15c86407e3/elements - {"using":"xpath","value":"//li[.//span[contains(text(),'523 -')]]"}
RESULT: {"using":"xpath","value":"//li[.//span[contains(text(),'523 -')]]"}
COMMAND: POST /session/21ce62c4ecbe6d238b640e15c86407e3/elements - {"using":"xpath","value":"//li[.//span[contains(text(),'523 -')]]"}
RESULT: {"using":"xpath","value":"//li[.//span[contains(text(),'523 -')]]"}
COMMAND: POST /session/21ce62c4ecbe6d238b640e15c86407e3/elements - {"using":"xpath","value":"//li[.//span[contains(text(),'523 -')]]"}
RESULT: {"using":"xpath","value":"//li[.//span[contains(text(),'523 -')]]"}
COMMAND: POST /session/21ce62c4ecbe6d238b640e15c86407e3/elements - {"using":"xpath","value":"//li[.//span[contains(text(),'523 -')]]"}
RESULT: {"using":"xpath","value":"//li[.//span[contains(text(),'523 -')]]"}
COMMAND: POST /session/21ce62c4ecbe6d238b640e15c86407e3/elements - {"using":"xpath","value":"//li[.//span[contains(text(),'523 -')]]"}
RESULT: {"using":"xpath","value":"//li[.//span[contains(text(),'523 -')]]"}
COMMAND: POST /session/21ce62c4ecbe6d238b640e15c86407e3/elements - {"using":"xpath","value":"//li[.//span[contains(text(),'523 -')]]"}
RESULT: {"using":"xpath","value":"//li[.//span[contains(text(),'523 -')]]"}
COMMAND: POST /session/21ce62c4ecbe6d238b640e15c86407e3/elements - {"using":"xpath","value":"//li[.//span[contains(text(),'523 -')]]"}
RESULT: {"using":"xpath","value":"//li[.//span[contains(text(),'523 -')]]"}
COMMAND: POST /session/21ce62c4ecbe6d238b640e15c86407e3/elements - {"using":"xpath","value":"//li[.//span[contains(text(),'523 -')]]"}
RESULT: {"using":"xpath","value":"//li[.//span[contains(text(),'523 -')]]"}
COMMAND: POST /session/21ce62c4ecbe6d238b640e15c86407e3/elements - {"using":"xpath","value":"//li[.//span[contains(text(),'523 -')]]"}
RESULT: {"using":"xpath","value":"//li[.//span[contains(text(),'523 -')]]"}
COMMAND: POST /session/21ce62c4ecbe6d238b640e15c86407e3/elements - {"using":"xpath","value":"//li[.//span[contains(text(),'523 -')]]"}
RESULT: {"using":"xpath","value":"//li[.//span[contains(text(),'523 -')]]"}
COMMAND: POST /session/21ce62c4ecbe6d238b640e15c86407e3/elements - {"using":"xpath","value":"//li[.//span[contains(text(),'523 -')]]"}
RESULT: {"using":"xpath","value":"//li[.//span[contains(text(),'523 -')]]"}
COMMAND: POST /session/21ce62c4ecbe6d238b640e15c86407e3/elements - {"using":"xpath","value":"//li[.//span[contains(text(),'523 -')]]"}
RESULT: {"using":"xpath","value":"//li[.//span[contains(text(),'523 -')]]"}
COMMAND: POST /session/21ce62c4ecbe6d238b640e15c86407e3/elements - {"using":"xpath","value":"//li[.//span[contains(text(),'523 -')]]"}
RESULT: {"using":"xpath","value":"//li[.//span[contains(text(),'523 -')]]"}
COMMAND: POST /session/21ce62c4ecbe6d238b640e15c86407e3/elements - {"using":"xpath","value":"//li[.//span[contains(text(),'523 -')]]"}
RESULT: {"using":"xpath","value":"//li[.//span[contains(text(),'523 -')]]"}
COMMAND: POST /session/21ce62c4ecbe6d238b640e15c86407e3/elements - {"using":"xpath","value":"//li[.//span[contains(text(),'523 -')]]"}
RESULT: {"using":"xpath","value":"//li[.//span[contains(text(),'523 -')]]"}
COMMAND: POST /session/21ce62c4ecbe6d238b640e15c86407e3/elements - {"using":"xpath","value":"//li[.//span[contains(text(),'523 -')]]"}
RESULT: {"using":"xpath","value":"//li[.//span[contains(text(),'523 -')]]"}
COMMAND: POST /session/21ce62c4ecbe6d238b640e15c86407e3/elements - {"using":"xpath","value":"//li[.//span[contains(text(),'523 -')]]"}
RESULT: {"using":"xpath","value":"//li[.//span[contains(text(),'523 -')]]"}
COMMAND: POST /session/21ce62c4ecbe6d238b640e15c86407e3/elements - {"using":"xpath","value":"//li[.//span[contains(text(),'523 -')]]"}
RESULT: {"using":"xpath","value":"//li[.//span[contains(text(),'523 -')]]"}
COMMAND: POST /session/21ce62c4ecbe6d238b640e15c86407e3/elements - {"using":"xpath","value":"//li[.//span[contains(text(),'523 -')]]"}
RESULT: {"using":"xpath","value":"//li[.//span[contains(text(),'523 -')]]"}
COMMAND: POST /session/21ce62c4ecbe6d238b640e15c86407e3/elements - {"using":"xpath","value":"//li[.//span[contains(text(),'523 -')]]"}
RESULT: {"using":"xpath","value":"//li[.//span[contains(text(),'523 -')]]"}
COMMAND: POST /session/21ce62c4ecbe6d238b640e15c86407e3/elements - {"using":"xpath","value":"//li[.//span[contains(text(),'523 -')]]"}
RESULT: {"using":"xpath","value":"//li[.//span[contains(text(),'523 -')]]"}
COMMAND: POST /session/21ce62c4ecbe6d238b640e15c86407e3/elements - {"using":"xpath","value":"//li[.//span[contains(text(),'523 -')]]"}
RESULT: {"using":"xpath","value":"//li[.//span[contains(text(),'523 -')]]"}
COMMAND: POST /session/21ce62c4ecbe6d238b640e15c86407e3/elements - {"using":"xpath","value":"//li[.//span[contains(text(),'523 -')]]"}
RESULT: {"using":"xpath","value":"//li[.//span[contains(text(),'523 -')]]"}
COMMAND: POST /session/21ce62c4ecbe6d238b640e15c86407e3/elements - {"using":"xpath","value":"//li[.//span[contains(text(),'523 -')]]"}
RESULT: {"using":"xpath","value":"//li[.//span[contains(text(),'523 -')]]"}
COMMAND: POST /session/21ce62c4ecbe6d238b640e15c86407e3/elements - {"using":"xpath","value":"//li[.//span[contains(text(),'523 -')]]"}
RESULT: {"using":"xpath","value":"//li[.//span[contains(text(),'523 -')]]"}
COMMAND: POST /session/21ce62c4ecbe6d238b640e15c86407e3/elements - {"using":"xpath","value":"//li[.//span[contains(text(),'523 -')]]"}
RESULT: {"using":"xpath","value":"//li[.//span[contains(text(),'523 -')]]"}
COMMAND: POST /session/21ce62c4ecbe6d238b640e15c86407e3/elements - {"using":"xpath","value":"//li[.//span[contains(text(),'523 -')]]"}
RESULT: {"using":"xpath","value":"//li[.//span[contains(text(),'523 -')]]"}
COMMAND: POST /session/21ce62c4ecbe6d238b640e15c86407e3/elements - {"using":"xpath","value":"//li[.//span[contains(text(),'523 -')]]"}
RESULT: {"using":"xpath","value":"//li[.//span[contains(text(),'523 -')]]"}
COMMAND: POST /session/21ce62c4ecbe6d238b640e15c86407e3/elements - {"using":"xpath","value":"//li[.//span[contains(text(),'523 -')]]"}
RESULT: {"using":"xpath","value":"//li[.//span[contains(text(),'523 -')]]"}
COMMAND: POST /session/21ce62c4ecbe6d238b640e15c86407e3/elements - {"using":"xpath","value":"//li[.//span[contains(text(),'523 -')]]"}
RESULT: {"using":"xpath","value":"//li[.//span[contains(text(),'523 -')]]"}
COMMAND: POST /session/21ce62c4ecbe6d238b640e15c86407e3/elements - {"using":"xpath","value":"//li[.//span[contains(text(),'523 -')]]"}
RESULT: {"using":"xpath","value":"//li[.//span[contains(text(),'523 -')]]"}
COMMAND: POST /session/21ce62c4ecbe6d238b640e15c86407e3/elements - {"using":"xpath","value":"//li[.//span[contains(text(),'523 -')]]"}
RESULT: {"using":"xpath","value":"//li[.//span[contains(text(),'523 -')]]"}
COMMAND: POST /session/21ce62c4ecbe6d238b640e15c86407e3/elements - {"using":"xpath","value":"//li[.//span[contains(text(),'523 -')]]"}
RESULT: {"using":"xpath","value":"//li[.//span[contains(text(),'523 -')]]"}
COMMAND: POST /session/21ce62c4ecbe6d238b640e15c86407e3/elements - {"using":"xpath","value":"//li[.//span[contains(text(),'523 -')]]"}
RESULT: {"using":"xpath","value":"//li[.//span[contains(text(),'523 -')]]"}
COMMAND: POST /session/21ce62c4ecbe6d238b640e15c86407e3/elements - {"using":"xpath","value":"//li[.//span[contains(text(),'523 -')]]"}
RESULT: {"using":"xpath","value":"//li[.//span[contains(text(),'523 -')]]"}
COMMAND: POST /session/21ce62c4ecbe6d238b640e15c86407e3/elements - {"using":"xpath","value":"//li[.//span[contains(text(),'523 -')]]"}
RESULT: {"using":"xpath","value":"//li[.//span[contains(text(),'523 -')]]"}
COMMAND: POST /session/21ce62c4ecbe6d238b640e15c86407e3/elements - {"using":"xpath","value":"//li[.//span[contains(text(),'523 -')]]"}
RESULT: {"using":"xpath","value":"//li[.//span[contains(text(),'523 -')]]"}
COMMAND: POST /session/21ce62c4ecbe6d238b640e15c86407e3/elements - {"using":"xpath","value":"//li[.//span[contains(text(),'523 -')]]"}
RESULT: {"using":"xpath","value":"//li[.//span[contains(text(),'523 -')]]"}
COMMAND: POST /session/21ce62c4ecbe6d238b640e15c86407e3/elements - {"using":"xpath","value":"//li[.//span[contains(text(),'523 -')]]"}
RESULT: {"using":"xpath","value":"//li[.//span[contains(text(),'523 -')]]"}
COMMAND: POST /session/21ce62c4ecbe6d238b640e15c86407e3/elements - {"using":"xpath","value":"//li[.//span[contains(text(),'523 -')]]"}
RESULT: {"using":"xpath","value":"//li[.//span[contains(text(),'523 -')]]"}
COMMAND: POST /session/21ce62c4ecbe6d238b640e15c86407e3/elements - {"using":"xpath","value":"//li[.//span[contains(text(),'523 -')]]"}
RESULT: {"using":"xpath","value":"//li[.//span[contains(text(),'523 -')]]"}
COMMAND: POST /session/21ce62c4ecbe6d238b640e15c86407e3/elements - {"using":"xpath","value":"//li[.//span[contains(text(),'523 -')]]"}
RESULT: {"using":"xpath","value":"//li[.//span[contains(text(),'523 -')]]"}
COMMAND: POST /session/21ce62c4ecbe6d238b640e15c86407e3/elements - {"using":"xpath","value":"//li[.//span[contains(text(),'523 -')]]"}
RESULT: {"using":"xpath","value":"//li[.//span[contains(text(),'523 -')]]"}
COMMAND: POST /session/21ce62c4ecbe6d238b640e15c86407e3/elements - {"using":"xpath","value":"//li[.//span[contains(text(),'523 -')]]"}
RESULT: {"using":"xpath","value":"//li[.//span[contains(text(),'523 -')]]"}
COMMAND: POST /session/21ce62c4ecbe6d238b640e15c86407e3/elements - {"using":"xpath","value":"//li[.//span[contains(text(),'523 -')]]"}
RESULT: {"using":"xpath","value":"//li[.//span[contains(text(),'523 -')]]"}
COMMAND: GET /session/21ce62c4ecbe6d238b640e15c86407e3/screenshot - {}
RESULT: {}
]]></system-out>
      <system-err><![CDATA[
Error: Can't call click on element with selector "//li[.//span[contains(text(),'523 -')]]" because element wasn't found
    at async UtilsPrerequisites.stockIncrease (D:\a\1\s\test\specs\BTS\prerequisites-and-utils-functions.js:1638:9)
    at async Context.<anonymous> (D:\a\1\s\test\specs\HTR\provide-to-site-w-warehouse-w-clarification.spec.js:70:9)
]]></system-err>
    </testcase>
    <testcase classname="chrome.136_0_7103_93.windows.Provide_to_Site_w/_warehouse_management_w_clarification" name="Should create a new contract" time="60.383">
      <failure/>
      <error message="element (&quot;//button[@data-kt=&quot;addButton&quot;]&quot;) still not existing after 45000ms"/>
      <system-out><![CDATA[
COMMAND: POST /session/21ce62c4ecbe6d238b640e15c86407e3/execute/async - {"script":"<script> [1562 bytes]","args":[{"selector":{"controlType":"sap.m.GenericTile","properties":{"header":"Manage Contracts"}},"wdio_ui5_key":"sapm.GenericTile{\"header\":\"Manage Contracts\"}"}]}
COMMAND: GET /session/21ce62c4ecbe6d238b640e15c86407e3/screenshot - {}
RESULT: {"script":"<script> [1562 bytes]","args":[{"selector":{"controlType":"sap.m.GenericTile","properties":{"header":"Manage Contracts"}},"wdio_ui5_key":"sapm.GenericTile{\"header\":\"Manage Contracts\"}"}]}
RESULT: undefined
RESULT: {}
COMMAND: POST /session/21ce62c4ecbe6d238b640e15c86407e3/elements - {"using":"xpath","value":"//span[text()='Error']"}
RESULT: {"using":"xpath","value":"//span[text()='Error']"}
COMMAND: POST /session/21ce62c4ecbe6d238b640e15c86407e3/element - {"using":"xpath","value":"//button[@data-kt=\"addButton\"]"}
RESULT: {"using":"xpath","value":"//button[@data-kt=\"addButton\"]"}
COMMAND: POST /session/21ce62c4ecbe6d238b640e15c86407e3/elements - {"using":"xpath","value":"//button[@data-kt=\"addButton\"]"}
RESULT: {"using":"xpath","value":"//button[@data-kt=\"addButton\"]"}
COMMAND: POST /session/21ce62c4ecbe6d238b640e15c86407e3/elements - {"using":"xpath","value":"//button[@data-kt=\"addButton\"]"}
RESULT: {"using":"xpath","value":"//button[@data-kt=\"addButton\"]"}
COMMAND: POST /session/21ce62c4ecbe6d238b640e15c86407e3/elements - {"using":"xpath","value":"//button[@data-kt=\"addButton\"]"}
RESULT: {"using":"xpath","value":"//button[@data-kt=\"addButton\"]"}
COMMAND: POST /session/21ce62c4ecbe6d238b640e15c86407e3/elements - {"using":"xpath","value":"//button[@data-kt=\"addButton\"]"}
RESULT: {"using":"xpath","value":"//button[@data-kt=\"addButton\"]"}
COMMAND: POST /session/21ce62c4ecbe6d238b640e15c86407e3/elements - {"using":"xpath","value":"//button[@data-kt=\"addButton\"]"}
RESULT: {"using":"xpath","value":"//button[@data-kt=\"addButton\"]"}
COMMAND: POST /session/21ce62c4ecbe6d238b640e15c86407e3/elements - {"using":"xpath","value":"//button[@data-kt=\"addButton\"]"}
RESULT: {"using":"xpath","value":"//button[@data-kt=\"addButton\"]"}
COMMAND: POST /session/21ce62c4ecbe6d238b640e15c86407e3/elements - {"using":"xpath","value":"//button[@data-kt=\"addButton\"]"}
RESULT: {"using":"xpath","value":"//button[@data-kt=\"addButton\"]"}
COMMAND: POST /session/21ce62c4ecbe6d238b640e15c86407e3/elements - {"using":"xpath","value":"//button[@data-kt=\"addButton\"]"}
RESULT: {"using":"xpath","value":"//button[@data-kt=\"addButton\"]"}
COMMAND: POST /session/21ce62c4ecbe6d238b640e15c86407e3/elements - {"using":"xpath","value":"//button[@data-kt=\"addButton\"]"}
RESULT: {"using":"xpath","value":"//button[@data-kt=\"addButton\"]"}
COMMAND: POST /session/21ce62c4ecbe6d238b640e15c86407e3/elements - {"using":"xpath","value":"//button[@data-kt=\"addButton\"]"}
RESULT: {"using":"xpath","value":"//button[@data-kt=\"addButton\"]"}
COMMAND: POST /session/21ce62c4ecbe6d238b640e15c86407e3/elements - {"using":"xpath","value":"//button[@data-kt=\"addButton\"]"}
RESULT: {"using":"xpath","value":"//button[@data-kt=\"addButton\"]"}
COMMAND: POST /session/21ce62c4ecbe6d238b640e15c86407e3/elements - {"using":"xpath","value":"//button[@data-kt=\"addButton\"]"}
RESULT: {"using":"xpath","value":"//button[@data-kt=\"addButton\"]"}
COMMAND: POST /session/21ce62c4ecbe6d238b640e15c86407e3/elements - {"using":"xpath","value":"//button[@data-kt=\"addButton\"]"}
RESULT: {"using":"xpath","value":"//button[@data-kt=\"addButton\"]"}
COMMAND: POST /session/21ce62c4ecbe6d238b640e15c86407e3/elements - {"using":"xpath","value":"//button[@data-kt=\"addButton\"]"}
RESULT: {"using":"xpath","value":"//button[@data-kt=\"addButton\"]"}
COMMAND: POST /session/21ce62c4ecbe6d238b640e15c86407e3/elements - {"using":"xpath","value":"//button[@data-kt=\"addButton\"]"}
RESULT: {"using":"xpath","value":"//button[@data-kt=\"addButton\"]"}
COMMAND: POST /session/21ce62c4ecbe6d238b640e15c86407e3/elements - {"using":"xpath","value":"//button[@data-kt=\"addButton\"]"}
RESULT: {"using":"xpath","value":"//button[@data-kt=\"addButton\"]"}
COMMAND: POST /session/21ce62c4ecbe6d238b640e15c86407e3/elements - {"using":"xpath","value":"//button[@data-kt=\"addButton\"]"}
RESULT: {"using":"xpath","value":"//button[@data-kt=\"addButton\"]"}
COMMAND: POST /session/21ce62c4ecbe6d238b640e15c86407e3/elements - {"using":"xpath","value":"//button[@data-kt=\"addButton\"]"}
RESULT: {"using":"xpath","value":"//button[@data-kt=\"addButton\"]"}
COMMAND: POST /session/21ce62c4ecbe6d238b640e15c86407e3/elements - {"using":"xpath","value":"//button[@data-kt=\"addButton\"]"}
RESULT: {"using":"xpath","value":"//button[@data-kt=\"addButton\"]"}
COMMAND: POST /session/21ce62c4ecbe6d238b640e15c86407e3/elements - {"using":"xpath","value":"//button[@data-kt=\"addButton\"]"}
RESULT: {"using":"xpath","value":"//button[@data-kt=\"addButton\"]"}
COMMAND: POST /session/21ce62c4ecbe6d238b640e15c86407e3/elements - {"using":"xpath","value":"//button[@data-kt=\"addButton\"]"}
RESULT: {"using":"xpath","value":"//button[@data-kt=\"addButton\"]"}
COMMAND: POST /session/21ce62c4ecbe6d238b640e15c86407e3/elements - {"using":"xpath","value":"//button[@data-kt=\"addButton\"]"}
RESULT: {"using":"xpath","value":"//button[@data-kt=\"addButton\"]"}
COMMAND: POST /session/21ce62c4ecbe6d238b640e15c86407e3/elements - {"using":"xpath","value":"//button[@data-kt=\"addButton\"]"}
RESULT: {"using":"xpath","value":"//button[@data-kt=\"addButton\"]"}
COMMAND: POST /session/21ce62c4ecbe6d238b640e15c86407e3/elements - {"using":"xpath","value":"//button[@data-kt=\"addButton\"]"}
RESULT: {"using":"xpath","value":"//button[@data-kt=\"addButton\"]"}
COMMAND: POST /session/21ce62c4ecbe6d238b640e15c86407e3/elements - {"using":"xpath","value":"//button[@data-kt=\"addButton\"]"}
RESULT: {"using":"xpath","value":"//button[@data-kt=\"addButton\"]"}
COMMAND: POST /session/21ce62c4ecbe6d238b640e15c86407e3/elements - {"using":"xpath","value":"//button[@data-kt=\"addButton\"]"}
RESULT: {"using":"xpath","value":"//button[@data-kt=\"addButton\"]"}
COMMAND: POST /session/21ce62c4ecbe6d238b640e15c86407e3/elements - {"using":"xpath","value":"//button[@data-kt=\"addButton\"]"}
RESULT: {"using":"xpath","value":"//button[@data-kt=\"addButton\"]"}
COMMAND: POST /session/21ce62c4ecbe6d238b640e15c86407e3/elements - {"using":"xpath","value":"//button[@data-kt=\"addButton\"]"}
RESULT: {"using":"xpath","value":"//button[@data-kt=\"addButton\"]"}
COMMAND: POST /session/21ce62c4ecbe6d238b640e15c86407e3/elements - {"using":"xpath","value":"//button[@data-kt=\"addButton\"]"}
RESULT: {"using":"xpath","value":"//button[@data-kt=\"addButton\"]"}
COMMAND: POST /session/21ce62c4ecbe6d238b640e15c86407e3/elements - {"using":"xpath","value":"//button[@data-kt=\"addButton\"]"}
RESULT: {"using":"xpath","value":"//button[@data-kt=\"addButton\"]"}
COMMAND: POST /session/21ce62c4ecbe6d238b640e15c86407e3/elements - {"using":"xpath","value":"//button[@data-kt=\"addButton\"]"}
RESULT: {"using":"xpath","value":"//button[@data-kt=\"addButton\"]"}
COMMAND: POST /session/21ce62c4ecbe6d238b640e15c86407e3/elements - {"using":"xpath","value":"//button[@data-kt=\"addButton\"]"}
RESULT: {"using":"xpath","value":"//button[@data-kt=\"addButton\"]"}
COMMAND: POST /session/21ce62c4ecbe6d238b640e15c86407e3/elements - {"using":"xpath","value":"//button[@data-kt=\"addButton\"]"}
RESULT: {"using":"xpath","value":"//button[@data-kt=\"addButton\"]"}
COMMAND: POST /session/21ce62c4ecbe6d238b640e15c86407e3/elements - {"using":"xpath","value":"//button[@data-kt=\"addButton\"]"}
RESULT: {"using":"xpath","value":"//button[@data-kt=\"addButton\"]"}
COMMAND: POST /session/21ce62c4ecbe6d238b640e15c86407e3/elements - {"using":"xpath","value":"//button[@data-kt=\"addButton\"]"}
RESULT: {"using":"xpath","value":"//button[@data-kt=\"addButton\"]"}
COMMAND: POST /session/21ce62c4ecbe6d238b640e15c86407e3/elements - {"using":"xpath","value":"//button[@data-kt=\"addButton\"]"}
RESULT: {"using":"xpath","value":"//button[@data-kt=\"addButton\"]"}
COMMAND: POST /session/21ce62c4ecbe6d238b640e15c86407e3/elements - {"using":"xpath","value":"//button[@data-kt=\"addButton\"]"}
RESULT: {"using":"xpath","value":"//button[@data-kt=\"addButton\"]"}
COMMAND: POST /session/21ce62c4ecbe6d238b640e15c86407e3/elements - {"using":"xpath","value":"//button[@data-kt=\"addButton\"]"}
RESULT: {"using":"xpath","value":"//button[@data-kt=\"addButton\"]"}
COMMAND: POST /session/21ce62c4ecbe6d238b640e15c86407e3/elements - {"using":"xpath","value":"//button[@data-kt=\"addButton\"]"}
RESULT: {"using":"xpath","value":"//button[@data-kt=\"addButton\"]"}
COMMAND: POST /session/21ce62c4ecbe6d238b640e15c86407e3/elements - {"using":"xpath","value":"//button[@data-kt=\"addButton\"]"}
RESULT: {"using":"xpath","value":"//button[@data-kt=\"addButton\"]"}
COMMAND: POST /session/21ce62c4ecbe6d238b640e15c86407e3/elements - {"using":"xpath","value":"//button[@data-kt=\"addButton\"]"}
RESULT: {"using":"xpath","value":"//button[@data-kt=\"addButton\"]"}
COMMAND: POST /session/21ce62c4ecbe6d238b640e15c86407e3/elements - {"using":"xpath","value":"//button[@data-kt=\"addButton\"]"}
RESULT: {"using":"xpath","value":"//button[@data-kt=\"addButton\"]"}
COMMAND: POST /session/21ce62c4ecbe6d238b640e15c86407e3/elements - {"using":"xpath","value":"//button[@data-kt=\"addButton\"]"}
RESULT: {"using":"xpath","value":"//button[@data-kt=\"addButton\"]"}
COMMAND: POST /session/21ce62c4ecbe6d238b640e15c86407e3/elements - {"using":"xpath","value":"//button[@data-kt=\"addButton\"]"}
RESULT: {"using":"xpath","value":"//button[@data-kt=\"addButton\"]"}
COMMAND: POST /session/21ce62c4ecbe6d238b640e15c86407e3/elements - {"using":"xpath","value":"//button[@data-kt=\"addButton\"]"}
RESULT: {"using":"xpath","value":"//button[@data-kt=\"addButton\"]"}
COMMAND: POST /session/21ce62c4ecbe6d238b640e15c86407e3/elements - {"using":"xpath","value":"//button[@data-kt=\"addButton\"]"}
RESULT: {"using":"xpath","value":"//button[@data-kt=\"addButton\"]"}
COMMAND: POST /session/21ce62c4ecbe6d238b640e15c86407e3/elements - {"using":"xpath","value":"//button[@data-kt=\"addButton\"]"}
RESULT: {"using":"xpath","value":"//button[@data-kt=\"addButton\"]"}
COMMAND: POST /session/21ce62c4ecbe6d238b640e15c86407e3/elements - {"using":"xpath","value":"//button[@data-kt=\"addButton\"]"}
RESULT: {"using":"xpath","value":"//button[@data-kt=\"addButton\"]"}
COMMAND: POST /session/21ce62c4ecbe6d238b640e15c86407e3/elements - {"using":"xpath","value":"//button[@data-kt=\"addButton\"]"}
RESULT: {"using":"xpath","value":"//button[@data-kt=\"addButton\"]"}
COMMAND: POST /session/21ce62c4ecbe6d238b640e15c86407e3/elements - {"using":"xpath","value":"//button[@data-kt=\"addButton\"]"}
RESULT: {"using":"xpath","value":"//button[@data-kt=\"addButton\"]"}
COMMAND: POST /session/21ce62c4ecbe6d238b640e15c86407e3/elements - {"using":"xpath","value":"//button[@data-kt=\"addButton\"]"}
RESULT: {"using":"xpath","value":"//button[@data-kt=\"addButton\"]"}
COMMAND: POST /session/21ce62c4ecbe6d238b640e15c86407e3/elements - {"using":"xpath","value":"//button[@data-kt=\"addButton\"]"}
RESULT: {"using":"xpath","value":"//button[@data-kt=\"addButton\"]"}
COMMAND: POST /session/21ce62c4ecbe6d238b640e15c86407e3/elements - {"using":"xpath","value":"//button[@data-kt=\"addButton\"]"}
RESULT: {"using":"xpath","value":"//button[@data-kt=\"addButton\"]"}
COMMAND: POST /session/21ce62c4ecbe6d238b640e15c86407e3/elements - {"using":"xpath","value":"//button[@data-kt=\"addButton\"]"}
RESULT: {"using":"xpath","value":"//button[@data-kt=\"addButton\"]"}
COMMAND: POST /session/21ce62c4ecbe6d238b640e15c86407e3/elements - {"using":"xpath","value":"//button[@data-kt=\"addButton\"]"}
RESULT: {"using":"xpath","value":"//button[@data-kt=\"addButton\"]"}
COMMAND: POST /session/21ce62c4ecbe6d238b640e15c86407e3/elements - {"using":"xpath","value":"//button[@data-kt=\"addButton\"]"}
RESULT: {"using":"xpath","value":"//button[@data-kt=\"addButton\"]"}
COMMAND: POST /session/21ce62c4ecbe6d238b640e15c86407e3/elements - {"using":"xpath","value":"//button[@data-kt=\"addButton\"]"}
RESULT: {"using":"xpath","value":"//button[@data-kt=\"addButton\"]"}
COMMAND: POST /session/21ce62c4ecbe6d238b640e15c86407e3/elements - {"using":"xpath","value":"//button[@data-kt=\"addButton\"]"}
RESULT: {"using":"xpath","value":"//button[@data-kt=\"addButton\"]"}
COMMAND: POST /session/21ce62c4ecbe6d238b640e15c86407e3/elements - {"using":"xpath","value":"//button[@data-kt=\"addButton\"]"}
RESULT: {"using":"xpath","value":"//button[@data-kt=\"addButton\"]"}
COMMAND: POST /session/21ce62c4ecbe6d238b640e15c86407e3/elements - {"using":"xpath","value":"//button[@data-kt=\"addButton\"]"}
RESULT: {"using":"xpath","value":"//button[@data-kt=\"addButton\"]"}
COMMAND: POST /session/21ce62c4ecbe6d238b640e15c86407e3/elements - {"using":"xpath","value":"//button[@data-kt=\"addButton\"]"}
RESULT: {"using":"xpath","value":"//button[@data-kt=\"addButton\"]"}
COMMAND: POST /session/21ce62c4ecbe6d238b640e15c86407e3/elements - {"using":"xpath","value":"//button[@data-kt=\"addButton\"]"}
RESULT: {"using":"xpath","value":"//button[@data-kt=\"addButton\"]"}
COMMAND: POST /session/21ce62c4ecbe6d238b640e15c86407e3/elements - {"using":"xpath","value":"//button[@data-kt=\"addButton\"]"}
RESULT: {"using":"xpath","value":"//button[@data-kt=\"addButton\"]"}
COMMAND: POST /session/21ce62c4ecbe6d238b640e15c86407e3/elements - {"using":"xpath","value":"//button[@data-kt=\"addButton\"]"}
RESULT: {"using":"xpath","value":"//button[@data-kt=\"addButton\"]"}
COMMAND: POST /session/21ce62c4ecbe6d238b640e15c86407e3/elements - {"using":"xpath","value":"//button[@data-kt=\"addButton\"]"}
RESULT: {"using":"xpath","value":"//button[@data-kt=\"addButton\"]"}
COMMAND: POST /session/21ce62c4ecbe6d238b640e15c86407e3/elements - {"using":"xpath","value":"//button[@data-kt=\"addButton\"]"}
RESULT: {"using":"xpath","value":"//button[@data-kt=\"addButton\"]"}
COMMAND: POST /session/21ce62c4ecbe6d238b640e15c86407e3/elements - {"using":"xpath","value":"//button[@data-kt=\"addButton\"]"}
RESULT: {"using":"xpath","value":"//button[@data-kt=\"addButton\"]"}
COMMAND: POST /session/21ce62c4ecbe6d238b640e15c86407e3/elements - {"using":"xpath","value":"//button[@data-kt=\"addButton\"]"}
RESULT: {"using":"xpath","value":"//button[@data-kt=\"addButton\"]"}
COMMAND: POST /session/21ce62c4ecbe6d238b640e15c86407e3/elements - {"using":"xpath","value":"//button[@data-kt=\"addButton\"]"}
RESULT: {"using":"xpath","value":"//button[@data-kt=\"addButton\"]"}
COMMAND: POST /session/21ce62c4ecbe6d238b640e15c86407e3/elements - {"using":"xpath","value":"//button[@data-kt=\"addButton\"]"}
RESULT: {"using":"xpath","value":"//button[@data-kt=\"addButton\"]"}
COMMAND: POST /session/21ce62c4ecbe6d238b640e15c86407e3/elements - {"using":"xpath","value":"//button[@data-kt=\"addButton\"]"}
RESULT: {"using":"xpath","value":"//button[@data-kt=\"addButton\"]"}
COMMAND: POST /session/21ce62c4ecbe6d238b640e15c86407e3/elements - {"using":"xpath","value":"//button[@data-kt=\"addButton\"]"}
RESULT: {"using":"xpath","value":"//button[@data-kt=\"addButton\"]"}
COMMAND: POST /session/21ce62c4ecbe6d238b640e15c86407e3/elements - {"using":"xpath","value":"//button[@data-kt=\"addButton\"]"}
RESULT: {"using":"xpath","value":"//button[@data-kt=\"addButton\"]"}
COMMAND: POST /session/21ce62c4ecbe6d238b640e15c86407e3/elements - {"using":"xpath","value":"//button[@data-kt=\"addButton\"]"}
RESULT: {"using":"xpath","value":"//button[@data-kt=\"addButton\"]"}
COMMAND: POST /session/21ce62c4ecbe6d238b640e15c86407e3/elements - {"using":"xpath","value":"//button[@data-kt=\"addButton\"]"}
RESULT: {"using":"xpath","value":"//button[@data-kt=\"addButton\"]"}
COMMAND: POST /session/21ce62c4ecbe6d238b640e15c86407e3/elements - {"using":"xpath","value":"//button[@data-kt=\"addButton\"]"}
RESULT: {"using":"xpath","value":"//button[@data-kt=\"addButton\"]"}
COMMAND: POST /session/21ce62c4ecbe6d238b640e15c86407e3/elements - {"using":"xpath","value":"//button[@data-kt=\"addButton\"]"}
RESULT: {"using":"xpath","value":"//button[@data-kt=\"addButton\"]"}
COMMAND: POST /session/21ce62c4ecbe6d238b640e15c86407e3/elements - {"using":"xpath","value":"//button[@data-kt=\"addButton\"]"}
RESULT: {"using":"xpath","value":"//button[@data-kt=\"addButton\"]"}
COMMAND: POST /session/21ce62c4ecbe6d238b640e15c86407e3/elements - {"using":"xpath","value":"//button[@data-kt=\"addButton\"]"}
RESULT: {"using":"xpath","value":"//button[@data-kt=\"addButton\"]"}
COMMAND: POST /session/21ce62c4ecbe6d238b640e15c86407e3/elements - {"using":"xpath","value":"//button[@data-kt=\"addButton\"]"}
RESULT: {"using":"xpath","value":"//button[@data-kt=\"addButton\"]"}
COMMAND: POST /session/21ce62c4ecbe6d238b640e15c86407e3/elements - {"using":"xpath","value":"//button[@data-kt=\"addButton\"]"}
RESULT: {"using":"xpath","value":"//button[@data-kt=\"addButton\"]"}
COMMAND: POST /session/21ce62c4ecbe6d238b640e15c86407e3/elements - {"using":"xpath","value":"//button[@data-kt=\"addButton\"]"}
RESULT: {"using":"xpath","value":"//button[@data-kt=\"addButton\"]"}
COMMAND: POST /session/21ce62c4ecbe6d238b640e15c86407e3/elements - {"using":"xpath","value":"//button[@data-kt=\"addButton\"]"}
RESULT: {"using":"xpath","value":"//button[@data-kt=\"addButton\"]"}
COMMAND: POST /session/21ce62c4ecbe6d238b640e15c86407e3/elements - {"using":"xpath","value":"//button[@data-kt=\"addButton\"]"}
RESULT: {"using":"xpath","value":"//button[@data-kt=\"addButton\"]"}
COMMAND: POST /session/21ce62c4ecbe6d238b640e15c86407e3/elements - {"using":"xpath","value":"//button[@data-kt=\"addButton\"]"}
RESULT: {"using":"xpath","value":"//button[@data-kt=\"addButton\"]"}
COMMAND: POST /session/21ce62c4ecbe6d238b640e15c86407e3/elements - {"using":"xpath","value":"//button[@data-kt=\"addButton\"]"}
RESULT: {"using":"xpath","value":"//button[@data-kt=\"addButton\"]"}
COMMAND: POST /session/21ce62c4ecbe6d238b640e15c86407e3/elements - {"using":"xpath","value":"//button[@data-kt=\"addButton\"]"}
RESULT: {"using":"xpath","value":"//button[@data-kt=\"addButton\"]"}
COMMAND: POST /session/21ce62c4ecbe6d238b640e15c86407e3/elements - {"using":"xpath","value":"//button[@data-kt=\"addButton\"]"}
RESULT: {"using":"xpath","value":"//button[@data-kt=\"addButton\"]"}
COMMAND: POST /session/21ce62c4ecbe6d238b640e15c86407e3/elements - {"using":"xpath","value":"//button[@data-kt=\"addButton\"]"}
RESULT: {"using":"xpath","value":"//button[@data-kt=\"addButton\"]"}
COMMAND: POST /session/21ce62c4ecbe6d238b640e15c86407e3/elements - {"using":"xpath","value":"//button[@data-kt=\"addButton\"]"}
RESULT: {"using":"xpath","value":"//button[@data-kt=\"addButton\"]"}
COMMAND: GET /session/21ce62c4ecbe6d238b640e15c86407e3/screenshot - {}
RESULT: {}
]]></system-out>
      <system-err><![CDATA[
Error: element ("//button[@data-kt="addButton"]") still not existing after 45000ms
    at async UtilsPrerequisites.contractCreation (D:\a\1\s\test\specs\BTS\prerequisites-and-utils-functions.js:1741:9)
    at async Context.<anonymous> (D:\a\1\s\test\specs\HTR\provide-to-site-w-warehouse-w-clarification.spec.js:74:49)
]]></system-err>
    </testcase>
    <testcase classname="chrome.136_0_7103_93.windows.Provide_to_Site_w/_warehouse_management_w_clarification" name="Should add equipment to the contract" time="60.527">
      <failure/>
      <error message="Can't call click on element with selector &quot;//button[@data-kt=&quot;contractDetailEditBtnButton&quot;]&quot; because element wasn't found"/>
      <system-out><![CDATA[
COMMAND: POST /session/21ce62c4ecbe6d238b640e15c86407e3/element - {"using":"xpath","value":"//button[@data-kt=\"contractDetailEditBtnButton\"]"}
COMMAND: GET /session/21ce62c4ecbe6d238b640e15c86407e3/screenshot - {}
RESULT: {"using":"xpath","value":"//button[@data-kt=\"contractDetailEditBtnButton\"]"}
COMMAND: POST /session/21ce62c4ecbe6d238b640e15c86407e3/elements - {"using":"xpath","value":"//button[@data-kt=\"contractDetailEditBtnButton\"]"}
RESULT: {}
RESULT: {"using":"xpath","value":"//button[@data-kt=\"contractDetailEditBtnButton\"]"}
COMMAND: POST /session/21ce62c4ecbe6d238b640e15c86407e3/elements - {"using":"xpath","value":"//button[@data-kt=\"contractDetailEditBtnButton\"]"}
RESULT: {"using":"xpath","value":"//button[@data-kt=\"contractDetailEditBtnButton\"]"}
COMMAND: POST /session/21ce62c4ecbe6d238b640e15c86407e3/elements - {"using":"xpath","value":"//button[@data-kt=\"contractDetailEditBtnButton\"]"}
RESULT: {"using":"xpath","value":"//button[@data-kt=\"contractDetailEditBtnButton\"]"}
COMMAND: POST /session/21ce62c4ecbe6d238b640e15c86407e3/elements - {"using":"xpath","value":"//button[@data-kt=\"contractDetailEditBtnButton\"]"}
RESULT: {"using":"xpath","value":"//button[@data-kt=\"contractDetailEditBtnButton\"]"}
COMMAND: POST /session/21ce62c4ecbe6d238b640e15c86407e3/elements - {"using":"xpath","value":"//button[@data-kt=\"contractDetailEditBtnButton\"]"}
RESULT: {"using":"xpath","value":"//button[@data-kt=\"contractDetailEditBtnButton\"]"}
COMMAND: POST /session/21ce62c4ecbe6d238b640e15c86407e3/elements - {"using":"xpath","value":"//button[@data-kt=\"contractDetailEditBtnButton\"]"}
RESULT: {"using":"xpath","value":"//button[@data-kt=\"contractDetailEditBtnButton\"]"}
COMMAND: POST /session/21ce62c4ecbe6d238b640e15c86407e3/elements - {"using":"xpath","value":"//button[@data-kt=\"contractDetailEditBtnButton\"]"}
RESULT: {"using":"xpath","value":"//button[@data-kt=\"contractDetailEditBtnButton\"]"}
COMMAND: POST /session/21ce62c4ecbe6d238b640e15c86407e3/elements - {"using":"xpath","value":"//button[@data-kt=\"contractDetailEditBtnButton\"]"}
RESULT: {"using":"xpath","value":"//button[@data-kt=\"contractDetailEditBtnButton\"]"}
COMMAND: POST /session/21ce62c4ecbe6d238b640e15c86407e3/elements - {"using":"xpath","value":"//button[@data-kt=\"contractDetailEditBtnButton\"]"}
RESULT: {"using":"xpath","value":"//button[@data-kt=\"contractDetailEditBtnButton\"]"}
COMMAND: POST /session/21ce62c4ecbe6d238b640e15c86407e3/elements - {"using":"xpath","value":"//button[@data-kt=\"contractDetailEditBtnButton\"]"}
RESULT: {"using":"xpath","value":"//button[@data-kt=\"contractDetailEditBtnButton\"]"}
COMMAND: POST /session/21ce62c4ecbe6d238b640e15c86407e3/elements - {"using":"xpath","value":"//button[@data-kt=\"contractDetailEditBtnButton\"]"}
RESULT: {"using":"xpath","value":"//button[@data-kt=\"contractDetailEditBtnButton\"]"}
COMMAND: POST /session/21ce62c4ecbe6d238b640e15c86407e3/elements - {"using":"xpath","value":"//button[@data-kt=\"contractDetailEditBtnButton\"]"}
RESULT: {"using":"xpath","value":"//button[@data-kt=\"contractDetailEditBtnButton\"]"}
COMMAND: POST /session/21ce62c4ecbe6d238b640e15c86407e3/elements - {"using":"xpath","value":"//button[@data-kt=\"contractDetailEditBtnButton\"]"}
RESULT: {"using":"xpath","value":"//button[@data-kt=\"contractDetailEditBtnButton\"]"}
COMMAND: POST /session/21ce62c4ecbe6d238b640e15c86407e3/elements - {"using":"xpath","value":"//button[@data-kt=\"contractDetailEditBtnButton\"]"}
RESULT: {"using":"xpath","value":"//button[@data-kt=\"contractDetailEditBtnButton\"]"}
COMMAND: POST /session/21ce62c4ecbe6d238b640e15c86407e3/elements - {"using":"xpath","value":"//button[@data-kt=\"contractDetailEditBtnButton\"]"}
RESULT: {"using":"xpath","value":"//button[@data-kt=\"contractDetailEditBtnButton\"]"}
COMMAND: POST /session/21ce62c4ecbe6d238b640e15c86407e3/elements - {"using":"xpath","value":"//button[@data-kt=\"contractDetailEditBtnButton\"]"}
RESULT: {"using":"xpath","value":"//button[@data-kt=\"contractDetailEditBtnButton\"]"}
COMMAND: POST /session/21ce62c4ecbe6d238b640e15c86407e3/elements - {"using":"xpath","value":"//button[@data-kt=\"contractDetailEditBtnButton\"]"}
RESULT: {"using":"xpath","value":"//button[@data-kt=\"contractDetailEditBtnButton\"]"}
COMMAND: POST /session/21ce62c4ecbe6d238b640e15c86407e3/elements - {"using":"xpath","value":"//button[@data-kt=\"contractDetailEditBtnButton\"]"}
RESULT: {"using":"xpath","value":"//button[@data-kt=\"contractDetailEditBtnButton\"]"}
COMMAND: POST /session/21ce62c4ecbe6d238b640e15c86407e3/elements - {"using":"xpath","value":"//button[@data-kt=\"contractDetailEditBtnButton\"]"}
RESULT: {"using":"xpath","value":"//button[@data-kt=\"contractDetailEditBtnButton\"]"}
COMMAND: POST /session/21ce62c4ecbe6d238b640e15c86407e3/elements - {"using":"xpath","value":"//button[@data-kt=\"contractDetailEditBtnButton\"]"}
RESULT: {"using":"xpath","value":"//button[@data-kt=\"contractDetailEditBtnButton\"]"}
COMMAND: POST /session/21ce62c4ecbe6d238b640e15c86407e3/elements - {"using":"xpath","value":"//button[@data-kt=\"contractDetailEditBtnButton\"]"}
RESULT: {"using":"xpath","value":"//button[@data-kt=\"contractDetailEditBtnButton\"]"}
COMMAND: POST /session/21ce62c4ecbe6d238b640e15c86407e3/elements - {"using":"xpath","value":"//button[@data-kt=\"contractDetailEditBtnButton\"]"}
RESULT: {"using":"xpath","value":"//button[@data-kt=\"contractDetailEditBtnButton\"]"}
COMMAND: POST /session/21ce62c4ecbe6d238b640e15c86407e3/elements - {"using":"xpath","value":"//button[@data-kt=\"contractDetailEditBtnButton\"]"}
RESULT: {"using":"xpath","value":"//button[@data-kt=\"contractDetailEditBtnButton\"]"}
COMMAND: POST /session/21ce62c4ecbe6d238b640e15c86407e3/elements - {"using":"xpath","value":"//button[@data-kt=\"contractDetailEditBtnButton\"]"}
RESULT: {"using":"xpath","value":"//button[@data-kt=\"contractDetailEditBtnButton\"]"}
COMMAND: POST /session/21ce62c4ecbe6d238b640e15c86407e3/elements - {"using":"xpath","value":"//button[@data-kt=\"contractDetailEditBtnButton\"]"}
RESULT: {"using":"xpath","value":"//button[@data-kt=\"contractDetailEditBtnButton\"]"}
COMMAND: POST /session/21ce62c4ecbe6d238b640e15c86407e3/elements - {"using":"xpath","value":"//button[@data-kt=\"contractDetailEditBtnButton\"]"}
RESULT: {"using":"xpath","value":"//button[@data-kt=\"contractDetailEditBtnButton\"]"}
COMMAND: POST /session/21ce62c4ecbe6d238b640e15c86407e3/elements - {"using":"xpath","value":"//button[@data-kt=\"contractDetailEditBtnButton\"]"}
RESULT: {"using":"xpath","value":"//button[@data-kt=\"contractDetailEditBtnButton\"]"}
COMMAND: POST /session/21ce62c4ecbe6d238b640e15c86407e3/elements - {"using":"xpath","value":"//button[@data-kt=\"contractDetailEditBtnButton\"]"}
RESULT: {"using":"xpath","value":"//button[@data-kt=\"contractDetailEditBtnButton\"]"}
COMMAND: POST /session/21ce62c4ecbe6d238b640e15c86407e3/elements - {"using":"xpath","value":"//button[@data-kt=\"contractDetailEditBtnButton\"]"}
RESULT: {"using":"xpath","value":"//button[@data-kt=\"contractDetailEditBtnButton\"]"}
COMMAND: POST /session/21ce62c4ecbe6d238b640e15c86407e3/elements - {"using":"xpath","value":"//button[@data-kt=\"contractDetailEditBtnButton\"]"}
RESULT: {"using":"xpath","value":"//button[@data-kt=\"contractDetailEditBtnButton\"]"}
COMMAND: POST /session/21ce62c4ecbe6d238b640e15c86407e3/elements - {"using":"xpath","value":"//button[@data-kt=\"contractDetailEditBtnButton\"]"}
RESULT: {"using":"xpath","value":"//button[@data-kt=\"contractDetailEditBtnButton\"]"}
COMMAND: POST /session/21ce62c4ecbe6d238b640e15c86407e3/elements - {"using":"xpath","value":"//button[@data-kt=\"contractDetailEditBtnButton\"]"}
RESULT: {"using":"xpath","value":"//button[@data-kt=\"contractDetailEditBtnButton\"]"}
COMMAND: POST /session/21ce62c4ecbe6d238b640e15c86407e3/elements - {"using":"xpath","value":"//button[@data-kt=\"contractDetailEditBtnButton\"]"}
RESULT: {"using":"xpath","value":"//button[@data-kt=\"contractDetailEditBtnButton\"]"}
COMMAND: POST /session/21ce62c4ecbe6d238b640e15c86407e3/elements - {"using":"xpath","value":"//button[@data-kt=\"contractDetailEditBtnButton\"]"}
RESULT: {"using":"xpath","value":"//button[@data-kt=\"contractDetailEditBtnButton\"]"}
COMMAND: POST /session/21ce62c4ecbe6d238b640e15c86407e3/elements - {"using":"xpath","value":"//button[@data-kt=\"contractDetailEditBtnButton\"]"}
RESULT: {"using":"xpath","value":"//button[@data-kt=\"contractDetailEditBtnButton\"]"}
COMMAND: POST /session/21ce62c4ecbe6d238b640e15c86407e3/elements - {"using":"xpath","value":"//button[@data-kt=\"contractDetailEditBtnButton\"]"}
RESULT: {"using":"xpath","value":"//button[@data-kt=\"contractDetailEditBtnButton\"]"}
COMMAND: POST /session/21ce62c4ecbe6d238b640e15c86407e3/elements - {"using":"xpath","value":"//button[@data-kt=\"contractDetailEditBtnButton\"]"}
RESULT: {"using":"xpath","value":"//button[@data-kt=\"contractDetailEditBtnButton\"]"}
COMMAND: POST /session/21ce62c4ecbe6d238b640e15c86407e3/elements - {"using":"xpath","value":"//button[@data-kt=\"contractDetailEditBtnButton\"]"}
RESULT: {"using":"xpath","value":"//button[@data-kt=\"contractDetailEditBtnButton\"]"}
COMMAND: POST /session/21ce62c4ecbe6d238b640e15c86407e3/elements - {"using":"xpath","value":"//button[@data-kt=\"contractDetailEditBtnButton\"]"}
RESULT: {"using":"xpath","value":"//button[@data-kt=\"contractDetailEditBtnButton\"]"}
COMMAND: POST /session/21ce62c4ecbe6d238b640e15c86407e3/elements - {"using":"xpath","value":"//button[@data-kt=\"contractDetailEditBtnButton\"]"}
RESULT: {"using":"xpath","value":"//button[@data-kt=\"contractDetailEditBtnButton\"]"}
COMMAND: POST /session/21ce62c4ecbe6d238b640e15c86407e3/elements - {"using":"xpath","value":"//button[@data-kt=\"contractDetailEditBtnButton\"]"}
RESULT: {"using":"xpath","value":"//button[@data-kt=\"contractDetailEditBtnButton\"]"}
COMMAND: POST /session/21ce62c4ecbe6d238b640e15c86407e3/elements - {"using":"xpath","value":"//button[@data-kt=\"contractDetailEditBtnButton\"]"}
RESULT: {"using":"xpath","value":"//button[@data-kt=\"contractDetailEditBtnButton\"]"}
COMMAND: POST /session/21ce62c4ecbe6d238b640e15c86407e3/elements - {"using":"xpath","value":"//button[@data-kt=\"contractDetailEditBtnButton\"]"}
RESULT: {"using":"xpath","value":"//button[@data-kt=\"contractDetailEditBtnButton\"]"}
COMMAND: POST /session/21ce62c4ecbe6d238b640e15c86407e3/elements - {"using":"xpath","value":"//button[@data-kt=\"contractDetailEditBtnButton\"]"}
RESULT: {"using":"xpath","value":"//button[@data-kt=\"contractDetailEditBtnButton\"]"}
COMMAND: POST /session/21ce62c4ecbe6d238b640e15c86407e3/elements - {"using":"xpath","value":"//button[@data-kt=\"contractDetailEditBtnButton\"]"}
RESULT: {"using":"xpath","value":"//button[@data-kt=\"contractDetailEditBtnButton\"]"}
COMMAND: POST /session/21ce62c4ecbe6d238b640e15c86407e3/elements - {"using":"xpath","value":"//button[@data-kt=\"contractDetailEditBtnButton\"]"}
RESULT: {"using":"xpath","value":"//button[@data-kt=\"contractDetailEditBtnButton\"]"}
COMMAND: POST /session/21ce62c4ecbe6d238b640e15c86407e3/elements - {"using":"xpath","value":"//button[@data-kt=\"contractDetailEditBtnButton\"]"}
RESULT: {"using":"xpath","value":"//button[@data-kt=\"contractDetailEditBtnButton\"]"}
COMMAND: POST /session/21ce62c4ecbe6d238b640e15c86407e3/elements - {"using":"xpath","value":"//button[@data-kt=\"contractDetailEditBtnButton\"]"}
RESULT: {"using":"xpath","value":"//button[@data-kt=\"contractDetailEditBtnButton\"]"}
COMMAND: POST /session/21ce62c4ecbe6d238b640e15c86407e3/elements - {"using":"xpath","value":"//button[@data-kt=\"contractDetailEditBtnButton\"]"}
RESULT: {"using":"xpath","value":"//button[@data-kt=\"contractDetailEditBtnButton\"]"}
COMMAND: POST /session/21ce62c4ecbe6d238b640e15c86407e3/elements - {"using":"xpath","value":"//button[@data-kt=\"contractDetailEditBtnButton\"]"}
RESULT: {"using":"xpath","value":"//button[@data-kt=\"contractDetailEditBtnButton\"]"}
COMMAND: POST /session/21ce62c4ecbe6d238b640e15c86407e3/elements - {"using":"xpath","value":"//button[@data-kt=\"contractDetailEditBtnButton\"]"}
RESULT: {"using":"xpath","value":"//button[@data-kt=\"contractDetailEditBtnButton\"]"}
COMMAND: POST /session/21ce62c4ecbe6d238b640e15c86407e3/elements - {"using":"xpath","value":"//button[@data-kt=\"contractDetailEditBtnButton\"]"}
RESULT: {"using":"xpath","value":"//button[@data-kt=\"contractDetailEditBtnButton\"]"}
COMMAND: POST /session/21ce62c4ecbe6d238b640e15c86407e3/elements - {"using":"xpath","value":"//button[@data-kt=\"contractDetailEditBtnButton\"]"}
RESULT: {"using":"xpath","value":"//button[@data-kt=\"contractDetailEditBtnButton\"]"}
COMMAND: POST /session/21ce62c4ecbe6d238b640e15c86407e3/elements - {"using":"xpath","value":"//button[@data-kt=\"contractDetailEditBtnButton\"]"}
RESULT: {"using":"xpath","value":"//button[@data-kt=\"contractDetailEditBtnButton\"]"}
COMMAND: POST /session/21ce62c4ecbe6d238b640e15c86407e3/elements - {"using":"xpath","value":"//button[@data-kt=\"contractDetailEditBtnButton\"]"}
RESULT: {"using":"xpath","value":"//button[@data-kt=\"contractDetailEditBtnButton\"]"}
COMMAND: POST /session/21ce62c4ecbe6d238b640e15c86407e3/elements - {"using":"xpath","value":"//button[@data-kt=\"contractDetailEditBtnButton\"]"}
RESULT: {"using":"xpath","value":"//button[@data-kt=\"contractDetailEditBtnButton\"]"}
COMMAND: POST /session/21ce62c4ecbe6d238b640e15c86407e3/elements - {"using":"xpath","value":"//button[@data-kt=\"contractDetailEditBtnButton\"]"}
RESULT: {"using":"xpath","value":"//button[@data-kt=\"contractDetailEditBtnButton\"]"}
COMMAND: POST /session/21ce62c4ecbe6d238b640e15c86407e3/elements - {"using":"xpath","value":"//button[@data-kt=\"contractDetailEditBtnButton\"]"}
RESULT: {"using":"xpath","value":"//button[@data-kt=\"contractDetailEditBtnButton\"]"}
COMMAND: POST /session/21ce62c4ecbe6d238b640e15c86407e3/elements - {"using":"xpath","value":"//button[@data-kt=\"contractDetailEditBtnButton\"]"}
RESULT: {"using":"xpath","value":"//button[@data-kt=\"contractDetailEditBtnButton\"]"}
COMMAND: POST /session/21ce62c4ecbe6d238b640e15c86407e3/elements - {"using":"xpath","value":"//button[@data-kt=\"contractDetailEditBtnButton\"]"}
RESULT: {"using":"xpath","value":"//button[@data-kt=\"contractDetailEditBtnButton\"]"}
COMMAND: POST /session/21ce62c4ecbe6d238b640e15c86407e3/elements - {"using":"xpath","value":"//button[@data-kt=\"contractDetailEditBtnButton\"]"}
RESULT: {"using":"xpath","value":"//button[@data-kt=\"contractDetailEditBtnButton\"]"}
COMMAND: POST /session/21ce62c4ecbe6d238b640e15c86407e3/elements - {"using":"xpath","value":"//button[@data-kt=\"contractDetailEditBtnButton\"]"}
RESULT: {"using":"xpath","value":"//button[@data-kt=\"contractDetailEditBtnButton\"]"}
COMMAND: POST /session/21ce62c4ecbe6d238b640e15c86407e3/elements - {"using":"xpath","value":"//button[@data-kt=\"contractDetailEditBtnButton\"]"}
RESULT: {"using":"xpath","value":"//button[@data-kt=\"contractDetailEditBtnButton\"]"}
COMMAND: POST /session/21ce62c4ecbe6d238b640e15c86407e3/elements - {"using":"xpath","value":"//button[@data-kt=\"contractDetailEditBtnButton\"]"}
RESULT: {"using":"xpath","value":"//button[@data-kt=\"contractDetailEditBtnButton\"]"}
COMMAND: POST /session/21ce62c4ecbe6d238b640e15c86407e3/elements - {"using":"xpath","value":"//button[@data-kt=\"contractDetailEditBtnButton\"]"}
RESULT: {"using":"xpath","value":"//button[@data-kt=\"contractDetailEditBtnButton\"]"}
COMMAND: POST /session/21ce62c4ecbe6d238b640e15c86407e3/elements - {"using":"xpath","value":"//button[@data-kt=\"contractDetailEditBtnButton\"]"}
RESULT: {"using":"xpath","value":"//button[@data-kt=\"contractDetailEditBtnButton\"]"}
COMMAND: POST /session/21ce62c4ecbe6d238b640e15c86407e3/elements - {"using":"xpath","value":"//button[@data-kt=\"contractDetailEditBtnButton\"]"}
RESULT: {"using":"xpath","value":"//button[@data-kt=\"contractDetailEditBtnButton\"]"}
COMMAND: POST /session/21ce62c4ecbe6d238b640e15c86407e3/elements - {"using":"xpath","value":"//button[@data-kt=\"contractDetailEditBtnButton\"]"}
RESULT: {"using":"xpath","value":"//button[@data-kt=\"contractDetailEditBtnButton\"]"}
COMMAND: POST /session/21ce62c4ecbe6d238b640e15c86407e3/elements - {"using":"xpath","value":"//button[@data-kt=\"contractDetailEditBtnButton\"]"}
RESULT: {"using":"xpath","value":"//button[@data-kt=\"contractDetailEditBtnButton\"]"}
COMMAND: POST /session/21ce62c4ecbe6d238b640e15c86407e3/elements - {"using":"xpath","value":"//button[@data-kt=\"contractDetailEditBtnButton\"]"}
RESULT: {"using":"xpath","value":"//button[@data-kt=\"contractDetailEditBtnButton\"]"}
COMMAND: POST /session/21ce62c4ecbe6d238b640e15c86407e3/elements - {"using":"xpath","value":"//button[@data-kt=\"contractDetailEditBtnButton\"]"}
RESULT: {"using":"xpath","value":"//button[@data-kt=\"contractDetailEditBtnButton\"]"}
COMMAND: POST /session/21ce62c4ecbe6d238b640e15c86407e3/elements - {"using":"xpath","value":"//button[@data-kt=\"contractDetailEditBtnButton\"]"}
RESULT: {"using":"xpath","value":"//button[@data-kt=\"contractDetailEditBtnButton\"]"}
COMMAND: POST /session/21ce62c4ecbe6d238b640e15c86407e3/elements - {"using":"xpath","value":"//button[@data-kt=\"contractDetailEditBtnButton\"]"}
RESULT: {"using":"xpath","value":"//button[@data-kt=\"contractDetailEditBtnButton\"]"}
COMMAND: POST /session/21ce62c4ecbe6d238b640e15c86407e3/elements - {"using":"xpath","value":"//button[@data-kt=\"contractDetailEditBtnButton\"]"}
RESULT: {"using":"xpath","value":"//button[@data-kt=\"contractDetailEditBtnButton\"]"}
COMMAND: POST /session/21ce62c4ecbe6d238b640e15c86407e3/elements - {"using":"xpath","value":"//button[@data-kt=\"contractDetailEditBtnButton\"]"}
RESULT: {"using":"xpath","value":"//button[@data-kt=\"contractDetailEditBtnButton\"]"}
COMMAND: POST /session/21ce62c4ecbe6d238b640e15c86407e3/elements - {"using":"xpath","value":"//button[@data-kt=\"contractDetailEditBtnButton\"]"}
RESULT: {"using":"xpath","value":"//button[@data-kt=\"contractDetailEditBtnButton\"]"}
COMMAND: POST /session/21ce62c4ecbe6d238b640e15c86407e3/elements - {"using":"xpath","value":"//button[@data-kt=\"contractDetailEditBtnButton\"]"}
RESULT: {"using":"xpath","value":"//button[@data-kt=\"contractDetailEditBtnButton\"]"}
COMMAND: POST /session/21ce62c4ecbe6d238b640e15c86407e3/elements - {"using":"xpath","value":"//button[@data-kt=\"contractDetailEditBtnButton\"]"}
RESULT: {"using":"xpath","value":"//button[@data-kt=\"contractDetailEditBtnButton\"]"}
COMMAND: POST /session/21ce62c4ecbe6d238b640e15c86407e3/elements - {"using":"xpath","value":"//button[@data-kt=\"contractDetailEditBtnButton\"]"}
RESULT: {"using":"xpath","value":"//button[@data-kt=\"contractDetailEditBtnButton\"]"}
COMMAND: POST /session/21ce62c4ecbe6d238b640e15c86407e3/elements - {"using":"xpath","value":"//button[@data-kt=\"contractDetailEditBtnButton\"]"}
RESULT: {"using":"xpath","value":"//button[@data-kt=\"contractDetailEditBtnButton\"]"}
COMMAND: POST /session/21ce62c4ecbe6d238b640e15c86407e3/elements - {"using":"xpath","value":"//button[@data-kt=\"contractDetailEditBtnButton\"]"}
RESULT: {"using":"xpath","value":"//button[@data-kt=\"contractDetailEditBtnButton\"]"}
COMMAND: POST /session/21ce62c4ecbe6d238b640e15c86407e3/elements - {"using":"xpath","value":"//button[@data-kt=\"contractDetailEditBtnButton\"]"}
RESULT: {"using":"xpath","value":"//button[@data-kt=\"contractDetailEditBtnButton\"]"}
COMMAND: POST /session/21ce62c4ecbe6d238b640e15c86407e3/elements - {"using":"xpath","value":"//button[@data-kt=\"contractDetailEditBtnButton\"]"}
RESULT: {"using":"xpath","value":"//button[@data-kt=\"contractDetailEditBtnButton\"]"}
COMMAND: POST /session/21ce62c4ecbe6d238b640e15c86407e3/elements - {"using":"xpath","value":"//button[@data-kt=\"contractDetailEditBtnButton\"]"}
RESULT: {"using":"xpath","value":"//button[@data-kt=\"contractDetailEditBtnButton\"]"}
COMMAND: POST /session/21ce62c4ecbe6d238b640e15c86407e3/elements - {"using":"xpath","value":"//button[@data-kt=\"contractDetailEditBtnButton\"]"}
RESULT: {"using":"xpath","value":"//button[@data-kt=\"contractDetailEditBtnButton\"]"}
COMMAND: POST /session/21ce62c4ecbe6d238b640e15c86407e3/elements - {"using":"xpath","value":"//button[@data-kt=\"contractDetailEditBtnButton\"]"}
RESULT: {"using":"xpath","value":"//button[@data-kt=\"contractDetailEditBtnButton\"]"}
COMMAND: POST /session/21ce62c4ecbe6d238b640e15c86407e3/elements - {"using":"xpath","value":"//button[@data-kt=\"contractDetailEditBtnButton\"]"}
RESULT: {"using":"xpath","value":"//button[@data-kt=\"contractDetailEditBtnButton\"]"}
COMMAND: POST /session/21ce62c4ecbe6d238b640e15c86407e3/elements - {"using":"xpath","value":"//button[@data-kt=\"contractDetailEditBtnButton\"]"}
RESULT: {"using":"xpath","value":"//button[@data-kt=\"contractDetailEditBtnButton\"]"}
COMMAND: POST /session/21ce62c4ecbe6d238b640e15c86407e3/elements - {"using":"xpath","value":"//button[@data-kt=\"contractDetailEditBtnButton\"]"}
RESULT: {"using":"xpath","value":"//button[@data-kt=\"contractDetailEditBtnButton\"]"}
COMMAND: POST /session/21ce62c4ecbe6d238b640e15c86407e3/elements - {"using":"xpath","value":"//button[@data-kt=\"contractDetailEditBtnButton\"]"}
RESULT: {"using":"xpath","value":"//button[@data-kt=\"contractDetailEditBtnButton\"]"}
COMMAND: POST /session/21ce62c4ecbe6d238b640e15c86407e3/elements - {"using":"xpath","value":"//button[@data-kt=\"contractDetailEditBtnButton\"]"}
RESULT: {"using":"xpath","value":"//button[@data-kt=\"contractDetailEditBtnButton\"]"}
COMMAND: POST /session/21ce62c4ecbe6d238b640e15c86407e3/elements - {"using":"xpath","value":"//button[@data-kt=\"contractDetailEditBtnButton\"]"}
RESULT: {"using":"xpath","value":"//button[@data-kt=\"contractDetailEditBtnButton\"]"}
COMMAND: POST /session/21ce62c4ecbe6d238b640e15c86407e3/elements - {"using":"xpath","value":"//button[@data-kt=\"contractDetailEditBtnButton\"]"}
RESULT: {"using":"xpath","value":"//button[@data-kt=\"contractDetailEditBtnButton\"]"}
COMMAND: POST /session/21ce62c4ecbe6d238b640e15c86407e3/elements - {"using":"xpath","value":"//button[@data-kt=\"contractDetailEditBtnButton\"]"}
RESULT: {"using":"xpath","value":"//button[@data-kt=\"contractDetailEditBtnButton\"]"}
COMMAND: POST /session/21ce62c4ecbe6d238b640e15c86407e3/elements - {"using":"xpath","value":"//button[@data-kt=\"contractDetailEditBtnButton\"]"}
RESULT: {"using":"xpath","value":"//button[@data-kt=\"contractDetailEditBtnButton\"]"}
COMMAND: POST /session/21ce62c4ecbe6d238b640e15c86407e3/elements - {"using":"xpath","value":"//button[@data-kt=\"contractDetailEditBtnButton\"]"}
RESULT: {"using":"xpath","value":"//button[@data-kt=\"contractDetailEditBtnButton\"]"}
COMMAND: POST /session/21ce62c4ecbe6d238b640e15c86407e3/elements - {"using":"xpath","value":"//button[@data-kt=\"contractDetailEditBtnButton\"]"}
RESULT: {"using":"xpath","value":"//button[@data-kt=\"contractDetailEditBtnButton\"]"}
COMMAND: POST /session/21ce62c4ecbe6d238b640e15c86407e3/elements - {"using":"xpath","value":"//button[@data-kt=\"contractDetailEditBtnButton\"]"}
RESULT: {"using":"xpath","value":"//button[@data-kt=\"contractDetailEditBtnButton\"]"}
COMMAND: POST /session/21ce62c4ecbe6d238b640e15c86407e3/elements - {"using":"xpath","value":"//button[@data-kt=\"contractDetailEditBtnButton\"]"}
RESULT: {"using":"xpath","value":"//button[@data-kt=\"contractDetailEditBtnButton\"]"}
COMMAND: POST /session/21ce62c4ecbe6d238b640e15c86407e3/elements - {"using":"xpath","value":"//button[@data-kt=\"contractDetailEditBtnButton\"]"}
RESULT: {"using":"xpath","value":"//button[@data-kt=\"contractDetailEditBtnButton\"]"}
COMMAND: POST /session/21ce62c4ecbe6d238b640e15c86407e3/elements - {"using":"xpath","value":"//button[@data-kt=\"contractDetailEditBtnButton\"]"}
RESULT: {"using":"xpath","value":"//button[@data-kt=\"contractDetailEditBtnButton\"]"}
COMMAND: POST /session/21ce62c4ecbe6d238b640e15c86407e3/elements - {"using":"xpath","value":"//button[@data-kt=\"contractDetailEditBtnButton\"]"}
RESULT: {"using":"xpath","value":"//button[@data-kt=\"contractDetailEditBtnButton\"]"}
COMMAND: POST /session/21ce62c4ecbe6d238b640e15c86407e3/elements - {"using":"xpath","value":"//button[@data-kt=\"contractDetailEditBtnButton\"]"}
RESULT: {"using":"xpath","value":"//button[@data-kt=\"contractDetailEditBtnButton\"]"}
COMMAND: POST /session/21ce62c4ecbe6d238b640e15c86407e3/elements - {"using":"xpath","value":"//button[@data-kt=\"contractDetailEditBtnButton\"]"}
RESULT: {"using":"xpath","value":"//button[@data-kt=\"contractDetailEditBtnButton\"]"}
COMMAND: POST /session/21ce62c4ecbe6d238b640e15c86407e3/elements - {"using":"xpath","value":"//button[@data-kt=\"contractDetailEditBtnButton\"]"}
RESULT: {"using":"xpath","value":"//button[@data-kt=\"contractDetailEditBtnButton\"]"}
COMMAND: POST /session/21ce62c4ecbe6d238b640e15c86407e3/elements - {"using":"xpath","value":"//button[@data-kt=\"contractDetailEditBtnButton\"]"}
RESULT: {"using":"xpath","value":"//button[@data-kt=\"contractDetailEditBtnButton\"]"}
COMMAND: POST /session/21ce62c4ecbe6d238b640e15c86407e3/elements - {"using":"xpath","value":"//button[@data-kt=\"contractDetailEditBtnButton\"]"}
RESULT: {"using":"xpath","value":"//button[@data-kt=\"contractDetailEditBtnButton\"]"}
COMMAND: POST /session/21ce62c4ecbe6d238b640e15c86407e3/elements - {"using":"xpath","value":"//button[@data-kt=\"contractDetailEditBtnButton\"]"}
RESULT: {"using":"xpath","value":"//button[@data-kt=\"contractDetailEditBtnButton\"]"}
COMMAND: POST /session/21ce62c4ecbe6d238b640e15c86407e3/elements - {"using":"xpath","value":"//button[@data-kt=\"contractDetailEditBtnButton\"]"}
RESULT: {"using":"xpath","value":"//button[@data-kt=\"contractDetailEditBtnButton\"]"}
COMMAND: POST /session/21ce62c4ecbe6d238b640e15c86407e3/elements - {"using":"xpath","value":"//button[@data-kt=\"contractDetailEditBtnButton\"]"}
RESULT: {"using":"xpath","value":"//button[@data-kt=\"contractDetailEditBtnButton\"]"}
COMMAND: POST /session/21ce62c4ecbe6d238b640e15c86407e3/elements - {"using":"xpath","value":"//button[@data-kt=\"contractDetailEditBtnButton\"]"}
RESULT: {"using":"xpath","value":"//button[@data-kt=\"contractDetailEditBtnButton\"]"}
COMMAND: POST /session/21ce62c4ecbe6d238b640e15c86407e3/elements - {"using":"xpath","value":"//button[@data-kt=\"contractDetailEditBtnButton\"]"}
RESULT: {"using":"xpath","value":"//button[@data-kt=\"contractDetailEditBtnButton\"]"}
COMMAND: POST /session/21ce62c4ecbe6d238b640e15c86407e3/elements - {"using":"xpath","value":"//button[@data-kt=\"contractDetailEditBtnButton\"]"}
RESULT: {"using":"xpath","value":"//button[@data-kt=\"contractDetailEditBtnButton\"]"}
COMMAND: POST /session/21ce62c4ecbe6d238b640e15c86407e3/elements - {"using":"xpath","value":"//button[@data-kt=\"contractDetailEditBtnButton\"]"}
RESULT: {"using":"xpath","value":"//button[@data-kt=\"contractDetailEditBtnButton\"]"}
COMMAND: POST /session/21ce62c4ecbe6d238b640e15c86407e3/elements - {"using":"xpath","value":"//button[@data-kt=\"contractDetailEditBtnButton\"]"}
RESULT: {"using":"xpath","value":"//button[@data-kt=\"contractDetailEditBtnButton\"]"}
COMMAND: POST /session/21ce62c4ecbe6d238b640e15c86407e3/elements - {"using":"xpath","value":"//button[@data-kt=\"contractDetailEditBtnButton\"]"}
RESULT: {"using":"xpath","value":"//button[@data-kt=\"contractDetailEditBtnButton\"]"}
COMMAND: POST /session/21ce62c4ecbe6d238b640e15c86407e3/elements - {"using":"xpath","value":"//button[@data-kt=\"contractDetailEditBtnButton\"]"}
RESULT: {"using":"xpath","value":"//button[@data-kt=\"contractDetailEditBtnButton\"]"}
COMMAND: POST /session/21ce62c4ecbe6d238b640e15c86407e3/elements - {"using":"xpath","value":"//button[@data-kt=\"contractDetailEditBtnButton\"]"}
RESULT: {"using":"xpath","value":"//button[@data-kt=\"contractDetailEditBtnButton\"]"}
COMMAND: POST /session/21ce62c4ecbe6d238b640e15c86407e3/elements - {"using":"xpath","value":"//button[@data-kt=\"contractDetailEditBtnButton\"]"}
RESULT: {"using":"xpath","value":"//button[@data-kt=\"contractDetailEditBtnButton\"]"}
COMMAND: POST /session/21ce62c4ecbe6d238b640e15c86407e3/elements - {"using":"xpath","value":"//button[@data-kt=\"contractDetailEditBtnButton\"]"}
RESULT: {"using":"xpath","value":"//button[@data-kt=\"contractDetailEditBtnButton\"]"}
COMMAND: GET /session/21ce62c4ecbe6d238b640e15c86407e3/screenshot - {}
RESULT: {}
]]></system-out>
      <system-err><![CDATA[
Error: Can't call click on element with selector "//button[@data-kt="contractDetailEditBtnButton"]" because element wasn't found
    at async UtilsPrerequisites.addItemToContract (D:\a\1\s\test\specs\BTS\prerequisites-and-utils-functions.js:1852:9)
    at async Context.<anonymous> (D:\a\1\s\test\specs\HTR\provide-to-site-w-warehouse-w-clarification.spec.js:78:9)
]]></system-err>
    </testcase>
    <testcase classname="chrome.136_0_7103_93.windows.Provide_to_Site_w/_warehouse_management_w_clarification" name="Should provide to site" time="61.341">
      <failure/>
      <error message="Can't call click on element with selector &quot;//button[@data-kt=&quot;provideButton&quot;]&quot; because element wasn't found"/>
      <system-out><![CDATA[
COMMAND: GET /session/21ce62c4ecbe6d238b640e15c86407e3/screenshot - {}
COMMAND: POST /session/21ce62c4ecbe6d238b640e15c86407e3/element - {"using":"xpath","value":"//button[@data-kt=\"provideButton\"]"}
RESULT: {}
RESULT: {"using":"xpath","value":"//button[@data-kt=\"provideButton\"]"}
COMMAND: POST /session/21ce62c4ecbe6d238b640e15c86407e3/elements - {"using":"xpath","value":"//button[@data-kt=\"provideButton\"]"}
RESULT: {"using":"xpath","value":"//button[@data-kt=\"provideButton\"]"}
COMMAND: POST /session/21ce62c4ecbe6d238b640e15c86407e3/elements - {"using":"xpath","value":"//button[@data-kt=\"provideButton\"]"}
RESULT: {"using":"xpath","value":"//button[@data-kt=\"provideButton\"]"}
COMMAND: POST /session/21ce62c4ecbe6d238b640e15c86407e3/elements - {"using":"xpath","value":"//button[@data-kt=\"provideButton\"]"}
RESULT: {"using":"xpath","value":"//button[@data-kt=\"provideButton\"]"}
COMMAND: POST /session/21ce62c4ecbe6d238b640e15c86407e3/elements - {"using":"xpath","value":"//button[@data-kt=\"provideButton\"]"}
RESULT: {"using":"xpath","value":"//button[@data-kt=\"provideButton\"]"}
COMMAND: POST /session/21ce62c4ecbe6d238b640e15c86407e3/elements - {"using":"xpath","value":"//button[@data-kt=\"provideButton\"]"}
RESULT: {"using":"xpath","value":"//button[@data-kt=\"provideButton\"]"}
COMMAND: POST /session/21ce62c4ecbe6d238b640e15c86407e3/elements - {"using":"xpath","value":"//button[@data-kt=\"provideButton\"]"}
RESULT: {"using":"xpath","value":"//button[@data-kt=\"provideButton\"]"}
COMMAND: POST /session/21ce62c4ecbe6d238b640e15c86407e3/elements - {"using":"xpath","value":"//button[@data-kt=\"provideButton\"]"}
RESULT: {"using":"xpath","value":"//button[@data-kt=\"provideButton\"]"}
COMMAND: POST /session/21ce62c4ecbe6d238b640e15c86407e3/elements - {"using":"xpath","value":"//button[@data-kt=\"provideButton\"]"}
RESULT: {"using":"xpath","value":"//button[@data-kt=\"provideButton\"]"}
COMMAND: POST /session/21ce62c4ecbe6d238b640e15c86407e3/elements - {"using":"xpath","value":"//button[@data-kt=\"provideButton\"]"}
RESULT: {"using":"xpath","value":"//button[@data-kt=\"provideButton\"]"}
COMMAND: POST /session/21ce62c4ecbe6d238b640e15c86407e3/elements - {"using":"xpath","value":"//button[@data-kt=\"provideButton\"]"}
RESULT: {"using":"xpath","value":"//button[@data-kt=\"provideButton\"]"}
COMMAND: POST /session/21ce62c4ecbe6d238b640e15c86407e3/elements - {"using":"xpath","value":"//button[@data-kt=\"provideButton\"]"}
RESULT: {"using":"xpath","value":"//button[@data-kt=\"provideButton\"]"}
COMMAND: POST /session/21ce62c4ecbe6d238b640e15c86407e3/elements - {"using":"xpath","value":"//button[@data-kt=\"provideButton\"]"}
RESULT: {"using":"xpath","value":"//button[@data-kt=\"provideButton\"]"}
COMMAND: POST /session/21ce62c4ecbe6d238b640e15c86407e3/elements - {"using":"xpath","value":"//button[@data-kt=\"provideButton\"]"}
RESULT: {"using":"xpath","value":"//button[@data-kt=\"provideButton\"]"}
COMMAND: POST /session/21ce62c4ecbe6d238b640e15c86407e3/elements - {"using":"xpath","value":"//button[@data-kt=\"provideButton\"]"}
RESULT: {"using":"xpath","value":"//button[@data-kt=\"provideButton\"]"}
COMMAND: POST /session/21ce62c4ecbe6d238b640e15c86407e3/elements - {"using":"xpath","value":"//button[@data-kt=\"provideButton\"]"}
RESULT: {"using":"xpath","value":"//button[@data-kt=\"provideButton\"]"}
COMMAND: POST /session/21ce62c4ecbe6d238b640e15c86407e3/elements - {"using":"xpath","value":"//button[@data-kt=\"provideButton\"]"}
RESULT: {"using":"xpath","value":"//button[@data-kt=\"provideButton\"]"}
COMMAND: POST /session/21ce62c4ecbe6d238b640e15c86407e3/elements - {"using":"xpath","value":"//button[@data-kt=\"provideButton\"]"}
RESULT: {"using":"xpath","value":"//button[@data-kt=\"provideButton\"]"}
COMMAND: POST /session/21ce62c4ecbe6d238b640e15c86407e3/elements - {"using":"xpath","value":"//button[@data-kt=\"provideButton\"]"}
RESULT: {"using":"xpath","value":"//button[@data-kt=\"provideButton\"]"}
COMMAND: POST /session/21ce62c4ecbe6d238b640e15c86407e3/elements - {"using":"xpath","value":"//button[@data-kt=\"provideButton\"]"}
RESULT: {"using":"xpath","value":"//button[@data-kt=\"provideButton\"]"}
COMMAND: POST /session/21ce62c4ecbe6d238b640e15c86407e3/elements - {"using":"xpath","value":"//button[@data-kt=\"provideButton\"]"}
RESULT: {"using":"xpath","value":"//button[@data-kt=\"provideButton\"]"}
COMMAND: POST /session/21ce62c4ecbe6d238b640e15c86407e3/elements - {"using":"xpath","value":"//button[@data-kt=\"provideButton\"]"}
RESULT: {"using":"xpath","value":"//button[@data-kt=\"provideButton\"]"}
COMMAND: POST /session/21ce62c4ecbe6d238b640e15c86407e3/elements - {"using":"xpath","value":"//button[@data-kt=\"provideButton\"]"}
RESULT: {"using":"xpath","value":"//button[@data-kt=\"provideButton\"]"}
COMMAND: POST /session/21ce62c4ecbe6d238b640e15c86407e3/elements - {"using":"xpath","value":"//button[@data-kt=\"provideButton\"]"}
RESULT: {"using":"xpath","value":"//button[@data-kt=\"provideButton\"]"}
COMMAND: POST /session/21ce62c4ecbe6d238b640e15c86407e3/elements - {"using":"xpath","value":"//button[@data-kt=\"provideButton\"]"}
RESULT: {"using":"xpath","value":"//button[@data-kt=\"provideButton\"]"}
COMMAND: POST /session/21ce62c4ecbe6d238b640e15c86407e3/elements - {"using":"xpath","value":"//button[@data-kt=\"provideButton\"]"}
RESULT: {"using":"xpath","value":"//button[@data-kt=\"provideButton\"]"}
COMMAND: POST /session/21ce62c4ecbe6d238b640e15c86407e3/elements - {"using":"xpath","value":"//button[@data-kt=\"provideButton\"]"}
RESULT: {"using":"xpath","value":"//button[@data-kt=\"provideButton\"]"}
COMMAND: POST /session/21ce62c4ecbe6d238b640e15c86407e3/elements - {"using":"xpath","value":"//button[@data-kt=\"provideButton\"]"}
RESULT: {"using":"xpath","value":"//button[@data-kt=\"provideButton\"]"}
COMMAND: POST /session/21ce62c4ecbe6d238b640e15c86407e3/elements - {"using":"xpath","value":"//button[@data-kt=\"provideButton\"]"}
RESULT: {"using":"xpath","value":"//button[@data-kt=\"provideButton\"]"}
COMMAND: POST /session/21ce62c4ecbe6d238b640e15c86407e3/elements - {"using":"xpath","value":"//button[@data-kt=\"provideButton\"]"}
RESULT: {"using":"xpath","value":"//button[@data-kt=\"provideButton\"]"}
COMMAND: POST /session/21ce62c4ecbe6d238b640e15c86407e3/elements - {"using":"xpath","value":"//button[@data-kt=\"provideButton\"]"}
RESULT: {"using":"xpath","value":"//button[@data-kt=\"provideButton\"]"}
COMMAND: POST /session/21ce62c4ecbe6d238b640e15c86407e3/elements - {"using":"xpath","value":"//button[@data-kt=\"provideButton\"]"}
RESULT: {"using":"xpath","value":"//button[@data-kt=\"provideButton\"]"}
COMMAND: POST /session/21ce62c4ecbe6d238b640e15c86407e3/elements - {"using":"xpath","value":"//button[@data-kt=\"provideButton\"]"}
RESULT: {"using":"xpath","value":"//button[@data-kt=\"provideButton\"]"}
COMMAND: POST /session/21ce62c4ecbe6d238b640e15c86407e3/elements - {"using":"xpath","value":"//button[@data-kt=\"provideButton\"]"}
RESULT: {"using":"xpath","value":"//button[@data-kt=\"provideButton\"]"}
COMMAND: POST /session/21ce62c4ecbe6d238b640e15c86407e3/elements - {"using":"xpath","value":"//button[@data-kt=\"provideButton\"]"}
RESULT: {"using":"xpath","value":"//button[@data-kt=\"provideButton\"]"}
COMMAND: POST /session/21ce62c4ecbe6d238b640e15c86407e3/elements - {"using":"xpath","value":"//button[@data-kt=\"provideButton\"]"}
RESULT: {"using":"xpath","value":"//button[@data-kt=\"provideButton\"]"}
COMMAND: POST /session/21ce62c4ecbe6d238b640e15c86407e3/elements - {"using":"xpath","value":"//button[@data-kt=\"provideButton\"]"}
RESULT: {"using":"xpath","value":"//button[@data-kt=\"provideButton\"]"}
COMMAND: POST /session/21ce62c4ecbe6d238b640e15c86407e3/elements - {"using":"xpath","value":"//button[@data-kt=\"provideButton\"]"}
RESULT: {"using":"xpath","value":"//button[@data-kt=\"provideButton\"]"}
COMMAND: POST /session/21ce62c4ecbe6d238b640e15c86407e3/elements - {"using":"xpath","value":"//button[@data-kt=\"provideButton\"]"}
RESULT: {"using":"xpath","value":"//button[@data-kt=\"provideButton\"]"}
COMMAND: POST /session/21ce62c4ecbe6d238b640e15c86407e3/elements - {"using":"xpath","value":"//button[@data-kt=\"provideButton\"]"}
RESULT: {"using":"xpath","value":"//button[@data-kt=\"provideButton\"]"}
COMMAND: POST /session/21ce62c4ecbe6d238b640e15c86407e3/elements - {"using":"xpath","value":"//button[@data-kt=\"provideButton\"]"}
RESULT: {"using":"xpath","value":"//button[@data-kt=\"provideButton\"]"}
COMMAND: POST /session/21ce62c4ecbe6d238b640e15c86407e3/elements - {"using":"xpath","value":"//button[@data-kt=\"provideButton\"]"}
RESULT: {"using":"xpath","value":"//button[@data-kt=\"provideButton\"]"}
COMMAND: POST /session/21ce62c4ecbe6d238b640e15c86407e3/elements - {"using":"xpath","value":"//button[@data-kt=\"provideButton\"]"}
RESULT: {"using":"xpath","value":"//button[@data-kt=\"provideButton\"]"}
COMMAND: POST /session/21ce62c4ecbe6d238b640e15c86407e3/elements - {"using":"xpath","value":"//button[@data-kt=\"provideButton\"]"}
RESULT: {"using":"xpath","value":"//button[@data-kt=\"provideButton\"]"}
COMMAND: POST /session/21ce62c4ecbe6d238b640e15c86407e3/elements - {"using":"xpath","value":"//button[@data-kt=\"provideButton\"]"}
RESULT: {"using":"xpath","value":"//button[@data-kt=\"provideButton\"]"}
COMMAND: POST /session/21ce62c4ecbe6d238b640e15c86407e3/elements - {"using":"xpath","value":"//button[@data-kt=\"provideButton\"]"}
RESULT: {"using":"xpath","value":"//button[@data-kt=\"provideButton\"]"}
COMMAND: POST /session/21ce62c4ecbe6d238b640e15c86407e3/elements - {"using":"xpath","value":"//button[@data-kt=\"provideButton\"]"}
RESULT: {"using":"xpath","value":"//button[@data-kt=\"provideButton\"]"}
COMMAND: POST /session/21ce62c4ecbe6d238b640e15c86407e3/elements - {"using":"xpath","value":"//button[@data-kt=\"provideButton\"]"}
RESULT: {"using":"xpath","value":"//button[@data-kt=\"provideButton\"]"}
COMMAND: POST /session/21ce62c4ecbe6d238b640e15c86407e3/elements - {"using":"xpath","value":"//button[@data-kt=\"provideButton\"]"}
RESULT: {"using":"xpath","value":"//button[@data-kt=\"provideButton\"]"}
COMMAND: POST /session/21ce62c4ecbe6d238b640e15c86407e3/elements - {"using":"xpath","value":"//button[@data-kt=\"provideButton\"]"}
RESULT: {"using":"xpath","value":"//button[@data-kt=\"provideButton\"]"}
COMMAND: POST /session/21ce62c4ecbe6d238b640e15c86407e3/elements - {"using":"xpath","value":"//button[@data-kt=\"provideButton\"]"}
RESULT: {"using":"xpath","value":"//button[@data-kt=\"provideButton\"]"}
COMMAND: POST /session/21ce62c4ecbe6d238b640e15c86407e3/elements - {"using":"xpath","value":"//button[@data-kt=\"provideButton\"]"}
RESULT: {"using":"xpath","value":"//button[@data-kt=\"provideButton\"]"}
COMMAND: POST /session/21ce62c4ecbe6d238b640e15c86407e3/elements - {"using":"xpath","value":"//button[@data-kt=\"provideButton\"]"}
RESULT: {"using":"xpath","value":"//button[@data-kt=\"provideButton\"]"}
COMMAND: POST /session/21ce62c4ecbe6d238b640e15c86407e3/elements - {"using":"xpath","value":"//button[@data-kt=\"provideButton\"]"}
RESULT: {"using":"xpath","value":"//button[@data-kt=\"provideButton\"]"}
COMMAND: POST /session/21ce62c4ecbe6d238b640e15c86407e3/elements - {"using":"xpath","value":"//button[@data-kt=\"provideButton\"]"}
RESULT: {"using":"xpath","value":"//button[@data-kt=\"provideButton\"]"}
COMMAND: POST /session/21ce62c4ecbe6d238b640e15c86407e3/elements - {"using":"xpath","value":"//button[@data-kt=\"provideButton\"]"}
RESULT: {"using":"xpath","value":"//button[@data-kt=\"provideButton\"]"}
COMMAND: POST /session/21ce62c4ecbe6d238b640e15c86407e3/elements - {"using":"xpath","value":"//button[@data-kt=\"provideButton\"]"}
RESULT: {"using":"xpath","value":"//button[@data-kt=\"provideButton\"]"}
COMMAND: POST /session/21ce62c4ecbe6d238b640e15c86407e3/elements - {"using":"xpath","value":"//button[@data-kt=\"provideButton\"]"}
RESULT: {"using":"xpath","value":"//button[@data-kt=\"provideButton\"]"}
COMMAND: POST /session/21ce62c4ecbe6d238b640e15c86407e3/elements - {"using":"xpath","value":"//button[@data-kt=\"provideButton\"]"}
RESULT: {"using":"xpath","value":"//button[@data-kt=\"provideButton\"]"}
COMMAND: POST /session/21ce62c4ecbe6d238b640e15c86407e3/elements - {"using":"xpath","value":"//button[@data-kt=\"provideButton\"]"}
RESULT: {"using":"xpath","value":"//button[@data-kt=\"provideButton\"]"}
COMMAND: POST /session/21ce62c4ecbe6d238b640e15c86407e3/elements - {"using":"xpath","value":"//button[@data-kt=\"provideButton\"]"}
RESULT: {"using":"xpath","value":"//button[@data-kt=\"provideButton\"]"}
COMMAND: POST /session/21ce62c4ecbe6d238b640e15c86407e3/elements - {"using":"xpath","value":"//button[@data-kt=\"provideButton\"]"}
RESULT: {"using":"xpath","value":"//button[@data-kt=\"provideButton\"]"}
COMMAND: POST /session/21ce62c4ecbe6d238b640e15c86407e3/elements - {"using":"xpath","value":"//button[@data-kt=\"provideButton\"]"}
RESULT: {"using":"xpath","value":"//button[@data-kt=\"provideButton\"]"}
COMMAND: POST /session/21ce62c4ecbe6d238b640e15c86407e3/elements - {"using":"xpath","value":"//button[@data-kt=\"provideButton\"]"}
RESULT: {"using":"xpath","value":"//button[@data-kt=\"provideButton\"]"}
COMMAND: POST /session/21ce62c4ecbe6d238b640e15c86407e3/elements - {"using":"xpath","value":"//button[@data-kt=\"provideButton\"]"}
RESULT: {"using":"xpath","value":"//button[@data-kt=\"provideButton\"]"}
COMMAND: POST /session/21ce62c4ecbe6d238b640e15c86407e3/elements - {"using":"xpath","value":"//button[@data-kt=\"provideButton\"]"}
RESULT: {"using":"xpath","value":"//button[@data-kt=\"provideButton\"]"}
COMMAND: POST /session/21ce62c4ecbe6d238b640e15c86407e3/elements - {"using":"xpath","value":"//button[@data-kt=\"provideButton\"]"}
RESULT: {"using":"xpath","value":"//button[@data-kt=\"provideButton\"]"}
COMMAND: POST /session/21ce62c4ecbe6d238b640e15c86407e3/elements - {"using":"xpath","value":"//button[@data-kt=\"provideButton\"]"}
RESULT: {"using":"xpath","value":"//button[@data-kt=\"provideButton\"]"}
COMMAND: POST /session/21ce62c4ecbe6d238b640e15c86407e3/elements - {"using":"xpath","value":"//button[@data-kt=\"provideButton\"]"}
RESULT: {"using":"xpath","value":"//button[@data-kt=\"provideButton\"]"}
COMMAND: POST /session/21ce62c4ecbe6d238b640e15c86407e3/elements - {"using":"xpath","value":"//button[@data-kt=\"provideButton\"]"}
RESULT: {"using":"xpath","value":"//button[@data-kt=\"provideButton\"]"}
COMMAND: POST /session/21ce62c4ecbe6d238b640e15c86407e3/elements - {"using":"xpath","value":"//button[@data-kt=\"provideButton\"]"}
RESULT: {"using":"xpath","value":"//button[@data-kt=\"provideButton\"]"}
COMMAND: POST /session/21ce62c4ecbe6d238b640e15c86407e3/elements - {"using":"xpath","value":"//button[@data-kt=\"provideButton\"]"}
RESULT: {"using":"xpath","value":"//button[@data-kt=\"provideButton\"]"}
COMMAND: POST /session/21ce62c4ecbe6d238b640e15c86407e3/elements - {"using":"xpath","value":"//button[@data-kt=\"provideButton\"]"}
RESULT: {"using":"xpath","value":"//button[@data-kt=\"provideButton\"]"}
COMMAND: POST /session/21ce62c4ecbe6d238b640e15c86407e3/elements - {"using":"xpath","value":"//button[@data-kt=\"provideButton\"]"}
RESULT: {"using":"xpath","value":"//button[@data-kt=\"provideButton\"]"}
COMMAND: POST /session/21ce62c4ecbe6d238b640e15c86407e3/elements - {"using":"xpath","value":"//button[@data-kt=\"provideButton\"]"}
RESULT: {"using":"xpath","value":"//button[@data-kt=\"provideButton\"]"}
COMMAND: POST /session/21ce62c4ecbe6d238b640e15c86407e3/elements - {"using":"xpath","value":"//button[@data-kt=\"provideButton\"]"}
RESULT: {"using":"xpath","value":"//button[@data-kt=\"provideButton\"]"}
COMMAND: POST /session/21ce62c4ecbe6d238b640e15c86407e3/elements - {"using":"xpath","value":"//button[@data-kt=\"provideButton\"]"}
RESULT: {"using":"xpath","value":"//button[@data-kt=\"provideButton\"]"}
COMMAND: POST /session/21ce62c4ecbe6d238b640e15c86407e3/elements - {"using":"xpath","value":"//button[@data-kt=\"provideButton\"]"}
RESULT: {"using":"xpath","value":"//button[@data-kt=\"provideButton\"]"}
COMMAND: POST /session/21ce62c4ecbe6d238b640e15c86407e3/elements - {"using":"xpath","value":"//button[@data-kt=\"provideButton\"]"}
RESULT: {"using":"xpath","value":"//button[@data-kt=\"provideButton\"]"}
COMMAND: POST /session/21ce62c4ecbe6d238b640e15c86407e3/elements - {"using":"xpath","value":"//button[@data-kt=\"provideButton\"]"}
RESULT: {"using":"xpath","value":"//button[@data-kt=\"provideButton\"]"}
COMMAND: POST /session/21ce62c4ecbe6d238b640e15c86407e3/elements - {"using":"xpath","value":"//button[@data-kt=\"provideButton\"]"}
RESULT: {"using":"xpath","value":"//button[@data-kt=\"provideButton\"]"}
COMMAND: POST /session/21ce62c4ecbe6d238b640e15c86407e3/elements - {"using":"xpath","value":"//button[@data-kt=\"provideButton\"]"}
RESULT: {"using":"xpath","value":"//button[@data-kt=\"provideButton\"]"}
COMMAND: POST /session/21ce62c4ecbe6d238b640e15c86407e3/elements - {"using":"xpath","value":"//button[@data-kt=\"provideButton\"]"}
RESULT: {"using":"xpath","value":"//button[@data-kt=\"provideButton\"]"}
COMMAND: POST /session/21ce62c4ecbe6d238b640e15c86407e3/elements - {"using":"xpath","value":"//button[@data-kt=\"provideButton\"]"}
RESULT: {"using":"xpath","value":"//button[@data-kt=\"provideButton\"]"}
COMMAND: POST /session/21ce62c4ecbe6d238b640e15c86407e3/elements - {"using":"xpath","value":"//button[@data-kt=\"provideButton\"]"}
RESULT: {"using":"xpath","value":"//button[@data-kt=\"provideButton\"]"}
COMMAND: POST /session/21ce62c4ecbe6d238b640e15c86407e3/elements - {"using":"xpath","value":"//button[@data-kt=\"provideButton\"]"}
RESULT: {"using":"xpath","value":"//button[@data-kt=\"provideButton\"]"}
COMMAND: POST /session/21ce62c4ecbe6d238b640e15c86407e3/elements - {"using":"xpath","value":"//button[@data-kt=\"provideButton\"]"}
RESULT: {"using":"xpath","value":"//button[@data-kt=\"provideButton\"]"}
COMMAND: POST /session/21ce62c4ecbe6d238b640e15c86407e3/elements - {"using":"xpath","value":"//button[@data-kt=\"provideButton\"]"}
RESULT: {"using":"xpath","value":"//button[@data-kt=\"provideButton\"]"}
COMMAND: POST /session/21ce62c4ecbe6d238b640e15c86407e3/elements - {"using":"xpath","value":"//button[@data-kt=\"provideButton\"]"}
RESULT: {"using":"xpath","value":"//button[@data-kt=\"provideButton\"]"}
COMMAND: POST /session/21ce62c4ecbe6d238b640e15c86407e3/elements - {"using":"xpath","value":"//button[@data-kt=\"provideButton\"]"}
RESULT: {"using":"xpath","value":"//button[@data-kt=\"provideButton\"]"}
COMMAND: POST /session/21ce62c4ecbe6d238b640e15c86407e3/elements - {"using":"xpath","value":"//button[@data-kt=\"provideButton\"]"}
RESULT: {"using":"xpath","value":"//button[@data-kt=\"provideButton\"]"}
COMMAND: POST /session/21ce62c4ecbe6d238b640e15c86407e3/elements - {"using":"xpath","value":"//button[@data-kt=\"provideButton\"]"}
RESULT: {"using":"xpath","value":"//button[@data-kt=\"provideButton\"]"}
COMMAND: POST /session/21ce62c4ecbe6d238b640e15c86407e3/elements - {"using":"xpath","value":"//button[@data-kt=\"provideButton\"]"}
RESULT: {"using":"xpath","value":"//button[@data-kt=\"provideButton\"]"}
COMMAND: POST /session/21ce62c4ecbe6d238b640e15c86407e3/elements - {"using":"xpath","value":"//button[@data-kt=\"provideButton\"]"}
RESULT: {"using":"xpath","value":"//button[@data-kt=\"provideButton\"]"}
COMMAND: POST /session/21ce62c4ecbe6d238b640e15c86407e3/elements - {"using":"xpath","value":"//button[@data-kt=\"provideButton\"]"}
RESULT: {"using":"xpath","value":"//button[@data-kt=\"provideButton\"]"}
COMMAND: POST /session/21ce62c4ecbe6d238b640e15c86407e3/elements - {"using":"xpath","value":"//button[@data-kt=\"provideButton\"]"}
RESULT: {"using":"xpath","value":"//button[@data-kt=\"provideButton\"]"}
COMMAND: POST /session/21ce62c4ecbe6d238b640e15c86407e3/elements - {"using":"xpath","value":"//button[@data-kt=\"provideButton\"]"}
RESULT: {"using":"xpath","value":"//button[@data-kt=\"provideButton\"]"}
COMMAND: POST /session/21ce62c4ecbe6d238b640e15c86407e3/elements - {"using":"xpath","value":"//button[@data-kt=\"provideButton\"]"}
RESULT: {"using":"xpath","value":"//button[@data-kt=\"provideButton\"]"}
COMMAND: POST /session/21ce62c4ecbe6d238b640e15c86407e3/elements - {"using":"xpath","value":"//button[@data-kt=\"provideButton\"]"}
RESULT: {"using":"xpath","value":"//button[@data-kt=\"provideButton\"]"}
COMMAND: POST /session/21ce62c4ecbe6d238b640e15c86407e3/elements - {"using":"xpath","value":"//button[@data-kt=\"provideButton\"]"}
RESULT: {"using":"xpath","value":"//button[@data-kt=\"provideButton\"]"}
COMMAND: POST /session/21ce62c4ecbe6d238b640e15c86407e3/elements - {"using":"xpath","value":"//button[@data-kt=\"provideButton\"]"}
RESULT: {"using":"xpath","value":"//button[@data-kt=\"provideButton\"]"}
COMMAND: POST /session/21ce62c4ecbe6d238b640e15c86407e3/elements - {"using":"xpath","value":"//button[@data-kt=\"provideButton\"]"}
RESULT: {"using":"xpath","value":"//button[@data-kt=\"provideButton\"]"}
COMMAND: POST /session/21ce62c4ecbe6d238b640e15c86407e3/elements - {"using":"xpath","value":"//button[@data-kt=\"provideButton\"]"}
RESULT: {"using":"xpath","value":"//button[@data-kt=\"provideButton\"]"}
COMMAND: POST /session/21ce62c4ecbe6d238b640e15c86407e3/elements - {"using":"xpath","value":"//button[@data-kt=\"provideButton\"]"}
RESULT: {"using":"xpath","value":"//button[@data-kt=\"provideButton\"]"}
COMMAND: POST /session/21ce62c4ecbe6d238b640e15c86407e3/elements - {"using":"xpath","value":"//button[@data-kt=\"provideButton\"]"}
RESULT: {"using":"xpath","value":"//button[@data-kt=\"provideButton\"]"}
COMMAND: POST /session/21ce62c4ecbe6d238b640e15c86407e3/elements - {"using":"xpath","value":"//button[@data-kt=\"provideButton\"]"}
RESULT: {"using":"xpath","value":"//button[@data-kt=\"provideButton\"]"}
COMMAND: POST /session/21ce62c4ecbe6d238b640e15c86407e3/elements - {"using":"xpath","value":"//button[@data-kt=\"provideButton\"]"}
RESULT: {"using":"xpath","value":"//button[@data-kt=\"provideButton\"]"}
COMMAND: POST /session/21ce62c4ecbe6d238b640e15c86407e3/elements - {"using":"xpath","value":"//button[@data-kt=\"provideButton\"]"}
RESULT: {"using":"xpath","value":"//button[@data-kt=\"provideButton\"]"}
COMMAND: POST /session/21ce62c4ecbe6d238b640e15c86407e3/elements - {"using":"xpath","value":"//button[@data-kt=\"provideButton\"]"}
RESULT: {"using":"xpath","value":"//button[@data-kt=\"provideButton\"]"}
COMMAND: POST /session/21ce62c4ecbe6d238b640e15c86407e3/elements - {"using":"xpath","value":"//button[@data-kt=\"provideButton\"]"}
RESULT: {"using":"xpath","value":"//button[@data-kt=\"provideButton\"]"}
COMMAND: POST /session/21ce62c4ecbe6d238b640e15c86407e3/elements - {"using":"xpath","value":"//button[@data-kt=\"provideButton\"]"}
RESULT: {"using":"xpath","value":"//button[@data-kt=\"provideButton\"]"}
COMMAND: POST /session/21ce62c4ecbe6d238b640e15c86407e3/elements - {"using":"xpath","value":"//button[@data-kt=\"provideButton\"]"}
RESULT: {"using":"xpath","value":"//button[@data-kt=\"provideButton\"]"}
COMMAND: POST /session/21ce62c4ecbe6d238b640e15c86407e3/elements - {"using":"xpath","value":"//button[@data-kt=\"provideButton\"]"}
RESULT: {"using":"xpath","value":"//button[@data-kt=\"provideButton\"]"}
COMMAND: POST /session/21ce62c4ecbe6d238b640e15c86407e3/elements - {"using":"xpath","value":"//button[@data-kt=\"provideButton\"]"}
RESULT: {"using":"xpath","value":"//button[@data-kt=\"provideButton\"]"}
COMMAND: POST /session/21ce62c4ecbe6d238b640e15c86407e3/elements - {"using":"xpath","value":"//button[@data-kt=\"provideButton\"]"}
RESULT: {"using":"xpath","value":"//button[@data-kt=\"provideButton\"]"}
COMMAND: POST /session/21ce62c4ecbe6d238b640e15c86407e3/elements - {"using":"xpath","value":"//button[@data-kt=\"provideButton\"]"}
RESULT: {"using":"xpath","value":"//button[@data-kt=\"provideButton\"]"}
COMMAND: POST /session/21ce62c4ecbe6d238b640e15c86407e3/elements - {"using":"xpath","value":"//button[@data-kt=\"provideButton\"]"}
RESULT: {"using":"xpath","value":"//button[@data-kt=\"provideButton\"]"}
COMMAND: POST /session/21ce62c4ecbe6d238b640e15c86407e3/elements - {"using":"xpath","value":"//button[@data-kt=\"provideButton\"]"}
RESULT: {"using":"xpath","value":"//button[@data-kt=\"provideButton\"]"}
COMMAND: POST /session/21ce62c4ecbe6d238b640e15c86407e3/elements - {"using":"xpath","value":"//button[@data-kt=\"provideButton\"]"}
RESULT: {"using":"xpath","value":"//button[@data-kt=\"provideButton\"]"}
COMMAND: POST /session/21ce62c4ecbe6d238b640e15c86407e3/elements - {"using":"xpath","value":"//button[@data-kt=\"provideButton\"]"}
RESULT: {"using":"xpath","value":"//button[@data-kt=\"provideButton\"]"}
COMMAND: POST /session/21ce62c4ecbe6d238b640e15c86407e3/elements - {"using":"xpath","value":"//button[@data-kt=\"provideButton\"]"}
RESULT: {"using":"xpath","value":"//button[@data-kt=\"provideButton\"]"}
COMMAND: POST /session/21ce62c4ecbe6d238b640e15c86407e3/elements - {"using":"xpath","value":"//button[@data-kt=\"provideButton\"]"}
COMMAND: GET /session/21ce62c4ecbe6d238b640e15c86407e3/screenshot - {}
RESULT: {"using":"xpath","value":"//button[@data-kt=\"provideButton\"]"}
RESULT: {}
]]></system-out>
      <system-err><![CDATA[
Error: Can't call click on element with selector "//button[@data-kt="provideButton"]" because element wasn't found
    at async Context.<anonymous> (D:\a\1\s\test\specs\HTR\provide-to-site-w-warehouse-w-clarification.spec.js:83:9)
]]></system-err>
    </testcase>
    <testcase classname="chrome.136_0_7103_93.windows.Provide_to_Site_w/_warehouse_management_w_clarification" name="Should test for Handover Execution" time="79.007">
      <failure/>
      <error message="element (&quot;//section[contains(@id,&quot;FC-NoHead&quot;)]/div[1]/div[5]/div[2]/span&quot;) still not existing after 45000ms"/>
      <system-out><![CDATA[
COMMAND: POST /session/21ce62c4ecbe6d238b640e15c86407e3/execute/async - {"script":"<script> [1562 bytes]","args":[{"selector":{"controlType":"sap.m.Link","viewName":"etm.portal.ui.managehandovers.view.DetailExecuteHO","bindingPath":{"path":"","propertyPath":"/wmDoc","modelName":"warehouseMovModel"}},"wdio_ui5_key":"etmportal.ui.managehandovers.view.DetailExecuteHOsap.m.Link{\"path\":\"\",\"propertyPath\":\"/wmDoc\",\"modelName\":\"warehouseMovModel\"}"}]}
COMMAND: GET /session/21ce62c4ecbe6d238b640e15c86407e3/screenshot - {}
RESULT: {"script":"<script> [1562 bytes]","args":[{"selector":{"controlType":"sap.m.Link","viewName":"etm.portal.ui.managehandovers.view.DetailExecuteHO","bindingPath":{"path":"","propertyPath":"/wmDoc","modelName":"warehouseMovModel"}},"wdio_ui5_key":"etmportal.ui.managehandovers.view.DetailExecuteHOsap.m.Link{\"path\":\"\",\"propertyPath\":\"/wmDoc\",\"modelName\":\"warehouseMovModel\"}"}]}
RESULT: undefined
RESULT: {}
COMMAND: POST /session/21ce62c4ecbe6d238b640e15c86407e3/execute/async - {"script":"<script> [1562 bytes]","args":[{"selector":{"controlType":"sap.m.Link","viewName":"etm.portal.ui.managehandovers.view.DetailExecuteHO","properties":{"text":"Warehouse Overview"},"searchOpenDialogs":true},"wdio_ui5_key":"etmportal.ui.managehandovers.view.DetailExecuteHOsap.m.Link{\"text\":\"Warehouse Overview\"}"}]}
RESULT: {"script":"<script> [1562 bytes]","args":[{"selector":{"controlType":"sap.m.Link","viewName":"etm.portal.ui.managehandovers.view.DetailExecuteHO","properties":{"text":"Warehouse Overview"},"searchOpenDialogs":true},"wdio_ui5_key":"etmportal.ui.managehandovers.view.DetailExecuteHOsap.m.Link{\"text\":\"Warehouse Overview\"}"}]}
RESULT: undefined
COMMAND: POST /session/21ce62c4ecbe6d238b640e15c86407e3/execute/async - {"script":"<script> [1562 bytes]","args":[{"selector":{"controlType":"sap.m.Button","viewName":"etm.portal.ui.warehousemovements.view.DisplayMovement","viewId":"application-warehousemovements-display-component---displayMovement","i18NText":{"propertyName":"text","key":"execution"},"interaction":{"idSuffix":"BDI-content"}},"wdio_ui5_key":"etmportal.ui.warehousemovements.view.DisplayMovementsap.m.Button{\"propertyName\":\"text\",\"key\":\"execution\"}"}]}
RESULT: {"script":"<script> [1562 bytes]","args":[{"selector":{"controlType":"sap.m.Button","viewName":"etm.portal.ui.warehousemovements.view.DisplayMovement","viewId":"application-warehousemovements-display-component---displayMovement","i18NText":{"propertyName":"text","key":"execution"},"interaction":{"idSuffix":"BDI-content"}},"wdio_ui5_key":"etmportal.ui.warehousemovements.view.DisplayMovementsap.m.Button{\"propertyName\":\"text\",\"key\":\"execution\"}"}]}
RESULT: undefined
COMMAND: POST /session/21ce62c4ecbe6d238b640e15c86407e3/execute/async - {"script":"<script> [1562 bytes]","args":[{"selector":{"controlType":"sap.m.Button","viewName":"etm.portal.ui.warehousemovements.view.ExecuteMovement","viewId":"application-warehousemovements-display-component---executeMovement","properties":{"text":"Items"},"interaction":{"idSuffix":"BDI-content"}},"wdio_ui5_key":"etmportal.ui.warehousemovements.view.ExecuteMovementsap.m.Button{\"text\":\"Items\"}"}]}
RESULT: {"script":"<script> [1562 bytes]","args":[{"selector":{"controlType":"sap.m.Button","viewName":"etm.portal.ui.warehousemovements.view.ExecuteMovement","viewId":"application-warehousemovements-display-component---executeMovement","properties":{"text":"Items"},"interaction":{"idSuffix":"BDI-content"}},"wdio_ui5_key":"etmportal.ui.warehousemovements.view.ExecuteMovementsap.m.Button{\"text\":\"Items\"}"}]}
RESULT: undefined
COMMAND: POST /session/21ce62c4ecbe6d238b640e15c86407e3/execute/async - {"script":"<script> [1562 bytes]","args":[{"selector":{"controlType":"sap.m.ToggleButton","viewName":"etm.portal.ui.warehousemovements.view.ExecuteMovement","viewId":"application-warehousemovements-display-component---executeMovement","bindingPath":{"propertyPath":"STATUS","modelName":"catalogModel"},"interaction":{"idSuffix":"BDI-content"}},"wdio_ui5_key":"etmportal.ui.warehousemovements.view.ExecuteMovementsap.m.ToggleButton{\"propertyPath\":\"STATUS\",\"modelName\":\"catalogModel\"}"}]}
RESULT: {"script":"<script> [1562 bytes]","args":[{"selector":{"controlType":"sap.m.ToggleButton","viewName":"etm.portal.ui.warehousemovements.view.ExecuteMovement","viewId":"application-warehousemovements-display-component---executeMovement","bindingPath":{"propertyPath":"STATUS","modelName":"catalogModel"},"interaction":{"idSuffix":"BDI-content"}},"wdio_ui5_key":"etmportal.ui.warehousemovements.view.ExecuteMovementsap.m.ToggleButton{\"propertyPath\":\"STATUS\",\"modelName\":\"catalogModel\"}"}]}
RESULT: undefined
RESULT: undefined
COMMAND: POST /session/21ce62c4ecbe6d238b640e15c86407e3/element - {"using":"xpath","value":"//section[contains(@id,\"FC-NoHead\")]/div[1]/div[5]/div[2]/span"}
RESULT: {"using":"xpath","value":"//section[contains(@id,\"FC-NoHead\")]/div[1]/div[5]/div[2]/span"}
COMMAND: POST /session/21ce62c4ecbe6d238b640e15c86407e3/elements - {"using":"xpath","value":"//section[contains(@id,\"FC-NoHead\")]/div[1]/div[5]/div[2]/span"}
RESULT: {"using":"xpath","value":"//section[contains(@id,\"FC-NoHead\")]/div[1]/div[5]/div[2]/span"}
COMMAND: POST /session/21ce62c4ecbe6d238b640e15c86407e3/elements - {"using":"xpath","value":"//section[contains(@id,\"FC-NoHead\")]/div[1]/div[5]/div[2]/span"}
RESULT: {"using":"xpath","value":"//section[contains(@id,\"FC-NoHead\")]/div[1]/div[5]/div[2]/span"}
COMMAND: POST /session/21ce62c4ecbe6d238b640e15c86407e3/elements - {"using":"xpath","value":"//section[contains(@id,\"FC-NoHead\")]/div[1]/div[5]/div[2]/span"}
RESULT: {"using":"xpath","value":"//section[contains(@id,\"FC-NoHead\")]/div[1]/div[5]/div[2]/span"}
COMMAND: POST /session/21ce62c4ecbe6d238b640e15c86407e3/elements - {"using":"xpath","value":"//section[contains(@id,\"FC-NoHead\")]/div[1]/div[5]/div[2]/span"}
RESULT: {"using":"xpath","value":"//section[contains(@id,\"FC-NoHead\")]/div[1]/div[5]/div[2]/span"}
COMMAND: POST /session/21ce62c4ecbe6d238b640e15c86407e3/elements - {"using":"xpath","value":"//section[contains(@id,\"FC-NoHead\")]/div[1]/div[5]/div[2]/span"}
RESULT: {"using":"xpath","value":"//section[contains(@id,\"FC-NoHead\")]/div[1]/div[5]/div[2]/span"}
COMMAND: POST /session/21ce62c4ecbe6d238b640e15c86407e3/elements - {"using":"xpath","value":"//section[contains(@id,\"FC-NoHead\")]/div[1]/div[5]/div[2]/span"}
RESULT: {"using":"xpath","value":"//section[contains(@id,\"FC-NoHead\")]/div[1]/div[5]/div[2]/span"}
COMMAND: POST /session/21ce62c4ecbe6d238b640e15c86407e3/elements - {"using":"xpath","value":"//section[contains(@id,\"FC-NoHead\")]/div[1]/div[5]/div[2]/span"}
RESULT: {"using":"xpath","value":"//section[contains(@id,\"FC-NoHead\")]/div[1]/div[5]/div[2]/span"}
COMMAND: POST /session/21ce62c4ecbe6d238b640e15c86407e3/elements - {"using":"xpath","value":"//section[contains(@id,\"FC-NoHead\")]/div[1]/div[5]/div[2]/span"}
RESULT: {"using":"xpath","value":"//section[contains(@id,\"FC-NoHead\")]/div[1]/div[5]/div[2]/span"}
COMMAND: POST /session/21ce62c4ecbe6d238b640e15c86407e3/elements - {"using":"xpath","value":"//section[contains(@id,\"FC-NoHead\")]/div[1]/div[5]/div[2]/span"}
RESULT: {"using":"xpath","value":"//section[contains(@id,\"FC-NoHead\")]/div[1]/div[5]/div[2]/span"}
COMMAND: POST /session/21ce62c4ecbe6d238b640e15c86407e3/elements - {"using":"xpath","value":"//section[contains(@id,\"FC-NoHead\")]/div[1]/div[5]/div[2]/span"}
RESULT: {"using":"xpath","value":"//section[contains(@id,\"FC-NoHead\")]/div[1]/div[5]/div[2]/span"}
COMMAND: POST /session/21ce62c4ecbe6d238b640e15c86407e3/elements - {"using":"xpath","value":"//section[contains(@id,\"FC-NoHead\")]/div[1]/div[5]/div[2]/span"}
RESULT: {"using":"xpath","value":"//section[contains(@id,\"FC-NoHead\")]/div[1]/div[5]/div[2]/span"}
COMMAND: POST /session/21ce62c4ecbe6d238b640e15c86407e3/elements - {"using":"xpath","value":"//section[contains(@id,\"FC-NoHead\")]/div[1]/div[5]/div[2]/span"}
RESULT: {"using":"xpath","value":"//section[contains(@id,\"FC-NoHead\")]/div[1]/div[5]/div[2]/span"}
COMMAND: POST /session/21ce62c4ecbe6d238b640e15c86407e3/elements - {"using":"xpath","value":"//section[contains(@id,\"FC-NoHead\")]/div[1]/div[5]/div[2]/span"}
RESULT: {"using":"xpath","value":"//section[contains(@id,\"FC-NoHead\")]/div[1]/div[5]/div[2]/span"}
COMMAND: POST /session/21ce62c4ecbe6d238b640e15c86407e3/elements - {"using":"xpath","value":"//section[contains(@id,\"FC-NoHead\")]/div[1]/div[5]/div[2]/span"}
RESULT: {"using":"xpath","value":"//section[contains(@id,\"FC-NoHead\")]/div[1]/div[5]/div[2]/span"}
COMMAND: POST /session/21ce62c4ecbe6d238b640e15c86407e3/elements - {"using":"xpath","value":"//section[contains(@id,\"FC-NoHead\")]/div[1]/div[5]/div[2]/span"}
RESULT: {"using":"xpath","value":"//section[contains(@id,\"FC-NoHead\")]/div[1]/div[5]/div[2]/span"}
COMMAND: POST /session/21ce62c4ecbe6d238b640e15c86407e3/elements - {"using":"xpath","value":"//section[contains(@id,\"FC-NoHead\")]/div[1]/div[5]/div[2]/span"}
RESULT: {"using":"xpath","value":"//section[contains(@id,\"FC-NoHead\")]/div[1]/div[5]/div[2]/span"}
COMMAND: POST /session/21ce62c4ecbe6d238b640e15c86407e3/elements - {"using":"xpath","value":"//section[contains(@id,\"FC-NoHead\")]/div[1]/div[5]/div[2]/span"}
RESULT: {"using":"xpath","value":"//section[contains(@id,\"FC-NoHead\")]/div[1]/div[5]/div[2]/span"}
COMMAND: POST /session/21ce62c4ecbe6d238b640e15c86407e3/elements - {"using":"xpath","value":"//section[contains(@id,\"FC-NoHead\")]/div[1]/div[5]/div[2]/span"}
RESULT: {"using":"xpath","value":"//section[contains(@id,\"FC-NoHead\")]/div[1]/div[5]/div[2]/span"}
COMMAND: POST /session/21ce62c4ecbe6d238b640e15c86407e3/elements - {"using":"xpath","value":"//section[contains(@id,\"FC-NoHead\")]/div[1]/div[5]/div[2]/span"}
RESULT: {"using":"xpath","value":"//section[contains(@id,\"FC-NoHead\")]/div[1]/div[5]/div[2]/span"}
COMMAND: POST /session/21ce62c4ecbe6d238b640e15c86407e3/elements - {"using":"xpath","value":"//section[contains(@id,\"FC-NoHead\")]/div[1]/div[5]/div[2]/span"}
RESULT: {"using":"xpath","value":"//section[contains(@id,\"FC-NoHead\")]/div[1]/div[5]/div[2]/span"}
COMMAND: POST /session/21ce62c4ecbe6d238b640e15c86407e3/elements - {"using":"xpath","value":"//section[contains(@id,\"FC-NoHead\")]/div[1]/div[5]/div[2]/span"}
RESULT: {"using":"xpath","value":"//section[contains(@id,\"FC-NoHead\")]/div[1]/div[5]/div[2]/span"}
COMMAND: POST /session/21ce62c4ecbe6d238b640e15c86407e3/elements - {"using":"xpath","value":"//section[contains(@id,\"FC-NoHead\")]/div[1]/div[5]/div[2]/span"}
RESULT: {"using":"xpath","value":"//section[contains(@id,\"FC-NoHead\")]/div[1]/div[5]/div[2]/span"}
COMMAND: POST /session/21ce62c4ecbe6d238b640e15c86407e3/elements - {"using":"xpath","value":"//section[contains(@id,\"FC-NoHead\")]/div[1]/div[5]/div[2]/span"}
RESULT: {"using":"xpath","value":"//section[contains(@id,\"FC-NoHead\")]/div[1]/div[5]/div[2]/span"}
COMMAND: POST /session/21ce62c4ecbe6d238b640e15c86407e3/elements - {"using":"xpath","value":"//section[contains(@id,\"FC-NoHead\")]/div[1]/div[5]/div[2]/span"}
RESULT: {"using":"xpath","value":"//section[contains(@id,\"FC-NoHead\")]/div[1]/div[5]/div[2]/span"}
COMMAND: POST /session/21ce62c4ecbe6d238b640e15c86407e3/elements - {"using":"xpath","value":"//section[contains(@id,\"FC-NoHead\")]/div[1]/div[5]/div[2]/span"}
RESULT: {"using":"xpath","value":"//section[contains(@id,\"FC-NoHead\")]/div[1]/div[5]/div[2]/span"}
COMMAND: POST /session/21ce62c4ecbe6d238b640e15c86407e3/elements - {"using":"xpath","value":"//section[contains(@id,\"FC-NoHead\")]/div[1]/div[5]/div[2]/span"}
RESULT: {"using":"xpath","value":"//section[contains(@id,\"FC-NoHead\")]/div[1]/div[5]/div[2]/span"}
COMMAND: POST /session/21ce62c4ecbe6d238b640e15c86407e3/elements - {"using":"xpath","value":"//section[contains(@id,\"FC-NoHead\")]/div[1]/div[5]/div[2]/span"}
RESULT: {"using":"xpath","value":"//section[contains(@id,\"FC-NoHead\")]/div[1]/div[5]/div[2]/span"}
COMMAND: POST /session/21ce62c4ecbe6d238b640e15c86407e3/elements - {"using":"xpath","value":"//section[contains(@id,\"FC-NoHead\")]/div[1]/div[5]/div[2]/span"}
RESULT: {"using":"xpath","value":"//section[contains(@id,\"FC-NoHead\")]/div[1]/div[5]/div[2]/span"}
COMMAND: POST /session/21ce62c4ecbe6d238b640e15c86407e3/elements - {"using":"xpath","value":"//section[contains(@id,\"FC-NoHead\")]/div[1]/div[5]/div[2]/span"}
RESULT: {"using":"xpath","value":"//section[contains(@id,\"FC-NoHead\")]/div[1]/div[5]/div[2]/span"}
COMMAND: POST /session/21ce62c4ecbe6d238b640e15c86407e3/elements - {"using":"xpath","value":"//section[contains(@id,\"FC-NoHead\")]/div[1]/div[5]/div[2]/span"}
RESULT: {"using":"xpath","value":"//section[contains(@id,\"FC-NoHead\")]/div[1]/div[5]/div[2]/span"}
COMMAND: POST /session/21ce62c4ecbe6d238b640e15c86407e3/elements - {"using":"xpath","value":"//section[contains(@id,\"FC-NoHead\")]/div[1]/div[5]/div[2]/span"}
RESULT: {"using":"xpath","value":"//section[contains(@id,\"FC-NoHead\")]/div[1]/div[5]/div[2]/span"}
COMMAND: POST /session/21ce62c4ecbe6d238b640e15c86407e3/elements - {"using":"xpath","value":"//section[contains(@id,\"FC-NoHead\")]/div[1]/div[5]/div[2]/span"}
RESULT: {"using":"xpath","value":"//section[contains(@id,\"FC-NoHead\")]/div[1]/div[5]/div[2]/span"}
COMMAND: POST /session/21ce62c4ecbe6d238b640e15c86407e3/elements - {"using":"xpath","value":"//section[contains(@id,\"FC-NoHead\")]/div[1]/div[5]/div[2]/span"}
RESULT: {"using":"xpath","value":"//section[contains(@id,\"FC-NoHead\")]/div[1]/div[5]/div[2]/span"}
COMMAND: POST /session/21ce62c4ecbe6d238b640e15c86407e3/elements - {"using":"xpath","value":"//section[contains(@id,\"FC-NoHead\")]/div[1]/div[5]/div[2]/span"}
RESULT: {"using":"xpath","value":"//section[contains(@id,\"FC-NoHead\")]/div[1]/div[5]/div[2]/span"}
COMMAND: POST /session/21ce62c4ecbe6d238b640e15c86407e3/elements - {"using":"xpath","value":"//section[contains(@id,\"FC-NoHead\")]/div[1]/div[5]/div[2]/span"}
RESULT: {"using":"xpath","value":"//section[contains(@id,\"FC-NoHead\")]/div[1]/div[5]/div[2]/span"}
COMMAND: POST /session/21ce62c4ecbe6d238b640e15c86407e3/elements - {"using":"xpath","value":"//section[contains(@id,\"FC-NoHead\")]/div[1]/div[5]/div[2]/span"}
RESULT: {"using":"xpath","value":"//section[contains(@id,\"FC-NoHead\")]/div[1]/div[5]/div[2]/span"}
COMMAND: POST /session/21ce62c4ecbe6d238b640e15c86407e3/elements - {"using":"xpath","value":"//section[contains(@id,\"FC-NoHead\")]/div[1]/div[5]/div[2]/span"}
RESULT: {"using":"xpath","value":"//section[contains(@id,\"FC-NoHead\")]/div[1]/div[5]/div[2]/span"}
COMMAND: POST /session/21ce62c4ecbe6d238b640e15c86407e3/elements - {"using":"xpath","value":"//section[contains(@id,\"FC-NoHead\")]/div[1]/div[5]/div[2]/span"}
RESULT: {"using":"xpath","value":"//section[contains(@id,\"FC-NoHead\")]/div[1]/div[5]/div[2]/span"}
COMMAND: POST /session/21ce62c4ecbe6d238b640e15c86407e3/elements - {"using":"xpath","value":"//section[contains(@id,\"FC-NoHead\")]/div[1]/div[5]/div[2]/span"}
RESULT: {"using":"xpath","value":"//section[contains(@id,\"FC-NoHead\")]/div[1]/div[5]/div[2]/span"}
COMMAND: POST /session/21ce62c4ecbe6d238b640e15c86407e3/elements - {"using":"xpath","value":"//section[contains(@id,\"FC-NoHead\")]/div[1]/div[5]/div[2]/span"}
RESULT: {"using":"xpath","value":"//section[contains(@id,\"FC-NoHead\")]/div[1]/div[5]/div[2]/span"}
COMMAND: POST /session/21ce62c4ecbe6d238b640e15c86407e3/elements - {"using":"xpath","value":"//section[contains(@id,\"FC-NoHead\")]/div[1]/div[5]/div[2]/span"}
RESULT: {"using":"xpath","value":"//section[contains(@id,\"FC-NoHead\")]/div[1]/div[5]/div[2]/span"}
COMMAND: POST /session/21ce62c4ecbe6d238b640e15c86407e3/elements - {"using":"xpath","value":"//section[contains(@id,\"FC-NoHead\")]/div[1]/div[5]/div[2]/span"}
RESULT: {"using":"xpath","value":"//section[contains(@id,\"FC-NoHead\")]/div[1]/div[5]/div[2]/span"}
COMMAND: POST /session/21ce62c4ecbe6d238b640e15c86407e3/elements - {"using":"xpath","value":"//section[contains(@id,\"FC-NoHead\")]/div[1]/div[5]/div[2]/span"}
RESULT: {"using":"xpath","value":"//section[contains(@id,\"FC-NoHead\")]/div[1]/div[5]/div[2]/span"}
COMMAND: POST /session/21ce62c4ecbe6d238b640e15c86407e3/elements - {"using":"xpath","value":"//section[contains(@id,\"FC-NoHead\")]/div[1]/div[5]/div[2]/span"}
RESULT: {"using":"xpath","value":"//section[contains(@id,\"FC-NoHead\")]/div[1]/div[5]/div[2]/span"}
COMMAND: POST /session/21ce62c4ecbe6d238b640e15c86407e3/elements - {"using":"xpath","value":"//section[contains(@id,\"FC-NoHead\")]/div[1]/div[5]/div[2]/span"}
RESULT: {"using":"xpath","value":"//section[contains(@id,\"FC-NoHead\")]/div[1]/div[5]/div[2]/span"}
COMMAND: POST /session/21ce62c4ecbe6d238b640e15c86407e3/elements - {"using":"xpath","value":"//section[contains(@id,\"FC-NoHead\")]/div[1]/div[5]/div[2]/span"}
RESULT: {"using":"xpath","value":"//section[contains(@id,\"FC-NoHead\")]/div[1]/div[5]/div[2]/span"}
COMMAND: POST /session/21ce62c4ecbe6d238b640e15c86407e3/elements - {"using":"xpath","value":"//section[contains(@id,\"FC-NoHead\")]/div[1]/div[5]/div[2]/span"}
RESULT: {"using":"xpath","value":"//section[contains(@id,\"FC-NoHead\")]/div[1]/div[5]/div[2]/span"}
COMMAND: POST /session/21ce62c4ecbe6d238b640e15c86407e3/elements - {"using":"xpath","value":"//section[contains(@id,\"FC-NoHead\")]/div[1]/div[5]/div[2]/span"}
RESULT: {"using":"xpath","value":"//section[contains(@id,\"FC-NoHead\")]/div[1]/div[5]/div[2]/span"}
COMMAND: POST /session/21ce62c4ecbe6d238b640e15c86407e3/elements - {"using":"xpath","value":"//section[contains(@id,\"FC-NoHead\")]/div[1]/div[5]/div[2]/span"}
RESULT: {"using":"xpath","value":"//section[contains(@id,\"FC-NoHead\")]/div[1]/div[5]/div[2]/span"}
COMMAND: POST /session/21ce62c4ecbe6d238b640e15c86407e3/elements - {"using":"xpath","value":"//section[contains(@id,\"FC-NoHead\")]/div[1]/div[5]/div[2]/span"}
RESULT: {"using":"xpath","value":"//section[contains(@id,\"FC-NoHead\")]/div[1]/div[5]/div[2]/span"}
COMMAND: POST /session/21ce62c4ecbe6d238b640e15c86407e3/elements - {"using":"xpath","value":"//section[contains(@id,\"FC-NoHead\")]/div[1]/div[5]/div[2]/span"}
RESULT: {"using":"xpath","value":"//section[contains(@id,\"FC-NoHead\")]/div[1]/div[5]/div[2]/span"}
COMMAND: POST /session/21ce62c4ecbe6d238b640e15c86407e3/elements - {"using":"xpath","value":"//section[contains(@id,\"FC-NoHead\")]/div[1]/div[5]/div[2]/span"}
RESULT: {"using":"xpath","value":"//section[contains(@id,\"FC-NoHead\")]/div[1]/div[5]/div[2]/span"}
COMMAND: POST /session/21ce62c4ecbe6d238b640e15c86407e3/elements - {"using":"xpath","value":"//section[contains(@id,\"FC-NoHead\")]/div[1]/div[5]/div[2]/span"}
RESULT: {"using":"xpath","value":"//section[contains(@id,\"FC-NoHead\")]/div[1]/div[5]/div[2]/span"}
COMMAND: POST /session/21ce62c4ecbe6d238b640e15c86407e3/elements - {"using":"xpath","value":"//section[contains(@id,\"FC-NoHead\")]/div[1]/div[5]/div[2]/span"}
RESULT: {"using":"xpath","value":"//section[contains(@id,\"FC-NoHead\")]/div[1]/div[5]/div[2]/span"}
COMMAND: POST /session/21ce62c4ecbe6d238b640e15c86407e3/elements - {"using":"xpath","value":"//section[contains(@id,\"FC-NoHead\")]/div[1]/div[5]/div[2]/span"}
RESULT: {"using":"xpath","value":"//section[contains(@id,\"FC-NoHead\")]/div[1]/div[5]/div[2]/span"}
COMMAND: POST /session/21ce62c4ecbe6d238b640e15c86407e3/elements - {"using":"xpath","value":"//section[contains(@id,\"FC-NoHead\")]/div[1]/div[5]/div[2]/span"}
RESULT: {"using":"xpath","value":"//section[contains(@id,\"FC-NoHead\")]/div[1]/div[5]/div[2]/span"}
COMMAND: POST /session/21ce62c4ecbe6d238b640e15c86407e3/elements - {"using":"xpath","value":"//section[contains(@id,\"FC-NoHead\")]/div[1]/div[5]/div[2]/span"}
RESULT: {"using":"xpath","value":"//section[contains(@id,\"FC-NoHead\")]/div[1]/div[5]/div[2]/span"}
COMMAND: POST /session/21ce62c4ecbe6d238b640e15c86407e3/elements - {"using":"xpath","value":"//section[contains(@id,\"FC-NoHead\")]/div[1]/div[5]/div[2]/span"}
RESULT: {"using":"xpath","value":"//section[contains(@id,\"FC-NoHead\")]/div[1]/div[5]/div[2]/span"}
COMMAND: POST /session/21ce62c4ecbe6d238b640e15c86407e3/elements - {"using":"xpath","value":"//section[contains(@id,\"FC-NoHead\")]/div[1]/div[5]/div[2]/span"}
RESULT: {"using":"xpath","value":"//section[contains(@id,\"FC-NoHead\")]/div[1]/div[5]/div[2]/span"}
COMMAND: POST /session/21ce62c4ecbe6d238b640e15c86407e3/elements - {"using":"xpath","value":"//section[contains(@id,\"FC-NoHead\")]/div[1]/div[5]/div[2]/span"}
RESULT: {"using":"xpath","value":"//section[contains(@id,\"FC-NoHead\")]/div[1]/div[5]/div[2]/span"}
COMMAND: POST /session/21ce62c4ecbe6d238b640e15c86407e3/elements - {"using":"xpath","value":"//section[contains(@id,\"FC-NoHead\")]/div[1]/div[5]/div[2]/span"}
RESULT: {"using":"xpath","value":"//section[contains(@id,\"FC-NoHead\")]/div[1]/div[5]/div[2]/span"}
COMMAND: POST /session/21ce62c4ecbe6d238b640e15c86407e3/elements - {"using":"xpath","value":"//section[contains(@id,\"FC-NoHead\")]/div[1]/div[5]/div[2]/span"}
RESULT: {"using":"xpath","value":"//section[contains(@id,\"FC-NoHead\")]/div[1]/div[5]/div[2]/span"}
COMMAND: POST /session/21ce62c4ecbe6d238b640e15c86407e3/elements - {"using":"xpath","value":"//section[contains(@id,\"FC-NoHead\")]/div[1]/div[5]/div[2]/span"}
RESULT: {"using":"xpath","value":"//section[contains(@id,\"FC-NoHead\")]/div[1]/div[5]/div[2]/span"}
COMMAND: POST /session/21ce62c4ecbe6d238b640e15c86407e3/elements - {"using":"xpath","value":"//section[contains(@id,\"FC-NoHead\")]/div[1]/div[5]/div[2]/span"}
RESULT: {"using":"xpath","value":"//section[contains(@id,\"FC-NoHead\")]/div[1]/div[5]/div[2]/span"}
COMMAND: POST /session/21ce62c4ecbe6d238b640e15c86407e3/elements - {"using":"xpath","value":"//section[contains(@id,\"FC-NoHead\")]/div[1]/div[5]/div[2]/span"}
RESULT: {"using":"xpath","value":"//section[contains(@id,\"FC-NoHead\")]/div[1]/div[5]/div[2]/span"}
COMMAND: POST /session/21ce62c4ecbe6d238b640e15c86407e3/elements - {"using":"xpath","value":"//section[contains(@id,\"FC-NoHead\")]/div[1]/div[5]/div[2]/span"}
RESULT: {"using":"xpath","value":"//section[contains(@id,\"FC-NoHead\")]/div[1]/div[5]/div[2]/span"}
COMMAND: POST /session/21ce62c4ecbe6d238b640e15c86407e3/elements - {"using":"xpath","value":"//section[contains(@id,\"FC-NoHead\")]/div[1]/div[5]/div[2]/span"}
RESULT: {"using":"xpath","value":"//section[contains(@id,\"FC-NoHead\")]/div[1]/div[5]/div[2]/span"}
COMMAND: POST /session/21ce62c4ecbe6d238b640e15c86407e3/elements - {"using":"xpath","value":"//section[contains(@id,\"FC-NoHead\")]/div[1]/div[5]/div[2]/span"}
RESULT: {"using":"xpath","value":"//section[contains(@id,\"FC-NoHead\")]/div[1]/div[5]/div[2]/span"}
COMMAND: POST /session/21ce62c4ecbe6d238b640e15c86407e3/elements - {"using":"xpath","value":"//section[contains(@id,\"FC-NoHead\")]/div[1]/div[5]/div[2]/span"}
RESULT: {"using":"xpath","value":"//section[contains(@id,\"FC-NoHead\")]/div[1]/div[5]/div[2]/span"}
COMMAND: POST /session/21ce62c4ecbe6d238b640e15c86407e3/elements - {"using":"xpath","value":"//section[contains(@id,\"FC-NoHead\")]/div[1]/div[5]/div[2]/span"}
RESULT: {"using":"xpath","value":"//section[contains(@id,\"FC-NoHead\")]/div[1]/div[5]/div[2]/span"}
COMMAND: POST /session/21ce62c4ecbe6d238b640e15c86407e3/elements - {"using":"xpath","value":"//section[contains(@id,\"FC-NoHead\")]/div[1]/div[5]/div[2]/span"}
RESULT: {"using":"xpath","value":"//section[contains(@id,\"FC-NoHead\")]/div[1]/div[5]/div[2]/span"}
COMMAND: POST /session/21ce62c4ecbe6d238b640e15c86407e3/elements - {"using":"xpath","value":"//section[contains(@id,\"FC-NoHead\")]/div[1]/div[5]/div[2]/span"}
RESULT: {"using":"xpath","value":"//section[contains(@id,\"FC-NoHead\")]/div[1]/div[5]/div[2]/span"}
COMMAND: POST /session/21ce62c4ecbe6d238b640e15c86407e3/elements - {"using":"xpath","value":"//section[contains(@id,\"FC-NoHead\")]/div[1]/div[5]/div[2]/span"}
RESULT: {"using":"xpath","value":"//section[contains(@id,\"FC-NoHead\")]/div[1]/div[5]/div[2]/span"}
COMMAND: POST /session/21ce62c4ecbe6d238b640e15c86407e3/elements - {"using":"xpath","value":"//section[contains(@id,\"FC-NoHead\")]/div[1]/div[5]/div[2]/span"}
RESULT: {"using":"xpath","value":"//section[contains(@id,\"FC-NoHead\")]/div[1]/div[5]/div[2]/span"}
COMMAND: POST /session/21ce62c4ecbe6d238b640e15c86407e3/elements - {"using":"xpath","value":"//section[contains(@id,\"FC-NoHead\")]/div[1]/div[5]/div[2]/span"}
RESULT: {"using":"xpath","value":"//section[contains(@id,\"FC-NoHead\")]/div[1]/div[5]/div[2]/span"}
COMMAND: POST /session/21ce62c4ecbe6d238b640e15c86407e3/elements - {"using":"xpath","value":"//section[contains(@id,\"FC-NoHead\")]/div[1]/div[5]/div[2]/span"}
RESULT: {"using":"xpath","value":"//section[contains(@id,\"FC-NoHead\")]/div[1]/div[5]/div[2]/span"}
COMMAND: POST /session/21ce62c4ecbe6d238b640e15c86407e3/elements - {"using":"xpath","value":"//section[contains(@id,\"FC-NoHead\")]/div[1]/div[5]/div[2]/span"}
RESULT: {"using":"xpath","value":"//section[contains(@id,\"FC-NoHead\")]/div[1]/div[5]/div[2]/span"}
COMMAND: POST /session/21ce62c4ecbe6d238b640e15c86407e3/elements - {"using":"xpath","value":"//section[contains(@id,\"FC-NoHead\")]/div[1]/div[5]/div[2]/span"}
RESULT: {"using":"xpath","value":"//section[contains(@id,\"FC-NoHead\")]/div[1]/div[5]/div[2]/span"}
COMMAND: POST /session/21ce62c4ecbe6d238b640e15c86407e3/elements - {"using":"xpath","value":"//section[contains(@id,\"FC-NoHead\")]/div[1]/div[5]/div[2]/span"}
RESULT: {"using":"xpath","value":"//section[contains(@id,\"FC-NoHead\")]/div[1]/div[5]/div[2]/span"}
COMMAND: POST /session/21ce62c4ecbe6d238b640e15c86407e3/elements - {"using":"xpath","value":"//section[contains(@id,\"FC-NoHead\")]/div[1]/div[5]/div[2]/span"}
RESULT: {"using":"xpath","value":"//section[contains(@id,\"FC-NoHead\")]/div[1]/div[5]/div[2]/span"}
COMMAND: POST /session/21ce62c4ecbe6d238b640e15c86407e3/elements - {"using":"xpath","value":"//section[contains(@id,\"FC-NoHead\")]/div[1]/div[5]/div[2]/span"}
RESULT: {"using":"xpath","value":"//section[contains(@id,\"FC-NoHead\")]/div[1]/div[5]/div[2]/span"}
COMMAND: POST /session/21ce62c4ecbe6d238b640e15c86407e3/elements - {"using":"xpath","value":"//section[contains(@id,\"FC-NoHead\")]/div[1]/div[5]/div[2]/span"}
RESULT: {"using":"xpath","value":"//section[contains(@id,\"FC-NoHead\")]/div[1]/div[5]/div[2]/span"}
COMMAND: POST /session/21ce62c4ecbe6d238b640e15c86407e3/elements - {"using":"xpath","value":"//section[contains(@id,\"FC-NoHead\")]/div[1]/div[5]/div[2]/span"}
RESULT: {"using":"xpath","value":"//section[contains(@id,\"FC-NoHead\")]/div[1]/div[5]/div[2]/span"}
COMMAND: POST /session/21ce62c4ecbe6d238b640e15c86407e3/elements - {"using":"xpath","value":"//section[contains(@id,\"FC-NoHead\")]/div[1]/div[5]/div[2]/span"}
RESULT: {"using":"xpath","value":"//section[contains(@id,\"FC-NoHead\")]/div[1]/div[5]/div[2]/span"}
COMMAND: POST /session/21ce62c4ecbe6d238b640e15c86407e3/elements - {"using":"xpath","value":"//section[contains(@id,\"FC-NoHead\")]/div[1]/div[5]/div[2]/span"}
RESULT: {"using":"xpath","value":"//section[contains(@id,\"FC-NoHead\")]/div[1]/div[5]/div[2]/span"}
COMMAND: POST /session/21ce62c4ecbe6d238b640e15c86407e3/elements - {"using":"xpath","value":"//section[contains(@id,\"FC-NoHead\")]/div[1]/div[5]/div[2]/span"}
RESULT: {"using":"xpath","value":"//section[contains(@id,\"FC-NoHead\")]/div[1]/div[5]/div[2]/span"}
COMMAND: POST /session/21ce62c4ecbe6d238b640e15c86407e3/elements - {"using":"xpath","value":"//section[contains(@id,\"FC-NoHead\")]/div[1]/div[5]/div[2]/span"}
RESULT: {"using":"xpath","value":"//section[contains(@id,\"FC-NoHead\")]/div[1]/div[5]/div[2]/span"}
COMMAND: POST /session/21ce62c4ecbe6d238b640e15c86407e3/elements - {"using":"xpath","value":"//section[contains(@id,\"FC-NoHead\")]/div[1]/div[5]/div[2]/span"}
RESULT: {"using":"xpath","value":"//section[contains(@id,\"FC-NoHead\")]/div[1]/div[5]/div[2]/span"}
COMMAND: POST /session/21ce62c4ecbe6d238b640e15c86407e3/elements - {"using":"xpath","value":"//section[contains(@id,\"FC-NoHead\")]/div[1]/div[5]/div[2]/span"}
RESULT: {"using":"xpath","value":"//section[contains(@id,\"FC-NoHead\")]/div[1]/div[5]/div[2]/span"}
COMMAND: POST /session/21ce62c4ecbe6d238b640e15c86407e3/elements - {"using":"xpath","value":"//section[contains(@id,\"FC-NoHead\")]/div[1]/div[5]/div[2]/span"}
RESULT: {"using":"xpath","value":"//section[contains(@id,\"FC-NoHead\")]/div[1]/div[5]/div[2]/span"}
COMMAND: GET /session/21ce62c4ecbe6d238b640e15c86407e3/screenshot - {}
RESULT: {}
]]></system-out>
      <system-err><![CDATA[
Error: element ("//section[contains(@id,"FC-NoHead")]/div[1]/div[5]/div[2]/span") still not existing after 45000ms
    at async Context.<anonymous> (D:\a\1\s\test\specs\HTR\provide-to-site-w-warehouse-w-clarification.spec.js:219:9)
]]></system-err>
    </testcase>
    <testcase classname="chrome.136_0_7103_93.windows.Provide_to_Site_w/_warehouse_management_w_clarification" name="Should test for Clarification" time="88.552">
      <failure/>
      <error message="Can't call click on element with selector &quot;//span[(text() = 'null' or . = 'null')]&quot; because element wasn't found"/>
      <system-out><![CDATA[
RESULT: undefined
COMMAND: POST /session/21ce62c4ecbe6d238b640e15c86407e3/element - {"using":"xpath","value":"//*[@id=\"__tile132\"]"}
COMMAND: GET /session/21ce62c4ecbe6d238b640e15c86407e3/screenshot - {}
RESULT: {"using":"xpath","value":"//*[@id=\"__tile132\"]"}
COMMAND: POST /session/21ce62c4ecbe6d238b640e15c86407e3/element/f.93D217436D6DD50F1CAF1D433A497FC6.d.526D217E47FF00D061CB52BE2F7A50DD.e.4088/click - {}
RESULT: {}
COMMAND: POST /session/21ce62c4ecbe6d238b640e15c86407e3/elements - {"using":"xpath","value":"//span[text()='Error']"}
RESULT: {"using":"xpath","value":"//span[text()='Error']"}
COMMAND: POST /session/21ce62c4ecbe6d238b640e15c86407e3/execute/async - {"script":"<script> [1562 bytes]","args":[{"selector":{"controlType":"sap.m.SearchField","viewName":"etm.portal.ui.managehandovers.view.MasterHO","bindingPath":{"propertyPath":"/_BASIC_SEARCH_FIELD","modelName":"fi1t3rM0d31"},"interaction":{"idSuffix":"I"}},"wdio_ui5_key":"etmportal.ui.managehandovers.view.MasterHOsap.m.SearchField{\"propertyPath\":\"/_BASIC_SEARCH_FIELD\",\"modelName\":\"fi1t3rM0d31\"}"}]}
RESULT: {"script":"<script> [1562 bytes]","args":[{"selector":{"controlType":"sap.m.SearchField","viewName":"etm.portal.ui.managehandovers.view.MasterHO","bindingPath":{"propertyPath":"/_BASIC_SEARCH_FIELD","modelName":"fi1t3rM0d31"},"interaction":{"idSuffix":"I"}},"wdio_ui5_key":"etmportal.ui.managehandovers.view.MasterHOsap.m.SearchField{\"propertyPath\":\"/_BASIC_SEARCH_FIELD\",\"modelName\":\"fi1t3rM0d31\"}"}]}
RESULT: undefined
COMMAND: POST /session/21ce62c4ecbe6d238b640e15c86407e3/execute/async - {"script":"<script> [776 bytes]","args":[{"enterText":null,"selector":{"controlType":"sap.m.SearchField","viewName":"etm.portal.ui.managehandovers.view.MasterHO","bindingPath":{"propertyPath":"/_BASIC_SEARCH_FIELD","modelName":"fi1t3rM0d31"},"interaction":{"idSuffix":"I"}},"clearTextFirst":true,"interactionType":"ENTER_TEXT"}]}
RESULT: {"script":"<script> [776 bytes]","args":[{"enterText":null,"selector":{"controlType":"sap.m.SearchField","viewName":"etm.portal.ui.managehandovers.view.MasterHO","bindingPath":{"propertyPath":"/_BASIC_SEARCH_FIELD","modelName":"fi1t3rM0d31"},"interaction":{"idSuffix":"I"}},"clearTextFirst":true,"interactionType":"ENTER_TEXT"}]}
COMMAND: POST /session/21ce62c4ecbe6d238b640e15c86407e3/actions - {"actions":[{"id":"action20","type":"key","parameters":{},"actions":[{"type":"keyDown","value":""},{"type":"pause","duration":10},{"type":"keyUp","value":""}]}]}
RESULT: {"actions":[{"id":"action20","type":"key","parameters":{},"actions":[{"type":"keyDown","value":""},{"type":"pause","duration":10},{"type":"keyUp","value":""}]}]}
COMMAND: GET /session/21ce62c4ecbe6d238b640e15c86407e3/screenshot - {}
RESULT: {}
COMMAND: POST /session/21ce62c4ecbe6d238b640e15c86407e3/element - {"using":"xpath","value":"//span[(text() = 'null' or . = 'null')]"}
RESULT: {"using":"xpath","value":"//span[(text() = 'null' or . = 'null')]"}
COMMAND: POST /session/21ce62c4ecbe6d238b640e15c86407e3/elements - {"using":"xpath","value":"//span[(text() = 'null' or . = 'null')]"}
RESULT: {"using":"xpath","value":"//span[(text() = 'null' or . = 'null')]"}
COMMAND: POST /session/21ce62c4ecbe6d238b640e15c86407e3/elements - {"using":"xpath","value":"//span[(text() = 'null' or . = 'null')]"}
RESULT: {"using":"xpath","value":"//span[(text() = 'null' or . = 'null')]"}
COMMAND: POST /session/21ce62c4ecbe6d238b640e15c86407e3/elements - {"using":"xpath","value":"//span[(text() = 'null' or . = 'null')]"}
RESULT: {"using":"xpath","value":"//span[(text() = 'null' or . = 'null')]"}
COMMAND: POST /session/21ce62c4ecbe6d238b640e15c86407e3/elements - {"using":"xpath","value":"//span[(text() = 'null' or . = 'null')]"}
RESULT: {"using":"xpath","value":"//span[(text() = 'null' or . = 'null')]"}
COMMAND: POST /session/21ce62c4ecbe6d238b640e15c86407e3/elements - {"using":"xpath","value":"//span[(text() = 'null' or . = 'null')]"}
RESULT: {"using":"xpath","value":"//span[(text() = 'null' or . = 'null')]"}
COMMAND: POST /session/21ce62c4ecbe6d238b640e15c86407e3/elements - {"using":"xpath","value":"//span[(text() = 'null' or . = 'null')]"}
RESULT: {"using":"xpath","value":"//span[(text() = 'null' or . = 'null')]"}
COMMAND: POST /session/21ce62c4ecbe6d238b640e15c86407e3/elements - {"using":"xpath","value":"//span[(text() = 'null' or . = 'null')]"}
RESULT: {"using":"xpath","value":"//span[(text() = 'null' or . = 'null')]"}
COMMAND: POST /session/21ce62c4ecbe6d238b640e15c86407e3/elements - {"using":"xpath","value":"//span[(text() = 'null' or . = 'null')]"}
RESULT: {"using":"xpath","value":"//span[(text() = 'null' or . = 'null')]"}
COMMAND: POST /session/21ce62c4ecbe6d238b640e15c86407e3/elements - {"using":"xpath","value":"//span[(text() = 'null' or . = 'null')]"}
RESULT: {"using":"xpath","value":"//span[(text() = 'null' or . = 'null')]"}
COMMAND: POST /session/21ce62c4ecbe6d238b640e15c86407e3/elements - {"using":"xpath","value":"//span[(text() = 'null' or . = 'null')]"}
RESULT: {"using":"xpath","value":"//span[(text() = 'null' or . = 'null')]"}
COMMAND: POST /session/21ce62c4ecbe6d238b640e15c86407e3/elements - {"using":"xpath","value":"//span[(text() = 'null' or . = 'null')]"}
RESULT: {"using":"xpath","value":"//span[(text() = 'null' or . = 'null')]"}
COMMAND: POST /session/21ce62c4ecbe6d238b640e15c86407e3/elements - {"using":"xpath","value":"//span[(text() = 'null' or . = 'null')]"}
RESULT: {"using":"xpath","value":"//span[(text() = 'null' or . = 'null')]"}
COMMAND: POST /session/21ce62c4ecbe6d238b640e15c86407e3/elements - {"using":"xpath","value":"//span[(text() = 'null' or . = 'null')]"}
RESULT: {"using":"xpath","value":"//span[(text() = 'null' or . = 'null')]"}
COMMAND: POST /session/21ce62c4ecbe6d238b640e15c86407e3/elements - {"using":"xpath","value":"//span[(text() = 'null' or . = 'null')]"}
RESULT: {"using":"xpath","value":"//span[(text() = 'null' or . = 'null')]"}
COMMAND: POST /session/21ce62c4ecbe6d238b640e15c86407e3/elements - {"using":"xpath","value":"//span[(text() = 'null' or . = 'null')]"}
RESULT: {"using":"xpath","value":"//span[(text() = 'null' or . = 'null')]"}
COMMAND: POST /session/21ce62c4ecbe6d238b640e15c86407e3/elements - {"using":"xpath","value":"//span[(text() = 'null' or . = 'null')]"}
RESULT: {"using":"xpath","value":"//span[(text() = 'null' or . = 'null')]"}
COMMAND: POST /session/21ce62c4ecbe6d238b640e15c86407e3/elements - {"using":"xpath","value":"//span[(text() = 'null' or . = 'null')]"}
RESULT: {"using":"xpath","value":"//span[(text() = 'null' or . = 'null')]"}
COMMAND: POST /session/21ce62c4ecbe6d238b640e15c86407e3/elements - {"using":"xpath","value":"//span[(text() = 'null' or . = 'null')]"}
RESULT: {"using":"xpath","value":"//span[(text() = 'null' or . = 'null')]"}
COMMAND: POST /session/21ce62c4ecbe6d238b640e15c86407e3/elements - {"using":"xpath","value":"//span[(text() = 'null' or . = 'null')]"}
RESULT: {"using":"xpath","value":"//span[(text() = 'null' or . = 'null')]"}
COMMAND: POST /session/21ce62c4ecbe6d238b640e15c86407e3/elements - {"using":"xpath","value":"//span[(text() = 'null' or . = 'null')]"}
RESULT: {"using":"xpath","value":"//span[(text() = 'null' or . = 'null')]"}
COMMAND: POST /session/21ce62c4ecbe6d238b640e15c86407e3/elements - {"using":"xpath","value":"//span[(text() = 'null' or . = 'null')]"}
RESULT: {"using":"xpath","value":"//span[(text() = 'null' or . = 'null')]"}
COMMAND: POST /session/21ce62c4ecbe6d238b640e15c86407e3/elements - {"using":"xpath","value":"//span[(text() = 'null' or . = 'null')]"}
RESULT: {"using":"xpath","value":"//span[(text() = 'null' or . = 'null')]"}
COMMAND: POST /session/21ce62c4ecbe6d238b640e15c86407e3/elements - {"using":"xpath","value":"//span[(text() = 'null' or . = 'null')]"}
RESULT: {"using":"xpath","value":"//span[(text() = 'null' or . = 'null')]"}
COMMAND: POST /session/21ce62c4ecbe6d238b640e15c86407e3/elements - {"using":"xpath","value":"//span[(text() = 'null' or . = 'null')]"}
RESULT: {"using":"xpath","value":"//span[(text() = 'null' or . = 'null')]"}
COMMAND: POST /session/21ce62c4ecbe6d238b640e15c86407e3/elements - {"using":"xpath","value":"//span[(text() = 'null' or . = 'null')]"}
RESULT: {"using":"xpath","value":"//span[(text() = 'null' or . = 'null')]"}
COMMAND: POST /session/21ce62c4ecbe6d238b640e15c86407e3/elements - {"using":"xpath","value":"//span[(text() = 'null' or . = 'null')]"}
RESULT: {"using":"xpath","value":"//span[(text() = 'null' or . = 'null')]"}
COMMAND: POST /session/21ce62c4ecbe6d238b640e15c86407e3/elements - {"using":"xpath","value":"//span[(text() = 'null' or . = 'null')]"}
RESULT: {"using":"xpath","value":"//span[(text() = 'null' or . = 'null')]"}
COMMAND: POST /session/21ce62c4ecbe6d238b640e15c86407e3/elements - {"using":"xpath","value":"//span[(text() = 'null' or . = 'null')]"}
RESULT: {"using":"xpath","value":"//span[(text() = 'null' or . = 'null')]"}
COMMAND: POST /session/21ce62c4ecbe6d238b640e15c86407e3/elements - {"using":"xpath","value":"//span[(text() = 'null' or . = 'null')]"}
RESULT: {"using":"xpath","value":"//span[(text() = 'null' or . = 'null')]"}
COMMAND: POST /session/21ce62c4ecbe6d238b640e15c86407e3/elements - {"using":"xpath","value":"//span[(text() = 'null' or . = 'null')]"}
RESULT: {"using":"xpath","value":"//span[(text() = 'null' or . = 'null')]"}
COMMAND: POST /session/21ce62c4ecbe6d238b640e15c86407e3/elements - {"using":"xpath","value":"//span[(text() = 'null' or . = 'null')]"}
RESULT: {"using":"xpath","value":"//span[(text() = 'null' or . = 'null')]"}
COMMAND: POST /session/21ce62c4ecbe6d238b640e15c86407e3/elements - {"using":"xpath","value":"//span[(text() = 'null' or . = 'null')]"}
RESULT: {"using":"xpath","value":"//span[(text() = 'null' or . = 'null')]"}
COMMAND: POST /session/21ce62c4ecbe6d238b640e15c86407e3/elements - {"using":"xpath","value":"//span[(text() = 'null' or . = 'null')]"}
RESULT: {"using":"xpath","value":"//span[(text() = 'null' or . = 'null')]"}
COMMAND: POST /session/21ce62c4ecbe6d238b640e15c86407e3/elements - {"using":"xpath","value":"//span[(text() = 'null' or . = 'null')]"}
RESULT: {"using":"xpath","value":"//span[(text() = 'null' or . = 'null')]"}
COMMAND: POST /session/21ce62c4ecbe6d238b640e15c86407e3/elements - {"using":"xpath","value":"//span[(text() = 'null' or . = 'null')]"}
RESULT: {"using":"xpath","value":"//span[(text() = 'null' or . = 'null')]"}
COMMAND: POST /session/21ce62c4ecbe6d238b640e15c86407e3/elements - {"using":"xpath","value":"//span[(text() = 'null' or . = 'null')]"}
RESULT: {"using":"xpath","value":"//span[(text() = 'null' or . = 'null')]"}
COMMAND: POST /session/21ce62c4ecbe6d238b640e15c86407e3/elements - {"using":"xpath","value":"//span[(text() = 'null' or . = 'null')]"}
RESULT: {"using":"xpath","value":"//span[(text() = 'null' or . = 'null')]"}
COMMAND: POST /session/21ce62c4ecbe6d238b640e15c86407e3/elements - {"using":"xpath","value":"//span[(text() = 'null' or . = 'null')]"}
RESULT: {"using":"xpath","value":"//span[(text() = 'null' or . = 'null')]"}
COMMAND: POST /session/21ce62c4ecbe6d238b640e15c86407e3/elements - {"using":"xpath","value":"//span[(text() = 'null' or . = 'null')]"}
RESULT: {"using":"xpath","value":"//span[(text() = 'null' or . = 'null')]"}
COMMAND: POST /session/21ce62c4ecbe6d238b640e15c86407e3/elements - {"using":"xpath","value":"//span[(text() = 'null' or . = 'null')]"}
RESULT: {"using":"xpath","value":"//span[(text() = 'null' or . = 'null')]"}
COMMAND: POST /session/21ce62c4ecbe6d238b640e15c86407e3/elements - {"using":"xpath","value":"//span[(text() = 'null' or . = 'null')]"}
RESULT: {"using":"xpath","value":"//span[(text() = 'null' or . = 'null')]"}
COMMAND: POST /session/21ce62c4ecbe6d238b640e15c86407e3/elements - {"using":"xpath","value":"//span[(text() = 'null' or . = 'null')]"}
RESULT: {"using":"xpath","value":"//span[(text() = 'null' or . = 'null')]"}
COMMAND: POST /session/21ce62c4ecbe6d238b640e15c86407e3/elements - {"using":"xpath","value":"//span[(text() = 'null' or . = 'null')]"}
RESULT: {"using":"xpath","value":"//span[(text() = 'null' or . = 'null')]"}
COMMAND: POST /session/21ce62c4ecbe6d238b640e15c86407e3/elements - {"using":"xpath","value":"//span[(text() = 'null' or . = 'null')]"}
RESULT: {"using":"xpath","value":"//span[(text() = 'null' or . = 'null')]"}
COMMAND: POST /session/21ce62c4ecbe6d238b640e15c86407e3/elements - {"using":"xpath","value":"//span[(text() = 'null' or . = 'null')]"}
RESULT: {"using":"xpath","value":"//span[(text() = 'null' or . = 'null')]"}
COMMAND: POST /session/21ce62c4ecbe6d238b640e15c86407e3/elements - {"using":"xpath","value":"//span[(text() = 'null' or . = 'null')]"}
RESULT: {"using":"xpath","value":"//span[(text() = 'null' or . = 'null')]"}
COMMAND: POST /session/21ce62c4ecbe6d238b640e15c86407e3/elements - {"using":"xpath","value":"//span[(text() = 'null' or . = 'null')]"}
RESULT: {"using":"xpath","value":"//span[(text() = 'null' or . = 'null')]"}
COMMAND: POST /session/21ce62c4ecbe6d238b640e15c86407e3/elements - {"using":"xpath","value":"//span[(text() = 'null' or . = 'null')]"}
RESULT: {"using":"xpath","value":"//span[(text() = 'null' or . = 'null')]"}
COMMAND: POST /session/21ce62c4ecbe6d238b640e15c86407e3/elements - {"using":"xpath","value":"//span[(text() = 'null' or . = 'null')]"}
RESULT: {"using":"xpath","value":"//span[(text() = 'null' or . = 'null')]"}
COMMAND: POST /session/21ce62c4ecbe6d238b640e15c86407e3/elements - {"using":"xpath","value":"//span[(text() = 'null' or . = 'null')]"}
RESULT: {"using":"xpath","value":"//span[(text() = 'null' or . = 'null')]"}
COMMAND: POST /session/21ce62c4ecbe6d238b640e15c86407e3/elements - {"using":"xpath","value":"//span[(text() = 'null' or . = 'null')]"}
RESULT: {"using":"xpath","value":"//span[(text() = 'null' or . = 'null')]"}
COMMAND: POST /session/21ce62c4ecbe6d238b640e15c86407e3/elements - {"using":"xpath","value":"//span[(text() = 'null' or . = 'null')]"}
RESULT: {"using":"xpath","value":"//span[(text() = 'null' or . = 'null')]"}
COMMAND: POST /session/21ce62c4ecbe6d238b640e15c86407e3/elements - {"using":"xpath","value":"//span[(text() = 'null' or . = 'null')]"}
RESULT: {"using":"xpath","value":"//span[(text() = 'null' or . = 'null')]"}
COMMAND: POST /session/21ce62c4ecbe6d238b640e15c86407e3/elements - {"using":"xpath","value":"//span[(text() = 'null' or . = 'null')]"}
RESULT: {"using":"xpath","value":"//span[(text() = 'null' or . = 'null')]"}
COMMAND: POST /session/21ce62c4ecbe6d238b640e15c86407e3/elements - {"using":"xpath","value":"//span[(text() = 'null' or . = 'null')]"}
RESULT: {"using":"xpath","value":"//span[(text() = 'null' or . = 'null')]"}
COMMAND: POST /session/21ce62c4ecbe6d238b640e15c86407e3/elements - {"using":"xpath","value":"//span[(text() = 'null' or . = 'null')]"}
RESULT: {"using":"xpath","value":"//span[(text() = 'null' or . = 'null')]"}
COMMAND: POST /session/21ce62c4ecbe6d238b640e15c86407e3/elements - {"using":"xpath","value":"//span[(text() = 'null' or . = 'null')]"}
RESULT: {"using":"xpath","value":"//span[(text() = 'null' or . = 'null')]"}
COMMAND: POST /session/21ce62c4ecbe6d238b640e15c86407e3/elements - {"using":"xpath","value":"//span[(text() = 'null' or . = 'null')]"}
RESULT: {"using":"xpath","value":"//span[(text() = 'null' or . = 'null')]"}
COMMAND: POST /session/21ce62c4ecbe6d238b640e15c86407e3/elements - {"using":"xpath","value":"//span[(text() = 'null' or . = 'null')]"}
RESULT: {"using":"xpath","value":"//span[(text() = 'null' or . = 'null')]"}
COMMAND: POST /session/21ce62c4ecbe6d238b640e15c86407e3/elements - {"using":"xpath","value":"//span[(text() = 'null' or . = 'null')]"}
RESULT: {"using":"xpath","value":"//span[(text() = 'null' or . = 'null')]"}
COMMAND: POST /session/21ce62c4ecbe6d238b640e15c86407e3/elements - {"using":"xpath","value":"//span[(text() = 'null' or . = 'null')]"}
RESULT: {"using":"xpath","value":"//span[(text() = 'null' or . = 'null')]"}
COMMAND: POST /session/21ce62c4ecbe6d238b640e15c86407e3/elements - {"using":"xpath","value":"//span[(text() = 'null' or . = 'null')]"}
RESULT: {"using":"xpath","value":"//span[(text() = 'null' or . = 'null')]"}
COMMAND: POST /session/21ce62c4ecbe6d238b640e15c86407e3/elements - {"using":"xpath","value":"//span[(text() = 'null' or . = 'null')]"}
RESULT: {"using":"xpath","value":"//span[(text() = 'null' or . = 'null')]"}
COMMAND: POST /session/21ce62c4ecbe6d238b640e15c86407e3/elements - {"using":"xpath","value":"//span[(text() = 'null' or . = 'null')]"}
RESULT: {"using":"xpath","value":"//span[(text() = 'null' or . = 'null')]"}
COMMAND: POST /session/21ce62c4ecbe6d238b640e15c86407e3/elements - {"using":"xpath","value":"//span[(text() = 'null' or . = 'null')]"}
RESULT: {"using":"xpath","value":"//span[(text() = 'null' or . = 'null')]"}
COMMAND: POST /session/21ce62c4ecbe6d238b640e15c86407e3/elements - {"using":"xpath","value":"//span[(text() = 'null' or . = 'null')]"}
RESULT: {"using":"xpath","value":"//span[(text() = 'null' or . = 'null')]"}
COMMAND: POST /session/21ce62c4ecbe6d238b640e15c86407e3/elements - {"using":"xpath","value":"//span[(text() = 'null' or . = 'null')]"}
RESULT: {"using":"xpath","value":"//span[(text() = 'null' or . = 'null')]"}
COMMAND: POST /session/21ce62c4ecbe6d238b640e15c86407e3/elements - {"using":"xpath","value":"//span[(text() = 'null' or . = 'null')]"}
RESULT: {"using":"xpath","value":"//span[(text() = 'null' or . = 'null')]"}
COMMAND: POST /session/21ce62c4ecbe6d238b640e15c86407e3/elements - {"using":"xpath","value":"//span[(text() = 'null' or . = 'null')]"}
RESULT: {"using":"xpath","value":"//span[(text() = 'null' or . = 'null')]"}
COMMAND: POST /session/21ce62c4ecbe6d238b640e15c86407e3/elements - {"using":"xpath","value":"//span[(text() = 'null' or . = 'null')]"}
RESULT: {"using":"xpath","value":"//span[(text() = 'null' or . = 'null')]"}
COMMAND: POST /session/21ce62c4ecbe6d238b640e15c86407e3/elements - {"using":"xpath","value":"//span[(text() = 'null' or . = 'null')]"}
RESULT: {"using":"xpath","value":"//span[(text() = 'null' or . = 'null')]"}
COMMAND: POST /session/21ce62c4ecbe6d238b640e15c86407e3/elements - {"using":"xpath","value":"//span[(text() = 'null' or . = 'null')]"}
RESULT: {"using":"xpath","value":"//span[(text() = 'null' or . = 'null')]"}
COMMAND: POST /session/21ce62c4ecbe6d238b640e15c86407e3/elements - {"using":"xpath","value":"//span[(text() = 'null' or . = 'null')]"}
RESULT: {"using":"xpath","value":"//span[(text() = 'null' or . = 'null')]"}
COMMAND: POST /session/21ce62c4ecbe6d238b640e15c86407e3/elements - {"using":"xpath","value":"//span[(text() = 'null' or . = 'null')]"}
RESULT: {"using":"xpath","value":"//span[(text() = 'null' or . = 'null')]"}
COMMAND: POST /session/21ce62c4ecbe6d238b640e15c86407e3/elements - {"using":"xpath","value":"//span[(text() = 'null' or . = 'null')]"}
RESULT: {"using":"xpath","value":"//span[(text() = 'null' or . = 'null')]"}
COMMAND: POST /session/21ce62c4ecbe6d238b640e15c86407e3/elements - {"using":"xpath","value":"//span[(text() = 'null' or . = 'null')]"}
RESULT: {"using":"xpath","value":"//span[(text() = 'null' or . = 'null')]"}
COMMAND: POST /session/21ce62c4ecbe6d238b640e15c86407e3/elements - {"using":"xpath","value":"//span[(text() = 'null' or . = 'null')]"}
RESULT: {"using":"xpath","value":"//span[(text() = 'null' or . = 'null')]"}
COMMAND: POST /session/21ce62c4ecbe6d238b640e15c86407e3/elements - {"using":"xpath","value":"//span[(text() = 'null' or . = 'null')]"}
RESULT: {"using":"xpath","value":"//span[(text() = 'null' or . = 'null')]"}
COMMAND: POST /session/21ce62c4ecbe6d238b640e15c86407e3/elements - {"using":"xpath","value":"//span[(text() = 'null' or . = 'null')]"}
RESULT: {"using":"xpath","value":"//span[(text() = 'null' or . = 'null')]"}
COMMAND: POST /session/21ce62c4ecbe6d238b640e15c86407e3/elements - {"using":"xpath","value":"//span[(text() = 'null' or . = 'null')]"}
RESULT: {"using":"xpath","value":"//span[(text() = 'null' or . = 'null')]"}
COMMAND: POST /session/21ce62c4ecbe6d238b640e15c86407e3/elements - {"using":"xpath","value":"//span[(text() = 'null' or . = 'null')]"}
RESULT: {"using":"xpath","value":"//span[(text() = 'null' or . = 'null')]"}
COMMAND: POST /session/21ce62c4ecbe6d238b640e15c86407e3/elements - {"using":"xpath","value":"//span[(text() = 'null' or . = 'null')]"}
RESULT: {"using":"xpath","value":"//span[(text() = 'null' or . = 'null')]"}
COMMAND: POST /session/21ce62c4ecbe6d238b640e15c86407e3/elements - {"using":"xpath","value":"//span[(text() = 'null' or . = 'null')]"}
RESULT: {"using":"xpath","value":"//span[(text() = 'null' or . = 'null')]"}
COMMAND: POST /session/21ce62c4ecbe6d238b640e15c86407e3/elements - {"using":"xpath","value":"//span[(text() = 'null' or . = 'null')]"}
RESULT: {"using":"xpath","value":"//span[(text() = 'null' or . = 'null')]"}
COMMAND: POST /session/21ce62c4ecbe6d238b640e15c86407e3/elements - {"using":"xpath","value":"//span[(text() = 'null' or . = 'null')]"}
RESULT: {"using":"xpath","value":"//span[(text() = 'null' or . = 'null')]"}
COMMAND: POST /session/21ce62c4ecbe6d238b640e15c86407e3/elements - {"using":"xpath","value":"//span[(text() = 'null' or . = 'null')]"}
RESULT: {"using":"xpath","value":"//span[(text() = 'null' or . = 'null')]"}
COMMAND: POST /session/21ce62c4ecbe6d238b640e15c86407e3/elements - {"using":"xpath","value":"//span[(text() = 'null' or . = 'null')]"}
RESULT: {"using":"xpath","value":"//span[(text() = 'null' or . = 'null')]"}
COMMAND: POST /session/21ce62c4ecbe6d238b640e15c86407e3/elements - {"using":"xpath","value":"//span[(text() = 'null' or . = 'null')]"}
RESULT: {"using":"xpath","value":"//span[(text() = 'null' or . = 'null')]"}
COMMAND: POST /session/21ce62c4ecbe6d238b640e15c86407e3/elements - {"using":"xpath","value":"//span[(text() = 'null' or . = 'null')]"}
RESULT: {"using":"xpath","value":"//span[(text() = 'null' or . = 'null')]"}
COMMAND: POST /session/21ce62c4ecbe6d238b640e15c86407e3/elements - {"using":"xpath","value":"//span[(text() = 'null' or . = 'null')]"}
RESULT: {"using":"xpath","value":"//span[(text() = 'null' or . = 'null')]"}
COMMAND: POST /session/21ce62c4ecbe6d238b640e15c86407e3/elements - {"using":"xpath","value":"//span[(text() = 'null' or . = 'null')]"}
RESULT: {"using":"xpath","value":"//span[(text() = 'null' or . = 'null')]"}
COMMAND: POST /session/21ce62c4ecbe6d238b640e15c86407e3/elements - {"using":"xpath","value":"//span[(text() = 'null' or . = 'null')]"}
RESULT: {"using":"xpath","value":"//span[(text() = 'null' or . = 'null')]"}
COMMAND: POST /session/21ce62c4ecbe6d238b640e15c86407e3/elements - {"using":"xpath","value":"//span[(text() = 'null' or . = 'null')]"}
RESULT: {"using":"xpath","value":"//span[(text() = 'null' or . = 'null')]"}
COMMAND: POST /session/21ce62c4ecbe6d238b640e15c86407e3/elements - {"using":"xpath","value":"//span[(text() = 'null' or . = 'null')]"}
RESULT: {"using":"xpath","value":"//span[(text() = 'null' or . = 'null')]"}
COMMAND: POST /session/21ce62c4ecbe6d238b640e15c86407e3/elements - {"using":"xpath","value":"//span[(text() = 'null' or . = 'null')]"}
RESULT: {"using":"xpath","value":"//span[(text() = 'null' or . = 'null')]"}
COMMAND: POST /session/21ce62c4ecbe6d238b640e15c86407e3/elements - {"using":"xpath","value":"//span[(text() = 'null' or . = 'null')]"}
RESULT: {"using":"xpath","value":"//span[(text() = 'null' or . = 'null')]"}
COMMAND: POST /session/21ce62c4ecbe6d238b640e15c86407e3/elements - {"using":"xpath","value":"//span[(text() = 'null' or . = 'null')]"}
RESULT: {"using":"xpath","value":"//span[(text() = 'null' or . = 'null')]"}
COMMAND: POST /session/21ce62c4ecbe6d238b640e15c86407e3/elements - {"using":"xpath","value":"//span[(text() = 'null' or . = 'null')]"}
RESULT: {"using":"xpath","value":"//span[(text() = 'null' or . = 'null')]"}
COMMAND: POST /session/21ce62c4ecbe6d238b640e15c86407e3/elements - {"using":"xpath","value":"//span[(text() = 'null' or . = 'null')]"}
RESULT: {"using":"xpath","value":"//span[(text() = 'null' or . = 'null')]"}
COMMAND: POST /session/21ce62c4ecbe6d238b640e15c86407e3/elements - {"using":"xpath","value":"//span[(text() = 'null' or . = 'null')]"}
RESULT: {"using":"xpath","value":"//span[(text() = 'null' or . = 'null')]"}
COMMAND: POST /session/21ce62c4ecbe6d238b640e15c86407e3/elements - {"using":"xpath","value":"//span[(text() = 'null' or . = 'null')]"}
RESULT: {"using":"xpath","value":"//span[(text() = 'null' or . = 'null')]"}
COMMAND: POST /session/21ce62c4ecbe6d238b640e15c86407e3/elements - {"using":"xpath","value":"//span[(text() = 'null' or . = 'null')]"}
RESULT: {"using":"xpath","value":"//span[(text() = 'null' or . = 'null')]"}
COMMAND: POST /session/21ce62c4ecbe6d238b640e15c86407e3/elements - {"using":"xpath","value":"//span[(text() = 'null' or . = 'null')]"}
RESULT: {"using":"xpath","value":"//span[(text() = 'null' or . = 'null')]"}
COMMAND: POST /session/21ce62c4ecbe6d238b640e15c86407e3/elements - {"using":"xpath","value":"//span[(text() = 'null' or . = 'null')]"}
RESULT: {"using":"xpath","value":"//span[(text() = 'null' or . = 'null')]"}
COMMAND: POST /session/21ce62c4ecbe6d238b640e15c86407e3/elements - {"using":"xpath","value":"//span[(text() = 'null' or . = 'null')]"}
RESULT: {"using":"xpath","value":"//span[(text() = 'null' or . = 'null')]"}
COMMAND: POST /session/21ce62c4ecbe6d238b640e15c86407e3/elements - {"using":"xpath","value":"//span[(text() = 'null' or . = 'null')]"}
RESULT: {"using":"xpath","value":"//span[(text() = 'null' or . = 'null')]"}
COMMAND: POST /session/21ce62c4ecbe6d238b640e15c86407e3/elements - {"using":"xpath","value":"//span[(text() = 'null' or . = 'null')]"}
RESULT: {"using":"xpath","value":"//span[(text() = 'null' or . = 'null')]"}
COMMAND: POST /session/21ce62c4ecbe6d238b640e15c86407e3/elements - {"using":"xpath","value":"//span[(text() = 'null' or . = 'null')]"}
RESULT: {"using":"xpath","value":"//span[(text() = 'null' or . = 'null')]"}
COMMAND: POST /session/21ce62c4ecbe6d238b640e15c86407e3/elements - {"using":"xpath","value":"//span[(text() = 'null' or . = 'null')]"}
RESULT: {"using":"xpath","value":"//span[(text() = 'null' or . = 'null')]"}
COMMAND: POST /session/21ce62c4ecbe6d238b640e15c86407e3/elements - {"using":"xpath","value":"//span[(text() = 'null' or . = 'null')]"}
RESULT: {"using":"xpath","value":"//span[(text() = 'null' or . = 'null')]"}
COMMAND: POST /session/21ce62c4ecbe6d238b640e15c86407e3/elements - {"using":"xpath","value":"//span[(text() = 'null' or . = 'null')]"}
RESULT: {"using":"xpath","value":"//span[(text() = 'null' or . = 'null')]"}
COMMAND: POST /session/21ce62c4ecbe6d238b640e15c86407e3/elements - {"using":"xpath","value":"//span[(text() = 'null' or . = 'null')]"}
RESULT: {"using":"xpath","value":"//span[(text() = 'null' or . = 'null')]"}
COMMAND: POST /session/21ce62c4ecbe6d238b640e15c86407e3/elements - {"using":"xpath","value":"//span[(text() = 'null' or . = 'null')]"}
RESULT: {"using":"xpath","value":"//span[(text() = 'null' or . = 'null')]"}
COMMAND: POST /session/21ce62c4ecbe6d238b640e15c86407e3/elements - {"using":"xpath","value":"//span[(text() = 'null' or . = 'null')]"}
RESULT: {"using":"xpath","value":"//span[(text() = 'null' or . = 'null')]"}
COMMAND: POST /session/21ce62c4ecbe6d238b640e15c86407e3/elements - {"using":"xpath","value":"//span[(text() = 'null' or . = 'null')]"}
RESULT: {"using":"xpath","value":"//span[(text() = 'null' or . = 'null')]"}
COMMAND: POST /session/21ce62c4ecbe6d238b640e15c86407e3/elements - {"using":"xpath","value":"//span[(text() = 'null' or . = 'null')]"}
RESULT: {"using":"xpath","value":"//span[(text() = 'null' or . = 'null')]"}
COMMAND: POST /session/21ce62c4ecbe6d238b640e15c86407e3/elements - {"using":"xpath","value":"//span[(text() = 'null' or . = 'null')]"}
RESULT: {"using":"xpath","value":"//span[(text() = 'null' or . = 'null')]"}
COMMAND: POST /session/21ce62c4ecbe6d238b640e15c86407e3/elements - {"using":"xpath","value":"//span[(text() = 'null' or . = 'null')]"}
RESULT: {"using":"xpath","value":"//span[(text() = 'null' or . = 'null')]"}
COMMAND: POST /session/21ce62c4ecbe6d238b640e15c86407e3/elements - {"using":"xpath","value":"//span[(text() = 'null' or . = 'null')]"}
RESULT: {"using":"xpath","value":"//span[(text() = 'null' or . = 'null')]"}
COMMAND: POST /session/21ce62c4ecbe6d238b640e15c86407e3/elements - {"using":"xpath","value":"//span[(text() = 'null' or . = 'null')]"}
RESULT: {"using":"xpath","value":"//span[(text() = 'null' or . = 'null')]"}
COMMAND: POST /session/21ce62c4ecbe6d238b640e15c86407e3/elements - {"using":"xpath","value":"//span[(text() = 'null' or . = 'null')]"}
COMMAND: GET /session/21ce62c4ecbe6d238b640e15c86407e3/screenshot - {}
RESULT: {"using":"xpath","value":"//span[(text() = 'null' or . = 'null')]"}
RESULT: {}
COMMAND: POST /session/21ce62c4ecbe6d238b640e15c86407e3/element - {"using":"css selector","value":"#j_username"}
COMMAND: POST /session/21ce62c4ecbe6d238b640e15c86407e3/url - {"url":"https://qa-testing-00-live-etm-ui.cfapps.eu10-004.hana.ondemand.com/"}
COMMAND: GET /session/21ce62c4ecbe6d238b640e15c86407e3/screenshot - {}
COMMAND: GET /session/21ce62c4ecbe6d238b640e15c86407e3/screenshot - {}
RESULT: {"url":"https://qa-testing-00-live-etm-ui.cfapps.eu10-004.hana.ondemand.com/"}
RESULT: undefined
COMMAND: GET /session/21ce62c4ecbe6d238b640e15c86407e3/screenshot - {}
RESULT: {"using":"css selector","value":"#j_username"}
COMMAND: POST /session/21ce62c4ecbe6d238b640e15c86407e3/element - {"using":"css selector","value":"#j_username"}
RESULT: {}
RESULT: {}
RESULT: {}
RESULT: {"using":"css selector","value":"#j_username"}
COMMAND: POST /session/21ce62c4ecbe6d238b640e15c86407e3/element - {"using":"css selector","value":"#shell-header-logo"}
RESULT: {"using":"css selector","value":"#shell-header-logo"}
COMMAND: POST /session/21ce62c4ecbe6d238b640e15c86407e3/execute/sync - {"script":"<script> [8489 bytes]","args":[{"element-6066-11e4-a52e-4f735466cecf":"f.93D217436D6DD50F1CAF1D433A497FC6.d.207438013A7C49C570B179B2DBA619B2.e.5004","ELEMENT":"f.93D217436D6DD50F1CAF1D433A497FC6.d.207438013A7C49C570B179B2DBA619B2.e.5004"}]}
RESULT: {"script":"<script> [8489 bytes]","args":[{"element-6066-11e4-a52e-4f735466cecf":"f.93D217436D6DD50F1CAF1D433A497FC6.d.207438013A7C49C570B179B2DBA619B2.e.5004","ELEMENT":"f.93D217436D6DD50F1CAF1D433A497FC6.d.207438013A7C49C570B179B2DBA619B2.e.5004"}]}
COMMAND: POST /session/21ce62c4ecbe6d238b640e15c86407e3/element - {"using":"css selector","value":"#shell-header-logo"}
COMMAND: GET /session/21ce62c4ecbe6d238b640e15c86407e3/screenshot - {}
RESULT: {"using":"css selector","value":"#shell-header-logo"}
COMMAND: POST /session/21ce62c4ecbe6d238b640e15c86407e3/execute/sync - {"script":"<script> [8489 bytes]","args":[{"element-6066-11e4-a52e-4f735466cecf":"f.93D217436D6DD50F1CAF1D433A497FC6.d.207438013A7C49C570B179B2DBA619B2.e.5004","ELEMENT":"f.93D217436D6DD50F1CAF1D433A497FC6.d.207438013A7C49C570B179B2DBA619B2.e.5004"}]}
RESULT: {}
RESULT: {"script":"<script> [8489 bytes]","args":[{"element-6066-11e4-a52e-4f735466cecf":"f.93D217436D6DD50F1CAF1D433A497FC6.d.207438013A7C49C570B179B2DBA619B2.e.5004","ELEMENT":"f.93D217436D6DD50F1CAF1D433A497FC6.d.207438013A7C49C570B179B2DBA619B2.e.5004"}]}
COMMAND: POST /session/21ce62c4ecbe6d238b640e15c86407e3/execute/sync - {"script":"<script> [5351 bytes]","args":[{"element-6066-11e4-a52e-4f735466cecf":"f.93D217436D6DD50F1CAF1D433A497FC6.d.207438013A7C49C570B179B2DBA619B2.e.5004","ELEMENT":"f.93D217436D6DD50F1CAF1D433A497FC6.d.207438013A7C49C570B179B2DBA619B2.e.5004"}]}
COMMAND: GET /session/21ce62c4ecbe6d238b640e15c86407e3/screenshot - {}
RESULT: {"script":"<script> [5351 bytes]","args":[{"element-6066-11e4-a52e-4f735466cecf":"f.93D217436D6DD50F1CAF1D433A497FC6.d.207438013A7C49C570B179B2DBA619B2.e.5004","ELEMENT":"f.93D217436D6DD50F1CAF1D433A497FC6.d.207438013A7C49C570B179B2DBA619B2.e.5004"}]}
COMMAND: POST /session/21ce62c4ecbe6d238b640e15c86407e3/element - {"using":"css selector","value":"#shell-header-logo"}
COMMAND: GET /session/21ce62c4ecbe6d238b640e15c86407e3/screenshot - {}
RESULT: {}
RESULT: {"using":"css selector","value":"#shell-header-logo"}
COMMAND: POST /session/21ce62c4ecbe6d238b640e15c86407e3/element/f.93D217436D6DD50F1CAF1D433A497FC6.d.207438013A7C49C570B179B2DBA619B2.e.5004/click - {}
RESULT: {}
RESULT: {}
COMMAND: GET /session/21ce62c4ecbe6d238b640e15c86407e3/screenshot - {}
RESULT: {}
COMMAND: POST /session/21ce62c4ecbe6d238b640e15c86407e3/execute/async - {"script":"<script> [189 bytes]","args":[]}
RESULT: {"script":"<script> [189 bytes]","args":[]}
COMMAND: POST /session/21ce62c4ecbe6d238b640e15c86407e3/execute/async - {"script":"<script> [123 bytes]","args":[]}
RESULT: {"script":"<script> [123 bytes]","args":[]}
COMMAND: POST /session/21ce62c4ecbe6d238b640e15c86407e3/timeouts - {"script":"<number>"}
RESULT: {"script":"<number>"}
COMMAND: GET /session/21ce62c4ecbe6d238b640e15c86407e3/timeouts - {}
RESULT: {}
RESULT: undefined
COMMAND: POST /session/21ce62c4ecbe6d238b640e15c86407e3/execute/async - {"script":"<script> [2676 bytes]","args":[]}
RESULT: {"script":"<script> [2676 bytes]","args":[]}
COMMAND: POST /session/21ce62c4ecbe6d238b640e15c86407e3/execute/async - {"script":"<script> [2342 bytes]","args":[{"protocol":"http","hostname":"0.0.0.0","path":"/","capabilities":{"browserName":"chrome","goog:chromeOptions":{"binary":"C:\\Program Files\\Google\\Chrome\\Application\\chrome.exe","args":["--start-maximized"]}},"logLevel":"warn","connectionRetryTimeout":120000,"connectionRetryCount":3,"logLevels":{},"enableDirectConnect":true,"strictSSL":true,"_":"65 more keys: [\"cacheDir\",\"port\",\"requestedCapabilities\",\"automationProtocol\",\"baseUrl\",\"waitforInterval\",\"waitforTimeout\",\"onReload\",\"beforeCommand\",\"afterCommand\",\"rootDir\",\"specs\",\"suites\",\"exclude\",\"groupLogsByTestSpec\",\"excludeDriverLogs\",\"bail\",\"framework\",\"reporters\",\"services\",\"maxInstances\",\"maxInstancesPerCapability\",\"injectGlobals\",\"filesToWatch\",\"execArgv\",\"runnerEnv\",\"runner\",\"shard\",\"specFileRetries\",\"specFileRetriesDelay\",\"specFileRetriesDeferred\",\"reporterSyncInterval\",\"reporterSyncTimeout\",\"cucumberFeaturesWithLineNumbers\",\"autoCompileOpts\",\"mochaOpts\",\"jasmineOpts\",\"cucumberOpts\",\"onPrepare\",\"onWorkerStart\",\"onWorkerEnd\",\"before\",\"beforeSession\",\"beforeSuite\",\"beforeHook\",\"beforeTest\",\"afterTest\",\"afterHook\",\"afterSuite\",\"afterSession\",\"after\",\"onComplete\",\"beforeAssertion\",\"afterAssertion\",\"beforeFeature\",\"beforeScenario\",\"beforeStep\",\"afterStep\",\"afterScenario\",\"afterFeature\",\"_\",\"suite\",\"$0\",\"ignoredWorkerServices\",\"wdi5\"]"}]}
RESULT: {"script":"<script> [2342 bytes]","args":[{"protocol":"http","hostname":"0.0.0.0","path":"/","capabilities":{"browserName":"chrome","goog:chromeOptions":{"binary":"C:\\Program Files\\Google\\Chrome\\Application\\chrome.exe","args":["--start-maximized"]}},"logLevel":"warn","connectionRetryTimeout":120000,"connectionRetryCount":3,"logLevels":{},"enableDirectConnect":true,"strictSSL":true,"_":"65 more keys: [\"cacheDir\",\"port\",\"requestedCapabilities\",\"automationProtocol\",\"baseUrl\",\"waitforInterval\",\"waitforTimeout\",\"onReload\",\"beforeCommand\",\"afterCommand\",\"rootDir\",\"specs\",\"suites\",\"exclude\",\"groupLogsByTestSpec\",\"excludeDriverLogs\",\"bail\",\"framework\",\"reporters\",\"services\",\"maxInstances\",\"maxInstancesPerCapability\",\"injectGlobals\",\"filesToWatch\",\"execArgv\",\"runnerEnv\",\"runner\",\"shard\",\"specFileRetries\",\"specFileRetriesDelay\",\"specFileRetriesDeferred\",\"reporterSyncInterval\",\"reporterSyncTimeout\",\"cucumberFeaturesWithLineNumbers\",\"autoCompileOpts\",\"mochaOpts\",\"jasmineOpts\",\"cucumberOpts\",\"onPrepare\",\"onWorkerStart\",\"onWorkerEnd\",\"before\",\"beforeSession\",\"beforeSuite\",\"beforeHook\",\"beforeTest\",\"afterTest\",\"afterHook\",\"afterSuite\",\"afterSession\",\"after\",\"onComplete\",\"beforeAssertion\",\"afterAssertion\",\"beforeFeature\",\"beforeScenario\",\"beforeStep\",\"afterStep\",\"afterScenario\",\"afterFeature\",\"_\",\"suite\",\"$0\",\"ignoredWorkerServices\",\"wdi5\"]"}]}
COMMAND: POST /session/21ce62c4ecbe6d238b640e15c86407e3/execute/async - {"script":"<script> [21126 bytes]","args":[35000]}
RESULT: {"script":"<script> [21126 bytes]","args":[35000]}
COMMAND: POST /session/21ce62c4ecbe6d238b640e15c86407e3/window/maximize - {}
RESULT: {}
COMMAND: POST /session/21ce62c4ecbe6d238b640e15c86407e3/execute/async - {"script":"<script> [1562 bytes]","args":[{"selector":{"id":"shell-header","interaction":{"idSuffix":"icon"}},"wdio_ui5_key":"shellheader"}]}
COMMAND: GET /session/21ce62c4ecbe6d238b640e15c86407e3/screenshot - {}
RESULT: {"script":"<script> [1562 bytes]","args":[{"selector":{"id":"shell-header","interaction":{"idSuffix":"icon"}},"wdio_ui5_key":"shellheader"}]}
RESULT: undefined
COMMAND: POST /session/21ce62c4ecbe6d238b640e15c86407e3/window/fullscreen - {}
RESULT: {}
RESULT: {}
]]></system-out>
      <system-err><![CDATA[
Error: Can't call click on element with selector "//span[(text() = 'null' or . = 'null')]" because element wasn't found
    at async Context.<anonymous> (D:\a\1\s\test\specs\HTR\provide-to-site-w-warehouse-w-clarification.spec.js:381:9)
]]></system-err>
    </testcase>
  </testsuite>
  <testsuite timestamp="2025-05-31T16:41:00" time="156.971" tests="6" failures="0" errors="0" skipped="0">
    <properties>
      <property name="specId" value="0"/>
      <property name="suiteName" value="Provide to Site w/ warehouse management w/o clarification US113782 "/>
      <property name="capabilities" value="chrome.136_0_7103_93.windows"/>
      <property name="file" value="file:///D:/a/1/s/test/specs/HTR/provide-to-site-w-warehouse-wo-clarification.spec.js"/>
    </properties>
    <testcase classname="chrome.136_0_7103_93.windows.Provide_to_Site_w/_warehouse_management_w/o_clarification_US113782_" name="Should create a new WHM yard" time="0.021">
      <system-out><![CDATA[
COMMAND: POST /session/21ce62c4ecbe6d238b640e15c86407e3/window/fullscreen - {}
RESULT: {}
]]></system-out>
    </testcase>
    <testcase classname="chrome.136_0_7103_93.windows.Provide_to_Site_w/_warehouse_management_w/o_clarification_US113782_" name="Should create a new external WHM partner" time="0.004"/>
    <testcase classname="chrome.136_0_7103_93.windows.Provide_to_Site_w/_warehouse_management_w/o_clarification_US113782_" name="Should create a new WHM site" time="0.004"/>
    <testcase classname="chrome.136_0_7103_93.windows.Provide_to_Site_w/_warehouse_management_w/o_clarification_US113782_" name="Should create a new material" time="135.801">
      <system-out><![CDATA[
COMMAND: POST /session/21ce62c4ecbe6d238b640e15c86407e3/execute/async - {"script":"<script> [1562 bytes]","args":[{"selector":{"controlType":"sap.m.GenericTile","properties":{"header":"Manage Resources"}},"wdio_ui5_key":"sapm.GenericTile{\"header\":\"Manage Resources\"}"}]}
RESULT: {"script":"<script> [1562 bytes]","args":[{"selector":{"controlType":"sap.m.GenericTile","properties":{"header":"Manage Resources"}},"wdio_ui5_key":"sapm.GenericTile{\"header\":\"Manage Resources\"}"}]}
RESULT: undefined
COMMAND: POST /session/21ce62c4ecbe6d238b640e15c86407e3/element - {"using":"xpath","value":"//*[@id=\"__tile31\"]"}
RESULT: {"using":"xpath","value":"//*[@id=\"__tile31\"]"}
COMMAND: POST /session/21ce62c4ecbe6d238b640e15c86407e3/element/f.93D217436D6DD50F1CAF1D433A497FC6.d.207438013A7C49C570B179B2DBA619B2.e.5020/click - {}
RESULT: {}
COMMAND: GET /session/21ce62c4ecbe6d238b640e15c86407e3/screenshot - {}
COMMAND: POST /session/21ce62c4ecbe6d238b640e15c86407e3/elements - {"using":"xpath","value":"//span[text()='Error']"}
RESULT: {}
RESULT: {"using":"xpath","value":"//span[text()='Error']"}
COMMAND: POST /session/21ce62c4ecbe6d238b640e15c86407e3/element - {"using":"xpath","value":"//button[@data-kt=\"addNewRUOverflowToolbarButton\"]"}
RESULT: {"using":"xpath","value":"//button[@data-kt=\"addNewRUOverflowToolbarButton\"]"}
COMMAND: POST /session/21ce62c4ecbe6d238b640e15c86407e3/elements - {"using":"xpath","value":"//button[@data-kt=\"addNewRUOverflowToolbarButton\"]"}
RESULT: {"using":"xpath","value":"//button[@data-kt=\"addNewRUOverflowToolbarButton\"]"}
COMMAND: POST /session/21ce62c4ecbe6d238b640e15c86407e3/element - {"using":"xpath","value":"//button[@data-kt=\"addNewRUOverflowToolbarButton\"]"}
RESULT: {"using":"xpath","value":"//button[@data-kt=\"addNewRUOverflowToolbarButton\"]"}
COMMAND: POST /session/21ce62c4ecbe6d238b640e15c86407e3/execute/sync - {"script":"<script> [8489 bytes]","args":[{"element-6066-11e4-a52e-4f735466cecf":"f.93D217436D6DD50F1CAF1D433A497FC6.d.207438013A7C49C570B179B2DBA619B2.e.5162","ELEMENT":"f.93D217436D6DD50F1CAF1D433A497FC6.d.207438013A7C49C570B179B2DBA619B2.e.5162"}]}
RESULT: {"script":"<script> [8489 bytes]","args":[{"element-6066-11e4-a52e-4f735466cecf":"f.93D217436D6DD50F1CAF1D433A497FC6.d.207438013A7C49C570B179B2DBA619B2.e.5162","ELEMENT":"f.93D217436D6DD50F1CAF1D433A497FC6.d.207438013A7C49C570B179B2DBA619B2.e.5162"}]}
COMMAND: GET /session/21ce62c4ecbe6d238b640e15c86407e3/element/f.93D217436D6DD50F1CAF1D433A497FC6.d.207438013A7C49C570B179B2DBA619B2.e.5162/enabled - {}
COMMAND: GET /session/21ce62c4ecbe6d238b640e15c86407e3/screenshot - {}
RESULT: {}
COMMAND: POST /session/21ce62c4ecbe6d238b640e15c86407e3/execute/sync - {"script":"<script> [8489 bytes]","args":[{"element-6066-11e4-a52e-4f735466cecf":"f.93D217436D6DD50F1CAF1D433A497FC6.d.207438013A7C49C570B179B2DBA619B2.e.5162","ELEMENT":"f.93D217436D6DD50F1CAF1D433A497FC6.d.207438013A7C49C570B179B2DBA619B2.e.5162"}]}
COMMAND: GET /session/21ce62c4ecbe6d238b640e15c86407e3/screenshot - {}
RESULT: {}
RESULT: {"script":"<script> [8489 bytes]","args":[{"element-6066-11e4-a52e-4f735466cecf":"f.93D217436D6DD50F1CAF1D433A497FC6.d.207438013A7C49C570B179B2DBA619B2.e.5162","ELEMENT":"f.93D217436D6DD50F1CAF1D433A497FC6.d.207438013A7C49C570B179B2DBA619B2.e.5162"}]}
COMMAND: POST /session/21ce62c4ecbe6d238b640e15c86407e3/execute/sync - {"script":"<script> [5351 bytes]","args":[{"element-6066-11e4-a52e-4f735466cecf":"f.93D217436D6DD50F1CAF1D433A497FC6.d.207438013A7C49C570B179B2DBA619B2.e.5162","ELEMENT":"f.93D217436D6DD50F1CAF1D433A497FC6.d.207438013A7C49C570B179B2DBA619B2.e.5162"}]}
COMMAND: GET /session/21ce62c4ecbe6d238b640e15c86407e3/screenshot - {}
RESULT: {}
RESULT: {"script":"<script> [5351 bytes]","args":[{"element-6066-11e4-a52e-4f735466cecf":"f.93D217436D6DD50F1CAF1D433A497FC6.d.207438013A7C49C570B179B2DBA619B2.e.5162","ELEMENT":"f.93D217436D6DD50F1CAF1D433A497FC6.d.207438013A7C49C570B179B2DBA619B2.e.5162"}]}
COMMAND: POST /session/21ce62c4ecbe6d238b640e15c86407e3/element/f.93D217436D6DD50F1CAF1D433A497FC6.d.207438013A7C49C570B179B2DBA619B2.e.5162/click - {}
COMMAND: GET /session/21ce62c4ecbe6d238b640e15c86407e3/screenshot - {}
RESULT: {}
RESULT: {}
COMMAND: GET /session/21ce62c4ecbe6d238b640e15c86407e3/screenshot - {}
COMMAND: POST /session/21ce62c4ecbe6d238b640e15c86407e3/execute/async - {"script":"<script> [1562 bytes]","args":[{"selector":{"id":"application-manageresources-display-component---newResourceUnit--TYPE-arrow"},"wdio_ui5_key":"applicationmanageresources-display-component---newResourceUnit--TYPE-arrow"}]}
RESULT: {}
RESULT: {}
RESULT: {"script":"<script> [1562 bytes]","args":[{"selector":{"id":"application-manageresources-display-component---newResourceUnit--TYPE-arrow"},"wdio_ui5_key":"applicationmanageresources-display-component---newResourceUnit--TYPE-arrow"}]}
RESULT: undefined
COMMAND: POST /session/21ce62c4ecbe6d238b640e15c86407e3/element - {"using":"xpath","value":"//*[@id=\"application-manageresources-display-component---newResourceUnit--TYPE-arrow\"]"}
RESULT: {"using":"xpath","value":"//*[@id=\"application-manageresources-display-component---newResourceUnit--TYPE-arrow\"]"}
COMMAND: POST /session/21ce62c4ecbe6d238b640e15c86407e3/element/f.93D217436D6DD50F1CAF1D433A497FC6.d.207438013A7C49C570B179B2DBA619B2.e.5510/click - {}
RESULT: {}
COMMAND: POST /session/21ce62c4ecbe6d238b640e15c86407e3/element - {"using":"xpath","value":"//input[@id=\"application-manageresources-display-component---newResourceUnit--TYPE-inner\"]"}
COMMAND: GET /session/21ce62c4ecbe6d238b640e15c86407e3/screenshot - {}
RESULT: {"using":"xpath","value":"//input[@id=\"application-manageresources-display-component---newResourceUnit--TYPE-inner\"]"}
COMMAND: POST /session/21ce62c4ecbe6d238b640e15c86407e3/element/f.93D217436D6DD50F1CAF1D433A497FC6.d.207438013A7C49C570B179B2DBA619B2.e.5501/clear - {}
RESULT: {}
RESULT: {}
COMMAND: POST /session/21ce62c4ecbe6d238b640e15c86407e3/element/f.93D217436D6DD50F1CAF1D433A497FC6.d.207438013A7C49C570B179B2DBA619B2.e.5501/value - {"text":"Material"}
COMMAND: GET /session/21ce62c4ecbe6d238b640e15c86407e3/screenshot - {}
RESULT: {"text":"Material"}
COMMAND: GET /session/21ce62c4ecbe6d238b640e15c86407e3/screenshot - {}
RESULT: {}
RESULT: {}
COMMAND: POST /session/21ce62c4ecbe6d238b640e15c86407e3/actions - {"actions":[{"id":"action21","type":"key","parameters":{},"actions":[{"type":"keyDown","value":""},{"type":"pause","duration":10},{"type":"keyUp","value":""}]}]}
RESULT: {"actions":[{"id":"action21","type":"key","parameters":{},"actions":[{"type":"keyDown","value":""},{"type":"pause","duration":10},{"type":"keyUp","value":""}]}]}
COMMAND: POST /session/21ce62c4ecbe6d238b640e15c86407e3/execute/async - {"script":"<script> [1562 bytes]","args":[{"selector":{"id":"application-manageresources-display-component---newResourceUnit--SHORT_TEXT","interaction":{"idSuffix":"inner"}},"wdio_ui5_key":"applicationmanageresources-display-component---newResourceUnit--SHORT_TEXT"}]}
COMMAND: GET /session/21ce62c4ecbe6d238b640e15c86407e3/screenshot - {}
RESULT: {"script":"<script> [1562 bytes]","args":[{"selector":{"id":"application-manageresources-display-component---newResourceUnit--SHORT_TEXT","interaction":{"idSuffix":"inner"}},"wdio_ui5_key":"applicationmanageresources-display-component---newResourceUnit--SHORT_TEXT"}]}
RESULT: undefined
COMMAND: POST /session/21ce62c4ecbe6d238b640e15c86407e3/execute/async - {"script":"<script> [776 bytes]","args":[{"enterText":"Cement WDIO","selector":{"id":"application-manageresources-display-component---newResourceUnit--SHORT_TEXT","interaction":{"idSuffix":"inner"}},"clearTextFirst":true,"interactionType":"ENTER_TEXT"}]}
RESULT: {}
RESULT: {"script":"<script> [776 bytes]","args":[{"enterText":"Cement WDIO","selector":{"id":"application-manageresources-display-component---newResourceUnit--SHORT_TEXT","interaction":{"idSuffix":"inner"}},"clearTextFirst":true,"interactionType":"ENTER_TEXT"}]}
COMMAND: POST /session/21ce62c4ecbe6d238b640e15c86407e3/execute/async - {"script":"<script> [1562 bytes]","args":[{"selector":{"id":"application-manageresources-display-component---newResourceUnit--BASE_UNIT_OF_MEASURE","interaction":{"idSuffix":"inner"}},"wdio_ui5_key":"applicationmanageresources-display-component---newResourceUnit--BASE_UNIT_OF_MEASURE"}]}
RESULT: {"script":"<script> [1562 bytes]","args":[{"selector":{"id":"application-manageresources-display-component---newResourceUnit--BASE_UNIT_OF_MEASURE","interaction":{"idSuffix":"inner"}},"wdio_ui5_key":"applicationmanageresources-display-component---newResourceUnit--BASE_UNIT_OF_MEASURE"}]}
RESULT: undefined
COMMAND: POST /session/21ce62c4ecbe6d238b640e15c86407e3/execute/async - {"script":"<script> [776 bytes]","args":[{"enterText":"Piece","selector":{"id":"application-manageresources-display-component---newResourceUnit--BASE_UNIT_OF_MEASURE","interaction":{"idSuffix":"inner"}},"clearTextFirst":true,"interactionType":"ENTER_TEXT"}]}
RESULT: {"script":"<script> [776 bytes]","args":[{"enterText":"Piece","selector":{"id":"application-manageresources-display-component---newResourceUnit--BASE_UNIT_OF_MEASURE","interaction":{"idSuffix":"inner"}},"clearTextFirst":true,"interactionType":"ENTER_TEXT"}]}
COMMAND: POST /session/21ce62c4ecbe6d238b640e15c86407e3/execute/async - {"script":"<script> [1562 bytes]","args":[{"selector":{"id":"application-manageresources-display-component---newResourceUnit--WEIGHT_UNIT","interaction":{"idSuffix":"inner"}},"wdio_ui5_key":"applicationmanageresources-display-component---newResourceUnit--WEIGHT_UNIT"}]}
RESULT: {"script":"<script> [1562 bytes]","args":[{"selector":{"id":"application-manageresources-display-component---newResourceUnit--WEIGHT_UNIT","interaction":{"idSuffix":"inner"}},"wdio_ui5_key":"applicationmanageresources-display-component---newResourceUnit--WEIGHT_UNIT"}]}
RESULT: undefined
COMMAND: POST /session/21ce62c4ecbe6d238b640e15c86407e3/execute/async - {"script":"<script> [776 bytes]","args":[{"enterText":"Gram","selector":{"id":"application-manageresources-display-component---newResourceUnit--WEIGHT_UNIT","interaction":{"idSuffix":"inner"}},"clearTextFirst":true,"interactionType":"ENTER_TEXT"}]}
RESULT: {"script":"<script> [776 bytes]","args":[{"enterText":"Gram","selector":{"id":"application-manageresources-display-component---newResourceUnit--WEIGHT_UNIT","interaction":{"idSuffix":"inner"}},"clearTextFirst":true,"interactionType":"ENTER_TEXT"}]}
COMMAND: POST /session/21ce62c4ecbe6d238b640e15c86407e3/execute/async - {"script":"<script> [1562 bytes]","args":[{"selector":{"id":"application-manageresources-display-component---newResourceUnit--DIMENSION_UNIT","interaction":{"idSuffix":"inner"}},"wdio_ui5_key":"applicationmanageresources-display-component---newResourceUnit--DIMENSION_UNIT"}]}
RESULT: {"script":"<script> [1562 bytes]","args":[{"selector":{"id":"application-manageresources-display-component---newResourceUnit--DIMENSION_UNIT","interaction":{"idSuffix":"inner"}},"wdio_ui5_key":"applicationmanageresources-display-component---newResourceUnit--DIMENSION_UNIT"}]}
RESULT: undefined
COMMAND: POST /session/21ce62c4ecbe6d238b640e15c86407e3/execute/async - {"script":"<script> [776 bytes]","args":[{"enterText":"Meter","selector":{"id":"application-manageresources-display-component---newResourceUnit--DIMENSION_UNIT","interaction":{"idSuffix":"inner"}},"clearTextFirst":true,"interactionType":"ENTER_TEXT"}]}
RESULT: {"script":"<script> [776 bytes]","args":[{"enterText":"Meter","selector":{"id":"application-manageresources-display-component---newResourceUnit--DIMENSION_UNIT","interaction":{"idSuffix":"inner"}},"clearTextFirst":true,"interactionType":"ENTER_TEXT"}]}
COMMAND: POST /session/21ce62c4ecbe6d238b640e15c86407e3/execute/async - {"script":"<script> [1562 bytes]","args":[{"selector":{"id":"application-manageresources-display-component---newResourceUnit--newRRUPage-anchBar-application-manageresources-display-component---newResourceUnit--control-anchor","interaction":{"idSuffix":"BDI-content"}},"wdio_ui5_key":"applicationmanageresources-display-component---newResourceUnit--newRRUPage-anchBar-application-manageresources-display-component---newResourceUnit--control-anchor"}]}
RESULT: {"script":"<script> [1562 bytes]","args":[{"selector":{"id":"application-manageresources-display-component---newResourceUnit--newRRUPage-anchBar-application-manageresources-display-component---newResourceUnit--control-anchor","interaction":{"idSuffix":"BDI-content"}},"wdio_ui5_key":"applicationmanageresources-display-component---newResourceUnit--newRRUPage-anchBar-application-manageresources-display-component---newResourceUnit--control-anchor"}]}
RESULT: undefined
COMMAND: POST /session/21ce62c4ecbe6d238b640e15c86407e3/element - {"using":"xpath","value":"//*[@id=\"application-manageresources-display-component---newResourceUnit--newRRUPage-anchBar-application-manageresources-display-component---newResourceUnit--control-anchor\"]"}
RESULT: {"using":"xpath","value":"//*[@id=\"application-manageresources-display-component---newResourceUnit--newRRUPage-anchBar-application-manageresources-display-component---newResourceUnit--control-anchor\"]"}
COMMAND: POST /session/21ce62c4ecbe6d238b640e15c86407e3/element/f.93D217436D6DD50F1CAF1D433A497FC6.d.207438013A7C49C570B179B2DBA619B2.e.5642/click - {}
RESULT: {}
COMMAND: POST /session/21ce62c4ecbe6d238b640e15c86407e3/execute/async - {"script":"<script> [1562 bytes]","args":[{"selector":{"id":"application-manageresources-display-component---newResourceUnit--PLANNING_GROUP","interaction":{"idSuffix":"inner"}},"wdio_ui5_key":"applicationmanageresources-display-component---newResourceUnit--PLANNING_GROUP"}]}
COMMAND: GET /session/21ce62c4ecbe6d238b640e15c86407e3/screenshot - {}
RESULT: {"script":"<script> [1562 bytes]","args":[{"selector":{"id":"application-manageresources-display-component---newResourceUnit--PLANNING_GROUP","interaction":{"idSuffix":"inner"}},"wdio_ui5_key":"applicationmanageresources-display-component---newResourceUnit--PLANNING_GROUP"}]}
RESULT: undefined
COMMAND: POST /session/21ce62c4ecbe6d238b640e15c86407e3/execute/async - {"script":"<script> [776 bytes]","args":[{"enterText":"Material","selector":{"id":"application-manageresources-display-component---newResourceUnit--PLANNING_GROUP","interaction":{"idSuffix":"inner"}},"clearTextFirst":true,"interactionType":"ENTER_TEXT"}]}
RESULT: {}
RESULT: {"script":"<script> [776 bytes]","args":[{"enterText":"Material","selector":{"id":"application-manageresources-display-component---newResourceUnit--PLANNING_GROUP","interaction":{"idSuffix":"inner"}},"clearTextFirst":true,"interactionType":"ENTER_TEXT"}]}
COMMAND: POST /session/21ce62c4ecbe6d238b640e15c86407e3/execute/async - {"script":"<script> [1562 bytes]","args":[{"selector":{"id":"application-manageresources-display-component---newResourceUnit--PLANNING_INDICATOR","interaction":{"idSuffix":"inner"}},"wdio_ui5_key":"applicationmanageresources-display-component---newResourceUnit--PLANNING_INDICATOR"}]}
RESULT: {"script":"<script> [1562 bytes]","args":[{"selector":{"id":"application-manageresources-display-component---newResourceUnit--PLANNING_INDICATOR","interaction":{"idSuffix":"inner"}},"wdio_ui5_key":"applicationmanageresources-display-component---newResourceUnit--PLANNING_INDICATOR"}]}
RESULT: undefined
COMMAND: POST /session/21ce62c4ecbe6d238b640e15c86407e3/execute/async - {"script":"<script> [776 bytes]","args":[{"enterText":"10 - infinite","selector":{"id":"application-manageresources-display-component---newResourceUnit--PLANNING_INDICATOR","interaction":{"idSuffix":"inner"}},"clearTextFirst":true,"interactionType":"ENTER_TEXT"}]}
RESULT: {"script":"<script> [776 bytes]","args":[{"enterText":"10 - infinite","selector":{"id":"application-manageresources-display-component---newResourceUnit--PLANNING_INDICATOR","interaction":{"idSuffix":"inner"}},"clearTextFirst":true,"interactionType":"ENTER_TEXT"}]}
COMMAND: POST /session/21ce62c4ecbe6d238b640e15c86407e3/element - {"using":"css selector","value":"#application-manageresources-display-component---newResourceUnit--btnAddTimeSegment"}
RESULT: {"using":"css selector","value":"#application-manageresources-display-component---newResourceUnit--btnAddTimeSegment"}
COMMAND: GET /session/21ce62c4ecbe6d238b640e15c86407e3/element/f.93D217436D6DD50F1CAF1D433A497FC6.d.207438013A7C49C570B179B2DBA619B2.e.5650/rect - {}
RESULT: {}
COMMAND: GET /session/21ce62c4ecbe6d238b640e15c86407e3/window/rect - {}
RESULT: {}
COMMAND: POST /session/21ce62c4ecbe6d238b640e15c86407e3/execute/sync - {"script":"<script> [92 bytes]","args":[]}
RESULT: {"script":"<script> [92 bytes]","args":[]}
COMMAND: POST /session/21ce62c4ecbe6d238b640e15c86407e3/actions - {"actions":[{"id":"action22","type":"wheel","parameters":{},"actions":[{"type":"scroll","x":-1888,"y":-32,"deltaX":0,"deltaY":0,"duration":0,"origin":{"element-6066-11e4-a52e-4f735466cecf":"f.93D217436D6DD50F1CAF1D433A497FC6.d.207438013A7C49C570B179B2DBA619B2.e.5650"}}]}]}
COMMAND: GET /session/21ce62c4ecbe6d238b640e15c86407e3/screenshot - {}
RESULT: {}
COMMAND: POST /session/21ce62c4ecbe6d238b640e15c86407e3/execute/sync - {"script":"<script> [79 bytes]","args":[{"element-6066-11e4-a52e-4f735466cecf":"f.93D217436D6DD50F1CAF1D433A497FC6.d.207438013A7C49C570B179B2DBA619B2.e.5650","ELEMENT":"f.93D217436D6DD50F1CAF1D433A497FC6.d.207438013A7C49C570B179B2DBA619B2.e.5650"},{"block":"start","inline":"nearest"}]}
RESULT: {"script":"<script> [79 bytes]","args":[{"element-6066-11e4-a52e-4f735466cecf":"f.93D217436D6DD50F1CAF1D433A497FC6.d.207438013A7C49C570B179B2DBA619B2.e.5650","ELEMENT":"f.93D217436D6DD50F1CAF1D433A497FC6.d.207438013A7C49C570B179B2DBA619B2.e.5650"},{"block":"start","inline":"nearest"}]}
COMMAND: POST /session/21ce62c4ecbe6d238b640e15c86407e3/execute/async - {"script":"<script> [1562 bytes]","args":[{"selector":{"id":"application-manageresources-display-component---newResourceUnit--btnAddTimeSegment","interaction":{"idSuffix":"inner"}},"wdio_ui5_key":"applicationmanageresources-display-component---newResourceUnit--btnAddTimeSegment"}]}
COMMAND: GET /session/21ce62c4ecbe6d238b640e15c86407e3/screenshot - {}
RESULT: {"script":"<script> [1562 bytes]","args":[{"selector":{"id":"application-manageresources-display-component---newResourceUnit--btnAddTimeSegment","interaction":{"idSuffix":"inner"}},"wdio_ui5_key":"applicationmanageresources-display-component---newResourceUnit--btnAddTimeSegment"}]}
RESULT: undefined
COMMAND: POST /session/21ce62c4ecbe6d238b640e15c86407e3/element - {"using":"xpath","value":"//*[@id=\"application-manageresources-display-component---newResourceUnit--btnAddTimeSegment\"]"}
RESULT: {}
RESULT: {"using":"xpath","value":"//*[@id=\"application-manageresources-display-component---newResourceUnit--btnAddTimeSegment\"]"}
COMMAND: POST /session/21ce62c4ecbe6d238b640e15c86407e3/element/f.93D217436D6DD50F1CAF1D433A497FC6.d.207438013A7C49C570B179B2DBA619B2.e.5650/click - {}
RESULT: {}
COMMAND: GET /session/21ce62c4ecbe6d238b640e15c86407e3/screenshot - {}
RESULT: {}
COMMAND: POST /session/21ce62c4ecbe6d238b640e15c86407e3/element - {"using":"xpath","value":"//input[@id=\"application-manageresources-display-component---newResourceUnit--idRuTSAdmin-application-manageresources-display-component---newResourceUnit--RUTimeSegment-0-inner\"]"}
RESULT: {"using":"xpath","value":"//input[@id=\"application-manageresources-display-component---newResourceUnit--idRuTSAdmin-application-manageresources-display-component---newResourceUnit--RUTimeSegment-0-inner\"]"}
COMMAND: POST /session/21ce62c4ecbe6d238b640e15c86407e3/element/f.93D217436D6DD50F1CAF1D433A497FC6.d.207438013A7C49C570B179B2DBA619B2.e.5655/clear - {}
RESULT: {}
COMMAND: POST /session/21ce62c4ecbe6d238b640e15c86407e3/element/f.93D217436D6DD50F1CAF1D433A497FC6.d.207438013A7C49C570B179B2DBA619B2.e.5655/value - {"text":"523"}
COMMAND: GET /session/21ce62c4ecbe6d238b640e15c86407e3/screenshot - {}
RESULT: {"text":"523"}
COMMAND: GET /session/21ce62c4ecbe6d238b640e15c86407e3/screenshot - {}
RESULT: {}
RESULT: {}
COMMAND: POST /session/21ce62c4ecbe6d238b640e15c86407e3/element - {"using":"xpath","value":"//li[.//span[text()='523']]"}
RESULT: {"using":"xpath","value":"//li[.//span[text()='523']]"}
COMMAND: POST /session/21ce62c4ecbe6d238b640e15c86407e3/element/f.93D217436D6DD50F1CAF1D433A497FC6.d.207438013A7C49C570B179B2DBA619B2.e.5664/click - {}
RESULT: {}
COMMAND: GET /session/21ce62c4ecbe6d238b640e15c86407e3/screenshot - {}
RESULT: {}
COMMAND: POST /session/21ce62c4ecbe6d238b640e15c86407e3/element - {"using":"xpath","value":"(//span[contains(@id, \"-application-manageresources-display-component---newResourceUnit--RUTimeSegment-0-arrow\")])[2]"}
RESULT: {"using":"xpath","value":"(//span[contains(@id, \"-application-manageresources-display-component---newResourceUnit--RUTimeSegment-0-arrow\")])[2]"}
COMMAND: POST /session/21ce62c4ecbe6d238b640e15c86407e3/element/f.93D217436D6DD50F1CAF1D433A497FC6.d.207438013A7C49C570B179B2DBA619B2.e.5665/click - {}
RESULT: {}
COMMAND: POST /session/21ce62c4ecbe6d238b640e15c86407e3/element - {"using":"xpath","value":"//span[contains(text(), \"PM Order\")]"}
COMMAND: GET /session/21ce62c4ecbe6d238b640e15c86407e3/screenshot - {}
RESULT: {"using":"xpath","value":"//span[contains(text(), \"PM Order\")]"}
COMMAND: POST /session/21ce62c4ecbe6d238b640e15c86407e3/element/f.93D217436D6DD50F1CAF1D433A497FC6.d.207438013A7C49C570B179B2DBA619B2.e.5666/click - {}
RESULT: {}
RESULT: {}
COMMAND: GET /session/21ce62c4ecbe6d238b640e15c86407e3/screenshot - {}
RESULT: {}
COMMAND: POST /session/21ce62c4ecbe6d238b640e15c86407e3/element - {"using":"xpath","value":"//td/div/div/div/span[contains(@id, \"newResourceUnit--RUTimeSegment-0-vhi\")][1]"}
RESULT: {"using":"xpath","value":"//td/div/div/div/span[contains(@id, \"newResourceUnit--RUTimeSegment-0-vhi\")][1]"}
COMMAND: GET /session/21ce62c4ecbe6d238b640e15c86407e3/element/f.93D217436D6DD50F1CAF1D433A497FC6.d.207438013A7C49C570B179B2DBA619B2.e.5670/rect - {}
RESULT: {}
COMMAND: GET /session/21ce62c4ecbe6d238b640e15c86407e3/window/rect - {}
RESULT: {}
COMMAND: POST /session/21ce62c4ecbe6d238b640e15c86407e3/execute/sync - {"script":"<script> [92 bytes]","args":[]}
RESULT: {"script":"<script> [92 bytes]","args":[]}
COMMAND: POST /session/21ce62c4ecbe6d238b640e15c86407e3/actions - {"actions":[{"id":"action23","type":"wheel","parameters":{},"actions":[{"type":"scroll","x":-1888,"y":-24,"deltaX":0,"deltaY":0,"duration":0,"origin":{"element-6066-11e4-a52e-4f735466cecf":"f.93D217436D6DD50F1CAF1D433A497FC6.d.207438013A7C49C570B179B2DBA619B2.e.5670"}}]}]}
COMMAND: GET /session/21ce62c4ecbe6d238b640e15c86407e3/screenshot - {}
RESULT: {}
COMMAND: POST /session/21ce62c4ecbe6d238b640e15c86407e3/execute/sync - {"script":"<script> [79 bytes]","args":[{"element-6066-11e4-a52e-4f735466cecf":"f.93D217436D6DD50F1CAF1D433A497FC6.d.207438013A7C49C570B179B2DBA619B2.e.5670","ELEMENT":"f.93D217436D6DD50F1CAF1D433A497FC6.d.207438013A7C49C570B179B2DBA619B2.e.5670"},{"block":"start","inline":"nearest"}]}
RESULT: {"script":"<script> [79 bytes]","args":[{"element-6066-11e4-a52e-4f735466cecf":"f.93D217436D6DD50F1CAF1D433A497FC6.d.207438013A7C49C570B179B2DBA619B2.e.5670","ELEMENT":"f.93D217436D6DD50F1CAF1D433A497FC6.d.207438013A7C49C570B179B2DBA619B2.e.5670"},{"block":"start","inline":"nearest"}]}
COMMAND: GET /session/21ce62c4ecbe6d238b640e15c86407e3/screenshot - {}
RESULT: {}
COMMAND: POST /session/21ce62c4ecbe6d238b640e15c86407e3/element/f.93D217436D6DD50F1CAF1D433A497FC6.d.207438013A7C49C570B179B2DBA619B2.e.5670/click - {}
RESULT: {}
COMMAND: GET /session/21ce62c4ecbe6d238b640e15c86407e3/screenshot - {}
RESULT: {}
COMMAND: POST /session/21ce62c4ecbe6d238b640e15c86407e3/execute/async - {"script":"<script> [1562 bytes]","args":[{"selector":{"controlType":"sap.m.SearchField","properties":{"placeholder":"Search"},"searchOpenDialogs":true,"interaction":{"idSuffix":"I"}},"wdio_ui5_key":"sapm.SearchField{\"placeholder\":\"Search\"}"}]}
RESULT: {"script":"<script> [1562 bytes]","args":[{"selector":{"controlType":"sap.m.SearchField","properties":{"placeholder":"Search"},"searchOpenDialogs":true,"interaction":{"idSuffix":"I"}},"wdio_ui5_key":"sapm.SearchField{\"placeholder\":\"Search\"}"}]}
RESULT: undefined
COMMAND: POST /session/21ce62c4ecbe6d238b640e15c86407e3/execute/async - {"script":"<script> [776 bytes]","args":[{"enterText":"4000360","selector":{"controlType":"sap.m.SearchField","properties":{"placeholder":"Search"},"searchOpenDialogs":true,"interaction":{"idSuffix":"I"}},"clearTextFirst":true,"interactionType":"ENTER_TEXT"}]}
RESULT: {"script":"<script> [776 bytes]","args":[{"enterText":"4000360","selector":{"controlType":"sap.m.SearchField","properties":{"placeholder":"Search"},"searchOpenDialogs":true,"interaction":{"idSuffix":"I"}},"clearTextFirst":true,"interactionType":"ENTER_TEXT"}]}
COMMAND: POST /session/21ce62c4ecbe6d238b640e15c86407e3/actions - {"actions":[{"id":"action24","type":"key","parameters":{},"actions":[{"type":"keyDown","value":""},{"type":"pause","duration":10},{"type":"keyUp","value":""}]}]}
RESULT: {"actions":[{"id":"action24","type":"key","parameters":{},"actions":[{"type":"keyDown","value":""},{"type":"pause","duration":10},{"type":"keyUp","value":""}]}]}
COMMAND: GET /session/21ce62c4ecbe6d238b640e15c86407e3/screenshot - {}
RESULT: {}
COMMAND: POST /session/21ce62c4ecbe6d238b640e15c86407e3/element - {"using":"xpath","value":"//td/div/span[contains(text(), \"BGL Vehicles\")]"}
RESULT: {"using":"xpath","value":"//td/div/span[contains(text(), \"BGL Vehicles\")]"}
COMMAND: POST /session/21ce62c4ecbe6d238b640e15c86407e3/element/f.93D217436D6DD50F1CAF1D433A497FC6.d.207438013A7C49C570B179B2DBA619B2.e.5693/click - {}
RESULT: {}
COMMAND: GET /session/21ce62c4ecbe6d238b640e15c86407e3/screenshot - {}
RESULT: {}
COMMAND: POST /session/21ce62c4ecbe6d238b640e15c86407e3/element - {"using":"xpath","value":"//bdi[contains(text(), \"OK\")]"}
RESULT: {"using":"xpath","value":"//bdi[contains(text(), \"OK\")]"}
COMMAND: POST /session/21ce62c4ecbe6d238b640e15c86407e3/element/f.93D217436D6DD50F1CAF1D433A497FC6.d.207438013A7C49C570B179B2DBA619B2.e.5694/click - {}
RESULT: {}
COMMAND: GET /session/21ce62c4ecbe6d238b640e15c86407e3/screenshot - {}
RESULT: {}
COMMAND: POST /session/21ce62c4ecbe6d238b640e15c86407e3/element - {"using":"xpath","value":"//label[contains(@class, 'sapMLabelRequired') and .//bdi[contains(text(), 'Planned Retirement')]]"}
RESULT: {"using":"xpath","value":"//label[contains(@class, 'sapMLabelRequired') and .//bdi[contains(text(), 'Planned Retirement')]]"}
COMMAND: POST /session/21ce62c4ecbe6d238b640e15c86407e3/elements - {"using":"xpath","value":"//label[contains(@class, 'sapMLabelRequired') and .//bdi[contains(text(), 'Planned Retirement')]]"}
RESULT: {"using":"xpath","value":"//label[contains(@class, 'sapMLabelRequired') and .//bdi[contains(text(), 'Planned Retirement')]]"}
COMMAND: POST /session/21ce62c4ecbe6d238b640e15c86407e3/element - {"using":"xpath","value":"//button[@data-kt=\"resourceUnitSaveButton\"]"}
RESULT: {"using":"xpath","value":"//button[@data-kt=\"resourceUnitSaveButton\"]"}
COMMAND: POST /session/21ce62c4ecbe6d238b640e15c86407e3/element/f.93D217436D6DD50F1CAF1D433A497FC6.d.207438013A7C49C570B179B2DBA619B2.e.5528/click - {}
RESULT: {}
COMMAND: GET /session/21ce62c4ecbe6d238b640e15c86407e3/screenshot - {}
RESULT: {}
COMMAND: POST /session/21ce62c4ecbe6d238b640e15c86407e3/element - {"using":"xpath","value":"//bdi[contains(text(), \"Close\")]"}
RESULT: {"using":"xpath","value":"//bdi[contains(text(), \"Close\")]"}
COMMAND: POST /session/21ce62c4ecbe6d238b640e15c86407e3/element/f.93D217436D6DD50F1CAF1D433A497FC6.d.207438013A7C49C570B179B2DBA619B2.e.5701/click - {}
RESULT: {}
COMMAND: GET /session/21ce62c4ecbe6d238b640e15c86407e3/screenshot - {}
RESULT: {}
COMMAND: POST /session/21ce62c4ecbe6d238b640e15c86407e3/element - {"using":"xpath","value":"//header[contains(@id, 'detailRruPage-headerTitle')]/div[1]/div[2]/div[2]/span[1]"}
RESULT: {"using":"xpath","value":"//header[contains(@id, 'detailRruPage-headerTitle')]/div[1]/div[2]/div[2]/span[1]"}
COMMAND: POST /session/21ce62c4ecbe6d238b640e15c86407e3/elements - {"using":"xpath","value":"//header[contains(@id, 'detailRruPage-headerTitle')]/div[1]/div[2]/div[2]/span[1]"}
RESULT: {"using":"xpath","value":"//header[contains(@id, 'detailRruPage-headerTitle')]/div[1]/div[2]/div[2]/span[1]"}
COMMAND: POST /session/21ce62c4ecbe6d238b640e15c86407e3/execute/sync - {"script":"<script> [56 bytes]","args":[{"element-6066-11e4-a52e-4f735466cecf":"f.93D217436D6DD50F1CAF1D433A497FC6.d.207438013A7C49C570B179B2DBA619B2.e.5733","ELEMENT":"f.93D217436D6DD50F1CAF1D433A497FC6.d.207438013A7C49C570B179B2DBA619B2.e.5733"}]}
RESULT: {"script":"<script> [56 bytes]","args":[{"element-6066-11e4-a52e-4f735466cecf":"f.93D217436D6DD50F1CAF1D433A497FC6.d.207438013A7C49C570B179B2DBA619B2.e.5733","ELEMENT":"f.93D217436D6DD50F1CAF1D433A497FC6.d.207438013A7C49C570B179B2DBA619B2.e.5733"}]}
COMMAND: POST /session/21ce62c4ecbe6d238b640e15c86407e3/element - {"using":"css selector","value":"#shell-header-logo"}
COMMAND: GET /session/21ce62c4ecbe6d238b640e15c86407e3/screenshot - {}
RESULT: {"using":"css selector","value":"#shell-header-logo"}
COMMAND: POST /session/21ce62c4ecbe6d238b640e15c86407e3/element/f.93D217436D6DD50F1CAF1D433A497FC6.d.207438013A7C49C570B179B2DBA619B2.e.5004/click - {}
RESULT: {}
RESULT: {}
COMMAND: GET /session/21ce62c4ecbe6d238b640e15c86407e3/screenshot - {}
RESULT: {}
]]></system-out>
    </testcase>
    <testcase classname="chrome.136_0_7103_93.windows.Provide_to_Site_w/_warehouse_management_w/o_clarification_US113782_" name="Bin Status Report Should Create New Organization yard" time="0.005"/>
    <testcase classname="chrome.136_0_7103_93.windows.Provide_to_Site_w/_warehouse_management_w/o_clarification_US113782_" name="Bin Status Report Should Create New Organization for Site" time="0.006"/>
  </testsuite>
  <testsuite timestamp="2025-05-31T16:43:37" time="308.264" tests="5" failures="5" errors="5" skipped="0">
    <properties>
      <property name="specId" value="0"/>
      <property name="suiteName" value="Provide to Site w/ warehouse management wo clarification"/>
      <property name="capabilities" value="chrome.136_0_7103_93.windows"/>
      <property name="file" value="file:///D:/a/1/s/test/specs/HTR/provide-to-site-w-warehouse-wo-clarification.spec.js"/>
    </properties>
    <testcase classname="chrome.136_0_7103_93.windows.Provide_to_Site_w/_warehouse_management_wo_clarification" name="Should do a stock increase handover" time="91.983">
      <failure/>
      <error message="Can't call click on element with selector &quot;//li[.//span[contains(text(),'523 -')]]&quot; because element wasn't found"/>
      <system-out><![CDATA[
COMMAND: POST /session/21ce62c4ecbe6d238b640e15c86407e3/execute/async - {"script":"<script> [1562 bytes]","args":[{"selector":{"controlType":"sap.m.GenericTile","properties":{"header":"Manage Handovers"}},"wdio_ui5_key":"sapm.GenericTile{\"header\":\"Manage Handovers\"}"}]}
RESULT: {"script":"<script> [1562 bytes]","args":[{"selector":{"controlType":"sap.m.GenericTile","properties":{"header":"Manage Handovers"}},"wdio_ui5_key":"sapm.GenericTile{\"header\":\"Manage Handovers\"}"}]}
RESULT: undefined
COMMAND: POST /session/21ce62c4ecbe6d238b640e15c86407e3/element - {"using":"xpath","value":"//*[@id=\"__tile132\"]"}
RESULT: {"using":"xpath","value":"//*[@id=\"__tile132\"]"}
COMMAND: POST /session/21ce62c4ecbe6d238b640e15c86407e3/element/f.93D217436D6DD50F1CAF1D433A497FC6.d.207438013A7C49C570B179B2DBA619B2.e.5047/click - {}
RESULT: {}
COMMAND: GET /session/21ce62c4ecbe6d238b640e15c86407e3/screenshot - {}
COMMAND: POST /session/21ce62c4ecbe6d238b640e15c86407e3/elements - {"using":"xpath","value":"//span[text()='Error']"}
RESULT: {}
RESULT: {"using":"xpath","value":"//span[text()='Error']"}
COMMAND: POST /session/21ce62c4ecbe6d238b640e15c86407e3/element - {"using":"xpath","value":"//button[@data-kt=\"masterHOAddButton\"]"}
RESULT: {"using":"xpath","value":"//button[@data-kt=\"masterHOAddButton\"]"}
COMMAND: POST /session/21ce62c4ecbe6d238b640e15c86407e3/elements - {"using":"xpath","value":"//button[@data-kt=\"masterHOAddButton\"]"}
RESULT: {"using":"xpath","value":"//button[@data-kt=\"masterHOAddButton\"]"}
COMMAND: POST /session/21ce62c4ecbe6d238b640e15c86407e3/execute/sync - {"script":"<script> [8489 bytes]","args":[{"element-6066-11e4-a52e-4f735466cecf":"f.93D217436D6DD50F1CAF1D433A497FC6.d.207438013A7C49C570B179B2DBA619B2.e.5771","ELEMENT":"f.93D217436D6DD50F1CAF1D433A497FC6.d.207438013A7C49C570B179B2DBA619B2.e.5771"}]}
RESULT: {"script":"<script> [8489 bytes]","args":[{"element-6066-11e4-a52e-4f735466cecf":"f.93D217436D6DD50F1CAF1D433A497FC6.d.207438013A7C49C570B179B2DBA619B2.e.5771","ELEMENT":"f.93D217436D6DD50F1CAF1D433A497FC6.d.207438013A7C49C570B179B2DBA619B2.e.5771"}]}
COMMAND: GET /session/21ce62c4ecbe6d238b640e15c86407e3/element/f.93D217436D6DD50F1CAF1D433A497FC6.d.207438013A7C49C570B179B2DBA619B2.e.5771/enabled - {}
COMMAND: GET /session/21ce62c4ecbe6d238b640e15c86407e3/screenshot - {}
RESULT: {}
COMMAND: POST /session/21ce62c4ecbe6d238b640e15c86407e3/execute/sync - {"script":"<script> [8489 bytes]","args":[{"element-6066-11e4-a52e-4f735466cecf":"f.93D217436D6DD50F1CAF1D433A497FC6.d.207438013A7C49C570B179B2DBA619B2.e.5771","ELEMENT":"f.93D217436D6DD50F1CAF1D433A497FC6.d.207438013A7C49C570B179B2DBA619B2.e.5771"}]}
COMMAND: GET /session/21ce62c4ecbe6d238b640e15c86407e3/screenshot - {}
RESULT: {}
RESULT: {"script":"<script> [8489 bytes]","args":[{"element-6066-11e4-a52e-4f735466cecf":"f.93D217436D6DD50F1CAF1D433A497FC6.d.207438013A7C49C570B179B2DBA619B2.e.5771","ELEMENT":"f.93D217436D6DD50F1CAF1D433A497FC6.d.207438013A7C49C570B179B2DBA619B2.e.5771"}]}
COMMAND: POST /session/21ce62c4ecbe6d238b640e15c86407e3/execute/sync - {"script":"<script> [5351 bytes]","args":[{"element-6066-11e4-a52e-4f735466cecf":"f.93D217436D6DD50F1CAF1D433A497FC6.d.207438013A7C49C570B179B2DBA619B2.e.5771","ELEMENT":"f.93D217436D6DD50F1CAF1D433A497FC6.d.207438013A7C49C570B179B2DBA619B2.e.5771"}]}
COMMAND: GET /session/21ce62c4ecbe6d238b640e15c86407e3/screenshot - {}
RESULT: {}
RESULT: {"script":"<script> [5351 bytes]","args":[{"element-6066-11e4-a52e-4f735466cecf":"f.93D217436D6DD50F1CAF1D433A497FC6.d.207438013A7C49C570B179B2DBA619B2.e.5771","ELEMENT":"f.93D217436D6DD50F1CAF1D433A497FC6.d.207438013A7C49C570B179B2DBA619B2.e.5771"}]}
COMMAND: POST /session/21ce62c4ecbe6d238b640e15c86407e3/element/f.93D217436D6DD50F1CAF1D433A497FC6.d.207438013A7C49C570B179B2DBA619B2.e.5771/click - {}
COMMAND: GET /session/21ce62c4ecbe6d238b640e15c86407e3/screenshot - {}
RESULT: {}
RESULT: {}
COMMAND: GET /session/21ce62c4ecbe6d238b640e15c86407e3/screenshot - {}
RESULT: {}
RESULT: {}
COMMAND: POST /session/21ce62c4ecbe6d238b640e15c86407e3/element - {"using":"xpath","value":"//span[contains(@id ,\"AddNewHO--typeSelect-arrow\")]"}
RESULT: {"using":"xpath","value":"//span[contains(@id ,\"AddNewHO--typeSelect-arrow\")]"}
COMMAND: POST /session/21ce62c4ecbe6d238b640e15c86407e3/element/f.93D217436D6DD50F1CAF1D433A497FC6.d.207438013A7C49C570B179B2DBA619B2.e.6129/click - {}
RESULT: {}
COMMAND: GET /session/21ce62c4ecbe6d238b640e15c86407e3/screenshot - {}
RESULT: {}
COMMAND: POST /session/21ce62c4ecbe6d238b640e15c86407e3/element - {"using":"xpath","value":"(//li[contains(text(), \"stock increase yard\")])[1]"}
RESULT: {"using":"xpath","value":"(//li[contains(text(), \"stock increase yard\")])[1]"}
COMMAND: POST /session/21ce62c4ecbe6d238b640e15c86407e3/element/f.93D217436D6DD50F1CAF1D433A497FC6.d.207438013A7C49C570B179B2DBA619B2.e.6130/click - {}
RESULT: {}
COMMAND: GET /session/21ce62c4ecbe6d238b640e15c86407e3/screenshot - {}
RESULT: {}
COMMAND: POST /session/21ce62c4ecbe6d238b640e15c86407e3/execute/async - {"script":"<script> [1562 bytes]","args":[{"selector":{"id":"application-managehandovers-display-component---AddNewHO--dueDate","interaction":{"idSuffix":"inner"}},"wdio_ui5_key":"applicationmanagehandovers-display-component---AddNewHO--dueDate"}]}
RESULT: {"script":"<script> [1562 bytes]","args":[{"selector":{"id":"application-managehandovers-display-component---AddNewHO--dueDate","interaction":{"idSuffix":"inner"}},"wdio_ui5_key":"applicationmanagehandovers-display-component---AddNewHO--dueDate"}]}
RESULT: undefined
COMMAND: POST /session/21ce62c4ecbe6d238b640e15c86407e3/execute/async - {"script":"<script> [6424 bytes]","args":[{"element-6066-11e4-a52e-4f735466cecf":"f.93D217436D6DD50F1CAF1D433A497FC6.d.207438013A7C49C570B179B2DBA619B2.e.6132"},"setValue",["5/31/25"]]}
RESULT: {"script":"<script> [6424 bytes]","args":[{"element-6066-11e4-a52e-4f735466cecf":"f.93D217436D6DD50F1CAF1D433A497FC6.d.207438013A7C49C570B179B2DBA619B2.e.6132"},"setValue",["5/31/25"]]}
COMMAND: POST /session/21ce62c4ecbe6d238b640e15c86407e3/element - {"using":"xpath","value":"//input[@id=\"generalSectionFrg--receiveYard-inner\"]"}
RESULT: {"using":"xpath","value":"//input[@id=\"generalSectionFrg--receiveYard-inner\"]"}
COMMAND: POST /session/21ce62c4ecbe6d238b640e15c86407e3/element/f.93D217436D6DD50F1CAF1D433A497FC6.d.207438013A7C49C570B179B2DBA619B2.e.6138/clear - {}
RESULT: {}
COMMAND: POST /session/21ce62c4ecbe6d238b640e15c86407e3/element/f.93D217436D6DD50F1CAF1D433A497FC6.d.207438013A7C49C570B179B2DBA619B2.e.6138/value - {"text":"523"}
COMMAND: GET /session/21ce62c4ecbe6d238b640e15c86407e3/screenshot - {}
RESULT: {"text":"523"}
COMMAND: GET /session/21ce62c4ecbe6d238b640e15c86407e3/screenshot - {}
RESULT: {}
RESULT: {}
COMMAND: POST /session/21ce62c4ecbe6d238b640e15c86407e3/element - {"using":"xpath","value":"//li[.//span[contains(text(),'523 -')]]"}
RESULT: {"using":"xpath","value":"//li[.//span[contains(text(),'523 -')]]"}
COMMAND: POST /session/21ce62c4ecbe6d238b640e15c86407e3/elements - {"using":"xpath","value":"//li[.//span[contains(text(),'523 -')]]"}
RESULT: {"using":"xpath","value":"//li[.//span[contains(text(),'523 -')]]"}
COMMAND: POST /session/21ce62c4ecbe6d238b640e15c86407e3/elements - {"using":"xpath","value":"//li[.//span[contains(text(),'523 -')]]"}
RESULT: {"using":"xpath","value":"//li[.//span[contains(text(),'523 -')]]"}
COMMAND: POST /session/21ce62c4ecbe6d238b640e15c86407e3/elements - {"using":"xpath","value":"//li[.//span[contains(text(),'523 -')]]"}
RESULT: {"using":"xpath","value":"//li[.//span[contains(text(),'523 -')]]"}
COMMAND: POST /session/21ce62c4ecbe6d238b640e15c86407e3/elements - {"using":"xpath","value":"//li[.//span[contains(text(),'523 -')]]"}
RESULT: {"using":"xpath","value":"//li[.//span[contains(text(),'523 -')]]"}
COMMAND: POST /session/21ce62c4ecbe6d238b640e15c86407e3/elements - {"using":"xpath","value":"//li[.//span[contains(text(),'523 -')]]"}
RESULT: {"using":"xpath","value":"//li[.//span[contains(text(),'523 -')]]"}
COMMAND: POST /session/21ce62c4ecbe6d238b640e15c86407e3/elements - {"using":"xpath","value":"//li[.//span[contains(text(),'523 -')]]"}
RESULT: {"using":"xpath","value":"//li[.//span[contains(text(),'523 -')]]"}
COMMAND: POST /session/21ce62c4ecbe6d238b640e15c86407e3/elements - {"using":"xpath","value":"//li[.//span[contains(text(),'523 -')]]"}
RESULT: {"using":"xpath","value":"//li[.//span[contains(text(),'523 -')]]"}
COMMAND: POST /session/21ce62c4ecbe6d238b640e15c86407e3/elements - {"using":"xpath","value":"//li[.//span[contains(text(),'523 -')]]"}
RESULT: {"using":"xpath","value":"//li[.//span[contains(text(),'523 -')]]"}
COMMAND: POST /session/21ce62c4ecbe6d238b640e15c86407e3/elements - {"using":"xpath","value":"//li[.//span[contains(text(),'523 -')]]"}
RESULT: {"using":"xpath","value":"//li[.//span[contains(text(),'523 -')]]"}
COMMAND: POST /session/21ce62c4ecbe6d238b640e15c86407e3/elements - {"using":"xpath","value":"//li[.//span[contains(text(),'523 -')]]"}
RESULT: {"using":"xpath","value":"//li[.//span[contains(text(),'523 -')]]"}
COMMAND: POST /session/21ce62c4ecbe6d238b640e15c86407e3/elements - {"using":"xpath","value":"//li[.//span[contains(text(),'523 -')]]"}
RESULT: {"using":"xpath","value":"//li[.//span[contains(text(),'523 -')]]"}
COMMAND: POST /session/21ce62c4ecbe6d238b640e15c86407e3/elements - {"using":"xpath","value":"//li[.//span[contains(text(),'523 -')]]"}
RESULT: {"using":"xpath","value":"//li[.//span[contains(text(),'523 -')]]"}
COMMAND: POST /session/21ce62c4ecbe6d238b640e15c86407e3/elements - {"using":"xpath","value":"//li[.//span[contains(text(),'523 -')]]"}
RESULT: {"using":"xpath","value":"//li[.//span[contains(text(),'523 -')]]"}
COMMAND: POST /session/21ce62c4ecbe6d238b640e15c86407e3/elements - {"using":"xpath","value":"//li[.//span[contains(text(),'523 -')]]"}
RESULT: {"using":"xpath","value":"//li[.//span[contains(text(),'523 -')]]"}
COMMAND: POST /session/21ce62c4ecbe6d238b640e15c86407e3/elements - {"using":"xpath","value":"//li[.//span[contains(text(),'523 -')]]"}
RESULT: {"using":"xpath","value":"//li[.//span[contains(text(),'523 -')]]"}
COMMAND: POST /session/21ce62c4ecbe6d238b640e15c86407e3/elements - {"using":"xpath","value":"//li[.//span[contains(text(),'523 -')]]"}
RESULT: {"using":"xpath","value":"//li[.//span[contains(text(),'523 -')]]"}
COMMAND: POST /session/21ce62c4ecbe6d238b640e15c86407e3/elements - {"using":"xpath","value":"//li[.//span[contains(text(),'523 -')]]"}
RESULT: {"using":"xpath","value":"//li[.//span[contains(text(),'523 -')]]"}
COMMAND: POST /session/21ce62c4ecbe6d238b640e15c86407e3/elements - {"using":"xpath","value":"//li[.//span[contains(text(),'523 -')]]"}
RESULT: {"using":"xpath","value":"//li[.//span[contains(text(),'523 -')]]"}
COMMAND: POST /session/21ce62c4ecbe6d238b640e15c86407e3/elements - {"using":"xpath","value":"//li[.//span[contains(text(),'523 -')]]"}
RESULT: {"using":"xpath","value":"//li[.//span[contains(text(),'523 -')]]"}
COMMAND: POST /session/21ce62c4ecbe6d238b640e15c86407e3/elements - {"using":"xpath","value":"//li[.//span[contains(text(),'523 -')]]"}
RESULT: {"using":"xpath","value":"//li[.//span[contains(text(),'523 -')]]"}
COMMAND: POST /session/21ce62c4ecbe6d238b640e15c86407e3/elements - {"using":"xpath","value":"//li[.//span[contains(text(),'523 -')]]"}
RESULT: {"using":"xpath","value":"//li[.//span[contains(text(),'523 -')]]"}
COMMAND: POST /session/21ce62c4ecbe6d238b640e15c86407e3/elements - {"using":"xpath","value":"//li[.//span[contains(text(),'523 -')]]"}
RESULT: {"using":"xpath","value":"//li[.//span[contains(text(),'523 -')]]"}
COMMAND: POST /session/21ce62c4ecbe6d238b640e15c86407e3/elements - {"using":"xpath","value":"//li[.//span[contains(text(),'523 -')]]"}
RESULT: {"using":"xpath","value":"//li[.//span[contains(text(),'523 -')]]"}
COMMAND: POST /session/21ce62c4ecbe6d238b640e15c86407e3/elements - {"using":"xpath","value":"//li[.//span[contains(text(),'523 -')]]"}
RESULT: {"using":"xpath","value":"//li[.//span[contains(text(),'523 -')]]"}
COMMAND: POST /session/21ce62c4ecbe6d238b640e15c86407e3/elements - {"using":"xpath","value":"//li[.//span[contains(text(),'523 -')]]"}
RESULT: {"using":"xpath","value":"//li[.//span[contains(text(),'523 -')]]"}
COMMAND: POST /session/21ce62c4ecbe6d238b640e15c86407e3/elements - {"using":"xpath","value":"//li[.//span[contains(text(),'523 -')]]"}
RESULT: {"using":"xpath","value":"//li[.//span[contains(text(),'523 -')]]"}
COMMAND: POST /session/21ce62c4ecbe6d238b640e15c86407e3/elements - {"using":"xpath","value":"//li[.//span[contains(text(),'523 -')]]"}
RESULT: {"using":"xpath","value":"//li[.//span[contains(text(),'523 -')]]"}
COMMAND: POST /session/21ce62c4ecbe6d238b640e15c86407e3/elements - {"using":"xpath","value":"//li[.//span[contains(text(),'523 -')]]"}
RESULT: {"using":"xpath","value":"//li[.//span[contains(text(),'523 -')]]"}
COMMAND: POST /session/21ce62c4ecbe6d238b640e15c86407e3/elements - {"using":"xpath","value":"//li[.//span[contains(text(),'523 -')]]"}
RESULT: {"using":"xpath","value":"//li[.//span[contains(text(),'523 -')]]"}
COMMAND: POST /session/21ce62c4ecbe6d238b640e15c86407e3/elements - {"using":"xpath","value":"//li[.//span[contains(text(),'523 -')]]"}
RESULT: {"using":"xpath","value":"//li[.//span[contains(text(),'523 -')]]"}
COMMAND: POST /session/21ce62c4ecbe6d238b640e15c86407e3/elements - {"using":"xpath","value":"//li[.//span[contains(text(),'523 -')]]"}
RESULT: {"using":"xpath","value":"//li[.//span[contains(text(),'523 -')]]"}
COMMAND: POST /session/21ce62c4ecbe6d238b640e15c86407e3/elements - {"using":"xpath","value":"//li[.//span[contains(text(),'523 -')]]"}
RESULT: {"using":"xpath","value":"//li[.//span[contains(text(),'523 -')]]"}
COMMAND: POST /session/21ce62c4ecbe6d238b640e15c86407e3/elements - {"using":"xpath","value":"//li[.//span[contains(text(),'523 -')]]"}
RESULT: {"using":"xpath","value":"//li[.//span[contains(text(),'523 -')]]"}
COMMAND: POST /session/21ce62c4ecbe6d238b640e15c86407e3/elements - {"using":"xpath","value":"//li[.//span[contains(text(),'523 -')]]"}
RESULT: {"using":"xpath","value":"//li[.//span[contains(text(),'523 -')]]"}
COMMAND: POST /session/21ce62c4ecbe6d238b640e15c86407e3/elements - {"using":"xpath","value":"//li[.//span[contains(text(),'523 -')]]"}
RESULT: {"using":"xpath","value":"//li[.//span[contains(text(),'523 -')]]"}
COMMAND: POST /session/21ce62c4ecbe6d238b640e15c86407e3/elements - {"using":"xpath","value":"//li[.//span[contains(text(),'523 -')]]"}
RESULT: {"using":"xpath","value":"//li[.//span[contains(text(),'523 -')]]"}
COMMAND: POST /session/21ce62c4ecbe6d238b640e15c86407e3/elements - {"using":"xpath","value":"//li[.//span[contains(text(),'523 -')]]"}
RESULT: {"using":"xpath","value":"//li[.//span[contains(text(),'523 -')]]"}
COMMAND: POST /session/21ce62c4ecbe6d238b640e15c86407e3/elements - {"using":"xpath","value":"//li[.//span[contains(text(),'523 -')]]"}
RESULT: {"using":"xpath","value":"//li[.//span[contains(text(),'523 -')]]"}
COMMAND: POST /session/21ce62c4ecbe6d238b640e15c86407e3/elements - {"using":"xpath","value":"//li[.//span[contains(text(),'523 -')]]"}
RESULT: {"using":"xpath","value":"//li[.//span[contains(text(),'523 -')]]"}
COMMAND: POST /session/21ce62c4ecbe6d238b640e15c86407e3/elements - {"using":"xpath","value":"//li[.//span[contains(text(),'523 -')]]"}
RESULT: {"using":"xpath","value":"//li[.//span[contains(text(),'523 -')]]"}
COMMAND: POST /session/21ce62c4ecbe6d238b640e15c86407e3/elements - {"using":"xpath","value":"//li[.//span[contains(text(),'523 -')]]"}
RESULT: {"using":"xpath","value":"//li[.//span[contains(text(),'523 -')]]"}
COMMAND: POST /session/21ce62c4ecbe6d238b640e15c86407e3/elements - {"using":"xpath","value":"//li[.//span[contains(text(),'523 -')]]"}
RESULT: {"using":"xpath","value":"//li[.//span[contains(text(),'523 -')]]"}
COMMAND: POST /session/21ce62c4ecbe6d238b640e15c86407e3/elements - {"using":"xpath","value":"//li[.//span[contains(text(),'523 -')]]"}
RESULT: {"using":"xpath","value":"//li[.//span[contains(text(),'523 -')]]"}
COMMAND: POST /session/21ce62c4ecbe6d238b640e15c86407e3/elements - {"using":"xpath","value":"//li[.//span[contains(text(),'523 -')]]"}
RESULT: {"using":"xpath","value":"//li[.//span[contains(text(),'523 -')]]"}
COMMAND: POST /session/21ce62c4ecbe6d238b640e15c86407e3/elements - {"using":"xpath","value":"//li[.//span[contains(text(),'523 -')]]"}
RESULT: {"using":"xpath","value":"//li[.//span[contains(text(),'523 -')]]"}
COMMAND: POST /session/21ce62c4ecbe6d238b640e15c86407e3/elements - {"using":"xpath","value":"//li[.//span[contains(text(),'523 -')]]"}
RESULT: {"using":"xpath","value":"//li[.//span[contains(text(),'523 -')]]"}
COMMAND: POST /session/21ce62c4ecbe6d238b640e15c86407e3/elements - {"using":"xpath","value":"//li[.//span[contains(text(),'523 -')]]"}
RESULT: {"using":"xpath","value":"//li[.//span[contains(text(),'523 -')]]"}
COMMAND: POST /session/21ce62c4ecbe6d238b640e15c86407e3/elements - {"using":"xpath","value":"//li[.//span[contains(text(),'523 -')]]"}
RESULT: {"using":"xpath","value":"//li[.//span[contains(text(),'523 -')]]"}
COMMAND: POST /session/21ce62c4ecbe6d238b640e15c86407e3/elements - {"using":"xpath","value":"//li[.//span[contains(text(),'523 -')]]"}
RESULT: {"using":"xpath","value":"//li[.//span[contains(text(),'523 -')]]"}
COMMAND: POST /session/21ce62c4ecbe6d238b640e15c86407e3/elements - {"using":"xpath","value":"//li[.//span[contains(text(),'523 -')]]"}
RESULT: {"using":"xpath","value":"//li[.//span[contains(text(),'523 -')]]"}
COMMAND: POST /session/21ce62c4ecbe6d238b640e15c86407e3/elements - {"using":"xpath","value":"//li[.//span[contains(text(),'523 -')]]"}
RESULT: {"using":"xpath","value":"//li[.//span[contains(text(),'523 -')]]"}
COMMAND: POST /session/21ce62c4ecbe6d238b640e15c86407e3/elements - {"using":"xpath","value":"//li[.//span[contains(text(),'523 -')]]"}
RESULT: {"using":"xpath","value":"//li[.//span[contains(text(),'523 -')]]"}
COMMAND: POST /session/21ce62c4ecbe6d238b640e15c86407e3/elements - {"using":"xpath","value":"//li[.//span[contains(text(),'523 -')]]"}
RESULT: {"using":"xpath","value":"//li[.//span[contains(text(),'523 -')]]"}
COMMAND: POST /session/21ce62c4ecbe6d238b640e15c86407e3/elements - {"using":"xpath","value":"//li[.//span[contains(text(),'523 -')]]"}
RESULT: {"using":"xpath","value":"//li[.//span[contains(text(),'523 -')]]"}
COMMAND: POST /session/21ce62c4ecbe6d238b640e15c86407e3/elements - {"using":"xpath","value":"//li[.//span[contains(text(),'523 -')]]"}
RESULT: {"using":"xpath","value":"//li[.//span[contains(text(),'523 -')]]"}
COMMAND: POST /session/21ce62c4ecbe6d238b640e15c86407e3/elements - {"using":"xpath","value":"//li[.//span[contains(text(),'523 -')]]"}
RESULT: {"using":"xpath","value":"//li[.//span[contains(text(),'523 -')]]"}
COMMAND: POST /session/21ce62c4ecbe6d238b640e15c86407e3/elements - {"using":"xpath","value":"//li[.//span[contains(text(),'523 -')]]"}
RESULT: {"using":"xpath","value":"//li[.//span[contains(text(),'523 -')]]"}
COMMAND: POST /session/21ce62c4ecbe6d238b640e15c86407e3/elements - {"using":"xpath","value":"//li[.//span[contains(text(),'523 -')]]"}
RESULT: {"using":"xpath","value":"//li[.//span[contains(text(),'523 -')]]"}
COMMAND: POST /session/21ce62c4ecbe6d238b640e15c86407e3/elements - {"using":"xpath","value":"//li[.//span[contains(text(),'523 -')]]"}
RESULT: {"using":"xpath","value":"//li[.//span[contains(text(),'523 -')]]"}
COMMAND: POST /session/21ce62c4ecbe6d238b640e15c86407e3/elements - {"using":"xpath","value":"//li[.//span[contains(text(),'523 -')]]"}
RESULT: {"using":"xpath","value":"//li[.//span[contains(text(),'523 -')]]"}
COMMAND: POST /session/21ce62c4ecbe6d238b640e15c86407e3/elements - {"using":"xpath","value":"//li[.//span[contains(text(),'523 -')]]"}
RESULT: {"using":"xpath","value":"//li[.//span[contains(text(),'523 -')]]"}
COMMAND: POST /session/21ce62c4ecbe6d238b640e15c86407e3/elements - {"using":"xpath","value":"//li[.//span[contains(text(),'523 -')]]"}
RESULT: {"using":"xpath","value":"//li[.//span[contains(text(),'523 -')]]"}
COMMAND: POST /session/21ce62c4ecbe6d238b640e15c86407e3/elements - {"using":"xpath","value":"//li[.//span[contains(text(),'523 -')]]"}
RESULT: {"using":"xpath","value":"//li[.//span[contains(text(),'523 -')]]"}
COMMAND: POST /session/21ce62c4ecbe6d238b640e15c86407e3/elements - {"using":"xpath","value":"//li[.//span[contains(text(),'523 -')]]"}
RESULT: {"using":"xpath","value":"//li[.//span[contains(text(),'523 -')]]"}
COMMAND: POST /session/21ce62c4ecbe6d238b640e15c86407e3/elements - {"using":"xpath","value":"//li[.//span[contains(text(),'523 -')]]"}
RESULT: {"using":"xpath","value":"//li[.//span[contains(text(),'523 -')]]"}
COMMAND: POST /session/21ce62c4ecbe6d238b640e15c86407e3/elements - {"using":"xpath","value":"//li[.//span[contains(text(),'523 -')]]"}
RESULT: {"using":"xpath","value":"//li[.//span[contains(text(),'523 -')]]"}
COMMAND: POST /session/21ce62c4ecbe6d238b640e15c86407e3/elements - {"using":"xpath","value":"//li[.//span[contains(text(),'523 -')]]"}
RESULT: {"using":"xpath","value":"//li[.//span[contains(text(),'523 -')]]"}
COMMAND: POST /session/21ce62c4ecbe6d238b640e15c86407e3/elements - {"using":"xpath","value":"//li[.//span[contains(text(),'523 -')]]"}
RESULT: {"using":"xpath","value":"//li[.//span[contains(text(),'523 -')]]"}
COMMAND: POST /session/21ce62c4ecbe6d238b640e15c86407e3/elements - {"using":"xpath","value":"//li[.//span[contains(text(),'523 -')]]"}
RESULT: {"using":"xpath","value":"//li[.//span[contains(text(),'523 -')]]"}
COMMAND: POST /session/21ce62c4ecbe6d238b640e15c86407e3/elements - {"using":"xpath","value":"//li[.//span[contains(text(),'523 -')]]"}
RESULT: {"using":"xpath","value":"//li[.//span[contains(text(),'523 -')]]"}
COMMAND: POST /session/21ce62c4ecbe6d238b640e15c86407e3/elements - {"using":"xpath","value":"//li[.//span[contains(text(),'523 -')]]"}
RESULT: {"using":"xpath","value":"//li[.//span[contains(text(),'523 -')]]"}
COMMAND: POST /session/21ce62c4ecbe6d238b640e15c86407e3/elements - {"using":"xpath","value":"//li[.//span[contains(text(),'523 -')]]"}
RESULT: {"using":"xpath","value":"//li[.//span[contains(text(),'523 -')]]"}
COMMAND: POST /session/21ce62c4ecbe6d238b640e15c86407e3/elements - {"using":"xpath","value":"//li[.//span[contains(text(),'523 -')]]"}
RESULT: {"using":"xpath","value":"//li[.//span[contains(text(),'523 -')]]"}
COMMAND: POST /session/21ce62c4ecbe6d238b640e15c86407e3/elements - {"using":"xpath","value":"//li[.//span[contains(text(),'523 -')]]"}
RESULT: {"using":"xpath","value":"//li[.//span[contains(text(),'523 -')]]"}
COMMAND: POST /session/21ce62c4ecbe6d238b640e15c86407e3/elements - {"using":"xpath","value":"//li[.//span[contains(text(),'523 -')]]"}
RESULT: {"using":"xpath","value":"//li[.//span[contains(text(),'523 -')]]"}
COMMAND: POST /session/21ce62c4ecbe6d238b640e15c86407e3/elements - {"using":"xpath","value":"//li[.//span[contains(text(),'523 -')]]"}
RESULT: {"using":"xpath","value":"//li[.//span[contains(text(),'523 -')]]"}
COMMAND: POST /session/21ce62c4ecbe6d238b640e15c86407e3/elements - {"using":"xpath","value":"//li[.//span[contains(text(),'523 -')]]"}
RESULT: {"using":"xpath","value":"//li[.//span[contains(text(),'523 -')]]"}
COMMAND: POST /session/21ce62c4ecbe6d238b640e15c86407e3/elements - {"using":"xpath","value":"//li[.//span[contains(text(),'523 -')]]"}
RESULT: {"using":"xpath","value":"//li[.//span[contains(text(),'523 -')]]"}
COMMAND: POST /session/21ce62c4ecbe6d238b640e15c86407e3/elements - {"using":"xpath","value":"//li[.//span[contains(text(),'523 -')]]"}
RESULT: {"using":"xpath","value":"//li[.//span[contains(text(),'523 -')]]"}
COMMAND: POST /session/21ce62c4ecbe6d238b640e15c86407e3/elements - {"using":"xpath","value":"//li[.//span[contains(text(),'523 -')]]"}
RESULT: {"using":"xpath","value":"//li[.//span[contains(text(),'523 -')]]"}
COMMAND: POST /session/21ce62c4ecbe6d238b640e15c86407e3/elements - {"using":"xpath","value":"//li[.//span[contains(text(),'523 -')]]"}
RESULT: {"using":"xpath","value":"//li[.//span[contains(text(),'523 -')]]"}
COMMAND: POST /session/21ce62c4ecbe6d238b640e15c86407e3/elements - {"using":"xpath","value":"//li[.//span[contains(text(),'523 -')]]"}
RESULT: {"using":"xpath","value":"//li[.//span[contains(text(),'523 -')]]"}
COMMAND: POST /session/21ce62c4ecbe6d238b640e15c86407e3/elements - {"using":"xpath","value":"//li[.//span[contains(text(),'523 -')]]"}
RESULT: {"using":"xpath","value":"//li[.//span[contains(text(),'523 -')]]"}
COMMAND: POST /session/21ce62c4ecbe6d238b640e15c86407e3/elements - {"using":"xpath","value":"//li[.//span[contains(text(),'523 -')]]"}
RESULT: {"using":"xpath","value":"//li[.//span[contains(text(),'523 -')]]"}
COMMAND: POST /session/21ce62c4ecbe6d238b640e15c86407e3/elements - {"using":"xpath","value":"//li[.//span[contains(text(),'523 -')]]"}
RESULT: {"using":"xpath","value":"//li[.//span[contains(text(),'523 -')]]"}
COMMAND: POST /session/21ce62c4ecbe6d238b640e15c86407e3/elements - {"using":"xpath","value":"//li[.//span[contains(text(),'523 -')]]"}
RESULT: {"using":"xpath","value":"//li[.//span[contains(text(),'523 -')]]"}
COMMAND: POST /session/21ce62c4ecbe6d238b640e15c86407e3/elements - {"using":"xpath","value":"//li[.//span[contains(text(),'523 -')]]"}
RESULT: {"using":"xpath","value":"//li[.//span[contains(text(),'523 -')]]"}
COMMAND: POST /session/21ce62c4ecbe6d238b640e15c86407e3/elements - {"using":"xpath","value":"//li[.//span[contains(text(),'523 -')]]"}
RESULT: {"using":"xpath","value":"//li[.//span[contains(text(),'523 -')]]"}
COMMAND: POST /session/21ce62c4ecbe6d238b640e15c86407e3/elements - {"using":"xpath","value":"//li[.//span[contains(text(),'523 -')]]"}
RESULT: {"using":"xpath","value":"//li[.//span[contains(text(),'523 -')]]"}
COMMAND: POST /session/21ce62c4ecbe6d238b640e15c86407e3/elements - {"using":"xpath","value":"//li[.//span[contains(text(),'523 -')]]"}
RESULT: {"using":"xpath","value":"//li[.//span[contains(text(),'523 -')]]"}
COMMAND: POST /session/21ce62c4ecbe6d238b640e15c86407e3/elements - {"using":"xpath","value":"//li[.//span[contains(text(),'523 -')]]"}
RESULT: {"using":"xpath","value":"//li[.//span[contains(text(),'523 -')]]"}
COMMAND: POST /session/21ce62c4ecbe6d238b640e15c86407e3/elements - {"using":"xpath","value":"//li[.//span[contains(text(),'523 -')]]"}
RESULT: {"using":"xpath","value":"//li[.//span[contains(text(),'523 -')]]"}
COMMAND: POST /session/21ce62c4ecbe6d238b640e15c86407e3/elements - {"using":"xpath","value":"//li[.//span[contains(text(),'523 -')]]"}
RESULT: {"using":"xpath","value":"//li[.//span[contains(text(),'523 -')]]"}
COMMAND: POST /session/21ce62c4ecbe6d238b640e15c86407e3/elements - {"using":"xpath","value":"//li[.//span[contains(text(),'523 -')]]"}
RESULT: {"using":"xpath","value":"//li[.//span[contains(text(),'523 -')]]"}
COMMAND: POST /session/21ce62c4ecbe6d238b640e15c86407e3/elements - {"using":"xpath","value":"//li[.//span[contains(text(),'523 -')]]"}
RESULT: {"using":"xpath","value":"//li[.//span[contains(text(),'523 -')]]"}
COMMAND: POST /session/21ce62c4ecbe6d238b640e15c86407e3/elements - {"using":"xpath","value":"//li[.//span[contains(text(),'523 -')]]"}
RESULT: {"using":"xpath","value":"//li[.//span[contains(text(),'523 -')]]"}
COMMAND: POST /session/21ce62c4ecbe6d238b640e15c86407e3/elements - {"using":"xpath","value":"//li[.//span[contains(text(),'523 -')]]"}
RESULT: {"using":"xpath","value":"//li[.//span[contains(text(),'523 -')]]"}
COMMAND: POST /session/21ce62c4ecbe6d238b640e15c86407e3/elements - {"using":"xpath","value":"//li[.//span[contains(text(),'523 -')]]"}
RESULT: {"using":"xpath","value":"//li[.//span[contains(text(),'523 -')]]"}
COMMAND: POST /session/21ce62c4ecbe6d238b640e15c86407e3/elements - {"using":"xpath","value":"//li[.//span[contains(text(),'523 -')]]"}
RESULT: {"using":"xpath","value":"//li[.//span[contains(text(),'523 -')]]"}
COMMAND: POST /session/21ce62c4ecbe6d238b640e15c86407e3/elements - {"using":"xpath","value":"//li[.//span[contains(text(),'523 -')]]"}
RESULT: {"using":"xpath","value":"//li[.//span[contains(text(),'523 -')]]"}
COMMAND: POST /session/21ce62c4ecbe6d238b640e15c86407e3/elements - {"using":"xpath","value":"//li[.//span[contains(text(),'523 -')]]"}
RESULT: {"using":"xpath","value":"//li[.//span[contains(text(),'523 -')]]"}
COMMAND: POST /session/21ce62c4ecbe6d238b640e15c86407e3/elements - {"using":"xpath","value":"//li[.//span[contains(text(),'523 -')]]"}
RESULT: {"using":"xpath","value":"//li[.//span[contains(text(),'523 -')]]"}
COMMAND: POST /session/21ce62c4ecbe6d238b640e15c86407e3/elements - {"using":"xpath","value":"//li[.//span[contains(text(),'523 -')]]"}
RESULT: {"using":"xpath","value":"//li[.//span[contains(text(),'523 -')]]"}
COMMAND: POST /session/21ce62c4ecbe6d238b640e15c86407e3/elements - {"using":"xpath","value":"//li[.//span[contains(text(),'523 -')]]"}
RESULT: {"using":"xpath","value":"//li[.//span[contains(text(),'523 -')]]"}
COMMAND: POST /session/21ce62c4ecbe6d238b640e15c86407e3/elements - {"using":"xpath","value":"//li[.//span[contains(text(),'523 -')]]"}
RESULT: {"using":"xpath","value":"//li[.//span[contains(text(),'523 -')]]"}
COMMAND: POST /session/21ce62c4ecbe6d238b640e15c86407e3/elements - {"using":"xpath","value":"//li[.//span[contains(text(),'523 -')]]"}
RESULT: {"using":"xpath","value":"//li[.//span[contains(text(),'523 -')]]"}
COMMAND: POST /session/21ce62c4ecbe6d238b640e15c86407e3/elements - {"using":"xpath","value":"//li[.//span[contains(text(),'523 -')]]"}
RESULT: {"using":"xpath","value":"//li[.//span[contains(text(),'523 -')]]"}
COMMAND: POST /session/21ce62c4ecbe6d238b640e15c86407e3/elements - {"using":"xpath","value":"//li[.//span[contains(text(),'523 -')]]"}
RESULT: {"using":"xpath","value":"//li[.//span[contains(text(),'523 -')]]"}
COMMAND: POST /session/21ce62c4ecbe6d238b640e15c86407e3/elements - {"using":"xpath","value":"//li[.//span[contains(text(),'523 -')]]"}
RESULT: {"using":"xpath","value":"//li[.//span[contains(text(),'523 -')]]"}
COMMAND: POST /session/21ce62c4ecbe6d238b640e15c86407e3/elements - {"using":"xpath","value":"//li[.//span[contains(text(),'523 -')]]"}
RESULT: {"using":"xpath","value":"//li[.//span[contains(text(),'523 -')]]"}
COMMAND: POST /session/21ce62c4ecbe6d238b640e15c86407e3/elements - {"using":"xpath","value":"//li[.//span[contains(text(),'523 -')]]"}
RESULT: {"using":"xpath","value":"//li[.//span[contains(text(),'523 -')]]"}
COMMAND: POST /session/21ce62c4ecbe6d238b640e15c86407e3/elements - {"using":"xpath","value":"//li[.//span[contains(text(),'523 -')]]"}
RESULT: {"using":"xpath","value":"//li[.//span[contains(text(),'523 -')]]"}
COMMAND: POST /session/21ce62c4ecbe6d238b640e15c86407e3/elements - {"using":"xpath","value":"//li[.//span[contains(text(),'523 -')]]"}
RESULT: {"using":"xpath","value":"//li[.//span[contains(text(),'523 -')]]"}
COMMAND: POST /session/21ce62c4ecbe6d238b640e15c86407e3/elements - {"using":"xpath","value":"//li[.//span[contains(text(),'523 -')]]"}
RESULT: {"using":"xpath","value":"//li[.//span[contains(text(),'523 -')]]"}
COMMAND: POST /session/21ce62c4ecbe6d238b640e15c86407e3/elements - {"using":"xpath","value":"//li[.//span[contains(text(),'523 -')]]"}
RESULT: {"using":"xpath","value":"//li[.//span[contains(text(),'523 -')]]"}
COMMAND: POST /session/21ce62c4ecbe6d238b640e15c86407e3/elements - {"using":"xpath","value":"//li[.//span[contains(text(),'523 -')]]"}
RESULT: {"using":"xpath","value":"//li[.//span[contains(text(),'523 -')]]"}
COMMAND: POST /session/21ce62c4ecbe6d238b640e15c86407e3/elements - {"using":"xpath","value":"//li[.//span[contains(text(),'523 -')]]"}
RESULT: {"using":"xpath","value":"//li[.//span[contains(text(),'523 -')]]"}
COMMAND: POST /session/21ce62c4ecbe6d238b640e15c86407e3/elements - {"using":"xpath","value":"//li[.//span[contains(text(),'523 -')]]"}
RESULT: {"using":"xpath","value":"//li[.//span[contains(text(),'523 -')]]"}
COMMAND: POST /session/21ce62c4ecbe6d238b640e15c86407e3/elements - {"using":"xpath","value":"//li[.//span[contains(text(),'523 -')]]"}
RESULT: {"using":"xpath","value":"//li[.//span[contains(text(),'523 -')]]"}
COMMAND: POST /session/21ce62c4ecbe6d238b640e15c86407e3/elements - {"using":"xpath","value":"//li[.//span[contains(text(),'523 -')]]"}
RESULT: {"using":"xpath","value":"//li[.//span[contains(text(),'523 -')]]"}
COMMAND: GET /session/21ce62c4ecbe6d238b640e15c86407e3/screenshot - {}
RESULT: {}
]]></system-out>
      <system-err><![CDATA[
Error: Can't call click on element with selector "//li[.//span[contains(text(),'523 -')]]" because element wasn't found
    at async UtilsPrerequisites.stockIncrease (D:\a\1\s\test\specs\BTS\prerequisites-and-utils-functions.js:1638:9)
    at async Context.<anonymous> (D:\a\1\s\test\specs\HTR\provide-to-site-w-warehouse-wo-clarification.spec.js:70:9)
]]></system-err>
    </testcase>
    <testcase classname="chrome.136_0_7103_93.windows.Provide_to_Site_w/_warehouse_management_wo_clarification" name="Should create a new contract" time="60.099">
      <failure/>
      <error message="element (&quot;//button[@data-kt=&quot;addButton&quot;]&quot;) still not existing after 45000ms"/>
      <system-out><![CDATA[
COMMAND: POST /session/21ce62c4ecbe6d238b640e15c86407e3/execute/async - {"script":"<script> [1562 bytes]","args":[{"selector":{"controlType":"sap.m.GenericTile","properties":{"header":"Manage Contracts"}},"wdio_ui5_key":"sapm.GenericTile{\"header\":\"Manage Contracts\"}"}]}
COMMAND: GET /session/21ce62c4ecbe6d238b640e15c86407e3/screenshot - {}
RESULT: {"script":"<script> [1562 bytes]","args":[{"selector":{"controlType":"sap.m.GenericTile","properties":{"header":"Manage Contracts"}},"wdio_ui5_key":"sapm.GenericTile{\"header\":\"Manage Contracts\"}"}]}
RESULT: undefined
RESULT: {}
COMMAND: POST /session/21ce62c4ecbe6d238b640e15c86407e3/elements - {"using":"xpath","value":"//span[text()='Error']"}
RESULT: {"using":"xpath","value":"//span[text()='Error']"}
COMMAND: POST /session/21ce62c4ecbe6d238b640e15c86407e3/element - {"using":"xpath","value":"//button[@data-kt=\"addButton\"]"}
RESULT: {"using":"xpath","value":"//button[@data-kt=\"addButton\"]"}
COMMAND: POST /session/21ce62c4ecbe6d238b640e15c86407e3/elements - {"using":"xpath","value":"//button[@data-kt=\"addButton\"]"}
RESULT: {"using":"xpath","value":"//button[@data-kt=\"addButton\"]"}
COMMAND: POST /session/21ce62c4ecbe6d238b640e15c86407e3/elements - {"using":"xpath","value":"//button[@data-kt=\"addButton\"]"}
RESULT: {"using":"xpath","value":"//button[@data-kt=\"addButton\"]"}
COMMAND: POST /session/21ce62c4ecbe6d238b640e15c86407e3/elements - {"using":"xpath","value":"//button[@data-kt=\"addButton\"]"}
RESULT: {"using":"xpath","value":"//button[@data-kt=\"addButton\"]"}
COMMAND: POST /session/21ce62c4ecbe6d238b640e15c86407e3/elements - {"using":"xpath","value":"//button[@data-kt=\"addButton\"]"}
RESULT: {"using":"xpath","value":"//button[@data-kt=\"addButton\"]"}
COMMAND: POST /session/21ce62c4ecbe6d238b640e15c86407e3/elements - {"using":"xpath","value":"//button[@data-kt=\"addButton\"]"}
RESULT: {"using":"xpath","value":"//button[@data-kt=\"addButton\"]"}
COMMAND: POST /session/21ce62c4ecbe6d238b640e15c86407e3/elements - {"using":"xpath","value":"//button[@data-kt=\"addButton\"]"}
RESULT: {"using":"xpath","value":"//button[@data-kt=\"addButton\"]"}
COMMAND: POST /session/21ce62c4ecbe6d238b640e15c86407e3/elements - {"using":"xpath","value":"//button[@data-kt=\"addButton\"]"}
RESULT: {"using":"xpath","value":"//button[@data-kt=\"addButton\"]"}
COMMAND: POST /session/21ce62c4ecbe6d238b640e15c86407e3/elements - {"using":"xpath","value":"//button[@data-kt=\"addButton\"]"}
RESULT: {"using":"xpath","value":"//button[@data-kt=\"addButton\"]"}
COMMAND: POST /session/21ce62c4ecbe6d238b640e15c86407e3/elements - {"using":"xpath","value":"//button[@data-kt=\"addButton\"]"}
RESULT: {"using":"xpath","value":"//button[@data-kt=\"addButton\"]"}
COMMAND: POST /session/21ce62c4ecbe6d238b640e15c86407e3/elements - {"using":"xpath","value":"//button[@data-kt=\"addButton\"]"}
RESULT: {"using":"xpath","value":"//button[@data-kt=\"addButton\"]"}
COMMAND: POST /session/21ce62c4ecbe6d238b640e15c86407e3/elements - {"using":"xpath","value":"//button[@data-kt=\"addButton\"]"}
RESULT: {"using":"xpath","value":"//button[@data-kt=\"addButton\"]"}
COMMAND: POST /session/21ce62c4ecbe6d238b640e15c86407e3/elements - {"using":"xpath","value":"//button[@data-kt=\"addButton\"]"}
RESULT: {"using":"xpath","value":"//button[@data-kt=\"addButton\"]"}
COMMAND: POST /session/21ce62c4ecbe6d238b640e15c86407e3/elements - {"using":"xpath","value":"//button[@data-kt=\"addButton\"]"}
RESULT: {"using":"xpath","value":"//button[@data-kt=\"addButton\"]"}
COMMAND: POST /session/21ce62c4ecbe6d238b640e15c86407e3/elements - {"using":"xpath","value":"//button[@data-kt=\"addButton\"]"}
RESULT: {"using":"xpath","value":"//button[@data-kt=\"addButton\"]"}
COMMAND: POST /session/21ce62c4ecbe6d238b640e15c86407e3/elements - {"using":"xpath","value":"//button[@data-kt=\"addButton\"]"}
RESULT: {"using":"xpath","value":"//button[@data-kt=\"addButton\"]"}
COMMAND: POST /session/21ce62c4ecbe6d238b640e15c86407e3/elements - {"using":"xpath","value":"//button[@data-kt=\"addButton\"]"}
RESULT: {"using":"xpath","value":"//button[@data-kt=\"addButton\"]"}
COMMAND: POST /session/21ce62c4ecbe6d238b640e15c86407e3/elements - {"using":"xpath","value":"//button[@data-kt=\"addButton\"]"}
RESULT: {"using":"xpath","value":"//button[@data-kt=\"addButton\"]"}
COMMAND: POST /session/21ce62c4ecbe6d238b640e15c86407e3/elements - {"using":"xpath","value":"//button[@data-kt=\"addButton\"]"}
RESULT: {"using":"xpath","value":"//button[@data-kt=\"addButton\"]"}
COMMAND: POST /session/21ce62c4ecbe6d238b640e15c86407e3/elements - {"using":"xpath","value":"//button[@data-kt=\"addButton\"]"}
RESULT: {"using":"xpath","value":"//button[@data-kt=\"addButton\"]"}
COMMAND: POST /session/21ce62c4ecbe6d238b640e15c86407e3/elements - {"using":"xpath","value":"//button[@data-kt=\"addButton\"]"}
RESULT: {"using":"xpath","value":"//button[@data-kt=\"addButton\"]"}
COMMAND: POST /session/21ce62c4ecbe6d238b640e15c86407e3/elements - {"using":"xpath","value":"//button[@data-kt=\"addButton\"]"}
RESULT: {"using":"xpath","value":"//button[@data-kt=\"addButton\"]"}
COMMAND: POST /session/21ce62c4ecbe6d238b640e15c86407e3/elements - {"using":"xpath","value":"//button[@data-kt=\"addButton\"]"}
RESULT: {"using":"xpath","value":"//button[@data-kt=\"addButton\"]"}
COMMAND: POST /session/21ce62c4ecbe6d238b640e15c86407e3/elements - {"using":"xpath","value":"//button[@data-kt=\"addButton\"]"}
RESULT: {"using":"xpath","value":"//button[@data-kt=\"addButton\"]"}
COMMAND: POST /session/21ce62c4ecbe6d238b640e15c86407e3/elements - {"using":"xpath","value":"//button[@data-kt=\"addButton\"]"}
RESULT: {"using":"xpath","value":"//button[@data-kt=\"addButton\"]"}
COMMAND: POST /session/21ce62c4ecbe6d238b640e15c86407e3/elements - {"using":"xpath","value":"//button[@data-kt=\"addButton\"]"}
RESULT: {"using":"xpath","value":"//button[@data-kt=\"addButton\"]"}
COMMAND: POST /session/21ce62c4ecbe6d238b640e15c86407e3/elements - {"using":"xpath","value":"//button[@data-kt=\"addButton\"]"}
RESULT: {"using":"xpath","value":"//button[@data-kt=\"addButton\"]"}
COMMAND: POST /session/21ce62c4ecbe6d238b640e15c86407e3/elements - {"using":"xpath","value":"//button[@data-kt=\"addButton\"]"}
RESULT: {"using":"xpath","value":"//button[@data-kt=\"addButton\"]"}
COMMAND: POST /session/21ce62c4ecbe6d238b640e15c86407e3/elements - {"using":"xpath","value":"//button[@data-kt=\"addButton\"]"}
RESULT: {"using":"xpath","value":"//button[@data-kt=\"addButton\"]"}
COMMAND: POST /session/21ce62c4ecbe6d238b640e15c86407e3/elements - {"using":"xpath","value":"//button[@data-kt=\"addButton\"]"}
RESULT: {"using":"xpath","value":"//button[@data-kt=\"addButton\"]"}
COMMAND: POST /session/21ce62c4ecbe6d238b640e15c86407e3/elements - {"using":"xpath","value":"//button[@data-kt=\"addButton\"]"}
RESULT: {"using":"xpath","value":"//button[@data-kt=\"addButton\"]"}
COMMAND: POST /session/21ce62c4ecbe6d238b640e15c86407e3/elements - {"using":"xpath","value":"//button[@data-kt=\"addButton\"]"}
RESULT: {"using":"xpath","value":"//button[@data-kt=\"addButton\"]"}
COMMAND: POST /session/21ce62c4ecbe6d238b640e15c86407e3/elements - {"using":"xpath","value":"//button[@data-kt=\"addButton\"]"}
RESULT: {"using":"xpath","value":"//button[@data-kt=\"addButton\"]"}
COMMAND: POST /session/21ce62c4ecbe6d238b640e15c86407e3/elements - {"using":"xpath","value":"//button[@data-kt=\"addButton\"]"}
RESULT: {"using":"xpath","value":"//button[@data-kt=\"addButton\"]"}
COMMAND: POST /session/21ce62c4ecbe6d238b640e15c86407e3/elements - {"using":"xpath","value":"//button[@data-kt=\"addButton\"]"}
RESULT: {"using":"xpath","value":"//button[@data-kt=\"addButton\"]"}
COMMAND: POST /session/21ce62c4ecbe6d238b640e15c86407e3/elements - {"using":"xpath","value":"//button[@data-kt=\"addButton\"]"}
RESULT: {"using":"xpath","value":"//button[@data-kt=\"addButton\"]"}
COMMAND: POST /session/21ce62c4ecbe6d238b640e15c86407e3/elements - {"using":"xpath","value":"//button[@data-kt=\"addButton\"]"}
RESULT: {"using":"xpath","value":"//button[@data-kt=\"addButton\"]"}
COMMAND: POST /session/21ce62c4ecbe6d238b640e15c86407e3/elements - {"using":"xpath","value":"//button[@data-kt=\"addButton\"]"}
RESULT: {"using":"xpath","value":"//button[@data-kt=\"addButton\"]"}
COMMAND: POST /session/21ce62c4ecbe6d238b640e15c86407e3/elements - {"using":"xpath","value":"//button[@data-kt=\"addButton\"]"}
RESULT: {"using":"xpath","value":"//button[@data-kt=\"addButton\"]"}
COMMAND: POST /session/21ce62c4ecbe6d238b640e15c86407e3/elements - {"using":"xpath","value":"//button[@data-kt=\"addButton\"]"}
RESULT: {"using":"xpath","value":"//button[@data-kt=\"addButton\"]"}
COMMAND: POST /session/21ce62c4ecbe6d238b640e15c86407e3/elements - {"using":"xpath","value":"//button[@data-kt=\"addButton\"]"}
RESULT: {"using":"xpath","value":"//button[@data-kt=\"addButton\"]"}
COMMAND: POST /session/21ce62c4ecbe6d238b640e15c86407e3/elements - {"using":"xpath","value":"//button[@data-kt=\"addButton\"]"}
RESULT: {"using":"xpath","value":"//button[@data-kt=\"addButton\"]"}
COMMAND: POST /session/21ce62c4ecbe6d238b640e15c86407e3/elements - {"using":"xpath","value":"//button[@data-kt=\"addButton\"]"}
RESULT: {"using":"xpath","value":"//button[@data-kt=\"addButton\"]"}
COMMAND: POST /session/21ce62c4ecbe6d238b640e15c86407e3/elements - {"using":"xpath","value":"//button[@data-kt=\"addButton\"]"}
RESULT: {"using":"xpath","value":"//button[@data-kt=\"addButton\"]"}
COMMAND: POST /session/21ce62c4ecbe6d238b640e15c86407e3/elements - {"using":"xpath","value":"//button[@data-kt=\"addButton\"]"}
RESULT: {"using":"xpath","value":"//button[@data-kt=\"addButton\"]"}
COMMAND: POST /session/21ce62c4ecbe6d238b640e15c86407e3/elements - {"using":"xpath","value":"//button[@data-kt=\"addButton\"]"}
RESULT: {"using":"xpath","value":"//button[@data-kt=\"addButton\"]"}
COMMAND: POST /session/21ce62c4ecbe6d238b640e15c86407e3/elements - {"using":"xpath","value":"//button[@data-kt=\"addButton\"]"}
RESULT: {"using":"xpath","value":"//button[@data-kt=\"addButton\"]"}
COMMAND: POST /session/21ce62c4ecbe6d238b640e15c86407e3/elements - {"using":"xpath","value":"//button[@data-kt=\"addButton\"]"}
RESULT: {"using":"xpath","value":"//button[@data-kt=\"addButton\"]"}
COMMAND: POST /session/21ce62c4ecbe6d238b640e15c86407e3/elements - {"using":"xpath","value":"//button[@data-kt=\"addButton\"]"}
RESULT: {"using":"xpath","value":"//button[@data-kt=\"addButton\"]"}
COMMAND: POST /session/21ce62c4ecbe6d238b640e15c86407e3/elements - {"using":"xpath","value":"//button[@data-kt=\"addButton\"]"}
RESULT: {"using":"xpath","value":"//button[@data-kt=\"addButton\"]"}
COMMAND: POST /session/21ce62c4ecbe6d238b640e15c86407e3/elements - {"using":"xpath","value":"//button[@data-kt=\"addButton\"]"}
RESULT: {"using":"xpath","value":"//button[@data-kt=\"addButton\"]"}
COMMAND: POST /session/21ce62c4ecbe6d238b640e15c86407e3/elements - {"using":"xpath","value":"//button[@data-kt=\"addButton\"]"}
RESULT: {"using":"xpath","value":"//button[@data-kt=\"addButton\"]"}
COMMAND: POST /session/21ce62c4ecbe6d238b640e15c86407e3/elements - {"using":"xpath","value":"//button[@data-kt=\"addButton\"]"}
RESULT: {"using":"xpath","value":"//button[@data-kt=\"addButton\"]"}
COMMAND: POST /session/21ce62c4ecbe6d238b640e15c86407e3/elements - {"using":"xpath","value":"//button[@data-kt=\"addButton\"]"}
RESULT: {"using":"xpath","value":"//button[@data-kt=\"addButton\"]"}
COMMAND: POST /session/21ce62c4ecbe6d238b640e15c86407e3/elements - {"using":"xpath","value":"//button[@data-kt=\"addButton\"]"}
RESULT: {"using":"xpath","value":"//button[@data-kt=\"addButton\"]"}
COMMAND: POST /session/21ce62c4ecbe6d238b640e15c86407e3/elements - {"using":"xpath","value":"//button[@data-kt=\"addButton\"]"}
RESULT: {"using":"xpath","value":"//button[@data-kt=\"addButton\"]"}
COMMAND: POST /session/21ce62c4ecbe6d238b640e15c86407e3/elements - {"using":"xpath","value":"//button[@data-kt=\"addButton\"]"}
RESULT: {"using":"xpath","value":"//button[@data-kt=\"addButton\"]"}
COMMAND: POST /session/21ce62c4ecbe6d238b640e15c86407e3/elements - {"using":"xpath","value":"//button[@data-kt=\"addButton\"]"}
RESULT: {"using":"xpath","value":"//button[@data-kt=\"addButton\"]"}
COMMAND: POST /session/21ce62c4ecbe6d238b640e15c86407e3/elements - {"using":"xpath","value":"//button[@data-kt=\"addButton\"]"}
RESULT: {"using":"xpath","value":"//button[@data-kt=\"addButton\"]"}
COMMAND: POST /session/21ce62c4ecbe6d238b640e15c86407e3/elements - {"using":"xpath","value":"//button[@data-kt=\"addButton\"]"}
RESULT: {"using":"xpath","value":"//button[@data-kt=\"addButton\"]"}
COMMAND: POST /session/21ce62c4ecbe6d238b640e15c86407e3/elements - {"using":"xpath","value":"//button[@data-kt=\"addButton\"]"}
RESULT: {"using":"xpath","value":"//button[@data-kt=\"addButton\"]"}
COMMAND: POST /session/21ce62c4ecbe6d238b640e15c86407e3/elements - {"using":"xpath","value":"//button[@data-kt=\"addButton\"]"}
RESULT: {"using":"xpath","value":"//button[@data-kt=\"addButton\"]"}
COMMAND: POST /session/21ce62c4ecbe6d238b640e15c86407e3/elements - {"using":"xpath","value":"//button[@data-kt=\"addButton\"]"}
RESULT: {"using":"xpath","value":"//button[@data-kt=\"addButton\"]"}
COMMAND: POST /session/21ce62c4ecbe6d238b640e15c86407e3/elements - {"using":"xpath","value":"//button[@data-kt=\"addButton\"]"}
RESULT: {"using":"xpath","value":"//button[@data-kt=\"addButton\"]"}
COMMAND: POST /session/21ce62c4ecbe6d238b640e15c86407e3/elements - {"using":"xpath","value":"//button[@data-kt=\"addButton\"]"}
RESULT: {"using":"xpath","value":"//button[@data-kt=\"addButton\"]"}
COMMAND: POST /session/21ce62c4ecbe6d238b640e15c86407e3/elements - {"using":"xpath","value":"//button[@data-kt=\"addButton\"]"}
RESULT: {"using":"xpath","value":"//button[@data-kt=\"addButton\"]"}
COMMAND: POST /session/21ce62c4ecbe6d238b640e15c86407e3/elements - {"using":"xpath","value":"//button[@data-kt=\"addButton\"]"}
RESULT: {"using":"xpath","value":"//button[@data-kt=\"addButton\"]"}
COMMAND: POST /session/21ce62c4ecbe6d238b640e15c86407e3/elements - {"using":"xpath","value":"//button[@data-kt=\"addButton\"]"}
RESULT: {"using":"xpath","value":"//button[@data-kt=\"addButton\"]"}
COMMAND: POST /session/21ce62c4ecbe6d238b640e15c86407e3/elements - {"using":"xpath","value":"//button[@data-kt=\"addButton\"]"}
RESULT: {"using":"xpath","value":"//button[@data-kt=\"addButton\"]"}
COMMAND: POST /session/21ce62c4ecbe6d238b640e15c86407e3/elements - {"using":"xpath","value":"//button[@data-kt=\"addButton\"]"}
RESULT: {"using":"xpath","value":"//button[@data-kt=\"addButton\"]"}
COMMAND: POST /session/21ce62c4ecbe6d238b640e15c86407e3/elements - {"using":"xpath","value":"//button[@data-kt=\"addButton\"]"}
RESULT: {"using":"xpath","value":"//button[@data-kt=\"addButton\"]"}
COMMAND: POST /session/21ce62c4ecbe6d238b640e15c86407e3/elements - {"using":"xpath","value":"//button[@data-kt=\"addButton\"]"}
RESULT: {"using":"xpath","value":"//button[@data-kt=\"addButton\"]"}
COMMAND: POST /session/21ce62c4ecbe6d238b640e15c86407e3/elements - {"using":"xpath","value":"//button[@data-kt=\"addButton\"]"}
RESULT: {"using":"xpath","value":"//button[@data-kt=\"addButton\"]"}
COMMAND: POST /session/21ce62c4ecbe6d238b640e15c86407e3/elements - {"using":"xpath","value":"//button[@data-kt=\"addButton\"]"}
RESULT: {"using":"xpath","value":"//button[@data-kt=\"addButton\"]"}
COMMAND: POST /session/21ce62c4ecbe6d238b640e15c86407e3/elements - {"using":"xpath","value":"//button[@data-kt=\"addButton\"]"}
RESULT: {"using":"xpath","value":"//button[@data-kt=\"addButton\"]"}
COMMAND: POST /session/21ce62c4ecbe6d238b640e15c86407e3/elements - {"using":"xpath","value":"//button[@data-kt=\"addButton\"]"}
RESULT: {"using":"xpath","value":"//button[@data-kt=\"addButton\"]"}
COMMAND: POST /session/21ce62c4ecbe6d238b640e15c86407e3/elements - {"using":"xpath","value":"//button[@data-kt=\"addButton\"]"}
RESULT: {"using":"xpath","value":"//button[@data-kt=\"addButton\"]"}
COMMAND: POST /session/21ce62c4ecbe6d238b640e15c86407e3/elements - {"using":"xpath","value":"//button[@data-kt=\"addButton\"]"}
RESULT: {"using":"xpath","value":"//button[@data-kt=\"addButton\"]"}
COMMAND: POST /session/21ce62c4ecbe6d238b640e15c86407e3/elements - {"using":"xpath","value":"//button[@data-kt=\"addButton\"]"}
RESULT: {"using":"xpath","value":"//button[@data-kt=\"addButton\"]"}
COMMAND: POST /session/21ce62c4ecbe6d238b640e15c86407e3/elements - {"using":"xpath","value":"//button[@data-kt=\"addButton\"]"}
RESULT: {"using":"xpath","value":"//button[@data-kt=\"addButton\"]"}
COMMAND: POST /session/21ce62c4ecbe6d238b640e15c86407e3/elements - {"using":"xpath","value":"//button[@data-kt=\"addButton\"]"}
RESULT: {"using":"xpath","value":"//button[@data-kt=\"addButton\"]"}
COMMAND: POST /session/21ce62c4ecbe6d238b640e15c86407e3/elements - {"using":"xpath","value":"//button[@data-kt=\"addButton\"]"}
RESULT: {"using":"xpath","value":"//button[@data-kt=\"addButton\"]"}
COMMAND: POST /session/21ce62c4ecbe6d238b640e15c86407e3/elements - {"using":"xpath","value":"//button[@data-kt=\"addButton\"]"}
RESULT: {"using":"xpath","value":"//button[@data-kt=\"addButton\"]"}
COMMAND: POST /session/21ce62c4ecbe6d238b640e15c86407e3/elements - {"using":"xpath","value":"//button[@data-kt=\"addButton\"]"}
RESULT: {"using":"xpath","value":"//button[@data-kt=\"addButton\"]"}
COMMAND: POST /session/21ce62c4ecbe6d238b640e15c86407e3/elements - {"using":"xpath","value":"//button[@data-kt=\"addButton\"]"}
RESULT: {"using":"xpath","value":"//button[@data-kt=\"addButton\"]"}
COMMAND: POST /session/21ce62c4ecbe6d238b640e15c86407e3/elements - {"using":"xpath","value":"//button[@data-kt=\"addButton\"]"}
RESULT: {"using":"xpath","value":"//button[@data-kt=\"addButton\"]"}
COMMAND: POST /session/21ce62c4ecbe6d238b640e15c86407e3/elements - {"using":"xpath","value":"//button[@data-kt=\"addButton\"]"}
RESULT: {"using":"xpath","value":"//button[@data-kt=\"addButton\"]"}
COMMAND: POST /session/21ce62c4ecbe6d238b640e15c86407e3/elements - {"using":"xpath","value":"//button[@data-kt=\"addButton\"]"}
RESULT: {"using":"xpath","value":"//button[@data-kt=\"addButton\"]"}
COMMAND: POST /session/21ce62c4ecbe6d238b640e15c86407e3/elements - {"using":"xpath","value":"//button[@data-kt=\"addButton\"]"}
RESULT: {"using":"xpath","value":"//button[@data-kt=\"addButton\"]"}
COMMAND: POST /session/21ce62c4ecbe6d238b640e15c86407e3/elements - {"using":"xpath","value":"//button[@data-kt=\"addButton\"]"}
RESULT: {"using":"xpath","value":"//button[@data-kt=\"addButton\"]"}
COMMAND: POST /session/21ce62c4ecbe6d238b640e15c86407e3/elements - {"using":"xpath","value":"//button[@data-kt=\"addButton\"]"}
RESULT: {"using":"xpath","value":"//button[@data-kt=\"addButton\"]"}
COMMAND: GET /session/21ce62c4ecbe6d238b640e15c86407e3/screenshot - {}
RESULT: {}
]]></system-out>
      <system-err><![CDATA[
Error: element ("//button[@data-kt="addButton"]") still not existing after 45000ms
    at async UtilsPrerequisites.contractCreation (D:\a\1\s\test\specs\BTS\prerequisites-and-utils-functions.js:1741:9)
    at async Context.<anonymous> (D:\a\1\s\test\specs\HTR\provide-to-site-w-warehouse-wo-clarification.spec.js:74:49)
]]></system-err>
    </testcase>
    <testcase classname="chrome.136_0_7103_93.windows.Provide_to_Site_w/_warehouse_management_wo_clarification" name="Should add equipment to the contract" time="60.527">
      <failure/>
      <error message="Can't call click on element with selector &quot;//button[@data-kt=&quot;contractDetailEditBtnButton&quot;]&quot; because element wasn't found"/>
      <system-out><![CDATA[
COMMAND: POST /session/21ce62c4ecbe6d238b640e15c86407e3/element - {"using":"xpath","value":"//button[@data-kt=\"contractDetailEditBtnButton\"]"}
COMMAND: GET /session/21ce62c4ecbe6d238b640e15c86407e3/screenshot - {}
RESULT: {"using":"xpath","value":"//button[@data-kt=\"contractDetailEditBtnButton\"]"}
COMMAND: POST /session/21ce62c4ecbe6d238b640e15c86407e3/elements - {"using":"xpath","value":"//button[@data-kt=\"contractDetailEditBtnButton\"]"}
RESULT: {}
RESULT: {"using":"xpath","value":"//button[@data-kt=\"contractDetailEditBtnButton\"]"}
COMMAND: POST /session/21ce62c4ecbe6d238b640e15c86407e3/elements - {"using":"xpath","value":"//button[@data-kt=\"contractDetailEditBtnButton\"]"}
RESULT: {"using":"xpath","value":"//button[@data-kt=\"contractDetailEditBtnButton\"]"}
COMMAND: POST /session/21ce62c4ecbe6d238b640e15c86407e3/elements - {"using":"xpath","value":"//button[@data-kt=\"contractDetailEditBtnButton\"]"}
RESULT: {"using":"xpath","value":"//button[@data-kt=\"contractDetailEditBtnButton\"]"}
COMMAND: POST /session/21ce62c4ecbe6d238b640e15c86407e3/elements - {"using":"xpath","value":"//button[@data-kt=\"contractDetailEditBtnButton\"]"}
RESULT: {"using":"xpath","value":"//button[@data-kt=\"contractDetailEditBtnButton\"]"}
COMMAND: POST /session/21ce62c4ecbe6d238b640e15c86407e3/elements - {"using":"xpath","value":"//button[@data-kt=\"contractDetailEditBtnButton\"]"}
RESULT: {"using":"xpath","value":"//button[@data-kt=\"contractDetailEditBtnButton\"]"}
COMMAND: POST /session/21ce62c4ecbe6d238b640e15c86407e3/elements - {"using":"xpath","value":"//button[@data-kt=\"contractDetailEditBtnButton\"]"}
RESULT: {"using":"xpath","value":"//button[@data-kt=\"contractDetailEditBtnButton\"]"}
COMMAND: POST /session/21ce62c4ecbe6d238b640e15c86407e3/elements - {"using":"xpath","value":"//button[@data-kt=\"contractDetailEditBtnButton\"]"}
RESULT: {"using":"xpath","value":"//button[@data-kt=\"contractDetailEditBtnButton\"]"}
COMMAND: POST /session/21ce62c4ecbe6d238b640e15c86407e3/elements - {"using":"xpath","value":"//button[@data-kt=\"contractDetailEditBtnButton\"]"}
RESULT: {"using":"xpath","value":"//button[@data-kt=\"contractDetailEditBtnButton\"]"}
COMMAND: POST /session/21ce62c4ecbe6d238b640e15c86407e3/elements - {"using":"xpath","value":"//button[@data-kt=\"contractDetailEditBtnButton\"]"}
RESULT: {"using":"xpath","value":"//button[@data-kt=\"contractDetailEditBtnButton\"]"}
COMMAND: POST /session/21ce62c4ecbe6d238b640e15c86407e3/elements - {"using":"xpath","value":"//button[@data-kt=\"contractDetailEditBtnButton\"]"}
RESULT: {"using":"xpath","value":"//button[@data-kt=\"contractDetailEditBtnButton\"]"}
COMMAND: POST /session/21ce62c4ecbe6d238b640e15c86407e3/elements - {"using":"xpath","value":"//button[@data-kt=\"contractDetailEditBtnButton\"]"}
RESULT: {"using":"xpath","value":"//button[@data-kt=\"contractDetailEditBtnButton\"]"}
COMMAND: POST /session/21ce62c4ecbe6d238b640e15c86407e3/elements - {"using":"xpath","value":"//button[@data-kt=\"contractDetailEditBtnButton\"]"}
RESULT: {"using":"xpath","value":"//button[@data-kt=\"contractDetailEditBtnButton\"]"}
COMMAND: POST /session/21ce62c4ecbe6d238b640e15c86407e3/elements - {"using":"xpath","value":"//button[@data-kt=\"contractDetailEditBtnButton\"]"}
RESULT: {"using":"xpath","value":"//button[@data-kt=\"contractDetailEditBtnButton\"]"}
COMMAND: POST /session/21ce62c4ecbe6d238b640e15c86407e3/elements - {"using":"xpath","value":"//button[@data-kt=\"contractDetailEditBtnButton\"]"}
RESULT: {"using":"xpath","value":"//button[@data-kt=\"contractDetailEditBtnButton\"]"}
COMMAND: POST /session/21ce62c4ecbe6d238b640e15c86407e3/elements - {"using":"xpath","value":"//button[@data-kt=\"contractDetailEditBtnButton\"]"}
RESULT: {"using":"xpath","value":"//button[@data-kt=\"contractDetailEditBtnButton\"]"}
COMMAND: POST /session/21ce62c4ecbe6d238b640e15c86407e3/elements - {"using":"xpath","value":"//button[@data-kt=\"contractDetailEditBtnButton\"]"}
RESULT: {"using":"xpath","value":"//button[@data-kt=\"contractDetailEditBtnButton\"]"}
COMMAND: POST /session/21ce62c4ecbe6d238b640e15c86407e3/elements - {"using":"xpath","value":"//button[@data-kt=\"contractDetailEditBtnButton\"]"}
RESULT: {"using":"xpath","value":"//button[@data-kt=\"contractDetailEditBtnButton\"]"}
COMMAND: POST /session/21ce62c4ecbe6d238b640e15c86407e3/elements - {"using":"xpath","value":"//button[@data-kt=\"contractDetailEditBtnButton\"]"}
RESULT: {"using":"xpath","value":"//button[@data-kt=\"contractDetailEditBtnButton\"]"}
COMMAND: POST /session/21ce62c4ecbe6d238b640e15c86407e3/elements - {"using":"xpath","value":"//button[@data-kt=\"contractDetailEditBtnButton\"]"}
RESULT: {"using":"xpath","value":"//button[@data-kt=\"contractDetailEditBtnButton\"]"}
COMMAND: POST /session/21ce62c4ecbe6d238b640e15c86407e3/elements - {"using":"xpath","value":"//button[@data-kt=\"contractDetailEditBtnButton\"]"}
RESULT: {"using":"xpath","value":"//button[@data-kt=\"contractDetailEditBtnButton\"]"}
COMMAND: POST /session/21ce62c4ecbe6d238b640e15c86407e3/elements - {"using":"xpath","value":"//button[@data-kt=\"contractDetailEditBtnButton\"]"}
RESULT: {"using":"xpath","value":"//button[@data-kt=\"contractDetailEditBtnButton\"]"}
COMMAND: POST /session/21ce62c4ecbe6d238b640e15c86407e3/elements - {"using":"xpath","value":"//button[@data-kt=\"contractDetailEditBtnButton\"]"}
RESULT: {"using":"xpath","value":"//button[@data-kt=\"contractDetailEditBtnButton\"]"}
COMMAND: POST /session/21ce62c4ecbe6d238b640e15c86407e3/elements - {"using":"xpath","value":"//button[@data-kt=\"contractDetailEditBtnButton\"]"}
RESULT: {"using":"xpath","value":"//button[@data-kt=\"contractDetailEditBtnButton\"]"}
COMMAND: POST /session/21ce62c4ecbe6d238b640e15c86407e3/elements - {"using":"xpath","value":"//button[@data-kt=\"contractDetailEditBtnButton\"]"}
RESULT: {"using":"xpath","value":"//button[@data-kt=\"contractDetailEditBtnButton\"]"}
COMMAND: POST /session/21ce62c4ecbe6d238b640e15c86407e3/elements - {"using":"xpath","value":"//button[@data-kt=\"contractDetailEditBtnButton\"]"}
RESULT: {"using":"xpath","value":"//button[@data-kt=\"contractDetailEditBtnButton\"]"}
COMMAND: POST /session/21ce62c4ecbe6d238b640e15c86407e3/elements - {"using":"xpath","value":"//button[@data-kt=\"contractDetailEditBtnButton\"]"}
RESULT: {"using":"xpath","value":"//button[@data-kt=\"contractDetailEditBtnButton\"]"}
COMMAND: POST /session/21ce62c4ecbe6d238b640e15c86407e3/elements - {"using":"xpath","value":"//button[@data-kt=\"contractDetailEditBtnButton\"]"}
RESULT: {"using":"xpath","value":"//button[@data-kt=\"contractDetailEditBtnButton\"]"}
COMMAND: POST /session/21ce62c4ecbe6d238b640e15c86407e3/elements - {"using":"xpath","value":"//button[@data-kt=\"contractDetailEditBtnButton\"]"}
RESULT: {"using":"xpath","value":"//button[@data-kt=\"contractDetailEditBtnButton\"]"}
COMMAND: POST /session/21ce62c4ecbe6d238b640e15c86407e3/elements - {"using":"xpath","value":"//button[@data-kt=\"contractDetailEditBtnButton\"]"}
RESULT: {"using":"xpath","value":"//button[@data-kt=\"contractDetailEditBtnButton\"]"}
COMMAND: POST /session/21ce62c4ecbe6d238b640e15c86407e3/elements - {"using":"xpath","value":"//button[@data-kt=\"contractDetailEditBtnButton\"]"}
RESULT: {"using":"xpath","value":"//button[@data-kt=\"contractDetailEditBtnButton\"]"}
COMMAND: POST /session/21ce62c4ecbe6d238b640e15c86407e3/elements - {"using":"xpath","value":"//button[@data-kt=\"contractDetailEditBtnButton\"]"}
RESULT: {"using":"xpath","value":"//button[@data-kt=\"contractDetailEditBtnButton\"]"}
COMMAND: POST /session/21ce62c4ecbe6d238b640e15c86407e3/elements - {"using":"xpath","value":"//button[@data-kt=\"contractDetailEditBtnButton\"]"}
RESULT: {"using":"xpath","value":"//button[@data-kt=\"contractDetailEditBtnButton\"]"}
COMMAND: POST /session/21ce62c4ecbe6d238b640e15c86407e3/elements - {"using":"xpath","value":"//button[@data-kt=\"contractDetailEditBtnButton\"]"}
RESULT: {"using":"xpath","value":"//button[@data-kt=\"contractDetailEditBtnButton\"]"}
COMMAND: POST /session/21ce62c4ecbe6d238b640e15c86407e3/elements - {"using":"xpath","value":"//button[@data-kt=\"contractDetailEditBtnButton\"]"}
RESULT: {"using":"xpath","value":"//button[@data-kt=\"contractDetailEditBtnButton\"]"}
COMMAND: POST /session/21ce62c4ecbe6d238b640e15c86407e3/elements - {"using":"xpath","value":"//button[@data-kt=\"contractDetailEditBtnButton\"]"}
RESULT: {"using":"xpath","value":"//button[@data-kt=\"contractDetailEditBtnButton\"]"}
COMMAND: POST /session/21ce62c4ecbe6d238b640e15c86407e3/elements - {"using":"xpath","value":"//button[@data-kt=\"contractDetailEditBtnButton\"]"}
RESULT: {"using":"xpath","value":"//button[@data-kt=\"contractDetailEditBtnButton\"]"}
COMMAND: POST /session/21ce62c4ecbe6d238b640e15c86407e3/elements - {"using":"xpath","value":"//button[@data-kt=\"contractDetailEditBtnButton\"]"}
RESULT: {"using":"xpath","value":"//button[@data-kt=\"contractDetailEditBtnButton\"]"}
COMMAND: POST /session/21ce62c4ecbe6d238b640e15c86407e3/elements - {"using":"xpath","value":"//button[@data-kt=\"contractDetailEditBtnButton\"]"}
RESULT: {"using":"xpath","value":"//button[@data-kt=\"contractDetailEditBtnButton\"]"}
COMMAND: POST /session/21ce62c4ecbe6d238b640e15c86407e3/elements - {"using":"xpath","value":"//button[@data-kt=\"contractDetailEditBtnButton\"]"}
RESULT: {"using":"xpath","value":"//button[@data-kt=\"contractDetailEditBtnButton\"]"}
COMMAND: POST /session/21ce62c4ecbe6d238b640e15c86407e3/elements - {"using":"xpath","value":"//button[@data-kt=\"contractDetailEditBtnButton\"]"}
RESULT: {"using":"xpath","value":"//button[@data-kt=\"contractDetailEditBtnButton\"]"}
COMMAND: POST /session/21ce62c4ecbe6d238b640e15c86407e3/elements - {"using":"xpath","value":"//button[@data-kt=\"contractDetailEditBtnButton\"]"}
RESULT: {"using":"xpath","value":"//button[@data-kt=\"contractDetailEditBtnButton\"]"}
COMMAND: POST /session/21ce62c4ecbe6d238b640e15c86407e3/elements - {"using":"xpath","value":"//button[@data-kt=\"contractDetailEditBtnButton\"]"}
RESULT: {"using":"xpath","value":"//button[@data-kt=\"contractDetailEditBtnButton\"]"}
COMMAND: POST /session/21ce62c4ecbe6d238b640e15c86407e3/elements - {"using":"xpath","value":"//button[@data-kt=\"contractDetailEditBtnButton\"]"}
RESULT: {"using":"xpath","value":"//button[@data-kt=\"contractDetailEditBtnButton\"]"}
COMMAND: POST /session/21ce62c4ecbe6d238b640e15c86407e3/elements - {"using":"xpath","value":"//button[@data-kt=\"contractDetailEditBtnButton\"]"}
RESULT: {"using":"xpath","value":"//button[@data-kt=\"contractDetailEditBtnButton\"]"}
COMMAND: POST /session/21ce62c4ecbe6d238b640e15c86407e3/elements - {"using":"xpath","value":"//button[@data-kt=\"contractDetailEditBtnButton\"]"}
RESULT: {"using":"xpath","value":"//button[@data-kt=\"contractDetailEditBtnButton\"]"}
COMMAND: POST /session/21ce62c4ecbe6d238b640e15c86407e3/elements - {"using":"xpath","value":"//button[@data-kt=\"contractDetailEditBtnButton\"]"}
RESULT: {"using":"xpath","value":"//button[@data-kt=\"contractDetailEditBtnButton\"]"}
COMMAND: POST /session/21ce62c4ecbe6d238b640e15c86407e3/elements - {"using":"xpath","value":"//button[@data-kt=\"contractDetailEditBtnButton\"]"}
RESULT: {"using":"xpath","value":"//button[@data-kt=\"contractDetailEditBtnButton\"]"}
COMMAND: POST /session/21ce62c4ecbe6d238b640e15c86407e3/elements - {"using":"xpath","value":"//button[@data-kt=\"contractDetailEditBtnButton\"]"}
RESULT: {"using":"xpath","value":"//button[@data-kt=\"contractDetailEditBtnButton\"]"}
COMMAND: POST /session/21ce62c4ecbe6d238b640e15c86407e3/elements - {"using":"xpath","value":"//button[@data-kt=\"contractDetailEditBtnButton\"]"}
RESULT: {"using":"xpath","value":"//button[@data-kt=\"contractDetailEditBtnButton\"]"}
COMMAND: POST /session/21ce62c4ecbe6d238b640e15c86407e3/elements - {"using":"xpath","value":"//button[@data-kt=\"contractDetailEditBtnButton\"]"}
RESULT: {"using":"xpath","value":"//button[@data-kt=\"contractDetailEditBtnButton\"]"}
COMMAND: POST /session/21ce62c4ecbe6d238b640e15c86407e3/elements - {"using":"xpath","value":"//button[@data-kt=\"contractDetailEditBtnButton\"]"}
RESULT: {"using":"xpath","value":"//button[@data-kt=\"contractDetailEditBtnButton\"]"}
COMMAND: POST /session/21ce62c4ecbe6d238b640e15c86407e3/elements - {"using":"xpath","value":"//button[@data-kt=\"contractDetailEditBtnButton\"]"}
RESULT: {"using":"xpath","value":"//button[@data-kt=\"contractDetailEditBtnButton\"]"}
COMMAND: POST /session/21ce62c4ecbe6d238b640e15c86407e3/elements - {"using":"xpath","value":"//button[@data-kt=\"contractDetailEditBtnButton\"]"}
RESULT: {"using":"xpath","value":"//button[@data-kt=\"contractDetailEditBtnButton\"]"}
COMMAND: POST /session/21ce62c4ecbe6d238b640e15c86407e3/elements - {"using":"xpath","value":"//button[@data-kt=\"contractDetailEditBtnButton\"]"}
RESULT: {"using":"xpath","value":"//button[@data-kt=\"contractDetailEditBtnButton\"]"}
COMMAND: POST /session/21ce62c4ecbe6d238b640e15c86407e3/elements - {"using":"xpath","value":"//button[@data-kt=\"contractDetailEditBtnButton\"]"}
RESULT: {"using":"xpath","value":"//button[@data-kt=\"contractDetailEditBtnButton\"]"}
COMMAND: POST /session/21ce62c4ecbe6d238b640e15c86407e3/elements - {"using":"xpath","value":"//button[@data-kt=\"contractDetailEditBtnButton\"]"}
RESULT: {"using":"xpath","value":"//button[@data-kt=\"contractDetailEditBtnButton\"]"}
COMMAND: POST /session/21ce62c4ecbe6d238b640e15c86407e3/elements - {"using":"xpath","value":"//button[@data-kt=\"contractDetailEditBtnButton\"]"}
RESULT: {"using":"xpath","value":"//button[@data-kt=\"contractDetailEditBtnButton\"]"}
COMMAND: POST /session/21ce62c4ecbe6d238b640e15c86407e3/elements - {"using":"xpath","value":"//button[@data-kt=\"contractDetailEditBtnButton\"]"}
RESULT: {"using":"xpath","value":"//button[@data-kt=\"contractDetailEditBtnButton\"]"}
COMMAND: POST /session/21ce62c4ecbe6d238b640e15c86407e3/elements - {"using":"xpath","value":"//button[@data-kt=\"contractDetailEditBtnButton\"]"}
RESULT: {"using":"xpath","value":"//button[@data-kt=\"contractDetailEditBtnButton\"]"}
COMMAND: POST /session/21ce62c4ecbe6d238b640e15c86407e3/elements - {"using":"xpath","value":"//button[@data-kt=\"contractDetailEditBtnButton\"]"}
RESULT: {"using":"xpath","value":"//button[@data-kt=\"contractDetailEditBtnButton\"]"}
COMMAND: POST /session/21ce62c4ecbe6d238b640e15c86407e3/elements - {"using":"xpath","value":"//button[@data-kt=\"contractDetailEditBtnButton\"]"}
RESULT: {"using":"xpath","value":"//button[@data-kt=\"contractDetailEditBtnButton\"]"}
COMMAND: POST /session/21ce62c4ecbe6d238b640e15c86407e3/elements - {"using":"xpath","value":"//button[@data-kt=\"contractDetailEditBtnButton\"]"}
RESULT: {"using":"xpath","value":"//button[@data-kt=\"contractDetailEditBtnButton\"]"}
COMMAND: POST /session/21ce62c4ecbe6d238b640e15c86407e3/elements - {"using":"xpath","value":"//button[@data-kt=\"contractDetailEditBtnButton\"]"}
RESULT: {"using":"xpath","value":"//button[@data-kt=\"contractDetailEditBtnButton\"]"}
COMMAND: POST /session/21ce62c4ecbe6d238b640e15c86407e3/elements - {"using":"xpath","value":"//button[@data-kt=\"contractDetailEditBtnButton\"]"}
RESULT: {"using":"xpath","value":"//button[@data-kt=\"contractDetailEditBtnButton\"]"}
COMMAND: POST /session/21ce62c4ecbe6d238b640e15c86407e3/elements - {"using":"xpath","value":"//button[@data-kt=\"contractDetailEditBtnButton\"]"}
RESULT: {"using":"xpath","value":"//button[@data-kt=\"contractDetailEditBtnButton\"]"}
COMMAND: POST /session/21ce62c4ecbe6d238b640e15c86407e3/elements - {"using":"xpath","value":"//button[@data-kt=\"contractDetailEditBtnButton\"]"}
RESULT: {"using":"xpath","value":"//button[@data-kt=\"contractDetailEditBtnButton\"]"}
COMMAND: POST /session/21ce62c4ecbe6d238b640e15c86407e3/elements - {"using":"xpath","value":"//button[@data-kt=\"contractDetailEditBtnButton\"]"}
RESULT: {"using":"xpath","value":"//button[@data-kt=\"contractDetailEditBtnButton\"]"}
COMMAND: POST /session/21ce62c4ecbe6d238b640e15c86407e3/elements - {"using":"xpath","value":"//button[@data-kt=\"contractDetailEditBtnButton\"]"}
RESULT: {"using":"xpath","value":"//button[@data-kt=\"contractDetailEditBtnButton\"]"}
COMMAND: POST /session/21ce62c4ecbe6d238b640e15c86407e3/elements - {"using":"xpath","value":"//button[@data-kt=\"contractDetailEditBtnButton\"]"}
RESULT: {"using":"xpath","value":"//button[@data-kt=\"contractDetailEditBtnButton\"]"}
COMMAND: POST /session/21ce62c4ecbe6d238b640e15c86407e3/elements - {"using":"xpath","value":"//button[@data-kt=\"contractDetailEditBtnButton\"]"}
RESULT: {"using":"xpath","value":"//button[@data-kt=\"contractDetailEditBtnButton\"]"}
COMMAND: POST /session/21ce62c4ecbe6d238b640e15c86407e3/elements - {"using":"xpath","value":"//button[@data-kt=\"contractDetailEditBtnButton\"]"}
RESULT: {"using":"xpath","value":"//button[@data-kt=\"contractDetailEditBtnButton\"]"}
COMMAND: POST /session/21ce62c4ecbe6d238b640e15c86407e3/elements - {"using":"xpath","value":"//button[@data-kt=\"contractDetailEditBtnButton\"]"}
RESULT: {"using":"xpath","value":"//button[@data-kt=\"contractDetailEditBtnButton\"]"}
COMMAND: POST /session/21ce62c4ecbe6d238b640e15c86407e3/elements - {"using":"xpath","value":"//button[@data-kt=\"contractDetailEditBtnButton\"]"}
RESULT: {"using":"xpath","value":"//button[@data-kt=\"contractDetailEditBtnButton\"]"}
COMMAND: POST /session/21ce62c4ecbe6d238b640e15c86407e3/elements - {"using":"xpath","value":"//button[@data-kt=\"contractDetailEditBtnButton\"]"}
RESULT: {"using":"xpath","value":"//button[@data-kt=\"contractDetailEditBtnButton\"]"}
COMMAND: POST /session/21ce62c4ecbe6d238b640e15c86407e3/elements - {"using":"xpath","value":"//button[@data-kt=\"contractDetailEditBtnButton\"]"}
RESULT: {"using":"xpath","value":"//button[@data-kt=\"contractDetailEditBtnButton\"]"}
COMMAND: POST /session/21ce62c4ecbe6d238b640e15c86407e3/elements - {"using":"xpath","value":"//button[@data-kt=\"contractDetailEditBtnButton\"]"}
RESULT: {"using":"xpath","value":"//button[@data-kt=\"contractDetailEditBtnButton\"]"}
COMMAND: POST /session/21ce62c4ecbe6d238b640e15c86407e3/elements - {"using":"xpath","value":"//button[@data-kt=\"contractDetailEditBtnButton\"]"}
RESULT: {"using":"xpath","value":"//button[@data-kt=\"contractDetailEditBtnButton\"]"}
COMMAND: POST /session/21ce62c4ecbe6d238b640e15c86407e3/elements - {"using":"xpath","value":"//button[@data-kt=\"contractDetailEditBtnButton\"]"}
RESULT: {"using":"xpath","value":"//button[@data-kt=\"contractDetailEditBtnButton\"]"}
COMMAND: POST /session/21ce62c4ecbe6d238b640e15c86407e3/elements - {"using":"xpath","value":"//button[@data-kt=\"contractDetailEditBtnButton\"]"}
RESULT: {"using":"xpath","value":"//button[@data-kt=\"contractDetailEditBtnButton\"]"}
COMMAND: POST /session/21ce62c4ecbe6d238b640e15c86407e3/elements - {"using":"xpath","value":"//button[@data-kt=\"contractDetailEditBtnButton\"]"}
RESULT: {"using":"xpath","value":"//button[@data-kt=\"contractDetailEditBtnButton\"]"}
COMMAND: POST /session/21ce62c4ecbe6d238b640e15c86407e3/elements - {"using":"xpath","value":"//button[@data-kt=\"contractDetailEditBtnButton\"]"}
RESULT: {"using":"xpath","value":"//button[@data-kt=\"contractDetailEditBtnButton\"]"}
COMMAND: POST /session/21ce62c4ecbe6d238b640e15c86407e3/elements - {"using":"xpath","value":"//button[@data-kt=\"contractDetailEditBtnButton\"]"}
RESULT: {"using":"xpath","value":"//button[@data-kt=\"contractDetailEditBtnButton\"]"}
COMMAND: POST /session/21ce62c4ecbe6d238b640e15c86407e3/elements - {"using":"xpath","value":"//button[@data-kt=\"contractDetailEditBtnButton\"]"}
RESULT: {"using":"xpath","value":"//button[@data-kt=\"contractDetailEditBtnButton\"]"}
COMMAND: POST /session/21ce62c4ecbe6d238b640e15c86407e3/elements - {"using":"xpath","value":"//button[@data-kt=\"contractDetailEditBtnButton\"]"}
RESULT: {"using":"xpath","value":"//button[@data-kt=\"contractDetailEditBtnButton\"]"}
COMMAND: POST /session/21ce62c4ecbe6d238b640e15c86407e3/elements - {"using":"xpath","value":"//button[@data-kt=\"contractDetailEditBtnButton\"]"}
RESULT: {"using":"xpath","value":"//button[@data-kt=\"contractDetailEditBtnButton\"]"}
COMMAND: POST /session/21ce62c4ecbe6d238b640e15c86407e3/elements - {"using":"xpath","value":"//button[@data-kt=\"contractDetailEditBtnButton\"]"}
RESULT: {"using":"xpath","value":"//button[@data-kt=\"contractDetailEditBtnButton\"]"}
COMMAND: POST /session/21ce62c4ecbe6d238b640e15c86407e3/elements - {"using":"xpath","value":"//button[@data-kt=\"contractDetailEditBtnButton\"]"}
RESULT: {"using":"xpath","value":"//button[@data-kt=\"contractDetailEditBtnButton\"]"}
COMMAND: POST /session/21ce62c4ecbe6d238b640e15c86407e3/elements - {"using":"xpath","value":"//button[@data-kt=\"contractDetailEditBtnButton\"]"}
RESULT: {"using":"xpath","value":"//button[@data-kt=\"contractDetailEditBtnButton\"]"}
COMMAND: POST /session/21ce62c4ecbe6d238b640e15c86407e3/elements - {"using":"xpath","value":"//button[@data-kt=\"contractDetailEditBtnButton\"]"}
RESULT: {"using":"xpath","value":"//button[@data-kt=\"contractDetailEditBtnButton\"]"}
COMMAND: POST /session/21ce62c4ecbe6d238b640e15c86407e3/elements - {"using":"xpath","value":"//button[@data-kt=\"contractDetailEditBtnButton\"]"}
RESULT: {"using":"xpath","value":"//button[@data-kt=\"contractDetailEditBtnButton\"]"}
COMMAND: POST /session/21ce62c4ecbe6d238b640e15c86407e3/elements - {"using":"xpath","value":"//button[@data-kt=\"contractDetailEditBtnButton\"]"}
RESULT: {"using":"xpath","value":"//button[@data-kt=\"contractDetailEditBtnButton\"]"}
COMMAND: POST /session/21ce62c4ecbe6d238b640e15c86407e3/elements - {"using":"xpath","value":"//button[@data-kt=\"contractDetailEditBtnButton\"]"}
RESULT: {"using":"xpath","value":"//button[@data-kt=\"contractDetailEditBtnButton\"]"}
COMMAND: POST /session/21ce62c4ecbe6d238b640e15c86407e3/elements - {"using":"xpath","value":"//button[@data-kt=\"contractDetailEditBtnButton\"]"}
RESULT: {"using":"xpath","value":"//button[@data-kt=\"contractDetailEditBtnButton\"]"}
COMMAND: POST /session/21ce62c4ecbe6d238b640e15c86407e3/elements - {"using":"xpath","value":"//button[@data-kt=\"contractDetailEditBtnButton\"]"}
RESULT: {"using":"xpath","value":"//button[@data-kt=\"contractDetailEditBtnButton\"]"}
COMMAND: POST /session/21ce62c4ecbe6d238b640e15c86407e3/elements - {"using":"xpath","value":"//button[@data-kt=\"contractDetailEditBtnButton\"]"}
RESULT: {"using":"xpath","value":"//button[@data-kt=\"contractDetailEditBtnButton\"]"}
COMMAND: POST /session/21ce62c4ecbe6d238b640e15c86407e3/elements - {"using":"xpath","value":"//button[@data-kt=\"contractDetailEditBtnButton\"]"}
RESULT: {"using":"xpath","value":"//button[@data-kt=\"contractDetailEditBtnButton\"]"}
COMMAND: POST /session/21ce62c4ecbe6d238b640e15c86407e3/elements - {"using":"xpath","value":"//button[@data-kt=\"contractDetailEditBtnButton\"]"}
RESULT: {"using":"xpath","value":"//button[@data-kt=\"contractDetailEditBtnButton\"]"}
COMMAND: POST /session/21ce62c4ecbe6d238b640e15c86407e3/elements - {"using":"xpath","value":"//button[@data-kt=\"contractDetailEditBtnButton\"]"}
RESULT: {"using":"xpath","value":"//button[@data-kt=\"contractDetailEditBtnButton\"]"}
COMMAND: POST /session/21ce62c4ecbe6d238b640e15c86407e3/elements - {"using":"xpath","value":"//button[@data-kt=\"contractDetailEditBtnButton\"]"}
RESULT: {"using":"xpath","value":"//button[@data-kt=\"contractDetailEditBtnButton\"]"}
COMMAND: POST /session/21ce62c4ecbe6d238b640e15c86407e3/elements - {"using":"xpath","value":"//button[@data-kt=\"contractDetailEditBtnButton\"]"}
RESULT: {"using":"xpath","value":"//button[@data-kt=\"contractDetailEditBtnButton\"]"}
COMMAND: POST /session/21ce62c4ecbe6d238b640e15c86407e3/elements - {"using":"xpath","value":"//button[@data-kt=\"contractDetailEditBtnButton\"]"}
RESULT: {"using":"xpath","value":"//button[@data-kt=\"contractDetailEditBtnButton\"]"}
COMMAND: POST /session/21ce62c4ecbe6d238b640e15c86407e3/elements - {"using":"xpath","value":"//button[@data-kt=\"contractDetailEditBtnButton\"]"}
RESULT: {"using":"xpath","value":"//button[@data-kt=\"contractDetailEditBtnButton\"]"}
COMMAND: POST /session/21ce62c4ecbe6d238b640e15c86407e3/elements - {"using":"xpath","value":"//button[@data-kt=\"contractDetailEditBtnButton\"]"}
RESULT: {"using":"xpath","value":"//button[@data-kt=\"contractDetailEditBtnButton\"]"}
COMMAND: POST /session/21ce62c4ecbe6d238b640e15c86407e3/elements - {"using":"xpath","value":"//button[@data-kt=\"contractDetailEditBtnButton\"]"}
RESULT: {"using":"xpath","value":"//button[@data-kt=\"contractDetailEditBtnButton\"]"}
COMMAND: POST /session/21ce62c4ecbe6d238b640e15c86407e3/elements - {"using":"xpath","value":"//button[@data-kt=\"contractDetailEditBtnButton\"]"}
RESULT: {"using":"xpath","value":"//button[@data-kt=\"contractDetailEditBtnButton\"]"}
COMMAND: POST /session/21ce62c4ecbe6d238b640e15c86407e3/elements - {"using":"xpath","value":"//button[@data-kt=\"contractDetailEditBtnButton\"]"}
RESULT: {"using":"xpath","value":"//button[@data-kt=\"contractDetailEditBtnButton\"]"}
COMMAND: POST /session/21ce62c4ecbe6d238b640e15c86407e3/elements - {"using":"xpath","value":"//button[@data-kt=\"contractDetailEditBtnButton\"]"}
RESULT: {"using":"xpath","value":"//button[@data-kt=\"contractDetailEditBtnButton\"]"}
COMMAND: POST /session/21ce62c4ecbe6d238b640e15c86407e3/elements - {"using":"xpath","value":"//button[@data-kt=\"contractDetailEditBtnButton\"]"}
RESULT: {"using":"xpath","value":"//button[@data-kt=\"contractDetailEditBtnButton\"]"}
COMMAND: POST /session/21ce62c4ecbe6d238b640e15c86407e3/elements - {"using":"xpath","value":"//button[@data-kt=\"contractDetailEditBtnButton\"]"}
RESULT: {"using":"xpath","value":"//button[@data-kt=\"contractDetailEditBtnButton\"]"}
COMMAND: POST /session/21ce62c4ecbe6d238b640e15c86407e3/elements - {"using":"xpath","value":"//button[@data-kt=\"contractDetailEditBtnButton\"]"}
RESULT: {"using":"xpath","value":"//button[@data-kt=\"contractDetailEditBtnButton\"]"}
COMMAND: POST /session/21ce62c4ecbe6d238b640e15c86407e3/elements - {"using":"xpath","value":"//button[@data-kt=\"contractDetailEditBtnButton\"]"}
RESULT: {"using":"xpath","value":"//button[@data-kt=\"contractDetailEditBtnButton\"]"}
COMMAND: POST /session/21ce62c4ecbe6d238b640e15c86407e3/elements - {"using":"xpath","value":"//button[@data-kt=\"contractDetailEditBtnButton\"]"}
RESULT: {"using":"xpath","value":"//button[@data-kt=\"contractDetailEditBtnButton\"]"}
COMMAND: POST /session/21ce62c4ecbe6d238b640e15c86407e3/elements - {"using":"xpath","value":"//button[@data-kt=\"contractDetailEditBtnButton\"]"}
RESULT: {"using":"xpath","value":"//button[@data-kt=\"contractDetailEditBtnButton\"]"}
COMMAND: POST /session/21ce62c4ecbe6d238b640e15c86407e3/elements - {"using":"xpath","value":"//button[@data-kt=\"contractDetailEditBtnButton\"]"}
RESULT: {"using":"xpath","value":"//button[@data-kt=\"contractDetailEditBtnButton\"]"}
COMMAND: POST /session/21ce62c4ecbe6d238b640e15c86407e3/elements - {"using":"xpath","value":"//button[@data-kt=\"contractDetailEditBtnButton\"]"}
RESULT: {"using":"xpath","value":"//button[@data-kt=\"contractDetailEditBtnButton\"]"}
COMMAND: POST /session/21ce62c4ecbe6d238b640e15c86407e3/elements - {"using":"xpath","value":"//button[@data-kt=\"contractDetailEditBtnButton\"]"}
RESULT: {"using":"xpath","value":"//button[@data-kt=\"contractDetailEditBtnButton\"]"}
COMMAND: POST /session/21ce62c4ecbe6d238b640e15c86407e3/elements - {"using":"xpath","value":"//button[@data-kt=\"contractDetailEditBtnButton\"]"}
RESULT: {"using":"xpath","value":"//button[@data-kt=\"contractDetailEditBtnButton\"]"}
COMMAND: POST /session/21ce62c4ecbe6d238b640e15c86407e3/elements - {"using":"xpath","value":"//button[@data-kt=\"contractDetailEditBtnButton\"]"}
RESULT: {"using":"xpath","value":"//button[@data-kt=\"contractDetailEditBtnButton\"]"}
COMMAND: POST /session/21ce62c4ecbe6d238b640e15c86407e3/elements - {"using":"xpath","value":"//button[@data-kt=\"contractDetailEditBtnButton\"]"}
RESULT: {"using":"xpath","value":"//button[@data-kt=\"contractDetailEditBtnButton\"]"}
COMMAND: POST /session/21ce62c4ecbe6d238b640e15c86407e3/elements - {"using":"xpath","value":"//button[@data-kt=\"contractDetailEditBtnButton\"]"}
RESULT: {"using":"xpath","value":"//button[@data-kt=\"contractDetailEditBtnButton\"]"}
COMMAND: GET /session/21ce62c4ecbe6d238b640e15c86407e3/screenshot - {}
RESULT: {}
]]></system-out>
      <system-err><![CDATA[
Error: Can't call click on element with selector "//button[@data-kt="contractDetailEditBtnButton"]" because element wasn't found
    at async UtilsPrerequisites.addItemToContract (D:\a\1\s\test\specs\BTS\prerequisites-and-utils-functions.js:1852:9)
    at async Context.<anonymous> (D:\a\1\s\test\specs\HTR\provide-to-site-w-warehouse-wo-clarification.spec.js:78:9)
]]></system-err>
    </testcase>
    <testcase classname="chrome.136_0_7103_93.windows.Provide_to_Site_w/_warehouse_management_wo_clarification" name="Should provide to site" time="61.141">
      <failure/>
      <error message="Can't call click on element with selector &quot;//button[@data-kt=&quot;provideButton&quot;]&quot; because element wasn't found"/>
      <system-out><![CDATA[
COMMAND: GET /session/21ce62c4ecbe6d238b640e15c86407e3/screenshot - {}
COMMAND: POST /session/21ce62c4ecbe6d238b640e15c86407e3/element - {"using":"xpath","value":"//button[@data-kt=\"provideButton\"]"}
RESULT: {}
RESULT: {"using":"xpath","value":"//button[@data-kt=\"provideButton\"]"}
COMMAND: POST /session/21ce62c4ecbe6d238b640e15c86407e3/elements - {"using":"xpath","value":"//button[@data-kt=\"provideButton\"]"}
RESULT: {"using":"xpath","value":"//button[@data-kt=\"provideButton\"]"}
COMMAND: POST /session/21ce62c4ecbe6d238b640e15c86407e3/elements - {"using":"xpath","value":"//button[@data-kt=\"provideButton\"]"}
RESULT: {"using":"xpath","value":"//button[@data-kt=\"provideButton\"]"}
COMMAND: POST /session/21ce62c4ecbe6d238b640e15c86407e3/elements - {"using":"xpath","value":"//button[@data-kt=\"provideButton\"]"}
RESULT: {"using":"xpath","value":"//button[@data-kt=\"provideButton\"]"}
COMMAND: POST /session/21ce62c4ecbe6d238b640e15c86407e3/elements - {"using":"xpath","value":"//button[@data-kt=\"provideButton\"]"}
RESULT: {"using":"xpath","value":"//button[@data-kt=\"provideButton\"]"}
COMMAND: POST /session/21ce62c4ecbe6d238b640e15c86407e3/elements - {"using":"xpath","value":"//button[@data-kt=\"provideButton\"]"}
RESULT: {"using":"xpath","value":"//button[@data-kt=\"provideButton\"]"}
COMMAND: POST /session/21ce62c4ecbe6d238b640e15c86407e3/elements - {"using":"xpath","value":"//button[@data-kt=\"provideButton\"]"}
RESULT: {"using":"xpath","value":"//button[@data-kt=\"provideButton\"]"}
COMMAND: POST /session/21ce62c4ecbe6d238b640e15c86407e3/elements - {"using":"xpath","value":"//button[@data-kt=\"provideButton\"]"}
RESULT: {"using":"xpath","value":"//button[@data-kt=\"provideButton\"]"}
COMMAND: POST /session/21ce62c4ecbe6d238b640e15c86407e3/elements - {"using":"xpath","value":"//button[@data-kt=\"provideButton\"]"}
RESULT: {"using":"xpath","value":"//button[@data-kt=\"provideButton\"]"}
COMMAND: POST /session/21ce62c4ecbe6d238b640e15c86407e3/elements - {"using":"xpath","value":"//button[@data-kt=\"provideButton\"]"}
RESULT: {"using":"xpath","value":"//button[@data-kt=\"provideButton\"]"}
COMMAND: POST /session/21ce62c4ecbe6d238b640e15c86407e3/elements - {"using":"xpath","value":"//button[@data-kt=\"provideButton\"]"}
RESULT: {"using":"xpath","value":"//button[@data-kt=\"provideButton\"]"}
COMMAND: POST /session/21ce62c4ecbe6d238b640e15c86407e3/elements - {"using":"xpath","value":"//button[@data-kt=\"provideButton\"]"}
RESULT: {"using":"xpath","value":"//button[@data-kt=\"provideButton\"]"}
COMMAND: POST /session/21ce62c4ecbe6d238b640e15c86407e3/elements - {"using":"xpath","value":"//button[@data-kt=\"provideButton\"]"}
RESULT: {"using":"xpath","value":"//button[@data-kt=\"provideButton\"]"}
COMMAND: POST /session/21ce62c4ecbe6d238b640e15c86407e3/elements - {"using":"xpath","value":"//button[@data-kt=\"provideButton\"]"}
RESULT: {"using":"xpath","value":"//button[@data-kt=\"provideButton\"]"}
COMMAND: POST /session/21ce62c4ecbe6d238b640e15c86407e3/elements - {"using":"xpath","value":"//button[@data-kt=\"provideButton\"]"}
RESULT: {"using":"xpath","value":"//button[@data-kt=\"provideButton\"]"}
COMMAND: POST /session/21ce62c4ecbe6d238b640e15c86407e3/elements - {"using":"xpath","value":"//button[@data-kt=\"provideButton\"]"}
RESULT: {"using":"xpath","value":"//button[@data-kt=\"provideButton\"]"}
COMMAND: POST /session/21ce62c4ecbe6d238b640e15c86407e3/elements - {"using":"xpath","value":"//button[@data-kt=\"provideButton\"]"}
RESULT: {"using":"xpath","value":"//button[@data-kt=\"provideButton\"]"}
COMMAND: POST /session/21ce62c4ecbe6d238b640e15c86407e3/elements - {"using":"xpath","value":"//button[@data-kt=\"provideButton\"]"}
RESULT: {"using":"xpath","value":"//button[@data-kt=\"provideButton\"]"}
COMMAND: POST /session/21ce62c4ecbe6d238b640e15c86407e3/elements - {"using":"xpath","value":"//button[@data-kt=\"provideButton\"]"}
RESULT: {"using":"xpath","value":"//button[@data-kt=\"provideButton\"]"}
COMMAND: POST /session/21ce62c4ecbe6d238b640e15c86407e3/elements - {"using":"xpath","value":"//button[@data-kt=\"provideButton\"]"}
RESULT: {"using":"xpath","value":"//button[@data-kt=\"provideButton\"]"}
COMMAND: POST /session/21ce62c4ecbe6d238b640e15c86407e3/elements - {"using":"xpath","value":"//button[@data-kt=\"provideButton\"]"}
RESULT: {"using":"xpath","value":"//button[@data-kt=\"provideButton\"]"}
COMMAND: POST /session/21ce62c4ecbe6d238b640e15c86407e3/elements - {"using":"xpath","value":"//button[@data-kt=\"provideButton\"]"}
RESULT: {"using":"xpath","value":"//button[@data-kt=\"provideButton\"]"}
COMMAND: POST /session/21ce62c4ecbe6d238b640e15c86407e3/elements - {"using":"xpath","value":"//button[@data-kt=\"provideButton\"]"}
RESULT: {"using":"xpath","value":"//button[@data-kt=\"provideButton\"]"}
COMMAND: POST /session/21ce62c4ecbe6d238b640e15c86407e3/elements - {"using":"xpath","value":"//button[@data-kt=\"provideButton\"]"}
RESULT: {"using":"xpath","value":"//button[@data-kt=\"provideButton\"]"}
COMMAND: POST /session/21ce62c4ecbe6d238b640e15c86407e3/elements - {"using":"xpath","value":"//button[@data-kt=\"provideButton\"]"}
RESULT: {"using":"xpath","value":"//button[@data-kt=\"provideButton\"]"}
COMMAND: POST /session/21ce62c4ecbe6d238b640e15c86407e3/elements - {"using":"xpath","value":"//button[@data-kt=\"provideButton\"]"}
RESULT: {"using":"xpath","value":"//button[@data-kt=\"provideButton\"]"}
COMMAND: POST /session/21ce62c4ecbe6d238b640e15c86407e3/elements - {"using":"xpath","value":"//button[@data-kt=\"provideButton\"]"}
RESULT: {"using":"xpath","value":"//button[@data-kt=\"provideButton\"]"}
COMMAND: POST /session/21ce62c4ecbe6d238b640e15c86407e3/elements - {"using":"xpath","value":"//button[@data-kt=\"provideButton\"]"}
RESULT: {"using":"xpath","value":"//button[@data-kt=\"provideButton\"]"}
COMMAND: POST /session/21ce62c4ecbe6d238b640e15c86407e3/elements - {"using":"xpath","value":"//button[@data-kt=\"provideButton\"]"}
RESULT: {"using":"xpath","value":"//button[@data-kt=\"provideButton\"]"}
COMMAND: POST /session/21ce62c4ecbe6d238b640e15c86407e3/elements - {"using":"xpath","value":"//button[@data-kt=\"provideButton\"]"}
RESULT: {"using":"xpath","value":"//button[@data-kt=\"provideButton\"]"}
COMMAND: POST /session/21ce62c4ecbe6d238b640e15c86407e3/elements - {"using":"xpath","value":"//button[@data-kt=\"provideButton\"]"}
RESULT: {"using":"xpath","value":"//button[@data-kt=\"provideButton\"]"}
COMMAND: POST /session/21ce62c4ecbe6d238b640e15c86407e3/elements - {"using":"xpath","value":"//button[@data-kt=\"provideButton\"]"}
RESULT: {"using":"xpath","value":"//button[@data-kt=\"provideButton\"]"}
COMMAND: POST /session/21ce62c4ecbe6d238b640e15c86407e3/elements - {"using":"xpath","value":"//button[@data-kt=\"provideButton\"]"}
RESULT: {"using":"xpath","value":"//button[@data-kt=\"provideButton\"]"}
COMMAND: POST /session/21ce62c4ecbe6d238b640e15c86407e3/elements - {"using":"xpath","value":"//button[@data-kt=\"provideButton\"]"}
RESULT: {"using":"xpath","value":"//button[@data-kt=\"provideButton\"]"}
COMMAND: POST /session/21ce62c4ecbe6d238b640e15c86407e3/elements - {"using":"xpath","value":"//button[@data-kt=\"provideButton\"]"}
RESULT: {"using":"xpath","value":"//button[@data-kt=\"provideButton\"]"}
COMMAND: POST /session/21ce62c4ecbe6d238b640e15c86407e3/elements - {"using":"xpath","value":"//button[@data-kt=\"provideButton\"]"}
RESULT: {"using":"xpath","value":"//button[@data-kt=\"provideButton\"]"}
COMMAND: POST /session/21ce62c4ecbe6d238b640e15c86407e3/elements - {"using":"xpath","value":"//button[@data-kt=\"provideButton\"]"}
RESULT: {"using":"xpath","value":"//button[@data-kt=\"provideButton\"]"}
COMMAND: POST /session/21ce62c4ecbe6d238b640e15c86407e3/elements - {"using":"xpath","value":"//button[@data-kt=\"provideButton\"]"}
RESULT: {"using":"xpath","value":"//button[@data-kt=\"provideButton\"]"}
COMMAND: POST /session/21ce62c4ecbe6d238b640e15c86407e3/elements - {"using":"xpath","value":"//button[@data-kt=\"provideButton\"]"}
RESULT: {"using":"xpath","value":"//button[@data-kt=\"provideButton\"]"}
COMMAND: POST /session/21ce62c4ecbe6d238b640e15c86407e3/elements - {"using":"xpath","value":"//button[@data-kt=\"provideButton\"]"}
RESULT: {"using":"xpath","value":"//button[@data-kt=\"provideButton\"]"}
COMMAND: POST /session/21ce62c4ecbe6d238b640e15c86407e3/elements - {"using":"xpath","value":"//button[@data-kt=\"provideButton\"]"}
RESULT: {"using":"xpath","value":"//button[@data-kt=\"provideButton\"]"}
COMMAND: POST /session/21ce62c4ecbe6d238b640e15c86407e3/elements - {"using":"xpath","value":"//button[@data-kt=\"provideButton\"]"}
RESULT: {"using":"xpath","value":"//button[@data-kt=\"provideButton\"]"}
COMMAND: POST /session/21ce62c4ecbe6d238b640e15c86407e3/elements - {"using":"xpath","value":"//button[@data-kt=\"provideButton\"]"}
RESULT: {"using":"xpath","value":"//button[@data-kt=\"provideButton\"]"}
COMMAND: POST /session/21ce62c4ecbe6d238b640e15c86407e3/elements - {"using":"xpath","value":"//button[@data-kt=\"provideButton\"]"}
RESULT: {"using":"xpath","value":"//button[@data-kt=\"provideButton\"]"}
COMMAND: POST /session/21ce62c4ecbe6d238b640e15c86407e3/elements - {"using":"xpath","value":"//button[@data-kt=\"provideButton\"]"}
RESULT: {"using":"xpath","value":"//button[@data-kt=\"provideButton\"]"}
COMMAND: POST /session/21ce62c4ecbe6d238b640e15c86407e3/elements - {"using":"xpath","value":"//button[@data-kt=\"provideButton\"]"}
RESULT: {"using":"xpath","value":"//button[@data-kt=\"provideButton\"]"}
COMMAND: POST /session/21ce62c4ecbe6d238b640e15c86407e3/elements - {"using":"xpath","value":"//button[@data-kt=\"provideButton\"]"}
RESULT: {"using":"xpath","value":"//button[@data-kt=\"provideButton\"]"}
COMMAND: POST /session/21ce62c4ecbe6d238b640e15c86407e3/elements - {"using":"xpath","value":"//button[@data-kt=\"provideButton\"]"}
RESULT: {"using":"xpath","value":"//button[@data-kt=\"provideButton\"]"}
COMMAND: POST /session/21ce62c4ecbe6d238b640e15c86407e3/elements - {"using":"xpath","value":"//button[@data-kt=\"provideButton\"]"}
RESULT: {"using":"xpath","value":"//button[@data-kt=\"provideButton\"]"}
COMMAND: POST /session/21ce62c4ecbe6d238b640e15c86407e3/elements - {"using":"xpath","value":"//button[@data-kt=\"provideButton\"]"}
RESULT: {"using":"xpath","value":"//button[@data-kt=\"provideButton\"]"}
COMMAND: POST /session/21ce62c4ecbe6d238b640e15c86407e3/elements - {"using":"xpath","value":"//button[@data-kt=\"provideButton\"]"}
RESULT: {"using":"xpath","value":"//button[@data-kt=\"provideButton\"]"}
COMMAND: POST /session/21ce62c4ecbe6d238b640e15c86407e3/elements - {"using":"xpath","value":"//button[@data-kt=\"provideButton\"]"}
RESULT: {"using":"xpath","value":"//button[@data-kt=\"provideButton\"]"}
COMMAND: POST /session/21ce62c4ecbe6d238b640e15c86407e3/elements - {"using":"xpath","value":"//button[@data-kt=\"provideButton\"]"}
RESULT: {"using":"xpath","value":"//button[@data-kt=\"provideButton\"]"}
COMMAND: POST /session/21ce62c4ecbe6d238b640e15c86407e3/elements - {"using":"xpath","value":"//button[@data-kt=\"provideButton\"]"}
RESULT: {"using":"xpath","value":"//button[@data-kt=\"provideButton\"]"}
COMMAND: POST /session/21ce62c4ecbe6d238b640e15c86407e3/elements - {"using":"xpath","value":"//button[@data-kt=\"provideButton\"]"}
RESULT: {"using":"xpath","value":"//button[@data-kt=\"provideButton\"]"}
COMMAND: POST /session/21ce62c4ecbe6d238b640e15c86407e3/elements - {"using":"xpath","value":"//button[@data-kt=\"provideButton\"]"}
RESULT: {"using":"xpath","value":"//button[@data-kt=\"provideButton\"]"}
COMMAND: POST /session/21ce62c4ecbe6d238b640e15c86407e3/elements - {"using":"xpath","value":"//button[@data-kt=\"provideButton\"]"}
RESULT: {"using":"xpath","value":"//button[@data-kt=\"provideButton\"]"}
COMMAND: POST /session/21ce62c4ecbe6d238b640e15c86407e3/elements - {"using":"xpath","value":"//button[@data-kt=\"provideButton\"]"}
RESULT: {"using":"xpath","value":"//button[@data-kt=\"provideButton\"]"}
COMMAND: POST /session/21ce62c4ecbe6d238b640e15c86407e3/elements - {"using":"xpath","value":"//button[@data-kt=\"provideButton\"]"}
RESULT: {"using":"xpath","value":"//button[@data-kt=\"provideButton\"]"}
COMMAND: POST /session/21ce62c4ecbe6d238b640e15c86407e3/elements - {"using":"xpath","value":"//button[@data-kt=\"provideButton\"]"}
RESULT: {"using":"xpath","value":"//button[@data-kt=\"provideButton\"]"}
COMMAND: POST /session/21ce62c4ecbe6d238b640e15c86407e3/elements - {"using":"xpath","value":"//button[@data-kt=\"provideButton\"]"}
RESULT: {"using":"xpath","value":"//button[@data-kt=\"provideButton\"]"}
COMMAND: POST /session/21ce62c4ecbe6d238b640e15c86407e3/elements - {"using":"xpath","value":"//button[@data-kt=\"provideButton\"]"}
RESULT: {"using":"xpath","value":"//button[@data-kt=\"provideButton\"]"}
COMMAND: POST /session/21ce62c4ecbe6d238b640e15c86407e3/elements - {"using":"xpath","value":"//button[@data-kt=\"provideButton\"]"}
RESULT: {"using":"xpath","value":"//button[@data-kt=\"provideButton\"]"}
COMMAND: POST /session/21ce62c4ecbe6d238b640e15c86407e3/elements - {"using":"xpath","value":"//button[@data-kt=\"provideButton\"]"}
RESULT: {"using":"xpath","value":"//button[@data-kt=\"provideButton\"]"}
COMMAND: POST /session/21ce62c4ecbe6d238b640e15c86407e3/elements - {"using":"xpath","value":"//button[@data-kt=\"provideButton\"]"}
RESULT: {"using":"xpath","value":"//button[@data-kt=\"provideButton\"]"}
COMMAND: POST /session/21ce62c4ecbe6d238b640e15c86407e3/elements - {"using":"xpath","value":"//button[@data-kt=\"provideButton\"]"}
RESULT: {"using":"xpath","value":"//button[@data-kt=\"provideButton\"]"}
COMMAND: POST /session/21ce62c4ecbe6d238b640e15c86407e3/elements - {"using":"xpath","value":"//button[@data-kt=\"provideButton\"]"}
RESULT: {"using":"xpath","value":"//button[@data-kt=\"provideButton\"]"}
COMMAND: POST /session/21ce62c4ecbe6d238b640e15c86407e3/elements - {"using":"xpath","value":"//button[@data-kt=\"provideButton\"]"}
RESULT: {"using":"xpath","value":"//button[@data-kt=\"provideButton\"]"}
COMMAND: POST /session/21ce62c4ecbe6d238b640e15c86407e3/elements - {"using":"xpath","value":"//button[@data-kt=\"provideButton\"]"}
RESULT: {"using":"xpath","value":"//button[@data-kt=\"provideButton\"]"}
COMMAND: POST /session/21ce62c4ecbe6d238b640e15c86407e3/elements - {"using":"xpath","value":"//button[@data-kt=\"provideButton\"]"}
RESULT: {"using":"xpath","value":"//button[@data-kt=\"provideButton\"]"}
COMMAND: POST /session/21ce62c4ecbe6d238b640e15c86407e3/elements - {"using":"xpath","value":"//button[@data-kt=\"provideButton\"]"}
RESULT: {"using":"xpath","value":"//button[@data-kt=\"provideButton\"]"}
COMMAND: POST /session/21ce62c4ecbe6d238b640e15c86407e3/elements - {"using":"xpath","value":"//button[@data-kt=\"provideButton\"]"}
RESULT: {"using":"xpath","value":"//button[@data-kt=\"provideButton\"]"}
COMMAND: POST /session/21ce62c4ecbe6d238b640e15c86407e3/elements - {"using":"xpath","value":"//button[@data-kt=\"provideButton\"]"}
RESULT: {"using":"xpath","value":"//button[@data-kt=\"provideButton\"]"}
COMMAND: POST /session/21ce62c4ecbe6d238b640e15c86407e3/elements - {"using":"xpath","value":"//button[@data-kt=\"provideButton\"]"}
RESULT: {"using":"xpath","value":"//button[@data-kt=\"provideButton\"]"}
COMMAND: POST /session/21ce62c4ecbe6d238b640e15c86407e3/elements - {"using":"xpath","value":"//button[@data-kt=\"provideButton\"]"}
RESULT: {"using":"xpath","value":"//button[@data-kt=\"provideButton\"]"}
COMMAND: POST /session/21ce62c4ecbe6d238b640e15c86407e3/elements - {"using":"xpath","value":"//button[@data-kt=\"provideButton\"]"}
RESULT: {"using":"xpath","value":"//button[@data-kt=\"provideButton\"]"}
COMMAND: POST /session/21ce62c4ecbe6d238b640e15c86407e3/elements - {"using":"xpath","value":"//button[@data-kt=\"provideButton\"]"}
RESULT: {"using":"xpath","value":"//button[@data-kt=\"provideButton\"]"}
COMMAND: POST /session/21ce62c4ecbe6d238b640e15c86407e3/elements - {"using":"xpath","value":"//button[@data-kt=\"provideButton\"]"}
RESULT: {"using":"xpath","value":"//button[@data-kt=\"provideButton\"]"}
COMMAND: POST /session/21ce62c4ecbe6d238b640e15c86407e3/elements - {"using":"xpath","value":"//button[@data-kt=\"provideButton\"]"}
RESULT: {"using":"xpath","value":"//button[@data-kt=\"provideButton\"]"}
COMMAND: POST /session/21ce62c4ecbe6d238b640e15c86407e3/elements - {"using":"xpath","value":"//button[@data-kt=\"provideButton\"]"}
RESULT: {"using":"xpath","value":"//button[@data-kt=\"provideButton\"]"}
COMMAND: POST /session/21ce62c4ecbe6d238b640e15c86407e3/elements - {"using":"xpath","value":"//button[@data-kt=\"provideButton\"]"}
RESULT: {"using":"xpath","value":"//button[@data-kt=\"provideButton\"]"}
COMMAND: POST /session/21ce62c4ecbe6d238b640e15c86407e3/elements - {"using":"xpath","value":"//button[@data-kt=\"provideButton\"]"}
RESULT: {"using":"xpath","value":"//button[@data-kt=\"provideButton\"]"}
COMMAND: POST /session/21ce62c4ecbe6d238b640e15c86407e3/elements - {"using":"xpath","value":"//button[@data-kt=\"provideButton\"]"}
RESULT: {"using":"xpath","value":"//button[@data-kt=\"provideButton\"]"}
COMMAND: POST /session/21ce62c4ecbe6d238b640e15c86407e3/elements - {"using":"xpath","value":"//button[@data-kt=\"provideButton\"]"}
RESULT: {"using":"xpath","value":"//button[@data-kt=\"provideButton\"]"}
COMMAND: POST /session/21ce62c4ecbe6d238b640e15c86407e3/elements - {"using":"xpath","value":"//button[@data-kt=\"provideButton\"]"}
RESULT: {"using":"xpath","value":"//button[@data-kt=\"provideButton\"]"}
COMMAND: POST /session/21ce62c4ecbe6d238b640e15c86407e3/elements - {"using":"xpath","value":"//button[@data-kt=\"provideButton\"]"}
RESULT: {"using":"xpath","value":"//button[@data-kt=\"provideButton\"]"}
COMMAND: POST /session/21ce62c4ecbe6d238b640e15c86407e3/elements - {"using":"xpath","value":"//button[@data-kt=\"provideButton\"]"}
RESULT: {"using":"xpath","value":"//button[@data-kt=\"provideButton\"]"}
COMMAND: POST /session/21ce62c4ecbe6d238b640e15c86407e3/elements - {"using":"xpath","value":"//button[@data-kt=\"provideButton\"]"}
RESULT: {"using":"xpath","value":"//button[@data-kt=\"provideButton\"]"}
COMMAND: POST /session/21ce62c4ecbe6d238b640e15c86407e3/elements - {"using":"xpath","value":"//button[@data-kt=\"provideButton\"]"}
RESULT: {"using":"xpath","value":"//button[@data-kt=\"provideButton\"]"}
COMMAND: POST /session/21ce62c4ecbe6d238b640e15c86407e3/elements - {"using":"xpath","value":"//button[@data-kt=\"provideButton\"]"}
RESULT: {"using":"xpath","value":"//button[@data-kt=\"provideButton\"]"}
COMMAND: POST /session/21ce62c4ecbe6d238b640e15c86407e3/elements - {"using":"xpath","value":"//button[@data-kt=\"provideButton\"]"}
RESULT: {"using":"xpath","value":"//button[@data-kt=\"provideButton\"]"}
COMMAND: POST /session/21ce62c4ecbe6d238b640e15c86407e3/elements - {"using":"xpath","value":"//button[@data-kt=\"provideButton\"]"}
RESULT: {"using":"xpath","value":"//button[@data-kt=\"provideButton\"]"}
COMMAND: POST /session/21ce62c4ecbe6d238b640e15c86407e3/elements - {"using":"xpath","value":"//button[@data-kt=\"provideButton\"]"}
RESULT: {"using":"xpath","value":"//button[@data-kt=\"provideButton\"]"}
COMMAND: POST /session/21ce62c4ecbe6d238b640e15c86407e3/elements - {"using":"xpath","value":"//button[@data-kt=\"provideButton\"]"}
RESULT: {"using":"xpath","value":"//button[@data-kt=\"provideButton\"]"}
COMMAND: POST /session/21ce62c4ecbe6d238b640e15c86407e3/elements - {"using":"xpath","value":"//button[@data-kt=\"provideButton\"]"}
RESULT: {"using":"xpath","value":"//button[@data-kt=\"provideButton\"]"}
COMMAND: POST /session/21ce62c4ecbe6d238b640e15c86407e3/elements - {"using":"xpath","value":"//button[@data-kt=\"provideButton\"]"}
RESULT: {"using":"xpath","value":"//button[@data-kt=\"provideButton\"]"}
COMMAND: POST /session/21ce62c4ecbe6d238b640e15c86407e3/elements - {"using":"xpath","value":"//button[@data-kt=\"provideButton\"]"}
RESULT: {"using":"xpath","value":"//button[@data-kt=\"provideButton\"]"}
COMMAND: POST /session/21ce62c4ecbe6d238b640e15c86407e3/elements - {"using":"xpath","value":"//button[@data-kt=\"provideButton\"]"}
RESULT: {"using":"xpath","value":"//button[@data-kt=\"provideButton\"]"}
COMMAND: POST /session/21ce62c4ecbe6d238b640e15c86407e3/elements - {"using":"xpath","value":"//button[@data-kt=\"provideButton\"]"}
RESULT: {"using":"xpath","value":"//button[@data-kt=\"provideButton\"]"}
COMMAND: POST /session/21ce62c4ecbe6d238b640e15c86407e3/elements - {"using":"xpath","value":"//button[@data-kt=\"provideButton\"]"}
RESULT: {"using":"xpath","value":"//button[@data-kt=\"provideButton\"]"}
COMMAND: POST /session/21ce62c4ecbe6d238b640e15c86407e3/elements - {"using":"xpath","value":"//button[@data-kt=\"provideButton\"]"}
RESULT: {"using":"xpath","value":"//button[@data-kt=\"provideButton\"]"}
COMMAND: POST /session/21ce62c4ecbe6d238b640e15c86407e3/elements - {"using":"xpath","value":"//button[@data-kt=\"provideButton\"]"}
RESULT: {"using":"xpath","value":"//button[@data-kt=\"provideButton\"]"}
COMMAND: POST /session/21ce62c4ecbe6d238b640e15c86407e3/elements - {"using":"xpath","value":"//button[@data-kt=\"provideButton\"]"}
RESULT: {"using":"xpath","value":"//button[@data-kt=\"provideButton\"]"}
COMMAND: POST /session/21ce62c4ecbe6d238b640e15c86407e3/elements - {"using":"xpath","value":"//button[@data-kt=\"provideButton\"]"}
RESULT: {"using":"xpath","value":"//button[@data-kt=\"provideButton\"]"}
COMMAND: POST /session/21ce62c4ecbe6d238b640e15c86407e3/elements - {"using":"xpath","value":"//button[@data-kt=\"provideButton\"]"}
RESULT: {"using":"xpath","value":"//button[@data-kt=\"provideButton\"]"}
COMMAND: POST /session/21ce62c4ecbe6d238b640e15c86407e3/elements - {"using":"xpath","value":"//button[@data-kt=\"provideButton\"]"}
RESULT: {"using":"xpath","value":"//button[@data-kt=\"provideButton\"]"}
COMMAND: POST /session/21ce62c4ecbe6d238b640e15c86407e3/elements - {"using":"xpath","value":"//button[@data-kt=\"provideButton\"]"}
RESULT: {"using":"xpath","value":"//button[@data-kt=\"provideButton\"]"}
COMMAND: POST /session/21ce62c4ecbe6d238b640e15c86407e3/elements - {"using":"xpath","value":"//button[@data-kt=\"provideButton\"]"}
RESULT: {"using":"xpath","value":"//button[@data-kt=\"provideButton\"]"}
COMMAND: POST /session/21ce62c4ecbe6d238b640e15c86407e3/elements - {"using":"xpath","value":"//button[@data-kt=\"provideButton\"]"}
RESULT: {"using":"xpath","value":"//button[@data-kt=\"provideButton\"]"}
COMMAND: POST /session/21ce62c4ecbe6d238b640e15c86407e3/elements - {"using":"xpath","value":"//button[@data-kt=\"provideButton\"]"}
RESULT: {"using":"xpath","value":"//button[@data-kt=\"provideButton\"]"}
COMMAND: POST /session/21ce62c4ecbe6d238b640e15c86407e3/elements - {"using":"xpath","value":"//button[@data-kt=\"provideButton\"]"}
RESULT: {"using":"xpath","value":"//button[@data-kt=\"provideButton\"]"}
COMMAND: POST /session/21ce62c4ecbe6d238b640e15c86407e3/elements - {"using":"xpath","value":"//button[@data-kt=\"provideButton\"]"}
RESULT: {"using":"xpath","value":"//button[@data-kt=\"provideButton\"]"}
COMMAND: POST /session/21ce62c4ecbe6d238b640e15c86407e3/elements - {"using":"xpath","value":"//button[@data-kt=\"provideButton\"]"}
RESULT: {"using":"xpath","value":"//button[@data-kt=\"provideButton\"]"}
COMMAND: POST /session/21ce62c4ecbe6d238b640e15c86407e3/elements - {"using":"xpath","value":"//button[@data-kt=\"provideButton\"]"}
RESULT: {"using":"xpath","value":"//button[@data-kt=\"provideButton\"]"}
COMMAND: POST /session/21ce62c4ecbe6d238b640e15c86407e3/elements - {"using":"xpath","value":"//button[@data-kt=\"provideButton\"]"}
RESULT: {"using":"xpath","value":"//button[@data-kt=\"provideButton\"]"}
COMMAND: POST /session/21ce62c4ecbe6d238b640e15c86407e3/elements - {"using":"xpath","value":"//button[@data-kt=\"provideButton\"]"}
RESULT: {"using":"xpath","value":"//button[@data-kt=\"provideButton\"]"}
COMMAND: POST /session/21ce62c4ecbe6d238b640e15c86407e3/elements - {"using":"xpath","value":"//button[@data-kt=\"provideButton\"]"}
RESULT: {"using":"xpath","value":"//button[@data-kt=\"provideButton\"]"}
COMMAND: POST /session/21ce62c4ecbe6d238b640e15c86407e3/elements - {"using":"xpath","value":"//button[@data-kt=\"provideButton\"]"}
RESULT: {"using":"xpath","value":"//button[@data-kt=\"provideButton\"]"}
COMMAND: POST /session/21ce62c4ecbe6d238b640e15c86407e3/elements - {"using":"xpath","value":"//button[@data-kt=\"provideButton\"]"}
RESULT: {"using":"xpath","value":"//button[@data-kt=\"provideButton\"]"}
COMMAND: POST /session/21ce62c4ecbe6d238b640e15c86407e3/elements - {"using":"xpath","value":"//button[@data-kt=\"provideButton\"]"}
RESULT: {"using":"xpath","value":"//button[@data-kt=\"provideButton\"]"}
COMMAND: POST /session/21ce62c4ecbe6d238b640e15c86407e3/elements - {"using":"xpath","value":"//button[@data-kt=\"provideButton\"]"}
RESULT: {"using":"xpath","value":"//button[@data-kt=\"provideButton\"]"}
COMMAND: POST /session/21ce62c4ecbe6d238b640e15c86407e3/elements - {"using":"xpath","value":"//button[@data-kt=\"provideButton\"]"}
COMMAND: GET /session/21ce62c4ecbe6d238b640e15c86407e3/screenshot - {}
RESULT: {"using":"xpath","value":"//button[@data-kt=\"provideButton\"]"}
RESULT: {}
COMMAND: GET /session/21ce62c4ecbe6d238b640e15c86407e3/screenshot - {}
]]></system-out>
      <system-err><![CDATA[
Error: Can't call click on element with selector "//button[@data-kt="provideButton"]" because element wasn't found
    at async Context.<anonymous> (D:\a\1\s\test\specs\HTR\provide-to-site-w-warehouse-wo-clarification.spec.js:83:9)
]]></system-err>
    </testcase>
    <testcase classname="chrome.136_0_7103_93.windows.Provide_to_Site_w/_warehouse_management_wo_clarification" name="Should Test for Handover Execution" time="34.49">
      <failure/>
      <error message="expect(received).toEqual(expected) // deep equality&#xA;&#xA;Expected: &quot;stored&quot;&#xA;Received: undefined"/>
      <system-out><![CDATA[
COMMAND: POST /session/21ce62c4ecbe6d238b640e15c86407e3/execute/async - {"script":"<script> [1562 bytes]","args":[{"selector":{"controlType":"sap.m.Link","viewName":"etm.portal.ui.managehandovers.view.DetailExecuteHO","bindingPath":{"path":"","propertyPath":"/wmDoc","modelName":"warehouseMovModel"}},"wdio_ui5_key":"etmportal.ui.managehandovers.view.DetailExecuteHOsap.m.Link{\"path\":\"\",\"propertyPath\":\"/wmDoc\",\"modelName\":\"warehouseMovModel\"}"}]}
RESULT: {}
RESULT: {"script":"<script> [1562 bytes]","args":[{"selector":{"controlType":"sap.m.Link","viewName":"etm.portal.ui.managehandovers.view.DetailExecuteHO","bindingPath":{"path":"","propertyPath":"/wmDoc","modelName":"warehouseMovModel"}},"wdio_ui5_key":"etmportal.ui.managehandovers.view.DetailExecuteHOsap.m.Link{\"path\":\"\",\"propertyPath\":\"/wmDoc\",\"modelName\":\"warehouseMovModel\"}"}]}
RESULT: undefined
COMMAND: POST /session/21ce62c4ecbe6d238b640e15c86407e3/execute/async - {"script":"<script> [1562 bytes]","args":[{"selector":{"controlType":"sap.m.Link","viewName":"etm.portal.ui.managehandovers.view.DetailExecuteHO","properties":{"text":"Warehouse Overview"},"searchOpenDialogs":true},"wdio_ui5_key":"etmportal.ui.managehandovers.view.DetailExecuteHOsap.m.Link{\"text\":\"Warehouse Overview\"}"}]}
RESULT: {"script":"<script> [1562 bytes]","args":[{"selector":{"controlType":"sap.m.Link","viewName":"etm.portal.ui.managehandovers.view.DetailExecuteHO","properties":{"text":"Warehouse Overview"},"searchOpenDialogs":true},"wdio_ui5_key":"etmportal.ui.managehandovers.view.DetailExecuteHOsap.m.Link{\"text\":\"Warehouse Overview\"}"}]}
RESULT: undefined
COMMAND: POST /session/21ce62c4ecbe6d238b640e15c86407e3/execute/async - {"script":"<script> [1562 bytes]","args":[{"selector":{"controlType":"sap.m.Button","viewName":"etm.portal.ui.warehousemovements.view.DisplayMovement","viewId":"application-warehousemovements-display-component---displayMovement","i18NText":{"propertyName":"text","key":"execution"},"interaction":{"idSuffix":"BDI-content"}},"wdio_ui5_key":"etmportal.ui.warehousemovements.view.DisplayMovementsap.m.Button{\"propertyName\":\"text\",\"key\":\"execution\"}"}]}
RESULT: {"script":"<script> [1562 bytes]","args":[{"selector":{"controlType":"sap.m.Button","viewName":"etm.portal.ui.warehousemovements.view.DisplayMovement","viewId":"application-warehousemovements-display-component---displayMovement","i18NText":{"propertyName":"text","key":"execution"},"interaction":{"idSuffix":"BDI-content"}},"wdio_ui5_key":"etmportal.ui.warehousemovements.view.DisplayMovementsap.m.Button{\"propertyName\":\"text\",\"key\":\"execution\"}"}]}
RESULT: undefined
COMMAND: POST /session/21ce62c4ecbe6d238b640e15c86407e3/execute/async - {"script":"<script> [1562 bytes]","args":[{"selector":{"controlType":"sap.m.Button","viewName":"etm.portal.ui.warehousemovements.view.ExecuteMovement","viewId":"application-warehousemovements-display-component---executeMovement","properties":{"text":"Items"},"interaction":{"idSuffix":"BDI-content"}},"wdio_ui5_key":"etmportal.ui.warehousemovements.view.ExecuteMovementsap.m.Button{\"text\":\"Items\"}"}]}
RESULT: {"script":"<script> [1562 bytes]","args":[{"selector":{"controlType":"sap.m.Button","viewName":"etm.portal.ui.warehousemovements.view.ExecuteMovement","viewId":"application-warehousemovements-display-component---executeMovement","properties":{"text":"Items"},"interaction":{"idSuffix":"BDI-content"}},"wdio_ui5_key":"etmportal.ui.warehousemovements.view.ExecuteMovementsap.m.Button{\"text\":\"Items\"}"}]}
RESULT: undefined
COMMAND: POST /session/21ce62c4ecbe6d238b640e15c86407e3/execute/async - {"script":"<script> [1562 bytes]","args":[{"selector":{"controlType":"sap.m.ToggleButton","viewName":"etm.portal.ui.warehousemovements.view.ExecuteMovement","viewId":"application-warehousemovements-display-component---executeMovement","bindingPath":{"propertyPath":"STATUS","modelName":"catalogModel"},"interaction":{"idSuffix":"BDI-content"}},"wdio_ui5_key":"etmportal.ui.warehousemovements.view.ExecuteMovementsap.m.ToggleButton{\"propertyPath\":\"STATUS\",\"modelName\":\"catalogModel\"}"}]}
RESULT: {"script":"<script> [1562 bytes]","args":[{"selector":{"controlType":"sap.m.ToggleButton","viewName":"etm.portal.ui.warehousemovements.view.ExecuteMovement","viewId":"application-warehousemovements-display-component---executeMovement","bindingPath":{"propertyPath":"STATUS","modelName":"catalogModel"},"interaction":{"idSuffix":"BDI-content"}},"wdio_ui5_key":"etmportal.ui.warehousemovements.view.ExecuteMovementsap.m.ToggleButton{\"propertyPath\":\"STATUS\",\"modelName\":\"catalogModel\"}"}]}
RESULT: undefined
RESULT: undefined
RESULT: undefined
COMMAND: GET /session/21ce62c4ecbe6d238b640e15c86407e3/screenshot - {}
RESULT: {}
COMMAND: POST /session/21ce62c4ecbe6d238b640e15c86407e3/element - {"using":"css selector","value":"#j_username"}
COMMAND: POST /session/21ce62c4ecbe6d238b640e15c86407e3/url - {"url":"https://qa-testing-00-live-etm-ui.cfapps.eu10-004.hana.ondemand.com/"}
COMMAND: GET /session/21ce62c4ecbe6d238b640e15c86407e3/screenshot - {}
COMMAND: GET /session/21ce62c4ecbe6d238b640e15c86407e3/screenshot - {}
RESULT: {"url":"https://qa-testing-00-live-etm-ui.cfapps.eu10-004.hana.ondemand.com/"}
RESULT: undefined
COMMAND: GET /session/21ce62c4ecbe6d238b640e15c86407e3/screenshot - {}
RESULT: {"using":"css selector","value":"#j_username"}
COMMAND: POST /session/21ce62c4ecbe6d238b640e15c86407e3/element - {"using":"css selector","value":"#j_username"}
RESULT: {}
RESULT: {}
RESULT: {}
RESULT: {"using":"css selector","value":"#j_username"}
COMMAND: POST /session/21ce62c4ecbe6d238b640e15c86407e3/element - {"using":"css selector","value":"#shell-header-logo"}
RESULT: {"using":"css selector","value":"#shell-header-logo"}
COMMAND: POST /session/21ce62c4ecbe6d238b640e15c86407e3/execute/sync - {"script":"<script> [8489 bytes]","args":[{"element-6066-11e4-a52e-4f735466cecf":"f.93D217436D6DD50F1CAF1D433A497FC6.d.519DDBA6B54ADA4746E457B6C39B0E4F.e.6169","ELEMENT":"f.93D217436D6DD50F1CAF1D433A497FC6.d.519DDBA6B54ADA4746E457B6C39B0E4F.e.6169"}]}
RESULT: {"script":"<script> [8489 bytes]","args":[{"element-6066-11e4-a52e-4f735466cecf":"f.93D217436D6DD50F1CAF1D433A497FC6.d.519DDBA6B54ADA4746E457B6C39B0E4F.e.6169","ELEMENT":"f.93D217436D6DD50F1CAF1D433A497FC6.d.519DDBA6B54ADA4746E457B6C39B0E4F.e.6169"}]}
COMMAND: POST /session/21ce62c4ecbe6d238b640e15c86407e3/element - {"using":"css selector","value":"#shell-header-logo"}
COMMAND: GET /session/21ce62c4ecbe6d238b640e15c86407e3/screenshot - {}
RESULT: {"using":"css selector","value":"#shell-header-logo"}
COMMAND: POST /session/21ce62c4ecbe6d238b640e15c86407e3/execute/sync - {"script":"<script> [8489 bytes]","args":[{"element-6066-11e4-a52e-4f735466cecf":"f.93D217436D6DD50F1CAF1D433A497FC6.d.519DDBA6B54ADA4746E457B6C39B0E4F.e.6169","ELEMENT":"f.93D217436D6DD50F1CAF1D433A497FC6.d.519DDBA6B54ADA4746E457B6C39B0E4F.e.6169"}]}
RESULT: {}
RESULT: {"script":"<script> [8489 bytes]","args":[{"element-6066-11e4-a52e-4f735466cecf":"f.93D217436D6DD50F1CAF1D433A497FC6.d.519DDBA6B54ADA4746E457B6C39B0E4F.e.6169","ELEMENT":"f.93D217436D6DD50F1CAF1D433A497FC6.d.519DDBA6B54ADA4746E457B6C39B0E4F.e.6169"}]}
COMMAND: POST /session/21ce62c4ecbe6d238b640e15c86407e3/execute/sync - {"script":"<script> [5351 bytes]","args":[{"element-6066-11e4-a52e-4f735466cecf":"f.93D217436D6DD50F1CAF1D433A497FC6.d.519DDBA6B54ADA4746E457B6C39B0E4F.e.6169","ELEMENT":"f.93D217436D6DD50F1CAF1D433A497FC6.d.519DDBA6B54ADA4746E457B6C39B0E4F.e.6169"}]}
COMMAND: GET /session/21ce62c4ecbe6d238b640e15c86407e3/screenshot - {}
RESULT: {"script":"<script> [5351 bytes]","args":[{"element-6066-11e4-a52e-4f735466cecf":"f.93D217436D6DD50F1CAF1D433A497FC6.d.519DDBA6B54ADA4746E457B6C39B0E4F.e.6169","ELEMENT":"f.93D217436D6DD50F1CAF1D433A497FC6.d.519DDBA6B54ADA4746E457B6C39B0E4F.e.6169"}]}
COMMAND: POST /session/21ce62c4ecbe6d238b640e15c86407e3/element - {"using":"css selector","value":"#shell-header-logo"}
COMMAND: GET /session/21ce62c4ecbe6d238b640e15c86407e3/screenshot - {}
RESULT: {}
RESULT: {"using":"css selector","value":"#shell-header-logo"}
COMMAND: POST /session/21ce62c4ecbe6d238b640e15c86407e3/element/f.93D217436D6DD50F1CAF1D433A497FC6.d.519DDBA6B54ADA4746E457B6C39B0E4F.e.6169/click - {}
RESULT: {}
RESULT: {}
COMMAND: GET /session/21ce62c4ecbe6d238b640e15c86407e3/screenshot - {}
RESULT: {}
COMMAND: POST /session/21ce62c4ecbe6d238b640e15c86407e3/execute/async - {"script":"<script> [189 bytes]","args":[]}
RESULT: {"script":"<script> [189 bytes]","args":[]}
COMMAND: POST /session/21ce62c4ecbe6d238b640e15c86407e3/execute/async - {"script":"<script> [123 bytes]","args":[]}
RESULT: {"script":"<script> [123 bytes]","args":[]}
COMMAND: POST /session/21ce62c4ecbe6d238b640e15c86407e3/timeouts - {"script":"<number>"}
RESULT: {"script":"<number>"}
COMMAND: GET /session/21ce62c4ecbe6d238b640e15c86407e3/timeouts - {}
RESULT: {}
RESULT: undefined
COMMAND: POST /session/21ce62c4ecbe6d238b640e15c86407e3/execute/async - {"script":"<script> [2676 bytes]","args":[]}
RESULT: {"script":"<script> [2676 bytes]","args":[]}
COMMAND: POST /session/21ce62c4ecbe6d238b640e15c86407e3/execute/async - {"script":"<script> [2342 bytes]","args":[{"protocol":"http","hostname":"0.0.0.0","path":"/","capabilities":{"browserName":"chrome","goog:chromeOptions":{"binary":"C:\\Program Files\\Google\\Chrome\\Application\\chrome.exe","args":["--start-maximized"]}},"logLevel":"warn","connectionRetryTimeout":120000,"connectionRetryCount":3,"logLevels":{},"enableDirectConnect":true,"strictSSL":true,"_":"65 more keys: [\"cacheDir\",\"port\",\"requestedCapabilities\",\"automationProtocol\",\"baseUrl\",\"waitforInterval\",\"waitforTimeout\",\"onReload\",\"beforeCommand\",\"afterCommand\",\"rootDir\",\"specs\",\"suites\",\"exclude\",\"groupLogsByTestSpec\",\"excludeDriverLogs\",\"bail\",\"framework\",\"reporters\",\"services\",\"maxInstances\",\"maxInstancesPerCapability\",\"injectGlobals\",\"filesToWatch\",\"execArgv\",\"runnerEnv\",\"runner\",\"shard\",\"specFileRetries\",\"specFileRetriesDelay\",\"specFileRetriesDeferred\",\"reporterSyncInterval\",\"reporterSyncTimeout\",\"cucumberFeaturesWithLineNumbers\",\"autoCompileOpts\",\"mochaOpts\",\"jasmineOpts\",\"cucumberOpts\",\"onPrepare\",\"onWorkerStart\",\"onWorkerEnd\",\"before\",\"beforeSession\",\"beforeSuite\",\"beforeHook\",\"beforeTest\",\"afterTest\",\"afterHook\",\"afterSuite\",\"afterSession\",\"after\",\"onComplete\",\"beforeAssertion\",\"afterAssertion\",\"beforeFeature\",\"beforeScenario\",\"beforeStep\",\"afterStep\",\"afterScenario\",\"afterFeature\",\"_\",\"suite\",\"$0\",\"ignoredWorkerServices\",\"wdi5\"]"}]}
RESULT: {"script":"<script> [2342 bytes]","args":[{"protocol":"http","hostname":"0.0.0.0","path":"/","capabilities":{"browserName":"chrome","goog:chromeOptions":{"binary":"C:\\Program Files\\Google\\Chrome\\Application\\chrome.exe","args":["--start-maximized"]}},"logLevel":"warn","connectionRetryTimeout":120000,"connectionRetryCount":3,"logLevels":{},"enableDirectConnect":true,"strictSSL":true,"_":"65 more keys: [\"cacheDir\",\"port\",\"requestedCapabilities\",\"automationProtocol\",\"baseUrl\",\"waitforInterval\",\"waitforTimeout\",\"onReload\",\"beforeCommand\",\"afterCommand\",\"rootDir\",\"specs\",\"suites\",\"exclude\",\"groupLogsByTestSpec\",\"excludeDriverLogs\",\"bail\",\"framework\",\"reporters\",\"services\",\"maxInstances\",\"maxInstancesPerCapability\",\"injectGlobals\",\"filesToWatch\",\"execArgv\",\"runnerEnv\",\"runner\",\"shard\",\"specFileRetries\",\"specFileRetriesDelay\",\"specFileRetriesDeferred\",\"reporterSyncInterval\",\"reporterSyncTimeout\",\"cucumberFeaturesWithLineNumbers\",\"autoCompileOpts\",\"mochaOpts\",\"jasmineOpts\",\"cucumberOpts\",\"onPrepare\",\"onWorkerStart\",\"onWorkerEnd\",\"before\",\"beforeSession\",\"beforeSuite\",\"beforeHook\",\"beforeTest\",\"afterTest\",\"afterHook\",\"afterSuite\",\"afterSession\",\"after\",\"onComplete\",\"beforeAssertion\",\"afterAssertion\",\"beforeFeature\",\"beforeScenario\",\"beforeStep\",\"afterStep\",\"afterScenario\",\"afterFeature\",\"_\",\"suite\",\"$0\",\"ignoredWorkerServices\",\"wdi5\"]"}]}
COMMAND: POST /session/21ce62c4ecbe6d238b640e15c86407e3/execute/async - {"script":"<script> [21126 bytes]","args":[35000]}
RESULT: {"script":"<script> [21126 bytes]","args":[35000]}
COMMAND: POST /session/21ce62c4ecbe6d238b640e15c86407e3/window/maximize - {}
RESULT: {}
COMMAND: POST /session/21ce62c4ecbe6d238b640e15c86407e3/execute/async - {"script":"<script> [1562 bytes]","args":[{"selector":{"id":"shell-header","interaction":{"idSuffix":"icon"}},"wdio_ui5_key":"shellheader"}]}
COMMAND: GET /session/21ce62c4ecbe6d238b640e15c86407e3/screenshot - {}
RESULT: {"script":"<script> [1562 bytes]","args":[{"selector":{"id":"shell-header","interaction":{"idSuffix":"icon"}},"wdio_ui5_key":"shellheader"}]}
RESULT: undefined
COMMAND: POST /session/21ce62c4ecbe6d238b640e15c86407e3/window/fullscreen - {}
RESULT: {}
RESULT: {}
]]></system-out>
      <system-err><![CDATA[
Error: expect(received).toEqual(expected) // deep equality

Expected: "stored"
Received: undefined
    at Context.<anonymous> (D:\a\1\s\test\specs\HTR\provide-to-site-w-warehouse-wo-clarification.spec.js:229:28)
]]></system-err>
    </testcase>
  </testsuite>
  <testsuite timestamp="2025-05-31T16:48:45" time="485.094" tests="4" failures="0" errors="0" skipped="0">
    <properties>
      <property name="specId" value="0"/>
      <property name="suiteName" value="Provide to Site w/o warehouse management w/ clarification US116605"/>
      <property name="capabilities" value="chrome.136_0_7103_93.windows"/>
      <property name="file" value="file:///D:/a/1/s/test/specs/HTR/provide-to-site-wo-warehouse-w-clarification.spec.js"/>
    </properties>
    <testcase classname="chrome.136_0_7103_93.windows.Provide_to_Site_w/o_warehouse_management_w/_clarification_US116605" name="Should create a new yard" time="134.167">
      <system-out><![CDATA[
COMMAND: POST /session/21ce62c4ecbe6d238b640e15c86407e3/window/fullscreen - {}
RESULT: {}
COMMAND: POST /session/21ce62c4ecbe6d238b640e15c86407e3/execute/async - {"script":"<script> [1562 bytes]","args":[{"selector":{"controlType":"sap.m.GenericTile","properties":{"header":"Manage Yards"}},"wdio_ui5_key":"sapm.GenericTile{\"header\":\"Manage Yards\"}"}]}
RESULT: {"script":"<script> [1562 bytes]","args":[{"selector":{"controlType":"sap.m.GenericTile","properties":{"header":"Manage Yards"}},"wdio_ui5_key":"sapm.GenericTile{\"header\":\"Manage Yards\"}"}]}
RESULT: undefined
COMMAND: POST /session/21ce62c4ecbe6d238b640e15c86407e3/element - {"using":"xpath","value":"//*[@id=\"__tile33\"]"}
RESULT: {"using":"xpath","value":"//*[@id=\"__tile33\"]"}
COMMAND: POST /session/21ce62c4ecbe6d238b640e15c86407e3/element/f.93D217436D6DD50F1CAF1D433A497FC6.d.519DDBA6B54ADA4746E457B6C39B0E4F.e.6193/click - {}
RESULT: {}
COMMAND: GET /session/21ce62c4ecbe6d238b640e15c86407e3/screenshot - {}
RESULT: {}
COMMAND: POST /session/21ce62c4ecbe6d238b640e15c86407e3/elements - {"using":"xpath","value":"//span[text()='Error']"}
RESULT: {"using":"xpath","value":"//span[text()='Error']"}
COMMAND: POST /session/21ce62c4ecbe6d238b640e15c86407e3/element - {"using":"xpath","value":"//button[@data-kt=\"addNewYardOverflowToolbarButton\"]"}
RESULT: {"using":"xpath","value":"//button[@data-kt=\"addNewYardOverflowToolbarButton\"]"}
COMMAND: POST /session/21ce62c4ecbe6d238b640e15c86407e3/elements - {"using":"xpath","value":"//button[@data-kt=\"addNewYardOverflowToolbarButton\"]"}
RESULT: {"using":"xpath","value":"//button[@data-kt=\"addNewYardOverflowToolbarButton\"]"}
COMMAND: POST /session/21ce62c4ecbe6d238b640e15c86407e3/elements - {"using":"xpath","value":"//button[@data-kt=\"addNewYardOverflowToolbarButton\"]"}
RESULT: {"using":"xpath","value":"//button[@data-kt=\"addNewYardOverflowToolbarButton\"]"}
COMMAND: POST /session/21ce62c4ecbe6d238b640e15c86407e3/elements - {"using":"xpath","value":"//button[@data-kt=\"addNewYardOverflowToolbarButton\"]"}
RESULT: {"using":"xpath","value":"//button[@data-kt=\"addNewYardOverflowToolbarButton\"]"}
COMMAND: POST /session/21ce62c4ecbe6d238b640e15c86407e3/elements - {"using":"xpath","value":"//button[@data-kt=\"addNewYardOverflowToolbarButton\"]"}
RESULT: {"using":"xpath","value":"//button[@data-kt=\"addNewYardOverflowToolbarButton\"]"}
COMMAND: POST /session/21ce62c4ecbe6d238b640e15c86407e3/elements - {"using":"xpath","value":"//button[@data-kt=\"addNewYardOverflowToolbarButton\"]"}
RESULT: {"using":"xpath","value":"//button[@data-kt=\"addNewYardOverflowToolbarButton\"]"}
COMMAND: POST /session/21ce62c4ecbe6d238b640e15c86407e3/elements - {"using":"xpath","value":"//button[@data-kt=\"addNewYardOverflowToolbarButton\"]"}
RESULT: {"using":"xpath","value":"//button[@data-kt=\"addNewYardOverflowToolbarButton\"]"}
COMMAND: POST /session/21ce62c4ecbe6d238b640e15c86407e3/elements - {"using":"xpath","value":"//button[@data-kt=\"addNewYardOverflowToolbarButton\"]"}
RESULT: {"using":"xpath","value":"//button[@data-kt=\"addNewYardOverflowToolbarButton\"]"}
COMMAND: POST /session/21ce62c4ecbe6d238b640e15c86407e3/elements - {"using":"xpath","value":"//button[@data-kt=\"addNewYardOverflowToolbarButton\"]"}
RESULT: {"using":"xpath","value":"//button[@data-kt=\"addNewYardOverflowToolbarButton\"]"}
COMMAND: POST /session/21ce62c4ecbe6d238b640e15c86407e3/elements - {"using":"xpath","value":"//button[@data-kt=\"addNewYardOverflowToolbarButton\"]"}
RESULT: {"using":"xpath","value":"//button[@data-kt=\"addNewYardOverflowToolbarButton\"]"}
COMMAND: POST /session/21ce62c4ecbe6d238b640e15c86407e3/elements - {"using":"xpath","value":"//button[@data-kt=\"addNewYardOverflowToolbarButton\"]"}
RESULT: {"using":"xpath","value":"//button[@data-kt=\"addNewYardOverflowToolbarButton\"]"}
COMMAND: POST /session/21ce62c4ecbe6d238b640e15c86407e3/elements - {"using":"xpath","value":"//button[@data-kt=\"addNewYardOverflowToolbarButton\"]"}
RESULT: {"using":"xpath","value":"//button[@data-kt=\"addNewYardOverflowToolbarButton\"]"}
COMMAND: POST /session/21ce62c4ecbe6d238b640e15c86407e3/elements - {"using":"xpath","value":"//button[@data-kt=\"addNewYardOverflowToolbarButton\"]"}
RESULT: {"using":"xpath","value":"//button[@data-kt=\"addNewYardOverflowToolbarButton\"]"}
COMMAND: POST /session/21ce62c4ecbe6d238b640e15c86407e3/elements - {"using":"xpath","value":"//button[@data-kt=\"addNewYardOverflowToolbarButton\"]"}
RESULT: {"using":"xpath","value":"//button[@data-kt=\"addNewYardOverflowToolbarButton\"]"}
COMMAND: POST /session/21ce62c4ecbe6d238b640e15c86407e3/elements - {"using":"xpath","value":"//button[@data-kt=\"addNewYardOverflowToolbarButton\"]"}
RESULT: {"using":"xpath","value":"//button[@data-kt=\"addNewYardOverflowToolbarButton\"]"}
COMMAND: POST /session/21ce62c4ecbe6d238b640e15c86407e3/elements - {"using":"xpath","value":"//button[@data-kt=\"addNewYardOverflowToolbarButton\"]"}
RESULT: {"using":"xpath","value":"//button[@data-kt=\"addNewYardOverflowToolbarButton\"]"}
COMMAND: POST /session/21ce62c4ecbe6d238b640e15c86407e3/elements - {"using":"xpath","value":"//button[@data-kt=\"addNewYardOverflowToolbarButton\"]"}
RESULT: {"using":"xpath","value":"//button[@data-kt=\"addNewYardOverflowToolbarButton\"]"}
COMMAND: POST /session/21ce62c4ecbe6d238b640e15c86407e3/elements - {"using":"xpath","value":"//button[@data-kt=\"addNewYardOverflowToolbarButton\"]"}
RESULT: {"using":"xpath","value":"//button[@data-kt=\"addNewYardOverflowToolbarButton\"]"}
COMMAND: POST /session/21ce62c4ecbe6d238b640e15c86407e3/element - {"using":"xpath","value":"//button[@data-kt=\"addNewYardOverflowToolbarButton\"]"}
RESULT: {"using":"xpath","value":"//button[@data-kt=\"addNewYardOverflowToolbarButton\"]"}
COMMAND: POST /session/21ce62c4ecbe6d238b640e15c86407e3/execute/sync - {"script":"<script> [8489 bytes]","args":[{"element-6066-11e4-a52e-4f735466cecf":"f.93D217436D6DD50F1CAF1D433A497FC6.d.519DDBA6B54ADA4746E457B6C39B0E4F.e.6317","ELEMENT":"f.93D217436D6DD50F1CAF1D433A497FC6.d.519DDBA6B54ADA4746E457B6C39B0E4F.e.6317"}]}
RESULT: {"script":"<script> [8489 bytes]","args":[{"element-6066-11e4-a52e-4f735466cecf":"f.93D217436D6DD50F1CAF1D433A497FC6.d.519DDBA6B54ADA4746E457B6C39B0E4F.e.6317","ELEMENT":"f.93D217436D6DD50F1CAF1D433A497FC6.d.519DDBA6B54ADA4746E457B6C39B0E4F.e.6317"}]}
COMMAND: GET /session/21ce62c4ecbe6d238b640e15c86407e3/element/f.93D217436D6DD50F1CAF1D433A497FC6.d.519DDBA6B54ADA4746E457B6C39B0E4F.e.6317/enabled - {}
COMMAND: GET /session/21ce62c4ecbe6d238b640e15c86407e3/screenshot - {}
RESULT: {}
COMMAND: POST /session/21ce62c4ecbe6d238b640e15c86407e3/execute/sync - {"script":"<script> [8489 bytes]","args":[{"element-6066-11e4-a52e-4f735466cecf":"f.93D217436D6DD50F1CAF1D433A497FC6.d.519DDBA6B54ADA4746E457B6C39B0E4F.e.6317","ELEMENT":"f.93D217436D6DD50F1CAF1D433A497FC6.d.519DDBA6B54ADA4746E457B6C39B0E4F.e.6317"}]}
COMMAND: GET /session/21ce62c4ecbe6d238b640e15c86407e3/screenshot - {}
RESULT: {}
RESULT: {"script":"<script> [8489 bytes]","args":[{"element-6066-11e4-a52e-4f735466cecf":"f.93D217436D6DD50F1CAF1D433A497FC6.d.519DDBA6B54ADA4746E457B6C39B0E4F.e.6317","ELEMENT":"f.93D217436D6DD50F1CAF1D433A497FC6.d.519DDBA6B54ADA4746E457B6C39B0E4F.e.6317"}]}
COMMAND: POST /session/21ce62c4ecbe6d238b640e15c86407e3/execute/sync - {"script":"<script> [5351 bytes]","args":[{"element-6066-11e4-a52e-4f735466cecf":"f.93D217436D6DD50F1CAF1D433A497FC6.d.519DDBA6B54ADA4746E457B6C39B0E4F.e.6317","ELEMENT":"f.93D217436D6DD50F1CAF1D433A497FC6.d.519DDBA6B54ADA4746E457B6C39B0E4F.e.6317"}]}
COMMAND: GET /session/21ce62c4ecbe6d238b640e15c86407e3/screenshot - {}
RESULT: {}
RESULT: {"script":"<script> [5351 bytes]","args":[{"element-6066-11e4-a52e-4f735466cecf":"f.93D217436D6DD50F1CAF1D433A497FC6.d.519DDBA6B54ADA4746E457B6C39B0E4F.e.6317","ELEMENT":"f.93D217436D6DD50F1CAF1D433A497FC6.d.519DDBA6B54ADA4746E457B6C39B0E4F.e.6317"}]}
COMMAND: POST /session/21ce62c4ecbe6d238b640e15c86407e3/element/f.93D217436D6DD50F1CAF1D433A497FC6.d.519DDBA6B54ADA4746E457B6C39B0E4F.e.6317/click - {}
COMMAND: GET /session/21ce62c4ecbe6d238b640e15c86407e3/screenshot - {}
RESULT: {}
RESULT: {}
COMMAND: GET /session/21ce62c4ecbe6d238b640e15c86407e3/screenshot - {}
RESULT: {}
RESULT: {}
COMMAND: POST /session/21ce62c4ecbe6d238b640e15c86407e3/element - {"using":"xpath","value":"//input[@id=\"application-manageyards-display-component---NewYard--yardId-inner\"]"}
RESULT: {"using":"xpath","value":"//input[@id=\"application-manageyards-display-component---NewYard--yardId-inner\"]"}
COMMAND: POST /session/21ce62c4ecbe6d238b640e15c86407e3/element - {"using":"xpath","value":"//input[@id=\"application-manageyards-display-component---NewYard--yardId-inner\"]"}
RESULT: {"using":"xpath","value":"//input[@id=\"application-manageyards-display-component---NewYard--yardId-inner\"]"}
COMMAND: POST /session/21ce62c4ecbe6d238b640e15c86407e3/execute/async - {"script":"<script> [1562 bytes]","args":[{"selector":{"id":"application-manageyards-display-component---NewYard--addressDetailDetailsName1","interaction":{"idSuffix":"inner"}},"wdio_ui5_key":"applicationmanageyards-display-component---NewYard--addressDetailDetailsName1"}]}
RESULT: {"script":"<script> [1562 bytes]","args":[{"selector":{"id":"application-manageyards-display-component---NewYard--addressDetailDetailsName1","interaction":{"idSuffix":"inner"}},"wdio_ui5_key":"applicationmanageyards-display-component---NewYard--addressDetailDetailsName1"}]}
RESULT: undefined
COMMAND: POST /session/21ce62c4ecbe6d238b640e15c86407e3/execute/async - {"script":"<script> [776 bytes]","args":[{"enterText":"Other Yard WDIO","selector":{"id":"application-manageyards-display-component---NewYard--addressDetailDetailsName1","interaction":{"idSuffix":"inner"}},"clearTextFirst":true,"interactionType":"ENTER_TEXT"}]}
RESULT: {"script":"<script> [776 bytes]","args":[{"enterText":"Other Yard WDIO","selector":{"id":"application-manageyards-display-component---NewYard--addressDetailDetailsName1","interaction":{"idSuffix":"inner"}},"clearTextFirst":true,"interactionType":"ENTER_TEXT"}]}
COMMAND: POST /session/21ce62c4ecbe6d238b640e15c86407e3/execute/async - {"script":"<script> [1562 bytes]","args":[{"selector":{"id":"application-manageyards-display-component---NewYard--addressDetailDetailsLanguage-arrow"},"wdio_ui5_key":"applicationmanageyards-display-component---NewYard--addressDetailDetailsLanguage-arrow"}]}
RESULT: {"script":"<script> [1562 bytes]","args":[{"selector":{"id":"application-manageyards-display-component---NewYard--addressDetailDetailsLanguage-arrow"},"wdio_ui5_key":"applicationmanageyards-display-component---NewYard--addressDetailDetailsLanguage-arrow"}]}
RESULT: undefined
COMMAND: POST /session/21ce62c4ecbe6d238b640e15c86407e3/element - {"using":"xpath","value":"//*[@id=\"application-manageyards-display-component---NewYard--addressDetailDetailsLanguage-arrow\"]"}
RESULT: {"using":"xpath","value":"//*[@id=\"application-manageyards-display-component---NewYard--addressDetailDetailsLanguage-arrow\"]"}
COMMAND: POST /session/21ce62c4ecbe6d238b640e15c86407e3/element/f.93D217436D6DD50F1CAF1D433A497FC6.d.519DDBA6B54ADA4746E457B6C39B0E4F.e.6752/click - {}
RESULT: {}
COMMAND: POST /session/21ce62c4ecbe6d238b640e15c86407e3/element - {"using":"xpath","value":"//span[contains(text(), \"English\")]"}
COMMAND: GET /session/21ce62c4ecbe6d238b640e15c86407e3/screenshot - {}
RESULT: {"using":"xpath","value":"//span[contains(text(), \"English\")]"}
COMMAND: POST /session/21ce62c4ecbe6d238b640e15c86407e3/element/f.93D217436D6DD50F1CAF1D433A497FC6.d.519DDBA6B54ADA4746E457B6C39B0E4F.e.6753/click - {}
RESULT: {}
RESULT: {}
COMMAND: POST /session/21ce62c4ecbe6d238b640e15c86407e3/execute/async - {"script":"<script> [1562 bytes]","args":[{"selector":{"id":"application-manageyards-display-component---NewYard--addressDetailDetailsCity1","interaction":{"idSuffix":"inner"}},"wdio_ui5_key":"applicationmanageyards-display-component---NewYard--addressDetailDetailsCity1"}]}
COMMAND: GET /session/21ce62c4ecbe6d238b640e15c86407e3/screenshot - {}
RESULT: {"script":"<script> [1562 bytes]","args":[{"selector":{"id":"application-manageyards-display-component---NewYard--addressDetailDetailsCity1","interaction":{"idSuffix":"inner"}},"wdio_ui5_key":"applicationmanageyards-display-component---NewYard--addressDetailDetailsCity1"}]}
RESULT: undefined
COMMAND: POST /session/21ce62c4ecbe6d238b640e15c86407e3/execute/async - {"script":"<script> [776 bytes]","args":[{"enterText":"Rosario","selector":{"id":"application-manageyards-display-component---NewYard--addressDetailDetailsCity1","interaction":{"idSuffix":"inner"}},"clearTextFirst":true,"interactionType":"ENTER_TEXT"}]}
RESULT: {}
RESULT: {"script":"<script> [776 bytes]","args":[{"enterText":"Rosario","selector":{"id":"application-manageyards-display-component---NewYard--addressDetailDetailsCity1","interaction":{"idSuffix":"inner"}},"clearTextFirst":true,"interactionType":"ENTER_TEXT"}]}
COMMAND: POST /session/21ce62c4ecbe6d238b640e15c86407e3/execute/async - {"script":"<script> [1562 bytes]","args":[{"selector":{"id":"application-manageyards-display-component---NewYard--addressDetailDetailsCountry-arrow"},"wdio_ui5_key":"applicationmanageyards-display-component---NewYard--addressDetailDetailsCountry-arrow"}]}
RESULT: {"script":"<script> [1562 bytes]","args":[{"selector":{"id":"application-manageyards-display-component---NewYard--addressDetailDetailsCountry-arrow"},"wdio_ui5_key":"applicationmanageyards-display-component---NewYard--addressDetailDetailsCountry-arrow"}]}
RESULT: undefined
COMMAND: POST /session/21ce62c4ecbe6d238b640e15c86407e3/element - {"using":"xpath","value":"//*[@id=\"application-manageyards-display-component---NewYard--addressDetailDetailsCountry-arrow\"]"}
RESULT: {"using":"xpath","value":"//*[@id=\"application-manageyards-display-component---NewYard--addressDetailDetailsCountry-arrow\"]"}
COMMAND: POST /session/21ce62c4ecbe6d238b640e15c86407e3/element/f.93D217436D6DD50F1CAF1D433A497FC6.d.519DDBA6B54ADA4746E457B6C39B0E4F.e.6755/click - {}
RESULT: {}
COMMAND: POST /session/21ce62c4ecbe6d238b640e15c86407e3/element - {"using":"xpath","value":"//span[contains(text(), \"Argentina\")]"}
COMMAND: GET /session/21ce62c4ecbe6d238b640e15c86407e3/screenshot - {}
RESULT: {"using":"xpath","value":"//span[contains(text(), \"Argentina\")]"}
COMMAND: POST /session/21ce62c4ecbe6d238b640e15c86407e3/element/f.93D217436D6DD50F1CAF1D433A497FC6.d.519DDBA6B54ADA4746E457B6C39B0E4F.e.6757/click - {}
RESULT: {}
RESULT: {}
COMMAND: POST /session/21ce62c4ecbe6d238b640e15c86407e3/execute/async - {"script":"<script> [1562 bytes]","args":[{"selector":{"id":"application-manageyards-display-component---NewYard--addressEditDetailsCostObjectCstType-arrow"},"wdio_ui5_key":"applicationmanageyards-display-component---NewYard--addressEditDetailsCostObjectCstType-arrow"}]}
COMMAND: GET /session/21ce62c4ecbe6d238b640e15c86407e3/screenshot - {}
RESULT: {"script":"<script> [1562 bytes]","args":[{"selector":{"id":"application-manageyards-display-component---NewYard--addressEditDetailsCostObjectCstType-arrow"},"wdio_ui5_key":"applicationmanageyards-display-component---NewYard--addressEditDetailsCostObjectCstType-arrow"}]}
RESULT: undefined
COMMAND: POST /session/21ce62c4ecbe6d238b640e15c86407e3/element - {"using":"xpath","value":"//*[@id=\"application-manageyards-display-component---NewYard--addressEditDetailsCostObjectCstType-arrow\"]"}
RESULT: {}
RESULT: {"using":"xpath","value":"//*[@id=\"application-manageyards-display-component---NewYard--addressEditDetailsCostObjectCstType-arrow\"]"}
COMMAND: POST /session/21ce62c4ecbe6d238b640e15c86407e3/element/f.93D217436D6DD50F1CAF1D433A497FC6.d.519DDBA6B54ADA4746E457B6C39B0E4F.e.6758/click - {}
RESULT: {}
COMMAND: POST /session/21ce62c4ecbe6d238b640e15c86407e3/element - {"using":"xpath","value":"//span[contains(text(), \"Cost Center\")]"}
COMMAND: GET /session/21ce62c4ecbe6d238b640e15c86407e3/screenshot - {}
RESULT: {"using":"xpath","value":"//span[contains(text(), \"Cost Center\")]"}
COMMAND: POST /session/21ce62c4ecbe6d238b640e15c86407e3/element/f.93D217436D6DD50F1CAF1D433A497FC6.d.519DDBA6B54ADA4746E457B6C39B0E4F.e.6759/click - {}
RESULT: {}
RESULT: {}
COMMAND: GET /session/21ce62c4ecbe6d238b640e15c86407e3/screenshot - {}
RESULT: {}
COMMAND: POST /session/21ce62c4ecbe6d238b640e15c86407e3/element - {"using":"xpath","value":"//span[@id=\"application-manageyards-display-component---NewYard--addressNewCostObjectCstID-vhi\"]"}
RESULT: {"using":"xpath","value":"//span[@id=\"application-manageyards-display-component---NewYard--addressNewCostObjectCstID-vhi\"]"}
COMMAND: POST /session/21ce62c4ecbe6d238b640e15c86407e3/execute/sync - {"script":"<script> [8489 bytes]","args":[{"element-6066-11e4-a52e-4f735466cecf":"f.93D217436D6DD50F1CAF1D433A497FC6.d.519DDBA6B54ADA4746E457B6C39B0E4F.e.6763","ELEMENT":"f.93D217436D6DD50F1CAF1D433A497FC6.d.519DDBA6B54ADA4746E457B6C39B0E4F.e.6763"}]}
RESULT: {"script":"<script> [8489 bytes]","args":[{"element-6066-11e4-a52e-4f735466cecf":"f.93D217436D6DD50F1CAF1D433A497FC6.d.519DDBA6B54ADA4746E457B6C39B0E4F.e.6763","ELEMENT":"f.93D217436D6DD50F1CAF1D433A497FC6.d.519DDBA6B54ADA4746E457B6C39B0E4F.e.6763"}]}
COMMAND: POST /session/21ce62c4ecbe6d238b640e15c86407e3/execute/async - {"script":"<script> [1562 bytes]","args":[{"selector":{"id":"application-manageyards-display-component---NewYard--addressNewCostObjectCstID-vhi"},"wdio_ui5_key":"applicationmanageyards-display-component---NewYard--addressNewCostObjectCstID-vhi"}]}
COMMAND: GET /session/21ce62c4ecbe6d238b640e15c86407e3/screenshot - {}
RESULT: {"script":"<script> [1562 bytes]","args":[{"selector":{"id":"application-manageyards-display-component---NewYard--addressNewCostObjectCstID-vhi"},"wdio_ui5_key":"applicationmanageyards-display-component---NewYard--addressNewCostObjectCstID-vhi"}]}
RESULT: undefined
COMMAND: POST /session/21ce62c4ecbe6d238b640e15c86407e3/element - {"using":"xpath","value":"//*[@id=\"application-manageyards-display-component---NewYard--addressNewCostObjectCstID-vhi\"]"}
RESULT: {}
RESULT: {"using":"xpath","value":"//*[@id=\"application-manageyards-display-component---NewYard--addressNewCostObjectCstID-vhi\"]"}
COMMAND: POST /session/21ce62c4ecbe6d238b640e15c86407e3/element/f.93D217436D6DD50F1CAF1D433A497FC6.d.519DDBA6B54ADA4746E457B6C39B0E4F.e.6763/click - {}
RESULT: {}
COMMAND: GET /session/21ce62c4ecbe6d238b640e15c86407e3/screenshot - {}
RESULT: {}
COMMAND: POST /session/21ce62c4ecbe6d238b640e15c86407e3/execute/async - {"script":"<script> [1562 bytes]","args":[{"selector":{"controlType":"sap.m.SearchField","properties":{"placeholder":"Search"},"searchOpenDialogs":true,"interaction":{"idSuffix":"I"}},"wdio_ui5_key":"sapm.SearchField{\"placeholder\":\"Search\"}"}]}
RESULT: {"script":"<script> [1562 bytes]","args":[{"selector":{"controlType":"sap.m.SearchField","properties":{"placeholder":"Search"},"searchOpenDialogs":true,"interaction":{"idSuffix":"I"}},"wdio_ui5_key":"sapm.SearchField{\"placeholder\":\"Search\"}"}]}
RESULT: undefined
COMMAND: POST /session/21ce62c4ecbe6d238b640e15c86407e3/execute/async - {"script":"<script> [776 bytes]","args":[{"enterText":"bauh_b","selector":{"controlType":"sap.m.SearchField","properties":{"placeholder":"Search"},"searchOpenDialogs":true,"interaction":{"idSuffix":"I"}},"clearTextFirst":true,"interactionType":"ENTER_TEXT"}]}
RESULT: {"script":"<script> [776 bytes]","args":[{"enterText":"bauh_b","selector":{"controlType":"sap.m.SearchField","properties":{"placeholder":"Search"},"searchOpenDialogs":true,"interaction":{"idSuffix":"I"}},"clearTextFirst":true,"interactionType":"ENTER_TEXT"}]}
COMMAND: POST /session/21ce62c4ecbe6d238b640e15c86407e3/actions - {"actions":[{"id":"action25","type":"key","parameters":{},"actions":[{"type":"keyDown","value":""},{"type":"pause","duration":10},{"type":"keyUp","value":""}]}]}
RESULT: {"actions":[{"id":"action25","type":"key","parameters":{},"actions":[{"type":"keyDown","value":""},{"type":"pause","duration":10},{"type":"keyUp","value":""}]}]}
COMMAND: GET /session/21ce62c4ecbe6d238b640e15c86407e3/screenshot - {}
RESULT: {}
COMMAND: POST /session/21ce62c4ecbe6d238b640e15c86407e3/element - {"using":"xpath","value":"//span[contains(text(), \"Demo Yard\")]"}
RESULT: {"using":"xpath","value":"//span[contains(text(), \"Demo Yard\")]"}
COMMAND: POST /session/21ce62c4ecbe6d238b640e15c86407e3/element/f.93D217436D6DD50F1CAF1D433A497FC6.d.519DDBA6B54ADA4746E457B6C39B0E4F.e.6803/click - {}
RESULT: {}
COMMAND: GET /session/21ce62c4ecbe6d238b640e15c86407e3/screenshot - {}
RESULT: {}
COMMAND: POST /session/21ce62c4ecbe6d238b640e15c86407e3/element - {"using":"xpath","value":"//bdi[contains(text(), \"OK\")]"}
RESULT: {"using":"xpath","value":"//bdi[contains(text(), \"OK\")]"}
COMMAND: POST /session/21ce62c4ecbe6d238b640e15c86407e3/element/f.93D217436D6DD50F1CAF1D433A497FC6.d.519DDBA6B54ADA4746E457B6C39B0E4F.e.6804/click - {}
RESULT: {}
COMMAND: GET /session/21ce62c4ecbe6d238b640e15c86407e3/screenshot - {}
RESULT: {}
COMMAND: POST /session/21ce62c4ecbe6d238b640e15c86407e3/execute/async - {"script":"<script> [1562 bytes]","args":[{"selector":{"id":"application-manageyards-display-component---NewYard--addressEditDetailsCurrency-arrow"},"wdio_ui5_key":"applicationmanageyards-display-component---NewYard--addressEditDetailsCurrency-arrow"}]}
RESULT: {"script":"<script> [1562 bytes]","args":[{"selector":{"id":"application-manageyards-display-component---NewYard--addressEditDetailsCurrency-arrow"},"wdio_ui5_key":"applicationmanageyards-display-component---NewYard--addressEditDetailsCurrency-arrow"}]}
RESULT: undefined
COMMAND: POST /session/21ce62c4ecbe6d238b640e15c86407e3/element - {"using":"xpath","value":"//*[@id=\"application-manageyards-display-component---NewYard--addressEditDetailsCurrency-arrow\"]"}
RESULT: {"using":"xpath","value":"//*[@id=\"application-manageyards-display-component---NewYard--addressEditDetailsCurrency-arrow\"]"}
COMMAND: POST /session/21ce62c4ecbe6d238b640e15c86407e3/element/f.93D217436D6DD50F1CAF1D433A497FC6.d.519DDBA6B54ADA4746E457B6C39B0E4F.e.6807/click - {}
RESULT: {}
COMMAND: POST /session/21ce62c4ecbe6d238b640e15c86407e3/element - {"using":"xpath","value":"//span[contains(text(), \"Euro\")]"}
COMMAND: GET /session/21ce62c4ecbe6d238b640e15c86407e3/screenshot - {}
RESULT: {"using":"xpath","value":"//span[contains(text(), \"Euro\")]"}
COMMAND: POST /session/21ce62c4ecbe6d238b640e15c86407e3/element/f.93D217436D6DD50F1CAF1D433A497FC6.d.519DDBA6B54ADA4746E457B6C39B0E4F.e.6808/click - {}
RESULT: {}
RESULT: {}
COMMAND: POST /session/21ce62c4ecbe6d238b640e15c86407e3/execute/async - {"script":"<script> [1562 bytes]","args":[{"selector":{"controlType":"sap.m.Input","viewName":"etm.portal.ui.manageyards.view.New","viewId":"application-manageyards-display-component---NewYard","bindingPath":{"path":"","propertyPath":"/CONTROLLING_AREA","modelName":"NewYardModel"},"interaction":{"idSuffix":"inner"}},"wdio_ui5_key":"etmportal.ui.manageyards.view.Newsap.m.Input{\"path\":\"\",\"propertyPath\":\"/CONTROLLING_AREA\",\"modelName\":\"NewYardModel\"}"}]}
COMMAND: GET /session/21ce62c4ecbe6d238b640e15c86407e3/screenshot - {}
RESULT: {"script":"<script> [1562 bytes]","args":[{"selector":{"controlType":"sap.m.Input","viewName":"etm.portal.ui.manageyards.view.New","viewId":"application-manageyards-display-component---NewYard","bindingPath":{"path":"","propertyPath":"/CONTROLLING_AREA","modelName":"NewYardModel"},"interaction":{"idSuffix":"inner"}},"wdio_ui5_key":"etmportal.ui.manageyards.view.Newsap.m.Input{\"path\":\"\",\"propertyPath\":\"/CONTROLLING_AREA\",\"modelName\":\"NewYardModel\"}"}]}
RESULT: undefined
COMMAND: POST /session/21ce62c4ecbe6d238b640e15c86407e3/execute/async - {"script":"<script> [776 bytes]","args":[{"enterText":"Z001","selector":{"controlType":"sap.m.Input","viewName":"etm.portal.ui.manageyards.view.New","viewId":"application-manageyards-display-component---NewYard","bindingPath":{"path":"","propertyPath":"/CONTROLLING_AREA","modelName":"NewYardModel"},"interaction":{"idSuffix":"inner"}},"clearTextFirst":true,"interactionType":"ENTER_TEXT"}]}
RESULT: {}
RESULT: {"script":"<script> [776 bytes]","args":[{"enterText":"Z001","selector":{"controlType":"sap.m.Input","viewName":"etm.portal.ui.manageyards.view.New","viewId":"application-manageyards-display-component---NewYard","bindingPath":{"path":"","propertyPath":"/CONTROLLING_AREA","modelName":"NewYardModel"},"interaction":{"idSuffix":"inner"}},"clearTextFirst":true,"interactionType":"ENTER_TEXT"}]}
COMMAND: POST /session/21ce62c4ecbe6d238b640e15c86407e3/execute/async - {"script":"<script> [1562 bytes]","args":[{"selector":{"id":"application-manageyards-display-component---NewYard--companyCodeComboBox","interaction":{"idSuffix":"inner"}},"wdio_ui5_key":"applicationmanageyards-display-component---NewYard--companyCodeComboBox"}]}
RESULT: {"script":"<script> [1562 bytes]","args":[{"selector":{"id":"application-manageyards-display-component---NewYard--companyCodeComboBox","interaction":{"idSuffix":"inner"}},"wdio_ui5_key":"applicationmanageyards-display-component---NewYard--companyCodeComboBox"}]}
RESULT: undefined
COMMAND: POST /session/21ce62c4ecbe6d238b640e15c86407e3/execute/async - {"script":"<script> [776 bytes]","args":[{"enterText":"1000","selector":{"id":"application-manageyards-display-component---NewYard--companyCodeComboBox","interaction":{"idSuffix":"inner"}},"clearTextFirst":true,"interactionType":"ENTER_TEXT"}]}
RESULT: {"script":"<script> [776 bytes]","args":[{"enterText":"1000","selector":{"id":"application-manageyards-display-component---NewYard--companyCodeComboBox","interaction":{"idSuffix":"inner"}},"clearTextFirst":true,"interactionType":"ENTER_TEXT"}]}
COMMAND: POST /session/21ce62c4ecbe6d238b640e15c86407e3/execute/async - {"script":"<script> [1562 bytes]","args":[{"selector":{"controlType":"sap.m.Input","viewName":"etm.portal.ui.manageyards.view.New","viewId":"application-manageyards-display-component---NewYard","bindingPath":{"path":"","propertyPath":"/PLANT","modelName":"NewYardModel"},"interaction":{"idSuffix":"inner"}},"wdio_ui5_key":"etmportal.ui.manageyards.view.Newsap.m.Input{\"path\":\"\",\"propertyPath\":\"/PLANT\",\"modelName\":\"NewYardModel\"}"}]}
RESULT: {"script":"<script> [1562 bytes]","args":[{"selector":{"controlType":"sap.m.Input","viewName":"etm.portal.ui.manageyards.view.New","viewId":"application-manageyards-display-component---NewYard","bindingPath":{"path":"","propertyPath":"/PLANT","modelName":"NewYardModel"},"interaction":{"idSuffix":"inner"}},"wdio_ui5_key":"etmportal.ui.manageyards.view.Newsap.m.Input{\"path\":\"\",\"propertyPath\":\"/PLANT\",\"modelName\":\"NewYardModel\"}"}]}
RESULT: undefined
COMMAND: POST /session/21ce62c4ecbe6d238b640e15c86407e3/execute/async - {"script":"<script> [776 bytes]","args":[{"enterText":"1001","selector":{"controlType":"sap.m.Input","viewName":"etm.portal.ui.manageyards.view.New","viewId":"application-manageyards-display-component---NewYard","bindingPath":{"path":"","propertyPath":"/PLANT","modelName":"NewYardModel"},"interaction":{"idSuffix":"inner"}},"clearTextFirst":true,"interactionType":"ENTER_TEXT"}]}
RESULT: {"script":"<script> [776 bytes]","args":[{"enterText":"1001","selector":{"controlType":"sap.m.Input","viewName":"etm.portal.ui.manageyards.view.New","viewId":"application-manageyards-display-component---NewYard","bindingPath":{"path":"","propertyPath":"/PLANT","modelName":"NewYardModel"},"interaction":{"idSuffix":"inner"}},"clearTextFirst":true,"interactionType":"ENTER_TEXT"}]}
COMMAND: POST /session/21ce62c4ecbe6d238b640e15c86407e3/execute/async - {"script":"<script> [1562 bytes]","args":[{"selector":{"controlType":"sap.m.Input","viewName":"etm.portal.ui.manageyards.view.New","viewId":"application-manageyards-display-component---NewYard","bindingPath":{"path":"","propertyPath":"/SALES_AREA_VKORG","modelName":"NewYardModel"},"interaction":{"idSuffix":"inner"}},"wdio_ui5_key":"etmportal.ui.manageyards.view.Newsap.m.Input{\"path\":\"\",\"propertyPath\":\"/SALES_AREA_VKORG\",\"modelName\":\"NewYardModel\"}"}]}
RESULT: {"script":"<script> [1562 bytes]","args":[{"selector":{"controlType":"sap.m.Input","viewName":"etm.portal.ui.manageyards.view.New","viewId":"application-manageyards-display-component---NewYard","bindingPath":{"path":"","propertyPath":"/SALES_AREA_VKORG","modelName":"NewYardModel"},"interaction":{"idSuffix":"inner"}},"wdio_ui5_key":"etmportal.ui.manageyards.view.Newsap.m.Input{\"path\":\"\",\"propertyPath\":\"/SALES_AREA_VKORG\",\"modelName\":\"NewYardModel\"}"}]}
RESULT: undefined
COMMAND: POST /session/21ce62c4ecbe6d238b640e15c86407e3/execute/async - {"script":"<script> [776 bytes]","args":[{"enterText":"C002","selector":{"controlType":"sap.m.Input","viewName":"etm.portal.ui.manageyards.view.New","viewId":"application-manageyards-display-component---NewYard","bindingPath":{"path":"","propertyPath":"/SALES_AREA_VKORG","modelName":"NewYardModel"},"interaction":{"idSuffix":"inner"}},"clearTextFirst":true,"interactionType":"ENTER_TEXT"}]}
RESULT: {"script":"<script> [776 bytes]","args":[{"enterText":"C002","selector":{"controlType":"sap.m.Input","viewName":"etm.portal.ui.manageyards.view.New","viewId":"application-manageyards-display-component---NewYard","bindingPath":{"path":"","propertyPath":"/SALES_AREA_VKORG","modelName":"NewYardModel"},"interaction":{"idSuffix":"inner"}},"clearTextFirst":true,"interactionType":"ENTER_TEXT"}]}
COMMAND: POST /session/21ce62c4ecbe6d238b640e15c86407e3/execute/async - {"script":"<script> [1562 bytes]","args":[{"selector":{"controlType":"sap.m.Input","viewName":"etm.portal.ui.manageyards.view.New","viewId":"application-manageyards-display-component---NewYard","bindingPath":{"path":"","propertyPath":"/SALES_AREA_VTWEG","modelName":"NewYardModel"},"interaction":{"idSuffix":"inner"}},"wdio_ui5_key":"etmportal.ui.manageyards.view.Newsap.m.Input{\"path\":\"\",\"propertyPath\":\"/SALES_AREA_VTWEG\",\"modelName\":\"NewYardModel\"}"}]}
RESULT: {"script":"<script> [1562 bytes]","args":[{"selector":{"controlType":"sap.m.Input","viewName":"etm.portal.ui.manageyards.view.New","viewId":"application-manageyards-display-component---NewYard","bindingPath":{"path":"","propertyPath":"/SALES_AREA_VTWEG","modelName":"NewYardModel"},"interaction":{"idSuffix":"inner"}},"wdio_ui5_key":"etmportal.ui.manageyards.view.Newsap.m.Input{\"path\":\"\",\"propertyPath\":\"/SALES_AREA_VTWEG\",\"modelName\":\"NewYardModel\"}"}]}
RESULT: undefined
COMMAND: POST /session/21ce62c4ecbe6d238b640e15c86407e3/execute/async - {"script":"<script> [776 bytes]","args":[{"enterText":"C2","selector":{"controlType":"sap.m.Input","viewName":"etm.portal.ui.manageyards.view.New","viewId":"application-manageyards-display-component---NewYard","bindingPath":{"path":"","propertyPath":"/SALES_AREA_VTWEG","modelName":"NewYardModel"},"interaction":{"idSuffix":"inner"}},"clearTextFirst":true,"interactionType":"ENTER_TEXT"}]}
RESULT: {"script":"<script> [776 bytes]","args":[{"enterText":"C2","selector":{"controlType":"sap.m.Input","viewName":"etm.portal.ui.manageyards.view.New","viewId":"application-manageyards-display-component---NewYard","bindingPath":{"path":"","propertyPath":"/SALES_AREA_VTWEG","modelName":"NewYardModel"},"interaction":{"idSuffix":"inner"}},"clearTextFirst":true,"interactionType":"ENTER_TEXT"}]}
COMMAND: POST /session/21ce62c4ecbe6d238b640e15c86407e3/execute/async - {"script":"<script> [1562 bytes]","args":[{"selector":{"controlType":"sap.m.Input","viewName":"etm.portal.ui.manageyards.view.New","viewId":"application-manageyards-display-component---NewYard","bindingPath":{"path":"","propertyPath":"/SALES_AREA_SPART","modelName":"NewYardModel"},"interaction":{"idSuffix":"inner"}},"wdio_ui5_key":"etmportal.ui.manageyards.view.Newsap.m.Input{\"path\":\"\",\"propertyPath\":\"/SALES_AREA_SPART\",\"modelName\":\"NewYardModel\"}"}]}
RESULT: {"script":"<script> [1562 bytes]","args":[{"selector":{"controlType":"sap.m.Input","viewName":"etm.portal.ui.manageyards.view.New","viewId":"application-manageyards-display-component---NewYard","bindingPath":{"path":"","propertyPath":"/SALES_AREA_SPART","modelName":"NewYardModel"},"interaction":{"idSuffix":"inner"}},"wdio_ui5_key":"etmportal.ui.manageyards.view.Newsap.m.Input{\"path\":\"\",\"propertyPath\":\"/SALES_AREA_SPART\",\"modelName\":\"NewYardModel\"}"}]}
RESULT: undefined
COMMAND: POST /session/21ce62c4ecbe6d238b640e15c86407e3/execute/async - {"script":"<script> [776 bytes]","args":[{"enterText":"C2","selector":{"controlType":"sap.m.Input","viewName":"etm.portal.ui.manageyards.view.New","viewId":"application-manageyards-display-component---NewYard","bindingPath":{"path":"","propertyPath":"/SALES_AREA_SPART","modelName":"NewYardModel"},"interaction":{"idSuffix":"inner"}},"clearTextFirst":true,"interactionType":"ENTER_TEXT"}]}
RESULT: {"script":"<script> [776 bytes]","args":[{"enterText":"C2","selector":{"controlType":"sap.m.Input","viewName":"etm.portal.ui.manageyards.view.New","viewId":"application-manageyards-display-component---NewYard","bindingPath":{"path":"","propertyPath":"/SALES_AREA_SPART","modelName":"NewYardModel"},"interaction":{"idSuffix":"inner"}},"clearTextFirst":true,"interactionType":"ENTER_TEXT"}]}
COMMAND: POST /session/21ce62c4ecbe6d238b640e15c86407e3/execute/async - {"script":"<script> [1562 bytes]","args":[{"selector":{"controlType":"sap.m.Input","viewName":"etm.portal.ui.manageyards.view.New","viewId":"application-manageyards-display-component---NewYard","bindingPath":{"path":"","propertyPath":"/SHIP_POINT","modelName":"NewYardModel"},"interaction":{"idSuffix":"inner"}},"wdio_ui5_key":"etmportal.ui.manageyards.view.Newsap.m.Input{\"path\":\"\",\"propertyPath\":\"/SHIP_POINT\",\"modelName\":\"NewYardModel\"}"}]}
RESULT: {"script":"<script> [1562 bytes]","args":[{"selector":{"controlType":"sap.m.Input","viewName":"etm.portal.ui.manageyards.view.New","viewId":"application-manageyards-display-component---NewYard","bindingPath":{"path":"","propertyPath":"/SHIP_POINT","modelName":"NewYardModel"},"interaction":{"idSuffix":"inner"}},"wdio_ui5_key":"etmportal.ui.manageyards.view.Newsap.m.Input{\"path\":\"\",\"propertyPath\":\"/SHIP_POINT\",\"modelName\":\"NewYardModel\"}"}]}
RESULT: undefined
COMMAND: POST /session/21ce62c4ecbe6d238b640e15c86407e3/execute/async - {"script":"<script> [776 bytes]","args":[{"enterText":"1710","selector":{"controlType":"sap.m.Input","viewName":"etm.portal.ui.manageyards.view.New","viewId":"application-manageyards-display-component---NewYard","bindingPath":{"path":"","propertyPath":"/SHIP_POINT","modelName":"NewYardModel"},"interaction":{"idSuffix":"inner"}},"clearTextFirst":true,"interactionType":"ENTER_TEXT"}]}
RESULT: {"script":"<script> [776 bytes]","args":[{"enterText":"1710","selector":{"controlType":"sap.m.Input","viewName":"etm.portal.ui.manageyards.view.New","viewId":"application-manageyards-display-component---NewYard","bindingPath":{"path":"","propertyPath":"/SHIP_POINT","modelName":"NewYardModel"},"interaction":{"idSuffix":"inner"}},"clearTextFirst":true,"interactionType":"ENTER_TEXT"}]}
COMMAND: POST /session/21ce62c4ecbe6d238b640e15c86407e3/execute/async - {"script":"<script> [1562 bytes]","args":[{"selector":{"controlType":"sap.m.Input","viewName":"etm.portal.ui.manageyards.view.New","viewId":"application-manageyards-display-component---NewYard","bindingPath":{"path":"","propertyPath":"/DELIVERY_TYPE","modelName":"NewYardModel"},"interaction":{"idSuffix":"inner"}},"wdio_ui5_key":"etmportal.ui.manageyards.view.Newsap.m.Input{\"path\":\"\",\"propertyPath\":\"/DELIVERY_TYPE\",\"modelName\":\"NewYardModel\"}"}]}
RESULT: {"script":"<script> [1562 bytes]","args":[{"selector":{"controlType":"sap.m.Input","viewName":"etm.portal.ui.manageyards.view.New","viewId":"application-manageyards-display-component---NewYard","bindingPath":{"path":"","propertyPath":"/DELIVERY_TYPE","modelName":"NewYardModel"},"interaction":{"idSuffix":"inner"}},"wdio_ui5_key":"etmportal.ui.manageyards.view.Newsap.m.Input{\"path\":\"\",\"propertyPath\":\"/DELIVERY_TYPE\",\"modelName\":\"NewYardModel\"}"}]}
RESULT: undefined
COMMAND: POST /session/21ce62c4ecbe6d238b640e15c86407e3/execute/async - {"script":"<script> [776 bytes]","args":[{"enterText":"ZL01","selector":{"controlType":"sap.m.Input","viewName":"etm.portal.ui.manageyards.view.New","viewId":"application-manageyards-display-component---NewYard","bindingPath":{"path":"","propertyPath":"/DELIVERY_TYPE","modelName":"NewYardModel"},"interaction":{"idSuffix":"inner"}},"clearTextFirst":true,"interactionType":"ENTER_TEXT"}]}
RESULT: {"script":"<script> [776 bytes]","args":[{"enterText":"ZL01","selector":{"controlType":"sap.m.Input","viewName":"etm.portal.ui.manageyards.view.New","viewId":"application-manageyards-display-component---NewYard","bindingPath":{"path":"","propertyPath":"/DELIVERY_TYPE","modelName":"NewYardModel"},"interaction":{"idSuffix":"inner"}},"clearTextFirst":true,"interactionType":"ENTER_TEXT"}]}
COMMAND: POST /session/21ce62c4ecbe6d238b640e15c86407e3/execute/async - {"script":"<script> [1562 bytes]","args":[{"selector":{"controlType":"sap.m.Input","viewName":"etm.portal.ui.manageyards.view.New","viewId":"application-manageyards-display-component---NewYard","bindingPath":{"path":"","propertyPath":"/AUART","modelName":"NewYardModel"},"interaction":{"idSuffix":"inner"}},"wdio_ui5_key":"etmportal.ui.manageyards.view.Newsap.m.Input{\"path\":\"\",\"propertyPath\":\"/AUART\",\"modelName\":\"NewYardModel\"}"}]}
RESULT: {"script":"<script> [1562 bytes]","args":[{"selector":{"controlType":"sap.m.Input","viewName":"etm.portal.ui.manageyards.view.New","viewId":"application-manageyards-display-component---NewYard","bindingPath":{"path":"","propertyPath":"/AUART","modelName":"NewYardModel"},"interaction":{"idSuffix":"inner"}},"wdio_ui5_key":"etmportal.ui.manageyards.view.Newsap.m.Input{\"path\":\"\",\"propertyPath\":\"/AUART\",\"modelName\":\"NewYardModel\"}"}]}
RESULT: undefined
COMMAND: POST /session/21ce62c4ecbe6d238b640e15c86407e3/execute/async - {"script":"<script> [776 bytes]","args":[{"enterText":"TA","selector":{"controlType":"sap.m.Input","viewName":"etm.portal.ui.manageyards.view.New","viewId":"application-manageyards-display-component---NewYard","bindingPath":{"path":"","propertyPath":"/AUART","modelName":"NewYardModel"},"interaction":{"idSuffix":"inner"}},"clearTextFirst":true,"interactionType":"ENTER_TEXT"}]}
RESULT: {"script":"<script> [776 bytes]","args":[{"enterText":"TA","selector":{"controlType":"sap.m.Input","viewName":"etm.portal.ui.manageyards.view.New","viewId":"application-manageyards-display-component---NewYard","bindingPath":{"path":"","propertyPath":"/AUART","modelName":"NewYardModel"},"interaction":{"idSuffix":"inner"}},"clearTextFirst":true,"interactionType":"ENTER_TEXT"}]}
COMMAND: POST /session/21ce62c4ecbe6d238b640e15c86407e3/element - {"using":"xpath","value":"//button[@data-kt=\"newYardSaveButton\"]"}
RESULT: {"using":"xpath","value":"//button[@data-kt=\"newYardSaveButton\"]"}
COMMAND: POST /session/21ce62c4ecbe6d238b640e15c86407e3/element/f.93D217436D6DD50F1CAF1D433A497FC6.d.519DDBA6B54ADA4746E457B6C39B0E4F.e.6733/click - {}
RESULT: {}
COMMAND: GET /session/21ce62c4ecbe6d238b640e15c86407e3/screenshot - {}
RESULT: {}
COMMAND: POST /session/21ce62c4ecbe6d238b640e15c86407e3/element - {"using":"xpath","value":"//header[contains(@id, 'ObjectPageLayout-headerTitle')]/div[1]/div[2]/div[1]/span[1]"}
RESULT: {"using":"xpath","value":"//header[contains(@id, 'ObjectPageLayout-headerTitle')]/div[1]/div[2]/div[1]/span[1]"}
COMMAND: POST /session/21ce62c4ecbe6d238b640e15c86407e3/elements - {"using":"xpath","value":"//header[contains(@id, 'ObjectPageLayout-headerTitle')]/div[1]/div[2]/div[1]/span[1]"}
RESULT: {"using":"xpath","value":"//header[contains(@id, 'ObjectPageLayout-headerTitle')]/div[1]/div[2]/div[1]/span[1]"}
COMMAND: POST /session/21ce62c4ecbe6d238b640e15c86407e3/execute/sync - {"script":"<script> [56 bytes]","args":[{"element-6066-11e4-a52e-4f735466cecf":"f.93D217436D6DD50F1CAF1D433A497FC6.d.519DDBA6B54ADA4746E457B6C39B0E4F.e.7026","ELEMENT":"f.93D217436D6DD50F1CAF1D433A497FC6.d.519DDBA6B54ADA4746E457B6C39B0E4F.e.7026"}]}
RESULT: {"script":"<script> [56 bytes]","args":[{"element-6066-11e4-a52e-4f735466cecf":"f.93D217436D6DD50F1CAF1D433A497FC6.d.519DDBA6B54ADA4746E457B6C39B0E4F.e.7026","ELEMENT":"f.93D217436D6DD50F1CAF1D433A497FC6.d.519DDBA6B54ADA4746E457B6C39B0E4F.e.7026"}]}
COMMAND: GET /session/21ce62c4ecbe6d238b640e15c86407e3/screenshot - {}
RESULT: {}
COMMAND: POST /session/21ce62c4ecbe6d238b640e15c86407e3/element - {"using":"css selector","value":"#shell-header-logo"}
RESULT: {"using":"css selector","value":"#shell-header-logo"}
COMMAND: POST /session/21ce62c4ecbe6d238b640e15c86407e3/element/f.93D217436D6DD50F1CAF1D433A497FC6.d.519DDBA6B54ADA4746E457B6C39B0E4F.e.6169/click - {}
RESULT: {}
COMMAND: GET /session/21ce62c4ecbe6d238b640e15c86407e3/screenshot - {}
RESULT: {}
COMMAND: POST /session/21ce62c4ecbe6d238b640e15c86407e3/execute/sync - {"script":"<script> [299 bytes]","args":[["getModel","getResource"]]}
RESULT: {"script":"<script> [299 bytes]","args":[["getModel","getResource"]]}
]]></system-out>
    </testcase>
    <testcase classname="chrome.136_0_7103_93.windows.Provide_to_Site_w/o_warehouse_management_w/_clarification_US116605" name="Should create a new external partner" time="109.478">
      <system-out><![CDATA[
COMMAND: POST /session/21ce62c4ecbe6d238b640e15c86407e3/window/fullscreen - {}
COMMAND: GET /session/21ce62c4ecbe6d238b640e15c86407e3/screenshot - {}
RESULT: {}
COMMAND: POST /session/21ce62c4ecbe6d238b640e15c86407e3/execute/async - {"script":"<script> [1562 bytes]","args":[{"selector":{"controlType":"sap.m.GenericTile","properties":{"header":"Manage Partners"}},"wdio_ui5_key":"sapm.GenericTile{\"header\":\"Manage Partners\"}"}]}
RESULT: {}
RESULT: {"script":"<script> [1562 bytes]","args":[{"selector":{"controlType":"sap.m.GenericTile","properties":{"header":"Manage Partners"}},"wdio_ui5_key":"sapm.GenericTile{\"header\":\"Manage Partners\"}"}]}
RESULT: undefined
COMMAND: POST /session/21ce62c4ecbe6d238b640e15c86407e3/element - {"using":"xpath","value":"//*[@id=\"__tile30\"]"}
RESULT: {"using":"xpath","value":"//*[@id=\"__tile30\"]"}
COMMAND: POST /session/21ce62c4ecbe6d238b640e15c86407e3/element/f.93D217436D6DD50F1CAF1D433A497FC6.d.519DDBA6B54ADA4746E457B6C39B0E4F.e.6184/click - {}
RESULT: {}
COMMAND: GET /session/21ce62c4ecbe6d238b640e15c86407e3/screenshot - {}
COMMAND: POST /session/21ce62c4ecbe6d238b640e15c86407e3/elements - {"using":"xpath","value":"//span[text()='Error']"}
RESULT: {}
RESULT: {"using":"xpath","value":"//span[text()='Error']"}
COMMAND: POST /session/21ce62c4ecbe6d238b640e15c86407e3/element - {"using":"xpath","value":"//button[@data-kt=\"addButton\"]"}
RESULT: {"using":"xpath","value":"//button[@data-kt=\"addButton\"]"}
COMMAND: POST /session/21ce62c4ecbe6d238b640e15c86407e3/elements - {"using":"xpath","value":"//button[@data-kt=\"addButton\"]"}
RESULT: {"using":"xpath","value":"//button[@data-kt=\"addButton\"]"}
COMMAND: POST /session/21ce62c4ecbe6d238b640e15c86407e3/elements - {"using":"xpath","value":"//button[@data-kt=\"addButton\"]"}
RESULT: {"using":"xpath","value":"//button[@data-kt=\"addButton\"]"}
COMMAND: POST /session/21ce62c4ecbe6d238b640e15c86407e3/elements - {"using":"xpath","value":"//button[@data-kt=\"addButton\"]"}
RESULT: {"using":"xpath","value":"//button[@data-kt=\"addButton\"]"}
COMMAND: POST /session/21ce62c4ecbe6d238b640e15c86407e3/elements - {"using":"xpath","value":"//button[@data-kt=\"addButton\"]"}
RESULT: {"using":"xpath","value":"//button[@data-kt=\"addButton\"]"}
COMMAND: POST /session/21ce62c4ecbe6d238b640e15c86407e3/elements - {"using":"xpath","value":"//button[@data-kt=\"addButton\"]"}
RESULT: {"using":"xpath","value":"//button[@data-kt=\"addButton\"]"}
COMMAND: POST /session/21ce62c4ecbe6d238b640e15c86407e3/elements - {"using":"xpath","value":"//button[@data-kt=\"addButton\"]"}
RESULT: {"using":"xpath","value":"//button[@data-kt=\"addButton\"]"}
COMMAND: POST /session/21ce62c4ecbe6d238b640e15c86407e3/element - {"using":"xpath","value":"//button[@data-kt=\"addButton\"]"}
RESULT: {"using":"xpath","value":"//button[@data-kt=\"addButton\"]"}
COMMAND: POST /session/21ce62c4ecbe6d238b640e15c86407e3/execute/sync - {"script":"<script> [8489 bytes]","args":[{"element-6066-11e4-a52e-4f735466cecf":"f.93D217436D6DD50F1CAF1D433A497FC6.d.519DDBA6B54ADA4746E457B6C39B0E4F.e.7074","ELEMENT":"f.93D217436D6DD50F1CAF1D433A497FC6.d.519DDBA6B54ADA4746E457B6C39B0E4F.e.7074"}]}
RESULT: {"script":"<script> [8489 bytes]","args":[{"element-6066-11e4-a52e-4f735466cecf":"f.93D217436D6DD50F1CAF1D433A497FC6.d.519DDBA6B54ADA4746E457B6C39B0E4F.e.7074","ELEMENT":"f.93D217436D6DD50F1CAF1D433A497FC6.d.519DDBA6B54ADA4746E457B6C39B0E4F.e.7074"}]}
COMMAND: GET /session/21ce62c4ecbe6d238b640e15c86407e3/element/f.93D217436D6DD50F1CAF1D433A497FC6.d.519DDBA6B54ADA4746E457B6C39B0E4F.e.7074/enabled - {}
COMMAND: GET /session/21ce62c4ecbe6d238b640e15c86407e3/screenshot - {}
RESULT: {}
COMMAND: POST /session/21ce62c4ecbe6d238b640e15c86407e3/execute/sync - {"script":"<script> [8489 bytes]","args":[{"element-6066-11e4-a52e-4f735466cecf":"f.93D217436D6DD50F1CAF1D433A497FC6.d.519DDBA6B54ADA4746E457B6C39B0E4F.e.7074","ELEMENT":"f.93D217436D6DD50F1CAF1D433A497FC6.d.519DDBA6B54ADA4746E457B6C39B0E4F.e.7074"}]}
COMMAND: GET /session/21ce62c4ecbe6d238b640e15c86407e3/screenshot - {}
RESULT: {}
RESULT: {"script":"<script> [8489 bytes]","args":[{"element-6066-11e4-a52e-4f735466cecf":"f.93D217436D6DD50F1CAF1D433A497FC6.d.519DDBA6B54ADA4746E457B6C39B0E4F.e.7074","ELEMENT":"f.93D217436D6DD50F1CAF1D433A497FC6.d.519DDBA6B54ADA4746E457B6C39B0E4F.e.7074"}]}
COMMAND: POST /session/21ce62c4ecbe6d238b640e15c86407e3/execute/sync - {"script":"<script> [5351 bytes]","args":[{"element-6066-11e4-a52e-4f735466cecf":"f.93D217436D6DD50F1CAF1D433A497FC6.d.519DDBA6B54ADA4746E457B6C39B0E4F.e.7074","ELEMENT":"f.93D217436D6DD50F1CAF1D433A497FC6.d.519DDBA6B54ADA4746E457B6C39B0E4F.e.7074"}]}
COMMAND: GET /session/21ce62c4ecbe6d238b640e15c86407e3/screenshot - {}
RESULT: {}
RESULT: {"script":"<script> [5351 bytes]","args":[{"element-6066-11e4-a52e-4f735466cecf":"f.93D217436D6DD50F1CAF1D433A497FC6.d.519DDBA6B54ADA4746E457B6C39B0E4F.e.7074","ELEMENT":"f.93D217436D6DD50F1CAF1D433A497FC6.d.519DDBA6B54ADA4746E457B6C39B0E4F.e.7074"}]}
COMMAND: POST /session/21ce62c4ecbe6d238b640e15c86407e3/element/f.93D217436D6DD50F1CAF1D433A497FC6.d.519DDBA6B54ADA4746E457B6C39B0E4F.e.7074/click - {}
COMMAND: GET /session/21ce62c4ecbe6d238b640e15c86407e3/screenshot - {}
RESULT: {}
RESULT: {}
COMMAND: GET /session/21ce62c4ecbe6d238b640e15c86407e3/screenshot - {}
RESULT: {}
RESULT: {}
COMMAND: POST /session/21ce62c4ecbe6d238b640e15c86407e3/execute/async - {"script":"<script> [1562 bytes]","args":[{"selector":{"id":"application-managepartners-display-component---NewPartner--addressDetailDetailsName1","interaction":{"idSuffix":"inner"}},"wdio_ui5_key":"applicationmanagepartners-display-component---NewPartner--addressDetailDetailsName1"}]}
RESULT: {"script":"<script> [1562 bytes]","args":[{"selector":{"id":"application-managepartners-display-component---NewPartner--addressDetailDetailsName1","interaction":{"idSuffix":"inner"}},"wdio_ui5_key":"applicationmanagepartners-display-component---NewPartner--addressDetailDetailsName1"}]}
RESULT: undefined
COMMAND: POST /session/21ce62c4ecbe6d238b640e15c86407e3/execute/async - {"script":"<script> [776 bytes]","args":[{"enterText":"External Partner WDIO","selector":{"id":"application-managepartners-display-component---NewPartner--addressDetailDetailsName1","interaction":{"idSuffix":"inner"}},"clearTextFirst":true,"interactionType":"ENTER_TEXT"}]}
RESULT: {"script":"<script> [776 bytes]","args":[{"enterText":"External Partner WDIO","selector":{"id":"application-managepartners-display-component---NewPartner--addressDetailDetailsName1","interaction":{"idSuffix":"inner"}},"clearTextFirst":true,"interactionType":"ENTER_TEXT"}]}
COMMAND: POST /session/21ce62c4ecbe6d238b640e15c86407e3/execute/async - {"script":"<script> [1562 bytes]","args":[{"selector":{"id":"application-managepartners-display-component---NewPartner--addressDetailDetailsLanguage-arrow"},"wdio_ui5_key":"applicationmanagepartners-display-component---NewPartner--addressDetailDetailsLanguage-arrow"}]}
RESULT: {"script":"<script> [1562 bytes]","args":[{"selector":{"id":"application-managepartners-display-component---NewPartner--addressDetailDetailsLanguage-arrow"},"wdio_ui5_key":"applicationmanagepartners-display-component---NewPartner--addressDetailDetailsLanguage-arrow"}]}
RESULT: undefined
COMMAND: POST /session/21ce62c4ecbe6d238b640e15c86407e3/element - {"using":"xpath","value":"//*[@id=\"application-managepartners-display-component---NewPartner--addressDetailDetailsLanguage-arrow\"]"}
RESULT: {"using":"xpath","value":"//*[@id=\"application-managepartners-display-component---NewPartner--addressDetailDetailsLanguage-arrow\"]"}
COMMAND: POST /session/21ce62c4ecbe6d238b640e15c86407e3/element/f.93D217436D6DD50F1CAF1D433A497FC6.d.519DDBA6B54ADA4746E457B6C39B0E4F.e.7513/click - {}
RESULT: {}
COMMAND: POST /session/21ce62c4ecbe6d238b640e15c86407e3/element - {"using":"xpath","value":"//span[contains(text(), \"English\")]"}
COMMAND: GET /session/21ce62c4ecbe6d238b640e15c86407e3/screenshot - {}
RESULT: {"using":"xpath","value":"//span[contains(text(), \"English\")]"}
COMMAND: POST /session/21ce62c4ecbe6d238b640e15c86407e3/element/f.93D217436D6DD50F1CAF1D433A497FC6.d.519DDBA6B54ADA4746E457B6C39B0E4F.e.7514/click - {}
RESULT: {}
RESULT: {}
COMMAND: GET /session/21ce62c4ecbe6d238b640e15c86407e3/screenshot - {}
RESULT: {}
COMMAND: POST /session/21ce62c4ecbe6d238b640e15c86407e3/execute/async - {"script":"<script> [1562 bytes]","args":[{"selector":{"id":"application-managepartners-display-component---NewPartner--addressDetailDetailsCity1","interaction":{"idSuffix":"inner"}},"wdio_ui5_key":"applicationmanagepartners-display-component---NewPartner--addressDetailDetailsCity1"}]}
RESULT: {"script":"<script> [1562 bytes]","args":[{"selector":{"id":"application-managepartners-display-component---NewPartner--addressDetailDetailsCity1","interaction":{"idSuffix":"inner"}},"wdio_ui5_key":"applicationmanagepartners-display-component---NewPartner--addressDetailDetailsCity1"}]}
RESULT: undefined
COMMAND: POST /session/21ce62c4ecbe6d238b640e15c86407e3/execute/async - {"script":"<script> [776 bytes]","args":[{"enterText":"Rosario","selector":{"id":"application-managepartners-display-component---NewPartner--addressDetailDetailsCity1","interaction":{"idSuffix":"inner"}},"clearTextFirst":true,"interactionType":"ENTER_TEXT"}]}
RESULT: {"script":"<script> [776 bytes]","args":[{"enterText":"Rosario","selector":{"id":"application-managepartners-display-component---NewPartner--addressDetailDetailsCity1","interaction":{"idSuffix":"inner"}},"clearTextFirst":true,"interactionType":"ENTER_TEXT"}]}
COMMAND: POST /session/21ce62c4ecbe6d238b640e15c86407e3/execute/async - {"script":"<script> [1562 bytes]","args":[{"selector":{"id":"application-managepartners-display-component---NewPartner--addressDetailDetailsCountry-arrow"},"wdio_ui5_key":"applicationmanagepartners-display-component---NewPartner--addressDetailDetailsCountry-arrow"}]}
RESULT: {"script":"<script> [1562 bytes]","args":[{"selector":{"id":"application-managepartners-display-component---NewPartner--addressDetailDetailsCountry-arrow"},"wdio_ui5_key":"applicationmanagepartners-display-component---NewPartner--addressDetailDetailsCountry-arrow"}]}
RESULT: undefined
COMMAND: POST /session/21ce62c4ecbe6d238b640e15c86407e3/element - {"using":"xpath","value":"//*[@id=\"application-managepartners-display-component---NewPartner--addressDetailDetailsCountry-arrow\"]"}
RESULT: {"using":"xpath","value":"//*[@id=\"application-managepartners-display-component---NewPartner--addressDetailDetailsCountry-arrow\"]"}
COMMAND: POST /session/21ce62c4ecbe6d238b640e15c86407e3/element/f.93D217436D6DD50F1CAF1D433A497FC6.d.519DDBA6B54ADA4746E457B6C39B0E4F.e.7495/click - {}
RESULT: {}
COMMAND: POST /session/21ce62c4ecbe6d238b640e15c86407e3/element - {"using":"xpath","value":"//span[contains(text(), \"Argentina\")]"}
COMMAND: GET /session/21ce62c4ecbe6d238b640e15c86407e3/screenshot - {}
RESULT: {"using":"xpath","value":"//span[contains(text(), \"Argentina\")]"}
COMMAND: POST /session/21ce62c4ecbe6d238b640e15c86407e3/element/f.93D217436D6DD50F1CAF1D433A497FC6.d.519DDBA6B54ADA4746E457B6C39B0E4F.e.7516/click - {}
RESULT: {}
RESULT: {}
COMMAND: GET /session/21ce62c4ecbe6d238b640e15c86407e3/screenshot - {}
RESULT: {}
COMMAND: POST /session/21ce62c4ecbe6d238b640e15c86407e3/element - {"using":"xpath","value":"//bdi[contains(text(), \"Commercial\")]"}
RESULT: {"using":"xpath","value":"//bdi[contains(text(), \"Commercial\")]"}
COMMAND: POST /session/21ce62c4ecbe6d238b640e15c86407e3/element/f.93D217436D6DD50F1CAF1D433A497FC6.d.519DDBA6B54ADA4746E457B6C39B0E4F.e.7517/click - {}
RESULT: {}
COMMAND: GET /session/21ce62c4ecbe6d238b640e15c86407e3/screenshot - {}
RESULT: {}
COMMAND: POST /session/21ce62c4ecbe6d238b640e15c86407e3/execute/async - {"script":"<script> [1562 bytes]","args":[{"selector":{"id":"application-managepartners-display-component---NewPartner--partnerDetailInternal-arrow"},"wdio_ui5_key":"applicationmanagepartners-display-component---NewPartner--partnerDetailInternal-arrow"}]}
RESULT: {"script":"<script> [1562 bytes]","args":[{"selector":{"id":"application-managepartners-display-component---NewPartner--partnerDetailInternal-arrow"},"wdio_ui5_key":"applicationmanagepartners-display-component---NewPartner--partnerDetailInternal-arrow"}]}
RESULT: undefined
COMMAND: POST /session/21ce62c4ecbe6d238b640e15c86407e3/element - {"using":"xpath","value":"//*[@id=\"application-managepartners-display-component---NewPartner--partnerDetailInternal-arrow\"]"}
RESULT: {"using":"xpath","value":"//*[@id=\"application-managepartners-display-component---NewPartner--partnerDetailInternal-arrow\"]"}
COMMAND: POST /session/21ce62c4ecbe6d238b640e15c86407e3/element/f.93D217436D6DD50F1CAF1D433A497FC6.d.519DDBA6B54ADA4746E457B6C39B0E4F.e.7523/click - {}
RESULT: {}
COMMAND: POST /session/21ce62c4ecbe6d238b640e15c86407e3/element - {"using":"xpath","value":"//span[contains(text(), \"External partner\")]"}
COMMAND: GET /session/21ce62c4ecbe6d238b640e15c86407e3/screenshot - {}
RESULT: {"using":"xpath","value":"//span[contains(text(), \"External partner\")]"}
COMMAND: POST /session/21ce62c4ecbe6d238b640e15c86407e3/element/f.93D217436D6DD50F1CAF1D433A497FC6.d.519DDBA6B54ADA4746E457B6C39B0E4F.e.7524/click - {}
RESULT: {}
RESULT: {}
COMMAND: POST /session/21ce62c4ecbe6d238b640e15c86407e3/execute/async - {"script":"<script> [1562 bytes]","args":[{"selector":{"id":"application-managepartners-display-component---NewPartner--partnerDetailsCurrency-arrow"},"wdio_ui5_key":"applicationmanagepartners-display-component---NewPartner--partnerDetailsCurrency-arrow"}]}
COMMAND: GET /session/21ce62c4ecbe6d238b640e15c86407e3/screenshot - {}
RESULT: {"script":"<script> [1562 bytes]","args":[{"selector":{"id":"application-managepartners-display-component---NewPartner--partnerDetailsCurrency-arrow"},"wdio_ui5_key":"applicationmanagepartners-display-component---NewPartner--partnerDetailsCurrency-arrow"}]}
RESULT: undefined
COMMAND: POST /session/21ce62c4ecbe6d238b640e15c86407e3/element - {"using":"xpath","value":"//*[@id=\"application-managepartners-display-component---NewPartner--partnerDetailsCurrency-arrow\"]"}
RESULT: {}
RESULT: {"using":"xpath","value":"//*[@id=\"application-managepartners-display-component---NewPartner--partnerDetailsCurrency-arrow\"]"}
COMMAND: POST /session/21ce62c4ecbe6d238b640e15c86407e3/element/f.93D217436D6DD50F1CAF1D433A497FC6.d.519DDBA6B54ADA4746E457B6C39B0E4F.e.7529/click - {}
RESULT: {}
COMMAND: POST /session/21ce62c4ecbe6d238b640e15c86407e3/element - {"using":"xpath","value":"//span[contains(text(), \"US Dollar\")]"}
COMMAND: GET /session/21ce62c4ecbe6d238b640e15c86407e3/screenshot - {}
RESULT: {"using":"xpath","value":"//span[contains(text(), \"US Dollar\")]"}
COMMAND: POST /session/21ce62c4ecbe6d238b640e15c86407e3/element/f.93D217436D6DD50F1CAF1D433A497FC6.d.519DDBA6B54ADA4746E457B6C39B0E4F.e.7530/click - {}
RESULT: {}
RESULT: {}
COMMAND: GET /session/21ce62c4ecbe6d238b640e15c86407e3/screenshot - {}
RESULT: {}
COMMAND: POST /session/21ce62c4ecbe6d238b640e15c86407e3/element - {"using":"xpath","value":"//input[@id=\"application-managepartners-display-component---NewPartner--companyCodeComboBox-inner\"]"}
RESULT: {"using":"xpath","value":"//input[@id=\"application-managepartners-display-component---NewPartner--companyCodeComboBox-inner\"]"}
COMMAND: POST /session/21ce62c4ecbe6d238b640e15c86407e3/element/f.93D217436D6DD50F1CAF1D433A497FC6.d.519DDBA6B54ADA4746E457B6C39B0E4F.e.7375/clear - {}
RESULT: {}
COMMAND: POST /session/21ce62c4ecbe6d238b640e15c86407e3/element/f.93D217436D6DD50F1CAF1D433A497FC6.d.519DDBA6B54ADA4746E457B6C39B0E4F.e.7375/value - {"text":"C002"}
COMMAND: GET /session/21ce62c4ecbe6d238b640e15c86407e3/screenshot - {}
RESULT: {"text":"C002"}
COMMAND: GET /session/21ce62c4ecbe6d238b640e15c86407e3/screenshot - {}
RESULT: {}
RESULT: {}
COMMAND: POST /session/21ce62c4ecbe6d238b640e15c86407e3/element - {"using":"xpath","value":"//li[.//span[text()= \"C002\"]]"}
RESULT: {"using":"xpath","value":"//li[.//span[text()= \"C002\"]]"}
COMMAND: POST /session/21ce62c4ecbe6d238b640e15c86407e3/element/f.93D217436D6DD50F1CAF1D433A497FC6.d.519DDBA6B54ADA4746E457B6C39B0E4F.e.7534/click - {}
RESULT: {}
COMMAND: GET /session/21ce62c4ecbe6d238b640e15c86407e3/screenshot - {}
RESULT: {}
COMMAND: POST /session/21ce62c4ecbe6d238b640e15c86407e3/execute/async - {"script":"<script> [1562 bytes]","args":[{"selector":{"controlType":"sap.ui.core.Icon","viewName":"etm.portal.ui.managepartners.view.NewPartner","viewId":"application-managepartners-display-component---NewPartner","properties":{"src":{"regex":{"source":"slim\\-arrow\\-down"}}},"ancestor":{"controlType":"sap.m.ComboBox","viewName":"etm.portal.ui.managepartners.view.NewPartner","viewId":"application-managepartners-display-component---NewPartner","bindingPath":{"path":"","propertyPath":"/CATALOG","modelName":"oNewPartnerModel"}}},"wdio_ui5_key":"etmportal.ui.managepartners.view.NewPartnersap.ui.core.Icon{\"src\":{\"regex\":{\"source\":\"slim\\\\-arrow\\\\-down\"}}}{\"controlType\":\"sap.m.ComboBox\",\"viewName\":\"etm.portal.ui.managepartners.view.NewPartner\",\"viewId\":\"application-managepartners-display-component---NewPartner\",\"bindingPath\":{\"path\":\"\",\"propertyPath\":\"/CATALOG\",\"modelName\":\"oNewPartnerModel\"}}"}]}
RESULT: {"script":"<script> [1562 bytes]","args":[{"selector":{"controlType":"sap.ui.core.Icon","viewName":"etm.portal.ui.managepartners.view.NewPartner","viewId":"application-managepartners-display-component---NewPartner","properties":{"src":{"regex":{"source":"slim\\-arrow\\-down"}}},"ancestor":{"controlType":"sap.m.ComboBox","viewName":"etm.portal.ui.managepartners.view.NewPartner","viewId":"application-managepartners-display-component---NewPartner","bindingPath":{"path":"","propertyPath":"/CATALOG","modelName":"oNewPartnerModel"}}},"wdio_ui5_key":"etmportal.ui.managepartners.view.NewPartnersap.ui.core.Icon{\"src\":{\"regex\":{\"source\":\"slim\\\\-arrow\\\\-down\"}}}{\"controlType\":\"sap.m.ComboBox\",\"viewName\":\"etm.portal.ui.managepartners.view.NewPartner\",\"viewId\":\"application-managepartners-display-component---NewPartner\",\"bindingPath\":{\"path\":\"\",\"propertyPath\":\"/CATALOG\",\"modelName\":\"oNewPartnerModel\"}}"}]}
RESULT: undefined
COMMAND: POST /session/21ce62c4ecbe6d238b640e15c86407e3/element - {"using":"xpath","value":"//*[@id=\"__box21-arrow\"]"}
RESULT: {"using":"xpath","value":"//*[@id=\"__box21-arrow\"]"}
COMMAND: POST /session/21ce62c4ecbe6d238b640e15c86407e3/element/f.93D217436D6DD50F1CAF1D433A497FC6.d.519DDBA6B54ADA4746E457B6C39B0E4F.e.7496/click - {}
RESULT: {}
COMMAND: GET /session/21ce62c4ecbe6d238b640e15c86407e3/screenshot - {}
RESULT: {}
COMMAND: POST /session/21ce62c4ecbe6d238b640e15c86407e3/element - {"using":"xpath","value":"//ul[contains(@id,\"popup-list-listUl\")]//li[.//span[text()= \"Webshop Catalog\"]]"}
RESULT: {"using":"xpath","value":"//ul[contains(@id,\"popup-list-listUl\")]//li[.//span[text()= \"Webshop Catalog\"]]"}
COMMAND: POST /session/21ce62c4ecbe6d238b640e15c86407e3/element/f.93D217436D6DD50F1CAF1D433A497FC6.d.519DDBA6B54ADA4746E457B6C39B0E4F.e.7536/click - {}
RESULT: {}
COMMAND: GET /session/21ce62c4ecbe6d238b640e15c86407e3/screenshot - {}
RESULT: {}
COMMAND: POST /session/21ce62c4ecbe6d238b640e15c86407e3/execute/async - {"script":"<script> [1562 bytes]","args":[{"selector":{"id":"application-managepartners-display-component---NewPartner--btnAddTableRow-img"},"wdio_ui5_key":"applicationmanagepartners-display-component---NewPartner--btnAddTableRow-img"}]}
RESULT: {"script":"<script> [1562 bytes]","args":[{"selector":{"id":"application-managepartners-display-component---NewPartner--btnAddTableRow-img"},"wdio_ui5_key":"applicationmanagepartners-display-component---NewPartner--btnAddTableRow-img"}]}
RESULT: undefined
COMMAND: POST /session/21ce62c4ecbe6d238b640e15c86407e3/element - {"using":"xpath","value":"//*[@id=\"application-managepartners-display-component---NewPartner--btnAddTableRow-img\"]"}
RESULT: {"using":"xpath","value":"//*[@id=\"application-managepartners-display-component---NewPartner--btnAddTableRow-img\"]"}
COMMAND: POST /session/21ce62c4ecbe6d238b640e15c86407e3/element/f.93D217436D6DD50F1CAF1D433A497FC6.d.519DDBA6B54ADA4746E457B6C39B0E4F.e.7537/click - {}
RESULT: {}
COMMAND: GET /session/21ce62c4ecbe6d238b640e15c86407e3/screenshot - {}
RESULT: {}
COMMAND: POST /session/21ce62c4ecbe6d238b640e15c86407e3/element - {"using":"xpath","value":"//input[@id=\"application-managepartners-display-component---NewPartner--assignmentYard-application-managepartners-display-component---NewPartner--assignmentsTable-0-inner\"]"}
RESULT: {"using":"xpath","value":"//input[@id=\"application-managepartners-display-component---NewPartner--assignmentYard-application-managepartners-display-component---NewPartner--assignmentsTable-0-inner\"]"}
COMMAND: POST /session/21ce62c4ecbe6d238b640e15c86407e3/element/f.93D217436D6DD50F1CAF1D433A497FC6.d.519DDBA6B54ADA4746E457B6C39B0E4F.e.7540/clear - {}
RESULT: {}
COMMAND: POST /session/21ce62c4ecbe6d238b640e15c86407e3/element/f.93D217436D6DD50F1CAF1D433A497FC6.d.519DDBA6B54ADA4746E457B6C39B0E4F.e.7540/value - {"text":"528"}
COMMAND: GET /session/21ce62c4ecbe6d238b640e15c86407e3/screenshot - {}
RESULT: {"text":"528"}
COMMAND: GET /session/21ce62c4ecbe6d238b640e15c86407e3/screenshot - {}
RESULT: {}
RESULT: {}
COMMAND: POST /session/21ce62c4ecbe6d238b640e15c86407e3/element - {"using":"xpath","value":"//li[.//span[text()='528']]"}
RESULT: {"using":"xpath","value":"//li[.//span[text()='528']]"}
COMMAND: POST /session/21ce62c4ecbe6d238b640e15c86407e3/element/f.93D217436D6DD50F1CAF1D433A497FC6.d.519DDBA6B54ADA4746E457B6C39B0E4F.e.7548/click - {}
RESULT: {}
COMMAND: GET /session/21ce62c4ecbe6d238b640e15c86407e3/screenshot - {}
RESULT: {}
COMMAND: POST /session/21ce62c4ecbe6d238b640e15c86407e3/actions - {"actions":[{"id":"action26","type":"key","parameters":{},"actions":[{"type":"keyDown","value":""},{"type":"pause","duration":10},{"type":"keyUp","value":""}]}]}
RESULT: {"actions":[{"id":"action26","type":"key","parameters":{},"actions":[{"type":"keyDown","value":""},{"type":"pause","duration":10},{"type":"keyUp","value":""}]}]}
COMMAND: POST /session/21ce62c4ecbe6d238b640e15c86407e3/element - {"using":"xpath","value":"//td[contains(@id, \"assignmentsTable-0-cell2\")]/div/div"}
COMMAND: GET /session/21ce62c4ecbe6d238b640e15c86407e3/screenshot - {}
RESULT: {"using":"xpath","value":"//td[contains(@id, \"assignmentsTable-0-cell2\")]/div/div"}
COMMAND: POST /session/21ce62c4ecbe6d238b640e15c86407e3/element/f.93D217436D6DD50F1CAF1D433A497FC6.d.519DDBA6B54ADA4746E457B6C39B0E4F.e.7551/click - {}
RESULT: {}
RESULT: {}
COMMAND: GET /session/21ce62c4ecbe6d238b640e15c86407e3/screenshot - {}
RESULT: {}
COMMAND: POST /session/21ce62c4ecbe6d238b640e15c86407e3/element - {"using":"xpath","value":"//button[@data-kt=\"saveButton\"]"}
RESULT: {"using":"xpath","value":"//button[@data-kt=\"saveButton\"]"}
COMMAND: POST /session/21ce62c4ecbe6d238b640e15c86407e3/element/f.93D217436D6DD50F1CAF1D433A497FC6.d.519DDBA6B54ADA4746E457B6C39B0E4F.e.7497/click - {}
RESULT: {}
COMMAND: GET /session/21ce62c4ecbe6d238b640e15c86407e3/screenshot - {}
RESULT: {}
COMMAND: POST /session/21ce62c4ecbe6d238b640e15c86407e3/element - {"using":"xpath","value":"//header[contains(@id, 'ObjectPageLayout-headerTitle')]/div[1]/div[2]/div[2]/span[1]"}
RESULT: {"using":"xpath","value":"//header[contains(@id, 'ObjectPageLayout-headerTitle')]/div[1]/div[2]/div[2]/span[1]"}
COMMAND: POST /session/21ce62c4ecbe6d238b640e15c86407e3/elements - {"using":"xpath","value":"//header[contains(@id, 'ObjectPageLayout-headerTitle')]/div[1]/div[2]/div[2]/span[1]"}
RESULT: {"using":"xpath","value":"//header[contains(@id, 'ObjectPageLayout-headerTitle')]/div[1]/div[2]/div[2]/span[1]"}
COMMAND: POST /session/21ce62c4ecbe6d238b640e15c86407e3/execute/sync - {"script":"<script> [56 bytes]","args":[{"element-6066-11e4-a52e-4f735466cecf":"f.93D217436D6DD50F1CAF1D433A497FC6.d.519DDBA6B54ADA4746E457B6C39B0E4F.e.7710","ELEMENT":"f.93D217436D6DD50F1CAF1D433A497FC6.d.519DDBA6B54ADA4746E457B6C39B0E4F.e.7710"}]}
RESULT: {"script":"<script> [56 bytes]","args":[{"element-6066-11e4-a52e-4f735466cecf":"f.93D217436D6DD50F1CAF1D433A497FC6.d.519DDBA6B54ADA4746E457B6C39B0E4F.e.7710","ELEMENT":"f.93D217436D6DD50F1CAF1D433A497FC6.d.519DDBA6B54ADA4746E457B6C39B0E4F.e.7710"}]}
COMMAND: POST /session/21ce62c4ecbe6d238b640e15c86407e3/element - {"using":"css selector","value":"#shell-header-logo"}
COMMAND: GET /session/21ce62c4ecbe6d238b640e15c86407e3/screenshot - {}
RESULT: {"using":"css selector","value":"#shell-header-logo"}
COMMAND: POST /session/21ce62c4ecbe6d238b640e15c86407e3/element/f.93D217436D6DD50F1CAF1D433A497FC6.d.519DDBA6B54ADA4746E457B6C39B0E4F.e.7030/click - {}
RESULT: {}
RESULT: {}
COMMAND: GET /session/21ce62c4ecbe6d238b640e15c86407e3/screenshot - {}
RESULT: {}
COMMAND: POST /session/21ce62c4ecbe6d238b640e15c86407e3/execute/sync - {"script":"<script> [299 bytes]","args":[["getModel","getResource"]]}
RESULT: {"script":"<script> [299 bytes]","args":[["getModel","getResource"]]}
]]></system-out>
    </testcase>
    <testcase classname="chrome.136_0_7103_93.windows.Provide_to_Site_w/o_warehouse_management_w/_clarification_US116605" name="Should create a new site" time="97.784">
      <system-out><![CDATA[
COMMAND: POST /session/21ce62c4ecbe6d238b640e15c86407e3/execute/async - {"script":"<script> [1562 bytes]","args":[{"selector":{"controlType":"sap.m.GenericTile","properties":{"header":"Manage Sites"}},"wdio_ui5_key":"sapm.GenericTile{\"header\":\"Manage Sites\"}"}]}
COMMAND: GET /session/21ce62c4ecbe6d238b640e15c86407e3/screenshot - {}
RESULT: {"script":"<script> [1562 bytes]","args":[{"selector":{"controlType":"sap.m.GenericTile","properties":{"header":"Manage Sites"}},"wdio_ui5_key":"sapm.GenericTile{\"header\":\"Manage Sites\"}"}]}
RESULT: undefined
COMMAND: POST /session/21ce62c4ecbe6d238b640e15c86407e3/element - {"using":"xpath","value":"//*[@id=\"__tile32\"]"}
RESULT: {}
RESULT: {"using":"xpath","value":"//*[@id=\"__tile32\"]"}
COMMAND: POST /session/21ce62c4ecbe6d238b640e15c86407e3/element/f.93D217436D6DD50F1CAF1D433A497FC6.d.519DDBA6B54ADA4746E457B6C39B0E4F.e.6190/click - {}
RESULT: {}
COMMAND: GET /session/21ce62c4ecbe6d238b640e15c86407e3/screenshot - {}
COMMAND: POST /session/21ce62c4ecbe6d238b640e15c86407e3/elements - {"using":"xpath","value":"//span[text()='Error']"}
RESULT: {}
RESULT: {"using":"xpath","value":"//span[text()='Error']"}
COMMAND: POST /session/21ce62c4ecbe6d238b640e15c86407e3/element - {"using":"xpath","value":"//button[@data-kt=\"addOverflowToolbarButton\"]"}
RESULT: {"using":"xpath","value":"//button[@data-kt=\"addOverflowToolbarButton\"]"}
COMMAND: POST /session/21ce62c4ecbe6d238b640e15c86407e3/elements - {"using":"xpath","value":"//button[@data-kt=\"addOverflowToolbarButton\"]"}
RESULT: {"using":"xpath","value":"//button[@data-kt=\"addOverflowToolbarButton\"]"}
COMMAND: POST /session/21ce62c4ecbe6d238b640e15c86407e3/execute/sync - {"script":"<script> [8489 bytes]","args":[{"element-6066-11e4-a52e-4f735466cecf":"f.93D217436D6DD50F1CAF1D433A497FC6.d.519DDBA6B54ADA4746E457B6C39B0E4F.e.7757","ELEMENT":"f.93D217436D6DD50F1CAF1D433A497FC6.d.519DDBA6B54ADA4746E457B6C39B0E4F.e.7757"}]}
RESULT: {"script":"<script> [8489 bytes]","args":[{"element-6066-11e4-a52e-4f735466cecf":"f.93D217436D6DD50F1CAF1D433A497FC6.d.519DDBA6B54ADA4746E457B6C39B0E4F.e.7757","ELEMENT":"f.93D217436D6DD50F1CAF1D433A497FC6.d.519DDBA6B54ADA4746E457B6C39B0E4F.e.7757"}]}
COMMAND: GET /session/21ce62c4ecbe6d238b640e15c86407e3/element/f.93D217436D6DD50F1CAF1D433A497FC6.d.519DDBA6B54ADA4746E457B6C39B0E4F.e.7757/enabled - {}
COMMAND: GET /session/21ce62c4ecbe6d238b640e15c86407e3/screenshot - {}
RESULT: {}
COMMAND: POST /session/21ce62c4ecbe6d238b640e15c86407e3/execute/sync - {"script":"<script> [8489 bytes]","args":[{"element-6066-11e4-a52e-4f735466cecf":"f.93D217436D6DD50F1CAF1D433A497FC6.d.519DDBA6B54ADA4746E457B6C39B0E4F.e.7757","ELEMENT":"f.93D217436D6DD50F1CAF1D433A497FC6.d.519DDBA6B54ADA4746E457B6C39B0E4F.e.7757"}]}
COMMAND: GET /session/21ce62c4ecbe6d238b640e15c86407e3/screenshot - {}
RESULT: {}
RESULT: {"script":"<script> [8489 bytes]","args":[{"element-6066-11e4-a52e-4f735466cecf":"f.93D217436D6DD50F1CAF1D433A497FC6.d.519DDBA6B54ADA4746E457B6C39B0E4F.e.7757","ELEMENT":"f.93D217436D6DD50F1CAF1D433A497FC6.d.519DDBA6B54ADA4746E457B6C39B0E4F.e.7757"}]}
COMMAND: POST /session/21ce62c4ecbe6d238b640e15c86407e3/execute/sync - {"script":"<script> [5351 bytes]","args":[{"element-6066-11e4-a52e-4f735466cecf":"f.93D217436D6DD50F1CAF1D433A497FC6.d.519DDBA6B54ADA4746E457B6C39B0E4F.e.7757","ELEMENT":"f.93D217436D6DD50F1CAF1D433A497FC6.d.519DDBA6B54ADA4746E457B6C39B0E4F.e.7757"}]}
COMMAND: GET /session/21ce62c4ecbe6d238b640e15c86407e3/screenshot - {}
RESULT: {}
RESULT: {"script":"<script> [5351 bytes]","args":[{"element-6066-11e4-a52e-4f735466cecf":"f.93D217436D6DD50F1CAF1D433A497FC6.d.519DDBA6B54ADA4746E457B6C39B0E4F.e.7757","ELEMENT":"f.93D217436D6DD50F1CAF1D433A497FC6.d.519DDBA6B54ADA4746E457B6C39B0E4F.e.7757"}]}
COMMAND: POST /session/21ce62c4ecbe6d238b640e15c86407e3/element/f.93D217436D6DD50F1CAF1D433A497FC6.d.519DDBA6B54ADA4746E457B6C39B0E4F.e.7757/click - {}
COMMAND: GET /session/21ce62c4ecbe6d238b640e15c86407e3/screenshot - {}
RESULT: {}
RESULT: {}
COMMAND: GET /session/21ce62c4ecbe6d238b640e15c86407e3/screenshot - {}
COMMAND: POST /session/21ce62c4ecbe6d238b640e15c86407e3/element - {"using":"xpath","value":"//input[@id=\"application-managesites-display-component---NewSite--siteId-inner\"]"}
RESULT: {}
RESULT: {}
RESULT: {"using":"xpath","value":"//input[@id=\"application-managesites-display-component---NewSite--siteId-inner\"]"}
COMMAND: POST /session/21ce62c4ecbe6d238b640e15c86407e3/element - {"using":"xpath","value":"//input[@id=\"application-managesites-display-component---NewSite--siteId-inner\"]"}
RESULT: {"using":"xpath","value":"//input[@id=\"application-managesites-display-component---NewSite--siteId-inner\"]"}
COMMAND: POST /session/21ce62c4ecbe6d238b640e15c86407e3/execute/async - {"script":"<script> [1562 bytes]","args":[{"selector":{"id":"application-managesites-display-component---NewSite--addressDetailDetailsName1","interaction":{"idSuffix":"inner"}},"wdio_ui5_key":"applicationmanagesites-display-component---NewSite--addressDetailDetailsName1"}]}
RESULT: {"script":"<script> [1562 bytes]","args":[{"selector":{"id":"application-managesites-display-component---NewSite--addressDetailDetailsName1","interaction":{"idSuffix":"inner"}},"wdio_ui5_key":"applicationmanagesites-display-component---NewSite--addressDetailDetailsName1"}]}
RESULT: undefined
COMMAND: POST /session/21ce62c4ecbe6d238b640e15c86407e3/execute/async - {"script":"<script> [776 bytes]","args":[{"enterText":"Other Type Site WDIO","selector":{"id":"application-managesites-display-component---NewSite--addressDetailDetailsName1","interaction":{"idSuffix":"inner"}},"clearTextFirst":true,"interactionType":"ENTER_TEXT"}]}
RESULT: {"script":"<script> [776 bytes]","args":[{"enterText":"Other Type Site WDIO","selector":{"id":"application-managesites-display-component---NewSite--addressDetailDetailsName1","interaction":{"idSuffix":"inner"}},"clearTextFirst":true,"interactionType":"ENTER_TEXT"}]}
COMMAND: POST /session/21ce62c4ecbe6d238b640e15c86407e3/execute/async - {"script":"<script> [1562 bytes]","args":[{"selector":{"id":"application-managesites-display-component---NewSite--addressDetailDetailsLanguage-arrow"},"wdio_ui5_key":"applicationmanagesites-display-component---NewSite--addressDetailDetailsLanguage-arrow"}]}
RESULT: {"script":"<script> [1562 bytes]","args":[{"selector":{"id":"application-managesites-display-component---NewSite--addressDetailDetailsLanguage-arrow"},"wdio_ui5_key":"applicationmanagesites-display-component---NewSite--addressDetailDetailsLanguage-arrow"}]}
RESULT: undefined
COMMAND: POST /session/21ce62c4ecbe6d238b640e15c86407e3/element - {"using":"xpath","value":"//*[@id=\"application-managesites-display-component---NewSite--addressDetailDetailsLanguage-arrow\"]"}
RESULT: {"using":"xpath","value":"//*[@id=\"application-managesites-display-component---NewSite--addressDetailDetailsLanguage-arrow\"]"}
COMMAND: POST /session/21ce62c4ecbe6d238b640e15c86407e3/element/f.93D217436D6DD50F1CAF1D433A497FC6.d.519DDBA6B54ADA4746E457B6C39B0E4F.e.8158/click - {}
RESULT: {}
COMMAND: POST /session/21ce62c4ecbe6d238b640e15c86407e3/element - {"using":"xpath","value":"//span[contains(text(), \"English\")]"}
COMMAND: GET /session/21ce62c4ecbe6d238b640e15c86407e3/screenshot - {}
RESULT: {"using":"xpath","value":"//span[contains(text(), \"English\")]"}
COMMAND: POST /session/21ce62c4ecbe6d238b640e15c86407e3/element/f.93D217436D6DD50F1CAF1D433A497FC6.d.519DDBA6B54ADA4746E457B6C39B0E4F.e.8159/click - {}
RESULT: {}
RESULT: {}
COMMAND: POST /session/21ce62c4ecbe6d238b640e15c86407e3/execute/async - {"script":"<script> [1562 bytes]","args":[{"selector":{"id":"application-managesites-display-component---NewSite--addressDetailDetailsCity1","interaction":{"idSuffix":"inner"}},"wdio_ui5_key":"applicationmanagesites-display-component---NewSite--addressDetailDetailsCity1"}]}
COMMAND: GET /session/21ce62c4ecbe6d238b640e15c86407e3/screenshot - {}
RESULT: {"script":"<script> [1562 bytes]","args":[{"selector":{"id":"application-managesites-display-component---NewSite--addressDetailDetailsCity1","interaction":{"idSuffix":"inner"}},"wdio_ui5_key":"applicationmanagesites-display-component---NewSite--addressDetailDetailsCity1"}]}
RESULT: undefined
COMMAND: POST /session/21ce62c4ecbe6d238b640e15c86407e3/execute/async - {"script":"<script> [776 bytes]","args":[{"enterText":"Rosario","selector":{"id":"application-managesites-display-component---NewSite--addressDetailDetailsCity1","interaction":{"idSuffix":"inner"}},"clearTextFirst":true,"interactionType":"ENTER_TEXT"}]}
RESULT: {}
RESULT: {"script":"<script> [776 bytes]","args":[{"enterText":"Rosario","selector":{"id":"application-managesites-display-component---NewSite--addressDetailDetailsCity1","interaction":{"idSuffix":"inner"}},"clearTextFirst":true,"interactionType":"ENTER_TEXT"}]}
COMMAND: POST /session/21ce62c4ecbe6d238b640e15c86407e3/execute/async - {"script":"<script> [1562 bytes]","args":[{"selector":{"id":"application-managesites-display-component---NewSite--addressDetailDetailsCountry-arrow"},"wdio_ui5_key":"applicationmanagesites-display-component---NewSite--addressDetailDetailsCountry-arrow"}]}
RESULT: {"script":"<script> [1562 bytes]","args":[{"selector":{"id":"application-managesites-display-component---NewSite--addressDetailDetailsCountry-arrow"},"wdio_ui5_key":"applicationmanagesites-display-component---NewSite--addressDetailDetailsCountry-arrow"}]}
RESULT: undefined
COMMAND: POST /session/21ce62c4ecbe6d238b640e15c86407e3/element - {"using":"xpath","value":"//*[@id=\"application-managesites-display-component---NewSite--addressDetailDetailsCountry-arrow\"]"}
RESULT: {"using":"xpath","value":"//*[@id=\"application-managesites-display-component---NewSite--addressDetailDetailsCountry-arrow\"]"}
COMMAND: POST /session/21ce62c4ecbe6d238b640e15c86407e3/element/f.93D217436D6DD50F1CAF1D433A497FC6.d.519DDBA6B54ADA4746E457B6C39B0E4F.e.8161/click - {}
RESULT: {}
COMMAND: POST /session/21ce62c4ecbe6d238b640e15c86407e3/element - {"using":"xpath","value":"//span[contains(text(), \"Argentina\")]"}
COMMAND: GET /session/21ce62c4ecbe6d238b640e15c86407e3/screenshot - {}
RESULT: {"using":"xpath","value":"//span[contains(text(), \"Argentina\")]"}
COMMAND: POST /session/21ce62c4ecbe6d238b640e15c86407e3/element/f.93D217436D6DD50F1CAF1D433A497FC6.d.519DDBA6B54ADA4746E457B6C39B0E4F.e.8162/click - {}
RESULT: {}
RESULT: {}
COMMAND: GET /session/21ce62c4ecbe6d238b640e15c86407e3/screenshot - {}
RESULT: {}
COMMAND: POST /session/21ce62c4ecbe6d238b640e15c86407e3/execute/async - {"script":"<script> [1562 bytes]","args":[{"selector":{"id":"application-managesites-display-component---NewSite--addressEditDetailsCostObjectCstType-arrow"},"wdio_ui5_key":"applicationmanagesites-display-component---NewSite--addressEditDetailsCostObjectCstType-arrow"}]}
RESULT: {"script":"<script> [1562 bytes]","args":[{"selector":{"id":"application-managesites-display-component---NewSite--addressEditDetailsCostObjectCstType-arrow"},"wdio_ui5_key":"applicationmanagesites-display-component---NewSite--addressEditDetailsCostObjectCstType-arrow"}]}
RESULT: undefined
COMMAND: POST /session/21ce62c4ecbe6d238b640e15c86407e3/element - {"using":"xpath","value":"//*[@id=\"application-managesites-display-component---NewSite--addressEditDetailsCostObjectCstType-arrow\"]"}
RESULT: {"using":"xpath","value":"//*[@id=\"application-managesites-display-component---NewSite--addressEditDetailsCostObjectCstType-arrow\"]"}
COMMAND: POST /session/21ce62c4ecbe6d238b640e15c86407e3/element/f.93D217436D6DD50F1CAF1D433A497FC6.d.519DDBA6B54ADA4746E457B6C39B0E4F.e.8164/click - {}
RESULT: {}
COMMAND: POST /session/21ce62c4ecbe6d238b640e15c86407e3/element - {"using":"xpath","value":"//span[contains(text(), \"Cost Center\")]"}
COMMAND: GET /session/21ce62c4ecbe6d238b640e15c86407e3/screenshot - {}
RESULT: {"using":"xpath","value":"//span[contains(text(), \"Cost Center\")]"}
COMMAND: POST /session/21ce62c4ecbe6d238b640e15c86407e3/element/f.93D217436D6DD50F1CAF1D433A497FC6.d.519DDBA6B54ADA4746E457B6C39B0E4F.e.8165/click - {}
RESULT: {}
RESULT: {}
COMMAND: GET /session/21ce62c4ecbe6d238b640e15c86407e3/screenshot - {}
RESULT: {}
COMMAND: POST /session/21ce62c4ecbe6d238b640e15c86407e3/element - {"using":"xpath","value":"//span[@id=\"application-managesites-display-component---NewSite--addressNewCostObjectCstID-vhi\"]"}
RESULT: {"using":"xpath","value":"//span[@id=\"application-managesites-display-component---NewSite--addressNewCostObjectCstID-vhi\"]"}
COMMAND: POST /session/21ce62c4ecbe6d238b640e15c86407e3/execute/sync - {"script":"<script> [8489 bytes]","args":[{"element-6066-11e4-a52e-4f735466cecf":"f.93D217436D6DD50F1CAF1D433A497FC6.d.519DDBA6B54ADA4746E457B6C39B0E4F.e.8170","ELEMENT":"f.93D217436D6DD50F1CAF1D433A497FC6.d.519DDBA6B54ADA4746E457B6C39B0E4F.e.8170"}]}
RESULT: {"script":"<script> [8489 bytes]","args":[{"element-6066-11e4-a52e-4f735466cecf":"f.93D217436D6DD50F1CAF1D433A497FC6.d.519DDBA6B54ADA4746E457B6C39B0E4F.e.8170","ELEMENT":"f.93D217436D6DD50F1CAF1D433A497FC6.d.519DDBA6B54ADA4746E457B6C39B0E4F.e.8170"}]}
COMMAND: POST /session/21ce62c4ecbe6d238b640e15c86407e3/execute/async - {"script":"<script> [1562 bytes]","args":[{"selector":{"id":"application-managesites-display-component---NewSite--addressNewCostObjectCstID-vhi"},"wdio_ui5_key":"applicationmanagesites-display-component---NewSite--addressNewCostObjectCstID-vhi"}]}
COMMAND: GET /session/21ce62c4ecbe6d238b640e15c86407e3/screenshot - {}
RESULT: {"script":"<script> [1562 bytes]","args":[{"selector":{"id":"application-managesites-display-component---NewSite--addressNewCostObjectCstID-vhi"},"wdio_ui5_key":"applicationmanagesites-display-component---NewSite--addressNewCostObjectCstID-vhi"}]}
RESULT: undefined
COMMAND: POST /session/21ce62c4ecbe6d238b640e15c86407e3/element - {"using":"xpath","value":"//*[@id=\"application-managesites-display-component---NewSite--addressNewCostObjectCstID-vhi\"]"}
RESULT: {}
RESULT: {"using":"xpath","value":"//*[@id=\"application-managesites-display-component---NewSite--addressNewCostObjectCstID-vhi\"]"}
COMMAND: POST /session/21ce62c4ecbe6d238b640e15c86407e3/element/f.93D217436D6DD50F1CAF1D433A497FC6.d.519DDBA6B54ADA4746E457B6C39B0E4F.e.8170/click - {}
RESULT: {}
COMMAND: GET /session/21ce62c4ecbe6d238b640e15c86407e3/screenshot - {}
RESULT: {}
RESULT: undefined
COMMAND: POST /session/21ce62c4ecbe6d238b640e15c86407e3/execute/async - {"script":"<script> [776 bytes]","args":[{"enterText":"10001013","selector":{"controlType":"sap.m.SearchField","properties":{"placeholder":"Search"},"searchOpenDialogs":true,"interaction":{"idSuffix":"I"}},"clearTextFirst":true,"interactionType":"ENTER_TEXT"}]}
RESULT: {"script":"<script> [776 bytes]","args":[{"enterText":"10001013","selector":{"controlType":"sap.m.SearchField","properties":{"placeholder":"Search"},"searchOpenDialogs":true,"interaction":{"idSuffix":"I"}},"clearTextFirst":true,"interactionType":"ENTER_TEXT"}]}
COMMAND: POST /session/21ce62c4ecbe6d238b640e15c86407e3/actions - {"actions":[{"id":"action27","type":"key","parameters":{},"actions":[{"type":"keyDown","value":""},{"type":"pause","duration":10},{"type":"keyUp","value":""}]}]}
RESULT: {"actions":[{"id":"action27","type":"key","parameters":{},"actions":[{"type":"keyDown","value":""},{"type":"pause","duration":10},{"type":"keyUp","value":""}]}]}
COMMAND: GET /session/21ce62c4ecbe6d238b640e15c86407e3/screenshot - {}
RESULT: {}
COMMAND: POST /session/21ce62c4ecbe6d238b640e15c86407e3/element - {"using":"xpath","value":"//span[contains(text(), \"General Management\")]"}
RESULT: {"using":"xpath","value":"//span[contains(text(), \"General Management\")]"}
COMMAND: POST /session/21ce62c4ecbe6d238b640e15c86407e3/element/f.93D217436D6DD50F1CAF1D433A497FC6.d.519DDBA6B54ADA4746E457B6C39B0E4F.e.8209/click - {}
RESULT: {}
COMMAND: GET /session/21ce62c4ecbe6d238b640e15c86407e3/screenshot - {}
RESULT: {}
COMMAND: POST /session/21ce62c4ecbe6d238b640e15c86407e3/element - {"using":"xpath","value":"//bdi[contains(text(), \"OK\")]"}
RESULT: {"using":"xpath","value":"//bdi[contains(text(), \"OK\")]"}
COMMAND: POST /session/21ce62c4ecbe6d238b640e15c86407e3/element/f.93D217436D6DD50F1CAF1D433A497FC6.d.519DDBA6B54ADA4746E457B6C39B0E4F.e.8210/click - {}
RESULT: {}
COMMAND: GET /session/21ce62c4ecbe6d238b640e15c86407e3/screenshot - {}
RESULT: {}
COMMAND: POST /session/21ce62c4ecbe6d238b640e15c86407e3/element - {"using":"xpath","value":"//input[@id=\"application-managesites-display-component---NewSite--addressDetailDetailsCalendar-inner\"]"}
RESULT: {"using":"xpath","value":"//input[@id=\"application-managesites-display-component---NewSite--addressDetailDetailsCalendar-inner\"]"}
COMMAND: POST /session/21ce62c4ecbe6d238b640e15c86407e3/element/f.93D217436D6DD50F1CAF1D433A497FC6.d.519DDBA6B54ADA4746E457B6C39B0E4F.e.7954/clear - {}
RESULT: {}
COMMAND: POST /session/21ce62c4ecbe6d238b640e15c86407e3/element/f.93D217436D6DD50F1CAF1D433A497FC6.d.519DDBA6B54ADA4746E457B6C39B0E4F.e.7954/value - {"text":"Unit"}
COMMAND: GET /session/21ce62c4ecbe6d238b640e15c86407e3/screenshot - {}
RESULT: {"text":"Unit"}
COMMAND: GET /session/21ce62c4ecbe6d238b640e15c86407e3/screenshot - {}
RESULT: {}
RESULT: {}
COMMAND: POST /session/21ce62c4ecbe6d238b640e15c86407e3/actions - {"actions":[{"id":"action28","type":"key","parameters":{},"actions":[{"type":"keyDown","value":""},{"type":"pause","duration":10},{"type":"keyUp","value":""}]}]}
RESULT: {"actions":[{"id":"action28","type":"key","parameters":{},"actions":[{"type":"keyDown","value":""},{"type":"pause","duration":10},{"type":"keyUp","value":""}]}]}
COMMAND: POST /session/21ce62c4ecbe6d238b640e15c86407e3/element - {"using":"xpath","value":"//input[@id=\"application-managesites-display-component---NewSite--addressDetailDetailsYard-inner\"]"}
COMMAND: GET /session/21ce62c4ecbe6d238b640e15c86407e3/screenshot - {}
RESULT: {"using":"xpath","value":"//input[@id=\"application-managesites-display-component---NewSite--addressDetailDetailsYard-inner\"]"}
COMMAND: POST /session/21ce62c4ecbe6d238b640e15c86407e3/element/f.93D217436D6DD50F1CAF1D433A497FC6.d.519DDBA6B54ADA4746E457B6C39B0E4F.e.7955/clear - {}
RESULT: {}
RESULT: {}
COMMAND: POST /session/21ce62c4ecbe6d238b640e15c86407e3/element/f.93D217436D6DD50F1CAF1D433A497FC6.d.519DDBA6B54ADA4746E457B6C39B0E4F.e.7955/value - {"text":"528"}
COMMAND: GET /session/21ce62c4ecbe6d238b640e15c86407e3/screenshot - {}
RESULT: {"text":"528"}
COMMAND: GET /session/21ce62c4ecbe6d238b640e15c86407e3/screenshot - {}
RESULT: {}
RESULT: {}
COMMAND: POST /session/21ce62c4ecbe6d238b640e15c86407e3/element - {"using":"xpath","value":"//li[.//span[text()='528']]"}
RESULT: {"using":"xpath","value":"//li[.//span[text()='528']]"}
COMMAND: POST /session/21ce62c4ecbe6d238b640e15c86407e3/element/f.93D217436D6DD50F1CAF1D433A497FC6.d.519DDBA6B54ADA4746E457B6C39B0E4F.e.8218/click - {}
RESULT: {}
COMMAND: GET /session/21ce62c4ecbe6d238b640e15c86407e3/screenshot - {}
RESULT: {}
COMMAND: POST /session/21ce62c4ecbe6d238b640e15c86407e3/element - {"using":"xpath","value":"//input[@id=\"application-managesites-display-component---NewSite--addressDetailDetailsPartner-inner\"]"}
RESULT: {"using":"xpath","value":"//input[@id=\"application-managesites-display-component---NewSite--addressDetailDetailsPartner-inner\"]"}
COMMAND: POST /session/21ce62c4ecbe6d238b640e15c86407e3/element - {"using":"xpath","value":"//input[@id=\"application-managesites-display-component---NewSite--addressDetailDetailsPartner-inner\"]"}
RESULT: {"using":"xpath","value":"//input[@id=\"application-managesites-display-component---NewSite--addressDetailDetailsPartner-inner\"]"}
COMMAND: POST /session/21ce62c4ecbe6d238b640e15c86407e3/element - {"using":"xpath","value":"//button[@data-kt=\"saveButton\"]"}
RESULT: {"using":"xpath","value":"//button[@data-kt=\"saveButton\"]"}
COMMAND: POST /session/21ce62c4ecbe6d238b640e15c86407e3/element/f.93D217436D6DD50F1CAF1D433A497FC6.d.519DDBA6B54ADA4746E457B6C39B0E4F.e.8143/click - {}
RESULT: {}
COMMAND: GET /session/21ce62c4ecbe6d238b640e15c86407e3/screenshot - {}
RESULT: {}
COMMAND: POST /session/21ce62c4ecbe6d238b640e15c86407e3/element - {"using":"xpath","value":"//header[contains(@id, 'ObjectPageLayout-headerTitle')]/div[1]/div[2]/div[2]/span[1]"}
RESULT: {"using":"xpath","value":"//header[contains(@id, 'ObjectPageLayout-headerTitle')]/div[1]/div[2]/div[2]/span[1]"}
COMMAND: POST /session/21ce62c4ecbe6d238b640e15c86407e3/elements - {"using":"xpath","value":"//header[contains(@id, 'ObjectPageLayout-headerTitle')]/div[1]/div[2]/div[2]/span[1]"}
RESULT: {"using":"xpath","value":"//header[contains(@id, 'ObjectPageLayout-headerTitle')]/div[1]/div[2]/div[2]/span[1]"}
COMMAND: POST /session/21ce62c4ecbe6d238b640e15c86407e3/execute/sync - {"script":"<script> [56 bytes]","args":[{"element-6066-11e4-a52e-4f735466cecf":"f.93D217436D6DD50F1CAF1D433A497FC6.d.519DDBA6B54ADA4746E457B6C39B0E4F.e.8422","ELEMENT":"f.93D217436D6DD50F1CAF1D433A497FC6.d.519DDBA6B54ADA4746E457B6C39B0E4F.e.8422"}]}
RESULT: {"script":"<script> [56 bytes]","args":[{"element-6066-11e4-a52e-4f735466cecf":"f.93D217436D6DD50F1CAF1D433A497FC6.d.519DDBA6B54ADA4746E457B6C39B0E4F.e.8422","ELEMENT":"f.93D217436D6DD50F1CAF1D433A497FC6.d.519DDBA6B54ADA4746E457B6C39B0E4F.e.8422"}]}
COMMAND: POST /session/21ce62c4ecbe6d238b640e15c86407e3/element - {"using":"css selector","value":"#shell-header-logo"}
COMMAND: GET /session/21ce62c4ecbe6d238b640e15c86407e3/screenshot - {}
RESULT: {"using":"css selector","value":"#shell-header-logo"}
COMMAND: POST /session/21ce62c4ecbe6d238b640e15c86407e3/element/f.93D217436D6DD50F1CAF1D433A497FC6.d.519DDBA6B54ADA4746E457B6C39B0E4F.e.7714/click - {}
RESULT: {}
RESULT: {}
COMMAND: GET /session/21ce62c4ecbe6d238b640e15c86407e3/screenshot - {}
RESULT: {}
COMMAND: POST /session/21ce62c4ecbe6d238b640e15c86407e3/execute/sync - {"script":"<script> [299 bytes]","args":[["getModel","getResource"]]}
RESULT: {"script":"<script> [299 bytes]","args":[["getModel","getResource"]]}
]]></system-out>
    </testcase>
    <testcase classname="chrome.136_0_7103_93.windows.Provide_to_Site_w/o_warehouse_management_w/_clarification_US116605" name="Should create a new material" time="120.22">
      <system-out><![CDATA[
COMMAND: GET /session/21ce62c4ecbe6d238b640e15c86407e3/screenshot - {}
COMMAND: POST /session/21ce62c4ecbe6d238b640e15c86407e3/execute/async - {"script":"<script> [1562 bytes]","args":[{"selector":{"controlType":"sap.m.GenericTile","properties":{"header":"Manage Resources"}},"wdio_ui5_key":"sapm.GenericTile{\"header\":\"Manage Resources\"}"}]}
RESULT: {}
RESULT: {"script":"<script> [1562 bytes]","args":[{"selector":{"controlType":"sap.m.GenericTile","properties":{"header":"Manage Resources"}},"wdio_ui5_key":"sapm.GenericTile{\"header\":\"Manage Resources\"}"}]}
RESULT: undefined
COMMAND: POST /session/21ce62c4ecbe6d238b640e15c86407e3/element - {"using":"xpath","value":"//*[@id=\"__tile31\"]"}
RESULT: {"using":"xpath","value":"//*[@id=\"__tile31\"]"}
COMMAND: POST /session/21ce62c4ecbe6d238b640e15c86407e3/element/f.93D217436D6DD50F1CAF1D433A497FC6.d.519DDBA6B54ADA4746E457B6C39B0E4F.e.6187/click - {}
RESULT: {}
COMMAND: GET /session/21ce62c4ecbe6d238b640e15c86407e3/screenshot - {}
RESULT: {}
COMMAND: POST /session/21ce62c4ecbe6d238b640e15c86407e3/elements - {"using":"xpath","value":"//span[text()='Error']"}
RESULT: {"using":"xpath","value":"//span[text()='Error']"}
COMMAND: POST /session/21ce62c4ecbe6d238b640e15c86407e3/element - {"using":"xpath","value":"//button[@data-kt=\"addNewRUOverflowToolbarButton\"]"}
RESULT: {"using":"xpath","value":"//button[@data-kt=\"addNewRUOverflowToolbarButton\"]"}
COMMAND: POST /session/21ce62c4ecbe6d238b640e15c86407e3/elements - {"using":"xpath","value":"//button[@data-kt=\"addNewRUOverflowToolbarButton\"]"}
RESULT: {"using":"xpath","value":"//button[@data-kt=\"addNewRUOverflowToolbarButton\"]"}
COMMAND: POST /session/21ce62c4ecbe6d238b640e15c86407e3/execute/sync - {"script":"<script> [8489 bytes]","args":[{"element-6066-11e4-a52e-4f735466cecf":"f.93D217436D6DD50F1CAF1D433A497FC6.d.519DDBA6B54ADA4746E457B6C39B0E4F.e.8453","ELEMENT":"f.93D217436D6DD50F1CAF1D433A497FC6.d.519DDBA6B54ADA4746E457B6C39B0E4F.e.8453"}]}
RESULT: {"script":"<script> [8489 bytes]","args":[{"element-6066-11e4-a52e-4f735466cecf":"f.93D217436D6DD50F1CAF1D433A497FC6.d.519DDBA6B54ADA4746E457B6C39B0E4F.e.8453","ELEMENT":"f.93D217436D6DD50F1CAF1D433A497FC6.d.519DDBA6B54ADA4746E457B6C39B0E4F.e.8453"}]}
COMMAND: GET /session/21ce62c4ecbe6d238b640e15c86407e3/element/f.93D217436D6DD50F1CAF1D433A497FC6.d.519DDBA6B54ADA4746E457B6C39B0E4F.e.8453/enabled - {}
COMMAND: GET /session/21ce62c4ecbe6d238b640e15c86407e3/screenshot - {}
RESULT: {}
COMMAND: POST /session/21ce62c4ecbe6d238b640e15c86407e3/execute/sync - {"script":"<script> [8489 bytes]","args":[{"element-6066-11e4-a52e-4f735466cecf":"f.93D217436D6DD50F1CAF1D433A497FC6.d.519DDBA6B54ADA4746E457B6C39B0E4F.e.8453","ELEMENT":"f.93D217436D6DD50F1CAF1D433A497FC6.d.519DDBA6B54ADA4746E457B6C39B0E4F.e.8453"}]}
COMMAND: GET /session/21ce62c4ecbe6d238b640e15c86407e3/screenshot - {}
RESULT: {}
RESULT: {"script":"<script> [8489 bytes]","args":[{"element-6066-11e4-a52e-4f735466cecf":"f.93D217436D6DD50F1CAF1D433A497FC6.d.519DDBA6B54ADA4746E457B6C39B0E4F.e.8453","ELEMENT":"f.93D217436D6DD50F1CAF1D433A497FC6.d.519DDBA6B54ADA4746E457B6C39B0E4F.e.8453"}]}
COMMAND: POST /session/21ce62c4ecbe6d238b640e15c86407e3/execute/sync - {"script":"<script> [5351 bytes]","args":[{"element-6066-11e4-a52e-4f735466cecf":"f.93D217436D6DD50F1CAF1D433A497FC6.d.519DDBA6B54ADA4746E457B6C39B0E4F.e.8453","ELEMENT":"f.93D217436D6DD50F1CAF1D433A497FC6.d.519DDBA6B54ADA4746E457B6C39B0E4F.e.8453"}]}
COMMAND: GET /session/21ce62c4ecbe6d238b640e15c86407e3/screenshot - {}
RESULT: {}
RESULT: {"script":"<script> [5351 bytes]","args":[{"element-6066-11e4-a52e-4f735466cecf":"f.93D217436D6DD50F1CAF1D433A497FC6.d.519DDBA6B54ADA4746E457B6C39B0E4F.e.8453","ELEMENT":"f.93D217436D6DD50F1CAF1D433A497FC6.d.519DDBA6B54ADA4746E457B6C39B0E4F.e.8453"}]}
COMMAND: POST /session/21ce62c4ecbe6d238b640e15c86407e3/element/f.93D217436D6DD50F1CAF1D433A497FC6.d.519DDBA6B54ADA4746E457B6C39B0E4F.e.8453/click - {}
COMMAND: GET /session/21ce62c4ecbe6d238b640e15c86407e3/screenshot - {}
RESULT: {}
RESULT: {}
COMMAND: GET /session/21ce62c4ecbe6d238b640e15c86407e3/screenshot - {}
COMMAND: POST /session/21ce62c4ecbe6d238b640e15c86407e3/execute/async - {"script":"<script> [1562 bytes]","args":[{"selector":{"id":"application-manageresources-display-component---newResourceUnit--TYPE-arrow"},"wdio_ui5_key":"applicationmanageresources-display-component---newResourceUnit--TYPE-arrow"}]}
RESULT: {}
RESULT: {}
RESULT: {"script":"<script> [1562 bytes]","args":[{"selector":{"id":"application-manageresources-display-component---newResourceUnit--TYPE-arrow"},"wdio_ui5_key":"applicationmanageresources-display-component---newResourceUnit--TYPE-arrow"}]}
RESULT: undefined
COMMAND: POST /session/21ce62c4ecbe6d238b640e15c86407e3/element - {"using":"xpath","value":"//*[@id=\"application-manageresources-display-component---newResourceUnit--TYPE-arrow\"]"}
RESULT: {"using":"xpath","value":"//*[@id=\"application-manageresources-display-component---newResourceUnit--TYPE-arrow\"]"}
COMMAND: POST /session/21ce62c4ecbe6d238b640e15c86407e3/element/f.93D217436D6DD50F1CAF1D433A497FC6.d.519DDBA6B54ADA4746E457B6C39B0E4F.e.8819/click - {}
RESULT: {}
COMMAND: POST /session/21ce62c4ecbe6d238b640e15c86407e3/element - {"using":"xpath","value":"//input[@id=\"application-manageresources-display-component---newResourceUnit--TYPE-inner\"]"}
COMMAND: GET /session/21ce62c4ecbe6d238b640e15c86407e3/screenshot - {}
RESULT: {"using":"xpath","value":"//input[@id=\"application-manageresources-display-component---newResourceUnit--TYPE-inner\"]"}
COMMAND: POST /session/21ce62c4ecbe6d238b640e15c86407e3/element/f.93D217436D6DD50F1CAF1D433A497FC6.d.519DDBA6B54ADA4746E457B6C39B0E4F.e.8807/clear - {}
RESULT: {}
RESULT: {}
COMMAND: POST /session/21ce62c4ecbe6d238b640e15c86407e3/element/f.93D217436D6DD50F1CAF1D433A497FC6.d.519DDBA6B54ADA4746E457B6C39B0E4F.e.8807/value - {"text":"Material"}
COMMAND: GET /session/21ce62c4ecbe6d238b640e15c86407e3/screenshot - {}
RESULT: {"text":"Material"}
COMMAND: GET /session/21ce62c4ecbe6d238b640e15c86407e3/screenshot - {}
RESULT: {}
RESULT: {}
COMMAND: POST /session/21ce62c4ecbe6d238b640e15c86407e3/actions - {"actions":[{"id":"action29","type":"key","parameters":{},"actions":[{"type":"keyDown","value":""},{"type":"pause","duration":10},{"type":"keyUp","value":""}]}]}
RESULT: {"actions":[{"id":"action29","type":"key","parameters":{},"actions":[{"type":"keyDown","value":""},{"type":"pause","duration":10},{"type":"keyUp","value":""}]}]}
COMMAND: POST /session/21ce62c4ecbe6d238b640e15c86407e3/execute/async - {"script":"<script> [1562 bytes]","args":[{"selector":{"id":"application-manageresources-display-component---newResourceUnit--SHORT_TEXT","interaction":{"idSuffix":"inner"}},"wdio_ui5_key":"applicationmanageresources-display-component---newResourceUnit--SHORT_TEXT"}]}
COMMAND: GET /session/21ce62c4ecbe6d238b640e15c86407e3/screenshot - {}
RESULT: {"script":"<script> [1562 bytes]","args":[{"selector":{"id":"application-manageresources-display-component---newResourceUnit--SHORT_TEXT","interaction":{"idSuffix":"inner"}},"wdio_ui5_key":"applicationmanageresources-display-component---newResourceUnit--SHORT_TEXT"}]}
RESULT: undefined
COMMAND: POST /session/21ce62c4ecbe6d238b640e15c86407e3/execute/async - {"script":"<script> [776 bytes]","args":[{"enterText":"Cement WDIO","selector":{"id":"application-manageresources-display-component---newResourceUnit--SHORT_TEXT","interaction":{"idSuffix":"inner"}},"clearTextFirst":true,"interactionType":"ENTER_TEXT"}]}
RESULT: {}
RESULT: {"script":"<script> [776 bytes]","args":[{"enterText":"Cement WDIO","selector":{"id":"application-manageresources-display-component---newResourceUnit--SHORT_TEXT","interaction":{"idSuffix":"inner"}},"clearTextFirst":true,"interactionType":"ENTER_TEXT"}]}
COMMAND: POST /session/21ce62c4ecbe6d238b640e15c86407e3/execute/async - {"script":"<script> [1562 bytes]","args":[{"selector":{"id":"application-manageresources-display-component---newResourceUnit--BASE_UNIT_OF_MEASURE","interaction":{"idSuffix":"inner"}},"wdio_ui5_key":"applicationmanageresources-display-component---newResourceUnit--BASE_UNIT_OF_MEASURE"}]}
RESULT: {"script":"<script> [1562 bytes]","args":[{"selector":{"id":"application-manageresources-display-component---newResourceUnit--BASE_UNIT_OF_MEASURE","interaction":{"idSuffix":"inner"}},"wdio_ui5_key":"applicationmanageresources-display-component---newResourceUnit--BASE_UNIT_OF_MEASURE"}]}
RESULT: undefined
COMMAND: POST /session/21ce62c4ecbe6d238b640e15c86407e3/execute/async - {"script":"<script> [776 bytes]","args":[{"enterText":"Piece","selector":{"id":"application-manageresources-display-component---newResourceUnit--BASE_UNIT_OF_MEASURE","interaction":{"idSuffix":"inner"}},"clearTextFirst":true,"interactionType":"ENTER_TEXT"}]}
RESULT: {"script":"<script> [776 bytes]","args":[{"enterText":"Piece","selector":{"id":"application-manageresources-display-component---newResourceUnit--BASE_UNIT_OF_MEASURE","interaction":{"idSuffix":"inner"}},"clearTextFirst":true,"interactionType":"ENTER_TEXT"}]}
COMMAND: POST /session/21ce62c4ecbe6d238b640e15c86407e3/execute/async - {"script":"<script> [1562 bytes]","args":[{"selector":{"id":"application-manageresources-display-component---newResourceUnit--WEIGHT_UNIT","interaction":{"idSuffix":"inner"}},"wdio_ui5_key":"applicationmanageresources-display-component---newResourceUnit--WEIGHT_UNIT"}]}
RESULT: {"script":"<script> [1562 bytes]","args":[{"selector":{"id":"application-manageresources-display-component---newResourceUnit--WEIGHT_UNIT","interaction":{"idSuffix":"inner"}},"wdio_ui5_key":"applicationmanageresources-display-component---newResourceUnit--WEIGHT_UNIT"}]}
RESULT: undefined
COMMAND: POST /session/21ce62c4ecbe6d238b640e15c86407e3/execute/async - {"script":"<script> [776 bytes]","args":[{"enterText":"Gram","selector":{"id":"application-manageresources-display-component---newResourceUnit--WEIGHT_UNIT","interaction":{"idSuffix":"inner"}},"clearTextFirst":true,"interactionType":"ENTER_TEXT"}]}
RESULT: {"script":"<script> [776 bytes]","args":[{"enterText":"Gram","selector":{"id":"application-manageresources-display-component---newResourceUnit--WEIGHT_UNIT","interaction":{"idSuffix":"inner"}},"clearTextFirst":true,"interactionType":"ENTER_TEXT"}]}
COMMAND: POST /session/21ce62c4ecbe6d238b640e15c86407e3/execute/async - {"script":"<script> [1562 bytes]","args":[{"selector":{"id":"application-manageresources-display-component---newResourceUnit--DIMENSION_UNIT","interaction":{"idSuffix":"inner"}},"wdio_ui5_key":"applicationmanageresources-display-component---newResourceUnit--DIMENSION_UNIT"}]}
RESULT: {"script":"<script> [1562 bytes]","args":[{"selector":{"id":"application-manageresources-display-component---newResourceUnit--DIMENSION_UNIT","interaction":{"idSuffix":"inner"}},"wdio_ui5_key":"applicationmanageresources-display-component---newResourceUnit--DIMENSION_UNIT"}]}
RESULT: undefined
COMMAND: POST /session/21ce62c4ecbe6d238b640e15c86407e3/execute/async - {"script":"<script> [776 bytes]","args":[{"enterText":"Meter","selector":{"id":"application-manageresources-display-component---newResourceUnit--DIMENSION_UNIT","interaction":{"idSuffix":"inner"}},"clearTextFirst":true,"interactionType":"ENTER_TEXT"}]}
RESULT: {"script":"<script> [776 bytes]","args":[{"enterText":"Meter","selector":{"id":"application-manageresources-display-component---newResourceUnit--DIMENSION_UNIT","interaction":{"idSuffix":"inner"}},"clearTextFirst":true,"interactionType":"ENTER_TEXT"}]}
COMMAND: POST /session/21ce62c4ecbe6d238b640e15c86407e3/execute/async - {"script":"<script> [1562 bytes]","args":[{"selector":{"id":"application-manageresources-display-component---newResourceUnit--newRRUPage-anchBar-application-manageresources-display-component---newResourceUnit--control-anchor","interaction":{"idSuffix":"BDI-content"}},"wdio_ui5_key":"applicationmanageresources-display-component---newResourceUnit--newRRUPage-anchBar-application-manageresources-display-component---newResourceUnit--control-anchor"}]}
RESULT: {"script":"<script> [1562 bytes]","args":[{"selector":{"id":"application-manageresources-display-component---newResourceUnit--newRRUPage-anchBar-application-manageresources-display-component---newResourceUnit--control-anchor","interaction":{"idSuffix":"BDI-content"}},"wdio_ui5_key":"applicationmanageresources-display-component---newResourceUnit--newRRUPage-anchBar-application-manageresources-display-component---newResourceUnit--control-anchor"}]}
RESULT: undefined
COMMAND: POST /session/21ce62c4ecbe6d238b640e15c86407e3/element - {"using":"xpath","value":"//*[@id=\"application-manageresources-display-component---newResourceUnit--newRRUPage-anchBar-application-manageresources-display-component---newResourceUnit--control-anchor\"]"}
RESULT: {"using":"xpath","value":"//*[@id=\"application-manageresources-display-component---newResourceUnit--newRRUPage-anchBar-application-manageresources-display-component---newResourceUnit--control-anchor\"]"}
COMMAND: POST /session/21ce62c4ecbe6d238b640e15c86407e3/element/f.93D217436D6DD50F1CAF1D433A497FC6.d.519DDBA6B54ADA4746E457B6C39B0E4F.e.8948/click - {}
RESULT: {}
COMMAND: POST /session/21ce62c4ecbe6d238b640e15c86407e3/execute/async - {"script":"<script> [1562 bytes]","args":[{"selector":{"id":"application-manageresources-display-component---newResourceUnit--PLANNING_GROUP","interaction":{"idSuffix":"inner"}},"wdio_ui5_key":"applicationmanageresources-display-component---newResourceUnit--PLANNING_GROUP"}]}
COMMAND: GET /session/21ce62c4ecbe6d238b640e15c86407e3/screenshot - {}
RESULT: {"script":"<script> [1562 bytes]","args":[{"selector":{"id":"application-manageresources-display-component---newResourceUnit--PLANNING_GROUP","interaction":{"idSuffix":"inner"}},"wdio_ui5_key":"applicationmanageresources-display-component---newResourceUnit--PLANNING_GROUP"}]}
RESULT: undefined
COMMAND: POST /session/21ce62c4ecbe6d238b640e15c86407e3/execute/async - {"script":"<script> [776 bytes]","args":[{"enterText":"Material","selector":{"id":"application-manageresources-display-component---newResourceUnit--PLANNING_GROUP","interaction":{"idSuffix":"inner"}},"clearTextFirst":true,"interactionType":"ENTER_TEXT"}]}
RESULT: {}
RESULT: {"script":"<script> [776 bytes]","args":[{"enterText":"Material","selector":{"id":"application-manageresources-display-component---newResourceUnit--PLANNING_GROUP","interaction":{"idSuffix":"inner"}},"clearTextFirst":true,"interactionType":"ENTER_TEXT"}]}
COMMAND: POST /session/21ce62c4ecbe6d238b640e15c86407e3/execute/async - {"script":"<script> [1562 bytes]","args":[{"selector":{"id":"application-manageresources-display-component---newResourceUnit--PLANNING_INDICATOR","interaction":{"idSuffix":"inner"}},"wdio_ui5_key":"applicationmanageresources-display-component---newResourceUnit--PLANNING_INDICATOR"}]}
RESULT: {"script":"<script> [1562 bytes]","args":[{"selector":{"id":"application-manageresources-display-component---newResourceUnit--PLANNING_INDICATOR","interaction":{"idSuffix":"inner"}},"wdio_ui5_key":"applicationmanageresources-display-component---newResourceUnit--PLANNING_INDICATOR"}]}
RESULT: undefined
COMMAND: POST /session/21ce62c4ecbe6d238b640e15c86407e3/execute/async - {"script":"<script> [776 bytes]","args":[{"enterText":"10 - infinite","selector":{"id":"application-manageresources-display-component---newResourceUnit--PLANNING_INDICATOR","interaction":{"idSuffix":"inner"}},"clearTextFirst":true,"interactionType":"ENTER_TEXT"}]}
RESULT: {"script":"<script> [776 bytes]","args":[{"enterText":"10 - infinite","selector":{"id":"application-manageresources-display-component---newResourceUnit--PLANNING_INDICATOR","interaction":{"idSuffix":"inner"}},"clearTextFirst":true,"interactionType":"ENTER_TEXT"}]}
COMMAND: POST /session/21ce62c4ecbe6d238b640e15c86407e3/element - {"using":"css selector","value":"#application-manageresources-display-component---newResourceUnit--btnAddTimeSegment"}
RESULT: {"using":"css selector","value":"#application-manageresources-display-component---newResourceUnit--btnAddTimeSegment"}
COMMAND: GET /session/21ce62c4ecbe6d238b640e15c86407e3/element/f.93D217436D6DD50F1CAF1D433A497FC6.d.519DDBA6B54ADA4746E457B6C39B0E4F.e.8956/rect - {}
RESULT: {}
COMMAND: GET /session/21ce62c4ecbe6d238b640e15c86407e3/window/rect - {}
RESULT: {}
COMMAND: POST /session/21ce62c4ecbe6d238b640e15c86407e3/execute/sync - {"script":"<script> [92 bytes]","args":[]}
RESULT: {"script":"<script> [92 bytes]","args":[]}
COMMAND: POST /session/21ce62c4ecbe6d238b640e15c86407e3/actions - {"actions":[{"id":"action30","type":"wheel","parameters":{},"actions":[{"type":"scroll","x":-1888,"y":-32,"deltaX":0,"deltaY":0,"duration":0,"origin":{"element-6066-11e4-a52e-4f735466cecf":"f.93D217436D6DD50F1CAF1D433A497FC6.d.519DDBA6B54ADA4746E457B6C39B0E4F.e.8956"}}]}]}
COMMAND: GET /session/21ce62c4ecbe6d238b640e15c86407e3/screenshot - {}
RESULT: {}
COMMAND: POST /session/21ce62c4ecbe6d238b640e15c86407e3/execute/sync - {"script":"<script> [79 bytes]","args":[{"element-6066-11e4-a52e-4f735466cecf":"f.93D217436D6DD50F1CAF1D433A497FC6.d.519DDBA6B54ADA4746E457B6C39B0E4F.e.8956","ELEMENT":"f.93D217436D6DD50F1CAF1D433A497FC6.d.519DDBA6B54ADA4746E457B6C39B0E4F.e.8956"},{"block":"start","inline":"nearest"}]}
RESULT: {"script":"<script> [79 bytes]","args":[{"element-6066-11e4-a52e-4f735466cecf":"f.93D217436D6DD50F1CAF1D433A497FC6.d.519DDBA6B54ADA4746E457B6C39B0E4F.e.8956","ELEMENT":"f.93D217436D6DD50F1CAF1D433A497FC6.d.519DDBA6B54ADA4746E457B6C39B0E4F.e.8956"},{"block":"start","inline":"nearest"}]}
COMMAND: POST /session/21ce62c4ecbe6d238b640e15c86407e3/execute/async - {"script":"<script> [1562 bytes]","args":[{"selector":{"id":"application-manageresources-display-component---newResourceUnit--btnAddTimeSegment","interaction":{"idSuffix":"inner"}},"wdio_ui5_key":"applicationmanageresources-display-component---newResourceUnit--btnAddTimeSegment"}]}
COMMAND: GET /session/21ce62c4ecbe6d238b640e15c86407e3/screenshot - {}
RESULT: {"script":"<script> [1562 bytes]","args":[{"selector":{"id":"application-manageresources-display-component---newResourceUnit--btnAddTimeSegment","interaction":{"idSuffix":"inner"}},"wdio_ui5_key":"applicationmanageresources-display-component---newResourceUnit--btnAddTimeSegment"}]}
RESULT: undefined
COMMAND: POST /session/21ce62c4ecbe6d238b640e15c86407e3/element - {"using":"xpath","value":"//*[@id=\"application-manageresources-display-component---newResourceUnit--btnAddTimeSegment\"]"}
RESULT: {}
RESULT: {"using":"xpath","value":"//*[@id=\"application-manageresources-display-component---newResourceUnit--btnAddTimeSegment\"]"}
COMMAND: POST /session/21ce62c4ecbe6d238b640e15c86407e3/element/f.93D217436D6DD50F1CAF1D433A497FC6.d.519DDBA6B54ADA4746E457B6C39B0E4F.e.8956/click - {}
RESULT: {}
COMMAND: GET /session/21ce62c4ecbe6d238b640e15c86407e3/screenshot - {}
RESULT: {}
COMMAND: POST /session/21ce62c4ecbe6d238b640e15c86407e3/element - {"using":"xpath","value":"//input[@id=\"application-manageresources-display-component---newResourceUnit--idRuTSAdmin-application-manageresources-display-component---newResourceUnit--RUTimeSegment-0-inner\"]"}
RESULT: {"using":"xpath","value":"//input[@id=\"application-manageresources-display-component---newResourceUnit--idRuTSAdmin-application-manageresources-display-component---newResourceUnit--RUTimeSegment-0-inner\"]"}
COMMAND: POST /session/21ce62c4ecbe6d238b640e15c86407e3/element/f.93D217436D6DD50F1CAF1D433A497FC6.d.519DDBA6B54ADA4746E457B6C39B0E4F.e.8961/clear - {}
RESULT: {}
COMMAND: POST /session/21ce62c4ecbe6d238b640e15c86407e3/element/f.93D217436D6DD50F1CAF1D433A497FC6.d.519DDBA6B54ADA4746E457B6C39B0E4F.e.8961/value - {"text":"528"}
COMMAND: GET /session/21ce62c4ecbe6d238b640e15c86407e3/screenshot - {}
RESULT: {"text":"528"}
COMMAND: GET /session/21ce62c4ecbe6d238b640e15c86407e3/screenshot - {}
RESULT: {}
RESULT: {}
COMMAND: POST /session/21ce62c4ecbe6d238b640e15c86407e3/element - {"using":"xpath","value":"//li[.//span[text()='528']]"}
RESULT: {"using":"xpath","value":"//li[.//span[text()='528']]"}
COMMAND: POST /session/21ce62c4ecbe6d238b640e15c86407e3/element/f.93D217436D6DD50F1CAF1D433A497FC6.d.519DDBA6B54ADA4746E457B6C39B0E4F.e.8970/click - {}
RESULT: {}
COMMAND: GET /session/21ce62c4ecbe6d238b640e15c86407e3/screenshot - {}
RESULT: {}
COMMAND: POST /session/21ce62c4ecbe6d238b640e15c86407e3/element - {"using":"xpath","value":"(//span[contains(@id, \"-application-manageresources-display-component---newResourceUnit--RUTimeSegment-0-arrow\")])[2]"}
RESULT: {"using":"xpath","value":"(//span[contains(@id, \"-application-manageresources-display-component---newResourceUnit--RUTimeSegment-0-arrow\")])[2]"}
COMMAND: POST /session/21ce62c4ecbe6d238b640e15c86407e3/element/f.93D217436D6DD50F1CAF1D433A497FC6.d.519DDBA6B54ADA4746E457B6C39B0E4F.e.8971/click - {}
RESULT: {}
COMMAND: POST /session/21ce62c4ecbe6d238b640e15c86407e3/element - {"using":"xpath","value":"//span[contains(text(), \"PM Order\")]"}
COMMAND: GET /session/21ce62c4ecbe6d238b640e15c86407e3/screenshot - {}
RESULT: {"using":"xpath","value":"//span[contains(text(), \"PM Order\")]"}
COMMAND: POST /session/21ce62c4ecbe6d238b640e15c86407e3/element/f.93D217436D6DD50F1CAF1D433A497FC6.d.519DDBA6B54ADA4746E457B6C39B0E4F.e.8972/click - {}
RESULT: {}
RESULT: {}
COMMAND: GET /session/21ce62c4ecbe6d238b640e15c86407e3/screenshot - {}
RESULT: {}
COMMAND: POST /session/21ce62c4ecbe6d238b640e15c86407e3/element - {"using":"xpath","value":"//td/div/div/div/span[contains(@id, \"newResourceUnit--RUTimeSegment-0-vhi\")][1]"}
RESULT: {"using":"xpath","value":"//td/div/div/div/span[contains(@id, \"newResourceUnit--RUTimeSegment-0-vhi\")][1]"}
COMMAND: GET /session/21ce62c4ecbe6d238b640e15c86407e3/element/f.93D217436D6DD50F1CAF1D433A497FC6.d.519DDBA6B54ADA4746E457B6C39B0E4F.e.8976/rect - {}
RESULT: {}
COMMAND: GET /session/21ce62c4ecbe6d238b640e15c86407e3/window/rect - {}
RESULT: {}
COMMAND: POST /session/21ce62c4ecbe6d238b640e15c86407e3/execute/sync - {"script":"<script> [92 bytes]","args":[]}
RESULT: {"script":"<script> [92 bytes]","args":[]}
COMMAND: POST /session/21ce62c4ecbe6d238b640e15c86407e3/actions - {"actions":[{"id":"action31","type":"wheel","parameters":{},"actions":[{"type":"scroll","x":-1888,"y":-24,"deltaX":0,"deltaY":0,"duration":0,"origin":{"element-6066-11e4-a52e-4f735466cecf":"f.93D217436D6DD50F1CAF1D433A497FC6.d.519DDBA6B54ADA4746E457B6C39B0E4F.e.8976"}}]}]}
COMMAND: GET /session/21ce62c4ecbe6d238b640e15c86407e3/screenshot - {}
RESULT: {}
COMMAND: POST /session/21ce62c4ecbe6d238b640e15c86407e3/execute/sync - {"script":"<script> [79 bytes]","args":[{"element-6066-11e4-a52e-4f735466cecf":"f.93D217436D6DD50F1CAF1D433A497FC6.d.519DDBA6B54ADA4746E457B6C39B0E4F.e.8976","ELEMENT":"f.93D217436D6DD50F1CAF1D433A497FC6.d.519DDBA6B54ADA4746E457B6C39B0E4F.e.8976"},{"block":"start","inline":"nearest"}]}
RESULT: {"script":"<script> [79 bytes]","args":[{"element-6066-11e4-a52e-4f735466cecf":"f.93D217436D6DD50F1CAF1D433A497FC6.d.519DDBA6B54ADA4746E457B6C39B0E4F.e.8976","ELEMENT":"f.93D217436D6DD50F1CAF1D433A497FC6.d.519DDBA6B54ADA4746E457B6C39B0E4F.e.8976"},{"block":"start","inline":"nearest"}]}
COMMAND: GET /session/21ce62c4ecbe6d238b640e15c86407e3/screenshot - {}
RESULT: {}
COMMAND: POST /session/21ce62c4ecbe6d238b640e15c86407e3/element/f.93D217436D6DD50F1CAF1D433A497FC6.d.519DDBA6B54ADA4746E457B6C39B0E4F.e.8976/click - {}
RESULT: {}
COMMAND: GET /session/21ce62c4ecbe6d238b640e15c86407e3/screenshot - {}
RESULT: {}
RESULT: undefined
COMMAND: POST /session/21ce62c4ecbe6d238b640e15c86407e3/execute/async - {"script":"<script> [776 bytes]","args":[{"enterText":"4000360","selector":{"controlType":"sap.m.SearchField","properties":{"placeholder":"Search"},"searchOpenDialogs":true,"interaction":{"idSuffix":"I"}},"clearTextFirst":true,"interactionType":"ENTER_TEXT"}]}
RESULT: {"script":"<script> [776 bytes]","args":[{"enterText":"4000360","selector":{"controlType":"sap.m.SearchField","properties":{"placeholder":"Search"},"searchOpenDialogs":true,"interaction":{"idSuffix":"I"}},"clearTextFirst":true,"interactionType":"ENTER_TEXT"}]}
COMMAND: POST /session/21ce62c4ecbe6d238b640e15c86407e3/actions - {"actions":[{"id":"action32","type":"key","parameters":{},"actions":[{"type":"keyDown","value":""},{"type":"pause","duration":10},{"type":"keyUp","value":""}]}]}
RESULT: {"actions":[{"id":"action32","type":"key","parameters":{},"actions":[{"type":"keyDown","value":""},{"type":"pause","duration":10},{"type":"keyUp","value":""}]}]}
COMMAND: GET /session/21ce62c4ecbe6d238b640e15c86407e3/screenshot - {}
RESULT: {}
COMMAND: POST /session/21ce62c4ecbe6d238b640e15c86407e3/element - {"using":"xpath","value":"//td/div/span[contains(text(), \"BGL Vehicles\")]"}
RESULT: {"using":"xpath","value":"//td/div/span[contains(text(), \"BGL Vehicles\")]"}
COMMAND: POST /session/21ce62c4ecbe6d238b640e15c86407e3/element/f.93D217436D6DD50F1CAF1D433A497FC6.d.519DDBA6B54ADA4746E457B6C39B0E4F.e.8996/click - {}
RESULT: {}
COMMAND: GET /session/21ce62c4ecbe6d238b640e15c86407e3/screenshot - {}
RESULT: {}
COMMAND: POST /session/21ce62c4ecbe6d238b640e15c86407e3/element - {"using":"xpath","value":"//bdi[contains(text(), \"OK\")]"}
RESULT: {"using":"xpath","value":"//bdi[contains(text(), \"OK\")]"}
COMMAND: POST /session/21ce62c4ecbe6d238b640e15c86407e3/element/f.93D217436D6DD50F1CAF1D433A497FC6.d.519DDBA6B54ADA4746E457B6C39B0E4F.e.8997/click - {}
RESULT: {}
COMMAND: GET /session/21ce62c4ecbe6d238b640e15c86407e3/screenshot - {}
RESULT: {}
COMMAND: POST /session/21ce62c4ecbe6d238b640e15c86407e3/element - {"using":"xpath","value":"//label[contains(@class, 'sapMLabelRequired') and .//bdi[contains(text(), 'Planned Retirement')]]"}
RESULT: {"using":"xpath","value":"//label[contains(@class, 'sapMLabelRequired') and .//bdi[contains(text(), 'Planned Retirement')]]"}
COMMAND: POST /session/21ce62c4ecbe6d238b640e15c86407e3/elements - {"using":"xpath","value":"//label[contains(@class, 'sapMLabelRequired') and .//bdi[contains(text(), 'Planned Retirement')]]"}
RESULT: {"using":"xpath","value":"//label[contains(@class, 'sapMLabelRequired') and .//bdi[contains(text(), 'Planned Retirement')]]"}
COMMAND: POST /session/21ce62c4ecbe6d238b640e15c86407e3/element - {"using":"xpath","value":"//button[@data-kt=\"resourceUnitSaveButton\"]"}
RESULT: {"using":"xpath","value":"//button[@data-kt=\"resourceUnitSaveButton\"]"}
COMMAND: POST /session/21ce62c4ecbe6d238b640e15c86407e3/element/f.93D217436D6DD50F1CAF1D433A497FC6.d.519DDBA6B54ADA4746E457B6C39B0E4F.e.8835/click - {}
RESULT: {}
COMMAND: GET /session/21ce62c4ecbe6d238b640e15c86407e3/screenshot - {}
RESULT: {}
COMMAND: POST /session/21ce62c4ecbe6d238b640e15c86407e3/element - {"using":"xpath","value":"//bdi[contains(text(), \"Close\")]"}
RESULT: {"using":"xpath","value":"//bdi[contains(text(), \"Close\")]"}
COMMAND: POST /session/21ce62c4ecbe6d238b640e15c86407e3/element/f.93D217436D6DD50F1CAF1D433A497FC6.d.519DDBA6B54ADA4746E457B6C39B0E4F.e.9004/click - {}
RESULT: {}
COMMAND: GET /session/21ce62c4ecbe6d238b640e15c86407e3/screenshot - {}
RESULT: {}
COMMAND: POST /session/21ce62c4ecbe6d238b640e15c86407e3/element - {"using":"xpath","value":"//header[contains(@id, 'detailRruPage-headerTitle')]/div[1]/div[2]/div[2]/span[1]"}
RESULT: {"using":"xpath","value":"//header[contains(@id, 'detailRruPage-headerTitle')]/div[1]/div[2]/div[2]/span[1]"}
COMMAND: POST /session/21ce62c4ecbe6d238b640e15c86407e3/elements - {"using":"xpath","value":"//header[contains(@id, 'detailRruPage-headerTitle')]/div[1]/div[2]/div[2]/span[1]"}
RESULT: {"using":"xpath","value":"//header[contains(@id, 'detailRruPage-headerTitle')]/div[1]/div[2]/div[2]/span[1]"}
COMMAND: POST /session/21ce62c4ecbe6d238b640e15c86407e3/execute/sync - {"script":"<script> [56 bytes]","args":[{"element-6066-11e4-a52e-4f735466cecf":"f.93D217436D6DD50F1CAF1D433A497FC6.d.519DDBA6B54ADA4746E457B6C39B0E4F.e.9039","ELEMENT":"f.93D217436D6DD50F1CAF1D433A497FC6.d.519DDBA6B54ADA4746E457B6C39B0E4F.e.9039"}]}
RESULT: {"script":"<script> [56 bytes]","args":[{"element-6066-11e4-a52e-4f735466cecf":"f.93D217436D6DD50F1CAF1D433A497FC6.d.519DDBA6B54ADA4746E457B6C39B0E4F.e.9039","ELEMENT":"f.93D217436D6DD50F1CAF1D433A497FC6.d.519DDBA6B54ADA4746E457B6C39B0E4F.e.9039"}]}
COMMAND: POST /session/21ce62c4ecbe6d238b640e15c86407e3/element - {"using":"css selector","value":"#shell-header-logo"}
COMMAND: GET /session/21ce62c4ecbe6d238b640e15c86407e3/screenshot - {}
RESULT: {"using":"css selector","value":"#shell-header-logo"}
COMMAND: POST /session/21ce62c4ecbe6d238b640e15c86407e3/element/f.93D217436D6DD50F1CAF1D433A497FC6.d.519DDBA6B54ADA4746E457B6C39B0E4F.e.8425/click - {}
RESULT: {}
RESULT: {}
COMMAND: GET /session/21ce62c4ecbe6d238b640e15c86407e3/screenshot - {}
RESULT: {}
]]></system-out>
    </testcase>
  </testsuite>
  <testsuite timestamp="2025-05-31T16:56:50" time="290.981" tests="6" failures="4" errors="4" skipped="0">
    <properties>
      <property name="specId" value="0"/>
      <property name="suiteName" value="Provide to Site w/o warehouse management w clarification"/>
      <property name="capabilities" value="chrome.136_0_7103_93.windows"/>
      <property name="file" value="file:///D:/a/1/s/test/specs/HTR/provide-to-site-wo-warehouse-w-clarification.spec.js"/>
    </properties>
    <testcase classname="chrome.136_0_7103_93.windows.Provide_to_Site_w/o_warehouse_management_w_clarification" name="Should do a stock increase handover" time="96.015">
      <failure/>
      <error message="Can't call click on element with selector &quot;//li[.//span[contains(text(),'528 -')]]&quot; because element wasn't found"/>
      <system-out><![CDATA[
COMMAND: POST /session/21ce62c4ecbe6d238b640e15c86407e3/execute/async - {"script":"<script> [1562 bytes]","args":[{"selector":{"controlType":"sap.m.GenericTile","properties":{"header":"Manage Handovers"}},"wdio_ui5_key":"sapm.GenericTile{\"header\":\"Manage Handovers\"}"}]}
RESULT: {"script":"<script> [1562 bytes]","args":[{"selector":{"controlType":"sap.m.GenericTile","properties":{"header":"Manage Handovers"}},"wdio_ui5_key":"sapm.GenericTile{\"header\":\"Manage Handovers\"}"}]}
RESULT: undefined
COMMAND: POST /session/21ce62c4ecbe6d238b640e15c86407e3/element - {"using":"xpath","value":"//*[@id=\"__tile132\"]"}
RESULT: {"using":"xpath","value":"//*[@id=\"__tile132\"]"}
COMMAND: POST /session/21ce62c4ecbe6d238b640e15c86407e3/element/f.93D217436D6DD50F1CAF1D433A497FC6.d.519DDBA6B54ADA4746E457B6C39B0E4F.e.6214/click - {}
RESULT: {}
COMMAND: GET /session/21ce62c4ecbe6d238b640e15c86407e3/screenshot - {}
COMMAND: POST /session/21ce62c4ecbe6d238b640e15c86407e3/elements - {"using":"xpath","value":"//span[text()='Error']"}
RESULT: {}
RESULT: {"using":"xpath","value":"//span[text()='Error']"}
COMMAND: POST /session/21ce62c4ecbe6d238b640e15c86407e3/element - {"using":"xpath","value":"//button[@data-kt=\"masterHOAddButton\"]"}
RESULT: {"using":"xpath","value":"//button[@data-kt=\"masterHOAddButton\"]"}
COMMAND: POST /session/21ce62c4ecbe6d238b640e15c86407e3/elements - {"using":"xpath","value":"//button[@data-kt=\"masterHOAddButton\"]"}
RESULT: {"using":"xpath","value":"//button[@data-kt=\"masterHOAddButton\"]"}
COMMAND: POST /session/21ce62c4ecbe6d238b640e15c86407e3/execute/sync - {"script":"<script> [8489 bytes]","args":[{"element-6066-11e4-a52e-4f735466cecf":"f.93D217436D6DD50F1CAF1D433A497FC6.d.519DDBA6B54ADA4746E457B6C39B0E4F.e.9077","ELEMENT":"f.93D217436D6DD50F1CAF1D433A497FC6.d.519DDBA6B54ADA4746E457B6C39B0E4F.e.9077"}]}
RESULT: {"script":"<script> [8489 bytes]","args":[{"element-6066-11e4-a52e-4f735466cecf":"f.93D217436D6DD50F1CAF1D433A497FC6.d.519DDBA6B54ADA4746E457B6C39B0E4F.e.9077","ELEMENT":"f.93D217436D6DD50F1CAF1D433A497FC6.d.519DDBA6B54ADA4746E457B6C39B0E4F.e.9077"}]}
COMMAND: GET /session/21ce62c4ecbe6d238b640e15c86407e3/element/f.93D217436D6DD50F1CAF1D433A497FC6.d.519DDBA6B54ADA4746E457B6C39B0E4F.e.9077/enabled - {}
COMMAND: GET /session/21ce62c4ecbe6d238b640e15c86407e3/screenshot - {}
RESULT: {}
COMMAND: POST /session/21ce62c4ecbe6d238b640e15c86407e3/execute/sync - {"script":"<script> [8489 bytes]","args":[{"element-6066-11e4-a52e-4f735466cecf":"f.93D217436D6DD50F1CAF1D433A497FC6.d.519DDBA6B54ADA4746E457B6C39B0E4F.e.9077","ELEMENT":"f.93D217436D6DD50F1CAF1D433A497FC6.d.519DDBA6B54ADA4746E457B6C39B0E4F.e.9077"}]}
COMMAND: GET /session/21ce62c4ecbe6d238b640e15c86407e3/screenshot - {}
RESULT: {}
RESULT: {"script":"<script> [8489 bytes]","args":[{"element-6066-11e4-a52e-4f735466cecf":"f.93D217436D6DD50F1CAF1D433A497FC6.d.519DDBA6B54ADA4746E457B6C39B0E4F.e.9077","ELEMENT":"f.93D217436D6DD50F1CAF1D433A497FC6.d.519DDBA6B54ADA4746E457B6C39B0E4F.e.9077"}]}
COMMAND: POST /session/21ce62c4ecbe6d238b640e15c86407e3/execute/sync - {"script":"<script> [5351 bytes]","args":[{"element-6066-11e4-a52e-4f735466cecf":"f.93D217436D6DD50F1CAF1D433A497FC6.d.519DDBA6B54ADA4746E457B6C39B0E4F.e.9077","ELEMENT":"f.93D217436D6DD50F1CAF1D433A497FC6.d.519DDBA6B54ADA4746E457B6C39B0E4F.e.9077"}]}
COMMAND: GET /session/21ce62c4ecbe6d238b640e15c86407e3/screenshot - {}
RESULT: {}
RESULT: {"script":"<script> [5351 bytes]","args":[{"element-6066-11e4-a52e-4f735466cecf":"f.93D217436D6DD50F1CAF1D433A497FC6.d.519DDBA6B54ADA4746E457B6C39B0E4F.e.9077","ELEMENT":"f.93D217436D6DD50F1CAF1D433A497FC6.d.519DDBA6B54ADA4746E457B6C39B0E4F.e.9077"}]}
COMMAND: POST /session/21ce62c4ecbe6d238b640e15c86407e3/element/f.93D217436D6DD50F1CAF1D433A497FC6.d.519DDBA6B54ADA4746E457B6C39B0E4F.e.9077/click - {}
COMMAND: GET /session/21ce62c4ecbe6d238b640e15c86407e3/screenshot - {}
RESULT: {}
RESULT: {}
COMMAND: GET /session/21ce62c4ecbe6d238b640e15c86407e3/screenshot - {}
RESULT: {}
COMMAND: POST /session/21ce62c4ecbe6d238b640e15c86407e3/element - {"using":"xpath","value":"//span[contains(@id ,\"AddNewHO--typeSelect-arrow\")]"}
RESULT: {}
RESULT: {"using":"xpath","value":"//span[contains(@id ,\"AddNewHO--typeSelect-arrow\")]"}
COMMAND: POST /session/21ce62c4ecbe6d238b640e15c86407e3/element/f.93D217436D6DD50F1CAF1D433A497FC6.d.519DDBA6B54ADA4746E457B6C39B0E4F.e.9417/click - {}
RESULT: {}
COMMAND: GET /session/21ce62c4ecbe6d238b640e15c86407e3/screenshot - {}
RESULT: {}
COMMAND: POST /session/21ce62c4ecbe6d238b640e15c86407e3/element - {"using":"xpath","value":"(//li[contains(text(), \"stock increase yard\")])[1]"}
RESULT: {"using":"xpath","value":"(//li[contains(text(), \"stock increase yard\")])[1]"}
COMMAND: POST /session/21ce62c4ecbe6d238b640e15c86407e3/element/f.93D217436D6DD50F1CAF1D433A497FC6.d.519DDBA6B54ADA4746E457B6C39B0E4F.e.9418/click - {}
RESULT: {}
COMMAND: GET /session/21ce62c4ecbe6d238b640e15c86407e3/screenshot - {}
RESULT: {}
COMMAND: POST /session/21ce62c4ecbe6d238b640e15c86407e3/execute/async - {"script":"<script> [1562 bytes]","args":[{"selector":{"id":"application-managehandovers-display-component---AddNewHO--dueDate","interaction":{"idSuffix":"inner"}},"wdio_ui5_key":"applicationmanagehandovers-display-component---AddNewHO--dueDate"}]}
RESULT: {"script":"<script> [1562 bytes]","args":[{"selector":{"id":"application-managehandovers-display-component---AddNewHO--dueDate","interaction":{"idSuffix":"inner"}},"wdio_ui5_key":"applicationmanagehandovers-display-component---AddNewHO--dueDate"}]}
RESULT: undefined
COMMAND: POST /session/21ce62c4ecbe6d238b640e15c86407e3/execute/async - {"script":"<script> [6424 bytes]","args":[{"element-6066-11e4-a52e-4f735466cecf":"f.93D217436D6DD50F1CAF1D433A497FC6.d.519DDBA6B54ADA4746E457B6C39B0E4F.e.9420"},"setValue",["5/31/25"]]}
RESULT: {"script":"<script> [6424 bytes]","args":[{"element-6066-11e4-a52e-4f735466cecf":"f.93D217436D6DD50F1CAF1D433A497FC6.d.519DDBA6B54ADA4746E457B6C39B0E4F.e.9420"},"setValue",["5/31/25"]]}
COMMAND: POST /session/21ce62c4ecbe6d238b640e15c86407e3/element - {"using":"xpath","value":"//input[@id=\"generalSectionFrg--receiveYard-inner\"]"}
RESULT: {"using":"xpath","value":"//input[@id=\"generalSectionFrg--receiveYard-inner\"]"}
COMMAND: POST /session/21ce62c4ecbe6d238b640e15c86407e3/element/f.93D217436D6DD50F1CAF1D433A497FC6.d.519DDBA6B54ADA4746E457B6C39B0E4F.e.9426/clear - {}
RESULT: {}
COMMAND: POST /session/21ce62c4ecbe6d238b640e15c86407e3/element/f.93D217436D6DD50F1CAF1D433A497FC6.d.519DDBA6B54ADA4746E457B6C39B0E4F.e.9426/value - {"text":"528"}
COMMAND: GET /session/21ce62c4ecbe6d238b640e15c86407e3/screenshot - {}
RESULT: {"text":"528"}
COMMAND: GET /session/21ce62c4ecbe6d238b640e15c86407e3/screenshot - {}
RESULT: {}
RESULT: {}
COMMAND: POST /session/21ce62c4ecbe6d238b640e15c86407e3/element - {"using":"xpath","value":"//li[.//span[contains(text(),'528 -')]]"}
RESULT: {"using":"xpath","value":"//li[.//span[contains(text(),'528 -')]]"}
COMMAND: POST /session/21ce62c4ecbe6d238b640e15c86407e3/elements - {"using":"xpath","value":"//li[.//span[contains(text(),'528 -')]]"}
RESULT: {"using":"xpath","value":"//li[.//span[contains(text(),'528 -')]]"}
COMMAND: POST /session/21ce62c4ecbe6d238b640e15c86407e3/elements - {"using":"xpath","value":"//li[.//span[contains(text(),'528 -')]]"}
RESULT: {"using":"xpath","value":"//li[.//span[contains(text(),'528 -')]]"}
COMMAND: POST /session/21ce62c4ecbe6d238b640e15c86407e3/elements - {"using":"xpath","value":"//li[.//span[contains(text(),'528 -')]]"}
RESULT: {"using":"xpath","value":"//li[.//span[contains(text(),'528 -')]]"}
COMMAND: POST /session/21ce62c4ecbe6d238b640e15c86407e3/elements - {"using":"xpath","value":"//li[.//span[contains(text(),'528 -')]]"}
RESULT: {"using":"xpath","value":"//li[.//span[contains(text(),'528 -')]]"}
COMMAND: POST /session/21ce62c4ecbe6d238b640e15c86407e3/elements - {"using":"xpath","value":"//li[.//span[contains(text(),'528 -')]]"}
RESULT: {"using":"xpath","value":"//li[.//span[contains(text(),'528 -')]]"}
COMMAND: POST /session/21ce62c4ecbe6d238b640e15c86407e3/elements - {"using":"xpath","value":"//li[.//span[contains(text(),'528 -')]]"}
RESULT: {"using":"xpath","value":"//li[.//span[contains(text(),'528 -')]]"}
COMMAND: POST /session/21ce62c4ecbe6d238b640e15c86407e3/elements - {"using":"xpath","value":"//li[.//span[contains(text(),'528 -')]]"}
RESULT: {"using":"xpath","value":"//li[.//span[contains(text(),'528 -')]]"}
COMMAND: POST /session/21ce62c4ecbe6d238b640e15c86407e3/elements - {"using":"xpath","value":"//li[.//span[contains(text(),'528 -')]]"}
RESULT: {"using":"xpath","value":"//li[.//span[contains(text(),'528 -')]]"}
COMMAND: POST /session/21ce62c4ecbe6d238b640e15c86407e3/elements - {"using":"xpath","value":"//li[.//span[contains(text(),'528 -')]]"}
RESULT: {"using":"xpath","value":"//li[.//span[contains(text(),'528 -')]]"}
COMMAND: POST /session/21ce62c4ecbe6d238b640e15c86407e3/elements - {"using":"xpath","value":"//li[.//span[contains(text(),'528 -')]]"}
RESULT: {"using":"xpath","value":"//li[.//span[contains(text(),'528 -')]]"}
COMMAND: POST /session/21ce62c4ecbe6d238b640e15c86407e3/elements - {"using":"xpath","value":"//li[.//span[contains(text(),'528 -')]]"}
RESULT: {"using":"xpath","value":"//li[.//span[contains(text(),'528 -')]]"}
COMMAND: POST /session/21ce62c4ecbe6d238b640e15c86407e3/elements - {"using":"xpath","value":"//li[.//span[contains(text(),'528 -')]]"}
RESULT: {"using":"xpath","value":"//li[.//span[contains(text(),'528 -')]]"}
COMMAND: POST /session/21ce62c4ecbe6d238b640e15c86407e3/elements - {"using":"xpath","value":"//li[.//span[contains(text(),'528 -')]]"}
RESULT: {"using":"xpath","value":"//li[.//span[contains(text(),'528 -')]]"}
COMMAND: POST /session/21ce62c4ecbe6d238b640e15c86407e3/elements - {"using":"xpath","value":"//li[.//span[contains(text(),'528 -')]]"}
RESULT: {"using":"xpath","value":"//li[.//span[contains(text(),'528 -')]]"}
COMMAND: POST /session/21ce62c4ecbe6d238b640e15c86407e3/elements - {"using":"xpath","value":"//li[.//span[contains(text(),'528 -')]]"}
RESULT: {"using":"xpath","value":"//li[.//span[contains(text(),'528 -')]]"}
COMMAND: POST /session/21ce62c4ecbe6d238b640e15c86407e3/elements - {"using":"xpath","value":"//li[.//span[contains(text(),'528 -')]]"}
RESULT: {"using":"xpath","value":"//li[.//span[contains(text(),'528 -')]]"}
COMMAND: POST /session/21ce62c4ecbe6d238b640e15c86407e3/elements - {"using":"xpath","value":"//li[.//span[contains(text(),'528 -')]]"}
RESULT: {"using":"xpath","value":"//li[.//span[contains(text(),'528 -')]]"}
COMMAND: POST /session/21ce62c4ecbe6d238b640e15c86407e3/elements - {"using":"xpath","value":"//li[.//span[contains(text(),'528 -')]]"}
RESULT: {"using":"xpath","value":"//li[.//span[contains(text(),'528 -')]]"}
COMMAND: POST /session/21ce62c4ecbe6d238b640e15c86407e3/elements - {"using":"xpath","value":"//li[.//span[contains(text(),'528 -')]]"}
RESULT: {"using":"xpath","value":"//li[.//span[contains(text(),'528 -')]]"}
COMMAND: POST /session/21ce62c4ecbe6d238b640e15c86407e3/elements - {"using":"xpath","value":"//li[.//span[contains(text(),'528 -')]]"}
RESULT: {"using":"xpath","value":"//li[.//span[contains(text(),'528 -')]]"}
COMMAND: POST /session/21ce62c4ecbe6d238b640e15c86407e3/elements - {"using":"xpath","value":"//li[.//span[contains(text(),'528 -')]]"}
RESULT: {"using":"xpath","value":"//li[.//span[contains(text(),'528 -')]]"}
COMMAND: POST /session/21ce62c4ecbe6d238b640e15c86407e3/elements - {"using":"xpath","value":"//li[.//span[contains(text(),'528 -')]]"}
RESULT: {"using":"xpath","value":"//li[.//span[contains(text(),'528 -')]]"}
COMMAND: POST /session/21ce62c4ecbe6d238b640e15c86407e3/elements - {"using":"xpath","value":"//li[.//span[contains(text(),'528 -')]]"}
RESULT: {"using":"xpath","value":"//li[.//span[contains(text(),'528 -')]]"}
COMMAND: POST /session/21ce62c4ecbe6d238b640e15c86407e3/elements - {"using":"xpath","value":"//li[.//span[contains(text(),'528 -')]]"}
RESULT: {"using":"xpath","value":"//li[.//span[contains(text(),'528 -')]]"}
COMMAND: POST /session/21ce62c4ecbe6d238b640e15c86407e3/elements - {"using":"xpath","value":"//li[.//span[contains(text(),'528 -')]]"}
RESULT: {"using":"xpath","value":"//li[.//span[contains(text(),'528 -')]]"}
COMMAND: POST /session/21ce62c4ecbe6d238b640e15c86407e3/elements - {"using":"xpath","value":"//li[.//span[contains(text(),'528 -')]]"}
RESULT: {"using":"xpath","value":"//li[.//span[contains(text(),'528 -')]]"}
COMMAND: POST /session/21ce62c4ecbe6d238b640e15c86407e3/elements - {"using":"xpath","value":"//li[.//span[contains(text(),'528 -')]]"}
RESULT: {"using":"xpath","value":"//li[.//span[contains(text(),'528 -')]]"}
COMMAND: POST /session/21ce62c4ecbe6d238b640e15c86407e3/elements - {"using":"xpath","value":"//li[.//span[contains(text(),'528 -')]]"}
RESULT: {"using":"xpath","value":"//li[.//span[contains(text(),'528 -')]]"}
COMMAND: POST /session/21ce62c4ecbe6d238b640e15c86407e3/elements - {"using":"xpath","value":"//li[.//span[contains(text(),'528 -')]]"}
RESULT: {"using":"xpath","value":"//li[.//span[contains(text(),'528 -')]]"}
COMMAND: POST /session/21ce62c4ecbe6d238b640e15c86407e3/elements - {"using":"xpath","value":"//li[.//span[contains(text(),'528 -')]]"}
RESULT: {"using":"xpath","value":"//li[.//span[contains(text(),'528 -')]]"}
COMMAND: POST /session/21ce62c4ecbe6d238b640e15c86407e3/elements - {"using":"xpath","value":"//li[.//span[contains(text(),'528 -')]]"}
RESULT: {"using":"xpath","value":"//li[.//span[contains(text(),'528 -')]]"}
COMMAND: POST /session/21ce62c4ecbe6d238b640e15c86407e3/elements - {"using":"xpath","value":"//li[.//span[contains(text(),'528 -')]]"}
RESULT: {"using":"xpath","value":"//li[.//span[contains(text(),'528 -')]]"}
COMMAND: POST /session/21ce62c4ecbe6d238b640e15c86407e3/elements - {"using":"xpath","value":"//li[.//span[contains(text(),'528 -')]]"}
RESULT: {"using":"xpath","value":"//li[.//span[contains(text(),'528 -')]]"}
COMMAND: POST /session/21ce62c4ecbe6d238b640e15c86407e3/elements - {"using":"xpath","value":"//li[.//span[contains(text(),'528 -')]]"}
RESULT: {"using":"xpath","value":"//li[.//span[contains(text(),'528 -')]]"}
COMMAND: POST /session/21ce62c4ecbe6d238b640e15c86407e3/elements - {"using":"xpath","value":"//li[.//span[contains(text(),'528 -')]]"}
RESULT: {"using":"xpath","value":"//li[.//span[contains(text(),'528 -')]]"}
COMMAND: POST /session/21ce62c4ecbe6d238b640e15c86407e3/elements - {"using":"xpath","value":"//li[.//span[contains(text(),'528 -')]]"}
RESULT: {"using":"xpath","value":"//li[.//span[contains(text(),'528 -')]]"}
COMMAND: POST /session/21ce62c4ecbe6d238b640e15c86407e3/elements - {"using":"xpath","value":"//li[.//span[contains(text(),'528 -')]]"}
RESULT: {"using":"xpath","value":"//li[.//span[contains(text(),'528 -')]]"}
COMMAND: POST /session/21ce62c4ecbe6d238b640e15c86407e3/elements - {"using":"xpath","value":"//li[.//span[contains(text(),'528 -')]]"}
RESULT: {"using":"xpath","value":"//li[.//span[contains(text(),'528 -')]]"}
COMMAND: POST /session/21ce62c4ecbe6d238b640e15c86407e3/elements - {"using":"xpath","value":"//li[.//span[contains(text(),'528 -')]]"}
RESULT: {"using":"xpath","value":"//li[.//span[contains(text(),'528 -')]]"}
COMMAND: POST /session/21ce62c4ecbe6d238b640e15c86407e3/elements - {"using":"xpath","value":"//li[.//span[contains(text(),'528 -')]]"}
RESULT: {"using":"xpath","value":"//li[.//span[contains(text(),'528 -')]]"}
COMMAND: POST /session/21ce62c4ecbe6d238b640e15c86407e3/elements - {"using":"xpath","value":"//li[.//span[contains(text(),'528 -')]]"}
RESULT: {"using":"xpath","value":"//li[.//span[contains(text(),'528 -')]]"}
COMMAND: POST /session/21ce62c4ecbe6d238b640e15c86407e3/elements - {"using":"xpath","value":"//li[.//span[contains(text(),'528 -')]]"}
RESULT: {"using":"xpath","value":"//li[.//span[contains(text(),'528 -')]]"}
COMMAND: POST /session/21ce62c4ecbe6d238b640e15c86407e3/elements - {"using":"xpath","value":"//li[.//span[contains(text(),'528 -')]]"}
RESULT: {"using":"xpath","value":"//li[.//span[contains(text(),'528 -')]]"}
COMMAND: POST /session/21ce62c4ecbe6d238b640e15c86407e3/elements - {"using":"xpath","value":"//li[.//span[contains(text(),'528 -')]]"}
RESULT: {"using":"xpath","value":"//li[.//span[contains(text(),'528 -')]]"}
COMMAND: POST /session/21ce62c4ecbe6d238b640e15c86407e3/elements - {"using":"xpath","value":"//li[.//span[contains(text(),'528 -')]]"}
RESULT: {"using":"xpath","value":"//li[.//span[contains(text(),'528 -')]]"}
COMMAND: POST /session/21ce62c4ecbe6d238b640e15c86407e3/elements - {"using":"xpath","value":"//li[.//span[contains(text(),'528 -')]]"}
RESULT: {"using":"xpath","value":"//li[.//span[contains(text(),'528 -')]]"}
COMMAND: POST /session/21ce62c4ecbe6d238b640e15c86407e3/elements - {"using":"xpath","value":"//li[.//span[contains(text(),'528 -')]]"}
RESULT: {"using":"xpath","value":"//li[.//span[contains(text(),'528 -')]]"}
COMMAND: POST /session/21ce62c4ecbe6d238b640e15c86407e3/elements - {"using":"xpath","value":"//li[.//span[contains(text(),'528 -')]]"}
RESULT: {"using":"xpath","value":"//li[.//span[contains(text(),'528 -')]]"}
COMMAND: POST /session/21ce62c4ecbe6d238b640e15c86407e3/elements - {"using":"xpath","value":"//li[.//span[contains(text(),'528 -')]]"}
RESULT: {"using":"xpath","value":"//li[.//span[contains(text(),'528 -')]]"}
COMMAND: POST /session/21ce62c4ecbe6d238b640e15c86407e3/elements - {"using":"xpath","value":"//li[.//span[contains(text(),'528 -')]]"}
RESULT: {"using":"xpath","value":"//li[.//span[contains(text(),'528 -')]]"}
COMMAND: POST /session/21ce62c4ecbe6d238b640e15c86407e3/elements - {"using":"xpath","value":"//li[.//span[contains(text(),'528 -')]]"}
RESULT: {"using":"xpath","value":"//li[.//span[contains(text(),'528 -')]]"}
COMMAND: POST /session/21ce62c4ecbe6d238b640e15c86407e3/elements - {"using":"xpath","value":"//li[.//span[contains(text(),'528 -')]]"}
RESULT: {"using":"xpath","value":"//li[.//span[contains(text(),'528 -')]]"}
COMMAND: POST /session/21ce62c4ecbe6d238b640e15c86407e3/elements - {"using":"xpath","value":"//li[.//span[contains(text(),'528 -')]]"}
RESULT: {"using":"xpath","value":"//li[.//span[contains(text(),'528 -')]]"}
COMMAND: POST /session/21ce62c4ecbe6d238b640e15c86407e3/elements - {"using":"xpath","value":"//li[.//span[contains(text(),'528 -')]]"}
RESULT: {"using":"xpath","value":"//li[.//span[contains(text(),'528 -')]]"}
COMMAND: POST /session/21ce62c4ecbe6d238b640e15c86407e3/elements - {"using":"xpath","value":"//li[.//span[contains(text(),'528 -')]]"}
RESULT: {"using":"xpath","value":"//li[.//span[contains(text(),'528 -')]]"}
COMMAND: POST /session/21ce62c4ecbe6d238b640e15c86407e3/elements - {"using":"xpath","value":"//li[.//span[contains(text(),'528 -')]]"}
RESULT: {"using":"xpath","value":"//li[.//span[contains(text(),'528 -')]]"}
COMMAND: POST /session/21ce62c4ecbe6d238b640e15c86407e3/elements - {"using":"xpath","value":"//li[.//span[contains(text(),'528 -')]]"}
RESULT: {"using":"xpath","value":"//li[.//span[contains(text(),'528 -')]]"}
COMMAND: POST /session/21ce62c4ecbe6d238b640e15c86407e3/elements - {"using":"xpath","value":"//li[.//span[contains(text(),'528 -')]]"}
RESULT: {"using":"xpath","value":"//li[.//span[contains(text(),'528 -')]]"}
COMMAND: POST /session/21ce62c4ecbe6d238b640e15c86407e3/elements - {"using":"xpath","value":"//li[.//span[contains(text(),'528 -')]]"}
RESULT: {"using":"xpath","value":"//li[.//span[contains(text(),'528 -')]]"}
COMMAND: POST /session/21ce62c4ecbe6d238b640e15c86407e3/elements - {"using":"xpath","value":"//li[.//span[contains(text(),'528 -')]]"}
RESULT: {"using":"xpath","value":"//li[.//span[contains(text(),'528 -')]]"}
COMMAND: POST /session/21ce62c4ecbe6d238b640e15c86407e3/elements - {"using":"xpath","value":"//li[.//span[contains(text(),'528 -')]]"}
RESULT: {"using":"xpath","value":"//li[.//span[contains(text(),'528 -')]]"}
COMMAND: POST /session/21ce62c4ecbe6d238b640e15c86407e3/elements - {"using":"xpath","value":"//li[.//span[contains(text(),'528 -')]]"}
RESULT: {"using":"xpath","value":"//li[.//span[contains(text(),'528 -')]]"}
COMMAND: POST /session/21ce62c4ecbe6d238b640e15c86407e3/elements - {"using":"xpath","value":"//li[.//span[contains(text(),'528 -')]]"}
RESULT: {"using":"xpath","value":"//li[.//span[contains(text(),'528 -')]]"}
COMMAND: POST /session/21ce62c4ecbe6d238b640e15c86407e3/elements - {"using":"xpath","value":"//li[.//span[contains(text(),'528 -')]]"}
RESULT: {"using":"xpath","value":"//li[.//span[contains(text(),'528 -')]]"}
COMMAND: POST /session/21ce62c4ecbe6d238b640e15c86407e3/elements - {"using":"xpath","value":"//li[.//span[contains(text(),'528 -')]]"}
RESULT: {"using":"xpath","value":"//li[.//span[contains(text(),'528 -')]]"}
COMMAND: POST /session/21ce62c4ecbe6d238b640e15c86407e3/elements - {"using":"xpath","value":"//li[.//span[contains(text(),'528 -')]]"}
RESULT: {"using":"xpath","value":"//li[.//span[contains(text(),'528 -')]]"}
COMMAND: POST /session/21ce62c4ecbe6d238b640e15c86407e3/elements - {"using":"xpath","value":"//li[.//span[contains(text(),'528 -')]]"}
RESULT: {"using":"xpath","value":"//li[.//span[contains(text(),'528 -')]]"}
COMMAND: POST /session/21ce62c4ecbe6d238b640e15c86407e3/elements - {"using":"xpath","value":"//li[.//span[contains(text(),'528 -')]]"}
RESULT: {"using":"xpath","value":"//li[.//span[contains(text(),'528 -')]]"}
COMMAND: POST /session/21ce62c4ecbe6d238b640e15c86407e3/elements - {"using":"xpath","value":"//li[.//span[contains(text(),'528 -')]]"}
RESULT: {"using":"xpath","value":"//li[.//span[contains(text(),'528 -')]]"}
COMMAND: POST /session/21ce62c4ecbe6d238b640e15c86407e3/elements - {"using":"xpath","value":"//li[.//span[contains(text(),'528 -')]]"}
RESULT: {"using":"xpath","value":"//li[.//span[contains(text(),'528 -')]]"}
COMMAND: POST /session/21ce62c4ecbe6d238b640e15c86407e3/elements - {"using":"xpath","value":"//li[.//span[contains(text(),'528 -')]]"}
RESULT: {"using":"xpath","value":"//li[.//span[contains(text(),'528 -')]]"}
COMMAND: POST /session/21ce62c4ecbe6d238b640e15c86407e3/elements - {"using":"xpath","value":"//li[.//span[contains(text(),'528 -')]]"}
RESULT: {"using":"xpath","value":"//li[.//span[contains(text(),'528 -')]]"}
COMMAND: POST /session/21ce62c4ecbe6d238b640e15c86407e3/elements - {"using":"xpath","value":"//li[.//span[contains(text(),'528 -')]]"}
RESULT: {"using":"xpath","value":"//li[.//span[contains(text(),'528 -')]]"}
COMMAND: POST /session/21ce62c4ecbe6d238b640e15c86407e3/elements - {"using":"xpath","value":"//li[.//span[contains(text(),'528 -')]]"}
RESULT: {"using":"xpath","value":"//li[.//span[contains(text(),'528 -')]]"}
COMMAND: POST /session/21ce62c4ecbe6d238b640e15c86407e3/elements - {"using":"xpath","value":"//li[.//span[contains(text(),'528 -')]]"}
RESULT: {"using":"xpath","value":"//li[.//span[contains(text(),'528 -')]]"}
COMMAND: POST /session/21ce62c4ecbe6d238b640e15c86407e3/elements - {"using":"xpath","value":"//li[.//span[contains(text(),'528 -')]]"}
RESULT: {"using":"xpath","value":"//li[.//span[contains(text(),'528 -')]]"}
COMMAND: POST /session/21ce62c4ecbe6d238b640e15c86407e3/elements - {"using":"xpath","value":"//li[.//span[contains(text(),'528 -')]]"}
RESULT: {"using":"xpath","value":"//li[.//span[contains(text(),'528 -')]]"}
COMMAND: POST /session/21ce62c4ecbe6d238b640e15c86407e3/elements - {"using":"xpath","value":"//li[.//span[contains(text(),'528 -')]]"}
RESULT: {"using":"xpath","value":"//li[.//span[contains(text(),'528 -')]]"}
COMMAND: POST /session/21ce62c4ecbe6d238b640e15c86407e3/elements - {"using":"xpath","value":"//li[.//span[contains(text(),'528 -')]]"}
RESULT: {"using":"xpath","value":"//li[.//span[contains(text(),'528 -')]]"}
COMMAND: POST /session/21ce62c4ecbe6d238b640e15c86407e3/elements - {"using":"xpath","value":"//li[.//span[contains(text(),'528 -')]]"}
RESULT: {"using":"xpath","value":"//li[.//span[contains(text(),'528 -')]]"}
COMMAND: POST /session/21ce62c4ecbe6d238b640e15c86407e3/elements - {"using":"xpath","value":"//li[.//span[contains(text(),'528 -')]]"}
RESULT: {"using":"xpath","value":"//li[.//span[contains(text(),'528 -')]]"}
COMMAND: POST /session/21ce62c4ecbe6d238b640e15c86407e3/elements - {"using":"xpath","value":"//li[.//span[contains(text(),'528 -')]]"}
RESULT: {"using":"xpath","value":"//li[.//span[contains(text(),'528 -')]]"}
COMMAND: POST /session/21ce62c4ecbe6d238b640e15c86407e3/elements - {"using":"xpath","value":"//li[.//span[contains(text(),'528 -')]]"}
RESULT: {"using":"xpath","value":"//li[.//span[contains(text(),'528 -')]]"}
COMMAND: POST /session/21ce62c4ecbe6d238b640e15c86407e3/elements - {"using":"xpath","value":"//li[.//span[contains(text(),'528 -')]]"}
RESULT: {"using":"xpath","value":"//li[.//span[contains(text(),'528 -')]]"}
COMMAND: POST /session/21ce62c4ecbe6d238b640e15c86407e3/elements - {"using":"xpath","value":"//li[.//span[contains(text(),'528 -')]]"}
RESULT: {"using":"xpath","value":"//li[.//span[contains(text(),'528 -')]]"}
COMMAND: POST /session/21ce62c4ecbe6d238b640e15c86407e3/elements - {"using":"xpath","value":"//li[.//span[contains(text(),'528 -')]]"}
RESULT: {"using":"xpath","value":"//li[.//span[contains(text(),'528 -')]]"}
COMMAND: POST /session/21ce62c4ecbe6d238b640e15c86407e3/elements - {"using":"xpath","value":"//li[.//span[contains(text(),'528 -')]]"}
RESULT: {"using":"xpath","value":"//li[.//span[contains(text(),'528 -')]]"}
COMMAND: POST /session/21ce62c4ecbe6d238b640e15c86407e3/elements - {"using":"xpath","value":"//li[.//span[contains(text(),'528 -')]]"}
RESULT: {"using":"xpath","value":"//li[.//span[contains(text(),'528 -')]]"}
COMMAND: POST /session/21ce62c4ecbe6d238b640e15c86407e3/elements - {"using":"xpath","value":"//li[.//span[contains(text(),'528 -')]]"}
RESULT: {"using":"xpath","value":"//li[.//span[contains(text(),'528 -')]]"}
COMMAND: POST /session/21ce62c4ecbe6d238b640e15c86407e3/elements - {"using":"xpath","value":"//li[.//span[contains(text(),'528 -')]]"}
RESULT: {"using":"xpath","value":"//li[.//span[contains(text(),'528 -')]]"}
COMMAND: POST /session/21ce62c4ecbe6d238b640e15c86407e3/elements - {"using":"xpath","value":"//li[.//span[contains(text(),'528 -')]]"}
RESULT: {"using":"xpath","value":"//li[.//span[contains(text(),'528 -')]]"}
COMMAND: POST /session/21ce62c4ecbe6d238b640e15c86407e3/elements - {"using":"xpath","value":"//li[.//span[contains(text(),'528 -')]]"}
RESULT: {"using":"xpath","value":"//li[.//span[contains(text(),'528 -')]]"}
COMMAND: POST /session/21ce62c4ecbe6d238b640e15c86407e3/elements - {"using":"xpath","value":"//li[.//span[contains(text(),'528 -')]]"}
RESULT: {"using":"xpath","value":"//li[.//span[contains(text(),'528 -')]]"}
COMMAND: POST /session/21ce62c4ecbe6d238b640e15c86407e3/elements - {"using":"xpath","value":"//li[.//span[contains(text(),'528 -')]]"}
RESULT: {"using":"xpath","value":"//li[.//span[contains(text(),'528 -')]]"}
COMMAND: POST /session/21ce62c4ecbe6d238b640e15c86407e3/elements - {"using":"xpath","value":"//li[.//span[contains(text(),'528 -')]]"}
RESULT: {"using":"xpath","value":"//li[.//span[contains(text(),'528 -')]]"}
COMMAND: POST /session/21ce62c4ecbe6d238b640e15c86407e3/elements - {"using":"xpath","value":"//li[.//span[contains(text(),'528 -')]]"}
RESULT: {"using":"xpath","value":"//li[.//span[contains(text(),'528 -')]]"}
COMMAND: POST /session/21ce62c4ecbe6d238b640e15c86407e3/elements - {"using":"xpath","value":"//li[.//span[contains(text(),'528 -')]]"}
RESULT: {"using":"xpath","value":"//li[.//span[contains(text(),'528 -')]]"}
COMMAND: POST /session/21ce62c4ecbe6d238b640e15c86407e3/elements - {"using":"xpath","value":"//li[.//span[contains(text(),'528 -')]]"}
RESULT: {"using":"xpath","value":"//li[.//span[contains(text(),'528 -')]]"}
COMMAND: POST /session/21ce62c4ecbe6d238b640e15c86407e3/elements - {"using":"xpath","value":"//li[.//span[contains(text(),'528 -')]]"}
RESULT: {"using":"xpath","value":"//li[.//span[contains(text(),'528 -')]]"}
COMMAND: POST /session/21ce62c4ecbe6d238b640e15c86407e3/elements - {"using":"xpath","value":"//li[.//span[contains(text(),'528 -')]]"}
RESULT: {"using":"xpath","value":"//li[.//span[contains(text(),'528 -')]]"}
COMMAND: POST /session/21ce62c4ecbe6d238b640e15c86407e3/elements - {"using":"xpath","value":"//li[.//span[contains(text(),'528 -')]]"}
RESULT: {"using":"xpath","value":"//li[.//span[contains(text(),'528 -')]]"}
COMMAND: POST /session/21ce62c4ecbe6d238b640e15c86407e3/elements - {"using":"xpath","value":"//li[.//span[contains(text(),'528 -')]]"}
RESULT: {"using":"xpath","value":"//li[.//span[contains(text(),'528 -')]]"}
COMMAND: POST /session/21ce62c4ecbe6d238b640e15c86407e3/elements - {"using":"xpath","value":"//li[.//span[contains(text(),'528 -')]]"}
RESULT: {"using":"xpath","value":"//li[.//span[contains(text(),'528 -')]]"}
COMMAND: POST /session/21ce62c4ecbe6d238b640e15c86407e3/elements - {"using":"xpath","value":"//li[.//span[contains(text(),'528 -')]]"}
RESULT: {"using":"xpath","value":"//li[.//span[contains(text(),'528 -')]]"}
COMMAND: POST /session/21ce62c4ecbe6d238b640e15c86407e3/elements - {"using":"xpath","value":"//li[.//span[contains(text(),'528 -')]]"}
RESULT: {"using":"xpath","value":"//li[.//span[contains(text(),'528 -')]]"}
COMMAND: POST /session/21ce62c4ecbe6d238b640e15c86407e3/elements - {"using":"xpath","value":"//li[.//span[contains(text(),'528 -')]]"}
RESULT: {"using":"xpath","value":"//li[.//span[contains(text(),'528 -')]]"}
COMMAND: POST /session/21ce62c4ecbe6d238b640e15c86407e3/elements - {"using":"xpath","value":"//li[.//span[contains(text(),'528 -')]]"}
RESULT: {"using":"xpath","value":"//li[.//span[contains(text(),'528 -')]]"}
COMMAND: POST /session/21ce62c4ecbe6d238b640e15c86407e3/elements - {"using":"xpath","value":"//li[.//span[contains(text(),'528 -')]]"}
RESULT: {"using":"xpath","value":"//li[.//span[contains(text(),'528 -')]]"}
COMMAND: POST /session/21ce62c4ecbe6d238b640e15c86407e3/elements - {"using":"xpath","value":"//li[.//span[contains(text(),'528 -')]]"}
RESULT: {"using":"xpath","value":"//li[.//span[contains(text(),'528 -')]]"}
COMMAND: POST /session/21ce62c4ecbe6d238b640e15c86407e3/elements - {"using":"xpath","value":"//li[.//span[contains(text(),'528 -')]]"}
RESULT: {"using":"xpath","value":"//li[.//span[contains(text(),'528 -')]]"}
COMMAND: POST /session/21ce62c4ecbe6d238b640e15c86407e3/elements - {"using":"xpath","value":"//li[.//span[contains(text(),'528 -')]]"}
RESULT: {"using":"xpath","value":"//li[.//span[contains(text(),'528 -')]]"}
COMMAND: POST /session/21ce62c4ecbe6d238b640e15c86407e3/elements - {"using":"xpath","value":"//li[.//span[contains(text(),'528 -')]]"}
RESULT: {"using":"xpath","value":"//li[.//span[contains(text(),'528 -')]]"}
COMMAND: POST /session/21ce62c4ecbe6d238b640e15c86407e3/elements - {"using":"xpath","value":"//li[.//span[contains(text(),'528 -')]]"}
RESULT: {"using":"xpath","value":"//li[.//span[contains(text(),'528 -')]]"}
COMMAND: POST /session/21ce62c4ecbe6d238b640e15c86407e3/elements - {"using":"xpath","value":"//li[.//span[contains(text(),'528 -')]]"}
RESULT: {"using":"xpath","value":"//li[.//span[contains(text(),'528 -')]]"}
COMMAND: POST /session/21ce62c4ecbe6d238b640e15c86407e3/elements - {"using":"xpath","value":"//li[.//span[contains(text(),'528 -')]]"}
RESULT: {"using":"xpath","value":"//li[.//span[contains(text(),'528 -')]]"}
COMMAND: POST /session/21ce62c4ecbe6d238b640e15c86407e3/elements - {"using":"xpath","value":"//li[.//span[contains(text(),'528 -')]]"}
RESULT: {"using":"xpath","value":"//li[.//span[contains(text(),'528 -')]]"}
COMMAND: POST /session/21ce62c4ecbe6d238b640e15c86407e3/elements - {"using":"xpath","value":"//li[.//span[contains(text(),'528 -')]]"}
RESULT: {"using":"xpath","value":"//li[.//span[contains(text(),'528 -')]]"}
COMMAND: POST /session/21ce62c4ecbe6d238b640e15c86407e3/elements - {"using":"xpath","value":"//li[.//span[contains(text(),'528 -')]]"}
RESULT: {"using":"xpath","value":"//li[.//span[contains(text(),'528 -')]]"}
COMMAND: POST /session/21ce62c4ecbe6d238b640e15c86407e3/elements - {"using":"xpath","value":"//li[.//span[contains(text(),'528 -')]]"}
RESULT: {"using":"xpath","value":"//li[.//span[contains(text(),'528 -')]]"}
COMMAND: POST /session/21ce62c4ecbe6d238b640e15c86407e3/elements - {"using":"xpath","value":"//li[.//span[contains(text(),'528 -')]]"}
RESULT: {"using":"xpath","value":"//li[.//span[contains(text(),'528 -')]]"}
COMMAND: POST /session/21ce62c4ecbe6d238b640e15c86407e3/elements - {"using":"xpath","value":"//li[.//span[contains(text(),'528 -')]]"}
COMMAND: GET /session/21ce62c4ecbe6d238b640e15c86407e3/screenshot - {}
RESULT: {"using":"xpath","value":"//li[.//span[contains(text(),'528 -')]]"}
RESULT: {}
]]></system-out>
      <system-err><![CDATA[
Error: Can't call click on element with selector "//li[.//span[contains(text(),'528 -')]]" because element wasn't found
    at async UtilsPrerequisites.stockIncrease (D:\a\1\s\test\specs\BTS\prerequisites-and-utils-functions.js:1638:9)
    at async Context.<anonymous> (D:\a\1\s\test\specs\HTR\provide-to-site-wo-warehouse-w-clarification.spec.js:55:9)
]]></system-err>
    </testcase>
    <testcase classname="chrome.136_0_7103_93.windows.Provide_to_Site_w/o_warehouse_management_w_clarification" name="Should create a new contract" time="60.431">
      <failure/>
      <error message="element (&quot;//button[@data-kt=&quot;addButton&quot;]&quot;) still not existing after 45000ms"/>
      <system-out><![CDATA[
COMMAND: POST /session/21ce62c4ecbe6d238b640e15c86407e3/execute/async - {"script":"<script> [1562 bytes]","args":[{"selector":{"controlType":"sap.m.GenericTile","properties":{"header":"Manage Contracts"}},"wdio_ui5_key":"sapm.GenericTile{\"header\":\"Manage Contracts\"}"}]}
COMMAND: GET /session/21ce62c4ecbe6d238b640e15c86407e3/screenshot - {}
RESULT: {"script":"<script> [1562 bytes]","args":[{"selector":{"controlType":"sap.m.GenericTile","properties":{"header":"Manage Contracts"}},"wdio_ui5_key":"sapm.GenericTile{\"header\":\"Manage Contracts\"}"}]}
RESULT: undefined
RESULT: {}
COMMAND: POST /session/21ce62c4ecbe6d238b640e15c86407e3/elements - {"using":"xpath","value":"//span[text()='Error']"}
RESULT: {"using":"xpath","value":"//span[text()='Error']"}
COMMAND: POST /session/21ce62c4ecbe6d238b640e15c86407e3/element - {"using":"xpath","value":"//button[@data-kt=\"addButton\"]"}
RESULT: {"using":"xpath","value":"//button[@data-kt=\"addButton\"]"}
COMMAND: POST /session/21ce62c4ecbe6d238b640e15c86407e3/elements - {"using":"xpath","value":"//button[@data-kt=\"addButton\"]"}
RESULT: {"using":"xpath","value":"//button[@data-kt=\"addButton\"]"}
COMMAND: POST /session/21ce62c4ecbe6d238b640e15c86407e3/elements - {"using":"xpath","value":"//button[@data-kt=\"addButton\"]"}
RESULT: {"using":"xpath","value":"//button[@data-kt=\"addButton\"]"}
COMMAND: POST /session/21ce62c4ecbe6d238b640e15c86407e3/elements - {"using":"xpath","value":"//button[@data-kt=\"addButton\"]"}
RESULT: {"using":"xpath","value":"//button[@data-kt=\"addButton\"]"}
COMMAND: POST /session/21ce62c4ecbe6d238b640e15c86407e3/elements - {"using":"xpath","value":"//button[@data-kt=\"addButton\"]"}
RESULT: {"using":"xpath","value":"//button[@data-kt=\"addButton\"]"}
COMMAND: POST /session/21ce62c4ecbe6d238b640e15c86407e3/elements - {"using":"xpath","value":"//button[@data-kt=\"addButton\"]"}
RESULT: {"using":"xpath","value":"//button[@data-kt=\"addButton\"]"}
COMMAND: POST /session/21ce62c4ecbe6d238b640e15c86407e3/elements - {"using":"xpath","value":"//button[@data-kt=\"addButton\"]"}
RESULT: {"using":"xpath","value":"//button[@data-kt=\"addButton\"]"}
COMMAND: POST /session/21ce62c4ecbe6d238b640e15c86407e3/elements - {"using":"xpath","value":"//button[@data-kt=\"addButton\"]"}
RESULT: {"using":"xpath","value":"//button[@data-kt=\"addButton\"]"}
COMMAND: POST /session/21ce62c4ecbe6d238b640e15c86407e3/elements - {"using":"xpath","value":"//button[@data-kt=\"addButton\"]"}
RESULT: {"using":"xpath","value":"//button[@data-kt=\"addButton\"]"}
COMMAND: POST /session/21ce62c4ecbe6d238b640e15c86407e3/elements - {"using":"xpath","value":"//button[@data-kt=\"addButton\"]"}
RESULT: {"using":"xpath","value":"//button[@data-kt=\"addButton\"]"}
COMMAND: POST /session/21ce62c4ecbe6d238b640e15c86407e3/elements - {"using":"xpath","value":"//button[@data-kt=\"addButton\"]"}
RESULT: {"using":"xpath","value":"//button[@data-kt=\"addButton\"]"}
COMMAND: POST /session/21ce62c4ecbe6d238b640e15c86407e3/elements - {"using":"xpath","value":"//button[@data-kt=\"addButton\"]"}
RESULT: {"using":"xpath","value":"//button[@data-kt=\"addButton\"]"}
COMMAND: POST /session/21ce62c4ecbe6d238b640e15c86407e3/elements - {"using":"xpath","value":"//button[@data-kt=\"addButton\"]"}
RESULT: {"using":"xpath","value":"//button[@data-kt=\"addButton\"]"}
COMMAND: POST /session/21ce62c4ecbe6d238b640e15c86407e3/elements - {"using":"xpath","value":"//button[@data-kt=\"addButton\"]"}
RESULT: {"using":"xpath","value":"//button[@data-kt=\"addButton\"]"}
COMMAND: POST /session/21ce62c4ecbe6d238b640e15c86407e3/elements - {"using":"xpath","value":"//button[@data-kt=\"addButton\"]"}
RESULT: {"using":"xpath","value":"//button[@data-kt=\"addButton\"]"}
COMMAND: POST /session/21ce62c4ecbe6d238b640e15c86407e3/elements - {"using":"xpath","value":"//button[@data-kt=\"addButton\"]"}
RESULT: {"using":"xpath","value":"//button[@data-kt=\"addButton\"]"}
COMMAND: POST /session/21ce62c4ecbe6d238b640e15c86407e3/elements - {"using":"xpath","value":"//button[@data-kt=\"addButton\"]"}
RESULT: {"using":"xpath","value":"//button[@data-kt=\"addButton\"]"}
COMMAND: POST /session/21ce62c4ecbe6d238b640e15c86407e3/elements - {"using":"xpath","value":"//button[@data-kt=\"addButton\"]"}
RESULT: {"using":"xpath","value":"//button[@data-kt=\"addButton\"]"}
COMMAND: POST /session/21ce62c4ecbe6d238b640e15c86407e3/elements - {"using":"xpath","value":"//button[@data-kt=\"addButton\"]"}
RESULT: {"using":"xpath","value":"//button[@data-kt=\"addButton\"]"}
COMMAND: POST /session/21ce62c4ecbe6d238b640e15c86407e3/elements - {"using":"xpath","value":"//button[@data-kt=\"addButton\"]"}
RESULT: {"using":"xpath","value":"//button[@data-kt=\"addButton\"]"}
COMMAND: POST /session/21ce62c4ecbe6d238b640e15c86407e3/elements - {"using":"xpath","value":"//button[@data-kt=\"addButton\"]"}
RESULT: {"using":"xpath","value":"//button[@data-kt=\"addButton\"]"}
COMMAND: POST /session/21ce62c4ecbe6d238b640e15c86407e3/elements - {"using":"xpath","value":"//button[@data-kt=\"addButton\"]"}
RESULT: {"using":"xpath","value":"//button[@data-kt=\"addButton\"]"}
COMMAND: POST /session/21ce62c4ecbe6d238b640e15c86407e3/elements - {"using":"xpath","value":"//button[@data-kt=\"addButton\"]"}
RESULT: {"using":"xpath","value":"//button[@data-kt=\"addButton\"]"}
COMMAND: POST /session/21ce62c4ecbe6d238b640e15c86407e3/elements - {"using":"xpath","value":"//button[@data-kt=\"addButton\"]"}
RESULT: {"using":"xpath","value":"//button[@data-kt=\"addButton\"]"}
COMMAND: POST /session/21ce62c4ecbe6d238b640e15c86407e3/elements - {"using":"xpath","value":"//button[@data-kt=\"addButton\"]"}
RESULT: {"using":"xpath","value":"//button[@data-kt=\"addButton\"]"}
COMMAND: POST /session/21ce62c4ecbe6d238b640e15c86407e3/elements - {"using":"xpath","value":"//button[@data-kt=\"addButton\"]"}
RESULT: {"using":"xpath","value":"//button[@data-kt=\"addButton\"]"}
COMMAND: POST /session/21ce62c4ecbe6d238b640e15c86407e3/elements - {"using":"xpath","value":"//button[@data-kt=\"addButton\"]"}
RESULT: {"using":"xpath","value":"//button[@data-kt=\"addButton\"]"}
COMMAND: POST /session/21ce62c4ecbe6d238b640e15c86407e3/elements - {"using":"xpath","value":"//button[@data-kt=\"addButton\"]"}
RESULT: {"using":"xpath","value":"//button[@data-kt=\"addButton\"]"}
COMMAND: POST /session/21ce62c4ecbe6d238b640e15c86407e3/elements - {"using":"xpath","value":"//button[@data-kt=\"addButton\"]"}
RESULT: {"using":"xpath","value":"//button[@data-kt=\"addButton\"]"}
COMMAND: POST /session/21ce62c4ecbe6d238b640e15c86407e3/elements - {"using":"xpath","value":"//button[@data-kt=\"addButton\"]"}
RESULT: {"using":"xpath","value":"//button[@data-kt=\"addButton\"]"}
COMMAND: POST /session/21ce62c4ecbe6d238b640e15c86407e3/elements - {"using":"xpath","value":"//button[@data-kt=\"addButton\"]"}
RESULT: {"using":"xpath","value":"//button[@data-kt=\"addButton\"]"}
COMMAND: POST /session/21ce62c4ecbe6d238b640e15c86407e3/elements - {"using":"xpath","value":"//button[@data-kt=\"addButton\"]"}
RESULT: {"using":"xpath","value":"//button[@data-kt=\"addButton\"]"}
COMMAND: POST /session/21ce62c4ecbe6d238b640e15c86407e3/elements - {"using":"xpath","value":"//button[@data-kt=\"addButton\"]"}
RESULT: {"using":"xpath","value":"//button[@data-kt=\"addButton\"]"}
COMMAND: POST /session/21ce62c4ecbe6d238b640e15c86407e3/elements - {"using":"xpath","value":"//button[@data-kt=\"addButton\"]"}
RESULT: {"using":"xpath","value":"//button[@data-kt=\"addButton\"]"}
COMMAND: POST /session/21ce62c4ecbe6d238b640e15c86407e3/elements - {"using":"xpath","value":"//button[@data-kt=\"addButton\"]"}
RESULT: {"using":"xpath","value":"//button[@data-kt=\"addButton\"]"}
COMMAND: POST /session/21ce62c4ecbe6d238b640e15c86407e3/elements - {"using":"xpath","value":"//button[@data-kt=\"addButton\"]"}
RESULT: {"using":"xpath","value":"//button[@data-kt=\"addButton\"]"}
COMMAND: POST /session/21ce62c4ecbe6d238b640e15c86407e3/elements - {"using":"xpath","value":"//button[@data-kt=\"addButton\"]"}
RESULT: {"using":"xpath","value":"//button[@data-kt=\"addButton\"]"}
COMMAND: POST /session/21ce62c4ecbe6d238b640e15c86407e3/elements - {"using":"xpath","value":"//button[@data-kt=\"addButton\"]"}
RESULT: {"using":"xpath","value":"//button[@data-kt=\"addButton\"]"}
COMMAND: POST /session/21ce62c4ecbe6d238b640e15c86407e3/elements - {"using":"xpath","value":"//button[@data-kt=\"addButton\"]"}
RESULT: {"using":"xpath","value":"//button[@data-kt=\"addButton\"]"}
COMMAND: POST /session/21ce62c4ecbe6d238b640e15c86407e3/elements - {"using":"xpath","value":"//button[@data-kt=\"addButton\"]"}
RESULT: {"using":"xpath","value":"//button[@data-kt=\"addButton\"]"}
COMMAND: POST /session/21ce62c4ecbe6d238b640e15c86407e3/elements - {"using":"xpath","value":"//button[@data-kt=\"addButton\"]"}
RESULT: {"using":"xpath","value":"//button[@data-kt=\"addButton\"]"}
COMMAND: POST /session/21ce62c4ecbe6d238b640e15c86407e3/elements - {"using":"xpath","value":"//button[@data-kt=\"addButton\"]"}
RESULT: {"using":"xpath","value":"//button[@data-kt=\"addButton\"]"}
COMMAND: POST /session/21ce62c4ecbe6d238b640e15c86407e3/elements - {"using":"xpath","value":"//button[@data-kt=\"addButton\"]"}
RESULT: {"using":"xpath","value":"//button[@data-kt=\"addButton\"]"}
COMMAND: POST /session/21ce62c4ecbe6d238b640e15c86407e3/elements - {"using":"xpath","value":"//button[@data-kt=\"addButton\"]"}
RESULT: {"using":"xpath","value":"//button[@data-kt=\"addButton\"]"}
COMMAND: POST /session/21ce62c4ecbe6d238b640e15c86407e3/elements - {"using":"xpath","value":"//button[@data-kt=\"addButton\"]"}
RESULT: {"using":"xpath","value":"//button[@data-kt=\"addButton\"]"}
COMMAND: POST /session/21ce62c4ecbe6d238b640e15c86407e3/elements - {"using":"xpath","value":"//button[@data-kt=\"addButton\"]"}
RESULT: {"using":"xpath","value":"//button[@data-kt=\"addButton\"]"}
COMMAND: POST /session/21ce62c4ecbe6d238b640e15c86407e3/elements - {"using":"xpath","value":"//button[@data-kt=\"addButton\"]"}
RESULT: {"using":"xpath","value":"//button[@data-kt=\"addButton\"]"}
COMMAND: POST /session/21ce62c4ecbe6d238b640e15c86407e3/elements - {"using":"xpath","value":"//button[@data-kt=\"addButton\"]"}
RESULT: {"using":"xpath","value":"//button[@data-kt=\"addButton\"]"}
COMMAND: POST /session/21ce62c4ecbe6d238b640e15c86407e3/elements - {"using":"xpath","value":"//button[@data-kt=\"addButton\"]"}
RESULT: {"using":"xpath","value":"//button[@data-kt=\"addButton\"]"}
COMMAND: POST /session/21ce62c4ecbe6d238b640e15c86407e3/elements - {"using":"xpath","value":"//button[@data-kt=\"addButton\"]"}
RESULT: {"using":"xpath","value":"//button[@data-kt=\"addButton\"]"}
COMMAND: POST /session/21ce62c4ecbe6d238b640e15c86407e3/elements - {"using":"xpath","value":"//button[@data-kt=\"addButton\"]"}
RESULT: {"using":"xpath","value":"//button[@data-kt=\"addButton\"]"}
COMMAND: POST /session/21ce62c4ecbe6d238b640e15c86407e3/elements - {"using":"xpath","value":"//button[@data-kt=\"addButton\"]"}
RESULT: {"using":"xpath","value":"//button[@data-kt=\"addButton\"]"}
COMMAND: POST /session/21ce62c4ecbe6d238b640e15c86407e3/elements - {"using":"xpath","value":"//button[@data-kt=\"addButton\"]"}
RESULT: {"using":"xpath","value":"//button[@data-kt=\"addButton\"]"}
COMMAND: POST /session/21ce62c4ecbe6d238b640e15c86407e3/elements - {"using":"xpath","value":"//button[@data-kt=\"addButton\"]"}
RESULT: {"using":"xpath","value":"//button[@data-kt=\"addButton\"]"}
COMMAND: POST /session/21ce62c4ecbe6d238b640e15c86407e3/elements - {"using":"xpath","value":"//button[@data-kt=\"addButton\"]"}
RESULT: {"using":"xpath","value":"//button[@data-kt=\"addButton\"]"}
COMMAND: POST /session/21ce62c4ecbe6d238b640e15c86407e3/elements - {"using":"xpath","value":"//button[@data-kt=\"addButton\"]"}
RESULT: {"using":"xpath","value":"//button[@data-kt=\"addButton\"]"}
COMMAND: POST /session/21ce62c4ecbe6d238b640e15c86407e3/elements - {"using":"xpath","value":"//button[@data-kt=\"addButton\"]"}
RESULT: {"using":"xpath","value":"//button[@data-kt=\"addButton\"]"}
COMMAND: POST /session/21ce62c4ecbe6d238b640e15c86407e3/elements - {"using":"xpath","value":"//button[@data-kt=\"addButton\"]"}
RESULT: {"using":"xpath","value":"//button[@data-kt=\"addButton\"]"}
COMMAND: POST /session/21ce62c4ecbe6d238b640e15c86407e3/elements - {"using":"xpath","value":"//button[@data-kt=\"addButton\"]"}
RESULT: {"using":"xpath","value":"//button[@data-kt=\"addButton\"]"}
COMMAND: POST /session/21ce62c4ecbe6d238b640e15c86407e3/elements - {"using":"xpath","value":"//button[@data-kt=\"addButton\"]"}
RESULT: {"using":"xpath","value":"//button[@data-kt=\"addButton\"]"}
COMMAND: POST /session/21ce62c4ecbe6d238b640e15c86407e3/elements - {"using":"xpath","value":"//button[@data-kt=\"addButton\"]"}
RESULT: {"using":"xpath","value":"//button[@data-kt=\"addButton\"]"}
COMMAND: POST /session/21ce62c4ecbe6d238b640e15c86407e3/elements - {"using":"xpath","value":"//button[@data-kt=\"addButton\"]"}
RESULT: {"using":"xpath","value":"//button[@data-kt=\"addButton\"]"}
COMMAND: POST /session/21ce62c4ecbe6d238b640e15c86407e3/elements - {"using":"xpath","value":"//button[@data-kt=\"addButton\"]"}
RESULT: {"using":"xpath","value":"//button[@data-kt=\"addButton\"]"}
COMMAND: POST /session/21ce62c4ecbe6d238b640e15c86407e3/elements - {"using":"xpath","value":"//button[@data-kt=\"addButton\"]"}
RESULT: {"using":"xpath","value":"//button[@data-kt=\"addButton\"]"}
COMMAND: POST /session/21ce62c4ecbe6d238b640e15c86407e3/elements - {"using":"xpath","value":"//button[@data-kt=\"addButton\"]"}
RESULT: {"using":"xpath","value":"//button[@data-kt=\"addButton\"]"}
COMMAND: POST /session/21ce62c4ecbe6d238b640e15c86407e3/elements - {"using":"xpath","value":"//button[@data-kt=\"addButton\"]"}
RESULT: {"using":"xpath","value":"//button[@data-kt=\"addButton\"]"}
COMMAND: POST /session/21ce62c4ecbe6d238b640e15c86407e3/elements - {"using":"xpath","value":"//button[@data-kt=\"addButton\"]"}
RESULT: {"using":"xpath","value":"//button[@data-kt=\"addButton\"]"}
COMMAND: POST /session/21ce62c4ecbe6d238b640e15c86407e3/elements - {"using":"xpath","value":"//button[@data-kt=\"addButton\"]"}
RESULT: {"using":"xpath","value":"//button[@data-kt=\"addButton\"]"}
COMMAND: POST /session/21ce62c4ecbe6d238b640e15c86407e3/elements - {"using":"xpath","value":"//button[@data-kt=\"addButton\"]"}
RESULT: {"using":"xpath","value":"//button[@data-kt=\"addButton\"]"}
COMMAND: POST /session/21ce62c4ecbe6d238b640e15c86407e3/elements - {"using":"xpath","value":"//button[@data-kt=\"addButton\"]"}
RESULT: {"using":"xpath","value":"//button[@data-kt=\"addButton\"]"}
COMMAND: POST /session/21ce62c4ecbe6d238b640e15c86407e3/elements - {"using":"xpath","value":"//button[@data-kt=\"addButton\"]"}
RESULT: {"using":"xpath","value":"//button[@data-kt=\"addButton\"]"}
COMMAND: POST /session/21ce62c4ecbe6d238b640e15c86407e3/elements - {"using":"xpath","value":"//button[@data-kt=\"addButton\"]"}
RESULT: {"using":"xpath","value":"//button[@data-kt=\"addButton\"]"}
COMMAND: POST /session/21ce62c4ecbe6d238b640e15c86407e3/elements - {"using":"xpath","value":"//button[@data-kt=\"addButton\"]"}
RESULT: {"using":"xpath","value":"//button[@data-kt=\"addButton\"]"}
COMMAND: POST /session/21ce62c4ecbe6d238b640e15c86407e3/elements - {"using":"xpath","value":"//button[@data-kt=\"addButton\"]"}
RESULT: {"using":"xpath","value":"//button[@data-kt=\"addButton\"]"}
COMMAND: POST /session/21ce62c4ecbe6d238b640e15c86407e3/elements - {"using":"xpath","value":"//button[@data-kt=\"addButton\"]"}
RESULT: {"using":"xpath","value":"//button[@data-kt=\"addButton\"]"}
COMMAND: POST /session/21ce62c4ecbe6d238b640e15c86407e3/elements - {"using":"xpath","value":"//button[@data-kt=\"addButton\"]"}
RESULT: {"using":"xpath","value":"//button[@data-kt=\"addButton\"]"}
COMMAND: POST /session/21ce62c4ecbe6d238b640e15c86407e3/elements - {"using":"xpath","value":"//button[@data-kt=\"addButton\"]"}
RESULT: {"using":"xpath","value":"//button[@data-kt=\"addButton\"]"}
COMMAND: POST /session/21ce62c4ecbe6d238b640e15c86407e3/elements - {"using":"xpath","value":"//button[@data-kt=\"addButton\"]"}
RESULT: {"using":"xpath","value":"//button[@data-kt=\"addButton\"]"}
COMMAND: POST /session/21ce62c4ecbe6d238b640e15c86407e3/elements - {"using":"xpath","value":"//button[@data-kt=\"addButton\"]"}
RESULT: {"using":"xpath","value":"//button[@data-kt=\"addButton\"]"}
COMMAND: POST /session/21ce62c4ecbe6d238b640e15c86407e3/elements - {"using":"xpath","value":"//button[@data-kt=\"addButton\"]"}
RESULT: {"using":"xpath","value":"//button[@data-kt=\"addButton\"]"}
COMMAND: POST /session/21ce62c4ecbe6d238b640e15c86407e3/elements - {"using":"xpath","value":"//button[@data-kt=\"addButton\"]"}
RESULT: {"using":"xpath","value":"//button[@data-kt=\"addButton\"]"}
COMMAND: POST /session/21ce62c4ecbe6d238b640e15c86407e3/elements - {"using":"xpath","value":"//button[@data-kt=\"addButton\"]"}
RESULT: {"using":"xpath","value":"//button[@data-kt=\"addButton\"]"}
COMMAND: POST /session/21ce62c4ecbe6d238b640e15c86407e3/elements - {"using":"xpath","value":"//button[@data-kt=\"addButton\"]"}
RESULT: {"using":"xpath","value":"//button[@data-kt=\"addButton\"]"}
COMMAND: POST /session/21ce62c4ecbe6d238b640e15c86407e3/elements - {"using":"xpath","value":"//button[@data-kt=\"addButton\"]"}
RESULT: {"using":"xpath","value":"//button[@data-kt=\"addButton\"]"}
COMMAND: POST /session/21ce62c4ecbe6d238b640e15c86407e3/elements - {"using":"xpath","value":"//button[@data-kt=\"addButton\"]"}
RESULT: {"using":"xpath","value":"//button[@data-kt=\"addButton\"]"}
COMMAND: POST /session/21ce62c4ecbe6d238b640e15c86407e3/elements - {"using":"xpath","value":"//button[@data-kt=\"addButton\"]"}
RESULT: {"using":"xpath","value":"//button[@data-kt=\"addButton\"]"}
COMMAND: POST /session/21ce62c4ecbe6d238b640e15c86407e3/elements - {"using":"xpath","value":"//button[@data-kt=\"addButton\"]"}
RESULT: {"using":"xpath","value":"//button[@data-kt=\"addButton\"]"}
COMMAND: POST /session/21ce62c4ecbe6d238b640e15c86407e3/elements - {"using":"xpath","value":"//button[@data-kt=\"addButton\"]"}
RESULT: {"using":"xpath","value":"//button[@data-kt=\"addButton\"]"}
COMMAND: POST /session/21ce62c4ecbe6d238b640e15c86407e3/elements - {"using":"xpath","value":"//button[@data-kt=\"addButton\"]"}
RESULT: {"using":"xpath","value":"//button[@data-kt=\"addButton\"]"}
COMMAND: POST /session/21ce62c4ecbe6d238b640e15c86407e3/elements - {"using":"xpath","value":"//button[@data-kt=\"addButton\"]"}
RESULT: {"using":"xpath","value":"//button[@data-kt=\"addButton\"]"}
COMMAND: POST /session/21ce62c4ecbe6d238b640e15c86407e3/elements - {"using":"xpath","value":"//button[@data-kt=\"addButton\"]"}
RESULT: {"using":"xpath","value":"//button[@data-kt=\"addButton\"]"}
COMMAND: POST /session/21ce62c4ecbe6d238b640e15c86407e3/elements - {"using":"xpath","value":"//button[@data-kt=\"addButton\"]"}
COMMAND: GET /session/21ce62c4ecbe6d238b640e15c86407e3/screenshot - {}
RESULT: {"using":"xpath","value":"//button[@data-kt=\"addButton\"]"}
RESULT: {}
]]></system-out>
      <system-err><![CDATA[
Error: element ("//button[@data-kt="addButton"]") still not existing after 45000ms
    at async UtilsPrerequisites.contractCreation (D:\a\1\s\test\specs\BTS\prerequisites-and-utils-functions.js:1741:9)
    at async Context.<anonymous> (D:\a\1\s\test\specs\HTR\provide-to-site-wo-warehouse-w-clarification.spec.js:59:49)
]]></system-err>
    </testcase>
    <testcase classname="chrome.136_0_7103_93.windows.Provide_to_Site_w/o_warehouse_management_w_clarification" name="Should add equipment to the contract" time="60.483">
      <failure/>
      <error message="Can't call click on element with selector &quot;//button[@data-kt=&quot;contractDetailEditBtnButton&quot;]&quot; because element wasn't found"/>
      <system-out><![CDATA[
COMMAND: POST /session/21ce62c4ecbe6d238b640e15c86407e3/element - {"using":"xpath","value":"//button[@data-kt=\"contractDetailEditBtnButton\"]"}
COMMAND: GET /session/21ce62c4ecbe6d238b640e15c86407e3/screenshot - {}
RESULT: {"using":"xpath","value":"//button[@data-kt=\"contractDetailEditBtnButton\"]"}
COMMAND: POST /session/21ce62c4ecbe6d238b640e15c86407e3/elements - {"using":"xpath","value":"//button[@data-kt=\"contractDetailEditBtnButton\"]"}
RESULT: {}
RESULT: {"using":"xpath","value":"//button[@data-kt=\"contractDetailEditBtnButton\"]"}
COMMAND: POST /session/21ce62c4ecbe6d238b640e15c86407e3/elements - {"using":"xpath","value":"//button[@data-kt=\"contractDetailEditBtnButton\"]"}
RESULT: {"using":"xpath","value":"//button[@data-kt=\"contractDetailEditBtnButton\"]"}
COMMAND: POST /session/21ce62c4ecbe6d238b640e15c86407e3/elements - {"using":"xpath","value":"//button[@data-kt=\"contractDetailEditBtnButton\"]"}
RESULT: {"using":"xpath","value":"//button[@data-kt=\"contractDetailEditBtnButton\"]"}
COMMAND: POST /session/21ce62c4ecbe6d238b640e15c86407e3/elements - {"using":"xpath","value":"//button[@data-kt=\"contractDetailEditBtnButton\"]"}
RESULT: {"using":"xpath","value":"//button[@data-kt=\"contractDetailEditBtnButton\"]"}
COMMAND: POST /session/21ce62c4ecbe6d238b640e15c86407e3/elements - {"using":"xpath","value":"//button[@data-kt=\"contractDetailEditBtnButton\"]"}
RESULT: {"using":"xpath","value":"//button[@data-kt=\"contractDetailEditBtnButton\"]"}
COMMAND: POST /session/21ce62c4ecbe6d238b640e15c86407e3/elements - {"using":"xpath","value":"//button[@data-kt=\"contractDetailEditBtnButton\"]"}
RESULT: {"using":"xpath","value":"//button[@data-kt=\"contractDetailEditBtnButton\"]"}
COMMAND: POST /session/21ce62c4ecbe6d238b640e15c86407e3/elements - {"using":"xpath","value":"//button[@data-kt=\"contractDetailEditBtnButton\"]"}
RESULT: {"using":"xpath","value":"//button[@data-kt=\"contractDetailEditBtnButton\"]"}
COMMAND: POST /session/21ce62c4ecbe6d238b640e15c86407e3/elements - {"using":"xpath","value":"//button[@data-kt=\"contractDetailEditBtnButton\"]"}
RESULT: {"using":"xpath","value":"//button[@data-kt=\"contractDetailEditBtnButton\"]"}
COMMAND: POST /session/21ce62c4ecbe6d238b640e15c86407e3/elements - {"using":"xpath","value":"//button[@data-kt=\"contractDetailEditBtnButton\"]"}
RESULT: {"using":"xpath","value":"//button[@data-kt=\"contractDetailEditBtnButton\"]"}
COMMAND: POST /session/21ce62c4ecbe6d238b640e15c86407e3/elements - {"using":"xpath","value":"//button[@data-kt=\"contractDetailEditBtnButton\"]"}
RESULT: {"using":"xpath","value":"//button[@data-kt=\"contractDetailEditBtnButton\"]"}
COMMAND: POST /session/21ce62c4ecbe6d238b640e15c86407e3/elements - {"using":"xpath","value":"//button[@data-kt=\"contractDetailEditBtnButton\"]"}
RESULT: {"using":"xpath","value":"//button[@data-kt=\"contractDetailEditBtnButton\"]"}
COMMAND: POST /session/21ce62c4ecbe6d238b640e15c86407e3/elements - {"using":"xpath","value":"//button[@data-kt=\"contractDetailEditBtnButton\"]"}
RESULT: {"using":"xpath","value":"//button[@data-kt=\"contractDetailEditBtnButton\"]"}
COMMAND: POST /session/21ce62c4ecbe6d238b640e15c86407e3/elements - {"using":"xpath","value":"//button[@data-kt=\"contractDetailEditBtnButton\"]"}
RESULT: {"using":"xpath","value":"//button[@data-kt=\"contractDetailEditBtnButton\"]"}
COMMAND: POST /session/21ce62c4ecbe6d238b640e15c86407e3/elements - {"using":"xpath","value":"//button[@data-kt=\"contractDetailEditBtnButton\"]"}
RESULT: {"using":"xpath","value":"//button[@data-kt=\"contractDetailEditBtnButton\"]"}
COMMAND: POST /session/21ce62c4ecbe6d238b640e15c86407e3/elements - {"using":"xpath","value":"//button[@data-kt=\"contractDetailEditBtnButton\"]"}
RESULT: {"using":"xpath","value":"//button[@data-kt=\"contractDetailEditBtnButton\"]"}
COMMAND: POST /session/21ce62c4ecbe6d238b640e15c86407e3/elements - {"using":"xpath","value":"//button[@data-kt=\"contractDetailEditBtnButton\"]"}
RESULT: {"using":"xpath","value":"//button[@data-kt=\"contractDetailEditBtnButton\"]"}
COMMAND: POST /session/21ce62c4ecbe6d238b640e15c86407e3/elements - {"using":"xpath","value":"//button[@data-kt=\"contractDetailEditBtnButton\"]"}
RESULT: {"using":"xpath","value":"//button[@data-kt=\"contractDetailEditBtnButton\"]"}
COMMAND: POST /session/21ce62c4ecbe6d238b640e15c86407e3/elements - {"using":"xpath","value":"//button[@data-kt=\"contractDetailEditBtnButton\"]"}
RESULT: {"using":"xpath","value":"//button[@data-kt=\"contractDetailEditBtnButton\"]"}
COMMAND: POST /session/21ce62c4ecbe6d238b640e15c86407e3/elements - {"using":"xpath","value":"//button[@data-kt=\"contractDetailEditBtnButton\"]"}
RESULT: {"using":"xpath","value":"//button[@data-kt=\"contractDetailEditBtnButton\"]"}
COMMAND: POST /session/21ce62c4ecbe6d238b640e15c86407e3/elements - {"using":"xpath","value":"//button[@data-kt=\"contractDetailEditBtnButton\"]"}
RESULT: {"using":"xpath","value":"//button[@data-kt=\"contractDetailEditBtnButton\"]"}
COMMAND: POST /session/21ce62c4ecbe6d238b640e15c86407e3/elements - {"using":"xpath","value":"//button[@data-kt=\"contractDetailEditBtnButton\"]"}
RESULT: {"using":"xpath","value":"//button[@data-kt=\"contractDetailEditBtnButton\"]"}
COMMAND: POST /session/21ce62c4ecbe6d238b640e15c86407e3/elements - {"using":"xpath","value":"//button[@data-kt=\"contractDetailEditBtnButton\"]"}
RESULT: {"using":"xpath","value":"//button[@data-kt=\"contractDetailEditBtnButton\"]"}
COMMAND: POST /session/21ce62c4ecbe6d238b640e15c86407e3/elements - {"using":"xpath","value":"//button[@data-kt=\"contractDetailEditBtnButton\"]"}
RESULT: {"using":"xpath","value":"//button[@data-kt=\"contractDetailEditBtnButton\"]"}
COMMAND: POST /session/21ce62c4ecbe6d238b640e15c86407e3/elements - {"using":"xpath","value":"//button[@data-kt=\"contractDetailEditBtnButton\"]"}
RESULT: {"using":"xpath","value":"//button[@data-kt=\"contractDetailEditBtnButton\"]"}
COMMAND: POST /session/21ce62c4ecbe6d238b640e15c86407e3/elements - {"using":"xpath","value":"//button[@data-kt=\"contractDetailEditBtnButton\"]"}
RESULT: {"using":"xpath","value":"//button[@data-kt=\"contractDetailEditBtnButton\"]"}
COMMAND: POST /session/21ce62c4ecbe6d238b640e15c86407e3/elements - {"using":"xpath","value":"//button[@data-kt=\"contractDetailEditBtnButton\"]"}
RESULT: {"using":"xpath","value":"//button[@data-kt=\"contractDetailEditBtnButton\"]"}
COMMAND: POST /session/21ce62c4ecbe6d238b640e15c86407e3/elements - {"using":"xpath","value":"//button[@data-kt=\"contractDetailEditBtnButton\"]"}
RESULT: {"using":"xpath","value":"//button[@data-kt=\"contractDetailEditBtnButton\"]"}
COMMAND: POST /session/21ce62c4ecbe6d238b640e15c86407e3/elements - {"using":"xpath","value":"//button[@data-kt=\"contractDetailEditBtnButton\"]"}
RESULT: {"using":"xpath","value":"//button[@data-kt=\"contractDetailEditBtnButton\"]"}
COMMAND: POST /session/21ce62c4ecbe6d238b640e15c86407e3/elements - {"using":"xpath","value":"//button[@data-kt=\"contractDetailEditBtnButton\"]"}
RESULT: {"using":"xpath","value":"//button[@data-kt=\"contractDetailEditBtnButton\"]"}
COMMAND: POST /session/21ce62c4ecbe6d238b640e15c86407e3/elements - {"using":"xpath","value":"//button[@data-kt=\"contractDetailEditBtnButton\"]"}
RESULT: {"using":"xpath","value":"//button[@data-kt=\"contractDetailEditBtnButton\"]"}
COMMAND: POST /session/21ce62c4ecbe6d238b640e15c86407e3/elements - {"using":"xpath","value":"//button[@data-kt=\"contractDetailEditBtnButton\"]"}
RESULT: {"using":"xpath","value":"//button[@data-kt=\"contractDetailEditBtnButton\"]"}
COMMAND: POST /session/21ce62c4ecbe6d238b640e15c86407e3/elements - {"using":"xpath","value":"//button[@data-kt=\"contractDetailEditBtnButton\"]"}
RESULT: {"using":"xpath","value":"//button[@data-kt=\"contractDetailEditBtnButton\"]"}
COMMAND: POST /session/21ce62c4ecbe6d238b640e15c86407e3/elements - {"using":"xpath","value":"//button[@data-kt=\"contractDetailEditBtnButton\"]"}
RESULT: {"using":"xpath","value":"//button[@data-kt=\"contractDetailEditBtnButton\"]"}
COMMAND: POST /session/21ce62c4ecbe6d238b640e15c86407e3/elements - {"using":"xpath","value":"//button[@data-kt=\"contractDetailEditBtnButton\"]"}
RESULT: {"using":"xpath","value":"//button[@data-kt=\"contractDetailEditBtnButton\"]"}
COMMAND: POST /session/21ce62c4ecbe6d238b640e15c86407e3/elements - {"using":"xpath","value":"//button[@data-kt=\"contractDetailEditBtnButton\"]"}
RESULT: {"using":"xpath","value":"//button[@data-kt=\"contractDetailEditBtnButton\"]"}
COMMAND: POST /session/21ce62c4ecbe6d238b640e15c86407e3/elements - {"using":"xpath","value":"//button[@data-kt=\"contractDetailEditBtnButton\"]"}
RESULT: {"using":"xpath","value":"//button[@data-kt=\"contractDetailEditBtnButton\"]"}
COMMAND: POST /session/21ce62c4ecbe6d238b640e15c86407e3/elements - {"using":"xpath","value":"//button[@data-kt=\"contractDetailEditBtnButton\"]"}
RESULT: {"using":"xpath","value":"//button[@data-kt=\"contractDetailEditBtnButton\"]"}
COMMAND: POST /session/21ce62c4ecbe6d238b640e15c86407e3/elements - {"using":"xpath","value":"//button[@data-kt=\"contractDetailEditBtnButton\"]"}
RESULT: {"using":"xpath","value":"//button[@data-kt=\"contractDetailEditBtnButton\"]"}
COMMAND: POST /session/21ce62c4ecbe6d238b640e15c86407e3/elements - {"using":"xpath","value":"//button[@data-kt=\"contractDetailEditBtnButton\"]"}
RESULT: {"using":"xpath","value":"//button[@data-kt=\"contractDetailEditBtnButton\"]"}
COMMAND: POST /session/21ce62c4ecbe6d238b640e15c86407e3/elements - {"using":"xpath","value":"//button[@data-kt=\"contractDetailEditBtnButton\"]"}
RESULT: {"using":"xpath","value":"//button[@data-kt=\"contractDetailEditBtnButton\"]"}
COMMAND: POST /session/21ce62c4ecbe6d238b640e15c86407e3/elements - {"using":"xpath","value":"//button[@data-kt=\"contractDetailEditBtnButton\"]"}
RESULT: {"using":"xpath","value":"//button[@data-kt=\"contractDetailEditBtnButton\"]"}
COMMAND: POST /session/21ce62c4ecbe6d238b640e15c86407e3/elements - {"using":"xpath","value":"//button[@data-kt=\"contractDetailEditBtnButton\"]"}
RESULT: {"using":"xpath","value":"//button[@data-kt=\"contractDetailEditBtnButton\"]"}
COMMAND: POST /session/21ce62c4ecbe6d238b640e15c86407e3/elements - {"using":"xpath","value":"//button[@data-kt=\"contractDetailEditBtnButton\"]"}
RESULT: {"using":"xpath","value":"//button[@data-kt=\"contractDetailEditBtnButton\"]"}
COMMAND: POST /session/21ce62c4ecbe6d238b640e15c86407e3/elements - {"using":"xpath","value":"//button[@data-kt=\"contractDetailEditBtnButton\"]"}
RESULT: {"using":"xpath","value":"//button[@data-kt=\"contractDetailEditBtnButton\"]"}
COMMAND: POST /session/21ce62c4ecbe6d238b640e15c86407e3/elements - {"using":"xpath","value":"//button[@data-kt=\"contractDetailEditBtnButton\"]"}
RESULT: {"using":"xpath","value":"//button[@data-kt=\"contractDetailEditBtnButton\"]"}
COMMAND: POST /session/21ce62c4ecbe6d238b640e15c86407e3/elements - {"using":"xpath","value":"//button[@data-kt=\"contractDetailEditBtnButton\"]"}
RESULT: {"using":"xpath","value":"//button[@data-kt=\"contractDetailEditBtnButton\"]"}
COMMAND: POST /session/21ce62c4ecbe6d238b640e15c86407e3/elements - {"using":"xpath","value":"//button[@data-kt=\"contractDetailEditBtnButton\"]"}
RESULT: {"using":"xpath","value":"//button[@data-kt=\"contractDetailEditBtnButton\"]"}
COMMAND: POST /session/21ce62c4ecbe6d238b640e15c86407e3/elements - {"using":"xpath","value":"//button[@data-kt=\"contractDetailEditBtnButton\"]"}
RESULT: {"using":"xpath","value":"//button[@data-kt=\"contractDetailEditBtnButton\"]"}
COMMAND: POST /session/21ce62c4ecbe6d238b640e15c86407e3/elements - {"using":"xpath","value":"//button[@data-kt=\"contractDetailEditBtnButton\"]"}
RESULT: {"using":"xpath","value":"//button[@data-kt=\"contractDetailEditBtnButton\"]"}
COMMAND: POST /session/21ce62c4ecbe6d238b640e15c86407e3/elements - {"using":"xpath","value":"//button[@data-kt=\"contractDetailEditBtnButton\"]"}
RESULT: {"using":"xpath","value":"//button[@data-kt=\"contractDetailEditBtnButton\"]"}
COMMAND: POST /session/21ce62c4ecbe6d238b640e15c86407e3/elements - {"using":"xpath","value":"//button[@data-kt=\"contractDetailEditBtnButton\"]"}
RESULT: {"using":"xpath","value":"//button[@data-kt=\"contractDetailEditBtnButton\"]"}
COMMAND: POST /session/21ce62c4ecbe6d238b640e15c86407e3/elements - {"using":"xpath","value":"//button[@data-kt=\"contractDetailEditBtnButton\"]"}
RESULT: {"using":"xpath","value":"//button[@data-kt=\"contractDetailEditBtnButton\"]"}
COMMAND: POST /session/21ce62c4ecbe6d238b640e15c86407e3/elements - {"using":"xpath","value":"//button[@data-kt=\"contractDetailEditBtnButton\"]"}
RESULT: {"using":"xpath","value":"//button[@data-kt=\"contractDetailEditBtnButton\"]"}
COMMAND: POST /session/21ce62c4ecbe6d238b640e15c86407e3/elements - {"using":"xpath","value":"//button[@data-kt=\"contractDetailEditBtnButton\"]"}
RESULT: {"using":"xpath","value":"//button[@data-kt=\"contractDetailEditBtnButton\"]"}
COMMAND: POST /session/21ce62c4ecbe6d238b640e15c86407e3/elements - {"using":"xpath","value":"//button[@data-kt=\"contractDetailEditBtnButton\"]"}
RESULT: {"using":"xpath","value":"//button[@data-kt=\"contractDetailEditBtnButton\"]"}
COMMAND: POST /session/21ce62c4ecbe6d238b640e15c86407e3/elements - {"using":"xpath","value":"//button[@data-kt=\"contractDetailEditBtnButton\"]"}
RESULT: {"using":"xpath","value":"//button[@data-kt=\"contractDetailEditBtnButton\"]"}
COMMAND: POST /session/21ce62c4ecbe6d238b640e15c86407e3/elements - {"using":"xpath","value":"//button[@data-kt=\"contractDetailEditBtnButton\"]"}
RESULT: {"using":"xpath","value":"//button[@data-kt=\"contractDetailEditBtnButton\"]"}
COMMAND: POST /session/21ce62c4ecbe6d238b640e15c86407e3/elements - {"using":"xpath","value":"//button[@data-kt=\"contractDetailEditBtnButton\"]"}
RESULT: {"using":"xpath","value":"//button[@data-kt=\"contractDetailEditBtnButton\"]"}
COMMAND: POST /session/21ce62c4ecbe6d238b640e15c86407e3/elements - {"using":"xpath","value":"//button[@data-kt=\"contractDetailEditBtnButton\"]"}
RESULT: {"using":"xpath","value":"//button[@data-kt=\"contractDetailEditBtnButton\"]"}
COMMAND: POST /session/21ce62c4ecbe6d238b640e15c86407e3/elements - {"using":"xpath","value":"//button[@data-kt=\"contractDetailEditBtnButton\"]"}
RESULT: {"using":"xpath","value":"//button[@data-kt=\"contractDetailEditBtnButton\"]"}
COMMAND: POST /session/21ce62c4ecbe6d238b640e15c86407e3/elements - {"using":"xpath","value":"//button[@data-kt=\"contractDetailEditBtnButton\"]"}
RESULT: {"using":"xpath","value":"//button[@data-kt=\"contractDetailEditBtnButton\"]"}
COMMAND: POST /session/21ce62c4ecbe6d238b640e15c86407e3/elements - {"using":"xpath","value":"//button[@data-kt=\"contractDetailEditBtnButton\"]"}
RESULT: {"using":"xpath","value":"//button[@data-kt=\"contractDetailEditBtnButton\"]"}
COMMAND: POST /session/21ce62c4ecbe6d238b640e15c86407e3/elements - {"using":"xpath","value":"//button[@data-kt=\"contractDetailEditBtnButton\"]"}
RESULT: {"using":"xpath","value":"//button[@data-kt=\"contractDetailEditBtnButton\"]"}
COMMAND: POST /session/21ce62c4ecbe6d238b640e15c86407e3/elements - {"using":"xpath","value":"//button[@data-kt=\"contractDetailEditBtnButton\"]"}
RESULT: {"using":"xpath","value":"//button[@data-kt=\"contractDetailEditBtnButton\"]"}
COMMAND: POST /session/21ce62c4ecbe6d238b640e15c86407e3/elements - {"using":"xpath","value":"//button[@data-kt=\"contractDetailEditBtnButton\"]"}
RESULT: {"using":"xpath","value":"//button[@data-kt=\"contractDetailEditBtnButton\"]"}
COMMAND: POST /session/21ce62c4ecbe6d238b640e15c86407e3/elements - {"using":"xpath","value":"//button[@data-kt=\"contractDetailEditBtnButton\"]"}
RESULT: {"using":"xpath","value":"//button[@data-kt=\"contractDetailEditBtnButton\"]"}
COMMAND: POST /session/21ce62c4ecbe6d238b640e15c86407e3/elements - {"using":"xpath","value":"//button[@data-kt=\"contractDetailEditBtnButton\"]"}
RESULT: {"using":"xpath","value":"//button[@data-kt=\"contractDetailEditBtnButton\"]"}
COMMAND: POST /session/21ce62c4ecbe6d238b640e15c86407e3/elements - {"using":"xpath","value":"//button[@data-kt=\"contractDetailEditBtnButton\"]"}
RESULT: {"using":"xpath","value":"//button[@data-kt=\"contractDetailEditBtnButton\"]"}
COMMAND: POST /session/21ce62c4ecbe6d238b640e15c86407e3/elements - {"using":"xpath","value":"//button[@data-kt=\"contractDetailEditBtnButton\"]"}
RESULT: {"using":"xpath","value":"//button[@data-kt=\"contractDetailEditBtnButton\"]"}
COMMAND: POST /session/21ce62c4ecbe6d238b640e15c86407e3/elements - {"using":"xpath","value":"//button[@data-kt=\"contractDetailEditBtnButton\"]"}
RESULT: {"using":"xpath","value":"//button[@data-kt=\"contractDetailEditBtnButton\"]"}
COMMAND: POST /session/21ce62c4ecbe6d238b640e15c86407e3/elements - {"using":"xpath","value":"//button[@data-kt=\"contractDetailEditBtnButton\"]"}
RESULT: {"using":"xpath","value":"//button[@data-kt=\"contractDetailEditBtnButton\"]"}
COMMAND: POST /session/21ce62c4ecbe6d238b640e15c86407e3/elements - {"using":"xpath","value":"//button[@data-kt=\"contractDetailEditBtnButton\"]"}
RESULT: {"using":"xpath","value":"//button[@data-kt=\"contractDetailEditBtnButton\"]"}
COMMAND: POST /session/21ce62c4ecbe6d238b640e15c86407e3/elements - {"using":"xpath","value":"//button[@data-kt=\"contractDetailEditBtnButton\"]"}
RESULT: {"using":"xpath","value":"//button[@data-kt=\"contractDetailEditBtnButton\"]"}
COMMAND: POST /session/21ce62c4ecbe6d238b640e15c86407e3/elements - {"using":"xpath","value":"//button[@data-kt=\"contractDetailEditBtnButton\"]"}
RESULT: {"using":"xpath","value":"//button[@data-kt=\"contractDetailEditBtnButton\"]"}
COMMAND: POST /session/21ce62c4ecbe6d238b640e15c86407e3/elements - {"using":"xpath","value":"//button[@data-kt=\"contractDetailEditBtnButton\"]"}
RESULT: {"using":"xpath","value":"//button[@data-kt=\"contractDetailEditBtnButton\"]"}
COMMAND: POST /session/21ce62c4ecbe6d238b640e15c86407e3/elements - {"using":"xpath","value":"//button[@data-kt=\"contractDetailEditBtnButton\"]"}
RESULT: {"using":"xpath","value":"//button[@data-kt=\"contractDetailEditBtnButton\"]"}
COMMAND: POST /session/21ce62c4ecbe6d238b640e15c86407e3/elements - {"using":"xpath","value":"//button[@data-kt=\"contractDetailEditBtnButton\"]"}
RESULT: {"using":"xpath","value":"//button[@data-kt=\"contractDetailEditBtnButton\"]"}
COMMAND: POST /session/21ce62c4ecbe6d238b640e15c86407e3/elements - {"using":"xpath","value":"//button[@data-kt=\"contractDetailEditBtnButton\"]"}
RESULT: {"using":"xpath","value":"//button[@data-kt=\"contractDetailEditBtnButton\"]"}
COMMAND: POST /session/21ce62c4ecbe6d238b640e15c86407e3/elements - {"using":"xpath","value":"//button[@data-kt=\"contractDetailEditBtnButton\"]"}
RESULT: {"using":"xpath","value":"//button[@data-kt=\"contractDetailEditBtnButton\"]"}
COMMAND: POST /session/21ce62c4ecbe6d238b640e15c86407e3/elements - {"using":"xpath","value":"//button[@data-kt=\"contractDetailEditBtnButton\"]"}
RESULT: {"using":"xpath","value":"//button[@data-kt=\"contractDetailEditBtnButton\"]"}
COMMAND: POST /session/21ce62c4ecbe6d238b640e15c86407e3/elements - {"using":"xpath","value":"//button[@data-kt=\"contractDetailEditBtnButton\"]"}
RESULT: {"using":"xpath","value":"//button[@data-kt=\"contractDetailEditBtnButton\"]"}
COMMAND: POST /session/21ce62c4ecbe6d238b640e15c86407e3/elements - {"using":"xpath","value":"//button[@data-kt=\"contractDetailEditBtnButton\"]"}
RESULT: {"using":"xpath","value":"//button[@data-kt=\"contractDetailEditBtnButton\"]"}
COMMAND: POST /session/21ce62c4ecbe6d238b640e15c86407e3/elements - {"using":"xpath","value":"//button[@data-kt=\"contractDetailEditBtnButton\"]"}
RESULT: {"using":"xpath","value":"//button[@data-kt=\"contractDetailEditBtnButton\"]"}
COMMAND: POST /session/21ce62c4ecbe6d238b640e15c86407e3/elements - {"using":"xpath","value":"//button[@data-kt=\"contractDetailEditBtnButton\"]"}
RESULT: {"using":"xpath","value":"//button[@data-kt=\"contractDetailEditBtnButton\"]"}
COMMAND: POST /session/21ce62c4ecbe6d238b640e15c86407e3/elements - {"using":"xpath","value":"//button[@data-kt=\"contractDetailEditBtnButton\"]"}
RESULT: {"using":"xpath","value":"//button[@data-kt=\"contractDetailEditBtnButton\"]"}
COMMAND: POST /session/21ce62c4ecbe6d238b640e15c86407e3/elements - {"using":"xpath","value":"//button[@data-kt=\"contractDetailEditBtnButton\"]"}
RESULT: {"using":"xpath","value":"//button[@data-kt=\"contractDetailEditBtnButton\"]"}
COMMAND: POST /session/21ce62c4ecbe6d238b640e15c86407e3/elements - {"using":"xpath","value":"//button[@data-kt=\"contractDetailEditBtnButton\"]"}
RESULT: {"using":"xpath","value":"//button[@data-kt=\"contractDetailEditBtnButton\"]"}
COMMAND: POST /session/21ce62c4ecbe6d238b640e15c86407e3/elements - {"using":"xpath","value":"//button[@data-kt=\"contractDetailEditBtnButton\"]"}
RESULT: {"using":"xpath","value":"//button[@data-kt=\"contractDetailEditBtnButton\"]"}
COMMAND: POST /session/21ce62c4ecbe6d238b640e15c86407e3/elements - {"using":"xpath","value":"//button[@data-kt=\"contractDetailEditBtnButton\"]"}
RESULT: {"using":"xpath","value":"//button[@data-kt=\"contractDetailEditBtnButton\"]"}
COMMAND: POST /session/21ce62c4ecbe6d238b640e15c86407e3/elements - {"using":"xpath","value":"//button[@data-kt=\"contractDetailEditBtnButton\"]"}
RESULT: {"using":"xpath","value":"//button[@data-kt=\"contractDetailEditBtnButton\"]"}
COMMAND: POST /session/21ce62c4ecbe6d238b640e15c86407e3/elements - {"using":"xpath","value":"//button[@data-kt=\"contractDetailEditBtnButton\"]"}
RESULT: {"using":"xpath","value":"//button[@data-kt=\"contractDetailEditBtnButton\"]"}
COMMAND: POST /session/21ce62c4ecbe6d238b640e15c86407e3/elements - {"using":"xpath","value":"//button[@data-kt=\"contractDetailEditBtnButton\"]"}
RESULT: {"using":"xpath","value":"//button[@data-kt=\"contractDetailEditBtnButton\"]"}
COMMAND: POST /session/21ce62c4ecbe6d238b640e15c86407e3/elements - {"using":"xpath","value":"//button[@data-kt=\"contractDetailEditBtnButton\"]"}
RESULT: {"using":"xpath","value":"//button[@data-kt=\"contractDetailEditBtnButton\"]"}
COMMAND: POST /session/21ce62c4ecbe6d238b640e15c86407e3/elements - {"using":"xpath","value":"//button[@data-kt=\"contractDetailEditBtnButton\"]"}
RESULT: {"using":"xpath","value":"//button[@data-kt=\"contractDetailEditBtnButton\"]"}
COMMAND: POST /session/21ce62c4ecbe6d238b640e15c86407e3/elements - {"using":"xpath","value":"//button[@data-kt=\"contractDetailEditBtnButton\"]"}
RESULT: {"using":"xpath","value":"//button[@data-kt=\"contractDetailEditBtnButton\"]"}
COMMAND: POST /session/21ce62c4ecbe6d238b640e15c86407e3/elements - {"using":"xpath","value":"//button[@data-kt=\"contractDetailEditBtnButton\"]"}
RESULT: {"using":"xpath","value":"//button[@data-kt=\"contractDetailEditBtnButton\"]"}
COMMAND: POST /session/21ce62c4ecbe6d238b640e15c86407e3/elements - {"using":"xpath","value":"//button[@data-kt=\"contractDetailEditBtnButton\"]"}
RESULT: {"using":"xpath","value":"//button[@data-kt=\"contractDetailEditBtnButton\"]"}
COMMAND: POST /session/21ce62c4ecbe6d238b640e15c86407e3/elements - {"using":"xpath","value":"//button[@data-kt=\"contractDetailEditBtnButton\"]"}
RESULT: {"using":"xpath","value":"//button[@data-kt=\"contractDetailEditBtnButton\"]"}
COMMAND: POST /session/21ce62c4ecbe6d238b640e15c86407e3/elements - {"using":"xpath","value":"//button[@data-kt=\"contractDetailEditBtnButton\"]"}
RESULT: {"using":"xpath","value":"//button[@data-kt=\"contractDetailEditBtnButton\"]"}
COMMAND: POST /session/21ce62c4ecbe6d238b640e15c86407e3/elements - {"using":"xpath","value":"//button[@data-kt=\"contractDetailEditBtnButton\"]"}
RESULT: {"using":"xpath","value":"//button[@data-kt=\"contractDetailEditBtnButton\"]"}
COMMAND: POST /session/21ce62c4ecbe6d238b640e15c86407e3/elements - {"using":"xpath","value":"//button[@data-kt=\"contractDetailEditBtnButton\"]"}
RESULT: {"using":"xpath","value":"//button[@data-kt=\"contractDetailEditBtnButton\"]"}
COMMAND: POST /session/21ce62c4ecbe6d238b640e15c86407e3/elements - {"using":"xpath","value":"//button[@data-kt=\"contractDetailEditBtnButton\"]"}
RESULT: {"using":"xpath","value":"//button[@data-kt=\"contractDetailEditBtnButton\"]"}
COMMAND: POST /session/21ce62c4ecbe6d238b640e15c86407e3/elements - {"using":"xpath","value":"//button[@data-kt=\"contractDetailEditBtnButton\"]"}
RESULT: {"using":"xpath","value":"//button[@data-kt=\"contractDetailEditBtnButton\"]"}
COMMAND: POST /session/21ce62c4ecbe6d238b640e15c86407e3/elements - {"using":"xpath","value":"//button[@data-kt=\"contractDetailEditBtnButton\"]"}
RESULT: {"using":"xpath","value":"//button[@data-kt=\"contractDetailEditBtnButton\"]"}
COMMAND: POST /session/21ce62c4ecbe6d238b640e15c86407e3/elements - {"using":"xpath","value":"//button[@data-kt=\"contractDetailEditBtnButton\"]"}
RESULT: {"using":"xpath","value":"//button[@data-kt=\"contractDetailEditBtnButton\"]"}
COMMAND: POST /session/21ce62c4ecbe6d238b640e15c86407e3/elements - {"using":"xpath","value":"//button[@data-kt=\"contractDetailEditBtnButton\"]"}
RESULT: {"using":"xpath","value":"//button[@data-kt=\"contractDetailEditBtnButton\"]"}
COMMAND: POST /session/21ce62c4ecbe6d238b640e15c86407e3/elements - {"using":"xpath","value":"//button[@data-kt=\"contractDetailEditBtnButton\"]"}
RESULT: {"using":"xpath","value":"//button[@data-kt=\"contractDetailEditBtnButton\"]"}
COMMAND: POST /session/21ce62c4ecbe6d238b640e15c86407e3/elements - {"using":"xpath","value":"//button[@data-kt=\"contractDetailEditBtnButton\"]"}
RESULT: {"using":"xpath","value":"//button[@data-kt=\"contractDetailEditBtnButton\"]"}
COMMAND: POST /session/21ce62c4ecbe6d238b640e15c86407e3/elements - {"using":"xpath","value":"//button[@data-kt=\"contractDetailEditBtnButton\"]"}
RESULT: {"using":"xpath","value":"//button[@data-kt=\"contractDetailEditBtnButton\"]"}
COMMAND: POST /session/21ce62c4ecbe6d238b640e15c86407e3/elements - {"using":"xpath","value":"//button[@data-kt=\"contractDetailEditBtnButton\"]"}
RESULT: {"using":"xpath","value":"//button[@data-kt=\"contractDetailEditBtnButton\"]"}
COMMAND: POST /session/21ce62c4ecbe6d238b640e15c86407e3/elements - {"using":"xpath","value":"//button[@data-kt=\"contractDetailEditBtnButton\"]"}
RESULT: {"using":"xpath","value":"//button[@data-kt=\"contractDetailEditBtnButton\"]"}
COMMAND: POST /session/21ce62c4ecbe6d238b640e15c86407e3/elements - {"using":"xpath","value":"//button[@data-kt=\"contractDetailEditBtnButton\"]"}
RESULT: {"using":"xpath","value":"//button[@data-kt=\"contractDetailEditBtnButton\"]"}
COMMAND: POST /session/21ce62c4ecbe6d238b640e15c86407e3/elements - {"using":"xpath","value":"//button[@data-kt=\"contractDetailEditBtnButton\"]"}
RESULT: {"using":"xpath","value":"//button[@data-kt=\"contractDetailEditBtnButton\"]"}
COMMAND: POST /session/21ce62c4ecbe6d238b640e15c86407e3/elements - {"using":"xpath","value":"//button[@data-kt=\"contractDetailEditBtnButton\"]"}
RESULT: {"using":"xpath","value":"//button[@data-kt=\"contractDetailEditBtnButton\"]"}
COMMAND: POST /session/21ce62c4ecbe6d238b640e15c86407e3/elements - {"using":"xpath","value":"//button[@data-kt=\"contractDetailEditBtnButton\"]"}
RESULT: {"using":"xpath","value":"//button[@data-kt=\"contractDetailEditBtnButton\"]"}
COMMAND: POST /session/21ce62c4ecbe6d238b640e15c86407e3/elements - {"using":"xpath","value":"//button[@data-kt=\"contractDetailEditBtnButton\"]"}
RESULT: {"using":"xpath","value":"//button[@data-kt=\"contractDetailEditBtnButton\"]"}
COMMAND: POST /session/21ce62c4ecbe6d238b640e15c86407e3/elements - {"using":"xpath","value":"//button[@data-kt=\"contractDetailEditBtnButton\"]"}
RESULT: {"using":"xpath","value":"//button[@data-kt=\"contractDetailEditBtnButton\"]"}
COMMAND: POST /session/21ce62c4ecbe6d238b640e15c86407e3/elements - {"using":"xpath","value":"//button[@data-kt=\"contractDetailEditBtnButton\"]"}
RESULT: {"using":"xpath","value":"//button[@data-kt=\"contractDetailEditBtnButton\"]"}
COMMAND: POST /session/21ce62c4ecbe6d238b640e15c86407e3/elements - {"using":"xpath","value":"//button[@data-kt=\"contractDetailEditBtnButton\"]"}
RESULT: {"using":"xpath","value":"//button[@data-kt=\"contractDetailEditBtnButton\"]"}
COMMAND: POST /session/21ce62c4ecbe6d238b640e15c86407e3/elements - {"using":"xpath","value":"//button[@data-kt=\"contractDetailEditBtnButton\"]"}
RESULT: {"using":"xpath","value":"//button[@data-kt=\"contractDetailEditBtnButton\"]"}
COMMAND: GET /session/21ce62c4ecbe6d238b640e15c86407e3/screenshot - {}
RESULT: {}
]]></system-out>
      <system-err><![CDATA[
Error: Can't call click on element with selector "//button[@data-kt="contractDetailEditBtnButton"]" because element wasn't found
    at async UtilsPrerequisites.addItemToContract (D:\a\1\s\test\specs\BTS\prerequisites-and-utils-functions.js:1852:9)
    at async Context.<anonymous> (D:\a\1\s\test\specs\HTR\provide-to-site-wo-warehouse-w-clarification.spec.js:63:9)
]]></system-err>
    </testcase>
    <testcase classname="chrome.136_0_7103_93.windows.Provide_to_Site_w/o_warehouse_management_w_clarification" name="Should do provide to site" time="61.032">
      <failure/>
      <error message="Can't call click on element with selector &quot;//button[@data-kt=&quot;provideButton&quot;]&quot; because element wasn't found"/>
      <system-out><![CDATA[
COMMAND: GET /session/21ce62c4ecbe6d238b640e15c86407e3/screenshot - {}
COMMAND: POST /session/21ce62c4ecbe6d238b640e15c86407e3/element - {"using":"xpath","value":"//button[@data-kt=\"provideButton\"]"}
RESULT: {}
RESULT: {"using":"xpath","value":"//button[@data-kt=\"provideButton\"]"}
COMMAND: POST /session/21ce62c4ecbe6d238b640e15c86407e3/elements - {"using":"xpath","value":"//button[@data-kt=\"provideButton\"]"}
RESULT: {"using":"xpath","value":"//button[@data-kt=\"provideButton\"]"}
COMMAND: POST /session/21ce62c4ecbe6d238b640e15c86407e3/elements - {"using":"xpath","value":"//button[@data-kt=\"provideButton\"]"}
RESULT: {"using":"xpath","value":"//button[@data-kt=\"provideButton\"]"}
COMMAND: POST /session/21ce62c4ecbe6d238b640e15c86407e3/elements - {"using":"xpath","value":"//button[@data-kt=\"provideButton\"]"}
RESULT: {"using":"xpath","value":"//button[@data-kt=\"provideButton\"]"}
COMMAND: POST /session/21ce62c4ecbe6d238b640e15c86407e3/elements - {"using":"xpath","value":"//button[@data-kt=\"provideButton\"]"}
RESULT: {"using":"xpath","value":"//button[@data-kt=\"provideButton\"]"}
COMMAND: POST /session/21ce62c4ecbe6d238b640e15c86407e3/elements - {"using":"xpath","value":"//button[@data-kt=\"provideButton\"]"}
RESULT: {"using":"xpath","value":"//button[@data-kt=\"provideButton\"]"}
COMMAND: POST /session/21ce62c4ecbe6d238b640e15c86407e3/elements - {"using":"xpath","value":"//button[@data-kt=\"provideButton\"]"}
RESULT: {"using":"xpath","value":"//button[@data-kt=\"provideButton\"]"}
COMMAND: POST /session/21ce62c4ecbe6d238b640e15c86407e3/elements - {"using":"xpath","value":"//button[@data-kt=\"provideButton\"]"}
RESULT: {"using":"xpath","value":"//button[@data-kt=\"provideButton\"]"}
COMMAND: POST /session/21ce62c4ecbe6d238b640e15c86407e3/elements - {"using":"xpath","value":"//button[@data-kt=\"provideButton\"]"}
RESULT: {"using":"xpath","value":"//button[@data-kt=\"provideButton\"]"}
COMMAND: POST /session/21ce62c4ecbe6d238b640e15c86407e3/elements - {"using":"xpath","value":"//button[@data-kt=\"provideButton\"]"}
RESULT: {"using":"xpath","value":"//button[@data-kt=\"provideButton\"]"}
COMMAND: POST /session/21ce62c4ecbe6d238b640e15c86407e3/elements - {"using":"xpath","value":"//button[@data-kt=\"provideButton\"]"}
RESULT: {"using":"xpath","value":"//button[@data-kt=\"provideButton\"]"}
COMMAND: POST /session/21ce62c4ecbe6d238b640e15c86407e3/elements - {"using":"xpath","value":"//button[@data-kt=\"provideButton\"]"}
RESULT: {"using":"xpath","value":"//button[@data-kt=\"provideButton\"]"}
COMMAND: POST /session/21ce62c4ecbe6d238b640e15c86407e3/elements - {"using":"xpath","value":"//button[@data-kt=\"provideButton\"]"}
RESULT: {"using":"xpath","value":"//button[@data-kt=\"provideButton\"]"}
COMMAND: POST /session/21ce62c4ecbe6d238b640e15c86407e3/elements - {"using":"xpath","value":"//button[@data-kt=\"provideButton\"]"}
RESULT: {"using":"xpath","value":"//button[@data-kt=\"provideButton\"]"}
COMMAND: POST /session/21ce62c4ecbe6d238b640e15c86407e3/elements - {"using":"xpath","value":"//button[@data-kt=\"provideButton\"]"}
RESULT: {"using":"xpath","value":"//button[@data-kt=\"provideButton\"]"}
COMMAND: POST /session/21ce62c4ecbe6d238b640e15c86407e3/elements - {"using":"xpath","value":"//button[@data-kt=\"provideButton\"]"}
RESULT: {"using":"xpath","value":"//button[@data-kt=\"provideButton\"]"}
COMMAND: POST /session/21ce62c4ecbe6d238b640e15c86407e3/elements - {"using":"xpath","value":"//button[@data-kt=\"provideButton\"]"}
RESULT: {"using":"xpath","value":"//button[@data-kt=\"provideButton\"]"}
COMMAND: POST /session/21ce62c4ecbe6d238b640e15c86407e3/elements - {"using":"xpath","value":"//button[@data-kt=\"provideButton\"]"}
RESULT: {"using":"xpath","value":"//button[@data-kt=\"provideButton\"]"}
COMMAND: POST /session/21ce62c4ecbe6d238b640e15c86407e3/elements - {"using":"xpath","value":"//button[@data-kt=\"provideButton\"]"}
RESULT: {"using":"xpath","value":"//button[@data-kt=\"provideButton\"]"}
COMMAND: POST /session/21ce62c4ecbe6d238b640e15c86407e3/elements - {"using":"xpath","value":"//button[@data-kt=\"provideButton\"]"}
RESULT: {"using":"xpath","value":"//button[@data-kt=\"provideButton\"]"}
COMMAND: POST /session/21ce62c4ecbe6d238b640e15c86407e3/elements - {"using":"xpath","value":"//button[@data-kt=\"provideButton\"]"}
RESULT: {"using":"xpath","value":"//button[@data-kt=\"provideButton\"]"}
COMMAND: POST /session/21ce62c4ecbe6d238b640e15c86407e3/elements - {"using":"xpath","value":"//button[@data-kt=\"provideButton\"]"}
RESULT: {"using":"xpath","value":"//button[@data-kt=\"provideButton\"]"}
COMMAND: POST /session/21ce62c4ecbe6d238b640e15c86407e3/elements - {"using":"xpath","value":"//button[@data-kt=\"provideButton\"]"}
RESULT: {"using":"xpath","value":"//button[@data-kt=\"provideButton\"]"}
COMMAND: POST /session/21ce62c4ecbe6d238b640e15c86407e3/elements - {"using":"xpath","value":"//button[@data-kt=\"provideButton\"]"}
RESULT: {"using":"xpath","value":"//button[@data-kt=\"provideButton\"]"}
COMMAND: POST /session/21ce62c4ecbe6d238b640e15c86407e3/elements - {"using":"xpath","value":"//button[@data-kt=\"provideButton\"]"}
RESULT: {"using":"xpath","value":"//button[@data-kt=\"provideButton\"]"}
COMMAND: POST /session/21ce62c4ecbe6d238b640e15c86407e3/elements - {"using":"xpath","value":"//button[@data-kt=\"provideButton\"]"}
RESULT: {"using":"xpath","value":"//button[@data-kt=\"provideButton\"]"}
COMMAND: POST /session/21ce62c4ecbe6d238b640e15c86407e3/elements - {"using":"xpath","value":"//button[@data-kt=\"provideButton\"]"}
RESULT: {"using":"xpath","value":"//button[@data-kt=\"provideButton\"]"}
COMMAND: POST /session/21ce62c4ecbe6d238b640e15c86407e3/elements - {"using":"xpath","value":"//button[@data-kt=\"provideButton\"]"}
RESULT: {"using":"xpath","value":"//button[@data-kt=\"provideButton\"]"}
COMMAND: POST /session/21ce62c4ecbe6d238b640e15c86407e3/elements - {"using":"xpath","value":"//button[@data-kt=\"provideButton\"]"}
RESULT: {"using":"xpath","value":"//button[@data-kt=\"provideButton\"]"}
COMMAND: POST /session/21ce62c4ecbe6d238b640e15c86407e3/elements - {"using":"xpath","value":"//button[@data-kt=\"provideButton\"]"}
RESULT: {"using":"xpath","value":"//button[@data-kt=\"provideButton\"]"}
COMMAND: POST /session/21ce62c4ecbe6d238b640e15c86407e3/elements - {"using":"xpath","value":"//button[@data-kt=\"provideButton\"]"}
RESULT: {"using":"xpath","value":"//button[@data-kt=\"provideButton\"]"}
COMMAND: POST /session/21ce62c4ecbe6d238b640e15c86407e3/elements - {"using":"xpath","value":"//button[@data-kt=\"provideButton\"]"}
RESULT: {"using":"xpath","value":"//button[@data-kt=\"provideButton\"]"}
COMMAND: POST /session/21ce62c4ecbe6d238b640e15c86407e3/elements - {"using":"xpath","value":"//button[@data-kt=\"provideButton\"]"}
RESULT: {"using":"xpath","value":"//button[@data-kt=\"provideButton\"]"}
COMMAND: POST /session/21ce62c4ecbe6d238b640e15c86407e3/elements - {"using":"xpath","value":"//button[@data-kt=\"provideButton\"]"}
RESULT: {"using":"xpath","value":"//button[@data-kt=\"provideButton\"]"}
COMMAND: POST /session/21ce62c4ecbe6d238b640e15c86407e3/elements - {"using":"xpath","value":"//button[@data-kt=\"provideButton\"]"}
RESULT: {"using":"xpath","value":"//button[@data-kt=\"provideButton\"]"}
COMMAND: POST /session/21ce62c4ecbe6d238b640e15c86407e3/elements - {"using":"xpath","value":"//button[@data-kt=\"provideButton\"]"}
RESULT: {"using":"xpath","value":"//button[@data-kt=\"provideButton\"]"}
COMMAND: POST /session/21ce62c4ecbe6d238b640e15c86407e3/elements - {"using":"xpath","value":"//button[@data-kt=\"provideButton\"]"}
RESULT: {"using":"xpath","value":"//button[@data-kt=\"provideButton\"]"}
COMMAND: POST /session/21ce62c4ecbe6d238b640e15c86407e3/elements - {"using":"xpath","value":"//button[@data-kt=\"provideButton\"]"}
RESULT: {"using":"xpath","value":"//button[@data-kt=\"provideButton\"]"}
COMMAND: POST /session/21ce62c4ecbe6d238b640e15c86407e3/elements - {"using":"xpath","value":"//button[@data-kt=\"provideButton\"]"}
RESULT: {"using":"xpath","value":"//button[@data-kt=\"provideButton\"]"}
COMMAND: POST /session/21ce62c4ecbe6d238b640e15c86407e3/elements - {"using":"xpath","value":"//button[@data-kt=\"provideButton\"]"}
RESULT: {"using":"xpath","value":"//button[@data-kt=\"provideButton\"]"}
COMMAND: POST /session/21ce62c4ecbe6d238b640e15c86407e3/elements - {"using":"xpath","value":"//button[@data-kt=\"provideButton\"]"}
RESULT: {"using":"xpath","value":"//button[@data-kt=\"provideButton\"]"}
COMMAND: POST /session/21ce62c4ecbe6d238b640e15c86407e3/elements - {"using":"xpath","value":"//button[@data-kt=\"provideButton\"]"}
RESULT: {"using":"xpath","value":"//button[@data-kt=\"provideButton\"]"}
COMMAND: POST /session/21ce62c4ecbe6d238b640e15c86407e3/elements - {"using":"xpath","value":"//button[@data-kt=\"provideButton\"]"}
RESULT: {"using":"xpath","value":"//button[@data-kt=\"provideButton\"]"}
COMMAND: POST /session/21ce62c4ecbe6d238b640e15c86407e3/elements - {"using":"xpath","value":"//button[@data-kt=\"provideButton\"]"}
RESULT: {"using":"xpath","value":"//button[@data-kt=\"provideButton\"]"}
COMMAND: POST /session/21ce62c4ecbe6d238b640e15c86407e3/elements - {"using":"xpath","value":"//button[@data-kt=\"provideButton\"]"}
RESULT: {"using":"xpath","value":"//button[@data-kt=\"provideButton\"]"}
COMMAND: POST /session/21ce62c4ecbe6d238b640e15c86407e3/elements - {"using":"xpath","value":"//button[@data-kt=\"provideButton\"]"}
RESULT: {"using":"xpath","value":"//button[@data-kt=\"provideButton\"]"}
COMMAND: POST /session/21ce62c4ecbe6d238b640e15c86407e3/elements - {"using":"xpath","value":"//button[@data-kt=\"provideButton\"]"}
RESULT: {"using":"xpath","value":"//button[@data-kt=\"provideButton\"]"}
COMMAND: POST /session/21ce62c4ecbe6d238b640e15c86407e3/elements - {"using":"xpath","value":"//button[@data-kt=\"provideButton\"]"}
RESULT: {"using":"xpath","value":"//button[@data-kt=\"provideButton\"]"}
COMMAND: POST /session/21ce62c4ecbe6d238b640e15c86407e3/elements - {"using":"xpath","value":"//button[@data-kt=\"provideButton\"]"}
RESULT: {"using":"xpath","value":"//button[@data-kt=\"provideButton\"]"}
COMMAND: POST /session/21ce62c4ecbe6d238b640e15c86407e3/elements - {"using":"xpath","value":"//button[@data-kt=\"provideButton\"]"}
RESULT: {"using":"xpath","value":"//button[@data-kt=\"provideButton\"]"}
COMMAND: POST /session/21ce62c4ecbe6d238b640e15c86407e3/elements - {"using":"xpath","value":"//button[@data-kt=\"provideButton\"]"}
RESULT: {"using":"xpath","value":"//button[@data-kt=\"provideButton\"]"}
COMMAND: POST /session/21ce62c4ecbe6d238b640e15c86407e3/elements - {"using":"xpath","value":"//button[@data-kt=\"provideButton\"]"}
RESULT: {"using":"xpath","value":"//button[@data-kt=\"provideButton\"]"}
COMMAND: POST /session/21ce62c4ecbe6d238b640e15c86407e3/elements - {"using":"xpath","value":"//button[@data-kt=\"provideButton\"]"}
RESULT: {"using":"xpath","value":"//button[@data-kt=\"provideButton\"]"}
COMMAND: POST /session/21ce62c4ecbe6d238b640e15c86407e3/elements - {"using":"xpath","value":"//button[@data-kt=\"provideButton\"]"}
RESULT: {"using":"xpath","value":"//button[@data-kt=\"provideButton\"]"}
COMMAND: POST /session/21ce62c4ecbe6d238b640e15c86407e3/elements - {"using":"xpath","value":"//button[@data-kt=\"provideButton\"]"}
RESULT: {"using":"xpath","value":"//button[@data-kt=\"provideButton\"]"}
COMMAND: POST /session/21ce62c4ecbe6d238b640e15c86407e3/elements - {"using":"xpath","value":"//button[@data-kt=\"provideButton\"]"}
RESULT: {"using":"xpath","value":"//button[@data-kt=\"provideButton\"]"}
COMMAND: POST /session/21ce62c4ecbe6d238b640e15c86407e3/elements - {"using":"xpath","value":"//button[@data-kt=\"provideButton\"]"}
RESULT: {"using":"xpath","value":"//button[@data-kt=\"provideButton\"]"}
COMMAND: POST /session/21ce62c4ecbe6d238b640e15c86407e3/elements - {"using":"xpath","value":"//button[@data-kt=\"provideButton\"]"}
RESULT: {"using":"xpath","value":"//button[@data-kt=\"provideButton\"]"}
COMMAND: POST /session/21ce62c4ecbe6d238b640e15c86407e3/elements - {"using":"xpath","value":"//button[@data-kt=\"provideButton\"]"}
RESULT: {"using":"xpath","value":"//button[@data-kt=\"provideButton\"]"}
COMMAND: POST /session/21ce62c4ecbe6d238b640e15c86407e3/elements - {"using":"xpath","value":"//button[@data-kt=\"provideButton\"]"}
RESULT: {"using":"xpath","value":"//button[@data-kt=\"provideButton\"]"}
COMMAND: POST /session/21ce62c4ecbe6d238b640e15c86407e3/elements - {"using":"xpath","value":"//button[@data-kt=\"provideButton\"]"}
RESULT: {"using":"xpath","value":"//button[@data-kt=\"provideButton\"]"}
COMMAND: POST /session/21ce62c4ecbe6d238b640e15c86407e3/elements - {"using":"xpath","value":"//button[@data-kt=\"provideButton\"]"}
RESULT: {"using":"xpath","value":"//button[@data-kt=\"provideButton\"]"}
COMMAND: POST /session/21ce62c4ecbe6d238b640e15c86407e3/elements - {"using":"xpath","value":"//button[@data-kt=\"provideButton\"]"}
RESULT: {"using":"xpath","value":"//button[@data-kt=\"provideButton\"]"}
COMMAND: POST /session/21ce62c4ecbe6d238b640e15c86407e3/elements - {"using":"xpath","value":"//button[@data-kt=\"provideButton\"]"}
RESULT: {"using":"xpath","value":"//button[@data-kt=\"provideButton\"]"}
COMMAND: POST /session/21ce62c4ecbe6d238b640e15c86407e3/elements - {"using":"xpath","value":"//button[@data-kt=\"provideButton\"]"}
RESULT: {"using":"xpath","value":"//button[@data-kt=\"provideButton\"]"}
COMMAND: POST /session/21ce62c4ecbe6d238b640e15c86407e3/elements - {"using":"xpath","value":"//button[@data-kt=\"provideButton\"]"}
RESULT: {"using":"xpath","value":"//button[@data-kt=\"provideButton\"]"}
COMMAND: POST /session/21ce62c4ecbe6d238b640e15c86407e3/elements - {"using":"xpath","value":"//button[@data-kt=\"provideButton\"]"}
RESULT: {"using":"xpath","value":"//button[@data-kt=\"provideButton\"]"}
COMMAND: POST /session/21ce62c4ecbe6d238b640e15c86407e3/elements - {"using":"xpath","value":"//button[@data-kt=\"provideButton\"]"}
RESULT: {"using":"xpath","value":"//button[@data-kt=\"provideButton\"]"}
COMMAND: POST /session/21ce62c4ecbe6d238b640e15c86407e3/elements - {"using":"xpath","value":"//button[@data-kt=\"provideButton\"]"}
RESULT: {"using":"xpath","value":"//button[@data-kt=\"provideButton\"]"}
COMMAND: POST /session/21ce62c4ecbe6d238b640e15c86407e3/elements - {"using":"xpath","value":"//button[@data-kt=\"provideButton\"]"}
RESULT: {"using":"xpath","value":"//button[@data-kt=\"provideButton\"]"}
COMMAND: POST /session/21ce62c4ecbe6d238b640e15c86407e3/elements - {"using":"xpath","value":"//button[@data-kt=\"provideButton\"]"}
RESULT: {"using":"xpath","value":"//button[@data-kt=\"provideButton\"]"}
COMMAND: POST /session/21ce62c4ecbe6d238b640e15c86407e3/elements - {"using":"xpath","value":"//button[@data-kt=\"provideButton\"]"}
RESULT: {"using":"xpath","value":"//button[@data-kt=\"provideButton\"]"}
COMMAND: POST /session/21ce62c4ecbe6d238b640e15c86407e3/elements - {"using":"xpath","value":"//button[@data-kt=\"provideButton\"]"}
RESULT: {"using":"xpath","value":"//button[@data-kt=\"provideButton\"]"}
COMMAND: POST /session/21ce62c4ecbe6d238b640e15c86407e3/elements - {"using":"xpath","value":"//button[@data-kt=\"provideButton\"]"}
RESULT: {"using":"xpath","value":"//button[@data-kt=\"provideButton\"]"}
COMMAND: POST /session/21ce62c4ecbe6d238b640e15c86407e3/elements - {"using":"xpath","value":"//button[@data-kt=\"provideButton\"]"}
RESULT: {"using":"xpath","value":"//button[@data-kt=\"provideButton\"]"}
COMMAND: POST /session/21ce62c4ecbe6d238b640e15c86407e3/elements - {"using":"xpath","value":"//button[@data-kt=\"provideButton\"]"}
RESULT: {"using":"xpath","value":"//button[@data-kt=\"provideButton\"]"}
COMMAND: POST /session/21ce62c4ecbe6d238b640e15c86407e3/elements - {"using":"xpath","value":"//button[@data-kt=\"provideButton\"]"}
RESULT: {"using":"xpath","value":"//button[@data-kt=\"provideButton\"]"}
COMMAND: POST /session/21ce62c4ecbe6d238b640e15c86407e3/elements - {"using":"xpath","value":"//button[@data-kt=\"provideButton\"]"}
RESULT: {"using":"xpath","value":"//button[@data-kt=\"provideButton\"]"}
COMMAND: POST /session/21ce62c4ecbe6d238b640e15c86407e3/elements - {"using":"xpath","value":"//button[@data-kt=\"provideButton\"]"}
RESULT: {"using":"xpath","value":"//button[@data-kt=\"provideButton\"]"}
COMMAND: POST /session/21ce62c4ecbe6d238b640e15c86407e3/elements - {"using":"xpath","value":"//button[@data-kt=\"provideButton\"]"}
RESULT: {"using":"xpath","value":"//button[@data-kt=\"provideButton\"]"}
COMMAND: POST /session/21ce62c4ecbe6d238b640e15c86407e3/elements - {"using":"xpath","value":"//button[@data-kt=\"provideButton\"]"}
RESULT: {"using":"xpath","value":"//button[@data-kt=\"provideButton\"]"}
COMMAND: POST /session/21ce62c4ecbe6d238b640e15c86407e3/elements - {"using":"xpath","value":"//button[@data-kt=\"provideButton\"]"}
RESULT: {"using":"xpath","value":"//button[@data-kt=\"provideButton\"]"}
COMMAND: POST /session/21ce62c4ecbe6d238b640e15c86407e3/elements - {"using":"xpath","value":"//button[@data-kt=\"provideButton\"]"}
RESULT: {"using":"xpath","value":"//button[@data-kt=\"provideButton\"]"}
COMMAND: POST /session/21ce62c4ecbe6d238b640e15c86407e3/elements - {"using":"xpath","value":"//button[@data-kt=\"provideButton\"]"}
RESULT: {"using":"xpath","value":"//button[@data-kt=\"provideButton\"]"}
COMMAND: POST /session/21ce62c4ecbe6d238b640e15c86407e3/elements - {"using":"xpath","value":"//button[@data-kt=\"provideButton\"]"}
RESULT: {"using":"xpath","value":"//button[@data-kt=\"provideButton\"]"}
COMMAND: POST /session/21ce62c4ecbe6d238b640e15c86407e3/elements - {"using":"xpath","value":"//button[@data-kt=\"provideButton\"]"}
RESULT: {"using":"xpath","value":"//button[@data-kt=\"provideButton\"]"}
COMMAND: POST /session/21ce62c4ecbe6d238b640e15c86407e3/elements - {"using":"xpath","value":"//button[@data-kt=\"provideButton\"]"}
RESULT: {"using":"xpath","value":"//button[@data-kt=\"provideButton\"]"}
COMMAND: POST /session/21ce62c4ecbe6d238b640e15c86407e3/elements - {"using":"xpath","value":"//button[@data-kt=\"provideButton\"]"}
RESULT: {"using":"xpath","value":"//button[@data-kt=\"provideButton\"]"}
COMMAND: POST /session/21ce62c4ecbe6d238b640e15c86407e3/elements - {"using":"xpath","value":"//button[@data-kt=\"provideButton\"]"}
RESULT: {"using":"xpath","value":"//button[@data-kt=\"provideButton\"]"}
COMMAND: POST /session/21ce62c4ecbe6d238b640e15c86407e3/elements - {"using":"xpath","value":"//button[@data-kt=\"provideButton\"]"}
RESULT: {"using":"xpath","value":"//button[@data-kt=\"provideButton\"]"}
COMMAND: POST /session/21ce62c4ecbe6d238b640e15c86407e3/elements - {"using":"xpath","value":"//button[@data-kt=\"provideButton\"]"}
RESULT: {"using":"xpath","value":"//button[@data-kt=\"provideButton\"]"}
COMMAND: POST /session/21ce62c4ecbe6d238b640e15c86407e3/elements - {"using":"xpath","value":"//button[@data-kt=\"provideButton\"]"}
RESULT: {"using":"xpath","value":"//button[@data-kt=\"provideButton\"]"}
COMMAND: POST /session/21ce62c4ecbe6d238b640e15c86407e3/elements - {"using":"xpath","value":"//button[@data-kt=\"provideButton\"]"}
RESULT: {"using":"xpath","value":"//button[@data-kt=\"provideButton\"]"}
COMMAND: POST /session/21ce62c4ecbe6d238b640e15c86407e3/elements - {"using":"xpath","value":"//button[@data-kt=\"provideButton\"]"}
RESULT: {"using":"xpath","value":"//button[@data-kt=\"provideButton\"]"}
COMMAND: POST /session/21ce62c4ecbe6d238b640e15c86407e3/elements - {"using":"xpath","value":"//button[@data-kt=\"provideButton\"]"}
RESULT: {"using":"xpath","value":"//button[@data-kt=\"provideButton\"]"}
COMMAND: POST /session/21ce62c4ecbe6d238b640e15c86407e3/elements - {"using":"xpath","value":"//button[@data-kt=\"provideButton\"]"}
RESULT: {"using":"xpath","value":"//button[@data-kt=\"provideButton\"]"}
COMMAND: POST /session/21ce62c4ecbe6d238b640e15c86407e3/elements - {"using":"xpath","value":"//button[@data-kt=\"provideButton\"]"}
RESULT: {"using":"xpath","value":"//button[@data-kt=\"provideButton\"]"}
COMMAND: POST /session/21ce62c4ecbe6d238b640e15c86407e3/elements - {"using":"xpath","value":"//button[@data-kt=\"provideButton\"]"}
RESULT: {"using":"xpath","value":"//button[@data-kt=\"provideButton\"]"}
COMMAND: POST /session/21ce62c4ecbe6d238b640e15c86407e3/elements - {"using":"xpath","value":"//button[@data-kt=\"provideButton\"]"}
RESULT: {"using":"xpath","value":"//button[@data-kt=\"provideButton\"]"}
COMMAND: POST /session/21ce62c4ecbe6d238b640e15c86407e3/elements - {"using":"xpath","value":"//button[@data-kt=\"provideButton\"]"}
RESULT: {"using":"xpath","value":"//button[@data-kt=\"provideButton\"]"}
COMMAND: POST /session/21ce62c4ecbe6d238b640e15c86407e3/elements - {"using":"xpath","value":"//button[@data-kt=\"provideButton\"]"}
RESULT: {"using":"xpath","value":"//button[@data-kt=\"provideButton\"]"}
COMMAND: POST /session/21ce62c4ecbe6d238b640e15c86407e3/elements - {"using":"xpath","value":"//button[@data-kt=\"provideButton\"]"}
RESULT: {"using":"xpath","value":"//button[@data-kt=\"provideButton\"]"}
COMMAND: POST /session/21ce62c4ecbe6d238b640e15c86407e3/elements - {"using":"xpath","value":"//button[@data-kt=\"provideButton\"]"}
RESULT: {"using":"xpath","value":"//button[@data-kt=\"provideButton\"]"}
COMMAND: POST /session/21ce62c4ecbe6d238b640e15c86407e3/elements - {"using":"xpath","value":"//button[@data-kt=\"provideButton\"]"}
RESULT: {"using":"xpath","value":"//button[@data-kt=\"provideButton\"]"}
COMMAND: POST /session/21ce62c4ecbe6d238b640e15c86407e3/elements - {"using":"xpath","value":"//button[@data-kt=\"provideButton\"]"}
RESULT: {"using":"xpath","value":"//button[@data-kt=\"provideButton\"]"}
COMMAND: POST /session/21ce62c4ecbe6d238b640e15c86407e3/elements - {"using":"xpath","value":"//button[@data-kt=\"provideButton\"]"}
RESULT: {"using":"xpath","value":"//button[@data-kt=\"provideButton\"]"}
COMMAND: POST /session/21ce62c4ecbe6d238b640e15c86407e3/elements - {"using":"xpath","value":"//button[@data-kt=\"provideButton\"]"}
RESULT: {"using":"xpath","value":"//button[@data-kt=\"provideButton\"]"}
COMMAND: POST /session/21ce62c4ecbe6d238b640e15c86407e3/elements - {"using":"xpath","value":"//button[@data-kt=\"provideButton\"]"}
RESULT: {"using":"xpath","value":"//button[@data-kt=\"provideButton\"]"}
COMMAND: POST /session/21ce62c4ecbe6d238b640e15c86407e3/elements - {"using":"xpath","value":"//button[@data-kt=\"provideButton\"]"}
RESULT: {"using":"xpath","value":"//button[@data-kt=\"provideButton\"]"}
COMMAND: POST /session/21ce62c4ecbe6d238b640e15c86407e3/elements - {"using":"xpath","value":"//button[@data-kt=\"provideButton\"]"}
RESULT: {"using":"xpath","value":"//button[@data-kt=\"provideButton\"]"}
COMMAND: POST /session/21ce62c4ecbe6d238b640e15c86407e3/elements - {"using":"xpath","value":"//button[@data-kt=\"provideButton\"]"}
RESULT: {"using":"xpath","value":"//button[@data-kt=\"provideButton\"]"}
COMMAND: POST /session/21ce62c4ecbe6d238b640e15c86407e3/elements - {"using":"xpath","value":"//button[@data-kt=\"provideButton\"]"}
RESULT: {"using":"xpath","value":"//button[@data-kt=\"provideButton\"]"}
COMMAND: POST /session/21ce62c4ecbe6d238b640e15c86407e3/elements - {"using":"xpath","value":"//button[@data-kt=\"provideButton\"]"}
RESULT: {"using":"xpath","value":"//button[@data-kt=\"provideButton\"]"}
COMMAND: POST /session/21ce62c4ecbe6d238b640e15c86407e3/elements - {"using":"xpath","value":"//button[@data-kt=\"provideButton\"]"}
RESULT: {"using":"xpath","value":"//button[@data-kt=\"provideButton\"]"}
COMMAND: POST /session/21ce62c4ecbe6d238b640e15c86407e3/elements - {"using":"xpath","value":"//button[@data-kt=\"provideButton\"]"}
RESULT: {"using":"xpath","value":"//button[@data-kt=\"provideButton\"]"}
COMMAND: POST /session/21ce62c4ecbe6d238b640e15c86407e3/elements - {"using":"xpath","value":"//button[@data-kt=\"provideButton\"]"}
RESULT: {"using":"xpath","value":"//button[@data-kt=\"provideButton\"]"}
COMMAND: POST /session/21ce62c4ecbe6d238b640e15c86407e3/elements - {"using":"xpath","value":"//button[@data-kt=\"provideButton\"]"}
RESULT: {"using":"xpath","value":"//button[@data-kt=\"provideButton\"]"}
COMMAND: POST /session/21ce62c4ecbe6d238b640e15c86407e3/elements - {"using":"xpath","value":"//button[@data-kt=\"provideButton\"]"}
RESULT: {"using":"xpath","value":"//button[@data-kt=\"provideButton\"]"}
COMMAND: POST /session/21ce62c4ecbe6d238b640e15c86407e3/elements - {"using":"xpath","value":"//button[@data-kt=\"provideButton\"]"}
RESULT: {"using":"xpath","value":"//button[@data-kt=\"provideButton\"]"}
COMMAND: POST /session/21ce62c4ecbe6d238b640e15c86407e3/elements - {"using":"xpath","value":"//button[@data-kt=\"provideButton\"]"}
RESULT: {"using":"xpath","value":"//button[@data-kt=\"provideButton\"]"}
COMMAND: POST /session/21ce62c4ecbe6d238b640e15c86407e3/elements - {"using":"xpath","value":"//button[@data-kt=\"provideButton\"]"}
RESULT: {"using":"xpath","value":"//button[@data-kt=\"provideButton\"]"}
COMMAND: POST /session/21ce62c4ecbe6d238b640e15c86407e3/elements - {"using":"xpath","value":"//button[@data-kt=\"provideButton\"]"}
COMMAND: GET /session/21ce62c4ecbe6d238b640e15c86407e3/screenshot - {}
RESULT: {"using":"xpath","value":"//button[@data-kt=\"provideButton\"]"}
RESULT: {}
]]></system-out>
      <system-err><![CDATA[
Error: Can't call click on element with selector "//button[@data-kt="provideButton"]" because element wasn't found
    at async Context.<anonymous> (D:\a\1\s\test\specs\HTR\provide-to-site-wo-warehouse-w-clarification.spec.js:68:9)
]]></system-err>
    </testcase>
    <testcase classname="chrome.136_0_7103_93.windows.Provide_to_Site_w/o_warehouse_management_w_clarification" name="Should Test for Handover Execution" time="12.991">
      <system-out><![CDATA[
COMMAND: POST /session/21ce62c4ecbe6d238b640e15c86407e3/element - {"using":"xpath","value":"(//span[contains(@id, \"imgNav\")])[1]"}
COMMAND: GET /session/21ce62c4ecbe6d238b640e15c86407e3/screenshot - {}
RESULT: {"using":"xpath","value":"(//span[contains(@id, \"imgNav\")])[1]"}
COMMAND: POST /session/21ce62c4ecbe6d238b640e15c86407e3/element/f.93D217436D6DD50F1CAF1D433A497FC6.d.519DDBA6B54ADA4746E457B6C39B0E4F.e.9101/click - {}
RESULT: {}
RESULT: {}
COMMAND: GET /session/21ce62c4ecbe6d238b640e15c86407e3/screenshot - {}
RESULT: {}
COMMAND: POST /session/21ce62c4ecbe6d238b640e15c86407e3/element - {"using":"css selector","value":"#shell-header-logo"}
RESULT: {"using":"css selector","value":"#shell-header-logo"}
COMMAND: POST /session/21ce62c4ecbe6d238b640e15c86407e3/element/f.93D217436D6DD50F1CAF1D433A497FC6.d.519DDBA6B54ADA4746E457B6C39B0E4F.e.9042/click - {}
RESULT: {}
COMMAND: GET /session/21ce62c4ecbe6d238b640e15c86407e3/screenshot - {}
RESULT: {}
]]></system-out>
    </testcase>
    <testcase classname="chrome.136_0_7103_93.windows.Provide_to_Site_w/o_warehouse_management_w_clarification" name="Should test for Clarification" time="0.007">
      <system-out><![CDATA[
COMMAND: POST /session/21ce62c4ecbe6d238b640e15c86407e3/element - {"using":"css selector","value":"#j_username"}
COMMAND: POST /session/21ce62c4ecbe6d238b640e15c86407e3/url - {"url":"https://qa-testing-00-live-etm-ui.cfapps.eu10-004.hana.ondemand.com/"}
COMMAND: GET /session/21ce62c4ecbe6d238b640e15c86407e3/screenshot - {}
RESULT: {"using":"css selector","value":"#j_username"}
COMMAND: POST /session/21ce62c4ecbe6d238b640e15c86407e3/element - {"using":"css selector","value":"#j_username"}
RESULT: {"url":"https://qa-testing-00-live-etm-ui.cfapps.eu10-004.hana.ondemand.com/"}
RESULT: undefined
COMMAND: GET /session/21ce62c4ecbe6d238b640e15c86407e3/screenshot - {}
RESULT: {}
RESULT: {"using":"css selector","value":"#j_username"}
COMMAND: POST /session/21ce62c4ecbe6d238b640e15c86407e3/element - {"using":"css selector","value":"#shell-header-logo"}
RESULT: {}
RESULT: {"using":"css selector","value":"#shell-header-logo"}
COMMAND: POST /session/21ce62c4ecbe6d238b640e15c86407e3/execute/sync - {"script":"<script> [8489 bytes]","args":[{"element-6066-11e4-a52e-4f735466cecf":"f.93D217436D6DD50F1CAF1D433A497FC6.d.9E8F0AC812E9EF0D0E7FE634C21CA0B8.e.9472","ELEMENT":"f.93D217436D6DD50F1CAF1D433A497FC6.d.9E8F0AC812E9EF0D0E7FE634C21CA0B8.e.9472"}]}
RESULT: {"script":"<script> [8489 bytes]","args":[{"element-6066-11e4-a52e-4f735466cecf":"f.93D217436D6DD50F1CAF1D433A497FC6.d.9E8F0AC812E9EF0D0E7FE634C21CA0B8.e.9472","ELEMENT":"f.93D217436D6DD50F1CAF1D433A497FC6.d.9E8F0AC812E9EF0D0E7FE634C21CA0B8.e.9472"}]}
COMMAND: POST /session/21ce62c4ecbe6d238b640e15c86407e3/element - {"using":"css selector","value":"#shell-header-logo"}
COMMAND: GET /session/21ce62c4ecbe6d238b640e15c86407e3/screenshot - {}
RESULT: {"using":"css selector","value":"#shell-header-logo"}
COMMAND: POST /session/21ce62c4ecbe6d238b640e15c86407e3/execute/sync - {"script":"<script> [8489 bytes]","args":[{"element-6066-11e4-a52e-4f735466cecf":"f.93D217436D6DD50F1CAF1D433A497FC6.d.9E8F0AC812E9EF0D0E7FE634C21CA0B8.e.9472","ELEMENT":"f.93D217436D6DD50F1CAF1D433A497FC6.d.9E8F0AC812E9EF0D0E7FE634C21CA0B8.e.9472"}]}
RESULT: {}
RESULT: {"script":"<script> [8489 bytes]","args":[{"element-6066-11e4-a52e-4f735466cecf":"f.93D217436D6DD50F1CAF1D433A497FC6.d.9E8F0AC812E9EF0D0E7FE634C21CA0B8.e.9472","ELEMENT":"f.93D217436D6DD50F1CAF1D433A497FC6.d.9E8F0AC812E9EF0D0E7FE634C21CA0B8.e.9472"}]}
COMMAND: POST /session/21ce62c4ecbe6d238b640e15c86407e3/execute/sync - {"script":"<script> [5351 bytes]","args":[{"element-6066-11e4-a52e-4f735466cecf":"f.93D217436D6DD50F1CAF1D433A497FC6.d.9E8F0AC812E9EF0D0E7FE634C21CA0B8.e.9472","ELEMENT":"f.93D217436D6DD50F1CAF1D433A497FC6.d.9E8F0AC812E9EF0D0E7FE634C21CA0B8.e.9472"}]}
COMMAND: GET /session/21ce62c4ecbe6d238b640e15c86407e3/screenshot - {}
RESULT: {"script":"<script> [5351 bytes]","args":[{"element-6066-11e4-a52e-4f735466cecf":"f.93D217436D6DD50F1CAF1D433A497FC6.d.9E8F0AC812E9EF0D0E7FE634C21CA0B8.e.9472","ELEMENT":"f.93D217436D6DD50F1CAF1D433A497FC6.d.9E8F0AC812E9EF0D0E7FE634C21CA0B8.e.9472"}]}
COMMAND: POST /session/21ce62c4ecbe6d238b640e15c86407e3/element - {"using":"css selector","value":"#shell-header-logo"}
COMMAND: GET /session/21ce62c4ecbe6d238b640e15c86407e3/screenshot - {}
RESULT: {}
RESULT: {"using":"css selector","value":"#shell-header-logo"}
COMMAND: POST /session/21ce62c4ecbe6d238b640e15c86407e3/element/f.93D217436D6DD50F1CAF1D433A497FC6.d.9E8F0AC812E9EF0D0E7FE634C21CA0B8.e.9472/click - {}
RESULT: {}
RESULT: {}
COMMAND: GET /session/21ce62c4ecbe6d238b640e15c86407e3/screenshot - {}
RESULT: {}
COMMAND: POST /session/21ce62c4ecbe6d238b640e15c86407e3/execute/async - {"script":"<script> [189 bytes]","args":[]}
RESULT: {"script":"<script> [189 bytes]","args":[]}
COMMAND: POST /session/21ce62c4ecbe6d238b640e15c86407e3/execute/async - {"script":"<script> [123 bytes]","args":[]}
RESULT: {"script":"<script> [123 bytes]","args":[]}
COMMAND: POST /session/21ce62c4ecbe6d238b640e15c86407e3/timeouts - {"script":"<number>"}
RESULT: {"script":"<number>"}
COMMAND: GET /session/21ce62c4ecbe6d238b640e15c86407e3/timeouts - {}
RESULT: {}
RESULT: undefined
COMMAND: POST /session/21ce62c4ecbe6d238b640e15c86407e3/execute/async - {"script":"<script> [2676 bytes]","args":[]}
RESULT: {"script":"<script> [2676 bytes]","args":[]}
COMMAND: POST /session/21ce62c4ecbe6d238b640e15c86407e3/execute/async - {"script":"<script> [2342 bytes]","args":[{"protocol":"http","hostname":"0.0.0.0","path":"/","capabilities":{"browserName":"chrome","goog:chromeOptions":{"binary":"C:\\Program Files\\Google\\Chrome\\Application\\chrome.exe","args":["--start-maximized"]}},"logLevel":"warn","connectionRetryTimeout":120000,"connectionRetryCount":3,"logLevels":{},"enableDirectConnect":true,"strictSSL":true,"_":"65 more keys: [\"cacheDir\",\"port\",\"requestedCapabilities\",\"automationProtocol\",\"baseUrl\",\"waitforInterval\",\"waitforTimeout\",\"onReload\",\"beforeCommand\",\"afterCommand\",\"rootDir\",\"specs\",\"suites\",\"exclude\",\"groupLogsByTestSpec\",\"excludeDriverLogs\",\"bail\",\"framework\",\"reporters\",\"services\",\"maxInstances\",\"maxInstancesPerCapability\",\"injectGlobals\",\"filesToWatch\",\"execArgv\",\"runnerEnv\",\"runner\",\"shard\",\"specFileRetries\",\"specFileRetriesDelay\",\"specFileRetriesDeferred\",\"reporterSyncInterval\",\"reporterSyncTimeout\",\"cucumberFeaturesWithLineNumbers\",\"autoCompileOpts\",\"mochaOpts\",\"jasmineOpts\",\"cucumberOpts\",\"onPrepare\",\"onWorkerStart\",\"onWorkerEnd\",\"before\",\"beforeSession\",\"beforeSuite\",\"beforeHook\",\"beforeTest\",\"afterTest\",\"afterHook\",\"afterSuite\",\"afterSession\",\"after\",\"onComplete\",\"beforeAssertion\",\"afterAssertion\",\"beforeFeature\",\"beforeScenario\",\"beforeStep\",\"afterStep\",\"afterScenario\",\"afterFeature\",\"_\",\"suite\",\"$0\",\"ignoredWorkerServices\",\"wdi5\"]"}]}
RESULT: {"script":"<script> [2342 bytes]","args":[{"protocol":"http","hostname":"0.0.0.0","path":"/","capabilities":{"browserName":"chrome","goog:chromeOptions":{"binary":"C:\\Program Files\\Google\\Chrome\\Application\\chrome.exe","args":["--start-maximized"]}},"logLevel":"warn","connectionRetryTimeout":120000,"connectionRetryCount":3,"logLevels":{},"enableDirectConnect":true,"strictSSL":true,"_":"65 more keys: [\"cacheDir\",\"port\",\"requestedCapabilities\",\"automationProtocol\",\"baseUrl\",\"waitforInterval\",\"waitforTimeout\",\"onReload\",\"beforeCommand\",\"afterCommand\",\"rootDir\",\"specs\",\"suites\",\"exclude\",\"groupLogsByTestSpec\",\"excludeDriverLogs\",\"bail\",\"framework\",\"reporters\",\"services\",\"maxInstances\",\"maxInstancesPerCapability\",\"injectGlobals\",\"filesToWatch\",\"execArgv\",\"runnerEnv\",\"runner\",\"shard\",\"specFileRetries\",\"specFileRetriesDelay\",\"specFileRetriesDeferred\",\"reporterSyncInterval\",\"reporterSyncTimeout\",\"cucumberFeaturesWithLineNumbers\",\"autoCompileOpts\",\"mochaOpts\",\"jasmineOpts\",\"cucumberOpts\",\"onPrepare\",\"onWorkerStart\",\"onWorkerEnd\",\"before\",\"beforeSession\",\"beforeSuite\",\"beforeHook\",\"beforeTest\",\"afterTest\",\"afterHook\",\"afterSuite\",\"afterSession\",\"after\",\"onComplete\",\"beforeAssertion\",\"afterAssertion\",\"beforeFeature\",\"beforeScenario\",\"beforeStep\",\"afterStep\",\"afterScenario\",\"afterFeature\",\"_\",\"suite\",\"$0\",\"ignoredWorkerServices\",\"wdi5\"]"}]}
COMMAND: POST /session/21ce62c4ecbe6d238b640e15c86407e3/execute/async - {"script":"<script> [21126 bytes]","args":[35000]}
RESULT: {"script":"<script> [21126 bytes]","args":[35000]}
COMMAND: POST /session/21ce62c4ecbe6d238b640e15c86407e3/window/maximize - {}
RESULT: {}
COMMAND: POST /session/21ce62c4ecbe6d238b640e15c86407e3/execute/async - {"script":"<script> [1562 bytes]","args":[{"selector":{"id":"shell-header","interaction":{"idSuffix":"icon"}},"wdio_ui5_key":"shellheader"}]}
COMMAND: GET /session/21ce62c4ecbe6d238b640e15c86407e3/screenshot - {}
RESULT: {"script":"<script> [1562 bytes]","args":[{"selector":{"id":"shell-header","interaction":{"idSuffix":"icon"}},"wdio_ui5_key":"shellheader"}]}
RESULT: undefined
COMMAND: POST /session/21ce62c4ecbe6d238b640e15c86407e3/window/fullscreen - {}
RESULT: {}
RESULT: {}
]]></system-out>
    </testcase>
  </testsuite>
  <testsuite timestamp="2025-05-31T17:01:41" time="156.756" tests="4" failures="0" errors="0" skipped="0">
    <properties>
      <property name="specId" value="0"/>
      <property name="suiteName" value="Provide to Site w/o warehouse management w/o clarification US116612"/>
      <property name="capabilities" value="chrome.136_0_7103_93.windows"/>
      <property name="file" value="file:///D:/a/1/s/test/specs/HTR/provide-to-site-wo-warehouse-wo-clarification.spec.js"/>
    </properties>
    <testcase classname="chrome.136_0_7103_93.windows.Provide_to_Site_w/o_warehouse_management_w/o_clarification_US116612" name="Should create a new yard" time="0.018">
      <system-out><![CDATA[
COMMAND: POST /session/21ce62c4ecbe6d238b640e15c86407e3/window/fullscreen - {}
RESULT: {}
]]></system-out>
    </testcase>
    <testcase classname="chrome.136_0_7103_93.windows.Provide_to_Site_w/o_warehouse_management_w/o_clarification_US116612" name="Should create a new external partner" time="0.007"/>
    <testcase classname="chrome.136_0_7103_93.windows.Provide_to_Site_w/o_warehouse_management_w/o_clarification_US116612" name="Should create a new site" time="0.004"/>
    <testcase classname="chrome.136_0_7103_93.windows.Provide_to_Site_w/o_warehouse_management_w/o_clarification_US116612" name="Should create a new material" time="138.301">
      <system-out><![CDATA[
COMMAND: POST /session/21ce62c4ecbe6d238b640e15c86407e3/execute/async - {"script":"<script> [1562 bytes]","args":[{"selector":{"controlType":"sap.m.GenericTile","properties":{"header":"Manage Resources"}},"wdio_ui5_key":"sapm.GenericTile{\"header\":\"Manage Resources\"}"}]}
RESULT: {"script":"<script> [1562 bytes]","args":[{"selector":{"controlType":"sap.m.GenericTile","properties":{"header":"Manage Resources"}},"wdio_ui5_key":"sapm.GenericTile{\"header\":\"Manage Resources\"}"}]}
RESULT: undefined
COMMAND: POST /session/21ce62c4ecbe6d238b640e15c86407e3/element - {"using":"xpath","value":"//*[@id=\"__tile31\"]"}
RESULT: {"using":"xpath","value":"//*[@id=\"__tile31\"]"}
COMMAND: POST /session/21ce62c4ecbe6d238b640e15c86407e3/element/f.93D217436D6DD50F1CAF1D433A497FC6.d.9E8F0AC812E9EF0D0E7FE634C21CA0B8.e.9491/click - {}
RESULT: {}
COMMAND: GET /session/21ce62c4ecbe6d238b640e15c86407e3/screenshot - {}
RESULT: {}
COMMAND: POST /session/21ce62c4ecbe6d238b640e15c86407e3/elements - {"using":"xpath","value":"//span[text()='Error']"}
RESULT: {"using":"xpath","value":"//span[text()='Error']"}
COMMAND: POST /session/21ce62c4ecbe6d238b640e15c86407e3/element - {"using":"xpath","value":"//button[@data-kt=\"addNewRUOverflowToolbarButton\"]"}
RESULT: {"using":"xpath","value":"//button[@data-kt=\"addNewRUOverflowToolbarButton\"]"}
COMMAND: POST /session/21ce62c4ecbe6d238b640e15c86407e3/elements - {"using":"xpath","value":"//button[@data-kt=\"addNewRUOverflowToolbarButton\"]"}
RESULT: {"using":"xpath","value":"//button[@data-kt=\"addNewRUOverflowToolbarButton\"]"}
COMMAND: POST /session/21ce62c4ecbe6d238b640e15c86407e3/element - {"using":"xpath","value":"//button[@data-kt=\"addNewRUOverflowToolbarButton\"]"}
RESULT: {"using":"xpath","value":"//button[@data-kt=\"addNewRUOverflowToolbarButton\"]"}
COMMAND: POST /session/21ce62c4ecbe6d238b640e15c86407e3/execute/sync - {"script":"<script> [8489 bytes]","args":[{"element-6066-11e4-a52e-4f735466cecf":"f.93D217436D6DD50F1CAF1D433A497FC6.d.9E8F0AC812E9EF0D0E7FE634C21CA0B8.e.9631","ELEMENT":"f.93D217436D6DD50F1CAF1D433A497FC6.d.9E8F0AC812E9EF0D0E7FE634C21CA0B8.e.9631"}]}
RESULT: {"script":"<script> [8489 bytes]","args":[{"element-6066-11e4-a52e-4f735466cecf":"f.93D217436D6DD50F1CAF1D433A497FC6.d.9E8F0AC812E9EF0D0E7FE634C21CA0B8.e.9631","ELEMENT":"f.93D217436D6DD50F1CAF1D433A497FC6.d.9E8F0AC812E9EF0D0E7FE634C21CA0B8.e.9631"}]}
COMMAND: GET /session/21ce62c4ecbe6d238b640e15c86407e3/element/f.93D217436D6DD50F1CAF1D433A497FC6.d.9E8F0AC812E9EF0D0E7FE634C21CA0B8.e.9631/enabled - {}
COMMAND: GET /session/21ce62c4ecbe6d238b640e15c86407e3/screenshot - {}
RESULT: {}
COMMAND: POST /session/21ce62c4ecbe6d238b640e15c86407e3/execute/sync - {"script":"<script> [8489 bytes]","args":[{"element-6066-11e4-a52e-4f735466cecf":"f.93D217436D6DD50F1CAF1D433A497FC6.d.9E8F0AC812E9EF0D0E7FE634C21CA0B8.e.9631","ELEMENT":"f.93D217436D6DD50F1CAF1D433A497FC6.d.9E8F0AC812E9EF0D0E7FE634C21CA0B8.e.9631"}]}
COMMAND: GET /session/21ce62c4ecbe6d238b640e15c86407e3/screenshot - {}
RESULT: {}
RESULT: {"script":"<script> [8489 bytes]","args":[{"element-6066-11e4-a52e-4f735466cecf":"f.93D217436D6DD50F1CAF1D433A497FC6.d.9E8F0AC812E9EF0D0E7FE634C21CA0B8.e.9631","ELEMENT":"f.93D217436D6DD50F1CAF1D433A497FC6.d.9E8F0AC812E9EF0D0E7FE634C21CA0B8.e.9631"}]}
COMMAND: POST /session/21ce62c4ecbe6d238b640e15c86407e3/execute/sync - {"script":"<script> [5351 bytes]","args":[{"element-6066-11e4-a52e-4f735466cecf":"f.93D217436D6DD50F1CAF1D433A497FC6.d.9E8F0AC812E9EF0D0E7FE634C21CA0B8.e.9631","ELEMENT":"f.93D217436D6DD50F1CAF1D433A497FC6.d.9E8F0AC812E9EF0D0E7FE634C21CA0B8.e.9631"}]}
COMMAND: GET /session/21ce62c4ecbe6d238b640e15c86407e3/screenshot - {}
RESULT: {}
RESULT: {"script":"<script> [5351 bytes]","args":[{"element-6066-11e4-a52e-4f735466cecf":"f.93D217436D6DD50F1CAF1D433A497FC6.d.9E8F0AC812E9EF0D0E7FE634C21CA0B8.e.9631","ELEMENT":"f.93D217436D6DD50F1CAF1D433A497FC6.d.9E8F0AC812E9EF0D0E7FE634C21CA0B8.e.9631"}]}
COMMAND: POST /session/21ce62c4ecbe6d238b640e15c86407e3/element/f.93D217436D6DD50F1CAF1D433A497FC6.d.9E8F0AC812E9EF0D0E7FE634C21CA0B8.e.9631/click - {}
COMMAND: GET /session/21ce62c4ecbe6d238b640e15c86407e3/screenshot - {}
RESULT: {}
RESULT: {}
COMMAND: GET /session/21ce62c4ecbe6d238b640e15c86407e3/screenshot - {}
RESULT: {}
RESULT: {}
COMMAND: POST /session/21ce62c4ecbe6d238b640e15c86407e3/execute/async - {"script":"<script> [1562 bytes]","args":[{"selector":{"id":"application-manageresources-display-component---newResourceUnit--TYPE-arrow"},"wdio_ui5_key":"applicationmanageresources-display-component---newResourceUnit--TYPE-arrow"}]}
RESULT: {"script":"<script> [1562 bytes]","args":[{"selector":{"id":"application-manageresources-display-component---newResourceUnit--TYPE-arrow"},"wdio_ui5_key":"applicationmanageresources-display-component---newResourceUnit--TYPE-arrow"}]}
RESULT: undefined
COMMAND: POST /session/21ce62c4ecbe6d238b640e15c86407e3/element - {"using":"xpath","value":"//*[@id=\"application-manageresources-display-component---newResourceUnit--TYPE-arrow\"]"}
RESULT: {"using":"xpath","value":"//*[@id=\"application-manageresources-display-component---newResourceUnit--TYPE-arrow\"]"}
COMMAND: POST /session/21ce62c4ecbe6d238b640e15c86407e3/element/f.93D217436D6DD50F1CAF1D433A497FC6.d.9E8F0AC812E9EF0D0E7FE634C21CA0B8.e.9977/click - {}
RESULT: {}
COMMAND: POST /session/21ce62c4ecbe6d238b640e15c86407e3/element - {"using":"xpath","value":"//input[@id=\"application-manageresources-display-component---newResourceUnit--TYPE-inner\"]"}
COMMAND: GET /session/21ce62c4ecbe6d238b640e15c86407e3/screenshot - {}
RESULT: {"using":"xpath","value":"//input[@id=\"application-manageresources-display-component---newResourceUnit--TYPE-inner\"]"}
COMMAND: POST /session/21ce62c4ecbe6d238b640e15c86407e3/element/f.93D217436D6DD50F1CAF1D433A497FC6.d.9E8F0AC812E9EF0D0E7FE634C21CA0B8.e.9972/clear - {}
RESULT: {}
RESULT: {}
COMMAND: POST /session/21ce62c4ecbe6d238b640e15c86407e3/element/f.93D217436D6DD50F1CAF1D433A497FC6.d.9E8F0AC812E9EF0D0E7FE634C21CA0B8.e.9972/value - {"text":"Material"}
COMMAND: GET /session/21ce62c4ecbe6d238b640e15c86407e3/screenshot - {}
RESULT: {"text":"Material"}
COMMAND: GET /session/21ce62c4ecbe6d238b640e15c86407e3/screenshot - {}
RESULT: {}
RESULT: {}
COMMAND: POST /session/21ce62c4ecbe6d238b640e15c86407e3/actions - {"actions":[{"id":"action33","type":"key","parameters":{},"actions":[{"type":"keyDown","value":""},{"type":"pause","duration":10},{"type":"keyUp","value":""}]}]}
RESULT: {"actions":[{"id":"action33","type":"key","parameters":{},"actions":[{"type":"keyDown","value":""},{"type":"pause","duration":10},{"type":"keyUp","value":""}]}]}
COMMAND: POST /session/21ce62c4ecbe6d238b640e15c86407e3/execute/async - {"script":"<script> [1562 bytes]","args":[{"selector":{"id":"application-manageresources-display-component---newResourceUnit--SHORT_TEXT","interaction":{"idSuffix":"inner"}},"wdio_ui5_key":"applicationmanageresources-display-component---newResourceUnit--SHORT_TEXT"}]}
COMMAND: GET /session/21ce62c4ecbe6d238b640e15c86407e3/screenshot - {}
RESULT: {"script":"<script> [1562 bytes]","args":[{"selector":{"id":"application-manageresources-display-component---newResourceUnit--SHORT_TEXT","interaction":{"idSuffix":"inner"}},"wdio_ui5_key":"applicationmanageresources-display-component---newResourceUnit--SHORT_TEXT"}]}
RESULT: undefined
COMMAND: POST /session/21ce62c4ecbe6d238b640e15c86407e3/execute/async - {"script":"<script> [776 bytes]","args":[{"enterText":"Cement WDIO","selector":{"id":"application-manageresources-display-component---newResourceUnit--SHORT_TEXT","interaction":{"idSuffix":"inner"}},"clearTextFirst":true,"interactionType":"ENTER_TEXT"}]}
RESULT: {}
RESULT: {"script":"<script> [776 bytes]","args":[{"enterText":"Cement WDIO","selector":{"id":"application-manageresources-display-component---newResourceUnit--SHORT_TEXT","interaction":{"idSuffix":"inner"}},"clearTextFirst":true,"interactionType":"ENTER_TEXT"}]}
COMMAND: POST /session/21ce62c4ecbe6d238b640e15c86407e3/execute/async - {"script":"<script> [1562 bytes]","args":[{"selector":{"id":"application-manageresources-display-component---newResourceUnit--BASE_UNIT_OF_MEASURE","interaction":{"idSuffix":"inner"}},"wdio_ui5_key":"applicationmanageresources-display-component---newResourceUnit--BASE_UNIT_OF_MEASURE"}]}
RESULT: {"script":"<script> [1562 bytes]","args":[{"selector":{"id":"application-manageresources-display-component---newResourceUnit--BASE_UNIT_OF_MEASURE","interaction":{"idSuffix":"inner"}},"wdio_ui5_key":"applicationmanageresources-display-component---newResourceUnit--BASE_UNIT_OF_MEASURE"}]}
RESULT: undefined
COMMAND: POST /session/21ce62c4ecbe6d238b640e15c86407e3/execute/async - {"script":"<script> [776 bytes]","args":[{"enterText":"Piece","selector":{"id":"application-manageresources-display-component---newResourceUnit--BASE_UNIT_OF_MEASURE","interaction":{"idSuffix":"inner"}},"clearTextFirst":true,"interactionType":"ENTER_TEXT"}]}
RESULT: {"script":"<script> [776 bytes]","args":[{"enterText":"Piece","selector":{"id":"application-manageresources-display-component---newResourceUnit--BASE_UNIT_OF_MEASURE","interaction":{"idSuffix":"inner"}},"clearTextFirst":true,"interactionType":"ENTER_TEXT"}]}
COMMAND: POST /session/21ce62c4ecbe6d238b640e15c86407e3/execute/async - {"script":"<script> [1562 bytes]","args":[{"selector":{"id":"application-manageresources-display-component---newResourceUnit--WEIGHT_UNIT","interaction":{"idSuffix":"inner"}},"wdio_ui5_key":"applicationmanageresources-display-component---newResourceUnit--WEIGHT_UNIT"}]}
RESULT: {"script":"<script> [1562 bytes]","args":[{"selector":{"id":"application-manageresources-display-component---newResourceUnit--WEIGHT_UNIT","interaction":{"idSuffix":"inner"}},"wdio_ui5_key":"applicationmanageresources-display-component---newResourceUnit--WEIGHT_UNIT"}]}
RESULT: undefined
COMMAND: POST /session/21ce62c4ecbe6d238b640e15c86407e3/execute/async - {"script":"<script> [776 bytes]","args":[{"enterText":"Gram","selector":{"id":"application-manageresources-display-component---newResourceUnit--WEIGHT_UNIT","interaction":{"idSuffix":"inner"}},"clearTextFirst":true,"interactionType":"ENTER_TEXT"}]}
RESULT: {"script":"<script> [776 bytes]","args":[{"enterText":"Gram","selector":{"id":"application-manageresources-display-component---newResourceUnit--WEIGHT_UNIT","interaction":{"idSuffix":"inner"}},"clearTextFirst":true,"interactionType":"ENTER_TEXT"}]}
COMMAND: POST /session/21ce62c4ecbe6d238b640e15c86407e3/execute/async - {"script":"<script> [1562 bytes]","args":[{"selector":{"id":"application-manageresources-display-component---newResourceUnit--DIMENSION_UNIT","interaction":{"idSuffix":"inner"}},"wdio_ui5_key":"applicationmanageresources-display-component---newResourceUnit--DIMENSION_UNIT"}]}
RESULT: {"script":"<script> [1562 bytes]","args":[{"selector":{"id":"application-manageresources-display-component---newResourceUnit--DIMENSION_UNIT","interaction":{"idSuffix":"inner"}},"wdio_ui5_key":"applicationmanageresources-display-component---newResourceUnit--DIMENSION_UNIT"}]}
RESULT: undefined
COMMAND: POST /session/21ce62c4ecbe6d238b640e15c86407e3/execute/async - {"script":"<script> [776 bytes]","args":[{"enterText":"Meter","selector":{"id":"application-manageresources-display-component---newResourceUnit--DIMENSION_UNIT","interaction":{"idSuffix":"inner"}},"clearTextFirst":true,"interactionType":"ENTER_TEXT"}]}
RESULT: {"script":"<script> [776 bytes]","args":[{"enterText":"Meter","selector":{"id":"application-manageresources-display-component---newResourceUnit--DIMENSION_UNIT","interaction":{"idSuffix":"inner"}},"clearTextFirst":true,"interactionType":"ENTER_TEXT"}]}
COMMAND: POST /session/21ce62c4ecbe6d238b640e15c86407e3/execute/async - {"script":"<script> [1562 bytes]","args":[{"selector":{"id":"application-manageresources-display-component---newResourceUnit--newRRUPage-anchBar-application-manageresources-display-component---newResourceUnit--control-anchor","interaction":{"idSuffix":"BDI-content"}},"wdio_ui5_key":"applicationmanageresources-display-component---newResourceUnit--newRRUPage-anchBar-application-manageresources-display-component---newResourceUnit--control-anchor"}]}
RESULT: {"script":"<script> [1562 bytes]","args":[{"selector":{"id":"application-manageresources-display-component---newResourceUnit--newRRUPage-anchBar-application-manageresources-display-component---newResourceUnit--control-anchor","interaction":{"idSuffix":"BDI-content"}},"wdio_ui5_key":"applicationmanageresources-display-component---newResourceUnit--newRRUPage-anchBar-application-manageresources-display-component---newResourceUnit--control-anchor"}]}
RESULT: undefined
COMMAND: POST /session/21ce62c4ecbe6d238b640e15c86407e3/element - {"using":"xpath","value":"//*[@id=\"application-manageresources-display-component---newResourceUnit--newRRUPage-anchBar-application-manageresources-display-component---newResourceUnit--control-anchor\"]"}
RESULT: {"using":"xpath","value":"//*[@id=\"application-manageresources-display-component---newResourceUnit--newRRUPage-anchBar-application-manageresources-display-component---newResourceUnit--control-anchor\"]"}
COMMAND: POST /session/21ce62c4ecbe6d238b640e15c86407e3/element/f.93D217436D6DD50F1CAF1D433A497FC6.d.9E8F0AC812E9EF0D0E7FE634C21CA0B8.e.10108/click - {}
RESULT: {}
COMMAND: POST /session/21ce62c4ecbe6d238b640e15c86407e3/execute/async - {"script":"<script> [1562 bytes]","args":[{"selector":{"id":"application-manageresources-display-component---newResourceUnit--PLANNING_GROUP","interaction":{"idSuffix":"inner"}},"wdio_ui5_key":"applicationmanageresources-display-component---newResourceUnit--PLANNING_GROUP"}]}
COMMAND: GET /session/21ce62c4ecbe6d238b640e15c86407e3/screenshot - {}
RESULT: {"script":"<script> [1562 bytes]","args":[{"selector":{"id":"application-manageresources-display-component---newResourceUnit--PLANNING_GROUP","interaction":{"idSuffix":"inner"}},"wdio_ui5_key":"applicationmanageresources-display-component---newResourceUnit--PLANNING_GROUP"}]}
RESULT: undefined
COMMAND: POST /session/21ce62c4ecbe6d238b640e15c86407e3/execute/async - {"script":"<script> [776 bytes]","args":[{"enterText":"Material","selector":{"id":"application-manageresources-display-component---newResourceUnit--PLANNING_GROUP","interaction":{"idSuffix":"inner"}},"clearTextFirst":true,"interactionType":"ENTER_TEXT"}]}
RESULT: {}
RESULT: {"script":"<script> [776 bytes]","args":[{"enterText":"Material","selector":{"id":"application-manageresources-display-component---newResourceUnit--PLANNING_GROUP","interaction":{"idSuffix":"inner"}},"clearTextFirst":true,"interactionType":"ENTER_TEXT"}]}
COMMAND: POST /session/21ce62c4ecbe6d238b640e15c86407e3/execute/async - {"script":"<script> [1562 bytes]","args":[{"selector":{"id":"application-manageresources-display-component---newResourceUnit--PLANNING_INDICATOR","interaction":{"idSuffix":"inner"}},"wdio_ui5_key":"applicationmanageresources-display-component---newResourceUnit--PLANNING_INDICATOR"}]}
RESULT: {"script":"<script> [1562 bytes]","args":[{"selector":{"id":"application-manageresources-display-component---newResourceUnit--PLANNING_INDICATOR","interaction":{"idSuffix":"inner"}},"wdio_ui5_key":"applicationmanageresources-display-component---newResourceUnit--PLANNING_INDICATOR"}]}
RESULT: undefined
COMMAND: POST /session/21ce62c4ecbe6d238b640e15c86407e3/execute/async - {"script":"<script> [776 bytes]","args":[{"enterText":"10 - infinite","selector":{"id":"application-manageresources-display-component---newResourceUnit--PLANNING_INDICATOR","interaction":{"idSuffix":"inner"}},"clearTextFirst":true,"interactionType":"ENTER_TEXT"}]}
RESULT: {"script":"<script> [776 bytes]","args":[{"enterText":"10 - infinite","selector":{"id":"application-manageresources-display-component---newResourceUnit--PLANNING_INDICATOR","interaction":{"idSuffix":"inner"}},"clearTextFirst":true,"interactionType":"ENTER_TEXT"}]}
COMMAND: POST /session/21ce62c4ecbe6d238b640e15c86407e3/element - {"using":"css selector","value":"#application-manageresources-display-component---newResourceUnit--btnAddTimeSegment"}
RESULT: {"using":"css selector","value":"#application-manageresources-display-component---newResourceUnit--btnAddTimeSegment"}
COMMAND: GET /session/21ce62c4ecbe6d238b640e15c86407e3/element/f.93D217436D6DD50F1CAF1D433A497FC6.d.9E8F0AC812E9EF0D0E7FE634C21CA0B8.e.10118/rect - {}
RESULT: {}
COMMAND: GET /session/21ce62c4ecbe6d238b640e15c86407e3/window/rect - {}
RESULT: {}
COMMAND: POST /session/21ce62c4ecbe6d238b640e15c86407e3/execute/sync - {"script":"<script> [92 bytes]","args":[]}
RESULT: {"script":"<script> [92 bytes]","args":[]}
COMMAND: POST /session/21ce62c4ecbe6d238b640e15c86407e3/actions - {"actions":[{"id":"action34","type":"wheel","parameters":{},"actions":[{"type":"scroll","x":-1888,"y":-32,"deltaX":0,"deltaY":0,"duration":0,"origin":{"element-6066-11e4-a52e-4f735466cecf":"f.93D217436D6DD50F1CAF1D433A497FC6.d.9E8F0AC812E9EF0D0E7FE634C21CA0B8.e.10118"}}]}]}
COMMAND: GET /session/21ce62c4ecbe6d238b640e15c86407e3/screenshot - {}
RESULT: {}
COMMAND: POST /session/21ce62c4ecbe6d238b640e15c86407e3/execute/sync - {"script":"<script> [79 bytes]","args":[{"element-6066-11e4-a52e-4f735466cecf":"f.93D217436D6DD50F1CAF1D433A497FC6.d.9E8F0AC812E9EF0D0E7FE634C21CA0B8.e.10118","ELEMENT":"f.93D217436D6DD50F1CAF1D433A497FC6.d.9E8F0AC812E9EF0D0E7FE634C21CA0B8.e.10118"},{"block":"start","inline":"nearest"}]}
RESULT: {"script":"<script> [79 bytes]","args":[{"element-6066-11e4-a52e-4f735466cecf":"f.93D217436D6DD50F1CAF1D433A497FC6.d.9E8F0AC812E9EF0D0E7FE634C21CA0B8.e.10118","ELEMENT":"f.93D217436D6DD50F1CAF1D433A497FC6.d.9E8F0AC812E9EF0D0E7FE634C21CA0B8.e.10118"},{"block":"start","inline":"nearest"}]}
COMMAND: POST /session/21ce62c4ecbe6d238b640e15c86407e3/execute/async - {"script":"<script> [1562 bytes]","args":[{"selector":{"id":"application-manageresources-display-component---newResourceUnit--btnAddTimeSegment","interaction":{"idSuffix":"inner"}},"wdio_ui5_key":"applicationmanageresources-display-component---newResourceUnit--btnAddTimeSegment"}]}
COMMAND: GET /session/21ce62c4ecbe6d238b640e15c86407e3/screenshot - {}
RESULT: {"script":"<script> [1562 bytes]","args":[{"selector":{"id":"application-manageresources-display-component---newResourceUnit--btnAddTimeSegment","interaction":{"idSuffix":"inner"}},"wdio_ui5_key":"applicationmanageresources-display-component---newResourceUnit--btnAddTimeSegment"}]}
RESULT: undefined
COMMAND: POST /session/21ce62c4ecbe6d238b640e15c86407e3/element - {"using":"xpath","value":"//*[@id=\"application-manageresources-display-component---newResourceUnit--btnAddTimeSegment\"]"}
RESULT: {}
RESULT: {"using":"xpath","value":"//*[@id=\"application-manageresources-display-component---newResourceUnit--btnAddTimeSegment\"]"}
COMMAND: POST /session/21ce62c4ecbe6d238b640e15c86407e3/element/f.93D217436D6DD50F1CAF1D433A497FC6.d.9E8F0AC812E9EF0D0E7FE634C21CA0B8.e.10118/click - {}
RESULT: {}
COMMAND: GET /session/21ce62c4ecbe6d238b640e15c86407e3/screenshot - {}
RESULT: {}
COMMAND: POST /session/21ce62c4ecbe6d238b640e15c86407e3/element - {"using":"xpath","value":"//input[@id=\"application-manageresources-display-component---newResourceUnit--idRuTSAdmin-application-manageresources-display-component---newResourceUnit--RUTimeSegment-0-inner\"]"}
RESULT: {"using":"xpath","value":"//input[@id=\"application-manageresources-display-component---newResourceUnit--idRuTSAdmin-application-manageresources-display-component---newResourceUnit--RUTimeSegment-0-inner\"]"}
COMMAND: POST /session/21ce62c4ecbe6d238b640e15c86407e3/element/f.93D217436D6DD50F1CAF1D433A497FC6.d.9E8F0AC812E9EF0D0E7FE634C21CA0B8.e.10123/clear - {}
RESULT: {}
COMMAND: POST /session/21ce62c4ecbe6d238b640e15c86407e3/element/f.93D217436D6DD50F1CAF1D433A497FC6.d.9E8F0AC812E9EF0D0E7FE634C21CA0B8.e.10123/value - {"text":"528"}
COMMAND: GET /session/21ce62c4ecbe6d238b640e15c86407e3/screenshot - {}
RESULT: {"text":"528"}
COMMAND: GET /session/21ce62c4ecbe6d238b640e15c86407e3/screenshot - {}
RESULT: {}
RESULT: {}
COMMAND: POST /session/21ce62c4ecbe6d238b640e15c86407e3/element - {"using":"xpath","value":"//li[.//span[text()='528']]"}
RESULT: {"using":"xpath","value":"//li[.//span[text()='528']]"}
COMMAND: POST /session/21ce62c4ecbe6d238b640e15c86407e3/element/f.93D217436D6DD50F1CAF1D433A497FC6.d.9E8F0AC812E9EF0D0E7FE634C21CA0B8.e.10132/click - {}
RESULT: {}
COMMAND: GET /session/21ce62c4ecbe6d238b640e15c86407e3/screenshot - {}
RESULT: {}
COMMAND: POST /session/21ce62c4ecbe6d238b640e15c86407e3/element - {"using":"xpath","value":"(//span[contains(@id, \"-application-manageresources-display-component---newResourceUnit--RUTimeSegment-0-arrow\")])[2]"}
RESULT: {"using":"xpath","value":"(//span[contains(@id, \"-application-manageresources-display-component---newResourceUnit--RUTimeSegment-0-arrow\")])[2]"}
COMMAND: POST /session/21ce62c4ecbe6d238b640e15c86407e3/element/f.93D217436D6DD50F1CAF1D433A497FC6.d.9E8F0AC812E9EF0D0E7FE634C21CA0B8.e.10133/click - {}
RESULT: {}
COMMAND: POST /session/21ce62c4ecbe6d238b640e15c86407e3/element - {"using":"xpath","value":"//span[contains(text(), \"PM Order\")]"}
COMMAND: GET /session/21ce62c4ecbe6d238b640e15c86407e3/screenshot - {}
RESULT: {"using":"xpath","value":"//span[contains(text(), \"PM Order\")]"}
COMMAND: POST /session/21ce62c4ecbe6d238b640e15c86407e3/element/f.93D217436D6DD50F1CAF1D433A497FC6.d.9E8F0AC812E9EF0D0E7FE634C21CA0B8.e.10134/click - {}
RESULT: {}
RESULT: {}
COMMAND: GET /session/21ce62c4ecbe6d238b640e15c86407e3/screenshot - {}
RESULT: {}
COMMAND: POST /session/21ce62c4ecbe6d238b640e15c86407e3/element - {"using":"xpath","value":"//td/div/div/div/span[contains(@id, \"newResourceUnit--RUTimeSegment-0-vhi\")][1]"}
RESULT: {"using":"xpath","value":"//td/div/div/div/span[contains(@id, \"newResourceUnit--RUTimeSegment-0-vhi\")][1]"}
COMMAND: GET /session/21ce62c4ecbe6d238b640e15c86407e3/element/f.93D217436D6DD50F1CAF1D433A497FC6.d.9E8F0AC812E9EF0D0E7FE634C21CA0B8.e.10138/rect - {}
RESULT: {}
COMMAND: GET /session/21ce62c4ecbe6d238b640e15c86407e3/window/rect - {}
RESULT: {}
COMMAND: POST /session/21ce62c4ecbe6d238b640e15c86407e3/execute/sync - {"script":"<script> [92 bytes]","args":[]}
RESULT: {"script":"<script> [92 bytes]","args":[]}
COMMAND: POST /session/21ce62c4ecbe6d238b640e15c86407e3/actions - {"actions":[{"id":"action35","type":"wheel","parameters":{},"actions":[{"type":"scroll","x":-1888,"y":-24,"deltaX":0,"deltaY":0,"duration":0,"origin":{"element-6066-11e4-a52e-4f735466cecf":"f.93D217436D6DD50F1CAF1D433A497FC6.d.9E8F0AC812E9EF0D0E7FE634C21CA0B8.e.10138"}}]}]}
COMMAND: GET /session/21ce62c4ecbe6d238b640e15c86407e3/screenshot - {}
RESULT: {}
COMMAND: POST /session/21ce62c4ecbe6d238b640e15c86407e3/execute/sync - {"script":"<script> [79 bytes]","args":[{"element-6066-11e4-a52e-4f735466cecf":"f.93D217436D6DD50F1CAF1D433A497FC6.d.9E8F0AC812E9EF0D0E7FE634C21CA0B8.e.10138","ELEMENT":"f.93D217436D6DD50F1CAF1D433A497FC6.d.9E8F0AC812E9EF0D0E7FE634C21CA0B8.e.10138"},{"block":"start","inline":"nearest"}]}
RESULT: {"script":"<script> [79 bytes]","args":[{"element-6066-11e4-a52e-4f735466cecf":"f.93D217436D6DD50F1CAF1D433A497FC6.d.9E8F0AC812E9EF0D0E7FE634C21CA0B8.e.10138","ELEMENT":"f.93D217436D6DD50F1CAF1D433A497FC6.d.9E8F0AC812E9EF0D0E7FE634C21CA0B8.e.10138"},{"block":"start","inline":"nearest"}]}
COMMAND: GET /session/21ce62c4ecbe6d238b640e15c86407e3/screenshot - {}
RESULT: {}
COMMAND: POST /session/21ce62c4ecbe6d238b640e15c86407e3/element/f.93D217436D6DD50F1CAF1D433A497FC6.d.9E8F0AC812E9EF0D0E7FE634C21CA0B8.e.10138/click - {}
RESULT: {}
COMMAND: GET /session/21ce62c4ecbe6d238b640e15c86407e3/screenshot - {}
RESULT: {}
COMMAND: POST /session/21ce62c4ecbe6d238b640e15c86407e3/execute/async - {"script":"<script> [1562 bytes]","args":[{"selector":{"controlType":"sap.m.SearchField","properties":{"placeholder":"Search"},"searchOpenDialogs":true,"interaction":{"idSuffix":"I"}},"wdio_ui5_key":"sapm.SearchField{\"placeholder\":\"Search\"}"}]}
RESULT: {"script":"<script> [1562 bytes]","args":[{"selector":{"controlType":"sap.m.SearchField","properties":{"placeholder":"Search"},"searchOpenDialogs":true,"interaction":{"idSuffix":"I"}},"wdio_ui5_key":"sapm.SearchField{\"placeholder\":\"Search\"}"}]}
RESULT: undefined
COMMAND: POST /session/21ce62c4ecbe6d238b640e15c86407e3/execute/async - {"script":"<script> [776 bytes]","args":[{"enterText":"4000360","selector":{"controlType":"sap.m.SearchField","properties":{"placeholder":"Search"},"searchOpenDialogs":true,"interaction":{"idSuffix":"I"}},"clearTextFirst":true,"interactionType":"ENTER_TEXT"}]}
RESULT: {"script":"<script> [776 bytes]","args":[{"enterText":"4000360","selector":{"controlType":"sap.m.SearchField","properties":{"placeholder":"Search"},"searchOpenDialogs":true,"interaction":{"idSuffix":"I"}},"clearTextFirst":true,"interactionType":"ENTER_TEXT"}]}
COMMAND: POST /session/21ce62c4ecbe6d238b640e15c86407e3/actions - {"actions":[{"id":"action36","type":"key","parameters":{},"actions":[{"type":"keyDown","value":""},{"type":"pause","duration":10},{"type":"keyUp","value":""}]}]}
RESULT: {"actions":[{"id":"action36","type":"key","parameters":{},"actions":[{"type":"keyDown","value":""},{"type":"pause","duration":10},{"type":"keyUp","value":""}]}]}
COMMAND: GET /session/21ce62c4ecbe6d238b640e15c86407e3/screenshot - {}
RESULT: {}
COMMAND: POST /session/21ce62c4ecbe6d238b640e15c86407e3/element - {"using":"xpath","value":"//td/div/span[contains(text(), \"BGL Vehicles\")]"}
RESULT: {"using":"xpath","value":"//td/div/span[contains(text(), \"BGL Vehicles\")]"}
COMMAND: POST /session/21ce62c4ecbe6d238b640e15c86407e3/element/f.93D217436D6DD50F1CAF1D433A497FC6.d.9E8F0AC812E9EF0D0E7FE634C21CA0B8.e.10160/click - {}
RESULT: {}
COMMAND: GET /session/21ce62c4ecbe6d238b640e15c86407e3/screenshot - {}
RESULT: {}
COMMAND: POST /session/21ce62c4ecbe6d238b640e15c86407e3/element - {"using":"xpath","value":"//bdi[contains(text(), \"OK\")]"}
RESULT: {"using":"xpath","value":"//bdi[contains(text(), \"OK\")]"}
COMMAND: POST /session/21ce62c4ecbe6d238b640e15c86407e3/element/f.93D217436D6DD50F1CAF1D433A497FC6.d.9E8F0AC812E9EF0D0E7FE634C21CA0B8.e.10161/click - {}
RESULT: {}
COMMAND: GET /session/21ce62c4ecbe6d238b640e15c86407e3/screenshot - {}
RESULT: {}
COMMAND: POST /session/21ce62c4ecbe6d238b640e15c86407e3/element - {"using":"xpath","value":"//label[contains(@class, 'sapMLabelRequired') and .//bdi[contains(text(), 'Planned Retirement')]]"}
RESULT: {"using":"xpath","value":"//label[contains(@class, 'sapMLabelRequired') and .//bdi[contains(text(), 'Planned Retirement')]]"}
COMMAND: POST /session/21ce62c4ecbe6d238b640e15c86407e3/elements - {"using":"xpath","value":"//label[contains(@class, 'sapMLabelRequired') and .//bdi[contains(text(), 'Planned Retirement')]]"}
RESULT: {"using":"xpath","value":"//label[contains(@class, 'sapMLabelRequired') and .//bdi[contains(text(), 'Planned Retirement')]]"}
COMMAND: POST /session/21ce62c4ecbe6d238b640e15c86407e3/element - {"using":"xpath","value":"//button[@data-kt=\"resourceUnitSaveButton\"]"}
RESULT: {"using":"xpath","value":"//button[@data-kt=\"resourceUnitSaveButton\"]"}
COMMAND: POST /session/21ce62c4ecbe6d238b640e15c86407e3/element/f.93D217436D6DD50F1CAF1D433A497FC6.d.9E8F0AC812E9EF0D0E7FE634C21CA0B8.e.9994/click - {}
RESULT: {}
COMMAND: GET /session/21ce62c4ecbe6d238b640e15c86407e3/screenshot - {}
RESULT: {}
COMMAND: POST /session/21ce62c4ecbe6d238b640e15c86407e3/element - {"using":"xpath","value":"//bdi[contains(text(), \"Close\")]"}
RESULT: {"using":"xpath","value":"//bdi[contains(text(), \"Close\")]"}
COMMAND: POST /session/21ce62c4ecbe6d238b640e15c86407e3/element/f.93D217436D6DD50F1CAF1D433A497FC6.d.9E8F0AC812E9EF0D0E7FE634C21CA0B8.e.10167/click - {}
RESULT: {}
COMMAND: GET /session/21ce62c4ecbe6d238b640e15c86407e3/screenshot - {}
RESULT: {}
COMMAND: POST /session/21ce62c4ecbe6d238b640e15c86407e3/element - {"using":"xpath","value":"//header[contains(@id, 'detailRruPage-headerTitle')]/div[1]/div[2]/div[2]/span[1]"}
RESULT: {"using":"xpath","value":"//header[contains(@id, 'detailRruPage-headerTitle')]/div[1]/div[2]/div[2]/span[1]"}
COMMAND: POST /session/21ce62c4ecbe6d238b640e15c86407e3/elements - {"using":"xpath","value":"//header[contains(@id, 'detailRruPage-headerTitle')]/div[1]/div[2]/div[2]/span[1]"}
RESULT: {"using":"xpath","value":"//header[contains(@id, 'detailRruPage-headerTitle')]/div[1]/div[2]/div[2]/span[1]"}
COMMAND: POST /session/21ce62c4ecbe6d238b640e15c86407e3/execute/sync - {"script":"<script> [56 bytes]","args":[{"element-6066-11e4-a52e-4f735466cecf":"f.93D217436D6DD50F1CAF1D433A497FC6.d.9E8F0AC812E9EF0D0E7FE634C21CA0B8.e.10193","ELEMENT":"f.93D217436D6DD50F1CAF1D433A497FC6.d.9E8F0AC812E9EF0D0E7FE634C21CA0B8.e.10193"}]}
RESULT: {"script":"<script> [56 bytes]","args":[{"element-6066-11e4-a52e-4f735466cecf":"f.93D217436D6DD50F1CAF1D433A497FC6.d.9E8F0AC812E9EF0D0E7FE634C21CA0B8.e.10193","ELEMENT":"f.93D217436D6DD50F1CAF1D433A497FC6.d.9E8F0AC812E9EF0D0E7FE634C21CA0B8.e.10193"}]}
COMMAND: POST /session/21ce62c4ecbe6d238b640e15c86407e3/element - {"using":"css selector","value":"#shell-header-logo"}
COMMAND: GET /session/21ce62c4ecbe6d238b640e15c86407e3/screenshot - {}
RESULT: {"using":"css selector","value":"#shell-header-logo"}
COMMAND: POST /session/21ce62c4ecbe6d238b640e15c86407e3/element/f.93D217436D6DD50F1CAF1D433A497FC6.d.9E8F0AC812E9EF0D0E7FE634C21CA0B8.e.9472/click - {}
RESULT: {}
RESULT: {}
COMMAND: GET /session/21ce62c4ecbe6d238b640e15c86407e3/screenshot - {}
RESULT: {}
]]></system-out>
    </testcase>
  </testsuite>
  <testsuite timestamp="2025-05-31T17:04:18" time="287.622" tests="6" failures="4" errors="4" skipped="0">
    <properties>
      <property name="specId" value="0"/>
      <property name="suiteName" value="Provide to Site w/o warehouse management w/o clarification"/>
      <property name="capabilities" value="chrome.136_0_7103_93.windows"/>
      <property name="file" value="file:///D:/a/1/s/test/specs/HTR/provide-to-site-wo-warehouse-wo-clarification.spec.js"/>
    </properties>
    <testcase classname="chrome.136_0_7103_93.windows.Provide_to_Site_w/o_warehouse_management_w/o_clarification" name="Should do a stock increase handover" time="92.823">
      <failure/>
      <error message="Can't call click on element with selector &quot;//li[.//span[contains(text(),'528 -')]]&quot; because element wasn't found"/>
      <system-out><![CDATA[
COMMAND: POST /session/21ce62c4ecbe6d238b640e15c86407e3/execute/async - {"script":"<script> [1562 bytes]","args":[{"selector":{"controlType":"sap.m.GenericTile","properties":{"header":"Manage Handovers"}},"wdio_ui5_key":"sapm.GenericTile{\"header\":\"Manage Handovers\"}"}]}
RESULT: {"script":"<script> [1562 bytes]","args":[{"selector":{"controlType":"sap.m.GenericTile","properties":{"header":"Manage Handovers"}},"wdio_ui5_key":"sapm.GenericTile{\"header\":\"Manage Handovers\"}"}]}
RESULT: undefined
COMMAND: POST /session/21ce62c4ecbe6d238b640e15c86407e3/element - {"using":"xpath","value":"//*[@id=\"__tile133\"]"}
RESULT: {"using":"xpath","value":"//*[@id=\"__tile133\"]"}
COMMAND: POST /session/21ce62c4ecbe6d238b640e15c86407e3/element/f.93D217436D6DD50F1CAF1D433A497FC6.d.9E8F0AC812E9EF0D0E7FE634C21CA0B8.e.9518/click - {}
RESULT: {}
COMMAND: GET /session/21ce62c4ecbe6d238b640e15c86407e3/screenshot - {}
RESULT: {}
COMMAND: POST /session/21ce62c4ecbe6d238b640e15c86407e3/elements - {"using":"xpath","value":"//span[text()='Error']"}
RESULT: {"using":"xpath","value":"//span[text()='Error']"}
COMMAND: POST /session/21ce62c4ecbe6d238b640e15c86407e3/element - {"using":"xpath","value":"//button[@data-kt=\"masterHOAddButton\"]"}
RESULT: {"using":"xpath","value":"//button[@data-kt=\"masterHOAddButton\"]"}
COMMAND: POST /session/21ce62c4ecbe6d238b640e15c86407e3/elements - {"using":"xpath","value":"//button[@data-kt=\"masterHOAddButton\"]"}
RESULT: {"using":"xpath","value":"//button[@data-kt=\"masterHOAddButton\"]"}
COMMAND: POST /session/21ce62c4ecbe6d238b640e15c86407e3/execute/sync - {"script":"<script> [8489 bytes]","args":[{"element-6066-11e4-a52e-4f735466cecf":"f.93D217436D6DD50F1CAF1D433A497FC6.d.9E8F0AC812E9EF0D0E7FE634C21CA0B8.e.10235","ELEMENT":"f.93D217436D6DD50F1CAF1D433A497FC6.d.9E8F0AC812E9EF0D0E7FE634C21CA0B8.e.10235"}]}
RESULT: {"script":"<script> [8489 bytes]","args":[{"element-6066-11e4-a52e-4f735466cecf":"f.93D217436D6DD50F1CAF1D433A497FC6.d.9E8F0AC812E9EF0D0E7FE634C21CA0B8.e.10235","ELEMENT":"f.93D217436D6DD50F1CAF1D433A497FC6.d.9E8F0AC812E9EF0D0E7FE634C21CA0B8.e.10235"}]}
COMMAND: GET /session/21ce62c4ecbe6d238b640e15c86407e3/element/f.93D217436D6DD50F1CAF1D433A497FC6.d.9E8F0AC812E9EF0D0E7FE634C21CA0B8.e.10235/enabled - {}
COMMAND: GET /session/21ce62c4ecbe6d238b640e15c86407e3/screenshot - {}
RESULT: {}
COMMAND: POST /session/21ce62c4ecbe6d238b640e15c86407e3/execute/sync - {"script":"<script> [8489 bytes]","args":[{"element-6066-11e4-a52e-4f735466cecf":"f.93D217436D6DD50F1CAF1D433A497FC6.d.9E8F0AC812E9EF0D0E7FE634C21CA0B8.e.10235","ELEMENT":"f.93D217436D6DD50F1CAF1D433A497FC6.d.9E8F0AC812E9EF0D0E7FE634C21CA0B8.e.10235"}]}
COMMAND: GET /session/21ce62c4ecbe6d238b640e15c86407e3/screenshot - {}
RESULT: {}
RESULT: {"script":"<script> [8489 bytes]","args":[{"element-6066-11e4-a52e-4f735466cecf":"f.93D217436D6DD50F1CAF1D433A497FC6.d.9E8F0AC812E9EF0D0E7FE634C21CA0B8.e.10235","ELEMENT":"f.93D217436D6DD50F1CAF1D433A497FC6.d.9E8F0AC812E9EF0D0E7FE634C21CA0B8.e.10235"}]}
COMMAND: POST /session/21ce62c4ecbe6d238b640e15c86407e3/execute/sync - {"script":"<script> [5351 bytes]","args":[{"element-6066-11e4-a52e-4f735466cecf":"f.93D217436D6DD50F1CAF1D433A497FC6.d.9E8F0AC812E9EF0D0E7FE634C21CA0B8.e.10235","ELEMENT":"f.93D217436D6DD50F1CAF1D433A497FC6.d.9E8F0AC812E9EF0D0E7FE634C21CA0B8.e.10235"}]}
COMMAND: GET /session/21ce62c4ecbe6d238b640e15c86407e3/screenshot - {}
RESULT: {}
RESULT: {"script":"<script> [5351 bytes]","args":[{"element-6066-11e4-a52e-4f735466cecf":"f.93D217436D6DD50F1CAF1D433A497FC6.d.9E8F0AC812E9EF0D0E7FE634C21CA0B8.e.10235","ELEMENT":"f.93D217436D6DD50F1CAF1D433A497FC6.d.9E8F0AC812E9EF0D0E7FE634C21CA0B8.e.10235"}]}
COMMAND: POST /session/21ce62c4ecbe6d238b640e15c86407e3/element/f.93D217436D6DD50F1CAF1D433A497FC6.d.9E8F0AC812E9EF0D0E7FE634C21CA0B8.e.10235/click - {}
COMMAND: GET /session/21ce62c4ecbe6d238b640e15c86407e3/screenshot - {}
RESULT: {}
RESULT: {}
COMMAND: GET /session/21ce62c4ecbe6d238b640e15c86407e3/screenshot - {}
COMMAND: POST /session/21ce62c4ecbe6d238b640e15c86407e3/element - {"using":"xpath","value":"//span[contains(@id ,\"AddNewHO--typeSelect-arrow\")]"}
RESULT: {}
RESULT: {}
RESULT: {"using":"xpath","value":"//span[contains(@id ,\"AddNewHO--typeSelect-arrow\")]"}
COMMAND: POST /session/21ce62c4ecbe6d238b640e15c86407e3/element/f.93D217436D6DD50F1CAF1D433A497FC6.d.9E8F0AC812E9EF0D0E7FE634C21CA0B8.e.10587/click - {}
RESULT: {}
COMMAND: GET /session/21ce62c4ecbe6d238b640e15c86407e3/screenshot - {}
RESULT: {}
COMMAND: POST /session/21ce62c4ecbe6d238b640e15c86407e3/element - {"using":"xpath","value":"(//li[contains(text(), \"stock increase yard\")])[1]"}
RESULT: {"using":"xpath","value":"(//li[contains(text(), \"stock increase yard\")])[1]"}
COMMAND: POST /session/21ce62c4ecbe6d238b640e15c86407e3/element/f.93D217436D6DD50F1CAF1D433A497FC6.d.9E8F0AC812E9EF0D0E7FE634C21CA0B8.e.10588/click - {}
RESULT: {}
COMMAND: GET /session/21ce62c4ecbe6d238b640e15c86407e3/screenshot - {}
RESULT: {}
COMMAND: POST /session/21ce62c4ecbe6d238b640e15c86407e3/execute/async - {"script":"<script> [1562 bytes]","args":[{"selector":{"id":"application-managehandovers-display-component---AddNewHO--dueDate","interaction":{"idSuffix":"inner"}},"wdio_ui5_key":"applicationmanagehandovers-display-component---AddNewHO--dueDate"}]}
RESULT: {"script":"<script> [1562 bytes]","args":[{"selector":{"id":"application-managehandovers-display-component---AddNewHO--dueDate","interaction":{"idSuffix":"inner"}},"wdio_ui5_key":"applicationmanagehandovers-display-component---AddNewHO--dueDate"}]}
RESULT: undefined
COMMAND: POST /session/21ce62c4ecbe6d238b640e15c86407e3/execute/async - {"script":"<script> [6424 bytes]","args":[{"element-6066-11e4-a52e-4f735466cecf":"f.93D217436D6DD50F1CAF1D433A497FC6.d.9E8F0AC812E9EF0D0E7FE634C21CA0B8.e.10592"},"setValue",["5/31/25"]]}
RESULT: {"script":"<script> [6424 bytes]","args":[{"element-6066-11e4-a52e-4f735466cecf":"f.93D217436D6DD50F1CAF1D433A497FC6.d.9E8F0AC812E9EF0D0E7FE634C21CA0B8.e.10592"},"setValue",["5/31/25"]]}
COMMAND: POST /session/21ce62c4ecbe6d238b640e15c86407e3/element - {"using":"xpath","value":"//input[@id=\"generalSectionFrg--receiveYard-inner\"]"}
RESULT: {"using":"xpath","value":"//input[@id=\"generalSectionFrg--receiveYard-inner\"]"}
COMMAND: POST /session/21ce62c4ecbe6d238b640e15c86407e3/element/f.93D217436D6DD50F1CAF1D433A497FC6.d.9E8F0AC812E9EF0D0E7FE634C21CA0B8.e.10598/clear - {}
RESULT: {}
COMMAND: POST /session/21ce62c4ecbe6d238b640e15c86407e3/element/f.93D217436D6DD50F1CAF1D433A497FC6.d.9E8F0AC812E9EF0D0E7FE634C21CA0B8.e.10598/value - {"text":"528"}
COMMAND: GET /session/21ce62c4ecbe6d238b640e15c86407e3/screenshot - {}
RESULT: {"text":"528"}
COMMAND: GET /session/21ce62c4ecbe6d238b640e15c86407e3/screenshot - {}
RESULT: {}
RESULT: {}
COMMAND: POST /session/21ce62c4ecbe6d238b640e15c86407e3/element - {"using":"xpath","value":"//li[.//span[contains(text(),'528 -')]]"}
RESULT: {"using":"xpath","value":"//li[.//span[contains(text(),'528 -')]]"}
COMMAND: POST /session/21ce62c4ecbe6d238b640e15c86407e3/elements - {"using":"xpath","value":"//li[.//span[contains(text(),'528 -')]]"}
RESULT: {"using":"xpath","value":"//li[.//span[contains(text(),'528 -')]]"}
COMMAND: POST /session/21ce62c4ecbe6d238b640e15c86407e3/elements - {"using":"xpath","value":"//li[.//span[contains(text(),'528 -')]]"}
RESULT: {"using":"xpath","value":"//li[.//span[contains(text(),'528 -')]]"}
COMMAND: POST /session/21ce62c4ecbe6d238b640e15c86407e3/elements - {"using":"xpath","value":"//li[.//span[contains(text(),'528 -')]]"}
RESULT: {"using":"xpath","value":"//li[.//span[contains(text(),'528 -')]]"}
COMMAND: POST /session/21ce62c4ecbe6d238b640e15c86407e3/elements - {"using":"xpath","value":"//li[.//span[contains(text(),'528 -')]]"}
RESULT: {"using":"xpath","value":"//li[.//span[contains(text(),'528 -')]]"}
COMMAND: POST /session/21ce62c4ecbe6d238b640e15c86407e3/elements - {"using":"xpath","value":"//li[.//span[contains(text(),'528 -')]]"}
RESULT: {"using":"xpath","value":"//li[.//span[contains(text(),'528 -')]]"}
COMMAND: POST /session/21ce62c4ecbe6d238b640e15c86407e3/elements - {"using":"xpath","value":"//li[.//span[contains(text(),'528 -')]]"}
RESULT: {"using":"xpath","value":"//li[.//span[contains(text(),'528 -')]]"}
COMMAND: POST /session/21ce62c4ecbe6d238b640e15c86407e3/elements - {"using":"xpath","value":"//li[.//span[contains(text(),'528 -')]]"}
RESULT: {"using":"xpath","value":"//li[.//span[contains(text(),'528 -')]]"}
COMMAND: POST /session/21ce62c4ecbe6d238b640e15c86407e3/elements - {"using":"xpath","value":"//li[.//span[contains(text(),'528 -')]]"}
RESULT: {"using":"xpath","value":"//li[.//span[contains(text(),'528 -')]]"}
COMMAND: POST /session/21ce62c4ecbe6d238b640e15c86407e3/elements - {"using":"xpath","value":"//li[.//span[contains(text(),'528 -')]]"}
RESULT: {"using":"xpath","value":"//li[.//span[contains(text(),'528 -')]]"}
COMMAND: POST /session/21ce62c4ecbe6d238b640e15c86407e3/elements - {"using":"xpath","value":"//li[.//span[contains(text(),'528 -')]]"}
RESULT: {"using":"xpath","value":"//li[.//span[contains(text(),'528 -')]]"}
COMMAND: POST /session/21ce62c4ecbe6d238b640e15c86407e3/elements - {"using":"xpath","value":"//li[.//span[contains(text(),'528 -')]]"}
RESULT: {"using":"xpath","value":"//li[.//span[contains(text(),'528 -')]]"}
COMMAND: POST /session/21ce62c4ecbe6d238b640e15c86407e3/elements - {"using":"xpath","value":"//li[.//span[contains(text(),'528 -')]]"}
RESULT: {"using":"xpath","value":"//li[.//span[contains(text(),'528 -')]]"}
COMMAND: POST /session/21ce62c4ecbe6d238b640e15c86407e3/elements - {"using":"xpath","value":"//li[.//span[contains(text(),'528 -')]]"}
RESULT: {"using":"xpath","value":"//li[.//span[contains(text(),'528 -')]]"}
COMMAND: POST /session/21ce62c4ecbe6d238b640e15c86407e3/elements - {"using":"xpath","value":"//li[.//span[contains(text(),'528 -')]]"}
RESULT: {"using":"xpath","value":"//li[.//span[contains(text(),'528 -')]]"}
COMMAND: POST /session/21ce62c4ecbe6d238b640e15c86407e3/elements - {"using":"xpath","value":"//li[.//span[contains(text(),'528 -')]]"}
RESULT: {"using":"xpath","value":"//li[.//span[contains(text(),'528 -')]]"}
COMMAND: POST /session/21ce62c4ecbe6d238b640e15c86407e3/elements - {"using":"xpath","value":"//li[.//span[contains(text(),'528 -')]]"}
RESULT: {"using":"xpath","value":"//li[.//span[contains(text(),'528 -')]]"}
COMMAND: POST /session/21ce62c4ecbe6d238b640e15c86407e3/elements - {"using":"xpath","value":"//li[.//span[contains(text(),'528 -')]]"}
RESULT: {"using":"xpath","value":"//li[.//span[contains(text(),'528 -')]]"}
COMMAND: POST /session/21ce62c4ecbe6d238b640e15c86407e3/elements - {"using":"xpath","value":"//li[.//span[contains(text(),'528 -')]]"}
RESULT: {"using":"xpath","value":"//li[.//span[contains(text(),'528 -')]]"}
COMMAND: POST /session/21ce62c4ecbe6d238b640e15c86407e3/elements - {"using":"xpath","value":"//li[.//span[contains(text(),'528 -')]]"}
RESULT: {"using":"xpath","value":"//li[.//span[contains(text(),'528 -')]]"}
COMMAND: POST /session/21ce62c4ecbe6d238b640e15c86407e3/elements - {"using":"xpath","value":"//li[.//span[contains(text(),'528 -')]]"}
RESULT: {"using":"xpath","value":"//li[.//span[contains(text(),'528 -')]]"}
COMMAND: POST /session/21ce62c4ecbe6d238b640e15c86407e3/elements - {"using":"xpath","value":"//li[.//span[contains(text(),'528 -')]]"}
RESULT: {"using":"xpath","value":"//li[.//span[contains(text(),'528 -')]]"}
COMMAND: POST /session/21ce62c4ecbe6d238b640e15c86407e3/elements - {"using":"xpath","value":"//li[.//span[contains(text(),'528 -')]]"}
RESULT: {"using":"xpath","value":"//li[.//span[contains(text(),'528 -')]]"}
COMMAND: POST /session/21ce62c4ecbe6d238b640e15c86407e3/elements - {"using":"xpath","value":"//li[.//span[contains(text(),'528 -')]]"}
RESULT: {"using":"xpath","value":"//li[.//span[contains(text(),'528 -')]]"}
COMMAND: POST /session/21ce62c4ecbe6d238b640e15c86407e3/elements - {"using":"xpath","value":"//li[.//span[contains(text(),'528 -')]]"}
RESULT: {"using":"xpath","value":"//li[.//span[contains(text(),'528 -')]]"}
COMMAND: POST /session/21ce62c4ecbe6d238b640e15c86407e3/elements - {"using":"xpath","value":"//li[.//span[contains(text(),'528 -')]]"}
RESULT: {"using":"xpath","value":"//li[.//span[contains(text(),'528 -')]]"}
COMMAND: POST /session/21ce62c4ecbe6d238b640e15c86407e3/elements - {"using":"xpath","value":"//li[.//span[contains(text(),'528 -')]]"}
RESULT: {"using":"xpath","value":"//li[.//span[contains(text(),'528 -')]]"}
COMMAND: POST /session/21ce62c4ecbe6d238b640e15c86407e3/elements - {"using":"xpath","value":"//li[.//span[contains(text(),'528 -')]]"}
RESULT: {"using":"xpath","value":"//li[.//span[contains(text(),'528 -')]]"}
COMMAND: POST /session/21ce62c4ecbe6d238b640e15c86407e3/elements - {"using":"xpath","value":"//li[.//span[contains(text(),'528 -')]]"}
RESULT: {"using":"xpath","value":"//li[.//span[contains(text(),'528 -')]]"}
COMMAND: POST /session/21ce62c4ecbe6d238b640e15c86407e3/elements - {"using":"xpath","value":"//li[.//span[contains(text(),'528 -')]]"}
RESULT: {"using":"xpath","value":"//li[.//span[contains(text(),'528 -')]]"}
COMMAND: POST /session/21ce62c4ecbe6d238b640e15c86407e3/elements - {"using":"xpath","value":"//li[.//span[contains(text(),'528 -')]]"}
RESULT: {"using":"xpath","value":"//li[.//span[contains(text(),'528 -')]]"}
COMMAND: POST /session/21ce62c4ecbe6d238b640e15c86407e3/elements - {"using":"xpath","value":"//li[.//span[contains(text(),'528 -')]]"}
RESULT: {"using":"xpath","value":"//li[.//span[contains(text(),'528 -')]]"}
COMMAND: POST /session/21ce62c4ecbe6d238b640e15c86407e3/elements - {"using":"xpath","value":"//li[.//span[contains(text(),'528 -')]]"}
RESULT: {"using":"xpath","value":"//li[.//span[contains(text(),'528 -')]]"}
COMMAND: POST /session/21ce62c4ecbe6d238b640e15c86407e3/elements - {"using":"xpath","value":"//li[.//span[contains(text(),'528 -')]]"}
RESULT: {"using":"xpath","value":"//li[.//span[contains(text(),'528 -')]]"}
COMMAND: POST /session/21ce62c4ecbe6d238b640e15c86407e3/elements - {"using":"xpath","value":"//li[.//span[contains(text(),'528 -')]]"}
RESULT: {"using":"xpath","value":"//li[.//span[contains(text(),'528 -')]]"}
COMMAND: POST /session/21ce62c4ecbe6d238b640e15c86407e3/elements - {"using":"xpath","value":"//li[.//span[contains(text(),'528 -')]]"}
RESULT: {"using":"xpath","value":"//li[.//span[contains(text(),'528 -')]]"}
COMMAND: POST /session/21ce62c4ecbe6d238b640e15c86407e3/elements - {"using":"xpath","value":"//li[.//span[contains(text(),'528 -')]]"}
RESULT: {"using":"xpath","value":"//li[.//span[contains(text(),'528 -')]]"}
COMMAND: POST /session/21ce62c4ecbe6d238b640e15c86407e3/elements - {"using":"xpath","value":"//li[.//span[contains(text(),'528 -')]]"}
RESULT: {"using":"xpath","value":"//li[.//span[contains(text(),'528 -')]]"}
COMMAND: POST /session/21ce62c4ecbe6d238b640e15c86407e3/elements - {"using":"xpath","value":"//li[.//span[contains(text(),'528 -')]]"}
RESULT: {"using":"xpath","value":"//li[.//span[contains(text(),'528 -')]]"}
COMMAND: POST /session/21ce62c4ecbe6d238b640e15c86407e3/elements - {"using":"xpath","value":"//li[.//span[contains(text(),'528 -')]]"}
RESULT: {"using":"xpath","value":"//li[.//span[contains(text(),'528 -')]]"}
COMMAND: POST /session/21ce62c4ecbe6d238b640e15c86407e3/elements - {"using":"xpath","value":"//li[.//span[contains(text(),'528 -')]]"}
RESULT: {"using":"xpath","value":"//li[.//span[contains(text(),'528 -')]]"}
COMMAND: POST /session/21ce62c4ecbe6d238b640e15c86407e3/elements - {"using":"xpath","value":"//li[.//span[contains(text(),'528 -')]]"}
RESULT: {"using":"xpath","value":"//li[.//span[contains(text(),'528 -')]]"}
COMMAND: POST /session/21ce62c4ecbe6d238b640e15c86407e3/elements - {"using":"xpath","value":"//li[.//span[contains(text(),'528 -')]]"}
RESULT: {"using":"xpath","value":"//li[.//span[contains(text(),'528 -')]]"}
COMMAND: POST /session/21ce62c4ecbe6d238b640e15c86407e3/elements - {"using":"xpath","value":"//li[.//span[contains(text(),'528 -')]]"}
RESULT: {"using":"xpath","value":"//li[.//span[contains(text(),'528 -')]]"}
COMMAND: POST /session/21ce62c4ecbe6d238b640e15c86407e3/elements - {"using":"xpath","value":"//li[.//span[contains(text(),'528 -')]]"}
RESULT: {"using":"xpath","value":"//li[.//span[contains(text(),'528 -')]]"}
COMMAND: POST /session/21ce62c4ecbe6d238b640e15c86407e3/elements - {"using":"xpath","value":"//li[.//span[contains(text(),'528 -')]]"}
RESULT: {"using":"xpath","value":"//li[.//span[contains(text(),'528 -')]]"}
COMMAND: POST /session/21ce62c4ecbe6d238b640e15c86407e3/elements - {"using":"xpath","value":"//li[.//span[contains(text(),'528 -')]]"}
RESULT: {"using":"xpath","value":"//li[.//span[contains(text(),'528 -')]]"}
COMMAND: POST /session/21ce62c4ecbe6d238b640e15c86407e3/elements - {"using":"xpath","value":"//li[.//span[contains(text(),'528 -')]]"}
RESULT: {"using":"xpath","value":"//li[.//span[contains(text(),'528 -')]]"}
COMMAND: POST /session/21ce62c4ecbe6d238b640e15c86407e3/elements - {"using":"xpath","value":"//li[.//span[contains(text(),'528 -')]]"}
RESULT: {"using":"xpath","value":"//li[.//span[contains(text(),'528 -')]]"}
COMMAND: POST /session/21ce62c4ecbe6d238b640e15c86407e3/elements - {"using":"xpath","value":"//li[.//span[contains(text(),'528 -')]]"}
RESULT: {"using":"xpath","value":"//li[.//span[contains(text(),'528 -')]]"}
COMMAND: POST /session/21ce62c4ecbe6d238b640e15c86407e3/elements - {"using":"xpath","value":"//li[.//span[contains(text(),'528 -')]]"}
RESULT: {"using":"xpath","value":"//li[.//span[contains(text(),'528 -')]]"}
COMMAND: POST /session/21ce62c4ecbe6d238b640e15c86407e3/elements - {"using":"xpath","value":"//li[.//span[contains(text(),'528 -')]]"}
RESULT: {"using":"xpath","value":"//li[.//span[contains(text(),'528 -')]]"}
COMMAND: POST /session/21ce62c4ecbe6d238b640e15c86407e3/elements - {"using":"xpath","value":"//li[.//span[contains(text(),'528 -')]]"}
RESULT: {"using":"xpath","value":"//li[.//span[contains(text(),'528 -')]]"}
COMMAND: POST /session/21ce62c4ecbe6d238b640e15c86407e3/elements - {"using":"xpath","value":"//li[.//span[contains(text(),'528 -')]]"}
RESULT: {"using":"xpath","value":"//li[.//span[contains(text(),'528 -')]]"}
COMMAND: POST /session/21ce62c4ecbe6d238b640e15c86407e3/elements - {"using":"xpath","value":"//li[.//span[contains(text(),'528 -')]]"}
RESULT: {"using":"xpath","value":"//li[.//span[contains(text(),'528 -')]]"}
COMMAND: POST /session/21ce62c4ecbe6d238b640e15c86407e3/elements - {"using":"xpath","value":"//li[.//span[contains(text(),'528 -')]]"}
RESULT: {"using":"xpath","value":"//li[.//span[contains(text(),'528 -')]]"}
COMMAND: POST /session/21ce62c4ecbe6d238b640e15c86407e3/elements - {"using":"xpath","value":"//li[.//span[contains(text(),'528 -')]]"}
RESULT: {"using":"xpath","value":"//li[.//span[contains(text(),'528 -')]]"}
COMMAND: POST /session/21ce62c4ecbe6d238b640e15c86407e3/elements - {"using":"xpath","value":"//li[.//span[contains(text(),'528 -')]]"}
RESULT: {"using":"xpath","value":"//li[.//span[contains(text(),'528 -')]]"}
COMMAND: POST /session/21ce62c4ecbe6d238b640e15c86407e3/elements - {"using":"xpath","value":"//li[.//span[contains(text(),'528 -')]]"}
RESULT: {"using":"xpath","value":"//li[.//span[contains(text(),'528 -')]]"}
COMMAND: POST /session/21ce62c4ecbe6d238b640e15c86407e3/elements - {"using":"xpath","value":"//li[.//span[contains(text(),'528 -')]]"}
RESULT: {"using":"xpath","value":"//li[.//span[contains(text(),'528 -')]]"}
COMMAND: POST /session/21ce62c4ecbe6d238b640e15c86407e3/elements - {"using":"xpath","value":"//li[.//span[contains(text(),'528 -')]]"}
RESULT: {"using":"xpath","value":"//li[.//span[contains(text(),'528 -')]]"}
COMMAND: POST /session/21ce62c4ecbe6d238b640e15c86407e3/elements - {"using":"xpath","value":"//li[.//span[contains(text(),'528 -')]]"}
RESULT: {"using":"xpath","value":"//li[.//span[contains(text(),'528 -')]]"}
COMMAND: POST /session/21ce62c4ecbe6d238b640e15c86407e3/elements - {"using":"xpath","value":"//li[.//span[contains(text(),'528 -')]]"}
RESULT: {"using":"xpath","value":"//li[.//span[contains(text(),'528 -')]]"}
COMMAND: POST /session/21ce62c4ecbe6d238b640e15c86407e3/elements - {"using":"xpath","value":"//li[.//span[contains(text(),'528 -')]]"}
RESULT: {"using":"xpath","value":"//li[.//span[contains(text(),'528 -')]]"}
COMMAND: POST /session/21ce62c4ecbe6d238b640e15c86407e3/elements - {"using":"xpath","value":"//li[.//span[contains(text(),'528 -')]]"}
RESULT: {"using":"xpath","value":"//li[.//span[contains(text(),'528 -')]]"}
COMMAND: POST /session/21ce62c4ecbe6d238b640e15c86407e3/elements - {"using":"xpath","value":"//li[.//span[contains(text(),'528 -')]]"}
RESULT: {"using":"xpath","value":"//li[.//span[contains(text(),'528 -')]]"}
COMMAND: POST /session/21ce62c4ecbe6d238b640e15c86407e3/elements - {"using":"xpath","value":"//li[.//span[contains(text(),'528 -')]]"}
RESULT: {"using":"xpath","value":"//li[.//span[contains(text(),'528 -')]]"}
COMMAND: POST /session/21ce62c4ecbe6d238b640e15c86407e3/elements - {"using":"xpath","value":"//li[.//span[contains(text(),'528 -')]]"}
RESULT: {"using":"xpath","value":"//li[.//span[contains(text(),'528 -')]]"}
COMMAND: POST /session/21ce62c4ecbe6d238b640e15c86407e3/elements - {"using":"xpath","value":"//li[.//span[contains(text(),'528 -')]]"}
RESULT: {"using":"xpath","value":"//li[.//span[contains(text(),'528 -')]]"}
COMMAND: POST /session/21ce62c4ecbe6d238b640e15c86407e3/elements - {"using":"xpath","value":"//li[.//span[contains(text(),'528 -')]]"}
RESULT: {"using":"xpath","value":"//li[.//span[contains(text(),'528 -')]]"}
COMMAND: POST /session/21ce62c4ecbe6d238b640e15c86407e3/elements - {"using":"xpath","value":"//li[.//span[contains(text(),'528 -')]]"}
RESULT: {"using":"xpath","value":"//li[.//span[contains(text(),'528 -')]]"}
COMMAND: POST /session/21ce62c4ecbe6d238b640e15c86407e3/elements - {"using":"xpath","value":"//li[.//span[contains(text(),'528 -')]]"}
RESULT: {"using":"xpath","value":"//li[.//span[contains(text(),'528 -')]]"}
COMMAND: POST /session/21ce62c4ecbe6d238b640e15c86407e3/elements - {"using":"xpath","value":"//li[.//span[contains(text(),'528 -')]]"}
RESULT: {"using":"xpath","value":"//li[.//span[contains(text(),'528 -')]]"}
COMMAND: POST /session/21ce62c4ecbe6d238b640e15c86407e3/elements - {"using":"xpath","value":"//li[.//span[contains(text(),'528 -')]]"}
RESULT: {"using":"xpath","value":"//li[.//span[contains(text(),'528 -')]]"}
COMMAND: POST /session/21ce62c4ecbe6d238b640e15c86407e3/elements - {"using":"xpath","value":"//li[.//span[contains(text(),'528 -')]]"}
RESULT: {"using":"xpath","value":"//li[.//span[contains(text(),'528 -')]]"}
COMMAND: POST /session/21ce62c4ecbe6d238b640e15c86407e3/elements - {"using":"xpath","value":"//li[.//span[contains(text(),'528 -')]]"}
RESULT: {"using":"xpath","value":"//li[.//span[contains(text(),'528 -')]]"}
COMMAND: POST /session/21ce62c4ecbe6d238b640e15c86407e3/elements - {"using":"xpath","value":"//li[.//span[contains(text(),'528 -')]]"}
RESULT: {"using":"xpath","value":"//li[.//span[contains(text(),'528 -')]]"}
COMMAND: POST /session/21ce62c4ecbe6d238b640e15c86407e3/elements - {"using":"xpath","value":"//li[.//span[contains(text(),'528 -')]]"}
RESULT: {"using":"xpath","value":"//li[.//span[contains(text(),'528 -')]]"}
COMMAND: POST /session/21ce62c4ecbe6d238b640e15c86407e3/elements - {"using":"xpath","value":"//li[.//span[contains(text(),'528 -')]]"}
RESULT: {"using":"xpath","value":"//li[.//span[contains(text(),'528 -')]]"}
COMMAND: POST /session/21ce62c4ecbe6d238b640e15c86407e3/elements - {"using":"xpath","value":"//li[.//span[contains(text(),'528 -')]]"}
RESULT: {"using":"xpath","value":"//li[.//span[contains(text(),'528 -')]]"}
COMMAND: POST /session/21ce62c4ecbe6d238b640e15c86407e3/elements - {"using":"xpath","value":"//li[.//span[contains(text(),'528 -')]]"}
RESULT: {"using":"xpath","value":"//li[.//span[contains(text(),'528 -')]]"}
COMMAND: POST /session/21ce62c4ecbe6d238b640e15c86407e3/elements - {"using":"xpath","value":"//li[.//span[contains(text(),'528 -')]]"}
RESULT: {"using":"xpath","value":"//li[.//span[contains(text(),'528 -')]]"}
COMMAND: POST /session/21ce62c4ecbe6d238b640e15c86407e3/elements - {"using":"xpath","value":"//li[.//span[contains(text(),'528 -')]]"}
RESULT: {"using":"xpath","value":"//li[.//span[contains(text(),'528 -')]]"}
COMMAND: POST /session/21ce62c4ecbe6d238b640e15c86407e3/elements - {"using":"xpath","value":"//li[.//span[contains(text(),'528 -')]]"}
RESULT: {"using":"xpath","value":"//li[.//span[contains(text(),'528 -')]]"}
COMMAND: POST /session/21ce62c4ecbe6d238b640e15c86407e3/elements - {"using":"xpath","value":"//li[.//span[contains(text(),'528 -')]]"}
RESULT: {"using":"xpath","value":"//li[.//span[contains(text(),'528 -')]]"}
COMMAND: POST /session/21ce62c4ecbe6d238b640e15c86407e3/elements - {"using":"xpath","value":"//li[.//span[contains(text(),'528 -')]]"}
RESULT: {"using":"xpath","value":"//li[.//span[contains(text(),'528 -')]]"}
COMMAND: POST /session/21ce62c4ecbe6d238b640e15c86407e3/elements - {"using":"xpath","value":"//li[.//span[contains(text(),'528 -')]]"}
RESULT: {"using":"xpath","value":"//li[.//span[contains(text(),'528 -')]]"}
COMMAND: POST /session/21ce62c4ecbe6d238b640e15c86407e3/elements - {"using":"xpath","value":"//li[.//span[contains(text(),'528 -')]]"}
RESULT: {"using":"xpath","value":"//li[.//span[contains(text(),'528 -')]]"}
COMMAND: POST /session/21ce62c4ecbe6d238b640e15c86407e3/elements - {"using":"xpath","value":"//li[.//span[contains(text(),'528 -')]]"}
RESULT: {"using":"xpath","value":"//li[.//span[contains(text(),'528 -')]]"}
COMMAND: POST /session/21ce62c4ecbe6d238b640e15c86407e3/elements - {"using":"xpath","value":"//li[.//span[contains(text(),'528 -')]]"}
RESULT: {"using":"xpath","value":"//li[.//span[contains(text(),'528 -')]]"}
COMMAND: POST /session/21ce62c4ecbe6d238b640e15c86407e3/elements - {"using":"xpath","value":"//li[.//span[contains(text(),'528 -')]]"}
RESULT: {"using":"xpath","value":"//li[.//span[contains(text(),'528 -')]]"}
COMMAND: POST /session/21ce62c4ecbe6d238b640e15c86407e3/elements - {"using":"xpath","value":"//li[.//span[contains(text(),'528 -')]]"}
RESULT: {"using":"xpath","value":"//li[.//span[contains(text(),'528 -')]]"}
COMMAND: POST /session/21ce62c4ecbe6d238b640e15c86407e3/elements - {"using":"xpath","value":"//li[.//span[contains(text(),'528 -')]]"}
RESULT: {"using":"xpath","value":"//li[.//span[contains(text(),'528 -')]]"}
COMMAND: POST /session/21ce62c4ecbe6d238b640e15c86407e3/elements - {"using":"xpath","value":"//li[.//span[contains(text(),'528 -')]]"}
RESULT: {"using":"xpath","value":"//li[.//span[contains(text(),'528 -')]]"}
COMMAND: POST /session/21ce62c4ecbe6d238b640e15c86407e3/elements - {"using":"xpath","value":"//li[.//span[contains(text(),'528 -')]]"}
RESULT: {"using":"xpath","value":"//li[.//span[contains(text(),'528 -')]]"}
COMMAND: POST /session/21ce62c4ecbe6d238b640e15c86407e3/elements - {"using":"xpath","value":"//li[.//span[contains(text(),'528 -')]]"}
RESULT: {"using":"xpath","value":"//li[.//span[contains(text(),'528 -')]]"}
COMMAND: POST /session/21ce62c4ecbe6d238b640e15c86407e3/elements - {"using":"xpath","value":"//li[.//span[contains(text(),'528 -')]]"}
RESULT: {"using":"xpath","value":"//li[.//span[contains(text(),'528 -')]]"}
COMMAND: POST /session/21ce62c4ecbe6d238b640e15c86407e3/elements - {"using":"xpath","value":"//li[.//span[contains(text(),'528 -')]]"}
RESULT: {"using":"xpath","value":"//li[.//span[contains(text(),'528 -')]]"}
COMMAND: POST /session/21ce62c4ecbe6d238b640e15c86407e3/elements - {"using":"xpath","value":"//li[.//span[contains(text(),'528 -')]]"}
RESULT: {"using":"xpath","value":"//li[.//span[contains(text(),'528 -')]]"}
COMMAND: POST /session/21ce62c4ecbe6d238b640e15c86407e3/elements - {"using":"xpath","value":"//li[.//span[contains(text(),'528 -')]]"}
RESULT: {"using":"xpath","value":"//li[.//span[contains(text(),'528 -')]]"}
COMMAND: POST /session/21ce62c4ecbe6d238b640e15c86407e3/elements - {"using":"xpath","value":"//li[.//span[contains(text(),'528 -')]]"}
RESULT: {"using":"xpath","value":"//li[.//span[contains(text(),'528 -')]]"}
COMMAND: POST /session/21ce62c4ecbe6d238b640e15c86407e3/elements - {"using":"xpath","value":"//li[.//span[contains(text(),'528 -')]]"}
RESULT: {"using":"xpath","value":"//li[.//span[contains(text(),'528 -')]]"}
COMMAND: POST /session/21ce62c4ecbe6d238b640e15c86407e3/elements - {"using":"xpath","value":"//li[.//span[contains(text(),'528 -')]]"}
RESULT: {"using":"xpath","value":"//li[.//span[contains(text(),'528 -')]]"}
COMMAND: POST /session/21ce62c4ecbe6d238b640e15c86407e3/elements - {"using":"xpath","value":"//li[.//span[contains(text(),'528 -')]]"}
RESULT: {"using":"xpath","value":"//li[.//span[contains(text(),'528 -')]]"}
COMMAND: POST /session/21ce62c4ecbe6d238b640e15c86407e3/elements - {"using":"xpath","value":"//li[.//span[contains(text(),'528 -')]]"}
RESULT: {"using":"xpath","value":"//li[.//span[contains(text(),'528 -')]]"}
COMMAND: POST /session/21ce62c4ecbe6d238b640e15c86407e3/elements - {"using":"xpath","value":"//li[.//span[contains(text(),'528 -')]]"}
RESULT: {"using":"xpath","value":"//li[.//span[contains(text(),'528 -')]]"}
COMMAND: POST /session/21ce62c4ecbe6d238b640e15c86407e3/elements - {"using":"xpath","value":"//li[.//span[contains(text(),'528 -')]]"}
RESULT: {"using":"xpath","value":"//li[.//span[contains(text(),'528 -')]]"}
COMMAND: POST /session/21ce62c4ecbe6d238b640e15c86407e3/elements - {"using":"xpath","value":"//li[.//span[contains(text(),'528 -')]]"}
RESULT: {"using":"xpath","value":"//li[.//span[contains(text(),'528 -')]]"}
COMMAND: POST /session/21ce62c4ecbe6d238b640e15c86407e3/elements - {"using":"xpath","value":"//li[.//span[contains(text(),'528 -')]]"}
RESULT: {"using":"xpath","value":"//li[.//span[contains(text(),'528 -')]]"}
COMMAND: POST /session/21ce62c4ecbe6d238b640e15c86407e3/elements - {"using":"xpath","value":"//li[.//span[contains(text(),'528 -')]]"}
RESULT: {"using":"xpath","value":"//li[.//span[contains(text(),'528 -')]]"}
COMMAND: POST /session/21ce62c4ecbe6d238b640e15c86407e3/elements - {"using":"xpath","value":"//li[.//span[contains(text(),'528 -')]]"}
RESULT: {"using":"xpath","value":"//li[.//span[contains(text(),'528 -')]]"}
COMMAND: POST /session/21ce62c4ecbe6d238b640e15c86407e3/elements - {"using":"xpath","value":"//li[.//span[contains(text(),'528 -')]]"}
RESULT: {"using":"xpath","value":"//li[.//span[contains(text(),'528 -')]]"}
COMMAND: POST /session/21ce62c4ecbe6d238b640e15c86407e3/elements - {"using":"xpath","value":"//li[.//span[contains(text(),'528 -')]]"}
RESULT: {"using":"xpath","value":"//li[.//span[contains(text(),'528 -')]]"}
COMMAND: POST /session/21ce62c4ecbe6d238b640e15c86407e3/elements - {"using":"xpath","value":"//li[.//span[contains(text(),'528 -')]]"}
RESULT: {"using":"xpath","value":"//li[.//span[contains(text(),'528 -')]]"}
COMMAND: POST /session/21ce62c4ecbe6d238b640e15c86407e3/elements - {"using":"xpath","value":"//li[.//span[contains(text(),'528 -')]]"}
RESULT: {"using":"xpath","value":"//li[.//span[contains(text(),'528 -')]]"}
COMMAND: POST /session/21ce62c4ecbe6d238b640e15c86407e3/elements - {"using":"xpath","value":"//li[.//span[contains(text(),'528 -')]]"}
RESULT: {"using":"xpath","value":"//li[.//span[contains(text(),'528 -')]]"}
COMMAND: POST /session/21ce62c4ecbe6d238b640e15c86407e3/elements - {"using":"xpath","value":"//li[.//span[contains(text(),'528 -')]]"}
RESULT: {"using":"xpath","value":"//li[.//span[contains(text(),'528 -')]]"}
COMMAND: POST /session/21ce62c4ecbe6d238b640e15c86407e3/elements - {"using":"xpath","value":"//li[.//span[contains(text(),'528 -')]]"}
RESULT: {"using":"xpath","value":"//li[.//span[contains(text(),'528 -')]]"}
COMMAND: POST /session/21ce62c4ecbe6d238b640e15c86407e3/elements - {"using":"xpath","value":"//li[.//span[contains(text(),'528 -')]]"}
RESULT: {"using":"xpath","value":"//li[.//span[contains(text(),'528 -')]]"}
COMMAND: POST /session/21ce62c4ecbe6d238b640e15c86407e3/elements - {"using":"xpath","value":"//li[.//span[contains(text(),'528 -')]]"}
RESULT: {"using":"xpath","value":"//li[.//span[contains(text(),'528 -')]]"}
COMMAND: POST /session/21ce62c4ecbe6d238b640e15c86407e3/elements - {"using":"xpath","value":"//li[.//span[contains(text(),'528 -')]]"}
RESULT: {"using":"xpath","value":"//li[.//span[contains(text(),'528 -')]]"}
COMMAND: GET /session/21ce62c4ecbe6d238b640e15c86407e3/screenshot - {}
RESULT: {}
]]></system-out>
      <system-err><![CDATA[
Error: Can't call click on element with selector "//li[.//span[contains(text(),'528 -')]]" because element wasn't found
    at async UtilsPrerequisites.stockIncrease (D:\a\1\s\test\specs\BTS\prerequisites-and-utils-functions.js:1638:9)
    at async Context.<anonymous> (D:\a\1\s\test\specs\HTR\provide-to-site-wo-warehouse-wo-clarification.spec.js:57:9)
]]></system-err>
    </testcase>
    <testcase classname="chrome.136_0_7103_93.windows.Provide_to_Site_w/o_warehouse_management_w/o_clarification" name="Should create a new contract" time="60.754">
      <failure/>
      <error message="element (&quot;//button[@data-kt=&quot;addButton&quot;]&quot;) still not existing after 45000ms"/>
      <system-out><![CDATA[
COMMAND: GET /session/21ce62c4ecbe6d238b640e15c86407e3/screenshot - {}
COMMAND: POST /session/21ce62c4ecbe6d238b640e15c86407e3/execute/async - {"script":"<script> [1562 bytes]","args":[{"selector":{"controlType":"sap.m.GenericTile","properties":{"header":"Manage Contracts"}},"wdio_ui5_key":"sapm.GenericTile{\"header\":\"Manage Contracts\"}"}]}
RESULT: {}
RESULT: {"script":"<script> [1562 bytes]","args":[{"selector":{"controlType":"sap.m.GenericTile","properties":{"header":"Manage Contracts"}},"wdio_ui5_key":"sapm.GenericTile{\"header\":\"Manage Contracts\"}"}]}
RESULT: undefined
COMMAND: POST /session/21ce62c4ecbe6d238b640e15c86407e3/elements - {"using":"xpath","value":"//span[text()='Error']"}
RESULT: {"using":"xpath","value":"//span[text()='Error']"}
COMMAND: POST /session/21ce62c4ecbe6d238b640e15c86407e3/element - {"using":"xpath","value":"//button[@data-kt=\"addButton\"]"}
RESULT: {"using":"xpath","value":"//button[@data-kt=\"addButton\"]"}
COMMAND: POST /session/21ce62c4ecbe6d238b640e15c86407e3/elements - {"using":"xpath","value":"//button[@data-kt=\"addButton\"]"}
RESULT: {"using":"xpath","value":"//button[@data-kt=\"addButton\"]"}
COMMAND: POST /session/21ce62c4ecbe6d238b640e15c86407e3/elements - {"using":"xpath","value":"//button[@data-kt=\"addButton\"]"}
RESULT: {"using":"xpath","value":"//button[@data-kt=\"addButton\"]"}
COMMAND: POST /session/21ce62c4ecbe6d238b640e15c86407e3/elements - {"using":"xpath","value":"//button[@data-kt=\"addButton\"]"}
RESULT: {"using":"xpath","value":"//button[@data-kt=\"addButton\"]"}
COMMAND: POST /session/21ce62c4ecbe6d238b640e15c86407e3/elements - {"using":"xpath","value":"//button[@data-kt=\"addButton\"]"}
RESULT: {"using":"xpath","value":"//button[@data-kt=\"addButton\"]"}
COMMAND: POST /session/21ce62c4ecbe6d238b640e15c86407e3/elements - {"using":"xpath","value":"//button[@data-kt=\"addButton\"]"}
RESULT: {"using":"xpath","value":"//button[@data-kt=\"addButton\"]"}
COMMAND: POST /session/21ce62c4ecbe6d238b640e15c86407e3/elements - {"using":"xpath","value":"//button[@data-kt=\"addButton\"]"}
RESULT: {"using":"xpath","value":"//button[@data-kt=\"addButton\"]"}
COMMAND: POST /session/21ce62c4ecbe6d238b640e15c86407e3/elements - {"using":"xpath","value":"//button[@data-kt=\"addButton\"]"}
RESULT: {"using":"xpath","value":"//button[@data-kt=\"addButton\"]"}
COMMAND: POST /session/21ce62c4ecbe6d238b640e15c86407e3/elements - {"using":"xpath","value":"//button[@data-kt=\"addButton\"]"}
RESULT: {"using":"xpath","value":"//button[@data-kt=\"addButton\"]"}
COMMAND: POST /session/21ce62c4ecbe6d238b640e15c86407e3/elements - {"using":"xpath","value":"//button[@data-kt=\"addButton\"]"}
RESULT: {"using":"xpath","value":"//button[@data-kt=\"addButton\"]"}
COMMAND: POST /session/21ce62c4ecbe6d238b640e15c86407e3/elements - {"using":"xpath","value":"//button[@data-kt=\"addButton\"]"}
RESULT: {"using":"xpath","value":"//button[@data-kt=\"addButton\"]"}
COMMAND: POST /session/21ce62c4ecbe6d238b640e15c86407e3/elements - {"using":"xpath","value":"//button[@data-kt=\"addButton\"]"}
RESULT: {"using":"xpath","value":"//button[@data-kt=\"addButton\"]"}
COMMAND: POST /session/21ce62c4ecbe6d238b640e15c86407e3/elements - {"using":"xpath","value":"//button[@data-kt=\"addButton\"]"}
RESULT: {"using":"xpath","value":"//button[@data-kt=\"addButton\"]"}
COMMAND: POST /session/21ce62c4ecbe6d238b640e15c86407e3/elements - {"using":"xpath","value":"//button[@data-kt=\"addButton\"]"}
RESULT: {"using":"xpath","value":"//button[@data-kt=\"addButton\"]"}
COMMAND: POST /session/21ce62c4ecbe6d238b640e15c86407e3/elements - {"using":"xpath","value":"//button[@data-kt=\"addButton\"]"}
RESULT: {"using":"xpath","value":"//button[@data-kt=\"addButton\"]"}
COMMAND: POST /session/21ce62c4ecbe6d238b640e15c86407e3/elements - {"using":"xpath","value":"//button[@data-kt=\"addButton\"]"}
RESULT: {"using":"xpath","value":"//button[@data-kt=\"addButton\"]"}
COMMAND: POST /session/21ce62c4ecbe6d238b640e15c86407e3/elements - {"using":"xpath","value":"//button[@data-kt=\"addButton\"]"}
RESULT: {"using":"xpath","value":"//button[@data-kt=\"addButton\"]"}
COMMAND: POST /session/21ce62c4ecbe6d238b640e15c86407e3/elements - {"using":"xpath","value":"//button[@data-kt=\"addButton\"]"}
RESULT: {"using":"xpath","value":"//button[@data-kt=\"addButton\"]"}
COMMAND: POST /session/21ce62c4ecbe6d238b640e15c86407e3/elements - {"using":"xpath","value":"//button[@data-kt=\"addButton\"]"}
RESULT: {"using":"xpath","value":"//button[@data-kt=\"addButton\"]"}
COMMAND: POST /session/21ce62c4ecbe6d238b640e15c86407e3/elements - {"using":"xpath","value":"//button[@data-kt=\"addButton\"]"}
RESULT: {"using":"xpath","value":"//button[@data-kt=\"addButton\"]"}
COMMAND: POST /session/21ce62c4ecbe6d238b640e15c86407e3/elements - {"using":"xpath","value":"//button[@data-kt=\"addButton\"]"}
RESULT: {"using":"xpath","value":"//button[@data-kt=\"addButton\"]"}
COMMAND: POST /session/21ce62c4ecbe6d238b640e15c86407e3/elements - {"using":"xpath","value":"//button[@data-kt=\"addButton\"]"}
RESULT: {"using":"xpath","value":"//button[@data-kt=\"addButton\"]"}
COMMAND: POST /session/21ce62c4ecbe6d238b640e15c86407e3/elements - {"using":"xpath","value":"//button[@data-kt=\"addButton\"]"}
RESULT: {"using":"xpath","value":"//button[@data-kt=\"addButton\"]"}
COMMAND: POST /session/21ce62c4ecbe6d238b640e15c86407e3/elements - {"using":"xpath","value":"//button[@data-kt=\"addButton\"]"}
RESULT: {"using":"xpath","value":"//button[@data-kt=\"addButton\"]"}
COMMAND: POST /session/21ce62c4ecbe6d238b640e15c86407e3/elements - {"using":"xpath","value":"//button[@data-kt=\"addButton\"]"}
RESULT: {"using":"xpath","value":"//button[@data-kt=\"addButton\"]"}
COMMAND: POST /session/21ce62c4ecbe6d238b640e15c86407e3/elements - {"using":"xpath","value":"//button[@data-kt=\"addButton\"]"}
RESULT: {"using":"xpath","value":"//button[@data-kt=\"addButton\"]"}
COMMAND: POST /session/21ce62c4ecbe6d238b640e15c86407e3/elements - {"using":"xpath","value":"//button[@data-kt=\"addButton\"]"}
RESULT: {"using":"xpath","value":"//button[@data-kt=\"addButton\"]"}
COMMAND: POST /session/21ce62c4ecbe6d238b640e15c86407e3/elements - {"using":"xpath","value":"//button[@data-kt=\"addButton\"]"}
RESULT: {"using":"xpath","value":"//button[@data-kt=\"addButton\"]"}
COMMAND: POST /session/21ce62c4ecbe6d238b640e15c86407e3/elements - {"using":"xpath","value":"//button[@data-kt=\"addButton\"]"}
RESULT: {"using":"xpath","value":"//button[@data-kt=\"addButton\"]"}
COMMAND: POST /session/21ce62c4ecbe6d238b640e15c86407e3/elements - {"using":"xpath","value":"//button[@data-kt=\"addButton\"]"}
RESULT: {"using":"xpath","value":"//button[@data-kt=\"addButton\"]"}
COMMAND: POST /session/21ce62c4ecbe6d238b640e15c86407e3/elements - {"using":"xpath","value":"//button[@data-kt=\"addButton\"]"}
RESULT: {"using":"xpath","value":"//button[@data-kt=\"addButton\"]"}
COMMAND: POST /session/21ce62c4ecbe6d238b640e15c86407e3/elements - {"using":"xpath","value":"//button[@data-kt=\"addButton\"]"}
RESULT: {"using":"xpath","value":"//button[@data-kt=\"addButton\"]"}
COMMAND: POST /session/21ce62c4ecbe6d238b640e15c86407e3/elements - {"using":"xpath","value":"//button[@data-kt=\"addButton\"]"}
RESULT: {"using":"xpath","value":"//button[@data-kt=\"addButton\"]"}
COMMAND: POST /session/21ce62c4ecbe6d238b640e15c86407e3/elements - {"using":"xpath","value":"//button[@data-kt=\"addButton\"]"}
RESULT: {"using":"xpath","value":"//button[@data-kt=\"addButton\"]"}
COMMAND: POST /session/21ce62c4ecbe6d238b640e15c86407e3/elements - {"using":"xpath","value":"//button[@data-kt=\"addButton\"]"}
RESULT: {"using":"xpath","value":"//button[@data-kt=\"addButton\"]"}
COMMAND: POST /session/21ce62c4ecbe6d238b640e15c86407e3/elements - {"using":"xpath","value":"//button[@data-kt=\"addButton\"]"}
RESULT: {"using":"xpath","value":"//button[@data-kt=\"addButton\"]"}
COMMAND: POST /session/21ce62c4ecbe6d238b640e15c86407e3/elements - {"using":"xpath","value":"//button[@data-kt=\"addButton\"]"}
RESULT: {"using":"xpath","value":"//button[@data-kt=\"addButton\"]"}
COMMAND: POST /session/21ce62c4ecbe6d238b640e15c86407e3/elements - {"using":"xpath","value":"//button[@data-kt=\"addButton\"]"}
RESULT: {"using":"xpath","value":"//button[@data-kt=\"addButton\"]"}
COMMAND: POST /session/21ce62c4ecbe6d238b640e15c86407e3/elements - {"using":"xpath","value":"//button[@data-kt=\"addButton\"]"}
RESULT: {"using":"xpath","value":"//button[@data-kt=\"addButton\"]"}
COMMAND: POST /session/21ce62c4ecbe6d238b640e15c86407e3/elements - {"using":"xpath","value":"//button[@data-kt=\"addButton\"]"}
RESULT: {"using":"xpath","value":"//button[@data-kt=\"addButton\"]"}
COMMAND: POST /session/21ce62c4ecbe6d238b640e15c86407e3/elements - {"using":"xpath","value":"//button[@data-kt=\"addButton\"]"}
RESULT: {"using":"xpath","value":"//button[@data-kt=\"addButton\"]"}
COMMAND: POST /session/21ce62c4ecbe6d238b640e15c86407e3/elements - {"using":"xpath","value":"//button[@data-kt=\"addButton\"]"}
RESULT: {"using":"xpath","value":"//button[@data-kt=\"addButton\"]"}
COMMAND: POST /session/21ce62c4ecbe6d238b640e15c86407e3/elements - {"using":"xpath","value":"//button[@data-kt=\"addButton\"]"}
RESULT: {"using":"xpath","value":"//button[@data-kt=\"addButton\"]"}
COMMAND: POST /session/21ce62c4ecbe6d238b640e15c86407e3/elements - {"using":"xpath","value":"//button[@data-kt=\"addButton\"]"}
RESULT: {"using":"xpath","value":"//button[@data-kt=\"addButton\"]"}
COMMAND: POST /session/21ce62c4ecbe6d238b640e15c86407e3/elements - {"using":"xpath","value":"//button[@data-kt=\"addButton\"]"}
RESULT: {"using":"xpath","value":"//button[@data-kt=\"addButton\"]"}
COMMAND: POST /session/21ce62c4ecbe6d238b640e15c86407e3/elements - {"using":"xpath","value":"//button[@data-kt=\"addButton\"]"}
RESULT: {"using":"xpath","value":"//button[@data-kt=\"addButton\"]"}
COMMAND: POST /session/21ce62c4ecbe6d238b640e15c86407e3/elements - {"using":"xpath","value":"//button[@data-kt=\"addButton\"]"}
RESULT: {"using":"xpath","value":"//button[@data-kt=\"addButton\"]"}
COMMAND: POST /session/21ce62c4ecbe6d238b640e15c86407e3/elements - {"using":"xpath","value":"//button[@data-kt=\"addButton\"]"}
RESULT: {"using":"xpath","value":"//button[@data-kt=\"addButton\"]"}
COMMAND: POST /session/21ce62c4ecbe6d238b640e15c86407e3/elements - {"using":"xpath","value":"//button[@data-kt=\"addButton\"]"}
RESULT: {"using":"xpath","value":"//button[@data-kt=\"addButton\"]"}
COMMAND: POST /session/21ce62c4ecbe6d238b640e15c86407e3/elements - {"using":"xpath","value":"//button[@data-kt=\"addButton\"]"}
RESULT: {"using":"xpath","value":"//button[@data-kt=\"addButton\"]"}
COMMAND: POST /session/21ce62c4ecbe6d238b640e15c86407e3/elements - {"using":"xpath","value":"//button[@data-kt=\"addButton\"]"}
RESULT: {"using":"xpath","value":"//button[@data-kt=\"addButton\"]"}
COMMAND: POST /session/21ce62c4ecbe6d238b640e15c86407e3/elements - {"using":"xpath","value":"//button[@data-kt=\"addButton\"]"}
RESULT: {"using":"xpath","value":"//button[@data-kt=\"addButton\"]"}
COMMAND: POST /session/21ce62c4ecbe6d238b640e15c86407e3/elements - {"using":"xpath","value":"//button[@data-kt=\"addButton\"]"}
RESULT: {"using":"xpath","value":"//button[@data-kt=\"addButton\"]"}
COMMAND: POST /session/21ce62c4ecbe6d238b640e15c86407e3/elements - {"using":"xpath","value":"//button[@data-kt=\"addButton\"]"}
RESULT: {"using":"xpath","value":"//button[@data-kt=\"addButton\"]"}
COMMAND: POST /session/21ce62c4ecbe6d238b640e15c86407e3/elements - {"using":"xpath","value":"//button[@data-kt=\"addButton\"]"}
RESULT: {"using":"xpath","value":"//button[@data-kt=\"addButton\"]"}
COMMAND: POST /session/21ce62c4ecbe6d238b640e15c86407e3/elements - {"using":"xpath","value":"//button[@data-kt=\"addButton\"]"}
RESULT: {"using":"xpath","value":"//button[@data-kt=\"addButton\"]"}
COMMAND: POST /session/21ce62c4ecbe6d238b640e15c86407e3/elements - {"using":"xpath","value":"//button[@data-kt=\"addButton\"]"}
RESULT: {"using":"xpath","value":"//button[@data-kt=\"addButton\"]"}
COMMAND: POST /session/21ce62c4ecbe6d238b640e15c86407e3/elements - {"using":"xpath","value":"//button[@data-kt=\"addButton\"]"}
RESULT: {"using":"xpath","value":"//button[@data-kt=\"addButton\"]"}
COMMAND: POST /session/21ce62c4ecbe6d238b640e15c86407e3/elements - {"using":"xpath","value":"//button[@data-kt=\"addButton\"]"}
RESULT: {"using":"xpath","value":"//button[@data-kt=\"addButton\"]"}
COMMAND: POST /session/21ce62c4ecbe6d238b640e15c86407e3/elements - {"using":"xpath","value":"//button[@data-kt=\"addButton\"]"}
RESULT: {"using":"xpath","value":"//button[@data-kt=\"addButton\"]"}
COMMAND: POST /session/21ce62c4ecbe6d238b640e15c86407e3/elements - {"using":"xpath","value":"//button[@data-kt=\"addButton\"]"}
RESULT: {"using":"xpath","value":"//button[@data-kt=\"addButton\"]"}
COMMAND: POST /session/21ce62c4ecbe6d238b640e15c86407e3/elements - {"using":"xpath","value":"//button[@data-kt=\"addButton\"]"}
RESULT: {"using":"xpath","value":"//button[@data-kt=\"addButton\"]"}
COMMAND: POST /session/21ce62c4ecbe6d238b640e15c86407e3/elements - {"using":"xpath","value":"//button[@data-kt=\"addButton\"]"}
RESULT: {"using":"xpath","value":"//button[@data-kt=\"addButton\"]"}
COMMAND: POST /session/21ce62c4ecbe6d238b640e15c86407e3/elements - {"using":"xpath","value":"//button[@data-kt=\"addButton\"]"}
RESULT: {"using":"xpath","value":"//button[@data-kt=\"addButton\"]"}
COMMAND: POST /session/21ce62c4ecbe6d238b640e15c86407e3/elements - {"using":"xpath","value":"//button[@data-kt=\"addButton\"]"}
RESULT: {"using":"xpath","value":"//button[@data-kt=\"addButton\"]"}
COMMAND: POST /session/21ce62c4ecbe6d238b640e15c86407e3/elements - {"using":"xpath","value":"//button[@data-kt=\"addButton\"]"}
RESULT: {"using":"xpath","value":"//button[@data-kt=\"addButton\"]"}
COMMAND: POST /session/21ce62c4ecbe6d238b640e15c86407e3/elements - {"using":"xpath","value":"//button[@data-kt=\"addButton\"]"}
RESULT: {"using":"xpath","value":"//button[@data-kt=\"addButton\"]"}
COMMAND: POST /session/21ce62c4ecbe6d238b640e15c86407e3/elements - {"using":"xpath","value":"//button[@data-kt=\"addButton\"]"}
RESULT: {"using":"xpath","value":"//button[@data-kt=\"addButton\"]"}
COMMAND: POST /session/21ce62c4ecbe6d238b640e15c86407e3/elements - {"using":"xpath","value":"//button[@data-kt=\"addButton\"]"}
RESULT: {"using":"xpath","value":"//button[@data-kt=\"addButton\"]"}
COMMAND: POST /session/21ce62c4ecbe6d238b640e15c86407e3/elements - {"using":"xpath","value":"//button[@data-kt=\"addButton\"]"}
RESULT: {"using":"xpath","value":"//button[@data-kt=\"addButton\"]"}
COMMAND: POST /session/21ce62c4ecbe6d238b640e15c86407e3/elements - {"using":"xpath","value":"//button[@data-kt=\"addButton\"]"}
RESULT: {"using":"xpath","value":"//button[@data-kt=\"addButton\"]"}
COMMAND: POST /session/21ce62c4ecbe6d238b640e15c86407e3/elements - {"using":"xpath","value":"//button[@data-kt=\"addButton\"]"}
RESULT: {"using":"xpath","value":"//button[@data-kt=\"addButton\"]"}
COMMAND: POST /session/21ce62c4ecbe6d238b640e15c86407e3/elements - {"using":"xpath","value":"//button[@data-kt=\"addButton\"]"}
RESULT: {"using":"xpath","value":"//button[@data-kt=\"addButton\"]"}
COMMAND: POST /session/21ce62c4ecbe6d238b640e15c86407e3/elements - {"using":"xpath","value":"//button[@data-kt=\"addButton\"]"}
RESULT: {"using":"xpath","value":"//button[@data-kt=\"addButton\"]"}
COMMAND: POST /session/21ce62c4ecbe6d238b640e15c86407e3/elements - {"using":"xpath","value":"//button[@data-kt=\"addButton\"]"}
RESULT: {"using":"xpath","value":"//button[@data-kt=\"addButton\"]"}
COMMAND: POST /session/21ce62c4ecbe6d238b640e15c86407e3/elements - {"using":"xpath","value":"//button[@data-kt=\"addButton\"]"}
RESULT: {"using":"xpath","value":"//button[@data-kt=\"addButton\"]"}
COMMAND: POST /session/21ce62c4ecbe6d238b640e15c86407e3/elements - {"using":"xpath","value":"//button[@data-kt=\"addButton\"]"}
RESULT: {"using":"xpath","value":"//button[@data-kt=\"addButton\"]"}
COMMAND: POST /session/21ce62c4ecbe6d238b640e15c86407e3/elements - {"using":"xpath","value":"//button[@data-kt=\"addButton\"]"}
RESULT: {"using":"xpath","value":"//button[@data-kt=\"addButton\"]"}
COMMAND: POST /session/21ce62c4ecbe6d238b640e15c86407e3/elements - {"using":"xpath","value":"//button[@data-kt=\"addButton\"]"}
RESULT: {"using":"xpath","value":"//button[@data-kt=\"addButton\"]"}
COMMAND: POST /session/21ce62c4ecbe6d238b640e15c86407e3/elements - {"using":"xpath","value":"//button[@data-kt=\"addButton\"]"}
RESULT: {"using":"xpath","value":"//button[@data-kt=\"addButton\"]"}
COMMAND: POST /session/21ce62c4ecbe6d238b640e15c86407e3/elements - {"using":"xpath","value":"//button[@data-kt=\"addButton\"]"}
RESULT: {"using":"xpath","value":"//button[@data-kt=\"addButton\"]"}
COMMAND: POST /session/21ce62c4ecbe6d238b640e15c86407e3/elements - {"using":"xpath","value":"//button[@data-kt=\"addButton\"]"}
RESULT: {"using":"xpath","value":"//button[@data-kt=\"addButton\"]"}
COMMAND: POST /session/21ce62c4ecbe6d238b640e15c86407e3/elements - {"using":"xpath","value":"//button[@data-kt=\"addButton\"]"}
RESULT: {"using":"xpath","value":"//button[@data-kt=\"addButton\"]"}
COMMAND: POST /session/21ce62c4ecbe6d238b640e15c86407e3/elements - {"using":"xpath","value":"//button[@data-kt=\"addButton\"]"}
RESULT: {"using":"xpath","value":"//button[@data-kt=\"addButton\"]"}
COMMAND: POST /session/21ce62c4ecbe6d238b640e15c86407e3/elements - {"using":"xpath","value":"//button[@data-kt=\"addButton\"]"}
RESULT: {"using":"xpath","value":"//button[@data-kt=\"addButton\"]"}
COMMAND: POST /session/21ce62c4ecbe6d238b640e15c86407e3/elements - {"using":"xpath","value":"//button[@data-kt=\"addButton\"]"}
RESULT: {"using":"xpath","value":"//button[@data-kt=\"addButton\"]"}
COMMAND: POST /session/21ce62c4ecbe6d238b640e15c86407e3/elements - {"using":"xpath","value":"//button[@data-kt=\"addButton\"]"}
RESULT: {"using":"xpath","value":"//button[@data-kt=\"addButton\"]"}
COMMAND: POST /session/21ce62c4ecbe6d238b640e15c86407e3/elements - {"using":"xpath","value":"//button[@data-kt=\"addButton\"]"}
RESULT: {"using":"xpath","value":"//button[@data-kt=\"addButton\"]"}
COMMAND: POST /session/21ce62c4ecbe6d238b640e15c86407e3/elements - {"using":"xpath","value":"//button[@data-kt=\"addButton\"]"}
RESULT: {"using":"xpath","value":"//button[@data-kt=\"addButton\"]"}
COMMAND: POST /session/21ce62c4ecbe6d238b640e15c86407e3/elements - {"using":"xpath","value":"//button[@data-kt=\"addButton\"]"}
RESULT: {"using":"xpath","value":"//button[@data-kt=\"addButton\"]"}
COMMAND: POST /session/21ce62c4ecbe6d238b640e15c86407e3/elements - {"using":"xpath","value":"//button[@data-kt=\"addButton\"]"}
RESULT: {"using":"xpath","value":"//button[@data-kt=\"addButton\"]"}
COMMAND: POST /session/21ce62c4ecbe6d238b640e15c86407e3/elements - {"using":"xpath","value":"//button[@data-kt=\"addButton\"]"}
COMMAND: GET /session/21ce62c4ecbe6d238b640e15c86407e3/screenshot - {}
RESULT: {"using":"xpath","value":"//button[@data-kt=\"addButton\"]"}
RESULT: {}
]]></system-out>
      <system-err><![CDATA[
Error: element ("//button[@data-kt="addButton"]") still not existing after 45000ms
    at async UtilsPrerequisites.contractCreation (D:\a\1\s\test\specs\BTS\prerequisites-and-utils-functions.js:1741:9)
    at async Context.<anonymous> (D:\a\1\s\test\specs\HTR\provide-to-site-wo-warehouse-wo-clarification.spec.js:61:49)
]]></system-err>
    </testcase>
    <testcase classname="chrome.136_0_7103_93.windows.Provide_to_Site_w/o_warehouse_management_w/o_clarification" name="Should add equipment to the contract" time="60.595">
      <failure/>
      <error message="Can't call click on element with selector &quot;//button[@data-kt=&quot;contractDetailEditBtnButton&quot;]&quot; because element wasn't found"/>
      <system-out><![CDATA[
COMMAND: POST /session/21ce62c4ecbe6d238b640e15c86407e3/element - {"using":"xpath","value":"//button[@data-kt=\"contractDetailEditBtnButton\"]"}
COMMAND: GET /session/21ce62c4ecbe6d238b640e15c86407e3/screenshot - {}
RESULT: {"using":"xpath","value":"//button[@data-kt=\"contractDetailEditBtnButton\"]"}
COMMAND: POST /session/21ce62c4ecbe6d238b640e15c86407e3/elements - {"using":"xpath","value":"//button[@data-kt=\"contractDetailEditBtnButton\"]"}
RESULT: {}
RESULT: {"using":"xpath","value":"//button[@data-kt=\"contractDetailEditBtnButton\"]"}
COMMAND: POST /session/21ce62c4ecbe6d238b640e15c86407e3/elements - {"using":"xpath","value":"//button[@data-kt=\"contractDetailEditBtnButton\"]"}
RESULT: {"using":"xpath","value":"//button[@data-kt=\"contractDetailEditBtnButton\"]"}
COMMAND: POST /session/21ce62c4ecbe6d238b640e15c86407e3/elements - {"using":"xpath","value":"//button[@data-kt=\"contractDetailEditBtnButton\"]"}
RESULT: {"using":"xpath","value":"//button[@data-kt=\"contractDetailEditBtnButton\"]"}
COMMAND: POST /session/21ce62c4ecbe6d238b640e15c86407e3/elements - {"using":"xpath","value":"//button[@data-kt=\"contractDetailEditBtnButton\"]"}
RESULT: {"using":"xpath","value":"//button[@data-kt=\"contractDetailEditBtnButton\"]"}
COMMAND: POST /session/21ce62c4ecbe6d238b640e15c86407e3/elements - {"using":"xpath","value":"//button[@data-kt=\"contractDetailEditBtnButton\"]"}
RESULT: {"using":"xpath","value":"//button[@data-kt=\"contractDetailEditBtnButton\"]"}
COMMAND: POST /session/21ce62c4ecbe6d238b640e15c86407e3/elements - {"using":"xpath","value":"//button[@data-kt=\"contractDetailEditBtnButton\"]"}
RESULT: {"using":"xpath","value":"//button[@data-kt=\"contractDetailEditBtnButton\"]"}
COMMAND: POST /session/21ce62c4ecbe6d238b640e15c86407e3/elements - {"using":"xpath","value":"//button[@data-kt=\"contractDetailEditBtnButton\"]"}
RESULT: {"using":"xpath","value":"//button[@data-kt=\"contractDetailEditBtnButton\"]"}
COMMAND: POST /session/21ce62c4ecbe6d238b640e15c86407e3/elements - {"using":"xpath","value":"//button[@data-kt=\"contractDetailEditBtnButton\"]"}
RESULT: {"using":"xpath","value":"//button[@data-kt=\"contractDetailEditBtnButton\"]"}
COMMAND: POST /session/21ce62c4ecbe6d238b640e15c86407e3/elements - {"using":"xpath","value":"//button[@data-kt=\"contractDetailEditBtnButton\"]"}
RESULT: {"using":"xpath","value":"//button[@data-kt=\"contractDetailEditBtnButton\"]"}
COMMAND: POST /session/21ce62c4ecbe6d238b640e15c86407e3/elements - {"using":"xpath","value":"//button[@data-kt=\"contractDetailEditBtnButton\"]"}
RESULT: {"using":"xpath","value":"//button[@data-kt=\"contractDetailEditBtnButton\"]"}
COMMAND: POST /session/21ce62c4ecbe6d238b640e15c86407e3/elements - {"using":"xpath","value":"//button[@data-kt=\"contractDetailEditBtnButton\"]"}
RESULT: {"using":"xpath","value":"//button[@data-kt=\"contractDetailEditBtnButton\"]"}
COMMAND: POST /session/21ce62c4ecbe6d238b640e15c86407e3/elements - {"using":"xpath","value":"//button[@data-kt=\"contractDetailEditBtnButton\"]"}
RESULT: {"using":"xpath","value":"//button[@data-kt=\"contractDetailEditBtnButton\"]"}
COMMAND: POST /session/21ce62c4ecbe6d238b640e15c86407e3/elements - {"using":"xpath","value":"//button[@data-kt=\"contractDetailEditBtnButton\"]"}
RESULT: {"using":"xpath","value":"//button[@data-kt=\"contractDetailEditBtnButton\"]"}
COMMAND: POST /session/21ce62c4ecbe6d238b640e15c86407e3/elements - {"using":"xpath","value":"//button[@data-kt=\"contractDetailEditBtnButton\"]"}
RESULT: {"using":"xpath","value":"//button[@data-kt=\"contractDetailEditBtnButton\"]"}
COMMAND: POST /session/21ce62c4ecbe6d238b640e15c86407e3/elements - {"using":"xpath","value":"//button[@data-kt=\"contractDetailEditBtnButton\"]"}
RESULT: {"using":"xpath","value":"//button[@data-kt=\"contractDetailEditBtnButton\"]"}
COMMAND: POST /session/21ce62c4ecbe6d238b640e15c86407e3/elements - {"using":"xpath","value":"//button[@data-kt=\"contractDetailEditBtnButton\"]"}
RESULT: {"using":"xpath","value":"//button[@data-kt=\"contractDetailEditBtnButton\"]"}
COMMAND: POST /session/21ce62c4ecbe6d238b640e15c86407e3/elements - {"using":"xpath","value":"//button[@data-kt=\"contractDetailEditBtnButton\"]"}
RESULT: {"using":"xpath","value":"//button[@data-kt=\"contractDetailEditBtnButton\"]"}
COMMAND: POST /session/21ce62c4ecbe6d238b640e15c86407e3/elements - {"using":"xpath","value":"//button[@data-kt=\"contractDetailEditBtnButton\"]"}
RESULT: {"using":"xpath","value":"//button[@data-kt=\"contractDetailEditBtnButton\"]"}
COMMAND: POST /session/21ce62c4ecbe6d238b640e15c86407e3/elements - {"using":"xpath","value":"//button[@data-kt=\"contractDetailEditBtnButton\"]"}
RESULT: {"using":"xpath","value":"//button[@data-kt=\"contractDetailEditBtnButton\"]"}
COMMAND: POST /session/21ce62c4ecbe6d238b640e15c86407e3/elements - {"using":"xpath","value":"//button[@data-kt=\"contractDetailEditBtnButton\"]"}
RESULT: {"using":"xpath","value":"//button[@data-kt=\"contractDetailEditBtnButton\"]"}
COMMAND: POST /session/21ce62c4ecbe6d238b640e15c86407e3/elements - {"using":"xpath","value":"//button[@data-kt=\"contractDetailEditBtnButton\"]"}
RESULT: {"using":"xpath","value":"//button[@data-kt=\"contractDetailEditBtnButton\"]"}
COMMAND: POST /session/21ce62c4ecbe6d238b640e15c86407e3/elements - {"using":"xpath","value":"//button[@data-kt=\"contractDetailEditBtnButton\"]"}
RESULT: {"using":"xpath","value":"//button[@data-kt=\"contractDetailEditBtnButton\"]"}
COMMAND: POST /session/21ce62c4ecbe6d238b640e15c86407e3/elements - {"using":"xpath","value":"//button[@data-kt=\"contractDetailEditBtnButton\"]"}
RESULT: {"using":"xpath","value":"//button[@data-kt=\"contractDetailEditBtnButton\"]"}
COMMAND: POST /session/21ce62c4ecbe6d238b640e15c86407e3/elements - {"using":"xpath","value":"//button[@data-kt=\"contractDetailEditBtnButton\"]"}
RESULT: {"using":"xpath","value":"//button[@data-kt=\"contractDetailEditBtnButton\"]"}
COMMAND: POST /session/21ce62c4ecbe6d238b640e15c86407e3/elements - {"using":"xpath","value":"//button[@data-kt=\"contractDetailEditBtnButton\"]"}
RESULT: {"using":"xpath","value":"//button[@data-kt=\"contractDetailEditBtnButton\"]"}
COMMAND: POST /session/21ce62c4ecbe6d238b640e15c86407e3/elements - {"using":"xpath","value":"//button[@data-kt=\"contractDetailEditBtnButton\"]"}
RESULT: {"using":"xpath","value":"//button[@data-kt=\"contractDetailEditBtnButton\"]"}
COMMAND: POST /session/21ce62c4ecbe6d238b640e15c86407e3/elements - {"using":"xpath","value":"//button[@data-kt=\"contractDetailEditBtnButton\"]"}
RESULT: {"using":"xpath","value":"//button[@data-kt=\"contractDetailEditBtnButton\"]"}
COMMAND: POST /session/21ce62c4ecbe6d238b640e15c86407e3/elements - {"using":"xpath","value":"//button[@data-kt=\"contractDetailEditBtnButton\"]"}
RESULT: {"using":"xpath","value":"//button[@data-kt=\"contractDetailEditBtnButton\"]"}
COMMAND: POST /session/21ce62c4ecbe6d238b640e15c86407e3/elements - {"using":"xpath","value":"//button[@data-kt=\"contractDetailEditBtnButton\"]"}
RESULT: {"using":"xpath","value":"//button[@data-kt=\"contractDetailEditBtnButton\"]"}
COMMAND: POST /session/21ce62c4ecbe6d238b640e15c86407e3/elements - {"using":"xpath","value":"//button[@data-kt=\"contractDetailEditBtnButton\"]"}
RESULT: {"using":"xpath","value":"//button[@data-kt=\"contractDetailEditBtnButton\"]"}
COMMAND: POST /session/21ce62c4ecbe6d238b640e15c86407e3/elements - {"using":"xpath","value":"//button[@data-kt=\"contractDetailEditBtnButton\"]"}
RESULT: {"using":"xpath","value":"//button[@data-kt=\"contractDetailEditBtnButton\"]"}
COMMAND: POST /session/21ce62c4ecbe6d238b640e15c86407e3/elements - {"using":"xpath","value":"//button[@data-kt=\"contractDetailEditBtnButton\"]"}
RESULT: {"using":"xpath","value":"//button[@data-kt=\"contractDetailEditBtnButton\"]"}
COMMAND: POST /session/21ce62c4ecbe6d238b640e15c86407e3/elements - {"using":"xpath","value":"//button[@data-kt=\"contractDetailEditBtnButton\"]"}
RESULT: {"using":"xpath","value":"//button[@data-kt=\"contractDetailEditBtnButton\"]"}
COMMAND: POST /session/21ce62c4ecbe6d238b640e15c86407e3/elements - {"using":"xpath","value":"//button[@data-kt=\"contractDetailEditBtnButton\"]"}
RESULT: {"using":"xpath","value":"//button[@data-kt=\"contractDetailEditBtnButton\"]"}
COMMAND: POST /session/21ce62c4ecbe6d238b640e15c86407e3/elements - {"using":"xpath","value":"//button[@data-kt=\"contractDetailEditBtnButton\"]"}
RESULT: {"using":"xpath","value":"//button[@data-kt=\"contractDetailEditBtnButton\"]"}
COMMAND: POST /session/21ce62c4ecbe6d238b640e15c86407e3/elements - {"using":"xpath","value":"//button[@data-kt=\"contractDetailEditBtnButton\"]"}
RESULT: {"using":"xpath","value":"//button[@data-kt=\"contractDetailEditBtnButton\"]"}
COMMAND: POST /session/21ce62c4ecbe6d238b640e15c86407e3/elements - {"using":"xpath","value":"//button[@data-kt=\"contractDetailEditBtnButton\"]"}
RESULT: {"using":"xpath","value":"//button[@data-kt=\"contractDetailEditBtnButton\"]"}
COMMAND: POST /session/21ce62c4ecbe6d238b640e15c86407e3/elements - {"using":"xpath","value":"//button[@data-kt=\"contractDetailEditBtnButton\"]"}
RESULT: {"using":"xpath","value":"//button[@data-kt=\"contractDetailEditBtnButton\"]"}
COMMAND: POST /session/21ce62c4ecbe6d238b640e15c86407e3/elements - {"using":"xpath","value":"//button[@data-kt=\"contractDetailEditBtnButton\"]"}
RESULT: {"using":"xpath","value":"//button[@data-kt=\"contractDetailEditBtnButton\"]"}
COMMAND: POST /session/21ce62c4ecbe6d238b640e15c86407e3/elements - {"using":"xpath","value":"//button[@data-kt=\"contractDetailEditBtnButton\"]"}
RESULT: {"using":"xpath","value":"//button[@data-kt=\"contractDetailEditBtnButton\"]"}
COMMAND: POST /session/21ce62c4ecbe6d238b640e15c86407e3/elements - {"using":"xpath","value":"//button[@data-kt=\"contractDetailEditBtnButton\"]"}
RESULT: {"using":"xpath","value":"//button[@data-kt=\"contractDetailEditBtnButton\"]"}
COMMAND: POST /session/21ce62c4ecbe6d238b640e15c86407e3/elements - {"using":"xpath","value":"//button[@data-kt=\"contractDetailEditBtnButton\"]"}
RESULT: {"using":"xpath","value":"//button[@data-kt=\"contractDetailEditBtnButton\"]"}
COMMAND: POST /session/21ce62c4ecbe6d238b640e15c86407e3/elements - {"using":"xpath","value":"//button[@data-kt=\"contractDetailEditBtnButton\"]"}
RESULT: {"using":"xpath","value":"//button[@data-kt=\"contractDetailEditBtnButton\"]"}
COMMAND: POST /session/21ce62c4ecbe6d238b640e15c86407e3/elements - {"using":"xpath","value":"//button[@data-kt=\"contractDetailEditBtnButton\"]"}
RESULT: {"using":"xpath","value":"//button[@data-kt=\"contractDetailEditBtnButton\"]"}
COMMAND: POST /session/21ce62c4ecbe6d238b640e15c86407e3/elements - {"using":"xpath","value":"//button[@data-kt=\"contractDetailEditBtnButton\"]"}
RESULT: {"using":"xpath","value":"//button[@data-kt=\"contractDetailEditBtnButton\"]"}
COMMAND: POST /session/21ce62c4ecbe6d238b640e15c86407e3/elements - {"using":"xpath","value":"//button[@data-kt=\"contractDetailEditBtnButton\"]"}
RESULT: {"using":"xpath","value":"//button[@data-kt=\"contractDetailEditBtnButton\"]"}
COMMAND: POST /session/21ce62c4ecbe6d238b640e15c86407e3/elements - {"using":"xpath","value":"//button[@data-kt=\"contractDetailEditBtnButton\"]"}
RESULT: {"using":"xpath","value":"//button[@data-kt=\"contractDetailEditBtnButton\"]"}
COMMAND: POST /session/21ce62c4ecbe6d238b640e15c86407e3/elements - {"using":"xpath","value":"//button[@data-kt=\"contractDetailEditBtnButton\"]"}
RESULT: {"using":"xpath","value":"//button[@data-kt=\"contractDetailEditBtnButton\"]"}
COMMAND: POST /session/21ce62c4ecbe6d238b640e15c86407e3/elements - {"using":"xpath","value":"//button[@data-kt=\"contractDetailEditBtnButton\"]"}
RESULT: {"using":"xpath","value":"//button[@data-kt=\"contractDetailEditBtnButton\"]"}
COMMAND: POST /session/21ce62c4ecbe6d238b640e15c86407e3/elements - {"using":"xpath","value":"//button[@data-kt=\"contractDetailEditBtnButton\"]"}
RESULT: {"using":"xpath","value":"//button[@data-kt=\"contractDetailEditBtnButton\"]"}
COMMAND: POST /session/21ce62c4ecbe6d238b640e15c86407e3/elements - {"using":"xpath","value":"//button[@data-kt=\"contractDetailEditBtnButton\"]"}
RESULT: {"using":"xpath","value":"//button[@data-kt=\"contractDetailEditBtnButton\"]"}
COMMAND: POST /session/21ce62c4ecbe6d238b640e15c86407e3/elements - {"using":"xpath","value":"//button[@data-kt=\"contractDetailEditBtnButton\"]"}
RESULT: {"using":"xpath","value":"//button[@data-kt=\"contractDetailEditBtnButton\"]"}
COMMAND: POST /session/21ce62c4ecbe6d238b640e15c86407e3/elements - {"using":"xpath","value":"//button[@data-kt=\"contractDetailEditBtnButton\"]"}
RESULT: {"using":"xpath","value":"//button[@data-kt=\"contractDetailEditBtnButton\"]"}
COMMAND: POST /session/21ce62c4ecbe6d238b640e15c86407e3/elements - {"using":"xpath","value":"//button[@data-kt=\"contractDetailEditBtnButton\"]"}
RESULT: {"using":"xpath","value":"//button[@data-kt=\"contractDetailEditBtnButton\"]"}
COMMAND: POST /session/21ce62c4ecbe6d238b640e15c86407e3/elements - {"using":"xpath","value":"//button[@data-kt=\"contractDetailEditBtnButton\"]"}
RESULT: {"using":"xpath","value":"//button[@data-kt=\"contractDetailEditBtnButton\"]"}
COMMAND: POST /session/21ce62c4ecbe6d238b640e15c86407e3/elements - {"using":"xpath","value":"//button[@data-kt=\"contractDetailEditBtnButton\"]"}
RESULT: {"using":"xpath","value":"//button[@data-kt=\"contractDetailEditBtnButton\"]"}
COMMAND: POST /session/21ce62c4ecbe6d238b640e15c86407e3/elements - {"using":"xpath","value":"//button[@data-kt=\"contractDetailEditBtnButton\"]"}
RESULT: {"using":"xpath","value":"//button[@data-kt=\"contractDetailEditBtnButton\"]"}
COMMAND: POST /session/21ce62c4ecbe6d238b640e15c86407e3/elements - {"using":"xpath","value":"//button[@data-kt=\"contractDetailEditBtnButton\"]"}
RESULT: {"using":"xpath","value":"//button[@data-kt=\"contractDetailEditBtnButton\"]"}
COMMAND: POST /session/21ce62c4ecbe6d238b640e15c86407e3/elements - {"using":"xpath","value":"//button[@data-kt=\"contractDetailEditBtnButton\"]"}
RESULT: {"using":"xpath","value":"//button[@data-kt=\"contractDetailEditBtnButton\"]"}
COMMAND: POST /session/21ce62c4ecbe6d238b640e15c86407e3/elements - {"using":"xpath","value":"//button[@data-kt=\"contractDetailEditBtnButton\"]"}
RESULT: {"using":"xpath","value":"//button[@data-kt=\"contractDetailEditBtnButton\"]"}
COMMAND: POST /session/21ce62c4ecbe6d238b640e15c86407e3/elements - {"using":"xpath","value":"//button[@data-kt=\"contractDetailEditBtnButton\"]"}
RESULT: {"using":"xpath","value":"//button[@data-kt=\"contractDetailEditBtnButton\"]"}
COMMAND: POST /session/21ce62c4ecbe6d238b640e15c86407e3/elements - {"using":"xpath","value":"//button[@data-kt=\"contractDetailEditBtnButton\"]"}
RESULT: {"using":"xpath","value":"//button[@data-kt=\"contractDetailEditBtnButton\"]"}
COMMAND: POST /session/21ce62c4ecbe6d238b640e15c86407e3/elements - {"using":"xpath","value":"//button[@data-kt=\"contractDetailEditBtnButton\"]"}
RESULT: {"using":"xpath","value":"//button[@data-kt=\"contractDetailEditBtnButton\"]"}
COMMAND: POST /session/21ce62c4ecbe6d238b640e15c86407e3/elements - {"using":"xpath","value":"//button[@data-kt=\"contractDetailEditBtnButton\"]"}
RESULT: {"using":"xpath","value":"//button[@data-kt=\"contractDetailEditBtnButton\"]"}
COMMAND: POST /session/21ce62c4ecbe6d238b640e15c86407e3/elements - {"using":"xpath","value":"//button[@data-kt=\"contractDetailEditBtnButton\"]"}
RESULT: {"using":"xpath","value":"//button[@data-kt=\"contractDetailEditBtnButton\"]"}
COMMAND: POST /session/21ce62c4ecbe6d238b640e15c86407e3/elements - {"using":"xpath","value":"//button[@data-kt=\"contractDetailEditBtnButton\"]"}
RESULT: {"using":"xpath","value":"//button[@data-kt=\"contractDetailEditBtnButton\"]"}
COMMAND: POST /session/21ce62c4ecbe6d238b640e15c86407e3/elements - {"using":"xpath","value":"//button[@data-kt=\"contractDetailEditBtnButton\"]"}
RESULT: {"using":"xpath","value":"//button[@data-kt=\"contractDetailEditBtnButton\"]"}
COMMAND: POST /session/21ce62c4ecbe6d238b640e15c86407e3/elements - {"using":"xpath","value":"//button[@data-kt=\"contractDetailEditBtnButton\"]"}
RESULT: {"using":"xpath","value":"//button[@data-kt=\"contractDetailEditBtnButton\"]"}
COMMAND: POST /session/21ce62c4ecbe6d238b640e15c86407e3/elements - {"using":"xpath","value":"//button[@data-kt=\"contractDetailEditBtnButton\"]"}
RESULT: {"using":"xpath","value":"//button[@data-kt=\"contractDetailEditBtnButton\"]"}
COMMAND: POST /session/21ce62c4ecbe6d238b640e15c86407e3/elements - {"using":"xpath","value":"//button[@data-kt=\"contractDetailEditBtnButton\"]"}
RESULT: {"using":"xpath","value":"//button[@data-kt=\"contractDetailEditBtnButton\"]"}
COMMAND: POST /session/21ce62c4ecbe6d238b640e15c86407e3/elements - {"using":"xpath","value":"//button[@data-kt=\"contractDetailEditBtnButton\"]"}
RESULT: {"using":"xpath","value":"//button[@data-kt=\"contractDetailEditBtnButton\"]"}
COMMAND: POST /session/21ce62c4ecbe6d238b640e15c86407e3/elements - {"using":"xpath","value":"//button[@data-kt=\"contractDetailEditBtnButton\"]"}
RESULT: {"using":"xpath","value":"//button[@data-kt=\"contractDetailEditBtnButton\"]"}
COMMAND: POST /session/21ce62c4ecbe6d238b640e15c86407e3/elements - {"using":"xpath","value":"//button[@data-kt=\"contractDetailEditBtnButton\"]"}
RESULT: {"using":"xpath","value":"//button[@data-kt=\"contractDetailEditBtnButton\"]"}
COMMAND: POST /session/21ce62c4ecbe6d238b640e15c86407e3/elements - {"using":"xpath","value":"//button[@data-kt=\"contractDetailEditBtnButton\"]"}
RESULT: {"using":"xpath","value":"//button[@data-kt=\"contractDetailEditBtnButton\"]"}
COMMAND: POST /session/21ce62c4ecbe6d238b640e15c86407e3/elements - {"using":"xpath","value":"//button[@data-kt=\"contractDetailEditBtnButton\"]"}
RESULT: {"using":"xpath","value":"//button[@data-kt=\"contractDetailEditBtnButton\"]"}
COMMAND: POST /session/21ce62c4ecbe6d238b640e15c86407e3/elements - {"using":"xpath","value":"//button[@data-kt=\"contractDetailEditBtnButton\"]"}
RESULT: {"using":"xpath","value":"//button[@data-kt=\"contractDetailEditBtnButton\"]"}
COMMAND: POST /session/21ce62c4ecbe6d238b640e15c86407e3/elements - {"using":"xpath","value":"//button[@data-kt=\"contractDetailEditBtnButton\"]"}
RESULT: {"using":"xpath","value":"//button[@data-kt=\"contractDetailEditBtnButton\"]"}
COMMAND: POST /session/21ce62c4ecbe6d238b640e15c86407e3/elements - {"using":"xpath","value":"//button[@data-kt=\"contractDetailEditBtnButton\"]"}
RESULT: {"using":"xpath","value":"//button[@data-kt=\"contractDetailEditBtnButton\"]"}
COMMAND: POST /session/21ce62c4ecbe6d238b640e15c86407e3/elements - {"using":"xpath","value":"//button[@data-kt=\"contractDetailEditBtnButton\"]"}
RESULT: {"using":"xpath","value":"//button[@data-kt=\"contractDetailEditBtnButton\"]"}
COMMAND: POST /session/21ce62c4ecbe6d238b640e15c86407e3/elements - {"using":"xpath","value":"//button[@data-kt=\"contractDetailEditBtnButton\"]"}
RESULT: {"using":"xpath","value":"//button[@data-kt=\"contractDetailEditBtnButton\"]"}
COMMAND: POST /session/21ce62c4ecbe6d238b640e15c86407e3/elements - {"using":"xpath","value":"//button[@data-kt=\"contractDetailEditBtnButton\"]"}
RESULT: {"using":"xpath","value":"//button[@data-kt=\"contractDetailEditBtnButton\"]"}
COMMAND: POST /session/21ce62c4ecbe6d238b640e15c86407e3/elements - {"using":"xpath","value":"//button[@data-kt=\"contractDetailEditBtnButton\"]"}
RESULT: {"using":"xpath","value":"//button[@data-kt=\"contractDetailEditBtnButton\"]"}
COMMAND: POST /session/21ce62c4ecbe6d238b640e15c86407e3/elements - {"using":"xpath","value":"//button[@data-kt=\"contractDetailEditBtnButton\"]"}
RESULT: {"using":"xpath","value":"//button[@data-kt=\"contractDetailEditBtnButton\"]"}
COMMAND: POST /session/21ce62c4ecbe6d238b640e15c86407e3/elements - {"using":"xpath","value":"//button[@data-kt=\"contractDetailEditBtnButton\"]"}
RESULT: {"using":"xpath","value":"//button[@data-kt=\"contractDetailEditBtnButton\"]"}
COMMAND: POST /session/21ce62c4ecbe6d238b640e15c86407e3/elements - {"using":"xpath","value":"//button[@data-kt=\"contractDetailEditBtnButton\"]"}
RESULT: {"using":"xpath","value":"//button[@data-kt=\"contractDetailEditBtnButton\"]"}
COMMAND: POST /session/21ce62c4ecbe6d238b640e15c86407e3/elements - {"using":"xpath","value":"//button[@data-kt=\"contractDetailEditBtnButton\"]"}
RESULT: {"using":"xpath","value":"//button[@data-kt=\"contractDetailEditBtnButton\"]"}
COMMAND: POST /session/21ce62c4ecbe6d238b640e15c86407e3/elements - {"using":"xpath","value":"//button[@data-kt=\"contractDetailEditBtnButton\"]"}
RESULT: {"using":"xpath","value":"//button[@data-kt=\"contractDetailEditBtnButton\"]"}
COMMAND: POST /session/21ce62c4ecbe6d238b640e15c86407e3/elements - {"using":"xpath","value":"//button[@data-kt=\"contractDetailEditBtnButton\"]"}
RESULT: {"using":"xpath","value":"//button[@data-kt=\"contractDetailEditBtnButton\"]"}
COMMAND: POST /session/21ce62c4ecbe6d238b640e15c86407e3/elements - {"using":"xpath","value":"//button[@data-kt=\"contractDetailEditBtnButton\"]"}
RESULT: {"using":"xpath","value":"//button[@data-kt=\"contractDetailEditBtnButton\"]"}
COMMAND: POST /session/21ce62c4ecbe6d238b640e15c86407e3/elements - {"using":"xpath","value":"//button[@data-kt=\"contractDetailEditBtnButton\"]"}
RESULT: {"using":"xpath","value":"//button[@data-kt=\"contractDetailEditBtnButton\"]"}
COMMAND: POST /session/21ce62c4ecbe6d238b640e15c86407e3/elements - {"using":"xpath","value":"//button[@data-kt=\"contractDetailEditBtnButton\"]"}
RESULT: {"using":"xpath","value":"//button[@data-kt=\"contractDetailEditBtnButton\"]"}
COMMAND: POST /session/21ce62c4ecbe6d238b640e15c86407e3/elements - {"using":"xpath","value":"//button[@data-kt=\"contractDetailEditBtnButton\"]"}
RESULT: {"using":"xpath","value":"//button[@data-kt=\"contractDetailEditBtnButton\"]"}
COMMAND: POST /session/21ce62c4ecbe6d238b640e15c86407e3/elements - {"using":"xpath","value":"//button[@data-kt=\"contractDetailEditBtnButton\"]"}
RESULT: {"using":"xpath","value":"//button[@data-kt=\"contractDetailEditBtnButton\"]"}
COMMAND: POST /session/21ce62c4ecbe6d238b640e15c86407e3/elements - {"using":"xpath","value":"//button[@data-kt=\"contractDetailEditBtnButton\"]"}
RESULT: {"using":"xpath","value":"//button[@data-kt=\"contractDetailEditBtnButton\"]"}
COMMAND: POST /session/21ce62c4ecbe6d238b640e15c86407e3/elements - {"using":"xpath","value":"//button[@data-kt=\"contractDetailEditBtnButton\"]"}
RESULT: {"using":"xpath","value":"//button[@data-kt=\"contractDetailEditBtnButton\"]"}
COMMAND: POST /session/21ce62c4ecbe6d238b640e15c86407e3/elements - {"using":"xpath","value":"//button[@data-kt=\"contractDetailEditBtnButton\"]"}
RESULT: {"using":"xpath","value":"//button[@data-kt=\"contractDetailEditBtnButton\"]"}
COMMAND: POST /session/21ce62c4ecbe6d238b640e15c86407e3/elements - {"using":"xpath","value":"//button[@data-kt=\"contractDetailEditBtnButton\"]"}
RESULT: {"using":"xpath","value":"//button[@data-kt=\"contractDetailEditBtnButton\"]"}
COMMAND: POST /session/21ce62c4ecbe6d238b640e15c86407e3/elements - {"using":"xpath","value":"//button[@data-kt=\"contractDetailEditBtnButton\"]"}
RESULT: {"using":"xpath","value":"//button[@data-kt=\"contractDetailEditBtnButton\"]"}
COMMAND: POST /session/21ce62c4ecbe6d238b640e15c86407e3/elements - {"using":"xpath","value":"//button[@data-kt=\"contractDetailEditBtnButton\"]"}
RESULT: {"using":"xpath","value":"//button[@data-kt=\"contractDetailEditBtnButton\"]"}
COMMAND: POST /session/21ce62c4ecbe6d238b640e15c86407e3/elements - {"using":"xpath","value":"//button[@data-kt=\"contractDetailEditBtnButton\"]"}
RESULT: {"using":"xpath","value":"//button[@data-kt=\"contractDetailEditBtnButton\"]"}
COMMAND: POST /session/21ce62c4ecbe6d238b640e15c86407e3/elements - {"using":"xpath","value":"//button[@data-kt=\"contractDetailEditBtnButton\"]"}
RESULT: {"using":"xpath","value":"//button[@data-kt=\"contractDetailEditBtnButton\"]"}
COMMAND: POST /session/21ce62c4ecbe6d238b640e15c86407e3/elements - {"using":"xpath","value":"//button[@data-kt=\"contractDetailEditBtnButton\"]"}
RESULT: {"using":"xpath","value":"//button[@data-kt=\"contractDetailEditBtnButton\"]"}
COMMAND: POST /session/21ce62c4ecbe6d238b640e15c86407e3/elements - {"using":"xpath","value":"//button[@data-kt=\"contractDetailEditBtnButton\"]"}
RESULT: {"using":"xpath","value":"//button[@data-kt=\"contractDetailEditBtnButton\"]"}
COMMAND: POST /session/21ce62c4ecbe6d238b640e15c86407e3/elements - {"using":"xpath","value":"//button[@data-kt=\"contractDetailEditBtnButton\"]"}
RESULT: {"using":"xpath","value":"//button[@data-kt=\"contractDetailEditBtnButton\"]"}
COMMAND: POST /session/21ce62c4ecbe6d238b640e15c86407e3/elements - {"using":"xpath","value":"//button[@data-kt=\"contractDetailEditBtnButton\"]"}
RESULT: {"using":"xpath","value":"//button[@data-kt=\"contractDetailEditBtnButton\"]"}
COMMAND: POST /session/21ce62c4ecbe6d238b640e15c86407e3/elements - {"using":"xpath","value":"//button[@data-kt=\"contractDetailEditBtnButton\"]"}
RESULT: {"using":"xpath","value":"//button[@data-kt=\"contractDetailEditBtnButton\"]"}
COMMAND: POST /session/21ce62c4ecbe6d238b640e15c86407e3/elements - {"using":"xpath","value":"//button[@data-kt=\"contractDetailEditBtnButton\"]"}
RESULT: {"using":"xpath","value":"//button[@data-kt=\"contractDetailEditBtnButton\"]"}
COMMAND: POST /session/21ce62c4ecbe6d238b640e15c86407e3/elements - {"using":"xpath","value":"//button[@data-kt=\"contractDetailEditBtnButton\"]"}
RESULT: {"using":"xpath","value":"//button[@data-kt=\"contractDetailEditBtnButton\"]"}
COMMAND: POST /session/21ce62c4ecbe6d238b640e15c86407e3/elements - {"using":"xpath","value":"//button[@data-kt=\"contractDetailEditBtnButton\"]"}
RESULT: {"using":"xpath","value":"//button[@data-kt=\"contractDetailEditBtnButton\"]"}
COMMAND: POST /session/21ce62c4ecbe6d238b640e15c86407e3/elements - {"using":"xpath","value":"//button[@data-kt=\"contractDetailEditBtnButton\"]"}
RESULT: {"using":"xpath","value":"//button[@data-kt=\"contractDetailEditBtnButton\"]"}
COMMAND: POST /session/21ce62c4ecbe6d238b640e15c86407e3/elements - {"using":"xpath","value":"//button[@data-kt=\"contractDetailEditBtnButton\"]"}
RESULT: {"using":"xpath","value":"//button[@data-kt=\"contractDetailEditBtnButton\"]"}
COMMAND: POST /session/21ce62c4ecbe6d238b640e15c86407e3/elements - {"using":"xpath","value":"//button[@data-kt=\"contractDetailEditBtnButton\"]"}
RESULT: {"using":"xpath","value":"//button[@data-kt=\"contractDetailEditBtnButton\"]"}
COMMAND: POST /session/21ce62c4ecbe6d238b640e15c86407e3/elements - {"using":"xpath","value":"//button[@data-kt=\"contractDetailEditBtnButton\"]"}
RESULT: {"using":"xpath","value":"//button[@data-kt=\"contractDetailEditBtnButton\"]"}
COMMAND: POST /session/21ce62c4ecbe6d238b640e15c86407e3/elements - {"using":"xpath","value":"//button[@data-kt=\"contractDetailEditBtnButton\"]"}
RESULT: {"using":"xpath","value":"//button[@data-kt=\"contractDetailEditBtnButton\"]"}
COMMAND: POST /session/21ce62c4ecbe6d238b640e15c86407e3/elements - {"using":"xpath","value":"//button[@data-kt=\"contractDetailEditBtnButton\"]"}
RESULT: {"using":"xpath","value":"//button[@data-kt=\"contractDetailEditBtnButton\"]"}
COMMAND: POST /session/21ce62c4ecbe6d238b640e15c86407e3/elements - {"using":"xpath","value":"//button[@data-kt=\"contractDetailEditBtnButton\"]"}
RESULT: {"using":"xpath","value":"//button[@data-kt=\"contractDetailEditBtnButton\"]"}
COMMAND: POST /session/21ce62c4ecbe6d238b640e15c86407e3/elements - {"using":"xpath","value":"//button[@data-kt=\"contractDetailEditBtnButton\"]"}
RESULT: {"using":"xpath","value":"//button[@data-kt=\"contractDetailEditBtnButton\"]"}
COMMAND: POST /session/21ce62c4ecbe6d238b640e15c86407e3/elements - {"using":"xpath","value":"//button[@data-kt=\"contractDetailEditBtnButton\"]"}
RESULT: {"using":"xpath","value":"//button[@data-kt=\"contractDetailEditBtnButton\"]"}
COMMAND: POST /session/21ce62c4ecbe6d238b640e15c86407e3/elements - {"using":"xpath","value":"//button[@data-kt=\"contractDetailEditBtnButton\"]"}
RESULT: {"using":"xpath","value":"//button[@data-kt=\"contractDetailEditBtnButton\"]"}
COMMAND: POST /session/21ce62c4ecbe6d238b640e15c86407e3/elements - {"using":"xpath","value":"//button[@data-kt=\"contractDetailEditBtnButton\"]"}
RESULT: {"using":"xpath","value":"//button[@data-kt=\"contractDetailEditBtnButton\"]"}
COMMAND: POST /session/21ce62c4ecbe6d238b640e15c86407e3/elements - {"using":"xpath","value":"//button[@data-kt=\"contractDetailEditBtnButton\"]"}
COMMAND: GET /session/21ce62c4ecbe6d238b640e15c86407e3/screenshot - {}
RESULT: {"using":"xpath","value":"//button[@data-kt=\"contractDetailEditBtnButton\"]"}
RESULT: {}
]]></system-out>
      <system-err><![CDATA[
Error: Can't call click on element with selector "//button[@data-kt="contractDetailEditBtnButton"]" because element wasn't found
    at async UtilsPrerequisites.addItemToContract (D:\a\1\s\test\specs\BTS\prerequisites-and-utils-functions.js:1852:9)
    at async Context.<anonymous> (D:\a\1\s\test\specs\HTR\provide-to-site-wo-warehouse-wo-clarification.spec.js:65:9)
]]></system-err>
    </testcase>
    <testcase classname="chrome.136_0_7103_93.windows.Provide_to_Site_w/o_warehouse_management_w/o_clarification" name="Should do provide to site" time="60.473">
      <failure/>
      <error message="Can't call click on element with selector &quot;//button[@data-kt=&quot;provideButton&quot;]&quot; because element wasn't found"/>
      <system-out><![CDATA[
COMMAND: POST /session/21ce62c4ecbe6d238b640e15c86407e3/element - {"using":"xpath","value":"//button[@data-kt=\"provideButton\"]"}
COMMAND: GET /session/21ce62c4ecbe6d238b640e15c86407e3/screenshot - {}
RESULT: {"using":"xpath","value":"//button[@data-kt=\"provideButton\"]"}
COMMAND: POST /session/21ce62c4ecbe6d238b640e15c86407e3/elements - {"using":"xpath","value":"//button[@data-kt=\"provideButton\"]"}
RESULT: {}
RESULT: {"using":"xpath","value":"//button[@data-kt=\"provideButton\"]"}
COMMAND: POST /session/21ce62c4ecbe6d238b640e15c86407e3/elements - {"using":"xpath","value":"//button[@data-kt=\"provideButton\"]"}
RESULT: {"using":"xpath","value":"//button[@data-kt=\"provideButton\"]"}
COMMAND: POST /session/21ce62c4ecbe6d238b640e15c86407e3/elements - {"using":"xpath","value":"//button[@data-kt=\"provideButton\"]"}
RESULT: {"using":"xpath","value":"//button[@data-kt=\"provideButton\"]"}
COMMAND: POST /session/21ce62c4ecbe6d238b640e15c86407e3/elements - {"using":"xpath","value":"//button[@data-kt=\"provideButton\"]"}
RESULT: {"using":"xpath","value":"//button[@data-kt=\"provideButton\"]"}
COMMAND: POST /session/21ce62c4ecbe6d238b640e15c86407e3/elements - {"using":"xpath","value":"//button[@data-kt=\"provideButton\"]"}
RESULT: {"using":"xpath","value":"//button[@data-kt=\"provideButton\"]"}
COMMAND: POST /session/21ce62c4ecbe6d238b640e15c86407e3/elements - {"using":"xpath","value":"//button[@data-kt=\"provideButton\"]"}
RESULT: {"using":"xpath","value":"//button[@data-kt=\"provideButton\"]"}
COMMAND: POST /session/21ce62c4ecbe6d238b640e15c86407e3/elements - {"using":"xpath","value":"//button[@data-kt=\"provideButton\"]"}
RESULT: {"using":"xpath","value":"//button[@data-kt=\"provideButton\"]"}
COMMAND: POST /session/21ce62c4ecbe6d238b640e15c86407e3/elements - {"using":"xpath","value":"//button[@data-kt=\"provideButton\"]"}
RESULT: {"using":"xpath","value":"//button[@data-kt=\"provideButton\"]"}
COMMAND: POST /session/21ce62c4ecbe6d238b640e15c86407e3/elements - {"using":"xpath","value":"//button[@data-kt=\"provideButton\"]"}
RESULT: {"using":"xpath","value":"//button[@data-kt=\"provideButton\"]"}
COMMAND: POST /session/21ce62c4ecbe6d238b640e15c86407e3/elements - {"using":"xpath","value":"//button[@data-kt=\"provideButton\"]"}
RESULT: {"using":"xpath","value":"//button[@data-kt=\"provideButton\"]"}
COMMAND: POST /session/21ce62c4ecbe6d238b640e15c86407e3/elements - {"using":"xpath","value":"//button[@data-kt=\"provideButton\"]"}
RESULT: {"using":"xpath","value":"//button[@data-kt=\"provideButton\"]"}
COMMAND: POST /session/21ce62c4ecbe6d238b640e15c86407e3/elements - {"using":"xpath","value":"//button[@data-kt=\"provideButton\"]"}
RESULT: {"using":"xpath","value":"//button[@data-kt=\"provideButton\"]"}
COMMAND: POST /session/21ce62c4ecbe6d238b640e15c86407e3/elements - {"using":"xpath","value":"//button[@data-kt=\"provideButton\"]"}
RESULT: {"using":"xpath","value":"//button[@data-kt=\"provideButton\"]"}
COMMAND: POST /session/21ce62c4ecbe6d238b640e15c86407e3/elements - {"using":"xpath","value":"//button[@data-kt=\"provideButton\"]"}
RESULT: {"using":"xpath","value":"//button[@data-kt=\"provideButton\"]"}
COMMAND: POST /session/21ce62c4ecbe6d238b640e15c86407e3/elements - {"using":"xpath","value":"//button[@data-kt=\"provideButton\"]"}
RESULT: {"using":"xpath","value":"//button[@data-kt=\"provideButton\"]"}
COMMAND: POST /session/21ce62c4ecbe6d238b640e15c86407e3/elements - {"using":"xpath","value":"//button[@data-kt=\"provideButton\"]"}
RESULT: {"using":"xpath","value":"//button[@data-kt=\"provideButton\"]"}
COMMAND: POST /session/21ce62c4ecbe6d238b640e15c86407e3/elements - {"using":"xpath","value":"//button[@data-kt=\"provideButton\"]"}
RESULT: {"using":"xpath","value":"//button[@data-kt=\"provideButton\"]"}
COMMAND: POST /session/21ce62c4ecbe6d238b640e15c86407e3/elements - {"using":"xpath","value":"//button[@data-kt=\"provideButton\"]"}
RESULT: {"using":"xpath","value":"//button[@data-kt=\"provideButton\"]"}
COMMAND: POST /session/21ce62c4ecbe6d238b640e15c86407e3/elements - {"using":"xpath","value":"//button[@data-kt=\"provideButton\"]"}
RESULT: {"using":"xpath","value":"//button[@data-kt=\"provideButton\"]"}
COMMAND: POST /session/21ce62c4ecbe6d238b640e15c86407e3/elements - {"using":"xpath","value":"//button[@data-kt=\"provideButton\"]"}
RESULT: {"using":"xpath","value":"//button[@data-kt=\"provideButton\"]"}
COMMAND: POST /session/21ce62c4ecbe6d238b640e15c86407e3/elements - {"using":"xpath","value":"//button[@data-kt=\"provideButton\"]"}
RESULT: {"using":"xpath","value":"//button[@data-kt=\"provideButton\"]"}
COMMAND: POST /session/21ce62c4ecbe6d238b640e15c86407e3/elements - {"using":"xpath","value":"//button[@data-kt=\"provideButton\"]"}
RESULT: {"using":"xpath","value":"//button[@data-kt=\"provideButton\"]"}
COMMAND: POST /session/21ce62c4ecbe6d238b640e15c86407e3/elements - {"using":"xpath","value":"//button[@data-kt=\"provideButton\"]"}
RESULT: {"using":"xpath","value":"//button[@data-kt=\"provideButton\"]"}
COMMAND: POST /session/21ce62c4ecbe6d238b640e15c86407e3/elements - {"using":"xpath","value":"//button[@data-kt=\"provideButton\"]"}
RESULT: {"using":"xpath","value":"//button[@data-kt=\"provideButton\"]"}
COMMAND: POST /session/21ce62c4ecbe6d238b640e15c86407e3/elements - {"using":"xpath","value":"//button[@data-kt=\"provideButton\"]"}
RESULT: {"using":"xpath","value":"//button[@data-kt=\"provideButton\"]"}
COMMAND: POST /session/21ce62c4ecbe6d238b640e15c86407e3/elements - {"using":"xpath","value":"//button[@data-kt=\"provideButton\"]"}
RESULT: {"using":"xpath","value":"//button[@data-kt=\"provideButton\"]"}
COMMAND: POST /session/21ce62c4ecbe6d238b640e15c86407e3/elements - {"using":"xpath","value":"//button[@data-kt=\"provideButton\"]"}
RESULT: {"using":"xpath","value":"//button[@data-kt=\"provideButton\"]"}
COMMAND: POST /session/21ce62c4ecbe6d238b640e15c86407e3/elements - {"using":"xpath","value":"//button[@data-kt=\"provideButton\"]"}
RESULT: {"using":"xpath","value":"//button[@data-kt=\"provideButton\"]"}
COMMAND: POST /session/21ce62c4ecbe6d238b640e15c86407e3/elements - {"using":"xpath","value":"//button[@data-kt=\"provideButton\"]"}
RESULT: {"using":"xpath","value":"//button[@data-kt=\"provideButton\"]"}
COMMAND: POST /session/21ce62c4ecbe6d238b640e15c86407e3/elements - {"using":"xpath","value":"//button[@data-kt=\"provideButton\"]"}
RESULT: {"using":"xpath","value":"//button[@data-kt=\"provideButton\"]"}
COMMAND: POST /session/21ce62c4ecbe6d238b640e15c86407e3/elements - {"using":"xpath","value":"//button[@data-kt=\"provideButton\"]"}
RESULT: {"using":"xpath","value":"//button[@data-kt=\"provideButton\"]"}
COMMAND: POST /session/21ce62c4ecbe6d238b640e15c86407e3/elements - {"using":"xpath","value":"//button[@data-kt=\"provideButton\"]"}
RESULT: {"using":"xpath","value":"//button[@data-kt=\"provideButton\"]"}
COMMAND: POST /session/21ce62c4ecbe6d238b640e15c86407e3/elements - {"using":"xpath","value":"//button[@data-kt=\"provideButton\"]"}
RESULT: {"using":"xpath","value":"//button[@data-kt=\"provideButton\"]"}
COMMAND: POST /session/21ce62c4ecbe6d238b640e15c86407e3/elements - {"using":"xpath","value":"//button[@data-kt=\"provideButton\"]"}
RESULT: {"using":"xpath","value":"//button[@data-kt=\"provideButton\"]"}
COMMAND: POST /session/21ce62c4ecbe6d238b640e15c86407e3/elements - {"using":"xpath","value":"//button[@data-kt=\"provideButton\"]"}
RESULT: {"using":"xpath","value":"//button[@data-kt=\"provideButton\"]"}
COMMAND: POST /session/21ce62c4ecbe6d238b640e15c86407e3/elements - {"using":"xpath","value":"//button[@data-kt=\"provideButton\"]"}
RESULT: {"using":"xpath","value":"//button[@data-kt=\"provideButton\"]"}
COMMAND: POST /session/21ce62c4ecbe6d238b640e15c86407e3/elements - {"using":"xpath","value":"//button[@data-kt=\"provideButton\"]"}
RESULT: {"using":"xpath","value":"//button[@data-kt=\"provideButton\"]"}
COMMAND: POST /session/21ce62c4ecbe6d238b640e15c86407e3/elements - {"using":"xpath","value":"//button[@data-kt=\"provideButton\"]"}
RESULT: {"using":"xpath","value":"//button[@data-kt=\"provideButton\"]"}
COMMAND: POST /session/21ce62c4ecbe6d238b640e15c86407e3/elements - {"using":"xpath","value":"//button[@data-kt=\"provideButton\"]"}
RESULT: {"using":"xpath","value":"//button[@data-kt=\"provideButton\"]"}
COMMAND: POST /session/21ce62c4ecbe6d238b640e15c86407e3/elements - {"using":"xpath","value":"//button[@data-kt=\"provideButton\"]"}
RESULT: {"using":"xpath","value":"//button[@data-kt=\"provideButton\"]"}
COMMAND: POST /session/21ce62c4ecbe6d238b640e15c86407e3/elements - {"using":"xpath","value":"//button[@data-kt=\"provideButton\"]"}
RESULT: {"using":"xpath","value":"//button[@data-kt=\"provideButton\"]"}
COMMAND: POST /session/21ce62c4ecbe6d238b640e15c86407e3/elements - {"using":"xpath","value":"//button[@data-kt=\"provideButton\"]"}
RESULT: {"using":"xpath","value":"//button[@data-kt=\"provideButton\"]"}
COMMAND: POST /session/21ce62c4ecbe6d238b640e15c86407e3/elements - {"using":"xpath","value":"//button[@data-kt=\"provideButton\"]"}
RESULT: {"using":"xpath","value":"//button[@data-kt=\"provideButton\"]"}
COMMAND: POST /session/21ce62c4ecbe6d238b640e15c86407e3/elements - {"using":"xpath","value":"//button[@data-kt=\"provideButton\"]"}
RESULT: {"using":"xpath","value":"//button[@data-kt=\"provideButton\"]"}
COMMAND: POST /session/21ce62c4ecbe6d238b640e15c86407e3/elements - {"using":"xpath","value":"//button[@data-kt=\"provideButton\"]"}
RESULT: {"using":"xpath","value":"//button[@data-kt=\"provideButton\"]"}
COMMAND: POST /session/21ce62c4ecbe6d238b640e15c86407e3/elements - {"using":"xpath","value":"//button[@data-kt=\"provideButton\"]"}
RESULT: {"using":"xpath","value":"//button[@data-kt=\"provideButton\"]"}
COMMAND: POST /session/21ce62c4ecbe6d238b640e15c86407e3/elements - {"using":"xpath","value":"//button[@data-kt=\"provideButton\"]"}
RESULT: {"using":"xpath","value":"//button[@data-kt=\"provideButton\"]"}
COMMAND: POST /session/21ce62c4ecbe6d238b640e15c86407e3/elements - {"using":"xpath","value":"//button[@data-kt=\"provideButton\"]"}
RESULT: {"using":"xpath","value":"//button[@data-kt=\"provideButton\"]"}
COMMAND: POST /session/21ce62c4ecbe6d238b640e15c86407e3/elements - {"using":"xpath","value":"//button[@data-kt=\"provideButton\"]"}
RESULT: {"using":"xpath","value":"//button[@data-kt=\"provideButton\"]"}
COMMAND: POST /session/21ce62c4ecbe6d238b640e15c86407e3/elements - {"using":"xpath","value":"//button[@data-kt=\"provideButton\"]"}
RESULT: {"using":"xpath","value":"//button[@data-kt=\"provideButton\"]"}
COMMAND: POST /session/21ce62c4ecbe6d238b640e15c86407e3/elements - {"using":"xpath","value":"//button[@data-kt=\"provideButton\"]"}
RESULT: {"using":"xpath","value":"//button[@data-kt=\"provideButton\"]"}
COMMAND: POST /session/21ce62c4ecbe6d238b640e15c86407e3/elements - {"using":"xpath","value":"//button[@data-kt=\"provideButton\"]"}
RESULT: {"using":"xpath","value":"//button[@data-kt=\"provideButton\"]"}
COMMAND: POST /session/21ce62c4ecbe6d238b640e15c86407e3/elements - {"using":"xpath","value":"//button[@data-kt=\"provideButton\"]"}
RESULT: {"using":"xpath","value":"//button[@data-kt=\"provideButton\"]"}
COMMAND: POST /session/21ce62c4ecbe6d238b640e15c86407e3/elements - {"using":"xpath","value":"//button[@data-kt=\"provideButton\"]"}
RESULT: {"using":"xpath","value":"//button[@data-kt=\"provideButton\"]"}
COMMAND: POST /session/21ce62c4ecbe6d238b640e15c86407e3/elements - {"using":"xpath","value":"//button[@data-kt=\"provideButton\"]"}
RESULT: {"using":"xpath","value":"//button[@data-kt=\"provideButton\"]"}
COMMAND: POST /session/21ce62c4ecbe6d238b640e15c86407e3/elements - {"using":"xpath","value":"//button[@data-kt=\"provideButton\"]"}
RESULT: {"using":"xpath","value":"//button[@data-kt=\"provideButton\"]"}
COMMAND: POST /session/21ce62c4ecbe6d238b640e15c86407e3/elements - {"using":"xpath","value":"//button[@data-kt=\"provideButton\"]"}
RESULT: {"using":"xpath","value":"//button[@data-kt=\"provideButton\"]"}
COMMAND: POST /session/21ce62c4ecbe6d238b640e15c86407e3/elements - {"using":"xpath","value":"//button[@data-kt=\"provideButton\"]"}
RESULT: {"using":"xpath","value":"//button[@data-kt=\"provideButton\"]"}
COMMAND: POST /session/21ce62c4ecbe6d238b640e15c86407e3/elements - {"using":"xpath","value":"//button[@data-kt=\"provideButton\"]"}
RESULT: {"using":"xpath","value":"//button[@data-kt=\"provideButton\"]"}
COMMAND: POST /session/21ce62c4ecbe6d238b640e15c86407e3/elements - {"using":"xpath","value":"//button[@data-kt=\"provideButton\"]"}
RESULT: {"using":"xpath","value":"//button[@data-kt=\"provideButton\"]"}
COMMAND: POST /session/21ce62c4ecbe6d238b640e15c86407e3/elements - {"using":"xpath","value":"//button[@data-kt=\"provideButton\"]"}
RESULT: {"using":"xpath","value":"//button[@data-kt=\"provideButton\"]"}
COMMAND: POST /session/21ce62c4ecbe6d238b640e15c86407e3/elements - {"using":"xpath","value":"//button[@data-kt=\"provideButton\"]"}
RESULT: {"using":"xpath","value":"//button[@data-kt=\"provideButton\"]"}
COMMAND: POST /session/21ce62c4ecbe6d238b640e15c86407e3/elements - {"using":"xpath","value":"//button[@data-kt=\"provideButton\"]"}
RESULT: {"using":"xpath","value":"//button[@data-kt=\"provideButton\"]"}
COMMAND: POST /session/21ce62c4ecbe6d238b640e15c86407e3/elements - {"using":"xpath","value":"//button[@data-kt=\"provideButton\"]"}
RESULT: {"using":"xpath","value":"//button[@data-kt=\"provideButton\"]"}
COMMAND: POST /session/21ce62c4ecbe6d238b640e15c86407e3/elements - {"using":"xpath","value":"//button[@data-kt=\"provideButton\"]"}
RESULT: {"using":"xpath","value":"//button[@data-kt=\"provideButton\"]"}
COMMAND: POST /session/21ce62c4ecbe6d238b640e15c86407e3/elements - {"using":"xpath","value":"//button[@data-kt=\"provideButton\"]"}
RESULT: {"using":"xpath","value":"//button[@data-kt=\"provideButton\"]"}
COMMAND: POST /session/21ce62c4ecbe6d238b640e15c86407e3/elements - {"using":"xpath","value":"//button[@data-kt=\"provideButton\"]"}
RESULT: {"using":"xpath","value":"//button[@data-kt=\"provideButton\"]"}
COMMAND: POST /session/21ce62c4ecbe6d238b640e15c86407e3/elements - {"using":"xpath","value":"//button[@data-kt=\"provideButton\"]"}
RESULT: {"using":"xpath","value":"//button[@data-kt=\"provideButton\"]"}
COMMAND: POST /session/21ce62c4ecbe6d238b640e15c86407e3/elements - {"using":"xpath","value":"//button[@data-kt=\"provideButton\"]"}
RESULT: {"using":"xpath","value":"//button[@data-kt=\"provideButton\"]"}
COMMAND: POST /session/21ce62c4ecbe6d238b640e15c86407e3/elements - {"using":"xpath","value":"//button[@data-kt=\"provideButton\"]"}
RESULT: {"using":"xpath","value":"//button[@data-kt=\"provideButton\"]"}
COMMAND: POST /session/21ce62c4ecbe6d238b640e15c86407e3/elements - {"using":"xpath","value":"//button[@data-kt=\"provideButton\"]"}
RESULT: {"using":"xpath","value":"//button[@data-kt=\"provideButton\"]"}
COMMAND: POST /session/21ce62c4ecbe6d238b640e15c86407e3/elements - {"using":"xpath","value":"//button[@data-kt=\"provideButton\"]"}
RESULT: {"using":"xpath","value":"//button[@data-kt=\"provideButton\"]"}
COMMAND: POST /session/21ce62c4ecbe6d238b640e15c86407e3/elements - {"using":"xpath","value":"//button[@data-kt=\"provideButton\"]"}
RESULT: {"using":"xpath","value":"//button[@data-kt=\"provideButton\"]"}
COMMAND: POST /session/21ce62c4ecbe6d238b640e15c86407e3/elements - {"using":"xpath","value":"//button[@data-kt=\"provideButton\"]"}
RESULT: {"using":"xpath","value":"//button[@data-kt=\"provideButton\"]"}
COMMAND: POST /session/21ce62c4ecbe6d238b640e15c86407e3/elements - {"using":"xpath","value":"//button[@data-kt=\"provideButton\"]"}
RESULT: {"using":"xpath","value":"//button[@data-kt=\"provideButton\"]"}
COMMAND: POST /session/21ce62c4ecbe6d238b640e15c86407e3/elements - {"using":"xpath","value":"//button[@data-kt=\"provideButton\"]"}
RESULT: {"using":"xpath","value":"//button[@data-kt=\"provideButton\"]"}
COMMAND: POST /session/21ce62c4ecbe6d238b640e15c86407e3/elements - {"using":"xpath","value":"//button[@data-kt=\"provideButton\"]"}
RESULT: {"using":"xpath","value":"//button[@data-kt=\"provideButton\"]"}
COMMAND: POST /session/21ce62c4ecbe6d238b640e15c86407e3/elements - {"using":"xpath","value":"//button[@data-kt=\"provideButton\"]"}
RESULT: {"using":"xpath","value":"//button[@data-kt=\"provideButton\"]"}
COMMAND: POST /session/21ce62c4ecbe6d238b640e15c86407e3/elements - {"using":"xpath","value":"//button[@data-kt=\"provideButton\"]"}
RESULT: {"using":"xpath","value":"//button[@data-kt=\"provideButton\"]"}
COMMAND: POST /session/21ce62c4ecbe6d238b640e15c86407e3/elements - {"using":"xpath","value":"//button[@data-kt=\"provideButton\"]"}
RESULT: {"using":"xpath","value":"//button[@data-kt=\"provideButton\"]"}
COMMAND: POST /session/21ce62c4ecbe6d238b640e15c86407e3/elements - {"using":"xpath","value":"//button[@data-kt=\"provideButton\"]"}
RESULT: {"using":"xpath","value":"//button[@data-kt=\"provideButton\"]"}
COMMAND: POST /session/21ce62c4ecbe6d238b640e15c86407e3/elements - {"using":"xpath","value":"//button[@data-kt=\"provideButton\"]"}
RESULT: {"using":"xpath","value":"//button[@data-kt=\"provideButton\"]"}
COMMAND: POST /session/21ce62c4ecbe6d238b640e15c86407e3/elements - {"using":"xpath","value":"//button[@data-kt=\"provideButton\"]"}
RESULT: {"using":"xpath","value":"//button[@data-kt=\"provideButton\"]"}
COMMAND: POST /session/21ce62c4ecbe6d238b640e15c86407e3/elements - {"using":"xpath","value":"//button[@data-kt=\"provideButton\"]"}
RESULT: {"using":"xpath","value":"//button[@data-kt=\"provideButton\"]"}
COMMAND: POST /session/21ce62c4ecbe6d238b640e15c86407e3/elements - {"using":"xpath","value":"//button[@data-kt=\"provideButton\"]"}
RESULT: {"using":"xpath","value":"//button[@data-kt=\"provideButton\"]"}
COMMAND: POST /session/21ce62c4ecbe6d238b640e15c86407e3/elements - {"using":"xpath","value":"//button[@data-kt=\"provideButton\"]"}
RESULT: {"using":"xpath","value":"//button[@data-kt=\"provideButton\"]"}
COMMAND: POST /session/21ce62c4ecbe6d238b640e15c86407e3/elements - {"using":"xpath","value":"//button[@data-kt=\"provideButton\"]"}
RESULT: {"using":"xpath","value":"//button[@data-kt=\"provideButton\"]"}
COMMAND: POST /session/21ce62c4ecbe6d238b640e15c86407e3/elements - {"using":"xpath","value":"//button[@data-kt=\"provideButton\"]"}
RESULT: {"using":"xpath","value":"//button[@data-kt=\"provideButton\"]"}
COMMAND: POST /session/21ce62c4ecbe6d238b640e15c86407e3/elements - {"using":"xpath","value":"//button[@data-kt=\"provideButton\"]"}
RESULT: {"using":"xpath","value":"//button[@data-kt=\"provideButton\"]"}
COMMAND: POST /session/21ce62c4ecbe6d238b640e15c86407e3/elements - {"using":"xpath","value":"//button[@data-kt=\"provideButton\"]"}
RESULT: {"using":"xpath","value":"//button[@data-kt=\"provideButton\"]"}
COMMAND: POST /session/21ce62c4ecbe6d238b640e15c86407e3/elements - {"using":"xpath","value":"//button[@data-kt=\"provideButton\"]"}
RESULT: {"using":"xpath","value":"//button[@data-kt=\"provideButton\"]"}
COMMAND: POST /session/21ce62c4ecbe6d238b640e15c86407e3/elements - {"using":"xpath","value":"//button[@data-kt=\"provideButton\"]"}
RESULT: {"using":"xpath","value":"//button[@data-kt=\"provideButton\"]"}
COMMAND: POST /session/21ce62c4ecbe6d238b640e15c86407e3/elements - {"using":"xpath","value":"//button[@data-kt=\"provideButton\"]"}
RESULT: {"using":"xpath","value":"//button[@data-kt=\"provideButton\"]"}
COMMAND: POST /session/21ce62c4ecbe6d238b640e15c86407e3/elements - {"using":"xpath","value":"//button[@data-kt=\"provideButton\"]"}
RESULT: {"using":"xpath","value":"//button[@data-kt=\"provideButton\"]"}
COMMAND: POST /session/21ce62c4ecbe6d238b640e15c86407e3/elements - {"using":"xpath","value":"//button[@data-kt=\"provideButton\"]"}
RESULT: {"using":"xpath","value":"//button[@data-kt=\"provideButton\"]"}
COMMAND: POST /session/21ce62c4ecbe6d238b640e15c86407e3/elements - {"using":"xpath","value":"//button[@data-kt=\"provideButton\"]"}
RESULT: {"using":"xpath","value":"//button[@data-kt=\"provideButton\"]"}
COMMAND: POST /session/21ce62c4ecbe6d238b640e15c86407e3/elements - {"using":"xpath","value":"//button[@data-kt=\"provideButton\"]"}
RESULT: {"using":"xpath","value":"//button[@data-kt=\"provideButton\"]"}
COMMAND: POST /session/21ce62c4ecbe6d238b640e15c86407e3/elements - {"using":"xpath","value":"//button[@data-kt=\"provideButton\"]"}
RESULT: {"using":"xpath","value":"//button[@data-kt=\"provideButton\"]"}
COMMAND: POST /session/21ce62c4ecbe6d238b640e15c86407e3/elements - {"using":"xpath","value":"//button[@data-kt=\"provideButton\"]"}
RESULT: {"using":"xpath","value":"//button[@data-kt=\"provideButton\"]"}
COMMAND: POST /session/21ce62c4ecbe6d238b640e15c86407e3/elements - {"using":"xpath","value":"//button[@data-kt=\"provideButton\"]"}
RESULT: {"using":"xpath","value":"//button[@data-kt=\"provideButton\"]"}
COMMAND: POST /session/21ce62c4ecbe6d238b640e15c86407e3/elements - {"using":"xpath","value":"//button[@data-kt=\"provideButton\"]"}
RESULT: {"using":"xpath","value":"//button[@data-kt=\"provideButton\"]"}
COMMAND: POST /session/21ce62c4ecbe6d238b640e15c86407e3/elements - {"using":"xpath","value":"//button[@data-kt=\"provideButton\"]"}
RESULT: {"using":"xpath","value":"//button[@data-kt=\"provideButton\"]"}
COMMAND: POST /session/21ce62c4ecbe6d238b640e15c86407e3/elements - {"using":"xpath","value":"//button[@data-kt=\"provideButton\"]"}
RESULT: {"using":"xpath","value":"//button[@data-kt=\"provideButton\"]"}
COMMAND: POST /session/21ce62c4ecbe6d238b640e15c86407e3/elements - {"using":"xpath","value":"//button[@data-kt=\"provideButton\"]"}
RESULT: {"using":"xpath","value":"//button[@data-kt=\"provideButton\"]"}
COMMAND: POST /session/21ce62c4ecbe6d238b640e15c86407e3/elements - {"using":"xpath","value":"//button[@data-kt=\"provideButton\"]"}
RESULT: {"using":"xpath","value":"//button[@data-kt=\"provideButton\"]"}
COMMAND: POST /session/21ce62c4ecbe6d238b640e15c86407e3/elements - {"using":"xpath","value":"//button[@data-kt=\"provideButton\"]"}
RESULT: {"using":"xpath","value":"//button[@data-kt=\"provideButton\"]"}
COMMAND: POST /session/21ce62c4ecbe6d238b640e15c86407e3/elements - {"using":"xpath","value":"//button[@data-kt=\"provideButton\"]"}
RESULT: {"using":"xpath","value":"//button[@data-kt=\"provideButton\"]"}
COMMAND: POST /session/21ce62c4ecbe6d238b640e15c86407e3/elements - {"using":"xpath","value":"//button[@data-kt=\"provideButton\"]"}
RESULT: {"using":"xpath","value":"//button[@data-kt=\"provideButton\"]"}
COMMAND: POST /session/21ce62c4ecbe6d238b640e15c86407e3/elements - {"using":"xpath","value":"//button[@data-kt=\"provideButton\"]"}
RESULT: {"using":"xpath","value":"//button[@data-kt=\"provideButton\"]"}
COMMAND: POST /session/21ce62c4ecbe6d238b640e15c86407e3/elements - {"using":"xpath","value":"//button[@data-kt=\"provideButton\"]"}
RESULT: {"using":"xpath","value":"//button[@data-kt=\"provideButton\"]"}
COMMAND: POST /session/21ce62c4ecbe6d238b640e15c86407e3/elements - {"using":"xpath","value":"//button[@data-kt=\"provideButton\"]"}
RESULT: {"using":"xpath","value":"//button[@data-kt=\"provideButton\"]"}
COMMAND: POST /session/21ce62c4ecbe6d238b640e15c86407e3/elements - {"using":"xpath","value":"//button[@data-kt=\"provideButton\"]"}
RESULT: {"using":"xpath","value":"//button[@data-kt=\"provideButton\"]"}
COMMAND: POST /session/21ce62c4ecbe6d238b640e15c86407e3/elements - {"using":"xpath","value":"//button[@data-kt=\"provideButton\"]"}
RESULT: {"using":"xpath","value":"//button[@data-kt=\"provideButton\"]"}
COMMAND: POST /session/21ce62c4ecbe6d238b640e15c86407e3/elements - {"using":"xpath","value":"//button[@data-kt=\"provideButton\"]"}
RESULT: {"using":"xpath","value":"//button[@data-kt=\"provideButton\"]"}
COMMAND: POST /session/21ce62c4ecbe6d238b640e15c86407e3/elements - {"using":"xpath","value":"//button[@data-kt=\"provideButton\"]"}
RESULT: {"using":"xpath","value":"//button[@data-kt=\"provideButton\"]"}
COMMAND: POST /session/21ce62c4ecbe6d238b640e15c86407e3/elements - {"using":"xpath","value":"//button[@data-kt=\"provideButton\"]"}
RESULT: {"using":"xpath","value":"//button[@data-kt=\"provideButton\"]"}
COMMAND: POST /session/21ce62c4ecbe6d238b640e15c86407e3/elements - {"using":"xpath","value":"//button[@data-kt=\"provideButton\"]"}
RESULT: {"using":"xpath","value":"//button[@data-kt=\"provideButton\"]"}
COMMAND: POST /session/21ce62c4ecbe6d238b640e15c86407e3/elements - {"using":"xpath","value":"//button[@data-kt=\"provideButton\"]"}
RESULT: {"using":"xpath","value":"//button[@data-kt=\"provideButton\"]"}
COMMAND: POST /session/21ce62c4ecbe6d238b640e15c86407e3/elements - {"using":"xpath","value":"//button[@data-kt=\"provideButton\"]"}
RESULT: {"using":"xpath","value":"//button[@data-kt=\"provideButton\"]"}
COMMAND: POST /session/21ce62c4ecbe6d238b640e15c86407e3/elements - {"using":"xpath","value":"//button[@data-kt=\"provideButton\"]"}
RESULT: {"using":"xpath","value":"//button[@data-kt=\"provideButton\"]"}
COMMAND: GET /session/21ce62c4ecbe6d238b640e15c86407e3/screenshot - {}
RESULT: {}
]]></system-out>
      <system-err><![CDATA[
Error: Can't call click on element with selector "//button[@data-kt="provideButton"]" because element wasn't found
    at async Context.<anonymous> (D:\a\1\s\test\specs\HTR\provide-to-site-wo-warehouse-wo-clarification.spec.js:70:9)
]]></system-err>
    </testcase>
    <testcase classname="chrome.136_0_7103_93.windows.Provide_to_Site_w/o_warehouse_management_w/o_clarification" name="Should Test for Handover Execution" time="12.957">
      <system-out><![CDATA[
COMMAND: POST /session/21ce62c4ecbe6d238b640e15c86407e3/element - {"using":"xpath","value":"(//span[contains(@id, \"imgNav\")])[1]"}
COMMAND: GET /session/21ce62c4ecbe6d238b640e15c86407e3/screenshot - {}
RESULT: {"using":"xpath","value":"(//span[contains(@id, \"imgNav\")])[1]"}
COMMAND: POST /session/21ce62c4ecbe6d238b640e15c86407e3/element/f.93D217436D6DD50F1CAF1D433A497FC6.d.9E8F0AC812E9EF0D0E7FE634C21CA0B8.e.10290/click - {}
RESULT: {}
RESULT: {}
COMMAND: GET /session/21ce62c4ecbe6d238b640e15c86407e3/screenshot - {}
RESULT: {}
COMMAND: POST /session/21ce62c4ecbe6d238b640e15c86407e3/element - {"using":"css selector","value":"#shell-header-logo"}
RESULT: {"using":"css selector","value":"#shell-header-logo"}
COMMAND: POST /session/21ce62c4ecbe6d238b640e15c86407e3/element/f.93D217436D6DD50F1CAF1D433A497FC6.d.9E8F0AC812E9EF0D0E7FE634C21CA0B8.e.10196/click - {}
RESULT: {}
COMMAND: GET /session/21ce62c4ecbe6d238b640e15c86407e3/screenshot - {}
RESULT: {}
]]></system-out>
    </testcase>
    <testcase classname="chrome.136_0_7103_93.windows.Provide_to_Site_w/o_warehouse_management_w/o_clarification" name="Should test for Clarification" time="0.005">
      <system-out><![CDATA[
COMMAND: POST /session/21ce62c4ecbe6d238b640e15c86407e3/element - {"using":"css selector","value":"#j_username"}
COMMAND: POST /session/21ce62c4ecbe6d238b640e15c86407e3/url - {"url":"https://qa-testing-00-live-etm-ui.cfapps.eu10-004.hana.ondemand.com/"}
COMMAND: GET /session/21ce62c4ecbe6d238b640e15c86407e3/screenshot - {}
RESULT: {"using":"css selector","value":"#j_username"}
COMMAND: POST /session/21ce62c4ecbe6d238b640e15c86407e3/element - {"using":"css selector","value":"#j_username"}
RESULT: {"url":"https://qa-testing-00-live-etm-ui.cfapps.eu10-004.hana.ondemand.com/"}
RESULT: undefined
COMMAND: GET /session/21ce62c4ecbe6d238b640e15c86407e3/screenshot - {}
RESULT: {}
RESULT: {"using":"css selector","value":"#j_username"}
COMMAND: POST /session/21ce62c4ecbe6d238b640e15c86407e3/element - {"using":"css selector","value":"#shell-header-logo"}
RESULT: {}
RESULT: {"using":"css selector","value":"#shell-header-logo"}
COMMAND: POST /session/21ce62c4ecbe6d238b640e15c86407e3/execute/sync - {"script":"<script> [8489 bytes]","args":[{"element-6066-11e4-a52e-4f735466cecf":"f.93D217436D6DD50F1CAF1D433A497FC6.d.2734F137220FA06F5C7742FB5DF962B1.e.10644","ELEMENT":"f.93D217436D6DD50F1CAF1D433A497FC6.d.2734F137220FA06F5C7742FB5DF962B1.e.10644"}]}
RESULT: {"script":"<script> [8489 bytes]","args":[{"element-6066-11e4-a52e-4f735466cecf":"f.93D217436D6DD50F1CAF1D433A497FC6.d.2734F137220FA06F5C7742FB5DF962B1.e.10644","ELEMENT":"f.93D217436D6DD50F1CAF1D433A497FC6.d.2734F137220FA06F5C7742FB5DF962B1.e.10644"}]}
COMMAND: POST /session/21ce62c4ecbe6d238b640e15c86407e3/element - {"using":"css selector","value":"#shell-header-logo"}
COMMAND: GET /session/21ce62c4ecbe6d238b640e15c86407e3/screenshot - {}
RESULT: {"using":"css selector","value":"#shell-header-logo"}
COMMAND: POST /session/21ce62c4ecbe6d238b640e15c86407e3/execute/sync - {"script":"<script> [8489 bytes]","args":[{"element-6066-11e4-a52e-4f735466cecf":"f.93D217436D6DD50F1CAF1D433A497FC6.d.2734F137220FA06F5C7742FB5DF962B1.e.10644","ELEMENT":"f.93D217436D6DD50F1CAF1D433A497FC6.d.2734F137220FA06F5C7742FB5DF962B1.e.10644"}]}
RESULT: {}
RESULT: {"script":"<script> [8489 bytes]","args":[{"element-6066-11e4-a52e-4f735466cecf":"f.93D217436D6DD50F1CAF1D433A497FC6.d.2734F137220FA06F5C7742FB5DF962B1.e.10644","ELEMENT":"f.93D217436D6DD50F1CAF1D433A497FC6.d.2734F137220FA06F5C7742FB5DF962B1.e.10644"}]}
COMMAND: POST /session/21ce62c4ecbe6d238b640e15c86407e3/execute/sync - {"script":"<script> [5351 bytes]","args":[{"element-6066-11e4-a52e-4f735466cecf":"f.93D217436D6DD50F1CAF1D433A497FC6.d.2734F137220FA06F5C7742FB5DF962B1.e.10644","ELEMENT":"f.93D217436D6DD50F1CAF1D433A497FC6.d.2734F137220FA06F5C7742FB5DF962B1.e.10644"}]}
COMMAND: GET /session/21ce62c4ecbe6d238b640e15c86407e3/screenshot - {}
RESULT: {"script":"<script> [5351 bytes]","args":[{"element-6066-11e4-a52e-4f735466cecf":"f.93D217436D6DD50F1CAF1D433A497FC6.d.2734F137220FA06F5C7742FB5DF962B1.e.10644","ELEMENT":"f.93D217436D6DD50F1CAF1D433A497FC6.d.2734F137220FA06F5C7742FB5DF962B1.e.10644"}]}
COMMAND: POST /session/21ce62c4ecbe6d238b640e15c86407e3/element - {"using":"css selector","value":"#shell-header-logo"}
COMMAND: GET /session/21ce62c4ecbe6d238b640e15c86407e3/screenshot - {}
RESULT: {}
RESULT: {"using":"css selector","value":"#shell-header-logo"}
COMMAND: POST /session/21ce62c4ecbe6d238b640e15c86407e3/element/f.93D217436D6DD50F1CAF1D433A497FC6.d.2734F137220FA06F5C7742FB5DF962B1.e.10644/click - {}
RESULT: {}
RESULT: {}
COMMAND: GET /session/21ce62c4ecbe6d238b640e15c86407e3/screenshot - {}
RESULT: {}
COMMAND: POST /session/21ce62c4ecbe6d238b640e15c86407e3/execute/async - {"script":"<script> [189 bytes]","args":[]}
RESULT: {"script":"<script> [189 bytes]","args":[]}
COMMAND: POST /session/21ce62c4ecbe6d238b640e15c86407e3/execute/async - {"script":"<script> [123 bytes]","args":[]}
RESULT: {"script":"<script> [123 bytes]","args":[]}
COMMAND: POST /session/21ce62c4ecbe6d238b640e15c86407e3/timeouts - {"script":"<number>"}
RESULT: {"script":"<number>"}
COMMAND: GET /session/21ce62c4ecbe6d238b640e15c86407e3/timeouts - {}
RESULT: {}
RESULT: undefined
COMMAND: POST /session/21ce62c4ecbe6d238b640e15c86407e3/execute/async - {"script":"<script> [2676 bytes]","args":[]}
RESULT: {"script":"<script> [2676 bytes]","args":[]}
COMMAND: POST /session/21ce62c4ecbe6d238b640e15c86407e3/execute/async - {"script":"<script> [2342 bytes]","args":[{"protocol":"http","hostname":"0.0.0.0","path":"/","capabilities":{"browserName":"chrome","goog:chromeOptions":{"binary":"C:\\Program Files\\Google\\Chrome\\Application\\chrome.exe","args":["--start-maximized"]}},"logLevel":"warn","connectionRetryTimeout":120000,"connectionRetryCount":3,"logLevels":{},"enableDirectConnect":true,"strictSSL":true,"_":"65 more keys: [\"cacheDir\",\"port\",\"requestedCapabilities\",\"automationProtocol\",\"baseUrl\",\"waitforInterval\",\"waitforTimeout\",\"onReload\",\"beforeCommand\",\"afterCommand\",\"rootDir\",\"specs\",\"suites\",\"exclude\",\"groupLogsByTestSpec\",\"excludeDriverLogs\",\"bail\",\"framework\",\"reporters\",\"services\",\"maxInstances\",\"maxInstancesPerCapability\",\"injectGlobals\",\"filesToWatch\",\"execArgv\",\"runnerEnv\",\"runner\",\"shard\",\"specFileRetries\",\"specFileRetriesDelay\",\"specFileRetriesDeferred\",\"reporterSyncInterval\",\"reporterSyncTimeout\",\"cucumberFeaturesWithLineNumbers\",\"autoCompileOpts\",\"mochaOpts\",\"jasmineOpts\",\"cucumberOpts\",\"onPrepare\",\"onWorkerStart\",\"onWorkerEnd\",\"before\",\"beforeSession\",\"beforeSuite\",\"beforeHook\",\"beforeTest\",\"afterTest\",\"afterHook\",\"afterSuite\",\"afterSession\",\"after\",\"onComplete\",\"beforeAssertion\",\"afterAssertion\",\"beforeFeature\",\"beforeScenario\",\"beforeStep\",\"afterStep\",\"afterScenario\",\"afterFeature\",\"_\",\"suite\",\"$0\",\"ignoredWorkerServices\",\"wdi5\"]"}]}
RESULT: {"script":"<script> [2342 bytes]","args":[{"protocol":"http","hostname":"0.0.0.0","path":"/","capabilities":{"browserName":"chrome","goog:chromeOptions":{"binary":"C:\\Program Files\\Google\\Chrome\\Application\\chrome.exe","args":["--start-maximized"]}},"logLevel":"warn","connectionRetryTimeout":120000,"connectionRetryCount":3,"logLevels":{},"enableDirectConnect":true,"strictSSL":true,"_":"65 more keys: [\"cacheDir\",\"port\",\"requestedCapabilities\",\"automationProtocol\",\"baseUrl\",\"waitforInterval\",\"waitforTimeout\",\"onReload\",\"beforeCommand\",\"afterCommand\",\"rootDir\",\"specs\",\"suites\",\"exclude\",\"groupLogsByTestSpec\",\"excludeDriverLogs\",\"bail\",\"framework\",\"reporters\",\"services\",\"maxInstances\",\"maxInstancesPerCapability\",\"injectGlobals\",\"filesToWatch\",\"execArgv\",\"runnerEnv\",\"runner\",\"shard\",\"specFileRetries\",\"specFileRetriesDelay\",\"specFileRetriesDeferred\",\"reporterSyncInterval\",\"reporterSyncTimeout\",\"cucumberFeaturesWithLineNumbers\",\"autoCompileOpts\",\"mochaOpts\",\"jasmineOpts\",\"cucumberOpts\",\"onPrepare\",\"onWorkerStart\",\"onWorkerEnd\",\"before\",\"beforeSession\",\"beforeSuite\",\"beforeHook\",\"beforeTest\",\"afterTest\",\"afterHook\",\"afterSuite\",\"afterSession\",\"after\",\"onComplete\",\"beforeAssertion\",\"afterAssertion\",\"beforeFeature\",\"beforeScenario\",\"beforeStep\",\"afterStep\",\"afterScenario\",\"afterFeature\",\"_\",\"suite\",\"$0\",\"ignoredWorkerServices\",\"wdi5\"]"}]}
COMMAND: POST /session/21ce62c4ecbe6d238b640e15c86407e3/execute/async - {"script":"<script> [21126 bytes]","args":[35000]}
RESULT: {"script":"<script> [21126 bytes]","args":[35000]}
COMMAND: POST /session/21ce62c4ecbe6d238b640e15c86407e3/window/maximize - {}
RESULT: {}
COMMAND: POST /session/21ce62c4ecbe6d238b640e15c86407e3/execute/async - {"script":"<script> [1562 bytes]","args":[{"selector":{"id":"shell-header","interaction":{"idSuffix":"icon"}},"wdio_ui5_key":"shellheader"}]}
COMMAND: GET /session/21ce62c4ecbe6d238b640e15c86407e3/screenshot - {}
RESULT: {"script":"<script> [1562 bytes]","args":[{"selector":{"id":"shell-header","interaction":{"idSuffix":"icon"}},"wdio_ui5_key":"shellheader"}]}
RESULT: undefined
COMMAND: POST /session/21ce62c4ecbe6d238b640e15c86407e3/refresh - {}
RESULT: {}
RESULT: {}
COMMAND: GET /session/21ce62c4ecbe6d238b640e15c86407e3/screenshot - {}
RESULT: {}
COMMAND: POST /session/21ce62c4ecbe6d238b640e15c86407e3/refresh - {}
RESULT: {}
COMMAND: GET /session/21ce62c4ecbe6d238b640e15c86407e3/screenshot - {}
RESULT: {}
COMMAND: POST /session/21ce62c4ecbe6d238b640e15c86407e3/window/fullscreen - {}
RESULT: {}
COMMAND: POST /session/21ce62c4ecbe6d238b640e15c86407e3/execute/async - {"script":"<script> [189 bytes]","args":[]}
RESULT: {"script":"<script> [189 bytes]","args":[]}
COMMAND: POST /session/21ce62c4ecbe6d238b640e15c86407e3/execute/async - {"script":"<script> [123 bytes]","args":[]}
RESULT: {"script":"<script> [123 bytes]","args":[]}
COMMAND: POST /session/21ce62c4ecbe6d238b640e15c86407e3/timeouts - {"script":"<number>"}
RESULT: {"script":"<number>"}
COMMAND: GET /session/21ce62c4ecbe6d238b640e15c86407e3/timeouts - {}
RESULT: {}
RESULT: undefined
COMMAND: POST /session/21ce62c4ecbe6d238b640e15c86407e3/execute/async - {"script":"<script> [2676 bytes]","args":[]}
RESULT: {"script":"<script> [2676 bytes]","args":[]}
COMMAND: POST /session/21ce62c4ecbe6d238b640e15c86407e3/execute/async - {"script":"<script> [2342 bytes]","args":[{"protocol":"http","hostname":"0.0.0.0","path":"/","capabilities":{"browserName":"chrome","goog:chromeOptions":{"binary":"C:\\Program Files\\Google\\Chrome\\Application\\chrome.exe","args":["--start-maximized"]}},"logLevel":"warn","connectionRetryTimeout":120000,"connectionRetryCount":3,"logLevels":{},"enableDirectConnect":true,"strictSSL":true,"_":"65 more keys: [\"cacheDir\",\"port\",\"requestedCapabilities\",\"automationProtocol\",\"baseUrl\",\"waitforInterval\",\"waitforTimeout\",\"onReload\",\"beforeCommand\",\"afterCommand\",\"rootDir\",\"specs\",\"suites\",\"exclude\",\"groupLogsByTestSpec\",\"excludeDriverLogs\",\"bail\",\"framework\",\"reporters\",\"services\",\"maxInstances\",\"maxInstancesPerCapability\",\"injectGlobals\",\"filesToWatch\",\"execArgv\",\"runnerEnv\",\"runner\",\"shard\",\"specFileRetries\",\"specFileRetriesDelay\",\"specFileRetriesDeferred\",\"reporterSyncInterval\",\"reporterSyncTimeout\",\"cucumberFeaturesWithLineNumbers\",\"autoCompileOpts\",\"mochaOpts\",\"jasmineOpts\",\"cucumberOpts\",\"onPrepare\",\"onWorkerStart\",\"onWorkerEnd\",\"before\",\"beforeSession\",\"beforeSuite\",\"beforeHook\",\"beforeTest\",\"afterTest\",\"afterHook\",\"afterSuite\",\"afterSession\",\"after\",\"onComplete\",\"beforeAssertion\",\"afterAssertion\",\"beforeFeature\",\"beforeScenario\",\"beforeStep\",\"afterStep\",\"afterScenario\",\"afterFeature\",\"_\",\"suite\",\"$0\",\"ignoredWorkerServices\",\"wdi5\"]"}]}
RESULT: {"script":"<script> [2342 bytes]","args":[{"protocol":"http","hostname":"0.0.0.0","path":"/","capabilities":{"browserName":"chrome","goog:chromeOptions":{"binary":"C:\\Program Files\\Google\\Chrome\\Application\\chrome.exe","args":["--start-maximized"]}},"logLevel":"warn","connectionRetryTimeout":120000,"connectionRetryCount":3,"logLevels":{},"enableDirectConnect":true,"strictSSL":true,"_":"65 more keys: [\"cacheDir\",\"port\",\"requestedCapabilities\",\"automationProtocol\",\"baseUrl\",\"waitforInterval\",\"waitforTimeout\",\"onReload\",\"beforeCommand\",\"afterCommand\",\"rootDir\",\"specs\",\"suites\",\"exclude\",\"groupLogsByTestSpec\",\"excludeDriverLogs\",\"bail\",\"framework\",\"reporters\",\"services\",\"maxInstances\",\"maxInstancesPerCapability\",\"injectGlobals\",\"filesToWatch\",\"execArgv\",\"runnerEnv\",\"runner\",\"shard\",\"specFileRetries\",\"specFileRetriesDelay\",\"specFileRetriesDeferred\",\"reporterSyncInterval\",\"reporterSyncTimeout\",\"cucumberFeaturesWithLineNumbers\",\"autoCompileOpts\",\"mochaOpts\",\"jasmineOpts\",\"cucumberOpts\",\"onPrepare\",\"onWorkerStart\",\"onWorkerEnd\",\"before\",\"beforeSession\",\"beforeSuite\",\"beforeHook\",\"beforeTest\",\"afterTest\",\"afterHook\",\"afterSuite\",\"afterSession\",\"after\",\"onComplete\",\"beforeAssertion\",\"afterAssertion\",\"beforeFeature\",\"beforeScenario\",\"beforeStep\",\"afterStep\",\"afterScenario\",\"afterFeature\",\"_\",\"suite\",\"$0\",\"ignoredWorkerServices\",\"wdi5\"]"}]}
COMMAND: POST /session/21ce62c4ecbe6d238b640e15c86407e3/execute/async - {"script":"<script> [21126 bytes]","args":[35000]}
RESULT: {"script":"<script> [21126 bytes]","args":[35000]}
]]></system-out>
    </testcase>
  </testsuite>
  <testsuite timestamp="2025-05-31T17:09:06" time="180.956" tests="6" failures="0" errors="0" skipped="0">
    <properties>
      <property name="specId" value="0"/>
      <property name="suiteName" value="Return from Site w/ warehouse management w/ clarification US125588"/>
      <property name="capabilities" value="chrome.136_0_7103_93.windows"/>
      <property name="file" value="file:///D:/a/1/s/test/specs/HTR/return-from-site-w-warehouse-management-w-clarification.spec.js"/>
    </properties>
    <testcase classname="chrome.136_0_7103_93.windows.Return_from_Site_w/_warehouse_management_w/_clarification_US125588" name="Should create a new WHM yard" time="0.012">
      <system-out><![CDATA[
COMMAND: POST /session/21ce62c4ecbe6d238b640e15c86407e3/window/fullscreen - {}
RESULT: {}
]]></system-out>
    </testcase>
    <testcase classname="chrome.136_0_7103_93.windows.Return_from_Site_w/_warehouse_management_w/_clarification_US125588" name="Should create a new external WHM partner" time="0.004"/>
    <testcase classname="chrome.136_0_7103_93.windows.Return_from_Site_w/_warehouse_management_w/_clarification_US125588" name="Should create a new WHM site" time="0.004"/>
    <testcase classname="chrome.136_0_7103_93.windows.Return_from_Site_w/_warehouse_management_w/_clarification_US125588" name="Should create a new material" time="130.809">
      <system-out><![CDATA[
COMMAND: POST /session/21ce62c4ecbe6d238b640e15c86407e3/execute/async - {"script":"<script> [1562 bytes]","args":[{"selector":{"controlType":"sap.m.GenericTile","properties":{"header":"Manage Resources"}},"wdio_ui5_key":"sapm.GenericTile{\"header\":\"Manage Resources\"}"}]}
RESULT: {"script":"<script> [1562 bytes]","args":[{"selector":{"controlType":"sap.m.GenericTile","properties":{"header":"Manage Resources"}},"wdio_ui5_key":"sapm.GenericTile{\"header\":\"Manage Resources\"}"}]}
RESULT: undefined
COMMAND: POST /session/21ce62c4ecbe6d238b640e15c86407e3/element - {"using":"xpath","value":"//*[@id=\"__tile39\"]"}
RESULT: {"using":"xpath","value":"//*[@id=\"__tile39\"]"}
COMMAND: POST /session/21ce62c4ecbe6d238b640e15c86407e3/element/f.93D217436D6DD50F1CAF1D433A497FC6.d.A0A9F0931B877EBAE808010743AB3E20.e.10805/click - {}
RESULT: {}
COMMAND: GET /session/21ce62c4ecbe6d238b640e15c86407e3/screenshot - {}
RESULT: {}
COMMAND: POST /session/21ce62c4ecbe6d238b640e15c86407e3/elements - {"using":"xpath","value":"//span[text()='Error']"}
RESULT: {"using":"xpath","value":"//span[text()='Error']"}
COMMAND: POST /session/21ce62c4ecbe6d238b640e15c86407e3/element - {"using":"xpath","value":"//button[@data-kt=\"addNewRUOverflowToolbarButton\"]"}
RESULT: {"using":"xpath","value":"//button[@data-kt=\"addNewRUOverflowToolbarButton\"]"}
COMMAND: POST /session/21ce62c4ecbe6d238b640e15c86407e3/elements - {"using":"xpath","value":"//button[@data-kt=\"addNewRUOverflowToolbarButton\"]"}
RESULT: {"using":"xpath","value":"//button[@data-kt=\"addNewRUOverflowToolbarButton\"]"}
COMMAND: POST /session/21ce62c4ecbe6d238b640e15c86407e3/elements - {"using":"xpath","value":"//button[@data-kt=\"addNewRUOverflowToolbarButton\"]"}
RESULT: {"using":"xpath","value":"//button[@data-kt=\"addNewRUOverflowToolbarButton\"]"}
COMMAND: POST /session/21ce62c4ecbe6d238b640e15c86407e3/element - {"using":"xpath","value":"//button[@data-kt=\"addNewRUOverflowToolbarButton\"]"}
RESULT: {"using":"xpath","value":"//button[@data-kt=\"addNewRUOverflowToolbarButton\"]"}
COMMAND: POST /session/21ce62c4ecbe6d238b640e15c86407e3/execute/sync - {"script":"<script> [8489 bytes]","args":[{"element-6066-11e4-a52e-4f735466cecf":"f.93D217436D6DD50F1CAF1D433A497FC6.d.A0A9F0931B877EBAE808010743AB3E20.e.10943","ELEMENT":"f.93D217436D6DD50F1CAF1D433A497FC6.d.A0A9F0931B877EBAE808010743AB3E20.e.10943"}]}
RESULT: {"script":"<script> [8489 bytes]","args":[{"element-6066-11e4-a52e-4f735466cecf":"f.93D217436D6DD50F1CAF1D433A497FC6.d.A0A9F0931B877EBAE808010743AB3E20.e.10943","ELEMENT":"f.93D217436D6DD50F1CAF1D433A497FC6.d.A0A9F0931B877EBAE808010743AB3E20.e.10943"}]}
COMMAND: GET /session/21ce62c4ecbe6d238b640e15c86407e3/element/f.93D217436D6DD50F1CAF1D433A497FC6.d.A0A9F0931B877EBAE808010743AB3E20.e.10943/enabled - {}
COMMAND: GET /session/21ce62c4ecbe6d238b640e15c86407e3/screenshot - {}
RESULT: {}
COMMAND: POST /session/21ce62c4ecbe6d238b640e15c86407e3/execute/sync - {"script":"<script> [8489 bytes]","args":[{"element-6066-11e4-a52e-4f735466cecf":"f.93D217436D6DD50F1CAF1D433A497FC6.d.A0A9F0931B877EBAE808010743AB3E20.e.10943","ELEMENT":"f.93D217436D6DD50F1CAF1D433A497FC6.d.A0A9F0931B877EBAE808010743AB3E20.e.10943"}]}
COMMAND: GET /session/21ce62c4ecbe6d238b640e15c86407e3/screenshot - {}
RESULT: {}
RESULT: {"script":"<script> [8489 bytes]","args":[{"element-6066-11e4-a52e-4f735466cecf":"f.93D217436D6DD50F1CAF1D433A497FC6.d.A0A9F0931B877EBAE808010743AB3E20.e.10943","ELEMENT":"f.93D217436D6DD50F1CAF1D433A497FC6.d.A0A9F0931B877EBAE808010743AB3E20.e.10943"}]}
COMMAND: POST /session/21ce62c4ecbe6d238b640e15c86407e3/execute/sync - {"script":"<script> [5351 bytes]","args":[{"element-6066-11e4-a52e-4f735466cecf":"f.93D217436D6DD50F1CAF1D433A497FC6.d.A0A9F0931B877EBAE808010743AB3E20.e.10943","ELEMENT":"f.93D217436D6DD50F1CAF1D433A497FC6.d.A0A9F0931B877EBAE808010743AB3E20.e.10943"}]}
COMMAND: GET /session/21ce62c4ecbe6d238b640e15c86407e3/screenshot - {}
RESULT: {}
RESULT: {"script":"<script> [5351 bytes]","args":[{"element-6066-11e4-a52e-4f735466cecf":"f.93D217436D6DD50F1CAF1D433A497FC6.d.A0A9F0931B877EBAE808010743AB3E20.e.10943","ELEMENT":"f.93D217436D6DD50F1CAF1D433A497FC6.d.A0A9F0931B877EBAE808010743AB3E20.e.10943"}]}
COMMAND: POST /session/21ce62c4ecbe6d238b640e15c86407e3/element/f.93D217436D6DD50F1CAF1D433A497FC6.d.A0A9F0931B877EBAE808010743AB3E20.e.10943/click - {}
COMMAND: GET /session/21ce62c4ecbe6d238b640e15c86407e3/screenshot - {}
RESULT: {}
RESULT: {}
COMMAND: GET /session/21ce62c4ecbe6d238b640e15c86407e3/screenshot - {}
COMMAND: POST /session/21ce62c4ecbe6d238b640e15c86407e3/execute/async - {"script":"<script> [1562 bytes]","args":[{"selector":{"id":"application-manageresources-display-component---newResourceUnit--TYPE-arrow"},"wdio_ui5_key":"applicationmanageresources-display-component---newResourceUnit--TYPE-arrow"}]}
RESULT: {}
RESULT: {}
RESULT: {"script":"<script> [1562 bytes]","args":[{"selector":{"id":"application-manageresources-display-component---newResourceUnit--TYPE-arrow"},"wdio_ui5_key":"applicationmanageresources-display-component---newResourceUnit--TYPE-arrow"}]}
RESULT: undefined
COMMAND: POST /session/21ce62c4ecbe6d238b640e15c86407e3/element - {"using":"xpath","value":"//*[@id=\"application-manageresources-display-component---newResourceUnit--TYPE-arrow\"]"}
RESULT: {"using":"xpath","value":"//*[@id=\"application-manageresources-display-component---newResourceUnit--TYPE-arrow\"]"}
COMMAND: POST /session/21ce62c4ecbe6d238b640e15c86407e3/element/f.93D217436D6DD50F1CAF1D433A497FC6.d.A0A9F0931B877EBAE808010743AB3E20.e.11308/click - {}
RESULT: {}
COMMAND: POST /session/21ce62c4ecbe6d238b640e15c86407e3/element - {"using":"xpath","value":"//input[@id=\"application-manageresources-display-component---newResourceUnit--TYPE-inner\"]"}
COMMAND: GET /session/21ce62c4ecbe6d238b640e15c86407e3/screenshot - {}
RESULT: {"using":"xpath","value":"//input[@id=\"application-manageresources-display-component---newResourceUnit--TYPE-inner\"]"}
COMMAND: POST /session/21ce62c4ecbe6d238b640e15c86407e3/element/f.93D217436D6DD50F1CAF1D433A497FC6.d.A0A9F0931B877EBAE808010743AB3E20.e.11303/clear - {}
RESULT: {}
RESULT: {}
COMMAND: POST /session/21ce62c4ecbe6d238b640e15c86407e3/element/f.93D217436D6DD50F1CAF1D433A497FC6.d.A0A9F0931B877EBAE808010743AB3E20.e.11303/value - {"text":"Material"}
COMMAND: GET /session/21ce62c4ecbe6d238b640e15c86407e3/screenshot - {}
RESULT: {"text":"Material"}
COMMAND: GET /session/21ce62c4ecbe6d238b640e15c86407e3/screenshot - {}
RESULT: {}
RESULT: {}
COMMAND: POST /session/21ce62c4ecbe6d238b640e15c86407e3/actions - {"actions":[{"id":"action37","type":"key","parameters":{},"actions":[{"type":"keyDown","value":""},{"type":"pause","duration":10},{"type":"keyUp","value":""}]}]}
RESULT: {"actions":[{"id":"action37","type":"key","parameters":{},"actions":[{"type":"keyDown","value":""},{"type":"pause","duration":10},{"type":"keyUp","value":""}]}]}
COMMAND: POST /session/21ce62c4ecbe6d238b640e15c86407e3/execute/async - {"script":"<script> [1562 bytes]","args":[{"selector":{"id":"application-manageresources-display-component---newResourceUnit--SHORT_TEXT","interaction":{"idSuffix":"inner"}},"wdio_ui5_key":"applicationmanageresources-display-component---newResourceUnit--SHORT_TEXT"}]}
COMMAND: GET /session/21ce62c4ecbe6d238b640e15c86407e3/screenshot - {}
RESULT: {"script":"<script> [1562 bytes]","args":[{"selector":{"id":"application-manageresources-display-component---newResourceUnit--SHORT_TEXT","interaction":{"idSuffix":"inner"}},"wdio_ui5_key":"applicationmanageresources-display-component---newResourceUnit--SHORT_TEXT"}]}
RESULT: undefined
COMMAND: POST /session/21ce62c4ecbe6d238b640e15c86407e3/execute/async - {"script":"<script> [776 bytes]","args":[{"enterText":"Cement WDIO","selector":{"id":"application-manageresources-display-component---newResourceUnit--SHORT_TEXT","interaction":{"idSuffix":"inner"}},"clearTextFirst":true,"interactionType":"ENTER_TEXT"}]}
RESULT: {}
RESULT: {"script":"<script> [776 bytes]","args":[{"enterText":"Cement WDIO","selector":{"id":"application-manageresources-display-component---newResourceUnit--SHORT_TEXT","interaction":{"idSuffix":"inner"}},"clearTextFirst":true,"interactionType":"ENTER_TEXT"}]}
COMMAND: POST /session/21ce62c4ecbe6d238b640e15c86407e3/execute/async - {"script":"<script> [1562 bytes]","args":[{"selector":{"id":"application-manageresources-display-component---newResourceUnit--BASE_UNIT_OF_MEASURE","interaction":{"idSuffix":"inner"}},"wdio_ui5_key":"applicationmanageresources-display-component---newResourceUnit--BASE_UNIT_OF_MEASURE"}]}
RESULT: {"script":"<script> [1562 bytes]","args":[{"selector":{"id":"application-manageresources-display-component---newResourceUnit--BASE_UNIT_OF_MEASURE","interaction":{"idSuffix":"inner"}},"wdio_ui5_key":"applicationmanageresources-display-component---newResourceUnit--BASE_UNIT_OF_MEASURE"}]}
RESULT: undefined
COMMAND: POST /session/21ce62c4ecbe6d238b640e15c86407e3/execute/async - {"script":"<script> [776 bytes]","args":[{"enterText":"Piece","selector":{"id":"application-manageresources-display-component---newResourceUnit--BASE_UNIT_OF_MEASURE","interaction":{"idSuffix":"inner"}},"clearTextFirst":true,"interactionType":"ENTER_TEXT"}]}
RESULT: {"script":"<script> [776 bytes]","args":[{"enterText":"Piece","selector":{"id":"application-manageresources-display-component---newResourceUnit--BASE_UNIT_OF_MEASURE","interaction":{"idSuffix":"inner"}},"clearTextFirst":true,"interactionType":"ENTER_TEXT"}]}
COMMAND: POST /session/21ce62c4ecbe6d238b640e15c86407e3/execute/async - {"script":"<script> [1562 bytes]","args":[{"selector":{"id":"application-manageresources-display-component---newResourceUnit--WEIGHT_UNIT","interaction":{"idSuffix":"inner"}},"wdio_ui5_key":"applicationmanageresources-display-component---newResourceUnit--WEIGHT_UNIT"}]}
RESULT: {"script":"<script> [1562 bytes]","args":[{"selector":{"id":"application-manageresources-display-component---newResourceUnit--WEIGHT_UNIT","interaction":{"idSuffix":"inner"}},"wdio_ui5_key":"applicationmanageresources-display-component---newResourceUnit--WEIGHT_UNIT"}]}
RESULT: undefined
COMMAND: POST /session/21ce62c4ecbe6d238b640e15c86407e3/execute/async - {"script":"<script> [776 bytes]","args":[{"enterText":"Gram","selector":{"id":"application-manageresources-display-component---newResourceUnit--WEIGHT_UNIT","interaction":{"idSuffix":"inner"}},"clearTextFirst":true,"interactionType":"ENTER_TEXT"}]}
RESULT: {"script":"<script> [776 bytes]","args":[{"enterText":"Gram","selector":{"id":"application-manageresources-display-component---newResourceUnit--WEIGHT_UNIT","interaction":{"idSuffix":"inner"}},"clearTextFirst":true,"interactionType":"ENTER_TEXT"}]}
COMMAND: POST /session/21ce62c4ecbe6d238b640e15c86407e3/execute/async - {"script":"<script> [1562 bytes]","args":[{"selector":{"id":"application-manageresources-display-component---newResourceUnit--DIMENSION_UNIT","interaction":{"idSuffix":"inner"}},"wdio_ui5_key":"applicationmanageresources-display-component---newResourceUnit--DIMENSION_UNIT"}]}
RESULT: {"script":"<script> [1562 bytes]","args":[{"selector":{"id":"application-manageresources-display-component---newResourceUnit--DIMENSION_UNIT","interaction":{"idSuffix":"inner"}},"wdio_ui5_key":"applicationmanageresources-display-component---newResourceUnit--DIMENSION_UNIT"}]}
RESULT: undefined
COMMAND: POST /session/21ce62c4ecbe6d238b640e15c86407e3/execute/async - {"script":"<script> [776 bytes]","args":[{"enterText":"Meter","selector":{"id":"application-manageresources-display-component---newResourceUnit--DIMENSION_UNIT","interaction":{"idSuffix":"inner"}},"clearTextFirst":true,"interactionType":"ENTER_TEXT"}]}
RESULT: {"script":"<script> [776 bytes]","args":[{"enterText":"Meter","selector":{"id":"application-manageresources-display-component---newResourceUnit--DIMENSION_UNIT","interaction":{"idSuffix":"inner"}},"clearTextFirst":true,"interactionType":"ENTER_TEXT"}]}
COMMAND: POST /session/21ce62c4ecbe6d238b640e15c86407e3/execute/async - {"script":"<script> [1562 bytes]","args":[{"selector":{"id":"application-manageresources-display-component---newResourceUnit--newRRUPage-anchBar-application-manageresources-display-component---newResourceUnit--control-anchor","interaction":{"idSuffix":"BDI-content"}},"wdio_ui5_key":"applicationmanageresources-display-component---newResourceUnit--newRRUPage-anchBar-application-manageresources-display-component---newResourceUnit--control-anchor"}]}
RESULT: {"script":"<script> [1562 bytes]","args":[{"selector":{"id":"application-manageresources-display-component---newResourceUnit--newRRUPage-anchBar-application-manageresources-display-component---newResourceUnit--control-anchor","interaction":{"idSuffix":"BDI-content"}},"wdio_ui5_key":"applicationmanageresources-display-component---newResourceUnit--newRRUPage-anchBar-application-manageresources-display-component---newResourceUnit--control-anchor"}]}
RESULT: undefined
COMMAND: POST /session/21ce62c4ecbe6d238b640e15c86407e3/element - {"using":"xpath","value":"//*[@id=\"application-manageresources-display-component---newResourceUnit--newRRUPage-anchBar-application-manageresources-display-component---newResourceUnit--control-anchor\"]"}
RESULT: {"using":"xpath","value":"//*[@id=\"application-manageresources-display-component---newResourceUnit--newRRUPage-anchBar-application-manageresources-display-component---newResourceUnit--control-anchor\"]"}
COMMAND: POST /session/21ce62c4ecbe6d238b640e15c86407e3/element/f.93D217436D6DD50F1CAF1D433A497FC6.d.A0A9F0931B877EBAE808010743AB3E20.e.11440/click - {}
RESULT: {}
COMMAND: POST /session/21ce62c4ecbe6d238b640e15c86407e3/execute/async - {"script":"<script> [1562 bytes]","args":[{"selector":{"id":"application-manageresources-display-component---newResourceUnit--PLANNING_GROUP","interaction":{"idSuffix":"inner"}},"wdio_ui5_key":"applicationmanageresources-display-component---newResourceUnit--PLANNING_GROUP"}]}
COMMAND: GET /session/21ce62c4ecbe6d238b640e15c86407e3/screenshot - {}
RESULT: {"script":"<script> [1562 bytes]","args":[{"selector":{"id":"application-manageresources-display-component---newResourceUnit--PLANNING_GROUP","interaction":{"idSuffix":"inner"}},"wdio_ui5_key":"applicationmanageresources-display-component---newResourceUnit--PLANNING_GROUP"}]}
RESULT: undefined
COMMAND: POST /session/21ce62c4ecbe6d238b640e15c86407e3/execute/async - {"script":"<script> [776 bytes]","args":[{"enterText":"Material","selector":{"id":"application-manageresources-display-component---newResourceUnit--PLANNING_GROUP","interaction":{"idSuffix":"inner"}},"clearTextFirst":true,"interactionType":"ENTER_TEXT"}]}
RESULT: {}
RESULT: {"script":"<script> [776 bytes]","args":[{"enterText":"Material","selector":{"id":"application-manageresources-display-component---newResourceUnit--PLANNING_GROUP","interaction":{"idSuffix":"inner"}},"clearTextFirst":true,"interactionType":"ENTER_TEXT"}]}
COMMAND: POST /session/21ce62c4ecbe6d238b640e15c86407e3/execute/async - {"script":"<script> [1562 bytes]","args":[{"selector":{"id":"application-manageresources-display-component---newResourceUnit--PLANNING_INDICATOR","interaction":{"idSuffix":"inner"}},"wdio_ui5_key":"applicationmanageresources-display-component---newResourceUnit--PLANNING_INDICATOR"}]}
RESULT: {"script":"<script> [1562 bytes]","args":[{"selector":{"id":"application-manageresources-display-component---newResourceUnit--PLANNING_INDICATOR","interaction":{"idSuffix":"inner"}},"wdio_ui5_key":"applicationmanageresources-display-component---newResourceUnit--PLANNING_INDICATOR"}]}
RESULT: undefined
COMMAND: POST /session/21ce62c4ecbe6d238b640e15c86407e3/execute/async - {"script":"<script> [776 bytes]","args":[{"enterText":"10 - infinite","selector":{"id":"application-manageresources-display-component---newResourceUnit--PLANNING_INDICATOR","interaction":{"idSuffix":"inner"}},"clearTextFirst":true,"interactionType":"ENTER_TEXT"}]}
RESULT: {"script":"<script> [776 bytes]","args":[{"enterText":"10 - infinite","selector":{"id":"application-manageresources-display-component---newResourceUnit--PLANNING_INDICATOR","interaction":{"idSuffix":"inner"}},"clearTextFirst":true,"interactionType":"ENTER_TEXT"}]}
COMMAND: POST /session/21ce62c4ecbe6d238b640e15c86407e3/element - {"using":"css selector","value":"#application-manageresources-display-component---newResourceUnit--btnAddTimeSegment"}
RESULT: {"using":"css selector","value":"#application-manageresources-display-component---newResourceUnit--btnAddTimeSegment"}
COMMAND: GET /session/21ce62c4ecbe6d238b640e15c86407e3/element/f.93D217436D6DD50F1CAF1D433A497FC6.d.A0A9F0931B877EBAE808010743AB3E20.e.11448/rect - {}
RESULT: {}
COMMAND: GET /session/21ce62c4ecbe6d238b640e15c86407e3/window/rect - {}
RESULT: {}
COMMAND: POST /session/21ce62c4ecbe6d238b640e15c86407e3/execute/sync - {"script":"<script> [92 bytes]","args":[]}
RESULT: {"script":"<script> [92 bytes]","args":[]}
COMMAND: POST /session/21ce62c4ecbe6d238b640e15c86407e3/actions - {"actions":[{"id":"action38","type":"wheel","parameters":{},"actions":[{"type":"scroll","x":-1888,"y":-32,"deltaX":0,"deltaY":0,"duration":0,"origin":{"element-6066-11e4-a52e-4f735466cecf":"f.93D217436D6DD50F1CAF1D433A497FC6.d.A0A9F0931B877EBAE808010743AB3E20.e.11448"}}]}]}
COMMAND: GET /session/21ce62c4ecbe6d238b640e15c86407e3/screenshot - {}
RESULT: {}
COMMAND: POST /session/21ce62c4ecbe6d238b640e15c86407e3/execute/sync - {"script":"<script> [79 bytes]","args":[{"element-6066-11e4-a52e-4f735466cecf":"f.93D217436D6DD50F1CAF1D433A497FC6.d.A0A9F0931B877EBAE808010743AB3E20.e.11448","ELEMENT":"f.93D217436D6DD50F1CAF1D433A497FC6.d.A0A9F0931B877EBAE808010743AB3E20.e.11448"},{"block":"start","inline":"nearest"}]}
RESULT: {"script":"<script> [79 bytes]","args":[{"element-6066-11e4-a52e-4f735466cecf":"f.93D217436D6DD50F1CAF1D433A497FC6.d.A0A9F0931B877EBAE808010743AB3E20.e.11448","ELEMENT":"f.93D217436D6DD50F1CAF1D433A497FC6.d.A0A9F0931B877EBAE808010743AB3E20.e.11448"},{"block":"start","inline":"nearest"}]}
COMMAND: POST /session/21ce62c4ecbe6d238b640e15c86407e3/execute/async - {"script":"<script> [1562 bytes]","args":[{"selector":{"id":"application-manageresources-display-component---newResourceUnit--btnAddTimeSegment","interaction":{"idSuffix":"inner"}},"wdio_ui5_key":"applicationmanageresources-display-component---newResourceUnit--btnAddTimeSegment"}]}
COMMAND: GET /session/21ce62c4ecbe6d238b640e15c86407e3/screenshot - {}
RESULT: {"script":"<script> [1562 bytes]","args":[{"selector":{"id":"application-manageresources-display-component---newResourceUnit--btnAddTimeSegment","interaction":{"idSuffix":"inner"}},"wdio_ui5_key":"applicationmanageresources-display-component---newResourceUnit--btnAddTimeSegment"}]}
RESULT: undefined
COMMAND: POST /session/21ce62c4ecbe6d238b640e15c86407e3/element - {"using":"xpath","value":"//*[@id=\"application-manageresources-display-component---newResourceUnit--btnAddTimeSegment\"]"}
RESULT: {}
RESULT: {"using":"xpath","value":"//*[@id=\"application-manageresources-display-component---newResourceUnit--btnAddTimeSegment\"]"}
COMMAND: POST /session/21ce62c4ecbe6d238b640e15c86407e3/element/f.93D217436D6DD50F1CAF1D433A497FC6.d.A0A9F0931B877EBAE808010743AB3E20.e.11448/click - {}
RESULT: {}
COMMAND: GET /session/21ce62c4ecbe6d238b640e15c86407e3/screenshot - {}
RESULT: {}
COMMAND: POST /session/21ce62c4ecbe6d238b640e15c86407e3/element - {"using":"xpath","value":"//input[@id=\"application-manageresources-display-component---newResourceUnit--idRuTSAdmin-application-manageresources-display-component---newResourceUnit--RUTimeSegment-0-inner\"]"}
RESULT: {"using":"xpath","value":"//input[@id=\"application-manageresources-display-component---newResourceUnit--idRuTSAdmin-application-manageresources-display-component---newResourceUnit--RUTimeSegment-0-inner\"]"}
COMMAND: POST /session/21ce62c4ecbe6d238b640e15c86407e3/element/f.93D217436D6DD50F1CAF1D433A497FC6.d.A0A9F0931B877EBAE808010743AB3E20.e.11453/clear - {}
RESULT: {}
COMMAND: POST /session/21ce62c4ecbe6d238b640e15c86407e3/element/f.93D217436D6DD50F1CAF1D433A497FC6.d.A0A9F0931B877EBAE808010743AB3E20.e.11453/value - {"text":"523"}
COMMAND: GET /session/21ce62c4ecbe6d238b640e15c86407e3/screenshot - {}
RESULT: {"text":"523"}
COMMAND: GET /session/21ce62c4ecbe6d238b640e15c86407e3/screenshot - {}
RESULT: {}
RESULT: {}
COMMAND: POST /session/21ce62c4ecbe6d238b640e15c86407e3/element - {"using":"xpath","value":"//li[.//span[text()='523']]"}
RESULT: {"using":"xpath","value":"//li[.//span[text()='523']]"}
COMMAND: POST /session/21ce62c4ecbe6d238b640e15c86407e3/element/f.93D217436D6DD50F1CAF1D433A497FC6.d.A0A9F0931B877EBAE808010743AB3E20.e.11462/click - {}
RESULT: {}
COMMAND: GET /session/21ce62c4ecbe6d238b640e15c86407e3/screenshot - {}
RESULT: {}
COMMAND: POST /session/21ce62c4ecbe6d238b640e15c86407e3/element - {"using":"xpath","value":"(//span[contains(@id, \"-application-manageresources-display-component---newResourceUnit--RUTimeSegment-0-arrow\")])[2]"}
RESULT: {"using":"xpath","value":"(//span[contains(@id, \"-application-manageresources-display-component---newResourceUnit--RUTimeSegment-0-arrow\")])[2]"}
COMMAND: POST /session/21ce62c4ecbe6d238b640e15c86407e3/element/f.93D217436D6DD50F1CAF1D433A497FC6.d.A0A9F0931B877EBAE808010743AB3E20.e.11463/click - {}
RESULT: {}
COMMAND: POST /session/21ce62c4ecbe6d238b640e15c86407e3/element - {"using":"xpath","value":"//span[contains(text(), \"PM Order\")]"}
COMMAND: GET /session/21ce62c4ecbe6d238b640e15c86407e3/screenshot - {}
RESULT: {"using":"xpath","value":"//span[contains(text(), \"PM Order\")]"}
COMMAND: POST /session/21ce62c4ecbe6d238b640e15c86407e3/element/f.93D217436D6DD50F1CAF1D433A497FC6.d.A0A9F0931B877EBAE808010743AB3E20.e.11464/click - {}
RESULT: {}
RESULT: {}
COMMAND: GET /session/21ce62c4ecbe6d238b640e15c86407e3/screenshot - {}
RESULT: {}
COMMAND: POST /session/21ce62c4ecbe6d238b640e15c86407e3/element - {"using":"xpath","value":"//td/div/div/div/span[contains(@id, \"newResourceUnit--RUTimeSegment-0-vhi\")][1]"}
RESULT: {"using":"xpath","value":"//td/div/div/div/span[contains(@id, \"newResourceUnit--RUTimeSegment-0-vhi\")][1]"}
COMMAND: GET /session/21ce62c4ecbe6d238b640e15c86407e3/element/f.93D217436D6DD50F1CAF1D433A497FC6.d.A0A9F0931B877EBAE808010743AB3E20.e.11468/rect - {}
RESULT: {}
COMMAND: GET /session/21ce62c4ecbe6d238b640e15c86407e3/window/rect - {}
RESULT: {}
COMMAND: POST /session/21ce62c4ecbe6d238b640e15c86407e3/execute/sync - {"script":"<script> [92 bytes]","args":[]}
RESULT: {"script":"<script> [92 bytes]","args":[]}
COMMAND: POST /session/21ce62c4ecbe6d238b640e15c86407e3/actions - {"actions":[{"id":"action39","type":"wheel","parameters":{},"actions":[{"type":"scroll","x":-1888,"y":-24,"deltaX":0,"deltaY":0,"duration":0,"origin":{"element-6066-11e4-a52e-4f735466cecf":"f.93D217436D6DD50F1CAF1D433A497FC6.d.A0A9F0931B877EBAE808010743AB3E20.e.11468"}}]}]}
COMMAND: GET /session/21ce62c4ecbe6d238b640e15c86407e3/screenshot - {}
RESULT: {}
COMMAND: POST /session/21ce62c4ecbe6d238b640e15c86407e3/execute/sync - {"script":"<script> [79 bytes]","args":[{"element-6066-11e4-a52e-4f735466cecf":"f.93D217436D6DD50F1CAF1D433A497FC6.d.A0A9F0931B877EBAE808010743AB3E20.e.11468","ELEMENT":"f.93D217436D6DD50F1CAF1D433A497FC6.d.A0A9F0931B877EBAE808010743AB3E20.e.11468"},{"block":"start","inline":"nearest"}]}
RESULT: {"script":"<script> [79 bytes]","args":[{"element-6066-11e4-a52e-4f735466cecf":"f.93D217436D6DD50F1CAF1D433A497FC6.d.A0A9F0931B877EBAE808010743AB3E20.e.11468","ELEMENT":"f.93D217436D6DD50F1CAF1D433A497FC6.d.A0A9F0931B877EBAE808010743AB3E20.e.11468"},{"block":"start","inline":"nearest"}]}
COMMAND: GET /session/21ce62c4ecbe6d238b640e15c86407e3/screenshot - {}
RESULT: {}
COMMAND: POST /session/21ce62c4ecbe6d238b640e15c86407e3/element/f.93D217436D6DD50F1CAF1D433A497FC6.d.A0A9F0931B877EBAE808010743AB3E20.e.11468/click - {}
RESULT: {}
COMMAND: GET /session/21ce62c4ecbe6d238b640e15c86407e3/screenshot - {}
RESULT: {}
COMMAND: POST /session/21ce62c4ecbe6d238b640e15c86407e3/execute/async - {"script":"<script> [1562 bytes]","args":[{"selector":{"controlType":"sap.m.SearchField","properties":{"placeholder":"Search"},"searchOpenDialogs":true,"interaction":{"idSuffix":"I"}},"wdio_ui5_key":"sapm.SearchField{\"placeholder\":\"Search\"}"}]}
RESULT: {"script":"<script> [1562 bytes]","args":[{"selector":{"controlType":"sap.m.SearchField","properties":{"placeholder":"Search"},"searchOpenDialogs":true,"interaction":{"idSuffix":"I"}},"wdio_ui5_key":"sapm.SearchField{\"placeholder\":\"Search\"}"}]}
RESULT: undefined
COMMAND: POST /session/21ce62c4ecbe6d238b640e15c86407e3/execute/async - {"script":"<script> [776 bytes]","args":[{"enterText":"4000360","selector":{"controlType":"sap.m.SearchField","properties":{"placeholder":"Search"},"searchOpenDialogs":true,"interaction":{"idSuffix":"I"}},"clearTextFirst":true,"interactionType":"ENTER_TEXT"}]}
RESULT: {"script":"<script> [776 bytes]","args":[{"enterText":"4000360","selector":{"controlType":"sap.m.SearchField","properties":{"placeholder":"Search"},"searchOpenDialogs":true,"interaction":{"idSuffix":"I"}},"clearTextFirst":true,"interactionType":"ENTER_TEXT"}]}
COMMAND: POST /session/21ce62c4ecbe6d238b640e15c86407e3/actions - {"actions":[{"id":"action40","type":"key","parameters":{},"actions":[{"type":"keyDown","value":""},{"type":"pause","duration":10},{"type":"keyUp","value":""}]}]}
RESULT: {"actions":[{"id":"action40","type":"key","parameters":{},"actions":[{"type":"keyDown","value":""},{"type":"pause","duration":10},{"type":"keyUp","value":""}]}]}
COMMAND: GET /session/21ce62c4ecbe6d238b640e15c86407e3/screenshot - {}
RESULT: {}
COMMAND: POST /session/21ce62c4ecbe6d238b640e15c86407e3/element - {"using":"xpath","value":"//td/div/span[contains(text(), \"BGL Vehicles\")]"}
RESULT: {"using":"xpath","value":"//td/div/span[contains(text(), \"BGL Vehicles\")]"}
COMMAND: POST /session/21ce62c4ecbe6d238b640e15c86407e3/element/f.93D217436D6DD50F1CAF1D433A497FC6.d.A0A9F0931B877EBAE808010743AB3E20.e.11490/click - {}
RESULT: {}
COMMAND: GET /session/21ce62c4ecbe6d238b640e15c86407e3/screenshot - {}
RESULT: {}
COMMAND: POST /session/21ce62c4ecbe6d238b640e15c86407e3/element - {"using":"xpath","value":"//bdi[contains(text(), \"OK\")]"}
RESULT: {"using":"xpath","value":"//bdi[contains(text(), \"OK\")]"}
COMMAND: POST /session/21ce62c4ecbe6d238b640e15c86407e3/element/f.93D217436D6DD50F1CAF1D433A497FC6.d.A0A9F0931B877EBAE808010743AB3E20.e.11491/click - {}
RESULT: {}
COMMAND: GET /session/21ce62c4ecbe6d238b640e15c86407e3/screenshot - {}
RESULT: {}
COMMAND: POST /session/21ce62c4ecbe6d238b640e15c86407e3/element - {"using":"xpath","value":"//label[contains(@class, 'sapMLabelRequired') and .//bdi[contains(text(), 'Planned Retirement')]]"}
RESULT: {"using":"xpath","value":"//label[contains(@class, 'sapMLabelRequired') and .//bdi[contains(text(), 'Planned Retirement')]]"}
COMMAND: POST /session/21ce62c4ecbe6d238b640e15c86407e3/elements - {"using":"xpath","value":"//label[contains(@class, 'sapMLabelRequired') and .//bdi[contains(text(), 'Planned Retirement')]]"}
RESULT: {"using":"xpath","value":"//label[contains(@class, 'sapMLabelRequired') and .//bdi[contains(text(), 'Planned Retirement')]]"}
COMMAND: POST /session/21ce62c4ecbe6d238b640e15c86407e3/element - {"using":"xpath","value":"//button[@data-kt=\"resourceUnitSaveButton\"]"}
RESULT: {"using":"xpath","value":"//button[@data-kt=\"resourceUnitSaveButton\"]"}
COMMAND: POST /session/21ce62c4ecbe6d238b640e15c86407e3/element/f.93D217436D6DD50F1CAF1D433A497FC6.d.A0A9F0931B877EBAE808010743AB3E20.e.11327/click - {}
RESULT: {}
COMMAND: GET /session/21ce62c4ecbe6d238b640e15c86407e3/screenshot - {}
RESULT: {}
COMMAND: POST /session/21ce62c4ecbe6d238b640e15c86407e3/element - {"using":"xpath","value":"//bdi[contains(text(), \"Close\")]"}
RESULT: {"using":"xpath","value":"//bdi[contains(text(), \"Close\")]"}
COMMAND: POST /session/21ce62c4ecbe6d238b640e15c86407e3/element/f.93D217436D6DD50F1CAF1D433A497FC6.d.A0A9F0931B877EBAE808010743AB3E20.e.11497/click - {}
RESULT: {}
COMMAND: GET /session/21ce62c4ecbe6d238b640e15c86407e3/screenshot - {}
RESULT: {}
COMMAND: POST /session/21ce62c4ecbe6d238b640e15c86407e3/element - {"using":"xpath","value":"//header[contains(@id, 'detailRruPage-headerTitle')]/div[1]/div[2]/div[2]/span[1]"}
RESULT: {"using":"xpath","value":"//header[contains(@id, 'detailRruPage-headerTitle')]/div[1]/div[2]/div[2]/span[1]"}
COMMAND: POST /session/21ce62c4ecbe6d238b640e15c86407e3/elements - {"using":"xpath","value":"//header[contains(@id, 'detailRruPage-headerTitle')]/div[1]/div[2]/div[2]/span[1]"}
RESULT: {"using":"xpath","value":"//header[contains(@id, 'detailRruPage-headerTitle')]/div[1]/div[2]/div[2]/span[1]"}
COMMAND: POST /session/21ce62c4ecbe6d238b640e15c86407e3/execute/sync - {"script":"<script> [56 bytes]","args":[{"element-6066-11e4-a52e-4f735466cecf":"f.93D217436D6DD50F1CAF1D433A497FC6.d.A0A9F0931B877EBAE808010743AB3E20.e.11526","ELEMENT":"f.93D217436D6DD50F1CAF1D433A497FC6.d.A0A9F0931B877EBAE808010743AB3E20.e.11526"}]}
RESULT: {"script":"<script> [56 bytes]","args":[{"element-6066-11e4-a52e-4f735466cecf":"f.93D217436D6DD50F1CAF1D433A497FC6.d.A0A9F0931B877EBAE808010743AB3E20.e.11526","ELEMENT":"f.93D217436D6DD50F1CAF1D433A497FC6.d.A0A9F0931B877EBAE808010743AB3E20.e.11526"}]}
COMMAND: POST /session/21ce62c4ecbe6d238b640e15c86407e3/element - {"using":"css selector","value":"#shell-header-logo"}
COMMAND: GET /session/21ce62c4ecbe6d238b640e15c86407e3/screenshot - {}
RESULT: {"using":"css selector","value":"#shell-header-logo"}
COMMAND: POST /session/21ce62c4ecbe6d238b640e15c86407e3/element/f.93D217436D6DD50F1CAF1D433A497FC6.d.A0A9F0931B877EBAE808010743AB3E20.e.10913/click - {}
RESULT: {}
RESULT: {}
COMMAND: GET /session/21ce62c4ecbe6d238b640e15c86407e3/screenshot - {}
RESULT: {}
]]></system-out>
    </testcase>
    <testcase classname="chrome.136_0_7103_93.windows.Return_from_Site_w/_warehouse_management_w/_clarification_US125588" name="Bin Status Report Should Create New Organization yard" time="0.005"/>
    <testcase classname="chrome.136_0_7103_93.windows.Return_from_Site_w/_warehouse_management_w/_clarification_US125588" name="Bin Status Report Should Create New Organization for Site" time="0.004"/>
  </testsuite>
  <testsuite timestamp="2025-05-31T17:12:07" time="504.523" tests="7" failures="7" errors="7" skipped="0">
    <properties>
      <property name="specId" value="0"/>
      <property name="suiteName" value="Return from Site w/ warehouse management w clarification"/>
      <property name="capabilities" value="chrome.136_0_7103_93.windows"/>
      <property name="file" value="file:///D:/a/1/s/test/specs/HTR/return-from-site-w-warehouse-management-w-clarification.spec.js"/>
    </properties>
    <testcase classname="chrome.136_0_7103_93.windows.Return_from_Site_w/_warehouse_management_w_clarification" name="Should do a stock increase handover" time="93.991">
      <failure/>
      <error message="Can't call click on element with selector &quot;//li[.//span[contains(text(),'523 -')]]&quot; because element wasn't found"/>
      <system-out><![CDATA[
COMMAND: POST /session/21ce62c4ecbe6d238b640e15c86407e3/execute/async - {"script":"<script> [1562 bytes]","args":[{"selector":{"controlType":"sap.m.GenericTile","properties":{"header":"Manage Handovers"}},"wdio_ui5_key":"sapm.GenericTile{\"header\":\"Manage Handovers\"}"}]}
RESULT: {"script":"<script> [1562 bytes]","args":[{"selector":{"controlType":"sap.m.GenericTile","properties":{"header":"Manage Handovers"}},"wdio_ui5_key":"sapm.GenericTile{\"header\":\"Manage Handovers\"}"}]}
RESULT: undefined
COMMAND: POST /session/21ce62c4ecbe6d238b640e15c86407e3/element - {"using":"xpath","value":"//*[@id=\"__tile133\"]"}
RESULT: {"using":"xpath","value":"//*[@id=\"__tile133\"]"}
COMMAND: POST /session/21ce62c4ecbe6d238b640e15c86407e3/element/f.93D217436D6DD50F1CAF1D433A497FC6.d.A0A9F0931B877EBAE808010743AB3E20.e.10889/click - {}
RESULT: {}
COMMAND: GET /session/21ce62c4ecbe6d238b640e15c86407e3/screenshot - {}
RESULT: {}
COMMAND: POST /session/21ce62c4ecbe6d238b640e15c86407e3/elements - {"using":"xpath","value":"//span[text()='Error']"}
RESULT: {"using":"xpath","value":"//span[text()='Error']"}
COMMAND: POST /session/21ce62c4ecbe6d238b640e15c86407e3/element - {"using":"xpath","value":"//button[@data-kt=\"masterHOAddButton\"]"}
RESULT: {"using":"xpath","value":"//button[@data-kt=\"masterHOAddButton\"]"}
COMMAND: POST /session/21ce62c4ecbe6d238b640e15c86407e3/elements - {"using":"xpath","value":"//button[@data-kt=\"masterHOAddButton\"]"}
RESULT: {"using":"xpath","value":"//button[@data-kt=\"masterHOAddButton\"]"}
COMMAND: POST /session/21ce62c4ecbe6d238b640e15c86407e3/elements - {"using":"xpath","value":"//button[@data-kt=\"masterHOAddButton\"]"}
RESULT: {"using":"xpath","value":"//button[@data-kt=\"masterHOAddButton\"]"}
COMMAND: POST /session/21ce62c4ecbe6d238b640e15c86407e3/elements - {"using":"xpath","value":"//button[@data-kt=\"masterHOAddButton\"]"}
RESULT: {"using":"xpath","value":"//button[@data-kt=\"masterHOAddButton\"]"}
COMMAND: POST /session/21ce62c4ecbe6d238b640e15c86407e3/element - {"using":"xpath","value":"//button[@data-kt=\"masterHOAddButton\"]"}
RESULT: {"using":"xpath","value":"//button[@data-kt=\"masterHOAddButton\"]"}
COMMAND: POST /session/21ce62c4ecbe6d238b640e15c86407e3/execute/sync - {"script":"<script> [8489 bytes]","args":[{"element-6066-11e4-a52e-4f735466cecf":"f.93D217436D6DD50F1CAF1D433A497FC6.d.A0A9F0931B877EBAE808010743AB3E20.e.11557","ELEMENT":"f.93D217436D6DD50F1CAF1D433A497FC6.d.A0A9F0931B877EBAE808010743AB3E20.e.11557"}]}
RESULT: {"script":"<script> [8489 bytes]","args":[{"element-6066-11e4-a52e-4f735466cecf":"f.93D217436D6DD50F1CAF1D433A497FC6.d.A0A9F0931B877EBAE808010743AB3E20.e.11557","ELEMENT":"f.93D217436D6DD50F1CAF1D433A497FC6.d.A0A9F0931B877EBAE808010743AB3E20.e.11557"}]}
COMMAND: GET /session/21ce62c4ecbe6d238b640e15c86407e3/element/f.93D217436D6DD50F1CAF1D433A497FC6.d.A0A9F0931B877EBAE808010743AB3E20.e.11557/enabled - {}
COMMAND: GET /session/21ce62c4ecbe6d238b640e15c86407e3/screenshot - {}
RESULT: {}
COMMAND: POST /session/21ce62c4ecbe6d238b640e15c86407e3/execute/sync - {"script":"<script> [8489 bytes]","args":[{"element-6066-11e4-a52e-4f735466cecf":"f.93D217436D6DD50F1CAF1D433A497FC6.d.A0A9F0931B877EBAE808010743AB3E20.e.11557","ELEMENT":"f.93D217436D6DD50F1CAF1D433A497FC6.d.A0A9F0931B877EBAE808010743AB3E20.e.11557"}]}
COMMAND: GET /session/21ce62c4ecbe6d238b640e15c86407e3/screenshot - {}
RESULT: {}
RESULT: {"script":"<script> [8489 bytes]","args":[{"element-6066-11e4-a52e-4f735466cecf":"f.93D217436D6DD50F1CAF1D433A497FC6.d.A0A9F0931B877EBAE808010743AB3E20.e.11557","ELEMENT":"f.93D217436D6DD50F1CAF1D433A497FC6.d.A0A9F0931B877EBAE808010743AB3E20.e.11557"}]}
COMMAND: POST /session/21ce62c4ecbe6d238b640e15c86407e3/execute/sync - {"script":"<script> [5351 bytes]","args":[{"element-6066-11e4-a52e-4f735466cecf":"f.93D217436D6DD50F1CAF1D433A497FC6.d.A0A9F0931B877EBAE808010743AB3E20.e.11557","ELEMENT":"f.93D217436D6DD50F1CAF1D433A497FC6.d.A0A9F0931B877EBAE808010743AB3E20.e.11557"}]}
COMMAND: GET /session/21ce62c4ecbe6d238b640e15c86407e3/screenshot - {}
RESULT: {}
RESULT: {"script":"<script> [5351 bytes]","args":[{"element-6066-11e4-a52e-4f735466cecf":"f.93D217436D6DD50F1CAF1D433A497FC6.d.A0A9F0931B877EBAE808010743AB3E20.e.11557","ELEMENT":"f.93D217436D6DD50F1CAF1D433A497FC6.d.A0A9F0931B877EBAE808010743AB3E20.e.11557"}]}
COMMAND: POST /session/21ce62c4ecbe6d238b640e15c86407e3/element/f.93D217436D6DD50F1CAF1D433A497FC6.d.A0A9F0931B877EBAE808010743AB3E20.e.11557/click - {}
COMMAND: GET /session/21ce62c4ecbe6d238b640e15c86407e3/screenshot - {}
RESULT: {}
RESULT: {}
COMMAND: GET /session/21ce62c4ecbe6d238b640e15c86407e3/screenshot - {}
RESULT: {}
COMMAND: POST /session/21ce62c4ecbe6d238b640e15c86407e3/element - {"using":"xpath","value":"//span[contains(@id ,\"AddNewHO--typeSelect-arrow\")]"}
RESULT: {}
RESULT: {"using":"xpath","value":"//span[contains(@id ,\"AddNewHO--typeSelect-arrow\")]"}
COMMAND: POST /session/21ce62c4ecbe6d238b640e15c86407e3/element/f.93D217436D6DD50F1CAF1D433A497FC6.d.A0A9F0931B877EBAE808010743AB3E20.e.11902/click - {}
RESULT: {}
COMMAND: GET /session/21ce62c4ecbe6d238b640e15c86407e3/screenshot - {}
RESULT: {}
COMMAND: POST /session/21ce62c4ecbe6d238b640e15c86407e3/element - {"using":"xpath","value":"(//li[contains(text(), \"stock increase yard\")])[1]"}
RESULT: {"using":"xpath","value":"(//li[contains(text(), \"stock increase yard\")])[1]"}
COMMAND: POST /session/21ce62c4ecbe6d238b640e15c86407e3/element/f.93D217436D6DD50F1CAF1D433A497FC6.d.A0A9F0931B877EBAE808010743AB3E20.e.11903/click - {}
RESULT: {}
COMMAND: GET /session/21ce62c4ecbe6d238b640e15c86407e3/screenshot - {}
RESULT: {}
COMMAND: POST /session/21ce62c4ecbe6d238b640e15c86407e3/execute/async - {"script":"<script> [1562 bytes]","args":[{"selector":{"id":"application-managehandovers-display-component---AddNewHO--dueDate","interaction":{"idSuffix":"inner"}},"wdio_ui5_key":"applicationmanagehandovers-display-component---AddNewHO--dueDate"}]}
RESULT: {"script":"<script> [1562 bytes]","args":[{"selector":{"id":"application-managehandovers-display-component---AddNewHO--dueDate","interaction":{"idSuffix":"inner"}},"wdio_ui5_key":"applicationmanagehandovers-display-component---AddNewHO--dueDate"}]}
RESULT: undefined
COMMAND: POST /session/21ce62c4ecbe6d238b640e15c86407e3/execute/async - {"script":"<script> [6424 bytes]","args":[{"element-6066-11e4-a52e-4f735466cecf":"f.93D217436D6DD50F1CAF1D433A497FC6.d.A0A9F0931B877EBAE808010743AB3E20.e.11905"},"setValue",["5/31/25"]]}
RESULT: {"script":"<script> [6424 bytes]","args":[{"element-6066-11e4-a52e-4f735466cecf":"f.93D217436D6DD50F1CAF1D433A497FC6.d.A0A9F0931B877EBAE808010743AB3E20.e.11905"},"setValue",["5/31/25"]]}
COMMAND: POST /session/21ce62c4ecbe6d238b640e15c86407e3/element - {"using":"xpath","value":"//input[@id=\"generalSectionFrg--receiveYard-inner\"]"}
RESULT: {"using":"xpath","value":"//input[@id=\"generalSectionFrg--receiveYard-inner\"]"}
COMMAND: POST /session/21ce62c4ecbe6d238b640e15c86407e3/element/f.93D217436D6DD50F1CAF1D433A497FC6.d.A0A9F0931B877EBAE808010743AB3E20.e.11911/clear - {}
RESULT: {}
COMMAND: POST /session/21ce62c4ecbe6d238b640e15c86407e3/element/f.93D217436D6DD50F1CAF1D433A497FC6.d.A0A9F0931B877EBAE808010743AB3E20.e.11911/value - {"text":"523"}
COMMAND: GET /session/21ce62c4ecbe6d238b640e15c86407e3/screenshot - {}
RESULT: {"text":"523"}
COMMAND: GET /session/21ce62c4ecbe6d238b640e15c86407e3/screenshot - {}
RESULT: {}
RESULT: {}
COMMAND: POST /session/21ce62c4ecbe6d238b640e15c86407e3/element - {"using":"xpath","value":"//li[.//span[contains(text(),'523 -')]]"}
RESULT: {"using":"xpath","value":"//li[.//span[contains(text(),'523 -')]]"}
COMMAND: POST /session/21ce62c4ecbe6d238b640e15c86407e3/elements - {"using":"xpath","value":"//li[.//span[contains(text(),'523 -')]]"}
RESULT: {"using":"xpath","value":"//li[.//span[contains(text(),'523 -')]]"}
COMMAND: POST /session/21ce62c4ecbe6d238b640e15c86407e3/elements - {"using":"xpath","value":"//li[.//span[contains(text(),'523 -')]]"}
RESULT: {"using":"xpath","value":"//li[.//span[contains(text(),'523 -')]]"}
COMMAND: POST /session/21ce62c4ecbe6d238b640e15c86407e3/elements - {"using":"xpath","value":"//li[.//span[contains(text(),'523 -')]]"}
RESULT: {"using":"xpath","value":"//li[.//span[contains(text(),'523 -')]]"}
COMMAND: POST /session/21ce62c4ecbe6d238b640e15c86407e3/elements - {"using":"xpath","value":"//li[.//span[contains(text(),'523 -')]]"}
RESULT: {"using":"xpath","value":"//li[.//span[contains(text(),'523 -')]]"}
COMMAND: POST /session/21ce62c4ecbe6d238b640e15c86407e3/elements - {"using":"xpath","value":"//li[.//span[contains(text(),'523 -')]]"}
RESULT: {"using":"xpath","value":"//li[.//span[contains(text(),'523 -')]]"}
COMMAND: POST /session/21ce62c4ecbe6d238b640e15c86407e3/elements - {"using":"xpath","value":"//li[.//span[contains(text(),'523 -')]]"}
RESULT: {"using":"xpath","value":"//li[.//span[contains(text(),'523 -')]]"}
COMMAND: POST /session/21ce62c4ecbe6d238b640e15c86407e3/elements - {"using":"xpath","value":"//li[.//span[contains(text(),'523 -')]]"}
RESULT: {"using":"xpath","value":"//li[.//span[contains(text(),'523 -')]]"}
COMMAND: POST /session/21ce62c4ecbe6d238b640e15c86407e3/elements - {"using":"xpath","value":"//li[.//span[contains(text(),'523 -')]]"}
RESULT: {"using":"xpath","value":"//li[.//span[contains(text(),'523 -')]]"}
COMMAND: POST /session/21ce62c4ecbe6d238b640e15c86407e3/elements - {"using":"xpath","value":"//li[.//span[contains(text(),'523 -')]]"}
RESULT: {"using":"xpath","value":"//li[.//span[contains(text(),'523 -')]]"}
COMMAND: POST /session/21ce62c4ecbe6d238b640e15c86407e3/elements - {"using":"xpath","value":"//li[.//span[contains(text(),'523 -')]]"}
RESULT: {"using":"xpath","value":"//li[.//span[contains(text(),'523 -')]]"}
COMMAND: POST /session/21ce62c4ecbe6d238b640e15c86407e3/elements - {"using":"xpath","value":"//li[.//span[contains(text(),'523 -')]]"}
RESULT: {"using":"xpath","value":"//li[.//span[contains(text(),'523 -')]]"}
COMMAND: POST /session/21ce62c4ecbe6d238b640e15c86407e3/elements - {"using":"xpath","value":"//li[.//span[contains(text(),'523 -')]]"}
RESULT: {"using":"xpath","value":"//li[.//span[contains(text(),'523 -')]]"}
COMMAND: POST /session/21ce62c4ecbe6d238b640e15c86407e3/elements - {"using":"xpath","value":"//li[.//span[contains(text(),'523 -')]]"}
RESULT: {"using":"xpath","value":"//li[.//span[contains(text(),'523 -')]]"}
COMMAND: POST /session/21ce62c4ecbe6d238b640e15c86407e3/elements - {"using":"xpath","value":"//li[.//span[contains(text(),'523 -')]]"}
RESULT: {"using":"xpath","value":"//li[.//span[contains(text(),'523 -')]]"}
COMMAND: POST /session/21ce62c4ecbe6d238b640e15c86407e3/elements - {"using":"xpath","value":"//li[.//span[contains(text(),'523 -')]]"}
RESULT: {"using":"xpath","value":"//li[.//span[contains(text(),'523 -')]]"}
COMMAND: POST /session/21ce62c4ecbe6d238b640e15c86407e3/elements - {"using":"xpath","value":"//li[.//span[contains(text(),'523 -')]]"}
RESULT: {"using":"xpath","value":"//li[.//span[contains(text(),'523 -')]]"}
COMMAND: POST /session/21ce62c4ecbe6d238b640e15c86407e3/elements - {"using":"xpath","value":"//li[.//span[contains(text(),'523 -')]]"}
RESULT: {"using":"xpath","value":"//li[.//span[contains(text(),'523 -')]]"}
COMMAND: POST /session/21ce62c4ecbe6d238b640e15c86407e3/elements - {"using":"xpath","value":"//li[.//span[contains(text(),'523 -')]]"}
RESULT: {"using":"xpath","value":"//li[.//span[contains(text(),'523 -')]]"}
COMMAND: POST /session/21ce62c4ecbe6d238b640e15c86407e3/elements - {"using":"xpath","value":"//li[.//span[contains(text(),'523 -')]]"}
RESULT: {"using":"xpath","value":"//li[.//span[contains(text(),'523 -')]]"}
COMMAND: POST /session/21ce62c4ecbe6d238b640e15c86407e3/elements - {"using":"xpath","value":"//li[.//span[contains(text(),'523 -')]]"}
RESULT: {"using":"xpath","value":"//li[.//span[contains(text(),'523 -')]]"}
COMMAND: POST /session/21ce62c4ecbe6d238b640e15c86407e3/elements - {"using":"xpath","value":"//li[.//span[contains(text(),'523 -')]]"}
RESULT: {"using":"xpath","value":"//li[.//span[contains(text(),'523 -')]]"}
COMMAND: POST /session/21ce62c4ecbe6d238b640e15c86407e3/elements - {"using":"xpath","value":"//li[.//span[contains(text(),'523 -')]]"}
RESULT: {"using":"xpath","value":"//li[.//span[contains(text(),'523 -')]]"}
COMMAND: POST /session/21ce62c4ecbe6d238b640e15c86407e3/elements - {"using":"xpath","value":"//li[.//span[contains(text(),'523 -')]]"}
RESULT: {"using":"xpath","value":"//li[.//span[contains(text(),'523 -')]]"}
COMMAND: POST /session/21ce62c4ecbe6d238b640e15c86407e3/elements - {"using":"xpath","value":"//li[.//span[contains(text(),'523 -')]]"}
RESULT: {"using":"xpath","value":"//li[.//span[contains(text(),'523 -')]]"}
COMMAND: POST /session/21ce62c4ecbe6d238b640e15c86407e3/elements - {"using":"xpath","value":"//li[.//span[contains(text(),'523 -')]]"}
RESULT: {"using":"xpath","value":"//li[.//span[contains(text(),'523 -')]]"}
COMMAND: POST /session/21ce62c4ecbe6d238b640e15c86407e3/elements - {"using":"xpath","value":"//li[.//span[contains(text(),'523 -')]]"}
RESULT: {"using":"xpath","value":"//li[.//span[contains(text(),'523 -')]]"}
COMMAND: POST /session/21ce62c4ecbe6d238b640e15c86407e3/elements - {"using":"xpath","value":"//li[.//span[contains(text(),'523 -')]]"}
RESULT: {"using":"xpath","value":"//li[.//span[contains(text(),'523 -')]]"}
COMMAND: POST /session/21ce62c4ecbe6d238b640e15c86407e3/elements - {"using":"xpath","value":"//li[.//span[contains(text(),'523 -')]]"}
RESULT: {"using":"xpath","value":"//li[.//span[contains(text(),'523 -')]]"}
COMMAND: POST /session/21ce62c4ecbe6d238b640e15c86407e3/elements - {"using":"xpath","value":"//li[.//span[contains(text(),'523 -')]]"}
RESULT: {"using":"xpath","value":"//li[.//span[contains(text(),'523 -')]]"}
COMMAND: POST /session/21ce62c4ecbe6d238b640e15c86407e3/elements - {"using":"xpath","value":"//li[.//span[contains(text(),'523 -')]]"}
RESULT: {"using":"xpath","value":"//li[.//span[contains(text(),'523 -')]]"}
COMMAND: POST /session/21ce62c4ecbe6d238b640e15c86407e3/elements - {"using":"xpath","value":"//li[.//span[contains(text(),'523 -')]]"}
RESULT: {"using":"xpath","value":"//li[.//span[contains(text(),'523 -')]]"}
COMMAND: POST /session/21ce62c4ecbe6d238b640e15c86407e3/elements - {"using":"xpath","value":"//li[.//span[contains(text(),'523 -')]]"}
RESULT: {"using":"xpath","value":"//li[.//span[contains(text(),'523 -')]]"}
COMMAND: POST /session/21ce62c4ecbe6d238b640e15c86407e3/elements - {"using":"xpath","value":"//li[.//span[contains(text(),'523 -')]]"}
RESULT: {"using":"xpath","value":"//li[.//span[contains(text(),'523 -')]]"}
COMMAND: POST /session/21ce62c4ecbe6d238b640e15c86407e3/elements - {"using":"xpath","value":"//li[.//span[contains(text(),'523 -')]]"}
RESULT: {"using":"xpath","value":"//li[.//span[contains(text(),'523 -')]]"}
COMMAND: POST /session/21ce62c4ecbe6d238b640e15c86407e3/elements - {"using":"xpath","value":"//li[.//span[contains(text(),'523 -')]]"}
RESULT: {"using":"xpath","value":"//li[.//span[contains(text(),'523 -')]]"}
COMMAND: POST /session/21ce62c4ecbe6d238b640e15c86407e3/elements - {"using":"xpath","value":"//li[.//span[contains(text(),'523 -')]]"}
RESULT: {"using":"xpath","value":"//li[.//span[contains(text(),'523 -')]]"}
COMMAND: POST /session/21ce62c4ecbe6d238b640e15c86407e3/elements - {"using":"xpath","value":"//li[.//span[contains(text(),'523 -')]]"}
RESULT: {"using":"xpath","value":"//li[.//span[contains(text(),'523 -')]]"}
COMMAND: POST /session/21ce62c4ecbe6d238b640e15c86407e3/elements - {"using":"xpath","value":"//li[.//span[contains(text(),'523 -')]]"}
RESULT: {"using":"xpath","value":"//li[.//span[contains(text(),'523 -')]]"}
COMMAND: POST /session/21ce62c4ecbe6d238b640e15c86407e3/elements - {"using":"xpath","value":"//li[.//span[contains(text(),'523 -')]]"}
RESULT: {"using":"xpath","value":"//li[.//span[contains(text(),'523 -')]]"}
COMMAND: POST /session/21ce62c4ecbe6d238b640e15c86407e3/elements - {"using":"xpath","value":"//li[.//span[contains(text(),'523 -')]]"}
RESULT: {"using":"xpath","value":"//li[.//span[contains(text(),'523 -')]]"}
COMMAND: POST /session/21ce62c4ecbe6d238b640e15c86407e3/elements - {"using":"xpath","value":"//li[.//span[contains(text(),'523 -')]]"}
RESULT: {"using":"xpath","value":"//li[.//span[contains(text(),'523 -')]]"}
COMMAND: POST /session/21ce62c4ecbe6d238b640e15c86407e3/elements - {"using":"xpath","value":"//li[.//span[contains(text(),'523 -')]]"}
RESULT: {"using":"xpath","value":"//li[.//span[contains(text(),'523 -')]]"}
COMMAND: POST /session/21ce62c4ecbe6d238b640e15c86407e3/elements - {"using":"xpath","value":"//li[.//span[contains(text(),'523 -')]]"}
RESULT: {"using":"xpath","value":"//li[.//span[contains(text(),'523 -')]]"}
COMMAND: POST /session/21ce62c4ecbe6d238b640e15c86407e3/elements - {"using":"xpath","value":"//li[.//span[contains(text(),'523 -')]]"}
RESULT: {"using":"xpath","value":"//li[.//span[contains(text(),'523 -')]]"}
COMMAND: POST /session/21ce62c4ecbe6d238b640e15c86407e3/elements - {"using":"xpath","value":"//li[.//span[contains(text(),'523 -')]]"}
RESULT: {"using":"xpath","value":"//li[.//span[contains(text(),'523 -')]]"}
COMMAND: POST /session/21ce62c4ecbe6d238b640e15c86407e3/elements - {"using":"xpath","value":"//li[.//span[contains(text(),'523 -')]]"}
RESULT: {"using":"xpath","value":"//li[.//span[contains(text(),'523 -')]]"}
COMMAND: POST /session/21ce62c4ecbe6d238b640e15c86407e3/elements - {"using":"xpath","value":"//li[.//span[contains(text(),'523 -')]]"}
RESULT: {"using":"xpath","value":"//li[.//span[contains(text(),'523 -')]]"}
COMMAND: POST /session/21ce62c4ecbe6d238b640e15c86407e3/elements - {"using":"xpath","value":"//li[.//span[contains(text(),'523 -')]]"}
RESULT: {"using":"xpath","value":"//li[.//span[contains(text(),'523 -')]]"}
COMMAND: POST /session/21ce62c4ecbe6d238b640e15c86407e3/elements - {"using":"xpath","value":"//li[.//span[contains(text(),'523 -')]]"}
RESULT: {"using":"xpath","value":"//li[.//span[contains(text(),'523 -')]]"}
COMMAND: POST /session/21ce62c4ecbe6d238b640e15c86407e3/elements - {"using":"xpath","value":"//li[.//span[contains(text(),'523 -')]]"}
RESULT: {"using":"xpath","value":"//li[.//span[contains(text(),'523 -')]]"}
COMMAND: POST /session/21ce62c4ecbe6d238b640e15c86407e3/elements - {"using":"xpath","value":"//li[.//span[contains(text(),'523 -')]]"}
RESULT: {"using":"xpath","value":"//li[.//span[contains(text(),'523 -')]]"}
COMMAND: POST /session/21ce62c4ecbe6d238b640e15c86407e3/elements - {"using":"xpath","value":"//li[.//span[contains(text(),'523 -')]]"}
RESULT: {"using":"xpath","value":"//li[.//span[contains(text(),'523 -')]]"}
COMMAND: POST /session/21ce62c4ecbe6d238b640e15c86407e3/elements - {"using":"xpath","value":"//li[.//span[contains(text(),'523 -')]]"}
RESULT: {"using":"xpath","value":"//li[.//span[contains(text(),'523 -')]]"}
COMMAND: POST /session/21ce62c4ecbe6d238b640e15c86407e3/elements - {"using":"xpath","value":"//li[.//span[contains(text(),'523 -')]]"}
RESULT: {"using":"xpath","value":"//li[.//span[contains(text(),'523 -')]]"}
COMMAND: POST /session/21ce62c4ecbe6d238b640e15c86407e3/elements - {"using":"xpath","value":"//li[.//span[contains(text(),'523 -')]]"}
RESULT: {"using":"xpath","value":"//li[.//span[contains(text(),'523 -')]]"}
COMMAND: POST /session/21ce62c4ecbe6d238b640e15c86407e3/elements - {"using":"xpath","value":"//li[.//span[contains(text(),'523 -')]]"}
RESULT: {"using":"xpath","value":"//li[.//span[contains(text(),'523 -')]]"}
COMMAND: POST /session/21ce62c4ecbe6d238b640e15c86407e3/elements - {"using":"xpath","value":"//li[.//span[contains(text(),'523 -')]]"}
RESULT: {"using":"xpath","value":"//li[.//span[contains(text(),'523 -')]]"}
COMMAND: POST /session/21ce62c4ecbe6d238b640e15c86407e3/elements - {"using":"xpath","value":"//li[.//span[contains(text(),'523 -')]]"}
RESULT: {"using":"xpath","value":"//li[.//span[contains(text(),'523 -')]]"}
COMMAND: POST /session/21ce62c4ecbe6d238b640e15c86407e3/elements - {"using":"xpath","value":"//li[.//span[contains(text(),'523 -')]]"}
RESULT: {"using":"xpath","value":"//li[.//span[contains(text(),'523 -')]]"}
COMMAND: POST /session/21ce62c4ecbe6d238b640e15c86407e3/elements - {"using":"xpath","value":"//li[.//span[contains(text(),'523 -')]]"}
RESULT: {"using":"xpath","value":"//li[.//span[contains(text(),'523 -')]]"}
COMMAND: POST /session/21ce62c4ecbe6d238b640e15c86407e3/elements - {"using":"xpath","value":"//li[.//span[contains(text(),'523 -')]]"}
RESULT: {"using":"xpath","value":"//li[.//span[contains(text(),'523 -')]]"}
COMMAND: POST /session/21ce62c4ecbe6d238b640e15c86407e3/elements - {"using":"xpath","value":"//li[.//span[contains(text(),'523 -')]]"}
RESULT: {"using":"xpath","value":"//li[.//span[contains(text(),'523 -')]]"}
COMMAND: POST /session/21ce62c4ecbe6d238b640e15c86407e3/elements - {"using":"xpath","value":"//li[.//span[contains(text(),'523 -')]]"}
RESULT: {"using":"xpath","value":"//li[.//span[contains(text(),'523 -')]]"}
COMMAND: POST /session/21ce62c4ecbe6d238b640e15c86407e3/elements - {"using":"xpath","value":"//li[.//span[contains(text(),'523 -')]]"}
RESULT: {"using":"xpath","value":"//li[.//span[contains(text(),'523 -')]]"}
COMMAND: POST /session/21ce62c4ecbe6d238b640e15c86407e3/elements - {"using":"xpath","value":"//li[.//span[contains(text(),'523 -')]]"}
RESULT: {"using":"xpath","value":"//li[.//span[contains(text(),'523 -')]]"}
COMMAND: POST /session/21ce62c4ecbe6d238b640e15c86407e3/elements - {"using":"xpath","value":"//li[.//span[contains(text(),'523 -')]]"}
RESULT: {"using":"xpath","value":"//li[.//span[contains(text(),'523 -')]]"}
COMMAND: POST /session/21ce62c4ecbe6d238b640e15c86407e3/elements - {"using":"xpath","value":"//li[.//span[contains(text(),'523 -')]]"}
RESULT: {"using":"xpath","value":"//li[.//span[contains(text(),'523 -')]]"}
COMMAND: POST /session/21ce62c4ecbe6d238b640e15c86407e3/elements - {"using":"xpath","value":"//li[.//span[contains(text(),'523 -')]]"}
RESULT: {"using":"xpath","value":"//li[.//span[contains(text(),'523 -')]]"}
COMMAND: POST /session/21ce62c4ecbe6d238b640e15c86407e3/elements - {"using":"xpath","value":"//li[.//span[contains(text(),'523 -')]]"}
RESULT: {"using":"xpath","value":"//li[.//span[contains(text(),'523 -')]]"}
COMMAND: POST /session/21ce62c4ecbe6d238b640e15c86407e3/elements - {"using":"xpath","value":"//li[.//span[contains(text(),'523 -')]]"}
RESULT: {"using":"xpath","value":"//li[.//span[contains(text(),'523 -')]]"}
COMMAND: POST /session/21ce62c4ecbe6d238b640e15c86407e3/elements - {"using":"xpath","value":"//li[.//span[contains(text(),'523 -')]]"}
RESULT: {"using":"xpath","value":"//li[.//span[contains(text(),'523 -')]]"}
COMMAND: POST /session/21ce62c4ecbe6d238b640e15c86407e3/elements - {"using":"xpath","value":"//li[.//span[contains(text(),'523 -')]]"}
RESULT: {"using":"xpath","value":"//li[.//span[contains(text(),'523 -')]]"}
COMMAND: POST /session/21ce62c4ecbe6d238b640e15c86407e3/elements - {"using":"xpath","value":"//li[.//span[contains(text(),'523 -')]]"}
RESULT: {"using":"xpath","value":"//li[.//span[contains(text(),'523 -')]]"}
COMMAND: POST /session/21ce62c4ecbe6d238b640e15c86407e3/elements - {"using":"xpath","value":"//li[.//span[contains(text(),'523 -')]]"}
RESULT: {"using":"xpath","value":"//li[.//span[contains(text(),'523 -')]]"}
COMMAND: POST /session/21ce62c4ecbe6d238b640e15c86407e3/elements - {"using":"xpath","value":"//li[.//span[contains(text(),'523 -')]]"}
RESULT: {"using":"xpath","value":"//li[.//span[contains(text(),'523 -')]]"}
COMMAND: POST /session/21ce62c4ecbe6d238b640e15c86407e3/elements - {"using":"xpath","value":"//li[.//span[contains(text(),'523 -')]]"}
RESULT: {"using":"xpath","value":"//li[.//span[contains(text(),'523 -')]]"}
COMMAND: POST /session/21ce62c4ecbe6d238b640e15c86407e3/elements - {"using":"xpath","value":"//li[.//span[contains(text(),'523 -')]]"}
RESULT: {"using":"xpath","value":"//li[.//span[contains(text(),'523 -')]]"}
COMMAND: POST /session/21ce62c4ecbe6d238b640e15c86407e3/elements - {"using":"xpath","value":"//li[.//span[contains(text(),'523 -')]]"}
RESULT: {"using":"xpath","value":"//li[.//span[contains(text(),'523 -')]]"}
COMMAND: POST /session/21ce62c4ecbe6d238b640e15c86407e3/elements - {"using":"xpath","value":"//li[.//span[contains(text(),'523 -')]]"}
RESULT: {"using":"xpath","value":"//li[.//span[contains(text(),'523 -')]]"}
COMMAND: POST /session/21ce62c4ecbe6d238b640e15c86407e3/elements - {"using":"xpath","value":"//li[.//span[contains(text(),'523 -')]]"}
RESULT: {"using":"xpath","value":"//li[.//span[contains(text(),'523 -')]]"}
COMMAND: POST /session/21ce62c4ecbe6d238b640e15c86407e3/elements - {"using":"xpath","value":"//li[.//span[contains(text(),'523 -')]]"}
RESULT: {"using":"xpath","value":"//li[.//span[contains(text(),'523 -')]]"}
COMMAND: POST /session/21ce62c4ecbe6d238b640e15c86407e3/elements - {"using":"xpath","value":"//li[.//span[contains(text(),'523 -')]]"}
RESULT: {"using":"xpath","value":"//li[.//span[contains(text(),'523 -')]]"}
COMMAND: POST /session/21ce62c4ecbe6d238b640e15c86407e3/elements - {"using":"xpath","value":"//li[.//span[contains(text(),'523 -')]]"}
RESULT: {"using":"xpath","value":"//li[.//span[contains(text(),'523 -')]]"}
COMMAND: POST /session/21ce62c4ecbe6d238b640e15c86407e3/elements - {"using":"xpath","value":"//li[.//span[contains(text(),'523 -')]]"}
RESULT: {"using":"xpath","value":"//li[.//span[contains(text(),'523 -')]]"}
COMMAND: POST /session/21ce62c4ecbe6d238b640e15c86407e3/elements - {"using":"xpath","value":"//li[.//span[contains(text(),'523 -')]]"}
RESULT: {"using":"xpath","value":"//li[.//span[contains(text(),'523 -')]]"}
COMMAND: POST /session/21ce62c4ecbe6d238b640e15c86407e3/elements - {"using":"xpath","value":"//li[.//span[contains(text(),'523 -')]]"}
RESULT: {"using":"xpath","value":"//li[.//span[contains(text(),'523 -')]]"}
COMMAND: POST /session/21ce62c4ecbe6d238b640e15c86407e3/elements - {"using":"xpath","value":"//li[.//span[contains(text(),'523 -')]]"}
RESULT: {"using":"xpath","value":"//li[.//span[contains(text(),'523 -')]]"}
COMMAND: POST /session/21ce62c4ecbe6d238b640e15c86407e3/elements - {"using":"xpath","value":"//li[.//span[contains(text(),'523 -')]]"}
RESULT: {"using":"xpath","value":"//li[.//span[contains(text(),'523 -')]]"}
COMMAND: POST /session/21ce62c4ecbe6d238b640e15c86407e3/elements - {"using":"xpath","value":"//li[.//span[contains(text(),'523 -')]]"}
RESULT: {"using":"xpath","value":"//li[.//span[contains(text(),'523 -')]]"}
COMMAND: POST /session/21ce62c4ecbe6d238b640e15c86407e3/elements - {"using":"xpath","value":"//li[.//span[contains(text(),'523 -')]]"}
RESULT: {"using":"xpath","value":"//li[.//span[contains(text(),'523 -')]]"}
COMMAND: POST /session/21ce62c4ecbe6d238b640e15c86407e3/elements - {"using":"xpath","value":"//li[.//span[contains(text(),'523 -')]]"}
RESULT: {"using":"xpath","value":"//li[.//span[contains(text(),'523 -')]]"}
COMMAND: POST /session/21ce62c4ecbe6d238b640e15c86407e3/elements - {"using":"xpath","value":"//li[.//span[contains(text(),'523 -')]]"}
RESULT: {"using":"xpath","value":"//li[.//span[contains(text(),'523 -')]]"}
COMMAND: POST /session/21ce62c4ecbe6d238b640e15c86407e3/elements - {"using":"xpath","value":"//li[.//span[contains(text(),'523 -')]]"}
RESULT: {"using":"xpath","value":"//li[.//span[contains(text(),'523 -')]]"}
COMMAND: POST /session/21ce62c4ecbe6d238b640e15c86407e3/elements - {"using":"xpath","value":"//li[.//span[contains(text(),'523 -')]]"}
RESULT: {"using":"xpath","value":"//li[.//span[contains(text(),'523 -')]]"}
COMMAND: POST /session/21ce62c4ecbe6d238b640e15c86407e3/elements - {"using":"xpath","value":"//li[.//span[contains(text(),'523 -')]]"}
RESULT: {"using":"xpath","value":"//li[.//span[contains(text(),'523 -')]]"}
COMMAND: POST /session/21ce62c4ecbe6d238b640e15c86407e3/elements - {"using":"xpath","value":"//li[.//span[contains(text(),'523 -')]]"}
RESULT: {"using":"xpath","value":"//li[.//span[contains(text(),'523 -')]]"}
COMMAND: POST /session/21ce62c4ecbe6d238b640e15c86407e3/elements - {"using":"xpath","value":"//li[.//span[contains(text(),'523 -')]]"}
RESULT: {"using":"xpath","value":"//li[.//span[contains(text(),'523 -')]]"}
COMMAND: POST /session/21ce62c4ecbe6d238b640e15c86407e3/elements - {"using":"xpath","value":"//li[.//span[contains(text(),'523 -')]]"}
RESULT: {"using":"xpath","value":"//li[.//span[contains(text(),'523 -')]]"}
COMMAND: POST /session/21ce62c4ecbe6d238b640e15c86407e3/elements - {"using":"xpath","value":"//li[.//span[contains(text(),'523 -')]]"}
RESULT: {"using":"xpath","value":"//li[.//span[contains(text(),'523 -')]]"}
COMMAND: POST /session/21ce62c4ecbe6d238b640e15c86407e3/elements - {"using":"xpath","value":"//li[.//span[contains(text(),'523 -')]]"}
RESULT: {"using":"xpath","value":"//li[.//span[contains(text(),'523 -')]]"}
COMMAND: POST /session/21ce62c4ecbe6d238b640e15c86407e3/elements - {"using":"xpath","value":"//li[.//span[contains(text(),'523 -')]]"}
RESULT: {"using":"xpath","value":"//li[.//span[contains(text(),'523 -')]]"}
COMMAND: POST /session/21ce62c4ecbe6d238b640e15c86407e3/elements - {"using":"xpath","value":"//li[.//span[contains(text(),'523 -')]]"}
RESULT: {"using":"xpath","value":"//li[.//span[contains(text(),'523 -')]]"}
COMMAND: POST /session/21ce62c4ecbe6d238b640e15c86407e3/elements - {"using":"xpath","value":"//li[.//span[contains(text(),'523 -')]]"}
RESULT: {"using":"xpath","value":"//li[.//span[contains(text(),'523 -')]]"}
COMMAND: POST /session/21ce62c4ecbe6d238b640e15c86407e3/elements - {"using":"xpath","value":"//li[.//span[contains(text(),'523 -')]]"}
RESULT: {"using":"xpath","value":"//li[.//span[contains(text(),'523 -')]]"}
COMMAND: POST /session/21ce62c4ecbe6d238b640e15c86407e3/elements - {"using":"xpath","value":"//li[.//span[contains(text(),'523 -')]]"}
RESULT: {"using":"xpath","value":"//li[.//span[contains(text(),'523 -')]]"}
COMMAND: POST /session/21ce62c4ecbe6d238b640e15c86407e3/elements - {"using":"xpath","value":"//li[.//span[contains(text(),'523 -')]]"}
RESULT: {"using":"xpath","value":"//li[.//span[contains(text(),'523 -')]]"}
COMMAND: POST /session/21ce62c4ecbe6d238b640e15c86407e3/elements - {"using":"xpath","value":"//li[.//span[contains(text(),'523 -')]]"}
RESULT: {"using":"xpath","value":"//li[.//span[contains(text(),'523 -')]]"}
COMMAND: POST /session/21ce62c4ecbe6d238b640e15c86407e3/elements - {"using":"xpath","value":"//li[.//span[contains(text(),'523 -')]]"}
RESULT: {"using":"xpath","value":"//li[.//span[contains(text(),'523 -')]]"}
COMMAND: POST /session/21ce62c4ecbe6d238b640e15c86407e3/elements - {"using":"xpath","value":"//li[.//span[contains(text(),'523 -')]]"}
RESULT: {"using":"xpath","value":"//li[.//span[contains(text(),'523 -')]]"}
COMMAND: POST /session/21ce62c4ecbe6d238b640e15c86407e3/elements - {"using":"xpath","value":"//li[.//span[contains(text(),'523 -')]]"}
RESULT: {"using":"xpath","value":"//li[.//span[contains(text(),'523 -')]]"}
COMMAND: POST /session/21ce62c4ecbe6d238b640e15c86407e3/elements - {"using":"xpath","value":"//li[.//span[contains(text(),'523 -')]]"}
RESULT: {"using":"xpath","value":"//li[.//span[contains(text(),'523 -')]]"}
COMMAND: POST /session/21ce62c4ecbe6d238b640e15c86407e3/elements - {"using":"xpath","value":"//li[.//span[contains(text(),'523 -')]]"}
RESULT: {"using":"xpath","value":"//li[.//span[contains(text(),'523 -')]]"}
COMMAND: POST /session/21ce62c4ecbe6d238b640e15c86407e3/elements - {"using":"xpath","value":"//li[.//span[contains(text(),'523 -')]]"}
RESULT: {"using":"xpath","value":"//li[.//span[contains(text(),'523 -')]]"}
COMMAND: POST /session/21ce62c4ecbe6d238b640e15c86407e3/elements - {"using":"xpath","value":"//li[.//span[contains(text(),'523 -')]]"}
RESULT: {"using":"xpath","value":"//li[.//span[contains(text(),'523 -')]]"}
COMMAND: POST /session/21ce62c4ecbe6d238b640e15c86407e3/elements - {"using":"xpath","value":"//li[.//span[contains(text(),'523 -')]]"}
RESULT: {"using":"xpath","value":"//li[.//span[contains(text(),'523 -')]]"}
COMMAND: POST /session/21ce62c4ecbe6d238b640e15c86407e3/elements - {"using":"xpath","value":"//li[.//span[contains(text(),'523 -')]]"}
RESULT: {"using":"xpath","value":"//li[.//span[contains(text(),'523 -')]]"}
COMMAND: POST /session/21ce62c4ecbe6d238b640e15c86407e3/elements - {"using":"xpath","value":"//li[.//span[contains(text(),'523 -')]]"}
RESULT: {"using":"xpath","value":"//li[.//span[contains(text(),'523 -')]]"}
COMMAND: POST /session/21ce62c4ecbe6d238b640e15c86407e3/elements - {"using":"xpath","value":"//li[.//span[contains(text(),'523 -')]]"}
RESULT: {"using":"xpath","value":"//li[.//span[contains(text(),'523 -')]]"}
COMMAND: POST /session/21ce62c4ecbe6d238b640e15c86407e3/elements - {"using":"xpath","value":"//li[.//span[contains(text(),'523 -')]]"}
RESULT: {"using":"xpath","value":"//li[.//span[contains(text(),'523 -')]]"}
COMMAND: POST /session/21ce62c4ecbe6d238b640e15c86407e3/elements - {"using":"xpath","value":"//li[.//span[contains(text(),'523 -')]]"}
RESULT: {"using":"xpath","value":"//li[.//span[contains(text(),'523 -')]]"}
COMMAND: POST /session/21ce62c4ecbe6d238b640e15c86407e3/elements - {"using":"xpath","value":"//li[.//span[contains(text(),'523 -')]]"}
COMMAND: GET /session/21ce62c4ecbe6d238b640e15c86407e3/screenshot - {}
RESULT: {"using":"xpath","value":"//li[.//span[contains(text(),'523 -')]]"}
RESULT: {}
]]></system-out>
      <system-err><![CDATA[
Error: Can't call click on element with selector "//li[.//span[contains(text(),'523 -')]]" because element wasn't found
    at async UtilsPrerequisites.stockIncrease (D:\a\1\s\test\specs\BTS\prerequisites-and-utils-functions.js:1638:9)
    at async Context.<anonymous> (D:\a\1\s\test\specs\HTR\return-from-site-w-warehouse-management-w-clarification.spec.js:70:9)
]]></system-err>
    </testcase>
    <testcase classname="chrome.136_0_7103_93.windows.Return_from_Site_w/_warehouse_management_w_clarification" name="Should create a new contract" time="60.639">
      <failure/>
      <error message="element (&quot;//button[@data-kt=&quot;addButton&quot;]&quot;) still not existing after 45000ms"/>
      <system-out><![CDATA[
COMMAND: GET /session/21ce62c4ecbe6d238b640e15c86407e3/screenshot - {}
COMMAND: POST /session/21ce62c4ecbe6d238b640e15c86407e3/execute/async - {"script":"<script> [1562 bytes]","args":[{"selector":{"controlType":"sap.m.GenericTile","properties":{"header":"Manage Contracts"}},"wdio_ui5_key":"sapm.GenericTile{\"header\":\"Manage Contracts\"}"}]}
RESULT: {}
RESULT: {"script":"<script> [1562 bytes]","args":[{"selector":{"controlType":"sap.m.GenericTile","properties":{"header":"Manage Contracts"}},"wdio_ui5_key":"sapm.GenericTile{\"header\":\"Manage Contracts\"}"}]}
RESULT: undefined
COMMAND: POST /session/21ce62c4ecbe6d238b640e15c86407e3/elements - {"using":"xpath","value":"//span[text()='Error']"}
RESULT: {"using":"xpath","value":"//span[text()='Error']"}
COMMAND: POST /session/21ce62c4ecbe6d238b640e15c86407e3/element - {"using":"xpath","value":"//button[@data-kt=\"addButton\"]"}
RESULT: {"using":"xpath","value":"//button[@data-kt=\"addButton\"]"}
COMMAND: POST /session/21ce62c4ecbe6d238b640e15c86407e3/elements - {"using":"xpath","value":"//button[@data-kt=\"addButton\"]"}
RESULT: {"using":"xpath","value":"//button[@data-kt=\"addButton\"]"}
COMMAND: POST /session/21ce62c4ecbe6d238b640e15c86407e3/elements - {"using":"xpath","value":"//button[@data-kt=\"addButton\"]"}
RESULT: {"using":"xpath","value":"//button[@data-kt=\"addButton\"]"}
COMMAND: POST /session/21ce62c4ecbe6d238b640e15c86407e3/elements - {"using":"xpath","value":"//button[@data-kt=\"addButton\"]"}
RESULT: {"using":"xpath","value":"//button[@data-kt=\"addButton\"]"}
COMMAND: POST /session/21ce62c4ecbe6d238b640e15c86407e3/elements - {"using":"xpath","value":"//button[@data-kt=\"addButton\"]"}
RESULT: {"using":"xpath","value":"//button[@data-kt=\"addButton\"]"}
COMMAND: POST /session/21ce62c4ecbe6d238b640e15c86407e3/elements - {"using":"xpath","value":"//button[@data-kt=\"addButton\"]"}
RESULT: {"using":"xpath","value":"//button[@data-kt=\"addButton\"]"}
COMMAND: POST /session/21ce62c4ecbe6d238b640e15c86407e3/elements - {"using":"xpath","value":"//button[@data-kt=\"addButton\"]"}
RESULT: {"using":"xpath","value":"//button[@data-kt=\"addButton\"]"}
COMMAND: POST /session/21ce62c4ecbe6d238b640e15c86407e3/elements - {"using":"xpath","value":"//button[@data-kt=\"addButton\"]"}
RESULT: {"using":"xpath","value":"//button[@data-kt=\"addButton\"]"}
COMMAND: POST /session/21ce62c4ecbe6d238b640e15c86407e3/elements - {"using":"xpath","value":"//button[@data-kt=\"addButton\"]"}
RESULT: {"using":"xpath","value":"//button[@data-kt=\"addButton\"]"}
COMMAND: POST /session/21ce62c4ecbe6d238b640e15c86407e3/elements - {"using":"xpath","value":"//button[@data-kt=\"addButton\"]"}
RESULT: {"using":"xpath","value":"//button[@data-kt=\"addButton\"]"}
COMMAND: POST /session/21ce62c4ecbe6d238b640e15c86407e3/elements - {"using":"xpath","value":"//button[@data-kt=\"addButton\"]"}
RESULT: {"using":"xpath","value":"//button[@data-kt=\"addButton\"]"}
COMMAND: POST /session/21ce62c4ecbe6d238b640e15c86407e3/elements - {"using":"xpath","value":"//button[@data-kt=\"addButton\"]"}
RESULT: {"using":"xpath","value":"//button[@data-kt=\"addButton\"]"}
COMMAND: POST /session/21ce62c4ecbe6d238b640e15c86407e3/elements - {"using":"xpath","value":"//button[@data-kt=\"addButton\"]"}
RESULT: {"using":"xpath","value":"//button[@data-kt=\"addButton\"]"}
COMMAND: POST /session/21ce62c4ecbe6d238b640e15c86407e3/elements - {"using":"xpath","value":"//button[@data-kt=\"addButton\"]"}
RESULT: {"using":"xpath","value":"//button[@data-kt=\"addButton\"]"}
COMMAND: POST /session/21ce62c4ecbe6d238b640e15c86407e3/elements - {"using":"xpath","value":"//button[@data-kt=\"addButton\"]"}
RESULT: {"using":"xpath","value":"//button[@data-kt=\"addButton\"]"}
COMMAND: POST /session/21ce62c4ecbe6d238b640e15c86407e3/elements - {"using":"xpath","value":"//button[@data-kt=\"addButton\"]"}
RESULT: {"using":"xpath","value":"//button[@data-kt=\"addButton\"]"}
COMMAND: POST /session/21ce62c4ecbe6d238b640e15c86407e3/elements - {"using":"xpath","value":"//button[@data-kt=\"addButton\"]"}
RESULT: {"using":"xpath","value":"//button[@data-kt=\"addButton\"]"}
COMMAND: POST /session/21ce62c4ecbe6d238b640e15c86407e3/elements - {"using":"xpath","value":"//button[@data-kt=\"addButton\"]"}
RESULT: {"using":"xpath","value":"//button[@data-kt=\"addButton\"]"}
COMMAND: POST /session/21ce62c4ecbe6d238b640e15c86407e3/elements - {"using":"xpath","value":"//button[@data-kt=\"addButton\"]"}
RESULT: {"using":"xpath","value":"//button[@data-kt=\"addButton\"]"}
COMMAND: POST /session/21ce62c4ecbe6d238b640e15c86407e3/elements - {"using":"xpath","value":"//button[@data-kt=\"addButton\"]"}
RESULT: {"using":"xpath","value":"//button[@data-kt=\"addButton\"]"}
COMMAND: POST /session/21ce62c4ecbe6d238b640e15c86407e3/elements - {"using":"xpath","value":"//button[@data-kt=\"addButton\"]"}
RESULT: {"using":"xpath","value":"//button[@data-kt=\"addButton\"]"}
COMMAND: POST /session/21ce62c4ecbe6d238b640e15c86407e3/elements - {"using":"xpath","value":"//button[@data-kt=\"addButton\"]"}
RESULT: {"using":"xpath","value":"//button[@data-kt=\"addButton\"]"}
COMMAND: POST /session/21ce62c4ecbe6d238b640e15c86407e3/elements - {"using":"xpath","value":"//button[@data-kt=\"addButton\"]"}
RESULT: {"using":"xpath","value":"//button[@data-kt=\"addButton\"]"}
COMMAND: POST /session/21ce62c4ecbe6d238b640e15c86407e3/elements - {"using":"xpath","value":"//button[@data-kt=\"addButton\"]"}
RESULT: {"using":"xpath","value":"//button[@data-kt=\"addButton\"]"}
COMMAND: POST /session/21ce62c4ecbe6d238b640e15c86407e3/elements - {"using":"xpath","value":"//button[@data-kt=\"addButton\"]"}
RESULT: {"using":"xpath","value":"//button[@data-kt=\"addButton\"]"}
COMMAND: POST /session/21ce62c4ecbe6d238b640e15c86407e3/elements - {"using":"xpath","value":"//button[@data-kt=\"addButton\"]"}
RESULT: {"using":"xpath","value":"//button[@data-kt=\"addButton\"]"}
COMMAND: POST /session/21ce62c4ecbe6d238b640e15c86407e3/elements - {"using":"xpath","value":"//button[@data-kt=\"addButton\"]"}
RESULT: {"using":"xpath","value":"//button[@data-kt=\"addButton\"]"}
COMMAND: POST /session/21ce62c4ecbe6d238b640e15c86407e3/elements - {"using":"xpath","value":"//button[@data-kt=\"addButton\"]"}
RESULT: {"using":"xpath","value":"//button[@data-kt=\"addButton\"]"}
COMMAND: POST /session/21ce62c4ecbe6d238b640e15c86407e3/elements - {"using":"xpath","value":"//button[@data-kt=\"addButton\"]"}
RESULT: {"using":"xpath","value":"//button[@data-kt=\"addButton\"]"}
COMMAND: POST /session/21ce62c4ecbe6d238b640e15c86407e3/elements - {"using":"xpath","value":"//button[@data-kt=\"addButton\"]"}
RESULT: {"using":"xpath","value":"//button[@data-kt=\"addButton\"]"}
COMMAND: POST /session/21ce62c4ecbe6d238b640e15c86407e3/elements - {"using":"xpath","value":"//button[@data-kt=\"addButton\"]"}
RESULT: {"using":"xpath","value":"//button[@data-kt=\"addButton\"]"}
COMMAND: POST /session/21ce62c4ecbe6d238b640e15c86407e3/elements - {"using":"xpath","value":"//button[@data-kt=\"addButton\"]"}
RESULT: {"using":"xpath","value":"//button[@data-kt=\"addButton\"]"}
COMMAND: POST /session/21ce62c4ecbe6d238b640e15c86407e3/elements - {"using":"xpath","value":"//button[@data-kt=\"addButton\"]"}
RESULT: {"using":"xpath","value":"//button[@data-kt=\"addButton\"]"}
COMMAND: POST /session/21ce62c4ecbe6d238b640e15c86407e3/elements - {"using":"xpath","value":"//button[@data-kt=\"addButton\"]"}
RESULT: {"using":"xpath","value":"//button[@data-kt=\"addButton\"]"}
COMMAND: POST /session/21ce62c4ecbe6d238b640e15c86407e3/elements - {"using":"xpath","value":"//button[@data-kt=\"addButton\"]"}
RESULT: {"using":"xpath","value":"//button[@data-kt=\"addButton\"]"}
COMMAND: POST /session/21ce62c4ecbe6d238b640e15c86407e3/elements - {"using":"xpath","value":"//button[@data-kt=\"addButton\"]"}
RESULT: {"using":"xpath","value":"//button[@data-kt=\"addButton\"]"}
COMMAND: POST /session/21ce62c4ecbe6d238b640e15c86407e3/elements - {"using":"xpath","value":"//button[@data-kt=\"addButton\"]"}
RESULT: {"using":"xpath","value":"//button[@data-kt=\"addButton\"]"}
COMMAND: POST /session/21ce62c4ecbe6d238b640e15c86407e3/elements - {"using":"xpath","value":"//button[@data-kt=\"addButton\"]"}
RESULT: {"using":"xpath","value":"//button[@data-kt=\"addButton\"]"}
COMMAND: POST /session/21ce62c4ecbe6d238b640e15c86407e3/elements - {"using":"xpath","value":"//button[@data-kt=\"addButton\"]"}
RESULT: {"using":"xpath","value":"//button[@data-kt=\"addButton\"]"}
COMMAND: POST /session/21ce62c4ecbe6d238b640e15c86407e3/elements - {"using":"xpath","value":"//button[@data-kt=\"addButton\"]"}
RESULT: {"using":"xpath","value":"//button[@data-kt=\"addButton\"]"}
COMMAND: POST /session/21ce62c4ecbe6d238b640e15c86407e3/elements - {"using":"xpath","value":"//button[@data-kt=\"addButton\"]"}
RESULT: {"using":"xpath","value":"//button[@data-kt=\"addButton\"]"}
COMMAND: POST /session/21ce62c4ecbe6d238b640e15c86407e3/elements - {"using":"xpath","value":"//button[@data-kt=\"addButton\"]"}
RESULT: {"using":"xpath","value":"//button[@data-kt=\"addButton\"]"}
COMMAND: POST /session/21ce62c4ecbe6d238b640e15c86407e3/elements - {"using":"xpath","value":"//button[@data-kt=\"addButton\"]"}
RESULT: {"using":"xpath","value":"//button[@data-kt=\"addButton\"]"}
COMMAND: POST /session/21ce62c4ecbe6d238b640e15c86407e3/elements - {"using":"xpath","value":"//button[@data-kt=\"addButton\"]"}
RESULT: {"using":"xpath","value":"//button[@data-kt=\"addButton\"]"}
COMMAND: POST /session/21ce62c4ecbe6d238b640e15c86407e3/elements - {"using":"xpath","value":"//button[@data-kt=\"addButton\"]"}
RESULT: {"using":"xpath","value":"//button[@data-kt=\"addButton\"]"}
COMMAND: POST /session/21ce62c4ecbe6d238b640e15c86407e3/elements - {"using":"xpath","value":"//button[@data-kt=\"addButton\"]"}
RESULT: {"using":"xpath","value":"//button[@data-kt=\"addButton\"]"}
COMMAND: POST /session/21ce62c4ecbe6d238b640e15c86407e3/elements - {"using":"xpath","value":"//button[@data-kt=\"addButton\"]"}
RESULT: {"using":"xpath","value":"//button[@data-kt=\"addButton\"]"}
COMMAND: POST /session/21ce62c4ecbe6d238b640e15c86407e3/elements - {"using":"xpath","value":"//button[@data-kt=\"addButton\"]"}
RESULT: {"using":"xpath","value":"//button[@data-kt=\"addButton\"]"}
COMMAND: POST /session/21ce62c4ecbe6d238b640e15c86407e3/elements - {"using":"xpath","value":"//button[@data-kt=\"addButton\"]"}
RESULT: {"using":"xpath","value":"//button[@data-kt=\"addButton\"]"}
COMMAND: POST /session/21ce62c4ecbe6d238b640e15c86407e3/elements - {"using":"xpath","value":"//button[@data-kt=\"addButton\"]"}
RESULT: {"using":"xpath","value":"//button[@data-kt=\"addButton\"]"}
COMMAND: POST /session/21ce62c4ecbe6d238b640e15c86407e3/elements - {"using":"xpath","value":"//button[@data-kt=\"addButton\"]"}
RESULT: {"using":"xpath","value":"//button[@data-kt=\"addButton\"]"}
COMMAND: POST /session/21ce62c4ecbe6d238b640e15c86407e3/elements - {"using":"xpath","value":"//button[@data-kt=\"addButton\"]"}
RESULT: {"using":"xpath","value":"//button[@data-kt=\"addButton\"]"}
COMMAND: POST /session/21ce62c4ecbe6d238b640e15c86407e3/elements - {"using":"xpath","value":"//button[@data-kt=\"addButton\"]"}
RESULT: {"using":"xpath","value":"//button[@data-kt=\"addButton\"]"}
COMMAND: POST /session/21ce62c4ecbe6d238b640e15c86407e3/elements - {"using":"xpath","value":"//button[@data-kt=\"addButton\"]"}
RESULT: {"using":"xpath","value":"//button[@data-kt=\"addButton\"]"}
COMMAND: POST /session/21ce62c4ecbe6d238b640e15c86407e3/elements - {"using":"xpath","value":"//button[@data-kt=\"addButton\"]"}
RESULT: {"using":"xpath","value":"//button[@data-kt=\"addButton\"]"}
COMMAND: POST /session/21ce62c4ecbe6d238b640e15c86407e3/elements - {"using":"xpath","value":"//button[@data-kt=\"addButton\"]"}
RESULT: {"using":"xpath","value":"//button[@data-kt=\"addButton\"]"}
COMMAND: POST /session/21ce62c4ecbe6d238b640e15c86407e3/elements - {"using":"xpath","value":"//button[@data-kt=\"addButton\"]"}
RESULT: {"using":"xpath","value":"//button[@data-kt=\"addButton\"]"}
COMMAND: POST /session/21ce62c4ecbe6d238b640e15c86407e3/elements - {"using":"xpath","value":"//button[@data-kt=\"addButton\"]"}
RESULT: {"using":"xpath","value":"//button[@data-kt=\"addButton\"]"}
COMMAND: POST /session/21ce62c4ecbe6d238b640e15c86407e3/elements - {"using":"xpath","value":"//button[@data-kt=\"addButton\"]"}
RESULT: {"using":"xpath","value":"//button[@data-kt=\"addButton\"]"}
COMMAND: POST /session/21ce62c4ecbe6d238b640e15c86407e3/elements - {"using":"xpath","value":"//button[@data-kt=\"addButton\"]"}
RESULT: {"using":"xpath","value":"//button[@data-kt=\"addButton\"]"}
COMMAND: POST /session/21ce62c4ecbe6d238b640e15c86407e3/elements - {"using":"xpath","value":"//button[@data-kt=\"addButton\"]"}
RESULT: {"using":"xpath","value":"//button[@data-kt=\"addButton\"]"}
COMMAND: POST /session/21ce62c4ecbe6d238b640e15c86407e3/elements - {"using":"xpath","value":"//button[@data-kt=\"addButton\"]"}
RESULT: {"using":"xpath","value":"//button[@data-kt=\"addButton\"]"}
COMMAND: POST /session/21ce62c4ecbe6d238b640e15c86407e3/elements - {"using":"xpath","value":"//button[@data-kt=\"addButton\"]"}
RESULT: {"using":"xpath","value":"//button[@data-kt=\"addButton\"]"}
COMMAND: POST /session/21ce62c4ecbe6d238b640e15c86407e3/elements - {"using":"xpath","value":"//button[@data-kt=\"addButton\"]"}
RESULT: {"using":"xpath","value":"//button[@data-kt=\"addButton\"]"}
COMMAND: POST /session/21ce62c4ecbe6d238b640e15c86407e3/elements - {"using":"xpath","value":"//button[@data-kt=\"addButton\"]"}
RESULT: {"using":"xpath","value":"//button[@data-kt=\"addButton\"]"}
COMMAND: POST /session/21ce62c4ecbe6d238b640e15c86407e3/elements - {"using":"xpath","value":"//button[@data-kt=\"addButton\"]"}
RESULT: {"using":"xpath","value":"//button[@data-kt=\"addButton\"]"}
COMMAND: POST /session/21ce62c4ecbe6d238b640e15c86407e3/elements - {"using":"xpath","value":"//button[@data-kt=\"addButton\"]"}
RESULT: {"using":"xpath","value":"//button[@data-kt=\"addButton\"]"}
COMMAND: POST /session/21ce62c4ecbe6d238b640e15c86407e3/elements - {"using":"xpath","value":"//button[@data-kt=\"addButton\"]"}
RESULT: {"using":"xpath","value":"//button[@data-kt=\"addButton\"]"}
COMMAND: POST /session/21ce62c4ecbe6d238b640e15c86407e3/elements - {"using":"xpath","value":"//button[@data-kt=\"addButton\"]"}
RESULT: {"using":"xpath","value":"//button[@data-kt=\"addButton\"]"}
COMMAND: POST /session/21ce62c4ecbe6d238b640e15c86407e3/elements - {"using":"xpath","value":"//button[@data-kt=\"addButton\"]"}
RESULT: {"using":"xpath","value":"//button[@data-kt=\"addButton\"]"}
COMMAND: POST /session/21ce62c4ecbe6d238b640e15c86407e3/elements - {"using":"xpath","value":"//button[@data-kt=\"addButton\"]"}
RESULT: {"using":"xpath","value":"//button[@data-kt=\"addButton\"]"}
COMMAND: POST /session/21ce62c4ecbe6d238b640e15c86407e3/elements - {"using":"xpath","value":"//button[@data-kt=\"addButton\"]"}
RESULT: {"using":"xpath","value":"//button[@data-kt=\"addButton\"]"}
COMMAND: POST /session/21ce62c4ecbe6d238b640e15c86407e3/elements - {"using":"xpath","value":"//button[@data-kt=\"addButton\"]"}
RESULT: {"using":"xpath","value":"//button[@data-kt=\"addButton\"]"}
COMMAND: POST /session/21ce62c4ecbe6d238b640e15c86407e3/elements - {"using":"xpath","value":"//button[@data-kt=\"addButton\"]"}
RESULT: {"using":"xpath","value":"//button[@data-kt=\"addButton\"]"}
COMMAND: POST /session/21ce62c4ecbe6d238b640e15c86407e3/elements - {"using":"xpath","value":"//button[@data-kt=\"addButton\"]"}
RESULT: {"using":"xpath","value":"//button[@data-kt=\"addButton\"]"}
COMMAND: POST /session/21ce62c4ecbe6d238b640e15c86407e3/elements - {"using":"xpath","value":"//button[@data-kt=\"addButton\"]"}
RESULT: {"using":"xpath","value":"//button[@data-kt=\"addButton\"]"}
COMMAND: POST /session/21ce62c4ecbe6d238b640e15c86407e3/elements - {"using":"xpath","value":"//button[@data-kt=\"addButton\"]"}
RESULT: {"using":"xpath","value":"//button[@data-kt=\"addButton\"]"}
COMMAND: POST /session/21ce62c4ecbe6d238b640e15c86407e3/elements - {"using":"xpath","value":"//button[@data-kt=\"addButton\"]"}
RESULT: {"using":"xpath","value":"//button[@data-kt=\"addButton\"]"}
COMMAND: POST /session/21ce62c4ecbe6d238b640e15c86407e3/elements - {"using":"xpath","value":"//button[@data-kt=\"addButton\"]"}
RESULT: {"using":"xpath","value":"//button[@data-kt=\"addButton\"]"}
COMMAND: POST /session/21ce62c4ecbe6d238b640e15c86407e3/elements - {"using":"xpath","value":"//button[@data-kt=\"addButton\"]"}
RESULT: {"using":"xpath","value":"//button[@data-kt=\"addButton\"]"}
COMMAND: POST /session/21ce62c4ecbe6d238b640e15c86407e3/elements - {"using":"xpath","value":"//button[@data-kt=\"addButton\"]"}
RESULT: {"using":"xpath","value":"//button[@data-kt=\"addButton\"]"}
COMMAND: POST /session/21ce62c4ecbe6d238b640e15c86407e3/elements - {"using":"xpath","value":"//button[@data-kt=\"addButton\"]"}
RESULT: {"using":"xpath","value":"//button[@data-kt=\"addButton\"]"}
COMMAND: POST /session/21ce62c4ecbe6d238b640e15c86407e3/elements - {"using":"xpath","value":"//button[@data-kt=\"addButton\"]"}
RESULT: {"using":"xpath","value":"//button[@data-kt=\"addButton\"]"}
COMMAND: POST /session/21ce62c4ecbe6d238b640e15c86407e3/elements - {"using":"xpath","value":"//button[@data-kt=\"addButton\"]"}
RESULT: {"using":"xpath","value":"//button[@data-kt=\"addButton\"]"}
COMMAND: POST /session/21ce62c4ecbe6d238b640e15c86407e3/elements - {"using":"xpath","value":"//button[@data-kt=\"addButton\"]"}
RESULT: {"using":"xpath","value":"//button[@data-kt=\"addButton\"]"}
COMMAND: POST /session/21ce62c4ecbe6d238b640e15c86407e3/elements - {"using":"xpath","value":"//button[@data-kt=\"addButton\"]"}
RESULT: {"using":"xpath","value":"//button[@data-kt=\"addButton\"]"}
COMMAND: POST /session/21ce62c4ecbe6d238b640e15c86407e3/elements - {"using":"xpath","value":"//button[@data-kt=\"addButton\"]"}
RESULT: {"using":"xpath","value":"//button[@data-kt=\"addButton\"]"}
COMMAND: POST /session/21ce62c4ecbe6d238b640e15c86407e3/elements - {"using":"xpath","value":"//button[@data-kt=\"addButton\"]"}
RESULT: {"using":"xpath","value":"//button[@data-kt=\"addButton\"]"}
COMMAND: POST /session/21ce62c4ecbe6d238b640e15c86407e3/elements - {"using":"xpath","value":"//button[@data-kt=\"addButton\"]"}
RESULT: {"using":"xpath","value":"//button[@data-kt=\"addButton\"]"}
COMMAND: POST /session/21ce62c4ecbe6d238b640e15c86407e3/elements - {"using":"xpath","value":"//button[@data-kt=\"addButton\"]"}
RESULT: {"using":"xpath","value":"//button[@data-kt=\"addButton\"]"}
COMMAND: POST /session/21ce62c4ecbe6d238b640e15c86407e3/elements - {"using":"xpath","value":"//button[@data-kt=\"addButton\"]"}
RESULT: {"using":"xpath","value":"//button[@data-kt=\"addButton\"]"}
COMMAND: POST /session/21ce62c4ecbe6d238b640e15c86407e3/elements - {"using":"xpath","value":"//button[@data-kt=\"addButton\"]"}
COMMAND: GET /session/21ce62c4ecbe6d238b640e15c86407e3/screenshot - {}
RESULT: {"using":"xpath","value":"//button[@data-kt=\"addButton\"]"}
RESULT: {}
]]></system-out>
      <system-err><![CDATA[
Error: element ("//button[@data-kt="addButton"]") still not existing after 45000ms
    at async UtilsPrerequisites.contractCreation (D:\a\1\s\test\specs\BTS\prerequisites-and-utils-functions.js:1741:9)
    at async Context.<anonymous> (D:\a\1\s\test\specs\HTR\return-from-site-w-warehouse-management-w-clarification.spec.js:74:49)
]]></system-err>
    </testcase>
    <testcase classname="chrome.136_0_7103_93.windows.Return_from_Site_w/_warehouse_management_w_clarification" name="Should add equipment to the contract" time="60.895">
      <failure/>
      <error message="Can't call click on element with selector &quot;//button[@data-kt=&quot;contractDetailEditBtnButton&quot;]&quot; because element wasn't found"/>
      <system-out><![CDATA[
COMMAND: POST /session/21ce62c4ecbe6d238b640e15c86407e3/element - {"using":"xpath","value":"//button[@data-kt=\"contractDetailEditBtnButton\"]"}
COMMAND: GET /session/21ce62c4ecbe6d238b640e15c86407e3/screenshot - {}
RESULT: {"using":"xpath","value":"//button[@data-kt=\"contractDetailEditBtnButton\"]"}
COMMAND: POST /session/21ce62c4ecbe6d238b640e15c86407e3/elements - {"using":"xpath","value":"//button[@data-kt=\"contractDetailEditBtnButton\"]"}
RESULT: {}
RESULT: {"using":"xpath","value":"//button[@data-kt=\"contractDetailEditBtnButton\"]"}
COMMAND: POST /session/21ce62c4ecbe6d238b640e15c86407e3/elements - {"using":"xpath","value":"//button[@data-kt=\"contractDetailEditBtnButton\"]"}
RESULT: {"using":"xpath","value":"//button[@data-kt=\"contractDetailEditBtnButton\"]"}
COMMAND: POST /session/21ce62c4ecbe6d238b640e15c86407e3/elements - {"using":"xpath","value":"//button[@data-kt=\"contractDetailEditBtnButton\"]"}
RESULT: {"using":"xpath","value":"//button[@data-kt=\"contractDetailEditBtnButton\"]"}
COMMAND: POST /session/21ce62c4ecbe6d238b640e15c86407e3/elements - {"using":"xpath","value":"//button[@data-kt=\"contractDetailEditBtnButton\"]"}
RESULT: {"using":"xpath","value":"//button[@data-kt=\"contractDetailEditBtnButton\"]"}
COMMAND: POST /session/21ce62c4ecbe6d238b640e15c86407e3/elements - {"using":"xpath","value":"//button[@data-kt=\"contractDetailEditBtnButton\"]"}
RESULT: {"using":"xpath","value":"//button[@data-kt=\"contractDetailEditBtnButton\"]"}
COMMAND: POST /session/21ce62c4ecbe6d238b640e15c86407e3/elements - {"using":"xpath","value":"//button[@data-kt=\"contractDetailEditBtnButton\"]"}
RESULT: {"using":"xpath","value":"//button[@data-kt=\"contractDetailEditBtnButton\"]"}
COMMAND: POST /session/21ce62c4ecbe6d238b640e15c86407e3/elements - {"using":"xpath","value":"//button[@data-kt=\"contractDetailEditBtnButton\"]"}
RESULT: {"using":"xpath","value":"//button[@data-kt=\"contractDetailEditBtnButton\"]"}
COMMAND: POST /session/21ce62c4ecbe6d238b640e15c86407e3/elements - {"using":"xpath","value":"//button[@data-kt=\"contractDetailEditBtnButton\"]"}
RESULT: {"using":"xpath","value":"//button[@data-kt=\"contractDetailEditBtnButton\"]"}
COMMAND: POST /session/21ce62c4ecbe6d238b640e15c86407e3/elements - {"using":"xpath","value":"//button[@data-kt=\"contractDetailEditBtnButton\"]"}
RESULT: {"using":"xpath","value":"//button[@data-kt=\"contractDetailEditBtnButton\"]"}
COMMAND: POST /session/21ce62c4ecbe6d238b640e15c86407e3/elements - {"using":"xpath","value":"//button[@data-kt=\"contractDetailEditBtnButton\"]"}
RESULT: {"using":"xpath","value":"//button[@data-kt=\"contractDetailEditBtnButton\"]"}
COMMAND: POST /session/21ce62c4ecbe6d238b640e15c86407e3/elements - {"using":"xpath","value":"//button[@data-kt=\"contractDetailEditBtnButton\"]"}
RESULT: {"using":"xpath","value":"//button[@data-kt=\"contractDetailEditBtnButton\"]"}
COMMAND: POST /session/21ce62c4ecbe6d238b640e15c86407e3/elements - {"using":"xpath","value":"//button[@data-kt=\"contractDetailEditBtnButton\"]"}
RESULT: {"using":"xpath","value":"//button[@data-kt=\"contractDetailEditBtnButton\"]"}
COMMAND: POST /session/21ce62c4ecbe6d238b640e15c86407e3/elements - {"using":"xpath","value":"//button[@data-kt=\"contractDetailEditBtnButton\"]"}
RESULT: {"using":"xpath","value":"//button[@data-kt=\"contractDetailEditBtnButton\"]"}
COMMAND: POST /session/21ce62c4ecbe6d238b640e15c86407e3/elements - {"using":"xpath","value":"//button[@data-kt=\"contractDetailEditBtnButton\"]"}
RESULT: {"using":"xpath","value":"//button[@data-kt=\"contractDetailEditBtnButton\"]"}
COMMAND: POST /session/21ce62c4ecbe6d238b640e15c86407e3/elements - {"using":"xpath","value":"//button[@data-kt=\"contractDetailEditBtnButton\"]"}
RESULT: {"using":"xpath","value":"//button[@data-kt=\"contractDetailEditBtnButton\"]"}
COMMAND: POST /session/21ce62c4ecbe6d238b640e15c86407e3/elements - {"using":"xpath","value":"//button[@data-kt=\"contractDetailEditBtnButton\"]"}
RESULT: {"using":"xpath","value":"//button[@data-kt=\"contractDetailEditBtnButton\"]"}
COMMAND: POST /session/21ce62c4ecbe6d238b640e15c86407e3/elements - {"using":"xpath","value":"//button[@data-kt=\"contractDetailEditBtnButton\"]"}
RESULT: {"using":"xpath","value":"//button[@data-kt=\"contractDetailEditBtnButton\"]"}
COMMAND: POST /session/21ce62c4ecbe6d238b640e15c86407e3/elements - {"using":"xpath","value":"//button[@data-kt=\"contractDetailEditBtnButton\"]"}
RESULT: {"using":"xpath","value":"//button[@data-kt=\"contractDetailEditBtnButton\"]"}
COMMAND: POST /session/21ce62c4ecbe6d238b640e15c86407e3/elements - {"using":"xpath","value":"//button[@data-kt=\"contractDetailEditBtnButton\"]"}
RESULT: {"using":"xpath","value":"//button[@data-kt=\"contractDetailEditBtnButton\"]"}
COMMAND: POST /session/21ce62c4ecbe6d238b640e15c86407e3/elements - {"using":"xpath","value":"//button[@data-kt=\"contractDetailEditBtnButton\"]"}
RESULT: {"using":"xpath","value":"//button[@data-kt=\"contractDetailEditBtnButton\"]"}
COMMAND: POST /session/21ce62c4ecbe6d238b640e15c86407e3/elements - {"using":"xpath","value":"//button[@data-kt=\"contractDetailEditBtnButton\"]"}
RESULT: {"using":"xpath","value":"//button[@data-kt=\"contractDetailEditBtnButton\"]"}
COMMAND: POST /session/21ce62c4ecbe6d238b640e15c86407e3/elements - {"using":"xpath","value":"//button[@data-kt=\"contractDetailEditBtnButton\"]"}
RESULT: {"using":"xpath","value":"//button[@data-kt=\"contractDetailEditBtnButton\"]"}
COMMAND: POST /session/21ce62c4ecbe6d238b640e15c86407e3/elements - {"using":"xpath","value":"//button[@data-kt=\"contractDetailEditBtnButton\"]"}
RESULT: {"using":"xpath","value":"//button[@data-kt=\"contractDetailEditBtnButton\"]"}
COMMAND: POST /session/21ce62c4ecbe6d238b640e15c86407e3/elements - {"using":"xpath","value":"//button[@data-kt=\"contractDetailEditBtnButton\"]"}
RESULT: {"using":"xpath","value":"//button[@data-kt=\"contractDetailEditBtnButton\"]"}
COMMAND: POST /session/21ce62c4ecbe6d238b640e15c86407e3/elements - {"using":"xpath","value":"//button[@data-kt=\"contractDetailEditBtnButton\"]"}
RESULT: {"using":"xpath","value":"//button[@data-kt=\"contractDetailEditBtnButton\"]"}
COMMAND: POST /session/21ce62c4ecbe6d238b640e15c86407e3/elements - {"using":"xpath","value":"//button[@data-kt=\"contractDetailEditBtnButton\"]"}
RESULT: {"using":"xpath","value":"//button[@data-kt=\"contractDetailEditBtnButton\"]"}
COMMAND: POST /session/21ce62c4ecbe6d238b640e15c86407e3/elements - {"using":"xpath","value":"//button[@data-kt=\"contractDetailEditBtnButton\"]"}
RESULT: {"using":"xpath","value":"//button[@data-kt=\"contractDetailEditBtnButton\"]"}
COMMAND: POST /session/21ce62c4ecbe6d238b640e15c86407e3/elements - {"using":"xpath","value":"//button[@data-kt=\"contractDetailEditBtnButton\"]"}
RESULT: {"using":"xpath","value":"//button[@data-kt=\"contractDetailEditBtnButton\"]"}
COMMAND: POST /session/21ce62c4ecbe6d238b640e15c86407e3/elements - {"using":"xpath","value":"//button[@data-kt=\"contractDetailEditBtnButton\"]"}
RESULT: {"using":"xpath","value":"//button[@data-kt=\"contractDetailEditBtnButton\"]"}
COMMAND: POST /session/21ce62c4ecbe6d238b640e15c86407e3/elements - {"using":"xpath","value":"//button[@data-kt=\"contractDetailEditBtnButton\"]"}
RESULT: {"using":"xpath","value":"//button[@data-kt=\"contractDetailEditBtnButton\"]"}
COMMAND: POST /session/21ce62c4ecbe6d238b640e15c86407e3/elements - {"using":"xpath","value":"//button[@data-kt=\"contractDetailEditBtnButton\"]"}
RESULT: {"using":"xpath","value":"//button[@data-kt=\"contractDetailEditBtnButton\"]"}
COMMAND: POST /session/21ce62c4ecbe6d238b640e15c86407e3/elements - {"using":"xpath","value":"//button[@data-kt=\"contractDetailEditBtnButton\"]"}
RESULT: {"using":"xpath","value":"//button[@data-kt=\"contractDetailEditBtnButton\"]"}
COMMAND: POST /session/21ce62c4ecbe6d238b640e15c86407e3/elements - {"using":"xpath","value":"//button[@data-kt=\"contractDetailEditBtnButton\"]"}
RESULT: {"using":"xpath","value":"//button[@data-kt=\"contractDetailEditBtnButton\"]"}
COMMAND: POST /session/21ce62c4ecbe6d238b640e15c86407e3/elements - {"using":"xpath","value":"//button[@data-kt=\"contractDetailEditBtnButton\"]"}
RESULT: {"using":"xpath","value":"//button[@data-kt=\"contractDetailEditBtnButton\"]"}
COMMAND: POST /session/21ce62c4ecbe6d238b640e15c86407e3/elements - {"using":"xpath","value":"//button[@data-kt=\"contractDetailEditBtnButton\"]"}
RESULT: {"using":"xpath","value":"//button[@data-kt=\"contractDetailEditBtnButton\"]"}
COMMAND: POST /session/21ce62c4ecbe6d238b640e15c86407e3/elements - {"using":"xpath","value":"//button[@data-kt=\"contractDetailEditBtnButton\"]"}
RESULT: {"using":"xpath","value":"//button[@data-kt=\"contractDetailEditBtnButton\"]"}
COMMAND: POST /session/21ce62c4ecbe6d238b640e15c86407e3/elements - {"using":"xpath","value":"//button[@data-kt=\"contractDetailEditBtnButton\"]"}
RESULT: {"using":"xpath","value":"//button[@data-kt=\"contractDetailEditBtnButton\"]"}
COMMAND: POST /session/21ce62c4ecbe6d238b640e15c86407e3/elements - {"using":"xpath","value":"//button[@data-kt=\"contractDetailEditBtnButton\"]"}
RESULT: {"using":"xpath","value":"//button[@data-kt=\"contractDetailEditBtnButton\"]"}
COMMAND: POST /session/21ce62c4ecbe6d238b640e15c86407e3/elements - {"using":"xpath","value":"//button[@data-kt=\"contractDetailEditBtnButton\"]"}
RESULT: {"using":"xpath","value":"//button[@data-kt=\"contractDetailEditBtnButton\"]"}
COMMAND: POST /session/21ce62c4ecbe6d238b640e15c86407e3/elements - {"using":"xpath","value":"//button[@data-kt=\"contractDetailEditBtnButton\"]"}
RESULT: {"using":"xpath","value":"//button[@data-kt=\"contractDetailEditBtnButton\"]"}
COMMAND: POST /session/21ce62c4ecbe6d238b640e15c86407e3/elements - {"using":"xpath","value":"//button[@data-kt=\"contractDetailEditBtnButton\"]"}
RESULT: {"using":"xpath","value":"//button[@data-kt=\"contractDetailEditBtnButton\"]"}
COMMAND: POST /session/21ce62c4ecbe6d238b640e15c86407e3/elements - {"using":"xpath","value":"//button[@data-kt=\"contractDetailEditBtnButton\"]"}
RESULT: {"using":"xpath","value":"//button[@data-kt=\"contractDetailEditBtnButton\"]"}
COMMAND: POST /session/21ce62c4ecbe6d238b640e15c86407e3/elements - {"using":"xpath","value":"//button[@data-kt=\"contractDetailEditBtnButton\"]"}
RESULT: {"using":"xpath","value":"//button[@data-kt=\"contractDetailEditBtnButton\"]"}
COMMAND: POST /session/21ce62c4ecbe6d238b640e15c86407e3/elements - {"using":"xpath","value":"//button[@data-kt=\"contractDetailEditBtnButton\"]"}
RESULT: {"using":"xpath","value":"//button[@data-kt=\"contractDetailEditBtnButton\"]"}
COMMAND: POST /session/21ce62c4ecbe6d238b640e15c86407e3/elements - {"using":"xpath","value":"//button[@data-kt=\"contractDetailEditBtnButton\"]"}
RESULT: {"using":"xpath","value":"//button[@data-kt=\"contractDetailEditBtnButton\"]"}
COMMAND: POST /session/21ce62c4ecbe6d238b640e15c86407e3/elements - {"using":"xpath","value":"//button[@data-kt=\"contractDetailEditBtnButton\"]"}
RESULT: {"using":"xpath","value":"//button[@data-kt=\"contractDetailEditBtnButton\"]"}
COMMAND: POST /session/21ce62c4ecbe6d238b640e15c86407e3/elements - {"using":"xpath","value":"//button[@data-kt=\"contractDetailEditBtnButton\"]"}
RESULT: {"using":"xpath","value":"//button[@data-kt=\"contractDetailEditBtnButton\"]"}
COMMAND: POST /session/21ce62c4ecbe6d238b640e15c86407e3/elements - {"using":"xpath","value":"//button[@data-kt=\"contractDetailEditBtnButton\"]"}
RESULT: {"using":"xpath","value":"//button[@data-kt=\"contractDetailEditBtnButton\"]"}
COMMAND: POST /session/21ce62c4ecbe6d238b640e15c86407e3/elements - {"using":"xpath","value":"//button[@data-kt=\"contractDetailEditBtnButton\"]"}
RESULT: {"using":"xpath","value":"//button[@data-kt=\"contractDetailEditBtnButton\"]"}
COMMAND: POST /session/21ce62c4ecbe6d238b640e15c86407e3/elements - {"using":"xpath","value":"//button[@data-kt=\"contractDetailEditBtnButton\"]"}
RESULT: {"using":"xpath","value":"//button[@data-kt=\"contractDetailEditBtnButton\"]"}
COMMAND: POST /session/21ce62c4ecbe6d238b640e15c86407e3/elements - {"using":"xpath","value":"//button[@data-kt=\"contractDetailEditBtnButton\"]"}
RESULT: {"using":"xpath","value":"//button[@data-kt=\"contractDetailEditBtnButton\"]"}
COMMAND: POST /session/21ce62c4ecbe6d238b640e15c86407e3/elements - {"using":"xpath","value":"//button[@data-kt=\"contractDetailEditBtnButton\"]"}
RESULT: {"using":"xpath","value":"//button[@data-kt=\"contractDetailEditBtnButton\"]"}
COMMAND: POST /session/21ce62c4ecbe6d238b640e15c86407e3/elements - {"using":"xpath","value":"//button[@data-kt=\"contractDetailEditBtnButton\"]"}
RESULT: {"using":"xpath","value":"//button[@data-kt=\"contractDetailEditBtnButton\"]"}
COMMAND: POST /session/21ce62c4ecbe6d238b640e15c86407e3/elements - {"using":"xpath","value":"//button[@data-kt=\"contractDetailEditBtnButton\"]"}
RESULT: {"using":"xpath","value":"//button[@data-kt=\"contractDetailEditBtnButton\"]"}
COMMAND: POST /session/21ce62c4ecbe6d238b640e15c86407e3/elements - {"using":"xpath","value":"//button[@data-kt=\"contractDetailEditBtnButton\"]"}
RESULT: {"using":"xpath","value":"//button[@data-kt=\"contractDetailEditBtnButton\"]"}
COMMAND: POST /session/21ce62c4ecbe6d238b640e15c86407e3/elements - {"using":"xpath","value":"//button[@data-kt=\"contractDetailEditBtnButton\"]"}
RESULT: {"using":"xpath","value":"//button[@data-kt=\"contractDetailEditBtnButton\"]"}
COMMAND: POST /session/21ce62c4ecbe6d238b640e15c86407e3/elements - {"using":"xpath","value":"//button[@data-kt=\"contractDetailEditBtnButton\"]"}
RESULT: {"using":"xpath","value":"//button[@data-kt=\"contractDetailEditBtnButton\"]"}
COMMAND: POST /session/21ce62c4ecbe6d238b640e15c86407e3/elements - {"using":"xpath","value":"//button[@data-kt=\"contractDetailEditBtnButton\"]"}
RESULT: {"using":"xpath","value":"//button[@data-kt=\"contractDetailEditBtnButton\"]"}
COMMAND: POST /session/21ce62c4ecbe6d238b640e15c86407e3/elements - {"using":"xpath","value":"//button[@data-kt=\"contractDetailEditBtnButton\"]"}
RESULT: {"using":"xpath","value":"//button[@data-kt=\"contractDetailEditBtnButton\"]"}
COMMAND: POST /session/21ce62c4ecbe6d238b640e15c86407e3/elements - {"using":"xpath","value":"//button[@data-kt=\"contractDetailEditBtnButton\"]"}
RESULT: {"using":"xpath","value":"//button[@data-kt=\"contractDetailEditBtnButton\"]"}
COMMAND: POST /session/21ce62c4ecbe6d238b640e15c86407e3/elements - {"using":"xpath","value":"//button[@data-kt=\"contractDetailEditBtnButton\"]"}
RESULT: {"using":"xpath","value":"//button[@data-kt=\"contractDetailEditBtnButton\"]"}
COMMAND: POST /session/21ce62c4ecbe6d238b640e15c86407e3/elements - {"using":"xpath","value":"//button[@data-kt=\"contractDetailEditBtnButton\"]"}
RESULT: {"using":"xpath","value":"//button[@data-kt=\"contractDetailEditBtnButton\"]"}
COMMAND: POST /session/21ce62c4ecbe6d238b640e15c86407e3/elements - {"using":"xpath","value":"//button[@data-kt=\"contractDetailEditBtnButton\"]"}
RESULT: {"using":"xpath","value":"//button[@data-kt=\"contractDetailEditBtnButton\"]"}
COMMAND: POST /session/21ce62c4ecbe6d238b640e15c86407e3/elements - {"using":"xpath","value":"//button[@data-kt=\"contractDetailEditBtnButton\"]"}
RESULT: {"using":"xpath","value":"//button[@data-kt=\"contractDetailEditBtnButton\"]"}
COMMAND: POST /session/21ce62c4ecbe6d238b640e15c86407e3/elements - {"using":"xpath","value":"//button[@data-kt=\"contractDetailEditBtnButton\"]"}
RESULT: {"using":"xpath","value":"//button[@data-kt=\"contractDetailEditBtnButton\"]"}
COMMAND: POST /session/21ce62c4ecbe6d238b640e15c86407e3/elements - {"using":"xpath","value":"//button[@data-kt=\"contractDetailEditBtnButton\"]"}
RESULT: {"using":"xpath","value":"//button[@data-kt=\"contractDetailEditBtnButton\"]"}
COMMAND: POST /session/21ce62c4ecbe6d238b640e15c86407e3/elements - {"using":"xpath","value":"//button[@data-kt=\"contractDetailEditBtnButton\"]"}
RESULT: {"using":"xpath","value":"//button[@data-kt=\"contractDetailEditBtnButton\"]"}
COMMAND: POST /session/21ce62c4ecbe6d238b640e15c86407e3/elements - {"using":"xpath","value":"//button[@data-kt=\"contractDetailEditBtnButton\"]"}
RESULT: {"using":"xpath","value":"//button[@data-kt=\"contractDetailEditBtnButton\"]"}
COMMAND: POST /session/21ce62c4ecbe6d238b640e15c86407e3/elements - {"using":"xpath","value":"//button[@data-kt=\"contractDetailEditBtnButton\"]"}
RESULT: {"using":"xpath","value":"//button[@data-kt=\"contractDetailEditBtnButton\"]"}
COMMAND: POST /session/21ce62c4ecbe6d238b640e15c86407e3/elements - {"using":"xpath","value":"//button[@data-kt=\"contractDetailEditBtnButton\"]"}
RESULT: {"using":"xpath","value":"//button[@data-kt=\"contractDetailEditBtnButton\"]"}
COMMAND: POST /session/21ce62c4ecbe6d238b640e15c86407e3/elements - {"using":"xpath","value":"//button[@data-kt=\"contractDetailEditBtnButton\"]"}
RESULT: {"using":"xpath","value":"//button[@data-kt=\"contractDetailEditBtnButton\"]"}
COMMAND: POST /session/21ce62c4ecbe6d238b640e15c86407e3/elements - {"using":"xpath","value":"//button[@data-kt=\"contractDetailEditBtnButton\"]"}
RESULT: {"using":"xpath","value":"//button[@data-kt=\"contractDetailEditBtnButton\"]"}
COMMAND: POST /session/21ce62c4ecbe6d238b640e15c86407e3/elements - {"using":"xpath","value":"//button[@data-kt=\"contractDetailEditBtnButton\"]"}
RESULT: {"using":"xpath","value":"//button[@data-kt=\"contractDetailEditBtnButton\"]"}
COMMAND: POST /session/21ce62c4ecbe6d238b640e15c86407e3/elements - {"using":"xpath","value":"//button[@data-kt=\"contractDetailEditBtnButton\"]"}
RESULT: {"using":"xpath","value":"//button[@data-kt=\"contractDetailEditBtnButton\"]"}
COMMAND: POST /session/21ce62c4ecbe6d238b640e15c86407e3/elements - {"using":"xpath","value":"//button[@data-kt=\"contractDetailEditBtnButton\"]"}
RESULT: {"using":"xpath","value":"//button[@data-kt=\"contractDetailEditBtnButton\"]"}
COMMAND: POST /session/21ce62c4ecbe6d238b640e15c86407e3/elements - {"using":"xpath","value":"//button[@data-kt=\"contractDetailEditBtnButton\"]"}
RESULT: {"using":"xpath","value":"//button[@data-kt=\"contractDetailEditBtnButton\"]"}
COMMAND: POST /session/21ce62c4ecbe6d238b640e15c86407e3/elements - {"using":"xpath","value":"//button[@data-kt=\"contractDetailEditBtnButton\"]"}
RESULT: {"using":"xpath","value":"//button[@data-kt=\"contractDetailEditBtnButton\"]"}
COMMAND: POST /session/21ce62c4ecbe6d238b640e15c86407e3/elements - {"using":"xpath","value":"//button[@data-kt=\"contractDetailEditBtnButton\"]"}
RESULT: {"using":"xpath","value":"//button[@data-kt=\"contractDetailEditBtnButton\"]"}
COMMAND: POST /session/21ce62c4ecbe6d238b640e15c86407e3/elements - {"using":"xpath","value":"//button[@data-kt=\"contractDetailEditBtnButton\"]"}
RESULT: {"using":"xpath","value":"//button[@data-kt=\"contractDetailEditBtnButton\"]"}
COMMAND: POST /session/21ce62c4ecbe6d238b640e15c86407e3/elements - {"using":"xpath","value":"//button[@data-kt=\"contractDetailEditBtnButton\"]"}
RESULT: {"using":"xpath","value":"//button[@data-kt=\"contractDetailEditBtnButton\"]"}
COMMAND: POST /session/21ce62c4ecbe6d238b640e15c86407e3/elements - {"using":"xpath","value":"//button[@data-kt=\"contractDetailEditBtnButton\"]"}
RESULT: {"using":"xpath","value":"//button[@data-kt=\"contractDetailEditBtnButton\"]"}
COMMAND: POST /session/21ce62c4ecbe6d238b640e15c86407e3/elements - {"using":"xpath","value":"//button[@data-kt=\"contractDetailEditBtnButton\"]"}
RESULT: {"using":"xpath","value":"//button[@data-kt=\"contractDetailEditBtnButton\"]"}
COMMAND: POST /session/21ce62c4ecbe6d238b640e15c86407e3/elements - {"using":"xpath","value":"//button[@data-kt=\"contractDetailEditBtnButton\"]"}
RESULT: {"using":"xpath","value":"//button[@data-kt=\"contractDetailEditBtnButton\"]"}
COMMAND: POST /session/21ce62c4ecbe6d238b640e15c86407e3/elements - {"using":"xpath","value":"//button[@data-kt=\"contractDetailEditBtnButton\"]"}
RESULT: {"using":"xpath","value":"//button[@data-kt=\"contractDetailEditBtnButton\"]"}
COMMAND: POST /session/21ce62c4ecbe6d238b640e15c86407e3/elements - {"using":"xpath","value":"//button[@data-kt=\"contractDetailEditBtnButton\"]"}
RESULT: {"using":"xpath","value":"//button[@data-kt=\"contractDetailEditBtnButton\"]"}
COMMAND: POST /session/21ce62c4ecbe6d238b640e15c86407e3/elements - {"using":"xpath","value":"//button[@data-kt=\"contractDetailEditBtnButton\"]"}
RESULT: {"using":"xpath","value":"//button[@data-kt=\"contractDetailEditBtnButton\"]"}
COMMAND: POST /session/21ce62c4ecbe6d238b640e15c86407e3/elements - {"using":"xpath","value":"//button[@data-kt=\"contractDetailEditBtnButton\"]"}
RESULT: {"using":"xpath","value":"//button[@data-kt=\"contractDetailEditBtnButton\"]"}
COMMAND: POST /session/21ce62c4ecbe6d238b640e15c86407e3/elements - {"using":"xpath","value":"//button[@data-kt=\"contractDetailEditBtnButton\"]"}
RESULT: {"using":"xpath","value":"//button[@data-kt=\"contractDetailEditBtnButton\"]"}
COMMAND: POST /session/21ce62c4ecbe6d238b640e15c86407e3/elements - {"using":"xpath","value":"//button[@data-kt=\"contractDetailEditBtnButton\"]"}
RESULT: {"using":"xpath","value":"//button[@data-kt=\"contractDetailEditBtnButton\"]"}
COMMAND: POST /session/21ce62c4ecbe6d238b640e15c86407e3/elements - {"using":"xpath","value":"//button[@data-kt=\"contractDetailEditBtnButton\"]"}
RESULT: {"using":"xpath","value":"//button[@data-kt=\"contractDetailEditBtnButton\"]"}
COMMAND: POST /session/21ce62c4ecbe6d238b640e15c86407e3/elements - {"using":"xpath","value":"//button[@data-kt=\"contractDetailEditBtnButton\"]"}
RESULT: {"using":"xpath","value":"//button[@data-kt=\"contractDetailEditBtnButton\"]"}
COMMAND: POST /session/21ce62c4ecbe6d238b640e15c86407e3/elements - {"using":"xpath","value":"//button[@data-kt=\"contractDetailEditBtnButton\"]"}
RESULT: {"using":"xpath","value":"//button[@data-kt=\"contractDetailEditBtnButton\"]"}
COMMAND: POST /session/21ce62c4ecbe6d238b640e15c86407e3/elements - {"using":"xpath","value":"//button[@data-kt=\"contractDetailEditBtnButton\"]"}
RESULT: {"using":"xpath","value":"//button[@data-kt=\"contractDetailEditBtnButton\"]"}
COMMAND: POST /session/21ce62c4ecbe6d238b640e15c86407e3/elements - {"using":"xpath","value":"//button[@data-kt=\"contractDetailEditBtnButton\"]"}
RESULT: {"using":"xpath","value":"//button[@data-kt=\"contractDetailEditBtnButton\"]"}
COMMAND: POST /session/21ce62c4ecbe6d238b640e15c86407e3/elements - {"using":"xpath","value":"//button[@data-kt=\"contractDetailEditBtnButton\"]"}
RESULT: {"using":"xpath","value":"//button[@data-kt=\"contractDetailEditBtnButton\"]"}
COMMAND: POST /session/21ce62c4ecbe6d238b640e15c86407e3/elements - {"using":"xpath","value":"//button[@data-kt=\"contractDetailEditBtnButton\"]"}
RESULT: {"using":"xpath","value":"//button[@data-kt=\"contractDetailEditBtnButton\"]"}
COMMAND: POST /session/21ce62c4ecbe6d238b640e15c86407e3/elements - {"using":"xpath","value":"//button[@data-kt=\"contractDetailEditBtnButton\"]"}
RESULT: {"using":"xpath","value":"//button[@data-kt=\"contractDetailEditBtnButton\"]"}
COMMAND: POST /session/21ce62c4ecbe6d238b640e15c86407e3/elements - {"using":"xpath","value":"//button[@data-kt=\"contractDetailEditBtnButton\"]"}
RESULT: {"using":"xpath","value":"//button[@data-kt=\"contractDetailEditBtnButton\"]"}
COMMAND: POST /session/21ce62c4ecbe6d238b640e15c86407e3/elements - {"using":"xpath","value":"//button[@data-kt=\"contractDetailEditBtnButton\"]"}
RESULT: {"using":"xpath","value":"//button[@data-kt=\"contractDetailEditBtnButton\"]"}
COMMAND: POST /session/21ce62c4ecbe6d238b640e15c86407e3/elements - {"using":"xpath","value":"//button[@data-kt=\"contractDetailEditBtnButton\"]"}
RESULT: {"using":"xpath","value":"//button[@data-kt=\"contractDetailEditBtnButton\"]"}
COMMAND: POST /session/21ce62c4ecbe6d238b640e15c86407e3/elements - {"using":"xpath","value":"//button[@data-kt=\"contractDetailEditBtnButton\"]"}
RESULT: {"using":"xpath","value":"//button[@data-kt=\"contractDetailEditBtnButton\"]"}
COMMAND: POST /session/21ce62c4ecbe6d238b640e15c86407e3/elements - {"using":"xpath","value":"//button[@data-kt=\"contractDetailEditBtnButton\"]"}
RESULT: {"using":"xpath","value":"//button[@data-kt=\"contractDetailEditBtnButton\"]"}
COMMAND: POST /session/21ce62c4ecbe6d238b640e15c86407e3/elements - {"using":"xpath","value":"//button[@data-kt=\"contractDetailEditBtnButton\"]"}
RESULT: {"using":"xpath","value":"//button[@data-kt=\"contractDetailEditBtnButton\"]"}
COMMAND: POST /session/21ce62c4ecbe6d238b640e15c86407e3/elements - {"using":"xpath","value":"//button[@data-kt=\"contractDetailEditBtnButton\"]"}
RESULT: {"using":"xpath","value":"//button[@data-kt=\"contractDetailEditBtnButton\"]"}
COMMAND: POST /session/21ce62c4ecbe6d238b640e15c86407e3/elements - {"using":"xpath","value":"//button[@data-kt=\"contractDetailEditBtnButton\"]"}
RESULT: {"using":"xpath","value":"//button[@data-kt=\"contractDetailEditBtnButton\"]"}
COMMAND: POST /session/21ce62c4ecbe6d238b640e15c86407e3/elements - {"using":"xpath","value":"//button[@data-kt=\"contractDetailEditBtnButton\"]"}
RESULT: {"using":"xpath","value":"//button[@data-kt=\"contractDetailEditBtnButton\"]"}
COMMAND: POST /session/21ce62c4ecbe6d238b640e15c86407e3/elements - {"using":"xpath","value":"//button[@data-kt=\"contractDetailEditBtnButton\"]"}
RESULT: {"using":"xpath","value":"//button[@data-kt=\"contractDetailEditBtnButton\"]"}
COMMAND: POST /session/21ce62c4ecbe6d238b640e15c86407e3/elements - {"using":"xpath","value":"//button[@data-kt=\"contractDetailEditBtnButton\"]"}
RESULT: {"using":"xpath","value":"//button[@data-kt=\"contractDetailEditBtnButton\"]"}
COMMAND: POST /session/21ce62c4ecbe6d238b640e15c86407e3/elements - {"using":"xpath","value":"//button[@data-kt=\"contractDetailEditBtnButton\"]"}
RESULT: {"using":"xpath","value":"//button[@data-kt=\"contractDetailEditBtnButton\"]"}
COMMAND: POST /session/21ce62c4ecbe6d238b640e15c86407e3/elements - {"using":"xpath","value":"//button[@data-kt=\"contractDetailEditBtnButton\"]"}
RESULT: {"using":"xpath","value":"//button[@data-kt=\"contractDetailEditBtnButton\"]"}
COMMAND: POST /session/21ce62c4ecbe6d238b640e15c86407e3/elements - {"using":"xpath","value":"//button[@data-kt=\"contractDetailEditBtnButton\"]"}
RESULT: {"using":"xpath","value":"//button[@data-kt=\"contractDetailEditBtnButton\"]"}
COMMAND: POST /session/21ce62c4ecbe6d238b640e15c86407e3/elements - {"using":"xpath","value":"//button[@data-kt=\"contractDetailEditBtnButton\"]"}
RESULT: {"using":"xpath","value":"//button[@data-kt=\"contractDetailEditBtnButton\"]"}
COMMAND: POST /session/21ce62c4ecbe6d238b640e15c86407e3/elements - {"using":"xpath","value":"//button[@data-kt=\"contractDetailEditBtnButton\"]"}
RESULT: {"using":"xpath","value":"//button[@data-kt=\"contractDetailEditBtnButton\"]"}
COMMAND: POST /session/21ce62c4ecbe6d238b640e15c86407e3/elements - {"using":"xpath","value":"//button[@data-kt=\"contractDetailEditBtnButton\"]"}
RESULT: {"using":"xpath","value":"//button[@data-kt=\"contractDetailEditBtnButton\"]"}
COMMAND: POST /session/21ce62c4ecbe6d238b640e15c86407e3/elements - {"using":"xpath","value":"//button[@data-kt=\"contractDetailEditBtnButton\"]"}
RESULT: {"using":"xpath","value":"//button[@data-kt=\"contractDetailEditBtnButton\"]"}
COMMAND: POST /session/21ce62c4ecbe6d238b640e15c86407e3/elements - {"using":"xpath","value":"//button[@data-kt=\"contractDetailEditBtnButton\"]"}
RESULT: {"using":"xpath","value":"//button[@data-kt=\"contractDetailEditBtnButton\"]"}
COMMAND: POST /session/21ce62c4ecbe6d238b640e15c86407e3/elements - {"using":"xpath","value":"//button[@data-kt=\"contractDetailEditBtnButton\"]"}
RESULT: {"using":"xpath","value":"//button[@data-kt=\"contractDetailEditBtnButton\"]"}
COMMAND: POST /session/21ce62c4ecbe6d238b640e15c86407e3/elements - {"using":"xpath","value":"//button[@data-kt=\"contractDetailEditBtnButton\"]"}
RESULT: {"using":"xpath","value":"//button[@data-kt=\"contractDetailEditBtnButton\"]"}
COMMAND: POST /session/21ce62c4ecbe6d238b640e15c86407e3/elements - {"using":"xpath","value":"//button[@data-kt=\"contractDetailEditBtnButton\"]"}
RESULT: {"using":"xpath","value":"//button[@data-kt=\"contractDetailEditBtnButton\"]"}
COMMAND: POST /session/21ce62c4ecbe6d238b640e15c86407e3/elements - {"using":"xpath","value":"//button[@data-kt=\"contractDetailEditBtnButton\"]"}
RESULT: {"using":"xpath","value":"//button[@data-kt=\"contractDetailEditBtnButton\"]"}
COMMAND: POST /session/21ce62c4ecbe6d238b640e15c86407e3/elements - {"using":"xpath","value":"//button[@data-kt=\"contractDetailEditBtnButton\"]"}
COMMAND: GET /session/21ce62c4ecbe6d238b640e15c86407e3/screenshot - {}
RESULT: {"using":"xpath","value":"//button[@data-kt=\"contractDetailEditBtnButton\"]"}
RESULT: {}
]]></system-out>
      <system-err><![CDATA[
Error: Can't call click on element with selector "//button[@data-kt="contractDetailEditBtnButton"]" because element wasn't found
    at async UtilsPrerequisites.addItemToContract (D:\a\1\s\test\specs\BTS\prerequisites-and-utils-functions.js:1852:9)
    at async Context.<anonymous> (D:\a\1\s\test\specs\HTR\return-from-site-w-warehouse-management-w-clarification.spec.js:78:9)
]]></system-err>
    </testcase>
    <testcase classname="chrome.136_0_7103_93.windows.Return_from_Site_w/_warehouse_management_w_clarification" name="Should provide to site" time="60.918">
      <failure/>
      <error message="Can't call click on element with selector &quot;//button[@data-kt=&quot;provideButton&quot;]&quot; because element wasn't found"/>
      <system-out><![CDATA[
COMMAND: GET /session/21ce62c4ecbe6d238b640e15c86407e3/screenshot - {}
COMMAND: POST /session/21ce62c4ecbe6d238b640e15c86407e3/element - {"using":"xpath","value":"//button[@data-kt=\"provideButton\"]"}
RESULT: {}
RESULT: {"using":"xpath","value":"//button[@data-kt=\"provideButton\"]"}
COMMAND: POST /session/21ce62c4ecbe6d238b640e15c86407e3/elements - {"using":"xpath","value":"//button[@data-kt=\"provideButton\"]"}
RESULT: {"using":"xpath","value":"//button[@data-kt=\"provideButton\"]"}
COMMAND: POST /session/21ce62c4ecbe6d238b640e15c86407e3/elements - {"using":"xpath","value":"//button[@data-kt=\"provideButton\"]"}
RESULT: {"using":"xpath","value":"//button[@data-kt=\"provideButton\"]"}
COMMAND: POST /session/21ce62c4ecbe6d238b640e15c86407e3/elements - {"using":"xpath","value":"//button[@data-kt=\"provideButton\"]"}
RESULT: {"using":"xpath","value":"//button[@data-kt=\"provideButton\"]"}
COMMAND: POST /session/21ce62c4ecbe6d238b640e15c86407e3/elements - {"using":"xpath","value":"//button[@data-kt=\"provideButton\"]"}
RESULT: {"using":"xpath","value":"//button[@data-kt=\"provideButton\"]"}
COMMAND: POST /session/21ce62c4ecbe6d238b640e15c86407e3/elements - {"using":"xpath","value":"//button[@data-kt=\"provideButton\"]"}
RESULT: {"using":"xpath","value":"//button[@data-kt=\"provideButton\"]"}
COMMAND: POST /session/21ce62c4ecbe6d238b640e15c86407e3/elements - {"using":"xpath","value":"//button[@data-kt=\"provideButton\"]"}
RESULT: {"using":"xpath","value":"//button[@data-kt=\"provideButton\"]"}
COMMAND: POST /session/21ce62c4ecbe6d238b640e15c86407e3/elements - {"using":"xpath","value":"//button[@data-kt=\"provideButton\"]"}
RESULT: {"using":"xpath","value":"//button[@data-kt=\"provideButton\"]"}
COMMAND: POST /session/21ce62c4ecbe6d238b640e15c86407e3/elements - {"using":"xpath","value":"//button[@data-kt=\"provideButton\"]"}
RESULT: {"using":"xpath","value":"//button[@data-kt=\"provideButton\"]"}
COMMAND: POST /session/21ce62c4ecbe6d238b640e15c86407e3/elements - {"using":"xpath","value":"//button[@data-kt=\"provideButton\"]"}
RESULT: {"using":"xpath","value":"//button[@data-kt=\"provideButton\"]"}
COMMAND: POST /session/21ce62c4ecbe6d238b640e15c86407e3/elements - {"using":"xpath","value":"//button[@data-kt=\"provideButton\"]"}
RESULT: {"using":"xpath","value":"//button[@data-kt=\"provideButton\"]"}
COMMAND: POST /session/21ce62c4ecbe6d238b640e15c86407e3/elements - {"using":"xpath","value":"//button[@data-kt=\"provideButton\"]"}
RESULT: {"using":"xpath","value":"//button[@data-kt=\"provideButton\"]"}
COMMAND: POST /session/21ce62c4ecbe6d238b640e15c86407e3/elements - {"using":"xpath","value":"//button[@data-kt=\"provideButton\"]"}
RESULT: {"using":"xpath","value":"//button[@data-kt=\"provideButton\"]"}
COMMAND: POST /session/21ce62c4ecbe6d238b640e15c86407e3/elements - {"using":"xpath","value":"//button[@data-kt=\"provideButton\"]"}
RESULT: {"using":"xpath","value":"//button[@data-kt=\"provideButton\"]"}
COMMAND: POST /session/21ce62c4ecbe6d238b640e15c86407e3/elements - {"using":"xpath","value":"//button[@data-kt=\"provideButton\"]"}
RESULT: {"using":"xpath","value":"//button[@data-kt=\"provideButton\"]"}
COMMAND: POST /session/21ce62c4ecbe6d238b640e15c86407e3/elements - {"using":"xpath","value":"//button[@data-kt=\"provideButton\"]"}
RESULT: {"using":"xpath","value":"//button[@data-kt=\"provideButton\"]"}
COMMAND: POST /session/21ce62c4ecbe6d238b640e15c86407e3/elements - {"using":"xpath","value":"//button[@data-kt=\"provideButton\"]"}
RESULT: {"using":"xpath","value":"//button[@data-kt=\"provideButton\"]"}
COMMAND: POST /session/21ce62c4ecbe6d238b640e15c86407e3/elements - {"using":"xpath","value":"//button[@data-kt=\"provideButton\"]"}
RESULT: {"using":"xpath","value":"//button[@data-kt=\"provideButton\"]"}
COMMAND: POST /session/21ce62c4ecbe6d238b640e15c86407e3/elements - {"using":"xpath","value":"//button[@data-kt=\"provideButton\"]"}
RESULT: {"using":"xpath","value":"//button[@data-kt=\"provideButton\"]"}
COMMAND: POST /session/21ce62c4ecbe6d238b640e15c86407e3/elements - {"using":"xpath","value":"//button[@data-kt=\"provideButton\"]"}
RESULT: {"using":"xpath","value":"//button[@data-kt=\"provideButton\"]"}
COMMAND: POST /session/21ce62c4ecbe6d238b640e15c86407e3/elements - {"using":"xpath","value":"//button[@data-kt=\"provideButton\"]"}
RESULT: {"using":"xpath","value":"//button[@data-kt=\"provideButton\"]"}
COMMAND: POST /session/21ce62c4ecbe6d238b640e15c86407e3/elements - {"using":"xpath","value":"//button[@data-kt=\"provideButton\"]"}
RESULT: {"using":"xpath","value":"//button[@data-kt=\"provideButton\"]"}
COMMAND: POST /session/21ce62c4ecbe6d238b640e15c86407e3/elements - {"using":"xpath","value":"//button[@data-kt=\"provideButton\"]"}
RESULT: {"using":"xpath","value":"//button[@data-kt=\"provideButton\"]"}
COMMAND: POST /session/21ce62c4ecbe6d238b640e15c86407e3/elements - {"using":"xpath","value":"//button[@data-kt=\"provideButton\"]"}
RESULT: {"using":"xpath","value":"//button[@data-kt=\"provideButton\"]"}
COMMAND: POST /session/21ce62c4ecbe6d238b640e15c86407e3/elements - {"using":"xpath","value":"//button[@data-kt=\"provideButton\"]"}
RESULT: {"using":"xpath","value":"//button[@data-kt=\"provideButton\"]"}
COMMAND: POST /session/21ce62c4ecbe6d238b640e15c86407e3/elements - {"using":"xpath","value":"//button[@data-kt=\"provideButton\"]"}
RESULT: {"using":"xpath","value":"//button[@data-kt=\"provideButton\"]"}
COMMAND: POST /session/21ce62c4ecbe6d238b640e15c86407e3/elements - {"using":"xpath","value":"//button[@data-kt=\"provideButton\"]"}
RESULT: {"using":"xpath","value":"//button[@data-kt=\"provideButton\"]"}
COMMAND: POST /session/21ce62c4ecbe6d238b640e15c86407e3/elements - {"using":"xpath","value":"//button[@data-kt=\"provideButton\"]"}
RESULT: {"using":"xpath","value":"//button[@data-kt=\"provideButton\"]"}
COMMAND: POST /session/21ce62c4ecbe6d238b640e15c86407e3/elements - {"using":"xpath","value":"//button[@data-kt=\"provideButton\"]"}
RESULT: {"using":"xpath","value":"//button[@data-kt=\"provideButton\"]"}
COMMAND: POST /session/21ce62c4ecbe6d238b640e15c86407e3/elements - {"using":"xpath","value":"//button[@data-kt=\"provideButton\"]"}
RESULT: {"using":"xpath","value":"//button[@data-kt=\"provideButton\"]"}
COMMAND: POST /session/21ce62c4ecbe6d238b640e15c86407e3/elements - {"using":"xpath","value":"//button[@data-kt=\"provideButton\"]"}
RESULT: {"using":"xpath","value":"//button[@data-kt=\"provideButton\"]"}
COMMAND: POST /session/21ce62c4ecbe6d238b640e15c86407e3/elements - {"using":"xpath","value":"//button[@data-kt=\"provideButton\"]"}
RESULT: {"using":"xpath","value":"//button[@data-kt=\"provideButton\"]"}
COMMAND: POST /session/21ce62c4ecbe6d238b640e15c86407e3/elements - {"using":"xpath","value":"//button[@data-kt=\"provideButton\"]"}
RESULT: {"using":"xpath","value":"//button[@data-kt=\"provideButton\"]"}
COMMAND: POST /session/21ce62c4ecbe6d238b640e15c86407e3/elements - {"using":"xpath","value":"//button[@data-kt=\"provideButton\"]"}
RESULT: {"using":"xpath","value":"//button[@data-kt=\"provideButton\"]"}
COMMAND: POST /session/21ce62c4ecbe6d238b640e15c86407e3/elements - {"using":"xpath","value":"//button[@data-kt=\"provideButton\"]"}
RESULT: {"using":"xpath","value":"//button[@data-kt=\"provideButton\"]"}
COMMAND: POST /session/21ce62c4ecbe6d238b640e15c86407e3/elements - {"using":"xpath","value":"//button[@data-kt=\"provideButton\"]"}
RESULT: {"using":"xpath","value":"//button[@data-kt=\"provideButton\"]"}
COMMAND: POST /session/21ce62c4ecbe6d238b640e15c86407e3/elements - {"using":"xpath","value":"//button[@data-kt=\"provideButton\"]"}
RESULT: {"using":"xpath","value":"//button[@data-kt=\"provideButton\"]"}
COMMAND: POST /session/21ce62c4ecbe6d238b640e15c86407e3/elements - {"using":"xpath","value":"//button[@data-kt=\"provideButton\"]"}
RESULT: {"using":"xpath","value":"//button[@data-kt=\"provideButton\"]"}
COMMAND: POST /session/21ce62c4ecbe6d238b640e15c86407e3/elements - {"using":"xpath","value":"//button[@data-kt=\"provideButton\"]"}
RESULT: {"using":"xpath","value":"//button[@data-kt=\"provideButton\"]"}
COMMAND: POST /session/21ce62c4ecbe6d238b640e15c86407e3/elements - {"using":"xpath","value":"//button[@data-kt=\"provideButton\"]"}
RESULT: {"using":"xpath","value":"//button[@data-kt=\"provideButton\"]"}
COMMAND: POST /session/21ce62c4ecbe6d238b640e15c86407e3/elements - {"using":"xpath","value":"//button[@data-kt=\"provideButton\"]"}
RESULT: {"using":"xpath","value":"//button[@data-kt=\"provideButton\"]"}
COMMAND: POST /session/21ce62c4ecbe6d238b640e15c86407e3/elements - {"using":"xpath","value":"//button[@data-kt=\"provideButton\"]"}
RESULT: {"using":"xpath","value":"//button[@data-kt=\"provideButton\"]"}
COMMAND: POST /session/21ce62c4ecbe6d238b640e15c86407e3/elements - {"using":"xpath","value":"//button[@data-kt=\"provideButton\"]"}
RESULT: {"using":"xpath","value":"//button[@data-kt=\"provideButton\"]"}
COMMAND: POST /session/21ce62c4ecbe6d238b640e15c86407e3/elements - {"using":"xpath","value":"//button[@data-kt=\"provideButton\"]"}
RESULT: {"using":"xpath","value":"//button[@data-kt=\"provideButton\"]"}
COMMAND: POST /session/21ce62c4ecbe6d238b640e15c86407e3/elements - {"using":"xpath","value":"//button[@data-kt=\"provideButton\"]"}
RESULT: {"using":"xpath","value":"//button[@data-kt=\"provideButton\"]"}
COMMAND: POST /session/21ce62c4ecbe6d238b640e15c86407e3/elements - {"using":"xpath","value":"//button[@data-kt=\"provideButton\"]"}
RESULT: {"using":"xpath","value":"//button[@data-kt=\"provideButton\"]"}
COMMAND: POST /session/21ce62c4ecbe6d238b640e15c86407e3/elements - {"using":"xpath","value":"//button[@data-kt=\"provideButton\"]"}
RESULT: {"using":"xpath","value":"//button[@data-kt=\"provideButton\"]"}
COMMAND: POST /session/21ce62c4ecbe6d238b640e15c86407e3/elements - {"using":"xpath","value":"//button[@data-kt=\"provideButton\"]"}
RESULT: {"using":"xpath","value":"//button[@data-kt=\"provideButton\"]"}
COMMAND: POST /session/21ce62c4ecbe6d238b640e15c86407e3/elements - {"using":"xpath","value":"//button[@data-kt=\"provideButton\"]"}
RESULT: {"using":"xpath","value":"//button[@data-kt=\"provideButton\"]"}
COMMAND: POST /session/21ce62c4ecbe6d238b640e15c86407e3/elements - {"using":"xpath","value":"//button[@data-kt=\"provideButton\"]"}
RESULT: {"using":"xpath","value":"//button[@data-kt=\"provideButton\"]"}
COMMAND: POST /session/21ce62c4ecbe6d238b640e15c86407e3/elements - {"using":"xpath","value":"//button[@data-kt=\"provideButton\"]"}
RESULT: {"using":"xpath","value":"//button[@data-kt=\"provideButton\"]"}
COMMAND: POST /session/21ce62c4ecbe6d238b640e15c86407e3/elements - {"using":"xpath","value":"//button[@data-kt=\"provideButton\"]"}
RESULT: {"using":"xpath","value":"//button[@data-kt=\"provideButton\"]"}
COMMAND: POST /session/21ce62c4ecbe6d238b640e15c86407e3/elements - {"using":"xpath","value":"//button[@data-kt=\"provideButton\"]"}
RESULT: {"using":"xpath","value":"//button[@data-kt=\"provideButton\"]"}
COMMAND: POST /session/21ce62c4ecbe6d238b640e15c86407e3/elements - {"using":"xpath","value":"//button[@data-kt=\"provideButton\"]"}
RESULT: {"using":"xpath","value":"//button[@data-kt=\"provideButton\"]"}
COMMAND: POST /session/21ce62c4ecbe6d238b640e15c86407e3/elements - {"using":"xpath","value":"//button[@data-kt=\"provideButton\"]"}
RESULT: {"using":"xpath","value":"//button[@data-kt=\"provideButton\"]"}
COMMAND: POST /session/21ce62c4ecbe6d238b640e15c86407e3/elements - {"using":"xpath","value":"//button[@data-kt=\"provideButton\"]"}
RESULT: {"using":"xpath","value":"//button[@data-kt=\"provideButton\"]"}
COMMAND: POST /session/21ce62c4ecbe6d238b640e15c86407e3/elements - {"using":"xpath","value":"//button[@data-kt=\"provideButton\"]"}
RESULT: {"using":"xpath","value":"//button[@data-kt=\"provideButton\"]"}
COMMAND: POST /session/21ce62c4ecbe6d238b640e15c86407e3/elements - {"using":"xpath","value":"//button[@data-kt=\"provideButton\"]"}
RESULT: {"using":"xpath","value":"//button[@data-kt=\"provideButton\"]"}
COMMAND: POST /session/21ce62c4ecbe6d238b640e15c86407e3/elements - {"using":"xpath","value":"//button[@data-kt=\"provideButton\"]"}
RESULT: {"using":"xpath","value":"//button[@data-kt=\"provideButton\"]"}
COMMAND: POST /session/21ce62c4ecbe6d238b640e15c86407e3/elements - {"using":"xpath","value":"//button[@data-kt=\"provideButton\"]"}
RESULT: {"using":"xpath","value":"//button[@data-kt=\"provideButton\"]"}
COMMAND: POST /session/21ce62c4ecbe6d238b640e15c86407e3/elements - {"using":"xpath","value":"//button[@data-kt=\"provideButton\"]"}
RESULT: {"using":"xpath","value":"//button[@data-kt=\"provideButton\"]"}
COMMAND: POST /session/21ce62c4ecbe6d238b640e15c86407e3/elements - {"using":"xpath","value":"//button[@data-kt=\"provideButton\"]"}
RESULT: {"using":"xpath","value":"//button[@data-kt=\"provideButton\"]"}
COMMAND: POST /session/21ce62c4ecbe6d238b640e15c86407e3/elements - {"using":"xpath","value":"//button[@data-kt=\"provideButton\"]"}
RESULT: {"using":"xpath","value":"//button[@data-kt=\"provideButton\"]"}
COMMAND: POST /session/21ce62c4ecbe6d238b640e15c86407e3/elements - {"using":"xpath","value":"//button[@data-kt=\"provideButton\"]"}
RESULT: {"using":"xpath","value":"//button[@data-kt=\"provideButton\"]"}
COMMAND: POST /session/21ce62c4ecbe6d238b640e15c86407e3/elements - {"using":"xpath","value":"//button[@data-kt=\"provideButton\"]"}
RESULT: {"using":"xpath","value":"//button[@data-kt=\"provideButton\"]"}
COMMAND: POST /session/21ce62c4ecbe6d238b640e15c86407e3/elements - {"using":"xpath","value":"//button[@data-kt=\"provideButton\"]"}
RESULT: {"using":"xpath","value":"//button[@data-kt=\"provideButton\"]"}
COMMAND: POST /session/21ce62c4ecbe6d238b640e15c86407e3/elements - {"using":"xpath","value":"//button[@data-kt=\"provideButton\"]"}
RESULT: {"using":"xpath","value":"//button[@data-kt=\"provideButton\"]"}
COMMAND: POST /session/21ce62c4ecbe6d238b640e15c86407e3/elements - {"using":"xpath","value":"//button[@data-kt=\"provideButton\"]"}
RESULT: {"using":"xpath","value":"//button[@data-kt=\"provideButton\"]"}
COMMAND: POST /session/21ce62c4ecbe6d238b640e15c86407e3/elements - {"using":"xpath","value":"//button[@data-kt=\"provideButton\"]"}
RESULT: {"using":"xpath","value":"//button[@data-kt=\"provideButton\"]"}
COMMAND: POST /session/21ce62c4ecbe6d238b640e15c86407e3/elements - {"using":"xpath","value":"//button[@data-kt=\"provideButton\"]"}
RESULT: {"using":"xpath","value":"//button[@data-kt=\"provideButton\"]"}
COMMAND: POST /session/21ce62c4ecbe6d238b640e15c86407e3/elements - {"using":"xpath","value":"//button[@data-kt=\"provideButton\"]"}
RESULT: {"using":"xpath","value":"//button[@data-kt=\"provideButton\"]"}
COMMAND: POST /session/21ce62c4ecbe6d238b640e15c86407e3/elements - {"using":"xpath","value":"//button[@data-kt=\"provideButton\"]"}
RESULT: {"using":"xpath","value":"//button[@data-kt=\"provideButton\"]"}
COMMAND: POST /session/21ce62c4ecbe6d238b640e15c86407e3/elements - {"using":"xpath","value":"//button[@data-kt=\"provideButton\"]"}
RESULT: {"using":"xpath","value":"//button[@data-kt=\"provideButton\"]"}
COMMAND: POST /session/21ce62c4ecbe6d238b640e15c86407e3/elements - {"using":"xpath","value":"//button[@data-kt=\"provideButton\"]"}
RESULT: {"using":"xpath","value":"//button[@data-kt=\"provideButton\"]"}
COMMAND: POST /session/21ce62c4ecbe6d238b640e15c86407e3/elements - {"using":"xpath","value":"//button[@data-kt=\"provideButton\"]"}
RESULT: {"using":"xpath","value":"//button[@data-kt=\"provideButton\"]"}
COMMAND: POST /session/21ce62c4ecbe6d238b640e15c86407e3/elements - {"using":"xpath","value":"//button[@data-kt=\"provideButton\"]"}
RESULT: {"using":"xpath","value":"//button[@data-kt=\"provideButton\"]"}
COMMAND: POST /session/21ce62c4ecbe6d238b640e15c86407e3/elements - {"using":"xpath","value":"//button[@data-kt=\"provideButton\"]"}
RESULT: {"using":"xpath","value":"//button[@data-kt=\"provideButton\"]"}
COMMAND: POST /session/21ce62c4ecbe6d238b640e15c86407e3/elements - {"using":"xpath","value":"//button[@data-kt=\"provideButton\"]"}
RESULT: {"using":"xpath","value":"//button[@data-kt=\"provideButton\"]"}
COMMAND: POST /session/21ce62c4ecbe6d238b640e15c86407e3/elements - {"using":"xpath","value":"//button[@data-kt=\"provideButton\"]"}
RESULT: {"using":"xpath","value":"//button[@data-kt=\"provideButton\"]"}
COMMAND: POST /session/21ce62c4ecbe6d238b640e15c86407e3/elements - {"using":"xpath","value":"//button[@data-kt=\"provideButton\"]"}
RESULT: {"using":"xpath","value":"//button[@data-kt=\"provideButton\"]"}
COMMAND: POST /session/21ce62c4ecbe6d238b640e15c86407e3/elements - {"using":"xpath","value":"//button[@data-kt=\"provideButton\"]"}
RESULT: {"using":"xpath","value":"//button[@data-kt=\"provideButton\"]"}
COMMAND: POST /session/21ce62c4ecbe6d238b640e15c86407e3/elements - {"using":"xpath","value":"//button[@data-kt=\"provideButton\"]"}
RESULT: {"using":"xpath","value":"//button[@data-kt=\"provideButton\"]"}
COMMAND: POST /session/21ce62c4ecbe6d238b640e15c86407e3/elements - {"using":"xpath","value":"//button[@data-kt=\"provideButton\"]"}
RESULT: {"using":"xpath","value":"//button[@data-kt=\"provideButton\"]"}
COMMAND: POST /session/21ce62c4ecbe6d238b640e15c86407e3/elements - {"using":"xpath","value":"//button[@data-kt=\"provideButton\"]"}
RESULT: {"using":"xpath","value":"//button[@data-kt=\"provideButton\"]"}
COMMAND: POST /session/21ce62c4ecbe6d238b640e15c86407e3/elements - {"using":"xpath","value":"//button[@data-kt=\"provideButton\"]"}
RESULT: {"using":"xpath","value":"//button[@data-kt=\"provideButton\"]"}
COMMAND: POST /session/21ce62c4ecbe6d238b640e15c86407e3/elements - {"using":"xpath","value":"//button[@data-kt=\"provideButton\"]"}
RESULT: {"using":"xpath","value":"//button[@data-kt=\"provideButton\"]"}
COMMAND: POST /session/21ce62c4ecbe6d238b640e15c86407e3/elements - {"using":"xpath","value":"//button[@data-kt=\"provideButton\"]"}
RESULT: {"using":"xpath","value":"//button[@data-kt=\"provideButton\"]"}
COMMAND: POST /session/21ce62c4ecbe6d238b640e15c86407e3/elements - {"using":"xpath","value":"//button[@data-kt=\"provideButton\"]"}
RESULT: {"using":"xpath","value":"//button[@data-kt=\"provideButton\"]"}
COMMAND: POST /session/21ce62c4ecbe6d238b640e15c86407e3/elements - {"using":"xpath","value":"//button[@data-kt=\"provideButton\"]"}
RESULT: {"using":"xpath","value":"//button[@data-kt=\"provideButton\"]"}
COMMAND: POST /session/21ce62c4ecbe6d238b640e15c86407e3/elements - {"using":"xpath","value":"//button[@data-kt=\"provideButton\"]"}
RESULT: {"using":"xpath","value":"//button[@data-kt=\"provideButton\"]"}
COMMAND: POST /session/21ce62c4ecbe6d238b640e15c86407e3/elements - {"using":"xpath","value":"//button[@data-kt=\"provideButton\"]"}
RESULT: {"using":"xpath","value":"//button[@data-kt=\"provideButton\"]"}
COMMAND: POST /session/21ce62c4ecbe6d238b640e15c86407e3/elements - {"using":"xpath","value":"//button[@data-kt=\"provideButton\"]"}
RESULT: {"using":"xpath","value":"//button[@data-kt=\"provideButton\"]"}
COMMAND: POST /session/21ce62c4ecbe6d238b640e15c86407e3/elements - {"using":"xpath","value":"//button[@data-kt=\"provideButton\"]"}
RESULT: {"using":"xpath","value":"//button[@data-kt=\"provideButton\"]"}
COMMAND: POST /session/21ce62c4ecbe6d238b640e15c86407e3/elements - {"using":"xpath","value":"//button[@data-kt=\"provideButton\"]"}
RESULT: {"using":"xpath","value":"//button[@data-kt=\"provideButton\"]"}
COMMAND: POST /session/21ce62c4ecbe6d238b640e15c86407e3/elements - {"using":"xpath","value":"//button[@data-kt=\"provideButton\"]"}
RESULT: {"using":"xpath","value":"//button[@data-kt=\"provideButton\"]"}
COMMAND: POST /session/21ce62c4ecbe6d238b640e15c86407e3/elements - {"using":"xpath","value":"//button[@data-kt=\"provideButton\"]"}
RESULT: {"using":"xpath","value":"//button[@data-kt=\"provideButton\"]"}
COMMAND: POST /session/21ce62c4ecbe6d238b640e15c86407e3/elements - {"using":"xpath","value":"//button[@data-kt=\"provideButton\"]"}
RESULT: {"using":"xpath","value":"//button[@data-kt=\"provideButton\"]"}
COMMAND: POST /session/21ce62c4ecbe6d238b640e15c86407e3/elements - {"using":"xpath","value":"//button[@data-kt=\"provideButton\"]"}
RESULT: {"using":"xpath","value":"//button[@data-kt=\"provideButton\"]"}
COMMAND: POST /session/21ce62c4ecbe6d238b640e15c86407e3/elements - {"using":"xpath","value":"//button[@data-kt=\"provideButton\"]"}
RESULT: {"using":"xpath","value":"//button[@data-kt=\"provideButton\"]"}
COMMAND: POST /session/21ce62c4ecbe6d238b640e15c86407e3/elements - {"using":"xpath","value":"//button[@data-kt=\"provideButton\"]"}
RESULT: {"using":"xpath","value":"//button[@data-kt=\"provideButton\"]"}
COMMAND: POST /session/21ce62c4ecbe6d238b640e15c86407e3/elements - {"using":"xpath","value":"//button[@data-kt=\"provideButton\"]"}
RESULT: {"using":"xpath","value":"//button[@data-kt=\"provideButton\"]"}
COMMAND: POST /session/21ce62c4ecbe6d238b640e15c86407e3/elements - {"using":"xpath","value":"//button[@data-kt=\"provideButton\"]"}
RESULT: {"using":"xpath","value":"//button[@data-kt=\"provideButton\"]"}
COMMAND: POST /session/21ce62c4ecbe6d238b640e15c86407e3/elements - {"using":"xpath","value":"//button[@data-kt=\"provideButton\"]"}
RESULT: {"using":"xpath","value":"//button[@data-kt=\"provideButton\"]"}
COMMAND: POST /session/21ce62c4ecbe6d238b640e15c86407e3/elements - {"using":"xpath","value":"//button[@data-kt=\"provideButton\"]"}
RESULT: {"using":"xpath","value":"//button[@data-kt=\"provideButton\"]"}
COMMAND: POST /session/21ce62c4ecbe6d238b640e15c86407e3/elements - {"using":"xpath","value":"//button[@data-kt=\"provideButton\"]"}
RESULT: {"using":"xpath","value":"//button[@data-kt=\"provideButton\"]"}
COMMAND: POST /session/21ce62c4ecbe6d238b640e15c86407e3/elements - {"using":"xpath","value":"//button[@data-kt=\"provideButton\"]"}
RESULT: {"using":"xpath","value":"//button[@data-kt=\"provideButton\"]"}
COMMAND: POST /session/21ce62c4ecbe6d238b640e15c86407e3/elements - {"using":"xpath","value":"//button[@data-kt=\"provideButton\"]"}
RESULT: {"using":"xpath","value":"//button[@data-kt=\"provideButton\"]"}
COMMAND: POST /session/21ce62c4ecbe6d238b640e15c86407e3/elements - {"using":"xpath","value":"//button[@data-kt=\"provideButton\"]"}
RESULT: {"using":"xpath","value":"//button[@data-kt=\"provideButton\"]"}
COMMAND: POST /session/21ce62c4ecbe6d238b640e15c86407e3/elements - {"using":"xpath","value":"//button[@data-kt=\"provideButton\"]"}
RESULT: {"using":"xpath","value":"//button[@data-kt=\"provideButton\"]"}
COMMAND: POST /session/21ce62c4ecbe6d238b640e15c86407e3/elements - {"using":"xpath","value":"//button[@data-kt=\"provideButton\"]"}
RESULT: {"using":"xpath","value":"//button[@data-kt=\"provideButton\"]"}
COMMAND: POST /session/21ce62c4ecbe6d238b640e15c86407e3/elements - {"using":"xpath","value":"//button[@data-kt=\"provideButton\"]"}
RESULT: {"using":"xpath","value":"//button[@data-kt=\"provideButton\"]"}
COMMAND: POST /session/21ce62c4ecbe6d238b640e15c86407e3/elements - {"using":"xpath","value":"//button[@data-kt=\"provideButton\"]"}
RESULT: {"using":"xpath","value":"//button[@data-kt=\"provideButton\"]"}
COMMAND: POST /session/21ce62c4ecbe6d238b640e15c86407e3/elements - {"using":"xpath","value":"//button[@data-kt=\"provideButton\"]"}
RESULT: {"using":"xpath","value":"//button[@data-kt=\"provideButton\"]"}
COMMAND: POST /session/21ce62c4ecbe6d238b640e15c86407e3/elements - {"using":"xpath","value":"//button[@data-kt=\"provideButton\"]"}
RESULT: {"using":"xpath","value":"//button[@data-kt=\"provideButton\"]"}
COMMAND: POST /session/21ce62c4ecbe6d238b640e15c86407e3/elements - {"using":"xpath","value":"//button[@data-kt=\"provideButton\"]"}
RESULT: {"using":"xpath","value":"//button[@data-kt=\"provideButton\"]"}
COMMAND: POST /session/21ce62c4ecbe6d238b640e15c86407e3/elements - {"using":"xpath","value":"//button[@data-kt=\"provideButton\"]"}
RESULT: {"using":"xpath","value":"//button[@data-kt=\"provideButton\"]"}
COMMAND: POST /session/21ce62c4ecbe6d238b640e15c86407e3/elements - {"using":"xpath","value":"//button[@data-kt=\"provideButton\"]"}
RESULT: {"using":"xpath","value":"//button[@data-kt=\"provideButton\"]"}
COMMAND: POST /session/21ce62c4ecbe6d238b640e15c86407e3/elements - {"using":"xpath","value":"//button[@data-kt=\"provideButton\"]"}
RESULT: {"using":"xpath","value":"//button[@data-kt=\"provideButton\"]"}
COMMAND: POST /session/21ce62c4ecbe6d238b640e15c86407e3/elements - {"using":"xpath","value":"//button[@data-kt=\"provideButton\"]"}
RESULT: {"using":"xpath","value":"//button[@data-kt=\"provideButton\"]"}
COMMAND: POST /session/21ce62c4ecbe6d238b640e15c86407e3/elements - {"using":"xpath","value":"//button[@data-kt=\"provideButton\"]"}
RESULT: {"using":"xpath","value":"//button[@data-kt=\"provideButton\"]"}
COMMAND: POST /session/21ce62c4ecbe6d238b640e15c86407e3/elements - {"using":"xpath","value":"//button[@data-kt=\"provideButton\"]"}
RESULT: {"using":"xpath","value":"//button[@data-kt=\"provideButton\"]"}
COMMAND: POST /session/21ce62c4ecbe6d238b640e15c86407e3/elements - {"using":"xpath","value":"//button[@data-kt=\"provideButton\"]"}
COMMAND: GET /session/21ce62c4ecbe6d238b640e15c86407e3/screenshot - {}
RESULT: {"using":"xpath","value":"//button[@data-kt=\"provideButton\"]"}
RESULT: {}
]]></system-out>
      <system-err><![CDATA[
Error: Can't call click on element with selector "//button[@data-kt="provideButton"]" because element wasn't found
    at async Context.<anonymous> (D:\a\1\s\test\specs\HTR\return-from-site-w-warehouse-management-w-clarification.spec.js:83:9)
]]></system-err>
    </testcase>
    <testcase classname="chrome.136_0_7103_93.windows.Return_from_Site_w/_warehouse_management_w_clarification" name="Should test for Handover Execution" time="78.933">
      <failure/>
      <error message="element (&quot;//section[contains(@id,&quot;FC-NoHead&quot;)]/div[1]/div[5]/div[2]/span&quot;) still not existing after 45000ms"/>
      <system-out><![CDATA[
COMMAND: POST /session/21ce62c4ecbe6d238b640e15c86407e3/execute/async - {"script":"<script> [1562 bytes]","args":[{"selector":{"controlType":"sap.m.Link","viewName":"etm.portal.ui.managehandovers.view.DetailExecuteHO","bindingPath":{"path":"","propertyPath":"/wmDoc","modelName":"warehouseMovModel"}},"wdio_ui5_key":"etmportal.ui.managehandovers.view.DetailExecuteHOsap.m.Link{\"path\":\"\",\"propertyPath\":\"/wmDoc\",\"modelName\":\"warehouseMovModel\"}"}]}
COMMAND: GET /session/21ce62c4ecbe6d238b640e15c86407e3/screenshot - {}
RESULT: {"script":"<script> [1562 bytes]","args":[{"selector":{"controlType":"sap.m.Link","viewName":"etm.portal.ui.managehandovers.view.DetailExecuteHO","bindingPath":{"path":"","propertyPath":"/wmDoc","modelName":"warehouseMovModel"}},"wdio_ui5_key":"etmportal.ui.managehandovers.view.DetailExecuteHOsap.m.Link{\"path\":\"\",\"propertyPath\":\"/wmDoc\",\"modelName\":\"warehouseMovModel\"}"}]}
RESULT: undefined
RESULT: {}
COMMAND: POST /session/21ce62c4ecbe6d238b640e15c86407e3/execute/async - {"script":"<script> [1562 bytes]","args":[{"selector":{"controlType":"sap.m.Link","viewName":"etm.portal.ui.managehandovers.view.DetailExecuteHO","properties":{"text":"Warehouse Overview"},"searchOpenDialogs":true},"wdio_ui5_key":"etmportal.ui.managehandovers.view.DetailExecuteHOsap.m.Link{\"text\":\"Warehouse Overview\"}"}]}
RESULT: {"script":"<script> [1562 bytes]","args":[{"selector":{"controlType":"sap.m.Link","viewName":"etm.portal.ui.managehandovers.view.DetailExecuteHO","properties":{"text":"Warehouse Overview"},"searchOpenDialogs":true},"wdio_ui5_key":"etmportal.ui.managehandovers.view.DetailExecuteHOsap.m.Link{\"text\":\"Warehouse Overview\"}"}]}
RESULT: undefined
COMMAND: POST /session/21ce62c4ecbe6d238b640e15c86407e3/execute/async - {"script":"<script> [1562 bytes]","args":[{"selector":{"controlType":"sap.m.Button","viewName":"etm.portal.ui.warehousemovements.view.DisplayMovement","viewId":"application-warehousemovements-display-component---displayMovement","i18NText":{"propertyName":"text","key":"execution"},"interaction":{"idSuffix":"BDI-content"}},"wdio_ui5_key":"etmportal.ui.warehousemovements.view.DisplayMovementsap.m.Button{\"propertyName\":\"text\",\"key\":\"execution\"}"}]}
RESULT: {"script":"<script> [1562 bytes]","args":[{"selector":{"controlType":"sap.m.Button","viewName":"etm.portal.ui.warehousemovements.view.DisplayMovement","viewId":"application-warehousemovements-display-component---displayMovement","i18NText":{"propertyName":"text","key":"execution"},"interaction":{"idSuffix":"BDI-content"}},"wdio_ui5_key":"etmportal.ui.warehousemovements.view.DisplayMovementsap.m.Button{\"propertyName\":\"text\",\"key\":\"execution\"}"}]}
RESULT: undefined
COMMAND: POST /session/21ce62c4ecbe6d238b640e15c86407e3/execute/async - {"script":"<script> [1562 bytes]","args":[{"selector":{"controlType":"sap.m.Button","viewName":"etm.portal.ui.warehousemovements.view.ExecuteMovement","viewId":"application-warehousemovements-display-component---executeMovement","properties":{"text":"Items"},"interaction":{"idSuffix":"BDI-content"}},"wdio_ui5_key":"etmportal.ui.warehousemovements.view.ExecuteMovementsap.m.Button{\"text\":\"Items\"}"}]}
RESULT: {"script":"<script> [1562 bytes]","args":[{"selector":{"controlType":"sap.m.Button","viewName":"etm.portal.ui.warehousemovements.view.ExecuteMovement","viewId":"application-warehousemovements-display-component---executeMovement","properties":{"text":"Items"},"interaction":{"idSuffix":"BDI-content"}},"wdio_ui5_key":"etmportal.ui.warehousemovements.view.ExecuteMovementsap.m.Button{\"text\":\"Items\"}"}]}
RESULT: undefined
COMMAND: POST /session/21ce62c4ecbe6d238b640e15c86407e3/execute/async - {"script":"<script> [1562 bytes]","args":[{"selector":{"controlType":"sap.m.ToggleButton","viewName":"etm.portal.ui.warehousemovements.view.ExecuteMovement","viewId":"application-warehousemovements-display-component---executeMovement","bindingPath":{"propertyPath":"STATUS","modelName":"catalogModel"},"interaction":{"idSuffix":"BDI-content"}},"wdio_ui5_key":"etmportal.ui.warehousemovements.view.ExecuteMovementsap.m.ToggleButton{\"propertyPath\":\"STATUS\",\"modelName\":\"catalogModel\"}"}]}
RESULT: {"script":"<script> [1562 bytes]","args":[{"selector":{"controlType":"sap.m.ToggleButton","viewName":"etm.portal.ui.warehousemovements.view.ExecuteMovement","viewId":"application-warehousemovements-display-component---executeMovement","bindingPath":{"propertyPath":"STATUS","modelName":"catalogModel"},"interaction":{"idSuffix":"BDI-content"}},"wdio_ui5_key":"etmportal.ui.warehousemovements.view.ExecuteMovementsap.m.ToggleButton{\"propertyPath\":\"STATUS\",\"modelName\":\"catalogModel\"}"}]}
RESULT: undefined
RESULT: undefined
COMMAND: POST /session/21ce62c4ecbe6d238b640e15c86407e3/element - {"using":"xpath","value":"//section[contains(@id,\"FC-NoHead\")]/div[1]/div[5]/div[2]/span"}
RESULT: {"using":"xpath","value":"//section[contains(@id,\"FC-NoHead\")]/div[1]/div[5]/div[2]/span"}
COMMAND: POST /session/21ce62c4ecbe6d238b640e15c86407e3/elements - {"using":"xpath","value":"//section[contains(@id,\"FC-NoHead\")]/div[1]/div[5]/div[2]/span"}
RESULT: {"using":"xpath","value":"//section[contains(@id,\"FC-NoHead\")]/div[1]/div[5]/div[2]/span"}
COMMAND: POST /session/21ce62c4ecbe6d238b640e15c86407e3/elements - {"using":"xpath","value":"//section[contains(@id,\"FC-NoHead\")]/div[1]/div[5]/div[2]/span"}
RESULT: {"using":"xpath","value":"//section[contains(@id,\"FC-NoHead\")]/div[1]/div[5]/div[2]/span"}
COMMAND: POST /session/21ce62c4ecbe6d238b640e15c86407e3/elements - {"using":"xpath","value":"//section[contains(@id,\"FC-NoHead\")]/div[1]/div[5]/div[2]/span"}
RESULT: {"using":"xpath","value":"//section[contains(@id,\"FC-NoHead\")]/div[1]/div[5]/div[2]/span"}
COMMAND: POST /session/21ce62c4ecbe6d238b640e15c86407e3/elements - {"using":"xpath","value":"//section[contains(@id,\"FC-NoHead\")]/div[1]/div[5]/div[2]/span"}
RESULT: {"using":"xpath","value":"//section[contains(@id,\"FC-NoHead\")]/div[1]/div[5]/div[2]/span"}
COMMAND: POST /session/21ce62c4ecbe6d238b640e15c86407e3/elements - {"using":"xpath","value":"//section[contains(@id,\"FC-NoHead\")]/div[1]/div[5]/div[2]/span"}
RESULT: {"using":"xpath","value":"//section[contains(@id,\"FC-NoHead\")]/div[1]/div[5]/div[2]/span"}
COMMAND: POST /session/21ce62c4ecbe6d238b640e15c86407e3/elements - {"using":"xpath","value":"//section[contains(@id,\"FC-NoHead\")]/div[1]/div[5]/div[2]/span"}
RESULT: {"using":"xpath","value":"//section[contains(@id,\"FC-NoHead\")]/div[1]/div[5]/div[2]/span"}
COMMAND: POST /session/21ce62c4ecbe6d238b640e15c86407e3/elements - {"using":"xpath","value":"//section[contains(@id,\"FC-NoHead\")]/div[1]/div[5]/div[2]/span"}
RESULT: {"using":"xpath","value":"//section[contains(@id,\"FC-NoHead\")]/div[1]/div[5]/div[2]/span"}
COMMAND: POST /session/21ce62c4ecbe6d238b640e15c86407e3/elements - {"using":"xpath","value":"//section[contains(@id,\"FC-NoHead\")]/div[1]/div[5]/div[2]/span"}
RESULT: {"using":"xpath","value":"//section[contains(@id,\"FC-NoHead\")]/div[1]/div[5]/div[2]/span"}
COMMAND: POST /session/21ce62c4ecbe6d238b640e15c86407e3/elements - {"using":"xpath","value":"//section[contains(@id,\"FC-NoHead\")]/div[1]/div[5]/div[2]/span"}
RESULT: {"using":"xpath","value":"//section[contains(@id,\"FC-NoHead\")]/div[1]/div[5]/div[2]/span"}
COMMAND: POST /session/21ce62c4ecbe6d238b640e15c86407e3/elements - {"using":"xpath","value":"//section[contains(@id,\"FC-NoHead\")]/div[1]/div[5]/div[2]/span"}
RESULT: {"using":"xpath","value":"//section[contains(@id,\"FC-NoHead\")]/div[1]/div[5]/div[2]/span"}
COMMAND: POST /session/21ce62c4ecbe6d238b640e15c86407e3/elements - {"using":"xpath","value":"//section[contains(@id,\"FC-NoHead\")]/div[1]/div[5]/div[2]/span"}
RESULT: {"using":"xpath","value":"//section[contains(@id,\"FC-NoHead\")]/div[1]/div[5]/div[2]/span"}
COMMAND: POST /session/21ce62c4ecbe6d238b640e15c86407e3/elements - {"using":"xpath","value":"//section[contains(@id,\"FC-NoHead\")]/div[1]/div[5]/div[2]/span"}
RESULT: {"using":"xpath","value":"//section[contains(@id,\"FC-NoHead\")]/div[1]/div[5]/div[2]/span"}
COMMAND: POST /session/21ce62c4ecbe6d238b640e15c86407e3/elements - {"using":"xpath","value":"//section[contains(@id,\"FC-NoHead\")]/div[1]/div[5]/div[2]/span"}
RESULT: {"using":"xpath","value":"//section[contains(@id,\"FC-NoHead\")]/div[1]/div[5]/div[2]/span"}
COMMAND: POST /session/21ce62c4ecbe6d238b640e15c86407e3/elements - {"using":"xpath","value":"//section[contains(@id,\"FC-NoHead\")]/div[1]/div[5]/div[2]/span"}
RESULT: {"using":"xpath","value":"//section[contains(@id,\"FC-NoHead\")]/div[1]/div[5]/div[2]/span"}
COMMAND: POST /session/21ce62c4ecbe6d238b640e15c86407e3/elements - {"using":"xpath","value":"//section[contains(@id,\"FC-NoHead\")]/div[1]/div[5]/div[2]/span"}
RESULT: {"using":"xpath","value":"//section[contains(@id,\"FC-NoHead\")]/div[1]/div[5]/div[2]/span"}
COMMAND: POST /session/21ce62c4ecbe6d238b640e15c86407e3/elements - {"using":"xpath","value":"//section[contains(@id,\"FC-NoHead\")]/div[1]/div[5]/div[2]/span"}
RESULT: {"using":"xpath","value":"//section[contains(@id,\"FC-NoHead\")]/div[1]/div[5]/div[2]/span"}
COMMAND: POST /session/21ce62c4ecbe6d238b640e15c86407e3/elements - {"using":"xpath","value":"//section[contains(@id,\"FC-NoHead\")]/div[1]/div[5]/div[2]/span"}
RESULT: {"using":"xpath","value":"//section[contains(@id,\"FC-NoHead\")]/div[1]/div[5]/div[2]/span"}
COMMAND: POST /session/21ce62c4ecbe6d238b640e15c86407e3/elements - {"using":"xpath","value":"//section[contains(@id,\"FC-NoHead\")]/div[1]/div[5]/div[2]/span"}
RESULT: {"using":"xpath","value":"//section[contains(@id,\"FC-NoHead\")]/div[1]/div[5]/div[2]/span"}
COMMAND: POST /session/21ce62c4ecbe6d238b640e15c86407e3/elements - {"using":"xpath","value":"//section[contains(@id,\"FC-NoHead\")]/div[1]/div[5]/div[2]/span"}
RESULT: {"using":"xpath","value":"//section[contains(@id,\"FC-NoHead\")]/div[1]/div[5]/div[2]/span"}
COMMAND: POST /session/21ce62c4ecbe6d238b640e15c86407e3/elements - {"using":"xpath","value":"//section[contains(@id,\"FC-NoHead\")]/div[1]/div[5]/div[2]/span"}
RESULT: {"using":"xpath","value":"//section[contains(@id,\"FC-NoHead\")]/div[1]/div[5]/div[2]/span"}
COMMAND: POST /session/21ce62c4ecbe6d238b640e15c86407e3/elements - {"using":"xpath","value":"//section[contains(@id,\"FC-NoHead\")]/div[1]/div[5]/div[2]/span"}
RESULT: {"using":"xpath","value":"//section[contains(@id,\"FC-NoHead\")]/div[1]/div[5]/div[2]/span"}
COMMAND: POST /session/21ce62c4ecbe6d238b640e15c86407e3/elements - {"using":"xpath","value":"//section[contains(@id,\"FC-NoHead\")]/div[1]/div[5]/div[2]/span"}
RESULT: {"using":"xpath","value":"//section[contains(@id,\"FC-NoHead\")]/div[1]/div[5]/div[2]/span"}
COMMAND: POST /session/21ce62c4ecbe6d238b640e15c86407e3/elements - {"using":"xpath","value":"//section[contains(@id,\"FC-NoHead\")]/div[1]/div[5]/div[2]/span"}
RESULT: {"using":"xpath","value":"//section[contains(@id,\"FC-NoHead\")]/div[1]/div[5]/div[2]/span"}
COMMAND: POST /session/21ce62c4ecbe6d238b640e15c86407e3/elements - {"using":"xpath","value":"//section[contains(@id,\"FC-NoHead\")]/div[1]/div[5]/div[2]/span"}
RESULT: {"using":"xpath","value":"//section[contains(@id,\"FC-NoHead\")]/div[1]/div[5]/div[2]/span"}
COMMAND: POST /session/21ce62c4ecbe6d238b640e15c86407e3/elements - {"using":"xpath","value":"//section[contains(@id,\"FC-NoHead\")]/div[1]/div[5]/div[2]/span"}
RESULT: {"using":"xpath","value":"//section[contains(@id,\"FC-NoHead\")]/div[1]/div[5]/div[2]/span"}
COMMAND: POST /session/21ce62c4ecbe6d238b640e15c86407e3/elements - {"using":"xpath","value":"//section[contains(@id,\"FC-NoHead\")]/div[1]/div[5]/div[2]/span"}
RESULT: {"using":"xpath","value":"//section[contains(@id,\"FC-NoHead\")]/div[1]/div[5]/div[2]/span"}
COMMAND: POST /session/21ce62c4ecbe6d238b640e15c86407e3/elements - {"using":"xpath","value":"//section[contains(@id,\"FC-NoHead\")]/div[1]/div[5]/div[2]/span"}
RESULT: {"using":"xpath","value":"//section[contains(@id,\"FC-NoHead\")]/div[1]/div[5]/div[2]/span"}
COMMAND: POST /session/21ce62c4ecbe6d238b640e15c86407e3/elements - {"using":"xpath","value":"//section[contains(@id,\"FC-NoHead\")]/div[1]/div[5]/div[2]/span"}
RESULT: {"using":"xpath","value":"//section[contains(@id,\"FC-NoHead\")]/div[1]/div[5]/div[2]/span"}
COMMAND: POST /session/21ce62c4ecbe6d238b640e15c86407e3/elements - {"using":"xpath","value":"//section[contains(@id,\"FC-NoHead\")]/div[1]/div[5]/div[2]/span"}
RESULT: {"using":"xpath","value":"//section[contains(@id,\"FC-NoHead\")]/div[1]/div[5]/div[2]/span"}
COMMAND: POST /session/21ce62c4ecbe6d238b640e15c86407e3/elements - {"using":"xpath","value":"//section[contains(@id,\"FC-NoHead\")]/div[1]/div[5]/div[2]/span"}
RESULT: {"using":"xpath","value":"//section[contains(@id,\"FC-NoHead\")]/div[1]/div[5]/div[2]/span"}
COMMAND: POST /session/21ce62c4ecbe6d238b640e15c86407e3/elements - {"using":"xpath","value":"//section[contains(@id,\"FC-NoHead\")]/div[1]/div[5]/div[2]/span"}
RESULT: {"using":"xpath","value":"//section[contains(@id,\"FC-NoHead\")]/div[1]/div[5]/div[2]/span"}
COMMAND: POST /session/21ce62c4ecbe6d238b640e15c86407e3/elements - {"using":"xpath","value":"//section[contains(@id,\"FC-NoHead\")]/div[1]/div[5]/div[2]/span"}
RESULT: {"using":"xpath","value":"//section[contains(@id,\"FC-NoHead\")]/div[1]/div[5]/div[2]/span"}
COMMAND: POST /session/21ce62c4ecbe6d238b640e15c86407e3/elements - {"using":"xpath","value":"//section[contains(@id,\"FC-NoHead\")]/div[1]/div[5]/div[2]/span"}
RESULT: {"using":"xpath","value":"//section[contains(@id,\"FC-NoHead\")]/div[1]/div[5]/div[2]/span"}
COMMAND: POST /session/21ce62c4ecbe6d238b640e15c86407e3/elements - {"using":"xpath","value":"//section[contains(@id,\"FC-NoHead\")]/div[1]/div[5]/div[2]/span"}
RESULT: {"using":"xpath","value":"//section[contains(@id,\"FC-NoHead\")]/div[1]/div[5]/div[2]/span"}
COMMAND: POST /session/21ce62c4ecbe6d238b640e15c86407e3/elements - {"using":"xpath","value":"//section[contains(@id,\"FC-NoHead\")]/div[1]/div[5]/div[2]/span"}
RESULT: {"using":"xpath","value":"//section[contains(@id,\"FC-NoHead\")]/div[1]/div[5]/div[2]/span"}
COMMAND: POST /session/21ce62c4ecbe6d238b640e15c86407e3/elements - {"using":"xpath","value":"//section[contains(@id,\"FC-NoHead\")]/div[1]/div[5]/div[2]/span"}
RESULT: {"using":"xpath","value":"//section[contains(@id,\"FC-NoHead\")]/div[1]/div[5]/div[2]/span"}
COMMAND: POST /session/21ce62c4ecbe6d238b640e15c86407e3/elements - {"using":"xpath","value":"//section[contains(@id,\"FC-NoHead\")]/div[1]/div[5]/div[2]/span"}
RESULT: {"using":"xpath","value":"//section[contains(@id,\"FC-NoHead\")]/div[1]/div[5]/div[2]/span"}
COMMAND: POST /session/21ce62c4ecbe6d238b640e15c86407e3/elements - {"using":"xpath","value":"//section[contains(@id,\"FC-NoHead\")]/div[1]/div[5]/div[2]/span"}
RESULT: {"using":"xpath","value":"//section[contains(@id,\"FC-NoHead\")]/div[1]/div[5]/div[2]/span"}
COMMAND: POST /session/21ce62c4ecbe6d238b640e15c86407e3/elements - {"using":"xpath","value":"//section[contains(@id,\"FC-NoHead\")]/div[1]/div[5]/div[2]/span"}
RESULT: {"using":"xpath","value":"//section[contains(@id,\"FC-NoHead\")]/div[1]/div[5]/div[2]/span"}
COMMAND: POST /session/21ce62c4ecbe6d238b640e15c86407e3/elements - {"using":"xpath","value":"//section[contains(@id,\"FC-NoHead\")]/div[1]/div[5]/div[2]/span"}
RESULT: {"using":"xpath","value":"//section[contains(@id,\"FC-NoHead\")]/div[1]/div[5]/div[2]/span"}
COMMAND: POST /session/21ce62c4ecbe6d238b640e15c86407e3/elements - {"using":"xpath","value":"//section[contains(@id,\"FC-NoHead\")]/div[1]/div[5]/div[2]/span"}
RESULT: {"using":"xpath","value":"//section[contains(@id,\"FC-NoHead\")]/div[1]/div[5]/div[2]/span"}
COMMAND: POST /session/21ce62c4ecbe6d238b640e15c86407e3/elements - {"using":"xpath","value":"//section[contains(@id,\"FC-NoHead\")]/div[1]/div[5]/div[2]/span"}
RESULT: {"using":"xpath","value":"//section[contains(@id,\"FC-NoHead\")]/div[1]/div[5]/div[2]/span"}
COMMAND: POST /session/21ce62c4ecbe6d238b640e15c86407e3/elements - {"using":"xpath","value":"//section[contains(@id,\"FC-NoHead\")]/div[1]/div[5]/div[2]/span"}
RESULT: {"using":"xpath","value":"//section[contains(@id,\"FC-NoHead\")]/div[1]/div[5]/div[2]/span"}
COMMAND: POST /session/21ce62c4ecbe6d238b640e15c86407e3/elements - {"using":"xpath","value":"//section[contains(@id,\"FC-NoHead\")]/div[1]/div[5]/div[2]/span"}
RESULT: {"using":"xpath","value":"//section[contains(@id,\"FC-NoHead\")]/div[1]/div[5]/div[2]/span"}
COMMAND: POST /session/21ce62c4ecbe6d238b640e15c86407e3/elements - {"using":"xpath","value":"//section[contains(@id,\"FC-NoHead\")]/div[1]/div[5]/div[2]/span"}
RESULT: {"using":"xpath","value":"//section[contains(@id,\"FC-NoHead\")]/div[1]/div[5]/div[2]/span"}
COMMAND: POST /session/21ce62c4ecbe6d238b640e15c86407e3/elements - {"using":"xpath","value":"//section[contains(@id,\"FC-NoHead\")]/div[1]/div[5]/div[2]/span"}
RESULT: {"using":"xpath","value":"//section[contains(@id,\"FC-NoHead\")]/div[1]/div[5]/div[2]/span"}
COMMAND: POST /session/21ce62c4ecbe6d238b640e15c86407e3/elements - {"using":"xpath","value":"//section[contains(@id,\"FC-NoHead\")]/div[1]/div[5]/div[2]/span"}
RESULT: {"using":"xpath","value":"//section[contains(@id,\"FC-NoHead\")]/div[1]/div[5]/div[2]/span"}
COMMAND: POST /session/21ce62c4ecbe6d238b640e15c86407e3/elements - {"using":"xpath","value":"//section[contains(@id,\"FC-NoHead\")]/div[1]/div[5]/div[2]/span"}
RESULT: {"using":"xpath","value":"//section[contains(@id,\"FC-NoHead\")]/div[1]/div[5]/div[2]/span"}
COMMAND: POST /session/21ce62c4ecbe6d238b640e15c86407e3/elements - {"using":"xpath","value":"//section[contains(@id,\"FC-NoHead\")]/div[1]/div[5]/div[2]/span"}
RESULT: {"using":"xpath","value":"//section[contains(@id,\"FC-NoHead\")]/div[1]/div[5]/div[2]/span"}
COMMAND: POST /session/21ce62c4ecbe6d238b640e15c86407e3/elements - {"using":"xpath","value":"//section[contains(@id,\"FC-NoHead\")]/div[1]/div[5]/div[2]/span"}
RESULT: {"using":"xpath","value":"//section[contains(@id,\"FC-NoHead\")]/div[1]/div[5]/div[2]/span"}
COMMAND: POST /session/21ce62c4ecbe6d238b640e15c86407e3/elements - {"using":"xpath","value":"//section[contains(@id,\"FC-NoHead\")]/div[1]/div[5]/div[2]/span"}
RESULT: {"using":"xpath","value":"//section[contains(@id,\"FC-NoHead\")]/div[1]/div[5]/div[2]/span"}
COMMAND: POST /session/21ce62c4ecbe6d238b640e15c86407e3/elements - {"using":"xpath","value":"//section[contains(@id,\"FC-NoHead\")]/div[1]/div[5]/div[2]/span"}
RESULT: {"using":"xpath","value":"//section[contains(@id,\"FC-NoHead\")]/div[1]/div[5]/div[2]/span"}
COMMAND: POST /session/21ce62c4ecbe6d238b640e15c86407e3/elements - {"using":"xpath","value":"//section[contains(@id,\"FC-NoHead\")]/div[1]/div[5]/div[2]/span"}
RESULT: {"using":"xpath","value":"//section[contains(@id,\"FC-NoHead\")]/div[1]/div[5]/div[2]/span"}
COMMAND: POST /session/21ce62c4ecbe6d238b640e15c86407e3/elements - {"using":"xpath","value":"//section[contains(@id,\"FC-NoHead\")]/div[1]/div[5]/div[2]/span"}
RESULT: {"using":"xpath","value":"//section[contains(@id,\"FC-NoHead\")]/div[1]/div[5]/div[2]/span"}
COMMAND: POST /session/21ce62c4ecbe6d238b640e15c86407e3/elements - {"using":"xpath","value":"//section[contains(@id,\"FC-NoHead\")]/div[1]/div[5]/div[2]/span"}
RESULT: {"using":"xpath","value":"//section[contains(@id,\"FC-NoHead\")]/div[1]/div[5]/div[2]/span"}
COMMAND: POST /session/21ce62c4ecbe6d238b640e15c86407e3/elements - {"using":"xpath","value":"//section[contains(@id,\"FC-NoHead\")]/div[1]/div[5]/div[2]/span"}
RESULT: {"using":"xpath","value":"//section[contains(@id,\"FC-NoHead\")]/div[1]/div[5]/div[2]/span"}
COMMAND: POST /session/21ce62c4ecbe6d238b640e15c86407e3/elements - {"using":"xpath","value":"//section[contains(@id,\"FC-NoHead\")]/div[1]/div[5]/div[2]/span"}
RESULT: {"using":"xpath","value":"//section[contains(@id,\"FC-NoHead\")]/div[1]/div[5]/div[2]/span"}
COMMAND: POST /session/21ce62c4ecbe6d238b640e15c86407e3/elements - {"using":"xpath","value":"//section[contains(@id,\"FC-NoHead\")]/div[1]/div[5]/div[2]/span"}
RESULT: {"using":"xpath","value":"//section[contains(@id,\"FC-NoHead\")]/div[1]/div[5]/div[2]/span"}
COMMAND: POST /session/21ce62c4ecbe6d238b640e15c86407e3/elements - {"using":"xpath","value":"//section[contains(@id,\"FC-NoHead\")]/div[1]/div[5]/div[2]/span"}
RESULT: {"using":"xpath","value":"//section[contains(@id,\"FC-NoHead\")]/div[1]/div[5]/div[2]/span"}
COMMAND: POST /session/21ce62c4ecbe6d238b640e15c86407e3/elements - {"using":"xpath","value":"//section[contains(@id,\"FC-NoHead\")]/div[1]/div[5]/div[2]/span"}
RESULT: {"using":"xpath","value":"//section[contains(@id,\"FC-NoHead\")]/div[1]/div[5]/div[2]/span"}
COMMAND: POST /session/21ce62c4ecbe6d238b640e15c86407e3/elements - {"using":"xpath","value":"//section[contains(@id,\"FC-NoHead\")]/div[1]/div[5]/div[2]/span"}
RESULT: {"using":"xpath","value":"//section[contains(@id,\"FC-NoHead\")]/div[1]/div[5]/div[2]/span"}
COMMAND: POST /session/21ce62c4ecbe6d238b640e15c86407e3/elements - {"using":"xpath","value":"//section[contains(@id,\"FC-NoHead\")]/div[1]/div[5]/div[2]/span"}
RESULT: {"using":"xpath","value":"//section[contains(@id,\"FC-NoHead\")]/div[1]/div[5]/div[2]/span"}
COMMAND: POST /session/21ce62c4ecbe6d238b640e15c86407e3/elements - {"using":"xpath","value":"//section[contains(@id,\"FC-NoHead\")]/div[1]/div[5]/div[2]/span"}
RESULT: {"using":"xpath","value":"//section[contains(@id,\"FC-NoHead\")]/div[1]/div[5]/div[2]/span"}
COMMAND: POST /session/21ce62c4ecbe6d238b640e15c86407e3/elements - {"using":"xpath","value":"//section[contains(@id,\"FC-NoHead\")]/div[1]/div[5]/div[2]/span"}
RESULT: {"using":"xpath","value":"//section[contains(@id,\"FC-NoHead\")]/div[1]/div[5]/div[2]/span"}
COMMAND: POST /session/21ce62c4ecbe6d238b640e15c86407e3/elements - {"using":"xpath","value":"//section[contains(@id,\"FC-NoHead\")]/div[1]/div[5]/div[2]/span"}
RESULT: {"using":"xpath","value":"//section[contains(@id,\"FC-NoHead\")]/div[1]/div[5]/div[2]/span"}
COMMAND: POST /session/21ce62c4ecbe6d238b640e15c86407e3/elements - {"using":"xpath","value":"//section[contains(@id,\"FC-NoHead\")]/div[1]/div[5]/div[2]/span"}
RESULT: {"using":"xpath","value":"//section[contains(@id,\"FC-NoHead\")]/div[1]/div[5]/div[2]/span"}
COMMAND: POST /session/21ce62c4ecbe6d238b640e15c86407e3/elements - {"using":"xpath","value":"//section[contains(@id,\"FC-NoHead\")]/div[1]/div[5]/div[2]/span"}
RESULT: {"using":"xpath","value":"//section[contains(@id,\"FC-NoHead\")]/div[1]/div[5]/div[2]/span"}
COMMAND: POST /session/21ce62c4ecbe6d238b640e15c86407e3/elements - {"using":"xpath","value":"//section[contains(@id,\"FC-NoHead\")]/div[1]/div[5]/div[2]/span"}
RESULT: {"using":"xpath","value":"//section[contains(@id,\"FC-NoHead\")]/div[1]/div[5]/div[2]/span"}
COMMAND: POST /session/21ce62c4ecbe6d238b640e15c86407e3/elements - {"using":"xpath","value":"//section[contains(@id,\"FC-NoHead\")]/div[1]/div[5]/div[2]/span"}
RESULT: {"using":"xpath","value":"//section[contains(@id,\"FC-NoHead\")]/div[1]/div[5]/div[2]/span"}
COMMAND: POST /session/21ce62c4ecbe6d238b640e15c86407e3/elements - {"using":"xpath","value":"//section[contains(@id,\"FC-NoHead\")]/div[1]/div[5]/div[2]/span"}
RESULT: {"using":"xpath","value":"//section[contains(@id,\"FC-NoHead\")]/div[1]/div[5]/div[2]/span"}
COMMAND: POST /session/21ce62c4ecbe6d238b640e15c86407e3/elements - {"using":"xpath","value":"//section[contains(@id,\"FC-NoHead\")]/div[1]/div[5]/div[2]/span"}
RESULT: {"using":"xpath","value":"//section[contains(@id,\"FC-NoHead\")]/div[1]/div[5]/div[2]/span"}
COMMAND: POST /session/21ce62c4ecbe6d238b640e15c86407e3/elements - {"using":"xpath","value":"//section[contains(@id,\"FC-NoHead\")]/div[1]/div[5]/div[2]/span"}
RESULT: {"using":"xpath","value":"//section[contains(@id,\"FC-NoHead\")]/div[1]/div[5]/div[2]/span"}
COMMAND: POST /session/21ce62c4ecbe6d238b640e15c86407e3/elements - {"using":"xpath","value":"//section[contains(@id,\"FC-NoHead\")]/div[1]/div[5]/div[2]/span"}
RESULT: {"using":"xpath","value":"//section[contains(@id,\"FC-NoHead\")]/div[1]/div[5]/div[2]/span"}
COMMAND: POST /session/21ce62c4ecbe6d238b640e15c86407e3/elements - {"using":"xpath","value":"//section[contains(@id,\"FC-NoHead\")]/div[1]/div[5]/div[2]/span"}
RESULT: {"using":"xpath","value":"//section[contains(@id,\"FC-NoHead\")]/div[1]/div[5]/div[2]/span"}
COMMAND: POST /session/21ce62c4ecbe6d238b640e15c86407e3/elements - {"using":"xpath","value":"//section[contains(@id,\"FC-NoHead\")]/div[1]/div[5]/div[2]/span"}
RESULT: {"using":"xpath","value":"//section[contains(@id,\"FC-NoHead\")]/div[1]/div[5]/div[2]/span"}
COMMAND: POST /session/21ce62c4ecbe6d238b640e15c86407e3/elements - {"using":"xpath","value":"//section[contains(@id,\"FC-NoHead\")]/div[1]/div[5]/div[2]/span"}
RESULT: {"using":"xpath","value":"//section[contains(@id,\"FC-NoHead\")]/div[1]/div[5]/div[2]/span"}
COMMAND: POST /session/21ce62c4ecbe6d238b640e15c86407e3/elements - {"using":"xpath","value":"//section[contains(@id,\"FC-NoHead\")]/div[1]/div[5]/div[2]/span"}
RESULT: {"using":"xpath","value":"//section[contains(@id,\"FC-NoHead\")]/div[1]/div[5]/div[2]/span"}
COMMAND: POST /session/21ce62c4ecbe6d238b640e15c86407e3/elements - {"using":"xpath","value":"//section[contains(@id,\"FC-NoHead\")]/div[1]/div[5]/div[2]/span"}
RESULT: {"using":"xpath","value":"//section[contains(@id,\"FC-NoHead\")]/div[1]/div[5]/div[2]/span"}
COMMAND: POST /session/21ce62c4ecbe6d238b640e15c86407e3/elements - {"using":"xpath","value":"//section[contains(@id,\"FC-NoHead\")]/div[1]/div[5]/div[2]/span"}
RESULT: {"using":"xpath","value":"//section[contains(@id,\"FC-NoHead\")]/div[1]/div[5]/div[2]/span"}
COMMAND: POST /session/21ce62c4ecbe6d238b640e15c86407e3/elements - {"using":"xpath","value":"//section[contains(@id,\"FC-NoHead\")]/div[1]/div[5]/div[2]/span"}
RESULT: {"using":"xpath","value":"//section[contains(@id,\"FC-NoHead\")]/div[1]/div[5]/div[2]/span"}
COMMAND: POST /session/21ce62c4ecbe6d238b640e15c86407e3/elements - {"using":"xpath","value":"//section[contains(@id,\"FC-NoHead\")]/div[1]/div[5]/div[2]/span"}
RESULT: {"using":"xpath","value":"//section[contains(@id,\"FC-NoHead\")]/div[1]/div[5]/div[2]/span"}
COMMAND: POST /session/21ce62c4ecbe6d238b640e15c86407e3/elements - {"using":"xpath","value":"//section[contains(@id,\"FC-NoHead\")]/div[1]/div[5]/div[2]/span"}
RESULT: {"using":"xpath","value":"//section[contains(@id,\"FC-NoHead\")]/div[1]/div[5]/div[2]/span"}
COMMAND: POST /session/21ce62c4ecbe6d238b640e15c86407e3/elements - {"using":"xpath","value":"//section[contains(@id,\"FC-NoHead\")]/div[1]/div[5]/div[2]/span"}
RESULT: {"using":"xpath","value":"//section[contains(@id,\"FC-NoHead\")]/div[1]/div[5]/div[2]/span"}
COMMAND: POST /session/21ce62c4ecbe6d238b640e15c86407e3/elements - {"using":"xpath","value":"//section[contains(@id,\"FC-NoHead\")]/div[1]/div[5]/div[2]/span"}
RESULT: {"using":"xpath","value":"//section[contains(@id,\"FC-NoHead\")]/div[1]/div[5]/div[2]/span"}
COMMAND: POST /session/21ce62c4ecbe6d238b640e15c86407e3/elements - {"using":"xpath","value":"//section[contains(@id,\"FC-NoHead\")]/div[1]/div[5]/div[2]/span"}
RESULT: {"using":"xpath","value":"//section[contains(@id,\"FC-NoHead\")]/div[1]/div[5]/div[2]/span"}
COMMAND: POST /session/21ce62c4ecbe6d238b640e15c86407e3/elements - {"using":"xpath","value":"//section[contains(@id,\"FC-NoHead\")]/div[1]/div[5]/div[2]/span"}
RESULT: {"using":"xpath","value":"//section[contains(@id,\"FC-NoHead\")]/div[1]/div[5]/div[2]/span"}
COMMAND: POST /session/21ce62c4ecbe6d238b640e15c86407e3/elements - {"using":"xpath","value":"//section[contains(@id,\"FC-NoHead\")]/div[1]/div[5]/div[2]/span"}
RESULT: {"using":"xpath","value":"//section[contains(@id,\"FC-NoHead\")]/div[1]/div[5]/div[2]/span"}
COMMAND: POST /session/21ce62c4ecbe6d238b640e15c86407e3/elements - {"using":"xpath","value":"//section[contains(@id,\"FC-NoHead\")]/div[1]/div[5]/div[2]/span"}
RESULT: {"using":"xpath","value":"//section[contains(@id,\"FC-NoHead\")]/div[1]/div[5]/div[2]/span"}
COMMAND: POST /session/21ce62c4ecbe6d238b640e15c86407e3/elements - {"using":"xpath","value":"//section[contains(@id,\"FC-NoHead\")]/div[1]/div[5]/div[2]/span"}
RESULT: {"using":"xpath","value":"//section[contains(@id,\"FC-NoHead\")]/div[1]/div[5]/div[2]/span"}
COMMAND: POST /session/21ce62c4ecbe6d238b640e15c86407e3/elements - {"using":"xpath","value":"//section[contains(@id,\"FC-NoHead\")]/div[1]/div[5]/div[2]/span"}
RESULT: {"using":"xpath","value":"//section[contains(@id,\"FC-NoHead\")]/div[1]/div[5]/div[2]/span"}
COMMAND: POST /session/21ce62c4ecbe6d238b640e15c86407e3/elements - {"using":"xpath","value":"//section[contains(@id,\"FC-NoHead\")]/div[1]/div[5]/div[2]/span"}
COMMAND: GET /session/21ce62c4ecbe6d238b640e15c86407e3/screenshot - {}
RESULT: {"using":"xpath","value":"//section[contains(@id,\"FC-NoHead\")]/div[1]/div[5]/div[2]/span"}
RESULT: {}
]]></system-out>
      <system-err><![CDATA[
Error: element ("//section[contains(@id,"FC-NoHead")]/div[1]/div[5]/div[2]/span") still not existing after 45000ms
    at async Context.<anonymous> (D:\a\1\s\test\specs\HTR\return-from-site-w-warehouse-management-w-clarification.spec.js:219:9)
]]></system-err>
    </testcase>
    <testcase classname="chrome.136_0_7103_93.windows.Return_from_Site_w/_warehouse_management_w_clarification" name="Should test for Clarification" time="88.524">
      <failure/>
      <error message="Can't call click on element with selector &quot;//span[(text() = 'null' or . = 'null')]&quot; because element wasn't found"/>
      <system-out><![CDATA[
RESULT: undefined
COMMAND: POST /session/21ce62c4ecbe6d238b640e15c86407e3/element - {"using":"xpath","value":"//*[@id=\"__tile133\"]"}
COMMAND: GET /session/21ce62c4ecbe6d238b640e15c86407e3/screenshot - {}
RESULT: {"using":"xpath","value":"//*[@id=\"__tile133\"]"}
COMMAND: POST /session/21ce62c4ecbe6d238b640e15c86407e3/element/f.93D217436D6DD50F1CAF1D433A497FC6.d.A0A9F0931B877EBAE808010743AB3E20.e.10889/click - {}
RESULT: {}
COMMAND: POST /session/21ce62c4ecbe6d238b640e15c86407e3/elements - {"using":"xpath","value":"//span[text()='Error']"}
RESULT: {"using":"xpath","value":"//span[text()='Error']"}
COMMAND: POST /session/21ce62c4ecbe6d238b640e15c86407e3/execute/async - {"script":"<script> [1562 bytes]","args":[{"selector":{"controlType":"sap.m.SearchField","viewName":"etm.portal.ui.managehandovers.view.MasterHO","bindingPath":{"propertyPath":"/_BASIC_SEARCH_FIELD","modelName":"fi1t3rM0d31"},"interaction":{"idSuffix":"I"}},"wdio_ui5_key":"etmportal.ui.managehandovers.view.MasterHOsap.m.SearchField{\"propertyPath\":\"/_BASIC_SEARCH_FIELD\",\"modelName\":\"fi1t3rM0d31\"}"}]}
RESULT: {"script":"<script> [1562 bytes]","args":[{"selector":{"controlType":"sap.m.SearchField","viewName":"etm.portal.ui.managehandovers.view.MasterHO","bindingPath":{"propertyPath":"/_BASIC_SEARCH_FIELD","modelName":"fi1t3rM0d31"},"interaction":{"idSuffix":"I"}},"wdio_ui5_key":"etmportal.ui.managehandovers.view.MasterHOsap.m.SearchField{\"propertyPath\":\"/_BASIC_SEARCH_FIELD\",\"modelName\":\"fi1t3rM0d31\"}"}]}
RESULT: undefined
COMMAND: POST /session/21ce62c4ecbe6d238b640e15c86407e3/execute/async - {"script":"<script> [776 bytes]","args":[{"enterText":null,"selector":{"controlType":"sap.m.SearchField","viewName":"etm.portal.ui.managehandovers.view.MasterHO","bindingPath":{"propertyPath":"/_BASIC_SEARCH_FIELD","modelName":"fi1t3rM0d31"},"interaction":{"idSuffix":"I"}},"clearTextFirst":true,"interactionType":"ENTER_TEXT"}]}
RESULT: {"script":"<script> [776 bytes]","args":[{"enterText":null,"selector":{"controlType":"sap.m.SearchField","viewName":"etm.portal.ui.managehandovers.view.MasterHO","bindingPath":{"propertyPath":"/_BASIC_SEARCH_FIELD","modelName":"fi1t3rM0d31"},"interaction":{"idSuffix":"I"}},"clearTextFirst":true,"interactionType":"ENTER_TEXT"}]}
COMMAND: POST /session/21ce62c4ecbe6d238b640e15c86407e3/actions - {"actions":[{"id":"action41","type":"key","parameters":{},"actions":[{"type":"keyDown","value":""},{"type":"pause","duration":10},{"type":"keyUp","value":""}]}]}
RESULT: {"actions":[{"id":"action41","type":"key","parameters":{},"actions":[{"type":"keyDown","value":""},{"type":"pause","duration":10},{"type":"keyUp","value":""}]}]}
COMMAND: GET /session/21ce62c4ecbe6d238b640e15c86407e3/screenshot - {}
RESULT: {}
COMMAND: POST /session/21ce62c4ecbe6d238b640e15c86407e3/element - {"using":"xpath","value":"//span[(text() = 'null' or . = 'null')]"}
RESULT: {"using":"xpath","value":"//span[(text() = 'null' or . = 'null')]"}
COMMAND: POST /session/21ce62c4ecbe6d238b640e15c86407e3/elements - {"using":"xpath","value":"//span[(text() = 'null' or . = 'null')]"}
RESULT: {"using":"xpath","value":"//span[(text() = 'null' or . = 'null')]"}
COMMAND: POST /session/21ce62c4ecbe6d238b640e15c86407e3/elements - {"using":"xpath","value":"//span[(text() = 'null' or . = 'null')]"}
RESULT: {"using":"xpath","value":"//span[(text() = 'null' or . = 'null')]"}
COMMAND: POST /session/21ce62c4ecbe6d238b640e15c86407e3/elements - {"using":"xpath","value":"//span[(text() = 'null' or . = 'null')]"}
RESULT: {"using":"xpath","value":"//span[(text() = 'null' or . = 'null')]"}
COMMAND: POST /session/21ce62c4ecbe6d238b640e15c86407e3/elements - {"using":"xpath","value":"//span[(text() = 'null' or . = 'null')]"}
RESULT: {"using":"xpath","value":"//span[(text() = 'null' or . = 'null')]"}
COMMAND: POST /session/21ce62c4ecbe6d238b640e15c86407e3/elements - {"using":"xpath","value":"//span[(text() = 'null' or . = 'null')]"}
RESULT: {"using":"xpath","value":"//span[(text() = 'null' or . = 'null')]"}
COMMAND: POST /session/21ce62c4ecbe6d238b640e15c86407e3/elements - {"using":"xpath","value":"//span[(text() = 'null' or . = 'null')]"}
RESULT: {"using":"xpath","value":"//span[(text() = 'null' or . = 'null')]"}
COMMAND: POST /session/21ce62c4ecbe6d238b640e15c86407e3/elements - {"using":"xpath","value":"//span[(text() = 'null' or . = 'null')]"}
RESULT: {"using":"xpath","value":"//span[(text() = 'null' or . = 'null')]"}
COMMAND: POST /session/21ce62c4ecbe6d238b640e15c86407e3/elements - {"using":"xpath","value":"//span[(text() = 'null' or . = 'null')]"}
RESULT: {"using":"xpath","value":"//span[(text() = 'null' or . = 'null')]"}
COMMAND: POST /session/21ce62c4ecbe6d238b640e15c86407e3/elements - {"using":"xpath","value":"//span[(text() = 'null' or . = 'null')]"}
RESULT: {"using":"xpath","value":"//span[(text() = 'null' or . = 'null')]"}
COMMAND: POST /session/21ce62c4ecbe6d238b640e15c86407e3/elements - {"using":"xpath","value":"//span[(text() = 'null' or . = 'null')]"}
RESULT: {"using":"xpath","value":"//span[(text() = 'null' or . = 'null')]"}
COMMAND: POST /session/21ce62c4ecbe6d238b640e15c86407e3/elements - {"using":"xpath","value":"//span[(text() = 'null' or . = 'null')]"}
RESULT: {"using":"xpath","value":"//span[(text() = 'null' or . = 'null')]"}
COMMAND: POST /session/21ce62c4ecbe6d238b640e15c86407e3/elements - {"using":"xpath","value":"//span[(text() = 'null' or . = 'null')]"}
RESULT: {"using":"xpath","value":"//span[(text() = 'null' or . = 'null')]"}
COMMAND: POST /session/21ce62c4ecbe6d238b640e15c86407e3/elements - {"using":"xpath","value":"//span[(text() = 'null' or . = 'null')]"}
RESULT: {"using":"xpath","value":"//span[(text() = 'null' or . = 'null')]"}
COMMAND: POST /session/21ce62c4ecbe6d238b640e15c86407e3/elements - {"using":"xpath","value":"//span[(text() = 'null' or . = 'null')]"}
RESULT: {"using":"xpath","value":"//span[(text() = 'null' or . = 'null')]"}
COMMAND: POST /session/21ce62c4ecbe6d238b640e15c86407e3/elements - {"using":"xpath","value":"//span[(text() = 'null' or . = 'null')]"}
RESULT: {"using":"xpath","value":"//span[(text() = 'null' or . = 'null')]"}
COMMAND: POST /session/21ce62c4ecbe6d238b640e15c86407e3/elements - {"using":"xpath","value":"//span[(text() = 'null' or . = 'null')]"}
RESULT: {"using":"xpath","value":"//span[(text() = 'null' or . = 'null')]"}
COMMAND: POST /session/21ce62c4ecbe6d238b640e15c86407e3/elements - {"using":"xpath","value":"//span[(text() = 'null' or . = 'null')]"}
RESULT: {"using":"xpath","value":"//span[(text() = 'null' or . = 'null')]"}
COMMAND: POST /session/21ce62c4ecbe6d238b640e15c86407e3/elements - {"using":"xpath","value":"//span[(text() = 'null' or . = 'null')]"}
RESULT: {"using":"xpath","value":"//span[(text() = 'null' or . = 'null')]"}
COMMAND: POST /session/21ce62c4ecbe6d238b640e15c86407e3/elements - {"using":"xpath","value":"//span[(text() = 'null' or . = 'null')]"}
RESULT: {"using":"xpath","value":"//span[(text() = 'null' or . = 'null')]"}
COMMAND: POST /session/21ce62c4ecbe6d238b640e15c86407e3/elements - {"using":"xpath","value":"//span[(text() = 'null' or . = 'null')]"}
RESULT: {"using":"xpath","value":"//span[(text() = 'null' or . = 'null')]"}
COMMAND: POST /session/21ce62c4ecbe6d238b640e15c86407e3/elements - {"using":"xpath","value":"//span[(text() = 'null' or . = 'null')]"}
RESULT: {"using":"xpath","value":"//span[(text() = 'null' or . = 'null')]"}
COMMAND: POST /session/21ce62c4ecbe6d238b640e15c86407e3/elements - {"using":"xpath","value":"//span[(text() = 'null' or . = 'null')]"}
RESULT: {"using":"xpath","value":"//span[(text() = 'null' or . = 'null')]"}
COMMAND: POST /session/21ce62c4ecbe6d238b640e15c86407e3/elements - {"using":"xpath","value":"//span[(text() = 'null' or . = 'null')]"}
RESULT: {"using":"xpath","value":"//span[(text() = 'null' or . = 'null')]"}
COMMAND: POST /session/21ce62c4ecbe6d238b640e15c86407e3/elements - {"using":"xpath","value":"//span[(text() = 'null' or . = 'null')]"}
RESULT: {"using":"xpath","value":"//span[(text() = 'null' or . = 'null')]"}
COMMAND: POST /session/21ce62c4ecbe6d238b640e15c86407e3/elements - {"using":"xpath","value":"//span[(text() = 'null' or . = 'null')]"}
RESULT: {"using":"xpath","value":"//span[(text() = 'null' or . = 'null')]"}
COMMAND: POST /session/21ce62c4ecbe6d238b640e15c86407e3/elements - {"using":"xpath","value":"//span[(text() = 'null' or . = 'null')]"}
RESULT: {"using":"xpath","value":"//span[(text() = 'null' or . = 'null')]"}
COMMAND: POST /session/21ce62c4ecbe6d238b640e15c86407e3/elements - {"using":"xpath","value":"//span[(text() = 'null' or . = 'null')]"}
RESULT: {"using":"xpath","value":"//span[(text() = 'null' or . = 'null')]"}
COMMAND: POST /session/21ce62c4ecbe6d238b640e15c86407e3/elements - {"using":"xpath","value":"//span[(text() = 'null' or . = 'null')]"}
RESULT: {"using":"xpath","value":"//span[(text() = 'null' or . = 'null')]"}
COMMAND: POST /session/21ce62c4ecbe6d238b640e15c86407e3/elements - {"using":"xpath","value":"//span[(text() = 'null' or . = 'null')]"}
RESULT: {"using":"xpath","value":"//span[(text() = 'null' or . = 'null')]"}
COMMAND: POST /session/21ce62c4ecbe6d238b640e15c86407e3/elements - {"using":"xpath","value":"//span[(text() = 'null' or . = 'null')]"}
RESULT: {"using":"xpath","value":"//span[(text() = 'null' or . = 'null')]"}
COMMAND: POST /session/21ce62c4ecbe6d238b640e15c86407e3/elements - {"using":"xpath","value":"//span[(text() = 'null' or . = 'null')]"}
RESULT: {"using":"xpath","value":"//span[(text() = 'null' or . = 'null')]"}
COMMAND: POST /session/21ce62c4ecbe6d238b640e15c86407e3/elements - {"using":"xpath","value":"//span[(text() = 'null' or . = 'null')]"}
RESULT: {"using":"xpath","value":"//span[(text() = 'null' or . = 'null')]"}
COMMAND: POST /session/21ce62c4ecbe6d238b640e15c86407e3/elements - {"using":"xpath","value":"//span[(text() = 'null' or . = 'null')]"}
RESULT: {"using":"xpath","value":"//span[(text() = 'null' or . = 'null')]"}
COMMAND: POST /session/21ce62c4ecbe6d238b640e15c86407e3/elements - {"using":"xpath","value":"//span[(text() = 'null' or . = 'null')]"}
RESULT: {"using":"xpath","value":"//span[(text() = 'null' or . = 'null')]"}
COMMAND: POST /session/21ce62c4ecbe6d238b640e15c86407e3/elements - {"using":"xpath","value":"//span[(text() = 'null' or . = 'null')]"}
RESULT: {"using":"xpath","value":"//span[(text() = 'null' or . = 'null')]"}
COMMAND: POST /session/21ce62c4ecbe6d238b640e15c86407e3/elements - {"using":"xpath","value":"//span[(text() = 'null' or . = 'null')]"}
RESULT: {"using":"xpath","value":"//span[(text() = 'null' or . = 'null')]"}
COMMAND: POST /session/21ce62c4ecbe6d238b640e15c86407e3/elements - {"using":"xpath","value":"//span[(text() = 'null' or . = 'null')]"}
RESULT: {"using":"xpath","value":"//span[(text() = 'null' or . = 'null')]"}
COMMAND: POST /session/21ce62c4ecbe6d238b640e15c86407e3/elements - {"using":"xpath","value":"//span[(text() = 'null' or . = 'null')]"}
RESULT: {"using":"xpath","value":"//span[(text() = 'null' or . = 'null')]"}
COMMAND: POST /session/21ce62c4ecbe6d238b640e15c86407e3/elements - {"using":"xpath","value":"//span[(text() = 'null' or . = 'null')]"}
RESULT: {"using":"xpath","value":"//span[(text() = 'null' or . = 'null')]"}
COMMAND: POST /session/21ce62c4ecbe6d238b640e15c86407e3/elements - {"using":"xpath","value":"//span[(text() = 'null' or . = 'null')]"}
RESULT: {"using":"xpath","value":"//span[(text() = 'null' or . = 'null')]"}
COMMAND: POST /session/21ce62c4ecbe6d238b640e15c86407e3/elements - {"using":"xpath","value":"//span[(text() = 'null' or . = 'null')]"}
RESULT: {"using":"xpath","value":"//span[(text() = 'null' or . = 'null')]"}
COMMAND: POST /session/21ce62c4ecbe6d238b640e15c86407e3/elements - {"using":"xpath","value":"//span[(text() = 'null' or . = 'null')]"}
RESULT: {"using":"xpath","value":"//span[(text() = 'null' or . = 'null')]"}
COMMAND: POST /session/21ce62c4ecbe6d238b640e15c86407e3/elements - {"using":"xpath","value":"//span[(text() = 'null' or . = 'null')]"}
RESULT: {"using":"xpath","value":"//span[(text() = 'null' or . = 'null')]"}
COMMAND: POST /session/21ce62c4ecbe6d238b640e15c86407e3/elements - {"using":"xpath","value":"//span[(text() = 'null' or . = 'null')]"}
RESULT: {"using":"xpath","value":"//span[(text() = 'null' or . = 'null')]"}
COMMAND: POST /session/21ce62c4ecbe6d238b640e15c86407e3/elements - {"using":"xpath","value":"//span[(text() = 'null' or . = 'null')]"}
RESULT: {"using":"xpath","value":"//span[(text() = 'null' or . = 'null')]"}
COMMAND: POST /session/21ce62c4ecbe6d238b640e15c86407e3/elements - {"using":"xpath","value":"//span[(text() = 'null' or . = 'null')]"}
RESULT: {"using":"xpath","value":"//span[(text() = 'null' or . = 'null')]"}
COMMAND: POST /session/21ce62c4ecbe6d238b640e15c86407e3/elements - {"using":"xpath","value":"//span[(text() = 'null' or . = 'null')]"}
RESULT: {"using":"xpath","value":"//span[(text() = 'null' or . = 'null')]"}
COMMAND: POST /session/21ce62c4ecbe6d238b640e15c86407e3/elements - {"using":"xpath","value":"//span[(text() = 'null' or . = 'null')]"}
RESULT: {"using":"xpath","value":"//span[(text() = 'null' or . = 'null')]"}
COMMAND: POST /session/21ce62c4ecbe6d238b640e15c86407e3/elements - {"using":"xpath","value":"//span[(text() = 'null' or . = 'null')]"}
RESULT: {"using":"xpath","value":"//span[(text() = 'null' or . = 'null')]"}
COMMAND: POST /session/21ce62c4ecbe6d238b640e15c86407e3/elements - {"using":"xpath","value":"//span[(text() = 'null' or . = 'null')]"}
RESULT: {"using":"xpath","value":"//span[(text() = 'null' or . = 'null')]"}
COMMAND: POST /session/21ce62c4ecbe6d238b640e15c86407e3/elements - {"using":"xpath","value":"//span[(text() = 'null' or . = 'null')]"}
RESULT: {"using":"xpath","value":"//span[(text() = 'null' or . = 'null')]"}
COMMAND: POST /session/21ce62c4ecbe6d238b640e15c86407e3/elements - {"using":"xpath","value":"//span[(text() = 'null' or . = 'null')]"}
RESULT: {"using":"xpath","value":"//span[(text() = 'null' or . = 'null')]"}
COMMAND: POST /session/21ce62c4ecbe6d238b640e15c86407e3/elements - {"using":"xpath","value":"//span[(text() = 'null' or . = 'null')]"}
RESULT: {"using":"xpath","value":"//span[(text() = 'null' or . = 'null')]"}
COMMAND: POST /session/21ce62c4ecbe6d238b640e15c86407e3/elements - {"using":"xpath","value":"//span[(text() = 'null' or . = 'null')]"}
RESULT: {"using":"xpath","value":"//span[(text() = 'null' or . = 'null')]"}
COMMAND: POST /session/21ce62c4ecbe6d238b640e15c86407e3/elements - {"using":"xpath","value":"//span[(text() = 'null' or . = 'null')]"}
RESULT: {"using":"xpath","value":"//span[(text() = 'null' or . = 'null')]"}
COMMAND: POST /session/21ce62c4ecbe6d238b640e15c86407e3/elements - {"using":"xpath","value":"//span[(text() = 'null' or . = 'null')]"}
RESULT: {"using":"xpath","value":"//span[(text() = 'null' or . = 'null')]"}
COMMAND: POST /session/21ce62c4ecbe6d238b640e15c86407e3/elements - {"using":"xpath","value":"//span[(text() = 'null' or . = 'null')]"}
RESULT: {"using":"xpath","value":"//span[(text() = 'null' or . = 'null')]"}
COMMAND: POST /session/21ce62c4ecbe6d238b640e15c86407e3/elements - {"using":"xpath","value":"//span[(text() = 'null' or . = 'null')]"}
RESULT: {"using":"xpath","value":"//span[(text() = 'null' or . = 'null')]"}
COMMAND: POST /session/21ce62c4ecbe6d238b640e15c86407e3/elements - {"using":"xpath","value":"//span[(text() = 'null' or . = 'null')]"}
RESULT: {"using":"xpath","value":"//span[(text() = 'null' or . = 'null')]"}
COMMAND: POST /session/21ce62c4ecbe6d238b640e15c86407e3/elements - {"using":"xpath","value":"//span[(text() = 'null' or . = 'null')]"}
RESULT: {"using":"xpath","value":"//span[(text() = 'null' or . = 'null')]"}
COMMAND: POST /session/21ce62c4ecbe6d238b640e15c86407e3/elements - {"using":"xpath","value":"//span[(text() = 'null' or . = 'null')]"}
RESULT: {"using":"xpath","value":"//span[(text() = 'null' or . = 'null')]"}
COMMAND: POST /session/21ce62c4ecbe6d238b640e15c86407e3/elements - {"using":"xpath","value":"//span[(text() = 'null' or . = 'null')]"}
RESULT: {"using":"xpath","value":"//span[(text() = 'null' or . = 'null')]"}
COMMAND: POST /session/21ce62c4ecbe6d238b640e15c86407e3/elements - {"using":"xpath","value":"//span[(text() = 'null' or . = 'null')]"}
RESULT: {"using":"xpath","value":"//span[(text() = 'null' or . = 'null')]"}
COMMAND: POST /session/21ce62c4ecbe6d238b640e15c86407e3/elements - {"using":"xpath","value":"//span[(text() = 'null' or . = 'null')]"}
RESULT: {"using":"xpath","value":"//span[(text() = 'null' or . = 'null')]"}
COMMAND: POST /session/21ce62c4ecbe6d238b640e15c86407e3/elements - {"using":"xpath","value":"//span[(text() = 'null' or . = 'null')]"}
RESULT: {"using":"xpath","value":"//span[(text() = 'null' or . = 'null')]"}
COMMAND: POST /session/21ce62c4ecbe6d238b640e15c86407e3/elements - {"using":"xpath","value":"//span[(text() = 'null' or . = 'null')]"}
RESULT: {"using":"xpath","value":"//span[(text() = 'null' or . = 'null')]"}
COMMAND: POST /session/21ce62c4ecbe6d238b640e15c86407e3/elements - {"using":"xpath","value":"//span[(text() = 'null' or . = 'null')]"}
RESULT: {"using":"xpath","value":"//span[(text() = 'null' or . = 'null')]"}
COMMAND: POST /session/21ce62c4ecbe6d238b640e15c86407e3/elements - {"using":"xpath","value":"//span[(text() = 'null' or . = 'null')]"}
RESULT: {"using":"xpath","value":"//span[(text() = 'null' or . = 'null')]"}
COMMAND: POST /session/21ce62c4ecbe6d238b640e15c86407e3/elements - {"using":"xpath","value":"//span[(text() = 'null' or . = 'null')]"}
RESULT: {"using":"xpath","value":"//span[(text() = 'null' or . = 'null')]"}
COMMAND: POST /session/21ce62c4ecbe6d238b640e15c86407e3/elements - {"using":"xpath","value":"//span[(text() = 'null' or . = 'null')]"}
RESULT: {"using":"xpath","value":"//span[(text() = 'null' or . = 'null')]"}
COMMAND: POST /session/21ce62c4ecbe6d238b640e15c86407e3/elements - {"using":"xpath","value":"//span[(text() = 'null' or . = 'null')]"}
RESULT: {"using":"xpath","value":"//span[(text() = 'null' or . = 'null')]"}
COMMAND: POST /session/21ce62c4ecbe6d238b640e15c86407e3/elements - {"using":"xpath","value":"//span[(text() = 'null' or . = 'null')]"}
RESULT: {"using":"xpath","value":"//span[(text() = 'null' or . = 'null')]"}
COMMAND: POST /session/21ce62c4ecbe6d238b640e15c86407e3/elements - {"using":"xpath","value":"//span[(text() = 'null' or . = 'null')]"}
RESULT: {"using":"xpath","value":"//span[(text() = 'null' or . = 'null')]"}
COMMAND: POST /session/21ce62c4ecbe6d238b640e15c86407e3/elements - {"using":"xpath","value":"//span[(text() = 'null' or . = 'null')]"}
RESULT: {"using":"xpath","value":"//span[(text() = 'null' or . = 'null')]"}
COMMAND: POST /session/21ce62c4ecbe6d238b640e15c86407e3/elements - {"using":"xpath","value":"//span[(text() = 'null' or . = 'null')]"}
RESULT: {"using":"xpath","value":"//span[(text() = 'null' or . = 'null')]"}
COMMAND: POST /session/21ce62c4ecbe6d238b640e15c86407e3/elements - {"using":"xpath","value":"//span[(text() = 'null' or . = 'null')]"}
RESULT: {"using":"xpath","value":"//span[(text() = 'null' or . = 'null')]"}
COMMAND: POST /session/21ce62c4ecbe6d238b640e15c86407e3/elements - {"using":"xpath","value":"//span[(text() = 'null' or . = 'null')]"}
RESULT: {"using":"xpath","value":"//span[(text() = 'null' or . = 'null')]"}
COMMAND: POST /session/21ce62c4ecbe6d238b640e15c86407e3/elements - {"using":"xpath","value":"//span[(text() = 'null' or . = 'null')]"}
RESULT: {"using":"xpath","value":"//span[(text() = 'null' or . = 'null')]"}
COMMAND: POST /session/21ce62c4ecbe6d238b640e15c86407e3/elements - {"using":"xpath","value":"//span[(text() = 'null' or . = 'null')]"}
RESULT: {"using":"xpath","value":"//span[(text() = 'null' or . = 'null')]"}
COMMAND: POST /session/21ce62c4ecbe6d238b640e15c86407e3/elements - {"using":"xpath","value":"//span[(text() = 'null' or . = 'null')]"}
RESULT: {"using":"xpath","value":"//span[(text() = 'null' or . = 'null')]"}
COMMAND: POST /session/21ce62c4ecbe6d238b640e15c86407e3/elements - {"using":"xpath","value":"//span[(text() = 'null' or . = 'null')]"}
RESULT: {"using":"xpath","value":"//span[(text() = 'null' or . = 'null')]"}
COMMAND: POST /session/21ce62c4ecbe6d238b640e15c86407e3/elements - {"using":"xpath","value":"//span[(text() = 'null' or . = 'null')]"}
RESULT: {"using":"xpath","value":"//span[(text() = 'null' or . = 'null')]"}
COMMAND: POST /session/21ce62c4ecbe6d238b640e15c86407e3/elements - {"using":"xpath","value":"//span[(text() = 'null' or . = 'null')]"}
RESULT: {"using":"xpath","value":"//span[(text() = 'null' or . = 'null')]"}
COMMAND: POST /session/21ce62c4ecbe6d238b640e15c86407e3/elements - {"using":"xpath","value":"//span[(text() = 'null' or . = 'null')]"}
RESULT: {"using":"xpath","value":"//span[(text() = 'null' or . = 'null')]"}
COMMAND: POST /session/21ce62c4ecbe6d238b640e15c86407e3/elements - {"using":"xpath","value":"//span[(text() = 'null' or . = 'null')]"}
RESULT: {"using":"xpath","value":"//span[(text() = 'null' or . = 'null')]"}
COMMAND: POST /session/21ce62c4ecbe6d238b640e15c86407e3/elements - {"using":"xpath","value":"//span[(text() = 'null' or . = 'null')]"}
RESULT: {"using":"xpath","value":"//span[(text() = 'null' or . = 'null')]"}
COMMAND: POST /session/21ce62c4ecbe6d238b640e15c86407e3/elements - {"using":"xpath","value":"//span[(text() = 'null' or . = 'null')]"}
RESULT: {"using":"xpath","value":"//span[(text() = 'null' or . = 'null')]"}
COMMAND: POST /session/21ce62c4ecbe6d238b640e15c86407e3/elements - {"using":"xpath","value":"//span[(text() = 'null' or . = 'null')]"}
RESULT: {"using":"xpath","value":"//span[(text() = 'null' or . = 'null')]"}
COMMAND: POST /session/21ce62c4ecbe6d238b640e15c86407e3/elements - {"using":"xpath","value":"//span[(text() = 'null' or . = 'null')]"}
RESULT: {"using":"xpath","value":"//span[(text() = 'null' or . = 'null')]"}
COMMAND: POST /session/21ce62c4ecbe6d238b640e15c86407e3/elements - {"using":"xpath","value":"//span[(text() = 'null' or . = 'null')]"}
RESULT: {"using":"xpath","value":"//span[(text() = 'null' or . = 'null')]"}
COMMAND: POST /session/21ce62c4ecbe6d238b640e15c86407e3/elements - {"using":"xpath","value":"//span[(text() = 'null' or . = 'null')]"}
RESULT: {"using":"xpath","value":"//span[(text() = 'null' or . = 'null')]"}
COMMAND: POST /session/21ce62c4ecbe6d238b640e15c86407e3/elements - {"using":"xpath","value":"//span[(text() = 'null' or . = 'null')]"}
RESULT: {"using":"xpath","value":"//span[(text() = 'null' or . = 'null')]"}
COMMAND: POST /session/21ce62c4ecbe6d238b640e15c86407e3/elements - {"using":"xpath","value":"//span[(text() = 'null' or . = 'null')]"}
RESULT: {"using":"xpath","value":"//span[(text() = 'null' or . = 'null')]"}
COMMAND: POST /session/21ce62c4ecbe6d238b640e15c86407e3/elements - {"using":"xpath","value":"//span[(text() = 'null' or . = 'null')]"}
RESULT: {"using":"xpath","value":"//span[(text() = 'null' or . = 'null')]"}
COMMAND: POST /session/21ce62c4ecbe6d238b640e15c86407e3/elements - {"using":"xpath","value":"//span[(text() = 'null' or . = 'null')]"}
RESULT: {"using":"xpath","value":"//span[(text() = 'null' or . = 'null')]"}
COMMAND: POST /session/21ce62c4ecbe6d238b640e15c86407e3/elements - {"using":"xpath","value":"//span[(text() = 'null' or . = 'null')]"}
RESULT: {"using":"xpath","value":"//span[(text() = 'null' or . = 'null')]"}
COMMAND: POST /session/21ce62c4ecbe6d238b640e15c86407e3/elements - {"using":"xpath","value":"//span[(text() = 'null' or . = 'null')]"}
RESULT: {"using":"xpath","value":"//span[(text() = 'null' or . = 'null')]"}
COMMAND: POST /session/21ce62c4ecbe6d238b640e15c86407e3/elements - {"using":"xpath","value":"//span[(text() = 'null' or . = 'null')]"}
RESULT: {"using":"xpath","value":"//span[(text() = 'null' or . = 'null')]"}
COMMAND: POST /session/21ce62c4ecbe6d238b640e15c86407e3/elements - {"using":"xpath","value":"//span[(text() = 'null' or . = 'null')]"}
RESULT: {"using":"xpath","value":"//span[(text() = 'null' or . = 'null')]"}
COMMAND: POST /session/21ce62c4ecbe6d238b640e15c86407e3/elements - {"using":"xpath","value":"//span[(text() = 'null' or . = 'null')]"}
RESULT: {"using":"xpath","value":"//span[(text() = 'null' or . = 'null')]"}
COMMAND: POST /session/21ce62c4ecbe6d238b640e15c86407e3/elements - {"using":"xpath","value":"//span[(text() = 'null' or . = 'null')]"}
RESULT: {"using":"xpath","value":"//span[(text() = 'null' or . = 'null')]"}
COMMAND: POST /session/21ce62c4ecbe6d238b640e15c86407e3/elements - {"using":"xpath","value":"//span[(text() = 'null' or . = 'null')]"}
RESULT: {"using":"xpath","value":"//span[(text() = 'null' or . = 'null')]"}
COMMAND: POST /session/21ce62c4ecbe6d238b640e15c86407e3/elements - {"using":"xpath","value":"//span[(text() = 'null' or . = 'null')]"}
RESULT: {"using":"xpath","value":"//span[(text() = 'null' or . = 'null')]"}
COMMAND: POST /session/21ce62c4ecbe6d238b640e15c86407e3/elements - {"using":"xpath","value":"//span[(text() = 'null' or . = 'null')]"}
RESULT: {"using":"xpath","value":"//span[(text() = 'null' or . = 'null')]"}
COMMAND: POST /session/21ce62c4ecbe6d238b640e15c86407e3/elements - {"using":"xpath","value":"//span[(text() = 'null' or . = 'null')]"}
RESULT: {"using":"xpath","value":"//span[(text() = 'null' or . = 'null')]"}
COMMAND: POST /session/21ce62c4ecbe6d238b640e15c86407e3/elements - {"using":"xpath","value":"//span[(text() = 'null' or . = 'null')]"}
RESULT: {"using":"xpath","value":"//span[(text() = 'null' or . = 'null')]"}
COMMAND: POST /session/21ce62c4ecbe6d238b640e15c86407e3/elements - {"using":"xpath","value":"//span[(text() = 'null' or . = 'null')]"}
RESULT: {"using":"xpath","value":"//span[(text() = 'null' or . = 'null')]"}
COMMAND: POST /session/21ce62c4ecbe6d238b640e15c86407e3/elements - {"using":"xpath","value":"//span[(text() = 'null' or . = 'null')]"}
RESULT: {"using":"xpath","value":"//span[(text() = 'null' or . = 'null')]"}
COMMAND: POST /session/21ce62c4ecbe6d238b640e15c86407e3/elements - {"using":"xpath","value":"//span[(text() = 'null' or . = 'null')]"}
RESULT: {"using":"xpath","value":"//span[(text() = 'null' or . = 'null')]"}
COMMAND: POST /session/21ce62c4ecbe6d238b640e15c86407e3/elements - {"using":"xpath","value":"//span[(text() = 'null' or . = 'null')]"}
RESULT: {"using":"xpath","value":"//span[(text() = 'null' or . = 'null')]"}
COMMAND: POST /session/21ce62c4ecbe6d238b640e15c86407e3/elements - {"using":"xpath","value":"//span[(text() = 'null' or . = 'null')]"}
RESULT: {"using":"xpath","value":"//span[(text() = 'null' or . = 'null')]"}
COMMAND: POST /session/21ce62c4ecbe6d238b640e15c86407e3/elements - {"using":"xpath","value":"//span[(text() = 'null' or . = 'null')]"}
RESULT: {"using":"xpath","value":"//span[(text() = 'null' or . = 'null')]"}
COMMAND: POST /session/21ce62c4ecbe6d238b640e15c86407e3/elements - {"using":"xpath","value":"//span[(text() = 'null' or . = 'null')]"}
RESULT: {"using":"xpath","value":"//span[(text() = 'null' or . = 'null')]"}
COMMAND: POST /session/21ce62c4ecbe6d238b640e15c86407e3/elements - {"using":"xpath","value":"//span[(text() = 'null' or . = 'null')]"}
RESULT: {"using":"xpath","value":"//span[(text() = 'null' or . = 'null')]"}
COMMAND: POST /session/21ce62c4ecbe6d238b640e15c86407e3/elements - {"using":"xpath","value":"//span[(text() = 'null' or . = 'null')]"}
RESULT: {"using":"xpath","value":"//span[(text() = 'null' or . = 'null')]"}
COMMAND: POST /session/21ce62c4ecbe6d238b640e15c86407e3/elements - {"using":"xpath","value":"//span[(text() = 'null' or . = 'null')]"}
RESULT: {"using":"xpath","value":"//span[(text() = 'null' or . = 'null')]"}
COMMAND: POST /session/21ce62c4ecbe6d238b640e15c86407e3/elements - {"using":"xpath","value":"//span[(text() = 'null' or . = 'null')]"}
RESULT: {"using":"xpath","value":"//span[(text() = 'null' or . = 'null')]"}
COMMAND: POST /session/21ce62c4ecbe6d238b640e15c86407e3/elements - {"using":"xpath","value":"//span[(text() = 'null' or . = 'null')]"}
RESULT: {"using":"xpath","value":"//span[(text() = 'null' or . = 'null')]"}
COMMAND: POST /session/21ce62c4ecbe6d238b640e15c86407e3/elements - {"using":"xpath","value":"//span[(text() = 'null' or . = 'null')]"}
RESULT: {"using":"xpath","value":"//span[(text() = 'null' or . = 'null')]"}
COMMAND: POST /session/21ce62c4ecbe6d238b640e15c86407e3/elements - {"using":"xpath","value":"//span[(text() = 'null' or . = 'null')]"}
RESULT: {"using":"xpath","value":"//span[(text() = 'null' or . = 'null')]"}
COMMAND: GET /session/21ce62c4ecbe6d238b640e15c86407e3/screenshot - {}
RESULT: {}
]]></system-out>
      <system-err><![CDATA[
Error: Can't call click on element with selector "//span[(text() = 'null' or . = 'null')]" because element wasn't found
    at async Context.<anonymous> (D:\a\1\s\test\specs\HTR\return-from-site-w-warehouse-management-w-clarification.spec.js:381:9)
]]></system-err>
    </testcase>
    <testcase classname="chrome.136_0_7103_93.windows.Return_from_Site_w/_warehouse_management_w_clarification" name="Should do a return to site from the contracts screen in one step" time="60.601">
      <failure/>
      <error message="element (&quot;//button[@data-kt=&quot;addButton&quot;]&quot;) still not existing after 45000ms"/>
      <system-out><![CDATA[
RESULT: undefined
COMMAND: GET /session/21ce62c4ecbe6d238b640e15c86407e3/screenshot - {}
RESULT: {}
COMMAND: POST /session/21ce62c4ecbe6d238b640e15c86407e3/elements - {"using":"xpath","value":"//span[text()='Error']"}
RESULT: {"using":"xpath","value":"//span[text()='Error']"}
COMMAND: POST /session/21ce62c4ecbe6d238b640e15c86407e3/element - {"using":"xpath","value":"//button[@data-kt=\"addButton\"]"}
RESULT: {"using":"xpath","value":"//button[@data-kt=\"addButton\"]"}
COMMAND: POST /session/21ce62c4ecbe6d238b640e15c86407e3/elements - {"using":"xpath","value":"//button[@data-kt=\"addButton\"]"}
RESULT: {"using":"xpath","value":"//button[@data-kt=\"addButton\"]"}
COMMAND: POST /session/21ce62c4ecbe6d238b640e15c86407e3/elements - {"using":"xpath","value":"//button[@data-kt=\"addButton\"]"}
RESULT: {"using":"xpath","value":"//button[@data-kt=\"addButton\"]"}
COMMAND: POST /session/21ce62c4ecbe6d238b640e15c86407e3/elements - {"using":"xpath","value":"//button[@data-kt=\"addButton\"]"}
RESULT: {"using":"xpath","value":"//button[@data-kt=\"addButton\"]"}
COMMAND: POST /session/21ce62c4ecbe6d238b640e15c86407e3/elements - {"using":"xpath","value":"//button[@data-kt=\"addButton\"]"}
RESULT: {"using":"xpath","value":"//button[@data-kt=\"addButton\"]"}
COMMAND: POST /session/21ce62c4ecbe6d238b640e15c86407e3/elements - {"using":"xpath","value":"//button[@data-kt=\"addButton\"]"}
RESULT: {"using":"xpath","value":"//button[@data-kt=\"addButton\"]"}
COMMAND: POST /session/21ce62c4ecbe6d238b640e15c86407e3/elements - {"using":"xpath","value":"//button[@data-kt=\"addButton\"]"}
RESULT: {"using":"xpath","value":"//button[@data-kt=\"addButton\"]"}
COMMAND: POST /session/21ce62c4ecbe6d238b640e15c86407e3/elements - {"using":"xpath","value":"//button[@data-kt=\"addButton\"]"}
RESULT: {"using":"xpath","value":"//button[@data-kt=\"addButton\"]"}
COMMAND: POST /session/21ce62c4ecbe6d238b640e15c86407e3/elements - {"using":"xpath","value":"//button[@data-kt=\"addButton\"]"}
RESULT: {"using":"xpath","value":"//button[@data-kt=\"addButton\"]"}
COMMAND: POST /session/21ce62c4ecbe6d238b640e15c86407e3/elements - {"using":"xpath","value":"//button[@data-kt=\"addButton\"]"}
RESULT: {"using":"xpath","value":"//button[@data-kt=\"addButton\"]"}
COMMAND: POST /session/21ce62c4ecbe6d238b640e15c86407e3/elements - {"using":"xpath","value":"//button[@data-kt=\"addButton\"]"}
RESULT: {"using":"xpath","value":"//button[@data-kt=\"addButton\"]"}
COMMAND: POST /session/21ce62c4ecbe6d238b640e15c86407e3/elements - {"using":"xpath","value":"//button[@data-kt=\"addButton\"]"}
RESULT: {"using":"xpath","value":"//button[@data-kt=\"addButton\"]"}
COMMAND: POST /session/21ce62c4ecbe6d238b640e15c86407e3/elements - {"using":"xpath","value":"//button[@data-kt=\"addButton\"]"}
RESULT: {"using":"xpath","value":"//button[@data-kt=\"addButton\"]"}
COMMAND: POST /session/21ce62c4ecbe6d238b640e15c86407e3/elements - {"using":"xpath","value":"//button[@data-kt=\"addButton\"]"}
RESULT: {"using":"xpath","value":"//button[@data-kt=\"addButton\"]"}
COMMAND: POST /session/21ce62c4ecbe6d238b640e15c86407e3/elements - {"using":"xpath","value":"//button[@data-kt=\"addButton\"]"}
RESULT: {"using":"xpath","value":"//button[@data-kt=\"addButton\"]"}
COMMAND: POST /session/21ce62c4ecbe6d238b640e15c86407e3/elements - {"using":"xpath","value":"//button[@data-kt=\"addButton\"]"}
RESULT: {"using":"xpath","value":"//button[@data-kt=\"addButton\"]"}
COMMAND: POST /session/21ce62c4ecbe6d238b640e15c86407e3/elements - {"using":"xpath","value":"//button[@data-kt=\"addButton\"]"}
RESULT: {"using":"xpath","value":"//button[@data-kt=\"addButton\"]"}
COMMAND: POST /session/21ce62c4ecbe6d238b640e15c86407e3/elements - {"using":"xpath","value":"//button[@data-kt=\"addButton\"]"}
RESULT: {"using":"xpath","value":"//button[@data-kt=\"addButton\"]"}
COMMAND: POST /session/21ce62c4ecbe6d238b640e15c86407e3/elements - {"using":"xpath","value":"//button[@data-kt=\"addButton\"]"}
RESULT: {"using":"xpath","value":"//button[@data-kt=\"addButton\"]"}
COMMAND: POST /session/21ce62c4ecbe6d238b640e15c86407e3/elements - {"using":"xpath","value":"//button[@data-kt=\"addButton\"]"}
RESULT: {"using":"xpath","value":"//button[@data-kt=\"addButton\"]"}
COMMAND: POST /session/21ce62c4ecbe6d238b640e15c86407e3/elements - {"using":"xpath","value":"//button[@data-kt=\"addButton\"]"}
RESULT: {"using":"xpath","value":"//button[@data-kt=\"addButton\"]"}
COMMAND: POST /session/21ce62c4ecbe6d238b640e15c86407e3/elements - {"using":"xpath","value":"//button[@data-kt=\"addButton\"]"}
RESULT: {"using":"xpath","value":"//button[@data-kt=\"addButton\"]"}
COMMAND: POST /session/21ce62c4ecbe6d238b640e15c86407e3/elements - {"using":"xpath","value":"//button[@data-kt=\"addButton\"]"}
RESULT: {"using":"xpath","value":"//button[@data-kt=\"addButton\"]"}
COMMAND: POST /session/21ce62c4ecbe6d238b640e15c86407e3/elements - {"using":"xpath","value":"//button[@data-kt=\"addButton\"]"}
RESULT: {"using":"xpath","value":"//button[@data-kt=\"addButton\"]"}
COMMAND: POST /session/21ce62c4ecbe6d238b640e15c86407e3/elements - {"using":"xpath","value":"//button[@data-kt=\"addButton\"]"}
RESULT: {"using":"xpath","value":"//button[@data-kt=\"addButton\"]"}
COMMAND: POST /session/21ce62c4ecbe6d238b640e15c86407e3/elements - {"using":"xpath","value":"//button[@data-kt=\"addButton\"]"}
RESULT: {"using":"xpath","value":"//button[@data-kt=\"addButton\"]"}
COMMAND: POST /session/21ce62c4ecbe6d238b640e15c86407e3/elements - {"using":"xpath","value":"//button[@data-kt=\"addButton\"]"}
RESULT: {"using":"xpath","value":"//button[@data-kt=\"addButton\"]"}
COMMAND: POST /session/21ce62c4ecbe6d238b640e15c86407e3/elements - {"using":"xpath","value":"//button[@data-kt=\"addButton\"]"}
RESULT: {"using":"xpath","value":"//button[@data-kt=\"addButton\"]"}
COMMAND: POST /session/21ce62c4ecbe6d238b640e15c86407e3/elements - {"using":"xpath","value":"//button[@data-kt=\"addButton\"]"}
RESULT: {"using":"xpath","value":"//button[@data-kt=\"addButton\"]"}
COMMAND: POST /session/21ce62c4ecbe6d238b640e15c86407e3/elements - {"using":"xpath","value":"//button[@data-kt=\"addButton\"]"}
RESULT: {"using":"xpath","value":"//button[@data-kt=\"addButton\"]"}
COMMAND: POST /session/21ce62c4ecbe6d238b640e15c86407e3/elements - {"using":"xpath","value":"//button[@data-kt=\"addButton\"]"}
RESULT: {"using":"xpath","value":"//button[@data-kt=\"addButton\"]"}
COMMAND: POST /session/21ce62c4ecbe6d238b640e15c86407e3/elements - {"using":"xpath","value":"//button[@data-kt=\"addButton\"]"}
RESULT: {"using":"xpath","value":"//button[@data-kt=\"addButton\"]"}
COMMAND: POST /session/21ce62c4ecbe6d238b640e15c86407e3/elements - {"using":"xpath","value":"//button[@data-kt=\"addButton\"]"}
RESULT: {"using":"xpath","value":"//button[@data-kt=\"addButton\"]"}
COMMAND: POST /session/21ce62c4ecbe6d238b640e15c86407e3/elements - {"using":"xpath","value":"//button[@data-kt=\"addButton\"]"}
RESULT: {"using":"xpath","value":"//button[@data-kt=\"addButton\"]"}
COMMAND: POST /session/21ce62c4ecbe6d238b640e15c86407e3/elements - {"using":"xpath","value":"//button[@data-kt=\"addButton\"]"}
RESULT: {"using":"xpath","value":"//button[@data-kt=\"addButton\"]"}
COMMAND: POST /session/21ce62c4ecbe6d238b640e15c86407e3/elements - {"using":"xpath","value":"//button[@data-kt=\"addButton\"]"}
RESULT: {"using":"xpath","value":"//button[@data-kt=\"addButton\"]"}
COMMAND: POST /session/21ce62c4ecbe6d238b640e15c86407e3/elements - {"using":"xpath","value":"//button[@data-kt=\"addButton\"]"}
RESULT: {"using":"xpath","value":"//button[@data-kt=\"addButton\"]"}
COMMAND: POST /session/21ce62c4ecbe6d238b640e15c86407e3/elements - {"using":"xpath","value":"//button[@data-kt=\"addButton\"]"}
RESULT: {"using":"xpath","value":"//button[@data-kt=\"addButton\"]"}
COMMAND: POST /session/21ce62c4ecbe6d238b640e15c86407e3/elements - {"using":"xpath","value":"//button[@data-kt=\"addButton\"]"}
RESULT: {"using":"xpath","value":"//button[@data-kt=\"addButton\"]"}
COMMAND: POST /session/21ce62c4ecbe6d238b640e15c86407e3/elements - {"using":"xpath","value":"//button[@data-kt=\"addButton\"]"}
RESULT: {"using":"xpath","value":"//button[@data-kt=\"addButton\"]"}
COMMAND: POST /session/21ce62c4ecbe6d238b640e15c86407e3/elements - {"using":"xpath","value":"//button[@data-kt=\"addButton\"]"}
RESULT: {"using":"xpath","value":"//button[@data-kt=\"addButton\"]"}
COMMAND: POST /session/21ce62c4ecbe6d238b640e15c86407e3/elements - {"using":"xpath","value":"//button[@data-kt=\"addButton\"]"}
RESULT: {"using":"xpath","value":"//button[@data-kt=\"addButton\"]"}
COMMAND: POST /session/21ce62c4ecbe6d238b640e15c86407e3/elements - {"using":"xpath","value":"//button[@data-kt=\"addButton\"]"}
RESULT: {"using":"xpath","value":"//button[@data-kt=\"addButton\"]"}
COMMAND: POST /session/21ce62c4ecbe6d238b640e15c86407e3/elements - {"using":"xpath","value":"//button[@data-kt=\"addButton\"]"}
RESULT: {"using":"xpath","value":"//button[@data-kt=\"addButton\"]"}
COMMAND: POST /session/21ce62c4ecbe6d238b640e15c86407e3/elements - {"using":"xpath","value":"//button[@data-kt=\"addButton\"]"}
RESULT: {"using":"xpath","value":"//button[@data-kt=\"addButton\"]"}
COMMAND: POST /session/21ce62c4ecbe6d238b640e15c86407e3/elements - {"using":"xpath","value":"//button[@data-kt=\"addButton\"]"}
RESULT: {"using":"xpath","value":"//button[@data-kt=\"addButton\"]"}
COMMAND: POST /session/21ce62c4ecbe6d238b640e15c86407e3/elements - {"using":"xpath","value":"//button[@data-kt=\"addButton\"]"}
RESULT: {"using":"xpath","value":"//button[@data-kt=\"addButton\"]"}
COMMAND: POST /session/21ce62c4ecbe6d238b640e15c86407e3/elements - {"using":"xpath","value":"//button[@data-kt=\"addButton\"]"}
RESULT: {"using":"xpath","value":"//button[@data-kt=\"addButton\"]"}
COMMAND: POST /session/21ce62c4ecbe6d238b640e15c86407e3/elements - {"using":"xpath","value":"//button[@data-kt=\"addButton\"]"}
RESULT: {"using":"xpath","value":"//button[@data-kt=\"addButton\"]"}
COMMAND: POST /session/21ce62c4ecbe6d238b640e15c86407e3/elements - {"using":"xpath","value":"//button[@data-kt=\"addButton\"]"}
RESULT: {"using":"xpath","value":"//button[@data-kt=\"addButton\"]"}
COMMAND: POST /session/21ce62c4ecbe6d238b640e15c86407e3/elements - {"using":"xpath","value":"//button[@data-kt=\"addButton\"]"}
RESULT: {"using":"xpath","value":"//button[@data-kt=\"addButton\"]"}
COMMAND: POST /session/21ce62c4ecbe6d238b640e15c86407e3/elements - {"using":"xpath","value":"//button[@data-kt=\"addButton\"]"}
RESULT: {"using":"xpath","value":"//button[@data-kt=\"addButton\"]"}
COMMAND: POST /session/21ce62c4ecbe6d238b640e15c86407e3/elements - {"using":"xpath","value":"//button[@data-kt=\"addButton\"]"}
RESULT: {"using":"xpath","value":"//button[@data-kt=\"addButton\"]"}
COMMAND: POST /session/21ce62c4ecbe6d238b640e15c86407e3/elements - {"using":"xpath","value":"//button[@data-kt=\"addButton\"]"}
RESULT: {"using":"xpath","value":"//button[@data-kt=\"addButton\"]"}
COMMAND: POST /session/21ce62c4ecbe6d238b640e15c86407e3/elements - {"using":"xpath","value":"//button[@data-kt=\"addButton\"]"}
RESULT: {"using":"xpath","value":"//button[@data-kt=\"addButton\"]"}
COMMAND: POST /session/21ce62c4ecbe6d238b640e15c86407e3/elements - {"using":"xpath","value":"//button[@data-kt=\"addButton\"]"}
RESULT: {"using":"xpath","value":"//button[@data-kt=\"addButton\"]"}
COMMAND: POST /session/21ce62c4ecbe6d238b640e15c86407e3/elements - {"using":"xpath","value":"//button[@data-kt=\"addButton\"]"}
RESULT: {"using":"xpath","value":"//button[@data-kt=\"addButton\"]"}
COMMAND: POST /session/21ce62c4ecbe6d238b640e15c86407e3/elements - {"using":"xpath","value":"//button[@data-kt=\"addButton\"]"}
RESULT: {"using":"xpath","value":"//button[@data-kt=\"addButton\"]"}
COMMAND: POST /session/21ce62c4ecbe6d238b640e15c86407e3/elements - {"using":"xpath","value":"//button[@data-kt=\"addButton\"]"}
RESULT: {"using":"xpath","value":"//button[@data-kt=\"addButton\"]"}
COMMAND: POST /session/21ce62c4ecbe6d238b640e15c86407e3/elements - {"using":"xpath","value":"//button[@data-kt=\"addButton\"]"}
RESULT: {"using":"xpath","value":"//button[@data-kt=\"addButton\"]"}
COMMAND: POST /session/21ce62c4ecbe6d238b640e15c86407e3/elements - {"using":"xpath","value":"//button[@data-kt=\"addButton\"]"}
RESULT: {"using":"xpath","value":"//button[@data-kt=\"addButton\"]"}
COMMAND: POST /session/21ce62c4ecbe6d238b640e15c86407e3/elements - {"using":"xpath","value":"//button[@data-kt=\"addButton\"]"}
RESULT: {"using":"xpath","value":"//button[@data-kt=\"addButton\"]"}
COMMAND: POST /session/21ce62c4ecbe6d238b640e15c86407e3/elements - {"using":"xpath","value":"//button[@data-kt=\"addButton\"]"}
RESULT: {"using":"xpath","value":"//button[@data-kt=\"addButton\"]"}
COMMAND: POST /session/21ce62c4ecbe6d238b640e15c86407e3/elements - {"using":"xpath","value":"//button[@data-kt=\"addButton\"]"}
RESULT: {"using":"xpath","value":"//button[@data-kt=\"addButton\"]"}
COMMAND: POST /session/21ce62c4ecbe6d238b640e15c86407e3/elements - {"using":"xpath","value":"//button[@data-kt=\"addButton\"]"}
RESULT: {"using":"xpath","value":"//button[@data-kt=\"addButton\"]"}
COMMAND: POST /session/21ce62c4ecbe6d238b640e15c86407e3/elements - {"using":"xpath","value":"//button[@data-kt=\"addButton\"]"}
RESULT: {"using":"xpath","value":"//button[@data-kt=\"addButton\"]"}
COMMAND: POST /session/21ce62c4ecbe6d238b640e15c86407e3/elements - {"using":"xpath","value":"//button[@data-kt=\"addButton\"]"}
RESULT: {"using":"xpath","value":"//button[@data-kt=\"addButton\"]"}
COMMAND: POST /session/21ce62c4ecbe6d238b640e15c86407e3/elements - {"using":"xpath","value":"//button[@data-kt=\"addButton\"]"}
RESULT: {"using":"xpath","value":"//button[@data-kt=\"addButton\"]"}
COMMAND: POST /session/21ce62c4ecbe6d238b640e15c86407e3/elements - {"using":"xpath","value":"//button[@data-kt=\"addButton\"]"}
RESULT: {"using":"xpath","value":"//button[@data-kt=\"addButton\"]"}
COMMAND: POST /session/21ce62c4ecbe6d238b640e15c86407e3/elements - {"using":"xpath","value":"//button[@data-kt=\"addButton\"]"}
RESULT: {"using":"xpath","value":"//button[@data-kt=\"addButton\"]"}
COMMAND: POST /session/21ce62c4ecbe6d238b640e15c86407e3/elements - {"using":"xpath","value":"//button[@data-kt=\"addButton\"]"}
RESULT: {"using":"xpath","value":"//button[@data-kt=\"addButton\"]"}
COMMAND: POST /session/21ce62c4ecbe6d238b640e15c86407e3/elements - {"using":"xpath","value":"//button[@data-kt=\"addButton\"]"}
RESULT: {"using":"xpath","value":"//button[@data-kt=\"addButton\"]"}
COMMAND: POST /session/21ce62c4ecbe6d238b640e15c86407e3/elements - {"using":"xpath","value":"//button[@data-kt=\"addButton\"]"}
RESULT: {"using":"xpath","value":"//button[@data-kt=\"addButton\"]"}
COMMAND: POST /session/21ce62c4ecbe6d238b640e15c86407e3/elements - {"using":"xpath","value":"//button[@data-kt=\"addButton\"]"}
RESULT: {"using":"xpath","value":"//button[@data-kt=\"addButton\"]"}
COMMAND: POST /session/21ce62c4ecbe6d238b640e15c86407e3/elements - {"using":"xpath","value":"//button[@data-kt=\"addButton\"]"}
RESULT: {"using":"xpath","value":"//button[@data-kt=\"addButton\"]"}
COMMAND: POST /session/21ce62c4ecbe6d238b640e15c86407e3/elements - {"using":"xpath","value":"//button[@data-kt=\"addButton\"]"}
RESULT: {"using":"xpath","value":"//button[@data-kt=\"addButton\"]"}
COMMAND: POST /session/21ce62c4ecbe6d238b640e15c86407e3/elements - {"using":"xpath","value":"//button[@data-kt=\"addButton\"]"}
RESULT: {"using":"xpath","value":"//button[@data-kt=\"addButton\"]"}
COMMAND: POST /session/21ce62c4ecbe6d238b640e15c86407e3/elements - {"using":"xpath","value":"//button[@data-kt=\"addButton\"]"}
RESULT: {"using":"xpath","value":"//button[@data-kt=\"addButton\"]"}
COMMAND: POST /session/21ce62c4ecbe6d238b640e15c86407e3/elements - {"using":"xpath","value":"//button[@data-kt=\"addButton\"]"}
RESULT: {"using":"xpath","value":"//button[@data-kt=\"addButton\"]"}
COMMAND: POST /session/21ce62c4ecbe6d238b640e15c86407e3/elements - {"using":"xpath","value":"//button[@data-kt=\"addButton\"]"}
RESULT: {"using":"xpath","value":"//button[@data-kt=\"addButton\"]"}
COMMAND: POST /session/21ce62c4ecbe6d238b640e15c86407e3/elements - {"using":"xpath","value":"//button[@data-kt=\"addButton\"]"}
RESULT: {"using":"xpath","value":"//button[@data-kt=\"addButton\"]"}
COMMAND: POST /session/21ce62c4ecbe6d238b640e15c86407e3/elements - {"using":"xpath","value":"//button[@data-kt=\"addButton\"]"}
RESULT: {"using":"xpath","value":"//button[@data-kt=\"addButton\"]"}
COMMAND: POST /session/21ce62c4ecbe6d238b640e15c86407e3/elements - {"using":"xpath","value":"//button[@data-kt=\"addButton\"]"}
RESULT: {"using":"xpath","value":"//button[@data-kt=\"addButton\"]"}
COMMAND: POST /session/21ce62c4ecbe6d238b640e15c86407e3/elements - {"using":"xpath","value":"//button[@data-kt=\"addButton\"]"}
RESULT: {"using":"xpath","value":"//button[@data-kt=\"addButton\"]"}
COMMAND: POST /session/21ce62c4ecbe6d238b640e15c86407e3/elements - {"using":"xpath","value":"//button[@data-kt=\"addButton\"]"}
RESULT: {"using":"xpath","value":"//button[@data-kt=\"addButton\"]"}
COMMAND: POST /session/21ce62c4ecbe6d238b640e15c86407e3/elements - {"using":"xpath","value":"//button[@data-kt=\"addButton\"]"}
RESULT: {"using":"xpath","value":"//button[@data-kt=\"addButton\"]"}
COMMAND: POST /session/21ce62c4ecbe6d238b640e15c86407e3/elements - {"using":"xpath","value":"//button[@data-kt=\"addButton\"]"}
RESULT: {"using":"xpath","value":"//button[@data-kt=\"addButton\"]"}
COMMAND: POST /session/21ce62c4ecbe6d238b640e15c86407e3/elements - {"using":"xpath","value":"//button[@data-kt=\"addButton\"]"}
RESULT: {"using":"xpath","value":"//button[@data-kt=\"addButton\"]"}
COMMAND: POST /session/21ce62c4ecbe6d238b640e15c86407e3/elements - {"using":"xpath","value":"//button[@data-kt=\"addButton\"]"}
RESULT: {"using":"xpath","value":"//button[@data-kt=\"addButton\"]"}
COMMAND: POST /session/21ce62c4ecbe6d238b640e15c86407e3/elements - {"using":"xpath","value":"//button[@data-kt=\"addButton\"]"}
RESULT: {"using":"xpath","value":"//button[@data-kt=\"addButton\"]"}
COMMAND: POST /session/21ce62c4ecbe6d238b640e15c86407e3/elements - {"using":"xpath","value":"//button[@data-kt=\"addButton\"]"}
RESULT: {"using":"xpath","value":"//button[@data-kt=\"addButton\"]"}
COMMAND: POST /session/21ce62c4ecbe6d238b640e15c86407e3/elements - {"using":"xpath","value":"//button[@data-kt=\"addButton\"]"}
COMMAND: GET /session/21ce62c4ecbe6d238b640e15c86407e3/screenshot - {}
RESULT: {"using":"xpath","value":"//button[@data-kt=\"addButton\"]"}
RESULT: {}
COMMAND: POST /session/21ce62c4ecbe6d238b640e15c86407e3/element - {"using":"css selector","value":"#j_username"}
COMMAND: POST /session/21ce62c4ecbe6d238b640e15c86407e3/url - {"url":"https://qa-testing-00-live-etm-ui.cfapps.eu10-004.hana.ondemand.com/"}
COMMAND: GET /session/21ce62c4ecbe6d238b640e15c86407e3/screenshot - {}
COMMAND: GET /session/21ce62c4ecbe6d238b640e15c86407e3/screenshot - {}
RESULT: {"using":"css selector","value":"#j_username"}
COMMAND: POST /session/21ce62c4ecbe6d238b640e15c86407e3/element - {"using":"css selector","value":"#j_username"}
RESULT: {"url":"https://qa-testing-00-live-etm-ui.cfapps.eu10-004.hana.ondemand.com/"}
RESULT: undefined
COMMAND: GET /session/21ce62c4ecbe6d238b640e15c86407e3/screenshot - {}
RESULT: {}
RESULT: {}
RESULT: {"using":"css selector","value":"#j_username"}
COMMAND: POST /session/21ce62c4ecbe6d238b640e15c86407e3/element - {"using":"css selector","value":"#shell-header-logo"}
RESULT: {}
RESULT: {"using":"css selector","value":"#shell-header-logo"}
COMMAND: POST /session/21ce62c4ecbe6d238b640e15c86407e3/execute/sync - {"script":"<script> [8489 bytes]","args":[{"element-6066-11e4-a52e-4f735466cecf":"f.93D217436D6DD50F1CAF1D433A497FC6.d.BDB2A92CD78AF2B18E4DA37D048BF84D.e.11947","ELEMENT":"f.93D217436D6DD50F1CAF1D433A497FC6.d.BDB2A92CD78AF2B18E4DA37D048BF84D.e.11947"}]}
RESULT: {"script":"<script> [8489 bytes]","args":[{"element-6066-11e4-a52e-4f735466cecf":"f.93D217436D6DD50F1CAF1D433A497FC6.d.BDB2A92CD78AF2B18E4DA37D048BF84D.e.11947","ELEMENT":"f.93D217436D6DD50F1CAF1D433A497FC6.d.BDB2A92CD78AF2B18E4DA37D048BF84D.e.11947"}]}
COMMAND: POST /session/21ce62c4ecbe6d238b640e15c86407e3/element - {"using":"css selector","value":"#shell-header-logo"}
COMMAND: GET /session/21ce62c4ecbe6d238b640e15c86407e3/screenshot - {}
RESULT: {"using":"css selector","value":"#shell-header-logo"}
COMMAND: POST /session/21ce62c4ecbe6d238b640e15c86407e3/execute/sync - {"script":"<script> [8489 bytes]","args":[{"element-6066-11e4-a52e-4f735466cecf":"f.93D217436D6DD50F1CAF1D433A497FC6.d.BDB2A92CD78AF2B18E4DA37D048BF84D.e.11947","ELEMENT":"f.93D217436D6DD50F1CAF1D433A497FC6.d.BDB2A92CD78AF2B18E4DA37D048BF84D.e.11947"}]}
RESULT: {}
RESULT: {"script":"<script> [8489 bytes]","args":[{"element-6066-11e4-a52e-4f735466cecf":"f.93D217436D6DD50F1CAF1D433A497FC6.d.BDB2A92CD78AF2B18E4DA37D048BF84D.e.11947","ELEMENT":"f.93D217436D6DD50F1CAF1D433A497FC6.d.BDB2A92CD78AF2B18E4DA37D048BF84D.e.11947"}]}
COMMAND: POST /session/21ce62c4ecbe6d238b640e15c86407e3/execute/sync - {"script":"<script> [5351 bytes]","args":[{"element-6066-11e4-a52e-4f735466cecf":"f.93D217436D6DD50F1CAF1D433A497FC6.d.BDB2A92CD78AF2B18E4DA37D048BF84D.e.11947","ELEMENT":"f.93D217436D6DD50F1CAF1D433A497FC6.d.BDB2A92CD78AF2B18E4DA37D048BF84D.e.11947"}]}
COMMAND: GET /session/21ce62c4ecbe6d238b640e15c86407e3/screenshot - {}
RESULT: {"script":"<script> [5351 bytes]","args":[{"element-6066-11e4-a52e-4f735466cecf":"f.93D217436D6DD50F1CAF1D433A497FC6.d.BDB2A92CD78AF2B18E4DA37D048BF84D.e.11947","ELEMENT":"f.93D217436D6DD50F1CAF1D433A497FC6.d.BDB2A92CD78AF2B18E4DA37D048BF84D.e.11947"}]}
COMMAND: POST /session/21ce62c4ecbe6d238b640e15c86407e3/element - {"using":"css selector","value":"#shell-header-logo"}
COMMAND: GET /session/21ce62c4ecbe6d238b640e15c86407e3/screenshot - {}
RESULT: {}
RESULT: {"using":"css selector","value":"#shell-header-logo"}
COMMAND: POST /session/21ce62c4ecbe6d238b640e15c86407e3/element/f.93D217436D6DD50F1CAF1D433A497FC6.d.BDB2A92CD78AF2B18E4DA37D048BF84D.e.11947/click - {}
RESULT: {}
RESULT: {}
COMMAND: GET /session/21ce62c4ecbe6d238b640e15c86407e3/screenshot - {}
RESULT: {}
COMMAND: POST /session/21ce62c4ecbe6d238b640e15c86407e3/execute/async - {"script":"<script> [189 bytes]","args":[]}
RESULT: {"script":"<script> [189 bytes]","args":[]}
COMMAND: POST /session/21ce62c4ecbe6d238b640e15c86407e3/execute/async - {"script":"<script> [123 bytes]","args":[]}
RESULT: {"script":"<script> [123 bytes]","args":[]}
COMMAND: POST /session/21ce62c4ecbe6d238b640e15c86407e3/timeouts - {"script":"<number>"}
RESULT: {"script":"<number>"}
COMMAND: GET /session/21ce62c4ecbe6d238b640e15c86407e3/timeouts - {}
RESULT: {}
RESULT: undefined
COMMAND: POST /session/21ce62c4ecbe6d238b640e15c86407e3/execute/async - {"script":"<script> [2676 bytes]","args":[]}
RESULT: {"script":"<script> [2676 bytes]","args":[]}
COMMAND: POST /session/21ce62c4ecbe6d238b640e15c86407e3/execute/async - {"script":"<script> [2342 bytes]","args":[{"protocol":"http","hostname":"0.0.0.0","path":"/","capabilities":{"browserName":"chrome","goog:chromeOptions":{"binary":"C:\\Program Files\\Google\\Chrome\\Application\\chrome.exe","args":["--start-maximized"]}},"logLevel":"warn","connectionRetryTimeout":120000,"connectionRetryCount":3,"logLevels":{},"enableDirectConnect":true,"strictSSL":true,"_":"65 more keys: [\"cacheDir\",\"port\",\"requestedCapabilities\",\"automationProtocol\",\"baseUrl\",\"waitforInterval\",\"waitforTimeout\",\"onReload\",\"beforeCommand\",\"afterCommand\",\"rootDir\",\"specs\",\"suites\",\"exclude\",\"groupLogsByTestSpec\",\"excludeDriverLogs\",\"bail\",\"framework\",\"reporters\",\"services\",\"maxInstances\",\"maxInstancesPerCapability\",\"injectGlobals\",\"filesToWatch\",\"execArgv\",\"runnerEnv\",\"runner\",\"shard\",\"specFileRetries\",\"specFileRetriesDelay\",\"specFileRetriesDeferred\",\"reporterSyncInterval\",\"reporterSyncTimeout\",\"cucumberFeaturesWithLineNumbers\",\"autoCompileOpts\",\"mochaOpts\",\"jasmineOpts\",\"cucumberOpts\",\"onPrepare\",\"onWorkerStart\",\"onWorkerEnd\",\"before\",\"beforeSession\",\"beforeSuite\",\"beforeHook\",\"beforeTest\",\"afterTest\",\"afterHook\",\"afterSuite\",\"afterSession\",\"after\",\"onComplete\",\"beforeAssertion\",\"afterAssertion\",\"beforeFeature\",\"beforeScenario\",\"beforeStep\",\"afterStep\",\"afterScenario\",\"afterFeature\",\"_\",\"suite\",\"$0\",\"ignoredWorkerServices\",\"wdi5\"]"}]}
RESULT: {"script":"<script> [2342 bytes]","args":[{"protocol":"http","hostname":"0.0.0.0","path":"/","capabilities":{"browserName":"chrome","goog:chromeOptions":{"binary":"C:\\Program Files\\Google\\Chrome\\Application\\chrome.exe","args":["--start-maximized"]}},"logLevel":"warn","connectionRetryTimeout":120000,"connectionRetryCount":3,"logLevels":{},"enableDirectConnect":true,"strictSSL":true,"_":"65 more keys: [\"cacheDir\",\"port\",\"requestedCapabilities\",\"automationProtocol\",\"baseUrl\",\"waitforInterval\",\"waitforTimeout\",\"onReload\",\"beforeCommand\",\"afterCommand\",\"rootDir\",\"specs\",\"suites\",\"exclude\",\"groupLogsByTestSpec\",\"excludeDriverLogs\",\"bail\",\"framework\",\"reporters\",\"services\",\"maxInstances\",\"maxInstancesPerCapability\",\"injectGlobals\",\"filesToWatch\",\"execArgv\",\"runnerEnv\",\"runner\",\"shard\",\"specFileRetries\",\"specFileRetriesDelay\",\"specFileRetriesDeferred\",\"reporterSyncInterval\",\"reporterSyncTimeout\",\"cucumberFeaturesWithLineNumbers\",\"autoCompileOpts\",\"mochaOpts\",\"jasmineOpts\",\"cucumberOpts\",\"onPrepare\",\"onWorkerStart\",\"onWorkerEnd\",\"before\",\"beforeSession\",\"beforeSuite\",\"beforeHook\",\"beforeTest\",\"afterTest\",\"afterHook\",\"afterSuite\",\"afterSession\",\"after\",\"onComplete\",\"beforeAssertion\",\"afterAssertion\",\"beforeFeature\",\"beforeScenario\",\"beforeStep\",\"afterStep\",\"afterScenario\",\"afterFeature\",\"_\",\"suite\",\"$0\",\"ignoredWorkerServices\",\"wdi5\"]"}]}
COMMAND: POST /session/21ce62c4ecbe6d238b640e15c86407e3/execute/async - {"script":"<script> [21126 bytes]","args":[35000]}
RESULT: {"script":"<script> [21126 bytes]","args":[35000]}
COMMAND: POST /session/21ce62c4ecbe6d238b640e15c86407e3/window/maximize - {}
RESULT: {}
COMMAND: POST /session/21ce62c4ecbe6d238b640e15c86407e3/execute/async - {"script":"<script> [1562 bytes]","args":[{"selector":{"id":"shell-header","interaction":{"idSuffix":"icon"}},"wdio_ui5_key":"shellheader"}]}
COMMAND: GET /session/21ce62c4ecbe6d238b640e15c86407e3/screenshot - {}
RESULT: {"script":"<script> [1562 bytes]","args":[{"selector":{"id":"shell-header","interaction":{"idSuffix":"icon"}},"wdio_ui5_key":"shellheader"}]}
RESULT: undefined
COMMAND: POST /session/21ce62c4ecbe6d238b640e15c86407e3/window/fullscreen - {}
RESULT: {}
RESULT: {}
]]></system-out>
      <system-err><![CDATA[
Error: element ("//button[@data-kt="addButton"]") still not existing after 45000ms
    at async Context.<anonymous> (D:\a\1\s\test\specs\HTR\return-from-site-w-warehouse-management-w-clarification.spec.js:411:9)
]]></system-err>
    </testcase>
  </testsuite>
  <testsuite timestamp="2025-05-31T17:20:31" time="538.669" tests="9" failures="3" errors="3" skipped="0">
    <properties>
      <property name="specId" value="0"/>
      <property name="suiteName" value="Create masterdata for Yard Overview - trigger provide US130988"/>
      <property name="capabilities" value="chrome.136_0_7103_93.windows"/>
      <property name="file" value="file:///D:/a/1/s/test/specs/HTR/stock-decrease.spec.js"/>
    </properties>
    <testcase classname="chrome.136_0_7103_93.windows.Create_masterdata_for_Yard_Overview_-_trigger_provide_US130988" name="Should create a new WHM yard" time="0.012">
      <system-out><![CDATA[
COMMAND: POST /session/21ce62c4ecbe6d238b640e15c86407e3/window/fullscreen - {}
RESULT: {}
]]></system-out>
    </testcase>
    <testcase classname="chrome.136_0_7103_93.windows.Create_masterdata_for_Yard_Overview_-_trigger_provide_US130988" name="Should create a new partner" time="0.004"/>
    <testcase classname="chrome.136_0_7103_93.windows.Create_masterdata_for_Yard_Overview_-_trigger_provide_US130988" name="Should create a new site" time="0.004"/>
    <testcase classname="chrome.136_0_7103_93.windows.Create_masterdata_for_Yard_Overview_-_trigger_provide_US130988" name="Should create a new material" time="136.412">
      <system-out><![CDATA[
COMMAND: POST /session/21ce62c4ecbe6d238b640e15c86407e3/execute/async - {"script":"<script> [1562 bytes]","args":[{"selector":{"controlType":"sap.m.GenericTile","properties":{"header":"Manage Resources"}},"wdio_ui5_key":"sapm.GenericTile{\"header\":\"Manage Resources\"}"}]}
RESULT: {"script":"<script> [1562 bytes]","args":[{"selector":{"controlType":"sap.m.GenericTile","properties":{"header":"Manage Resources"}},"wdio_ui5_key":"sapm.GenericTile{\"header\":\"Manage Resources\"}"}]}
RESULT: undefined
COMMAND: POST /session/21ce62c4ecbe6d238b640e15c86407e3/element - {"using":"xpath","value":"//*[@id=\"__tile31\"]"}
RESULT: {"using":"xpath","value":"//*[@id=\"__tile31\"]"}
COMMAND: POST /session/21ce62c4ecbe6d238b640e15c86407e3/element/f.93D217436D6DD50F1CAF1D433A497FC6.d.BDB2A92CD78AF2B18E4DA37D048BF84D.e.11963/click - {}
RESULT: {}
COMMAND: GET /session/21ce62c4ecbe6d238b640e15c86407e3/screenshot - {}
RESULT: {}
COMMAND: POST /session/21ce62c4ecbe6d238b640e15c86407e3/elements - {"using":"xpath","value":"//span[text()='Error']"}
RESULT: {"using":"xpath","value":"//span[text()='Error']"}
COMMAND: POST /session/21ce62c4ecbe6d238b640e15c86407e3/element - {"using":"xpath","value":"//button[@data-kt=\"addNewRUOverflowToolbarButton\"]"}
RESULT: {"using":"xpath","value":"//button[@data-kt=\"addNewRUOverflowToolbarButton\"]"}
COMMAND: POST /session/21ce62c4ecbe6d238b640e15c86407e3/elements - {"using":"xpath","value":"//button[@data-kt=\"addNewRUOverflowToolbarButton\"]"}
RESULT: {"using":"xpath","value":"//button[@data-kt=\"addNewRUOverflowToolbarButton\"]"}
COMMAND: POST /session/21ce62c4ecbe6d238b640e15c86407e3/elements - {"using":"xpath","value":"//button[@data-kt=\"addNewRUOverflowToolbarButton\"]"}
RESULT: {"using":"xpath","value":"//button[@data-kt=\"addNewRUOverflowToolbarButton\"]"}
COMMAND: POST /session/21ce62c4ecbe6d238b640e15c86407e3/elements - {"using":"xpath","value":"//button[@data-kt=\"addNewRUOverflowToolbarButton\"]"}
RESULT: {"using":"xpath","value":"//button[@data-kt=\"addNewRUOverflowToolbarButton\"]"}
COMMAND: POST /session/21ce62c4ecbe6d238b640e15c86407e3/elements - {"using":"xpath","value":"//button[@data-kt=\"addNewRUOverflowToolbarButton\"]"}
RESULT: {"using":"xpath","value":"//button[@data-kt=\"addNewRUOverflowToolbarButton\"]"}
COMMAND: POST /session/21ce62c4ecbe6d238b640e15c86407e3/elements - {"using":"xpath","value":"//button[@data-kt=\"addNewRUOverflowToolbarButton\"]"}
RESULT: {"using":"xpath","value":"//button[@data-kt=\"addNewRUOverflowToolbarButton\"]"}
COMMAND: POST /session/21ce62c4ecbe6d238b640e15c86407e3/elements - {"using":"xpath","value":"//button[@data-kt=\"addNewRUOverflowToolbarButton\"]"}
RESULT: {"using":"xpath","value":"//button[@data-kt=\"addNewRUOverflowToolbarButton\"]"}
COMMAND: POST /session/21ce62c4ecbe6d238b640e15c86407e3/element - {"using":"xpath","value":"//button[@data-kt=\"addNewRUOverflowToolbarButton\"]"}
RESULT: {"using":"xpath","value":"//button[@data-kt=\"addNewRUOverflowToolbarButton\"]"}
COMMAND: POST /session/21ce62c4ecbe6d238b640e15c86407e3/execute/sync - {"script":"<script> [8489 bytes]","args":[{"element-6066-11e4-a52e-4f735466cecf":"f.93D217436D6DD50F1CAF1D433A497FC6.d.BDB2A92CD78AF2B18E4DA37D048BF84D.e.12089","ELEMENT":"f.93D217436D6DD50F1CAF1D433A497FC6.d.BDB2A92CD78AF2B18E4DA37D048BF84D.e.12089"}]}
RESULT: {"script":"<script> [8489 bytes]","args":[{"element-6066-11e4-a52e-4f735466cecf":"f.93D217436D6DD50F1CAF1D433A497FC6.d.BDB2A92CD78AF2B18E4DA37D048BF84D.e.12089","ELEMENT":"f.93D217436D6DD50F1CAF1D433A497FC6.d.BDB2A92CD78AF2B18E4DA37D048BF84D.e.12089"}]}
COMMAND: GET /session/21ce62c4ecbe6d238b640e15c86407e3/element/f.93D217436D6DD50F1CAF1D433A497FC6.d.BDB2A92CD78AF2B18E4DA37D048BF84D.e.12089/enabled - {}
COMMAND: GET /session/21ce62c4ecbe6d238b640e15c86407e3/screenshot - {}
RESULT: {}
COMMAND: POST /session/21ce62c4ecbe6d238b640e15c86407e3/execute/sync - {"script":"<script> [8489 bytes]","args":[{"element-6066-11e4-a52e-4f735466cecf":"f.93D217436D6DD50F1CAF1D433A497FC6.d.BDB2A92CD78AF2B18E4DA37D048BF84D.e.12089","ELEMENT":"f.93D217436D6DD50F1CAF1D433A497FC6.d.BDB2A92CD78AF2B18E4DA37D048BF84D.e.12089"}]}
COMMAND: GET /session/21ce62c4ecbe6d238b640e15c86407e3/screenshot - {}
RESULT: {}
RESULT: {"script":"<script> [8489 bytes]","args":[{"element-6066-11e4-a52e-4f735466cecf":"f.93D217436D6DD50F1CAF1D433A497FC6.d.BDB2A92CD78AF2B18E4DA37D048BF84D.e.12089","ELEMENT":"f.93D217436D6DD50F1CAF1D433A497FC6.d.BDB2A92CD78AF2B18E4DA37D048BF84D.e.12089"}]}
COMMAND: POST /session/21ce62c4ecbe6d238b640e15c86407e3/execute/sync - {"script":"<script> [5351 bytes]","args":[{"element-6066-11e4-a52e-4f735466cecf":"f.93D217436D6DD50F1CAF1D433A497FC6.d.BDB2A92CD78AF2B18E4DA37D048BF84D.e.12089","ELEMENT":"f.93D217436D6DD50F1CAF1D433A497FC6.d.BDB2A92CD78AF2B18E4DA37D048BF84D.e.12089"}]}
COMMAND: GET /session/21ce62c4ecbe6d238b640e15c86407e3/screenshot - {}
RESULT: {}
RESULT: {"script":"<script> [5351 bytes]","args":[{"element-6066-11e4-a52e-4f735466cecf":"f.93D217436D6DD50F1CAF1D433A497FC6.d.BDB2A92CD78AF2B18E4DA37D048BF84D.e.12089","ELEMENT":"f.93D217436D6DD50F1CAF1D433A497FC6.d.BDB2A92CD78AF2B18E4DA37D048BF84D.e.12089"}]}
COMMAND: POST /session/21ce62c4ecbe6d238b640e15c86407e3/element/f.93D217436D6DD50F1CAF1D433A497FC6.d.BDB2A92CD78AF2B18E4DA37D048BF84D.e.12089/click - {}
COMMAND: GET /session/21ce62c4ecbe6d238b640e15c86407e3/screenshot - {}
RESULT: {}
RESULT: {}
COMMAND: GET /session/21ce62c4ecbe6d238b640e15c86407e3/screenshot - {}
RESULT: {}
RESULT: {}
COMMAND: POST /session/21ce62c4ecbe6d238b640e15c86407e3/execute/async - {"script":"<script> [1562 bytes]","args":[{"selector":{"id":"application-manageresources-display-component---newResourceUnit--TYPE-arrow"},"wdio_ui5_key":"applicationmanageresources-display-component---newResourceUnit--TYPE-arrow"}]}
RESULT: {"script":"<script> [1562 bytes]","args":[{"selector":{"id":"application-manageresources-display-component---newResourceUnit--TYPE-arrow"},"wdio_ui5_key":"applicationmanageresources-display-component---newResourceUnit--TYPE-arrow"}]}
RESULT: undefined
COMMAND: POST /session/21ce62c4ecbe6d238b640e15c86407e3/element - {"using":"xpath","value":"//*[@id=\"application-manageresources-display-component---newResourceUnit--TYPE-arrow\"]"}
RESULT: {"using":"xpath","value":"//*[@id=\"application-manageresources-display-component---newResourceUnit--TYPE-arrow\"]"}
COMMAND: POST /session/21ce62c4ecbe6d238b640e15c86407e3/element/f.93D217436D6DD50F1CAF1D433A497FC6.d.BDB2A92CD78AF2B18E4DA37D048BF84D.e.12457/click - {}
RESULT: {}
COMMAND: POST /session/21ce62c4ecbe6d238b640e15c86407e3/element - {"using":"xpath","value":"//input[@id=\"application-manageresources-display-component---newResourceUnit--TYPE-inner\"]"}
COMMAND: GET /session/21ce62c4ecbe6d238b640e15c86407e3/screenshot - {}
RESULT: {"using":"xpath","value":"//input[@id=\"application-manageresources-display-component---newResourceUnit--TYPE-inner\"]"}
COMMAND: POST /session/21ce62c4ecbe6d238b640e15c86407e3/element/f.93D217436D6DD50F1CAF1D433A497FC6.d.BDB2A92CD78AF2B18E4DA37D048BF84D.e.12445/clear - {}
RESULT: {}
RESULT: {}
COMMAND: POST /session/21ce62c4ecbe6d238b640e15c86407e3/element/f.93D217436D6DD50F1CAF1D433A497FC6.d.BDB2A92CD78AF2B18E4DA37D048BF84D.e.12445/value - {"text":"Material"}
COMMAND: GET /session/21ce62c4ecbe6d238b640e15c86407e3/screenshot - {}
RESULT: {"text":"Material"}
COMMAND: GET /session/21ce62c4ecbe6d238b640e15c86407e3/screenshot - {}
RESULT: {}
RESULT: {}
COMMAND: POST /session/21ce62c4ecbe6d238b640e15c86407e3/actions - {"actions":[{"id":"action42","type":"key","parameters":{},"actions":[{"type":"keyDown","value":""},{"type":"pause","duration":10},{"type":"keyUp","value":""}]}]}
RESULT: {"actions":[{"id":"action42","type":"key","parameters":{},"actions":[{"type":"keyDown","value":""},{"type":"pause","duration":10},{"type":"keyUp","value":""}]}]}
COMMAND: POST /session/21ce62c4ecbe6d238b640e15c86407e3/execute/async - {"script":"<script> [1562 bytes]","args":[{"selector":{"id":"application-manageresources-display-component---newResourceUnit--SHORT_TEXT","interaction":{"idSuffix":"inner"}},"wdio_ui5_key":"applicationmanageresources-display-component---newResourceUnit--SHORT_TEXT"}]}
COMMAND: GET /session/21ce62c4ecbe6d238b640e15c86407e3/screenshot - {}
RESULT: {"script":"<script> [1562 bytes]","args":[{"selector":{"id":"application-manageresources-display-component---newResourceUnit--SHORT_TEXT","interaction":{"idSuffix":"inner"}},"wdio_ui5_key":"applicationmanageresources-display-component---newResourceUnit--SHORT_TEXT"}]}
RESULT: undefined
COMMAND: POST /session/21ce62c4ecbe6d238b640e15c86407e3/execute/async - {"script":"<script> [776 bytes]","args":[{"enterText":"Cement WDIO","selector":{"id":"application-manageresources-display-component---newResourceUnit--SHORT_TEXT","interaction":{"idSuffix":"inner"}},"clearTextFirst":true,"interactionType":"ENTER_TEXT"}]}
RESULT: {}
RESULT: {"script":"<script> [776 bytes]","args":[{"enterText":"Cement WDIO","selector":{"id":"application-manageresources-display-component---newResourceUnit--SHORT_TEXT","interaction":{"idSuffix":"inner"}},"clearTextFirst":true,"interactionType":"ENTER_TEXT"}]}
COMMAND: POST /session/21ce62c4ecbe6d238b640e15c86407e3/execute/async - {"script":"<script> [1562 bytes]","args":[{"selector":{"id":"application-manageresources-display-component---newResourceUnit--BASE_UNIT_OF_MEASURE","interaction":{"idSuffix":"inner"}},"wdio_ui5_key":"applicationmanageresources-display-component---newResourceUnit--BASE_UNIT_OF_MEASURE"}]}
RESULT: {"script":"<script> [1562 bytes]","args":[{"selector":{"id":"application-manageresources-display-component---newResourceUnit--BASE_UNIT_OF_MEASURE","interaction":{"idSuffix":"inner"}},"wdio_ui5_key":"applicationmanageresources-display-component---newResourceUnit--BASE_UNIT_OF_MEASURE"}]}
RESULT: undefined
COMMAND: POST /session/21ce62c4ecbe6d238b640e15c86407e3/execute/async - {"script":"<script> [776 bytes]","args":[{"enterText":"Piece","selector":{"id":"application-manageresources-display-component---newResourceUnit--BASE_UNIT_OF_MEASURE","interaction":{"idSuffix":"inner"}},"clearTextFirst":true,"interactionType":"ENTER_TEXT"}]}
RESULT: {"script":"<script> [776 bytes]","args":[{"enterText":"Piece","selector":{"id":"application-manageresources-display-component---newResourceUnit--BASE_UNIT_OF_MEASURE","interaction":{"idSuffix":"inner"}},"clearTextFirst":true,"interactionType":"ENTER_TEXT"}]}
COMMAND: POST /session/21ce62c4ecbe6d238b640e15c86407e3/execute/async - {"script":"<script> [1562 bytes]","args":[{"selector":{"id":"application-manageresources-display-component---newResourceUnit--WEIGHT_UNIT","interaction":{"idSuffix":"inner"}},"wdio_ui5_key":"applicationmanageresources-display-component---newResourceUnit--WEIGHT_UNIT"}]}
RESULT: {"script":"<script> [1562 bytes]","args":[{"selector":{"id":"application-manageresources-display-component---newResourceUnit--WEIGHT_UNIT","interaction":{"idSuffix":"inner"}},"wdio_ui5_key":"applicationmanageresources-display-component---newResourceUnit--WEIGHT_UNIT"}]}
RESULT: undefined
COMMAND: POST /session/21ce62c4ecbe6d238b640e15c86407e3/execute/async - {"script":"<script> [776 bytes]","args":[{"enterText":"Gram","selector":{"id":"application-manageresources-display-component---newResourceUnit--WEIGHT_UNIT","interaction":{"idSuffix":"inner"}},"clearTextFirst":true,"interactionType":"ENTER_TEXT"}]}
RESULT: {"script":"<script> [776 bytes]","args":[{"enterText":"Gram","selector":{"id":"application-manageresources-display-component---newResourceUnit--WEIGHT_UNIT","interaction":{"idSuffix":"inner"}},"clearTextFirst":true,"interactionType":"ENTER_TEXT"}]}
COMMAND: POST /session/21ce62c4ecbe6d238b640e15c86407e3/execute/async - {"script":"<script> [1562 bytes]","args":[{"selector":{"id":"application-manageresources-display-component---newResourceUnit--DIMENSION_UNIT","interaction":{"idSuffix":"inner"}},"wdio_ui5_key":"applicationmanageresources-display-component---newResourceUnit--DIMENSION_UNIT"}]}
RESULT: {"script":"<script> [1562 bytes]","args":[{"selector":{"id":"application-manageresources-display-component---newResourceUnit--DIMENSION_UNIT","interaction":{"idSuffix":"inner"}},"wdio_ui5_key":"applicationmanageresources-display-component---newResourceUnit--DIMENSION_UNIT"}]}
RESULT: undefined
COMMAND: POST /session/21ce62c4ecbe6d238b640e15c86407e3/execute/async - {"script":"<script> [776 bytes]","args":[{"enterText":"Meter","selector":{"id":"application-manageresources-display-component---newResourceUnit--DIMENSION_UNIT","interaction":{"idSuffix":"inner"}},"clearTextFirst":true,"interactionType":"ENTER_TEXT"}]}
RESULT: {"script":"<script> [776 bytes]","args":[{"enterText":"Meter","selector":{"id":"application-manageresources-display-component---newResourceUnit--DIMENSION_UNIT","interaction":{"idSuffix":"inner"}},"clearTextFirst":true,"interactionType":"ENTER_TEXT"}]}
COMMAND: POST /session/21ce62c4ecbe6d238b640e15c86407e3/execute/async - {"script":"<script> [1562 bytes]","args":[{"selector":{"id":"application-manageresources-display-component---newResourceUnit--newRRUPage-anchBar-application-manageresources-display-component---newResourceUnit--control-anchor","interaction":{"idSuffix":"BDI-content"}},"wdio_ui5_key":"applicationmanageresources-display-component---newResourceUnit--newRRUPage-anchBar-application-manageresources-display-component---newResourceUnit--control-anchor"}]}
RESULT: {"script":"<script> [1562 bytes]","args":[{"selector":{"id":"application-manageresources-display-component---newResourceUnit--newRRUPage-anchBar-application-manageresources-display-component---newResourceUnit--control-anchor","interaction":{"idSuffix":"BDI-content"}},"wdio_ui5_key":"applicationmanageresources-display-component---newResourceUnit--newRRUPage-anchBar-application-manageresources-display-component---newResourceUnit--control-anchor"}]}
RESULT: undefined
COMMAND: POST /session/21ce62c4ecbe6d238b640e15c86407e3/element - {"using":"xpath","value":"//*[@id=\"application-manageresources-display-component---newResourceUnit--newRRUPage-anchBar-application-manageresources-display-component---newResourceUnit--control-anchor\"]"}
RESULT: {"using":"xpath","value":"//*[@id=\"application-manageresources-display-component---newResourceUnit--newRRUPage-anchBar-application-manageresources-display-component---newResourceUnit--control-anchor\"]"}
COMMAND: POST /session/21ce62c4ecbe6d238b640e15c86407e3/element/f.93D217436D6DD50F1CAF1D433A497FC6.d.BDB2A92CD78AF2B18E4DA37D048BF84D.e.12589/click - {}
RESULT: {}
COMMAND: POST /session/21ce62c4ecbe6d238b640e15c86407e3/execute/async - {"script":"<script> [1562 bytes]","args":[{"selector":{"id":"application-manageresources-display-component---newResourceUnit--PLANNING_GROUP","interaction":{"idSuffix":"inner"}},"wdio_ui5_key":"applicationmanageresources-display-component---newResourceUnit--PLANNING_GROUP"}]}
COMMAND: GET /session/21ce62c4ecbe6d238b640e15c86407e3/screenshot - {}
RESULT: {"script":"<script> [1562 bytes]","args":[{"selector":{"id":"application-manageresources-display-component---newResourceUnit--PLANNING_GROUP","interaction":{"idSuffix":"inner"}},"wdio_ui5_key":"applicationmanageresources-display-component---newResourceUnit--PLANNING_GROUP"}]}
RESULT: undefined
COMMAND: POST /session/21ce62c4ecbe6d238b640e15c86407e3/execute/async - {"script":"<script> [776 bytes]","args":[{"enterText":"Material","selector":{"id":"application-manageresources-display-component---newResourceUnit--PLANNING_GROUP","interaction":{"idSuffix":"inner"}},"clearTextFirst":true,"interactionType":"ENTER_TEXT"}]}
RESULT: {}
RESULT: {"script":"<script> [776 bytes]","args":[{"enterText":"Material","selector":{"id":"application-manageresources-display-component---newResourceUnit--PLANNING_GROUP","interaction":{"idSuffix":"inner"}},"clearTextFirst":true,"interactionType":"ENTER_TEXT"}]}
COMMAND: POST /session/21ce62c4ecbe6d238b640e15c86407e3/execute/async - {"script":"<script> [1562 bytes]","args":[{"selector":{"id":"application-manageresources-display-component---newResourceUnit--PLANNING_INDICATOR","interaction":{"idSuffix":"inner"}},"wdio_ui5_key":"applicationmanageresources-display-component---newResourceUnit--PLANNING_INDICATOR"}]}
RESULT: {"script":"<script> [1562 bytes]","args":[{"selector":{"id":"application-manageresources-display-component---newResourceUnit--PLANNING_INDICATOR","interaction":{"idSuffix":"inner"}},"wdio_ui5_key":"applicationmanageresources-display-component---newResourceUnit--PLANNING_INDICATOR"}]}
RESULT: undefined
COMMAND: POST /session/21ce62c4ecbe6d238b640e15c86407e3/execute/async - {"script":"<script> [776 bytes]","args":[{"enterText":"10 - infinite","selector":{"id":"application-manageresources-display-component---newResourceUnit--PLANNING_INDICATOR","interaction":{"idSuffix":"inner"}},"clearTextFirst":true,"interactionType":"ENTER_TEXT"}]}
RESULT: {"script":"<script> [776 bytes]","args":[{"enterText":"10 - infinite","selector":{"id":"application-manageresources-display-component---newResourceUnit--PLANNING_INDICATOR","interaction":{"idSuffix":"inner"}},"clearTextFirst":true,"interactionType":"ENTER_TEXT"}]}
COMMAND: POST /session/21ce62c4ecbe6d238b640e15c86407e3/element - {"using":"css selector","value":"#application-manageresources-display-component---newResourceUnit--btnAddTimeSegment"}
RESULT: {"using":"css selector","value":"#application-manageresources-display-component---newResourceUnit--btnAddTimeSegment"}
COMMAND: GET /session/21ce62c4ecbe6d238b640e15c86407e3/element/f.93D217436D6DD50F1CAF1D433A497FC6.d.BDB2A92CD78AF2B18E4DA37D048BF84D.e.12597/rect - {}
RESULT: {}
COMMAND: GET /session/21ce62c4ecbe6d238b640e15c86407e3/window/rect - {}
RESULT: {}
COMMAND: POST /session/21ce62c4ecbe6d238b640e15c86407e3/execute/sync - {"script":"<script> [92 bytes]","args":[]}
RESULT: {"script":"<script> [92 bytes]","args":[]}
COMMAND: POST /session/21ce62c4ecbe6d238b640e15c86407e3/actions - {"actions":[{"id":"action43","type":"wheel","parameters":{},"actions":[{"type":"scroll","x":-1888,"y":-32,"deltaX":0,"deltaY":0,"duration":0,"origin":{"element-6066-11e4-a52e-4f735466cecf":"f.93D217436D6DD50F1CAF1D433A497FC6.d.BDB2A92CD78AF2B18E4DA37D048BF84D.e.12597"}}]}]}
COMMAND: GET /session/21ce62c4ecbe6d238b640e15c86407e3/screenshot - {}
RESULT: {}
COMMAND: POST /session/21ce62c4ecbe6d238b640e15c86407e3/execute/sync - {"script":"<script> [79 bytes]","args":[{"element-6066-11e4-a52e-4f735466cecf":"f.93D217436D6DD50F1CAF1D433A497FC6.d.BDB2A92CD78AF2B18E4DA37D048BF84D.e.12597","ELEMENT":"f.93D217436D6DD50F1CAF1D433A497FC6.d.BDB2A92CD78AF2B18E4DA37D048BF84D.e.12597"},{"block":"start","inline":"nearest"}]}
RESULT: {"script":"<script> [79 bytes]","args":[{"element-6066-11e4-a52e-4f735466cecf":"f.93D217436D6DD50F1CAF1D433A497FC6.d.BDB2A92CD78AF2B18E4DA37D048BF84D.e.12597","ELEMENT":"f.93D217436D6DD50F1CAF1D433A497FC6.d.BDB2A92CD78AF2B18E4DA37D048BF84D.e.12597"},{"block":"start","inline":"nearest"}]}
COMMAND: POST /session/21ce62c4ecbe6d238b640e15c86407e3/execute/async - {"script":"<script> [1562 bytes]","args":[{"selector":{"id":"application-manageresources-display-component---newResourceUnit--btnAddTimeSegment","interaction":{"idSuffix":"inner"}},"wdio_ui5_key":"applicationmanageresources-display-component---newResourceUnit--btnAddTimeSegment"}]}
COMMAND: GET /session/21ce62c4ecbe6d238b640e15c86407e3/screenshot - {}
RESULT: {"script":"<script> [1562 bytes]","args":[{"selector":{"id":"application-manageresources-display-component---newResourceUnit--btnAddTimeSegment","interaction":{"idSuffix":"inner"}},"wdio_ui5_key":"applicationmanageresources-display-component---newResourceUnit--btnAddTimeSegment"}]}
RESULT: undefined
COMMAND: POST /session/21ce62c4ecbe6d238b640e15c86407e3/element - {"using":"xpath","value":"//*[@id=\"application-manageresources-display-component---newResourceUnit--btnAddTimeSegment\"]"}
RESULT: {}
RESULT: {"using":"xpath","value":"//*[@id=\"application-manageresources-display-component---newResourceUnit--btnAddTimeSegment\"]"}
COMMAND: POST /session/21ce62c4ecbe6d238b640e15c86407e3/element/f.93D217436D6DD50F1CAF1D433A497FC6.d.BDB2A92CD78AF2B18E4DA37D048BF84D.e.12597/click - {}
RESULT: {}
COMMAND: GET /session/21ce62c4ecbe6d238b640e15c86407e3/screenshot - {}
RESULT: {}
COMMAND: POST /session/21ce62c4ecbe6d238b640e15c86407e3/element - {"using":"xpath","value":"//input[@id=\"application-manageresources-display-component---newResourceUnit--idRuTSAdmin-application-manageresources-display-component---newResourceUnit--RUTimeSegment-0-inner\"]"}
RESULT: {"using":"xpath","value":"//input[@id=\"application-manageresources-display-component---newResourceUnit--idRuTSAdmin-application-manageresources-display-component---newResourceUnit--RUTimeSegment-0-inner\"]"}
COMMAND: POST /session/21ce62c4ecbe6d238b640e15c86407e3/element/f.93D217436D6DD50F1CAF1D433A497FC6.d.BDB2A92CD78AF2B18E4DA37D048BF84D.e.12602/clear - {}
RESULT: {}
COMMAND: POST /session/21ce62c4ecbe6d238b640e15c86407e3/element/f.93D217436D6DD50F1CAF1D433A497FC6.d.BDB2A92CD78AF2B18E4DA37D048BF84D.e.12602/value - {"text":"523"}
COMMAND: GET /session/21ce62c4ecbe6d238b640e15c86407e3/screenshot - {}
RESULT: {"text":"523"}
COMMAND: GET /session/21ce62c4ecbe6d238b640e15c86407e3/screenshot - {}
RESULT: {}
RESULT: {}
COMMAND: POST /session/21ce62c4ecbe6d238b640e15c86407e3/element - {"using":"xpath","value":"//li[.//span[text()='523']]"}
RESULT: {"using":"xpath","value":"//li[.//span[text()='523']]"}
COMMAND: POST /session/21ce62c4ecbe6d238b640e15c86407e3/element/f.93D217436D6DD50F1CAF1D433A497FC6.d.BDB2A92CD78AF2B18E4DA37D048BF84D.e.12611/click - {}
RESULT: {}
COMMAND: GET /session/21ce62c4ecbe6d238b640e15c86407e3/screenshot - {}
RESULT: {}
COMMAND: POST /session/21ce62c4ecbe6d238b640e15c86407e3/element - {"using":"xpath","value":"(//span[contains(@id, \"-application-manageresources-display-component---newResourceUnit--RUTimeSegment-0-arrow\")])[2]"}
RESULT: {"using":"xpath","value":"(//span[contains(@id, \"-application-manageresources-display-component---newResourceUnit--RUTimeSegment-0-arrow\")])[2]"}
COMMAND: POST /session/21ce62c4ecbe6d238b640e15c86407e3/element/f.93D217436D6DD50F1CAF1D433A497FC6.d.BDB2A92CD78AF2B18E4DA37D048BF84D.e.12612/click - {}
RESULT: {}
COMMAND: POST /session/21ce62c4ecbe6d238b640e15c86407e3/element - {"using":"xpath","value":"//span[contains(text(), \"PM Order\")]"}
COMMAND: GET /session/21ce62c4ecbe6d238b640e15c86407e3/screenshot - {}
RESULT: {"using":"xpath","value":"//span[contains(text(), \"PM Order\")]"}
COMMAND: POST /session/21ce62c4ecbe6d238b640e15c86407e3/element/f.93D217436D6DD50F1CAF1D433A497FC6.d.BDB2A92CD78AF2B18E4DA37D048BF84D.e.12613/click - {}
RESULT: {}
RESULT: {}
COMMAND: GET /session/21ce62c4ecbe6d238b640e15c86407e3/screenshot - {}
RESULT: {}
COMMAND: POST /session/21ce62c4ecbe6d238b640e15c86407e3/element - {"using":"xpath","value":"//td/div/div/div/span[contains(@id, \"newResourceUnit--RUTimeSegment-0-vhi\")][1]"}
RESULT: {"using":"xpath","value":"//td/div/div/div/span[contains(@id, \"newResourceUnit--RUTimeSegment-0-vhi\")][1]"}
COMMAND: GET /session/21ce62c4ecbe6d238b640e15c86407e3/element/f.93D217436D6DD50F1CAF1D433A497FC6.d.BDB2A92CD78AF2B18E4DA37D048BF84D.e.12617/rect - {}
RESULT: {}
COMMAND: GET /session/21ce62c4ecbe6d238b640e15c86407e3/window/rect - {}
RESULT: {}
COMMAND: POST /session/21ce62c4ecbe6d238b640e15c86407e3/execute/sync - {"script":"<script> [92 bytes]","args":[]}
RESULT: {"script":"<script> [92 bytes]","args":[]}
COMMAND: POST /session/21ce62c4ecbe6d238b640e15c86407e3/actions - {"actions":[{"id":"action44","type":"wheel","parameters":{},"actions":[{"type":"scroll","x":-1888,"y":-24,"deltaX":0,"deltaY":0,"duration":0,"origin":{"element-6066-11e4-a52e-4f735466cecf":"f.93D217436D6DD50F1CAF1D433A497FC6.d.BDB2A92CD78AF2B18E4DA37D048BF84D.e.12617"}}]}]}
COMMAND: GET /session/21ce62c4ecbe6d238b640e15c86407e3/screenshot - {}
RESULT: {}
COMMAND: POST /session/21ce62c4ecbe6d238b640e15c86407e3/execute/sync - {"script":"<script> [79 bytes]","args":[{"element-6066-11e4-a52e-4f735466cecf":"f.93D217436D6DD50F1CAF1D433A497FC6.d.BDB2A92CD78AF2B18E4DA37D048BF84D.e.12617","ELEMENT":"f.93D217436D6DD50F1CAF1D433A497FC6.d.BDB2A92CD78AF2B18E4DA37D048BF84D.e.12617"},{"block":"start","inline":"nearest"}]}
RESULT: {"script":"<script> [79 bytes]","args":[{"element-6066-11e4-a52e-4f735466cecf":"f.93D217436D6DD50F1CAF1D433A497FC6.d.BDB2A92CD78AF2B18E4DA37D048BF84D.e.12617","ELEMENT":"f.93D217436D6DD50F1CAF1D433A497FC6.d.BDB2A92CD78AF2B18E4DA37D048BF84D.e.12617"},{"block":"start","inline":"nearest"}]}
COMMAND: GET /session/21ce62c4ecbe6d238b640e15c86407e3/screenshot - {}
RESULT: {}
COMMAND: POST /session/21ce62c4ecbe6d238b640e15c86407e3/element/f.93D217436D6DD50F1CAF1D433A497FC6.d.BDB2A92CD78AF2B18E4DA37D048BF84D.e.12617/click - {}
RESULT: {}
COMMAND: GET /session/21ce62c4ecbe6d238b640e15c86407e3/screenshot - {}
RESULT: {}
COMMAND: POST /session/21ce62c4ecbe6d238b640e15c86407e3/execute/async - {"script":"<script> [1562 bytes]","args":[{"selector":{"controlType":"sap.m.SearchField","properties":{"placeholder":"Search"},"searchOpenDialogs":true,"interaction":{"idSuffix":"I"}},"wdio_ui5_key":"sapm.SearchField{\"placeholder\":\"Search\"}"}]}
RESULT: {"script":"<script> [1562 bytes]","args":[{"selector":{"controlType":"sap.m.SearchField","properties":{"placeholder":"Search"},"searchOpenDialogs":true,"interaction":{"idSuffix":"I"}},"wdio_ui5_key":"sapm.SearchField{\"placeholder\":\"Search\"}"}]}
RESULT: undefined
COMMAND: POST /session/21ce62c4ecbe6d238b640e15c86407e3/execute/async - {"script":"<script> [776 bytes]","args":[{"enterText":"4000360","selector":{"controlType":"sap.m.SearchField","properties":{"placeholder":"Search"},"searchOpenDialogs":true,"interaction":{"idSuffix":"I"}},"clearTextFirst":true,"interactionType":"ENTER_TEXT"}]}
RESULT: {"script":"<script> [776 bytes]","args":[{"enterText":"4000360","selector":{"controlType":"sap.m.SearchField","properties":{"placeholder":"Search"},"searchOpenDialogs":true,"interaction":{"idSuffix":"I"}},"clearTextFirst":true,"interactionType":"ENTER_TEXT"}]}
COMMAND: POST /session/21ce62c4ecbe6d238b640e15c86407e3/actions - {"actions":[{"id":"action45","type":"key","parameters":{},"actions":[{"type":"keyDown","value":""},{"type":"pause","duration":10},{"type":"keyUp","value":""}]}]}
RESULT: {"actions":[{"id":"action45","type":"key","parameters":{},"actions":[{"type":"keyDown","value":""},{"type":"pause","duration":10},{"type":"keyUp","value":""}]}]}
COMMAND: GET /session/21ce62c4ecbe6d238b640e15c86407e3/screenshot - {}
RESULT: {}
COMMAND: POST /session/21ce62c4ecbe6d238b640e15c86407e3/element - {"using":"xpath","value":"//td/div/span[contains(text(), \"BGL Vehicles\")]"}
RESULT: {"using":"xpath","value":"//td/div/span[contains(text(), \"BGL Vehicles\")]"}
COMMAND: POST /session/21ce62c4ecbe6d238b640e15c86407e3/element/f.93D217436D6DD50F1CAF1D433A497FC6.d.BDB2A92CD78AF2B18E4DA37D048BF84D.e.12638/click - {}
RESULT: {}
COMMAND: GET /session/21ce62c4ecbe6d238b640e15c86407e3/screenshot - {}
RESULT: {}
COMMAND: POST /session/21ce62c4ecbe6d238b640e15c86407e3/element - {"using":"xpath","value":"//bdi[contains(text(), \"OK\")]"}
RESULT: {"using":"xpath","value":"//bdi[contains(text(), \"OK\")]"}
COMMAND: POST /session/21ce62c4ecbe6d238b640e15c86407e3/element/f.93D217436D6DD50F1CAF1D433A497FC6.d.BDB2A92CD78AF2B18E4DA37D048BF84D.e.12639/click - {}
RESULT: {}
COMMAND: GET /session/21ce62c4ecbe6d238b640e15c86407e3/screenshot - {}
RESULT: {}
COMMAND: POST /session/21ce62c4ecbe6d238b640e15c86407e3/element - {"using":"xpath","value":"//label[contains(@class, 'sapMLabelRequired') and .//bdi[contains(text(), 'Planned Retirement')]]"}
RESULT: {"using":"xpath","value":"//label[contains(@class, 'sapMLabelRequired') and .//bdi[contains(text(), 'Planned Retirement')]]"}
COMMAND: POST /session/21ce62c4ecbe6d238b640e15c86407e3/elements - {"using":"xpath","value":"//label[contains(@class, 'sapMLabelRequired') and .//bdi[contains(text(), 'Planned Retirement')]]"}
RESULT: {"using":"xpath","value":"//label[contains(@class, 'sapMLabelRequired') and .//bdi[contains(text(), 'Planned Retirement')]]"}
COMMAND: POST /session/21ce62c4ecbe6d238b640e15c86407e3/element - {"using":"xpath","value":"//button[@data-kt=\"resourceUnitSaveButton\"]"}
RESULT: {"using":"xpath","value":"//button[@data-kt=\"resourceUnitSaveButton\"]"}
COMMAND: POST /session/21ce62c4ecbe6d238b640e15c86407e3/element/f.93D217436D6DD50F1CAF1D433A497FC6.d.BDB2A92CD78AF2B18E4DA37D048BF84D.e.12475/click - {}
RESULT: {}
COMMAND: GET /session/21ce62c4ecbe6d238b640e15c86407e3/screenshot - {}
RESULT: {}
COMMAND: POST /session/21ce62c4ecbe6d238b640e15c86407e3/element - {"using":"xpath","value":"//bdi[contains(text(), \"Close\")]"}
RESULT: {"using":"xpath","value":"//bdi[contains(text(), \"Close\")]"}
COMMAND: POST /session/21ce62c4ecbe6d238b640e15c86407e3/element/f.93D217436D6DD50F1CAF1D433A497FC6.d.BDB2A92CD78AF2B18E4DA37D048BF84D.e.12646/click - {}
RESULT: {}
COMMAND: GET /session/21ce62c4ecbe6d238b640e15c86407e3/screenshot - {}
RESULT: {}
COMMAND: POST /session/21ce62c4ecbe6d238b640e15c86407e3/element - {"using":"xpath","value":"//header[contains(@id, 'detailRruPage-headerTitle')]/div[1]/div[2]/div[2]/span[1]"}
RESULT: {"using":"xpath","value":"//header[contains(@id, 'detailRruPage-headerTitle')]/div[1]/div[2]/div[2]/span[1]"}
COMMAND: POST /session/21ce62c4ecbe6d238b640e15c86407e3/elements - {"using":"xpath","value":"//header[contains(@id, 'detailRruPage-headerTitle')]/div[1]/div[2]/div[2]/span[1]"}
RESULT: {"using":"xpath","value":"//header[contains(@id, 'detailRruPage-headerTitle')]/div[1]/div[2]/div[2]/span[1]"}
COMMAND: POST /session/21ce62c4ecbe6d238b640e15c86407e3/execute/sync - {"script":"<script> [56 bytes]","args":[{"element-6066-11e4-a52e-4f735466cecf":"f.93D217436D6DD50F1CAF1D433A497FC6.d.BDB2A92CD78AF2B18E4DA37D048BF84D.e.12674","ELEMENT":"f.93D217436D6DD50F1CAF1D433A497FC6.d.BDB2A92CD78AF2B18E4DA37D048BF84D.e.12674"}]}
RESULT: {"script":"<script> [56 bytes]","args":[{"element-6066-11e4-a52e-4f735466cecf":"f.93D217436D6DD50F1CAF1D433A497FC6.d.BDB2A92CD78AF2B18E4DA37D048BF84D.e.12674","ELEMENT":"f.93D217436D6DD50F1CAF1D433A497FC6.d.BDB2A92CD78AF2B18E4DA37D048BF84D.e.12674"}]}
COMMAND: POST /session/21ce62c4ecbe6d238b640e15c86407e3/element - {"using":"css selector","value":"#shell-header-logo"}
COMMAND: GET /session/21ce62c4ecbe6d238b640e15c86407e3/screenshot - {}
RESULT: {"using":"css selector","value":"#shell-header-logo"}
COMMAND: POST /session/21ce62c4ecbe6d238b640e15c86407e3/element/f.93D217436D6DD50F1CAF1D433A497FC6.d.BDB2A92CD78AF2B18E4DA37D048BF84D.e.11947/click - {}
RESULT: {}
RESULT: {}
COMMAND: GET /session/21ce62c4ecbe6d238b640e15c86407e3/screenshot - {}
RESULT: {}
]]></system-out>
    </testcase>
    <testcase classname="chrome.136_0_7103_93.windows.Create_masterdata_for_Yard_Overview_-_trigger_provide_US130988" name="Bin Status Report Should Create New Organization yard" time="0.012"/>
    <testcase classname="chrome.136_0_7103_93.windows.Create_masterdata_for_Yard_Overview_-_trigger_provide_US130988" name="Create a Warehouse Movement for created yard" time="47.287">
      <system-out><![CDATA[
COMMAND: POST /session/21ce62c4ecbe6d238b640e15c86407e3/execute/async - {"script":"<script> [1562 bytes]","args":[{"selector":{"controlType":"sap.m.GenericTile","properties":{"header":"Manage Warehouse Movements"}},"wdio_ui5_key":"sapm.GenericTile{\"header\":\"Manage Warehouse Movements\"}"}]}
RESULT: {"script":"<script> [1562 bytes]","args":[{"selector":{"controlType":"sap.m.GenericTile","properties":{"header":"Manage Warehouse Movements"}},"wdio_ui5_key":"sapm.GenericTile{\"header\":\"Manage Warehouse Movements\"}"}]}
RESULT: undefined
COMMAND: POST /session/21ce62c4ecbe6d238b640e15c86407e3/element - {"using":"xpath","value":"//*[@id=\"__tile105\"]"}
RESULT: {"using":"xpath","value":"//*[@id=\"__tile105\"]"}
COMMAND: POST /session/21ce62c4ecbe6d238b640e15c86407e3/element/f.93D217436D6DD50F1CAF1D433A497FC6.d.BDB2A92CD78AF2B18E4DA37D048BF84D.e.12676/click - {}
RESULT: {}
COMMAND: POST /session/21ce62c4ecbe6d238b640e15c86407e3/element - {"using":"xpath","value":"//input[@id='application-warehousemovements-display-component---warehouseMovements--smartFilterBar-filterItemControl_BASIC-YARD-inner']"}
COMMAND: GET /session/21ce62c4ecbe6d238b640e15c86407e3/screenshot - {}
RESULT: {"using":"xpath","value":"//input[@id='application-warehousemovements-display-component---warehouseMovements--smartFilterBar-filterItemControl_BASIC-YARD-inner']"}
COMMAND: POST /session/21ce62c4ecbe6d238b640e15c86407e3/elements - {"using":"xpath","value":"//input[@id='application-warehousemovements-display-component---warehouseMovements--smartFilterBar-filterItemControl_BASIC-YARD-inner']"}
RESULT: {}
RESULT: {"using":"xpath","value":"//input[@id='application-warehousemovements-display-component---warehouseMovements--smartFilterBar-filterItemControl_BASIC-YARD-inner']"}
COMMAND: POST /session/21ce62c4ecbe6d238b640e15c86407e3/element - {"using":"xpath","value":"//input[@id='application-warehousemovements-display-component---warehouseMovements--smartFilterBar-filterItemControl_BASIC-YARD-inner']"}
RESULT: {"using":"xpath","value":"//input[@id='application-warehousemovements-display-component---warehouseMovements--smartFilterBar-filterItemControl_BASIC-YARD-inner']"}
COMMAND: POST /session/21ce62c4ecbe6d238b640e15c86407e3/execute/sync - {"script":"<script> [8489 bytes]","args":[{"element-6066-11e4-a52e-4f735466cecf":"f.93D217436D6DD50F1CAF1D433A497FC6.d.BDB2A92CD78AF2B18E4DA37D048BF84D.e.12699","ELEMENT":"f.93D217436D6DD50F1CAF1D433A497FC6.d.BDB2A92CD78AF2B18E4DA37D048BF84D.e.12699"}]}
RESULT: {"script":"<script> [8489 bytes]","args":[{"element-6066-11e4-a52e-4f735466cecf":"f.93D217436D6DD50F1CAF1D433A497FC6.d.BDB2A92CD78AF2B18E4DA37D048BF84D.e.12699","ELEMENT":"f.93D217436D6DD50F1CAF1D433A497FC6.d.BDB2A92CD78AF2B18E4DA37D048BF84D.e.12699"}]}
COMMAND: GET /session/21ce62c4ecbe6d238b640e15c86407e3/element/f.93D217436D6DD50F1CAF1D433A497FC6.d.BDB2A92CD78AF2B18E4DA37D048BF84D.e.12699/enabled - {}
COMMAND: GET /session/21ce62c4ecbe6d238b640e15c86407e3/screenshot - {}
RESULT: {}
COMMAND: POST /session/21ce62c4ecbe6d238b640e15c86407e3/execute/sync - {"script":"<script> [8489 bytes]","args":[{"element-6066-11e4-a52e-4f735466cecf":"f.93D217436D6DD50F1CAF1D433A497FC6.d.BDB2A92CD78AF2B18E4DA37D048BF84D.e.12699","ELEMENT":"f.93D217436D6DD50F1CAF1D433A497FC6.d.BDB2A92CD78AF2B18E4DA37D048BF84D.e.12699"}]}
COMMAND: GET /session/21ce62c4ecbe6d238b640e15c86407e3/screenshot - {}
RESULT: {}
RESULT: {"script":"<script> [8489 bytes]","args":[{"element-6066-11e4-a52e-4f735466cecf":"f.93D217436D6DD50F1CAF1D433A497FC6.d.BDB2A92CD78AF2B18E4DA37D048BF84D.e.12699","ELEMENT":"f.93D217436D6DD50F1CAF1D433A497FC6.d.BDB2A92CD78AF2B18E4DA37D048BF84D.e.12699"}]}
COMMAND: POST /session/21ce62c4ecbe6d238b640e15c86407e3/execute/sync - {"script":"<script> [5351 bytes]","args":[{"element-6066-11e4-a52e-4f735466cecf":"f.93D217436D6DD50F1CAF1D433A497FC6.d.BDB2A92CD78AF2B18E4DA37D048BF84D.e.12699","ELEMENT":"f.93D217436D6DD50F1CAF1D433A497FC6.d.BDB2A92CD78AF2B18E4DA37D048BF84D.e.12699"}]}
COMMAND: GET /session/21ce62c4ecbe6d238b640e15c86407e3/screenshot - {}
RESULT: {}
RESULT: {"script":"<script> [5351 bytes]","args":[{"element-6066-11e4-a52e-4f735466cecf":"f.93D217436D6DD50F1CAF1D433A497FC6.d.BDB2A92CD78AF2B18E4DA37D048BF84D.e.12699","ELEMENT":"f.93D217436D6DD50F1CAF1D433A497FC6.d.BDB2A92CD78AF2B18E4DA37D048BF84D.e.12699"}]}
COMMAND: GET /session/21ce62c4ecbe6d238b640e15c86407e3/screenshot - {}
RESULT: {}
RESULT: {}
COMMAND: POST /session/21ce62c4ecbe6d238b640e15c86407e3/element/f.93D217436D6DD50F1CAF1D433A497FC6.d.BDB2A92CD78AF2B18E4DA37D048BF84D.e.12699/clear - {}
RESULT: {}
COMMAND: POST /session/21ce62c4ecbe6d238b640e15c86407e3/element/f.93D217436D6DD50F1CAF1D433A497FC6.d.BDB2A92CD78AF2B18E4DA37D048BF84D.e.12699/value - {"text":"523"}
COMMAND: GET /session/21ce62c4ecbe6d238b640e15c86407e3/screenshot - {}
RESULT: {"text":"523"}
COMMAND: POST /session/21ce62c4ecbe6d238b640e15c86407e3/actions - {"actions":[{"id":"action46","type":"key","parameters":{},"actions":[{"type":"keyDown","value":""},{"type":"pause","duration":10},{"type":"keyUp","value":""}]}]}
COMMAND: GET /session/21ce62c4ecbe6d238b640e15c86407e3/screenshot - {}
RESULT: {}
RESULT: {"actions":[{"id":"action46","type":"key","parameters":{},"actions":[{"type":"keyDown","value":""},{"type":"pause","duration":10},{"type":"keyUp","value":""}]}]}
COMMAND: GET /session/21ce62c4ecbe6d238b640e15c86407e3/screenshot - {}
RESULT: {}
RESULT: {}
COMMAND: POST /session/21ce62c4ecbe6d238b640e15c86407e3/element - {"using":"xpath","value":"//button[contains(@data-kt, \"MasterMovementAddOverflowToolbarButton\")]"}
RESULT: {"using":"xpath","value":"//button[contains(@data-kt, \"MasterMovementAddOverflowToolbarButton\")]"}
COMMAND: POST /session/21ce62c4ecbe6d238b640e15c86407e3/element/f.93D217436D6DD50F1CAF1D433A497FC6.d.BDB2A92CD78AF2B18E4DA37D048BF84D.e.12721/click - {}
RESULT: {}
COMMAND: GET /session/21ce62c4ecbe6d238b640e15c86407e3/screenshot - {}
RESULT: {}
COMMAND: POST /session/21ce62c4ecbe6d238b640e15c86407e3/element - {"using":"xpath","value":"//*[@id=\"application-warehousemovements-display-component---addMovement--sectionsList-arrow\"]"}
RESULT: {"using":"xpath","value":"//*[@id=\"application-warehousemovements-display-component---addMovement--sectionsList-arrow\"]"}
COMMAND: POST /session/21ce62c4ecbe6d238b640e15c86407e3/element/f.93D217436D6DD50F1CAF1D433A497FC6.d.BDB2A92CD78AF2B18E4DA37D048BF84D.e.12883/click - {}
RESULT: {}
COMMAND: POST /session/21ce62c4ecbe6d238b640e15c86407e3/actions - {"actions":[{"id":"action47","type":"key","parameters":{},"actions":[{"type":"keyDown","value":""},{"type":"pause","duration":10},{"type":"keyUp","value":""}]}]}
COMMAND: GET /session/21ce62c4ecbe6d238b640e15c86407e3/screenshot - {}
RESULT: {"actions":[{"id":"action47","type":"key","parameters":{},"actions":[{"type":"keyDown","value":""},{"type":"pause","duration":10},{"type":"keyUp","value":""}]}]}
COMMAND: GET /session/21ce62c4ecbe6d238b640e15c86407e3/screenshot - {}
RESULT: {}
RESULT: {}
COMMAND: POST /session/21ce62c4ecbe6d238b640e15c86407e3/actions - {"actions":[{"id":"action48","type":"key","parameters":{},"actions":[{"type":"keyDown","value":""},{"type":"pause","duration":10},{"type":"keyUp","value":""}]}]}
RESULT: {"actions":[{"id":"action48","type":"key","parameters":{},"actions":[{"type":"keyDown","value":""},{"type":"pause","duration":10},{"type":"keyUp","value":""}]}]}
COMMAND: GET /session/21ce62c4ecbe6d238b640e15c86407e3/screenshot - {}
RESULT: {}
COMMAND: POST /session/21ce62c4ecbe6d238b640e15c86407e3/element - {"using":"xpath","value":"//*[@id=\"application-warehousemovements-display-component---addMovement--saveMovementBtn-BDI-content\" and text()=\"Save\"]"}
RESULT: {"using":"xpath","value":"//*[@id=\"application-warehousemovements-display-component---addMovement--saveMovementBtn-BDI-content\" and text()=\"Save\"]"}
COMMAND: POST /session/21ce62c4ecbe6d238b640e15c86407e3/element/f.93D217436D6DD50F1CAF1D433A497FC6.d.BDB2A92CD78AF2B18E4DA37D048BF84D.e.12884/click - {}
RESULT: {}
COMMAND: GET /session/21ce62c4ecbe6d238b640e15c86407e3/screenshot - {}
RESULT: {}
COMMAND: POST /session/21ce62c4ecbe6d238b640e15c86407e3/element - {"using":"css selector","value":"#shell-header-logo"}
RESULT: {"using":"css selector","value":"#shell-header-logo"}
COMMAND: POST /session/21ce62c4ecbe6d238b640e15c86407e3/element/f.93D217436D6DD50F1CAF1D433A497FC6.d.BDB2A92CD78AF2B18E4DA37D048BF84D.e.12680/click - {}
RESULT: {}
COMMAND: GET /session/21ce62c4ecbe6d238b640e15c86407e3/screenshot - {}
RESULT: {}
]]></system-out>
    </testcase>
    <testcase classname="chrome.136_0_7103_93.windows.Create_masterdata_for_Yard_Overview_-_trigger_provide_US130988" name="Should do a stock increase handover for equipment" time="98.279">
      <failure/>
      <error message="Can't call click on element with selector &quot;//li[.//span[contains(text(),'523 -')]]&quot; because element wasn't found"/>
      <system-out><![CDATA[
COMMAND: POST /session/21ce62c4ecbe6d238b640e15c86407e3/execute/async - {"script":"<script> [1562 bytes]","args":[{"selector":{"controlType":"sap.m.GenericTile","properties":{"header":"Manage Handovers"}},"wdio_ui5_key":"sapm.GenericTile{\"header\":\"Manage Handovers\"}"}]}
RESULT: {"script":"<script> [1562 bytes]","args":[{"selector":{"controlType":"sap.m.GenericTile","properties":{"header":"Manage Handovers"}},"wdio_ui5_key":"sapm.GenericTile{\"header\":\"Manage Handovers\"}"}]}
RESULT: undefined
COMMAND: POST /session/21ce62c4ecbe6d238b640e15c86407e3/element - {"using":"xpath","value":"//*[@id=\"__tile132\"]"}
RESULT: {"using":"xpath","value":"//*[@id=\"__tile132\"]"}
COMMAND: POST /session/21ce62c4ecbe6d238b640e15c86407e3/element/f.93D217436D6DD50F1CAF1D433A497FC6.d.BDB2A92CD78AF2B18E4DA37D048BF84D.e.11990/click - {}
RESULT: {}
COMMAND: GET /session/21ce62c4ecbe6d238b640e15c86407e3/screenshot - {}
RESULT: {}
COMMAND: POST /session/21ce62c4ecbe6d238b640e15c86407e3/elements - {"using":"xpath","value":"//span[text()='Error']"}
RESULT: {"using":"xpath","value":"//span[text()='Error']"}
COMMAND: POST /session/21ce62c4ecbe6d238b640e15c86407e3/element - {"using":"xpath","value":"//button[@data-kt=\"masterHOAddButton\"]"}
RESULT: {"using":"xpath","value":"//button[@data-kt=\"masterHOAddButton\"]"}
COMMAND: POST /session/21ce62c4ecbe6d238b640e15c86407e3/elements - {"using":"xpath","value":"//button[@data-kt=\"masterHOAddButton\"]"}
RESULT: {"using":"xpath","value":"//button[@data-kt=\"masterHOAddButton\"]"}
COMMAND: POST /session/21ce62c4ecbe6d238b640e15c86407e3/execute/sync - {"script":"<script> [8489 bytes]","args":[{"element-6066-11e4-a52e-4f735466cecf":"f.93D217436D6DD50F1CAF1D433A497FC6.d.BDB2A92CD78AF2B18E4DA37D048BF84D.e.12988","ELEMENT":"f.93D217436D6DD50F1CAF1D433A497FC6.d.BDB2A92CD78AF2B18E4DA37D048BF84D.e.12988"}]}
RESULT: {"script":"<script> [8489 bytes]","args":[{"element-6066-11e4-a52e-4f735466cecf":"f.93D217436D6DD50F1CAF1D433A497FC6.d.BDB2A92CD78AF2B18E4DA37D048BF84D.e.12988","ELEMENT":"f.93D217436D6DD50F1CAF1D433A497FC6.d.BDB2A92CD78AF2B18E4DA37D048BF84D.e.12988"}]}
COMMAND: GET /session/21ce62c4ecbe6d238b640e15c86407e3/element/f.93D217436D6DD50F1CAF1D433A497FC6.d.BDB2A92CD78AF2B18E4DA37D048BF84D.e.12988/enabled - {}
COMMAND: GET /session/21ce62c4ecbe6d238b640e15c86407e3/screenshot - {}
RESULT: {}
COMMAND: POST /session/21ce62c4ecbe6d238b640e15c86407e3/execute/sync - {"script":"<script> [8489 bytes]","args":[{"element-6066-11e4-a52e-4f735466cecf":"f.93D217436D6DD50F1CAF1D433A497FC6.d.BDB2A92CD78AF2B18E4DA37D048BF84D.e.12988","ELEMENT":"f.93D217436D6DD50F1CAF1D433A497FC6.d.BDB2A92CD78AF2B18E4DA37D048BF84D.e.12988"}]}
COMMAND: GET /session/21ce62c4ecbe6d238b640e15c86407e3/screenshot - {}
RESULT: {}
RESULT: {"script":"<script> [8489 bytes]","args":[{"element-6066-11e4-a52e-4f735466cecf":"f.93D217436D6DD50F1CAF1D433A497FC6.d.BDB2A92CD78AF2B18E4DA37D048BF84D.e.12988","ELEMENT":"f.93D217436D6DD50F1CAF1D433A497FC6.d.BDB2A92CD78AF2B18E4DA37D048BF84D.e.12988"}]}
COMMAND: POST /session/21ce62c4ecbe6d238b640e15c86407e3/execute/sync - {"script":"<script> [5351 bytes]","args":[{"element-6066-11e4-a52e-4f735466cecf":"f.93D217436D6DD50F1CAF1D433A497FC6.d.BDB2A92CD78AF2B18E4DA37D048BF84D.e.12988","ELEMENT":"f.93D217436D6DD50F1CAF1D433A497FC6.d.BDB2A92CD78AF2B18E4DA37D048BF84D.e.12988"}]}
COMMAND: GET /session/21ce62c4ecbe6d238b640e15c86407e3/screenshot - {}
RESULT: {}
RESULT: {"script":"<script> [5351 bytes]","args":[{"element-6066-11e4-a52e-4f735466cecf":"f.93D217436D6DD50F1CAF1D433A497FC6.d.BDB2A92CD78AF2B18E4DA37D048BF84D.e.12988","ELEMENT":"f.93D217436D6DD50F1CAF1D433A497FC6.d.BDB2A92CD78AF2B18E4DA37D048BF84D.e.12988"}]}
COMMAND: POST /session/21ce62c4ecbe6d238b640e15c86407e3/element/f.93D217436D6DD50F1CAF1D433A497FC6.d.BDB2A92CD78AF2B18E4DA37D048BF84D.e.12988/click - {}
COMMAND: GET /session/21ce62c4ecbe6d238b640e15c86407e3/screenshot - {}
RESULT: {}
RESULT: {}
COMMAND: GET /session/21ce62c4ecbe6d238b640e15c86407e3/screenshot - {}
RESULT: {}
RESULT: {}
COMMAND: POST /session/21ce62c4ecbe6d238b640e15c86407e3/element - {"using":"xpath","value":"//span[contains(@id ,\"AddNewHO--typeSelect-arrow\")]"}
RESULT: {"using":"xpath","value":"//span[contains(@id ,\"AddNewHO--typeSelect-arrow\")]"}
COMMAND: POST /session/21ce62c4ecbe6d238b640e15c86407e3/element/f.93D217436D6DD50F1CAF1D433A497FC6.d.BDB2A92CD78AF2B18E4DA37D048BF84D.e.13342/click - {}
RESULT: {}
COMMAND: GET /session/21ce62c4ecbe6d238b640e15c86407e3/screenshot - {}
RESULT: {}
COMMAND: POST /session/21ce62c4ecbe6d238b640e15c86407e3/element - {"using":"xpath","value":"(//li[contains(text(), \"stock increase yard\")])[1]"}
RESULT: {"using":"xpath","value":"(//li[contains(text(), \"stock increase yard\")])[1]"}
COMMAND: POST /session/21ce62c4ecbe6d238b640e15c86407e3/element/f.93D217436D6DD50F1CAF1D433A497FC6.d.BDB2A92CD78AF2B18E4DA37D048BF84D.e.13343/click - {}
RESULT: {}
COMMAND: GET /session/21ce62c4ecbe6d238b640e15c86407e3/screenshot - {}
RESULT: {}
COMMAND: POST /session/21ce62c4ecbe6d238b640e15c86407e3/execute/async - {"script":"<script> [1562 bytes]","args":[{"selector":{"id":"application-managehandovers-display-component---AddNewHO--dueDate","interaction":{"idSuffix":"inner"}},"wdio_ui5_key":"applicationmanagehandovers-display-component---AddNewHO--dueDate"}]}
RESULT: {"script":"<script> [1562 bytes]","args":[{"selector":{"id":"application-managehandovers-display-component---AddNewHO--dueDate","interaction":{"idSuffix":"inner"}},"wdio_ui5_key":"applicationmanagehandovers-display-component---AddNewHO--dueDate"}]}
RESULT: undefined
COMMAND: POST /session/21ce62c4ecbe6d238b640e15c86407e3/execute/async - {"script":"<script> [6424 bytes]","args":[{"element-6066-11e4-a52e-4f735466cecf":"f.93D217436D6DD50F1CAF1D433A497FC6.d.BDB2A92CD78AF2B18E4DA37D048BF84D.e.13347"},"setValue",["5/31/25"]]}
RESULT: {"script":"<script> [6424 bytes]","args":[{"element-6066-11e4-a52e-4f735466cecf":"f.93D217436D6DD50F1CAF1D433A497FC6.d.BDB2A92CD78AF2B18E4DA37D048BF84D.e.13347"},"setValue",["5/31/25"]]}
COMMAND: POST /session/21ce62c4ecbe6d238b640e15c86407e3/element - {"using":"xpath","value":"//input[@id=\"generalSectionFrg--receiveYard-inner\"]"}
RESULT: {"using":"xpath","value":"//input[@id=\"generalSectionFrg--receiveYard-inner\"]"}
COMMAND: POST /session/21ce62c4ecbe6d238b640e15c86407e3/element/f.93D217436D6DD50F1CAF1D433A497FC6.d.BDB2A92CD78AF2B18E4DA37D048BF84D.e.13353/clear - {}
RESULT: {}
COMMAND: POST /session/21ce62c4ecbe6d238b640e15c86407e3/element/f.93D217436D6DD50F1CAF1D433A497FC6.d.BDB2A92CD78AF2B18E4DA37D048BF84D.e.13353/value - {"text":"523"}
COMMAND: GET /session/21ce62c4ecbe6d238b640e15c86407e3/screenshot - {}
RESULT: {"text":"523"}
COMMAND: GET /session/21ce62c4ecbe6d238b640e15c86407e3/screenshot - {}
RESULT: {}
RESULT: {}
COMMAND: POST /session/21ce62c4ecbe6d238b640e15c86407e3/element - {"using":"xpath","value":"//li[.//span[contains(text(),'523 -')]]"}
RESULT: {"using":"xpath","value":"//li[.//span[contains(text(),'523 -')]]"}
COMMAND: POST /session/21ce62c4ecbe6d238b640e15c86407e3/elements - {"using":"xpath","value":"//li[.//span[contains(text(),'523 -')]]"}
RESULT: {"using":"xpath","value":"//li[.//span[contains(text(),'523 -')]]"}
COMMAND: POST /session/21ce62c4ecbe6d238b640e15c86407e3/elements - {"using":"xpath","value":"//li[.//span[contains(text(),'523 -')]]"}
RESULT: {"using":"xpath","value":"//li[.//span[contains(text(),'523 -')]]"}
COMMAND: POST /session/21ce62c4ecbe6d238b640e15c86407e3/elements - {"using":"xpath","value":"//li[.//span[contains(text(),'523 -')]]"}
RESULT: {"using":"xpath","value":"//li[.//span[contains(text(),'523 -')]]"}
COMMAND: POST /session/21ce62c4ecbe6d238b640e15c86407e3/elements - {"using":"xpath","value":"//li[.//span[contains(text(),'523 -')]]"}
RESULT: {"using":"xpath","value":"//li[.//span[contains(text(),'523 -')]]"}
COMMAND: POST /session/21ce62c4ecbe6d238b640e15c86407e3/elements - {"using":"xpath","value":"//li[.//span[contains(text(),'523 -')]]"}
RESULT: {"using":"xpath","value":"//li[.//span[contains(text(),'523 -')]]"}
COMMAND: POST /session/21ce62c4ecbe6d238b640e15c86407e3/elements - {"using":"xpath","value":"//li[.//span[contains(text(),'523 -')]]"}
RESULT: {"using":"xpath","value":"//li[.//span[contains(text(),'523 -')]]"}
COMMAND: POST /session/21ce62c4ecbe6d238b640e15c86407e3/elements - {"using":"xpath","value":"//li[.//span[contains(text(),'523 -')]]"}
RESULT: {"using":"xpath","value":"//li[.//span[contains(text(),'523 -')]]"}
COMMAND: POST /session/21ce62c4ecbe6d238b640e15c86407e3/elements - {"using":"xpath","value":"//li[.//span[contains(text(),'523 -')]]"}
RESULT: {"using":"xpath","value":"//li[.//span[contains(text(),'523 -')]]"}
COMMAND: POST /session/21ce62c4ecbe6d238b640e15c86407e3/elements - {"using":"xpath","value":"//li[.//span[contains(text(),'523 -')]]"}
RESULT: {"using":"xpath","value":"//li[.//span[contains(text(),'523 -')]]"}
COMMAND: POST /session/21ce62c4ecbe6d238b640e15c86407e3/elements - {"using":"xpath","value":"//li[.//span[contains(text(),'523 -')]]"}
RESULT: {"using":"xpath","value":"//li[.//span[contains(text(),'523 -')]]"}
COMMAND: POST /session/21ce62c4ecbe6d238b640e15c86407e3/elements - {"using":"xpath","value":"//li[.//span[contains(text(),'523 -')]]"}
RESULT: {"using":"xpath","value":"//li[.//span[contains(text(),'523 -')]]"}
COMMAND: POST /session/21ce62c4ecbe6d238b640e15c86407e3/elements - {"using":"xpath","value":"//li[.//span[contains(text(),'523 -')]]"}
RESULT: {"using":"xpath","value":"//li[.//span[contains(text(),'523 -')]]"}
COMMAND: POST /session/21ce62c4ecbe6d238b640e15c86407e3/elements - {"using":"xpath","value":"//li[.//span[contains(text(),'523 -')]]"}
RESULT: {"using":"xpath","value":"//li[.//span[contains(text(),'523 -')]]"}
COMMAND: POST /session/21ce62c4ecbe6d238b640e15c86407e3/elements - {"using":"xpath","value":"//li[.//span[contains(text(),'523 -')]]"}
RESULT: {"using":"xpath","value":"//li[.//span[contains(text(),'523 -')]]"}
COMMAND: POST /session/21ce62c4ecbe6d238b640e15c86407e3/elements - {"using":"xpath","value":"//li[.//span[contains(text(),'523 -')]]"}
RESULT: {"using":"xpath","value":"//li[.//span[contains(text(),'523 -')]]"}
COMMAND: POST /session/21ce62c4ecbe6d238b640e15c86407e3/elements - {"using":"xpath","value":"//li[.//span[contains(text(),'523 -')]]"}
RESULT: {"using":"xpath","value":"//li[.//span[contains(text(),'523 -')]]"}
COMMAND: POST /session/21ce62c4ecbe6d238b640e15c86407e3/elements - {"using":"xpath","value":"//li[.//span[contains(text(),'523 -')]]"}
RESULT: {"using":"xpath","value":"//li[.//span[contains(text(),'523 -')]]"}
COMMAND: POST /session/21ce62c4ecbe6d238b640e15c86407e3/elements - {"using":"xpath","value":"//li[.//span[contains(text(),'523 -')]]"}
RESULT: {"using":"xpath","value":"//li[.//span[contains(text(),'523 -')]]"}
COMMAND: POST /session/21ce62c4ecbe6d238b640e15c86407e3/elements - {"using":"xpath","value":"//li[.//span[contains(text(),'523 -')]]"}
RESULT: {"using":"xpath","value":"//li[.//span[contains(text(),'523 -')]]"}
COMMAND: POST /session/21ce62c4ecbe6d238b640e15c86407e3/elements - {"using":"xpath","value":"//li[.//span[contains(text(),'523 -')]]"}
RESULT: {"using":"xpath","value":"//li[.//span[contains(text(),'523 -')]]"}
COMMAND: POST /session/21ce62c4ecbe6d238b640e15c86407e3/elements - {"using":"xpath","value":"//li[.//span[contains(text(),'523 -')]]"}
RESULT: {"using":"xpath","value":"//li[.//span[contains(text(),'523 -')]]"}
COMMAND: POST /session/21ce62c4ecbe6d238b640e15c86407e3/elements - {"using":"xpath","value":"//li[.//span[contains(text(),'523 -')]]"}
RESULT: {"using":"xpath","value":"//li[.//span[contains(text(),'523 -')]]"}
COMMAND: POST /session/21ce62c4ecbe6d238b640e15c86407e3/elements - {"using":"xpath","value":"//li[.//span[contains(text(),'523 -')]]"}
RESULT: {"using":"xpath","value":"//li[.//span[contains(text(),'523 -')]]"}
COMMAND: POST /session/21ce62c4ecbe6d238b640e15c86407e3/elements - {"using":"xpath","value":"//li[.//span[contains(text(),'523 -')]]"}
RESULT: {"using":"xpath","value":"//li[.//span[contains(text(),'523 -')]]"}
COMMAND: POST /session/21ce62c4ecbe6d238b640e15c86407e3/elements - {"using":"xpath","value":"//li[.//span[contains(text(),'523 -')]]"}
RESULT: {"using":"xpath","value":"//li[.//span[contains(text(),'523 -')]]"}
COMMAND: POST /session/21ce62c4ecbe6d238b640e15c86407e3/elements - {"using":"xpath","value":"//li[.//span[contains(text(),'523 -')]]"}
RESULT: {"using":"xpath","value":"//li[.//span[contains(text(),'523 -')]]"}
COMMAND: POST /session/21ce62c4ecbe6d238b640e15c86407e3/elements - {"using":"xpath","value":"//li[.//span[contains(text(),'523 -')]]"}
RESULT: {"using":"xpath","value":"//li[.//span[contains(text(),'523 -')]]"}
COMMAND: POST /session/21ce62c4ecbe6d238b640e15c86407e3/elements - {"using":"xpath","value":"//li[.//span[contains(text(),'523 -')]]"}
RESULT: {"using":"xpath","value":"//li[.//span[contains(text(),'523 -')]]"}
COMMAND: POST /session/21ce62c4ecbe6d238b640e15c86407e3/elements - {"using":"xpath","value":"//li[.//span[contains(text(),'523 -')]]"}
RESULT: {"using":"xpath","value":"//li[.//span[contains(text(),'523 -')]]"}
COMMAND: POST /session/21ce62c4ecbe6d238b640e15c86407e3/elements - {"using":"xpath","value":"//li[.//span[contains(text(),'523 -')]]"}
RESULT: {"using":"xpath","value":"//li[.//span[contains(text(),'523 -')]]"}
COMMAND: POST /session/21ce62c4ecbe6d238b640e15c86407e3/elements - {"using":"xpath","value":"//li[.//span[contains(text(),'523 -')]]"}
RESULT: {"using":"xpath","value":"//li[.//span[contains(text(),'523 -')]]"}
COMMAND: POST /session/21ce62c4ecbe6d238b640e15c86407e3/elements - {"using":"xpath","value":"//li[.//span[contains(text(),'523 -')]]"}
RESULT: {"using":"xpath","value":"//li[.//span[contains(text(),'523 -')]]"}
COMMAND: POST /session/21ce62c4ecbe6d238b640e15c86407e3/elements - {"using":"xpath","value":"//li[.//span[contains(text(),'523 -')]]"}
RESULT: {"using":"xpath","value":"//li[.//span[contains(text(),'523 -')]]"}
COMMAND: POST /session/21ce62c4ecbe6d238b640e15c86407e3/elements - {"using":"xpath","value":"//li[.//span[contains(text(),'523 -')]]"}
RESULT: {"using":"xpath","value":"//li[.//span[contains(text(),'523 -')]]"}
COMMAND: POST /session/21ce62c4ecbe6d238b640e15c86407e3/elements - {"using":"xpath","value":"//li[.//span[contains(text(),'523 -')]]"}
RESULT: {"using":"xpath","value":"//li[.//span[contains(text(),'523 -')]]"}
COMMAND: POST /session/21ce62c4ecbe6d238b640e15c86407e3/elements - {"using":"xpath","value":"//li[.//span[contains(text(),'523 -')]]"}
RESULT: {"using":"xpath","value":"//li[.//span[contains(text(),'523 -')]]"}
COMMAND: POST /session/21ce62c4ecbe6d238b640e15c86407e3/elements - {"using":"xpath","value":"//li[.//span[contains(text(),'523 -')]]"}
RESULT: {"using":"xpath","value":"//li[.//span[contains(text(),'523 -')]]"}
COMMAND: POST /session/21ce62c4ecbe6d238b640e15c86407e3/elements - {"using":"xpath","value":"//li[.//span[contains(text(),'523 -')]]"}
RESULT: {"using":"xpath","value":"//li[.//span[contains(text(),'523 -')]]"}
COMMAND: POST /session/21ce62c4ecbe6d238b640e15c86407e3/elements - {"using":"xpath","value":"//li[.//span[contains(text(),'523 -')]]"}
RESULT: {"using":"xpath","value":"//li[.//span[contains(text(),'523 -')]]"}
COMMAND: POST /session/21ce62c4ecbe6d238b640e15c86407e3/elements - {"using":"xpath","value":"//li[.//span[contains(text(),'523 -')]]"}
RESULT: {"using":"xpath","value":"//li[.//span[contains(text(),'523 -')]]"}
COMMAND: POST /session/21ce62c4ecbe6d238b640e15c86407e3/elements - {"using":"xpath","value":"//li[.//span[contains(text(),'523 -')]]"}
RESULT: {"using":"xpath","value":"//li[.//span[contains(text(),'523 -')]]"}
COMMAND: POST /session/21ce62c4ecbe6d238b640e15c86407e3/elements - {"using":"xpath","value":"//li[.//span[contains(text(),'523 -')]]"}
RESULT: {"using":"xpath","value":"//li[.//span[contains(text(),'523 -')]]"}
COMMAND: POST /session/21ce62c4ecbe6d238b640e15c86407e3/elements - {"using":"xpath","value":"//li[.//span[contains(text(),'523 -')]]"}
RESULT: {"using":"xpath","value":"//li[.//span[contains(text(),'523 -')]]"}
COMMAND: POST /session/21ce62c4ecbe6d238b640e15c86407e3/elements - {"using":"xpath","value":"//li[.//span[contains(text(),'523 -')]]"}
RESULT: {"using":"xpath","value":"//li[.//span[contains(text(),'523 -')]]"}
COMMAND: POST /session/21ce62c4ecbe6d238b640e15c86407e3/elements - {"using":"xpath","value":"//li[.//span[contains(text(),'523 -')]]"}
RESULT: {"using":"xpath","value":"//li[.//span[contains(text(),'523 -')]]"}
COMMAND: POST /session/21ce62c4ecbe6d238b640e15c86407e3/elements - {"using":"xpath","value":"//li[.//span[contains(text(),'523 -')]]"}
RESULT: {"using":"xpath","value":"//li[.//span[contains(text(),'523 -')]]"}
COMMAND: POST /session/21ce62c4ecbe6d238b640e15c86407e3/elements - {"using":"xpath","value":"//li[.//span[contains(text(),'523 -')]]"}
RESULT: {"using":"xpath","value":"//li[.//span[contains(text(),'523 -')]]"}
COMMAND: POST /session/21ce62c4ecbe6d238b640e15c86407e3/elements - {"using":"xpath","value":"//li[.//span[contains(text(),'523 -')]]"}
RESULT: {"using":"xpath","value":"//li[.//span[contains(text(),'523 -')]]"}
COMMAND: POST /session/21ce62c4ecbe6d238b640e15c86407e3/elements - {"using":"xpath","value":"//li[.//span[contains(text(),'523 -')]]"}
RESULT: {"using":"xpath","value":"//li[.//span[contains(text(),'523 -')]]"}
COMMAND: POST /session/21ce62c4ecbe6d238b640e15c86407e3/elements - {"using":"xpath","value":"//li[.//span[contains(text(),'523 -')]]"}
RESULT: {"using":"xpath","value":"//li[.//span[contains(text(),'523 -')]]"}
COMMAND: POST /session/21ce62c4ecbe6d238b640e15c86407e3/elements - {"using":"xpath","value":"//li[.//span[contains(text(),'523 -')]]"}
RESULT: {"using":"xpath","value":"//li[.//span[contains(text(),'523 -')]]"}
COMMAND: POST /session/21ce62c4ecbe6d238b640e15c86407e3/elements - {"using":"xpath","value":"//li[.//span[contains(text(),'523 -')]]"}
RESULT: {"using":"xpath","value":"//li[.//span[contains(text(),'523 -')]]"}
COMMAND: POST /session/21ce62c4ecbe6d238b640e15c86407e3/elements - {"using":"xpath","value":"//li[.//span[contains(text(),'523 -')]]"}
RESULT: {"using":"xpath","value":"//li[.//span[contains(text(),'523 -')]]"}
COMMAND: POST /session/21ce62c4ecbe6d238b640e15c86407e3/elements - {"using":"xpath","value":"//li[.//span[contains(text(),'523 -')]]"}
RESULT: {"using":"xpath","value":"//li[.//span[contains(text(),'523 -')]]"}
COMMAND: POST /session/21ce62c4ecbe6d238b640e15c86407e3/elements - {"using":"xpath","value":"//li[.//span[contains(text(),'523 -')]]"}
RESULT: {"using":"xpath","value":"//li[.//span[contains(text(),'523 -')]]"}
COMMAND: POST /session/21ce62c4ecbe6d238b640e15c86407e3/elements - {"using":"xpath","value":"//li[.//span[contains(text(),'523 -')]]"}
RESULT: {"using":"xpath","value":"//li[.//span[contains(text(),'523 -')]]"}
COMMAND: POST /session/21ce62c4ecbe6d238b640e15c86407e3/elements - {"using":"xpath","value":"//li[.//span[contains(text(),'523 -')]]"}
RESULT: {"using":"xpath","value":"//li[.//span[contains(text(),'523 -')]]"}
COMMAND: POST /session/21ce62c4ecbe6d238b640e15c86407e3/elements - {"using":"xpath","value":"//li[.//span[contains(text(),'523 -')]]"}
RESULT: {"using":"xpath","value":"//li[.//span[contains(text(),'523 -')]]"}
COMMAND: POST /session/21ce62c4ecbe6d238b640e15c86407e3/elements - {"using":"xpath","value":"//li[.//span[contains(text(),'523 -')]]"}
RESULT: {"using":"xpath","value":"//li[.//span[contains(text(),'523 -')]]"}
COMMAND: POST /session/21ce62c4ecbe6d238b640e15c86407e3/elements - {"using":"xpath","value":"//li[.//span[contains(text(),'523 -')]]"}
RESULT: {"using":"xpath","value":"//li[.//span[contains(text(),'523 -')]]"}
COMMAND: POST /session/21ce62c4ecbe6d238b640e15c86407e3/elements - {"using":"xpath","value":"//li[.//span[contains(text(),'523 -')]]"}
RESULT: {"using":"xpath","value":"//li[.//span[contains(text(),'523 -')]]"}
COMMAND: POST /session/21ce62c4ecbe6d238b640e15c86407e3/elements - {"using":"xpath","value":"//li[.//span[contains(text(),'523 -')]]"}
RESULT: {"using":"xpath","value":"//li[.//span[contains(text(),'523 -')]]"}
COMMAND: POST /session/21ce62c4ecbe6d238b640e15c86407e3/elements - {"using":"xpath","value":"//li[.//span[contains(text(),'523 -')]]"}
RESULT: {"using":"xpath","value":"//li[.//span[contains(text(),'523 -')]]"}
COMMAND: POST /session/21ce62c4ecbe6d238b640e15c86407e3/elements - {"using":"xpath","value":"//li[.//span[contains(text(),'523 -')]]"}
RESULT: {"using":"xpath","value":"//li[.//span[contains(text(),'523 -')]]"}
COMMAND: POST /session/21ce62c4ecbe6d238b640e15c86407e3/elements - {"using":"xpath","value":"//li[.//span[contains(text(),'523 -')]]"}
RESULT: {"using":"xpath","value":"//li[.//span[contains(text(),'523 -')]]"}
COMMAND: POST /session/21ce62c4ecbe6d238b640e15c86407e3/elements - {"using":"xpath","value":"//li[.//span[contains(text(),'523 -')]]"}
RESULT: {"using":"xpath","value":"//li[.//span[contains(text(),'523 -')]]"}
COMMAND: POST /session/21ce62c4ecbe6d238b640e15c86407e3/elements - {"using":"xpath","value":"//li[.//span[contains(text(),'523 -')]]"}
RESULT: {"using":"xpath","value":"//li[.//span[contains(text(),'523 -')]]"}
COMMAND: POST /session/21ce62c4ecbe6d238b640e15c86407e3/elements - {"using":"xpath","value":"//li[.//span[contains(text(),'523 -')]]"}
RESULT: {"using":"xpath","value":"//li[.//span[contains(text(),'523 -')]]"}
COMMAND: POST /session/21ce62c4ecbe6d238b640e15c86407e3/elements - {"using":"xpath","value":"//li[.//span[contains(text(),'523 -')]]"}
RESULT: {"using":"xpath","value":"//li[.//span[contains(text(),'523 -')]]"}
COMMAND: POST /session/21ce62c4ecbe6d238b640e15c86407e3/elements - {"using":"xpath","value":"//li[.//span[contains(text(),'523 -')]]"}
RESULT: {"using":"xpath","value":"//li[.//span[contains(text(),'523 -')]]"}
COMMAND: POST /session/21ce62c4ecbe6d238b640e15c86407e3/elements - {"using":"xpath","value":"//li[.//span[contains(text(),'523 -')]]"}
RESULT: {"using":"xpath","value":"//li[.//span[contains(text(),'523 -')]]"}
COMMAND: POST /session/21ce62c4ecbe6d238b640e15c86407e3/elements - {"using":"xpath","value":"//li[.//span[contains(text(),'523 -')]]"}
RESULT: {"using":"xpath","value":"//li[.//span[contains(text(),'523 -')]]"}
COMMAND: POST /session/21ce62c4ecbe6d238b640e15c86407e3/elements - {"using":"xpath","value":"//li[.//span[contains(text(),'523 -')]]"}
RESULT: {"using":"xpath","value":"//li[.//span[contains(text(),'523 -')]]"}
COMMAND: POST /session/21ce62c4ecbe6d238b640e15c86407e3/elements - {"using":"xpath","value":"//li[.//span[contains(text(),'523 -')]]"}
RESULT: {"using":"xpath","value":"//li[.//span[contains(text(),'523 -')]]"}
COMMAND: POST /session/21ce62c4ecbe6d238b640e15c86407e3/elements - {"using":"xpath","value":"//li[.//span[contains(text(),'523 -')]]"}
RESULT: {"using":"xpath","value":"//li[.//span[contains(text(),'523 -')]]"}
COMMAND: POST /session/21ce62c4ecbe6d238b640e15c86407e3/elements - {"using":"xpath","value":"//li[.//span[contains(text(),'523 -')]]"}
RESULT: {"using":"xpath","value":"//li[.//span[contains(text(),'523 -')]]"}
COMMAND: POST /session/21ce62c4ecbe6d238b640e15c86407e3/elements - {"using":"xpath","value":"//li[.//span[contains(text(),'523 -')]]"}
RESULT: {"using":"xpath","value":"//li[.//span[contains(text(),'523 -')]]"}
COMMAND: POST /session/21ce62c4ecbe6d238b640e15c86407e3/elements - {"using":"xpath","value":"//li[.//span[contains(text(),'523 -')]]"}
RESULT: {"using":"xpath","value":"//li[.//span[contains(text(),'523 -')]]"}
COMMAND: POST /session/21ce62c4ecbe6d238b640e15c86407e3/elements - {"using":"xpath","value":"//li[.//span[contains(text(),'523 -')]]"}
RESULT: {"using":"xpath","value":"//li[.//span[contains(text(),'523 -')]]"}
COMMAND: POST /session/21ce62c4ecbe6d238b640e15c86407e3/elements - {"using":"xpath","value":"//li[.//span[contains(text(),'523 -')]]"}
RESULT: {"using":"xpath","value":"//li[.//span[contains(text(),'523 -')]]"}
COMMAND: POST /session/21ce62c4ecbe6d238b640e15c86407e3/elements - {"using":"xpath","value":"//li[.//span[contains(text(),'523 -')]]"}
RESULT: {"using":"xpath","value":"//li[.//span[contains(text(),'523 -')]]"}
COMMAND: POST /session/21ce62c4ecbe6d238b640e15c86407e3/elements - {"using":"xpath","value":"//li[.//span[contains(text(),'523 -')]]"}
RESULT: {"using":"xpath","value":"//li[.//span[contains(text(),'523 -')]]"}
COMMAND: POST /session/21ce62c4ecbe6d238b640e15c86407e3/elements - {"using":"xpath","value":"//li[.//span[contains(text(),'523 -')]]"}
RESULT: {"using":"xpath","value":"//li[.//span[contains(text(),'523 -')]]"}
COMMAND: POST /session/21ce62c4ecbe6d238b640e15c86407e3/elements - {"using":"xpath","value":"//li[.//span[contains(text(),'523 -')]]"}
RESULT: {"using":"xpath","value":"//li[.//span[contains(text(),'523 -')]]"}
COMMAND: POST /session/21ce62c4ecbe6d238b640e15c86407e3/elements - {"using":"xpath","value":"//li[.//span[contains(text(),'523 -')]]"}
RESULT: {"using":"xpath","value":"//li[.//span[contains(text(),'523 -')]]"}
COMMAND: POST /session/21ce62c4ecbe6d238b640e15c86407e3/elements - {"using":"xpath","value":"//li[.//span[contains(text(),'523 -')]]"}
RESULT: {"using":"xpath","value":"//li[.//span[contains(text(),'523 -')]]"}
COMMAND: POST /session/21ce62c4ecbe6d238b640e15c86407e3/elements - {"using":"xpath","value":"//li[.//span[contains(text(),'523 -')]]"}
RESULT: {"using":"xpath","value":"//li[.//span[contains(text(),'523 -')]]"}
COMMAND: POST /session/21ce62c4ecbe6d238b640e15c86407e3/elements - {"using":"xpath","value":"//li[.//span[contains(text(),'523 -')]]"}
RESULT: {"using":"xpath","value":"//li[.//span[contains(text(),'523 -')]]"}
COMMAND: POST /session/21ce62c4ecbe6d238b640e15c86407e3/elements - {"using":"xpath","value":"//li[.//span[contains(text(),'523 -')]]"}
RESULT: {"using":"xpath","value":"//li[.//span[contains(text(),'523 -')]]"}
COMMAND: POST /session/21ce62c4ecbe6d238b640e15c86407e3/elements - {"using":"xpath","value":"//li[.//span[contains(text(),'523 -')]]"}
RESULT: {"using":"xpath","value":"//li[.//span[contains(text(),'523 -')]]"}
COMMAND: POST /session/21ce62c4ecbe6d238b640e15c86407e3/elements - {"using":"xpath","value":"//li[.//span[contains(text(),'523 -')]]"}
RESULT: {"using":"xpath","value":"//li[.//span[contains(text(),'523 -')]]"}
COMMAND: POST /session/21ce62c4ecbe6d238b640e15c86407e3/elements - {"using":"xpath","value":"//li[.//span[contains(text(),'523 -')]]"}
RESULT: {"using":"xpath","value":"//li[.//span[contains(text(),'523 -')]]"}
COMMAND: POST /session/21ce62c4ecbe6d238b640e15c86407e3/elements - {"using":"xpath","value":"//li[.//span[contains(text(),'523 -')]]"}
RESULT: {"using":"xpath","value":"//li[.//span[contains(text(),'523 -')]]"}
COMMAND: POST /session/21ce62c4ecbe6d238b640e15c86407e3/elements - {"using":"xpath","value":"//li[.//span[contains(text(),'523 -')]]"}
RESULT: {"using":"xpath","value":"//li[.//span[contains(text(),'523 -')]]"}
COMMAND: POST /session/21ce62c4ecbe6d238b640e15c86407e3/elements - {"using":"xpath","value":"//li[.//span[contains(text(),'523 -')]]"}
RESULT: {"using":"xpath","value":"//li[.//span[contains(text(),'523 -')]]"}
COMMAND: POST /session/21ce62c4ecbe6d238b640e15c86407e3/elements - {"using":"xpath","value":"//li[.//span[contains(text(),'523 -')]]"}
RESULT: {"using":"xpath","value":"//li[.//span[contains(text(),'523 -')]]"}
COMMAND: POST /session/21ce62c4ecbe6d238b640e15c86407e3/elements - {"using":"xpath","value":"//li[.//span[contains(text(),'523 -')]]"}
RESULT: {"using":"xpath","value":"//li[.//span[contains(text(),'523 -')]]"}
COMMAND: POST /session/21ce62c4ecbe6d238b640e15c86407e3/elements - {"using":"xpath","value":"//li[.//span[contains(text(),'523 -')]]"}
RESULT: {"using":"xpath","value":"//li[.//span[contains(text(),'523 -')]]"}
COMMAND: POST /session/21ce62c4ecbe6d238b640e15c86407e3/elements - {"using":"xpath","value":"//li[.//span[contains(text(),'523 -')]]"}
RESULT: {"using":"xpath","value":"//li[.//span[contains(text(),'523 -')]]"}
COMMAND: POST /session/21ce62c4ecbe6d238b640e15c86407e3/elements - {"using":"xpath","value":"//li[.//span[contains(text(),'523 -')]]"}
RESULT: {"using":"xpath","value":"//li[.//span[contains(text(),'523 -')]]"}
COMMAND: POST /session/21ce62c4ecbe6d238b640e15c86407e3/elements - {"using":"xpath","value":"//li[.//span[contains(text(),'523 -')]]"}
RESULT: {"using":"xpath","value":"//li[.//span[contains(text(),'523 -')]]"}
COMMAND: POST /session/21ce62c4ecbe6d238b640e15c86407e3/elements - {"using":"xpath","value":"//li[.//span[contains(text(),'523 -')]]"}
RESULT: {"using":"xpath","value":"//li[.//span[contains(text(),'523 -')]]"}
COMMAND: POST /session/21ce62c4ecbe6d238b640e15c86407e3/elements - {"using":"xpath","value":"//li[.//span[contains(text(),'523 -')]]"}
RESULT: {"using":"xpath","value":"//li[.//span[contains(text(),'523 -')]]"}
COMMAND: POST /session/21ce62c4ecbe6d238b640e15c86407e3/elements - {"using":"xpath","value":"//li[.//span[contains(text(),'523 -')]]"}
RESULT: {"using":"xpath","value":"//li[.//span[contains(text(),'523 -')]]"}
COMMAND: POST /session/21ce62c4ecbe6d238b640e15c86407e3/elements - {"using":"xpath","value":"//li[.//span[contains(text(),'523 -')]]"}
RESULT: {"using":"xpath","value":"//li[.//span[contains(text(),'523 -')]]"}
COMMAND: POST /session/21ce62c4ecbe6d238b640e15c86407e3/elements - {"using":"xpath","value":"//li[.//span[contains(text(),'523 -')]]"}
RESULT: {"using":"xpath","value":"//li[.//span[contains(text(),'523 -')]]"}
COMMAND: POST /session/21ce62c4ecbe6d238b640e15c86407e3/elements - {"using":"xpath","value":"//li[.//span[contains(text(),'523 -')]]"}
RESULT: {"using":"xpath","value":"//li[.//span[contains(text(),'523 -')]]"}
COMMAND: POST /session/21ce62c4ecbe6d238b640e15c86407e3/elements - {"using":"xpath","value":"//li[.//span[contains(text(),'523 -')]]"}
RESULT: {"using":"xpath","value":"//li[.//span[contains(text(),'523 -')]]"}
COMMAND: POST /session/21ce62c4ecbe6d238b640e15c86407e3/elements - {"using":"xpath","value":"//li[.//span[contains(text(),'523 -')]]"}
RESULT: {"using":"xpath","value":"//li[.//span[contains(text(),'523 -')]]"}
COMMAND: POST /session/21ce62c4ecbe6d238b640e15c86407e3/elements - {"using":"xpath","value":"//li[.//span[contains(text(),'523 -')]]"}
RESULT: {"using":"xpath","value":"//li[.//span[contains(text(),'523 -')]]"}
COMMAND: POST /session/21ce62c4ecbe6d238b640e15c86407e3/elements - {"using":"xpath","value":"//li[.//span[contains(text(),'523 -')]]"}
RESULT: {"using":"xpath","value":"//li[.//span[contains(text(),'523 -')]]"}
COMMAND: POST /session/21ce62c4ecbe6d238b640e15c86407e3/elements - {"using":"xpath","value":"//li[.//span[contains(text(),'523 -')]]"}
RESULT: {"using":"xpath","value":"//li[.//span[contains(text(),'523 -')]]"}
COMMAND: POST /session/21ce62c4ecbe6d238b640e15c86407e3/elements - {"using":"xpath","value":"//li[.//span[contains(text(),'523 -')]]"}
RESULT: {"using":"xpath","value":"//li[.//span[contains(text(),'523 -')]]"}
COMMAND: POST /session/21ce62c4ecbe6d238b640e15c86407e3/elements - {"using":"xpath","value":"//li[.//span[contains(text(),'523 -')]]"}
RESULT: {"using":"xpath","value":"//li[.//span[contains(text(),'523 -')]]"}
COMMAND: POST /session/21ce62c4ecbe6d238b640e15c86407e3/elements - {"using":"xpath","value":"//li[.//span[contains(text(),'523 -')]]"}
RESULT: {"using":"xpath","value":"//li[.//span[contains(text(),'523 -')]]"}
COMMAND: POST /session/21ce62c4ecbe6d238b640e15c86407e3/elements - {"using":"xpath","value":"//li[.//span[contains(text(),'523 -')]]"}
RESULT: {"using":"xpath","value":"//li[.//span[contains(text(),'523 -')]]"}
COMMAND: POST /session/21ce62c4ecbe6d238b640e15c86407e3/elements - {"using":"xpath","value":"//li[.//span[contains(text(),'523 -')]]"}
RESULT: {"using":"xpath","value":"//li[.//span[contains(text(),'523 -')]]"}
COMMAND: POST /session/21ce62c4ecbe6d238b640e15c86407e3/elements - {"using":"xpath","value":"//li[.//span[contains(text(),'523 -')]]"}
RESULT: {"using":"xpath","value":"//li[.//span[contains(text(),'523 -')]]"}
COMMAND: POST /session/21ce62c4ecbe6d238b640e15c86407e3/elements - {"using":"xpath","value":"//li[.//span[contains(text(),'523 -')]]"}
RESULT: {"using":"xpath","value":"//li[.//span[contains(text(),'523 -')]]"}
COMMAND: POST /session/21ce62c4ecbe6d238b640e15c86407e3/elements - {"using":"xpath","value":"//li[.//span[contains(text(),'523 -')]]"}
RESULT: {"using":"xpath","value":"//li[.//span[contains(text(),'523 -')]]"}
COMMAND: GET /session/21ce62c4ecbe6d238b640e15c86407e3/screenshot - {}
RESULT: {}
]]></system-out>
      <system-err><![CDATA[
Error: Can't call click on element with selector "//li[.//span[contains(text(),'523 -')]]" because element wasn't found
    at async UtilsPrerequisites.stockIncrease (D:\a\1\s\test\specs\BTS\prerequisites-and-utils-functions.js:1638:9)
    at async Context.<anonymous> (D:\a\1\s\test\specs\HTR\stock-decrease.spec.js:104:9)
]]></system-err>
    </testcase>
    <testcase classname="chrome.136_0_7103_93.windows.Create_masterdata_for_Yard_Overview_-_trigger_provide_US130988" name="Set status to defect" time="95.4">
      <failure/>
      <error message="Can't call click on element with selector &quot;//li[text()=&quot;defect&quot;]&quot; because element wasn't found"/>
      <system-out><![CDATA[
COMMAND: POST /session/21ce62c4ecbe6d238b640e15c86407e3/execute/async - {"script":"<script> [1562 bytes]","args":[{"selector":{"controlType":"sap.m.GenericTile","properties":{"header":"Manage States & Performance"}},"wdio_ui5_key":"sapm.GenericTile{\"header\":\"Manage States & Performance\"}"}]}
COMMAND: GET /session/21ce62c4ecbe6d238b640e15c86407e3/screenshot - {}
RESULT: {"script":"<script> [1562 bytes]","args":[{"selector":{"controlType":"sap.m.GenericTile","properties":{"header":"Manage States & Performance"}},"wdio_ui5_key":"sapm.GenericTile{\"header\":\"Manage States & Performance\"}"}]}
RESULT: undefined
RESULT: {}
COMMAND: POST /session/21ce62c4ecbe6d238b640e15c86407e3/elements - {"using":"xpath","value":"//span[text()='Error']"}
RESULT: {"using":"xpath","value":"//span[text()='Error']"}
COMMAND: POST /session/21ce62c4ecbe6d238b640e15c86407e3/execute/async - {"script":"<script> [1562 bytes]","args":[{"selector":{"controlType":"sap.ui.core.Icon","viewName":"etm.portal.ui.managestatesandperformance.view.Master","viewId":"application-managestatesandperformance-display-component---stateAndPerform","properties":{"src":{"regex":{"source":"inventory"}}}},"wdio_ui5_key":"etmportal.ui.managestatesandperformance.view.Mastersap.ui.core.Icon{\"src\":{\"regex\":{\"source\":\"inventory\"}}}"}]}
RESULT: {"script":"<script> [1562 bytes]","args":[{"selector":{"controlType":"sap.ui.core.Icon","viewName":"etm.portal.ui.managestatesandperformance.view.Master","viewId":"application-managestatesandperformance-display-component---stateAndPerform","properties":{"src":{"regex":{"source":"inventory"}}}},"wdio_ui5_key":"etmportal.ui.managestatesandperformance.view.Mastersap.ui.core.Icon{\"src\":{\"regex\":{\"source\":\"inventory\"}}}"}]}
RESULT: undefined
COMMAND: POST /session/21ce62c4ecbe6d238b640e15c86407e3/execute/async - {"script":"<script> [1562 bytes]","args":[{"selector":{"id":"application-managestatesandperformance-display-component---stateAndPerform--smartFilterBarYard-btnBasicSearch","interaction":{"idSuffix":"I"}},"wdio_ui5_key":"applicationmanagestatesandperformance-display-component---stateAndPerform--smartFilterBarYard-btnBasicSearch"}]}
RESULT: {"script":"<script> [1562 bytes]","args":[{"selector":{"id":"application-managestatesandperformance-display-component---stateAndPerform--smartFilterBarYard-btnBasicSearch","interaction":{"idSuffix":"I"}},"wdio_ui5_key":"applicationmanagestatesandperformance-display-component---stateAndPerform--smartFilterBarYard-btnBasicSearch"}]}
RESULT: undefined
COMMAND: POST /session/21ce62c4ecbe6d238b640e15c86407e3/actions - {"actions":[{"id":"action49","type":"key","parameters":{},"actions":[{"type":"keyDown","value":""},{"type":"pause","duration":10},{"type":"keyUp","value":""}]}]}
RESULT: {"actions":[{"id":"action49","type":"key","parameters":{},"actions":[{"type":"keyDown","value":""},{"type":"pause","duration":10},{"type":"keyUp","value":""}]}]}
COMMAND: GET /session/21ce62c4ecbe6d238b640e15c86407e3/screenshot - {}
RESULT: {}
COMMAND: POST /session/21ce62c4ecbe6d238b640e15c86407e3/element - {"using":"xpath","value":"(//span[contains(@id, \"imgNav\")])[1]"}
RESULT: {"using":"xpath","value":"(//span[contains(@id, \"imgNav\")])[1]"}
COMMAND: POST /session/21ce62c4ecbe6d238b640e15c86407e3/element/f.93D217436D6DD50F1CAF1D433A497FC6.d.BDB2A92CD78AF2B18E4DA37D048BF84D.e.13009/click - {}
RESULT: {}
COMMAND: GET /session/21ce62c4ecbe6d238b640e15c86407e3/screenshot - {}
RESULT: {}
COMMAND: POST /session/21ce62c4ecbe6d238b640e15c86407e3/execute/async - {"script":"<script> [1562 bytes]","args":[{"selector":{"controlType":"sap.m.Button","viewName":"etm.portal.ui.managestatesandperformance.view.Detail","viewId":"application-managestatesandperformance-display-component---detailStateAndPerform","i18NText":{"propertyName":"text","key":"createStateChange"},"interaction":{"idSuffix":"content"}},"wdio_ui5_key":"etmportal.ui.managestatesandperformance.view.Detailsap.m.Button{\"propertyName\":\"text\",\"key\":\"createStateChange\"}"}]}
RESULT: {"script":"<script> [1562 bytes]","args":[{"selector":{"controlType":"sap.m.Button","viewName":"etm.portal.ui.managestatesandperformance.view.Detail","viewId":"application-managestatesandperformance-display-component---detailStateAndPerform","i18NText":{"propertyName":"text","key":"createStateChange"},"interaction":{"idSuffix":"content"}},"wdio_ui5_key":"etmportal.ui.managestatesandperformance.view.Detailsap.m.Button{\"propertyName\":\"text\",\"key\":\"createStateChange\"}"}]}
RESULT: undefined
COMMAND: POST /session/21ce62c4ecbe6d238b640e15c86407e3/execute/async - {"script":"<script> [1562 bytes]","args":[{"selector":{"id":"addStateDialog--stateSelect","searchOpenDialogs":true,"interaction":{"idSuffix":"arrow"}},"wdio_ui5_key":"addStateDialogstateSelect"}]}
RESULT: {"script":"<script> [1562 bytes]","args":[{"selector":{"id":"addStateDialog--stateSelect","searchOpenDialogs":true,"interaction":{"idSuffix":"arrow"}},"wdio_ui5_key":"addStateDialogstateSelect"}]}
RESULT: undefined
COMMAND: POST /session/21ce62c4ecbe6d238b640e15c86407e3/element - {"using":"xpath","value":"//li[text()=\"defect\"]"}
RESULT: {"using":"xpath","value":"//li[text()=\"defect\"]"}
COMMAND: POST /session/21ce62c4ecbe6d238b640e15c86407e3/elements - {"using":"xpath","value":"//li[text()=\"defect\"]"}
RESULT: {"using":"xpath","value":"//li[text()=\"defect\"]"}
COMMAND: POST /session/21ce62c4ecbe6d238b640e15c86407e3/elements - {"using":"xpath","value":"//li[text()=\"defect\"]"}
RESULT: {"using":"xpath","value":"//li[text()=\"defect\"]"}
COMMAND: POST /session/21ce62c4ecbe6d238b640e15c86407e3/elements - {"using":"xpath","value":"//li[text()=\"defect\"]"}
RESULT: {"using":"xpath","value":"//li[text()=\"defect\"]"}
COMMAND: POST /session/21ce62c4ecbe6d238b640e15c86407e3/elements - {"using":"xpath","value":"//li[text()=\"defect\"]"}
RESULT: {"using":"xpath","value":"//li[text()=\"defect\"]"}
COMMAND: POST /session/21ce62c4ecbe6d238b640e15c86407e3/elements - {"using":"xpath","value":"//li[text()=\"defect\"]"}
RESULT: {"using":"xpath","value":"//li[text()=\"defect\"]"}
COMMAND: POST /session/21ce62c4ecbe6d238b640e15c86407e3/elements - {"using":"xpath","value":"//li[text()=\"defect\"]"}
RESULT: {"using":"xpath","value":"//li[text()=\"defect\"]"}
COMMAND: POST /session/21ce62c4ecbe6d238b640e15c86407e3/elements - {"using":"xpath","value":"//li[text()=\"defect\"]"}
RESULT: {"using":"xpath","value":"//li[text()=\"defect\"]"}
COMMAND: POST /session/21ce62c4ecbe6d238b640e15c86407e3/elements - {"using":"xpath","value":"//li[text()=\"defect\"]"}
RESULT: {"using":"xpath","value":"//li[text()=\"defect\"]"}
COMMAND: POST /session/21ce62c4ecbe6d238b640e15c86407e3/elements - {"using":"xpath","value":"//li[text()=\"defect\"]"}
RESULT: {"using":"xpath","value":"//li[text()=\"defect\"]"}
COMMAND: POST /session/21ce62c4ecbe6d238b640e15c86407e3/elements - {"using":"xpath","value":"//li[text()=\"defect\"]"}
RESULT: {"using":"xpath","value":"//li[text()=\"defect\"]"}
COMMAND: POST /session/21ce62c4ecbe6d238b640e15c86407e3/elements - {"using":"xpath","value":"//li[text()=\"defect\"]"}
RESULT: {"using":"xpath","value":"//li[text()=\"defect\"]"}
COMMAND: POST /session/21ce62c4ecbe6d238b640e15c86407e3/elements - {"using":"xpath","value":"//li[text()=\"defect\"]"}
RESULT: {"using":"xpath","value":"//li[text()=\"defect\"]"}
COMMAND: POST /session/21ce62c4ecbe6d238b640e15c86407e3/elements - {"using":"xpath","value":"//li[text()=\"defect\"]"}
RESULT: {"using":"xpath","value":"//li[text()=\"defect\"]"}
COMMAND: POST /session/21ce62c4ecbe6d238b640e15c86407e3/elements - {"using":"xpath","value":"//li[text()=\"defect\"]"}
RESULT: {"using":"xpath","value":"//li[text()=\"defect\"]"}
COMMAND: POST /session/21ce62c4ecbe6d238b640e15c86407e3/elements - {"using":"xpath","value":"//li[text()=\"defect\"]"}
RESULT: {"using":"xpath","value":"//li[text()=\"defect\"]"}
COMMAND: POST /session/21ce62c4ecbe6d238b640e15c86407e3/elements - {"using":"xpath","value":"//li[text()=\"defect\"]"}
RESULT: {"using":"xpath","value":"//li[text()=\"defect\"]"}
COMMAND: POST /session/21ce62c4ecbe6d238b640e15c86407e3/elements - {"using":"xpath","value":"//li[text()=\"defect\"]"}
RESULT: {"using":"xpath","value":"//li[text()=\"defect\"]"}
COMMAND: POST /session/21ce62c4ecbe6d238b640e15c86407e3/elements - {"using":"xpath","value":"//li[text()=\"defect\"]"}
RESULT: {"using":"xpath","value":"//li[text()=\"defect\"]"}
COMMAND: POST /session/21ce62c4ecbe6d238b640e15c86407e3/elements - {"using":"xpath","value":"//li[text()=\"defect\"]"}
RESULT: {"using":"xpath","value":"//li[text()=\"defect\"]"}
COMMAND: POST /session/21ce62c4ecbe6d238b640e15c86407e3/elements - {"using":"xpath","value":"//li[text()=\"defect\"]"}
RESULT: {"using":"xpath","value":"//li[text()=\"defect\"]"}
COMMAND: POST /session/21ce62c4ecbe6d238b640e15c86407e3/elements - {"using":"xpath","value":"//li[text()=\"defect\"]"}
RESULT: {"using":"xpath","value":"//li[text()=\"defect\"]"}
COMMAND: POST /session/21ce62c4ecbe6d238b640e15c86407e3/elements - {"using":"xpath","value":"//li[text()=\"defect\"]"}
RESULT: {"using":"xpath","value":"//li[text()=\"defect\"]"}
COMMAND: POST /session/21ce62c4ecbe6d238b640e15c86407e3/elements - {"using":"xpath","value":"//li[text()=\"defect\"]"}
RESULT: {"using":"xpath","value":"//li[text()=\"defect\"]"}
COMMAND: POST /session/21ce62c4ecbe6d238b640e15c86407e3/elements - {"using":"xpath","value":"//li[text()=\"defect\"]"}
RESULT: {"using":"xpath","value":"//li[text()=\"defect\"]"}
COMMAND: POST /session/21ce62c4ecbe6d238b640e15c86407e3/elements - {"using":"xpath","value":"//li[text()=\"defect\"]"}
RESULT: {"using":"xpath","value":"//li[text()=\"defect\"]"}
COMMAND: POST /session/21ce62c4ecbe6d238b640e15c86407e3/elements - {"using":"xpath","value":"//li[text()=\"defect\"]"}
RESULT: {"using":"xpath","value":"//li[text()=\"defect\"]"}
COMMAND: POST /session/21ce62c4ecbe6d238b640e15c86407e3/elements - {"using":"xpath","value":"//li[text()=\"defect\"]"}
RESULT: {"using":"xpath","value":"//li[text()=\"defect\"]"}
COMMAND: POST /session/21ce62c4ecbe6d238b640e15c86407e3/elements - {"using":"xpath","value":"//li[text()=\"defect\"]"}
RESULT: {"using":"xpath","value":"//li[text()=\"defect\"]"}
COMMAND: POST /session/21ce62c4ecbe6d238b640e15c86407e3/elements - {"using":"xpath","value":"//li[text()=\"defect\"]"}
RESULT: {"using":"xpath","value":"//li[text()=\"defect\"]"}
COMMAND: POST /session/21ce62c4ecbe6d238b640e15c86407e3/elements - {"using":"xpath","value":"//li[text()=\"defect\"]"}
RESULT: {"using":"xpath","value":"//li[text()=\"defect\"]"}
COMMAND: POST /session/21ce62c4ecbe6d238b640e15c86407e3/elements - {"using":"xpath","value":"//li[text()=\"defect\"]"}
RESULT: {"using":"xpath","value":"//li[text()=\"defect\"]"}
COMMAND: POST /session/21ce62c4ecbe6d238b640e15c86407e3/elements - {"using":"xpath","value":"//li[text()=\"defect\"]"}
RESULT: {"using":"xpath","value":"//li[text()=\"defect\"]"}
COMMAND: POST /session/21ce62c4ecbe6d238b640e15c86407e3/elements - {"using":"xpath","value":"//li[text()=\"defect\"]"}
RESULT: {"using":"xpath","value":"//li[text()=\"defect\"]"}
COMMAND: POST /session/21ce62c4ecbe6d238b640e15c86407e3/elements - {"using":"xpath","value":"//li[text()=\"defect\"]"}
RESULT: {"using":"xpath","value":"//li[text()=\"defect\"]"}
COMMAND: POST /session/21ce62c4ecbe6d238b640e15c86407e3/elements - {"using":"xpath","value":"//li[text()=\"defect\"]"}
RESULT: {"using":"xpath","value":"//li[text()=\"defect\"]"}
COMMAND: POST /session/21ce62c4ecbe6d238b640e15c86407e3/elements - {"using":"xpath","value":"//li[text()=\"defect\"]"}
RESULT: {"using":"xpath","value":"//li[text()=\"defect\"]"}
COMMAND: POST /session/21ce62c4ecbe6d238b640e15c86407e3/elements - {"using":"xpath","value":"//li[text()=\"defect\"]"}
RESULT: {"using":"xpath","value":"//li[text()=\"defect\"]"}
COMMAND: POST /session/21ce62c4ecbe6d238b640e15c86407e3/elements - {"using":"xpath","value":"//li[text()=\"defect\"]"}
RESULT: {"using":"xpath","value":"//li[text()=\"defect\"]"}
COMMAND: POST /session/21ce62c4ecbe6d238b640e15c86407e3/elements - {"using":"xpath","value":"//li[text()=\"defect\"]"}
RESULT: {"using":"xpath","value":"//li[text()=\"defect\"]"}
COMMAND: POST /session/21ce62c4ecbe6d238b640e15c86407e3/elements - {"using":"xpath","value":"//li[text()=\"defect\"]"}
RESULT: {"using":"xpath","value":"//li[text()=\"defect\"]"}
COMMAND: POST /session/21ce62c4ecbe6d238b640e15c86407e3/elements - {"using":"xpath","value":"//li[text()=\"defect\"]"}
RESULT: {"using":"xpath","value":"//li[text()=\"defect\"]"}
COMMAND: POST /session/21ce62c4ecbe6d238b640e15c86407e3/elements - {"using":"xpath","value":"//li[text()=\"defect\"]"}
RESULT: {"using":"xpath","value":"//li[text()=\"defect\"]"}
COMMAND: POST /session/21ce62c4ecbe6d238b640e15c86407e3/elements - {"using":"xpath","value":"//li[text()=\"defect\"]"}
RESULT: {"using":"xpath","value":"//li[text()=\"defect\"]"}
COMMAND: POST /session/21ce62c4ecbe6d238b640e15c86407e3/elements - {"using":"xpath","value":"//li[text()=\"defect\"]"}
RESULT: {"using":"xpath","value":"//li[text()=\"defect\"]"}
COMMAND: POST /session/21ce62c4ecbe6d238b640e15c86407e3/elements - {"using":"xpath","value":"//li[text()=\"defect\"]"}
RESULT: {"using":"xpath","value":"//li[text()=\"defect\"]"}
COMMAND: POST /session/21ce62c4ecbe6d238b640e15c86407e3/elements - {"using":"xpath","value":"//li[text()=\"defect\"]"}
RESULT: {"using":"xpath","value":"//li[text()=\"defect\"]"}
COMMAND: POST /session/21ce62c4ecbe6d238b640e15c86407e3/elements - {"using":"xpath","value":"//li[text()=\"defect\"]"}
RESULT: {"using":"xpath","value":"//li[text()=\"defect\"]"}
COMMAND: POST /session/21ce62c4ecbe6d238b640e15c86407e3/elements - {"using":"xpath","value":"//li[text()=\"defect\"]"}
RESULT: {"using":"xpath","value":"//li[text()=\"defect\"]"}
COMMAND: POST /session/21ce62c4ecbe6d238b640e15c86407e3/elements - {"using":"xpath","value":"//li[text()=\"defect\"]"}
RESULT: {"using":"xpath","value":"//li[text()=\"defect\"]"}
COMMAND: POST /session/21ce62c4ecbe6d238b640e15c86407e3/elements - {"using":"xpath","value":"//li[text()=\"defect\"]"}
RESULT: {"using":"xpath","value":"//li[text()=\"defect\"]"}
COMMAND: POST /session/21ce62c4ecbe6d238b640e15c86407e3/elements - {"using":"xpath","value":"//li[text()=\"defect\"]"}
RESULT: {"using":"xpath","value":"//li[text()=\"defect\"]"}
COMMAND: POST /session/21ce62c4ecbe6d238b640e15c86407e3/elements - {"using":"xpath","value":"//li[text()=\"defect\"]"}
RESULT: {"using":"xpath","value":"//li[text()=\"defect\"]"}
COMMAND: POST /session/21ce62c4ecbe6d238b640e15c86407e3/elements - {"using":"xpath","value":"//li[text()=\"defect\"]"}
RESULT: {"using":"xpath","value":"//li[text()=\"defect\"]"}
COMMAND: POST /session/21ce62c4ecbe6d238b640e15c86407e3/elements - {"using":"xpath","value":"//li[text()=\"defect\"]"}
RESULT: {"using":"xpath","value":"//li[text()=\"defect\"]"}
COMMAND: POST /session/21ce62c4ecbe6d238b640e15c86407e3/elements - {"using":"xpath","value":"//li[text()=\"defect\"]"}
RESULT: {"using":"xpath","value":"//li[text()=\"defect\"]"}
COMMAND: POST /session/21ce62c4ecbe6d238b640e15c86407e3/elements - {"using":"xpath","value":"//li[text()=\"defect\"]"}
RESULT: {"using":"xpath","value":"//li[text()=\"defect\"]"}
COMMAND: POST /session/21ce62c4ecbe6d238b640e15c86407e3/elements - {"using":"xpath","value":"//li[text()=\"defect\"]"}
RESULT: {"using":"xpath","value":"//li[text()=\"defect\"]"}
COMMAND: POST /session/21ce62c4ecbe6d238b640e15c86407e3/elements - {"using":"xpath","value":"//li[text()=\"defect\"]"}
RESULT: {"using":"xpath","value":"//li[text()=\"defect\"]"}
COMMAND: POST /session/21ce62c4ecbe6d238b640e15c86407e3/elements - {"using":"xpath","value":"//li[text()=\"defect\"]"}
RESULT: {"using":"xpath","value":"//li[text()=\"defect\"]"}
COMMAND: POST /session/21ce62c4ecbe6d238b640e15c86407e3/elements - {"using":"xpath","value":"//li[text()=\"defect\"]"}
RESULT: {"using":"xpath","value":"//li[text()=\"defect\"]"}
COMMAND: POST /session/21ce62c4ecbe6d238b640e15c86407e3/elements - {"using":"xpath","value":"//li[text()=\"defect\"]"}
RESULT: {"using":"xpath","value":"//li[text()=\"defect\"]"}
COMMAND: POST /session/21ce62c4ecbe6d238b640e15c86407e3/elements - {"using":"xpath","value":"//li[text()=\"defect\"]"}
RESULT: {"using":"xpath","value":"//li[text()=\"defect\"]"}
COMMAND: POST /session/21ce62c4ecbe6d238b640e15c86407e3/elements - {"using":"xpath","value":"//li[text()=\"defect\"]"}
RESULT: {"using":"xpath","value":"//li[text()=\"defect\"]"}
COMMAND: POST /session/21ce62c4ecbe6d238b640e15c86407e3/elements - {"using":"xpath","value":"//li[text()=\"defect\"]"}
RESULT: {"using":"xpath","value":"//li[text()=\"defect\"]"}
COMMAND: POST /session/21ce62c4ecbe6d238b640e15c86407e3/elements - {"using":"xpath","value":"//li[text()=\"defect\"]"}
RESULT: {"using":"xpath","value":"//li[text()=\"defect\"]"}
COMMAND: POST /session/21ce62c4ecbe6d238b640e15c86407e3/elements - {"using":"xpath","value":"//li[text()=\"defect\"]"}
RESULT: {"using":"xpath","value":"//li[text()=\"defect\"]"}
COMMAND: POST /session/21ce62c4ecbe6d238b640e15c86407e3/elements - {"using":"xpath","value":"//li[text()=\"defect\"]"}
RESULT: {"using":"xpath","value":"//li[text()=\"defect\"]"}
COMMAND: POST /session/21ce62c4ecbe6d238b640e15c86407e3/elements - {"using":"xpath","value":"//li[text()=\"defect\"]"}
RESULT: {"using":"xpath","value":"//li[text()=\"defect\"]"}
COMMAND: POST /session/21ce62c4ecbe6d238b640e15c86407e3/elements - {"using":"xpath","value":"//li[text()=\"defect\"]"}
RESULT: {"using":"xpath","value":"//li[text()=\"defect\"]"}
COMMAND: POST /session/21ce62c4ecbe6d238b640e15c86407e3/elements - {"using":"xpath","value":"//li[text()=\"defect\"]"}
RESULT: {"using":"xpath","value":"//li[text()=\"defect\"]"}
COMMAND: POST /session/21ce62c4ecbe6d238b640e15c86407e3/elements - {"using":"xpath","value":"//li[text()=\"defect\"]"}
RESULT: {"using":"xpath","value":"//li[text()=\"defect\"]"}
COMMAND: POST /session/21ce62c4ecbe6d238b640e15c86407e3/elements - {"using":"xpath","value":"//li[text()=\"defect\"]"}
RESULT: {"using":"xpath","value":"//li[text()=\"defect\"]"}
COMMAND: POST /session/21ce62c4ecbe6d238b640e15c86407e3/elements - {"using":"xpath","value":"//li[text()=\"defect\"]"}
RESULT: {"using":"xpath","value":"//li[text()=\"defect\"]"}
COMMAND: POST /session/21ce62c4ecbe6d238b640e15c86407e3/elements - {"using":"xpath","value":"//li[text()=\"defect\"]"}
RESULT: {"using":"xpath","value":"//li[text()=\"defect\"]"}
COMMAND: POST /session/21ce62c4ecbe6d238b640e15c86407e3/elements - {"using":"xpath","value":"//li[text()=\"defect\"]"}
RESULT: {"using":"xpath","value":"//li[text()=\"defect\"]"}
COMMAND: POST /session/21ce62c4ecbe6d238b640e15c86407e3/elements - {"using":"xpath","value":"//li[text()=\"defect\"]"}
RESULT: {"using":"xpath","value":"//li[text()=\"defect\"]"}
COMMAND: POST /session/21ce62c4ecbe6d238b640e15c86407e3/elements - {"using":"xpath","value":"//li[text()=\"defect\"]"}
RESULT: {"using":"xpath","value":"//li[text()=\"defect\"]"}
COMMAND: POST /session/21ce62c4ecbe6d238b640e15c86407e3/elements - {"using":"xpath","value":"//li[text()=\"defect\"]"}
RESULT: {"using":"xpath","value":"//li[text()=\"defect\"]"}
COMMAND: POST /session/21ce62c4ecbe6d238b640e15c86407e3/elements - {"using":"xpath","value":"//li[text()=\"defect\"]"}
RESULT: {"using":"xpath","value":"//li[text()=\"defect\"]"}
COMMAND: POST /session/21ce62c4ecbe6d238b640e15c86407e3/elements - {"using":"xpath","value":"//li[text()=\"defect\"]"}
RESULT: {"using":"xpath","value":"//li[text()=\"defect\"]"}
COMMAND: POST /session/21ce62c4ecbe6d238b640e15c86407e3/elements - {"using":"xpath","value":"//li[text()=\"defect\"]"}
RESULT: {"using":"xpath","value":"//li[text()=\"defect\"]"}
COMMAND: POST /session/21ce62c4ecbe6d238b640e15c86407e3/elements - {"using":"xpath","value":"//li[text()=\"defect\"]"}
RESULT: {"using":"xpath","value":"//li[text()=\"defect\"]"}
COMMAND: POST /session/21ce62c4ecbe6d238b640e15c86407e3/elements - {"using":"xpath","value":"//li[text()=\"defect\"]"}
RESULT: {"using":"xpath","value":"//li[text()=\"defect\"]"}
COMMAND: POST /session/21ce62c4ecbe6d238b640e15c86407e3/elements - {"using":"xpath","value":"//li[text()=\"defect\"]"}
RESULT: {"using":"xpath","value":"//li[text()=\"defect\"]"}
COMMAND: POST /session/21ce62c4ecbe6d238b640e15c86407e3/elements - {"using":"xpath","value":"//li[text()=\"defect\"]"}
RESULT: {"using":"xpath","value":"//li[text()=\"defect\"]"}
COMMAND: POST /session/21ce62c4ecbe6d238b640e15c86407e3/elements - {"using":"xpath","value":"//li[text()=\"defect\"]"}
RESULT: {"using":"xpath","value":"//li[text()=\"defect\"]"}
COMMAND: POST /session/21ce62c4ecbe6d238b640e15c86407e3/elements - {"using":"xpath","value":"//li[text()=\"defect\"]"}
RESULT: {"using":"xpath","value":"//li[text()=\"defect\"]"}
COMMAND: POST /session/21ce62c4ecbe6d238b640e15c86407e3/elements - {"using":"xpath","value":"//li[text()=\"defect\"]"}
RESULT: {"using":"xpath","value":"//li[text()=\"defect\"]"}
COMMAND: POST /session/21ce62c4ecbe6d238b640e15c86407e3/elements - {"using":"xpath","value":"//li[text()=\"defect\"]"}
RESULT: {"using":"xpath","value":"//li[text()=\"defect\"]"}
COMMAND: POST /session/21ce62c4ecbe6d238b640e15c86407e3/elements - {"using":"xpath","value":"//li[text()=\"defect\"]"}
RESULT: {"using":"xpath","value":"//li[text()=\"defect\"]"}
COMMAND: POST /session/21ce62c4ecbe6d238b640e15c86407e3/elements - {"using":"xpath","value":"//li[text()=\"defect\"]"}
RESULT: {"using":"xpath","value":"//li[text()=\"defect\"]"}
COMMAND: POST /session/21ce62c4ecbe6d238b640e15c86407e3/elements - {"using":"xpath","value":"//li[text()=\"defect\"]"}
RESULT: {"using":"xpath","value":"//li[text()=\"defect\"]"}
COMMAND: POST /session/21ce62c4ecbe6d238b640e15c86407e3/elements - {"using":"xpath","value":"//li[text()=\"defect\"]"}
RESULT: {"using":"xpath","value":"//li[text()=\"defect\"]"}
COMMAND: POST /session/21ce62c4ecbe6d238b640e15c86407e3/elements - {"using":"xpath","value":"//li[text()=\"defect\"]"}
RESULT: {"using":"xpath","value":"//li[text()=\"defect\"]"}
COMMAND: POST /session/21ce62c4ecbe6d238b640e15c86407e3/elements - {"using":"xpath","value":"//li[text()=\"defect\"]"}
RESULT: {"using":"xpath","value":"//li[text()=\"defect\"]"}
COMMAND: POST /session/21ce62c4ecbe6d238b640e15c86407e3/elements - {"using":"xpath","value":"//li[text()=\"defect\"]"}
RESULT: {"using":"xpath","value":"//li[text()=\"defect\"]"}
COMMAND: POST /session/21ce62c4ecbe6d238b640e15c86407e3/elements - {"using":"xpath","value":"//li[text()=\"defect\"]"}
RESULT: {"using":"xpath","value":"//li[text()=\"defect\"]"}
COMMAND: POST /session/21ce62c4ecbe6d238b640e15c86407e3/elements - {"using":"xpath","value":"//li[text()=\"defect\"]"}
RESULT: {"using":"xpath","value":"//li[text()=\"defect\"]"}
COMMAND: POST /session/21ce62c4ecbe6d238b640e15c86407e3/elements - {"using":"xpath","value":"//li[text()=\"defect\"]"}
RESULT: {"using":"xpath","value":"//li[text()=\"defect\"]"}
COMMAND: POST /session/21ce62c4ecbe6d238b640e15c86407e3/elements - {"using":"xpath","value":"//li[text()=\"defect\"]"}
RESULT: {"using":"xpath","value":"//li[text()=\"defect\"]"}
COMMAND: POST /session/21ce62c4ecbe6d238b640e15c86407e3/elements - {"using":"xpath","value":"//li[text()=\"defect\"]"}
RESULT: {"using":"xpath","value":"//li[text()=\"defect\"]"}
COMMAND: POST /session/21ce62c4ecbe6d238b640e15c86407e3/elements - {"using":"xpath","value":"//li[text()=\"defect\"]"}
RESULT: {"using":"xpath","value":"//li[text()=\"defect\"]"}
COMMAND: POST /session/21ce62c4ecbe6d238b640e15c86407e3/elements - {"using":"xpath","value":"//li[text()=\"defect\"]"}
RESULT: {"using":"xpath","value":"//li[text()=\"defect\"]"}
COMMAND: POST /session/21ce62c4ecbe6d238b640e15c86407e3/elements - {"using":"xpath","value":"//li[text()=\"defect\"]"}
RESULT: {"using":"xpath","value":"//li[text()=\"defect\"]"}
COMMAND: POST /session/21ce62c4ecbe6d238b640e15c86407e3/elements - {"using":"xpath","value":"//li[text()=\"defect\"]"}
RESULT: {"using":"xpath","value":"//li[text()=\"defect\"]"}
COMMAND: POST /session/21ce62c4ecbe6d238b640e15c86407e3/elements - {"using":"xpath","value":"//li[text()=\"defect\"]"}
RESULT: {"using":"xpath","value":"//li[text()=\"defect\"]"}
COMMAND: POST /session/21ce62c4ecbe6d238b640e15c86407e3/elements - {"using":"xpath","value":"//li[text()=\"defect\"]"}
RESULT: {"using":"xpath","value":"//li[text()=\"defect\"]"}
COMMAND: POST /session/21ce62c4ecbe6d238b640e15c86407e3/elements - {"using":"xpath","value":"//li[text()=\"defect\"]"}
RESULT: {"using":"xpath","value":"//li[text()=\"defect\"]"}
COMMAND: POST /session/21ce62c4ecbe6d238b640e15c86407e3/elements - {"using":"xpath","value":"//li[text()=\"defect\"]"}
RESULT: {"using":"xpath","value":"//li[text()=\"defect\"]"}
COMMAND: POST /session/21ce62c4ecbe6d238b640e15c86407e3/elements - {"using":"xpath","value":"//li[text()=\"defect\"]"}
RESULT: {"using":"xpath","value":"//li[text()=\"defect\"]"}
COMMAND: POST /session/21ce62c4ecbe6d238b640e15c86407e3/elements - {"using":"xpath","value":"//li[text()=\"defect\"]"}
RESULT: {"using":"xpath","value":"//li[text()=\"defect\"]"}
COMMAND: POST /session/21ce62c4ecbe6d238b640e15c86407e3/elements - {"using":"xpath","value":"//li[text()=\"defect\"]"}
RESULT: {"using":"xpath","value":"//li[text()=\"defect\"]"}
COMMAND: POST /session/21ce62c4ecbe6d238b640e15c86407e3/elements - {"using":"xpath","value":"//li[text()=\"defect\"]"}
RESULT: {"using":"xpath","value":"//li[text()=\"defect\"]"}
COMMAND: POST /session/21ce62c4ecbe6d238b640e15c86407e3/elements - {"using":"xpath","value":"//li[text()=\"defect\"]"}
RESULT: {"using":"xpath","value":"//li[text()=\"defect\"]"}
COMMAND: POST /session/21ce62c4ecbe6d238b640e15c86407e3/elements - {"using":"xpath","value":"//li[text()=\"defect\"]"}
RESULT: {"using":"xpath","value":"//li[text()=\"defect\"]"}
COMMAND: POST /session/21ce62c4ecbe6d238b640e15c86407e3/elements - {"using":"xpath","value":"//li[text()=\"defect\"]"}
RESULT: {"using":"xpath","value":"//li[text()=\"defect\"]"}
COMMAND: POST /session/21ce62c4ecbe6d238b640e15c86407e3/elements - {"using":"xpath","value":"//li[text()=\"defect\"]"}
RESULT: {"using":"xpath","value":"//li[text()=\"defect\"]"}
COMMAND: POST /session/21ce62c4ecbe6d238b640e15c86407e3/elements - {"using":"xpath","value":"//li[text()=\"defect\"]"}
RESULT: {"using":"xpath","value":"//li[text()=\"defect\"]"}
COMMAND: POST /session/21ce62c4ecbe6d238b640e15c86407e3/elements - {"using":"xpath","value":"//li[text()=\"defect\"]"}
RESULT: {"using":"xpath","value":"//li[text()=\"defect\"]"}
COMMAND: POST /session/21ce62c4ecbe6d238b640e15c86407e3/elements - {"using":"xpath","value":"//li[text()=\"defect\"]"}
RESULT: {"using":"xpath","value":"//li[text()=\"defect\"]"}
COMMAND: POST /session/21ce62c4ecbe6d238b640e15c86407e3/elements - {"using":"xpath","value":"//li[text()=\"defect\"]"}
COMMAND: GET /session/21ce62c4ecbe6d238b640e15c86407e3/screenshot - {}
RESULT: {"using":"xpath","value":"//li[text()=\"defect\"]"}
RESULT: {}
]]></system-out>
      <system-err><![CDATA[
Error: Can't call click on element with selector "//li[text()="defect"]" because element wasn't found
    at async Context.<anonymous> (D:\a\1\s\test\specs\HTR\stock-decrease.spec.js:166:9)
]]></system-err>
    </testcase>
    <testcase classname="chrome.136_0_7103_93.windows.Create_masterdata_for_Yard_Overview_-_trigger_provide_US130988" name="Should do a Stock Decrease" time="141.429">
      <failure/>
      <error message="Can't call click on element with selector &quot;//button[@data-kt=&quot;IssuingTableConfirmAllButton&quot;]&quot; because element wasn't found"/>
      <system-out><![CDATA[
RESULT: undefined
COMMAND: POST /session/21ce62c4ecbe6d238b640e15c86407e3/element - {"using":"xpath","value":"//*[@id=\"__tile132\"]"}
COMMAND: GET /session/21ce62c4ecbe6d238b640e15c86407e3/screenshot - {}
RESULT: {"using":"xpath","value":"//*[@id=\"__tile132\"]"}
COMMAND: POST /session/21ce62c4ecbe6d238b640e15c86407e3/element/f.93D217436D6DD50F1CAF1D433A497FC6.d.BDB2A92CD78AF2B18E4DA37D048BF84D.e.11990/click - {}
RESULT: {}
COMMAND: POST /session/21ce62c4ecbe6d238b640e15c86407e3/elements - {"using":"xpath","value":"//span[text()='Error']"}
RESULT: {"using":"xpath","value":"//span[text()='Error']"}
COMMAND: POST /session/21ce62c4ecbe6d238b640e15c86407e3/element - {"using":"xpath","value":"//button[@data-kt=\"masterHOAddButton\"]"}
RESULT: {"using":"xpath","value":"//button[@data-kt=\"masterHOAddButton\"]"}
COMMAND: POST /session/21ce62c4ecbe6d238b640e15c86407e3/elements - {"using":"xpath","value":"//button[@data-kt=\"masterHOAddButton\"]"}
RESULT: {"using":"xpath","value":"//button[@data-kt=\"masterHOAddButton\"]"}
COMMAND: POST /session/21ce62c4ecbe6d238b640e15c86407e3/execute/sync - {"script":"<script> [8489 bytes]","args":[{"element-6066-11e4-a52e-4f735466cecf":"f.93D217436D6DD50F1CAF1D433A497FC6.d.BDB2A92CD78AF2B18E4DA37D048BF84D.e.12988","ELEMENT":"f.93D217436D6DD50F1CAF1D433A497FC6.d.BDB2A92CD78AF2B18E4DA37D048BF84D.e.12988"}]}
RESULT: {"script":"<script> [8489 bytes]","args":[{"element-6066-11e4-a52e-4f735466cecf":"f.93D217436D6DD50F1CAF1D433A497FC6.d.BDB2A92CD78AF2B18E4DA37D048BF84D.e.12988","ELEMENT":"f.93D217436D6DD50F1CAF1D433A497FC6.d.BDB2A92CD78AF2B18E4DA37D048BF84D.e.12988"}]}
COMMAND: GET /session/21ce62c4ecbe6d238b640e15c86407e3/element/f.93D217436D6DD50F1CAF1D433A497FC6.d.BDB2A92CD78AF2B18E4DA37D048BF84D.e.12988/enabled - {}
COMMAND: GET /session/21ce62c4ecbe6d238b640e15c86407e3/screenshot - {}
RESULT: {}
COMMAND: POST /session/21ce62c4ecbe6d238b640e15c86407e3/execute/sync - {"script":"<script> [8489 bytes]","args":[{"element-6066-11e4-a52e-4f735466cecf":"f.93D217436D6DD50F1CAF1D433A497FC6.d.BDB2A92CD78AF2B18E4DA37D048BF84D.e.12988","ELEMENT":"f.93D217436D6DD50F1CAF1D433A497FC6.d.BDB2A92CD78AF2B18E4DA37D048BF84D.e.12988"}]}
COMMAND: GET /session/21ce62c4ecbe6d238b640e15c86407e3/screenshot - {}
RESULT: {}
RESULT: {"script":"<script> [8489 bytes]","args":[{"element-6066-11e4-a52e-4f735466cecf":"f.93D217436D6DD50F1CAF1D433A497FC6.d.BDB2A92CD78AF2B18E4DA37D048BF84D.e.12988","ELEMENT":"f.93D217436D6DD50F1CAF1D433A497FC6.d.BDB2A92CD78AF2B18E4DA37D048BF84D.e.12988"}]}
COMMAND: POST /session/21ce62c4ecbe6d238b640e15c86407e3/execute/sync - {"script":"<script> [5351 bytes]","args":[{"element-6066-11e4-a52e-4f735466cecf":"f.93D217436D6DD50F1CAF1D433A497FC6.d.BDB2A92CD78AF2B18E4DA37D048BF84D.e.12988","ELEMENT":"f.93D217436D6DD50F1CAF1D433A497FC6.d.BDB2A92CD78AF2B18E4DA37D048BF84D.e.12988"}]}
COMMAND: GET /session/21ce62c4ecbe6d238b640e15c86407e3/screenshot - {}
RESULT: {}
RESULT: {"script":"<script> [5351 bytes]","args":[{"element-6066-11e4-a52e-4f735466cecf":"f.93D217436D6DD50F1CAF1D433A497FC6.d.BDB2A92CD78AF2B18E4DA37D048BF84D.e.12988","ELEMENT":"f.93D217436D6DD50F1CAF1D433A497FC6.d.BDB2A92CD78AF2B18E4DA37D048BF84D.e.12988"}]}
COMMAND: POST /session/21ce62c4ecbe6d238b640e15c86407e3/element/f.93D217436D6DD50F1CAF1D433A497FC6.d.BDB2A92CD78AF2B18E4DA37D048BF84D.e.12988/click - {}
COMMAND: GET /session/21ce62c4ecbe6d238b640e15c86407e3/screenshot - {}
RESULT: {}
RESULT: {}
COMMAND: GET /session/21ce62c4ecbe6d238b640e15c86407e3/screenshot - {}
RESULT: {}
RESULT: {}
COMMAND: POST /session/21ce62c4ecbe6d238b640e15c86407e3/element - {"using":"xpath","value":"//span[contains(@id ,\"AddNewHO--typeSelect-arrow\")]"}
RESULT: {"using":"xpath","value":"//span[contains(@id ,\"AddNewHO--typeSelect-arrow\")]"}
COMMAND: POST /session/21ce62c4ecbe6d238b640e15c86407e3/element/f.93D217436D6DD50F1CAF1D433A497FC6.d.BDB2A92CD78AF2B18E4DA37D048BF84D.e.13402/click - {}
RESULT: {}
COMMAND: GET /session/21ce62c4ecbe6d238b640e15c86407e3/screenshot - {}
RESULT: {}
COMMAND: POST /session/21ce62c4ecbe6d238b640e15c86407e3/element - {"using":"xpath","value":"(//li[contains(text(), \"stock decrease yard\")])[1]"}
RESULT: {"using":"xpath","value":"(//li[contains(text(), \"stock decrease yard\")])[1]"}
COMMAND: POST /session/21ce62c4ecbe6d238b640e15c86407e3/element/f.93D217436D6DD50F1CAF1D433A497FC6.d.BDB2A92CD78AF2B18E4DA37D048BF84D.e.13403/click - {}
RESULT: {}
COMMAND: GET /session/21ce62c4ecbe6d238b640e15c86407e3/screenshot - {}
RESULT: {}
RESULT: undefined
COMMAND: POST /session/21ce62c4ecbe6d238b640e15c86407e3/execute/async - {"script":"<script> [6424 bytes]","args":[{"element-6066-11e4-a52e-4f735466cecf":"f.93D217436D6DD50F1CAF1D433A497FC6.d.BDB2A92CD78AF2B18E4DA37D048BF84D.e.13347"},"setValue",["5/31/25"]]}
COMMAND: POST /session/21ce62c4ecbe6d238b640e15c86407e3/execute/async - {"script":"<script> [1562 bytes]","args":[{"selector":{"id":"application-managehandovers-display-component---AddNewHO--dueDate","interaction":{"idSuffix":"inner"}},"wdio_ui5_key":"applicationmanagehandovers-display-component---AddNewHO--dueDate"}]}
RESULT: {"script":"<script> [1562 bytes]","args":[{"selector":{"id":"application-managehandovers-display-component---AddNewHO--dueDate","interaction":{"idSuffix":"inner"}},"wdio_ui5_key":"applicationmanagehandovers-display-component---AddNewHO--dueDate"}]}
COMMAND: POST /session/21ce62c4ecbe6d238b640e15c86407e3/execute/async - {"script":"<script> [6424 bytes]","args":[{"element-6066-11e4-a52e-4f735466cecf":"f.93D217436D6DD50F1CAF1D433A497FC6.d.BDB2A92CD78AF2B18E4DA37D048BF84D.e.13415"},"setValue",["5/31/25"]]}
RESULT: {"script":"<script> [6424 bytes]","args":[{"element-6066-11e4-a52e-4f735466cecf":"f.93D217436D6DD50F1CAF1D433A497FC6.d.BDB2A92CD78AF2B18E4DA37D048BF84D.e.13415"},"setValue",["5/31/25"]]}
COMMAND: POST /session/21ce62c4ecbe6d238b640e15c86407e3/element - {"using":"xpath","value":"//input[@id=\"generalSectionFrg--sendYard-inner\"]"}
RESULT: {"using":"xpath","value":"//input[@id=\"generalSectionFrg--sendYard-inner\"]"}
COMMAND: POST /session/21ce62c4ecbe6d238b640e15c86407e3/element/f.93D217436D6DD50F1CAF1D433A497FC6.d.BDB2A92CD78AF2B18E4DA37D048BF84D.e.13421/clear - {}
RESULT: {}
COMMAND: POST /session/21ce62c4ecbe6d238b640e15c86407e3/element/f.93D217436D6DD50F1CAF1D433A497FC6.d.BDB2A92CD78AF2B18E4DA37D048BF84D.e.13421/value - {"text":"523"}
COMMAND: GET /session/21ce62c4ecbe6d238b640e15c86407e3/screenshot - {}
RESULT: {"text":"523"}
COMMAND: GET /session/21ce62c4ecbe6d238b640e15c86407e3/screenshot - {}
RESULT: {}
RESULT: {}
COMMAND: POST /session/21ce62c4ecbe6d238b640e15c86407e3/element - {"using":"xpath","value":"//li[.//span[text()='523']]"}
RESULT: {"using":"xpath","value":"//li[.//span[text()='523']]"}
COMMAND: POST /session/21ce62c4ecbe6d238b640e15c86407e3/element/f.93D217436D6DD50F1CAF1D433A497FC6.d.BDB2A92CD78AF2B18E4DA37D048BF84D.e.13437/click - {}
RESULT: {}
COMMAND: GET /session/21ce62c4ecbe6d238b640e15c86407e3/screenshot - {}
RESULT: {}
COMMAND: POST /session/21ce62c4ecbe6d238b640e15c86407e3/execute/async - {"script":"<script> [1562 bytes]","args":[{"selector":{"controlType":"sap.ui.core.Icon","viewName":"etm.portal.ui.managehandovers.view.AddNewHO","viewId":"application-managehandovers-display-component---AddNewHO","properties":{"src":{"regex":{"source":"slim\\-arrow\\-down"}}},"ancestor":{"controlType":"etm.portal.ui.reusables.customControls.LiveSearchComboBox","viewName":"etm.portal.ui.managehandovers.view.AddNewHO","viewId":"application-managehandovers-display-component---AddNewHO","bindingPath":{"path":"","propertyPath":"/FORWARDER","modelName":"hoItemsModel"}}},"wdio_ui5_key":"etmportal.ui.managehandovers.view.AddNewHOsap.ui.core.Icon{\"src\":{\"regex\":{\"source\":\"slim\\\\-arrow\\\\-down\"}}}{\"controlType\":\"etm.portal.ui.reusables.customControls.LiveSearchComboBox\",\"viewName\":\"etm.portal.ui.managehandovers.view.AddNewHO\",\"viewId\":\"application-managehandovers-display-component---AddNewHO\",\"bindingPath\":{\"path\":\"\",\"propertyPath\":\"/FORWARDER\",\"modelName\":\"hoItemsModel\"}}"}]}
RESULT: {"script":"<script> [1562 bytes]","args":[{"selector":{"controlType":"sap.ui.core.Icon","viewName":"etm.portal.ui.managehandovers.view.AddNewHO","viewId":"application-managehandovers-display-component---AddNewHO","properties":{"src":{"regex":{"source":"slim\\-arrow\\-down"}}},"ancestor":{"controlType":"etm.portal.ui.reusables.customControls.LiveSearchComboBox","viewName":"etm.portal.ui.managehandovers.view.AddNewHO","viewId":"application-managehandovers-display-component---AddNewHO","bindingPath":{"path":"","propertyPath":"/FORWARDER","modelName":"hoItemsModel"}}},"wdio_ui5_key":"etmportal.ui.managehandovers.view.AddNewHOsap.ui.core.Icon{\"src\":{\"regex\":{\"source\":\"slim\\\\-arrow\\\\-down\"}}}{\"controlType\":\"etm.portal.ui.reusables.customControls.LiveSearchComboBox\",\"viewName\":\"etm.portal.ui.managehandovers.view.AddNewHO\",\"viewId\":\"application-managehandovers-display-component---AddNewHO\",\"bindingPath\":{\"path\":\"\",\"propertyPath\":\"/FORWARDER\",\"modelName\":\"hoItemsModel\"}}"}]}
RESULT: undefined
COMMAND: POST /session/21ce62c4ecbe6d238b640e15c86407e3/element - {"using":"xpath","value":"//*[@id=\"__box15-arrow\"]"}
RESULT: {"using":"xpath","value":"//*[@id=\"__box15-arrow\"]"}
COMMAND: POST /session/21ce62c4ecbe6d238b640e15c86407e3/element/f.93D217436D6DD50F1CAF1D433A497FC6.d.BDB2A92CD78AF2B18E4DA37D048BF84D.e.13438/click - {}
RESULT: {}
COMMAND: GET /session/21ce62c4ecbe6d238b640e15c86407e3/screenshot - {}
RESULT: {}
COMMAND: POST /session/21ce62c4ecbe6d238b640e15c86407e3/execute/async - {"script":"<script> [1562 bytes]","args":[{"selector":{"controlType":"sap.m.StandardListItem","viewName":"etm.portal.ui.managehandovers.view.AddNewHO","viewId":"application-managehandovers-display-component---AddNewHO","properties":{"title":"1002 - Test "},"searchOpenDialogs":true,"interaction":{"idSuffix":"content"}},"wdio_ui5_key":"etmportal.ui.managehandovers.view.AddNewHOsap.m.StandardListItem{\"title\":\"1002 - Test \"}"}]}
RESULT: {"script":"<script> [1562 bytes]","args":[{"selector":{"controlType":"sap.m.StandardListItem","viewName":"etm.portal.ui.managehandovers.view.AddNewHO","viewId":"application-managehandovers-display-component---AddNewHO","properties":{"title":"1002 - Test "},"searchOpenDialogs":true,"interaction":{"idSuffix":"content"}},"wdio_ui5_key":"etmportal.ui.managehandovers.view.AddNewHOsap.m.StandardListItem{\"title\":\"1002 - Test \"}"}]}
RESULT: undefined
COMMAND: POST /session/21ce62c4ecbe6d238b640e15c86407e3/element - {"using":"xpath","value":"//*[@id=\"__item1129\"]"}
RESULT: {"using":"xpath","value":"//*[@id=\"__item1129\"]"}
COMMAND: POST /session/21ce62c4ecbe6d238b640e15c86407e3/element/f.93D217436D6DD50F1CAF1D433A497FC6.d.BDB2A92CD78AF2B18E4DA37D048BF84D.e.13441/click - {}
RESULT: {}
COMMAND: GET /session/21ce62c4ecbe6d238b640e15c86407e3/screenshot - {}
RESULT: {}
COMMAND: POST /session/21ce62c4ecbe6d238b640e15c86407e3/execute/async - {"script":"<script> [1562 bytes]","args":[{"selector":{"controlType":"sap.m.Input","viewName":"etm.portal.ui.managehandovers.view.AddNewHO","viewId":"application-managehandovers-display-component---AddNewHO","bindingPath":{"path":"","propertyPath":"/DRIVER","modelName":"hoItemsModel"},"interaction":{"idSuffix":"inner"}},"wdio_ui5_key":"etmportal.ui.managehandovers.view.AddNewHOsap.m.Input{\"path\":\"\",\"propertyPath\":\"/DRIVER\",\"modelName\":\"hoItemsModel\"}"}]}
RESULT: {"script":"<script> [1562 bytes]","args":[{"selector":{"controlType":"sap.m.Input","viewName":"etm.portal.ui.managehandovers.view.AddNewHO","viewId":"application-managehandovers-display-component---AddNewHO","bindingPath":{"path":"","propertyPath":"/DRIVER","modelName":"hoItemsModel"},"interaction":{"idSuffix":"inner"}},"wdio_ui5_key":"etmportal.ui.managehandovers.view.AddNewHOsap.m.Input{\"path\":\"\",\"propertyPath\":\"/DRIVER\",\"modelName\":\"hoItemsModel\"}"}]}
RESULT: undefined
COMMAND: POST /session/21ce62c4ecbe6d238b640e15c86407e3/execute/async - {"script":"<script> [776 bytes]","args":[{"enterText":"StockDecrease Driver","selector":{"controlType":"sap.m.Input","viewName":"etm.portal.ui.managehandovers.view.AddNewHO","viewId":"application-managehandovers-display-component---AddNewHO","bindingPath":{"path":"","propertyPath":"/DRIVER","modelName":"hoItemsModel"},"interaction":{"idSuffix":"inner"}},"clearTextFirst":true,"interactionType":"ENTER_TEXT"}]}
RESULT: {"script":"<script> [776 bytes]","args":[{"enterText":"StockDecrease Driver","selector":{"controlType":"sap.m.Input","viewName":"etm.portal.ui.managehandovers.view.AddNewHO","viewId":"application-managehandovers-display-component---AddNewHO","bindingPath":{"path":"","propertyPath":"/DRIVER","modelName":"hoItemsModel"},"interaction":{"idSuffix":"inner"}},"clearTextFirst":true,"interactionType":"ENTER_TEXT"}]}
COMMAND: POST /session/21ce62c4ecbe6d238b640e15c86407e3/execute/async - {"script":"<script> [1562 bytes]","args":[{"selector":{"id":"application-managehandovers-display-component---AddNewHO--responsibleCB-arrow"},"wdio_ui5_key":"applicationmanagehandovers-display-component---AddNewHO--responsibleCB-arrow"}]}
RESULT: {"script":"<script> [1562 bytes]","args":[{"selector":{"id":"application-managehandovers-display-component---AddNewHO--responsibleCB-arrow"},"wdio_ui5_key":"applicationmanagehandovers-display-component---AddNewHO--responsibleCB-arrow"}]}
RESULT: undefined
COMMAND: POST /session/21ce62c4ecbe6d238b640e15c86407e3/element - {"using":"xpath","value":"//*[@id=\"application-managehandovers-display-component---AddNewHO--responsibleCB-arrow\"]"}
RESULT: {"using":"xpath","value":"//*[@id=\"application-managehandovers-display-component---AddNewHO--responsibleCB-arrow\"]"}
COMMAND: POST /session/21ce62c4ecbe6d238b640e15c86407e3/element/f.93D217436D6DD50F1CAF1D433A497FC6.d.BDB2A92CD78AF2B18E4DA37D048BF84D.e.13443/click - {}
RESULT: {}
COMMAND: GET /session/21ce62c4ecbe6d238b640e15c86407e3/screenshot - {}
RESULT: {}
COMMAND: POST /session/21ce62c4ecbe6d238b640e15c86407e3/execute/async - {"script":"<script> [1562 bytes]","args":[{"selector":{"controlType":"sap.m.StandardListItem","viewName":"etm.portal.ui.managehandovers.view.AddNewHO","viewId":"application-managehandovers-display-component---AddNewHO","properties":{"title":"1 - Test unit Update "},"searchOpenDialogs":true},"wdio_ui5_key":"etmportal.ui.managehandovers.view.AddNewHOsap.m.StandardListItem{\"title\":\"1 - Test unit Update \"}"}]}
RESULT: {"script":"<script> [1562 bytes]","args":[{"selector":{"controlType":"sap.m.StandardListItem","viewName":"etm.portal.ui.managehandovers.view.AddNewHO","viewId":"application-managehandovers-display-component---AddNewHO","properties":{"title":"1 - Test unit Update "},"searchOpenDialogs":true},"wdio_ui5_key":"etmportal.ui.managehandovers.view.AddNewHOsap.m.StandardListItem{\"title\":\"1 - Test unit Update \"}"}]}
RESULT: undefined
COMMAND: POST /session/21ce62c4ecbe6d238b640e15c86407e3/element - {"using":"xpath","value":"//*[@id=\"__item1228\"]"}
RESULT: {"using":"xpath","value":"//*[@id=\"__item1228\"]"}
COMMAND: POST /session/21ce62c4ecbe6d238b640e15c86407e3/element/f.93D217436D6DD50F1CAF1D433A497FC6.d.BDB2A92CD78AF2B18E4DA37D048BF84D.e.13444/click - {}
RESULT: {}
COMMAND: GET /session/21ce62c4ecbe6d238b640e15c86407e3/screenshot - {}
RESULT: {}
COMMAND: POST /session/21ce62c4ecbe6d238b640e15c86407e3/execute/async - {"script":"<script> [1562 bytes]","args":[{"selector":{"id":"application-managehandovers-display-component---AddNewHO--ObjectPageLayout-anchBar-application-managehandovers-display-component---AddNewHO--section4-anchor","interaction":{"idSuffix":"BDI-content"}},"wdio_ui5_key":"applicationmanagehandovers-display-component---AddNewHO--ObjectPageLayout-anchBar-application-managehandovers-display-component---AddNewHO--section4-anchor"}]}
RESULT: {"script":"<script> [1562 bytes]","args":[{"selector":{"id":"application-managehandovers-display-component---AddNewHO--ObjectPageLayout-anchBar-application-managehandovers-display-component---AddNewHO--section4-anchor","interaction":{"idSuffix":"BDI-content"}},"wdio_ui5_key":"applicationmanagehandovers-display-component---AddNewHO--ObjectPageLayout-anchBar-application-managehandovers-display-component---AddNewHO--section4-anchor"}]}
RESULT: undefined
COMMAND: POST /session/21ce62c4ecbe6d238b640e15c86407e3/element - {"using":"xpath","value":"//*[@id=\"application-managehandovers-display-component---AddNewHO--ObjectPageLayout-anchBar-application-managehandovers-display-component---AddNewHO--section4-anchor\"]"}
RESULT: {"using":"xpath","value":"//*[@id=\"application-managehandovers-display-component---AddNewHO--ObjectPageLayout-anchBar-application-managehandovers-display-component---AddNewHO--section4-anchor\"]"}
COMMAND: POST /session/21ce62c4ecbe6d238b640e15c86407e3/element/f.93D217436D6DD50F1CAF1D433A497FC6.d.BDB2A92CD78AF2B18E4DA37D048BF84D.e.13446/click - {}
RESULT: {}
COMMAND: GET /session/21ce62c4ecbe6d238b640e15c86407e3/screenshot - {}
RESULT: {}
COMMAND: POST /session/21ce62c4ecbe6d238b640e15c86407e3/execute/async - {"script":"<script> [1562 bytes]","args":[{"selector":{"controlType":"sap.ui.core.Icon","viewName":"etm.portal.ui.managehandovers.view.AddNewHO","viewId":"application-managehandovers-display-component---AddNewHO","properties":{"src":{"regex":{"source":"add"}}}},"wdio_ui5_key":"etmportal.ui.managehandovers.view.AddNewHOsap.ui.core.Icon{\"src\":{\"regex\":{\"source\":\"add\"}}}"}]}
RESULT: {"script":"<script> [1562 bytes]","args":[{"selector":{"controlType":"sap.ui.core.Icon","viewName":"etm.portal.ui.managehandovers.view.AddNewHO","viewId":"application-managehandovers-display-component---AddNewHO","properties":{"src":{"regex":{"source":"add"}}}},"wdio_ui5_key":"etmportal.ui.managehandovers.view.AddNewHOsap.ui.core.Icon{\"src\":{\"regex\":{\"source\":\"add\"}}}"}]}
RESULT: undefined
COMMAND: POST /session/21ce62c4ecbe6d238b640e15c86407e3/element - {"using":"xpath","value":"//*[@id=\"__button170-img\"]"}
RESULT: {"using":"xpath","value":"//*[@id=\"__button170-img\"]"}
COMMAND: POST /session/21ce62c4ecbe6d238b640e15c86407e3/element/f.93D217436D6DD50F1CAF1D433A497FC6.d.BDB2A92CD78AF2B18E4DA37D048BF84D.e.13450/click - {}
RESULT: {}
COMMAND: POST /session/21ce62c4ecbe6d238b640e15c86407e3/execute/async - {"script":"<script> [1562 bytes]","args":[{"selector":{"id":"application-managehandovers-display-component---AddNewHO--smartFilterBar-btnBasicSearch","searchOpenDialogs":true,"interaction":{"idSuffix":"I"}},"wdio_ui5_key":"applicationmanagehandovers-display-component---AddNewHO--smartFilterBar-btnBasicSearch"}]}
COMMAND: GET /session/21ce62c4ecbe6d238b640e15c86407e3/screenshot - {}
RESULT: {"script":"<script> [1562 bytes]","args":[{"selector":{"id":"application-managehandovers-display-component---AddNewHO--smartFilterBar-btnBasicSearch","searchOpenDialogs":true,"interaction":{"idSuffix":"I"}},"wdio_ui5_key":"applicationmanagehandovers-display-component---AddNewHO--smartFilterBar-btnBasicSearch"}]}
RESULT: undefined
COMMAND: POST /session/21ce62c4ecbe6d238b640e15c86407e3/execute/async - {"script":"<script> [776 bytes]","args":[{"enterText":"200301","selector":{"id":"application-managehandovers-display-component---AddNewHO--smartFilterBar-btnBasicSearch","searchOpenDialogs":true,"interaction":{"idSuffix":"I"}},"clearTextFirst":true,"interactionType":"ENTER_TEXT"}]}
RESULT: {}
RESULT: {"script":"<script> [776 bytes]","args":[{"enterText":"200301","selector":{"id":"application-managehandovers-display-component---AddNewHO--smartFilterBar-btnBasicSearch","searchOpenDialogs":true,"interaction":{"idSuffix":"I"}},"clearTextFirst":true,"interactionType":"ENTER_TEXT"}]}
COMMAND: POST /session/21ce62c4ecbe6d238b640e15c86407e3/execute/async - {"script":"<script> [1562 bytes]","args":[{"selector":{"id":"application-managehandovers-display-component---AddNewHO--popup-sa","searchOpenDialogs":true},"wdio_ui5_key":"applicationmanagehandovers-display-component---AddNewHO--popup-sa"}]}
RESULT: {"script":"<script> [1562 bytes]","args":[{"selector":{"id":"application-managehandovers-display-component---AddNewHO--popup-sa","searchOpenDialogs":true},"wdio_ui5_key":"applicationmanagehandovers-display-component---AddNewHO--popup-sa"}]}
RESULT: undefined
COMMAND: POST /session/21ce62c4ecbe6d238b640e15c86407e3/element - {"using":"xpath","value":"//*[@id=\"application-managehandovers-display-component---AddNewHO--popup-sa\"]"}
RESULT: {"using":"xpath","value":"//*[@id=\"application-managehandovers-display-component---AddNewHO--popup-sa\"]"}
COMMAND: POST /session/21ce62c4ecbe6d238b640e15c86407e3/element/f.93D217436D6DD50F1CAF1D433A497FC6.d.BDB2A92CD78AF2B18E4DA37D048BF84D.e.13477/click - {}
RESULT: {}
COMMAND: GET /session/21ce62c4ecbe6d238b640e15c86407e3/screenshot - {}
RESULT: {}
COMMAND: POST /session/21ce62c4ecbe6d238b640e15c86407e3/element - {"using":"xpath","value":"//*[contains(@id ,\"BDI-content\")][contains(text(), \"Select\")]"}
RESULT: {"using":"xpath","value":"//*[contains(@id ,\"BDI-content\")][contains(text(), \"Select\")]"}
COMMAND: POST /session/21ce62c4ecbe6d238b640e15c86407e3/element/f.93D217436D6DD50F1CAF1D433A497FC6.d.BDB2A92CD78AF2B18E4DA37D048BF84D.e.13478/click - {}
RESULT: {}
COMMAND: POST /session/21ce62c4ecbe6d238b640e15c86407e3/execute/async - {"script":"<script> [1562 bytes]","args":[{"selector":{"controlType":"sap.m.Button","viewName":"etm.portal.ui.managehandovers.view.AddNewHO","viewId":"application-managehandovers-display-component---AddNewHO","bindingPath":{"path":"/items/0","propertyPath":"QUANTITY","modelName":"hoItemsModel"},"interaction":{"idSuffix":"inner"}},"wdio_ui5_key":"etmportal.ui.managehandovers.view.AddNewHOsap.m.Button{\"path\":\"/items/0\",\"propertyPath\":\"QUANTITY\",\"modelName\":\"hoItemsModel\"}"}]}
COMMAND: GET /session/21ce62c4ecbe6d238b640e15c86407e3/screenshot - {}
RESULT: {"script":"<script> [1562 bytes]","args":[{"selector":{"controlType":"sap.m.Button","viewName":"etm.portal.ui.managehandovers.view.AddNewHO","viewId":"application-managehandovers-display-component---AddNewHO","bindingPath":{"path":"/items/0","propertyPath":"QUANTITY","modelName":"hoItemsModel"},"interaction":{"idSuffix":"inner"}},"wdio_ui5_key":"etmportal.ui.managehandovers.view.AddNewHOsap.m.Button{\"path\":\"/items/0\",\"propertyPath\":\"QUANTITY\",\"modelName\":\"hoItemsModel\"}"}]}
RESULT: undefined
COMMAND: POST /session/21ce62c4ecbe6d238b640e15c86407e3/execute/async - {"script":"<script> [1562 bytes]","args":[{"selector":{"controlType":"sap.m.NumericInput","viewName":"etm.portal.ui.managehandovers.view.AddNewHO","viewId":"application-managehandovers-display-component---AddNewHO","properties":{"value":"0"},"searchOpenDialogs":true,"interaction":{"idSuffix":"inner"}},"wdio_ui5_key":"etmportal.ui.managehandovers.view.AddNewHOsap.m.NumericInput{\"value\":\"0\"}"}]}
RESULT: {}
RESULT: {"script":"<script> [1562 bytes]","args":[{"selector":{"controlType":"sap.m.NumericInput","viewName":"etm.portal.ui.managehandovers.view.AddNewHO","viewId":"application-managehandovers-display-component---AddNewHO","properties":{"value":"0"},"searchOpenDialogs":true,"interaction":{"idSuffix":"inner"}},"wdio_ui5_key":"etmportal.ui.managehandovers.view.AddNewHOsap.m.NumericInput{\"value\":\"0\"}"}]}
RESULT: undefined
COMMAND: POST /session/21ce62c4ecbe6d238b640e15c86407e3/execute/async - {"script":"<script> [1562 bytes]","args":[{"selector":{"controlType":"sap.m.Button","viewName":"etm.portal.ui.managehandovers.view.AddNewHO","viewId":"application-managehandovers-display-component---AddNewHO","i18NText":{"propertyName":"text","key":"confirm"},"searchOpenDialogs":true,"interaction":{"idSuffix":"BDI-content"}},"wdio_ui5_key":"etmportal.ui.managehandovers.view.AddNewHOsap.m.Button{\"propertyName\":\"text\",\"key\":\"confirm\"}"}]}
RESULT: {"script":"<script> [1562 bytes]","args":[{"selector":{"controlType":"sap.m.Button","viewName":"etm.portal.ui.managehandovers.view.AddNewHO","viewId":"application-managehandovers-display-component---AddNewHO","i18NText":{"propertyName":"text","key":"confirm"},"searchOpenDialogs":true,"interaction":{"idSuffix":"BDI-content"}},"wdio_ui5_key":"etmportal.ui.managehandovers.view.AddNewHOsap.m.Button{\"propertyName\":\"text\",\"key\":\"confirm\"}"}]}
RESULT: undefined
COMMAND: POST /session/21ce62c4ecbe6d238b640e15c86407e3/execute/async - {"script":"<script> [1562 bytes]","args":[{"selector":{"id":"application-managehandovers-display-component---AddNewHO--confirmCreationButton","interaction":{"idSuffix":"inner"}},"wdio_ui5_key":"applicationmanagehandovers-display-component---AddNewHO--confirmCreationButton"}]}
RESULT: {"script":"<script> [1562 bytes]","args":[{"selector":{"id":"application-managehandovers-display-component---AddNewHO--confirmCreationButton","interaction":{"idSuffix":"inner"}},"wdio_ui5_key":"applicationmanagehandovers-display-component---AddNewHO--confirmCreationButton"}]}
RESULT: undefined
COMMAND: POST /session/21ce62c4ecbe6d238b640e15c86407e3/element - {"using":"xpath","value":"//*[@id=\"application-managehandovers-display-component---AddNewHO--confirmCreationButton\"]"}
RESULT: {"using":"xpath","value":"//*[@id=\"application-managehandovers-display-component---AddNewHO--confirmCreationButton\"]"}
COMMAND: POST /session/21ce62c4ecbe6d238b640e15c86407e3/element/f.93D217436D6DD50F1CAF1D433A497FC6.d.BDB2A92CD78AF2B18E4DA37D048BF84D.e.13483/click - {}
COMMAND: POST /session/21ce62c4ecbe6d238b640e15c86407e3/execute/async - {"script":"<script> [1562 bytes]","args":[{"selector":{"id":"receiptDatePicker","viewName":"etm.portal.ui.managehandovers.view.DetailExecuteHO","interaction":{"idSuffix":"inner"}},"wdio_ui5_key":"receiptDatePickeretmportal.ui.managehandovers.view.DetailExecuteHO"}]}
RESULT: {"script":"<script> [1562 bytes]","args":[{"selector":{"id":"receiptDatePicker","viewName":"etm.portal.ui.managehandovers.view.DetailExecuteHO","interaction":{"idSuffix":"inner"}},"wdio_ui5_key":"receiptDatePickeretmportal.ui.managehandovers.view.DetailExecuteHO"}]}
RESULT: undefined
COMMAND: POST /session/21ce62c4ecbe6d238b640e15c86407e3/element - {"using":"xpath","value":"//button[@data-kt=\"IssuingTableConfirmAllButton\"]"}
RESULT: {"using":"xpath","value":"//button[@data-kt=\"IssuingTableConfirmAllButton\"]"}
COMMAND: POST /session/21ce62c4ecbe6d238b640e15c86407e3/elements - {"using":"xpath","value":"//button[@data-kt=\"IssuingTableConfirmAllButton\"]"}
RESULT: {"using":"xpath","value":"//button[@data-kt=\"IssuingTableConfirmAllButton\"]"}
COMMAND: POST /session/21ce62c4ecbe6d238b640e15c86407e3/elements - {"using":"xpath","value":"//button[@data-kt=\"IssuingTableConfirmAllButton\"]"}
RESULT: {"using":"xpath","value":"//button[@data-kt=\"IssuingTableConfirmAllButton\"]"}
COMMAND: POST /session/21ce62c4ecbe6d238b640e15c86407e3/elements - {"using":"xpath","value":"//button[@data-kt=\"IssuingTableConfirmAllButton\"]"}
RESULT: {"using":"xpath","value":"//button[@data-kt=\"IssuingTableConfirmAllButton\"]"}
COMMAND: POST /session/21ce62c4ecbe6d238b640e15c86407e3/elements - {"using":"xpath","value":"//button[@data-kt=\"IssuingTableConfirmAllButton\"]"}
RESULT: {"using":"xpath","value":"//button[@data-kt=\"IssuingTableConfirmAllButton\"]"}
COMMAND: POST /session/21ce62c4ecbe6d238b640e15c86407e3/elements - {"using":"xpath","value":"//button[@data-kt=\"IssuingTableConfirmAllButton\"]"}
RESULT: {"using":"xpath","value":"//button[@data-kt=\"IssuingTableConfirmAllButton\"]"}
COMMAND: POST /session/21ce62c4ecbe6d238b640e15c86407e3/elements - {"using":"xpath","value":"//button[@data-kt=\"IssuingTableConfirmAllButton\"]"}
RESULT: {"using":"xpath","value":"//button[@data-kt=\"IssuingTableConfirmAllButton\"]"}
COMMAND: POST /session/21ce62c4ecbe6d238b640e15c86407e3/elements - {"using":"xpath","value":"//button[@data-kt=\"IssuingTableConfirmAllButton\"]"}
RESULT: {"using":"xpath","value":"//button[@data-kt=\"IssuingTableConfirmAllButton\"]"}
COMMAND: POST /session/21ce62c4ecbe6d238b640e15c86407e3/elements - {"using":"xpath","value":"//button[@data-kt=\"IssuingTableConfirmAllButton\"]"}
RESULT: {"using":"xpath","value":"//button[@data-kt=\"IssuingTableConfirmAllButton\"]"}
COMMAND: POST /session/21ce62c4ecbe6d238b640e15c86407e3/elements - {"using":"xpath","value":"//button[@data-kt=\"IssuingTableConfirmAllButton\"]"}
RESULT: {"using":"xpath","value":"//button[@data-kt=\"IssuingTableConfirmAllButton\"]"}
COMMAND: POST /session/21ce62c4ecbe6d238b640e15c86407e3/elements - {"using":"xpath","value":"//button[@data-kt=\"IssuingTableConfirmAllButton\"]"}
RESULT: {"using":"xpath","value":"//button[@data-kt=\"IssuingTableConfirmAllButton\"]"}
COMMAND: POST /session/21ce62c4ecbe6d238b640e15c86407e3/elements - {"using":"xpath","value":"//button[@data-kt=\"IssuingTableConfirmAllButton\"]"}
RESULT: {"using":"xpath","value":"//button[@data-kt=\"IssuingTableConfirmAllButton\"]"}
COMMAND: POST /session/21ce62c4ecbe6d238b640e15c86407e3/elements - {"using":"xpath","value":"//button[@data-kt=\"IssuingTableConfirmAllButton\"]"}
RESULT: {"using":"xpath","value":"//button[@data-kt=\"IssuingTableConfirmAllButton\"]"}
COMMAND: POST /session/21ce62c4ecbe6d238b640e15c86407e3/elements - {"using":"xpath","value":"//button[@data-kt=\"IssuingTableConfirmAllButton\"]"}
RESULT: {"using":"xpath","value":"//button[@data-kt=\"IssuingTableConfirmAllButton\"]"}
COMMAND: POST /session/21ce62c4ecbe6d238b640e15c86407e3/elements - {"using":"xpath","value":"//button[@data-kt=\"IssuingTableConfirmAllButton\"]"}
RESULT: {"using":"xpath","value":"//button[@data-kt=\"IssuingTableConfirmAllButton\"]"}
COMMAND: POST /session/21ce62c4ecbe6d238b640e15c86407e3/elements - {"using":"xpath","value":"//button[@data-kt=\"IssuingTableConfirmAllButton\"]"}
RESULT: {"using":"xpath","value":"//button[@data-kt=\"IssuingTableConfirmAllButton\"]"}
COMMAND: POST /session/21ce62c4ecbe6d238b640e15c86407e3/elements - {"using":"xpath","value":"//button[@data-kt=\"IssuingTableConfirmAllButton\"]"}
RESULT: {"using":"xpath","value":"//button[@data-kt=\"IssuingTableConfirmAllButton\"]"}
COMMAND: POST /session/21ce62c4ecbe6d238b640e15c86407e3/elements - {"using":"xpath","value":"//button[@data-kt=\"IssuingTableConfirmAllButton\"]"}
RESULT: {"using":"xpath","value":"//button[@data-kt=\"IssuingTableConfirmAllButton\"]"}
COMMAND: POST /session/21ce62c4ecbe6d238b640e15c86407e3/elements - {"using":"xpath","value":"//button[@data-kt=\"IssuingTableConfirmAllButton\"]"}
RESULT: {"using":"xpath","value":"//button[@data-kt=\"IssuingTableConfirmAllButton\"]"}
COMMAND: POST /session/21ce62c4ecbe6d238b640e15c86407e3/elements - {"using":"xpath","value":"//button[@data-kt=\"IssuingTableConfirmAllButton\"]"}
RESULT: {"using":"xpath","value":"//button[@data-kt=\"IssuingTableConfirmAllButton\"]"}
COMMAND: POST /session/21ce62c4ecbe6d238b640e15c86407e3/elements - {"using":"xpath","value":"//button[@data-kt=\"IssuingTableConfirmAllButton\"]"}
RESULT: {"using":"xpath","value":"//button[@data-kt=\"IssuingTableConfirmAllButton\"]"}
COMMAND: POST /session/21ce62c4ecbe6d238b640e15c86407e3/elements - {"using":"xpath","value":"//button[@data-kt=\"IssuingTableConfirmAllButton\"]"}
RESULT: {"using":"xpath","value":"//button[@data-kt=\"IssuingTableConfirmAllButton\"]"}
COMMAND: POST /session/21ce62c4ecbe6d238b640e15c86407e3/elements - {"using":"xpath","value":"//button[@data-kt=\"IssuingTableConfirmAllButton\"]"}
RESULT: {"using":"xpath","value":"//button[@data-kt=\"IssuingTableConfirmAllButton\"]"}
COMMAND: POST /session/21ce62c4ecbe6d238b640e15c86407e3/elements - {"using":"xpath","value":"//button[@data-kt=\"IssuingTableConfirmAllButton\"]"}
RESULT: {"using":"xpath","value":"//button[@data-kt=\"IssuingTableConfirmAllButton\"]"}
COMMAND: POST /session/21ce62c4ecbe6d238b640e15c86407e3/elements - {"using":"xpath","value":"//button[@data-kt=\"IssuingTableConfirmAllButton\"]"}
RESULT: {"using":"xpath","value":"//button[@data-kt=\"IssuingTableConfirmAllButton\"]"}
COMMAND: POST /session/21ce62c4ecbe6d238b640e15c86407e3/elements - {"using":"xpath","value":"//button[@data-kt=\"IssuingTableConfirmAllButton\"]"}
RESULT: {"using":"xpath","value":"//button[@data-kt=\"IssuingTableConfirmAllButton\"]"}
COMMAND: POST /session/21ce62c4ecbe6d238b640e15c86407e3/elements - {"using":"xpath","value":"//button[@data-kt=\"IssuingTableConfirmAllButton\"]"}
RESULT: {"using":"xpath","value":"//button[@data-kt=\"IssuingTableConfirmAllButton\"]"}
COMMAND: POST /session/21ce62c4ecbe6d238b640e15c86407e3/elements - {"using":"xpath","value":"//button[@data-kt=\"IssuingTableConfirmAllButton\"]"}
RESULT: {"using":"xpath","value":"//button[@data-kt=\"IssuingTableConfirmAllButton\"]"}
COMMAND: POST /session/21ce62c4ecbe6d238b640e15c86407e3/elements - {"using":"xpath","value":"//button[@data-kt=\"IssuingTableConfirmAllButton\"]"}
RESULT: {"using":"xpath","value":"//button[@data-kt=\"IssuingTableConfirmAllButton\"]"}
COMMAND: POST /session/21ce62c4ecbe6d238b640e15c86407e3/elements - {"using":"xpath","value":"//button[@data-kt=\"IssuingTableConfirmAllButton\"]"}
RESULT: {"using":"xpath","value":"//button[@data-kt=\"IssuingTableConfirmAllButton\"]"}
COMMAND: POST /session/21ce62c4ecbe6d238b640e15c86407e3/elements - {"using":"xpath","value":"//button[@data-kt=\"IssuingTableConfirmAllButton\"]"}
RESULT: {"using":"xpath","value":"//button[@data-kt=\"IssuingTableConfirmAllButton\"]"}
COMMAND: POST /session/21ce62c4ecbe6d238b640e15c86407e3/elements - {"using":"xpath","value":"//button[@data-kt=\"IssuingTableConfirmAllButton\"]"}
RESULT: {"using":"xpath","value":"//button[@data-kt=\"IssuingTableConfirmAllButton\"]"}
COMMAND: POST /session/21ce62c4ecbe6d238b640e15c86407e3/elements - {"using":"xpath","value":"//button[@data-kt=\"IssuingTableConfirmAllButton\"]"}
RESULT: {"using":"xpath","value":"//button[@data-kt=\"IssuingTableConfirmAllButton\"]"}
COMMAND: POST /session/21ce62c4ecbe6d238b640e15c86407e3/elements - {"using":"xpath","value":"//button[@data-kt=\"IssuingTableConfirmAllButton\"]"}
RESULT: {"using":"xpath","value":"//button[@data-kt=\"IssuingTableConfirmAllButton\"]"}
COMMAND: POST /session/21ce62c4ecbe6d238b640e15c86407e3/elements - {"using":"xpath","value":"//button[@data-kt=\"IssuingTableConfirmAllButton\"]"}
RESULT: {"using":"xpath","value":"//button[@data-kt=\"IssuingTableConfirmAllButton\"]"}
COMMAND: POST /session/21ce62c4ecbe6d238b640e15c86407e3/elements - {"using":"xpath","value":"//button[@data-kt=\"IssuingTableConfirmAllButton\"]"}
RESULT: {"using":"xpath","value":"//button[@data-kt=\"IssuingTableConfirmAllButton\"]"}
COMMAND: POST /session/21ce62c4ecbe6d238b640e15c86407e3/elements - {"using":"xpath","value":"//button[@data-kt=\"IssuingTableConfirmAllButton\"]"}
RESULT: {"using":"xpath","value":"//button[@data-kt=\"IssuingTableConfirmAllButton\"]"}
COMMAND: POST /session/21ce62c4ecbe6d238b640e15c86407e3/elements - {"using":"xpath","value":"//button[@data-kt=\"IssuingTableConfirmAllButton\"]"}
RESULT: {"using":"xpath","value":"//button[@data-kt=\"IssuingTableConfirmAllButton\"]"}
COMMAND: POST /session/21ce62c4ecbe6d238b640e15c86407e3/elements - {"using":"xpath","value":"//button[@data-kt=\"IssuingTableConfirmAllButton\"]"}
RESULT: {"using":"xpath","value":"//button[@data-kt=\"IssuingTableConfirmAllButton\"]"}
COMMAND: POST /session/21ce62c4ecbe6d238b640e15c86407e3/elements - {"using":"xpath","value":"//button[@data-kt=\"IssuingTableConfirmAllButton\"]"}
RESULT: {"using":"xpath","value":"//button[@data-kt=\"IssuingTableConfirmAllButton\"]"}
COMMAND: POST /session/21ce62c4ecbe6d238b640e15c86407e3/elements - {"using":"xpath","value":"//button[@data-kt=\"IssuingTableConfirmAllButton\"]"}
RESULT: {"using":"xpath","value":"//button[@data-kt=\"IssuingTableConfirmAllButton\"]"}
COMMAND: POST /session/21ce62c4ecbe6d238b640e15c86407e3/elements - {"using":"xpath","value":"//button[@data-kt=\"IssuingTableConfirmAllButton\"]"}
RESULT: {"using":"xpath","value":"//button[@data-kt=\"IssuingTableConfirmAllButton\"]"}
COMMAND: POST /session/21ce62c4ecbe6d238b640e15c86407e3/elements - {"using":"xpath","value":"//button[@data-kt=\"IssuingTableConfirmAllButton\"]"}
RESULT: {"using":"xpath","value":"//button[@data-kt=\"IssuingTableConfirmAllButton\"]"}
COMMAND: POST /session/21ce62c4ecbe6d238b640e15c86407e3/elements - {"using":"xpath","value":"//button[@data-kt=\"IssuingTableConfirmAllButton\"]"}
RESULT: {"using":"xpath","value":"//button[@data-kt=\"IssuingTableConfirmAllButton\"]"}
COMMAND: POST /session/21ce62c4ecbe6d238b640e15c86407e3/elements - {"using":"xpath","value":"//button[@data-kt=\"IssuingTableConfirmAllButton\"]"}
RESULT: {"using":"xpath","value":"//button[@data-kt=\"IssuingTableConfirmAllButton\"]"}
COMMAND: POST /session/21ce62c4ecbe6d238b640e15c86407e3/elements - {"using":"xpath","value":"//button[@data-kt=\"IssuingTableConfirmAllButton\"]"}
RESULT: {"using":"xpath","value":"//button[@data-kt=\"IssuingTableConfirmAllButton\"]"}
COMMAND: POST /session/21ce62c4ecbe6d238b640e15c86407e3/elements - {"using":"xpath","value":"//button[@data-kt=\"IssuingTableConfirmAllButton\"]"}
RESULT: {"using":"xpath","value":"//button[@data-kt=\"IssuingTableConfirmAllButton\"]"}
COMMAND: POST /session/21ce62c4ecbe6d238b640e15c86407e3/elements - {"using":"xpath","value":"//button[@data-kt=\"IssuingTableConfirmAllButton\"]"}
RESULT: {"using":"xpath","value":"//button[@data-kt=\"IssuingTableConfirmAllButton\"]"}
COMMAND: POST /session/21ce62c4ecbe6d238b640e15c86407e3/elements - {"using":"xpath","value":"//button[@data-kt=\"IssuingTableConfirmAllButton\"]"}
RESULT: {"using":"xpath","value":"//button[@data-kt=\"IssuingTableConfirmAllButton\"]"}
COMMAND: POST /session/21ce62c4ecbe6d238b640e15c86407e3/elements - {"using":"xpath","value":"//button[@data-kt=\"IssuingTableConfirmAllButton\"]"}
RESULT: {"using":"xpath","value":"//button[@data-kt=\"IssuingTableConfirmAllButton\"]"}
COMMAND: POST /session/21ce62c4ecbe6d238b640e15c86407e3/elements - {"using":"xpath","value":"//button[@data-kt=\"IssuingTableConfirmAllButton\"]"}
RESULT: {"using":"xpath","value":"//button[@data-kt=\"IssuingTableConfirmAllButton\"]"}
COMMAND: POST /session/21ce62c4ecbe6d238b640e15c86407e3/elements - {"using":"xpath","value":"//button[@data-kt=\"IssuingTableConfirmAllButton\"]"}
RESULT: {"using":"xpath","value":"//button[@data-kt=\"IssuingTableConfirmAllButton\"]"}
COMMAND: POST /session/21ce62c4ecbe6d238b640e15c86407e3/elements - {"using":"xpath","value":"//button[@data-kt=\"IssuingTableConfirmAllButton\"]"}
RESULT: {"using":"xpath","value":"//button[@data-kt=\"IssuingTableConfirmAllButton\"]"}
COMMAND: POST /session/21ce62c4ecbe6d238b640e15c86407e3/elements - {"using":"xpath","value":"//button[@data-kt=\"IssuingTableConfirmAllButton\"]"}
RESULT: {"using":"xpath","value":"//button[@data-kt=\"IssuingTableConfirmAllButton\"]"}
COMMAND: POST /session/21ce62c4ecbe6d238b640e15c86407e3/elements - {"using":"xpath","value":"//button[@data-kt=\"IssuingTableConfirmAllButton\"]"}
RESULT: {"using":"xpath","value":"//button[@data-kt=\"IssuingTableConfirmAllButton\"]"}
COMMAND: POST /session/21ce62c4ecbe6d238b640e15c86407e3/elements - {"using":"xpath","value":"//button[@data-kt=\"IssuingTableConfirmAllButton\"]"}
RESULT: {"using":"xpath","value":"//button[@data-kt=\"IssuingTableConfirmAllButton\"]"}
COMMAND: POST /session/21ce62c4ecbe6d238b640e15c86407e3/elements - {"using":"xpath","value":"//button[@data-kt=\"IssuingTableConfirmAllButton\"]"}
RESULT: {"using":"xpath","value":"//button[@data-kt=\"IssuingTableConfirmAllButton\"]"}
COMMAND: POST /session/21ce62c4ecbe6d238b640e15c86407e3/elements - {"using":"xpath","value":"//button[@data-kt=\"IssuingTableConfirmAllButton\"]"}
RESULT: {"using":"xpath","value":"//button[@data-kt=\"IssuingTableConfirmAllButton\"]"}
COMMAND: POST /session/21ce62c4ecbe6d238b640e15c86407e3/elements - {"using":"xpath","value":"//button[@data-kt=\"IssuingTableConfirmAllButton\"]"}
RESULT: {"using":"xpath","value":"//button[@data-kt=\"IssuingTableConfirmAllButton\"]"}
COMMAND: POST /session/21ce62c4ecbe6d238b640e15c86407e3/elements - {"using":"xpath","value":"//button[@data-kt=\"IssuingTableConfirmAllButton\"]"}
RESULT: {"using":"xpath","value":"//button[@data-kt=\"IssuingTableConfirmAllButton\"]"}
COMMAND: POST /session/21ce62c4ecbe6d238b640e15c86407e3/elements - {"using":"xpath","value":"//button[@data-kt=\"IssuingTableConfirmAllButton\"]"}
RESULT: {"using":"xpath","value":"//button[@data-kt=\"IssuingTableConfirmAllButton\"]"}
COMMAND: POST /session/21ce62c4ecbe6d238b640e15c86407e3/elements - {"using":"xpath","value":"//button[@data-kt=\"IssuingTableConfirmAllButton\"]"}
RESULT: {"using":"xpath","value":"//button[@data-kt=\"IssuingTableConfirmAllButton\"]"}
COMMAND: POST /session/21ce62c4ecbe6d238b640e15c86407e3/elements - {"using":"xpath","value":"//button[@data-kt=\"IssuingTableConfirmAllButton\"]"}
RESULT: {"using":"xpath","value":"//button[@data-kt=\"IssuingTableConfirmAllButton\"]"}
COMMAND: POST /session/21ce62c4ecbe6d238b640e15c86407e3/elements - {"using":"xpath","value":"//button[@data-kt=\"IssuingTableConfirmAllButton\"]"}
RESULT: {"using":"xpath","value":"//button[@data-kt=\"IssuingTableConfirmAllButton\"]"}
COMMAND: POST /session/21ce62c4ecbe6d238b640e15c86407e3/elements - {"using":"xpath","value":"//button[@data-kt=\"IssuingTableConfirmAllButton\"]"}
RESULT: {"using":"xpath","value":"//button[@data-kt=\"IssuingTableConfirmAllButton\"]"}
COMMAND: POST /session/21ce62c4ecbe6d238b640e15c86407e3/elements - {"using":"xpath","value":"//button[@data-kt=\"IssuingTableConfirmAllButton\"]"}
RESULT: {"using":"xpath","value":"//button[@data-kt=\"IssuingTableConfirmAllButton\"]"}
COMMAND: POST /session/21ce62c4ecbe6d238b640e15c86407e3/elements - {"using":"xpath","value":"//button[@data-kt=\"IssuingTableConfirmAllButton\"]"}
RESULT: {"using":"xpath","value":"//button[@data-kt=\"IssuingTableConfirmAllButton\"]"}
COMMAND: POST /session/21ce62c4ecbe6d238b640e15c86407e3/elements - {"using":"xpath","value":"//button[@data-kt=\"IssuingTableConfirmAllButton\"]"}
RESULT: {"using":"xpath","value":"//button[@data-kt=\"IssuingTableConfirmAllButton\"]"}
COMMAND: POST /session/21ce62c4ecbe6d238b640e15c86407e3/elements - {"using":"xpath","value":"//button[@data-kt=\"IssuingTableConfirmAllButton\"]"}
RESULT: {"using":"xpath","value":"//button[@data-kt=\"IssuingTableConfirmAllButton\"]"}
COMMAND: POST /session/21ce62c4ecbe6d238b640e15c86407e3/elements - {"using":"xpath","value":"//button[@data-kt=\"IssuingTableConfirmAllButton\"]"}
RESULT: {"using":"xpath","value":"//button[@data-kt=\"IssuingTableConfirmAllButton\"]"}
COMMAND: POST /session/21ce62c4ecbe6d238b640e15c86407e3/elements - {"using":"xpath","value":"//button[@data-kt=\"IssuingTableConfirmAllButton\"]"}
RESULT: {"using":"xpath","value":"//button[@data-kt=\"IssuingTableConfirmAllButton\"]"}
COMMAND: POST /session/21ce62c4ecbe6d238b640e15c86407e3/elements - {"using":"xpath","value":"//button[@data-kt=\"IssuingTableConfirmAllButton\"]"}
RESULT: {"using":"xpath","value":"//button[@data-kt=\"IssuingTableConfirmAllButton\"]"}
COMMAND: POST /session/21ce62c4ecbe6d238b640e15c86407e3/elements - {"using":"xpath","value":"//button[@data-kt=\"IssuingTableConfirmAllButton\"]"}
RESULT: {"using":"xpath","value":"//button[@data-kt=\"IssuingTableConfirmAllButton\"]"}
COMMAND: POST /session/21ce62c4ecbe6d238b640e15c86407e3/elements - {"using":"xpath","value":"//button[@data-kt=\"IssuingTableConfirmAllButton\"]"}
RESULT: {"using":"xpath","value":"//button[@data-kt=\"IssuingTableConfirmAllButton\"]"}
COMMAND: POST /session/21ce62c4ecbe6d238b640e15c86407e3/elements - {"using":"xpath","value":"//button[@data-kt=\"IssuingTableConfirmAllButton\"]"}
RESULT: {"using":"xpath","value":"//button[@data-kt=\"IssuingTableConfirmAllButton\"]"}
COMMAND: POST /session/21ce62c4ecbe6d238b640e15c86407e3/elements - {"using":"xpath","value":"//button[@data-kt=\"IssuingTableConfirmAllButton\"]"}
RESULT: {"using":"xpath","value":"//button[@data-kt=\"IssuingTableConfirmAllButton\"]"}
COMMAND: POST /session/21ce62c4ecbe6d238b640e15c86407e3/elements - {"using":"xpath","value":"//button[@data-kt=\"IssuingTableConfirmAllButton\"]"}
RESULT: {"using":"xpath","value":"//button[@data-kt=\"IssuingTableConfirmAllButton\"]"}
COMMAND: POST /session/21ce62c4ecbe6d238b640e15c86407e3/elements - {"using":"xpath","value":"//button[@data-kt=\"IssuingTableConfirmAllButton\"]"}
RESULT: {"using":"xpath","value":"//button[@data-kt=\"IssuingTableConfirmAllButton\"]"}
COMMAND: POST /session/21ce62c4ecbe6d238b640e15c86407e3/elements - {"using":"xpath","value":"//button[@data-kt=\"IssuingTableConfirmAllButton\"]"}
RESULT: {"using":"xpath","value":"//button[@data-kt=\"IssuingTableConfirmAllButton\"]"}
COMMAND: POST /session/21ce62c4ecbe6d238b640e15c86407e3/elements - {"using":"xpath","value":"//button[@data-kt=\"IssuingTableConfirmAllButton\"]"}
RESULT: {"using":"xpath","value":"//button[@data-kt=\"IssuingTableConfirmAllButton\"]"}
COMMAND: POST /session/21ce62c4ecbe6d238b640e15c86407e3/elements - {"using":"xpath","value":"//button[@data-kt=\"IssuingTableConfirmAllButton\"]"}
RESULT: {"using":"xpath","value":"//button[@data-kt=\"IssuingTableConfirmAllButton\"]"}
COMMAND: POST /session/21ce62c4ecbe6d238b640e15c86407e3/elements - {"using":"xpath","value":"//button[@data-kt=\"IssuingTableConfirmAllButton\"]"}
RESULT: {"using":"xpath","value":"//button[@data-kt=\"IssuingTableConfirmAllButton\"]"}
COMMAND: POST /session/21ce62c4ecbe6d238b640e15c86407e3/elements - {"using":"xpath","value":"//button[@data-kt=\"IssuingTableConfirmAllButton\"]"}
RESULT: {"using":"xpath","value":"//button[@data-kt=\"IssuingTableConfirmAllButton\"]"}
COMMAND: POST /session/21ce62c4ecbe6d238b640e15c86407e3/elements - {"using":"xpath","value":"//button[@data-kt=\"IssuingTableConfirmAllButton\"]"}
RESULT: {"using":"xpath","value":"//button[@data-kt=\"IssuingTableConfirmAllButton\"]"}
COMMAND: POST /session/21ce62c4ecbe6d238b640e15c86407e3/elements - {"using":"xpath","value":"//button[@data-kt=\"IssuingTableConfirmAllButton\"]"}
RESULT: {"using":"xpath","value":"//button[@data-kt=\"IssuingTableConfirmAllButton\"]"}
COMMAND: POST /session/21ce62c4ecbe6d238b640e15c86407e3/elements - {"using":"xpath","value":"//button[@data-kt=\"IssuingTableConfirmAllButton\"]"}
RESULT: {"using":"xpath","value":"//button[@data-kt=\"IssuingTableConfirmAllButton\"]"}
COMMAND: POST /session/21ce62c4ecbe6d238b640e15c86407e3/elements - {"using":"xpath","value":"//button[@data-kt=\"IssuingTableConfirmAllButton\"]"}
RESULT: {"using":"xpath","value":"//button[@data-kt=\"IssuingTableConfirmAllButton\"]"}
COMMAND: POST /session/21ce62c4ecbe6d238b640e15c86407e3/elements - {"using":"xpath","value":"//button[@data-kt=\"IssuingTableConfirmAllButton\"]"}
RESULT: {"using":"xpath","value":"//button[@data-kt=\"IssuingTableConfirmAllButton\"]"}
COMMAND: POST /session/21ce62c4ecbe6d238b640e15c86407e3/elements - {"using":"xpath","value":"//button[@data-kt=\"IssuingTableConfirmAllButton\"]"}
RESULT: {"using":"xpath","value":"//button[@data-kt=\"IssuingTableConfirmAllButton\"]"}
COMMAND: POST /session/21ce62c4ecbe6d238b640e15c86407e3/elements - {"using":"xpath","value":"//button[@data-kt=\"IssuingTableConfirmAllButton\"]"}
RESULT: {"using":"xpath","value":"//button[@data-kt=\"IssuingTableConfirmAllButton\"]"}
COMMAND: POST /session/21ce62c4ecbe6d238b640e15c86407e3/elements - {"using":"xpath","value":"//button[@data-kt=\"IssuingTableConfirmAllButton\"]"}
RESULT: {"using":"xpath","value":"//button[@data-kt=\"IssuingTableConfirmAllButton\"]"}
COMMAND: POST /session/21ce62c4ecbe6d238b640e15c86407e3/elements - {"using":"xpath","value":"//button[@data-kt=\"IssuingTableConfirmAllButton\"]"}
RESULT: {"using":"xpath","value":"//button[@data-kt=\"IssuingTableConfirmAllButton\"]"}
COMMAND: POST /session/21ce62c4ecbe6d238b640e15c86407e3/elements - {"using":"xpath","value":"//button[@data-kt=\"IssuingTableConfirmAllButton\"]"}
RESULT: {"using":"xpath","value":"//button[@data-kt=\"IssuingTableConfirmAllButton\"]"}
COMMAND: POST /session/21ce62c4ecbe6d238b640e15c86407e3/elements - {"using":"xpath","value":"//button[@data-kt=\"IssuingTableConfirmAllButton\"]"}
RESULT: {"using":"xpath","value":"//button[@data-kt=\"IssuingTableConfirmAllButton\"]"}
COMMAND: POST /session/21ce62c4ecbe6d238b640e15c86407e3/elements - {"using":"xpath","value":"//button[@data-kt=\"IssuingTableConfirmAllButton\"]"}
RESULT: {"using":"xpath","value":"//button[@data-kt=\"IssuingTableConfirmAllButton\"]"}
COMMAND: POST /session/21ce62c4ecbe6d238b640e15c86407e3/elements - {"using":"xpath","value":"//button[@data-kt=\"IssuingTableConfirmAllButton\"]"}
RESULT: {"using":"xpath","value":"//button[@data-kt=\"IssuingTableConfirmAllButton\"]"}
COMMAND: POST /session/21ce62c4ecbe6d238b640e15c86407e3/elements - {"using":"xpath","value":"//button[@data-kt=\"IssuingTableConfirmAllButton\"]"}
RESULT: {"using":"xpath","value":"//button[@data-kt=\"IssuingTableConfirmAllButton\"]"}
COMMAND: POST /session/21ce62c4ecbe6d238b640e15c86407e3/elements - {"using":"xpath","value":"//button[@data-kt=\"IssuingTableConfirmAllButton\"]"}
RESULT: {"using":"xpath","value":"//button[@data-kt=\"IssuingTableConfirmAllButton\"]"}
COMMAND: POST /session/21ce62c4ecbe6d238b640e15c86407e3/elements - {"using":"xpath","value":"//button[@data-kt=\"IssuingTableConfirmAllButton\"]"}
RESULT: {"using":"xpath","value":"//button[@data-kt=\"IssuingTableConfirmAllButton\"]"}
COMMAND: POST /session/21ce62c4ecbe6d238b640e15c86407e3/elements - {"using":"xpath","value":"//button[@data-kt=\"IssuingTableConfirmAllButton\"]"}
RESULT: {"using":"xpath","value":"//button[@data-kt=\"IssuingTableConfirmAllButton\"]"}
COMMAND: POST /session/21ce62c4ecbe6d238b640e15c86407e3/elements - {"using":"xpath","value":"//button[@data-kt=\"IssuingTableConfirmAllButton\"]"}
RESULT: {"using":"xpath","value":"//button[@data-kt=\"IssuingTableConfirmAllButton\"]"}
COMMAND: POST /session/21ce62c4ecbe6d238b640e15c86407e3/elements - {"using":"xpath","value":"//button[@data-kt=\"IssuingTableConfirmAllButton\"]"}
RESULT: {"using":"xpath","value":"//button[@data-kt=\"IssuingTableConfirmAllButton\"]"}
COMMAND: POST /session/21ce62c4ecbe6d238b640e15c86407e3/elements - {"using":"xpath","value":"//button[@data-kt=\"IssuingTableConfirmAllButton\"]"}
RESULT: {"using":"xpath","value":"//button[@data-kt=\"IssuingTableConfirmAllButton\"]"}
COMMAND: POST /session/21ce62c4ecbe6d238b640e15c86407e3/elements - {"using":"xpath","value":"//button[@data-kt=\"IssuingTableConfirmAllButton\"]"}
RESULT: {"using":"xpath","value":"//button[@data-kt=\"IssuingTableConfirmAllButton\"]"}
COMMAND: POST /session/21ce62c4ecbe6d238b640e15c86407e3/elements - {"using":"xpath","value":"//button[@data-kt=\"IssuingTableConfirmAllButton\"]"}
RESULT: {"using":"xpath","value":"//button[@data-kt=\"IssuingTableConfirmAllButton\"]"}
COMMAND: POST /session/21ce62c4ecbe6d238b640e15c86407e3/elements - {"using":"xpath","value":"//button[@data-kt=\"IssuingTableConfirmAllButton\"]"}
RESULT: {"using":"xpath","value":"//button[@data-kt=\"IssuingTableConfirmAllButton\"]"}
COMMAND: POST /session/21ce62c4ecbe6d238b640e15c86407e3/elements - {"using":"xpath","value":"//button[@data-kt=\"IssuingTableConfirmAllButton\"]"}
RESULT: {"using":"xpath","value":"//button[@data-kt=\"IssuingTableConfirmAllButton\"]"}
COMMAND: POST /session/21ce62c4ecbe6d238b640e15c86407e3/elements - {"using":"xpath","value":"//button[@data-kt=\"IssuingTableConfirmAllButton\"]"}
RESULT: {"using":"xpath","value":"//button[@data-kt=\"IssuingTableConfirmAllButton\"]"}
COMMAND: POST /session/21ce62c4ecbe6d238b640e15c86407e3/elements - {"using":"xpath","value":"//button[@data-kt=\"IssuingTableConfirmAllButton\"]"}
RESULT: {"using":"xpath","value":"//button[@data-kt=\"IssuingTableConfirmAllButton\"]"}
COMMAND: POST /session/21ce62c4ecbe6d238b640e15c86407e3/elements - {"using":"xpath","value":"//button[@data-kt=\"IssuingTableConfirmAllButton\"]"}
RESULT: {"using":"xpath","value":"//button[@data-kt=\"IssuingTableConfirmAllButton\"]"}
COMMAND: POST /session/21ce62c4ecbe6d238b640e15c86407e3/elements - {"using":"xpath","value":"//button[@data-kt=\"IssuingTableConfirmAllButton\"]"}
RESULT: {"using":"xpath","value":"//button[@data-kt=\"IssuingTableConfirmAllButton\"]"}
COMMAND: POST /session/21ce62c4ecbe6d238b640e15c86407e3/elements - {"using":"xpath","value":"//button[@data-kt=\"IssuingTableConfirmAllButton\"]"}
RESULT: {"using":"xpath","value":"//button[@data-kt=\"IssuingTableConfirmAllButton\"]"}
COMMAND: POST /session/21ce62c4ecbe6d238b640e15c86407e3/elements - {"using":"xpath","value":"//button[@data-kt=\"IssuingTableConfirmAllButton\"]"}
RESULT: {"using":"xpath","value":"//button[@data-kt=\"IssuingTableConfirmAllButton\"]"}
COMMAND: POST /session/21ce62c4ecbe6d238b640e15c86407e3/elements - {"using":"xpath","value":"//button[@data-kt=\"IssuingTableConfirmAllButton\"]"}
RESULT: {"using":"xpath","value":"//button[@data-kt=\"IssuingTableConfirmAllButton\"]"}
COMMAND: POST /session/21ce62c4ecbe6d238b640e15c86407e3/elements - {"using":"xpath","value":"//button[@data-kt=\"IssuingTableConfirmAllButton\"]"}
RESULT: {"using":"xpath","value":"//button[@data-kt=\"IssuingTableConfirmAllButton\"]"}
COMMAND: POST /session/21ce62c4ecbe6d238b640e15c86407e3/elements - {"using":"xpath","value":"//button[@data-kt=\"IssuingTableConfirmAllButton\"]"}
RESULT: {"using":"xpath","value":"//button[@data-kt=\"IssuingTableConfirmAllButton\"]"}
COMMAND: POST /session/21ce62c4ecbe6d238b640e15c86407e3/elements - {"using":"xpath","value":"//button[@data-kt=\"IssuingTableConfirmAllButton\"]"}
RESULT: {"using":"xpath","value":"//button[@data-kt=\"IssuingTableConfirmAllButton\"]"}
COMMAND: POST /session/21ce62c4ecbe6d238b640e15c86407e3/elements - {"using":"xpath","value":"//button[@data-kt=\"IssuingTableConfirmAllButton\"]"}
RESULT: {"using":"xpath","value":"//button[@data-kt=\"IssuingTableConfirmAllButton\"]"}
COMMAND: POST /session/21ce62c4ecbe6d238b640e15c86407e3/elements - {"using":"xpath","value":"//button[@data-kt=\"IssuingTableConfirmAllButton\"]"}
RESULT: {"using":"xpath","value":"//button[@data-kt=\"IssuingTableConfirmAllButton\"]"}
COMMAND: POST /session/21ce62c4ecbe6d238b640e15c86407e3/elements - {"using":"xpath","value":"//button[@data-kt=\"IssuingTableConfirmAllButton\"]"}
RESULT: {"using":"xpath","value":"//button[@data-kt=\"IssuingTableConfirmAllButton\"]"}
COMMAND: POST /session/21ce62c4ecbe6d238b640e15c86407e3/elements - {"using":"xpath","value":"//button[@data-kt=\"IssuingTableConfirmAllButton\"]"}
RESULT: {"using":"xpath","value":"//button[@data-kt=\"IssuingTableConfirmAllButton\"]"}
COMMAND: POST /session/21ce62c4ecbe6d238b640e15c86407e3/elements - {"using":"xpath","value":"//button[@data-kt=\"IssuingTableConfirmAllButton\"]"}
COMMAND: GET /session/21ce62c4ecbe6d238b640e15c86407e3/screenshot - {}
RESULT: {"using":"xpath","value":"//button[@data-kt=\"IssuingTableConfirmAllButton\"]"}
RESULT: {}
COMMAND: POST /session/21ce62c4ecbe6d238b640e15c86407e3/element - {"using":"css selector","value":"#j_username"}
COMMAND: POST /session/21ce62c4ecbe6d238b640e15c86407e3/url - {"url":"https://qa-testing-00-live-etm-ui.cfapps.eu10-004.hana.ondemand.com/"}
COMMAND: GET /session/21ce62c4ecbe6d238b640e15c86407e3/screenshot - {}
COMMAND: GET /session/21ce62c4ecbe6d238b640e15c86407e3/screenshot - {}
RESULT: {"url":"https://qa-testing-00-live-etm-ui.cfapps.eu10-004.hana.ondemand.com/"}
RESULT: undefined
COMMAND: GET /session/21ce62c4ecbe6d238b640e15c86407e3/screenshot - {}
RESULT: {"using":"css selector","value":"#j_username"}
COMMAND: POST /session/21ce62c4ecbe6d238b640e15c86407e3/element - {"using":"css selector","value":"#j_username"}
RESULT: {}
RESULT: {}
RESULT: {}
RESULT: {"using":"css selector","value":"#j_username"}
COMMAND: POST /session/21ce62c4ecbe6d238b640e15c86407e3/element - {"using":"css selector","value":"#shell-header-logo"}
RESULT: {"using":"css selector","value":"#shell-header-logo"}
COMMAND: POST /session/21ce62c4ecbe6d238b640e15c86407e3/execute/sync - {"script":"<script> [8489 bytes]","args":[{"element-6066-11e4-a52e-4f735466cecf":"f.93D217436D6DD50F1CAF1D433A497FC6.d.96A9C43C9E7A02AE0F367C5F46C264E7.e.13493","ELEMENT":"f.93D217436D6DD50F1CAF1D433A497FC6.d.96A9C43C9E7A02AE0F367C5F46C264E7.e.13493"}]}
RESULT: {"script":"<script> [8489 bytes]","args":[{"element-6066-11e4-a52e-4f735466cecf":"f.93D217436D6DD50F1CAF1D433A497FC6.d.96A9C43C9E7A02AE0F367C5F46C264E7.e.13493","ELEMENT":"f.93D217436D6DD50F1CAF1D433A497FC6.d.96A9C43C9E7A02AE0F367C5F46C264E7.e.13493"}]}
COMMAND: POST /session/21ce62c4ecbe6d238b640e15c86407e3/element - {"using":"css selector","value":"#shell-header-logo"}
COMMAND: GET /session/21ce62c4ecbe6d238b640e15c86407e3/screenshot - {}
RESULT: {"using":"css selector","value":"#shell-header-logo"}
COMMAND: POST /session/21ce62c4ecbe6d238b640e15c86407e3/execute/sync - {"script":"<script> [8489 bytes]","args":[{"element-6066-11e4-a52e-4f735466cecf":"f.93D217436D6DD50F1CAF1D433A497FC6.d.96A9C43C9E7A02AE0F367C5F46C264E7.e.13493","ELEMENT":"f.93D217436D6DD50F1CAF1D433A497FC6.d.96A9C43C9E7A02AE0F367C5F46C264E7.e.13493"}]}
RESULT: {}
RESULT: {"script":"<script> [8489 bytes]","args":[{"element-6066-11e4-a52e-4f735466cecf":"f.93D217436D6DD50F1CAF1D433A497FC6.d.96A9C43C9E7A02AE0F367C5F46C264E7.e.13493","ELEMENT":"f.93D217436D6DD50F1CAF1D433A497FC6.d.96A9C43C9E7A02AE0F367C5F46C264E7.e.13493"}]}
COMMAND: POST /session/21ce62c4ecbe6d238b640e15c86407e3/execute/sync - {"script":"<script> [5351 bytes]","args":[{"element-6066-11e4-a52e-4f735466cecf":"f.93D217436D6DD50F1CAF1D433A497FC6.d.96A9C43C9E7A02AE0F367C5F46C264E7.e.13493","ELEMENT":"f.93D217436D6DD50F1CAF1D433A497FC6.d.96A9C43C9E7A02AE0F367C5F46C264E7.e.13493"}]}
COMMAND: GET /session/21ce62c4ecbe6d238b640e15c86407e3/screenshot - {}
RESULT: {"script":"<script> [5351 bytes]","args":[{"element-6066-11e4-a52e-4f735466cecf":"f.93D217436D6DD50F1CAF1D433A497FC6.d.96A9C43C9E7A02AE0F367C5F46C264E7.e.13493","ELEMENT":"f.93D217436D6DD50F1CAF1D433A497FC6.d.96A9C43C9E7A02AE0F367C5F46C264E7.e.13493"}]}
COMMAND: POST /session/21ce62c4ecbe6d238b640e15c86407e3/element - {"using":"css selector","value":"#shell-header-logo"}
COMMAND: GET /session/21ce62c4ecbe6d238b640e15c86407e3/screenshot - {}
RESULT: {}
RESULT: {"using":"css selector","value":"#shell-header-logo"}
COMMAND: POST /session/21ce62c4ecbe6d238b640e15c86407e3/element/f.93D217436D6DD50F1CAF1D433A497FC6.d.96A9C43C9E7A02AE0F367C5F46C264E7.e.13493/click - {}
RESULT: {}
RESULT: {}
COMMAND: GET /session/21ce62c4ecbe6d238b640e15c86407e3/screenshot - {}
RESULT: {}
COMMAND: POST /session/21ce62c4ecbe6d238b640e15c86407e3/execute/async - {"script":"<script> [189 bytes]","args":[]}
RESULT: {"script":"<script> [189 bytes]","args":[]}
COMMAND: POST /session/21ce62c4ecbe6d238b640e15c86407e3/execute/async - {"script":"<script> [123 bytes]","args":[]}
RESULT: {"script":"<script> [123 bytes]","args":[]}
COMMAND: POST /session/21ce62c4ecbe6d238b640e15c86407e3/timeouts - {"script":"<number>"}
RESULT: {"script":"<number>"}
COMMAND: GET /session/21ce62c4ecbe6d238b640e15c86407e3/timeouts - {}
RESULT: {}
RESULT: undefined
COMMAND: POST /session/21ce62c4ecbe6d238b640e15c86407e3/execute/async - {"script":"<script> [2676 bytes]","args":[]}
RESULT: {"script":"<script> [2676 bytes]","args":[]}
COMMAND: POST /session/21ce62c4ecbe6d238b640e15c86407e3/execute/async - {"script":"<script> [2342 bytes]","args":[{"protocol":"http","hostname":"0.0.0.0","path":"/","capabilities":{"browserName":"chrome","goog:chromeOptions":{"binary":"C:\\Program Files\\Google\\Chrome\\Application\\chrome.exe","args":["--start-maximized"]}},"logLevel":"warn","connectionRetryTimeout":120000,"connectionRetryCount":3,"logLevels":{},"enableDirectConnect":true,"strictSSL":true,"_":"65 more keys: [\"cacheDir\",\"port\",\"requestedCapabilities\",\"automationProtocol\",\"baseUrl\",\"waitforInterval\",\"waitforTimeout\",\"onReload\",\"beforeCommand\",\"afterCommand\",\"rootDir\",\"specs\",\"suites\",\"exclude\",\"groupLogsByTestSpec\",\"excludeDriverLogs\",\"bail\",\"framework\",\"reporters\",\"services\",\"maxInstances\",\"maxInstancesPerCapability\",\"injectGlobals\",\"filesToWatch\",\"execArgv\",\"runnerEnv\",\"runner\",\"shard\",\"specFileRetries\",\"specFileRetriesDelay\",\"specFileRetriesDeferred\",\"reporterSyncInterval\",\"reporterSyncTimeout\",\"cucumberFeaturesWithLineNumbers\",\"autoCompileOpts\",\"mochaOpts\",\"jasmineOpts\",\"cucumberOpts\",\"onPrepare\",\"onWorkerStart\",\"onWorkerEnd\",\"before\",\"beforeSession\",\"beforeSuite\",\"beforeHook\",\"beforeTest\",\"afterTest\",\"afterHook\",\"afterSuite\",\"afterSession\",\"after\",\"onComplete\",\"beforeAssertion\",\"afterAssertion\",\"beforeFeature\",\"beforeScenario\",\"beforeStep\",\"afterStep\",\"afterScenario\",\"afterFeature\",\"_\",\"suite\",\"$0\",\"ignoredWorkerServices\",\"wdi5\"]"}]}
RESULT: {"script":"<script> [2342 bytes]","args":[{"protocol":"http","hostname":"0.0.0.0","path":"/","capabilities":{"browserName":"chrome","goog:chromeOptions":{"binary":"C:\\Program Files\\Google\\Chrome\\Application\\chrome.exe","args":["--start-maximized"]}},"logLevel":"warn","connectionRetryTimeout":120000,"connectionRetryCount":3,"logLevels":{},"enableDirectConnect":true,"strictSSL":true,"_":"65 more keys: [\"cacheDir\",\"port\",\"requestedCapabilities\",\"automationProtocol\",\"baseUrl\",\"waitforInterval\",\"waitforTimeout\",\"onReload\",\"beforeCommand\",\"afterCommand\",\"rootDir\",\"specs\",\"suites\",\"exclude\",\"groupLogsByTestSpec\",\"excludeDriverLogs\",\"bail\",\"framework\",\"reporters\",\"services\",\"maxInstances\",\"maxInstancesPerCapability\",\"injectGlobals\",\"filesToWatch\",\"execArgv\",\"runnerEnv\",\"runner\",\"shard\",\"specFileRetries\",\"specFileRetriesDelay\",\"specFileRetriesDeferred\",\"reporterSyncInterval\",\"reporterSyncTimeout\",\"cucumberFeaturesWithLineNumbers\",\"autoCompileOpts\",\"mochaOpts\",\"jasmineOpts\",\"cucumberOpts\",\"onPrepare\",\"onWorkerStart\",\"onWorkerEnd\",\"before\",\"beforeSession\",\"beforeSuite\",\"beforeHook\",\"beforeTest\",\"afterTest\",\"afterHook\",\"afterSuite\",\"afterSession\",\"after\",\"onComplete\",\"beforeAssertion\",\"afterAssertion\",\"beforeFeature\",\"beforeScenario\",\"beforeStep\",\"afterStep\",\"afterScenario\",\"afterFeature\",\"_\",\"suite\",\"$0\",\"ignoredWorkerServices\",\"wdi5\"]"}]}
COMMAND: POST /session/21ce62c4ecbe6d238b640e15c86407e3/execute/async - {"script":"<script> [21126 bytes]","args":[35000]}
RESULT: {"script":"<script> [21126 bytes]","args":[35000]}
COMMAND: POST /session/21ce62c4ecbe6d238b640e15c86407e3/window/maximize - {}
RESULT: {}
COMMAND: POST /session/21ce62c4ecbe6d238b640e15c86407e3/execute/async - {"script":"<script> [1562 bytes]","args":[{"selector":{"id":"shell-header","interaction":{"idSuffix":"icon"}},"wdio_ui5_key":"shellheader"}]}
COMMAND: GET /session/21ce62c4ecbe6d238b640e15c86407e3/screenshot - {}
RESULT: {"script":"<script> [1562 bytes]","args":[{"selector":{"id":"shell-header","interaction":{"idSuffix":"icon"}},"wdio_ui5_key":"shellheader"}]}
RESULT: undefined
COMMAND: POST /session/21ce62c4ecbe6d238b640e15c86407e3/window/fullscreen - {}
RESULT: {}
RESULT: {}
]]></system-out>
      <system-err><![CDATA[
Error: Can't call click on element with selector "//button[@data-kt="IssuingTableConfirmAllButton"]" because element wasn't found
    at async Context.<anonymous> (D:\a\1\s\test\specs\HTR\stock-decrease.spec.js:402:9)
]]></system-err>
    </testcase>
  </testsuite>
  <testsuite timestamp="2025-05-31T17:29:30" time="681.167" tests="7" failures="3" errors="3" skipped="0">
    <properties>
      <property name="specId" value="0"/>
      <property name="suiteName" value="Transfer Yard to Yard US131076"/>
      <property name="capabilities" value="chrome.136_0_7103_93.windows"/>
      <property name="file" value="file:///D:/a/1/s/test/specs/HTR/transfer-yard-to-yard.spec.js"/>
    </properties>
    <testcase classname="chrome.136_0_7103_93.windows.Transfer_Yard_to_Yard_US131076" name="Should create a new yard" time="0.055">
      <system-out><![CDATA[
COMMAND: POST /session/21ce62c4ecbe6d238b640e15c86407e3/window/fullscreen - {}
RESULT: {}
]]></system-out>
    </testcase>
    <testcase classname="chrome.136_0_7103_93.windows.Transfer_Yard_to_Yard_US131076" name="Should create a new 2nd yard" time="126.921">
      <system-out><![CDATA[
COMMAND: POST /session/21ce62c4ecbe6d238b640e15c86407e3/window/fullscreen - {}
RESULT: {}
COMMAND: POST /session/21ce62c4ecbe6d238b640e15c86407e3/execute/async - {"script":"<script> [1562 bytes]","args":[{"selector":{"controlType":"sap.m.GenericTile","properties":{"header":"Manage Yards"}},"wdio_ui5_key":"sapm.GenericTile{\"header\":\"Manage Yards\"}"}]}
RESULT: {"script":"<script> [1562 bytes]","args":[{"selector":{"controlType":"sap.m.GenericTile","properties":{"header":"Manage Yards"}},"wdio_ui5_key":"sapm.GenericTile{\"header\":\"Manage Yards\"}"}]}
RESULT: undefined
COMMAND: POST /session/21ce62c4ecbe6d238b640e15c86407e3/element - {"using":"xpath","value":"//*[@id=\"__tile33\"]"}
RESULT: {"using":"xpath","value":"//*[@id=\"__tile33\"]"}
COMMAND: POST /session/21ce62c4ecbe6d238b640e15c86407e3/element/f.93D217436D6DD50F1CAF1D433A497FC6.d.96A9C43C9E7A02AE0F367C5F46C264E7.e.13522/click - {}
RESULT: {}
COMMAND: GET /session/21ce62c4ecbe6d238b640e15c86407e3/screenshot - {}
RESULT: {}
COMMAND: POST /session/21ce62c4ecbe6d238b640e15c86407e3/elements - {"using":"xpath","value":"//span[text()='Error']"}
RESULT: {"using":"xpath","value":"//span[text()='Error']"}
COMMAND: POST /session/21ce62c4ecbe6d238b640e15c86407e3/element - {"using":"xpath","value":"//button[@data-kt=\"addNewYardOverflowToolbarButton\"]"}
RESULT: {"using":"xpath","value":"//button[@data-kt=\"addNewYardOverflowToolbarButton\"]"}
COMMAND: POST /session/21ce62c4ecbe6d238b640e15c86407e3/elements - {"using":"xpath","value":"//button[@data-kt=\"addNewYardOverflowToolbarButton\"]"}
RESULT: {"using":"xpath","value":"//button[@data-kt=\"addNewYardOverflowToolbarButton\"]"}
COMMAND: POST /session/21ce62c4ecbe6d238b640e15c86407e3/elements - {"using":"xpath","value":"//button[@data-kt=\"addNewYardOverflowToolbarButton\"]"}
RESULT: {"using":"xpath","value":"//button[@data-kt=\"addNewYardOverflowToolbarButton\"]"}
COMMAND: POST /session/21ce62c4ecbe6d238b640e15c86407e3/elements - {"using":"xpath","value":"//button[@data-kt=\"addNewYardOverflowToolbarButton\"]"}
RESULT: {"using":"xpath","value":"//button[@data-kt=\"addNewYardOverflowToolbarButton\"]"}
COMMAND: POST /session/21ce62c4ecbe6d238b640e15c86407e3/elements - {"using":"xpath","value":"//button[@data-kt=\"addNewYardOverflowToolbarButton\"]"}
RESULT: {"using":"xpath","value":"//button[@data-kt=\"addNewYardOverflowToolbarButton\"]"}
COMMAND: POST /session/21ce62c4ecbe6d238b640e15c86407e3/elements - {"using":"xpath","value":"//button[@data-kt=\"addNewYardOverflowToolbarButton\"]"}
RESULT: {"using":"xpath","value":"//button[@data-kt=\"addNewYardOverflowToolbarButton\"]"}
COMMAND: POST /session/21ce62c4ecbe6d238b640e15c86407e3/elements - {"using":"xpath","value":"//button[@data-kt=\"addNewYardOverflowToolbarButton\"]"}
RESULT: {"using":"xpath","value":"//button[@data-kt=\"addNewYardOverflowToolbarButton\"]"}
COMMAND: POST /session/21ce62c4ecbe6d238b640e15c86407e3/elements - {"using":"xpath","value":"//button[@data-kt=\"addNewYardOverflowToolbarButton\"]"}
RESULT: {"using":"xpath","value":"//button[@data-kt=\"addNewYardOverflowToolbarButton\"]"}
COMMAND: POST /session/21ce62c4ecbe6d238b640e15c86407e3/elements - {"using":"xpath","value":"//button[@data-kt=\"addNewYardOverflowToolbarButton\"]"}
RESULT: {"using":"xpath","value":"//button[@data-kt=\"addNewYardOverflowToolbarButton\"]"}
COMMAND: POST /session/21ce62c4ecbe6d238b640e15c86407e3/element - {"using":"xpath","value":"//button[@data-kt=\"addNewYardOverflowToolbarButton\"]"}
RESULT: {"using":"xpath","value":"//button[@data-kt=\"addNewYardOverflowToolbarButton\"]"}
COMMAND: POST /session/21ce62c4ecbe6d238b640e15c86407e3/execute/sync - {"script":"<script> [8489 bytes]","args":[{"element-6066-11e4-a52e-4f735466cecf":"f.93D217436D6DD50F1CAF1D433A497FC6.d.96A9C43C9E7A02AE0F367C5F46C264E7.e.13646","ELEMENT":"f.93D217436D6DD50F1CAF1D433A497FC6.d.96A9C43C9E7A02AE0F367C5F46C264E7.e.13646"}]}
RESULT: {"script":"<script> [8489 bytes]","args":[{"element-6066-11e4-a52e-4f735466cecf":"f.93D217436D6DD50F1CAF1D433A497FC6.d.96A9C43C9E7A02AE0F367C5F46C264E7.e.13646","ELEMENT":"f.93D217436D6DD50F1CAF1D433A497FC6.d.96A9C43C9E7A02AE0F367C5F46C264E7.e.13646"}]}
COMMAND: GET /session/21ce62c4ecbe6d238b640e15c86407e3/element/f.93D217436D6DD50F1CAF1D433A497FC6.d.96A9C43C9E7A02AE0F367C5F46C264E7.e.13646/enabled - {}
COMMAND: GET /session/21ce62c4ecbe6d238b640e15c86407e3/screenshot - {}
RESULT: {}
COMMAND: POST /session/21ce62c4ecbe6d238b640e15c86407e3/execute/sync - {"script":"<script> [8489 bytes]","args":[{"element-6066-11e4-a52e-4f735466cecf":"f.93D217436D6DD50F1CAF1D433A497FC6.d.96A9C43C9E7A02AE0F367C5F46C264E7.e.13646","ELEMENT":"f.93D217436D6DD50F1CAF1D433A497FC6.d.96A9C43C9E7A02AE0F367C5F46C264E7.e.13646"}]}
COMMAND: GET /session/21ce62c4ecbe6d238b640e15c86407e3/screenshot - {}
RESULT: {}
RESULT: {"script":"<script> [8489 bytes]","args":[{"element-6066-11e4-a52e-4f735466cecf":"f.93D217436D6DD50F1CAF1D433A497FC6.d.96A9C43C9E7A02AE0F367C5F46C264E7.e.13646","ELEMENT":"f.93D217436D6DD50F1CAF1D433A497FC6.d.96A9C43C9E7A02AE0F367C5F46C264E7.e.13646"}]}
COMMAND: POST /session/21ce62c4ecbe6d238b640e15c86407e3/execute/sync - {"script":"<script> [5351 bytes]","args":[{"element-6066-11e4-a52e-4f735466cecf":"f.93D217436D6DD50F1CAF1D433A497FC6.d.96A9C43C9E7A02AE0F367C5F46C264E7.e.13646","ELEMENT":"f.93D217436D6DD50F1CAF1D433A497FC6.d.96A9C43C9E7A02AE0F367C5F46C264E7.e.13646"}]}
COMMAND: GET /session/21ce62c4ecbe6d238b640e15c86407e3/screenshot - {}
RESULT: {}
RESULT: {"script":"<script> [5351 bytes]","args":[{"element-6066-11e4-a52e-4f735466cecf":"f.93D217436D6DD50F1CAF1D433A497FC6.d.96A9C43C9E7A02AE0F367C5F46C264E7.e.13646","ELEMENT":"f.93D217436D6DD50F1CAF1D433A497FC6.d.96A9C43C9E7A02AE0F367C5F46C264E7.e.13646"}]}
COMMAND: POST /session/21ce62c4ecbe6d238b640e15c86407e3/element/f.93D217436D6DD50F1CAF1D433A497FC6.d.96A9C43C9E7A02AE0F367C5F46C264E7.e.13646/click - {}
COMMAND: GET /session/21ce62c4ecbe6d238b640e15c86407e3/screenshot - {}
RESULT: {}
RESULT: {}
COMMAND: GET /session/21ce62c4ecbe6d238b640e15c86407e3/screenshot - {}
RESULT: {}
RESULT: {}
COMMAND: POST /session/21ce62c4ecbe6d238b640e15c86407e3/element - {"using":"xpath","value":"//input[@id=\"application-manageyards-display-component---NewYard--yardId-inner\"]"}
RESULT: {"using":"xpath","value":"//input[@id=\"application-manageyards-display-component---NewYard--yardId-inner\"]"}
COMMAND: POST /session/21ce62c4ecbe6d238b640e15c86407e3/element - {"using":"xpath","value":"//input[@id=\"application-manageyards-display-component---NewYard--yardId-inner\"]"}
RESULT: {"using":"xpath","value":"//input[@id=\"application-manageyards-display-component---NewYard--yardId-inner\"]"}
COMMAND: POST /session/21ce62c4ecbe6d238b640e15c86407e3/execute/async - {"script":"<script> [1562 bytes]","args":[{"selector":{"id":"application-manageyards-display-component---NewYard--addressDetailDetailsName1","interaction":{"idSuffix":"inner"}},"wdio_ui5_key":"applicationmanageyards-display-component---NewYard--addressDetailDetailsName1"}]}
RESULT: {"script":"<script> [1562 bytes]","args":[{"selector":{"id":"application-manageyards-display-component---NewYard--addressDetailDetailsName1","interaction":{"idSuffix":"inner"}},"wdio_ui5_key":"applicationmanageyards-display-component---NewYard--addressDetailDetailsName1"}]}
RESULT: undefined
COMMAND: POST /session/21ce62c4ecbe6d238b640e15c86407e3/execute/async - {"script":"<script> [776 bytes]","args":[{"enterText":"Intracompany Yard wdIO","selector":{"id":"application-manageyards-display-component---NewYard--addressDetailDetailsName1","interaction":{"idSuffix":"inner"}},"clearTextFirst":true,"interactionType":"ENTER_TEXT"}]}
RESULT: {"script":"<script> [776 bytes]","args":[{"enterText":"Intracompany Yard wdIO","selector":{"id":"application-manageyards-display-component---NewYard--addressDetailDetailsName1","interaction":{"idSuffix":"inner"}},"clearTextFirst":true,"interactionType":"ENTER_TEXT"}]}
COMMAND: POST /session/21ce62c4ecbe6d238b640e15c86407e3/execute/async - {"script":"<script> [1562 bytes]","args":[{"selector":{"id":"application-manageyards-display-component---NewYard--addressDetailDetailsLanguage-arrow"},"wdio_ui5_key":"applicationmanageyards-display-component---NewYard--addressDetailDetailsLanguage-arrow"}]}
RESULT: {"script":"<script> [1562 bytes]","args":[{"selector":{"id":"application-manageyards-display-component---NewYard--addressDetailDetailsLanguage-arrow"},"wdio_ui5_key":"applicationmanageyards-display-component---NewYard--addressDetailDetailsLanguage-arrow"}]}
RESULT: undefined
COMMAND: POST /session/21ce62c4ecbe6d238b640e15c86407e3/element - {"using":"xpath","value":"//*[@id=\"application-manageyards-display-component---NewYard--addressDetailDetailsLanguage-arrow\"]"}
RESULT: {"using":"xpath","value":"//*[@id=\"application-manageyards-display-component---NewYard--addressDetailDetailsLanguage-arrow\"]"}
COMMAND: POST /session/21ce62c4ecbe6d238b640e15c86407e3/element/f.93D217436D6DD50F1CAF1D433A497FC6.d.96A9C43C9E7A02AE0F367C5F46C264E7.e.14078/click - {}
RESULT: {}
COMMAND: POST /session/21ce62c4ecbe6d238b640e15c86407e3/element - {"using":"xpath","value":"//span[contains(text(), \"English\")]"}
COMMAND: GET /session/21ce62c4ecbe6d238b640e15c86407e3/screenshot - {}
RESULT: {"using":"xpath","value":"//span[contains(text(), \"English\")]"}
COMMAND: POST /session/21ce62c4ecbe6d238b640e15c86407e3/element/f.93D217436D6DD50F1CAF1D433A497FC6.d.96A9C43C9E7A02AE0F367C5F46C264E7.e.14079/click - {}
RESULT: {}
RESULT: {}
COMMAND: POST /session/21ce62c4ecbe6d238b640e15c86407e3/execute/async - {"script":"<script> [1562 bytes]","args":[{"selector":{"id":"application-manageyards-display-component---NewYard--addressDetailDetailsCity1","interaction":{"idSuffix":"inner"}},"wdio_ui5_key":"applicationmanageyards-display-component---NewYard--addressDetailDetailsCity1"}]}
COMMAND: GET /session/21ce62c4ecbe6d238b640e15c86407e3/screenshot - {}
RESULT: {"script":"<script> [1562 bytes]","args":[{"selector":{"id":"application-manageyards-display-component---NewYard--addressDetailDetailsCity1","interaction":{"idSuffix":"inner"}},"wdio_ui5_key":"applicationmanageyards-display-component---NewYard--addressDetailDetailsCity1"}]}
RESULT: undefined
COMMAND: POST /session/21ce62c4ecbe6d238b640e15c86407e3/execute/async - {"script":"<script> [776 bytes]","args":[{"enterText":"Rosario","selector":{"id":"application-manageyards-display-component---NewYard--addressDetailDetailsCity1","interaction":{"idSuffix":"inner"}},"clearTextFirst":true,"interactionType":"ENTER_TEXT"}]}
RESULT: {}
RESULT: {"script":"<script> [776 bytes]","args":[{"enterText":"Rosario","selector":{"id":"application-manageyards-display-component---NewYard--addressDetailDetailsCity1","interaction":{"idSuffix":"inner"}},"clearTextFirst":true,"interactionType":"ENTER_TEXT"}]}
COMMAND: POST /session/21ce62c4ecbe6d238b640e15c86407e3/execute/async - {"script":"<script> [1562 bytes]","args":[{"selector":{"id":"application-manageyards-display-component---NewYard--addressDetailDetailsCountry-arrow"},"wdio_ui5_key":"applicationmanageyards-display-component---NewYard--addressDetailDetailsCountry-arrow"}]}
RESULT: {"script":"<script> [1562 bytes]","args":[{"selector":{"id":"application-manageyards-display-component---NewYard--addressDetailDetailsCountry-arrow"},"wdio_ui5_key":"applicationmanageyards-display-component---NewYard--addressDetailDetailsCountry-arrow"}]}
RESULT: undefined
COMMAND: POST /session/21ce62c4ecbe6d238b640e15c86407e3/element - {"using":"xpath","value":"//*[@id=\"application-manageyards-display-component---NewYard--addressDetailDetailsCountry-arrow\"]"}
RESULT: {"using":"xpath","value":"//*[@id=\"application-manageyards-display-component---NewYard--addressDetailDetailsCountry-arrow\"]"}
COMMAND: POST /session/21ce62c4ecbe6d238b640e15c86407e3/element/f.93D217436D6DD50F1CAF1D433A497FC6.d.96A9C43C9E7A02AE0F367C5F46C264E7.e.14081/click - {}
RESULT: {}
COMMAND: POST /session/21ce62c4ecbe6d238b640e15c86407e3/element - {"using":"xpath","value":"//span[contains(text(), \"Argentina\")]"}
COMMAND: GET /session/21ce62c4ecbe6d238b640e15c86407e3/screenshot - {}
RESULT: {"using":"xpath","value":"//span[contains(text(), \"Argentina\")]"}
COMMAND: POST /session/21ce62c4ecbe6d238b640e15c86407e3/element/f.93D217436D6DD50F1CAF1D433A497FC6.d.96A9C43C9E7A02AE0F367C5F46C264E7.e.14083/click - {}
RESULT: {}
RESULT: {}
COMMAND: POST /session/21ce62c4ecbe6d238b640e15c86407e3/execute/async - {"script":"<script> [1562 bytes]","args":[{"selector":{"id":"application-manageyards-display-component---NewYard--addressEditDetailsCostObjectCstType-arrow"},"wdio_ui5_key":"applicationmanageyards-display-component---NewYard--addressEditDetailsCostObjectCstType-arrow"}]}
COMMAND: GET /session/21ce62c4ecbe6d238b640e15c86407e3/screenshot - {}
RESULT: {"script":"<script> [1562 bytes]","args":[{"selector":{"id":"application-manageyards-display-component---NewYard--addressEditDetailsCostObjectCstType-arrow"},"wdio_ui5_key":"applicationmanageyards-display-component---NewYard--addressEditDetailsCostObjectCstType-arrow"}]}
RESULT: undefined
COMMAND: POST /session/21ce62c4ecbe6d238b640e15c86407e3/element - {"using":"xpath","value":"//*[@id=\"application-manageyards-display-component---NewYard--addressEditDetailsCostObjectCstType-arrow\"]"}
RESULT: {}
RESULT: {"using":"xpath","value":"//*[@id=\"application-manageyards-display-component---NewYard--addressEditDetailsCostObjectCstType-arrow\"]"}
COMMAND: POST /session/21ce62c4ecbe6d238b640e15c86407e3/element/f.93D217436D6DD50F1CAF1D433A497FC6.d.96A9C43C9E7A02AE0F367C5F46C264E7.e.14084/click - {}
RESULT: {}
COMMAND: POST /session/21ce62c4ecbe6d238b640e15c86407e3/element - {"using":"xpath","value":"//span[contains(text(), \"Cost Center\")]"}
COMMAND: GET /session/21ce62c4ecbe6d238b640e15c86407e3/screenshot - {}
RESULT: {"using":"xpath","value":"//span[contains(text(), \"Cost Center\")]"}
COMMAND: POST /session/21ce62c4ecbe6d238b640e15c86407e3/element/f.93D217436D6DD50F1CAF1D433A497FC6.d.96A9C43C9E7A02AE0F367C5F46C264E7.e.14085/click - {}
RESULT: {}
RESULT: {}
COMMAND: GET /session/21ce62c4ecbe6d238b640e15c86407e3/screenshot - {}
RESULT: {}
COMMAND: POST /session/21ce62c4ecbe6d238b640e15c86407e3/element - {"using":"xpath","value":"//span[@id=\"application-manageyards-display-component---NewYard--addressNewCostObjectCstID-vhi\"]"}
RESULT: {"using":"xpath","value":"//span[@id=\"application-manageyards-display-component---NewYard--addressNewCostObjectCstID-vhi\"]"}
COMMAND: POST /session/21ce62c4ecbe6d238b640e15c86407e3/execute/sync - {"script":"<script> [8489 bytes]","args":[{"element-6066-11e4-a52e-4f735466cecf":"f.93D217436D6DD50F1CAF1D433A497FC6.d.96A9C43C9E7A02AE0F367C5F46C264E7.e.14089","ELEMENT":"f.93D217436D6DD50F1CAF1D433A497FC6.d.96A9C43C9E7A02AE0F367C5F46C264E7.e.14089"}]}
RESULT: {"script":"<script> [8489 bytes]","args":[{"element-6066-11e4-a52e-4f735466cecf":"f.93D217436D6DD50F1CAF1D433A497FC6.d.96A9C43C9E7A02AE0F367C5F46C264E7.e.14089","ELEMENT":"f.93D217436D6DD50F1CAF1D433A497FC6.d.96A9C43C9E7A02AE0F367C5F46C264E7.e.14089"}]}
COMMAND: POST /session/21ce62c4ecbe6d238b640e15c86407e3/execute/async - {"script":"<script> [1562 bytes]","args":[{"selector":{"id":"application-manageyards-display-component---NewYard--addressNewCostObjectCstID-vhi"},"wdio_ui5_key":"applicationmanageyards-display-component---NewYard--addressNewCostObjectCstID-vhi"}]}
COMMAND: GET /session/21ce62c4ecbe6d238b640e15c86407e3/screenshot - {}
RESULT: {"script":"<script> [1562 bytes]","args":[{"selector":{"id":"application-manageyards-display-component---NewYard--addressNewCostObjectCstID-vhi"},"wdio_ui5_key":"applicationmanageyards-display-component---NewYard--addressNewCostObjectCstID-vhi"}]}
RESULT: undefined
COMMAND: POST /session/21ce62c4ecbe6d238b640e15c86407e3/element - {"using":"xpath","value":"//*[@id=\"application-manageyards-display-component---NewYard--addressNewCostObjectCstID-vhi\"]"}
RESULT: {}
RESULT: {"using":"xpath","value":"//*[@id=\"application-manageyards-display-component---NewYard--addressNewCostObjectCstID-vhi\"]"}
COMMAND: POST /session/21ce62c4ecbe6d238b640e15c86407e3/element/f.93D217436D6DD50F1CAF1D433A497FC6.d.96A9C43C9E7A02AE0F367C5F46C264E7.e.14089/click - {}
RESULT: {}
COMMAND: GET /session/21ce62c4ecbe6d238b640e15c86407e3/screenshot - {}
RESULT: {}
COMMAND: POST /session/21ce62c4ecbe6d238b640e15c86407e3/execute/async - {"script":"<script> [1562 bytes]","args":[{"selector":{"controlType":"sap.m.SearchField","properties":{"placeholder":"Search"},"searchOpenDialogs":true,"interaction":{"idSuffix":"I"}},"wdio_ui5_key":"sapm.SearchField{\"placeholder\":\"Search\"}"}]}
RESULT: {"script":"<script> [1562 bytes]","args":[{"selector":{"controlType":"sap.m.SearchField","properties":{"placeholder":"Search"},"searchOpenDialogs":true,"interaction":{"idSuffix":"I"}},"wdio_ui5_key":"sapm.SearchField{\"placeholder\":\"Search\"}"}]}
RESULT: undefined
COMMAND: POST /session/21ce62c4ecbe6d238b640e15c86407e3/execute/async - {"script":"<script> [776 bytes]","args":[{"enterText":"bauh_b","selector":{"controlType":"sap.m.SearchField","properties":{"placeholder":"Search"},"searchOpenDialogs":true,"interaction":{"idSuffix":"I"}},"clearTextFirst":true,"interactionType":"ENTER_TEXT"}]}
RESULT: {"script":"<script> [776 bytes]","args":[{"enterText":"bauh_b","selector":{"controlType":"sap.m.SearchField","properties":{"placeholder":"Search"},"searchOpenDialogs":true,"interaction":{"idSuffix":"I"}},"clearTextFirst":true,"interactionType":"ENTER_TEXT"}]}
COMMAND: POST /session/21ce62c4ecbe6d238b640e15c86407e3/actions - {"actions":[{"id":"action50","type":"key","parameters":{},"actions":[{"type":"keyDown","value":""},{"type":"pause","duration":10},{"type":"keyUp","value":""}]}]}
RESULT: {"actions":[{"id":"action50","type":"key","parameters":{},"actions":[{"type":"keyDown","value":""},{"type":"pause","duration":10},{"type":"keyUp","value":""}]}]}
COMMAND: GET /session/21ce62c4ecbe6d238b640e15c86407e3/screenshot - {}
RESULT: {}
COMMAND: POST /session/21ce62c4ecbe6d238b640e15c86407e3/element - {"using":"xpath","value":"//span[contains(text(), \"Demo Yard\")]"}
RESULT: {"using":"xpath","value":"//span[contains(text(), \"Demo Yard\")]"}
COMMAND: POST /session/21ce62c4ecbe6d238b640e15c86407e3/element/f.93D217436D6DD50F1CAF1D433A497FC6.d.96A9C43C9E7A02AE0F367C5F46C264E7.e.14130/click - {}
RESULT: {}
COMMAND: GET /session/21ce62c4ecbe6d238b640e15c86407e3/screenshot - {}
RESULT: {}
COMMAND: POST /session/21ce62c4ecbe6d238b640e15c86407e3/element - {"using":"xpath","value":"//bdi[contains(text(), \"OK\")]"}
RESULT: {"using":"xpath","value":"//bdi[contains(text(), \"OK\")]"}
COMMAND: POST /session/21ce62c4ecbe6d238b640e15c86407e3/element/f.93D217436D6DD50F1CAF1D433A497FC6.d.96A9C43C9E7A02AE0F367C5F46C264E7.e.14131/click - {}
RESULT: {}
COMMAND: GET /session/21ce62c4ecbe6d238b640e15c86407e3/screenshot - {}
RESULT: {}
COMMAND: POST /session/21ce62c4ecbe6d238b640e15c86407e3/execute/async - {"script":"<script> [1562 bytes]","args":[{"selector":{"id":"application-manageyards-display-component---NewYard--addressEditDetailsCurrency-arrow"},"wdio_ui5_key":"applicationmanageyards-display-component---NewYard--addressEditDetailsCurrency-arrow"}]}
RESULT: {"script":"<script> [1562 bytes]","args":[{"selector":{"id":"application-manageyards-display-component---NewYard--addressEditDetailsCurrency-arrow"},"wdio_ui5_key":"applicationmanageyards-display-component---NewYard--addressEditDetailsCurrency-arrow"}]}
RESULT: undefined
COMMAND: POST /session/21ce62c4ecbe6d238b640e15c86407e3/element - {"using":"xpath","value":"//*[@id=\"application-manageyards-display-component---NewYard--addressEditDetailsCurrency-arrow\"]"}
RESULT: {"using":"xpath","value":"//*[@id=\"application-manageyards-display-component---NewYard--addressEditDetailsCurrency-arrow\"]"}
COMMAND: POST /session/21ce62c4ecbe6d238b640e15c86407e3/element/f.93D217436D6DD50F1CAF1D433A497FC6.d.96A9C43C9E7A02AE0F367C5F46C264E7.e.14134/click - {}
RESULT: {}
COMMAND: POST /session/21ce62c4ecbe6d238b640e15c86407e3/element - {"using":"xpath","value":"//span[contains(text(), \"Euro\")]"}
COMMAND: GET /session/21ce62c4ecbe6d238b640e15c86407e3/screenshot - {}
RESULT: {"using":"xpath","value":"//span[contains(text(), \"Euro\")]"}
COMMAND: POST /session/21ce62c4ecbe6d238b640e15c86407e3/element/f.93D217436D6DD50F1CAF1D433A497FC6.d.96A9C43C9E7A02AE0F367C5F46C264E7.e.14135/click - {}
RESULT: {}
RESULT: {}
COMMAND: POST /session/21ce62c4ecbe6d238b640e15c86407e3/execute/async - {"script":"<script> [1562 bytes]","args":[{"selector":{"controlType":"sap.m.Input","viewName":"etm.portal.ui.manageyards.view.New","viewId":"application-manageyards-display-component---NewYard","bindingPath":{"path":"","propertyPath":"/CONTROLLING_AREA","modelName":"NewYardModel"},"interaction":{"idSuffix":"inner"}},"wdio_ui5_key":"etmportal.ui.manageyards.view.Newsap.m.Input{\"path\":\"\",\"propertyPath\":\"/CONTROLLING_AREA\",\"modelName\":\"NewYardModel\"}"}]}
COMMAND: GET /session/21ce62c4ecbe6d238b640e15c86407e3/screenshot - {}
RESULT: {"script":"<script> [1562 bytes]","args":[{"selector":{"controlType":"sap.m.Input","viewName":"etm.portal.ui.manageyards.view.New","viewId":"application-manageyards-display-component---NewYard","bindingPath":{"path":"","propertyPath":"/CONTROLLING_AREA","modelName":"NewYardModel"},"interaction":{"idSuffix":"inner"}},"wdio_ui5_key":"etmportal.ui.manageyards.view.Newsap.m.Input{\"path\":\"\",\"propertyPath\":\"/CONTROLLING_AREA\",\"modelName\":\"NewYardModel\"}"}]}
RESULT: undefined
COMMAND: POST /session/21ce62c4ecbe6d238b640e15c86407e3/execute/async - {"script":"<script> [776 bytes]","args":[{"enterText":"Z001","selector":{"controlType":"sap.m.Input","viewName":"etm.portal.ui.manageyards.view.New","viewId":"application-manageyards-display-component---NewYard","bindingPath":{"path":"","propertyPath":"/CONTROLLING_AREA","modelName":"NewYardModel"},"interaction":{"idSuffix":"inner"}},"clearTextFirst":true,"interactionType":"ENTER_TEXT"}]}
RESULT: {}
RESULT: {"script":"<script> [776 bytes]","args":[{"enterText":"Z001","selector":{"controlType":"sap.m.Input","viewName":"etm.portal.ui.manageyards.view.New","viewId":"application-manageyards-display-component---NewYard","bindingPath":{"path":"","propertyPath":"/CONTROLLING_AREA","modelName":"NewYardModel"},"interaction":{"idSuffix":"inner"}},"clearTextFirst":true,"interactionType":"ENTER_TEXT"}]}
COMMAND: POST /session/21ce62c4ecbe6d238b640e15c86407e3/execute/async - {"script":"<script> [1562 bytes]","args":[{"selector":{"id":"application-manageyards-display-component---NewYard--companyCodeComboBox","interaction":{"idSuffix":"inner"}},"wdio_ui5_key":"applicationmanageyards-display-component---NewYard--companyCodeComboBox"}]}
RESULT: {"script":"<script> [1562 bytes]","args":[{"selector":{"id":"application-manageyards-display-component---NewYard--companyCodeComboBox","interaction":{"idSuffix":"inner"}},"wdio_ui5_key":"applicationmanageyards-display-component---NewYard--companyCodeComboBox"}]}
RESULT: undefined
COMMAND: POST /session/21ce62c4ecbe6d238b640e15c86407e3/execute/async - {"script":"<script> [776 bytes]","args":[{"enterText":"1000","selector":{"id":"application-manageyards-display-component---NewYard--companyCodeComboBox","interaction":{"idSuffix":"inner"}},"clearTextFirst":true,"interactionType":"ENTER_TEXT"}]}
RESULT: {"script":"<script> [776 bytes]","args":[{"enterText":"1000","selector":{"id":"application-manageyards-display-component---NewYard--companyCodeComboBox","interaction":{"idSuffix":"inner"}},"clearTextFirst":true,"interactionType":"ENTER_TEXT"}]}
COMMAND: POST /session/21ce62c4ecbe6d238b640e15c86407e3/execute/async - {"script":"<script> [1562 bytes]","args":[{"selector":{"controlType":"sap.m.Input","viewName":"etm.portal.ui.manageyards.view.New","viewId":"application-manageyards-display-component---NewYard","bindingPath":{"path":"","propertyPath":"/PLANT","modelName":"NewYardModel"},"interaction":{"idSuffix":"inner"}},"wdio_ui5_key":"etmportal.ui.manageyards.view.Newsap.m.Input{\"path\":\"\",\"propertyPath\":\"/PLANT\",\"modelName\":\"NewYardModel\"}"}]}
RESULT: {"script":"<script> [1562 bytes]","args":[{"selector":{"controlType":"sap.m.Input","viewName":"etm.portal.ui.manageyards.view.New","viewId":"application-manageyards-display-component---NewYard","bindingPath":{"path":"","propertyPath":"/PLANT","modelName":"NewYardModel"},"interaction":{"idSuffix":"inner"}},"wdio_ui5_key":"etmportal.ui.manageyards.view.Newsap.m.Input{\"path\":\"\",\"propertyPath\":\"/PLANT\",\"modelName\":\"NewYardModel\"}"}]}
RESULT: undefined
COMMAND: POST /session/21ce62c4ecbe6d238b640e15c86407e3/execute/async - {"script":"<script> [776 bytes]","args":[{"enterText":"1001","selector":{"controlType":"sap.m.Input","viewName":"etm.portal.ui.manageyards.view.New","viewId":"application-manageyards-display-component---NewYard","bindingPath":{"path":"","propertyPath":"/PLANT","modelName":"NewYardModel"},"interaction":{"idSuffix":"inner"}},"clearTextFirst":true,"interactionType":"ENTER_TEXT"}]}
RESULT: {"script":"<script> [776 bytes]","args":[{"enterText":"1001","selector":{"controlType":"sap.m.Input","viewName":"etm.portal.ui.manageyards.view.New","viewId":"application-manageyards-display-component---NewYard","bindingPath":{"path":"","propertyPath":"/PLANT","modelName":"NewYardModel"},"interaction":{"idSuffix":"inner"}},"clearTextFirst":true,"interactionType":"ENTER_TEXT"}]}
COMMAND: POST /session/21ce62c4ecbe6d238b640e15c86407e3/execute/async - {"script":"<script> [1562 bytes]","args":[{"selector":{"controlType":"sap.m.Input","viewName":"etm.portal.ui.manageyards.view.New","viewId":"application-manageyards-display-component---NewYard","bindingPath":{"path":"","propertyPath":"/SALES_AREA_VKORG","modelName":"NewYardModel"},"interaction":{"idSuffix":"inner"}},"wdio_ui5_key":"etmportal.ui.manageyards.view.Newsap.m.Input{\"path\":\"\",\"propertyPath\":\"/SALES_AREA_VKORG\",\"modelName\":\"NewYardModel\"}"}]}
RESULT: {"script":"<script> [1562 bytes]","args":[{"selector":{"controlType":"sap.m.Input","viewName":"etm.portal.ui.manageyards.view.New","viewId":"application-manageyards-display-component---NewYard","bindingPath":{"path":"","propertyPath":"/SALES_AREA_VKORG","modelName":"NewYardModel"},"interaction":{"idSuffix":"inner"}},"wdio_ui5_key":"etmportal.ui.manageyards.view.Newsap.m.Input{\"path\":\"\",\"propertyPath\":\"/SALES_AREA_VKORG\",\"modelName\":\"NewYardModel\"}"}]}
RESULT: undefined
COMMAND: POST /session/21ce62c4ecbe6d238b640e15c86407e3/execute/async - {"script":"<script> [776 bytes]","args":[{"enterText":"C002","selector":{"controlType":"sap.m.Input","viewName":"etm.portal.ui.manageyards.view.New","viewId":"application-manageyards-display-component---NewYard","bindingPath":{"path":"","propertyPath":"/SALES_AREA_VKORG","modelName":"NewYardModel"},"interaction":{"idSuffix":"inner"}},"clearTextFirst":true,"interactionType":"ENTER_TEXT"}]}
RESULT: {"script":"<script> [776 bytes]","args":[{"enterText":"C002","selector":{"controlType":"sap.m.Input","viewName":"etm.portal.ui.manageyards.view.New","viewId":"application-manageyards-display-component---NewYard","bindingPath":{"path":"","propertyPath":"/SALES_AREA_VKORG","modelName":"NewYardModel"},"interaction":{"idSuffix":"inner"}},"clearTextFirst":true,"interactionType":"ENTER_TEXT"}]}
COMMAND: POST /session/21ce62c4ecbe6d238b640e15c86407e3/execute/async - {"script":"<script> [1562 bytes]","args":[{"selector":{"controlType":"sap.m.Input","viewName":"etm.portal.ui.manageyards.view.New","viewId":"application-manageyards-display-component---NewYard","bindingPath":{"path":"","propertyPath":"/SALES_AREA_VTWEG","modelName":"NewYardModel"},"interaction":{"idSuffix":"inner"}},"wdio_ui5_key":"etmportal.ui.manageyards.view.Newsap.m.Input{\"path\":\"\",\"propertyPath\":\"/SALES_AREA_VTWEG\",\"modelName\":\"NewYardModel\"}"}]}
RESULT: {"script":"<script> [1562 bytes]","args":[{"selector":{"controlType":"sap.m.Input","viewName":"etm.portal.ui.manageyards.view.New","viewId":"application-manageyards-display-component---NewYard","bindingPath":{"path":"","propertyPath":"/SALES_AREA_VTWEG","modelName":"NewYardModel"},"interaction":{"idSuffix":"inner"}},"wdio_ui5_key":"etmportal.ui.manageyards.view.Newsap.m.Input{\"path\":\"\",\"propertyPath\":\"/SALES_AREA_VTWEG\",\"modelName\":\"NewYardModel\"}"}]}
RESULT: undefined
COMMAND: POST /session/21ce62c4ecbe6d238b640e15c86407e3/execute/async - {"script":"<script> [776 bytes]","args":[{"enterText":"C2","selector":{"controlType":"sap.m.Input","viewName":"etm.portal.ui.manageyards.view.New","viewId":"application-manageyards-display-component---NewYard","bindingPath":{"path":"","propertyPath":"/SALES_AREA_VTWEG","modelName":"NewYardModel"},"interaction":{"idSuffix":"inner"}},"clearTextFirst":true,"interactionType":"ENTER_TEXT"}]}
RESULT: {"script":"<script> [776 bytes]","args":[{"enterText":"C2","selector":{"controlType":"sap.m.Input","viewName":"etm.portal.ui.manageyards.view.New","viewId":"application-manageyards-display-component---NewYard","bindingPath":{"path":"","propertyPath":"/SALES_AREA_VTWEG","modelName":"NewYardModel"},"interaction":{"idSuffix":"inner"}},"clearTextFirst":true,"interactionType":"ENTER_TEXT"}]}
COMMAND: POST /session/21ce62c4ecbe6d238b640e15c86407e3/execute/async - {"script":"<script> [1562 bytes]","args":[{"selector":{"controlType":"sap.m.Input","viewName":"etm.portal.ui.manageyards.view.New","viewId":"application-manageyards-display-component---NewYard","bindingPath":{"path":"","propertyPath":"/SALES_AREA_SPART","modelName":"NewYardModel"},"interaction":{"idSuffix":"inner"}},"wdio_ui5_key":"etmportal.ui.manageyards.view.Newsap.m.Input{\"path\":\"\",\"propertyPath\":\"/SALES_AREA_SPART\",\"modelName\":\"NewYardModel\"}"}]}
RESULT: {"script":"<script> [1562 bytes]","args":[{"selector":{"controlType":"sap.m.Input","viewName":"etm.portal.ui.manageyards.view.New","viewId":"application-manageyards-display-component---NewYard","bindingPath":{"path":"","propertyPath":"/SALES_AREA_SPART","modelName":"NewYardModel"},"interaction":{"idSuffix":"inner"}},"wdio_ui5_key":"etmportal.ui.manageyards.view.Newsap.m.Input{\"path\":\"\",\"propertyPath\":\"/SALES_AREA_SPART\",\"modelName\":\"NewYardModel\"}"}]}
RESULT: undefined
COMMAND: POST /session/21ce62c4ecbe6d238b640e15c86407e3/execute/async - {"script":"<script> [776 bytes]","args":[{"enterText":"C2","selector":{"controlType":"sap.m.Input","viewName":"etm.portal.ui.manageyards.view.New","viewId":"application-manageyards-display-component---NewYard","bindingPath":{"path":"","propertyPath":"/SALES_AREA_SPART","modelName":"NewYardModel"},"interaction":{"idSuffix":"inner"}},"clearTextFirst":true,"interactionType":"ENTER_TEXT"}]}
RESULT: {"script":"<script> [776 bytes]","args":[{"enterText":"C2","selector":{"controlType":"sap.m.Input","viewName":"etm.portal.ui.manageyards.view.New","viewId":"application-manageyards-display-component---NewYard","bindingPath":{"path":"","propertyPath":"/SALES_AREA_SPART","modelName":"NewYardModel"},"interaction":{"idSuffix":"inner"}},"clearTextFirst":true,"interactionType":"ENTER_TEXT"}]}
COMMAND: POST /session/21ce62c4ecbe6d238b640e15c86407e3/execute/async - {"script":"<script> [1562 bytes]","args":[{"selector":{"controlType":"sap.m.Input","viewName":"etm.portal.ui.manageyards.view.New","viewId":"application-manageyards-display-component---NewYard","bindingPath":{"path":"","propertyPath":"/SHIP_POINT","modelName":"NewYardModel"},"interaction":{"idSuffix":"inner"}},"wdio_ui5_key":"etmportal.ui.manageyards.view.Newsap.m.Input{\"path\":\"\",\"propertyPath\":\"/SHIP_POINT\",\"modelName\":\"NewYardModel\"}"}]}
RESULT: {"script":"<script> [1562 bytes]","args":[{"selector":{"controlType":"sap.m.Input","viewName":"etm.portal.ui.manageyards.view.New","viewId":"application-manageyards-display-component---NewYard","bindingPath":{"path":"","propertyPath":"/SHIP_POINT","modelName":"NewYardModel"},"interaction":{"idSuffix":"inner"}},"wdio_ui5_key":"etmportal.ui.manageyards.view.Newsap.m.Input{\"path\":\"\",\"propertyPath\":\"/SHIP_POINT\",\"modelName\":\"NewYardModel\"}"}]}
RESULT: undefined
COMMAND: POST /session/21ce62c4ecbe6d238b640e15c86407e3/execute/async - {"script":"<script> [776 bytes]","args":[{"enterText":"1710","selector":{"controlType":"sap.m.Input","viewName":"etm.portal.ui.manageyards.view.New","viewId":"application-manageyards-display-component---NewYard","bindingPath":{"path":"","propertyPath":"/SHIP_POINT","modelName":"NewYardModel"},"interaction":{"idSuffix":"inner"}},"clearTextFirst":true,"interactionType":"ENTER_TEXT"}]}
RESULT: {"script":"<script> [776 bytes]","args":[{"enterText":"1710","selector":{"controlType":"sap.m.Input","viewName":"etm.portal.ui.manageyards.view.New","viewId":"application-manageyards-display-component---NewYard","bindingPath":{"path":"","propertyPath":"/SHIP_POINT","modelName":"NewYardModel"},"interaction":{"idSuffix":"inner"}},"clearTextFirst":true,"interactionType":"ENTER_TEXT"}]}
COMMAND: POST /session/21ce62c4ecbe6d238b640e15c86407e3/execute/async - {"script":"<script> [1562 bytes]","args":[{"selector":{"controlType":"sap.m.Input","viewName":"etm.portal.ui.manageyards.view.New","viewId":"application-manageyards-display-component---NewYard","bindingPath":{"path":"","propertyPath":"/DELIVERY_TYPE","modelName":"NewYardModel"},"interaction":{"idSuffix":"inner"}},"wdio_ui5_key":"etmportal.ui.manageyards.view.Newsap.m.Input{\"path\":\"\",\"propertyPath\":\"/DELIVERY_TYPE\",\"modelName\":\"NewYardModel\"}"}]}
RESULT: {"script":"<script> [1562 bytes]","args":[{"selector":{"controlType":"sap.m.Input","viewName":"etm.portal.ui.manageyards.view.New","viewId":"application-manageyards-display-component---NewYard","bindingPath":{"path":"","propertyPath":"/DELIVERY_TYPE","modelName":"NewYardModel"},"interaction":{"idSuffix":"inner"}},"wdio_ui5_key":"etmportal.ui.manageyards.view.Newsap.m.Input{\"path\":\"\",\"propertyPath\":\"/DELIVERY_TYPE\",\"modelName\":\"NewYardModel\"}"}]}
RESULT: undefined
COMMAND: POST /session/21ce62c4ecbe6d238b640e15c86407e3/execute/async - {"script":"<script> [776 bytes]","args":[{"enterText":"ZL01","selector":{"controlType":"sap.m.Input","viewName":"etm.portal.ui.manageyards.view.New","viewId":"application-manageyards-display-component---NewYard","bindingPath":{"path":"","propertyPath":"/DELIVERY_TYPE","modelName":"NewYardModel"},"interaction":{"idSuffix":"inner"}},"clearTextFirst":true,"interactionType":"ENTER_TEXT"}]}
RESULT: {"script":"<script> [776 bytes]","args":[{"enterText":"ZL01","selector":{"controlType":"sap.m.Input","viewName":"etm.portal.ui.manageyards.view.New","viewId":"application-manageyards-display-component---NewYard","bindingPath":{"path":"","propertyPath":"/DELIVERY_TYPE","modelName":"NewYardModel"},"interaction":{"idSuffix":"inner"}},"clearTextFirst":true,"interactionType":"ENTER_TEXT"}]}
COMMAND: POST /session/21ce62c4ecbe6d238b640e15c86407e3/execute/async - {"script":"<script> [1562 bytes]","args":[{"selector":{"controlType":"sap.m.Input","viewName":"etm.portal.ui.manageyards.view.New","viewId":"application-manageyards-display-component---NewYard","bindingPath":{"path":"","propertyPath":"/AUART","modelName":"NewYardModel"},"interaction":{"idSuffix":"inner"}},"wdio_ui5_key":"etmportal.ui.manageyards.view.Newsap.m.Input{\"path\":\"\",\"propertyPath\":\"/AUART\",\"modelName\":\"NewYardModel\"}"}]}
RESULT: {"script":"<script> [1562 bytes]","args":[{"selector":{"controlType":"sap.m.Input","viewName":"etm.portal.ui.manageyards.view.New","viewId":"application-manageyards-display-component---NewYard","bindingPath":{"path":"","propertyPath":"/AUART","modelName":"NewYardModel"},"interaction":{"idSuffix":"inner"}},"wdio_ui5_key":"etmportal.ui.manageyards.view.Newsap.m.Input{\"path\":\"\",\"propertyPath\":\"/AUART\",\"modelName\":\"NewYardModel\"}"}]}
RESULT: undefined
COMMAND: POST /session/21ce62c4ecbe6d238b640e15c86407e3/execute/async - {"script":"<script> [776 bytes]","args":[{"enterText":"TA","selector":{"controlType":"sap.m.Input","viewName":"etm.portal.ui.manageyards.view.New","viewId":"application-manageyards-display-component---NewYard","bindingPath":{"path":"","propertyPath":"/AUART","modelName":"NewYardModel"},"interaction":{"idSuffix":"inner"}},"clearTextFirst":true,"interactionType":"ENTER_TEXT"}]}
RESULT: {"script":"<script> [776 bytes]","args":[{"enterText":"TA","selector":{"controlType":"sap.m.Input","viewName":"etm.portal.ui.manageyards.view.New","viewId":"application-manageyards-display-component---NewYard","bindingPath":{"path":"","propertyPath":"/AUART","modelName":"NewYardModel"},"interaction":{"idSuffix":"inner"}},"clearTextFirst":true,"interactionType":"ENTER_TEXT"}]}
COMMAND: POST /session/21ce62c4ecbe6d238b640e15c86407e3/element - {"using":"xpath","value":"//button[@data-kt=\"newYardSaveButton\"]"}
RESULT: {"using":"xpath","value":"//button[@data-kt=\"newYardSaveButton\"]"}
COMMAND: POST /session/21ce62c4ecbe6d238b640e15c86407e3/element/f.93D217436D6DD50F1CAF1D433A497FC6.d.96A9C43C9E7A02AE0F367C5F46C264E7.e.14059/click - {}
RESULT: {}
COMMAND: GET /session/21ce62c4ecbe6d238b640e15c86407e3/screenshot - {}
RESULT: {}
COMMAND: POST /session/21ce62c4ecbe6d238b640e15c86407e3/element - {"using":"xpath","value":"//header[contains(@id, 'ObjectPageLayout-headerTitle')]/div[1]/div[2]/div[1]/span[1]"}
RESULT: {"using":"xpath","value":"//header[contains(@id, 'ObjectPageLayout-headerTitle')]/div[1]/div[2]/div[1]/span[1]"}
COMMAND: POST /session/21ce62c4ecbe6d238b640e15c86407e3/elements - {"using":"xpath","value":"//header[contains(@id, 'ObjectPageLayout-headerTitle')]/div[1]/div[2]/div[1]/span[1]"}
RESULT: {"using":"xpath","value":"//header[contains(@id, 'ObjectPageLayout-headerTitle')]/div[1]/div[2]/div[1]/span[1]"}
COMMAND: POST /session/21ce62c4ecbe6d238b640e15c86407e3/execute/sync - {"script":"<script> [56 bytes]","args":[{"element-6066-11e4-a52e-4f735466cecf":"f.93D217436D6DD50F1CAF1D433A497FC6.d.96A9C43C9E7A02AE0F367C5F46C264E7.e.14354","ELEMENT":"f.93D217436D6DD50F1CAF1D433A497FC6.d.96A9C43C9E7A02AE0F367C5F46C264E7.e.14354"}]}
RESULT: {"script":"<script> [56 bytes]","args":[{"element-6066-11e4-a52e-4f735466cecf":"f.93D217436D6DD50F1CAF1D433A497FC6.d.96A9C43C9E7A02AE0F367C5F46C264E7.e.14354","ELEMENT":"f.93D217436D6DD50F1CAF1D433A497FC6.d.96A9C43C9E7A02AE0F367C5F46C264E7.e.14354"}]}
COMMAND: GET /session/21ce62c4ecbe6d238b640e15c86407e3/screenshot - {}
RESULT: {}
COMMAND: POST /session/21ce62c4ecbe6d238b640e15c86407e3/element - {"using":"css selector","value":"#shell-header-logo"}
RESULT: {"using":"css selector","value":"#shell-header-logo"}
COMMAND: POST /session/21ce62c4ecbe6d238b640e15c86407e3/element/f.93D217436D6DD50F1CAF1D433A497FC6.d.96A9C43C9E7A02AE0F367C5F46C264E7.e.13493/click - {}
RESULT: {}
COMMAND: GET /session/21ce62c4ecbe6d238b640e15c86407e3/screenshot - {}
RESULT: {}
COMMAND: POST /session/21ce62c4ecbe6d238b640e15c86407e3/execute/sync - {"script":"<script> [299 bytes]","args":[["getModel","getResource"]]}
RESULT: {"script":"<script> [299 bytes]","args":[["getModel","getResource"]]}
]]></system-out>
    </testcase>
    <testcase classname="chrome.136_0_7103_93.windows.Transfer_Yard_to_Yard_US131076" name="Should create an equipment" time="151.602">
      <system-out><![CDATA[
COMMAND: POST /session/21ce62c4ecbe6d238b640e15c86407e3/execute/async - {"script":"<script> [1562 bytes]","args":[{"selector":{"controlType":"sap.m.GenericTile","properties":{"header":"Manage Resources"}},"wdio_ui5_key":"sapm.GenericTile{\"header\":\"Manage Resources\"}"}]}
COMMAND: GET /session/21ce62c4ecbe6d238b640e15c86407e3/screenshot - {}
RESULT: {"script":"<script> [1562 bytes]","args":[{"selector":{"controlType":"sap.m.GenericTile","properties":{"header":"Manage Resources"}},"wdio_ui5_key":"sapm.GenericTile{\"header\":\"Manage Resources\"}"}]}
RESULT: undefined
COMMAND: POST /session/21ce62c4ecbe6d238b640e15c86407e3/element - {"using":"xpath","value":"//*[@id=\"__tile31\"]"}
RESULT: {}
RESULT: {"using":"xpath","value":"//*[@id=\"__tile31\"]"}
COMMAND: POST /session/21ce62c4ecbe6d238b640e15c86407e3/element/f.93D217436D6DD50F1CAF1D433A497FC6.d.96A9C43C9E7A02AE0F367C5F46C264E7.e.13516/click - {}
RESULT: {}
COMMAND: GET /session/21ce62c4ecbe6d238b640e15c86407e3/screenshot - {}
RESULT: {}
COMMAND: POST /session/21ce62c4ecbe6d238b640e15c86407e3/elements - {"using":"xpath","value":"//span[text()='Error']"}
RESULT: {"using":"xpath","value":"//span[text()='Error']"}
COMMAND: POST /session/21ce62c4ecbe6d238b640e15c86407e3/element - {"using":"xpath","value":"//button[@data-kt=\"addNewRUOverflowToolbarButton\"]"}
RESULT: {"using":"xpath","value":"//button[@data-kt=\"addNewRUOverflowToolbarButton\"]"}
COMMAND: POST /session/21ce62c4ecbe6d238b640e15c86407e3/elements - {"using":"xpath","value":"//button[@data-kt=\"addNewRUOverflowToolbarButton\"]"}
RESULT: {"using":"xpath","value":"//button[@data-kt=\"addNewRUOverflowToolbarButton\"]"}
COMMAND: POST /session/21ce62c4ecbe6d238b640e15c86407e3/execute/sync - {"script":"<script> [8489 bytes]","args":[{"element-6066-11e4-a52e-4f735466cecf":"f.93D217436D6DD50F1CAF1D433A497FC6.d.96A9C43C9E7A02AE0F367C5F46C264E7.e.14395","ELEMENT":"f.93D217436D6DD50F1CAF1D433A497FC6.d.96A9C43C9E7A02AE0F367C5F46C264E7.e.14395"}]}
RESULT: {"script":"<script> [8489 bytes]","args":[{"element-6066-11e4-a52e-4f735466cecf":"f.93D217436D6DD50F1CAF1D433A497FC6.d.96A9C43C9E7A02AE0F367C5F46C264E7.e.14395","ELEMENT":"f.93D217436D6DD50F1CAF1D433A497FC6.d.96A9C43C9E7A02AE0F367C5F46C264E7.e.14395"}]}
COMMAND: GET /session/21ce62c4ecbe6d238b640e15c86407e3/element/f.93D217436D6DD50F1CAF1D433A497FC6.d.96A9C43C9E7A02AE0F367C5F46C264E7.e.14395/enabled - {}
COMMAND: GET /session/21ce62c4ecbe6d238b640e15c86407e3/screenshot - {}
RESULT: {}
COMMAND: POST /session/21ce62c4ecbe6d238b640e15c86407e3/execute/sync - {"script":"<script> [8489 bytes]","args":[{"element-6066-11e4-a52e-4f735466cecf":"f.93D217436D6DD50F1CAF1D433A497FC6.d.96A9C43C9E7A02AE0F367C5F46C264E7.e.14395","ELEMENT":"f.93D217436D6DD50F1CAF1D433A497FC6.d.96A9C43C9E7A02AE0F367C5F46C264E7.e.14395"}]}
COMMAND: GET /session/21ce62c4ecbe6d238b640e15c86407e3/screenshot - {}
RESULT: {}
RESULT: {"script":"<script> [8489 bytes]","args":[{"element-6066-11e4-a52e-4f735466cecf":"f.93D217436D6DD50F1CAF1D433A497FC6.d.96A9C43C9E7A02AE0F367C5F46C264E7.e.14395","ELEMENT":"f.93D217436D6DD50F1CAF1D433A497FC6.d.96A9C43C9E7A02AE0F367C5F46C264E7.e.14395"}]}
COMMAND: POST /session/21ce62c4ecbe6d238b640e15c86407e3/execute/sync - {"script":"<script> [5351 bytes]","args":[{"element-6066-11e4-a52e-4f735466cecf":"f.93D217436D6DD50F1CAF1D433A497FC6.d.96A9C43C9E7A02AE0F367C5F46C264E7.e.14395","ELEMENT":"f.93D217436D6DD50F1CAF1D433A497FC6.d.96A9C43C9E7A02AE0F367C5F46C264E7.e.14395"}]}
COMMAND: GET /session/21ce62c4ecbe6d238b640e15c86407e3/screenshot - {}
RESULT: {}
RESULT: {"script":"<script> [5351 bytes]","args":[{"element-6066-11e4-a52e-4f735466cecf":"f.93D217436D6DD50F1CAF1D433A497FC6.d.96A9C43C9E7A02AE0F367C5F46C264E7.e.14395","ELEMENT":"f.93D217436D6DD50F1CAF1D433A497FC6.d.96A9C43C9E7A02AE0F367C5F46C264E7.e.14395"}]}
COMMAND: POST /session/21ce62c4ecbe6d238b640e15c86407e3/element/f.93D217436D6DD50F1CAF1D433A497FC6.d.96A9C43C9E7A02AE0F367C5F46C264E7.e.14395/click - {}
COMMAND: GET /session/21ce62c4ecbe6d238b640e15c86407e3/screenshot - {}
RESULT: {}
RESULT: {}
COMMAND: GET /session/21ce62c4ecbe6d238b640e15c86407e3/screenshot - {}
RESULT: {}
RESULT: {}
COMMAND: POST /session/21ce62c4ecbe6d238b640e15c86407e3/execute/async - {"script":"<script> [1562 bytes]","args":[{"selector":{"id":"application-manageresources-display-component---newResourceUnit--TYPE-arrow"},"wdio_ui5_key":"applicationmanageresources-display-component---newResourceUnit--TYPE-arrow"}]}
RESULT: {"script":"<script> [1562 bytes]","args":[{"selector":{"id":"application-manageresources-display-component---newResourceUnit--TYPE-arrow"},"wdio_ui5_key":"applicationmanageresources-display-component---newResourceUnit--TYPE-arrow"}]}
RESULT: undefined
COMMAND: POST /session/21ce62c4ecbe6d238b640e15c86407e3/element - {"using":"xpath","value":"//*[@id=\"application-manageresources-display-component---newResourceUnit--TYPE-arrow\"]"}
RESULT: {"using":"xpath","value":"//*[@id=\"application-manageresources-display-component---newResourceUnit--TYPE-arrow\"]"}
COMMAND: POST /session/21ce62c4ecbe6d238b640e15c86407e3/element/f.93D217436D6DD50F1CAF1D433A497FC6.d.96A9C43C9E7A02AE0F367C5F46C264E7.e.14753/click - {}
RESULT: {}
COMMAND: POST /session/21ce62c4ecbe6d238b640e15c86407e3/element - {"using":"xpath","value":"//input[@id=\"application-manageresources-display-component---newResourceUnit--TYPE-inner\"]"}
COMMAND: GET /session/21ce62c4ecbe6d238b640e15c86407e3/screenshot - {}
RESULT: {"using":"xpath","value":"//input[@id=\"application-manageresources-display-component---newResourceUnit--TYPE-inner\"]"}
COMMAND: POST /session/21ce62c4ecbe6d238b640e15c86407e3/element/f.93D217436D6DD50F1CAF1D433A497FC6.d.96A9C43C9E7A02AE0F367C5F46C264E7.e.14735/clear - {}
RESULT: {}
RESULT: {}
COMMAND: POST /session/21ce62c4ecbe6d238b640e15c86407e3/element/f.93D217436D6DD50F1CAF1D433A497FC6.d.96A9C43C9E7A02AE0F367C5F46C264E7.e.14735/value - {"text":"Equipment"}
COMMAND: GET /session/21ce62c4ecbe6d238b640e15c86407e3/screenshot - {}
RESULT: {"text":"Equipment"}
COMMAND: GET /session/21ce62c4ecbe6d238b640e15c86407e3/screenshot - {}
RESULT: {}
RESULT: {}
COMMAND: POST /session/21ce62c4ecbe6d238b640e15c86407e3/actions - {"actions":[{"id":"action51","type":"key","parameters":{},"actions":[{"type":"keyDown","value":""},{"type":"pause","duration":10},{"type":"keyUp","value":""}]}]}
RESULT: {"actions":[{"id":"action51","type":"key","parameters":{},"actions":[{"type":"keyDown","value":""},{"type":"pause","duration":10},{"type":"keyUp","value":""}]}]}
COMMAND: POST /session/21ce62c4ecbe6d238b640e15c86407e3/execute/async - {"script":"<script> [1562 bytes]","args":[{"selector":{"id":"application-manageresources-display-component---newResourceUnit--resourceId","interaction":{"idSuffix":"inner"}},"wdio_ui5_key":"applicationmanageresources-display-component---newResourceUnit--resourceId"}]}
COMMAND: GET /session/21ce62c4ecbe6d238b640e15c86407e3/screenshot - {}
RESULT: {"script":"<script> [1562 bytes]","args":[{"selector":{"id":"application-manageresources-display-component---newResourceUnit--resourceId","interaction":{"idSuffix":"inner"}},"wdio_ui5_key":"applicationmanageresources-display-component---newResourceUnit--resourceId"}]}
RESULT: undefined
COMMAND: POST /session/21ce62c4ecbe6d238b640e15c86407e3/execute/async - {"script":"<script> [776 bytes]","args":[{"enterText":"bXU9aaV1pt","selector":{"id":"application-manageresources-display-component---newResourceUnit--resourceId","interaction":{"idSuffix":"inner"}},"clearTextFirst":true,"interactionType":"ENTER_TEXT"}]}
RESULT: {}
RESULT: {"script":"<script> [776 bytes]","args":[{"enterText":"bXU9aaV1pt","selector":{"id":"application-manageresources-display-component---newResourceUnit--resourceId","interaction":{"idSuffix":"inner"}},"clearTextFirst":true,"interactionType":"ENTER_TEXT"}]}
COMMAND: POST /session/21ce62c4ecbe6d238b640e15c86407e3/execute/async - {"script":"<script> [1562 bytes]","args":[{"selector":{"id":"application-manageresources-display-component---newResourceUnit--SHORT_TEXT","interaction":{"idSuffix":"inner"}},"wdio_ui5_key":"applicationmanageresources-display-component---newResourceUnit--SHORT_TEXT"}]}
RESULT: {"script":"<script> [1562 bytes]","args":[{"selector":{"id":"application-manageresources-display-component---newResourceUnit--SHORT_TEXT","interaction":{"idSuffix":"inner"}},"wdio_ui5_key":"applicationmanageresources-display-component---newResourceUnit--SHORT_TEXT"}]}
RESULT: undefined
COMMAND: POST /session/21ce62c4ecbe6d238b640e15c86407e3/execute/async - {"script":"<script> [776 bytes]","args":[{"enterText":"Intercompany Equipment WDIO","selector":{"id":"application-manageresources-display-component---newResourceUnit--SHORT_TEXT","interaction":{"idSuffix":"inner"}},"clearTextFirst":true,"interactionType":"ENTER_TEXT"}]}
RESULT: {"script":"<script> [776 bytes]","args":[{"enterText":"Intercompany Equipment WDIO","selector":{"id":"application-manageresources-display-component---newResourceUnit--SHORT_TEXT","interaction":{"idSuffix":"inner"}},"clearTextFirst":true,"interactionType":"ENTER_TEXT"}]}
COMMAND: POST /session/21ce62c4ecbe6d238b640e15c86407e3/execute/async - {"script":"<script> [1562 bytes]","args":[{"selector":{"id":"application-manageresources-display-component---newResourceUnit--BASE_UNIT_OF_MEASURE","interaction":{"idSuffix":"inner"}},"wdio_ui5_key":"applicationmanageresources-display-component---newResourceUnit--BASE_UNIT_OF_MEASURE"}]}
RESULT: {"script":"<script> [1562 bytes]","args":[{"selector":{"id":"application-manageresources-display-component---newResourceUnit--BASE_UNIT_OF_MEASURE","interaction":{"idSuffix":"inner"}},"wdio_ui5_key":"applicationmanageresources-display-component---newResourceUnit--BASE_UNIT_OF_MEASURE"}]}
RESULT: undefined
COMMAND: POST /session/21ce62c4ecbe6d238b640e15c86407e3/execute/async - {"script":"<script> [776 bytes]","args":[{"enterText":"Piece","selector":{"id":"application-manageresources-display-component---newResourceUnit--BASE_UNIT_OF_MEASURE","interaction":{"idSuffix":"inner"}},"clearTextFirst":true,"interactionType":"ENTER_TEXT"}]}
RESULT: {"script":"<script> [776 bytes]","args":[{"enterText":"Piece","selector":{"id":"application-manageresources-display-component---newResourceUnit--BASE_UNIT_OF_MEASURE","interaction":{"idSuffix":"inner"}},"clearTextFirst":true,"interactionType":"ENTER_TEXT"}]}
COMMAND: POST /session/21ce62c4ecbe6d238b640e15c86407e3/execute/async - {"script":"<script> [1562 bytes]","args":[{"selector":{"id":"application-manageresources-display-component---newResourceUnit--WEIGHT_UNIT","interaction":{"idSuffix":"inner"}},"wdio_ui5_key":"applicationmanageresources-display-component---newResourceUnit--WEIGHT_UNIT"}]}
RESULT: {"script":"<script> [1562 bytes]","args":[{"selector":{"id":"application-manageresources-display-component---newResourceUnit--WEIGHT_UNIT","interaction":{"idSuffix":"inner"}},"wdio_ui5_key":"applicationmanageresources-display-component---newResourceUnit--WEIGHT_UNIT"}]}
RESULT: undefined
COMMAND: POST /session/21ce62c4ecbe6d238b640e15c86407e3/execute/async - {"script":"<script> [776 bytes]","args":[{"enterText":"Gram","selector":{"id":"application-manageresources-display-component---newResourceUnit--WEIGHT_UNIT","interaction":{"idSuffix":"inner"}},"clearTextFirst":true,"interactionType":"ENTER_TEXT"}]}
RESULT: {"script":"<script> [776 bytes]","args":[{"enterText":"Gram","selector":{"id":"application-manageresources-display-component---newResourceUnit--WEIGHT_UNIT","interaction":{"idSuffix":"inner"}},"clearTextFirst":true,"interactionType":"ENTER_TEXT"}]}
COMMAND: POST /session/21ce62c4ecbe6d238b640e15c86407e3/execute/async - {"script":"<script> [1562 bytes]","args":[{"selector":{"id":"application-manageresources-display-component---newResourceUnit--DIMENSION_UNIT","interaction":{"idSuffix":"inner"}},"wdio_ui5_key":"applicationmanageresources-display-component---newResourceUnit--DIMENSION_UNIT"}]}
RESULT: {"script":"<script> [1562 bytes]","args":[{"selector":{"id":"application-manageresources-display-component---newResourceUnit--DIMENSION_UNIT","interaction":{"idSuffix":"inner"}},"wdio_ui5_key":"applicationmanageresources-display-component---newResourceUnit--DIMENSION_UNIT"}]}
RESULT: undefined
COMMAND: POST /session/21ce62c4ecbe6d238b640e15c86407e3/execute/async - {"script":"<script> [776 bytes]","args":[{"enterText":"Meter","selector":{"id":"application-manageresources-display-component---newResourceUnit--DIMENSION_UNIT","interaction":{"idSuffix":"inner"}},"clearTextFirst":true,"interactionType":"ENTER_TEXT"}]}
RESULT: {"script":"<script> [776 bytes]","args":[{"enterText":"Meter","selector":{"id":"application-manageresources-display-component---newResourceUnit--DIMENSION_UNIT","interaction":{"idSuffix":"inner"}},"clearTextFirst":true,"interactionType":"ENTER_TEXT"}]}
COMMAND: POST /session/21ce62c4ecbe6d238b640e15c86407e3/execute/async - {"script":"<script> [1562 bytes]","args":[{"selector":{"id":"application-manageresources-display-component---newResourceUnit--newRRUPage-anchBar-application-manageresources-display-component---newResourceUnit--control-anchor","interaction":{"idSuffix":"BDI-content"}},"wdio_ui5_key":"applicationmanageresources-display-component---newResourceUnit--newRRUPage-anchBar-application-manageresources-display-component---newResourceUnit--control-anchor"}]}
RESULT: {"script":"<script> [1562 bytes]","args":[{"selector":{"id":"application-manageresources-display-component---newResourceUnit--newRRUPage-anchBar-application-manageresources-display-component---newResourceUnit--control-anchor","interaction":{"idSuffix":"BDI-content"}},"wdio_ui5_key":"applicationmanageresources-display-component---newResourceUnit--newRRUPage-anchBar-application-manageresources-display-component---newResourceUnit--control-anchor"}]}
RESULT: undefined
COMMAND: POST /session/21ce62c4ecbe6d238b640e15c86407e3/element - {"using":"xpath","value":"//*[@id=\"application-manageresources-display-component---newResourceUnit--newRRUPage-anchBar-application-manageresources-display-component---newResourceUnit--control-anchor\"]"}
RESULT: {"using":"xpath","value":"//*[@id=\"application-manageresources-display-component---newResourceUnit--newRRUPage-anchBar-application-manageresources-display-component---newResourceUnit--control-anchor\"]"}
COMMAND: POST /session/21ce62c4ecbe6d238b640e15c86407e3/element/f.93D217436D6DD50F1CAF1D433A497FC6.d.96A9C43C9E7A02AE0F367C5F46C264E7.e.14911/click - {}
RESULT: {}
COMMAND: POST /session/21ce62c4ecbe6d238b640e15c86407e3/execute/async - {"script":"<script> [1562 bytes]","args":[{"selector":{"id":"application-manageresources-display-component---newResourceUnit--PLANNING_GROUP","interaction":{"idSuffix":"inner"}},"wdio_ui5_key":"applicationmanageresources-display-component---newResourceUnit--PLANNING_GROUP"}]}
COMMAND: GET /session/21ce62c4ecbe6d238b640e15c86407e3/screenshot - {}
RESULT: {"script":"<script> [1562 bytes]","args":[{"selector":{"id":"application-manageresources-display-component---newResourceUnit--PLANNING_GROUP","interaction":{"idSuffix":"inner"}},"wdio_ui5_key":"applicationmanageresources-display-component---newResourceUnit--PLANNING_GROUP"}]}
RESULT: undefined
COMMAND: POST /session/21ce62c4ecbe6d238b640e15c86407e3/execute/async - {"script":"<script> [776 bytes]","args":[{"enterText":"Heavy Equi","selector":{"id":"application-manageresources-display-component---newResourceUnit--PLANNING_GROUP","interaction":{"idSuffix":"inner"}},"clearTextFirst":true,"interactionType":"ENTER_TEXT"}]}
RESULT: {}
RESULT: {"script":"<script> [776 bytes]","args":[{"enterText":"Heavy Equi","selector":{"id":"application-manageresources-display-component---newResourceUnit--PLANNING_GROUP","interaction":{"idSuffix":"inner"}},"clearTextFirst":true,"interactionType":"ENTER_TEXT"}]}
COMMAND: POST /session/21ce62c4ecbe6d238b640e15c86407e3/execute/async - {"script":"<script> [1562 bytes]","args":[{"selector":{"id":"application-manageresources-display-component---newResourceUnit--ITEM_TYPE-arrow"},"wdio_ui5_key":"applicationmanageresources-display-component---newResourceUnit--ITEM_TYPE-arrow"}]}
RESULT: {"script":"<script> [1562 bytes]","args":[{"selector":{"id":"application-manageresources-display-component---newResourceUnit--ITEM_TYPE-arrow"},"wdio_ui5_key":"applicationmanageresources-display-component---newResourceUnit--ITEM_TYPE-arrow"}]}
RESULT: undefined
COMMAND: POST /session/21ce62c4ecbe6d238b640e15c86407e3/element - {"using":"xpath","value":"//*[@id=\"application-manageresources-display-component---newResourceUnit--ITEM_TYPE-arrow\"]"}
RESULT: {"using":"xpath","value":"//*[@id=\"application-manageresources-display-component---newResourceUnit--ITEM_TYPE-arrow\"]"}
COMMAND: POST /session/21ce62c4ecbe6d238b640e15c86407e3/element/f.93D217436D6DD50F1CAF1D433A497FC6.d.96A9C43C9E7A02AE0F367C5F46C264E7.e.14920/click - {}
RESULT: {}
COMMAND: POST /session/21ce62c4ecbe6d238b640e15c86407e3/element - {"using":"xpath","value":"//ul[contains(@id,\"ITEM_TYPE-popup-list-listUl\")]//li[.//span[contains(text(),\"Resource Unit\")]]"}
COMMAND: GET /session/21ce62c4ecbe6d238b640e15c86407e3/screenshot - {}
RESULT: {"using":"xpath","value":"//ul[contains(@id,\"ITEM_TYPE-popup-list-listUl\")]//li[.//span[contains(text(),\"Resource Unit\")]]"}
COMMAND: POST /session/21ce62c4ecbe6d238b640e15c86407e3/element/f.93D217436D6DD50F1CAF1D433A497FC6.d.96A9C43C9E7A02AE0F367C5F46C264E7.e.14921/click - {}
RESULT: {}
RESULT: {}
COMMAND: GET /session/21ce62c4ecbe6d238b640e15c86407e3/screenshot - {}
RESULT: {}
COMMAND: POST /session/21ce62c4ecbe6d238b640e15c86407e3/element - {"using":"css selector","value":"#application-manageresources-display-component---newResourceUnit--btnAddTimeSegment"}
RESULT: {"using":"css selector","value":"#application-manageresources-display-component---newResourceUnit--btnAddTimeSegment"}
COMMAND: GET /session/21ce62c4ecbe6d238b640e15c86407e3/element/f.93D217436D6DD50F1CAF1D433A497FC6.d.96A9C43C9E7A02AE0F367C5F46C264E7.e.14929/rect - {}
RESULT: {}
COMMAND: GET /session/21ce62c4ecbe6d238b640e15c86407e3/window/rect - {}
RESULT: {}
COMMAND: POST /session/21ce62c4ecbe6d238b640e15c86407e3/execute/sync - {"script":"<script> [92 bytes]","args":[]}
RESULT: {"script":"<script> [92 bytes]","args":[]}
COMMAND: POST /session/21ce62c4ecbe6d238b640e15c86407e3/actions - {"actions":[{"id":"action52","type":"wheel","parameters":{},"actions":[{"type":"scroll","x":-1888,"y":-32,"deltaX":0,"deltaY":0,"duration":0,"origin":{"element-6066-11e4-a52e-4f735466cecf":"f.93D217436D6DD50F1CAF1D433A497FC6.d.96A9C43C9E7A02AE0F367C5F46C264E7.e.14929"}}]}]}
COMMAND: GET /session/21ce62c4ecbe6d238b640e15c86407e3/screenshot - {}
RESULT: {}
COMMAND: POST /session/21ce62c4ecbe6d238b640e15c86407e3/execute/sync - {"script":"<script> [79 bytes]","args":[{"element-6066-11e4-a52e-4f735466cecf":"f.93D217436D6DD50F1CAF1D433A497FC6.d.96A9C43C9E7A02AE0F367C5F46C264E7.e.14929","ELEMENT":"f.93D217436D6DD50F1CAF1D433A497FC6.d.96A9C43C9E7A02AE0F367C5F46C264E7.e.14929"},{"block":"start","inline":"nearest"}]}
RESULT: {"script":"<script> [79 bytes]","args":[{"element-6066-11e4-a52e-4f735466cecf":"f.93D217436D6DD50F1CAF1D433A497FC6.d.96A9C43C9E7A02AE0F367C5F46C264E7.e.14929","ELEMENT":"f.93D217436D6DD50F1CAF1D433A497FC6.d.96A9C43C9E7A02AE0F367C5F46C264E7.e.14929"},{"block":"start","inline":"nearest"}]}
COMMAND: POST /session/21ce62c4ecbe6d238b640e15c86407e3/execute/async - {"script":"<script> [1562 bytes]","args":[{"selector":{"id":"application-manageresources-display-component---newResourceUnit--btnAddTimeSegment","interaction":{"idSuffix":"inner"}},"wdio_ui5_key":"applicationmanageresources-display-component---newResourceUnit--btnAddTimeSegment"}]}
COMMAND: GET /session/21ce62c4ecbe6d238b640e15c86407e3/screenshot - {}
RESULT: {"script":"<script> [1562 bytes]","args":[{"selector":{"id":"application-manageresources-display-component---newResourceUnit--btnAddTimeSegment","interaction":{"idSuffix":"inner"}},"wdio_ui5_key":"applicationmanageresources-display-component---newResourceUnit--btnAddTimeSegment"}]}
RESULT: undefined
COMMAND: POST /session/21ce62c4ecbe6d238b640e15c86407e3/element - {"using":"xpath","value":"//*[@id=\"application-manageresources-display-component---newResourceUnit--btnAddTimeSegment\"]"}
RESULT: {}
RESULT: {"using":"xpath","value":"//*[@id=\"application-manageresources-display-component---newResourceUnit--btnAddTimeSegment\"]"}
COMMAND: POST /session/21ce62c4ecbe6d238b640e15c86407e3/element/f.93D217436D6DD50F1CAF1D433A497FC6.d.96A9C43C9E7A02AE0F367C5F46C264E7.e.14929/click - {}
RESULT: {}
COMMAND: GET /session/21ce62c4ecbe6d238b640e15c86407e3/screenshot - {}
RESULT: {}
COMMAND: POST /session/21ce62c4ecbe6d238b640e15c86407e3/element - {"using":"xpath","value":"//input[@id=\"application-manageresources-display-component---newResourceUnit--idRuTSAdmin-application-manageresources-display-component---newResourceUnit--RUTimeSegment-0-inner\"]"}
RESULT: {"using":"xpath","value":"//input[@id=\"application-manageresources-display-component---newResourceUnit--idRuTSAdmin-application-manageresources-display-component---newResourceUnit--RUTimeSegment-0-inner\"]"}
COMMAND: POST /session/21ce62c4ecbe6d238b640e15c86407e3/element/f.93D217436D6DD50F1CAF1D433A497FC6.d.96A9C43C9E7A02AE0F367C5F46C264E7.e.14935/clear - {}
RESULT: {}
COMMAND: POST /session/21ce62c4ecbe6d238b640e15c86407e3/element/f.93D217436D6DD50F1CAF1D433A497FC6.d.96A9C43C9E7A02AE0F367C5F46C264E7.e.14935/value - {"text":"528"}
COMMAND: GET /session/21ce62c4ecbe6d238b640e15c86407e3/screenshot - {}
RESULT: {"text":"528"}
COMMAND: GET /session/21ce62c4ecbe6d238b640e15c86407e3/screenshot - {}
RESULT: {}
RESULT: {}
COMMAND: POST /session/21ce62c4ecbe6d238b640e15c86407e3/element - {"using":"xpath","value":"//li[.//span[text()='528']]"}
RESULT: {"using":"xpath","value":"//li[.//span[text()='528']]"}
COMMAND: POST /session/21ce62c4ecbe6d238b640e15c86407e3/element/f.93D217436D6DD50F1CAF1D433A497FC6.d.96A9C43C9E7A02AE0F367C5F46C264E7.e.14948/click - {}
RESULT: {}
COMMAND: GET /session/21ce62c4ecbe6d238b640e15c86407e3/screenshot - {}
RESULT: {}
COMMAND: POST /session/21ce62c4ecbe6d238b640e15c86407e3/element - {"using":"xpath","value":"(//span[contains(@id, \"-application-manageresources-display-component---newResourceUnit--RUTimeSegment-0-arrow\")])[6]"}
RESULT: {"using":"xpath","value":"(//span[contains(@id, \"-application-manageresources-display-component---newResourceUnit--RUTimeSegment-0-arrow\")])[6]"}
COMMAND: POST /session/21ce62c4ecbe6d238b640e15c86407e3/element/f.93D217436D6DD50F1CAF1D433A497FC6.d.96A9C43C9E7A02AE0F367C5F46C264E7.e.14949/click - {}
RESULT: {}
COMMAND: GET /session/21ce62c4ecbe6d238b640e15c86407e3/screenshot - {}
RESULT: {}
COMMAND: POST /session/21ce62c4ecbe6d238b640e15c86407e3/element - {"using":"xpath","value":"//span[contains(text(), \"PM Order\")]"}
RESULT: {"using":"xpath","value":"//span[contains(text(), \"PM Order\")]"}
COMMAND: POST /session/21ce62c4ecbe6d238b640e15c86407e3/element/f.93D217436D6DD50F1CAF1D433A497FC6.d.96A9C43C9E7A02AE0F367C5F46C264E7.e.14952/click - {}
RESULT: {}
COMMAND: GET /session/21ce62c4ecbe6d238b640e15c86407e3/screenshot - {}
RESULT: {}
COMMAND: POST /session/21ce62c4ecbe6d238b640e15c86407e3/element - {"using":"xpath","value":"(//span[contains(@id ,\"manageresources-display-component---newResourceUnit--RUTimeSegment-0-vhi\")])[1]"}
RESULT: {"using":"xpath","value":"(//span[contains(@id ,\"manageresources-display-component---newResourceUnit--RUTimeSegment-0-vhi\")])[1]"}
COMMAND: GET /session/21ce62c4ecbe6d238b640e15c86407e3/element/f.93D217436D6DD50F1CAF1D433A497FC6.d.96A9C43C9E7A02AE0F367C5F46C264E7.e.14956/rect - {}
RESULT: {}
COMMAND: GET /session/21ce62c4ecbe6d238b640e15c86407e3/window/rect - {}
RESULT: {}
COMMAND: POST /session/21ce62c4ecbe6d238b640e15c86407e3/execute/sync - {"script":"<script> [92 bytes]","args":[]}
RESULT: {"script":"<script> [92 bytes]","args":[]}
COMMAND: POST /session/21ce62c4ecbe6d238b640e15c86407e3/actions - {"actions":[{"id":"action53","type":"wheel","parameters":{},"actions":[{"type":"scroll","x":-869,"y":-24,"deltaX":0,"deltaY":0,"duration":0,"origin":{"element-6066-11e4-a52e-4f735466cecf":"f.93D217436D6DD50F1CAF1D433A497FC6.d.96A9C43C9E7A02AE0F367C5F46C264E7.e.14956"}}]}]}
COMMAND: GET /session/21ce62c4ecbe6d238b640e15c86407e3/screenshot - {}
RESULT: {"actions":[{"id":"action53","type":"wheel","parameters":{},"actions":[{"type":"scroll","x":-869,"y":-24,"deltaX":0,"deltaY":0,"duration":0,"origin":{"element-6066-11e4-a52e-4f735466cecf":"f.93D217436D6DD50F1CAF1D433A497FC6.d.96A9C43C9E7A02AE0F367C5F46C264E7.e.14956"}}]}]}
COMMAND: DELETE /session/21ce62c4ecbe6d238b640e15c86407e3/actions - {}
COMMAND: GET /session/21ce62c4ecbe6d238b640e15c86407e3/screenshot - {}
RESULT: {}
RESULT: {}
COMMAND: GET /session/21ce62c4ecbe6d238b640e15c86407e3/screenshot - {}
RESULT: {}
RESULT: {}
COMMAND: POST /session/21ce62c4ecbe6d238b640e15c86407e3/element/f.93D217436D6DD50F1CAF1D433A497FC6.d.96A9C43C9E7A02AE0F367C5F46C264E7.e.14956/click - {}
RESULT: {}
COMMAND: GET /session/21ce62c4ecbe6d238b640e15c86407e3/screenshot - {}
RESULT: {}
RESULT: undefined
COMMAND: POST /session/21ce62c4ecbe6d238b640e15c86407e3/execute/async - {"script":"<script> [776 bytes]","args":[{"enterText":"4000360","selector":{"controlType":"sap.m.SearchField","properties":{"placeholder":"Search"},"searchOpenDialogs":true,"interaction":{"idSuffix":"I"}},"clearTextFirst":true,"interactionType":"ENTER_TEXT"}]}
RESULT: {"script":"<script> [776 bytes]","args":[{"enterText":"4000360","selector":{"controlType":"sap.m.SearchField","properties":{"placeholder":"Search"},"searchOpenDialogs":true,"interaction":{"idSuffix":"I"}},"clearTextFirst":true,"interactionType":"ENTER_TEXT"}]}
COMMAND: POST /session/21ce62c4ecbe6d238b640e15c86407e3/actions - {"actions":[{"id":"action54","type":"key","parameters":{},"actions":[{"type":"keyDown","value":""},{"type":"pause","duration":10},{"type":"keyUp","value":""}]}]}
RESULT: {"actions":[{"id":"action54","type":"key","parameters":{},"actions":[{"type":"keyDown","value":""},{"type":"pause","duration":10},{"type":"keyUp","value":""}]}]}
COMMAND: GET /session/21ce62c4ecbe6d238b640e15c86407e3/screenshot - {}
RESULT: {}
COMMAND: POST /session/21ce62c4ecbe6d238b640e15c86407e3/element - {"using":"xpath","value":"//td/div/span[contains(text(), \"BGL Vehicles\")]"}
RESULT: {"using":"xpath","value":"//td/div/span[contains(text(), \"BGL Vehicles\")]"}
COMMAND: POST /session/21ce62c4ecbe6d238b640e15c86407e3/element/f.93D217436D6DD50F1CAF1D433A497FC6.d.96A9C43C9E7A02AE0F367C5F46C264E7.e.14975/click - {}
RESULT: {}
COMMAND: GET /session/21ce62c4ecbe6d238b640e15c86407e3/screenshot - {}
RESULT: {}
COMMAND: POST /session/21ce62c4ecbe6d238b640e15c86407e3/element - {"using":"xpath","value":"//bdi[contains(text(), \"OK\")]"}
RESULT: {"using":"xpath","value":"//bdi[contains(text(), \"OK\")]"}
COMMAND: POST /session/21ce62c4ecbe6d238b640e15c86407e3/element/f.93D217436D6DD50F1CAF1D433A497FC6.d.96A9C43C9E7A02AE0F367C5F46C264E7.e.14976/click - {}
RESULT: {}
COMMAND: GET /session/21ce62c4ecbe6d238b640e15c86407e3/screenshot - {}
RESULT: {}
COMMAND: POST /session/21ce62c4ecbe6d238b640e15c86407e3/execute/async - {"script":"<script> [1562 bytes]","args":[{"selector":{"id":"application-manageresources-display-component---newResourceUnit--newRRUPage-anchBar-application-manageresources-display-component---newResourceUnit--resource-anchor","interaction":{"idSuffix":"BDI-content"}},"wdio_ui5_key":"applicationmanageresources-display-component---newResourceUnit--newRRUPage-anchBar-application-manageresources-display-component---newResourceUnit--resource-anchor"}]}
RESULT: {"script":"<script> [1562 bytes]","args":[{"selector":{"id":"application-manageresources-display-component---newResourceUnit--newRRUPage-anchBar-application-manageresources-display-component---newResourceUnit--resource-anchor","interaction":{"idSuffix":"BDI-content"}},"wdio_ui5_key":"applicationmanageresources-display-component---newResourceUnit--newRRUPage-anchBar-application-manageresources-display-component---newResourceUnit--resource-anchor"}]}
RESULT: undefined
COMMAND: POST /session/21ce62c4ecbe6d238b640e15c86407e3/element - {"using":"xpath","value":"//*[@id=\"application-manageresources-display-component---newResourceUnit--newRRUPage-anchBar-application-manageresources-display-component---newResourceUnit--resource-anchor\"]"}
RESULT: {"using":"xpath","value":"//*[@id=\"application-manageresources-display-component---newResourceUnit--newRRUPage-anchBar-application-manageresources-display-component---newResourceUnit--resource-anchor\"]"}
COMMAND: POST /session/21ce62c4ecbe6d238b640e15c86407e3/element/f.93D217436D6DD50F1CAF1D433A497FC6.d.96A9C43C9E7A02AE0F367C5F46C264E7.e.14980/click - {}
RESULT: {}
COMMAND: POST /session/21ce62c4ecbe6d238b640e15c86407e3/execute/async - {"script":"<script> [1562 bytes]","args":[{"selector":{"id":"application-manageresources-display-component---newResourceUnit--PLANNED_DELIVERY_DATE","interaction":{"idSuffix":"inner"}},"wdio_ui5_key":"applicationmanageresources-display-component---newResourceUnit--PLANNED_DELIVERY_DATE"}]}
COMMAND: GET /session/21ce62c4ecbe6d238b640e15c86407e3/screenshot - {}
RESULT: {}
RESULT: {"script":"<script> [1562 bytes]","args":[{"selector":{"id":"application-manageresources-display-component---newResourceUnit--PLANNED_DELIVERY_DATE","interaction":{"idSuffix":"inner"}},"wdio_ui5_key":"applicationmanageresources-display-component---newResourceUnit--PLANNED_DELIVERY_DATE"}]}
RESULT: undefined
COMMAND: POST /session/21ce62c4ecbe6d238b640e15c86407e3/execute/async - {"script":"<script> [6424 bytes]","args":[{"element-6066-11e4-a52e-4f735466cecf":"f.93D217436D6DD50F1CAF1D433A497FC6.d.96A9C43C9E7A02AE0F367C5F46C264E7.e.14809"},"setValue",["5/31/25"]]}
RESULT: {"script":"<script> [6424 bytes]","args":[{"element-6066-11e4-a52e-4f735466cecf":"f.93D217436D6DD50F1CAF1D433A497FC6.d.96A9C43C9E7A02AE0F367C5F46C264E7.e.14809"},"setValue",["5/31/25"]]}
COMMAND: POST /session/21ce62c4ecbe6d238b640e15c86407e3/element - {"using":"xpath","value":"//label[contains(@class, 'sapMLabelRequired') and .//bdi[contains(text(), 'Planned Retirement')]]"}
RESULT: {"using":"xpath","value":"//label[contains(@class, 'sapMLabelRequired') and .//bdi[contains(text(), 'Planned Retirement')]]"}
COMMAND: POST /session/21ce62c4ecbe6d238b640e15c86407e3/elements - {"using":"xpath","value":"//label[contains(@class, 'sapMLabelRequired') and .//bdi[contains(text(), 'Planned Retirement')]]"}
RESULT: {"using":"xpath","value":"//label[contains(@class, 'sapMLabelRequired') and .//bdi[contains(text(), 'Planned Retirement')]]"}
COMMAND: POST /session/21ce62c4ecbe6d238b640e15c86407e3/element - {"using":"xpath","value":"//button[@data-kt=\"resourceUnitSaveButton\"]"}
RESULT: {"using":"xpath","value":"//button[@data-kt=\"resourceUnitSaveButton\"]"}
COMMAND: POST /session/21ce62c4ecbe6d238b640e15c86407e3/element/f.93D217436D6DD50F1CAF1D433A497FC6.d.96A9C43C9E7A02AE0F367C5F46C264E7.e.14768/click - {}
RESULT: {}
COMMAND: GET /session/21ce62c4ecbe6d238b640e15c86407e3/screenshot - {}
RESULT: {}
COMMAND: POST /session/21ce62c4ecbe6d238b640e15c86407e3/element - {"using":"xpath","value":"//bdi[contains(text(), \"Close\")]"}
RESULT: {"using":"xpath","value":"//bdi[contains(text(), \"Close\")]"}
COMMAND: POST /session/21ce62c4ecbe6d238b640e15c86407e3/element/f.93D217436D6DD50F1CAF1D433A497FC6.d.96A9C43C9E7A02AE0F367C5F46C264E7.e.14988/click - {}
RESULT: {}
COMMAND: GET /session/21ce62c4ecbe6d238b640e15c86407e3/screenshot - {}
RESULT: {}
COMMAND: POST /session/21ce62c4ecbe6d238b640e15c86407e3/element - {"using":"xpath","value":"(//button[contains(@id ,\"actionsToolbar-overflowButton\")])[1]"}
RESULT: {"using":"xpath","value":"(//button[contains(@id ,\"actionsToolbar-overflowButton\")])[1]"}
COMMAND: POST /session/21ce62c4ecbe6d238b640e15c86407e3/element/f.93D217436D6DD50F1CAF1D433A497FC6.d.96A9C43C9E7A02AE0F367C5F46C264E7.e.15054/click - {}
RESULT: {}
COMMAND: GET /session/21ce62c4ecbe6d238b640e15c86407e3/screenshot - {}
RESULT: {}
COMMAND: POST /session/21ce62c4ecbe6d238b640e15c86407e3/element - {"using":"xpath","value":"//button[@data-kt=\"priceInfoButton\"]"}
RESULT: {"using":"xpath","value":"//button[@data-kt=\"priceInfoButton\"]"}
COMMAND: POST /session/21ce62c4ecbe6d238b640e15c86407e3/element/f.93D217436D6DD50F1CAF1D433A497FC6.d.96A9C43C9E7A02AE0F367C5F46C264E7.e.15056/click - {}
RESULT: {}
COMMAND: GET /session/21ce62c4ecbe6d238b640e15c86407e3/screenshot - {}
RESULT: {}
COMMAND: POST /session/21ce62c4ecbe6d238b640e15c86407e3/element - {"using":"css selector","value":"#shell-header-logo"}
RESULT: {"using":"css selector","value":"#shell-header-logo"}
COMMAND: POST /session/21ce62c4ecbe6d238b640e15c86407e3/element/f.93D217436D6DD50F1CAF1D433A497FC6.d.96A9C43C9E7A02AE0F367C5F46C264E7.e.14357/click - {}
RESULT: {}
COMMAND: GET /session/21ce62c4ecbe6d238b640e15c86407e3/screenshot - {}
RESULT: {}
]]></system-out>
    </testcase>
    <testcase classname="chrome.136_0_7103_93.windows.Transfer_Yard_to_Yard_US131076" name="Prereq Should create a new equipment multipart" time="133.033">
      <system-out><![CDATA[
RESULT: undefined
COMMAND: POST /session/21ce62c4ecbe6d238b640e15c86407e3/element - {"using":"xpath","value":"//*[@id=\"__tile31\"]"}
RESULT: {"using":"xpath","value":"//*[@id=\"__tile31\"]"}
COMMAND: POST /session/21ce62c4ecbe6d238b640e15c86407e3/element/f.93D217436D6DD50F1CAF1D433A497FC6.d.96A9C43C9E7A02AE0F367C5F46C264E7.e.13516/click - {}
RESULT: {}
COMMAND: GET /session/21ce62c4ecbe6d238b640e15c86407e3/screenshot - {}
RESULT: {}
COMMAND: POST /session/21ce62c4ecbe6d238b640e15c86407e3/elements - {"using":"xpath","value":"//span[text()='Error']"}
RESULT: {"using":"xpath","value":"//span[text()='Error']"}
COMMAND: POST /session/21ce62c4ecbe6d238b640e15c86407e3/element - {"using":"xpath","value":"//button[@data-kt=\"addNewRUOverflowToolbarButton\"]"}
RESULT: {"using":"xpath","value":"//button[@data-kt=\"addNewRUOverflowToolbarButton\"]"}
COMMAND: POST /session/21ce62c4ecbe6d238b640e15c86407e3/elements - {"using":"xpath","value":"//button[@data-kt=\"addNewRUOverflowToolbarButton\"]"}
RESULT: {"using":"xpath","value":"//button[@data-kt=\"addNewRUOverflowToolbarButton\"]"}
COMMAND: POST /session/21ce62c4ecbe6d238b640e15c86407e3/execute/sync - {"script":"<script> [8489 bytes]","args":[{"element-6066-11e4-a52e-4f735466cecf":"f.93D217436D6DD50F1CAF1D433A497FC6.d.96A9C43C9E7A02AE0F367C5F46C264E7.e.15155","ELEMENT":"f.93D217436D6DD50F1CAF1D433A497FC6.d.96A9C43C9E7A02AE0F367C5F46C264E7.e.15155"}]}
RESULT: {"script":"<script> [8489 bytes]","args":[{"element-6066-11e4-a52e-4f735466cecf":"f.93D217436D6DD50F1CAF1D433A497FC6.d.96A9C43C9E7A02AE0F367C5F46C264E7.e.15155","ELEMENT":"f.93D217436D6DD50F1CAF1D433A497FC6.d.96A9C43C9E7A02AE0F367C5F46C264E7.e.15155"}]}
COMMAND: GET /session/21ce62c4ecbe6d238b640e15c86407e3/element/f.93D217436D6DD50F1CAF1D433A497FC6.d.96A9C43C9E7A02AE0F367C5F46C264E7.e.15155/enabled - {}
COMMAND: GET /session/21ce62c4ecbe6d238b640e15c86407e3/screenshot - {}
RESULT: {}
COMMAND: POST /session/21ce62c4ecbe6d238b640e15c86407e3/execute/sync - {"script":"<script> [8489 bytes]","args":[{"element-6066-11e4-a52e-4f735466cecf":"f.93D217436D6DD50F1CAF1D433A497FC6.d.96A9C43C9E7A02AE0F367C5F46C264E7.e.15155","ELEMENT":"f.93D217436D6DD50F1CAF1D433A497FC6.d.96A9C43C9E7A02AE0F367C5F46C264E7.e.15155"}]}
COMMAND: GET /session/21ce62c4ecbe6d238b640e15c86407e3/screenshot - {}
RESULT: {}
RESULT: {"script":"<script> [8489 bytes]","args":[{"element-6066-11e4-a52e-4f735466cecf":"f.93D217436D6DD50F1CAF1D433A497FC6.d.96A9C43C9E7A02AE0F367C5F46C264E7.e.15155","ELEMENT":"f.93D217436D6DD50F1CAF1D433A497FC6.d.96A9C43C9E7A02AE0F367C5F46C264E7.e.15155"}]}
COMMAND: POST /session/21ce62c4ecbe6d238b640e15c86407e3/execute/sync - {"script":"<script> [5351 bytes]","args":[{"element-6066-11e4-a52e-4f735466cecf":"f.93D217436D6DD50F1CAF1D433A497FC6.d.96A9C43C9E7A02AE0F367C5F46C264E7.e.15155","ELEMENT":"f.93D217436D6DD50F1CAF1D433A497FC6.d.96A9C43C9E7A02AE0F367C5F46C264E7.e.15155"}]}
COMMAND: GET /session/21ce62c4ecbe6d238b640e15c86407e3/screenshot - {}
RESULT: {}
RESULT: {"script":"<script> [5351 bytes]","args":[{"element-6066-11e4-a52e-4f735466cecf":"f.93D217436D6DD50F1CAF1D433A497FC6.d.96A9C43C9E7A02AE0F367C5F46C264E7.e.15155","ELEMENT":"f.93D217436D6DD50F1CAF1D433A497FC6.d.96A9C43C9E7A02AE0F367C5F46C264E7.e.15155"}]}
COMMAND: POST /session/21ce62c4ecbe6d238b640e15c86407e3/element/f.93D217436D6DD50F1CAF1D433A497FC6.d.96A9C43C9E7A02AE0F367C5F46C264E7.e.15155/click - {}
COMMAND: GET /session/21ce62c4ecbe6d238b640e15c86407e3/screenshot - {}
RESULT: {}
RESULT: {}
COMMAND: GET /session/21ce62c4ecbe6d238b640e15c86407e3/screenshot - {}
RESULT: undefined
COMMAND: POST /session/21ce62c4ecbe6d238b640e15c86407e3/element - {"using":"xpath","value":"//*[@id=\"application-manageresources-display-component---newResourceUnit--TYPE-arrow\"]"}
RESULT: {}
RESULT: {}
RESULT: {"using":"xpath","value":"//*[@id=\"application-manageresources-display-component---newResourceUnit--TYPE-arrow\"]"}
COMMAND: POST /session/21ce62c4ecbe6d238b640e15c86407e3/element/f.93D217436D6DD50F1CAF1D433A497FC6.d.96A9C43C9E7A02AE0F367C5F46C264E7.e.15513/click - {}
RESULT: {}
COMMAND: POST /session/21ce62c4ecbe6d238b640e15c86407e3/element - {"using":"xpath","value":"//input[@id=\"application-manageresources-display-component---newResourceUnit--TYPE-inner\"]"}
COMMAND: GET /session/21ce62c4ecbe6d238b640e15c86407e3/screenshot - {}
RESULT: {"using":"xpath","value":"//input[@id=\"application-manageresources-display-component---newResourceUnit--TYPE-inner\"]"}
COMMAND: POST /session/21ce62c4ecbe6d238b640e15c86407e3/element/f.93D217436D6DD50F1CAF1D433A497FC6.d.96A9C43C9E7A02AE0F367C5F46C264E7.e.15497/clear - {}
RESULT: {}
RESULT: {}
COMMAND: POST /session/21ce62c4ecbe6d238b640e15c86407e3/element/f.93D217436D6DD50F1CAF1D433A497FC6.d.96A9C43C9E7A02AE0F367C5F46C264E7.e.15497/value - {"text":"Equi Multipart"}
COMMAND: GET /session/21ce62c4ecbe6d238b640e15c86407e3/screenshot - {}
RESULT: {"text":"Equi Multipart"}
COMMAND: GET /session/21ce62c4ecbe6d238b640e15c86407e3/screenshot - {}
RESULT: {}
RESULT: {}
COMMAND: POST /session/21ce62c4ecbe6d238b640e15c86407e3/actions - {"actions":[{"id":"action55","type":"key","parameters":{},"actions":[{"type":"keyDown","value":""},{"type":"pause","duration":10},{"type":"keyUp","value":""}]}]}
RESULT: {"actions":[{"id":"action55","type":"key","parameters":{},"actions":[{"type":"keyDown","value":""},{"type":"pause","duration":10},{"type":"keyUp","value":""}]}]}
RESULT: undefined
COMMAND: POST /session/21ce62c4ecbe6d238b640e15c86407e3/execute/async - {"script":"<script> [776 bytes]","args":[{"enterText":"Equipment Multipart WDIO","selector":{"id":"application-manageresources-display-component---newResourceUnit--SHORT_TEXT","interaction":{"idSuffix":"inner"}},"clearTextFirst":true,"interactionType":"ENTER_TEXT"}]}
COMMAND: GET /session/21ce62c4ecbe6d238b640e15c86407e3/screenshot - {}
RESULT: {"script":"<script> [776 bytes]","args":[{"enterText":"Equipment Multipart WDIO","selector":{"id":"application-manageresources-display-component---newResourceUnit--SHORT_TEXT","interaction":{"idSuffix":"inner"}},"clearTextFirst":true,"interactionType":"ENTER_TEXT"}]}
RESULT: undefined
COMMAND: POST /session/21ce62c4ecbe6d238b640e15c86407e3/execute/async - {"script":"<script> [776 bytes]","args":[{"enterText":"Piece","selector":{"id":"application-manageresources-display-component---newResourceUnit--BASE_UNIT_OF_MEASURE","interaction":{"idSuffix":"inner"}},"clearTextFirst":true,"interactionType":"ENTER_TEXT"}]}
RESULT: {}
RESULT: {"script":"<script> [776 bytes]","args":[{"enterText":"Piece","selector":{"id":"application-manageresources-display-component---newResourceUnit--BASE_UNIT_OF_MEASURE","interaction":{"idSuffix":"inner"}},"clearTextFirst":true,"interactionType":"ENTER_TEXT"}]}
RESULT: undefined
COMMAND: POST /session/21ce62c4ecbe6d238b640e15c86407e3/execute/async - {"script":"<script> [776 bytes]","args":[{"enterText":"Gram","selector":{"id":"application-manageresources-display-component---newResourceUnit--WEIGHT_UNIT","interaction":{"idSuffix":"inner"}},"clearTextFirst":true,"interactionType":"ENTER_TEXT"}]}
RESULT: {"script":"<script> [776 bytes]","args":[{"enterText":"Gram","selector":{"id":"application-manageresources-display-component---newResourceUnit--WEIGHT_UNIT","interaction":{"idSuffix":"inner"}},"clearTextFirst":true,"interactionType":"ENTER_TEXT"}]}
RESULT: undefined
COMMAND: POST /session/21ce62c4ecbe6d238b640e15c86407e3/execute/async - {"script":"<script> [776 bytes]","args":[{"enterText":"Meter","selector":{"id":"application-manageresources-display-component---newResourceUnit--DIMENSION_UNIT","interaction":{"idSuffix":"inner"}},"clearTextFirst":true,"interactionType":"ENTER_TEXT"}]}
RESULT: {"script":"<script> [776 bytes]","args":[{"enterText":"Meter","selector":{"id":"application-manageresources-display-component---newResourceUnit--DIMENSION_UNIT","interaction":{"idSuffix":"inner"}},"clearTextFirst":true,"interactionType":"ENTER_TEXT"}]}
RESULT: undefined
COMMAND: POST /session/21ce62c4ecbe6d238b640e15c86407e3/element - {"using":"xpath","value":"//*[@id=\"application-manageresources-display-component---newResourceUnit--newRRUPage-anchBar-application-manageresources-display-component---newResourceUnit--control-anchor\"]"}
RESULT: {"using":"xpath","value":"//*[@id=\"application-manageresources-display-component---newResourceUnit--newRRUPage-anchBar-application-manageresources-display-component---newResourceUnit--control-anchor\"]"}
COMMAND: POST /session/21ce62c4ecbe6d238b640e15c86407e3/element/f.93D217436D6DD50F1CAF1D433A497FC6.d.96A9C43C9E7A02AE0F367C5F46C264E7.e.15642/click - {}
RESULT: {}
RESULT: undefined
COMMAND: POST /session/21ce62c4ecbe6d238b640e15c86407e3/execute/async - {"script":"<script> [776 bytes]","args":[{"enterText":"Heavy Equi","selector":{"id":"application-manageresources-display-component---newResourceUnit--PLANNING_GROUP","interaction":{"idSuffix":"inner"}},"clearTextFirst":true,"interactionType":"ENTER_TEXT"}]}
COMMAND: GET /session/21ce62c4ecbe6d238b640e15c86407e3/screenshot - {}
RESULT: {"script":"<script> [776 bytes]","args":[{"enterText":"Heavy Equi","selector":{"id":"application-manageresources-display-component---newResourceUnit--PLANNING_GROUP","interaction":{"idSuffix":"inner"}},"clearTextFirst":true,"interactionType":"ENTER_TEXT"}]}
RESULT: {}
COMMAND: POST /session/21ce62c4ecbe6d238b640e15c86407e3/execute/async - {"script":"<script> [1562 bytes]","args":[{"selector":{"id":"application-manageresources-display-component---newResourceUnit--PLANNING_INDICATOR","interaction":{"idSuffix":"inner"}},"wdio_ui5_key":"applicationmanageresources-display-component---newResourceUnit--PLANNING_INDICATOR"}]}
RESULT: {"script":"<script> [1562 bytes]","args":[{"selector":{"id":"application-manageresources-display-component---newResourceUnit--PLANNING_INDICATOR","interaction":{"idSuffix":"inner"}},"wdio_ui5_key":"applicationmanageresources-display-component---newResourceUnit--PLANNING_INDICATOR"}]}
RESULT: undefined
COMMAND: POST /session/21ce62c4ecbe6d238b640e15c86407e3/execute/async - {"script":"<script> [776 bytes]","args":[{"enterText":"10 - infinite","selector":{"id":"application-manageresources-display-component---newResourceUnit--PLANNING_INDICATOR","interaction":{"idSuffix":"inner"}},"clearTextFirst":true,"interactionType":"ENTER_TEXT"}]}
RESULT: {"script":"<script> [776 bytes]","args":[{"enterText":"10 - infinite","selector":{"id":"application-manageresources-display-component---newResourceUnit--PLANNING_INDICATOR","interaction":{"idSuffix":"inner"}},"clearTextFirst":true,"interactionType":"ENTER_TEXT"}]}
RESULT: undefined
COMMAND: POST /session/21ce62c4ecbe6d238b640e15c86407e3/element - {"using":"xpath","value":"//*[@id=\"application-manageresources-display-component---newResourceUnit--ITEM_TYPE-arrow\"]"}
RESULT: {"using":"xpath","value":"//*[@id=\"application-manageresources-display-component---newResourceUnit--ITEM_TYPE-arrow\"]"}
COMMAND: POST /session/21ce62c4ecbe6d238b640e15c86407e3/element/f.93D217436D6DD50F1CAF1D433A497FC6.d.96A9C43C9E7A02AE0F367C5F46C264E7.e.15649/click - {}
RESULT: {}
COMMAND: GET /session/21ce62c4ecbe6d238b640e15c86407e3/screenshot - {}
RESULT: {}
COMMAND: POST /session/21ce62c4ecbe6d238b640e15c86407e3/execute/async - {"script":"<script> [1562 bytes]","args":[{"selector":{"controlType":"sap.m.StandardListItem","viewName":"reusables.view.manageresources.NewResourceUnit","viewId":"application-manageresources-display-component---newResourceUnit","properties":{"title":"Pool Equipment"},"searchOpenDialogs":true,"interaction":{"idSuffix":"content"}},"wdio_ui5_key":"reusablesview.manageresources.NewResourceUnitsap.m.StandardListItem{\"title\":\"Pool Equipment\"}"}]}
RESULT: {"script":"<script> [1562 bytes]","args":[{"selector":{"controlType":"sap.m.StandardListItem","viewName":"reusables.view.manageresources.NewResourceUnit","viewId":"application-manageresources-display-component---newResourceUnit","properties":{"title":"Pool Equipment"},"searchOpenDialogs":true,"interaction":{"idSuffix":"content"}},"wdio_ui5_key":"reusablesview.manageresources.NewResourceUnitsap.m.StandardListItem{\"title\":\"Pool Equipment\"}"}]}
RESULT: undefined
COMMAND: POST /session/21ce62c4ecbe6d238b640e15c86407e3/element - {"using":"xpath","value":"//*[@id=\"__item1415\"]"}
RESULT: {"using":"xpath","value":"//*[@id=\"__item1415\"]"}
COMMAND: POST /session/21ce62c4ecbe6d238b640e15c86407e3/element/f.93D217436D6DD50F1CAF1D433A497FC6.d.96A9C43C9E7A02AE0F367C5F46C264E7.e.15651/click - {}
RESULT: {}
COMMAND: GET /session/21ce62c4ecbe6d238b640e15c86407e3/screenshot - {}
RESULT: {}
COMMAND: POST /session/21ce62c4ecbe6d238b640e15c86407e3/element - {"using":"css selector","value":"#application-manageresources-display-component---newResourceUnit--btnAddTimeSegment"}
RESULT: {"using":"css selector","value":"#application-manageresources-display-component---newResourceUnit--btnAddTimeSegment"}
COMMAND: GET /session/21ce62c4ecbe6d238b640e15c86407e3/element/f.93D217436D6DD50F1CAF1D433A497FC6.d.96A9C43C9E7A02AE0F367C5F46C264E7.e.15713/rect - {}
RESULT: {}
COMMAND: GET /session/21ce62c4ecbe6d238b640e15c86407e3/window/rect - {}
RESULT: {}
COMMAND: POST /session/21ce62c4ecbe6d238b640e15c86407e3/execute/sync - {"script":"<script> [92 bytes]","args":[]}
RESULT: {"script":"<script> [92 bytes]","args":[]}
COMMAND: POST /session/21ce62c4ecbe6d238b640e15c86407e3/actions - {"actions":[{"id":"action56","type":"wheel","parameters":{},"actions":[{"type":"scroll","x":-1888,"y":-32,"deltaX":0,"deltaY":0,"duration":0,"origin":{"element-6066-11e4-a52e-4f735466cecf":"f.93D217436D6DD50F1CAF1D433A497FC6.d.96A9C43C9E7A02AE0F367C5F46C264E7.e.15713"}}]}]}
COMMAND: GET /session/21ce62c4ecbe6d238b640e15c86407e3/screenshot - {}
RESULT: {}
COMMAND: POST /session/21ce62c4ecbe6d238b640e15c86407e3/execute/sync - {"script":"<script> [79 bytes]","args":[{"element-6066-11e4-a52e-4f735466cecf":"f.93D217436D6DD50F1CAF1D433A497FC6.d.96A9C43C9E7A02AE0F367C5F46C264E7.e.15713","ELEMENT":"f.93D217436D6DD50F1CAF1D433A497FC6.d.96A9C43C9E7A02AE0F367C5F46C264E7.e.15713"},{"block":"start","inline":"nearest"}]}
RESULT: {"script":"<script> [79 bytes]","args":[{"element-6066-11e4-a52e-4f735466cecf":"f.93D217436D6DD50F1CAF1D433A497FC6.d.96A9C43C9E7A02AE0F367C5F46C264E7.e.15713","ELEMENT":"f.93D217436D6DD50F1CAF1D433A497FC6.d.96A9C43C9E7A02AE0F367C5F46C264E7.e.15713"},{"block":"start","inline":"nearest"}]}
RESULT: undefined
COMMAND: POST /session/21ce62c4ecbe6d238b640e15c86407e3/element - {"using":"xpath","value":"//*[@id=\"application-manageresources-display-component---newResourceUnit--btnAddTimeSegment\"]"}
COMMAND: GET /session/21ce62c4ecbe6d238b640e15c86407e3/screenshot - {}
RESULT: {"using":"xpath","value":"//*[@id=\"application-manageresources-display-component---newResourceUnit--btnAddTimeSegment\"]"}
COMMAND: POST /session/21ce62c4ecbe6d238b640e15c86407e3/element/f.93D217436D6DD50F1CAF1D433A497FC6.d.96A9C43C9E7A02AE0F367C5F46C264E7.e.15713/click - {}
RESULT: {}
RESULT: {}
COMMAND: GET /session/21ce62c4ecbe6d238b640e15c86407e3/screenshot - {}
RESULT: {}
COMMAND: POST /session/21ce62c4ecbe6d238b640e15c86407e3/element - {"using":"xpath","value":"//input[@id=\"application-manageresources-display-component---newResourceUnit--idRuTSAdmin-application-manageresources-display-component---newResourceUnit--RUTimeSegment-0-inner\"]"}
RESULT: {"using":"xpath","value":"//input[@id=\"application-manageresources-display-component---newResourceUnit--idRuTSAdmin-application-manageresources-display-component---newResourceUnit--RUTimeSegment-0-inner\"]"}
COMMAND: POST /session/21ce62c4ecbe6d238b640e15c86407e3/element/f.93D217436D6DD50F1CAF1D433A497FC6.d.96A9C43C9E7A02AE0F367C5F46C264E7.e.15718/clear - {}
RESULT: {}
COMMAND: POST /session/21ce62c4ecbe6d238b640e15c86407e3/element/f.93D217436D6DD50F1CAF1D433A497FC6.d.96A9C43C9E7A02AE0F367C5F46C264E7.e.15718/value - {"text":"528"}
COMMAND: GET /session/21ce62c4ecbe6d238b640e15c86407e3/screenshot - {}
RESULT: {}
RESULT: {"text":"528"}
COMMAND: GET /session/21ce62c4ecbe6d238b640e15c86407e3/screenshot - {}
RESULT: {}
COMMAND: POST /session/21ce62c4ecbe6d238b640e15c86407e3/element - {"using":"xpath","value":"//li[.//span[text()='528']]"}
RESULT: {"using":"xpath","value":"//li[.//span[text()='528']]"}
COMMAND: POST /session/21ce62c4ecbe6d238b640e15c86407e3/element/f.93D217436D6DD50F1CAF1D433A497FC6.d.96A9C43C9E7A02AE0F367C5F46C264E7.e.15731/click - {}
RESULT: {}
COMMAND: GET /session/21ce62c4ecbe6d238b640e15c86407e3/screenshot - {}
RESULT: {}
COMMAND: POST /session/21ce62c4ecbe6d238b640e15c86407e3/element - {"using":"xpath","value":"(//span[contains(@id, \"-application-manageresources-display-component---newResourceUnit--RUTimeSegment-0-arrow\")])[5]"}
RESULT: {"using":"xpath","value":"(//span[contains(@id, \"-application-manageresources-display-component---newResourceUnit--RUTimeSegment-0-arrow\")])[5]"}
COMMAND: POST /session/21ce62c4ecbe6d238b640e15c86407e3/element/f.93D217436D6DD50F1CAF1D433A497FC6.d.96A9C43C9E7A02AE0F367C5F46C264E7.e.15732/click - {}
RESULT: {}
COMMAND: GET /session/21ce62c4ecbe6d238b640e15c86407e3/screenshot - {}
RESULT: {}
COMMAND: POST /session/21ce62c4ecbe6d238b640e15c86407e3/element - {"using":"xpath","value":"//span[contains(text(), \"PM Order\")]"}
RESULT: {"using":"xpath","value":"//span[contains(text(), \"PM Order\")]"}
COMMAND: POST /session/21ce62c4ecbe6d238b640e15c86407e3/element/f.93D217436D6DD50F1CAF1D433A497FC6.d.96A9C43C9E7A02AE0F367C5F46C264E7.e.15733/click - {}
RESULT: {}
COMMAND: GET /session/21ce62c4ecbe6d238b640e15c86407e3/screenshot - {}
RESULT: {}
COMMAND: POST /session/21ce62c4ecbe6d238b640e15c86407e3/element - {"using":"xpath","value":"(//span[contains(@id ,\"manageresources-display-component---newResourceUnit--RUTimeSegment-0-vhi\")])[1]"}
RESULT: {"using":"xpath","value":"(//span[contains(@id ,\"manageresources-display-component---newResourceUnit--RUTimeSegment-0-vhi\")])[1]"}
COMMAND: GET /session/21ce62c4ecbe6d238b640e15c86407e3/element/f.93D217436D6DD50F1CAF1D433A497FC6.d.96A9C43C9E7A02AE0F367C5F46C264E7.e.15737/rect - {}
RESULT: {}
COMMAND: GET /session/21ce62c4ecbe6d238b640e15c86407e3/window/rect - {}
RESULT: {}
COMMAND: POST /session/21ce62c4ecbe6d238b640e15c86407e3/execute/sync - {"script":"<script> [92 bytes]","args":[]}
RESULT: {"script":"<script> [92 bytes]","args":[]}
COMMAND: POST /session/21ce62c4ecbe6d238b640e15c86407e3/actions - {"actions":[{"id":"action57","type":"wheel","parameters":{},"actions":[{"type":"scroll","x":-1888,"y":-24,"deltaX":0,"deltaY":0,"duration":0,"origin":{"element-6066-11e4-a52e-4f735466cecf":"f.93D217436D6DD50F1CAF1D433A497FC6.d.96A9C43C9E7A02AE0F367C5F46C264E7.e.15737"}}]}]}
COMMAND: GET /session/21ce62c4ecbe6d238b640e15c86407e3/screenshot - {}
RESULT: {}
COMMAND: POST /session/21ce62c4ecbe6d238b640e15c86407e3/execute/sync - {"script":"<script> [79 bytes]","args":[{"element-6066-11e4-a52e-4f735466cecf":"f.93D217436D6DD50F1CAF1D433A497FC6.d.96A9C43C9E7A02AE0F367C5F46C264E7.e.15737","ELEMENT":"f.93D217436D6DD50F1CAF1D433A497FC6.d.96A9C43C9E7A02AE0F367C5F46C264E7.e.15737"},{"block":"start","inline":"nearest"}]}
RESULT: {"script":"<script> [79 bytes]","args":[{"element-6066-11e4-a52e-4f735466cecf":"f.93D217436D6DD50F1CAF1D433A497FC6.d.96A9C43C9E7A02AE0F367C5F46C264E7.e.15737","ELEMENT":"f.93D217436D6DD50F1CAF1D433A497FC6.d.96A9C43C9E7A02AE0F367C5F46C264E7.e.15737"},{"block":"start","inline":"nearest"}]}
COMMAND: GET /session/21ce62c4ecbe6d238b640e15c86407e3/screenshot - {}
RESULT: {}
COMMAND: POST /session/21ce62c4ecbe6d238b640e15c86407e3/element/f.93D217436D6DD50F1CAF1D433A497FC6.d.96A9C43C9E7A02AE0F367C5F46C264E7.e.15737/click - {}
RESULT: {}
COMMAND: GET /session/21ce62c4ecbe6d238b640e15c86407e3/screenshot - {}
RESULT: {}
RESULT: undefined
COMMAND: POST /session/21ce62c4ecbe6d238b640e15c86407e3/execute/async - {"script":"<script> [776 bytes]","args":[{"enterText":"4000360","selector":{"controlType":"sap.m.SearchField","properties":{"placeholder":"Search"},"searchOpenDialogs":true,"interaction":{"idSuffix":"I"}},"clearTextFirst":true,"interactionType":"ENTER_TEXT"}]}
RESULT: {"script":"<script> [776 bytes]","args":[{"enterText":"4000360","selector":{"controlType":"sap.m.SearchField","properties":{"placeholder":"Search"},"searchOpenDialogs":true,"interaction":{"idSuffix":"I"}},"clearTextFirst":true,"interactionType":"ENTER_TEXT"}]}
COMMAND: POST /session/21ce62c4ecbe6d238b640e15c86407e3/actions - {"actions":[{"id":"action58","type":"key","parameters":{},"actions":[{"type":"keyDown","value":""},{"type":"pause","duration":10},{"type":"keyUp","value":""}]}]}
RESULT: {"actions":[{"id":"action58","type":"key","parameters":{},"actions":[{"type":"keyDown","value":""},{"type":"pause","duration":10},{"type":"keyUp","value":""}]}]}
COMMAND: GET /session/21ce62c4ecbe6d238b640e15c86407e3/screenshot - {}
RESULT: {}
COMMAND: POST /session/21ce62c4ecbe6d238b640e15c86407e3/element - {"using":"xpath","value":"//td/div/span[contains(text(), \"BGL Vehicles\")]"}
RESULT: {"using":"xpath","value":"//td/div/span[contains(text(), \"BGL Vehicles\")]"}
COMMAND: POST /session/21ce62c4ecbe6d238b640e15c86407e3/element/f.93D217436D6DD50F1CAF1D433A497FC6.d.96A9C43C9E7A02AE0F367C5F46C264E7.e.15758/click - {}
RESULT: {}
COMMAND: GET /session/21ce62c4ecbe6d238b640e15c86407e3/screenshot - {}
RESULT: {}
COMMAND: POST /session/21ce62c4ecbe6d238b640e15c86407e3/element - {"using":"xpath","value":"//bdi[contains(text(), \"OK\")]"}
RESULT: {"using":"xpath","value":"//bdi[contains(text(), \"OK\")]"}
COMMAND: POST /session/21ce62c4ecbe6d238b640e15c86407e3/element/f.93D217436D6DD50F1CAF1D433A497FC6.d.96A9C43C9E7A02AE0F367C5F46C264E7.e.15759/click - {}
RESULT: {}
COMMAND: GET /session/21ce62c4ecbe6d238b640e15c86407e3/screenshot - {}
RESULT: {}
COMMAND: POST /session/21ce62c4ecbe6d238b640e15c86407e3/element - {"using":"xpath","value":"//label[contains(@class, 'sapMLabelRequired') and .//bdi[contains(text(), 'Planned Retirement')]]"}
RESULT: {"using":"xpath","value":"//label[contains(@class, 'sapMLabelRequired') and .//bdi[contains(text(), 'Planned Retirement')]]"}
COMMAND: POST /session/21ce62c4ecbe6d238b640e15c86407e3/elements - {"using":"xpath","value":"//label[contains(@class, 'sapMLabelRequired') and .//bdi[contains(text(), 'Planned Retirement')]]"}
RESULT: {"using":"xpath","value":"//label[contains(@class, 'sapMLabelRequired') and .//bdi[contains(text(), 'Planned Retirement')]]"}
COMMAND: POST /session/21ce62c4ecbe6d238b640e15c86407e3/element - {"using":"xpath","value":"//button[@data-kt=\"resourceUnitSaveButton\"]"}
RESULT: {"using":"xpath","value":"//button[@data-kt=\"resourceUnitSaveButton\"]"}
COMMAND: POST /session/21ce62c4ecbe6d238b640e15c86407e3/element/f.93D217436D6DD50F1CAF1D433A497FC6.d.96A9C43C9E7A02AE0F367C5F46C264E7.e.15530/click - {}
RESULT: {}
COMMAND: GET /session/21ce62c4ecbe6d238b640e15c86407e3/screenshot - {}
RESULT: {}
COMMAND: POST /session/21ce62c4ecbe6d238b640e15c86407e3/element - {"using":"xpath","value":"//bdi[contains(text(), \"Close\")]"}
RESULT: {"using":"xpath","value":"//bdi[contains(text(), \"Close\")]"}
COMMAND: POST /session/21ce62c4ecbe6d238b640e15c86407e3/element/f.93D217436D6DD50F1CAF1D433A497FC6.d.96A9C43C9E7A02AE0F367C5F46C264E7.e.15766/click - {}
RESULT: {}
COMMAND: GET /session/21ce62c4ecbe6d238b640e15c86407e3/screenshot - {}
RESULT: {}
COMMAND: POST /session/21ce62c4ecbe6d238b640e15c86407e3/element - {"using":"xpath","value":"//header[contains(@id, 'detailRruPage-headerTitle')]/div[1]/div[2]/div[2]/span[1]"}
RESULT: {"using":"xpath","value":"//header[contains(@id, 'detailRruPage-headerTitle')]/div[1]/div[2]/div[2]/span[1]"}
COMMAND: POST /session/21ce62c4ecbe6d238b640e15c86407e3/elements - {"using":"xpath","value":"//header[contains(@id, 'detailRruPage-headerTitle')]/div[1]/div[2]/div[2]/span[1]"}
RESULT: {"using":"xpath","value":"//header[contains(@id, 'detailRruPage-headerTitle')]/div[1]/div[2]/div[2]/span[1]"}
COMMAND: POST /session/21ce62c4ecbe6d238b640e15c86407e3/execute/sync - {"script":"<script> [56 bytes]","args":[{"element-6066-11e4-a52e-4f735466cecf":"f.93D217436D6DD50F1CAF1D433A497FC6.d.96A9C43C9E7A02AE0F367C5F46C264E7.e.15790","ELEMENT":"f.93D217436D6DD50F1CAF1D433A497FC6.d.96A9C43C9E7A02AE0F367C5F46C264E7.e.15790"}]}
RESULT: {"script":"<script> [56 bytes]","args":[{"element-6066-11e4-a52e-4f735466cecf":"f.93D217436D6DD50F1CAF1D433A497FC6.d.96A9C43C9E7A02AE0F367C5F46C264E7.e.15790","ELEMENT":"f.93D217436D6DD50F1CAF1D433A497FC6.d.96A9C43C9E7A02AE0F367C5F46C264E7.e.15790"}]}
COMMAND: POST /session/21ce62c4ecbe6d238b640e15c86407e3/element - {"using":"css selector","value":"#shell-header-logo"}
COMMAND: GET /session/21ce62c4ecbe6d238b640e15c86407e3/screenshot - {}
RESULT: {"using":"css selector","value":"#shell-header-logo"}
COMMAND: POST /session/21ce62c4ecbe6d238b640e15c86407e3/element/f.93D217436D6DD50F1CAF1D433A497FC6.d.96A9C43C9E7A02AE0F367C5F46C264E7.e.15116/click - {}
RESULT: {}
RESULT: {}
COMMAND: GET /session/21ce62c4ecbe6d238b640e15c86407e3/screenshot - {}
RESULT: {}
]]></system-out>
    </testcase>
    <testcase classname="chrome.136_0_7103_93.windows.Transfer_Yard_to_Yard_US131076" name="Should do a stock increase handover for equipment" time="93.22">
      <failure/>
      <error message="Can't call click on element with selector &quot;//li[.//span[contains(text(),'528 -')]]&quot; because element wasn't found"/>
      <system-out><![CDATA[
COMMAND: POST /session/21ce62c4ecbe6d238b640e15c86407e3/execute/async - {"script":"<script> [1562 bytes]","args":[{"selector":{"controlType":"sap.m.GenericTile","properties":{"header":"Manage Handovers"}},"wdio_ui5_key":"sapm.GenericTile{\"header\":\"Manage Handovers\"}"}]}
RESULT: {"script":"<script> [1562 bytes]","args":[{"selector":{"controlType":"sap.m.GenericTile","properties":{"header":"Manage Handovers"}},"wdio_ui5_key":"sapm.GenericTile{\"header\":\"Manage Handovers\"}"}]}
RESULT: undefined
COMMAND: POST /session/21ce62c4ecbe6d238b640e15c86407e3/element - {"using":"xpath","value":"//*[@id=\"__tile133\"]"}
RESULT: {"using":"xpath","value":"//*[@id=\"__tile133\"]"}
COMMAND: POST /session/21ce62c4ecbe6d238b640e15c86407e3/element/f.93D217436D6DD50F1CAF1D433A497FC6.d.96A9C43C9E7A02AE0F367C5F46C264E7.e.13543/click - {}
RESULT: {}
COMMAND: GET /session/21ce62c4ecbe6d238b640e15c86407e3/screenshot - {}
RESULT: {}
COMMAND: POST /session/21ce62c4ecbe6d238b640e15c86407e3/elements - {"using":"xpath","value":"//span[text()='Error']"}
RESULT: {"using":"xpath","value":"//span[text()='Error']"}
COMMAND: POST /session/21ce62c4ecbe6d238b640e15c86407e3/element - {"using":"xpath","value":"//button[@data-kt=\"masterHOAddButton\"]"}
RESULT: {"using":"xpath","value":"//button[@data-kt=\"masterHOAddButton\"]"}
COMMAND: POST /session/21ce62c4ecbe6d238b640e15c86407e3/elements - {"using":"xpath","value":"//button[@data-kt=\"masterHOAddButton\"]"}
RESULT: {"using":"xpath","value":"//button[@data-kt=\"masterHOAddButton\"]"}
COMMAND: POST /session/21ce62c4ecbe6d238b640e15c86407e3/execute/sync - {"script":"<script> [8489 bytes]","args":[{"element-6066-11e4-a52e-4f735466cecf":"f.93D217436D6DD50F1CAF1D433A497FC6.d.96A9C43C9E7A02AE0F367C5F46C264E7.e.15840","ELEMENT":"f.93D217436D6DD50F1CAF1D433A497FC6.d.96A9C43C9E7A02AE0F367C5F46C264E7.e.15840"}]}
RESULT: {"script":"<script> [8489 bytes]","args":[{"element-6066-11e4-a52e-4f735466cecf":"f.93D217436D6DD50F1CAF1D433A497FC6.d.96A9C43C9E7A02AE0F367C5F46C264E7.e.15840","ELEMENT":"f.93D217436D6DD50F1CAF1D433A497FC6.d.96A9C43C9E7A02AE0F367C5F46C264E7.e.15840"}]}
COMMAND: GET /session/21ce62c4ecbe6d238b640e15c86407e3/element/f.93D217436D6DD50F1CAF1D433A497FC6.d.96A9C43C9E7A02AE0F367C5F46C264E7.e.15840/enabled - {}
COMMAND: GET /session/21ce62c4ecbe6d238b640e15c86407e3/screenshot - {}
RESULT: {}
COMMAND: POST /session/21ce62c4ecbe6d238b640e15c86407e3/execute/sync - {"script":"<script> [8489 bytes]","args":[{"element-6066-11e4-a52e-4f735466cecf":"f.93D217436D6DD50F1CAF1D433A497FC6.d.96A9C43C9E7A02AE0F367C5F46C264E7.e.15840","ELEMENT":"f.93D217436D6DD50F1CAF1D433A497FC6.d.96A9C43C9E7A02AE0F367C5F46C264E7.e.15840"}]}
COMMAND: GET /session/21ce62c4ecbe6d238b640e15c86407e3/screenshot - {}
RESULT: {}
RESULT: {"script":"<script> [8489 bytes]","args":[{"element-6066-11e4-a52e-4f735466cecf":"f.93D217436D6DD50F1CAF1D433A497FC6.d.96A9C43C9E7A02AE0F367C5F46C264E7.e.15840","ELEMENT":"f.93D217436D6DD50F1CAF1D433A497FC6.d.96A9C43C9E7A02AE0F367C5F46C264E7.e.15840"}]}
COMMAND: POST /session/21ce62c4ecbe6d238b640e15c86407e3/execute/sync - {"script":"<script> [5351 bytes]","args":[{"element-6066-11e4-a52e-4f735466cecf":"f.93D217436D6DD50F1CAF1D433A497FC6.d.96A9C43C9E7A02AE0F367C5F46C264E7.e.15840","ELEMENT":"f.93D217436D6DD50F1CAF1D433A497FC6.d.96A9C43C9E7A02AE0F367C5F46C264E7.e.15840"}]}
RESULT: {}
COMMAND: GET /session/21ce62c4ecbe6d238b640e15c86407e3/screenshot - {}
RESULT: {"script":"<script> [5351 bytes]","args":[{"element-6066-11e4-a52e-4f735466cecf":"f.93D217436D6DD50F1CAF1D433A497FC6.d.96A9C43C9E7A02AE0F367C5F46C264E7.e.15840","ELEMENT":"f.93D217436D6DD50F1CAF1D433A497FC6.d.96A9C43C9E7A02AE0F367C5F46C264E7.e.15840"}]}
COMMAND: POST /session/21ce62c4ecbe6d238b640e15c86407e3/element/f.93D217436D6DD50F1CAF1D433A497FC6.d.96A9C43C9E7A02AE0F367C5F46C264E7.e.15840/click - {}
COMMAND: GET /session/21ce62c4ecbe6d238b640e15c86407e3/screenshot - {}
RESULT: {}
RESULT: {}
COMMAND: GET /session/21ce62c4ecbe6d238b640e15c86407e3/screenshot - {}
RESULT: {}
RESULT: {}
COMMAND: POST /session/21ce62c4ecbe6d238b640e15c86407e3/element - {"using":"xpath","value":"//span[contains(@id ,\"AddNewHO--typeSelect-arrow\")]"}
RESULT: {"using":"xpath","value":"//span[contains(@id ,\"AddNewHO--typeSelect-arrow\")]"}
COMMAND: POST /session/21ce62c4ecbe6d238b640e15c86407e3/element/f.93D217436D6DD50F1CAF1D433A497FC6.d.96A9C43C9E7A02AE0F367C5F46C264E7.e.16178/click - {}
RESULT: {}
COMMAND: GET /session/21ce62c4ecbe6d238b640e15c86407e3/screenshot - {}
RESULT: {}
COMMAND: POST /session/21ce62c4ecbe6d238b640e15c86407e3/element - {"using":"xpath","value":"(//li[contains(text(), \"stock increase yard\")])[1]"}
RESULT: {"using":"xpath","value":"(//li[contains(text(), \"stock increase yard\")])[1]"}
COMMAND: POST /session/21ce62c4ecbe6d238b640e15c86407e3/element/f.93D217436D6DD50F1CAF1D433A497FC6.d.96A9C43C9E7A02AE0F367C5F46C264E7.e.16179/click - {}
RESULT: {}
COMMAND: GET /session/21ce62c4ecbe6d238b640e15c86407e3/screenshot - {}
RESULT: {}
COMMAND: POST /session/21ce62c4ecbe6d238b640e15c86407e3/execute/async - {"script":"<script> [1562 bytes]","args":[{"selector":{"id":"application-managehandovers-display-component---AddNewHO--dueDate","interaction":{"idSuffix":"inner"}},"wdio_ui5_key":"applicationmanagehandovers-display-component---AddNewHO--dueDate"}]}
RESULT: {"script":"<script> [1562 bytes]","args":[{"selector":{"id":"application-managehandovers-display-component---AddNewHO--dueDate","interaction":{"idSuffix":"inner"}},"wdio_ui5_key":"applicationmanagehandovers-display-component---AddNewHO--dueDate"}]}
RESULT: undefined
COMMAND: POST /session/21ce62c4ecbe6d238b640e15c86407e3/execute/async - {"script":"<script> [6424 bytes]","args":[{"element-6066-11e4-a52e-4f735466cecf":"f.93D217436D6DD50F1CAF1D433A497FC6.d.96A9C43C9E7A02AE0F367C5F46C264E7.e.16183"},"setValue",["5/31/25"]]}
RESULT: {"script":"<script> [6424 bytes]","args":[{"element-6066-11e4-a52e-4f735466cecf":"f.93D217436D6DD50F1CAF1D433A497FC6.d.96A9C43C9E7A02AE0F367C5F46C264E7.e.16183"},"setValue",["5/31/25"]]}
COMMAND: POST /session/21ce62c4ecbe6d238b640e15c86407e3/element - {"using":"xpath","value":"//input[@id=\"generalSectionFrg--receiveYard-inner\"]"}
RESULT: {"using":"xpath","value":"//input[@id=\"generalSectionFrg--receiveYard-inner\"]"}
COMMAND: POST /session/21ce62c4ecbe6d238b640e15c86407e3/element/f.93D217436D6DD50F1CAF1D433A497FC6.d.96A9C43C9E7A02AE0F367C5F46C264E7.e.16189/clear - {}
RESULT: {}
COMMAND: POST /session/21ce62c4ecbe6d238b640e15c86407e3/element/f.93D217436D6DD50F1CAF1D433A497FC6.d.96A9C43C9E7A02AE0F367C5F46C264E7.e.16189/value - {"text":"528"}
COMMAND: GET /session/21ce62c4ecbe6d238b640e15c86407e3/screenshot - {}
RESULT: {"text":"528"}
COMMAND: GET /session/21ce62c4ecbe6d238b640e15c86407e3/screenshot - {}
RESULT: {}
RESULT: {}
COMMAND: POST /session/21ce62c4ecbe6d238b640e15c86407e3/element - {"using":"xpath","value":"//li[.//span[contains(text(),'528 -')]]"}
RESULT: {"using":"xpath","value":"//li[.//span[contains(text(),'528 -')]]"}
COMMAND: POST /session/21ce62c4ecbe6d238b640e15c86407e3/elements - {"using":"xpath","value":"//li[.//span[contains(text(),'528 -')]]"}
RESULT: {"using":"xpath","value":"//li[.//span[contains(text(),'528 -')]]"}
COMMAND: POST /session/21ce62c4ecbe6d238b640e15c86407e3/elements - {"using":"xpath","value":"//li[.//span[contains(text(),'528 -')]]"}
RESULT: {"using":"xpath","value":"//li[.//span[contains(text(),'528 -')]]"}
COMMAND: POST /session/21ce62c4ecbe6d238b640e15c86407e3/elements - {"using":"xpath","value":"//li[.//span[contains(text(),'528 -')]]"}
RESULT: {"using":"xpath","value":"//li[.//span[contains(text(),'528 -')]]"}
COMMAND: POST /session/21ce62c4ecbe6d238b640e15c86407e3/elements - {"using":"xpath","value":"//li[.//span[contains(text(),'528 -')]]"}
RESULT: {"using":"xpath","value":"//li[.//span[contains(text(),'528 -')]]"}
COMMAND: POST /session/21ce62c4ecbe6d238b640e15c86407e3/elements - {"using":"xpath","value":"//li[.//span[contains(text(),'528 -')]]"}
RESULT: {"using":"xpath","value":"//li[.//span[contains(text(),'528 -')]]"}
COMMAND: POST /session/21ce62c4ecbe6d238b640e15c86407e3/elements - {"using":"xpath","value":"//li[.//span[contains(text(),'528 -')]]"}
RESULT: {"using":"xpath","value":"//li[.//span[contains(text(),'528 -')]]"}
COMMAND: POST /session/21ce62c4ecbe6d238b640e15c86407e3/elements - {"using":"xpath","value":"//li[.//span[contains(text(),'528 -')]]"}
RESULT: {"using":"xpath","value":"//li[.//span[contains(text(),'528 -')]]"}
COMMAND: POST /session/21ce62c4ecbe6d238b640e15c86407e3/elements - {"using":"xpath","value":"//li[.//span[contains(text(),'528 -')]]"}
RESULT: {"using":"xpath","value":"//li[.//span[contains(text(),'528 -')]]"}
COMMAND: POST /session/21ce62c4ecbe6d238b640e15c86407e3/elements - {"using":"xpath","value":"//li[.//span[contains(text(),'528 -')]]"}
RESULT: {"using":"xpath","value":"//li[.//span[contains(text(),'528 -')]]"}
COMMAND: POST /session/21ce62c4ecbe6d238b640e15c86407e3/elements - {"using":"xpath","value":"//li[.//span[contains(text(),'528 -')]]"}
RESULT: {"using":"xpath","value":"//li[.//span[contains(text(),'528 -')]]"}
COMMAND: POST /session/21ce62c4ecbe6d238b640e15c86407e3/elements - {"using":"xpath","value":"//li[.//span[contains(text(),'528 -')]]"}
RESULT: {"using":"xpath","value":"//li[.//span[contains(text(),'528 -')]]"}
COMMAND: POST /session/21ce62c4ecbe6d238b640e15c86407e3/elements - {"using":"xpath","value":"//li[.//span[contains(text(),'528 -')]]"}
RESULT: {"using":"xpath","value":"//li[.//span[contains(text(),'528 -')]]"}
COMMAND: POST /session/21ce62c4ecbe6d238b640e15c86407e3/elements - {"using":"xpath","value":"//li[.//span[contains(text(),'528 -')]]"}
RESULT: {"using":"xpath","value":"//li[.//span[contains(text(),'528 -')]]"}
COMMAND: POST /session/21ce62c4ecbe6d238b640e15c86407e3/elements - {"using":"xpath","value":"//li[.//span[contains(text(),'528 -')]]"}
RESULT: {"using":"xpath","value":"//li[.//span[contains(text(),'528 -')]]"}
COMMAND: POST /session/21ce62c4ecbe6d238b640e15c86407e3/elements - {"using":"xpath","value":"//li[.//span[contains(text(),'528 -')]]"}
RESULT: {"using":"xpath","value":"//li[.//span[contains(text(),'528 -')]]"}
COMMAND: POST /session/21ce62c4ecbe6d238b640e15c86407e3/elements - {"using":"xpath","value":"//li[.//span[contains(text(),'528 -')]]"}
RESULT: {"using":"xpath","value":"//li[.//span[contains(text(),'528 -')]]"}
COMMAND: POST /session/21ce62c4ecbe6d238b640e15c86407e3/elements - {"using":"xpath","value":"//li[.//span[contains(text(),'528 -')]]"}
RESULT: {"using":"xpath","value":"//li[.//span[contains(text(),'528 -')]]"}
COMMAND: POST /session/21ce62c4ecbe6d238b640e15c86407e3/elements - {"using":"xpath","value":"//li[.//span[contains(text(),'528 -')]]"}
RESULT: {"using":"xpath","value":"//li[.//span[contains(text(),'528 -')]]"}
COMMAND: POST /session/21ce62c4ecbe6d238b640e15c86407e3/elements - {"using":"xpath","value":"//li[.//span[contains(text(),'528 -')]]"}
RESULT: {"using":"xpath","value":"//li[.//span[contains(text(),'528 -')]]"}
COMMAND: POST /session/21ce62c4ecbe6d238b640e15c86407e3/elements - {"using":"xpath","value":"//li[.//span[contains(text(),'528 -')]]"}
RESULT: {"using":"xpath","value":"//li[.//span[contains(text(),'528 -')]]"}
COMMAND: POST /session/21ce62c4ecbe6d238b640e15c86407e3/elements - {"using":"xpath","value":"//li[.//span[contains(text(),'528 -')]]"}
RESULT: {"using":"xpath","value":"//li[.//span[contains(text(),'528 -')]]"}
COMMAND: POST /session/21ce62c4ecbe6d238b640e15c86407e3/elements - {"using":"xpath","value":"//li[.//span[contains(text(),'528 -')]]"}
RESULT: {"using":"xpath","value":"//li[.//span[contains(text(),'528 -')]]"}
COMMAND: POST /session/21ce62c4ecbe6d238b640e15c86407e3/elements - {"using":"xpath","value":"//li[.//span[contains(text(),'528 -')]]"}
RESULT: {"using":"xpath","value":"//li[.//span[contains(text(),'528 -')]]"}
COMMAND: POST /session/21ce62c4ecbe6d238b640e15c86407e3/elements - {"using":"xpath","value":"//li[.//span[contains(text(),'528 -')]]"}
RESULT: {"using":"xpath","value":"//li[.//span[contains(text(),'528 -')]]"}
COMMAND: POST /session/21ce62c4ecbe6d238b640e15c86407e3/elements - {"using":"xpath","value":"//li[.//span[contains(text(),'528 -')]]"}
RESULT: {"using":"xpath","value":"//li[.//span[contains(text(),'528 -')]]"}
COMMAND: POST /session/21ce62c4ecbe6d238b640e15c86407e3/elements - {"using":"xpath","value":"//li[.//span[contains(text(),'528 -')]]"}
RESULT: {"using":"xpath","value":"//li[.//span[contains(text(),'528 -')]]"}
COMMAND: POST /session/21ce62c4ecbe6d238b640e15c86407e3/elements - {"using":"xpath","value":"//li[.//span[contains(text(),'528 -')]]"}
RESULT: {"using":"xpath","value":"//li[.//span[contains(text(),'528 -')]]"}
COMMAND: POST /session/21ce62c4ecbe6d238b640e15c86407e3/elements - {"using":"xpath","value":"//li[.//span[contains(text(),'528 -')]]"}
RESULT: {"using":"xpath","value":"//li[.//span[contains(text(),'528 -')]]"}
COMMAND: POST /session/21ce62c4ecbe6d238b640e15c86407e3/elements - {"using":"xpath","value":"//li[.//span[contains(text(),'528 -')]]"}
RESULT: {"using":"xpath","value":"//li[.//span[contains(text(),'528 -')]]"}
COMMAND: POST /session/21ce62c4ecbe6d238b640e15c86407e3/elements - {"using":"xpath","value":"//li[.//span[contains(text(),'528 -')]]"}
RESULT: {"using":"xpath","value":"//li[.//span[contains(text(),'528 -')]]"}
COMMAND: POST /session/21ce62c4ecbe6d238b640e15c86407e3/elements - {"using":"xpath","value":"//li[.//span[contains(text(),'528 -')]]"}
RESULT: {"using":"xpath","value":"//li[.//span[contains(text(),'528 -')]]"}
COMMAND: POST /session/21ce62c4ecbe6d238b640e15c86407e3/elements - {"using":"xpath","value":"//li[.//span[contains(text(),'528 -')]]"}
RESULT: {"using":"xpath","value":"//li[.//span[contains(text(),'528 -')]]"}
COMMAND: POST /session/21ce62c4ecbe6d238b640e15c86407e3/elements - {"using":"xpath","value":"//li[.//span[contains(text(),'528 -')]]"}
RESULT: {"using":"xpath","value":"//li[.//span[contains(text(),'528 -')]]"}
COMMAND: POST /session/21ce62c4ecbe6d238b640e15c86407e3/elements - {"using":"xpath","value":"//li[.//span[contains(text(),'528 -')]]"}
RESULT: {"using":"xpath","value":"//li[.//span[contains(text(),'528 -')]]"}
COMMAND: POST /session/21ce62c4ecbe6d238b640e15c86407e3/elements - {"using":"xpath","value":"//li[.//span[contains(text(),'528 -')]]"}
RESULT: {"using":"xpath","value":"//li[.//span[contains(text(),'528 -')]]"}
COMMAND: POST /session/21ce62c4ecbe6d238b640e15c86407e3/elements - {"using":"xpath","value":"//li[.//span[contains(text(),'528 -')]]"}
RESULT: {"using":"xpath","value":"//li[.//span[contains(text(),'528 -')]]"}
COMMAND: POST /session/21ce62c4ecbe6d238b640e15c86407e3/elements - {"using":"xpath","value":"//li[.//span[contains(text(),'528 -')]]"}
RESULT: {"using":"xpath","value":"//li[.//span[contains(text(),'528 -')]]"}
COMMAND: POST /session/21ce62c4ecbe6d238b640e15c86407e3/elements - {"using":"xpath","value":"//li[.//span[contains(text(),'528 -')]]"}
RESULT: {"using":"xpath","value":"//li[.//span[contains(text(),'528 -')]]"}
COMMAND: POST /session/21ce62c4ecbe6d238b640e15c86407e3/elements - {"using":"xpath","value":"//li[.//span[contains(text(),'528 -')]]"}
RESULT: {"using":"xpath","value":"//li[.//span[contains(text(),'528 -')]]"}
COMMAND: POST /session/21ce62c4ecbe6d238b640e15c86407e3/elements - {"using":"xpath","value":"//li[.//span[contains(text(),'528 -')]]"}
RESULT: {"using":"xpath","value":"//li[.//span[contains(text(),'528 -')]]"}
COMMAND: POST /session/21ce62c4ecbe6d238b640e15c86407e3/elements - {"using":"xpath","value":"//li[.//span[contains(text(),'528 -')]]"}
RESULT: {"using":"xpath","value":"//li[.//span[contains(text(),'528 -')]]"}
COMMAND: POST /session/21ce62c4ecbe6d238b640e15c86407e3/elements - {"using":"xpath","value":"//li[.//span[contains(text(),'528 -')]]"}
RESULT: {"using":"xpath","value":"//li[.//span[contains(text(),'528 -')]]"}
COMMAND: POST /session/21ce62c4ecbe6d238b640e15c86407e3/elements - {"using":"xpath","value":"//li[.//span[contains(text(),'528 -')]]"}
RESULT: {"using":"xpath","value":"//li[.//span[contains(text(),'528 -')]]"}
COMMAND: POST /session/21ce62c4ecbe6d238b640e15c86407e3/elements - {"using":"xpath","value":"//li[.//span[contains(text(),'528 -')]]"}
RESULT: {"using":"xpath","value":"//li[.//span[contains(text(),'528 -')]]"}
COMMAND: POST /session/21ce62c4ecbe6d238b640e15c86407e3/elements - {"using":"xpath","value":"//li[.//span[contains(text(),'528 -')]]"}
RESULT: {"using":"xpath","value":"//li[.//span[contains(text(),'528 -')]]"}
COMMAND: POST /session/21ce62c4ecbe6d238b640e15c86407e3/elements - {"using":"xpath","value":"//li[.//span[contains(text(),'528 -')]]"}
RESULT: {"using":"xpath","value":"//li[.//span[contains(text(),'528 -')]]"}
COMMAND: POST /session/21ce62c4ecbe6d238b640e15c86407e3/elements - {"using":"xpath","value":"//li[.//span[contains(text(),'528 -')]]"}
RESULT: {"using":"xpath","value":"//li[.//span[contains(text(),'528 -')]]"}
COMMAND: POST /session/21ce62c4ecbe6d238b640e15c86407e3/elements - {"using":"xpath","value":"//li[.//span[contains(text(),'528 -')]]"}
RESULT: {"using":"xpath","value":"//li[.//span[contains(text(),'528 -')]]"}
COMMAND: POST /session/21ce62c4ecbe6d238b640e15c86407e3/elements - {"using":"xpath","value":"//li[.//span[contains(text(),'528 -')]]"}
RESULT: {"using":"xpath","value":"//li[.//span[contains(text(),'528 -')]]"}
COMMAND: POST /session/21ce62c4ecbe6d238b640e15c86407e3/elements - {"using":"xpath","value":"//li[.//span[contains(text(),'528 -')]]"}
RESULT: {"using":"xpath","value":"//li[.//span[contains(text(),'528 -')]]"}
COMMAND: POST /session/21ce62c4ecbe6d238b640e15c86407e3/elements - {"using":"xpath","value":"//li[.//span[contains(text(),'528 -')]]"}
RESULT: {"using":"xpath","value":"//li[.//span[contains(text(),'528 -')]]"}
COMMAND: POST /session/21ce62c4ecbe6d238b640e15c86407e3/elements - {"using":"xpath","value":"//li[.//span[contains(text(),'528 -')]]"}
RESULT: {"using":"xpath","value":"//li[.//span[contains(text(),'528 -')]]"}
COMMAND: POST /session/21ce62c4ecbe6d238b640e15c86407e3/elements - {"using":"xpath","value":"//li[.//span[contains(text(),'528 -')]]"}
RESULT: {"using":"xpath","value":"//li[.//span[contains(text(),'528 -')]]"}
COMMAND: POST /session/21ce62c4ecbe6d238b640e15c86407e3/elements - {"using":"xpath","value":"//li[.//span[contains(text(),'528 -')]]"}
RESULT: {"using":"xpath","value":"//li[.//span[contains(text(),'528 -')]]"}
COMMAND: POST /session/21ce62c4ecbe6d238b640e15c86407e3/elements - {"using":"xpath","value":"//li[.//span[contains(text(),'528 -')]]"}
RESULT: {"using":"xpath","value":"//li[.//span[contains(text(),'528 -')]]"}
COMMAND: POST /session/21ce62c4ecbe6d238b640e15c86407e3/elements - {"using":"xpath","value":"//li[.//span[contains(text(),'528 -')]]"}
RESULT: {"using":"xpath","value":"//li[.//span[contains(text(),'528 -')]]"}
COMMAND: POST /session/21ce62c4ecbe6d238b640e15c86407e3/elements - {"using":"xpath","value":"//li[.//span[contains(text(),'528 -')]]"}
RESULT: {"using":"xpath","value":"//li[.//span[contains(text(),'528 -')]]"}
COMMAND: POST /session/21ce62c4ecbe6d238b640e15c86407e3/elements - {"using":"xpath","value":"//li[.//span[contains(text(),'528 -')]]"}
RESULT: {"using":"xpath","value":"//li[.//span[contains(text(),'528 -')]]"}
COMMAND: POST /session/21ce62c4ecbe6d238b640e15c86407e3/elements - {"using":"xpath","value":"//li[.//span[contains(text(),'528 -')]]"}
RESULT: {"using":"xpath","value":"//li[.//span[contains(text(),'528 -')]]"}
COMMAND: POST /session/21ce62c4ecbe6d238b640e15c86407e3/elements - {"using":"xpath","value":"//li[.//span[contains(text(),'528 -')]]"}
RESULT: {"using":"xpath","value":"//li[.//span[contains(text(),'528 -')]]"}
COMMAND: POST /session/21ce62c4ecbe6d238b640e15c86407e3/elements - {"using":"xpath","value":"//li[.//span[contains(text(),'528 -')]]"}
RESULT: {"using":"xpath","value":"//li[.//span[contains(text(),'528 -')]]"}
COMMAND: POST /session/21ce62c4ecbe6d238b640e15c86407e3/elements - {"using":"xpath","value":"//li[.//span[contains(text(),'528 -')]]"}
RESULT: {"using":"xpath","value":"//li[.//span[contains(text(),'528 -')]]"}
COMMAND: POST /session/21ce62c4ecbe6d238b640e15c86407e3/elements - {"using":"xpath","value":"//li[.//span[contains(text(),'528 -')]]"}
RESULT: {"using":"xpath","value":"//li[.//span[contains(text(),'528 -')]]"}
COMMAND: POST /session/21ce62c4ecbe6d238b640e15c86407e3/elements - {"using":"xpath","value":"//li[.//span[contains(text(),'528 -')]]"}
RESULT: {"using":"xpath","value":"//li[.//span[contains(text(),'528 -')]]"}
COMMAND: POST /session/21ce62c4ecbe6d238b640e15c86407e3/elements - {"using":"xpath","value":"//li[.//span[contains(text(),'528 -')]]"}
RESULT: {"using":"xpath","value":"//li[.//span[contains(text(),'528 -')]]"}
COMMAND: POST /session/21ce62c4ecbe6d238b640e15c86407e3/elements - {"using":"xpath","value":"//li[.//span[contains(text(),'528 -')]]"}
RESULT: {"using":"xpath","value":"//li[.//span[contains(text(),'528 -')]]"}
COMMAND: POST /session/21ce62c4ecbe6d238b640e15c86407e3/elements - {"using":"xpath","value":"//li[.//span[contains(text(),'528 -')]]"}
RESULT: {"using":"xpath","value":"//li[.//span[contains(text(),'528 -')]]"}
COMMAND: POST /session/21ce62c4ecbe6d238b640e15c86407e3/elements - {"using":"xpath","value":"//li[.//span[contains(text(),'528 -')]]"}
RESULT: {"using":"xpath","value":"//li[.//span[contains(text(),'528 -')]]"}
COMMAND: POST /session/21ce62c4ecbe6d238b640e15c86407e3/elements - {"using":"xpath","value":"//li[.//span[contains(text(),'528 -')]]"}
RESULT: {"using":"xpath","value":"//li[.//span[contains(text(),'528 -')]]"}
COMMAND: POST /session/21ce62c4ecbe6d238b640e15c86407e3/elements - {"using":"xpath","value":"//li[.//span[contains(text(),'528 -')]]"}
RESULT: {"using":"xpath","value":"//li[.//span[contains(text(),'528 -')]]"}
COMMAND: POST /session/21ce62c4ecbe6d238b640e15c86407e3/elements - {"using":"xpath","value":"//li[.//span[contains(text(),'528 -')]]"}
RESULT: {"using":"xpath","value":"//li[.//span[contains(text(),'528 -')]]"}
COMMAND: POST /session/21ce62c4ecbe6d238b640e15c86407e3/elements - {"using":"xpath","value":"//li[.//span[contains(text(),'528 -')]]"}
RESULT: {"using":"xpath","value":"//li[.//span[contains(text(),'528 -')]]"}
COMMAND: POST /session/21ce62c4ecbe6d238b640e15c86407e3/elements - {"using":"xpath","value":"//li[.//span[contains(text(),'528 -')]]"}
RESULT: {"using":"xpath","value":"//li[.//span[contains(text(),'528 -')]]"}
COMMAND: POST /session/21ce62c4ecbe6d238b640e15c86407e3/elements - {"using":"xpath","value":"//li[.//span[contains(text(),'528 -')]]"}
RESULT: {"using":"xpath","value":"//li[.//span[contains(text(),'528 -')]]"}
COMMAND: POST /session/21ce62c4ecbe6d238b640e15c86407e3/elements - {"using":"xpath","value":"//li[.//span[contains(text(),'528 -')]]"}
RESULT: {"using":"xpath","value":"//li[.//span[contains(text(),'528 -')]]"}
COMMAND: POST /session/21ce62c4ecbe6d238b640e15c86407e3/elements - {"using":"xpath","value":"//li[.//span[contains(text(),'528 -')]]"}
RESULT: {"using":"xpath","value":"//li[.//span[contains(text(),'528 -')]]"}
COMMAND: POST /session/21ce62c4ecbe6d238b640e15c86407e3/elements - {"using":"xpath","value":"//li[.//span[contains(text(),'528 -')]]"}
RESULT: {"using":"xpath","value":"//li[.//span[contains(text(),'528 -')]]"}
COMMAND: POST /session/21ce62c4ecbe6d238b640e15c86407e3/elements - {"using":"xpath","value":"//li[.//span[contains(text(),'528 -')]]"}
RESULT: {"using":"xpath","value":"//li[.//span[contains(text(),'528 -')]]"}
COMMAND: POST /session/21ce62c4ecbe6d238b640e15c86407e3/elements - {"using":"xpath","value":"//li[.//span[contains(text(),'528 -')]]"}
RESULT: {"using":"xpath","value":"//li[.//span[contains(text(),'528 -')]]"}
COMMAND: POST /session/21ce62c4ecbe6d238b640e15c86407e3/elements - {"using":"xpath","value":"//li[.//span[contains(text(),'528 -')]]"}
RESULT: {"using":"xpath","value":"//li[.//span[contains(text(),'528 -')]]"}
COMMAND: POST /session/21ce62c4ecbe6d238b640e15c86407e3/elements - {"using":"xpath","value":"//li[.//span[contains(text(),'528 -')]]"}
RESULT: {"using":"xpath","value":"//li[.//span[contains(text(),'528 -')]]"}
COMMAND: POST /session/21ce62c4ecbe6d238b640e15c86407e3/elements - {"using":"xpath","value":"//li[.//span[contains(text(),'528 -')]]"}
RESULT: {"using":"xpath","value":"//li[.//span[contains(text(),'528 -')]]"}
COMMAND: POST /session/21ce62c4ecbe6d238b640e15c86407e3/elements - {"using":"xpath","value":"//li[.//span[contains(text(),'528 -')]]"}
RESULT: {"using":"xpath","value":"//li[.//span[contains(text(),'528 -')]]"}
COMMAND: POST /session/21ce62c4ecbe6d238b640e15c86407e3/elements - {"using":"xpath","value":"//li[.//span[contains(text(),'528 -')]]"}
RESULT: {"using":"xpath","value":"//li[.//span[contains(text(),'528 -')]]"}
COMMAND: POST /session/21ce62c4ecbe6d238b640e15c86407e3/elements - {"using":"xpath","value":"//li[.//span[contains(text(),'528 -')]]"}
RESULT: {"using":"xpath","value":"//li[.//span[contains(text(),'528 -')]]"}
COMMAND: POST /session/21ce62c4ecbe6d238b640e15c86407e3/elements - {"using":"xpath","value":"//li[.//span[contains(text(),'528 -')]]"}
RESULT: {"using":"xpath","value":"//li[.//span[contains(text(),'528 -')]]"}
COMMAND: POST /session/21ce62c4ecbe6d238b640e15c86407e3/elements - {"using":"xpath","value":"//li[.//span[contains(text(),'528 -')]]"}
RESULT: {"using":"xpath","value":"//li[.//span[contains(text(),'528 -')]]"}
COMMAND: POST /session/21ce62c4ecbe6d238b640e15c86407e3/elements - {"using":"xpath","value":"//li[.//span[contains(text(),'528 -')]]"}
RESULT: {"using":"xpath","value":"//li[.//span[contains(text(),'528 -')]]"}
COMMAND: POST /session/21ce62c4ecbe6d238b640e15c86407e3/elements - {"using":"xpath","value":"//li[.//span[contains(text(),'528 -')]]"}
RESULT: {"using":"xpath","value":"//li[.//span[contains(text(),'528 -')]]"}
COMMAND: POST /session/21ce62c4ecbe6d238b640e15c86407e3/elements - {"using":"xpath","value":"//li[.//span[contains(text(),'528 -')]]"}
RESULT: {"using":"xpath","value":"//li[.//span[contains(text(),'528 -')]]"}
COMMAND: POST /session/21ce62c4ecbe6d238b640e15c86407e3/elements - {"using":"xpath","value":"//li[.//span[contains(text(),'528 -')]]"}
RESULT: {"using":"xpath","value":"//li[.//span[contains(text(),'528 -')]]"}
COMMAND: POST /session/21ce62c4ecbe6d238b640e15c86407e3/elements - {"using":"xpath","value":"//li[.//span[contains(text(),'528 -')]]"}
RESULT: {"using":"xpath","value":"//li[.//span[contains(text(),'528 -')]]"}
COMMAND: POST /session/21ce62c4ecbe6d238b640e15c86407e3/elements - {"using":"xpath","value":"//li[.//span[contains(text(),'528 -')]]"}
RESULT: {"using":"xpath","value":"//li[.//span[contains(text(),'528 -')]]"}
COMMAND: POST /session/21ce62c4ecbe6d238b640e15c86407e3/elements - {"using":"xpath","value":"//li[.//span[contains(text(),'528 -')]]"}
RESULT: {"using":"xpath","value":"//li[.//span[contains(text(),'528 -')]]"}
COMMAND: POST /session/21ce62c4ecbe6d238b640e15c86407e3/elements - {"using":"xpath","value":"//li[.//span[contains(text(),'528 -')]]"}
RESULT: {"using":"xpath","value":"//li[.//span[contains(text(),'528 -')]]"}
COMMAND: POST /session/21ce62c4ecbe6d238b640e15c86407e3/elements - {"using":"xpath","value":"//li[.//span[contains(text(),'528 -')]]"}
RESULT: {"using":"xpath","value":"//li[.//span[contains(text(),'528 -')]]"}
COMMAND: POST /session/21ce62c4ecbe6d238b640e15c86407e3/elements - {"using":"xpath","value":"//li[.//span[contains(text(),'528 -')]]"}
RESULT: {"using":"xpath","value":"//li[.//span[contains(text(),'528 -')]]"}
COMMAND: POST /session/21ce62c4ecbe6d238b640e15c86407e3/elements - {"using":"xpath","value":"//li[.//span[contains(text(),'528 -')]]"}
RESULT: {"using":"xpath","value":"//li[.//span[contains(text(),'528 -')]]"}
COMMAND: POST /session/21ce62c4ecbe6d238b640e15c86407e3/elements - {"using":"xpath","value":"//li[.//span[contains(text(),'528 -')]]"}
RESULT: {"using":"xpath","value":"//li[.//span[contains(text(),'528 -')]]"}
COMMAND: POST /session/21ce62c4ecbe6d238b640e15c86407e3/elements - {"using":"xpath","value":"//li[.//span[contains(text(),'528 -')]]"}
RESULT: {"using":"xpath","value":"//li[.//span[contains(text(),'528 -')]]"}
COMMAND: POST /session/21ce62c4ecbe6d238b640e15c86407e3/elements - {"using":"xpath","value":"//li[.//span[contains(text(),'528 -')]]"}
RESULT: {"using":"xpath","value":"//li[.//span[contains(text(),'528 -')]]"}
COMMAND: POST /session/21ce62c4ecbe6d238b640e15c86407e3/elements - {"using":"xpath","value":"//li[.//span[contains(text(),'528 -')]]"}
RESULT: {"using":"xpath","value":"//li[.//span[contains(text(),'528 -')]]"}
COMMAND: POST /session/21ce62c4ecbe6d238b640e15c86407e3/elements - {"using":"xpath","value":"//li[.//span[contains(text(),'528 -')]]"}
RESULT: {"using":"xpath","value":"//li[.//span[contains(text(),'528 -')]]"}
COMMAND: POST /session/21ce62c4ecbe6d238b640e15c86407e3/elements - {"using":"xpath","value":"//li[.//span[contains(text(),'528 -')]]"}
RESULT: {"using":"xpath","value":"//li[.//span[contains(text(),'528 -')]]"}
COMMAND: POST /session/21ce62c4ecbe6d238b640e15c86407e3/elements - {"using":"xpath","value":"//li[.//span[contains(text(),'528 -')]]"}
RESULT: {"using":"xpath","value":"//li[.//span[contains(text(),'528 -')]]"}
COMMAND: POST /session/21ce62c4ecbe6d238b640e15c86407e3/elements - {"using":"xpath","value":"//li[.//span[contains(text(),'528 -')]]"}
RESULT: {"using":"xpath","value":"//li[.//span[contains(text(),'528 -')]]"}
COMMAND: POST /session/21ce62c4ecbe6d238b640e15c86407e3/elements - {"using":"xpath","value":"//li[.//span[contains(text(),'528 -')]]"}
RESULT: {"using":"xpath","value":"//li[.//span[contains(text(),'528 -')]]"}
COMMAND: POST /session/21ce62c4ecbe6d238b640e15c86407e3/elements - {"using":"xpath","value":"//li[.//span[contains(text(),'528 -')]]"}
RESULT: {"using":"xpath","value":"//li[.//span[contains(text(),'528 -')]]"}
COMMAND: POST /session/21ce62c4ecbe6d238b640e15c86407e3/elements - {"using":"xpath","value":"//li[.//span[contains(text(),'528 -')]]"}
RESULT: {"using":"xpath","value":"//li[.//span[contains(text(),'528 -')]]"}
COMMAND: POST /session/21ce62c4ecbe6d238b640e15c86407e3/elements - {"using":"xpath","value":"//li[.//span[contains(text(),'528 -')]]"}
RESULT: {"using":"xpath","value":"//li[.//span[contains(text(),'528 -')]]"}
COMMAND: POST /session/21ce62c4ecbe6d238b640e15c86407e3/elements - {"using":"xpath","value":"//li[.//span[contains(text(),'528 -')]]"}
RESULT: {"using":"xpath","value":"//li[.//span[contains(text(),'528 -')]]"}
COMMAND: POST /session/21ce62c4ecbe6d238b640e15c86407e3/elements - {"using":"xpath","value":"//li[.//span[contains(text(),'528 -')]]"}
RESULT: {"using":"xpath","value":"//li[.//span[contains(text(),'528 -')]]"}
COMMAND: POST /session/21ce62c4ecbe6d238b640e15c86407e3/elements - {"using":"xpath","value":"//li[.//span[contains(text(),'528 -')]]"}
RESULT: {"using":"xpath","value":"//li[.//span[contains(text(),'528 -')]]"}
COMMAND: POST /session/21ce62c4ecbe6d238b640e15c86407e3/elements - {"using":"xpath","value":"//li[.//span[contains(text(),'528 -')]]"}
RESULT: {"using":"xpath","value":"//li[.//span[contains(text(),'528 -')]]"}
COMMAND: POST /session/21ce62c4ecbe6d238b640e15c86407e3/elements - {"using":"xpath","value":"//li[.//span[contains(text(),'528 -')]]"}
RESULT: {"using":"xpath","value":"//li[.//span[contains(text(),'528 -')]]"}
COMMAND: POST /session/21ce62c4ecbe6d238b640e15c86407e3/elements - {"using":"xpath","value":"//li[.//span[contains(text(),'528 -')]]"}
RESULT: {"using":"xpath","value":"//li[.//span[contains(text(),'528 -')]]"}
COMMAND: POST /session/21ce62c4ecbe6d238b640e15c86407e3/elements - {"using":"xpath","value":"//li[.//span[contains(text(),'528 -')]]"}
RESULT: {"using":"xpath","value":"//li[.//span[contains(text(),'528 -')]]"}
COMMAND: POST /session/21ce62c4ecbe6d238b640e15c86407e3/elements - {"using":"xpath","value":"//li[.//span[contains(text(),'528 -')]]"}
RESULT: {"using":"xpath","value":"//li[.//span[contains(text(),'528 -')]]"}
COMMAND: POST /session/21ce62c4ecbe6d238b640e15c86407e3/elements - {"using":"xpath","value":"//li[.//span[contains(text(),'528 -')]]"}
RESULT: {"using":"xpath","value":"//li[.//span[contains(text(),'528 -')]]"}
COMMAND: POST /session/21ce62c4ecbe6d238b640e15c86407e3/elements - {"using":"xpath","value":"//li[.//span[contains(text(),'528 -')]]"}
RESULT: {"using":"xpath","value":"//li[.//span[contains(text(),'528 -')]]"}
COMMAND: GET /session/21ce62c4ecbe6d238b640e15c86407e3/screenshot - {}
RESULT: {}
]]></system-out>
      <system-err><![CDATA[
Error: Can't call click on element with selector "//li[.//span[contains(text(),'528 -')]]" because element wasn't found
    at async UtilsPrerequisites.stockIncrease (D:\a\1\s\test\specs\BTS\prerequisites-and-utils-functions.js:1638:9)
    at async Context.<anonymous> (D:\a\1\s\test\specs\HTR\transfer-yard-to-yard.spec.js:52:9)
]]></system-err>
    </testcase>
    <testcase classname="chrome.136_0_7103_93.windows.Transfer_Yard_to_Yard_US131076" name="Should do a stock increase handover for equipment multipart" time="90.648">
      <failure/>
      <error message="Can't call click on element with selector &quot;//li[.//span[contains(text(),'528 -')]]&quot; because element wasn't found"/>
      <system-out><![CDATA[
COMMAND: GET /session/21ce62c4ecbe6d238b640e15c86407e3/screenshot - {}
RESULT: undefined
COMMAND: POST /session/21ce62c4ecbe6d238b640e15c86407e3/element - {"using":"xpath","value":"//*[@id=\"__tile133\"]"}
RESULT: {}
RESULT: {"using":"xpath","value":"//*[@id=\"__tile133\"]"}
COMMAND: POST /session/21ce62c4ecbe6d238b640e15c86407e3/element/f.93D217436D6DD50F1CAF1D433A497FC6.d.96A9C43C9E7A02AE0F367C5F46C264E7.e.13543/click - {}
COMMAND: POST /session/21ce62c4ecbe6d238b640e15c86407e3/elements - {"using":"xpath","value":"//span[text()='Error']"}
RESULT: {"using":"xpath","value":"//span[text()='Error']"}
COMMAND: POST /session/21ce62c4ecbe6d238b640e15c86407e3/element - {"using":"xpath","value":"//button[@data-kt=\"masterHOAddButton\"]"}
RESULT: {"using":"xpath","value":"//button[@data-kt=\"masterHOAddButton\"]"}
COMMAND: POST /session/21ce62c4ecbe6d238b640e15c86407e3/elements - {"using":"xpath","value":"//button[@data-kt=\"masterHOAddButton\"]"}
RESULT: {"using":"xpath","value":"//button[@data-kt=\"masterHOAddButton\"]"}
COMMAND: POST /session/21ce62c4ecbe6d238b640e15c86407e3/execute/sync - {"script":"<script> [8489 bytes]","args":[{"element-6066-11e4-a52e-4f735466cecf":"f.93D217436D6DD50F1CAF1D433A497FC6.d.96A9C43C9E7A02AE0F367C5F46C264E7.e.15840","ELEMENT":"f.93D217436D6DD50F1CAF1D433A497FC6.d.96A9C43C9E7A02AE0F367C5F46C264E7.e.15840"}]}
RESULT: {"script":"<script> [8489 bytes]","args":[{"element-6066-11e4-a52e-4f735466cecf":"f.93D217436D6DD50F1CAF1D433A497FC6.d.96A9C43C9E7A02AE0F367C5F46C264E7.e.15840","ELEMENT":"f.93D217436D6DD50F1CAF1D433A497FC6.d.96A9C43C9E7A02AE0F367C5F46C264E7.e.15840"}]}
COMMAND: GET /session/21ce62c4ecbe6d238b640e15c86407e3/element/f.93D217436D6DD50F1CAF1D433A497FC6.d.96A9C43C9E7A02AE0F367C5F46C264E7.e.15840/enabled - {}
COMMAND: GET /session/21ce62c4ecbe6d238b640e15c86407e3/screenshot - {}
RESULT: {}
COMMAND: POST /session/21ce62c4ecbe6d238b640e15c86407e3/execute/sync - {"script":"<script> [8489 bytes]","args":[{"element-6066-11e4-a52e-4f735466cecf":"f.93D217436D6DD50F1CAF1D433A497FC6.d.96A9C43C9E7A02AE0F367C5F46C264E7.e.15840","ELEMENT":"f.93D217436D6DD50F1CAF1D433A497FC6.d.96A9C43C9E7A02AE0F367C5F46C264E7.e.15840"}]}
COMMAND: GET /session/21ce62c4ecbe6d238b640e15c86407e3/screenshot - {}
RESULT: {}
RESULT: {"script":"<script> [8489 bytes]","args":[{"element-6066-11e4-a52e-4f735466cecf":"f.93D217436D6DD50F1CAF1D433A497FC6.d.96A9C43C9E7A02AE0F367C5F46C264E7.e.15840","ELEMENT":"f.93D217436D6DD50F1CAF1D433A497FC6.d.96A9C43C9E7A02AE0F367C5F46C264E7.e.15840"}]}
COMMAND: POST /session/21ce62c4ecbe6d238b640e15c86407e3/execute/sync - {"script":"<script> [5351 bytes]","args":[{"element-6066-11e4-a52e-4f735466cecf":"f.93D217436D6DD50F1CAF1D433A497FC6.d.96A9C43C9E7A02AE0F367C5F46C264E7.e.15840","ELEMENT":"f.93D217436D6DD50F1CAF1D433A497FC6.d.96A9C43C9E7A02AE0F367C5F46C264E7.e.15840"}]}
COMMAND: GET /session/21ce62c4ecbe6d238b640e15c86407e3/screenshot - {}
RESULT: {}
RESULT: {"script":"<script> [5351 bytes]","args":[{"element-6066-11e4-a52e-4f735466cecf":"f.93D217436D6DD50F1CAF1D433A497FC6.d.96A9C43C9E7A02AE0F367C5F46C264E7.e.15840","ELEMENT":"f.93D217436D6DD50F1CAF1D433A497FC6.d.96A9C43C9E7A02AE0F367C5F46C264E7.e.15840"}]}
COMMAND: POST /session/21ce62c4ecbe6d238b640e15c86407e3/element/f.93D217436D6DD50F1CAF1D433A497FC6.d.96A9C43C9E7A02AE0F367C5F46C264E7.e.15840/click - {}
COMMAND: GET /session/21ce62c4ecbe6d238b640e15c86407e3/screenshot - {}
RESULT: {}
RESULT: {}
COMMAND: GET /session/21ce62c4ecbe6d238b640e15c86407e3/screenshot - {}
RESULT: {}
RESULT: {}
COMMAND: POST /session/21ce62c4ecbe6d238b640e15c86407e3/element - {"using":"xpath","value":"//span[contains(@id ,\"AddNewHO--typeSelect-arrow\")]"}
RESULT: {"using":"xpath","value":"//span[contains(@id ,\"AddNewHO--typeSelect-arrow\")]"}
COMMAND: POST /session/21ce62c4ecbe6d238b640e15c86407e3/element/f.93D217436D6DD50F1CAF1D433A497FC6.d.96A9C43C9E7A02AE0F367C5F46C264E7.e.16204/click - {}
RESULT: {}
COMMAND: GET /session/21ce62c4ecbe6d238b640e15c86407e3/screenshot - {}
RESULT: {}
COMMAND: POST /session/21ce62c4ecbe6d238b640e15c86407e3/element - {"using":"xpath","value":"(//li[contains(text(), \"stock increase yard\")])[1]"}
RESULT: {"using":"xpath","value":"(//li[contains(text(), \"stock increase yard\")])[1]"}
COMMAND: POST /session/21ce62c4ecbe6d238b640e15c86407e3/element/f.93D217436D6DD50F1CAF1D433A497FC6.d.96A9C43C9E7A02AE0F367C5F46C264E7.e.16179/click - {}
RESULT: {}
COMMAND: GET /session/21ce62c4ecbe6d238b640e15c86407e3/screenshot - {}
RESULT: {}
RESULT: undefined
COMMAND: POST /session/21ce62c4ecbe6d238b640e15c86407e3/execute/async - {"script":"<script> [6424 bytes]","args":[{"element-6066-11e4-a52e-4f735466cecf":"f.93D217436D6DD50F1CAF1D433A497FC6.d.96A9C43C9E7A02AE0F367C5F46C264E7.e.16183"},"setValue",["5/31/25"]]}
RESULT: {"script":"<script> [6424 bytes]","args":[{"element-6066-11e4-a52e-4f735466cecf":"f.93D217436D6DD50F1CAF1D433A497FC6.d.96A9C43C9E7A02AE0F367C5F46C264E7.e.16183"},"setValue",["5/31/25"]]}
COMMAND: POST /session/21ce62c4ecbe6d238b640e15c86407e3/element - {"using":"xpath","value":"//input[@id=\"generalSectionFrg--receiveYard-inner\"]"}
RESULT: {"using":"xpath","value":"//input[@id=\"generalSectionFrg--receiveYard-inner\"]"}
COMMAND: POST /session/21ce62c4ecbe6d238b640e15c86407e3/element/f.93D217436D6DD50F1CAF1D433A497FC6.d.96A9C43C9E7A02AE0F367C5F46C264E7.e.16189/clear - {}
RESULT: {}
COMMAND: POST /session/21ce62c4ecbe6d238b640e15c86407e3/element/f.93D217436D6DD50F1CAF1D433A497FC6.d.96A9C43C9E7A02AE0F367C5F46C264E7.e.16189/value - {"text":"528"}
COMMAND: GET /session/21ce62c4ecbe6d238b640e15c86407e3/screenshot - {}
RESULT: {"text":"528"}
COMMAND: GET /session/21ce62c4ecbe6d238b640e15c86407e3/screenshot - {}
RESULT: {}
RESULT: {}
COMMAND: POST /session/21ce62c4ecbe6d238b640e15c86407e3/element - {"using":"xpath","value":"//li[.//span[contains(text(),'528 -')]]"}
RESULT: {"using":"xpath","value":"//li[.//span[contains(text(),'528 -')]]"}
COMMAND: POST /session/21ce62c4ecbe6d238b640e15c86407e3/elements - {"using":"xpath","value":"//li[.//span[contains(text(),'528 -')]]"}
RESULT: {"using":"xpath","value":"//li[.//span[contains(text(),'528 -')]]"}
COMMAND: POST /session/21ce62c4ecbe6d238b640e15c86407e3/elements - {"using":"xpath","value":"//li[.//span[contains(text(),'528 -')]]"}
RESULT: {"using":"xpath","value":"//li[.//span[contains(text(),'528 -')]]"}
COMMAND: POST /session/21ce62c4ecbe6d238b640e15c86407e3/elements - {"using":"xpath","value":"//li[.//span[contains(text(),'528 -')]]"}
RESULT: {"using":"xpath","value":"//li[.//span[contains(text(),'528 -')]]"}
COMMAND: POST /session/21ce62c4ecbe6d238b640e15c86407e3/elements - {"using":"xpath","value":"//li[.//span[contains(text(),'528 -')]]"}
RESULT: {"using":"xpath","value":"//li[.//span[contains(text(),'528 -')]]"}
COMMAND: POST /session/21ce62c4ecbe6d238b640e15c86407e3/elements - {"using":"xpath","value":"//li[.//span[contains(text(),'528 -')]]"}
RESULT: {"using":"xpath","value":"//li[.//span[contains(text(),'528 -')]]"}
COMMAND: POST /session/21ce62c4ecbe6d238b640e15c86407e3/elements - {"using":"xpath","value":"//li[.//span[contains(text(),'528 -')]]"}
RESULT: {"using":"xpath","value":"//li[.//span[contains(text(),'528 -')]]"}
COMMAND: POST /session/21ce62c4ecbe6d238b640e15c86407e3/elements - {"using":"xpath","value":"//li[.//span[contains(text(),'528 -')]]"}
RESULT: {"using":"xpath","value":"//li[.//span[contains(text(),'528 -')]]"}
COMMAND: POST /session/21ce62c4ecbe6d238b640e15c86407e3/elements - {"using":"xpath","value":"//li[.//span[contains(text(),'528 -')]]"}
RESULT: {"using":"xpath","value":"//li[.//span[contains(text(),'528 -')]]"}
COMMAND: POST /session/21ce62c4ecbe6d238b640e15c86407e3/elements - {"using":"xpath","value":"//li[.//span[contains(text(),'528 -')]]"}
RESULT: {"using":"xpath","value":"//li[.//span[contains(text(),'528 -')]]"}
COMMAND: POST /session/21ce62c4ecbe6d238b640e15c86407e3/elements - {"using":"xpath","value":"//li[.//span[contains(text(),'528 -')]]"}
RESULT: {"using":"xpath","value":"//li[.//span[contains(text(),'528 -')]]"}
COMMAND: POST /session/21ce62c4ecbe6d238b640e15c86407e3/elements - {"using":"xpath","value":"//li[.//span[contains(text(),'528 -')]]"}
RESULT: {"using":"xpath","value":"//li[.//span[contains(text(),'528 -')]]"}
COMMAND: POST /session/21ce62c4ecbe6d238b640e15c86407e3/elements - {"using":"xpath","value":"//li[.//span[contains(text(),'528 -')]]"}
RESULT: {"using":"xpath","value":"//li[.//span[contains(text(),'528 -')]]"}
COMMAND: POST /session/21ce62c4ecbe6d238b640e15c86407e3/elements - {"using":"xpath","value":"//li[.//span[contains(text(),'528 -')]]"}
RESULT: {"using":"xpath","value":"//li[.//span[contains(text(),'528 -')]]"}
COMMAND: POST /session/21ce62c4ecbe6d238b640e15c86407e3/elements - {"using":"xpath","value":"//li[.//span[contains(text(),'528 -')]]"}
RESULT: {"using":"xpath","value":"//li[.//span[contains(text(),'528 -')]]"}
COMMAND: POST /session/21ce62c4ecbe6d238b640e15c86407e3/elements - {"using":"xpath","value":"//li[.//span[contains(text(),'528 -')]]"}
RESULT: {"using":"xpath","value":"//li[.//span[contains(text(),'528 -')]]"}
COMMAND: POST /session/21ce62c4ecbe6d238b640e15c86407e3/elements - {"using":"xpath","value":"//li[.//span[contains(text(),'528 -')]]"}
RESULT: {"using":"xpath","value":"//li[.//span[contains(text(),'528 -')]]"}
COMMAND: POST /session/21ce62c4ecbe6d238b640e15c86407e3/elements - {"using":"xpath","value":"//li[.//span[contains(text(),'528 -')]]"}
RESULT: {"using":"xpath","value":"//li[.//span[contains(text(),'528 -')]]"}
COMMAND: POST /session/21ce62c4ecbe6d238b640e15c86407e3/elements - {"using":"xpath","value":"//li[.//span[contains(text(),'528 -')]]"}
RESULT: {"using":"xpath","value":"//li[.//span[contains(text(),'528 -')]]"}
COMMAND: POST /session/21ce62c4ecbe6d238b640e15c86407e3/elements - {"using":"xpath","value":"//li[.//span[contains(text(),'528 -')]]"}
RESULT: {"using":"xpath","value":"//li[.//span[contains(text(),'528 -')]]"}
COMMAND: POST /session/21ce62c4ecbe6d238b640e15c86407e3/elements - {"using":"xpath","value":"//li[.//span[contains(text(),'528 -')]]"}
RESULT: {"using":"xpath","value":"//li[.//span[contains(text(),'528 -')]]"}
COMMAND: POST /session/21ce62c4ecbe6d238b640e15c86407e3/elements - {"using":"xpath","value":"//li[.//span[contains(text(),'528 -')]]"}
RESULT: {"using":"xpath","value":"//li[.//span[contains(text(),'528 -')]]"}
COMMAND: POST /session/21ce62c4ecbe6d238b640e15c86407e3/elements - {"using":"xpath","value":"//li[.//span[contains(text(),'528 -')]]"}
RESULT: {"using":"xpath","value":"//li[.//span[contains(text(),'528 -')]]"}
COMMAND: POST /session/21ce62c4ecbe6d238b640e15c86407e3/elements - {"using":"xpath","value":"//li[.//span[contains(text(),'528 -')]]"}
RESULT: {"using":"xpath","value":"//li[.//span[contains(text(),'528 -')]]"}
COMMAND: POST /session/21ce62c4ecbe6d238b640e15c86407e3/elements - {"using":"xpath","value":"//li[.//span[contains(text(),'528 -')]]"}
RESULT: {"using":"xpath","value":"//li[.//span[contains(text(),'528 -')]]"}
COMMAND: POST /session/21ce62c4ecbe6d238b640e15c86407e3/elements - {"using":"xpath","value":"//li[.//span[contains(text(),'528 -')]]"}
RESULT: {"using":"xpath","value":"//li[.//span[contains(text(),'528 -')]]"}
COMMAND: POST /session/21ce62c4ecbe6d238b640e15c86407e3/elements - {"using":"xpath","value":"//li[.//span[contains(text(),'528 -')]]"}
RESULT: {"using":"xpath","value":"//li[.//span[contains(text(),'528 -')]]"}
COMMAND: POST /session/21ce62c4ecbe6d238b640e15c86407e3/elements - {"using":"xpath","value":"//li[.//span[contains(text(),'528 -')]]"}
RESULT: {"using":"xpath","value":"//li[.//span[contains(text(),'528 -')]]"}
COMMAND: POST /session/21ce62c4ecbe6d238b640e15c86407e3/elements - {"using":"xpath","value":"//li[.//span[contains(text(),'528 -')]]"}
RESULT: {"using":"xpath","value":"//li[.//span[contains(text(),'528 -')]]"}
COMMAND: POST /session/21ce62c4ecbe6d238b640e15c86407e3/elements - {"using":"xpath","value":"//li[.//span[contains(text(),'528 -')]]"}
RESULT: {"using":"xpath","value":"//li[.//span[contains(text(),'528 -')]]"}
COMMAND: POST /session/21ce62c4ecbe6d238b640e15c86407e3/elements - {"using":"xpath","value":"//li[.//span[contains(text(),'528 -')]]"}
RESULT: {"using":"xpath","value":"//li[.//span[contains(text(),'528 -')]]"}
COMMAND: POST /session/21ce62c4ecbe6d238b640e15c86407e3/elements - {"using":"xpath","value":"//li[.//span[contains(text(),'528 -')]]"}
RESULT: {"using":"xpath","value":"//li[.//span[contains(text(),'528 -')]]"}
COMMAND: POST /session/21ce62c4ecbe6d238b640e15c86407e3/elements - {"using":"xpath","value":"//li[.//span[contains(text(),'528 -')]]"}
RESULT: {"using":"xpath","value":"//li[.//span[contains(text(),'528 -')]]"}
COMMAND: POST /session/21ce62c4ecbe6d238b640e15c86407e3/elements - {"using":"xpath","value":"//li[.//span[contains(text(),'528 -')]]"}
RESULT: {"using":"xpath","value":"//li[.//span[contains(text(),'528 -')]]"}
COMMAND: POST /session/21ce62c4ecbe6d238b640e15c86407e3/elements - {"using":"xpath","value":"//li[.//span[contains(text(),'528 -')]]"}
RESULT: {"using":"xpath","value":"//li[.//span[contains(text(),'528 -')]]"}
COMMAND: POST /session/21ce62c4ecbe6d238b640e15c86407e3/elements - {"using":"xpath","value":"//li[.//span[contains(text(),'528 -')]]"}
RESULT: {"using":"xpath","value":"//li[.//span[contains(text(),'528 -')]]"}
COMMAND: POST /session/21ce62c4ecbe6d238b640e15c86407e3/elements - {"using":"xpath","value":"//li[.//span[contains(text(),'528 -')]]"}
RESULT: {"using":"xpath","value":"//li[.//span[contains(text(),'528 -')]]"}
COMMAND: POST /session/21ce62c4ecbe6d238b640e15c86407e3/elements - {"using":"xpath","value":"//li[.//span[contains(text(),'528 -')]]"}
RESULT: {"using":"xpath","value":"//li[.//span[contains(text(),'528 -')]]"}
COMMAND: POST /session/21ce62c4ecbe6d238b640e15c86407e3/elements - {"using":"xpath","value":"//li[.//span[contains(text(),'528 -')]]"}
RESULT: {"using":"xpath","value":"//li[.//span[contains(text(),'528 -')]]"}
COMMAND: POST /session/21ce62c4ecbe6d238b640e15c86407e3/elements - {"using":"xpath","value":"//li[.//span[contains(text(),'528 -')]]"}
RESULT: {"using":"xpath","value":"//li[.//span[contains(text(),'528 -')]]"}
COMMAND: POST /session/21ce62c4ecbe6d238b640e15c86407e3/elements - {"using":"xpath","value":"//li[.//span[contains(text(),'528 -')]]"}
RESULT: {"using":"xpath","value":"//li[.//span[contains(text(),'528 -')]]"}
COMMAND: POST /session/21ce62c4ecbe6d238b640e15c86407e3/elements - {"using":"xpath","value":"//li[.//span[contains(text(),'528 -')]]"}
RESULT: {"using":"xpath","value":"//li[.//span[contains(text(),'528 -')]]"}
COMMAND: POST /session/21ce62c4ecbe6d238b640e15c86407e3/elements - {"using":"xpath","value":"//li[.//span[contains(text(),'528 -')]]"}
RESULT: {"using":"xpath","value":"//li[.//span[contains(text(),'528 -')]]"}
COMMAND: POST /session/21ce62c4ecbe6d238b640e15c86407e3/elements - {"using":"xpath","value":"//li[.//span[contains(text(),'528 -')]]"}
RESULT: {"using":"xpath","value":"//li[.//span[contains(text(),'528 -')]]"}
COMMAND: POST /session/21ce62c4ecbe6d238b640e15c86407e3/elements - {"using":"xpath","value":"//li[.//span[contains(text(),'528 -')]]"}
RESULT: {"using":"xpath","value":"//li[.//span[contains(text(),'528 -')]]"}
COMMAND: POST /session/21ce62c4ecbe6d238b640e15c86407e3/elements - {"using":"xpath","value":"//li[.//span[contains(text(),'528 -')]]"}
RESULT: {"using":"xpath","value":"//li[.//span[contains(text(),'528 -')]]"}
COMMAND: POST /session/21ce62c4ecbe6d238b640e15c86407e3/elements - {"using":"xpath","value":"//li[.//span[contains(text(),'528 -')]]"}
RESULT: {"using":"xpath","value":"//li[.//span[contains(text(),'528 -')]]"}
COMMAND: POST /session/21ce62c4ecbe6d238b640e15c86407e3/elements - {"using":"xpath","value":"//li[.//span[contains(text(),'528 -')]]"}
RESULT: {"using":"xpath","value":"//li[.//span[contains(text(),'528 -')]]"}
COMMAND: POST /session/21ce62c4ecbe6d238b640e15c86407e3/elements - {"using":"xpath","value":"//li[.//span[contains(text(),'528 -')]]"}
RESULT: {"using":"xpath","value":"//li[.//span[contains(text(),'528 -')]]"}
COMMAND: POST /session/21ce62c4ecbe6d238b640e15c86407e3/elements - {"using":"xpath","value":"//li[.//span[contains(text(),'528 -')]]"}
RESULT: {"using":"xpath","value":"//li[.//span[contains(text(),'528 -')]]"}
COMMAND: POST /session/21ce62c4ecbe6d238b640e15c86407e3/elements - {"using":"xpath","value":"//li[.//span[contains(text(),'528 -')]]"}
RESULT: {"using":"xpath","value":"//li[.//span[contains(text(),'528 -')]]"}
COMMAND: POST /session/21ce62c4ecbe6d238b640e15c86407e3/elements - {"using":"xpath","value":"//li[.//span[contains(text(),'528 -')]]"}
RESULT: {"using":"xpath","value":"//li[.//span[contains(text(),'528 -')]]"}
COMMAND: POST /session/21ce62c4ecbe6d238b640e15c86407e3/elements - {"using":"xpath","value":"//li[.//span[contains(text(),'528 -')]]"}
RESULT: {"using":"xpath","value":"//li[.//span[contains(text(),'528 -')]]"}
COMMAND: POST /session/21ce62c4ecbe6d238b640e15c86407e3/elements - {"using":"xpath","value":"//li[.//span[contains(text(),'528 -')]]"}
RESULT: {"using":"xpath","value":"//li[.//span[contains(text(),'528 -')]]"}
COMMAND: POST /session/21ce62c4ecbe6d238b640e15c86407e3/elements - {"using":"xpath","value":"//li[.//span[contains(text(),'528 -')]]"}
RESULT: {"using":"xpath","value":"//li[.//span[contains(text(),'528 -')]]"}
COMMAND: POST /session/21ce62c4ecbe6d238b640e15c86407e3/elements - {"using":"xpath","value":"//li[.//span[contains(text(),'528 -')]]"}
RESULT: {"using":"xpath","value":"//li[.//span[contains(text(),'528 -')]]"}
COMMAND: POST /session/21ce62c4ecbe6d238b640e15c86407e3/elements - {"using":"xpath","value":"//li[.//span[contains(text(),'528 -')]]"}
RESULT: {"using":"xpath","value":"//li[.//span[contains(text(),'528 -')]]"}
COMMAND: POST /session/21ce62c4ecbe6d238b640e15c86407e3/elements - {"using":"xpath","value":"//li[.//span[contains(text(),'528 -')]]"}
RESULT: {"using":"xpath","value":"//li[.//span[contains(text(),'528 -')]]"}
COMMAND: POST /session/21ce62c4ecbe6d238b640e15c86407e3/elements - {"using":"xpath","value":"//li[.//span[contains(text(),'528 -')]]"}
RESULT: {"using":"xpath","value":"//li[.//span[contains(text(),'528 -')]]"}
COMMAND: POST /session/21ce62c4ecbe6d238b640e15c86407e3/elements - {"using":"xpath","value":"//li[.//span[contains(text(),'528 -')]]"}
RESULT: {"using":"xpath","value":"//li[.//span[contains(text(),'528 -')]]"}
COMMAND: POST /session/21ce62c4ecbe6d238b640e15c86407e3/elements - {"using":"xpath","value":"//li[.//span[contains(text(),'528 -')]]"}
RESULT: {"using":"xpath","value":"//li[.//span[contains(text(),'528 -')]]"}
COMMAND: POST /session/21ce62c4ecbe6d238b640e15c86407e3/elements - {"using":"xpath","value":"//li[.//span[contains(text(),'528 -')]]"}
RESULT: {"using":"xpath","value":"//li[.//span[contains(text(),'528 -')]]"}
COMMAND: POST /session/21ce62c4ecbe6d238b640e15c86407e3/elements - {"using":"xpath","value":"//li[.//span[contains(text(),'528 -')]]"}
RESULT: {"using":"xpath","value":"//li[.//span[contains(text(),'528 -')]]"}
COMMAND: POST /session/21ce62c4ecbe6d238b640e15c86407e3/elements - {"using":"xpath","value":"//li[.//span[contains(text(),'528 -')]]"}
RESULT: {"using":"xpath","value":"//li[.//span[contains(text(),'528 -')]]"}
COMMAND: POST /session/21ce62c4ecbe6d238b640e15c86407e3/elements - {"using":"xpath","value":"//li[.//span[contains(text(),'528 -')]]"}
RESULT: {"using":"xpath","value":"//li[.//span[contains(text(),'528 -')]]"}
COMMAND: POST /session/21ce62c4ecbe6d238b640e15c86407e3/elements - {"using":"xpath","value":"//li[.//span[contains(text(),'528 -')]]"}
RESULT: {"using":"xpath","value":"//li[.//span[contains(text(),'528 -')]]"}
COMMAND: POST /session/21ce62c4ecbe6d238b640e15c86407e3/elements - {"using":"xpath","value":"//li[.//span[contains(text(),'528 -')]]"}
RESULT: {"using":"xpath","value":"//li[.//span[contains(text(),'528 -')]]"}
COMMAND: POST /session/21ce62c4ecbe6d238b640e15c86407e3/elements - {"using":"xpath","value":"//li[.//span[contains(text(),'528 -')]]"}
RESULT: {"using":"xpath","value":"//li[.//span[contains(text(),'528 -')]]"}
COMMAND: POST /session/21ce62c4ecbe6d238b640e15c86407e3/elements - {"using":"xpath","value":"//li[.//span[contains(text(),'528 -')]]"}
RESULT: {"using":"xpath","value":"//li[.//span[contains(text(),'528 -')]]"}
COMMAND: POST /session/21ce62c4ecbe6d238b640e15c86407e3/elements - {"using":"xpath","value":"//li[.//span[contains(text(),'528 -')]]"}
RESULT: {"using":"xpath","value":"//li[.//span[contains(text(),'528 -')]]"}
COMMAND: POST /session/21ce62c4ecbe6d238b640e15c86407e3/elements - {"using":"xpath","value":"//li[.//span[contains(text(),'528 -')]]"}
RESULT: {"using":"xpath","value":"//li[.//span[contains(text(),'528 -')]]"}
COMMAND: POST /session/21ce62c4ecbe6d238b640e15c86407e3/elements - {"using":"xpath","value":"//li[.//span[contains(text(),'528 -')]]"}
RESULT: {"using":"xpath","value":"//li[.//span[contains(text(),'528 -')]]"}
COMMAND: POST /session/21ce62c4ecbe6d238b640e15c86407e3/elements - {"using":"xpath","value":"//li[.//span[contains(text(),'528 -')]]"}
RESULT: {"using":"xpath","value":"//li[.//span[contains(text(),'528 -')]]"}
COMMAND: POST /session/21ce62c4ecbe6d238b640e15c86407e3/elements - {"using":"xpath","value":"//li[.//span[contains(text(),'528 -')]]"}
RESULT: {"using":"xpath","value":"//li[.//span[contains(text(),'528 -')]]"}
COMMAND: POST /session/21ce62c4ecbe6d238b640e15c86407e3/elements - {"using":"xpath","value":"//li[.//span[contains(text(),'528 -')]]"}
RESULT: {"using":"xpath","value":"//li[.//span[contains(text(),'528 -')]]"}
COMMAND: POST /session/21ce62c4ecbe6d238b640e15c86407e3/elements - {"using":"xpath","value":"//li[.//span[contains(text(),'528 -')]]"}
RESULT: {"using":"xpath","value":"//li[.//span[contains(text(),'528 -')]]"}
COMMAND: POST /session/21ce62c4ecbe6d238b640e15c86407e3/elements - {"using":"xpath","value":"//li[.//span[contains(text(),'528 -')]]"}
RESULT: {"using":"xpath","value":"//li[.//span[contains(text(),'528 -')]]"}
COMMAND: POST /session/21ce62c4ecbe6d238b640e15c86407e3/elements - {"using":"xpath","value":"//li[.//span[contains(text(),'528 -')]]"}
RESULT: {"using":"xpath","value":"//li[.//span[contains(text(),'528 -')]]"}
COMMAND: POST /session/21ce62c4ecbe6d238b640e15c86407e3/elements - {"using":"xpath","value":"//li[.//span[contains(text(),'528 -')]]"}
RESULT: {"using":"xpath","value":"//li[.//span[contains(text(),'528 -')]]"}
COMMAND: POST /session/21ce62c4ecbe6d238b640e15c86407e3/elements - {"using":"xpath","value":"//li[.//span[contains(text(),'528 -')]]"}
RESULT: {"using":"xpath","value":"//li[.//span[contains(text(),'528 -')]]"}
COMMAND: POST /session/21ce62c4ecbe6d238b640e15c86407e3/elements - {"using":"xpath","value":"//li[.//span[contains(text(),'528 -')]]"}
RESULT: {"using":"xpath","value":"//li[.//span[contains(text(),'528 -')]]"}
COMMAND: POST /session/21ce62c4ecbe6d238b640e15c86407e3/elements - {"using":"xpath","value":"//li[.//span[contains(text(),'528 -')]]"}
RESULT: {"using":"xpath","value":"//li[.//span[contains(text(),'528 -')]]"}
COMMAND: POST /session/21ce62c4ecbe6d238b640e15c86407e3/elements - {"using":"xpath","value":"//li[.//span[contains(text(),'528 -')]]"}
RESULT: {"using":"xpath","value":"//li[.//span[contains(text(),'528 -')]]"}
COMMAND: POST /session/21ce62c4ecbe6d238b640e15c86407e3/elements - {"using":"xpath","value":"//li[.//span[contains(text(),'528 -')]]"}
RESULT: {"using":"xpath","value":"//li[.//span[contains(text(),'528 -')]]"}
COMMAND: POST /session/21ce62c4ecbe6d238b640e15c86407e3/elements - {"using":"xpath","value":"//li[.//span[contains(text(),'528 -')]]"}
RESULT: {"using":"xpath","value":"//li[.//span[contains(text(),'528 -')]]"}
COMMAND: POST /session/21ce62c4ecbe6d238b640e15c86407e3/elements - {"using":"xpath","value":"//li[.//span[contains(text(),'528 -')]]"}
RESULT: {"using":"xpath","value":"//li[.//span[contains(text(),'528 -')]]"}
COMMAND: POST /session/21ce62c4ecbe6d238b640e15c86407e3/elements - {"using":"xpath","value":"//li[.//span[contains(text(),'528 -')]]"}
RESULT: {"using":"xpath","value":"//li[.//span[contains(text(),'528 -')]]"}
COMMAND: POST /session/21ce62c4ecbe6d238b640e15c86407e3/elements - {"using":"xpath","value":"//li[.//span[contains(text(),'528 -')]]"}
RESULT: {"using":"xpath","value":"//li[.//span[contains(text(),'528 -')]]"}
COMMAND: POST /session/21ce62c4ecbe6d238b640e15c86407e3/elements - {"using":"xpath","value":"//li[.//span[contains(text(),'528 -')]]"}
RESULT: {"using":"xpath","value":"//li[.//span[contains(text(),'528 -')]]"}
COMMAND: POST /session/21ce62c4ecbe6d238b640e15c86407e3/elements - {"using":"xpath","value":"//li[.//span[contains(text(),'528 -')]]"}
RESULT: {"using":"xpath","value":"//li[.//span[contains(text(),'528 -')]]"}
COMMAND: POST /session/21ce62c4ecbe6d238b640e15c86407e3/elements - {"using":"xpath","value":"//li[.//span[contains(text(),'528 -')]]"}
RESULT: {"using":"xpath","value":"//li[.//span[contains(text(),'528 -')]]"}
COMMAND: POST /session/21ce62c4ecbe6d238b640e15c86407e3/elements - {"using":"xpath","value":"//li[.//span[contains(text(),'528 -')]]"}
RESULT: {"using":"xpath","value":"//li[.//span[contains(text(),'528 -')]]"}
COMMAND: POST /session/21ce62c4ecbe6d238b640e15c86407e3/elements - {"using":"xpath","value":"//li[.//span[contains(text(),'528 -')]]"}
RESULT: {"using":"xpath","value":"//li[.//span[contains(text(),'528 -')]]"}
COMMAND: POST /session/21ce62c4ecbe6d238b640e15c86407e3/elements - {"using":"xpath","value":"//li[.//span[contains(text(),'528 -')]]"}
RESULT: {"using":"xpath","value":"//li[.//span[contains(text(),'528 -')]]"}
COMMAND: POST /session/21ce62c4ecbe6d238b640e15c86407e3/elements - {"using":"xpath","value":"//li[.//span[contains(text(),'528 -')]]"}
RESULT: {"using":"xpath","value":"//li[.//span[contains(text(),'528 -')]]"}
COMMAND: POST /session/21ce62c4ecbe6d238b640e15c86407e3/elements - {"using":"xpath","value":"//li[.//span[contains(text(),'528 -')]]"}
RESULT: {"using":"xpath","value":"//li[.//span[contains(text(),'528 -')]]"}
COMMAND: POST /session/21ce62c4ecbe6d238b640e15c86407e3/elements - {"using":"xpath","value":"//li[.//span[contains(text(),'528 -')]]"}
RESULT: {"using":"xpath","value":"//li[.//span[contains(text(),'528 -')]]"}
COMMAND: POST /session/21ce62c4ecbe6d238b640e15c86407e3/elements - {"using":"xpath","value":"//li[.//span[contains(text(),'528 -')]]"}
RESULT: {"using":"xpath","value":"//li[.//span[contains(text(),'528 -')]]"}
COMMAND: POST /session/21ce62c4ecbe6d238b640e15c86407e3/elements - {"using":"xpath","value":"//li[.//span[contains(text(),'528 -')]]"}
RESULT: {"using":"xpath","value":"//li[.//span[contains(text(),'528 -')]]"}
COMMAND: POST /session/21ce62c4ecbe6d238b640e15c86407e3/elements - {"using":"xpath","value":"//li[.//span[contains(text(),'528 -')]]"}
RESULT: {"using":"xpath","value":"//li[.//span[contains(text(),'528 -')]]"}
COMMAND: POST /session/21ce62c4ecbe6d238b640e15c86407e3/elements - {"using":"xpath","value":"//li[.//span[contains(text(),'528 -')]]"}
RESULT: {"using":"xpath","value":"//li[.//span[contains(text(),'528 -')]]"}
COMMAND: POST /session/21ce62c4ecbe6d238b640e15c86407e3/elements - {"using":"xpath","value":"//li[.//span[contains(text(),'528 -')]]"}
RESULT: {"using":"xpath","value":"//li[.//span[contains(text(),'528 -')]]"}
COMMAND: POST /session/21ce62c4ecbe6d238b640e15c86407e3/elements - {"using":"xpath","value":"//li[.//span[contains(text(),'528 -')]]"}
RESULT: {"using":"xpath","value":"//li[.//span[contains(text(),'528 -')]]"}
COMMAND: POST /session/21ce62c4ecbe6d238b640e15c86407e3/elements - {"using":"xpath","value":"//li[.//span[contains(text(),'528 -')]]"}
RESULT: {"using":"xpath","value":"//li[.//span[contains(text(),'528 -')]]"}
COMMAND: POST /session/21ce62c4ecbe6d238b640e15c86407e3/elements - {"using":"xpath","value":"//li[.//span[contains(text(),'528 -')]]"}
RESULT: {"using":"xpath","value":"//li[.//span[contains(text(),'528 -')]]"}
COMMAND: POST /session/21ce62c4ecbe6d238b640e15c86407e3/elements - {"using":"xpath","value":"//li[.//span[contains(text(),'528 -')]]"}
RESULT: {"using":"xpath","value":"//li[.//span[contains(text(),'528 -')]]"}
COMMAND: POST /session/21ce62c4ecbe6d238b640e15c86407e3/elements - {"using":"xpath","value":"//li[.//span[contains(text(),'528 -')]]"}
RESULT: {"using":"xpath","value":"//li[.//span[contains(text(),'528 -')]]"}
COMMAND: POST /session/21ce62c4ecbe6d238b640e15c86407e3/elements - {"using":"xpath","value":"//li[.//span[contains(text(),'528 -')]]"}
RESULT: {"using":"xpath","value":"//li[.//span[contains(text(),'528 -')]]"}
COMMAND: POST /session/21ce62c4ecbe6d238b640e15c86407e3/elements - {"using":"xpath","value":"//li[.//span[contains(text(),'528 -')]]"}
RESULT: {"using":"xpath","value":"//li[.//span[contains(text(),'528 -')]]"}
COMMAND: POST /session/21ce62c4ecbe6d238b640e15c86407e3/elements - {"using":"xpath","value":"//li[.//span[contains(text(),'528 -')]]"}
RESULT: {"using":"xpath","value":"//li[.//span[contains(text(),'528 -')]]"}
COMMAND: POST /session/21ce62c4ecbe6d238b640e15c86407e3/elements - {"using":"xpath","value":"//li[.//span[contains(text(),'528 -')]]"}
RESULT: {"using":"xpath","value":"//li[.//span[contains(text(),'528 -')]]"}
COMMAND: POST /session/21ce62c4ecbe6d238b640e15c86407e3/elements - {"using":"xpath","value":"//li[.//span[contains(text(),'528 -')]]"}
RESULT: {"using":"xpath","value":"//li[.//span[contains(text(),'528 -')]]"}
COMMAND: POST /session/21ce62c4ecbe6d238b640e15c86407e3/elements - {"using":"xpath","value":"//li[.//span[contains(text(),'528 -')]]"}
RESULT: {"using":"xpath","value":"//li[.//span[contains(text(),'528 -')]]"}
COMMAND: POST /session/21ce62c4ecbe6d238b640e15c86407e3/elements - {"using":"xpath","value":"//li[.//span[contains(text(),'528 -')]]"}
RESULT: {"using":"xpath","value":"//li[.//span[contains(text(),'528 -')]]"}
COMMAND: POST /session/21ce62c4ecbe6d238b640e15c86407e3/elements - {"using":"xpath","value":"//li[.//span[contains(text(),'528 -')]]"}
RESULT: {"using":"xpath","value":"//li[.//span[contains(text(),'528 -')]]"}
COMMAND: POST /session/21ce62c4ecbe6d238b640e15c86407e3/elements - {"using":"xpath","value":"//li[.//span[contains(text(),'528 -')]]"}
RESULT: {"using":"xpath","value":"//li[.//span[contains(text(),'528 -')]]"}
COMMAND: POST /session/21ce62c4ecbe6d238b640e15c86407e3/elements - {"using":"xpath","value":"//li[.//span[contains(text(),'528 -')]]"}
RESULT: {"using":"xpath","value":"//li[.//span[contains(text(),'528 -')]]"}
COMMAND: POST /session/21ce62c4ecbe6d238b640e15c86407e3/elements - {"using":"xpath","value":"//li[.//span[contains(text(),'528 -')]]"}
RESULT: {"using":"xpath","value":"//li[.//span[contains(text(),'528 -')]]"}
COMMAND: POST /session/21ce62c4ecbe6d238b640e15c86407e3/elements - {"using":"xpath","value":"//li[.//span[contains(text(),'528 -')]]"}
RESULT: {"using":"xpath","value":"//li[.//span[contains(text(),'528 -')]]"}
COMMAND: POST /session/21ce62c4ecbe6d238b640e15c86407e3/elements - {"using":"xpath","value":"//li[.//span[contains(text(),'528 -')]]"}
RESULT: {"using":"xpath","value":"//li[.//span[contains(text(),'528 -')]]"}
COMMAND: POST /session/21ce62c4ecbe6d238b640e15c86407e3/elements - {"using":"xpath","value":"//li[.//span[contains(text(),'528 -')]]"}
RESULT: {"using":"xpath","value":"//li[.//span[contains(text(),'528 -')]]"}
COMMAND: POST /session/21ce62c4ecbe6d238b640e15c86407e3/elements - {"using":"xpath","value":"//li[.//span[contains(text(),'528 -')]]"}
COMMAND: GET /session/21ce62c4ecbe6d238b640e15c86407e3/screenshot - {}
RESULT: {"using":"xpath","value":"//li[.//span[contains(text(),'528 -')]]"}
RESULT: {}
]]></system-out>
      <system-err><![CDATA[
Error: Can't call click on element with selector "//li[.//span[contains(text(),'528 -')]]" because element wasn't found
    at async UtilsPrerequisites.stockIncrease (D:\a\1\s\test\specs\BTS\prerequisites-and-utils-functions.js:1638:9)
    at async Context.<anonymous> (D:\a\1\s\test\specs\HTR\transfer-yard-to-yard.spec.js:56:9)
]]></system-err>
    </testcase>
    <testcase classname="chrome.136_0_7103_93.windows.Transfer_Yard_to_Yard_US131076" name="Should create a yard to yard transfer handover MAY CRASH DUE TO LOGIC CHANGE NOT BUG CURRENTLY" time="69.761">
      <failure/>
      <error message="The element with selector &quot;(//section[contains(@id,&quot;headerContentForm--FC-NoHead&quot;)])[2]/div[1]/div[5]/div[2]/div/span&quot; you are trying to pass into the execute method wasn't found"/>
      <system-out><![CDATA[
RESULT: undefined
COMMAND: POST /session/21ce62c4ecbe6d238b640e15c86407e3/element - {"using":"xpath","value":"//*[@id=\"__tile133\"]"}
COMMAND: GET /session/21ce62c4ecbe6d238b640e15c86407e3/screenshot - {}
RESULT: {"using":"xpath","value":"//*[@id=\"__tile133\"]"}
COMMAND: POST /session/21ce62c4ecbe6d238b640e15c86407e3/element/f.93D217436D6DD50F1CAF1D433A497FC6.d.96A9C43C9E7A02AE0F367C5F46C264E7.e.13543/click - {}
RESULT: {}
COMMAND: POST /session/21ce62c4ecbe6d238b640e15c86407e3/elements - {"using":"xpath","value":"//span[text()='Error']"}
RESULT: {"using":"xpath","value":"//span[text()='Error']"}
COMMAND: POST /session/21ce62c4ecbe6d238b640e15c86407e3/element - {"using":"xpath","value":"//button[@data-kt=\"masterHOAddButton\"]"}
RESULT: {"using":"xpath","value":"//button[@data-kt=\"masterHOAddButton\"]"}
COMMAND: POST /session/21ce62c4ecbe6d238b640e15c86407e3/elements - {"using":"xpath","value":"//button[@data-kt=\"masterHOAddButton\"]"}
RESULT: {"using":"xpath","value":"//button[@data-kt=\"masterHOAddButton\"]"}
COMMAND: POST /session/21ce62c4ecbe6d238b640e15c86407e3/execute/sync - {"script":"<script> [8489 bytes]","args":[{"element-6066-11e4-a52e-4f735466cecf":"f.93D217436D6DD50F1CAF1D433A497FC6.d.96A9C43C9E7A02AE0F367C5F46C264E7.e.15840","ELEMENT":"f.93D217436D6DD50F1CAF1D433A497FC6.d.96A9C43C9E7A02AE0F367C5F46C264E7.e.15840"}]}
RESULT: {"script":"<script> [8489 bytes]","args":[{"element-6066-11e4-a52e-4f735466cecf":"f.93D217436D6DD50F1CAF1D433A497FC6.d.96A9C43C9E7A02AE0F367C5F46C264E7.e.15840","ELEMENT":"f.93D217436D6DD50F1CAF1D433A497FC6.d.96A9C43C9E7A02AE0F367C5F46C264E7.e.15840"}]}
COMMAND: GET /session/21ce62c4ecbe6d238b640e15c86407e3/element/f.93D217436D6DD50F1CAF1D433A497FC6.d.96A9C43C9E7A02AE0F367C5F46C264E7.e.15840/enabled - {}
COMMAND: GET /session/21ce62c4ecbe6d238b640e15c86407e3/screenshot - {}
RESULT: {}
COMMAND: POST /session/21ce62c4ecbe6d238b640e15c86407e3/execute/sync - {"script":"<script> [8489 bytes]","args":[{"element-6066-11e4-a52e-4f735466cecf":"f.93D217436D6DD50F1CAF1D433A497FC6.d.96A9C43C9E7A02AE0F367C5F46C264E7.e.15840","ELEMENT":"f.93D217436D6DD50F1CAF1D433A497FC6.d.96A9C43C9E7A02AE0F367C5F46C264E7.e.15840"}]}
COMMAND: GET /session/21ce62c4ecbe6d238b640e15c86407e3/screenshot - {}
RESULT: {}
RESULT: {"script":"<script> [8489 bytes]","args":[{"element-6066-11e4-a52e-4f735466cecf":"f.93D217436D6DD50F1CAF1D433A497FC6.d.96A9C43C9E7A02AE0F367C5F46C264E7.e.15840","ELEMENT":"f.93D217436D6DD50F1CAF1D433A497FC6.d.96A9C43C9E7A02AE0F367C5F46C264E7.e.15840"}]}
COMMAND: POST /session/21ce62c4ecbe6d238b640e15c86407e3/execute/sync - {"script":"<script> [5351 bytes]","args":[{"element-6066-11e4-a52e-4f735466cecf":"f.93D217436D6DD50F1CAF1D433A497FC6.d.96A9C43C9E7A02AE0F367C5F46C264E7.e.15840","ELEMENT":"f.93D217436D6DD50F1CAF1D433A497FC6.d.96A9C43C9E7A02AE0F367C5F46C264E7.e.15840"}]}
COMMAND: GET /session/21ce62c4ecbe6d238b640e15c86407e3/screenshot - {}
RESULT: {}
RESULT: {"script":"<script> [5351 bytes]","args":[{"element-6066-11e4-a52e-4f735466cecf":"f.93D217436D6DD50F1CAF1D433A497FC6.d.96A9C43C9E7A02AE0F367C5F46C264E7.e.15840","ELEMENT":"f.93D217436D6DD50F1CAF1D433A497FC6.d.96A9C43C9E7A02AE0F367C5F46C264E7.e.15840"}]}
COMMAND: POST /session/21ce62c4ecbe6d238b640e15c86407e3/element/f.93D217436D6DD50F1CAF1D433A497FC6.d.96A9C43C9E7A02AE0F367C5F46C264E7.e.15840/click - {}
COMMAND: GET /session/21ce62c4ecbe6d238b640e15c86407e3/screenshot - {}
RESULT: {}
RESULT: {}
COMMAND: GET /session/21ce62c4ecbe6d238b640e15c86407e3/screenshot - {}
RESULT: {}
RESULT: {}
COMMAND: POST /session/21ce62c4ecbe6d238b640e15c86407e3/element - {"using":"xpath","value":"//span[contains(@id ,\"AddNewHO--typeSelect-arrow\")]"}
RESULT: {"using":"xpath","value":"//span[contains(@id ,\"AddNewHO--typeSelect-arrow\")]"}
COMMAND: POST /session/21ce62c4ecbe6d238b640e15c86407e3/element/f.93D217436D6DD50F1CAF1D433A497FC6.d.96A9C43C9E7A02AE0F367C5F46C264E7.e.16204/click - {}
RESULT: {}
COMMAND: GET /session/21ce62c4ecbe6d238b640e15c86407e3/screenshot - {}
RESULT: {}
COMMAND: POST /session/21ce62c4ecbe6d238b640e15c86407e3/element - {"using":"xpath","value":"(//li[contains(text(), \"transfer\")])[1]"}
RESULT: {"using":"xpath","value":"(//li[contains(text(), \"transfer\")])[1]"}
COMMAND: POST /session/21ce62c4ecbe6d238b640e15c86407e3/element/f.93D217436D6DD50F1CAF1D433A497FC6.d.96A9C43C9E7A02AE0F367C5F46C264E7.e.16206/click - {}
RESULT: {}
COMMAND: GET /session/21ce62c4ecbe6d238b640e15c86407e3/screenshot - {}
RESULT: {}
RESULT: undefined
COMMAND: POST /session/21ce62c4ecbe6d238b640e15c86407e3/execute/async - {"script":"<script> [6424 bytes]","args":[{"element-6066-11e4-a52e-4f735466cecf":"f.93D217436D6DD50F1CAF1D433A497FC6.d.96A9C43C9E7A02AE0F367C5F46C264E7.e.16183"},"setValue",["05/31/25"]]}
COMMAND: POST /session/21ce62c4ecbe6d238b640e15c86407e3/execute/async - {"script":"<script> [1562 bytes]","args":[{"selector":{"id":"application-managehandovers-display-component---AddNewHO--dueDate","interaction":{"idSuffix":"inner"}},"wdio_ui5_key":"applicationmanagehandovers-display-component---AddNewHO--dueDate"}]}
RESULT: {"script":"<script> [1562 bytes]","args":[{"selector":{"id":"application-managehandovers-display-component---AddNewHO--dueDate","interaction":{"idSuffix":"inner"}},"wdio_ui5_key":"applicationmanagehandovers-display-component---AddNewHO--dueDate"}]}
COMMAND: POST /session/21ce62c4ecbe6d238b640e15c86407e3/execute/async - {"script":"<script> [6424 bytes]","args":[{"element-6066-11e4-a52e-4f735466cecf":"f.93D217436D6DD50F1CAF1D433A497FC6.d.96A9C43C9E7A02AE0F367C5F46C264E7.e.16235"},"setValue",["05/31/25"]]}
RESULT: {"script":"<script> [6424 bytes]","args":[{"element-6066-11e4-a52e-4f735466cecf":"f.93D217436D6DD50F1CAF1D433A497FC6.d.96A9C43C9E7A02AE0F367C5F46C264E7.e.16235"},"setValue",["05/31/25"]]}
COMMAND: POST /session/21ce62c4ecbe6d238b640e15c86407e3/element - {"using":"xpath","value":"//input[@id=\"generalSectionFrg--sendYard-inner\"]"}
RESULT: {"using":"xpath","value":"//input[@id=\"generalSectionFrg--sendYard-inner\"]"}
COMMAND: POST /session/21ce62c4ecbe6d238b640e15c86407e3/element/f.93D217436D6DD50F1CAF1D433A497FC6.d.96A9C43C9E7A02AE0F367C5F46C264E7.e.16241/clear - {}
RESULT: {}
COMMAND: POST /session/21ce62c4ecbe6d238b640e15c86407e3/element/f.93D217436D6DD50F1CAF1D433A497FC6.d.96A9C43C9E7A02AE0F367C5F46C264E7.e.16241/value - {"text":"528"}
COMMAND: GET /session/21ce62c4ecbe6d238b640e15c86407e3/screenshot - {}
RESULT: {"text":"528"}
COMMAND: GET /session/21ce62c4ecbe6d238b640e15c86407e3/screenshot - {}
RESULT: {}
RESULT: {}
COMMAND: POST /session/21ce62c4ecbe6d238b640e15c86407e3/element - {"using":"xpath","value":"//li[.//span[text()='528']]"}
RESULT: {"using":"xpath","value":"//li[.//span[text()='528']]"}
COMMAND: POST /session/21ce62c4ecbe6d238b640e15c86407e3/element/f.93D217436D6DD50F1CAF1D433A497FC6.d.96A9C43C9E7A02AE0F367C5F46C264E7.e.16261/click - {}
RESULT: {}
COMMAND: GET /session/21ce62c4ecbe6d238b640e15c86407e3/screenshot - {}
RESULT: {}
COMMAND: POST /session/21ce62c4ecbe6d238b640e15c86407e3/element - {"using":"xpath","value":"//input[@id=\"generalSectionFrg--receiveYard-inner\"]"}
RESULT: {"using":"xpath","value":"//input[@id=\"generalSectionFrg--receiveYard-inner\"]"}
COMMAND: POST /session/21ce62c4ecbe6d238b640e15c86407e3/element/f.93D217436D6DD50F1CAF1D433A497FC6.d.96A9C43C9E7A02AE0F367C5F46C264E7.e.16242/clear - {}
RESULT: {}
COMMAND: POST /session/21ce62c4ecbe6d238b640e15c86407e3/element/f.93D217436D6DD50F1CAF1D433A497FC6.d.96A9C43C9E7A02AE0F367C5F46C264E7.e.16242/value - {"text":"534"}
COMMAND: GET /session/21ce62c4ecbe6d238b640e15c86407e3/screenshot - {}
RESULT: {"text":"534"}
COMMAND: GET /session/21ce62c4ecbe6d238b640e15c86407e3/screenshot - {}
RESULT: {}
RESULT: {}
COMMAND: POST /session/21ce62c4ecbe6d238b640e15c86407e3/element - {"using":"xpath","value":"//li[.//span[text()='534']]"}
RESULT: {"using":"xpath","value":"//li[.//span[text()='534']]"}
COMMAND: POST /session/21ce62c4ecbe6d238b640e15c86407e3/element/f.93D217436D6DD50F1CAF1D433A497FC6.d.96A9C43C9E7A02AE0F367C5F46C264E7.e.16263/click - {}
RESULT: {}
COMMAND: GET /session/21ce62c4ecbe6d238b640e15c86407e3/screenshot - {}
RESULT: {}
COMMAND: POST /session/21ce62c4ecbe6d238b640e15c86407e3/execute/async - {"script":"<script> [1562 bytes]","args":[{"selector":{"id":"application-managehandovers-display-component---AddNewHO--ObjectPageLayout-anchBar-application-managehandovers-display-component---AddNewHO--section4-anchor","interaction":{"idSuffix":"BDI-content"}},"wdio_ui5_key":"applicationmanagehandovers-display-component---AddNewHO--ObjectPageLayout-anchBar-application-managehandovers-display-component---AddNewHO--section4-anchor"}]}
RESULT: {"script":"<script> [1562 bytes]","args":[{"selector":{"id":"application-managehandovers-display-component---AddNewHO--ObjectPageLayout-anchBar-application-managehandovers-display-component---AddNewHO--section4-anchor","interaction":{"idSuffix":"BDI-content"}},"wdio_ui5_key":"applicationmanagehandovers-display-component---AddNewHO--ObjectPageLayout-anchBar-application-managehandovers-display-component---AddNewHO--section4-anchor"}]}
RESULT: undefined
COMMAND: POST /session/21ce62c4ecbe6d238b640e15c86407e3/element - {"using":"xpath","value":"//*[@id=\"application-managehandovers-display-component---AddNewHO--ObjectPageLayout-anchBar-application-managehandovers-display-component---AddNewHO--section4-anchor\"]"}
RESULT: {"using":"xpath","value":"//*[@id=\"application-managehandovers-display-component---AddNewHO--ObjectPageLayout-anchBar-application-managehandovers-display-component---AddNewHO--section4-anchor\"]"}
COMMAND: POST /session/21ce62c4ecbe6d238b640e15c86407e3/element/f.93D217436D6DD50F1CAF1D433A497FC6.d.96A9C43C9E7A02AE0F367C5F46C264E7.e.16265/click - {}
RESULT: {}
COMMAND: GET /session/21ce62c4ecbe6d238b640e15c86407e3/screenshot - {}
RESULT: {}
COMMAND: POST /session/21ce62c4ecbe6d238b640e15c86407e3/element - {"using":"xpath","value":"//button[@data-kt=\"AddNewHOProvideAddItemsButton\"]"}
RESULT: {"using":"xpath","value":"//button[@data-kt=\"AddNewHOProvideAddItemsButton\"]"}
COMMAND: POST /session/21ce62c4ecbe6d238b640e15c86407e3/element/f.93D217436D6DD50F1CAF1D433A497FC6.d.96A9C43C9E7A02AE0F367C5F46C264E7.e.16269/click - {}
RESULT: {}
COMMAND: GET /session/21ce62c4ecbe6d238b640e15c86407e3/screenshot - {}
RESULT: {}
COMMAND: POST /session/21ce62c4ecbe6d238b640e15c86407e3/element - {"using":"xpath","value":"//div[contains(@id,\"AddNewHO--TransferHOTypesRuDialogTable-sa-CbBg\")]"}
RESULT: {"using":"xpath","value":"//div[contains(@id,\"AddNewHO--TransferHOTypesRuDialogTable-sa-CbBg\")]"}
COMMAND: POST /session/21ce62c4ecbe6d238b640e15c86407e3/element/f.93D217436D6DD50F1CAF1D433A497FC6.d.96A9C43C9E7A02AE0F367C5F46C264E7.e.16278/click - {}
RESULT: {}
COMMAND: GET /session/21ce62c4ecbe6d238b640e15c86407e3/screenshot - {}
RESULT: {}
COMMAND: POST /session/21ce62c4ecbe6d238b640e15c86407e3/element - {"using":"xpath","value":"//table[contains(@id,\"AddNewHO--TransferHOTypesRuDialogTable-listUl\")]/tbody/tr[1]/td[6]/div/div/input"}
RESULT: {"using":"xpath","value":"//table[contains(@id,\"AddNewHO--TransferHOTypesRuDialogTable-listUl\")]/tbody/tr[1]/td[6]/div/div/input"}
COMMAND: POST /session/21ce62c4ecbe6d238b640e15c86407e3/elements - {"using":"xpath","value":"//table[contains(@id,\"AddNewHO--TransferHOTypesRuDialogTable-listUl\")]/tbody/tr[1]/td[6]/div/div/input"}
RESULT: {"using":"xpath","value":"//table[contains(@id,\"AddNewHO--TransferHOTypesRuDialogTable-listUl\")]/tbody/tr[1]/td[6]/div/div/input"}
COMMAND: POST /session/21ce62c4ecbe6d238b640e15c86407e3/element - {"using":"xpath","value":"//bdi[contains(text(), \"OK\")]"}
RESULT: {"using":"xpath","value":"//bdi[contains(text(), \"OK\")]"}
COMMAND: POST /session/21ce62c4ecbe6d238b640e15c86407e3/element/f.93D217436D6DD50F1CAF1D433A497FC6.d.96A9C43C9E7A02AE0F367C5F46C264E7.e.16279/click - {}
RESULT: {}
COMMAND: GET /session/21ce62c4ecbe6d238b640e15c86407e3/screenshot - {}
RESULT: {}
COMMAND: POST /session/21ce62c4ecbe6d238b640e15c86407e3/execute/async - {"script":"<script> [1562 bytes]","args":[{"selector":{"id":"application-managehandovers-display-component---AddNewHO--confirmCreationButton","interaction":{"idSuffix":"BDI-content"}},"wdio_ui5_key":"applicationmanagehandovers-display-component---AddNewHO--confirmCreationButton"}]}
RESULT: {"script":"<script> [1562 bytes]","args":[{"selector":{"id":"application-managehandovers-display-component---AddNewHO--confirmCreationButton","interaction":{"idSuffix":"BDI-content"}},"wdio_ui5_key":"applicationmanagehandovers-display-component---AddNewHO--confirmCreationButton"}]}
RESULT: undefined
COMMAND: POST /session/21ce62c4ecbe6d238b640e15c86407e3/element - {"using":"xpath","value":"//*[@id=\"application-managehandovers-display-component---AddNewHO--confirmCreationButton\"]"}
RESULT: {"using":"xpath","value":"//*[@id=\"application-managehandovers-display-component---AddNewHO--confirmCreationButton\"]"}
COMMAND: POST /session/21ce62c4ecbe6d238b640e15c86407e3/element/f.93D217436D6DD50F1CAF1D433A497FC6.d.96A9C43C9E7A02AE0F367C5F46C264E7.e.16283/click - {}
COMMAND: POST /session/21ce62c4ecbe6d238b640e15c86407e3/element - {"using":"xpath","value":"(//section[contains(@id,\"headerContentForm--FC-NoHead\")])[2]/div[1]/div[5]/div[2]/div/span"}
RESULT: {"using":"xpath","value":"(//section[contains(@id,\"headerContentForm--FC-NoHead\")])[2]/div[1]/div[5]/div[2]/div/span"}
COMMAND: GET /session/21ce62c4ecbe6d238b640e15c86407e3/screenshot - {}
RESULT: {}
COMMAND: GET /session/21ce62c4ecbe6d238b640e15c86407e3/screenshot - {}
COMMAND: GET /session/21ce62c4ecbe6d238b640e15c86407e3/screenshot - {}
RESULT: {}
RESULT: {}
COMMAND: DELETE /session/21ce62c4ecbe6d238b640e15c86407e3 - {}
RESULT: {}
]]></system-out>
      <system-err><![CDATA[
Error: The element with selector "(//section[contains(@id,"headerContentForm--FC-NoHead")])[2]/div[1]/div[5]/div[2]/div/span" you are trying to pass into the execute method wasn't found
    at Array.map (<anonymous>)
    at async Context.<anonymous> (D:\a\1\s\test\specs\HTR\transfer-yard-to-yard.spec.js:148:37)
]]></system-err>
    </testcase>
  </testsuite>
</testsuites>