<?xml version="1.0" encoding="UTF-8"?>
<testsuites tests="9" failures="5" errors="5" skipped="0">
  <testsuite timestamp="2025-05-31T15:31:33" time="804.524" tests="8" failures="4" errors="4" skipped="0">
    <properties>
      <property name="specId" value="0"/>
      <property name="suiteName" value="Create masterdata for Yard Overview - trigger provide US130988"/>
      <property name="capabilities" value="chrome.136_0_7103_93.windows"/>
      <property name="file" value="file:///D:/a/1/s/test/specs/HTR/yard-overview-trigger.spec.js"/>
    </properties>
    <testcase classname="chrome.136_0_7103_93.windows.Create_masterdata_for_Yard_Overview_-_trigger_provide_US130988" name="Should create a new yard" time="130.385">
      <system-out><![CDATA[
COMMAND: POST /session/eabbf40a9b059578e3035111444f40f0/window/fullscreen - {}
RESULT: {}
COMMAND: POST /session/eabbf40a9b059578e3035111444f40f0/execute/async - {"script":"<script> [1562 bytes]","args":[{"selector":{"controlType":"sap.m.GenericTile","properties":{"header":"Manage Yards"}},"wdio_ui5_key":"sapm.GenericTile{\"header\":\"Manage Yards\"}"}]}
RESULT: {"script":"<script> [1562 bytes]","args":[{"selector":{"controlType":"sap.m.GenericTile","properties":{"header":"Manage Yards"}},"wdio_ui5_key":"sapm.GenericTile{\"header\":\"Manage Yards\"}"}]}
RESULT: undefined
COMMAND: POST /session/eabbf40a9b059578e3035111444f40f0/element - {"using":"xpath","value":"//*[@id=\"__tile41\"]"}
RESULT: {"using":"xpath","value":"//*[@id=\"__tile41\"]"}
COMMAND: POST /session/eabbf40a9b059578e3035111444f40f0/element/f.72F4F884D2456BFAF2BE58644CA6E573.d.EEB1720B16EB333F9F558AA2EBA73697.e.132/click - {}
RESULT: {}
COMMAND: GET /session/eabbf40a9b059578e3035111444f40f0/screenshot - {}
RESULT: {}
COMMAND: POST /session/eabbf40a9b059578e3035111444f40f0/elements - {"using":"xpath","value":"//span[text()='Error']"}
RESULT: {"using":"xpath","value":"//span[text()='Error']"}
COMMAND: POST /session/eabbf40a9b059578e3035111444f40f0/element - {"using":"xpath","value":"//button[@data-kt=\"addNewYardOverflowToolbarButton\"]"}
RESULT: {"using":"xpath","value":"//button[@data-kt=\"addNewYardOverflowToolbarButton\"]"}
COMMAND: POST /session/eabbf40a9b059578e3035111444f40f0/elements - {"using":"xpath","value":"//button[@data-kt=\"addNewYardOverflowToolbarButton\"]"}
RESULT: {"using":"xpath","value":"//button[@data-kt=\"addNewYardOverflowToolbarButton\"]"}
COMMAND: POST /session/eabbf40a9b059578e3035111444f40f0/elements - {"using":"xpath","value":"//button[@data-kt=\"addNewYardOverflowToolbarButton\"]"}
RESULT: {"using":"xpath","value":"//button[@data-kt=\"addNewYardOverflowToolbarButton\"]"}
COMMAND: POST /session/eabbf40a9b059578e3035111444f40f0/elements - {"using":"xpath","value":"//button[@data-kt=\"addNewYardOverflowToolbarButton\"]"}
RESULT: {"using":"xpath","value":"//button[@data-kt=\"addNewYardOverflowToolbarButton\"]"}
COMMAND: POST /session/eabbf40a9b059578e3035111444f40f0/elements - {"using":"xpath","value":"//button[@data-kt=\"addNewYardOverflowToolbarButton\"]"}
RESULT: {"using":"xpath","value":"//button[@data-kt=\"addNewYardOverflowToolbarButton\"]"}
COMMAND: POST /session/eabbf40a9b059578e3035111444f40f0/elements - {"using":"xpath","value":"//button[@data-kt=\"addNewYardOverflowToolbarButton\"]"}
RESULT: {"using":"xpath","value":"//button[@data-kt=\"addNewYardOverflowToolbarButton\"]"}
COMMAND: POST /session/eabbf40a9b059578e3035111444f40f0/elements - {"using":"xpath","value":"//button[@data-kt=\"addNewYardOverflowToolbarButton\"]"}
RESULT: {"using":"xpath","value":"//button[@data-kt=\"addNewYardOverflowToolbarButton\"]"}
COMMAND: POST /session/eabbf40a9b059578e3035111444f40f0/element - {"using":"xpath","value":"//button[@data-kt=\"addNewYardOverflowToolbarButton\"]"}
RESULT: {"using":"xpath","value":"//button[@data-kt=\"addNewYardOverflowToolbarButton\"]"}
COMMAND: POST /session/eabbf40a9b059578e3035111444f40f0/execute/sync - {"script":"<script> [8489 bytes]","args":[{"element-6066-11e4-a52e-4f735466cecf":"f.72F4F884D2456BFAF2BE58644CA6E573.d.EEB1720B16EB333F9F558AA2EBA73697.e.268","ELEMENT":"f.72F4F884D2456BFAF2BE58644CA6E573.d.EEB1720B16EB333F9F558AA2EBA73697.e.268"}]}
RESULT: {"script":"<script> [8489 bytes]","args":[{"element-6066-11e4-a52e-4f735466cecf":"f.72F4F884D2456BFAF2BE58644CA6E573.d.EEB1720B16EB333F9F558AA2EBA73697.e.268","ELEMENT":"f.72F4F884D2456BFAF2BE58644CA6E573.d.EEB1720B16EB333F9F558AA2EBA73697.e.268"}]}
COMMAND: GET /session/eabbf40a9b059578e3035111444f40f0/element/f.72F4F884D2456BFAF2BE58644CA6E573.d.EEB1720B16EB333F9F558AA2EBA73697.e.268/enabled - {}
COMMAND: GET /session/eabbf40a9b059578e3035111444f40f0/screenshot - {}
RESULT: {}
COMMAND: POST /session/eabbf40a9b059578e3035111444f40f0/execute/sync - {"script":"<script> [8489 bytes]","args":[{"element-6066-11e4-a52e-4f735466cecf":"f.72F4F884D2456BFAF2BE58644CA6E573.d.EEB1720B16EB333F9F558AA2EBA73697.e.268","ELEMENT":"f.72F4F884D2456BFAF2BE58644CA6E573.d.EEB1720B16EB333F9F558AA2EBA73697.e.268"}]}
COMMAND: GET /session/eabbf40a9b059578e3035111444f40f0/screenshot - {}
RESULT: {}
RESULT: {"script":"<script> [8489 bytes]","args":[{"element-6066-11e4-a52e-4f735466cecf":"f.72F4F884D2456BFAF2BE58644CA6E573.d.EEB1720B16EB333F9F558AA2EBA73697.e.268","ELEMENT":"f.72F4F884D2456BFAF2BE58644CA6E573.d.EEB1720B16EB333F9F558AA2EBA73697.e.268"}]}
COMMAND: POST /session/eabbf40a9b059578e3035111444f40f0/execute/sync - {"script":"<script> [5351 bytes]","args":[{"element-6066-11e4-a52e-4f735466cecf":"f.72F4F884D2456BFAF2BE58644CA6E573.d.EEB1720B16EB333F9F558AA2EBA73697.e.268","ELEMENT":"f.72F4F884D2456BFAF2BE58644CA6E573.d.EEB1720B16EB333F9F558AA2EBA73697.e.268"}]}
COMMAND: GET /session/eabbf40a9b059578e3035111444f40f0/screenshot - {}
RESULT: {}
RESULT: {"script":"<script> [5351 bytes]","args":[{"element-6066-11e4-a52e-4f735466cecf":"f.72F4F884D2456BFAF2BE58644CA6E573.d.EEB1720B16EB333F9F558AA2EBA73697.e.268","ELEMENT":"f.72F4F884D2456BFAF2BE58644CA6E573.d.EEB1720B16EB333F9F558AA2EBA73697.e.268"}]}
COMMAND: POST /session/eabbf40a9b059578e3035111444f40f0/element/f.72F4F884D2456BFAF2BE58644CA6E573.d.EEB1720B16EB333F9F558AA2EBA73697.e.268/click - {}
COMMAND: GET /session/eabbf40a9b059578e3035111444f40f0/screenshot - {}
RESULT: {}
RESULT: {}
COMMAND: GET /session/eabbf40a9b059578e3035111444f40f0/screenshot - {}
RESULT: {}
COMMAND: POST /session/eabbf40a9b059578e3035111444f40f0/element - {"using":"xpath","value":"//input[@id=\"application-manageyards-display-component---NewYard--yardId-inner\"]"}
RESULT: {}
RESULT: {"using":"xpath","value":"//input[@id=\"application-manageyards-display-component---NewYard--yardId-inner\"]"}
COMMAND: POST /session/eabbf40a9b059578e3035111444f40f0/element - {"using":"xpath","value":"//input[@id=\"application-manageyards-display-component---NewYard--yardId-inner\"]"}
RESULT: {"using":"xpath","value":"//input[@id=\"application-manageyards-display-component---NewYard--yardId-inner\"]"}
COMMAND: POST /session/eabbf40a9b059578e3035111444f40f0/execute/async - {"script":"<script> [1562 bytes]","args":[{"selector":{"id":"application-manageyards-display-component---NewYard--addressDetailDetailsName1","interaction":{"idSuffix":"inner"}},"wdio_ui5_key":"applicationmanageyards-display-component---NewYard--addressDetailDetailsName1"}]}
RESULT: {"script":"<script> [1562 bytes]","args":[{"selector":{"id":"application-manageyards-display-component---NewYard--addressDetailDetailsName1","interaction":{"idSuffix":"inner"}},"wdio_ui5_key":"applicationmanageyards-display-component---NewYard--addressDetailDetailsName1"}]}
RESULT: undefined
COMMAND: POST /session/eabbf40a9b059578e3035111444f40f0/execute/async - {"script":"<script> [776 bytes]","args":[{"enterText":"Other Yard WDIO","selector":{"id":"application-manageyards-display-component---NewYard--addressDetailDetailsName1","interaction":{"idSuffix":"inner"}},"clearTextFirst":true,"interactionType":"ENTER_TEXT"}]}
RESULT: {"script":"<script> [776 bytes]","args":[{"enterText":"Other Yard WDIO","selector":{"id":"application-manageyards-display-component---NewYard--addressDetailDetailsName1","interaction":{"idSuffix":"inner"}},"clearTextFirst":true,"interactionType":"ENTER_TEXT"}]}
COMMAND: POST /session/eabbf40a9b059578e3035111444f40f0/execute/async - {"script":"<script> [1562 bytes]","args":[{"selector":{"id":"application-manageyards-display-component---NewYard--addressDetailDetailsLanguage-arrow"},"wdio_ui5_key":"applicationmanageyards-display-component---NewYard--addressDetailDetailsLanguage-arrow"}]}
RESULT: {"script":"<script> [1562 bytes]","args":[{"selector":{"id":"application-manageyards-display-component---NewYard--addressDetailDetailsLanguage-arrow"},"wdio_ui5_key":"applicationmanageyards-display-component---NewYard--addressDetailDetailsLanguage-arrow"}]}
RESULT: undefined
COMMAND: POST /session/eabbf40a9b059578e3035111444f40f0/element - {"using":"xpath","value":"//*[@id=\"application-manageyards-display-component---NewYard--addressDetailDetailsLanguage-arrow\"]"}
RESULT: {"using":"xpath","value":"//*[@id=\"application-manageyards-display-component---NewYard--addressDetailDetailsLanguage-arrow\"]"}
COMMAND: POST /session/eabbf40a9b059578e3035111444f40f0/element/f.72F4F884D2456BFAF2BE58644CA6E573.d.EEB1720B16EB333F9F558AA2EBA73697.e.701/click - {}
RESULT: {}
COMMAND: POST /session/eabbf40a9b059578e3035111444f40f0/element - {"using":"xpath","value":"//span[contains(text(), \"English\")]"}
COMMAND: GET /session/eabbf40a9b059578e3035111444f40f0/screenshot - {}
RESULT: {"using":"xpath","value":"//span[contains(text(), \"English\")]"}
COMMAND: POST /session/eabbf40a9b059578e3035111444f40f0/element/f.72F4F884D2456BFAF2BE58644CA6E573.d.EEB1720B16EB333F9F558AA2EBA73697.e.702/click - {}
RESULT: {}
RESULT: {}
COMMAND: POST /session/eabbf40a9b059578e3035111444f40f0/execute/async - {"script":"<script> [1562 bytes]","args":[{"selector":{"id":"application-manageyards-display-component---NewYard--addressDetailDetailsCity1","interaction":{"idSuffix":"inner"}},"wdio_ui5_key":"applicationmanageyards-display-component---NewYard--addressDetailDetailsCity1"}]}
COMMAND: GET /session/eabbf40a9b059578e3035111444f40f0/screenshot - {}
RESULT: {"script":"<script> [1562 bytes]","args":[{"selector":{"id":"application-manageyards-display-component---NewYard--addressDetailDetailsCity1","interaction":{"idSuffix":"inner"}},"wdio_ui5_key":"applicationmanageyards-display-component---NewYard--addressDetailDetailsCity1"}]}
RESULT: undefined
COMMAND: POST /session/eabbf40a9b059578e3035111444f40f0/execute/async - {"script":"<script> [776 bytes]","args":[{"enterText":"Rosario","selector":{"id":"application-manageyards-display-component---NewYard--addressDetailDetailsCity1","interaction":{"idSuffix":"inner"}},"clearTextFirst":true,"interactionType":"ENTER_TEXT"}]}
RESULT: {}
RESULT: {"script":"<script> [776 bytes]","args":[{"enterText":"Rosario","selector":{"id":"application-manageyards-display-component---NewYard--addressDetailDetailsCity1","interaction":{"idSuffix":"inner"}},"clearTextFirst":true,"interactionType":"ENTER_TEXT"}]}
COMMAND: POST /session/eabbf40a9b059578e3035111444f40f0/execute/async - {"script":"<script> [1562 bytes]","args":[{"selector":{"id":"application-manageyards-display-component---NewYard--addressDetailDetailsCountry-arrow"},"wdio_ui5_key":"applicationmanageyards-display-component---NewYard--addressDetailDetailsCountry-arrow"}]}
RESULT: {"script":"<script> [1562 bytes]","args":[{"selector":{"id":"application-manageyards-display-component---NewYard--addressDetailDetailsCountry-arrow"},"wdio_ui5_key":"applicationmanageyards-display-component---NewYard--addressDetailDetailsCountry-arrow"}]}
RESULT: undefined
COMMAND: POST /session/eabbf40a9b059578e3035111444f40f0/element - {"using":"xpath","value":"//*[@id=\"application-manageyards-display-component---NewYard--addressDetailDetailsCountry-arrow\"]"}
RESULT: {"using":"xpath","value":"//*[@id=\"application-manageyards-display-component---NewYard--addressDetailDetailsCountry-arrow\"]"}
COMMAND: POST /session/eabbf40a9b059578e3035111444f40f0/element/f.72F4F884D2456BFAF2BE58644CA6E573.d.EEB1720B16EB333F9F558AA2EBA73697.e.704/click - {}
RESULT: {}
COMMAND: POST /session/eabbf40a9b059578e3035111444f40f0/element - {"using":"xpath","value":"//span[contains(text(), \"Argentina\")]"}
COMMAND: GET /session/eabbf40a9b059578e3035111444f40f0/screenshot - {}
RESULT: {"using":"xpath","value":"//span[contains(text(), \"Argentina\")]"}
COMMAND: POST /session/eabbf40a9b059578e3035111444f40f0/element/f.72F4F884D2456BFAF2BE58644CA6E573.d.EEB1720B16EB333F9F558AA2EBA73697.e.705/click - {}
RESULT: {}
RESULT: {}
COMMAND: POST /session/eabbf40a9b059578e3035111444f40f0/execute/async - {"script":"<script> [1562 bytes]","args":[{"selector":{"id":"application-manageyards-display-component---NewYard--addressEditDetailsCostObjectCstType-arrow"},"wdio_ui5_key":"applicationmanageyards-display-component---NewYard--addressEditDetailsCostObjectCstType-arrow"}]}
COMMAND: GET /session/eabbf40a9b059578e3035111444f40f0/screenshot - {}
RESULT: {"script":"<script> [1562 bytes]","args":[{"selector":{"id":"application-manageyards-display-component---NewYard--addressEditDetailsCostObjectCstType-arrow"},"wdio_ui5_key":"applicationmanageyards-display-component---NewYard--addressEditDetailsCostObjectCstType-arrow"}]}
RESULT: undefined
COMMAND: POST /session/eabbf40a9b059578e3035111444f40f0/element - {"using":"xpath","value":"//*[@id=\"application-manageyards-display-component---NewYard--addressEditDetailsCostObjectCstType-arrow\"]"}
RESULT: {}
RESULT: {"using":"xpath","value":"//*[@id=\"application-manageyards-display-component---NewYard--addressEditDetailsCostObjectCstType-arrow\"]"}
COMMAND: POST /session/eabbf40a9b059578e3035111444f40f0/element/f.72F4F884D2456BFAF2BE58644CA6E573.d.EEB1720B16EB333F9F558AA2EBA73697.e.707/click - {}
RESULT: {}
COMMAND: POST /session/eabbf40a9b059578e3035111444f40f0/element - {"using":"xpath","value":"//span[contains(text(), \"Cost Center\")]"}
COMMAND: GET /session/eabbf40a9b059578e3035111444f40f0/screenshot - {}
RESULT: {"using":"xpath","value":"//span[contains(text(), \"Cost Center\")]"}
COMMAND: POST /session/eabbf40a9b059578e3035111444f40f0/element/f.72F4F884D2456BFAF2BE58644CA6E573.d.EEB1720B16EB333F9F558AA2EBA73697.e.708/click - {}
RESULT: {}
RESULT: {}
COMMAND: GET /session/eabbf40a9b059578e3035111444f40f0/screenshot - {}
RESULT: {}
COMMAND: POST /session/eabbf40a9b059578e3035111444f40f0/element - {"using":"xpath","value":"//span[@id=\"application-manageyards-display-component---NewYard--addressNewCostObjectCstID-vhi\"]"}
RESULT: {"using":"xpath","value":"//span[@id=\"application-manageyards-display-component---NewYard--addressNewCostObjectCstID-vhi\"]"}
COMMAND: POST /session/eabbf40a9b059578e3035111444f40f0/execute/sync - {"script":"<script> [8489 bytes]","args":[{"element-6066-11e4-a52e-4f735466cecf":"f.72F4F884D2456BFAF2BE58644CA6E573.d.EEB1720B16EB333F9F558AA2EBA73697.e.712","ELEMENT":"f.72F4F884D2456BFAF2BE58644CA6E573.d.EEB1720B16EB333F9F558AA2EBA73697.e.712"}]}
RESULT: {"script":"<script> [8489 bytes]","args":[{"element-6066-11e4-a52e-4f735466cecf":"f.72F4F884D2456BFAF2BE58644CA6E573.d.EEB1720B16EB333F9F558AA2EBA73697.e.712","ELEMENT":"f.72F4F884D2456BFAF2BE58644CA6E573.d.EEB1720B16EB333F9F558AA2EBA73697.e.712"}]}
COMMAND: POST /session/eabbf40a9b059578e3035111444f40f0/execute/async - {"script":"<script> [1562 bytes]","args":[{"selector":{"id":"application-manageyards-display-component---NewYard--addressNewCostObjectCstID-vhi"},"wdio_ui5_key":"applicationmanageyards-display-component---NewYard--addressNewCostObjectCstID-vhi"}]}
COMMAND: GET /session/eabbf40a9b059578e3035111444f40f0/screenshot - {}
RESULT: {"script":"<script> [1562 bytes]","args":[{"selector":{"id":"application-manageyards-display-component---NewYard--addressNewCostObjectCstID-vhi"},"wdio_ui5_key":"applicationmanageyards-display-component---NewYard--addressNewCostObjectCstID-vhi"}]}
RESULT: undefined
COMMAND: POST /session/eabbf40a9b059578e3035111444f40f0/element - {"using":"xpath","value":"//*[@id=\"application-manageyards-display-component---NewYard--addressNewCostObjectCstID-vhi\"]"}
RESULT: {}
RESULT: {"using":"xpath","value":"//*[@id=\"application-manageyards-display-component---NewYard--addressNewCostObjectCstID-vhi\"]"}
COMMAND: POST /session/eabbf40a9b059578e3035111444f40f0/element/f.72F4F884D2456BFAF2BE58644CA6E573.d.EEB1720B16EB333F9F558AA2EBA73697.e.712/click - {}
RESULT: {}
COMMAND: GET /session/eabbf40a9b059578e3035111444f40f0/screenshot - {}
RESULT: {}
COMMAND: POST /session/eabbf40a9b059578e3035111444f40f0/execute/async - {"script":"<script> [1562 bytes]","args":[{"selector":{"controlType":"sap.m.SearchField","properties":{"placeholder":"Search"},"searchOpenDialogs":true,"interaction":{"idSuffix":"I"}},"wdio_ui5_key":"sapm.SearchField{\"placeholder\":\"Search\"}"}]}
RESULT: {"script":"<script> [1562 bytes]","args":[{"selector":{"controlType":"sap.m.SearchField","properties":{"placeholder":"Search"},"searchOpenDialogs":true,"interaction":{"idSuffix":"I"}},"wdio_ui5_key":"sapm.SearchField{\"placeholder\":\"Search\"}"}]}
RESULT: undefined
COMMAND: POST /session/eabbf40a9b059578e3035111444f40f0/execute/async - {"script":"<script> [776 bytes]","args":[{"enterText":"bauh_b","selector":{"controlType":"sap.m.SearchField","properties":{"placeholder":"Search"},"searchOpenDialogs":true,"interaction":{"idSuffix":"I"}},"clearTextFirst":true,"interactionType":"ENTER_TEXT"}]}
RESULT: {"script":"<script> [776 bytes]","args":[{"enterText":"bauh_b","selector":{"controlType":"sap.m.SearchField","properties":{"placeholder":"Search"},"searchOpenDialogs":true,"interaction":{"idSuffix":"I"}},"clearTextFirst":true,"interactionType":"ENTER_TEXT"}]}
COMMAND: POST /session/eabbf40a9b059578e3035111444f40f0/actions - {"actions":[{"id":"action1","type":"key","parameters":{},"actions":[{"type":"keyDown","value":""},{"type":"pause","duration":10},{"type":"keyUp","value":""}]}]}
RESULT: {"actions":[{"id":"action1","type":"key","parameters":{},"actions":[{"type":"keyDown","value":""},{"type":"pause","duration":10},{"type":"keyUp","value":""}]}]}
COMMAND: GET /session/eabbf40a9b059578e3035111444f40f0/screenshot - {}
RESULT: {}
COMMAND: POST /session/eabbf40a9b059578e3035111444f40f0/element - {"using":"xpath","value":"//span[contains(text(), \"Demo Yard\")]"}
RESULT: {"using":"xpath","value":"//span[contains(text(), \"Demo Yard\")]"}
COMMAND: POST /session/eabbf40a9b059578e3035111444f40f0/element/f.72F4F884D2456BFAF2BE58644CA6E573.d.EEB1720B16EB333F9F558AA2EBA73697.e.754/click - {}
RESULT: {}
COMMAND: GET /session/eabbf40a9b059578e3035111444f40f0/screenshot - {}
RESULT: {}
COMMAND: POST /session/eabbf40a9b059578e3035111444f40f0/element - {"using":"xpath","value":"//bdi[contains(text(), \"OK\")]"}
RESULT: {"using":"xpath","value":"//bdi[contains(text(), \"OK\")]"}
COMMAND: POST /session/eabbf40a9b059578e3035111444f40f0/element/f.72F4F884D2456BFAF2BE58644CA6E573.d.EEB1720B16EB333F9F558AA2EBA73697.e.755/click - {}
RESULT: {}
COMMAND: GET /session/eabbf40a9b059578e3035111444f40f0/screenshot - {}
RESULT: {}
COMMAND: POST /session/eabbf40a9b059578e3035111444f40f0/execute/async - {"script":"<script> [1562 bytes]","args":[{"selector":{"id":"application-manageyards-display-component---NewYard--addressEditDetailsCurrency-arrow"},"wdio_ui5_key":"applicationmanageyards-display-component---NewYard--addressEditDetailsCurrency-arrow"}]}
RESULT: {"script":"<script> [1562 bytes]","args":[{"selector":{"id":"application-manageyards-display-component---NewYard--addressEditDetailsCurrency-arrow"},"wdio_ui5_key":"applicationmanageyards-display-component---NewYard--addressEditDetailsCurrency-arrow"}]}
RESULT: undefined
COMMAND: POST /session/eabbf40a9b059578e3035111444f40f0/element - {"using":"xpath","value":"//*[@id=\"application-manageyards-display-component---NewYard--addressEditDetailsCurrency-arrow\"]"}
RESULT: {"using":"xpath","value":"//*[@id=\"application-manageyards-display-component---NewYard--addressEditDetailsCurrency-arrow\"]"}
COMMAND: POST /session/eabbf40a9b059578e3035111444f40f0/element/f.72F4F884D2456BFAF2BE58644CA6E573.d.EEB1720B16EB333F9F558AA2EBA73697.e.758/click - {}
RESULT: {}
COMMAND: POST /session/eabbf40a9b059578e3035111444f40f0/element - {"using":"xpath","value":"//span[contains(text(), \"Euro\")]"}
COMMAND: GET /session/eabbf40a9b059578e3035111444f40f0/screenshot - {}
RESULT: {"using":"xpath","value":"//span[contains(text(), \"Euro\")]"}
COMMAND: POST /session/eabbf40a9b059578e3035111444f40f0/element/f.72F4F884D2456BFAF2BE58644CA6E573.d.EEB1720B16EB333F9F558AA2EBA73697.e.759/click - {}
RESULT: {}
RESULT: {}
COMMAND: POST /session/eabbf40a9b059578e3035111444f40f0/execute/async - {"script":"<script> [1562 bytes]","args":[{"selector":{"controlType":"sap.m.Input","viewName":"etm.portal.ui.manageyards.view.New","viewId":"application-manageyards-display-component---NewYard","bindingPath":{"path":"","propertyPath":"/CONTROLLING_AREA","modelName":"NewYardModel"},"interaction":{"idSuffix":"inner"}},"wdio_ui5_key":"etmportal.ui.manageyards.view.Newsap.m.Input{\"path\":\"\",\"propertyPath\":\"/CONTROLLING_AREA\",\"modelName\":\"NewYardModel\"}"}]}
COMMAND: GET /session/eabbf40a9b059578e3035111444f40f0/screenshot - {}
RESULT: {"script":"<script> [1562 bytes]","args":[{"selector":{"controlType":"sap.m.Input","viewName":"etm.portal.ui.manageyards.view.New","viewId":"application-manageyards-display-component---NewYard","bindingPath":{"path":"","propertyPath":"/CONTROLLING_AREA","modelName":"NewYardModel"},"interaction":{"idSuffix":"inner"}},"wdio_ui5_key":"etmportal.ui.manageyards.view.Newsap.m.Input{\"path\":\"\",\"propertyPath\":\"/CONTROLLING_AREA\",\"modelName\":\"NewYardModel\"}"}]}
RESULT: undefined
COMMAND: POST /session/eabbf40a9b059578e3035111444f40f0/execute/async - {"script":"<script> [776 bytes]","args":[{"enterText":"Z001","selector":{"controlType":"sap.m.Input","viewName":"etm.portal.ui.manageyards.view.New","viewId":"application-manageyards-display-component---NewYard","bindingPath":{"path":"","propertyPath":"/CONTROLLING_AREA","modelName":"NewYardModel"},"interaction":{"idSuffix":"inner"}},"clearTextFirst":true,"interactionType":"ENTER_TEXT"}]}
RESULT: {}
RESULT: {"script":"<script> [776 bytes]","args":[{"enterText":"Z001","selector":{"controlType":"sap.m.Input","viewName":"etm.portal.ui.manageyards.view.New","viewId":"application-manageyards-display-component---NewYard","bindingPath":{"path":"","propertyPath":"/CONTROLLING_AREA","modelName":"NewYardModel"},"interaction":{"idSuffix":"inner"}},"clearTextFirst":true,"interactionType":"ENTER_TEXT"}]}
COMMAND: POST /session/eabbf40a9b059578e3035111444f40f0/execute/async - {"script":"<script> [1562 bytes]","args":[{"selector":{"id":"application-manageyards-display-component---NewYard--companyCodeComboBox","interaction":{"idSuffix":"inner"}},"wdio_ui5_key":"applicationmanageyards-display-component---NewYard--companyCodeComboBox"}]}
RESULT: {"script":"<script> [1562 bytes]","args":[{"selector":{"id":"application-manageyards-display-component---NewYard--companyCodeComboBox","interaction":{"idSuffix":"inner"}},"wdio_ui5_key":"applicationmanageyards-display-component---NewYard--companyCodeComboBox"}]}
RESULT: undefined
COMMAND: POST /session/eabbf40a9b059578e3035111444f40f0/execute/async - {"script":"<script> [776 bytes]","args":[{"enterText":"1000","selector":{"id":"application-manageyards-display-component---NewYard--companyCodeComboBox","interaction":{"idSuffix":"inner"}},"clearTextFirst":true,"interactionType":"ENTER_TEXT"}]}
RESULT: {"script":"<script> [776 bytes]","args":[{"enterText":"1000","selector":{"id":"application-manageyards-display-component---NewYard--companyCodeComboBox","interaction":{"idSuffix":"inner"}},"clearTextFirst":true,"interactionType":"ENTER_TEXT"}]}
COMMAND: POST /session/eabbf40a9b059578e3035111444f40f0/execute/async - {"script":"<script> [1562 bytes]","args":[{"selector":{"controlType":"sap.m.Input","viewName":"etm.portal.ui.manageyards.view.New","viewId":"application-manageyards-display-component---NewYard","bindingPath":{"path":"","propertyPath":"/PLANT","modelName":"NewYardModel"},"interaction":{"idSuffix":"inner"}},"wdio_ui5_key":"etmportal.ui.manageyards.view.Newsap.m.Input{\"path\":\"\",\"propertyPath\":\"/PLANT\",\"modelName\":\"NewYardModel\"}"}]}
RESULT: {"script":"<script> [1562 bytes]","args":[{"selector":{"controlType":"sap.m.Input","viewName":"etm.portal.ui.manageyards.view.New","viewId":"application-manageyards-display-component---NewYard","bindingPath":{"path":"","propertyPath":"/PLANT","modelName":"NewYardModel"},"interaction":{"idSuffix":"inner"}},"wdio_ui5_key":"etmportal.ui.manageyards.view.Newsap.m.Input{\"path\":\"\",\"propertyPath\":\"/PLANT\",\"modelName\":\"NewYardModel\"}"}]}
RESULT: undefined
COMMAND: POST /session/eabbf40a9b059578e3035111444f40f0/execute/async - {"script":"<script> [776 bytes]","args":[{"enterText":"1001","selector":{"controlType":"sap.m.Input","viewName":"etm.portal.ui.manageyards.view.New","viewId":"application-manageyards-display-component---NewYard","bindingPath":{"path":"","propertyPath":"/PLANT","modelName":"NewYardModel"},"interaction":{"idSuffix":"inner"}},"clearTextFirst":true,"interactionType":"ENTER_TEXT"}]}
RESULT: {"script":"<script> [776 bytes]","args":[{"enterText":"1001","selector":{"controlType":"sap.m.Input","viewName":"etm.portal.ui.manageyards.view.New","viewId":"application-manageyards-display-component---NewYard","bindingPath":{"path":"","propertyPath":"/PLANT","modelName":"NewYardModel"},"interaction":{"idSuffix":"inner"}},"clearTextFirst":true,"interactionType":"ENTER_TEXT"}]}
COMMAND: POST /session/eabbf40a9b059578e3035111444f40f0/execute/async - {"script":"<script> [1562 bytes]","args":[{"selector":{"controlType":"sap.m.Input","viewName":"etm.portal.ui.manageyards.view.New","viewId":"application-manageyards-display-component---NewYard","bindingPath":{"path":"","propertyPath":"/SALES_AREA_VKORG","modelName":"NewYardModel"},"interaction":{"idSuffix":"inner"}},"wdio_ui5_key":"etmportal.ui.manageyards.view.Newsap.m.Input{\"path\":\"\",\"propertyPath\":\"/SALES_AREA_VKORG\",\"modelName\":\"NewYardModel\"}"}]}
RESULT: {"script":"<script> [1562 bytes]","args":[{"selector":{"controlType":"sap.m.Input","viewName":"etm.portal.ui.manageyards.view.New","viewId":"application-manageyards-display-component---NewYard","bindingPath":{"path":"","propertyPath":"/SALES_AREA_VKORG","modelName":"NewYardModel"},"interaction":{"idSuffix":"inner"}},"wdio_ui5_key":"etmportal.ui.manageyards.view.Newsap.m.Input{\"path\":\"\",\"propertyPath\":\"/SALES_AREA_VKORG\",\"modelName\":\"NewYardModel\"}"}]}
RESULT: undefined
COMMAND: POST /session/eabbf40a9b059578e3035111444f40f0/execute/async - {"script":"<script> [776 bytes]","args":[{"enterText":"C002","selector":{"controlType":"sap.m.Input","viewName":"etm.portal.ui.manageyards.view.New","viewId":"application-manageyards-display-component---NewYard","bindingPath":{"path":"","propertyPath":"/SALES_AREA_VKORG","modelName":"NewYardModel"},"interaction":{"idSuffix":"inner"}},"clearTextFirst":true,"interactionType":"ENTER_TEXT"}]}
RESULT: {"script":"<script> [776 bytes]","args":[{"enterText":"C002","selector":{"controlType":"sap.m.Input","viewName":"etm.portal.ui.manageyards.view.New","viewId":"application-manageyards-display-component---NewYard","bindingPath":{"path":"","propertyPath":"/SALES_AREA_VKORG","modelName":"NewYardModel"},"interaction":{"idSuffix":"inner"}},"clearTextFirst":true,"interactionType":"ENTER_TEXT"}]}
COMMAND: POST /session/eabbf40a9b059578e3035111444f40f0/execute/async - {"script":"<script> [1562 bytes]","args":[{"selector":{"controlType":"sap.m.Input","viewName":"etm.portal.ui.manageyards.view.New","viewId":"application-manageyards-display-component---NewYard","bindingPath":{"path":"","propertyPath":"/SALES_AREA_VTWEG","modelName":"NewYardModel"},"interaction":{"idSuffix":"inner"}},"wdio_ui5_key":"etmportal.ui.manageyards.view.Newsap.m.Input{\"path\":\"\",\"propertyPath\":\"/SALES_AREA_VTWEG\",\"modelName\":\"NewYardModel\"}"}]}
RESULT: {"script":"<script> [1562 bytes]","args":[{"selector":{"controlType":"sap.m.Input","viewName":"etm.portal.ui.manageyards.view.New","viewId":"application-manageyards-display-component---NewYard","bindingPath":{"path":"","propertyPath":"/SALES_AREA_VTWEG","modelName":"NewYardModel"},"interaction":{"idSuffix":"inner"}},"wdio_ui5_key":"etmportal.ui.manageyards.view.Newsap.m.Input{\"path\":\"\",\"propertyPath\":\"/SALES_AREA_VTWEG\",\"modelName\":\"NewYardModel\"}"}]}
RESULT: undefined
COMMAND: POST /session/eabbf40a9b059578e3035111444f40f0/execute/async - {"script":"<script> [776 bytes]","args":[{"enterText":"C2","selector":{"controlType":"sap.m.Input","viewName":"etm.portal.ui.manageyards.view.New","viewId":"application-manageyards-display-component---NewYard","bindingPath":{"path":"","propertyPath":"/SALES_AREA_VTWEG","modelName":"NewYardModel"},"interaction":{"idSuffix":"inner"}},"clearTextFirst":true,"interactionType":"ENTER_TEXT"}]}
RESULT: {"script":"<script> [776 bytes]","args":[{"enterText":"C2","selector":{"controlType":"sap.m.Input","viewName":"etm.portal.ui.manageyards.view.New","viewId":"application-manageyards-display-component---NewYard","bindingPath":{"path":"","propertyPath":"/SALES_AREA_VTWEG","modelName":"NewYardModel"},"interaction":{"idSuffix":"inner"}},"clearTextFirst":true,"interactionType":"ENTER_TEXT"}]}
COMMAND: POST /session/eabbf40a9b059578e3035111444f40f0/execute/async - {"script":"<script> [1562 bytes]","args":[{"selector":{"controlType":"sap.m.Input","viewName":"etm.portal.ui.manageyards.view.New","viewId":"application-manageyards-display-component---NewYard","bindingPath":{"path":"","propertyPath":"/SALES_AREA_SPART","modelName":"NewYardModel"},"interaction":{"idSuffix":"inner"}},"wdio_ui5_key":"etmportal.ui.manageyards.view.Newsap.m.Input{\"path\":\"\",\"propertyPath\":\"/SALES_AREA_SPART\",\"modelName\":\"NewYardModel\"}"}]}
RESULT: {"script":"<script> [1562 bytes]","args":[{"selector":{"controlType":"sap.m.Input","viewName":"etm.portal.ui.manageyards.view.New","viewId":"application-manageyards-display-component---NewYard","bindingPath":{"path":"","propertyPath":"/SALES_AREA_SPART","modelName":"NewYardModel"},"interaction":{"idSuffix":"inner"}},"wdio_ui5_key":"etmportal.ui.manageyards.view.Newsap.m.Input{\"path\":\"\",\"propertyPath\":\"/SALES_AREA_SPART\",\"modelName\":\"NewYardModel\"}"}]}
RESULT: undefined
COMMAND: POST /session/eabbf40a9b059578e3035111444f40f0/execute/async - {"script":"<script> [776 bytes]","args":[{"enterText":"C2","selector":{"controlType":"sap.m.Input","viewName":"etm.portal.ui.manageyards.view.New","viewId":"application-manageyards-display-component---NewYard","bindingPath":{"path":"","propertyPath":"/SALES_AREA_SPART","modelName":"NewYardModel"},"interaction":{"idSuffix":"inner"}},"clearTextFirst":true,"interactionType":"ENTER_TEXT"}]}
RESULT: {"script":"<script> [776 bytes]","args":[{"enterText":"C2","selector":{"controlType":"sap.m.Input","viewName":"etm.portal.ui.manageyards.view.New","viewId":"application-manageyards-display-component---NewYard","bindingPath":{"path":"","propertyPath":"/SALES_AREA_SPART","modelName":"NewYardModel"},"interaction":{"idSuffix":"inner"}},"clearTextFirst":true,"interactionType":"ENTER_TEXT"}]}
COMMAND: POST /session/eabbf40a9b059578e3035111444f40f0/execute/async - {"script":"<script> [1562 bytes]","args":[{"selector":{"controlType":"sap.m.Input","viewName":"etm.portal.ui.manageyards.view.New","viewId":"application-manageyards-display-component---NewYard","bindingPath":{"path":"","propertyPath":"/SHIP_POINT","modelName":"NewYardModel"},"interaction":{"idSuffix":"inner"}},"wdio_ui5_key":"etmportal.ui.manageyards.view.Newsap.m.Input{\"path\":\"\",\"propertyPath\":\"/SHIP_POINT\",\"modelName\":\"NewYardModel\"}"}]}
RESULT: {"script":"<script> [1562 bytes]","args":[{"selector":{"controlType":"sap.m.Input","viewName":"etm.portal.ui.manageyards.view.New","viewId":"application-manageyards-display-component---NewYard","bindingPath":{"path":"","propertyPath":"/SHIP_POINT","modelName":"NewYardModel"},"interaction":{"idSuffix":"inner"}},"wdio_ui5_key":"etmportal.ui.manageyards.view.Newsap.m.Input{\"path\":\"\",\"propertyPath\":\"/SHIP_POINT\",\"modelName\":\"NewYardModel\"}"}]}
RESULT: undefined
COMMAND: POST /session/eabbf40a9b059578e3035111444f40f0/execute/async - {"script":"<script> [776 bytes]","args":[{"enterText":"1710","selector":{"controlType":"sap.m.Input","viewName":"etm.portal.ui.manageyards.view.New","viewId":"application-manageyards-display-component---NewYard","bindingPath":{"path":"","propertyPath":"/SHIP_POINT","modelName":"NewYardModel"},"interaction":{"idSuffix":"inner"}},"clearTextFirst":true,"interactionType":"ENTER_TEXT"}]}
RESULT: {"script":"<script> [776 bytes]","args":[{"enterText":"1710","selector":{"controlType":"sap.m.Input","viewName":"etm.portal.ui.manageyards.view.New","viewId":"application-manageyards-display-component---NewYard","bindingPath":{"path":"","propertyPath":"/SHIP_POINT","modelName":"NewYardModel"},"interaction":{"idSuffix":"inner"}},"clearTextFirst":true,"interactionType":"ENTER_TEXT"}]}
COMMAND: POST /session/eabbf40a9b059578e3035111444f40f0/execute/async - {"script":"<script> [1562 bytes]","args":[{"selector":{"controlType":"sap.m.Input","viewName":"etm.portal.ui.manageyards.view.New","viewId":"application-manageyards-display-component---NewYard","bindingPath":{"path":"","propertyPath":"/DELIVERY_TYPE","modelName":"NewYardModel"},"interaction":{"idSuffix":"inner"}},"wdio_ui5_key":"etmportal.ui.manageyards.view.Newsap.m.Input{\"path\":\"\",\"propertyPath\":\"/DELIVERY_TYPE\",\"modelName\":\"NewYardModel\"}"}]}
RESULT: {"script":"<script> [1562 bytes]","args":[{"selector":{"controlType":"sap.m.Input","viewName":"etm.portal.ui.manageyards.view.New","viewId":"application-manageyards-display-component---NewYard","bindingPath":{"path":"","propertyPath":"/DELIVERY_TYPE","modelName":"NewYardModel"},"interaction":{"idSuffix":"inner"}},"wdio_ui5_key":"etmportal.ui.manageyards.view.Newsap.m.Input{\"path\":\"\",\"propertyPath\":\"/DELIVERY_TYPE\",\"modelName\":\"NewYardModel\"}"}]}
RESULT: undefined
COMMAND: POST /session/eabbf40a9b059578e3035111444f40f0/execute/async - {"script":"<script> [776 bytes]","args":[{"enterText":"ZL01","selector":{"controlType":"sap.m.Input","viewName":"etm.portal.ui.manageyards.view.New","viewId":"application-manageyards-display-component---NewYard","bindingPath":{"path":"","propertyPath":"/DELIVERY_TYPE","modelName":"NewYardModel"},"interaction":{"idSuffix":"inner"}},"clearTextFirst":true,"interactionType":"ENTER_TEXT"}]}
RESULT: {"script":"<script> [776 bytes]","args":[{"enterText":"ZL01","selector":{"controlType":"sap.m.Input","viewName":"etm.portal.ui.manageyards.view.New","viewId":"application-manageyards-display-component---NewYard","bindingPath":{"path":"","propertyPath":"/DELIVERY_TYPE","modelName":"NewYardModel"},"interaction":{"idSuffix":"inner"}},"clearTextFirst":true,"interactionType":"ENTER_TEXT"}]}
COMMAND: POST /session/eabbf40a9b059578e3035111444f40f0/execute/async - {"script":"<script> [1562 bytes]","args":[{"selector":{"controlType":"sap.m.Input","viewName":"etm.portal.ui.manageyards.view.New","viewId":"application-manageyards-display-component---NewYard","bindingPath":{"path":"","propertyPath":"/AUART","modelName":"NewYardModel"},"interaction":{"idSuffix":"inner"}},"wdio_ui5_key":"etmportal.ui.manageyards.view.Newsap.m.Input{\"path\":\"\",\"propertyPath\":\"/AUART\",\"modelName\":\"NewYardModel\"}"}]}
RESULT: {"script":"<script> [1562 bytes]","args":[{"selector":{"controlType":"sap.m.Input","viewName":"etm.portal.ui.manageyards.view.New","viewId":"application-manageyards-display-component---NewYard","bindingPath":{"path":"","propertyPath":"/AUART","modelName":"NewYardModel"},"interaction":{"idSuffix":"inner"}},"wdio_ui5_key":"etmportal.ui.manageyards.view.Newsap.m.Input{\"path\":\"\",\"propertyPath\":\"/AUART\",\"modelName\":\"NewYardModel\"}"}]}
RESULT: undefined
COMMAND: POST /session/eabbf40a9b059578e3035111444f40f0/execute/async - {"script":"<script> [776 bytes]","args":[{"enterText":"TA","selector":{"controlType":"sap.m.Input","viewName":"etm.portal.ui.manageyards.view.New","viewId":"application-manageyards-display-component---NewYard","bindingPath":{"path":"","propertyPath":"/AUART","modelName":"NewYardModel"},"interaction":{"idSuffix":"inner"}},"clearTextFirst":true,"interactionType":"ENTER_TEXT"}]}
RESULT: {"script":"<script> [776 bytes]","args":[{"enterText":"TA","selector":{"controlType":"sap.m.Input","viewName":"etm.portal.ui.manageyards.view.New","viewId":"application-manageyards-display-component---NewYard","bindingPath":{"path":"","propertyPath":"/AUART","modelName":"NewYardModel"},"interaction":{"idSuffix":"inner"}},"clearTextFirst":true,"interactionType":"ENTER_TEXT"}]}
COMMAND: POST /session/eabbf40a9b059578e3035111444f40f0/element - {"using":"xpath","value":"//button[@data-kt=\"newYardSaveButton\"]"}
RESULT: {"using":"xpath","value":"//button[@data-kt=\"newYardSaveButton\"]"}
COMMAND: POST /session/eabbf40a9b059578e3035111444f40f0/element/f.72F4F884D2456BFAF2BE58644CA6E573.d.EEB1720B16EB333F9F558AA2EBA73697.e.686/click - {}
RESULT: {}
COMMAND: GET /session/eabbf40a9b059578e3035111444f40f0/screenshot - {}
RESULT: {}
COMMAND: POST /session/eabbf40a9b059578e3035111444f40f0/element - {"using":"xpath","value":"//header[contains(@id, 'ObjectPageLayout-headerTitle')]/div[1]/div[2]/div[1]/span[1]"}
RESULT: {"using":"xpath","value":"//header[contains(@id, 'ObjectPageLayout-headerTitle')]/div[1]/div[2]/div[1]/span[1]"}
COMMAND: POST /session/eabbf40a9b059578e3035111444f40f0/elements - {"using":"xpath","value":"//header[contains(@id, 'ObjectPageLayout-headerTitle')]/div[1]/div[2]/div[1]/span[1]"}
RESULT: {"using":"xpath","value":"//header[contains(@id, 'ObjectPageLayout-headerTitle')]/div[1]/div[2]/div[1]/span[1]"}
COMMAND: POST /session/eabbf40a9b059578e3035111444f40f0/execute/sync - {"script":"<script> [56 bytes]","args":[{"element-6066-11e4-a52e-4f735466cecf":"f.72F4F884D2456BFAF2BE58644CA6E573.d.EEB1720B16EB333F9F558AA2EBA73697.e.979","ELEMENT":"f.72F4F884D2456BFAF2BE58644CA6E573.d.EEB1720B16EB333F9F558AA2EBA73697.e.979"}]}
RESULT: {"script":"<script> [56 bytes]","args":[{"element-6066-11e4-a52e-4f735466cecf":"f.72F4F884D2456BFAF2BE58644CA6E573.d.EEB1720B16EB333F9F558AA2EBA73697.e.979","ELEMENT":"f.72F4F884D2456BFAF2BE58644CA6E573.d.EEB1720B16EB333F9F558AA2EBA73697.e.979"}]}
COMMAND: GET /session/eabbf40a9b059578e3035111444f40f0/screenshot - {}
RESULT: {}
COMMAND: POST /session/eabbf40a9b059578e3035111444f40f0/element - {"using":"css selector","value":"#shell-header-logo"}
RESULT: {"using":"css selector","value":"#shell-header-logo"}
COMMAND: POST /session/eabbf40a9b059578e3035111444f40f0/element/f.72F4F884D2456BFAF2BE58644CA6E573.d.EEB1720B16EB333F9F558AA2EBA73697.e.237/click - {}
RESULT: {}
COMMAND: GET /session/eabbf40a9b059578e3035111444f40f0/screenshot - {}
RESULT: {}
COMMAND: POST /session/eabbf40a9b059578e3035111444f40f0/execute/sync - {"script":"<script> [299 bytes]","args":[["getModel","getResource"]]}
RESULT: {"script":"<script> [299 bytes]","args":[["getModel","getResource"]]}
]]></system-out>
    </testcase>
    <testcase classname="chrome.136_0_7103_93.windows.Create_masterdata_for_Yard_Overview_-_trigger_provide_US130988" name="Should create a new external partner" time="105.158">
      <system-out><![CDATA[
COMMAND: GET /session/eabbf40a9b059578e3035111444f40f0/screenshot - {}
COMMAND: POST /session/eabbf40a9b059578e3035111444f40f0/window/fullscreen - {}
RESULT: {}
RESULT: {}
COMMAND: POST /session/eabbf40a9b059578e3035111444f40f0/execute/async - {"script":"<script> [1562 bytes]","args":[{"selector":{"controlType":"sap.m.GenericTile","properties":{"header":"Manage Partners"}},"wdio_ui5_key":"sapm.GenericTile{\"header\":\"Manage Partners\"}"}]}
RESULT: {"script":"<script> [1562 bytes]","args":[{"selector":{"controlType":"sap.m.GenericTile","properties":{"header":"Manage Partners"}},"wdio_ui5_key":"sapm.GenericTile{\"header\":\"Manage Partners\"}"}]}
RESULT: undefined
COMMAND: POST /session/eabbf40a9b059578e3035111444f40f0/element - {"using":"xpath","value":"//*[@id=\"__tile38\"]"}
RESULT: {"using":"xpath","value":"//*[@id=\"__tile38\"]"}
COMMAND: POST /session/eabbf40a9b059578e3035111444f40f0/element/f.72F4F884D2456BFAF2BE58644CA6E573.d.EEB1720B16EB333F9F558AA2EBA73697.e.123/click - {}
RESULT: {}
COMMAND: GET /session/eabbf40a9b059578e3035111444f40f0/screenshot - {}
RESULT: {}
COMMAND: POST /session/eabbf40a9b059578e3035111444f40f0/elements - {"using":"xpath","value":"//span[text()='Error']"}
RESULT: {"using":"xpath","value":"//span[text()='Error']"}
COMMAND: POST /session/eabbf40a9b059578e3035111444f40f0/element - {"using":"xpath","value":"//button[@data-kt=\"addButton\"]"}
RESULT: {"using":"xpath","value":"//button[@data-kt=\"addButton\"]"}
COMMAND: POST /session/eabbf40a9b059578e3035111444f40f0/elements - {"using":"xpath","value":"//button[@data-kt=\"addButton\"]"}
RESULT: {"using":"xpath","value":"//button[@data-kt=\"addButton\"]"}
COMMAND: POST /session/eabbf40a9b059578e3035111444f40f0/elements - {"using":"xpath","value":"//button[@data-kt=\"addButton\"]"}
RESULT: {"using":"xpath","value":"//button[@data-kt=\"addButton\"]"}
COMMAND: POST /session/eabbf40a9b059578e3035111444f40f0/element - {"using":"xpath","value":"//button[@data-kt=\"addButton\"]"}
RESULT: {"using":"xpath","value":"//button[@data-kt=\"addButton\"]"}
COMMAND: POST /session/eabbf40a9b059578e3035111444f40f0/execute/sync - {"script":"<script> [8489 bytes]","args":[{"element-6066-11e4-a52e-4f735466cecf":"f.72F4F884D2456BFAF2BE58644CA6E573.d.EEB1720B16EB333F9F558AA2EBA73697.e.1029","ELEMENT":"f.72F4F884D2456BFAF2BE58644CA6E573.d.EEB1720B16EB333F9F558AA2EBA73697.e.1029"}]}
RESULT: {"script":"<script> [8489 bytes]","args":[{"element-6066-11e4-a52e-4f735466cecf":"f.72F4F884D2456BFAF2BE58644CA6E573.d.EEB1720B16EB333F9F558AA2EBA73697.e.1029","ELEMENT":"f.72F4F884D2456BFAF2BE58644CA6E573.d.EEB1720B16EB333F9F558AA2EBA73697.e.1029"}]}
COMMAND: GET /session/eabbf40a9b059578e3035111444f40f0/element/f.72F4F884D2456BFAF2BE58644CA6E573.d.EEB1720B16EB333F9F558AA2EBA73697.e.1029/enabled - {}
COMMAND: GET /session/eabbf40a9b059578e3035111444f40f0/screenshot - {}
RESULT: {}
COMMAND: POST /session/eabbf40a9b059578e3035111444f40f0/execute/sync - {"script":"<script> [8489 bytes]","args":[{"element-6066-11e4-a52e-4f735466cecf":"f.72F4F884D2456BFAF2BE58644CA6E573.d.EEB1720B16EB333F9F558AA2EBA73697.e.1029","ELEMENT":"f.72F4F884D2456BFAF2BE58644CA6E573.d.EEB1720B16EB333F9F558AA2EBA73697.e.1029"}]}
COMMAND: GET /session/eabbf40a9b059578e3035111444f40f0/screenshot - {}
RESULT: {}
RESULT: {"script":"<script> [8489 bytes]","args":[{"element-6066-11e4-a52e-4f735466cecf":"f.72F4F884D2456BFAF2BE58644CA6E573.d.EEB1720B16EB333F9F558AA2EBA73697.e.1029","ELEMENT":"f.72F4F884D2456BFAF2BE58644CA6E573.d.EEB1720B16EB333F9F558AA2EBA73697.e.1029"}]}
COMMAND: POST /session/eabbf40a9b059578e3035111444f40f0/execute/sync - {"script":"<script> [5351 bytes]","args":[{"element-6066-11e4-a52e-4f735466cecf":"f.72F4F884D2456BFAF2BE58644CA6E573.d.EEB1720B16EB333F9F558AA2EBA73697.e.1029","ELEMENT":"f.72F4F884D2456BFAF2BE58644CA6E573.d.EEB1720B16EB333F9F558AA2EBA73697.e.1029"}]}
COMMAND: GET /session/eabbf40a9b059578e3035111444f40f0/screenshot - {}
RESULT: {}
RESULT: {"script":"<script> [5351 bytes]","args":[{"element-6066-11e4-a52e-4f735466cecf":"f.72F4F884D2456BFAF2BE58644CA6E573.d.EEB1720B16EB333F9F558AA2EBA73697.e.1029","ELEMENT":"f.72F4F884D2456BFAF2BE58644CA6E573.d.EEB1720B16EB333F9F558AA2EBA73697.e.1029"}]}
COMMAND: POST /session/eabbf40a9b059578e3035111444f40f0/element/f.72F4F884D2456BFAF2BE58644CA6E573.d.EEB1720B16EB333F9F558AA2EBA73697.e.1029/click - {}
COMMAND: GET /session/eabbf40a9b059578e3035111444f40f0/screenshot - {}
RESULT: {}
RESULT: {}
COMMAND: GET /session/eabbf40a9b059578e3035111444f40f0/screenshot - {}
COMMAND: POST /session/eabbf40a9b059578e3035111444f40f0/execute/async - {"script":"<script> [1562 bytes]","args":[{"selector":{"id":"application-managepartners-display-component---NewPartner--addressDetailDetailsName1","interaction":{"idSuffix":"inner"}},"wdio_ui5_key":"applicationmanagepartners-display-component---NewPartner--addressDetailDetailsName1"}]}
RESULT: {}
RESULT: {}
RESULT: {"script":"<script> [1562 bytes]","args":[{"selector":{"id":"application-managepartners-display-component---NewPartner--addressDetailDetailsName1","interaction":{"idSuffix":"inner"}},"wdio_ui5_key":"applicationmanagepartners-display-component---NewPartner--addressDetailDetailsName1"}]}
RESULT: undefined
COMMAND: POST /session/eabbf40a9b059578e3035111444f40f0/execute/async - {"script":"<script> [776 bytes]","args":[{"enterText":"External Partner WDIO","selector":{"id":"application-managepartners-display-component---NewPartner--addressDetailDetailsName1","interaction":{"idSuffix":"inner"}},"clearTextFirst":true,"interactionType":"ENTER_TEXT"}]}
RESULT: {"script":"<script> [776 bytes]","args":[{"enterText":"External Partner WDIO","selector":{"id":"application-managepartners-display-component---NewPartner--addressDetailDetailsName1","interaction":{"idSuffix":"inner"}},"clearTextFirst":true,"interactionType":"ENTER_TEXT"}]}
COMMAND: POST /session/eabbf40a9b059578e3035111444f40f0/execute/async - {"script":"<script> [1562 bytes]","args":[{"selector":{"id":"application-managepartners-display-component---NewPartner--addressDetailDetailsLanguage-arrow"},"wdio_ui5_key":"applicationmanagepartners-display-component---NewPartner--addressDetailDetailsLanguage-arrow"}]}
RESULT: {"script":"<script> [1562 bytes]","args":[{"selector":{"id":"application-managepartners-display-component---NewPartner--addressDetailDetailsLanguage-arrow"},"wdio_ui5_key":"applicationmanagepartners-display-component---NewPartner--addressDetailDetailsLanguage-arrow"}]}
RESULT: undefined
COMMAND: POST /session/eabbf40a9b059578e3035111444f40f0/element - {"using":"xpath","value":"//*[@id=\"application-managepartners-display-component---NewPartner--addressDetailDetailsLanguage-arrow\"]"}
RESULT: {"using":"xpath","value":"//*[@id=\"application-managepartners-display-component---NewPartner--addressDetailDetailsLanguage-arrow\"]"}
COMMAND: POST /session/eabbf40a9b059578e3035111444f40f0/element/f.72F4F884D2456BFAF2BE58644CA6E573.d.EEB1720B16EB333F9F558AA2EBA73697.e.1465/click - {}
RESULT: {}
COMMAND: POST /session/eabbf40a9b059578e3035111444f40f0/element - {"using":"xpath","value":"//span[contains(text(), \"English\")]"}
COMMAND: GET /session/eabbf40a9b059578e3035111444f40f0/screenshot - {}
RESULT: {"using":"xpath","value":"//span[contains(text(), \"English\")]"}
COMMAND: POST /session/eabbf40a9b059578e3035111444f40f0/element/f.72F4F884D2456BFAF2BE58644CA6E573.d.EEB1720B16EB333F9F558AA2EBA73697.e.1466/click - {}
RESULT: {}
RESULT: {}
COMMAND: GET /session/eabbf40a9b059578e3035111444f40f0/screenshot - {}
RESULT: {}
COMMAND: POST /session/eabbf40a9b059578e3035111444f40f0/execute/async - {"script":"<script> [1562 bytes]","args":[{"selector":{"id":"application-managepartners-display-component---NewPartner--addressDetailDetailsCity1","interaction":{"idSuffix":"inner"}},"wdio_ui5_key":"applicationmanagepartners-display-component---NewPartner--addressDetailDetailsCity1"}]}
RESULT: {"script":"<script> [1562 bytes]","args":[{"selector":{"id":"application-managepartners-display-component---NewPartner--addressDetailDetailsCity1","interaction":{"idSuffix":"inner"}},"wdio_ui5_key":"applicationmanagepartners-display-component---NewPartner--addressDetailDetailsCity1"}]}
RESULT: undefined
COMMAND: POST /session/eabbf40a9b059578e3035111444f40f0/execute/async - {"script":"<script> [776 bytes]","args":[{"enterText":"Rosario","selector":{"id":"application-managepartners-display-component---NewPartner--addressDetailDetailsCity1","interaction":{"idSuffix":"inner"}},"clearTextFirst":true,"interactionType":"ENTER_TEXT"}]}
RESULT: {"script":"<script> [776 bytes]","args":[{"enterText":"Rosario","selector":{"id":"application-managepartners-display-component---NewPartner--addressDetailDetailsCity1","interaction":{"idSuffix":"inner"}},"clearTextFirst":true,"interactionType":"ENTER_TEXT"}]}
COMMAND: POST /session/eabbf40a9b059578e3035111444f40f0/execute/async - {"script":"<script> [1562 bytes]","args":[{"selector":{"id":"application-managepartners-display-component---NewPartner--addressDetailDetailsCountry-arrow"},"wdio_ui5_key":"applicationmanagepartners-display-component---NewPartner--addressDetailDetailsCountry-arrow"}]}
RESULT: {"script":"<script> [1562 bytes]","args":[{"selector":{"id":"application-managepartners-display-component---NewPartner--addressDetailDetailsCountry-arrow"},"wdio_ui5_key":"applicationmanagepartners-display-component---NewPartner--addressDetailDetailsCountry-arrow"}]}
RESULT: undefined
COMMAND: POST /session/eabbf40a9b059578e3035111444f40f0/element - {"using":"xpath","value":"//*[@id=\"application-managepartners-display-component---NewPartner--addressDetailDetailsCountry-arrow\"]"}
RESULT: {"using":"xpath","value":"//*[@id=\"application-managepartners-display-component---NewPartner--addressDetailDetailsCountry-arrow\"]"}
COMMAND: POST /session/eabbf40a9b059578e3035111444f40f0/element/f.72F4F884D2456BFAF2BE58644CA6E573.d.EEB1720B16EB333F9F558AA2EBA73697.e.1452/click - {}
RESULT: {}
COMMAND: POST /session/eabbf40a9b059578e3035111444f40f0/element - {"using":"xpath","value":"//span[contains(text(), \"Argentina\")]"}
COMMAND: GET /session/eabbf40a9b059578e3035111444f40f0/screenshot - {}
RESULT: {"using":"xpath","value":"//span[contains(text(), \"Argentina\")]"}
COMMAND: POST /session/eabbf40a9b059578e3035111444f40f0/element/f.72F4F884D2456BFAF2BE58644CA6E573.d.EEB1720B16EB333F9F558AA2EBA73697.e.1468/click - {}
RESULT: {}
RESULT: {}
COMMAND: GET /session/eabbf40a9b059578e3035111444f40f0/screenshot - {}
RESULT: {}
COMMAND: POST /session/eabbf40a9b059578e3035111444f40f0/element - {"using":"xpath","value":"//bdi[contains(text(), \"Commercial\")]"}
RESULT: {"using":"xpath","value":"//bdi[contains(text(), \"Commercial\")]"}
COMMAND: POST /session/eabbf40a9b059578e3035111444f40f0/element/f.72F4F884D2456BFAF2BE58644CA6E573.d.EEB1720B16EB333F9F558AA2EBA73697.e.1469/click - {}
RESULT: {}
COMMAND: GET /session/eabbf40a9b059578e3035111444f40f0/screenshot - {}
RESULT: {}
COMMAND: POST /session/eabbf40a9b059578e3035111444f40f0/execute/async - {"script":"<script> [1562 bytes]","args":[{"selector":{"id":"application-managepartners-display-component---NewPartner--partnerDetailInternal-arrow"},"wdio_ui5_key":"applicationmanagepartners-display-component---NewPartner--partnerDetailInternal-arrow"}]}
RESULT: {"script":"<script> [1562 bytes]","args":[{"selector":{"id":"application-managepartners-display-component---NewPartner--partnerDetailInternal-arrow"},"wdio_ui5_key":"applicationmanagepartners-display-component---NewPartner--partnerDetailInternal-arrow"}]}
RESULT: undefined
COMMAND: POST /session/eabbf40a9b059578e3035111444f40f0/element - {"using":"xpath","value":"//*[@id=\"application-managepartners-display-component---NewPartner--partnerDetailInternal-arrow\"]"}
RESULT: {"using":"xpath","value":"//*[@id=\"application-managepartners-display-component---NewPartner--partnerDetailInternal-arrow\"]"}
COMMAND: POST /session/eabbf40a9b059578e3035111444f40f0/element/f.72F4F884D2456BFAF2BE58644CA6E573.d.EEB1720B16EB333F9F558AA2EBA73697.e.1475/click - {}
RESULT: {}
COMMAND: POST /session/eabbf40a9b059578e3035111444f40f0/element - {"using":"xpath","value":"//span[contains(text(), \"External partner\")]"}
COMMAND: GET /session/eabbf40a9b059578e3035111444f40f0/screenshot - {}
RESULT: {"using":"xpath","value":"//span[contains(text(), \"External partner\")]"}
COMMAND: POST /session/eabbf40a9b059578e3035111444f40f0/element/f.72F4F884D2456BFAF2BE58644CA6E573.d.EEB1720B16EB333F9F558AA2EBA73697.e.1477/click - {}
RESULT: {}
RESULT: {}
COMMAND: POST /session/eabbf40a9b059578e3035111444f40f0/execute/async - {"script":"<script> [1562 bytes]","args":[{"selector":{"id":"application-managepartners-display-component---NewPartner--partnerDetailsCurrency-arrow"},"wdio_ui5_key":"applicationmanagepartners-display-component---NewPartner--partnerDetailsCurrency-arrow"}]}
COMMAND: GET /session/eabbf40a9b059578e3035111444f40f0/screenshot - {}
RESULT: {"script":"<script> [1562 bytes]","args":[{"selector":{"id":"application-managepartners-display-component---NewPartner--partnerDetailsCurrency-arrow"},"wdio_ui5_key":"applicationmanagepartners-display-component---NewPartner--partnerDetailsCurrency-arrow"}]}
RESULT: undefined
COMMAND: POST /session/eabbf40a9b059578e3035111444f40f0/element - {"using":"xpath","value":"//*[@id=\"application-managepartners-display-component---NewPartner--partnerDetailsCurrency-arrow\"]"}
RESULT: {}
RESULT: {"using":"xpath","value":"//*[@id=\"application-managepartners-display-component---NewPartner--partnerDetailsCurrency-arrow\"]"}
COMMAND: POST /session/eabbf40a9b059578e3035111444f40f0/element/f.72F4F884D2456BFAF2BE58644CA6E573.d.EEB1720B16EB333F9F558AA2EBA73697.e.1482/click - {}
RESULT: {}
COMMAND: POST /session/eabbf40a9b059578e3035111444f40f0/element - {"using":"xpath","value":"//span[contains(text(), \"US Dollar\")]"}
COMMAND: GET /session/eabbf40a9b059578e3035111444f40f0/screenshot - {}
RESULT: {"using":"xpath","value":"//span[contains(text(), \"US Dollar\")]"}
COMMAND: POST /session/eabbf40a9b059578e3035111444f40f0/element/f.72F4F884D2456BFAF2BE58644CA6E573.d.EEB1720B16EB333F9F558AA2EBA73697.e.1483/click - {}
RESULT: {}
RESULT: {}
COMMAND: GET /session/eabbf40a9b059578e3035111444f40f0/screenshot - {}
RESULT: {}
COMMAND: POST /session/eabbf40a9b059578e3035111444f40f0/element - {"using":"xpath","value":"//input[@id=\"application-managepartners-display-component---NewPartner--companyCodeComboBox-inner\"]"}
RESULT: {"using":"xpath","value":"//input[@id=\"application-managepartners-display-component---NewPartner--companyCodeComboBox-inner\"]"}
COMMAND: POST /session/eabbf40a9b059578e3035111444f40f0/element/f.72F4F884D2456BFAF2BE58644CA6E573.d.EEB1720B16EB333F9F558AA2EBA73697.e.1371/clear - {}
RESULT: {}
COMMAND: POST /session/eabbf40a9b059578e3035111444f40f0/element/f.72F4F884D2456BFAF2BE58644CA6E573.d.EEB1720B16EB333F9F558AA2EBA73697.e.1371/value - {"text":"C002"}
COMMAND: GET /session/eabbf40a9b059578e3035111444f40f0/screenshot - {}
RESULT: {"text":"C002"}
COMMAND: GET /session/eabbf40a9b059578e3035111444f40f0/screenshot - {}
RESULT: {}
RESULT: {}
COMMAND: POST /session/eabbf40a9b059578e3035111444f40f0/element - {"using":"xpath","value":"//li[.//span[text()= \"C002\"]]"}
RESULT: {"using":"xpath","value":"//li[.//span[text()= \"C002\"]]"}
COMMAND: POST /session/eabbf40a9b059578e3035111444f40f0/element/f.72F4F884D2456BFAF2BE58644CA6E573.d.EEB1720B16EB333F9F558AA2EBA73697.e.1487/click - {}
RESULT: {}
COMMAND: GET /session/eabbf40a9b059578e3035111444f40f0/screenshot - {}
RESULT: {}
COMMAND: POST /session/eabbf40a9b059578e3035111444f40f0/execute/async - {"script":"<script> [1562 bytes]","args":[{"selector":{"controlType":"sap.ui.core.Icon","viewName":"etm.portal.ui.managepartners.view.NewPartner","viewId":"application-managepartners-display-component---NewPartner","properties":{"src":{"regex":{"source":"slim\\-arrow\\-down"}}},"ancestor":{"controlType":"sap.m.ComboBox","viewName":"etm.portal.ui.managepartners.view.NewPartner","viewId":"application-managepartners-display-component---NewPartner","bindingPath":{"path":"","propertyPath":"/CATALOG","modelName":"oNewPartnerModel"}}},"wdio_ui5_key":"etmportal.ui.managepartners.view.NewPartnersap.ui.core.Icon{\"src\":{\"regex\":{\"source\":\"slim\\\\-arrow\\\\-down\"}}}{\"controlType\":\"sap.m.ComboBox\",\"viewName\":\"etm.portal.ui.managepartners.view.NewPartner\",\"viewId\":\"application-managepartners-display-component---NewPartner\",\"bindingPath\":{\"path\":\"\",\"propertyPath\":\"/CATALOG\",\"modelName\":\"oNewPartnerModel\"}}"}]}
RESULT: {"script":"<script> [1562 bytes]","args":[{"selector":{"controlType":"sap.ui.core.Icon","viewName":"etm.portal.ui.managepartners.view.NewPartner","viewId":"application-managepartners-display-component---NewPartner","properties":{"src":{"regex":{"source":"slim\\-arrow\\-down"}}},"ancestor":{"controlType":"sap.m.ComboBox","viewName":"etm.portal.ui.managepartners.view.NewPartner","viewId":"application-managepartners-display-component---NewPartner","bindingPath":{"path":"","propertyPath":"/CATALOG","modelName":"oNewPartnerModel"}}},"wdio_ui5_key":"etmportal.ui.managepartners.view.NewPartnersap.ui.core.Icon{\"src\":{\"regex\":{\"source\":\"slim\\\\-arrow\\\\-down\"}}}{\"controlType\":\"sap.m.ComboBox\",\"viewName\":\"etm.portal.ui.managepartners.view.NewPartner\",\"viewId\":\"application-managepartners-display-component---NewPartner\",\"bindingPath\":{\"path\":\"\",\"propertyPath\":\"/CATALOG\",\"modelName\":\"oNewPartnerModel\"}}"}]}
RESULT: undefined
COMMAND: POST /session/eabbf40a9b059578e3035111444f40f0/element - {"using":"xpath","value":"//*[@id=\"__box22-arrow\"]"}
RESULT: {"using":"xpath","value":"//*[@id=\"__box22-arrow\"]"}
COMMAND: POST /session/eabbf40a9b059578e3035111444f40f0/element/f.72F4F884D2456BFAF2BE58644CA6E573.d.EEB1720B16EB333F9F558AA2EBA73697.e.1453/click - {}
RESULT: {}
COMMAND: GET /session/eabbf40a9b059578e3035111444f40f0/screenshot - {}
RESULT: {}
COMMAND: POST /session/eabbf40a9b059578e3035111444f40f0/element - {"using":"xpath","value":"//ul[contains(@id,\"popup-list-listUl\")]//li[.//span[text()= \"Webshop Catalog\"]]"}
RESULT: {"using":"xpath","value":"//ul[contains(@id,\"popup-list-listUl\")]//li[.//span[text()= \"Webshop Catalog\"]]"}
COMMAND: POST /session/eabbf40a9b059578e3035111444f40f0/element/f.72F4F884D2456BFAF2BE58644CA6E573.d.EEB1720B16EB333F9F558AA2EBA73697.e.1489/click - {}
RESULT: {}
COMMAND: GET /session/eabbf40a9b059578e3035111444f40f0/screenshot - {}
RESULT: {}
COMMAND: POST /session/eabbf40a9b059578e3035111444f40f0/execute/async - {"script":"<script> [1562 bytes]","args":[{"selector":{"id":"application-managepartners-display-component---NewPartner--btnAddTableRow-img"},"wdio_ui5_key":"applicationmanagepartners-display-component---NewPartner--btnAddTableRow-img"}]}
RESULT: {"script":"<script> [1562 bytes]","args":[{"selector":{"id":"application-managepartners-display-component---NewPartner--btnAddTableRow-img"},"wdio_ui5_key":"applicationmanagepartners-display-component---NewPartner--btnAddTableRow-img"}]}
RESULT: undefined
COMMAND: POST /session/eabbf40a9b059578e3035111444f40f0/element - {"using":"xpath","value":"//*[@id=\"application-managepartners-display-component---NewPartner--btnAddTableRow-img\"]"}
RESULT: {"using":"xpath","value":"//*[@id=\"application-managepartners-display-component---NewPartner--btnAddTableRow-img\"]"}
COMMAND: POST /session/eabbf40a9b059578e3035111444f40f0/element/f.72F4F884D2456BFAF2BE58644CA6E573.d.EEB1720B16EB333F9F558AA2EBA73697.e.1490/click - {}
RESULT: {}
COMMAND: GET /session/eabbf40a9b059578e3035111444f40f0/screenshot - {}
RESULT: {}
COMMAND: POST /session/eabbf40a9b059578e3035111444f40f0/element - {"using":"xpath","value":"//input[@id=\"application-managepartners-display-component---NewPartner--assignmentYard-application-managepartners-display-component---NewPartner--assignmentsTable-0-inner\"]"}
RESULT: {"using":"xpath","value":"//input[@id=\"application-managepartners-display-component---NewPartner--assignmentYard-application-managepartners-display-component---NewPartner--assignmentsTable-0-inner\"]"}
COMMAND: POST /session/eabbf40a9b059578e3035111444f40f0/element/f.72F4F884D2456BFAF2BE58644CA6E573.d.EEB1720B16EB333F9F558AA2EBA73697.e.1493/clear - {}
RESULT: {}
COMMAND: POST /session/eabbf40a9b059578e3035111444f40f0/element/f.72F4F884D2456BFAF2BE58644CA6E573.d.EEB1720B16EB333F9F558AA2EBA73697.e.1493/value - {"text":"520"}
COMMAND: GET /session/eabbf40a9b059578e3035111444f40f0/screenshot - {}
RESULT: {"text":"520"}
COMMAND: GET /session/eabbf40a9b059578e3035111444f40f0/screenshot - {}
RESULT: {}
RESULT: {}
COMMAND: POST /session/eabbf40a9b059578e3035111444f40f0/element - {"using":"xpath","value":"//li[.//span[text()='520']]"}
RESULT: {"using":"xpath","value":"//li[.//span[text()='520']]"}
COMMAND: POST /session/eabbf40a9b059578e3035111444f40f0/element/f.72F4F884D2456BFAF2BE58644CA6E573.d.EEB1720B16EB333F9F558AA2EBA73697.e.1501/click - {}
RESULT: {}
COMMAND: GET /session/eabbf40a9b059578e3035111444f40f0/screenshot - {}
RESULT: {}
COMMAND: POST /session/eabbf40a9b059578e3035111444f40f0/actions - {"actions":[{"id":"action2","type":"key","parameters":{},"actions":[{"type":"keyDown","value":""},{"type":"pause","duration":10},{"type":"keyUp","value":""}]}]}
RESULT: {"actions":[{"id":"action2","type":"key","parameters":{},"actions":[{"type":"keyDown","value":""},{"type":"pause","duration":10},{"type":"keyUp","value":""}]}]}
COMMAND: POST /session/eabbf40a9b059578e3035111444f40f0/element - {"using":"xpath","value":"//td[contains(@id, \"assignmentsTable-0-cell2\")]/div/div"}
COMMAND: GET /session/eabbf40a9b059578e3035111444f40f0/screenshot - {}
RESULT: {"using":"xpath","value":"//td[contains(@id, \"assignmentsTable-0-cell2\")]/div/div"}
COMMAND: POST /session/eabbf40a9b059578e3035111444f40f0/element/f.72F4F884D2456BFAF2BE58644CA6E573.d.EEB1720B16EB333F9F558AA2EBA73697.e.1504/click - {}
RESULT: {}
RESULT: {}
COMMAND: GET /session/eabbf40a9b059578e3035111444f40f0/screenshot - {}
RESULT: {}
COMMAND: POST /session/eabbf40a9b059578e3035111444f40f0/element - {"using":"xpath","value":"//button[@data-kt=\"saveButton\"]"}
RESULT: {"using":"xpath","value":"//button[@data-kt=\"saveButton\"]"}
COMMAND: POST /session/eabbf40a9b059578e3035111444f40f0/element/f.72F4F884D2456BFAF2BE58644CA6E573.d.EEB1720B16EB333F9F558AA2EBA73697.e.1429/click - {}
RESULT: {}
COMMAND: GET /session/eabbf40a9b059578e3035111444f40f0/screenshot - {}
RESULT: {}
COMMAND: POST /session/eabbf40a9b059578e3035111444f40f0/element - {"using":"xpath","value":"//header[contains(@id, 'ObjectPageLayout-headerTitle')]/div[1]/div[2]/div[2]/span[1]"}
RESULT: {"using":"xpath","value":"//header[contains(@id, 'ObjectPageLayout-headerTitle')]/div[1]/div[2]/div[2]/span[1]"}
COMMAND: POST /session/eabbf40a9b059578e3035111444f40f0/elements - {"using":"xpath","value":"//header[contains(@id, 'ObjectPageLayout-headerTitle')]/div[1]/div[2]/div[2]/span[1]"}
RESULT: {"using":"xpath","value":"//header[contains(@id, 'ObjectPageLayout-headerTitle')]/div[1]/div[2]/div[2]/span[1]"}
COMMAND: POST /session/eabbf40a9b059578e3035111444f40f0/execute/sync - {"script":"<script> [56 bytes]","args":[{"element-6066-11e4-a52e-4f735466cecf":"f.72F4F884D2456BFAF2BE58644CA6E573.d.EEB1720B16EB333F9F558AA2EBA73697.e.1669","ELEMENT":"f.72F4F884D2456BFAF2BE58644CA6E573.d.EEB1720B16EB333F9F558AA2EBA73697.e.1669"}]}
RESULT: {"script":"<script> [56 bytes]","args":[{"element-6066-11e4-a52e-4f735466cecf":"f.72F4F884D2456BFAF2BE58644CA6E573.d.EEB1720B16EB333F9F558AA2EBA73697.e.1669","ELEMENT":"f.72F4F884D2456BFAF2BE58644CA6E573.d.EEB1720B16EB333F9F558AA2EBA73697.e.1669"}]}
COMMAND: POST /session/eabbf40a9b059578e3035111444f40f0/element - {"using":"css selector","value":"#shell-header-logo"}
COMMAND: GET /session/eabbf40a9b059578e3035111444f40f0/screenshot - {}
RESULT: {"using":"css selector","value":"#shell-header-logo"}
COMMAND: POST /session/eabbf40a9b059578e3035111444f40f0/element/f.72F4F884D2456BFAF2BE58644CA6E573.d.EEB1720B16EB333F9F558AA2EBA73697.e.984/click - {}
RESULT: {}
RESULT: {}
COMMAND: GET /session/eabbf40a9b059578e3035111444f40f0/screenshot - {}
RESULT: {}
COMMAND: POST /session/eabbf40a9b059578e3035111444f40f0/execute/sync - {"script":"<script> [299 bytes]","args":[["getModel","getResource"]]}
RESULT: {"script":"<script> [299 bytes]","args":[["getModel","getResource"]]}
]]></system-out>
    </testcase>
    <testcase classname="chrome.136_0_7103_93.windows.Create_masterdata_for_Yard_Overview_-_trigger_provide_US130988" name="Should create a new site" time="101.346">
      <system-out><![CDATA[
COMMAND: GET /session/eabbf40a9b059578e3035111444f40f0/screenshot - {}
COMMAND: POST /session/eabbf40a9b059578e3035111444f40f0/execute/async - {"script":"<script> [1562 bytes]","args":[{"selector":{"controlType":"sap.m.GenericTile","properties":{"header":"Manage Sites"}},"wdio_ui5_key":"sapm.GenericTile{\"header\":\"Manage Sites\"}"}]}
RESULT: {}
RESULT: {"script":"<script> [1562 bytes]","args":[{"selector":{"controlType":"sap.m.GenericTile","properties":{"header":"Manage Sites"}},"wdio_ui5_key":"sapm.GenericTile{\"header\":\"Manage Sites\"}"}]}
RESULT: undefined
COMMAND: POST /session/eabbf40a9b059578e3035111444f40f0/element - {"using":"xpath","value":"//*[@id=\"__tile40\"]"}
RESULT: {"using":"xpath","value":"//*[@id=\"__tile40\"]"}
COMMAND: POST /session/eabbf40a9b059578e3035111444f40f0/element/f.72F4F884D2456BFAF2BE58644CA6E573.d.EEB1720B16EB333F9F558AA2EBA73697.e.129/click - {}
RESULT: {}
COMMAND: GET /session/eabbf40a9b059578e3035111444f40f0/screenshot - {}
RESULT: {}
COMMAND: POST /session/eabbf40a9b059578e3035111444f40f0/elements - {"using":"xpath","value":"//span[text()='Error']"}
RESULT: {"using":"xpath","value":"//span[text()='Error']"}
COMMAND: POST /session/eabbf40a9b059578e3035111444f40f0/element - {"using":"xpath","value":"//button[@data-kt=\"addOverflowToolbarButton\"]"}
RESULT: {"using":"xpath","value":"//button[@data-kt=\"addOverflowToolbarButton\"]"}
COMMAND: POST /session/eabbf40a9b059578e3035111444f40f0/elements - {"using":"xpath","value":"//button[@data-kt=\"addOverflowToolbarButton\"]"}
RESULT: {"using":"xpath","value":"//button[@data-kt=\"addOverflowToolbarButton\"]"}
COMMAND: POST /session/eabbf40a9b059578e3035111444f40f0/execute/sync - {"script":"<script> [8489 bytes]","args":[{"element-6066-11e4-a52e-4f735466cecf":"f.72F4F884D2456BFAF2BE58644CA6E573.d.EEB1720B16EB333F9F558AA2EBA73697.e.1717","ELEMENT":"f.72F4F884D2456BFAF2BE58644CA6E573.d.EEB1720B16EB333F9F558AA2EBA73697.e.1717"}]}
RESULT: {"script":"<script> [8489 bytes]","args":[{"element-6066-11e4-a52e-4f735466cecf":"f.72F4F884D2456BFAF2BE58644CA6E573.d.EEB1720B16EB333F9F558AA2EBA73697.e.1717","ELEMENT":"f.72F4F884D2456BFAF2BE58644CA6E573.d.EEB1720B16EB333F9F558AA2EBA73697.e.1717"}]}
COMMAND: GET /session/eabbf40a9b059578e3035111444f40f0/element/f.72F4F884D2456BFAF2BE58644CA6E573.d.EEB1720B16EB333F9F558AA2EBA73697.e.1717/enabled - {}
COMMAND: GET /session/eabbf40a9b059578e3035111444f40f0/screenshot - {}
RESULT: {}
COMMAND: POST /session/eabbf40a9b059578e3035111444f40f0/execute/sync - {"script":"<script> [8489 bytes]","args":[{"element-6066-11e4-a52e-4f735466cecf":"f.72F4F884D2456BFAF2BE58644CA6E573.d.EEB1720B16EB333F9F558AA2EBA73697.e.1717","ELEMENT":"f.72F4F884D2456BFAF2BE58644CA6E573.d.EEB1720B16EB333F9F558AA2EBA73697.e.1717"}]}
COMMAND: GET /session/eabbf40a9b059578e3035111444f40f0/screenshot - {}
RESULT: {}
RESULT: {"script":"<script> [8489 bytes]","args":[{"element-6066-11e4-a52e-4f735466cecf":"f.72F4F884D2456BFAF2BE58644CA6E573.d.EEB1720B16EB333F9F558AA2EBA73697.e.1717","ELEMENT":"f.72F4F884D2456BFAF2BE58644CA6E573.d.EEB1720B16EB333F9F558AA2EBA73697.e.1717"}]}
COMMAND: POST /session/eabbf40a9b059578e3035111444f40f0/execute/sync - {"script":"<script> [5351 bytes]","args":[{"element-6066-11e4-a52e-4f735466cecf":"f.72F4F884D2456BFAF2BE58644CA6E573.d.EEB1720B16EB333F9F558AA2EBA73697.e.1717","ELEMENT":"f.72F4F884D2456BFAF2BE58644CA6E573.d.EEB1720B16EB333F9F558AA2EBA73697.e.1717"}]}
COMMAND: GET /session/eabbf40a9b059578e3035111444f40f0/screenshot - {}
RESULT: {}
RESULT: {"script":"<script> [5351 bytes]","args":[{"element-6066-11e4-a52e-4f735466cecf":"f.72F4F884D2456BFAF2BE58644CA6E573.d.EEB1720B16EB333F9F558AA2EBA73697.e.1717","ELEMENT":"f.72F4F884D2456BFAF2BE58644CA6E573.d.EEB1720B16EB333F9F558AA2EBA73697.e.1717"}]}
COMMAND: POST /session/eabbf40a9b059578e3035111444f40f0/element/f.72F4F884D2456BFAF2BE58644CA6E573.d.EEB1720B16EB333F9F558AA2EBA73697.e.1717/click - {}
COMMAND: GET /session/eabbf40a9b059578e3035111444f40f0/screenshot - {}
RESULT: {}
RESULT: {}
COMMAND: GET /session/eabbf40a9b059578e3035111444f40f0/screenshot - {}
COMMAND: POST /session/eabbf40a9b059578e3035111444f40f0/element - {"using":"xpath","value":"//input[@id=\"application-managesites-display-component---NewSite--siteId-inner\"]"}
RESULT: {}
RESULT: {}
RESULT: {"using":"xpath","value":"//input[@id=\"application-managesites-display-component---NewSite--siteId-inner\"]"}
COMMAND: POST /session/eabbf40a9b059578e3035111444f40f0/element - {"using":"xpath","value":"//input[@id=\"application-managesites-display-component---NewSite--siteId-inner\"]"}
RESULT: {"using":"xpath","value":"//input[@id=\"application-managesites-display-component---NewSite--siteId-inner\"]"}
COMMAND: POST /session/eabbf40a9b059578e3035111444f40f0/execute/async - {"script":"<script> [1562 bytes]","args":[{"selector":{"id":"application-managesites-display-component---NewSite--addressDetailDetailsName1","interaction":{"idSuffix":"inner"}},"wdio_ui5_key":"applicationmanagesites-display-component---NewSite--addressDetailDetailsName1"}]}
RESULT: {"script":"<script> [1562 bytes]","args":[{"selector":{"id":"application-managesites-display-component---NewSite--addressDetailDetailsName1","interaction":{"idSuffix":"inner"}},"wdio_ui5_key":"applicationmanagesites-display-component---NewSite--addressDetailDetailsName1"}]}
RESULT: undefined
COMMAND: POST /session/eabbf40a9b059578e3035111444f40f0/execute/async - {"script":"<script> [776 bytes]","args":[{"enterText":"Other Type Site WDIO","selector":{"id":"application-managesites-display-component---NewSite--addressDetailDetailsName1","interaction":{"idSuffix":"inner"}},"clearTextFirst":true,"interactionType":"ENTER_TEXT"}]}
RESULT: {"script":"<script> [776 bytes]","args":[{"enterText":"Other Type Site WDIO","selector":{"id":"application-managesites-display-component---NewSite--addressDetailDetailsName1","interaction":{"idSuffix":"inner"}},"clearTextFirst":true,"interactionType":"ENTER_TEXT"}]}
COMMAND: POST /session/eabbf40a9b059578e3035111444f40f0/execute/async - {"script":"<script> [1562 bytes]","args":[{"selector":{"id":"application-managesites-display-component---NewSite--addressDetailDetailsLanguage-arrow"},"wdio_ui5_key":"applicationmanagesites-display-component---NewSite--addressDetailDetailsLanguage-arrow"}]}
RESULT: {"script":"<script> [1562 bytes]","args":[{"selector":{"id":"application-managesites-display-component---NewSite--addressDetailDetailsLanguage-arrow"},"wdio_ui5_key":"applicationmanagesites-display-component---NewSite--addressDetailDetailsLanguage-arrow"}]}
RESULT: undefined
COMMAND: POST /session/eabbf40a9b059578e3035111444f40f0/element - {"using":"xpath","value":"//*[@id=\"application-managesites-display-component---NewSite--addressDetailDetailsLanguage-arrow\"]"}
RESULT: {"using":"xpath","value":"//*[@id=\"application-managesites-display-component---NewSite--addressDetailDetailsLanguage-arrow\"]"}
COMMAND: POST /session/eabbf40a9b059578e3035111444f40f0/element/f.72F4F884D2456BFAF2BE58644CA6E573.d.EEB1720B16EB333F9F558AA2EBA73697.e.2346/click - {}
RESULT: {}
COMMAND: POST /session/eabbf40a9b059578e3035111444f40f0/element - {"using":"xpath","value":"//span[contains(text(), \"English\")]"}
COMMAND: GET /session/eabbf40a9b059578e3035111444f40f0/screenshot - {}
RESULT: {"using":"xpath","value":"//span[contains(text(), \"English\")]"}
COMMAND: POST /session/eabbf40a9b059578e3035111444f40f0/element/f.72F4F884D2456BFAF2BE58644CA6E573.d.EEB1720B16EB333F9F558AA2EBA73697.e.2347/click - {}
RESULT: {}
RESULT: {}
COMMAND: POST /session/eabbf40a9b059578e3035111444f40f0/execute/async - {"script":"<script> [1562 bytes]","args":[{"selector":{"id":"application-managesites-display-component---NewSite--addressDetailDetailsCity1","interaction":{"idSuffix":"inner"}},"wdio_ui5_key":"applicationmanagesites-display-component---NewSite--addressDetailDetailsCity1"}]}
COMMAND: GET /session/eabbf40a9b059578e3035111444f40f0/screenshot - {}
RESULT: {"script":"<script> [1562 bytes]","args":[{"selector":{"id":"application-managesites-display-component---NewSite--addressDetailDetailsCity1","interaction":{"idSuffix":"inner"}},"wdio_ui5_key":"applicationmanagesites-display-component---NewSite--addressDetailDetailsCity1"}]}
RESULT: undefined
COMMAND: POST /session/eabbf40a9b059578e3035111444f40f0/execute/async - {"script":"<script> [776 bytes]","args":[{"enterText":"Rosario","selector":{"id":"application-managesites-display-component---NewSite--addressDetailDetailsCity1","interaction":{"idSuffix":"inner"}},"clearTextFirst":true,"interactionType":"ENTER_TEXT"}]}
RESULT: {}
RESULT: {"script":"<script> [776 bytes]","args":[{"enterText":"Rosario","selector":{"id":"application-managesites-display-component---NewSite--addressDetailDetailsCity1","interaction":{"idSuffix":"inner"}},"clearTextFirst":true,"interactionType":"ENTER_TEXT"}]}
COMMAND: POST /session/eabbf40a9b059578e3035111444f40f0/execute/async - {"script":"<script> [1562 bytes]","args":[{"selector":{"id":"application-managesites-display-component---NewSite--addressDetailDetailsCountry-arrow"},"wdio_ui5_key":"applicationmanagesites-display-component---NewSite--addressDetailDetailsCountry-arrow"}]}
RESULT: {"script":"<script> [1562 bytes]","args":[{"selector":{"id":"application-managesites-display-component---NewSite--addressDetailDetailsCountry-arrow"},"wdio_ui5_key":"applicationmanagesites-display-component---NewSite--addressDetailDetailsCountry-arrow"}]}
RESULT: undefined
COMMAND: POST /session/eabbf40a9b059578e3035111444f40f0/element - {"using":"xpath","value":"//*[@id=\"application-managesites-display-component---NewSite--addressDetailDetailsCountry-arrow\"]"}
RESULT: {"using":"xpath","value":"//*[@id=\"application-managesites-display-component---NewSite--addressDetailDetailsCountry-arrow\"]"}
COMMAND: POST /session/eabbf40a9b059578e3035111444f40f0/element/f.72F4F884D2456BFAF2BE58644CA6E573.d.EEB1720B16EB333F9F558AA2EBA73697.e.2349/click - {}
RESULT: {}
COMMAND: POST /session/eabbf40a9b059578e3035111444f40f0/element - {"using":"xpath","value":"//span[contains(text(), \"Argentina\")]"}
COMMAND: GET /session/eabbf40a9b059578e3035111444f40f0/screenshot - {}
RESULT: {"using":"xpath","value":"//span[contains(text(), \"Argentina\")]"}
COMMAND: POST /session/eabbf40a9b059578e3035111444f40f0/element/f.72F4F884D2456BFAF2BE58644CA6E573.d.EEB1720B16EB333F9F558AA2EBA73697.e.2350/click - {}
RESULT: {}
RESULT: {}
COMMAND: GET /session/eabbf40a9b059578e3035111444f40f0/screenshot - {}
RESULT: {}
COMMAND: POST /session/eabbf40a9b059578e3035111444f40f0/execute/async - {"script":"<script> [1562 bytes]","args":[{"selector":{"id":"application-managesites-display-component---NewSite--addressEditDetailsCostObjectCstType-arrow"},"wdio_ui5_key":"applicationmanagesites-display-component---NewSite--addressEditDetailsCostObjectCstType-arrow"}]}
RESULT: {"script":"<script> [1562 bytes]","args":[{"selector":{"id":"application-managesites-display-component---NewSite--addressEditDetailsCostObjectCstType-arrow"},"wdio_ui5_key":"applicationmanagesites-display-component---NewSite--addressEditDetailsCostObjectCstType-arrow"}]}
RESULT: undefined
COMMAND: POST /session/eabbf40a9b059578e3035111444f40f0/element - {"using":"xpath","value":"//*[@id=\"application-managesites-display-component---NewSite--addressEditDetailsCostObjectCstType-arrow\"]"}
RESULT: {"using":"xpath","value":"//*[@id=\"application-managesites-display-component---NewSite--addressEditDetailsCostObjectCstType-arrow\"]"}
COMMAND: POST /session/eabbf40a9b059578e3035111444f40f0/element/f.72F4F884D2456BFAF2BE58644CA6E573.d.EEB1720B16EB333F9F558AA2EBA73697.e.2352/click - {}
RESULT: {}
COMMAND: POST /session/eabbf40a9b059578e3035111444f40f0/element - {"using":"xpath","value":"//span[contains(text(), \"Cost Center\")]"}
COMMAND: GET /session/eabbf40a9b059578e3035111444f40f0/screenshot - {}
RESULT: {"using":"xpath","value":"//span[contains(text(), \"Cost Center\")]"}
COMMAND: POST /session/eabbf40a9b059578e3035111444f40f0/element/f.72F4F884D2456BFAF2BE58644CA6E573.d.EEB1720B16EB333F9F558AA2EBA73697.e.2354/click - {}
RESULT: {}
RESULT: {}
COMMAND: GET /session/eabbf40a9b059578e3035111444f40f0/screenshot - {}
RESULT: {}
COMMAND: POST /session/eabbf40a9b059578e3035111444f40f0/element - {"using":"xpath","value":"//span[@id=\"application-managesites-display-component---NewSite--addressNewCostObjectCstID-vhi\"]"}
RESULT: {"using":"xpath","value":"//span[@id=\"application-managesites-display-component---NewSite--addressNewCostObjectCstID-vhi\"]"}
COMMAND: POST /session/eabbf40a9b059578e3035111444f40f0/execute/sync - {"script":"<script> [8489 bytes]","args":[{"element-6066-11e4-a52e-4f735466cecf":"f.72F4F884D2456BFAF2BE58644CA6E573.d.EEB1720B16EB333F9F558AA2EBA73697.e.2358","ELEMENT":"f.72F4F884D2456BFAF2BE58644CA6E573.d.EEB1720B16EB333F9F558AA2EBA73697.e.2358"}]}
RESULT: {"script":"<script> [8489 bytes]","args":[{"element-6066-11e4-a52e-4f735466cecf":"f.72F4F884D2456BFAF2BE58644CA6E573.d.EEB1720B16EB333F9F558AA2EBA73697.e.2358","ELEMENT":"f.72F4F884D2456BFAF2BE58644CA6E573.d.EEB1720B16EB333F9F558AA2EBA73697.e.2358"}]}
COMMAND: POST /session/eabbf40a9b059578e3035111444f40f0/execute/async - {"script":"<script> [1562 bytes]","args":[{"selector":{"id":"application-managesites-display-component---NewSite--addressNewCostObjectCstID-vhi"},"wdio_ui5_key":"applicationmanagesites-display-component---NewSite--addressNewCostObjectCstID-vhi"}]}
COMMAND: GET /session/eabbf40a9b059578e3035111444f40f0/screenshot - {}
RESULT: {"script":"<script> [1562 bytes]","args":[{"selector":{"id":"application-managesites-display-component---NewSite--addressNewCostObjectCstID-vhi"},"wdio_ui5_key":"applicationmanagesites-display-component---NewSite--addressNewCostObjectCstID-vhi"}]}
RESULT: undefined
COMMAND: POST /session/eabbf40a9b059578e3035111444f40f0/element - {"using":"xpath","value":"//*[@id=\"application-managesites-display-component---NewSite--addressNewCostObjectCstID-vhi\"]"}
RESULT: {}
RESULT: {"using":"xpath","value":"//*[@id=\"application-managesites-display-component---NewSite--addressNewCostObjectCstID-vhi\"]"}
COMMAND: POST /session/eabbf40a9b059578e3035111444f40f0/element/f.72F4F884D2456BFAF2BE58644CA6E573.d.EEB1720B16EB333F9F558AA2EBA73697.e.2358/click - {}
RESULT: {}
COMMAND: GET /session/eabbf40a9b059578e3035111444f40f0/screenshot - {}
RESULT: {}
RESULT: undefined
COMMAND: POST /session/eabbf40a9b059578e3035111444f40f0/execute/async - {"script":"<script> [776 bytes]","args":[{"enterText":"10001013","selector":{"controlType":"sap.m.SearchField","properties":{"placeholder":"Search"},"searchOpenDialogs":true,"interaction":{"idSuffix":"I"}},"clearTextFirst":true,"interactionType":"ENTER_TEXT"}]}
RESULT: {"script":"<script> [776 bytes]","args":[{"enterText":"10001013","selector":{"controlType":"sap.m.SearchField","properties":{"placeholder":"Search"},"searchOpenDialogs":true,"interaction":{"idSuffix":"I"}},"clearTextFirst":true,"interactionType":"ENTER_TEXT"}]}
COMMAND: POST /session/eabbf40a9b059578e3035111444f40f0/actions - {"actions":[{"id":"action3","type":"key","parameters":{},"actions":[{"type":"keyDown","value":""},{"type":"pause","duration":10},{"type":"keyUp","value":""}]}]}
RESULT: {"actions":[{"id":"action3","type":"key","parameters":{},"actions":[{"type":"keyDown","value":""},{"type":"pause","duration":10},{"type":"keyUp","value":""}]}]}
COMMAND: GET /session/eabbf40a9b059578e3035111444f40f0/screenshot - {}
RESULT: {}
COMMAND: POST /session/eabbf40a9b059578e3035111444f40f0/element - {"using":"xpath","value":"//span[contains(text(), \"General Management\")]"}
RESULT: {"using":"xpath","value":"//span[contains(text(), \"General Management\")]"}
COMMAND: POST /session/eabbf40a9b059578e3035111444f40f0/element/f.72F4F884D2456BFAF2BE58644CA6E573.d.EEB1720B16EB333F9F558AA2EBA73697.e.2397/click - {}
RESULT: {}
COMMAND: GET /session/eabbf40a9b059578e3035111444f40f0/screenshot - {}
RESULT: {}
COMMAND: POST /session/eabbf40a9b059578e3035111444f40f0/element - {"using":"xpath","value":"//bdi[contains(text(), \"OK\")]"}
RESULT: {"using":"xpath","value":"//bdi[contains(text(), \"OK\")]"}
COMMAND: POST /session/eabbf40a9b059578e3035111444f40f0/element/f.72F4F884D2456BFAF2BE58644CA6E573.d.EEB1720B16EB333F9F558AA2EBA73697.e.2398/click - {}
RESULT: {}
COMMAND: GET /session/eabbf40a9b059578e3035111444f40f0/screenshot - {}
RESULT: {}
COMMAND: POST /session/eabbf40a9b059578e3035111444f40f0/element - {"using":"xpath","value":"//input[@id=\"application-managesites-display-component---NewSite--addressDetailDetailsCalendar-inner\"]"}
RESULT: {"using":"xpath","value":"//input[@id=\"application-managesites-display-component---NewSite--addressDetailDetailsCalendar-inner\"]"}
COMMAND: POST /session/eabbf40a9b059578e3035111444f40f0/element/f.72F4F884D2456BFAF2BE58644CA6E573.d.EEB1720B16EB333F9F558AA2EBA73697.e.2147/clear - {}
RESULT: {}
COMMAND: POST /session/eabbf40a9b059578e3035111444f40f0/element/f.72F4F884D2456BFAF2BE58644CA6E573.d.EEB1720B16EB333F9F558AA2EBA73697.e.2147/value - {"text":"Unit"}
COMMAND: GET /session/eabbf40a9b059578e3035111444f40f0/screenshot - {}
RESULT: {"text":"Unit"}
COMMAND: GET /session/eabbf40a9b059578e3035111444f40f0/screenshot - {}
RESULT: {}
RESULT: {}
COMMAND: POST /session/eabbf40a9b059578e3035111444f40f0/actions - {"actions":[{"id":"action4","type":"key","parameters":{},"actions":[{"type":"keyDown","value":""},{"type":"pause","duration":10},{"type":"keyUp","value":""}]}]}
RESULT: {"actions":[{"id":"action4","type":"key","parameters":{},"actions":[{"type":"keyDown","value":""},{"type":"pause","duration":10},{"type":"keyUp","value":""}]}]}
COMMAND: POST /session/eabbf40a9b059578e3035111444f40f0/element - {"using":"xpath","value":"//input[@id=\"application-managesites-display-component---NewSite--addressDetailDetailsYard-inner\"]"}
COMMAND: GET /session/eabbf40a9b059578e3035111444f40f0/screenshot - {}
RESULT: {"using":"xpath","value":"//input[@id=\"application-managesites-display-component---NewSite--addressDetailDetailsYard-inner\"]"}
COMMAND: POST /session/eabbf40a9b059578e3035111444f40f0/element/f.72F4F884D2456BFAF2BE58644CA6E573.d.EEB1720B16EB333F9F558AA2EBA73697.e.2148/clear - {}
RESULT: {}
RESULT: {}
COMMAND: POST /session/eabbf40a9b059578e3035111444f40f0/element/f.72F4F884D2456BFAF2BE58644CA6E573.d.EEB1720B16EB333F9F558AA2EBA73697.e.2148/value - {"text":"520"}
COMMAND: GET /session/eabbf40a9b059578e3035111444f40f0/screenshot - {}
RESULT: {"text":"520"}
COMMAND: GET /session/eabbf40a9b059578e3035111444f40f0/screenshot - {}
RESULT: {}
RESULT: {}
COMMAND: POST /session/eabbf40a9b059578e3035111444f40f0/element - {"using":"xpath","value":"//li[.//span[text()='520']]"}
RESULT: {"using":"xpath","value":"//li[.//span[text()='520']]"}
COMMAND: POST /session/eabbf40a9b059578e3035111444f40f0/element/f.72F4F884D2456BFAF2BE58644CA6E573.d.EEB1720B16EB333F9F558AA2EBA73697.e.2406/click - {}
RESULT: {}
COMMAND: GET /session/eabbf40a9b059578e3035111444f40f0/screenshot - {}
RESULT: {}
COMMAND: POST /session/eabbf40a9b059578e3035111444f40f0/element - {"using":"xpath","value":"//input[@id=\"application-managesites-display-component---NewSite--addressDetailDetailsPartner-inner\"]"}
RESULT: {"using":"xpath","value":"//input[@id=\"application-managesites-display-component---NewSite--addressDetailDetailsPartner-inner\"]"}
COMMAND: POST /session/eabbf40a9b059578e3035111444f40f0/element - {"using":"xpath","value":"//input[@id=\"application-managesites-display-component---NewSite--addressDetailDetailsPartner-inner\"]"}
RESULT: {"using":"xpath","value":"//input[@id=\"application-managesites-display-component---NewSite--addressDetailDetailsPartner-inner\"]"}
COMMAND: POST /session/eabbf40a9b059578e3035111444f40f0/element - {"using":"xpath","value":"//button[@data-kt=\"saveButton\"]"}
RESULT: {"using":"xpath","value":"//button[@data-kt=\"saveButton\"]"}
COMMAND: POST /session/eabbf40a9b059578e3035111444f40f0/element/f.72F4F884D2456BFAF2BE58644CA6E573.d.EEB1720B16EB333F9F558AA2EBA73697.e.2326/click - {}
RESULT: {}
COMMAND: GET /session/eabbf40a9b059578e3035111444f40f0/screenshot - {}
COMMAND: POST /session/eabbf40a9b059578e3035111444f40f0/element - {"using":"xpath","value":"//header[contains(@id, 'ObjectPageLayout-headerTitle')]/div[1]/div[2]/div[2]/span[1]"}
RESULT: {}
RESULT: {"using":"xpath","value":"//header[contains(@id, 'ObjectPageLayout-headerTitle')]/div[1]/div[2]/div[2]/span[1]"}
COMMAND: POST /session/eabbf40a9b059578e3035111444f40f0/elements - {"using":"xpath","value":"//header[contains(@id, 'ObjectPageLayout-headerTitle')]/div[1]/div[2]/div[2]/span[1]"}
RESULT: {"using":"xpath","value":"//header[contains(@id, 'ObjectPageLayout-headerTitle')]/div[1]/div[2]/div[2]/span[1]"}
COMMAND: POST /session/eabbf40a9b059578e3035111444f40f0/execute/sync - {"script":"<script> [56 bytes]","args":[{"element-6066-11e4-a52e-4f735466cecf":"f.72F4F884D2456BFAF2BE58644CA6E573.d.EEB1720B16EB333F9F558AA2EBA73697.e.2609","ELEMENT":"f.72F4F884D2456BFAF2BE58644CA6E573.d.EEB1720B16EB333F9F558AA2EBA73697.e.2609"}]}
RESULT: {"script":"<script> [56 bytes]","args":[{"element-6066-11e4-a52e-4f735466cecf":"f.72F4F884D2456BFAF2BE58644CA6E573.d.EEB1720B16EB333F9F558AA2EBA73697.e.2609","ELEMENT":"f.72F4F884D2456BFAF2BE58644CA6E573.d.EEB1720B16EB333F9F558AA2EBA73697.e.2609"}]}
COMMAND: POST /session/eabbf40a9b059578e3035111444f40f0/element - {"using":"css selector","value":"#shell-header-logo"}
COMMAND: GET /session/eabbf40a9b059578e3035111444f40f0/screenshot - {}
RESULT: {"using":"css selector","value":"#shell-header-logo"}
COMMAND: POST /session/eabbf40a9b059578e3035111444f40f0/element/f.72F4F884D2456BFAF2BE58644CA6E573.d.EEB1720B16EB333F9F558AA2EBA73697.e.1674/click - {}
RESULT: {}
RESULT: {}
COMMAND: GET /session/eabbf40a9b059578e3035111444f40f0/screenshot - {}
RESULT: {}
COMMAND: POST /session/eabbf40a9b059578e3035111444f40f0/execute/sync - {"script":"<script> [299 bytes]","args":[["getModel","getResource"]]}
RESULT: {"script":"<script> [299 bytes]","args":[["getModel","getResource"]]}
]]></system-out>
    </testcase>
    <testcase classname="chrome.136_0_7103_93.windows.Create_masterdata_for_Yard_Overview_-_trigger_provide_US130988" name="Should create a new material" time="123.018">
      <system-out><![CDATA[
COMMAND: POST /session/eabbf40a9b059578e3035111444f40f0/execute/async - {"script":"<script> [1562 bytes]","args":[{"selector":{"controlType":"sap.m.GenericTile","properties":{"header":"Manage Resources"}},"wdio_ui5_key":"sapm.GenericTile{\"header\":\"Manage Resources\"}"}]}
COMMAND: GET /session/eabbf40a9b059578e3035111444f40f0/screenshot - {}
RESULT: {"script":"<script> [1562 bytes]","args":[{"selector":{"controlType":"sap.m.GenericTile","properties":{"header":"Manage Resources"}},"wdio_ui5_key":"sapm.GenericTile{\"header\":\"Manage Resources\"}"}]}
RESULT: undefined
COMMAND: POST /session/eabbf40a9b059578e3035111444f40f0/element - {"using":"xpath","value":"//*[@id=\"__tile39\"]"}
RESULT: {}
RESULT: {"using":"xpath","value":"//*[@id=\"__tile39\"]"}
COMMAND: POST /session/eabbf40a9b059578e3035111444f40f0/element/f.72F4F884D2456BFAF2BE58644CA6E573.d.EEB1720B16EB333F9F558AA2EBA73697.e.126/click - {}
RESULT: {}
COMMAND: GET /session/eabbf40a9b059578e3035111444f40f0/screenshot - {}
RESULT: {}
COMMAND: POST /session/eabbf40a9b059578e3035111444f40f0/elements - {"using":"xpath","value":"//span[text()='Error']"}
RESULT: {"using":"xpath","value":"//span[text()='Error']"}
COMMAND: POST /session/eabbf40a9b059578e3035111444f40f0/element - {"using":"xpath","value":"//button[@data-kt=\"addNewRUOverflowToolbarButton\"]"}
RESULT: {"using":"xpath","value":"//button[@data-kt=\"addNewRUOverflowToolbarButton\"]"}
COMMAND: POST /session/eabbf40a9b059578e3035111444f40f0/elements - {"using":"xpath","value":"//button[@data-kt=\"addNewRUOverflowToolbarButton\"]"}
RESULT: {"using":"xpath","value":"//button[@data-kt=\"addNewRUOverflowToolbarButton\"]"}
COMMAND: POST /session/eabbf40a9b059578e3035111444f40f0/elements - {"using":"xpath","value":"//button[@data-kt=\"addNewRUOverflowToolbarButton\"]"}
RESULT: {"using":"xpath","value":"//button[@data-kt=\"addNewRUOverflowToolbarButton\"]"}
COMMAND: POST /session/eabbf40a9b059578e3035111444f40f0/element - {"using":"xpath","value":"//button[@data-kt=\"addNewRUOverflowToolbarButton\"]"}
RESULT: {"using":"xpath","value":"//button[@data-kt=\"addNewRUOverflowToolbarButton\"]"}
COMMAND: POST /session/eabbf40a9b059578e3035111444f40f0/execute/sync - {"script":"<script> [8489 bytes]","args":[{"element-6066-11e4-a52e-4f735466cecf":"f.72F4F884D2456BFAF2BE58644CA6E573.d.EEB1720B16EB333F9F558AA2EBA73697.e.2640","ELEMENT":"f.72F4F884D2456BFAF2BE58644CA6E573.d.EEB1720B16EB333F9F558AA2EBA73697.e.2640"}]}
RESULT: {"script":"<script> [8489 bytes]","args":[{"element-6066-11e4-a52e-4f735466cecf":"f.72F4F884D2456BFAF2BE58644CA6E573.d.EEB1720B16EB333F9F558AA2EBA73697.e.2640","ELEMENT":"f.72F4F884D2456BFAF2BE58644CA6E573.d.EEB1720B16EB333F9F558AA2EBA73697.e.2640"}]}
COMMAND: GET /session/eabbf40a9b059578e3035111444f40f0/element/f.72F4F884D2456BFAF2BE58644CA6E573.d.EEB1720B16EB333F9F558AA2EBA73697.e.2640/enabled - {}
COMMAND: GET /session/eabbf40a9b059578e3035111444f40f0/screenshot - {}
RESULT: {}
COMMAND: POST /session/eabbf40a9b059578e3035111444f40f0/execute/sync - {"script":"<script> [8489 bytes]","args":[{"element-6066-11e4-a52e-4f735466cecf":"f.72F4F884D2456BFAF2BE58644CA6E573.d.EEB1720B16EB333F9F558AA2EBA73697.e.2640","ELEMENT":"f.72F4F884D2456BFAF2BE58644CA6E573.d.EEB1720B16EB333F9F558AA2EBA73697.e.2640"}]}
COMMAND: GET /session/eabbf40a9b059578e3035111444f40f0/screenshot - {}
RESULT: {}
RESULT: {"script":"<script> [8489 bytes]","args":[{"element-6066-11e4-a52e-4f735466cecf":"f.72F4F884D2456BFAF2BE58644CA6E573.d.EEB1720B16EB333F9F558AA2EBA73697.e.2640","ELEMENT":"f.72F4F884D2456BFAF2BE58644CA6E573.d.EEB1720B16EB333F9F558AA2EBA73697.e.2640"}]}
COMMAND: POST /session/eabbf40a9b059578e3035111444f40f0/execute/sync - {"script":"<script> [5351 bytes]","args":[{"element-6066-11e4-a52e-4f735466cecf":"f.72F4F884D2456BFAF2BE58644CA6E573.d.EEB1720B16EB333F9F558AA2EBA73697.e.2640","ELEMENT":"f.72F4F884D2456BFAF2BE58644CA6E573.d.EEB1720B16EB333F9F558AA2EBA73697.e.2640"}]}
COMMAND: GET /session/eabbf40a9b059578e3035111444f40f0/screenshot - {}
RESULT: {}
RESULT: {"script":"<script> [5351 bytes]","args":[{"element-6066-11e4-a52e-4f735466cecf":"f.72F4F884D2456BFAF2BE58644CA6E573.d.EEB1720B16EB333F9F558AA2EBA73697.e.2640","ELEMENT":"f.72F4F884D2456BFAF2BE58644CA6E573.d.EEB1720B16EB333F9F558AA2EBA73697.e.2640"}]}
COMMAND: POST /session/eabbf40a9b059578e3035111444f40f0/element/f.72F4F884D2456BFAF2BE58644CA6E573.d.EEB1720B16EB333F9F558AA2EBA73697.e.2640/click - {}
COMMAND: GET /session/eabbf40a9b059578e3035111444f40f0/screenshot - {}
RESULT: {}
RESULT: {}
COMMAND: GET /session/eabbf40a9b059578e3035111444f40f0/screenshot - {}
RESULT: {}
COMMAND: POST /session/eabbf40a9b059578e3035111444f40f0/execute/async - {"script":"<script> [1562 bytes]","args":[{"selector":{"id":"application-manageresources-display-component---newResourceUnit--TYPE-arrow"},"wdio_ui5_key":"applicationmanageresources-display-component---newResourceUnit--TYPE-arrow"}]}
RESULT: {}
RESULT: {"script":"<script> [1562 bytes]","args":[{"selector":{"id":"application-manageresources-display-component---newResourceUnit--TYPE-arrow"},"wdio_ui5_key":"applicationmanageresources-display-component---newResourceUnit--TYPE-arrow"}]}
RESULT: undefined
COMMAND: POST /session/eabbf40a9b059578e3035111444f40f0/element - {"using":"xpath","value":"//*[@id=\"application-manageresources-display-component---newResourceUnit--TYPE-arrow\"]"}
RESULT: {"using":"xpath","value":"//*[@id=\"application-manageresources-display-component---newResourceUnit--TYPE-arrow\"]"}
COMMAND: POST /session/eabbf40a9b059578e3035111444f40f0/element/f.72F4F884D2456BFAF2BE58644CA6E573.d.EEB1720B16EB333F9F558AA2EBA73697.e.3005/click - {}
RESULT: {}
COMMAND: POST /session/eabbf40a9b059578e3035111444f40f0/element - {"using":"xpath","value":"//input[@id=\"application-manageresources-display-component---newResourceUnit--TYPE-inner\"]"}
COMMAND: GET /session/eabbf40a9b059578e3035111444f40f0/screenshot - {}
RESULT: {"using":"xpath","value":"//input[@id=\"application-manageresources-display-component---newResourceUnit--TYPE-inner\"]"}
COMMAND: POST /session/eabbf40a9b059578e3035111444f40f0/element/f.72F4F884D2456BFAF2BE58644CA6E573.d.EEB1720B16EB333F9F558AA2EBA73697.e.2993/clear - {}
RESULT: {}
RESULT: {}
COMMAND: POST /session/eabbf40a9b059578e3035111444f40f0/element/f.72F4F884D2456BFAF2BE58644CA6E573.d.EEB1720B16EB333F9F558AA2EBA73697.e.2993/value - {"text":"Material"}
COMMAND: GET /session/eabbf40a9b059578e3035111444f40f0/screenshot - {}
RESULT: {"text":"Material"}
COMMAND: GET /session/eabbf40a9b059578e3035111444f40f0/screenshot - {}
RESULT: {}
RESULT: {}
COMMAND: POST /session/eabbf40a9b059578e3035111444f40f0/actions - {"actions":[{"id":"action5","type":"key","parameters":{},"actions":[{"type":"keyDown","value":""},{"type":"pause","duration":10},{"type":"keyUp","value":""}]}]}
RESULT: {"actions":[{"id":"action5","type":"key","parameters":{},"actions":[{"type":"keyDown","value":""},{"type":"pause","duration":10},{"type":"keyUp","value":""}]}]}
COMMAND: POST /session/eabbf40a9b059578e3035111444f40f0/execute/async - {"script":"<script> [1562 bytes]","args":[{"selector":{"id":"application-manageresources-display-component---newResourceUnit--SHORT_TEXT","interaction":{"idSuffix":"inner"}},"wdio_ui5_key":"applicationmanageresources-display-component---newResourceUnit--SHORT_TEXT"}]}
COMMAND: GET /session/eabbf40a9b059578e3035111444f40f0/screenshot - {}
RESULT: {"script":"<script> [1562 bytes]","args":[{"selector":{"id":"application-manageresources-display-component---newResourceUnit--SHORT_TEXT","interaction":{"idSuffix":"inner"}},"wdio_ui5_key":"applicationmanageresources-display-component---newResourceUnit--SHORT_TEXT"}]}
RESULT: undefined
COMMAND: POST /session/eabbf40a9b059578e3035111444f40f0/execute/async - {"script":"<script> [776 bytes]","args":[{"enterText":"Cement WDIO","selector":{"id":"application-manageresources-display-component---newResourceUnit--SHORT_TEXT","interaction":{"idSuffix":"inner"}},"clearTextFirst":true,"interactionType":"ENTER_TEXT"}]}
RESULT: {}
RESULT: {"script":"<script> [776 bytes]","args":[{"enterText":"Cement WDIO","selector":{"id":"application-manageresources-display-component---newResourceUnit--SHORT_TEXT","interaction":{"idSuffix":"inner"}},"clearTextFirst":true,"interactionType":"ENTER_TEXT"}]}
COMMAND: POST /session/eabbf40a9b059578e3035111444f40f0/execute/async - {"script":"<script> [1562 bytes]","args":[{"selector":{"id":"application-manageresources-display-component---newResourceUnit--BASE_UNIT_OF_MEASURE","interaction":{"idSuffix":"inner"}},"wdio_ui5_key":"applicationmanageresources-display-component---newResourceUnit--BASE_UNIT_OF_MEASURE"}]}
RESULT: {"script":"<script> [1562 bytes]","args":[{"selector":{"id":"application-manageresources-display-component---newResourceUnit--BASE_UNIT_OF_MEASURE","interaction":{"idSuffix":"inner"}},"wdio_ui5_key":"applicationmanageresources-display-component---newResourceUnit--BASE_UNIT_OF_MEASURE"}]}
RESULT: undefined
COMMAND: POST /session/eabbf40a9b059578e3035111444f40f0/execute/async - {"script":"<script> [776 bytes]","args":[{"enterText":"Piece","selector":{"id":"application-manageresources-display-component---newResourceUnit--BASE_UNIT_OF_MEASURE","interaction":{"idSuffix":"inner"}},"clearTextFirst":true,"interactionType":"ENTER_TEXT"}]}
RESULT: {"script":"<script> [776 bytes]","args":[{"enterText":"Piece","selector":{"id":"application-manageresources-display-component---newResourceUnit--BASE_UNIT_OF_MEASURE","interaction":{"idSuffix":"inner"}},"clearTextFirst":true,"interactionType":"ENTER_TEXT"}]}
COMMAND: POST /session/eabbf40a9b059578e3035111444f40f0/execute/async - {"script":"<script> [1562 bytes]","args":[{"selector":{"id":"application-manageresources-display-component---newResourceUnit--WEIGHT_UNIT","interaction":{"idSuffix":"inner"}},"wdio_ui5_key":"applicationmanageresources-display-component---newResourceUnit--WEIGHT_UNIT"}]}
RESULT: {"script":"<script> [1562 bytes]","args":[{"selector":{"id":"application-manageresources-display-component---newResourceUnit--WEIGHT_UNIT","interaction":{"idSuffix":"inner"}},"wdio_ui5_key":"applicationmanageresources-display-component---newResourceUnit--WEIGHT_UNIT"}]}
RESULT: undefined
COMMAND: POST /session/eabbf40a9b059578e3035111444f40f0/execute/async - {"script":"<script> [776 bytes]","args":[{"enterText":"Gram","selector":{"id":"application-manageresources-display-component---newResourceUnit--WEIGHT_UNIT","interaction":{"idSuffix":"inner"}},"clearTextFirst":true,"interactionType":"ENTER_TEXT"}]}
RESULT: {"script":"<script> [776 bytes]","args":[{"enterText":"Gram","selector":{"id":"application-manageresources-display-component---newResourceUnit--WEIGHT_UNIT","interaction":{"idSuffix":"inner"}},"clearTextFirst":true,"interactionType":"ENTER_TEXT"}]}
COMMAND: POST /session/eabbf40a9b059578e3035111444f40f0/execute/async - {"script":"<script> [1562 bytes]","args":[{"selector":{"id":"application-manageresources-display-component---newResourceUnit--DIMENSION_UNIT","interaction":{"idSuffix":"inner"}},"wdio_ui5_key":"applicationmanageresources-display-component---newResourceUnit--DIMENSION_UNIT"}]}
RESULT: {"script":"<script> [1562 bytes]","args":[{"selector":{"id":"application-manageresources-display-component---newResourceUnit--DIMENSION_UNIT","interaction":{"idSuffix":"inner"}},"wdio_ui5_key":"applicationmanageresources-display-component---newResourceUnit--DIMENSION_UNIT"}]}
RESULT: undefined
COMMAND: POST /session/eabbf40a9b059578e3035111444f40f0/execute/async - {"script":"<script> [776 bytes]","args":[{"enterText":"Meter","selector":{"id":"application-manageresources-display-component---newResourceUnit--DIMENSION_UNIT","interaction":{"idSuffix":"inner"}},"clearTextFirst":true,"interactionType":"ENTER_TEXT"}]}
RESULT: {"script":"<script> [776 bytes]","args":[{"enterText":"Meter","selector":{"id":"application-manageresources-display-component---newResourceUnit--DIMENSION_UNIT","interaction":{"idSuffix":"inner"}},"clearTextFirst":true,"interactionType":"ENTER_TEXT"}]}
COMMAND: POST /session/eabbf40a9b059578e3035111444f40f0/execute/async - {"script":"<script> [1562 bytes]","args":[{"selector":{"id":"application-manageresources-display-component---newResourceUnit--newRRUPage-anchBar-application-manageresources-display-component---newResourceUnit--control-anchor","interaction":{"idSuffix":"BDI-content"}},"wdio_ui5_key":"applicationmanageresources-display-component---newResourceUnit--newRRUPage-anchBar-application-manageresources-display-component---newResourceUnit--control-anchor"}]}
RESULT: {"script":"<script> [1562 bytes]","args":[{"selector":{"id":"application-manageresources-display-component---newResourceUnit--newRRUPage-anchBar-application-manageresources-display-component---newResourceUnit--control-anchor","interaction":{"idSuffix":"BDI-content"}},"wdio_ui5_key":"applicationmanageresources-display-component---newResourceUnit--newRRUPage-anchBar-application-manageresources-display-component---newResourceUnit--control-anchor"}]}
RESULT: undefined
COMMAND: POST /session/eabbf40a9b059578e3035111444f40f0/element - {"using":"xpath","value":"//*[@id=\"application-manageresources-display-component---newResourceUnit--newRRUPage-anchBar-application-manageresources-display-component---newResourceUnit--control-anchor\"]"}
RESULT: {"using":"xpath","value":"//*[@id=\"application-manageresources-display-component---newResourceUnit--newRRUPage-anchBar-application-manageresources-display-component---newResourceUnit--control-anchor\"]"}
COMMAND: POST /session/eabbf40a9b059578e3035111444f40f0/element/f.72F4F884D2456BFAF2BE58644CA6E573.d.EEB1720B16EB333F9F558AA2EBA73697.e.3136/click - {}
RESULT: {}
COMMAND: POST /session/eabbf40a9b059578e3035111444f40f0/execute/async - {"script":"<script> [1562 bytes]","args":[{"selector":{"id":"application-manageresources-display-component---newResourceUnit--PLANNING_GROUP","interaction":{"idSuffix":"inner"}},"wdio_ui5_key":"applicationmanageresources-display-component---newResourceUnit--PLANNING_GROUP"}]}
COMMAND: GET /session/eabbf40a9b059578e3035111444f40f0/screenshot - {}
RESULT: {"script":"<script> [1562 bytes]","args":[{"selector":{"id":"application-manageresources-display-component---newResourceUnit--PLANNING_GROUP","interaction":{"idSuffix":"inner"}},"wdio_ui5_key":"applicationmanageresources-display-component---newResourceUnit--PLANNING_GROUP"}]}
RESULT: undefined
COMMAND: POST /session/eabbf40a9b059578e3035111444f40f0/execute/async - {"script":"<script> [776 bytes]","args":[{"enterText":"Material","selector":{"id":"application-manageresources-display-component---newResourceUnit--PLANNING_GROUP","interaction":{"idSuffix":"inner"}},"clearTextFirst":true,"interactionType":"ENTER_TEXT"}]}
RESULT: {}
RESULT: {"script":"<script> [776 bytes]","args":[{"enterText":"Material","selector":{"id":"application-manageresources-display-component---newResourceUnit--PLANNING_GROUP","interaction":{"idSuffix":"inner"}},"clearTextFirst":true,"interactionType":"ENTER_TEXT"}]}
COMMAND: POST /session/eabbf40a9b059578e3035111444f40f0/execute/async - {"script":"<script> [1562 bytes]","args":[{"selector":{"id":"application-manageresources-display-component---newResourceUnit--PLANNING_INDICATOR","interaction":{"idSuffix":"inner"}},"wdio_ui5_key":"applicationmanageresources-display-component---newResourceUnit--PLANNING_INDICATOR"}]}
RESULT: {"script":"<script> [1562 bytes]","args":[{"selector":{"id":"application-manageresources-display-component---newResourceUnit--PLANNING_INDICATOR","interaction":{"idSuffix":"inner"}},"wdio_ui5_key":"applicationmanageresources-display-component---newResourceUnit--PLANNING_INDICATOR"}]}
RESULT: undefined
COMMAND: POST /session/eabbf40a9b059578e3035111444f40f0/execute/async - {"script":"<script> [776 bytes]","args":[{"enterText":"10 - infinite","selector":{"id":"application-manageresources-display-component---newResourceUnit--PLANNING_INDICATOR","interaction":{"idSuffix":"inner"}},"clearTextFirst":true,"interactionType":"ENTER_TEXT"}]}
RESULT: {"script":"<script> [776 bytes]","args":[{"enterText":"10 - infinite","selector":{"id":"application-manageresources-display-component---newResourceUnit--PLANNING_INDICATOR","interaction":{"idSuffix":"inner"}},"clearTextFirst":true,"interactionType":"ENTER_TEXT"}]}
COMMAND: POST /session/eabbf40a9b059578e3035111444f40f0/element - {"using":"css selector","value":"#application-manageresources-display-component---newResourceUnit--btnAddTimeSegment"}
RESULT: {"using":"css selector","value":"#application-manageresources-display-component---newResourceUnit--btnAddTimeSegment"}
COMMAND: GET /session/eabbf40a9b059578e3035111444f40f0/element/f.72F4F884D2456BFAF2BE58644CA6E573.d.EEB1720B16EB333F9F558AA2EBA73697.e.3146/rect - {}
RESULT: {}
COMMAND: GET /session/eabbf40a9b059578e3035111444f40f0/window/rect - {}
RESULT: {}
COMMAND: POST /session/eabbf40a9b059578e3035111444f40f0/execute/sync - {"script":"<script> [92 bytes]","args":[]}
RESULT: {"script":"<script> [92 bytes]","args":[]}
COMMAND: POST /session/eabbf40a9b059578e3035111444f40f0/actions - {"actions":[{"id":"action6","type":"wheel","parameters":{},"actions":[{"type":"scroll","x":-1888,"y":-32,"deltaX":0,"deltaY":0,"duration":0,"origin":{"element-6066-11e4-a52e-4f735466cecf":"f.72F4F884D2456BFAF2BE58644CA6E573.d.EEB1720B16EB333F9F558AA2EBA73697.e.3146"}}]}]}
COMMAND: GET /session/eabbf40a9b059578e3035111444f40f0/screenshot - {}
RESULT: {}
COMMAND: POST /session/eabbf40a9b059578e3035111444f40f0/execute/sync - {"script":"<script> [79 bytes]","args":[{"element-6066-11e4-a52e-4f735466cecf":"f.72F4F884D2456BFAF2BE58644CA6E573.d.EEB1720B16EB333F9F558AA2EBA73697.e.3146","ELEMENT":"f.72F4F884D2456BFAF2BE58644CA6E573.d.EEB1720B16EB333F9F558AA2EBA73697.e.3146"},{"block":"start","inline":"nearest"}]}
RESULT: {"script":"<script> [79 bytes]","args":[{"element-6066-11e4-a52e-4f735466cecf":"f.72F4F884D2456BFAF2BE58644CA6E573.d.EEB1720B16EB333F9F558AA2EBA73697.e.3146","ELEMENT":"f.72F4F884D2456BFAF2BE58644CA6E573.d.EEB1720B16EB333F9F558AA2EBA73697.e.3146"},{"block":"start","inline":"nearest"}]}
COMMAND: POST /session/eabbf40a9b059578e3035111444f40f0/execute/async - {"script":"<script> [1562 bytes]","args":[{"selector":{"id":"application-manageresources-display-component---newResourceUnit--btnAddTimeSegment","interaction":{"idSuffix":"inner"}},"wdio_ui5_key":"applicationmanageresources-display-component---newResourceUnit--btnAddTimeSegment"}]}
COMMAND: GET /session/eabbf40a9b059578e3035111444f40f0/screenshot - {}
RESULT: {"script":"<script> [1562 bytes]","args":[{"selector":{"id":"application-manageresources-display-component---newResourceUnit--btnAddTimeSegment","interaction":{"idSuffix":"inner"}},"wdio_ui5_key":"applicationmanageresources-display-component---newResourceUnit--btnAddTimeSegment"}]}
RESULT: undefined
COMMAND: POST /session/eabbf40a9b059578e3035111444f40f0/element - {"using":"xpath","value":"//*[@id=\"application-manageresources-display-component---newResourceUnit--btnAddTimeSegment\"]"}
RESULT: {}
RESULT: {"using":"xpath","value":"//*[@id=\"application-manageresources-display-component---newResourceUnit--btnAddTimeSegment\"]"}
COMMAND: POST /session/eabbf40a9b059578e3035111444f40f0/element/f.72F4F884D2456BFAF2BE58644CA6E573.d.EEB1720B16EB333F9F558AA2EBA73697.e.3146/click - {}
RESULT: {}
COMMAND: GET /session/eabbf40a9b059578e3035111444f40f0/screenshot - {}
RESULT: {}
COMMAND: POST /session/eabbf40a9b059578e3035111444f40f0/element - {"using":"xpath","value":"//input[@id=\"application-manageresources-display-component---newResourceUnit--idRuTSAdmin-application-manageresources-display-component---newResourceUnit--RUTimeSegment-0-inner\"]"}
RESULT: {"using":"xpath","value":"//input[@id=\"application-manageresources-display-component---newResourceUnit--idRuTSAdmin-application-manageresources-display-component---newResourceUnit--RUTimeSegment-0-inner\"]"}
COMMAND: POST /session/eabbf40a9b059578e3035111444f40f0/element/f.72F4F884D2456BFAF2BE58644CA6E573.d.EEB1720B16EB333F9F558AA2EBA73697.e.3151/clear - {}
RESULT: {}
COMMAND: POST /session/eabbf40a9b059578e3035111444f40f0/element/f.72F4F884D2456BFAF2BE58644CA6E573.d.EEB1720B16EB333F9F558AA2EBA73697.e.3151/value - {"text":"520"}
COMMAND: GET /session/eabbf40a9b059578e3035111444f40f0/screenshot - {}
RESULT: {"text":"520"}
COMMAND: GET /session/eabbf40a9b059578e3035111444f40f0/screenshot - {}
RESULT: {}
RESULT: {}
COMMAND: POST /session/eabbf40a9b059578e3035111444f40f0/element - {"using":"xpath","value":"//li[.//span[text()='520']]"}
RESULT: {"using":"xpath","value":"//li[.//span[text()='520']]"}
COMMAND: POST /session/eabbf40a9b059578e3035111444f40f0/element/f.72F4F884D2456BFAF2BE58644CA6E573.d.EEB1720B16EB333F9F558AA2EBA73697.e.3160/click - {}
RESULT: {}
COMMAND: GET /session/eabbf40a9b059578e3035111444f40f0/screenshot - {}
RESULT: {}
COMMAND: POST /session/eabbf40a9b059578e3035111444f40f0/element - {"using":"xpath","value":"(//span[contains(@id, \"-application-manageresources-display-component---newResourceUnit--RUTimeSegment-0-arrow\")])[2]"}
RESULT: {"using":"xpath","value":"(//span[contains(@id, \"-application-manageresources-display-component---newResourceUnit--RUTimeSegment-0-arrow\")])[2]"}
COMMAND: POST /session/eabbf40a9b059578e3035111444f40f0/element/f.72F4F884D2456BFAF2BE58644CA6E573.d.EEB1720B16EB333F9F558AA2EBA73697.e.3161/click - {}
RESULT: {}
COMMAND: POST /session/eabbf40a9b059578e3035111444f40f0/element - {"using":"xpath","value":"//span[contains(text(), \"PM Order\")]"}
COMMAND: GET /session/eabbf40a9b059578e3035111444f40f0/screenshot - {}
RESULT: {"using":"xpath","value":"//span[contains(text(), \"PM Order\")]"}
COMMAND: POST /session/eabbf40a9b059578e3035111444f40f0/element/f.72F4F884D2456BFAF2BE58644CA6E573.d.EEB1720B16EB333F9F558AA2EBA73697.e.3162/click - {}
RESULT: {}
RESULT: {}
COMMAND: GET /session/eabbf40a9b059578e3035111444f40f0/screenshot - {}
RESULT: {}
COMMAND: POST /session/eabbf40a9b059578e3035111444f40f0/element - {"using":"xpath","value":"//td/div/div/div/span[contains(@id, \"newResourceUnit--RUTimeSegment-0-vhi\")][1]"}
RESULT: {"using":"xpath","value":"//td/div/div/div/span[contains(@id, \"newResourceUnit--RUTimeSegment-0-vhi\")][1]"}
COMMAND: GET /session/eabbf40a9b059578e3035111444f40f0/element/f.72F4F884D2456BFAF2BE58644CA6E573.d.EEB1720B16EB333F9F558AA2EBA73697.e.3166/rect - {}
RESULT: {}
COMMAND: GET /session/eabbf40a9b059578e3035111444f40f0/window/rect - {}
RESULT: {}
COMMAND: POST /session/eabbf40a9b059578e3035111444f40f0/execute/sync - {"script":"<script> [92 bytes]","args":[]}
RESULT: {"script":"<script> [92 bytes]","args":[]}
COMMAND: POST /session/eabbf40a9b059578e3035111444f40f0/actions - {"actions":[{"id":"action7","type":"wheel","parameters":{},"actions":[{"type":"scroll","x":-1888,"y":-24,"deltaX":0,"deltaY":0,"duration":0,"origin":{"element-6066-11e4-a52e-4f735466cecf":"f.72F4F884D2456BFAF2BE58644CA6E573.d.EEB1720B16EB333F9F558AA2EBA73697.e.3166"}}]}]}
COMMAND: GET /session/eabbf40a9b059578e3035111444f40f0/screenshot - {}
RESULT: {}
COMMAND: POST /session/eabbf40a9b059578e3035111444f40f0/execute/sync - {"script":"<script> [79 bytes]","args":[{"element-6066-11e4-a52e-4f735466cecf":"f.72F4F884D2456BFAF2BE58644CA6E573.d.EEB1720B16EB333F9F558AA2EBA73697.e.3166","ELEMENT":"f.72F4F884D2456BFAF2BE58644CA6E573.d.EEB1720B16EB333F9F558AA2EBA73697.e.3166"},{"block":"start","inline":"nearest"}]}
RESULT: {"script":"<script> [79 bytes]","args":[{"element-6066-11e4-a52e-4f735466cecf":"f.72F4F884D2456BFAF2BE58644CA6E573.d.EEB1720B16EB333F9F558AA2EBA73697.e.3166","ELEMENT":"f.72F4F884D2456BFAF2BE58644CA6E573.d.EEB1720B16EB333F9F558AA2EBA73697.e.3166"},{"block":"start","inline":"nearest"}]}
COMMAND: GET /session/eabbf40a9b059578e3035111444f40f0/screenshot - {}
RESULT: {}
COMMAND: POST /session/eabbf40a9b059578e3035111444f40f0/element/f.72F4F884D2456BFAF2BE58644CA6E573.d.EEB1720B16EB333F9F558AA2EBA73697.e.3166/click - {}
RESULT: {}
COMMAND: GET /session/eabbf40a9b059578e3035111444f40f0/screenshot - {}
RESULT: {}
RESULT: undefined
COMMAND: POST /session/eabbf40a9b059578e3035111444f40f0/execute/async - {"script":"<script> [776 bytes]","args":[{"enterText":"4000360","selector":{"controlType":"sap.m.SearchField","properties":{"placeholder":"Search"},"searchOpenDialogs":true,"interaction":{"idSuffix":"I"}},"clearTextFirst":true,"interactionType":"ENTER_TEXT"}]}
RESULT: {"script":"<script> [776 bytes]","args":[{"enterText":"4000360","selector":{"controlType":"sap.m.SearchField","properties":{"placeholder":"Search"},"searchOpenDialogs":true,"interaction":{"idSuffix":"I"}},"clearTextFirst":true,"interactionType":"ENTER_TEXT"}]}
COMMAND: POST /session/eabbf40a9b059578e3035111444f40f0/actions - {"actions":[{"id":"action8","type":"key","parameters":{},"actions":[{"type":"keyDown","value":""},{"type":"pause","duration":10},{"type":"keyUp","value":""}]}]}
RESULT: {"actions":[{"id":"action8","type":"key","parameters":{},"actions":[{"type":"keyDown","value":""},{"type":"pause","duration":10},{"type":"keyUp","value":""}]}]}
COMMAND: GET /session/eabbf40a9b059578e3035111444f40f0/screenshot - {}
RESULT: {}
COMMAND: POST /session/eabbf40a9b059578e3035111444f40f0/element - {"using":"xpath","value":"//td/div/span[contains(text(), \"BGL Vehicles\")]"}
RESULT: {"using":"xpath","value":"//td/div/span[contains(text(), \"BGL Vehicles\")]"}
COMMAND: POST /session/eabbf40a9b059578e3035111444f40f0/element/f.72F4F884D2456BFAF2BE58644CA6E573.d.EEB1720B16EB333F9F558AA2EBA73697.e.3186/click - {}
RESULT: {}
COMMAND: GET /session/eabbf40a9b059578e3035111444f40f0/screenshot - {}
RESULT: {}
COMMAND: POST /session/eabbf40a9b059578e3035111444f40f0/element - {"using":"xpath","value":"//bdi[contains(text(), \"OK\")]"}
RESULT: {"using":"xpath","value":"//bdi[contains(text(), \"OK\")]"}
COMMAND: POST /session/eabbf40a9b059578e3035111444f40f0/element/f.72F4F884D2456BFAF2BE58644CA6E573.d.EEB1720B16EB333F9F558AA2EBA73697.e.3187/click - {}
RESULT: {}
COMMAND: GET /session/eabbf40a9b059578e3035111444f40f0/screenshot - {}
RESULT: {}
COMMAND: POST /session/eabbf40a9b059578e3035111444f40f0/element - {"using":"xpath","value":"//label[contains(@class, 'sapMLabelRequired') and .//bdi[contains(text(), 'Planned Retirement')]]"}
RESULT: {"using":"xpath","value":"//label[contains(@class, 'sapMLabelRequired') and .//bdi[contains(text(), 'Planned Retirement')]]"}
COMMAND: POST /session/eabbf40a9b059578e3035111444f40f0/elements - {"using":"xpath","value":"//label[contains(@class, 'sapMLabelRequired') and .//bdi[contains(text(), 'Planned Retirement')]]"}
RESULT: {"using":"xpath","value":"//label[contains(@class, 'sapMLabelRequired') and .//bdi[contains(text(), 'Planned Retirement')]]"}
COMMAND: POST /session/eabbf40a9b059578e3035111444f40f0/element - {"using":"xpath","value":"//button[@data-kt=\"resourceUnitSaveButton\"]"}
RESULT: {"using":"xpath","value":"//button[@data-kt=\"resourceUnitSaveButton\"]"}
COMMAND: POST /session/eabbf40a9b059578e3035111444f40f0/element/f.72F4F884D2456BFAF2BE58644CA6E573.d.EEB1720B16EB333F9F558AA2EBA73697.e.3023/click - {}
RESULT: {}
COMMAND: GET /session/eabbf40a9b059578e3035111444f40f0/screenshot - {}
RESULT: {}
COMMAND: POST /session/eabbf40a9b059578e3035111444f40f0/element - {"using":"xpath","value":"//bdi[contains(text(), \"Close\")]"}
RESULT: {"using":"xpath","value":"//bdi[contains(text(), \"Close\")]"}
COMMAND: POST /session/eabbf40a9b059578e3035111444f40f0/element/f.72F4F884D2456BFAF2BE58644CA6E573.d.EEB1720B16EB333F9F558AA2EBA73697.e.3193/click - {}
RESULT: {}
COMMAND: GET /session/eabbf40a9b059578e3035111444f40f0/screenshot - {}
RESULT: {}
COMMAND: POST /session/eabbf40a9b059578e3035111444f40f0/element - {"using":"xpath","value":"//header[contains(@id, 'detailRruPage-headerTitle')]/div[1]/div[2]/div[2]/span[1]"}
RESULT: {"using":"xpath","value":"//header[contains(@id, 'detailRruPage-headerTitle')]/div[1]/div[2]/div[2]/span[1]"}
COMMAND: POST /session/eabbf40a9b059578e3035111444f40f0/elements - {"using":"xpath","value":"//header[contains(@id, 'detailRruPage-headerTitle')]/div[1]/div[2]/div[2]/span[1]"}
RESULT: {"using":"xpath","value":"//header[contains(@id, 'detailRruPage-headerTitle')]/div[1]/div[2]/div[2]/span[1]"}
COMMAND: POST /session/eabbf40a9b059578e3035111444f40f0/execute/sync - {"script":"<script> [56 bytes]","args":[{"element-6066-11e4-a52e-4f735466cecf":"f.72F4F884D2456BFAF2BE58644CA6E573.d.EEB1720B16EB333F9F558AA2EBA73697.e.3231","ELEMENT":"f.72F4F884D2456BFAF2BE58644CA6E573.d.EEB1720B16EB333F9F558AA2EBA73697.e.3231"}]}
RESULT: {"script":"<script> [56 bytes]","args":[{"element-6066-11e4-a52e-4f735466cecf":"f.72F4F884D2456BFAF2BE58644CA6E573.d.EEB1720B16EB333F9F558AA2EBA73697.e.3231","ELEMENT":"f.72F4F884D2456BFAF2BE58644CA6E573.d.EEB1720B16EB333F9F558AA2EBA73697.e.3231"}]}
COMMAND: POST /session/eabbf40a9b059578e3035111444f40f0/element - {"using":"css selector","value":"#shell-header-logo"}
COMMAND: GET /session/eabbf40a9b059578e3035111444f40f0/screenshot - {}
RESULT: {"using":"css selector","value":"#shell-header-logo"}
COMMAND: POST /session/eabbf40a9b059578e3035111444f40f0/element/f.72F4F884D2456BFAF2BE58644CA6E573.d.EEB1720B16EB333F9F558AA2EBA73697.e.2612/click - {}
RESULT: {}
RESULT: {}
COMMAND: GET /session/eabbf40a9b059578e3035111444f40f0/screenshot - {}
RESULT: {}
]]></system-out>
    </testcase>
    <testcase classname="chrome.136_0_7103_93.windows.Create_masterdata_for_Yard_Overview_-_trigger_provide_US130988" name="Should do a stock increase handover" time="97.059">
      <failure/>
      <error message="Can't call click on element with selector &quot;//li[.//span[contains(text(),'520 -')]]&quot; because element wasn't found"/>
      <system-out><![CDATA[
COMMAND: POST /session/eabbf40a9b059578e3035111444f40f0/execute/async - {"script":"<script> [1562 bytes]","args":[{"selector":{"controlType":"sap.m.GenericTile","properties":{"header":"Manage Handovers"}},"wdio_ui5_key":"sapm.GenericTile{\"header\":\"Manage Handovers\"}"}]}
RESULT: {"script":"<script> [1562 bytes]","args":[{"selector":{"controlType":"sap.m.GenericTile","properties":{"header":"Manage Handovers"}},"wdio_ui5_key":"sapm.GenericTile{\"header\":\"Manage Handovers\"}"}]}
RESULT: undefined
COMMAND: POST /session/eabbf40a9b059578e3035111444f40f0/element - {"using":"xpath","value":"//*[@id=\"__tile132\"]"}
RESULT: {"using":"xpath","value":"//*[@id=\"__tile132\"]"}
COMMAND: POST /session/eabbf40a9b059578e3035111444f40f0/element/f.72F4F884D2456BFAF2BE58644CA6E573.d.EEB1720B16EB333F9F558AA2EBA73697.e.211/click - {}
RESULT: {}
COMMAND: GET /session/eabbf40a9b059578e3035111444f40f0/screenshot - {}
RESULT: {}
COMMAND: POST /session/eabbf40a9b059578e3035111444f40f0/elements - {"using":"xpath","value":"//span[text()='Error']"}
RESULT: {"using":"xpath","value":"//span[text()='Error']"}
COMMAND: POST /session/eabbf40a9b059578e3035111444f40f0/element - {"using":"xpath","value":"//button[@data-kt=\"masterHOAddButton\"]"}
RESULT: {"using":"xpath","value":"//button[@data-kt=\"masterHOAddButton\"]"}
COMMAND: POST /session/eabbf40a9b059578e3035111444f40f0/elements - {"using":"xpath","value":"//button[@data-kt=\"masterHOAddButton\"]"}
RESULT: {"using":"xpath","value":"//button[@data-kt=\"masterHOAddButton\"]"}
COMMAND: POST /session/eabbf40a9b059578e3035111444f40f0/execute/sync - {"script":"<script> [8489 bytes]","args":[{"element-6066-11e4-a52e-4f735466cecf":"f.72F4F884D2456BFAF2BE58644CA6E573.d.EEB1720B16EB333F9F558AA2EBA73697.e.3272","ELEMENT":"f.72F4F884D2456BFAF2BE58644CA6E573.d.EEB1720B16EB333F9F558AA2EBA73697.e.3272"}]}
RESULT: {"script":"<script> [8489 bytes]","args":[{"element-6066-11e4-a52e-4f735466cecf":"f.72F4F884D2456BFAF2BE58644CA6E573.d.EEB1720B16EB333F9F558AA2EBA73697.e.3272","ELEMENT":"f.72F4F884D2456BFAF2BE58644CA6E573.d.EEB1720B16EB333F9F558AA2EBA73697.e.3272"}]}
COMMAND: GET /session/eabbf40a9b059578e3035111444f40f0/element/f.72F4F884D2456BFAF2BE58644CA6E573.d.EEB1720B16EB333F9F558AA2EBA73697.e.3272/enabled - {}
COMMAND: GET /session/eabbf40a9b059578e3035111444f40f0/screenshot - {}
RESULT: {}
COMMAND: POST /session/eabbf40a9b059578e3035111444f40f0/execute/sync - {"script":"<script> [8489 bytes]","args":[{"element-6066-11e4-a52e-4f735466cecf":"f.72F4F884D2456BFAF2BE58644CA6E573.d.EEB1720B16EB333F9F558AA2EBA73697.e.3272","ELEMENT":"f.72F4F884D2456BFAF2BE58644CA6E573.d.EEB1720B16EB333F9F558AA2EBA73697.e.3272"}]}
COMMAND: GET /session/eabbf40a9b059578e3035111444f40f0/screenshot - {}
RESULT: {}
RESULT: {"script":"<script> [8489 bytes]","args":[{"element-6066-11e4-a52e-4f735466cecf":"f.72F4F884D2456BFAF2BE58644CA6E573.d.EEB1720B16EB333F9F558AA2EBA73697.e.3272","ELEMENT":"f.72F4F884D2456BFAF2BE58644CA6E573.d.EEB1720B16EB333F9F558AA2EBA73697.e.3272"}]}
COMMAND: POST /session/eabbf40a9b059578e3035111444f40f0/execute/sync - {"script":"<script> [5351 bytes]","args":[{"element-6066-11e4-a52e-4f735466cecf":"f.72F4F884D2456BFAF2BE58644CA6E573.d.EEB1720B16EB333F9F558AA2EBA73697.e.3272","ELEMENT":"f.72F4F884D2456BFAF2BE58644CA6E573.d.EEB1720B16EB333F9F558AA2EBA73697.e.3272"}]}
COMMAND: GET /session/eabbf40a9b059578e3035111444f40f0/screenshot - {}
RESULT: {}
RESULT: {"script":"<script> [5351 bytes]","args":[{"element-6066-11e4-a52e-4f735466cecf":"f.72F4F884D2456BFAF2BE58644CA6E573.d.EEB1720B16EB333F9F558AA2EBA73697.e.3272","ELEMENT":"f.72F4F884D2456BFAF2BE58644CA6E573.d.EEB1720B16EB333F9F558AA2EBA73697.e.3272"}]}
COMMAND: POST /session/eabbf40a9b059578e3035111444f40f0/element/f.72F4F884D2456BFAF2BE58644CA6E573.d.EEB1720B16EB333F9F558AA2EBA73697.e.3272/click - {}
COMMAND: GET /session/eabbf40a9b059578e3035111444f40f0/screenshot - {}
RESULT: {}
RESULT: {}
COMMAND: GET /session/eabbf40a9b059578e3035111444f40f0/screenshot - {}
RESULT: {}
RESULT: {}
COMMAND: POST /session/eabbf40a9b059578e3035111444f40f0/element - {"using":"xpath","value":"//span[contains(@id ,\"AddNewHO--typeSelect-arrow\")]"}
RESULT: {"using":"xpath","value":"//span[contains(@id ,\"AddNewHO--typeSelect-arrow\")]"}
COMMAND: POST /session/eabbf40a9b059578e3035111444f40f0/element/f.72F4F884D2456BFAF2BE58644CA6E573.d.EEB1720B16EB333F9F558AA2EBA73697.e.3628/click - {}
RESULT: {}
COMMAND: GET /session/eabbf40a9b059578e3035111444f40f0/screenshot - {}
RESULT: {}
COMMAND: POST /session/eabbf40a9b059578e3035111444f40f0/element - {"using":"xpath","value":"(//li[contains(text(), \"stock increase yard\")])[1]"}
RESULT: {"using":"xpath","value":"(//li[contains(text(), \"stock increase yard\")])[1]"}
COMMAND: POST /session/eabbf40a9b059578e3035111444f40f0/element/f.72F4F884D2456BFAF2BE58644CA6E573.d.EEB1720B16EB333F9F558AA2EBA73697.e.3629/click - {}
RESULT: {}
COMMAND: GET /session/eabbf40a9b059578e3035111444f40f0/screenshot - {}
RESULT: {}
COMMAND: POST /session/eabbf40a9b059578e3035111444f40f0/execute/async - {"script":"<script> [1562 bytes]","args":[{"selector":{"id":"application-managehandovers-display-component---AddNewHO--dueDate","interaction":{"idSuffix":"inner"}},"wdio_ui5_key":"applicationmanagehandovers-display-component---AddNewHO--dueDate"}]}
RESULT: {"script":"<script> [1562 bytes]","args":[{"selector":{"id":"application-managehandovers-display-component---AddNewHO--dueDate","interaction":{"idSuffix":"inner"}},"wdio_ui5_key":"applicationmanagehandovers-display-component---AddNewHO--dueDate"}]}
RESULT: undefined
COMMAND: POST /session/eabbf40a9b059578e3035111444f40f0/execute/async - {"script":"<script> [6424 bytes]","args":[{"element-6066-11e4-a52e-4f735466cecf":"f.72F4F884D2456BFAF2BE58644CA6E573.d.EEB1720B16EB333F9F558AA2EBA73697.e.3633"},"setValue",["5/31/25"]]}
RESULT: {"script":"<script> [6424 bytes]","args":[{"element-6066-11e4-a52e-4f735466cecf":"f.72F4F884D2456BFAF2BE58644CA6E573.d.EEB1720B16EB333F9F558AA2EBA73697.e.3633"},"setValue",["5/31/25"]]}
COMMAND: POST /session/eabbf40a9b059578e3035111444f40f0/element - {"using":"xpath","value":"//input[@id=\"generalSectionFrg--receiveYard-inner\"]"}
RESULT: {"using":"xpath","value":"//input[@id=\"generalSectionFrg--receiveYard-inner\"]"}
COMMAND: POST /session/eabbf40a9b059578e3035111444f40f0/element/f.72F4F884D2456BFAF2BE58644CA6E573.d.EEB1720B16EB333F9F558AA2EBA73697.e.3639/clear - {}
RESULT: {}
COMMAND: POST /session/eabbf40a9b059578e3035111444f40f0/element/f.72F4F884D2456BFAF2BE58644CA6E573.d.EEB1720B16EB333F9F558AA2EBA73697.e.3639/value - {"text":"520"}
COMMAND: GET /session/eabbf40a9b059578e3035111444f40f0/screenshot - {}
RESULT: {"text":"520"}
COMMAND: GET /session/eabbf40a9b059578e3035111444f40f0/screenshot - {}
RESULT: {}
RESULT: {}
COMMAND: POST /session/eabbf40a9b059578e3035111444f40f0/element - {"using":"xpath","value":"//li[.//span[contains(text(),'520 -')]]"}
RESULT: {"using":"xpath","value":"//li[.//span[contains(text(),'520 -')]]"}
COMMAND: POST /session/eabbf40a9b059578e3035111444f40f0/elements - {"using":"xpath","value":"//li[.//span[contains(text(),'520 -')]]"}
RESULT: {"using":"xpath","value":"//li[.//span[contains(text(),'520 -')]]"}
COMMAND: POST /session/eabbf40a9b059578e3035111444f40f0/elements - {"using":"xpath","value":"//li[.//span[contains(text(),'520 -')]]"}
RESULT: {"using":"xpath","value":"//li[.//span[contains(text(),'520 -')]]"}
COMMAND: POST /session/eabbf40a9b059578e3035111444f40f0/elements - {"using":"xpath","value":"//li[.//span[contains(text(),'520 -')]]"}
RESULT: {"using":"xpath","value":"//li[.//span[contains(text(),'520 -')]]"}
COMMAND: POST /session/eabbf40a9b059578e3035111444f40f0/elements - {"using":"xpath","value":"//li[.//span[contains(text(),'520 -')]]"}
RESULT: {"using":"xpath","value":"//li[.//span[contains(text(),'520 -')]]"}
COMMAND: POST /session/eabbf40a9b059578e3035111444f40f0/elements - {"using":"xpath","value":"//li[.//span[contains(text(),'520 -')]]"}
RESULT: {"using":"xpath","value":"//li[.//span[contains(text(),'520 -')]]"}
COMMAND: POST /session/eabbf40a9b059578e3035111444f40f0/elements - {"using":"xpath","value":"//li[.//span[contains(text(),'520 -')]]"}
RESULT: {"using":"xpath","value":"//li[.//span[contains(text(),'520 -')]]"}
COMMAND: POST /session/eabbf40a9b059578e3035111444f40f0/elements - {"using":"xpath","value":"//li[.//span[contains(text(),'520 -')]]"}
RESULT: {"using":"xpath","value":"//li[.//span[contains(text(),'520 -')]]"}
COMMAND: POST /session/eabbf40a9b059578e3035111444f40f0/elements - {"using":"xpath","value":"//li[.//span[contains(text(),'520 -')]]"}
RESULT: {"using":"xpath","value":"//li[.//span[contains(text(),'520 -')]]"}
COMMAND: POST /session/eabbf40a9b059578e3035111444f40f0/elements - {"using":"xpath","value":"//li[.//span[contains(text(),'520 -')]]"}
RESULT: {"using":"xpath","value":"//li[.//span[contains(text(),'520 -')]]"}
COMMAND: POST /session/eabbf40a9b059578e3035111444f40f0/elements - {"using":"xpath","value":"//li[.//span[contains(text(),'520 -')]]"}
RESULT: {"using":"xpath","value":"//li[.//span[contains(text(),'520 -')]]"}
COMMAND: POST /session/eabbf40a9b059578e3035111444f40f0/elements - {"using":"xpath","value":"//li[.//span[contains(text(),'520 -')]]"}
RESULT: {"using":"xpath","value":"//li[.//span[contains(text(),'520 -')]]"}
COMMAND: POST /session/eabbf40a9b059578e3035111444f40f0/elements - {"using":"xpath","value":"//li[.//span[contains(text(),'520 -')]]"}
RESULT: {"using":"xpath","value":"//li[.//span[contains(text(),'520 -')]]"}
COMMAND: POST /session/eabbf40a9b059578e3035111444f40f0/elements - {"using":"xpath","value":"//li[.//span[contains(text(),'520 -')]]"}
RESULT: {"using":"xpath","value":"//li[.//span[contains(text(),'520 -')]]"}
COMMAND: POST /session/eabbf40a9b059578e3035111444f40f0/elements - {"using":"xpath","value":"//li[.//span[contains(text(),'520 -')]]"}
RESULT: {"using":"xpath","value":"//li[.//span[contains(text(),'520 -')]]"}
COMMAND: POST /session/eabbf40a9b059578e3035111444f40f0/elements - {"using":"xpath","value":"//li[.//span[contains(text(),'520 -')]]"}
RESULT: {"using":"xpath","value":"//li[.//span[contains(text(),'520 -')]]"}
COMMAND: POST /session/eabbf40a9b059578e3035111444f40f0/elements - {"using":"xpath","value":"//li[.//span[contains(text(),'520 -')]]"}
RESULT: {"using":"xpath","value":"//li[.//span[contains(text(),'520 -')]]"}
COMMAND: POST /session/eabbf40a9b059578e3035111444f40f0/elements - {"using":"xpath","value":"//li[.//span[contains(text(),'520 -')]]"}
RESULT: {"using":"xpath","value":"//li[.//span[contains(text(),'520 -')]]"}
COMMAND: POST /session/eabbf40a9b059578e3035111444f40f0/elements - {"using":"xpath","value":"//li[.//span[contains(text(),'520 -')]]"}
RESULT: {"using":"xpath","value":"//li[.//span[contains(text(),'520 -')]]"}
COMMAND: POST /session/eabbf40a9b059578e3035111444f40f0/elements - {"using":"xpath","value":"//li[.//span[contains(text(),'520 -')]]"}
RESULT: {"using":"xpath","value":"//li[.//span[contains(text(),'520 -')]]"}
COMMAND: POST /session/eabbf40a9b059578e3035111444f40f0/elements - {"using":"xpath","value":"//li[.//span[contains(text(),'520 -')]]"}
RESULT: {"using":"xpath","value":"//li[.//span[contains(text(),'520 -')]]"}
COMMAND: POST /session/eabbf40a9b059578e3035111444f40f0/elements - {"using":"xpath","value":"//li[.//span[contains(text(),'520 -')]]"}
RESULT: {"using":"xpath","value":"//li[.//span[contains(text(),'520 -')]]"}
COMMAND: POST /session/eabbf40a9b059578e3035111444f40f0/elements - {"using":"xpath","value":"//li[.//span[contains(text(),'520 -')]]"}
RESULT: {"using":"xpath","value":"//li[.//span[contains(text(),'520 -')]]"}
COMMAND: POST /session/eabbf40a9b059578e3035111444f40f0/elements - {"using":"xpath","value":"//li[.//span[contains(text(),'520 -')]]"}
RESULT: {"using":"xpath","value":"//li[.//span[contains(text(),'520 -')]]"}
COMMAND: POST /session/eabbf40a9b059578e3035111444f40f0/elements - {"using":"xpath","value":"//li[.//span[contains(text(),'520 -')]]"}
RESULT: {"using":"xpath","value":"//li[.//span[contains(text(),'520 -')]]"}
COMMAND: POST /session/eabbf40a9b059578e3035111444f40f0/elements - {"using":"xpath","value":"//li[.//span[contains(text(),'520 -')]]"}
RESULT: {"using":"xpath","value":"//li[.//span[contains(text(),'520 -')]]"}
COMMAND: POST /session/eabbf40a9b059578e3035111444f40f0/elements - {"using":"xpath","value":"//li[.//span[contains(text(),'520 -')]]"}
RESULT: {"using":"xpath","value":"//li[.//span[contains(text(),'520 -')]]"}
COMMAND: POST /session/eabbf40a9b059578e3035111444f40f0/elements - {"using":"xpath","value":"//li[.//span[contains(text(),'520 -')]]"}
RESULT: {"using":"xpath","value":"//li[.//span[contains(text(),'520 -')]]"}
COMMAND: POST /session/eabbf40a9b059578e3035111444f40f0/elements - {"using":"xpath","value":"//li[.//span[contains(text(),'520 -')]]"}
RESULT: {"using":"xpath","value":"//li[.//span[contains(text(),'520 -')]]"}
COMMAND: POST /session/eabbf40a9b059578e3035111444f40f0/elements - {"using":"xpath","value":"//li[.//span[contains(text(),'520 -')]]"}
RESULT: {"using":"xpath","value":"//li[.//span[contains(text(),'520 -')]]"}
COMMAND: POST /session/eabbf40a9b059578e3035111444f40f0/elements - {"using":"xpath","value":"//li[.//span[contains(text(),'520 -')]]"}
RESULT: {"using":"xpath","value":"//li[.//span[contains(text(),'520 -')]]"}
COMMAND: POST /session/eabbf40a9b059578e3035111444f40f0/elements - {"using":"xpath","value":"//li[.//span[contains(text(),'520 -')]]"}
RESULT: {"using":"xpath","value":"//li[.//span[contains(text(),'520 -')]]"}
COMMAND: POST /session/eabbf40a9b059578e3035111444f40f0/elements - {"using":"xpath","value":"//li[.//span[contains(text(),'520 -')]]"}
RESULT: {"using":"xpath","value":"//li[.//span[contains(text(),'520 -')]]"}
COMMAND: POST /session/eabbf40a9b059578e3035111444f40f0/elements - {"using":"xpath","value":"//li[.//span[contains(text(),'520 -')]]"}
RESULT: {"using":"xpath","value":"//li[.//span[contains(text(),'520 -')]]"}
COMMAND: POST /session/eabbf40a9b059578e3035111444f40f0/elements - {"using":"xpath","value":"//li[.//span[contains(text(),'520 -')]]"}
RESULT: {"using":"xpath","value":"//li[.//span[contains(text(),'520 -')]]"}
COMMAND: POST /session/eabbf40a9b059578e3035111444f40f0/elements - {"using":"xpath","value":"//li[.//span[contains(text(),'520 -')]]"}
RESULT: {"using":"xpath","value":"//li[.//span[contains(text(),'520 -')]]"}
COMMAND: POST /session/eabbf40a9b059578e3035111444f40f0/elements - {"using":"xpath","value":"//li[.//span[contains(text(),'520 -')]]"}
RESULT: {"using":"xpath","value":"//li[.//span[contains(text(),'520 -')]]"}
COMMAND: POST /session/eabbf40a9b059578e3035111444f40f0/elements - {"using":"xpath","value":"//li[.//span[contains(text(),'520 -')]]"}
RESULT: {"using":"xpath","value":"//li[.//span[contains(text(),'520 -')]]"}
COMMAND: POST /session/eabbf40a9b059578e3035111444f40f0/elements - {"using":"xpath","value":"//li[.//span[contains(text(),'520 -')]]"}
RESULT: {"using":"xpath","value":"//li[.//span[contains(text(),'520 -')]]"}
COMMAND: POST /session/eabbf40a9b059578e3035111444f40f0/elements - {"using":"xpath","value":"//li[.//span[contains(text(),'520 -')]]"}
RESULT: {"using":"xpath","value":"//li[.//span[contains(text(),'520 -')]]"}
COMMAND: POST /session/eabbf40a9b059578e3035111444f40f0/elements - {"using":"xpath","value":"//li[.//span[contains(text(),'520 -')]]"}
RESULT: {"using":"xpath","value":"//li[.//span[contains(text(),'520 -')]]"}
COMMAND: POST /session/eabbf40a9b059578e3035111444f40f0/elements - {"using":"xpath","value":"//li[.//span[contains(text(),'520 -')]]"}
RESULT: {"using":"xpath","value":"//li[.//span[contains(text(),'520 -')]]"}
COMMAND: POST /session/eabbf40a9b059578e3035111444f40f0/elements - {"using":"xpath","value":"//li[.//span[contains(text(),'520 -')]]"}
RESULT: {"using":"xpath","value":"//li[.//span[contains(text(),'520 -')]]"}
COMMAND: POST /session/eabbf40a9b059578e3035111444f40f0/elements - {"using":"xpath","value":"//li[.//span[contains(text(),'520 -')]]"}
RESULT: {"using":"xpath","value":"//li[.//span[contains(text(),'520 -')]]"}
COMMAND: POST /session/eabbf40a9b059578e3035111444f40f0/elements - {"using":"xpath","value":"//li[.//span[contains(text(),'520 -')]]"}
RESULT: {"using":"xpath","value":"//li[.//span[contains(text(),'520 -')]]"}
COMMAND: POST /session/eabbf40a9b059578e3035111444f40f0/elements - {"using":"xpath","value":"//li[.//span[contains(text(),'520 -')]]"}
RESULT: {"using":"xpath","value":"//li[.//span[contains(text(),'520 -')]]"}
COMMAND: POST /session/eabbf40a9b059578e3035111444f40f0/elements - {"using":"xpath","value":"//li[.//span[contains(text(),'520 -')]]"}
RESULT: {"using":"xpath","value":"//li[.//span[contains(text(),'520 -')]]"}
COMMAND: POST /session/eabbf40a9b059578e3035111444f40f0/elements - {"using":"xpath","value":"//li[.//span[contains(text(),'520 -')]]"}
RESULT: {"using":"xpath","value":"//li[.//span[contains(text(),'520 -')]]"}
COMMAND: POST /session/eabbf40a9b059578e3035111444f40f0/elements - {"using":"xpath","value":"//li[.//span[contains(text(),'520 -')]]"}
RESULT: {"using":"xpath","value":"//li[.//span[contains(text(),'520 -')]]"}
COMMAND: POST /session/eabbf40a9b059578e3035111444f40f0/elements - {"using":"xpath","value":"//li[.//span[contains(text(),'520 -')]]"}
RESULT: {"using":"xpath","value":"//li[.//span[contains(text(),'520 -')]]"}
COMMAND: POST /session/eabbf40a9b059578e3035111444f40f0/elements - {"using":"xpath","value":"//li[.//span[contains(text(),'520 -')]]"}
RESULT: {"using":"xpath","value":"//li[.//span[contains(text(),'520 -')]]"}
COMMAND: POST /session/eabbf40a9b059578e3035111444f40f0/elements - {"using":"xpath","value":"//li[.//span[contains(text(),'520 -')]]"}
RESULT: {"using":"xpath","value":"//li[.//span[contains(text(),'520 -')]]"}
COMMAND: POST /session/eabbf40a9b059578e3035111444f40f0/elements - {"using":"xpath","value":"//li[.//span[contains(text(),'520 -')]]"}
RESULT: {"using":"xpath","value":"//li[.//span[contains(text(),'520 -')]]"}
COMMAND: POST /session/eabbf40a9b059578e3035111444f40f0/elements - {"using":"xpath","value":"//li[.//span[contains(text(),'520 -')]]"}
RESULT: {"using":"xpath","value":"//li[.//span[contains(text(),'520 -')]]"}
COMMAND: POST /session/eabbf40a9b059578e3035111444f40f0/elements - {"using":"xpath","value":"//li[.//span[contains(text(),'520 -')]]"}
RESULT: {"using":"xpath","value":"//li[.//span[contains(text(),'520 -')]]"}
COMMAND: POST /session/eabbf40a9b059578e3035111444f40f0/elements - {"using":"xpath","value":"//li[.//span[contains(text(),'520 -')]]"}
RESULT: {"using":"xpath","value":"//li[.//span[contains(text(),'520 -')]]"}
COMMAND: POST /session/eabbf40a9b059578e3035111444f40f0/elements - {"using":"xpath","value":"//li[.//span[contains(text(),'520 -')]]"}
RESULT: {"using":"xpath","value":"//li[.//span[contains(text(),'520 -')]]"}
COMMAND: POST /session/eabbf40a9b059578e3035111444f40f0/elements - {"using":"xpath","value":"//li[.//span[contains(text(),'520 -')]]"}
RESULT: {"using":"xpath","value":"//li[.//span[contains(text(),'520 -')]]"}
COMMAND: POST /session/eabbf40a9b059578e3035111444f40f0/elements - {"using":"xpath","value":"//li[.//span[contains(text(),'520 -')]]"}
RESULT: {"using":"xpath","value":"//li[.//span[contains(text(),'520 -')]]"}
COMMAND: POST /session/eabbf40a9b059578e3035111444f40f0/elements - {"using":"xpath","value":"//li[.//span[contains(text(),'520 -')]]"}
RESULT: {"using":"xpath","value":"//li[.//span[contains(text(),'520 -')]]"}
COMMAND: POST /session/eabbf40a9b059578e3035111444f40f0/elements - {"using":"xpath","value":"//li[.//span[contains(text(),'520 -')]]"}
RESULT: {"using":"xpath","value":"//li[.//span[contains(text(),'520 -')]]"}
COMMAND: POST /session/eabbf40a9b059578e3035111444f40f0/elements - {"using":"xpath","value":"//li[.//span[contains(text(),'520 -')]]"}
RESULT: {"using":"xpath","value":"//li[.//span[contains(text(),'520 -')]]"}
COMMAND: POST /session/eabbf40a9b059578e3035111444f40f0/elements - {"using":"xpath","value":"//li[.//span[contains(text(),'520 -')]]"}
RESULT: {"using":"xpath","value":"//li[.//span[contains(text(),'520 -')]]"}
COMMAND: POST /session/eabbf40a9b059578e3035111444f40f0/elements - {"using":"xpath","value":"//li[.//span[contains(text(),'520 -')]]"}
RESULT: {"using":"xpath","value":"//li[.//span[contains(text(),'520 -')]]"}
COMMAND: POST /session/eabbf40a9b059578e3035111444f40f0/elements - {"using":"xpath","value":"//li[.//span[contains(text(),'520 -')]]"}
RESULT: {"using":"xpath","value":"//li[.//span[contains(text(),'520 -')]]"}
COMMAND: POST /session/eabbf40a9b059578e3035111444f40f0/elements - {"using":"xpath","value":"//li[.//span[contains(text(),'520 -')]]"}
RESULT: {"using":"xpath","value":"//li[.//span[contains(text(),'520 -')]]"}
COMMAND: POST /session/eabbf40a9b059578e3035111444f40f0/elements - {"using":"xpath","value":"//li[.//span[contains(text(),'520 -')]]"}
RESULT: {"using":"xpath","value":"//li[.//span[contains(text(),'520 -')]]"}
COMMAND: POST /session/eabbf40a9b059578e3035111444f40f0/elements - {"using":"xpath","value":"//li[.//span[contains(text(),'520 -')]]"}
RESULT: {"using":"xpath","value":"//li[.//span[contains(text(),'520 -')]]"}
COMMAND: POST /session/eabbf40a9b059578e3035111444f40f0/elements - {"using":"xpath","value":"//li[.//span[contains(text(),'520 -')]]"}
RESULT: {"using":"xpath","value":"//li[.//span[contains(text(),'520 -')]]"}
COMMAND: POST /session/eabbf40a9b059578e3035111444f40f0/elements - {"using":"xpath","value":"//li[.//span[contains(text(),'520 -')]]"}
RESULT: {"using":"xpath","value":"//li[.//span[contains(text(),'520 -')]]"}
COMMAND: POST /session/eabbf40a9b059578e3035111444f40f0/elements - {"using":"xpath","value":"//li[.//span[contains(text(),'520 -')]]"}
RESULT: {"using":"xpath","value":"//li[.//span[contains(text(),'520 -')]]"}
COMMAND: POST /session/eabbf40a9b059578e3035111444f40f0/elements - {"using":"xpath","value":"//li[.//span[contains(text(),'520 -')]]"}
RESULT: {"using":"xpath","value":"//li[.//span[contains(text(),'520 -')]]"}
COMMAND: POST /session/eabbf40a9b059578e3035111444f40f0/elements - {"using":"xpath","value":"//li[.//span[contains(text(),'520 -')]]"}
RESULT: {"using":"xpath","value":"//li[.//span[contains(text(),'520 -')]]"}
COMMAND: POST /session/eabbf40a9b059578e3035111444f40f0/elements - {"using":"xpath","value":"//li[.//span[contains(text(),'520 -')]]"}
RESULT: {"using":"xpath","value":"//li[.//span[contains(text(),'520 -')]]"}
COMMAND: POST /session/eabbf40a9b059578e3035111444f40f0/elements - {"using":"xpath","value":"//li[.//span[contains(text(),'520 -')]]"}
RESULT: {"using":"xpath","value":"//li[.//span[contains(text(),'520 -')]]"}
COMMAND: POST /session/eabbf40a9b059578e3035111444f40f0/elements - {"using":"xpath","value":"//li[.//span[contains(text(),'520 -')]]"}
RESULT: {"using":"xpath","value":"//li[.//span[contains(text(),'520 -')]]"}
COMMAND: POST /session/eabbf40a9b059578e3035111444f40f0/elements - {"using":"xpath","value":"//li[.//span[contains(text(),'520 -')]]"}
RESULT: {"using":"xpath","value":"//li[.//span[contains(text(),'520 -')]]"}
COMMAND: POST /session/eabbf40a9b059578e3035111444f40f0/elements - {"using":"xpath","value":"//li[.//span[contains(text(),'520 -')]]"}
RESULT: {"using":"xpath","value":"//li[.//span[contains(text(),'520 -')]]"}
COMMAND: POST /session/eabbf40a9b059578e3035111444f40f0/elements - {"using":"xpath","value":"//li[.//span[contains(text(),'520 -')]]"}
RESULT: {"using":"xpath","value":"//li[.//span[contains(text(),'520 -')]]"}
COMMAND: POST /session/eabbf40a9b059578e3035111444f40f0/elements - {"using":"xpath","value":"//li[.//span[contains(text(),'520 -')]]"}
RESULT: {"using":"xpath","value":"//li[.//span[contains(text(),'520 -')]]"}
COMMAND: POST /session/eabbf40a9b059578e3035111444f40f0/elements - {"using":"xpath","value":"//li[.//span[contains(text(),'520 -')]]"}
RESULT: {"using":"xpath","value":"//li[.//span[contains(text(),'520 -')]]"}
COMMAND: POST /session/eabbf40a9b059578e3035111444f40f0/elements - {"using":"xpath","value":"//li[.//span[contains(text(),'520 -')]]"}
RESULT: {"using":"xpath","value":"//li[.//span[contains(text(),'520 -')]]"}
COMMAND: POST /session/eabbf40a9b059578e3035111444f40f0/elements - {"using":"xpath","value":"//li[.//span[contains(text(),'520 -')]]"}
RESULT: {"using":"xpath","value":"//li[.//span[contains(text(),'520 -')]]"}
COMMAND: POST /session/eabbf40a9b059578e3035111444f40f0/elements - {"using":"xpath","value":"//li[.//span[contains(text(),'520 -')]]"}
RESULT: {"using":"xpath","value":"//li[.//span[contains(text(),'520 -')]]"}
COMMAND: POST /session/eabbf40a9b059578e3035111444f40f0/elements - {"using":"xpath","value":"//li[.//span[contains(text(),'520 -')]]"}
RESULT: {"using":"xpath","value":"//li[.//span[contains(text(),'520 -')]]"}
COMMAND: POST /session/eabbf40a9b059578e3035111444f40f0/elements - {"using":"xpath","value":"//li[.//span[contains(text(),'520 -')]]"}
RESULT: {"using":"xpath","value":"//li[.//span[contains(text(),'520 -')]]"}
COMMAND: POST /session/eabbf40a9b059578e3035111444f40f0/elements - {"using":"xpath","value":"//li[.//span[contains(text(),'520 -')]]"}
RESULT: {"using":"xpath","value":"//li[.//span[contains(text(),'520 -')]]"}
COMMAND: POST /session/eabbf40a9b059578e3035111444f40f0/elements - {"using":"xpath","value":"//li[.//span[contains(text(),'520 -')]]"}
RESULT: {"using":"xpath","value":"//li[.//span[contains(text(),'520 -')]]"}
COMMAND: POST /session/eabbf40a9b059578e3035111444f40f0/elements - {"using":"xpath","value":"//li[.//span[contains(text(),'520 -')]]"}
RESULT: {"using":"xpath","value":"//li[.//span[contains(text(),'520 -')]]"}
COMMAND: POST /session/eabbf40a9b059578e3035111444f40f0/elements - {"using":"xpath","value":"//li[.//span[contains(text(),'520 -')]]"}
RESULT: {"using":"xpath","value":"//li[.//span[contains(text(),'520 -')]]"}
COMMAND: POST /session/eabbf40a9b059578e3035111444f40f0/elements - {"using":"xpath","value":"//li[.//span[contains(text(),'520 -')]]"}
RESULT: {"using":"xpath","value":"//li[.//span[contains(text(),'520 -')]]"}
COMMAND: POST /session/eabbf40a9b059578e3035111444f40f0/elements - {"using":"xpath","value":"//li[.//span[contains(text(),'520 -')]]"}
RESULT: {"using":"xpath","value":"//li[.//span[contains(text(),'520 -')]]"}
COMMAND: POST /session/eabbf40a9b059578e3035111444f40f0/elements - {"using":"xpath","value":"//li[.//span[contains(text(),'520 -')]]"}
RESULT: {"using":"xpath","value":"//li[.//span[contains(text(),'520 -')]]"}
COMMAND: POST /session/eabbf40a9b059578e3035111444f40f0/elements - {"using":"xpath","value":"//li[.//span[contains(text(),'520 -')]]"}
RESULT: {"using":"xpath","value":"//li[.//span[contains(text(),'520 -')]]"}
COMMAND: POST /session/eabbf40a9b059578e3035111444f40f0/elements - {"using":"xpath","value":"//li[.//span[contains(text(),'520 -')]]"}
RESULT: {"using":"xpath","value":"//li[.//span[contains(text(),'520 -')]]"}
COMMAND: POST /session/eabbf40a9b059578e3035111444f40f0/elements - {"using":"xpath","value":"//li[.//span[contains(text(),'520 -')]]"}
RESULT: {"using":"xpath","value":"//li[.//span[contains(text(),'520 -')]]"}
COMMAND: POST /session/eabbf40a9b059578e3035111444f40f0/elements - {"using":"xpath","value":"//li[.//span[contains(text(),'520 -')]]"}
RESULT: {"using":"xpath","value":"//li[.//span[contains(text(),'520 -')]]"}
COMMAND: POST /session/eabbf40a9b059578e3035111444f40f0/elements - {"using":"xpath","value":"//li[.//span[contains(text(),'520 -')]]"}
RESULT: {"using":"xpath","value":"//li[.//span[contains(text(),'520 -')]]"}
COMMAND: POST /session/eabbf40a9b059578e3035111444f40f0/elements - {"using":"xpath","value":"//li[.//span[contains(text(),'520 -')]]"}
RESULT: {"using":"xpath","value":"//li[.//span[contains(text(),'520 -')]]"}
COMMAND: POST /session/eabbf40a9b059578e3035111444f40f0/elements - {"using":"xpath","value":"//li[.//span[contains(text(),'520 -')]]"}
RESULT: {"using":"xpath","value":"//li[.//span[contains(text(),'520 -')]]"}
COMMAND: POST /session/eabbf40a9b059578e3035111444f40f0/elements - {"using":"xpath","value":"//li[.//span[contains(text(),'520 -')]]"}
RESULT: {"using":"xpath","value":"//li[.//span[contains(text(),'520 -')]]"}
COMMAND: POST /session/eabbf40a9b059578e3035111444f40f0/elements - {"using":"xpath","value":"//li[.//span[contains(text(),'520 -')]]"}
RESULT: {"using":"xpath","value":"//li[.//span[contains(text(),'520 -')]]"}
COMMAND: POST /session/eabbf40a9b059578e3035111444f40f0/elements - {"using":"xpath","value":"//li[.//span[contains(text(),'520 -')]]"}
RESULT: {"using":"xpath","value":"//li[.//span[contains(text(),'520 -')]]"}
COMMAND: POST /session/eabbf40a9b059578e3035111444f40f0/elements - {"using":"xpath","value":"//li[.//span[contains(text(),'520 -')]]"}
RESULT: {"using":"xpath","value":"//li[.//span[contains(text(),'520 -')]]"}
COMMAND: POST /session/eabbf40a9b059578e3035111444f40f0/elements - {"using":"xpath","value":"//li[.//span[contains(text(),'520 -')]]"}
RESULT: {"using":"xpath","value":"//li[.//span[contains(text(),'520 -')]]"}
COMMAND: POST /session/eabbf40a9b059578e3035111444f40f0/elements - {"using":"xpath","value":"//li[.//span[contains(text(),'520 -')]]"}
RESULT: {"using":"xpath","value":"//li[.//span[contains(text(),'520 -')]]"}
COMMAND: POST /session/eabbf40a9b059578e3035111444f40f0/elements - {"using":"xpath","value":"//li[.//span[contains(text(),'520 -')]]"}
RESULT: {"using":"xpath","value":"//li[.//span[contains(text(),'520 -')]]"}
COMMAND: POST /session/eabbf40a9b059578e3035111444f40f0/elements - {"using":"xpath","value":"//li[.//span[contains(text(),'520 -')]]"}
RESULT: {"using":"xpath","value":"//li[.//span[contains(text(),'520 -')]]"}
COMMAND: POST /session/eabbf40a9b059578e3035111444f40f0/elements - {"using":"xpath","value":"//li[.//span[contains(text(),'520 -')]]"}
RESULT: {"using":"xpath","value":"//li[.//span[contains(text(),'520 -')]]"}
COMMAND: POST /session/eabbf40a9b059578e3035111444f40f0/elements - {"using":"xpath","value":"//li[.//span[contains(text(),'520 -')]]"}
RESULT: {"using":"xpath","value":"//li[.//span[contains(text(),'520 -')]]"}
COMMAND: POST /session/eabbf40a9b059578e3035111444f40f0/elements - {"using":"xpath","value":"//li[.//span[contains(text(),'520 -')]]"}
RESULT: {"using":"xpath","value":"//li[.//span[contains(text(),'520 -')]]"}
COMMAND: POST /session/eabbf40a9b059578e3035111444f40f0/elements - {"using":"xpath","value":"//li[.//span[contains(text(),'520 -')]]"}
RESULT: {"using":"xpath","value":"//li[.//span[contains(text(),'520 -')]]"}
COMMAND: POST /session/eabbf40a9b059578e3035111444f40f0/elements - {"using":"xpath","value":"//li[.//span[contains(text(),'520 -')]]"}
RESULT: {"using":"xpath","value":"//li[.//span[contains(text(),'520 -')]]"}
COMMAND: POST /session/eabbf40a9b059578e3035111444f40f0/elements - {"using":"xpath","value":"//li[.//span[contains(text(),'520 -')]]"}
RESULT: {"using":"xpath","value":"//li[.//span[contains(text(),'520 -')]]"}
COMMAND: POST /session/eabbf40a9b059578e3035111444f40f0/elements - {"using":"xpath","value":"//li[.//span[contains(text(),'520 -')]]"}
RESULT: {"using":"xpath","value":"//li[.//span[contains(text(),'520 -')]]"}
COMMAND: POST /session/eabbf40a9b059578e3035111444f40f0/elements - {"using":"xpath","value":"//li[.//span[contains(text(),'520 -')]]"}
RESULT: {"using":"xpath","value":"//li[.//span[contains(text(),'520 -')]]"}
COMMAND: POST /session/eabbf40a9b059578e3035111444f40f0/elements - {"using":"xpath","value":"//li[.//span[contains(text(),'520 -')]]"}
RESULT: {"using":"xpath","value":"//li[.//span[contains(text(),'520 -')]]"}
COMMAND: POST /session/eabbf40a9b059578e3035111444f40f0/elements - {"using":"xpath","value":"//li[.//span[contains(text(),'520 -')]]"}
RESULT: {"using":"xpath","value":"//li[.//span[contains(text(),'520 -')]]"}
COMMAND: POST /session/eabbf40a9b059578e3035111444f40f0/elements - {"using":"xpath","value":"//li[.//span[contains(text(),'520 -')]]"}
RESULT: {"using":"xpath","value":"//li[.//span[contains(text(),'520 -')]]"}
COMMAND: POST /session/eabbf40a9b059578e3035111444f40f0/elements - {"using":"xpath","value":"//li[.//span[contains(text(),'520 -')]]"}
RESULT: {"using":"xpath","value":"//li[.//span[contains(text(),'520 -')]]"}
COMMAND: POST /session/eabbf40a9b059578e3035111444f40f0/elements - {"using":"xpath","value":"//li[.//span[contains(text(),'520 -')]]"}
RESULT: {"using":"xpath","value":"//li[.//span[contains(text(),'520 -')]]"}
COMMAND: POST /session/eabbf40a9b059578e3035111444f40f0/elements - {"using":"xpath","value":"//li[.//span[contains(text(),'520 -')]]"}
COMMAND: GET /session/eabbf40a9b059578e3035111444f40f0/screenshot - {}
RESULT: {"using":"xpath","value":"//li[.//span[contains(text(),'520 -')]]"}
RESULT: {}
]]></system-out>
      <system-err><![CDATA[
Error: Can't call click on element with selector "//li[.//span[contains(text(),'520 -')]]" because element wasn't found
    at async UtilsPrerequisites.stockIncrease (D:\a\1\s\test\specs\BTS\prerequisites-and-utils-functions.js:1638:9)
    at async Context.<anonymous> (D:\a\1\s\test\specs\HTR\yard-overview-trigger.spec.js:53:9)
]]></system-err>
    </testcase>
    <testcase classname="chrome.136_0_7103_93.windows.Create_masterdata_for_Yard_Overview_-_trigger_provide_US130988" name="Should create a new contract" time="61.648">
      <failure/>
      <error message="element (&quot;//button[@data-kt=&quot;addButton&quot;]&quot;) still not existing after 45000ms"/>
      <system-out><![CDATA[
COMMAND: GET /session/eabbf40a9b059578e3035111444f40f0/screenshot - {}
COMMAND: POST /session/eabbf40a9b059578e3035111444f40f0/execute/async - {"script":"<script> [1562 bytes]","args":[{"selector":{"controlType":"sap.m.GenericTile","properties":{"header":"Manage Contracts"}},"wdio_ui5_key":"sapm.GenericTile{\"header\":\"Manage Contracts\"}"}]}
RESULT: {}
RESULT: {"script":"<script> [1562 bytes]","args":[{"selector":{"controlType":"sap.m.GenericTile","properties":{"header":"Manage Contracts"}},"wdio_ui5_key":"sapm.GenericTile{\"header\":\"Manage Contracts\"}"}]}
RESULT: undefined
COMMAND: POST /session/eabbf40a9b059578e3035111444f40f0/elements - {"using":"xpath","value":"//span[text()='Error']"}
RESULT: {"using":"xpath","value":"//span[text()='Error']"}
COMMAND: POST /session/eabbf40a9b059578e3035111444f40f0/element - {"using":"xpath","value":"//button[@data-kt=\"addButton\"]"}
RESULT: {"using":"xpath","value":"//button[@data-kt=\"addButton\"]"}
COMMAND: POST /session/eabbf40a9b059578e3035111444f40f0/elements - {"using":"xpath","value":"//button[@data-kt=\"addButton\"]"}
RESULT: {"using":"xpath","value":"//button[@data-kt=\"addButton\"]"}
COMMAND: POST /session/eabbf40a9b059578e3035111444f40f0/elements - {"using":"xpath","value":"//button[@data-kt=\"addButton\"]"}
RESULT: {"using":"xpath","value":"//button[@data-kt=\"addButton\"]"}
COMMAND: POST /session/eabbf40a9b059578e3035111444f40f0/elements - {"using":"xpath","value":"//button[@data-kt=\"addButton\"]"}
RESULT: {"using":"xpath","value":"//button[@data-kt=\"addButton\"]"}
COMMAND: POST /session/eabbf40a9b059578e3035111444f40f0/elements - {"using":"xpath","value":"//button[@data-kt=\"addButton\"]"}
RESULT: {"using":"xpath","value":"//button[@data-kt=\"addButton\"]"}
COMMAND: POST /session/eabbf40a9b059578e3035111444f40f0/elements - {"using":"xpath","value":"//button[@data-kt=\"addButton\"]"}
RESULT: {"using":"xpath","value":"//button[@data-kt=\"addButton\"]"}
COMMAND: POST /session/eabbf40a9b059578e3035111444f40f0/elements - {"using":"xpath","value":"//button[@data-kt=\"addButton\"]"}
RESULT: {"using":"xpath","value":"//button[@data-kt=\"addButton\"]"}
COMMAND: POST /session/eabbf40a9b059578e3035111444f40f0/elements - {"using":"xpath","value":"//button[@data-kt=\"addButton\"]"}
RESULT: {"using":"xpath","value":"//button[@data-kt=\"addButton\"]"}
COMMAND: POST /session/eabbf40a9b059578e3035111444f40f0/elements - {"using":"xpath","value":"//button[@data-kt=\"addButton\"]"}
RESULT: {"using":"xpath","value":"//button[@data-kt=\"addButton\"]"}
COMMAND: POST /session/eabbf40a9b059578e3035111444f40f0/elements - {"using":"xpath","value":"//button[@data-kt=\"addButton\"]"}
RESULT: {"using":"xpath","value":"//button[@data-kt=\"addButton\"]"}
COMMAND: POST /session/eabbf40a9b059578e3035111444f40f0/elements - {"using":"xpath","value":"//button[@data-kt=\"addButton\"]"}
RESULT: {"using":"xpath","value":"//button[@data-kt=\"addButton\"]"}
COMMAND: POST /session/eabbf40a9b059578e3035111444f40f0/elements - {"using":"xpath","value":"//button[@data-kt=\"addButton\"]"}
RESULT: {"using":"xpath","value":"//button[@data-kt=\"addButton\"]"}
COMMAND: POST /session/eabbf40a9b059578e3035111444f40f0/elements - {"using":"xpath","value":"//button[@data-kt=\"addButton\"]"}
RESULT: {"using":"xpath","value":"//button[@data-kt=\"addButton\"]"}
COMMAND: POST /session/eabbf40a9b059578e3035111444f40f0/elements - {"using":"xpath","value":"//button[@data-kt=\"addButton\"]"}
RESULT: {"using":"xpath","value":"//button[@data-kt=\"addButton\"]"}
COMMAND: POST /session/eabbf40a9b059578e3035111444f40f0/elements - {"using":"xpath","value":"//button[@data-kt=\"addButton\"]"}
RESULT: {"using":"xpath","value":"//button[@data-kt=\"addButton\"]"}
COMMAND: POST /session/eabbf40a9b059578e3035111444f40f0/elements - {"using":"xpath","value":"//button[@data-kt=\"addButton\"]"}
RESULT: {"using":"xpath","value":"//button[@data-kt=\"addButton\"]"}
COMMAND: POST /session/eabbf40a9b059578e3035111444f40f0/elements - {"using":"xpath","value":"//button[@data-kt=\"addButton\"]"}
RESULT: {"using":"xpath","value":"//button[@data-kt=\"addButton\"]"}
COMMAND: POST /session/eabbf40a9b059578e3035111444f40f0/elements - {"using":"xpath","value":"//button[@data-kt=\"addButton\"]"}
RESULT: {"using":"xpath","value":"//button[@data-kt=\"addButton\"]"}
COMMAND: POST /session/eabbf40a9b059578e3035111444f40f0/elements - {"using":"xpath","value":"//button[@data-kt=\"addButton\"]"}
RESULT: {"using":"xpath","value":"//button[@data-kt=\"addButton\"]"}
COMMAND: POST /session/eabbf40a9b059578e3035111444f40f0/elements - {"using":"xpath","value":"//button[@data-kt=\"addButton\"]"}
RESULT: {"using":"xpath","value":"//button[@data-kt=\"addButton\"]"}
COMMAND: POST /session/eabbf40a9b059578e3035111444f40f0/elements - {"using":"xpath","value":"//button[@data-kt=\"addButton\"]"}
RESULT: {"using":"xpath","value":"//button[@data-kt=\"addButton\"]"}
COMMAND: POST /session/eabbf40a9b059578e3035111444f40f0/elements - {"using":"xpath","value":"//button[@data-kt=\"addButton\"]"}
RESULT: {"using":"xpath","value":"//button[@data-kt=\"addButton\"]"}
COMMAND: POST /session/eabbf40a9b059578e3035111444f40f0/elements - {"using":"xpath","value":"//button[@data-kt=\"addButton\"]"}
RESULT: {"using":"xpath","value":"//button[@data-kt=\"addButton\"]"}
COMMAND: POST /session/eabbf40a9b059578e3035111444f40f0/elements - {"using":"xpath","value":"//button[@data-kt=\"addButton\"]"}
RESULT: {"using":"xpath","value":"//button[@data-kt=\"addButton\"]"}
COMMAND: POST /session/eabbf40a9b059578e3035111444f40f0/elements - {"using":"xpath","value":"//button[@data-kt=\"addButton\"]"}
RESULT: {"using":"xpath","value":"//button[@data-kt=\"addButton\"]"}
COMMAND: POST /session/eabbf40a9b059578e3035111444f40f0/elements - {"using":"xpath","value":"//button[@data-kt=\"addButton\"]"}
RESULT: {"using":"xpath","value":"//button[@data-kt=\"addButton\"]"}
COMMAND: POST /session/eabbf40a9b059578e3035111444f40f0/elements - {"using":"xpath","value":"//button[@data-kt=\"addButton\"]"}
RESULT: {"using":"xpath","value":"//button[@data-kt=\"addButton\"]"}
COMMAND: POST /session/eabbf40a9b059578e3035111444f40f0/elements - {"using":"xpath","value":"//button[@data-kt=\"addButton\"]"}
RESULT: {"using":"xpath","value":"//button[@data-kt=\"addButton\"]"}
COMMAND: POST /session/eabbf40a9b059578e3035111444f40f0/elements - {"using":"xpath","value":"//button[@data-kt=\"addButton\"]"}
RESULT: {"using":"xpath","value":"//button[@data-kt=\"addButton\"]"}
COMMAND: POST /session/eabbf40a9b059578e3035111444f40f0/elements - {"using":"xpath","value":"//button[@data-kt=\"addButton\"]"}
RESULT: {"using":"xpath","value":"//button[@data-kt=\"addButton\"]"}
COMMAND: POST /session/eabbf40a9b059578e3035111444f40f0/elements - {"using":"xpath","value":"//button[@data-kt=\"addButton\"]"}
RESULT: {"using":"xpath","value":"//button[@data-kt=\"addButton\"]"}
COMMAND: POST /session/eabbf40a9b059578e3035111444f40f0/elements - {"using":"xpath","value":"//button[@data-kt=\"addButton\"]"}
RESULT: {"using":"xpath","value":"//button[@data-kt=\"addButton\"]"}
COMMAND: POST /session/eabbf40a9b059578e3035111444f40f0/elements - {"using":"xpath","value":"//button[@data-kt=\"addButton\"]"}
RESULT: {"using":"xpath","value":"//button[@data-kt=\"addButton\"]"}
COMMAND: POST /session/eabbf40a9b059578e3035111444f40f0/elements - {"using":"xpath","value":"//button[@data-kt=\"addButton\"]"}
RESULT: {"using":"xpath","value":"//button[@data-kt=\"addButton\"]"}
COMMAND: POST /session/eabbf40a9b059578e3035111444f40f0/elements - {"using":"xpath","value":"//button[@data-kt=\"addButton\"]"}
RESULT: {"using":"xpath","value":"//button[@data-kt=\"addButton\"]"}
COMMAND: POST /session/eabbf40a9b059578e3035111444f40f0/elements - {"using":"xpath","value":"//button[@data-kt=\"addButton\"]"}
RESULT: {"using":"xpath","value":"//button[@data-kt=\"addButton\"]"}
COMMAND: POST /session/eabbf40a9b059578e3035111444f40f0/elements - {"using":"xpath","value":"//button[@data-kt=\"addButton\"]"}
RESULT: {"using":"xpath","value":"//button[@data-kt=\"addButton\"]"}
COMMAND: POST /session/eabbf40a9b059578e3035111444f40f0/elements - {"using":"xpath","value":"//button[@data-kt=\"addButton\"]"}
RESULT: {"using":"xpath","value":"//button[@data-kt=\"addButton\"]"}
COMMAND: POST /session/eabbf40a9b059578e3035111444f40f0/elements - {"using":"xpath","value":"//button[@data-kt=\"addButton\"]"}
RESULT: {"using":"xpath","value":"//button[@data-kt=\"addButton\"]"}
COMMAND: POST /session/eabbf40a9b059578e3035111444f40f0/elements - {"using":"xpath","value":"//button[@data-kt=\"addButton\"]"}
RESULT: {"using":"xpath","value":"//button[@data-kt=\"addButton\"]"}
COMMAND: POST /session/eabbf40a9b059578e3035111444f40f0/elements - {"using":"xpath","value":"//button[@data-kt=\"addButton\"]"}
RESULT: {"using":"xpath","value":"//button[@data-kt=\"addButton\"]"}
COMMAND: POST /session/eabbf40a9b059578e3035111444f40f0/elements - {"using":"xpath","value":"//button[@data-kt=\"addButton\"]"}
RESULT: {"using":"xpath","value":"//button[@data-kt=\"addButton\"]"}
COMMAND: POST /session/eabbf40a9b059578e3035111444f40f0/elements - {"using":"xpath","value":"//button[@data-kt=\"addButton\"]"}
RESULT: {"using":"xpath","value":"//button[@data-kt=\"addButton\"]"}
COMMAND: POST /session/eabbf40a9b059578e3035111444f40f0/elements - {"using":"xpath","value":"//button[@data-kt=\"addButton\"]"}
RESULT: {"using":"xpath","value":"//button[@data-kt=\"addButton\"]"}
COMMAND: POST /session/eabbf40a9b059578e3035111444f40f0/elements - {"using":"xpath","value":"//button[@data-kt=\"addButton\"]"}
RESULT: {"using":"xpath","value":"//button[@data-kt=\"addButton\"]"}
COMMAND: POST /session/eabbf40a9b059578e3035111444f40f0/elements - {"using":"xpath","value":"//button[@data-kt=\"addButton\"]"}
RESULT: {"using":"xpath","value":"//button[@data-kt=\"addButton\"]"}
COMMAND: POST /session/eabbf40a9b059578e3035111444f40f0/elements - {"using":"xpath","value":"//button[@data-kt=\"addButton\"]"}
RESULT: {"using":"xpath","value":"//button[@data-kt=\"addButton\"]"}
COMMAND: POST /session/eabbf40a9b059578e3035111444f40f0/elements - {"using":"xpath","value":"//button[@data-kt=\"addButton\"]"}
RESULT: {"using":"xpath","value":"//button[@data-kt=\"addButton\"]"}
COMMAND: POST /session/eabbf40a9b059578e3035111444f40f0/elements - {"using":"xpath","value":"//button[@data-kt=\"addButton\"]"}
RESULT: {"using":"xpath","value":"//button[@data-kt=\"addButton\"]"}
COMMAND: POST /session/eabbf40a9b059578e3035111444f40f0/elements - {"using":"xpath","value":"//button[@data-kt=\"addButton\"]"}
RESULT: {"using":"xpath","value":"//button[@data-kt=\"addButton\"]"}
COMMAND: POST /session/eabbf40a9b059578e3035111444f40f0/elements - {"using":"xpath","value":"//button[@data-kt=\"addButton\"]"}
RESULT: {"using":"xpath","value":"//button[@data-kt=\"addButton\"]"}
COMMAND: POST /session/eabbf40a9b059578e3035111444f40f0/elements - {"using":"xpath","value":"//button[@data-kt=\"addButton\"]"}
RESULT: {"using":"xpath","value":"//button[@data-kt=\"addButton\"]"}
COMMAND: POST /session/eabbf40a9b059578e3035111444f40f0/elements - {"using":"xpath","value":"//button[@data-kt=\"addButton\"]"}
RESULT: {"using":"xpath","value":"//button[@data-kt=\"addButton\"]"}
COMMAND: POST /session/eabbf40a9b059578e3035111444f40f0/elements - {"using":"xpath","value":"//button[@data-kt=\"addButton\"]"}
RESULT: {"using":"xpath","value":"//button[@data-kt=\"addButton\"]"}
COMMAND: POST /session/eabbf40a9b059578e3035111444f40f0/elements - {"using":"xpath","value":"//button[@data-kt=\"addButton\"]"}
RESULT: {"using":"xpath","value":"//button[@data-kt=\"addButton\"]"}
COMMAND: POST /session/eabbf40a9b059578e3035111444f40f0/elements - {"using":"xpath","value":"//button[@data-kt=\"addButton\"]"}
RESULT: {"using":"xpath","value":"//button[@data-kt=\"addButton\"]"}
COMMAND: POST /session/eabbf40a9b059578e3035111444f40f0/elements - {"using":"xpath","value":"//button[@data-kt=\"addButton\"]"}
RESULT: {"using":"xpath","value":"//button[@data-kt=\"addButton\"]"}
COMMAND: POST /session/eabbf40a9b059578e3035111444f40f0/elements - {"using":"xpath","value":"//button[@data-kt=\"addButton\"]"}
RESULT: {"using":"xpath","value":"//button[@data-kt=\"addButton\"]"}
COMMAND: POST /session/eabbf40a9b059578e3035111444f40f0/elements - {"using":"xpath","value":"//button[@data-kt=\"addButton\"]"}
RESULT: {"using":"xpath","value":"//button[@data-kt=\"addButton\"]"}
COMMAND: POST /session/eabbf40a9b059578e3035111444f40f0/elements - {"using":"xpath","value":"//button[@data-kt=\"addButton\"]"}
RESULT: {"using":"xpath","value":"//button[@data-kt=\"addButton\"]"}
COMMAND: POST /session/eabbf40a9b059578e3035111444f40f0/elements - {"using":"xpath","value":"//button[@data-kt=\"addButton\"]"}
RESULT: {"using":"xpath","value":"//button[@data-kt=\"addButton\"]"}
COMMAND: POST /session/eabbf40a9b059578e3035111444f40f0/elements - {"using":"xpath","value":"//button[@data-kt=\"addButton\"]"}
RESULT: {"using":"xpath","value":"//button[@data-kt=\"addButton\"]"}
COMMAND: POST /session/eabbf40a9b059578e3035111444f40f0/elements - {"using":"xpath","value":"//button[@data-kt=\"addButton\"]"}
RESULT: {"using":"xpath","value":"//button[@data-kt=\"addButton\"]"}
COMMAND: POST /session/eabbf40a9b059578e3035111444f40f0/elements - {"using":"xpath","value":"//button[@data-kt=\"addButton\"]"}
RESULT: {"using":"xpath","value":"//button[@data-kt=\"addButton\"]"}
COMMAND: POST /session/eabbf40a9b059578e3035111444f40f0/elements - {"using":"xpath","value":"//button[@data-kt=\"addButton\"]"}
RESULT: {"using":"xpath","value":"//button[@data-kt=\"addButton\"]"}
COMMAND: POST /session/eabbf40a9b059578e3035111444f40f0/elements - {"using":"xpath","value":"//button[@data-kt=\"addButton\"]"}
RESULT: {"using":"xpath","value":"//button[@data-kt=\"addButton\"]"}
COMMAND: POST /session/eabbf40a9b059578e3035111444f40f0/elements - {"using":"xpath","value":"//button[@data-kt=\"addButton\"]"}
RESULT: {"using":"xpath","value":"//button[@data-kt=\"addButton\"]"}
COMMAND: POST /session/eabbf40a9b059578e3035111444f40f0/elements - {"using":"xpath","value":"//button[@data-kt=\"addButton\"]"}
RESULT: {"using":"xpath","value":"//button[@data-kt=\"addButton\"]"}
COMMAND: POST /session/eabbf40a9b059578e3035111444f40f0/elements - {"using":"xpath","value":"//button[@data-kt=\"addButton\"]"}
RESULT: {"using":"xpath","value":"//button[@data-kt=\"addButton\"]"}
COMMAND: POST /session/eabbf40a9b059578e3035111444f40f0/elements - {"using":"xpath","value":"//button[@data-kt=\"addButton\"]"}
RESULT: {"using":"xpath","value":"//button[@data-kt=\"addButton\"]"}
COMMAND: POST /session/eabbf40a9b059578e3035111444f40f0/elements - {"using":"xpath","value":"//button[@data-kt=\"addButton\"]"}
RESULT: {"using":"xpath","value":"//button[@data-kt=\"addButton\"]"}
COMMAND: POST /session/eabbf40a9b059578e3035111444f40f0/elements - {"using":"xpath","value":"//button[@data-kt=\"addButton\"]"}
RESULT: {"using":"xpath","value":"//button[@data-kt=\"addButton\"]"}
COMMAND: POST /session/eabbf40a9b059578e3035111444f40f0/elements - {"using":"xpath","value":"//button[@data-kt=\"addButton\"]"}
RESULT: {"using":"xpath","value":"//button[@data-kt=\"addButton\"]"}
COMMAND: POST /session/eabbf40a9b059578e3035111444f40f0/elements - {"using":"xpath","value":"//button[@data-kt=\"addButton\"]"}
RESULT: {"using":"xpath","value":"//button[@data-kt=\"addButton\"]"}
COMMAND: POST /session/eabbf40a9b059578e3035111444f40f0/elements - {"using":"xpath","value":"//button[@data-kt=\"addButton\"]"}
RESULT: {"using":"xpath","value":"//button[@data-kt=\"addButton\"]"}
COMMAND: POST /session/eabbf40a9b059578e3035111444f40f0/elements - {"using":"xpath","value":"//button[@data-kt=\"addButton\"]"}
RESULT: {"using":"xpath","value":"//button[@data-kt=\"addButton\"]"}
COMMAND: POST /session/eabbf40a9b059578e3035111444f40f0/elements - {"using":"xpath","value":"//button[@data-kt=\"addButton\"]"}
RESULT: {"using":"xpath","value":"//button[@data-kt=\"addButton\"]"}
COMMAND: POST /session/eabbf40a9b059578e3035111444f40f0/elements - {"using":"xpath","value":"//button[@data-kt=\"addButton\"]"}
RESULT: {"using":"xpath","value":"//button[@data-kt=\"addButton\"]"}
COMMAND: POST /session/eabbf40a9b059578e3035111444f40f0/elements - {"using":"xpath","value":"//button[@data-kt=\"addButton\"]"}
RESULT: {"using":"xpath","value":"//button[@data-kt=\"addButton\"]"}
COMMAND: POST /session/eabbf40a9b059578e3035111444f40f0/elements - {"using":"xpath","value":"//button[@data-kt=\"addButton\"]"}
RESULT: {"using":"xpath","value":"//button[@data-kt=\"addButton\"]"}
COMMAND: POST /session/eabbf40a9b059578e3035111444f40f0/elements - {"using":"xpath","value":"//button[@data-kt=\"addButton\"]"}
RESULT: {"using":"xpath","value":"//button[@data-kt=\"addButton\"]"}
COMMAND: POST /session/eabbf40a9b059578e3035111444f40f0/elements - {"using":"xpath","value":"//button[@data-kt=\"addButton\"]"}
RESULT: {"using":"xpath","value":"//button[@data-kt=\"addButton\"]"}
COMMAND: POST /session/eabbf40a9b059578e3035111444f40f0/elements - {"using":"xpath","value":"//button[@data-kt=\"addButton\"]"}
RESULT: {"using":"xpath","value":"//button[@data-kt=\"addButton\"]"}
COMMAND: POST /session/eabbf40a9b059578e3035111444f40f0/elements - {"using":"xpath","value":"//button[@data-kt=\"addButton\"]"}
RESULT: {"using":"xpath","value":"//button[@data-kt=\"addButton\"]"}
COMMAND: POST /session/eabbf40a9b059578e3035111444f40f0/elements - {"using":"xpath","value":"//button[@data-kt=\"addButton\"]"}
RESULT: {"using":"xpath","value":"//button[@data-kt=\"addButton\"]"}
COMMAND: POST /session/eabbf40a9b059578e3035111444f40f0/elements - {"using":"xpath","value":"//button[@data-kt=\"addButton\"]"}
RESULT: {"using":"xpath","value":"//button[@data-kt=\"addButton\"]"}
COMMAND: POST /session/eabbf40a9b059578e3035111444f40f0/elements - {"using":"xpath","value":"//button[@data-kt=\"addButton\"]"}
RESULT: {"using":"xpath","value":"//button[@data-kt=\"addButton\"]"}
COMMAND: POST /session/eabbf40a9b059578e3035111444f40f0/elements - {"using":"xpath","value":"//button[@data-kt=\"addButton\"]"}
RESULT: {"using":"xpath","value":"//button[@data-kt=\"addButton\"]"}
COMMAND: POST /session/eabbf40a9b059578e3035111444f40f0/elements - {"using":"xpath","value":"//button[@data-kt=\"addButton\"]"}
RESULT: {"using":"xpath","value":"//button[@data-kt=\"addButton\"]"}
COMMAND: POST /session/eabbf40a9b059578e3035111444f40f0/elements - {"using":"xpath","value":"//button[@data-kt=\"addButton\"]"}
RESULT: {"using":"xpath","value":"//button[@data-kt=\"addButton\"]"}
COMMAND: POST /session/eabbf40a9b059578e3035111444f40f0/elements - {"using":"xpath","value":"//button[@data-kt=\"addButton\"]"}
RESULT: {"using":"xpath","value":"//button[@data-kt=\"addButton\"]"}
COMMAND: GET /session/eabbf40a9b059578e3035111444f40f0/screenshot - {}
RESULT: {}
]]></system-out>
      <system-err><![CDATA[
Error: element ("//button[@data-kt="addButton"]") still not existing after 45000ms
    at async UtilsPrerequisites.contractCreation (D:\a\1\s\test\specs\BTS\prerequisites-and-utils-functions.js:1741:9)
    at async Context.<anonymous> (D:\a\1\s\test\specs\HTR\yard-overview-trigger.spec.js:57:44)
]]></system-err>
    </testcase>
    <testcase classname="chrome.136_0_7103_93.windows.Create_masterdata_for_Yard_Overview_-_trigger_provide_US130988" name="Should add created equipment to contract" time="60.442">
      <failure/>
      <error message="Can't call click on element with selector &quot;//button[@data-kt=&quot;contractDetailEditBtnButton&quot;]&quot; because element wasn't found"/>
      <system-out><![CDATA[
COMMAND: POST /session/eabbf40a9b059578e3035111444f40f0/element - {"using":"xpath","value":"//button[@data-kt=\"contractDetailEditBtnButton\"]"}
COMMAND: GET /session/eabbf40a9b059578e3035111444f40f0/screenshot - {}
RESULT: {"using":"xpath","value":"//button[@data-kt=\"contractDetailEditBtnButton\"]"}
COMMAND: POST /session/eabbf40a9b059578e3035111444f40f0/elements - {"using":"xpath","value":"//button[@data-kt=\"contractDetailEditBtnButton\"]"}
RESULT: {}
RESULT: {"using":"xpath","value":"//button[@data-kt=\"contractDetailEditBtnButton\"]"}
COMMAND: POST /session/eabbf40a9b059578e3035111444f40f0/elements - {"using":"xpath","value":"//button[@data-kt=\"contractDetailEditBtnButton\"]"}
RESULT: {"using":"xpath","value":"//button[@data-kt=\"contractDetailEditBtnButton\"]"}
COMMAND: POST /session/eabbf40a9b059578e3035111444f40f0/elements - {"using":"xpath","value":"//button[@data-kt=\"contractDetailEditBtnButton\"]"}
RESULT: {"using":"xpath","value":"//button[@data-kt=\"contractDetailEditBtnButton\"]"}
COMMAND: POST /session/eabbf40a9b059578e3035111444f40f0/elements - {"using":"xpath","value":"//button[@data-kt=\"contractDetailEditBtnButton\"]"}
RESULT: {"using":"xpath","value":"//button[@data-kt=\"contractDetailEditBtnButton\"]"}
COMMAND: POST /session/eabbf40a9b059578e3035111444f40f0/elements - {"using":"xpath","value":"//button[@data-kt=\"contractDetailEditBtnButton\"]"}
RESULT: {"using":"xpath","value":"//button[@data-kt=\"contractDetailEditBtnButton\"]"}
COMMAND: POST /session/eabbf40a9b059578e3035111444f40f0/elements - {"using":"xpath","value":"//button[@data-kt=\"contractDetailEditBtnButton\"]"}
RESULT: {"using":"xpath","value":"//button[@data-kt=\"contractDetailEditBtnButton\"]"}
COMMAND: POST /session/eabbf40a9b059578e3035111444f40f0/elements - {"using":"xpath","value":"//button[@data-kt=\"contractDetailEditBtnButton\"]"}
RESULT: {"using":"xpath","value":"//button[@data-kt=\"contractDetailEditBtnButton\"]"}
COMMAND: POST /session/eabbf40a9b059578e3035111444f40f0/elements - {"using":"xpath","value":"//button[@data-kt=\"contractDetailEditBtnButton\"]"}
RESULT: {"using":"xpath","value":"//button[@data-kt=\"contractDetailEditBtnButton\"]"}
COMMAND: POST /session/eabbf40a9b059578e3035111444f40f0/elements - {"using":"xpath","value":"//button[@data-kt=\"contractDetailEditBtnButton\"]"}
RESULT: {"using":"xpath","value":"//button[@data-kt=\"contractDetailEditBtnButton\"]"}
COMMAND: POST /session/eabbf40a9b059578e3035111444f40f0/elements - {"using":"xpath","value":"//button[@data-kt=\"contractDetailEditBtnButton\"]"}
RESULT: {"using":"xpath","value":"//button[@data-kt=\"contractDetailEditBtnButton\"]"}
COMMAND: POST /session/eabbf40a9b059578e3035111444f40f0/elements - {"using":"xpath","value":"//button[@data-kt=\"contractDetailEditBtnButton\"]"}
RESULT: {"using":"xpath","value":"//button[@data-kt=\"contractDetailEditBtnButton\"]"}
COMMAND: POST /session/eabbf40a9b059578e3035111444f40f0/elements - {"using":"xpath","value":"//button[@data-kt=\"contractDetailEditBtnButton\"]"}
RESULT: {"using":"xpath","value":"//button[@data-kt=\"contractDetailEditBtnButton\"]"}
COMMAND: POST /session/eabbf40a9b059578e3035111444f40f0/elements - {"using":"xpath","value":"//button[@data-kt=\"contractDetailEditBtnButton\"]"}
RESULT: {"using":"xpath","value":"//button[@data-kt=\"contractDetailEditBtnButton\"]"}
COMMAND: POST /session/eabbf40a9b059578e3035111444f40f0/elements - {"using":"xpath","value":"//button[@data-kt=\"contractDetailEditBtnButton\"]"}
RESULT: {"using":"xpath","value":"//button[@data-kt=\"contractDetailEditBtnButton\"]"}
COMMAND: POST /session/eabbf40a9b059578e3035111444f40f0/elements - {"using":"xpath","value":"//button[@data-kt=\"contractDetailEditBtnButton\"]"}
RESULT: {"using":"xpath","value":"//button[@data-kt=\"contractDetailEditBtnButton\"]"}
COMMAND: POST /session/eabbf40a9b059578e3035111444f40f0/elements - {"using":"xpath","value":"//button[@data-kt=\"contractDetailEditBtnButton\"]"}
RESULT: {"using":"xpath","value":"//button[@data-kt=\"contractDetailEditBtnButton\"]"}
COMMAND: POST /session/eabbf40a9b059578e3035111444f40f0/elements - {"using":"xpath","value":"//button[@data-kt=\"contractDetailEditBtnButton\"]"}
RESULT: {"using":"xpath","value":"//button[@data-kt=\"contractDetailEditBtnButton\"]"}
COMMAND: POST /session/eabbf40a9b059578e3035111444f40f0/elements - {"using":"xpath","value":"//button[@data-kt=\"contractDetailEditBtnButton\"]"}
RESULT: {"using":"xpath","value":"//button[@data-kt=\"contractDetailEditBtnButton\"]"}
COMMAND: POST /session/eabbf40a9b059578e3035111444f40f0/elements - {"using":"xpath","value":"//button[@data-kt=\"contractDetailEditBtnButton\"]"}
RESULT: {"using":"xpath","value":"//button[@data-kt=\"contractDetailEditBtnButton\"]"}
COMMAND: POST /session/eabbf40a9b059578e3035111444f40f0/elements - {"using":"xpath","value":"//button[@data-kt=\"contractDetailEditBtnButton\"]"}
RESULT: {"using":"xpath","value":"//button[@data-kt=\"contractDetailEditBtnButton\"]"}
COMMAND: POST /session/eabbf40a9b059578e3035111444f40f0/elements - {"using":"xpath","value":"//button[@data-kt=\"contractDetailEditBtnButton\"]"}
RESULT: {"using":"xpath","value":"//button[@data-kt=\"contractDetailEditBtnButton\"]"}
COMMAND: POST /session/eabbf40a9b059578e3035111444f40f0/elements - {"using":"xpath","value":"//button[@data-kt=\"contractDetailEditBtnButton\"]"}
RESULT: {"using":"xpath","value":"//button[@data-kt=\"contractDetailEditBtnButton\"]"}
COMMAND: POST /session/eabbf40a9b059578e3035111444f40f0/elements - {"using":"xpath","value":"//button[@data-kt=\"contractDetailEditBtnButton\"]"}
RESULT: {"using":"xpath","value":"//button[@data-kt=\"contractDetailEditBtnButton\"]"}
COMMAND: POST /session/eabbf40a9b059578e3035111444f40f0/elements - {"using":"xpath","value":"//button[@data-kt=\"contractDetailEditBtnButton\"]"}
RESULT: {"using":"xpath","value":"//button[@data-kt=\"contractDetailEditBtnButton\"]"}
COMMAND: POST /session/eabbf40a9b059578e3035111444f40f0/elements - {"using":"xpath","value":"//button[@data-kt=\"contractDetailEditBtnButton\"]"}
RESULT: {"using":"xpath","value":"//button[@data-kt=\"contractDetailEditBtnButton\"]"}
COMMAND: POST /session/eabbf40a9b059578e3035111444f40f0/elements - {"using":"xpath","value":"//button[@data-kt=\"contractDetailEditBtnButton\"]"}
RESULT: {"using":"xpath","value":"//button[@data-kt=\"contractDetailEditBtnButton\"]"}
COMMAND: POST /session/eabbf40a9b059578e3035111444f40f0/elements - {"using":"xpath","value":"//button[@data-kt=\"contractDetailEditBtnButton\"]"}
RESULT: {"using":"xpath","value":"//button[@data-kt=\"contractDetailEditBtnButton\"]"}
COMMAND: POST /session/eabbf40a9b059578e3035111444f40f0/elements - {"using":"xpath","value":"//button[@data-kt=\"contractDetailEditBtnButton\"]"}
RESULT: {"using":"xpath","value":"//button[@data-kt=\"contractDetailEditBtnButton\"]"}
COMMAND: POST /session/eabbf40a9b059578e3035111444f40f0/elements - {"using":"xpath","value":"//button[@data-kt=\"contractDetailEditBtnButton\"]"}
RESULT: {"using":"xpath","value":"//button[@data-kt=\"contractDetailEditBtnButton\"]"}
COMMAND: POST /session/eabbf40a9b059578e3035111444f40f0/elements - {"using":"xpath","value":"//button[@data-kt=\"contractDetailEditBtnButton\"]"}
RESULT: {"using":"xpath","value":"//button[@data-kt=\"contractDetailEditBtnButton\"]"}
COMMAND: POST /session/eabbf40a9b059578e3035111444f40f0/elements - {"using":"xpath","value":"//button[@data-kt=\"contractDetailEditBtnButton\"]"}
RESULT: {"using":"xpath","value":"//button[@data-kt=\"contractDetailEditBtnButton\"]"}
COMMAND: POST /session/eabbf40a9b059578e3035111444f40f0/elements - {"using":"xpath","value":"//button[@data-kt=\"contractDetailEditBtnButton\"]"}
RESULT: {"using":"xpath","value":"//button[@data-kt=\"contractDetailEditBtnButton\"]"}
COMMAND: POST /session/eabbf40a9b059578e3035111444f40f0/elements - {"using":"xpath","value":"//button[@data-kt=\"contractDetailEditBtnButton\"]"}
RESULT: {"using":"xpath","value":"//button[@data-kt=\"contractDetailEditBtnButton\"]"}
COMMAND: POST /session/eabbf40a9b059578e3035111444f40f0/elements - {"using":"xpath","value":"//button[@data-kt=\"contractDetailEditBtnButton\"]"}
RESULT: {"using":"xpath","value":"//button[@data-kt=\"contractDetailEditBtnButton\"]"}
COMMAND: POST /session/eabbf40a9b059578e3035111444f40f0/elements - {"using":"xpath","value":"//button[@data-kt=\"contractDetailEditBtnButton\"]"}
RESULT: {"using":"xpath","value":"//button[@data-kt=\"contractDetailEditBtnButton\"]"}
COMMAND: POST /session/eabbf40a9b059578e3035111444f40f0/elements - {"using":"xpath","value":"//button[@data-kt=\"contractDetailEditBtnButton\"]"}
RESULT: {"using":"xpath","value":"//button[@data-kt=\"contractDetailEditBtnButton\"]"}
COMMAND: POST /session/eabbf40a9b059578e3035111444f40f0/elements - {"using":"xpath","value":"//button[@data-kt=\"contractDetailEditBtnButton\"]"}
RESULT: {"using":"xpath","value":"//button[@data-kt=\"contractDetailEditBtnButton\"]"}
COMMAND: POST /session/eabbf40a9b059578e3035111444f40f0/elements - {"using":"xpath","value":"//button[@data-kt=\"contractDetailEditBtnButton\"]"}
RESULT: {"using":"xpath","value":"//button[@data-kt=\"contractDetailEditBtnButton\"]"}
COMMAND: POST /session/eabbf40a9b059578e3035111444f40f0/elements - {"using":"xpath","value":"//button[@data-kt=\"contractDetailEditBtnButton\"]"}
RESULT: {"using":"xpath","value":"//button[@data-kt=\"contractDetailEditBtnButton\"]"}
COMMAND: POST /session/eabbf40a9b059578e3035111444f40f0/elements - {"using":"xpath","value":"//button[@data-kt=\"contractDetailEditBtnButton\"]"}
RESULT: {"using":"xpath","value":"//button[@data-kt=\"contractDetailEditBtnButton\"]"}
COMMAND: POST /session/eabbf40a9b059578e3035111444f40f0/elements - {"using":"xpath","value":"//button[@data-kt=\"contractDetailEditBtnButton\"]"}
RESULT: {"using":"xpath","value":"//button[@data-kt=\"contractDetailEditBtnButton\"]"}
COMMAND: POST /session/eabbf40a9b059578e3035111444f40f0/elements - {"using":"xpath","value":"//button[@data-kt=\"contractDetailEditBtnButton\"]"}
RESULT: {"using":"xpath","value":"//button[@data-kt=\"contractDetailEditBtnButton\"]"}
COMMAND: POST /session/eabbf40a9b059578e3035111444f40f0/elements - {"using":"xpath","value":"//button[@data-kt=\"contractDetailEditBtnButton\"]"}
RESULT: {"using":"xpath","value":"//button[@data-kt=\"contractDetailEditBtnButton\"]"}
COMMAND: POST /session/eabbf40a9b059578e3035111444f40f0/elements - {"using":"xpath","value":"//button[@data-kt=\"contractDetailEditBtnButton\"]"}
RESULT: {"using":"xpath","value":"//button[@data-kt=\"contractDetailEditBtnButton\"]"}
COMMAND: POST /session/eabbf40a9b059578e3035111444f40f0/elements - {"using":"xpath","value":"//button[@data-kt=\"contractDetailEditBtnButton\"]"}
RESULT: {"using":"xpath","value":"//button[@data-kt=\"contractDetailEditBtnButton\"]"}
COMMAND: POST /session/eabbf40a9b059578e3035111444f40f0/elements - {"using":"xpath","value":"//button[@data-kt=\"contractDetailEditBtnButton\"]"}
RESULT: {"using":"xpath","value":"//button[@data-kt=\"contractDetailEditBtnButton\"]"}
COMMAND: POST /session/eabbf40a9b059578e3035111444f40f0/elements - {"using":"xpath","value":"//button[@data-kt=\"contractDetailEditBtnButton\"]"}
RESULT: {"using":"xpath","value":"//button[@data-kt=\"contractDetailEditBtnButton\"]"}
COMMAND: POST /session/eabbf40a9b059578e3035111444f40f0/elements - {"using":"xpath","value":"//button[@data-kt=\"contractDetailEditBtnButton\"]"}
RESULT: {"using":"xpath","value":"//button[@data-kt=\"contractDetailEditBtnButton\"]"}
COMMAND: POST /session/eabbf40a9b059578e3035111444f40f0/elements - {"using":"xpath","value":"//button[@data-kt=\"contractDetailEditBtnButton\"]"}
RESULT: {"using":"xpath","value":"//button[@data-kt=\"contractDetailEditBtnButton\"]"}
COMMAND: POST /session/eabbf40a9b059578e3035111444f40f0/elements - {"using":"xpath","value":"//button[@data-kt=\"contractDetailEditBtnButton\"]"}
RESULT: {"using":"xpath","value":"//button[@data-kt=\"contractDetailEditBtnButton\"]"}
COMMAND: POST /session/eabbf40a9b059578e3035111444f40f0/elements - {"using":"xpath","value":"//button[@data-kt=\"contractDetailEditBtnButton\"]"}
RESULT: {"using":"xpath","value":"//button[@data-kt=\"contractDetailEditBtnButton\"]"}
COMMAND: POST /session/eabbf40a9b059578e3035111444f40f0/elements - {"using":"xpath","value":"//button[@data-kt=\"contractDetailEditBtnButton\"]"}
RESULT: {"using":"xpath","value":"//button[@data-kt=\"contractDetailEditBtnButton\"]"}
COMMAND: POST /session/eabbf40a9b059578e3035111444f40f0/elements - {"using":"xpath","value":"//button[@data-kt=\"contractDetailEditBtnButton\"]"}
RESULT: {"using":"xpath","value":"//button[@data-kt=\"contractDetailEditBtnButton\"]"}
COMMAND: POST /session/eabbf40a9b059578e3035111444f40f0/elements - {"using":"xpath","value":"//button[@data-kt=\"contractDetailEditBtnButton\"]"}
RESULT: {"using":"xpath","value":"//button[@data-kt=\"contractDetailEditBtnButton\"]"}
COMMAND: POST /session/eabbf40a9b059578e3035111444f40f0/elements - {"using":"xpath","value":"//button[@data-kt=\"contractDetailEditBtnButton\"]"}
RESULT: {"using":"xpath","value":"//button[@data-kt=\"contractDetailEditBtnButton\"]"}
COMMAND: POST /session/eabbf40a9b059578e3035111444f40f0/elements - {"using":"xpath","value":"//button[@data-kt=\"contractDetailEditBtnButton\"]"}
RESULT: {"using":"xpath","value":"//button[@data-kt=\"contractDetailEditBtnButton\"]"}
COMMAND: POST /session/eabbf40a9b059578e3035111444f40f0/elements - {"using":"xpath","value":"//button[@data-kt=\"contractDetailEditBtnButton\"]"}
RESULT: {"using":"xpath","value":"//button[@data-kt=\"contractDetailEditBtnButton\"]"}
COMMAND: POST /session/eabbf40a9b059578e3035111444f40f0/elements - {"using":"xpath","value":"//button[@data-kt=\"contractDetailEditBtnButton\"]"}
RESULT: {"using":"xpath","value":"//button[@data-kt=\"contractDetailEditBtnButton\"]"}
COMMAND: POST /session/eabbf40a9b059578e3035111444f40f0/elements - {"using":"xpath","value":"//button[@data-kt=\"contractDetailEditBtnButton\"]"}
RESULT: {"using":"xpath","value":"//button[@data-kt=\"contractDetailEditBtnButton\"]"}
COMMAND: POST /session/eabbf40a9b059578e3035111444f40f0/elements - {"using":"xpath","value":"//button[@data-kt=\"contractDetailEditBtnButton\"]"}
RESULT: {"using":"xpath","value":"//button[@data-kt=\"contractDetailEditBtnButton\"]"}
COMMAND: POST /session/eabbf40a9b059578e3035111444f40f0/elements - {"using":"xpath","value":"//button[@data-kt=\"contractDetailEditBtnButton\"]"}
RESULT: {"using":"xpath","value":"//button[@data-kt=\"contractDetailEditBtnButton\"]"}
COMMAND: POST /session/eabbf40a9b059578e3035111444f40f0/elements - {"using":"xpath","value":"//button[@data-kt=\"contractDetailEditBtnButton\"]"}
RESULT: {"using":"xpath","value":"//button[@data-kt=\"contractDetailEditBtnButton\"]"}
COMMAND: POST /session/eabbf40a9b059578e3035111444f40f0/elements - {"using":"xpath","value":"//button[@data-kt=\"contractDetailEditBtnButton\"]"}
RESULT: {"using":"xpath","value":"//button[@data-kt=\"contractDetailEditBtnButton\"]"}
COMMAND: POST /session/eabbf40a9b059578e3035111444f40f0/elements - {"using":"xpath","value":"//button[@data-kt=\"contractDetailEditBtnButton\"]"}
RESULT: {"using":"xpath","value":"//button[@data-kt=\"contractDetailEditBtnButton\"]"}
COMMAND: POST /session/eabbf40a9b059578e3035111444f40f0/elements - {"using":"xpath","value":"//button[@data-kt=\"contractDetailEditBtnButton\"]"}
RESULT: {"using":"xpath","value":"//button[@data-kt=\"contractDetailEditBtnButton\"]"}
COMMAND: POST /session/eabbf40a9b059578e3035111444f40f0/elements - {"using":"xpath","value":"//button[@data-kt=\"contractDetailEditBtnButton\"]"}
RESULT: {"using":"xpath","value":"//button[@data-kt=\"contractDetailEditBtnButton\"]"}
COMMAND: POST /session/eabbf40a9b059578e3035111444f40f0/elements - {"using":"xpath","value":"//button[@data-kt=\"contractDetailEditBtnButton\"]"}
RESULT: {"using":"xpath","value":"//button[@data-kt=\"contractDetailEditBtnButton\"]"}
COMMAND: POST /session/eabbf40a9b059578e3035111444f40f0/elements - {"using":"xpath","value":"//button[@data-kt=\"contractDetailEditBtnButton\"]"}
RESULT: {"using":"xpath","value":"//button[@data-kt=\"contractDetailEditBtnButton\"]"}
COMMAND: POST /session/eabbf40a9b059578e3035111444f40f0/elements - {"using":"xpath","value":"//button[@data-kt=\"contractDetailEditBtnButton\"]"}
RESULT: {"using":"xpath","value":"//button[@data-kt=\"contractDetailEditBtnButton\"]"}
COMMAND: POST /session/eabbf40a9b059578e3035111444f40f0/elements - {"using":"xpath","value":"//button[@data-kt=\"contractDetailEditBtnButton\"]"}
RESULT: {"using":"xpath","value":"//button[@data-kt=\"contractDetailEditBtnButton\"]"}
COMMAND: POST /session/eabbf40a9b059578e3035111444f40f0/elements - {"using":"xpath","value":"//button[@data-kt=\"contractDetailEditBtnButton\"]"}
RESULT: {"using":"xpath","value":"//button[@data-kt=\"contractDetailEditBtnButton\"]"}
COMMAND: POST /session/eabbf40a9b059578e3035111444f40f0/elements - {"using":"xpath","value":"//button[@data-kt=\"contractDetailEditBtnButton\"]"}
RESULT: {"using":"xpath","value":"//button[@data-kt=\"contractDetailEditBtnButton\"]"}
COMMAND: POST /session/eabbf40a9b059578e3035111444f40f0/elements - {"using":"xpath","value":"//button[@data-kt=\"contractDetailEditBtnButton\"]"}
RESULT: {"using":"xpath","value":"//button[@data-kt=\"contractDetailEditBtnButton\"]"}
COMMAND: POST /session/eabbf40a9b059578e3035111444f40f0/elements - {"using":"xpath","value":"//button[@data-kt=\"contractDetailEditBtnButton\"]"}
RESULT: {"using":"xpath","value":"//button[@data-kt=\"contractDetailEditBtnButton\"]"}
COMMAND: POST /session/eabbf40a9b059578e3035111444f40f0/elements - {"using":"xpath","value":"//button[@data-kt=\"contractDetailEditBtnButton\"]"}
RESULT: {"using":"xpath","value":"//button[@data-kt=\"contractDetailEditBtnButton\"]"}
COMMAND: POST /session/eabbf40a9b059578e3035111444f40f0/elements - {"using":"xpath","value":"//button[@data-kt=\"contractDetailEditBtnButton\"]"}
RESULT: {"using":"xpath","value":"//button[@data-kt=\"contractDetailEditBtnButton\"]"}
COMMAND: POST /session/eabbf40a9b059578e3035111444f40f0/elements - {"using":"xpath","value":"//button[@data-kt=\"contractDetailEditBtnButton\"]"}
RESULT: {"using":"xpath","value":"//button[@data-kt=\"contractDetailEditBtnButton\"]"}
COMMAND: POST /session/eabbf40a9b059578e3035111444f40f0/elements - {"using":"xpath","value":"//button[@data-kt=\"contractDetailEditBtnButton\"]"}
RESULT: {"using":"xpath","value":"//button[@data-kt=\"contractDetailEditBtnButton\"]"}
COMMAND: POST /session/eabbf40a9b059578e3035111444f40f0/elements - {"using":"xpath","value":"//button[@data-kt=\"contractDetailEditBtnButton\"]"}
RESULT: {"using":"xpath","value":"//button[@data-kt=\"contractDetailEditBtnButton\"]"}
COMMAND: POST /session/eabbf40a9b059578e3035111444f40f0/elements - {"using":"xpath","value":"//button[@data-kt=\"contractDetailEditBtnButton\"]"}
RESULT: {"using":"xpath","value":"//button[@data-kt=\"contractDetailEditBtnButton\"]"}
COMMAND: POST /session/eabbf40a9b059578e3035111444f40f0/elements - {"using":"xpath","value":"//button[@data-kt=\"contractDetailEditBtnButton\"]"}
RESULT: {"using":"xpath","value":"//button[@data-kt=\"contractDetailEditBtnButton\"]"}
COMMAND: POST /session/eabbf40a9b059578e3035111444f40f0/elements - {"using":"xpath","value":"//button[@data-kt=\"contractDetailEditBtnButton\"]"}
RESULT: {"using":"xpath","value":"//button[@data-kt=\"contractDetailEditBtnButton\"]"}
COMMAND: POST /session/eabbf40a9b059578e3035111444f40f0/elements - {"using":"xpath","value":"//button[@data-kt=\"contractDetailEditBtnButton\"]"}
RESULT: {"using":"xpath","value":"//button[@data-kt=\"contractDetailEditBtnButton\"]"}
COMMAND: POST /session/eabbf40a9b059578e3035111444f40f0/elements - {"using":"xpath","value":"//button[@data-kt=\"contractDetailEditBtnButton\"]"}
RESULT: {"using":"xpath","value":"//button[@data-kt=\"contractDetailEditBtnButton\"]"}
COMMAND: POST /session/eabbf40a9b059578e3035111444f40f0/elements - {"using":"xpath","value":"//button[@data-kt=\"contractDetailEditBtnButton\"]"}
RESULT: {"using":"xpath","value":"//button[@data-kt=\"contractDetailEditBtnButton\"]"}
COMMAND: POST /session/eabbf40a9b059578e3035111444f40f0/elements - {"using":"xpath","value":"//button[@data-kt=\"contractDetailEditBtnButton\"]"}
RESULT: {"using":"xpath","value":"//button[@data-kt=\"contractDetailEditBtnButton\"]"}
COMMAND: POST /session/eabbf40a9b059578e3035111444f40f0/elements - {"using":"xpath","value":"//button[@data-kt=\"contractDetailEditBtnButton\"]"}
RESULT: {"using":"xpath","value":"//button[@data-kt=\"contractDetailEditBtnButton\"]"}
COMMAND: POST /session/eabbf40a9b059578e3035111444f40f0/elements - {"using":"xpath","value":"//button[@data-kt=\"contractDetailEditBtnButton\"]"}
RESULT: {"using":"xpath","value":"//button[@data-kt=\"contractDetailEditBtnButton\"]"}
COMMAND: POST /session/eabbf40a9b059578e3035111444f40f0/elements - {"using":"xpath","value":"//button[@data-kt=\"contractDetailEditBtnButton\"]"}
RESULT: {"using":"xpath","value":"//button[@data-kt=\"contractDetailEditBtnButton\"]"}
COMMAND: POST /session/eabbf40a9b059578e3035111444f40f0/elements - {"using":"xpath","value":"//button[@data-kt=\"contractDetailEditBtnButton\"]"}
RESULT: {"using":"xpath","value":"//button[@data-kt=\"contractDetailEditBtnButton\"]"}
COMMAND: POST /session/eabbf40a9b059578e3035111444f40f0/elements - {"using":"xpath","value":"//button[@data-kt=\"contractDetailEditBtnButton\"]"}
RESULT: {"using":"xpath","value":"//button[@data-kt=\"contractDetailEditBtnButton\"]"}
COMMAND: POST /session/eabbf40a9b059578e3035111444f40f0/elements - {"using":"xpath","value":"//button[@data-kt=\"contractDetailEditBtnButton\"]"}
RESULT: {"using":"xpath","value":"//button[@data-kt=\"contractDetailEditBtnButton\"]"}
COMMAND: POST /session/eabbf40a9b059578e3035111444f40f0/elements - {"using":"xpath","value":"//button[@data-kt=\"contractDetailEditBtnButton\"]"}
RESULT: {"using":"xpath","value":"//button[@data-kt=\"contractDetailEditBtnButton\"]"}
COMMAND: POST /session/eabbf40a9b059578e3035111444f40f0/elements - {"using":"xpath","value":"//button[@data-kt=\"contractDetailEditBtnButton\"]"}
RESULT: {"using":"xpath","value":"//button[@data-kt=\"contractDetailEditBtnButton\"]"}
COMMAND: POST /session/eabbf40a9b059578e3035111444f40f0/elements - {"using":"xpath","value":"//button[@data-kt=\"contractDetailEditBtnButton\"]"}
RESULT: {"using":"xpath","value":"//button[@data-kt=\"contractDetailEditBtnButton\"]"}
COMMAND: POST /session/eabbf40a9b059578e3035111444f40f0/elements - {"using":"xpath","value":"//button[@data-kt=\"contractDetailEditBtnButton\"]"}
RESULT: {"using":"xpath","value":"//button[@data-kt=\"contractDetailEditBtnButton\"]"}
COMMAND: POST /session/eabbf40a9b059578e3035111444f40f0/elements - {"using":"xpath","value":"//button[@data-kt=\"contractDetailEditBtnButton\"]"}
RESULT: {"using":"xpath","value":"//button[@data-kt=\"contractDetailEditBtnButton\"]"}
COMMAND: POST /session/eabbf40a9b059578e3035111444f40f0/elements - {"using":"xpath","value":"//button[@data-kt=\"contractDetailEditBtnButton\"]"}
RESULT: {"using":"xpath","value":"//button[@data-kt=\"contractDetailEditBtnButton\"]"}
COMMAND: POST /session/eabbf40a9b059578e3035111444f40f0/elements - {"using":"xpath","value":"//button[@data-kt=\"contractDetailEditBtnButton\"]"}
RESULT: {"using":"xpath","value":"//button[@data-kt=\"contractDetailEditBtnButton\"]"}
COMMAND: POST /session/eabbf40a9b059578e3035111444f40f0/elements - {"using":"xpath","value":"//button[@data-kt=\"contractDetailEditBtnButton\"]"}
RESULT: {"using":"xpath","value":"//button[@data-kt=\"contractDetailEditBtnButton\"]"}
COMMAND: POST /session/eabbf40a9b059578e3035111444f40f0/elements - {"using":"xpath","value":"//button[@data-kt=\"contractDetailEditBtnButton\"]"}
RESULT: {"using":"xpath","value":"//button[@data-kt=\"contractDetailEditBtnButton\"]"}
COMMAND: POST /session/eabbf40a9b059578e3035111444f40f0/elements - {"using":"xpath","value":"//button[@data-kt=\"contractDetailEditBtnButton\"]"}
RESULT: {"using":"xpath","value":"//button[@data-kt=\"contractDetailEditBtnButton\"]"}
COMMAND: POST /session/eabbf40a9b059578e3035111444f40f0/elements - {"using":"xpath","value":"//button[@data-kt=\"contractDetailEditBtnButton\"]"}
RESULT: {"using":"xpath","value":"//button[@data-kt=\"contractDetailEditBtnButton\"]"}
COMMAND: POST /session/eabbf40a9b059578e3035111444f40f0/elements - {"using":"xpath","value":"//button[@data-kt=\"contractDetailEditBtnButton\"]"}
RESULT: {"using":"xpath","value":"//button[@data-kt=\"contractDetailEditBtnButton\"]"}
COMMAND: POST /session/eabbf40a9b059578e3035111444f40f0/elements - {"using":"xpath","value":"//button[@data-kt=\"contractDetailEditBtnButton\"]"}
RESULT: {"using":"xpath","value":"//button[@data-kt=\"contractDetailEditBtnButton\"]"}
COMMAND: POST /session/eabbf40a9b059578e3035111444f40f0/elements - {"using":"xpath","value":"//button[@data-kt=\"contractDetailEditBtnButton\"]"}
RESULT: {"using":"xpath","value":"//button[@data-kt=\"contractDetailEditBtnButton\"]"}
COMMAND: POST /session/eabbf40a9b059578e3035111444f40f0/elements - {"using":"xpath","value":"//button[@data-kt=\"contractDetailEditBtnButton\"]"}
RESULT: {"using":"xpath","value":"//button[@data-kt=\"contractDetailEditBtnButton\"]"}
COMMAND: POST /session/eabbf40a9b059578e3035111444f40f0/elements - {"using":"xpath","value":"//button[@data-kt=\"contractDetailEditBtnButton\"]"}
RESULT: {"using":"xpath","value":"//button[@data-kt=\"contractDetailEditBtnButton\"]"}
COMMAND: POST /session/eabbf40a9b059578e3035111444f40f0/elements - {"using":"xpath","value":"//button[@data-kt=\"contractDetailEditBtnButton\"]"}
RESULT: {"using":"xpath","value":"//button[@data-kt=\"contractDetailEditBtnButton\"]"}
COMMAND: POST /session/eabbf40a9b059578e3035111444f40f0/elements - {"using":"xpath","value":"//button[@data-kt=\"contractDetailEditBtnButton\"]"}
RESULT: {"using":"xpath","value":"//button[@data-kt=\"contractDetailEditBtnButton\"]"}
COMMAND: POST /session/eabbf40a9b059578e3035111444f40f0/elements - {"using":"xpath","value":"//button[@data-kt=\"contractDetailEditBtnButton\"]"}
RESULT: {"using":"xpath","value":"//button[@data-kt=\"contractDetailEditBtnButton\"]"}
COMMAND: POST /session/eabbf40a9b059578e3035111444f40f0/elements - {"using":"xpath","value":"//button[@data-kt=\"contractDetailEditBtnButton\"]"}
RESULT: {"using":"xpath","value":"//button[@data-kt=\"contractDetailEditBtnButton\"]"}
COMMAND: POST /session/eabbf40a9b059578e3035111444f40f0/elements - {"using":"xpath","value":"//button[@data-kt=\"contractDetailEditBtnButton\"]"}
RESULT: {"using":"xpath","value":"//button[@data-kt=\"contractDetailEditBtnButton\"]"}
COMMAND: POST /session/eabbf40a9b059578e3035111444f40f0/elements - {"using":"xpath","value":"//button[@data-kt=\"contractDetailEditBtnButton\"]"}
RESULT: {"using":"xpath","value":"//button[@data-kt=\"contractDetailEditBtnButton\"]"}
COMMAND: POST /session/eabbf40a9b059578e3035111444f40f0/elements - {"using":"xpath","value":"//button[@data-kt=\"contractDetailEditBtnButton\"]"}
RESULT: {"using":"xpath","value":"//button[@data-kt=\"contractDetailEditBtnButton\"]"}
COMMAND: POST /session/eabbf40a9b059578e3035111444f40f0/elements - {"using":"xpath","value":"//button[@data-kt=\"contractDetailEditBtnButton\"]"}
RESULT: {"using":"xpath","value":"//button[@data-kt=\"contractDetailEditBtnButton\"]"}
COMMAND: POST /session/eabbf40a9b059578e3035111444f40f0/elements - {"using":"xpath","value":"//button[@data-kt=\"contractDetailEditBtnButton\"]"}
RESULT: {"using":"xpath","value":"//button[@data-kt=\"contractDetailEditBtnButton\"]"}
COMMAND: POST /session/eabbf40a9b059578e3035111444f40f0/elements - {"using":"xpath","value":"//button[@data-kt=\"contractDetailEditBtnButton\"]"}
RESULT: {"using":"xpath","value":"//button[@data-kt=\"contractDetailEditBtnButton\"]"}
COMMAND: POST /session/eabbf40a9b059578e3035111444f40f0/elements - {"using":"xpath","value":"//button[@data-kt=\"contractDetailEditBtnButton\"]"}
RESULT: {"using":"xpath","value":"//button[@data-kt=\"contractDetailEditBtnButton\"]"}
COMMAND: POST /session/eabbf40a9b059578e3035111444f40f0/elements - {"using":"xpath","value":"//button[@data-kt=\"contractDetailEditBtnButton\"]"}
RESULT: {"using":"xpath","value":"//button[@data-kt=\"contractDetailEditBtnButton\"]"}
COMMAND: POST /session/eabbf40a9b059578e3035111444f40f0/elements - {"using":"xpath","value":"//button[@data-kt=\"contractDetailEditBtnButton\"]"}
RESULT: {"using":"xpath","value":"//button[@data-kt=\"contractDetailEditBtnButton\"]"}
COMMAND: GET /session/eabbf40a9b059578e3035111444f40f0/screenshot - {}
RESULT: {}
]]></system-out>
      <system-err><![CDATA[
Error: Can't call click on element with selector "//button[@data-kt="contractDetailEditBtnButton"]" because element wasn't found
    at async UtilsPrerequisites.addItemToContract (D:\a\1\s\test\specs\BTS\prerequisites-and-utils-functions.js:1852:9)
    at async Context.<anonymous> (D:\a\1\s\test\specs\HTR\yard-overview-trigger.spec.js:61:9)
]]></system-err>
    </testcase>
    <testcase classname="chrome.136_0_7103_93.windows.Create_masterdata_for_Yard_Overview_-_trigger_provide_US130988" name="Navigate to Yard overview and provide the RU" time="106.541">
      <failure/>
      <error message="Can't call setValue on element with selector &quot;//input[contains(@id ,&quot;searchField-I&quot;)]&quot; because element wasn't found"/>
      <system-out><![CDATA[
COMMAND: POST /session/eabbf40a9b059578e3035111444f40f0/execute/async - {"script":"<script> [1562 bytes]","args":[{"selector":{"controlType":"sap.m.GenericTile","properties":{"header":"Yard Overview"}},"wdio_ui5_key":"sapm.GenericTile{\"header\":\"Yard Overview\"}"}]}
COMMAND: GET /session/eabbf40a9b059578e3035111444f40f0/screenshot - {}
RESULT: {"script":"<script> [1562 bytes]","args":[{"selector":{"controlType":"sap.m.GenericTile","properties":{"header":"Yard Overview"}},"wdio_ui5_key":"sapm.GenericTile{\"header\":\"Yard Overview\"}"}]}
RESULT: undefined
RESULT: {}
COMMAND: POST /session/eabbf40a9b059578e3035111444f40f0/elements - {"using":"xpath","value":"//span[text()='Error']"}
RESULT: {"using":"xpath","value":"//span[text()='Error']"}
COMMAND: POST /session/eabbf40a9b059578e3035111444f40f0/element - {"using":"xpath","value":"//input[contains(@id,\"smartFilterBar-btnBasicSearch-I\")]"}
RESULT: {"using":"xpath","value":"//input[contains(@id,\"smartFilterBar-btnBasicSearch-I\")]"}
COMMAND: POST /session/eabbf40a9b059578e3035111444f40f0/elements - {"using":"xpath","value":"//input[contains(@id,\"smartFilterBar-btnBasicSearch-I\")]"}
RESULT: {"using":"xpath","value":"//input[contains(@id,\"smartFilterBar-btnBasicSearch-I\")]"}
COMMAND: POST /session/eabbf40a9b059578e3035111444f40f0/execute/sync - {"script":"<script> [8489 bytes]","args":[{"element-6066-11e4-a52e-4f735466cecf":"f.72F4F884D2456BFAF2BE58644CA6E573.d.EEB1720B16EB333F9F558AA2EBA73697.e.3244","ELEMENT":"f.72F4F884D2456BFAF2BE58644CA6E573.d.EEB1720B16EB333F9F558AA2EBA73697.e.3244"}]}
RESULT: {"script":"<script> [8489 bytes]","args":[{"element-6066-11e4-a52e-4f735466cecf":"f.72F4F884D2456BFAF2BE58644CA6E573.d.EEB1720B16EB333F9F558AA2EBA73697.e.3244","ELEMENT":"f.72F4F884D2456BFAF2BE58644CA6E573.d.EEB1720B16EB333F9F558AA2EBA73697.e.3244"}]}
COMMAND: GET /session/eabbf40a9b059578e3035111444f40f0/element/f.72F4F884D2456BFAF2BE58644CA6E573.d.EEB1720B16EB333F9F558AA2EBA73697.e.3244/enabled - {}
COMMAND: GET /session/eabbf40a9b059578e3035111444f40f0/screenshot - {}
RESULT: {}
COMMAND: POST /session/eabbf40a9b059578e3035111444f40f0/execute/sync - {"script":"<script> [8489 bytes]","args":[{"element-6066-11e4-a52e-4f735466cecf":"f.72F4F884D2456BFAF2BE58644CA6E573.d.EEB1720B16EB333F9F558AA2EBA73697.e.3244","ELEMENT":"f.72F4F884D2456BFAF2BE58644CA6E573.d.EEB1720B16EB333F9F558AA2EBA73697.e.3244"}]}
COMMAND: GET /session/eabbf40a9b059578e3035111444f40f0/screenshot - {}
RESULT: {}
RESULT: {"script":"<script> [8489 bytes]","args":[{"element-6066-11e4-a52e-4f735466cecf":"f.72F4F884D2456BFAF2BE58644CA6E573.d.EEB1720B16EB333F9F558AA2EBA73697.e.3244","ELEMENT":"f.72F4F884D2456BFAF2BE58644CA6E573.d.EEB1720B16EB333F9F558AA2EBA73697.e.3244"}]}
COMMAND: POST /session/eabbf40a9b059578e3035111444f40f0/execute/sync - {"script":"<script> [5351 bytes]","args":[{"element-6066-11e4-a52e-4f735466cecf":"f.72F4F884D2456BFAF2BE58644CA6E573.d.EEB1720B16EB333F9F558AA2EBA73697.e.3244","ELEMENT":"f.72F4F884D2456BFAF2BE58644CA6E573.d.EEB1720B16EB333F9F558AA2EBA73697.e.3244"}]}
COMMAND: GET /session/eabbf40a9b059578e3035111444f40f0/screenshot - {}
RESULT: {}
RESULT: {"script":"<script> [5351 bytes]","args":[{"element-6066-11e4-a52e-4f735466cecf":"f.72F4F884D2456BFAF2BE58644CA6E573.d.EEB1720B16EB333F9F558AA2EBA73697.e.3244","ELEMENT":"f.72F4F884D2456BFAF2BE58644CA6E573.d.EEB1720B16EB333F9F558AA2EBA73697.e.3244"}]}
COMMAND: GET /session/eabbf40a9b059578e3035111444f40f0/screenshot - {}
RESULT: {}
RESULT: {}
COMMAND: POST /session/eabbf40a9b059578e3035111444f40f0/element/f.72F4F884D2456BFAF2BE58644CA6E573.d.EEB1720B16EB333F9F558AA2EBA73697.e.3244/clear - {}
RESULT: {}
COMMAND: POST /session/eabbf40a9b059578e3035111444f40f0/element/f.72F4F884D2456BFAF2BE58644CA6E573.d.EEB1720B16EB333F9F558AA2EBA73697.e.3244/value - {"text":"520"}
COMMAND: GET /session/eabbf40a9b059578e3035111444f40f0/screenshot - {}
RESULT: {"text":"520"}
COMMAND: GET /session/eabbf40a9b059578e3035111444f40f0/screenshot - {}
RESULT: {}
RESULT: {}
COMMAND: POST /session/eabbf40a9b059578e3035111444f40f0/actions - {"actions":[{"id":"action9","type":"key","parameters":{},"actions":[{"type":"keyDown","value":""},{"type":"pause","duration":10},{"type":"keyUp","value":""}]}]}
RESULT: {"actions":[{"id":"action9","type":"key","parameters":{},"actions":[{"type":"keyDown","value":""},{"type":"pause","duration":10},{"type":"keyUp","value":""}]}]}
COMMAND: GET /session/eabbf40a9b059578e3035111444f40f0/screenshot - {}
RESULT: {}
COMMAND: POST /session/eabbf40a9b059578e3035111444f40f0/element - {"using":"xpath","value":"//span[contains(@id, \"smartTable-header-inner\")]"}
RESULT: {"using":"xpath","value":"//span[contains(@id, \"smartTable-header-inner\")]"}
COMMAND: POST /session/eabbf40a9b059578e3035111444f40f0/elements - {"using":"xpath","value":"//span[contains(@id, \"smartTable-header-inner\")]"}
RESULT: {"using":"xpath","value":"//span[contains(@id, \"smartTable-header-inner\")]"}
COMMAND: POST /session/eabbf40a9b059578e3035111444f40f0/execute/sync - {"script":"<script> [56 bytes]","args":[{"element-6066-11e4-a52e-4f735466cecf":"f.72F4F884D2456BFAF2BE58644CA6E573.d.EEB1720B16EB333F9F558AA2EBA73697.e.3670","ELEMENT":"f.72F4F884D2456BFAF2BE58644CA6E573.d.EEB1720B16EB333F9F558AA2EBA73697.e.3670"}]}
RESULT: {"script":"<script> [56 bytes]","args":[{"element-6066-11e4-a52e-4f735466cecf":"f.72F4F884D2456BFAF2BE58644CA6E573.d.EEB1720B16EB333F9F558AA2EBA73697.e.3670","ELEMENT":"f.72F4F884D2456BFAF2BE58644CA6E573.d.EEB1720B16EB333F9F558AA2EBA73697.e.3670"}]}
COMMAND: POST /session/eabbf40a9b059578e3035111444f40f0/element - {"using":"xpath","value":"(//span[contains(@id, \"imgNav\")])[1]"}
COMMAND: GET /session/eabbf40a9b059578e3035111444f40f0/screenshot - {}
RESULT: {"using":"xpath","value":"(//span[contains(@id, \"imgNav\")])[1]"}
COMMAND: POST /session/eabbf40a9b059578e3035111444f40f0/element/f.72F4F884D2456BFAF2BE58644CA6E573.d.EEB1720B16EB333F9F558AA2EBA73697.e.3295/click - {}
RESULT: {}
RESULT: {}
COMMAND: GET /session/eabbf40a9b059578e3035111444f40f0/screenshot - {}
RESULT: {}
COMMAND: POST /session/eabbf40a9b059578e3035111444f40f0/execute/async - {"script":"<script> [1562 bytes]","args":[{"selector":{"id":"application-yardoverview-display-component---detailYardInventory--openProvides-triggerAction-provideBtn","interaction":{"idSuffix":"BDI-content"}},"wdio_ui5_key":"applicationyardoverview-display-component---detailYardInventory--openProvides-triggerAction-provideBtn"}]}
RESULT: {"script":"<script> [1562 bytes]","args":[{"selector":{"id":"application-yardoverview-display-component---detailYardInventory--openProvides-triggerAction-provideBtn","interaction":{"idSuffix":"BDI-content"}},"wdio_ui5_key":"applicationyardoverview-display-component---detailYardInventory--openProvides-triggerAction-provideBtn"}]}
RESULT: undefined
COMMAND: POST /session/eabbf40a9b059578e3035111444f40f0/execute/async - {"script":"<script> [1562 bytes]","args":[{"selector":{"controlType":"sap.m.CheckBox","viewName":"etm.portal.ui.yardoverview.view.Detail","viewId":"application-yardoverview-display-component---detailYardInventory","properties":{"editable":true},"ancestor":{"controlType":"sap.m.ColumnListItem","viewName":"etm.portal.ui.yardoverview.view.Detail","viewId":"application-yardoverview-display-component---detailYardInventory","bindingPath":{"path":"/SmartOpenRUYardInventory(CONTRACT='null',ITEM=10m,SUB_ITEM=0m)"},"ancestor":{"id":"application-yardoverview-display-component---detailYardInventory--customProvidesTable"}},"interaction":{"idSuffix":"CbBg"}},"wdio_ui5_key":"etmportal.ui.yardoverview.view.Detailsap.m.CheckBox{\"editable\":true}{\"controlType\":\"sap.m.ColumnListItem\",\"viewName\":\"etm.portal.ui.yardoverview.view.Detail\",\"viewId\":\"application-yardoverview-display-component---detailYardInventory\",\"bindingPath\":{\"path\":\"/SmartOpenRUYardInventory(CONTRACT='null',ITEM=10m,SUB_ITEM=0m)\"},\"ancestor\":{\"id\":\"application-yardoverview-display-component---detailYardInventory--customProvidesTable\"}}"}]}
RESULT: {"script":"<script> [1562 bytes]","args":[{"selector":{"controlType":"sap.m.CheckBox","viewName":"etm.portal.ui.yardoverview.view.Detail","viewId":"application-yardoverview-display-component---detailYardInventory","properties":{"editable":true},"ancestor":{"controlType":"sap.m.ColumnListItem","viewName":"etm.portal.ui.yardoverview.view.Detail","viewId":"application-yardoverview-display-component---detailYardInventory","bindingPath":{"path":"/SmartOpenRUYardInventory(CONTRACT='null',ITEM=10m,SUB_ITEM=0m)"},"ancestor":{"id":"application-yardoverview-display-component---detailYardInventory--customProvidesTable"}},"interaction":{"idSuffix":"CbBg"}},"wdio_ui5_key":"etmportal.ui.yardoverview.view.Detailsap.m.CheckBox{\"editable\":true}{\"controlType\":\"sap.m.ColumnListItem\",\"viewName\":\"etm.portal.ui.yardoverview.view.Detail\",\"viewId\":\"application-yardoverview-display-component---detailYardInventory\",\"bindingPath\":{\"path\":\"/SmartOpenRUYardInventory(CONTRACT='null',ITEM=10m,SUB_ITEM=0m)\"},\"ancestor\":{\"id\":\"application-yardoverview-display-component---detailYardInventory--customProvidesTable\"}}"}]}
RESULT: undefined
RESULT: undefined
COMMAND: POST /session/eabbf40a9b059578e3035111444f40f0/actions - {"actions":[{"id":"action10","type":"key","parameters":{},"actions":[{"type":"keyDown","value":""},{"type":"pause","duration":10},{"type":"keyUp","value":""}]}]}
RESULT: {"actions":[{"id":"action10","type":"key","parameters":{},"actions":[{"type":"keyDown","value":""},{"type":"pause","duration":10},{"type":"keyUp","value":""}]}]}
COMMAND: GET /session/eabbf40a9b059578e3035111444f40f0/screenshot - {}
RESULT: {}
COMMAND: POST /session/eabbf40a9b059578e3035111444f40f0/execute/async - {"script":"<script> [1562 bytes]","args":[{"selector":{"id":"application-yardoverview-display-component---detailYardInventory--smartTableProvides-btnPersonalisation-img"},"wdio_ui5_key":"applicationyardoverview-display-component---detailYardInventory--smartTableProvides-btnPersonalisation-img"}]}
RESULT: {"script":"<script> [1562 bytes]","args":[{"selector":{"id":"application-yardoverview-display-component---detailYardInventory--smartTableProvides-btnPersonalisation-img"},"wdio_ui5_key":"applicationyardoverview-display-component---detailYardInventory--smartTableProvides-btnPersonalisation-img"}]}
RESULT: undefined
COMMAND: POST /session/eabbf40a9b059578e3035111444f40f0/element - {"using":"xpath","value":"//input[contains(@id ,\"searchField-I\")]"}
RESULT: {"using":"xpath","value":"//input[contains(@id ,\"searchField-I\")]"}
COMMAND: POST /session/eabbf40a9b059578e3035111444f40f0/elements - {"using":"xpath","value":"//input[contains(@id ,\"searchField-I\")]"}
RESULT: {"using":"xpath","value":"//input[contains(@id ,\"searchField-I\")]"}
COMMAND: POST /session/eabbf40a9b059578e3035111444f40f0/elements - {"using":"xpath","value":"//input[contains(@id ,\"searchField-I\")]"}
RESULT: {"using":"xpath","value":"//input[contains(@id ,\"searchField-I\")]"}
COMMAND: POST /session/eabbf40a9b059578e3035111444f40f0/elements - {"using":"xpath","value":"//input[contains(@id ,\"searchField-I\")]"}
RESULT: {"using":"xpath","value":"//input[contains(@id ,\"searchField-I\")]"}
COMMAND: POST /session/eabbf40a9b059578e3035111444f40f0/elements - {"using":"xpath","value":"//input[contains(@id ,\"searchField-I\")]"}
RESULT: {"using":"xpath","value":"//input[contains(@id ,\"searchField-I\")]"}
COMMAND: POST /session/eabbf40a9b059578e3035111444f40f0/elements - {"using":"xpath","value":"//input[contains(@id ,\"searchField-I\")]"}
RESULT: {"using":"xpath","value":"//input[contains(@id ,\"searchField-I\")]"}
COMMAND: POST /session/eabbf40a9b059578e3035111444f40f0/elements - {"using":"xpath","value":"//input[contains(@id ,\"searchField-I\")]"}
RESULT: {"using":"xpath","value":"//input[contains(@id ,\"searchField-I\")]"}
COMMAND: POST /session/eabbf40a9b059578e3035111444f40f0/elements - {"using":"xpath","value":"//input[contains(@id ,\"searchField-I\")]"}
RESULT: {"using":"xpath","value":"//input[contains(@id ,\"searchField-I\")]"}
COMMAND: POST /session/eabbf40a9b059578e3035111444f40f0/elements - {"using":"xpath","value":"//input[contains(@id ,\"searchField-I\")]"}
RESULT: {"using":"xpath","value":"//input[contains(@id ,\"searchField-I\")]"}
COMMAND: POST /session/eabbf40a9b059578e3035111444f40f0/elements - {"using":"xpath","value":"//input[contains(@id ,\"searchField-I\")]"}
RESULT: {"using":"xpath","value":"//input[contains(@id ,\"searchField-I\")]"}
COMMAND: POST /session/eabbf40a9b059578e3035111444f40f0/elements - {"using":"xpath","value":"//input[contains(@id ,\"searchField-I\")]"}
RESULT: {"using":"xpath","value":"//input[contains(@id ,\"searchField-I\")]"}
COMMAND: POST /session/eabbf40a9b059578e3035111444f40f0/elements - {"using":"xpath","value":"//input[contains(@id ,\"searchField-I\")]"}
RESULT: {"using":"xpath","value":"//input[contains(@id ,\"searchField-I\")]"}
COMMAND: POST /session/eabbf40a9b059578e3035111444f40f0/elements - {"using":"xpath","value":"//input[contains(@id ,\"searchField-I\")]"}
RESULT: {"using":"xpath","value":"//input[contains(@id ,\"searchField-I\")]"}
COMMAND: POST /session/eabbf40a9b059578e3035111444f40f0/elements - {"using":"xpath","value":"//input[contains(@id ,\"searchField-I\")]"}
RESULT: {"using":"xpath","value":"//input[contains(@id ,\"searchField-I\")]"}
COMMAND: POST /session/eabbf40a9b059578e3035111444f40f0/elements - {"using":"xpath","value":"//input[contains(@id ,\"searchField-I\")]"}
RESULT: {"using":"xpath","value":"//input[contains(@id ,\"searchField-I\")]"}
COMMAND: POST /session/eabbf40a9b059578e3035111444f40f0/elements - {"using":"xpath","value":"//input[contains(@id ,\"searchField-I\")]"}
RESULT: {"using":"xpath","value":"//input[contains(@id ,\"searchField-I\")]"}
COMMAND: POST /session/eabbf40a9b059578e3035111444f40f0/elements - {"using":"xpath","value":"//input[contains(@id ,\"searchField-I\")]"}
RESULT: {"using":"xpath","value":"//input[contains(@id ,\"searchField-I\")]"}
COMMAND: POST /session/eabbf40a9b059578e3035111444f40f0/elements - {"using":"xpath","value":"//input[contains(@id ,\"searchField-I\")]"}
RESULT: {"using":"xpath","value":"//input[contains(@id ,\"searchField-I\")]"}
COMMAND: POST /session/eabbf40a9b059578e3035111444f40f0/elements - {"using":"xpath","value":"//input[contains(@id ,\"searchField-I\")]"}
RESULT: {"using":"xpath","value":"//input[contains(@id ,\"searchField-I\")]"}
COMMAND: POST /session/eabbf40a9b059578e3035111444f40f0/elements - {"using":"xpath","value":"//input[contains(@id ,\"searchField-I\")]"}
RESULT: {"using":"xpath","value":"//input[contains(@id ,\"searchField-I\")]"}
COMMAND: POST /session/eabbf40a9b059578e3035111444f40f0/elements - {"using":"xpath","value":"//input[contains(@id ,\"searchField-I\")]"}
RESULT: {"using":"xpath","value":"//input[contains(@id ,\"searchField-I\")]"}
COMMAND: POST /session/eabbf40a9b059578e3035111444f40f0/elements - {"using":"xpath","value":"//input[contains(@id ,\"searchField-I\")]"}
RESULT: {"using":"xpath","value":"//input[contains(@id ,\"searchField-I\")]"}
COMMAND: POST /session/eabbf40a9b059578e3035111444f40f0/elements - {"using":"xpath","value":"//input[contains(@id ,\"searchField-I\")]"}
RESULT: {"using":"xpath","value":"//input[contains(@id ,\"searchField-I\")]"}
COMMAND: POST /session/eabbf40a9b059578e3035111444f40f0/elements - {"using":"xpath","value":"//input[contains(@id ,\"searchField-I\")]"}
RESULT: {"using":"xpath","value":"//input[contains(@id ,\"searchField-I\")]"}
COMMAND: POST /session/eabbf40a9b059578e3035111444f40f0/elements - {"using":"xpath","value":"//input[contains(@id ,\"searchField-I\")]"}
RESULT: {"using":"xpath","value":"//input[contains(@id ,\"searchField-I\")]"}
COMMAND: POST /session/eabbf40a9b059578e3035111444f40f0/elements - {"using":"xpath","value":"//input[contains(@id ,\"searchField-I\")]"}
RESULT: {"using":"xpath","value":"//input[contains(@id ,\"searchField-I\")]"}
COMMAND: POST /session/eabbf40a9b059578e3035111444f40f0/elements - {"using":"xpath","value":"//input[contains(@id ,\"searchField-I\")]"}
RESULT: {"using":"xpath","value":"//input[contains(@id ,\"searchField-I\")]"}
COMMAND: POST /session/eabbf40a9b059578e3035111444f40f0/elements - {"using":"xpath","value":"//input[contains(@id ,\"searchField-I\")]"}
RESULT: {"using":"xpath","value":"//input[contains(@id ,\"searchField-I\")]"}
COMMAND: POST /session/eabbf40a9b059578e3035111444f40f0/elements - {"using":"xpath","value":"//input[contains(@id ,\"searchField-I\")]"}
RESULT: {"using":"xpath","value":"//input[contains(@id ,\"searchField-I\")]"}
COMMAND: POST /session/eabbf40a9b059578e3035111444f40f0/elements - {"using":"xpath","value":"//input[contains(@id ,\"searchField-I\")]"}
RESULT: {"using":"xpath","value":"//input[contains(@id ,\"searchField-I\")]"}
COMMAND: POST /session/eabbf40a9b059578e3035111444f40f0/elements - {"using":"xpath","value":"//input[contains(@id ,\"searchField-I\")]"}
RESULT: {"using":"xpath","value":"//input[contains(@id ,\"searchField-I\")]"}
COMMAND: POST /session/eabbf40a9b059578e3035111444f40f0/elements - {"using":"xpath","value":"//input[contains(@id ,\"searchField-I\")]"}
RESULT: {"using":"xpath","value":"//input[contains(@id ,\"searchField-I\")]"}
COMMAND: POST /session/eabbf40a9b059578e3035111444f40f0/elements - {"using":"xpath","value":"//input[contains(@id ,\"searchField-I\")]"}
RESULT: {"using":"xpath","value":"//input[contains(@id ,\"searchField-I\")]"}
COMMAND: POST /session/eabbf40a9b059578e3035111444f40f0/elements - {"using":"xpath","value":"//input[contains(@id ,\"searchField-I\")]"}
RESULT: {"using":"xpath","value":"//input[contains(@id ,\"searchField-I\")]"}
COMMAND: POST /session/eabbf40a9b059578e3035111444f40f0/elements - {"using":"xpath","value":"//input[contains(@id ,\"searchField-I\")]"}
RESULT: {"using":"xpath","value":"//input[contains(@id ,\"searchField-I\")]"}
COMMAND: POST /session/eabbf40a9b059578e3035111444f40f0/elements - {"using":"xpath","value":"//input[contains(@id ,\"searchField-I\")]"}
RESULT: {"using":"xpath","value":"//input[contains(@id ,\"searchField-I\")]"}
COMMAND: POST /session/eabbf40a9b059578e3035111444f40f0/elements - {"using":"xpath","value":"//input[contains(@id ,\"searchField-I\")]"}
RESULT: {"using":"xpath","value":"//input[contains(@id ,\"searchField-I\")]"}
COMMAND: POST /session/eabbf40a9b059578e3035111444f40f0/elements - {"using":"xpath","value":"//input[contains(@id ,\"searchField-I\")]"}
RESULT: {"using":"xpath","value":"//input[contains(@id ,\"searchField-I\")]"}
COMMAND: POST /session/eabbf40a9b059578e3035111444f40f0/elements - {"using":"xpath","value":"//input[contains(@id ,\"searchField-I\")]"}
RESULT: {"using":"xpath","value":"//input[contains(@id ,\"searchField-I\")]"}
COMMAND: POST /session/eabbf40a9b059578e3035111444f40f0/elements - {"using":"xpath","value":"//input[contains(@id ,\"searchField-I\")]"}
RESULT: {"using":"xpath","value":"//input[contains(@id ,\"searchField-I\")]"}
COMMAND: POST /session/eabbf40a9b059578e3035111444f40f0/elements - {"using":"xpath","value":"//input[contains(@id ,\"searchField-I\")]"}
RESULT: {"using":"xpath","value":"//input[contains(@id ,\"searchField-I\")]"}
COMMAND: POST /session/eabbf40a9b059578e3035111444f40f0/elements - {"using":"xpath","value":"//input[contains(@id ,\"searchField-I\")]"}
RESULT: {"using":"xpath","value":"//input[contains(@id ,\"searchField-I\")]"}
COMMAND: POST /session/eabbf40a9b059578e3035111444f40f0/elements - {"using":"xpath","value":"//input[contains(@id ,\"searchField-I\")]"}
RESULT: {"using":"xpath","value":"//input[contains(@id ,\"searchField-I\")]"}
COMMAND: POST /session/eabbf40a9b059578e3035111444f40f0/elements - {"using":"xpath","value":"//input[contains(@id ,\"searchField-I\")]"}
RESULT: {"using":"xpath","value":"//input[contains(@id ,\"searchField-I\")]"}
COMMAND: POST /session/eabbf40a9b059578e3035111444f40f0/elements - {"using":"xpath","value":"//input[contains(@id ,\"searchField-I\")]"}
RESULT: {"using":"xpath","value":"//input[contains(@id ,\"searchField-I\")]"}
COMMAND: POST /session/eabbf40a9b059578e3035111444f40f0/elements - {"using":"xpath","value":"//input[contains(@id ,\"searchField-I\")]"}
RESULT: {"using":"xpath","value":"//input[contains(@id ,\"searchField-I\")]"}
COMMAND: POST /session/eabbf40a9b059578e3035111444f40f0/elements - {"using":"xpath","value":"//input[contains(@id ,\"searchField-I\")]"}
RESULT: {"using":"xpath","value":"//input[contains(@id ,\"searchField-I\")]"}
COMMAND: POST /session/eabbf40a9b059578e3035111444f40f0/elements - {"using":"xpath","value":"//input[contains(@id ,\"searchField-I\")]"}
RESULT: {"using":"xpath","value":"//input[contains(@id ,\"searchField-I\")]"}
COMMAND: POST /session/eabbf40a9b059578e3035111444f40f0/elements - {"using":"xpath","value":"//input[contains(@id ,\"searchField-I\")]"}
RESULT: {"using":"xpath","value":"//input[contains(@id ,\"searchField-I\")]"}
COMMAND: POST /session/eabbf40a9b059578e3035111444f40f0/elements - {"using":"xpath","value":"//input[contains(@id ,\"searchField-I\")]"}
RESULT: {"using":"xpath","value":"//input[contains(@id ,\"searchField-I\")]"}
COMMAND: POST /session/eabbf40a9b059578e3035111444f40f0/elements - {"using":"xpath","value":"//input[contains(@id ,\"searchField-I\")]"}
RESULT: {"using":"xpath","value":"//input[contains(@id ,\"searchField-I\")]"}
COMMAND: POST /session/eabbf40a9b059578e3035111444f40f0/elements - {"using":"xpath","value":"//input[contains(@id ,\"searchField-I\")]"}
RESULT: {"using":"xpath","value":"//input[contains(@id ,\"searchField-I\")]"}
COMMAND: POST /session/eabbf40a9b059578e3035111444f40f0/elements - {"using":"xpath","value":"//input[contains(@id ,\"searchField-I\")]"}
RESULT: {"using":"xpath","value":"//input[contains(@id ,\"searchField-I\")]"}
COMMAND: POST /session/eabbf40a9b059578e3035111444f40f0/elements - {"using":"xpath","value":"//input[contains(@id ,\"searchField-I\")]"}
RESULT: {"using":"xpath","value":"//input[contains(@id ,\"searchField-I\")]"}
COMMAND: POST /session/eabbf40a9b059578e3035111444f40f0/elements - {"using":"xpath","value":"//input[contains(@id ,\"searchField-I\")]"}
RESULT: {"using":"xpath","value":"//input[contains(@id ,\"searchField-I\")]"}
COMMAND: POST /session/eabbf40a9b059578e3035111444f40f0/elements - {"using":"xpath","value":"//input[contains(@id ,\"searchField-I\")]"}
RESULT: {"using":"xpath","value":"//input[contains(@id ,\"searchField-I\")]"}
COMMAND: POST /session/eabbf40a9b059578e3035111444f40f0/elements - {"using":"xpath","value":"//input[contains(@id ,\"searchField-I\")]"}
RESULT: {"using":"xpath","value":"//input[contains(@id ,\"searchField-I\")]"}
COMMAND: POST /session/eabbf40a9b059578e3035111444f40f0/elements - {"using":"xpath","value":"//input[contains(@id ,\"searchField-I\")]"}
RESULT: {"using":"xpath","value":"//input[contains(@id ,\"searchField-I\")]"}
COMMAND: POST /session/eabbf40a9b059578e3035111444f40f0/elements - {"using":"xpath","value":"//input[contains(@id ,\"searchField-I\")]"}
RESULT: {"using":"xpath","value":"//input[contains(@id ,\"searchField-I\")]"}
COMMAND: POST /session/eabbf40a9b059578e3035111444f40f0/elements - {"using":"xpath","value":"//input[contains(@id ,\"searchField-I\")]"}
RESULT: {"using":"xpath","value":"//input[contains(@id ,\"searchField-I\")]"}
COMMAND: POST /session/eabbf40a9b059578e3035111444f40f0/elements - {"using":"xpath","value":"//input[contains(@id ,\"searchField-I\")]"}
RESULT: {"using":"xpath","value":"//input[contains(@id ,\"searchField-I\")]"}
COMMAND: POST /session/eabbf40a9b059578e3035111444f40f0/elements - {"using":"xpath","value":"//input[contains(@id ,\"searchField-I\")]"}
RESULT: {"using":"xpath","value":"//input[contains(@id ,\"searchField-I\")]"}
COMMAND: POST /session/eabbf40a9b059578e3035111444f40f0/elements - {"using":"xpath","value":"//input[contains(@id ,\"searchField-I\")]"}
RESULT: {"using":"xpath","value":"//input[contains(@id ,\"searchField-I\")]"}
COMMAND: POST /session/eabbf40a9b059578e3035111444f40f0/elements - {"using":"xpath","value":"//input[contains(@id ,\"searchField-I\")]"}
RESULT: {"using":"xpath","value":"//input[contains(@id ,\"searchField-I\")]"}
COMMAND: POST /session/eabbf40a9b059578e3035111444f40f0/elements - {"using":"xpath","value":"//input[contains(@id ,\"searchField-I\")]"}
RESULT: {"using":"xpath","value":"//input[contains(@id ,\"searchField-I\")]"}
COMMAND: POST /session/eabbf40a9b059578e3035111444f40f0/elements - {"using":"xpath","value":"//input[contains(@id ,\"searchField-I\")]"}
RESULT: {"using":"xpath","value":"//input[contains(@id ,\"searchField-I\")]"}
COMMAND: POST /session/eabbf40a9b059578e3035111444f40f0/elements - {"using":"xpath","value":"//input[contains(@id ,\"searchField-I\")]"}
RESULT: {"using":"xpath","value":"//input[contains(@id ,\"searchField-I\")]"}
COMMAND: POST /session/eabbf40a9b059578e3035111444f40f0/elements - {"using":"xpath","value":"//input[contains(@id ,\"searchField-I\")]"}
RESULT: {"using":"xpath","value":"//input[contains(@id ,\"searchField-I\")]"}
COMMAND: POST /session/eabbf40a9b059578e3035111444f40f0/elements - {"using":"xpath","value":"//input[contains(@id ,\"searchField-I\")]"}
RESULT: {"using":"xpath","value":"//input[contains(@id ,\"searchField-I\")]"}
COMMAND: POST /session/eabbf40a9b059578e3035111444f40f0/elements - {"using":"xpath","value":"//input[contains(@id ,\"searchField-I\")]"}
RESULT: {"using":"xpath","value":"//input[contains(@id ,\"searchField-I\")]"}
COMMAND: POST /session/eabbf40a9b059578e3035111444f40f0/elements - {"using":"xpath","value":"//input[contains(@id ,\"searchField-I\")]"}
RESULT: {"using":"xpath","value":"//input[contains(@id ,\"searchField-I\")]"}
COMMAND: POST /session/eabbf40a9b059578e3035111444f40f0/elements - {"using":"xpath","value":"//input[contains(@id ,\"searchField-I\")]"}
RESULT: {"using":"xpath","value":"//input[contains(@id ,\"searchField-I\")]"}
COMMAND: POST /session/eabbf40a9b059578e3035111444f40f0/elements - {"using":"xpath","value":"//input[contains(@id ,\"searchField-I\")]"}
RESULT: {"using":"xpath","value":"//input[contains(@id ,\"searchField-I\")]"}
COMMAND: POST /session/eabbf40a9b059578e3035111444f40f0/elements - {"using":"xpath","value":"//input[contains(@id ,\"searchField-I\")]"}
RESULT: {"using":"xpath","value":"//input[contains(@id ,\"searchField-I\")]"}
COMMAND: POST /session/eabbf40a9b059578e3035111444f40f0/elements - {"using":"xpath","value":"//input[contains(@id ,\"searchField-I\")]"}
RESULT: {"using":"xpath","value":"//input[contains(@id ,\"searchField-I\")]"}
COMMAND: POST /session/eabbf40a9b059578e3035111444f40f0/elements - {"using":"xpath","value":"//input[contains(@id ,\"searchField-I\")]"}
RESULT: {"using":"xpath","value":"//input[contains(@id ,\"searchField-I\")]"}
COMMAND: POST /session/eabbf40a9b059578e3035111444f40f0/elements - {"using":"xpath","value":"//input[contains(@id ,\"searchField-I\")]"}
RESULT: {"using":"xpath","value":"//input[contains(@id ,\"searchField-I\")]"}
COMMAND: POST /session/eabbf40a9b059578e3035111444f40f0/elements - {"using":"xpath","value":"//input[contains(@id ,\"searchField-I\")]"}
RESULT: {"using":"xpath","value":"//input[contains(@id ,\"searchField-I\")]"}
COMMAND: POST /session/eabbf40a9b059578e3035111444f40f0/elements - {"using":"xpath","value":"//input[contains(@id ,\"searchField-I\")]"}
RESULT: {"using":"xpath","value":"//input[contains(@id ,\"searchField-I\")]"}
COMMAND: POST /session/eabbf40a9b059578e3035111444f40f0/elements - {"using":"xpath","value":"//input[contains(@id ,\"searchField-I\")]"}
RESULT: {"using":"xpath","value":"//input[contains(@id ,\"searchField-I\")]"}
COMMAND: POST /session/eabbf40a9b059578e3035111444f40f0/elements - {"using":"xpath","value":"//input[contains(@id ,\"searchField-I\")]"}
RESULT: {"using":"xpath","value":"//input[contains(@id ,\"searchField-I\")]"}
COMMAND: POST /session/eabbf40a9b059578e3035111444f40f0/elements - {"using":"xpath","value":"//input[contains(@id ,\"searchField-I\")]"}
RESULT: {"using":"xpath","value":"//input[contains(@id ,\"searchField-I\")]"}
COMMAND: POST /session/eabbf40a9b059578e3035111444f40f0/elements - {"using":"xpath","value":"//input[contains(@id ,\"searchField-I\")]"}
RESULT: {"using":"xpath","value":"//input[contains(@id ,\"searchField-I\")]"}
COMMAND: POST /session/eabbf40a9b059578e3035111444f40f0/elements - {"using":"xpath","value":"//input[contains(@id ,\"searchField-I\")]"}
RESULT: {"using":"xpath","value":"//input[contains(@id ,\"searchField-I\")]"}
COMMAND: POST /session/eabbf40a9b059578e3035111444f40f0/elements - {"using":"xpath","value":"//input[contains(@id ,\"searchField-I\")]"}
RESULT: {"using":"xpath","value":"//input[contains(@id ,\"searchField-I\")]"}
COMMAND: POST /session/eabbf40a9b059578e3035111444f40f0/elements - {"using":"xpath","value":"//input[contains(@id ,\"searchField-I\")]"}
RESULT: {"using":"xpath","value":"//input[contains(@id ,\"searchField-I\")]"}
COMMAND: POST /session/eabbf40a9b059578e3035111444f40f0/elements - {"using":"xpath","value":"//input[contains(@id ,\"searchField-I\")]"}
RESULT: {"using":"xpath","value":"//input[contains(@id ,\"searchField-I\")]"}
COMMAND: POST /session/eabbf40a9b059578e3035111444f40f0/elements - {"using":"xpath","value":"//input[contains(@id ,\"searchField-I\")]"}
RESULT: {"using":"xpath","value":"//input[contains(@id ,\"searchField-I\")]"}
COMMAND: POST /session/eabbf40a9b059578e3035111444f40f0/elements - {"using":"xpath","value":"//input[contains(@id ,\"searchField-I\")]"}
RESULT: {"using":"xpath","value":"//input[contains(@id ,\"searchField-I\")]"}
COMMAND: POST /session/eabbf40a9b059578e3035111444f40f0/elements - {"using":"xpath","value":"//input[contains(@id ,\"searchField-I\")]"}
RESULT: {"using":"xpath","value":"//input[contains(@id ,\"searchField-I\")]"}
COMMAND: POST /session/eabbf40a9b059578e3035111444f40f0/elements - {"using":"xpath","value":"//input[contains(@id ,\"searchField-I\")]"}
RESULT: {"using":"xpath","value":"//input[contains(@id ,\"searchField-I\")]"}
COMMAND: POST /session/eabbf40a9b059578e3035111444f40f0/elements - {"using":"xpath","value":"//input[contains(@id ,\"searchField-I\")]"}
RESULT: {"using":"xpath","value":"//input[contains(@id ,\"searchField-I\")]"}
COMMAND: POST /session/eabbf40a9b059578e3035111444f40f0/elements - {"using":"xpath","value":"//input[contains(@id ,\"searchField-I\")]"}
RESULT: {"using":"xpath","value":"//input[contains(@id ,\"searchField-I\")]"}
COMMAND: POST /session/eabbf40a9b059578e3035111444f40f0/elements - {"using":"xpath","value":"//input[contains(@id ,\"searchField-I\")]"}
RESULT: {"using":"xpath","value":"//input[contains(@id ,\"searchField-I\")]"}
COMMAND: POST /session/eabbf40a9b059578e3035111444f40f0/elements - {"using":"xpath","value":"//input[contains(@id ,\"searchField-I\")]"}
RESULT: {"using":"xpath","value":"//input[contains(@id ,\"searchField-I\")]"}
COMMAND: POST /session/eabbf40a9b059578e3035111444f40f0/elements - {"using":"xpath","value":"//input[contains(@id ,\"searchField-I\")]"}
RESULT: {"using":"xpath","value":"//input[contains(@id ,\"searchField-I\")]"}
COMMAND: POST /session/eabbf40a9b059578e3035111444f40f0/elements - {"using":"xpath","value":"//input[contains(@id ,\"searchField-I\")]"}
RESULT: {"using":"xpath","value":"//input[contains(@id ,\"searchField-I\")]"}
COMMAND: POST /session/eabbf40a9b059578e3035111444f40f0/elements - {"using":"xpath","value":"//input[contains(@id ,\"searchField-I\")]"}
RESULT: {"using":"xpath","value":"//input[contains(@id ,\"searchField-I\")]"}
COMMAND: POST /session/eabbf40a9b059578e3035111444f40f0/elements - {"using":"xpath","value":"//input[contains(@id ,\"searchField-I\")]"}
RESULT: {"using":"xpath","value":"//input[contains(@id ,\"searchField-I\")]"}
COMMAND: POST /session/eabbf40a9b059578e3035111444f40f0/elements - {"using":"xpath","value":"//input[contains(@id ,\"searchField-I\")]"}
RESULT: {"using":"xpath","value":"//input[contains(@id ,\"searchField-I\")]"}
COMMAND: POST /session/eabbf40a9b059578e3035111444f40f0/elements - {"using":"xpath","value":"//input[contains(@id ,\"searchField-I\")]"}
RESULT: {"using":"xpath","value":"//input[contains(@id ,\"searchField-I\")]"}
COMMAND: POST /session/eabbf40a9b059578e3035111444f40f0/elements - {"using":"xpath","value":"//input[contains(@id ,\"searchField-I\")]"}
RESULT: {"using":"xpath","value":"//input[contains(@id ,\"searchField-I\")]"}
COMMAND: POST /session/eabbf40a9b059578e3035111444f40f0/elements - {"using":"xpath","value":"//input[contains(@id ,\"searchField-I\")]"}
RESULT: {"using":"xpath","value":"//input[contains(@id ,\"searchField-I\")]"}
COMMAND: POST /session/eabbf40a9b059578e3035111444f40f0/elements - {"using":"xpath","value":"//input[contains(@id ,\"searchField-I\")]"}
RESULT: {"using":"xpath","value":"//input[contains(@id ,\"searchField-I\")]"}
COMMAND: POST /session/eabbf40a9b059578e3035111444f40f0/elements - {"using":"xpath","value":"//input[contains(@id ,\"searchField-I\")]"}
RESULT: {"using":"xpath","value":"//input[contains(@id ,\"searchField-I\")]"}
COMMAND: POST /session/eabbf40a9b059578e3035111444f40f0/elements - {"using":"xpath","value":"//input[contains(@id ,\"searchField-I\")]"}
RESULT: {"using":"xpath","value":"//input[contains(@id ,\"searchField-I\")]"}
COMMAND: POST /session/eabbf40a9b059578e3035111444f40f0/elements - {"using":"xpath","value":"//input[contains(@id ,\"searchField-I\")]"}
RESULT: {"using":"xpath","value":"//input[contains(@id ,\"searchField-I\")]"}
COMMAND: POST /session/eabbf40a9b059578e3035111444f40f0/elements - {"using":"xpath","value":"//input[contains(@id ,\"searchField-I\")]"}
RESULT: {"using":"xpath","value":"//input[contains(@id ,\"searchField-I\")]"}
COMMAND: POST /session/eabbf40a9b059578e3035111444f40f0/elements - {"using":"xpath","value":"//input[contains(@id ,\"searchField-I\")]"}
RESULT: {"using":"xpath","value":"//input[contains(@id ,\"searchField-I\")]"}
COMMAND: POST /session/eabbf40a9b059578e3035111444f40f0/elements - {"using":"xpath","value":"//input[contains(@id ,\"searchField-I\")]"}
RESULT: {"using":"xpath","value":"//input[contains(@id ,\"searchField-I\")]"}
COMMAND: POST /session/eabbf40a9b059578e3035111444f40f0/elements - {"using":"xpath","value":"//input[contains(@id ,\"searchField-I\")]"}
RESULT: {"using":"xpath","value":"//input[contains(@id ,\"searchField-I\")]"}
COMMAND: POST /session/eabbf40a9b059578e3035111444f40f0/elements - {"using":"xpath","value":"//input[contains(@id ,\"searchField-I\")]"}
RESULT: {"using":"xpath","value":"//input[contains(@id ,\"searchField-I\")]"}
COMMAND: POST /session/eabbf40a9b059578e3035111444f40f0/elements - {"using":"xpath","value":"//input[contains(@id ,\"searchField-I\")]"}
RESULT: {"using":"xpath","value":"//input[contains(@id ,\"searchField-I\")]"}
COMMAND: POST /session/eabbf40a9b059578e3035111444f40f0/elements - {"using":"xpath","value":"//input[contains(@id ,\"searchField-I\")]"}
RESULT: {"using":"xpath","value":"//input[contains(@id ,\"searchField-I\")]"}
COMMAND: POST /session/eabbf40a9b059578e3035111444f40f0/elements - {"using":"xpath","value":"//input[contains(@id ,\"searchField-I\")]"}
RESULT: {"using":"xpath","value":"//input[contains(@id ,\"searchField-I\")]"}
COMMAND: POST /session/eabbf40a9b059578e3035111444f40f0/elements - {"using":"xpath","value":"//input[contains(@id ,\"searchField-I\")]"}
RESULT: {"using":"xpath","value":"//input[contains(@id ,\"searchField-I\")]"}
COMMAND: POST /session/eabbf40a9b059578e3035111444f40f0/elements - {"using":"xpath","value":"//input[contains(@id ,\"searchField-I\")]"}
RESULT: {"using":"xpath","value":"//input[contains(@id ,\"searchField-I\")]"}
COMMAND: POST /session/eabbf40a9b059578e3035111444f40f0/elements - {"using":"xpath","value":"//input[contains(@id ,\"searchField-I\")]"}
RESULT: {"using":"xpath","value":"//input[contains(@id ,\"searchField-I\")]"}
COMMAND: POST /session/eabbf40a9b059578e3035111444f40f0/elements - {"using":"xpath","value":"//input[contains(@id ,\"searchField-I\")]"}
RESULT: {"using":"xpath","value":"//input[contains(@id ,\"searchField-I\")]"}
COMMAND: POST /session/eabbf40a9b059578e3035111444f40f0/elements - {"using":"xpath","value":"//input[contains(@id ,\"searchField-I\")]"}
RESULT: {"using":"xpath","value":"//input[contains(@id ,\"searchField-I\")]"}
COMMAND: POST /session/eabbf40a9b059578e3035111444f40f0/elements - {"using":"xpath","value":"//input[contains(@id ,\"searchField-I\")]"}
RESULT: {"using":"xpath","value":"//input[contains(@id ,\"searchField-I\")]"}
COMMAND: POST /session/eabbf40a9b059578e3035111444f40f0/elements - {"using":"xpath","value":"//input[contains(@id ,\"searchField-I\")]"}
COMMAND: GET /session/eabbf40a9b059578e3035111444f40f0/screenshot - {}
RESULT: {"using":"xpath","value":"//input[contains(@id ,\"searchField-I\")]"}
RESULT: {}
COMMAND: POST /session/eabbf40a9b059578e3035111444f40f0/element - {"using":"css selector","value":"#j_username"}
COMMAND: POST /session/eabbf40a9b059578e3035111444f40f0/url - {"url":"https://qa-testing-00-live-etm-ui.cfapps.eu10-004.hana.ondemand.com/"}
COMMAND: GET /session/eabbf40a9b059578e3035111444f40f0/screenshot - {}
COMMAND: GET /session/eabbf40a9b059578e3035111444f40f0/screenshot - {}
RESULT: {"using":"css selector","value":"#j_username"}
COMMAND: POST /session/eabbf40a9b059578e3035111444f40f0/element - {"using":"css selector","value":"#j_username"}
RESULT: {"url":"https://qa-testing-00-live-etm-ui.cfapps.eu10-004.hana.ondemand.com/"}
RESULT: undefined
COMMAND: GET /session/eabbf40a9b059578e3035111444f40f0/screenshot - {}
RESULT: {}
RESULT: {}
RESULT: {"using":"css selector","value":"#j_username"}
COMMAND: POST /session/eabbf40a9b059578e3035111444f40f0/element - {"using":"css selector","value":"#shell-header-logo"}
RESULT: {}
RESULT: {"using":"css selector","value":"#shell-header-logo"}
COMMAND: POST /session/eabbf40a9b059578e3035111444f40f0/execute/sync - {"script":"<script> [8489 bytes]","args":[{"element-6066-11e4-a52e-4f735466cecf":"f.72F4F884D2456BFAF2BE58644CA6E573.d.88C3195B21BFEE6DA03971250DDEDC9C.e.3714","ELEMENT":"f.72F4F884D2456BFAF2BE58644CA6E573.d.88C3195B21BFEE6DA03971250DDEDC9C.e.3714"}]}
RESULT: {"script":"<script> [8489 bytes]","args":[{"element-6066-11e4-a52e-4f735466cecf":"f.72F4F884D2456BFAF2BE58644CA6E573.d.88C3195B21BFEE6DA03971250DDEDC9C.e.3714","ELEMENT":"f.72F4F884D2456BFAF2BE58644CA6E573.d.88C3195B21BFEE6DA03971250DDEDC9C.e.3714"}]}
COMMAND: POST /session/eabbf40a9b059578e3035111444f40f0/element - {"using":"css selector","value":"#shell-header-logo"}
COMMAND: GET /session/eabbf40a9b059578e3035111444f40f0/screenshot - {}
RESULT: {"using":"css selector","value":"#shell-header-logo"}
COMMAND: POST /session/eabbf40a9b059578e3035111444f40f0/execute/sync - {"script":"<script> [8489 bytes]","args":[{"element-6066-11e4-a52e-4f735466cecf":"f.72F4F884D2456BFAF2BE58644CA6E573.d.88C3195B21BFEE6DA03971250DDEDC9C.e.3714","ELEMENT":"f.72F4F884D2456BFAF2BE58644CA6E573.d.88C3195B21BFEE6DA03971250DDEDC9C.e.3714"}]}
RESULT: {}
RESULT: {"script":"<script> [8489 bytes]","args":[{"element-6066-11e4-a52e-4f735466cecf":"f.72F4F884D2456BFAF2BE58644CA6E573.d.88C3195B21BFEE6DA03971250DDEDC9C.e.3714","ELEMENT":"f.72F4F884D2456BFAF2BE58644CA6E573.d.88C3195B21BFEE6DA03971250DDEDC9C.e.3714"}]}
COMMAND: POST /session/eabbf40a9b059578e3035111444f40f0/execute/sync - {"script":"<script> [5351 bytes]","args":[{"element-6066-11e4-a52e-4f735466cecf":"f.72F4F884D2456BFAF2BE58644CA6E573.d.88C3195B21BFEE6DA03971250DDEDC9C.e.3714","ELEMENT":"f.72F4F884D2456BFAF2BE58644CA6E573.d.88C3195B21BFEE6DA03971250DDEDC9C.e.3714"}]}
COMMAND: GET /session/eabbf40a9b059578e3035111444f40f0/screenshot - {}
RESULT: {"script":"<script> [5351 bytes]","args":[{"element-6066-11e4-a52e-4f735466cecf":"f.72F4F884D2456BFAF2BE58644CA6E573.d.88C3195B21BFEE6DA03971250DDEDC9C.e.3714","ELEMENT":"f.72F4F884D2456BFAF2BE58644CA6E573.d.88C3195B21BFEE6DA03971250DDEDC9C.e.3714"}]}
COMMAND: POST /session/eabbf40a9b059578e3035111444f40f0/element - {"using":"css selector","value":"#shell-header-logo"}
COMMAND: GET /session/eabbf40a9b059578e3035111444f40f0/screenshot - {}
RESULT: {}
RESULT: {"using":"css selector","value":"#shell-header-logo"}
COMMAND: POST /session/eabbf40a9b059578e3035111444f40f0/element/f.72F4F884D2456BFAF2BE58644CA6E573.d.88C3195B21BFEE6DA03971250DDEDC9C.e.3714/click - {}
RESULT: {}
RESULT: {}
COMMAND: GET /session/eabbf40a9b059578e3035111444f40f0/screenshot - {}
RESULT: {}
COMMAND: POST /session/eabbf40a9b059578e3035111444f40f0/execute/async - {"script":"<script> [189 bytes]","args":[]}
RESULT: {"script":"<script> [189 bytes]","args":[]}
COMMAND: POST /session/eabbf40a9b059578e3035111444f40f0/execute/async - {"script":"<script> [123 bytes]","args":[]}
RESULT: {"script":"<script> [123 bytes]","args":[]}
COMMAND: POST /session/eabbf40a9b059578e3035111444f40f0/timeouts - {"script":"<number>"}
RESULT: {"script":"<number>"}
COMMAND: GET /session/eabbf40a9b059578e3035111444f40f0/timeouts - {}
RESULT: {}
RESULT: undefined
COMMAND: POST /session/eabbf40a9b059578e3035111444f40f0/execute/async - {"script":"<script> [2676 bytes]","args":[]}
RESULT: {"script":"<script> [2676 bytes]","args":[]}
COMMAND: POST /session/eabbf40a9b059578e3035111444f40f0/execute/async - {"script":"<script> [2342 bytes]","args":[{"protocol":"http","hostname":"0.0.0.0","path":"/","capabilities":{"browserName":"chrome","goog:chromeOptions":{"binary":"C:\\Program Files\\Google\\Chrome\\Application\\chrome.exe","args":["--start-maximized"]}},"logLevel":"warn","connectionRetryTimeout":120000,"connectionRetryCount":3,"logLevels":{},"enableDirectConnect":true,"strictSSL":true,"_":"65 more keys: [\"cacheDir\",\"port\",\"requestedCapabilities\",\"automationProtocol\",\"baseUrl\",\"waitforInterval\",\"waitforTimeout\",\"onReload\",\"beforeCommand\",\"afterCommand\",\"rootDir\",\"specs\",\"suites\",\"exclude\",\"groupLogsByTestSpec\",\"excludeDriverLogs\",\"bail\",\"framework\",\"reporters\",\"services\",\"maxInstances\",\"maxInstancesPerCapability\",\"injectGlobals\",\"filesToWatch\",\"execArgv\",\"runnerEnv\",\"runner\",\"shard\",\"specFileRetries\",\"specFileRetriesDelay\",\"specFileRetriesDeferred\",\"reporterSyncInterval\",\"reporterSyncTimeout\",\"cucumberFeaturesWithLineNumbers\",\"autoCompileOpts\",\"mochaOpts\",\"jasmineOpts\",\"cucumberOpts\",\"onPrepare\",\"onWorkerStart\",\"onWorkerEnd\",\"before\",\"beforeSession\",\"beforeSuite\",\"beforeHook\",\"beforeTest\",\"afterTest\",\"afterHook\",\"afterSuite\",\"afterSession\",\"after\",\"onComplete\",\"beforeAssertion\",\"afterAssertion\",\"beforeFeature\",\"beforeScenario\",\"beforeStep\",\"afterStep\",\"afterScenario\",\"afterFeature\",\"_\",\"suite\",\"$0\",\"ignoredWorkerServices\",\"wdi5\"]"}]}
RESULT: {"script":"<script> [2342 bytes]","args":[{"protocol":"http","hostname":"0.0.0.0","path":"/","capabilities":{"browserName":"chrome","goog:chromeOptions":{"binary":"C:\\Program Files\\Google\\Chrome\\Application\\chrome.exe","args":["--start-maximized"]}},"logLevel":"warn","connectionRetryTimeout":120000,"connectionRetryCount":3,"logLevels":{},"enableDirectConnect":true,"strictSSL":true,"_":"65 more keys: [\"cacheDir\",\"port\",\"requestedCapabilities\",\"automationProtocol\",\"baseUrl\",\"waitforInterval\",\"waitforTimeout\",\"onReload\",\"beforeCommand\",\"afterCommand\",\"rootDir\",\"specs\",\"suites\",\"exclude\",\"groupLogsByTestSpec\",\"excludeDriverLogs\",\"bail\",\"framework\",\"reporters\",\"services\",\"maxInstances\",\"maxInstancesPerCapability\",\"injectGlobals\",\"filesToWatch\",\"execArgv\",\"runnerEnv\",\"runner\",\"shard\",\"specFileRetries\",\"specFileRetriesDelay\",\"specFileRetriesDeferred\",\"reporterSyncInterval\",\"reporterSyncTimeout\",\"cucumberFeaturesWithLineNumbers\",\"autoCompileOpts\",\"mochaOpts\",\"jasmineOpts\",\"cucumberOpts\",\"onPrepare\",\"onWorkerStart\",\"onWorkerEnd\",\"before\",\"beforeSession\",\"beforeSuite\",\"beforeHook\",\"beforeTest\",\"afterTest\",\"afterHook\",\"afterSuite\",\"afterSession\",\"after\",\"onComplete\",\"beforeAssertion\",\"afterAssertion\",\"beforeFeature\",\"beforeScenario\",\"beforeStep\",\"afterStep\",\"afterScenario\",\"afterFeature\",\"_\",\"suite\",\"$0\",\"ignoredWorkerServices\",\"wdi5\"]"}]}
COMMAND: POST /session/eabbf40a9b059578e3035111444f40f0/execute/async - {"script":"<script> [21126 bytes]","args":[35000]}
RESULT: {"script":"<script> [21126 bytes]","args":[35000]}
COMMAND: POST /session/eabbf40a9b059578e3035111444f40f0/window/maximize - {}
RESULT: {}
COMMAND: POST /session/eabbf40a9b059578e3035111444f40f0/execute/async - {"script":"<script> [1562 bytes]","args":[{"selector":{"id":"shell-header","interaction":{"idSuffix":"icon"}},"wdio_ui5_key":"shellheader"}]}
COMMAND: GET /session/eabbf40a9b059578e3035111444f40f0/screenshot - {}
RESULT: {"script":"<script> [1562 bytes]","args":[{"selector":{"id":"shell-header","interaction":{"idSuffix":"icon"}},"wdio_ui5_key":"shellheader"}]}
RESULT: undefined
COMMAND: POST /session/eabbf40a9b059578e3035111444f40f0/window/fullscreen - {}
RESULT: {}
RESULT: {}
]]></system-out>
      <system-err><![CDATA[
Error: Can't call setValue on element with selector "//input[contains(@id ,"searchField-I")]" because element wasn't found
    at async Context.<anonymous> (D:\a\1\s\test\specs\HTR\yard-overview-trigger.spec.js:159:9)
]]></system-err>
    </testcase>
  </testsuite>
  <testsuite timestamp="2025-05-31T15:44:58" time="130.067" tests="1" failures="1" errors="1" skipped="0">
    <properties>
      <property name="specId" value="0"/>
      <property name="suiteName" value="Create masterdata for Yard Overview - trigger provide US130988"/>
      <property name="capabilities" value="chrome.136_0_7103_93.windows"/>
      <property name="file" value="file:///D:/a/1/s/test/specs/HTR/site-overview-return.spec.js"/>
    </properties>
    <testcase classname="chrome.136_0_7103_93.windows.Create_masterdata_for_Yard_Overview_-_trigger_provide_US130988" name="Should navigate to site overview and trigger return" time="111.313">
      <failure/>
      <error message="expect(received).toEqual(expected) // deep equality&#xA;&#xA;Expected: &quot;Records (1)&quot;&#xA;Received: &quot;Records&quot;"/>
      <system-out><![CDATA[
COMMAND: POST /session/eabbf40a9b059578e3035111444f40f0/execute/async - {"script":"<script> [1562 bytes]","args":[{"selector":{"controlType":"sap.m.GenericTile","properties":{"header":"Site Overview"}},"wdio_ui5_key":"sapm.GenericTile{\"header\":\"Site Overview\"}"}]}
RESULT: {"script":"<script> [1562 bytes]","args":[{"selector":{"controlType":"sap.m.GenericTile","properties":{"header":"Site Overview"}},"wdio_ui5_key":"sapm.GenericTile{\"header\":\"Site Overview\"}"}]}
RESULT: undefined
COMMAND: POST /session/eabbf40a9b059578e3035111444f40f0/element - {"using":"xpath","value":"//*[@id=\"__tile100\"]"}
RESULT: {"using":"xpath","value":"//*[@id=\"__tile100\"]"}
COMMAND: POST /session/eabbf40a9b059578e3035111444f40f0/element/f.72F4F884D2456BFAF2BE58644CA6E573.d.88C3195B21BFEE6DA03971250DDEDC9C.e.3837/click - {}
RESULT: {}
COMMAND: GET /session/eabbf40a9b059578e3035111444f40f0/screenshot - {}
RESULT: {}
COMMAND: POST /session/eabbf40a9b059578e3035111444f40f0/elements - {"using":"xpath","value":"//span[text()='Error']"}
RESULT: {"using":"xpath","value":"//span[text()='Error']"}
COMMAND: POST /session/eabbf40a9b059578e3035111444f40f0/element - {"using":"xpath","value":"//input[contains(@id,\"smartFilterBar-btnBasicSearch-I\")]"}
RESULT: {"using":"xpath","value":"//input[contains(@id,\"smartFilterBar-btnBasicSearch-I\")]"}
COMMAND: POST /session/eabbf40a9b059578e3035111444f40f0/elements - {"using":"xpath","value":"//input[contains(@id,\"smartFilterBar-btnBasicSearch-I\")]"}
RESULT: {"using":"xpath","value":"//input[contains(@id,\"smartFilterBar-btnBasicSearch-I\")]"}
COMMAND: POST /session/eabbf40a9b059578e3035111444f40f0/elements - {"using":"xpath","value":"//input[contains(@id,\"smartFilterBar-btnBasicSearch-I\")]"}
RESULT: {"using":"xpath","value":"//input[contains(@id,\"smartFilterBar-btnBasicSearch-I\")]"}
COMMAND: POST /session/eabbf40a9b059578e3035111444f40f0/elements - {"using":"xpath","value":"//input[contains(@id,\"smartFilterBar-btnBasicSearch-I\")]"}
RESULT: {"using":"xpath","value":"//input[contains(@id,\"smartFilterBar-btnBasicSearch-I\")]"}
COMMAND: POST /session/eabbf40a9b059578e3035111444f40f0/elements - {"using":"xpath","value":"//input[contains(@id,\"smartFilterBar-btnBasicSearch-I\")]"}
RESULT: {"using":"xpath","value":"//input[contains(@id,\"smartFilterBar-btnBasicSearch-I\")]"}
COMMAND: POST /session/eabbf40a9b059578e3035111444f40f0/elements - {"using":"xpath","value":"//input[contains(@id,\"smartFilterBar-btnBasicSearch-I\")]"}
RESULT: {"using":"xpath","value":"//input[contains(@id,\"smartFilterBar-btnBasicSearch-I\")]"}
COMMAND: POST /session/eabbf40a9b059578e3035111444f40f0/elements - {"using":"xpath","value":"//input[contains(@id,\"smartFilterBar-btnBasicSearch-I\")]"}
RESULT: {"using":"xpath","value":"//input[contains(@id,\"smartFilterBar-btnBasicSearch-I\")]"}
COMMAND: POST /session/eabbf40a9b059578e3035111444f40f0/elements - {"using":"xpath","value":"//input[contains(@id,\"smartFilterBar-btnBasicSearch-I\")]"}
RESULT: {"using":"xpath","value":"//input[contains(@id,\"smartFilterBar-btnBasicSearch-I\")]"}
COMMAND: POST /session/eabbf40a9b059578e3035111444f40f0/elements - {"using":"xpath","value":"//input[contains(@id,\"smartFilterBar-btnBasicSearch-I\")]"}
RESULT: {"using":"xpath","value":"//input[contains(@id,\"smartFilterBar-btnBasicSearch-I\")]"}
COMMAND: POST /session/eabbf40a9b059578e3035111444f40f0/elements - {"using":"xpath","value":"//input[contains(@id,\"smartFilterBar-btnBasicSearch-I\")]"}
RESULT: {"using":"xpath","value":"//input[contains(@id,\"smartFilterBar-btnBasicSearch-I\")]"}
COMMAND: POST /session/eabbf40a9b059578e3035111444f40f0/element - {"using":"xpath","value":"//input[contains(@id,\"smartFilterBar-btnBasicSearch-I\")]"}
RESULT: {"using":"xpath","value":"//input[contains(@id,\"smartFilterBar-btnBasicSearch-I\")]"}
COMMAND: POST /session/eabbf40a9b059578e3035111444f40f0/execute/sync - {"script":"<script> [8489 bytes]","args":[{"element-6066-11e4-a52e-4f735466cecf":"f.72F4F884D2456BFAF2BE58644CA6E573.d.88C3195B21BFEE6DA03971250DDEDC9C.e.3860","ELEMENT":"f.72F4F884D2456BFAF2BE58644CA6E573.d.88C3195B21BFEE6DA03971250DDEDC9C.e.3860"}]}
RESULT: {"script":"<script> [8489 bytes]","args":[{"element-6066-11e4-a52e-4f735466cecf":"f.72F4F884D2456BFAF2BE58644CA6E573.d.88C3195B21BFEE6DA03971250DDEDC9C.e.3860","ELEMENT":"f.72F4F884D2456BFAF2BE58644CA6E573.d.88C3195B21BFEE6DA03971250DDEDC9C.e.3860"}]}
COMMAND: GET /session/eabbf40a9b059578e3035111444f40f0/element/f.72F4F884D2456BFAF2BE58644CA6E573.d.88C3195B21BFEE6DA03971250DDEDC9C.e.3860/enabled - {}
COMMAND: GET /session/eabbf40a9b059578e3035111444f40f0/screenshot - {}
RESULT: {}
COMMAND: POST /session/eabbf40a9b059578e3035111444f40f0/execute/sync - {"script":"<script> [8489 bytes]","args":[{"element-6066-11e4-a52e-4f735466cecf":"f.72F4F884D2456BFAF2BE58644CA6E573.d.88C3195B21BFEE6DA03971250DDEDC9C.e.3860","ELEMENT":"f.72F4F884D2456BFAF2BE58644CA6E573.d.88C3195B21BFEE6DA03971250DDEDC9C.e.3860"}]}
COMMAND: GET /session/eabbf40a9b059578e3035111444f40f0/screenshot - {}
RESULT: {}
RESULT: {"script":"<script> [8489 bytes]","args":[{"element-6066-11e4-a52e-4f735466cecf":"f.72F4F884D2456BFAF2BE58644CA6E573.d.88C3195B21BFEE6DA03971250DDEDC9C.e.3860","ELEMENT":"f.72F4F884D2456BFAF2BE58644CA6E573.d.88C3195B21BFEE6DA03971250DDEDC9C.e.3860"}]}
COMMAND: POST /session/eabbf40a9b059578e3035111444f40f0/execute/sync - {"script":"<script> [5351 bytes]","args":[{"element-6066-11e4-a52e-4f735466cecf":"f.72F4F884D2456BFAF2BE58644CA6E573.d.88C3195B21BFEE6DA03971250DDEDC9C.e.3860","ELEMENT":"f.72F4F884D2456BFAF2BE58644CA6E573.d.88C3195B21BFEE6DA03971250DDEDC9C.e.3860"}]}
COMMAND: GET /session/eabbf40a9b059578e3035111444f40f0/screenshot - {}
RESULT: {}
RESULT: {"script":"<script> [5351 bytes]","args":[{"element-6066-11e4-a52e-4f735466cecf":"f.72F4F884D2456BFAF2BE58644CA6E573.d.88C3195B21BFEE6DA03971250DDEDC9C.e.3860","ELEMENT":"f.72F4F884D2456BFAF2BE58644CA6E573.d.88C3195B21BFEE6DA03971250DDEDC9C.e.3860"}]}
COMMAND: GET /session/eabbf40a9b059578e3035111444f40f0/screenshot - {}
RESULT: {}
RESULT: {}
COMMAND: POST /session/eabbf40a9b059578e3035111444f40f0/element/f.72F4F884D2456BFAF2BE58644CA6E573.d.88C3195B21BFEE6DA03971250DDEDC9C.e.3860/clear - {}
RESULT: {}
COMMAND: POST /session/eabbf40a9b059578e3035111444f40f0/element/f.72F4F884D2456BFAF2BE58644CA6E573.d.88C3195B21BFEE6DA03971250DDEDC9C.e.3860/value - {"text":"2277"}
COMMAND: GET /session/eabbf40a9b059578e3035111444f40f0/screenshot - {}
RESULT: {"text":"2277"}
COMMAND: GET /session/eabbf40a9b059578e3035111444f40f0/screenshot - {}
RESULT: {}
RESULT: {}
COMMAND: POST /session/eabbf40a9b059578e3035111444f40f0/actions - {"actions":[{"id":"action11","type":"key","parameters":{},"actions":[{"type":"keyDown","value":""},{"type":"pause","duration":10},{"type":"keyUp","value":""}]}]}
RESULT: {"actions":[{"id":"action11","type":"key","parameters":{},"actions":[{"type":"keyDown","value":""},{"type":"pause","duration":10},{"type":"keyUp","value":""}]}]}
COMMAND: GET /session/eabbf40a9b059578e3035111444f40f0/screenshot - {}
RESULT: {}
COMMAND: POST /session/eabbf40a9b059578e3035111444f40f0/element - {"using":"xpath","value":"//span[contains(@id, \"smartTable-header-inner\")]"}
RESULT: {"using":"xpath","value":"//span[contains(@id, \"smartTable-header-inner\")]"}
COMMAND: POST /session/eabbf40a9b059578e3035111444f40f0/elements - {"using":"xpath","value":"//span[contains(@id, \"smartTable-header-inner\")]"}
RESULT: {"using":"xpath","value":"//span[contains(@id, \"smartTable-header-inner\")]"}
COMMAND: POST /session/eabbf40a9b059578e3035111444f40f0/execute/sync - {"script":"<script> [56 bytes]","args":[{"element-6066-11e4-a52e-4f735466cecf":"f.72F4F884D2456BFAF2BE58644CA6E573.d.88C3195B21BFEE6DA03971250DDEDC9C.e.3965","ELEMENT":"f.72F4F884D2456BFAF2BE58644CA6E573.d.88C3195B21BFEE6DA03971250DDEDC9C.e.3965"}]}
RESULT: {"script":"<script> [56 bytes]","args":[{"element-6066-11e4-a52e-4f735466cecf":"f.72F4F884D2456BFAF2BE58644CA6E573.d.88C3195B21BFEE6DA03971250DDEDC9C.e.3965","ELEMENT":"f.72F4F884D2456BFAF2BE58644CA6E573.d.88C3195B21BFEE6DA03971250DDEDC9C.e.3965"}]}
COMMAND: POST /session/eabbf40a9b059578e3035111444f40f0/element - {"using":"xpath","value":"(//span[contains(@id, \"imgNav\")])[1]"}
COMMAND: GET /session/eabbf40a9b059578e3035111444f40f0/screenshot - {}
RESULT: {"using":"xpath","value":"(//span[contains(@id, \"imgNav\")])[1]"}
COMMAND: POST /session/eabbf40a9b059578e3035111444f40f0/element/f.72F4F884D2456BFAF2BE58644CA6E573.d.88C3195B21BFEE6DA03971250DDEDC9C.e.3964/click - {}
RESULT: {}
RESULT: {}
COMMAND: GET /session/eabbf40a9b059578e3035111444f40f0/screenshot - {}
RESULT: {}
COMMAND: POST /session/eabbf40a9b059578e3035111444f40f0/execute/async - {"script":"<script> [1562 bytes]","args":[{"selector":{"id":"application-siteinventory-display-component---detailSiteInventory--onSite-triggerAction-returnBtn","interaction":{"idSuffix":"BDI-content"}},"wdio_ui5_key":"applicationsiteinventory-display-component---detailSiteInventory--onSite-triggerAction-returnBtn"}]}
RESULT: {"script":"<script> [1562 bytes]","args":[{"selector":{"id":"application-siteinventory-display-component---detailSiteInventory--onSite-triggerAction-returnBtn","interaction":{"idSuffix":"BDI-content"}},"wdio_ui5_key":"applicationsiteinventory-display-component---detailSiteInventory--onSite-triggerAction-returnBtn"}]}
RESULT: undefined
COMMAND: POST /session/eabbf40a9b059578e3035111444f40f0/element - {"using":"xpath","value":"//*[@id=\"application-siteinventory-display-component---detailSiteInventory--onSite-triggerAction-returnBtn\"]"}
RESULT: {"using":"xpath","value":"//*[@id=\"application-siteinventory-display-component---detailSiteInventory--onSite-triggerAction-returnBtn\"]"}
COMMAND: POST /session/eabbf40a9b059578e3035111444f40f0/element/f.72F4F884D2456BFAF2BE58644CA6E573.d.88C3195B21BFEE6DA03971250DDEDC9C.e.3991/click - {}
RESULT: {}
COMMAND: GET /session/eabbf40a9b059578e3035111444f40f0/screenshot - {}
RESULT: {}
COMMAND: POST /session/eabbf40a9b059578e3035111444f40f0/execute/async - {"script":"<script> [1562 bytes]","args":[{"selector":{"id":"application-siteinventory-display-component---detailSiteInventory--smartSiteHoItemsTable-sa","interaction":{"idSuffix":"CbBg"}},"wdio_ui5_key":"applicationsiteinventory-display-component---detailSiteInventory--smartSiteHoItemsTable-sa"}]}
RESULT: {"script":"<script> [1562 bytes]","args":[{"selector":{"id":"application-siteinventory-display-component---detailSiteInventory--smartSiteHoItemsTable-sa","interaction":{"idSuffix":"CbBg"}},"wdio_ui5_key":"applicationsiteinventory-display-component---detailSiteInventory--smartSiteHoItemsTable-sa"}]}
RESULT: undefined
RESULT: undefined
COMMAND: POST /session/eabbf40a9b059578e3035111444f40f0/element - {"using":"xpath","value":"//*[@id=\"application-siteinventory-display-component---detailSiteInventory--onSite-triggerAction-returnBtn\"]"}
RESULT: {"using":"xpath","value":"//*[@id=\"application-siteinventory-display-component---detailSiteInventory--onSite-triggerAction-returnBtn\"]"}
COMMAND: POST /session/eabbf40a9b059578e3035111444f40f0/element/f.72F4F884D2456BFAF2BE58644CA6E573.d.88C3195B21BFEE6DA03971250DDEDC9C.e.3991/click - {}
RESULT: {}
COMMAND: GET /session/eabbf40a9b059578e3035111444f40f0/screenshot - {}
RESULT: {}
COMMAND: POST /session/eabbf40a9b059578e3035111444f40f0/actions - {"actions":[{"id":"action12","type":"key","parameters":{},"actions":[{"type":"keyDown","value":""},{"type":"pause","duration":10},{"type":"keyUp","value":""}]}]}
RESULT: {"actions":[{"id":"action12","type":"key","parameters":{},"actions":[{"type":"keyDown","value":""},{"type":"pause","duration":10},{"type":"keyUp","value":""}]}]}
COMMAND: GET /session/eabbf40a9b059578e3035111444f40f0/screenshot - {}
RESULT: {}
COMMAND: POST /session/eabbf40a9b059578e3035111444f40f0/execute/async - {"script":"<script> [1562 bytes]","args":[{"selector":{"id":"application-siteinventory-display-component---detailSiteInventory--hoItemsSmartTable-btnPersonalisation-img"},"wdio_ui5_key":"applicationsiteinventory-display-component---detailSiteInventory--hoItemsSmartTable-btnPersonalisation-img"}]}
RESULT: {"script":"<script> [1562 bytes]","args":[{"selector":{"id":"application-siteinventory-display-component---detailSiteInventory--hoItemsSmartTable-btnPersonalisation-img"},"wdio_ui5_key":"applicationsiteinventory-display-component---detailSiteInventory--hoItemsSmartTable-btnPersonalisation-img"}]}
RESULT: undefined
COMMAND: POST /session/eabbf40a9b059578e3035111444f40f0/element - {"using":"xpath","value":"//*[@id=\"application-siteinventory-display-component---detailSiteInventory--hoItemsSmartTable-btnPersonalisation-img\"]"}
RESULT: {"using":"xpath","value":"//*[@id=\"application-siteinventory-display-component---detailSiteInventory--hoItemsSmartTable-btnPersonalisation-img\"]"}
COMMAND: POST /session/eabbf40a9b059578e3035111444f40f0/element/f.72F4F884D2456BFAF2BE58644CA6E573.d.88C3195B21BFEE6DA03971250DDEDC9C.e.4000/click - {}
RESULT: {}
COMMAND: GET /session/eabbf40a9b059578e3035111444f40f0/screenshot - {}
RESULT: {}
COMMAND: POST /session/eabbf40a9b059578e3035111444f40f0/element - {"using":"xpath","value":"//input[contains(@id ,\"searchField-I\")]"}
RESULT: {"using":"xpath","value":"//input[contains(@id ,\"searchField-I\")]"}
COMMAND: POST /session/eabbf40a9b059578e3035111444f40f0/element/f.72F4F884D2456BFAF2BE58644CA6E573.d.88C3195B21BFEE6DA03971250DDEDC9C.e.4049/clear - {}
RESULT: {}
COMMAND: POST /session/eabbf40a9b059578e3035111444f40f0/element/f.72F4F884D2456BFAF2BE58644CA6E573.d.88C3195B21BFEE6DA03971250DDEDC9C.e.4049/value - {"text":"Handover Returned"}
COMMAND: GET /session/eabbf40a9b059578e3035111444f40f0/screenshot - {}
RESULT: {"text":"Handover Returned"}
COMMAND: GET /session/eabbf40a9b059578e3035111444f40f0/screenshot - {}
RESULT: {}
RESULT: {}
COMMAND: POST /session/eabbf40a9b059578e3035111444f40f0/element - {"using":"xpath","value":"//div[contains(@id ,\"innerSelectionPanelTable-sa-CbBg\")]"}
RESULT: {"using":"xpath","value":"//div[contains(@id ,\"innerSelectionPanelTable-sa-CbBg\")]"}
COMMAND: POST /session/eabbf40a9b059578e3035111444f40f0/element/f.72F4F884D2456BFAF2BE58644CA6E573.d.88C3195B21BFEE6DA03971250DDEDC9C.e.4075/click - {}
RESULT: {}
COMMAND: POST /session/eabbf40a9b059578e3035111444f40f0/execute/async - {"script":"<script> [1562 bytes]","args":[{"selector":{"controlType":"sap.m.Button","viewName":"etm.portal.ui.siteinventory.view.Detail","viewId":"application-siteinventory-display-component---detailSiteInventory","properties":{"text":"OK"},"searchOpenDialogs":true,"interaction":{"idSuffix":"BDI-content"}},"wdio_ui5_key":"etmportal.ui.siteinventory.view.Detailsap.m.Button{\"text\":\"OK\"}"}]}
COMMAND: GET /session/eabbf40a9b059578e3035111444f40f0/screenshot - {}
RESULT: {"script":"<script> [1562 bytes]","args":[{"selector":{"controlType":"sap.m.Button","viewName":"etm.portal.ui.siteinventory.view.Detail","viewId":"application-siteinventory-display-component---detailSiteInventory","properties":{"text":"OK"},"searchOpenDialogs":true,"interaction":{"idSuffix":"BDI-content"}},"wdio_ui5_key":"etmportal.ui.siteinventory.view.Detailsap.m.Button{\"text\":\"OK\"}"}]}
RESULT: undefined
COMMAND: POST /session/eabbf40a9b059578e3035111444f40f0/element - {"using":"xpath","value":"//*[@id=\"__popup36-confirmBtn\"]"}
RESULT: {}
RESULT: {"using":"xpath","value":"//*[@id=\"__popup36-confirmBtn\"]"}
COMMAND: POST /session/eabbf40a9b059578e3035111444f40f0/element/f.72F4F884D2456BFAF2BE58644CA6E573.d.88C3195B21BFEE6DA03971250DDEDC9C.e.4077/click - {}
RESULT: {}
COMMAND: GET /session/eabbf40a9b059578e3035111444f40f0/screenshot - {}
RESULT: {}
COMMAND: POST /session/eabbf40a9b059578e3035111444f40f0/element - {"using":"css selector","value":"#shell-header-logo"}
RESULT: {"using":"css selector","value":"#shell-header-logo"}
COMMAND: POST /session/eabbf40a9b059578e3035111444f40f0/element/f.72F4F884D2456BFAF2BE58644CA6E573.d.88C3195B21BFEE6DA03971250DDEDC9C.e.3714/click - {}
RESULT: {}
COMMAND: GET /session/eabbf40a9b059578e3035111444f40f0/screenshot - {}
RESULT: {}
COMMAND: POST /session/eabbf40a9b059578e3035111444f40f0/execute/async - {"script":"<script> [1562 bytes]","args":[{"selector":{"controlType":"sap.m.GenericTile","properties":{"header":"Manage Handovers"}},"wdio_ui5_key":"sapm.GenericTile{\"header\":\"Manage Handovers\"}"}]}
RESULT: {"script":"<script> [1562 bytes]","args":[{"selector":{"controlType":"sap.m.GenericTile","properties":{"header":"Manage Handovers"}},"wdio_ui5_key":"sapm.GenericTile{\"header\":\"Manage Handovers\"}"}]}
RESULT: undefined
COMMAND: POST /session/eabbf40a9b059578e3035111444f40f0/element - {"using":"xpath","value":"//*[@id=\"__tile133\"]"}
RESULT: {"using":"xpath","value":"//*[@id=\"__tile133\"]"}
COMMAND: POST /session/eabbf40a9b059578e3035111444f40f0/element/f.72F4F884D2456BFAF2BE58644CA6E573.d.88C3195B21BFEE6DA03971250DDEDC9C.e.3764/click - {}
RESULT: {}
COMMAND: GET /session/eabbf40a9b059578e3035111444f40f0/screenshot - {}
RESULT: {}
COMMAND: POST /session/eabbf40a9b059578e3035111444f40f0/elements - {"using":"xpath","value":"//span[text()='Error']"}
RESULT: {"using":"xpath","value":"//span[text()='Error']"}
COMMAND: POST /session/eabbf40a9b059578e3035111444f40f0/element - {"using":"xpath","value":"//button[@data-kt=\"masterHOAddButton\"]"}
RESULT: {"using":"xpath","value":"//button[@data-kt=\"masterHOAddButton\"]"}
COMMAND: POST /session/eabbf40a9b059578e3035111444f40f0/elements - {"using":"xpath","value":"//button[@data-kt=\"masterHOAddButton\"]"}
RESULT: {"using":"xpath","value":"//button[@data-kt=\"masterHOAddButton\"]"}
COMMAND: POST /session/eabbf40a9b059578e3035111444f40f0/elements - {"using":"xpath","value":"//button[@data-kt=\"masterHOAddButton\"]"}
RESULT: {"using":"xpath","value":"//button[@data-kt=\"masterHOAddButton\"]"}
COMMAND: POST /session/eabbf40a9b059578e3035111444f40f0/elements - {"using":"xpath","value":"//button[@data-kt=\"masterHOAddButton\"]"}
RESULT: {"using":"xpath","value":"//button[@data-kt=\"masterHOAddButton\"]"}
COMMAND: POST /session/eabbf40a9b059578e3035111444f40f0/elements - {"using":"xpath","value":"//button[@data-kt=\"masterHOAddButton\"]"}
RESULT: {"using":"xpath","value":"//button[@data-kt=\"masterHOAddButton\"]"}
COMMAND: POST /session/eabbf40a9b059578e3035111444f40f0/elements - {"using":"xpath","value":"//button[@data-kt=\"masterHOAddButton\"]"}
RESULT: {"using":"xpath","value":"//button[@data-kt=\"masterHOAddButton\"]"}
COMMAND: POST /session/eabbf40a9b059578e3035111444f40f0/elements - {"using":"xpath","value":"//button[@data-kt=\"masterHOAddButton\"]"}
RESULT: {"using":"xpath","value":"//button[@data-kt=\"masterHOAddButton\"]"}
COMMAND: POST /session/eabbf40a9b059578e3035111444f40f0/element - {"using":"xpath","value":"//button[@data-kt=\"masterHOAddButton\"]"}
RESULT: {"using":"xpath","value":"//button[@data-kt=\"masterHOAddButton\"]"}
COMMAND: POST /session/eabbf40a9b059578e3035111444f40f0/execute/sync - {"script":"<script> [8489 bytes]","args":[{"element-6066-11e4-a52e-4f735466cecf":"f.72F4F884D2456BFAF2BE58644CA6E573.d.88C3195B21BFEE6DA03971250DDEDC9C.e.4115","ELEMENT":"f.72F4F884D2456BFAF2BE58644CA6E573.d.88C3195B21BFEE6DA03971250DDEDC9C.e.4115"}]}
RESULT: {"script":"<script> [8489 bytes]","args":[{"element-6066-11e4-a52e-4f735466cecf":"f.72F4F884D2456BFAF2BE58644CA6E573.d.88C3195B21BFEE6DA03971250DDEDC9C.e.4115","ELEMENT":"f.72F4F884D2456BFAF2BE58644CA6E573.d.88C3195B21BFEE6DA03971250DDEDC9C.e.4115"}]}
COMMAND: GET /session/eabbf40a9b059578e3035111444f40f0/element/f.72F4F884D2456BFAF2BE58644CA6E573.d.88C3195B21BFEE6DA03971250DDEDC9C.e.4115/enabled - {}
COMMAND: GET /session/eabbf40a9b059578e3035111444f40f0/screenshot - {}
RESULT: {}
COMMAND: POST /session/eabbf40a9b059578e3035111444f40f0/execute/sync - {"script":"<script> [8489 bytes]","args":[{"element-6066-11e4-a52e-4f735466cecf":"f.72F4F884D2456BFAF2BE58644CA6E573.d.88C3195B21BFEE6DA03971250DDEDC9C.e.4115","ELEMENT":"f.72F4F884D2456BFAF2BE58644CA6E573.d.88C3195B21BFEE6DA03971250DDEDC9C.e.4115"}]}
COMMAND: GET /session/eabbf40a9b059578e3035111444f40f0/screenshot - {}
RESULT: {}
RESULT: {"script":"<script> [8489 bytes]","args":[{"element-6066-11e4-a52e-4f735466cecf":"f.72F4F884D2456BFAF2BE58644CA6E573.d.88C3195B21BFEE6DA03971250DDEDC9C.e.4115","ELEMENT":"f.72F4F884D2456BFAF2BE58644CA6E573.d.88C3195B21BFEE6DA03971250DDEDC9C.e.4115"}]}
COMMAND: POST /session/eabbf40a9b059578e3035111444f40f0/execute/sync - {"script":"<script> [5351 bytes]","args":[{"element-6066-11e4-a52e-4f735466cecf":"f.72F4F884D2456BFAF2BE58644CA6E573.d.88C3195B21BFEE6DA03971250DDEDC9C.e.4115","ELEMENT":"f.72F4F884D2456BFAF2BE58644CA6E573.d.88C3195B21BFEE6DA03971250DDEDC9C.e.4115"}]}
COMMAND: GET /session/eabbf40a9b059578e3035111444f40f0/screenshot - {}
RESULT: {}
RESULT: {"script":"<script> [5351 bytes]","args":[{"element-6066-11e4-a52e-4f735466cecf":"f.72F4F884D2456BFAF2BE58644CA6E573.d.88C3195B21BFEE6DA03971250DDEDC9C.e.4115","ELEMENT":"f.72F4F884D2456BFAF2BE58644CA6E573.d.88C3195B21BFEE6DA03971250DDEDC9C.e.4115"}]}
COMMAND: GET /session/eabbf40a9b059578e3035111444f40f0/screenshot - {}
RESULT: {}
RESULT: {}
COMMAND: POST /session/eabbf40a9b059578e3035111444f40f0/element - {"using":"xpath","value":"//span[contains(@id ,\"filterItemControl_BASIC-SEND_CONTRACT-vhi\")]"}
RESULT: {"using":"xpath","value":"//span[contains(@id ,\"filterItemControl_BASIC-SEND_CONTRACT-vhi\")]"}
COMMAND: POST /session/eabbf40a9b059578e3035111444f40f0/element/f.72F4F884D2456BFAF2BE58644CA6E573.d.88C3195B21BFEE6DA03971250DDEDC9C.e.4149/click - {}
RESULT: {}
COMMAND: GET /session/eabbf40a9b059578e3035111444f40f0/screenshot - {}
RESULT: {}
COMMAND: POST /session/eabbf40a9b059578e3035111444f40f0/execute/async - {"script":"<script> [1562 bytes]","args":[{"selector":{"controlType":"sap.m.SearchField","viewName":"etm.portal.ui.managehandovers.view.MasterHO","bindingPath":{"path":"","propertyPath":"/_BASIC_SEARCH_FIELD","modelName":"fi1t3rM0d31"},"searchOpenDialogs":true,"interaction":{"idSuffix":"I"}},"wdio_ui5_key":"etmportal.ui.managehandovers.view.MasterHOsap.m.SearchField{\"path\":\"\",\"propertyPath\":\"/_BASIC_SEARCH_FIELD\",\"modelName\":\"fi1t3rM0d31\"}"}]}
RESULT: {"script":"<script> [1562 bytes]","args":[{"selector":{"controlType":"sap.m.SearchField","viewName":"etm.portal.ui.managehandovers.view.MasterHO","bindingPath":{"path":"","propertyPath":"/_BASIC_SEARCH_FIELD","modelName":"fi1t3rM0d31"},"searchOpenDialogs":true,"interaction":{"idSuffix":"I"}},"wdio_ui5_key":"etmportal.ui.managehandovers.view.MasterHOsap.m.SearchField{\"path\":\"\",\"propertyPath\":\"/_BASIC_SEARCH_FIELD\",\"modelName\":\"fi1t3rM0d31\"}"}]}
RESULT: undefined
COMMAND: POST /session/eabbf40a9b059578e3035111444f40f0/execute/async - {"script":"<script> [776 bytes]","args":[{"enterText":null,"selector":{"controlType":"sap.m.SearchField","viewName":"etm.portal.ui.managehandovers.view.MasterHO","bindingPath":{"path":"","propertyPath":"/_BASIC_SEARCH_FIELD","modelName":"fi1t3rM0d31"},"searchOpenDialogs":true,"interaction":{"idSuffix":"I"}},"clearTextFirst":true,"interactionType":"ENTER_TEXT"}]}
RESULT: {"script":"<script> [776 bytes]","args":[{"enterText":null,"selector":{"controlType":"sap.m.SearchField","viewName":"etm.portal.ui.managehandovers.view.MasterHO","bindingPath":{"path":"","propertyPath":"/_BASIC_SEARCH_FIELD","modelName":"fi1t3rM0d31"},"searchOpenDialogs":true,"interaction":{"idSuffix":"I"}},"clearTextFirst":true,"interactionType":"ENTER_TEXT"}]}
COMMAND: POST /session/eabbf40a9b059578e3035111444f40f0/actions - {"actions":[{"id":"action13","type":"key","parameters":{},"actions":[{"type":"keyDown","value":""},{"type":"pause","duration":10},{"type":"keyUp","value":""}]}]}
RESULT: {"actions":[{"id":"action13","type":"key","parameters":{},"actions":[{"type":"keyDown","value":""},{"type":"pause","duration":10},{"type":"keyUp","value":""}]}]}
COMMAND: GET /session/eabbf40a9b059578e3035111444f40f0/screenshot - {}
RESULT: {}
COMMAND: POST /session/eabbf40a9b059578e3035111444f40f0/element - {"using":"xpath","value":"//div[contains(@id, 'filterItemControl_BASIC-SEND_CONTRACT-valueHelpDialog-table-rowsel0')]"}
RESULT: {"using":"xpath","value":"//div[contains(@id, 'filterItemControl_BASIC-SEND_CONTRACT-valueHelpDialog-table-rowsel0')]"}
COMMAND: POST /session/eabbf40a9b059578e3035111444f40f0/element/f.72F4F884D2456BFAF2BE58644CA6E573.d.88C3195B21BFEE6DA03971250DDEDC9C.e.4159/click - {}
RESULT: {}
COMMAND: GET /session/eabbf40a9b059578e3035111444f40f0/screenshot - {}
RESULT: {}
COMMAND: POST /session/eabbf40a9b059578e3035111444f40f0/element - {"using":"xpath","value":"//bdi[contains(text(), \"OK\")]"}
RESULT: {"using":"xpath","value":"//bdi[contains(text(), \"OK\")]"}
COMMAND: POST /session/eabbf40a9b059578e3035111444f40f0/element/f.72F4F884D2456BFAF2BE58644CA6E573.d.88C3195B21BFEE6DA03971250DDEDC9C.e.4161/click - {}
RESULT: {}
COMMAND: GET /session/eabbf40a9b059578e3035111444f40f0/screenshot - {}
RESULT: {}
COMMAND: POST /session/eabbf40a9b059578e3035111444f40f0/element - {"using":"xpath","value":"//span[contains(@id, \"smartTable-header-inner\")]"}
RESULT: {"using":"xpath","value":"//span[contains(@id, \"smartTable-header-inner\")]"}
COMMAND: POST /session/eabbf40a9b059578e3035111444f40f0/elements - {"using":"xpath","value":"//span[contains(@id, \"smartTable-header-inner\")]"}
RESULT: {"using":"xpath","value":"//span[contains(@id, \"smartTable-header-inner\")]"}
COMMAND: POST /session/eabbf40a9b059578e3035111444f40f0/execute/sync - {"script":"<script> [56 bytes]","args":[{"element-6066-11e4-a52e-4f735466cecf":"f.72F4F884D2456BFAF2BE58644CA6E573.d.88C3195B21BFEE6DA03971250DDEDC9C.e.4171","ELEMENT":"f.72F4F884D2456BFAF2BE58644CA6E573.d.88C3195B21BFEE6DA03971250DDEDC9C.e.4171"}]}
RESULT: {"script":"<script> [56 bytes]","args":[{"element-6066-11e4-a52e-4f735466cecf":"f.72F4F884D2456BFAF2BE58644CA6E573.d.88C3195B21BFEE6DA03971250DDEDC9C.e.4171","ELEMENT":"f.72F4F884D2456BFAF2BE58644CA6E573.d.88C3195B21BFEE6DA03971250DDEDC9C.e.4171"}]}
COMMAND: GET /session/eabbf40a9b059578e3035111444f40f0/screenshot - {}
COMMAND: GET /session/eabbf40a9b059578e3035111444f40f0/screenshot - {}
RESULT: {}
COMMAND: GET /session/eabbf40a9b059578e3035111444f40f0/screenshot - {}
COMMAND: GET /session/eabbf40a9b059578e3035111444f40f0/screenshot - {}
RESULT: {}
RESULT: {}
RESULT: {}
COMMAND: DELETE /session/eabbf40a9b059578e3035111444f40f0 - {}
RESULT: {}
]]></system-out>
      <system-err><![CDATA[
Error: expect(received).toEqual(expected) // deep equality

Expected: "Records (1)"
Received: "Records"
    at Context.<anonymous> (D:\a\1\s\test\specs\HTR\site-overview-return.spec.js:148:31)
]]></system-err>
    </testcase>
  </testsuite>
</testsuites>