<?xml version="1.0" encoding="UTF-8"?>
<testsuites tests="6" failures="0" errors="0" skipped="0">
  <testsuite timestamp="2025-04-27T15:32:35" time="853.527" tests="5" failures="0" errors="0" skipped="0">
    <properties>
      <property name="specId" value="0" />
      <property name="suiteName" value="Create masterdata for Yard Overview - trigger provide US130988" />
      <property name="capabilities" value="chrome.135_0_7049_96.windows" />
      <property name="file" value="file:///D:/a/1/s/test/specs/R2C/yard-overview-trigger.spec.js" />
    </properties>
    <testcase classname="chrome.135_0_7049_96.windows.Create_masterdata_for_Yard_Overview_-_trigger_provide_US130988" name="Should create prerequisites yard partner site material" time="461.552">
      <system-out><![CDATA[
COMMAND: POST /session/dbf12e8f3049a0fbd9455ca732c69091/execute/async - {"script":"<script> [1562 bytes]","args":[{"selector":{"controlType":"sap.m.GenericTile","properties":{"header":"Manage Yards"}},"wdio_ui5_key":"sapm.GenericTile{\"header\":\"Manage Yards\"}"}]}
RESULT: {"script":"<script> [1562 bytes]","args":[{"selector":{"controlType":"sap.m.GenericTile","properties":{"header":"Manage Yards"}},"wdio_ui5_key":"sapm.GenericTile{\"header\":\"Manage Yards\"}"}]}
RESULT: undefined
COMMAND: POST /session/dbf12e8f3049a0fbd9455ca732c69091/element - {"using":"xpath","value":"//*[@id=\"__tile41\"]"}
RESULT: {"using":"xpath","value":"//*[@id=\"__tile41\"]"}
COMMAND: POST /session/dbf12e8f3049a0fbd9455ca732c69091/element/f.DA6D5706066A486955EFE1E69ACB62C5.d.5F2EA3BCF80A97804FCCF8CA93DB683D.e.137/click - {}
RESULT: {}
COMMAND: GET /session/dbf12e8f3049a0fbd9455ca732c69091/screenshot - {}
RESULT: {}
COMMAND: POST /session/dbf12e8f3049a0fbd9455ca732c69091/execute/async - {"script":"<script> [1562 bytes]","args":[{"selector":{"controlType":"sap.ui.core.Icon","viewName":"etm.portal.ui.manageyards.view.Master","viewId":"application-manageyards-display-component---masterYard","properties":{"src":{"regex":{"source":"add"}}}},"wdio_ui5_key":"etmportal.ui.manageyards.view.Mastersap.ui.core.Icon{\"src\":{\"regex\":{\"source\":\"add\"}}}"}]}
RESULT: {"script":"<script> [1562 bytes]","args":[{"selector":{"controlType":"sap.ui.core.Icon","viewName":"etm.portal.ui.manageyards.view.Master","viewId":"application-manageyards-display-component---masterYard","properties":{"src":{"regex":{"source":"add"}}}},"wdio_ui5_key":"etmportal.ui.manageyards.view.Mastersap.ui.core.Icon{\"src\":{\"regex\":{\"source\":\"add\"}}}"}]}
RESULT: undefined
COMMAND: POST /session/dbf12e8f3049a0fbd9455ca732c69091/element - {"using":"xpath","value":"//*[@id=\"__button4-img\"]"}
RESULT: {"using":"xpath","value":"//*[@id=\"__button4-img\"]"}
COMMAND: POST /session/dbf12e8f3049a0fbd9455ca732c69091/element/f.DA6D5706066A486955EFE1E69ACB62C5.d.5F2EA3BCF80A97804FCCF8CA93DB683D.e.185/click - {}
RESULT: {}
COMMAND: GET /session/dbf12e8f3049a0fbd9455ca732c69091/screenshot - {}
RESULT: {}
COMMAND: POST /session/dbf12e8f3049a0fbd9455ca732c69091/execute/async - {"script":"<script> [1562 bytes]","args":[{"selector":{"id":"application-manageyards-display-component---NewYard--yardId","interaction":{"idSuffix":"inner"}},"wdio_ui5_key":"applicationmanageyards-display-component---NewYard--yardId"}]}
RESULT: {"script":"<script> [1562 bytes]","args":[{"selector":{"id":"application-manageyards-display-component---NewYard--yardId","interaction":{"idSuffix":"inner"}},"wdio_ui5_key":"applicationmanageyards-display-component---NewYard--yardId"}]}
RESULT: undefined
COMMAND: POST /session/dbf12e8f3049a0fbd9455ca732c69091/element - {"using":"xpath","value":"//*[@id=\"application-manageyards-display-component---NewYard--addressDetailDetailsName1-inner\"]"}
RESULT: {"using":"xpath","value":"//*[@id=\"application-manageyards-display-component---NewYard--addressDetailDetailsName1-inner\"]"}
COMMAND: POST /session/dbf12e8f3049a0fbd9455ca732c69091/element/f.DA6D5706066A486955EFE1E69ACB62C5.d.5F2EA3BCF80A97804FCCF8CA93DB683D.e.398/clear - {}
RESULT: {}
COMMAND: POST /session/dbf12e8f3049a0fbd9455ca732c69091/element/f.DA6D5706066A486955EFE1E69ACB62C5.d.5F2EA3BCF80A97804FCCF8CA93DB683D.e.398/value - {"text":"WebdriverYarddk4di"}
COMMAND: GET /session/dbf12e8f3049a0fbd9455ca732c69091/screenshot - {}
RESULT: {"text":"WebdriverYarddk4di"}
COMMAND: POST /session/dbf12e8f3049a0fbd9455ca732c69091/element - {"using":"xpath","value":"//*[@id=\"application-manageyards-display-component---NewYard--addressDetailDetailsLanguage-inner\"]"}
COMMAND: GET /session/dbf12e8f3049a0fbd9455ca732c69091/screenshot - {}
RESULT: {}
RESULT: {"using":"xpath","value":"//*[@id=\"application-manageyards-display-component---NewYard--addressDetailDetailsLanguage-inner\"]"}
COMMAND: POST /session/dbf12e8f3049a0fbd9455ca732c69091/element/f.DA6D5706066A486955EFE1E69ACB62C5.d.5F2EA3BCF80A97804FCCF8CA93DB683D.e.399/clear - {}
RESULT: {}
RESULT: {}
COMMAND: POST /session/dbf12e8f3049a0fbd9455ca732c69091/element/f.DA6D5706066A486955EFE1E69ACB62C5.d.5F2EA3BCF80A97804FCCF8CA93DB683D.e.399/value - {"text":"Romanian"}
COMMAND: GET /session/dbf12e8f3049a0fbd9455ca732c69091/screenshot - {}
RESULT: {"text":"Romanian"}
COMMAND: POST /session/dbf12e8f3049a0fbd9455ca732c69091/element - {"using":"xpath","value":"//input[contains(@id ,\"application-manageyards-display-component---NewYard--addressDetailDetailsName1-inner\")]"}
RESULT: {}
RESULT: {"using":"xpath","value":"//input[contains(@id ,\"application-manageyards-display-component---NewYard--addressDetailDetailsName1-inner\")]"}
COMMAND: GET /session/dbf12e8f3049a0fbd9455ca732c69091/element/f.DA6D5706066A486955EFE1E69ACB62C5.d.5F2EA3BCF80A97804FCCF8CA93DB683D.e.398/property/value - {}
COMMAND: GET /session/dbf12e8f3049a0fbd9455ca732c69091/screenshot - {}
RESULT: {}
COMMAND: GET /session/dbf12e8f3049a0fbd9455ca732c69091/screenshot - {}
RESULT: {}
RESULT: {}
COMMAND: POST /session/dbf12e8f3049a0fbd9455ca732c69091/element - {"using":"xpath","value":"//*[@id=\"application-manageyards-display-component---NewYard--addressDetailDetailsCity1-inner\"]"}
RESULT: {"using":"xpath","value":"//*[@id=\"application-manageyards-display-component---NewYard--addressDetailDetailsCity1-inner\"]"}
COMMAND: POST /session/dbf12e8f3049a0fbd9455ca732c69091/element/f.DA6D5706066A486955EFE1E69ACB62C5.d.5F2EA3BCF80A97804FCCF8CA93DB683D.e.401/clear - {}
RESULT: {}
COMMAND: POST /session/dbf12e8f3049a0fbd9455ca732c69091/element/f.DA6D5706066A486955EFE1E69ACB62C5.d.5F2EA3BCF80A97804FCCF8CA93DB683D.e.401/value - {"text":"Bucuresti"}
COMMAND: GET /session/dbf12e8f3049a0fbd9455ca732c69091/screenshot - {}
RESULT: {"text":"Bucuresti"}
COMMAND: GET /session/dbf12e8f3049a0fbd9455ca732c69091/screenshot - {}
RESULT: {}
RESULT: {}
COMMAND: POST /session/dbf12e8f3049a0fbd9455ca732c69091/element - {"using":"xpath","value":"//*[@id=\"application-manageyards-display-component---NewYard--addressDetailDetailsCountry-inner\"]"}
RESULT: {"using":"xpath","value":"//*[@id=\"application-manageyards-display-component---NewYard--addressDetailDetailsCountry-inner\"]"}
COMMAND: POST /session/dbf12e8f3049a0fbd9455ca732c69091/element/f.DA6D5706066A486955EFE1E69ACB62C5.d.5F2EA3BCF80A97804FCCF8CA93DB683D.e.405/clear - {}
RESULT: {}
COMMAND: POST /session/dbf12e8f3049a0fbd9455ca732c69091/element/f.DA6D5706066A486955EFE1E69ACB62C5.d.5F2EA3BCF80A97804FCCF8CA93DB683D.e.405/value - {"text":"Romania"}
COMMAND: GET /session/dbf12e8f3049a0fbd9455ca732c69091/screenshot - {}
RESULT: {"text":"Romania"}
COMMAND: GET /session/dbf12e8f3049a0fbd9455ca732c69091/screenshot - {}
RESULT: {}
RESULT: {}
COMMAND: POST /session/dbf12e8f3049a0fbd9455ca732c69091/element - {"using":"xpath","value":"//div[contains(text(), \"Commercial\")]"}
RESULT: {"using":"xpath","value":"//div[contains(text(), \"Commercial\")]"}
COMMAND: GET /session/dbf12e8f3049a0fbd9455ca732c69091/element/f.DA6D5706066A486955EFE1E69ACB62C5.d.5F2EA3BCF80A97804FCCF8CA93DB683D.e.594/rect - {}
RESULT: {}
COMMAND: GET /session/dbf12e8f3049a0fbd9455ca732c69091/window/rect - {}
RESULT: {}
COMMAND: POST /session/dbf12e8f3049a0fbd9455ca732c69091/execute/sync - {"script":"<script> [92 bytes]","args":[]}
RESULT: {"script":"<script> [92 bytes]","args":[]}
COMMAND: POST /session/dbf12e8f3049a0fbd9455ca732c69091/actions - {"actions":[{"id":"action1","type":"wheel","parameters":{},"actions":[{"type":"scroll","x":-1841,"y":-44,"deltaX":0,"deltaY":0,"duration":0,"origin":{"element-6066-11e4-a52e-4f735466cecf":"f.DA6D5706066A486955EFE1E69ACB62C5.d.5F2EA3BCF80A97804FCCF8CA93DB683D.e.594"}}]}]}
COMMAND: GET /session/dbf12e8f3049a0fbd9455ca732c69091/screenshot - {}
RESULT: {}
COMMAND: POST /session/dbf12e8f3049a0fbd9455ca732c69091/execute/sync - {"script":"<script> [79 bytes]","args":[{"element-6066-11e4-a52e-4f735466cecf":"f.DA6D5706066A486955EFE1E69ACB62C5.d.5F2EA3BCF80A97804FCCF8CA93DB683D.e.594","ELEMENT":"f.DA6D5706066A486955EFE1E69ACB62C5.d.5F2EA3BCF80A97804FCCF8CA93DB683D.e.594"},{"block":"start","inline":"nearest"}]}
RESULT: {"script":"<script> [79 bytes]","args":[{"element-6066-11e4-a52e-4f735466cecf":"f.DA6D5706066A486955EFE1E69ACB62C5.d.5F2EA3BCF80A97804FCCF8CA93DB683D.e.594","ELEMENT":"f.DA6D5706066A486955EFE1E69ACB62C5.d.5F2EA3BCF80A97804FCCF8CA93DB683D.e.594"},{"block":"start","inline":"nearest"}]}
COMMAND: GET /session/dbf12e8f3049a0fbd9455ca732c69091/screenshot - {}
RESULT: {}
COMMAND: POST /session/dbf12e8f3049a0fbd9455ca732c69091/execute/async - {"script":"<script> [1562 bytes]","args":[{"selector":{"id":"application-manageyards-display-component---NewYard--addressEditDetailsCostObjectCstType-arrow"},"wdio_ui5_key":"applicationmanageyards-display-component---NewYard--addressEditDetailsCostObjectCstType-arrow"}]}
RESULT: {"script":"<script> [1562 bytes]","args":[{"selector":{"id":"application-manageyards-display-component---NewYard--addressEditDetailsCostObjectCstType-arrow"},"wdio_ui5_key":"applicationmanageyards-display-component---NewYard--addressEditDetailsCostObjectCstType-arrow"}]}
RESULT: undefined
COMMAND: POST /session/dbf12e8f3049a0fbd9455ca732c69091/element - {"using":"xpath","value":"//*[@id=\"application-manageyards-display-component---NewYard--addressEditDetailsCostObjectCstType-arrow\"]"}
RESULT: {"using":"xpath","value":"//*[@id=\"application-manageyards-display-component---NewYard--addressEditDetailsCostObjectCstType-arrow\"]"}
COMMAND: POST /session/dbf12e8f3049a0fbd9455ca732c69091/element/f.DA6D5706066A486955EFE1E69ACB62C5.d.5F2EA3BCF80A97804FCCF8CA93DB683D.e.601/click - {}
RESULT: {}
COMMAND: POST /session/dbf12e8f3049a0fbd9455ca732c69091/element - {"using":"xpath","value":"//span[contains(text(), \"Cost Center\")]"}
COMMAND: GET /session/dbf12e8f3049a0fbd9455ca732c69091/screenshot - {}
RESULT: {"using":"xpath","value":"//span[contains(text(), \"Cost Center\")]"}
COMMAND: POST /session/dbf12e8f3049a0fbd9455ca732c69091/element/f.DA6D5706066A486955EFE1E69ACB62C5.d.5F2EA3BCF80A97804FCCF8CA93DB683D.e.603/click - {}
RESULT: {}
RESULT: {}
COMMAND: GET /session/dbf12e8f3049a0fbd9455ca732c69091/screenshot - {}
RESULT: {}
COMMAND: POST /session/dbf12e8f3049a0fbd9455ca732c69091/execute/async - {"script":"<script> [1562 bytes]","args":[{"selector":{"id":"application-manageyards-display-component---NewYard--addressNewCostObjectCstID-vhi"},"wdio_ui5_key":"applicationmanageyards-display-component---NewYard--addressNewCostObjectCstID-vhi"}]}
RESULT: {"script":"<script> [1562 bytes]","args":[{"selector":{"id":"application-manageyards-display-component---NewYard--addressNewCostObjectCstID-vhi"},"wdio_ui5_key":"applicationmanageyards-display-component---NewYard--addressNewCostObjectCstID-vhi"}]}
RESULT: undefined
COMMAND: POST /session/dbf12e8f3049a0fbd9455ca732c69091/element - {"using":"xpath","value":"//*[@id=\"application-manageyards-display-component---NewYard--addressNewCostObjectCstID-vhi\"]"}
RESULT: {"using":"xpath","value":"//*[@id=\"application-manageyards-display-component---NewYard--addressNewCostObjectCstID-vhi\"]"}
COMMAND: POST /session/dbf12e8f3049a0fbd9455ca732c69091/element/f.DA6D5706066A486955EFE1E69ACB62C5.d.5F2EA3BCF80A97804FCCF8CA93DB683D.e.619/click - {}
RESULT: {}
COMMAND: GET /session/dbf12e8f3049a0fbd9455ca732c69091/screenshot - {}
RESULT: {}
COMMAND: POST /session/dbf12e8f3049a0fbd9455ca732c69091/execute/async - {"script":"<script> [1562 bytes]","args":[{"selector":{"controlType":"sap.m.SearchField","properties":{"placeholder":"Search"},"searchOpenDialogs":true,"interaction":{"idSuffix":"I"}},"wdio_ui5_key":"sapm.SearchField{\"placeholder\":\"Search\"}"}]}
RESULT: {"script":"<script> [1562 bytes]","args":[{"selector":{"controlType":"sap.m.SearchField","properties":{"placeholder":"Search"},"searchOpenDialogs":true,"interaction":{"idSuffix":"I"}},"wdio_ui5_key":"sapm.SearchField{\"placeholder\":\"Search\"}"}]}
RESULT: undefined
COMMAND: POST /session/dbf12e8f3049a0fbd9455ca732c69091/execute/async - {"script":"<script> [776 bytes]","args":[{"enterText":"10001013","selector":{"controlType":"sap.m.SearchField","properties":{"placeholder":"Search"},"searchOpenDialogs":true,"interaction":{"idSuffix":"I"}},"clearTextFirst":true,"interactionType":"ENTER_TEXT"}]}
RESULT: {"script":"<script> [776 bytes]","args":[{"enterText":"10001013","selector":{"controlType":"sap.m.SearchField","properties":{"placeholder":"Search"},"searchOpenDialogs":true,"interaction":{"idSuffix":"I"}},"clearTextFirst":true,"interactionType":"ENTER_TEXT"}]}
COMMAND: POST /session/dbf12e8f3049a0fbd9455ca732c69091/actions - {"actions":[{"id":"action2","type":"key","parameters":{},"actions":[{"type":"keyDown","value":"î€‡"},{"type":"pause","duration":10},{"type":"keyUp","value":"î€‡"}]}]}
RESULT: {"actions":[{"id":"action2","type":"key","parameters":{},"actions":[{"type":"keyDown","value":"î€‡"},{"type":"pause","duration":10},{"type":"keyUp","value":"î€‡"}]}]}
COMMAND: GET /session/dbf12e8f3049a0fbd9455ca732c69091/screenshot - {}
RESULT: {}
COMMAND: POST /session/dbf12e8f3049a0fbd9455ca732c69091/element - {"using":"xpath","value":"//span[contains(text(), \"General Management\")]"}
RESULT: {"using":"xpath","value":"//span[contains(text(), \"General Management\")]"}
COMMAND: POST /session/dbf12e8f3049a0fbd9455ca732c69091/element/f.DA6D5706066A486955EFE1E69ACB62C5.d.5F2EA3BCF80A97804FCCF8CA93DB683D.e.661/click - {}
RESULT: {}
COMMAND: GET /session/dbf12e8f3049a0fbd9455ca732c69091/screenshot - {}
RESULT: {}
COMMAND: POST /session/dbf12e8f3049a0fbd9455ca732c69091/element - {"using":"xpath","value":"//bdi[contains(text(), \"OK\")]"}
RESULT: {"using":"xpath","value":"//bdi[contains(text(), \"OK\")]"}
COMMAND: POST /session/dbf12e8f3049a0fbd9455ca732c69091/element/f.DA6D5706066A486955EFE1E69ACB62C5.d.5F2EA3BCF80A97804FCCF8CA93DB683D.e.662/click - {}
RESULT: {}
COMMAND: GET /session/dbf12e8f3049a0fbd9455ca732c69091/screenshot - {}
RESULT: {}
COMMAND: POST /session/dbf12e8f3049a0fbd9455ca732c69091/execute/async - {"script":"<script> [1562 bytes]","args":[{"selector":{"controlType":"sap.m.Button","viewName":"etm.portal.ui.manageyards.view.New","viewId":"application-manageyards-display-component---NewYard","i18NText":{"propertyName":"text","key":"save"},"interaction":{"idSuffix":"inner"}},"wdio_ui5_key":"etmportal.ui.manageyards.view.Newsap.m.Button{\"propertyName\":\"text\",\"key\":\"save\"}"}]}
RESULT: {"script":"<script> [1562 bytes]","args":[{"selector":{"controlType":"sap.m.Button","viewName":"etm.portal.ui.manageyards.view.New","viewId":"application-manageyards-display-component---NewYard","i18NText":{"propertyName":"text","key":"save"},"interaction":{"idSuffix":"inner"}},"wdio_ui5_key":"etmportal.ui.manageyards.view.Newsap.m.Button{\"propertyName\":\"text\",\"key\":\"save\"}"}]}
RESULT: undefined
COMMAND: POST /session/dbf12e8f3049a0fbd9455ca732c69091/element - {"using":"xpath","value":"//*[@id=\"__button18\"]"}
RESULT: {"using":"xpath","value":"//*[@id=\"__button18\"]"}
COMMAND: POST /session/dbf12e8f3049a0fbd9455ca732c69091/element/f.DA6D5706066A486955EFE1E69ACB62C5.d.5F2EA3BCF80A97804FCCF8CA93DB683D.e.574/click - {}
RESULT: {}
COMMAND: GET /session/dbf12e8f3049a0fbd9455ca732c69091/screenshot - {}
RESULT: {}
COMMAND: POST /session/dbf12e8f3049a0fbd9455ca732c69091/element - {"using":"xpath","value":"//header/div/div[2]/div[2]/span"}
RESULT: {"using":"xpath","value":"//header/div/div[2]/div[2]/span"}
COMMAND: GET /session/dbf12e8f3049a0fbd9455ca732c69091/element/f.DA6D5706066A486955EFE1E69ACB62C5.d.5F2EA3BCF80A97804FCCF8CA93DB683D.e.858/text - {}
RESULT: {}
COMMAND: POST /session/dbf12e8f3049a0fbd9455ca732c69091/execute/async - {"script":"<script> [1562 bytes]","args":[{"selector":{"controlType":"sap.m.OverflowToolbarButton","viewName":"etm.portal.ui.manageyards.view.Detail","viewId":"application-manageyards-display-component---detailYard","i18NText":{"propertyName":"tooltip","key":"closeColumn"},"interaction":{"idSuffix":"inner"}},"wdio_ui5_key":"etmportal.ui.manageyards.view.Detailsap.m.OverflowToolbarButton{\"propertyName\":\"tooltip\",\"key\":\"closeColumn\"}"}]}
RESULT: {"script":"<script> [1562 bytes]","args":[{"selector":{"controlType":"sap.m.OverflowToolbarButton","viewName":"etm.portal.ui.manageyards.view.Detail","viewId":"application-manageyards-display-component---detailYard","i18NText":{"propertyName":"tooltip","key":"closeColumn"},"interaction":{"idSuffix":"inner"}},"wdio_ui5_key":"etmportal.ui.manageyards.view.Detailsap.m.OverflowToolbarButton{\"propertyName\":\"tooltip\",\"key\":\"closeColumn\"}"}]}
RESULT: undefined
COMMAND: POST /session/dbf12e8f3049a0fbd9455ca732c69091/element - {"using":"xpath","value":"//*[@id=\"__button42\"]"}
RESULT: {"using":"xpath","value":"//*[@id=\"__button42\"]"}
COMMAND: POST /session/dbf12e8f3049a0fbd9455ca732c69091/element/f.DA6D5706066A486955EFE1E69ACB62C5.d.5F2EA3BCF80A97804FCCF8CA93DB683D.e.860/click - {}
RESULT: {}
COMMAND: GET /session/dbf12e8f3049a0fbd9455ca732c69091/screenshot - {}
RESULT: {}
COMMAND: POST /session/dbf12e8f3049a0fbd9455ca732c69091/element - {"using":"css selector","value":"#shell-header-logo"}
RESULT: {"using":"css selector","value":"#shell-header-logo"}
COMMAND: POST /session/dbf12e8f3049a0fbd9455ca732c69091/element/f.DA6D5706066A486955EFE1E69ACB62C5.d.5F2EA3BCF80A97804FCCF8CA93DB683D.e.140/click - {}
RESULT: {}
COMMAND: GET /session/dbf12e8f3049a0fbd9455ca732c69091/screenshot - {}
RESULT: {}
COMMAND: POST /session/dbf12e8f3049a0fbd9455ca732c69091/refresh - {}
RESULT: {}
COMMAND: GET /session/dbf12e8f3049a0fbd9455ca732c69091/screenshot - {}
RESULT: {}
COMMAND: POST /session/dbf12e8f3049a0fbd9455ca732c69091/execute/async - {"script":"<script> [189 bytes]","args":[]}
RESULT: {"script":"<script> [189 bytes]","args":[]}
COMMAND: POST /session/dbf12e8f3049a0fbd9455ca732c69091/execute/async - {"script":"<script> [123 bytes]","args":[]}
RESULT: {"script":"<script> [123 bytes]","args":[]}
COMMAND: POST /session/dbf12e8f3049a0fbd9455ca732c69091/timeouts - {"script":"<number>"}
RESULT: {"script":"<number>"}
COMMAND: GET /session/dbf12e8f3049a0fbd9455ca732c69091/timeouts - {}
RESULT: {}
RESULT: undefined
COMMAND: POST /session/dbf12e8f3049a0fbd9455ca732c69091/execute/async - {"script":"<script> [2676 bytes]","args":[]}
RESULT: {"script":"<script> [2676 bytes]","args":[]}
COMMAND: POST /session/dbf12e8f3049a0fbd9455ca732c69091/execute/async - {"script":"<script> [2342 bytes]","args":[{"protocol":"http","hostname":"0.0.0.0","path":"/","capabilities":{"browserName":"chrome","goog:chromeOptions":{"binary":"C:\\Program Files\\Google\\Chrome\\Application\\chrome.exe","args":["--start-maximized"]}},"logLevel":"warn","connectionRetryTimeout":120000,"connectionRetryCount":3,"logLevels":{},"enableDirectConnect":true,"strictSSL":true,"_":"65 more keys: [\"cacheDir\",\"port\",\"requestedCapabilities\",\"automationProtocol\",\"baseUrl\",\"waitforInterval\",\"waitforTimeout\",\"onReload\",\"beforeCommand\",\"afterCommand\",\"rootDir\",\"specs\",\"suites\",\"exclude\",\"groupLogsByTestSpec\",\"excludeDriverLogs\",\"bail\",\"framework\",\"reporters\",\"services\",\"maxInstances\",\"maxInstancesPerCapability\",\"injectGlobals\",\"filesToWatch\",\"execArgv\",\"runnerEnv\",\"runner\",\"shard\",\"specFileRetries\",\"specFileRetriesDelay\",\"specFileRetriesDeferred\",\"reporterSyncInterval\",\"reporterSyncTimeout\",\"cucumberFeaturesWithLineNumbers\",\"autoCompileOpts\",\"mochaOpts\",\"jasmineOpts\",\"cucumberOpts\",\"onPrepare\",\"onWorkerStart\",\"onWorkerEnd\",\"before\",\"beforeSession\",\"beforeSuite\",\"beforeHook\",\"beforeTest\",\"afterTest\",\"afterHook\",\"afterSuite\",\"afterSession\",\"after\",\"onComplete\",\"beforeAssertion\",\"afterAssertion\",\"beforeFeature\",\"beforeScenario\",\"beforeStep\",\"afterStep\",\"afterScenario\",\"afterFeature\",\"_\",\"suite\",\"$0\",\"ignoredWorkerServices\",\"wdi5\"]"}]}
RESULT: {"script":"<script> [2342 bytes]","args":[{"protocol":"http","hostname":"0.0.0.0","path":"/","capabilities":{"browserName":"chrome","goog:chromeOptions":{"binary":"C:\\Program Files\\Google\\Chrome\\Application\\chrome.exe","args":["--start-maximized"]}},"logLevel":"warn","connectionRetryTimeout":120000,"connectionRetryCount":3,"logLevels":{},"enableDirectConnect":true,"strictSSL":true,"_":"65 more keys: [\"cacheDir\",\"port\",\"requestedCapabilities\",\"automationProtocol\",\"baseUrl\",\"waitforInterval\",\"waitforTimeout\",\"onReload\",\"beforeCommand\",\"afterCommand\",\"rootDir\",\"specs\",\"suites\",\"exclude\",\"groupLogsByTestSpec\",\"excludeDriverLogs\",\"bail\",\"framework\",\"reporters\",\"services\",\"maxInstances\",\"maxInstancesPerCapability\",\"injectGlobals\",\"filesToWatch\",\"execArgv\",\"runnerEnv\",\"runner\",\"shard\",\"specFileRetries\",\"specFileRetriesDelay\",\"specFileRetriesDeferred\",\"reporterSyncInterval\",\"reporterSyncTimeout\",\"cucumberFeaturesWithLineNumbers\",\"autoCompileOpts\",\"mochaOpts\",\"jasmineOpts\",\"cucumberOpts\",\"onPrepare\",\"onWorkerStart\",\"onWorkerEnd\",\"before\",\"beforeSession\",\"beforeSuite\",\"beforeHook\",\"beforeTest\",\"afterTest\",\"afterHook\",\"afterSuite\",\"afterSession\",\"after\",\"onComplete\",\"beforeAssertion\",\"afterAssertion\",\"beforeFeature\",\"beforeScenario\",\"beforeStep\",\"afterStep\",\"afterScenario\",\"afterFeature\",\"_\",\"suite\",\"$0\",\"ignoredWorkerServices\",\"wdi5\"]"}]}
COMMAND: POST /session/dbf12e8f3049a0fbd9455ca732c69091/execute/async - {"script":"<script> [21126 bytes]","args":[35000]}
RESULT: {"script":"<script> [21126 bytes]","args":[35000]}
COMMAND: POST /session/dbf12e8f3049a0fbd9455ca732c69091/execute/async - {"script":"<script> [1562 bytes]","args":[{"selector":{"controlType":"sap.m.GenericTile","properties":{"header":"Manage Partners"}},"wdio_ui5_key":"sapm.GenericTile{\"header\":\"Manage Partners\"}"}]}
RESULT: {"script":"<script> [1562 bytes]","args":[{"selector":{"controlType":"sap.m.GenericTile","properties":{"header":"Manage Partners"}},"wdio_ui5_key":"sapm.GenericTile{\"header\":\"Manage Partners\"}"}]}
RESULT: undefined
COMMAND: POST /session/dbf12e8f3049a0fbd9455ca732c69091/element - {"using":"xpath","value":"//*[@id=\"__tile38\"]"}
RESULT: {"using":"xpath","value":"//*[@id=\"__tile38\"]"}
COMMAND: POST /session/dbf12e8f3049a0fbd9455ca732c69091/element/f.DA6D5706066A486955EFE1E69ACB62C5.d.1A0ED6F15776C302FB985F19989293B9.e.1217/click - {}
RESULT: {}
COMMAND: GET /session/dbf12e8f3049a0fbd9455ca732c69091/screenshot - {}
RESULT: {}
COMMAND: POST /session/dbf12e8f3049a0fbd9455ca732c69091/execute/async - {"script":"<script> [1562 bytes]","args":[{"selector":{"controlType":"sap.ui.core.Icon","viewName":"etm.portal.ui.managepartners.view.Master","viewId":"application-managepartners-display-component---masterPtm","properties":{"src":{"regex":{"source":"add"}}}},"wdio_ui5_key":"etmportal.ui.managepartners.view.Mastersap.ui.core.Icon{\"src\":{\"regex\":{\"source\":\"add\"}}}"}]}
RESULT: {"script":"<script> [1562 bytes]","args":[{"selector":{"controlType":"sap.ui.core.Icon","viewName":"etm.portal.ui.managepartners.view.Master","viewId":"application-managepartners-display-component---masterPtm","properties":{"src":{"regex":{"source":"add"}}}},"wdio_ui5_key":"etmportal.ui.managepartners.view.Mastersap.ui.core.Icon{\"src\":{\"regex\":{\"source\":\"add\"}}}"}]}
RESULT: undefined
COMMAND: POST /session/dbf12e8f3049a0fbd9455ca732c69091/element - {"using":"xpath","value":"//*[@id=\"__button4-img\"]"}
RESULT: {"using":"xpath","value":"//*[@id=\"__button4-img\"]"}
COMMAND: POST /session/dbf12e8f3049a0fbd9455ca732c69091/element/f.DA6D5706066A486955EFE1E69ACB62C5.d.1A0ED6F15776C302FB985F19989293B9.e.1269/click - {}
RESULT: {}
COMMAND: GET /session/dbf12e8f3049a0fbd9455ca732c69091/screenshot - {}
COMMAND: POST /session/dbf12e8f3049a0fbd9455ca732c69091/execute/async - {"script":"<script> [1562 bytes]","args":[{"selector":{"id":"application-managepartners-display-component---NewPartner--partnerId","interaction":{"idSuffix":"inner"}},"wdio_ui5_key":"applicationmanagepartners-display-component---NewPartner--partnerId"}]}
RESULT: {}
RESULT: {"script":"<script> [1562 bytes]","args":[{"selector":{"id":"application-managepartners-display-component---NewPartner--partnerId","interaction":{"idSuffix":"inner"}},"wdio_ui5_key":"applicationmanagepartners-display-component---NewPartner--partnerId"}]}
RESULT: undefined
COMMAND: POST /session/dbf12e8f3049a0fbd9455ca732c69091/execute/async - {"script":"<script> [1562 bytes]","args":[{"selector":{"id":"application-managepartners-display-component---NewPartner--addressDetailDetailsName1","interaction":{"idSuffix":"inner"}},"wdio_ui5_key":"applicationmanagepartners-display-component---NewPartner--addressDetailDetailsName1"}]}
RESULT: {"script":"<script> [1562 bytes]","args":[{"selector":{"id":"application-managepartners-display-component---NewPartner--addressDetailDetailsName1","interaction":{"idSuffix":"inner"}},"wdio_ui5_key":"applicationmanagepartners-display-component---NewPartner--addressDetailDetailsName1"}]}
RESULT: undefined
COMMAND: POST /session/dbf12e8f3049a0fbd9455ca732c69091/execute/async - {"script":"<script> [776 bytes]","args":[{"enterText":"WebdriverPartnero2kuf","selector":{"id":"application-managepartners-display-component---NewPartner--addressDetailDetailsName1","interaction":{"idSuffix":"inner"}},"clearTextFirst":true,"interactionType":"ENTER_TEXT"}]}
RESULT: {"script":"<script> [776 bytes]","args":[{"enterText":"WebdriverPartnero2kuf","selector":{"id":"application-managepartners-display-component---NewPartner--addressDetailDetailsName1","interaction":{"idSuffix":"inner"}},"clearTextFirst":true,"interactionType":"ENTER_TEXT"}]}
COMMAND: POST /session/dbf12e8f3049a0fbd9455ca732c69091/execute/async - {"script":"<script> [1562 bytes]","args":[{"selector":{"id":"application-managepartners-display-component---NewPartner--addressDetailDetailsLanguage","interaction":{"idSuffix":"inner"}},"wdio_ui5_key":"applicationmanagepartners-display-component---NewPartner--addressDetailDetailsLanguage"}]}
RESULT: {"script":"<script> [1562 bytes]","args":[{"selector":{"id":"application-managepartners-display-component---NewPartner--addressDetailDetailsLanguage","interaction":{"idSuffix":"inner"}},"wdio_ui5_key":"applicationmanagepartners-display-component---NewPartner--addressDetailDetailsLanguage"}]}
RESULT: undefined
COMMAND: POST /session/dbf12e8f3049a0fbd9455ca732c69091/execute/async - {"script":"<script> [776 bytes]","args":[{"enterText":"Romanian","selector":{"id":"application-managepartners-display-component---NewPartner--addressDetailDetailsLanguage","interaction":{"idSuffix":"inner"}},"clearTextFirst":true,"interactionType":"ENTER_TEXT"}]}
RESULT: {"script":"<script> [776 bytes]","args":[{"enterText":"Romanian","selector":{"id":"application-managepartners-display-component---NewPartner--addressDetailDetailsLanguage","interaction":{"idSuffix":"inner"}},"clearTextFirst":true,"interactionType":"ENTER_TEXT"}]}
COMMAND: POST /session/dbf12e8f3049a0fbd9455ca732c69091/element - {"using":"xpath","value":"//input[contains(@id ,\"application-managepartners-display-component---NewPartner--addressDetailDetailsName1-inner\")]"}
RESULT: {"using":"xpath","value":"//input[contains(@id ,\"application-managepartners-display-component---NewPartner--addressDetailDetailsName1-inner\")]"}
COMMAND: GET /session/dbf12e8f3049a0fbd9455ca732c69091/element/f.DA6D5706066A486955EFE1E69ACB62C5.d.1A0ED6F15776C302FB985F19989293B9.e.1485/property/value - {}
RESULT: {}
COMMAND: POST /session/dbf12e8f3049a0fbd9455ca732c69091/execute/async - {"script":"<script> [1562 bytes]","args":[{"selector":{"id":"application-managepartners-display-component---NewPartner--addressDetailDetailsCity1","interaction":{"idSuffix":"inner"}},"wdio_ui5_key":"applicationmanagepartners-display-component---NewPartner--addressDetailDetailsCity1"}]}
COMMAND: GET /session/dbf12e8f3049a0fbd9455ca732c69091/screenshot - {}
RESULT: {"script":"<script> [1562 bytes]","args":[{"selector":{"id":"application-managepartners-display-component---NewPartner--addressDetailDetailsCity1","interaction":{"idSuffix":"inner"}},"wdio_ui5_key":"applicationmanagepartners-display-component---NewPartner--addressDetailDetailsCity1"}]}
RESULT: undefined
COMMAND: POST /session/dbf12e8f3049a0fbd9455ca732c69091/execute/async - {"script":"<script> [776 bytes]","args":[{"enterText":"Bucharest","selector":{"id":"application-managepartners-display-component---NewPartner--addressDetailDetailsCity1","interaction":{"idSuffix":"inner"}},"clearTextFirst":true,"interactionType":"ENTER_TEXT"}]}
RESULT: {}
RESULT: {"script":"<script> [776 bytes]","args":[{"enterText":"Bucharest","selector":{"id":"application-managepartners-display-component---NewPartner--addressDetailDetailsCity1","interaction":{"idSuffix":"inner"}},"clearTextFirst":true,"interactionType":"ENTER_TEXT"}]}
COMMAND: POST /session/dbf12e8f3049a0fbd9455ca732c69091/execute/async - {"script":"<script> [1562 bytes]","args":[{"selector":{"id":"application-managepartners-display-component---NewPartner--addressDetailDetailsCountry","interaction":{"idSuffix":"inner"}},"wdio_ui5_key":"applicationmanagepartners-display-component---NewPartner--addressDetailDetailsCountry"}]}
RESULT: {"script":"<script> [1562 bytes]","args":[{"selector":{"id":"application-managepartners-display-component---NewPartner--addressDetailDetailsCountry","interaction":{"idSuffix":"inner"}},"wdio_ui5_key":"applicationmanagepartners-display-component---NewPartner--addressDetailDetailsCountry"}]}
RESULT: undefined
COMMAND: POST /session/dbf12e8f3049a0fbd9455ca732c69091/execute/async - {"script":"<script> [6424 bytes]","args":[{"element-6066-11e4-a52e-4f735466cecf":"f.DA6D5706066A486955EFE1E69ACB62C5.d.1A0ED6F15776C302FB985F19989293B9.e.1492"},"setValue",["Romania"]]}
RESULT: {"script":"<script> [6424 bytes]","args":[{"element-6066-11e4-a52e-4f735466cecf":"f.DA6D5706066A486955EFE1E69ACB62C5.d.1A0ED6F15776C302FB985F19989293B9.e.1492"},"setValue",["Romania"]]}
COMMAND: POST /session/dbf12e8f3049a0fbd9455ca732c69091/execute/async - {"script":"<script> [1562 bytes]","args":[{"selector":{"id":"application-managepartners-display-component---NewPartner--partnerDetailInternal","interaction":{"idSuffix":"inner"}},"wdio_ui5_key":"applicationmanagepartners-display-component---NewPartner--partnerDetailInternal"}]}
RESULT: {"script":"<script> [1562 bytes]","args":[{"selector":{"id":"application-managepartners-display-component---NewPartner--partnerDetailInternal","interaction":{"idSuffix":"inner"}},"wdio_ui5_key":"applicationmanagepartners-display-component---NewPartner--partnerDetailInternal"}]}
RESULT: undefined
COMMAND: POST /session/dbf12e8f3049a0fbd9455ca732c69091/execute/async - {"script":"<script> [776 bytes]","args":[{"enterText":"External partner","selector":{"id":"application-managepartners-display-component---NewPartner--partnerDetailInternal","interaction":{"idSuffix":"inner"}},"clearTextFirst":true,"interactionType":"ENTER_TEXT"}]}
RESULT: {"script":"<script> [776 bytes]","args":[{"enterText":"External partner","selector":{"id":"application-managepartners-display-component---NewPartner--partnerDetailInternal","interaction":{"idSuffix":"inner"}},"clearTextFirst":true,"interactionType":"ENTER_TEXT"}]}
COMMAND: POST /session/dbf12e8f3049a0fbd9455ca732c69091/execute/async - {"script":"<script> [1562 bytes]","args":[{"selector":{"id":"application-managepartners-display-component---NewPartner--partnerDetailsCurrency","interaction":{"idSuffix":"inner"}},"wdio_ui5_key":"applicationmanagepartners-display-component---NewPartner--partnerDetailsCurrency"}]}
RESULT: {"script":"<script> [1562 bytes]","args":[{"selector":{"id":"application-managepartners-display-component---NewPartner--partnerDetailsCurrency","interaction":{"idSuffix":"inner"}},"wdio_ui5_key":"applicationmanagepartners-display-component---NewPartner--partnerDetailsCurrency"}]}
RESULT: undefined
COMMAND: POST /session/dbf12e8f3049a0fbd9455ca732c69091/execute/async - {"script":"<script> [776 bytes]","args":[{"enterText":"Euro","selector":{"id":"application-managepartners-display-component---NewPartner--partnerDetailsCurrency","interaction":{"idSuffix":"inner"}},"clearTextFirst":true,"interactionType":"ENTER_TEXT"}]}
RESULT: {"script":"<script> [776 bytes]","args":[{"enterText":"Euro","selector":{"id":"application-managepartners-display-component---NewPartner--partnerDetailsCurrency","interaction":{"idSuffix":"inner"}},"clearTextFirst":true,"interactionType":"ENTER_TEXT"}]}
COMMAND: POST /session/dbf12e8f3049a0fbd9455ca732c69091/execute/async - {"script":"<script> [1562 bytes]","args":[{"selector":{"controlType":"sap.m.Button","viewName":"etm.portal.ui.managepartners.view.NewPartner","viewId":"application-managepartners-display-component---NewPartner","properties":{"text":"Commercial"},"interaction":{"idSuffix":"BDI-content"}},"wdio_ui5_key":"etmportal.ui.managepartners.view.NewPartnersap.m.Button{\"text\":\"Commercial\"}"}]}
RESULT: {"script":"<script> [1562 bytes]","args":[{"selector":{"controlType":"sap.m.Button","viewName":"etm.portal.ui.managepartners.view.NewPartner","viewId":"application-managepartners-display-component---NewPartner","properties":{"text":"Commercial"},"interaction":{"idSuffix":"BDI-content"}},"wdio_ui5_key":"etmportal.ui.managepartners.view.NewPartnersap.m.Button{\"text\":\"Commercial\"}"}]}
RESULT: undefined
COMMAND: POST /session/dbf12e8f3049a0fbd9455ca732c69091/element - {"using":"xpath","value":"//*[@id=\"application-managepartners-display-component---NewPartner--ObjectPageLayout-anchBar-__section5-anchor\"]"}
RESULT: {"using":"xpath","value":"//*[@id=\"application-managepartners-display-component---NewPartner--ObjectPageLayout-anchBar-__section5-anchor\"]"}
COMMAND: POST /session/dbf12e8f3049a0fbd9455ca732c69091/element/f.DA6D5706066A486955EFE1E69ACB62C5.d.1A0ED6F15776C302FB985F19989293B9.e.1697/click - {}
RESULT: {}
COMMAND: GET /session/dbf12e8f3049a0fbd9455ca732c69091/screenshot - {}
RESULT: {}
COMMAND: POST /session/dbf12e8f3049a0fbd9455ca732c69091/execute/async - {"script":"<script> [1562 bytes]","args":[{"selector":{"id":"application-managepartners-display-component---NewPartner--btnAddTableRow-img"},"wdio_ui5_key":"applicationmanagepartners-display-component---NewPartner--btnAddTableRow-img"}]}
RESULT: {"script":"<script> [1562 bytes]","args":[{"selector":{"id":"application-managepartners-display-component---NewPartner--btnAddTableRow-img"},"wdio_ui5_key":"applicationmanagepartners-display-component---NewPartner--btnAddTableRow-img"}]}
RESULT: undefined
COMMAND: POST /session/dbf12e8f3049a0fbd9455ca732c69091/element - {"using":"xpath","value":"//*[@id=\"application-managepartners-display-component---NewPartner--btnAddTableRow-img\"]"}
RESULT: {"using":"xpath","value":"//*[@id=\"application-managepartners-display-component---NewPartner--btnAddTableRow-img\"]"}
COMMAND: POST /session/dbf12e8f3049a0fbd9455ca732c69091/element/f.DA6D5706066A486955EFE1E69ACB62C5.d.1A0ED6F15776C302FB985F19989293B9.e.1703/click - {}
RESULT: {}
COMMAND: POST /session/dbf12e8f3049a0fbd9455ca732c69091/element - {"using":"xpath","value":"//input[contains(@id ,\"application-managepartners-display-component---NewPartner--assignmentYard-application-managepartners-display-component---NewPartner\")]"}
COMMAND: GET /session/dbf12e8f3049a0fbd9455ca732c69091/screenshot - {}
RESULT: {"using":"xpath","value":"//input[contains(@id ,\"application-managepartners-display-component---NewPartner--assignmentYard-application-managepartners-display-component---NewPartner\")]"}
COMMAND: POST /session/dbf12e8f3049a0fbd9455ca732c69091/element/f.DA6D5706066A486955EFE1E69ACB62C5.d.1A0ED6F15776C302FB985F19989293B9.e.1708/clear - {}
RESULT: {}
RESULT: {}
COMMAND: POST /session/dbf12e8f3049a0fbd9455ca732c69091/element/f.DA6D5706066A486955EFE1E69ACB62C5.d.1A0ED6F15776C302FB985F19989293B9.e.1708/value - {"text":"286"}
COMMAND: GET /session/dbf12e8f3049a0fbd9455ca732c69091/screenshot - {}
RESULT: {"text":"286"}
COMMAND: GET /session/dbf12e8f3049a0fbd9455ca732c69091/screenshot - {}
RESULT: {}
RESULT: {}
COMMAND: POST /session/dbf12e8f3049a0fbd9455ca732c69091/execute/async - {"script":"<script> [1562 bytes]","args":[{"selector":{"controlType":"sap.m.Button","viewName":"etm.portal.ui.managepartners.view.NewPartner","viewId":"application-managepartners-display-component---NewPartner","i18NText":{"propertyName":"text","key":"save"},"interaction":{"idSuffix":"BDI-content"}},"wdio_ui5_key":"etmportal.ui.managepartners.view.NewPartnersap.m.Button{\"propertyName\":\"text\",\"key\":\"save\"}"}]}
RESULT: {"script":"<script> [1562 bytes]","args":[{"selector":{"controlType":"sap.m.Button","viewName":"etm.portal.ui.managepartners.view.NewPartner","viewId":"application-managepartners-display-component---NewPartner","i18NText":{"propertyName":"text","key":"save"},"interaction":{"idSuffix":"BDI-content"}},"wdio_ui5_key":"etmportal.ui.managepartners.view.NewPartnersap.m.Button{\"propertyName\":\"text\",\"key\":\"save\"}"}]}
RESULT: undefined
COMMAND: POST /session/dbf12e8f3049a0fbd9455ca732c69091/element - {"using":"xpath","value":"//*[@id=\"__button12\"]"}
RESULT: {"using":"xpath","value":"//*[@id=\"__button12\"]"}
COMMAND: POST /session/dbf12e8f3049a0fbd9455ca732c69091/element/f.DA6D5706066A486955EFE1E69ACB62C5.d.1A0ED6F15776C302FB985F19989293B9.e.1637/click - {}
RESULT: {}
COMMAND: GET /session/dbf12e8f3049a0fbd9455ca732c69091/screenshot - {}
RESULT: {}
COMMAND: POST /session/dbf12e8f3049a0fbd9455ca732c69091/element - {"using":"xpath","value":"//header/div/div[2]/div[2]/span"}
RESULT: {"using":"xpath","value":"//header/div/div[2]/div[2]/span"}
COMMAND: GET /session/dbf12e8f3049a0fbd9455ca732c69091/element/f.DA6D5706066A486955EFE1E69ACB62C5.d.1A0ED6F15776C302FB985F19989293B9.e.1880/text - {}
RESULT: {}
COMMAND: POST /session/dbf12e8f3049a0fbd9455ca732c69091/element - {"using":"xpath","value":"//header/div/div/div/div/div/div[2]/div/span"}
RESULT: {"using":"xpath","value":"//header/div/div/div/div/div/div[2]/div/span"}
COMMAND: GET /session/dbf12e8f3049a0fbd9455ca732c69091/element/f.DA6D5706066A486955EFE1E69ACB62C5.d.1A0ED6F15776C302FB985F19989293B9.e.1881/text - {}
RESULT: {}
COMMAND: POST /session/dbf12e8f3049a0fbd9455ca732c69091/execute/async - {"script":"<script> [1562 bytes]","args":[{"selector":{"id":"application-managepartners-display-component---detailPtm--partnerType"},"wdio_ui5_key":"applicationmanagepartners-display-component---detailPtm--partnerType"}]}
RESULT: {"script":"<script> [1562 bytes]","args":[{"selector":{"id":"application-managepartners-display-component---detailPtm--partnerType"},"wdio_ui5_key":"applicationmanagepartners-display-component---detailPtm--partnerType"}]}
RESULT: undefined
COMMAND: POST /session/dbf12e8f3049a0fbd9455ca732c69091/execute/async - {"script":"<script> [6424 bytes]","args":[{"element-6066-11e4-a52e-4f735466cecf":"f.DA6D5706066A486955EFE1E69ACB62C5.d.1A0ED6F15776C302FB985F19989293B9.e.1882"},"getText",[]]}
RESULT: {"script":"<script> [6424 bytes]","args":[{"element-6066-11e4-a52e-4f735466cecf":"f.DA6D5706066A486955EFE1E69ACB62C5.d.1A0ED6F15776C302FB985F19989293B9.e.1882"},"getText",[]]}
COMMAND: POST /session/dbf12e8f3049a0fbd9455ca732c69091/element - {"using":"css selector","value":"#shell-header-logo"}
RESULT: {"using":"css selector","value":"#shell-header-logo"}
COMMAND: POST /session/dbf12e8f3049a0fbd9455ca732c69091/element/f.DA6D5706066A486955EFE1E69ACB62C5.d.1A0ED6F15776C302FB985F19989293B9.e.1220/click - {}
RESULT: {}
COMMAND: GET /session/dbf12e8f3049a0fbd9455ca732c69091/screenshot - {}
RESULT: {}
COMMAND: POST /session/dbf12e8f3049a0fbd9455ca732c69091/execute/async - {"script":"<script> [1562 bytes]","args":[{"selector":{"controlType":"sap.m.GenericTile","properties":{"header":"Manage Sites"}},"wdio_ui5_key":"sapm.GenericTile{\"header\":\"Manage Sites\"}"}]}
RESULT: {"script":"<script> [1562 bytes]","args":[{"selector":{"controlType":"sap.m.GenericTile","properties":{"header":"Manage Sites"}},"wdio_ui5_key":"sapm.GenericTile{\"header\":\"Manage Sites\"}"}]}
RESULT: undefined
COMMAND: POST /session/dbf12e8f3049a0fbd9455ca732c69091/element - {"using":"xpath","value":"//*[@id=\"__tile40\"]"}
RESULT: {"using":"xpath","value":"//*[@id=\"__tile40\"]"}
COMMAND: POST /session/dbf12e8f3049a0fbd9455ca732c69091/element/f.DA6D5706066A486955EFE1E69ACB62C5.d.1A0ED6F15776C302FB985F19989293B9.e.1884/click - {}
RESULT: {}
COMMAND: GET /session/dbf12e8f3049a0fbd9455ca732c69091/screenshot - {}
RESULT: {}
COMMAND: POST /session/dbf12e8f3049a0fbd9455ca732c69091/execute/async - {"script":"<script> [1562 bytes]","args":[{"selector":{"controlType":"sap.ui.core.Icon","viewName":"etm.portal.ui.managesites.view.Master","viewId":"application-managesites-display-component---masterSite","properties":{"src":{"regex":{"source":"add"}}}},"wdio_ui5_key":"etmportal.ui.managesites.view.Mastersap.ui.core.Icon{\"src\":{\"regex\":{\"source\":\"add\"}}}"}]}
RESULT: {"script":"<script> [1562 bytes]","args":[{"selector":{"controlType":"sap.ui.core.Icon","viewName":"etm.portal.ui.managesites.view.Master","viewId":"application-managesites-display-component---masterSite","properties":{"src":{"regex":{"source":"add"}}}},"wdio_ui5_key":"etmportal.ui.managesites.view.Mastersap.ui.core.Icon{\"src\":{\"regex\":{\"source\":\"add\"}}}"}]}
RESULT: undefined
COMMAND: POST /session/dbf12e8f3049a0fbd9455ca732c69091/element - {"using":"xpath","value":"//*[@id=\"__button52-img\"]"}
RESULT: {"using":"xpath","value":"//*[@id=\"__button52-img\"]"}
COMMAND: POST /session/dbf12e8f3049a0fbd9455ca732c69091/element/f.DA6D5706066A486955EFE1E69ACB62C5.d.1A0ED6F15776C302FB985F19989293B9.e.1934/click - {}
RESULT: {}
COMMAND: POST /session/dbf12e8f3049a0fbd9455ca732c69091/execute/async - {"script":"<script> [1562 bytes]","args":[{"selector":{"id":"application-managesites-display-component---NewSite--siteId","interaction":{"idSuffix":"inner"}},"wdio_ui5_key":"applicationmanagesites-display-component---NewSite--siteId"}]}
COMMAND: GET /session/dbf12e8f3049a0fbd9455ca732c69091/screenshot - {}
RESULT: {"script":"<script> [1562 bytes]","args":[{"selector":{"id":"application-managesites-display-component---NewSite--siteId","interaction":{"idSuffix":"inner"}},"wdio_ui5_key":"applicationmanagesites-display-component---NewSite--siteId"}]}
RESULT: undefined
COMMAND: POST /session/dbf12e8f3049a0fbd9455ca732c69091/execute/async - {"script":"<script> [1562 bytes]","args":[{"selector":{"id":"application-managesites-display-component---NewSite--addressDetailDetailsName1","interaction":{"idSuffix":"inner"}},"wdio_ui5_key":"applicationmanagesites-display-component---NewSite--addressDetailDetailsName1"}]}
RESULT: {}
RESULT: {"script":"<script> [1562 bytes]","args":[{"selector":{"id":"application-managesites-display-component---NewSite--addressDetailDetailsName1","interaction":{"idSuffix":"inner"}},"wdio_ui5_key":"applicationmanagesites-display-component---NewSite--addressDetailDetailsName1"}]}
RESULT: undefined
COMMAND: POST /session/dbf12e8f3049a0fbd9455ca732c69091/execute/async - {"script":"<script> [776 bytes]","args":[{"enterText":"WebdriverSite26rtnj","selector":{"id":"application-managesites-display-component---NewSite--addressDetailDetailsName1","interaction":{"idSuffix":"inner"}},"clearTextFirst":true,"interactionType":"ENTER_TEXT"}]}
RESULT: {"script":"<script> [776 bytes]","args":[{"enterText":"WebdriverSite26rtnj","selector":{"id":"application-managesites-display-component---NewSite--addressDetailDetailsName1","interaction":{"idSuffix":"inner"}},"clearTextFirst":true,"interactionType":"ENTER_TEXT"}]}
COMMAND: POST /session/dbf12e8f3049a0fbd9455ca732c69091/execute/async - {"script":"<script> [1562 bytes]","args":[{"selector":{"id":"application-managesites-display-component---NewSite--addressDetailDetailsLanguage","interaction":{"idSuffix":"inner"}},"wdio_ui5_key":"applicationmanagesites-display-component---NewSite--addressDetailDetailsLanguage"}]}
RESULT: {"script":"<script> [1562 bytes]","args":[{"selector":{"id":"application-managesites-display-component---NewSite--addressDetailDetailsLanguage","interaction":{"idSuffix":"inner"}},"wdio_ui5_key":"applicationmanagesites-display-component---NewSite--addressDetailDetailsLanguage"}]}
RESULT: undefined
COMMAND: POST /session/dbf12e8f3049a0fbd9455ca732c69091/execute/async - {"script":"<script> [776 bytes]","args":[{"enterText":"Romanian","selector":{"id":"application-managesites-display-component---NewSite--addressDetailDetailsLanguage","interaction":{"idSuffix":"inner"}},"clearTextFirst":true,"interactionType":"ENTER_TEXT"}]}
RESULT: {"script":"<script> [776 bytes]","args":[{"enterText":"Romanian","selector":{"id":"application-managesites-display-component---NewSite--addressDetailDetailsLanguage","interaction":{"idSuffix":"inner"}},"clearTextFirst":true,"interactionType":"ENTER_TEXT"}]}
COMMAND: POST /session/dbf12e8f3049a0fbd9455ca732c69091/execute/async - {"script":"<script> [1562 bytes]","args":[{"selector":{"id":"application-managesites-display-component---NewSite--addressDetailDetailsCity1","interaction":{"idSuffix":"inner"}},"wdio_ui5_key":"applicationmanagesites-display-component---NewSite--addressDetailDetailsCity1"}]}
RESULT: {"script":"<script> [1562 bytes]","args":[{"selector":{"id":"application-managesites-display-component---NewSite--addressDetailDetailsCity1","interaction":{"idSuffix":"inner"}},"wdio_ui5_key":"applicationmanagesites-display-component---NewSite--addressDetailDetailsCity1"}]}
RESULT: undefined
COMMAND: POST /session/dbf12e8f3049a0fbd9455ca732c69091/execute/async - {"script":"<script> [776 bytes]","args":[{"enterText":"Bucharest","selector":{"id":"application-managesites-display-component---NewSite--addressDetailDetailsCity1","interaction":{"idSuffix":"inner"}},"clearTextFirst":true,"interactionType":"ENTER_TEXT"}]}
RESULT: {"script":"<script> [776 bytes]","args":[{"enterText":"Bucharest","selector":{"id":"application-managesites-display-component---NewSite--addressDetailDetailsCity1","interaction":{"idSuffix":"inner"}},"clearTextFirst":true,"interactionType":"ENTER_TEXT"}]}
COMMAND: POST /session/dbf12e8f3049a0fbd9455ca732c69091/execute/async - {"script":"<script> [1562 bytes]","args":[{"selector":{"id":"application-managesites-display-component---NewSite--addressDetailDetailsCountry","interaction":{"idSuffix":"inner"}},"wdio_ui5_key":"applicationmanagesites-display-component---NewSite--addressDetailDetailsCountry"}]}
RESULT: {"script":"<script> [1562 bytes]","args":[{"selector":{"id":"application-managesites-display-component---NewSite--addressDetailDetailsCountry","interaction":{"idSuffix":"inner"}},"wdio_ui5_key":"applicationmanagesites-display-component---NewSite--addressDetailDetailsCountry"}]}
RESULT: undefined
COMMAND: POST /session/dbf12e8f3049a0fbd9455ca732c69091/execute/async - {"script":"<script> [776 bytes]","args":[{"enterText":"Romania","selector":{"id":"application-managesites-display-component---NewSite--addressDetailDetailsCountry","interaction":{"idSuffix":"inner"}},"clearTextFirst":true,"interactionType":"ENTER_TEXT"}]}
RESULT: {"script":"<script> [776 bytes]","args":[{"enterText":"Romania","selector":{"id":"application-managesites-display-component---NewSite--addressDetailDetailsCountry","interaction":{"idSuffix":"inner"}},"clearTextFirst":true,"interactionType":"ENTER_TEXT"}]}
COMMAND: POST /session/dbf12e8f3049a0fbd9455ca732c69091/element - {"using":"css selector","value":"#application-managesites-display-component---NewSite--addressDetailDetailsCalendar-inner"}
RESULT: {"using":"css selector","value":"#application-managesites-display-component---NewSite--addressDetailDetailsCalendar-inner"}
COMMAND: POST /session/dbf12e8f3049a0fbd9455ca732c69091/element/f.DA6D5706066A486955EFE1E69ACB62C5.d.1A0ED6F15776C302FB985F19989293B9.e.2146/clear - {}
RESULT: {}
COMMAND: POST /session/dbf12e8f3049a0fbd9455ca732c69091/element/f.DA6D5706066A486955EFE1E69ACB62C5.d.1A0ED6F15776C302FB985F19989293B9.e.2146/value - {"text":"Germany"}
COMMAND: GET /session/dbf12e8f3049a0fbd9455ca732c69091/screenshot - {}
RESULT: {"text":"Germany"}
COMMAND: POST /session/dbf12e8f3049a0fbd9455ca732c69091/execute/async - {"script":"<script> [1562 bytes]","args":[{"selector":{"id":"application-managesites-display-component---NewSite--addressEditDetailsCostObjectCstType-arrow"},"wdio_ui5_key":"applicationmanagesites-display-component---NewSite--addressEditDetailsCostObjectCstType-arrow"}]}
COMMAND: GET /session/dbf12e8f3049a0fbd9455ca732c69091/screenshot - {}
RESULT: {}
RESULT: {"script":"<script> [1562 bytes]","args":[{"selector":{"id":"application-managesites-display-component---NewSite--addressEditDetailsCostObjectCstType-arrow"},"wdio_ui5_key":"applicationmanagesites-display-component---NewSite--addressEditDetailsCostObjectCstType-arrow"}]}
RESULT: undefined
COMMAND: POST /session/dbf12e8f3049a0fbd9455ca732c69091/element - {"using":"xpath","value":"//*[@id=\"application-managesites-display-component---NewSite--addressEditDetailsCostObjectCstType-arrow\"]"}
RESULT: {}
RESULT: {"using":"xpath","value":"//*[@id=\"application-managesites-display-component---NewSite--addressEditDetailsCostObjectCstType-arrow\"]"}
COMMAND: POST /session/dbf12e8f3049a0fbd9455ca732c69091/element/f.DA6D5706066A486955EFE1E69ACB62C5.d.1A0ED6F15776C302FB985F19989293B9.e.2307/click - {}
RESULT: {}
COMMAND: POST /session/dbf12e8f3049a0fbd9455ca732c69091/element - {"using":"xpath","value":"//span[contains(text(), \"Work Breakdown Structure\")]"}
COMMAND: GET /session/dbf12e8f3049a0fbd9455ca732c69091/screenshot - {}
RESULT: {"using":"xpath","value":"//span[contains(text(), \"Work Breakdown Structure\")]"}
COMMAND: POST /session/dbf12e8f3049a0fbd9455ca732c69091/element/f.DA6D5706066A486955EFE1E69ACB62C5.d.1A0ED6F15776C302FB985F19989293B9.e.2308/click - {}
RESULT: {}
RESULT: {}
COMMAND: GET /session/dbf12e8f3049a0fbd9455ca732c69091/screenshot - {}
RESULT: {}
COMMAND: POST /session/dbf12e8f3049a0fbd9455ca732c69091/execute/async - {"script":"<script> [1562 bytes]","args":[{"selector":{"id":"application-managesites-display-component---NewSite--addressNewCostObjectCstID-vhi"},"wdio_ui5_key":"applicationmanagesites-display-component---NewSite--addressNewCostObjectCstID-vhi"}]}
RESULT: {"script":"<script> [1562 bytes]","args":[{"selector":{"id":"application-managesites-display-component---NewSite--addressNewCostObjectCstID-vhi"},"wdio_ui5_key":"applicationmanagesites-display-component---NewSite--addressNewCostObjectCstID-vhi"}]}
RESULT: undefined
COMMAND: POST /session/dbf12e8f3049a0fbd9455ca732c69091/element - {"using":"xpath","value":"//*[@id=\"application-managesites-display-component---NewSite--addressNewCostObjectCstID-vhi\"]"}
RESULT: {"using":"xpath","value":"//*[@id=\"application-managesites-display-component---NewSite--addressNewCostObjectCstID-vhi\"]"}
COMMAND: POST /session/dbf12e8f3049a0fbd9455ca732c69091/element/f.DA6D5706066A486955EFE1E69ACB62C5.d.1A0ED6F15776C302FB985F19989293B9.e.2312/click - {}
RESULT: {}
COMMAND: GET /session/dbf12e8f3049a0fbd9455ca732c69091/screenshot - {}
RESULT: {}
COMMAND: POST /session/dbf12e8f3049a0fbd9455ca732c69091/execute/async - {"script":"<script> [1562 bytes]","args":[{"selector":{"controlType":"sap.m.SearchField","properties":{"placeholder":"Search"},"searchOpenDialogs":true,"interaction":{"idSuffix":"I"}},"wdio_ui5_key":"sapm.SearchField{\"placeholder\":\"Search\"}"}]}
RESULT: {"script":"<script> [1562 bytes]","args":[{"selector":{"controlType":"sap.m.SearchField","properties":{"placeholder":"Search"},"searchOpenDialogs":true,"interaction":{"idSuffix":"I"}},"wdio_ui5_key":"sapm.SearchField{\"placeholder\":\"Search\"}"}]}
RESULT: undefined
COMMAND: POST /session/dbf12e8f3049a0fbd9455ca732c69091/execute/async - {"script":"<script> [776 bytes]","args":[{"enterText":"A1-000100-01","selector":{"controlType":"sap.m.SearchField","properties":{"placeholder":"Search"},"searchOpenDialogs":true,"interaction":{"idSuffix":"I"}},"clearTextFirst":true,"interactionType":"ENTER_TEXT"}]}
RESULT: {"script":"<script> [776 bytes]","args":[{"enterText":"A1-000100-01","selector":{"controlType":"sap.m.SearchField","properties":{"placeholder":"Search"},"searchOpenDialogs":true,"interaction":{"idSuffix":"I"}},"clearTextFirst":true,"interactionType":"ENTER_TEXT"}]}
COMMAND: POST /session/dbf12e8f3049a0fbd9455ca732c69091/actions - {"actions":[{"id":"action3","type":"key","parameters":{},"actions":[{"type":"keyDown","value":"î€‡"},{"type":"pause","duration":10},{"type":"keyUp","value":"î€‡"}]}]}
RESULT: {"actions":[{"id":"action3","type":"key","parameters":{},"actions":[{"type":"keyDown","value":"î€‡"},{"type":"pause","duration":10},{"type":"keyUp","value":"î€‡"}]}]}
COMMAND: GET /session/dbf12e8f3049a0fbd9455ca732c69091/screenshot - {}
RESULT: {}
COMMAND: POST /session/dbf12e8f3049a0fbd9455ca732c69091/element - {"using":"xpath","value":"//span[contains(text(), \"Template for ETO-Process\")]"}
RESULT: {"using":"xpath","value":"//span[contains(text(), \"Template for ETO-Process\")]"}
COMMAND: POST /session/dbf12e8f3049a0fbd9455ca732c69091/element/f.DA6D5706066A486955EFE1E69ACB62C5.d.1A0ED6F15776C302FB985F19989293B9.e.2331/click - {}
RESULT: {}
COMMAND: GET /session/dbf12e8f3049a0fbd9455ca732c69091/screenshot - {}
RESULT: {}
COMMAND: POST /session/dbf12e8f3049a0fbd9455ca732c69091/element - {"using":"xpath","value":"//bdi[contains(text(), \"OK\")]"}
RESULT: {"using":"xpath","value":"//bdi[contains(text(), \"OK\")]"}
COMMAND: POST /session/dbf12e8f3049a0fbd9455ca732c69091/element/f.DA6D5706066A486955EFE1E69ACB62C5.d.1A0ED6F15776C302FB985F19989293B9.e.2332/click - {}
RESULT: {}
COMMAND: GET /session/dbf12e8f3049a0fbd9455ca732c69091/screenshot - {}
RESULT: {}
COMMAND: POST /session/dbf12e8f3049a0fbd9455ca732c69091/element - {"using":"xpath","value":"//input[@id=\"application-managesites-display-component---NewSite--addressDetailDetailsYard-inner\"]"}
RESULT: {"using":"xpath","value":"//input[@id=\"application-managesites-display-component---NewSite--addressDetailDetailsYard-inner\"]"}
COMMAND: POST /session/dbf12e8f3049a0fbd9455ca732c69091/element/f.DA6D5706066A486955EFE1E69ACB62C5.d.1A0ED6F15776C302FB985F19989293B9.e.2147/value - {"text":"286"}
RESULT: {"text":"286"}
COMMAND: GET /session/dbf12e8f3049a0fbd9455ca732c69091/screenshot - {}
RESULT: {}
COMMAND: POST /session/dbf12e8f3049a0fbd9455ca732c69091/actions - {"actions":[{"id":"action4","type":"key","parameters":{},"actions":[{"type":"keyDown","value":"î€‡"},{"type":"pause","duration":10},{"type":"keyUp","value":"î€‡"}]}]}
RESULT: {"actions":[{"id":"action4","type":"key","parameters":{},"actions":[{"type":"keyDown","value":"î€‡"},{"type":"pause","duration":10},{"type":"keyUp","value":"î€‡"}]}]}
COMMAND: GET /session/dbf12e8f3049a0fbd9455ca732c69091/screenshot - {}
RESULT: {}
COMMAND: POST /session/dbf12e8f3049a0fbd9455ca732c69091/element - {"using":"xpath","value":"//input[@id=\"application-managesites-display-component---NewSite--addressDetailDetailsPartner-inner\"]"}
RESULT: {"using":"xpath","value":"//input[@id=\"application-managesites-display-component---NewSite--addressDetailDetailsPartner-inner\"]"}
COMMAND: POST /session/dbf12e8f3049a0fbd9455ca732c69091/elements - {"using":"xpath","value":"//input[@id=\"application-managesites-display-component---NewSite--addressDetailDetailsPartner-inner\"]"}
RESULT: {"using":"xpath","value":"//input[@id=\"application-managesites-display-component---NewSite--addressDetailDetailsPartner-inner\"]"}
COMMAND: POST /session/dbf12e8f3049a0fbd9455ca732c69091/execute/async - {"script":"<script> [1562 bytes]","args":[{"selector":{"controlType":"sap.m.Button","viewName":"etm.portal.ui.managesites.view.NewSmartSite","viewId":"application-managesites-display-component---NewSite","properties":{"text":"Commercial"},"interaction":{"idSuffix":"BDI-content"}},"wdio_ui5_key":"etmportal.ui.managesites.view.NewSmartSitesap.m.Button{\"text\":\"Commercial\"}"}]}
RESULT: {"script":"<script> [1562 bytes]","args":[{"selector":{"controlType":"sap.m.Button","viewName":"etm.portal.ui.managesites.view.NewSmartSite","viewId":"application-managesites-display-component---NewSite","properties":{"text":"Commercial"},"interaction":{"idSuffix":"BDI-content"}},"wdio_ui5_key":"etmportal.ui.managesites.view.NewSmartSitesap.m.Button{\"text\":\"Commercial\"}"}]}
RESULT: undefined
COMMAND: POST /session/dbf12e8f3049a0fbd9455ca732c69091/element - {"using":"xpath","value":"//*[@id=\"application-managesites-display-component---NewSite--ObjectPageLayout-anchBar-__section31-anchor\"]"}
RESULT: {"using":"xpath","value":"//*[@id=\"application-managesites-display-component---NewSite--ObjectPageLayout-anchBar-__section31-anchor\"]"}
COMMAND: POST /session/dbf12e8f3049a0fbd9455ca732c69091/element/f.DA6D5706066A486955EFE1E69ACB62C5.d.1A0ED6F15776C302FB985F19989293B9.e.2339/click - {}
RESULT: {}
COMMAND: POST /session/dbf12e8f3049a0fbd9455ca732c69091/execute/async - {"script":"<script> [1562 bytes]","args":[{"selector":{"controlType":"sap.m.Button","viewName":"etm.portal.ui.managesites.view.NewSmartSite","viewId":"application-managesites-display-component---NewSite","i18NText":{"propertyName":"text","key":"save"},"interaction":{"idSuffix":"BDI-content"}},"wdio_ui5_key":"etmportal.ui.managesites.view.NewSmartSitesap.m.Button{\"propertyName\":\"text\",\"key\":\"save\"}"}]}
COMMAND: GET /session/dbf12e8f3049a0fbd9455ca732c69091/screenshot - {}
RESULT: {"script":"<script> [1562 bytes]","args":[{"selector":{"controlType":"sap.m.Button","viewName":"etm.portal.ui.managesites.view.NewSmartSite","viewId":"application-managesites-display-component---NewSite","i18NText":{"propertyName":"text","key":"save"},"interaction":{"idSuffix":"BDI-content"}},"wdio_ui5_key":"etmportal.ui.managesites.view.NewSmartSitesap.m.Button{\"propertyName\":\"text\",\"key\":\"save\"}"}]}
RESULT: undefined
COMMAND: POST /session/dbf12e8f3049a0fbd9455ca732c69091/element - {"using":"xpath","value":"//*[@id=\"__button64\"]"}
RESULT: {}
RESULT: {"using":"xpath","value":"//*[@id=\"__button64\"]"}
COMMAND: POST /session/dbf12e8f3049a0fbd9455ca732c69091/element/f.DA6D5706066A486955EFE1E69ACB62C5.d.1A0ED6F15776C302FB985F19989293B9.e.2283/click - {}
RESULT: {}
COMMAND: GET /session/dbf12e8f3049a0fbd9455ca732c69091/screenshot - {}
RESULT: {}
COMMAND: POST /session/dbf12e8f3049a0fbd9455ca732c69091/execute/async - {"script":"<script> [1562 bytes]","args":[{"selector":{"id":"application-managesites-display-component---detailSite--addressDetailDetailsYardText"},"wdio_ui5_key":"applicationmanagesites-display-component---detailSite--addressDetailDetailsYardText"}]}
RESULT: {"script":"<script> [1562 bytes]","args":[{"selector":{"id":"application-managesites-display-component---detailSite--addressDetailDetailsYardText"},"wdio_ui5_key":"applicationmanagesites-display-component---detailSite--addressDetailDetailsYardText"}]}
RESULT: undefined
COMMAND: POST /session/dbf12e8f3049a0fbd9455ca732c69091/element - {"using":"xpath","value":"//header/div/div[2]/div[2]/span"}
RESULT: {"using":"xpath","value":"//header/div/div[2]/div[2]/span"}
COMMAND: GET /session/dbf12e8f3049a0fbd9455ca732c69091/element/f.DA6D5706066A486955EFE1E69ACB62C5.d.1A0ED6F15776C302FB985F19989293B9.e.2543/text - {}
RESULT: {}
COMMAND: POST /session/dbf12e8f3049a0fbd9455ca732c69091/element - {"using":"xpath","value":"//header/div/div/div/div/div/div[2]/div/span"}
RESULT: {"using":"xpath","value":"//header/div/div/div/div/div/div[2]/div/span"}
COMMAND: GET /session/dbf12e8f3049a0fbd9455ca732c69091/element/f.DA6D5706066A486955EFE1E69ACB62C5.d.1A0ED6F15776C302FB985F19989293B9.e.2544/text - {}
RESULT: {}
COMMAND: POST /session/dbf12e8f3049a0fbd9455ca732c69091/element - {"using":"css selector","value":"#shell-header-logo"}
RESULT: {"using":"css selector","value":"#shell-header-logo"}
COMMAND: POST /session/dbf12e8f3049a0fbd9455ca732c69091/element/f.DA6D5706066A486955EFE1E69ACB62C5.d.1A0ED6F15776C302FB985F19989293B9.e.1887/click - {}
RESULT: {}
COMMAND: GET /session/dbf12e8f3049a0fbd9455ca732c69091/screenshot - {}
RESULT: {}
COMMAND: POST /session/dbf12e8f3049a0fbd9455ca732c69091/execute/async - {"script":"<script> [1562 bytes]","args":[{"selector":{"controlType":"sap.m.GenericTile","properties":{"header":"Manage Resources"}},"wdio_ui5_key":"sapm.GenericTile{\"header\":\"Manage Resources\"}"}]}
RESULT: {"script":"<script> [1562 bytes]","args":[{"selector":{"controlType":"sap.m.GenericTile","properties":{"header":"Manage Resources"}},"wdio_ui5_key":"sapm.GenericTile{\"header\":\"Manage Resources\"}"}]}
RESULT: undefined
COMMAND: POST /session/dbf12e8f3049a0fbd9455ca732c69091/element - {"using":"xpath","value":"//*[@id=\"__tile39\"]"}
RESULT: {"using":"xpath","value":"//*[@id=\"__tile39\"]"}
COMMAND: POST /session/dbf12e8f3049a0fbd9455ca732c69091/element/f.DA6D5706066A486955EFE1E69ACB62C5.d.1A0ED6F15776C302FB985F19989293B9.e.2546/click - {}
RESULT: {}
COMMAND: GET /session/dbf12e8f3049a0fbd9455ca732c69091/screenshot - {}
RESULT: {}
COMMAND: POST /session/dbf12e8f3049a0fbd9455ca732c69091/element - {"using":"xpath","value":"//button[@data-kt=\"addNewRUOverflowToolbarButton\"]"}
RESULT: {"using":"xpath","value":"//button[@data-kt=\"addNewRUOverflowToolbarButton\"]"}
COMMAND: POST /session/dbf12e8f3049a0fbd9455ca732c69091/execute/sync - {"script":"<script> [8489 bytes]","args":[{"element-6066-11e4-a52e-4f735466cecf":"f.DA6D5706066A486955EFE1E69ACB62C5.d.1A0ED6F15776C302FB985F19989293B9.e.2587","ELEMENT":"f.DA6D5706066A486955EFE1E69ACB62C5.d.1A0ED6F15776C302FB985F19989293B9.e.2587"}]}
RESULT: {"script":"<script> [8489 bytes]","args":[{"element-6066-11e4-a52e-4f735466cecf":"f.DA6D5706066A486955EFE1E69ACB62C5.d.1A0ED6F15776C302FB985F19989293B9.e.2587","ELEMENT":"f.DA6D5706066A486955EFE1E69ACB62C5.d.1A0ED6F15776C302FB985F19989293B9.e.2587"}]}
COMMAND: POST /session/dbf12e8f3049a0fbd9455ca732c69091/element/f.DA6D5706066A486955EFE1E69ACB62C5.d.1A0ED6F15776C302FB985F19989293B9.e.2587/click - {}
COMMAND: GET /session/dbf12e8f3049a0fbd9455ca732c69091/screenshot - {}
RESULT: {}
COMMAND: POST /session/dbf12e8f3049a0fbd9455ca732c69091/execute/async - {"script":"<script> [1562 bytes]","args":[{"selector":{"id":"application-manageresources-display-component---newResourceUnit--TYPE-arrow"},"wdio_ui5_key":"applicationmanageresources-display-component---newResourceUnit--TYPE-arrow"}]}
COMMAND: GET /session/dbf12e8f3049a0fbd9455ca732c69091/screenshot - {}
RESULT: {}
RESULT: {"script":"<script> [1562 bytes]","args":[{"selector":{"id":"application-manageresources-display-component---newResourceUnit--TYPE-arrow"},"wdio_ui5_key":"applicationmanageresources-display-component---newResourceUnit--TYPE-arrow"}]}
RESULT: undefined
COMMAND: POST /session/dbf12e8f3049a0fbd9455ca732c69091/element - {"using":"xpath","value":"//*[@id=\"application-manageresources-display-component---newResourceUnit--TYPE-arrow\"]"}
RESULT: {}
RESULT: {"using":"xpath","value":"//*[@id=\"application-manageresources-display-component---newResourceUnit--TYPE-arrow\"]"}
COMMAND: POST /session/dbf12e8f3049a0fbd9455ca732c69091/element/f.DA6D5706066A486955EFE1E69ACB62C5.d.1A0ED6F15776C302FB985F19989293B9.e.2908/click - {}
RESULT: {}
COMMAND: POST /session/dbf12e8f3049a0fbd9455ca732c69091/execute/async - {"script":"<script> [1562 bytes]","args":[{"selector":{"controlType":"sap.m.StandardListItem","viewName":"reusables.view.manageresources.NewResourceUnit","viewId":"application-manageresources-display-component---newResourceUnit","properties":{"title":"Material"},"searchOpenDialogs":true,"interaction":{"idSuffix":"titleText"}},"wdio_ui5_key":"reusablesview.manageresources.NewResourceUnitsap.m.StandardListItem{\"title\":\"Material\"}"}]}
COMMAND: GET /session/dbf12e8f3049a0fbd9455ca732c69091/screenshot - {}
RESULT: {"script":"<script> [1562 bytes]","args":[{"selector":{"controlType":"sap.m.StandardListItem","viewName":"reusables.view.manageresources.NewResourceUnit","viewId":"application-manageresources-display-component---newResourceUnit","properties":{"title":"Material"},"searchOpenDialogs":true,"interaction":{"idSuffix":"titleText"}},"wdio_ui5_key":"reusablesview.manageresources.NewResourceUnitsap.m.StandardListItem{\"title\":\"Material\"}"}]}
RESULT: undefined
COMMAND: POST /session/dbf12e8f3049a0fbd9455ca732c69091/element - {"using":"xpath","value":"//*[@id=\"__item893\"]"}
RESULT: {}
RESULT: {"using":"xpath","value":"//*[@id=\"__item893\"]"}
COMMAND: POST /session/dbf12e8f3049a0fbd9455ca732c69091/element/f.DA6D5706066A486955EFE1E69ACB62C5.d.1A0ED6F15776C302FB985F19989293B9.e.2911/click - {}
RESULT: {}
COMMAND: POST /session/dbf12e8f3049a0fbd9455ca732c69091/execute/async - {"script":"<script> [1562 bytes]","args":[{"selector":{"id":"application-manageresources-display-component---newResourceUnit--SHORT_TEXT","interaction":{"idSuffix":"inner"}},"wdio_ui5_key":"applicationmanageresources-display-component---newResourceUnit--SHORT_TEXT"}]}
COMMAND: GET /session/dbf12e8f3049a0fbd9455ca732c69091/screenshot - {}
RESULT: {"script":"<script> [1562 bytes]","args":[{"selector":{"id":"application-manageresources-display-component---newResourceUnit--SHORT_TEXT","interaction":{"idSuffix":"inner"}},"wdio_ui5_key":"applicationmanageresources-display-component---newResourceUnit--SHORT_TEXT"}]}
RESULT: undefined
COMMAND: POST /session/dbf12e8f3049a0fbd9455ca732c69091/execute/async - {"script":"<script> [776 bytes]","args":[{"enterText":"WebdriverRUR2Cjkvsfl","selector":{"id":"application-manageresources-display-component---newResourceUnit--SHORT_TEXT","interaction":{"idSuffix":"inner"}},"clearTextFirst":true,"interactionType":"ENTER_TEXT"}]}
RESULT: {}
RESULT: {"script":"<script> [776 bytes]","args":[{"enterText":"WebdriverRUR2Cjkvsfl","selector":{"id":"application-manageresources-display-component---newResourceUnit--SHORT_TEXT","interaction":{"idSuffix":"inner"}},"clearTextFirst":true,"interactionType":"ENTER_TEXT"}]}
COMMAND: POST /session/dbf12e8f3049a0fbd9455ca732c69091/execute/async - {"script":"<script> [1562 bytes]","args":[{"selector":{"id":"application-manageresources-display-component---newResourceUnit--BASE_UNIT_OF_MEASURE-arrow"},"wdio_ui5_key":"applicationmanageresources-display-component---newResourceUnit--BASE_UNIT_OF_MEASURE-arrow"}]}
RESULT: {"script":"<script> [1562 bytes]","args":[{"selector":{"id":"application-manageresources-display-component---newResourceUnit--BASE_UNIT_OF_MEASURE-arrow"},"wdio_ui5_key":"applicationmanageresources-display-component---newResourceUnit--BASE_UNIT_OF_MEASURE-arrow"}]}
RESULT: undefined
COMMAND: POST /session/dbf12e8f3049a0fbd9455ca732c69091/element - {"using":"xpath","value":"//*[@id=\"application-manageresources-display-component---newResourceUnit--BASE_UNIT_OF_MEASURE-arrow\"]"}
RESULT: {"using":"xpath","value":"//*[@id=\"application-manageresources-display-component---newResourceUnit--BASE_UNIT_OF_MEASURE-arrow\"]"}
COMMAND: POST /session/dbf12e8f3049a0fbd9455ca732c69091/element/f.DA6D5706066A486955EFE1E69ACB62C5.d.1A0ED6F15776C302FB985F19989293B9.e.2967/click - {}
RESULT: {}
COMMAND: POST /session/dbf12e8f3049a0fbd9455ca732c69091/execute/async - {"script":"<script> [1562 bytes]","args":[{"selector":{"controlType":"sap.m.StandardListItem","viewName":"reusables.view.manageresources.NewResourceUnit","viewId":"application-manageresources-display-component---newResourceUnit","properties":{"title":"Piece"},"searchOpenDialogs":true,"interaction":{"idSuffix":"titleText"}},"wdio_ui5_key":"reusablesview.manageresources.NewResourceUnitsap.m.StandardListItem{\"title\":\"Piece\"}"}]}
COMMAND: GET /session/dbf12e8f3049a0fbd9455ca732c69091/screenshot - {}
RESULT: {"script":"<script> [1562 bytes]","args":[{"selector":{"controlType":"sap.m.StandardListItem","viewName":"reusables.view.manageresources.NewResourceUnit","viewId":"application-manageresources-display-component---newResourceUnit","properties":{"title":"Piece"},"searchOpenDialogs":true,"interaction":{"idSuffix":"titleText"}},"wdio_ui5_key":"reusablesview.manageresources.NewResourceUnitsap.m.StandardListItem{\"title\":\"Piece\"}"}]}
RESULT: undefined
COMMAND: POST /session/dbf12e8f3049a0fbd9455ca732c69091/element - {"using":"xpath","value":"//*[@id=\"__item937\"]"}
RESULT: {}
RESULT: {"using":"xpath","value":"//*[@id=\"__item937\"]"}
COMMAND: POST /session/dbf12e8f3049a0fbd9455ca732c69091/element/f.DA6D5706066A486955EFE1E69ACB62C5.d.1A0ED6F15776C302FB985F19989293B9.e.2969/click - {}
RESULT: {}
COMMAND: POST /session/dbf12e8f3049a0fbd9455ca732c69091/element - {"using":"xpath","value":"//input[contains(@id ,\"application-manageresources-display-component---newResourceUnit--SHORT_TEXT-inner\")]"}
COMMAND: GET /session/dbf12e8f3049a0fbd9455ca732c69091/screenshot - {}
RESULT: {"using":"xpath","value":"//input[contains(@id ,\"application-manageresources-display-component---newResourceUnit--SHORT_TEXT-inner\")]"}
COMMAND: GET /session/dbf12e8f3049a0fbd9455ca732c69091/element/f.DA6D5706066A486955EFE1E69ACB62C5.d.1A0ED6F15776C302FB985F19989293B9.e.2928/property/value - {}
RESULT: {}
RESULT: {}
COMMAND: POST /session/dbf12e8f3049a0fbd9455ca732c69091/execute/async - {"script":"<script> [1562 bytes]","args":[{"selector":{"id":"application-manageresources-display-component---newResourceUnit--WEIGHT_UNIT-arrow"},"wdio_ui5_key":"applicationmanageresources-display-component---newResourceUnit--WEIGHT_UNIT-arrow"}]}
COMMAND: GET /session/dbf12e8f3049a0fbd9455ca732c69091/screenshot - {}
RESULT: {"script":"<script> [1562 bytes]","args":[{"selector":{"id":"application-manageresources-display-component---newResourceUnit--WEIGHT_UNIT-arrow"},"wdio_ui5_key":"applicationmanageresources-display-component---newResourceUnit--WEIGHT_UNIT-arrow"}]}
RESULT: undefined
COMMAND: POST /session/dbf12e8f3049a0fbd9455ca732c69091/element - {"using":"xpath","value":"//*[@id=\"application-manageresources-display-component---newResourceUnit--WEIGHT_UNIT-arrow\"]"}
RESULT: {}
RESULT: {"using":"xpath","value":"//*[@id=\"application-manageresources-display-component---newResourceUnit--WEIGHT_UNIT-arrow\"]"}
COMMAND: POST /session/dbf12e8f3049a0fbd9455ca732c69091/element/f.DA6D5706066A486955EFE1E69ACB62C5.d.1A0ED6F15776C302FB985F19989293B9.e.2970/click - {}
RESULT: {}
COMMAND: POST /session/dbf12e8f3049a0fbd9455ca732c69091/execute/async - {"script":"<script> [1562 bytes]","args":[{"selector":{"controlType":"sap.m.StandardListItem","viewName":"reusables.view.manageresources.NewResourceUnit","viewId":"application-manageresources-display-component---newResourceUnit","properties":{"title":"Gram"},"searchOpenDialogs":true,"interaction":{"idSuffix":"content"}},"wdio_ui5_key":"reusablesview.manageresources.NewResourceUnitsap.m.StandardListItem{\"title\":\"Gram\"}"}]}
COMMAND: GET /session/dbf12e8f3049a0fbd9455ca732c69091/screenshot - {}
RESULT: {"script":"<script> [1562 bytes]","args":[{"selector":{"controlType":"sap.m.StandardListItem","viewName":"reusables.view.manageresources.NewResourceUnit","viewId":"application-manageresources-display-component---newResourceUnit","properties":{"title":"Gram"},"searchOpenDialogs":true,"interaction":{"idSuffix":"content"}},"wdio_ui5_key":"reusablesview.manageresources.NewResourceUnitsap.m.StandardListItem{\"title\":\"Gram\"}"}]}
RESULT: undefined
COMMAND: POST /session/dbf12e8f3049a0fbd9455ca732c69091/element - {"using":"xpath","value":"//*[@id=\"__item1002\"]"}
RESULT: {}
RESULT: {"using":"xpath","value":"//*[@id=\"__item1002\"]"}
COMMAND: POST /session/dbf12e8f3049a0fbd9455ca732c69091/element/f.DA6D5706066A486955EFE1E69ACB62C5.d.1A0ED6F15776C302FB985F19989293B9.e.2972/click - {}
RESULT: {}
COMMAND: POST /session/dbf12e8f3049a0fbd9455ca732c69091/execute/async - {"script":"<script> [1562 bytes]","args":[{"selector":{"id":"application-manageresources-display-component---newResourceUnit--newRRUPage-OPHeaderContent-collapseBtn-img"},"wdio_ui5_key":"applicationmanageresources-display-component---newResourceUnit--newRRUPage-OPHeaderContent-collapseBtn-img"}]}
COMMAND: GET /session/dbf12e8f3049a0fbd9455ca732c69091/screenshot - {}
RESULT: {"script":"<script> [1562 bytes]","args":[{"selector":{"id":"application-manageresources-display-component---newResourceUnit--newRRUPage-OPHeaderContent-collapseBtn-img"},"wdio_ui5_key":"applicationmanageresources-display-component---newResourceUnit--newRRUPage-OPHeaderContent-collapseBtn-img"}]}
RESULT: undefined
COMMAND: POST /session/dbf12e8f3049a0fbd9455ca732c69091/element - {"using":"xpath","value":"//*[@id=\"application-manageresources-display-component---newResourceUnit--newRRUPage-OPHeaderContent-collapseBtn-img\"]"}
RESULT: {}
RESULT: {"using":"xpath","value":"//*[@id=\"application-manageresources-display-component---newResourceUnit--newRRUPage-OPHeaderContent-collapseBtn-img\"]"}
COMMAND: POST /session/dbf12e8f3049a0fbd9455ca732c69091/element/f.DA6D5706066A486955EFE1E69ACB62C5.d.1A0ED6F15776C302FB985F19989293B9.e.2918/click - {}
RESULT: {}
COMMAND: GET /session/dbf12e8f3049a0fbd9455ca732c69091/screenshot - {}
RESULT: {}
COMMAND: POST /session/dbf12e8f3049a0fbd9455ca732c69091/element - {"using":"xpath","value":"(//span[contains(@id ,\"application-manageresources-display-component---newResourceUnit--DIMENSION_UNIT-arrow\")])[1]"}
RESULT: {"using":"xpath","value":"(//span[contains(@id ,\"application-manageresources-display-component---newResourceUnit--DIMENSION_UNIT-arrow\")])[1]"}
COMMAND: POST /session/dbf12e8f3049a0fbd9455ca732c69091/element/f.DA6D5706066A486955EFE1E69ACB62C5.d.1A0ED6F15776C302FB985F19989293B9.e.2978/click - {}
RESULT: {}
COMMAND: GET /session/dbf12e8f3049a0fbd9455ca732c69091/screenshot - {}
RESULT: {}
COMMAND: POST /session/dbf12e8f3049a0fbd9455ca732c69091/execute/async - {"script":"<script> [1562 bytes]","args":[{"selector":{"controlType":"sap.m.StandardListItem","viewName":"reusables.view.manageresources.NewResourceUnit","viewId":"application-manageresources-display-component---newResourceUnit","properties":{"title":"Centimeter"},"searchOpenDialogs":true,"interaction":{"idSuffix":"titleText"}},"wdio_ui5_key":"reusablesview.manageresources.NewResourceUnitsap.m.StandardListItem{\"title\":\"Centimeter\"}"}]}
RESULT: {"script":"<script> [1562 bytes]","args":[{"selector":{"controlType":"sap.m.StandardListItem","viewName":"reusables.view.manageresources.NewResourceUnit","viewId":"application-manageresources-display-component---newResourceUnit","properties":{"title":"Centimeter"},"searchOpenDialogs":true,"interaction":{"idSuffix":"titleText"}},"wdio_ui5_key":"reusablesview.manageresources.NewResourceUnitsap.m.StandardListItem{\"title\":\"Centimeter\"}"}]}
RESULT: undefined
COMMAND: POST /session/dbf12e8f3049a0fbd9455ca732c69091/element - {"using":"xpath","value":"//*[@id=\"__item1005\"]"}
RESULT: {"using":"xpath","value":"//*[@id=\"__item1005\"]"}
COMMAND: POST /session/dbf12e8f3049a0fbd9455ca732c69091/element/f.DA6D5706066A486955EFE1E69ACB62C5.d.1A0ED6F15776C302FB985F19989293B9.e.2980/click - {}
RESULT: {}
COMMAND: POST /session/dbf12e8f3049a0fbd9455ca732c69091/execute/async - {"script":"<script> [1562 bytes]","args":[{"selector":{"id":"application-manageresources-display-component---newResourceUnit--newRRUPage-anchBar-application-manageresources-display-component---newResourceUnit--reference-anchor","interaction":{"idSuffix":"BDI-content"}},"wdio_ui5_key":"applicationmanageresources-display-component---newResourceUnit--newRRUPage-anchBar-application-manageresources-display-component---newResourceUnit--reference-anchor"}]}
COMMAND: GET /session/dbf12e8f3049a0fbd9455ca732c69091/screenshot - {}
RESULT: {"script":"<script> [1562 bytes]","args":[{"selector":{"id":"application-manageresources-display-component---newResourceUnit--newRRUPage-anchBar-application-manageresources-display-component---newResourceUnit--reference-anchor","interaction":{"idSuffix":"BDI-content"}},"wdio_ui5_key":"applicationmanageresources-display-component---newResourceUnit--newRRUPage-anchBar-application-manageresources-display-component---newResourceUnit--reference-anchor"}]}
RESULT: undefined
COMMAND: POST /session/dbf12e8f3049a0fbd9455ca732c69091/element - {"using":"xpath","value":"//*[@id=\"application-manageresources-display-component---newResourceUnit--newRRUPage-anchBar-application-manageresources-display-component---newResourceUnit--reference-anchor\"]"}
RESULT: {}
RESULT: {"using":"xpath","value":"//*[@id=\"application-manageresources-display-component---newResourceUnit--newRRUPage-anchBar-application-manageresources-display-component---newResourceUnit--reference-anchor\"]"}
COMMAND: POST /session/dbf12e8f3049a0fbd9455ca732c69091/element/f.DA6D5706066A486955EFE1E69ACB62C5.d.1A0ED6F15776C302FB985F19989293B9.e.2982/click - {}
RESULT: {}
COMMAND: POST /session/dbf12e8f3049a0fbd9455ca732c69091/execute/async - {"script":"<script> [1562 bytes]","args":[{"selector":{"id":"application-manageresources-display-component---newResourceUnit--PLANNING_GROUP-arrow"},"wdio_ui5_key":"applicationmanageresources-display-component---newResourceUnit--PLANNING_GROUP-arrow"}]}
COMMAND: GET /session/dbf12e8f3049a0fbd9455ca732c69091/screenshot - {}
RESULT: {"script":"<script> [1562 bytes]","args":[{"selector":{"id":"application-manageresources-display-component---newResourceUnit--PLANNING_GROUP-arrow"},"wdio_ui5_key":"applicationmanageresources-display-component---newResourceUnit--PLANNING_GROUP-arrow"}]}
RESULT: undefined
COMMAND: POST /session/dbf12e8f3049a0fbd9455ca732c69091/element - {"using":"xpath","value":"//*[@id=\"application-manageresources-display-component---newResourceUnit--PLANNING_GROUP-arrow\"]"}
RESULT: {}
RESULT: {"using":"xpath","value":"//*[@id=\"application-manageresources-display-component---newResourceUnit--PLANNING_GROUP-arrow\"]"}
COMMAND: POST /session/dbf12e8f3049a0fbd9455ca732c69091/element/f.DA6D5706066A486955EFE1E69ACB62C5.d.1A0ED6F15776C302FB985F19989293B9.e.2986/click - {}
RESULT: {}
COMMAND: POST /session/dbf12e8f3049a0fbd9455ca732c69091/execute/async - {"script":"<script> [1562 bytes]","args":[{"selector":{"controlType":"sap.m.StandardListItem","viewName":"reusables.view.manageresources.NewResourceUnit","viewId":"application-manageresources-display-component---newResourceUnit","properties":{"title":"Heavy Equi"},"searchOpenDialogs":true,"interaction":{"idSuffix":"content"}},"wdio_ui5_key":"reusablesview.manageresources.NewResourceUnitsap.m.StandardListItem{\"title\":\"Heavy Equi\"}"}]}
COMMAND: GET /session/dbf12e8f3049a0fbd9455ca732c69091/screenshot - {}
RESULT: {"script":"<script> [1562 bytes]","args":[{"selector":{"controlType":"sap.m.StandardListItem","viewName":"reusables.view.manageresources.NewResourceUnit","viewId":"application-manageresources-display-component---newResourceUnit","properties":{"title":"Heavy Equi"},"searchOpenDialogs":true,"interaction":{"idSuffix":"content"}},"wdio_ui5_key":"reusablesview.manageresources.NewResourceUnitsap.m.StandardListItem{\"title\":\"Heavy Equi\"}"}]}
RESULT: undefined
COMMAND: POST /session/dbf12e8f3049a0fbd9455ca732c69091/element - {"using":"xpath","value":"//*[@id=\"__item1013\"]"}
RESULT: {}
RESULT: {"using":"xpath","value":"//*[@id=\"__item1013\"]"}
COMMAND: POST /session/dbf12e8f3049a0fbd9455ca732c69091/element/f.DA6D5706066A486955EFE1E69ACB62C5.d.1A0ED6F15776C302FB985F19989293B9.e.2990/click - {}
RESULT: {}
COMMAND: GET /session/dbf12e8f3049a0fbd9455ca732c69091/screenshot - {}
RESULT: {}
COMMAND: POST /session/dbf12e8f3049a0fbd9455ca732c69091/execute/async - {"script":"<script> [1562 bytes]","args":[{"selector":{"id":"application-manageresources-display-component---newResourceUnit--PLANNING_INDICATOR-arrow"},"wdio_ui5_key":"applicationmanageresources-display-component---newResourceUnit--PLANNING_INDICATOR-arrow"}]}
RESULT: {"script":"<script> [1562 bytes]","args":[{"selector":{"id":"application-manageresources-display-component---newResourceUnit--PLANNING_INDICATOR-arrow"},"wdio_ui5_key":"applicationmanageresources-display-component---newResourceUnit--PLANNING_INDICATOR-arrow"}]}
RESULT: undefined
COMMAND: POST /session/dbf12e8f3049a0fbd9455ca732c69091/element - {"using":"xpath","value":"//*[@id=\"application-manageresources-display-component---newResourceUnit--PLANNING_INDICATOR-arrow\"]"}
RESULT: {"using":"xpath","value":"//*[@id=\"application-manageresources-display-component---newResourceUnit--PLANNING_INDICATOR-arrow\"]"}
COMMAND: POST /session/dbf12e8f3049a0fbd9455ca732c69091/element/f.DA6D5706066A486955EFE1E69ACB62C5.d.1A0ED6F15776C302FB985F19989293B9.e.2991/click - {}
RESULT: {}
COMMAND: POST /session/dbf12e8f3049a0fbd9455ca732c69091/execute/async - {"script":"<script> [1562 bytes]","args":[{"selector":{"controlType":"sap.m.StandardListItem","viewName":"reusables.view.manageresources.NewResourceUnit","viewId":"application-manageresources-display-component---newResourceUnit","properties":{"title":"10 - infinite"},"searchOpenDialogs":true,"interaction":{"idSuffix":"content"}},"wdio_ui5_key":"reusablesview.manageresources.NewResourceUnitsap.m.StandardListItem{\"title\":\"10 - infinite\"}"}]}
COMMAND: GET /session/dbf12e8f3049a0fbd9455ca732c69091/screenshot - {}
RESULT: {"script":"<script> [1562 bytes]","args":[{"selector":{"controlType":"sap.m.StandardListItem","viewName":"reusables.view.manageresources.NewResourceUnit","viewId":"application-manageresources-display-component---newResourceUnit","properties":{"title":"10 - infinite"},"searchOpenDialogs":true,"interaction":{"idSuffix":"content"}},"wdio_ui5_key":"reusablesview.manageresources.NewResourceUnitsap.m.StandardListItem{\"title\":\"10 - infinite\"}"}]}
RESULT: undefined
COMMAND: POST /session/dbf12e8f3049a0fbd9455ca732c69091/element - {"using":"xpath","value":"//*[@id=\"__item1023\"]"}
RESULT: {}
RESULT: {"using":"xpath","value":"//*[@id=\"__item1023\"]"}
COMMAND: POST /session/dbf12e8f3049a0fbd9455ca732c69091/element/f.DA6D5706066A486955EFE1E69ACB62C5.d.1A0ED6F15776C302FB985F19989293B9.e.2993/click - {}
RESULT: {}
COMMAND: GET /session/dbf12e8f3049a0fbd9455ca732c69091/screenshot - {}
RESULT: {}
COMMAND: POST /session/dbf12e8f3049a0fbd9455ca732c69091/element - {"using":"xpath","value":"//bdi[contains(text(), \"Time Segment\")]"}
RESULT: {"using":"xpath","value":"//bdi[contains(text(), \"Time Segment\")]"}
COMMAND: GET /session/dbf12e8f3049a0fbd9455ca732c69091/element/f.DA6D5706066A486955EFE1E69ACB62C5.d.1A0ED6F15776C302FB985F19989293B9.e.2994/rect - {}
RESULT: {}
COMMAND: GET /session/dbf12e8f3049a0fbd9455ca732c69091/window/rect - {}
RESULT: {}
COMMAND: POST /session/dbf12e8f3049a0fbd9455ca732c69091/execute/sync - {"script":"<script> [92 bytes]","args":[]}
RESULT: {"script":"<script> [92 bytes]","args":[]}
COMMAND: POST /session/dbf12e8f3049a0fbd9455ca732c69091/actions - {"actions":[{"id":"action5","type":"wheel","parameters":{},"actions":[{"type":"scroll","x":-1820,"y":-21,"deltaX":0,"deltaY":0,"duration":0,"origin":{"element-6066-11e4-a52e-4f735466cecf":"f.DA6D5706066A486955EFE1E69ACB62C5.d.1A0ED6F15776C302FB985F19989293B9.e.2994"}}]}]}
COMMAND: GET /session/dbf12e8f3049a0fbd9455ca732c69091/screenshot - {}
RESULT: {}
COMMAND: POST /session/dbf12e8f3049a0fbd9455ca732c69091/execute/sync - {"script":"<script> [79 bytes]","args":[{"element-6066-11e4-a52e-4f735466cecf":"f.DA6D5706066A486955EFE1E69ACB62C5.d.1A0ED6F15776C302FB985F19989293B9.e.2994","ELEMENT":"f.DA6D5706066A486955EFE1E69ACB62C5.d.1A0ED6F15776C302FB985F19989293B9.e.2994"},{"block":"start","inline":"nearest"}]}
RESULT: {"script":"<script> [79 bytes]","args":[{"element-6066-11e4-a52e-4f735466cecf":"f.DA6D5706066A486955EFE1E69ACB62C5.d.1A0ED6F15776C302FB985F19989293B9.e.2994","ELEMENT":"f.DA6D5706066A486955EFE1E69ACB62C5.d.1A0ED6F15776C302FB985F19989293B9.e.2994"},{"block":"start","inline":"nearest"}]}
COMMAND: GET /session/dbf12e8f3049a0fbd9455ca732c69091/screenshot - {}
RESULT: {}
COMMAND: POST /session/dbf12e8f3049a0fbd9455ca732c69091/element - {"using":"xpath","value":"//span[@id=\"application-manageresources-display-component---newResourceUnit--btnAddTimeSegment-img\"]"}
RESULT: {"using":"xpath","value":"//span[@id=\"application-manageresources-display-component---newResourceUnit--btnAddTimeSegment-img\"]"}
COMMAND: POST /session/dbf12e8f3049a0fbd9455ca732c69091/execute/sync - {"script":"<script> [8489 bytes]","args":[{"element-6066-11e4-a52e-4f735466cecf":"f.DA6D5706066A486955EFE1E69ACB62C5.d.1A0ED6F15776C302FB985F19989293B9.e.2997","ELEMENT":"f.DA6D5706066A486955EFE1E69ACB62C5.d.1A0ED6F15776C302FB985F19989293B9.e.2997"}]}
RESULT: {"script":"<script> [8489 bytes]","args":[{"element-6066-11e4-a52e-4f735466cecf":"f.DA6D5706066A486955EFE1E69ACB62C5.d.1A0ED6F15776C302FB985F19989293B9.e.2997","ELEMENT":"f.DA6D5706066A486955EFE1E69ACB62C5.d.1A0ED6F15776C302FB985F19989293B9.e.2997"}]}
COMMAND: POST /session/dbf12e8f3049a0fbd9455ca732c69091/element/f.DA6D5706066A486955EFE1E69ACB62C5.d.1A0ED6F15776C302FB985F19989293B9.e.2997/click - {}
COMMAND: GET /session/dbf12e8f3049a0fbd9455ca732c69091/screenshot - {}
RESULT: {}
COMMAND: GET /session/dbf12e8f3049a0fbd9455ca732c69091/screenshot - {}
COMMAND: POST /session/dbf12e8f3049a0fbd9455ca732c69091/element - {"using":"xpath","value":"//input[@id=\"application-manageresources-display-component---newResourceUnit--idRuTSAdmin-application-manageresources-display-component---newResourceUnit--RUTimeSegment-0-inner\"]"}
RESULT: {}
RESULT: {}
RESULT: {"using":"xpath","value":"//input[@id=\"application-manageresources-display-component---newResourceUnit--idRuTSAdmin-application-manageresources-display-component---newResourceUnit--RUTimeSegment-0-inner\"]"}
COMMAND: POST /session/dbf12e8f3049a0fbd9455ca732c69091/element/f.DA6D5706066A486955EFE1E69ACB62C5.d.1A0ED6F15776C302FB985F19989293B9.e.3000/clear - {}
RESULT: {}
COMMAND: POST /session/dbf12e8f3049a0fbd9455ca732c69091/element/f.DA6D5706066A486955EFE1E69ACB62C5.d.1A0ED6F15776C302FB985F19989293B9.e.3000/value - {"text":"WebdriverYarddk4di"}
COMMAND: GET /session/dbf12e8f3049a0fbd9455ca732c69091/screenshot - {}
RESULT: {"text":"WebdriverYarddk4di"}
COMMAND: GET /session/dbf12e8f3049a0fbd9455ca732c69091/screenshot - {}
RESULT: {}
RESULT: {}
COMMAND: POST /session/dbf12e8f3049a0fbd9455ca732c69091/actions - {"actions":[{"id":"action6","type":"key","parameters":{},"actions":[{"type":"keyDown","value":"î€‡"},{"type":"pause","duration":10},{"type":"keyUp","value":"î€‡"}]}]}
RESULT: {"actions":[{"id":"action6","type":"key","parameters":{},"actions":[{"type":"keyDown","value":"î€‡"},{"type":"pause","duration":10},{"type":"keyUp","value":"î€‡"}]}]}
COMMAND: GET /session/dbf12e8f3049a0fbd9455ca732c69091/screenshot - {}
RESULT: {}
COMMAND: POST /session/dbf12e8f3049a0fbd9455ca732c69091/execute/async - {"script":"<script> [1562 bytes]","args":[{"selector":{"controlType":"sap.m.Button","viewName":"reusables.view.manageresources.NewResourceUnit","viewId":"application-manageresources-display-component---newResourceUnit","i18NText":{"propertyName":"tooltip","key":"save"},"interaction":{"idSuffix":"BDI-content"}},"wdio_ui5_key":"reusablesview.manageresources.NewResourceUnitsap.m.Button{\"propertyName\":\"tooltip\",\"key\":\"save\"}"}]}
RESULT: {"script":"<script> [1562 bytes]","args":[{"selector":{"controlType":"sap.m.Button","viewName":"reusables.view.manageresources.NewResourceUnit","viewId":"application-manageresources-display-component---newResourceUnit","i18NText":{"propertyName":"tooltip","key":"save"},"interaction":{"idSuffix":"BDI-content"}},"wdio_ui5_key":"reusablesview.manageresources.NewResourceUnitsap.m.Button{\"propertyName\":\"tooltip\",\"key\":\"save\"}"}]}
RESULT: undefined
COMMAND: POST /session/dbf12e8f3049a0fbd9455ca732c69091/element - {"using":"xpath","value":"//*[@id=\"application-manageresources-display-component---newResourceUnit--createRuButton\"]"}
RESULT: {"using":"xpath","value":"//*[@id=\"application-manageresources-display-component---newResourceUnit--createRuButton\"]"}
COMMAND: POST /session/dbf12e8f3049a0fbd9455ca732c69091/element/f.DA6D5706066A486955EFE1E69ACB62C5.d.1A0ED6F15776C302FB985F19989293B9.e.2924/click - {}
RESULT: {}
COMMAND: GET /session/dbf12e8f3049a0fbd9455ca732c69091/screenshot - {}
RESULT: {}
COMMAND: POST /session/dbf12e8f3049a0fbd9455ca732c69091/execute/async - {"script":"<script> [1562 bytes]","args":[{"selector":{"controlType":"sap.m.Title","properties":{"text":"Success"},"searchOpenDialogs":true},"wdio_ui5_key":"sapm.Title{\"text\":\"Success\"}"}]}
RESULT: {"script":"<script> [1562 bytes]","args":[{"selector":{"controlType":"sap.m.Title","properties":{"text":"Success"},"searchOpenDialogs":true},"wdio_ui5_key":"sapm.Title{\"text\":\"Success\"}"}]}
RESULT: undefined
COMMAND: POST /session/dbf12e8f3049a0fbd9455ca732c69091/execute/async - {"script":"<script> [6424 bytes]","args":[{"element-6066-11e4-a52e-4f735466cecf":"f.DA6D5706066A486955EFE1E69ACB62C5.d.1A0ED6F15776C302FB985F19989293B9.e.3013"},"getText",[]]}
RESULT: {"script":"<script> [6424 bytes]","args":[{"element-6066-11e4-a52e-4f735466cecf":"f.DA6D5706066A486955EFE1E69ACB62C5.d.1A0ED6F15776C302FB985F19989293B9.e.3013"},"getText",[]]}
COMMAND: POST /session/dbf12e8f3049a0fbd9455ca732c69091/element - {"using":"xpath","value":"//*[contains(@id, '__text') and (contains(text(), 'successfully created') or contains(., 'successfully created'))]"}
RESULT: {"using":"xpath","value":"//*[contains(@id, '__text') and (contains(text(), 'successfully created') or contains(., 'successfully created'))]"}
COMMAND: GET /session/dbf12e8f3049a0fbd9455ca732c69091/element/f.DA6D5706066A486955EFE1E69ACB62C5.d.1A0ED6F15776C302FB985F19989293B9.e.3011/text - {}
RESULT: {}
COMMAND: POST /session/dbf12e8f3049a0fbd9455ca732c69091/execute/async - {"script":"<script> [1562 bytes]","args":[{"selector":{"controlType":"sap.m.Button","properties":{"text":"Close"},"searchOpenDialogs":true,"interaction":{"idSuffix":"BDI-content"}},"wdio_ui5_key":"sapm.Button{\"text\":\"Close\"}"}]}
RESULT: {"script":"<script> [1562 bytes]","args":[{"selector":{"controlType":"sap.m.Button","properties":{"text":"Close"},"searchOpenDialogs":true,"interaction":{"idSuffix":"BDI-content"}},"wdio_ui5_key":"sapm.Button{\"text\":\"Close\"}"}]}
RESULT: undefined
COMMAND: POST /session/dbf12e8f3049a0fbd9455ca732c69091/element - {"using":"xpath","value":"//*[@id=\"__mbox-btn-0\"]"}
RESULT: {"using":"xpath","value":"//*[@id=\"__mbox-btn-0\"]"}
COMMAND: POST /session/dbf12e8f3049a0fbd9455ca732c69091/element/f.DA6D5706066A486955EFE1E69ACB62C5.d.1A0ED6F15776C302FB985F19989293B9.e.3010/click - {}
RESULT: {}
COMMAND: GET /session/dbf12e8f3049a0fbd9455ca732c69091/screenshot - {}
RESULT: {}
COMMAND: POST /session/dbf12e8f3049a0fbd9455ca732c69091/execute/async - {"script":"<script> [1562 bytes]","args":[{"selector":{"controlType":"sap.ui.core.Icon","viewName":"etm.portal.ui.manageresources.view.Detail","viewId":"application-manageresources-display-component---detailRU","properties":{"src":{"regex":{"source":"overflow"}}}},"wdio_ui5_key":"etmportal.ui.manageresources.view.Detailsap.ui.core.Icon{\"src\":{\"regex\":{\"source\":\"overflow\"}}}"}]}
RESULT: {"script":"<script> [1562 bytes]","args":[{"selector":{"controlType":"sap.ui.core.Icon","viewName":"etm.portal.ui.manageresources.view.Detail","viewId":"application-manageresources-display-component---detailRU","properties":{"src":{"regex":{"source":"overflow"}}}},"wdio_ui5_key":"etmportal.ui.manageresources.view.Detailsap.ui.core.Icon{\"src\":{\"regex\":{\"source\":\"overflow\"}}}"}]}
RESULT: undefined
COMMAND: POST /session/dbf12e8f3049a0fbd9455ca732c69091/element - {"using":"xpath","value":"//*[@id=\"__title36-_actionsToolbar-overflowButton-img\"]"}
RESULT: {"using":"xpath","value":"//*[@id=\"__title36-_actionsToolbar-overflowButton-img\"]"}
COMMAND: POST /session/dbf12e8f3049a0fbd9455ca732c69091/element/f.DA6D5706066A486955EFE1E69ACB62C5.d.1A0ED6F15776C302FB985F19989293B9.e.3042/click - {}
RESULT: {}
COMMAND: POST /session/dbf12e8f3049a0fbd9455ca732c69091/execute/async - {"script":"<script> [1562 bytes]","args":[{"selector":{"controlType":"sap.m.Button","viewName":"etm.portal.ui.manageresources.view.Detail","viewId":"application-manageresources-display-component---detailRU","i18NText":{"propertyName":"tooltip","key":"closeColumn"},"searchOpenDialogs":true,"interaction":{"idSuffix":"inner"}},"wdio_ui5_key":"etmportal.ui.manageresources.view.Detailsap.m.Button{\"propertyName\":\"tooltip\",\"key\":\"closeColumn\"}"}]}
COMMAND: GET /session/dbf12e8f3049a0fbd9455ca732c69091/screenshot - {}
RESULT: {"script":"<script> [1562 bytes]","args":[{"selector":{"controlType":"sap.m.Button","viewName":"etm.portal.ui.manageresources.view.Detail","viewId":"application-manageresources-display-component---detailRU","i18NText":{"propertyName":"tooltip","key":"closeColumn"},"searchOpenDialogs":true,"interaction":{"idSuffix":"inner"}},"wdio_ui5_key":"etmportal.ui.manageresources.view.Detailsap.m.Button{\"propertyName\":\"tooltip\",\"key\":\"closeColumn\"}"}]}
RESULT: undefined
COMMAND: POST /session/dbf12e8f3049a0fbd9455ca732c69091/element - {"using":"xpath","value":"//*[@id=\"__button147\"]"}
RESULT: {}
RESULT: {"using":"xpath","value":"//*[@id=\"__button147\"]"}
COMMAND: POST /session/dbf12e8f3049a0fbd9455ca732c69091/element/f.DA6D5706066A486955EFE1E69ACB62C5.d.1A0ED6F15776C302FB985F19989293B9.e.3046/click - {}
RESULT: {}
COMMAND: GET /session/dbf12e8f3049a0fbd9455ca732c69091/screenshot - {}
RESULT: {}
COMMAND: POST /session/dbf12e8f3049a0fbd9455ca732c69091/refresh - {}
RESULT: {}
COMMAND: GET /session/dbf12e8f3049a0fbd9455ca732c69091/screenshot - {}
RESULT: {}
COMMAND: POST /session/dbf12e8f3049a0fbd9455ca732c69091/execute/async - {"script":"<script> [189 bytes]","args":[]}
RESULT: {"script":"<script> [189 bytes]","args":[]}
COMMAND: POST /session/dbf12e8f3049a0fbd9455ca732c69091/execute/async - {"script":"<script> [123 bytes]","args":[]}
RESULT: {"script":"<script> [123 bytes]","args":[]}
COMMAND: POST /session/dbf12e8f3049a0fbd9455ca732c69091/timeouts - {"script":"<number>"}
RESULT: {"script":"<number>"}
COMMAND: GET /session/dbf12e8f3049a0fbd9455ca732c69091/timeouts - {}
RESULT: {}
RESULT: undefined
COMMAND: POST /session/dbf12e8f3049a0fbd9455ca732c69091/execute/async - {"script":"<script> [2676 bytes]","args":[]}
RESULT: {"script":"<script> [2676 bytes]","args":[]}
COMMAND: POST /session/dbf12e8f3049a0fbd9455ca732c69091/execute/async - {"script":"<script> [2342 bytes]","args":[{"protocol":"http","hostname":"0.0.0.0","path":"/","capabilities":{"browserName":"chrome","goog:chromeOptions":{"binary":"C:\\Program Files\\Google\\Chrome\\Application\\chrome.exe","args":["--start-maximized"]}},"logLevel":"warn","connectionRetryTimeout":120000,"connectionRetryCount":3,"logLevels":{},"enableDirectConnect":true,"strictSSL":true,"_":"65 more keys: [\"cacheDir\",\"port\",\"requestedCapabilities\",\"automationProtocol\",\"baseUrl\",\"waitforInterval\",\"waitforTimeout\",\"onReload\",\"beforeCommand\",\"afterCommand\",\"rootDir\",\"specs\",\"suites\",\"exclude\",\"groupLogsByTestSpec\",\"excludeDriverLogs\",\"bail\",\"framework\",\"reporters\",\"services\",\"maxInstances\",\"maxInstancesPerCapability\",\"injectGlobals\",\"filesToWatch\",\"execArgv\",\"runnerEnv\",\"runner\",\"shard\",\"specFileRetries\",\"specFileRetriesDelay\",\"specFileRetriesDeferred\",\"reporterSyncInterval\",\"reporterSyncTimeout\",\"cucumberFeaturesWithLineNumbers\",\"autoCompileOpts\",\"mochaOpts\",\"jasmineOpts\",\"cucumberOpts\",\"onPrepare\",\"onWorkerStart\",\"onWorkerEnd\",\"before\",\"beforeSession\",\"beforeSuite\",\"beforeHook\",\"beforeTest\",\"afterTest\",\"afterHook\",\"afterSuite\",\"afterSession\",\"after\",\"onComplete\",\"beforeAssertion\",\"afterAssertion\",\"beforeFeature\",\"beforeScenario\",\"beforeStep\",\"afterStep\",\"afterScenario\",\"afterFeature\",\"_\",\"suite\",\"$0\",\"ignoredWorkerServices\",\"wdi5\"]"}]}
RESULT: {"script":"<script> [2342 bytes]","args":[{"protocol":"http","hostname":"0.0.0.0","path":"/","capabilities":{"browserName":"chrome","goog:chromeOptions":{"binary":"C:\\Program Files\\Google\\Chrome\\Application\\chrome.exe","args":["--start-maximized"]}},"logLevel":"warn","connectionRetryTimeout":120000,"connectionRetryCount":3,"logLevels":{},"enableDirectConnect":true,"strictSSL":true,"_":"65 more keys: [\"cacheDir\",\"port\",\"requestedCapabilities\",\"automationProtocol\",\"baseUrl\",\"waitforInterval\",\"waitforTimeout\",\"onReload\",\"beforeCommand\",\"afterCommand\",\"rootDir\",\"specs\",\"suites\",\"exclude\",\"groupLogsByTestSpec\",\"excludeDriverLogs\",\"bail\",\"framework\",\"reporters\",\"services\",\"maxInstances\",\"maxInstancesPerCapability\",\"injectGlobals\",\"filesToWatch\",\"execArgv\",\"runnerEnv\",\"runner\",\"shard\",\"specFileRetries\",\"specFileRetriesDelay\",\"specFileRetriesDeferred\",\"reporterSyncInterval\",\"reporterSyncTimeout\",\"cucumberFeaturesWithLineNumbers\",\"autoCompileOpts\",\"mochaOpts\",\"jasmineOpts\",\"cucumberOpts\",\"onPrepare\",\"onWorkerStart\",\"onWorkerEnd\",\"before\",\"beforeSession\",\"beforeSuite\",\"beforeHook\",\"beforeTest\",\"afterTest\",\"afterHook\",\"afterSuite\",\"afterSession\",\"after\",\"onComplete\",\"beforeAssertion\",\"afterAssertion\",\"beforeFeature\",\"beforeScenario\",\"beforeStep\",\"afterStep\",\"afterScenario\",\"afterFeature\",\"_\",\"suite\",\"$0\",\"ignoredWorkerServices\",\"wdi5\"]"}]}
COMMAND: POST /session/dbf12e8f3049a0fbd9455ca732c69091/execute/async - {"script":"<script> [21126 bytes]","args":[35000]}
RESULT: {"script":"<script> [21126 bytes]","args":[35000]}
COMMAND: POST /session/dbf12e8f3049a0fbd9455ca732c69091/element - {"using":"css selector","value":"#shell-header-logo"}
RESULT: {"using":"css selector","value":"#shell-header-logo"}
COMMAND: POST /session/dbf12e8f3049a0fbd9455ca732c69091/element/f.DA6D5706066A486955EFE1E69ACB62C5.d.A256E1D33EC820611264EB28848D63EE.e.3145/click - {}
RESULT: {}
COMMAND: GET /session/dbf12e8f3049a0fbd9455ca732c69091/screenshot - {}
]]></system-out>
    </testcase>
    <testcase classname="chrome.135_0_7049_96.windows.Create_masterdata_for_Yard_Overview_-_trigger_provide_US130988" name="It should stock increase the resource" time="76.985">
      <system-out><![CDATA[
COMMAND: POST /session/dbf12e8f3049a0fbd9455ca732c69091/execute/async - {"script":"<script> [1562 bytes]","args":[{"selector":{"controlType":"sap.m.Text","viewName":"etm.portal.ui.managehandoverstile.view.Master","properties":{"text":"Manage Handovers"},"interaction":{"idSuffix":"inner"}},"wdio_ui5_key":"etmportal.ui.managehandoverstile.view.Mastersap.m.Text{\"text\":\"Manage Handovers\"}"}]}
RESULT: {}
RESULT: {"script":"<script> [1562 bytes]","args":[{"selector":{"controlType":"sap.m.Text","viewName":"etm.portal.ui.managehandoverstile.view.Master","properties":{"text":"Manage Handovers"},"interaction":{"idSuffix":"inner"}},"wdio_ui5_key":"etmportal.ui.managehandoverstile.view.Mastersap.m.Text{\"text\":\"Manage Handovers\"}"}]}
RESULT: undefined
COMMAND: POST /session/dbf12e8f3049a0fbd9455ca732c69091/element - {"using":"xpath","value":"//*[@id=\"__tile133-title\"]"}
RESULT: {"using":"xpath","value":"//*[@id=\"__tile133-title\"]"}
COMMAND: POST /session/dbf12e8f3049a0fbd9455ca732c69091/element/f.DA6D5706066A486955EFE1E69ACB62C5.d.A256E1D33EC820611264EB28848D63EE.e.3332/click - {}
RESULT: {}
COMMAND: GET /session/dbf12e8f3049a0fbd9455ca732c69091/screenshot - {}
RESULT: {}
COMMAND: POST /session/dbf12e8f3049a0fbd9455ca732c69091/element - {"using":"xpath","value":"//button[@data-kt=\"masterHOAddButton\"]"}
RESULT: {"using":"xpath","value":"//button[@data-kt=\"masterHOAddButton\"]"}
COMMAND: POST /session/dbf12e8f3049a0fbd9455ca732c69091/execute/sync - {"script":"<script> [8489 bytes]","args":[{"element-6066-11e4-a52e-4f735466cecf":"f.DA6D5706066A486955EFE1E69ACB62C5.d.A256E1D33EC820611264EB28848D63EE.e.3375","ELEMENT":"f.DA6D5706066A486955EFE1E69ACB62C5.d.A256E1D33EC820611264EB28848D63EE.e.3375"}]}
RESULT: {"script":"<script> [8489 bytes]","args":[{"element-6066-11e4-a52e-4f735466cecf":"f.DA6D5706066A486955EFE1E69ACB62C5.d.A256E1D33EC820611264EB28848D63EE.e.3375","ELEMENT":"f.DA6D5706066A486955EFE1E69ACB62C5.d.A256E1D33EC820611264EB28848D63EE.e.3375"}]}
COMMAND: POST /session/dbf12e8f3049a0fbd9455ca732c69091/element/f.DA6D5706066A486955EFE1E69ACB62C5.d.A256E1D33EC820611264EB28848D63EE.e.3375/click - {}
COMMAND: GET /session/dbf12e8f3049a0fbd9455ca732c69091/screenshot - {}
RESULT: {}
COMMAND: GET /session/dbf12e8f3049a0fbd9455ca732c69091/screenshot - {}
COMMAND: POST /session/dbf12e8f3049a0fbd9455ca732c69091/element - {"using":"xpath","value":"//span[contains(@id ,\"AddNewHO--typeSelect-arrow\")]"}
RESULT: {}
RESULT: {}
RESULT: {"using":"xpath","value":"//span[contains(@id ,\"AddNewHO--typeSelect-arrow\")]"}
COMMAND: POST /session/dbf12e8f3049a0fbd9455ca732c69091/element/f.DA6D5706066A486955EFE1E69ACB62C5.d.A256E1D33EC820611264EB28848D63EE.e.3669/click - {}
RESULT: {}
COMMAND: GET /session/dbf12e8f3049a0fbd9455ca732c69091/screenshot - {}
RESULT: {}
COMMAND: POST /session/dbf12e8f3049a0fbd9455ca732c69091/element - {"using":"xpath","value":"(//li[contains(text(), \"stock increase yard\")])[1]"}
RESULT: {"using":"xpath","value":"(//li[contains(text(), \"stock increase yard\")])[1]"}
COMMAND: POST /session/dbf12e8f3049a0fbd9455ca732c69091/element/f.DA6D5706066A486955EFE1E69ACB62C5.d.A256E1D33EC820611264EB28848D63EE.e.3670/click - {}
RESULT: {}
COMMAND: GET /session/dbf12e8f3049a0fbd9455ca732c69091/screenshot - {}
RESULT: {}
COMMAND: POST /session/dbf12e8f3049a0fbd9455ca732c69091/execute/async - {"script":"<script> [1562 bytes]","args":[{"selector":{"id":"application-managehandovers-display-component---AddNewHO--dueDate","interaction":{"idSuffix":"inner"}},"wdio_ui5_key":"applicationmanagehandovers-display-component---AddNewHO--dueDate"}]}
RESULT: {"script":"<script> [1562 bytes]","args":[{"selector":{"id":"application-managehandovers-display-component---AddNewHO--dueDate","interaction":{"idSuffix":"inner"}},"wdio_ui5_key":"applicationmanagehandovers-display-component---AddNewHO--dueDate"}]}
RESULT: undefined
COMMAND: POST /session/dbf12e8f3049a0fbd9455ca732c69091/execute/async - {"script":"<script> [6424 bytes]","args":[{"element-6066-11e4-a52e-4f735466cecf":"f.DA6D5706066A486955EFE1E69ACB62C5.d.A256E1D33EC820611264EB28848D63EE.e.3674"},"setValue",["04/27/2025"]]}
RESULT: {"script":"<script> [6424 bytes]","args":[{"element-6066-11e4-a52e-4f735466cecf":"f.DA6D5706066A486955EFE1E69ACB62C5.d.A256E1D33EC820611264EB28848D63EE.e.3674"},"setValue",["04/27/2025"]]}
COMMAND: POST /session/dbf12e8f3049a0fbd9455ca732c69091/element - {"using":"xpath","value":"//input[@id=\"generalSectionFrg--receiveYard-inner\"]"}
RESULT: {"using":"xpath","value":"//input[@id=\"generalSectionFrg--receiveYard-inner\"]"}
COMMAND: POST /session/dbf12e8f3049a0fbd9455ca732c69091/element/f.DA6D5706066A486955EFE1E69ACB62C5.d.A256E1D33EC820611264EB28848D63EE.e.3680/clear - {}
RESULT: {}
COMMAND: POST /session/dbf12e8f3049a0fbd9455ca732c69091/element/f.DA6D5706066A486955EFE1E69ACB62C5.d.A256E1D33EC820611264EB28848D63EE.e.3680/value - {"text":"WebdriverYarddk4di"}
COMMAND: GET /session/dbf12e8f3049a0fbd9455ca732c69091/screenshot - {}
RESULT: {"text":"WebdriverYarddk4di"}
COMMAND: GET /session/dbf12e8f3049a0fbd9455ca732c69091/screenshot - {}
RESULT: {}
RESULT: {}
COMMAND: POST /session/dbf12e8f3049a0fbd9455ca732c69091/execute/async - {"script":"<script> [1562 bytes]","args":[{"selector":{"id":"application-managehandovers-display-component---AddNewHO--ObjectPageLayout-anchBar-application-managehandovers-display-component---AddNewHO--section4-anchor","interaction":{"idSuffix":"BDI-content"}},"wdio_ui5_key":"applicationmanagehandovers-display-component---AddNewHO--ObjectPageLayout-anchBar-application-managehandovers-display-component---AddNewHO--section4-anchor"}]}
RESULT: {"script":"<script> [1562 bytes]","args":[{"selector":{"id":"application-managehandovers-display-component---AddNewHO--ObjectPageLayout-anchBar-application-managehandovers-display-component---AddNewHO--section4-anchor","interaction":{"idSuffix":"BDI-content"}},"wdio_ui5_key":"applicationmanagehandovers-display-component---AddNewHO--ObjectPageLayout-anchBar-application-managehandovers-display-component---AddNewHO--section4-anchor"}]}
RESULT: undefined
COMMAND: POST /session/dbf12e8f3049a0fbd9455ca732c69091/element - {"using":"xpath","value":"//*[@id=\"application-managehandovers-display-component---AddNewHO--ObjectPageLayout-anchBar-application-managehandovers-display-component---AddNewHO--section4-anchor\"]"}
RESULT: {"using":"xpath","value":"//*[@id=\"application-managehandovers-display-component---AddNewHO--ObjectPageLayout-anchBar-application-managehandovers-display-component---AddNewHO--section4-anchor\"]"}
COMMAND: POST /session/dbf12e8f3049a0fbd9455ca732c69091/element/f.DA6D5706066A486955EFE1E69ACB62C5.d.A256E1D33EC820611264EB28848D63EE.e.3696/click - {}
RESULT: {}
COMMAND: GET /session/dbf12e8f3049a0fbd9455ca732c69091/screenshot - {}
RESULT: {}
COMMAND: POST /session/dbf12e8f3049a0fbd9455ca732c69091/element - {"using":"xpath","value":"//button[@aria-label=\"Add\"]"}
RESULT: {"using":"xpath","value":"//button[@aria-label=\"Add\"]"}
COMMAND: POST /session/dbf12e8f3049a0fbd9455ca732c69091/element/f.DA6D5706066A486955EFE1E69ACB62C5.d.A256E1D33EC820611264EB28848D63EE.e.3700/click - {}
RESULT: {}
COMMAND: GET /session/dbf12e8f3049a0fbd9455ca732c69091/screenshot - {}
RESULT: {}
COMMAND: POST /session/dbf12e8f3049a0fbd9455ca732c69091/execute/async - {"script":"<script> [1562 bytes]","args":[{"selector":{"id":"application-managehandovers-display-component---AddNewHO--smartFilterBar-btnBasicSearch","searchOpenDialogs":true,"interaction":{"idSuffix":"I"}},"wdio_ui5_key":"applicationmanagehandovers-display-component---AddNewHO--smartFilterBar-btnBasicSearch"}]}
RESULT: {"script":"<script> [1562 bytes]","args":[{"selector":{"id":"application-managehandovers-display-component---AddNewHO--smartFilterBar-btnBasicSearch","searchOpenDialogs":true,"interaction":{"idSuffix":"I"}},"wdio_ui5_key":"applicationmanagehandovers-display-component---AddNewHO--smartFilterBar-btnBasicSearch"}]}
RESULT: undefined
COMMAND: POST /session/dbf12e8f3049a0fbd9455ca732c69091/execute/async - {"script":"<script> [776 bytes]","args":[{"enterText":"WebdriverRUR2Cjkvsfl","selector":{"id":"application-managehandovers-display-component---AddNewHO--smartFilterBar-btnBasicSearch","searchOpenDialogs":true,"interaction":{"idSuffix":"I"}},"clearTextFirst":true,"interactionType":"ENTER_TEXT"}]}
RESULT: {"script":"<script> [776 bytes]","args":[{"enterText":"WebdriverRUR2Cjkvsfl","selector":{"id":"application-managehandovers-display-component---AddNewHO--smartFilterBar-btnBasicSearch","searchOpenDialogs":true,"interaction":{"idSuffix":"I"}},"clearTextFirst":true,"interactionType":"ENTER_TEXT"}]}
COMMAND: POST /session/dbf12e8f3049a0fbd9455ca732c69091/actions - {"actions":[{"id":"action7","type":"key","parameters":{},"actions":[{"type":"keyDown","value":"î€‡"},{"type":"pause","duration":10},{"type":"keyUp","value":"î€‡"}]}]}
RESULT: {"actions":[{"id":"action7","type":"key","parameters":{},"actions":[{"type":"keyDown","value":"î€‡"},{"type":"pause","duration":10},{"type":"keyUp","value":"î€‡"}]}]}
COMMAND: POST /session/dbf12e8f3049a0fbd9455ca732c69091/execute/async - {"script":"<script> [1562 bytes]","args":[{"selector":{"id":"application-managehandovers-display-component---AddNewHO--popup-sa","searchOpenDialogs":true,"interaction":{"idSuffix":"CbBg"}},"wdio_ui5_key":"applicationmanagehandovers-display-component---AddNewHO--popup-sa"}]}
COMMAND: GET /session/dbf12e8f3049a0fbd9455ca732c69091/screenshot - {}
RESULT: {"script":"<script> [1562 bytes]","args":[{"selector":{"id":"application-managehandovers-display-component---AddNewHO--popup-sa","searchOpenDialogs":true,"interaction":{"idSuffix":"CbBg"}},"wdio_ui5_key":"applicationmanagehandovers-display-component---AddNewHO--popup-sa"}]}
RESULT: undefined
COMMAND: POST /session/dbf12e8f3049a0fbd9455ca732c69091/element - {"using":"xpath","value":"//*[@id=\"application-managehandovers-display-component---AddNewHO--popup-sa\"]"}
RESULT: {}
RESULT: {"using":"xpath","value":"//*[@id=\"application-managehandovers-display-component---AddNewHO--popup-sa\"]"}
COMMAND: POST /session/dbf12e8f3049a0fbd9455ca732c69091/element/f.DA6D5706066A486955EFE1E69ACB62C5.d.A256E1D33EC820611264EB28848D63EE.e.3816/click - {}
RESULT: {}
COMMAND: GET /session/dbf12e8f3049a0fbd9455ca732c69091/screenshot - {}
RESULT: {}
COMMAND: POST /session/dbf12e8f3049a0fbd9455ca732c69091/element - {"using":"xpath","value":"//bdi[contains(text(), \"Select\")]"}
RESULT: {"using":"xpath","value":"//bdi[contains(text(), \"Select\")]"}
COMMAND: POST /session/dbf12e8f3049a0fbd9455ca732c69091/element/f.DA6D5706066A486955EFE1E69ACB62C5.d.A256E1D33EC820611264EB28848D63EE.e.3817/click - {}
RESULT: {}
COMMAND: GET /session/dbf12e8f3049a0fbd9455ca732c69091/screenshot - {}
RESULT: {}
COMMAND: POST /session/dbf12e8f3049a0fbd9455ca732c69091/execute/async - {"script":"<script> [1562 bytes]","args":[{"selector":{"controlType":"sap.m.Input","viewName":"etm.portal.ui.managehandovers.view.AddNewHO","viewId":"application-managehandovers-display-component---AddNewHO","bindingPath":{"path":"/items/0","propertyPath":"TYPE","modelName":"hoItemsModel"},"interaction":{"idSuffix":"inner"}},"wdio_ui5_key":"etmportal.ui.managehandovers.view.AddNewHOsap.m.Input{\"path\":\"/items/0\",\"propertyPath\":\"TYPE\",\"modelName\":\"hoItemsModel\"}"}]}
RESULT: {"script":"<script> [1562 bytes]","args":[{"selector":{"controlType":"sap.m.Input","viewName":"etm.portal.ui.managehandovers.view.AddNewHO","viewId":"application-managehandovers-display-component---AddNewHO","bindingPath":{"path":"/items/0","propertyPath":"TYPE","modelName":"hoItemsModel"},"interaction":{"idSuffix":"inner"}},"wdio_ui5_key":"etmportal.ui.managehandovers.view.AddNewHOsap.m.Input{\"path\":\"/items/0\",\"propertyPath\":\"TYPE\",\"modelName\":\"hoItemsModel\"}"}]}
RESULT: undefined
COMMAND: POST /session/dbf12e8f3049a0fbd9455ca732c69091/execute/async - {"script":"<script> [776 bytes]","args":[{"enterText":"100","selector":{"controlType":"sap.m.Input","viewName":"etm.portal.ui.managehandovers.view.AddNewHO","viewId":"application-managehandovers-display-component---AddNewHO","bindingPath":{"path":"/items/0","propertyPath":"TYPE","modelName":"hoItemsModel"},"interaction":{"idSuffix":"inner"}},"clearTextFirst":true,"interactionType":"ENTER_TEXT"}]}
RESULT: {"script":"<script> [776 bytes]","args":[{"enterText":"100","selector":{"controlType":"sap.m.Input","viewName":"etm.portal.ui.managehandovers.view.AddNewHO","viewId":"application-managehandovers-display-component---AddNewHO","bindingPath":{"path":"/items/0","propertyPath":"TYPE","modelName":"hoItemsModel"},"interaction":{"idSuffix":"inner"}},"clearTextFirst":true,"interactionType":"ENTER_TEXT"}]}
COMMAND: POST /session/dbf12e8f3049a0fbd9455ca732c69091/element - {"using":"xpath","value":"//button[@data-kt=\"AddNewHOSaveButton\"]"}
RESULT: {"using":"xpath","value":"//button[@data-kt=\"AddNewHOSaveButton\"]"}
COMMAND: POST /session/dbf12e8f3049a0fbd9455ca732c69091/element/f.DA6D5706066A486955EFE1E69ACB62C5.d.A256E1D33EC820611264EB28848D63EE.e.3822/click - {}
RESULT: {}
COMMAND: GET /session/dbf12e8f3049a0fbd9455ca732c69091/screenshot - {}
RESULT: {}
COMMAND: POST /session/dbf12e8f3049a0fbd9455ca732c69091/execute/async - {"script":"<script> [1562 bytes]","args":[{"selector":{"id":"receiptDatePicker","viewName":"etm.portal.ui.managehandovers.view.DetailExecuteHO","interaction":{"idSuffix":"inner"}},"wdio_ui5_key":"receiptDatePickeretmportal.ui.managehandovers.view.DetailExecuteHO"}]}
RESULT: {"script":"<script> [1562 bytes]","args":[{"selector":{"id":"receiptDatePicker","viewName":"etm.portal.ui.managehandovers.view.DetailExecuteHO","interaction":{"idSuffix":"inner"}},"wdio_ui5_key":"receiptDatePickeretmportal.ui.managehandovers.view.DetailExecuteHO"}]}
RESULT: undefined
COMMAND: POST /session/dbf12e8f3049a0fbd9455ca732c69091/execute/async - {"script":"<script> [6424 bytes]","args":[{"element-6066-11e4-a52e-4f735466cecf":"f.DA6D5706066A486955EFE1E69ACB62C5.d.A256E1D33EC820611264EB28848D63EE.e.3848"},"setValue",["04/27/2025"]]}
RESULT: {"script":"<script> [6424 bytes]","args":[{"element-6066-11e4-a52e-4f735466cecf":"f.DA6D5706066A486955EFE1E69ACB62C5.d.A256E1D33EC820611264EB28848D63EE.e.3848"},"setValue",["04/27/2025"]]}
COMMAND: POST /session/dbf12e8f3049a0fbd9455ca732c69091/element - {"using":"xpath","value":"//button[@data-kt=\"PickingTableConfirmAllButton\"]"}
RESULT: {"using":"xpath","value":"//button[@data-kt=\"PickingTableConfirmAllButton\"]"}
COMMAND: POST /session/dbf12e8f3049a0fbd9455ca732c69091/element/f.DA6D5706066A486955EFE1E69ACB62C5.d.A256E1D33EC820611264EB28848D63EE.e.3863/click - {}
RESULT: {}
COMMAND: GET /session/dbf12e8f3049a0fbd9455ca732c69091/screenshot - {}
RESULT: {}
COMMAND: POST /session/dbf12e8f3049a0fbd9455ca732c69091/element - {"using":"xpath","value":"//bdi[contains(text(), \"OK\")]"}
RESULT: {"using":"xpath","value":"//bdi[contains(text(), \"OK\")]"}
COMMAND: POST /session/dbf12e8f3049a0fbd9455ca732c69091/element/f.DA6D5706066A486955EFE1E69ACB62C5.d.A256E1D33EC820611264EB28848D63EE.e.3866/click - {}
RESULT: {}
COMMAND: GET /session/dbf12e8f3049a0fbd9455ca732c69091/screenshot - {}
RESULT: {}
COMMAND: POST /session/dbf12e8f3049a0fbd9455ca732c69091/element - {"using":"xpath","value":"(//bdi[contains(text(), \"Receive\")])[2]"}
RESULT: {"using":"xpath","value":"(//bdi[contains(text(), \"Receive\")])[2]"}
COMMAND: POST /session/dbf12e8f3049a0fbd9455ca732c69091/element/f.DA6D5706066A486955EFE1E69ACB62C5.d.A256E1D33EC820611264EB28848D63EE.e.3868/click - {}
RESULT: {}
COMMAND: GET /session/dbf12e8f3049a0fbd9455ca732c69091/screenshot - {}
RESULT: {}
COMMAND: POST /session/dbf12e8f3049a0fbd9455ca732c69091/element - {"using":"css selector","value":"#shell-header-logo"}
RESULT: {"using":"css selector","value":"#shell-header-logo"}
COMMAND: POST /session/dbf12e8f3049a0fbd9455ca732c69091/element/f.DA6D5706066A486955EFE1E69ACB62C5.d.A256E1D33EC820611264EB28848D63EE.e.3336/click - {}
RESULT: {}
]]></system-out>
    </testcase>
    <testcase classname="chrome.135_0_7049_96.windows.Create_masterdata_for_Yard_Overview_-_trigger_provide_US130988" name="Should create a new contract" time="89.404">
      <system-out><![CDATA[
COMMAND: POST /session/dbf12e8f3049a0fbd9455ca732c69091/execute/async - {"script":"<script> [1562 bytes]","args":[{"selector":{"controlType":"sap.m.GenericTile","viewName":"etm.portal.ui.managecontractstile.view.Master","i18NText":{"propertyName":"header","key":"manageContractsTileTitle"}},"wdio_ui5_key":"etmportal.ui.managecontractstile.view.Mastersap.m.GenericTile{\"propertyName\":\"header\",\"key\":\"manageContractsTileTitle\"}"}]}
COMMAND: GET /session/dbf12e8f3049a0fbd9455ca732c69091/screenshot - {}
RESULT: {"script":"<script> [1562 bytes]","args":[{"selector":{"controlType":"sap.m.GenericTile","viewName":"etm.portal.ui.managecontractstile.view.Master","i18NText":{"propertyName":"header","key":"manageContractsTileTitle"}},"wdio_ui5_key":"etmportal.ui.managecontractstile.view.Mastersap.m.GenericTile{\"propertyName\":\"header\",\"key\":\"manageContractsTileTitle\"}"}]}
RESULT: undefined
COMMAND: POST /session/dbf12e8f3049a0fbd9455ca732c69091/element - {"using":"xpath","value":"//*[@id=\"__tile130\"]"}
RESULT: {}
RESULT: {"using":"xpath","value":"//*[@id=\"__tile130\"]"}
COMMAND: POST /session/dbf12e8f3049a0fbd9455ca732c69091/element/f.DA6D5706066A486955EFE1E69ACB62C5.d.A256E1D33EC820611264EB28848D63EE.e.4019/click - {}
RESULT: {}
COMMAND: GET /session/dbf12e8f3049a0fbd9455ca732c69091/screenshot - {}
RESULT: {}
COMMAND: POST /session/dbf12e8f3049a0fbd9455ca732c69091/element - {"using":"xpath","value":"//button[@data-kt=\"addButton\"]"}
RESULT: {"using":"xpath","value":"//button[@data-kt=\"addButton\"]"}
COMMAND: POST /session/dbf12e8f3049a0fbd9455ca732c69091/element/f.DA6D5706066A486955EFE1E69ACB62C5.d.A256E1D33EC820611264EB28848D63EE.e.4091/click - {}
RESULT: {}
COMMAND: GET /session/dbf12e8f3049a0fbd9455ca732c69091/screenshot - {}
RESULT: {}
COMMAND: POST /session/dbf12e8f3049a0fbd9455ca732c69091/execute/async - {"script":"<script> [1562 bytes]","args":[{"selector":{"id":"application-managecontracts-display-component---AddNewContract--projectDescription","interaction":{"idSuffix":"inner"}},"wdio_ui5_key":"applicationmanagecontracts-display-component---AddNewContract--projectDescription"}]}
RESULT: {"script":"<script> [1562 bytes]","args":[{"selector":{"id":"application-managecontracts-display-component---AddNewContract--projectDescription","interaction":{"idSuffix":"inner"}},"wdio_ui5_key":"applicationmanagecontracts-display-component---AddNewContract--projectDescription"}]}
RESULT: undefined
COMMAND: POST /session/dbf12e8f3049a0fbd9455ca732c69091/execute/async - {"script":"<script> [776 bytes]","args":[{"enterText":"WdIOOverviewy9lz2","selector":{"id":"application-managecontracts-display-component---AddNewContract--projectDescription","interaction":{"idSuffix":"inner"}},"clearTextFirst":true,"interactionType":"ENTER_TEXT"}]}
RESULT: {"script":"<script> [776 bytes]","args":[{"enterText":"WdIOOverviewy9lz2","selector":{"id":"application-managecontracts-display-component---AddNewContract--projectDescription","interaction":{"idSuffix":"inner"}},"clearTextFirst":true,"interactionType":"ENTER_TEXT"}]}
COMMAND: POST /session/dbf12e8f3049a0fbd9455ca732c69091/element - {"using":"xpath","value":"//input[@id=\"application-managecontracts-display-component---AddNewContract--yardId-inner\"]"}
RESULT: {"using":"xpath","value":"//input[@id=\"application-managecontracts-display-component---AddNewContract--yardId-inner\"]"}
COMMAND: POST /session/dbf12e8f3049a0fbd9455ca732c69091/element/f.DA6D5706066A486955EFE1E69ACB62C5.d.A256E1D33EC820611264EB28848D63EE.e.4367/clear - {}
RESULT: {}
COMMAND: POST /session/dbf12e8f3049a0fbd9455ca732c69091/element/f.DA6D5706066A486955EFE1E69ACB62C5.d.A256E1D33EC820611264EB28848D63EE.e.4367/value - {"text":"WebdriverYarddk4di"}
COMMAND: GET /session/dbf12e8f3049a0fbd9455ca732c69091/screenshot - {}
RESULT: {"text":"WebdriverYarddk4di"}
COMMAND: GET /session/dbf12e8f3049a0fbd9455ca732c69091/screenshot - {}
RESULT: {}
RESULT: {}
COMMAND: POST /session/dbf12e8f3049a0fbd9455ca732c69091/actions - {"actions":[{"id":"action8","type":"key","parameters":{},"actions":[{"type":"keyDown","value":"î€‡"},{"type":"pause","duration":10},{"type":"keyUp","value":"î€‡"}]}]}
RESULT: {"actions":[{"id":"action8","type":"key","parameters":{},"actions":[{"type":"keyDown","value":"î€‡"},{"type":"pause","duration":10},{"type":"keyUp","value":"î€‡"}]}]}
COMMAND: GET /session/dbf12e8f3049a0fbd9455ca732c69091/screenshot - {}
RESULT: {}
COMMAND: POST /session/dbf12e8f3049a0fbd9455ca732c69091/element - {"using":"xpath","value":"//input[@id=\"application-managecontracts-display-component---AddNewContract--customerSelect-inner\"]"}
RESULT: {"using":"xpath","value":"//input[@id=\"application-managecontracts-display-component---AddNewContract--customerSelect-inner\"]"}
COMMAND: POST /session/dbf12e8f3049a0fbd9455ca732c69091/element/f.DA6D5706066A486955EFE1E69ACB62C5.d.A256E1D33EC820611264EB28848D63EE.e.4365/clear - {}
RESULT: {}
COMMAND: POST /session/dbf12e8f3049a0fbd9455ca732c69091/element/f.DA6D5706066A486955EFE1E69ACB62C5.d.A256E1D33EC820611264EB28848D63EE.e.4365/value - {"text":"WebdriverPartnero2kuf"}
COMMAND: GET /session/dbf12e8f3049a0fbd9455ca732c69091/screenshot - {}
RESULT: {"text":"WebdriverPartnero2kuf"}
COMMAND: GET /session/dbf12e8f3049a0fbd9455ca732c69091/screenshot - {}
RESULT: {}
RESULT: {}
COMMAND: POST /session/dbf12e8f3049a0fbd9455ca732c69091/actions - {"actions":[{"id":"action9","type":"key","parameters":{},"actions":[{"type":"keyDown","value":"î€‡"},{"type":"pause","duration":10},{"type":"keyUp","value":"î€‡"}]}]}
RESULT: {"actions":[{"id":"action9","type":"key","parameters":{},"actions":[{"type":"keyDown","value":"î€‡"},{"type":"pause","duration":10},{"type":"keyUp","value":"î€‡"}]}]}
COMMAND: GET /session/dbf12e8f3049a0fbd9455ca732c69091/screenshot - {}
RESULT: {}
COMMAND: POST /session/dbf12e8f3049a0fbd9455ca732c69091/element - {"using":"xpath","value":"//input[@id=\"application-managecontracts-display-component---AddNewContract--site-inner\"]"}
RESULT: {"using":"xpath","value":"//input[@id=\"application-managecontracts-display-component---AddNewContract--site-inner\"]"}
COMMAND: POST /session/dbf12e8f3049a0fbd9455ca732c69091/element/f.DA6D5706066A486955EFE1E69ACB62C5.d.A256E1D33EC820611264EB28848D63EE.e.4366/clear - {}
RESULT: {}
COMMAND: POST /session/dbf12e8f3049a0fbd9455ca732c69091/element/f.DA6D5706066A486955EFE1E69ACB62C5.d.A256E1D33EC820611264EB28848D63EE.e.4366/value - {"text":"WebdriverSite26rtnj"}
COMMAND: GET /session/dbf12e8f3049a0fbd9455ca732c69091/screenshot - {}
RESULT: {"text":"WebdriverSite26rtnj"}
COMMAND: GET /session/dbf12e8f3049a0fbd9455ca732c69091/screenshot - {}
RESULT: {}
RESULT: {}
COMMAND: POST /session/dbf12e8f3049a0fbd9455ca732c69091/actions - {"actions":[{"id":"action10","type":"key","parameters":{},"actions":[{"type":"keyDown","value":"î€‡"},{"type":"pause","duration":10},{"type":"keyUp","value":"î€‡"}]}]}
RESULT: {"actions":[{"id":"action10","type":"key","parameters":{},"actions":[{"type":"keyDown","value":"î€‡"},{"type":"pause","duration":10},{"type":"keyUp","value":"î€‡"}]}]}
COMMAND: GET /session/dbf12e8f3049a0fbd9455ca732c69091/screenshot - {}
RESULT: {}
COMMAND: POST /session/dbf12e8f3049a0fbd9455ca732c69091/element - {"using":"xpath","value":"//button[@data-kt=\"saveButton\"]"}
RESULT: {"using":"xpath","value":"//button[@data-kt=\"saveButton\"]"}
COMMAND: POST /session/dbf12e8f3049a0fbd9455ca732c69091/element/f.DA6D5706066A486955EFE1E69ACB62C5.d.A256E1D33EC820611264EB28848D63EE.e.4383/click - {}
RESULT: {}
COMMAND: GET /session/dbf12e8f3049a0fbd9455ca732c69091/screenshot - {}
RESULT: {}
COMMAND: POST /session/dbf12e8f3049a0fbd9455ca732c69091/execute/async - {"script":"<script> [1562 bytes]","args":[{"selector":{"id":"contractDetailTitleNoExpanded","viewName":"etm.portal.ui.managecontracts.view.Detail"},"wdio_ui5_key":"contractDetailTitleNoExpandedetmportal.ui.managecontracts.view.Detail"}]}
RESULT: {"script":"<script> [1562 bytes]","args":[{"selector":{"id":"contractDetailTitleNoExpanded","viewName":"etm.portal.ui.managecontracts.view.Detail"},"wdio_ui5_key":"contractDetailTitleNoExpandedetmportal.ui.managecontracts.view.Detail"}]}
RESULT: undefined
COMMAND: POST /session/dbf12e8f3049a0fbd9455ca732c69091/execute/async - {"script":"<script> [6424 bytes]","args":[{"element-6066-11e4-a52e-4f735466cecf":"f.DA6D5706066A486955EFE1E69ACB62C5.d.A256E1D33EC820611264EB28848D63EE.e.4463"},"getText",[]]}
RESULT: {"script":"<script> [6424 bytes]","args":[{"element-6066-11e4-a52e-4f735466cecf":"f.DA6D5706066A486955EFE1E69ACB62C5.d.A256E1D33EC820611264EB28848D63EE.e.4463"},"getText",[]]}
]]></system-out>
    </testcase>
    <testcase classname="chrome.135_0_7049_96.windows.Create_masterdata_for_Yard_Overview_-_trigger_provide_US130988" name="Should add material to the contract" time="49.695">
      <system-out><![CDATA[
COMMAND: POST /session/dbf12e8f3049a0fbd9455ca732c69091/element - {"using":"xpath","value":"//button[@data-kt=\"contractDetailEditBtnButton\"]"}
RESULT: {"using":"xpath","value":"//button[@data-kt=\"contractDetailEditBtnButton\"]"}
COMMAND: POST /session/dbf12e8f3049a0fbd9455ca732c69091/element/f.DA6D5706066A486955EFE1E69ACB62C5.d.A256E1D33EC820611264EB28848D63EE.e.4464/click - {}
RESULT: {}
COMMAND: GET /session/dbf12e8f3049a0fbd9455ca732c69091/screenshot - {}
RESULT: {}
COMMAND: POST /session/dbf12e8f3049a0fbd9455ca732c69091/element - {"using":"xpath","value":"(//span[contains(text(), \"Additional Addresses\")])[2]"}
RESULT: {"using":"xpath","value":"(//span[contains(text(), \"Additional Addresses\")])[2]"}
COMMAND: POST /session/dbf12e8f3049a0fbd9455ca732c69091/element/f.DA6D5706066A486955EFE1E69ACB62C5.d.A256E1D33EC820611264EB28848D63EE.e.4521/click - {}
RESULT: {}
COMMAND: GET /session/dbf12e8f3049a0fbd9455ca732c69091/screenshot - {}
RESULT: {}
COMMAND: POST /session/dbf12e8f3049a0fbd9455ca732c69091/element - {"using":"xpath","value":"//button[@data-kt=\"btnAddTableRowOverflowToolbarButton\"]"}
RESULT: {"using":"xpath","value":"//button[@data-kt=\"btnAddTableRowOverflowToolbarButton\"]"}
COMMAND: POST /session/dbf12e8f3049a0fbd9455ca732c69091/element/f.DA6D5706066A486955EFE1E69ACB62C5.d.A256E1D33EC820611264EB28848D63EE.e.4523/click - {}
RESULT: {}
COMMAND: GET /session/dbf12e8f3049a0fbd9455ca732c69091/screenshot - {}
RESULT: {}
COMMAND: POST /session/dbf12e8f3049a0fbd9455ca732c69091/element - {"using":"xpath","value":"//div[(text() = 'Standard Entry' or . = 'Standard Entry')]"}
RESULT: {"using":"xpath","value":"//div[(text() = 'Standard Entry' or . = 'Standard Entry')]"}
COMMAND: POST /session/dbf12e8f3049a0fbd9455ca732c69091/element/f.DA6D5706066A486955EFE1E69ACB62C5.d.A256E1D33EC820611264EB28848D63EE.e.4525/click - {}
RESULT: {}
COMMAND: POST /session/dbf12e8f3049a0fbd9455ca732c69091/element - {"using":"xpath","value":"//td[6]/div/div/input[1]"}
COMMAND: GET /session/dbf12e8f3049a0fbd9455ca732c69091/screenshot - {}
RESULT: {"using":"xpath","value":"//td[6]/div/div/input[1]"}
COMMAND: POST /session/dbf12e8f3049a0fbd9455ca732c69091/element/f.DA6D5706066A486955EFE1E69ACB62C5.d.A256E1D33EC820611264EB28848D63EE.e.4527/click - {}
RESULT: {}
RESULT: {}
COMMAND: POST /session/dbf12e8f3049a0fbd9455ca732c69091/actions - {"actions":[{"id":"action11","type":"key","parameters":{},"actions":[{"type":"keyDown","value":"î€ƒ"},{"type":"pause","duration":10},{"type":"keyUp","value":"î€ƒ"}]}]}
COMMAND: GET /session/dbf12e8f3049a0fbd9455ca732c69091/screenshot - {}
RESULT: {"actions":[{"id":"action11","type":"key","parameters":{},"actions":[{"type":"keyDown","value":"î€ƒ"},{"type":"pause","duration":10},{"type":"keyUp","value":"î€ƒ"}]}]}
COMMAND: POST /session/dbf12e8f3049a0fbd9455ca732c69091/element - {"using":"xpath","value":"//td[6]/div/div/input[1]"}
COMMAND: GET /session/dbf12e8f3049a0fbd9455ca732c69091/screenshot - {}
RESULT: {}
RESULT: {"using":"xpath","value":"//td[6]/div/div/input[1]"}
COMMAND: POST /session/dbf12e8f3049a0fbd9455ca732c69091/element/f.DA6D5706066A486955EFE1E69ACB62C5.d.A256E1D33EC820611264EB28848D63EE.e.4527/clear - {}
RESULT: {}
RESULT: {}
COMMAND: POST /session/dbf12e8f3049a0fbd9455ca732c69091/element/f.DA6D5706066A486955EFE1E69ACB62C5.d.A256E1D33EC820611264EB28848D63EE.e.4527/value - {"text":"Material"}
COMMAND: GET /session/dbf12e8f3049a0fbd9455ca732c69091/screenshot - {}
RESULT: {"text":"Material"}
COMMAND: GET /session/dbf12e8f3049a0fbd9455ca732c69091/screenshot - {}
RESULT: {}
RESULT: {}
COMMAND: POST /session/dbf12e8f3049a0fbd9455ca732c69091/actions - {"actions":[{"id":"action12","type":"key","parameters":{},"actions":[{"type":"keyDown","value":"î€‡"},{"type":"pause","duration":10},{"type":"keyUp","value":"î€‡"}]}]}
RESULT: {"actions":[{"id":"action12","type":"key","parameters":{},"actions":[{"type":"keyDown","value":"î€‡"},{"type":"pause","duration":10},{"type":"keyUp","value":"î€‡"}]}]}
COMMAND: GET /session/dbf12e8f3049a0fbd9455ca732c69091/screenshot - {}
RESULT: {}
COMMAND: POST /session/dbf12e8f3049a0fbd9455ca732c69091/actions - {"actions":[{"id":"action13","type":"key","parameters":{},"actions":[{"type":"keyDown","value":"î€‡"},{"type":"pause","duration":10},{"type":"keyUp","value":"î€‡"}]}]}
RESULT: {"actions":[{"id":"action13","type":"key","parameters":{},"actions":[{"type":"keyDown","value":"î€‡"},{"type":"pause","duration":10},{"type":"keyUp","value":"î€‡"}]}]}
COMMAND: POST /session/dbf12e8f3049a0fbd9455ca732c69091/element - {"using":"xpath","value":"//td[7]/div/div/input"}
COMMAND: GET /session/dbf12e8f3049a0fbd9455ca732c69091/screenshot - {}
RESULT: {"using":"xpath","value":"//td[7]/div/div/input"}
COMMAND: POST /session/dbf12e8f3049a0fbd9455ca732c69091/element/f.DA6D5706066A486955EFE1E69ACB62C5.d.A256E1D33EC820611264EB28848D63EE.e.4540/clear - {}
RESULT: {}
RESULT: {}
COMMAND: POST /session/dbf12e8f3049a0fbd9455ca732c69091/element/f.DA6D5706066A486955EFE1E69ACB62C5.d.A256E1D33EC820611264EB28848D63EE.e.4540/value - {"text":"WebdriverRUR2Cjkvsfl"}
COMMAND: GET /session/dbf12e8f3049a0fbd9455ca732c69091/screenshot - {}
RESULT: {"text":"WebdriverRUR2Cjkvsfl"}
COMMAND: GET /session/dbf12e8f3049a0fbd9455ca732c69091/screenshot - {}
RESULT: {}
RESULT: {}
COMMAND: POST /session/dbf12e8f3049a0fbd9455ca732c69091/actions - {"actions":[{"id":"action14","type":"key","parameters":{},"actions":[{"type":"keyDown","value":"î€‡"},{"type":"pause","duration":10},{"type":"keyUp","value":"î€‡"}]}]}
RESULT: {"actions":[{"id":"action14","type":"key","parameters":{},"actions":[{"type":"keyDown","value":"î€‡"},{"type":"pause","duration":10},{"type":"keyUp","value":"î€‡"}]}]}
COMMAND: GET /session/dbf12e8f3049a0fbd9455ca732c69091/screenshot - {}
RESULT: {}
COMMAND: POST /session/dbf12e8f3049a0fbd9455ca732c69091/actions - {"actions":[{"id":"action15","type":"key","parameters":{},"actions":[{"type":"keyDown","value":"î€‡"},{"type":"pause","duration":10},{"type":"keyUp","value":"î€‡"}]}]}
RESULT: {"actions":[{"id":"action15","type":"key","parameters":{},"actions":[{"type":"keyDown","value":"î€‡"},{"type":"pause","duration":10},{"type":"keyUp","value":"î€‡"}]}]}
COMMAND: GET /session/dbf12e8f3049a0fbd9455ca732c69091/screenshot - {}
RESULT: {}
COMMAND: POST /session/dbf12e8f3049a0fbd9455ca732c69091/element - {"using":"xpath","value":"(//button[@data-kt=\"saveButton\"])[2]"}
RESULT: {"using":"xpath","value":"(//button[@data-kt=\"saveButton\"])[2]"}
COMMAND: POST /session/dbf12e8f3049a0fbd9455ca732c69091/element/f.DA6D5706066A486955EFE1E69ACB62C5.d.A256E1D33EC820611264EB28848D63EE.e.4566/click - {}
RESULT: {}
COMMAND: GET /session/dbf12e8f3049a0fbd9455ca732c69091/screenshot - {}
RESULT: {}
]]></system-out>
    </testcase>
    <testcase classname="chrome.135_0_7049_96.windows.Create_masterdata_for_Yard_Overview_-_trigger_provide_US130988" name="Navigate to Yard overview and provide the RU" time="134.373">
      <system-out><![CDATA[
COMMAND: POST /session/dbf12e8f3049a0fbd9455ca732c69091/element - {"using":"css selector","value":"#shell-header-logo"}
RESULT: {"using":"css selector","value":"#shell-header-logo"}
COMMAND: POST /session/dbf12e8f3049a0fbd9455ca732c69091/element/f.DA6D5706066A486955EFE1E69ACB62C5.d.A256E1D33EC820611264EB28848D63EE.e.4022/click - {}
RESULT: {}
COMMAND: GET /session/dbf12e8f3049a0fbd9455ca732c69091/screenshot - {}
RESULT: {}
COMMAND: POST /session/dbf12e8f3049a0fbd9455ca732c69091/execute/async - {"script":"<script> [1562 bytes]","args":[{"selector":{"controlType":"sap.m.GenericTile","properties":{"header":"Yard Overview"}},"wdio_ui5_key":"sapm.GenericTile{\"header\":\"Yard Overview\"}"}]}
RESULT: {"script":"<script> [1562 bytes]","args":[{"selector":{"controlType":"sap.m.GenericTile","properties":{"header":"Yard Overview"}},"wdio_ui5_key":"sapm.GenericTile{\"header\":\"Yard Overview\"}"}]}
RESULT: undefined
COMMAND: POST /session/dbf12e8f3049a0fbd9455ca732c69091/element - {"using":"xpath","value":"//*[@id=\"__tile102\"]"}
RESULT: {"using":"xpath","value":"//*[@id=\"__tile102\"]"}
COMMAND: POST /session/dbf12e8f3049a0fbd9455ca732c69091/element/f.DA6D5706066A486955EFE1E69ACB62C5.d.A256E1D33EC820611264EB28848D63EE.e.4570/click - {}
RESULT: {}
COMMAND: GET /session/dbf12e8f3049a0fbd9455ca732c69091/screenshot - {}
RESULT: {}
COMMAND: POST /session/dbf12e8f3049a0fbd9455ca732c69091/execute/async - {"script":"<script> [1562 bytes]","args":[{"selector":{"id":"application-yardoverview-display-component---masterYardInventory--smartFilterBar-btnBasicSearch","interaction":{"idSuffix":"I"}},"wdio_ui5_key":"applicationyardoverview-display-component---masterYardInventory--smartFilterBar-btnBasicSearch"}]}
RESULT: {"script":"<script> [1562 bytes]","args":[{"selector":{"id":"application-yardoverview-display-component---masterYardInventory--smartFilterBar-btnBasicSearch","interaction":{"idSuffix":"I"}},"wdio_ui5_key":"applicationyardoverview-display-component---masterYardInventory--smartFilterBar-btnBasicSearch"}]}
RESULT: undefined
COMMAND: POST /session/dbf12e8f3049a0fbd9455ca732c69091/execute/async - {"script":"<script> [776 bytes]","args":[{"enterText":"WebdriverYarddk4di","selector":{"id":"application-yardoverview-display-component---masterYardInventory--smartFilterBar-btnBasicSearch","interaction":{"idSuffix":"I"}},"clearTextFirst":true,"interactionType":"ENTER_TEXT"}]}
RESULT: {"script":"<script> [776 bytes]","args":[{"enterText":"WebdriverYarddk4di","selector":{"id":"application-yardoverview-display-component---masterYardInventory--smartFilterBar-btnBasicSearch","interaction":{"idSuffix":"I"}},"clearTextFirst":true,"interactionType":"ENTER_TEXT"}]}
COMMAND: POST /session/dbf12e8f3049a0fbd9455ca732c69091/actions - {"actions":[{"id":"action16","type":"key","parameters":{},"actions":[{"type":"keyDown","value":"î€‡"},{"type":"pause","duration":10},{"type":"keyUp","value":"î€‡"}]}]}
RESULT: {"actions":[{"id":"action16","type":"key","parameters":{},"actions":[{"type":"keyDown","value":"î€‡"},{"type":"pause","duration":10},{"type":"keyUp","value":"î€‡"}]}]}
COMMAND: GET /session/dbf12e8f3049a0fbd9455ca732c69091/screenshot - {}
RESULT: {}
COMMAND: POST /session/dbf12e8f3049a0fbd9455ca732c69091/execute/async - {"script":"<script> [1562 bytes]","args":[{"selector":{"controlType":"sap.m.ColumnListItem","viewName":"etm.portal.ui.yardoverview.view.Master","viewId":"application-yardoverview-display-component---masterYardInventory","properties":{"type":"Navigation"},"interaction":{"idSuffix":"TypeCell"}},"wdio_ui5_key":"etmportal.ui.yardoverview.view.Mastersap.m.ColumnListItem{\"type\":\"Navigation\"}"}]}
RESULT: {"script":"<script> [1562 bytes]","args":[{"selector":{"controlType":"sap.m.ColumnListItem","viewName":"etm.portal.ui.yardoverview.view.Master","viewId":"application-yardoverview-display-component---masterYardInventory","properties":{"type":"Navigation"},"interaction":{"idSuffix":"TypeCell"}},"wdio_ui5_key":"etmportal.ui.yardoverview.view.Mastersap.m.ColumnListItem{\"type\":\"Navigation\"}"}]}
RESULT: undefined
COMMAND: POST /session/dbf12e8f3049a0fbd9455ca732c69091/element - {"using":"xpath","value":"//*[@id=\"__item1042-__clone2855\"]"}
RESULT: {"using":"xpath","value":"//*[@id=\"__item1042-__clone2855\"]"}
COMMAND: POST /session/dbf12e8f3049a0fbd9455ca732c69091/element/f.DA6D5706066A486955EFE1E69ACB62C5.d.A256E1D33EC820611264EB28848D63EE.e.4639/click - {}
RESULT: {}
COMMAND: GET /session/dbf12e8f3049a0fbd9455ca732c69091/screenshot - {}
RESULT: {}
COMMAND: POST /session/dbf12e8f3049a0fbd9455ca732c69091/execute/async - {"script":"<script> [1562 bytes]","args":[{"selector":{"id":"application-yardoverview-display-component---detailYardInventory--openProvides-triggerAction-provideBtn","interaction":{"idSuffix":"BDI-content"}},"wdio_ui5_key":"applicationyardoverview-display-component---detailYardInventory--openProvides-triggerAction-provideBtn"}]}
RESULT: {"script":"<script> [1562 bytes]","args":[{"selector":{"id":"application-yardoverview-display-component---detailYardInventory--openProvides-triggerAction-provideBtn","interaction":{"idSuffix":"BDI-content"}},"wdio_ui5_key":"applicationyardoverview-display-component---detailYardInventory--openProvides-triggerAction-provideBtn"}]}
RESULT: undefined
COMMAND: POST /session/dbf12e8f3049a0fbd9455ca732c69091/element - {"using":"xpath","value":"//*[@id=\"application-yardoverview-display-component---detailYardInventory--openProvides-triggerAction-provideBtn\"]"}
RESULT: {"using":"xpath","value":"//*[@id=\"application-yardoverview-display-component---detailYardInventory--openProvides-triggerAction-provideBtn\"]"}
COMMAND: POST /session/dbf12e8f3049a0fbd9455ca732c69091/element/f.DA6D5706066A486955EFE1E69ACB62C5.d.A256E1D33EC820611264EB28848D63EE.e.4676/click - {}
RESULT: {}
COMMAND: POST /session/dbf12e8f3049a0fbd9455ca732c69091/execute/async - {"script":"<script> [1562 bytes]","args":[{"selector":{"controlType":"sap.m.CheckBox","viewName":"etm.portal.ui.yardoverview.view.Detail","viewId":"application-yardoverview-display-component---detailYardInventory","properties":{"editable":true},"ancestor":{"controlType":"sap.m.ColumnListItem","viewName":"etm.portal.ui.yardoverview.view.Detail","viewId":"application-yardoverview-display-component---detailYardInventory","bindingPath":{"path":"/SmartOpenRUYardInventory(CONTRACT='10231',ITEM=10m,SUB_ITEM=0m)"},"ancestor":{"id":"application-yardoverview-display-component---detailYardInventory--customProvidesTable"}},"interaction":{"idSuffix":"CbBg"}},"wdio_ui5_key":"etmportal.ui.yardoverview.view.Detailsap.m.CheckBox{\"editable\":true}{\"controlType\":\"sap.m.ColumnListItem\",\"viewName\":\"etm.portal.ui.yardoverview.view.Detail\",\"viewId\":\"application-yardoverview-display-component---detailYardInventory\",\"bindingPath\":{\"path\":\"/SmartOpenRUYardInventory(CONTRACT='10231',ITEM=10m,SUB_ITEM=0m)\"},\"ancestor\":{\"id\":\"application-yardoverview-display-component---detailYardInventory--customProvidesTable\"}}"}]}
COMMAND: GET /session/dbf12e8f3049a0fbd9455ca732c69091/screenshot - {}
RESULT: {"script":"<script> [1562 bytes]","args":[{"selector":{"controlType":"sap.m.CheckBox","viewName":"etm.portal.ui.yardoverview.view.Detail","viewId":"application-yardoverview-display-component---detailYardInventory","properties":{"editable":true},"ancestor":{"controlType":"sap.m.ColumnListItem","viewName":"etm.portal.ui.yardoverview.view.Detail","viewId":"application-yardoverview-display-component---detailYardInventory","bindingPath":{"path":"/SmartOpenRUYardInventory(CONTRACT='10231',ITEM=10m,SUB_ITEM=0m)"},"ancestor":{"id":"application-yardoverview-display-component---detailYardInventory--customProvidesTable"}},"interaction":{"idSuffix":"CbBg"}},"wdio_ui5_key":"etmportal.ui.yardoverview.view.Detailsap.m.CheckBox{\"editable\":true}{\"controlType\":\"sap.m.ColumnListItem\",\"viewName\":\"etm.portal.ui.yardoverview.view.Detail\",\"viewId\":\"application-yardoverview-display-component---detailYardInventory\",\"bindingPath\":{\"path\":\"/SmartOpenRUYardInventory(CONTRACT='10231',ITEM=10m,SUB_ITEM=0m)\"},\"ancestor\":{\"id\":\"application-yardoverview-display-component---detailYardInventory--customProvidesTable\"}}"}]}
RESULT: undefined
COMMAND: POST /session/dbf12e8f3049a0fbd9455ca732c69091/element - {"using":"xpath","value":"//*[@id=\"__item1072-__clone2955-selectMulti\"]"}
RESULT: {}
RESULT: {"using":"xpath","value":"//*[@id=\"__item1072-__clone2955-selectMulti\"]"}
COMMAND: POST /session/dbf12e8f3049a0fbd9455ca732c69091/element/f.DA6D5706066A486955EFE1E69ACB62C5.d.A256E1D33EC820611264EB28848D63EE.e.4752/click - {}
RESULT: {}
COMMAND: GET /session/dbf12e8f3049a0fbd9455ca732c69091/screenshot - {}
RESULT: {}
RESULT: undefined
COMMAND: POST /session/dbf12e8f3049a0fbd9455ca732c69091/element - {"using":"xpath","value":"//*[@id=\"application-yardoverview-display-component---detailYardInventory--openProvides-triggerAction-provideBtn\"]"}
RESULT: {"using":"xpath","value":"//*[@id=\"application-yardoverview-display-component---detailYardInventory--openProvides-triggerAction-provideBtn\"]"}
COMMAND: POST /session/dbf12e8f3049a0fbd9455ca732c69091/element/f.DA6D5706066A486955EFE1E69ACB62C5.d.A256E1D33EC820611264EB28848D63EE.e.4676/click - {}
RESULT: {}
COMMAND: GET /session/dbf12e8f3049a0fbd9455ca732c69091/screenshot - {}
RESULT: {}
COMMAND: POST /session/dbf12e8f3049a0fbd9455ca732c69091/actions - {"actions":[{"id":"action17","type":"key","parameters":{},"actions":[{"type":"keyDown","value":"î€‡"},{"type":"pause","duration":10},{"type":"keyUp","value":"î€‡"}]}]}
RESULT: {"actions":[{"id":"action17","type":"key","parameters":{},"actions":[{"type":"keyDown","value":"î€‡"},{"type":"pause","duration":10},{"type":"keyUp","value":"î€‡"}]}]}
COMMAND: GET /session/dbf12e8f3049a0fbd9455ca732c69091/screenshot - {}
RESULT: {}
COMMAND: POST /session/dbf12e8f3049a0fbd9455ca732c69091/execute/async - {"script":"<script> [1562 bytes]","args":[{"selector":{"id":"application-yardoverview-display-component---detailYardInventory--smartTableProvides-btnPersonalisation-img"},"wdio_ui5_key":"applicationyardoverview-display-component---detailYardInventory--smartTableProvides-btnPersonalisation-img"}]}
RESULT: {"script":"<script> [1562 bytes]","args":[{"selector":{"id":"application-yardoverview-display-component---detailYardInventory--smartTableProvides-btnPersonalisation-img"},"wdio_ui5_key":"applicationyardoverview-display-component---detailYardInventory--smartTableProvides-btnPersonalisation-img"}]}
RESULT: undefined
COMMAND: POST /session/dbf12e8f3049a0fbd9455ca732c69091/element - {"using":"xpath","value":"//*[@id=\"application-yardoverview-display-component---detailYardInventory--smartTableProvides-btnPersonalisation-img\"]"}
RESULT: {"using":"xpath","value":"//*[@id=\"application-yardoverview-display-component---detailYardInventory--smartTableProvides-btnPersonalisation-img\"]"}
COMMAND: POST /session/dbf12e8f3049a0fbd9455ca732c69091/element/f.DA6D5706066A486955EFE1E69ACB62C5.d.A256E1D33EC820611264EB28848D63EE.e.4688/click - {}
RESULT: {}
COMMAND: POST /session/dbf12e8f3049a0fbd9455ca732c69091/element - {"using":"xpath","value":"//input[contains(@id ,\"searchField-I\")]"}
COMMAND: GET /session/dbf12e8f3049a0fbd9455ca732c69091/screenshot - {}
RESULT: {"using":"xpath","value":"//input[contains(@id ,\"searchField-I\")]"}
COMMAND: POST /session/dbf12e8f3049a0fbd9455ca732c69091/element/f.DA6D5706066A486955EFE1E69ACB62C5.d.A256E1D33EC820611264EB28848D63EE.e.4770/clear - {}
RESULT: {}
RESULT: {}
COMMAND: POST /session/dbf12e8f3049a0fbd9455ca732c69091/element/f.DA6D5706066A486955EFE1E69ACB62C5.d.A256E1D33EC820611264EB28848D63EE.e.4770/value - {"text":"Handover Provided"}
COMMAND: GET /session/dbf12e8f3049a0fbd9455ca732c69091/screenshot - {}
RESULT: {"text":"Handover Provided"}
COMMAND: GET /session/dbf12e8f3049a0fbd9455ca732c69091/screenshot - {}
RESULT: {}
RESULT: {}
COMMAND: POST /session/dbf12e8f3049a0fbd9455ca732c69091/element - {"using":"xpath","value":"//div[contains(@id ,\"innerSelectionPanelTable-sa-CbBg\")]"}
RESULT: {"using":"xpath","value":"//div[contains(@id ,\"innerSelectionPanelTable-sa-CbBg\")]"}
COMMAND: POST /session/dbf12e8f3049a0fbd9455ca732c69091/element/f.DA6D5706066A486955EFE1E69ACB62C5.d.A256E1D33EC820611264EB28848D63EE.e.4804/click - {}
RESULT: {}
COMMAND: GET /session/dbf12e8f3049a0fbd9455ca732c69091/screenshot - {}
RESULT: {}
COMMAND: POST /session/dbf12e8f3049a0fbd9455ca732c69091/element - {"using":"xpath","value":"//bdi[contains(@id ,\"confirmBtn-BDI-content\")]"}
RESULT: {"using":"xpath","value":"//bdi[contains(@id ,\"confirmBtn-BDI-content\")]"}
COMMAND: POST /session/dbf12e8f3049a0fbd9455ca732c69091/element/f.DA6D5706066A486955EFE1E69ACB62C5.d.A256E1D33EC820611264EB28848D63EE.e.4805/click - {}
RESULT: {}
COMMAND: GET /session/dbf12e8f3049a0fbd9455ca732c69091/screenshot - {}
RESULT: {}
COMMAND: POST /session/dbf12e8f3049a0fbd9455ca732c69091/element - {"using":"xpath","value":"//a[contains(@data-kt ,\"OpenProvidesHandOverItemLink\")]"}
RESULT: {"using":"xpath","value":"//a[contains(@data-kt ,\"OpenProvidesHandOverItemLink\")]"}
COMMAND: POST /session/dbf12e8f3049a0fbd9455ca732c69091/element/f.DA6D5706066A486955EFE1E69ACB62C5.d.A256E1D33EC820611264EB28848D63EE.e.4811/click - {}
RESULT: {}
COMMAND: GET /session/dbf12e8f3049a0fbd9455ca732c69091/screenshot - {}
RESULT: {}
COMMAND: POST /session/dbf12e8f3049a0fbd9455ca732c69091/actions - {"actions":[{"id":"action18","type":"key","parameters":{},"actions":[{"type":"keyDown","value":"î€‡"},{"type":"pause","duration":10},{"type":"keyUp","value":"î€‡"}]}]}
RESULT: {"actions":[{"id":"action18","type":"key","parameters":{},"actions":[{"type":"keyDown","value":"î€‡"},{"type":"pause","duration":10},{"type":"keyUp","value":"î€‡"}]}]}
COMMAND: GET /session/dbf12e8f3049a0fbd9455ca732c69091/screenshot - {}
RESULT: {}
COMMAND: POST /session/dbf12e8f3049a0fbd9455ca732c69091/execute/async - {"script":"<script> [1562 bytes]","args":[{"selector":{"controlType":"sap.m.Button","viewName":"etm.portal.ui.managehandovers.view.DetailExecuteHO","i18NText":{"propertyName":"text","key":"confirmAll"},"interaction":{"idSuffix":"BDI-content"}},"wdio_ui5_key":"etmportal.ui.managehandovers.view.DetailExecuteHOsap.m.Button{\"propertyName\":\"text\",\"key\":\"confirmAll\"}"}]}
RESULT: {"script":"<script> [1562 bytes]","args":[{"selector":{"controlType":"sap.m.Button","viewName":"etm.portal.ui.managehandovers.view.DetailExecuteHO","i18NText":{"propertyName":"text","key":"confirmAll"},"interaction":{"idSuffix":"BDI-content"}},"wdio_ui5_key":"etmportal.ui.managehandovers.view.DetailExecuteHOsap.m.Button{\"propertyName\":\"text\",\"key\":\"confirmAll\"}"}]}
RESULT: undefined
COMMAND: POST /session/dbf12e8f3049a0fbd9455ca732c69091/element - {"using":"xpath","value":"//*[@id=\"__button150\"]"}
RESULT: {"using":"xpath","value":"//*[@id=\"__button150\"]"}
COMMAND: POST /session/dbf12e8f3049a0fbd9455ca732c69091/element/f.DA6D5706066A486955EFE1E69ACB62C5.d.A256E1D33EC820611264EB28848D63EE.e.4974/click - {}
RESULT: {}
COMMAND: GET /session/dbf12e8f3049a0fbd9455ca732c69091/screenshot - {}
RESULT: {}
COMMAND: POST /session/dbf12e8f3049a0fbd9455ca732c69091/execute/async - {"script":"<script> [1562 bytes]","args":[{"selector":{"controlType":"sap.m.Button","properties":{"text":"OK"},"searchOpenDialogs":true,"interaction":{"idSuffix":"BDI-content"}},"wdio_ui5_key":"sapm.Button{\"text\":\"OK\"}"}]}
RESULT: {"script":"<script> [1562 bytes]","args":[{"selector":{"controlType":"sap.m.Button","properties":{"text":"OK"},"searchOpenDialogs":true,"interaction":{"idSuffix":"BDI-content"}},"wdio_ui5_key":"sapm.Button{\"text\":\"OK\"}"}]}
RESULT: undefined
COMMAND: POST /session/dbf12e8f3049a0fbd9455ca732c69091/element - {"using":"xpath","value":"//*[@id=\"__mbox-btn-4\"]"}
RESULT: {"using":"xpath","value":"//*[@id=\"__mbox-btn-4\"]"}
COMMAND: POST /session/dbf12e8f3049a0fbd9455ca732c69091/element/f.DA6D5706066A486955EFE1E69ACB62C5.d.A256E1D33EC820611264EB28848D63EE.e.4976/click - {}
RESULT: {}
COMMAND: GET /session/dbf12e8f3049a0fbd9455ca732c69091/screenshot - {}
RESULT: {}
COMMAND: POST /session/dbf12e8f3049a0fbd9455ca732c69091/execute/async - {"script":"<script> [1562 bytes]","args":[{"selector":{"controlType":"sap.m.Button","viewName":"etm.portal.ui.managehandovers.view.DetailExecuteHO","i18NText":{"propertyName":"text","key":"issue"},"ancestor":{"controlType":"sap.uxap.ObjectPageDynamicHeaderTitle","viewName":"etm.portal.ui.managehandovers.view.DetailExecuteHO","bindingPath":{"path":"","propertyPath":"/layout","modelName":"frontEndModel"}},"interaction":{"idSuffix":"BDI-content"}},"wdio_ui5_key":"etmportal.ui.managehandovers.view.DetailExecuteHOsap.m.Button{\"propertyName\":\"text\",\"key\":\"issue\"}{\"controlType\":\"sap.uxap.ObjectPageDynamicHeaderTitle\",\"viewName\":\"etm.portal.ui.managehandovers.view.DetailExecuteHO\",\"bindingPath\":{\"path\":\"\",\"propertyPath\":\"/layout\",\"modelName\":\"frontEndModel\"}}"}]}
RESULT: {"script":"<script> [1562 bytes]","args":[{"selector":{"controlType":"sap.m.Button","viewName":"etm.portal.ui.managehandovers.view.DetailExecuteHO","i18NText":{"propertyName":"text","key":"issue"},"ancestor":{"controlType":"sap.uxap.ObjectPageDynamicHeaderTitle","viewName":"etm.portal.ui.managehandovers.view.DetailExecuteHO","bindingPath":{"path":"","propertyPath":"/layout","modelName":"frontEndModel"}},"interaction":{"idSuffix":"BDI-content"}},"wdio_ui5_key":"etmportal.ui.managehandovers.view.DetailExecuteHOsap.m.Button{\"propertyName\":\"text\",\"key\":\"issue\"}{\"controlType\":\"sap.uxap.ObjectPageDynamicHeaderTitle\",\"viewName\":\"etm.portal.ui.managehandovers.view.DetailExecuteHO\",\"bindingPath\":{\"path\":\"\",\"propertyPath\":\"/layout\",\"modelName\":\"frontEndModel\"}}"}]}
RESULT: undefined
COMMAND: POST /session/dbf12e8f3049a0fbd9455ca732c69091/element - {"using":"xpath","value":"//*[@id=\"__button125\"]"}
RESULT: {"using":"xpath","value":"//*[@id=\"__button125\"]"}
COMMAND: POST /session/dbf12e8f3049a0fbd9455ca732c69091/element/f.DA6D5706066A486955EFE1E69ACB62C5.d.A256E1D33EC820611264EB28848D63EE.e.4980/click - {}
RESULT: {}
COMMAND: GET /session/dbf12e8f3049a0fbd9455ca732c69091/screenshot - {}
RESULT: {}
COMMAND: POST /session/dbf12e8f3049a0fbd9455ca732c69091/element - {"using":"css selector","value":"#shell-header-logo"}
RESULT: {"using":"css selector","value":"#shell-header-logo"}
COMMAND: POST /session/dbf12e8f3049a0fbd9455ca732c69091/element/f.DA6D5706066A486955EFE1E69ACB62C5.d.A256E1D33EC820611264EB28848D63EE.e.4572/click - {}
RESULT: {}
COMMAND: GET /session/dbf12e8f3049a0fbd9455ca732c69091/screenshot - {}
RESULT: {}
COMMAND: POST /session/dbf12e8f3049a0fbd9455ca732c69091/execute/async - {"script":"<script> [1562 bytes]","args":[{"selector":{"controlType":"sap.m.GenericTile","properties":{"header":"Manage Contracts"}},"wdio_ui5_key":"sapm.GenericTile{\"header\":\"Manage Contracts\"}"}]}
RESULT: {"script":"<script> [1562 bytes]","args":[{"selector":{"controlType":"sap.m.GenericTile","properties":{"header":"Manage Contracts"}},"wdio_ui5_key":"sapm.GenericTile{\"header\":\"Manage Contracts\"}"}]}
RESULT: undefined
COMMAND: POST /session/dbf12e8f3049a0fbd9455ca732c69091/element - {"using":"xpath","value":"//*[@id=\"__tile130\"]"}
RESULT: {"using":"xpath","value":"//*[@id=\"__tile130\"]"}
COMMAND: POST /session/dbf12e8f3049a0fbd9455ca732c69091/element/f.DA6D5706066A486955EFE1E69ACB62C5.d.A256E1D33EC820611264EB28848D63EE.e.4019/click - {}
RESULT: {}
COMMAND: GET /session/dbf12e8f3049a0fbd9455ca732c69091/screenshot - {}
RESULT: {}
COMMAND: POST /session/dbf12e8f3049a0fbd9455ca732c69091/execute/async - {"script":"<script> [1562 bytes]","args":[{"selector":{"controlType":"sap.m.SearchField","viewName":"etm.portal.ui.managecontracts.view.Master","bindingPath":{"path":"","propertyPath":"/_BASIC_SEARCH_FIELD","modelName":"fi1t3rM0d31"},"interaction":{"idSuffix":"I"}},"wdio_ui5_key":"etmportal.ui.managecontracts.view.Mastersap.m.SearchField{\"path\":\"\",\"propertyPath\":\"/_BASIC_SEARCH_FIELD\",\"modelName\":\"fi1t3rM0d31\"}"}]}
RESULT: {"script":"<script> [1562 bytes]","args":[{"selector":{"controlType":"sap.m.SearchField","viewName":"etm.portal.ui.managecontracts.view.Master","bindingPath":{"path":"","propertyPath":"/_BASIC_SEARCH_FIELD","modelName":"fi1t3rM0d31"},"interaction":{"idSuffix":"I"}},"wdio_ui5_key":"etmportal.ui.managecontracts.view.Mastersap.m.SearchField{\"path\":\"\",\"propertyPath\":\"/_BASIC_SEARCH_FIELD\",\"modelName\":\"fi1t3rM0d31\"}"}]}
RESULT: undefined
COMMAND: POST /session/dbf12e8f3049a0fbd9455ca732c69091/execute/async - {"script":"<script> [776 bytes]","args":[{"enterText":"10231","selector":{"controlType":"sap.m.SearchField","viewName":"etm.portal.ui.managecontracts.view.Master","bindingPath":{"path":"","propertyPath":"/_BASIC_SEARCH_FIELD","modelName":"fi1t3rM0d31"},"interaction":{"idSuffix":"I"}},"clearTextFirst":true,"interactionType":"ENTER_TEXT"}]}
RESULT: {"script":"<script> [776 bytes]","args":[{"enterText":"10231","selector":{"controlType":"sap.m.SearchField","viewName":"etm.portal.ui.managecontracts.view.Master","bindingPath":{"path":"","propertyPath":"/_BASIC_SEARCH_FIELD","modelName":"fi1t3rM0d31"},"interaction":{"idSuffix":"I"}},"clearTextFirst":true,"interactionType":"ENTER_TEXT"}]}
COMMAND: POST /session/dbf12e8f3049a0fbd9455ca732c69091/actions - {"actions":[{"id":"action19","type":"key","parameters":{},"actions":[{"type":"keyDown","value":"î€‡"},{"type":"pause","duration":10},{"type":"keyUp","value":"î€‡"}]}]}
RESULT: {"actions":[{"id":"action19","type":"key","parameters":{},"actions":[{"type":"keyDown","value":"î€‡"},{"type":"pause","duration":10},{"type":"keyUp","value":"î€‡"}]}]}
COMMAND: GET /session/dbf12e8f3049a0fbd9455ca732c69091/screenshot - {}
RESULT: {}
COMMAND: POST /session/dbf12e8f3049a0fbd9455ca732c69091/execute/async - {"script":"<script> [1562 bytes]","args":[{"selector":{"controlType":"sap.ui.core.Icon","viewName":"etm.portal.ui.managecontracts.view.Master","properties":{"src":{"regex":{"source":"slim\\-arrow\\-right"}}}},"wdio_ui5_key":"etmportal.ui.managecontracts.view.Mastersap.ui.core.Icon{\"src\":{\"regex\":{\"source\":\"slim\\\\-arrow\\\\-right\"}}}"}]}
RESULT: {"script":"<script> [1562 bytes]","args":[{"selector":{"controlType":"sap.ui.core.Icon","viewName":"etm.portal.ui.managecontracts.view.Master","properties":{"src":{"regex":{"source":"slim\\-arrow\\-right"}}}},"wdio_ui5_key":"etmportal.ui.managecontracts.view.Mastersap.ui.core.Icon{\"src\":{\"regex\":{\"source\":\"slim\\\\-arrow\\\\-right\"}}}"}]}
RESULT: undefined
COMMAND: POST /session/dbf12e8f3049a0fbd9455ca732c69091/element - {"using":"xpath","value":"//*[@id=\"__item1211-__clone3133-imgNav\"]"}
RESULT: {"using":"xpath","value":"//*[@id=\"__item1211-__clone3133-imgNav\"]"}
COMMAND: POST /session/dbf12e8f3049a0fbd9455ca732c69091/element/f.DA6D5706066A486955EFE1E69ACB62C5.d.A256E1D33EC820611264EB28848D63EE.e.5589/click - {}
RESULT: {}
COMMAND: GET /session/dbf12e8f3049a0fbd9455ca732c69091/screenshot - {}
RESULT: {}
COMMAND: POST /session/dbf12e8f3049a0fbd9455ca732c69091/execute/async - {"script":"<script> [1562 bytes]","args":[{"selector":{"controlType":"sap.m.ObjectStatus","viewName":"etm.portal.ui.managecontracts.view.Detail","bindingPath":{"path":"/SmartContractItems(CONTRACT='10231',ITEM=10m,SUB_ITEM=0m)","propertyPath":"STATUS"}},"wdio_ui5_key":"etmportal.ui.managecontracts.view.Detailsap.m.ObjectStatus{\"path\":\"/SmartContractItems(CONTRACT='10231',ITEM=10m,SUB_ITEM=0m)\",\"propertyPath\":\"STATUS\"}"}]}
RESULT: {"script":"<script> [1562 bytes]","args":[{"selector":{"controlType":"sap.m.ObjectStatus","viewName":"etm.portal.ui.managecontracts.view.Detail","bindingPath":{"path":"/SmartContractItems(CONTRACT='10231',ITEM=10m,SUB_ITEM=0m)","propertyPath":"STATUS"}},"wdio_ui5_key":"etmportal.ui.managecontracts.view.Detailsap.m.ObjectStatus{\"path\":\"/SmartContractItems(CONTRACT='10231',ITEM=10m,SUB_ITEM=0m)\",\"propertyPath\":\"STATUS\"}"}]}
RESULT: undefined
COMMAND: POST /session/dbf12e8f3049a0fbd9455ca732c69091/execute/async - {"script":"<script> [6424 bytes]","args":[{"element-6066-11e4-a52e-4f735466cecf":"f.DA6D5706066A486955EFE1E69ACB62C5.d.A256E1D33EC820611264EB28848D63EE.e.5741"},"getText",[]]}
RESULT: {"script":"<script> [6424 bytes]","args":[{"element-6066-11e4-a52e-4f735466cecf":"f.DA6D5706066A486955EFE1E69ACB62C5.d.A256E1D33EC820611264EB28848D63EE.e.5741"},"getText",[]]}
COMMAND: POST /session/dbf12e8f3049a0fbd9455ca732c69091/element - {"using":"css selector","value":"#j_username"}
COMMAND: POST /session/dbf12e8f3049a0fbd9455ca732c69091/url - {"url":"https://qa-testing-00-live-etm-ui.cfapps.eu10-004.hana.ondemand.com/"}
RESULT: {"url":"https://qa-testing-00-live-etm-ui.cfapps.eu10-004.hana.ondemand.com/"}
RESULT: undefined
COMMAND: GET /session/dbf12e8f3049a0fbd9455ca732c69091/screenshot - {}
RESULT: {"using":"css selector","value":"#j_username"}
COMMAND: POST /session/dbf12e8f3049a0fbd9455ca732c69091/element - {"using":"css selector","value":"#j_username"}
RESULT: {}
RESULT: {"using":"css selector","value":"#j_username"}
COMMAND: POST /session/dbf12e8f3049a0fbd9455ca732c69091/element - {"using":"css selector","value":"#shell-header-logo"}
RESULT: {"using":"css selector","value":"#shell-header-logo"}
COMMAND: POST /session/dbf12e8f3049a0fbd9455ca732c69091/execute/sync - {"script":"<script> [8489 bytes]","args":[{"element-6066-11e4-a52e-4f735466cecf":"f.DA6D5706066A486955EFE1E69ACB62C5.d.3AF32747C47E471DA7C0D4223E7D8704.e.5750","ELEMENT":"f.DA6D5706066A486955EFE1E69ACB62C5.d.3AF32747C47E471DA7C0D4223E7D8704.e.5750"}]}
RESULT: {"script":"<script> [8489 bytes]","args":[{"element-6066-11e4-a52e-4f735466cecf":"f.DA6D5706066A486955EFE1E69ACB62C5.d.3AF32747C47E471DA7C0D4223E7D8704.e.5750","ELEMENT":"f.DA6D5706066A486955EFE1E69ACB62C5.d.3AF32747C47E471DA7C0D4223E7D8704.e.5750"}]}
COMMAND: POST /session/dbf12e8f3049a0fbd9455ca732c69091/element - {"using":"css selector","value":"#shell-header-logo"}
COMMAND: GET /session/dbf12e8f3049a0fbd9455ca732c69091/screenshot - {}
RESULT: {"using":"css selector","value":"#shell-header-logo"}
COMMAND: POST /session/dbf12e8f3049a0fbd9455ca732c69091/execute/sync - {"script":"<script> [8489 bytes]","args":[{"element-6066-11e4-a52e-4f735466cecf":"f.DA6D5706066A486955EFE1E69ACB62C5.d.3AF32747C47E471DA7C0D4223E7D8704.e.5750","ELEMENT":"f.DA6D5706066A486955EFE1E69ACB62C5.d.3AF32747C47E471DA7C0D4223E7D8704.e.5750"}]}
RESULT: {}
RESULT: {"script":"<script> [8489 bytes]","args":[{"element-6066-11e4-a52e-4f735466cecf":"f.DA6D5706066A486955EFE1E69ACB62C5.d.3AF32747C47E471DA7C0D4223E7D8704.e.5750","ELEMENT":"f.DA6D5706066A486955EFE1E69ACB62C5.d.3AF32747C47E471DA7C0D4223E7D8704.e.5750"}]}
COMMAND: POST /session/dbf12e8f3049a0fbd9455ca732c69091/execute/sync - {"script":"<script> [5351 bytes]","args":[{"element-6066-11e4-a52e-4f735466cecf":"f.DA6D5706066A486955EFE1E69ACB62C5.d.3AF32747C47E471DA7C0D4223E7D8704.e.5750","ELEMENT":"f.DA6D5706066A486955EFE1E69ACB62C5.d.3AF32747C47E471DA7C0D4223E7D8704.e.5750"}]}
COMMAND: GET /session/dbf12e8f3049a0fbd9455ca732c69091/screenshot - {}
RESULT: {"script":"<script> [5351 bytes]","args":[{"element-6066-11e4-a52e-4f735466cecf":"f.DA6D5706066A486955EFE1E69ACB62C5.d.3AF32747C47E471DA7C0D4223E7D8704.e.5750","ELEMENT":"f.DA6D5706066A486955EFE1E69ACB62C5.d.3AF32747C47E471DA7C0D4223E7D8704.e.5750"}]}
COMMAND: POST /session/dbf12e8f3049a0fbd9455ca732c69091/element - {"using":"css selector","value":"#shell-header-logo"}
COMMAND: GET /session/dbf12e8f3049a0fbd9455ca732c69091/screenshot - {}
RESULT: {}
RESULT: {"using":"css selector","value":"#shell-header-logo"}
COMMAND: POST /session/dbf12e8f3049a0fbd9455ca732c69091/element/f.DA6D5706066A486955EFE1E69ACB62C5.d.3AF32747C47E471DA7C0D4223E7D8704.e.5750/click - {}
RESULT: {}
RESULT: {}
COMMAND: GET /session/dbf12e8f3049a0fbd9455ca732c69091/screenshot - {}
RESULT: {}
COMMAND: POST /session/dbf12e8f3049a0fbd9455ca732c69091/execute/async - {"script":"<script> [189 bytes]","args":[]}
RESULT: {"script":"<script> [189 bytes]","args":[]}
COMMAND: POST /session/dbf12e8f3049a0fbd9455ca732c69091/execute/async - {"script":"<script> [123 bytes]","args":[]}
RESULT: {"script":"<script> [123 bytes]","args":[]}
COMMAND: POST /session/dbf12e8f3049a0fbd9455ca732c69091/timeouts - {"script":"<number>"}
RESULT: {"script":"<number>"}
COMMAND: GET /session/dbf12e8f3049a0fbd9455ca732c69091/timeouts - {}
RESULT: {}
RESULT: undefined
COMMAND: POST /session/dbf12e8f3049a0fbd9455ca732c69091/execute/async - {"script":"<script> [2676 bytes]","args":[]}
RESULT: {"script":"<script> [2676 bytes]","args":[]}
COMMAND: POST /session/dbf12e8f3049a0fbd9455ca732c69091/execute/async - {"script":"<script> [2342 bytes]","args":[{"protocol":"http","hostname":"0.0.0.0","path":"/","capabilities":{"browserName":"chrome","goog:chromeOptions":{"binary":"C:\\Program Files\\Google\\Chrome\\Application\\chrome.exe","args":["--start-maximized"]}},"logLevel":"warn","connectionRetryTimeout":120000,"connectionRetryCount":3,"logLevels":{},"enableDirectConnect":true,"strictSSL":true,"_":"65 more keys: [\"cacheDir\",\"port\",\"requestedCapabilities\",\"automationProtocol\",\"baseUrl\",\"waitforInterval\",\"waitforTimeout\",\"onReload\",\"beforeCommand\",\"afterCommand\",\"rootDir\",\"specs\",\"suites\",\"exclude\",\"groupLogsByTestSpec\",\"excludeDriverLogs\",\"bail\",\"framework\",\"reporters\",\"services\",\"maxInstances\",\"maxInstancesPerCapability\",\"injectGlobals\",\"filesToWatch\",\"execArgv\",\"runnerEnv\",\"runner\",\"shard\",\"specFileRetries\",\"specFileRetriesDelay\",\"specFileRetriesDeferred\",\"reporterSyncInterval\",\"reporterSyncTimeout\",\"cucumberFeaturesWithLineNumbers\",\"autoCompileOpts\",\"mochaOpts\",\"jasmineOpts\",\"cucumberOpts\",\"onPrepare\",\"onWorkerStart\",\"onWorkerEnd\",\"before\",\"beforeSession\",\"beforeSuite\",\"beforeHook\",\"beforeTest\",\"afterTest\",\"afterHook\",\"afterSuite\",\"afterSession\",\"after\",\"onComplete\",\"beforeAssertion\",\"afterAssertion\",\"beforeFeature\",\"beforeScenario\",\"beforeStep\",\"afterStep\",\"afterScenario\",\"afterFeature\",\"_\",\"suite\",\"$0\",\"ignoredWorkerServices\",\"wdi5\"]"}]}
RESULT: {"script":"<script> [2342 bytes]","args":[{"protocol":"http","hostname":"0.0.0.0","path":"/","capabilities":{"browserName":"chrome","goog:chromeOptions":{"binary":"C:\\Program Files\\Google\\Chrome\\Application\\chrome.exe","args":["--start-maximized"]}},"logLevel":"warn","connectionRetryTimeout":120000,"connectionRetryCount":3,"logLevels":{},"enableDirectConnect":true,"strictSSL":true,"_":"65 more keys: [\"cacheDir\",\"port\",\"requestedCapabilities\",\"automationProtocol\",\"baseUrl\",\"waitforInterval\",\"waitforTimeout\",\"onReload\",\"beforeCommand\",\"afterCommand\",\"rootDir\",\"specs\",\"suites\",\"exclude\",\"groupLogsByTestSpec\",\"excludeDriverLogs\",\"bail\",\"framework\",\"reporters\",\"services\",\"maxInstances\",\"maxInstancesPerCapability\",\"injectGlobals\",\"filesToWatch\",\"execArgv\",\"runnerEnv\",\"runner\",\"shard\",\"specFileRetries\",\"specFileRetriesDelay\",\"specFileRetriesDeferred\",\"reporterSyncInterval\",\"reporterSyncTimeout\",\"cucumberFeaturesWithLineNumbers\",\"autoCompileOpts\",\"mochaOpts\",\"jasmineOpts\",\"cucumberOpts\",\"onPrepare\",\"onWorkerStart\",\"onWorkerEnd\",\"before\",\"beforeSession\",\"beforeSuite\",\"beforeHook\",\"beforeTest\",\"afterTest\",\"afterHook\",\"afterSuite\",\"afterSession\",\"after\",\"onComplete\",\"beforeAssertion\",\"afterAssertion\",\"beforeFeature\",\"beforeScenario\",\"beforeStep\",\"afterStep\",\"afterScenario\",\"afterFeature\",\"_\",\"suite\",\"$0\",\"ignoredWorkerServices\",\"wdi5\"]"}]}
COMMAND: POST /session/dbf12e8f3049a0fbd9455ca732c69091/execute/async - {"script":"<script> [21126 bytes]","args":[35000]}
RESULT: {"script":"<script> [21126 bytes]","args":[35000]}
COMMAND: POST /session/dbf12e8f3049a0fbd9455ca732c69091/window/maximize - {}
RESULT: {}
COMMAND: POST /session/dbf12e8f3049a0fbd9455ca732c69091/execute/async - {"script":"<script> [1562 bytes]","args":[{"selector":{"id":"shell-header","interaction":{"idSuffix":"icon"}},"wdio_ui5_key":"shellheader"}]}
COMMAND: GET /session/dbf12e8f3049a0fbd9455ca732c69091/screenshot - {}
RESULT: {"script":"<script> [1562 bytes]","args":[{"selector":{"id":"shell-header","interaction":{"idSuffix":"icon"}},"wdio_ui5_key":"shellheader"}]}
RESULT: undefined
RESULT: {}
]]></system-out>
    </testcase>
  </testsuite>
  <testsuite timestamp="2025-04-27T15:46:48" time="205.835" tests="1" failures="0" errors="0" skipped="0">
    <properties>
      <property name="specId" value="0" />
      <property name="suiteName" value="Create masterdata for Yard Overview - trigger provide US130988" />
      <property name="capabilities" value="chrome.135_0_7049_96.windows" />
      <property name="file" value="file:///D:/a/1/s/test/specs/R2C/site-overview-return.spec.js" />
    </properties>
    <testcase classname="chrome.135_0_7049_96.windows.Create_masterdata_for_Yard_Overview_-_trigger_provide_US130988" name="Should navigate to site overview and trigger return" time="184.584">
      <system-out><![CDATA[
COMMAND: POST /session/dbf12e8f3049a0fbd9455ca732c69091/execute/async - {"script":"<script> [1562 bytes]","args":[{"selector":{"controlType":"sap.m.GenericTile","properties":{"header":"Site Overview"}},"wdio_ui5_key":"sapm.GenericTile{\"header\":\"Site Overview\"}"}]}
RESULT: {"script":"<script> [1562 bytes]","args":[{"selector":{"controlType":"sap.m.GenericTile","properties":{"header":"Site Overview"}},"wdio_ui5_key":"sapm.GenericTile{\"header\":\"Site Overview\"}"}]}
RESULT: undefined
COMMAND: POST /session/dbf12e8f3049a0fbd9455ca732c69091/element - {"using":"xpath","value":"//*[@id=\"__tile100\"]"}
RESULT: {"using":"xpath","value":"//*[@id=\"__tile100\"]"}
COMMAND: POST /session/dbf12e8f3049a0fbd9455ca732c69091/element/f.DA6D5706066A486955EFE1E69ACB62C5.d.3AF32747C47E471DA7C0D4223E7D8704.e.5756/click - {}
RESULT: {}
COMMAND: GET /session/dbf12e8f3049a0fbd9455ca732c69091/screenshot - {}
RESULT: {}
COMMAND: POST /session/dbf12e8f3049a0fbd9455ca732c69091/execute/async - {"script":"<script> [1562 bytes]","args":[{"selector":{"id":"application-siteinventory-display-component---masterSiteInventory--smartFilterBar-btnBasicSearch","interaction":{"idSuffix":"I"}},"wdio_ui5_key":"applicationsiteinventory-display-component---masterSiteInventory--smartFilterBar-btnBasicSearch"}]}
RESULT: {"script":"<script> [1562 bytes]","args":[{"selector":{"id":"application-siteinventory-display-component---masterSiteInventory--smartFilterBar-btnBasicSearch","interaction":{"idSuffix":"I"}},"wdio_ui5_key":"applicationsiteinventory-display-component---masterSiteInventory--smartFilterBar-btnBasicSearch"}]}
RESULT: undefined
COMMAND: POST /session/dbf12e8f3049a0fbd9455ca732c69091/execute/async - {"script":"<script> [776 bytes]","args":[{"enterText":"WebdriverSite26rtnj","selector":{"id":"application-siteinventory-display-component---masterSiteInventory--smartFilterBar-btnBasicSearch","interaction":{"idSuffix":"I"}},"clearTextFirst":true,"interactionType":"ENTER_TEXT"}]}
RESULT: {"script":"<script> [776 bytes]","args":[{"enterText":"WebdriverSite26rtnj","selector":{"id":"application-siteinventory-display-component---masterSiteInventory--smartFilterBar-btnBasicSearch","interaction":{"idSuffix":"I"}},"clearTextFirst":true,"interactionType":"ENTER_TEXT"}]}
COMMAND: POST /session/dbf12e8f3049a0fbd9455ca732c69091/execute/async - {"script":"<script> [1562 bytes]","args":[{"selector":{"controlType":"sap.ui.core.Icon","viewName":"etm.portal.ui.siteinventory.view.Master","viewId":"application-siteinventory-display-component---masterSiteInventory","properties":{"src":{"regex":{"source":"slim\\-arrow\\-right"}}}},"wdio_ui5_key":"etmportal.ui.siteinventory.view.Mastersap.ui.core.Icon{\"src\":{\"regex\":{\"source\":\"slim\\\\-arrow\\\\-right\"}}}"}]}
RESULT: {"script":"<script> [1562 bytes]","args":[{"selector":{"controlType":"sap.ui.core.Icon","viewName":"etm.portal.ui.siteinventory.view.Master","viewId":"application-siteinventory-display-component---masterSiteInventory","properties":{"src":{"regex":{"source":"slim\\-arrow\\-right"}}}},"wdio_ui5_key":"etmportal.ui.siteinventory.view.Mastersap.ui.core.Icon{\"src\":{\"regex\":{\"source\":\"slim\\\\-arrow\\\\-right\"}}}"}]}
RESULT: undefined
COMMAND: POST /session/dbf12e8f3049a0fbd9455ca732c69091/element - {"using":"xpath","value":"//*[@id=\"__item20-__clone9-imgNav\"]"}
RESULT: {"using":"xpath","value":"//*[@id=\"__item20-__clone9-imgNav\"]"}
COMMAND: POST /session/dbf12e8f3049a0fbd9455ca732c69091/element/f.DA6D5706066A486955EFE1E69ACB62C5.d.3AF32747C47E471DA7C0D4223E7D8704.e.5874/click - {}
RESULT: {}
COMMAND: GET /session/dbf12e8f3049a0fbd9455ca732c69091/screenshot - {}
RESULT: {}
COMMAND: POST /session/dbf12e8f3049a0fbd9455ca732c69091/execute/async - {"script":"<script> [1562 bytes]","args":[{"selector":{"id":"application-siteinventory-display-component---detailSiteInventory--onSite-triggerAction-returnBtn","interaction":{"idSuffix":"BDI-content"}},"wdio_ui5_key":"applicationsiteinventory-display-component---detailSiteInventory--onSite-triggerAction-returnBtn"}]}
RESULT: {"script":"<script> [1562 bytes]","args":[{"selector":{"id":"application-siteinventory-display-component---detailSiteInventory--onSite-triggerAction-returnBtn","interaction":{"idSuffix":"BDI-content"}},"wdio_ui5_key":"applicationsiteinventory-display-component---detailSiteInventory--onSite-triggerAction-returnBtn"}]}
RESULT: undefined
COMMAND: POST /session/dbf12e8f3049a0fbd9455ca732c69091/element - {"using":"xpath","value":"//*[@id=\"application-siteinventory-display-component---detailSiteInventory--onSite-triggerAction-returnBtn\"]"}
RESULT: {"using":"xpath","value":"//*[@id=\"application-siteinventory-display-component---detailSiteInventory--onSite-triggerAction-returnBtn\"]"}
COMMAND: POST /session/dbf12e8f3049a0fbd9455ca732c69091/element/f.DA6D5706066A486955EFE1E69ACB62C5.d.3AF32747C47E471DA7C0D4223E7D8704.e.5949/click - {}
RESULT: {}
COMMAND: POST /session/dbf12e8f3049a0fbd9455ca732c69091/execute/async - {"script":"<script> [1562 bytes]","args":[{"selector":{"id":"application-siteinventory-display-component---detailSiteInventory--smartSiteHoItemsTable-sa","interaction":{"idSuffix":"CbBg"}},"wdio_ui5_key":"applicationsiteinventory-display-component---detailSiteInventory--smartSiteHoItemsTable-sa"}]}
COMMAND: GET /session/dbf12e8f3049a0fbd9455ca732c69091/screenshot - {}
RESULT: {"script":"<script> [1562 bytes]","args":[{"selector":{"id":"application-siteinventory-display-component---detailSiteInventory--smartSiteHoItemsTable-sa","interaction":{"idSuffix":"CbBg"}},"wdio_ui5_key":"applicationsiteinventory-display-component---detailSiteInventory--smartSiteHoItemsTable-sa"}]}
RESULT: undefined
COMMAND: POST /session/dbf12e8f3049a0fbd9455ca732c69091/element - {"using":"xpath","value":"//*[@id=\"application-siteinventory-display-component---detailSiteInventory--smartSiteHoItemsTable-sa\"]"}
RESULT: {}
RESULT: {"using":"xpath","value":"//*[@id=\"application-siteinventory-display-component---detailSiteInventory--smartSiteHoItemsTable-sa\"]"}
COMMAND: POST /session/dbf12e8f3049a0fbd9455ca732c69091/element/f.DA6D5706066A486955EFE1E69ACB62C5.d.3AF32747C47E471DA7C0D4223E7D8704.e.5969/click - {}
RESULT: {}
RESULT: undefined
COMMAND: POST /session/dbf12e8f3049a0fbd9455ca732c69091/element - {"using":"xpath","value":"//*[@id=\"application-siteinventory-display-component---detailSiteInventory--onSite-triggerAction-returnBtn\"]"}
COMMAND: GET /session/dbf12e8f3049a0fbd9455ca732c69091/screenshot - {}
RESULT: {"using":"xpath","value":"//*[@id=\"application-siteinventory-display-component---detailSiteInventory--onSite-triggerAction-returnBtn\"]"}
COMMAND: POST /session/dbf12e8f3049a0fbd9455ca732c69091/element/f.DA6D5706066A486955EFE1E69ACB62C5.d.3AF32747C47E471DA7C0D4223E7D8704.e.5949/click - {}
RESULT: {}
RESULT: {}
COMMAND: GET /session/dbf12e8f3049a0fbd9455ca732c69091/screenshot - {}
RESULT: {}
COMMAND: POST /session/dbf12e8f3049a0fbd9455ca732c69091/actions - {"actions":[{"id":"action20","type":"key","parameters":{},"actions":[{"type":"keyDown","value":"î€‡"},{"type":"pause","duration":10},{"type":"keyUp","value":"î€‡"}]}]}
RESULT: {"actions":[{"id":"action20","type":"key","parameters":{},"actions":[{"type":"keyDown","value":"î€‡"},{"type":"pause","duration":10},{"type":"keyUp","value":"î€‡"}]}]}
COMMAND: GET /session/dbf12e8f3049a0fbd9455ca732c69091/screenshot - {}
RESULT: {}
COMMAND: POST /session/dbf12e8f3049a0fbd9455ca732c69091/execute/async - {"script":"<script> [1562 bytes]","args":[{"selector":{"id":"application-siteinventory-display-component---detailSiteInventory--hoItemsSmartTable-btnPersonalisation-img"},"wdio_ui5_key":"applicationsiteinventory-display-component---detailSiteInventory--hoItemsSmartTable-btnPersonalisation-img"}]}
RESULT: {"script":"<script> [1562 bytes]","args":[{"selector":{"id":"application-siteinventory-display-component---detailSiteInventory--hoItemsSmartTable-btnPersonalisation-img"},"wdio_ui5_key":"applicationsiteinventory-display-component---detailSiteInventory--hoItemsSmartTable-btnPersonalisation-img"}]}
RESULT: undefined
COMMAND: POST /session/dbf12e8f3049a0fbd9455ca732c69091/element - {"using":"xpath","value":"//*[@id=\"application-siteinventory-display-component---detailSiteInventory--hoItemsSmartTable-btnPersonalisation-img\"]"}
RESULT: {"using":"xpath","value":"//*[@id=\"application-siteinventory-display-component---detailSiteInventory--hoItemsSmartTable-btnPersonalisation-img\"]"}
COMMAND: POST /session/dbf12e8f3049a0fbd9455ca732c69091/element/f.DA6D5706066A486955EFE1E69ACB62C5.d.3AF32747C47E471DA7C0D4223E7D8704.e.5974/click - {}
RESULT: {}
COMMAND: POST /session/dbf12e8f3049a0fbd9455ca732c69091/element - {"using":"xpath","value":"//input[contains(@id ,\"searchField-I\")]"}
COMMAND: GET /session/dbf12e8f3049a0fbd9455ca732c69091/screenshot - {}
RESULT: {"using":"xpath","value":"//input[contains(@id ,\"searchField-I\")]"}
COMMAND: POST /session/dbf12e8f3049a0fbd9455ca732c69091/element/f.DA6D5706066A486955EFE1E69ACB62C5.d.3AF32747C47E471DA7C0D4223E7D8704.e.5978/clear - {}
RESULT: {}
RESULT: {}
COMMAND: POST /session/dbf12e8f3049a0fbd9455ca732c69091/element/f.DA6D5706066A486955EFE1E69ACB62C5.d.3AF32747C47E471DA7C0D4223E7D8704.e.5978/value - {"text":"Handover Returned"}
COMMAND: GET /session/dbf12e8f3049a0fbd9455ca732c69091/screenshot - {}
RESULT: {"text":"Handover Returned"}
COMMAND: GET /session/dbf12e8f3049a0fbd9455ca732c69091/screenshot - {}
RESULT: {}
RESULT: {}
COMMAND: POST /session/dbf12e8f3049a0fbd9455ca732c69091/element - {"using":"xpath","value":"//div[contains(@id ,\"innerSelectionPanelTable-sa-CbBg\")]"}
RESULT: {"using":"xpath","value":"//div[contains(@id ,\"innerSelectionPanelTable-sa-CbBg\")]"}
COMMAND: POST /session/dbf12e8f3049a0fbd9455ca732c69091/element/f.DA6D5706066A486955EFE1E69ACB62C5.d.3AF32747C47E471DA7C0D4223E7D8704.e.6013/click - {}
RESULT: {}
COMMAND: POST /session/dbf12e8f3049a0fbd9455ca732c69091/execute/async - {"script":"<script> [1562 bytes]","args":[{"selector":{"controlType":"sap.m.Button","viewName":"etm.portal.ui.siteinventory.view.Detail","viewId":"application-siteinventory-display-component---detailSiteInventory","properties":{"text":"OK"},"searchOpenDialogs":true,"interaction":{"idSuffix":"BDI-content"}},"wdio_ui5_key":"etmportal.ui.siteinventory.view.Detailsap.m.Button{\"text\":\"OK\"}"}]}
COMMAND: GET /session/dbf12e8f3049a0fbd9455ca732c69091/screenshot - {}
RESULT: {"script":"<script> [1562 bytes]","args":[{"selector":{"controlType":"sap.m.Button","viewName":"etm.portal.ui.siteinventory.view.Detail","viewId":"application-siteinventory-display-component---detailSiteInventory","properties":{"text":"OK"},"searchOpenDialogs":true,"interaction":{"idSuffix":"BDI-content"}},"wdio_ui5_key":"etmportal.ui.siteinventory.view.Detailsap.m.Button{\"text\":\"OK\"}"}]}
RESULT: undefined
COMMAND: POST /session/dbf12e8f3049a0fbd9455ca732c69091/element - {"using":"xpath","value":"//*[@id=\"__popup40-confirmBtn\"]"}
RESULT: {}
RESULT: {"using":"xpath","value":"//*[@id=\"__popup40-confirmBtn\"]"}
COMMAND: POST /session/dbf12e8f3049a0fbd9455ca732c69091/element/f.DA6D5706066A486955EFE1E69ACB62C5.d.3AF32747C47E471DA7C0D4223E7D8704.e.6015/click - {}
RESULT: {}
COMMAND: GET /session/dbf12e8f3049a0fbd9455ca732c69091/screenshot - {}
RESULT: {}
COMMAND: POST /session/dbf12e8f3049a0fbd9455ca732c69091/element - {"using":"css selector","value":"#shell-header-logo"}
RESULT: {"using":"css selector","value":"#shell-header-logo"}
COMMAND: POST /session/dbf12e8f3049a0fbd9455ca732c69091/element/f.DA6D5706066A486955EFE1E69ACB62C5.d.3AF32747C47E471DA7C0D4223E7D8704.e.5750/click - {}
RESULT: {}
COMMAND: GET /session/dbf12e8f3049a0fbd9455ca732c69091/screenshot - {}
RESULT: {}
COMMAND: POST /session/dbf12e8f3049a0fbd9455ca732c69091/execute/async - {"script":"<script> [1562 bytes]","args":[{"selector":{"controlType":"sap.m.GenericTile","properties":{"header":"Manage Handovers"}},"wdio_ui5_key":"sapm.GenericTile{\"header\":\"Manage Handovers\"}"}]}
RESULT: {"script":"<script> [1562 bytes]","args":[{"selector":{"controlType":"sap.m.GenericTile","properties":{"header":"Manage Handovers"}},"wdio_ui5_key":"sapm.GenericTile{\"header\":\"Manage Handovers\"}"}]}
RESULT: undefined
COMMAND: POST /session/dbf12e8f3049a0fbd9455ca732c69091/element - {"using":"xpath","value":"//*[@id=\"__tile131\"]"}
RESULT: {"using":"xpath","value":"//*[@id=\"__tile131\"]"}
COMMAND: POST /session/dbf12e8f3049a0fbd9455ca732c69091/element/f.DA6D5706066A486955EFE1E69ACB62C5.d.3AF32747C47E471DA7C0D4223E7D8704.e.6037/click - {}
RESULT: {}
COMMAND: GET /session/dbf12e8f3049a0fbd9455ca732c69091/screenshot - {}
RESULT: {}
COMMAND: POST /session/dbf12e8f3049a0fbd9455ca732c69091/execute/async - {"script":"<script> [1562 bytes]","args":[{"selector":{"controlType":"sap.ui.core.Icon","viewName":"etm.portal.ui.managehandovers.view.MasterHO","properties":{"src":{"regex":{"source":"value\\-help"}}},"ancestor":{"controlType":"sap.ui.comp.smartfilterbar.SFBMultiInput","viewName":"etm.portal.ui.managehandovers.view.MasterHO","labelFor":{"text":"Sending Contract"}}},"wdio_ui5_key":"etmportal.ui.managehandovers.view.MasterHOsap.ui.core.Icon{\"src\":{\"regex\":{\"source\":\"value\\\\-help\"}}}{\"controlType\":\"sap.ui.comp.smartfilterbar.SFBMultiInput\",\"viewName\":\"etm.portal.ui.managehandovers.view.MasterHO\",\"labelFor\":{\"text\":\"Sending Contract\"}}"}]}
RESULT: {"script":"<script> [1562 bytes]","args":[{"selector":{"controlType":"sap.ui.core.Icon","viewName":"etm.portal.ui.managehandovers.view.MasterHO","properties":{"src":{"regex":{"source":"value\\-help"}}},"ancestor":{"controlType":"sap.ui.comp.smartfilterbar.SFBMultiInput","viewName":"etm.portal.ui.managehandovers.view.MasterHO","labelFor":{"text":"Sending Contract"}}},"wdio_ui5_key":"etmportal.ui.managehandovers.view.MasterHOsap.ui.core.Icon{\"src\":{\"regex\":{\"source\":\"value\\\\-help\"}}}{\"controlType\":\"sap.ui.comp.smartfilterbar.SFBMultiInput\",\"viewName\":\"etm.portal.ui.managehandovers.view.MasterHO\",\"labelFor\":{\"text\":\"Sending Contract\"}}"}]}
RESULT: undefined
COMMAND: POST /session/dbf12e8f3049a0fbd9455ca732c69091/element - {"using":"xpath","value":"//*[@id=\"__xmlview58--smartFilterBar-filterItemControl_BASIC-SEND_CONTRACT-vhi\"]"}
RESULT: {"using":"xpath","value":"//*[@id=\"__xmlview58--smartFilterBar-filterItemControl_BASIC-SEND_CONTRACT-vhi\"]"}
COMMAND: POST /session/dbf12e8f3049a0fbd9455ca732c69091/element/f.DA6D5706066A486955EFE1E69ACB62C5.d.3AF32747C47E471DA7C0D4223E7D8704.e.6102/click - {}
RESULT: {}
COMMAND: GET /session/dbf12e8f3049a0fbd9455ca732c69091/screenshot - {}
RESULT: {}
COMMAND: POST /session/dbf12e8f3049a0fbd9455ca732c69091/execute/async - {"script":"<script> [1562 bytes]","args":[{"selector":{"controlType":"sap.m.SearchField","viewName":"etm.portal.ui.managehandovers.view.MasterHO","bindingPath":{"path":"","propertyPath":"/_BASIC_SEARCH_FIELD","modelName":"fi1t3rM0d31"},"searchOpenDialogs":true,"interaction":{"idSuffix":"I"}},"wdio_ui5_key":"etmportal.ui.managehandovers.view.MasterHOsap.m.SearchField{\"path\":\"\",\"propertyPath\":\"/_BASIC_SEARCH_FIELD\",\"modelName\":\"fi1t3rM0d31\"}"}]}
RESULT: {"script":"<script> [1562 bytes]","args":[{"selector":{"controlType":"sap.m.SearchField","viewName":"etm.portal.ui.managehandovers.view.MasterHO","bindingPath":{"path":"","propertyPath":"/_BASIC_SEARCH_FIELD","modelName":"fi1t3rM0d31"},"searchOpenDialogs":true,"interaction":{"idSuffix":"I"}},"wdio_ui5_key":"etmportal.ui.managehandovers.view.MasterHOsap.m.SearchField{\"path\":\"\",\"propertyPath\":\"/_BASIC_SEARCH_FIELD\",\"modelName\":\"fi1t3rM0d31\"}"}]}
RESULT: undefined
COMMAND: POST /session/dbf12e8f3049a0fbd9455ca732c69091/execute/async - {"script":"<script> [776 bytes]","args":[{"enterText":"10231","selector":{"controlType":"sap.m.SearchField","viewName":"etm.portal.ui.managehandovers.view.MasterHO","bindingPath":{"path":"","propertyPath":"/_BASIC_SEARCH_FIELD","modelName":"fi1t3rM0d31"},"searchOpenDialogs":true,"interaction":{"idSuffix":"I"}},"clearTextFirst":true,"interactionType":"ENTER_TEXT"}]}
RESULT: {"script":"<script> [776 bytes]","args":[{"enterText":"10231","selector":{"controlType":"sap.m.SearchField","viewName":"etm.portal.ui.managehandovers.view.MasterHO","bindingPath":{"path":"","propertyPath":"/_BASIC_SEARCH_FIELD","modelName":"fi1t3rM0d31"},"searchOpenDialogs":true,"interaction":{"idSuffix":"I"}},"clearTextFirst":true,"interactionType":"ENTER_TEXT"}]}
COMMAND: POST /session/dbf12e8f3049a0fbd9455ca732c69091/actions - {"actions":[{"id":"action21","type":"key","parameters":{},"actions":[{"type":"keyDown","value":"î€‡"},{"type":"pause","duration":10},{"type":"keyUp","value":"î€‡"}]}]}
RESULT: {"actions":[{"id":"action21","type":"key","parameters":{},"actions":[{"type":"keyDown","value":"î€‡"},{"type":"pause","duration":10},{"type":"keyUp","value":"î€‡"}]}]}
COMMAND: GET /session/dbf12e8f3049a0fbd9455ca732c69091/screenshot - {}
RESULT: {}
COMMAND: POST /session/dbf12e8f3049a0fbd9455ca732c69091/element - {"using":"xpath","value":"//div[contains(@id ,\"smartFilterBar-filterItemControl_BASIC-SEND_CONTRACT-valueHelpDialog-table-rowsel0\")]"}
RESULT: {"using":"xpath","value":"//div[contains(@id ,\"smartFilterBar-filterItemControl_BASIC-SEND_CONTRACT-valueHelpDialog-table-rowsel0\")]"}
COMMAND: POST /session/dbf12e8f3049a0fbd9455ca732c69091/element/f.DA6D5706066A486955EFE1E69ACB62C5.d.3AF32747C47E471DA7C0D4223E7D8704.e.6113/click - {}
RESULT: {}
COMMAND: GET /session/dbf12e8f3049a0fbd9455ca732c69091/screenshot - {}
RESULT: {}
COMMAND: POST /session/dbf12e8f3049a0fbd9455ca732c69091/execute/async - {"script":"<script> [1562 bytes]","args":[{"selector":{"controlType":"sap.m.Button","viewName":"etm.portal.ui.managehandovers.view.MasterHO","properties":{"text":"OK"},"searchOpenDialogs":true,"interaction":{"idSuffix":"BDI-content"}},"wdio_ui5_key":"etmportal.ui.managehandovers.view.MasterHOsap.m.Button{\"text\":\"OK\"}"}]}
RESULT: {"script":"<script> [1562 bytes]","args":[{"selector":{"controlType":"sap.m.Button","viewName":"etm.portal.ui.managehandovers.view.MasterHO","properties":{"text":"OK"},"searchOpenDialogs":true,"interaction":{"idSuffix":"BDI-content"}},"wdio_ui5_key":"etmportal.ui.managehandovers.view.MasterHOsap.m.Button{\"text\":\"OK\"}"}]}
RESULT: undefined
COMMAND: POST /session/dbf12e8f3049a0fbd9455ca732c69091/element - {"using":"xpath","value":"//*[@id=\"__xmlview58--smartFilterBar-filterItemControl_BASIC-SEND_CONTRACT-valueHelpDialog-ok\"]"}
RESULT: {"using":"xpath","value":"//*[@id=\"__xmlview58--smartFilterBar-filterItemControl_BASIC-SEND_CONTRACT-valueHelpDialog-ok\"]"}
COMMAND: POST /session/dbf12e8f3049a0fbd9455ca732c69091/element/f.DA6D5706066A486955EFE1E69ACB62C5.d.3AF32747C47E471DA7C0D4223E7D8704.e.6116/click - {}
RESULT: {}
COMMAND: GET /session/dbf12e8f3049a0fbd9455ca732c69091/screenshot - {}
RESULT: {}
COMMAND: POST /session/dbf12e8f3049a0fbd9455ca732c69091/execute/async - {"script":"<script> [1562 bytes]","args":[{"selector":{"controlType":"sap.ui.core.Icon","viewName":"etm.portal.ui.managehandovers.view.MasterHO","properties":{"src":{"regex":{"source":"slim\\-arrow\\-right"}}}},"wdio_ui5_key":"etmportal.ui.managehandovers.view.MasterHOsap.ui.core.Icon{\"src\":{\"regex\":{\"source\":\"slim\\\\-arrow\\\\-right\"}}}"}]}
RESULT: {"script":"<script> [1562 bytes]","args":[{"selector":{"controlType":"sap.ui.core.Icon","viewName":"etm.portal.ui.managehandovers.view.MasterHO","properties":{"src":{"regex":{"source":"slim\\-arrow\\-right"}}}},"wdio_ui5_key":"etmportal.ui.managehandovers.view.MasterHOsap.ui.core.Icon{\"src\":{\"regex\":{\"source\":\"slim\\\\-arrow\\\\-right\"}}}"}]}
RESULT: undefined
COMMAND: POST /session/dbf12e8f3049a0fbd9455ca732c69091/element - {"using":"xpath","value":"//*[@id=\"__item145-__clone231-imgNav\"]"}
RESULT: {"using":"xpath","value":"//*[@id=\"__item145-__clone231-imgNav\"]"}
COMMAND: POST /session/dbf12e8f3049a0fbd9455ca732c69091/element/f.DA6D5706066A486955EFE1E69ACB62C5.d.3AF32747C47E471DA7C0D4223E7D8704.e.6154/click - {}
RESULT: {}
COMMAND: GET /session/dbf12e8f3049a0fbd9455ca732c69091/screenshot - {}
RESULT: {}
COMMAND: POST /session/dbf12e8f3049a0fbd9455ca732c69091/execute/async - {"script":"<script> [1562 bytes]","args":[{"selector":{"controlType":"sap.m.Text","viewName":"etm.portal.ui.managehandovers.view.DetailExecuteHO","bindingPath":{"propertyPath":"NO","modelName":"catalogModel"}},"wdio_ui5_key":"etmportal.ui.managehandovers.view.DetailExecuteHOsap.m.Text{\"propertyPath\":\"NO\",\"modelName\":\"catalogModel\"}"}]}
RESULT: {"script":"<script> [1562 bytes]","args":[{"selector":{"controlType":"sap.m.Text","viewName":"etm.portal.ui.managehandovers.view.DetailExecuteHO","bindingPath":{"propertyPath":"NO","modelName":"catalogModel"}},"wdio_ui5_key":"etmportal.ui.managehandovers.view.DetailExecuteHOsap.m.Text{\"propertyPath\":\"NO\",\"modelName\":\"catalogModel\"}"}]}
RESULT: undefined
COMMAND: POST /session/dbf12e8f3049a0fbd9455ca732c69091/execute/async - {"script":"<script> [6424 bytes]","args":[{"element-6066-11e4-a52e-4f735466cecf":"f.DA6D5706066A486955EFE1E69ACB62C5.d.3AF32747C47E471DA7C0D4223E7D8704.e.6262"},"getText",[]]}
RESULT: {"script":"<script> [6424 bytes]","args":[{"element-6066-11e4-a52e-4f735466cecf":"f.DA6D5706066A486955EFE1E69ACB62C5.d.3AF32747C47E471DA7C0D4223E7D8704.e.6262"},"getText",[]]}
COMMAND: POST /session/dbf12e8f3049a0fbd9455ca732c69091/element - {"using":"xpath","value":"//bdi[contains(text(), \"Confirm All\")]"}
RESULT: {"using":"xpath","value":"//bdi[contains(text(), \"Confirm All\")]"}
COMMAND: POST /session/dbf12e8f3049a0fbd9455ca732c69091/element/f.DA6D5706066A486955EFE1E69ACB62C5.d.3AF32747C47E471DA7C0D4223E7D8704.e.6263/click - {}
RESULT: {}
COMMAND: GET /session/dbf12e8f3049a0fbd9455ca732c69091/screenshot - {}
RESULT: {}
COMMAND: POST /session/dbf12e8f3049a0fbd9455ca732c69091/actions - {"actions":[{"id":"action22","type":"key","parameters":{},"actions":[{"type":"keyDown","value":"î€‡"},{"type":"pause","duration":10},{"type":"keyUp","value":"î€‡"}]}]}
RESULT: {"actions":[{"id":"action22","type":"key","parameters":{},"actions":[{"type":"keyDown","value":"î€‡"},{"type":"pause","duration":10},{"type":"keyUp","value":"î€‡"}]}]}
COMMAND: GET /session/dbf12e8f3049a0fbd9455ca732c69091/screenshot - {}
RESULT: {}
COMMAND: POST /session/dbf12e8f3049a0fbd9455ca732c69091/element - {"using":"xpath","value":"(//bdi[contains(@id ,\"BDI-content\")][contains(text(), \"Issue\")])[2]"}
RESULT: {"using":"xpath","value":"(//bdi[contains(@id ,\"BDI-content\")][contains(text(), \"Issue\")])[2]"}
COMMAND: POST /session/dbf12e8f3049a0fbd9455ca732c69091/element/f.DA6D5706066A486955EFE1E69ACB62C5.d.3AF32747C47E471DA7C0D4223E7D8704.e.6267/click - {}
RESULT: {}
COMMAND: GET /session/dbf12e8f3049a0fbd9455ca732c69091/screenshot - {}
RESULT: {}
COMMAND: POST /session/dbf12e8f3049a0fbd9455ca732c69091/refresh - {}
RESULT: {}
COMMAND: GET /session/dbf12e8f3049a0fbd9455ca732c69091/screenshot - {}
RESULT: {}
COMMAND: POST /session/dbf12e8f3049a0fbd9455ca732c69091/execute/async - {"script":"<script> [189 bytes]","args":[]}
RESULT: {"script":"<script> [189 bytes]","args":[]}
COMMAND: POST /session/dbf12e8f3049a0fbd9455ca732c69091/execute/async - {"script":"<script> [123 bytes]","args":[]}
RESULT: {"script":"<script> [123 bytes]","args":[]}
COMMAND: POST /session/dbf12e8f3049a0fbd9455ca732c69091/timeouts - {"script":"<number>"}
RESULT: {"script":"<number>"}
COMMAND: GET /session/dbf12e8f3049a0fbd9455ca732c69091/timeouts - {}
RESULT: {}
RESULT: undefined
COMMAND: POST /session/dbf12e8f3049a0fbd9455ca732c69091/execute/async - {"script":"<script> [2676 bytes]","args":[]}
RESULT: {"script":"<script> [2676 bytes]","args":[]}
COMMAND: POST /session/dbf12e8f3049a0fbd9455ca732c69091/execute/async - {"script":"<script> [2342 bytes]","args":[{"protocol":"http","hostname":"0.0.0.0","path":"/","capabilities":{"browserName":"chrome","goog:chromeOptions":{"binary":"C:\\Program Files\\Google\\Chrome\\Application\\chrome.exe","args":["--start-maximized"]}},"logLevel":"warn","connectionRetryTimeout":120000,"connectionRetryCount":3,"logLevels":{},"enableDirectConnect":true,"strictSSL":true,"_":"65 more keys: [\"cacheDir\",\"port\",\"requestedCapabilities\",\"automationProtocol\",\"baseUrl\",\"waitforInterval\",\"waitforTimeout\",\"onReload\",\"beforeCommand\",\"afterCommand\",\"rootDir\",\"specs\",\"suites\",\"exclude\",\"groupLogsByTestSpec\",\"excludeDriverLogs\",\"bail\",\"framework\",\"reporters\",\"services\",\"maxInstances\",\"maxInstancesPerCapability\",\"injectGlobals\",\"filesToWatch\",\"execArgv\",\"runnerEnv\",\"runner\",\"shard\",\"specFileRetries\",\"specFileRetriesDelay\",\"specFileRetriesDeferred\",\"reporterSyncInterval\",\"reporterSyncTimeout\",\"cucumberFeaturesWithLineNumbers\",\"autoCompileOpts\",\"mochaOpts\",\"jasmineOpts\",\"cucumberOpts\",\"onPrepare\",\"onWorkerStart\",\"onWorkerEnd\",\"before\",\"beforeSession\",\"beforeSuite\",\"beforeHook\",\"beforeTest\",\"afterTest\",\"afterHook\",\"afterSuite\",\"afterSession\",\"after\",\"onComplete\",\"beforeAssertion\",\"afterAssertion\",\"beforeFeature\",\"beforeScenario\",\"beforeStep\",\"afterStep\",\"afterScenario\",\"afterFeature\",\"_\",\"suite\",\"$0\",\"ignoredWorkerServices\",\"wdi5\"]"}]}
RESULT: {"script":"<script> [2342 bytes]","args":[{"protocol":"http","hostname":"0.0.0.0","path":"/","capabilities":{"browserName":"chrome","goog:chromeOptions":{"binary":"C:\\Program Files\\Google\\Chrome\\Application\\chrome.exe","args":["--start-maximized"]}},"logLevel":"warn","connectionRetryTimeout":120000,"connectionRetryCount":3,"logLevels":{},"enableDirectConnect":true,"strictSSL":true,"_":"65 more keys: [\"cacheDir\",\"port\",\"requestedCapabilities\",\"automationProtocol\",\"baseUrl\",\"waitforInterval\",\"waitforTimeout\",\"onReload\",\"beforeCommand\",\"afterCommand\",\"rootDir\",\"specs\",\"suites\",\"exclude\",\"groupLogsByTestSpec\",\"excludeDriverLogs\",\"bail\",\"framework\",\"reporters\",\"services\",\"maxInstances\",\"maxInstancesPerCapability\",\"injectGlobals\",\"filesToWatch\",\"execArgv\",\"runnerEnv\",\"runner\",\"shard\",\"specFileRetries\",\"specFileRetriesDelay\",\"specFileRetriesDeferred\",\"reporterSyncInterval\",\"reporterSyncTimeout\",\"cucumberFeaturesWithLineNumbers\",\"autoCompileOpts\",\"mochaOpts\",\"jasmineOpts\",\"cucumberOpts\",\"onPrepare\",\"onWorkerStart\",\"onWorkerEnd\",\"before\",\"beforeSession\",\"beforeSuite\",\"beforeHook\",\"beforeTest\",\"afterTest\",\"afterHook\",\"afterSuite\",\"afterSession\",\"after\",\"onComplete\",\"beforeAssertion\",\"afterAssertion\",\"beforeFeature\",\"beforeScenario\",\"beforeStep\",\"afterStep\",\"afterScenario\",\"afterFeature\",\"_\",\"suite\",\"$0\",\"ignoredWorkerServices\",\"wdi5\"]"}]}
COMMAND: POST /session/dbf12e8f3049a0fbd9455ca732c69091/execute/async - {"script":"<script> [21126 bytes]","args":[35000]}
RESULT: {"script":"<script> [21126 bytes]","args":[35000]}
COMMAND: POST /session/dbf12e8f3049a0fbd9455ca732c69091/element - {"using":"xpath","value":"//input[contains(@id ,\"smartFilterBar-btnBasicSearch-I\")]"}
RESULT: {"using":"xpath","value":"//input[contains(@id ,\"smartFilterBar-btnBasicSearch-I\")]"}
COMMAND: POST /session/dbf12e8f3049a0fbd9455ca732c69091/element/f.DA6D5706066A486955EFE1E69ACB62C5.d.BA5F15DA4A50CA5C5BD627969390CF88.e.6332/clear - {}
RESULT: {}
COMMAND: POST /session/dbf12e8f3049a0fbd9455ca732c69091/element/f.DA6D5706066A486955EFE1E69ACB62C5.d.BA5F15DA4A50CA5C5BD627969390CF88.e.6332/value - {"text":"30329"}
COMMAND: GET /session/dbf12e8f3049a0fbd9455ca732c69091/screenshot - {}
RESULT: {"text":"30329"}
COMMAND: GET /session/dbf12e8f3049a0fbd9455ca732c69091/screenshot - {}
RESULT: {}
RESULT: {}
COMMAND: POST /session/dbf12e8f3049a0fbd9455ca732c69091/actions - {"actions":[{"id":"action23","type":"key","parameters":{},"actions":[{"type":"keyDown","value":"î€‡"},{"type":"pause","duration":10},{"type":"keyUp","value":"î€‡"}]}]}
RESULT: {"actions":[{"id":"action23","type":"key","parameters":{},"actions":[{"type":"keyDown","value":"î€‡"},{"type":"pause","duration":10},{"type":"keyUp","value":"î€‡"}]}]}
COMMAND: GET /session/dbf12e8f3049a0fbd9455ca732c69091/screenshot - {}
RESULT: {}
COMMAND: POST /session/dbf12e8f3049a0fbd9455ca732c69091/execute/async - {"script":"<script> [1562 bytes]","args":[{"selector":{"controlType":"sap.ui.core.Icon","viewName":"etm.portal.ui.managehandovers.view.MasterHO","properties":{"src":{"regex":{"source":"slim\\-arrow\\-right"}}}},"wdio_ui5_key":"etmportal.ui.managehandovers.view.MasterHOsap.ui.core.Icon{\"src\":{\"regex\":{\"source\":\"slim\\\\-arrow\\\\-right\"}}}"}]}
RESULT: {"script":"<script> [1562 bytes]","args":[{"selector":{"controlType":"sap.ui.core.Icon","viewName":"etm.portal.ui.managehandovers.view.MasterHO","properties":{"src":{"regex":{"source":"slim\\-arrow\\-right"}}}},"wdio_ui5_key":"etmportal.ui.managehandovers.view.MasterHOsap.ui.core.Icon{\"src\":{\"regex\":{\"source\":\"slim\\\\-arrow\\\\-right\"}}}"}]}
RESULT: undefined
COMMAND: POST /session/dbf12e8f3049a0fbd9455ca732c69091/element - {"using":"xpath","value":"//*[@id=\"__item30-__clone16-imgNav\"]"}
RESULT: {"using":"xpath","value":"//*[@id=\"__item30-__clone16-imgNav\"]"}
COMMAND: POST /session/dbf12e8f3049a0fbd9455ca732c69091/element/f.DA6D5706066A486955EFE1E69ACB62C5.d.BA5F15DA4A50CA5C5BD627969390CF88.e.6435/click - {}
RESULT: {}
COMMAND: GET /session/dbf12e8f3049a0fbd9455ca732c69091/screenshot - {}
RESULT: {}
COMMAND: POST /session/dbf12e8f3049a0fbd9455ca732c69091/execute/async - {"script":"<script> [1562 bytes]","args":[{"selector":{"controlType":"sap.m.ObjectStatus","viewName":"etm.portal.ui.managehandovers.view.DetailManageHO","viewId":"application-managehandovers-display-component---detailManageHO","labelFor":{"text":"Status"}},"wdio_ui5_key":"etmportal.ui.managehandovers.view.DetailManageHOsap.m.ObjectStatus{\"text\":\"Status\"}"}]}
RESULT: {"script":"<script> [1562 bytes]","args":[{"selector":{"controlType":"sap.m.ObjectStatus","viewName":"etm.portal.ui.managehandovers.view.DetailManageHO","viewId":"application-managehandovers-display-component---detailManageHO","labelFor":{"text":"Status"}},"wdio_ui5_key":"etmportal.ui.managehandovers.view.DetailManageHOsap.m.ObjectStatus{\"text\":\"Status\"}"}]}
RESULT: undefined
COMMAND: POST /session/dbf12e8f3049a0fbd9455ca732c69091/execute/async - {"script":"<script> [6424 bytes]","args":[{"element-6066-11e4-a52e-4f735466cecf":"f.DA6D5706066A486955EFE1E69ACB62C5.d.BA5F15DA4A50CA5C5BD627969390CF88.e.6520"},"getText",[]]}
RESULT: {"script":"<script> [6424 bytes]","args":[{"element-6066-11e4-a52e-4f735466cecf":"f.DA6D5706066A486955EFE1E69ACB62C5.d.BA5F15DA4A50CA5C5BD627969390CF88.e.6520"},"getText",[]]}
COMMAND: POST /session/dbf12e8f3049a0fbd9455ca732c69091/element - {"using":"xpath","value":"//a[contains(@data-kt ,\"GeneralSectionSendContractLink\")]"}
RESULT: {"using":"xpath","value":"//a[contains(@data-kt ,\"GeneralSectionSendContractLink\")]"}
COMMAND: POST /session/dbf12e8f3049a0fbd9455ca732c69091/element/f.DA6D5706066A486955EFE1E69ACB62C5.d.BA5F15DA4A50CA5C5BD627969390CF88.e.6521/click - {}
RESULT: {}
COMMAND: GET /session/dbf12e8f3049a0fbd9455ca732c69091/screenshot - {}
RESULT: {}
COMMAND: POST /session/dbf12e8f3049a0fbd9455ca732c69091/element - {"using":"xpath","value":"//a[contains(@data-kt ,\"ContextMenuId2Link\")]"}
RESULT: {"using":"xpath","value":"//a[contains(@data-kt ,\"ContextMenuId2Link\")]"}
COMMAND: POST /session/dbf12e8f3049a0fbd9455ca732c69091/element/f.DA6D5706066A486955EFE1E69ACB62C5.d.BA5F15DA4A50CA5C5BD627969390CF88.e.6525/click - {}
RESULT: {}
COMMAND: GET /session/dbf12e8f3049a0fbd9455ca732c69091/screenshot - {}
RESULT: {}
COMMAND: POST /session/dbf12e8f3049a0fbd9455ca732c69091/execute/async - {"script":"<script> [1562 bytes]","args":[{"selector":{"id":"headerBillingItemsTabFilter","viewName":"etm.portal.ui.managecontracts.view.Detail","interaction":{"idSuffix":"text"}},"wdio_ui5_key":"headerBillingItemsTabFilteretmportal.ui.managecontracts.view.Detail"}]}
RESULT: {"script":"<script> [1562 bytes]","args":[{"selector":{"id":"headerBillingItemsTabFilter","viewName":"etm.portal.ui.managecontracts.view.Detail","interaction":{"idSuffix":"text"}},"wdio_ui5_key":"headerBillingItemsTabFilteretmportal.ui.managecontracts.view.Detail"}]}
RESULT: undefined
COMMAND: POST /session/dbf12e8f3049a0fbd9455ca732c69091/element - {"using":"xpath","value":"//*[@id=\"__xmlview2--headerBillingItemsTabFilter\"]"}
RESULT: {"using":"xpath","value":"//*[@id=\"__xmlview2--headerBillingItemsTabFilter\"]"}
COMMAND: POST /session/dbf12e8f3049a0fbd9455ca732c69091/element/f.DA6D5706066A486955EFE1E69ACB62C5.d.BA5F15DA4A50CA5C5BD627969390CF88.e.6745/click - {}
RESULT: {}
COMMAND: GET /session/dbf12e8f3049a0fbd9455ca732c69091/screenshot - {}
RESULT: {}
COMMAND: POST /session/dbf12e8f3049a0fbd9455ca732c69091/execute/async - {"script":"<script> [1562 bytes]","args":[{"selector":{"controlType":"sap.m.ObjectStatus","viewName":"etm.portal.ui.managecontracts.view.Detail","bindingPath":{"path":"/SmartContractItems(CONTRACT='10231',ITEM=10m,SUB_ITEM=0m)","propertyPath":"STATUS"}},"wdio_ui5_key":"etmportal.ui.managecontracts.view.Detailsap.m.ObjectStatus{\"path\":\"/SmartContractItems(CONTRACT='10231',ITEM=10m,SUB_ITEM=0m)\",\"propertyPath\":\"STATUS\"}"}]}
RESULT: {"script":"<script> [1562 bytes]","args":[{"selector":{"controlType":"sap.m.ObjectStatus","viewName":"etm.portal.ui.managecontracts.view.Detail","bindingPath":{"path":"/SmartContractItems(CONTRACT='10231',ITEM=10m,SUB_ITEM=0m)","propertyPath":"STATUS"}},"wdio_ui5_key":"etmportal.ui.managecontracts.view.Detailsap.m.ObjectStatus{\"path\":\"/SmartContractItems(CONTRACT='10231',ITEM=10m,SUB_ITEM=0m)\",\"propertyPath\":\"STATUS\"}"}]}
RESULT: undefined
COMMAND: POST /session/dbf12e8f3049a0fbd9455ca732c69091/execute/async - {"script":"<script> [6424 bytes]","args":[{"element-6066-11e4-a52e-4f735466cecf":"f.DA6D5706066A486955EFE1E69ACB62C5.d.BA5F15DA4A50CA5C5BD627969390CF88.e.6747"},"getText",[]]}
RESULT: {"script":"<script> [6424 bytes]","args":[{"element-6066-11e4-a52e-4f735466cecf":"f.DA6D5706066A486955EFE1E69ACB62C5.d.BA5F15DA4A50CA5C5BD627969390CF88.e.6747"},"getText",[]]}
COMMAND: DELETE /session/dbf12e8f3049a0fbd9455ca732c69091 - {}
RESULT: {}
]]></system-out>
    </testcase>
  </testsuite>
</testsuites>