<?xml version="1.0" encoding="UTF-8"?>
<testsuites tests="48" failures="0" errors="0" skipped="0">
  <testsuite timestamp="2025-04-13T17:17:44" time="916.09" tests="12" failures="0" errors="0" skipped="0">
    <properties>
      <property name="specId" value="0"/>
      <property name="suiteName" value="Billing Transfer - Master data &amp; Intercompany US127250"/>
      <property name="capabilities" value="chrome.135_0_7049_42.windows"/>
      <property name="file" value="file:///D:/a/1/s/test/specs/BTS/billing-transfer-intercompany.spec.js"/>
    </properties>
    <testcase classname="chrome.135_0_7049_42.windows.Billing_Transfer_-_Master_data_&amp;_Intercompany_US127250" name="Should create a new yard" time="108.542">
      <system-out><![CDATA[
COMMAND: POST /session/3e4ceb57b36163f530f5479f57478588/window/fullscreen - {}
RESULT: {}
COMMAND: POST /session/3e4ceb57b36163f530f5479f57478588/execute/async - {"script":"<script> [1562 bytes]","args":[{"selector":{"controlType":"sap.m.GenericTile","properties":{"header":"Manage Yards"}},"wdio_ui5_key":"sapm.GenericTile{\"header\":\"Manage Yards\"}"}]}
RESULT: {"script":"<script> [1562 bytes]","args":[{"selector":{"controlType":"sap.m.GenericTile","properties":{"header":"Manage Yards"}},"wdio_ui5_key":"sapm.GenericTile{\"header\":\"Manage Yards\"}"}]}
RESULT: undefined
COMMAND: POST /session/3e4ceb57b36163f530f5479f57478588/element - {"using":"xpath","value":"//*[@id=\"__tile41\"]"}
RESULT: {"using":"xpath","value":"//*[@id=\"__tile41\"]"}
COMMAND: POST /session/3e4ceb57b36163f530f5479f57478588/element/f.504C58434384A4EE898B1C568961733A.d.CBE3052A6EC5748390285A7953547AFE.e.145/click - {}
RESULT: {}
COMMAND: POST /session/3e4ceb57b36163f530f5479f57478588/element - {"using":"xpath","value":"//button[@data-kt=\"addNewYardOverflowToolbarButton\"]"}
COMMAND: GET /session/3e4ceb57b36163f530f5479f57478588/screenshot - {}
RESULT: {"using":"xpath","value":"//button[@data-kt=\"addNewYardOverflowToolbarButton\"]"}
COMMAND: POST /session/3e4ceb57b36163f530f5479f57478588/elements - {"using":"xpath","value":"//button[@data-kt=\"addNewYardOverflowToolbarButton\"]"}
RESULT: {}
RESULT: {"using":"xpath","value":"//button[@data-kt=\"addNewYardOverflowToolbarButton\"]"}
COMMAND: POST /session/3e4ceb57b36163f530f5479f57478588/elements - {"using":"xpath","value":"//button[@data-kt=\"addNewYardOverflowToolbarButton\"]"}
RESULT: {"using":"xpath","value":"//button[@data-kt=\"addNewYardOverflowToolbarButton\"]"}
COMMAND: POST /session/3e4ceb57b36163f530f5479f57478588/elements - {"using":"xpath","value":"//button[@data-kt=\"addNewYardOverflowToolbarButton\"]"}
RESULT: {"using":"xpath","value":"//button[@data-kt=\"addNewYardOverflowToolbarButton\"]"}
COMMAND: POST /session/3e4ceb57b36163f530f5479f57478588/elements - {"using":"xpath","value":"//button[@data-kt=\"addNewYardOverflowToolbarButton\"]"}
RESULT: {"using":"xpath","value":"//button[@data-kt=\"addNewYardOverflowToolbarButton\"]"}
COMMAND: POST /session/3e4ceb57b36163f530f5479f57478588/elements - {"using":"xpath","value":"//button[@data-kt=\"addNewYardOverflowToolbarButton\"]"}
RESULT: {"using":"xpath","value":"//button[@data-kt=\"addNewYardOverflowToolbarButton\"]"}
COMMAND: POST /session/3e4ceb57b36163f530f5479f57478588/elements - {"using":"xpath","value":"//button[@data-kt=\"addNewYardOverflowToolbarButton\"]"}
RESULT: {"using":"xpath","value":"//button[@data-kt=\"addNewYardOverflowToolbarButton\"]"}
COMMAND: POST /session/3e4ceb57b36163f530f5479f57478588/elements - {"using":"xpath","value":"//button[@data-kt=\"addNewYardOverflowToolbarButton\"]"}
RESULT: {"using":"xpath","value":"//button[@data-kt=\"addNewYardOverflowToolbarButton\"]"}
COMMAND: POST /session/3e4ceb57b36163f530f5479f57478588/elements - {"using":"xpath","value":"//button[@data-kt=\"addNewYardOverflowToolbarButton\"]"}
RESULT: {"using":"xpath","value":"//button[@data-kt=\"addNewYardOverflowToolbarButton\"]"}
COMMAND: POST /session/3e4ceb57b36163f530f5479f57478588/elements - {"using":"xpath","value":"//button[@data-kt=\"addNewYardOverflowToolbarButton\"]"}
RESULT: {"using":"xpath","value":"//button[@data-kt=\"addNewYardOverflowToolbarButton\"]"}
COMMAND: POST /session/3e4ceb57b36163f530f5479f57478588/elements - {"using":"xpath","value":"//button[@data-kt=\"addNewYardOverflowToolbarButton\"]"}
RESULT: {"using":"xpath","value":"//button[@data-kt=\"addNewYardOverflowToolbarButton\"]"}
COMMAND: POST /session/3e4ceb57b36163f530f5479f57478588/elements - {"using":"xpath","value":"//button[@data-kt=\"addNewYardOverflowToolbarButton\"]"}
RESULT: {"using":"xpath","value":"//button[@data-kt=\"addNewYardOverflowToolbarButton\"]"}
COMMAND: POST /session/3e4ceb57b36163f530f5479f57478588/elements - {"using":"xpath","value":"//button[@data-kt=\"addNewYardOverflowToolbarButton\"]"}
RESULT: {"using":"xpath","value":"//button[@data-kt=\"addNewYardOverflowToolbarButton\"]"}
COMMAND: POST /session/3e4ceb57b36163f530f5479f57478588/elements - {"using":"xpath","value":"//button[@data-kt=\"addNewYardOverflowToolbarButton\"]"}
RESULT: {"using":"xpath","value":"//button[@data-kt=\"addNewYardOverflowToolbarButton\"]"}
COMMAND: POST /session/3e4ceb57b36163f530f5479f57478588/elements - {"using":"xpath","value":"//button[@data-kt=\"addNewYardOverflowToolbarButton\"]"}
RESULT: {"using":"xpath","value":"//button[@data-kt=\"addNewYardOverflowToolbarButton\"]"}
COMMAND: POST /session/3e4ceb57b36163f530f5479f57478588/elements - {"using":"xpath","value":"//button[@data-kt=\"addNewYardOverflowToolbarButton\"]"}
RESULT: {"using":"xpath","value":"//button[@data-kt=\"addNewYardOverflowToolbarButton\"]"}
COMMAND: POST /session/3e4ceb57b36163f530f5479f57478588/elements - {"using":"xpath","value":"//button[@data-kt=\"addNewYardOverflowToolbarButton\"]"}
RESULT: {"using":"xpath","value":"//button[@data-kt=\"addNewYardOverflowToolbarButton\"]"}
COMMAND: POST /session/3e4ceb57b36163f530f5479f57478588/elements - {"using":"xpath","value":"//button[@data-kt=\"addNewYardOverflowToolbarButton\"]"}
RESULT: {"using":"xpath","value":"//button[@data-kt=\"addNewYardOverflowToolbarButton\"]"}
COMMAND: POST /session/3e4ceb57b36163f530f5479f57478588/elements - {"using":"xpath","value":"//button[@data-kt=\"addNewYardOverflowToolbarButton\"]"}
RESULT: {"using":"xpath","value":"//button[@data-kt=\"addNewYardOverflowToolbarButton\"]"}
COMMAND: POST /session/3e4ceb57b36163f530f5479f57478588/elements - {"using":"xpath","value":"//button[@data-kt=\"addNewYardOverflowToolbarButton\"]"}
RESULT: {"using":"xpath","value":"//button[@data-kt=\"addNewYardOverflowToolbarButton\"]"}
COMMAND: POST /session/3e4ceb57b36163f530f5479f57478588/elements - {"using":"xpath","value":"//button[@data-kt=\"addNewYardOverflowToolbarButton\"]"}
RESULT: {"using":"xpath","value":"//button[@data-kt=\"addNewYardOverflowToolbarButton\"]"}
COMMAND: POST /session/3e4ceb57b36163f530f5479f57478588/elements - {"using":"xpath","value":"//button[@data-kt=\"addNewYardOverflowToolbarButton\"]"}
RESULT: {"using":"xpath","value":"//button[@data-kt=\"addNewYardOverflowToolbarButton\"]"}
COMMAND: POST /session/3e4ceb57b36163f530f5479f57478588/elements - {"using":"xpath","value":"//button[@data-kt=\"addNewYardOverflowToolbarButton\"]"}
RESULT: {"using":"xpath","value":"//button[@data-kt=\"addNewYardOverflowToolbarButton\"]"}
COMMAND: POST /session/3e4ceb57b36163f530f5479f57478588/elements - {"using":"xpath","value":"//button[@data-kt=\"addNewYardOverflowToolbarButton\"]"}
RESULT: {"using":"xpath","value":"//button[@data-kt=\"addNewYardOverflowToolbarButton\"]"}
COMMAND: POST /session/3e4ceb57b36163f530f5479f57478588/elements - {"using":"xpath","value":"//button[@data-kt=\"addNewYardOverflowToolbarButton\"]"}
RESULT: {"using":"xpath","value":"//button[@data-kt=\"addNewYardOverflowToolbarButton\"]"}
COMMAND: POST /session/3e4ceb57b36163f530f5479f57478588/elements - {"using":"xpath","value":"//button[@data-kt=\"addNewYardOverflowToolbarButton\"]"}
RESULT: {"using":"xpath","value":"//button[@data-kt=\"addNewYardOverflowToolbarButton\"]"}
COMMAND: POST /session/3e4ceb57b36163f530f5479f57478588/element - {"using":"xpath","value":"//button[@data-kt=\"addNewYardOverflowToolbarButton\"]"}
RESULT: {"using":"xpath","value":"//button[@data-kt=\"addNewYardOverflowToolbarButton\"]"}
COMMAND: POST /session/3e4ceb57b36163f530f5479f57478588/execute/sync - {"script":"<script> [8489 bytes]","args":[{"element-6066-11e4-a52e-4f735466cecf":"f.504C58434384A4EE898B1C568961733A.d.CBE3052A6EC5748390285A7953547AFE.e.168","ELEMENT":"f.504C58434384A4EE898B1C568961733A.d.CBE3052A6EC5748390285A7953547AFE.e.168"}]}
RESULT: {"script":"<script> [8489 bytes]","args":[{"element-6066-11e4-a52e-4f735466cecf":"f.504C58434384A4EE898B1C568961733A.d.CBE3052A6EC5748390285A7953547AFE.e.168","ELEMENT":"f.504C58434384A4EE898B1C568961733A.d.CBE3052A6EC5748390285A7953547AFE.e.168"}]}
COMMAND: GET /session/3e4ceb57b36163f530f5479f57478588/element/f.504C58434384A4EE898B1C568961733A.d.CBE3052A6EC5748390285A7953547AFE.e.168/enabled - {}
RESULT: {}
COMMAND: POST /session/3e4ceb57b36163f530f5479f57478588/execute/sync - {"script":"<script> [8489 bytes]","args":[{"element-6066-11e4-a52e-4f735466cecf":"f.504C58434384A4EE898B1C568961733A.d.CBE3052A6EC5748390285A7953547AFE.e.168","ELEMENT":"f.504C58434384A4EE898B1C568961733A.d.CBE3052A6EC5748390285A7953547AFE.e.168"}]}
RESULT: {"script":"<script> [8489 bytes]","args":[{"element-6066-11e4-a52e-4f735466cecf":"f.504C58434384A4EE898B1C568961733A.d.CBE3052A6EC5748390285A7953547AFE.e.168","ELEMENT":"f.504C58434384A4EE898B1C568961733A.d.CBE3052A6EC5748390285A7953547AFE.e.168"}]}
COMMAND: POST /session/3e4ceb57b36163f530f5479f57478588/execute/sync - {"script":"<script> [5351 bytes]","args":[{"element-6066-11e4-a52e-4f735466cecf":"f.504C58434384A4EE898B1C568961733A.d.CBE3052A6EC5748390285A7953547AFE.e.168","ELEMENT":"f.504C58434384A4EE898B1C568961733A.d.CBE3052A6EC5748390285A7953547AFE.e.168"}]}
RESULT: {"script":"<script> [5351 bytes]","args":[{"element-6066-11e4-a52e-4f735466cecf":"f.504C58434384A4EE898B1C568961733A.d.CBE3052A6EC5748390285A7953547AFE.e.168","ELEMENT":"f.504C58434384A4EE898B1C568961733A.d.CBE3052A6EC5748390285A7953547AFE.e.168"}]}
COMMAND: POST /session/3e4ceb57b36163f530f5479f57478588/element/f.504C58434384A4EE898B1C568961733A.d.CBE3052A6EC5748390285A7953547AFE.e.168/click - {}
COMMAND: GET /session/3e4ceb57b36163f530f5479f57478588/screenshot - {}
COMMAND: GET /session/3e4ceb57b36163f530f5479f57478588/screenshot - {}
COMMAND: GET /session/3e4ceb57b36163f530f5479f57478588/screenshot - {}
COMMAND: GET /session/3e4ceb57b36163f530f5479f57478588/screenshot - {}
RESULT: {}
COMMAND: GET /session/3e4ceb57b36163f530f5479f57478588/screenshot - {}
RESULT: {}
RESULT: {}
RESULT: {}
RESULT: {}
RESULT: {}
COMMAND: POST /session/3e4ceb57b36163f530f5479f57478588/element - {"using":"xpath","value":"//input[@id=\"application-manageyards-display-component---NewYard--yardId-inner\"]"}
RESULT: {"using":"xpath","value":"//input[@id=\"application-manageyards-display-component---NewYard--yardId-inner\"]"}
COMMAND: POST /session/3e4ceb57b36163f530f5479f57478588/element - {"using":"xpath","value":"//input[@id=\"application-manageyards-display-component---NewYard--yardId-inner\"]"}
RESULT: {"using":"xpath","value":"//input[@id=\"application-manageyards-display-component---NewYard--yardId-inner\"]"}
COMMAND: POST /session/3e4ceb57b36163f530f5479f57478588/execute/async - {"script":"<script> [1562 bytes]","args":[{"selector":{"id":"application-manageyards-display-component---NewYard--addressDetailDetailsName1","interaction":{"idSuffix":"inner"}},"wdio_ui5_key":"applicationmanageyards-display-component---NewYard--addressDetailDetailsName1"}]}
RESULT: {"script":"<script> [1562 bytes]","args":[{"selector":{"id":"application-manageyards-display-component---NewYard--addressDetailDetailsName1","interaction":{"idSuffix":"inner"}},"wdio_ui5_key":"applicationmanageyards-display-component---NewYard--addressDetailDetailsName1"}]}
RESULT: undefined
COMMAND: POST /session/3e4ceb57b36163f530f5479f57478588/execute/async - {"script":"<script> [776 bytes]","args":[{"enterText":"Intercompany Yard wdIO","selector":{"id":"application-manageyards-display-component---NewYard--addressDetailDetailsName1","interaction":{"idSuffix":"inner"}},"clearTextFirst":true,"interactionType":"ENTER_TEXT"}]}
RESULT: {"script":"<script> [776 bytes]","args":[{"enterText":"Intercompany Yard wdIO","selector":{"id":"application-manageyards-display-component---NewYard--addressDetailDetailsName1","interaction":{"idSuffix":"inner"}},"clearTextFirst":true,"interactionType":"ENTER_TEXT"}]}
COMMAND: POST /session/3e4ceb57b36163f530f5479f57478588/execute/async - {"script":"<script> [1562 bytes]","args":[{"selector":{"id":"application-manageyards-display-component---NewYard--addressDetailDetailsLanguage-arrow"},"wdio_ui5_key":"applicationmanageyards-display-component---NewYard--addressDetailDetailsLanguage-arrow"}]}
RESULT: {"script":"<script> [1562 bytes]","args":[{"selector":{"id":"application-manageyards-display-component---NewYard--addressDetailDetailsLanguage-arrow"},"wdio_ui5_key":"applicationmanageyards-display-component---NewYard--addressDetailDetailsLanguage-arrow"}]}
RESULT: undefined
COMMAND: POST /session/3e4ceb57b36163f530f5479f57478588/element - {"using":"xpath","value":"//*[@id=\"application-manageyards-display-component---NewYard--addressDetailDetailsLanguage-arrow\"]"}
RESULT: {"using":"xpath","value":"//*[@id=\"application-manageyards-display-component---NewYard--addressDetailDetailsLanguage-arrow\"]"}
COMMAND: POST /session/3e4ceb57b36163f530f5479f57478588/element/f.504C58434384A4EE898B1C568961733A.d.CBE3052A6EC5748390285A7953547AFE.e.616/click - {}
RESULT: {}
COMMAND: POST /session/3e4ceb57b36163f530f5479f57478588/element - {"using":"xpath","value":"//span[contains(text(), \"English\")]"}
COMMAND: GET /session/3e4ceb57b36163f530f5479f57478588/screenshot - {}
RESULT: {"using":"xpath","value":"//span[contains(text(), \"English\")]"}
COMMAND: POST /session/3e4ceb57b36163f530f5479f57478588/element/f.504C58434384A4EE898B1C568961733A.d.CBE3052A6EC5748390285A7953547AFE.e.617/click - {}
RESULT: {}
RESULT: {}
COMMAND: POST /session/3e4ceb57b36163f530f5479f57478588/execute/async - {"script":"<script> [1562 bytes]","args":[{"selector":{"id":"application-manageyards-display-component---NewYard--addressDetailDetailsCity1","interaction":{"idSuffix":"inner"}},"wdio_ui5_key":"applicationmanageyards-display-component---NewYard--addressDetailDetailsCity1"}]}
COMMAND: GET /session/3e4ceb57b36163f530f5479f57478588/screenshot - {}
RESULT: {"script":"<script> [1562 bytes]","args":[{"selector":{"id":"application-manageyards-display-component---NewYard--addressDetailDetailsCity1","interaction":{"idSuffix":"inner"}},"wdio_ui5_key":"applicationmanageyards-display-component---NewYard--addressDetailDetailsCity1"}]}
RESULT: undefined
COMMAND: POST /session/3e4ceb57b36163f530f5479f57478588/execute/async - {"script":"<script> [776 bytes]","args":[{"enterText":"Rosario","selector":{"id":"application-manageyards-display-component---NewYard--addressDetailDetailsCity1","interaction":{"idSuffix":"inner"}},"clearTextFirst":true,"interactionType":"ENTER_TEXT"}]}
RESULT: {}
RESULT: {"script":"<script> [776 bytes]","args":[{"enterText":"Rosario","selector":{"id":"application-manageyards-display-component---NewYard--addressDetailDetailsCity1","interaction":{"idSuffix":"inner"}},"clearTextFirst":true,"interactionType":"ENTER_TEXT"}]}
COMMAND: POST /session/3e4ceb57b36163f530f5479f57478588/execute/async - {"script":"<script> [1562 bytes]","args":[{"selector":{"id":"application-manageyards-display-component---NewYard--addressDetailDetailsCountry-arrow"},"wdio_ui5_key":"applicationmanageyards-display-component---NewYard--addressDetailDetailsCountry-arrow"}]}
RESULT: {"script":"<script> [1562 bytes]","args":[{"selector":{"id":"application-manageyards-display-component---NewYard--addressDetailDetailsCountry-arrow"},"wdio_ui5_key":"applicationmanageyards-display-component---NewYard--addressDetailDetailsCountry-arrow"}]}
RESULT: undefined
COMMAND: POST /session/3e4ceb57b36163f530f5479f57478588/element - {"using":"xpath","value":"//*[@id=\"application-manageyards-display-component---NewYard--addressDetailDetailsCountry-arrow\"]"}
RESULT: {"using":"xpath","value":"//*[@id=\"application-manageyards-display-component---NewYard--addressDetailDetailsCountry-arrow\"]"}
COMMAND: POST /session/3e4ceb57b36163f530f5479f57478588/element/f.504C58434384A4EE898B1C568961733A.d.CBE3052A6EC5748390285A7953547AFE.e.619/click - {}
RESULT: {}
COMMAND: POST /session/3e4ceb57b36163f530f5479f57478588/element - {"using":"xpath","value":"//span[contains(text(), \"Argentina\")]"}
COMMAND: GET /session/3e4ceb57b36163f530f5479f57478588/screenshot - {}
RESULT: {"using":"xpath","value":"//span[contains(text(), \"Argentina\")]"}
COMMAND: POST /session/3e4ceb57b36163f530f5479f57478588/element/f.504C58434384A4EE898B1C568961733A.d.CBE3052A6EC5748390285A7953547AFE.e.620/click - {}
RESULT: {}
RESULT: {}
COMMAND: POST /session/3e4ceb57b36163f530f5479f57478588/execute/async - {"script":"<script> [1562 bytes]","args":[{"selector":{"id":"application-manageyards-display-component---NewYard--addressEditDetailsCostObjectCstType-arrow"},"wdio_ui5_key":"applicationmanageyards-display-component---NewYard--addressEditDetailsCostObjectCstType-arrow"}]}
COMMAND: GET /session/3e4ceb57b36163f530f5479f57478588/screenshot - {}
RESULT: {"script":"<script> [1562 bytes]","args":[{"selector":{"id":"application-manageyards-display-component---NewYard--addressEditDetailsCostObjectCstType-arrow"},"wdio_ui5_key":"applicationmanageyards-display-component---NewYard--addressEditDetailsCostObjectCstType-arrow"}]}
RESULT: undefined
COMMAND: POST /session/3e4ceb57b36163f530f5479f57478588/element - {"using":"xpath","value":"//*[@id=\"application-manageyards-display-component---NewYard--addressEditDetailsCostObjectCstType-arrow\"]"}
RESULT: {}
RESULT: {"using":"xpath","value":"//*[@id=\"application-manageyards-display-component---NewYard--addressEditDetailsCostObjectCstType-arrow\"]"}
COMMAND: POST /session/3e4ceb57b36163f530f5479f57478588/element/f.504C58434384A4EE898B1C568961733A.d.CBE3052A6EC5748390285A7953547AFE.e.622/click - {}
RESULT: {}
COMMAND: POST /session/3e4ceb57b36163f530f5479f57478588/element - {"using":"xpath","value":"//span[contains(text(), \"Cost Center\")]"}
COMMAND: GET /session/3e4ceb57b36163f530f5479f57478588/screenshot - {}
RESULT: {"using":"xpath","value":"//span[contains(text(), \"Cost Center\")]"}
COMMAND: POST /session/3e4ceb57b36163f530f5479f57478588/element/f.504C58434384A4EE898B1C568961733A.d.CBE3052A6EC5748390285A7953547AFE.e.623/click - {}
RESULT: {}
RESULT: {}
COMMAND: GET /session/3e4ceb57b36163f530f5479f57478588/screenshot - {}
RESULT: {}
COMMAND: POST /session/3e4ceb57b36163f530f5479f57478588/element - {"using":"xpath","value":"//span[@id=\"application-manageyards-display-component---NewYard--addressNewCostObjectCstID-vhi\"]"}
RESULT: {"using":"xpath","value":"//span[@id=\"application-manageyards-display-component---NewYard--addressNewCostObjectCstID-vhi\"]"}
COMMAND: POST /session/3e4ceb57b36163f530f5479f57478588/execute/sync - {"script":"<script> [8489 bytes]","args":[{"element-6066-11e4-a52e-4f735466cecf":"f.504C58434384A4EE898B1C568961733A.d.CBE3052A6EC5748390285A7953547AFE.e.626","ELEMENT":"f.504C58434384A4EE898B1C568961733A.d.CBE3052A6EC5748390285A7953547AFE.e.626"}]}
RESULT: {"script":"<script> [8489 bytes]","args":[{"element-6066-11e4-a52e-4f735466cecf":"f.504C58434384A4EE898B1C568961733A.d.CBE3052A6EC5748390285A7953547AFE.e.626","ELEMENT":"f.504C58434384A4EE898B1C568961733A.d.CBE3052A6EC5748390285A7953547AFE.e.626"}]}
COMMAND: POST /session/3e4ceb57b36163f530f5479f57478588/execute/async - {"script":"<script> [1562 bytes]","args":[{"selector":{"id":"application-manageyards-display-component---NewYard--addressNewCostObjectCstID-vhi"},"wdio_ui5_key":"applicationmanageyards-display-component---NewYard--addressNewCostObjectCstID-vhi"}]}
COMMAND: GET /session/3e4ceb57b36163f530f5479f57478588/screenshot - {}
RESULT: {"script":"<script> [1562 bytes]","args":[{"selector":{"id":"application-manageyards-display-component---NewYard--addressNewCostObjectCstID-vhi"},"wdio_ui5_key":"applicationmanageyards-display-component---NewYard--addressNewCostObjectCstID-vhi"}]}
RESULT: undefined
COMMAND: POST /session/3e4ceb57b36163f530f5479f57478588/element - {"using":"xpath","value":"//*[@id=\"application-manageyards-display-component---NewYard--addressNewCostObjectCstID-vhi\"]"}
RESULT: {}
RESULT: {"using":"xpath","value":"//*[@id=\"application-manageyards-display-component---NewYard--addressNewCostObjectCstID-vhi\"]"}
COMMAND: POST /session/3e4ceb57b36163f530f5479f57478588/element/f.504C58434384A4EE898B1C568961733A.d.CBE3052A6EC5748390285A7953547AFE.e.626/click - {}
RESULT: {}
COMMAND: GET /session/3e4ceb57b36163f530f5479f57478588/screenshot - {}
RESULT: {}
COMMAND: POST /session/3e4ceb57b36163f530f5479f57478588/execute/async - {"script":"<script> [1562 bytes]","args":[{"selector":{"controlType":"sap.m.SearchField","properties":{"placeholder":"Search"},"searchOpenDialogs":true,"interaction":{"idSuffix":"I"}},"wdio_ui5_key":"sapm.SearchField{\"placeholder\":\"Search\"}"}]}
RESULT: {"script":"<script> [1562 bytes]","args":[{"selector":{"controlType":"sap.m.SearchField","properties":{"placeholder":"Search"},"searchOpenDialogs":true,"interaction":{"idSuffix":"I"}},"wdio_ui5_key":"sapm.SearchField{\"placeholder\":\"Search\"}"}]}
RESULT: undefined
COMMAND: POST /session/3e4ceb57b36163f530f5479f57478588/execute/async - {"script":"<script> [776 bytes]","args":[{"enterText":"10001013","selector":{"controlType":"sap.m.SearchField","properties":{"placeholder":"Search"},"searchOpenDialogs":true,"interaction":{"idSuffix":"I"}},"clearTextFirst":true,"interactionType":"ENTER_TEXT"}]}
RESULT: {"script":"<script> [776 bytes]","args":[{"enterText":"10001013","selector":{"controlType":"sap.m.SearchField","properties":{"placeholder":"Search"},"searchOpenDialogs":true,"interaction":{"idSuffix":"I"}},"clearTextFirst":true,"interactionType":"ENTER_TEXT"}]}
COMMAND: POST /session/3e4ceb57b36163f530f5479f57478588/actions - {"actions":[{"id":"action1","type":"key","parameters":{},"actions":[{"type":"keyDown","value":""},{"type":"pause","duration":10},{"type":"keyUp","value":""}]}]}
RESULT: {"actions":[{"id":"action1","type":"key","parameters":{},"actions":[{"type":"keyDown","value":""},{"type":"pause","duration":10},{"type":"keyUp","value":""}]}]}
COMMAND: GET /session/3e4ceb57b36163f530f5479f57478588/screenshot - {}
RESULT: {}
COMMAND: POST /session/3e4ceb57b36163f530f5479f57478588/element - {"using":"xpath","value":"//span[contains(text(), \"General Management\")]"}
RESULT: {"using":"xpath","value":"//span[contains(text(), \"General Management\")]"}
COMMAND: POST /session/3e4ceb57b36163f530f5479f57478588/element/f.504C58434384A4EE898B1C568961733A.d.CBE3052A6EC5748390285A7953547AFE.e.668/click - {}
RESULT: {}
COMMAND: GET /session/3e4ceb57b36163f530f5479f57478588/screenshot - {}
RESULT: {}
COMMAND: POST /session/3e4ceb57b36163f530f5479f57478588/element - {"using":"xpath","value":"//bdi[contains(text(), \"OK\")]"}
RESULT: {"using":"xpath","value":"//bdi[contains(text(), \"OK\")]"}
COMMAND: POST /session/3e4ceb57b36163f530f5479f57478588/element/f.504C58434384A4EE898B1C568961733A.d.CBE3052A6EC5748390285A7953547AFE.e.669/click - {}
RESULT: {}
COMMAND: GET /session/3e4ceb57b36163f530f5479f57478588/screenshot - {}
RESULT: {}
COMMAND: POST /session/3e4ceb57b36163f530f5479f57478588/execute/async - {"script":"<script> [1562 bytes]","args":[{"selector":{"id":"application-manageyards-display-component---NewYard--addressEditDetailsCurrency-arrow"},"wdio_ui5_key":"applicationmanageyards-display-component---NewYard--addressEditDetailsCurrency-arrow"}]}
RESULT: {"script":"<script> [1562 bytes]","args":[{"selector":{"id":"application-manageyards-display-component---NewYard--addressEditDetailsCurrency-arrow"},"wdio_ui5_key":"applicationmanageyards-display-component---NewYard--addressEditDetailsCurrency-arrow"}]}
RESULT: undefined
COMMAND: POST /session/3e4ceb57b36163f530f5479f57478588/element - {"using":"xpath","value":"//*[@id=\"application-manageyards-display-component---NewYard--addressEditDetailsCurrency-arrow\"]"}
RESULT: {"using":"xpath","value":"//*[@id=\"application-manageyards-display-component---NewYard--addressEditDetailsCurrency-arrow\"]"}
COMMAND: POST /session/3e4ceb57b36163f530f5479f57478588/element/f.504C58434384A4EE898B1C568961733A.d.CBE3052A6EC5748390285A7953547AFE.e.672/click - {}
RESULT: {}
COMMAND: POST /session/3e4ceb57b36163f530f5479f57478588/element - {"using":"xpath","value":"//span[contains(text(), \"Euro\")]"}
COMMAND: GET /session/3e4ceb57b36163f530f5479f57478588/screenshot - {}
RESULT: {"using":"xpath","value":"//span[contains(text(), \"Euro\")]"}
COMMAND: POST /session/3e4ceb57b36163f530f5479f57478588/element/f.504C58434384A4EE898B1C568961733A.d.CBE3052A6EC5748390285A7953547AFE.e.673/click - {}
RESULT: {}
RESULT: {}
COMMAND: POST /session/3e4ceb57b36163f530f5479f57478588/execute/async - {"script":"<script> [1562 bytes]","args":[{"selector":{"controlType":"sap.m.Input","viewName":"etm.portal.ui.manageyards.view.New","viewId":"application-manageyards-display-component---NewYard","bindingPath":{"path":"","propertyPath":"/CONTROLLING_AREA","modelName":"NewYardModel"},"interaction":{"idSuffix":"inner"}},"wdio_ui5_key":"etmportal.ui.manageyards.view.Newsap.m.Input{\"path\":\"\",\"propertyPath\":\"/CONTROLLING_AREA\",\"modelName\":\"NewYardModel\"}"}]}
COMMAND: GET /session/3e4ceb57b36163f530f5479f57478588/screenshot - {}
RESULT: {"script":"<script> [1562 bytes]","args":[{"selector":{"controlType":"sap.m.Input","viewName":"etm.portal.ui.manageyards.view.New","viewId":"application-manageyards-display-component---NewYard","bindingPath":{"path":"","propertyPath":"/CONTROLLING_AREA","modelName":"NewYardModel"},"interaction":{"idSuffix":"inner"}},"wdio_ui5_key":"etmportal.ui.manageyards.view.Newsap.m.Input{\"path\":\"\",\"propertyPath\":\"/CONTROLLING_AREA\",\"modelName\":\"NewYardModel\"}"}]}
RESULT: undefined
COMMAND: POST /session/3e4ceb57b36163f530f5479f57478588/execute/async - {"script":"<script> [776 bytes]","args":[{"enterText":"Z001","selector":{"controlType":"sap.m.Input","viewName":"etm.portal.ui.manageyards.view.New","viewId":"application-manageyards-display-component---NewYard","bindingPath":{"path":"","propertyPath":"/CONTROLLING_AREA","modelName":"NewYardModel"},"interaction":{"idSuffix":"inner"}},"clearTextFirst":true,"interactionType":"ENTER_TEXT"}]}
RESULT: {}
RESULT: {"script":"<script> [776 bytes]","args":[{"enterText":"Z001","selector":{"controlType":"sap.m.Input","viewName":"etm.portal.ui.manageyards.view.New","viewId":"application-manageyards-display-component---NewYard","bindingPath":{"path":"","propertyPath":"/CONTROLLING_AREA","modelName":"NewYardModel"},"interaction":{"idSuffix":"inner"}},"clearTextFirst":true,"interactionType":"ENTER_TEXT"}]}
COMMAND: POST /session/3e4ceb57b36163f530f5479f57478588/execute/async - {"script":"<script> [1562 bytes]","args":[{"selector":{"id":"application-manageyards-display-component---NewYard--companyCodeComboBox","interaction":{"idSuffix":"inner"}},"wdio_ui5_key":"applicationmanageyards-display-component---NewYard--companyCodeComboBox"}]}
RESULT: {"script":"<script> [1562 bytes]","args":[{"selector":{"id":"application-manageyards-display-component---NewYard--companyCodeComboBox","interaction":{"idSuffix":"inner"}},"wdio_ui5_key":"applicationmanageyards-display-component---NewYard--companyCodeComboBox"}]}
RESULT: undefined
COMMAND: POST /session/3e4ceb57b36163f530f5479f57478588/execute/async - {"script":"<script> [776 bytes]","args":[{"enterText":"1000","selector":{"id":"application-manageyards-display-component---NewYard--companyCodeComboBox","interaction":{"idSuffix":"inner"}},"clearTextFirst":true,"interactionType":"ENTER_TEXT"}]}
RESULT: {"script":"<script> [776 bytes]","args":[{"enterText":"1000","selector":{"id":"application-manageyards-display-component---NewYard--companyCodeComboBox","interaction":{"idSuffix":"inner"}},"clearTextFirst":true,"interactionType":"ENTER_TEXT"}]}
COMMAND: POST /session/3e4ceb57b36163f530f5479f57478588/execute/async - {"script":"<script> [1562 bytes]","args":[{"selector":{"controlType":"sap.m.Input","viewName":"etm.portal.ui.manageyards.view.New","viewId":"application-manageyards-display-component---NewYard","bindingPath":{"path":"","propertyPath":"/PLANT","modelName":"NewYardModel"},"interaction":{"idSuffix":"inner"}},"wdio_ui5_key":"etmportal.ui.manageyards.view.Newsap.m.Input{\"path\":\"\",\"propertyPath\":\"/PLANT\",\"modelName\":\"NewYardModel\"}"}]}
RESULT: {"script":"<script> [1562 bytes]","args":[{"selector":{"controlType":"sap.m.Input","viewName":"etm.portal.ui.manageyards.view.New","viewId":"application-manageyards-display-component---NewYard","bindingPath":{"path":"","propertyPath":"/PLANT","modelName":"NewYardModel"},"interaction":{"idSuffix":"inner"}},"wdio_ui5_key":"etmportal.ui.manageyards.view.Newsap.m.Input{\"path\":\"\",\"propertyPath\":\"/PLANT\",\"modelName\":\"NewYardModel\"}"}]}
RESULT: undefined
COMMAND: POST /session/3e4ceb57b36163f530f5479f57478588/execute/async - {"script":"<script> [776 bytes]","args":[{"enterText":"1001","selector":{"controlType":"sap.m.Input","viewName":"etm.portal.ui.manageyards.view.New","viewId":"application-manageyards-display-component---NewYard","bindingPath":{"path":"","propertyPath":"/PLANT","modelName":"NewYardModel"},"interaction":{"idSuffix":"inner"}},"clearTextFirst":true,"interactionType":"ENTER_TEXT"}]}
RESULT: {"script":"<script> [776 bytes]","args":[{"enterText":"1001","selector":{"controlType":"sap.m.Input","viewName":"etm.portal.ui.manageyards.view.New","viewId":"application-manageyards-display-component---NewYard","bindingPath":{"path":"","propertyPath":"/PLANT","modelName":"NewYardModel"},"interaction":{"idSuffix":"inner"}},"clearTextFirst":true,"interactionType":"ENTER_TEXT"}]}
COMMAND: POST /session/3e4ceb57b36163f530f5479f57478588/execute/async - {"script":"<script> [1562 bytes]","args":[{"selector":{"controlType":"sap.m.Input","viewName":"etm.portal.ui.manageyards.view.New","viewId":"application-manageyards-display-component---NewYard","bindingPath":{"path":"","propertyPath":"/SALES_AREA_VKORG","modelName":"NewYardModel"},"interaction":{"idSuffix":"inner"}},"wdio_ui5_key":"etmportal.ui.manageyards.view.Newsap.m.Input{\"path\":\"\",\"propertyPath\":\"/SALES_AREA_VKORG\",\"modelName\":\"NewYardModel\"}"}]}
RESULT: {"script":"<script> [1562 bytes]","args":[{"selector":{"controlType":"sap.m.Input","viewName":"etm.portal.ui.manageyards.view.New","viewId":"application-manageyards-display-component---NewYard","bindingPath":{"path":"","propertyPath":"/SALES_AREA_VKORG","modelName":"NewYardModel"},"interaction":{"idSuffix":"inner"}},"wdio_ui5_key":"etmportal.ui.manageyards.view.Newsap.m.Input{\"path\":\"\",\"propertyPath\":\"/SALES_AREA_VKORG\",\"modelName\":\"NewYardModel\"}"}]}
RESULT: undefined
COMMAND: POST /session/3e4ceb57b36163f530f5479f57478588/execute/async - {"script":"<script> [776 bytes]","args":[{"enterText":"C002","selector":{"controlType":"sap.m.Input","viewName":"etm.portal.ui.manageyards.view.New","viewId":"application-manageyards-display-component---NewYard","bindingPath":{"path":"","propertyPath":"/SALES_AREA_VKORG","modelName":"NewYardModel"},"interaction":{"idSuffix":"inner"}},"clearTextFirst":true,"interactionType":"ENTER_TEXT"}]}
RESULT: {"script":"<script> [776 bytes]","args":[{"enterText":"C002","selector":{"controlType":"sap.m.Input","viewName":"etm.portal.ui.manageyards.view.New","viewId":"application-manageyards-display-component---NewYard","bindingPath":{"path":"","propertyPath":"/SALES_AREA_VKORG","modelName":"NewYardModel"},"interaction":{"idSuffix":"inner"}},"clearTextFirst":true,"interactionType":"ENTER_TEXT"}]}
COMMAND: POST /session/3e4ceb57b36163f530f5479f57478588/execute/async - {"script":"<script> [1562 bytes]","args":[{"selector":{"controlType":"sap.m.Input","viewName":"etm.portal.ui.manageyards.view.New","viewId":"application-manageyards-display-component---NewYard","bindingPath":{"path":"","propertyPath":"/SALES_AREA_VTWEG","modelName":"NewYardModel"},"interaction":{"idSuffix":"inner"}},"wdio_ui5_key":"etmportal.ui.manageyards.view.Newsap.m.Input{\"path\":\"\",\"propertyPath\":\"/SALES_AREA_VTWEG\",\"modelName\":\"NewYardModel\"}"}]}
RESULT: {"script":"<script> [1562 bytes]","args":[{"selector":{"controlType":"sap.m.Input","viewName":"etm.portal.ui.manageyards.view.New","viewId":"application-manageyards-display-component---NewYard","bindingPath":{"path":"","propertyPath":"/SALES_AREA_VTWEG","modelName":"NewYardModel"},"interaction":{"idSuffix":"inner"}},"wdio_ui5_key":"etmportal.ui.manageyards.view.Newsap.m.Input{\"path\":\"\",\"propertyPath\":\"/SALES_AREA_VTWEG\",\"modelName\":\"NewYardModel\"}"}]}
RESULT: undefined
COMMAND: POST /session/3e4ceb57b36163f530f5479f57478588/execute/async - {"script":"<script> [776 bytes]","args":[{"enterText":"C2","selector":{"controlType":"sap.m.Input","viewName":"etm.portal.ui.manageyards.view.New","viewId":"application-manageyards-display-component---NewYard","bindingPath":{"path":"","propertyPath":"/SALES_AREA_VTWEG","modelName":"NewYardModel"},"interaction":{"idSuffix":"inner"}},"clearTextFirst":true,"interactionType":"ENTER_TEXT"}]}
RESULT: {"script":"<script> [776 bytes]","args":[{"enterText":"C2","selector":{"controlType":"sap.m.Input","viewName":"etm.portal.ui.manageyards.view.New","viewId":"application-manageyards-display-component---NewYard","bindingPath":{"path":"","propertyPath":"/SALES_AREA_VTWEG","modelName":"NewYardModel"},"interaction":{"idSuffix":"inner"}},"clearTextFirst":true,"interactionType":"ENTER_TEXT"}]}
COMMAND: POST /session/3e4ceb57b36163f530f5479f57478588/execute/async - {"script":"<script> [1562 bytes]","args":[{"selector":{"controlType":"sap.m.Input","viewName":"etm.portal.ui.manageyards.view.New","viewId":"application-manageyards-display-component---NewYard","bindingPath":{"path":"","propertyPath":"/SALES_AREA_SPART","modelName":"NewYardModel"},"interaction":{"idSuffix":"inner"}},"wdio_ui5_key":"etmportal.ui.manageyards.view.Newsap.m.Input{\"path\":\"\",\"propertyPath\":\"/SALES_AREA_SPART\",\"modelName\":\"NewYardModel\"}"}]}
RESULT: {"script":"<script> [1562 bytes]","args":[{"selector":{"controlType":"sap.m.Input","viewName":"etm.portal.ui.manageyards.view.New","viewId":"application-manageyards-display-component---NewYard","bindingPath":{"path":"","propertyPath":"/SALES_AREA_SPART","modelName":"NewYardModel"},"interaction":{"idSuffix":"inner"}},"wdio_ui5_key":"etmportal.ui.manageyards.view.Newsap.m.Input{\"path\":\"\",\"propertyPath\":\"/SALES_AREA_SPART\",\"modelName\":\"NewYardModel\"}"}]}
RESULT: undefined
COMMAND: POST /session/3e4ceb57b36163f530f5479f57478588/execute/async - {"script":"<script> [776 bytes]","args":[{"enterText":"C2","selector":{"controlType":"sap.m.Input","viewName":"etm.portal.ui.manageyards.view.New","viewId":"application-manageyards-display-component---NewYard","bindingPath":{"path":"","propertyPath":"/SALES_AREA_SPART","modelName":"NewYardModel"},"interaction":{"idSuffix":"inner"}},"clearTextFirst":true,"interactionType":"ENTER_TEXT"}]}
RESULT: {"script":"<script> [776 bytes]","args":[{"enterText":"C2","selector":{"controlType":"sap.m.Input","viewName":"etm.portal.ui.manageyards.view.New","viewId":"application-manageyards-display-component---NewYard","bindingPath":{"path":"","propertyPath":"/SALES_AREA_SPART","modelName":"NewYardModel"},"interaction":{"idSuffix":"inner"}},"clearTextFirst":true,"interactionType":"ENTER_TEXT"}]}
COMMAND: POST /session/3e4ceb57b36163f530f5479f57478588/execute/async - {"script":"<script> [1562 bytes]","args":[{"selector":{"controlType":"sap.m.Input","viewName":"etm.portal.ui.manageyards.view.New","viewId":"application-manageyards-display-component---NewYard","bindingPath":{"path":"","propertyPath":"/SHIP_POINT","modelName":"NewYardModel"},"interaction":{"idSuffix":"inner"}},"wdio_ui5_key":"etmportal.ui.manageyards.view.Newsap.m.Input{\"path\":\"\",\"propertyPath\":\"/SHIP_POINT\",\"modelName\":\"NewYardModel\"}"}]}
RESULT: {"script":"<script> [1562 bytes]","args":[{"selector":{"controlType":"sap.m.Input","viewName":"etm.portal.ui.manageyards.view.New","viewId":"application-manageyards-display-component---NewYard","bindingPath":{"path":"","propertyPath":"/SHIP_POINT","modelName":"NewYardModel"},"interaction":{"idSuffix":"inner"}},"wdio_ui5_key":"etmportal.ui.manageyards.view.Newsap.m.Input{\"path\":\"\",\"propertyPath\":\"/SHIP_POINT\",\"modelName\":\"NewYardModel\"}"}]}
RESULT: undefined
COMMAND: POST /session/3e4ceb57b36163f530f5479f57478588/execute/async - {"script":"<script> [776 bytes]","args":[{"enterText":"1710","selector":{"controlType":"sap.m.Input","viewName":"etm.portal.ui.manageyards.view.New","viewId":"application-manageyards-display-component---NewYard","bindingPath":{"path":"","propertyPath":"/SHIP_POINT","modelName":"NewYardModel"},"interaction":{"idSuffix":"inner"}},"clearTextFirst":true,"interactionType":"ENTER_TEXT"}]}
RESULT: {"script":"<script> [776 bytes]","args":[{"enterText":"1710","selector":{"controlType":"sap.m.Input","viewName":"etm.portal.ui.manageyards.view.New","viewId":"application-manageyards-display-component---NewYard","bindingPath":{"path":"","propertyPath":"/SHIP_POINT","modelName":"NewYardModel"},"interaction":{"idSuffix":"inner"}},"clearTextFirst":true,"interactionType":"ENTER_TEXT"}]}
COMMAND: POST /session/3e4ceb57b36163f530f5479f57478588/execute/async - {"script":"<script> [1562 bytes]","args":[{"selector":{"controlType":"sap.m.Input","viewName":"etm.portal.ui.manageyards.view.New","viewId":"application-manageyards-display-component---NewYard","bindingPath":{"path":"","propertyPath":"/DELIVERY_TYPE","modelName":"NewYardModel"},"interaction":{"idSuffix":"inner"}},"wdio_ui5_key":"etmportal.ui.manageyards.view.Newsap.m.Input{\"path\":\"\",\"propertyPath\":\"/DELIVERY_TYPE\",\"modelName\":\"NewYardModel\"}"}]}
RESULT: {"script":"<script> [1562 bytes]","args":[{"selector":{"controlType":"sap.m.Input","viewName":"etm.portal.ui.manageyards.view.New","viewId":"application-manageyards-display-component---NewYard","bindingPath":{"path":"","propertyPath":"/DELIVERY_TYPE","modelName":"NewYardModel"},"interaction":{"idSuffix":"inner"}},"wdio_ui5_key":"etmportal.ui.manageyards.view.Newsap.m.Input{\"path\":\"\",\"propertyPath\":\"/DELIVERY_TYPE\",\"modelName\":\"NewYardModel\"}"}]}
RESULT: undefined
COMMAND: POST /session/3e4ceb57b36163f530f5479f57478588/execute/async - {"script":"<script> [776 bytes]","args":[{"enterText":"ZL01","selector":{"controlType":"sap.m.Input","viewName":"etm.portal.ui.manageyards.view.New","viewId":"application-manageyards-display-component---NewYard","bindingPath":{"path":"","propertyPath":"/DELIVERY_TYPE","modelName":"NewYardModel"},"interaction":{"idSuffix":"inner"}},"clearTextFirst":true,"interactionType":"ENTER_TEXT"}]}
RESULT: {"script":"<script> [776 bytes]","args":[{"enterText":"ZL01","selector":{"controlType":"sap.m.Input","viewName":"etm.portal.ui.manageyards.view.New","viewId":"application-manageyards-display-component---NewYard","bindingPath":{"path":"","propertyPath":"/DELIVERY_TYPE","modelName":"NewYardModel"},"interaction":{"idSuffix":"inner"}},"clearTextFirst":true,"interactionType":"ENTER_TEXT"}]}
COMMAND: POST /session/3e4ceb57b36163f530f5479f57478588/execute/async - {"script":"<script> [1562 bytes]","args":[{"selector":{"controlType":"sap.m.Input","viewName":"etm.portal.ui.manageyards.view.New","viewId":"application-manageyards-display-component---NewYard","bindingPath":{"path":"","propertyPath":"/AUART","modelName":"NewYardModel"},"interaction":{"idSuffix":"inner"}},"wdio_ui5_key":"etmportal.ui.manageyards.view.Newsap.m.Input{\"path\":\"\",\"propertyPath\":\"/AUART\",\"modelName\":\"NewYardModel\"}"}]}
RESULT: {"script":"<script> [1562 bytes]","args":[{"selector":{"controlType":"sap.m.Input","viewName":"etm.portal.ui.manageyards.view.New","viewId":"application-manageyards-display-component---NewYard","bindingPath":{"path":"","propertyPath":"/AUART","modelName":"NewYardModel"},"interaction":{"idSuffix":"inner"}},"wdio_ui5_key":"etmportal.ui.manageyards.view.Newsap.m.Input{\"path\":\"\",\"propertyPath\":\"/AUART\",\"modelName\":\"NewYardModel\"}"}]}
RESULT: undefined
COMMAND: POST /session/3e4ceb57b36163f530f5479f57478588/execute/async - {"script":"<script> [776 bytes]","args":[{"enterText":"TA","selector":{"controlType":"sap.m.Input","viewName":"etm.portal.ui.manageyards.view.New","viewId":"application-manageyards-display-component---NewYard","bindingPath":{"path":"","propertyPath":"/AUART","modelName":"NewYardModel"},"interaction":{"idSuffix":"inner"}},"clearTextFirst":true,"interactionType":"ENTER_TEXT"}]}
RESULT: {"script":"<script> [776 bytes]","args":[{"enterText":"TA","selector":{"controlType":"sap.m.Input","viewName":"etm.portal.ui.manageyards.view.New","viewId":"application-manageyards-display-component---NewYard","bindingPath":{"path":"","propertyPath":"/AUART","modelName":"NewYardModel"},"interaction":{"idSuffix":"inner"}},"clearTextFirst":true,"interactionType":"ENTER_TEXT"}]}
COMMAND: POST /session/3e4ceb57b36163f530f5479f57478588/element - {"using":"xpath","value":"//button[@data-kt=\"newYardSaveButton\"]"}
RESULT: {"using":"xpath","value":"//button[@data-kt=\"newYardSaveButton\"]"}
COMMAND: POST /session/3e4ceb57b36163f530f5479f57478588/element/f.504C58434384A4EE898B1C568961733A.d.CBE3052A6EC5748390285A7953547AFE.e.597/click - {}
RESULT: {}
COMMAND: GET /session/3e4ceb57b36163f530f5479f57478588/screenshot - {}
RESULT: {}
COMMAND: POST /session/3e4ceb57b36163f530f5479f57478588/element - {"using":"xpath","value":"//header[contains(@id, 'ObjectPageLayout-headerTitle')]/div[1]/div[2]/div[1]/span[1]"}
RESULT: {"using":"xpath","value":"//header[contains(@id, 'ObjectPageLayout-headerTitle')]/div[1]/div[2]/div[1]/span[1]"}
COMMAND: POST /session/3e4ceb57b36163f530f5479f57478588/elements - {"using":"xpath","value":"//header[contains(@id, 'ObjectPageLayout-headerTitle')]/div[1]/div[2]/div[1]/span[1]"}
RESULT: {"using":"xpath","value":"//header[contains(@id, 'ObjectPageLayout-headerTitle')]/div[1]/div[2]/div[1]/span[1]"}
COMMAND: POST /session/3e4ceb57b36163f530f5479f57478588/execute/sync - {"script":"<script> [56 bytes]","args":[{"element-6066-11e4-a52e-4f735466cecf":"f.504C58434384A4EE898B1C568961733A.d.CBE3052A6EC5748390285A7953547AFE.e.897","ELEMENT":"f.504C58434384A4EE898B1C568961733A.d.CBE3052A6EC5748390285A7953547AFE.e.897"}]}
RESULT: {"script":"<script> [56 bytes]","args":[{"element-6066-11e4-a52e-4f735466cecf":"f.504C58434384A4EE898B1C568961733A.d.CBE3052A6EC5748390285A7953547AFE.e.897","ELEMENT":"f.504C58434384A4EE898B1C568961733A.d.CBE3052A6EC5748390285A7953547AFE.e.897"}]}
COMMAND: GET /session/3e4ceb57b36163f530f5479f57478588/screenshot - {}
RESULT: {}
COMMAND: POST /session/3e4ceb57b36163f530f5479f57478588/element - {"using":"css selector","value":"#shell-header-logo"}
RESULT: {"using":"css selector","value":"#shell-header-logo"}
COMMAND: POST /session/3e4ceb57b36163f530f5479f57478588/element/f.504C58434384A4EE898B1C568961733A.d.CBE3052A6EC5748390285A7953547AFE.e.148/click - {}
RESULT: {}
COMMAND: GET /session/3e4ceb57b36163f530f5479f57478588/screenshot - {}
RESULT: {}
]]></system-out>
    </testcase>
    <testcase classname="chrome.135_0_7049_42.windows.Billing_Transfer_-_Master_data_&amp;_Intercompany_US127250" name="Should create a new partner" time="113.249">
      <system-out><![CDATA[
COMMAND: POST /session/3e4ceb57b36163f530f5479f57478588/window/fullscreen - {}
RESULT: {}
COMMAND: POST /session/3e4ceb57b36163f530f5479f57478588/execute/async - {"script":"<script> [1562 bytes]","args":[{"selector":{"controlType":"sap.m.GenericTile","properties":{"header":"Manage Partners"}},"wdio_ui5_key":"sapm.GenericTile{\"header\":\"Manage Partners\"}"}]}
RESULT: {"script":"<script> [1562 bytes]","args":[{"selector":{"controlType":"sap.m.GenericTile","properties":{"header":"Manage Partners"}},"wdio_ui5_key":"sapm.GenericTile{\"header\":\"Manage Partners\"}"}]}
RESULT: undefined
COMMAND: POST /session/3e4ceb57b36163f530f5479f57478588/element - {"using":"xpath","value":"//*[@id=\"__tile38\"]"}
RESULT: {"using":"xpath","value":"//*[@id=\"__tile38\"]"}
COMMAND: POST /session/3e4ceb57b36163f530f5479f57478588/element/f.504C58434384A4EE898B1C568961733A.d.CBE3052A6EC5748390285A7953547AFE.e.900/click - {}
RESULT: {}
COMMAND: POST /session/3e4ceb57b36163f530f5479f57478588/element - {"using":"xpath","value":"//button[@data-kt=\"addButton\"]"}
COMMAND: GET /session/3e4ceb57b36163f530f5479f57478588/screenshot - {}
RESULT: {"using":"xpath","value":"//button[@data-kt=\"addButton\"]"}
COMMAND: POST /session/3e4ceb57b36163f530f5479f57478588/elements - {"using":"xpath","value":"//button[@data-kt=\"addButton\"]"}
RESULT: {}
RESULT: {"using":"xpath","value":"//button[@data-kt=\"addButton\"]"}
COMMAND: POST /session/3e4ceb57b36163f530f5479f57478588/elements - {"using":"xpath","value":"//button[@data-kt=\"addButton\"]"}
RESULT: {"using":"xpath","value":"//button[@data-kt=\"addButton\"]"}
COMMAND: POST /session/3e4ceb57b36163f530f5479f57478588/elements - {"using":"xpath","value":"//button[@data-kt=\"addButton\"]"}
RESULT: {"using":"xpath","value":"//button[@data-kt=\"addButton\"]"}
COMMAND: POST /session/3e4ceb57b36163f530f5479f57478588/elements - {"using":"xpath","value":"//button[@data-kt=\"addButton\"]"}
RESULT: {"using":"xpath","value":"//button[@data-kt=\"addButton\"]"}
COMMAND: POST /session/3e4ceb57b36163f530f5479f57478588/elements - {"using":"xpath","value":"//button[@data-kt=\"addButton\"]"}
RESULT: {"using":"xpath","value":"//button[@data-kt=\"addButton\"]"}
COMMAND: POST /session/3e4ceb57b36163f530f5479f57478588/elements - {"using":"xpath","value":"//button[@data-kt=\"addButton\"]"}
RESULT: {"using":"xpath","value":"//button[@data-kt=\"addButton\"]"}
COMMAND: POST /session/3e4ceb57b36163f530f5479f57478588/elements - {"using":"xpath","value":"//button[@data-kt=\"addButton\"]"}
RESULT: {"using":"xpath","value":"//button[@data-kt=\"addButton\"]"}
COMMAND: POST /session/3e4ceb57b36163f530f5479f57478588/elements - {"using":"xpath","value":"//button[@data-kt=\"addButton\"]"}
RESULT: {"using":"xpath","value":"//button[@data-kt=\"addButton\"]"}
COMMAND: POST /session/3e4ceb57b36163f530f5479f57478588/elements - {"using":"xpath","value":"//button[@data-kt=\"addButton\"]"}
RESULT: {"using":"xpath","value":"//button[@data-kt=\"addButton\"]"}
COMMAND: POST /session/3e4ceb57b36163f530f5479f57478588/elements - {"using":"xpath","value":"//button[@data-kt=\"addButton\"]"}
RESULT: {"using":"xpath","value":"//button[@data-kt=\"addButton\"]"}
COMMAND: POST /session/3e4ceb57b36163f530f5479f57478588/elements - {"using":"xpath","value":"//button[@data-kt=\"addButton\"]"}
RESULT: {"using":"xpath","value":"//button[@data-kt=\"addButton\"]"}
COMMAND: POST /session/3e4ceb57b36163f530f5479f57478588/elements - {"using":"xpath","value":"//button[@data-kt=\"addButton\"]"}
RESULT: {"using":"xpath","value":"//button[@data-kt=\"addButton\"]"}
COMMAND: POST /session/3e4ceb57b36163f530f5479f57478588/elements - {"using":"xpath","value":"//button[@data-kt=\"addButton\"]"}
RESULT: {"using":"xpath","value":"//button[@data-kt=\"addButton\"]"}
COMMAND: POST /session/3e4ceb57b36163f530f5479f57478588/element - {"using":"xpath","value":"//button[@data-kt=\"addButton\"]"}
RESULT: {"using":"xpath","value":"//button[@data-kt=\"addButton\"]"}
COMMAND: POST /session/3e4ceb57b36163f530f5479f57478588/execute/sync - {"script":"<script> [8489 bytes]","args":[{"element-6066-11e4-a52e-4f735466cecf":"f.504C58434384A4EE898B1C568961733A.d.CBE3052A6EC5748390285A7953547AFE.e.947","ELEMENT":"f.504C58434384A4EE898B1C568961733A.d.CBE3052A6EC5748390285A7953547AFE.e.947"}]}
RESULT: {"script":"<script> [8489 bytes]","args":[{"element-6066-11e4-a52e-4f735466cecf":"f.504C58434384A4EE898B1C568961733A.d.CBE3052A6EC5748390285A7953547AFE.e.947","ELEMENT":"f.504C58434384A4EE898B1C568961733A.d.CBE3052A6EC5748390285A7953547AFE.e.947"}]}
COMMAND: GET /session/3e4ceb57b36163f530f5479f57478588/element/f.504C58434384A4EE898B1C568961733A.d.CBE3052A6EC5748390285A7953547AFE.e.947/enabled - {}
COMMAND: GET /session/3e4ceb57b36163f530f5479f57478588/screenshot - {}
RESULT: {}
COMMAND: POST /session/3e4ceb57b36163f530f5479f57478588/execute/sync - {"script":"<script> [8489 bytes]","args":[{"element-6066-11e4-a52e-4f735466cecf":"f.504C58434384A4EE898B1C568961733A.d.CBE3052A6EC5748390285A7953547AFE.e.947","ELEMENT":"f.504C58434384A4EE898B1C568961733A.d.CBE3052A6EC5748390285A7953547AFE.e.947"}]}
COMMAND: GET /session/3e4ceb57b36163f530f5479f57478588/screenshot - {}
RESULT: {}
RESULT: {"script":"<script> [8489 bytes]","args":[{"element-6066-11e4-a52e-4f735466cecf":"f.504C58434384A4EE898B1C568961733A.d.CBE3052A6EC5748390285A7953547AFE.e.947","ELEMENT":"f.504C58434384A4EE898B1C568961733A.d.CBE3052A6EC5748390285A7953547AFE.e.947"}]}
COMMAND: POST /session/3e4ceb57b36163f530f5479f57478588/execute/sync - {"script":"<script> [5351 bytes]","args":[{"element-6066-11e4-a52e-4f735466cecf":"f.504C58434384A4EE898B1C568961733A.d.CBE3052A6EC5748390285A7953547AFE.e.947","ELEMENT":"f.504C58434384A4EE898B1C568961733A.d.CBE3052A6EC5748390285A7953547AFE.e.947"}]}
COMMAND: GET /session/3e4ceb57b36163f530f5479f57478588/screenshot - {}
RESULT: {}
RESULT: {"script":"<script> [5351 bytes]","args":[{"element-6066-11e4-a52e-4f735466cecf":"f.504C58434384A4EE898B1C568961733A.d.CBE3052A6EC5748390285A7953547AFE.e.947","ELEMENT":"f.504C58434384A4EE898B1C568961733A.d.CBE3052A6EC5748390285A7953547AFE.e.947"}]}
COMMAND: POST /session/3e4ceb57b36163f530f5479f57478588/element/f.504C58434384A4EE898B1C568961733A.d.CBE3052A6EC5748390285A7953547AFE.e.947/click - {}
COMMAND: GET /session/3e4ceb57b36163f530f5479f57478588/screenshot - {}
RESULT: {}
RESULT: {}
COMMAND: GET /session/3e4ceb57b36163f530f5479f57478588/screenshot - {}
COMMAND: POST /session/3e4ceb57b36163f530f5479f57478588/execute/async - {"script":"<script> [1562 bytes]","args":[{"selector":{"id":"application-managepartners-display-component---NewPartner--addressDetailDetailsName1","interaction":{"idSuffix":"inner"}},"wdio_ui5_key":"applicationmanagepartners-display-component---NewPartner--addressDetailDetailsName1"}]}
RESULT: {}
RESULT: {}
RESULT: {"script":"<script> [1562 bytes]","args":[{"selector":{"id":"application-managepartners-display-component---NewPartner--addressDetailDetailsName1","interaction":{"idSuffix":"inner"}},"wdio_ui5_key":"applicationmanagepartners-display-component---NewPartner--addressDetailDetailsName1"}]}
RESULT: undefined
COMMAND: POST /session/3e4ceb57b36163f530f5479f57478588/execute/async - {"script":"<script> [776 bytes]","args":[{"enterText":"Intercompany Partner WDIO","selector":{"id":"application-managepartners-display-component---NewPartner--addressDetailDetailsName1","interaction":{"idSuffix":"inner"}},"clearTextFirst":true,"interactionType":"ENTER_TEXT"}]}
RESULT: {"script":"<script> [776 bytes]","args":[{"enterText":"Intercompany Partner WDIO","selector":{"id":"application-managepartners-display-component---NewPartner--addressDetailDetailsName1","interaction":{"idSuffix":"inner"}},"clearTextFirst":true,"interactionType":"ENTER_TEXT"}]}
COMMAND: POST /session/3e4ceb57b36163f530f5479f57478588/execute/async - {"script":"<script> [1562 bytes]","args":[{"selector":{"id":"application-managepartners-display-component---NewPartner--addressDetailDetailsLanguage-arrow"},"wdio_ui5_key":"applicationmanagepartners-display-component---NewPartner--addressDetailDetailsLanguage-arrow"}]}
RESULT: {"script":"<script> [1562 bytes]","args":[{"selector":{"id":"application-managepartners-display-component---NewPartner--addressDetailDetailsLanguage-arrow"},"wdio_ui5_key":"applicationmanagepartners-display-component---NewPartner--addressDetailDetailsLanguage-arrow"}]}
RESULT: undefined
COMMAND: POST /session/3e4ceb57b36163f530f5479f57478588/element - {"using":"xpath","value":"//*[@id=\"application-managepartners-display-component---NewPartner--addressDetailDetailsLanguage-arrow\"]"}
RESULT: {"using":"xpath","value":"//*[@id=\"application-managepartners-display-component---NewPartner--addressDetailDetailsLanguage-arrow\"]"}
COMMAND: POST /session/3e4ceb57b36163f530f5479f57478588/element/f.504C58434384A4EE898B1C568961733A.d.CBE3052A6EC5748390285A7953547AFE.e.1388/click - {}
RESULT: {}
COMMAND: POST /session/3e4ceb57b36163f530f5479f57478588/element - {"using":"xpath","value":"//span[contains(text(), \"English\")]"}
COMMAND: GET /session/3e4ceb57b36163f530f5479f57478588/screenshot - {}
RESULT: {"using":"xpath","value":"//span[contains(text(), \"English\")]"}
COMMAND: POST /session/3e4ceb57b36163f530f5479f57478588/element/f.504C58434384A4EE898B1C568961733A.d.CBE3052A6EC5748390285A7953547AFE.e.1389/click - {}
RESULT: {}
RESULT: {}
COMMAND: GET /session/3e4ceb57b36163f530f5479f57478588/screenshot - {}
RESULT: {}
COMMAND: POST /session/3e4ceb57b36163f530f5479f57478588/execute/async - {"script":"<script> [1562 bytes]","args":[{"selector":{"id":"application-managepartners-display-component---NewPartner--addressDetailDetailsCity1","interaction":{"idSuffix":"inner"}},"wdio_ui5_key":"applicationmanagepartners-display-component---NewPartner--addressDetailDetailsCity1"}]}
RESULT: {"script":"<script> [1562 bytes]","args":[{"selector":{"id":"application-managepartners-display-component---NewPartner--addressDetailDetailsCity1","interaction":{"idSuffix":"inner"}},"wdio_ui5_key":"applicationmanagepartners-display-component---NewPartner--addressDetailDetailsCity1"}]}
RESULT: undefined
COMMAND: POST /session/3e4ceb57b36163f530f5479f57478588/execute/async - {"script":"<script> [776 bytes]","args":[{"enterText":"Rosario","selector":{"id":"application-managepartners-display-component---NewPartner--addressDetailDetailsCity1","interaction":{"idSuffix":"inner"}},"clearTextFirst":true,"interactionType":"ENTER_TEXT"}]}
RESULT: {"script":"<script> [776 bytes]","args":[{"enterText":"Rosario","selector":{"id":"application-managepartners-display-component---NewPartner--addressDetailDetailsCity1","interaction":{"idSuffix":"inner"}},"clearTextFirst":true,"interactionType":"ENTER_TEXT"}]}
COMMAND: POST /session/3e4ceb57b36163f530f5479f57478588/execute/async - {"script":"<script> [1562 bytes]","args":[{"selector":{"id":"application-managepartners-display-component---NewPartner--addressDetailDetailsCountry-arrow"},"wdio_ui5_key":"applicationmanagepartners-display-component---NewPartner--addressDetailDetailsCountry-arrow"}]}
RESULT: {"script":"<script> [1562 bytes]","args":[{"selector":{"id":"application-managepartners-display-component---NewPartner--addressDetailDetailsCountry-arrow"},"wdio_ui5_key":"applicationmanagepartners-display-component---NewPartner--addressDetailDetailsCountry-arrow"}]}
RESULT: undefined
COMMAND: POST /session/3e4ceb57b36163f530f5479f57478588/element - {"using":"xpath","value":"//*[@id=\"application-managepartners-display-component---NewPartner--addressDetailDetailsCountry-arrow\"]"}
RESULT: {"using":"xpath","value":"//*[@id=\"application-managepartners-display-component---NewPartner--addressDetailDetailsCountry-arrow\"]"}
COMMAND: POST /session/3e4ceb57b36163f530f5479f57478588/element/f.504C58434384A4EE898B1C568961733A.d.CBE3052A6EC5748390285A7953547AFE.e.1352/click - {}
RESULT: {}
COMMAND: POST /session/3e4ceb57b36163f530f5479f57478588/element - {"using":"xpath","value":"//span[contains(text(), \"Argentina\")]"}
COMMAND: GET /session/3e4ceb57b36163f530f5479f57478588/screenshot - {}
RESULT: {"using":"xpath","value":"//span[contains(text(), \"Argentina\")]"}
COMMAND: POST /session/3e4ceb57b36163f530f5479f57478588/element/f.504C58434384A4EE898B1C568961733A.d.CBE3052A6EC5748390285A7953547AFE.e.1391/click - {}
RESULT: {}
RESULT: {}
COMMAND: GET /session/3e4ceb57b36163f530f5479f57478588/screenshot - {}
RESULT: {}
COMMAND: POST /session/3e4ceb57b36163f530f5479f57478588/element - {"using":"xpath","value":"//bdi[contains(text(), \"Commercial\")]"}
RESULT: {"using":"xpath","value":"//bdi[contains(text(), \"Commercial\")]"}
COMMAND: POST /session/3e4ceb57b36163f530f5479f57478588/element/f.504C58434384A4EE898B1C568961733A.d.CBE3052A6EC5748390285A7953547AFE.e.1392/click - {}
RESULT: {}
COMMAND: GET /session/3e4ceb57b36163f530f5479f57478588/screenshot - {}
RESULT: {}
COMMAND: POST /session/3e4ceb57b36163f530f5479f57478588/execute/async - {"script":"<script> [1562 bytes]","args":[{"selector":{"id":"application-managepartners-display-component---NewPartner--partnerDetailInternal-arrow"},"wdio_ui5_key":"applicationmanagepartners-display-component---NewPartner--partnerDetailInternal-arrow"}]}
RESULT: {"script":"<script> [1562 bytes]","args":[{"selector":{"id":"application-managepartners-display-component---NewPartner--partnerDetailInternal-arrow"},"wdio_ui5_key":"applicationmanagepartners-display-component---NewPartner--partnerDetailInternal-arrow"}]}
RESULT: undefined
COMMAND: POST /session/3e4ceb57b36163f530f5479f57478588/element - {"using":"xpath","value":"//*[@id=\"application-managepartners-display-component---NewPartner--partnerDetailInternal-arrow\"]"}
RESULT: {"using":"xpath","value":"//*[@id=\"application-managepartners-display-component---NewPartner--partnerDetailInternal-arrow\"]"}
COMMAND: POST /session/3e4ceb57b36163f530f5479f57478588/element/f.504C58434384A4EE898B1C568961733A.d.CBE3052A6EC5748390285A7953547AFE.e.1398/click - {}
RESULT: {}
COMMAND: POST /session/3e4ceb57b36163f530f5479f57478588/element - {"using":"xpath","value":"//span[contains(text(), \"Affiliated company\")]"}
COMMAND: GET /session/3e4ceb57b36163f530f5479f57478588/screenshot - {}
RESULT: {"using":"xpath","value":"//span[contains(text(), \"Affiliated company\")]"}
COMMAND: POST /session/3e4ceb57b36163f530f5479f57478588/element/f.504C58434384A4EE898B1C568961733A.d.CBE3052A6EC5748390285A7953547AFE.e.1401/click - {}
RESULT: {}
RESULT: {}
COMMAND: POST /session/3e4ceb57b36163f530f5479f57478588/execute/async - {"script":"<script> [1562 bytes]","args":[{"selector":{"id":"application-managepartners-display-component---NewPartner--partnerDetailsCurrency-arrow"},"wdio_ui5_key":"applicationmanagepartners-display-component---NewPartner--partnerDetailsCurrency-arrow"}]}
COMMAND: GET /session/3e4ceb57b36163f530f5479f57478588/screenshot - {}
RESULT: {"script":"<script> [1562 bytes]","args":[{"selector":{"id":"application-managepartners-display-component---NewPartner--partnerDetailsCurrency-arrow"},"wdio_ui5_key":"applicationmanagepartners-display-component---NewPartner--partnerDetailsCurrency-arrow"}]}
RESULT: undefined
COMMAND: POST /session/3e4ceb57b36163f530f5479f57478588/element - {"using":"xpath","value":"//*[@id=\"application-managepartners-display-component---NewPartner--partnerDetailsCurrency-arrow\"]"}
RESULT: {}
RESULT: {"using":"xpath","value":"//*[@id=\"application-managepartners-display-component---NewPartner--partnerDetailsCurrency-arrow\"]"}
COMMAND: POST /session/3e4ceb57b36163f530f5479f57478588/element/f.504C58434384A4EE898B1C568961733A.d.CBE3052A6EC5748390285A7953547AFE.e.1408/click - {}
RESULT: {}
COMMAND: POST /session/3e4ceb57b36163f530f5479f57478588/element - {"using":"xpath","value":"//span[contains(text(), \"Euro\")]"}
COMMAND: GET /session/3e4ceb57b36163f530f5479f57478588/screenshot - {}
RESULT: {"using":"xpath","value":"//span[contains(text(), \"Euro\")]"}
COMMAND: POST /session/3e4ceb57b36163f530f5479f57478588/element/f.504C58434384A4EE898B1C568961733A.d.CBE3052A6EC5748390285A7953547AFE.e.1409/click - {}
RESULT: {}
RESULT: {}
COMMAND: POST /session/3e4ceb57b36163f530f5479f57478588/execute/async - {"script":"<script> [1562 bytes]","args":[{"selector":{"id":"application-managepartners-display-component---NewPartner--addressEditDetailsCostObjectCstType-arrow"},"wdio_ui5_key":"applicationmanagepartners-display-component---NewPartner--addressEditDetailsCostObjectCstType-arrow"}]}
COMMAND: GET /session/3e4ceb57b36163f530f5479f57478588/screenshot - {}
RESULT: {"script":"<script> [1562 bytes]","args":[{"selector":{"id":"application-managepartners-display-component---NewPartner--addressEditDetailsCostObjectCstType-arrow"},"wdio_ui5_key":"applicationmanagepartners-display-component---NewPartner--addressEditDetailsCostObjectCstType-arrow"}]}
RESULT: undefined
COMMAND: POST /session/3e4ceb57b36163f530f5479f57478588/element - {"using":"xpath","value":"//*[@id=\"application-managepartners-display-component---NewPartner--addressEditDetailsCostObjectCstType-arrow\"]"}
RESULT: {}
RESULT: {"using":"xpath","value":"//*[@id=\"application-managepartners-display-component---NewPartner--addressEditDetailsCostObjectCstType-arrow\"]"}
COMMAND: POST /session/3e4ceb57b36163f530f5479f57478588/element/f.504C58434384A4EE898B1C568961733A.d.CBE3052A6EC5748390285A7953547AFE.e.1410/click - {}
RESULT: {}
COMMAND: POST /session/3e4ceb57b36163f530f5479f57478588/element - {"using":"xpath","value":"//span[contains(text(), \"Cost Center\")]"}
COMMAND: GET /session/3e4ceb57b36163f530f5479f57478588/screenshot - {}
RESULT: {"using":"xpath","value":"//span[contains(text(), \"Cost Center\")]"}
COMMAND: POST /session/3e4ceb57b36163f530f5479f57478588/element/f.504C58434384A4EE898B1C568961733A.d.CBE3052A6EC5748390285A7953547AFE.e.1411/click - {}
RESULT: {}
RESULT: {}
COMMAND: GET /session/3e4ceb57b36163f530f5479f57478588/screenshot - {}
RESULT: {}
COMMAND: POST /session/3e4ceb57b36163f530f5479f57478588/element - {"using":"xpath","value":"//span[@id=\"application-managepartners-display-component---NewPartner--addressNewCostObjectCstID-vhi\"]"}
RESULT: {"using":"xpath","value":"//span[@id=\"application-managepartners-display-component---NewPartner--addressNewCostObjectCstID-vhi\"]"}
COMMAND: POST /session/3e4ceb57b36163f530f5479f57478588/execute/sync - {"script":"<script> [8489 bytes]","args":[{"element-6066-11e4-a52e-4f735466cecf":"f.504C58434384A4EE898B1C568961733A.d.CBE3052A6EC5748390285A7953547AFE.e.1414","ELEMENT":"f.504C58434384A4EE898B1C568961733A.d.CBE3052A6EC5748390285A7953547AFE.e.1414"}]}
RESULT: {"script":"<script> [8489 bytes]","args":[{"element-6066-11e4-a52e-4f735466cecf":"f.504C58434384A4EE898B1C568961733A.d.CBE3052A6EC5748390285A7953547AFE.e.1414","ELEMENT":"f.504C58434384A4EE898B1C568961733A.d.CBE3052A6EC5748390285A7953547AFE.e.1414"}]}
COMMAND: POST /session/3e4ceb57b36163f530f5479f57478588/execute/async - {"script":"<script> [1562 bytes]","args":[{"selector":{"id":"application-managepartners-display-component---NewPartner--addressNewCostObjectCstID-vhi"},"wdio_ui5_key":"applicationmanagepartners-display-component---NewPartner--addressNewCostObjectCstID-vhi"}]}
COMMAND: GET /session/3e4ceb57b36163f530f5479f57478588/screenshot - {}
RESULT: {"script":"<script> [1562 bytes]","args":[{"selector":{"id":"application-managepartners-display-component---NewPartner--addressNewCostObjectCstID-vhi"},"wdio_ui5_key":"applicationmanagepartners-display-component---NewPartner--addressNewCostObjectCstID-vhi"}]}
RESULT: undefined
COMMAND: POST /session/3e4ceb57b36163f530f5479f57478588/element - {"using":"xpath","value":"//*[@id=\"application-managepartners-display-component---NewPartner--addressNewCostObjectCstID-vhi\"]"}
RESULT: {}
RESULT: {"using":"xpath","value":"//*[@id=\"application-managepartners-display-component---NewPartner--addressNewCostObjectCstID-vhi\"]"}
COMMAND: POST /session/3e4ceb57b36163f530f5479f57478588/element/f.504C58434384A4EE898B1C568961733A.d.CBE3052A6EC5748390285A7953547AFE.e.1414/click - {}
RESULT: {}
COMMAND: GET /session/3e4ceb57b36163f530f5479f57478588/screenshot - {}
RESULT: {}
RESULT: undefined
COMMAND: POST /session/3e4ceb57b36163f530f5479f57478588/execute/async - {"script":"<script> [776 bytes]","args":[{"enterText":"10001013","selector":{"controlType":"sap.m.SearchField","properties":{"placeholder":"Search"},"searchOpenDialogs":true,"interaction":{"idSuffix":"I"}},"clearTextFirst":true,"interactionType":"ENTER_TEXT"}]}
RESULT: {"script":"<script> [776 bytes]","args":[{"enterText":"10001013","selector":{"controlType":"sap.m.SearchField","properties":{"placeholder":"Search"},"searchOpenDialogs":true,"interaction":{"idSuffix":"I"}},"clearTextFirst":true,"interactionType":"ENTER_TEXT"}]}
COMMAND: POST /session/3e4ceb57b36163f530f5479f57478588/actions - {"actions":[{"id":"action2","type":"key","parameters":{},"actions":[{"type":"keyDown","value":""},{"type":"pause","duration":10},{"type":"keyUp","value":""}]}]}
RESULT: {"actions":[{"id":"action2","type":"key","parameters":{},"actions":[{"type":"keyDown","value":""},{"type":"pause","duration":10},{"type":"keyUp","value":""}]}]}
COMMAND: GET /session/3e4ceb57b36163f530f5479f57478588/screenshot - {}
RESULT: {}
COMMAND: POST /session/3e4ceb57b36163f530f5479f57478588/element - {"using":"xpath","value":"//span[contains(text(), \"General Management\")]"}
RESULT: {"using":"xpath","value":"//span[contains(text(), \"General Management\")]"}
COMMAND: POST /session/3e4ceb57b36163f530f5479f57478588/element/f.504C58434384A4EE898B1C568961733A.d.CBE3052A6EC5748390285A7953547AFE.e.1453/click - {}
RESULT: {}
COMMAND: GET /session/3e4ceb57b36163f530f5479f57478588/screenshot - {}
RESULT: {}
COMMAND: POST /session/3e4ceb57b36163f530f5479f57478588/element - {"using":"xpath","value":"//bdi[contains(text(), \"OK\")]"}
RESULT: {"using":"xpath","value":"//bdi[contains(text(), \"OK\")]"}
COMMAND: POST /session/3e4ceb57b36163f530f5479f57478588/element/f.504C58434384A4EE898B1C568961733A.d.CBE3052A6EC5748390285A7953547AFE.e.1454/click - {}
RESULT: {}
COMMAND: GET /session/3e4ceb57b36163f530f5479f57478588/screenshot - {}
RESULT: {}
COMMAND: POST /session/3e4ceb57b36163f530f5479f57478588/element - {"using":"xpath","value":"//input[@id=\"application-managepartners-display-component---NewPartner--companyCodeComboBox-inner\"]"}
RESULT: {"using":"xpath","value":"//input[@id=\"application-managepartners-display-component---NewPartner--companyCodeComboBox-inner\"]"}
COMMAND: POST /session/3e4ceb57b36163f530f5479f57478588/element/f.504C58434384A4EE898B1C568961733A.d.CBE3052A6EC5748390285A7953547AFE.e.1249/clear - {}
RESULT: {}
COMMAND: POST /session/3e4ceb57b36163f530f5479f57478588/element/f.504C58434384A4EE898B1C568961733A.d.CBE3052A6EC5748390285A7953547AFE.e.1249/value - {"text":"C002"}
COMMAND: GET /session/3e4ceb57b36163f530f5479f57478588/screenshot - {}
RESULT: {"text":"C002"}
COMMAND: GET /session/3e4ceb57b36163f530f5479f57478588/screenshot - {}
RESULT: {}
RESULT: {}
COMMAND: POST /session/3e4ceb57b36163f530f5479f57478588/element - {"using":"xpath","value":"//span[contains(text(), \"C002\")]"}
RESULT: {"using":"xpath","value":"//span[contains(text(), \"C002\")]"}
COMMAND: POST /session/3e4ceb57b36163f530f5479f57478588/element/f.504C58434384A4EE898B1C568961733A.d.CBE3052A6EC5748390285A7953547AFE.e.1460/click - {}
RESULT: {}
COMMAND: GET /session/3e4ceb57b36163f530f5479f57478588/screenshot - {}
RESULT: {}
COMMAND: POST /session/3e4ceb57b36163f530f5479f57478588/execute/async - {"script":"<script> [1562 bytes]","args":[{"selector":{"id":"application-managepartners-display-component---NewPartner--btnAddTableRow-img"},"wdio_ui5_key":"applicationmanagepartners-display-component---NewPartner--btnAddTableRow-img"}]}
RESULT: {"script":"<script> [1562 bytes]","args":[{"selector":{"id":"application-managepartners-display-component---NewPartner--btnAddTableRow-img"},"wdio_ui5_key":"applicationmanagepartners-display-component---NewPartner--btnAddTableRow-img"}]}
RESULT: undefined
COMMAND: POST /session/3e4ceb57b36163f530f5479f57478588/element - {"using":"xpath","value":"//*[@id=\"application-managepartners-display-component---NewPartner--btnAddTableRow-img\"]"}
RESULT: {"using":"xpath","value":"//*[@id=\"application-managepartners-display-component---NewPartner--btnAddTableRow-img\"]"}
COMMAND: POST /session/3e4ceb57b36163f530f5479f57478588/element/f.504C58434384A4EE898B1C568961733A.d.CBE3052A6EC5748390285A7953547AFE.e.1461/click - {}
RESULT: {}
COMMAND: GET /session/3e4ceb57b36163f530f5479f57478588/screenshot - {}
RESULT: {}
COMMAND: POST /session/3e4ceb57b36163f530f5479f57478588/element - {"using":"xpath","value":"//input[@id=\"application-managepartners-display-component---NewPartner--assignmentYard-application-managepartners-display-component---NewPartner--assignmentsTable-0-inner\"]"}
RESULT: {"using":"xpath","value":"//input[@id=\"application-managepartners-display-component---NewPartner--assignmentYard-application-managepartners-display-component---NewPartner--assignmentsTable-0-inner\"]"}
COMMAND: POST /session/3e4ceb57b36163f530f5479f57478588/element/f.504C58434384A4EE898B1C568961733A.d.CBE3052A6EC5748390285A7953547AFE.e.1464/clear - {}
RESULT: {}
COMMAND: POST /session/3e4ceb57b36163f530f5479f57478588/element/f.504C58434384A4EE898B1C568961733A.d.CBE3052A6EC5748390285A7953547AFE.e.1464/value - {"text":"256"}
COMMAND: GET /session/3e4ceb57b36163f530f5479f57478588/screenshot - {}
RESULT: {"text":"256"}
COMMAND: GET /session/3e4ceb57b36163f530f5479f57478588/screenshot - {}
RESULT: {}
RESULT: {}
COMMAND: POST /session/3e4ceb57b36163f530f5479f57478588/element - {"using":"xpath","value":"//li[.//span[text()='256']]"}
RESULT: {"using":"xpath","value":"//li[.//span[text()='256']]"}
COMMAND: POST /session/3e4ceb57b36163f530f5479f57478588/element/f.504C58434384A4EE898B1C568961733A.d.CBE3052A6EC5748390285A7953547AFE.e.1473/click - {}
RESULT: {}
COMMAND: GET /session/3e4ceb57b36163f530f5479f57478588/screenshot - {}
RESULT: {}
COMMAND: POST /session/3e4ceb57b36163f530f5479f57478588/actions - {"actions":[{"id":"action3","type":"key","parameters":{},"actions":[{"type":"keyDown","value":""},{"type":"pause","duration":10},{"type":"keyUp","value":""}]}]}
RESULT: {"actions":[{"id":"action3","type":"key","parameters":{},"actions":[{"type":"keyDown","value":""},{"type":"pause","duration":10},{"type":"keyUp","value":""}]}]}
COMMAND: POST /session/3e4ceb57b36163f530f5479f57478588/execute/async - {"script":"<script> [1562 bytes]","args":[{"selector":{"id":"application-managepartners-display-component---NewPartner--externalCustomerComboBox-application-managepartners-display-component---NewPartner--assignmentsTable-0-vhi"},"wdio_ui5_key":"applicationmanagepartners-display-component---NewPartner--externalCustomerComboBox-application-managepartners-display-component---NewPartner--assignmentsTable-0-vhi"}]}
COMMAND: GET /session/3e4ceb57b36163f530f5479f57478588/screenshot - {}
RESULT: {"script":"<script> [1562 bytes]","args":[{"selector":{"id":"application-managepartners-display-component---NewPartner--externalCustomerComboBox-application-managepartners-display-component---NewPartner--assignmentsTable-0-vhi"},"wdio_ui5_key":"applicationmanagepartners-display-component---NewPartner--externalCustomerComboBox-application-managepartners-display-component---NewPartner--assignmentsTable-0-vhi"}]}
RESULT: undefined
COMMAND: POST /session/3e4ceb57b36163f530f5479f57478588/element - {"using":"xpath","value":"//*[@id=\"application-managepartners-display-component---NewPartner--externalCustomerComboBox-application-managepartners-display-component---NewPartner--assignmentsTable-0-vhi\"]"}
RESULT: {}
RESULT: {"using":"xpath","value":"//*[@id=\"application-managepartners-display-component---NewPartner--externalCustomerComboBox-application-managepartners-display-component---NewPartner--assignmentsTable-0-vhi\"]"}
COMMAND: POST /session/3e4ceb57b36163f530f5479f57478588/element/f.504C58434384A4EE898B1C568961733A.d.CBE3052A6EC5748390285A7953547AFE.e.1477/click - {}
RESULT: {}
RESULT: undefined
COMMAND: POST /session/3e4ceb57b36163f530f5479f57478588/execute/async - {"script":"<script> [776 bytes]","args":[{"enterText":"300003","selector":{"controlType":"sap.m.SearchField","properties":{"placeholder":"Search"},"searchOpenDialogs":true,"interaction":{"idSuffix":"I"}},"clearTextFirst":true,"interactionType":"ENTER_TEXT"}]}
COMMAND: GET /session/3e4ceb57b36163f530f5479f57478588/screenshot - {}
RESULT: {"script":"<script> [776 bytes]","args":[{"enterText":"300003","selector":{"controlType":"sap.m.SearchField","properties":{"placeholder":"Search"},"searchOpenDialogs":true,"interaction":{"idSuffix":"I"}},"clearTextFirst":true,"interactionType":"ENTER_TEXT"}]}
COMMAND: POST /session/3e4ceb57b36163f530f5479f57478588/actions - {"actions":[{"id":"action4","type":"key","parameters":{},"actions":[{"type":"keyDown","value":""},{"type":"pause","duration":10},{"type":"keyUp","value":""}]}]}
RESULT: {}
RESULT: {"actions":[{"id":"action4","type":"key","parameters":{},"actions":[{"type":"keyDown","value":""},{"type":"pause","duration":10},{"type":"keyUp","value":""}]}]}
COMMAND: GET /session/3e4ceb57b36163f530f5479f57478588/screenshot - {}
RESULT: {}
COMMAND: POST /session/3e4ceb57b36163f530f5479f57478588/element - {"using":"xpath","value":"//span[contains(text(), \"300003\")]"}
RESULT: {"using":"xpath","value":"//span[contains(text(), \"300003\")]"}
COMMAND: POST /session/3e4ceb57b36163f530f5479f57478588/element/f.504C58434384A4EE898B1C568961733A.d.CBE3052A6EC5748390285A7953547AFE.e.1495/click - {}
RESULT: {}
COMMAND: GET /session/3e4ceb57b36163f530f5479f57478588/screenshot - {}
RESULT: {}
COMMAND: POST /session/3e4ceb57b36163f530f5479f57478588/element - {"using":"xpath","value":"//bdi[contains(text(), \"OK\")]"}
RESULT: {"using":"xpath","value":"//bdi[contains(text(), \"OK\")]"}
COMMAND: POST /session/3e4ceb57b36163f530f5479f57478588/element/f.504C58434384A4EE898B1C568961733A.d.CBE3052A6EC5748390285A7953547AFE.e.1497/click - {}
RESULT: {}
COMMAND: GET /session/3e4ceb57b36163f530f5479f57478588/screenshot - {}
RESULT: {}
COMMAND: POST /session/3e4ceb57b36163f530f5479f57478588/execute/async - {"script":"<script> [1562 bytes]","args":[{"selector":{"id":"application-managepartners-display-component---NewPartner--intercompVendorComboBox-application-managepartners-display-component---NewPartner--assignmentsTable-0-vhi"},"wdio_ui5_key":"applicationmanagepartners-display-component---NewPartner--intercompVendorComboBox-application-managepartners-display-component---NewPartner--assignmentsTable-0-vhi"}]}
RESULT: {"script":"<script> [1562 bytes]","args":[{"selector":{"id":"application-managepartners-display-component---NewPartner--intercompVendorComboBox-application-managepartners-display-component---NewPartner--assignmentsTable-0-vhi"},"wdio_ui5_key":"applicationmanagepartners-display-component---NewPartner--intercompVendorComboBox-application-managepartners-display-component---NewPartner--assignmentsTable-0-vhi"}]}
RESULT: undefined
COMMAND: POST /session/3e4ceb57b36163f530f5479f57478588/element - {"using":"xpath","value":"//*[@id=\"application-managepartners-display-component---NewPartner--intercompVendorComboBox-application-managepartners-display-component---NewPartner--assignmentsTable-0-vhi\"]"}
RESULT: {"using":"xpath","value":"//*[@id=\"application-managepartners-display-component---NewPartner--intercompVendorComboBox-application-managepartners-display-component---NewPartner--assignmentsTable-0-vhi\"]"}
COMMAND: POST /session/3e4ceb57b36163f530f5479f57478588/element/f.504C58434384A4EE898B1C568961733A.d.CBE3052A6EC5748390285A7953547AFE.e.1500/click - {}
RESULT: {}
RESULT: undefined
COMMAND: POST /session/3e4ceb57b36163f530f5479f57478588/execute/async - {"script":"<script> [776 bytes]","args":[{"enterText":"100005","selector":{"controlType":"sap.m.SearchField","properties":{"placeholder":"Search"},"searchOpenDialogs":true,"interaction":{"idSuffix":"I"}},"clearTextFirst":true,"interactionType":"ENTER_TEXT"}]}
COMMAND: GET /session/3e4ceb57b36163f530f5479f57478588/screenshot - {}
RESULT: {"script":"<script> [776 bytes]","args":[{"enterText":"100005","selector":{"controlType":"sap.m.SearchField","properties":{"placeholder":"Search"},"searchOpenDialogs":true,"interaction":{"idSuffix":"I"}},"clearTextFirst":true,"interactionType":"ENTER_TEXT"}]}
COMMAND: POST /session/3e4ceb57b36163f530f5479f57478588/actions - {"actions":[{"id":"action5","type":"key","parameters":{},"actions":[{"type":"keyDown","value":""},{"type":"pause","duration":10},{"type":"keyUp","value":""}]}]}
RESULT: {}
RESULT: {"actions":[{"id":"action5","type":"key","parameters":{},"actions":[{"type":"keyDown","value":""},{"type":"pause","duration":10},{"type":"keyUp","value":""}]}]}
COMMAND: GET /session/3e4ceb57b36163f530f5479f57478588/screenshot - {}
RESULT: {}
COMMAND: POST /session/3e4ceb57b36163f530f5479f57478588/element - {"using":"xpath","value":"//span[contains(text(), \"Penguins - Field/12345 Berlin\")]"}
RESULT: {"using":"xpath","value":"//span[contains(text(), \"Penguins - Field/12345 Berlin\")]"}
COMMAND: POST /session/3e4ceb57b36163f530f5479f57478588/element/f.504C58434384A4EE898B1C568961733A.d.CBE3052A6EC5748390285A7953547AFE.e.1517/click - {}
RESULT: {}
COMMAND: GET /session/3e4ceb57b36163f530f5479f57478588/screenshot - {}
RESULT: {}
COMMAND: POST /session/3e4ceb57b36163f530f5479f57478588/element - {"using":"xpath","value":"//bdi[contains(text(), \"OK\")]"}
RESULT: {"using":"xpath","value":"//bdi[contains(text(), \"OK\")]"}
COMMAND: POST /session/3e4ceb57b36163f530f5479f57478588/element/f.504C58434384A4EE898B1C568961733A.d.CBE3052A6EC5748390285A7953547AFE.e.1518/click - {}
RESULT: {}
COMMAND: GET /session/3e4ceb57b36163f530f5479f57478588/screenshot - {}
RESULT: {}
COMMAND: POST /session/3e4ceb57b36163f530f5479f57478588/element - {"using":"xpath","value":"//button[@data-kt=\"saveButton\"]"}
RESULT: {"using":"xpath","value":"//button[@data-kt=\"saveButton\"]"}
COMMAND: POST /session/3e4ceb57b36163f530f5479f57478588/element/f.504C58434384A4EE898B1C568961733A.d.CBE3052A6EC5748390285A7953547AFE.e.1372/click - {}
RESULT: {}
COMMAND: GET /session/3e4ceb57b36163f530f5479f57478588/screenshot - {}
RESULT: {}
COMMAND: POST /session/3e4ceb57b36163f530f5479f57478588/element - {"using":"xpath","value":"//header[contains(@id, 'ObjectPageLayout-headerTitle')]/div[1]/div[2]/div[2]/span[1]"}
RESULT: {"using":"xpath","value":"//header[contains(@id, 'ObjectPageLayout-headerTitle')]/div[1]/div[2]/div[2]/span[1]"}
COMMAND: POST /session/3e4ceb57b36163f530f5479f57478588/elements - {"using":"xpath","value":"//header[contains(@id, 'ObjectPageLayout-headerTitle')]/div[1]/div[2]/div[2]/span[1]"}
RESULT: {"using":"xpath","value":"//header[contains(@id, 'ObjectPageLayout-headerTitle')]/div[1]/div[2]/div[2]/span[1]"}
COMMAND: POST /session/3e4ceb57b36163f530f5479f57478588/execute/sync - {"script":"<script> [56 bytes]","args":[{"element-6066-11e4-a52e-4f735466cecf":"f.504C58434384A4EE898B1C568961733A.d.CBE3052A6EC5748390285A7953547AFE.e.1681","ELEMENT":"f.504C58434384A4EE898B1C568961733A.d.CBE3052A6EC5748390285A7953547AFE.e.1681"}]}
RESULT: {"script":"<script> [56 bytes]","args":[{"element-6066-11e4-a52e-4f735466cecf":"f.504C58434384A4EE898B1C568961733A.d.CBE3052A6EC5748390285A7953547AFE.e.1681","ELEMENT":"f.504C58434384A4EE898B1C568961733A.d.CBE3052A6EC5748390285A7953547AFE.e.1681"}]}
COMMAND: POST /session/3e4ceb57b36163f530f5479f57478588/element - {"using":"css selector","value":"#shell-header-logo"}
COMMAND: GET /session/3e4ceb57b36163f530f5479f57478588/screenshot - {}
RESULT: {"using":"css selector","value":"#shell-header-logo"}
COMMAND: POST /session/3e4ceb57b36163f530f5479f57478588/element/f.504C58434384A4EE898B1C568961733A.d.CBE3052A6EC5748390285A7953547AFE.e.903/click - {}
RESULT: {}
RESULT: {}
COMMAND: GET /session/3e4ceb57b36163f530f5479f57478588/screenshot - {}
RESULT: {}
]]></system-out>
    </testcase>
    <testcase classname="chrome.135_0_7049_42.windows.Billing_Transfer_-_Master_data_&amp;_Intercompany_US127250" name="Should create a new site" time="76.623">
      <system-out><![CDATA[
COMMAND: POST /session/3e4ceb57b36163f530f5479f57478588/execute/async - {"script":"<script> [1562 bytes]","args":[{"selector":{"controlType":"sap.m.TileContent","bindingPath":{"path":"","propertyPath":"/properties/info"},"ancestor":{"controlType":"sap.m.GenericTile","properties":{"header":"Manage Sites"}}},"wdio_ui5_key":"sapm.TileContent{\"path\":\"\",\"propertyPath\":\"/properties/info\"}{\"controlType\":\"sap.m.GenericTile\",\"properties\":{\"header\":\"Manage Sites\"}}"}]}
RESULT: {"script":"<script> [1562 bytes]","args":[{"selector":{"controlType":"sap.m.TileContent","bindingPath":{"path":"","propertyPath":"/properties/info"},"ancestor":{"controlType":"sap.m.GenericTile","properties":{"header":"Manage Sites"}}},"wdio_ui5_key":"sapm.TileContent{\"path\":\"\",\"propertyPath\":\"/properties/info\"}{\"controlType\":\"sap.m.GenericTile\",\"properties\":{\"header\":\"Manage Sites\"}}"}]}
RESULT: undefined
COMMAND: POST /session/3e4ceb57b36163f530f5479f57478588/element - {"using":"xpath","value":"//*[@id=\"__xmlview7--numericTileContent\"]"}
RESULT: {"using":"xpath","value":"//*[@id=\"__xmlview7--numericTileContent\"]"}
COMMAND: POST /session/3e4ceb57b36163f530f5479f57478588/element/f.504C58434384A4EE898B1C568961733A.d.CBE3052A6EC5748390285A7953547AFE.e.1683/click - {}
RESULT: {}
COMMAND: POST /session/3e4ceb57b36163f530f5479f57478588/element - {"using":"xpath","value":"//button[@data-kt=\"addOverflowToolbarButton\"]"}
COMMAND: GET /session/3e4ceb57b36163f530f5479f57478588/screenshot - {}
RESULT: {"using":"xpath","value":"//button[@data-kt=\"addOverflowToolbarButton\"]"}
COMMAND: POST /session/3e4ceb57b36163f530f5479f57478588/elements - {"using":"xpath","value":"//button[@data-kt=\"addOverflowToolbarButton\"]"}
RESULT: {}
RESULT: {"using":"xpath","value":"//button[@data-kt=\"addOverflowToolbarButton\"]"}
COMMAND: POST /session/3e4ceb57b36163f530f5479f57478588/elements - {"using":"xpath","value":"//button[@data-kt=\"addOverflowToolbarButton\"]"}
RESULT: {"using":"xpath","value":"//button[@data-kt=\"addOverflowToolbarButton\"]"}
COMMAND: POST /session/3e4ceb57b36163f530f5479f57478588/elements - {"using":"xpath","value":"//button[@data-kt=\"addOverflowToolbarButton\"]"}
RESULT: {"using":"xpath","value":"//button[@data-kt=\"addOverflowToolbarButton\"]"}
COMMAND: POST /session/3e4ceb57b36163f530f5479f57478588/element - {"using":"xpath","value":"//button[@data-kt=\"addOverflowToolbarButton\"]"}
RESULT: {"using":"xpath","value":"//button[@data-kt=\"addOverflowToolbarButton\"]"}
COMMAND: POST /session/3e4ceb57b36163f530f5479f57478588/execute/sync - {"script":"<script> [8489 bytes]","args":[{"element-6066-11e4-a52e-4f735466cecf":"f.504C58434384A4EE898B1C568961733A.d.CBE3052A6EC5748390285A7953547AFE.e.1729","ELEMENT":"f.504C58434384A4EE898B1C568961733A.d.CBE3052A6EC5748390285A7953547AFE.e.1729"}]}
RESULT: {"script":"<script> [8489 bytes]","args":[{"element-6066-11e4-a52e-4f735466cecf":"f.504C58434384A4EE898B1C568961733A.d.CBE3052A6EC5748390285A7953547AFE.e.1729","ELEMENT":"f.504C58434384A4EE898B1C568961733A.d.CBE3052A6EC5748390285A7953547AFE.e.1729"}]}
COMMAND: GET /session/3e4ceb57b36163f530f5479f57478588/element/f.504C58434384A4EE898B1C568961733A.d.CBE3052A6EC5748390285A7953547AFE.e.1729/enabled - {}
COMMAND: GET /session/3e4ceb57b36163f530f5479f57478588/screenshot - {}
RESULT: {}
COMMAND: POST /session/3e4ceb57b36163f530f5479f57478588/execute/sync - {"script":"<script> [8489 bytes]","args":[{"element-6066-11e4-a52e-4f735466cecf":"f.504C58434384A4EE898B1C568961733A.d.CBE3052A6EC5748390285A7953547AFE.e.1729","ELEMENT":"f.504C58434384A4EE898B1C568961733A.d.CBE3052A6EC5748390285A7953547AFE.e.1729"}]}
COMMAND: GET /session/3e4ceb57b36163f530f5479f57478588/screenshot - {}
RESULT: {}
RESULT: {"script":"<script> [8489 bytes]","args":[{"element-6066-11e4-a52e-4f735466cecf":"f.504C58434384A4EE898B1C568961733A.d.CBE3052A6EC5748390285A7953547AFE.e.1729","ELEMENT":"f.504C58434384A4EE898B1C568961733A.d.CBE3052A6EC5748390285A7953547AFE.e.1729"}]}
COMMAND: POST /session/3e4ceb57b36163f530f5479f57478588/execute/sync - {"script":"<script> [5351 bytes]","args":[{"element-6066-11e4-a52e-4f735466cecf":"f.504C58434384A4EE898B1C568961733A.d.CBE3052A6EC5748390285A7953547AFE.e.1729","ELEMENT":"f.504C58434384A4EE898B1C568961733A.d.CBE3052A6EC5748390285A7953547AFE.e.1729"}]}
COMMAND: GET /session/3e4ceb57b36163f530f5479f57478588/screenshot - {}
RESULT: {}
RESULT: {"script":"<script> [5351 bytes]","args":[{"element-6066-11e4-a52e-4f735466cecf":"f.504C58434384A4EE898B1C568961733A.d.CBE3052A6EC5748390285A7953547AFE.e.1729","ELEMENT":"f.504C58434384A4EE898B1C568961733A.d.CBE3052A6EC5748390285A7953547AFE.e.1729"}]}
COMMAND: POST /session/3e4ceb57b36163f530f5479f57478588/element/f.504C58434384A4EE898B1C568961733A.d.CBE3052A6EC5748390285A7953547AFE.e.1729/click - {}
COMMAND: GET /session/3e4ceb57b36163f530f5479f57478588/screenshot - {}
RESULT: {}
RESULT: {}
COMMAND: GET /session/3e4ceb57b36163f530f5479f57478588/screenshot - {}
RESULT: {}
RESULT: {}
COMMAND: POST /session/3e4ceb57b36163f530f5479f57478588/execute/async - {"script":"<script> [1562 bytes]","args":[{"selector":{"id":"application-managesites-display-component---NewSite--addressDetailDetailsName1","interaction":{"idSuffix":"inner"}},"wdio_ui5_key":"applicationmanagesites-display-component---NewSite--addressDetailDetailsName1"}]}
RESULT: {"script":"<script> [1562 bytes]","args":[{"selector":{"id":"application-managesites-display-component---NewSite--addressDetailDetailsName1","interaction":{"idSuffix":"inner"}},"wdio_ui5_key":"applicationmanagesites-display-component---NewSite--addressDetailDetailsName1"}]}
RESULT: undefined
COMMAND: POST /session/3e4ceb57b36163f530f5479f57478588/execute/async - {"script":"<script> [776 bytes]","args":[{"enterText":"Intercompany Site wdIO","selector":{"id":"application-managesites-display-component---NewSite--addressDetailDetailsName1","interaction":{"idSuffix":"inner"}},"clearTextFirst":true,"interactionType":"ENTER_TEXT"}]}
RESULT: {"script":"<script> [776 bytes]","args":[{"enterText":"Intercompany Site wdIO","selector":{"id":"application-managesites-display-component---NewSite--addressDetailDetailsName1","interaction":{"idSuffix":"inner"}},"clearTextFirst":true,"interactionType":"ENTER_TEXT"}]}
COMMAND: POST /session/3e4ceb57b36163f530f5479f57478588/execute/async - {"script":"<script> [1562 bytes]","args":[{"selector":{"id":"application-managesites-display-component---NewSite--addressDetailDetailsLanguage-arrow"},"wdio_ui5_key":"applicationmanagesites-display-component---NewSite--addressDetailDetailsLanguage-arrow"}]}
RESULT: {"script":"<script> [1562 bytes]","args":[{"selector":{"id":"application-managesites-display-component---NewSite--addressDetailDetailsLanguage-arrow"},"wdio_ui5_key":"applicationmanagesites-display-component---NewSite--addressDetailDetailsLanguage-arrow"}]}
RESULT: undefined
COMMAND: POST /session/3e4ceb57b36163f530f5479f57478588/element - {"using":"xpath","value":"//*[@id=\"application-managesites-display-component---NewSite--addressDetailDetailsLanguage-arrow\"]"}
RESULT: {"using":"xpath","value":"//*[@id=\"application-managesites-display-component---NewSite--addressDetailDetailsLanguage-arrow\"]"}
COMMAND: POST /session/3e4ceb57b36163f530f5479f57478588/element/f.504C58434384A4EE898B1C568961733A.d.CBE3052A6EC5748390285A7953547AFE.e.2342/click - {}
RESULT: {}
COMMAND: POST /session/3e4ceb57b36163f530f5479f57478588/element - {"using":"xpath","value":"//span[contains(text(), \"English\")]"}
COMMAND: GET /session/3e4ceb57b36163f530f5479f57478588/screenshot - {}
RESULT: {"using":"xpath","value":"//span[contains(text(), \"English\")]"}
COMMAND: POST /session/3e4ceb57b36163f530f5479f57478588/element/f.504C58434384A4EE898B1C568961733A.d.CBE3052A6EC5748390285A7953547AFE.e.2343/click - {}
RESULT: {}
RESULT: {}
COMMAND: POST /session/3e4ceb57b36163f530f5479f57478588/execute/async - {"script":"<script> [1562 bytes]","args":[{"selector":{"id":"application-managesites-display-component---NewSite--addressDetailDetailsCity1","interaction":{"idSuffix":"inner"}},"wdio_ui5_key":"applicationmanagesites-display-component---NewSite--addressDetailDetailsCity1"}]}
COMMAND: GET /session/3e4ceb57b36163f530f5479f57478588/screenshot - {}
RESULT: {"script":"<script> [1562 bytes]","args":[{"selector":{"id":"application-managesites-display-component---NewSite--addressDetailDetailsCity1","interaction":{"idSuffix":"inner"}},"wdio_ui5_key":"applicationmanagesites-display-component---NewSite--addressDetailDetailsCity1"}]}
RESULT: undefined
COMMAND: POST /session/3e4ceb57b36163f530f5479f57478588/execute/async - {"script":"<script> [776 bytes]","args":[{"enterText":"Rosario","selector":{"id":"application-managesites-display-component---NewSite--addressDetailDetailsCity1","interaction":{"idSuffix":"inner"}},"clearTextFirst":true,"interactionType":"ENTER_TEXT"}]}
RESULT: {}
RESULT: {"script":"<script> [776 bytes]","args":[{"enterText":"Rosario","selector":{"id":"application-managesites-display-component---NewSite--addressDetailDetailsCity1","interaction":{"idSuffix":"inner"}},"clearTextFirst":true,"interactionType":"ENTER_TEXT"}]}
COMMAND: POST /session/3e4ceb57b36163f530f5479f57478588/execute/async - {"script":"<script> [1562 bytes]","args":[{"selector":{"id":"application-managesites-display-component---NewSite--addressDetailDetailsCountry-arrow"},"wdio_ui5_key":"applicationmanagesites-display-component---NewSite--addressDetailDetailsCountry-arrow"}]}
RESULT: {"script":"<script> [1562 bytes]","args":[{"selector":{"id":"application-managesites-display-component---NewSite--addressDetailDetailsCountry-arrow"},"wdio_ui5_key":"applicationmanagesites-display-component---NewSite--addressDetailDetailsCountry-arrow"}]}
RESULT: undefined
COMMAND: POST /session/3e4ceb57b36163f530f5479f57478588/element - {"using":"xpath","value":"//*[@id=\"application-managesites-display-component---NewSite--addressDetailDetailsCountry-arrow\"]"}
RESULT: {"using":"xpath","value":"//*[@id=\"application-managesites-display-component---NewSite--addressDetailDetailsCountry-arrow\"]"}
COMMAND: POST /session/3e4ceb57b36163f530f5479f57478588/element/f.504C58434384A4EE898B1C568961733A.d.CBE3052A6EC5748390285A7953547AFE.e.2345/click - {}
RESULT: {}
COMMAND: POST /session/3e4ceb57b36163f530f5479f57478588/element - {"using":"xpath","value":"//span[contains(text(), \"Argentina\")]"}
COMMAND: GET /session/3e4ceb57b36163f530f5479f57478588/screenshot - {}
RESULT: {"using":"xpath","value":"//span[contains(text(), \"Argentina\")]"}
COMMAND: POST /session/3e4ceb57b36163f530f5479f57478588/element/f.504C58434384A4EE898B1C568961733A.d.CBE3052A6EC5748390285A7953547AFE.e.2346/click - {}
RESULT: {}
RESULT: {}
COMMAND: GET /session/3e4ceb57b36163f530f5479f57478588/screenshot - {}
RESULT: {}
COMMAND: POST /session/3e4ceb57b36163f530f5479f57478588/execute/async - {"script":"<script> [1562 bytes]","args":[{"selector":{"id":"application-managesites-display-component---NewSite--addressEditDetailsCostObjectCstType-arrow"},"wdio_ui5_key":"applicationmanagesites-display-component---NewSite--addressEditDetailsCostObjectCstType-arrow"}]}
RESULT: {"script":"<script> [1562 bytes]","args":[{"selector":{"id":"application-managesites-display-component---NewSite--addressEditDetailsCostObjectCstType-arrow"},"wdio_ui5_key":"applicationmanagesites-display-component---NewSite--addressEditDetailsCostObjectCstType-arrow"}]}
RESULT: undefined
COMMAND: POST /session/3e4ceb57b36163f530f5479f57478588/element - {"using":"xpath","value":"//*[@id=\"application-managesites-display-component---NewSite--addressEditDetailsCostObjectCstType-arrow\"]"}
RESULT: {"using":"xpath","value":"//*[@id=\"application-managesites-display-component---NewSite--addressEditDetailsCostObjectCstType-arrow\"]"}
COMMAND: POST /session/3e4ceb57b36163f530f5479f57478588/element/f.504C58434384A4EE898B1C568961733A.d.CBE3052A6EC5748390285A7953547AFE.e.2348/click - {}
RESULT: {}
COMMAND: POST /session/3e4ceb57b36163f530f5479f57478588/element - {"using":"xpath","value":"//span[contains(text(), \"Cost Center\")]"}
COMMAND: GET /session/3e4ceb57b36163f530f5479f57478588/screenshot - {}
RESULT: {"using":"xpath","value":"//span[contains(text(), \"Cost Center\")]"}
COMMAND: POST /session/3e4ceb57b36163f530f5479f57478588/element/f.504C58434384A4EE898B1C568961733A.d.CBE3052A6EC5748390285A7953547AFE.e.2349/click - {}
RESULT: {}
RESULT: {}
COMMAND: GET /session/3e4ceb57b36163f530f5479f57478588/screenshot - {}
RESULT: {}
COMMAND: POST /session/3e4ceb57b36163f530f5479f57478588/element - {"using":"xpath","value":"//span[@id=\"application-managesites-display-component---NewSite--addressNewCostObjectCstID-vhi\"]"}
RESULT: {"using":"xpath","value":"//span[@id=\"application-managesites-display-component---NewSite--addressNewCostObjectCstID-vhi\"]"}
COMMAND: POST /session/3e4ceb57b36163f530f5479f57478588/execute/sync - {"script":"<script> [8489 bytes]","args":[{"element-6066-11e4-a52e-4f735466cecf":"f.504C58434384A4EE898B1C568961733A.d.CBE3052A6EC5748390285A7953547AFE.e.2352","ELEMENT":"f.504C58434384A4EE898B1C568961733A.d.CBE3052A6EC5748390285A7953547AFE.e.2352"}]}
RESULT: {"script":"<script> [8489 bytes]","args":[{"element-6066-11e4-a52e-4f735466cecf":"f.504C58434384A4EE898B1C568961733A.d.CBE3052A6EC5748390285A7953547AFE.e.2352","ELEMENT":"f.504C58434384A4EE898B1C568961733A.d.CBE3052A6EC5748390285A7953547AFE.e.2352"}]}
COMMAND: POST /session/3e4ceb57b36163f530f5479f57478588/execute/async - {"script":"<script> [1562 bytes]","args":[{"selector":{"id":"application-managesites-display-component---NewSite--addressNewCostObjectCstID-vhi"},"wdio_ui5_key":"applicationmanagesites-display-component---NewSite--addressNewCostObjectCstID-vhi"}]}
COMMAND: GET /session/3e4ceb57b36163f530f5479f57478588/screenshot - {}
RESULT: {"script":"<script> [1562 bytes]","args":[{"selector":{"id":"application-managesites-display-component---NewSite--addressNewCostObjectCstID-vhi"},"wdio_ui5_key":"applicationmanagesites-display-component---NewSite--addressNewCostObjectCstID-vhi"}]}
RESULT: undefined
COMMAND: POST /session/3e4ceb57b36163f530f5479f57478588/element - {"using":"xpath","value":"//*[@id=\"application-managesites-display-component---NewSite--addressNewCostObjectCstID-vhi\"]"}
RESULT: {}
RESULT: {"using":"xpath","value":"//*[@id=\"application-managesites-display-component---NewSite--addressNewCostObjectCstID-vhi\"]"}
COMMAND: POST /session/3e4ceb57b36163f530f5479f57478588/element/f.504C58434384A4EE898B1C568961733A.d.CBE3052A6EC5748390285A7953547AFE.e.2352/click - {}
RESULT: {}
COMMAND: GET /session/3e4ceb57b36163f530f5479f57478588/screenshot - {}
RESULT: {}
RESULT: undefined
COMMAND: POST /session/3e4ceb57b36163f530f5479f57478588/execute/async - {"script":"<script> [776 bytes]","args":[{"enterText":"10001013","selector":{"controlType":"sap.m.SearchField","properties":{"placeholder":"Search"},"searchOpenDialogs":true,"interaction":{"idSuffix":"I"}},"clearTextFirst":true,"interactionType":"ENTER_TEXT"}]}
RESULT: {"script":"<script> [776 bytes]","args":[{"enterText":"10001013","selector":{"controlType":"sap.m.SearchField","properties":{"placeholder":"Search"},"searchOpenDialogs":true,"interaction":{"idSuffix":"I"}},"clearTextFirst":true,"interactionType":"ENTER_TEXT"}]}
COMMAND: POST /session/3e4ceb57b36163f530f5479f57478588/actions - {"actions":[{"id":"action6","type":"key","parameters":{},"actions":[{"type":"keyDown","value":""},{"type":"pause","duration":10},{"type":"keyUp","value":""}]}]}
RESULT: {"actions":[{"id":"action6","type":"key","parameters":{},"actions":[{"type":"keyDown","value":""},{"type":"pause","duration":10},{"type":"keyUp","value":""}]}]}
COMMAND: GET /session/3e4ceb57b36163f530f5479f57478588/screenshot - {}
RESULT: {}
COMMAND: POST /session/3e4ceb57b36163f530f5479f57478588/element - {"using":"xpath","value":"//span[contains(text(), \"General Management\")]"}
RESULT: {"using":"xpath","value":"//span[contains(text(), \"General Management\")]"}
COMMAND: POST /session/3e4ceb57b36163f530f5479f57478588/element/f.504C58434384A4EE898B1C568961733A.d.CBE3052A6EC5748390285A7953547AFE.e.2391/click - {}
RESULT: {}
COMMAND: GET /session/3e4ceb57b36163f530f5479f57478588/screenshot - {}
RESULT: {}
COMMAND: POST /session/3e4ceb57b36163f530f5479f57478588/element - {"using":"xpath","value":"//bdi[contains(text(), \"OK\")]"}
RESULT: {"using":"xpath","value":"//bdi[contains(text(), \"OK\")]"}
COMMAND: POST /session/3e4ceb57b36163f530f5479f57478588/element/f.504C58434384A4EE898B1C568961733A.d.CBE3052A6EC5748390285A7953547AFE.e.2392/click - {}
RESULT: {}
COMMAND: GET /session/3e4ceb57b36163f530f5479f57478588/screenshot - {}
RESULT: {}
COMMAND: POST /session/3e4ceb57b36163f530f5479f57478588/element - {"using":"xpath","value":"//input[@id=\"application-managesites-display-component---NewSite--addressDetailDetailsCalendar-inner\"]"}
RESULT: {"using":"xpath","value":"//input[@id=\"application-managesites-display-component---NewSite--addressDetailDetailsCalendar-inner\"]"}
COMMAND: POST /session/3e4ceb57b36163f530f5479f57478588/element/f.504C58434384A4EE898B1C568961733A.d.CBE3052A6EC5748390285A7953547AFE.e.2141/clear - {}
RESULT: {}
COMMAND: POST /session/3e4ceb57b36163f530f5479f57478588/element/f.504C58434384A4EE898B1C568961733A.d.CBE3052A6EC5748390285A7953547AFE.e.2141/value - {"text":"Unit"}
COMMAND: GET /session/3e4ceb57b36163f530f5479f57478588/screenshot - {}
RESULT: {"text":"Unit"}
COMMAND: GET /session/3e4ceb57b36163f530f5479f57478588/screenshot - {}
RESULT: {}
RESULT: {}
COMMAND: POST /session/3e4ceb57b36163f530f5479f57478588/actions - {"actions":[{"id":"action7","type":"key","parameters":{},"actions":[{"type":"keyDown","value":""},{"type":"pause","duration":10},{"type":"keyUp","value":""}]}]}
RESULT: {"actions":[{"id":"action7","type":"key","parameters":{},"actions":[{"type":"keyDown","value":""},{"type":"pause","duration":10},{"type":"keyUp","value":""}]}]}
COMMAND: POST /session/3e4ceb57b36163f530f5479f57478588/element - {"using":"xpath","value":"//input[@id=\"application-managesites-display-component---NewSite--addressDetailDetailsYard-inner\"]"}
COMMAND: GET /session/3e4ceb57b36163f530f5479f57478588/screenshot - {}
RESULT: {"using":"xpath","value":"//input[@id=\"application-managesites-display-component---NewSite--addressDetailDetailsYard-inner\"]"}
COMMAND: POST /session/3e4ceb57b36163f530f5479f57478588/element/f.504C58434384A4EE898B1C568961733A.d.CBE3052A6EC5748390285A7953547AFE.e.2142/clear - {}
RESULT: {}
RESULT: {}
COMMAND: POST /session/3e4ceb57b36163f530f5479f57478588/element/f.504C58434384A4EE898B1C568961733A.d.CBE3052A6EC5748390285A7953547AFE.e.2142/value - {"text":"256"}
COMMAND: GET /session/3e4ceb57b36163f530f5479f57478588/screenshot - {}
RESULT: {"text":"256"}
COMMAND: GET /session/3e4ceb57b36163f530f5479f57478588/screenshot - {}
RESULT: {}
RESULT: {}
COMMAND: POST /session/3e4ceb57b36163f530f5479f57478588/element - {"using":"xpath","value":"//li[.//span[text()='256']]"}
RESULT: {"using":"xpath","value":"//li[.//span[text()='256']]"}
COMMAND: POST /session/3e4ceb57b36163f530f5479f57478588/element/f.504C58434384A4EE898B1C568961733A.d.CBE3052A6EC5748390285A7953547AFE.e.2400/click - {}
RESULT: {}
COMMAND: GET /session/3e4ceb57b36163f530f5479f57478588/screenshot - {}
RESULT: {}
COMMAND: POST /session/3e4ceb57b36163f530f5479f57478588/element - {"using":"xpath","value":"//input[@id=\"application-managesites-display-component---NewSite--addressDetailDetailsPartner-inner\"]"}
RESULT: {"using":"xpath","value":"//input[@id=\"application-managesites-display-component---NewSite--addressDetailDetailsPartner-inner\"]"}
COMMAND: POST /session/3e4ceb57b36163f530f5479f57478588/element - {"using":"xpath","value":"//input[@id=\"application-managesites-display-component---NewSite--addressDetailDetailsPartner-inner\"]"}
RESULT: {"using":"xpath","value":"//input[@id=\"application-managesites-display-component---NewSite--addressDetailDetailsPartner-inner\"]"}
COMMAND: POST /session/3e4ceb57b36163f530f5479f57478588/element - {"using":"xpath","value":"//button[@data-kt=\"saveButton\"]"}
RESULT: {"using":"xpath","value":"//button[@data-kt=\"saveButton\"]"}
COMMAND: POST /session/3e4ceb57b36163f530f5479f57478588/element/f.504C58434384A4EE898B1C568961733A.d.CBE3052A6EC5748390285A7953547AFE.e.2328/click - {}
RESULT: {}
COMMAND: GET /session/3e4ceb57b36163f530f5479f57478588/screenshot - {}
RESULT: {}
COMMAND: POST /session/3e4ceb57b36163f530f5479f57478588/element - {"using":"xpath","value":"//header[contains(@id, 'ObjectPageLayout-headerTitle')]/div[1]/div[2]/div[2]/span[1]"}
RESULT: {"using":"xpath","value":"//header[contains(@id, 'ObjectPageLayout-headerTitle')]/div[1]/div[2]/div[2]/span[1]"}
COMMAND: POST /session/3e4ceb57b36163f530f5479f57478588/elements - {"using":"xpath","value":"//header[contains(@id, 'ObjectPageLayout-headerTitle')]/div[1]/div[2]/div[2]/span[1]"}
RESULT: {"using":"xpath","value":"//header[contains(@id, 'ObjectPageLayout-headerTitle')]/div[1]/div[2]/div[2]/span[1]"}
COMMAND: POST /session/3e4ceb57b36163f530f5479f57478588/execute/sync - {"script":"<script> [56 bytes]","args":[{"element-6066-11e4-a52e-4f735466cecf":"f.504C58434384A4EE898B1C568961733A.d.CBE3052A6EC5748390285A7953547AFE.e.2606","ELEMENT":"f.504C58434384A4EE898B1C568961733A.d.CBE3052A6EC5748390285A7953547AFE.e.2606"}]}
RESULT: {"script":"<script> [56 bytes]","args":[{"element-6066-11e4-a52e-4f735466cecf":"f.504C58434384A4EE898B1C568961733A.d.CBE3052A6EC5748390285A7953547AFE.e.2606","ELEMENT":"f.504C58434384A4EE898B1C568961733A.d.CBE3052A6EC5748390285A7953547AFE.e.2606"}]}
COMMAND: POST /session/3e4ceb57b36163f530f5479f57478588/element - {"using":"css selector","value":"#shell-header-logo"}
COMMAND: GET /session/3e4ceb57b36163f530f5479f57478588/screenshot - {}
RESULT: {"using":"css selector","value":"#shell-header-logo"}
COMMAND: POST /session/3e4ceb57b36163f530f5479f57478588/element/f.504C58434384A4EE898B1C568961733A.d.CBE3052A6EC5748390285A7953547AFE.e.1687/click - {}
RESULT: {}
RESULT: {}
COMMAND: GET /session/3e4ceb57b36163f530f5479f57478588/screenshot - {}
RESULT: {}
]]></system-out>
    </testcase>
    <testcase classname="chrome.135_0_7049_42.windows.Billing_Transfer_-_Master_data_&amp;_Intercompany_US127250" name="Should create a new equipment" time="108.722">
      <system-out><![CDATA[
COMMAND: POST /session/3e4ceb57b36163f530f5479f57478588/execute/async - {"script":"<script> [1562 bytes]","args":[{"selector":{"controlType":"sap.m.GenericTile","properties":{"header":"Manage Resources"}},"wdio_ui5_key":"sapm.GenericTile{\"header\":\"Manage Resources\"}"}]}
RESULT: {"script":"<script> [1562 bytes]","args":[{"selector":{"controlType":"sap.m.GenericTile","properties":{"header":"Manage Resources"}},"wdio_ui5_key":"sapm.GenericTile{\"header\":\"Manage Resources\"}"}]}
RESULT: undefined
COMMAND: POST /session/3e4ceb57b36163f530f5479f57478588/element - {"using":"xpath","value":"//*[@id=\"__tile39\"]"}
RESULT: {"using":"xpath","value":"//*[@id=\"__tile39\"]"}
COMMAND: POST /session/3e4ceb57b36163f530f5479f57478588/element/f.504C58434384A4EE898B1C568961733A.d.CBE3052A6EC5748390285A7953547AFE.e.2609/click - {}
RESULT: {}
COMMAND: POST /session/3e4ceb57b36163f530f5479f57478588/element - {"using":"xpath","value":"//button[@data-kt=\"addNewRUOverflowToolbarButton\"]"}
COMMAND: GET /session/3e4ceb57b36163f530f5479f57478588/screenshot - {}
RESULT: {"using":"xpath","value":"//button[@data-kt=\"addNewRUOverflowToolbarButton\"]"}
COMMAND: POST /session/3e4ceb57b36163f530f5479f57478588/elements - {"using":"xpath","value":"//button[@data-kt=\"addNewRUOverflowToolbarButton\"]"}
RESULT: {}
RESULT: {"using":"xpath","value":"//button[@data-kt=\"addNewRUOverflowToolbarButton\"]"}
COMMAND: POST /session/3e4ceb57b36163f530f5479f57478588/elements - {"using":"xpath","value":"//button[@data-kt=\"addNewRUOverflowToolbarButton\"]"}
RESULT: {"using":"xpath","value":"//button[@data-kt=\"addNewRUOverflowToolbarButton\"]"}
COMMAND: POST /session/3e4ceb57b36163f530f5479f57478588/elements - {"using":"xpath","value":"//button[@data-kt=\"addNewRUOverflowToolbarButton\"]"}
RESULT: {"using":"xpath","value":"//button[@data-kt=\"addNewRUOverflowToolbarButton\"]"}
COMMAND: POST /session/3e4ceb57b36163f530f5479f57478588/elements - {"using":"xpath","value":"//button[@data-kt=\"addNewRUOverflowToolbarButton\"]"}
RESULT: undefined
RESULT: undefined
RESULT: {"using":"xpath","value":"//button[@data-kt=\"addNewRUOverflowToolbarButton\"]"}
COMMAND: POST /session/3e4ceb57b36163f530f5479f57478588/elements - {"using":"xpath","value":"//button[@data-kt=\"addNewRUOverflowToolbarButton\"]"}
RESULT: {"using":"xpath","value":"//button[@data-kt=\"addNewRUOverflowToolbarButton\"]"}
COMMAND: POST /session/3e4ceb57b36163f530f5479f57478588/element - {"using":"xpath","value":"//button[@data-kt=\"addNewRUOverflowToolbarButton\"]"}
RESULT: {"using":"xpath","value":"//button[@data-kt=\"addNewRUOverflowToolbarButton\"]"}
COMMAND: POST /session/3e4ceb57b36163f530f5479f57478588/execute/sync - {"script":"<script> [8489 bytes]","args":[{"element-6066-11e4-a52e-4f735466cecf":"f.504C58434384A4EE898B1C568961733A.d.CBE3052A6EC5748390285A7953547AFE.e.2639","ELEMENT":"f.504C58434384A4EE898B1C568961733A.d.CBE3052A6EC5748390285A7953547AFE.e.2639"}]}
RESULT: {"script":"<script> [8489 bytes]","args":[{"element-6066-11e4-a52e-4f735466cecf":"f.504C58434384A4EE898B1C568961733A.d.CBE3052A6EC5748390285A7953547AFE.e.2639","ELEMENT":"f.504C58434384A4EE898B1C568961733A.d.CBE3052A6EC5748390285A7953547AFE.e.2639"}]}
COMMAND: GET /session/3e4ceb57b36163f530f5479f57478588/element/f.504C58434384A4EE898B1C568961733A.d.CBE3052A6EC5748390285A7953547AFE.e.2639/enabled - {}
COMMAND: GET /session/3e4ceb57b36163f530f5479f57478588/screenshot - {}
RESULT: {}
COMMAND: POST /session/3e4ceb57b36163f530f5479f57478588/execute/sync - {"script":"<script> [8489 bytes]","args":[{"element-6066-11e4-a52e-4f735466cecf":"f.504C58434384A4EE898B1C568961733A.d.CBE3052A6EC5748390285A7953547AFE.e.2639","ELEMENT":"f.504C58434384A4EE898B1C568961733A.d.CBE3052A6EC5748390285A7953547AFE.e.2639"}]}
COMMAND: GET /session/3e4ceb57b36163f530f5479f57478588/screenshot - {}
RESULT: {}
RESULT: {"script":"<script> [8489 bytes]","args":[{"element-6066-11e4-a52e-4f735466cecf":"f.504C58434384A4EE898B1C568961733A.d.CBE3052A6EC5748390285A7953547AFE.e.2639","ELEMENT":"f.504C58434384A4EE898B1C568961733A.d.CBE3052A6EC5748390285A7953547AFE.e.2639"}]}
COMMAND: POST /session/3e4ceb57b36163f530f5479f57478588/execute/sync - {"script":"<script> [5351 bytes]","args":[{"element-6066-11e4-a52e-4f735466cecf":"f.504C58434384A4EE898B1C568961733A.d.CBE3052A6EC5748390285A7953547AFE.e.2639","ELEMENT":"f.504C58434384A4EE898B1C568961733A.d.CBE3052A6EC5748390285A7953547AFE.e.2639"}]}
COMMAND: GET /session/3e4ceb57b36163f530f5479f57478588/screenshot - {}
RESULT: {}
RESULT: {"script":"<script> [5351 bytes]","args":[{"element-6066-11e4-a52e-4f735466cecf":"f.504C58434384A4EE898B1C568961733A.d.CBE3052A6EC5748390285A7953547AFE.e.2639","ELEMENT":"f.504C58434384A4EE898B1C568961733A.d.CBE3052A6EC5748390285A7953547AFE.e.2639"}]}
COMMAND: POST /session/3e4ceb57b36163f530f5479f57478588/element/f.504C58434384A4EE898B1C568961733A.d.CBE3052A6EC5748390285A7953547AFE.e.2639/click - {}
COMMAND: GET /session/3e4ceb57b36163f530f5479f57478588/screenshot - {}
RESULT: {}
RESULT: {}
COMMAND: GET /session/3e4ceb57b36163f530f5479f57478588/screenshot - {}
COMMAND: POST /session/3e4ceb57b36163f530f5479f57478588/execute/async - {"script":"<script> [1562 bytes]","args":[{"selector":{"id":"application-manageresources-display-component---newResourceUnit--TYPE-arrow"},"wdio_ui5_key":"applicationmanageresources-display-component---newResourceUnit--TYPE-arrow"}]}
RESULT: {}
RESULT: {}
RESULT: {"script":"<script> [1562 bytes]","args":[{"selector":{"id":"application-manageresources-display-component---newResourceUnit--TYPE-arrow"},"wdio_ui5_key":"applicationmanageresources-display-component---newResourceUnit--TYPE-arrow"}]}
RESULT: undefined
COMMAND: POST /session/3e4ceb57b36163f530f5479f57478588/element - {"using":"xpath","value":"//*[@id=\"application-manageresources-display-component---newResourceUnit--TYPE-arrow\"]"}
RESULT: {"using":"xpath","value":"//*[@id=\"application-manageresources-display-component---newResourceUnit--TYPE-arrow\"]"}
COMMAND: POST /session/3e4ceb57b36163f530f5479f57478588/element/f.504C58434384A4EE898B1C568961733A.d.CBE3052A6EC5748390285A7953547AFE.e.3000/click - {}
RESULT: {}
COMMAND: POST /session/3e4ceb57b36163f530f5479f57478588/element - {"using":"xpath","value":"//input[@id=\"application-manageresources-display-component---newResourceUnit--TYPE-inner\"]"}
COMMAND: GET /session/3e4ceb57b36163f530f5479f57478588/screenshot - {}
RESULT: {"using":"xpath","value":"//input[@id=\"application-manageresources-display-component---newResourceUnit--TYPE-inner\"]"}
COMMAND: POST /session/3e4ceb57b36163f530f5479f57478588/element/f.504C58434384A4EE898B1C568961733A.d.CBE3052A6EC5748390285A7953547AFE.e.2989/clear - {}
RESULT: {}
RESULT: {}
COMMAND: POST /session/3e4ceb57b36163f530f5479f57478588/element/f.504C58434384A4EE898B1C568961733A.d.CBE3052A6EC5748390285A7953547AFE.e.2989/value - {"text":"Equipment"}
COMMAND: GET /session/3e4ceb57b36163f530f5479f57478588/screenshot - {}
RESULT: {"text":"Equipment"}
COMMAND: GET /session/3e4ceb57b36163f530f5479f57478588/screenshot - {}
RESULT: {}
RESULT: {}
COMMAND: POST /session/3e4ceb57b36163f530f5479f57478588/actions - {"actions":[{"id":"action8","type":"key","parameters":{},"actions":[{"type":"keyDown","value":""},{"type":"pause","duration":10},{"type":"keyUp","value":""}]}]}
RESULT: {"actions":[{"id":"action8","type":"key","parameters":{},"actions":[{"type":"keyDown","value":""},{"type":"pause","duration":10},{"type":"keyUp","value":""}]}]}
COMMAND: POST /session/3e4ceb57b36163f530f5479f57478588/execute/async - {"script":"<script> [1562 bytes]","args":[{"selector":{"id":"application-manageresources-display-component---newResourceUnit--resourceId","interaction":{"idSuffix":"inner"}},"wdio_ui5_key":"applicationmanageresources-display-component---newResourceUnit--resourceId"}]}
COMMAND: GET /session/3e4ceb57b36163f530f5479f57478588/screenshot - {}
RESULT: {"script":"<script> [1562 bytes]","args":[{"selector":{"id":"application-manageresources-display-component---newResourceUnit--resourceId","interaction":{"idSuffix":"inner"}},"wdio_ui5_key":"applicationmanageresources-display-component---newResourceUnit--resourceId"}]}
RESULT: undefined
COMMAND: POST /session/3e4ceb57b36163f530f5479f57478588/execute/async - {"script":"<script> [776 bytes]","args":[{"enterText":"6jmVt2UbQg","selector":{"id":"application-manageresources-display-component---newResourceUnit--resourceId","interaction":{"idSuffix":"inner"}},"clearTextFirst":true,"interactionType":"ENTER_TEXT"}]}
RESULT: {}
RESULT: {"script":"<script> [776 bytes]","args":[{"enterText":"6jmVt2UbQg","selector":{"id":"application-manageresources-display-component---newResourceUnit--resourceId","interaction":{"idSuffix":"inner"}},"clearTextFirst":true,"interactionType":"ENTER_TEXT"}]}
COMMAND: POST /session/3e4ceb57b36163f530f5479f57478588/execute/async - {"script":"<script> [1562 bytes]","args":[{"selector":{"id":"application-manageresources-display-component---newResourceUnit--SHORT_TEXT","interaction":{"idSuffix":"inner"}},"wdio_ui5_key":"applicationmanageresources-display-component---newResourceUnit--SHORT_TEXT"}]}
RESULT: {"script":"<script> [1562 bytes]","args":[{"selector":{"id":"application-manageresources-display-component---newResourceUnit--SHORT_TEXT","interaction":{"idSuffix":"inner"}},"wdio_ui5_key":"applicationmanageresources-display-component---newResourceUnit--SHORT_TEXT"}]}
RESULT: undefined
COMMAND: POST /session/3e4ceb57b36163f530f5479f57478588/execute/async - {"script":"<script> [776 bytes]","args":[{"enterText":"Intercompany Equipment WDIO","selector":{"id":"application-manageresources-display-component---newResourceUnit--SHORT_TEXT","interaction":{"idSuffix":"inner"}},"clearTextFirst":true,"interactionType":"ENTER_TEXT"}]}
RESULT: {"script":"<script> [776 bytes]","args":[{"enterText":"Intercompany Equipment WDIO","selector":{"id":"application-manageresources-display-component---newResourceUnit--SHORT_TEXT","interaction":{"idSuffix":"inner"}},"clearTextFirst":true,"interactionType":"ENTER_TEXT"}]}
COMMAND: POST /session/3e4ceb57b36163f530f5479f57478588/execute/async - {"script":"<script> [1562 bytes]","args":[{"selector":{"id":"application-manageresources-display-component---newResourceUnit--BASE_UNIT_OF_MEASURE","interaction":{"idSuffix":"inner"}},"wdio_ui5_key":"applicationmanageresources-display-component---newResourceUnit--BASE_UNIT_OF_MEASURE"}]}
RESULT: {"script":"<script> [1562 bytes]","args":[{"selector":{"id":"application-manageresources-display-component---newResourceUnit--BASE_UNIT_OF_MEASURE","interaction":{"idSuffix":"inner"}},"wdio_ui5_key":"applicationmanageresources-display-component---newResourceUnit--BASE_UNIT_OF_MEASURE"}]}
RESULT: undefined
COMMAND: POST /session/3e4ceb57b36163f530f5479f57478588/execute/async - {"script":"<script> [776 bytes]","args":[{"enterText":"Piece","selector":{"id":"application-manageresources-display-component---newResourceUnit--BASE_UNIT_OF_MEASURE","interaction":{"idSuffix":"inner"}},"clearTextFirst":true,"interactionType":"ENTER_TEXT"}]}
RESULT: {"script":"<script> [776 bytes]","args":[{"enterText":"Piece","selector":{"id":"application-manageresources-display-component---newResourceUnit--BASE_UNIT_OF_MEASURE","interaction":{"idSuffix":"inner"}},"clearTextFirst":true,"interactionType":"ENTER_TEXT"}]}
COMMAND: POST /session/3e4ceb57b36163f530f5479f57478588/execute/async - {"script":"<script> [1562 bytes]","args":[{"selector":{"id":"application-manageresources-display-component---newResourceUnit--WEIGHT_UNIT","interaction":{"idSuffix":"inner"}},"wdio_ui5_key":"applicationmanageresources-display-component---newResourceUnit--WEIGHT_UNIT"}]}
RESULT: {"script":"<script> [1562 bytes]","args":[{"selector":{"id":"application-manageresources-display-component---newResourceUnit--WEIGHT_UNIT","interaction":{"idSuffix":"inner"}},"wdio_ui5_key":"applicationmanageresources-display-component---newResourceUnit--WEIGHT_UNIT"}]}
RESULT: undefined
COMMAND: POST /session/3e4ceb57b36163f530f5479f57478588/execute/async - {"script":"<script> [776 bytes]","args":[{"enterText":"Gram","selector":{"id":"application-manageresources-display-component---newResourceUnit--WEIGHT_UNIT","interaction":{"idSuffix":"inner"}},"clearTextFirst":true,"interactionType":"ENTER_TEXT"}]}
RESULT: {"script":"<script> [776 bytes]","args":[{"enterText":"Gram","selector":{"id":"application-manageresources-display-component---newResourceUnit--WEIGHT_UNIT","interaction":{"idSuffix":"inner"}},"clearTextFirst":true,"interactionType":"ENTER_TEXT"}]}
COMMAND: POST /session/3e4ceb57b36163f530f5479f57478588/execute/async - {"script":"<script> [1562 bytes]","args":[{"selector":{"id":"application-manageresources-display-component---newResourceUnit--DIMENSION_UNIT","interaction":{"idSuffix":"inner"}},"wdio_ui5_key":"applicationmanageresources-display-component---newResourceUnit--DIMENSION_UNIT"}]}
RESULT: {"script":"<script> [1562 bytes]","args":[{"selector":{"id":"application-manageresources-display-component---newResourceUnit--DIMENSION_UNIT","interaction":{"idSuffix":"inner"}},"wdio_ui5_key":"applicationmanageresources-display-component---newResourceUnit--DIMENSION_UNIT"}]}
RESULT: undefined
COMMAND: POST /session/3e4ceb57b36163f530f5479f57478588/execute/async - {"script":"<script> [776 bytes]","args":[{"enterText":"Meter","selector":{"id":"application-manageresources-display-component---newResourceUnit--DIMENSION_UNIT","interaction":{"idSuffix":"inner"}},"clearTextFirst":true,"interactionType":"ENTER_TEXT"}]}
RESULT: {"script":"<script> [776 bytes]","args":[{"enterText":"Meter","selector":{"id":"application-manageresources-display-component---newResourceUnit--DIMENSION_UNIT","interaction":{"idSuffix":"inner"}},"clearTextFirst":true,"interactionType":"ENTER_TEXT"}]}
COMMAND: POST /session/3e4ceb57b36163f530f5479f57478588/execute/async - {"script":"<script> [1562 bytes]","args":[{"selector":{"id":"application-manageresources-display-component---newResourceUnit--newRRUPage-anchBar-application-manageresources-display-component---newResourceUnit--control-anchor","interaction":{"idSuffix":"BDI-content"}},"wdio_ui5_key":"applicationmanageresources-display-component---newResourceUnit--newRRUPage-anchBar-application-manageresources-display-component---newResourceUnit--control-anchor"}]}
RESULT: {"script":"<script> [1562 bytes]","args":[{"selector":{"id":"application-manageresources-display-component---newResourceUnit--newRRUPage-anchBar-application-manageresources-display-component---newResourceUnit--control-anchor","interaction":{"idSuffix":"BDI-content"}},"wdio_ui5_key":"applicationmanageresources-display-component---newResourceUnit--newRRUPage-anchBar-application-manageresources-display-component---newResourceUnit--control-anchor"}]}
RESULT: undefined
COMMAND: POST /session/3e4ceb57b36163f530f5479f57478588/element - {"using":"xpath","value":"//*[@id=\"application-manageresources-display-component---newResourceUnit--newRRUPage-anchBar-application-manageresources-display-component---newResourceUnit--control-anchor\"]"}
RESULT: {"using":"xpath","value":"//*[@id=\"application-manageresources-display-component---newResourceUnit--newRRUPage-anchBar-application-manageresources-display-component---newResourceUnit--control-anchor\"]"}
COMMAND: POST /session/3e4ceb57b36163f530f5479f57478588/element/f.504C58434384A4EE898B1C568961733A.d.CBE3052A6EC5748390285A7953547AFE.e.3131/click - {}
RESULT: {}
COMMAND: POST /session/3e4ceb57b36163f530f5479f57478588/execute/async - {"script":"<script> [1562 bytes]","args":[{"selector":{"id":"application-manageresources-display-component---newResourceUnit--PLANNING_GROUP","interaction":{"idSuffix":"inner"}},"wdio_ui5_key":"applicationmanageresources-display-component---newResourceUnit--PLANNING_GROUP"}]}
COMMAND: GET /session/3e4ceb57b36163f530f5479f57478588/screenshot - {}
RESULT: {"script":"<script> [1562 bytes]","args":[{"selector":{"id":"application-manageresources-display-component---newResourceUnit--PLANNING_GROUP","interaction":{"idSuffix":"inner"}},"wdio_ui5_key":"applicationmanageresources-display-component---newResourceUnit--PLANNING_GROUP"}]}
RESULT: undefined
COMMAND: POST /session/3e4ceb57b36163f530f5479f57478588/execute/async - {"script":"<script> [776 bytes]","args":[{"enterText":"Heavy Equi","selector":{"id":"application-manageresources-display-component---newResourceUnit--PLANNING_GROUP","interaction":{"idSuffix":"inner"}},"clearTextFirst":true,"interactionType":"ENTER_TEXT"}]}
RESULT: {}
RESULT: {"script":"<script> [776 bytes]","args":[{"enterText":"Heavy Equi","selector":{"id":"application-manageresources-display-component---newResourceUnit--PLANNING_GROUP","interaction":{"idSuffix":"inner"}},"clearTextFirst":true,"interactionType":"ENTER_TEXT"}]}
COMMAND: POST /session/3e4ceb57b36163f530f5479f57478588/execute/async - {"script":"<script> [1562 bytes]","args":[{"selector":{"id":"application-manageresources-display-component---newResourceUnit--ITEM_TYPE-arrow"},"wdio_ui5_key":"applicationmanageresources-display-component---newResourceUnit--ITEM_TYPE-arrow"}]}
RESULT: {"script":"<script> [1562 bytes]","args":[{"selector":{"id":"application-manageresources-display-component---newResourceUnit--ITEM_TYPE-arrow"},"wdio_ui5_key":"applicationmanageresources-display-component---newResourceUnit--ITEM_TYPE-arrow"}]}
RESULT: undefined
COMMAND: POST /session/3e4ceb57b36163f530f5479f57478588/element - {"using":"xpath","value":"//*[@id=\"application-manageresources-display-component---newResourceUnit--ITEM_TYPE-arrow\"]"}
RESULT: {"using":"xpath","value":"//*[@id=\"application-manageresources-display-component---newResourceUnit--ITEM_TYPE-arrow\"]"}
COMMAND: POST /session/3e4ceb57b36163f530f5479f57478588/element/f.504C58434384A4EE898B1C568961733A.d.CBE3052A6EC5748390285A7953547AFE.e.3140/click - {}
RESULT: {}
COMMAND: POST /session/3e4ceb57b36163f530f5479f57478588/element - {"using":"xpath","value":"(//span[contains(text(), \"Resource Unit\")])[2]"}
COMMAND: GET /session/3e4ceb57b36163f530f5479f57478588/screenshot - {}
RESULT: {"using":"xpath","value":"(//span[contains(text(), \"Resource Unit\")])[2]"}
COMMAND: POST /session/3e4ceb57b36163f530f5479f57478588/element/f.504C58434384A4EE898B1C568961733A.d.CBE3052A6EC5748390285A7953547AFE.e.3141/click - {}
RESULT: {}
RESULT: {}
COMMAND: GET /session/3e4ceb57b36163f530f5479f57478588/screenshot - {}
RESULT: {}
COMMAND: POST /session/3e4ceb57b36163f530f5479f57478588/element - {"using":"css selector","value":"#application-manageresources-display-component---newResourceUnit--btnAddTimeSegment"}
RESULT: {"using":"css selector","value":"#application-manageresources-display-component---newResourceUnit--btnAddTimeSegment"}
COMMAND: GET /session/3e4ceb57b36163f530f5479f57478588/element/f.504C58434384A4EE898B1C568961733A.d.CBE3052A6EC5748390285A7953547AFE.e.3142/rect - {}
RESULT: {}
COMMAND: GET /session/3e4ceb57b36163f530f5479f57478588/window/rect - {}
RESULT: {}
COMMAND: POST /session/3e4ceb57b36163f530f5479f57478588/execute/sync - {"script":"<script> [92 bytes]","args":[]}
RESULT: {"script":"<script> [92 bytes]","args":[]}
COMMAND: POST /session/3e4ceb57b36163f530f5479f57478588/actions - {"actions":[{"id":"action9","type":"wheel","parameters":{},"actions":[{"type":"scroll","x":-1888,"y":-32,"deltaX":0,"deltaY":0,"duration":0,"origin":{"element-6066-11e4-a52e-4f735466cecf":"f.504C58434384A4EE898B1C568961733A.d.CBE3052A6EC5748390285A7953547AFE.e.3142"}}]}]}
COMMAND: GET /session/3e4ceb57b36163f530f5479f57478588/screenshot - {}
RESULT: {}
COMMAND: POST /session/3e4ceb57b36163f530f5479f57478588/execute/sync - {"script":"<script> [79 bytes]","args":[{"element-6066-11e4-a52e-4f735466cecf":"f.504C58434384A4EE898B1C568961733A.d.CBE3052A6EC5748390285A7953547AFE.e.3142","ELEMENT":"f.504C58434384A4EE898B1C568961733A.d.CBE3052A6EC5748390285A7953547AFE.e.3142"},{"block":"start","inline":"nearest"}]}
RESULT: {"script":"<script> [79 bytes]","args":[{"element-6066-11e4-a52e-4f735466cecf":"f.504C58434384A4EE898B1C568961733A.d.CBE3052A6EC5748390285A7953547AFE.e.3142","ELEMENT":"f.504C58434384A4EE898B1C568961733A.d.CBE3052A6EC5748390285A7953547AFE.e.3142"},{"block":"start","inline":"nearest"}]}
COMMAND: POST /session/3e4ceb57b36163f530f5479f57478588/execute/async - {"script":"<script> [1562 bytes]","args":[{"selector":{"id":"application-manageresources-display-component---newResourceUnit--btnAddTimeSegment","interaction":{"idSuffix":"inner"}},"wdio_ui5_key":"applicationmanageresources-display-component---newResourceUnit--btnAddTimeSegment"}]}
COMMAND: GET /session/3e4ceb57b36163f530f5479f57478588/screenshot - {}
RESULT: {"script":"<script> [1562 bytes]","args":[{"selector":{"id":"application-manageresources-display-component---newResourceUnit--btnAddTimeSegment","interaction":{"idSuffix":"inner"}},"wdio_ui5_key":"applicationmanageresources-display-component---newResourceUnit--btnAddTimeSegment"}]}
RESULT: undefined
COMMAND: POST /session/3e4ceb57b36163f530f5479f57478588/element - {"using":"xpath","value":"//*[@id=\"application-manageresources-display-component---newResourceUnit--btnAddTimeSegment\"]"}
RESULT: {}
RESULT: {"using":"xpath","value":"//*[@id=\"application-manageresources-display-component---newResourceUnit--btnAddTimeSegment\"]"}
COMMAND: POST /session/3e4ceb57b36163f530f5479f57478588/element/f.504C58434384A4EE898B1C568961733A.d.CBE3052A6EC5748390285A7953547AFE.e.3142/click - {}
RESULT: {}
COMMAND: GET /session/3e4ceb57b36163f530f5479f57478588/screenshot - {}
RESULT: {}
COMMAND: POST /session/3e4ceb57b36163f530f5479f57478588/element - {"using":"xpath","value":"//input[@id=\"application-manageresources-display-component---newResourceUnit--idRuTSAdmin-application-manageresources-display-component---newResourceUnit--RUTimeSegment-0-inner\"]"}
RESULT: {"using":"xpath","value":"//input[@id=\"application-manageresources-display-component---newResourceUnit--idRuTSAdmin-application-manageresources-display-component---newResourceUnit--RUTimeSegment-0-inner\"]"}
COMMAND: POST /session/3e4ceb57b36163f530f5479f57478588/element/f.504C58434384A4EE898B1C568961733A.d.CBE3052A6EC5748390285A7953547AFE.e.3148/clear - {}
RESULT: {}
COMMAND: POST /session/3e4ceb57b36163f530f5479f57478588/element/f.504C58434384A4EE898B1C568961733A.d.CBE3052A6EC5748390285A7953547AFE.e.3148/value - {"text":"256"}
COMMAND: GET /session/3e4ceb57b36163f530f5479f57478588/screenshot - {}
RESULT: {"text":"256"}
COMMAND: GET /session/3e4ceb57b36163f530f5479f57478588/screenshot - {}
RESULT: {}
RESULT: {}
COMMAND: POST /session/3e4ceb57b36163f530f5479f57478588/element - {"using":"xpath","value":"//li[.//span[text()='256']]"}
RESULT: {"using":"xpath","value":"//li[.//span[text()='256']]"}
COMMAND: POST /session/3e4ceb57b36163f530f5479f57478588/element/f.504C58434384A4EE898B1C568961733A.d.CBE3052A6EC5748390285A7953547AFE.e.3160/click - {}
RESULT: {}
COMMAND: GET /session/3e4ceb57b36163f530f5479f57478588/screenshot - {}
RESULT: {}
COMMAND: POST /session/3e4ceb57b36163f530f5479f57478588/element - {"using":"xpath","value":"(//span[contains(@id, \"-application-manageresources-display-component---newResourceUnit--RUTimeSegment-0-arrow\")])[6]"}
RESULT: {"using":"xpath","value":"(//span[contains(@id, \"-application-manageresources-display-component---newResourceUnit--RUTimeSegment-0-arrow\")])[6]"}
COMMAND: POST /session/3e4ceb57b36163f530f5479f57478588/element/f.504C58434384A4EE898B1C568961733A.d.CBE3052A6EC5748390285A7953547AFE.e.3161/click - {}
RESULT: {}
COMMAND: POST /session/3e4ceb57b36163f530f5479f57478588/element - {"using":"xpath","value":"//span[contains(text(), \"PM Order\")]"}
COMMAND: GET /session/3e4ceb57b36163f530f5479f57478588/screenshot - {}
RESULT: {"using":"xpath","value":"//span[contains(text(), \"PM Order\")]"}
COMMAND: POST /session/3e4ceb57b36163f530f5479f57478588/element/f.504C58434384A4EE898B1C568961733A.d.CBE3052A6EC5748390285A7953547AFE.e.3164/click - {}
RESULT: {}
RESULT: {}
COMMAND: GET /session/3e4ceb57b36163f530f5479f57478588/screenshot - {}
RESULT: {}
COMMAND: POST /session/3e4ceb57b36163f530f5479f57478588/element - {"using":"xpath","value":"(//span[contains(@id ,\"manageresources-display-component---newResourceUnit--RUTimeSegment-0-vhi\")])[2]"}
RESULT: {"using":"xpath","value":"(//span[contains(@id ,\"manageresources-display-component---newResourceUnit--RUTimeSegment-0-vhi\")])[2]"}
COMMAND: POST /session/3e4ceb57b36163f530f5479f57478588/element/f.504C58434384A4EE898B1C568961733A.d.CBE3052A6EC5748390285A7953547AFE.e.3167/click - {}
RESULT: {}
COMMAND: GET /session/3e4ceb57b36163f530f5479f57478588/screenshot - {}
RESULT: {}
RESULT: undefined
COMMAND: POST /session/3e4ceb57b36163f530f5479f57478588/execute/async - {"script":"<script> [776 bytes]","args":[{"enterText":"4000360","selector":{"controlType":"sap.m.SearchField","properties":{"placeholder":"Search"},"searchOpenDialogs":true,"interaction":{"idSuffix":"I"}},"clearTextFirst":true,"interactionType":"ENTER_TEXT"}]}
RESULT: {"script":"<script> [776 bytes]","args":[{"enterText":"4000360","selector":{"controlType":"sap.m.SearchField","properties":{"placeholder":"Search"},"searchOpenDialogs":true,"interaction":{"idSuffix":"I"}},"clearTextFirst":true,"interactionType":"ENTER_TEXT"}]}
COMMAND: POST /session/3e4ceb57b36163f530f5479f57478588/actions - {"actions":[{"id":"action10","type":"key","parameters":{},"actions":[{"type":"keyDown","value":""},{"type":"pause","duration":10},{"type":"keyUp","value":""}]}]}
RESULT: {"actions":[{"id":"action10","type":"key","parameters":{},"actions":[{"type":"keyDown","value":""},{"type":"pause","duration":10},{"type":"keyUp","value":""}]}]}
COMMAND: GET /session/3e4ceb57b36163f530f5479f57478588/screenshot - {}
RESULT: {}
COMMAND: POST /session/3e4ceb57b36163f530f5479f57478588/element - {"using":"xpath","value":"//td/div/span[contains(text(), \"BGL Vehicles\")]"}
RESULT: {"using":"xpath","value":"//td/div/span[contains(text(), \"BGL Vehicles\")]"}
COMMAND: POST /session/3e4ceb57b36163f530f5479f57478588/element/f.504C58434384A4EE898B1C568961733A.d.CBE3052A6EC5748390285A7953547AFE.e.3185/click - {}
RESULT: {}
COMMAND: GET /session/3e4ceb57b36163f530f5479f57478588/screenshot - {}
RESULT: {}
COMMAND: POST /session/3e4ceb57b36163f530f5479f57478588/element - {"using":"xpath","value":"//bdi[contains(text(), \"OK\")]"}
RESULT: {"using":"xpath","value":"//bdi[contains(text(), \"OK\")]"}
COMMAND: POST /session/3e4ceb57b36163f530f5479f57478588/element/f.504C58434384A4EE898B1C568961733A.d.CBE3052A6EC5748390285A7953547AFE.e.3186/click - {}
RESULT: {}
COMMAND: GET /session/3e4ceb57b36163f530f5479f57478588/screenshot - {}
RESULT: {}
COMMAND: POST /session/3e4ceb57b36163f530f5479f57478588/execute/async - {"script":"<script> [1562 bytes]","args":[{"selector":{"id":"application-manageresources-display-component---newResourceUnit--newRRUPage-anchBar-application-manageresources-display-component---newResourceUnit--resource-anchor","interaction":{"idSuffix":"BDI-content"}},"wdio_ui5_key":"applicationmanageresources-display-component---newResourceUnit--newRRUPage-anchBar-application-manageresources-display-component---newResourceUnit--resource-anchor"}]}
RESULT: {"script":"<script> [1562 bytes]","args":[{"selector":{"id":"application-manageresources-display-component---newResourceUnit--newRRUPage-anchBar-application-manageresources-display-component---newResourceUnit--resource-anchor","interaction":{"idSuffix":"BDI-content"}},"wdio_ui5_key":"applicationmanageresources-display-component---newResourceUnit--newRRUPage-anchBar-application-manageresources-display-component---newResourceUnit--resource-anchor"}]}
RESULT: undefined
COMMAND: POST /session/3e4ceb57b36163f530f5479f57478588/element - {"using":"xpath","value":"//*[@id=\"application-manageresources-display-component---newResourceUnit--newRRUPage-anchBar-application-manageresources-display-component---newResourceUnit--resource-anchor\"]"}
RESULT: {"using":"xpath","value":"//*[@id=\"application-manageresources-display-component---newResourceUnit--newRRUPage-anchBar-application-manageresources-display-component---newResourceUnit--resource-anchor\"]"}
COMMAND: POST /session/3e4ceb57b36163f530f5479f57478588/element/f.504C58434384A4EE898B1C568961733A.d.CBE3052A6EC5748390285A7953547AFE.e.3190/click - {}
RESULT: {}
COMMAND: POST /session/3e4ceb57b36163f530f5479f57478588/execute/async - {"script":"<script> [1562 bytes]","args":[{"selector":{"id":"application-manageresources-display-component---newResourceUnit--PLANNED_DELIVERY_DATE","interaction":{"idSuffix":"inner"}},"wdio_ui5_key":"applicationmanageresources-display-component---newResourceUnit--PLANNED_DELIVERY_DATE"}]}
COMMAND: GET /session/3e4ceb57b36163f530f5479f57478588/screenshot - {}
RESULT: {"script":"<script> [1562 bytes]","args":[{"selector":{"id":"application-manageresources-display-component---newResourceUnit--PLANNED_DELIVERY_DATE","interaction":{"idSuffix":"inner"}},"wdio_ui5_key":"applicationmanageresources-display-component---newResourceUnit--PLANNED_DELIVERY_DATE"}]}
RESULT: undefined
COMMAND: POST /session/3e4ceb57b36163f530f5479f57478588/execute/async - {"script":"<script> [6424 bytes]","args":[{"element-6066-11e4-a52e-4f735466cecf":"f.504C58434384A4EE898B1C568961733A.d.CBE3052A6EC5748390285A7953547AFE.e.3054"},"setValue",["4/13/25"]]}
RESULT: {}
RESULT: {"script":"<script> [6424 bytes]","args":[{"element-6066-11e4-a52e-4f735466cecf":"f.504C58434384A4EE898B1C568961733A.d.CBE3052A6EC5748390285A7953547AFE.e.3054"},"setValue",["4/13/25"]]}
COMMAND: POST /session/3e4ceb57b36163f530f5479f57478588/element - {"using":"xpath","value":"//button[@data-kt=\"resourceUnitSaveButton\"]"}
RESULT: {"using":"xpath","value":"//button[@data-kt=\"resourceUnitSaveButton\"]"}
COMMAND: POST /session/3e4ceb57b36163f530f5479f57478588/element/f.504C58434384A4EE898B1C568961733A.d.CBE3052A6EC5748390285A7953547AFE.e.3015/click - {}
RESULT: {}
COMMAND: GET /session/3e4ceb57b36163f530f5479f57478588/screenshot - {}
RESULT: {}
COMMAND: POST /session/3e4ceb57b36163f530f5479f57478588/element - {"using":"xpath","value":"//bdi[contains(text(), \"Close\")]"}
RESULT: {"using":"xpath","value":"//bdi[contains(text(), \"Close\")]"}
COMMAND: POST /session/3e4ceb57b36163f530f5479f57478588/element/f.504C58434384A4EE898B1C568961733A.d.CBE3052A6EC5748390285A7953547AFE.e.3198/click - {}
RESULT: {}
COMMAND: GET /session/3e4ceb57b36163f530f5479f57478588/screenshot - {}
RESULT: {}
COMMAND: POST /session/3e4ceb57b36163f530f5479f57478588/element - {"using":"xpath","value":"(//button[contains(@id ,\"actionsToolbar-overflowButton\")])[1]"}
RESULT: {"using":"xpath","value":"(//button[contains(@id ,\"actionsToolbar-overflowButton\")])[1]"}
COMMAND: POST /session/3e4ceb57b36163f530f5479f57478588/element/f.504C58434384A4EE898B1C568961733A.d.CBE3052A6EC5748390285A7953547AFE.e.3230/click - {}
RESULT: {}
COMMAND: GET /session/3e4ceb57b36163f530f5479f57478588/screenshot - {}
RESULT: {}
COMMAND: POST /session/3e4ceb57b36163f530f5479f57478588/element - {"using":"xpath","value":"//button[@data-kt=\"priceInfoButton\"]"}
RESULT: {"using":"xpath","value":"//button[@data-kt=\"priceInfoButton\"]"}
COMMAND: POST /session/3e4ceb57b36163f530f5479f57478588/element/f.504C58434384A4EE898B1C568961733A.d.CBE3052A6EC5748390285A7953547AFE.e.3232/click - {}
RESULT: {}
COMMAND: GET /session/3e4ceb57b36163f530f5479f57478588/screenshot - {}
RESULT: {}
]]></system-out>
    </testcase>
    <testcase classname="chrome.135_0_7049_42.windows.Billing_Transfer_-_Master_data_&amp;_Intercompany_US127250" name="Should create new pricing rule TB on the equipment TB" time="51.504">
      <system-out><![CDATA[
COMMAND: POST /session/3e4ceb57b36163f530f5479f57478588/element - {"using":"xpath","value":"//button[@data-kt=\"addButton\"]"}
RESULT: {"using":"xpath","value":"//button[@data-kt=\"addButton\"]"}
COMMAND: POST /session/3e4ceb57b36163f530f5479f57478588/elements - {"using":"xpath","value":"//button[@data-kt=\"addButton\"]"}
RESULT: {"using":"xpath","value":"//button[@data-kt=\"addButton\"]"}
COMMAND: POST /session/3e4ceb57b36163f530f5479f57478588/execute/sync - {"script":"<script> [8489 bytes]","args":[{"element-6066-11e4-a52e-4f735466cecf":"f.504C58434384A4EE898B1C568961733A.d.CBE3052A6EC5748390285A7953547AFE.e.3268","ELEMENT":"f.504C58434384A4EE898B1C568961733A.d.CBE3052A6EC5748390285A7953547AFE.e.3268"}]}
RESULT: {"script":"<script> [8489 bytes]","args":[{"element-6066-11e4-a52e-4f735466cecf":"f.504C58434384A4EE898B1C568961733A.d.CBE3052A6EC5748390285A7953547AFE.e.3268","ELEMENT":"f.504C58434384A4EE898B1C568961733A.d.CBE3052A6EC5748390285A7953547AFE.e.3268"}]}
COMMAND: GET /session/3e4ceb57b36163f530f5479f57478588/element/f.504C58434384A4EE898B1C568961733A.d.CBE3052A6EC5748390285A7953547AFE.e.3268/enabled - {}
COMMAND: GET /session/3e4ceb57b36163f530f5479f57478588/screenshot - {}
RESULT: {}
COMMAND: POST /session/3e4ceb57b36163f530f5479f57478588/execute/sync - {"script":"<script> [8489 bytes]","args":[{"element-6066-11e4-a52e-4f735466cecf":"f.504C58434384A4EE898B1C568961733A.d.CBE3052A6EC5748390285A7953547AFE.e.3268","ELEMENT":"f.504C58434384A4EE898B1C568961733A.d.CBE3052A6EC5748390285A7953547AFE.e.3268"}]}
COMMAND: GET /session/3e4ceb57b36163f530f5479f57478588/screenshot - {}
RESULT: {}
RESULT: {"script":"<script> [8489 bytes]","args":[{"element-6066-11e4-a52e-4f735466cecf":"f.504C58434384A4EE898B1C568961733A.d.CBE3052A6EC5748390285A7953547AFE.e.3268","ELEMENT":"f.504C58434384A4EE898B1C568961733A.d.CBE3052A6EC5748390285A7953547AFE.e.3268"}]}
COMMAND: POST /session/3e4ceb57b36163f530f5479f57478588/execute/sync - {"script":"<script> [5351 bytes]","args":[{"element-6066-11e4-a52e-4f735466cecf":"f.504C58434384A4EE898B1C568961733A.d.CBE3052A6EC5748390285A7953547AFE.e.3268","ELEMENT":"f.504C58434384A4EE898B1C568961733A.d.CBE3052A6EC5748390285A7953547AFE.e.3268"}]}
COMMAND: GET /session/3e4ceb57b36163f530f5479f57478588/screenshot - {}
RESULT: {}
RESULT: {"script":"<script> [5351 bytes]","args":[{"element-6066-11e4-a52e-4f735466cecf":"f.504C58434384A4EE898B1C568961733A.d.CBE3052A6EC5748390285A7953547AFE.e.3268","ELEMENT":"f.504C58434384A4EE898B1C568961733A.d.CBE3052A6EC5748390285A7953547AFE.e.3268"}]}
COMMAND: POST /session/3e4ceb57b36163f530f5479f57478588/element/f.504C58434384A4EE898B1C568961733A.d.CBE3052A6EC5748390285A7953547AFE.e.3268/click - {}
COMMAND: GET /session/3e4ceb57b36163f530f5479f57478588/screenshot - {}
RESULT: {}
RESULT: {}
COMMAND: GET /session/3e4ceb57b36163f530f5479f57478588/screenshot - {}
RESULT: {}
RESULT: {}
COMMAND: POST /session/3e4ceb57b36163f530f5479f57478588/execute/async - {"script":"<script> [1562 bytes]","args":[{"selector":{"controlType":"sap.m.Title","viewName":"etm.portal.ui.managepricingrules.view.NewItem","viewId":"application-managepricingrules-display-component---newInfoPriceItem","properties":{"text":"New Pricing Rules - Item Level"}},"wdio_ui5_key":"etmportal.ui.managepricingrules.view.NewItemsap.m.Title{\"text\":\"New Pricing Rules - Item Level\"}"}]}
RESULT: {"script":"<script> [1562 bytes]","args":[{"selector":{"controlType":"sap.m.Title","viewName":"etm.portal.ui.managepricingrules.view.NewItem","viewId":"application-managepricingrules-display-component---newInfoPriceItem","properties":{"text":"New Pricing Rules - Item Level"}},"wdio_ui5_key":"etmportal.ui.managepricingrules.view.NewItemsap.m.Title{\"text\":\"New Pricing Rules - Item Level\"}"}]}
RESULT: undefined
COMMAND: POST /session/3e4ceb57b36163f530f5479f57478588/execute/async - {"script":"<script> [6424 bytes]","args":[{"element-6066-11e4-a52e-4f735466cecf":"f.504C58434384A4EE898B1C568961733A.d.CBE3052A6EC5748390285A7953547AFE.e.3439"},"getText",[]]}
RESULT: {"script":"<script> [6424 bytes]","args":[{"element-6066-11e4-a52e-4f735466cecf":"f.504C58434384A4EE898B1C568961733A.d.CBE3052A6EC5748390285A7953547AFE.e.3439"},"getText",[]]}
COMMAND: POST /session/3e4ceb57b36163f530f5479f57478588/execute/async - {"script":"<script> [1562 bytes]","args":[{"selector":{"id":"application-managepricingrules-display-component---newInfoPriceItem--condValidTo","interaction":{"idSuffix":"inner"}},"wdio_ui5_key":"applicationmanagepricingrules-display-component---newInfoPriceItem--condValidTo"}]}
RESULT: {"script":"<script> [1562 bytes]","args":[{"selector":{"id":"application-managepricingrules-display-component---newInfoPriceItem--condValidTo","interaction":{"idSuffix":"inner"}},"wdio_ui5_key":"applicationmanagepricingrules-display-component---newInfoPriceItem--condValidTo"}]}
RESULT: undefined
COMMAND: POST /session/3e4ceb57b36163f530f5479f57478588/execute/async - {"script":"<script> [776 bytes]","args":[{"enterText":"12/13/25","selector":{"id":"application-managepricingrules-display-component---newInfoPriceItem--condValidTo","interaction":{"idSuffix":"inner"}},"clearTextFirst":true,"interactionType":"ENTER_TEXT"}]}
RESULT: {"script":"<script> [776 bytes]","args":[{"enterText":"12/13/25","selector":{"id":"application-managepricingrules-display-component---newInfoPriceItem--condValidTo","interaction":{"idSuffix":"inner"}},"clearTextFirst":true,"interactionType":"ENTER_TEXT"}]}
COMMAND: POST /session/3e4ceb57b36163f530f5479f57478588/execute/async - {"script":"<script> [1562 bytes]","args":[{"selector":{"id":"application-managepricingrules-display-component---newInfoPriceItem--billType-arrow"},"wdio_ui5_key":"applicationmanagepricingrules-display-component---newInfoPriceItem--billType-arrow"}]}
RESULT: {"script":"<script> [1562 bytes]","args":[{"selector":{"id":"application-managepricingrules-display-component---newInfoPriceItem--billType-arrow"},"wdio_ui5_key":"applicationmanagepricingrules-display-component---newInfoPriceItem--billType-arrow"}]}
RESULT: undefined
COMMAND: POST /session/3e4ceb57b36163f530f5479f57478588/element - {"using":"xpath","value":"//*[@id=\"application-managepricingrules-display-component---newInfoPriceItem--billType-arrow\"]"}
RESULT: {"using":"xpath","value":"//*[@id=\"application-managepricingrules-display-component---newInfoPriceItem--billType-arrow\"]"}
COMMAND: POST /session/3e4ceb57b36163f530f5479f57478588/element/f.504C58434384A4EE898B1C568961733A.d.CBE3052A6EC5748390285A7953547AFE.e.3401/click - {}
RESULT: {}
COMMAND: POST /session/3e4ceb57b36163f530f5479f57478588/element - {"using":"xpath","value":"//span[contains(text(), \"TB - Time based\")]"}
COMMAND: GET /session/3e4ceb57b36163f530f5479f57478588/screenshot - {}
RESULT: {"using":"xpath","value":"//span[contains(text(), \"TB - Time based\")]"}
COMMAND: POST /session/3e4ceb57b36163f530f5479f57478588/element/f.504C58434384A4EE898B1C568961733A.d.CBE3052A6EC5748390285A7953547AFE.e.3442/click - {}
RESULT: {}
RESULT: {}
COMMAND: POST /session/3e4ceb57b36163f530f5479f57478588/execute/async - {"script":"<script> [1562 bytes]","args":[{"selector":{"id":"application-managepricingrules-display-component---newInfoPriceItem--priceProc-arrow"},"wdio_ui5_key":"applicationmanagepricingrules-display-component---newInfoPriceItem--priceProc-arrow"}]}
COMMAND: GET /session/3e4ceb57b36163f530f5479f57478588/screenshot - {}
RESULT: {"script":"<script> [1562 bytes]","args":[{"selector":{"id":"application-managepricingrules-display-component---newInfoPriceItem--priceProc-arrow"},"wdio_ui5_key":"applicationmanagepricingrules-display-component---newInfoPriceItem--priceProc-arrow"}]}
RESULT: undefined
COMMAND: POST /session/3e4ceb57b36163f530f5479f57478588/element - {"using":"xpath","value":"//*[@id=\"application-managepricingrules-display-component---newInfoPriceItem--priceProc-arrow\"]"}
RESULT: {}
RESULT: {"using":"xpath","value":"//*[@id=\"application-managepricingrules-display-component---newInfoPriceItem--priceProc-arrow\"]"}
COMMAND: POST /session/3e4ceb57b36163f530f5479f57478588/element/f.504C58434384A4EE898B1C568961733A.d.CBE3052A6EC5748390285A7953547AFE.e.3408/click - {}
RESULT: {}
COMMAND: POST /session/3e4ceb57b36163f530f5479f57478588/element - {"using":"xpath","value":"//span[contains(text(), \"TBS - Time based standard\")]"}
COMMAND: GET /session/3e4ceb57b36163f530f5479f57478588/screenshot - {}
RESULT: {"using":"xpath","value":"//span[contains(text(), \"TBS - Time based standard\")]"}
COMMAND: POST /session/3e4ceb57b36163f530f5479f57478588/element/f.504C58434384A4EE898B1C568961733A.d.CBE3052A6EC5748390285A7953547AFE.e.3443/click - {}
RESULT: {}
RESULT: {}
COMMAND: POST /session/3e4ceb57b36163f530f5479f57478588/execute/async - {"script":"<script> [1562 bytes]","args":[{"selector":{"id":"application-managepricingrules-display-component---newInfoPriceItem--calcBase-arrow"},"wdio_ui5_key":"applicationmanagepricingrules-display-component---newInfoPriceItem--calcBase-arrow"}]}
COMMAND: GET /session/3e4ceb57b36163f530f5479f57478588/screenshot - {}
RESULT: {"script":"<script> [1562 bytes]","args":[{"selector":{"id":"application-managepricingrules-display-component---newInfoPriceItem--calcBase-arrow"},"wdio_ui5_key":"applicationmanagepricingrules-display-component---newInfoPriceItem--calcBase-arrow"}]}
RESULT: undefined
COMMAND: POST /session/3e4ceb57b36163f530f5479f57478588/element - {"using":"xpath","value":"//*[@id=\"application-managepricingrules-display-component---newInfoPriceItem--calcBase-arrow\"]"}
RESULT: {}
RESULT: {"using":"xpath","value":"//*[@id=\"application-managepricingrules-display-component---newInfoPriceItem--calcBase-arrow\"]"}
COMMAND: POST /session/3e4ceb57b36163f530f5479f57478588/element/f.504C58434384A4EE898B1C568961733A.d.CBE3052A6EC5748390285A7953547AFE.e.3415/click - {}
RESULT: {}
COMMAND: GET /session/3e4ceb57b36163f530f5479f57478588/screenshot - {}
RESULT: {}
COMMAND: POST /session/3e4ceb57b36163f530f5479f57478588/element - {"using":"xpath","value":"//span[contains(text(), \"0006 - TB(calendar days)\")]"}
RESULT: {"using":"xpath","value":"//span[contains(text(), \"0006 - TB(calendar days)\")]"}
COMMAND: POST /session/3e4ceb57b36163f530f5479f57478588/element/f.504C58434384A4EE898B1C568961733A.d.CBE3052A6EC5748390285A7953547AFE.e.3444/click - {}
RESULT: {}
COMMAND: GET /session/3e4ceb57b36163f530f5479f57478588/screenshot - {}
RESULT: {}
COMMAND: POST /session/3e4ceb57b36163f530f5479f57478588/execute/async - {"script":"<script> [1562 bytes]","args":[{"selector":{"id":"application-managepricingrules-display-component---newInfoPriceItem--daysMonth","interaction":{"idSuffix":"inner"}},"wdio_ui5_key":"applicationmanagepricingrules-display-component---newInfoPriceItem--daysMonth"}]}
RESULT: {"script":"<script> [1562 bytes]","args":[{"selector":{"id":"application-managepricingrules-display-component---newInfoPriceItem--daysMonth","interaction":{"idSuffix":"inner"}},"wdio_ui5_key":"applicationmanagepricingrules-display-component---newInfoPriceItem--daysMonth"}]}
RESULT: undefined
COMMAND: POST /session/3e4ceb57b36163f530f5479f57478588/execute/async - {"script":"<script> [776 bytes]","args":[{"enterText":"30","selector":{"id":"application-managepricingrules-display-component---newInfoPriceItem--daysMonth","interaction":{"idSuffix":"inner"}},"clearTextFirst":true,"interactionType":"ENTER_TEXT"}]}
RESULT: {"script":"<script> [776 bytes]","args":[{"enterText":"30","selector":{"id":"application-managepricingrules-display-component---newInfoPriceItem--daysMonth","interaction":{"idSuffix":"inner"}},"clearTextFirst":true,"interactionType":"ENTER_TEXT"}]}
COMMAND: POST /session/3e4ceb57b36163f530f5479f57478588/element - {"using":"xpath","value":"//button[@data-kt=\"saveNewRuleButton\"]"}
RESULT: {"using":"xpath","value":"//button[@data-kt=\"saveNewRuleButton\"]"}
COMMAND: POST /session/3e4ceb57b36163f530f5479f57478588/element/f.504C58434384A4EE898B1C568961733A.d.CBE3052A6EC5748390285A7953547AFE.e.3435/click - {}
RESULT: {}
COMMAND: GET /session/3e4ceb57b36163f530f5479f57478588/screenshot - {}
RESULT: {}
COMMAND: POST /session/3e4ceb57b36163f530f5479f57478588/execute/async - {"script":"<script> [1562 bytes]","args":[{"selector":{"id":"application-managepricingrules-display-component---priceInfoItem--smartFilterBar-btnBasicSearch","interaction":{"idSuffix":"I"}},"wdio_ui5_key":"applicationmanagepricingrules-display-component---priceInfoItem--smartFilterBar-btnBasicSearch"}]}
RESULT: {"script":"<script> [1562 bytes]","args":[{"selector":{"id":"application-managepricingrules-display-component---priceInfoItem--smartFilterBar-btnBasicSearch","interaction":{"idSuffix":"I"}},"wdio_ui5_key":"applicationmanagepricingrules-display-component---priceInfoItem--smartFilterBar-btnBasicSearch"}]}
RESULT: undefined
COMMAND: POST /session/3e4ceb57b36163f530f5479f57478588/execute/async - {"script":"<script> [776 bytes]","args":[{"enterText":"6jmVt2UbQg","selector":{"id":"application-managepricingrules-display-component---priceInfoItem--smartFilterBar-btnBasicSearch","interaction":{"idSuffix":"I"}},"clearTextFirst":true,"interactionType":"ENTER_TEXT"}]}
RESULT: {"script":"<script> [776 bytes]","args":[{"enterText":"6jmVt2UbQg","selector":{"id":"application-managepricingrules-display-component---priceInfoItem--smartFilterBar-btnBasicSearch","interaction":{"idSuffix":"I"}},"clearTextFirst":true,"interactionType":"ENTER_TEXT"}]}
COMMAND: POST /session/3e4ceb57b36163f530f5479f57478588/actions - {"actions":[{"id":"action11","type":"key","parameters":{},"actions":[{"type":"keyDown","value":""},{"type":"pause","duration":10},{"type":"keyUp","value":""}]}]}
RESULT: {"actions":[{"id":"action11","type":"key","parameters":{},"actions":[{"type":"keyDown","value":""},{"type":"pause","duration":10},{"type":"keyUp","value":""}]}]}
COMMAND: GET /session/3e4ceb57b36163f530f5479f57478588/screenshot - {}
RESULT: {}
COMMAND: POST /session/3e4ceb57b36163f530f5479f57478588/element - {"using":"xpath","value":"//span[@id=\"application-managepricingrules-display-component---priceInfoItem--smartTable-header-inner\"]"}
RESULT: {"using":"xpath","value":"//span[@id=\"application-managepricingrules-display-component---priceInfoItem--smartTable-header-inner\"]"}
COMMAND: POST /session/3e4ceb57b36163f530f5479f57478588/elements - {"using":"xpath","value":"//span[@id=\"application-managepricingrules-display-component---priceInfoItem--smartTable-header-inner\"]"}
RESULT: {"using":"xpath","value":"//span[@id=\"application-managepricingrules-display-component---priceInfoItem--smartTable-header-inner\"]"}
COMMAND: POST /session/3e4ceb57b36163f530f5479f57478588/execute/sync - {"script":"<script> [56 bytes]","args":[{"element-6066-11e4-a52e-4f735466cecf":"f.504C58434384A4EE898B1C568961733A.d.CBE3052A6EC5748390285A7953547AFE.e.3468","ELEMENT":"f.504C58434384A4EE898B1C568961733A.d.CBE3052A6EC5748390285A7953547AFE.e.3468"}]}
RESULT: {"script":"<script> [56 bytes]","args":[{"element-6066-11e4-a52e-4f735466cecf":"f.504C58434384A4EE898B1C568961733A.d.CBE3052A6EC5748390285A7953547AFE.e.3468","ELEMENT":"f.504C58434384A4EE898B1C568961733A.d.CBE3052A6EC5748390285A7953547AFE.e.3468"}]}
COMMAND: POST /session/3e4ceb57b36163f530f5479f57478588/element - {"using":"css selector","value":"#shell-header-logo"}
COMMAND: GET /session/3e4ceb57b36163f530f5479f57478588/screenshot - {}
RESULT: {"using":"css selector","value":"#shell-header-logo"}
COMMAND: POST /session/3e4ceb57b36163f530f5479f57478588/element/f.504C58434384A4EE898B1C568961733A.d.CBE3052A6EC5748390285A7953547AFE.e.2611/click - {}
RESULT: {}
RESULT: {}
COMMAND: GET /session/3e4ceb57b36163f530f5479f57478588/screenshot - {}
RESULT: {}
]]></system-out>
    </testcase>
    <testcase classname="chrome.135_0_7049_42.windows.Billing_Transfer_-_Master_data_&amp;_Intercompany_US127250" name="Should create new condition for equipment TB" time="64.57">
      <system-out><![CDATA[
COMMAND: POST /session/3e4ceb57b36163f530f5479f57478588/execute/async - {"script":"<script> [1562 bytes]","args":[{"selector":{"controlType":"sap.m.Text","properties":{"text":"Manage Conditions & Prices"},"interaction":{"idSuffix":"inner"}},"wdio_ui5_key":"sapm.Text{\"text\":\"Manage Conditions & Prices\"}"}]}
RESULT: {"script":"<script> [1562 bytes]","args":[{"selector":{"controlType":"sap.m.Text","properties":{"text":"Manage Conditions & Prices"},"interaction":{"idSuffix":"inner"}},"wdio_ui5_key":"sapm.Text{\"text\":\"Manage Conditions & Prices\"}"}]}
RESULT: undefined
COMMAND: POST /session/3e4ceb57b36163f530f5479f57478588/element - {"using":"xpath","value":"//*[@id=\"__tile53-title\"]"}
RESULT: {"using":"xpath","value":"//*[@id=\"__tile53-title\"]"}
COMMAND: POST /session/3e4ceb57b36163f530f5479f57478588/element/f.504C58434384A4EE898B1C568961733A.d.CBE3052A6EC5748390285A7953547AFE.e.3471/click - {}
RESULT: {}
COMMAND: POST /session/3e4ceb57b36163f530f5479f57478588/element - {"using":"xpath","value":"//button[@aria-label=\"Create\"]"}
COMMAND: GET /session/3e4ceb57b36163f530f5479f57478588/screenshot - {}
RESULT: {"using":"xpath","value":"//button[@aria-label=\"Create\"]"}
COMMAND: POST /session/3e4ceb57b36163f530f5479f57478588/elements - {"using":"xpath","value":"//button[@aria-label=\"Create\"]"}
RESULT: {}
RESULT: {"using":"xpath","value":"//button[@aria-label=\"Create\"]"}
COMMAND: POST /session/3e4ceb57b36163f530f5479f57478588/elements - {"using":"xpath","value":"//button[@aria-label=\"Create\"]"}
RESULT: {"using":"xpath","value":"//button[@aria-label=\"Create\"]"}
COMMAND: POST /session/3e4ceb57b36163f530f5479f57478588/elements - {"using":"xpath","value":"//button[@aria-label=\"Create\"]"}
RESULT: {"using":"xpath","value":"//button[@aria-label=\"Create\"]"}
COMMAND: POST /session/3e4ceb57b36163f530f5479f57478588/elements - {"using":"xpath","value":"//button[@aria-label=\"Create\"]"}
RESULT: {"using":"xpath","value":"//button[@aria-label=\"Create\"]"}
COMMAND: POST /session/3e4ceb57b36163f530f5479f57478588/element - {"using":"xpath","value":"//button[@aria-label=\"Create\"]"}
RESULT: {"using":"xpath","value":"//button[@aria-label=\"Create\"]"}
COMMAND: POST /session/3e4ceb57b36163f530f5479f57478588/execute/sync - {"script":"<script> [8489 bytes]","args":[{"element-6066-11e4-a52e-4f735466cecf":"f.504C58434384A4EE898B1C568961733A.d.CBE3052A6EC5748390285A7953547AFE.e.3510","ELEMENT":"f.504C58434384A4EE898B1C568961733A.d.CBE3052A6EC5748390285A7953547AFE.e.3510"}]}
RESULT: {"script":"<script> [8489 bytes]","args":[{"element-6066-11e4-a52e-4f735466cecf":"f.504C58434384A4EE898B1C568961733A.d.CBE3052A6EC5748390285A7953547AFE.e.3510","ELEMENT":"f.504C58434384A4EE898B1C568961733A.d.CBE3052A6EC5748390285A7953547AFE.e.3510"}]}
COMMAND: GET /session/3e4ceb57b36163f530f5479f57478588/element/f.504C58434384A4EE898B1C568961733A.d.CBE3052A6EC5748390285A7953547AFE.e.3510/enabled - {}
COMMAND: GET /session/3e4ceb57b36163f530f5479f57478588/screenshot - {}
RESULT: {}
COMMAND: POST /session/3e4ceb57b36163f530f5479f57478588/execute/sync - {"script":"<script> [8489 bytes]","args":[{"element-6066-11e4-a52e-4f735466cecf":"f.504C58434384A4EE898B1C568961733A.d.CBE3052A6EC5748390285A7953547AFE.e.3510","ELEMENT":"f.504C58434384A4EE898B1C568961733A.d.CBE3052A6EC5748390285A7953547AFE.e.3510"}]}
COMMAND: GET /session/3e4ceb57b36163f530f5479f57478588/screenshot - {}
RESULT: {}
RESULT: {"script":"<script> [8489 bytes]","args":[{"element-6066-11e4-a52e-4f735466cecf":"f.504C58434384A4EE898B1C568961733A.d.CBE3052A6EC5748390285A7953547AFE.e.3510","ELEMENT":"f.504C58434384A4EE898B1C568961733A.d.CBE3052A6EC5748390285A7953547AFE.e.3510"}]}
COMMAND: POST /session/3e4ceb57b36163f530f5479f57478588/execute/sync - {"script":"<script> [5351 bytes]","args":[{"element-6066-11e4-a52e-4f735466cecf":"f.504C58434384A4EE898B1C568961733A.d.CBE3052A6EC5748390285A7953547AFE.e.3510","ELEMENT":"f.504C58434384A4EE898B1C568961733A.d.CBE3052A6EC5748390285A7953547AFE.e.3510"}]}
COMMAND: GET /session/3e4ceb57b36163f530f5479f57478588/screenshot - {}
RESULT: {}
RESULT: {"script":"<script> [5351 bytes]","args":[{"element-6066-11e4-a52e-4f735466cecf":"f.504C58434384A4EE898B1C568961733A.d.CBE3052A6EC5748390285A7953547AFE.e.3510","ELEMENT":"f.504C58434384A4EE898B1C568961733A.d.CBE3052A6EC5748390285A7953547AFE.e.3510"}]}
COMMAND: POST /session/3e4ceb57b36163f530f5479f57478588/element/f.504C58434384A4EE898B1C568961733A.d.CBE3052A6EC5748390285A7953547AFE.e.3510/click - {}
COMMAND: GET /session/3e4ceb57b36163f530f5479f57478588/screenshot - {}
RESULT: {}
RESULT: {}
COMMAND: GET /session/3e4ceb57b36163f530f5479f57478588/screenshot - {}
RESULT: {}
RESULT: {}
COMMAND: POST /session/3e4ceb57b36163f530f5479f57478588/actions - {"actions":[{"id":"action12","type":"key","parameters":{},"actions":[{"type":"keyDown","value":""},{"type":"pause","duration":10},{"type":"keyUp","value":""}]}]}
RESULT: {"actions":[{"id":"action12","type":"key","parameters":{},"actions":[{"type":"keyDown","value":""},{"type":"pause","duration":10},{"type":"keyUp","value":""}]}]}
COMMAND: GET /session/3e4ceb57b36163f530f5479f57478588/screenshot - {}
RESULT: {}
COMMAND: POST /session/3e4ceb57b36163f530f5479f57478588/execute/async - {"script":"<script> [1562 bytes]","args":[{"selector":{"id":"application-manageconditionprice-display-component---newCondition--condBillCond-arrow"},"wdio_ui5_key":"applicationmanageconditionprice-display-component---newCondition--condBillCond-arrow"}]}
RESULT: {"script":"<script> [1562 bytes]","args":[{"selector":{"id":"application-manageconditionprice-display-component---newCondition--condBillCond-arrow"},"wdio_ui5_key":"applicationmanageconditionprice-display-component---newCondition--condBillCond-arrow"}]}
RESULT: undefined
COMMAND: POST /session/3e4ceb57b36163f530f5479f57478588/element - {"using":"xpath","value":"//*[@id=\"application-manageconditionprice-display-component---newCondition--condBillCond-arrow\"]"}
RESULT: {"using":"xpath","value":"//*[@id=\"application-manageconditionprice-display-component---newCondition--condBillCond-arrow\"]"}
COMMAND: POST /session/3e4ceb57b36163f530f5479f57478588/element/f.504C58434384A4EE898B1C568961733A.d.CBE3052A6EC5748390285A7953547AFE.e.3718/click - {}
RESULT: {}
COMMAND: GET /session/3e4ceb57b36163f530f5479f57478588/screenshot - {}
RESULT: {}
COMMAND: POST /session/3e4ceb57b36163f530f5479f57478588/element - {"using":"xpath","value":"//li[.//span[contains(text(), \"DISP - D&I special price\")]]"}
RESULT: {"using":"xpath","value":"//li[.//span[contains(text(), \"DISP - D&I special price\")]]"}
COMMAND: POST /session/3e4ceb57b36163f530f5479f57478588/element/f.504C58434384A4EE898B1C568961733A.d.CBE3052A6EC5748390285A7953547AFE.e.3721/click - {}
RESULT: {}
COMMAND: GET /session/3e4ceb57b36163f530f5479f57478588/screenshot - {}
RESULT: {}
COMMAND: POST /session/3e4ceb57b36163f530f5479f57478588/execute/async - {"script":"<script> [1562 bytes]","args":[{"selector":{"id":"application-manageconditionprice-display-component---newCondition--condValidTo","interaction":{"idSuffix":"inner"}},"wdio_ui5_key":"applicationmanageconditionprice-display-component---newCondition--condValidTo"}]}
RESULT: {"script":"<script> [1562 bytes]","args":[{"selector":{"id":"application-manageconditionprice-display-component---newCondition--condValidTo","interaction":{"idSuffix":"inner"}},"wdio_ui5_key":"applicationmanageconditionprice-display-component---newCondition--condValidTo"}]}
RESULT: undefined
COMMAND: POST /session/3e4ceb57b36163f530f5479f57478588/execute/async - {"script":"<script> [776 bytes]","args":[{"enterText":"12/13/25","selector":{"id":"application-manageconditionprice-display-component---newCondition--condValidTo","interaction":{"idSuffix":"inner"}},"clearTextFirst":true,"interactionType":"ENTER_TEXT"}]}
RESULT: {"script":"<script> [776 bytes]","args":[{"enterText":"12/13/25","selector":{"id":"application-manageconditionprice-display-component---newCondition--condValidTo","interaction":{"idSuffix":"inner"}},"clearTextFirst":true,"interactionType":"ENTER_TEXT"}]}
COMMAND: POST /session/3e4ceb57b36163f530f5479f57478588/element - {"using":"xpath","value":"//input[@id=\"application-manageconditionprice-display-component---newCondition--condRU-inner\"]"}
RESULT: {"using":"xpath","value":"//input[@id=\"application-manageconditionprice-display-component---newCondition--condRU-inner\"]"}
COMMAND: POST /session/3e4ceb57b36163f530f5479f57478588/element/f.504C58434384A4EE898B1C568961733A.d.CBE3052A6EC5748390285A7953547AFE.e.3583/clear - {}
RESULT: {}
COMMAND: POST /session/3e4ceb57b36163f530f5479f57478588/element/f.504C58434384A4EE898B1C568961733A.d.CBE3052A6EC5748390285A7953547AFE.e.3583/value - {"text":"6jmVt2UbQg"}
COMMAND: GET /session/3e4ceb57b36163f530f5479f57478588/screenshot - {}
RESULT: {"text":"6jmVt2UbQg"}
COMMAND: GET /session/3e4ceb57b36163f530f5479f57478588/screenshot - {}
RESULT: {}
RESULT: {}
COMMAND: POST /session/3e4ceb57b36163f530f5479f57478588/actions - {"actions":[{"id":"action13","type":"key","parameters":{},"actions":[{"type":"keyDown","value":""},{"type":"pause","duration":10},{"type":"keyUp","value":""}]}]}
RESULT: {"actions":[{"id":"action13","type":"key","parameters":{},"actions":[{"type":"keyDown","value":""},{"type":"pause","duration":10},{"type":"keyUp","value":""}]}]}
COMMAND: POST /session/3e4ceb57b36163f530f5479f57478588/execute/async - {"script":"<script> [1562 bytes]","args":[{"selector":{"id":"application-manageconditionprice-display-component---newCondition--condBaseQty","interaction":{"idSuffix":"inner"}},"wdio_ui5_key":"applicationmanageconditionprice-display-component---newCondition--condBaseQty"}]}
COMMAND: GET /session/3e4ceb57b36163f530f5479f57478588/screenshot - {}
RESULT: {"script":"<script> [1562 bytes]","args":[{"selector":{"id":"application-manageconditionprice-display-component---newCondition--condBaseQty","interaction":{"idSuffix":"inner"}},"wdio_ui5_key":"applicationmanageconditionprice-display-component---newCondition--condBaseQty"}]}
RESULT: undefined
COMMAND: POST /session/3e4ceb57b36163f530f5479f57478588/execute/async - {"script":"<script> [776 bytes]","args":[{"enterText":"1","selector":{"id":"application-manageconditionprice-display-component---newCondition--condBaseQty","interaction":{"idSuffix":"inner"}},"clearTextFirst":true,"interactionType":"ENTER_TEXT"}]}
RESULT: {}
RESULT: {"script":"<script> [776 bytes]","args":[{"enterText":"1","selector":{"id":"application-manageconditionprice-display-component---newCondition--condBaseQty","interaction":{"idSuffix":"inner"}},"clearTextFirst":true,"interactionType":"ENTER_TEXT"}]}
COMMAND: POST /session/3e4ceb57b36163f530f5479f57478588/execute/async - {"script":"<script> [1562 bytes]","args":[{"selector":{"id":"application-manageconditionprice-display-component---newCondition--condValue","interaction":{"idSuffix":"inner"}},"wdio_ui5_key":"applicationmanageconditionprice-display-component---newCondition--condValue"}]}
RESULT: {"script":"<script> [1562 bytes]","args":[{"selector":{"id":"application-manageconditionprice-display-component---newCondition--condValue","interaction":{"idSuffix":"inner"}},"wdio_ui5_key":"applicationmanageconditionprice-display-component---newCondition--condValue"}]}
RESULT: undefined
COMMAND: POST /session/3e4ceb57b36163f530f5479f57478588/execute/async - {"script":"<script> [776 bytes]","args":[{"enterText":"100","selector":{"id":"application-manageconditionprice-display-component---newCondition--condValue","interaction":{"idSuffix":"inner"}},"clearTextFirst":true,"interactionType":"ENTER_TEXT"}]}
RESULT: {"script":"<script> [776 bytes]","args":[{"enterText":"100","selector":{"id":"application-manageconditionprice-display-component---newCondition--condValue","interaction":{"idSuffix":"inner"}},"clearTextFirst":true,"interactionType":"ENTER_TEXT"}]}
COMMAND: POST /session/3e4ceb57b36163f530f5479f57478588/execute/async - {"script":"<script> [1562 bytes]","args":[{"selector":{"id":"application-manageconditionprice-display-component---newCondition--condCurr-arrow"},"wdio_ui5_key":"applicationmanageconditionprice-display-component---newCondition--condCurr-arrow"}]}
RESULT: {"script":"<script> [1562 bytes]","args":[{"selector":{"id":"application-manageconditionprice-display-component---newCondition--condCurr-arrow"},"wdio_ui5_key":"applicationmanageconditionprice-display-component---newCondition--condCurr-arrow"}]}
RESULT: undefined
COMMAND: POST /session/3e4ceb57b36163f530f5479f57478588/element - {"using":"xpath","value":"//*[@id=\"application-manageconditionprice-display-component---newCondition--condCurr-arrow\"]"}
RESULT: {"using":"xpath","value":"//*[@id=\"application-manageconditionprice-display-component---newCondition--condCurr-arrow\"]"}
COMMAND: POST /session/3e4ceb57b36163f530f5479f57478588/element/f.504C58434384A4EE898B1C568961733A.d.CBE3052A6EC5748390285A7953547AFE.e.3692/click - {}
RESULT: {}
COMMAND: POST /session/3e4ceb57b36163f530f5479f57478588/element - {"using":"xpath","value":"//span[contains(text(), \"Euro\")]"}
COMMAND: GET /session/3e4ceb57b36163f530f5479f57478588/screenshot - {}
RESULT: {"using":"xpath","value":"//span[contains(text(), \"Euro\")]"}
COMMAND: POST /session/3e4ceb57b36163f530f5479f57478588/element/f.504C58434384A4EE898B1C568961733A.d.CBE3052A6EC5748390285A7953547AFE.e.3758/click - {}
RESULT: {}
RESULT: {}
COMMAND: POST /session/3e4ceb57b36163f530f5479f57478588/element - {"using":"xpath","value":"//button[@data-kt=\"saveButton\"]"}
COMMAND: GET /session/3e4ceb57b36163f530f5479f57478588/screenshot - {}
RESULT: {"using":"xpath","value":"//button[@data-kt=\"saveButton\"]"}
COMMAND: POST /session/3e4ceb57b36163f530f5479f57478588/element/f.504C58434384A4EE898B1C568961733A.d.CBE3052A6EC5748390285A7953547AFE.e.3693/click - {}
RESULT: {}
RESULT: {}
COMMAND: GET /session/3e4ceb57b36163f530f5479f57478588/screenshot - {}
RESULT: {}
COMMAND: POST /session/3e4ceb57b36163f530f5479f57478588/execute/async - {"script":"<script> [1562 bytes]","args":[{"selector":{"id":"application-manageconditionprice-display-component---conditions--smartFilterBar-btnBasicSearch","interaction":{"idSuffix":"I"}},"wdio_ui5_key":"applicationmanageconditionprice-display-component---conditions--smartFilterBar-btnBasicSearch"}]}
RESULT: {"script":"<script> [1562 bytes]","args":[{"selector":{"id":"application-manageconditionprice-display-component---conditions--smartFilterBar-btnBasicSearch","interaction":{"idSuffix":"I"}},"wdio_ui5_key":"applicationmanageconditionprice-display-component---conditions--smartFilterBar-btnBasicSearch"}]}
RESULT: undefined
COMMAND: POST /session/3e4ceb57b36163f530f5479f57478588/execute/async - {"script":"<script> [776 bytes]","args":[{"enterText":"6jmVt2UbQg","selector":{"id":"application-manageconditionprice-display-component---conditions--smartFilterBar-btnBasicSearch","interaction":{"idSuffix":"I"}},"clearTextFirst":true,"interactionType":"ENTER_TEXT"}]}
RESULT: {"script":"<script> [776 bytes]","args":[{"enterText":"6jmVt2UbQg","selector":{"id":"application-manageconditionprice-display-component---conditions--smartFilterBar-btnBasicSearch","interaction":{"idSuffix":"I"}},"clearTextFirst":true,"interactionType":"ENTER_TEXT"}]}
COMMAND: POST /session/3e4ceb57b36163f530f5479f57478588/actions - {"actions":[{"id":"action14","type":"key","parameters":{},"actions":[{"type":"keyDown","value":""},{"type":"pause","duration":10},{"type":"keyUp","value":""}]}]}
RESULT: {"actions":[{"id":"action14","type":"key","parameters":{},"actions":[{"type":"keyDown","value":""},{"type":"pause","duration":10},{"type":"keyUp","value":""}]}]}
COMMAND: GET /session/3e4ceb57b36163f530f5479f57478588/screenshot - {}
RESULT: {}
COMMAND: POST /session/3e4ceb57b36163f530f5479f57478588/execute/async - {"script":"<script> [1562 bytes]","args":[{"selector":{"id":"application-manageconditionprice-display-component---conditions--smartFilterBar-filterItemControl_BASIC-BILL_TYPES-vhi"},"wdio_ui5_key":"applicationmanageconditionprice-display-component---conditions--smartFilterBar-filterItemControl_BASIC-BILL_TYPES-vhi"}]}
RESULT: {"script":"<script> [1562 bytes]","args":[{"selector":{"id":"application-manageconditionprice-display-component---conditions--smartFilterBar-filterItemControl_BASIC-BILL_TYPES-vhi"},"wdio_ui5_key":"applicationmanageconditionprice-display-component---conditions--smartFilterBar-filterItemControl_BASIC-BILL_TYPES-vhi"}]}
RESULT: undefined
COMMAND: POST /session/3e4ceb57b36163f530f5479f57478588/element - {"using":"xpath","value":"//*[@id=\"application-manageconditionprice-display-component---conditions--smartFilterBar-filterItemControl_BASIC-BILL_TYPES-vhi\"]"}
RESULT: {"using":"xpath","value":"//*[@id=\"application-manageconditionprice-display-component---conditions--smartFilterBar-filterItemControl_BASIC-BILL_TYPES-vhi\"]"}
COMMAND: POST /session/3e4ceb57b36163f530f5479f57478588/element/f.504C58434384A4EE898B1C568961733A.d.CBE3052A6EC5748390285A7953547AFE.e.3864/click - {}
RESULT: {}
COMMAND: POST /session/3e4ceb57b36163f530f5479f57478588/execute/async - {"script":"<script> [1562 bytes]","args":[{"selector":{"id":"application-manageconditionprice-display-component---conditions--smartFilterBar-filterItemControl_BASIC-BILL_TYPES-valueHelpDialog-smartFilterBar-btnBasicSearch","searchOpenDialogs":true,"interaction":{"idSuffix":"I"}},"wdio_ui5_key":"applicationmanageconditionprice-display-component---conditions--smartFilterBar-filterItemControl_BASIC-BILL_TYPES-valueHelpDialog-smartFilterBar-btnBasicSearch"}]}
COMMAND: GET /session/3e4ceb57b36163f530f5479f57478588/screenshot - {}
RESULT: {"script":"<script> [1562 bytes]","args":[{"selector":{"id":"application-manageconditionprice-display-component---conditions--smartFilterBar-filterItemControl_BASIC-BILL_TYPES-valueHelpDialog-smartFilterBar-btnBasicSearch","searchOpenDialogs":true,"interaction":{"idSuffix":"I"}},"wdio_ui5_key":"applicationmanageconditionprice-display-component---conditions--smartFilterBar-filterItemControl_BASIC-BILL_TYPES-valueHelpDialog-smartFilterBar-btnBasicSearch"}]}
RESULT: undefined
COMMAND: POST /session/3e4ceb57b36163f530f5479f57478588/execute/async - {"script":"<script> [776 bytes]","args":[{"enterText":"TB","selector":{"id":"application-manageconditionprice-display-component---conditions--smartFilterBar-filterItemControl_BASIC-BILL_TYPES-valueHelpDialog-smartFilterBar-btnBasicSearch","searchOpenDialogs":true,"interaction":{"idSuffix":"I"}},"clearTextFirst":true,"interactionType":"ENTER_TEXT"}]}
RESULT: {}
RESULT: {"script":"<script> [776 bytes]","args":[{"enterText":"TB","selector":{"id":"application-manageconditionprice-display-component---conditions--smartFilterBar-filterItemControl_BASIC-BILL_TYPES-valueHelpDialog-smartFilterBar-btnBasicSearch","searchOpenDialogs":true,"interaction":{"idSuffix":"I"}},"clearTextFirst":true,"interactionType":"ENTER_TEXT"}]}
COMMAND: POST /session/3e4ceb57b36163f530f5479f57478588/actions - {"actions":[{"id":"action15","type":"key","parameters":{},"actions":[{"type":"keyDown","value":""},{"type":"pause","duration":10},{"type":"keyUp","value":""}]}]}
RESULT: {"actions":[{"id":"action15","type":"key","parameters":{},"actions":[{"type":"keyDown","value":""},{"type":"pause","duration":10},{"type":"keyUp","value":""}]}]}
COMMAND: GET /session/3e4ceb57b36163f530f5479f57478588/screenshot - {}
RESULT: {}
COMMAND: POST /session/3e4ceb57b36163f530f5479f57478588/element - {"using":"xpath","value":"//div[contains(@id, 'application-manageconditionprice-display-component---conditions--smartFilterBar-filterItemControl_BASIC-BILL_TYPES-valueHelpDialog-table-rowsel0')]"}
RESULT: {"using":"xpath","value":"//div[contains(@id, 'application-manageconditionprice-display-component---conditions--smartFilterBar-filterItemControl_BASIC-BILL_TYPES-valueHelpDialog-table-rowsel0')]"}
COMMAND: POST /session/3e4ceb57b36163f530f5479f57478588/element/f.504C58434384A4EE898B1C568961733A.d.CBE3052A6EC5748390285A7953547AFE.e.3873/click - {}
RESULT: {}
COMMAND: GET /session/3e4ceb57b36163f530f5479f57478588/screenshot - {}
RESULT: {}
COMMAND: POST /session/3e4ceb57b36163f530f5479f57478588/element - {"using":"xpath","value":"//bdi[contains(text(), \"OK\")]"}
RESULT: {"using":"xpath","value":"//bdi[contains(text(), \"OK\")]"}
COMMAND: POST /session/3e4ceb57b36163f530f5479f57478588/element/f.504C58434384A4EE898B1C568961733A.d.CBE3052A6EC5748390285A7953547AFE.e.3875/click - {}
RESULT: {}
COMMAND: GET /session/3e4ceb57b36163f530f5479f57478588/screenshot - {}
RESULT: {}
COMMAND: POST /session/3e4ceb57b36163f530f5479f57478588/element - {"using":"xpath","value":"//span[@id=\"application-manageconditionprice-display-component---conditions--smartTable-header-inner\"]"}
RESULT: {"using":"xpath","value":"//span[@id=\"application-manageconditionprice-display-component---conditions--smartTable-header-inner\"]"}
COMMAND: POST /session/3e4ceb57b36163f530f5479f57478588/elements - {"using":"xpath","value":"//span[@id=\"application-manageconditionprice-display-component---conditions--smartTable-header-inner\"]"}
RESULT: {"using":"xpath","value":"//span[@id=\"application-manageconditionprice-display-component---conditions--smartTable-header-inner\"]"}
COMMAND: POST /session/3e4ceb57b36163f530f5479f57478588/execute/sync - {"script":"<script> [56 bytes]","args":[{"element-6066-11e4-a52e-4f735466cecf":"f.504C58434384A4EE898B1C568961733A.d.CBE3052A6EC5748390285A7953547AFE.e.3878","ELEMENT":"f.504C58434384A4EE898B1C568961733A.d.CBE3052A6EC5748390285A7953547AFE.e.3878"}]}
RESULT: {"script":"<script> [56 bytes]","args":[{"element-6066-11e4-a52e-4f735466cecf":"f.504C58434384A4EE898B1C568961733A.d.CBE3052A6EC5748390285A7953547AFE.e.3878","ELEMENT":"f.504C58434384A4EE898B1C568961733A.d.CBE3052A6EC5748390285A7953547AFE.e.3878"}]}
COMMAND: POST /session/3e4ceb57b36163f530f5479f57478588/element - {"using":"css selector","value":"#shell-header-logo"}
COMMAND: GET /session/3e4ceb57b36163f530f5479f57478588/screenshot - {}
RESULT: {"using":"css selector","value":"#shell-header-logo"}
COMMAND: POST /session/3e4ceb57b36163f530f5479f57478588/element/f.504C58434384A4EE898B1C568961733A.d.CBE3052A6EC5748390285A7953547AFE.e.3473/click - {}
RESULT: {}
RESULT: {}
COMMAND: GET /session/3e4ceb57b36163f530f5479f57478588/screenshot - {}
RESULT: {}
]]></system-out>
    </testcase>
    <testcase classname="chrome.135_0_7049_42.windows.Billing_Transfer_-_Master_data_&amp;_Intercompany_US127250" name="Should do a stock increase" time="73.617">
      <system-out><![CDATA[
COMMAND: POST /session/3e4ceb57b36163f530f5479f57478588/execute/async - {"script":"<script> [1562 bytes]","args":[{"selector":{"controlType":"sap.m.Text","viewName":"etm.portal.ui.managehandoverstile.view.Master","properties":{"text":"Manage Handovers"},"interaction":{"idSuffix":"inner"}},"wdio_ui5_key":"etmportal.ui.managehandoverstile.view.Mastersap.m.Text{\"text\":\"Manage Handovers\"}"}]}
RESULT: {"script":"<script> [1562 bytes]","args":[{"selector":{"controlType":"sap.m.Text","viewName":"etm.portal.ui.managehandoverstile.view.Master","properties":{"text":"Manage Handovers"},"interaction":{"idSuffix":"inner"}},"wdio_ui5_key":"etmportal.ui.managehandoverstile.view.Mastersap.m.Text{\"text\":\"Manage Handovers\"}"}]}
RESULT: undefined
COMMAND: POST /session/3e4ceb57b36163f530f5479f57478588/element - {"using":"xpath","value":"//*[@id=\"__tile133-title\"]"}
RESULT: {"using":"xpath","value":"//*[@id=\"__tile133-title\"]"}
COMMAND: POST /session/3e4ceb57b36163f530f5479f57478588/element/f.504C58434384A4EE898B1C568961733A.d.CBE3052A6EC5748390285A7953547AFE.e.3883/click - {}
RESULT: {}
COMMAND: POST /session/3e4ceb57b36163f530f5479f57478588/element - {"using":"xpath","value":"//button[@data-kt=\"masterHOAddButton\"]"}
COMMAND: GET /session/3e4ceb57b36163f530f5479f57478588/screenshot - {}
RESULT: {"using":"xpath","value":"//button[@data-kt=\"masterHOAddButton\"]"}
COMMAND: POST /session/3e4ceb57b36163f530f5479f57478588/elements - {"using":"xpath","value":"//button[@data-kt=\"masterHOAddButton\"]"}
RESULT: {}
RESULT: {"using":"xpath","value":"//button[@data-kt=\"masterHOAddButton\"]"}
COMMAND: POST /session/3e4ceb57b36163f530f5479f57478588/elements - {"using":"xpath","value":"//button[@data-kt=\"masterHOAddButton\"]"}
RESULT: {"using":"xpath","value":"//button[@data-kt=\"masterHOAddButton\"]"}
COMMAND: POST /session/3e4ceb57b36163f530f5479f57478588/elements - {"using":"xpath","value":"//button[@data-kt=\"masterHOAddButton\"]"}
RESULT: {"using":"xpath","value":"//button[@data-kt=\"masterHOAddButton\"]"}
COMMAND: POST /session/3e4ceb57b36163f530f5479f57478588/elements - {"using":"xpath","value":"//button[@data-kt=\"masterHOAddButton\"]"}
RESULT: {"using":"xpath","value":"//button[@data-kt=\"masterHOAddButton\"]"}
COMMAND: POST /session/3e4ceb57b36163f530f5479f57478588/elements - {"using":"xpath","value":"//button[@data-kt=\"masterHOAddButton\"]"}
RESULT: {"using":"xpath","value":"//button[@data-kt=\"masterHOAddButton\"]"}
COMMAND: POST /session/3e4ceb57b36163f530f5479f57478588/elements - {"using":"xpath","value":"//button[@data-kt=\"masterHOAddButton\"]"}
RESULT: {"using":"xpath","value":"//button[@data-kt=\"masterHOAddButton\"]"}
COMMAND: POST /session/3e4ceb57b36163f530f5479f57478588/element - {"using":"xpath","value":"//button[@data-kt=\"masterHOAddButton\"]"}
RESULT: {"using":"xpath","value":"//button[@data-kt=\"masterHOAddButton\"]"}
COMMAND: POST /session/3e4ceb57b36163f530f5479f57478588/execute/sync - {"script":"<script> [8489 bytes]","args":[{"element-6066-11e4-a52e-4f735466cecf":"f.504C58434384A4EE898B1C568961733A.d.CBE3052A6EC5748390285A7953547AFE.e.3923","ELEMENT":"f.504C58434384A4EE898B1C568961733A.d.CBE3052A6EC5748390285A7953547AFE.e.3923"}]}
RESULT: {"script":"<script> [8489 bytes]","args":[{"element-6066-11e4-a52e-4f735466cecf":"f.504C58434384A4EE898B1C568961733A.d.CBE3052A6EC5748390285A7953547AFE.e.3923","ELEMENT":"f.504C58434384A4EE898B1C568961733A.d.CBE3052A6EC5748390285A7953547AFE.e.3923"}]}
COMMAND: GET /session/3e4ceb57b36163f530f5479f57478588/element/f.504C58434384A4EE898B1C568961733A.d.CBE3052A6EC5748390285A7953547AFE.e.3923/enabled - {}
COMMAND: GET /session/3e4ceb57b36163f530f5479f57478588/screenshot - {}
RESULT: {}
COMMAND: POST /session/3e4ceb57b36163f530f5479f57478588/execute/sync - {"script":"<script> [8489 bytes]","args":[{"element-6066-11e4-a52e-4f735466cecf":"f.504C58434384A4EE898B1C568961733A.d.CBE3052A6EC5748390285A7953547AFE.e.3923","ELEMENT":"f.504C58434384A4EE898B1C568961733A.d.CBE3052A6EC5748390285A7953547AFE.e.3923"}]}
COMMAND: GET /session/3e4ceb57b36163f530f5479f57478588/screenshot - {}
RESULT: {}
RESULT: {"script":"<script> [8489 bytes]","args":[{"element-6066-11e4-a52e-4f735466cecf":"f.504C58434384A4EE898B1C568961733A.d.CBE3052A6EC5748390285A7953547AFE.e.3923","ELEMENT":"f.504C58434384A4EE898B1C568961733A.d.CBE3052A6EC5748390285A7953547AFE.e.3923"}]}
COMMAND: POST /session/3e4ceb57b36163f530f5479f57478588/execute/sync - {"script":"<script> [5351 bytes]","args":[{"element-6066-11e4-a52e-4f735466cecf":"f.504C58434384A4EE898B1C568961733A.d.CBE3052A6EC5748390285A7953547AFE.e.3923","ELEMENT":"f.504C58434384A4EE898B1C568961733A.d.CBE3052A6EC5748390285A7953547AFE.e.3923"}]}
COMMAND: GET /session/3e4ceb57b36163f530f5479f57478588/screenshot - {}
RESULT: {}
RESULT: {"script":"<script> [5351 bytes]","args":[{"element-6066-11e4-a52e-4f735466cecf":"f.504C58434384A4EE898B1C568961733A.d.CBE3052A6EC5748390285A7953547AFE.e.3923","ELEMENT":"f.504C58434384A4EE898B1C568961733A.d.CBE3052A6EC5748390285A7953547AFE.e.3923"}]}
COMMAND: POST /session/3e4ceb57b36163f530f5479f57478588/element/f.504C58434384A4EE898B1C568961733A.d.CBE3052A6EC5748390285A7953547AFE.e.3923/click - {}
COMMAND: GET /session/3e4ceb57b36163f530f5479f57478588/screenshot - {}
RESULT: {}
RESULT: {}
COMMAND: GET /session/3e4ceb57b36163f530f5479f57478588/screenshot - {}
RESULT: {}
COMMAND: POST /session/3e4ceb57b36163f530f5479f57478588/element - {"using":"xpath","value":"//span[contains(@id ,\"AddNewHO--typeSelect-arrow\")]"}
RESULT: {}
RESULT: {"using":"xpath","value":"//span[contains(@id ,\"AddNewHO--typeSelect-arrow\")]"}
COMMAND: POST /session/3e4ceb57b36163f530f5479f57478588/element/f.504C58434384A4EE898B1C568961733A.d.CBE3052A6EC5748390285A7953547AFE.e.4254/click - {}
RESULT: {}
COMMAND: GET /session/3e4ceb57b36163f530f5479f57478588/screenshot - {}
RESULT: {}
COMMAND: POST /session/3e4ceb57b36163f530f5479f57478588/element - {"using":"xpath","value":"(//li[contains(text(), \"stock increase yard\")])[1]"}
RESULT: {"using":"xpath","value":"(//li[contains(text(), \"stock increase yard\")])[1]"}
COMMAND: POST /session/3e4ceb57b36163f530f5479f57478588/element/f.504C58434384A4EE898B1C568961733A.d.CBE3052A6EC5748390285A7953547AFE.e.4255/click - {}
RESULT: {}
COMMAND: GET /session/3e4ceb57b36163f530f5479f57478588/screenshot - {}
RESULT: {}
COMMAND: POST /session/3e4ceb57b36163f530f5479f57478588/execute/async - {"script":"<script> [1562 bytes]","args":[{"selector":{"id":"application-managehandovers-display-component---AddNewHO--dueDate","interaction":{"idSuffix":"inner"}},"wdio_ui5_key":"applicationmanagehandovers-display-component---AddNewHO--dueDate"}]}
RESULT: {"script":"<script> [1562 bytes]","args":[{"selector":{"id":"application-managehandovers-display-component---AddNewHO--dueDate","interaction":{"idSuffix":"inner"}},"wdio_ui5_key":"applicationmanagehandovers-display-component---AddNewHO--dueDate"}]}
RESULT: undefined
COMMAND: POST /session/3e4ceb57b36163f530f5479f57478588/execute/async - {"script":"<script> [6424 bytes]","args":[{"element-6066-11e4-a52e-4f735466cecf":"f.504C58434384A4EE898B1C568961733A.d.CBE3052A6EC5748390285A7953547AFE.e.4257"},"setValue",["04/13/2025"]]}
RESULT: {"script":"<script> [6424 bytes]","args":[{"element-6066-11e4-a52e-4f735466cecf":"f.504C58434384A4EE898B1C568961733A.d.CBE3052A6EC5748390285A7953547AFE.e.4257"},"setValue",["04/13/2025"]]}
COMMAND: POST /session/3e4ceb57b36163f530f5479f57478588/element - {"using":"xpath","value":"//input[@id=\"generalSectionFrg--receiveYard-inner\"]"}
RESULT: {"using":"xpath","value":"//input[@id=\"generalSectionFrg--receiveYard-inner\"]"}
COMMAND: POST /session/3e4ceb57b36163f530f5479f57478588/element/f.504C58434384A4EE898B1C568961733A.d.CBE3052A6EC5748390285A7953547AFE.e.4263/clear - {}
RESULT: {}
COMMAND: POST /session/3e4ceb57b36163f530f5479f57478588/element/f.504C58434384A4EE898B1C568961733A.d.CBE3052A6EC5748390285A7953547AFE.e.4263/value - {"text":"256"}
COMMAND: GET /session/3e4ceb57b36163f530f5479f57478588/screenshot - {}
RESULT: {"text":"256"}
COMMAND: GET /session/3e4ceb57b36163f530f5479f57478588/screenshot - {}
RESULT: {}
RESULT: {}
COMMAND: POST /session/3e4ceb57b36163f530f5479f57478588/element - {"using":"xpath","value":"//li[.//span[text()='256']]"}
RESULT: {"using":"xpath","value":"//li[.//span[text()='256']]"}
COMMAND: POST /session/3e4ceb57b36163f530f5479f57478588/element/f.504C58434384A4EE898B1C568961733A.d.CBE3052A6EC5748390285A7953547AFE.e.4280/click - {}
RESULT: {}
COMMAND: GET /session/3e4ceb57b36163f530f5479f57478588/screenshot - {}
RESULT: {}
COMMAND: POST /session/3e4ceb57b36163f530f5479f57478588/execute/async - {"script":"<script> [1562 bytes]","args":[{"selector":{"id":"application-managehandovers-display-component---AddNewHO--ObjectPageLayout-anchBar-application-managehandovers-display-component---AddNewHO--section4-anchor","interaction":{"idSuffix":"BDI-content"}},"wdio_ui5_key":"applicationmanagehandovers-display-component---AddNewHO--ObjectPageLayout-anchBar-application-managehandovers-display-component---AddNewHO--section4-anchor"}]}
RESULT: {"script":"<script> [1562 bytes]","args":[{"selector":{"id":"application-managehandovers-display-component---AddNewHO--ObjectPageLayout-anchBar-application-managehandovers-display-component---AddNewHO--section4-anchor","interaction":{"idSuffix":"BDI-content"}},"wdio_ui5_key":"applicationmanagehandovers-display-component---AddNewHO--ObjectPageLayout-anchBar-application-managehandovers-display-component---AddNewHO--section4-anchor"}]}
RESULT: undefined
COMMAND: POST /session/3e4ceb57b36163f530f5479f57478588/element - {"using":"xpath","value":"//*[@id=\"application-managehandovers-display-component---AddNewHO--ObjectPageLayout-anchBar-application-managehandovers-display-component---AddNewHO--section4-anchor\"]"}
RESULT: {"using":"xpath","value":"//*[@id=\"application-managehandovers-display-component---AddNewHO--ObjectPageLayout-anchBar-application-managehandovers-display-component---AddNewHO--section4-anchor\"]"}
COMMAND: POST /session/3e4ceb57b36163f530f5479f57478588/element/f.504C58434384A4EE898B1C568961733A.d.CBE3052A6EC5748390285A7953547AFE.e.4282/click - {}
RESULT: {}
COMMAND: POST /session/3e4ceb57b36163f530f5479f57478588/element - {"using":"xpath","value":"//button[@aria-label=\"Add\"]"}
COMMAND: GET /session/3e4ceb57b36163f530f5479f57478588/screenshot - {}
RESULT: {"using":"xpath","value":"//button[@aria-label=\"Add\"]"}
COMMAND: POST /session/3e4ceb57b36163f530f5479f57478588/element/f.504C58434384A4EE898B1C568961733A.d.CBE3052A6EC5748390285A7953547AFE.e.4284/click - {}
RESULT: {}
RESULT: {}
COMMAND: GET /session/3e4ceb57b36163f530f5479f57478588/screenshot - {}
RESULT: {}
COMMAND: POST /session/3e4ceb57b36163f530f5479f57478588/execute/async - {"script":"<script> [1562 bytes]","args":[{"selector":{"id":"application-managehandovers-display-component---AddNewHO--smartFilterBar-btnBasicSearch","searchOpenDialogs":true,"interaction":{"idSuffix":"I"}},"wdio_ui5_key":"applicationmanagehandovers-display-component---AddNewHO--smartFilterBar-btnBasicSearch"}]}
RESULT: {"script":"<script> [1562 bytes]","args":[{"selector":{"id":"application-managehandovers-display-component---AddNewHO--smartFilterBar-btnBasicSearch","searchOpenDialogs":true,"interaction":{"idSuffix":"I"}},"wdio_ui5_key":"applicationmanagehandovers-display-component---AddNewHO--smartFilterBar-btnBasicSearch"}]}
RESULT: undefined
COMMAND: POST /session/3e4ceb57b36163f530f5479f57478588/execute/async - {"script":"<script> [776 bytes]","args":[{"enterText":"6jmVt2UbQg","selector":{"id":"application-managehandovers-display-component---AddNewHO--smartFilterBar-btnBasicSearch","searchOpenDialogs":true,"interaction":{"idSuffix":"I"}},"clearTextFirst":true,"interactionType":"ENTER_TEXT"}]}
RESULT: {"script":"<script> [776 bytes]","args":[{"enterText":"6jmVt2UbQg","selector":{"id":"application-managehandovers-display-component---AddNewHO--smartFilterBar-btnBasicSearch","searchOpenDialogs":true,"interaction":{"idSuffix":"I"}},"clearTextFirst":true,"interactionType":"ENTER_TEXT"}]}
COMMAND: POST /session/3e4ceb57b36163f530f5479f57478588/actions - {"actions":[{"id":"action16","type":"key","parameters":{},"actions":[{"type":"keyDown","value":""},{"type":"pause","duration":10},{"type":"keyUp","value":""}]}]}
RESULT: {"actions":[{"id":"action16","type":"key","parameters":{},"actions":[{"type":"keyDown","value":""},{"type":"pause","duration":10},{"type":"keyUp","value":""}]}]}
COMMAND: POST /session/3e4ceb57b36163f530f5479f57478588/execute/async - {"script":"<script> [1562 bytes]","args":[{"selector":{"id":"application-managehandovers-display-component---AddNewHO--popup-sa","searchOpenDialogs":true,"interaction":{"idSuffix":"CbBg"}},"wdio_ui5_key":"applicationmanagehandovers-display-component---AddNewHO--popup-sa"}]}
COMMAND: GET /session/3e4ceb57b36163f530f5479f57478588/screenshot - {}
RESULT: {"script":"<script> [1562 bytes]","args":[{"selector":{"id":"application-managehandovers-display-component---AddNewHO--popup-sa","searchOpenDialogs":true,"interaction":{"idSuffix":"CbBg"}},"wdio_ui5_key":"applicationmanagehandovers-display-component---AddNewHO--popup-sa"}]}
RESULT: undefined
COMMAND: POST /session/3e4ceb57b36163f530f5479f57478588/element - {"using":"xpath","value":"//*[@id=\"application-managehandovers-display-component---AddNewHO--popup-sa\"]"}
RESULT: {}
RESULT: {"using":"xpath","value":"//*[@id=\"application-managehandovers-display-component---AddNewHO--popup-sa\"]"}
COMMAND: POST /session/3e4ceb57b36163f530f5479f57478588/element/f.504C58434384A4EE898B1C568961733A.d.CBE3052A6EC5748390285A7953547AFE.e.4439/click - {}
RESULT: {}
COMMAND: GET /session/3e4ceb57b36163f530f5479f57478588/screenshot - {}
RESULT: {}
COMMAND: POST /session/3e4ceb57b36163f530f5479f57478588/element - {"using":"xpath","value":"//bdi[contains(text(), \"Select\")]"}
RESULT: {"using":"xpath","value":"//bdi[contains(text(), \"Select\")]"}
COMMAND: POST /session/3e4ceb57b36163f530f5479f57478588/element/f.504C58434384A4EE898B1C568961733A.d.CBE3052A6EC5748390285A7953547AFE.e.4440/click - {}
RESULT: {}
COMMAND: GET /session/3e4ceb57b36163f530f5479f57478588/screenshot - {}
RESULT: {}
COMMAND: POST /session/3e4ceb57b36163f530f5479f57478588/element - {"using":"xpath","value":"//button[@data-kt=\"AddNewHOSaveButton\"]"}
RESULT: {"using":"xpath","value":"//button[@data-kt=\"AddNewHOSaveButton\"]"}
COMMAND: POST /session/3e4ceb57b36163f530f5479f57478588/element/f.504C58434384A4EE898B1C568961733A.d.CBE3052A6EC5748390285A7953547AFE.e.4444/click - {}
RESULT: {}
COMMAND: GET /session/3e4ceb57b36163f530f5479f57478588/screenshot - {}
RESULT: {}
COMMAND: POST /session/3e4ceb57b36163f530f5479f57478588/execute/async - {"script":"<script> [1562 bytes]","args":[{"selector":{"id":"receiptDatePicker","viewName":"etm.portal.ui.managehandovers.view.DetailExecuteHO","interaction":{"idSuffix":"inner"}},"wdio_ui5_key":"receiptDatePickeretmportal.ui.managehandovers.view.DetailExecuteHO"}]}
RESULT: {"script":"<script> [1562 bytes]","args":[{"selector":{"id":"receiptDatePicker","viewName":"etm.portal.ui.managehandovers.view.DetailExecuteHO","interaction":{"idSuffix":"inner"}},"wdio_ui5_key":"receiptDatePickeretmportal.ui.managehandovers.view.DetailExecuteHO"}]}
RESULT: undefined
COMMAND: POST /session/3e4ceb57b36163f530f5479f57478588/execute/async - {"script":"<script> [6424 bytes]","args":[{"element-6066-11e4-a52e-4f735466cecf":"f.504C58434384A4EE898B1C568961733A.d.CBE3052A6EC5748390285A7953547AFE.e.4458"},"setValue",["04/13/2025"]]}
RESULT: {"script":"<script> [6424 bytes]","args":[{"element-6066-11e4-a52e-4f735466cecf":"f.504C58434384A4EE898B1C568961733A.d.CBE3052A6EC5748390285A7953547AFE.e.4458"},"setValue",["04/13/2025"]]}
COMMAND: POST /session/3e4ceb57b36163f530f5479f57478588/element - {"using":"xpath","value":"//button[@data-kt=\"PickingTableConfirmAllButton\"]"}
RESULT: {"using":"xpath","value":"//button[@data-kt=\"PickingTableConfirmAllButton\"]"}
COMMAND: POST /session/3e4ceb57b36163f530f5479f57478588/element/f.504C58434384A4EE898B1C568961733A.d.CBE3052A6EC5748390285A7953547AFE.e.4503/click - {}
RESULT: {}
COMMAND: GET /session/3e4ceb57b36163f530f5479f57478588/screenshot - {}
RESULT: {}
COMMAND: POST /session/3e4ceb57b36163f530f5479f57478588/element - {"using":"xpath","value":"//bdi[contains(text(), \"OK\")]"}
RESULT: {"using":"xpath","value":"//bdi[contains(text(), \"OK\")]"}
COMMAND: POST /session/3e4ceb57b36163f530f5479f57478588/element/f.504C58434384A4EE898B1C568961733A.d.CBE3052A6EC5748390285A7953547AFE.e.4506/click - {}
RESULT: {}
COMMAND: GET /session/3e4ceb57b36163f530f5479f57478588/screenshot - {}
RESULT: {}
COMMAND: POST /session/3e4ceb57b36163f530f5479f57478588/element - {"using":"xpath","value":"(//bdi[contains(text(), \"Receive\")])[2]"}
RESULT: {"using":"xpath","value":"(//bdi[contains(text(), \"Receive\")])[2]"}
COMMAND: POST /session/3e4ceb57b36163f530f5479f57478588/element/f.504C58434384A4EE898B1C568961733A.d.CBE3052A6EC5748390285A7953547AFE.e.4507/click - {}
RESULT: {}
COMMAND: GET /session/3e4ceb57b36163f530f5479f57478588/screenshot - {}
RESULT: {}
COMMAND: POST /session/3e4ceb57b36163f530f5479f57478588/element - {"using":"css selector","value":"#shell-header-logo"}
RESULT: {"using":"css selector","value":"#shell-header-logo"}
COMMAND: POST /session/3e4ceb57b36163f530f5479f57478588/element/f.504C58434384A4EE898B1C568961733A.d.CBE3052A6EC5748390285A7953547AFE.e.3886/click - {}
RESULT: {}
COMMAND: GET /session/3e4ceb57b36163f530f5479f57478588/screenshot - {}
RESULT: {}
]]></system-out>
    </testcase>
    <testcase classname="chrome.135_0_7049_42.windows.Billing_Transfer_-_Master_data_&amp;_Intercompany_US127250" name="Should create a new contract" time="49.73">
      <system-out><![CDATA[
COMMAND: POST /session/3e4ceb57b36163f530f5479f57478588/execute/async - {"script":"<script> [1562 bytes]","args":[{"selector":{"controlType":"sap.m.Text","viewName":"etm.portal.ui.managecontractstile.view.Master","properties":{"text":"Manage Contracts"},"interaction":{"idSuffix":"inner"}},"wdio_ui5_key":"etmportal.ui.managecontractstile.view.Mastersap.m.Text{\"text\":\"Manage Contracts\"}"}]}
RESULT: {"script":"<script> [1562 bytes]","args":[{"selector":{"controlType":"sap.m.Text","viewName":"etm.portal.ui.managecontractstile.view.Master","properties":{"text":"Manage Contracts"},"interaction":{"idSuffix":"inner"}},"wdio_ui5_key":"etmportal.ui.managecontractstile.view.Mastersap.m.Text{\"text\":\"Manage Contracts\"}"}]}
RESULT: undefined
COMMAND: POST /session/3e4ceb57b36163f530f5479f57478588/element - {"using":"xpath","value":"//*[@id=\"__tile130-title\"]"}
RESULT: {"using":"xpath","value":"//*[@id=\"__tile130-title\"]"}
COMMAND: POST /session/3e4ceb57b36163f530f5479f57478588/element/f.504C58434384A4EE898B1C568961733A.d.CBE3052A6EC5748390285A7953547AFE.e.4679/click - {}
RESULT: {}
COMMAND: GET /session/3e4ceb57b36163f530f5479f57478588/screenshot - {}
RESULT: {}
COMMAND: POST /session/3e4ceb57b36163f530f5479f57478588/element - {"using":"xpath","value":"//button[@data-kt=\"addButton\"]"}
RESULT: undefined
RESULT: undefined
RESULT: {"using":"xpath","value":"//button[@data-kt=\"addButton\"]"}
COMMAND: POST /session/3e4ceb57b36163f530f5479f57478588/elements - {"using":"xpath","value":"//button[@data-kt=\"addButton\"]"}
RESULT: {"using":"xpath","value":"//button[@data-kt=\"addButton\"]"}
COMMAND: POST /session/3e4ceb57b36163f530f5479f57478588/execute/sync - {"script":"<script> [8489 bytes]","args":[{"element-6066-11e4-a52e-4f735466cecf":"f.504C58434384A4EE898B1C568961733A.d.CBE3052A6EC5748390285A7953547AFE.e.4753","ELEMENT":"f.504C58434384A4EE898B1C568961733A.d.CBE3052A6EC5748390285A7953547AFE.e.4753"}]}
RESULT: {"script":"<script> [8489 bytes]","args":[{"element-6066-11e4-a52e-4f735466cecf":"f.504C58434384A4EE898B1C568961733A.d.CBE3052A6EC5748390285A7953547AFE.e.4753","ELEMENT":"f.504C58434384A4EE898B1C568961733A.d.CBE3052A6EC5748390285A7953547AFE.e.4753"}]}
COMMAND: GET /session/3e4ceb57b36163f530f5479f57478588/element/f.504C58434384A4EE898B1C568961733A.d.CBE3052A6EC5748390285A7953547AFE.e.4753/enabled - {}
COMMAND: GET /session/3e4ceb57b36163f530f5479f57478588/screenshot - {}
RESULT: {}
COMMAND: POST /session/3e4ceb57b36163f530f5479f57478588/execute/sync - {"script":"<script> [8489 bytes]","args":[{"element-6066-11e4-a52e-4f735466cecf":"f.504C58434384A4EE898B1C568961733A.d.CBE3052A6EC5748390285A7953547AFE.e.4753","ELEMENT":"f.504C58434384A4EE898B1C568961733A.d.CBE3052A6EC5748390285A7953547AFE.e.4753"}]}
COMMAND: GET /session/3e4ceb57b36163f530f5479f57478588/screenshot - {}
RESULT: {}
RESULT: {"script":"<script> [8489 bytes]","args":[{"element-6066-11e4-a52e-4f735466cecf":"f.504C58434384A4EE898B1C568961733A.d.CBE3052A6EC5748390285A7953547AFE.e.4753","ELEMENT":"f.504C58434384A4EE898B1C568961733A.d.CBE3052A6EC5748390285A7953547AFE.e.4753"}]}
COMMAND: POST /session/3e4ceb57b36163f530f5479f57478588/execute/sync - {"script":"<script> [5351 bytes]","args":[{"element-6066-11e4-a52e-4f735466cecf":"f.504C58434384A4EE898B1C568961733A.d.CBE3052A6EC5748390285A7953547AFE.e.4753","ELEMENT":"f.504C58434384A4EE898B1C568961733A.d.CBE3052A6EC5748390285A7953547AFE.e.4753"}]}
COMMAND: GET /session/3e4ceb57b36163f530f5479f57478588/screenshot - {}
RESULT: {}
RESULT: {"script":"<script> [5351 bytes]","args":[{"element-6066-11e4-a52e-4f735466cecf":"f.504C58434384A4EE898B1C568961733A.d.CBE3052A6EC5748390285A7953547AFE.e.4753","ELEMENT":"f.504C58434384A4EE898B1C568961733A.d.CBE3052A6EC5748390285A7953547AFE.e.4753"}]}
COMMAND: GET /session/3e4ceb57b36163f530f5479f57478588/screenshot - {}
RESULT: {}
RESULT: {}
COMMAND: POST /session/3e4ceb57b36163f530f5479f57478588/element/f.504C58434384A4EE898B1C568961733A.d.CBE3052A6EC5748390285A7953547AFE.e.4753/click - {}
RESULT: {}
COMMAND: GET /session/3e4ceb57b36163f530f5479f57478588/screenshot - {}
RESULT: {}
COMMAND: POST /session/3e4ceb57b36163f530f5479f57478588/execute/async - {"script":"<script> [1562 bytes]","args":[{"selector":{"id":"application-managecontracts-display-component---AddNewContract--projectDescription","interaction":{"idSuffix":"inner"}},"wdio_ui5_key":"applicationmanagecontracts-display-component---AddNewContract--projectDescription"}]}
RESULT: {"script":"<script> [1562 bytes]","args":[{"selector":{"id":"application-managecontracts-display-component---AddNewContract--projectDescription","interaction":{"idSuffix":"inner"}},"wdio_ui5_key":"applicationmanagecontracts-display-component---AddNewContract--projectDescription"}]}
RESULT: undefined
COMMAND: POST /session/3e4ceb57b36163f530f5479f57478588/execute/async - {"script":"<script> [776 bytes]","args":[{"enterText":"Intercompany Contract WDIO","selector":{"id":"application-managecontracts-display-component---AddNewContract--projectDescription","interaction":{"idSuffix":"inner"}},"clearTextFirst":true,"interactionType":"ENTER_TEXT"}]}
RESULT: {"script":"<script> [776 bytes]","args":[{"enterText":"Intercompany Contract WDIO","selector":{"id":"application-managecontracts-display-component---AddNewContract--projectDescription","interaction":{"idSuffix":"inner"}},"clearTextFirst":true,"interactionType":"ENTER_TEXT"}]}
COMMAND: POST /session/3e4ceb57b36163f530f5479f57478588/element - {"using":"xpath","value":"//input[@id=\"application-managecontracts-display-component---AddNewContract--site-inner\"]"}
RESULT: {"using":"xpath","value":"//input[@id=\"application-managecontracts-display-component---AddNewContract--site-inner\"]"}
COMMAND: POST /session/3e4ceb57b36163f530f5479f57478588/element/f.504C58434384A4EE898B1C568961733A.d.CBE3052A6EC5748390285A7953547AFE.e.5041/clear - {}
RESULT: {}
COMMAND: POST /session/3e4ceb57b36163f530f5479f57478588/element/f.504C58434384A4EE898B1C568961733A.d.CBE3052A6EC5748390285A7953547AFE.e.5041/value - {"text":"2106"}
COMMAND: GET /session/3e4ceb57b36163f530f5479f57478588/screenshot - {}
RESULT: {"text":"2106"}
COMMAND: GET /session/3e4ceb57b36163f530f5479f57478588/screenshot - {}
RESULT: {}
RESULT: {}
COMMAND: POST /session/3e4ceb57b36163f530f5479f57478588/element - {"using":"xpath","value":"//li[.//span[text()='2106']]"}
RESULT: {"using":"xpath","value":"//li[.//span[text()='2106']]"}
COMMAND: POST /session/3e4ceb57b36163f530f5479f57478588/element/f.504C58434384A4EE898B1C568961733A.d.CBE3052A6EC5748390285A7953547AFE.e.5064/click - {}
RESULT: {}
COMMAND: GET /session/3e4ceb57b36163f530f5479f57478588/screenshot - {}
RESULT: {}
COMMAND: POST /session/3e4ceb57b36163f530f5479f57478588/element - {"using":"xpath","value":"//input[@id=\"application-managecontracts-display-component---AddNewContract--yardId-inner\"]"}
RESULT: {"using":"xpath","value":"//input[@id=\"application-managecontracts-display-component---AddNewContract--yardId-inner\"]"}
COMMAND: GET /session/3e4ceb57b36163f530f5479f57478588/element/f.504C58434384A4EE898B1C568961733A.d.CBE3052A6EC5748390285A7953547AFE.e.5042/property/value - {}
RESULT: {}
COMMAND: POST /session/3e4ceb57b36163f530f5479f57478588/element - {"using":"xpath","value":"//input[@id=\"application-managecontracts-display-component---AddNewContract--customerSelect-inner\"]"}
COMMAND: GET /session/3e4ceb57b36163f530f5479f57478588/screenshot - {}
RESULT: {"using":"xpath","value":"//input[@id=\"application-managecontracts-display-component---AddNewContract--customerSelect-inner\"]"}
COMMAND: POST /session/3e4ceb57b36163f530f5479f57478588/element/f.504C58434384A4EE898B1C568961733A.d.CBE3052A6EC5748390285A7953547AFE.e.5040/clear - {}
RESULT: {}
RESULT: {}
COMMAND: POST /session/3e4ceb57b36163f530f5479f57478588/element/f.504C58434384A4EE898B1C568961733A.d.CBE3052A6EC5748390285A7953547AFE.e.5040/value - {"text":"1117"}
COMMAND: GET /session/3e4ceb57b36163f530f5479f57478588/screenshot - {}
RESULT: {"text":"1117"}
COMMAND: GET /session/3e4ceb57b36163f530f5479f57478588/screenshot - {}
RESULT: {}
RESULT: {}
COMMAND: POST /session/3e4ceb57b36163f530f5479f57478588/element - {"using":"xpath","value":"//li[.//span[text()='1117']]"}
RESULT: {"using":"xpath","value":"//li[.//span[text()='1117']]"}
COMMAND: POST /session/3e4ceb57b36163f530f5479f57478588/element/f.504C58434384A4EE898B1C568961733A.d.CBE3052A6EC5748390285A7953547AFE.e.5067/click - {}
RESULT: {}
COMMAND: GET /session/3e4ceb57b36163f530f5479f57478588/screenshot - {}
RESULT: {}
COMMAND: POST /session/3e4ceb57b36163f530f5479f57478588/element - {"using":"xpath","value":"//button[@data-kt=\"saveButton\"]"}
RESULT: {"using":"xpath","value":"//button[@data-kt=\"saveButton\"]"}
COMMAND: POST /session/3e4ceb57b36163f530f5479f57478588/element/f.504C58434384A4EE898B1C568961733A.d.CBE3052A6EC5748390285A7953547AFE.e.5057/click - {}
RESULT: {}
COMMAND: GET /session/3e4ceb57b36163f530f5479f57478588/screenshot - {}
RESULT: {}
COMMAND: POST /session/3e4ceb57b36163f530f5479f57478588/element - {"using":"xpath","value":"//span[contains(@id ,\"contractDetailTitleNoExpanded\")]"}
RESULT: {"using":"xpath","value":"//span[contains(@id ,\"contractDetailTitleNoExpanded\")]"}
COMMAND: POST /session/3e4ceb57b36163f530f5479f57478588/elements - {"using":"xpath","value":"//span[contains(@id ,\"contractDetailTitleNoExpanded\")]"}
RESULT: {"using":"xpath","value":"//span[contains(@id ,\"contractDetailTitleNoExpanded\")]"}
COMMAND: POST /session/3e4ceb57b36163f530f5479f57478588/execute/sync - {"script":"<script> [56 bytes]","args":[{"element-6066-11e4-a52e-4f735466cecf":"f.504C58434384A4EE898B1C568961733A.d.CBE3052A6EC5748390285A7953547AFE.e.5074","ELEMENT":"f.504C58434384A4EE898B1C568961733A.d.CBE3052A6EC5748390285A7953547AFE.e.5074"}]}
RESULT: {"script":"<script> [56 bytes]","args":[{"element-6066-11e4-a52e-4f735466cecf":"f.504C58434384A4EE898B1C568961733A.d.CBE3052A6EC5748390285A7953547AFE.e.5074","ELEMENT":"f.504C58434384A4EE898B1C568961733A.d.CBE3052A6EC5748390285A7953547AFE.e.5074"}]}
COMMAND: GET /session/3e4ceb57b36163f530f5479f57478588/screenshot - {}
RESULT: {}
]]></system-out>
    </testcase>
    <testcase classname="chrome.135_0_7049_42.windows.Billing_Transfer_-_Master_data_&amp;_Intercompany_US127250" name="Should add equipment to the contract" time="40.133">
      <system-out><![CDATA[
COMMAND: POST /session/3e4ceb57b36163f530f5479f57478588/element - {"using":"xpath","value":"//button[@data-kt=\"contractDetailEditBtnButton\"]"}
RESULT: {"using":"xpath","value":"//button[@data-kt=\"contractDetailEditBtnButton\"]"}
COMMAND: POST /session/3e4ceb57b36163f530f5479f57478588/element/f.504C58434384A4EE898B1C568961733A.d.CBE3052A6EC5748390285A7953547AFE.e.5077/click - {}
RESULT: {}
COMMAND: GET /session/3e4ceb57b36163f530f5479f57478588/screenshot - {}
RESULT: {}
COMMAND: POST /session/3e4ceb57b36163f530f5479f57478588/element - {"using":"xpath","value":"(//span[contains(text(), \"Additional Addresses\")])[2]"}
RESULT: {"using":"xpath","value":"(//span[contains(text(), \"Additional Addresses\")])[2]"}
COMMAND: POST /session/3e4ceb57b36163f530f5479f57478588/element/f.504C58434384A4EE898B1C568961733A.d.CBE3052A6EC5748390285A7953547AFE.e.5133/click - {}
RESULT: {}
COMMAND: GET /session/3e4ceb57b36163f530f5479f57478588/screenshot - {}
RESULT: {}
COMMAND: POST /session/3e4ceb57b36163f530f5479f57478588/element - {"using":"xpath","value":"//button[@data-kt=\"btnAddTableRowOverflowToolbarButton\"]"}
RESULT: {"using":"xpath","value":"//button[@data-kt=\"btnAddTableRowOverflowToolbarButton\"]"}
COMMAND: POST /session/3e4ceb57b36163f530f5479f57478588/element/f.504C58434384A4EE898B1C568961733A.d.CBE3052A6EC5748390285A7953547AFE.e.5135/click - {}
RESULT: {}
COMMAND: GET /session/3e4ceb57b36163f530f5479f57478588/screenshot - {}
RESULT: {}
COMMAND: POST /session/3e4ceb57b36163f530f5479f57478588/element - {"using":"xpath","value":"//div[(text() = 'Standard Entry' or . = 'Standard Entry')]"}
RESULT: {"using":"xpath","value":"//div[(text() = 'Standard Entry' or . = 'Standard Entry')]"}
COMMAND: POST /session/3e4ceb57b36163f530f5479f57478588/element/f.504C58434384A4EE898B1C568961733A.d.CBE3052A6EC5748390285A7953547AFE.e.5137/click - {}
RESULT: {}
COMMAND: GET /session/3e4ceb57b36163f530f5479f57478588/screenshot - {}
RESULT: {}
COMMAND: POST /session/3e4ceb57b36163f530f5479f57478588/element - {"using":"xpath","value":"//td[7]/div/div/input"}
RESULT: {"using":"xpath","value":"//td[7]/div/div/input"}
COMMAND: POST /session/3e4ceb57b36163f530f5479f57478588/element/f.504C58434384A4EE898B1C568961733A.d.CBE3052A6EC5748390285A7953547AFE.e.5146/clear - {}
RESULT: {}
COMMAND: POST /session/3e4ceb57b36163f530f5479f57478588/element/f.504C58434384A4EE898B1C568961733A.d.CBE3052A6EC5748390285A7953547AFE.e.5146/value - {"text":"6jmVt2UbQg"}
COMMAND: GET /session/3e4ceb57b36163f530f5479f57478588/screenshot - {}
RESULT: {"text":"6jmVt2UbQg"}
COMMAND: GET /session/3e4ceb57b36163f530f5479f57478588/screenshot - {}
RESULT: {}
RESULT: {}
COMMAND: POST /session/3e4ceb57b36163f530f5479f57478588/actions - {"actions":[{"id":"action17","type":"key","parameters":{},"actions":[{"type":"keyDown","value":""},{"type":"pause","duration":10},{"type":"keyUp","value":""}]}]}
RESULT: {"actions":[{"id":"action17","type":"key","parameters":{},"actions":[{"type":"keyDown","value":""},{"type":"pause","duration":10},{"type":"keyUp","value":""}]}]}
COMMAND: GET /session/3e4ceb57b36163f530f5479f57478588/screenshot - {}
RESULT: {}
COMMAND: POST /session/3e4ceb57b36163f530f5479f57478588/element - {"using":"xpath","value":"(//button[@data-kt=\"saveButton\"])[2]"}
RESULT: {"using":"xpath","value":"(//button[@data-kt=\"saveButton\"])[2]"}
COMMAND: POST /session/3e4ceb57b36163f530f5479f57478588/element/f.504C58434384A4EE898B1C568961733A.d.CBE3052A6EC5748390285A7953547AFE.e.5161/click - {}
RESULT: {}
COMMAND: GET /session/3e4ceb57b36163f530f5479f57478588/screenshot - {}
RESULT: {}
COMMAND: POST /session/3e4ceb57b36163f530f5479f57478588/element - {"using":"xpath","value":"//span[contains(@id ,\"contractItemsSmartTable-header-inner\")]"}
RESULT: {"using":"xpath","value":"//span[contains(@id ,\"contractItemsSmartTable-header-inner\")]"}
COMMAND: POST /session/3e4ceb57b36163f530f5479f57478588/elements - {"using":"xpath","value":"//span[contains(@id ,\"contractItemsSmartTable-header-inner\")]"}
RESULT: {"using":"xpath","value":"//span[contains(@id ,\"contractItemsSmartTable-header-inner\")]"}
COMMAND: POST /session/3e4ceb57b36163f530f5479f57478588/execute/sync - {"script":"<script> [56 bytes]","args":[{"element-6066-11e4-a52e-4f735466cecf":"f.504C58434384A4EE898B1C568961733A.d.CBE3052A6EC5748390285A7953547AFE.e.5167","ELEMENT":"f.504C58434384A4EE898B1C568961733A.d.CBE3052A6EC5748390285A7953547AFE.e.5167"}]}
RESULT: {"script":"<script> [56 bytes]","args":[{"element-6066-11e4-a52e-4f735466cecf":"f.504C58434384A4EE898B1C568961733A.d.CBE3052A6EC5748390285A7953547AFE.e.5167","ELEMENT":"f.504C58434384A4EE898B1C568961733A.d.CBE3052A6EC5748390285A7953547AFE.e.5167"}]}
]]></system-out>
    </testcase>
    <testcase classname="chrome.135_0_7049_42.windows.Billing_Transfer_-_Master_data_&amp;_Intercompany_US127250" name="Should do a provide to site handover" time="51.045">
      <system-out><![CDATA[
COMMAND: POST /session/3e4ceb57b36163f530f5479f57478588/element - {"using":"xpath","value":"//button[@data-kt=\"provideButton\"]"}
COMMAND: GET /session/3e4ceb57b36163f530f5479f57478588/screenshot - {}
RESULT: {"using":"xpath","value":"//button[@data-kt=\"provideButton\"]"}
COMMAND: POST /session/3e4ceb57b36163f530f5479f57478588/element/f.504C58434384A4EE898B1C568961733A.d.CBE3052A6EC5748390285A7953547AFE.e.5168/click - {}
RESULT: {}
RESULT: {}
COMMAND: GET /session/3e4ceb57b36163f530f5479f57478588/screenshot - {}
RESULT: {}
RESULT: undefined
COMMAND: POST /session/3e4ceb57b36163f530f5479f57478588/execute/async - {"script":"<script> [6424 bytes]","args":[{"element-6066-11e4-a52e-4f735466cecf":"f.504C58434384A4EE898B1C568961733A.d.CBE3052A6EC5748390285A7953547AFE.e.4257"},"setValue",["04/13/2025"]]}
COMMAND: POST /session/3e4ceb57b36163f530f5479f57478588/execute/async - {"script":"<script> [1562 bytes]","args":[{"selector":{"id":"application-managehandovers-display-component---AddNewHO--dueDate","interaction":{"idSuffix":"inner"}},"wdio_ui5_key":"applicationmanagehandovers-display-component---AddNewHO--dueDate"}]}
RESULT: {"script":"<script> [1562 bytes]","args":[{"selector":{"id":"application-managehandovers-display-component---AddNewHO--dueDate","interaction":{"idSuffix":"inner"}},"wdio_ui5_key":"applicationmanagehandovers-display-component---AddNewHO--dueDate"}]}
COMMAND: POST /session/3e4ceb57b36163f530f5479f57478588/execute/async - {"script":"<script> [6424 bytes]","args":[{"element-6066-11e4-a52e-4f735466cecf":"f.504C58434384A4EE898B1C568961733A.d.CBE3052A6EC5748390285A7953547AFE.e.5223"},"setValue",["04/13/2025"]]}
RESULT: {"script":"<script> [6424 bytes]","args":[{"element-6066-11e4-a52e-4f735466cecf":"f.504C58434384A4EE898B1C568961733A.d.CBE3052A6EC5748390285A7953547AFE.e.5223"},"setValue",["04/13/2025"]]}
COMMAND: POST /session/3e4ceb57b36163f530f5479f57478588/element - {"using":"xpath","value":"//bdi[contains(text(), \"Instructions\")]"}
RESULT: {"using":"xpath","value":"//bdi[contains(text(), \"Instructions\")]"}
COMMAND: POST /session/3e4ceb57b36163f530f5479f57478588/element/f.504C58434384A4EE898B1C568961733A.d.CBE3052A6EC5748390285A7953547AFE.e.5476/click - {}
RESULT: {}
COMMAND: GET /session/3e4ceb57b36163f530f5479f57478588/screenshot - {}
RESULT: {}
COMMAND: POST /session/3e4ceb57b36163f530f5479f57478588/element - {"using":"xpath","value":"//button[@data-kt=\"AddNewHOProvideAddItemsButton\"]"}
RESULT: {"using":"xpath","value":"//button[@data-kt=\"AddNewHOProvideAddItemsButton\"]"}
COMMAND: POST /session/3e4ceb57b36163f530f5479f57478588/element/f.504C58434384A4EE898B1C568961733A.d.CBE3052A6EC5748390285A7953547AFE.e.5480/click - {}
RESULT: {}
COMMAND: GET /session/3e4ceb57b36163f530f5479f57478588/screenshot - {}
RESULT: {}
RESULT: undefined
COMMAND: POST /session/3e4ceb57b36163f530f5479f57478588/element - {"using":"xpath","value":"//*[@id=\"application-managehandovers-display-component---AddNewHO--popup-sa\"]"}
RESULT: {"using":"xpath","value":"//*[@id=\"application-managehandovers-display-component---AddNewHO--popup-sa\"]"}
COMMAND: POST /session/3e4ceb57b36163f530f5479f57478588/element/f.504C58434384A4EE898B1C568961733A.d.CBE3052A6EC5748390285A7953547AFE.e.5489/click - {}
RESULT: {}
COMMAND: GET /session/3e4ceb57b36163f530f5479f57478588/screenshot - {}
RESULT: {}
COMMAND: POST /session/3e4ceb57b36163f530f5479f57478588/element - {"using":"xpath","value":"//*[contains(@id ,\"BDI-content\")][contains(text(), \"Select\")]"}
RESULT: {"using":"xpath","value":"//*[contains(@id ,\"BDI-content\")][contains(text(), \"Select\")]"}
COMMAND: POST /session/3e4ceb57b36163f530f5479f57478588/element/f.504C58434384A4EE898B1C568961733A.d.CBE3052A6EC5748390285A7953547AFE.e.5491/click - {}
RESULT: {}
COMMAND: GET /session/3e4ceb57b36163f530f5479f57478588/screenshot - {}
RESULT: {}
COMMAND: POST /session/3e4ceb57b36163f530f5479f57478588/execute/async - {"script":"<script> [1562 bytes]","args":[{"selector":{"id":"application-managehandovers-display-component---AddNewHO--confirmCreationButton","interaction":{"idSuffix":"BDI-content"}},"wdio_ui5_key":"applicationmanagehandovers-display-component---AddNewHO--confirmCreationButton"}]}
RESULT: {"script":"<script> [1562 bytes]","args":[{"selector":{"id":"application-managehandovers-display-component---AddNewHO--confirmCreationButton","interaction":{"idSuffix":"BDI-content"}},"wdio_ui5_key":"applicationmanagehandovers-display-component---AddNewHO--confirmCreationButton"}]}
RESULT: undefined
COMMAND: POST /session/3e4ceb57b36163f530f5479f57478588/element - {"using":"xpath","value":"//*[@id=\"application-managehandovers-display-component---AddNewHO--confirmCreationButton\"]"}
RESULT: {"using":"xpath","value":"//*[@id=\"application-managehandovers-display-component---AddNewHO--confirmCreationButton\"]"}
COMMAND: POST /session/3e4ceb57b36163f530f5479f57478588/element/f.504C58434384A4EE898B1C568961733A.d.CBE3052A6EC5748390285A7953547AFE.e.5302/click - {}
RESULT: {}
COMMAND: GET /session/3e4ceb57b36163f530f5479f57478588/screenshot - {}
RESULT: {}
COMMAND: POST /session/3e4ceb57b36163f530f5479f57478588/element - {"using":"xpath","value":"//button[@data-kt=\"PickingTableConfirmAllButton\"]"}
RESULT: {"using":"xpath","value":"//button[@data-kt=\"PickingTableConfirmAllButton\"]"}
COMMAND: POST /session/3e4ceb57b36163f530f5479f57478588/element/f.504C58434384A4EE898B1C568961733A.d.CBE3052A6EC5748390285A7953547AFE.e.5540/click - {}
COMMAND: POST /session/3e4ceb57b36163f530f5479f57478588/element - {"using":"xpath","value":"//button[@data-kt=\"PickingTableConfirmAllButton\"]"}
RESULT: {"using":"xpath","value":"//button[@data-kt=\"PickingTableConfirmAllButton\"]"}
COMMAND: POST /session/3e4ceb57b36163f530f5479f57478588/element/f.504C58434384A4EE898B1C568961733A.d.CBE3052A6EC5748390285A7953547AFE.e.5540/click - {}
COMMAND: POST /session/3e4ceb57b36163f530f5479f57478588/element - {"using":"xpath","value":"//button[@data-kt=\"PickingTableConfirmAllButton\"]"}
RESULT: {"using":"xpath","value":"//button[@data-kt=\"PickingTableConfirmAllButton\"]"}
COMMAND: POST /session/3e4ceb57b36163f530f5479f57478588/element/f.504C58434384A4EE898B1C568961733A.d.CBE3052A6EC5748390285A7953547AFE.e.5550/click - {}
RESULT: {}
COMMAND: GET /session/3e4ceb57b36163f530f5479f57478588/screenshot - {}
RESULT: {}
COMMAND: POST /session/3e4ceb57b36163f530f5479f57478588/element - {"using":"xpath","value":"//bdi[contains(text(), \"OK\")]"}
RESULT: {"using":"xpath","value":"//bdi[contains(text(), \"OK\")]"}
COMMAND: POST /session/3e4ceb57b36163f530f5479f57478588/element/f.504C58434384A4EE898B1C568961733A.d.CBE3052A6EC5748390285A7953547AFE.e.5555/click - {}
RESULT: {}
COMMAND: GET /session/3e4ceb57b36163f530f5479f57478588/screenshot - {}
RESULT: {}
COMMAND: POST /session/3e4ceb57b36163f530f5479f57478588/element - {"using":"xpath","value":"//bdi[contains(text(), \"Issue\")]"}
RESULT: {"using":"xpath","value":"//bdi[contains(text(), \"Issue\")]"}
COMMAND: POST /session/3e4ceb57b36163f530f5479f57478588/element/f.504C58434384A4EE898B1C568961733A.d.CBE3052A6EC5748390285A7953547AFE.e.5557/click - {}
RESULT: {}
COMMAND: GET /session/3e4ceb57b36163f530f5479f57478588/screenshot - {}
RESULT: {}
COMMAND: POST /session/3e4ceb57b36163f530f5479f57478588/element - {"using":"css selector","value":"#shell-header-logo"}
RESULT: {"using":"css selector","value":"#shell-header-logo"}
COMMAND: POST /session/3e4ceb57b36163f530f5479f57478588/element/f.504C58434384A4EE898B1C568961733A.d.CBE3052A6EC5748390285A7953547AFE.e.4682/click - {}
RESULT: {}
COMMAND: GET /session/3e4ceb57b36163f530f5479f57478588/screenshot - {}
RESULT: {}
]]></system-out>
    </testcase>
    <testcase classname="chrome.135_0_7049_42.windows.Billing_Transfer_-_Master_data_&amp;_Intercompany_US127250" name="Should go navigate to Manage Billings and trigger contract calculation check result" time="55.366">
      <system-out><![CDATA[
COMMAND: POST /session/3e4ceb57b36163f530f5479f57478588/execute/async - {"script":"<script> [1562 bytes]","args":[{"selector":{"controlType":"sap.m.GenericTile","properties":{"header":"Manage Billings"}},"wdio_ui5_key":"sapm.GenericTile{\"header\":\"Manage Billings\"}"}]}
RESULT: {"script":"<script> [1562 bytes]","args":[{"selector":{"controlType":"sap.m.GenericTile","properties":{"header":"Manage Billings"}},"wdio_ui5_key":"sapm.GenericTile{\"header\":\"Manage Billings\"}"}]}
RESULT: undefined
COMMAND: POST /session/3e4ceb57b36163f530f5479f57478588/element - {"using":"xpath","value":"//*[@id=\"__tile51\"]"}
RESULT: {"using":"xpath","value":"//*[@id=\"__tile51\"]"}
COMMAND: POST /session/3e4ceb57b36163f530f5479f57478588/element/f.504C58434384A4EE898B1C568961733A.d.CBE3052A6EC5748390285A7953547AFE.e.5732/click - {}
RESULT: {}
COMMAND: GET /session/3e4ceb57b36163f530f5479f57478588/screenshot - {}
RESULT: {}
COMMAND: POST /session/3e4ceb57b36163f530f5479f57478588/execute/async - {"script":"<script> [1562 bytes]","args":[{"selector":{"id":"application-managebillings-display-component---billRunCalcResult--smartFilterBar-btnBasicSearch","interaction":{"idSuffix":"I"}},"wdio_ui5_key":"applicationmanagebillings-display-component---billRunCalcResult--smartFilterBar-btnBasicSearch"}]}
RESULT: {"script":"<script> [1562 bytes]","args":[{"selector":{"id":"application-managebillings-display-component---billRunCalcResult--smartFilterBar-btnBasicSearch","interaction":{"idSuffix":"I"}},"wdio_ui5_key":"applicationmanagebillings-display-component---billRunCalcResult--smartFilterBar-btnBasicSearch"}]}
RESULT: undefined
COMMAND: POST /session/3e4ceb57b36163f530f5479f57478588/execute/async - {"script":"<script> [776 bytes]","args":[{"enterText":"10179","selector":{"id":"application-managebillings-display-component---billRunCalcResult--smartFilterBar-btnBasicSearch","interaction":{"idSuffix":"I"}},"clearTextFirst":true,"interactionType":"ENTER_TEXT"}]}
RESULT: {"script":"<script> [776 bytes]","args":[{"enterText":"10179","selector":{"id":"application-managebillings-display-component---billRunCalcResult--smartFilterBar-btnBasicSearch","interaction":{"idSuffix":"I"}},"clearTextFirst":true,"interactionType":"ENTER_TEXT"}]}
COMMAND: POST /session/3e4ceb57b36163f530f5479f57478588/actions - {"actions":[{"id":"action18","type":"key","parameters":{},"actions":[{"type":"keyDown","value":""},{"type":"pause","duration":10},{"type":"keyUp","value":""}]}]}
RESULT: {"actions":[{"id":"action18","type":"key","parameters":{},"actions":[{"type":"keyDown","value":""},{"type":"pause","duration":10},{"type":"keyUp","value":""}]}]}
COMMAND: GET /session/3e4ceb57b36163f530f5479f57478588/screenshot - {}
RESULT: {}
COMMAND: POST /session/3e4ceb57b36163f530f5479f57478588/element - {"using":"xpath","value":"//td[@aria-colindex=\"1\"]/div/div[contains(@class, \"sapMCbBg\")]"}
RESULT: {"using":"xpath","value":"//td[@aria-colindex=\"1\"]/div/div[contains(@class, \"sapMCbBg\")]"}
COMMAND: POST /session/3e4ceb57b36163f530f5479f57478588/element/f.504C58434384A4EE898B1C568961733A.d.CBE3052A6EC5748390285A7953547AFE.e.5943/click - {}
RESULT: {}
COMMAND: GET /session/3e4ceb57b36163f530f5479f57478588/screenshot - {}
RESULT: {}
COMMAND: POST /session/3e4ceb57b36163f530f5479f57478588/execute/async - {"script":"<script> [1562 bytes]","args":[{"selector":{"id":"application-managebillings-display-component---billRunCalcResult--contractBillRunDate","interaction":{"idSuffix":"inner"}},"wdio_ui5_key":"applicationmanagebillings-display-component---billRunCalcResult--contractBillRunDate"}]}
RESULT: {"script":"<script> [1562 bytes]","args":[{"selector":{"id":"application-managebillings-display-component---billRunCalcResult--contractBillRunDate","interaction":{"idSuffix":"inner"}},"wdio_ui5_key":"applicationmanagebillings-display-component---billRunCalcResult--contractBillRunDate"}]}
RESULT: undefined
COMMAND: POST /session/3e4ceb57b36163f530f5479f57478588/execute/async - {"script":"<script> [776 bytes]","args":[{"enterText":"05/13/25","selector":{"id":"application-managebillings-display-component---billRunCalcResult--contractBillRunDate","interaction":{"idSuffix":"inner"}},"clearTextFirst":true,"interactionType":"ENTER_TEXT"}]}
RESULT: {"script":"<script> [776 bytes]","args":[{"enterText":"05/13/25","selector":{"id":"application-managebillings-display-component---billRunCalcResult--contractBillRunDate","interaction":{"idSuffix":"inner"}},"clearTextFirst":true,"interactionType":"ENTER_TEXT"}]}
COMMAND: POST /session/3e4ceb57b36163f530f5479f57478588/element - {"using":"xpath","value":"//bdi[contains(text(), \"Trigger Calculation\")]"}
RESULT: {"using":"xpath","value":"//bdi[contains(text(), \"Trigger Calculation\")]"}
COMMAND: POST /session/3e4ceb57b36163f530f5479f57478588/element/f.504C58434384A4EE898B1C568961733A.d.CBE3052A6EC5748390285A7953547AFE.e.5964/click - {}
RESULT: {}
COMMAND: GET /session/3e4ceb57b36163f530f5479f57478588/screenshot - {}
RESULT: {}
COMMAND: POST /session/3e4ceb57b36163f530f5479f57478588/element - {"using":"xpath","value":"(//span[contains(@id, \"imgNav\")])[1]"}
RESULT: {"using":"xpath","value":"(//span[contains(@id, \"imgNav\")])[1]"}
COMMAND: POST /session/3e4ceb57b36163f530f5479f57478588/element/f.504C58434384A4EE898B1C568961733A.d.CBE3052A6EC5748390285A7953547AFE.e.5957/click - {}
RESULT: {}
COMMAND: GET /session/3e4ceb57b36163f530f5479f57478588/screenshot - {}
RESULT: {}
COMMAND: POST /session/3e4ceb57b36163f530f5479f57478588/element - {"using":"xpath","value":"//tr/td[6]/div[1]/span[1]/span[1]"}
RESULT: {"using":"xpath","value":"//tr/td[6]/div[1]/span[1]/span[1]"}
COMMAND: GET /session/3e4ceb57b36163f530f5479f57478588/element/f.504C58434384A4EE898B1C568961733A.d.CBE3052A6EC5748390285A7953547AFE.e.5969/text - {}
RESULT: {}
COMMAND: POST /session/3e4ceb57b36163f530f5479f57478588/element - {"using":"xpath","value":"(//span[contains(@id, \"imgNav\")])[2]"}
RESULT: {"using":"xpath","value":"(//span[contains(@id, \"imgNav\")])[2]"}
COMMAND: POST /session/3e4ceb57b36163f530f5479f57478588/element/f.504C58434384A4EE898B1C568961733A.d.CBE3052A6EC5748390285A7953547AFE.e.5970/click - {}
RESULT: {}
COMMAND: POST /session/3e4ceb57b36163f530f5479f57478588/element - {"using":"xpath","value":"//bdi[contains(text(), \"Business Confirm\")]"}
COMMAND: GET /session/3e4ceb57b36163f530f5479f57478588/screenshot - {}
RESULT: {"using":"xpath","value":"//bdi[contains(text(), \"Business Confirm\")]"}
COMMAND: POST /session/3e4ceb57b36163f530f5479f57478588/elements - {"using":"xpath","value":"//bdi[contains(text(), \"Business Confirm\")]"}
RESULT: {}
RESULT: {"using":"xpath","value":"//bdi[contains(text(), \"Business Confirm\")]"}
COMMAND: POST /session/3e4ceb57b36163f530f5479f57478588/elements - {"using":"xpath","value":"//bdi[contains(text(), \"Business Confirm\")]"}
RESULT: {"using":"xpath","value":"//bdi[contains(text(), \"Business Confirm\")]"}
COMMAND: POST /session/3e4ceb57b36163f530f5479f57478588/element - {"using":"xpath","value":"//bdi[contains(text(), \"Business Confirm\")]"}
RESULT: {"using":"xpath","value":"//bdi[contains(text(), \"Business Confirm\")]"}
COMMAND: POST /session/3e4ceb57b36163f530f5479f57478588/element/f.504C58434384A4EE898B1C568961733A.d.CBE3052A6EC5748390285A7953547AFE.e.6041/click - {}
RESULT: {}
COMMAND: POST /session/3e4ceb57b36163f530f5479f57478588/element - {"using":"css selector","value":"#shell-header-logo"}
COMMAND: GET /session/3e4ceb57b36163f530f5479f57478588/screenshot - {}
RESULT: {"using":"css selector","value":"#shell-header-logo"}
COMMAND: POST /session/3e4ceb57b36163f530f5479f57478588/element/f.504C58434384A4EE898B1C568961733A.d.CBE3052A6EC5748390285A7953547AFE.e.5736/click - {}
RESULT: {}
RESULT: {}
COMMAND: GET /session/3e4ceb57b36163f530f5479f57478588/screenshot - {}
RESULT: {}
]]></system-out>
    </testcase>
    <testcase classname="chrome.135_0_7049_42.windows.Billing_Transfer_-_Master_data_&amp;_Intercompany_US127250" name="Should do Billing Transfer all the way into invoice open for intercompany case" time="94.21">
      <system-out><![CDATA[
COMMAND: POST /session/3e4ceb57b36163f530f5479f57478588/execute/async - {"script":"<script> [1562 bytes]","args":[{"selector":{"controlType":"sap.m.GenericTile","properties":{"header":"Billing Transfer"}},"wdio_ui5_key":"sapm.GenericTile{\"header\":\"Billing Transfer\"}"}]}
RESULT: {"script":"<script> [1562 bytes]","args":[{"selector":{"controlType":"sap.m.GenericTile","properties":{"header":"Billing Transfer"}},"wdio_ui5_key":"sapm.GenericTile{\"header\":\"Billing Transfer\"}"}]}
RESULT: undefined
COMMAND: POST /session/3e4ceb57b36163f530f5479f57478588/element - {"using":"xpath","value":"//*[@id=\"__tile50\"]"}
RESULT: {"using":"xpath","value":"//*[@id=\"__tile50\"]"}
COMMAND: POST /session/3e4ceb57b36163f530f5479f57478588/element/f.504C58434384A4EE898B1C568961733A.d.CBE3052A6EC5748390285A7953547AFE.e.6048/click - {}
RESULT: {}
COMMAND: POST /session/3e4ceb57b36163f530f5479f57478588/element - {"using":"xpath","value":"//input[contains(@id ,\"application-billingtransfer-display-component---billingWorkbench--smartFilterBar-btnBasicSearch\")]"}
COMMAND: GET /session/3e4ceb57b36163f530f5479f57478588/screenshot - {}
RESULT: {"using":"xpath","value":"//input[contains(@id ,\"application-billingtransfer-display-component---billingWorkbench--smartFilterBar-btnBasicSearch\")]"}
COMMAND: POST /session/3e4ceb57b36163f530f5479f57478588/elements - {"using":"xpath","value":"//input[contains(@id ,\"application-billingtransfer-display-component---billingWorkbench--smartFilterBar-btnBasicSearch\")]"}
RESULT: {}
RESULT: {"using":"xpath","value":"//input[contains(@id ,\"application-billingtransfer-display-component---billingWorkbench--smartFilterBar-btnBasicSearch\")]"}
COMMAND: POST /session/3e4ceb57b36163f530f5479f57478588/elements - {"using":"xpath","value":"//input[contains(@id ,\"application-billingtransfer-display-component---billingWorkbench--smartFilterBar-btnBasicSearch\")]"}
RESULT: {"using":"xpath","value":"//input[contains(@id ,\"application-billingtransfer-display-component---billingWorkbench--smartFilterBar-btnBasicSearch\")]"}
COMMAND: POST /session/3e4ceb57b36163f530f5479f57478588/elements - {"using":"xpath","value":"//input[contains(@id ,\"application-billingtransfer-display-component---billingWorkbench--smartFilterBar-btnBasicSearch\")]"}
RESULT: {"using":"xpath","value":"//input[contains(@id ,\"application-billingtransfer-display-component---billingWorkbench--smartFilterBar-btnBasicSearch\")]"}
COMMAND: POST /session/3e4ceb57b36163f530f5479f57478588/element - {"using":"xpath","value":"//input[contains(@id ,\"application-billingtransfer-display-component---billingWorkbench--smartFilterBar-btnBasicSearch\")]"}
RESULT: {"using":"xpath","value":"//input[contains(@id ,\"application-billingtransfer-display-component---billingWorkbench--smartFilterBar-btnBasicSearch\")]"}
COMMAND: POST /session/3e4ceb57b36163f530f5479f57478588/execute/sync - {"script":"<script> [8489 bytes]","args":[{"element-6066-11e4-a52e-4f735466cecf":"f.504C58434384A4EE898B1C568961733A.d.CBE3052A6EC5748390285A7953547AFE.e.6054","ELEMENT":"f.504C58434384A4EE898B1C568961733A.d.CBE3052A6EC5748390285A7953547AFE.e.6054"}]}
RESULT: {"script":"<script> [8489 bytes]","args":[{"element-6066-11e4-a52e-4f735466cecf":"f.504C58434384A4EE898B1C568961733A.d.CBE3052A6EC5748390285A7953547AFE.e.6054","ELEMENT":"f.504C58434384A4EE898B1C568961733A.d.CBE3052A6EC5748390285A7953547AFE.e.6054"}]}
COMMAND: GET /session/3e4ceb57b36163f530f5479f57478588/element/f.504C58434384A4EE898B1C568961733A.d.CBE3052A6EC5748390285A7953547AFE.e.6054/enabled - {}
COMMAND: GET /session/3e4ceb57b36163f530f5479f57478588/screenshot - {}
RESULT: {}
COMMAND: POST /session/3e4ceb57b36163f530f5479f57478588/element/f.504C58434384A4EE898B1C568961733A.d.CBE3052A6EC5748390285A7953547AFE.e.6054/click - {}
COMMAND: GET /session/3e4ceb57b36163f530f5479f57478588/screenshot - {}
RESULT: {}
RESULT: {}
COMMAND: GET /session/3e4ceb57b36163f530f5479f57478588/screenshot - {}
RESULT: {}
RESULT: {}
COMMAND: POST /session/3e4ceb57b36163f530f5479f57478588/element/f.504C58434384A4EE898B1C568961733A.d.CBE3052A6EC5748390285A7953547AFE.e.6054/clear - {}
RESULT: {}
COMMAND: POST /session/3e4ceb57b36163f530f5479f57478588/element/f.504C58434384A4EE898B1C568961733A.d.CBE3052A6EC5748390285A7953547AFE.e.6054/value - {"text":"10179"}
COMMAND: GET /session/3e4ceb57b36163f530f5479f57478588/screenshot - {}
RESULT: {"text":"10179"}
COMMAND: POST /session/3e4ceb57b36163f530f5479f57478588/actions - {"actions":[{"id":"action19","type":"key","parameters":{},"actions":[{"type":"keyDown","value":""},{"type":"pause","duration":10},{"type":"keyUp","value":""}]}]}
COMMAND: GET /session/3e4ceb57b36163f530f5479f57478588/screenshot - {}
RESULT: {}
RESULT: {"actions":[{"id":"action19","type":"key","parameters":{},"actions":[{"type":"keyDown","value":""},{"type":"pause","duration":10},{"type":"keyUp","value":""}]}]}
COMMAND: GET /session/3e4ceb57b36163f530f5479f57478588/screenshot - {}
RESULT: {}
RESULT: {}
COMMAND: POST /session/3e4ceb57b36163f530f5479f57478588/element - {"using":"xpath","value":"//span[contains(@id ,\"application-billingtransfer-display-component---billingWorkbench--smartTableBillingRuns-header-inner\")]"}
RESULT: {"using":"xpath","value":"//span[contains(@id ,\"application-billingtransfer-display-component---billingWorkbench--smartTableBillingRuns-header-inner\")]"}
COMMAND: POST /session/3e4ceb57b36163f530f5479f57478588/elements - {"using":"xpath","value":"//span[contains(@id ,\"application-billingtransfer-display-component---billingWorkbench--smartTableBillingRuns-header-inner\")]"}
RESULT: {"using":"xpath","value":"//span[contains(@id ,\"application-billingtransfer-display-component---billingWorkbench--smartTableBillingRuns-header-inner\")]"}
COMMAND: POST /session/3e4ceb57b36163f530f5479f57478588/execute/sync - {"script":"<script> [56 bytes]","args":[{"element-6066-11e4-a52e-4f735466cecf":"f.504C58434384A4EE898B1C568961733A.d.CBE3052A6EC5748390285A7953547AFE.e.6156","ELEMENT":"f.504C58434384A4EE898B1C568961733A.d.CBE3052A6EC5748390285A7953547AFE.e.6156"}]}
RESULT: {"script":"<script> [56 bytes]","args":[{"element-6066-11e4-a52e-4f735466cecf":"f.504C58434384A4EE898B1C568961733A.d.CBE3052A6EC5748390285A7953547AFE.e.6156","ELEMENT":"f.504C58434384A4EE898B1C568961733A.d.CBE3052A6EC5748390285A7953547AFE.e.6156"}]}
COMMAND: POST /session/3e4ceb57b36163f530f5479f57478588/element - {"using":"xpath","value":"//td[@aria-colindex=\"1\"]/div/div[contains(@class, \"sapMCbBg\")]"}
COMMAND: GET /session/3e4ceb57b36163f530f5479f57478588/screenshot - {}
RESULT: {"using":"xpath","value":"//td[@aria-colindex=\"1\"]/div/div[contains(@class, \"sapMCbBg\")]"}
COMMAND: POST /session/3e4ceb57b36163f530f5479f57478588/element/f.504C58434384A4EE898B1C568961733A.d.CBE3052A6EC5748390285A7953547AFE.e.6143/click - {}
RESULT: {}
RESULT: {}
COMMAND: GET /session/3e4ceb57b36163f530f5479f57478588/screenshot - {}
RESULT: {}
COMMAND: POST /session/3e4ceb57b36163f530f5479f57478588/element - {"using":"xpath","value":"//bdi[contains(text(), \"Check\")]"}
RESULT: {"using":"xpath","value":"//bdi[contains(text(), \"Check\")]"}
COMMAND: POST /session/3e4ceb57b36163f530f5479f57478588/element/f.504C58434384A4EE898B1C568961733A.d.CBE3052A6EC5748390285A7953547AFE.e.6157/click - {}
RESULT: {}
COMMAND: GET /session/3e4ceb57b36163f530f5479f57478588/screenshot - {}
RESULT: {}
COMMAND: POST /session/3e4ceb57b36163f530f5479f57478588/element - {"using":"xpath","value":"//bdi[contains(text(), \"OK\")]"}
RESULT: {"using":"xpath","value":"//bdi[contains(text(), \"OK\")]"}
COMMAND: POST /session/3e4ceb57b36163f530f5479f57478588/element/f.504C58434384A4EE898B1C568961733A.d.CBE3052A6EC5748390285A7953547AFE.e.6160/click - {}
RESULT: {}
COMMAND: GET /session/3e4ceb57b36163f530f5479f57478588/screenshot - {}
RESULT: {}
COMMAND: POST /session/3e4ceb57b36163f530f5479f57478588/element - {"using":"xpath","value":"(//span[contains(text(), \"CO/SD checked\")]/parent::div/preceding-sibling::div/span)[1]"}
RESULT: {"using":"xpath","value":"(//span[contains(text(), \"CO/SD checked\")]/parent::div/preceding-sibling::div/span)[1]"}
COMMAND: POST /session/3e4ceb57b36163f530f5479f57478588/element/f.504C58434384A4EE898B1C568961733A.d.CBE3052A6EC5748390285A7953547AFE.e.6171/click - {}
RESULT: {}
COMMAND: GET /session/3e4ceb57b36163f530f5479f57478588/screenshot - {}
RESULT: {}
COMMAND: POST /session/3e4ceb57b36163f530f5479f57478588/element - {"using":"xpath","value":"//input[contains(@id ,\"application-billingtransfer-display-component---billingWorkbench--smartFilterBar-btnBasicSearch\")]"}
RESULT: {"using":"xpath","value":"//input[contains(@id ,\"application-billingtransfer-display-component---billingWorkbench--smartFilterBar-btnBasicSearch\")]"}
COMMAND: POST /session/3e4ceb57b36163f530f5479f57478588/elements - {"using":"xpath","value":"//input[contains(@id ,\"application-billingtransfer-display-component---billingWorkbench--smartFilterBar-btnBasicSearch\")]"}
RESULT: {"using":"xpath","value":"//input[contains(@id ,\"application-billingtransfer-display-component---billingWorkbench--smartFilterBar-btnBasicSearch\")]"}
COMMAND: POST /session/3e4ceb57b36163f530f5479f57478588/execute/sync - {"script":"<script> [8489 bytes]","args":[{"element-6066-11e4-a52e-4f735466cecf":"f.504C58434384A4EE898B1C568961733A.d.CBE3052A6EC5748390285A7953547AFE.e.6054","ELEMENT":"f.504C58434384A4EE898B1C568961733A.d.CBE3052A6EC5748390285A7953547AFE.e.6054"}]}
RESULT: {"script":"<script> [8489 bytes]","args":[{"element-6066-11e4-a52e-4f735466cecf":"f.504C58434384A4EE898B1C568961733A.d.CBE3052A6EC5748390285A7953547AFE.e.6054","ELEMENT":"f.504C58434384A4EE898B1C568961733A.d.CBE3052A6EC5748390285A7953547AFE.e.6054"}]}
COMMAND: GET /session/3e4ceb57b36163f530f5479f57478588/element/f.504C58434384A4EE898B1C568961733A.d.CBE3052A6EC5748390285A7953547AFE.e.6054/enabled - {}
COMMAND: GET /session/3e4ceb57b36163f530f5479f57478588/screenshot - {}
RESULT: {}
COMMAND: POST /session/3e4ceb57b36163f530f5479f57478588/element/f.504C58434384A4EE898B1C568961733A.d.CBE3052A6EC5748390285A7953547AFE.e.6054/click - {}
COMMAND: GET /session/3e4ceb57b36163f530f5479f57478588/screenshot - {}
RESULT: {}
RESULT: {}
COMMAND: GET /session/3e4ceb57b36163f530f5479f57478588/screenshot - {}
RESULT: {}
RESULT: {}
COMMAND: POST /session/3e4ceb57b36163f530f5479f57478588/element/f.504C58434384A4EE898B1C568961733A.d.CBE3052A6EC5748390285A7953547AFE.e.6054/clear - {}
RESULT: {}
COMMAND: POST /session/3e4ceb57b36163f530f5479f57478588/element/f.504C58434384A4EE898B1C568961733A.d.CBE3052A6EC5748390285A7953547AFE.e.6054/value - {"text":"10179"}
COMMAND: GET /session/3e4ceb57b36163f530f5479f57478588/screenshot - {}
RESULT: {"text":"10179"}
COMMAND: POST /session/3e4ceb57b36163f530f5479f57478588/actions - {"actions":[{"id":"action20","type":"key","parameters":{},"actions":[{"type":"keyDown","value":""},{"type":"pause","duration":10},{"type":"keyUp","value":""}]}]}
COMMAND: GET /session/3e4ceb57b36163f530f5479f57478588/screenshot - {}
RESULT: {}
RESULT: {"actions":[{"id":"action20","type":"key","parameters":{},"actions":[{"type":"keyDown","value":""},{"type":"pause","duration":10},{"type":"keyUp","value":""}]}]}
COMMAND: GET /session/3e4ceb57b36163f530f5479f57478588/screenshot - {}
RESULT: {}
RESULT: {}
COMMAND: POST /session/3e4ceb57b36163f530f5479f57478588/element - {"using":"xpath","value":"//span[contains(@id ,\"application-billingtransfer-display-component---billingWorkbench--smartTableBillingRuns-header-inner\")]"}
RESULT: {"using":"xpath","value":"//span[contains(@id ,\"application-billingtransfer-display-component---billingWorkbench--smartTableBillingRuns-header-inner\")]"}
COMMAND: POST /session/3e4ceb57b36163f530f5479f57478588/elements - {"using":"xpath","value":"//span[contains(@id ,\"application-billingtransfer-display-component---billingWorkbench--smartTableBillingRuns-header-inner\")]"}
RESULT: {"using":"xpath","value":"//span[contains(@id ,\"application-billingtransfer-display-component---billingWorkbench--smartTableBillingRuns-header-inner\")]"}
COMMAND: POST /session/3e4ceb57b36163f530f5479f57478588/execute/sync - {"script":"<script> [56 bytes]","args":[{"element-6066-11e4-a52e-4f735466cecf":"f.504C58434384A4EE898B1C568961733A.d.CBE3052A6EC5748390285A7953547AFE.e.6156","ELEMENT":"f.504C58434384A4EE898B1C568961733A.d.CBE3052A6EC5748390285A7953547AFE.e.6156"}]}
RESULT: {"script":"<script> [56 bytes]","args":[{"element-6066-11e4-a52e-4f735466cecf":"f.504C58434384A4EE898B1C568961733A.d.CBE3052A6EC5748390285A7953547AFE.e.6156","ELEMENT":"f.504C58434384A4EE898B1C568961733A.d.CBE3052A6EC5748390285A7953547AFE.e.6156"}]}
COMMAND: GET /session/3e4ceb57b36163f530f5479f57478588/screenshot - {}
RESULT: {}
COMMAND: POST /session/3e4ceb57b36163f530f5479f57478588/execute/sync - {"script":"<script> [56 bytes]","args":[{"element-6066-11e4-a52e-4f735466cecf":"f.504C58434384A4EE898B1C568961733A.d.CBE3052A6EC5748390285A7953547AFE.e.6156","ELEMENT":"f.504C58434384A4EE898B1C568961733A.d.CBE3052A6EC5748390285A7953547AFE.e.6156"}]}
RESULT: {"script":"<script> [56 bytes]","args":[{"element-6066-11e4-a52e-4f735466cecf":"f.504C58434384A4EE898B1C568961733A.d.CBE3052A6EC5748390285A7953547AFE.e.6156","ELEMENT":"f.504C58434384A4EE898B1C568961733A.d.CBE3052A6EC5748390285A7953547AFE.e.6156"}]}
COMMAND: GET /session/3e4ceb57b36163f530f5479f57478588/screenshot - {}
RESULT: {}
COMMAND: POST /session/3e4ceb57b36163f530f5479f57478588/execute/sync - {"script":"<script> [56 bytes]","args":[{"element-6066-11e4-a52e-4f735466cecf":"f.504C58434384A4EE898B1C568961733A.d.CBE3052A6EC5748390285A7953547AFE.e.6156","ELEMENT":"f.504C58434384A4EE898B1C568961733A.d.CBE3052A6EC5748390285A7953547AFE.e.6156"}]}
RESULT: {"script":"<script> [56 bytes]","args":[{"element-6066-11e4-a52e-4f735466cecf":"f.504C58434384A4EE898B1C568961733A.d.CBE3052A6EC5748390285A7953547AFE.e.6156","ELEMENT":"f.504C58434384A4EE898B1C568961733A.d.CBE3052A6EC5748390285A7953547AFE.e.6156"}]}
COMMAND: GET /session/3e4ceb57b36163f530f5479f57478588/screenshot - {}
RESULT: {}
COMMAND: POST /session/3e4ceb57b36163f530f5479f57478588/execute/sync - {"script":"<script> [56 bytes]","args":[{"element-6066-11e4-a52e-4f735466cecf":"f.504C58434384A4EE898B1C568961733A.d.CBE3052A6EC5748390285A7953547AFE.e.6156","ELEMENT":"f.504C58434384A4EE898B1C568961733A.d.CBE3052A6EC5748390285A7953547AFE.e.6156"}]}
RESULT: {"script":"<script> [56 bytes]","args":[{"element-6066-11e4-a52e-4f735466cecf":"f.504C58434384A4EE898B1C568961733A.d.CBE3052A6EC5748390285A7953547AFE.e.6156","ELEMENT":"f.504C58434384A4EE898B1C568961733A.d.CBE3052A6EC5748390285A7953547AFE.e.6156"}]}
COMMAND: GET /session/3e4ceb57b36163f530f5479f57478588/screenshot - {}
RESULT: {}
COMMAND: POST /session/3e4ceb57b36163f530f5479f57478588/execute/sync - {"script":"<script> [56 bytes]","args":[{"element-6066-11e4-a52e-4f735466cecf":"f.504C58434384A4EE898B1C568961733A.d.CBE3052A6EC5748390285A7953547AFE.e.6156","ELEMENT":"f.504C58434384A4EE898B1C568961733A.d.CBE3052A6EC5748390285A7953547AFE.e.6156"}]}
RESULT: {"script":"<script> [56 bytes]","args":[{"element-6066-11e4-a52e-4f735466cecf":"f.504C58434384A4EE898B1C568961733A.d.CBE3052A6EC5748390285A7953547AFE.e.6156","ELEMENT":"f.504C58434384A4EE898B1C568961733A.d.CBE3052A6EC5748390285A7953547AFE.e.6156"}]}
COMMAND: GET /session/3e4ceb57b36163f530f5479f57478588/screenshot - {}
RESULT: {}
COMMAND: POST /session/3e4ceb57b36163f530f5479f57478588/execute/sync - {"script":"<script> [56 bytes]","args":[{"element-6066-11e4-a52e-4f735466cecf":"f.504C58434384A4EE898B1C568961733A.d.CBE3052A6EC5748390285A7953547AFE.e.6156","ELEMENT":"f.504C58434384A4EE898B1C568961733A.d.CBE3052A6EC5748390285A7953547AFE.e.6156"}]}
RESULT: {"script":"<script> [56 bytes]","args":[{"element-6066-11e4-a52e-4f735466cecf":"f.504C58434384A4EE898B1C568961733A.d.CBE3052A6EC5748390285A7953547AFE.e.6156","ELEMENT":"f.504C58434384A4EE898B1C568961733A.d.CBE3052A6EC5748390285A7953547AFE.e.6156"}]}
COMMAND: GET /session/3e4ceb57b36163f530f5479f57478588/screenshot - {}
RESULT: {}
COMMAND: POST /session/3e4ceb57b36163f530f5479f57478588/execute/sync - {"script":"<script> [56 bytes]","args":[{"element-6066-11e4-a52e-4f735466cecf":"f.504C58434384A4EE898B1C568961733A.d.CBE3052A6EC5748390285A7953547AFE.e.6156","ELEMENT":"f.504C58434384A4EE898B1C568961733A.d.CBE3052A6EC5748390285A7953547AFE.e.6156"}]}
RESULT: {"script":"<script> [56 bytes]","args":[{"element-6066-11e4-a52e-4f735466cecf":"f.504C58434384A4EE898B1C568961733A.d.CBE3052A6EC5748390285A7953547AFE.e.6156","ELEMENT":"f.504C58434384A4EE898B1C568961733A.d.CBE3052A6EC5748390285A7953547AFE.e.6156"}]}
COMMAND: GET /session/3e4ceb57b36163f530f5479f57478588/screenshot - {}
RESULT: {}
COMMAND: POST /session/3e4ceb57b36163f530f5479f57478588/execute/sync - {"script":"<script> [56 bytes]","args":[{"element-6066-11e4-a52e-4f735466cecf":"f.504C58434384A4EE898B1C568961733A.d.CBE3052A6EC5748390285A7953547AFE.e.6156","ELEMENT":"f.504C58434384A4EE898B1C568961733A.d.CBE3052A6EC5748390285A7953547AFE.e.6156"}]}
RESULT: {"script":"<script> [56 bytes]","args":[{"element-6066-11e4-a52e-4f735466cecf":"f.504C58434384A4EE898B1C568961733A.d.CBE3052A6EC5748390285A7953547AFE.e.6156","ELEMENT":"f.504C58434384A4EE898B1C568961733A.d.CBE3052A6EC5748390285A7953547AFE.e.6156"}]}
COMMAND: GET /session/3e4ceb57b36163f530f5479f57478588/screenshot - {}
RESULT: {}
COMMAND: POST /session/3e4ceb57b36163f530f5479f57478588/execute/sync - {"script":"<script> [56 bytes]","args":[{"element-6066-11e4-a52e-4f735466cecf":"f.504C58434384A4EE898B1C568961733A.d.CBE3052A6EC5748390285A7953547AFE.e.6156","ELEMENT":"f.504C58434384A4EE898B1C568961733A.d.CBE3052A6EC5748390285A7953547AFE.e.6156"}]}
RESULT: {"script":"<script> [56 bytes]","args":[{"element-6066-11e4-a52e-4f735466cecf":"f.504C58434384A4EE898B1C568961733A.d.CBE3052A6EC5748390285A7953547AFE.e.6156","ELEMENT":"f.504C58434384A4EE898B1C568961733A.d.CBE3052A6EC5748390285A7953547AFE.e.6156"}]}
COMMAND: GET /session/3e4ceb57b36163f530f5479f57478588/screenshot - {}
RESULT: {}
COMMAND: POST /session/3e4ceb57b36163f530f5479f57478588/execute/sync - {"script":"<script> [56 bytes]","args":[{"element-6066-11e4-a52e-4f735466cecf":"f.504C58434384A4EE898B1C568961733A.d.CBE3052A6EC5748390285A7953547AFE.e.6156","ELEMENT":"f.504C58434384A4EE898B1C568961733A.d.CBE3052A6EC5748390285A7953547AFE.e.6156"}]}
RESULT: {"script":"<script> [56 bytes]","args":[{"element-6066-11e4-a52e-4f735466cecf":"f.504C58434384A4EE898B1C568961733A.d.CBE3052A6EC5748390285A7953547AFE.e.6156","ELEMENT":"f.504C58434384A4EE898B1C568961733A.d.CBE3052A6EC5748390285A7953547AFE.e.6156"}]}
COMMAND: GET /session/3e4ceb57b36163f530f5479f57478588/screenshot - {}
RESULT: {}
COMMAND: POST /session/3e4ceb57b36163f530f5479f57478588/execute/sync - {"script":"<script> [56 bytes]","args":[{"element-6066-11e4-a52e-4f735466cecf":"f.504C58434384A4EE898B1C568961733A.d.CBE3052A6EC5748390285A7953547AFE.e.6156","ELEMENT":"f.504C58434384A4EE898B1C568961733A.d.CBE3052A6EC5748390285A7953547AFE.e.6156"}]}
RESULT: {"script":"<script> [56 bytes]","args":[{"element-6066-11e4-a52e-4f735466cecf":"f.504C58434384A4EE898B1C568961733A.d.CBE3052A6EC5748390285A7953547AFE.e.6156","ELEMENT":"f.504C58434384A4EE898B1C568961733A.d.CBE3052A6EC5748390285A7953547AFE.e.6156"}]}
COMMAND: GET /session/3e4ceb57b36163f530f5479f57478588/screenshot - {}
RESULT: {}
COMMAND: POST /session/3e4ceb57b36163f530f5479f57478588/execute/sync - {"script":"<script> [56 bytes]","args":[{"element-6066-11e4-a52e-4f735466cecf":"f.504C58434384A4EE898B1C568961733A.d.CBE3052A6EC5748390285A7953547AFE.e.6156","ELEMENT":"f.504C58434384A4EE898B1C568961733A.d.CBE3052A6EC5748390285A7953547AFE.e.6156"}]}
RESULT: {"script":"<script> [56 bytes]","args":[{"element-6066-11e4-a52e-4f735466cecf":"f.504C58434384A4EE898B1C568961733A.d.CBE3052A6EC5748390285A7953547AFE.e.6156","ELEMENT":"f.504C58434384A4EE898B1C568961733A.d.CBE3052A6EC5748390285A7953547AFE.e.6156"}]}
COMMAND: GET /session/3e4ceb57b36163f530f5479f57478588/screenshot - {}
RESULT: {}
COMMAND: POST /session/3e4ceb57b36163f530f5479f57478588/execute/sync - {"script":"<script> [56 bytes]","args":[{"element-6066-11e4-a52e-4f735466cecf":"f.504C58434384A4EE898B1C568961733A.d.CBE3052A6EC5748390285A7953547AFE.e.6156","ELEMENT":"f.504C58434384A4EE898B1C568961733A.d.CBE3052A6EC5748390285A7953547AFE.e.6156"}]}
RESULT: {"script":"<script> [56 bytes]","args":[{"element-6066-11e4-a52e-4f735466cecf":"f.504C58434384A4EE898B1C568961733A.d.CBE3052A6EC5748390285A7953547AFE.e.6156","ELEMENT":"f.504C58434384A4EE898B1C568961733A.d.CBE3052A6EC5748390285A7953547AFE.e.6156"}]}
COMMAND: GET /session/3e4ceb57b36163f530f5479f57478588/screenshot - {}
RESULT: {}
COMMAND: POST /session/3e4ceb57b36163f530f5479f57478588/execute/sync - {"script":"<script> [56 bytes]","args":[{"element-6066-11e4-a52e-4f735466cecf":"f.504C58434384A4EE898B1C568961733A.d.CBE3052A6EC5748390285A7953547AFE.e.6156","ELEMENT":"f.504C58434384A4EE898B1C568961733A.d.CBE3052A6EC5748390285A7953547AFE.e.6156"}]}
RESULT: {"script":"<script> [56 bytes]","args":[{"element-6066-11e4-a52e-4f735466cecf":"f.504C58434384A4EE898B1C568961733A.d.CBE3052A6EC5748390285A7953547AFE.e.6156","ELEMENT":"f.504C58434384A4EE898B1C568961733A.d.CBE3052A6EC5748390285A7953547AFE.e.6156"}]}
COMMAND: GET /session/3e4ceb57b36163f530f5479f57478588/screenshot - {}
RESULT: {}
COMMAND: POST /session/3e4ceb57b36163f530f5479f57478588/execute/sync - {"script":"<script> [56 bytes]","args":[{"element-6066-11e4-a52e-4f735466cecf":"f.504C58434384A4EE898B1C568961733A.d.CBE3052A6EC5748390285A7953547AFE.e.6156","ELEMENT":"f.504C58434384A4EE898B1C568961733A.d.CBE3052A6EC5748390285A7953547AFE.e.6156"}]}
RESULT: {"script":"<script> [56 bytes]","args":[{"element-6066-11e4-a52e-4f735466cecf":"f.504C58434384A4EE898B1C568961733A.d.CBE3052A6EC5748390285A7953547AFE.e.6156","ELEMENT":"f.504C58434384A4EE898B1C568961733A.d.CBE3052A6EC5748390285A7953547AFE.e.6156"}]}
COMMAND: GET /session/3e4ceb57b36163f530f5479f57478588/screenshot - {}
RESULT: {}
COMMAND: POST /session/3e4ceb57b36163f530f5479f57478588/execute/sync - {"script":"<script> [56 bytes]","args":[{"element-6066-11e4-a52e-4f735466cecf":"f.504C58434384A4EE898B1C568961733A.d.CBE3052A6EC5748390285A7953547AFE.e.6156","ELEMENT":"f.504C58434384A4EE898B1C568961733A.d.CBE3052A6EC5748390285A7953547AFE.e.6156"}]}
RESULT: {"script":"<script> [56 bytes]","args":[{"element-6066-11e4-a52e-4f735466cecf":"f.504C58434384A4EE898B1C568961733A.d.CBE3052A6EC5748390285A7953547AFE.e.6156","ELEMENT":"f.504C58434384A4EE898B1C568961733A.d.CBE3052A6EC5748390285A7953547AFE.e.6156"}]}
COMMAND: GET /session/3e4ceb57b36163f530f5479f57478588/screenshot - {}
RESULT: {}
COMMAND: POST /session/3e4ceb57b36163f530f5479f57478588/execute/sync - {"script":"<script> [56 bytes]","args":[{"element-6066-11e4-a52e-4f735466cecf":"f.504C58434384A4EE898B1C568961733A.d.CBE3052A6EC5748390285A7953547AFE.e.6156","ELEMENT":"f.504C58434384A4EE898B1C568961733A.d.CBE3052A6EC5748390285A7953547AFE.e.6156"}]}
RESULT: {"script":"<script> [56 bytes]","args":[{"element-6066-11e4-a52e-4f735466cecf":"f.504C58434384A4EE898B1C568961733A.d.CBE3052A6EC5748390285A7953547AFE.e.6156","ELEMENT":"f.504C58434384A4EE898B1C568961733A.d.CBE3052A6EC5748390285A7953547AFE.e.6156"}]}
COMMAND: GET /session/3e4ceb57b36163f530f5479f57478588/screenshot - {}
RESULT: {}
COMMAND: POST /session/3e4ceb57b36163f530f5479f57478588/execute/sync - {"script":"<script> [56 bytes]","args":[{"element-6066-11e4-a52e-4f735466cecf":"f.504C58434384A4EE898B1C568961733A.d.CBE3052A6EC5748390285A7953547AFE.e.6156","ELEMENT":"f.504C58434384A4EE898B1C568961733A.d.CBE3052A6EC5748390285A7953547AFE.e.6156"}]}
RESULT: {"script":"<script> [56 bytes]","args":[{"element-6066-11e4-a52e-4f735466cecf":"f.504C58434384A4EE898B1C568961733A.d.CBE3052A6EC5748390285A7953547AFE.e.6156","ELEMENT":"f.504C58434384A4EE898B1C568961733A.d.CBE3052A6EC5748390285A7953547AFE.e.6156"}]}
COMMAND: GET /session/3e4ceb57b36163f530f5479f57478588/screenshot - {}
RESULT: {}
COMMAND: POST /session/3e4ceb57b36163f530f5479f57478588/execute/sync - {"script":"<script> [56 bytes]","args":[{"element-6066-11e4-a52e-4f735466cecf":"f.504C58434384A4EE898B1C568961733A.d.CBE3052A6EC5748390285A7953547AFE.e.6156","ELEMENT":"f.504C58434384A4EE898B1C568961733A.d.CBE3052A6EC5748390285A7953547AFE.e.6156"}]}
RESULT: {"script":"<script> [56 bytes]","args":[{"element-6066-11e4-a52e-4f735466cecf":"f.504C58434384A4EE898B1C568961733A.d.CBE3052A6EC5748390285A7953547AFE.e.6156","ELEMENT":"f.504C58434384A4EE898B1C568961733A.d.CBE3052A6EC5748390285A7953547AFE.e.6156"}]}
COMMAND: GET /session/3e4ceb57b36163f530f5479f57478588/screenshot - {}
RESULT: {}
COMMAND: POST /session/3e4ceb57b36163f530f5479f57478588/execute/sync - {"script":"<script> [56 bytes]","args":[{"element-6066-11e4-a52e-4f735466cecf":"f.504C58434384A4EE898B1C568961733A.d.CBE3052A6EC5748390285A7953547AFE.e.6156","ELEMENT":"f.504C58434384A4EE898B1C568961733A.d.CBE3052A6EC5748390285A7953547AFE.e.6156"}]}
RESULT: {"script":"<script> [56 bytes]","args":[{"element-6066-11e4-a52e-4f735466cecf":"f.504C58434384A4EE898B1C568961733A.d.CBE3052A6EC5748390285A7953547AFE.e.6156","ELEMENT":"f.504C58434384A4EE898B1C568961733A.d.CBE3052A6EC5748390285A7953547AFE.e.6156"}]}
COMMAND: GET /session/3e4ceb57b36163f530f5479f57478588/screenshot - {}
RESULT: {}
COMMAND: POST /session/3e4ceb57b36163f530f5479f57478588/execute/sync - {"script":"<script> [56 bytes]","args":[{"element-6066-11e4-a52e-4f735466cecf":"f.504C58434384A4EE898B1C568961733A.d.CBE3052A6EC5748390285A7953547AFE.e.6156","ELEMENT":"f.504C58434384A4EE898B1C568961733A.d.CBE3052A6EC5748390285A7953547AFE.e.6156"}]}
RESULT: {"script":"<script> [56 bytes]","args":[{"element-6066-11e4-a52e-4f735466cecf":"f.504C58434384A4EE898B1C568961733A.d.CBE3052A6EC5748390285A7953547AFE.e.6156","ELEMENT":"f.504C58434384A4EE898B1C568961733A.d.CBE3052A6EC5748390285A7953547AFE.e.6156"}]}
COMMAND: GET /session/3e4ceb57b36163f530f5479f57478588/screenshot - {}
RESULT: {}
COMMAND: POST /session/3e4ceb57b36163f530f5479f57478588/execute/sync - {"script":"<script> [56 bytes]","args":[{"element-6066-11e4-a52e-4f735466cecf":"f.504C58434384A4EE898B1C568961733A.d.CBE3052A6EC5748390285A7953547AFE.e.6156","ELEMENT":"f.504C58434384A4EE898B1C568961733A.d.CBE3052A6EC5748390285A7953547AFE.e.6156"}]}
RESULT: {"script":"<script> [56 bytes]","args":[{"element-6066-11e4-a52e-4f735466cecf":"f.504C58434384A4EE898B1C568961733A.d.CBE3052A6EC5748390285A7953547AFE.e.6156","ELEMENT":"f.504C58434384A4EE898B1C568961733A.d.CBE3052A6EC5748390285A7953547AFE.e.6156"}]}
COMMAND: GET /session/3e4ceb57b36163f530f5479f57478588/screenshot - {}
RESULT: {}
COMMAND: POST /session/3e4ceb57b36163f530f5479f57478588/execute/sync - {"script":"<script> [56 bytes]","args":[{"element-6066-11e4-a52e-4f735466cecf":"f.504C58434384A4EE898B1C568961733A.d.CBE3052A6EC5748390285A7953547AFE.e.6156","ELEMENT":"f.504C58434384A4EE898B1C568961733A.d.CBE3052A6EC5748390285A7953547AFE.e.6156"}]}
RESULT: {"script":"<script> [56 bytes]","args":[{"element-6066-11e4-a52e-4f735466cecf":"f.504C58434384A4EE898B1C568961733A.d.CBE3052A6EC5748390285A7953547AFE.e.6156","ELEMENT":"f.504C58434384A4EE898B1C568961733A.d.CBE3052A6EC5748390285A7953547AFE.e.6156"}]}
COMMAND: GET /session/3e4ceb57b36163f530f5479f57478588/screenshot - {}
RESULT: {}
COMMAND: POST /session/3e4ceb57b36163f530f5479f57478588/execute/sync - {"script":"<script> [56 bytes]","args":[{"element-6066-11e4-a52e-4f735466cecf":"f.504C58434384A4EE898B1C568961733A.d.CBE3052A6EC5748390285A7953547AFE.e.6156","ELEMENT":"f.504C58434384A4EE898B1C568961733A.d.CBE3052A6EC5748390285A7953547AFE.e.6156"}]}
RESULT: {"script":"<script> [56 bytes]","args":[{"element-6066-11e4-a52e-4f735466cecf":"f.504C58434384A4EE898B1C568961733A.d.CBE3052A6EC5748390285A7953547AFE.e.6156","ELEMENT":"f.504C58434384A4EE898B1C568961733A.d.CBE3052A6EC5748390285A7953547AFE.e.6156"}]}
COMMAND: GET /session/3e4ceb57b36163f530f5479f57478588/screenshot - {}
RESULT: {}
COMMAND: POST /session/3e4ceb57b36163f530f5479f57478588/execute/sync - {"script":"<script> [56 bytes]","args":[{"element-6066-11e4-a52e-4f735466cecf":"f.504C58434384A4EE898B1C568961733A.d.CBE3052A6EC5748390285A7953547AFE.e.6156","ELEMENT":"f.504C58434384A4EE898B1C568961733A.d.CBE3052A6EC5748390285A7953547AFE.e.6156"}]}
RESULT: {"script":"<script> [56 bytes]","args":[{"element-6066-11e4-a52e-4f735466cecf":"f.504C58434384A4EE898B1C568961733A.d.CBE3052A6EC5748390285A7953547AFE.e.6156","ELEMENT":"f.504C58434384A4EE898B1C568961733A.d.CBE3052A6EC5748390285A7953547AFE.e.6156"}]}
COMMAND: GET /session/3e4ceb57b36163f530f5479f57478588/screenshot - {}
RESULT: {}
COMMAND: POST /session/3e4ceb57b36163f530f5479f57478588/execute/sync - {"script":"<script> [56 bytes]","args":[{"element-6066-11e4-a52e-4f735466cecf":"f.504C58434384A4EE898B1C568961733A.d.CBE3052A6EC5748390285A7953547AFE.e.6156","ELEMENT":"f.504C58434384A4EE898B1C568961733A.d.CBE3052A6EC5748390285A7953547AFE.e.6156"}]}
RESULT: {"script":"<script> [56 bytes]","args":[{"element-6066-11e4-a52e-4f735466cecf":"f.504C58434384A4EE898B1C568961733A.d.CBE3052A6EC5748390285A7953547AFE.e.6156","ELEMENT":"f.504C58434384A4EE898B1C568961733A.d.CBE3052A6EC5748390285A7953547AFE.e.6156"}]}
COMMAND: GET /session/3e4ceb57b36163f530f5479f57478588/screenshot - {}
RESULT: {}
COMMAND: POST /session/3e4ceb57b36163f530f5479f57478588/execute/sync - {"script":"<script> [56 bytes]","args":[{"element-6066-11e4-a52e-4f735466cecf":"f.504C58434384A4EE898B1C568961733A.d.CBE3052A6EC5748390285A7953547AFE.e.6156","ELEMENT":"f.504C58434384A4EE898B1C568961733A.d.CBE3052A6EC5748390285A7953547AFE.e.6156"}]}
RESULT: {"script":"<script> [56 bytes]","args":[{"element-6066-11e4-a52e-4f735466cecf":"f.504C58434384A4EE898B1C568961733A.d.CBE3052A6EC5748390285A7953547AFE.e.6156","ELEMENT":"f.504C58434384A4EE898B1C568961733A.d.CBE3052A6EC5748390285A7953547AFE.e.6156"}]}
COMMAND: GET /session/3e4ceb57b36163f530f5479f57478588/screenshot - {}
COMMAND: POST /session/3e4ceb57b36163f530f5479f57478588/execute/sync - {"script":"<script> [56 bytes]","args":[{"element-6066-11e4-a52e-4f735466cecf":"f.504C58434384A4EE898B1C568961733A.d.CBE3052A6EC5748390285A7953547AFE.e.6156","ELEMENT":"f.504C58434384A4EE898B1C568961733A.d.CBE3052A6EC5748390285A7953547AFE.e.6156"}]}
RESULT: {}
RESULT: {"script":"<script> [56 bytes]","args":[{"element-6066-11e4-a52e-4f735466cecf":"f.504C58434384A4EE898B1C568961733A.d.CBE3052A6EC5748390285A7953547AFE.e.6156","ELEMENT":"f.504C58434384A4EE898B1C568961733A.d.CBE3052A6EC5748390285A7953547AFE.e.6156"}]}
COMMAND: POST /session/3e4ceb57b36163f530f5479f57478588/element - {"using":"xpath","value":"//td[@aria-colindex=\"1\"]/div/div[contains(@class, \"sapMCbBg\")]"}
COMMAND: GET /session/3e4ceb57b36163f530f5479f57478588/screenshot - {}
RESULT: {"using":"xpath","value":"//td[@aria-colindex=\"1\"]/div/div[contains(@class, \"sapMCbBg\")]"}
COMMAND: POST /session/3e4ceb57b36163f530f5479f57478588/element/f.504C58434384A4EE898B1C568961733A.d.CBE3052A6EC5748390285A7953547AFE.e.6175/click - {}
RESULT: {}
RESULT: {}
COMMAND: GET /session/3e4ceb57b36163f530f5479f57478588/screenshot - {}
RESULT: {}
COMMAND: POST /session/3e4ceb57b36163f530f5479f57478588/element - {"using":"xpath","value":"//bdi[text()=\"Transfer\"]"}
RESULT: {"using":"xpath","value":"//bdi[text()=\"Transfer\"]"}
COMMAND: POST /session/3e4ceb57b36163f530f5479f57478588/element/f.504C58434384A4EE898B1C568961733A.d.CBE3052A6EC5748390285A7953547AFE.e.6176/click - {}
RESULT: {}
COMMAND: GET /session/3e4ceb57b36163f530f5479f57478588/screenshot - {}
RESULT: {}
COMMAND: POST /session/3e4ceb57b36163f530f5479f57478588/element - {"using":"xpath","value":"//bdi[contains(text(), \"OK\")]"}
RESULT: {"using":"xpath","value":"//bdi[contains(text(), \"OK\")]"}
COMMAND: POST /session/3e4ceb57b36163f530f5479f57478588/element/f.504C58434384A4EE898B1C568961733A.d.CBE3052A6EC5748390285A7953547AFE.e.6179/click - {}
RESULT: {}
COMMAND: GET /session/3e4ceb57b36163f530f5479f57478588/screenshot - {}
RESULT: {}
COMMAND: POST /session/3e4ceb57b36163f530f5479f57478588/element - {"using":"xpath","value":"(//span[contains(text(), \"Invoice open\")]/parent::div/preceding-sibling::div/span)[1]"}
RESULT: {"using":"xpath","value":"(//span[contains(text(), \"Invoice open\")]/parent::div/preceding-sibling::div/span)[1]"}
COMMAND: POST /session/3e4ceb57b36163f530f5479f57478588/element/f.504C58434384A4EE898B1C568961733A.d.CBE3052A6EC5748390285A7953547AFE.e.6187/click - {}
RESULT: {}
COMMAND: GET /session/3e4ceb57b36163f530f5479f57478588/screenshot - {}
RESULT: {}
COMMAND: POST /session/3e4ceb57b36163f530f5479f57478588/element - {"using":"xpath","value":"//input[contains(@id ,\"application-billingtransfer-display-component---billingWorkbench--smartFilterBar-btnBasicSearch\")]"}
RESULT: {"using":"xpath","value":"//input[contains(@id ,\"application-billingtransfer-display-component---billingWorkbench--smartFilterBar-btnBasicSearch\")]"}
COMMAND: POST /session/3e4ceb57b36163f530f5479f57478588/elements - {"using":"xpath","value":"//input[contains(@id ,\"application-billingtransfer-display-component---billingWorkbench--smartFilterBar-btnBasicSearch\")]"}
RESULT: {"using":"xpath","value":"//input[contains(@id ,\"application-billingtransfer-display-component---billingWorkbench--smartFilterBar-btnBasicSearch\")]"}
COMMAND: POST /session/3e4ceb57b36163f530f5479f57478588/execute/sync - {"script":"<script> [8489 bytes]","args":[{"element-6066-11e4-a52e-4f735466cecf":"f.504C58434384A4EE898B1C568961733A.d.CBE3052A6EC5748390285A7953547AFE.e.6054","ELEMENT":"f.504C58434384A4EE898B1C568961733A.d.CBE3052A6EC5748390285A7953547AFE.e.6054"}]}
RESULT: {"script":"<script> [8489 bytes]","args":[{"element-6066-11e4-a52e-4f735466cecf":"f.504C58434384A4EE898B1C568961733A.d.CBE3052A6EC5748390285A7953547AFE.e.6054","ELEMENT":"f.504C58434384A4EE898B1C568961733A.d.CBE3052A6EC5748390285A7953547AFE.e.6054"}]}
COMMAND: GET /session/3e4ceb57b36163f530f5479f57478588/element/f.504C58434384A4EE898B1C568961733A.d.CBE3052A6EC5748390285A7953547AFE.e.6054/enabled - {}
COMMAND: GET /session/3e4ceb57b36163f530f5479f57478588/screenshot - {}
RESULT: {}
COMMAND: POST /session/3e4ceb57b36163f530f5479f57478588/element/f.504C58434384A4EE898B1C568961733A.d.CBE3052A6EC5748390285A7953547AFE.e.6054/click - {}
COMMAND: GET /session/3e4ceb57b36163f530f5479f57478588/screenshot - {}
RESULT: {}
RESULT: {}
COMMAND: GET /session/3e4ceb57b36163f530f5479f57478588/screenshot - {}
RESULT: {}
RESULT: {}
COMMAND: POST /session/3e4ceb57b36163f530f5479f57478588/element/f.504C58434384A4EE898B1C568961733A.d.CBE3052A6EC5748390285A7953547AFE.e.6054/clear - {}
RESULT: {}
COMMAND: POST /session/3e4ceb57b36163f530f5479f57478588/element/f.504C58434384A4EE898B1C568961733A.d.CBE3052A6EC5748390285A7953547AFE.e.6054/value - {"text":"10179"}
COMMAND: GET /session/3e4ceb57b36163f530f5479f57478588/screenshot - {}
RESULT: {"text":"10179"}
COMMAND: POST /session/3e4ceb57b36163f530f5479f57478588/actions - {"actions":[{"id":"action21","type":"key","parameters":{},"actions":[{"type":"keyDown","value":""},{"type":"pause","duration":10},{"type":"keyUp","value":""}]}]}
COMMAND: GET /session/3e4ceb57b36163f530f5479f57478588/screenshot - {}
RESULT: {}
RESULT: {"actions":[{"id":"action21","type":"key","parameters":{},"actions":[{"type":"keyDown","value":""},{"type":"pause","duration":10},{"type":"keyUp","value":""}]}]}
COMMAND: GET /session/3e4ceb57b36163f530f5479f57478588/screenshot - {}
RESULT: {}
RESULT: {}
COMMAND: POST /session/3e4ceb57b36163f530f5479f57478588/element - {"using":"xpath","value":"//span[contains(@id ,\"application-billingtransfer-display-component---billingWorkbench--smartTableBillingRuns-header-inner\")]"}
RESULT: {"using":"xpath","value":"//span[contains(@id ,\"application-billingtransfer-display-component---billingWorkbench--smartTableBillingRuns-header-inner\")]"}
COMMAND: POST /session/3e4ceb57b36163f530f5479f57478588/elements - {"using":"xpath","value":"//span[contains(@id ,\"application-billingtransfer-display-component---billingWorkbench--smartTableBillingRuns-header-inner\")]"}
RESULT: {"using":"xpath","value":"//span[contains(@id ,\"application-billingtransfer-display-component---billingWorkbench--smartTableBillingRuns-header-inner\")]"}
COMMAND: POST /session/3e4ceb57b36163f530f5479f57478588/execute/sync - {"script":"<script> [56 bytes]","args":[{"element-6066-11e4-a52e-4f735466cecf":"f.504C58434384A4EE898B1C568961733A.d.CBE3052A6EC5748390285A7953547AFE.e.6156","ELEMENT":"f.504C58434384A4EE898B1C568961733A.d.CBE3052A6EC5748390285A7953547AFE.e.6156"}]}
RESULT: {"script":"<script> [56 bytes]","args":[{"element-6066-11e4-a52e-4f735466cecf":"f.504C58434384A4EE898B1C568961733A.d.CBE3052A6EC5748390285A7953547AFE.e.6156","ELEMENT":"f.504C58434384A4EE898B1C568961733A.d.CBE3052A6EC5748390285A7953547AFE.e.6156"}]}
COMMAND: GET /session/3e4ceb57b36163f530f5479f57478588/screenshot - {}
RESULT: {}
COMMAND: POST /session/3e4ceb57b36163f530f5479f57478588/execute/sync - {"script":"<script> [56 bytes]","args":[{"element-6066-11e4-a52e-4f735466cecf":"f.504C58434384A4EE898B1C568961733A.d.CBE3052A6EC5748390285A7953547AFE.e.6156","ELEMENT":"f.504C58434384A4EE898B1C568961733A.d.CBE3052A6EC5748390285A7953547AFE.e.6156"}]}
RESULT: {"script":"<script> [56 bytes]","args":[{"element-6066-11e4-a52e-4f735466cecf":"f.504C58434384A4EE898B1C568961733A.d.CBE3052A6EC5748390285A7953547AFE.e.6156","ELEMENT":"f.504C58434384A4EE898B1C568961733A.d.CBE3052A6EC5748390285A7953547AFE.e.6156"}]}
COMMAND: GET /session/3e4ceb57b36163f530f5479f57478588/screenshot - {}
RESULT: {}
COMMAND: POST /session/3e4ceb57b36163f530f5479f57478588/execute/sync - {"script":"<script> [56 bytes]","args":[{"element-6066-11e4-a52e-4f735466cecf":"f.504C58434384A4EE898B1C568961733A.d.CBE3052A6EC5748390285A7953547AFE.e.6156","ELEMENT":"f.504C58434384A4EE898B1C568961733A.d.CBE3052A6EC5748390285A7953547AFE.e.6156"}]}
RESULT: {"script":"<script> [56 bytes]","args":[{"element-6066-11e4-a52e-4f735466cecf":"f.504C58434384A4EE898B1C568961733A.d.CBE3052A6EC5748390285A7953547AFE.e.6156","ELEMENT":"f.504C58434384A4EE898B1C568961733A.d.CBE3052A6EC5748390285A7953547AFE.e.6156"}]}
COMMAND: GET /session/3e4ceb57b36163f530f5479f57478588/screenshot - {}
RESULT: {}
COMMAND: POST /session/3e4ceb57b36163f530f5479f57478588/execute/sync - {"script":"<script> [56 bytes]","args":[{"element-6066-11e4-a52e-4f735466cecf":"f.504C58434384A4EE898B1C568961733A.d.CBE3052A6EC5748390285A7953547AFE.e.6156","ELEMENT":"f.504C58434384A4EE898B1C568961733A.d.CBE3052A6EC5748390285A7953547AFE.e.6156"}]}
RESULT: {"script":"<script> [56 bytes]","args":[{"element-6066-11e4-a52e-4f735466cecf":"f.504C58434384A4EE898B1C568961733A.d.CBE3052A6EC5748390285A7953547AFE.e.6156","ELEMENT":"f.504C58434384A4EE898B1C568961733A.d.CBE3052A6EC5748390285A7953547AFE.e.6156"}]}
COMMAND: GET /session/3e4ceb57b36163f530f5479f57478588/screenshot - {}
RESULT: {}
COMMAND: POST /session/3e4ceb57b36163f530f5479f57478588/execute/sync - {"script":"<script> [56 bytes]","args":[{"element-6066-11e4-a52e-4f735466cecf":"f.504C58434384A4EE898B1C568961733A.d.CBE3052A6EC5748390285A7953547AFE.e.6156","ELEMENT":"f.504C58434384A4EE898B1C568961733A.d.CBE3052A6EC5748390285A7953547AFE.e.6156"}]}
RESULT: {"script":"<script> [56 bytes]","args":[{"element-6066-11e4-a52e-4f735466cecf":"f.504C58434384A4EE898B1C568961733A.d.CBE3052A6EC5748390285A7953547AFE.e.6156","ELEMENT":"f.504C58434384A4EE898B1C568961733A.d.CBE3052A6EC5748390285A7953547AFE.e.6156"}]}
COMMAND: GET /session/3e4ceb57b36163f530f5479f57478588/screenshot - {}
RESULT: {}
COMMAND: POST /session/3e4ceb57b36163f530f5479f57478588/execute/sync - {"script":"<script> [56 bytes]","args":[{"element-6066-11e4-a52e-4f735466cecf":"f.504C58434384A4EE898B1C568961733A.d.CBE3052A6EC5748390285A7953547AFE.e.6156","ELEMENT":"f.504C58434384A4EE898B1C568961733A.d.CBE3052A6EC5748390285A7953547AFE.e.6156"}]}
RESULT: {"script":"<script> [56 bytes]","args":[{"element-6066-11e4-a52e-4f735466cecf":"f.504C58434384A4EE898B1C568961733A.d.CBE3052A6EC5748390285A7953547AFE.e.6156","ELEMENT":"f.504C58434384A4EE898B1C568961733A.d.CBE3052A6EC5748390285A7953547AFE.e.6156"}]}
COMMAND: GET /session/3e4ceb57b36163f530f5479f57478588/screenshot - {}
RESULT: {}
COMMAND: POST /session/3e4ceb57b36163f530f5479f57478588/execute/sync - {"script":"<script> [56 bytes]","args":[{"element-6066-11e4-a52e-4f735466cecf":"f.504C58434384A4EE898B1C568961733A.d.CBE3052A6EC5748390285A7953547AFE.e.6156","ELEMENT":"f.504C58434384A4EE898B1C568961733A.d.CBE3052A6EC5748390285A7953547AFE.e.6156"}]}
RESULT: {"script":"<script> [56 bytes]","args":[{"element-6066-11e4-a52e-4f735466cecf":"f.504C58434384A4EE898B1C568961733A.d.CBE3052A6EC5748390285A7953547AFE.e.6156","ELEMENT":"f.504C58434384A4EE898B1C568961733A.d.CBE3052A6EC5748390285A7953547AFE.e.6156"}]}
COMMAND: GET /session/3e4ceb57b36163f530f5479f57478588/screenshot - {}
RESULT: {}
COMMAND: POST /session/3e4ceb57b36163f530f5479f57478588/execute/sync - {"script":"<script> [56 bytes]","args":[{"element-6066-11e4-a52e-4f735466cecf":"f.504C58434384A4EE898B1C568961733A.d.CBE3052A6EC5748390285A7953547AFE.e.6156","ELEMENT":"f.504C58434384A4EE898B1C568961733A.d.CBE3052A6EC5748390285A7953547AFE.e.6156"}]}
RESULT: {"script":"<script> [56 bytes]","args":[{"element-6066-11e4-a52e-4f735466cecf":"f.504C58434384A4EE898B1C568961733A.d.CBE3052A6EC5748390285A7953547AFE.e.6156","ELEMENT":"f.504C58434384A4EE898B1C568961733A.d.CBE3052A6EC5748390285A7953547AFE.e.6156"}]}
COMMAND: GET /session/3e4ceb57b36163f530f5479f57478588/screenshot - {}
RESULT: {}
COMMAND: POST /session/3e4ceb57b36163f530f5479f57478588/execute/sync - {"script":"<script> [56 bytes]","args":[{"element-6066-11e4-a52e-4f735466cecf":"f.504C58434384A4EE898B1C568961733A.d.CBE3052A6EC5748390285A7953547AFE.e.6156","ELEMENT":"f.504C58434384A4EE898B1C568961733A.d.CBE3052A6EC5748390285A7953547AFE.e.6156"}]}
RESULT: {"script":"<script> [56 bytes]","args":[{"element-6066-11e4-a52e-4f735466cecf":"f.504C58434384A4EE898B1C568961733A.d.CBE3052A6EC5748390285A7953547AFE.e.6156","ELEMENT":"f.504C58434384A4EE898B1C568961733A.d.CBE3052A6EC5748390285A7953547AFE.e.6156"}]}
COMMAND: GET /session/3e4ceb57b36163f530f5479f57478588/screenshot - {}
RESULT: {}
COMMAND: POST /session/3e4ceb57b36163f530f5479f57478588/execute/sync - {"script":"<script> [56 bytes]","args":[{"element-6066-11e4-a52e-4f735466cecf":"f.504C58434384A4EE898B1C568961733A.d.CBE3052A6EC5748390285A7953547AFE.e.6156","ELEMENT":"f.504C58434384A4EE898B1C568961733A.d.CBE3052A6EC5748390285A7953547AFE.e.6156"}]}
RESULT: {"script":"<script> [56 bytes]","args":[{"element-6066-11e4-a52e-4f735466cecf":"f.504C58434384A4EE898B1C568961733A.d.CBE3052A6EC5748390285A7953547AFE.e.6156","ELEMENT":"f.504C58434384A4EE898B1C568961733A.d.CBE3052A6EC5748390285A7953547AFE.e.6156"}]}
COMMAND: GET /session/3e4ceb57b36163f530f5479f57478588/screenshot - {}
RESULT: {}
COMMAND: POST /session/3e4ceb57b36163f530f5479f57478588/execute/sync - {"script":"<script> [56 bytes]","args":[{"element-6066-11e4-a52e-4f735466cecf":"f.504C58434384A4EE898B1C568961733A.d.CBE3052A6EC5748390285A7953547AFE.e.6156","ELEMENT":"f.504C58434384A4EE898B1C568961733A.d.CBE3052A6EC5748390285A7953547AFE.e.6156"}]}
RESULT: {"script":"<script> [56 bytes]","args":[{"element-6066-11e4-a52e-4f735466cecf":"f.504C58434384A4EE898B1C568961733A.d.CBE3052A6EC5748390285A7953547AFE.e.6156","ELEMENT":"f.504C58434384A4EE898B1C568961733A.d.CBE3052A6EC5748390285A7953547AFE.e.6156"}]}
COMMAND: GET /session/3e4ceb57b36163f530f5479f57478588/screenshot - {}
RESULT: {}
COMMAND: POST /session/3e4ceb57b36163f530f5479f57478588/execute/sync - {"script":"<script> [56 bytes]","args":[{"element-6066-11e4-a52e-4f735466cecf":"f.504C58434384A4EE898B1C568961733A.d.CBE3052A6EC5748390285A7953547AFE.e.6156","ELEMENT":"f.504C58434384A4EE898B1C568961733A.d.CBE3052A6EC5748390285A7953547AFE.e.6156"}]}
RESULT: {"script":"<script> [56 bytes]","args":[{"element-6066-11e4-a52e-4f735466cecf":"f.504C58434384A4EE898B1C568961733A.d.CBE3052A6EC5748390285A7953547AFE.e.6156","ELEMENT":"f.504C58434384A4EE898B1C568961733A.d.CBE3052A6EC5748390285A7953547AFE.e.6156"}]}
COMMAND: GET /session/3e4ceb57b36163f530f5479f57478588/screenshot - {}
RESULT: {}
COMMAND: POST /session/3e4ceb57b36163f530f5479f57478588/execute/sync - {"script":"<script> [56 bytes]","args":[{"element-6066-11e4-a52e-4f735466cecf":"f.504C58434384A4EE898B1C568961733A.d.CBE3052A6EC5748390285A7953547AFE.e.6156","ELEMENT":"f.504C58434384A4EE898B1C568961733A.d.CBE3052A6EC5748390285A7953547AFE.e.6156"}]}
RESULT: {"script":"<script> [56 bytes]","args":[{"element-6066-11e4-a52e-4f735466cecf":"f.504C58434384A4EE898B1C568961733A.d.CBE3052A6EC5748390285A7953547AFE.e.6156","ELEMENT":"f.504C58434384A4EE898B1C568961733A.d.CBE3052A6EC5748390285A7953547AFE.e.6156"}]}
COMMAND: GET /session/3e4ceb57b36163f530f5479f57478588/screenshot - {}
RESULT: {}
COMMAND: POST /session/3e4ceb57b36163f530f5479f57478588/execute/sync - {"script":"<script> [56 bytes]","args":[{"element-6066-11e4-a52e-4f735466cecf":"f.504C58434384A4EE898B1C568961733A.d.CBE3052A6EC5748390285A7953547AFE.e.6156","ELEMENT":"f.504C58434384A4EE898B1C568961733A.d.CBE3052A6EC5748390285A7953547AFE.e.6156"}]}
RESULT: {"script":"<script> [56 bytes]","args":[{"element-6066-11e4-a52e-4f735466cecf":"f.504C58434384A4EE898B1C568961733A.d.CBE3052A6EC5748390285A7953547AFE.e.6156","ELEMENT":"f.504C58434384A4EE898B1C568961733A.d.CBE3052A6EC5748390285A7953547AFE.e.6156"}]}
COMMAND: POST /session/3e4ceb57b36163f530f5479f57478588/element - {"using":"css selector","value":"#shell-header-logo"}
COMMAND: GET /session/3e4ceb57b36163f530f5479f57478588/screenshot - {}
RESULT: {"using":"css selector","value":"#shell-header-logo"}
COMMAND: POST /session/3e4ceb57b36163f530f5479f57478588/element/f.504C58434384A4EE898B1C568961733A.d.CBE3052A6EC5748390285A7953547AFE.e.6052/click - {}
RESULT: {}
RESULT: {}
COMMAND: GET /session/3e4ceb57b36163f530f5479f57478588/screenshot - {}
RESULT: {}
COMMAND: POST /session/3e4ceb57b36163f530f5479f57478588/element - {"using":"css selector","value":"#j_username"}
COMMAND: POST /session/3e4ceb57b36163f530f5479f57478588/url - {"url":"https://qa-testing-00-live-etm-ui.cfapps.eu10-004.hana.ondemand.com/"}
RESULT: {"using":"css selector","value":"#j_username"}
COMMAND: POST /session/3e4ceb57b36163f530f5479f57478588/element - {"using":"css selector","value":"#j_username"}
RESULT: {"url":"https://qa-testing-00-live-etm-ui.cfapps.eu10-004.hana.ondemand.com/"}
RESULT: undefined
COMMAND: GET /session/3e4ceb57b36163f530f5479f57478588/screenshot - {}
RESULT: {"using":"css selector","value":"#j_username"}
COMMAND: POST /session/3e4ceb57b36163f530f5479f57478588/element - {"using":"css selector","value":"#shell-header-logo"}
RESULT: {}
RESULT: {"using":"css selector","value":"#shell-header-logo"}
COMMAND: POST /session/3e4ceb57b36163f530f5479f57478588/execute/sync - {"script":"<script> [8489 bytes]","args":[{"element-6066-11e4-a52e-4f735466cecf":"f.504C58434384A4EE898B1C568961733A.d.247031718801EEA5F2B85612A035AC70.e.6202","ELEMENT":"f.504C58434384A4EE898B1C568961733A.d.247031718801EEA5F2B85612A035AC70.e.6202"}]}
RESULT: {"script":"<script> [8489 bytes]","args":[{"element-6066-11e4-a52e-4f735466cecf":"f.504C58434384A4EE898B1C568961733A.d.247031718801EEA5F2B85612A035AC70.e.6202","ELEMENT":"f.504C58434384A4EE898B1C568961733A.d.247031718801EEA5F2B85612A035AC70.e.6202"}]}
COMMAND: POST /session/3e4ceb57b36163f530f5479f57478588/element - {"using":"css selector","value":"#shell-header-logo"}
COMMAND: GET /session/3e4ceb57b36163f530f5479f57478588/screenshot - {}
RESULT: {"using":"css selector","value":"#shell-header-logo"}
COMMAND: POST /session/3e4ceb57b36163f530f5479f57478588/execute/sync - {"script":"<script> [8489 bytes]","args":[{"element-6066-11e4-a52e-4f735466cecf":"f.504C58434384A4EE898B1C568961733A.d.247031718801EEA5F2B85612A035AC70.e.6202","ELEMENT":"f.504C58434384A4EE898B1C568961733A.d.247031718801EEA5F2B85612A035AC70.e.6202"}]}
RESULT: {}
RESULT: {"script":"<script> [8489 bytes]","args":[{"element-6066-11e4-a52e-4f735466cecf":"f.504C58434384A4EE898B1C568961733A.d.247031718801EEA5F2B85612A035AC70.e.6202","ELEMENT":"f.504C58434384A4EE898B1C568961733A.d.247031718801EEA5F2B85612A035AC70.e.6202"}]}
COMMAND: POST /session/3e4ceb57b36163f530f5479f57478588/execute/sync - {"script":"<script> [5351 bytes]","args":[{"element-6066-11e4-a52e-4f735466cecf":"f.504C58434384A4EE898B1C568961733A.d.247031718801EEA5F2B85612A035AC70.e.6202","ELEMENT":"f.504C58434384A4EE898B1C568961733A.d.247031718801EEA5F2B85612A035AC70.e.6202"}]}
COMMAND: GET /session/3e4ceb57b36163f530f5479f57478588/screenshot - {}
RESULT: {"script":"<script> [5351 bytes]","args":[{"element-6066-11e4-a52e-4f735466cecf":"f.504C58434384A4EE898B1C568961733A.d.247031718801EEA5F2B85612A035AC70.e.6202","ELEMENT":"f.504C58434384A4EE898B1C568961733A.d.247031718801EEA5F2B85612A035AC70.e.6202"}]}
COMMAND: POST /session/3e4ceb57b36163f530f5479f57478588/element - {"using":"css selector","value":"#shell-header-logo"}
COMMAND: GET /session/3e4ceb57b36163f530f5479f57478588/screenshot - {}
RESULT: {}
RESULT: {"using":"css selector","value":"#shell-header-logo"}
COMMAND: POST /session/3e4ceb57b36163f530f5479f57478588/element/f.504C58434384A4EE898B1C568961733A.d.247031718801EEA5F2B85612A035AC70.e.6202/click - {}
RESULT: {}
RESULT: {}
COMMAND: GET /session/3e4ceb57b36163f530f5479f57478588/screenshot - {}
RESULT: {}
COMMAND: POST /session/3e4ceb57b36163f530f5479f57478588/execute/async - {"script":"<script> [189 bytes]","args":[]}
RESULT: {"script":"<script> [189 bytes]","args":[]}
COMMAND: POST /session/3e4ceb57b36163f530f5479f57478588/execute/async - {"script":"<script> [123 bytes]","args":[]}
RESULT: {"script":"<script> [123 bytes]","args":[]}
COMMAND: POST /session/3e4ceb57b36163f530f5479f57478588/timeouts - {"script":"<number>"}
RESULT: {"script":"<number>"}
COMMAND: GET /session/3e4ceb57b36163f530f5479f57478588/timeouts - {}
RESULT: {}
RESULT: undefined
COMMAND: POST /session/3e4ceb57b36163f530f5479f57478588/execute/async - {"script":"<script> [2676 bytes]","args":[]}
RESULT: {"script":"<script> [2676 bytes]","args":[]}
COMMAND: POST /session/3e4ceb57b36163f530f5479f57478588/execute/async - {"script":"<script> [2342 bytes]","args":[{"protocol":"http","hostname":"0.0.0.0","path":"/","capabilities":{"browserName":"chrome","goog:chromeOptions":{"binary":"C:\\Program Files\\Google\\Chrome\\Application\\chrome.exe"}},"logLevel":"warn","connectionRetryTimeout":120000,"connectionRetryCount":3,"logLevels":{},"enableDirectConnect":true,"strictSSL":true,"_":"65 more keys: [\"cacheDir\",\"port\",\"requestedCapabilities\",\"automationProtocol\",\"baseUrl\",\"waitforInterval\",\"waitforTimeout\",\"onReload\",\"beforeCommand\",\"afterCommand\",\"rootDir\",\"specs\",\"suites\",\"exclude\",\"groupLogsByTestSpec\",\"excludeDriverLogs\",\"bail\",\"framework\",\"reporters\",\"services\",\"maxInstances\",\"maxInstancesPerCapability\",\"injectGlobals\",\"filesToWatch\",\"execArgv\",\"runnerEnv\",\"runner\",\"shard\",\"specFileRetries\",\"specFileRetriesDelay\",\"specFileRetriesDeferred\",\"reporterSyncInterval\",\"reporterSyncTimeout\",\"cucumberFeaturesWithLineNumbers\",\"autoCompileOpts\",\"mochaOpts\",\"jasmineOpts\",\"cucumberOpts\",\"onPrepare\",\"onWorkerStart\",\"onWorkerEnd\",\"before\",\"beforeSession\",\"beforeSuite\",\"beforeHook\",\"beforeTest\",\"afterTest\",\"afterHook\",\"afterSuite\",\"afterSession\",\"after\",\"onComplete\",\"beforeAssertion\",\"afterAssertion\",\"beforeFeature\",\"beforeScenario\",\"beforeStep\",\"afterStep\",\"afterScenario\",\"afterFeature\",\"_\",\"suite\",\"$0\",\"ignoredWorkerServices\",\"wdi5\"]"}]}
RESULT: {"script":"<script> [2342 bytes]","args":[{"protocol":"http","hostname":"0.0.0.0","path":"/","capabilities":{"browserName":"chrome","goog:chromeOptions":{"binary":"C:\\Program Files\\Google\\Chrome\\Application\\chrome.exe"}},"logLevel":"warn","connectionRetryTimeout":120000,"connectionRetryCount":3,"logLevels":{},"enableDirectConnect":true,"strictSSL":true,"_":"65 more keys: [\"cacheDir\",\"port\",\"requestedCapabilities\",\"automationProtocol\",\"baseUrl\",\"waitforInterval\",\"waitforTimeout\",\"onReload\",\"beforeCommand\",\"afterCommand\",\"rootDir\",\"specs\",\"suites\",\"exclude\",\"groupLogsByTestSpec\",\"excludeDriverLogs\",\"bail\",\"framework\",\"reporters\",\"services\",\"maxInstances\",\"maxInstancesPerCapability\",\"injectGlobals\",\"filesToWatch\",\"execArgv\",\"runnerEnv\",\"runner\",\"shard\",\"specFileRetries\",\"specFileRetriesDelay\",\"specFileRetriesDeferred\",\"reporterSyncInterval\",\"reporterSyncTimeout\",\"cucumberFeaturesWithLineNumbers\",\"autoCompileOpts\",\"mochaOpts\",\"jasmineOpts\",\"cucumberOpts\",\"onPrepare\",\"onWorkerStart\",\"onWorkerEnd\",\"before\",\"beforeSession\",\"beforeSuite\",\"beforeHook\",\"beforeTest\",\"afterTest\",\"afterHook\",\"afterSuite\",\"afterSession\",\"after\",\"onComplete\",\"beforeAssertion\",\"afterAssertion\",\"beforeFeature\",\"beforeScenario\",\"beforeStep\",\"afterStep\",\"afterScenario\",\"afterFeature\",\"_\",\"suite\",\"$0\",\"ignoredWorkerServices\",\"wdi5\"]"}]}
COMMAND: POST /session/3e4ceb57b36163f530f5479f57478588/execute/async - {"script":"<script> [21126 bytes]","args":[35000]}
RESULT: {"script":"<script> [21126 bytes]","args":[35000]}
COMMAND: POST /session/3e4ceb57b36163f530f5479f57478588/window/maximize - {}
RESULT: {}
COMMAND: POST /session/3e4ceb57b36163f530f5479f57478588/execute/async - {"script":"<script> [1562 bytes]","args":[{"selector":{"id":"shell-header","interaction":{"idSuffix":"icon"}},"wdio_ui5_key":"shellheader"}]}
COMMAND: GET /session/3e4ceb57b36163f530f5479f57478588/screenshot - {}
RESULT: {"script":"<script> [1562 bytes]","args":[{"selector":{"id":"shell-header","interaction":{"idSuffix":"icon"}},"wdio_ui5_key":"shellheader"}]}
RESULT: undefined
COMMAND: POST /session/3e4ceb57b36163f530f5479f57478588/refresh - {}
RESULT: {}
RESULT: {}
COMMAND: GET /session/3e4ceb57b36163f530f5479f57478588/screenshot - {}
RESULT: {}
COMMAND: POST /session/3e4ceb57b36163f530f5479f57478588/execute/async - {"script":"<script> [189 bytes]","args":[]}
RESULT: {"script":"<script> [189 bytes]","args":[]}
COMMAND: POST /session/3e4ceb57b36163f530f5479f57478588/execute/async - {"script":"<script> [123 bytes]","args":[]}
RESULT: {"script":"<script> [123 bytes]","args":[]}
COMMAND: POST /session/3e4ceb57b36163f530f5479f57478588/timeouts - {"script":"<number>"}
RESULT: {"script":"<number>"}
COMMAND: GET /session/3e4ceb57b36163f530f5479f57478588/timeouts - {}
RESULT: {}
RESULT: undefined
COMMAND: POST /session/3e4ceb57b36163f530f5479f57478588/execute/async - {"script":"<script> [2676 bytes]","args":[]}
RESULT: {"script":"<script> [2676 bytes]","args":[]}
COMMAND: POST /session/3e4ceb57b36163f530f5479f57478588/execute/async - {"script":"<script> [2342 bytes]","args":[{"protocol":"http","hostname":"0.0.0.0","path":"/","capabilities":{"browserName":"chrome","goog:chromeOptions":{"binary":"C:\\Program Files\\Google\\Chrome\\Application\\chrome.exe"}},"logLevel":"warn","connectionRetryTimeout":120000,"connectionRetryCount":3,"logLevels":{},"enableDirectConnect":true,"strictSSL":true,"_":"65 more keys: [\"cacheDir\",\"port\",\"requestedCapabilities\",\"automationProtocol\",\"baseUrl\",\"waitforInterval\",\"waitforTimeout\",\"onReload\",\"beforeCommand\",\"afterCommand\",\"rootDir\",\"specs\",\"suites\",\"exclude\",\"groupLogsByTestSpec\",\"excludeDriverLogs\",\"bail\",\"framework\",\"reporters\",\"services\",\"maxInstances\",\"maxInstancesPerCapability\",\"injectGlobals\",\"filesToWatch\",\"execArgv\",\"runnerEnv\",\"runner\",\"shard\",\"specFileRetries\",\"specFileRetriesDelay\",\"specFileRetriesDeferred\",\"reporterSyncInterval\",\"reporterSyncTimeout\",\"cucumberFeaturesWithLineNumbers\",\"autoCompileOpts\",\"mochaOpts\",\"jasmineOpts\",\"cucumberOpts\",\"onPrepare\",\"onWorkerStart\",\"onWorkerEnd\",\"before\",\"beforeSession\",\"beforeSuite\",\"beforeHook\",\"beforeTest\",\"afterTest\",\"afterHook\",\"afterSuite\",\"afterSession\",\"after\",\"onComplete\",\"beforeAssertion\",\"afterAssertion\",\"beforeFeature\",\"beforeScenario\",\"beforeStep\",\"afterStep\",\"afterScenario\",\"afterFeature\",\"_\",\"suite\",\"$0\",\"ignoredWorkerServices\",\"wdi5\"]"}]}
RESULT: {"script":"<script> [2342 bytes]","args":[{"protocol":"http","hostname":"0.0.0.0","path":"/","capabilities":{"browserName":"chrome","goog:chromeOptions":{"binary":"C:\\Program Files\\Google\\Chrome\\Application\\chrome.exe"}},"logLevel":"warn","connectionRetryTimeout":120000,"connectionRetryCount":3,"logLevels":{},"enableDirectConnect":true,"strictSSL":true,"_":"65 more keys: [\"cacheDir\",\"port\",\"requestedCapabilities\",\"automationProtocol\",\"baseUrl\",\"waitforInterval\",\"waitforTimeout\",\"onReload\",\"beforeCommand\",\"afterCommand\",\"rootDir\",\"specs\",\"suites\",\"exclude\",\"groupLogsByTestSpec\",\"excludeDriverLogs\",\"bail\",\"framework\",\"reporters\",\"services\",\"maxInstances\",\"maxInstancesPerCapability\",\"injectGlobals\",\"filesToWatch\",\"execArgv\",\"runnerEnv\",\"runner\",\"shard\",\"specFileRetries\",\"specFileRetriesDelay\",\"specFileRetriesDeferred\",\"reporterSyncInterval\",\"reporterSyncTimeout\",\"cucumberFeaturesWithLineNumbers\",\"autoCompileOpts\",\"mochaOpts\",\"jasmineOpts\",\"cucumberOpts\",\"onPrepare\",\"onWorkerStart\",\"onWorkerEnd\",\"before\",\"beforeSession\",\"beforeSuite\",\"beforeHook\",\"beforeTest\",\"afterTest\",\"afterHook\",\"afterSuite\",\"afterSession\",\"after\",\"onComplete\",\"beforeAssertion\",\"afterAssertion\",\"beforeFeature\",\"beforeScenario\",\"beforeStep\",\"afterStep\",\"afterScenario\",\"afterFeature\",\"_\",\"suite\",\"$0\",\"ignoredWorkerServices\",\"wdi5\"]"}]}
COMMAND: POST /session/3e4ceb57b36163f530f5479f57478588/execute/async - {"script":"<script> [21126 bytes]","args":[35000]}
RESULT: {"script":"<script> [21126 bytes]","args":[35000]}
]]></system-out>
    </testcase>
  </testsuite>
  <testsuite timestamp="2025-04-13T17:33:00" time="899.738" tests="12" failures="0" errors="0" skipped="0">
    <properties>
      <property name="specId" value="0"/>
      <property name="suiteName" value="Billing Transfer - Intracompany US127249"/>
      <property name="capabilities" value="chrome.135_0_7049_42.windows"/>
      <property name="file" value="file:///D:/a/1/s/test/specs/BTS/billing-transfer-intracompany.spec.js"/>
    </properties>
    <testcase classname="chrome.135_0_7049_42.windows.Billing_Transfer_-_Intracompany_US127249" name="Should create a new yard" time="111.832">
      <system-out><![CDATA[
COMMAND: POST /session/3e4ceb57b36163f530f5479f57478588/window/fullscreen - {}
RESULT: {}
COMMAND: POST /session/3e4ceb57b36163f530f5479f57478588/execute/async - {"script":"<script> [1562 bytes]","args":[{"selector":{"controlType":"sap.m.GenericTile","properties":{"header":"Manage Yards"}},"wdio_ui5_key":"sapm.GenericTile{\"header\":\"Manage Yards\"}"}]}
RESULT: {"script":"<script> [1562 bytes]","args":[{"selector":{"controlType":"sap.m.GenericTile","properties":{"header":"Manage Yards"}},"wdio_ui5_key":"sapm.GenericTile{\"header\":\"Manage Yards\"}"}]}
RESULT: undefined
COMMAND: POST /session/3e4ceb57b36163f530f5479f57478588/element - {"using":"xpath","value":"//*[@id=\"__tile41\"]"}
RESULT: {"using":"xpath","value":"//*[@id=\"__tile41\"]"}
COMMAND: POST /session/3e4ceb57b36163f530f5479f57478588/element/f.504C58434384A4EE898B1C568961733A.d.2EC66A1E28ABCB3FB3C6676E32A2F9E0.e.6240/click - {}
RESULT: {}
COMMAND: POST /session/3e4ceb57b36163f530f5479f57478588/element - {"using":"xpath","value":"//button[@data-kt=\"addNewYardOverflowToolbarButton\"]"}
COMMAND: GET /session/3e4ceb57b36163f530f5479f57478588/screenshot - {}
RESULT: {"using":"xpath","value":"//button[@data-kt=\"addNewYardOverflowToolbarButton\"]"}
COMMAND: POST /session/3e4ceb57b36163f530f5479f57478588/elements - {"using":"xpath","value":"//button[@data-kt=\"addNewYardOverflowToolbarButton\"]"}
RESULT: {}
RESULT: {"using":"xpath","value":"//button[@data-kt=\"addNewYardOverflowToolbarButton\"]"}
COMMAND: POST /session/3e4ceb57b36163f530f5479f57478588/elements - {"using":"xpath","value":"//button[@data-kt=\"addNewYardOverflowToolbarButton\"]"}
RESULT: {"using":"xpath","value":"//button[@data-kt=\"addNewYardOverflowToolbarButton\"]"}
COMMAND: POST /session/3e4ceb57b36163f530f5479f57478588/elements - {"using":"xpath","value":"//button[@data-kt=\"addNewYardOverflowToolbarButton\"]"}
RESULT: {"using":"xpath","value":"//button[@data-kt=\"addNewYardOverflowToolbarButton\"]"}
COMMAND: POST /session/3e4ceb57b36163f530f5479f57478588/elements - {"using":"xpath","value":"//button[@data-kt=\"addNewYardOverflowToolbarButton\"]"}
RESULT: {"using":"xpath","value":"//button[@data-kt=\"addNewYardOverflowToolbarButton\"]"}
COMMAND: POST /session/3e4ceb57b36163f530f5479f57478588/elements - {"using":"xpath","value":"//button[@data-kt=\"addNewYardOverflowToolbarButton\"]"}
RESULT: {"using":"xpath","value":"//button[@data-kt=\"addNewYardOverflowToolbarButton\"]"}
COMMAND: POST /session/3e4ceb57b36163f530f5479f57478588/elements - {"using":"xpath","value":"//button[@data-kt=\"addNewYardOverflowToolbarButton\"]"}
RESULT: {"using":"xpath","value":"//button[@data-kt=\"addNewYardOverflowToolbarButton\"]"}
COMMAND: POST /session/3e4ceb57b36163f530f5479f57478588/elements - {"using":"xpath","value":"//button[@data-kt=\"addNewYardOverflowToolbarButton\"]"}
RESULT: {"using":"xpath","value":"//button[@data-kt=\"addNewYardOverflowToolbarButton\"]"}
COMMAND: POST /session/3e4ceb57b36163f530f5479f57478588/elements - {"using":"xpath","value":"//button[@data-kt=\"addNewYardOverflowToolbarButton\"]"}
RESULT: {"using":"xpath","value":"//button[@data-kt=\"addNewYardOverflowToolbarButton\"]"}
COMMAND: POST /session/3e4ceb57b36163f530f5479f57478588/elements - {"using":"xpath","value":"//button[@data-kt=\"addNewYardOverflowToolbarButton\"]"}
RESULT: {"using":"xpath","value":"//button[@data-kt=\"addNewYardOverflowToolbarButton\"]"}
COMMAND: POST /session/3e4ceb57b36163f530f5479f57478588/elements - {"using":"xpath","value":"//button[@data-kt=\"addNewYardOverflowToolbarButton\"]"}
RESULT: {"using":"xpath","value":"//button[@data-kt=\"addNewYardOverflowToolbarButton\"]"}
COMMAND: POST /session/3e4ceb57b36163f530f5479f57478588/elements - {"using":"xpath","value":"//button[@data-kt=\"addNewYardOverflowToolbarButton\"]"}
RESULT: {"using":"xpath","value":"//button[@data-kt=\"addNewYardOverflowToolbarButton\"]"}
COMMAND: POST /session/3e4ceb57b36163f530f5479f57478588/elements - {"using":"xpath","value":"//button[@data-kt=\"addNewYardOverflowToolbarButton\"]"}
RESULT: {"using":"xpath","value":"//button[@data-kt=\"addNewYardOverflowToolbarButton\"]"}
COMMAND: POST /session/3e4ceb57b36163f530f5479f57478588/elements - {"using":"xpath","value":"//button[@data-kt=\"addNewYardOverflowToolbarButton\"]"}
RESULT: {"using":"xpath","value":"//button[@data-kt=\"addNewYardOverflowToolbarButton\"]"}
COMMAND: POST /session/3e4ceb57b36163f530f5479f57478588/elements - {"using":"xpath","value":"//button[@data-kt=\"addNewYardOverflowToolbarButton\"]"}
RESULT: {"using":"xpath","value":"//button[@data-kt=\"addNewYardOverflowToolbarButton\"]"}
COMMAND: POST /session/3e4ceb57b36163f530f5479f57478588/elements - {"using":"xpath","value":"//button[@data-kt=\"addNewYardOverflowToolbarButton\"]"}
RESULT: {"using":"xpath","value":"//button[@data-kt=\"addNewYardOverflowToolbarButton\"]"}
COMMAND: POST /session/3e4ceb57b36163f530f5479f57478588/elements - {"using":"xpath","value":"//button[@data-kt=\"addNewYardOverflowToolbarButton\"]"}
RESULT: {"using":"xpath","value":"//button[@data-kt=\"addNewYardOverflowToolbarButton\"]"}
COMMAND: POST /session/3e4ceb57b36163f530f5479f57478588/elements - {"using":"xpath","value":"//button[@data-kt=\"addNewYardOverflowToolbarButton\"]"}
RESULT: {"using":"xpath","value":"//button[@data-kt=\"addNewYardOverflowToolbarButton\"]"}
COMMAND: POST /session/3e4ceb57b36163f530f5479f57478588/elements - {"using":"xpath","value":"//button[@data-kt=\"addNewYardOverflowToolbarButton\"]"}
RESULT: {"using":"xpath","value":"//button[@data-kt=\"addNewYardOverflowToolbarButton\"]"}
COMMAND: POST /session/3e4ceb57b36163f530f5479f57478588/elements - {"using":"xpath","value":"//button[@data-kt=\"addNewYardOverflowToolbarButton\"]"}
RESULT: {"using":"xpath","value":"//button[@data-kt=\"addNewYardOverflowToolbarButton\"]"}
COMMAND: POST /session/3e4ceb57b36163f530f5479f57478588/elements - {"using":"xpath","value":"//button[@data-kt=\"addNewYardOverflowToolbarButton\"]"}
RESULT: {"using":"xpath","value":"//button[@data-kt=\"addNewYardOverflowToolbarButton\"]"}
COMMAND: POST /session/3e4ceb57b36163f530f5479f57478588/elements - {"using":"xpath","value":"//button[@data-kt=\"addNewYardOverflowToolbarButton\"]"}
RESULT: {"using":"xpath","value":"//button[@data-kt=\"addNewYardOverflowToolbarButton\"]"}
COMMAND: POST /session/3e4ceb57b36163f530f5479f57478588/elements - {"using":"xpath","value":"//button[@data-kt=\"addNewYardOverflowToolbarButton\"]"}
RESULT: {"using":"xpath","value":"//button[@data-kt=\"addNewYardOverflowToolbarButton\"]"}
COMMAND: POST /session/3e4ceb57b36163f530f5479f57478588/elements - {"using":"xpath","value":"//button[@data-kt=\"addNewYardOverflowToolbarButton\"]"}
RESULT: {"using":"xpath","value":"//button[@data-kt=\"addNewYardOverflowToolbarButton\"]"}
COMMAND: POST /session/3e4ceb57b36163f530f5479f57478588/elements - {"using":"xpath","value":"//button[@data-kt=\"addNewYardOverflowToolbarButton\"]"}
RESULT: {"using":"xpath","value":"//button[@data-kt=\"addNewYardOverflowToolbarButton\"]"}
COMMAND: POST /session/3e4ceb57b36163f530f5479f57478588/elements - {"using":"xpath","value":"//button[@data-kt=\"addNewYardOverflowToolbarButton\"]"}
RESULT: {"using":"xpath","value":"//button[@data-kt=\"addNewYardOverflowToolbarButton\"]"}
COMMAND: POST /session/3e4ceb57b36163f530f5479f57478588/elements - {"using":"xpath","value":"//button[@data-kt=\"addNewYardOverflowToolbarButton\"]"}
RESULT: {"using":"xpath","value":"//button[@data-kt=\"addNewYardOverflowToolbarButton\"]"}
COMMAND: POST /session/3e4ceb57b36163f530f5479f57478588/elements - {"using":"xpath","value":"//button[@data-kt=\"addNewYardOverflowToolbarButton\"]"}
RESULT: {"using":"xpath","value":"//button[@data-kt=\"addNewYardOverflowToolbarButton\"]"}
COMMAND: POST /session/3e4ceb57b36163f530f5479f57478588/elements - {"using":"xpath","value":"//button[@data-kt=\"addNewYardOverflowToolbarButton\"]"}
RESULT: {"using":"xpath","value":"//button[@data-kt=\"addNewYardOverflowToolbarButton\"]"}
COMMAND: POST /session/3e4ceb57b36163f530f5479f57478588/elements - {"using":"xpath","value":"//button[@data-kt=\"addNewYardOverflowToolbarButton\"]"}
RESULT: {"using":"xpath","value":"//button[@data-kt=\"addNewYardOverflowToolbarButton\"]"}
COMMAND: POST /session/3e4ceb57b36163f530f5479f57478588/elements - {"using":"xpath","value":"//button[@data-kt=\"addNewYardOverflowToolbarButton\"]"}
RESULT: {"using":"xpath","value":"//button[@data-kt=\"addNewYardOverflowToolbarButton\"]"}
COMMAND: POST /session/3e4ceb57b36163f530f5479f57478588/elements - {"using":"xpath","value":"//button[@data-kt=\"addNewYardOverflowToolbarButton\"]"}
RESULT: {"using":"xpath","value":"//button[@data-kt=\"addNewYardOverflowToolbarButton\"]"}
COMMAND: POST /session/3e4ceb57b36163f530f5479f57478588/elements - {"using":"xpath","value":"//button[@data-kt=\"addNewYardOverflowToolbarButton\"]"}
RESULT: {"using":"xpath","value":"//button[@data-kt=\"addNewYardOverflowToolbarButton\"]"}
COMMAND: POST /session/3e4ceb57b36163f530f5479f57478588/elements - {"using":"xpath","value":"//button[@data-kt=\"addNewYardOverflowToolbarButton\"]"}
RESULT: {"using":"xpath","value":"//button[@data-kt=\"addNewYardOverflowToolbarButton\"]"}
COMMAND: POST /session/3e4ceb57b36163f530f5479f57478588/elements - {"using":"xpath","value":"//button[@data-kt=\"addNewYardOverflowToolbarButton\"]"}
RESULT: {"using":"xpath","value":"//button[@data-kt=\"addNewYardOverflowToolbarButton\"]"}
COMMAND: POST /session/3e4ceb57b36163f530f5479f57478588/elements - {"using":"xpath","value":"//button[@data-kt=\"addNewYardOverflowToolbarButton\"]"}
RESULT: {"using":"xpath","value":"//button[@data-kt=\"addNewYardOverflowToolbarButton\"]"}
COMMAND: POST /session/3e4ceb57b36163f530f5479f57478588/elements - {"using":"xpath","value":"//button[@data-kt=\"addNewYardOverflowToolbarButton\"]"}
RESULT: {"using":"xpath","value":"//button[@data-kt=\"addNewYardOverflowToolbarButton\"]"}
COMMAND: POST /session/3e4ceb57b36163f530f5479f57478588/elements - {"using":"xpath","value":"//button[@data-kt=\"addNewYardOverflowToolbarButton\"]"}
RESULT: {"using":"xpath","value":"//button[@data-kt=\"addNewYardOverflowToolbarButton\"]"}
COMMAND: POST /session/3e4ceb57b36163f530f5479f57478588/elements - {"using":"xpath","value":"//button[@data-kt=\"addNewYardOverflowToolbarButton\"]"}
RESULT: {"using":"xpath","value":"//button[@data-kt=\"addNewYardOverflowToolbarButton\"]"}
COMMAND: POST /session/3e4ceb57b36163f530f5479f57478588/elements - {"using":"xpath","value":"//button[@data-kt=\"addNewYardOverflowToolbarButton\"]"}
RESULT: {"using":"xpath","value":"//button[@data-kt=\"addNewYardOverflowToolbarButton\"]"}
COMMAND: POST /session/3e4ceb57b36163f530f5479f57478588/elements - {"using":"xpath","value":"//button[@data-kt=\"addNewYardOverflowToolbarButton\"]"}
RESULT: {"using":"xpath","value":"//button[@data-kt=\"addNewYardOverflowToolbarButton\"]"}
COMMAND: POST /session/3e4ceb57b36163f530f5479f57478588/elements - {"using":"xpath","value":"//button[@data-kt=\"addNewYardOverflowToolbarButton\"]"}
RESULT: {"using":"xpath","value":"//button[@data-kt=\"addNewYardOverflowToolbarButton\"]"}
COMMAND: POST /session/3e4ceb57b36163f530f5479f57478588/elements - {"using":"xpath","value":"//button[@data-kt=\"addNewYardOverflowToolbarButton\"]"}
RESULT: {"using":"xpath","value":"//button[@data-kt=\"addNewYardOverflowToolbarButton\"]"}
COMMAND: POST /session/3e4ceb57b36163f530f5479f57478588/elements - {"using":"xpath","value":"//button[@data-kt=\"addNewYardOverflowToolbarButton\"]"}
RESULT: {"using":"xpath","value":"//button[@data-kt=\"addNewYardOverflowToolbarButton\"]"}
COMMAND: POST /session/3e4ceb57b36163f530f5479f57478588/elements - {"using":"xpath","value":"//button[@data-kt=\"addNewYardOverflowToolbarButton\"]"}
RESULT: {"using":"xpath","value":"//button[@data-kt=\"addNewYardOverflowToolbarButton\"]"}
COMMAND: POST /session/3e4ceb57b36163f530f5479f57478588/elements - {"using":"xpath","value":"//button[@data-kt=\"addNewYardOverflowToolbarButton\"]"}
RESULT: {"using":"xpath","value":"//button[@data-kt=\"addNewYardOverflowToolbarButton\"]"}
COMMAND: POST /session/3e4ceb57b36163f530f5479f57478588/elements - {"using":"xpath","value":"//button[@data-kt=\"addNewYardOverflowToolbarButton\"]"}
RESULT: {"using":"xpath","value":"//button[@data-kt=\"addNewYardOverflowToolbarButton\"]"}
COMMAND: POST /session/3e4ceb57b36163f530f5479f57478588/elements - {"using":"xpath","value":"//button[@data-kt=\"addNewYardOverflowToolbarButton\"]"}
RESULT: {"using":"xpath","value":"//button[@data-kt=\"addNewYardOverflowToolbarButton\"]"}
COMMAND: POST /session/3e4ceb57b36163f530f5479f57478588/elements - {"using":"xpath","value":"//button[@data-kt=\"addNewYardOverflowToolbarButton\"]"}
RESULT: {"using":"xpath","value":"//button[@data-kt=\"addNewYardOverflowToolbarButton\"]"}
COMMAND: POST /session/3e4ceb57b36163f530f5479f57478588/elements - {"using":"xpath","value":"//button[@data-kt=\"addNewYardOverflowToolbarButton\"]"}
RESULT: {"using":"xpath","value":"//button[@data-kt=\"addNewYardOverflowToolbarButton\"]"}
COMMAND: POST /session/3e4ceb57b36163f530f5479f57478588/elements - {"using":"xpath","value":"//button[@data-kt=\"addNewYardOverflowToolbarButton\"]"}
RESULT: {"using":"xpath","value":"//button[@data-kt=\"addNewYardOverflowToolbarButton\"]"}
COMMAND: POST /session/3e4ceb57b36163f530f5479f57478588/element - {"using":"xpath","value":"//button[@data-kt=\"addNewYardOverflowToolbarButton\"]"}
RESULT: {"using":"xpath","value":"//button[@data-kt=\"addNewYardOverflowToolbarButton\"]"}
COMMAND: POST /session/3e4ceb57b36163f530f5479f57478588/execute/sync - {"script":"<script> [8489 bytes]","args":[{"element-6066-11e4-a52e-4f735466cecf":"f.504C58434384A4EE898B1C568961733A.d.2EC66A1E28ABCB3FB3C6676E32A2F9E0.e.6273","ELEMENT":"f.504C58434384A4EE898B1C568961733A.d.2EC66A1E28ABCB3FB3C6676E32A2F9E0.e.6273"}]}
RESULT: {"script":"<script> [8489 bytes]","args":[{"element-6066-11e4-a52e-4f735466cecf":"f.504C58434384A4EE898B1C568961733A.d.2EC66A1E28ABCB3FB3C6676E32A2F9E0.e.6273","ELEMENT":"f.504C58434384A4EE898B1C568961733A.d.2EC66A1E28ABCB3FB3C6676E32A2F9E0.e.6273"}]}
COMMAND: GET /session/3e4ceb57b36163f530f5479f57478588/element/f.504C58434384A4EE898B1C568961733A.d.2EC66A1E28ABCB3FB3C6676E32A2F9E0.e.6273/enabled - {}
COMMAND: GET /session/3e4ceb57b36163f530f5479f57478588/screenshot - {}
RESULT: {}
COMMAND: POST /session/3e4ceb57b36163f530f5479f57478588/execute/sync - {"script":"<script> [8489 bytes]","args":[{"element-6066-11e4-a52e-4f735466cecf":"f.504C58434384A4EE898B1C568961733A.d.2EC66A1E28ABCB3FB3C6676E32A2F9E0.e.6273","ELEMENT":"f.504C58434384A4EE898B1C568961733A.d.2EC66A1E28ABCB3FB3C6676E32A2F9E0.e.6273"}]}
COMMAND: GET /session/3e4ceb57b36163f530f5479f57478588/screenshot - {}
RESULT: {}
RESULT: {"script":"<script> [8489 bytes]","args":[{"element-6066-11e4-a52e-4f735466cecf":"f.504C58434384A4EE898B1C568961733A.d.2EC66A1E28ABCB3FB3C6676E32A2F9E0.e.6273","ELEMENT":"f.504C58434384A4EE898B1C568961733A.d.2EC66A1E28ABCB3FB3C6676E32A2F9E0.e.6273"}]}
COMMAND: POST /session/3e4ceb57b36163f530f5479f57478588/execute/sync - {"script":"<script> [5351 bytes]","args":[{"element-6066-11e4-a52e-4f735466cecf":"f.504C58434384A4EE898B1C568961733A.d.2EC66A1E28ABCB3FB3C6676E32A2F9E0.e.6273","ELEMENT":"f.504C58434384A4EE898B1C568961733A.d.2EC66A1E28ABCB3FB3C6676E32A2F9E0.e.6273"}]}
COMMAND: GET /session/3e4ceb57b36163f530f5479f57478588/screenshot - {}
RESULT: {}
RESULT: {"script":"<script> [5351 bytes]","args":[{"element-6066-11e4-a52e-4f735466cecf":"f.504C58434384A4EE898B1C568961733A.d.2EC66A1E28ABCB3FB3C6676E32A2F9E0.e.6273","ELEMENT":"f.504C58434384A4EE898B1C568961733A.d.2EC66A1E28ABCB3FB3C6676E32A2F9E0.e.6273"}]}
COMMAND: POST /session/3e4ceb57b36163f530f5479f57478588/element/f.504C58434384A4EE898B1C568961733A.d.2EC66A1E28ABCB3FB3C6676E32A2F9E0.e.6273/click - {}
COMMAND: GET /session/3e4ceb57b36163f530f5479f57478588/screenshot - {}
RESULT: {}
RESULT: {}
COMMAND: GET /session/3e4ceb57b36163f530f5479f57478588/screenshot - {}
COMMAND: POST /session/3e4ceb57b36163f530f5479f57478588/element - {"using":"xpath","value":"//input[@id=\"application-manageyards-display-component---NewYard--yardId-inner\"]"}
RESULT: {}
RESULT: {}
RESULT: {"using":"xpath","value":"//input[@id=\"application-manageyards-display-component---NewYard--yardId-inner\"]"}
COMMAND: POST /session/3e4ceb57b36163f530f5479f57478588/element - {"using":"xpath","value":"//input[@id=\"application-manageyards-display-component---NewYard--yardId-inner\"]"}
RESULT: {"using":"xpath","value":"//input[@id=\"application-manageyards-display-component---NewYard--yardId-inner\"]"}
COMMAND: POST /session/3e4ceb57b36163f530f5479f57478588/execute/async - {"script":"<script> [1562 bytes]","args":[{"selector":{"id":"application-manageyards-display-component---NewYard--addressDetailDetailsName1","interaction":{"idSuffix":"inner"}},"wdio_ui5_key":"applicationmanageyards-display-component---NewYard--addressDetailDetailsName1"}]}
RESULT: {"script":"<script> [1562 bytes]","args":[{"selector":{"id":"application-manageyards-display-component---NewYard--addressDetailDetailsName1","interaction":{"idSuffix":"inner"}},"wdio_ui5_key":"applicationmanageyards-display-component---NewYard--addressDetailDetailsName1"}]}
RESULT: undefined
COMMAND: POST /session/3e4ceb57b36163f530f5479f57478588/execute/async - {"script":"<script> [776 bytes]","args":[{"enterText":"Intracompany Yard wdIO","selector":{"id":"application-manageyards-display-component---NewYard--addressDetailDetailsName1","interaction":{"idSuffix":"inner"}},"clearTextFirst":true,"interactionType":"ENTER_TEXT"}]}
RESULT: {"script":"<script> [776 bytes]","args":[{"enterText":"Intracompany Yard wdIO","selector":{"id":"application-manageyards-display-component---NewYard--addressDetailDetailsName1","interaction":{"idSuffix":"inner"}},"clearTextFirst":true,"interactionType":"ENTER_TEXT"}]}
COMMAND: POST /session/3e4ceb57b36163f530f5479f57478588/execute/async - {"script":"<script> [1562 bytes]","args":[{"selector":{"id":"application-manageyards-display-component---NewYard--addressDetailDetailsLanguage-arrow"},"wdio_ui5_key":"applicationmanageyards-display-component---NewYard--addressDetailDetailsLanguage-arrow"}]}
RESULT: {"script":"<script> [1562 bytes]","args":[{"selector":{"id":"application-manageyards-display-component---NewYard--addressDetailDetailsLanguage-arrow"},"wdio_ui5_key":"applicationmanageyards-display-component---NewYard--addressDetailDetailsLanguage-arrow"}]}
RESULT: undefined
COMMAND: POST /session/3e4ceb57b36163f530f5479f57478588/element - {"using":"xpath","value":"//*[@id=\"application-manageyards-display-component---NewYard--addressDetailDetailsLanguage-arrow\"]"}
RESULT: {"using":"xpath","value":"//*[@id=\"application-manageyards-display-component---NewYard--addressDetailDetailsLanguage-arrow\"]"}
COMMAND: POST /session/3e4ceb57b36163f530f5479f57478588/element/f.504C58434384A4EE898B1C568961733A.d.2EC66A1E28ABCB3FB3C6676E32A2F9E0.e.6704/click - {}
RESULT: {}
COMMAND: POST /session/3e4ceb57b36163f530f5479f57478588/element - {"using":"xpath","value":"//span[contains(text(), \"English\")]"}
COMMAND: GET /session/3e4ceb57b36163f530f5479f57478588/screenshot - {}
RESULT: {"using":"xpath","value":"//span[contains(text(), \"English\")]"}
COMMAND: POST /session/3e4ceb57b36163f530f5479f57478588/element/f.504C58434384A4EE898B1C568961733A.d.2EC66A1E28ABCB3FB3C6676E32A2F9E0.e.6705/click - {}
RESULT: {}
RESULT: {}
COMMAND: POST /session/3e4ceb57b36163f530f5479f57478588/execute/async - {"script":"<script> [1562 bytes]","args":[{"selector":{"id":"application-manageyards-display-component---NewYard--addressDetailDetailsCity1","interaction":{"idSuffix":"inner"}},"wdio_ui5_key":"applicationmanageyards-display-component---NewYard--addressDetailDetailsCity1"}]}
COMMAND: GET /session/3e4ceb57b36163f530f5479f57478588/screenshot - {}
RESULT: {"script":"<script> [1562 bytes]","args":[{"selector":{"id":"application-manageyards-display-component---NewYard--addressDetailDetailsCity1","interaction":{"idSuffix":"inner"}},"wdio_ui5_key":"applicationmanageyards-display-component---NewYard--addressDetailDetailsCity1"}]}
RESULT: undefined
COMMAND: POST /session/3e4ceb57b36163f530f5479f57478588/execute/async - {"script":"<script> [776 bytes]","args":[{"enterText":"Rosario","selector":{"id":"application-manageyards-display-component---NewYard--addressDetailDetailsCity1","interaction":{"idSuffix":"inner"}},"clearTextFirst":true,"interactionType":"ENTER_TEXT"}]}
RESULT: {}
RESULT: {"script":"<script> [776 bytes]","args":[{"enterText":"Rosario","selector":{"id":"application-manageyards-display-component---NewYard--addressDetailDetailsCity1","interaction":{"idSuffix":"inner"}},"clearTextFirst":true,"interactionType":"ENTER_TEXT"}]}
COMMAND: POST /session/3e4ceb57b36163f530f5479f57478588/execute/async - {"script":"<script> [1562 bytes]","args":[{"selector":{"id":"application-manageyards-display-component---NewYard--addressDetailDetailsCountry-arrow"},"wdio_ui5_key":"applicationmanageyards-display-component---NewYard--addressDetailDetailsCountry-arrow"}]}
RESULT: {"script":"<script> [1562 bytes]","args":[{"selector":{"id":"application-manageyards-display-component---NewYard--addressDetailDetailsCountry-arrow"},"wdio_ui5_key":"applicationmanageyards-display-component---NewYard--addressDetailDetailsCountry-arrow"}]}
RESULT: undefined
COMMAND: POST /session/3e4ceb57b36163f530f5479f57478588/element - {"using":"xpath","value":"//*[@id=\"application-manageyards-display-component---NewYard--addressDetailDetailsCountry-arrow\"]"}
RESULT: {"using":"xpath","value":"//*[@id=\"application-manageyards-display-component---NewYard--addressDetailDetailsCountry-arrow\"]"}
COMMAND: POST /session/3e4ceb57b36163f530f5479f57478588/element/f.504C58434384A4EE898B1C568961733A.d.2EC66A1E28ABCB3FB3C6676E32A2F9E0.e.6707/click - {}
RESULT: {}
COMMAND: POST /session/3e4ceb57b36163f530f5479f57478588/element - {"using":"xpath","value":"//span[contains(text(), \"Argentina\")]"}
COMMAND: GET /session/3e4ceb57b36163f530f5479f57478588/screenshot - {}
RESULT: {"using":"xpath","value":"//span[contains(text(), \"Argentina\")]"}
COMMAND: POST /session/3e4ceb57b36163f530f5479f57478588/element/f.504C58434384A4EE898B1C568961733A.d.2EC66A1E28ABCB3FB3C6676E32A2F9E0.e.6708/click - {}
RESULT: {}
RESULT: {}
COMMAND: POST /session/3e4ceb57b36163f530f5479f57478588/execute/async - {"script":"<script> [1562 bytes]","args":[{"selector":{"id":"application-manageyards-display-component---NewYard--addressEditDetailsCostObjectCstType-arrow"},"wdio_ui5_key":"applicationmanageyards-display-component---NewYard--addressEditDetailsCostObjectCstType-arrow"}]}
COMMAND: GET /session/3e4ceb57b36163f530f5479f57478588/screenshot - {}
RESULT: {"script":"<script> [1562 bytes]","args":[{"selector":{"id":"application-manageyards-display-component---NewYard--addressEditDetailsCostObjectCstType-arrow"},"wdio_ui5_key":"applicationmanageyards-display-component---NewYard--addressEditDetailsCostObjectCstType-arrow"}]}
RESULT: undefined
COMMAND: POST /session/3e4ceb57b36163f530f5479f57478588/element - {"using":"xpath","value":"//*[@id=\"application-manageyards-display-component---NewYard--addressEditDetailsCostObjectCstType-arrow\"]"}
RESULT: {}
RESULT: {"using":"xpath","value":"//*[@id=\"application-manageyards-display-component---NewYard--addressEditDetailsCostObjectCstType-arrow\"]"}
COMMAND: POST /session/3e4ceb57b36163f530f5479f57478588/element/f.504C58434384A4EE898B1C568961733A.d.2EC66A1E28ABCB3FB3C6676E32A2F9E0.e.6710/click - {}
RESULT: {}
COMMAND: POST /session/3e4ceb57b36163f530f5479f57478588/element - {"using":"xpath","value":"//span[contains(text(), \"Cost Center\")]"}
COMMAND: GET /session/3e4ceb57b36163f530f5479f57478588/screenshot - {}
RESULT: {"using":"xpath","value":"//span[contains(text(), \"Cost Center\")]"}
COMMAND: POST /session/3e4ceb57b36163f530f5479f57478588/element/f.504C58434384A4EE898B1C568961733A.d.2EC66A1E28ABCB3FB3C6676E32A2F9E0.e.6711/click - {}
RESULT: {}
RESULT: {}
COMMAND: GET /session/3e4ceb57b36163f530f5479f57478588/screenshot - {}
RESULT: {}
COMMAND: POST /session/3e4ceb57b36163f530f5479f57478588/element - {"using":"xpath","value":"//span[@id=\"application-manageyards-display-component---NewYard--addressNewCostObjectCstID-vhi\"]"}
RESULT: {"using":"xpath","value":"//span[@id=\"application-manageyards-display-component---NewYard--addressNewCostObjectCstID-vhi\"]"}
COMMAND: POST /session/3e4ceb57b36163f530f5479f57478588/execute/sync - {"script":"<script> [8489 bytes]","args":[{"element-6066-11e4-a52e-4f735466cecf":"f.504C58434384A4EE898B1C568961733A.d.2EC66A1E28ABCB3FB3C6676E32A2F9E0.e.6714","ELEMENT":"f.504C58434384A4EE898B1C568961733A.d.2EC66A1E28ABCB3FB3C6676E32A2F9E0.e.6714"}]}
RESULT: {"script":"<script> [8489 bytes]","args":[{"element-6066-11e4-a52e-4f735466cecf":"f.504C58434384A4EE898B1C568961733A.d.2EC66A1E28ABCB3FB3C6676E32A2F9E0.e.6714","ELEMENT":"f.504C58434384A4EE898B1C568961733A.d.2EC66A1E28ABCB3FB3C6676E32A2F9E0.e.6714"}]}
COMMAND: POST /session/3e4ceb57b36163f530f5479f57478588/execute/async - {"script":"<script> [1562 bytes]","args":[{"selector":{"id":"application-manageyards-display-component---NewYard--addressNewCostObjectCstID-vhi"},"wdio_ui5_key":"applicationmanageyards-display-component---NewYard--addressNewCostObjectCstID-vhi"}]}
COMMAND: GET /session/3e4ceb57b36163f530f5479f57478588/screenshot - {}
RESULT: {"script":"<script> [1562 bytes]","args":[{"selector":{"id":"application-manageyards-display-component---NewYard--addressNewCostObjectCstID-vhi"},"wdio_ui5_key":"applicationmanageyards-display-component---NewYard--addressNewCostObjectCstID-vhi"}]}
RESULT: undefined
COMMAND: POST /session/3e4ceb57b36163f530f5479f57478588/element - {"using":"xpath","value":"//*[@id=\"application-manageyards-display-component---NewYard--addressNewCostObjectCstID-vhi\"]"}
RESULT: {}
RESULT: {"using":"xpath","value":"//*[@id=\"application-manageyards-display-component---NewYard--addressNewCostObjectCstID-vhi\"]"}
COMMAND: POST /session/3e4ceb57b36163f530f5479f57478588/element/f.504C58434384A4EE898B1C568961733A.d.2EC66A1E28ABCB3FB3C6676E32A2F9E0.e.6714/click - {}
RESULT: {}
COMMAND: GET /session/3e4ceb57b36163f530f5479f57478588/screenshot - {}
RESULT: {}
COMMAND: POST /session/3e4ceb57b36163f530f5479f57478588/execute/async - {"script":"<script> [1562 bytes]","args":[{"selector":{"controlType":"sap.m.SearchField","properties":{"placeholder":"Search"},"searchOpenDialogs":true,"interaction":{"idSuffix":"I"}},"wdio_ui5_key":"sapm.SearchField{\"placeholder\":\"Search\"}"}]}
RESULT: {"script":"<script> [1562 bytes]","args":[{"selector":{"controlType":"sap.m.SearchField","properties":{"placeholder":"Search"},"searchOpenDialogs":true,"interaction":{"idSuffix":"I"}},"wdio_ui5_key":"sapm.SearchField{\"placeholder\":\"Search\"}"}]}
RESULT: undefined
COMMAND: POST /session/3e4ceb57b36163f530f5479f57478588/execute/async - {"script":"<script> [776 bytes]","args":[{"enterText":"10001013","selector":{"controlType":"sap.m.SearchField","properties":{"placeholder":"Search"},"searchOpenDialogs":true,"interaction":{"idSuffix":"I"}},"clearTextFirst":true,"interactionType":"ENTER_TEXT"}]}
RESULT: {"script":"<script> [776 bytes]","args":[{"enterText":"10001013","selector":{"controlType":"sap.m.SearchField","properties":{"placeholder":"Search"},"searchOpenDialogs":true,"interaction":{"idSuffix":"I"}},"clearTextFirst":true,"interactionType":"ENTER_TEXT"}]}
COMMAND: POST /session/3e4ceb57b36163f530f5479f57478588/actions - {"actions":[{"id":"action22","type":"key","parameters":{},"actions":[{"type":"keyDown","value":""},{"type":"pause","duration":10},{"type":"keyUp","value":""}]}]}
RESULT: {"actions":[{"id":"action22","type":"key","parameters":{},"actions":[{"type":"keyDown","value":""},{"type":"pause","duration":10},{"type":"keyUp","value":""}]}]}
COMMAND: GET /session/3e4ceb57b36163f530f5479f57478588/screenshot - {}
RESULT: {}
COMMAND: POST /session/3e4ceb57b36163f530f5479f57478588/element - {"using":"xpath","value":"//span[contains(text(), \"General Management\")]"}
RESULT: {"using":"xpath","value":"//span[contains(text(), \"General Management\")]"}
COMMAND: POST /session/3e4ceb57b36163f530f5479f57478588/element/f.504C58434384A4EE898B1C568961733A.d.2EC66A1E28ABCB3FB3C6676E32A2F9E0.e.6754/click - {}
RESULT: {}
COMMAND: GET /session/3e4ceb57b36163f530f5479f57478588/screenshot - {}
RESULT: {}
COMMAND: POST /session/3e4ceb57b36163f530f5479f57478588/element - {"using":"xpath","value":"//bdi[contains(text(), \"OK\")]"}
RESULT: {"using":"xpath","value":"//bdi[contains(text(), \"OK\")]"}
COMMAND: POST /session/3e4ceb57b36163f530f5479f57478588/element/f.504C58434384A4EE898B1C568961733A.d.2EC66A1E28ABCB3FB3C6676E32A2F9E0.e.6755/click - {}
RESULT: {}
COMMAND: GET /session/3e4ceb57b36163f530f5479f57478588/screenshot - {}
RESULT: {}
COMMAND: POST /session/3e4ceb57b36163f530f5479f57478588/execute/async - {"script":"<script> [1562 bytes]","args":[{"selector":{"id":"application-manageyards-display-component---NewYard--addressEditDetailsCurrency-arrow"},"wdio_ui5_key":"applicationmanageyards-display-component---NewYard--addressEditDetailsCurrency-arrow"}]}
RESULT: {"script":"<script> [1562 bytes]","args":[{"selector":{"id":"application-manageyards-display-component---NewYard--addressEditDetailsCurrency-arrow"},"wdio_ui5_key":"applicationmanageyards-display-component---NewYard--addressEditDetailsCurrency-arrow"}]}
RESULT: undefined
COMMAND: POST /session/3e4ceb57b36163f530f5479f57478588/element - {"using":"xpath","value":"//*[@id=\"application-manageyards-display-component---NewYard--addressEditDetailsCurrency-arrow\"]"}
RESULT: {"using":"xpath","value":"//*[@id=\"application-manageyards-display-component---NewYard--addressEditDetailsCurrency-arrow\"]"}
COMMAND: POST /session/3e4ceb57b36163f530f5479f57478588/element/f.504C58434384A4EE898B1C568961733A.d.2EC66A1E28ABCB3FB3C6676E32A2F9E0.e.6758/click - {}
RESULT: {}
COMMAND: POST /session/3e4ceb57b36163f530f5479f57478588/element - {"using":"xpath","value":"//span[contains(text(), \"Euro\")]"}
COMMAND: GET /session/3e4ceb57b36163f530f5479f57478588/screenshot - {}
RESULT: {"using":"xpath","value":"//span[contains(text(), \"Euro\")]"}
COMMAND: POST /session/3e4ceb57b36163f530f5479f57478588/element/f.504C58434384A4EE898B1C568961733A.d.2EC66A1E28ABCB3FB3C6676E32A2F9E0.e.6759/click - {}
RESULT: {}
RESULT: {}
COMMAND: POST /session/3e4ceb57b36163f530f5479f57478588/execute/async - {"script":"<script> [1562 bytes]","args":[{"selector":{"controlType":"sap.m.Input","viewName":"etm.portal.ui.manageyards.view.New","viewId":"application-manageyards-display-component---NewYard","bindingPath":{"path":"","propertyPath":"/CONTROLLING_AREA","modelName":"NewYardModel"},"interaction":{"idSuffix":"inner"}},"wdio_ui5_key":"etmportal.ui.manageyards.view.Newsap.m.Input{\"path\":\"\",\"propertyPath\":\"/CONTROLLING_AREA\",\"modelName\":\"NewYardModel\"}"}]}
COMMAND: GET /session/3e4ceb57b36163f530f5479f57478588/screenshot - {}
RESULT: {}
RESULT: {"script":"<script> [1562 bytes]","args":[{"selector":{"controlType":"sap.m.Input","viewName":"etm.portal.ui.manageyards.view.New","viewId":"application-manageyards-display-component---NewYard","bindingPath":{"path":"","propertyPath":"/CONTROLLING_AREA","modelName":"NewYardModel"},"interaction":{"idSuffix":"inner"}},"wdio_ui5_key":"etmportal.ui.manageyards.view.Newsap.m.Input{\"path\":\"\",\"propertyPath\":\"/CONTROLLING_AREA\",\"modelName\":\"NewYardModel\"}"}]}
RESULT: undefined
COMMAND: POST /session/3e4ceb57b36163f530f5479f57478588/execute/async - {"script":"<script> [776 bytes]","args":[{"enterText":"Z001","selector":{"controlType":"sap.m.Input","viewName":"etm.portal.ui.manageyards.view.New","viewId":"application-manageyards-display-component---NewYard","bindingPath":{"path":"","propertyPath":"/CONTROLLING_AREA","modelName":"NewYardModel"},"interaction":{"idSuffix":"inner"}},"clearTextFirst":true,"interactionType":"ENTER_TEXT"}]}
RESULT: {"script":"<script> [776 bytes]","args":[{"enterText":"Z001","selector":{"controlType":"sap.m.Input","viewName":"etm.portal.ui.manageyards.view.New","viewId":"application-manageyards-display-component---NewYard","bindingPath":{"path":"","propertyPath":"/CONTROLLING_AREA","modelName":"NewYardModel"},"interaction":{"idSuffix":"inner"}},"clearTextFirst":true,"interactionType":"ENTER_TEXT"}]}
COMMAND: POST /session/3e4ceb57b36163f530f5479f57478588/execute/async - {"script":"<script> [1562 bytes]","args":[{"selector":{"id":"application-manageyards-display-component---NewYard--companyCodeComboBox","interaction":{"idSuffix":"inner"}},"wdio_ui5_key":"applicationmanageyards-display-component---NewYard--companyCodeComboBox"}]}
RESULT: {"script":"<script> [1562 bytes]","args":[{"selector":{"id":"application-manageyards-display-component---NewYard--companyCodeComboBox","interaction":{"idSuffix":"inner"}},"wdio_ui5_key":"applicationmanageyards-display-component---NewYard--companyCodeComboBox"}]}
RESULT: undefined
COMMAND: POST /session/3e4ceb57b36163f530f5479f57478588/execute/async - {"script":"<script> [776 bytes]","args":[{"enterText":"1000","selector":{"id":"application-manageyards-display-component---NewYard--companyCodeComboBox","interaction":{"idSuffix":"inner"}},"clearTextFirst":true,"interactionType":"ENTER_TEXT"}]}
RESULT: {"script":"<script> [776 bytes]","args":[{"enterText":"1000","selector":{"id":"application-manageyards-display-component---NewYard--companyCodeComboBox","interaction":{"idSuffix":"inner"}},"clearTextFirst":true,"interactionType":"ENTER_TEXT"}]}
COMMAND: POST /session/3e4ceb57b36163f530f5479f57478588/execute/async - {"script":"<script> [1562 bytes]","args":[{"selector":{"controlType":"sap.m.Input","viewName":"etm.portal.ui.manageyards.view.New","viewId":"application-manageyards-display-component---NewYard","bindingPath":{"path":"","propertyPath":"/PLANT","modelName":"NewYardModel"},"interaction":{"idSuffix":"inner"}},"wdio_ui5_key":"etmportal.ui.manageyards.view.Newsap.m.Input{\"path\":\"\",\"propertyPath\":\"/PLANT\",\"modelName\":\"NewYardModel\"}"}]}
RESULT: {"script":"<script> [1562 bytes]","args":[{"selector":{"controlType":"sap.m.Input","viewName":"etm.portal.ui.manageyards.view.New","viewId":"application-manageyards-display-component---NewYard","bindingPath":{"path":"","propertyPath":"/PLANT","modelName":"NewYardModel"},"interaction":{"idSuffix":"inner"}},"wdio_ui5_key":"etmportal.ui.manageyards.view.Newsap.m.Input{\"path\":\"\",\"propertyPath\":\"/PLANT\",\"modelName\":\"NewYardModel\"}"}]}
RESULT: undefined
COMMAND: POST /session/3e4ceb57b36163f530f5479f57478588/execute/async - {"script":"<script> [776 bytes]","args":[{"enterText":"1001","selector":{"controlType":"sap.m.Input","viewName":"etm.portal.ui.manageyards.view.New","viewId":"application-manageyards-display-component---NewYard","bindingPath":{"path":"","propertyPath":"/PLANT","modelName":"NewYardModel"},"interaction":{"idSuffix":"inner"}},"clearTextFirst":true,"interactionType":"ENTER_TEXT"}]}
RESULT: {"script":"<script> [776 bytes]","args":[{"enterText":"1001","selector":{"controlType":"sap.m.Input","viewName":"etm.portal.ui.manageyards.view.New","viewId":"application-manageyards-display-component---NewYard","bindingPath":{"path":"","propertyPath":"/PLANT","modelName":"NewYardModel"},"interaction":{"idSuffix":"inner"}},"clearTextFirst":true,"interactionType":"ENTER_TEXT"}]}
COMMAND: POST /session/3e4ceb57b36163f530f5479f57478588/execute/async - {"script":"<script> [1562 bytes]","args":[{"selector":{"controlType":"sap.m.Input","viewName":"etm.portal.ui.manageyards.view.New","viewId":"application-manageyards-display-component---NewYard","bindingPath":{"path":"","propertyPath":"/SALES_AREA_VKORG","modelName":"NewYardModel"},"interaction":{"idSuffix":"inner"}},"wdio_ui5_key":"etmportal.ui.manageyards.view.Newsap.m.Input{\"path\":\"\",\"propertyPath\":\"/SALES_AREA_VKORG\",\"modelName\":\"NewYardModel\"}"}]}
RESULT: {"script":"<script> [1562 bytes]","args":[{"selector":{"controlType":"sap.m.Input","viewName":"etm.portal.ui.manageyards.view.New","viewId":"application-manageyards-display-component---NewYard","bindingPath":{"path":"","propertyPath":"/SALES_AREA_VKORG","modelName":"NewYardModel"},"interaction":{"idSuffix":"inner"}},"wdio_ui5_key":"etmportal.ui.manageyards.view.Newsap.m.Input{\"path\":\"\",\"propertyPath\":\"/SALES_AREA_VKORG\",\"modelName\":\"NewYardModel\"}"}]}
RESULT: undefined
COMMAND: POST /session/3e4ceb57b36163f530f5479f57478588/execute/async - {"script":"<script> [776 bytes]","args":[{"enterText":"C002","selector":{"controlType":"sap.m.Input","viewName":"etm.portal.ui.manageyards.view.New","viewId":"application-manageyards-display-component---NewYard","bindingPath":{"path":"","propertyPath":"/SALES_AREA_VKORG","modelName":"NewYardModel"},"interaction":{"idSuffix":"inner"}},"clearTextFirst":true,"interactionType":"ENTER_TEXT"}]}
RESULT: {"script":"<script> [776 bytes]","args":[{"enterText":"C002","selector":{"controlType":"sap.m.Input","viewName":"etm.portal.ui.manageyards.view.New","viewId":"application-manageyards-display-component---NewYard","bindingPath":{"path":"","propertyPath":"/SALES_AREA_VKORG","modelName":"NewYardModel"},"interaction":{"idSuffix":"inner"}},"clearTextFirst":true,"interactionType":"ENTER_TEXT"}]}
COMMAND: POST /session/3e4ceb57b36163f530f5479f57478588/execute/async - {"script":"<script> [1562 bytes]","args":[{"selector":{"controlType":"sap.m.Input","viewName":"etm.portal.ui.manageyards.view.New","viewId":"application-manageyards-display-component---NewYard","bindingPath":{"path":"","propertyPath":"/SALES_AREA_VTWEG","modelName":"NewYardModel"},"interaction":{"idSuffix":"inner"}},"wdio_ui5_key":"etmportal.ui.manageyards.view.Newsap.m.Input{\"path\":\"\",\"propertyPath\":\"/SALES_AREA_VTWEG\",\"modelName\":\"NewYardModel\"}"}]}
RESULT: {"script":"<script> [1562 bytes]","args":[{"selector":{"controlType":"sap.m.Input","viewName":"etm.portal.ui.manageyards.view.New","viewId":"application-manageyards-display-component---NewYard","bindingPath":{"path":"","propertyPath":"/SALES_AREA_VTWEG","modelName":"NewYardModel"},"interaction":{"idSuffix":"inner"}},"wdio_ui5_key":"etmportal.ui.manageyards.view.Newsap.m.Input{\"path\":\"\",\"propertyPath\":\"/SALES_AREA_VTWEG\",\"modelName\":\"NewYardModel\"}"}]}
RESULT: undefined
COMMAND: POST /session/3e4ceb57b36163f530f5479f57478588/execute/async - {"script":"<script> [776 bytes]","args":[{"enterText":"C2","selector":{"controlType":"sap.m.Input","viewName":"etm.portal.ui.manageyards.view.New","viewId":"application-manageyards-display-component---NewYard","bindingPath":{"path":"","propertyPath":"/SALES_AREA_VTWEG","modelName":"NewYardModel"},"interaction":{"idSuffix":"inner"}},"clearTextFirst":true,"interactionType":"ENTER_TEXT"}]}
RESULT: {"script":"<script> [776 bytes]","args":[{"enterText":"C2","selector":{"controlType":"sap.m.Input","viewName":"etm.portal.ui.manageyards.view.New","viewId":"application-manageyards-display-component---NewYard","bindingPath":{"path":"","propertyPath":"/SALES_AREA_VTWEG","modelName":"NewYardModel"},"interaction":{"idSuffix":"inner"}},"clearTextFirst":true,"interactionType":"ENTER_TEXT"}]}
COMMAND: POST /session/3e4ceb57b36163f530f5479f57478588/execute/async - {"script":"<script> [1562 bytes]","args":[{"selector":{"controlType":"sap.m.Input","viewName":"etm.portal.ui.manageyards.view.New","viewId":"application-manageyards-display-component---NewYard","bindingPath":{"path":"","propertyPath":"/SALES_AREA_SPART","modelName":"NewYardModel"},"interaction":{"idSuffix":"inner"}},"wdio_ui5_key":"etmportal.ui.manageyards.view.Newsap.m.Input{\"path\":\"\",\"propertyPath\":\"/SALES_AREA_SPART\",\"modelName\":\"NewYardModel\"}"}]}
RESULT: {"script":"<script> [1562 bytes]","args":[{"selector":{"controlType":"sap.m.Input","viewName":"etm.portal.ui.manageyards.view.New","viewId":"application-manageyards-display-component---NewYard","bindingPath":{"path":"","propertyPath":"/SALES_AREA_SPART","modelName":"NewYardModel"},"interaction":{"idSuffix":"inner"}},"wdio_ui5_key":"etmportal.ui.manageyards.view.Newsap.m.Input{\"path\":\"\",\"propertyPath\":\"/SALES_AREA_SPART\",\"modelName\":\"NewYardModel\"}"}]}
RESULT: undefined
COMMAND: POST /session/3e4ceb57b36163f530f5479f57478588/execute/async - {"script":"<script> [776 bytes]","args":[{"enterText":"C2","selector":{"controlType":"sap.m.Input","viewName":"etm.portal.ui.manageyards.view.New","viewId":"application-manageyards-display-component---NewYard","bindingPath":{"path":"","propertyPath":"/SALES_AREA_SPART","modelName":"NewYardModel"},"interaction":{"idSuffix":"inner"}},"clearTextFirst":true,"interactionType":"ENTER_TEXT"}]}
RESULT: {"script":"<script> [776 bytes]","args":[{"enterText":"C2","selector":{"controlType":"sap.m.Input","viewName":"etm.portal.ui.manageyards.view.New","viewId":"application-manageyards-display-component---NewYard","bindingPath":{"path":"","propertyPath":"/SALES_AREA_SPART","modelName":"NewYardModel"},"interaction":{"idSuffix":"inner"}},"clearTextFirst":true,"interactionType":"ENTER_TEXT"}]}
COMMAND: POST /session/3e4ceb57b36163f530f5479f57478588/execute/async - {"script":"<script> [1562 bytes]","args":[{"selector":{"controlType":"sap.m.Input","viewName":"etm.portal.ui.manageyards.view.New","viewId":"application-manageyards-display-component---NewYard","bindingPath":{"path":"","propertyPath":"/SHIP_POINT","modelName":"NewYardModel"},"interaction":{"idSuffix":"inner"}},"wdio_ui5_key":"etmportal.ui.manageyards.view.Newsap.m.Input{\"path\":\"\",\"propertyPath\":\"/SHIP_POINT\",\"modelName\":\"NewYardModel\"}"}]}
RESULT: {"script":"<script> [1562 bytes]","args":[{"selector":{"controlType":"sap.m.Input","viewName":"etm.portal.ui.manageyards.view.New","viewId":"application-manageyards-display-component---NewYard","bindingPath":{"path":"","propertyPath":"/SHIP_POINT","modelName":"NewYardModel"},"interaction":{"idSuffix":"inner"}},"wdio_ui5_key":"etmportal.ui.manageyards.view.Newsap.m.Input{\"path\":\"\",\"propertyPath\":\"/SHIP_POINT\",\"modelName\":\"NewYardModel\"}"}]}
RESULT: undefined
COMMAND: POST /session/3e4ceb57b36163f530f5479f57478588/execute/async - {"script":"<script> [776 bytes]","args":[{"enterText":"1710","selector":{"controlType":"sap.m.Input","viewName":"etm.portal.ui.manageyards.view.New","viewId":"application-manageyards-display-component---NewYard","bindingPath":{"path":"","propertyPath":"/SHIP_POINT","modelName":"NewYardModel"},"interaction":{"idSuffix":"inner"}},"clearTextFirst":true,"interactionType":"ENTER_TEXT"}]}
RESULT: {"script":"<script> [776 bytes]","args":[{"enterText":"1710","selector":{"controlType":"sap.m.Input","viewName":"etm.portal.ui.manageyards.view.New","viewId":"application-manageyards-display-component---NewYard","bindingPath":{"path":"","propertyPath":"/SHIP_POINT","modelName":"NewYardModel"},"interaction":{"idSuffix":"inner"}},"clearTextFirst":true,"interactionType":"ENTER_TEXT"}]}
COMMAND: POST /session/3e4ceb57b36163f530f5479f57478588/execute/async - {"script":"<script> [1562 bytes]","args":[{"selector":{"controlType":"sap.m.Input","viewName":"etm.portal.ui.manageyards.view.New","viewId":"application-manageyards-display-component---NewYard","bindingPath":{"path":"","propertyPath":"/DELIVERY_TYPE","modelName":"NewYardModel"},"interaction":{"idSuffix":"inner"}},"wdio_ui5_key":"etmportal.ui.manageyards.view.Newsap.m.Input{\"path\":\"\",\"propertyPath\":\"/DELIVERY_TYPE\",\"modelName\":\"NewYardModel\"}"}]}
RESULT: {"script":"<script> [1562 bytes]","args":[{"selector":{"controlType":"sap.m.Input","viewName":"etm.portal.ui.manageyards.view.New","viewId":"application-manageyards-display-component---NewYard","bindingPath":{"path":"","propertyPath":"/DELIVERY_TYPE","modelName":"NewYardModel"},"interaction":{"idSuffix":"inner"}},"wdio_ui5_key":"etmportal.ui.manageyards.view.Newsap.m.Input{\"path\":\"\",\"propertyPath\":\"/DELIVERY_TYPE\",\"modelName\":\"NewYardModel\"}"}]}
RESULT: undefined
COMMAND: POST /session/3e4ceb57b36163f530f5479f57478588/execute/async - {"script":"<script> [776 bytes]","args":[{"enterText":"ZL01","selector":{"controlType":"sap.m.Input","viewName":"etm.portal.ui.manageyards.view.New","viewId":"application-manageyards-display-component---NewYard","bindingPath":{"path":"","propertyPath":"/DELIVERY_TYPE","modelName":"NewYardModel"},"interaction":{"idSuffix":"inner"}},"clearTextFirst":true,"interactionType":"ENTER_TEXT"}]}
RESULT: {"script":"<script> [776 bytes]","args":[{"enterText":"ZL01","selector":{"controlType":"sap.m.Input","viewName":"etm.portal.ui.manageyards.view.New","viewId":"application-manageyards-display-component---NewYard","bindingPath":{"path":"","propertyPath":"/DELIVERY_TYPE","modelName":"NewYardModel"},"interaction":{"idSuffix":"inner"}},"clearTextFirst":true,"interactionType":"ENTER_TEXT"}]}
COMMAND: POST /session/3e4ceb57b36163f530f5479f57478588/execute/async - {"script":"<script> [1562 bytes]","args":[{"selector":{"controlType":"sap.m.Input","viewName":"etm.portal.ui.manageyards.view.New","viewId":"application-manageyards-display-component---NewYard","bindingPath":{"path":"","propertyPath":"/AUART","modelName":"NewYardModel"},"interaction":{"idSuffix":"inner"}},"wdio_ui5_key":"etmportal.ui.manageyards.view.Newsap.m.Input{\"path\":\"\",\"propertyPath\":\"/AUART\",\"modelName\":\"NewYardModel\"}"}]}
RESULT: {"script":"<script> [1562 bytes]","args":[{"selector":{"controlType":"sap.m.Input","viewName":"etm.portal.ui.manageyards.view.New","viewId":"application-manageyards-display-component---NewYard","bindingPath":{"path":"","propertyPath":"/AUART","modelName":"NewYardModel"},"interaction":{"idSuffix":"inner"}},"wdio_ui5_key":"etmportal.ui.manageyards.view.Newsap.m.Input{\"path\":\"\",\"propertyPath\":\"/AUART\",\"modelName\":\"NewYardModel\"}"}]}
RESULT: undefined
COMMAND: POST /session/3e4ceb57b36163f530f5479f57478588/execute/async - {"script":"<script> [776 bytes]","args":[{"enterText":"TA","selector":{"controlType":"sap.m.Input","viewName":"etm.portal.ui.manageyards.view.New","viewId":"application-manageyards-display-component---NewYard","bindingPath":{"path":"","propertyPath":"/AUART","modelName":"NewYardModel"},"interaction":{"idSuffix":"inner"}},"clearTextFirst":true,"interactionType":"ENTER_TEXT"}]}
RESULT: {"script":"<script> [776 bytes]","args":[{"enterText":"TA","selector":{"controlType":"sap.m.Input","viewName":"etm.portal.ui.manageyards.view.New","viewId":"application-manageyards-display-component---NewYard","bindingPath":{"path":"","propertyPath":"/AUART","modelName":"NewYardModel"},"interaction":{"idSuffix":"inner"}},"clearTextFirst":true,"interactionType":"ENTER_TEXT"}]}
COMMAND: POST /session/3e4ceb57b36163f530f5479f57478588/element - {"using":"xpath","value":"//button[@data-kt=\"newYardSaveButton\"]"}
RESULT: {"using":"xpath","value":"//button[@data-kt=\"newYardSaveButton\"]"}
COMMAND: POST /session/3e4ceb57b36163f530f5479f57478588/element/f.504C58434384A4EE898B1C568961733A.d.2EC66A1E28ABCB3FB3C6676E32A2F9E0.e.6687/click - {}
RESULT: {}
COMMAND: GET /session/3e4ceb57b36163f530f5479f57478588/screenshot - {}
RESULT: {}
COMMAND: POST /session/3e4ceb57b36163f530f5479f57478588/element - {"using":"xpath","value":"//header[contains(@id, 'ObjectPageLayout-headerTitle')]/div[1]/div[2]/div[1]/span[1]"}
RESULT: {"using":"xpath","value":"//header[contains(@id, 'ObjectPageLayout-headerTitle')]/div[1]/div[2]/div[1]/span[1]"}
COMMAND: POST /session/3e4ceb57b36163f530f5479f57478588/elements - {"using":"xpath","value":"//header[contains(@id, 'ObjectPageLayout-headerTitle')]/div[1]/div[2]/div[1]/span[1]"}
RESULT: {"using":"xpath","value":"//header[contains(@id, 'ObjectPageLayout-headerTitle')]/div[1]/div[2]/div[1]/span[1]"}
COMMAND: POST /session/3e4ceb57b36163f530f5479f57478588/execute/sync - {"script":"<script> [56 bytes]","args":[{"element-6066-11e4-a52e-4f735466cecf":"f.504C58434384A4EE898B1C568961733A.d.2EC66A1E28ABCB3FB3C6676E32A2F9E0.e.6981","ELEMENT":"f.504C58434384A4EE898B1C568961733A.d.2EC66A1E28ABCB3FB3C6676E32A2F9E0.e.6981"}]}
RESULT: {"script":"<script> [56 bytes]","args":[{"element-6066-11e4-a52e-4f735466cecf":"f.504C58434384A4EE898B1C568961733A.d.2EC66A1E28ABCB3FB3C6676E32A2F9E0.e.6981","ELEMENT":"f.504C58434384A4EE898B1C568961733A.d.2EC66A1E28ABCB3FB3C6676E32A2F9E0.e.6981"}]}
COMMAND: GET /session/3e4ceb57b36163f530f5479f57478588/screenshot - {}
RESULT: {}
COMMAND: POST /session/3e4ceb57b36163f530f5479f57478588/element - {"using":"css selector","value":"#shell-header-logo"}
RESULT: {"using":"css selector","value":"#shell-header-logo"}
COMMAND: POST /session/3e4ceb57b36163f530f5479f57478588/element/f.504C58434384A4EE898B1C568961733A.d.2EC66A1E28ABCB3FB3C6676E32A2F9E0.e.6242/click - {}
RESULT: {}
COMMAND: GET /session/3e4ceb57b36163f530f5479f57478588/screenshot - {}
RESULT: {}
]]></system-out>
    </testcase>
    <testcase classname="chrome.135_0_7049_42.windows.Billing_Transfer_-_Intracompany_US127249" name="Should create a new partner" time="113.427">
      <system-out><![CDATA[
COMMAND: POST /session/3e4ceb57b36163f530f5479f57478588/window/fullscreen - {}
RESULT: {}
COMMAND: POST /session/3e4ceb57b36163f530f5479f57478588/execute/async - {"script":"<script> [1562 bytes]","args":[{"selector":{"controlType":"sap.m.GenericTile","properties":{"header":"Manage Partners"}},"wdio_ui5_key":"sapm.GenericTile{\"header\":\"Manage Partners\"}"}]}
RESULT: {"script":"<script> [1562 bytes]","args":[{"selector":{"controlType":"sap.m.GenericTile","properties":{"header":"Manage Partners"}},"wdio_ui5_key":"sapm.GenericTile{\"header\":\"Manage Partners\"}"}]}
RESULT: undefined
COMMAND: POST /session/3e4ceb57b36163f530f5479f57478588/element - {"using":"xpath","value":"//*[@id=\"__tile38\"]"}
RESULT: {"using":"xpath","value":"//*[@id=\"__tile38\"]"}
COMMAND: POST /session/3e4ceb57b36163f530f5479f57478588/element/f.504C58434384A4EE898B1C568961733A.d.2EC66A1E28ABCB3FB3C6676E32A2F9E0.e.6984/click - {}
RESULT: {}
COMMAND: POST /session/3e4ceb57b36163f530f5479f57478588/element - {"using":"xpath","value":"//button[@data-kt=\"addButton\"]"}
COMMAND: GET /session/3e4ceb57b36163f530f5479f57478588/screenshot - {}
RESULT: {"using":"xpath","value":"//button[@data-kt=\"addButton\"]"}
COMMAND: POST /session/3e4ceb57b36163f530f5479f57478588/elements - {"using":"xpath","value":"//button[@data-kt=\"addButton\"]"}
RESULT: {}
RESULT: {"using":"xpath","value":"//button[@data-kt=\"addButton\"]"}
COMMAND: POST /session/3e4ceb57b36163f530f5479f57478588/elements - {"using":"xpath","value":"//button[@data-kt=\"addButton\"]"}
RESULT: {"using":"xpath","value":"//button[@data-kt=\"addButton\"]"}
COMMAND: POST /session/3e4ceb57b36163f530f5479f57478588/elements - {"using":"xpath","value":"//button[@data-kt=\"addButton\"]"}
RESULT: {"using":"xpath","value":"//button[@data-kt=\"addButton\"]"}
COMMAND: POST /session/3e4ceb57b36163f530f5479f57478588/elements - {"using":"xpath","value":"//button[@data-kt=\"addButton\"]"}
RESULT: {"using":"xpath","value":"//button[@data-kt=\"addButton\"]"}
COMMAND: POST /session/3e4ceb57b36163f530f5479f57478588/elements - {"using":"xpath","value":"//button[@data-kt=\"addButton\"]"}
RESULT: {"using":"xpath","value":"//button[@data-kt=\"addButton\"]"}
COMMAND: POST /session/3e4ceb57b36163f530f5479f57478588/elements - {"using":"xpath","value":"//button[@data-kt=\"addButton\"]"}
RESULT: {"using":"xpath","value":"//button[@data-kt=\"addButton\"]"}
COMMAND: POST /session/3e4ceb57b36163f530f5479f57478588/elements - {"using":"xpath","value":"//button[@data-kt=\"addButton\"]"}
RESULT: {"using":"xpath","value":"//button[@data-kt=\"addButton\"]"}
COMMAND: POST /session/3e4ceb57b36163f530f5479f57478588/elements - {"using":"xpath","value":"//button[@data-kt=\"addButton\"]"}
RESULT: {"using":"xpath","value":"//button[@data-kt=\"addButton\"]"}
COMMAND: POST /session/3e4ceb57b36163f530f5479f57478588/elements - {"using":"xpath","value":"//button[@data-kt=\"addButton\"]"}
RESULT: {"using":"xpath","value":"//button[@data-kt=\"addButton\"]"}
COMMAND: POST /session/3e4ceb57b36163f530f5479f57478588/elements - {"using":"xpath","value":"//button[@data-kt=\"addButton\"]"}
RESULT: {"using":"xpath","value":"//button[@data-kt=\"addButton\"]"}
COMMAND: POST /session/3e4ceb57b36163f530f5479f57478588/elements - {"using":"xpath","value":"//button[@data-kt=\"addButton\"]"}
RESULT: {"using":"xpath","value":"//button[@data-kt=\"addButton\"]"}
COMMAND: POST /session/3e4ceb57b36163f530f5479f57478588/elements - {"using":"xpath","value":"//button[@data-kt=\"addButton\"]"}
RESULT: {"using":"xpath","value":"//button[@data-kt=\"addButton\"]"}
COMMAND: POST /session/3e4ceb57b36163f530f5479f57478588/elements - {"using":"xpath","value":"//button[@data-kt=\"addButton\"]"}
RESULT: {"using":"xpath","value":"//button[@data-kt=\"addButton\"]"}
COMMAND: POST /session/3e4ceb57b36163f530f5479f57478588/elements - {"using":"xpath","value":"//button[@data-kt=\"addButton\"]"}
RESULT: {"using":"xpath","value":"//button[@data-kt=\"addButton\"]"}
COMMAND: POST /session/3e4ceb57b36163f530f5479f57478588/elements - {"using":"xpath","value":"//button[@data-kt=\"addButton\"]"}
RESULT: {"using":"xpath","value":"//button[@data-kt=\"addButton\"]"}
COMMAND: POST /session/3e4ceb57b36163f530f5479f57478588/elements - {"using":"xpath","value":"//button[@data-kt=\"addButton\"]"}
RESULT: {"using":"xpath","value":"//button[@data-kt=\"addButton\"]"}
COMMAND: POST /session/3e4ceb57b36163f530f5479f57478588/element - {"using":"xpath","value":"//button[@data-kt=\"addButton\"]"}
RESULT: {"using":"xpath","value":"//button[@data-kt=\"addButton\"]"}
COMMAND: POST /session/3e4ceb57b36163f530f5479f57478588/execute/sync - {"script":"<script> [8489 bytes]","args":[{"element-6066-11e4-a52e-4f735466cecf":"f.504C58434384A4EE898B1C568961733A.d.2EC66A1E28ABCB3FB3C6676E32A2F9E0.e.7031","ELEMENT":"f.504C58434384A4EE898B1C568961733A.d.2EC66A1E28ABCB3FB3C6676E32A2F9E0.e.7031"}]}
RESULT: {"script":"<script> [8489 bytes]","args":[{"element-6066-11e4-a52e-4f735466cecf":"f.504C58434384A4EE898B1C568961733A.d.2EC66A1E28ABCB3FB3C6676E32A2F9E0.e.7031","ELEMENT":"f.504C58434384A4EE898B1C568961733A.d.2EC66A1E28ABCB3FB3C6676E32A2F9E0.e.7031"}]}
COMMAND: GET /session/3e4ceb57b36163f530f5479f57478588/element/f.504C58434384A4EE898B1C568961733A.d.2EC66A1E28ABCB3FB3C6676E32A2F9E0.e.7031/enabled - {}
COMMAND: GET /session/3e4ceb57b36163f530f5479f57478588/screenshot - {}
RESULT: {}
COMMAND: POST /session/3e4ceb57b36163f530f5479f57478588/execute/sync - {"script":"<script> [8489 bytes]","args":[{"element-6066-11e4-a52e-4f735466cecf":"f.504C58434384A4EE898B1C568961733A.d.2EC66A1E28ABCB3FB3C6676E32A2F9E0.e.7031","ELEMENT":"f.504C58434384A4EE898B1C568961733A.d.2EC66A1E28ABCB3FB3C6676E32A2F9E0.e.7031"}]}
COMMAND: GET /session/3e4ceb57b36163f530f5479f57478588/screenshot - {}
RESULT: {}
RESULT: {"script":"<script> [8489 bytes]","args":[{"element-6066-11e4-a52e-4f735466cecf":"f.504C58434384A4EE898B1C568961733A.d.2EC66A1E28ABCB3FB3C6676E32A2F9E0.e.7031","ELEMENT":"f.504C58434384A4EE898B1C568961733A.d.2EC66A1E28ABCB3FB3C6676E32A2F9E0.e.7031"}]}
COMMAND: POST /session/3e4ceb57b36163f530f5479f57478588/execute/sync - {"script":"<script> [5351 bytes]","args":[{"element-6066-11e4-a52e-4f735466cecf":"f.504C58434384A4EE898B1C568961733A.d.2EC66A1E28ABCB3FB3C6676E32A2F9E0.e.7031","ELEMENT":"f.504C58434384A4EE898B1C568961733A.d.2EC66A1E28ABCB3FB3C6676E32A2F9E0.e.7031"}]}
COMMAND: GET /session/3e4ceb57b36163f530f5479f57478588/screenshot - {}
RESULT: {}
RESULT: {"script":"<script> [5351 bytes]","args":[{"element-6066-11e4-a52e-4f735466cecf":"f.504C58434384A4EE898B1C568961733A.d.2EC66A1E28ABCB3FB3C6676E32A2F9E0.e.7031","ELEMENT":"f.504C58434384A4EE898B1C568961733A.d.2EC66A1E28ABCB3FB3C6676E32A2F9E0.e.7031"}]}
COMMAND: POST /session/3e4ceb57b36163f530f5479f57478588/element/f.504C58434384A4EE898B1C568961733A.d.2EC66A1E28ABCB3FB3C6676E32A2F9E0.e.7031/click - {}
COMMAND: GET /session/3e4ceb57b36163f530f5479f57478588/screenshot - {}
RESULT: {}
RESULT: {}
COMMAND: GET /session/3e4ceb57b36163f530f5479f57478588/screenshot - {}
RESULT: {}
RESULT: {}
COMMAND: POST /session/3e4ceb57b36163f530f5479f57478588/execute/async - {"script":"<script> [1562 bytes]","args":[{"selector":{"id":"application-managepartners-display-component---NewPartner--addressDetailDetailsName1","interaction":{"idSuffix":"inner"}},"wdio_ui5_key":"applicationmanagepartners-display-component---NewPartner--addressDetailDetailsName1"}]}
RESULT: {"script":"<script> [1562 bytes]","args":[{"selector":{"id":"application-managepartners-display-component---NewPartner--addressDetailDetailsName1","interaction":{"idSuffix":"inner"}},"wdio_ui5_key":"applicationmanagepartners-display-component---NewPartner--addressDetailDetailsName1"}]}
RESULT: undefined
COMMAND: POST /session/3e4ceb57b36163f530f5479f57478588/execute/async - {"script":"<script> [776 bytes]","args":[{"enterText":"Intracompany Partner WDIO","selector":{"id":"application-managepartners-display-component---NewPartner--addressDetailDetailsName1","interaction":{"idSuffix":"inner"}},"clearTextFirst":true,"interactionType":"ENTER_TEXT"}]}
RESULT: {"script":"<script> [776 bytes]","args":[{"enterText":"Intracompany Partner WDIO","selector":{"id":"application-managepartners-display-component---NewPartner--addressDetailDetailsName1","interaction":{"idSuffix":"inner"}},"clearTextFirst":true,"interactionType":"ENTER_TEXT"}]}
COMMAND: POST /session/3e4ceb57b36163f530f5479f57478588/execute/async - {"script":"<script> [1562 bytes]","args":[{"selector":{"id":"application-managepartners-display-component---NewPartner--addressDetailDetailsLanguage-arrow"},"wdio_ui5_key":"applicationmanagepartners-display-component---NewPartner--addressDetailDetailsLanguage-arrow"}]}
RESULT: {"script":"<script> [1562 bytes]","args":[{"selector":{"id":"application-managepartners-display-component---NewPartner--addressDetailDetailsLanguage-arrow"},"wdio_ui5_key":"applicationmanagepartners-display-component---NewPartner--addressDetailDetailsLanguage-arrow"}]}
RESULT: undefined
COMMAND: POST /session/3e4ceb57b36163f530f5479f57478588/element - {"using":"xpath","value":"//*[@id=\"application-managepartners-display-component---NewPartner--addressDetailDetailsLanguage-arrow\"]"}
RESULT: {"using":"xpath","value":"//*[@id=\"application-managepartners-display-component---NewPartner--addressDetailDetailsLanguage-arrow\"]"}
COMMAND: POST /session/3e4ceb57b36163f530f5479f57478588/element/f.504C58434384A4EE898B1C568961733A.d.2EC66A1E28ABCB3FB3C6676E32A2F9E0.e.7477/click - {}
RESULT: {}
COMMAND: POST /session/3e4ceb57b36163f530f5479f57478588/element - {"using":"xpath","value":"//span[contains(text(), \"English\")]"}
COMMAND: GET /session/3e4ceb57b36163f530f5479f57478588/screenshot - {}
RESULT: {"using":"xpath","value":"//span[contains(text(), \"English\")]"}
COMMAND: POST /session/3e4ceb57b36163f530f5479f57478588/element/f.504C58434384A4EE898B1C568961733A.d.2EC66A1E28ABCB3FB3C6676E32A2F9E0.e.7478/click - {}
RESULT: {}
RESULT: {}
COMMAND: GET /session/3e4ceb57b36163f530f5479f57478588/screenshot - {}
RESULT: {}
COMMAND: POST /session/3e4ceb57b36163f530f5479f57478588/execute/async - {"script":"<script> [1562 bytes]","args":[{"selector":{"id":"application-managepartners-display-component---NewPartner--addressDetailDetailsCity1","interaction":{"idSuffix":"inner"}},"wdio_ui5_key":"applicationmanagepartners-display-component---NewPartner--addressDetailDetailsCity1"}]}
RESULT: {"script":"<script> [1562 bytes]","args":[{"selector":{"id":"application-managepartners-display-component---NewPartner--addressDetailDetailsCity1","interaction":{"idSuffix":"inner"}},"wdio_ui5_key":"applicationmanagepartners-display-component---NewPartner--addressDetailDetailsCity1"}]}
RESULT: undefined
COMMAND: POST /session/3e4ceb57b36163f530f5479f57478588/execute/async - {"script":"<script> [776 bytes]","args":[{"enterText":"Rosario","selector":{"id":"application-managepartners-display-component---NewPartner--addressDetailDetailsCity1","interaction":{"idSuffix":"inner"}},"clearTextFirst":true,"interactionType":"ENTER_TEXT"}]}
RESULT: {"script":"<script> [776 bytes]","args":[{"enterText":"Rosario","selector":{"id":"application-managepartners-display-component---NewPartner--addressDetailDetailsCity1","interaction":{"idSuffix":"inner"}},"clearTextFirst":true,"interactionType":"ENTER_TEXT"}]}
COMMAND: POST /session/3e4ceb57b36163f530f5479f57478588/execute/async - {"script":"<script> [1562 bytes]","args":[{"selector":{"id":"application-managepartners-display-component---NewPartner--addressDetailDetailsCountry-arrow"},"wdio_ui5_key":"applicationmanagepartners-display-component---NewPartner--addressDetailDetailsCountry-arrow"}]}
RESULT: {"script":"<script> [1562 bytes]","args":[{"selector":{"id":"application-managepartners-display-component---NewPartner--addressDetailDetailsCountry-arrow"},"wdio_ui5_key":"applicationmanagepartners-display-component---NewPartner--addressDetailDetailsCountry-arrow"}]}
RESULT: undefined
COMMAND: POST /session/3e4ceb57b36163f530f5479f57478588/element - {"using":"xpath","value":"//*[@id=\"application-managepartners-display-component---NewPartner--addressDetailDetailsCountry-arrow\"]"}
RESULT: {"using":"xpath","value":"//*[@id=\"application-managepartners-display-component---NewPartner--addressDetailDetailsCountry-arrow\"]"}
COMMAND: POST /session/3e4ceb57b36163f530f5479f57478588/element/f.504C58434384A4EE898B1C568961733A.d.2EC66A1E28ABCB3FB3C6676E32A2F9E0.e.7464/click - {}
RESULT: {}
COMMAND: POST /session/3e4ceb57b36163f530f5479f57478588/element - {"using":"xpath","value":"//span[contains(text(), \"Argentina\")]"}
COMMAND: GET /session/3e4ceb57b36163f530f5479f57478588/screenshot - {}
RESULT: {"using":"xpath","value":"//span[contains(text(), \"Argentina\")]"}
COMMAND: POST /session/3e4ceb57b36163f530f5479f57478588/element/f.504C58434384A4EE898B1C568961733A.d.2EC66A1E28ABCB3FB3C6676E32A2F9E0.e.7480/click - {}
RESULT: {}
RESULT: {}
COMMAND: GET /session/3e4ceb57b36163f530f5479f57478588/screenshot - {}
RESULT: {}
COMMAND: POST /session/3e4ceb57b36163f530f5479f57478588/element - {"using":"xpath","value":"//bdi[contains(text(), \"Commercial\")]"}
RESULT: {"using":"xpath","value":"//bdi[contains(text(), \"Commercial\")]"}
COMMAND: POST /session/3e4ceb57b36163f530f5479f57478588/element/f.504C58434384A4EE898B1C568961733A.d.2EC66A1E28ABCB3FB3C6676E32A2F9E0.e.7481/click - {}
RESULT: {}
COMMAND: GET /session/3e4ceb57b36163f530f5479f57478588/screenshot - {}
RESULT: {}
COMMAND: POST /session/3e4ceb57b36163f530f5479f57478588/execute/async - {"script":"<script> [1562 bytes]","args":[{"selector":{"id":"application-managepartners-display-component---NewPartner--partnerDetailInternal-arrow"},"wdio_ui5_key":"applicationmanagepartners-display-component---NewPartner--partnerDetailInternal-arrow"}]}
RESULT: {"script":"<script> [1562 bytes]","args":[{"selector":{"id":"application-managepartners-display-component---NewPartner--partnerDetailInternal-arrow"},"wdio_ui5_key":"applicationmanagepartners-display-component---NewPartner--partnerDetailInternal-arrow"}]}
RESULT: undefined
COMMAND: POST /session/3e4ceb57b36163f530f5479f57478588/element - {"using":"xpath","value":"//*[@id=\"application-managepartners-display-component---NewPartner--partnerDetailInternal-arrow\"]"}
RESULT: {"using":"xpath","value":"//*[@id=\"application-managepartners-display-component---NewPartner--partnerDetailInternal-arrow\"]"}
COMMAND: POST /session/3e4ceb57b36163f530f5479f57478588/element/f.504C58434384A4EE898B1C568961733A.d.2EC66A1E28ABCB3FB3C6676E32A2F9E0.e.7489/click - {}
RESULT: {}
COMMAND: POST /session/3e4ceb57b36163f530f5479f57478588/element - {"using":"xpath","value":"//span[contains(text(), \"Affiliated company\")]"}
COMMAND: GET /session/3e4ceb57b36163f530f5479f57478588/screenshot - {}
RESULT: {"using":"xpath","value":"//span[contains(text(), \"Affiliated company\")]"}
COMMAND: POST /session/3e4ceb57b36163f530f5479f57478588/element/f.504C58434384A4EE898B1C568961733A.d.2EC66A1E28ABCB3FB3C6676E32A2F9E0.e.7490/click - {}
RESULT: {}
RESULT: {}
COMMAND: POST /session/3e4ceb57b36163f530f5479f57478588/execute/async - {"script":"<script> [1562 bytes]","args":[{"selector":{"id":"application-managepartners-display-component---NewPartner--partnerDetailsCurrency-arrow"},"wdio_ui5_key":"applicationmanagepartners-display-component---NewPartner--partnerDetailsCurrency-arrow"}]}
COMMAND: GET /session/3e4ceb57b36163f530f5479f57478588/screenshot - {}
RESULT: {"script":"<script> [1562 bytes]","args":[{"selector":{"id":"application-managepartners-display-component---NewPartner--partnerDetailsCurrency-arrow"},"wdio_ui5_key":"applicationmanagepartners-display-component---NewPartner--partnerDetailsCurrency-arrow"}]}
RESULT: undefined
COMMAND: POST /session/3e4ceb57b36163f530f5479f57478588/element - {"using":"xpath","value":"//*[@id=\"application-managepartners-display-component---NewPartner--partnerDetailsCurrency-arrow\"]"}
RESULT: {}
RESULT: {"using":"xpath","value":"//*[@id=\"application-managepartners-display-component---NewPartner--partnerDetailsCurrency-arrow\"]"}
COMMAND: POST /session/3e4ceb57b36163f530f5479f57478588/element/f.504C58434384A4EE898B1C568961733A.d.2EC66A1E28ABCB3FB3C6676E32A2F9E0.e.7497/click - {}
RESULT: {}
COMMAND: POST /session/3e4ceb57b36163f530f5479f57478588/element - {"using":"xpath","value":"//span[contains(text(), \"Euro\")]"}
COMMAND: GET /session/3e4ceb57b36163f530f5479f57478588/screenshot - {}
RESULT: {"using":"xpath","value":"//span[contains(text(), \"Euro\")]"}
COMMAND: POST /session/3e4ceb57b36163f530f5479f57478588/element/f.504C58434384A4EE898B1C568961733A.d.2EC66A1E28ABCB3FB3C6676E32A2F9E0.e.7498/click - {}
RESULT: {}
RESULT: {}
COMMAND: POST /session/3e4ceb57b36163f530f5479f57478588/execute/async - {"script":"<script> [1562 bytes]","args":[{"selector":{"id":"application-managepartners-display-component---NewPartner--addressEditDetailsCostObjectCstType-arrow"},"wdio_ui5_key":"applicationmanagepartners-display-component---NewPartner--addressEditDetailsCostObjectCstType-arrow"}]}
COMMAND: GET /session/3e4ceb57b36163f530f5479f57478588/screenshot - {}
RESULT: {"script":"<script> [1562 bytes]","args":[{"selector":{"id":"application-managepartners-display-component---NewPartner--addressEditDetailsCostObjectCstType-arrow"},"wdio_ui5_key":"applicationmanagepartners-display-component---NewPartner--addressEditDetailsCostObjectCstType-arrow"}]}
RESULT: undefined
COMMAND: POST /session/3e4ceb57b36163f530f5479f57478588/element - {"using":"xpath","value":"//*[@id=\"application-managepartners-display-component---NewPartner--addressEditDetailsCostObjectCstType-arrow\"]"}
RESULT: {}
RESULT: {"using":"xpath","value":"//*[@id=\"application-managepartners-display-component---NewPartner--addressEditDetailsCostObjectCstType-arrow\"]"}
COMMAND: POST /session/3e4ceb57b36163f530f5479f57478588/element/f.504C58434384A4EE898B1C568961733A.d.2EC66A1E28ABCB3FB3C6676E32A2F9E0.e.7499/click - {}
RESULT: {}
COMMAND: POST /session/3e4ceb57b36163f530f5479f57478588/element - {"using":"xpath","value":"//span[contains(text(), \"Cost Center\")]"}
COMMAND: GET /session/3e4ceb57b36163f530f5479f57478588/screenshot - {}
RESULT: {"using":"xpath","value":"//span[contains(text(), \"Cost Center\")]"}
COMMAND: POST /session/3e4ceb57b36163f530f5479f57478588/element/f.504C58434384A4EE898B1C568961733A.d.2EC66A1E28ABCB3FB3C6676E32A2F9E0.e.7500/click - {}
RESULT: {}
RESULT: {}
COMMAND: GET /session/3e4ceb57b36163f530f5479f57478588/screenshot - {}
RESULT: {}
COMMAND: POST /session/3e4ceb57b36163f530f5479f57478588/element - {"using":"xpath","value":"//span[@id=\"application-managepartners-display-component---NewPartner--addressNewCostObjectCstID-vhi\"]"}
RESULT: {"using":"xpath","value":"//span[@id=\"application-managepartners-display-component---NewPartner--addressNewCostObjectCstID-vhi\"]"}
COMMAND: POST /session/3e4ceb57b36163f530f5479f57478588/execute/sync - {"script":"<script> [8489 bytes]","args":[{"element-6066-11e4-a52e-4f735466cecf":"f.504C58434384A4EE898B1C568961733A.d.2EC66A1E28ABCB3FB3C6676E32A2F9E0.e.7503","ELEMENT":"f.504C58434384A4EE898B1C568961733A.d.2EC66A1E28ABCB3FB3C6676E32A2F9E0.e.7503"}]}
RESULT: {"script":"<script> [8489 bytes]","args":[{"element-6066-11e4-a52e-4f735466cecf":"f.504C58434384A4EE898B1C568961733A.d.2EC66A1E28ABCB3FB3C6676E32A2F9E0.e.7503","ELEMENT":"f.504C58434384A4EE898B1C568961733A.d.2EC66A1E28ABCB3FB3C6676E32A2F9E0.e.7503"}]}
COMMAND: POST /session/3e4ceb57b36163f530f5479f57478588/execute/async - {"script":"<script> [1562 bytes]","args":[{"selector":{"id":"application-managepartners-display-component---NewPartner--addressNewCostObjectCstID-vhi"},"wdio_ui5_key":"applicationmanagepartners-display-component---NewPartner--addressNewCostObjectCstID-vhi"}]}
COMMAND: GET /session/3e4ceb57b36163f530f5479f57478588/screenshot - {}
RESULT: {"script":"<script> [1562 bytes]","args":[{"selector":{"id":"application-managepartners-display-component---NewPartner--addressNewCostObjectCstID-vhi"},"wdio_ui5_key":"applicationmanagepartners-display-component---NewPartner--addressNewCostObjectCstID-vhi"}]}
RESULT: undefined
COMMAND: POST /session/3e4ceb57b36163f530f5479f57478588/element - {"using":"xpath","value":"//*[@id=\"application-managepartners-display-component---NewPartner--addressNewCostObjectCstID-vhi\"]"}
RESULT: {}
RESULT: {"using":"xpath","value":"//*[@id=\"application-managepartners-display-component---NewPartner--addressNewCostObjectCstID-vhi\"]"}
COMMAND: POST /session/3e4ceb57b36163f530f5479f57478588/element/f.504C58434384A4EE898B1C568961733A.d.2EC66A1E28ABCB3FB3C6676E32A2F9E0.e.7503/click - {}
RESULT: {}
COMMAND: GET /session/3e4ceb57b36163f530f5479f57478588/screenshot - {}
RESULT: {}
RESULT: undefined
COMMAND: POST /session/3e4ceb57b36163f530f5479f57478588/execute/async - {"script":"<script> [776 bytes]","args":[{"enterText":"10001013","selector":{"controlType":"sap.m.SearchField","properties":{"placeholder":"Search"},"searchOpenDialogs":true,"interaction":{"idSuffix":"I"}},"clearTextFirst":true,"interactionType":"ENTER_TEXT"}]}
RESULT: {"script":"<script> [776 bytes]","args":[{"enterText":"10001013","selector":{"controlType":"sap.m.SearchField","properties":{"placeholder":"Search"},"searchOpenDialogs":true,"interaction":{"idSuffix":"I"}},"clearTextFirst":true,"interactionType":"ENTER_TEXT"}]}
COMMAND: POST /session/3e4ceb57b36163f530f5479f57478588/actions - {"actions":[{"id":"action23","type":"key","parameters":{},"actions":[{"type":"keyDown","value":""},{"type":"pause","duration":10},{"type":"keyUp","value":""}]}]}
RESULT: {"actions":[{"id":"action23","type":"key","parameters":{},"actions":[{"type":"keyDown","value":""},{"type":"pause","duration":10},{"type":"keyUp","value":""}]}]}
COMMAND: GET /session/3e4ceb57b36163f530f5479f57478588/screenshot - {}
RESULT: {}
COMMAND: POST /session/3e4ceb57b36163f530f5479f57478588/element - {"using":"xpath","value":"//span[contains(text(), \"General Management\")]"}
RESULT: {"using":"xpath","value":"//span[contains(text(), \"General Management\")]"}
COMMAND: POST /session/3e4ceb57b36163f530f5479f57478588/element/f.504C58434384A4EE898B1C568961733A.d.2EC66A1E28ABCB3FB3C6676E32A2F9E0.e.7543/click - {}
RESULT: {}
COMMAND: GET /session/3e4ceb57b36163f530f5479f57478588/screenshot - {}
RESULT: {}
COMMAND: POST /session/3e4ceb57b36163f530f5479f57478588/element - {"using":"xpath","value":"//bdi[contains(text(), \"OK\")]"}
RESULT: {"using":"xpath","value":"//bdi[contains(text(), \"OK\")]"}
COMMAND: POST /session/3e4ceb57b36163f530f5479f57478588/element/f.504C58434384A4EE898B1C568961733A.d.2EC66A1E28ABCB3FB3C6676E32A2F9E0.e.7544/click - {}
RESULT: {}
COMMAND: GET /session/3e4ceb57b36163f530f5479f57478588/screenshot - {}
RESULT: {}
COMMAND: POST /session/3e4ceb57b36163f530f5479f57478588/element - {"using":"xpath","value":"//input[@id=\"application-managepartners-display-component---NewPartner--companyCodeComboBox-inner\"]"}
RESULT: {"using":"xpath","value":"//input[@id=\"application-managepartners-display-component---NewPartner--companyCodeComboBox-inner\"]"}
COMMAND: POST /session/3e4ceb57b36163f530f5479f57478588/element/f.504C58434384A4EE898B1C568961733A.d.2EC66A1E28ABCB3FB3C6676E32A2F9E0.e.7334/clear - {}
RESULT: {}
COMMAND: POST /session/3e4ceb57b36163f530f5479f57478588/element/f.504C58434384A4EE898B1C568961733A.d.2EC66A1E28ABCB3FB3C6676E32A2F9E0.e.7334/value - {"text":"1000"}
COMMAND: GET /session/3e4ceb57b36163f530f5479f57478588/screenshot - {}
RESULT: {"text":"1000"}
COMMAND: GET /session/3e4ceb57b36163f530f5479f57478588/screenshot - {}
RESULT: {}
RESULT: {}
COMMAND: POST /session/3e4ceb57b36163f530f5479f57478588/element - {"using":"xpath","value":"//span[contains(text(), \"1000\")]"}
RESULT: {"using":"xpath","value":"//span[contains(text(), \"1000\")]"}
COMMAND: POST /session/3e4ceb57b36163f530f5479f57478588/element/f.504C58434384A4EE898B1C568961733A.d.2EC66A1E28ABCB3FB3C6676E32A2F9E0.e.7550/click - {}
RESULT: {}
COMMAND: GET /session/3e4ceb57b36163f530f5479f57478588/screenshot - {}
RESULT: {}
COMMAND: POST /session/3e4ceb57b36163f530f5479f57478588/execute/async - {"script":"<script> [1562 bytes]","args":[{"selector":{"id":"application-managepartners-display-component---NewPartner--btnAddTableRow-img"},"wdio_ui5_key":"applicationmanagepartners-display-component---NewPartner--btnAddTableRow-img"}]}
RESULT: {"script":"<script> [1562 bytes]","args":[{"selector":{"id":"application-managepartners-display-component---NewPartner--btnAddTableRow-img"},"wdio_ui5_key":"applicationmanagepartners-display-component---NewPartner--btnAddTableRow-img"}]}
RESULT: undefined
COMMAND: POST /session/3e4ceb57b36163f530f5479f57478588/element - {"using":"xpath","value":"//*[@id=\"application-managepartners-display-component---NewPartner--btnAddTableRow-img\"]"}
RESULT: {"using":"xpath","value":"//*[@id=\"application-managepartners-display-component---NewPartner--btnAddTableRow-img\"]"}
COMMAND: POST /session/3e4ceb57b36163f530f5479f57478588/element/f.504C58434384A4EE898B1C568961733A.d.2EC66A1E28ABCB3FB3C6676E32A2F9E0.e.7551/click - {}
RESULT: {}
COMMAND: GET /session/3e4ceb57b36163f530f5479f57478588/screenshot - {}
RESULT: {}
COMMAND: POST /session/3e4ceb57b36163f530f5479f57478588/element - {"using":"xpath","value":"//input[@id=\"application-managepartners-display-component---NewPartner--assignmentYard-application-managepartners-display-component---NewPartner--assignmentsTable-0-inner\"]"}
RESULT: {"using":"xpath","value":"//input[@id=\"application-managepartners-display-component---NewPartner--assignmentYard-application-managepartners-display-component---NewPartner--assignmentsTable-0-inner\"]"}
COMMAND: POST /session/3e4ceb57b36163f530f5479f57478588/element/f.504C58434384A4EE898B1C568961733A.d.2EC66A1E28ABCB3FB3C6676E32A2F9E0.e.7554/clear - {}
RESULT: {}
COMMAND: POST /session/3e4ceb57b36163f530f5479f57478588/element/f.504C58434384A4EE898B1C568961733A.d.2EC66A1E28ABCB3FB3C6676E32A2F9E0.e.7554/value - {"text":"259"}
COMMAND: GET /session/3e4ceb57b36163f530f5479f57478588/screenshot - {}
RESULT: {"text":"259"}
COMMAND: GET /session/3e4ceb57b36163f530f5479f57478588/screenshot - {}
RESULT: {}
RESULT: {}
COMMAND: POST /session/3e4ceb57b36163f530f5479f57478588/element - {"using":"xpath","value":"//li[.//span[text()='259']]"}
RESULT: {"using":"xpath","value":"//li[.//span[text()='259']]"}
COMMAND: POST /session/3e4ceb57b36163f530f5479f57478588/element/f.504C58434384A4EE898B1C568961733A.d.2EC66A1E28ABCB3FB3C6676E32A2F9E0.e.7563/click - {}
RESULT: {}
COMMAND: GET /session/3e4ceb57b36163f530f5479f57478588/screenshot - {}
RESULT: {}
COMMAND: POST /session/3e4ceb57b36163f530f5479f57478588/actions - {"actions":[{"id":"action24","type":"key","parameters":{},"actions":[{"type":"keyDown","value":""},{"type":"pause","duration":10},{"type":"keyUp","value":""}]}]}
RESULT: {"actions":[{"id":"action24","type":"key","parameters":{},"actions":[{"type":"keyDown","value":""},{"type":"pause","duration":10},{"type":"keyUp","value":""}]}]}
COMMAND: POST /session/3e4ceb57b36163f530f5479f57478588/execute/async - {"script":"<script> [1562 bytes]","args":[{"selector":{"id":"application-managepartners-display-component---NewPartner--externalCustomerComboBox-application-managepartners-display-component---NewPartner--assignmentsTable-0-vhi"},"wdio_ui5_key":"applicationmanagepartners-display-component---NewPartner--externalCustomerComboBox-application-managepartners-display-component---NewPartner--assignmentsTable-0-vhi"}]}
COMMAND: GET /session/3e4ceb57b36163f530f5479f57478588/screenshot - {}
RESULT: {"script":"<script> [1562 bytes]","args":[{"selector":{"id":"application-managepartners-display-component---NewPartner--externalCustomerComboBox-application-managepartners-display-component---NewPartner--assignmentsTable-0-vhi"},"wdio_ui5_key":"applicationmanagepartners-display-component---NewPartner--externalCustomerComboBox-application-managepartners-display-component---NewPartner--assignmentsTable-0-vhi"}]}
RESULT: undefined
COMMAND: POST /session/3e4ceb57b36163f530f5479f57478588/element - {"using":"xpath","value":"//*[@id=\"application-managepartners-display-component---NewPartner--externalCustomerComboBox-application-managepartners-display-component---NewPartner--assignmentsTable-0-vhi\"]"}
RESULT: {}
RESULT: {"using":"xpath","value":"//*[@id=\"application-managepartners-display-component---NewPartner--externalCustomerComboBox-application-managepartners-display-component---NewPartner--assignmentsTable-0-vhi\"]"}
COMMAND: POST /session/3e4ceb57b36163f530f5479f57478588/element/f.504C58434384A4EE898B1C568961733A.d.2EC66A1E28ABCB3FB3C6676E32A2F9E0.e.7567/click - {}
RESULT: {}
RESULT: undefined
COMMAND: POST /session/3e4ceb57b36163f530f5479f57478588/execute/async - {"script":"<script> [776 bytes]","args":[{"enterText":"300003","selector":{"controlType":"sap.m.SearchField","properties":{"placeholder":"Search"},"searchOpenDialogs":true,"interaction":{"idSuffix":"I"}},"clearTextFirst":true,"interactionType":"ENTER_TEXT"}]}
COMMAND: GET /session/3e4ceb57b36163f530f5479f57478588/screenshot - {}
RESULT: {"script":"<script> [776 bytes]","args":[{"enterText":"300003","selector":{"controlType":"sap.m.SearchField","properties":{"placeholder":"Search"},"searchOpenDialogs":true,"interaction":{"idSuffix":"I"}},"clearTextFirst":true,"interactionType":"ENTER_TEXT"}]}
COMMAND: POST /session/3e4ceb57b36163f530f5479f57478588/actions - {"actions":[{"id":"action25","type":"key","parameters":{},"actions":[{"type":"keyDown","value":""},{"type":"pause","duration":10},{"type":"keyUp","value":""}]}]}
RESULT: {}
RESULT: {"actions":[{"id":"action25","type":"key","parameters":{},"actions":[{"type":"keyDown","value":""},{"type":"pause","duration":10},{"type":"keyUp","value":""}]}]}
COMMAND: GET /session/3e4ceb57b36163f530f5479f57478588/screenshot - {}
RESULT: {}
COMMAND: POST /session/3e4ceb57b36163f530f5479f57478588/element - {"using":"xpath","value":"//span[contains(text(), \"300003\")]"}
RESULT: {"using":"xpath","value":"//span[contains(text(), \"300003\")]"}
COMMAND: POST /session/3e4ceb57b36163f530f5479f57478588/element/f.504C58434384A4EE898B1C568961733A.d.2EC66A1E28ABCB3FB3C6676E32A2F9E0.e.7584/click - {}
RESULT: {}
COMMAND: GET /session/3e4ceb57b36163f530f5479f57478588/screenshot - {}
RESULT: {}
COMMAND: POST /session/3e4ceb57b36163f530f5479f57478588/element - {"using":"xpath","value":"//bdi[contains(text(), \"OK\")]"}
RESULT: {"using":"xpath","value":"//bdi[contains(text(), \"OK\")]"}
COMMAND: POST /session/3e4ceb57b36163f530f5479f57478588/element/f.504C58434384A4EE898B1C568961733A.d.2EC66A1E28ABCB3FB3C6676E32A2F9E0.e.7586/click - {}
RESULT: {}
COMMAND: GET /session/3e4ceb57b36163f530f5479f57478588/screenshot - {}
RESULT: {}
COMMAND: POST /session/3e4ceb57b36163f530f5479f57478588/execute/async - {"script":"<script> [1562 bytes]","args":[{"selector":{"id":"application-managepartners-display-component---NewPartner--intercompVendorComboBox-application-managepartners-display-component---NewPartner--assignmentsTable-0-vhi"},"wdio_ui5_key":"applicationmanagepartners-display-component---NewPartner--intercompVendorComboBox-application-managepartners-display-component---NewPartner--assignmentsTable-0-vhi"}]}
RESULT: {"script":"<script> [1562 bytes]","args":[{"selector":{"id":"application-managepartners-display-component---NewPartner--intercompVendorComboBox-application-managepartners-display-component---NewPartner--assignmentsTable-0-vhi"},"wdio_ui5_key":"applicationmanagepartners-display-component---NewPartner--intercompVendorComboBox-application-managepartners-display-component---NewPartner--assignmentsTable-0-vhi"}]}
RESULT: undefined
COMMAND: POST /session/3e4ceb57b36163f530f5479f57478588/element - {"using":"xpath","value":"//*[@id=\"application-managepartners-display-component---NewPartner--intercompVendorComboBox-application-managepartners-display-component---NewPartner--assignmentsTable-0-vhi\"]"}
RESULT: {"using":"xpath","value":"//*[@id=\"application-managepartners-display-component---NewPartner--intercompVendorComboBox-application-managepartners-display-component---NewPartner--assignmentsTable-0-vhi\"]"}
COMMAND: POST /session/3e4ceb57b36163f530f5479f57478588/element/f.504C58434384A4EE898B1C568961733A.d.2EC66A1E28ABCB3FB3C6676E32A2F9E0.e.7589/click - {}
RESULT: {}
RESULT: undefined
COMMAND: POST /session/3e4ceb57b36163f530f5479f57478588/execute/async - {"script":"<script> [776 bytes]","args":[{"enterText":"100005","selector":{"controlType":"sap.m.SearchField","properties":{"placeholder":"Search"},"searchOpenDialogs":true,"interaction":{"idSuffix":"I"}},"clearTextFirst":true,"interactionType":"ENTER_TEXT"}]}
COMMAND: GET /session/3e4ceb57b36163f530f5479f57478588/screenshot - {}
RESULT: {"script":"<script> [776 bytes]","args":[{"enterText":"100005","selector":{"controlType":"sap.m.SearchField","properties":{"placeholder":"Search"},"searchOpenDialogs":true,"interaction":{"idSuffix":"I"}},"clearTextFirst":true,"interactionType":"ENTER_TEXT"}]}
COMMAND: POST /session/3e4ceb57b36163f530f5479f57478588/actions - {"actions":[{"id":"action26","type":"key","parameters":{},"actions":[{"type":"keyDown","value":""},{"type":"pause","duration":10},{"type":"keyUp","value":""}]}]}
RESULT: {}
RESULT: {"actions":[{"id":"action26","type":"key","parameters":{},"actions":[{"type":"keyDown","value":""},{"type":"pause","duration":10},{"type":"keyUp","value":""}]}]}
COMMAND: GET /session/3e4ceb57b36163f530f5479f57478588/screenshot - {}
RESULT: {}
COMMAND: POST /session/3e4ceb57b36163f530f5479f57478588/element - {"using":"xpath","value":"//span[contains(text(), \"Penguins - Field/12345 Berlin\")]"}
RESULT: {"using":"xpath","value":"//span[contains(text(), \"Penguins - Field/12345 Berlin\")]"}
COMMAND: POST /session/3e4ceb57b36163f530f5479f57478588/element/f.504C58434384A4EE898B1C568961733A.d.2EC66A1E28ABCB3FB3C6676E32A2F9E0.e.7607/click - {}
RESULT: {}
COMMAND: GET /session/3e4ceb57b36163f530f5479f57478588/screenshot - {}
RESULT: {}
COMMAND: POST /session/3e4ceb57b36163f530f5479f57478588/element - {"using":"xpath","value":"//bdi[contains(text(), \"OK\")]"}
RESULT: {"using":"xpath","value":"//bdi[contains(text(), \"OK\")]"}
COMMAND: POST /session/3e4ceb57b36163f530f5479f57478588/element/f.504C58434384A4EE898B1C568961733A.d.2EC66A1E28ABCB3FB3C6676E32A2F9E0.e.7608/click - {}
RESULT: {}
COMMAND: GET /session/3e4ceb57b36163f530f5479f57478588/screenshot - {}
RESULT: {}
COMMAND: POST /session/3e4ceb57b36163f530f5479f57478588/element - {"using":"xpath","value":"//button[@data-kt=\"saveButton\"]"}
RESULT: {"using":"xpath","value":"//button[@data-kt=\"saveButton\"]"}
COMMAND: POST /session/3e4ceb57b36163f530f5479f57478588/element/f.504C58434384A4EE898B1C568961733A.d.2EC66A1E28ABCB3FB3C6676E32A2F9E0.e.7460/click - {}
RESULT: {}
COMMAND: GET /session/3e4ceb57b36163f530f5479f57478588/screenshot - {}
RESULT: {}
COMMAND: POST /session/3e4ceb57b36163f530f5479f57478588/element - {"using":"xpath","value":"//header[contains(@id, 'ObjectPageLayout-headerTitle')]/div[1]/div[2]/div[2]/span[1]"}
RESULT: {"using":"xpath","value":"//header[contains(@id, 'ObjectPageLayout-headerTitle')]/div[1]/div[2]/div[2]/span[1]"}
COMMAND: POST /session/3e4ceb57b36163f530f5479f57478588/elements - {"using":"xpath","value":"//header[contains(@id, 'ObjectPageLayout-headerTitle')]/div[1]/div[2]/div[2]/span[1]"}
RESULT: {"using":"xpath","value":"//header[contains(@id, 'ObjectPageLayout-headerTitle')]/div[1]/div[2]/div[2]/span[1]"}
COMMAND: POST /session/3e4ceb57b36163f530f5479f57478588/execute/sync - {"script":"<script> [56 bytes]","args":[{"element-6066-11e4-a52e-4f735466cecf":"f.504C58434384A4EE898B1C568961733A.d.2EC66A1E28ABCB3FB3C6676E32A2F9E0.e.7773","ELEMENT":"f.504C58434384A4EE898B1C568961733A.d.2EC66A1E28ABCB3FB3C6676E32A2F9E0.e.7773"}]}
RESULT: {"script":"<script> [56 bytes]","args":[{"element-6066-11e4-a52e-4f735466cecf":"f.504C58434384A4EE898B1C568961733A.d.2EC66A1E28ABCB3FB3C6676E32A2F9E0.e.7773","ELEMENT":"f.504C58434384A4EE898B1C568961733A.d.2EC66A1E28ABCB3FB3C6676E32A2F9E0.e.7773"}]}
COMMAND: POST /session/3e4ceb57b36163f530f5479f57478588/element - {"using":"css selector","value":"#shell-header-logo"}
COMMAND: GET /session/3e4ceb57b36163f530f5479f57478588/screenshot - {}
RESULT: {"using":"css selector","value":"#shell-header-logo"}
COMMAND: POST /session/3e4ceb57b36163f530f5479f57478588/element/f.504C58434384A4EE898B1C568961733A.d.2EC66A1E28ABCB3FB3C6676E32A2F9E0.e.6986/click - {}
RESULT: {}
RESULT: {}
COMMAND: GET /session/3e4ceb57b36163f530f5479f57478588/screenshot - {}
RESULT: {}
]]></system-out>
    </testcase>
    <testcase classname="chrome.135_0_7049_42.windows.Billing_Transfer_-_Intracompany_US127249" name="Should create a new site" time="71.933">
      <system-out><![CDATA[
COMMAND: POST /session/3e4ceb57b36163f530f5479f57478588/execute/async - {"script":"<script> [1562 bytes]","args":[{"selector":{"controlType":"sap.m.TileContent","bindingPath":{"path":"","propertyPath":"/properties/info"},"ancestor":{"controlType":"sap.m.GenericTile","properties":{"header":"Manage Sites"}}},"wdio_ui5_key":"sapm.TileContent{\"path\":\"\",\"propertyPath\":\"/properties/info\"}{\"controlType\":\"sap.m.GenericTile\",\"properties\":{\"header\":\"Manage Sites\"}}"}]}
RESULT: {"script":"<script> [1562 bytes]","args":[{"selector":{"controlType":"sap.m.TileContent","bindingPath":{"path":"","propertyPath":"/properties/info"},"ancestor":{"controlType":"sap.m.GenericTile","properties":{"header":"Manage Sites"}}},"wdio_ui5_key":"sapm.TileContent{\"path\":\"\",\"propertyPath\":\"/properties/info\"}{\"controlType\":\"sap.m.GenericTile\",\"properties\":{\"header\":\"Manage Sites\"}}"}]}
RESULT: undefined
COMMAND: POST /session/3e4ceb57b36163f530f5479f57478588/element - {"using":"xpath","value":"//*[@id=\"__xmlview7--numericTileContent\"]"}
RESULT: {"using":"xpath","value":"//*[@id=\"__xmlview7--numericTileContent\"]"}
COMMAND: POST /session/3e4ceb57b36163f530f5479f57478588/element/f.504C58434384A4EE898B1C568961733A.d.2EC66A1E28ABCB3FB3C6676E32A2F9E0.e.7775/click - {}
RESULT: {}
COMMAND: POST /session/3e4ceb57b36163f530f5479f57478588/element - {"using":"xpath","value":"//button[@data-kt=\"addOverflowToolbarButton\"]"}
COMMAND: GET /session/3e4ceb57b36163f530f5479f57478588/screenshot - {}
RESULT: {"using":"xpath","value":"//button[@data-kt=\"addOverflowToolbarButton\"]"}
COMMAND: POST /session/3e4ceb57b36163f530f5479f57478588/elements - {"using":"xpath","value":"//button[@data-kt=\"addOverflowToolbarButton\"]"}
RESULT: {}
RESULT: {"using":"xpath","value":"//button[@data-kt=\"addOverflowToolbarButton\"]"}
COMMAND: POST /session/3e4ceb57b36163f530f5479f57478588/elements - {"using":"xpath","value":"//button[@data-kt=\"addOverflowToolbarButton\"]"}
RESULT: {"using":"xpath","value":"//button[@data-kt=\"addOverflowToolbarButton\"]"}
COMMAND: POST /session/3e4ceb57b36163f530f5479f57478588/element - {"using":"xpath","value":"//button[@data-kt=\"addOverflowToolbarButton\"]"}
RESULT: {"using":"xpath","value":"//button[@data-kt=\"addOverflowToolbarButton\"]"}
COMMAND: POST /session/3e4ceb57b36163f530f5479f57478588/execute/sync - {"script":"<script> [8489 bytes]","args":[{"element-6066-11e4-a52e-4f735466cecf":"f.504C58434384A4EE898B1C568961733A.d.2EC66A1E28ABCB3FB3C6676E32A2F9E0.e.7820","ELEMENT":"f.504C58434384A4EE898B1C568961733A.d.2EC66A1E28ABCB3FB3C6676E32A2F9E0.e.7820"}]}
RESULT: {"script":"<script> [8489 bytes]","args":[{"element-6066-11e4-a52e-4f735466cecf":"f.504C58434384A4EE898B1C568961733A.d.2EC66A1E28ABCB3FB3C6676E32A2F9E0.e.7820","ELEMENT":"f.504C58434384A4EE898B1C568961733A.d.2EC66A1E28ABCB3FB3C6676E32A2F9E0.e.7820"}]}
COMMAND: GET /session/3e4ceb57b36163f530f5479f57478588/element/f.504C58434384A4EE898B1C568961733A.d.2EC66A1E28ABCB3FB3C6676E32A2F9E0.e.7820/enabled - {}
COMMAND: GET /session/3e4ceb57b36163f530f5479f57478588/screenshot - {}
RESULT: {}
COMMAND: POST /session/3e4ceb57b36163f530f5479f57478588/execute/sync - {"script":"<script> [8489 bytes]","args":[{"element-6066-11e4-a52e-4f735466cecf":"f.504C58434384A4EE898B1C568961733A.d.2EC66A1E28ABCB3FB3C6676E32A2F9E0.e.7820","ELEMENT":"f.504C58434384A4EE898B1C568961733A.d.2EC66A1E28ABCB3FB3C6676E32A2F9E0.e.7820"}]}
COMMAND: GET /session/3e4ceb57b36163f530f5479f57478588/screenshot - {}
RESULT: {}
RESULT: {"script":"<script> [8489 bytes]","args":[{"element-6066-11e4-a52e-4f735466cecf":"f.504C58434384A4EE898B1C568961733A.d.2EC66A1E28ABCB3FB3C6676E32A2F9E0.e.7820","ELEMENT":"f.504C58434384A4EE898B1C568961733A.d.2EC66A1E28ABCB3FB3C6676E32A2F9E0.e.7820"}]}
COMMAND: POST /session/3e4ceb57b36163f530f5479f57478588/execute/sync - {"script":"<script> [5351 bytes]","args":[{"element-6066-11e4-a52e-4f735466cecf":"f.504C58434384A4EE898B1C568961733A.d.2EC66A1E28ABCB3FB3C6676E32A2F9E0.e.7820","ELEMENT":"f.504C58434384A4EE898B1C568961733A.d.2EC66A1E28ABCB3FB3C6676E32A2F9E0.e.7820"}]}
COMMAND: GET /session/3e4ceb57b36163f530f5479f57478588/screenshot - {}
RESULT: {}
RESULT: {"script":"<script> [5351 bytes]","args":[{"element-6066-11e4-a52e-4f735466cecf":"f.504C58434384A4EE898B1C568961733A.d.2EC66A1E28ABCB3FB3C6676E32A2F9E0.e.7820","ELEMENT":"f.504C58434384A4EE898B1C568961733A.d.2EC66A1E28ABCB3FB3C6676E32A2F9E0.e.7820"}]}
COMMAND: POST /session/3e4ceb57b36163f530f5479f57478588/element/f.504C58434384A4EE898B1C568961733A.d.2EC66A1E28ABCB3FB3C6676E32A2F9E0.e.7820/click - {}
COMMAND: GET /session/3e4ceb57b36163f530f5479f57478588/screenshot - {}
RESULT: {}
RESULT: {}
COMMAND: GET /session/3e4ceb57b36163f530f5479f57478588/screenshot - {}
COMMAND: POST /session/3e4ceb57b36163f530f5479f57478588/execute/async - {"script":"<script> [1562 bytes]","args":[{"selector":{"id":"application-managesites-display-component---NewSite--addressDetailDetailsName1","interaction":{"idSuffix":"inner"}},"wdio_ui5_key":"applicationmanagesites-display-component---NewSite--addressDetailDetailsName1"}]}
RESULT: {}
RESULT: {}
RESULT: {"script":"<script> [1562 bytes]","args":[{"selector":{"id":"application-managesites-display-component---NewSite--addressDetailDetailsName1","interaction":{"idSuffix":"inner"}},"wdio_ui5_key":"applicationmanagesites-display-component---NewSite--addressDetailDetailsName1"}]}
RESULT: undefined
COMMAND: POST /session/3e4ceb57b36163f530f5479f57478588/execute/async - {"script":"<script> [776 bytes]","args":[{"enterText":"Intracompany Site wdIO","selector":{"id":"application-managesites-display-component---NewSite--addressDetailDetailsName1","interaction":{"idSuffix":"inner"}},"clearTextFirst":true,"interactionType":"ENTER_TEXT"}]}
RESULT: {"script":"<script> [776 bytes]","args":[{"enterText":"Intracompany Site wdIO","selector":{"id":"application-managesites-display-component---NewSite--addressDetailDetailsName1","interaction":{"idSuffix":"inner"}},"clearTextFirst":true,"interactionType":"ENTER_TEXT"}]}
COMMAND: POST /session/3e4ceb57b36163f530f5479f57478588/execute/async - {"script":"<script> [1562 bytes]","args":[{"selector":{"id":"application-managesites-display-component---NewSite--addressDetailDetailsLanguage-arrow"},"wdio_ui5_key":"applicationmanagesites-display-component---NewSite--addressDetailDetailsLanguage-arrow"}]}
RESULT: {"script":"<script> [1562 bytes]","args":[{"selector":{"id":"application-managesites-display-component---NewSite--addressDetailDetailsLanguage-arrow"},"wdio_ui5_key":"applicationmanagesites-display-component---NewSite--addressDetailDetailsLanguage-arrow"}]}
RESULT: undefined
COMMAND: POST /session/3e4ceb57b36163f530f5479f57478588/element - {"using":"xpath","value":"//*[@id=\"application-managesites-display-component---NewSite--addressDetailDetailsLanguage-arrow\"]"}
RESULT: {"using":"xpath","value":"//*[@id=\"application-managesites-display-component---NewSite--addressDetailDetailsLanguage-arrow\"]"}
COMMAND: POST /session/3e4ceb57b36163f530f5479f57478588/element/f.504C58434384A4EE898B1C568961733A.d.2EC66A1E28ABCB3FB3C6676E32A2F9E0.e.8434/click - {}
RESULT: {}
COMMAND: POST /session/3e4ceb57b36163f530f5479f57478588/element - {"using":"xpath","value":"//span[contains(text(), \"English\")]"}
COMMAND: GET /session/3e4ceb57b36163f530f5479f57478588/screenshot - {}
RESULT: {"using":"xpath","value":"//span[contains(text(), \"English\")]"}
COMMAND: POST /session/3e4ceb57b36163f530f5479f57478588/element/f.504C58434384A4EE898B1C568961733A.d.2EC66A1E28ABCB3FB3C6676E32A2F9E0.e.8435/click - {}
RESULT: {}
RESULT: {}
COMMAND: POST /session/3e4ceb57b36163f530f5479f57478588/execute/async - {"script":"<script> [1562 bytes]","args":[{"selector":{"id":"application-managesites-display-component---NewSite--addressDetailDetailsCity1","interaction":{"idSuffix":"inner"}},"wdio_ui5_key":"applicationmanagesites-display-component---NewSite--addressDetailDetailsCity1"}]}
COMMAND: GET /session/3e4ceb57b36163f530f5479f57478588/screenshot - {}
RESULT: {"script":"<script> [1562 bytes]","args":[{"selector":{"id":"application-managesites-display-component---NewSite--addressDetailDetailsCity1","interaction":{"idSuffix":"inner"}},"wdio_ui5_key":"applicationmanagesites-display-component---NewSite--addressDetailDetailsCity1"}]}
RESULT: undefined
COMMAND: POST /session/3e4ceb57b36163f530f5479f57478588/execute/async - {"script":"<script> [776 bytes]","args":[{"enterText":"Rosario","selector":{"id":"application-managesites-display-component---NewSite--addressDetailDetailsCity1","interaction":{"idSuffix":"inner"}},"clearTextFirst":true,"interactionType":"ENTER_TEXT"}]}
RESULT: {}
RESULT: {"script":"<script> [776 bytes]","args":[{"enterText":"Rosario","selector":{"id":"application-managesites-display-component---NewSite--addressDetailDetailsCity1","interaction":{"idSuffix":"inner"}},"clearTextFirst":true,"interactionType":"ENTER_TEXT"}]}
COMMAND: POST /session/3e4ceb57b36163f530f5479f57478588/execute/async - {"script":"<script> [1562 bytes]","args":[{"selector":{"id":"application-managesites-display-component---NewSite--addressDetailDetailsCountry-arrow"},"wdio_ui5_key":"applicationmanagesites-display-component---NewSite--addressDetailDetailsCountry-arrow"}]}
RESULT: {"script":"<script> [1562 bytes]","args":[{"selector":{"id":"application-managesites-display-component---NewSite--addressDetailDetailsCountry-arrow"},"wdio_ui5_key":"applicationmanagesites-display-component---NewSite--addressDetailDetailsCountry-arrow"}]}
RESULT: undefined
COMMAND: POST /session/3e4ceb57b36163f530f5479f57478588/element - {"using":"xpath","value":"//*[@id=\"application-managesites-display-component---NewSite--addressDetailDetailsCountry-arrow\"]"}
RESULT: {"using":"xpath","value":"//*[@id=\"application-managesites-display-component---NewSite--addressDetailDetailsCountry-arrow\"]"}
COMMAND: POST /session/3e4ceb57b36163f530f5479f57478588/element/f.504C58434384A4EE898B1C568961733A.d.2EC66A1E28ABCB3FB3C6676E32A2F9E0.e.8437/click - {}
RESULT: {}
COMMAND: POST /session/3e4ceb57b36163f530f5479f57478588/element - {"using":"xpath","value":"//span[contains(text(), \"Argentina\")]"}
COMMAND: GET /session/3e4ceb57b36163f530f5479f57478588/screenshot - {}
RESULT: {"using":"xpath","value":"//span[contains(text(), \"Argentina\")]"}
COMMAND: POST /session/3e4ceb57b36163f530f5479f57478588/element/f.504C58434384A4EE898B1C568961733A.d.2EC66A1E28ABCB3FB3C6676E32A2F9E0.e.8438/click - {}
RESULT: {}
RESULT: {}
COMMAND: GET /session/3e4ceb57b36163f530f5479f57478588/screenshot - {}
RESULT: {}
COMMAND: POST /session/3e4ceb57b36163f530f5479f57478588/execute/async - {"script":"<script> [1562 bytes]","args":[{"selector":{"id":"application-managesites-display-component---NewSite--addressEditDetailsCostObjectCstType-arrow"},"wdio_ui5_key":"applicationmanagesites-display-component---NewSite--addressEditDetailsCostObjectCstType-arrow"}]}
RESULT: {"script":"<script> [1562 bytes]","args":[{"selector":{"id":"application-managesites-display-component---NewSite--addressEditDetailsCostObjectCstType-arrow"},"wdio_ui5_key":"applicationmanagesites-display-component---NewSite--addressEditDetailsCostObjectCstType-arrow"}]}
RESULT: undefined
COMMAND: POST /session/3e4ceb57b36163f530f5479f57478588/element - {"using":"xpath","value":"//*[@id=\"application-managesites-display-component---NewSite--addressEditDetailsCostObjectCstType-arrow\"]"}
RESULT: {"using":"xpath","value":"//*[@id=\"application-managesites-display-component---NewSite--addressEditDetailsCostObjectCstType-arrow\"]"}
COMMAND: POST /session/3e4ceb57b36163f530f5479f57478588/element/f.504C58434384A4EE898B1C568961733A.d.2EC66A1E28ABCB3FB3C6676E32A2F9E0.e.8439/click - {}
RESULT: {}
COMMAND: POST /session/3e4ceb57b36163f530f5479f57478588/element - {"using":"xpath","value":"//span[contains(text(), \"Cost Center\")]"}
COMMAND: GET /session/3e4ceb57b36163f530f5479f57478588/screenshot - {}
RESULT: {"using":"xpath","value":"//span[contains(text(), \"Cost Center\")]"}
COMMAND: POST /session/3e4ceb57b36163f530f5479f57478588/element/f.504C58434384A4EE898B1C568961733A.d.2EC66A1E28ABCB3FB3C6676E32A2F9E0.e.8440/click - {}
RESULT: {}
RESULT: {}
COMMAND: GET /session/3e4ceb57b36163f530f5479f57478588/screenshot - {}
RESULT: {}
COMMAND: POST /session/3e4ceb57b36163f530f5479f57478588/element - {"using":"xpath","value":"//span[@id=\"application-managesites-display-component---NewSite--addressNewCostObjectCstID-vhi\"]"}
RESULT: {"using":"xpath","value":"//span[@id=\"application-managesites-display-component---NewSite--addressNewCostObjectCstID-vhi\"]"}
COMMAND: POST /session/3e4ceb57b36163f530f5479f57478588/execute/sync - {"script":"<script> [8489 bytes]","args":[{"element-6066-11e4-a52e-4f735466cecf":"f.504C58434384A4EE898B1C568961733A.d.2EC66A1E28ABCB3FB3C6676E32A2F9E0.e.8444","ELEMENT":"f.504C58434384A4EE898B1C568961733A.d.2EC66A1E28ABCB3FB3C6676E32A2F9E0.e.8444"}]}
RESULT: {"script":"<script> [8489 bytes]","args":[{"element-6066-11e4-a52e-4f735466cecf":"f.504C58434384A4EE898B1C568961733A.d.2EC66A1E28ABCB3FB3C6676E32A2F9E0.e.8444","ELEMENT":"f.504C58434384A4EE898B1C568961733A.d.2EC66A1E28ABCB3FB3C6676E32A2F9E0.e.8444"}]}
COMMAND: POST /session/3e4ceb57b36163f530f5479f57478588/execute/async - {"script":"<script> [1562 bytes]","args":[{"selector":{"id":"application-managesites-display-component---NewSite--addressNewCostObjectCstID-vhi"},"wdio_ui5_key":"applicationmanagesites-display-component---NewSite--addressNewCostObjectCstID-vhi"}]}
COMMAND: GET /session/3e4ceb57b36163f530f5479f57478588/screenshot - {}
RESULT: {"script":"<script> [1562 bytes]","args":[{"selector":{"id":"application-managesites-display-component---NewSite--addressNewCostObjectCstID-vhi"},"wdio_ui5_key":"applicationmanagesites-display-component---NewSite--addressNewCostObjectCstID-vhi"}]}
RESULT: undefined
COMMAND: POST /session/3e4ceb57b36163f530f5479f57478588/element - {"using":"xpath","value":"//*[@id=\"application-managesites-display-component---NewSite--addressNewCostObjectCstID-vhi\"]"}
RESULT: {}
RESULT: {"using":"xpath","value":"//*[@id=\"application-managesites-display-component---NewSite--addressNewCostObjectCstID-vhi\"]"}
COMMAND: POST /session/3e4ceb57b36163f530f5479f57478588/element/f.504C58434384A4EE898B1C568961733A.d.2EC66A1E28ABCB3FB3C6676E32A2F9E0.e.8444/click - {}
RESULT: {}
COMMAND: GET /session/3e4ceb57b36163f530f5479f57478588/screenshot - {}
RESULT: {}
RESULT: undefined
COMMAND: POST /session/3e4ceb57b36163f530f5479f57478588/execute/async - {"script":"<script> [776 bytes]","args":[{"enterText":"10001013","selector":{"controlType":"sap.m.SearchField","properties":{"placeholder":"Search"},"searchOpenDialogs":true,"interaction":{"idSuffix":"I"}},"clearTextFirst":true,"interactionType":"ENTER_TEXT"}]}
RESULT: {"script":"<script> [776 bytes]","args":[{"enterText":"10001013","selector":{"controlType":"sap.m.SearchField","properties":{"placeholder":"Search"},"searchOpenDialogs":true,"interaction":{"idSuffix":"I"}},"clearTextFirst":true,"interactionType":"ENTER_TEXT"}]}
COMMAND: POST /session/3e4ceb57b36163f530f5479f57478588/actions - {"actions":[{"id":"action27","type":"key","parameters":{},"actions":[{"type":"keyDown","value":""},{"type":"pause","duration":10},{"type":"keyUp","value":""}]}]}
RESULT: {"actions":[{"id":"action27","type":"key","parameters":{},"actions":[{"type":"keyDown","value":""},{"type":"pause","duration":10},{"type":"keyUp","value":""}]}]}
COMMAND: GET /session/3e4ceb57b36163f530f5479f57478588/screenshot - {}
RESULT: {}
COMMAND: POST /session/3e4ceb57b36163f530f5479f57478588/element - {"using":"xpath","value":"//span[contains(text(), \"General Management\")]"}
RESULT: {"using":"xpath","value":"//span[contains(text(), \"General Management\")]"}
COMMAND: POST /session/3e4ceb57b36163f530f5479f57478588/element/f.504C58434384A4EE898B1C568961733A.d.2EC66A1E28ABCB3FB3C6676E32A2F9E0.e.8483/click - {}
RESULT: {}
COMMAND: GET /session/3e4ceb57b36163f530f5479f57478588/screenshot - {}
RESULT: {}
COMMAND: POST /session/3e4ceb57b36163f530f5479f57478588/element - {"using":"xpath","value":"//bdi[contains(text(), \"OK\")]"}
RESULT: {"using":"xpath","value":"//bdi[contains(text(), \"OK\")]"}
COMMAND: POST /session/3e4ceb57b36163f530f5479f57478588/element/f.504C58434384A4EE898B1C568961733A.d.2EC66A1E28ABCB3FB3C6676E32A2F9E0.e.8484/click - {}
RESULT: {}
COMMAND: GET /session/3e4ceb57b36163f530f5479f57478588/screenshot - {}
RESULT: {}
COMMAND: POST /session/3e4ceb57b36163f530f5479f57478588/element - {"using":"xpath","value":"//input[@id=\"application-managesites-display-component---NewSite--addressDetailDetailsCalendar-inner\"]"}
RESULT: {"using":"xpath","value":"//input[@id=\"application-managesites-display-component---NewSite--addressDetailDetailsCalendar-inner\"]"}
COMMAND: POST /session/3e4ceb57b36163f530f5479f57478588/element/f.504C58434384A4EE898B1C568961733A.d.2EC66A1E28ABCB3FB3C6676E32A2F9E0.e.8230/clear - {}
RESULT: {}
COMMAND: POST /session/3e4ceb57b36163f530f5479f57478588/element/f.504C58434384A4EE898B1C568961733A.d.2EC66A1E28ABCB3FB3C6676E32A2F9E0.e.8230/value - {"text":"Unit"}
COMMAND: GET /session/3e4ceb57b36163f530f5479f57478588/screenshot - {}
RESULT: {"text":"Unit"}
COMMAND: GET /session/3e4ceb57b36163f530f5479f57478588/screenshot - {}
RESULT: {}
RESULT: {}
COMMAND: POST /session/3e4ceb57b36163f530f5479f57478588/actions - {"actions":[{"id":"action28","type":"key","parameters":{},"actions":[{"type":"keyDown","value":""},{"type":"pause","duration":10},{"type":"keyUp","value":""}]}]}
RESULT: {"actions":[{"id":"action28","type":"key","parameters":{},"actions":[{"type":"keyDown","value":""},{"type":"pause","duration":10},{"type":"keyUp","value":""}]}]}
COMMAND: POST /session/3e4ceb57b36163f530f5479f57478588/element - {"using":"xpath","value":"//input[@id=\"application-managesites-display-component---NewSite--addressDetailDetailsYard-inner\"]"}
COMMAND: GET /session/3e4ceb57b36163f530f5479f57478588/screenshot - {}
RESULT: {"using":"xpath","value":"//input[@id=\"application-managesites-display-component---NewSite--addressDetailDetailsYard-inner\"]"}
COMMAND: POST /session/3e4ceb57b36163f530f5479f57478588/element/f.504C58434384A4EE898B1C568961733A.d.2EC66A1E28ABCB3FB3C6676E32A2F9E0.e.8231/clear - {}
RESULT: {}
RESULT: {}
COMMAND: POST /session/3e4ceb57b36163f530f5479f57478588/element/f.504C58434384A4EE898B1C568961733A.d.2EC66A1E28ABCB3FB3C6676E32A2F9E0.e.8231/value - {"text":"259"}
COMMAND: GET /session/3e4ceb57b36163f530f5479f57478588/screenshot - {}
RESULT: {"text":"259"}
COMMAND: GET /session/3e4ceb57b36163f530f5479f57478588/screenshot - {}
RESULT: {}
RESULT: {}
COMMAND: POST /session/3e4ceb57b36163f530f5479f57478588/element - {"using":"xpath","value":"//li[.//span[text()='259']]"}
RESULT: {"using":"xpath","value":"//li[.//span[text()='259']]"}
COMMAND: POST /session/3e4ceb57b36163f530f5479f57478588/element/f.504C58434384A4EE898B1C568961733A.d.2EC66A1E28ABCB3FB3C6676E32A2F9E0.e.8492/click - {}
RESULT: {}
COMMAND: GET /session/3e4ceb57b36163f530f5479f57478588/screenshot - {}
RESULT: {}
COMMAND: POST /session/3e4ceb57b36163f530f5479f57478588/element - {"using":"xpath","value":"//input[@id=\"application-managesites-display-component---NewSite--addressDetailDetailsPartner-inner\"]"}
RESULT: {"using":"xpath","value":"//input[@id=\"application-managesites-display-component---NewSite--addressDetailDetailsPartner-inner\"]"}
COMMAND: POST /session/3e4ceb57b36163f530f5479f57478588/element - {"using":"xpath","value":"//input[@id=\"application-managesites-display-component---NewSite--addressDetailDetailsPartner-inner\"]"}
RESULT: {"using":"xpath","value":"//input[@id=\"application-managesites-display-component---NewSite--addressDetailDetailsPartner-inner\"]"}
COMMAND: POST /session/3e4ceb57b36163f530f5479f57478588/element - {"using":"xpath","value":"//button[@data-kt=\"saveButton\"]"}
RESULT: {"using":"xpath","value":"//button[@data-kt=\"saveButton\"]"}
COMMAND: POST /session/3e4ceb57b36163f530f5479f57478588/element/f.504C58434384A4EE898B1C568961733A.d.2EC66A1E28ABCB3FB3C6676E32A2F9E0.e.8419/click - {}
RESULT: {}
COMMAND: GET /session/3e4ceb57b36163f530f5479f57478588/screenshot - {}
RESULT: {}
COMMAND: POST /session/3e4ceb57b36163f530f5479f57478588/element - {"using":"xpath","value":"//header[contains(@id, 'ObjectPageLayout-headerTitle')]/div[1]/div[2]/div[2]/span[1]"}
RESULT: {"using":"xpath","value":"//header[contains(@id, 'ObjectPageLayout-headerTitle')]/div[1]/div[2]/div[2]/span[1]"}
COMMAND: POST /session/3e4ceb57b36163f530f5479f57478588/elements - {"using":"xpath","value":"//header[contains(@id, 'ObjectPageLayout-headerTitle')]/div[1]/div[2]/div[2]/span[1]"}
RESULT: {"using":"xpath","value":"//header[contains(@id, 'ObjectPageLayout-headerTitle')]/div[1]/div[2]/div[2]/span[1]"}
COMMAND: POST /session/3e4ceb57b36163f530f5479f57478588/execute/sync - {"script":"<script> [56 bytes]","args":[{"element-6066-11e4-a52e-4f735466cecf":"f.504C58434384A4EE898B1C568961733A.d.2EC66A1E28ABCB3FB3C6676E32A2F9E0.e.8696","ELEMENT":"f.504C58434384A4EE898B1C568961733A.d.2EC66A1E28ABCB3FB3C6676E32A2F9E0.e.8696"}]}
RESULT: {"script":"<script> [56 bytes]","args":[{"element-6066-11e4-a52e-4f735466cecf":"f.504C58434384A4EE898B1C568961733A.d.2EC66A1E28ABCB3FB3C6676E32A2F9E0.e.8696","ELEMENT":"f.504C58434384A4EE898B1C568961733A.d.2EC66A1E28ABCB3FB3C6676E32A2F9E0.e.8696"}]}
COMMAND: POST /session/3e4ceb57b36163f530f5479f57478588/element - {"using":"css selector","value":"#shell-header-logo"}
COMMAND: GET /session/3e4ceb57b36163f530f5479f57478588/screenshot - {}
RESULT: {"using":"css selector","value":"#shell-header-logo"}
COMMAND: POST /session/3e4ceb57b36163f530f5479f57478588/element/f.504C58434384A4EE898B1C568961733A.d.2EC66A1E28ABCB3FB3C6676E32A2F9E0.e.7778/click - {}
RESULT: {}
RESULT: {}
COMMAND: GET /session/3e4ceb57b36163f530f5479f57478588/screenshot - {}
RESULT: {}
]]></system-out>
    </testcase>
    <testcase classname="chrome.135_0_7049_42.windows.Billing_Transfer_-_Intracompany_US127249" name="Should create a new equipment" time="109.077">
      <system-out><![CDATA[
COMMAND: POST /session/3e4ceb57b36163f530f5479f57478588/execute/async - {"script":"<script> [1562 bytes]","args":[{"selector":{"controlType":"sap.m.GenericTile","properties":{"header":"Manage Resources"}},"wdio_ui5_key":"sapm.GenericTile{\"header\":\"Manage Resources\"}"}]}
RESULT: {"script":"<script> [1562 bytes]","args":[{"selector":{"controlType":"sap.m.GenericTile","properties":{"header":"Manage Resources"}},"wdio_ui5_key":"sapm.GenericTile{\"header\":\"Manage Resources\"}"}]}
RESULT: undefined
COMMAND: POST /session/3e4ceb57b36163f530f5479f57478588/element - {"using":"xpath","value":"//*[@id=\"__tile39\"]"}
RESULT: {"using":"xpath","value":"//*[@id=\"__tile39\"]"}
COMMAND: POST /session/3e4ceb57b36163f530f5479f57478588/element/f.504C58434384A4EE898B1C568961733A.d.2EC66A1E28ABCB3FB3C6676E32A2F9E0.e.8698/click - {}
RESULT: {}
COMMAND: POST /session/3e4ceb57b36163f530f5479f57478588/element - {"using":"xpath","value":"//button[@data-kt=\"addNewRUOverflowToolbarButton\"]"}
COMMAND: GET /session/3e4ceb57b36163f530f5479f57478588/screenshot - {}
RESULT: {"using":"xpath","value":"//button[@data-kt=\"addNewRUOverflowToolbarButton\"]"}
COMMAND: POST /session/3e4ceb57b36163f530f5479f57478588/elements - {"using":"xpath","value":"//button[@data-kt=\"addNewRUOverflowToolbarButton\"]"}
RESULT: {}
RESULT: undefined
RESULT: undefined
RESULT: {"using":"xpath","value":"//button[@data-kt=\"addNewRUOverflowToolbarButton\"]"}
COMMAND: POST /session/3e4ceb57b36163f530f5479f57478588/element - {"using":"xpath","value":"//button[@data-kt=\"addNewRUOverflowToolbarButton\"]"}
RESULT: {"using":"xpath","value":"//button[@data-kt=\"addNewRUOverflowToolbarButton\"]"}
COMMAND: POST /session/3e4ceb57b36163f530f5479f57478588/execute/sync - {"script":"<script> [8489 bytes]","args":[{"element-6066-11e4-a52e-4f735466cecf":"f.504C58434384A4EE898B1C568961733A.d.2EC66A1E28ABCB3FB3C6676E32A2F9E0.e.8739","ELEMENT":"f.504C58434384A4EE898B1C568961733A.d.2EC66A1E28ABCB3FB3C6676E32A2F9E0.e.8739"}]}
RESULT: {"script":"<script> [8489 bytes]","args":[{"element-6066-11e4-a52e-4f735466cecf":"f.504C58434384A4EE898B1C568961733A.d.2EC66A1E28ABCB3FB3C6676E32A2F9E0.e.8739","ELEMENT":"f.504C58434384A4EE898B1C568961733A.d.2EC66A1E28ABCB3FB3C6676E32A2F9E0.e.8739"}]}
COMMAND: GET /session/3e4ceb57b36163f530f5479f57478588/element/f.504C58434384A4EE898B1C568961733A.d.2EC66A1E28ABCB3FB3C6676E32A2F9E0.e.8739/enabled - {}
COMMAND: GET /session/3e4ceb57b36163f530f5479f57478588/screenshot - {}
RESULT: {}
COMMAND: POST /session/3e4ceb57b36163f530f5479f57478588/execute/sync - {"script":"<script> [8489 bytes]","args":[{"element-6066-11e4-a52e-4f735466cecf":"f.504C58434384A4EE898B1C568961733A.d.2EC66A1E28ABCB3FB3C6676E32A2F9E0.e.8739","ELEMENT":"f.504C58434384A4EE898B1C568961733A.d.2EC66A1E28ABCB3FB3C6676E32A2F9E0.e.8739"}]}
COMMAND: GET /session/3e4ceb57b36163f530f5479f57478588/screenshot - {}
RESULT: {}
RESULT: {"script":"<script> [8489 bytes]","args":[{"element-6066-11e4-a52e-4f735466cecf":"f.504C58434384A4EE898B1C568961733A.d.2EC66A1E28ABCB3FB3C6676E32A2F9E0.e.8739","ELEMENT":"f.504C58434384A4EE898B1C568961733A.d.2EC66A1E28ABCB3FB3C6676E32A2F9E0.e.8739"}]}
COMMAND: POST /session/3e4ceb57b36163f530f5479f57478588/execute/sync - {"script":"<script> [5351 bytes]","args":[{"element-6066-11e4-a52e-4f735466cecf":"f.504C58434384A4EE898B1C568961733A.d.2EC66A1E28ABCB3FB3C6676E32A2F9E0.e.8739","ELEMENT":"f.504C58434384A4EE898B1C568961733A.d.2EC66A1E28ABCB3FB3C6676E32A2F9E0.e.8739"}]}
COMMAND: GET /session/3e4ceb57b36163f530f5479f57478588/screenshot - {}
RESULT: {}
RESULT: {"script":"<script> [5351 bytes]","args":[{"element-6066-11e4-a52e-4f735466cecf":"f.504C58434384A4EE898B1C568961733A.d.2EC66A1E28ABCB3FB3C6676E32A2F9E0.e.8739","ELEMENT":"f.504C58434384A4EE898B1C568961733A.d.2EC66A1E28ABCB3FB3C6676E32A2F9E0.e.8739"}]}
COMMAND: POST /session/3e4ceb57b36163f530f5479f57478588/element/f.504C58434384A4EE898B1C568961733A.d.2EC66A1E28ABCB3FB3C6676E32A2F9E0.e.8739/click - {}
COMMAND: GET /session/3e4ceb57b36163f530f5479f57478588/screenshot - {}
RESULT: {}
RESULT: {}
COMMAND: GET /session/3e4ceb57b36163f530f5479f57478588/screenshot - {}
COMMAND: POST /session/3e4ceb57b36163f530f5479f57478588/execute/async - {"script":"<script> [1562 bytes]","args":[{"selector":{"id":"application-manageresources-display-component---newResourceUnit--TYPE-arrow"},"wdio_ui5_key":"applicationmanageresources-display-component---newResourceUnit--TYPE-arrow"}]}
RESULT: {}
RESULT: {}
RESULT: {"script":"<script> [1562 bytes]","args":[{"selector":{"id":"application-manageresources-display-component---newResourceUnit--TYPE-arrow"},"wdio_ui5_key":"applicationmanageresources-display-component---newResourceUnit--TYPE-arrow"}]}
RESULT: undefined
COMMAND: POST /session/3e4ceb57b36163f530f5479f57478588/element - {"using":"xpath","value":"//*[@id=\"application-manageresources-display-component---newResourceUnit--TYPE-arrow\"]"}
RESULT: {"using":"xpath","value":"//*[@id=\"application-manageresources-display-component---newResourceUnit--TYPE-arrow\"]"}
COMMAND: POST /session/3e4ceb57b36163f530f5479f57478588/element/f.504C58434384A4EE898B1C568961733A.d.2EC66A1E28ABCB3FB3C6676E32A2F9E0.e.9095/click - {}
RESULT: {}
COMMAND: POST /session/3e4ceb57b36163f530f5479f57478588/element - {"using":"xpath","value":"//input[@id=\"application-manageresources-display-component---newResourceUnit--TYPE-inner\"]"}
COMMAND: GET /session/3e4ceb57b36163f530f5479f57478588/screenshot - {}
RESULT: {"using":"xpath","value":"//input[@id=\"application-manageresources-display-component---newResourceUnit--TYPE-inner\"]"}
COMMAND: POST /session/3e4ceb57b36163f530f5479f57478588/element/f.504C58434384A4EE898B1C568961733A.d.2EC66A1E28ABCB3FB3C6676E32A2F9E0.e.9079/clear - {}
RESULT: {}
RESULT: {}
COMMAND: POST /session/3e4ceb57b36163f530f5479f57478588/element/f.504C58434384A4EE898B1C568961733A.d.2EC66A1E28ABCB3FB3C6676E32A2F9E0.e.9079/value - {"text":"Equipment"}
COMMAND: GET /session/3e4ceb57b36163f530f5479f57478588/screenshot - {}
RESULT: {"text":"Equipment"}
COMMAND: GET /session/3e4ceb57b36163f530f5479f57478588/screenshot - {}
RESULT: {}
RESULT: {}
COMMAND: POST /session/3e4ceb57b36163f530f5479f57478588/actions - {"actions":[{"id":"action29","type":"key","parameters":{},"actions":[{"type":"keyDown","value":""},{"type":"pause","duration":10},{"type":"keyUp","value":""}]}]}
RESULT: {"actions":[{"id":"action29","type":"key","parameters":{},"actions":[{"type":"keyDown","value":""},{"type":"pause","duration":10},{"type":"keyUp","value":""}]}]}
COMMAND: POST /session/3e4ceb57b36163f530f5479f57478588/execute/async - {"script":"<script> [1562 bytes]","args":[{"selector":{"id":"application-manageresources-display-component---newResourceUnit--resourceId","interaction":{"idSuffix":"inner"}},"wdio_ui5_key":"applicationmanageresources-display-component---newResourceUnit--resourceId"}]}
COMMAND: GET /session/3e4ceb57b36163f530f5479f57478588/screenshot - {}
RESULT: {"script":"<script> [1562 bytes]","args":[{"selector":{"id":"application-manageresources-display-component---newResourceUnit--resourceId","interaction":{"idSuffix":"inner"}},"wdio_ui5_key":"applicationmanageresources-display-component---newResourceUnit--resourceId"}]}
RESULT: undefined
COMMAND: POST /session/3e4ceb57b36163f530f5479f57478588/execute/async - {"script":"<script> [776 bytes]","args":[{"enterText":"1Oex9CLRry","selector":{"id":"application-manageresources-display-component---newResourceUnit--resourceId","interaction":{"idSuffix":"inner"}},"clearTextFirst":true,"interactionType":"ENTER_TEXT"}]}
RESULT: {}
RESULT: {"script":"<script> [776 bytes]","args":[{"enterText":"1Oex9CLRry","selector":{"id":"application-manageresources-display-component---newResourceUnit--resourceId","interaction":{"idSuffix":"inner"}},"clearTextFirst":true,"interactionType":"ENTER_TEXT"}]}
COMMAND: POST /session/3e4ceb57b36163f530f5479f57478588/execute/async - {"script":"<script> [1562 bytes]","args":[{"selector":{"id":"application-manageresources-display-component---newResourceUnit--SHORT_TEXT","interaction":{"idSuffix":"inner"}},"wdio_ui5_key":"applicationmanageresources-display-component---newResourceUnit--SHORT_TEXT"}]}
RESULT: {"script":"<script> [1562 bytes]","args":[{"selector":{"id":"application-manageresources-display-component---newResourceUnit--SHORT_TEXT","interaction":{"idSuffix":"inner"}},"wdio_ui5_key":"applicationmanageresources-display-component---newResourceUnit--SHORT_TEXT"}]}
RESULT: undefined
COMMAND: POST /session/3e4ceb57b36163f530f5479f57478588/execute/async - {"script":"<script> [776 bytes]","args":[{"enterText":"Intercompany Equipment WDIO","selector":{"id":"application-manageresources-display-component---newResourceUnit--SHORT_TEXT","interaction":{"idSuffix":"inner"}},"clearTextFirst":true,"interactionType":"ENTER_TEXT"}]}
RESULT: {"script":"<script> [776 bytes]","args":[{"enterText":"Intercompany Equipment WDIO","selector":{"id":"application-manageresources-display-component---newResourceUnit--SHORT_TEXT","interaction":{"idSuffix":"inner"}},"clearTextFirst":true,"interactionType":"ENTER_TEXT"}]}
COMMAND: POST /session/3e4ceb57b36163f530f5479f57478588/execute/async - {"script":"<script> [1562 bytes]","args":[{"selector":{"id":"application-manageresources-display-component---newResourceUnit--BASE_UNIT_OF_MEASURE","interaction":{"idSuffix":"inner"}},"wdio_ui5_key":"applicationmanageresources-display-component---newResourceUnit--BASE_UNIT_OF_MEASURE"}]}
RESULT: {"script":"<script> [1562 bytes]","args":[{"selector":{"id":"application-manageresources-display-component---newResourceUnit--BASE_UNIT_OF_MEASURE","interaction":{"idSuffix":"inner"}},"wdio_ui5_key":"applicationmanageresources-display-component---newResourceUnit--BASE_UNIT_OF_MEASURE"}]}
RESULT: undefined
COMMAND: POST /session/3e4ceb57b36163f530f5479f57478588/execute/async - {"script":"<script> [776 bytes]","args":[{"enterText":"Piece","selector":{"id":"application-manageresources-display-component---newResourceUnit--BASE_UNIT_OF_MEASURE","interaction":{"idSuffix":"inner"}},"clearTextFirst":true,"interactionType":"ENTER_TEXT"}]}
RESULT: {"script":"<script> [776 bytes]","args":[{"enterText":"Piece","selector":{"id":"application-manageresources-display-component---newResourceUnit--BASE_UNIT_OF_MEASURE","interaction":{"idSuffix":"inner"}},"clearTextFirst":true,"interactionType":"ENTER_TEXT"}]}
COMMAND: POST /session/3e4ceb57b36163f530f5479f57478588/execute/async - {"script":"<script> [1562 bytes]","args":[{"selector":{"id":"application-manageresources-display-component---newResourceUnit--WEIGHT_UNIT","interaction":{"idSuffix":"inner"}},"wdio_ui5_key":"applicationmanageresources-display-component---newResourceUnit--WEIGHT_UNIT"}]}
RESULT: {"script":"<script> [1562 bytes]","args":[{"selector":{"id":"application-manageresources-display-component---newResourceUnit--WEIGHT_UNIT","interaction":{"idSuffix":"inner"}},"wdio_ui5_key":"applicationmanageresources-display-component---newResourceUnit--WEIGHT_UNIT"}]}
RESULT: undefined
COMMAND: POST /session/3e4ceb57b36163f530f5479f57478588/execute/async - {"script":"<script> [776 bytes]","args":[{"enterText":"Gram","selector":{"id":"application-manageresources-display-component---newResourceUnit--WEIGHT_UNIT","interaction":{"idSuffix":"inner"}},"clearTextFirst":true,"interactionType":"ENTER_TEXT"}]}
RESULT: {"script":"<script> [776 bytes]","args":[{"enterText":"Gram","selector":{"id":"application-manageresources-display-component---newResourceUnit--WEIGHT_UNIT","interaction":{"idSuffix":"inner"}},"clearTextFirst":true,"interactionType":"ENTER_TEXT"}]}
COMMAND: POST /session/3e4ceb57b36163f530f5479f57478588/execute/async - {"script":"<script> [1562 bytes]","args":[{"selector":{"id":"application-manageresources-display-component---newResourceUnit--DIMENSION_UNIT","interaction":{"idSuffix":"inner"}},"wdio_ui5_key":"applicationmanageresources-display-component---newResourceUnit--DIMENSION_UNIT"}]}
RESULT: {"script":"<script> [1562 bytes]","args":[{"selector":{"id":"application-manageresources-display-component---newResourceUnit--DIMENSION_UNIT","interaction":{"idSuffix":"inner"}},"wdio_ui5_key":"applicationmanageresources-display-component---newResourceUnit--DIMENSION_UNIT"}]}
RESULT: undefined
COMMAND: POST /session/3e4ceb57b36163f530f5479f57478588/execute/async - {"script":"<script> [776 bytes]","args":[{"enterText":"Meter","selector":{"id":"application-manageresources-display-component---newResourceUnit--DIMENSION_UNIT","interaction":{"idSuffix":"inner"}},"clearTextFirst":true,"interactionType":"ENTER_TEXT"}]}
RESULT: {"script":"<script> [776 bytes]","args":[{"enterText":"Meter","selector":{"id":"application-manageresources-display-component---newResourceUnit--DIMENSION_UNIT","interaction":{"idSuffix":"inner"}},"clearTextFirst":true,"interactionType":"ENTER_TEXT"}]}
COMMAND: POST /session/3e4ceb57b36163f530f5479f57478588/execute/async - {"script":"<script> [1562 bytes]","args":[{"selector":{"id":"application-manageresources-display-component---newResourceUnit--newRRUPage-anchBar-application-manageresources-display-component---newResourceUnit--control-anchor","interaction":{"idSuffix":"BDI-content"}},"wdio_ui5_key":"applicationmanageresources-display-component---newResourceUnit--newRRUPage-anchBar-application-manageresources-display-component---newResourceUnit--control-anchor"}]}
RESULT: {"script":"<script> [1562 bytes]","args":[{"selector":{"id":"application-manageresources-display-component---newResourceUnit--newRRUPage-anchBar-application-manageresources-display-component---newResourceUnit--control-anchor","interaction":{"idSuffix":"BDI-content"}},"wdio_ui5_key":"applicationmanageresources-display-component---newResourceUnit--newRRUPage-anchBar-application-manageresources-display-component---newResourceUnit--control-anchor"}]}
RESULT: undefined
COMMAND: POST /session/3e4ceb57b36163f530f5479f57478588/element - {"using":"xpath","value":"//*[@id=\"application-manageresources-display-component---newResourceUnit--newRRUPage-anchBar-application-manageresources-display-component---newResourceUnit--control-anchor\"]"}
RESULT: {"using":"xpath","value":"//*[@id=\"application-manageresources-display-component---newResourceUnit--newRRUPage-anchBar-application-manageresources-display-component---newResourceUnit--control-anchor\"]"}
COMMAND: POST /session/3e4ceb57b36163f530f5479f57478588/element/f.504C58434384A4EE898B1C568961733A.d.2EC66A1E28ABCB3FB3C6676E32A2F9E0.e.9227/click - {}
RESULT: {}
COMMAND: POST /session/3e4ceb57b36163f530f5479f57478588/execute/async - {"script":"<script> [1562 bytes]","args":[{"selector":{"id":"application-manageresources-display-component---newResourceUnit--PLANNING_GROUP","interaction":{"idSuffix":"inner"}},"wdio_ui5_key":"applicationmanageresources-display-component---newResourceUnit--PLANNING_GROUP"}]}
COMMAND: GET /session/3e4ceb57b36163f530f5479f57478588/screenshot - {}
RESULT: {"script":"<script> [1562 bytes]","args":[{"selector":{"id":"application-manageresources-display-component---newResourceUnit--PLANNING_GROUP","interaction":{"idSuffix":"inner"}},"wdio_ui5_key":"applicationmanageresources-display-component---newResourceUnit--PLANNING_GROUP"}]}
RESULT: undefined
COMMAND: POST /session/3e4ceb57b36163f530f5479f57478588/execute/async - {"script":"<script> [776 bytes]","args":[{"enterText":"Heavy Equi","selector":{"id":"application-manageresources-display-component---newResourceUnit--PLANNING_GROUP","interaction":{"idSuffix":"inner"}},"clearTextFirst":true,"interactionType":"ENTER_TEXT"}]}
RESULT: {}
RESULT: {"script":"<script> [776 bytes]","args":[{"enterText":"Heavy Equi","selector":{"id":"application-manageresources-display-component---newResourceUnit--PLANNING_GROUP","interaction":{"idSuffix":"inner"}},"clearTextFirst":true,"interactionType":"ENTER_TEXT"}]}
COMMAND: POST /session/3e4ceb57b36163f530f5479f57478588/execute/async - {"script":"<script> [1562 bytes]","args":[{"selector":{"id":"application-manageresources-display-component---newResourceUnit--ITEM_TYPE-arrow"},"wdio_ui5_key":"applicationmanageresources-display-component---newResourceUnit--ITEM_TYPE-arrow"}]}
RESULT: {"script":"<script> [1562 bytes]","args":[{"selector":{"id":"application-manageresources-display-component---newResourceUnit--ITEM_TYPE-arrow"},"wdio_ui5_key":"applicationmanageresources-display-component---newResourceUnit--ITEM_TYPE-arrow"}]}
RESULT: undefined
COMMAND: POST /session/3e4ceb57b36163f530f5479f57478588/element - {"using":"xpath","value":"//*[@id=\"application-manageresources-display-component---newResourceUnit--ITEM_TYPE-arrow\"]"}
RESULT: {"using":"xpath","value":"//*[@id=\"application-manageresources-display-component---newResourceUnit--ITEM_TYPE-arrow\"]"}
COMMAND: POST /session/3e4ceb57b36163f530f5479f57478588/element/f.504C58434384A4EE898B1C568961733A.d.2EC66A1E28ABCB3FB3C6676E32A2F9E0.e.9235/click - {}
RESULT: {}
COMMAND: POST /session/3e4ceb57b36163f530f5479f57478588/element - {"using":"xpath","value":"(//span[contains(text(), \"Resource Unit\")])[2]"}
COMMAND: GET /session/3e4ceb57b36163f530f5479f57478588/screenshot - {}
RESULT: {"using":"xpath","value":"(//span[contains(text(), \"Resource Unit\")])[2]"}
COMMAND: POST /session/3e4ceb57b36163f530f5479f57478588/element/f.504C58434384A4EE898B1C568961733A.d.2EC66A1E28ABCB3FB3C6676E32A2F9E0.e.9236/click - {}
RESULT: {}
RESULT: {}
COMMAND: GET /session/3e4ceb57b36163f530f5479f57478588/screenshot - {}
RESULT: {}
COMMAND: POST /session/3e4ceb57b36163f530f5479f57478588/element - {"using":"css selector","value":"#application-manageresources-display-component---newResourceUnit--btnAddTimeSegment"}
RESULT: {"using":"css selector","value":"#application-manageresources-display-component---newResourceUnit--btnAddTimeSegment"}
COMMAND: GET /session/3e4ceb57b36163f530f5479f57478588/element/f.504C58434384A4EE898B1C568961733A.d.2EC66A1E28ABCB3FB3C6676E32A2F9E0.e.9237/rect - {}
RESULT: {}
COMMAND: GET /session/3e4ceb57b36163f530f5479f57478588/window/rect - {}
RESULT: {}
COMMAND: POST /session/3e4ceb57b36163f530f5479f57478588/execute/sync - {"script":"<script> [92 bytes]","args":[]}
RESULT: {"script":"<script> [92 bytes]","args":[]}
COMMAND: POST /session/3e4ceb57b36163f530f5479f57478588/actions - {"actions":[{"id":"action30","type":"wheel","parameters":{},"actions":[{"type":"scroll","x":-1888,"y":-32,"deltaX":0,"deltaY":0,"duration":0,"origin":{"element-6066-11e4-a52e-4f735466cecf":"f.504C58434384A4EE898B1C568961733A.d.2EC66A1E28ABCB3FB3C6676E32A2F9E0.e.9237"}}]}]}
COMMAND: GET /session/3e4ceb57b36163f530f5479f57478588/screenshot - {}
RESULT: {}
COMMAND: POST /session/3e4ceb57b36163f530f5479f57478588/execute/sync - {"script":"<script> [79 bytes]","args":[{"element-6066-11e4-a52e-4f735466cecf":"f.504C58434384A4EE898B1C568961733A.d.2EC66A1E28ABCB3FB3C6676E32A2F9E0.e.9237","ELEMENT":"f.504C58434384A4EE898B1C568961733A.d.2EC66A1E28ABCB3FB3C6676E32A2F9E0.e.9237"},{"block":"start","inline":"nearest"}]}
RESULT: {"script":"<script> [79 bytes]","args":[{"element-6066-11e4-a52e-4f735466cecf":"f.504C58434384A4EE898B1C568961733A.d.2EC66A1E28ABCB3FB3C6676E32A2F9E0.e.9237","ELEMENT":"f.504C58434384A4EE898B1C568961733A.d.2EC66A1E28ABCB3FB3C6676E32A2F9E0.e.9237"},{"block":"start","inline":"nearest"}]}
COMMAND: POST /session/3e4ceb57b36163f530f5479f57478588/execute/async - {"script":"<script> [1562 bytes]","args":[{"selector":{"id":"application-manageresources-display-component---newResourceUnit--btnAddTimeSegment","interaction":{"idSuffix":"inner"}},"wdio_ui5_key":"applicationmanageresources-display-component---newResourceUnit--btnAddTimeSegment"}]}
COMMAND: GET /session/3e4ceb57b36163f530f5479f57478588/screenshot - {}
RESULT: {"script":"<script> [1562 bytes]","args":[{"selector":{"id":"application-manageresources-display-component---newResourceUnit--btnAddTimeSegment","interaction":{"idSuffix":"inner"}},"wdio_ui5_key":"applicationmanageresources-display-component---newResourceUnit--btnAddTimeSegment"}]}
RESULT: undefined
COMMAND: POST /session/3e4ceb57b36163f530f5479f57478588/element - {"using":"xpath","value":"//*[@id=\"application-manageresources-display-component---newResourceUnit--btnAddTimeSegment\"]"}
RESULT: {}
RESULT: {"using":"xpath","value":"//*[@id=\"application-manageresources-display-component---newResourceUnit--btnAddTimeSegment\"]"}
COMMAND: POST /session/3e4ceb57b36163f530f5479f57478588/element/f.504C58434384A4EE898B1C568961733A.d.2EC66A1E28ABCB3FB3C6676E32A2F9E0.e.9237/click - {}
RESULT: {}
COMMAND: GET /session/3e4ceb57b36163f530f5479f57478588/screenshot - {}
RESULT: {}
COMMAND: POST /session/3e4ceb57b36163f530f5479f57478588/element - {"using":"xpath","value":"//input[@id=\"application-manageresources-display-component---newResourceUnit--idRuTSAdmin-application-manageresources-display-component---newResourceUnit--RUTimeSegment-0-inner\"]"}
RESULT: {"using":"xpath","value":"//input[@id=\"application-manageresources-display-component---newResourceUnit--idRuTSAdmin-application-manageresources-display-component---newResourceUnit--RUTimeSegment-0-inner\"]"}
COMMAND: POST /session/3e4ceb57b36163f530f5479f57478588/element/f.504C58434384A4EE898B1C568961733A.d.2EC66A1E28ABCB3FB3C6676E32A2F9E0.e.9243/clear - {}
RESULT: {}
COMMAND: POST /session/3e4ceb57b36163f530f5479f57478588/element/f.504C58434384A4EE898B1C568961733A.d.2EC66A1E28ABCB3FB3C6676E32A2F9E0.e.9243/value - {"text":"259"}
COMMAND: GET /session/3e4ceb57b36163f530f5479f57478588/screenshot - {}
RESULT: {"text":"259"}
COMMAND: GET /session/3e4ceb57b36163f530f5479f57478588/screenshot - {}
RESULT: {}
RESULT: {}
COMMAND: POST /session/3e4ceb57b36163f530f5479f57478588/element - {"using":"xpath","value":"//li[.//span[text()='259']]"}
RESULT: {"using":"xpath","value":"//li[.//span[text()='259']]"}
COMMAND: POST /session/3e4ceb57b36163f530f5479f57478588/element/f.504C58434384A4EE898B1C568961733A.d.2EC66A1E28ABCB3FB3C6676E32A2F9E0.e.9255/click - {}
RESULT: {}
COMMAND: GET /session/3e4ceb57b36163f530f5479f57478588/screenshot - {}
RESULT: {}
COMMAND: POST /session/3e4ceb57b36163f530f5479f57478588/element - {"using":"xpath","value":"(//span[contains(@id, \"-application-manageresources-display-component---newResourceUnit--RUTimeSegment-0-arrow\")])[6]"}
RESULT: {"using":"xpath","value":"(//span[contains(@id, \"-application-manageresources-display-component---newResourceUnit--RUTimeSegment-0-arrow\")])[6]"}
COMMAND: POST /session/3e4ceb57b36163f530f5479f57478588/element/f.504C58434384A4EE898B1C568961733A.d.2EC66A1E28ABCB3FB3C6676E32A2F9E0.e.9256/click - {}
RESULT: {}
COMMAND: POST /session/3e4ceb57b36163f530f5479f57478588/element - {"using":"xpath","value":"//span[contains(text(), \"PM Order\")]"}
COMMAND: GET /session/3e4ceb57b36163f530f5479f57478588/screenshot - {}
RESULT: {"using":"xpath","value":"//span[contains(text(), \"PM Order\")]"}
COMMAND: POST /session/3e4ceb57b36163f530f5479f57478588/element/f.504C58434384A4EE898B1C568961733A.d.2EC66A1E28ABCB3FB3C6676E32A2F9E0.e.9259/click - {}
RESULT: {}
RESULT: {}
COMMAND: GET /session/3e4ceb57b36163f530f5479f57478588/screenshot - {}
RESULT: {}
COMMAND: POST /session/3e4ceb57b36163f530f5479f57478588/element - {"using":"xpath","value":"(//span[contains(@id ,\"manageresources-display-component---newResourceUnit--RUTimeSegment-0-vhi\")])[2]"}
RESULT: {"using":"xpath","value":"(//span[contains(@id ,\"manageresources-display-component---newResourceUnit--RUTimeSegment-0-vhi\")])[2]"}
COMMAND: POST /session/3e4ceb57b36163f530f5479f57478588/element/f.504C58434384A4EE898B1C568961733A.d.2EC66A1E28ABCB3FB3C6676E32A2F9E0.e.9262/click - {}
RESULT: {}
COMMAND: GET /session/3e4ceb57b36163f530f5479f57478588/screenshot - {}
RESULT: {}
RESULT: undefined
COMMAND: POST /session/3e4ceb57b36163f530f5479f57478588/execute/async - {"script":"<script> [776 bytes]","args":[{"enterText":"4000360","selector":{"controlType":"sap.m.SearchField","properties":{"placeholder":"Search"},"searchOpenDialogs":true,"interaction":{"idSuffix":"I"}},"clearTextFirst":true,"interactionType":"ENTER_TEXT"}]}
RESULT: {"script":"<script> [776 bytes]","args":[{"enterText":"4000360","selector":{"controlType":"sap.m.SearchField","properties":{"placeholder":"Search"},"searchOpenDialogs":true,"interaction":{"idSuffix":"I"}},"clearTextFirst":true,"interactionType":"ENTER_TEXT"}]}
COMMAND: POST /session/3e4ceb57b36163f530f5479f57478588/actions - {"actions":[{"id":"action31","type":"key","parameters":{},"actions":[{"type":"keyDown","value":""},{"type":"pause","duration":10},{"type":"keyUp","value":""}]}]}
RESULT: {"actions":[{"id":"action31","type":"key","parameters":{},"actions":[{"type":"keyDown","value":""},{"type":"pause","duration":10},{"type":"keyUp","value":""}]}]}
COMMAND: GET /session/3e4ceb57b36163f530f5479f57478588/screenshot - {}
RESULT: {}
COMMAND: POST /session/3e4ceb57b36163f530f5479f57478588/element - {"using":"xpath","value":"//td/div/span[contains(text(), \"BGL Vehicles\")]"}
RESULT: {"using":"xpath","value":"//td/div/span[contains(text(), \"BGL Vehicles\")]"}
COMMAND: POST /session/3e4ceb57b36163f530f5479f57478588/element/f.504C58434384A4EE898B1C568961733A.d.2EC66A1E28ABCB3FB3C6676E32A2F9E0.e.9279/click - {}
RESULT: {}
COMMAND: GET /session/3e4ceb57b36163f530f5479f57478588/screenshot - {}
RESULT: {}
COMMAND: POST /session/3e4ceb57b36163f530f5479f57478588/element - {"using":"xpath","value":"//bdi[contains(text(), \"OK\")]"}
RESULT: {"using":"xpath","value":"//bdi[contains(text(), \"OK\")]"}
COMMAND: POST /session/3e4ceb57b36163f530f5479f57478588/element/f.504C58434384A4EE898B1C568961733A.d.2EC66A1E28ABCB3FB3C6676E32A2F9E0.e.9280/click - {}
RESULT: {}
COMMAND: GET /session/3e4ceb57b36163f530f5479f57478588/screenshot - {}
RESULT: {}
COMMAND: POST /session/3e4ceb57b36163f530f5479f57478588/execute/async - {"script":"<script> [1562 bytes]","args":[{"selector":{"id":"application-manageresources-display-component---newResourceUnit--newRRUPage-anchBar-application-manageresources-display-component---newResourceUnit--resource-anchor","interaction":{"idSuffix":"BDI-content"}},"wdio_ui5_key":"applicationmanageresources-display-component---newResourceUnit--newRRUPage-anchBar-application-manageresources-display-component---newResourceUnit--resource-anchor"}]}
RESULT: {"script":"<script> [1562 bytes]","args":[{"selector":{"id":"application-manageresources-display-component---newResourceUnit--newRRUPage-anchBar-application-manageresources-display-component---newResourceUnit--resource-anchor","interaction":{"idSuffix":"BDI-content"}},"wdio_ui5_key":"applicationmanageresources-display-component---newResourceUnit--newRRUPage-anchBar-application-manageresources-display-component---newResourceUnit--resource-anchor"}]}
RESULT: undefined
COMMAND: POST /session/3e4ceb57b36163f530f5479f57478588/element - {"using":"xpath","value":"//*[@id=\"application-manageresources-display-component---newResourceUnit--newRRUPage-anchBar-application-manageresources-display-component---newResourceUnit--resource-anchor\"]"}
RESULT: {"using":"xpath","value":"//*[@id=\"application-manageresources-display-component---newResourceUnit--newRRUPage-anchBar-application-manageresources-display-component---newResourceUnit--resource-anchor\"]"}
COMMAND: POST /session/3e4ceb57b36163f530f5479f57478588/element/f.504C58434384A4EE898B1C568961733A.d.2EC66A1E28ABCB3FB3C6676E32A2F9E0.e.9284/click - {}
RESULT: {}
COMMAND: POST /session/3e4ceb57b36163f530f5479f57478588/execute/async - {"script":"<script> [1562 bytes]","args":[{"selector":{"id":"application-manageresources-display-component---newResourceUnit--PLANNED_DELIVERY_DATE","interaction":{"idSuffix":"inner"}},"wdio_ui5_key":"applicationmanageresources-display-component---newResourceUnit--PLANNED_DELIVERY_DATE"}]}
COMMAND: GET /session/3e4ceb57b36163f530f5479f57478588/screenshot - {}
RESULT: {"script":"<script> [1562 bytes]","args":[{"selector":{"id":"application-manageresources-display-component---newResourceUnit--PLANNED_DELIVERY_DATE","interaction":{"idSuffix":"inner"}},"wdio_ui5_key":"applicationmanageresources-display-component---newResourceUnit--PLANNED_DELIVERY_DATE"}]}
RESULT: undefined
COMMAND: POST /session/3e4ceb57b36163f530f5479f57478588/execute/async - {"script":"<script> [6424 bytes]","args":[{"element-6066-11e4-a52e-4f735466cecf":"f.504C58434384A4EE898B1C568961733A.d.2EC66A1E28ABCB3FB3C6676E32A2F9E0.e.9150"},"setValue",["4/13/25"]]}
RESULT: {}
RESULT: {"script":"<script> [6424 bytes]","args":[{"element-6066-11e4-a52e-4f735466cecf":"f.504C58434384A4EE898B1C568961733A.d.2EC66A1E28ABCB3FB3C6676E32A2F9E0.e.9150"},"setValue",["4/13/25"]]}
COMMAND: POST /session/3e4ceb57b36163f530f5479f57478588/element - {"using":"xpath","value":"//button[@data-kt=\"resourceUnitSaveButton\"]"}
RESULT: {"using":"xpath","value":"//button[@data-kt=\"resourceUnitSaveButton\"]"}
COMMAND: POST /session/3e4ceb57b36163f530f5479f57478588/element/f.504C58434384A4EE898B1C568961733A.d.2EC66A1E28ABCB3FB3C6676E32A2F9E0.e.9111/click - {}
RESULT: {}
COMMAND: GET /session/3e4ceb57b36163f530f5479f57478588/screenshot - {}
RESULT: {}
COMMAND: POST /session/3e4ceb57b36163f530f5479f57478588/element - {"using":"xpath","value":"//bdi[contains(text(), \"Close\")]"}
RESULT: {"using":"xpath","value":"//bdi[contains(text(), \"Close\")]"}
COMMAND: POST /session/3e4ceb57b36163f530f5479f57478588/element/f.504C58434384A4EE898B1C568961733A.d.2EC66A1E28ABCB3FB3C6676E32A2F9E0.e.9292/click - {}
RESULT: {}
COMMAND: GET /session/3e4ceb57b36163f530f5479f57478588/screenshot - {}
RESULT: {}
COMMAND: POST /session/3e4ceb57b36163f530f5479f57478588/element - {"using":"xpath","value":"(//button[contains(@id ,\"actionsToolbar-overflowButton\")])[1]"}
RESULT: {"using":"xpath","value":"(//button[contains(@id ,\"actionsToolbar-overflowButton\")])[1]"}
COMMAND: POST /session/3e4ceb57b36163f530f5479f57478588/element/f.504C58434384A4EE898B1C568961733A.d.2EC66A1E28ABCB3FB3C6676E32A2F9E0.e.9347/click - {}
RESULT: {}
COMMAND: GET /session/3e4ceb57b36163f530f5479f57478588/screenshot - {}
RESULT: {}
COMMAND: POST /session/3e4ceb57b36163f530f5479f57478588/element - {"using":"xpath","value":"//button[@data-kt=\"priceInfoButton\"]"}
RESULT: {"using":"xpath","value":"//button[@data-kt=\"priceInfoButton\"]"}
COMMAND: POST /session/3e4ceb57b36163f530f5479f57478588/element/f.504C58434384A4EE898B1C568961733A.d.2EC66A1E28ABCB3FB3C6676E32A2F9E0.e.9349/click - {}
RESULT: {}
COMMAND: GET /session/3e4ceb57b36163f530f5479f57478588/screenshot - {}
]]></system-out>
    </testcase>
    <testcase classname="chrome.135_0_7049_42.windows.Billing_Transfer_-_Intracompany_US127249" name="Should create a pricing procedure" time="51.455">
      <system-out><![CDATA[
COMMAND: POST /session/3e4ceb57b36163f530f5479f57478588/element - {"using":"xpath","value":"//button[@data-kt=\"addButton\"]"}
RESULT: {}
RESULT: {"using":"xpath","value":"//button[@data-kt=\"addButton\"]"}
COMMAND: POST /session/3e4ceb57b36163f530f5479f57478588/elements - {"using":"xpath","value":"//button[@data-kt=\"addButton\"]"}
RESULT: {"using":"xpath","value":"//button[@data-kt=\"addButton\"]"}
COMMAND: POST /session/3e4ceb57b36163f530f5479f57478588/execute/sync - {"script":"<script> [8489 bytes]","args":[{"element-6066-11e4-a52e-4f735466cecf":"f.504C58434384A4EE898B1C568961733A.d.2EC66A1E28ABCB3FB3C6676E32A2F9E0.e.9385","ELEMENT":"f.504C58434384A4EE898B1C568961733A.d.2EC66A1E28ABCB3FB3C6676E32A2F9E0.e.9385"}]}
RESULT: {"script":"<script> [8489 bytes]","args":[{"element-6066-11e4-a52e-4f735466cecf":"f.504C58434384A4EE898B1C568961733A.d.2EC66A1E28ABCB3FB3C6676E32A2F9E0.e.9385","ELEMENT":"f.504C58434384A4EE898B1C568961733A.d.2EC66A1E28ABCB3FB3C6676E32A2F9E0.e.9385"}]}
COMMAND: GET /session/3e4ceb57b36163f530f5479f57478588/element/f.504C58434384A4EE898B1C568961733A.d.2EC66A1E28ABCB3FB3C6676E32A2F9E0.e.9385/enabled - {}
COMMAND: GET /session/3e4ceb57b36163f530f5479f57478588/screenshot - {}
RESULT: {}
COMMAND: POST /session/3e4ceb57b36163f530f5479f57478588/execute/sync - {"script":"<script> [8489 bytes]","args":[{"element-6066-11e4-a52e-4f735466cecf":"f.504C58434384A4EE898B1C568961733A.d.2EC66A1E28ABCB3FB3C6676E32A2F9E0.e.9385","ELEMENT":"f.504C58434384A4EE898B1C568961733A.d.2EC66A1E28ABCB3FB3C6676E32A2F9E0.e.9385"}]}
COMMAND: GET /session/3e4ceb57b36163f530f5479f57478588/screenshot - {}
RESULT: {}
RESULT: {"script":"<script> [8489 bytes]","args":[{"element-6066-11e4-a52e-4f735466cecf":"f.504C58434384A4EE898B1C568961733A.d.2EC66A1E28ABCB3FB3C6676E32A2F9E0.e.9385","ELEMENT":"f.504C58434384A4EE898B1C568961733A.d.2EC66A1E28ABCB3FB3C6676E32A2F9E0.e.9385"}]}
COMMAND: POST /session/3e4ceb57b36163f530f5479f57478588/execute/sync - {"script":"<script> [5351 bytes]","args":[{"element-6066-11e4-a52e-4f735466cecf":"f.504C58434384A4EE898B1C568961733A.d.2EC66A1E28ABCB3FB3C6676E32A2F9E0.e.9385","ELEMENT":"f.504C58434384A4EE898B1C568961733A.d.2EC66A1E28ABCB3FB3C6676E32A2F9E0.e.9385"}]}
COMMAND: GET /session/3e4ceb57b36163f530f5479f57478588/screenshot - {}
RESULT: {}
RESULT: {"script":"<script> [5351 bytes]","args":[{"element-6066-11e4-a52e-4f735466cecf":"f.504C58434384A4EE898B1C568961733A.d.2EC66A1E28ABCB3FB3C6676E32A2F9E0.e.9385","ELEMENT":"f.504C58434384A4EE898B1C568961733A.d.2EC66A1E28ABCB3FB3C6676E32A2F9E0.e.9385"}]}
COMMAND: POST /session/3e4ceb57b36163f530f5479f57478588/element/f.504C58434384A4EE898B1C568961733A.d.2EC66A1E28ABCB3FB3C6676E32A2F9E0.e.9385/click - {}
COMMAND: GET /session/3e4ceb57b36163f530f5479f57478588/screenshot - {}
RESULT: {}
RESULT: {}
COMMAND: GET /session/3e4ceb57b36163f530f5479f57478588/screenshot - {}
RESULT: {}
RESULT: {}
COMMAND: POST /session/3e4ceb57b36163f530f5479f57478588/execute/async - {"script":"<script> [1562 bytes]","args":[{"selector":{"controlType":"sap.m.Title","viewName":"etm.portal.ui.managepricingrules.view.NewItem","viewId":"application-managepricingrules-display-component---newInfoPriceItem","properties":{"text":"New Pricing Rules - Item Level"}},"wdio_ui5_key":"etmportal.ui.managepricingrules.view.NewItemsap.m.Title{\"text\":\"New Pricing Rules - Item Level\"}"}]}
RESULT: {"script":"<script> [1562 bytes]","args":[{"selector":{"controlType":"sap.m.Title","viewName":"etm.portal.ui.managepricingrules.view.NewItem","viewId":"application-managepricingrules-display-component---newInfoPriceItem","properties":{"text":"New Pricing Rules - Item Level"}},"wdio_ui5_key":"etmportal.ui.managepricingrules.view.NewItemsap.m.Title{\"text\":\"New Pricing Rules - Item Level\"}"}]}
RESULT: undefined
COMMAND: POST /session/3e4ceb57b36163f530f5479f57478588/execute/async - {"script":"<script> [6424 bytes]","args":[{"element-6066-11e4-a52e-4f735466cecf":"f.504C58434384A4EE898B1C568961733A.d.2EC66A1E28ABCB3FB3C6676E32A2F9E0.e.9557"},"getText",[]]}
RESULT: {"script":"<script> [6424 bytes]","args":[{"element-6066-11e4-a52e-4f735466cecf":"f.504C58434384A4EE898B1C568961733A.d.2EC66A1E28ABCB3FB3C6676E32A2F9E0.e.9557"},"getText",[]]}
COMMAND: POST /session/3e4ceb57b36163f530f5479f57478588/execute/async - {"script":"<script> [1562 bytes]","args":[{"selector":{"id":"application-managepricingrules-display-component---newInfoPriceItem--condValidTo","interaction":{"idSuffix":"inner"}},"wdio_ui5_key":"applicationmanagepricingrules-display-component---newInfoPriceItem--condValidTo"}]}
RESULT: {"script":"<script> [1562 bytes]","args":[{"selector":{"id":"application-managepricingrules-display-component---newInfoPriceItem--condValidTo","interaction":{"idSuffix":"inner"}},"wdio_ui5_key":"applicationmanagepricingrules-display-component---newInfoPriceItem--condValidTo"}]}
RESULT: undefined
COMMAND: POST /session/3e4ceb57b36163f530f5479f57478588/execute/async - {"script":"<script> [776 bytes]","args":[{"enterText":"12/13/25","selector":{"id":"application-managepricingrules-display-component---newInfoPriceItem--condValidTo","interaction":{"idSuffix":"inner"}},"clearTextFirst":true,"interactionType":"ENTER_TEXT"}]}
RESULT: {"script":"<script> [776 bytes]","args":[{"enterText":"12/13/25","selector":{"id":"application-managepricingrules-display-component---newInfoPriceItem--condValidTo","interaction":{"idSuffix":"inner"}},"clearTextFirst":true,"interactionType":"ENTER_TEXT"}]}
COMMAND: POST /session/3e4ceb57b36163f530f5479f57478588/execute/async - {"script":"<script> [1562 bytes]","args":[{"selector":{"id":"application-managepricingrules-display-component---newInfoPriceItem--billType-arrow"},"wdio_ui5_key":"applicationmanagepricingrules-display-component---newInfoPriceItem--billType-arrow"}]}
RESULT: {"script":"<script> [1562 bytes]","args":[{"selector":{"id":"application-managepricingrules-display-component---newInfoPriceItem--billType-arrow"},"wdio_ui5_key":"applicationmanagepricingrules-display-component---newInfoPriceItem--billType-arrow"}]}
RESULT: undefined
COMMAND: POST /session/3e4ceb57b36163f530f5479f57478588/element - {"using":"xpath","value":"//*[@id=\"application-managepricingrules-display-component---newInfoPriceItem--billType-arrow\"]"}
RESULT: {"using":"xpath","value":"//*[@id=\"application-managepricingrules-display-component---newInfoPriceItem--billType-arrow\"]"}
COMMAND: POST /session/3e4ceb57b36163f530f5479f57478588/element/f.504C58434384A4EE898B1C568961733A.d.2EC66A1E28ABCB3FB3C6676E32A2F9E0.e.9517/click - {}
RESULT: {}
COMMAND: POST /session/3e4ceb57b36163f530f5479f57478588/element - {"using":"xpath","value":"//span[contains(text(), \"TB - Time based\")]"}
COMMAND: GET /session/3e4ceb57b36163f530f5479f57478588/screenshot - {}
RESULT: {"using":"xpath","value":"//span[contains(text(), \"TB - Time based\")]"}
COMMAND: POST /session/3e4ceb57b36163f530f5479f57478588/element/f.504C58434384A4EE898B1C568961733A.d.2EC66A1E28ABCB3FB3C6676E32A2F9E0.e.9559/click - {}
RESULT: {}
RESULT: {}
COMMAND: POST /session/3e4ceb57b36163f530f5479f57478588/execute/async - {"script":"<script> [1562 bytes]","args":[{"selector":{"id":"application-managepricingrules-display-component---newInfoPriceItem--priceProc-arrow"},"wdio_ui5_key":"applicationmanagepricingrules-display-component---newInfoPriceItem--priceProc-arrow"}]}
COMMAND: GET /session/3e4ceb57b36163f530f5479f57478588/screenshot - {}
RESULT: {"script":"<script> [1562 bytes]","args":[{"selector":{"id":"application-managepricingrules-display-component---newInfoPriceItem--priceProc-arrow"},"wdio_ui5_key":"applicationmanagepricingrules-display-component---newInfoPriceItem--priceProc-arrow"}]}
RESULT: undefined
COMMAND: POST /session/3e4ceb57b36163f530f5479f57478588/element - {"using":"xpath","value":"//*[@id=\"application-managepricingrules-display-component---newInfoPriceItem--priceProc-arrow\"]"}
RESULT: {}
RESULT: {"using":"xpath","value":"//*[@id=\"application-managepricingrules-display-component---newInfoPriceItem--priceProc-arrow\"]"}
COMMAND: POST /session/3e4ceb57b36163f530f5479f57478588/element/f.504C58434384A4EE898B1C568961733A.d.2EC66A1E28ABCB3FB3C6676E32A2F9E0.e.9524/click - {}
RESULT: {}
COMMAND: POST /session/3e4ceb57b36163f530f5479f57478588/element - {"using":"xpath","value":"//span[contains(text(), \"TBS - Time based standard\")]"}
COMMAND: GET /session/3e4ceb57b36163f530f5479f57478588/screenshot - {}
RESULT: {"using":"xpath","value":"//span[contains(text(), \"TBS - Time based standard\")]"}
COMMAND: POST /session/3e4ceb57b36163f530f5479f57478588/element/f.504C58434384A4EE898B1C568961733A.d.2EC66A1E28ABCB3FB3C6676E32A2F9E0.e.9560/click - {}
RESULT: {}
RESULT: {}
COMMAND: POST /session/3e4ceb57b36163f530f5479f57478588/execute/async - {"script":"<script> [1562 bytes]","args":[{"selector":{"id":"application-managepricingrules-display-component---newInfoPriceItem--calcBase-arrow"},"wdio_ui5_key":"applicationmanagepricingrules-display-component---newInfoPriceItem--calcBase-arrow"}]}
COMMAND: GET /session/3e4ceb57b36163f530f5479f57478588/screenshot - {}
RESULT: {"script":"<script> [1562 bytes]","args":[{"selector":{"id":"application-managepricingrules-display-component---newInfoPriceItem--calcBase-arrow"},"wdio_ui5_key":"applicationmanagepricingrules-display-component---newInfoPriceItem--calcBase-arrow"}]}
RESULT: undefined
COMMAND: POST /session/3e4ceb57b36163f530f5479f57478588/element - {"using":"xpath","value":"//*[@id=\"application-managepricingrules-display-component---newInfoPriceItem--calcBase-arrow\"]"}
RESULT: {}
RESULT: {"using":"xpath","value":"//*[@id=\"application-managepricingrules-display-component---newInfoPriceItem--calcBase-arrow\"]"}
COMMAND: POST /session/3e4ceb57b36163f530f5479f57478588/element/f.504C58434384A4EE898B1C568961733A.d.2EC66A1E28ABCB3FB3C6676E32A2F9E0.e.9531/click - {}
RESULT: {}
COMMAND: GET /session/3e4ceb57b36163f530f5479f57478588/screenshot - {}
RESULT: {}
COMMAND: POST /session/3e4ceb57b36163f530f5479f57478588/element - {"using":"xpath","value":"//span[contains(text(), \"0006 - TB(calendar days)\")]"}
RESULT: {"using":"xpath","value":"//span[contains(text(), \"0006 - TB(calendar days)\")]"}
COMMAND: POST /session/3e4ceb57b36163f530f5479f57478588/element/f.504C58434384A4EE898B1C568961733A.d.2EC66A1E28ABCB3FB3C6676E32A2F9E0.e.9561/click - {}
RESULT: {}
COMMAND: GET /session/3e4ceb57b36163f530f5479f57478588/screenshot - {}
RESULT: {}
COMMAND: POST /session/3e4ceb57b36163f530f5479f57478588/execute/async - {"script":"<script> [1562 bytes]","args":[{"selector":{"id":"application-managepricingrules-display-component---newInfoPriceItem--daysMonth","interaction":{"idSuffix":"inner"}},"wdio_ui5_key":"applicationmanagepricingrules-display-component---newInfoPriceItem--daysMonth"}]}
RESULT: {"script":"<script> [1562 bytes]","args":[{"selector":{"id":"application-managepricingrules-display-component---newInfoPriceItem--daysMonth","interaction":{"idSuffix":"inner"}},"wdio_ui5_key":"applicationmanagepricingrules-display-component---newInfoPriceItem--daysMonth"}]}
RESULT: undefined
COMMAND: POST /session/3e4ceb57b36163f530f5479f57478588/execute/async - {"script":"<script> [776 bytes]","args":[{"enterText":"30","selector":{"id":"application-managepricingrules-display-component---newInfoPriceItem--daysMonth","interaction":{"idSuffix":"inner"}},"clearTextFirst":true,"interactionType":"ENTER_TEXT"}]}
RESULT: {"script":"<script> [776 bytes]","args":[{"enterText":"30","selector":{"id":"application-managepricingrules-display-component---newInfoPriceItem--daysMonth","interaction":{"idSuffix":"inner"}},"clearTextFirst":true,"interactionType":"ENTER_TEXT"}]}
COMMAND: POST /session/3e4ceb57b36163f530f5479f57478588/element - {"using":"xpath","value":"//button[@data-kt=\"saveNewRuleButton\"]"}
RESULT: {"using":"xpath","value":"//button[@data-kt=\"saveNewRuleButton\"]"}
COMMAND: POST /session/3e4ceb57b36163f530f5479f57478588/element/f.504C58434384A4EE898B1C568961733A.d.2EC66A1E28ABCB3FB3C6676E32A2F9E0.e.9551/click - {}
RESULT: {}
COMMAND: GET /session/3e4ceb57b36163f530f5479f57478588/screenshot - {}
RESULT: {}
COMMAND: POST /session/3e4ceb57b36163f530f5479f57478588/execute/async - {"script":"<script> [1562 bytes]","args":[{"selector":{"id":"application-managepricingrules-display-component---priceInfoItem--smartFilterBar-btnBasicSearch","interaction":{"idSuffix":"I"}},"wdio_ui5_key":"applicationmanagepricingrules-display-component---priceInfoItem--smartFilterBar-btnBasicSearch"}]}
RESULT: {"script":"<script> [1562 bytes]","args":[{"selector":{"id":"application-managepricingrules-display-component---priceInfoItem--smartFilterBar-btnBasicSearch","interaction":{"idSuffix":"I"}},"wdio_ui5_key":"applicationmanagepricingrules-display-component---priceInfoItem--smartFilterBar-btnBasicSearch"}]}
RESULT: undefined
COMMAND: POST /session/3e4ceb57b36163f530f5479f57478588/execute/async - {"script":"<script> [776 bytes]","args":[{"enterText":"1Oex9CLRry","selector":{"id":"application-managepricingrules-display-component---priceInfoItem--smartFilterBar-btnBasicSearch","interaction":{"idSuffix":"I"}},"clearTextFirst":true,"interactionType":"ENTER_TEXT"}]}
RESULT: {"script":"<script> [776 bytes]","args":[{"enterText":"1Oex9CLRry","selector":{"id":"application-managepricingrules-display-component---priceInfoItem--smartFilterBar-btnBasicSearch","interaction":{"idSuffix":"I"}},"clearTextFirst":true,"interactionType":"ENTER_TEXT"}]}
COMMAND: POST /session/3e4ceb57b36163f530f5479f57478588/actions - {"actions":[{"id":"action32","type":"key","parameters":{},"actions":[{"type":"keyDown","value":""},{"type":"pause","duration":10},{"type":"keyUp","value":""}]}]}
RESULT: {"actions":[{"id":"action32","type":"key","parameters":{},"actions":[{"type":"keyDown","value":""},{"type":"pause","duration":10},{"type":"keyUp","value":""}]}]}
COMMAND: GET /session/3e4ceb57b36163f530f5479f57478588/screenshot - {}
RESULT: {}
COMMAND: POST /session/3e4ceb57b36163f530f5479f57478588/element - {"using":"xpath","value":"//span[@id=\"application-managepricingrules-display-component---priceInfoItem--smartTable-header-inner\"]"}
RESULT: {"using":"xpath","value":"//span[@id=\"application-managepricingrules-display-component---priceInfoItem--smartTable-header-inner\"]"}
COMMAND: POST /session/3e4ceb57b36163f530f5479f57478588/elements - {"using":"xpath","value":"//span[@id=\"application-managepricingrules-display-component---priceInfoItem--smartTable-header-inner\"]"}
RESULT: {"using":"xpath","value":"//span[@id=\"application-managepricingrules-display-component---priceInfoItem--smartTable-header-inner\"]"}
COMMAND: POST /session/3e4ceb57b36163f530f5479f57478588/execute/sync - {"script":"<script> [56 bytes]","args":[{"element-6066-11e4-a52e-4f735466cecf":"f.504C58434384A4EE898B1C568961733A.d.2EC66A1E28ABCB3FB3C6676E32A2F9E0.e.9586","ELEMENT":"f.504C58434384A4EE898B1C568961733A.d.2EC66A1E28ABCB3FB3C6676E32A2F9E0.e.9586"}]}
RESULT: {"script":"<script> [56 bytes]","args":[{"element-6066-11e4-a52e-4f735466cecf":"f.504C58434384A4EE898B1C568961733A.d.2EC66A1E28ABCB3FB3C6676E32A2F9E0.e.9586","ELEMENT":"f.504C58434384A4EE898B1C568961733A.d.2EC66A1E28ABCB3FB3C6676E32A2F9E0.e.9586"}]}
COMMAND: POST /session/3e4ceb57b36163f530f5479f57478588/element - {"using":"css selector","value":"#shell-header-logo"}
COMMAND: GET /session/3e4ceb57b36163f530f5479f57478588/screenshot - {}
RESULT: {"using":"css selector","value":"#shell-header-logo"}
COMMAND: POST /session/3e4ceb57b36163f530f5479f57478588/element/f.504C58434384A4EE898B1C568961733A.d.2EC66A1E28ABCB3FB3C6676E32A2F9E0.e.8700/click - {}
RESULT: {}
RESULT: {}
COMMAND: GET /session/3e4ceb57b36163f530f5479f57478588/screenshot - {}
RESULT: {}
]]></system-out>
    </testcase>
    <testcase classname="chrome.135_0_7049_42.windows.Billing_Transfer_-_Intracompany_US127249" name="Should manage conditions" time="62.249">
      <system-out><![CDATA[
COMMAND: POST /session/3e4ceb57b36163f530f5479f57478588/execute/async - {"script":"<script> [1562 bytes]","args":[{"selector":{"controlType":"sap.m.Text","properties":{"text":"Manage Conditions & Prices"},"interaction":{"idSuffix":"inner"}},"wdio_ui5_key":"sapm.Text{\"text\":\"Manage Conditions & Prices\"}"}]}
RESULT: {"script":"<script> [1562 bytes]","args":[{"selector":{"controlType":"sap.m.Text","properties":{"text":"Manage Conditions & Prices"},"interaction":{"idSuffix":"inner"}},"wdio_ui5_key":"sapm.Text{\"text\":\"Manage Conditions & Prices\"}"}]}
RESULT: undefined
COMMAND: POST /session/3e4ceb57b36163f530f5479f57478588/element - {"using":"xpath","value":"//*[@id=\"__tile53-title\"]"}
RESULT: {"using":"xpath","value":"//*[@id=\"__tile53-title\"]"}
COMMAND: POST /session/3e4ceb57b36163f530f5479f57478588/element/f.504C58434384A4EE898B1C568961733A.d.2EC66A1E28ABCB3FB3C6676E32A2F9E0.e.9589/click - {}
RESULT: {}
COMMAND: POST /session/3e4ceb57b36163f530f5479f57478588/element - {"using":"xpath","value":"//button[@aria-label=\"Create\"]"}
COMMAND: GET /session/3e4ceb57b36163f530f5479f57478588/screenshot - {}
RESULT: {"using":"xpath","value":"//button[@aria-label=\"Create\"]"}
COMMAND: POST /session/3e4ceb57b36163f530f5479f57478588/elements - {"using":"xpath","value":"//button[@aria-label=\"Create\"]"}
RESULT: {}
RESULT: {"using":"xpath","value":"//button[@aria-label=\"Create\"]"}
COMMAND: POST /session/3e4ceb57b36163f530f5479f57478588/element - {"using":"xpath","value":"//button[@aria-label=\"Create\"]"}
RESULT: {"using":"xpath","value":"//button[@aria-label=\"Create\"]"}
COMMAND: POST /session/3e4ceb57b36163f530f5479f57478588/execute/sync - {"script":"<script> [8489 bytes]","args":[{"element-6066-11e4-a52e-4f735466cecf":"f.504C58434384A4EE898B1C568961733A.d.2EC66A1E28ABCB3FB3C6676E32A2F9E0.e.9623","ELEMENT":"f.504C58434384A4EE898B1C568961733A.d.2EC66A1E28ABCB3FB3C6676E32A2F9E0.e.9623"}]}
RESULT: {"script":"<script> [8489 bytes]","args":[{"element-6066-11e4-a52e-4f735466cecf":"f.504C58434384A4EE898B1C568961733A.d.2EC66A1E28ABCB3FB3C6676E32A2F9E0.e.9623","ELEMENT":"f.504C58434384A4EE898B1C568961733A.d.2EC66A1E28ABCB3FB3C6676E32A2F9E0.e.9623"}]}
COMMAND: GET /session/3e4ceb57b36163f530f5479f57478588/element/f.504C58434384A4EE898B1C568961733A.d.2EC66A1E28ABCB3FB3C6676E32A2F9E0.e.9623/enabled - {}
COMMAND: GET /session/3e4ceb57b36163f530f5479f57478588/screenshot - {}
RESULT: {}
COMMAND: POST /session/3e4ceb57b36163f530f5479f57478588/execute/sync - {"script":"<script> [8489 bytes]","args":[{"element-6066-11e4-a52e-4f735466cecf":"f.504C58434384A4EE898B1C568961733A.d.2EC66A1E28ABCB3FB3C6676E32A2F9E0.e.9623","ELEMENT":"f.504C58434384A4EE898B1C568961733A.d.2EC66A1E28ABCB3FB3C6676E32A2F9E0.e.9623"}]}
COMMAND: GET /session/3e4ceb57b36163f530f5479f57478588/screenshot - {}
RESULT: {}
RESULT: {"script":"<script> [8489 bytes]","args":[{"element-6066-11e4-a52e-4f735466cecf":"f.504C58434384A4EE898B1C568961733A.d.2EC66A1E28ABCB3FB3C6676E32A2F9E0.e.9623","ELEMENT":"f.504C58434384A4EE898B1C568961733A.d.2EC66A1E28ABCB3FB3C6676E32A2F9E0.e.9623"}]}
COMMAND: POST /session/3e4ceb57b36163f530f5479f57478588/execute/sync - {"script":"<script> [5351 bytes]","args":[{"element-6066-11e4-a52e-4f735466cecf":"f.504C58434384A4EE898B1C568961733A.d.2EC66A1E28ABCB3FB3C6676E32A2F9E0.e.9623","ELEMENT":"f.504C58434384A4EE898B1C568961733A.d.2EC66A1E28ABCB3FB3C6676E32A2F9E0.e.9623"}]}
COMMAND: GET /session/3e4ceb57b36163f530f5479f57478588/screenshot - {}
RESULT: {}
RESULT: {"script":"<script> [5351 bytes]","args":[{"element-6066-11e4-a52e-4f735466cecf":"f.504C58434384A4EE898B1C568961733A.d.2EC66A1E28ABCB3FB3C6676E32A2F9E0.e.9623","ELEMENT":"f.504C58434384A4EE898B1C568961733A.d.2EC66A1E28ABCB3FB3C6676E32A2F9E0.e.9623"}]}
COMMAND: POST /session/3e4ceb57b36163f530f5479f57478588/element/f.504C58434384A4EE898B1C568961733A.d.2EC66A1E28ABCB3FB3C6676E32A2F9E0.e.9623/click - {}
COMMAND: GET /session/3e4ceb57b36163f530f5479f57478588/screenshot - {}
RESULT: {}
RESULT: {}
COMMAND: GET /session/3e4ceb57b36163f530f5479f57478588/screenshot - {}
RESULT: {}
RESULT: {}
COMMAND: POST /session/3e4ceb57b36163f530f5479f57478588/actions - {"actions":[{"id":"action33","type":"key","parameters":{},"actions":[{"type":"keyDown","value":""},{"type":"pause","duration":10},{"type":"keyUp","value":""}]}]}
RESULT: {"actions":[{"id":"action33","type":"key","parameters":{},"actions":[{"type":"keyDown","value":""},{"type":"pause","duration":10},{"type":"keyUp","value":""}]}]}
COMMAND: GET /session/3e4ceb57b36163f530f5479f57478588/screenshot - {}
RESULT: {}
COMMAND: POST /session/3e4ceb57b36163f530f5479f57478588/execute/async - {"script":"<script> [1562 bytes]","args":[{"selector":{"id":"application-manageconditionprice-display-component---newCondition--condBillCond-arrow"},"wdio_ui5_key":"applicationmanageconditionprice-display-component---newCondition--condBillCond-arrow"}]}
RESULT: {"script":"<script> [1562 bytes]","args":[{"selector":{"id":"application-manageconditionprice-display-component---newCondition--condBillCond-arrow"},"wdio_ui5_key":"applicationmanageconditionprice-display-component---newCondition--condBillCond-arrow"}]}
RESULT: undefined
COMMAND: POST /session/3e4ceb57b36163f530f5479f57478588/element - {"using":"xpath","value":"//*[@id=\"application-manageconditionprice-display-component---newCondition--condBillCond-arrow\"]"}
RESULT: {"using":"xpath","value":"//*[@id=\"application-manageconditionprice-display-component---newCondition--condBillCond-arrow\"]"}
COMMAND: POST /session/3e4ceb57b36163f530f5479f57478588/element/f.504C58434384A4EE898B1C568961733A.d.2EC66A1E28ABCB3FB3C6676E32A2F9E0.e.9804/click - {}
RESULT: {}
COMMAND: GET /session/3e4ceb57b36163f530f5479f57478588/screenshot - {}
RESULT: {}
COMMAND: POST /session/3e4ceb57b36163f530f5479f57478588/element - {"using":"xpath","value":"//li[.//span[contains(text(), \"DISP - D&I special price\")]]"}
RESULT: {"using":"xpath","value":"//li[.//span[contains(text(), \"DISP - D&I special price\")]]"}
COMMAND: POST /session/3e4ceb57b36163f530f5479f57478588/element/f.504C58434384A4EE898B1C568961733A.d.2EC66A1E28ABCB3FB3C6676E32A2F9E0.e.9807/click - {}
RESULT: {}
COMMAND: GET /session/3e4ceb57b36163f530f5479f57478588/screenshot - {}
RESULT: {}
COMMAND: POST /session/3e4ceb57b36163f530f5479f57478588/execute/async - {"script":"<script> [1562 bytes]","args":[{"selector":{"id":"application-manageconditionprice-display-component---newCondition--condValidTo","interaction":{"idSuffix":"inner"}},"wdio_ui5_key":"applicationmanageconditionprice-display-component---newCondition--condValidTo"}]}
RESULT: {"script":"<script> [1562 bytes]","args":[{"selector":{"id":"application-manageconditionprice-display-component---newCondition--condValidTo","interaction":{"idSuffix":"inner"}},"wdio_ui5_key":"applicationmanageconditionprice-display-component---newCondition--condValidTo"}]}
RESULT: undefined
COMMAND: POST /session/3e4ceb57b36163f530f5479f57478588/execute/async - {"script":"<script> [776 bytes]","args":[{"enterText":"12/13/25","selector":{"id":"application-manageconditionprice-display-component---newCondition--condValidTo","interaction":{"idSuffix":"inner"}},"clearTextFirst":true,"interactionType":"ENTER_TEXT"}]}
RESULT: {"script":"<script> [776 bytes]","args":[{"enterText":"12/13/25","selector":{"id":"application-manageconditionprice-display-component---newCondition--condValidTo","interaction":{"idSuffix":"inner"}},"clearTextFirst":true,"interactionType":"ENTER_TEXT"}]}
COMMAND: POST /session/3e4ceb57b36163f530f5479f57478588/element - {"using":"xpath","value":"//input[@id=\"application-manageconditionprice-display-component---newCondition--condRU-inner\"]"}
RESULT: {"using":"xpath","value":"//input[@id=\"application-manageconditionprice-display-component---newCondition--condRU-inner\"]"}
COMMAND: POST /session/3e4ceb57b36163f530f5479f57478588/element/f.504C58434384A4EE898B1C568961733A.d.2EC66A1E28ABCB3FB3C6676E32A2F9E0.e.9669/clear - {}
RESULT: {}
COMMAND: POST /session/3e4ceb57b36163f530f5479f57478588/element/f.504C58434384A4EE898B1C568961733A.d.2EC66A1E28ABCB3FB3C6676E32A2F9E0.e.9669/value - {"text":"1Oex9CLRry"}
COMMAND: GET /session/3e4ceb57b36163f530f5479f57478588/screenshot - {}
RESULT: {"text":"1Oex9CLRry"}
COMMAND: GET /session/3e4ceb57b36163f530f5479f57478588/screenshot - {}
RESULT: {}
RESULT: {}
COMMAND: POST /session/3e4ceb57b36163f530f5479f57478588/actions - {"actions":[{"id":"action34","type":"key","parameters":{},"actions":[{"type":"keyDown","value":""},{"type":"pause","duration":10},{"type":"keyUp","value":""}]}]}
RESULT: {"actions":[{"id":"action34","type":"key","parameters":{},"actions":[{"type":"keyDown","value":""},{"type":"pause","duration":10},{"type":"keyUp","value":""}]}]}
COMMAND: POST /session/3e4ceb57b36163f530f5479f57478588/execute/async - {"script":"<script> [1562 bytes]","args":[{"selector":{"id":"application-manageconditionprice-display-component---newCondition--condBaseQty","interaction":{"idSuffix":"inner"}},"wdio_ui5_key":"applicationmanageconditionprice-display-component---newCondition--condBaseQty"}]}
COMMAND: GET /session/3e4ceb57b36163f530f5479f57478588/screenshot - {}
RESULT: {"script":"<script> [1562 bytes]","args":[{"selector":{"id":"application-manageconditionprice-display-component---newCondition--condBaseQty","interaction":{"idSuffix":"inner"}},"wdio_ui5_key":"applicationmanageconditionprice-display-component---newCondition--condBaseQty"}]}
RESULT: undefined
COMMAND: POST /session/3e4ceb57b36163f530f5479f57478588/execute/async - {"script":"<script> [776 bytes]","args":[{"enterText":"1","selector":{"id":"application-manageconditionprice-display-component---newCondition--condBaseQty","interaction":{"idSuffix":"inner"}},"clearTextFirst":true,"interactionType":"ENTER_TEXT"}]}
RESULT: {}
RESULT: {"script":"<script> [776 bytes]","args":[{"enterText":"1","selector":{"id":"application-manageconditionprice-display-component---newCondition--condBaseQty","interaction":{"idSuffix":"inner"}},"clearTextFirst":true,"interactionType":"ENTER_TEXT"}]}
COMMAND: POST /session/3e4ceb57b36163f530f5479f57478588/execute/async - {"script":"<script> [1562 bytes]","args":[{"selector":{"id":"application-manageconditionprice-display-component---newCondition--condValue","interaction":{"idSuffix":"inner"}},"wdio_ui5_key":"applicationmanageconditionprice-display-component---newCondition--condValue"}]}
RESULT: {"script":"<script> [1562 bytes]","args":[{"selector":{"id":"application-manageconditionprice-display-component---newCondition--condValue","interaction":{"idSuffix":"inner"}},"wdio_ui5_key":"applicationmanageconditionprice-display-component---newCondition--condValue"}]}
RESULT: undefined
COMMAND: POST /session/3e4ceb57b36163f530f5479f57478588/execute/async - {"script":"<script> [776 bytes]","args":[{"enterText":"200","selector":{"id":"application-manageconditionprice-display-component---newCondition--condValue","interaction":{"idSuffix":"inner"}},"clearTextFirst":true,"interactionType":"ENTER_TEXT"}]}
RESULT: {"script":"<script> [776 bytes]","args":[{"enterText":"200","selector":{"id":"application-manageconditionprice-display-component---newCondition--condValue","interaction":{"idSuffix":"inner"}},"clearTextFirst":true,"interactionType":"ENTER_TEXT"}]}
COMMAND: POST /session/3e4ceb57b36163f530f5479f57478588/execute/async - {"script":"<script> [1562 bytes]","args":[{"selector":{"id":"application-manageconditionprice-display-component---newCondition--condCurr-arrow"},"wdio_ui5_key":"applicationmanageconditionprice-display-component---newCondition--condCurr-arrow"}]}
RESULT: {"script":"<script> [1562 bytes]","args":[{"selector":{"id":"application-manageconditionprice-display-component---newCondition--condCurr-arrow"},"wdio_ui5_key":"applicationmanageconditionprice-display-component---newCondition--condCurr-arrow"}]}
RESULT: undefined
COMMAND: POST /session/3e4ceb57b36163f530f5479f57478588/element - {"using":"xpath","value":"//*[@id=\"application-manageconditionprice-display-component---newCondition--condCurr-arrow\"]"}
RESULT: {"using":"xpath","value":"//*[@id=\"application-manageconditionprice-display-component---newCondition--condCurr-arrow\"]"}
COMMAND: POST /session/3e4ceb57b36163f530f5479f57478588/element/f.504C58434384A4EE898B1C568961733A.d.2EC66A1E28ABCB3FB3C6676E32A2F9E0.e.9771/click - {}
RESULT: {}
COMMAND: POST /session/3e4ceb57b36163f530f5479f57478588/element - {"using":"xpath","value":"//span[contains(text(), \"Euro\")]"}
COMMAND: GET /session/3e4ceb57b36163f530f5479f57478588/screenshot - {}
RESULT: {"using":"xpath","value":"//span[contains(text(), \"Euro\")]"}
COMMAND: POST /session/3e4ceb57b36163f530f5479f57478588/element/f.504C58434384A4EE898B1C568961733A.d.2EC66A1E28ABCB3FB3C6676E32A2F9E0.e.9844/click - {}
RESULT: {}
RESULT: {}
COMMAND: POST /session/3e4ceb57b36163f530f5479f57478588/element - {"using":"xpath","value":"//button[@data-kt=\"saveButton\"]"}
COMMAND: GET /session/3e4ceb57b36163f530f5479f57478588/screenshot - {}
RESULT: {"using":"xpath","value":"//button[@data-kt=\"saveButton\"]"}
COMMAND: POST /session/3e4ceb57b36163f530f5479f57478588/element/f.504C58434384A4EE898B1C568961733A.d.2EC66A1E28ABCB3FB3C6676E32A2F9E0.e.9772/click - {}
RESULT: {}
RESULT: {}
COMMAND: GET /session/3e4ceb57b36163f530f5479f57478588/screenshot - {}
RESULT: {}
COMMAND: POST /session/3e4ceb57b36163f530f5479f57478588/execute/async - {"script":"<script> [1562 bytes]","args":[{"selector":{"id":"application-manageconditionprice-display-component---conditions--smartFilterBar-btnBasicSearch","interaction":{"idSuffix":"I"}},"wdio_ui5_key":"applicationmanageconditionprice-display-component---conditions--smartFilterBar-btnBasicSearch"}]}
RESULT: {"script":"<script> [1562 bytes]","args":[{"selector":{"id":"application-manageconditionprice-display-component---conditions--smartFilterBar-btnBasicSearch","interaction":{"idSuffix":"I"}},"wdio_ui5_key":"applicationmanageconditionprice-display-component---conditions--smartFilterBar-btnBasicSearch"}]}
RESULT: undefined
COMMAND: POST /session/3e4ceb57b36163f530f5479f57478588/execute/async - {"script":"<script> [776 bytes]","args":[{"enterText":"1Oex9CLRry","selector":{"id":"application-manageconditionprice-display-component---conditions--smartFilterBar-btnBasicSearch","interaction":{"idSuffix":"I"}},"clearTextFirst":true,"interactionType":"ENTER_TEXT"}]}
RESULT: {"script":"<script> [776 bytes]","args":[{"enterText":"1Oex9CLRry","selector":{"id":"application-manageconditionprice-display-component---conditions--smartFilterBar-btnBasicSearch","interaction":{"idSuffix":"I"}},"clearTextFirst":true,"interactionType":"ENTER_TEXT"}]}
COMMAND: POST /session/3e4ceb57b36163f530f5479f57478588/actions - {"actions":[{"id":"action35","type":"key","parameters":{},"actions":[{"type":"keyDown","value":""},{"type":"pause","duration":10},{"type":"keyUp","value":""}]}]}
RESULT: {"actions":[{"id":"action35","type":"key","parameters":{},"actions":[{"type":"keyDown","value":""},{"type":"pause","duration":10},{"type":"keyUp","value":""}]}]}
COMMAND: GET /session/3e4ceb57b36163f530f5479f57478588/screenshot - {}
RESULT: {}
COMMAND: POST /session/3e4ceb57b36163f530f5479f57478588/execute/async - {"script":"<script> [1562 bytes]","args":[{"selector":{"id":"application-manageconditionprice-display-component---conditions--smartFilterBar-filterItemControl_BASIC-BILL_TYPES-vhi"},"wdio_ui5_key":"applicationmanageconditionprice-display-component---conditions--smartFilterBar-filterItemControl_BASIC-BILL_TYPES-vhi"}]}
RESULT: {"script":"<script> [1562 bytes]","args":[{"selector":{"id":"application-manageconditionprice-display-component---conditions--smartFilterBar-filterItemControl_BASIC-BILL_TYPES-vhi"},"wdio_ui5_key":"applicationmanageconditionprice-display-component---conditions--smartFilterBar-filterItemControl_BASIC-BILL_TYPES-vhi"}]}
RESULT: undefined
COMMAND: POST /session/3e4ceb57b36163f530f5479f57478588/element - {"using":"xpath","value":"//*[@id=\"application-manageconditionprice-display-component---conditions--smartFilterBar-filterItemControl_BASIC-BILL_TYPES-vhi\"]"}
RESULT: {"using":"xpath","value":"//*[@id=\"application-manageconditionprice-display-component---conditions--smartFilterBar-filterItemControl_BASIC-BILL_TYPES-vhi\"]"}
COMMAND: POST /session/3e4ceb57b36163f530f5479f57478588/element/f.504C58434384A4EE898B1C568961733A.d.2EC66A1E28ABCB3FB3C6676E32A2F9E0.e.9950/click - {}
RESULT: {}
COMMAND: POST /session/3e4ceb57b36163f530f5479f57478588/execute/async - {"script":"<script> [1562 bytes]","args":[{"selector":{"id":"application-manageconditionprice-display-component---conditions--smartFilterBar-filterItemControl_BASIC-BILL_TYPES-valueHelpDialog-smartFilterBar-btnBasicSearch","searchOpenDialogs":true,"interaction":{"idSuffix":"I"}},"wdio_ui5_key":"applicationmanageconditionprice-display-component---conditions--smartFilterBar-filterItemControl_BASIC-BILL_TYPES-valueHelpDialog-smartFilterBar-btnBasicSearch"}]}
COMMAND: GET /session/3e4ceb57b36163f530f5479f57478588/screenshot - {}
RESULT: {"script":"<script> [1562 bytes]","args":[{"selector":{"id":"application-manageconditionprice-display-component---conditions--smartFilterBar-filterItemControl_BASIC-BILL_TYPES-valueHelpDialog-smartFilterBar-btnBasicSearch","searchOpenDialogs":true,"interaction":{"idSuffix":"I"}},"wdio_ui5_key":"applicationmanageconditionprice-display-component---conditions--smartFilterBar-filterItemControl_BASIC-BILL_TYPES-valueHelpDialog-smartFilterBar-btnBasicSearch"}]}
RESULT: undefined
COMMAND: POST /session/3e4ceb57b36163f530f5479f57478588/execute/async - {"script":"<script> [776 bytes]","args":[{"enterText":"TB","selector":{"id":"application-manageconditionprice-display-component---conditions--smartFilterBar-filterItemControl_BASIC-BILL_TYPES-valueHelpDialog-smartFilterBar-btnBasicSearch","searchOpenDialogs":true,"interaction":{"idSuffix":"I"}},"clearTextFirst":true,"interactionType":"ENTER_TEXT"}]}
RESULT: {}
RESULT: {"script":"<script> [776 bytes]","args":[{"enterText":"TB","selector":{"id":"application-manageconditionprice-display-component---conditions--smartFilterBar-filterItemControl_BASIC-BILL_TYPES-valueHelpDialog-smartFilterBar-btnBasicSearch","searchOpenDialogs":true,"interaction":{"idSuffix":"I"}},"clearTextFirst":true,"interactionType":"ENTER_TEXT"}]}
COMMAND: POST /session/3e4ceb57b36163f530f5479f57478588/actions - {"actions":[{"id":"action36","type":"key","parameters":{},"actions":[{"type":"keyDown","value":""},{"type":"pause","duration":10},{"type":"keyUp","value":""}]}]}
RESULT: {"actions":[{"id":"action36","type":"key","parameters":{},"actions":[{"type":"keyDown","value":""},{"type":"pause","duration":10},{"type":"keyUp","value":""}]}]}
COMMAND: GET /session/3e4ceb57b36163f530f5479f57478588/screenshot - {}
RESULT: {}
COMMAND: POST /session/3e4ceb57b36163f530f5479f57478588/element - {"using":"xpath","value":"//div[contains(@id, 'application-manageconditionprice-display-component---conditions--smartFilterBar-filterItemControl_BASIC-BILL_TYPES-valueHelpDialog-table-rowsel0')]"}
RESULT: {"using":"xpath","value":"//div[contains(@id, 'application-manageconditionprice-display-component---conditions--smartFilterBar-filterItemControl_BASIC-BILL_TYPES-valueHelpDialog-table-rowsel0')]"}
COMMAND: POST /session/3e4ceb57b36163f530f5479f57478588/element/f.504C58434384A4EE898B1C568961733A.d.2EC66A1E28ABCB3FB3C6676E32A2F9E0.e.9959/click - {}
RESULT: {}
COMMAND: GET /session/3e4ceb57b36163f530f5479f57478588/screenshot - {}
RESULT: {}
COMMAND: POST /session/3e4ceb57b36163f530f5479f57478588/element - {"using":"xpath","value":"//bdi[contains(text(), \"OK\")]"}
RESULT: {"using":"xpath","value":"//bdi[contains(text(), \"OK\")]"}
COMMAND: POST /session/3e4ceb57b36163f530f5479f57478588/element/f.504C58434384A4EE898B1C568961733A.d.2EC66A1E28ABCB3FB3C6676E32A2F9E0.e.9961/click - {}
RESULT: {}
COMMAND: GET /session/3e4ceb57b36163f530f5479f57478588/screenshot - {}
RESULT: {}
COMMAND: POST /session/3e4ceb57b36163f530f5479f57478588/element - {"using":"xpath","value":"//span[@id=\"application-manageconditionprice-display-component---conditions--smartTable-header-inner\"]"}
RESULT: {"using":"xpath","value":"//span[@id=\"application-manageconditionprice-display-component---conditions--smartTable-header-inner\"]"}
COMMAND: POST /session/3e4ceb57b36163f530f5479f57478588/elements - {"using":"xpath","value":"//span[@id=\"application-manageconditionprice-display-component---conditions--smartTable-header-inner\"]"}
RESULT: {"using":"xpath","value":"//span[@id=\"application-manageconditionprice-display-component---conditions--smartTable-header-inner\"]"}
COMMAND: POST /session/3e4ceb57b36163f530f5479f57478588/execute/sync - {"script":"<script> [56 bytes]","args":[{"element-6066-11e4-a52e-4f735466cecf":"f.504C58434384A4EE898B1C568961733A.d.2EC66A1E28ABCB3FB3C6676E32A2F9E0.e.9964","ELEMENT":"f.504C58434384A4EE898B1C568961733A.d.2EC66A1E28ABCB3FB3C6676E32A2F9E0.e.9964"}]}
RESULT: {"script":"<script> [56 bytes]","args":[{"element-6066-11e4-a52e-4f735466cecf":"f.504C58434384A4EE898B1C568961733A.d.2EC66A1E28ABCB3FB3C6676E32A2F9E0.e.9964","ELEMENT":"f.504C58434384A4EE898B1C568961733A.d.2EC66A1E28ABCB3FB3C6676E32A2F9E0.e.9964"}]}
COMMAND: POST /session/3e4ceb57b36163f530f5479f57478588/element - {"using":"css selector","value":"#shell-header-logo"}
COMMAND: GET /session/3e4ceb57b36163f530f5479f57478588/screenshot - {}
RESULT: {"using":"css selector","value":"#shell-header-logo"}
COMMAND: POST /session/3e4ceb57b36163f530f5479f57478588/element/f.504C58434384A4EE898B1C568961733A.d.2EC66A1E28ABCB3FB3C6676E32A2F9E0.e.9591/click - {}
RESULT: {}
RESULT: {}
COMMAND: GET /session/3e4ceb57b36163f530f5479f57478588/screenshot - {}
RESULT: {}
]]></system-out>
    </testcase>
    <testcase classname="chrome.135_0_7049_42.windows.Billing_Transfer_-_Intracompany_US127249" name="Should do a stock increase handover" time="73.226">
      <system-out><![CDATA[
COMMAND: POST /session/3e4ceb57b36163f530f5479f57478588/execute/async - {"script":"<script> [1562 bytes]","args":[{"selector":{"controlType":"sap.m.Text","viewName":"etm.portal.ui.managehandoverstile.view.Master","properties":{"text":"Manage Handovers"},"interaction":{"idSuffix":"inner"}},"wdio_ui5_key":"etmportal.ui.managehandoverstile.view.Mastersap.m.Text{\"text\":\"Manage Handovers\"}"}]}
RESULT: {"script":"<script> [1562 bytes]","args":[{"selector":{"controlType":"sap.m.Text","viewName":"etm.portal.ui.managehandoverstile.view.Master","properties":{"text":"Manage Handovers"},"interaction":{"idSuffix":"inner"}},"wdio_ui5_key":"etmportal.ui.managehandoverstile.view.Mastersap.m.Text{\"text\":\"Manage Handovers\"}"}]}
RESULT: undefined
COMMAND: POST /session/3e4ceb57b36163f530f5479f57478588/element - {"using":"xpath","value":"//*[@id=\"__tile132-title\"]"}
RESULT: {"using":"xpath","value":"//*[@id=\"__tile132-title\"]"}
COMMAND: POST /session/3e4ceb57b36163f530f5479f57478588/element/f.504C58434384A4EE898B1C568961733A.d.2EC66A1E28ABCB3FB3C6676E32A2F9E0.e.9969/click - {}
RESULT: {}
COMMAND: POST /session/3e4ceb57b36163f530f5479f57478588/element - {"using":"xpath","value":"//button[@data-kt=\"masterHOAddButton\"]"}
COMMAND: GET /session/3e4ceb57b36163f530f5479f57478588/screenshot - {}
RESULT: {"using":"xpath","value":"//button[@data-kt=\"masterHOAddButton\"]"}
COMMAND: POST /session/3e4ceb57b36163f530f5479f57478588/elements - {"using":"xpath","value":"//button[@data-kt=\"masterHOAddButton\"]"}
RESULT: {}
RESULT: {"using":"xpath","value":"//button[@data-kt=\"masterHOAddButton\"]"}
COMMAND: POST /session/3e4ceb57b36163f530f5479f57478588/element - {"using":"xpath","value":"//button[@data-kt=\"masterHOAddButton\"]"}
RESULT: {"using":"xpath","value":"//button[@data-kt=\"masterHOAddButton\"]"}
COMMAND: POST /session/3e4ceb57b36163f530f5479f57478588/execute/sync - {"script":"<script> [8489 bytes]","args":[{"element-6066-11e4-a52e-4f735466cecf":"f.504C58434384A4EE898B1C568961733A.d.2EC66A1E28ABCB3FB3C6676E32A2F9E0.e.9999","ELEMENT":"f.504C58434384A4EE898B1C568961733A.d.2EC66A1E28ABCB3FB3C6676E32A2F9E0.e.9999"}]}
RESULT: {"script":"<script> [8489 bytes]","args":[{"element-6066-11e4-a52e-4f735466cecf":"f.504C58434384A4EE898B1C568961733A.d.2EC66A1E28ABCB3FB3C6676E32A2F9E0.e.9999","ELEMENT":"f.504C58434384A4EE898B1C568961733A.d.2EC66A1E28ABCB3FB3C6676E32A2F9E0.e.9999"}]}
COMMAND: GET /session/3e4ceb57b36163f530f5479f57478588/element/f.504C58434384A4EE898B1C568961733A.d.2EC66A1E28ABCB3FB3C6676E32A2F9E0.e.9999/enabled - {}
COMMAND: GET /session/3e4ceb57b36163f530f5479f57478588/screenshot - {}
RESULT: {}
COMMAND: POST /session/3e4ceb57b36163f530f5479f57478588/execute/sync - {"script":"<script> [8489 bytes]","args":[{"element-6066-11e4-a52e-4f735466cecf":"f.504C58434384A4EE898B1C568961733A.d.2EC66A1E28ABCB3FB3C6676E32A2F9E0.e.9999","ELEMENT":"f.504C58434384A4EE898B1C568961733A.d.2EC66A1E28ABCB3FB3C6676E32A2F9E0.e.9999"}]}
COMMAND: GET /session/3e4ceb57b36163f530f5479f57478588/screenshot - {}
RESULT: {}
RESULT: {"script":"<script> [8489 bytes]","args":[{"element-6066-11e4-a52e-4f735466cecf":"f.504C58434384A4EE898B1C568961733A.d.2EC66A1E28ABCB3FB3C6676E32A2F9E0.e.9999","ELEMENT":"f.504C58434384A4EE898B1C568961733A.d.2EC66A1E28ABCB3FB3C6676E32A2F9E0.e.9999"}]}
COMMAND: POST /session/3e4ceb57b36163f530f5479f57478588/execute/sync - {"script":"<script> [5351 bytes]","args":[{"element-6066-11e4-a52e-4f735466cecf":"f.504C58434384A4EE898B1C568961733A.d.2EC66A1E28ABCB3FB3C6676E32A2F9E0.e.9999","ELEMENT":"f.504C58434384A4EE898B1C568961733A.d.2EC66A1E28ABCB3FB3C6676E32A2F9E0.e.9999"}]}
COMMAND: GET /session/3e4ceb57b36163f530f5479f57478588/screenshot - {}
RESULT: {}
RESULT: {"script":"<script> [5351 bytes]","args":[{"element-6066-11e4-a52e-4f735466cecf":"f.504C58434384A4EE898B1C568961733A.d.2EC66A1E28ABCB3FB3C6676E32A2F9E0.e.9999","ELEMENT":"f.504C58434384A4EE898B1C568961733A.d.2EC66A1E28ABCB3FB3C6676E32A2F9E0.e.9999"}]}
COMMAND: POST /session/3e4ceb57b36163f530f5479f57478588/element/f.504C58434384A4EE898B1C568961733A.d.2EC66A1E28ABCB3FB3C6676E32A2F9E0.e.9999/click - {}
COMMAND: GET /session/3e4ceb57b36163f530f5479f57478588/screenshot - {}
RESULT: {}
RESULT: {}
COMMAND: GET /session/3e4ceb57b36163f530f5479f57478588/screenshot - {}
RESULT: {}
RESULT: {}
COMMAND: POST /session/3e4ceb57b36163f530f5479f57478588/element - {"using":"xpath","value":"//span[contains(@id ,\"AddNewHO--typeSelect-arrow\")]"}
RESULT: {"using":"xpath","value":"//span[contains(@id ,\"AddNewHO--typeSelect-arrow\")]"}
COMMAND: POST /session/3e4ceb57b36163f530f5479f57478588/element/f.504C58434384A4EE898B1C568961733A.d.2EC66A1E28ABCB3FB3C6676E32A2F9E0.e.10355/click - {}
RESULT: {}
COMMAND: GET /session/3e4ceb57b36163f530f5479f57478588/screenshot - {}
RESULT: {}
COMMAND: POST /session/3e4ceb57b36163f530f5479f57478588/element - {"using":"xpath","value":"(//li[contains(text(), \"stock increase yard\")])[1]"}
RESULT: {"using":"xpath","value":"(//li[contains(text(), \"stock increase yard\")])[1]"}
COMMAND: POST /session/3e4ceb57b36163f530f5479f57478588/element/f.504C58434384A4EE898B1C568961733A.d.2EC66A1E28ABCB3FB3C6676E32A2F9E0.e.10356/click - {}
RESULT: {}
COMMAND: GET /session/3e4ceb57b36163f530f5479f57478588/screenshot - {}
RESULT: {}
COMMAND: POST /session/3e4ceb57b36163f530f5479f57478588/execute/async - {"script":"<script> [1562 bytes]","args":[{"selector":{"id":"application-managehandovers-display-component---AddNewHO--dueDate","interaction":{"idSuffix":"inner"}},"wdio_ui5_key":"applicationmanagehandovers-display-component---AddNewHO--dueDate"}]}
RESULT: {"script":"<script> [1562 bytes]","args":[{"selector":{"id":"application-managehandovers-display-component---AddNewHO--dueDate","interaction":{"idSuffix":"inner"}},"wdio_ui5_key":"applicationmanagehandovers-display-component---AddNewHO--dueDate"}]}
RESULT: undefined
COMMAND: POST /session/3e4ceb57b36163f530f5479f57478588/execute/async - {"script":"<script> [6424 bytes]","args":[{"element-6066-11e4-a52e-4f735466cecf":"f.504C58434384A4EE898B1C568961733A.d.2EC66A1E28ABCB3FB3C6676E32A2F9E0.e.10358"},"setValue",["04/13/2025"]]}
RESULT: {"script":"<script> [6424 bytes]","args":[{"element-6066-11e4-a52e-4f735466cecf":"f.504C58434384A4EE898B1C568961733A.d.2EC66A1E28ABCB3FB3C6676E32A2F9E0.e.10358"},"setValue",["04/13/2025"]]}
COMMAND: POST /session/3e4ceb57b36163f530f5479f57478588/element - {"using":"xpath","value":"//input[@id=\"generalSectionFrg--receiveYard-inner\"]"}
RESULT: {"using":"xpath","value":"//input[@id=\"generalSectionFrg--receiveYard-inner\"]"}
COMMAND: POST /session/3e4ceb57b36163f530f5479f57478588/element/f.504C58434384A4EE898B1C568961733A.d.2EC66A1E28ABCB3FB3C6676E32A2F9E0.e.10364/clear - {}
RESULT: {}
COMMAND: POST /session/3e4ceb57b36163f530f5479f57478588/element/f.504C58434384A4EE898B1C568961733A.d.2EC66A1E28ABCB3FB3C6676E32A2F9E0.e.10364/value - {"text":"259"}
COMMAND: GET /session/3e4ceb57b36163f530f5479f57478588/screenshot - {}
RESULT: {"text":"259"}
COMMAND: GET /session/3e4ceb57b36163f530f5479f57478588/screenshot - {}
RESULT: {}
RESULT: {}
COMMAND: POST /session/3e4ceb57b36163f530f5479f57478588/element - {"using":"xpath","value":"//li[.//span[text()='259']]"}
RESULT: {"using":"xpath","value":"//li[.//span[text()='259']]"}
COMMAND: POST /session/3e4ceb57b36163f530f5479f57478588/element/f.504C58434384A4EE898B1C568961733A.d.2EC66A1E28ABCB3FB3C6676E32A2F9E0.e.10381/click - {}
RESULT: {}
COMMAND: GET /session/3e4ceb57b36163f530f5479f57478588/screenshot - {}
RESULT: {}
COMMAND: POST /session/3e4ceb57b36163f530f5479f57478588/execute/async - {"script":"<script> [1562 bytes]","args":[{"selector":{"id":"application-managehandovers-display-component---AddNewHO--ObjectPageLayout-anchBar-application-managehandovers-display-component---AddNewHO--section4-anchor","interaction":{"idSuffix":"BDI-content"}},"wdio_ui5_key":"applicationmanagehandovers-display-component---AddNewHO--ObjectPageLayout-anchBar-application-managehandovers-display-component---AddNewHO--section4-anchor"}]}
RESULT: {"script":"<script> [1562 bytes]","args":[{"selector":{"id":"application-managehandovers-display-component---AddNewHO--ObjectPageLayout-anchBar-application-managehandovers-display-component---AddNewHO--section4-anchor","interaction":{"idSuffix":"BDI-content"}},"wdio_ui5_key":"applicationmanagehandovers-display-component---AddNewHO--ObjectPageLayout-anchBar-application-managehandovers-display-component---AddNewHO--section4-anchor"}]}
RESULT: undefined
COMMAND: POST /session/3e4ceb57b36163f530f5479f57478588/element - {"using":"xpath","value":"//*[@id=\"application-managehandovers-display-component---AddNewHO--ObjectPageLayout-anchBar-application-managehandovers-display-component---AddNewHO--section4-anchor\"]"}
RESULT: {"using":"xpath","value":"//*[@id=\"application-managehandovers-display-component---AddNewHO--ObjectPageLayout-anchBar-application-managehandovers-display-component---AddNewHO--section4-anchor\"]"}
COMMAND: POST /session/3e4ceb57b36163f530f5479f57478588/element/f.504C58434384A4EE898B1C568961733A.d.2EC66A1E28ABCB3FB3C6676E32A2F9E0.e.10383/click - {}
RESULT: {}
COMMAND: POST /session/3e4ceb57b36163f530f5479f57478588/element - {"using":"xpath","value":"//button[@aria-label=\"Add\"]"}
COMMAND: GET /session/3e4ceb57b36163f530f5479f57478588/screenshot - {}
RESULT: {"using":"xpath","value":"//button[@aria-label=\"Add\"]"}
COMMAND: POST /session/3e4ceb57b36163f530f5479f57478588/element/f.504C58434384A4EE898B1C568961733A.d.2EC66A1E28ABCB3FB3C6676E32A2F9E0.e.10385/click - {}
RESULT: {}
RESULT: {}
COMMAND: GET /session/3e4ceb57b36163f530f5479f57478588/screenshot - {}
RESULT: {}
COMMAND: POST /session/3e4ceb57b36163f530f5479f57478588/execute/async - {"script":"<script> [1562 bytes]","args":[{"selector":{"id":"application-managehandovers-display-component---AddNewHO--smartFilterBar-btnBasicSearch","searchOpenDialogs":true,"interaction":{"idSuffix":"I"}},"wdio_ui5_key":"applicationmanagehandovers-display-component---AddNewHO--smartFilterBar-btnBasicSearch"}]}
RESULT: {"script":"<script> [1562 bytes]","args":[{"selector":{"id":"application-managehandovers-display-component---AddNewHO--smartFilterBar-btnBasicSearch","searchOpenDialogs":true,"interaction":{"idSuffix":"I"}},"wdio_ui5_key":"applicationmanagehandovers-display-component---AddNewHO--smartFilterBar-btnBasicSearch"}]}
RESULT: undefined
COMMAND: POST /session/3e4ceb57b36163f530f5479f57478588/execute/async - {"script":"<script> [776 bytes]","args":[{"enterText":"1Oex9CLRry","selector":{"id":"application-managehandovers-display-component---AddNewHO--smartFilterBar-btnBasicSearch","searchOpenDialogs":true,"interaction":{"idSuffix":"I"}},"clearTextFirst":true,"interactionType":"ENTER_TEXT"}]}
RESULT: {"script":"<script> [776 bytes]","args":[{"enterText":"1Oex9CLRry","selector":{"id":"application-managehandovers-display-component---AddNewHO--smartFilterBar-btnBasicSearch","searchOpenDialogs":true,"interaction":{"idSuffix":"I"}},"clearTextFirst":true,"interactionType":"ENTER_TEXT"}]}
COMMAND: POST /session/3e4ceb57b36163f530f5479f57478588/actions - {"actions":[{"id":"action37","type":"key","parameters":{},"actions":[{"type":"keyDown","value":""},{"type":"pause","duration":10},{"type":"keyUp","value":""}]}]}
RESULT: {"actions":[{"id":"action37","type":"key","parameters":{},"actions":[{"type":"keyDown","value":""},{"type":"pause","duration":10},{"type":"keyUp","value":""}]}]}
COMMAND: POST /session/3e4ceb57b36163f530f5479f57478588/execute/async - {"script":"<script> [1562 bytes]","args":[{"selector":{"id":"application-managehandovers-display-component---AddNewHO--popup-sa","searchOpenDialogs":true,"interaction":{"idSuffix":"CbBg"}},"wdio_ui5_key":"applicationmanagehandovers-display-component---AddNewHO--popup-sa"}]}
COMMAND: GET /session/3e4ceb57b36163f530f5479f57478588/screenshot - {}
RESULT: {"script":"<script> [1562 bytes]","args":[{"selector":{"id":"application-managehandovers-display-component---AddNewHO--popup-sa","searchOpenDialogs":true,"interaction":{"idSuffix":"CbBg"}},"wdio_ui5_key":"applicationmanagehandovers-display-component---AddNewHO--popup-sa"}]}
RESULT: undefined
COMMAND: POST /session/3e4ceb57b36163f530f5479f57478588/element - {"using":"xpath","value":"//*[@id=\"application-managehandovers-display-component---AddNewHO--popup-sa\"]"}
RESULT: {}
RESULT: {"using":"xpath","value":"//*[@id=\"application-managehandovers-display-component---AddNewHO--popup-sa\"]"}
COMMAND: POST /session/3e4ceb57b36163f530f5479f57478588/element/f.504C58434384A4EE898B1C568961733A.d.2EC66A1E28ABCB3FB3C6676E32A2F9E0.e.10539/click - {}
RESULT: {}
COMMAND: GET /session/3e4ceb57b36163f530f5479f57478588/screenshot - {}
RESULT: {}
COMMAND: POST /session/3e4ceb57b36163f530f5479f57478588/element - {"using":"xpath","value":"//bdi[contains(text(), \"Select\")]"}
RESULT: {"using":"xpath","value":"//bdi[contains(text(), \"Select\")]"}
COMMAND: POST /session/3e4ceb57b36163f530f5479f57478588/element/f.504C58434384A4EE898B1C568961733A.d.2EC66A1E28ABCB3FB3C6676E32A2F9E0.e.10540/click - {}
RESULT: {}
COMMAND: GET /session/3e4ceb57b36163f530f5479f57478588/screenshot - {}
RESULT: {}
COMMAND: POST /session/3e4ceb57b36163f530f5479f57478588/element - {"using":"xpath","value":"//button[@data-kt=\"AddNewHOSaveButton\"]"}
RESULT: {"using":"xpath","value":"//button[@data-kt=\"AddNewHOSaveButton\"]"}
COMMAND: POST /session/3e4ceb57b36163f530f5479f57478588/element/f.504C58434384A4EE898B1C568961733A.d.2EC66A1E28ABCB3FB3C6676E32A2F9E0.e.10544/click - {}
RESULT: {}
COMMAND: GET /session/3e4ceb57b36163f530f5479f57478588/screenshot - {}
COMMAND: POST /session/3e4ceb57b36163f530f5479f57478588/execute/async - {"script":"<script> [1562 bytes]","args":[{"selector":{"id":"receiptDatePicker","viewName":"etm.portal.ui.managehandovers.view.DetailExecuteHO","interaction":{"idSuffix":"inner"}},"wdio_ui5_key":"receiptDatePickeretmportal.ui.managehandovers.view.DetailExecuteHO"}]}
RESULT: {}
RESULT: {"script":"<script> [1562 bytes]","args":[{"selector":{"id":"receiptDatePicker","viewName":"etm.portal.ui.managehandovers.view.DetailExecuteHO","interaction":{"idSuffix":"inner"}},"wdio_ui5_key":"receiptDatePickeretmportal.ui.managehandovers.view.DetailExecuteHO"}]}
RESULT: undefined
COMMAND: POST /session/3e4ceb57b36163f530f5479f57478588/execute/async - {"script":"<script> [6424 bytes]","args":[{"element-6066-11e4-a52e-4f735466cecf":"f.504C58434384A4EE898B1C568961733A.d.2EC66A1E28ABCB3FB3C6676E32A2F9E0.e.10574"},"setValue",["04/13/2025"]]}
RESULT: {"script":"<script> [6424 bytes]","args":[{"element-6066-11e4-a52e-4f735466cecf":"f.504C58434384A4EE898B1C568961733A.d.2EC66A1E28ABCB3FB3C6676E32A2F9E0.e.10574"},"setValue",["04/13/2025"]]}
COMMAND: POST /session/3e4ceb57b36163f530f5479f57478588/element - {"using":"xpath","value":"//button[@data-kt=\"PickingTableConfirmAllButton\"]"}
RESULT: {"using":"xpath","value":"//button[@data-kt=\"PickingTableConfirmAllButton\"]"}
COMMAND: POST /session/3e4ceb57b36163f530f5479f57478588/element/f.504C58434384A4EE898B1C568961733A.d.2EC66A1E28ABCB3FB3C6676E32A2F9E0.e.10589/click - {}
RESULT: {}
COMMAND: GET /session/3e4ceb57b36163f530f5479f57478588/screenshot - {}
RESULT: {}
COMMAND: POST /session/3e4ceb57b36163f530f5479f57478588/element - {"using":"xpath","value":"//bdi[contains(text(), \"OK\")]"}
RESULT: {"using":"xpath","value":"//bdi[contains(text(), \"OK\")]"}
COMMAND: POST /session/3e4ceb57b36163f530f5479f57478588/element/f.504C58434384A4EE898B1C568961733A.d.2EC66A1E28ABCB3FB3C6676E32A2F9E0.e.10591/click - {}
RESULT: {}
COMMAND: GET /session/3e4ceb57b36163f530f5479f57478588/screenshot - {}
RESULT: {}
COMMAND: POST /session/3e4ceb57b36163f530f5479f57478588/element - {"using":"xpath","value":"(//bdi[contains(text(), \"Receive\")])[2]"}
RESULT: {"using":"xpath","value":"(//bdi[contains(text(), \"Receive\")])[2]"}
COMMAND: POST /session/3e4ceb57b36163f530f5479f57478588/element/f.504C58434384A4EE898B1C568961733A.d.2EC66A1E28ABCB3FB3C6676E32A2F9E0.e.10593/click - {}
RESULT: {}
COMMAND: GET /session/3e4ceb57b36163f530f5479f57478588/screenshot - {}
RESULT: {}
COMMAND: POST /session/3e4ceb57b36163f530f5479f57478588/element - {"using":"css selector","value":"#shell-header-logo"}
RESULT: {"using":"css selector","value":"#shell-header-logo"}
COMMAND: POST /session/3e4ceb57b36163f530f5479f57478588/element/f.504C58434384A4EE898B1C568961733A.d.2EC66A1E28ABCB3FB3C6676E32A2F9E0.e.9971/click - {}
RESULT: {}
COMMAND: GET /session/3e4ceb57b36163f530f5479f57478588/screenshot - {}
RESULT: {}
]]></system-out>
    </testcase>
    <testcase classname="chrome.135_0_7049_42.windows.Billing_Transfer_-_Intracompany_US127249" name="Should create a new contract" time="51.634">
      <system-out><![CDATA[
COMMAND: POST /session/3e4ceb57b36163f530f5479f57478588/execute/async - {"script":"<script> [1562 bytes]","args":[{"selector":{"controlType":"sap.m.Text","viewName":"etm.portal.ui.managecontractstile.view.Master","properties":{"text":"Manage Contracts"},"interaction":{"idSuffix":"inner"}},"wdio_ui5_key":"etmportal.ui.managecontractstile.view.Mastersap.m.Text{\"text\":\"Manage Contracts\"}"}]}
RESULT: {"script":"<script> [1562 bytes]","args":[{"selector":{"controlType":"sap.m.Text","viewName":"etm.portal.ui.managecontractstile.view.Master","properties":{"text":"Manage Contracts"},"interaction":{"idSuffix":"inner"}},"wdio_ui5_key":"etmportal.ui.managecontractstile.view.Mastersap.m.Text{\"text\":\"Manage Contracts\"}"}]}
RESULT: undefined
COMMAND: POST /session/3e4ceb57b36163f530f5479f57478588/element - {"using":"xpath","value":"//*[@id=\"__tile130-title\"]"}
RESULT: {"using":"xpath","value":"//*[@id=\"__tile130-title\"]"}
COMMAND: POST /session/3e4ceb57b36163f530f5479f57478588/element/f.504C58434384A4EE898B1C568961733A.d.2EC66A1E28ABCB3FB3C6676E32A2F9E0.e.10766/click - {}
RESULT: {}
COMMAND: GET /session/3e4ceb57b36163f530f5479f57478588/screenshot - {}
COMMAND: POST /session/3e4ceb57b36163f530f5479f57478588/element - {"using":"xpath","value":"//button[@data-kt=\"addButton\"]"}
RESULT: undefined
RESULT: undefined
RESULT: {}
RESULT: {"using":"xpath","value":"//button[@data-kt=\"addButton\"]"}
COMMAND: POST /session/3e4ceb57b36163f530f5479f57478588/elements - {"using":"xpath","value":"//button[@data-kt=\"addButton\"]"}
RESULT: {"using":"xpath","value":"//button[@data-kt=\"addButton\"]"}
COMMAND: POST /session/3e4ceb57b36163f530f5479f57478588/execute/sync - {"script":"<script> [8489 bytes]","args":[{"element-6066-11e4-a52e-4f735466cecf":"f.504C58434384A4EE898B1C568961733A.d.2EC66A1E28ABCB3FB3C6676E32A2F9E0.e.10835","ELEMENT":"f.504C58434384A4EE898B1C568961733A.d.2EC66A1E28ABCB3FB3C6676E32A2F9E0.e.10835"}]}
RESULT: {"script":"<script> [8489 bytes]","args":[{"element-6066-11e4-a52e-4f735466cecf":"f.504C58434384A4EE898B1C568961733A.d.2EC66A1E28ABCB3FB3C6676E32A2F9E0.e.10835","ELEMENT":"f.504C58434384A4EE898B1C568961733A.d.2EC66A1E28ABCB3FB3C6676E32A2F9E0.e.10835"}]}
COMMAND: GET /session/3e4ceb57b36163f530f5479f57478588/element/f.504C58434384A4EE898B1C568961733A.d.2EC66A1E28ABCB3FB3C6676E32A2F9E0.e.10835/enabled - {}
COMMAND: GET /session/3e4ceb57b36163f530f5479f57478588/screenshot - {}
RESULT: {}
COMMAND: POST /session/3e4ceb57b36163f530f5479f57478588/execute/sync - {"script":"<script> [8489 bytes]","args":[{"element-6066-11e4-a52e-4f735466cecf":"f.504C58434384A4EE898B1C568961733A.d.2EC66A1E28ABCB3FB3C6676E32A2F9E0.e.10835","ELEMENT":"f.504C58434384A4EE898B1C568961733A.d.2EC66A1E28ABCB3FB3C6676E32A2F9E0.e.10835"}]}
COMMAND: GET /session/3e4ceb57b36163f530f5479f57478588/screenshot - {}
RESULT: {}
RESULT: {"script":"<script> [8489 bytes]","args":[{"element-6066-11e4-a52e-4f735466cecf":"f.504C58434384A4EE898B1C568961733A.d.2EC66A1E28ABCB3FB3C6676E32A2F9E0.e.10835","ELEMENT":"f.504C58434384A4EE898B1C568961733A.d.2EC66A1E28ABCB3FB3C6676E32A2F9E0.e.10835"}]}
COMMAND: POST /session/3e4ceb57b36163f530f5479f57478588/execute/sync - {"script":"<script> [5351 bytes]","args":[{"element-6066-11e4-a52e-4f735466cecf":"f.504C58434384A4EE898B1C568961733A.d.2EC66A1E28ABCB3FB3C6676E32A2F9E0.e.10835","ELEMENT":"f.504C58434384A4EE898B1C568961733A.d.2EC66A1E28ABCB3FB3C6676E32A2F9E0.e.10835"}]}
COMMAND: GET /session/3e4ceb57b36163f530f5479f57478588/screenshot - {}
RESULT: {}
RESULT: {"script":"<script> [5351 bytes]","args":[{"element-6066-11e4-a52e-4f735466cecf":"f.504C58434384A4EE898B1C568961733A.d.2EC66A1E28ABCB3FB3C6676E32A2F9E0.e.10835","ELEMENT":"f.504C58434384A4EE898B1C568961733A.d.2EC66A1E28ABCB3FB3C6676E32A2F9E0.e.10835"}]}
COMMAND: GET /session/3e4ceb57b36163f530f5479f57478588/screenshot - {}
RESULT: {}
RESULT: {}
COMMAND: POST /session/3e4ceb57b36163f530f5479f57478588/element/f.504C58434384A4EE898B1C568961733A.d.2EC66A1E28ABCB3FB3C6676E32A2F9E0.e.10835/click - {}
RESULT: {}
COMMAND: GET /session/3e4ceb57b36163f530f5479f57478588/screenshot - {}
COMMAND: POST /session/3e4ceb57b36163f530f5479f57478588/execute/async - {"script":"<script> [1562 bytes]","args":[{"selector":{"id":"application-managecontracts-display-component---AddNewContract--projectDescription","interaction":{"idSuffix":"inner"}},"wdio_ui5_key":"applicationmanagecontracts-display-component---AddNewContract--projectDescription"}]}
RESULT: {}
RESULT: {"script":"<script> [1562 bytes]","args":[{"selector":{"id":"application-managecontracts-display-component---AddNewContract--projectDescription","interaction":{"idSuffix":"inner"}},"wdio_ui5_key":"applicationmanagecontracts-display-component---AddNewContract--projectDescription"}]}
RESULT: undefined
COMMAND: POST /session/3e4ceb57b36163f530f5479f57478588/execute/async - {"script":"<script> [776 bytes]","args":[{"enterText":"Contract WDIO","selector":{"id":"application-managecontracts-display-component---AddNewContract--projectDescription","interaction":{"idSuffix":"inner"}},"clearTextFirst":true,"interactionType":"ENTER_TEXT"}]}
RESULT: {"script":"<script> [776 bytes]","args":[{"enterText":"Contract WDIO","selector":{"id":"application-managecontracts-display-component---AddNewContract--projectDescription","interaction":{"idSuffix":"inner"}},"clearTextFirst":true,"interactionType":"ENTER_TEXT"}]}
COMMAND: POST /session/3e4ceb57b36163f530f5479f57478588/element - {"using":"xpath","value":"//input[@id=\"application-managecontracts-display-component---AddNewContract--site-inner\"]"}
RESULT: {"using":"xpath","value":"//input[@id=\"application-managecontracts-display-component---AddNewContract--site-inner\"]"}
COMMAND: POST /session/3e4ceb57b36163f530f5479f57478588/element/f.504C58434384A4EE898B1C568961733A.d.2EC66A1E28ABCB3FB3C6676E32A2F9E0.e.11162/clear - {}
RESULT: {}
COMMAND: POST /session/3e4ceb57b36163f530f5479f57478588/element/f.504C58434384A4EE898B1C568961733A.d.2EC66A1E28ABCB3FB3C6676E32A2F9E0.e.11162/value - {"text":"2108"}
COMMAND: GET /session/3e4ceb57b36163f530f5479f57478588/screenshot - {}
RESULT: {"text":"2108"}
COMMAND: GET /session/3e4ceb57b36163f530f5479f57478588/screenshot - {}
RESULT: {}
RESULT: {}
COMMAND: POST /session/3e4ceb57b36163f530f5479f57478588/element - {"using":"xpath","value":"//li[.//span[text()='2108']]"}
RESULT: {"using":"xpath","value":"//li[.//span[text()='2108']]"}
COMMAND: POST /session/3e4ceb57b36163f530f5479f57478588/element/f.504C58434384A4EE898B1C568961733A.d.2EC66A1E28ABCB3FB3C6676E32A2F9E0.e.11186/click - {}
RESULT: {}
COMMAND: GET /session/3e4ceb57b36163f530f5479f57478588/screenshot - {}
RESULT: {}
COMMAND: POST /session/3e4ceb57b36163f530f5479f57478588/element - {"using":"xpath","value":"//input[@id=\"application-managecontracts-display-component---AddNewContract--yardId-inner\"]"}
RESULT: {"using":"xpath","value":"//input[@id=\"application-managecontracts-display-component---AddNewContract--yardId-inner\"]"}
COMMAND: GET /session/3e4ceb57b36163f530f5479f57478588/element/f.504C58434384A4EE898B1C568961733A.d.2EC66A1E28ABCB3FB3C6676E32A2F9E0.e.11163/property/value - {}
RESULT: {}
COMMAND: POST /session/3e4ceb57b36163f530f5479f57478588/element - {"using":"xpath","value":"//input[@id=\"application-managecontracts-display-component---AddNewContract--customerSelect-inner\"]"}
COMMAND: GET /session/3e4ceb57b36163f530f5479f57478588/screenshot - {}
RESULT: {"using":"xpath","value":"//input[@id=\"application-managecontracts-display-component---AddNewContract--customerSelect-inner\"]"}
COMMAND: POST /session/3e4ceb57b36163f530f5479f57478588/element/f.504C58434384A4EE898B1C568961733A.d.2EC66A1E28ABCB3FB3C6676E32A2F9E0.e.11161/clear - {}
RESULT: {}
RESULT: {}
COMMAND: POST /session/3e4ceb57b36163f530f5479f57478588/element/f.504C58434384A4EE898B1C568961733A.d.2EC66A1E28ABCB3FB3C6676E32A2F9E0.e.11161/value - {"text":"1120"}
COMMAND: GET /session/3e4ceb57b36163f530f5479f57478588/screenshot - {}
RESULT: {"text":"1120"}
COMMAND: GET /session/3e4ceb57b36163f530f5479f57478588/screenshot - {}
RESULT: {}
RESULT: {}
COMMAND: POST /session/3e4ceb57b36163f530f5479f57478588/element - {"using":"xpath","value":"//li[.//span[text()='1120']]"}
RESULT: {"using":"xpath","value":"//li[.//span[text()='1120']]"}
COMMAND: POST /session/3e4ceb57b36163f530f5479f57478588/element/f.504C58434384A4EE898B1C568961733A.d.2EC66A1E28ABCB3FB3C6676E32A2F9E0.e.11189/click - {}
RESULT: {}
COMMAND: GET /session/3e4ceb57b36163f530f5479f57478588/screenshot - {}
RESULT: {}
COMMAND: POST /session/3e4ceb57b36163f530f5479f57478588/element - {"using":"xpath","value":"//button[@data-kt=\"saveButton\"]"}
RESULT: {"using":"xpath","value":"//button[@data-kt=\"saveButton\"]"}
COMMAND: POST /session/3e4ceb57b36163f530f5479f57478588/element/f.504C58434384A4EE898B1C568961733A.d.2EC66A1E28ABCB3FB3C6676E32A2F9E0.e.11179/click - {}
RESULT: {}
COMMAND: GET /session/3e4ceb57b36163f530f5479f57478588/screenshot - {}
RESULT: {}
COMMAND: POST /session/3e4ceb57b36163f530f5479f57478588/element - {"using":"xpath","value":"//span[contains(@id ,\"contractDetailTitleNoExpanded\")]"}
RESULT: {"using":"xpath","value":"//span[contains(@id ,\"contractDetailTitleNoExpanded\")]"}
COMMAND: POST /session/3e4ceb57b36163f530f5479f57478588/elements - {"using":"xpath","value":"//span[contains(@id ,\"contractDetailTitleNoExpanded\")]"}
RESULT: {"using":"xpath","value":"//span[contains(@id ,\"contractDetailTitleNoExpanded\")]"}
COMMAND: POST /session/3e4ceb57b36163f530f5479f57478588/execute/sync - {"script":"<script> [56 bytes]","args":[{"element-6066-11e4-a52e-4f735466cecf":"f.504C58434384A4EE898B1C568961733A.d.2EC66A1E28ABCB3FB3C6676E32A2F9E0.e.11200","ELEMENT":"f.504C58434384A4EE898B1C568961733A.d.2EC66A1E28ABCB3FB3C6676E32A2F9E0.e.11200"}]}
RESULT: {"script":"<script> [56 bytes]","args":[{"element-6066-11e4-a52e-4f735466cecf":"f.504C58434384A4EE898B1C568961733A.d.2EC66A1E28ABCB3FB3C6676E32A2F9E0.e.11200","ELEMENT":"f.504C58434384A4EE898B1C568961733A.d.2EC66A1E28ABCB3FB3C6676E32A2F9E0.e.11200"}]}
COMMAND: GET /session/3e4ceb57b36163f530f5479f57478588/screenshot - {}
RESULT: {}
]]></system-out>
    </testcase>
    <testcase classname="chrome.135_0_7049_42.windows.Billing_Transfer_-_Intracompany_US127249" name="Should add equipment to the contract" time="42.144">
      <system-out><![CDATA[
COMMAND: POST /session/3e4ceb57b36163f530f5479f57478588/element - {"using":"xpath","value":"//button[@data-kt=\"contractDetailEditBtnButton\"]"}
RESULT: {"using":"xpath","value":"//button[@data-kt=\"contractDetailEditBtnButton\"]"}
COMMAND: POST /session/3e4ceb57b36163f530f5479f57478588/element/f.504C58434384A4EE898B1C568961733A.d.2EC66A1E28ABCB3FB3C6676E32A2F9E0.e.11201/click - {}
RESULT: {}
COMMAND: GET /session/3e4ceb57b36163f530f5479f57478588/screenshot - {}
RESULT: {}
COMMAND: POST /session/3e4ceb57b36163f530f5479f57478588/element - {"using":"xpath","value":"(//span[contains(text(), \"Additional Addresses\")])[2]"}
RESULT: {"using":"xpath","value":"(//span[contains(text(), \"Additional Addresses\")])[2]"}
COMMAND: POST /session/3e4ceb57b36163f530f5479f57478588/element/f.504C58434384A4EE898B1C568961733A.d.2EC66A1E28ABCB3FB3C6676E32A2F9E0.e.11256/click - {}
RESULT: {}
COMMAND: GET /session/3e4ceb57b36163f530f5479f57478588/screenshot - {}
RESULT: {}
COMMAND: POST /session/3e4ceb57b36163f530f5479f57478588/element - {"using":"xpath","value":"//button[@data-kt=\"btnAddTableRowOverflowToolbarButton\"]"}
RESULT: {"using":"xpath","value":"//button[@data-kt=\"btnAddTableRowOverflowToolbarButton\"]"}
COMMAND: POST /session/3e4ceb57b36163f530f5479f57478588/element/f.504C58434384A4EE898B1C568961733A.d.2EC66A1E28ABCB3FB3C6676E32A2F9E0.e.11259/click - {}
RESULT: {}
COMMAND: GET /session/3e4ceb57b36163f530f5479f57478588/screenshot - {}
RESULT: {}
COMMAND: POST /session/3e4ceb57b36163f530f5479f57478588/element - {"using":"xpath","value":"//div[(text() = 'Standard Entry' or . = 'Standard Entry')]"}
RESULT: {"using":"xpath","value":"//div[(text() = 'Standard Entry' or . = 'Standard Entry')]"}
COMMAND: POST /session/3e4ceb57b36163f530f5479f57478588/element/f.504C58434384A4EE898B1C568961733A.d.2EC66A1E28ABCB3FB3C6676E32A2F9E0.e.11261/click - {}
RESULT: {}
COMMAND: GET /session/3e4ceb57b36163f530f5479f57478588/screenshot - {}
RESULT: {}
COMMAND: POST /session/3e4ceb57b36163f530f5479f57478588/element - {"using":"xpath","value":"//td[7]/div/div/input"}
RESULT: {"using":"xpath","value":"//td[7]/div/div/input"}
COMMAND: POST /session/3e4ceb57b36163f530f5479f57478588/element/f.504C58434384A4EE898B1C568961733A.d.2EC66A1E28ABCB3FB3C6676E32A2F9E0.e.11270/clear - {}
RESULT: {}
COMMAND: POST /session/3e4ceb57b36163f530f5479f57478588/element/f.504C58434384A4EE898B1C568961733A.d.2EC66A1E28ABCB3FB3C6676E32A2F9E0.e.11270/value - {"text":"1Oex9CLRry"}
COMMAND: GET /session/3e4ceb57b36163f530f5479f57478588/screenshot - {}
RESULT: {"text":"1Oex9CLRry"}
COMMAND: GET /session/3e4ceb57b36163f530f5479f57478588/screenshot - {}
RESULT: {}
RESULT: {}
COMMAND: POST /session/3e4ceb57b36163f530f5479f57478588/actions - {"actions":[{"id":"action38","type":"key","parameters":{},"actions":[{"type":"keyDown","value":""},{"type":"pause","duration":10},{"type":"keyUp","value":""}]}]}
RESULT: {"actions":[{"id":"action38","type":"key","parameters":{},"actions":[{"type":"keyDown","value":""},{"type":"pause","duration":10},{"type":"keyUp","value":""}]}]}
COMMAND: GET /session/3e4ceb57b36163f530f5479f57478588/screenshot - {}
RESULT: {}
COMMAND: POST /session/3e4ceb57b36163f530f5479f57478588/element - {"using":"xpath","value":"(//button[@data-kt=\"saveButton\"])[2]"}
RESULT: {"using":"xpath","value":"(//button[@data-kt=\"saveButton\"])[2]"}
COMMAND: POST /session/3e4ceb57b36163f530f5479f57478588/element/f.504C58434384A4EE898B1C568961733A.d.2EC66A1E28ABCB3FB3C6676E32A2F9E0.e.11285/click - {}
RESULT: {}
COMMAND: GET /session/3e4ceb57b36163f530f5479f57478588/screenshot - {}
RESULT: {}
COMMAND: POST /session/3e4ceb57b36163f530f5479f57478588/element - {"using":"xpath","value":"//span[contains(@id ,\"contractItemsSmartTable-header-inner\")]"}
RESULT: {"using":"xpath","value":"//span[contains(@id ,\"contractItemsSmartTable-header-inner\")]"}
COMMAND: POST /session/3e4ceb57b36163f530f5479f57478588/elements - {"using":"xpath","value":"//span[contains(@id ,\"contractItemsSmartTable-header-inner\")]"}
RESULT: {"using":"xpath","value":"//span[contains(@id ,\"contractItemsSmartTable-header-inner\")]"}
COMMAND: POST /session/3e4ceb57b36163f530f5479f57478588/execute/sync - {"script":"<script> [56 bytes]","args":[{"element-6066-11e4-a52e-4f735466cecf":"f.504C58434384A4EE898B1C568961733A.d.2EC66A1E28ABCB3FB3C6676E32A2F9E0.e.11293","ELEMENT":"f.504C58434384A4EE898B1C568961733A.d.2EC66A1E28ABCB3FB3C6676E32A2F9E0.e.11293"}]}
RESULT: {"script":"<script> [56 bytes]","args":[{"element-6066-11e4-a52e-4f735466cecf":"f.504C58434384A4EE898B1C568961733A.d.2EC66A1E28ABCB3FB3C6676E32A2F9E0.e.11293","ELEMENT":"f.504C58434384A4EE898B1C568961733A.d.2EC66A1E28ABCB3FB3C6676E32A2F9E0.e.11293"}]}
]]></system-out>
    </testcase>
    <testcase classname="chrome.135_0_7049_42.windows.Billing_Transfer_-_Intracompany_US127249" name="Should do a provide to site handover" time="55.277">
      <system-out><![CDATA[
COMMAND: POST /session/3e4ceb57b36163f530f5479f57478588/element - {"using":"xpath","value":"//button[@data-kt=\"provideButton\"]"}
COMMAND: GET /session/3e4ceb57b36163f530f5479f57478588/screenshot - {}
RESULT: {"using":"xpath","value":"//button[@data-kt=\"provideButton\"]"}
COMMAND: POST /session/3e4ceb57b36163f530f5479f57478588/element/f.504C58434384A4EE898B1C568961733A.d.2EC66A1E28ABCB3FB3C6676E32A2F9E0.e.11294/click - {}
RESULT: {}
RESULT: {}
COMMAND: GET /session/3e4ceb57b36163f530f5479f57478588/screenshot - {}
RESULT: {}
RESULT: undefined
COMMAND: POST /session/3e4ceb57b36163f530f5479f57478588/execute/async - {"script":"<script> [6424 bytes]","args":[{"element-6066-11e4-a52e-4f735466cecf":"f.504C58434384A4EE898B1C568961733A.d.2EC66A1E28ABCB3FB3C6676E32A2F9E0.e.10358"},"setValue",["04/13/2025"]]}
COMMAND: POST /session/3e4ceb57b36163f530f5479f57478588/execute/async - {"script":"<script> [1562 bytes]","args":[{"selector":{"id":"application-managehandovers-display-component---AddNewHO--dueDate","interaction":{"idSuffix":"inner"}},"wdio_ui5_key":"applicationmanagehandovers-display-component---AddNewHO--dueDate"}]}
RESULT: {"script":"<script> [1562 bytes]","args":[{"selector":{"id":"application-managehandovers-display-component---AddNewHO--dueDate","interaction":{"idSuffix":"inner"}},"wdio_ui5_key":"applicationmanagehandovers-display-component---AddNewHO--dueDate"}]}
COMMAND: POST /session/3e4ceb57b36163f530f5479f57478588/execute/async - {"script":"<script> [6424 bytes]","args":[{"element-6066-11e4-a52e-4f735466cecf":"f.504C58434384A4EE898B1C568961733A.d.2EC66A1E28ABCB3FB3C6676E32A2F9E0.e.11380"},"setValue",["04/13/2025"]]}
RESULT: {"script":"<script> [6424 bytes]","args":[{"element-6066-11e4-a52e-4f735466cecf":"f.504C58434384A4EE898B1C568961733A.d.2EC66A1E28ABCB3FB3C6676E32A2F9E0.e.11380"},"setValue",["04/13/2025"]]}
COMMAND: POST /session/3e4ceb57b36163f530f5479f57478588/element - {"using":"xpath","value":"//bdi[contains(text(), \"Instructions\")]"}
RESULT: {"using":"xpath","value":"//bdi[contains(text(), \"Instructions\")]"}
COMMAND: POST /session/3e4ceb57b36163f530f5479f57478588/element/f.504C58434384A4EE898B1C568961733A.d.2EC66A1E28ABCB3FB3C6676E32A2F9E0.e.11600/click - {}
RESULT: {}
COMMAND: GET /session/3e4ceb57b36163f530f5479f57478588/screenshot - {}
RESULT: {}
COMMAND: POST /session/3e4ceb57b36163f530f5479f57478588/element - {"using":"xpath","value":"//button[@data-kt=\"AddNewHOProvideAddItemsButton\"]"}
RESULT: {"using":"xpath","value":"//button[@data-kt=\"AddNewHOProvideAddItemsButton\"]"}
COMMAND: POST /session/3e4ceb57b36163f530f5479f57478588/element/f.504C58434384A4EE898B1C568961733A.d.2EC66A1E28ABCB3FB3C6676E32A2F9E0.e.11604/click - {}
RESULT: {}
COMMAND: GET /session/3e4ceb57b36163f530f5479f57478588/screenshot - {}
RESULT: {}
RESULT: undefined
COMMAND: POST /session/3e4ceb57b36163f530f5479f57478588/element - {"using":"xpath","value":"//*[@id=\"application-managehandovers-display-component---AddNewHO--popup-sa\"]"}
RESULT: {"using":"xpath","value":"//*[@id=\"application-managehandovers-display-component---AddNewHO--popup-sa\"]"}
COMMAND: POST /session/3e4ceb57b36163f530f5479f57478588/element/f.504C58434384A4EE898B1C568961733A.d.2EC66A1E28ABCB3FB3C6676E32A2F9E0.e.11613/click - {}
RESULT: {}
COMMAND: GET /session/3e4ceb57b36163f530f5479f57478588/screenshot - {}
RESULT: {}
COMMAND: POST /session/3e4ceb57b36163f530f5479f57478588/element - {"using":"xpath","value":"//*[contains(@id ,\"BDI-content\")][contains(text(), \"Select\")]"}
RESULT: {"using":"xpath","value":"//*[contains(@id ,\"BDI-content\")][contains(text(), \"Select\")]"}
COMMAND: POST /session/3e4ceb57b36163f530f5479f57478588/element/f.504C58434384A4EE898B1C568961733A.d.2EC66A1E28ABCB3FB3C6676E32A2F9E0.e.11615/click - {}
RESULT: {}
COMMAND: GET /session/3e4ceb57b36163f530f5479f57478588/screenshot - {}
RESULT: {}
COMMAND: POST /session/3e4ceb57b36163f530f5479f57478588/execute/async - {"script":"<script> [1562 bytes]","args":[{"selector":{"id":"application-managehandovers-display-component---AddNewHO--confirmCreationButton","interaction":{"idSuffix":"BDI-content"}},"wdio_ui5_key":"applicationmanagehandovers-display-component---AddNewHO--confirmCreationButton"}]}
RESULT: {"script":"<script> [1562 bytes]","args":[{"selector":{"id":"application-managehandovers-display-component---AddNewHO--confirmCreationButton","interaction":{"idSuffix":"BDI-content"}},"wdio_ui5_key":"applicationmanagehandovers-display-component---AddNewHO--confirmCreationButton"}]}
RESULT: undefined
COMMAND: POST /session/3e4ceb57b36163f530f5479f57478588/element - {"using":"xpath","value":"//*[@id=\"application-managehandovers-display-component---AddNewHO--confirmCreationButton\"]"}
RESULT: {"using":"xpath","value":"//*[@id=\"application-managehandovers-display-component---AddNewHO--confirmCreationButton\"]"}
COMMAND: POST /session/3e4ceb57b36163f530f5479f57478588/element/f.504C58434384A4EE898B1C568961733A.d.2EC66A1E28ABCB3FB3C6676E32A2F9E0.e.11426/click - {}
RESULT: {}
COMMAND: GET /session/3e4ceb57b36163f530f5479f57478588/screenshot - {}
RESULT: {}
COMMAND: POST /session/3e4ceb57b36163f530f5479f57478588/element - {"using":"xpath","value":"//button[@data-kt=\"PickingTableConfirmAllButton\"]"}
RESULT: {"using":"xpath","value":"//button[@data-kt=\"PickingTableConfirmAllButton\"]"}
COMMAND: POST /session/3e4ceb57b36163f530f5479f57478588/element/f.504C58434384A4EE898B1C568961733A.d.2EC66A1E28ABCB3FB3C6676E32A2F9E0.e.11653/click - {}
COMMAND: POST /session/3e4ceb57b36163f530f5479f57478588/element - {"using":"xpath","value":"//button[@data-kt=\"PickingTableConfirmAllButton\"]"}
RESULT: {"using":"xpath","value":"//button[@data-kt=\"PickingTableConfirmAllButton\"]"}
COMMAND: POST /session/3e4ceb57b36163f530f5479f57478588/element/f.504C58434384A4EE898B1C568961733A.d.2EC66A1E28ABCB3FB3C6676E32A2F9E0.e.11653/click - {}
COMMAND: POST /session/3e4ceb57b36163f530f5479f57478588/element - {"using":"xpath","value":"//button[@data-kt=\"PickingTableConfirmAllButton\"]"}
RESULT: {"using":"xpath","value":"//button[@data-kt=\"PickingTableConfirmAllButton\"]"}
COMMAND: POST /session/3e4ceb57b36163f530f5479f57478588/element/f.504C58434384A4EE898B1C568961733A.d.2EC66A1E28ABCB3FB3C6676E32A2F9E0.e.11666/click - {}
RESULT: {}
COMMAND: GET /session/3e4ceb57b36163f530f5479f57478588/screenshot - {}
RESULT: {}
COMMAND: POST /session/3e4ceb57b36163f530f5479f57478588/element - {"using":"xpath","value":"//bdi[contains(text(), \"OK\")]"}
RESULT: {"using":"xpath","value":"//bdi[contains(text(), \"OK\")]"}
COMMAND: POST /session/3e4ceb57b36163f530f5479f57478588/element/f.504C58434384A4EE898B1C568961733A.d.2EC66A1E28ABCB3FB3C6676E32A2F9E0.e.11678/click - {}
RESULT: {}
COMMAND: GET /session/3e4ceb57b36163f530f5479f57478588/screenshot - {}
RESULT: {}
COMMAND: POST /session/3e4ceb57b36163f530f5479f57478588/element - {"using":"xpath","value":"//bdi[contains(text(), \"Issue\")]"}
RESULT: {"using":"xpath","value":"//bdi[contains(text(), \"Issue\")]"}
COMMAND: POST /session/3e4ceb57b36163f530f5479f57478588/element/f.504C58434384A4EE898B1C568961733A.d.2EC66A1E28ABCB3FB3C6676E32A2F9E0.e.11679/click - {}
RESULT: {}
COMMAND: GET /session/3e4ceb57b36163f530f5479f57478588/screenshot - {}
RESULT: {}
COMMAND: POST /session/3e4ceb57b36163f530f5479f57478588/element - {"using":"css selector","value":"#shell-header-logo"}
RESULT: {"using":"css selector","value":"#shell-header-logo"}
COMMAND: POST /session/3e4ceb57b36163f530f5479f57478588/element/f.504C58434384A4EE898B1C568961733A.d.2EC66A1E28ABCB3FB3C6676E32A2F9E0.e.10769/click - {}
RESULT: {}
COMMAND: GET /session/3e4ceb57b36163f530f5479f57478588/screenshot - {}
RESULT: {}
]]></system-out>
    </testcase>
    <testcase classname="chrome.135_0_7049_42.windows.Billing_Transfer_-_Intracompany_US127249" name="Should go navigate to Manage Billings and trigger contract calculation check result" time="54.896">
      <system-out><![CDATA[
COMMAND: POST /session/3e4ceb57b36163f530f5479f57478588/execute/async - {"script":"<script> [1562 bytes]","args":[{"selector":{"controlType":"sap.m.GenericTile","properties":{"header":"Manage Billings"}},"wdio_ui5_key":"sapm.GenericTile{\"header\":\"Manage Billings\"}"}]}
RESULT: {"script":"<script> [1562 bytes]","args":[{"selector":{"controlType":"sap.m.GenericTile","properties":{"header":"Manage Billings"}},"wdio_ui5_key":"sapm.GenericTile{\"header\":\"Manage Billings\"}"}]}
RESULT: undefined
COMMAND: POST /session/3e4ceb57b36163f530f5479f57478588/element - {"using":"xpath","value":"//*[@id=\"__tile51\"]"}
RESULT: {"using":"xpath","value":"//*[@id=\"__tile51\"]"}
COMMAND: POST /session/3e4ceb57b36163f530f5479f57478588/element/f.504C58434384A4EE898B1C568961733A.d.2EC66A1E28ABCB3FB3C6676E32A2F9E0.e.11857/click - {}
RESULT: {}
COMMAND: GET /session/3e4ceb57b36163f530f5479f57478588/screenshot - {}
COMMAND: POST /session/3e4ceb57b36163f530f5479f57478588/execute/async - {"script":"<script> [1562 bytes]","args":[{"selector":{"id":"application-managebillings-display-component---billRunCalcResult--smartFilterBar-btnBasicSearch","interaction":{"idSuffix":"I"}},"wdio_ui5_key":"applicationmanagebillings-display-component---billRunCalcResult--smartFilterBar-btnBasicSearch"}]}
RESULT: {}
RESULT: {"script":"<script> [1562 bytes]","args":[{"selector":{"id":"application-managebillings-display-component---billRunCalcResult--smartFilterBar-btnBasicSearch","interaction":{"idSuffix":"I"}},"wdio_ui5_key":"applicationmanagebillings-display-component---billRunCalcResult--smartFilterBar-btnBasicSearch"}]}
RESULT: undefined
COMMAND: POST /session/3e4ceb57b36163f530f5479f57478588/execute/async - {"script":"<script> [776 bytes]","args":[{"enterText":"10182","selector":{"id":"application-managebillings-display-component---billRunCalcResult--smartFilterBar-btnBasicSearch","interaction":{"idSuffix":"I"}},"clearTextFirst":true,"interactionType":"ENTER_TEXT"}]}
RESULT: {"script":"<script> [776 bytes]","args":[{"enterText":"10182","selector":{"id":"application-managebillings-display-component---billRunCalcResult--smartFilterBar-btnBasicSearch","interaction":{"idSuffix":"I"}},"clearTextFirst":true,"interactionType":"ENTER_TEXT"}]}
COMMAND: POST /session/3e4ceb57b36163f530f5479f57478588/actions - {"actions":[{"id":"action39","type":"key","parameters":{},"actions":[{"type":"keyDown","value":""},{"type":"pause","duration":10},{"type":"keyUp","value":""}]}]}
RESULT: {"actions":[{"id":"action39","type":"key","parameters":{},"actions":[{"type":"keyDown","value":""},{"type":"pause","duration":10},{"type":"keyUp","value":""}]}]}
COMMAND: GET /session/3e4ceb57b36163f530f5479f57478588/screenshot - {}
RESULT: {}
COMMAND: POST /session/3e4ceb57b36163f530f5479f57478588/element - {"using":"xpath","value":"//td[@aria-colindex=\"1\"]/div/div[contains(@class, \"sapMCbBg\")]"}
RESULT: {"using":"xpath","value":"//td[@aria-colindex=\"1\"]/div/div[contains(@class, \"sapMCbBg\")]"}
COMMAND: POST /session/3e4ceb57b36163f530f5479f57478588/element/f.504C58434384A4EE898B1C568961733A.d.2EC66A1E28ABCB3FB3C6676E32A2F9E0.e.12069/click - {}
RESULT: {}
COMMAND: GET /session/3e4ceb57b36163f530f5479f57478588/screenshot - {}
RESULT: {}
COMMAND: POST /session/3e4ceb57b36163f530f5479f57478588/execute/async - {"script":"<script> [1562 bytes]","args":[{"selector":{"id":"application-managebillings-display-component---billRunCalcResult--contractBillRunDate","interaction":{"idSuffix":"inner"}},"wdio_ui5_key":"applicationmanagebillings-display-component---billRunCalcResult--contractBillRunDate"}]}
RESULT: {"script":"<script> [1562 bytes]","args":[{"selector":{"id":"application-managebillings-display-component---billRunCalcResult--contractBillRunDate","interaction":{"idSuffix":"inner"}},"wdio_ui5_key":"applicationmanagebillings-display-component---billRunCalcResult--contractBillRunDate"}]}
RESULT: undefined
COMMAND: POST /session/3e4ceb57b36163f530f5479f57478588/execute/async - {"script":"<script> [776 bytes]","args":[{"enterText":"04/13/25","selector":{"id":"application-managebillings-display-component---billRunCalcResult--contractBillRunDate","interaction":{"idSuffix":"inner"}},"clearTextFirst":true,"interactionType":"ENTER_TEXT"}]}
RESULT: {"script":"<script> [776 bytes]","args":[{"enterText":"04/13/25","selector":{"id":"application-managebillings-display-component---billRunCalcResult--contractBillRunDate","interaction":{"idSuffix":"inner"}},"clearTextFirst":true,"interactionType":"ENTER_TEXT"}]}
COMMAND: POST /session/3e4ceb57b36163f530f5479f57478588/element - {"using":"xpath","value":"//bdi[contains(text(), \"Trigger Calculation\")]"}
RESULT: {"using":"xpath","value":"//bdi[contains(text(), \"Trigger Calculation\")]"}
COMMAND: POST /session/3e4ceb57b36163f530f5479f57478588/element/f.504C58434384A4EE898B1C568961733A.d.2EC66A1E28ABCB3FB3C6676E32A2F9E0.e.12089/click - {}
RESULT: {}
COMMAND: GET /session/3e4ceb57b36163f530f5479f57478588/screenshot - {}
RESULT: {}
COMMAND: POST /session/3e4ceb57b36163f530f5479f57478588/element - {"using":"xpath","value":"(//span[contains(@id, \"imgNav\")])[1]"}
RESULT: {"using":"xpath","value":"(//span[contains(@id, \"imgNav\")])[1]"}
COMMAND: POST /session/3e4ceb57b36163f530f5479f57478588/element/f.504C58434384A4EE898B1C568961733A.d.2EC66A1E28ABCB3FB3C6676E32A2F9E0.e.12083/click - {}
RESULT: {}
COMMAND: GET /session/3e4ceb57b36163f530f5479f57478588/screenshot - {}
RESULT: {}
COMMAND: POST /session/3e4ceb57b36163f530f5479f57478588/element - {"using":"xpath","value":"//tr/td[6]/div[1]/span[1]/span[1]"}
RESULT: {"using":"xpath","value":"//tr/td[6]/div[1]/span[1]/span[1]"}
COMMAND: GET /session/3e4ceb57b36163f530f5479f57478588/element/f.504C58434384A4EE898B1C568961733A.d.2EC66A1E28ABCB3FB3C6676E32A2F9E0.e.12094/text - {}
RESULT: {}
COMMAND: POST /session/3e4ceb57b36163f530f5479f57478588/element - {"using":"xpath","value":"(//span[contains(@id, \"imgNav\")])[2]"}
RESULT: {"using":"xpath","value":"(//span[contains(@id, \"imgNav\")])[2]"}
COMMAND: POST /session/3e4ceb57b36163f530f5479f57478588/element/f.504C58434384A4EE898B1C568961733A.d.2EC66A1E28ABCB3FB3C6676E32A2F9E0.e.12095/click - {}
RESULT: {}
COMMAND: POST /session/3e4ceb57b36163f530f5479f57478588/element - {"using":"xpath","value":"//bdi[contains(text(), \"Business Confirm\")]"}
COMMAND: GET /session/3e4ceb57b36163f530f5479f57478588/screenshot - {}
RESULT: {"using":"xpath","value":"//bdi[contains(text(), \"Business Confirm\")]"}
COMMAND: POST /session/3e4ceb57b36163f530f5479f57478588/elements - {"using":"xpath","value":"//bdi[contains(text(), \"Business Confirm\")]"}
RESULT: {}
RESULT: {"using":"xpath","value":"//bdi[contains(text(), \"Business Confirm\")]"}
COMMAND: POST /session/3e4ceb57b36163f530f5479f57478588/element - {"using":"xpath","value":"//bdi[contains(text(), \"Business Confirm\")]"}
RESULT: {"using":"xpath","value":"//bdi[contains(text(), \"Business Confirm\")]"}
COMMAND: POST /session/3e4ceb57b36163f530f5479f57478588/element/f.504C58434384A4EE898B1C568961733A.d.2EC66A1E28ABCB3FB3C6676E32A2F9E0.e.12165/click - {}
RESULT: {}
COMMAND: POST /session/3e4ceb57b36163f530f5479f57478588/element - {"using":"css selector","value":"#shell-header-logo"}
COMMAND: GET /session/3e4ceb57b36163f530f5479f57478588/screenshot - {}
RESULT: {"using":"css selector","value":"#shell-header-logo"}
COMMAND: POST /session/3e4ceb57b36163f530f5479f57478588/element/f.504C58434384A4EE898B1C568961733A.d.2EC66A1E28ABCB3FB3C6676E32A2F9E0.e.11860/click - {}
RESULT: {}
RESULT: {}
COMMAND: GET /session/3e4ceb57b36163f530f5479f57478588/screenshot - {}
RESULT: {}
]]></system-out>
    </testcase>
    <testcase classname="chrome.135_0_7049_42.windows.Billing_Transfer_-_Intracompany_US127249" name="Should navigate to billing transfer and invoice the contract" time="78.868">
      <system-out><![CDATA[
COMMAND: POST /session/3e4ceb57b36163f530f5479f57478588/execute/async - {"script":"<script> [1562 bytes]","args":[{"selector":{"controlType":"sap.m.GenericTile","properties":{"header":"Billing Transfer"}},"wdio_ui5_key":"sapm.GenericTile{\"header\":\"Billing Transfer\"}"}]}
RESULT: {"script":"<script> [1562 bytes]","args":[{"selector":{"controlType":"sap.m.GenericTile","properties":{"header":"Billing Transfer"}},"wdio_ui5_key":"sapm.GenericTile{\"header\":\"Billing Transfer\"}"}]}
RESULT: undefined
COMMAND: POST /session/3e4ceb57b36163f530f5479f57478588/element - {"using":"xpath","value":"//*[@id=\"__tile50\"]"}
RESULT: {"using":"xpath","value":"//*[@id=\"__tile50\"]"}
COMMAND: POST /session/3e4ceb57b36163f530f5479f57478588/element/f.504C58434384A4EE898B1C568961733A.d.2EC66A1E28ABCB3FB3C6676E32A2F9E0.e.12170/click - {}
RESULT: {}
COMMAND: POST /session/3e4ceb57b36163f530f5479f57478588/element - {"using":"xpath","value":"//input[contains(@id ,\"application-billingtransfer-display-component---billingWorkbench--smartFilterBar-btnBasicSearch\")]"}
COMMAND: GET /session/3e4ceb57b36163f530f5479f57478588/screenshot - {}
RESULT: {"using":"xpath","value":"//input[contains(@id ,\"application-billingtransfer-display-component---billingWorkbench--smartFilterBar-btnBasicSearch\")]"}
COMMAND: POST /session/3e4ceb57b36163f530f5479f57478588/elements - {"using":"xpath","value":"//input[contains(@id ,\"application-billingtransfer-display-component---billingWorkbench--smartFilterBar-btnBasicSearch\")]"}
RESULT: {}
RESULT: {"using":"xpath","value":"//input[contains(@id ,\"application-billingtransfer-display-component---billingWorkbench--smartFilterBar-btnBasicSearch\")]"}
COMMAND: POST /session/3e4ceb57b36163f530f5479f57478588/element - {"using":"xpath","value":"//input[contains(@id ,\"application-billingtransfer-display-component---billingWorkbench--smartFilterBar-btnBasicSearch\")]"}
RESULT: {"using":"xpath","value":"//input[contains(@id ,\"application-billingtransfer-display-component---billingWorkbench--smartFilterBar-btnBasicSearch\")]"}
COMMAND: POST /session/3e4ceb57b36163f530f5479f57478588/execute/sync - {"script":"<script> [8489 bytes]","args":[{"element-6066-11e4-a52e-4f735466cecf":"f.504C58434384A4EE898B1C568961733A.d.2EC66A1E28ABCB3FB3C6676E32A2F9E0.e.12175","ELEMENT":"f.504C58434384A4EE898B1C568961733A.d.2EC66A1E28ABCB3FB3C6676E32A2F9E0.e.12175"}]}
RESULT: {"script":"<script> [8489 bytes]","args":[{"element-6066-11e4-a52e-4f735466cecf":"f.504C58434384A4EE898B1C568961733A.d.2EC66A1E28ABCB3FB3C6676E32A2F9E0.e.12175","ELEMENT":"f.504C58434384A4EE898B1C568961733A.d.2EC66A1E28ABCB3FB3C6676E32A2F9E0.e.12175"}]}
COMMAND: GET /session/3e4ceb57b36163f530f5479f57478588/element/f.504C58434384A4EE898B1C568961733A.d.2EC66A1E28ABCB3FB3C6676E32A2F9E0.e.12175/enabled - {}
COMMAND: GET /session/3e4ceb57b36163f530f5479f57478588/screenshot - {}
RESULT: {}
COMMAND: POST /session/3e4ceb57b36163f530f5479f57478588/element/f.504C58434384A4EE898B1C568961733A.d.2EC66A1E28ABCB3FB3C6676E32A2F9E0.e.12175/click - {}
COMMAND: GET /session/3e4ceb57b36163f530f5479f57478588/screenshot - {}
RESULT: {}
RESULT: {}
COMMAND: GET /session/3e4ceb57b36163f530f5479f57478588/screenshot - {}
RESULT: {}
RESULT: {}
COMMAND: POST /session/3e4ceb57b36163f530f5479f57478588/element/f.504C58434384A4EE898B1C568961733A.d.2EC66A1E28ABCB3FB3C6676E32A2F9E0.e.12175/clear - {}
RESULT: {}
COMMAND: POST /session/3e4ceb57b36163f530f5479f57478588/element/f.504C58434384A4EE898B1C568961733A.d.2EC66A1E28ABCB3FB3C6676E32A2F9E0.e.12175/value - {"text":"10182"}
COMMAND: GET /session/3e4ceb57b36163f530f5479f57478588/screenshot - {}
RESULT: {"text":"10182"}
COMMAND: POST /session/3e4ceb57b36163f530f5479f57478588/actions - {"actions":[{"id":"action40","type":"key","parameters":{},"actions":[{"type":"keyDown","value":""},{"type":"pause","duration":10},{"type":"keyUp","value":""}]}]}
COMMAND: GET /session/3e4ceb57b36163f530f5479f57478588/screenshot - {}
RESULT: {}
RESULT: {"actions":[{"id":"action40","type":"key","parameters":{},"actions":[{"type":"keyDown","value":""},{"type":"pause","duration":10},{"type":"keyUp","value":""}]}]}
COMMAND: GET /session/3e4ceb57b36163f530f5479f57478588/screenshot - {}
RESULT: {}
RESULT: {}
COMMAND: POST /session/3e4ceb57b36163f530f5479f57478588/element - {"using":"xpath","value":"//span[contains(@id ,\"application-billingtransfer-display-component---billingWorkbench--smartTableBillingRuns-header-inner\")]"}
RESULT: {"using":"xpath","value":"//span[contains(@id ,\"application-billingtransfer-display-component---billingWorkbench--smartTableBillingRuns-header-inner\")]"}
COMMAND: POST /session/3e4ceb57b36163f530f5479f57478588/elements - {"using":"xpath","value":"//span[contains(@id ,\"application-billingtransfer-display-component---billingWorkbench--smartTableBillingRuns-header-inner\")]"}
RESULT: {"using":"xpath","value":"//span[contains(@id ,\"application-billingtransfer-display-component---billingWorkbench--smartTableBillingRuns-header-inner\")]"}
COMMAND: POST /session/3e4ceb57b36163f530f5479f57478588/execute/sync - {"script":"<script> [56 bytes]","args":[{"element-6066-11e4-a52e-4f735466cecf":"f.504C58434384A4EE898B1C568961733A.d.2EC66A1E28ABCB3FB3C6676E32A2F9E0.e.12270","ELEMENT":"f.504C58434384A4EE898B1C568961733A.d.2EC66A1E28ABCB3FB3C6676E32A2F9E0.e.12270"}]}
RESULT: {"script":"<script> [56 bytes]","args":[{"element-6066-11e4-a52e-4f735466cecf":"f.504C58434384A4EE898B1C568961733A.d.2EC66A1E28ABCB3FB3C6676E32A2F9E0.e.12270","ELEMENT":"f.504C58434384A4EE898B1C568961733A.d.2EC66A1E28ABCB3FB3C6676E32A2F9E0.e.12270"}]}
COMMAND: POST /session/3e4ceb57b36163f530f5479f57478588/element - {"using":"xpath","value":"//td[@aria-colindex=\"1\"]/div/div[contains(@class, \"sapMCbBg\")]"}
COMMAND: GET /session/3e4ceb57b36163f530f5479f57478588/screenshot - {}
RESULT: {"using":"xpath","value":"//td[@aria-colindex=\"1\"]/div/div[contains(@class, \"sapMCbBg\")]"}
COMMAND: POST /session/3e4ceb57b36163f530f5479f57478588/element/f.504C58434384A4EE898B1C568961733A.d.2EC66A1E28ABCB3FB3C6676E32A2F9E0.e.12264/click - {}
RESULT: {}
RESULT: {}
COMMAND: GET /session/3e4ceb57b36163f530f5479f57478588/screenshot - {}
RESULT: {}
COMMAND: POST /session/3e4ceb57b36163f530f5479f57478588/element - {"using":"xpath","value":"//bdi[contains(text(), \"Check\")]"}
RESULT: {"using":"xpath","value":"//bdi[contains(text(), \"Check\")]"}
COMMAND: POST /session/3e4ceb57b36163f530f5479f57478588/element/f.504C58434384A4EE898B1C568961733A.d.2EC66A1E28ABCB3FB3C6676E32A2F9E0.e.12271/click - {}
RESULT: {}
COMMAND: GET /session/3e4ceb57b36163f530f5479f57478588/screenshot - {}
RESULT: {}
COMMAND: POST /session/3e4ceb57b36163f530f5479f57478588/element - {"using":"xpath","value":"//bdi[contains(text(), \"OK\")]"}
RESULT: {"using":"xpath","value":"//bdi[contains(text(), \"OK\")]"}
COMMAND: POST /session/3e4ceb57b36163f530f5479f57478588/element/f.504C58434384A4EE898B1C568961733A.d.2EC66A1E28ABCB3FB3C6676E32A2F9E0.e.12274/click - {}
RESULT: {}
COMMAND: GET /session/3e4ceb57b36163f530f5479f57478588/screenshot - {}
RESULT: {}
COMMAND: POST /session/3e4ceb57b36163f530f5479f57478588/element - {"using":"xpath","value":"(//span[contains(text(), \"CO/SD checked\")]/parent::div/preceding-sibling::div/span)[1]"}
RESULT: {"using":"xpath","value":"(//span[contains(text(), \"CO/SD checked\")]/parent::div/preceding-sibling::div/span)[1]"}
COMMAND: POST /session/3e4ceb57b36163f530f5479f57478588/element/f.504C58434384A4EE898B1C568961733A.d.2EC66A1E28ABCB3FB3C6676E32A2F9E0.e.12287/click - {}
RESULT: {}
COMMAND: GET /session/3e4ceb57b36163f530f5479f57478588/screenshot - {}
RESULT: {}
COMMAND: POST /session/3e4ceb57b36163f530f5479f57478588/element - {"using":"xpath","value":"//input[contains(@id ,\"application-billingtransfer-display-component---billingWorkbench--smartFilterBar-btnBasicSearch\")]"}
RESULT: {"using":"xpath","value":"//input[contains(@id ,\"application-billingtransfer-display-component---billingWorkbench--smartFilterBar-btnBasicSearch\")]"}
COMMAND: POST /session/3e4ceb57b36163f530f5479f57478588/elements - {"using":"xpath","value":"//input[contains(@id ,\"application-billingtransfer-display-component---billingWorkbench--smartFilterBar-btnBasicSearch\")]"}
RESULT: {"using":"xpath","value":"//input[contains(@id ,\"application-billingtransfer-display-component---billingWorkbench--smartFilterBar-btnBasicSearch\")]"}
COMMAND: POST /session/3e4ceb57b36163f530f5479f57478588/execute/sync - {"script":"<script> [8489 bytes]","args":[{"element-6066-11e4-a52e-4f735466cecf":"f.504C58434384A4EE898B1C568961733A.d.2EC66A1E28ABCB3FB3C6676E32A2F9E0.e.12175","ELEMENT":"f.504C58434384A4EE898B1C568961733A.d.2EC66A1E28ABCB3FB3C6676E32A2F9E0.e.12175"}]}
RESULT: {"script":"<script> [8489 bytes]","args":[{"element-6066-11e4-a52e-4f735466cecf":"f.504C58434384A4EE898B1C568961733A.d.2EC66A1E28ABCB3FB3C6676E32A2F9E0.e.12175","ELEMENT":"f.504C58434384A4EE898B1C568961733A.d.2EC66A1E28ABCB3FB3C6676E32A2F9E0.e.12175"}]}
COMMAND: GET /session/3e4ceb57b36163f530f5479f57478588/element/f.504C58434384A4EE898B1C568961733A.d.2EC66A1E28ABCB3FB3C6676E32A2F9E0.e.12175/enabled - {}
COMMAND: GET /session/3e4ceb57b36163f530f5479f57478588/screenshot - {}
RESULT: {}
COMMAND: POST /session/3e4ceb57b36163f530f5479f57478588/element/f.504C58434384A4EE898B1C568961733A.d.2EC66A1E28ABCB3FB3C6676E32A2F9E0.e.12175/click - {}
COMMAND: GET /session/3e4ceb57b36163f530f5479f57478588/screenshot - {}
RESULT: {}
RESULT: {}
COMMAND: GET /session/3e4ceb57b36163f530f5479f57478588/screenshot - {}
RESULT: {}
RESULT: {}
COMMAND: POST /session/3e4ceb57b36163f530f5479f57478588/element/f.504C58434384A4EE898B1C568961733A.d.2EC66A1E28ABCB3FB3C6676E32A2F9E0.e.12175/clear - {}
RESULT: {}
COMMAND: POST /session/3e4ceb57b36163f530f5479f57478588/element/f.504C58434384A4EE898B1C568961733A.d.2EC66A1E28ABCB3FB3C6676E32A2F9E0.e.12175/value - {"text":"10182"}
COMMAND: GET /session/3e4ceb57b36163f530f5479f57478588/screenshot - {}
RESULT: {"text":"10182"}
COMMAND: POST /session/3e4ceb57b36163f530f5479f57478588/actions - {"actions":[{"id":"action41","type":"key","parameters":{},"actions":[{"type":"keyDown","value":""},{"type":"pause","duration":10},{"type":"keyUp","value":""}]}]}
COMMAND: GET /session/3e4ceb57b36163f530f5479f57478588/screenshot - {}
RESULT: {}
RESULT: {"actions":[{"id":"action41","type":"key","parameters":{},"actions":[{"type":"keyDown","value":""},{"type":"pause","duration":10},{"type":"keyUp","value":""}]}]}
COMMAND: GET /session/3e4ceb57b36163f530f5479f57478588/screenshot - {}
RESULT: {}
RESULT: {}
COMMAND: POST /session/3e4ceb57b36163f530f5479f57478588/element - {"using":"xpath","value":"//span[contains(@id ,\"application-billingtransfer-display-component---billingWorkbench--smartTableBillingRuns-header-inner\")]"}
RESULT: {"using":"xpath","value":"//span[contains(@id ,\"application-billingtransfer-display-component---billingWorkbench--smartTableBillingRuns-header-inner\")]"}
COMMAND: POST /session/3e4ceb57b36163f530f5479f57478588/elements - {"using":"xpath","value":"//span[contains(@id ,\"application-billingtransfer-display-component---billingWorkbench--smartTableBillingRuns-header-inner\")]"}
RESULT: {"using":"xpath","value":"//span[contains(@id ,\"application-billingtransfer-display-component---billingWorkbench--smartTableBillingRuns-header-inner\")]"}
COMMAND: POST /session/3e4ceb57b36163f530f5479f57478588/execute/sync - {"script":"<script> [56 bytes]","args":[{"element-6066-11e4-a52e-4f735466cecf":"f.504C58434384A4EE898B1C568961733A.d.2EC66A1E28ABCB3FB3C6676E32A2F9E0.e.12270","ELEMENT":"f.504C58434384A4EE898B1C568961733A.d.2EC66A1E28ABCB3FB3C6676E32A2F9E0.e.12270"}]}
RESULT: {"script":"<script> [56 bytes]","args":[{"element-6066-11e4-a52e-4f735466cecf":"f.504C58434384A4EE898B1C568961733A.d.2EC66A1E28ABCB3FB3C6676E32A2F9E0.e.12270","ELEMENT":"f.504C58434384A4EE898B1C568961733A.d.2EC66A1E28ABCB3FB3C6676E32A2F9E0.e.12270"}]}
COMMAND: POST /session/3e4ceb57b36163f530f5479f57478588/element - {"using":"xpath","value":"//td[@aria-colindex=\"1\"]/div/div[contains(@class, \"sapMCbBg\")]"}
COMMAND: GET /session/3e4ceb57b36163f530f5479f57478588/screenshot - {}
RESULT: {"using":"xpath","value":"//td[@aria-colindex=\"1\"]/div/div[contains(@class, \"sapMCbBg\")]"}
COMMAND: POST /session/3e4ceb57b36163f530f5479f57478588/element/f.504C58434384A4EE898B1C568961733A.d.2EC66A1E28ABCB3FB3C6676E32A2F9E0.e.12292/click - {}
RESULT: {}
RESULT: {}
COMMAND: GET /session/3e4ceb57b36163f530f5479f57478588/screenshot - {}
RESULT: {}
COMMAND: POST /session/3e4ceb57b36163f530f5479f57478588/element - {"using":"xpath","value":"//bdi[text()=\"Transfer\"]"}
RESULT: {"using":"xpath","value":"//bdi[text()=\"Transfer\"]"}
COMMAND: POST /session/3e4ceb57b36163f530f5479f57478588/element/f.504C58434384A4EE898B1C568961733A.d.2EC66A1E28ABCB3FB3C6676E32A2F9E0.e.12293/click - {}
RESULT: {}
COMMAND: GET /session/3e4ceb57b36163f530f5479f57478588/screenshot - {}
RESULT: {}
COMMAND: POST /session/3e4ceb57b36163f530f5479f57478588/element - {"using":"xpath","value":"//bdi[contains(text(), \"OK\")]"}
RESULT: {"using":"xpath","value":"//bdi[contains(text(), \"OK\")]"}
COMMAND: POST /session/3e4ceb57b36163f530f5479f57478588/element/f.504C58434384A4EE898B1C568961733A.d.2EC66A1E28ABCB3FB3C6676E32A2F9E0.e.12296/click - {}
RESULT: {}
COMMAND: GET /session/3e4ceb57b36163f530f5479f57478588/screenshot - {}
RESULT: {}
COMMAND: POST /session/3e4ceb57b36163f530f5479f57478588/element - {"using":"xpath","value":"(//span[contains(text(), \"Completed\")]/parent::div/preceding-sibling::div/span)[1]"}
RESULT: {"using":"xpath","value":"(//span[contains(text(), \"Completed\")]/parent::div/preceding-sibling::div/span)[1]"}
COMMAND: POST /session/3e4ceb57b36163f530f5479f57478588/element/f.504C58434384A4EE898B1C568961733A.d.2EC66A1E28ABCB3FB3C6676E32A2F9E0.e.12305/click - {}
RESULT: {}
COMMAND: POST /session/3e4ceb57b36163f530f5479f57478588/element - {"using":"xpath","value":"//input[contains(@id ,\"application-billingtransfer-display-component---billingWorkbench--smartFilterBar-btnBasicSearch\")]"}
COMMAND: GET /session/3e4ceb57b36163f530f5479f57478588/screenshot - {}
RESULT: {"using":"xpath","value":"//input[contains(@id ,\"application-billingtransfer-display-component---billingWorkbench--smartFilterBar-btnBasicSearch\")]"}
COMMAND: POST /session/3e4ceb57b36163f530f5479f57478588/elements - {"using":"xpath","value":"//input[contains(@id ,\"application-billingtransfer-display-component---billingWorkbench--smartFilterBar-btnBasicSearch\")]"}
RESULT: {}
RESULT: {"using":"xpath","value":"//input[contains(@id ,\"application-billingtransfer-display-component---billingWorkbench--smartFilterBar-btnBasicSearch\")]"}
COMMAND: POST /session/3e4ceb57b36163f530f5479f57478588/execute/sync - {"script":"<script> [8489 bytes]","args":[{"element-6066-11e4-a52e-4f735466cecf":"f.504C58434384A4EE898B1C568961733A.d.2EC66A1E28ABCB3FB3C6676E32A2F9E0.e.12175","ELEMENT":"f.504C58434384A4EE898B1C568961733A.d.2EC66A1E28ABCB3FB3C6676E32A2F9E0.e.12175"}]}
RESULT: {"script":"<script> [8489 bytes]","args":[{"element-6066-11e4-a52e-4f735466cecf":"f.504C58434384A4EE898B1C568961733A.d.2EC66A1E28ABCB3FB3C6676E32A2F9E0.e.12175","ELEMENT":"f.504C58434384A4EE898B1C568961733A.d.2EC66A1E28ABCB3FB3C6676E32A2F9E0.e.12175"}]}
COMMAND: GET /session/3e4ceb57b36163f530f5479f57478588/element/f.504C58434384A4EE898B1C568961733A.d.2EC66A1E28ABCB3FB3C6676E32A2F9E0.e.12175/enabled - {}
COMMAND: GET /session/3e4ceb57b36163f530f5479f57478588/screenshot - {}
RESULT: {}
COMMAND: POST /session/3e4ceb57b36163f530f5479f57478588/element/f.504C58434384A4EE898B1C568961733A.d.2EC66A1E28ABCB3FB3C6676E32A2F9E0.e.12175/click - {}
COMMAND: GET /session/3e4ceb57b36163f530f5479f57478588/screenshot - {}
RESULT: {}
RESULT: {}
COMMAND: GET /session/3e4ceb57b36163f530f5479f57478588/screenshot - {}
RESULT: {}
RESULT: {}
COMMAND: POST /session/3e4ceb57b36163f530f5479f57478588/element/f.504C58434384A4EE898B1C568961733A.d.2EC66A1E28ABCB3FB3C6676E32A2F9E0.e.12175/clear - {}
RESULT: {}
COMMAND: POST /session/3e4ceb57b36163f530f5479f57478588/element/f.504C58434384A4EE898B1C568961733A.d.2EC66A1E28ABCB3FB3C6676E32A2F9E0.e.12175/value - {"text":"10182"}
COMMAND: GET /session/3e4ceb57b36163f530f5479f57478588/screenshot - {}
RESULT: {"text":"10182"}
COMMAND: POST /session/3e4ceb57b36163f530f5479f57478588/actions - {"actions":[{"id":"action42","type":"key","parameters":{},"actions":[{"type":"keyDown","value":""},{"type":"pause","duration":10},{"type":"keyUp","value":""}]}]}
COMMAND: GET /session/3e4ceb57b36163f530f5479f57478588/screenshot - {}
RESULT: {}
RESULT: {"actions":[{"id":"action42","type":"key","parameters":{},"actions":[{"type":"keyDown","value":""},{"type":"pause","duration":10},{"type":"keyUp","value":""}]}]}
COMMAND: GET /session/3e4ceb57b36163f530f5479f57478588/screenshot - {}
RESULT: {}
RESULT: {}
COMMAND: POST /session/3e4ceb57b36163f530f5479f57478588/element - {"using":"xpath","value":"//span[contains(@id ,\"application-billingtransfer-display-component---billingWorkbench--smartTableBillingRuns-header-inner\")]"}
RESULT: {"using":"xpath","value":"//span[contains(@id ,\"application-billingtransfer-display-component---billingWorkbench--smartTableBillingRuns-header-inner\")]"}
COMMAND: POST /session/3e4ceb57b36163f530f5479f57478588/elements - {"using":"xpath","value":"//span[contains(@id ,\"application-billingtransfer-display-component---billingWorkbench--smartTableBillingRuns-header-inner\")]"}
RESULT: {"using":"xpath","value":"//span[contains(@id ,\"application-billingtransfer-display-component---billingWorkbench--smartTableBillingRuns-header-inner\")]"}
COMMAND: POST /session/3e4ceb57b36163f530f5479f57478588/execute/sync - {"script":"<script> [56 bytes]","args":[{"element-6066-11e4-a52e-4f735466cecf":"f.504C58434384A4EE898B1C568961733A.d.2EC66A1E28ABCB3FB3C6676E32A2F9E0.e.12270","ELEMENT":"f.504C58434384A4EE898B1C568961733A.d.2EC66A1E28ABCB3FB3C6676E32A2F9E0.e.12270"}]}
RESULT: {"script":"<script> [56 bytes]","args":[{"element-6066-11e4-a52e-4f735466cecf":"f.504C58434384A4EE898B1C568961733A.d.2EC66A1E28ABCB3FB3C6676E32A2F9E0.e.12270","ELEMENT":"f.504C58434384A4EE898B1C568961733A.d.2EC66A1E28ABCB3FB3C6676E32A2F9E0.e.12270"}]}
COMMAND: GET /session/3e4ceb57b36163f530f5479f57478588/screenshot - {}
RESULT: {}
COMMAND: POST /session/3e4ceb57b36163f530f5479f57478588/execute/sync - {"script":"<script> [56 bytes]","args":[{"element-6066-11e4-a52e-4f735466cecf":"f.504C58434384A4EE898B1C568961733A.d.2EC66A1E28ABCB3FB3C6676E32A2F9E0.e.12270","ELEMENT":"f.504C58434384A4EE898B1C568961733A.d.2EC66A1E28ABCB3FB3C6676E32A2F9E0.e.12270"}]}
RESULT: {"script":"<script> [56 bytes]","args":[{"element-6066-11e4-a52e-4f735466cecf":"f.504C58434384A4EE898B1C568961733A.d.2EC66A1E28ABCB3FB3C6676E32A2F9E0.e.12270","ELEMENT":"f.504C58434384A4EE898B1C568961733A.d.2EC66A1E28ABCB3FB3C6676E32A2F9E0.e.12270"}]}
COMMAND: GET /session/3e4ceb57b36163f530f5479f57478588/screenshot - {}
RESULT: {}
COMMAND: POST /session/3e4ceb57b36163f530f5479f57478588/execute/sync - {"script":"<script> [56 bytes]","args":[{"element-6066-11e4-a52e-4f735466cecf":"f.504C58434384A4EE898B1C568961733A.d.2EC66A1E28ABCB3FB3C6676E32A2F9E0.e.12270","ELEMENT":"f.504C58434384A4EE898B1C568961733A.d.2EC66A1E28ABCB3FB3C6676E32A2F9E0.e.12270"}]}
RESULT: {"script":"<script> [56 bytes]","args":[{"element-6066-11e4-a52e-4f735466cecf":"f.504C58434384A4EE898B1C568961733A.d.2EC66A1E28ABCB3FB3C6676E32A2F9E0.e.12270","ELEMENT":"f.504C58434384A4EE898B1C568961733A.d.2EC66A1E28ABCB3FB3C6676E32A2F9E0.e.12270"}]}
COMMAND: GET /session/3e4ceb57b36163f530f5479f57478588/screenshot - {}
RESULT: {}
COMMAND: POST /session/3e4ceb57b36163f530f5479f57478588/execute/sync - {"script":"<script> [56 bytes]","args":[{"element-6066-11e4-a52e-4f735466cecf":"f.504C58434384A4EE898B1C568961733A.d.2EC66A1E28ABCB3FB3C6676E32A2F9E0.e.12270","ELEMENT":"f.504C58434384A4EE898B1C568961733A.d.2EC66A1E28ABCB3FB3C6676E32A2F9E0.e.12270"}]}
RESULT: {"script":"<script> [56 bytes]","args":[{"element-6066-11e4-a52e-4f735466cecf":"f.504C58434384A4EE898B1C568961733A.d.2EC66A1E28ABCB3FB3C6676E32A2F9E0.e.12270","ELEMENT":"f.504C58434384A4EE898B1C568961733A.d.2EC66A1E28ABCB3FB3C6676E32A2F9E0.e.12270"}]}
COMMAND: GET /session/3e4ceb57b36163f530f5479f57478588/screenshot - {}
RESULT: {}
COMMAND: POST /session/3e4ceb57b36163f530f5479f57478588/execute/sync - {"script":"<script> [56 bytes]","args":[{"element-6066-11e4-a52e-4f735466cecf":"f.504C58434384A4EE898B1C568961733A.d.2EC66A1E28ABCB3FB3C6676E32A2F9E0.e.12270","ELEMENT":"f.504C58434384A4EE898B1C568961733A.d.2EC66A1E28ABCB3FB3C6676E32A2F9E0.e.12270"}]}
RESULT: {"script":"<script> [56 bytes]","args":[{"element-6066-11e4-a52e-4f735466cecf":"f.504C58434384A4EE898B1C568961733A.d.2EC66A1E28ABCB3FB3C6676E32A2F9E0.e.12270","ELEMENT":"f.504C58434384A4EE898B1C568961733A.d.2EC66A1E28ABCB3FB3C6676E32A2F9E0.e.12270"}]}
COMMAND: GET /session/3e4ceb57b36163f530f5479f57478588/screenshot - {}
RESULT: {}
COMMAND: POST /session/3e4ceb57b36163f530f5479f57478588/execute/sync - {"script":"<script> [56 bytes]","args":[{"element-6066-11e4-a52e-4f735466cecf":"f.504C58434384A4EE898B1C568961733A.d.2EC66A1E28ABCB3FB3C6676E32A2F9E0.e.12270","ELEMENT":"f.504C58434384A4EE898B1C568961733A.d.2EC66A1E28ABCB3FB3C6676E32A2F9E0.e.12270"}]}
RESULT: {"script":"<script> [56 bytes]","args":[{"element-6066-11e4-a52e-4f735466cecf":"f.504C58434384A4EE898B1C568961733A.d.2EC66A1E28ABCB3FB3C6676E32A2F9E0.e.12270","ELEMENT":"f.504C58434384A4EE898B1C568961733A.d.2EC66A1E28ABCB3FB3C6676E32A2F9E0.e.12270"}]}
COMMAND: GET /session/3e4ceb57b36163f530f5479f57478588/screenshot - {}
RESULT: {}
COMMAND: POST /session/3e4ceb57b36163f530f5479f57478588/execute/sync - {"script":"<script> [56 bytes]","args":[{"element-6066-11e4-a52e-4f735466cecf":"f.504C58434384A4EE898B1C568961733A.d.2EC66A1E28ABCB3FB3C6676E32A2F9E0.e.12270","ELEMENT":"f.504C58434384A4EE898B1C568961733A.d.2EC66A1E28ABCB3FB3C6676E32A2F9E0.e.12270"}]}
RESULT: {"script":"<script> [56 bytes]","args":[{"element-6066-11e4-a52e-4f735466cecf":"f.504C58434384A4EE898B1C568961733A.d.2EC66A1E28ABCB3FB3C6676E32A2F9E0.e.12270","ELEMENT":"f.504C58434384A4EE898B1C568961733A.d.2EC66A1E28ABCB3FB3C6676E32A2F9E0.e.12270"}]}
COMMAND: GET /session/3e4ceb57b36163f530f5479f57478588/screenshot - {}
RESULT: {}
COMMAND: POST /session/3e4ceb57b36163f530f5479f57478588/execute/sync - {"script":"<script> [56 bytes]","args":[{"element-6066-11e4-a52e-4f735466cecf":"f.504C58434384A4EE898B1C568961733A.d.2EC66A1E28ABCB3FB3C6676E32A2F9E0.e.12270","ELEMENT":"f.504C58434384A4EE898B1C568961733A.d.2EC66A1E28ABCB3FB3C6676E32A2F9E0.e.12270"}]}
RESULT: {"script":"<script> [56 bytes]","args":[{"element-6066-11e4-a52e-4f735466cecf":"f.504C58434384A4EE898B1C568961733A.d.2EC66A1E28ABCB3FB3C6676E32A2F9E0.e.12270","ELEMENT":"f.504C58434384A4EE898B1C568961733A.d.2EC66A1E28ABCB3FB3C6676E32A2F9E0.e.12270"}]}
COMMAND: GET /session/3e4ceb57b36163f530f5479f57478588/screenshot - {}
RESULT: {}
COMMAND: POST /session/3e4ceb57b36163f530f5479f57478588/execute/sync - {"script":"<script> [56 bytes]","args":[{"element-6066-11e4-a52e-4f735466cecf":"f.504C58434384A4EE898B1C568961733A.d.2EC66A1E28ABCB3FB3C6676E32A2F9E0.e.12270","ELEMENT":"f.504C58434384A4EE898B1C568961733A.d.2EC66A1E28ABCB3FB3C6676E32A2F9E0.e.12270"}]}
RESULT: {"script":"<script> [56 bytes]","args":[{"element-6066-11e4-a52e-4f735466cecf":"f.504C58434384A4EE898B1C568961733A.d.2EC66A1E28ABCB3FB3C6676E32A2F9E0.e.12270","ELEMENT":"f.504C58434384A4EE898B1C568961733A.d.2EC66A1E28ABCB3FB3C6676E32A2F9E0.e.12270"}]}
COMMAND: GET /session/3e4ceb57b36163f530f5479f57478588/screenshot - {}
RESULT: {}
COMMAND: POST /session/3e4ceb57b36163f530f5479f57478588/execute/sync - {"script":"<script> [56 bytes]","args":[{"element-6066-11e4-a52e-4f735466cecf":"f.504C58434384A4EE898B1C568961733A.d.2EC66A1E28ABCB3FB3C6676E32A2F9E0.e.12270","ELEMENT":"f.504C58434384A4EE898B1C568961733A.d.2EC66A1E28ABCB3FB3C6676E32A2F9E0.e.12270"}]}
RESULT: {"script":"<script> [56 bytes]","args":[{"element-6066-11e4-a52e-4f735466cecf":"f.504C58434384A4EE898B1C568961733A.d.2EC66A1E28ABCB3FB3C6676E32A2F9E0.e.12270","ELEMENT":"f.504C58434384A4EE898B1C568961733A.d.2EC66A1E28ABCB3FB3C6676E32A2F9E0.e.12270"}]}
COMMAND: GET /session/3e4ceb57b36163f530f5479f57478588/screenshot - {}
RESULT: {}
COMMAND: POST /session/3e4ceb57b36163f530f5479f57478588/execute/sync - {"script":"<script> [56 bytes]","args":[{"element-6066-11e4-a52e-4f735466cecf":"f.504C58434384A4EE898B1C568961733A.d.2EC66A1E28ABCB3FB3C6676E32A2F9E0.e.12270","ELEMENT":"f.504C58434384A4EE898B1C568961733A.d.2EC66A1E28ABCB3FB3C6676E32A2F9E0.e.12270"}]}
RESULT: {"script":"<script> [56 bytes]","args":[{"element-6066-11e4-a52e-4f735466cecf":"f.504C58434384A4EE898B1C568961733A.d.2EC66A1E28ABCB3FB3C6676E32A2F9E0.e.12270","ELEMENT":"f.504C58434384A4EE898B1C568961733A.d.2EC66A1E28ABCB3FB3C6676E32A2F9E0.e.12270"}]}
COMMAND: GET /session/3e4ceb57b36163f530f5479f57478588/screenshot - {}
RESULT: {}
COMMAND: POST /session/3e4ceb57b36163f530f5479f57478588/execute/sync - {"script":"<script> [56 bytes]","args":[{"element-6066-11e4-a52e-4f735466cecf":"f.504C58434384A4EE898B1C568961733A.d.2EC66A1E28ABCB3FB3C6676E32A2F9E0.e.12270","ELEMENT":"f.504C58434384A4EE898B1C568961733A.d.2EC66A1E28ABCB3FB3C6676E32A2F9E0.e.12270"}]}
RESULT: {"script":"<script> [56 bytes]","args":[{"element-6066-11e4-a52e-4f735466cecf":"f.504C58434384A4EE898B1C568961733A.d.2EC66A1E28ABCB3FB3C6676E32A2F9E0.e.12270","ELEMENT":"f.504C58434384A4EE898B1C568961733A.d.2EC66A1E28ABCB3FB3C6676E32A2F9E0.e.12270"}]}
COMMAND: GET /session/3e4ceb57b36163f530f5479f57478588/screenshot - {}
RESULT: {}
COMMAND: POST /session/3e4ceb57b36163f530f5479f57478588/execute/sync - {"script":"<script> [56 bytes]","args":[{"element-6066-11e4-a52e-4f735466cecf":"f.504C58434384A4EE898B1C568961733A.d.2EC66A1E28ABCB3FB3C6676E32A2F9E0.e.12270","ELEMENT":"f.504C58434384A4EE898B1C568961733A.d.2EC66A1E28ABCB3FB3C6676E32A2F9E0.e.12270"}]}
RESULT: {"script":"<script> [56 bytes]","args":[{"element-6066-11e4-a52e-4f735466cecf":"f.504C58434384A4EE898B1C568961733A.d.2EC66A1E28ABCB3FB3C6676E32A2F9E0.e.12270","ELEMENT":"f.504C58434384A4EE898B1C568961733A.d.2EC66A1E28ABCB3FB3C6676E32A2F9E0.e.12270"}]}
COMMAND: GET /session/3e4ceb57b36163f530f5479f57478588/screenshot - {}
RESULT: {}
COMMAND: POST /session/3e4ceb57b36163f530f5479f57478588/execute/sync - {"script":"<script> [56 bytes]","args":[{"element-6066-11e4-a52e-4f735466cecf":"f.504C58434384A4EE898B1C568961733A.d.2EC66A1E28ABCB3FB3C6676E32A2F9E0.e.12270","ELEMENT":"f.504C58434384A4EE898B1C568961733A.d.2EC66A1E28ABCB3FB3C6676E32A2F9E0.e.12270"}]}
RESULT: {"script":"<script> [56 bytes]","args":[{"element-6066-11e4-a52e-4f735466cecf":"f.504C58434384A4EE898B1C568961733A.d.2EC66A1E28ABCB3FB3C6676E32A2F9E0.e.12270","ELEMENT":"f.504C58434384A4EE898B1C568961733A.d.2EC66A1E28ABCB3FB3C6676E32A2F9E0.e.12270"}]}
COMMAND: GET /session/3e4ceb57b36163f530f5479f57478588/screenshot - {}
RESULT: {}
COMMAND: POST /session/3e4ceb57b36163f530f5479f57478588/execute/sync - {"script":"<script> [56 bytes]","args":[{"element-6066-11e4-a52e-4f735466cecf":"f.504C58434384A4EE898B1C568961733A.d.2EC66A1E28ABCB3FB3C6676E32A2F9E0.e.12270","ELEMENT":"f.504C58434384A4EE898B1C568961733A.d.2EC66A1E28ABCB3FB3C6676E32A2F9E0.e.12270"}]}
RESULT: {"script":"<script> [56 bytes]","args":[{"element-6066-11e4-a52e-4f735466cecf":"f.504C58434384A4EE898B1C568961733A.d.2EC66A1E28ABCB3FB3C6676E32A2F9E0.e.12270","ELEMENT":"f.504C58434384A4EE898B1C568961733A.d.2EC66A1E28ABCB3FB3C6676E32A2F9E0.e.12270"}]}
COMMAND: GET /session/3e4ceb57b36163f530f5479f57478588/screenshot - {}
RESULT: {}
COMMAND: POST /session/3e4ceb57b36163f530f5479f57478588/execute/sync - {"script":"<script> [56 bytes]","args":[{"element-6066-11e4-a52e-4f735466cecf":"f.504C58434384A4EE898B1C568961733A.d.2EC66A1E28ABCB3FB3C6676E32A2F9E0.e.12270","ELEMENT":"f.504C58434384A4EE898B1C568961733A.d.2EC66A1E28ABCB3FB3C6676E32A2F9E0.e.12270"}]}
RESULT: {"script":"<script> [56 bytes]","args":[{"element-6066-11e4-a52e-4f735466cecf":"f.504C58434384A4EE898B1C568961733A.d.2EC66A1E28ABCB3FB3C6676E32A2F9E0.e.12270","ELEMENT":"f.504C58434384A4EE898B1C568961733A.d.2EC66A1E28ABCB3FB3C6676E32A2F9E0.e.12270"}]}
COMMAND: GET /session/3e4ceb57b36163f530f5479f57478588/screenshot - {}
RESULT: {}
COMMAND: POST /session/3e4ceb57b36163f530f5479f57478588/execute/sync - {"script":"<script> [56 bytes]","args":[{"element-6066-11e4-a52e-4f735466cecf":"f.504C58434384A4EE898B1C568961733A.d.2EC66A1E28ABCB3FB3C6676E32A2F9E0.e.12270","ELEMENT":"f.504C58434384A4EE898B1C568961733A.d.2EC66A1E28ABCB3FB3C6676E32A2F9E0.e.12270"}]}
RESULT: {"script":"<script> [56 bytes]","args":[{"element-6066-11e4-a52e-4f735466cecf":"f.504C58434384A4EE898B1C568961733A.d.2EC66A1E28ABCB3FB3C6676E32A2F9E0.e.12270","ELEMENT":"f.504C58434384A4EE898B1C568961733A.d.2EC66A1E28ABCB3FB3C6676E32A2F9E0.e.12270"}]}
COMMAND: GET /session/3e4ceb57b36163f530f5479f57478588/screenshot - {}
RESULT: {}
COMMAND: POST /session/3e4ceb57b36163f530f5479f57478588/execute/sync - {"script":"<script> [56 bytes]","args":[{"element-6066-11e4-a52e-4f735466cecf":"f.504C58434384A4EE898B1C568961733A.d.2EC66A1E28ABCB3FB3C6676E32A2F9E0.e.12270","ELEMENT":"f.504C58434384A4EE898B1C568961733A.d.2EC66A1E28ABCB3FB3C6676E32A2F9E0.e.12270"}]}
RESULT: {"script":"<script> [56 bytes]","args":[{"element-6066-11e4-a52e-4f735466cecf":"f.504C58434384A4EE898B1C568961733A.d.2EC66A1E28ABCB3FB3C6676E32A2F9E0.e.12270","ELEMENT":"f.504C58434384A4EE898B1C568961733A.d.2EC66A1E28ABCB3FB3C6676E32A2F9E0.e.12270"}]}
COMMAND: GET /session/3e4ceb57b36163f530f5479f57478588/screenshot - {}
RESULT: {}
COMMAND: POST /session/3e4ceb57b36163f530f5479f57478588/execute/sync - {"script":"<script> [56 bytes]","args":[{"element-6066-11e4-a52e-4f735466cecf":"f.504C58434384A4EE898B1C568961733A.d.2EC66A1E28ABCB3FB3C6676E32A2F9E0.e.12270","ELEMENT":"f.504C58434384A4EE898B1C568961733A.d.2EC66A1E28ABCB3FB3C6676E32A2F9E0.e.12270"}]}
RESULT: {"script":"<script> [56 bytes]","args":[{"element-6066-11e4-a52e-4f735466cecf":"f.504C58434384A4EE898B1C568961733A.d.2EC66A1E28ABCB3FB3C6676E32A2F9E0.e.12270","ELEMENT":"f.504C58434384A4EE898B1C568961733A.d.2EC66A1E28ABCB3FB3C6676E32A2F9E0.e.12270"}]}
COMMAND: GET /session/3e4ceb57b36163f530f5479f57478588/screenshot - {}
RESULT: {}
COMMAND: POST /session/3e4ceb57b36163f530f5479f57478588/execute/sync - {"script":"<script> [56 bytes]","args":[{"element-6066-11e4-a52e-4f735466cecf":"f.504C58434384A4EE898B1C568961733A.d.2EC66A1E28ABCB3FB3C6676E32A2F9E0.e.12270","ELEMENT":"f.504C58434384A4EE898B1C568961733A.d.2EC66A1E28ABCB3FB3C6676E32A2F9E0.e.12270"}]}
RESULT: {"script":"<script> [56 bytes]","args":[{"element-6066-11e4-a52e-4f735466cecf":"f.504C58434384A4EE898B1C568961733A.d.2EC66A1E28ABCB3FB3C6676E32A2F9E0.e.12270","ELEMENT":"f.504C58434384A4EE898B1C568961733A.d.2EC66A1E28ABCB3FB3C6676E32A2F9E0.e.12270"}]}
COMMAND: GET /session/3e4ceb57b36163f530f5479f57478588/screenshot - {}
RESULT: {}
COMMAND: POST /session/3e4ceb57b36163f530f5479f57478588/execute/sync - {"script":"<script> [56 bytes]","args":[{"element-6066-11e4-a52e-4f735466cecf":"f.504C58434384A4EE898B1C568961733A.d.2EC66A1E28ABCB3FB3C6676E32A2F9E0.e.12270","ELEMENT":"f.504C58434384A4EE898B1C568961733A.d.2EC66A1E28ABCB3FB3C6676E32A2F9E0.e.12270"}]}
RESULT: {"script":"<script> [56 bytes]","args":[{"element-6066-11e4-a52e-4f735466cecf":"f.504C58434384A4EE898B1C568961733A.d.2EC66A1E28ABCB3FB3C6676E32A2F9E0.e.12270","ELEMENT":"f.504C58434384A4EE898B1C568961733A.d.2EC66A1E28ABCB3FB3C6676E32A2F9E0.e.12270"}]}
COMMAND: GET /session/3e4ceb57b36163f530f5479f57478588/screenshot - {}
RESULT: {}
COMMAND: POST /session/3e4ceb57b36163f530f5479f57478588/execute/sync - {"script":"<script> [56 bytes]","args":[{"element-6066-11e4-a52e-4f735466cecf":"f.504C58434384A4EE898B1C568961733A.d.2EC66A1E28ABCB3FB3C6676E32A2F9E0.e.12270","ELEMENT":"f.504C58434384A4EE898B1C568961733A.d.2EC66A1E28ABCB3FB3C6676E32A2F9E0.e.12270"}]}
RESULT: {"script":"<script> [56 bytes]","args":[{"element-6066-11e4-a52e-4f735466cecf":"f.504C58434384A4EE898B1C568961733A.d.2EC66A1E28ABCB3FB3C6676E32A2F9E0.e.12270","ELEMENT":"f.504C58434384A4EE898B1C568961733A.d.2EC66A1E28ABCB3FB3C6676E32A2F9E0.e.12270"}]}
COMMAND: POST /session/3e4ceb57b36163f530f5479f57478588/element - {"using":"css selector","value":"#shell-header-logo"}
COMMAND: GET /session/3e4ceb57b36163f530f5479f57478588/screenshot - {}
RESULT: {}
RESULT: {"using":"css selector","value":"#shell-header-logo"}
COMMAND: POST /session/3e4ceb57b36163f530f5479f57478588/element/f.504C58434384A4EE898B1C568961733A.d.2EC66A1E28ABCB3FB3C6676E32A2F9E0.e.12173/click - {}
RESULT: {}
COMMAND: GET /session/3e4ceb57b36163f530f5479f57478588/screenshot - {}
RESULT: {}
COMMAND: POST /session/3e4ceb57b36163f530f5479f57478588/element - {"using":"css selector","value":"#j_username"}
COMMAND: POST /session/3e4ceb57b36163f530f5479f57478588/url - {"url":"https://qa-testing-00-live-etm-ui.cfapps.eu10-004.hana.ondemand.com/"}
RESULT: {"using":"css selector","value":"#j_username"}
COMMAND: POST /session/3e4ceb57b36163f530f5479f57478588/element - {"using":"css selector","value":"#j_username"}
RESULT: {"url":"https://qa-testing-00-live-etm-ui.cfapps.eu10-004.hana.ondemand.com/"}
RESULT: undefined
COMMAND: GET /session/3e4ceb57b36163f530f5479f57478588/screenshot - {}
RESULT: {"using":"css selector","value":"#j_username"}
COMMAND: POST /session/3e4ceb57b36163f530f5479f57478588/element - {"using":"css selector","value":"#shell-header-logo"}
RESULT: {}
RESULT: {"using":"css selector","value":"#shell-header-logo"}
COMMAND: POST /session/3e4ceb57b36163f530f5479f57478588/execute/sync - {"script":"<script> [8489 bytes]","args":[{"element-6066-11e4-a52e-4f735466cecf":"f.504C58434384A4EE898B1C568961733A.d.8DE9AC0F1736D246D147C7A18CE30CFE.e.12323","ELEMENT":"f.504C58434384A4EE898B1C568961733A.d.8DE9AC0F1736D246D147C7A18CE30CFE.e.12323"}]}
RESULT: {"script":"<script> [8489 bytes]","args":[{"element-6066-11e4-a52e-4f735466cecf":"f.504C58434384A4EE898B1C568961733A.d.8DE9AC0F1736D246D147C7A18CE30CFE.e.12323","ELEMENT":"f.504C58434384A4EE898B1C568961733A.d.8DE9AC0F1736D246D147C7A18CE30CFE.e.12323"}]}
COMMAND: POST /session/3e4ceb57b36163f530f5479f57478588/element - {"using":"css selector","value":"#shell-header-logo"}
COMMAND: GET /session/3e4ceb57b36163f530f5479f57478588/screenshot - {}
RESULT: {"using":"css selector","value":"#shell-header-logo"}
COMMAND: POST /session/3e4ceb57b36163f530f5479f57478588/execute/sync - {"script":"<script> [8489 bytes]","args":[{"element-6066-11e4-a52e-4f735466cecf":"f.504C58434384A4EE898B1C568961733A.d.8DE9AC0F1736D246D147C7A18CE30CFE.e.12323","ELEMENT":"f.504C58434384A4EE898B1C568961733A.d.8DE9AC0F1736D246D147C7A18CE30CFE.e.12323"}]}
RESULT: {}
RESULT: {"script":"<script> [8489 bytes]","args":[{"element-6066-11e4-a52e-4f735466cecf":"f.504C58434384A4EE898B1C568961733A.d.8DE9AC0F1736D246D147C7A18CE30CFE.e.12323","ELEMENT":"f.504C58434384A4EE898B1C568961733A.d.8DE9AC0F1736D246D147C7A18CE30CFE.e.12323"}]}
COMMAND: POST /session/3e4ceb57b36163f530f5479f57478588/execute/sync - {"script":"<script> [5351 bytes]","args":[{"element-6066-11e4-a52e-4f735466cecf":"f.504C58434384A4EE898B1C568961733A.d.8DE9AC0F1736D246D147C7A18CE30CFE.e.12323","ELEMENT":"f.504C58434384A4EE898B1C568961733A.d.8DE9AC0F1736D246D147C7A18CE30CFE.e.12323"}]}
COMMAND: GET /session/3e4ceb57b36163f530f5479f57478588/screenshot - {}
RESULT: {"script":"<script> [5351 bytes]","args":[{"element-6066-11e4-a52e-4f735466cecf":"f.504C58434384A4EE898B1C568961733A.d.8DE9AC0F1736D246D147C7A18CE30CFE.e.12323","ELEMENT":"f.504C58434384A4EE898B1C568961733A.d.8DE9AC0F1736D246D147C7A18CE30CFE.e.12323"}]}
COMMAND: POST /session/3e4ceb57b36163f530f5479f57478588/element - {"using":"css selector","value":"#shell-header-logo"}
COMMAND: GET /session/3e4ceb57b36163f530f5479f57478588/screenshot - {}
RESULT: {}
RESULT: {"using":"css selector","value":"#shell-header-logo"}
COMMAND: POST /session/3e4ceb57b36163f530f5479f57478588/element/f.504C58434384A4EE898B1C568961733A.d.8DE9AC0F1736D246D147C7A18CE30CFE.e.12323/click - {}
RESULT: {}
RESULT: {}
COMMAND: GET /session/3e4ceb57b36163f530f5479f57478588/screenshot - {}
RESULT: {}
COMMAND: POST /session/3e4ceb57b36163f530f5479f57478588/execute/async - {"script":"<script> [189 bytes]","args":[]}
RESULT: {"script":"<script> [189 bytes]","args":[]}
COMMAND: POST /session/3e4ceb57b36163f530f5479f57478588/execute/async - {"script":"<script> [123 bytes]","args":[]}
RESULT: {"script":"<script> [123 bytes]","args":[]}
COMMAND: POST /session/3e4ceb57b36163f530f5479f57478588/timeouts - {"script":"<number>"}
RESULT: {"script":"<number>"}
COMMAND: GET /session/3e4ceb57b36163f530f5479f57478588/timeouts - {}
RESULT: {}
RESULT: undefined
COMMAND: POST /session/3e4ceb57b36163f530f5479f57478588/execute/async - {"script":"<script> [2676 bytes]","args":[]}
RESULT: {"script":"<script> [2676 bytes]","args":[]}
COMMAND: POST /session/3e4ceb57b36163f530f5479f57478588/execute/async - {"script":"<script> [2342 bytes]","args":[{"protocol":"http","hostname":"0.0.0.0","path":"/","capabilities":{"browserName":"chrome","goog:chromeOptions":{"binary":"C:\\Program Files\\Google\\Chrome\\Application\\chrome.exe"}},"logLevel":"warn","connectionRetryTimeout":120000,"connectionRetryCount":3,"logLevels":{},"enableDirectConnect":true,"strictSSL":true,"_":"65 more keys: [\"cacheDir\",\"port\",\"requestedCapabilities\",\"automationProtocol\",\"baseUrl\",\"waitforInterval\",\"waitforTimeout\",\"onReload\",\"beforeCommand\",\"afterCommand\",\"rootDir\",\"specs\",\"suites\",\"exclude\",\"groupLogsByTestSpec\",\"excludeDriverLogs\",\"bail\",\"framework\",\"reporters\",\"services\",\"maxInstances\",\"maxInstancesPerCapability\",\"injectGlobals\",\"filesToWatch\",\"execArgv\",\"runnerEnv\",\"runner\",\"shard\",\"specFileRetries\",\"specFileRetriesDelay\",\"specFileRetriesDeferred\",\"reporterSyncInterval\",\"reporterSyncTimeout\",\"cucumberFeaturesWithLineNumbers\",\"autoCompileOpts\",\"mochaOpts\",\"jasmineOpts\",\"cucumberOpts\",\"onPrepare\",\"onWorkerStart\",\"onWorkerEnd\",\"before\",\"beforeSession\",\"beforeSuite\",\"beforeHook\",\"beforeTest\",\"afterTest\",\"afterHook\",\"afterSuite\",\"afterSession\",\"after\",\"onComplete\",\"beforeAssertion\",\"afterAssertion\",\"beforeFeature\",\"beforeScenario\",\"beforeStep\",\"afterStep\",\"afterScenario\",\"afterFeature\",\"_\",\"suite\",\"$0\",\"ignoredWorkerServices\",\"wdi5\"]"}]}
RESULT: {"script":"<script> [2342 bytes]","args":[{"protocol":"http","hostname":"0.0.0.0","path":"/","capabilities":{"browserName":"chrome","goog:chromeOptions":{"binary":"C:\\Program Files\\Google\\Chrome\\Application\\chrome.exe"}},"logLevel":"warn","connectionRetryTimeout":120000,"connectionRetryCount":3,"logLevels":{},"enableDirectConnect":true,"strictSSL":true,"_":"65 more keys: [\"cacheDir\",\"port\",\"requestedCapabilities\",\"automationProtocol\",\"baseUrl\",\"waitforInterval\",\"waitforTimeout\",\"onReload\",\"beforeCommand\",\"afterCommand\",\"rootDir\",\"specs\",\"suites\",\"exclude\",\"groupLogsByTestSpec\",\"excludeDriverLogs\",\"bail\",\"framework\",\"reporters\",\"services\",\"maxInstances\",\"maxInstancesPerCapability\",\"injectGlobals\",\"filesToWatch\",\"execArgv\",\"runnerEnv\",\"runner\",\"shard\",\"specFileRetries\",\"specFileRetriesDelay\",\"specFileRetriesDeferred\",\"reporterSyncInterval\",\"reporterSyncTimeout\",\"cucumberFeaturesWithLineNumbers\",\"autoCompileOpts\",\"mochaOpts\",\"jasmineOpts\",\"cucumberOpts\",\"onPrepare\",\"onWorkerStart\",\"onWorkerEnd\",\"before\",\"beforeSession\",\"beforeSuite\",\"beforeHook\",\"beforeTest\",\"afterTest\",\"afterHook\",\"afterSuite\",\"afterSession\",\"after\",\"onComplete\",\"beforeAssertion\",\"afterAssertion\",\"beforeFeature\",\"beforeScenario\",\"beforeStep\",\"afterStep\",\"afterScenario\",\"afterFeature\",\"_\",\"suite\",\"$0\",\"ignoredWorkerServices\",\"wdi5\"]"}]}
COMMAND: POST /session/3e4ceb57b36163f530f5479f57478588/execute/async - {"script":"<script> [21126 bytes]","args":[35000]}
RESULT: {"script":"<script> [21126 bytes]","args":[35000]}
COMMAND: POST /session/3e4ceb57b36163f530f5479f57478588/window/maximize - {}
RESULT: {}
COMMAND: POST /session/3e4ceb57b36163f530f5479f57478588/execute/async - {"script":"<script> [1562 bytes]","args":[{"selector":{"id":"shell-header","interaction":{"idSuffix":"icon"}},"wdio_ui5_key":"shellheader"}]}
COMMAND: GET /session/3e4ceb57b36163f530f5479f57478588/screenshot - {}
RESULT: {"script":"<script> [1562 bytes]","args":[{"selector":{"id":"shell-header","interaction":{"idSuffix":"icon"}},"wdio_ui5_key":"shellheader"}]}
RESULT: undefined
COMMAND: POST /session/3e4ceb57b36163f530f5479f57478588/refresh - {}
RESULT: {}
RESULT: {}
COMMAND: GET /session/3e4ceb57b36163f530f5479f57478588/screenshot - {}
RESULT: {}
COMMAND: POST /session/3e4ceb57b36163f530f5479f57478588/execute/async - {"script":"<script> [189 bytes]","args":[]}
RESULT: {"script":"<script> [189 bytes]","args":[]}
COMMAND: POST /session/3e4ceb57b36163f530f5479f57478588/execute/async - {"script":"<script> [123 bytes]","args":[]}
RESULT: {"script":"<script> [123 bytes]","args":[]}
COMMAND: POST /session/3e4ceb57b36163f530f5479f57478588/timeouts - {"script":"<number>"}
RESULT: {"script":"<number>"}
COMMAND: GET /session/3e4ceb57b36163f530f5479f57478588/timeouts - {}
RESULT: {}
RESULT: undefined
COMMAND: POST /session/3e4ceb57b36163f530f5479f57478588/execute/async - {"script":"<script> [2676 bytes]","args":[]}
RESULT: {"script":"<script> [2676 bytes]","args":[]}
COMMAND: POST /session/3e4ceb57b36163f530f5479f57478588/execute/async - {"script":"<script> [2342 bytes]","args":[{"protocol":"http","hostname":"0.0.0.0","path":"/","capabilities":{"browserName":"chrome","goog:chromeOptions":{"binary":"C:\\Program Files\\Google\\Chrome\\Application\\chrome.exe"}},"logLevel":"warn","connectionRetryTimeout":120000,"connectionRetryCount":3,"logLevels":{},"enableDirectConnect":true,"strictSSL":true,"_":"65 more keys: [\"cacheDir\",\"port\",\"requestedCapabilities\",\"automationProtocol\",\"baseUrl\",\"waitforInterval\",\"waitforTimeout\",\"onReload\",\"beforeCommand\",\"afterCommand\",\"rootDir\",\"specs\",\"suites\",\"exclude\",\"groupLogsByTestSpec\",\"excludeDriverLogs\",\"bail\",\"framework\",\"reporters\",\"services\",\"maxInstances\",\"maxInstancesPerCapability\",\"injectGlobals\",\"filesToWatch\",\"execArgv\",\"runnerEnv\",\"runner\",\"shard\",\"specFileRetries\",\"specFileRetriesDelay\",\"specFileRetriesDeferred\",\"reporterSyncInterval\",\"reporterSyncTimeout\",\"cucumberFeaturesWithLineNumbers\",\"autoCompileOpts\",\"mochaOpts\",\"jasmineOpts\",\"cucumberOpts\",\"onPrepare\",\"onWorkerStart\",\"onWorkerEnd\",\"before\",\"beforeSession\",\"beforeSuite\",\"beforeHook\",\"beforeTest\",\"afterTest\",\"afterHook\",\"afterSuite\",\"afterSession\",\"after\",\"onComplete\",\"beforeAssertion\",\"afterAssertion\",\"beforeFeature\",\"beforeScenario\",\"beforeStep\",\"afterStep\",\"afterScenario\",\"afterFeature\",\"_\",\"suite\",\"$0\",\"ignoredWorkerServices\",\"wdi5\"]"}]}
RESULT: {"script":"<script> [2342 bytes]","args":[{"protocol":"http","hostname":"0.0.0.0","path":"/","capabilities":{"browserName":"chrome","goog:chromeOptions":{"binary":"C:\\Program Files\\Google\\Chrome\\Application\\chrome.exe"}},"logLevel":"warn","connectionRetryTimeout":120000,"connectionRetryCount":3,"logLevels":{},"enableDirectConnect":true,"strictSSL":true,"_":"65 more keys: [\"cacheDir\",\"port\",\"requestedCapabilities\",\"automationProtocol\",\"baseUrl\",\"waitforInterval\",\"waitforTimeout\",\"onReload\",\"beforeCommand\",\"afterCommand\",\"rootDir\",\"specs\",\"suites\",\"exclude\",\"groupLogsByTestSpec\",\"excludeDriverLogs\",\"bail\",\"framework\",\"reporters\",\"services\",\"maxInstances\",\"maxInstancesPerCapability\",\"injectGlobals\",\"filesToWatch\",\"execArgv\",\"runnerEnv\",\"runner\",\"shard\",\"specFileRetries\",\"specFileRetriesDelay\",\"specFileRetriesDeferred\",\"reporterSyncInterval\",\"reporterSyncTimeout\",\"cucumberFeaturesWithLineNumbers\",\"autoCompileOpts\",\"mochaOpts\",\"jasmineOpts\",\"cucumberOpts\",\"onPrepare\",\"onWorkerStart\",\"onWorkerEnd\",\"before\",\"beforeSession\",\"beforeSuite\",\"beforeHook\",\"beforeTest\",\"afterTest\",\"afterHook\",\"afterSuite\",\"afterSession\",\"after\",\"onComplete\",\"beforeAssertion\",\"afterAssertion\",\"beforeFeature\",\"beforeScenario\",\"beforeStep\",\"afterStep\",\"afterScenario\",\"afterFeature\",\"_\",\"suite\",\"$0\",\"ignoredWorkerServices\",\"wdi5\"]"}]}
COMMAND: POST /session/3e4ceb57b36163f530f5479f57478588/execute/async - {"script":"<script> [21126 bytes]","args":[35000]}
RESULT: {"script":"<script> [21126 bytes]","args":[35000]}
]]></system-out>
    </testcase>
  </testsuite>
  <testsuite timestamp="2025-04-13T17:48:00" time="596.445" tests="12" failures="0" errors="0" skipped="0">
    <properties>
      <property name="specId" value="0"/>
      <property name="suiteName" value="Billing transfer US117289"/>
      <property name="capabilities" value="chrome.135_0_7049_42.windows"/>
      <property name="file" value="file:///D:/a/1/s/test/specs/BTS/billing-transfer.spec.js"/>
    </properties>
    <testcase classname="chrome.135_0_7049_42.windows.Billing_transfer_US117289" name="Should create a new yard" time="0.564">
      <system-out><![CDATA[
COMMAND: POST /session/3e4ceb57b36163f530f5479f57478588/window/fullscreen - {}
RESULT: {}
]]></system-out>
    </testcase>
    <testcase classname="chrome.135_0_7049_42.windows.Billing_transfer_US117289" name="Should create a new partner" time="0.005"/>
    <testcase classname="chrome.135_0_7049_42.windows.Billing_transfer_US117289" name="Should create a new site" time="0.003"/>
    <testcase classname="chrome.135_0_7049_42.windows.Billing_transfer_US117289" name="Should create a new equipment" time="124.001">
      <system-out><![CDATA[
COMMAND: POST /session/3e4ceb57b36163f530f5479f57478588/execute/async - {"script":"<script> [1562 bytes]","args":[{"selector":{"controlType":"sap.m.GenericTile","properties":{"header":"Manage Resources"}},"wdio_ui5_key":"sapm.GenericTile{\"header\":\"Manage Resources\"}"}]}
RESULT: {"script":"<script> [1562 bytes]","args":[{"selector":{"controlType":"sap.m.GenericTile","properties":{"header":"Manage Resources"}},"wdio_ui5_key":"sapm.GenericTile{\"header\":\"Manage Resources\"}"}]}
RESULT: undefined
COMMAND: POST /session/3e4ceb57b36163f530f5479f57478588/element - {"using":"xpath","value":"//*[@id=\"__tile39\"]"}
RESULT: {"using":"xpath","value":"//*[@id=\"__tile39\"]"}
COMMAND: POST /session/3e4ceb57b36163f530f5479f57478588/element/f.504C58434384A4EE898B1C568961733A.d.69DEDAA7066F67763A1C3D8F812AE0EE.e.12356/click - {}
RESULT: {}
COMMAND: POST /session/3e4ceb57b36163f530f5479f57478588/element - {"using":"xpath","value":"//button[@data-kt=\"addNewRUOverflowToolbarButton\"]"}
COMMAND: GET /session/3e4ceb57b36163f530f5479f57478588/screenshot - {}
RESULT: {"using":"xpath","value":"//button[@data-kt=\"addNewRUOverflowToolbarButton\"]"}
COMMAND: POST /session/3e4ceb57b36163f530f5479f57478588/elements - {"using":"xpath","value":"//button[@data-kt=\"addNewRUOverflowToolbarButton\"]"}
RESULT: {}
RESULT: {"using":"xpath","value":"//button[@data-kt=\"addNewRUOverflowToolbarButton\"]"}
COMMAND: POST /session/3e4ceb57b36163f530f5479f57478588/elements - {"using":"xpath","value":"//button[@data-kt=\"addNewRUOverflowToolbarButton\"]"}
RESULT: {"using":"xpath","value":"//button[@data-kt=\"addNewRUOverflowToolbarButton\"]"}
RESULT: undefined
COMMAND: POST /session/3e4ceb57b36163f530f5479f57478588/elements - {"using":"xpath","value":"//button[@data-kt=\"addNewRUOverflowToolbarButton\"]"}
RESULT: {"using":"xpath","value":"//button[@data-kt=\"addNewRUOverflowToolbarButton\"]"}
COMMAND: POST /session/3e4ceb57b36163f530f5479f57478588/elements - {"using":"xpath","value":"//button[@data-kt=\"addNewRUOverflowToolbarButton\"]"}
RESULT: {"using":"xpath","value":"//button[@data-kt=\"addNewRUOverflowToolbarButton\"]"}
COMMAND: POST /session/3e4ceb57b36163f530f5479f57478588/elements - {"using":"xpath","value":"//button[@data-kt=\"addNewRUOverflowToolbarButton\"]"}
RESULT: {"using":"xpath","value":"//button[@data-kt=\"addNewRUOverflowToolbarButton\"]"}
COMMAND: POST /session/3e4ceb57b36163f530f5479f57478588/elements - {"using":"xpath","value":"//button[@data-kt=\"addNewRUOverflowToolbarButton\"]"}
RESULT: {"using":"xpath","value":"//button[@data-kt=\"addNewRUOverflowToolbarButton\"]"}
COMMAND: POST /session/3e4ceb57b36163f530f5479f57478588/elements - {"using":"xpath","value":"//button[@data-kt=\"addNewRUOverflowToolbarButton\"]"}
RESULT: {"using":"xpath","value":"//button[@data-kt=\"addNewRUOverflowToolbarButton\"]"}
COMMAND: POST /session/3e4ceb57b36163f530f5479f57478588/elements - {"using":"xpath","value":"//button[@data-kt=\"addNewRUOverflowToolbarButton\"]"}
RESULT: {"using":"xpath","value":"//button[@data-kt=\"addNewRUOverflowToolbarButton\"]"}
COMMAND: POST /session/3e4ceb57b36163f530f5479f57478588/elements - {"using":"xpath","value":"//button[@data-kt=\"addNewRUOverflowToolbarButton\"]"}
RESULT: {"using":"xpath","value":"//button[@data-kt=\"addNewRUOverflowToolbarButton\"]"}
COMMAND: POST /session/3e4ceb57b36163f530f5479f57478588/elements - {"using":"xpath","value":"//button[@data-kt=\"addNewRUOverflowToolbarButton\"]"}
RESULT: {"using":"xpath","value":"//button[@data-kt=\"addNewRUOverflowToolbarButton\"]"}
COMMAND: POST /session/3e4ceb57b36163f530f5479f57478588/elements - {"using":"xpath","value":"//button[@data-kt=\"addNewRUOverflowToolbarButton\"]"}
RESULT: {"using":"xpath","value":"//button[@data-kt=\"addNewRUOverflowToolbarButton\"]"}
COMMAND: POST /session/3e4ceb57b36163f530f5479f57478588/elements - {"using":"xpath","value":"//button[@data-kt=\"addNewRUOverflowToolbarButton\"]"}
RESULT: {"using":"xpath","value":"//button[@data-kt=\"addNewRUOverflowToolbarButton\"]"}
COMMAND: POST /session/3e4ceb57b36163f530f5479f57478588/elements - {"using":"xpath","value":"//button[@data-kt=\"addNewRUOverflowToolbarButton\"]"}
RESULT: {"using":"xpath","value":"//button[@data-kt=\"addNewRUOverflowToolbarButton\"]"}
COMMAND: POST /session/3e4ceb57b36163f530f5479f57478588/elements - {"using":"xpath","value":"//button[@data-kt=\"addNewRUOverflowToolbarButton\"]"}
RESULT: {"using":"xpath","value":"//button[@data-kt=\"addNewRUOverflowToolbarButton\"]"}
COMMAND: POST /session/3e4ceb57b36163f530f5479f57478588/elements - {"using":"xpath","value":"//button[@data-kt=\"addNewRUOverflowToolbarButton\"]"}
RESULT: {"using":"xpath","value":"//button[@data-kt=\"addNewRUOverflowToolbarButton\"]"}
COMMAND: POST /session/3e4ceb57b36163f530f5479f57478588/elements - {"using":"xpath","value":"//button[@data-kt=\"addNewRUOverflowToolbarButton\"]"}
RESULT: {"using":"xpath","value":"//button[@data-kt=\"addNewRUOverflowToolbarButton\"]"}
COMMAND: POST /session/3e4ceb57b36163f530f5479f57478588/elements - {"using":"xpath","value":"//button[@data-kt=\"addNewRUOverflowToolbarButton\"]"}
RESULT: {"using":"xpath","value":"//button[@data-kt=\"addNewRUOverflowToolbarButton\"]"}
COMMAND: POST /session/3e4ceb57b36163f530f5479f57478588/elements - {"using":"xpath","value":"//button[@data-kt=\"addNewRUOverflowToolbarButton\"]"}
RESULT: {"using":"xpath","value":"//button[@data-kt=\"addNewRUOverflowToolbarButton\"]"}
COMMAND: POST /session/3e4ceb57b36163f530f5479f57478588/elements - {"using":"xpath","value":"//button[@data-kt=\"addNewRUOverflowToolbarButton\"]"}
RESULT: {"using":"xpath","value":"//button[@data-kt=\"addNewRUOverflowToolbarButton\"]"}
COMMAND: POST /session/3e4ceb57b36163f530f5479f57478588/elements - {"using":"xpath","value":"//button[@data-kt=\"addNewRUOverflowToolbarButton\"]"}
RESULT: {"using":"xpath","value":"//button[@data-kt=\"addNewRUOverflowToolbarButton\"]"}
COMMAND: POST /session/3e4ceb57b36163f530f5479f57478588/elements - {"using":"xpath","value":"//button[@data-kt=\"addNewRUOverflowToolbarButton\"]"}
RESULT: {"using":"xpath","value":"//button[@data-kt=\"addNewRUOverflowToolbarButton\"]"}
COMMAND: POST /session/3e4ceb57b36163f530f5479f57478588/elements - {"using":"xpath","value":"//button[@data-kt=\"addNewRUOverflowToolbarButton\"]"}
RESULT: {"using":"xpath","value":"//button[@data-kt=\"addNewRUOverflowToolbarButton\"]"}
COMMAND: POST /session/3e4ceb57b36163f530f5479f57478588/elements - {"using":"xpath","value":"//button[@data-kt=\"addNewRUOverflowToolbarButton\"]"}
RESULT: {"using":"xpath","value":"//button[@data-kt=\"addNewRUOverflowToolbarButton\"]"}
COMMAND: POST /session/3e4ceb57b36163f530f5479f57478588/elements - {"using":"xpath","value":"//button[@data-kt=\"addNewRUOverflowToolbarButton\"]"}
RESULT: {"using":"xpath","value":"//button[@data-kt=\"addNewRUOverflowToolbarButton\"]"}
COMMAND: POST /session/3e4ceb57b36163f530f5479f57478588/elements - {"using":"xpath","value":"//button[@data-kt=\"addNewRUOverflowToolbarButton\"]"}
RESULT: {"using":"xpath","value":"//button[@data-kt=\"addNewRUOverflowToolbarButton\"]"}
COMMAND: POST /session/3e4ceb57b36163f530f5479f57478588/elements - {"using":"xpath","value":"//button[@data-kt=\"addNewRUOverflowToolbarButton\"]"}
RESULT: {"using":"xpath","value":"//button[@data-kt=\"addNewRUOverflowToolbarButton\"]"}
COMMAND: POST /session/3e4ceb57b36163f530f5479f57478588/elements - {"using":"xpath","value":"//button[@data-kt=\"addNewRUOverflowToolbarButton\"]"}
RESULT: {"using":"xpath","value":"//button[@data-kt=\"addNewRUOverflowToolbarButton\"]"}
COMMAND: POST /session/3e4ceb57b36163f530f5479f57478588/elements - {"using":"xpath","value":"//button[@data-kt=\"addNewRUOverflowToolbarButton\"]"}
RESULT: {"using":"xpath","value":"//button[@data-kt=\"addNewRUOverflowToolbarButton\"]"}
COMMAND: POST /session/3e4ceb57b36163f530f5479f57478588/elements - {"using":"xpath","value":"//button[@data-kt=\"addNewRUOverflowToolbarButton\"]"}
RESULT: {"using":"xpath","value":"//button[@data-kt=\"addNewRUOverflowToolbarButton\"]"}
COMMAND: POST /session/3e4ceb57b36163f530f5479f57478588/elements - {"using":"xpath","value":"//button[@data-kt=\"addNewRUOverflowToolbarButton\"]"}
RESULT: {"using":"xpath","value":"//button[@data-kt=\"addNewRUOverflowToolbarButton\"]"}
COMMAND: POST /session/3e4ceb57b36163f530f5479f57478588/elements - {"using":"xpath","value":"//button[@data-kt=\"addNewRUOverflowToolbarButton\"]"}
RESULT: {"using":"xpath","value":"//button[@data-kt=\"addNewRUOverflowToolbarButton\"]"}
COMMAND: POST /session/3e4ceb57b36163f530f5479f57478588/elements - {"using":"xpath","value":"//button[@data-kt=\"addNewRUOverflowToolbarButton\"]"}
RESULT: {"using":"xpath","value":"//button[@data-kt=\"addNewRUOverflowToolbarButton\"]"}
COMMAND: POST /session/3e4ceb57b36163f530f5479f57478588/elements - {"using":"xpath","value":"//button[@data-kt=\"addNewRUOverflowToolbarButton\"]"}
RESULT: {"using":"xpath","value":"//button[@data-kt=\"addNewRUOverflowToolbarButton\"]"}
COMMAND: POST /session/3e4ceb57b36163f530f5479f57478588/elements - {"using":"xpath","value":"//button[@data-kt=\"addNewRUOverflowToolbarButton\"]"}
RESULT: {"using":"xpath","value":"//button[@data-kt=\"addNewRUOverflowToolbarButton\"]"}
COMMAND: POST /session/3e4ceb57b36163f530f5479f57478588/elements - {"using":"xpath","value":"//button[@data-kt=\"addNewRUOverflowToolbarButton\"]"}
RESULT: {"using":"xpath","value":"//button[@data-kt=\"addNewRUOverflowToolbarButton\"]"}
COMMAND: POST /session/3e4ceb57b36163f530f5479f57478588/elements - {"using":"xpath","value":"//button[@data-kt=\"addNewRUOverflowToolbarButton\"]"}
RESULT: {"using":"xpath","value":"//button[@data-kt=\"addNewRUOverflowToolbarButton\"]"}
COMMAND: POST /session/3e4ceb57b36163f530f5479f57478588/elements - {"using":"xpath","value":"//button[@data-kt=\"addNewRUOverflowToolbarButton\"]"}
RESULT: {"using":"xpath","value":"//button[@data-kt=\"addNewRUOverflowToolbarButton\"]"}
COMMAND: POST /session/3e4ceb57b36163f530f5479f57478588/elements - {"using":"xpath","value":"//button[@data-kt=\"addNewRUOverflowToolbarButton\"]"}
RESULT: {"using":"xpath","value":"//button[@data-kt=\"addNewRUOverflowToolbarButton\"]"}
COMMAND: POST /session/3e4ceb57b36163f530f5479f57478588/elements - {"using":"xpath","value":"//button[@data-kt=\"addNewRUOverflowToolbarButton\"]"}
RESULT: {"using":"xpath","value":"//button[@data-kt=\"addNewRUOverflowToolbarButton\"]"}
COMMAND: POST /session/3e4ceb57b36163f530f5479f57478588/elements - {"using":"xpath","value":"//button[@data-kt=\"addNewRUOverflowToolbarButton\"]"}
RESULT: {"using":"xpath","value":"//button[@data-kt=\"addNewRUOverflowToolbarButton\"]"}
COMMAND: POST /session/3e4ceb57b36163f530f5479f57478588/elements - {"using":"xpath","value":"//button[@data-kt=\"addNewRUOverflowToolbarButton\"]"}
RESULT: {"using":"xpath","value":"//button[@data-kt=\"addNewRUOverflowToolbarButton\"]"}
COMMAND: POST /session/3e4ceb57b36163f530f5479f57478588/elements - {"using":"xpath","value":"//button[@data-kt=\"addNewRUOverflowToolbarButton\"]"}
RESULT: {"using":"xpath","value":"//button[@data-kt=\"addNewRUOverflowToolbarButton\"]"}
COMMAND: POST /session/3e4ceb57b36163f530f5479f57478588/elements - {"using":"xpath","value":"//button[@data-kt=\"addNewRUOverflowToolbarButton\"]"}
RESULT: {"using":"xpath","value":"//button[@data-kt=\"addNewRUOverflowToolbarButton\"]"}
COMMAND: POST /session/3e4ceb57b36163f530f5479f57478588/elements - {"using":"xpath","value":"//button[@data-kt=\"addNewRUOverflowToolbarButton\"]"}
RESULT: {"using":"xpath","value":"//button[@data-kt=\"addNewRUOverflowToolbarButton\"]"}
COMMAND: POST /session/3e4ceb57b36163f530f5479f57478588/elements - {"using":"xpath","value":"//button[@data-kt=\"addNewRUOverflowToolbarButton\"]"}
RESULT: {"using":"xpath","value":"//button[@data-kt=\"addNewRUOverflowToolbarButton\"]"}
COMMAND: POST /session/3e4ceb57b36163f530f5479f57478588/elements - {"using":"xpath","value":"//button[@data-kt=\"addNewRUOverflowToolbarButton\"]"}
RESULT: {"using":"xpath","value":"//button[@data-kt=\"addNewRUOverflowToolbarButton\"]"}
COMMAND: POST /session/3e4ceb57b36163f530f5479f57478588/elements - {"using":"xpath","value":"//button[@data-kt=\"addNewRUOverflowToolbarButton\"]"}
RESULT: {"using":"xpath","value":"//button[@data-kt=\"addNewRUOverflowToolbarButton\"]"}
COMMAND: POST /session/3e4ceb57b36163f530f5479f57478588/elements - {"using":"xpath","value":"//button[@data-kt=\"addNewRUOverflowToolbarButton\"]"}
RESULT: {"using":"xpath","value":"//button[@data-kt=\"addNewRUOverflowToolbarButton\"]"}
COMMAND: POST /session/3e4ceb57b36163f530f5479f57478588/elements - {"using":"xpath","value":"//button[@data-kt=\"addNewRUOverflowToolbarButton\"]"}
RESULT: {"using":"xpath","value":"//button[@data-kt=\"addNewRUOverflowToolbarButton\"]"}
COMMAND: POST /session/3e4ceb57b36163f530f5479f57478588/elements - {"using":"xpath","value":"//button[@data-kt=\"addNewRUOverflowToolbarButton\"]"}
RESULT: {"using":"xpath","value":"//button[@data-kt=\"addNewRUOverflowToolbarButton\"]"}
COMMAND: POST /session/3e4ceb57b36163f530f5479f57478588/element - {"using":"xpath","value":"//button[@data-kt=\"addNewRUOverflowToolbarButton\"]"}
RESULT: {"using":"xpath","value":"//button[@data-kt=\"addNewRUOverflowToolbarButton\"]"}
COMMAND: POST /session/3e4ceb57b36163f530f5479f57478588/execute/sync - {"script":"<script> [8489 bytes]","args":[{"element-6066-11e4-a52e-4f735466cecf":"f.504C58434384A4EE898B1C568961733A.d.69DEDAA7066F67763A1C3D8F812AE0EE.e.12388","ELEMENT":"f.504C58434384A4EE898B1C568961733A.d.69DEDAA7066F67763A1C3D8F812AE0EE.e.12388"}]}
RESULT: {"script":"<script> [8489 bytes]","args":[{"element-6066-11e4-a52e-4f735466cecf":"f.504C58434384A4EE898B1C568961733A.d.69DEDAA7066F67763A1C3D8F812AE0EE.e.12388","ELEMENT":"f.504C58434384A4EE898B1C568961733A.d.69DEDAA7066F67763A1C3D8F812AE0EE.e.12388"}]}
COMMAND: GET /session/3e4ceb57b36163f530f5479f57478588/element/f.504C58434384A4EE898B1C568961733A.d.69DEDAA7066F67763A1C3D8F812AE0EE.e.12388/enabled - {}
COMMAND: GET /session/3e4ceb57b36163f530f5479f57478588/screenshot - {}
RESULT: {}
COMMAND: POST /session/3e4ceb57b36163f530f5479f57478588/execute/sync - {"script":"<script> [8489 bytes]","args":[{"element-6066-11e4-a52e-4f735466cecf":"f.504C58434384A4EE898B1C568961733A.d.69DEDAA7066F67763A1C3D8F812AE0EE.e.12388","ELEMENT":"f.504C58434384A4EE898B1C568961733A.d.69DEDAA7066F67763A1C3D8F812AE0EE.e.12388"}]}
COMMAND: GET /session/3e4ceb57b36163f530f5479f57478588/screenshot - {}
RESULT: {}
RESULT: {"script":"<script> [8489 bytes]","args":[{"element-6066-11e4-a52e-4f735466cecf":"f.504C58434384A4EE898B1C568961733A.d.69DEDAA7066F67763A1C3D8F812AE0EE.e.12388","ELEMENT":"f.504C58434384A4EE898B1C568961733A.d.69DEDAA7066F67763A1C3D8F812AE0EE.e.12388"}]}
COMMAND: POST /session/3e4ceb57b36163f530f5479f57478588/execute/sync - {"script":"<script> [5351 bytes]","args":[{"element-6066-11e4-a52e-4f735466cecf":"f.504C58434384A4EE898B1C568961733A.d.69DEDAA7066F67763A1C3D8F812AE0EE.e.12388","ELEMENT":"f.504C58434384A4EE898B1C568961733A.d.69DEDAA7066F67763A1C3D8F812AE0EE.e.12388"}]}
COMMAND: GET /session/3e4ceb57b36163f530f5479f57478588/screenshot - {}
RESULT: {}
RESULT: {"script":"<script> [5351 bytes]","args":[{"element-6066-11e4-a52e-4f735466cecf":"f.504C58434384A4EE898B1C568961733A.d.69DEDAA7066F67763A1C3D8F812AE0EE.e.12388","ELEMENT":"f.504C58434384A4EE898B1C568961733A.d.69DEDAA7066F67763A1C3D8F812AE0EE.e.12388"}]}
COMMAND: POST /session/3e4ceb57b36163f530f5479f57478588/element/f.504C58434384A4EE898B1C568961733A.d.69DEDAA7066F67763A1C3D8F812AE0EE.e.12388/click - {}
COMMAND: GET /session/3e4ceb57b36163f530f5479f57478588/screenshot - {}
RESULT: {}
RESULT: {}
COMMAND: GET /session/3e4ceb57b36163f530f5479f57478588/screenshot - {}
RESULT: {}
RESULT: {}
COMMAND: POST /session/3e4ceb57b36163f530f5479f57478588/execute/async - {"script":"<script> [1562 bytes]","args":[{"selector":{"id":"application-manageresources-display-component---newResourceUnit--TYPE-arrow"},"wdio_ui5_key":"applicationmanageresources-display-component---newResourceUnit--TYPE-arrow"}]}
RESULT: {"script":"<script> [1562 bytes]","args":[{"selector":{"id":"application-manageresources-display-component---newResourceUnit--TYPE-arrow"},"wdio_ui5_key":"applicationmanageresources-display-component---newResourceUnit--TYPE-arrow"}]}
RESULT: undefined
COMMAND: POST /session/3e4ceb57b36163f530f5479f57478588/element - {"using":"xpath","value":"//*[@id=\"application-manageresources-display-component---newResourceUnit--TYPE-arrow\"]"}
RESULT: {"using":"xpath","value":"//*[@id=\"application-manageresources-display-component---newResourceUnit--TYPE-arrow\"]"}
COMMAND: POST /session/3e4ceb57b36163f530f5479f57478588/element/f.504C58434384A4EE898B1C568961733A.d.69DEDAA7066F67763A1C3D8F812AE0EE.e.12755/click - {}
RESULT: {}
COMMAND: POST /session/3e4ceb57b36163f530f5479f57478588/element - {"using":"xpath","value":"//input[@id=\"application-manageresources-display-component---newResourceUnit--TYPE-inner\"]"}
COMMAND: GET /session/3e4ceb57b36163f530f5479f57478588/screenshot - {}
RESULT: {"using":"xpath","value":"//input[@id=\"application-manageresources-display-component---newResourceUnit--TYPE-inner\"]"}
COMMAND: POST /session/3e4ceb57b36163f530f5479f57478588/element/f.504C58434384A4EE898B1C568961733A.d.69DEDAA7066F67763A1C3D8F812AE0EE.e.12738/clear - {}
RESULT: {}
RESULT: {}
COMMAND: POST /session/3e4ceb57b36163f530f5479f57478588/element/f.504C58434384A4EE898B1C568961733A.d.69DEDAA7066F67763A1C3D8F812AE0EE.e.12738/value - {"text":"Equipment"}
COMMAND: GET /session/3e4ceb57b36163f530f5479f57478588/screenshot - {}
RESULT: {"text":"Equipment"}
COMMAND: GET /session/3e4ceb57b36163f530f5479f57478588/screenshot - {}
RESULT: {}
RESULT: {}
COMMAND: POST /session/3e4ceb57b36163f530f5479f57478588/actions - {"actions":[{"id":"action43","type":"key","parameters":{},"actions":[{"type":"keyDown","value":""},{"type":"pause","duration":10},{"type":"keyUp","value":""}]}]}
RESULT: {"actions":[{"id":"action43","type":"key","parameters":{},"actions":[{"type":"keyDown","value":""},{"type":"pause","duration":10},{"type":"keyUp","value":""}]}]}
COMMAND: POST /session/3e4ceb57b36163f530f5479f57478588/execute/async - {"script":"<script> [1562 bytes]","args":[{"selector":{"id":"application-manageresources-display-component---newResourceUnit--resourceId","interaction":{"idSuffix":"inner"}},"wdio_ui5_key":"applicationmanageresources-display-component---newResourceUnit--resourceId"}]}
COMMAND: GET /session/3e4ceb57b36163f530f5479f57478588/screenshot - {}
RESULT: {"script":"<script> [1562 bytes]","args":[{"selector":{"id":"application-manageresources-display-component---newResourceUnit--resourceId","interaction":{"idSuffix":"inner"}},"wdio_ui5_key":"applicationmanageresources-display-component---newResourceUnit--resourceId"}]}
RESULT: undefined
COMMAND: POST /session/3e4ceb57b36163f530f5479f57478588/execute/async - {"script":"<script> [776 bytes]","args":[{"enterText":"ozUeKLOhdb","selector":{"id":"application-manageresources-display-component---newResourceUnit--resourceId","interaction":{"idSuffix":"inner"}},"clearTextFirst":true,"interactionType":"ENTER_TEXT"}]}
RESULT: {}
RESULT: {"script":"<script> [776 bytes]","args":[{"enterText":"ozUeKLOhdb","selector":{"id":"application-manageresources-display-component---newResourceUnit--resourceId","interaction":{"idSuffix":"inner"}},"clearTextFirst":true,"interactionType":"ENTER_TEXT"}]}
COMMAND: POST /session/3e4ceb57b36163f530f5479f57478588/execute/async - {"script":"<script> [1562 bytes]","args":[{"selector":{"id":"application-manageresources-display-component---newResourceUnit--SHORT_TEXT","interaction":{"idSuffix":"inner"}},"wdio_ui5_key":"applicationmanageresources-display-component---newResourceUnit--SHORT_TEXT"}]}
RESULT: {"script":"<script> [1562 bytes]","args":[{"selector":{"id":"application-manageresources-display-component---newResourceUnit--SHORT_TEXT","interaction":{"idSuffix":"inner"}},"wdio_ui5_key":"applicationmanageresources-display-component---newResourceUnit--SHORT_TEXT"}]}
RESULT: undefined
COMMAND: POST /session/3e4ceb57b36163f530f5479f57478588/execute/async - {"script":"<script> [776 bytes]","args":[{"enterText":"Intercompany Equipment WDIO","selector":{"id":"application-manageresources-display-component---newResourceUnit--SHORT_TEXT","interaction":{"idSuffix":"inner"}},"clearTextFirst":true,"interactionType":"ENTER_TEXT"}]}
RESULT: {"script":"<script> [776 bytes]","args":[{"enterText":"Intercompany Equipment WDIO","selector":{"id":"application-manageresources-display-component---newResourceUnit--SHORT_TEXT","interaction":{"idSuffix":"inner"}},"clearTextFirst":true,"interactionType":"ENTER_TEXT"}]}
COMMAND: POST /session/3e4ceb57b36163f530f5479f57478588/execute/async - {"script":"<script> [1562 bytes]","args":[{"selector":{"id":"application-manageresources-display-component---newResourceUnit--BASE_UNIT_OF_MEASURE","interaction":{"idSuffix":"inner"}},"wdio_ui5_key":"applicationmanageresources-display-component---newResourceUnit--BASE_UNIT_OF_MEASURE"}]}
RESULT: {"script":"<script> [1562 bytes]","args":[{"selector":{"id":"application-manageresources-display-component---newResourceUnit--BASE_UNIT_OF_MEASURE","interaction":{"idSuffix":"inner"}},"wdio_ui5_key":"applicationmanageresources-display-component---newResourceUnit--BASE_UNIT_OF_MEASURE"}]}
RESULT: undefined
COMMAND: POST /session/3e4ceb57b36163f530f5479f57478588/execute/async - {"script":"<script> [776 bytes]","args":[{"enterText":"Piece","selector":{"id":"application-manageresources-display-component---newResourceUnit--BASE_UNIT_OF_MEASURE","interaction":{"idSuffix":"inner"}},"clearTextFirst":true,"interactionType":"ENTER_TEXT"}]}
RESULT: {"script":"<script> [776 bytes]","args":[{"enterText":"Piece","selector":{"id":"application-manageresources-display-component---newResourceUnit--BASE_UNIT_OF_MEASURE","interaction":{"idSuffix":"inner"}},"clearTextFirst":true,"interactionType":"ENTER_TEXT"}]}
COMMAND: POST /session/3e4ceb57b36163f530f5479f57478588/execute/async - {"script":"<script> [1562 bytes]","args":[{"selector":{"id":"application-manageresources-display-component---newResourceUnit--WEIGHT_UNIT","interaction":{"idSuffix":"inner"}},"wdio_ui5_key":"applicationmanageresources-display-component---newResourceUnit--WEIGHT_UNIT"}]}
RESULT: {"script":"<script> [1562 bytes]","args":[{"selector":{"id":"application-manageresources-display-component---newResourceUnit--WEIGHT_UNIT","interaction":{"idSuffix":"inner"}},"wdio_ui5_key":"applicationmanageresources-display-component---newResourceUnit--WEIGHT_UNIT"}]}
RESULT: undefined
COMMAND: POST /session/3e4ceb57b36163f530f5479f57478588/execute/async - {"script":"<script> [776 bytes]","args":[{"enterText":"Gram","selector":{"id":"application-manageresources-display-component---newResourceUnit--WEIGHT_UNIT","interaction":{"idSuffix":"inner"}},"clearTextFirst":true,"interactionType":"ENTER_TEXT"}]}
RESULT: {"script":"<script> [776 bytes]","args":[{"enterText":"Gram","selector":{"id":"application-manageresources-display-component---newResourceUnit--WEIGHT_UNIT","interaction":{"idSuffix":"inner"}},"clearTextFirst":true,"interactionType":"ENTER_TEXT"}]}
COMMAND: POST /session/3e4ceb57b36163f530f5479f57478588/execute/async - {"script":"<script> [1562 bytes]","args":[{"selector":{"id":"application-manageresources-display-component---newResourceUnit--DIMENSION_UNIT","interaction":{"idSuffix":"inner"}},"wdio_ui5_key":"applicationmanageresources-display-component---newResourceUnit--DIMENSION_UNIT"}]}
RESULT: {"script":"<script> [1562 bytes]","args":[{"selector":{"id":"application-manageresources-display-component---newResourceUnit--DIMENSION_UNIT","interaction":{"idSuffix":"inner"}},"wdio_ui5_key":"applicationmanageresources-display-component---newResourceUnit--DIMENSION_UNIT"}]}
RESULT: undefined
COMMAND: POST /session/3e4ceb57b36163f530f5479f57478588/execute/async - {"script":"<script> [776 bytes]","args":[{"enterText":"Meter","selector":{"id":"application-manageresources-display-component---newResourceUnit--DIMENSION_UNIT","interaction":{"idSuffix":"inner"}},"clearTextFirst":true,"interactionType":"ENTER_TEXT"}]}
RESULT: {"script":"<script> [776 bytes]","args":[{"enterText":"Meter","selector":{"id":"application-manageresources-display-component---newResourceUnit--DIMENSION_UNIT","interaction":{"idSuffix":"inner"}},"clearTextFirst":true,"interactionType":"ENTER_TEXT"}]}
COMMAND: POST /session/3e4ceb57b36163f530f5479f57478588/execute/async - {"script":"<script> [1562 bytes]","args":[{"selector":{"id":"application-manageresources-display-component---newResourceUnit--newRRUPage-anchBar-application-manageresources-display-component---newResourceUnit--control-anchor","interaction":{"idSuffix":"BDI-content"}},"wdio_ui5_key":"applicationmanageresources-display-component---newResourceUnit--newRRUPage-anchBar-application-manageresources-display-component---newResourceUnit--control-anchor"}]}
RESULT: {"script":"<script> [1562 bytes]","args":[{"selector":{"id":"application-manageresources-display-component---newResourceUnit--newRRUPage-anchBar-application-manageresources-display-component---newResourceUnit--control-anchor","interaction":{"idSuffix":"BDI-content"}},"wdio_ui5_key":"applicationmanageresources-display-component---newResourceUnit--newRRUPage-anchBar-application-manageresources-display-component---newResourceUnit--control-anchor"}]}
RESULT: undefined
COMMAND: POST /session/3e4ceb57b36163f530f5479f57478588/element - {"using":"xpath","value":"//*[@id=\"application-manageresources-display-component---newResourceUnit--newRRUPage-anchBar-application-manageresources-display-component---newResourceUnit--control-anchor\"]"}
RESULT: {"using":"xpath","value":"//*[@id=\"application-manageresources-display-component---newResourceUnit--newRRUPage-anchBar-application-manageresources-display-component---newResourceUnit--control-anchor\"]"}
COMMAND: POST /session/3e4ceb57b36163f530f5479f57478588/element/f.504C58434384A4EE898B1C568961733A.d.69DEDAA7066F67763A1C3D8F812AE0EE.e.12888/click - {}
RESULT: {}
COMMAND: POST /session/3e4ceb57b36163f530f5479f57478588/execute/async - {"script":"<script> [1562 bytes]","args":[{"selector":{"id":"application-manageresources-display-component---newResourceUnit--PLANNING_GROUP","interaction":{"idSuffix":"inner"}},"wdio_ui5_key":"applicationmanageresources-display-component---newResourceUnit--PLANNING_GROUP"}]}
COMMAND: GET /session/3e4ceb57b36163f530f5479f57478588/screenshot - {}
RESULT: {"script":"<script> [1562 bytes]","args":[{"selector":{"id":"application-manageresources-display-component---newResourceUnit--PLANNING_GROUP","interaction":{"idSuffix":"inner"}},"wdio_ui5_key":"applicationmanageresources-display-component---newResourceUnit--PLANNING_GROUP"}]}
RESULT: undefined
COMMAND: POST /session/3e4ceb57b36163f530f5479f57478588/execute/async - {"script":"<script> [776 bytes]","args":[{"enterText":"Heavy Equi","selector":{"id":"application-manageresources-display-component---newResourceUnit--PLANNING_GROUP","interaction":{"idSuffix":"inner"}},"clearTextFirst":true,"interactionType":"ENTER_TEXT"}]}
RESULT: {}
RESULT: {"script":"<script> [776 bytes]","args":[{"enterText":"Heavy Equi","selector":{"id":"application-manageresources-display-component---newResourceUnit--PLANNING_GROUP","interaction":{"idSuffix":"inner"}},"clearTextFirst":true,"interactionType":"ENTER_TEXT"}]}
COMMAND: POST /session/3e4ceb57b36163f530f5479f57478588/execute/async - {"script":"<script> [1562 bytes]","args":[{"selector":{"id":"application-manageresources-display-component---newResourceUnit--ITEM_TYPE-arrow"},"wdio_ui5_key":"applicationmanageresources-display-component---newResourceUnit--ITEM_TYPE-arrow"}]}
RESULT: {"script":"<script> [1562 bytes]","args":[{"selector":{"id":"application-manageresources-display-component---newResourceUnit--ITEM_TYPE-arrow"},"wdio_ui5_key":"applicationmanageresources-display-component---newResourceUnit--ITEM_TYPE-arrow"}]}
RESULT: undefined
COMMAND: POST /session/3e4ceb57b36163f530f5479f57478588/element - {"using":"xpath","value":"//*[@id=\"application-manageresources-display-component---newResourceUnit--ITEM_TYPE-arrow\"]"}
RESULT: {"using":"xpath","value":"//*[@id=\"application-manageresources-display-component---newResourceUnit--ITEM_TYPE-arrow\"]"}
COMMAND: POST /session/3e4ceb57b36163f530f5479f57478588/element/f.504C58434384A4EE898B1C568961733A.d.69DEDAA7066F67763A1C3D8F812AE0EE.e.12895/click - {}
RESULT: {}
COMMAND: POST /session/3e4ceb57b36163f530f5479f57478588/element - {"using":"xpath","value":"(//span[contains(text(), \"Resource Unit\")])[2]"}
COMMAND: GET /session/3e4ceb57b36163f530f5479f57478588/screenshot - {}
RESULT: {"using":"xpath","value":"(//span[contains(text(), \"Resource Unit\")])[2]"}
COMMAND: POST /session/3e4ceb57b36163f530f5479f57478588/element/f.504C58434384A4EE898B1C568961733A.d.69DEDAA7066F67763A1C3D8F812AE0EE.e.12896/click - {}
RESULT: {}
RESULT: {}
COMMAND: GET /session/3e4ceb57b36163f530f5479f57478588/screenshot - {}
RESULT: {}
COMMAND: POST /session/3e4ceb57b36163f530f5479f57478588/element - {"using":"css selector","value":"#application-manageresources-display-component---newResourceUnit--btnAddTimeSegment"}
RESULT: {"using":"css selector","value":"#application-manageresources-display-component---newResourceUnit--btnAddTimeSegment"}
COMMAND: GET /session/3e4ceb57b36163f530f5479f57478588/element/f.504C58434384A4EE898B1C568961733A.d.69DEDAA7066F67763A1C3D8F812AE0EE.e.12897/rect - {}
RESULT: {}
COMMAND: GET /session/3e4ceb57b36163f530f5479f57478588/window/rect - {}
RESULT: {}
COMMAND: POST /session/3e4ceb57b36163f530f5479f57478588/execute/sync - {"script":"<script> [92 bytes]","args":[]}
RESULT: {"script":"<script> [92 bytes]","args":[]}
COMMAND: POST /session/3e4ceb57b36163f530f5479f57478588/actions - {"actions":[{"id":"action44","type":"wheel","parameters":{},"actions":[{"type":"scroll","x":-1888,"y":-32,"deltaX":0,"deltaY":0,"duration":0,"origin":{"element-6066-11e4-a52e-4f735466cecf":"f.504C58434384A4EE898B1C568961733A.d.69DEDAA7066F67763A1C3D8F812AE0EE.e.12897"}}]}]}
COMMAND: GET /session/3e4ceb57b36163f530f5479f57478588/screenshot - {}
RESULT: {}
COMMAND: POST /session/3e4ceb57b36163f530f5479f57478588/execute/sync - {"script":"<script> [79 bytes]","args":[{"element-6066-11e4-a52e-4f735466cecf":"f.504C58434384A4EE898B1C568961733A.d.69DEDAA7066F67763A1C3D8F812AE0EE.e.12897","ELEMENT":"f.504C58434384A4EE898B1C568961733A.d.69DEDAA7066F67763A1C3D8F812AE0EE.e.12897"},{"block":"start","inline":"nearest"}]}
RESULT: {"script":"<script> [79 bytes]","args":[{"element-6066-11e4-a52e-4f735466cecf":"f.504C58434384A4EE898B1C568961733A.d.69DEDAA7066F67763A1C3D8F812AE0EE.e.12897","ELEMENT":"f.504C58434384A4EE898B1C568961733A.d.69DEDAA7066F67763A1C3D8F812AE0EE.e.12897"},{"block":"start","inline":"nearest"}]}
COMMAND: POST /session/3e4ceb57b36163f530f5479f57478588/execute/async - {"script":"<script> [1562 bytes]","args":[{"selector":{"id":"application-manageresources-display-component---newResourceUnit--btnAddTimeSegment","interaction":{"idSuffix":"inner"}},"wdio_ui5_key":"applicationmanageresources-display-component---newResourceUnit--btnAddTimeSegment"}]}
COMMAND: GET /session/3e4ceb57b36163f530f5479f57478588/screenshot - {}
RESULT: {"script":"<script> [1562 bytes]","args":[{"selector":{"id":"application-manageresources-display-component---newResourceUnit--btnAddTimeSegment","interaction":{"idSuffix":"inner"}},"wdio_ui5_key":"applicationmanageresources-display-component---newResourceUnit--btnAddTimeSegment"}]}
RESULT: undefined
COMMAND: POST /session/3e4ceb57b36163f530f5479f57478588/element - {"using":"xpath","value":"//*[@id=\"application-manageresources-display-component---newResourceUnit--btnAddTimeSegment\"]"}
RESULT: {}
RESULT: {"using":"xpath","value":"//*[@id=\"application-manageresources-display-component---newResourceUnit--btnAddTimeSegment\"]"}
COMMAND: POST /session/3e4ceb57b36163f530f5479f57478588/element/f.504C58434384A4EE898B1C568961733A.d.69DEDAA7066F67763A1C3D8F812AE0EE.e.12897/click - {}
RESULT: {}
COMMAND: GET /session/3e4ceb57b36163f530f5479f57478588/screenshot - {}
RESULT: {}
COMMAND: POST /session/3e4ceb57b36163f530f5479f57478588/element - {"using":"xpath","value":"//input[@id=\"application-manageresources-display-component---newResourceUnit--idRuTSAdmin-application-manageresources-display-component---newResourceUnit--RUTimeSegment-0-inner\"]"}
RESULT: {"using":"xpath","value":"//input[@id=\"application-manageresources-display-component---newResourceUnit--idRuTSAdmin-application-manageresources-display-component---newResourceUnit--RUTimeSegment-0-inner\"]"}
COMMAND: POST /session/3e4ceb57b36163f530f5479f57478588/element/f.504C58434384A4EE898B1C568961733A.d.69DEDAA7066F67763A1C3D8F812AE0EE.e.12903/clear - {}
RESULT: {}
COMMAND: POST /session/3e4ceb57b36163f530f5479f57478588/element/f.504C58434384A4EE898B1C568961733A.d.69DEDAA7066F67763A1C3D8F812AE0EE.e.12903/value - {"text":"259"}
COMMAND: GET /session/3e4ceb57b36163f530f5479f57478588/screenshot - {}
RESULT: {"text":"259"}
COMMAND: GET /session/3e4ceb57b36163f530f5479f57478588/screenshot - {}
RESULT: {}
RESULT: {}
COMMAND: POST /session/3e4ceb57b36163f530f5479f57478588/element - {"using":"xpath","value":"//li[.//span[text()='259']]"}
RESULT: {"using":"xpath","value":"//li[.//span[text()='259']]"}
COMMAND: POST /session/3e4ceb57b36163f530f5479f57478588/element/f.504C58434384A4EE898B1C568961733A.d.69DEDAA7066F67763A1C3D8F812AE0EE.e.12915/click - {}
RESULT: {}
COMMAND: GET /session/3e4ceb57b36163f530f5479f57478588/screenshot - {}
RESULT: {}
COMMAND: POST /session/3e4ceb57b36163f530f5479f57478588/element - {"using":"xpath","value":"(//span[contains(@id, \"-application-manageresources-display-component---newResourceUnit--RUTimeSegment-0-arrow\")])[6]"}
RESULT: {"using":"xpath","value":"(//span[contains(@id, \"-application-manageresources-display-component---newResourceUnit--RUTimeSegment-0-arrow\")])[6]"}
COMMAND: POST /session/3e4ceb57b36163f530f5479f57478588/element/f.504C58434384A4EE898B1C568961733A.d.69DEDAA7066F67763A1C3D8F812AE0EE.e.12916/click - {}
RESULT: {}
COMMAND: POST /session/3e4ceb57b36163f530f5479f57478588/element - {"using":"xpath","value":"//span[contains(text(), \"PM Order\")]"}
COMMAND: GET /session/3e4ceb57b36163f530f5479f57478588/screenshot - {}
RESULT: {"using":"xpath","value":"//span[contains(text(), \"PM Order\")]"}
COMMAND: POST /session/3e4ceb57b36163f530f5479f57478588/element/f.504C58434384A4EE898B1C568961733A.d.69DEDAA7066F67763A1C3D8F812AE0EE.e.12919/click - {}
RESULT: {}
RESULT: {}
COMMAND: GET /session/3e4ceb57b36163f530f5479f57478588/screenshot - {}
RESULT: {}
COMMAND: POST /session/3e4ceb57b36163f530f5479f57478588/element - {"using":"xpath","value":"(//span[contains(@id ,\"manageresources-display-component---newResourceUnit--RUTimeSegment-0-vhi\")])[2]"}
RESULT: {"using":"xpath","value":"(//span[contains(@id ,\"manageresources-display-component---newResourceUnit--RUTimeSegment-0-vhi\")])[2]"}
COMMAND: POST /session/3e4ceb57b36163f530f5479f57478588/element/f.504C58434384A4EE898B1C568961733A.d.69DEDAA7066F67763A1C3D8F812AE0EE.e.12922/click - {}
RESULT: {}
COMMAND: GET /session/3e4ceb57b36163f530f5479f57478588/screenshot - {}
RESULT: {}
COMMAND: POST /session/3e4ceb57b36163f530f5479f57478588/execute/async - {"script":"<script> [1562 bytes]","args":[{"selector":{"controlType":"sap.m.SearchField","properties":{"placeholder":"Search"},"searchOpenDialogs":true,"interaction":{"idSuffix":"I"}},"wdio_ui5_key":"sapm.SearchField{\"placeholder\":\"Search\"}"}]}
RESULT: {"script":"<script> [1562 bytes]","args":[{"selector":{"controlType":"sap.m.SearchField","properties":{"placeholder":"Search"},"searchOpenDialogs":true,"interaction":{"idSuffix":"I"}},"wdio_ui5_key":"sapm.SearchField{\"placeholder\":\"Search\"}"}]}
RESULT: undefined
COMMAND: POST /session/3e4ceb57b36163f530f5479f57478588/execute/async - {"script":"<script> [776 bytes]","args":[{"enterText":"4000360","selector":{"controlType":"sap.m.SearchField","properties":{"placeholder":"Search"},"searchOpenDialogs":true,"interaction":{"idSuffix":"I"}},"clearTextFirst":true,"interactionType":"ENTER_TEXT"}]}
RESULT: {"script":"<script> [776 bytes]","args":[{"enterText":"4000360","selector":{"controlType":"sap.m.SearchField","properties":{"placeholder":"Search"},"searchOpenDialogs":true,"interaction":{"idSuffix":"I"}},"clearTextFirst":true,"interactionType":"ENTER_TEXT"}]}
COMMAND: POST /session/3e4ceb57b36163f530f5479f57478588/actions - {"actions":[{"id":"action45","type":"key","parameters":{},"actions":[{"type":"keyDown","value":""},{"type":"pause","duration":10},{"type":"keyUp","value":""}]}]}
RESULT: {"actions":[{"id":"action45","type":"key","parameters":{},"actions":[{"type":"keyDown","value":""},{"type":"pause","duration":10},{"type":"keyUp","value":""}]}]}
COMMAND: GET /session/3e4ceb57b36163f530f5479f57478588/screenshot - {}
RESULT: {}
COMMAND: POST /session/3e4ceb57b36163f530f5479f57478588/element - {"using":"xpath","value":"//td/div/span[contains(text(), \"BGL Vehicles\")]"}
RESULT: {"using":"xpath","value":"//td/div/span[contains(text(), \"BGL Vehicles\")]"}
COMMAND: POST /session/3e4ceb57b36163f530f5479f57478588/element/f.504C58434384A4EE898B1C568961733A.d.69DEDAA7066F67763A1C3D8F812AE0EE.e.12941/click - {}
RESULT: {}
COMMAND: GET /session/3e4ceb57b36163f530f5479f57478588/screenshot - {}
RESULT: {}
COMMAND: POST /session/3e4ceb57b36163f530f5479f57478588/element - {"using":"xpath","value":"//bdi[contains(text(), \"OK\")]"}
RESULT: {"using":"xpath","value":"//bdi[contains(text(), \"OK\")]"}
COMMAND: POST /session/3e4ceb57b36163f530f5479f57478588/element/f.504C58434384A4EE898B1C568961733A.d.69DEDAA7066F67763A1C3D8F812AE0EE.e.12942/click - {}
RESULT: {}
COMMAND: GET /session/3e4ceb57b36163f530f5479f57478588/screenshot - {}
RESULT: {}
COMMAND: POST /session/3e4ceb57b36163f530f5479f57478588/execute/async - {"script":"<script> [1562 bytes]","args":[{"selector":{"id":"application-manageresources-display-component---newResourceUnit--newRRUPage-anchBar-application-manageresources-display-component---newResourceUnit--resource-anchor","interaction":{"idSuffix":"BDI-content"}},"wdio_ui5_key":"applicationmanageresources-display-component---newResourceUnit--newRRUPage-anchBar-application-manageresources-display-component---newResourceUnit--resource-anchor"}]}
RESULT: {"script":"<script> [1562 bytes]","args":[{"selector":{"id":"application-manageresources-display-component---newResourceUnit--newRRUPage-anchBar-application-manageresources-display-component---newResourceUnit--resource-anchor","interaction":{"idSuffix":"BDI-content"}},"wdio_ui5_key":"applicationmanageresources-display-component---newResourceUnit--newRRUPage-anchBar-application-manageresources-display-component---newResourceUnit--resource-anchor"}]}
RESULT: undefined
COMMAND: POST /session/3e4ceb57b36163f530f5479f57478588/element - {"using":"xpath","value":"//*[@id=\"application-manageresources-display-component---newResourceUnit--newRRUPage-anchBar-application-manageresources-display-component---newResourceUnit--resource-anchor\"]"}
RESULT: {"using":"xpath","value":"//*[@id=\"application-manageresources-display-component---newResourceUnit--newRRUPage-anchBar-application-manageresources-display-component---newResourceUnit--resource-anchor\"]"}
COMMAND: POST /session/3e4ceb57b36163f530f5479f57478588/element/f.504C58434384A4EE898B1C568961733A.d.69DEDAA7066F67763A1C3D8F812AE0EE.e.12946/click - {}
RESULT: {}
COMMAND: POST /session/3e4ceb57b36163f530f5479f57478588/execute/async - {"script":"<script> [1562 bytes]","args":[{"selector":{"id":"application-manageresources-display-component---newResourceUnit--PLANNED_DELIVERY_DATE","interaction":{"idSuffix":"inner"}},"wdio_ui5_key":"applicationmanageresources-display-component---newResourceUnit--PLANNED_DELIVERY_DATE"}]}
COMMAND: GET /session/3e4ceb57b36163f530f5479f57478588/screenshot - {}
RESULT: {"script":"<script> [1562 bytes]","args":[{"selector":{"id":"application-manageresources-display-component---newResourceUnit--PLANNED_DELIVERY_DATE","interaction":{"idSuffix":"inner"}},"wdio_ui5_key":"applicationmanageresources-display-component---newResourceUnit--PLANNED_DELIVERY_DATE"}]}
RESULT: undefined
COMMAND: POST /session/3e4ceb57b36163f530f5479f57478588/execute/async - {"script":"<script> [6424 bytes]","args":[{"element-6066-11e4-a52e-4f735466cecf":"f.504C58434384A4EE898B1C568961733A.d.69DEDAA7066F67763A1C3D8F812AE0EE.e.12811"},"setValue",["4/13/25"]]}
RESULT: {}
RESULT: {"script":"<script> [6424 bytes]","args":[{"element-6066-11e4-a52e-4f735466cecf":"f.504C58434384A4EE898B1C568961733A.d.69DEDAA7066F67763A1C3D8F812AE0EE.e.12811"},"setValue",["4/13/25"]]}
COMMAND: POST /session/3e4ceb57b36163f530f5479f57478588/element - {"using":"xpath","value":"//button[@data-kt=\"resourceUnitSaveButton\"]"}
RESULT: {"using":"xpath","value":"//button[@data-kt=\"resourceUnitSaveButton\"]"}
COMMAND: POST /session/3e4ceb57b36163f530f5479f57478588/element/f.504C58434384A4EE898B1C568961733A.d.69DEDAA7066F67763A1C3D8F812AE0EE.e.12771/click - {}
RESULT: {}
COMMAND: GET /session/3e4ceb57b36163f530f5479f57478588/screenshot - {}
RESULT: {}
COMMAND: POST /session/3e4ceb57b36163f530f5479f57478588/element - {"using":"xpath","value":"//bdi[contains(text(), \"Close\")]"}
RESULT: {"using":"xpath","value":"//bdi[contains(text(), \"Close\")]"}
COMMAND: POST /session/3e4ceb57b36163f530f5479f57478588/element/f.504C58434384A4EE898B1C568961733A.d.69DEDAA7066F67763A1C3D8F812AE0EE.e.12956/click - {}
RESULT: {}
COMMAND: GET /session/3e4ceb57b36163f530f5479f57478588/screenshot - {}
RESULT: {}
COMMAND: POST /session/3e4ceb57b36163f530f5479f57478588/element - {"using":"xpath","value":"(//button[contains(@id ,\"actionsToolbar-overflowButton\")])[1]"}
RESULT: {"using":"xpath","value":"(//button[contains(@id ,\"actionsToolbar-overflowButton\")])[1]"}
COMMAND: POST /session/3e4ceb57b36163f530f5479f57478588/element/f.504C58434384A4EE898B1C568961733A.d.69DEDAA7066F67763A1C3D8F812AE0EE.e.12986/click - {}
RESULT: {}
COMMAND: GET /session/3e4ceb57b36163f530f5479f57478588/screenshot - {}
RESULT: {}
COMMAND: POST /session/3e4ceb57b36163f530f5479f57478588/element - {"using":"xpath","value":"//button[@data-kt=\"priceInfoButton\"]"}
RESULT: {"using":"xpath","value":"//button[@data-kt=\"priceInfoButton\"]"}
COMMAND: POST /session/3e4ceb57b36163f530f5479f57478588/element/f.504C58434384A4EE898B1C568961733A.d.69DEDAA7066F67763A1C3D8F812AE0EE.e.12988/click - {}
RESULT: {}
COMMAND: GET /session/3e4ceb57b36163f530f5479f57478588/screenshot - {}
]]></system-out>
    </testcase>
    <testcase classname="chrome.135_0_7049_42.windows.Billing_transfer_US117289" name="Should create new pricing rule" time="50.027">
      <system-out><![CDATA[
COMMAND: POST /session/3e4ceb57b36163f530f5479f57478588/element - {"using":"xpath","value":"//button[@data-kt=\"addButton\"]"}
RESULT: {}
RESULT: {"using":"xpath","value":"//button[@data-kt=\"addButton\"]"}
COMMAND: POST /session/3e4ceb57b36163f530f5479f57478588/elements - {"using":"xpath","value":"//button[@data-kt=\"addButton\"]"}
RESULT: {"using":"xpath","value":"//button[@data-kt=\"addButton\"]"}
COMMAND: POST /session/3e4ceb57b36163f530f5479f57478588/execute/sync - {"script":"<script> [8489 bytes]","args":[{"element-6066-11e4-a52e-4f735466cecf":"f.504C58434384A4EE898B1C568961733A.d.69DEDAA7066F67763A1C3D8F812AE0EE.e.13024","ELEMENT":"f.504C58434384A4EE898B1C568961733A.d.69DEDAA7066F67763A1C3D8F812AE0EE.e.13024"}]}
RESULT: {"script":"<script> [8489 bytes]","args":[{"element-6066-11e4-a52e-4f735466cecf":"f.504C58434384A4EE898B1C568961733A.d.69DEDAA7066F67763A1C3D8F812AE0EE.e.13024","ELEMENT":"f.504C58434384A4EE898B1C568961733A.d.69DEDAA7066F67763A1C3D8F812AE0EE.e.13024"}]}
COMMAND: GET /session/3e4ceb57b36163f530f5479f57478588/element/f.504C58434384A4EE898B1C568961733A.d.69DEDAA7066F67763A1C3D8F812AE0EE.e.13024/enabled - {}
COMMAND: GET /session/3e4ceb57b36163f530f5479f57478588/screenshot - {}
RESULT: {}
COMMAND: POST /session/3e4ceb57b36163f530f5479f57478588/execute/sync - {"script":"<script> [8489 bytes]","args":[{"element-6066-11e4-a52e-4f735466cecf":"f.504C58434384A4EE898B1C568961733A.d.69DEDAA7066F67763A1C3D8F812AE0EE.e.13024","ELEMENT":"f.504C58434384A4EE898B1C568961733A.d.69DEDAA7066F67763A1C3D8F812AE0EE.e.13024"}]}
COMMAND: GET /session/3e4ceb57b36163f530f5479f57478588/screenshot - {}
RESULT: {}
RESULT: {"script":"<script> [8489 bytes]","args":[{"element-6066-11e4-a52e-4f735466cecf":"f.504C58434384A4EE898B1C568961733A.d.69DEDAA7066F67763A1C3D8F812AE0EE.e.13024","ELEMENT":"f.504C58434384A4EE898B1C568961733A.d.69DEDAA7066F67763A1C3D8F812AE0EE.e.13024"}]}
COMMAND: POST /session/3e4ceb57b36163f530f5479f57478588/execute/sync - {"script":"<script> [5351 bytes]","args":[{"element-6066-11e4-a52e-4f735466cecf":"f.504C58434384A4EE898B1C568961733A.d.69DEDAA7066F67763A1C3D8F812AE0EE.e.13024","ELEMENT":"f.504C58434384A4EE898B1C568961733A.d.69DEDAA7066F67763A1C3D8F812AE0EE.e.13024"}]}
COMMAND: GET /session/3e4ceb57b36163f530f5479f57478588/screenshot - {}
RESULT: {}
RESULT: {"script":"<script> [5351 bytes]","args":[{"element-6066-11e4-a52e-4f735466cecf":"f.504C58434384A4EE898B1C568961733A.d.69DEDAA7066F67763A1C3D8F812AE0EE.e.13024","ELEMENT":"f.504C58434384A4EE898B1C568961733A.d.69DEDAA7066F67763A1C3D8F812AE0EE.e.13024"}]}
COMMAND: POST /session/3e4ceb57b36163f530f5479f57478588/element/f.504C58434384A4EE898B1C568961733A.d.69DEDAA7066F67763A1C3D8F812AE0EE.e.13024/click - {}
COMMAND: GET /session/3e4ceb57b36163f530f5479f57478588/screenshot - {}
RESULT: {}
RESULT: {}
COMMAND: GET /session/3e4ceb57b36163f530f5479f57478588/screenshot - {}
RESULT: {}
RESULT: {}
COMMAND: POST /session/3e4ceb57b36163f530f5479f57478588/execute/async - {"script":"<script> [1562 bytes]","args":[{"selector":{"controlType":"sap.m.Title","viewName":"etm.portal.ui.managepricingrules.view.NewItem","viewId":"application-managepricingrules-display-component---newInfoPriceItem","properties":{"text":"New Pricing Rules - Item Level"}},"wdio_ui5_key":"etmportal.ui.managepricingrules.view.NewItemsap.m.Title{\"text\":\"New Pricing Rules - Item Level\"}"}]}
RESULT: {"script":"<script> [1562 bytes]","args":[{"selector":{"controlType":"sap.m.Title","viewName":"etm.portal.ui.managepricingrules.view.NewItem","viewId":"application-managepricingrules-display-component---newInfoPriceItem","properties":{"text":"New Pricing Rules - Item Level"}},"wdio_ui5_key":"etmportal.ui.managepricingrules.view.NewItemsap.m.Title{\"text\":\"New Pricing Rules - Item Level\"}"}]}
RESULT: undefined
COMMAND: POST /session/3e4ceb57b36163f530f5479f57478588/execute/async - {"script":"<script> [6424 bytes]","args":[{"element-6066-11e4-a52e-4f735466cecf":"f.504C58434384A4EE898B1C568961733A.d.69DEDAA7066F67763A1C3D8F812AE0EE.e.13182"},"getText",[]]}
RESULT: {"script":"<script> [6424 bytes]","args":[{"element-6066-11e4-a52e-4f735466cecf":"f.504C58434384A4EE898B1C568961733A.d.69DEDAA7066F67763A1C3D8F812AE0EE.e.13182"},"getText",[]]}
COMMAND: POST /session/3e4ceb57b36163f530f5479f57478588/execute/async - {"script":"<script> [1562 bytes]","args":[{"selector":{"id":"application-managepricingrules-display-component---newInfoPriceItem--condValidTo","interaction":{"idSuffix":"inner"}},"wdio_ui5_key":"applicationmanagepricingrules-display-component---newInfoPriceItem--condValidTo"}]}
RESULT: {"script":"<script> [1562 bytes]","args":[{"selector":{"id":"application-managepricingrules-display-component---newInfoPriceItem--condValidTo","interaction":{"idSuffix":"inner"}},"wdio_ui5_key":"applicationmanagepricingrules-display-component---newInfoPriceItem--condValidTo"}]}
RESULT: undefined
COMMAND: POST /session/3e4ceb57b36163f530f5479f57478588/execute/async - {"script":"<script> [776 bytes]","args":[{"enterText":"12/13/25","selector":{"id":"application-managepricingrules-display-component---newInfoPriceItem--condValidTo","interaction":{"idSuffix":"inner"}},"clearTextFirst":true,"interactionType":"ENTER_TEXT"}]}
RESULT: {"script":"<script> [776 bytes]","args":[{"enterText":"12/13/25","selector":{"id":"application-managepricingrules-display-component---newInfoPriceItem--condValidTo","interaction":{"idSuffix":"inner"}},"clearTextFirst":true,"interactionType":"ENTER_TEXT"}]}
COMMAND: POST /session/3e4ceb57b36163f530f5479f57478588/execute/async - {"script":"<script> [1562 bytes]","args":[{"selector":{"id":"application-managepricingrules-display-component---newInfoPriceItem--billType-arrow"},"wdio_ui5_key":"applicationmanagepricingrules-display-component---newInfoPriceItem--billType-arrow"}]}
RESULT: {"script":"<script> [1562 bytes]","args":[{"selector":{"id":"application-managepricingrules-display-component---newInfoPriceItem--billType-arrow"},"wdio_ui5_key":"applicationmanagepricingrules-display-component---newInfoPriceItem--billType-arrow"}]}
RESULT: undefined
COMMAND: POST /session/3e4ceb57b36163f530f5479f57478588/element - {"using":"xpath","value":"//*[@id=\"application-managepricingrules-display-component---newInfoPriceItem--billType-arrow\"]"}
RESULT: {"using":"xpath","value":"//*[@id=\"application-managepricingrules-display-component---newInfoPriceItem--billType-arrow\"]"}
COMMAND: POST /session/3e4ceb57b36163f530f5479f57478588/element/f.504C58434384A4EE898B1C568961733A.d.69DEDAA7066F67763A1C3D8F812AE0EE.e.13186/click - {}
RESULT: {}
COMMAND: POST /session/3e4ceb57b36163f530f5479f57478588/element - {"using":"xpath","value":"//span[contains(text(), \"TB - Time based\")]"}
COMMAND: GET /session/3e4ceb57b36163f530f5479f57478588/screenshot - {}
RESULT: {"using":"xpath","value":"//span[contains(text(), \"TB - Time based\")]"}
COMMAND: POST /session/3e4ceb57b36163f530f5479f57478588/element/f.504C58434384A4EE898B1C568961733A.d.69DEDAA7066F67763A1C3D8F812AE0EE.e.13187/click - {}
RESULT: {}
RESULT: {}
COMMAND: POST /session/3e4ceb57b36163f530f5479f57478588/execute/async - {"script":"<script> [1562 bytes]","args":[{"selector":{"id":"application-managepricingrules-display-component---newInfoPriceItem--priceProc-arrow"},"wdio_ui5_key":"applicationmanagepricingrules-display-component---newInfoPriceItem--priceProc-arrow"}]}
COMMAND: GET /session/3e4ceb57b36163f530f5479f57478588/screenshot - {}
RESULT: {"script":"<script> [1562 bytes]","args":[{"selector":{"id":"application-managepricingrules-display-component---newInfoPriceItem--priceProc-arrow"},"wdio_ui5_key":"applicationmanagepricingrules-display-component---newInfoPriceItem--priceProc-arrow"}]}
RESULT: undefined
COMMAND: POST /session/3e4ceb57b36163f530f5479f57478588/element - {"using":"xpath","value":"//*[@id=\"application-managepricingrules-display-component---newInfoPriceItem--priceProc-arrow\"]"}
RESULT: {}
RESULT: {"using":"xpath","value":"//*[@id=\"application-managepricingrules-display-component---newInfoPriceItem--priceProc-arrow\"]"}
COMMAND: POST /session/3e4ceb57b36163f530f5479f57478588/element/f.504C58434384A4EE898B1C568961733A.d.69DEDAA7066F67763A1C3D8F812AE0EE.e.13149/click - {}
RESULT: {}
COMMAND: POST /session/3e4ceb57b36163f530f5479f57478588/element - {"using":"xpath","value":"//span[contains(text(), \"TBS - Time based standard\")]"}
COMMAND: GET /session/3e4ceb57b36163f530f5479f57478588/screenshot - {}
RESULT: {"using":"xpath","value":"//span[contains(text(), \"TBS - Time based standard\")]"}
COMMAND: POST /session/3e4ceb57b36163f530f5479f57478588/element/f.504C58434384A4EE898B1C568961733A.d.69DEDAA7066F67763A1C3D8F812AE0EE.e.13188/click - {}
RESULT: {}
RESULT: {}
COMMAND: POST /session/3e4ceb57b36163f530f5479f57478588/execute/async - {"script":"<script> [1562 bytes]","args":[{"selector":{"id":"application-managepricingrules-display-component---newInfoPriceItem--calcBase-arrow"},"wdio_ui5_key":"applicationmanagepricingrules-display-component---newInfoPriceItem--calcBase-arrow"}]}
COMMAND: GET /session/3e4ceb57b36163f530f5479f57478588/screenshot - {}
RESULT: {"script":"<script> [1562 bytes]","args":[{"selector":{"id":"application-managepricingrules-display-component---newInfoPriceItem--calcBase-arrow"},"wdio_ui5_key":"applicationmanagepricingrules-display-component---newInfoPriceItem--calcBase-arrow"}]}
RESULT: undefined
COMMAND: POST /session/3e4ceb57b36163f530f5479f57478588/element - {"using":"xpath","value":"//*[@id=\"application-managepricingrules-display-component---newInfoPriceItem--calcBase-arrow\"]"}
RESULT: {}
RESULT: {"using":"xpath","value":"//*[@id=\"application-managepricingrules-display-component---newInfoPriceItem--calcBase-arrow\"]"}
COMMAND: POST /session/3e4ceb57b36163f530f5479f57478588/element/f.504C58434384A4EE898B1C568961733A.d.69DEDAA7066F67763A1C3D8F812AE0EE.e.13156/click - {}
RESULT: {}
COMMAND: GET /session/3e4ceb57b36163f530f5479f57478588/screenshot - {}
RESULT: {}
COMMAND: POST /session/3e4ceb57b36163f530f5479f57478588/element - {"using":"xpath","value":"//span[contains(text(), \"0006 - TB(calendar days)\")]"}
RESULT: {"using":"xpath","value":"//span[contains(text(), \"0006 - TB(calendar days)\")]"}
COMMAND: POST /session/3e4ceb57b36163f530f5479f57478588/element/f.504C58434384A4EE898B1C568961733A.d.69DEDAA7066F67763A1C3D8F812AE0EE.e.13189/click - {}
RESULT: {}
COMMAND: GET /session/3e4ceb57b36163f530f5479f57478588/screenshot - {}
RESULT: {}
COMMAND: POST /session/3e4ceb57b36163f530f5479f57478588/execute/async - {"script":"<script> [1562 bytes]","args":[{"selector":{"id":"application-managepricingrules-display-component---newInfoPriceItem--daysMonth","interaction":{"idSuffix":"inner"}},"wdio_ui5_key":"applicationmanagepricingrules-display-component---newInfoPriceItem--daysMonth"}]}
RESULT: {"script":"<script> [1562 bytes]","args":[{"selector":{"id":"application-managepricingrules-display-component---newInfoPriceItem--daysMonth","interaction":{"idSuffix":"inner"}},"wdio_ui5_key":"applicationmanagepricingrules-display-component---newInfoPriceItem--daysMonth"}]}
RESULT: undefined
COMMAND: POST /session/3e4ceb57b36163f530f5479f57478588/execute/async - {"script":"<script> [776 bytes]","args":[{"enterText":"30","selector":{"id":"application-managepricingrules-display-component---newInfoPriceItem--daysMonth","interaction":{"idSuffix":"inner"}},"clearTextFirst":true,"interactionType":"ENTER_TEXT"}]}
RESULT: {"script":"<script> [776 bytes]","args":[{"enterText":"30","selector":{"id":"application-managepricingrules-display-component---newInfoPriceItem--daysMonth","interaction":{"idSuffix":"inner"}},"clearTextFirst":true,"interactionType":"ENTER_TEXT"}]}
COMMAND: POST /session/3e4ceb57b36163f530f5479f57478588/element - {"using":"xpath","value":"//button[@data-kt=\"saveNewRuleButton\"]"}
RESULT: {"using":"xpath","value":"//button[@data-kt=\"saveNewRuleButton\"]"}
COMMAND: POST /session/3e4ceb57b36163f530f5479f57478588/element/f.504C58434384A4EE898B1C568961733A.d.69DEDAA7066F67763A1C3D8F812AE0EE.e.13173/click - {}
RESULT: {}
COMMAND: GET /session/3e4ceb57b36163f530f5479f57478588/screenshot - {}
RESULT: {}
COMMAND: POST /session/3e4ceb57b36163f530f5479f57478588/execute/async - {"script":"<script> [1562 bytes]","args":[{"selector":{"id":"application-managepricingrules-display-component---priceInfoItem--smartFilterBar-btnBasicSearch","interaction":{"idSuffix":"I"}},"wdio_ui5_key":"applicationmanagepricingrules-display-component---priceInfoItem--smartFilterBar-btnBasicSearch"}]}
RESULT: {"script":"<script> [1562 bytes]","args":[{"selector":{"id":"application-managepricingrules-display-component---priceInfoItem--smartFilterBar-btnBasicSearch","interaction":{"idSuffix":"I"}},"wdio_ui5_key":"applicationmanagepricingrules-display-component---priceInfoItem--smartFilterBar-btnBasicSearch"}]}
RESULT: undefined
COMMAND: POST /session/3e4ceb57b36163f530f5479f57478588/execute/async - {"script":"<script> [776 bytes]","args":[{"enterText":"ozUeKLOhdb","selector":{"id":"application-managepricingrules-display-component---priceInfoItem--smartFilterBar-btnBasicSearch","interaction":{"idSuffix":"I"}},"clearTextFirst":true,"interactionType":"ENTER_TEXT"}]}
RESULT: {"script":"<script> [776 bytes]","args":[{"enterText":"ozUeKLOhdb","selector":{"id":"application-managepricingrules-display-component---priceInfoItem--smartFilterBar-btnBasicSearch","interaction":{"idSuffix":"I"}},"clearTextFirst":true,"interactionType":"ENTER_TEXT"}]}
COMMAND: POST /session/3e4ceb57b36163f530f5479f57478588/actions - {"actions":[{"id":"action46","type":"key","parameters":{},"actions":[{"type":"keyDown","value":""},{"type":"pause","duration":10},{"type":"keyUp","value":""}]}]}
RESULT: {"actions":[{"id":"action46","type":"key","parameters":{},"actions":[{"type":"keyDown","value":""},{"type":"pause","duration":10},{"type":"keyUp","value":""}]}]}
COMMAND: GET /session/3e4ceb57b36163f530f5479f57478588/screenshot - {}
RESULT: {}
COMMAND: POST /session/3e4ceb57b36163f530f5479f57478588/element - {"using":"xpath","value":"//span[@id=\"application-managepricingrules-display-component---priceInfoItem--smartTable-header-inner\"]"}
RESULT: {"using":"xpath","value":"//span[@id=\"application-managepricingrules-display-component---priceInfoItem--smartTable-header-inner\"]"}
COMMAND: POST /session/3e4ceb57b36163f530f5479f57478588/elements - {"using":"xpath","value":"//span[@id=\"application-managepricingrules-display-component---priceInfoItem--smartTable-header-inner\"]"}
RESULT: {"using":"xpath","value":"//span[@id=\"application-managepricingrules-display-component---priceInfoItem--smartTable-header-inner\"]"}
COMMAND: POST /session/3e4ceb57b36163f530f5479f57478588/execute/sync - {"script":"<script> [56 bytes]","args":[{"element-6066-11e4-a52e-4f735466cecf":"f.504C58434384A4EE898B1C568961733A.d.69DEDAA7066F67763A1C3D8F812AE0EE.e.13213","ELEMENT":"f.504C58434384A4EE898B1C568961733A.d.69DEDAA7066F67763A1C3D8F812AE0EE.e.13213"}]}
RESULT: {"script":"<script> [56 bytes]","args":[{"element-6066-11e4-a52e-4f735466cecf":"f.504C58434384A4EE898B1C568961733A.d.69DEDAA7066F67763A1C3D8F812AE0EE.e.13213","ELEMENT":"f.504C58434384A4EE898B1C568961733A.d.69DEDAA7066F67763A1C3D8F812AE0EE.e.13213"}]}
COMMAND: POST /session/3e4ceb57b36163f530f5479f57478588/element - {"using":"css selector","value":"#shell-header-logo"}
COMMAND: GET /session/3e4ceb57b36163f530f5479f57478588/screenshot - {}
RESULT: {"using":"css selector","value":"#shell-header-logo"}
COMMAND: POST /session/3e4ceb57b36163f530f5479f57478588/element/f.504C58434384A4EE898B1C568961733A.d.69DEDAA7066F67763A1C3D8F812AE0EE.e.12358/click - {}
RESULT: {}
RESULT: {}
COMMAND: GET /session/3e4ceb57b36163f530f5479f57478588/screenshot - {}
RESULT: {}
]]></system-out>
    </testcase>
    <testcase classname="chrome.135_0_7049_42.windows.Billing_transfer_US117289" name="Should create new condition for equipment" time="61.708">
      <system-out><![CDATA[
COMMAND: POST /session/3e4ceb57b36163f530f5479f57478588/execute/async - {"script":"<script> [1562 bytes]","args":[{"selector":{"controlType":"sap.m.Text","properties":{"text":"Manage Conditions & Prices"},"interaction":{"idSuffix":"inner"}},"wdio_ui5_key":"sapm.Text{\"text\":\"Manage Conditions & Prices\"}"}]}
RESULT: {"script":"<script> [1562 bytes]","args":[{"selector":{"controlType":"sap.m.Text","properties":{"text":"Manage Conditions & Prices"},"interaction":{"idSuffix":"inner"}},"wdio_ui5_key":"sapm.Text{\"text\":\"Manage Conditions & Prices\"}"}]}
RESULT: undefined
COMMAND: POST /session/3e4ceb57b36163f530f5479f57478588/element - {"using":"xpath","value":"//*[@id=\"__tile53-title\"]"}
RESULT: {"using":"xpath","value":"//*[@id=\"__tile53-title\"]"}
COMMAND: POST /session/3e4ceb57b36163f530f5479f57478588/element/f.504C58434384A4EE898B1C568961733A.d.69DEDAA7066F67763A1C3D8F812AE0EE.e.13216/click - {}
RESULT: {}
COMMAND: POST /session/3e4ceb57b36163f530f5479f57478588/element - {"using":"xpath","value":"//button[@aria-label=\"Create\"]"}
COMMAND: GET /session/3e4ceb57b36163f530f5479f57478588/screenshot - {}
RESULT: {"using":"xpath","value":"//button[@aria-label=\"Create\"]"}
COMMAND: POST /session/3e4ceb57b36163f530f5479f57478588/elements - {"using":"xpath","value":"//button[@aria-label=\"Create\"]"}
RESULT: {}
RESULT: {"using":"xpath","value":"//button[@aria-label=\"Create\"]"}
COMMAND: POST /session/3e4ceb57b36163f530f5479f57478588/elements - {"using":"xpath","value":"//button[@aria-label=\"Create\"]"}
RESULT: {"using":"xpath","value":"//button[@aria-label=\"Create\"]"}
COMMAND: POST /session/3e4ceb57b36163f530f5479f57478588/element - {"using":"xpath","value":"//button[@aria-label=\"Create\"]"}
RESULT: {"using":"xpath","value":"//button[@aria-label=\"Create\"]"}
COMMAND: POST /session/3e4ceb57b36163f530f5479f57478588/execute/sync - {"script":"<script> [8489 bytes]","args":[{"element-6066-11e4-a52e-4f735466cecf":"f.504C58434384A4EE898B1C568961733A.d.69DEDAA7066F67763A1C3D8F812AE0EE.e.13250","ELEMENT":"f.504C58434384A4EE898B1C568961733A.d.69DEDAA7066F67763A1C3D8F812AE0EE.e.13250"}]}
RESULT: {"script":"<script> [8489 bytes]","args":[{"element-6066-11e4-a52e-4f735466cecf":"f.504C58434384A4EE898B1C568961733A.d.69DEDAA7066F67763A1C3D8F812AE0EE.e.13250","ELEMENT":"f.504C58434384A4EE898B1C568961733A.d.69DEDAA7066F67763A1C3D8F812AE0EE.e.13250"}]}
COMMAND: GET /session/3e4ceb57b36163f530f5479f57478588/element/f.504C58434384A4EE898B1C568961733A.d.69DEDAA7066F67763A1C3D8F812AE0EE.e.13250/enabled - {}
COMMAND: GET /session/3e4ceb57b36163f530f5479f57478588/screenshot - {}
RESULT: {}
COMMAND: POST /session/3e4ceb57b36163f530f5479f57478588/execute/sync - {"script":"<script> [8489 bytes]","args":[{"element-6066-11e4-a52e-4f735466cecf":"f.504C58434384A4EE898B1C568961733A.d.69DEDAA7066F67763A1C3D8F812AE0EE.e.13250","ELEMENT":"f.504C58434384A4EE898B1C568961733A.d.69DEDAA7066F67763A1C3D8F812AE0EE.e.13250"}]}
COMMAND: GET /session/3e4ceb57b36163f530f5479f57478588/screenshot - {}
RESULT: {}
RESULT: {"script":"<script> [8489 bytes]","args":[{"element-6066-11e4-a52e-4f735466cecf":"f.504C58434384A4EE898B1C568961733A.d.69DEDAA7066F67763A1C3D8F812AE0EE.e.13250","ELEMENT":"f.504C58434384A4EE898B1C568961733A.d.69DEDAA7066F67763A1C3D8F812AE0EE.e.13250"}]}
COMMAND: POST /session/3e4ceb57b36163f530f5479f57478588/execute/sync - {"script":"<script> [5351 bytes]","args":[{"element-6066-11e4-a52e-4f735466cecf":"f.504C58434384A4EE898B1C568961733A.d.69DEDAA7066F67763A1C3D8F812AE0EE.e.13250","ELEMENT":"f.504C58434384A4EE898B1C568961733A.d.69DEDAA7066F67763A1C3D8F812AE0EE.e.13250"}]}
COMMAND: GET /session/3e4ceb57b36163f530f5479f57478588/screenshot - {}
RESULT: {}
RESULT: {"script":"<script> [5351 bytes]","args":[{"element-6066-11e4-a52e-4f735466cecf":"f.504C58434384A4EE898B1C568961733A.d.69DEDAA7066F67763A1C3D8F812AE0EE.e.13250","ELEMENT":"f.504C58434384A4EE898B1C568961733A.d.69DEDAA7066F67763A1C3D8F812AE0EE.e.13250"}]}
COMMAND: POST /session/3e4ceb57b36163f530f5479f57478588/element/f.504C58434384A4EE898B1C568961733A.d.69DEDAA7066F67763A1C3D8F812AE0EE.e.13250/click - {}
COMMAND: GET /session/3e4ceb57b36163f530f5479f57478588/screenshot - {}
RESULT: {}
RESULT: {}
COMMAND: GET /session/3e4ceb57b36163f530f5479f57478588/screenshot - {}
RESULT: {}
RESULT: {}
COMMAND: POST /session/3e4ceb57b36163f530f5479f57478588/actions - {"actions":[{"id":"action47","type":"key","parameters":{},"actions":[{"type":"keyDown","value":""},{"type":"pause","duration":10},{"type":"keyUp","value":""}]}]}
RESULT: {"actions":[{"id":"action47","type":"key","parameters":{},"actions":[{"type":"keyDown","value":""},{"type":"pause","duration":10},{"type":"keyUp","value":""}]}]}
COMMAND: GET /session/3e4ceb57b36163f530f5479f57478588/screenshot - {}
RESULT: {}
COMMAND: POST /session/3e4ceb57b36163f530f5479f57478588/execute/async - {"script":"<script> [1562 bytes]","args":[{"selector":{"id":"application-manageconditionprice-display-component---newCondition--condBillCond-arrow"},"wdio_ui5_key":"applicationmanageconditionprice-display-component---newCondition--condBillCond-arrow"}]}
RESULT: {"script":"<script> [1562 bytes]","args":[{"selector":{"id":"application-manageconditionprice-display-component---newCondition--condBillCond-arrow"},"wdio_ui5_key":"applicationmanageconditionprice-display-component---newCondition--condBillCond-arrow"}]}
RESULT: undefined
COMMAND: POST /session/3e4ceb57b36163f530f5479f57478588/element - {"using":"xpath","value":"//*[@id=\"application-manageconditionprice-display-component---newCondition--condBillCond-arrow\"]"}
RESULT: {"using":"xpath","value":"//*[@id=\"application-manageconditionprice-display-component---newCondition--condBillCond-arrow\"]"}
COMMAND: POST /session/3e4ceb57b36163f530f5479f57478588/element/f.504C58434384A4EE898B1C568961733A.d.69DEDAA7066F67763A1C3D8F812AE0EE.e.13427/click - {}
RESULT: {}
COMMAND: GET /session/3e4ceb57b36163f530f5479f57478588/screenshot - {}
RESULT: {}
COMMAND: POST /session/3e4ceb57b36163f530f5479f57478588/element - {"using":"xpath","value":"//li[.//span[contains(text(), \"DISP - D&I special price\")]]"}
RESULT: {"using":"xpath","value":"//li[.//span[contains(text(), \"DISP - D&I special price\")]]"}
COMMAND: POST /session/3e4ceb57b36163f530f5479f57478588/element/f.504C58434384A4EE898B1C568961733A.d.69DEDAA7066F67763A1C3D8F812AE0EE.e.13430/click - {}
RESULT: {}
COMMAND: GET /session/3e4ceb57b36163f530f5479f57478588/screenshot - {}
RESULT: {}
COMMAND: POST /session/3e4ceb57b36163f530f5479f57478588/execute/async - {"script":"<script> [1562 bytes]","args":[{"selector":{"id":"application-manageconditionprice-display-component---newCondition--condValidTo","interaction":{"idSuffix":"inner"}},"wdio_ui5_key":"applicationmanageconditionprice-display-component---newCondition--condValidTo"}]}
RESULT: {"script":"<script> [1562 bytes]","args":[{"selector":{"id":"application-manageconditionprice-display-component---newCondition--condValidTo","interaction":{"idSuffix":"inner"}},"wdio_ui5_key":"applicationmanageconditionprice-display-component---newCondition--condValidTo"}]}
RESULT: undefined
COMMAND: POST /session/3e4ceb57b36163f530f5479f57478588/execute/async - {"script":"<script> [776 bytes]","args":[{"enterText":"12/13/25","selector":{"id":"application-manageconditionprice-display-component---newCondition--condValidTo","interaction":{"idSuffix":"inner"}},"clearTextFirst":true,"interactionType":"ENTER_TEXT"}]}
RESULT: {"script":"<script> [776 bytes]","args":[{"enterText":"12/13/25","selector":{"id":"application-manageconditionprice-display-component---newCondition--condValidTo","interaction":{"idSuffix":"inner"}},"clearTextFirst":true,"interactionType":"ENTER_TEXT"}]}
COMMAND: POST /session/3e4ceb57b36163f530f5479f57478588/element - {"using":"xpath","value":"//input[@id=\"application-manageconditionprice-display-component---newCondition--condRU-inner\"]"}
RESULT: {"using":"xpath","value":"//input[@id=\"application-manageconditionprice-display-component---newCondition--condRU-inner\"]"}
COMMAND: POST /session/3e4ceb57b36163f530f5479f57478588/element/f.504C58434384A4EE898B1C568961733A.d.69DEDAA7066F67763A1C3D8F812AE0EE.e.13291/clear - {}
RESULT: {}
COMMAND: POST /session/3e4ceb57b36163f530f5479f57478588/element/f.504C58434384A4EE898B1C568961733A.d.69DEDAA7066F67763A1C3D8F812AE0EE.e.13291/value - {"text":"ozUeKLOhdb"}
COMMAND: GET /session/3e4ceb57b36163f530f5479f57478588/screenshot - {}
RESULT: {"text":"ozUeKLOhdb"}
COMMAND: GET /session/3e4ceb57b36163f530f5479f57478588/screenshot - {}
RESULT: {}
RESULT: {}
COMMAND: POST /session/3e4ceb57b36163f530f5479f57478588/actions - {"actions":[{"id":"action48","type":"key","parameters":{},"actions":[{"type":"keyDown","value":""},{"type":"pause","duration":10},{"type":"keyUp","value":""}]}]}
RESULT: {"actions":[{"id":"action48","type":"key","parameters":{},"actions":[{"type":"keyDown","value":""},{"type":"pause","duration":10},{"type":"keyUp","value":""}]}]}
COMMAND: POST /session/3e4ceb57b36163f530f5479f57478588/execute/async - {"script":"<script> [1562 bytes]","args":[{"selector":{"id":"application-manageconditionprice-display-component---newCondition--condBaseQty","interaction":{"idSuffix":"inner"}},"wdio_ui5_key":"applicationmanageconditionprice-display-component---newCondition--condBaseQty"}]}
COMMAND: GET /session/3e4ceb57b36163f530f5479f57478588/screenshot - {}
RESULT: {"script":"<script> [1562 bytes]","args":[{"selector":{"id":"application-manageconditionprice-display-component---newCondition--condBaseQty","interaction":{"idSuffix":"inner"}},"wdio_ui5_key":"applicationmanageconditionprice-display-component---newCondition--condBaseQty"}]}
RESULT: undefined
COMMAND: POST /session/3e4ceb57b36163f530f5479f57478588/execute/async - {"script":"<script> [776 bytes]","args":[{"enterText":"1","selector":{"id":"application-manageconditionprice-display-component---newCondition--condBaseQty","interaction":{"idSuffix":"inner"}},"clearTextFirst":true,"interactionType":"ENTER_TEXT"}]}
RESULT: {}
RESULT: {"script":"<script> [776 bytes]","args":[{"enterText":"1","selector":{"id":"application-manageconditionprice-display-component---newCondition--condBaseQty","interaction":{"idSuffix":"inner"}},"clearTextFirst":true,"interactionType":"ENTER_TEXT"}]}
COMMAND: POST /session/3e4ceb57b36163f530f5479f57478588/execute/async - {"script":"<script> [1562 bytes]","args":[{"selector":{"id":"application-manageconditionprice-display-component---newCondition--condValue","interaction":{"idSuffix":"inner"}},"wdio_ui5_key":"applicationmanageconditionprice-display-component---newCondition--condValue"}]}
RESULT: {"script":"<script> [1562 bytes]","args":[{"selector":{"id":"application-manageconditionprice-display-component---newCondition--condValue","interaction":{"idSuffix":"inner"}},"wdio_ui5_key":"applicationmanageconditionprice-display-component---newCondition--condValue"}]}
RESULT: undefined
COMMAND: POST /session/3e4ceb57b36163f530f5479f57478588/execute/async - {"script":"<script> [776 bytes]","args":[{"enterText":"100","selector":{"id":"application-manageconditionprice-display-component---newCondition--condValue","interaction":{"idSuffix":"inner"}},"clearTextFirst":true,"interactionType":"ENTER_TEXT"}]}
RESULT: {"script":"<script> [776 bytes]","args":[{"enterText":"100","selector":{"id":"application-manageconditionprice-display-component---newCondition--condValue","interaction":{"idSuffix":"inner"}},"clearTextFirst":true,"interactionType":"ENTER_TEXT"}]}
COMMAND: POST /session/3e4ceb57b36163f530f5479f57478588/execute/async - {"script":"<script> [1562 bytes]","args":[{"selector":{"id":"application-manageconditionprice-display-component---newCondition--condCurr-arrow"},"wdio_ui5_key":"applicationmanageconditionprice-display-component---newCondition--condCurr-arrow"}]}
RESULT: {"script":"<script> [1562 bytes]","args":[{"selector":{"id":"application-manageconditionprice-display-component---newCondition--condCurr-arrow"},"wdio_ui5_key":"applicationmanageconditionprice-display-component---newCondition--condCurr-arrow"}]}
RESULT: undefined
COMMAND: POST /session/3e4ceb57b36163f530f5479f57478588/element - {"using":"xpath","value":"//*[@id=\"application-manageconditionprice-display-component---newCondition--condCurr-arrow\"]"}
RESULT: {"using":"xpath","value":"//*[@id=\"application-manageconditionprice-display-component---newCondition--condCurr-arrow\"]"}
COMMAND: POST /session/3e4ceb57b36163f530f5479f57478588/element/f.504C58434384A4EE898B1C568961733A.d.69DEDAA7066F67763A1C3D8F812AE0EE.e.13400/click - {}
RESULT: {}
COMMAND: POST /session/3e4ceb57b36163f530f5479f57478588/element - {"using":"xpath","value":"//span[contains(text(), \"Euro\")]"}
COMMAND: GET /session/3e4ceb57b36163f530f5479f57478588/screenshot - {}
RESULT: {"using":"xpath","value":"//span[contains(text(), \"Euro\")]"}
COMMAND: POST /session/3e4ceb57b36163f530f5479f57478588/element/f.504C58434384A4EE898B1C568961733A.d.69DEDAA7066F67763A1C3D8F812AE0EE.e.13467/click - {}
RESULT: {}
RESULT: {}
COMMAND: POST /session/3e4ceb57b36163f530f5479f57478588/element - {"using":"xpath","value":"//button[@data-kt=\"saveButton\"]"}
COMMAND: GET /session/3e4ceb57b36163f530f5479f57478588/screenshot - {}
RESULT: {"using":"xpath","value":"//button[@data-kt=\"saveButton\"]"}
COMMAND: POST /session/3e4ceb57b36163f530f5479f57478588/element/f.504C58434384A4EE898B1C568961733A.d.69DEDAA7066F67763A1C3D8F812AE0EE.e.13401/click - {}
RESULT: {}
RESULT: {}
COMMAND: GET /session/3e4ceb57b36163f530f5479f57478588/screenshot - {}
RESULT: {}
COMMAND: POST /session/3e4ceb57b36163f530f5479f57478588/execute/async - {"script":"<script> [1562 bytes]","args":[{"selector":{"id":"application-manageconditionprice-display-component---conditions--smartFilterBar-btnBasicSearch","interaction":{"idSuffix":"I"}},"wdio_ui5_key":"applicationmanageconditionprice-display-component---conditions--smartFilterBar-btnBasicSearch"}]}
RESULT: {"script":"<script> [1562 bytes]","args":[{"selector":{"id":"application-manageconditionprice-display-component---conditions--smartFilterBar-btnBasicSearch","interaction":{"idSuffix":"I"}},"wdio_ui5_key":"applicationmanageconditionprice-display-component---conditions--smartFilterBar-btnBasicSearch"}]}
RESULT: undefined
COMMAND: POST /session/3e4ceb57b36163f530f5479f57478588/execute/async - {"script":"<script> [776 bytes]","args":[{"enterText":"ozUeKLOhdb","selector":{"id":"application-manageconditionprice-display-component---conditions--smartFilterBar-btnBasicSearch","interaction":{"idSuffix":"I"}},"clearTextFirst":true,"interactionType":"ENTER_TEXT"}]}
RESULT: {"script":"<script> [776 bytes]","args":[{"enterText":"ozUeKLOhdb","selector":{"id":"application-manageconditionprice-display-component---conditions--smartFilterBar-btnBasicSearch","interaction":{"idSuffix":"I"}},"clearTextFirst":true,"interactionType":"ENTER_TEXT"}]}
COMMAND: POST /session/3e4ceb57b36163f530f5479f57478588/actions - {"actions":[{"id":"action49","type":"key","parameters":{},"actions":[{"type":"keyDown","value":""},{"type":"pause","duration":10},{"type":"keyUp","value":""}]}]}
RESULT: {"actions":[{"id":"action49","type":"key","parameters":{},"actions":[{"type":"keyDown","value":""},{"type":"pause","duration":10},{"type":"keyUp","value":""}]}]}
COMMAND: GET /session/3e4ceb57b36163f530f5479f57478588/screenshot - {}
RESULT: {}
COMMAND: POST /session/3e4ceb57b36163f530f5479f57478588/execute/async - {"script":"<script> [1562 bytes]","args":[{"selector":{"id":"application-manageconditionprice-display-component---conditions--smartFilterBar-filterItemControl_BASIC-BILL_TYPES-vhi"},"wdio_ui5_key":"applicationmanageconditionprice-display-component---conditions--smartFilterBar-filterItemControl_BASIC-BILL_TYPES-vhi"}]}
RESULT: {"script":"<script> [1562 bytes]","args":[{"selector":{"id":"application-manageconditionprice-display-component---conditions--smartFilterBar-filterItemControl_BASIC-BILL_TYPES-vhi"},"wdio_ui5_key":"applicationmanageconditionprice-display-component---conditions--smartFilterBar-filterItemControl_BASIC-BILL_TYPES-vhi"}]}
RESULT: undefined
COMMAND: POST /session/3e4ceb57b36163f530f5479f57478588/element - {"using":"xpath","value":"//*[@id=\"application-manageconditionprice-display-component---conditions--smartFilterBar-filterItemControl_BASIC-BILL_TYPES-vhi\"]"}
RESULT: {"using":"xpath","value":"//*[@id=\"application-manageconditionprice-display-component---conditions--smartFilterBar-filterItemControl_BASIC-BILL_TYPES-vhi\"]"}
COMMAND: POST /session/3e4ceb57b36163f530f5479f57478588/element/f.504C58434384A4EE898B1C568961733A.d.69DEDAA7066F67763A1C3D8F812AE0EE.e.13573/click - {}
RESULT: {}
COMMAND: POST /session/3e4ceb57b36163f530f5479f57478588/execute/async - {"script":"<script> [1562 bytes]","args":[{"selector":{"id":"application-manageconditionprice-display-component---conditions--smartFilterBar-filterItemControl_BASIC-BILL_TYPES-valueHelpDialog-smartFilterBar-btnBasicSearch","searchOpenDialogs":true,"interaction":{"idSuffix":"I"}},"wdio_ui5_key":"applicationmanageconditionprice-display-component---conditions--smartFilterBar-filterItemControl_BASIC-BILL_TYPES-valueHelpDialog-smartFilterBar-btnBasicSearch"}]}
COMMAND: GET /session/3e4ceb57b36163f530f5479f57478588/screenshot - {}
RESULT: {"script":"<script> [1562 bytes]","args":[{"selector":{"id":"application-manageconditionprice-display-component---conditions--smartFilterBar-filterItemControl_BASIC-BILL_TYPES-valueHelpDialog-smartFilterBar-btnBasicSearch","searchOpenDialogs":true,"interaction":{"idSuffix":"I"}},"wdio_ui5_key":"applicationmanageconditionprice-display-component---conditions--smartFilterBar-filterItemControl_BASIC-BILL_TYPES-valueHelpDialog-smartFilterBar-btnBasicSearch"}]}
RESULT: undefined
COMMAND: POST /session/3e4ceb57b36163f530f5479f57478588/execute/async - {"script":"<script> [776 bytes]","args":[{"enterText":"TB","selector":{"id":"application-manageconditionprice-display-component---conditions--smartFilterBar-filterItemControl_BASIC-BILL_TYPES-valueHelpDialog-smartFilterBar-btnBasicSearch","searchOpenDialogs":true,"interaction":{"idSuffix":"I"}},"clearTextFirst":true,"interactionType":"ENTER_TEXT"}]}
RESULT: {}
RESULT: {"script":"<script> [776 bytes]","args":[{"enterText":"TB","selector":{"id":"application-manageconditionprice-display-component---conditions--smartFilterBar-filterItemControl_BASIC-BILL_TYPES-valueHelpDialog-smartFilterBar-btnBasicSearch","searchOpenDialogs":true,"interaction":{"idSuffix":"I"}},"clearTextFirst":true,"interactionType":"ENTER_TEXT"}]}
COMMAND: POST /session/3e4ceb57b36163f530f5479f57478588/actions - {"actions":[{"id":"action50","type":"key","parameters":{},"actions":[{"type":"keyDown","value":""},{"type":"pause","duration":10},{"type":"keyUp","value":""}]}]}
RESULT: {"actions":[{"id":"action50","type":"key","parameters":{},"actions":[{"type":"keyDown","value":""},{"type":"pause","duration":10},{"type":"keyUp","value":""}]}]}
COMMAND: GET /session/3e4ceb57b36163f530f5479f57478588/screenshot - {}
RESULT: {}
COMMAND: POST /session/3e4ceb57b36163f530f5479f57478588/element - {"using":"xpath","value":"//div[contains(@id, 'application-manageconditionprice-display-component---conditions--smartFilterBar-filterItemControl_BASIC-BILL_TYPES-valueHelpDialog-table-rowsel0')]"}
RESULT: {"using":"xpath","value":"//div[contains(@id, 'application-manageconditionprice-display-component---conditions--smartFilterBar-filterItemControl_BASIC-BILL_TYPES-valueHelpDialog-table-rowsel0')]"}
COMMAND: POST /session/3e4ceb57b36163f530f5479f57478588/element/f.504C58434384A4EE898B1C568961733A.d.69DEDAA7066F67763A1C3D8F812AE0EE.e.13583/click - {}
RESULT: {}
COMMAND: GET /session/3e4ceb57b36163f530f5479f57478588/screenshot - {}
RESULT: {}
COMMAND: POST /session/3e4ceb57b36163f530f5479f57478588/element - {"using":"xpath","value":"//bdi[contains(text(), \"OK\")]"}
RESULT: {"using":"xpath","value":"//bdi[contains(text(), \"OK\")]"}
COMMAND: POST /session/3e4ceb57b36163f530f5479f57478588/element/f.504C58434384A4EE898B1C568961733A.d.69DEDAA7066F67763A1C3D8F812AE0EE.e.13585/click - {}
RESULT: {}
COMMAND: GET /session/3e4ceb57b36163f530f5479f57478588/screenshot - {}
RESULT: {}
COMMAND: POST /session/3e4ceb57b36163f530f5479f57478588/element - {"using":"xpath","value":"//span[@id=\"application-manageconditionprice-display-component---conditions--smartTable-header-inner\"]"}
RESULT: {"using":"xpath","value":"//span[@id=\"application-manageconditionprice-display-component---conditions--smartTable-header-inner\"]"}
COMMAND: POST /session/3e4ceb57b36163f530f5479f57478588/elements - {"using":"xpath","value":"//span[@id=\"application-manageconditionprice-display-component---conditions--smartTable-header-inner\"]"}
RESULT: {"using":"xpath","value":"//span[@id=\"application-manageconditionprice-display-component---conditions--smartTable-header-inner\"]"}
COMMAND: POST /session/3e4ceb57b36163f530f5479f57478588/execute/sync - {"script":"<script> [56 bytes]","args":[{"element-6066-11e4-a52e-4f735466cecf":"f.504C58434384A4EE898B1C568961733A.d.69DEDAA7066F67763A1C3D8F812AE0EE.e.13588","ELEMENT":"f.504C58434384A4EE898B1C568961733A.d.69DEDAA7066F67763A1C3D8F812AE0EE.e.13588"}]}
RESULT: {"script":"<script> [56 bytes]","args":[{"element-6066-11e4-a52e-4f735466cecf":"f.504C58434384A4EE898B1C568961733A.d.69DEDAA7066F67763A1C3D8F812AE0EE.e.13588","ELEMENT":"f.504C58434384A4EE898B1C568961733A.d.69DEDAA7066F67763A1C3D8F812AE0EE.e.13588"}]}
COMMAND: POST /session/3e4ceb57b36163f530f5479f57478588/element - {"using":"css selector","value":"#shell-header-logo"}
COMMAND: GET /session/3e4ceb57b36163f530f5479f57478588/screenshot - {}
RESULT: {"using":"css selector","value":"#shell-header-logo"}
COMMAND: POST /session/3e4ceb57b36163f530f5479f57478588/element/f.504C58434384A4EE898B1C568961733A.d.69DEDAA7066F67763A1C3D8F812AE0EE.e.13218/click - {}
RESULT: {}
RESULT: {}
COMMAND: GET /session/3e4ceb57b36163f530f5479f57478588/screenshot - {}
RESULT: {}
]]></system-out>
    </testcase>
    <testcase classname="chrome.135_0_7049_42.windows.Billing_transfer_US117289" name="Should do a stock increase" time="71.308">
      <system-out><![CDATA[
COMMAND: POST /session/3e4ceb57b36163f530f5479f57478588/execute/async - {"script":"<script> [1562 bytes]","args":[{"selector":{"controlType":"sap.m.Text","viewName":"etm.portal.ui.managehandoverstile.view.Master","properties":{"text":"Manage Handovers"},"interaction":{"idSuffix":"inner"}},"wdio_ui5_key":"etmportal.ui.managehandoverstile.view.Mastersap.m.Text{\"text\":\"Manage Handovers\"}"}]}
RESULT: {"script":"<script> [1562 bytes]","args":[{"selector":{"controlType":"sap.m.Text","viewName":"etm.portal.ui.managehandoverstile.view.Master","properties":{"text":"Manage Handovers"},"interaction":{"idSuffix":"inner"}},"wdio_ui5_key":"etmportal.ui.managehandoverstile.view.Mastersap.m.Text{\"text\":\"Manage Handovers\"}"}]}
RESULT: undefined
COMMAND: POST /session/3e4ceb57b36163f530f5479f57478588/element - {"using":"xpath","value":"//*[@id=\"__tile132-title\"]"}
RESULT: {"using":"xpath","value":"//*[@id=\"__tile132-title\"]"}
COMMAND: POST /session/3e4ceb57b36163f530f5479f57478588/element/f.504C58434384A4EE898B1C568961733A.d.69DEDAA7066F67763A1C3D8F812AE0EE.e.13593/click - {}
RESULT: {}
COMMAND: POST /session/3e4ceb57b36163f530f5479f57478588/element - {"using":"xpath","value":"//button[@data-kt=\"masterHOAddButton\"]"}
COMMAND: GET /session/3e4ceb57b36163f530f5479f57478588/screenshot - {}
RESULT: {"using":"xpath","value":"//button[@data-kt=\"masterHOAddButton\"]"}
COMMAND: POST /session/3e4ceb57b36163f530f5479f57478588/elements - {"using":"xpath","value":"//button[@data-kt=\"masterHOAddButton\"]"}
RESULT: {}
RESULT: {"using":"xpath","value":"//button[@data-kt=\"masterHOAddButton\"]"}
COMMAND: POST /session/3e4ceb57b36163f530f5479f57478588/elements - {"using":"xpath","value":"//button[@data-kt=\"masterHOAddButton\"]"}
RESULT: {"using":"xpath","value":"//button[@data-kt=\"masterHOAddButton\"]"}
COMMAND: POST /session/3e4ceb57b36163f530f5479f57478588/elements - {"using":"xpath","value":"//button[@data-kt=\"masterHOAddButton\"]"}
RESULT: {"using":"xpath","value":"//button[@data-kt=\"masterHOAddButton\"]"}
COMMAND: POST /session/3e4ceb57b36163f530f5479f57478588/elements - {"using":"xpath","value":"//button[@data-kt=\"masterHOAddButton\"]"}
RESULT: {"using":"xpath","value":"//button[@data-kt=\"masterHOAddButton\"]"}
COMMAND: POST /session/3e4ceb57b36163f530f5479f57478588/elements - {"using":"xpath","value":"//button[@data-kt=\"masterHOAddButton\"]"}
RESULT: {"using":"xpath","value":"//button[@data-kt=\"masterHOAddButton\"]"}
COMMAND: POST /session/3e4ceb57b36163f530f5479f57478588/elements - {"using":"xpath","value":"//button[@data-kt=\"masterHOAddButton\"]"}
RESULT: {"using":"xpath","value":"//button[@data-kt=\"masterHOAddButton\"]"}
COMMAND: POST /session/3e4ceb57b36163f530f5479f57478588/elements - {"using":"xpath","value":"//button[@data-kt=\"masterHOAddButton\"]"}
RESULT: {"using":"xpath","value":"//button[@data-kt=\"masterHOAddButton\"]"}
COMMAND: POST /session/3e4ceb57b36163f530f5479f57478588/elements - {"using":"xpath","value":"//button[@data-kt=\"masterHOAddButton\"]"}
RESULT: {"using":"xpath","value":"//button[@data-kt=\"masterHOAddButton\"]"}
COMMAND: POST /session/3e4ceb57b36163f530f5479f57478588/elements - {"using":"xpath","value":"//button[@data-kt=\"masterHOAddButton\"]"}
RESULT: {"using":"xpath","value":"//button[@data-kt=\"masterHOAddButton\"]"}
COMMAND: POST /session/3e4ceb57b36163f530f5479f57478588/elements - {"using":"xpath","value":"//button[@data-kt=\"masterHOAddButton\"]"}
RESULT: {"using":"xpath","value":"//button[@data-kt=\"masterHOAddButton\"]"}
COMMAND: POST /session/3e4ceb57b36163f530f5479f57478588/elements - {"using":"xpath","value":"//button[@data-kt=\"masterHOAddButton\"]"}
RESULT: {"using":"xpath","value":"//button[@data-kt=\"masterHOAddButton\"]"}
COMMAND: POST /session/3e4ceb57b36163f530f5479f57478588/elements - {"using":"xpath","value":"//button[@data-kt=\"masterHOAddButton\"]"}
RESULT: {"using":"xpath","value":"//button[@data-kt=\"masterHOAddButton\"]"}
COMMAND: POST /session/3e4ceb57b36163f530f5479f57478588/elements - {"using":"xpath","value":"//button[@data-kt=\"masterHOAddButton\"]"}
RESULT: {"using":"xpath","value":"//button[@data-kt=\"masterHOAddButton\"]"}
COMMAND: POST /session/3e4ceb57b36163f530f5479f57478588/elements - {"using":"xpath","value":"//button[@data-kt=\"masterHOAddButton\"]"}
RESULT: {"using":"xpath","value":"//button[@data-kt=\"masterHOAddButton\"]"}
COMMAND: POST /session/3e4ceb57b36163f530f5479f57478588/elements - {"using":"xpath","value":"//button[@data-kt=\"masterHOAddButton\"]"}
RESULT: {"using":"xpath","value":"//button[@data-kt=\"masterHOAddButton\"]"}
COMMAND: POST /session/3e4ceb57b36163f530f5479f57478588/element - {"using":"xpath","value":"//button[@data-kt=\"masterHOAddButton\"]"}
RESULT: {"using":"xpath","value":"//button[@data-kt=\"masterHOAddButton\"]"}
COMMAND: POST /session/3e4ceb57b36163f530f5479f57478588/execute/sync - {"script":"<script> [8489 bytes]","args":[{"element-6066-11e4-a52e-4f735466cecf":"f.504C58434384A4EE898B1C568961733A.d.69DEDAA7066F67763A1C3D8F812AE0EE.e.13619","ELEMENT":"f.504C58434384A4EE898B1C568961733A.d.69DEDAA7066F67763A1C3D8F812AE0EE.e.13619"}]}
RESULT: {"script":"<script> [8489 bytes]","args":[{"element-6066-11e4-a52e-4f735466cecf":"f.504C58434384A4EE898B1C568961733A.d.69DEDAA7066F67763A1C3D8F812AE0EE.e.13619","ELEMENT":"f.504C58434384A4EE898B1C568961733A.d.69DEDAA7066F67763A1C3D8F812AE0EE.e.13619"}]}
COMMAND: GET /session/3e4ceb57b36163f530f5479f57478588/element/f.504C58434384A4EE898B1C568961733A.d.69DEDAA7066F67763A1C3D8F812AE0EE.e.13619/enabled - {}
COMMAND: GET /session/3e4ceb57b36163f530f5479f57478588/screenshot - {}
RESULT: {}
COMMAND: POST /session/3e4ceb57b36163f530f5479f57478588/execute/sync - {"script":"<script> [8489 bytes]","args":[{"element-6066-11e4-a52e-4f735466cecf":"f.504C58434384A4EE898B1C568961733A.d.69DEDAA7066F67763A1C3D8F812AE0EE.e.13619","ELEMENT":"f.504C58434384A4EE898B1C568961733A.d.69DEDAA7066F67763A1C3D8F812AE0EE.e.13619"}]}
COMMAND: GET /session/3e4ceb57b36163f530f5479f57478588/screenshot - {}
RESULT: {}
RESULT: {"script":"<script> [8489 bytes]","args":[{"element-6066-11e4-a52e-4f735466cecf":"f.504C58434384A4EE898B1C568961733A.d.69DEDAA7066F67763A1C3D8F812AE0EE.e.13619","ELEMENT":"f.504C58434384A4EE898B1C568961733A.d.69DEDAA7066F67763A1C3D8F812AE0EE.e.13619"}]}
COMMAND: POST /session/3e4ceb57b36163f530f5479f57478588/execute/sync - {"script":"<script> [5351 bytes]","args":[{"element-6066-11e4-a52e-4f735466cecf":"f.504C58434384A4EE898B1C568961733A.d.69DEDAA7066F67763A1C3D8F812AE0EE.e.13619","ELEMENT":"f.504C58434384A4EE898B1C568961733A.d.69DEDAA7066F67763A1C3D8F812AE0EE.e.13619"}]}
COMMAND: GET /session/3e4ceb57b36163f530f5479f57478588/screenshot - {}
RESULT: {}
RESULT: {"script":"<script> [5351 bytes]","args":[{"element-6066-11e4-a52e-4f735466cecf":"f.504C58434384A4EE898B1C568961733A.d.69DEDAA7066F67763A1C3D8F812AE0EE.e.13619","ELEMENT":"f.504C58434384A4EE898B1C568961733A.d.69DEDAA7066F67763A1C3D8F812AE0EE.e.13619"}]}
COMMAND: POST /session/3e4ceb57b36163f530f5479f57478588/element/f.504C58434384A4EE898B1C568961733A.d.69DEDAA7066F67763A1C3D8F812AE0EE.e.13619/click - {}
COMMAND: GET /session/3e4ceb57b36163f530f5479f57478588/screenshot - {}
RESULT: {}
RESULT: {}
COMMAND: GET /session/3e4ceb57b36163f530f5479f57478588/screenshot - {}
RESULT: {}
RESULT: {}
COMMAND: POST /session/3e4ceb57b36163f530f5479f57478588/element - {"using":"xpath","value":"//span[contains(@id ,\"AddNewHO--typeSelect-arrow\")]"}
RESULT: {"using":"xpath","value":"//span[contains(@id ,\"AddNewHO--typeSelect-arrow\")]"}
COMMAND: POST /session/3e4ceb57b36163f530f5479f57478588/element/f.504C58434384A4EE898B1C568961733A.d.69DEDAA7066F67763A1C3D8F812AE0EE.e.13990/click - {}
RESULT: {}
COMMAND: GET /session/3e4ceb57b36163f530f5479f57478588/screenshot - {}
RESULT: {}
COMMAND: POST /session/3e4ceb57b36163f530f5479f57478588/element - {"using":"xpath","value":"(//li[contains(text(), \"stock increase yard\")])[1]"}
RESULT: {"using":"xpath","value":"(//li[contains(text(), \"stock increase yard\")])[1]"}
COMMAND: POST /session/3e4ceb57b36163f530f5479f57478588/element/f.504C58434384A4EE898B1C568961733A.d.69DEDAA7066F67763A1C3D8F812AE0EE.e.13991/click - {}
RESULT: {}
COMMAND: GET /session/3e4ceb57b36163f530f5479f57478588/screenshot - {}
RESULT: {}
COMMAND: POST /session/3e4ceb57b36163f530f5479f57478588/execute/async - {"script":"<script> [1562 bytes]","args":[{"selector":{"id":"application-managehandovers-display-component---AddNewHO--dueDate","interaction":{"idSuffix":"inner"}},"wdio_ui5_key":"applicationmanagehandovers-display-component---AddNewHO--dueDate"}]}
RESULT: {"script":"<script> [1562 bytes]","args":[{"selector":{"id":"application-managehandovers-display-component---AddNewHO--dueDate","interaction":{"idSuffix":"inner"}},"wdio_ui5_key":"applicationmanagehandovers-display-component---AddNewHO--dueDate"}]}
RESULT: undefined
COMMAND: POST /session/3e4ceb57b36163f530f5479f57478588/execute/async - {"script":"<script> [6424 bytes]","args":[{"element-6066-11e4-a52e-4f735466cecf":"f.504C58434384A4EE898B1C568961733A.d.69DEDAA7066F67763A1C3D8F812AE0EE.e.13993"},"setValue",["04/13/2025"]]}
RESULT: {"script":"<script> [6424 bytes]","args":[{"element-6066-11e4-a52e-4f735466cecf":"f.504C58434384A4EE898B1C568961733A.d.69DEDAA7066F67763A1C3D8F812AE0EE.e.13993"},"setValue",["04/13/2025"]]}
COMMAND: POST /session/3e4ceb57b36163f530f5479f57478588/element - {"using":"xpath","value":"//input[@id=\"generalSectionFrg--receiveYard-inner\"]"}
RESULT: {"using":"xpath","value":"//input[@id=\"generalSectionFrg--receiveYard-inner\"]"}
COMMAND: POST /session/3e4ceb57b36163f530f5479f57478588/element/f.504C58434384A4EE898B1C568961733A.d.69DEDAA7066F67763A1C3D8F812AE0EE.e.13999/clear - {}
RESULT: {}
COMMAND: POST /session/3e4ceb57b36163f530f5479f57478588/element/f.504C58434384A4EE898B1C568961733A.d.69DEDAA7066F67763A1C3D8F812AE0EE.e.13999/value - {"text":"259"}
COMMAND: GET /session/3e4ceb57b36163f530f5479f57478588/screenshot - {}
RESULT: {"text":"259"}
COMMAND: GET /session/3e4ceb57b36163f530f5479f57478588/screenshot - {}
RESULT: {}
RESULT: {}
COMMAND: POST /session/3e4ceb57b36163f530f5479f57478588/element - {"using":"xpath","value":"//li[.//span[text()='259']]"}
RESULT: {"using":"xpath","value":"//li[.//span[text()='259']]"}
COMMAND: POST /session/3e4ceb57b36163f530f5479f57478588/element/f.504C58434384A4EE898B1C568961733A.d.69DEDAA7066F67763A1C3D8F812AE0EE.e.14016/click - {}
RESULT: {}
COMMAND: GET /session/3e4ceb57b36163f530f5479f57478588/screenshot - {}
RESULT: {}
COMMAND: POST /session/3e4ceb57b36163f530f5479f57478588/execute/async - {"script":"<script> [1562 bytes]","args":[{"selector":{"id":"application-managehandovers-display-component---AddNewHO--ObjectPageLayout-anchBar-application-managehandovers-display-component---AddNewHO--section4-anchor","interaction":{"idSuffix":"BDI-content"}},"wdio_ui5_key":"applicationmanagehandovers-display-component---AddNewHO--ObjectPageLayout-anchBar-application-managehandovers-display-component---AddNewHO--section4-anchor"}]}
RESULT: {"script":"<script> [1562 bytes]","args":[{"selector":{"id":"application-managehandovers-display-component---AddNewHO--ObjectPageLayout-anchBar-application-managehandovers-display-component---AddNewHO--section4-anchor","interaction":{"idSuffix":"BDI-content"}},"wdio_ui5_key":"applicationmanagehandovers-display-component---AddNewHO--ObjectPageLayout-anchBar-application-managehandovers-display-component---AddNewHO--section4-anchor"}]}
RESULT: undefined
COMMAND: POST /session/3e4ceb57b36163f530f5479f57478588/element - {"using":"xpath","value":"//*[@id=\"application-managehandovers-display-component---AddNewHO--ObjectPageLayout-anchBar-application-managehandovers-display-component---AddNewHO--section4-anchor\"]"}
RESULT: {"using":"xpath","value":"//*[@id=\"application-managehandovers-display-component---AddNewHO--ObjectPageLayout-anchBar-application-managehandovers-display-component---AddNewHO--section4-anchor\"]"}
COMMAND: POST /session/3e4ceb57b36163f530f5479f57478588/element/f.504C58434384A4EE898B1C568961733A.d.69DEDAA7066F67763A1C3D8F812AE0EE.e.14018/click - {}
RESULT: {}
COMMAND: POST /session/3e4ceb57b36163f530f5479f57478588/element - {"using":"xpath","value":"//button[@aria-label=\"Add\"]"}
COMMAND: GET /session/3e4ceb57b36163f530f5479f57478588/screenshot - {}
RESULT: {"using":"xpath","value":"//button[@aria-label=\"Add\"]"}
COMMAND: POST /session/3e4ceb57b36163f530f5479f57478588/element/f.504C58434384A4EE898B1C568961733A.d.69DEDAA7066F67763A1C3D8F812AE0EE.e.14020/click - {}
RESULT: {}
RESULT: {}
COMMAND: GET /session/3e4ceb57b36163f530f5479f57478588/screenshot - {}
RESULT: {}
COMMAND: POST /session/3e4ceb57b36163f530f5479f57478588/execute/async - {"script":"<script> [1562 bytes]","args":[{"selector":{"id":"application-managehandovers-display-component---AddNewHO--smartFilterBar-btnBasicSearch","searchOpenDialogs":true,"interaction":{"idSuffix":"I"}},"wdio_ui5_key":"applicationmanagehandovers-display-component---AddNewHO--smartFilterBar-btnBasicSearch"}]}
RESULT: {"script":"<script> [1562 bytes]","args":[{"selector":{"id":"application-managehandovers-display-component---AddNewHO--smartFilterBar-btnBasicSearch","searchOpenDialogs":true,"interaction":{"idSuffix":"I"}},"wdio_ui5_key":"applicationmanagehandovers-display-component---AddNewHO--smartFilterBar-btnBasicSearch"}]}
RESULT: undefined
COMMAND: POST /session/3e4ceb57b36163f530f5479f57478588/execute/async - {"script":"<script> [776 bytes]","args":[{"enterText":"ozUeKLOhdb","selector":{"id":"application-managehandovers-display-component---AddNewHO--smartFilterBar-btnBasicSearch","searchOpenDialogs":true,"interaction":{"idSuffix":"I"}},"clearTextFirst":true,"interactionType":"ENTER_TEXT"}]}
RESULT: {"script":"<script> [776 bytes]","args":[{"enterText":"ozUeKLOhdb","selector":{"id":"application-managehandovers-display-component---AddNewHO--smartFilterBar-btnBasicSearch","searchOpenDialogs":true,"interaction":{"idSuffix":"I"}},"clearTextFirst":true,"interactionType":"ENTER_TEXT"}]}
COMMAND: POST /session/3e4ceb57b36163f530f5479f57478588/actions - {"actions":[{"id":"action51","type":"key","parameters":{},"actions":[{"type":"keyDown","value":""},{"type":"pause","duration":10},{"type":"keyUp","value":""}]}]}
RESULT: {"actions":[{"id":"action51","type":"key","parameters":{},"actions":[{"type":"keyDown","value":""},{"type":"pause","duration":10},{"type":"keyUp","value":""}]}]}
COMMAND: POST /session/3e4ceb57b36163f530f5479f57478588/execute/async - {"script":"<script> [1562 bytes]","args":[{"selector":{"id":"application-managehandovers-display-component---AddNewHO--popup-sa","searchOpenDialogs":true,"interaction":{"idSuffix":"CbBg"}},"wdio_ui5_key":"applicationmanagehandovers-display-component---AddNewHO--popup-sa"}]}
COMMAND: GET /session/3e4ceb57b36163f530f5479f57478588/screenshot - {}
RESULT: {"script":"<script> [1562 bytes]","args":[{"selector":{"id":"application-managehandovers-display-component---AddNewHO--popup-sa","searchOpenDialogs":true,"interaction":{"idSuffix":"CbBg"}},"wdio_ui5_key":"applicationmanagehandovers-display-component---AddNewHO--popup-sa"}]}
RESULT: undefined
COMMAND: POST /session/3e4ceb57b36163f530f5479f57478588/element - {"using":"xpath","value":"//*[@id=\"application-managehandovers-display-component---AddNewHO--popup-sa\"]"}
RESULT: {}
RESULT: {"using":"xpath","value":"//*[@id=\"application-managehandovers-display-component---AddNewHO--popup-sa\"]"}
COMMAND: POST /session/3e4ceb57b36163f530f5479f57478588/element/f.504C58434384A4EE898B1C568961733A.d.69DEDAA7066F67763A1C3D8F812AE0EE.e.14173/click - {}
RESULT: {}
COMMAND: GET /session/3e4ceb57b36163f530f5479f57478588/screenshot - {}
RESULT: {}
COMMAND: POST /session/3e4ceb57b36163f530f5479f57478588/element - {"using":"xpath","value":"//bdi[contains(text(), \"Select\")]"}
RESULT: {"using":"xpath","value":"//bdi[contains(text(), \"Select\")]"}
COMMAND: POST /session/3e4ceb57b36163f530f5479f57478588/element/f.504C58434384A4EE898B1C568961733A.d.69DEDAA7066F67763A1C3D8F812AE0EE.e.14174/click - {}
RESULT: {}
COMMAND: GET /session/3e4ceb57b36163f530f5479f57478588/screenshot - {}
RESULT: {}
COMMAND: POST /session/3e4ceb57b36163f530f5479f57478588/element - {"using":"xpath","value":"//button[@data-kt=\"AddNewHOSaveButton\"]"}
RESULT: {"using":"xpath","value":"//button[@data-kt=\"AddNewHOSaveButton\"]"}
COMMAND: POST /session/3e4ceb57b36163f530f5479f57478588/element/f.504C58434384A4EE898B1C568961733A.d.69DEDAA7066F67763A1C3D8F812AE0EE.e.14178/click - {}
RESULT: {}
COMMAND: GET /session/3e4ceb57b36163f530f5479f57478588/screenshot - {}
RESULT: {}
COMMAND: POST /session/3e4ceb57b36163f530f5479f57478588/execute/async - {"script":"<script> [1562 bytes]","args":[{"selector":{"id":"receiptDatePicker","viewName":"etm.portal.ui.managehandovers.view.DetailExecuteHO","interaction":{"idSuffix":"inner"}},"wdio_ui5_key":"receiptDatePickeretmportal.ui.managehandovers.view.DetailExecuteHO"}]}
RESULT: {"script":"<script> [1562 bytes]","args":[{"selector":{"id":"receiptDatePicker","viewName":"etm.portal.ui.managehandovers.view.DetailExecuteHO","interaction":{"idSuffix":"inner"}},"wdio_ui5_key":"receiptDatePickeretmportal.ui.managehandovers.view.DetailExecuteHO"}]}
RESULT: undefined
COMMAND: POST /session/3e4ceb57b36163f530f5479f57478588/execute/async - {"script":"<script> [6424 bytes]","args":[{"element-6066-11e4-a52e-4f735466cecf":"f.504C58434384A4EE898B1C568961733A.d.69DEDAA7066F67763A1C3D8F812AE0EE.e.14207"},"setValue",["04/13/2025"]]}
RESULT: {"script":"<script> [6424 bytes]","args":[{"element-6066-11e4-a52e-4f735466cecf":"f.504C58434384A4EE898B1C568961733A.d.69DEDAA7066F67763A1C3D8F812AE0EE.e.14207"},"setValue",["04/13/2025"]]}
COMMAND: POST /session/3e4ceb57b36163f530f5479f57478588/element - {"using":"xpath","value":"//button[@data-kt=\"PickingTableConfirmAllButton\"]"}
RESULT: {"using":"xpath","value":"//button[@data-kt=\"PickingTableConfirmAllButton\"]"}
COMMAND: POST /session/3e4ceb57b36163f530f5479f57478588/element/f.504C58434384A4EE898B1C568961733A.d.69DEDAA7066F67763A1C3D8F812AE0EE.e.14222/click - {}
RESULT: {}
COMMAND: GET /session/3e4ceb57b36163f530f5479f57478588/screenshot - {}
RESULT: {}
COMMAND: POST /session/3e4ceb57b36163f530f5479f57478588/element - {"using":"xpath","value":"//bdi[contains(text(), \"OK\")]"}
RESULT: {"using":"xpath","value":"//bdi[contains(text(), \"OK\")]"}
COMMAND: POST /session/3e4ceb57b36163f530f5479f57478588/element/f.504C58434384A4EE898B1C568961733A.d.69DEDAA7066F67763A1C3D8F812AE0EE.e.14224/click - {}
RESULT: {}
COMMAND: GET /session/3e4ceb57b36163f530f5479f57478588/screenshot - {}
RESULT: {}
COMMAND: POST /session/3e4ceb57b36163f530f5479f57478588/element - {"using":"xpath","value":"(//bdi[contains(text(), \"Receive\")])[2]"}
RESULT: {"using":"xpath","value":"(//bdi[contains(text(), \"Receive\")])[2]"}
COMMAND: POST /session/3e4ceb57b36163f530f5479f57478588/element/f.504C58434384A4EE898B1C568961733A.d.69DEDAA7066F67763A1C3D8F812AE0EE.e.14226/click - {}
RESULT: {}
COMMAND: GET /session/3e4ceb57b36163f530f5479f57478588/screenshot - {}
RESULT: {}
COMMAND: POST /session/3e4ceb57b36163f530f5479f57478588/element - {"using":"css selector","value":"#shell-header-logo"}
RESULT: {"using":"css selector","value":"#shell-header-logo"}
COMMAND: POST /session/3e4ceb57b36163f530f5479f57478588/element/f.504C58434384A4EE898B1C568961733A.d.69DEDAA7066F67763A1C3D8F812AE0EE.e.13595/click - {}
RESULT: {}
COMMAND: GET /session/3e4ceb57b36163f530f5479f57478588/screenshot - {}
RESULT: {}
]]></system-out>
    </testcase>
    <testcase classname="chrome.135_0_7049_42.windows.Billing_transfer_US117289" name="Should create a new contract" time="45.244">
      <system-out><![CDATA[
COMMAND: POST /session/3e4ceb57b36163f530f5479f57478588/execute/async - {"script":"<script> [1562 bytes]","args":[{"selector":{"controlType":"sap.m.Text","viewName":"etm.portal.ui.managecontractstile.view.Master","properties":{"text":"Manage Contracts"},"interaction":{"idSuffix":"inner"}},"wdio_ui5_key":"etmportal.ui.managecontractstile.view.Mastersap.m.Text{\"text\":\"Manage Contracts\"}"}]}
RESULT: {"script":"<script> [1562 bytes]","args":[{"selector":{"controlType":"sap.m.Text","viewName":"etm.portal.ui.managecontractstile.view.Master","properties":{"text":"Manage Contracts"},"interaction":{"idSuffix":"inner"}},"wdio_ui5_key":"etmportal.ui.managecontractstile.view.Mastersap.m.Text{\"text\":\"Manage Contracts\"}"}]}
RESULT: undefined
COMMAND: POST /session/3e4ceb57b36163f530f5479f57478588/element - {"using":"xpath","value":"//*[@id=\"__tile130-title\"]"}
RESULT: {"using":"xpath","value":"//*[@id=\"__tile130-title\"]"}
COMMAND: POST /session/3e4ceb57b36163f530f5479f57478588/element/f.504C58434384A4EE898B1C568961733A.d.69DEDAA7066F67763A1C3D8F812AE0EE.e.14398/click - {}
RESULT: {}
COMMAND: GET /session/3e4ceb57b36163f530f5479f57478588/screenshot - {}
COMMAND: POST /session/3e4ceb57b36163f530f5479f57478588/element - {"using":"xpath","value":"//button[@data-kt=\"addButton\"]"}
RESULT: undefined
RESULT: undefined
RESULT: {}
RESULT: {"using":"xpath","value":"//button[@data-kt=\"addButton\"]"}
COMMAND: POST /session/3e4ceb57b36163f530f5479f57478588/elements - {"using":"xpath","value":"//button[@data-kt=\"addButton\"]"}
RESULT: {"using":"xpath","value":"//button[@data-kt=\"addButton\"]"}
COMMAND: POST /session/3e4ceb57b36163f530f5479f57478588/execute/sync - {"script":"<script> [8489 bytes]","args":[{"element-6066-11e4-a52e-4f735466cecf":"f.504C58434384A4EE898B1C568961733A.d.69DEDAA7066F67763A1C3D8F812AE0EE.e.14462","ELEMENT":"f.504C58434384A4EE898B1C568961733A.d.69DEDAA7066F67763A1C3D8F812AE0EE.e.14462"}]}
RESULT: {"script":"<script> [8489 bytes]","args":[{"element-6066-11e4-a52e-4f735466cecf":"f.504C58434384A4EE898B1C568961733A.d.69DEDAA7066F67763A1C3D8F812AE0EE.e.14462","ELEMENT":"f.504C58434384A4EE898B1C568961733A.d.69DEDAA7066F67763A1C3D8F812AE0EE.e.14462"}]}
COMMAND: GET /session/3e4ceb57b36163f530f5479f57478588/element/f.504C58434384A4EE898B1C568961733A.d.69DEDAA7066F67763A1C3D8F812AE0EE.e.14462/enabled - {}
COMMAND: GET /session/3e4ceb57b36163f530f5479f57478588/screenshot - {}
RESULT: {}
COMMAND: POST /session/3e4ceb57b36163f530f5479f57478588/execute/sync - {"script":"<script> [8489 bytes]","args":[{"element-6066-11e4-a52e-4f735466cecf":"f.504C58434384A4EE898B1C568961733A.d.69DEDAA7066F67763A1C3D8F812AE0EE.e.14462","ELEMENT":"f.504C58434384A4EE898B1C568961733A.d.69DEDAA7066F67763A1C3D8F812AE0EE.e.14462"}]}
COMMAND: GET /session/3e4ceb57b36163f530f5479f57478588/screenshot - {}
RESULT: {}
RESULT: {"script":"<script> [8489 bytes]","args":[{"element-6066-11e4-a52e-4f735466cecf":"f.504C58434384A4EE898B1C568961733A.d.69DEDAA7066F67763A1C3D8F812AE0EE.e.14462","ELEMENT":"f.504C58434384A4EE898B1C568961733A.d.69DEDAA7066F67763A1C3D8F812AE0EE.e.14462"}]}
COMMAND: POST /session/3e4ceb57b36163f530f5479f57478588/execute/sync - {"script":"<script> [5351 bytes]","args":[{"element-6066-11e4-a52e-4f735466cecf":"f.504C58434384A4EE898B1C568961733A.d.69DEDAA7066F67763A1C3D8F812AE0EE.e.14462","ELEMENT":"f.504C58434384A4EE898B1C568961733A.d.69DEDAA7066F67763A1C3D8F812AE0EE.e.14462"}]}
COMMAND: GET /session/3e4ceb57b36163f530f5479f57478588/screenshot - {}
RESULT: {}
RESULT: {"script":"<script> [5351 bytes]","args":[{"element-6066-11e4-a52e-4f735466cecf":"f.504C58434384A4EE898B1C568961733A.d.69DEDAA7066F67763A1C3D8F812AE0EE.e.14462","ELEMENT":"f.504C58434384A4EE898B1C568961733A.d.69DEDAA7066F67763A1C3D8F812AE0EE.e.14462"}]}
COMMAND: GET /session/3e4ceb57b36163f530f5479f57478588/screenshot - {}
RESULT: {}
RESULT: {}
COMMAND: POST /session/3e4ceb57b36163f530f5479f57478588/element/f.504C58434384A4EE898B1C568961733A.d.69DEDAA7066F67763A1C3D8F812AE0EE.e.14462/click - {}
RESULT: {}
COMMAND: GET /session/3e4ceb57b36163f530f5479f57478588/screenshot - {}
COMMAND: POST /session/3e4ceb57b36163f530f5479f57478588/execute/async - {"script":"<script> [1562 bytes]","args":[{"selector":{"id":"application-managecontracts-display-component---AddNewContract--projectDescription","interaction":{"idSuffix":"inner"}},"wdio_ui5_key":"applicationmanagecontracts-display-component---AddNewContract--projectDescription"}]}
RESULT: {}
RESULT: {"script":"<script> [1562 bytes]","args":[{"selector":{"id":"application-managecontracts-display-component---AddNewContract--projectDescription","interaction":{"idSuffix":"inner"}},"wdio_ui5_key":"applicationmanagecontracts-display-component---AddNewContract--projectDescription"}]}
RESULT: undefined
COMMAND: POST /session/3e4ceb57b36163f530f5479f57478588/execute/async - {"script":"<script> [776 bytes]","args":[{"enterText":"Contract WDIO","selector":{"id":"application-managecontracts-display-component---AddNewContract--projectDescription","interaction":{"idSuffix":"inner"}},"clearTextFirst":true,"interactionType":"ENTER_TEXT"}]}
RESULT: {"script":"<script> [776 bytes]","args":[{"enterText":"Contract WDIO","selector":{"id":"application-managecontracts-display-component---AddNewContract--projectDescription","interaction":{"idSuffix":"inner"}},"clearTextFirst":true,"interactionType":"ENTER_TEXT"}]}
COMMAND: POST /session/3e4ceb57b36163f530f5479f57478588/element - {"using":"xpath","value":"//input[@id=\"application-managecontracts-display-component---AddNewContract--site-inner\"]"}
RESULT: {"using":"xpath","value":"//input[@id=\"application-managecontracts-display-component---AddNewContract--site-inner\"]"}
COMMAND: POST /session/3e4ceb57b36163f530f5479f57478588/element/f.504C58434384A4EE898B1C568961733A.d.69DEDAA7066F67763A1C3D8F812AE0EE.e.14802/clear - {}
RESULT: {}
COMMAND: POST /session/3e4ceb57b36163f530f5479f57478588/element/f.504C58434384A4EE898B1C568961733A.d.69DEDAA7066F67763A1C3D8F812AE0EE.e.14802/value - {"text":"2108"}
COMMAND: GET /session/3e4ceb57b36163f530f5479f57478588/screenshot - {}
RESULT: {"text":"2108"}
COMMAND: GET /session/3e4ceb57b36163f530f5479f57478588/screenshot - {}
RESULT: {}
RESULT: {}
COMMAND: POST /session/3e4ceb57b36163f530f5479f57478588/element - {"using":"xpath","value":"//li[.//span[text()='2108']]"}
RESULT: {"using":"xpath","value":"//li[.//span[text()='2108']]"}
COMMAND: POST /session/3e4ceb57b36163f530f5479f57478588/element/f.504C58434384A4EE898B1C568961733A.d.69DEDAA7066F67763A1C3D8F812AE0EE.e.14827/click - {}
RESULT: {}
COMMAND: GET /session/3e4ceb57b36163f530f5479f57478588/screenshot - {}
RESULT: {}
COMMAND: POST /session/3e4ceb57b36163f530f5479f57478588/element - {"using":"xpath","value":"//input[@id=\"application-managecontracts-display-component---AddNewContract--yardId-inner\"]"}
RESULT: {"using":"xpath","value":"//input[@id=\"application-managecontracts-display-component---AddNewContract--yardId-inner\"]"}
COMMAND: GET /session/3e4ceb57b36163f530f5479f57478588/element/f.504C58434384A4EE898B1C568961733A.d.69DEDAA7066F67763A1C3D8F812AE0EE.e.14803/property/value - {}
RESULT: {}
COMMAND: POST /session/3e4ceb57b36163f530f5479f57478588/element - {"using":"xpath","value":"//input[@id=\"application-managecontracts-display-component---AddNewContract--customerSelect-inner\"]"}
COMMAND: GET /session/3e4ceb57b36163f530f5479f57478588/screenshot - {}
RESULT: {"using":"xpath","value":"//input[@id=\"application-managecontracts-display-component---AddNewContract--customerSelect-inner\"]"}
COMMAND: POST /session/3e4ceb57b36163f530f5479f57478588/element/f.504C58434384A4EE898B1C568961733A.d.69DEDAA7066F67763A1C3D8F812AE0EE.e.14801/clear - {}
RESULT: {}
RESULT: {}
COMMAND: POST /session/3e4ceb57b36163f530f5479f57478588/element/f.504C58434384A4EE898B1C568961733A.d.69DEDAA7066F67763A1C3D8F812AE0EE.e.14801/value - {"text":"1120"}
COMMAND: GET /session/3e4ceb57b36163f530f5479f57478588/screenshot - {}
RESULT: {"text":"1120"}
COMMAND: GET /session/3e4ceb57b36163f530f5479f57478588/screenshot - {}
RESULT: {}
RESULT: {}
COMMAND: POST /session/3e4ceb57b36163f530f5479f57478588/element - {"using":"xpath","value":"//li[.//span[text()='1120']]"}
RESULT: {"using":"xpath","value":"//li[.//span[text()='1120']]"}
COMMAND: POST /session/3e4ceb57b36163f530f5479f57478588/element/f.504C58434384A4EE898B1C568961733A.d.69DEDAA7066F67763A1C3D8F812AE0EE.e.14830/click - {}
RESULT: {}
COMMAND: GET /session/3e4ceb57b36163f530f5479f57478588/screenshot - {}
RESULT: {}
COMMAND: POST /session/3e4ceb57b36163f530f5479f57478588/element - {"using":"xpath","value":"//button[@data-kt=\"saveButton\"]"}
RESULT: {"using":"xpath","value":"//button[@data-kt=\"saveButton\"]"}
COMMAND: POST /session/3e4ceb57b36163f530f5479f57478588/element/f.504C58434384A4EE898B1C568961733A.d.69DEDAA7066F67763A1C3D8F812AE0EE.e.14819/click - {}
RESULT: {}
COMMAND: GET /session/3e4ceb57b36163f530f5479f57478588/screenshot - {}
RESULT: {}
COMMAND: POST /session/3e4ceb57b36163f530f5479f57478588/element - {"using":"xpath","value":"//span[contains(@id ,\"contractDetailTitleNoExpanded\")]"}
RESULT: {"using":"xpath","value":"//span[contains(@id ,\"contractDetailTitleNoExpanded\")]"}
COMMAND: POST /session/3e4ceb57b36163f530f5479f57478588/elements - {"using":"xpath","value":"//span[contains(@id ,\"contractDetailTitleNoExpanded\")]"}
RESULT: {"using":"xpath","value":"//span[contains(@id ,\"contractDetailTitleNoExpanded\")]"}
COMMAND: POST /session/3e4ceb57b36163f530f5479f57478588/execute/sync - {"script":"<script> [56 bytes]","args":[{"element-6066-11e4-a52e-4f735466cecf":"f.504C58434384A4EE898B1C568961733A.d.69DEDAA7066F67763A1C3D8F812AE0EE.e.14841","ELEMENT":"f.504C58434384A4EE898B1C568961733A.d.69DEDAA7066F67763A1C3D8F812AE0EE.e.14841"}]}
RESULT: {"script":"<script> [56 bytes]","args":[{"element-6066-11e4-a52e-4f735466cecf":"f.504C58434384A4EE898B1C568961733A.d.69DEDAA7066F67763A1C3D8F812AE0EE.e.14841","ELEMENT":"f.504C58434384A4EE898B1C568961733A.d.69DEDAA7066F67763A1C3D8F812AE0EE.e.14841"}]}
COMMAND: GET /session/3e4ceb57b36163f530f5479f57478588/screenshot - {}
RESULT: {}
]]></system-out>
    </testcase>
    <testcase classname="chrome.135_0_7049_42.windows.Billing_transfer_US117289" name="Should add created equipment to contract" time="41.945">
      <system-out><![CDATA[
COMMAND: POST /session/3e4ceb57b36163f530f5479f57478588/element - {"using":"xpath","value":"//button[@data-kt=\"contractDetailEditBtnButton\"]"}
RESULT: {"using":"xpath","value":"//button[@data-kt=\"contractDetailEditBtnButton\"]"}
COMMAND: POST /session/3e4ceb57b36163f530f5479f57478588/element/f.504C58434384A4EE898B1C568961733A.d.69DEDAA7066F67763A1C3D8F812AE0EE.e.14842/click - {}
RESULT: {}
COMMAND: GET /session/3e4ceb57b36163f530f5479f57478588/screenshot - {}
RESULT: {}
COMMAND: POST /session/3e4ceb57b36163f530f5479f57478588/element - {"using":"xpath","value":"(//span[contains(text(), \"Additional Addresses\")])[2]"}
RESULT: {"using":"xpath","value":"(//span[contains(text(), \"Additional Addresses\")])[2]"}
COMMAND: POST /session/3e4ceb57b36163f530f5479f57478588/element/f.504C58434384A4EE898B1C568961733A.d.69DEDAA7066F67763A1C3D8F812AE0EE.e.14896/click - {}
RESULT: {}
COMMAND: GET /session/3e4ceb57b36163f530f5479f57478588/screenshot - {}
RESULT: {}
COMMAND: POST /session/3e4ceb57b36163f530f5479f57478588/element - {"using":"xpath","value":"//button[@data-kt=\"btnAddTableRowOverflowToolbarButton\"]"}
RESULT: {"using":"xpath","value":"//button[@data-kt=\"btnAddTableRowOverflowToolbarButton\"]"}
COMMAND: POST /session/3e4ceb57b36163f530f5479f57478588/element/f.504C58434384A4EE898B1C568961733A.d.69DEDAA7066F67763A1C3D8F812AE0EE.e.14900/click - {}
RESULT: {}
COMMAND: GET /session/3e4ceb57b36163f530f5479f57478588/screenshot - {}
RESULT: {}
COMMAND: POST /session/3e4ceb57b36163f530f5479f57478588/element - {"using":"xpath","value":"//div[(text() = 'Standard Entry' or . = 'Standard Entry')]"}
RESULT: {"using":"xpath","value":"//div[(text() = 'Standard Entry' or . = 'Standard Entry')]"}
COMMAND: POST /session/3e4ceb57b36163f530f5479f57478588/element/f.504C58434384A4EE898B1C568961733A.d.69DEDAA7066F67763A1C3D8F812AE0EE.e.14902/click - {}
RESULT: {}
COMMAND: GET /session/3e4ceb57b36163f530f5479f57478588/screenshot - {}
RESULT: {}
COMMAND: POST /session/3e4ceb57b36163f530f5479f57478588/element - {"using":"xpath","value":"//td[7]/div/div/input"}
RESULT: {"using":"xpath","value":"//td[7]/div/div/input"}
COMMAND: POST /session/3e4ceb57b36163f530f5479f57478588/element/f.504C58434384A4EE898B1C568961733A.d.69DEDAA7066F67763A1C3D8F812AE0EE.e.14911/clear - {}
RESULT: {}
COMMAND: POST /session/3e4ceb57b36163f530f5479f57478588/element/f.504C58434384A4EE898B1C568961733A.d.69DEDAA7066F67763A1C3D8F812AE0EE.e.14911/value - {"text":"ozUeKLOhdb"}
COMMAND: GET /session/3e4ceb57b36163f530f5479f57478588/screenshot - {}
RESULT: {"text":"ozUeKLOhdb"}
COMMAND: GET /session/3e4ceb57b36163f530f5479f57478588/screenshot - {}
RESULT: {}
RESULT: {}
COMMAND: POST /session/3e4ceb57b36163f530f5479f57478588/actions - {"actions":[{"id":"action52","type":"key","parameters":{},"actions":[{"type":"keyDown","value":""},{"type":"pause","duration":10},{"type":"keyUp","value":""}]}]}
RESULT: {"actions":[{"id":"action52","type":"key","parameters":{},"actions":[{"type":"keyDown","value":""},{"type":"pause","duration":10},{"type":"keyUp","value":""}]}]}
COMMAND: GET /session/3e4ceb57b36163f530f5479f57478588/screenshot - {}
RESULT: {}
COMMAND: POST /session/3e4ceb57b36163f530f5479f57478588/element - {"using":"xpath","value":"(//button[@data-kt=\"saveButton\"])[2]"}
RESULT: {"using":"xpath","value":"(//button[@data-kt=\"saveButton\"])[2]"}
COMMAND: POST /session/3e4ceb57b36163f530f5479f57478588/element/f.504C58434384A4EE898B1C568961733A.d.69DEDAA7066F67763A1C3D8F812AE0EE.e.14926/click - {}
RESULT: {}
COMMAND: GET /session/3e4ceb57b36163f530f5479f57478588/screenshot - {}
RESULT: {}
COMMAND: POST /session/3e4ceb57b36163f530f5479f57478588/element - {"using":"xpath","value":"//span[contains(@id ,\"contractItemsSmartTable-header-inner\")]"}
RESULT: {"using":"xpath","value":"//span[contains(@id ,\"contractItemsSmartTable-header-inner\")]"}
COMMAND: POST /session/3e4ceb57b36163f530f5479f57478588/elements - {"using":"xpath","value":"//span[contains(@id ,\"contractItemsSmartTable-header-inner\")]"}
RESULT: {"using":"xpath","value":"//span[contains(@id ,\"contractItemsSmartTable-header-inner\")]"}
COMMAND: POST /session/3e4ceb57b36163f530f5479f57478588/execute/sync - {"script":"<script> [56 bytes]","args":[{"element-6066-11e4-a52e-4f735466cecf":"f.504C58434384A4EE898B1C568961733A.d.69DEDAA7066F67763A1C3D8F812AE0EE.e.14934","ELEMENT":"f.504C58434384A4EE898B1C568961733A.d.69DEDAA7066F67763A1C3D8F812AE0EE.e.14934"}]}
RESULT: {"script":"<script> [56 bytes]","args":[{"element-6066-11e4-a52e-4f735466cecf":"f.504C58434384A4EE898B1C568961733A.d.69DEDAA7066F67763A1C3D8F812AE0EE.e.14934","ELEMENT":"f.504C58434384A4EE898B1C568961733A.d.69DEDAA7066F67763A1C3D8F812AE0EE.e.14934"}]}
]]></system-out>
    </testcase>
    <testcase classname="chrome.135_0_7049_42.windows.Billing_transfer_US117289" name="Should do a provide to site handover" time="54.898">
      <system-out><![CDATA[
COMMAND: GET /session/3e4ceb57b36163f530f5479f57478588/screenshot - {}
COMMAND: POST /session/3e4ceb57b36163f530f5479f57478588/element - {"using":"xpath","value":"//button[@data-kt=\"provideButton\"]"}
RESULT: {}
RESULT: {"using":"xpath","value":"//button[@data-kt=\"provideButton\"]"}
COMMAND: POST /session/3e4ceb57b36163f530f5479f57478588/element/f.504C58434384A4EE898B1C568961733A.d.69DEDAA7066F67763A1C3D8F812AE0EE.e.14935/click - {}
RESULT: {}
COMMAND: GET /session/3e4ceb57b36163f530f5479f57478588/screenshot - {}
RESULT: {}
RESULT: undefined
COMMAND: POST /session/3e4ceb57b36163f530f5479f57478588/execute/async - {"script":"<script> [6424 bytes]","args":[{"element-6066-11e4-a52e-4f735466cecf":"f.504C58434384A4EE898B1C568961733A.d.69DEDAA7066F67763A1C3D8F812AE0EE.e.13993"},"setValue",["04/13/2025"]]}
COMMAND: POST /session/3e4ceb57b36163f530f5479f57478588/execute/async - {"script":"<script> [1562 bytes]","args":[{"selector":{"id":"application-managehandovers-display-component---AddNewHO--dueDate","interaction":{"idSuffix":"inner"}},"wdio_ui5_key":"applicationmanagehandovers-display-component---AddNewHO--dueDate"}]}
RESULT: {"script":"<script> [1562 bytes]","args":[{"selector":{"id":"application-managehandovers-display-component---AddNewHO--dueDate","interaction":{"idSuffix":"inner"}},"wdio_ui5_key":"applicationmanagehandovers-display-component---AddNewHO--dueDate"}]}
COMMAND: POST /session/3e4ceb57b36163f530f5479f57478588/execute/async - {"script":"<script> [6424 bytes]","args":[{"element-6066-11e4-a52e-4f735466cecf":"f.504C58434384A4EE898B1C568961733A.d.69DEDAA7066F67763A1C3D8F812AE0EE.e.14988"},"setValue",["04/13/2025"]]}
RESULT: {"script":"<script> [6424 bytes]","args":[{"element-6066-11e4-a52e-4f735466cecf":"f.504C58434384A4EE898B1C568961733A.d.69DEDAA7066F67763A1C3D8F812AE0EE.e.14988"},"setValue",["04/13/2025"]]}
COMMAND: POST /session/3e4ceb57b36163f530f5479f57478588/element - {"using":"xpath","value":"//bdi[contains(text(), \"Instructions\")]"}
RESULT: {"using":"xpath","value":"//bdi[contains(text(), \"Instructions\")]"}
COMMAND: POST /session/3e4ceb57b36163f530f5479f57478588/element/f.504C58434384A4EE898B1C568961733A.d.69DEDAA7066F67763A1C3D8F812AE0EE.e.15241/click - {}
RESULT: {}
COMMAND: GET /session/3e4ceb57b36163f530f5479f57478588/screenshot - {}
RESULT: {}
COMMAND: POST /session/3e4ceb57b36163f530f5479f57478588/element - {"using":"xpath","value":"//button[@data-kt=\"AddNewHOProvideAddItemsButton\"]"}
RESULT: {"using":"xpath","value":"//button[@data-kt=\"AddNewHOProvideAddItemsButton\"]"}
COMMAND: POST /session/3e4ceb57b36163f530f5479f57478588/element/f.504C58434384A4EE898B1C568961733A.d.69DEDAA7066F67763A1C3D8F812AE0EE.e.15245/click - {}
RESULT: {}
COMMAND: GET /session/3e4ceb57b36163f530f5479f57478588/screenshot - {}
RESULT: {}
RESULT: undefined
COMMAND: POST /session/3e4ceb57b36163f530f5479f57478588/element - {"using":"xpath","value":"//*[@id=\"application-managehandovers-display-component---AddNewHO--popup-sa\"]"}
RESULT: {"using":"xpath","value":"//*[@id=\"application-managehandovers-display-component---AddNewHO--popup-sa\"]"}
COMMAND: POST /session/3e4ceb57b36163f530f5479f57478588/element/f.504C58434384A4EE898B1C568961733A.d.69DEDAA7066F67763A1C3D8F812AE0EE.e.15260/click - {}
RESULT: {}
COMMAND: GET /session/3e4ceb57b36163f530f5479f57478588/screenshot - {}
RESULT: {}
COMMAND: POST /session/3e4ceb57b36163f530f5479f57478588/element - {"using":"xpath","value":"//*[contains(@id ,\"BDI-content\")][contains(text(), \"Select\")]"}
RESULT: {"using":"xpath","value":"//*[contains(@id ,\"BDI-content\")][contains(text(), \"Select\")]"}
COMMAND: POST /session/3e4ceb57b36163f530f5479f57478588/element/f.504C58434384A4EE898B1C568961733A.d.69DEDAA7066F67763A1C3D8F812AE0EE.e.15262/click - {}
RESULT: {}
COMMAND: GET /session/3e4ceb57b36163f530f5479f57478588/screenshot - {}
RESULT: {}
COMMAND: POST /session/3e4ceb57b36163f530f5479f57478588/execute/async - {"script":"<script> [1562 bytes]","args":[{"selector":{"id":"application-managehandovers-display-component---AddNewHO--confirmCreationButton","interaction":{"idSuffix":"BDI-content"}},"wdio_ui5_key":"applicationmanagehandovers-display-component---AddNewHO--confirmCreationButton"}]}
RESULT: {"script":"<script> [1562 bytes]","args":[{"selector":{"id":"application-managehandovers-display-component---AddNewHO--confirmCreationButton","interaction":{"idSuffix":"BDI-content"}},"wdio_ui5_key":"applicationmanagehandovers-display-component---AddNewHO--confirmCreationButton"}]}
RESULT: undefined
COMMAND: POST /session/3e4ceb57b36163f530f5479f57478588/element - {"using":"xpath","value":"//*[@id=\"application-managehandovers-display-component---AddNewHO--confirmCreationButton\"]"}
RESULT: {"using":"xpath","value":"//*[@id=\"application-managehandovers-display-component---AddNewHO--confirmCreationButton\"]"}
COMMAND: POST /session/3e4ceb57b36163f530f5479f57478588/element/f.504C58434384A4EE898B1C568961733A.d.69DEDAA7066F67763A1C3D8F812AE0EE.e.15066/click - {}
RESULT: {}
COMMAND: GET /session/3e4ceb57b36163f530f5479f57478588/screenshot - {}
RESULT: {}
COMMAND: POST /session/3e4ceb57b36163f530f5479f57478588/element - {"using":"xpath","value":"//button[@data-kt=\"PickingTableConfirmAllButton\"]"}
RESULT: {"using":"xpath","value":"//button[@data-kt=\"PickingTableConfirmAllButton\"]"}
COMMAND: POST /session/3e4ceb57b36163f530f5479f57478588/elements - {"using":"xpath","value":"//button[@data-kt=\"PickingTableConfirmAllButton\"]"}
RESULT: {"using":"xpath","value":"//button[@data-kt=\"PickingTableConfirmAllButton\"]"}
COMMAND: POST /session/3e4ceb57b36163f530f5479f57478588/elements - {"using":"xpath","value":"//button[@data-kt=\"PickingTableConfirmAllButton\"]"}
RESULT: {"using":"xpath","value":"//button[@data-kt=\"PickingTableConfirmAllButton\"]"}
COMMAND: POST /session/3e4ceb57b36163f530f5479f57478588/element - {"using":"xpath","value":"//button[@data-kt=\"PickingTableConfirmAllButton\"]"}
RESULT: {"using":"xpath","value":"//button[@data-kt=\"PickingTableConfirmAllButton\"]"}
COMMAND: POST /session/3e4ceb57b36163f530f5479f57478588/element/f.504C58434384A4EE898B1C568961733A.d.69DEDAA7066F67763A1C3D8F812AE0EE.e.15300/click - {}
COMMAND: POST /session/3e4ceb57b36163f530f5479f57478588/element - {"using":"xpath","value":"//button[@data-kt=\"PickingTableConfirmAllButton\"]"}
RESULT: {"using":"xpath","value":"//button[@data-kt=\"PickingTableConfirmAllButton\"]"}
COMMAND: POST /session/3e4ceb57b36163f530f5479f57478588/element/f.504C58434384A4EE898B1C568961733A.d.69DEDAA7066F67763A1C3D8F812AE0EE.e.15300/click - {}
COMMAND: POST /session/3e4ceb57b36163f530f5479f57478588/element - {"using":"xpath","value":"//button[@data-kt=\"PickingTableConfirmAllButton\"]"}
RESULT: {"using":"xpath","value":"//button[@data-kt=\"PickingTableConfirmAllButton\"]"}
COMMAND: POST /session/3e4ceb57b36163f530f5479f57478588/element/f.504C58434384A4EE898B1C568961733A.d.69DEDAA7066F67763A1C3D8F812AE0EE.e.15321/click - {}
RESULT: {}
COMMAND: GET /session/3e4ceb57b36163f530f5479f57478588/screenshot - {}
RESULT: {}
COMMAND: POST /session/3e4ceb57b36163f530f5479f57478588/element - {"using":"xpath","value":"//bdi[contains(text(), \"OK\")]"}
RESULT: {"using":"xpath","value":"//bdi[contains(text(), \"OK\")]"}
COMMAND: POST /session/3e4ceb57b36163f530f5479f57478588/element/f.504C58434384A4EE898B1C568961733A.d.69DEDAA7066F67763A1C3D8F812AE0EE.e.15326/click - {}
RESULT: {}
COMMAND: GET /session/3e4ceb57b36163f530f5479f57478588/screenshot - {}
RESULT: {}
COMMAND: POST /session/3e4ceb57b36163f530f5479f57478588/element - {"using":"xpath","value":"//bdi[contains(text(), \"Issue\")]"}
RESULT: {"using":"xpath","value":"//bdi[contains(text(), \"Issue\")]"}
COMMAND: POST /session/3e4ceb57b36163f530f5479f57478588/element/f.504C58434384A4EE898B1C568961733A.d.69DEDAA7066F67763A1C3D8F812AE0EE.e.15328/click - {}
RESULT: {}
COMMAND: GET /session/3e4ceb57b36163f530f5479f57478588/screenshot - {}
RESULT: {}
COMMAND: POST /session/3e4ceb57b36163f530f5479f57478588/element - {"using":"css selector","value":"#shell-header-logo"}
RESULT: {"using":"css selector","value":"#shell-header-logo"}
COMMAND: POST /session/3e4ceb57b36163f530f5479f57478588/element/f.504C58434384A4EE898B1C568961733A.d.69DEDAA7066F67763A1C3D8F812AE0EE.e.14401/click - {}
RESULT: {}
COMMAND: GET /session/3e4ceb57b36163f530f5479f57478588/screenshot - {}
RESULT: {}
]]></system-out>
    </testcase>
    <testcase classname="chrome.135_0_7049_42.windows.Billing_transfer_US117289" name="Should navigate to Manage Billings and trigger contract calculation business confirm it" time="50.673">
      <system-out><![CDATA[
COMMAND: POST /session/3e4ceb57b36163f530f5479f57478588/execute/async - {"script":"<script> [1562 bytes]","args":[{"selector":{"controlType":"sap.m.GenericTile","properties":{"header":"Manage Billings"}},"wdio_ui5_key":"sapm.GenericTile{\"header\":\"Manage Billings\"}"}]}
RESULT: {"script":"<script> [1562 bytes]","args":[{"selector":{"controlType":"sap.m.GenericTile","properties":{"header":"Manage Billings"}},"wdio_ui5_key":"sapm.GenericTile{\"header\":\"Manage Billings\"}"}]}
RESULT: undefined
COMMAND: POST /session/3e4ceb57b36163f530f5479f57478588/element - {"using":"xpath","value":"//*[@id=\"__tile51\"]"}
RESULT: {"using":"xpath","value":"//*[@id=\"__tile51\"]"}
COMMAND: POST /session/3e4ceb57b36163f530f5479f57478588/element/f.504C58434384A4EE898B1C568961733A.d.69DEDAA7066F67763A1C3D8F812AE0EE.e.15502/click - {}
RESULT: {}
COMMAND: GET /session/3e4ceb57b36163f530f5479f57478588/screenshot - {}
COMMAND: POST /session/3e4ceb57b36163f530f5479f57478588/execute/async - {"script":"<script> [1562 bytes]","args":[{"selector":{"id":"application-managebillings-display-component---billRunCalcResult--smartFilterBar-btnBasicSearch","interaction":{"idSuffix":"I"}},"wdio_ui5_key":"applicationmanagebillings-display-component---billRunCalcResult--smartFilterBar-btnBasicSearch"}]}
RESULT: {}
RESULT: {"script":"<script> [1562 bytes]","args":[{"selector":{"id":"application-managebillings-display-component---billRunCalcResult--smartFilterBar-btnBasicSearch","interaction":{"idSuffix":"I"}},"wdio_ui5_key":"applicationmanagebillings-display-component---billRunCalcResult--smartFilterBar-btnBasicSearch"}]}
RESULT: undefined
COMMAND: POST /session/3e4ceb57b36163f530f5479f57478588/execute/async - {"script":"<script> [776 bytes]","args":[{"enterText":"10184","selector":{"id":"application-managebillings-display-component---billRunCalcResult--smartFilterBar-btnBasicSearch","interaction":{"idSuffix":"I"}},"clearTextFirst":true,"interactionType":"ENTER_TEXT"}]}
RESULT: {"script":"<script> [776 bytes]","args":[{"enterText":"10184","selector":{"id":"application-managebillings-display-component---billRunCalcResult--smartFilterBar-btnBasicSearch","interaction":{"idSuffix":"I"}},"clearTextFirst":true,"interactionType":"ENTER_TEXT"}]}
COMMAND: POST /session/3e4ceb57b36163f530f5479f57478588/actions - {"actions":[{"id":"action53","type":"key","parameters":{},"actions":[{"type":"keyDown","value":""},{"type":"pause","duration":10},{"type":"keyUp","value":""}]}]}
RESULT: {"actions":[{"id":"action53","type":"key","parameters":{},"actions":[{"type":"keyDown","value":""},{"type":"pause","duration":10},{"type":"keyUp","value":""}]}]}
COMMAND: GET /session/3e4ceb57b36163f530f5479f57478588/screenshot - {}
RESULT: {}
COMMAND: POST /session/3e4ceb57b36163f530f5479f57478588/element - {"using":"xpath","value":"//td[@aria-colindex=\"1\"]/div/div[contains(@class, \"sapMCbBg\")]"}
RESULT: {"using":"xpath","value":"//td[@aria-colindex=\"1\"]/div/div[contains(@class, \"sapMCbBg\")]"}
COMMAND: POST /session/3e4ceb57b36163f530f5479f57478588/element/f.504C58434384A4EE898B1C568961733A.d.69DEDAA7066F67763A1C3D8F812AE0EE.e.15713/click - {}
RESULT: {}
COMMAND: GET /session/3e4ceb57b36163f530f5479f57478588/screenshot - {}
RESULT: {}
COMMAND: POST /session/3e4ceb57b36163f530f5479f57478588/execute/async - {"script":"<script> [1562 bytes]","args":[{"selector":{"id":"application-managebillings-display-component---billRunCalcResult--contractBillRunDate","interaction":{"idSuffix":"inner"}},"wdio_ui5_key":"applicationmanagebillings-display-component---billRunCalcResult--contractBillRunDate"}]}
RESULT: {"script":"<script> [1562 bytes]","args":[{"selector":{"id":"application-managebillings-display-component---billRunCalcResult--contractBillRunDate","interaction":{"idSuffix":"inner"}},"wdio_ui5_key":"applicationmanagebillings-display-component---billRunCalcResult--contractBillRunDate"}]}
RESULT: undefined
COMMAND: POST /session/3e4ceb57b36163f530f5479f57478588/execute/async - {"script":"<script> [776 bytes]","args":[{"enterText":"05/13/25","selector":{"id":"application-managebillings-display-component---billRunCalcResult--contractBillRunDate","interaction":{"idSuffix":"inner"}},"clearTextFirst":true,"interactionType":"ENTER_TEXT"}]}
RESULT: {"script":"<script> [776 bytes]","args":[{"enterText":"05/13/25","selector":{"id":"application-managebillings-display-component---billRunCalcResult--contractBillRunDate","interaction":{"idSuffix":"inner"}},"clearTextFirst":true,"interactionType":"ENTER_TEXT"}]}
COMMAND: POST /session/3e4ceb57b36163f530f5479f57478588/element - {"using":"xpath","value":"//bdi[contains(text(), \"Trigger Calculation\")]"}
RESULT: {"using":"xpath","value":"//bdi[contains(text(), \"Trigger Calculation\")]"}
COMMAND: POST /session/3e4ceb57b36163f530f5479f57478588/element/f.504C58434384A4EE898B1C568961733A.d.69DEDAA7066F67763A1C3D8F812AE0EE.e.15735/click - {}
RESULT: {}
COMMAND: GET /session/3e4ceb57b36163f530f5479f57478588/screenshot - {}
RESULT: {}
COMMAND: POST /session/3e4ceb57b36163f530f5479f57478588/element - {"using":"xpath","value":"(//span[contains(@id, \"imgNav\")])[1]"}
RESULT: {"using":"xpath","value":"(//span[contains(@id, \"imgNav\")])[1]"}
COMMAND: POST /session/3e4ceb57b36163f530f5479f57478588/element/f.504C58434384A4EE898B1C568961733A.d.69DEDAA7066F67763A1C3D8F812AE0EE.e.15727/click - {}
RESULT: {}
COMMAND: GET /session/3e4ceb57b36163f530f5479f57478588/screenshot - {}
RESULT: {}
COMMAND: POST /session/3e4ceb57b36163f530f5479f57478588/execute/async - {"script":"<script> [1562 bytes]","args":[{"selector":{"controlType":"sap.ui.core.Icon","viewName":"etm.portal.ui.managebillings.view.Master","viewId":"application-managebillings-display-component---billRunCalcResult","properties":{"src":{"regex":{"source":"slim\\-arrow\\-right"}}}},"wdio_ui5_key":"etmportal.ui.managebillings.view.Mastersap.ui.core.Icon{\"src\":{\"regex\":{\"source\":\"slim\\\\-arrow\\\\-right\"}}}"}]}
RESULT: {"script":"<script> [1562 bytes]","args":[{"selector":{"controlType":"sap.ui.core.Icon","viewName":"etm.portal.ui.managebillings.view.Master","viewId":"application-managebillings-display-component---billRunCalcResult","properties":{"src":{"regex":{"source":"slim\\-arrow\\-right"}}}},"wdio_ui5_key":"etmportal.ui.managebillings.view.Mastersap.ui.core.Icon{\"src\":{\"regex\":{\"source\":\"slim\\\\-arrow\\\\-right\"}}}"}]}
RESULT: undefined
COMMAND: POST /session/3e4ceb57b36163f530f5479f57478588/element - {"using":"xpath","value":"//*[@id=\"__item1378-application-managebillings-display-component---billRunCalcResult--billingRunsTable-0-imgNav\"]"}
RESULT: {"using":"xpath","value":"//*[@id=\"__item1378-application-managebillings-display-component---billRunCalcResult--billingRunsTable-0-imgNav\"]"}
COMMAND: POST /session/3e4ceb57b36163f530f5479f57478588/element/f.504C58434384A4EE898B1C568961733A.d.69DEDAA7066F67763A1C3D8F812AE0EE.e.15740/click - {}
RESULT: {}
COMMAND: POST /session/3e4ceb57b36163f530f5479f57478588/execute/async - {"script":"<script> [1562 bytes]","args":[{"selector":{"id":"application-managebillings-display-component---billRunCalcResult--btnConf","interaction":{"idSuffix":"BDI-content"}},"wdio_ui5_key":"applicationmanagebillings-display-component---billRunCalcResult--btnConf"}]}
COMMAND: GET /session/3e4ceb57b36163f530f5479f57478588/screenshot - {}
RESULT: {"script":"<script> [1562 bytes]","args":[{"selector":{"id":"application-managebillings-display-component---billRunCalcResult--btnConf","interaction":{"idSuffix":"BDI-content"}},"wdio_ui5_key":"applicationmanagebillings-display-component---billRunCalcResult--btnConf"}]}
RESULT: undefined
COMMAND: POST /session/3e4ceb57b36163f530f5479f57478588/element - {"using":"xpath","value":"//*[@id=\"application-managebillings-display-component---billRunCalcResult--btnConf\"]"}
RESULT: {}
RESULT: {"using":"xpath","value":"//*[@id=\"application-managebillings-display-component---billRunCalcResult--btnConf\"]"}
COMMAND: POST /session/3e4ceb57b36163f530f5479f57478588/element/f.504C58434384A4EE898B1C568961733A.d.69DEDAA7066F67763A1C3D8F812AE0EE.e.15771/click - {}
RESULT: {}
COMMAND: POST /session/3e4ceb57b36163f530f5479f57478588/element - {"using":"css selector","value":"#shell-header-logo"}
COMMAND: GET /session/3e4ceb57b36163f530f5479f57478588/screenshot - {}
RESULT: {"using":"css selector","value":"#shell-header-logo"}
COMMAND: POST /session/3e4ceb57b36163f530f5479f57478588/element/f.504C58434384A4EE898B1C568961733A.d.69DEDAA7066F67763A1C3D8F812AE0EE.e.15505/click - {}
RESULT: {}
RESULT: {}
COMMAND: GET /session/3e4ceb57b36163f530f5479f57478588/screenshot - {}
RESULT: {}
]]></system-out>
    </testcase>
    <testcase classname="chrome.135_0_7049_42.windows.Billing_transfer_US117289" name="Should trigger Billing Transfer process all the way to completion" time="69.32">
      <system-out><![CDATA[
COMMAND: POST /session/3e4ceb57b36163f530f5479f57478588/execute/async - {"script":"<script> [1562 bytes]","args":[{"selector":{"controlType":"sap.m.GenericTile","properties":{"header":"Billing Transfer"}},"wdio_ui5_key":"sapm.GenericTile{\"header\":\"Billing Transfer\"}"}]}
RESULT: {"script":"<script> [1562 bytes]","args":[{"selector":{"controlType":"sap.m.GenericTile","properties":{"header":"Billing Transfer"}},"wdio_ui5_key":"sapm.GenericTile{\"header\":\"Billing Transfer\"}"}]}
RESULT: undefined
COMMAND: POST /session/3e4ceb57b36163f530f5479f57478588/element - {"using":"xpath","value":"//*[@id=\"__tile50\"]"}
RESULT: {"using":"xpath","value":"//*[@id=\"__tile50\"]"}
COMMAND: POST /session/3e4ceb57b36163f530f5479f57478588/element/f.504C58434384A4EE898B1C568961733A.d.69DEDAA7066F67763A1C3D8F812AE0EE.e.15817/click - {}
RESULT: {}
COMMAND: POST /session/3e4ceb57b36163f530f5479f57478588/element - {"using":"xpath","value":"//input[contains(@id ,\"application-billingtransfer-display-component---billingWorkbench--smartFilterBar-btnBasicSearch\")]"}
COMMAND: GET /session/3e4ceb57b36163f530f5479f57478588/screenshot - {}
RESULT: {"using":"xpath","value":"//input[contains(@id ,\"application-billingtransfer-display-component---billingWorkbench--smartFilterBar-btnBasicSearch\")]"}
COMMAND: POST /session/3e4ceb57b36163f530f5479f57478588/elements - {"using":"xpath","value":"//input[contains(@id ,\"application-billingtransfer-display-component---billingWorkbench--smartFilterBar-btnBasicSearch\")]"}
RESULT: {}
RESULT: {"using":"xpath","value":"//input[contains(@id ,\"application-billingtransfer-display-component---billingWorkbench--smartFilterBar-btnBasicSearch\")]"}
COMMAND: POST /session/3e4ceb57b36163f530f5479f57478588/elements - {"using":"xpath","value":"//input[contains(@id ,\"application-billingtransfer-display-component---billingWorkbench--smartFilterBar-btnBasicSearch\")]"}
RESULT: {"using":"xpath","value":"//input[contains(@id ,\"application-billingtransfer-display-component---billingWorkbench--smartFilterBar-btnBasicSearch\")]"}
COMMAND: POST /session/3e4ceb57b36163f530f5479f57478588/element - {"using":"xpath","value":"//input[contains(@id ,\"application-billingtransfer-display-component---billingWorkbench--smartFilterBar-btnBasicSearch\")]"}
RESULT: {"using":"xpath","value":"//input[contains(@id ,\"application-billingtransfer-display-component---billingWorkbench--smartFilterBar-btnBasicSearch\")]"}
COMMAND: POST /session/3e4ceb57b36163f530f5479f57478588/execute/sync - {"script":"<script> [8489 bytes]","args":[{"element-6066-11e4-a52e-4f735466cecf":"f.504C58434384A4EE898B1C568961733A.d.69DEDAA7066F67763A1C3D8F812AE0EE.e.15822","ELEMENT":"f.504C58434384A4EE898B1C568961733A.d.69DEDAA7066F67763A1C3D8F812AE0EE.e.15822"}]}
RESULT: {"script":"<script> [8489 bytes]","args":[{"element-6066-11e4-a52e-4f735466cecf":"f.504C58434384A4EE898B1C568961733A.d.69DEDAA7066F67763A1C3D8F812AE0EE.e.15822","ELEMENT":"f.504C58434384A4EE898B1C568961733A.d.69DEDAA7066F67763A1C3D8F812AE0EE.e.15822"}]}
COMMAND: GET /session/3e4ceb57b36163f530f5479f57478588/element/f.504C58434384A4EE898B1C568961733A.d.69DEDAA7066F67763A1C3D8F812AE0EE.e.15822/enabled - {}
COMMAND: GET /session/3e4ceb57b36163f530f5479f57478588/screenshot - {}
RESULT: {}
COMMAND: POST /session/3e4ceb57b36163f530f5479f57478588/element/f.504C58434384A4EE898B1C568961733A.d.69DEDAA7066F67763A1C3D8F812AE0EE.e.15822/click - {}
COMMAND: GET /session/3e4ceb57b36163f530f5479f57478588/screenshot - {}
RESULT: {}
RESULT: {}
COMMAND: GET /session/3e4ceb57b36163f530f5479f57478588/screenshot - {}
RESULT: {}
RESULT: {}
COMMAND: POST /session/3e4ceb57b36163f530f5479f57478588/element/f.504C58434384A4EE898B1C568961733A.d.69DEDAA7066F67763A1C3D8F812AE0EE.e.15822/clear - {}
RESULT: {}
COMMAND: POST /session/3e4ceb57b36163f530f5479f57478588/element/f.504C58434384A4EE898B1C568961733A.d.69DEDAA7066F67763A1C3D8F812AE0EE.e.15822/value - {"text":"10184"}
COMMAND: GET /session/3e4ceb57b36163f530f5479f57478588/screenshot - {}
RESULT: {"text":"10184"}
COMMAND: POST /session/3e4ceb57b36163f530f5479f57478588/actions - {"actions":[{"id":"action54","type":"key","parameters":{},"actions":[{"type":"keyDown","value":""},{"type":"pause","duration":10},{"type":"keyUp","value":""}]}]}
COMMAND: GET /session/3e4ceb57b36163f530f5479f57478588/screenshot - {}
RESULT: {}
RESULT: {"actions":[{"id":"action54","type":"key","parameters":{},"actions":[{"type":"keyDown","value":""},{"type":"pause","duration":10},{"type":"keyUp","value":""}]}]}
COMMAND: GET /session/3e4ceb57b36163f530f5479f57478588/screenshot - {}
RESULT: {}
RESULT: {}
COMMAND: POST /session/3e4ceb57b36163f530f5479f57478588/element - {"using":"xpath","value":"//span[contains(@id ,\"application-billingtransfer-display-component---billingWorkbench--smartTableBillingRuns-header-inner\")]"}
RESULT: {"using":"xpath","value":"//span[contains(@id ,\"application-billingtransfer-display-component---billingWorkbench--smartTableBillingRuns-header-inner\")]"}
COMMAND: POST /session/3e4ceb57b36163f530f5479f57478588/elements - {"using":"xpath","value":"//span[contains(@id ,\"application-billingtransfer-display-component---billingWorkbench--smartTableBillingRuns-header-inner\")]"}
RESULT: {"using":"xpath","value":"//span[contains(@id ,\"application-billingtransfer-display-component---billingWorkbench--smartTableBillingRuns-header-inner\")]"}
COMMAND: POST /session/3e4ceb57b36163f530f5479f57478588/execute/sync - {"script":"<script> [56 bytes]","args":[{"element-6066-11e4-a52e-4f735466cecf":"f.504C58434384A4EE898B1C568961733A.d.69DEDAA7066F67763A1C3D8F812AE0EE.e.15915","ELEMENT":"f.504C58434384A4EE898B1C568961733A.d.69DEDAA7066F67763A1C3D8F812AE0EE.e.15915"}]}
RESULT: {"script":"<script> [56 bytes]","args":[{"element-6066-11e4-a52e-4f735466cecf":"f.504C58434384A4EE898B1C568961733A.d.69DEDAA7066F67763A1C3D8F812AE0EE.e.15915","ELEMENT":"f.504C58434384A4EE898B1C568961733A.d.69DEDAA7066F67763A1C3D8F812AE0EE.e.15915"}]}
COMMAND: POST /session/3e4ceb57b36163f530f5479f57478588/element - {"using":"xpath","value":"//td[@aria-colindex=\"1\"]/div/div[contains(@class, \"sapMCbBg\")]"}
COMMAND: GET /session/3e4ceb57b36163f530f5479f57478588/screenshot - {}
RESULT: {"using":"xpath","value":"//td[@aria-colindex=\"1\"]/div/div[contains(@class, \"sapMCbBg\")]"}
COMMAND: POST /session/3e4ceb57b36163f530f5479f57478588/element/f.504C58434384A4EE898B1C568961733A.d.69DEDAA7066F67763A1C3D8F812AE0EE.e.15908/click - {}
RESULT: {}
RESULT: {}
COMMAND: GET /session/3e4ceb57b36163f530f5479f57478588/screenshot - {}
RESULT: {}
COMMAND: POST /session/3e4ceb57b36163f530f5479f57478588/element - {"using":"xpath","value":"//bdi[contains(text(), \"Check\")]"}
RESULT: {"using":"xpath","value":"//bdi[contains(text(), \"Check\")]"}
COMMAND: POST /session/3e4ceb57b36163f530f5479f57478588/element/f.504C58434384A4EE898B1C568961733A.d.69DEDAA7066F67763A1C3D8F812AE0EE.e.15916/click - {}
RESULT: {}
COMMAND: GET /session/3e4ceb57b36163f530f5479f57478588/screenshot - {}
RESULT: {}
COMMAND: POST /session/3e4ceb57b36163f530f5479f57478588/element - {"using":"xpath","value":"//bdi[contains(text(), \"OK\")]"}
RESULT: {"using":"xpath","value":"//bdi[contains(text(), \"OK\")]"}
COMMAND: POST /session/3e4ceb57b36163f530f5479f57478588/element/f.504C58434384A4EE898B1C568961733A.d.69DEDAA7066F67763A1C3D8F812AE0EE.e.15919/click - {}
RESULT: {}
COMMAND: GET /session/3e4ceb57b36163f530f5479f57478588/screenshot - {}
RESULT: {}
COMMAND: POST /session/3e4ceb57b36163f530f5479f57478588/element - {"using":"xpath","value":"(//span[contains(text(), \"CO/SD checked\")]/parent::div/preceding-sibling::div/span)[1]"}
RESULT: {"using":"xpath","value":"(//span[contains(text(), \"CO/SD checked\")]/parent::div/preceding-sibling::div/span)[1]"}
COMMAND: POST /session/3e4ceb57b36163f530f5479f57478588/element/f.504C58434384A4EE898B1C568961733A.d.69DEDAA7066F67763A1C3D8F812AE0EE.e.15931/click - {}
RESULT: {}
COMMAND: GET /session/3e4ceb57b36163f530f5479f57478588/screenshot - {}
RESULT: {}
COMMAND: POST /session/3e4ceb57b36163f530f5479f57478588/element - {"using":"xpath","value":"//input[contains(@id ,\"application-billingtransfer-display-component---billingWorkbench--smartFilterBar-btnBasicSearch\")]"}
RESULT: {"using":"xpath","value":"//input[contains(@id ,\"application-billingtransfer-display-component---billingWorkbench--smartFilterBar-btnBasicSearch\")]"}
COMMAND: POST /session/3e4ceb57b36163f530f5479f57478588/elements - {"using":"xpath","value":"//input[contains(@id ,\"application-billingtransfer-display-component---billingWorkbench--smartFilterBar-btnBasicSearch\")]"}
RESULT: {"using":"xpath","value":"//input[contains(@id ,\"application-billingtransfer-display-component---billingWorkbench--smartFilterBar-btnBasicSearch\")]"}
COMMAND: POST /session/3e4ceb57b36163f530f5479f57478588/execute/sync - {"script":"<script> [8489 bytes]","args":[{"element-6066-11e4-a52e-4f735466cecf":"f.504C58434384A4EE898B1C568961733A.d.69DEDAA7066F67763A1C3D8F812AE0EE.e.15822","ELEMENT":"f.504C58434384A4EE898B1C568961733A.d.69DEDAA7066F67763A1C3D8F812AE0EE.e.15822"}]}
RESULT: {"script":"<script> [8489 bytes]","args":[{"element-6066-11e4-a52e-4f735466cecf":"f.504C58434384A4EE898B1C568961733A.d.69DEDAA7066F67763A1C3D8F812AE0EE.e.15822","ELEMENT":"f.504C58434384A4EE898B1C568961733A.d.69DEDAA7066F67763A1C3D8F812AE0EE.e.15822"}]}
COMMAND: GET /session/3e4ceb57b36163f530f5479f57478588/element/f.504C58434384A4EE898B1C568961733A.d.69DEDAA7066F67763A1C3D8F812AE0EE.e.15822/enabled - {}
COMMAND: GET /session/3e4ceb57b36163f530f5479f57478588/screenshot - {}
RESULT: {}
COMMAND: POST /session/3e4ceb57b36163f530f5479f57478588/element/f.504C58434384A4EE898B1C568961733A.d.69DEDAA7066F67763A1C3D8F812AE0EE.e.15822/click - {}
COMMAND: GET /session/3e4ceb57b36163f530f5479f57478588/screenshot - {}
RESULT: {}
RESULT: {}
COMMAND: GET /session/3e4ceb57b36163f530f5479f57478588/screenshot - {}
RESULT: {}
RESULT: {}
COMMAND: POST /session/3e4ceb57b36163f530f5479f57478588/element/f.504C58434384A4EE898B1C568961733A.d.69DEDAA7066F67763A1C3D8F812AE0EE.e.15822/clear - {}
RESULT: {}
COMMAND: POST /session/3e4ceb57b36163f530f5479f57478588/element/f.504C58434384A4EE898B1C568961733A.d.69DEDAA7066F67763A1C3D8F812AE0EE.e.15822/value - {"text":"10184"}
COMMAND: GET /session/3e4ceb57b36163f530f5479f57478588/screenshot - {}
RESULT: {"text":"10184"}
COMMAND: POST /session/3e4ceb57b36163f530f5479f57478588/actions - {"actions":[{"id":"action55","type":"key","parameters":{},"actions":[{"type":"keyDown","value":""},{"type":"pause","duration":10},{"type":"keyUp","value":""}]}]}
COMMAND: GET /session/3e4ceb57b36163f530f5479f57478588/screenshot - {}
RESULT: {}
RESULT: {"actions":[{"id":"action55","type":"key","parameters":{},"actions":[{"type":"keyDown","value":""},{"type":"pause","duration":10},{"type":"keyUp","value":""}]}]}
COMMAND: GET /session/3e4ceb57b36163f530f5479f57478588/screenshot - {}
RESULT: {}
RESULT: {}
COMMAND: POST /session/3e4ceb57b36163f530f5479f57478588/element - {"using":"xpath","value":"//span[contains(@id ,\"application-billingtransfer-display-component---billingWorkbench--smartTableBillingRuns-header-inner\")]"}
RESULT: {"using":"xpath","value":"//span[contains(@id ,\"application-billingtransfer-display-component---billingWorkbench--smartTableBillingRuns-header-inner\")]"}
COMMAND: POST /session/3e4ceb57b36163f530f5479f57478588/elements - {"using":"xpath","value":"//span[contains(@id ,\"application-billingtransfer-display-component---billingWorkbench--smartTableBillingRuns-header-inner\")]"}
RESULT: {"using":"xpath","value":"//span[contains(@id ,\"application-billingtransfer-display-component---billingWorkbench--smartTableBillingRuns-header-inner\")]"}
COMMAND: POST /session/3e4ceb57b36163f530f5479f57478588/execute/sync - {"script":"<script> [56 bytes]","args":[{"element-6066-11e4-a52e-4f735466cecf":"f.504C58434384A4EE898B1C568961733A.d.69DEDAA7066F67763A1C3D8F812AE0EE.e.15915","ELEMENT":"f.504C58434384A4EE898B1C568961733A.d.69DEDAA7066F67763A1C3D8F812AE0EE.e.15915"}]}
RESULT: {"script":"<script> [56 bytes]","args":[{"element-6066-11e4-a52e-4f735466cecf":"f.504C58434384A4EE898B1C568961733A.d.69DEDAA7066F67763A1C3D8F812AE0EE.e.15915","ELEMENT":"f.504C58434384A4EE898B1C568961733A.d.69DEDAA7066F67763A1C3D8F812AE0EE.e.15915"}]}
COMMAND: POST /session/3e4ceb57b36163f530f5479f57478588/element - {"using":"xpath","value":"//td[@aria-colindex=\"1\"]/div/div[contains(@class, \"sapMCbBg\")]"}
COMMAND: GET /session/3e4ceb57b36163f530f5479f57478588/screenshot - {}
RESULT: {"using":"xpath","value":"//td[@aria-colindex=\"1\"]/div/div[contains(@class, \"sapMCbBg\")]"}
COMMAND: POST /session/3e4ceb57b36163f530f5479f57478588/element/f.504C58434384A4EE898B1C568961733A.d.69DEDAA7066F67763A1C3D8F812AE0EE.e.15936/click - {}
RESULT: {}
RESULT: {}
COMMAND: GET /session/3e4ceb57b36163f530f5479f57478588/screenshot - {}
RESULT: {}
COMMAND: POST /session/3e4ceb57b36163f530f5479f57478588/element - {"using":"xpath","value":"//bdi[text()=\"Transfer\"]"}
RESULT: {"using":"xpath","value":"//bdi[text()=\"Transfer\"]"}
COMMAND: POST /session/3e4ceb57b36163f530f5479f57478588/element/f.504C58434384A4EE898B1C568961733A.d.69DEDAA7066F67763A1C3D8F812AE0EE.e.15937/click - {}
RESULT: {}
COMMAND: GET /session/3e4ceb57b36163f530f5479f57478588/screenshot - {}
RESULT: {}
COMMAND: POST /session/3e4ceb57b36163f530f5479f57478588/element - {"using":"xpath","value":"//bdi[contains(text(), \"OK\")]"}
RESULT: {"using":"xpath","value":"//bdi[contains(text(), \"OK\")]"}
COMMAND: POST /session/3e4ceb57b36163f530f5479f57478588/element/f.504C58434384A4EE898B1C568961733A.d.69DEDAA7066F67763A1C3D8F812AE0EE.e.15940/click - {}
RESULT: {}
COMMAND: GET /session/3e4ceb57b36163f530f5479f57478588/screenshot - {}
RESULT: {}
COMMAND: POST /session/3e4ceb57b36163f530f5479f57478588/element - {"using":"xpath","value":"(//span[contains(text(), \"Completed\")]/parent::div/preceding-sibling::div/span)[1]"}
RESULT: {"using":"xpath","value":"(//span[contains(text(), \"Completed\")]/parent::div/preceding-sibling::div/span)[1]"}
COMMAND: POST /session/3e4ceb57b36163f530f5479f57478588/element/f.504C58434384A4EE898B1C568961733A.d.69DEDAA7066F67763A1C3D8F812AE0EE.e.15949/click - {}
RESULT: {}
COMMAND: POST /session/3e4ceb57b36163f530f5479f57478588/element - {"using":"xpath","value":"//input[contains(@id ,\"application-billingtransfer-display-component---billingWorkbench--smartFilterBar-btnBasicSearch\")]"}
COMMAND: GET /session/3e4ceb57b36163f530f5479f57478588/screenshot - {}
RESULT: {"using":"xpath","value":"//input[contains(@id ,\"application-billingtransfer-display-component---billingWorkbench--smartFilterBar-btnBasicSearch\")]"}
COMMAND: POST /session/3e4ceb57b36163f530f5479f57478588/elements - {"using":"xpath","value":"//input[contains(@id ,\"application-billingtransfer-display-component---billingWorkbench--smartFilterBar-btnBasicSearch\")]"}
RESULT: {}
RESULT: {"using":"xpath","value":"//input[contains(@id ,\"application-billingtransfer-display-component---billingWorkbench--smartFilterBar-btnBasicSearch\")]"}
COMMAND: POST /session/3e4ceb57b36163f530f5479f57478588/execute/sync - {"script":"<script> [8489 bytes]","args":[{"element-6066-11e4-a52e-4f735466cecf":"f.504C58434384A4EE898B1C568961733A.d.69DEDAA7066F67763A1C3D8F812AE0EE.e.15822","ELEMENT":"f.504C58434384A4EE898B1C568961733A.d.69DEDAA7066F67763A1C3D8F812AE0EE.e.15822"}]}
RESULT: {"script":"<script> [8489 bytes]","args":[{"element-6066-11e4-a52e-4f735466cecf":"f.504C58434384A4EE898B1C568961733A.d.69DEDAA7066F67763A1C3D8F812AE0EE.e.15822","ELEMENT":"f.504C58434384A4EE898B1C568961733A.d.69DEDAA7066F67763A1C3D8F812AE0EE.e.15822"}]}
COMMAND: GET /session/3e4ceb57b36163f530f5479f57478588/element/f.504C58434384A4EE898B1C568961733A.d.69DEDAA7066F67763A1C3D8F812AE0EE.e.15822/enabled - {}
COMMAND: GET /session/3e4ceb57b36163f530f5479f57478588/screenshot - {}
RESULT: {}
COMMAND: POST /session/3e4ceb57b36163f530f5479f57478588/element/f.504C58434384A4EE898B1C568961733A.d.69DEDAA7066F67763A1C3D8F812AE0EE.e.15822/click - {}
COMMAND: GET /session/3e4ceb57b36163f530f5479f57478588/screenshot - {}
RESULT: {}
RESULT: {}
COMMAND: GET /session/3e4ceb57b36163f530f5479f57478588/screenshot - {}
RESULT: {}
RESULT: {}
COMMAND: POST /session/3e4ceb57b36163f530f5479f57478588/element/f.504C58434384A4EE898B1C568961733A.d.69DEDAA7066F67763A1C3D8F812AE0EE.e.15822/clear - {}
RESULT: {}
COMMAND: POST /session/3e4ceb57b36163f530f5479f57478588/element/f.504C58434384A4EE898B1C568961733A.d.69DEDAA7066F67763A1C3D8F812AE0EE.e.15822/value - {"text":"10184"}
COMMAND: GET /session/3e4ceb57b36163f530f5479f57478588/screenshot - {}
RESULT: {"text":"10184"}
COMMAND: POST /session/3e4ceb57b36163f530f5479f57478588/actions - {"actions":[{"id":"action56","type":"key","parameters":{},"actions":[{"type":"keyDown","value":""},{"type":"pause","duration":10},{"type":"keyUp","value":""}]}]}
COMMAND: GET /session/3e4ceb57b36163f530f5479f57478588/screenshot - {}
RESULT: {}
RESULT: {"actions":[{"id":"action56","type":"key","parameters":{},"actions":[{"type":"keyDown","value":""},{"type":"pause","duration":10},{"type":"keyUp","value":""}]}]}
COMMAND: GET /session/3e4ceb57b36163f530f5479f57478588/screenshot - {}
RESULT: {}
RESULT: {}
COMMAND: POST /session/3e4ceb57b36163f530f5479f57478588/element - {"using":"xpath","value":"//span[contains(@id ,\"application-billingtransfer-display-component---billingWorkbench--smartTableBillingRuns-header-inner\")]"}
RESULT: {"using":"xpath","value":"//span[contains(@id ,\"application-billingtransfer-display-component---billingWorkbench--smartTableBillingRuns-header-inner\")]"}
COMMAND: POST /session/3e4ceb57b36163f530f5479f57478588/elements - {"using":"xpath","value":"//span[contains(@id ,\"application-billingtransfer-display-component---billingWorkbench--smartTableBillingRuns-header-inner\")]"}
RESULT: {"using":"xpath","value":"//span[contains(@id ,\"application-billingtransfer-display-component---billingWorkbench--smartTableBillingRuns-header-inner\")]"}
COMMAND: POST /session/3e4ceb57b36163f530f5479f57478588/execute/sync - {"script":"<script> [56 bytes]","args":[{"element-6066-11e4-a52e-4f735466cecf":"f.504C58434384A4EE898B1C568961733A.d.69DEDAA7066F67763A1C3D8F812AE0EE.e.15915","ELEMENT":"f.504C58434384A4EE898B1C568961733A.d.69DEDAA7066F67763A1C3D8F812AE0EE.e.15915"}]}
RESULT: {"script":"<script> [56 bytes]","args":[{"element-6066-11e4-a52e-4f735466cecf":"f.504C58434384A4EE898B1C568961733A.d.69DEDAA7066F67763A1C3D8F812AE0EE.e.15915","ELEMENT":"f.504C58434384A4EE898B1C568961733A.d.69DEDAA7066F67763A1C3D8F812AE0EE.e.15915"}]}
COMMAND: GET /session/3e4ceb57b36163f530f5479f57478588/screenshot - {}
RESULT: {}
COMMAND: POST /session/3e4ceb57b36163f530f5479f57478588/execute/sync - {"script":"<script> [56 bytes]","args":[{"element-6066-11e4-a52e-4f735466cecf":"f.504C58434384A4EE898B1C568961733A.d.69DEDAA7066F67763A1C3D8F812AE0EE.e.15915","ELEMENT":"f.504C58434384A4EE898B1C568961733A.d.69DEDAA7066F67763A1C3D8F812AE0EE.e.15915"}]}
RESULT: {"script":"<script> [56 bytes]","args":[{"element-6066-11e4-a52e-4f735466cecf":"f.504C58434384A4EE898B1C568961733A.d.69DEDAA7066F67763A1C3D8F812AE0EE.e.15915","ELEMENT":"f.504C58434384A4EE898B1C568961733A.d.69DEDAA7066F67763A1C3D8F812AE0EE.e.15915"}]}
COMMAND: GET /session/3e4ceb57b36163f530f5479f57478588/screenshot - {}
RESULT: {}
COMMAND: POST /session/3e4ceb57b36163f530f5479f57478588/execute/sync - {"script":"<script> [56 bytes]","args":[{"element-6066-11e4-a52e-4f735466cecf":"f.504C58434384A4EE898B1C568961733A.d.69DEDAA7066F67763A1C3D8F812AE0EE.e.15915","ELEMENT":"f.504C58434384A4EE898B1C568961733A.d.69DEDAA7066F67763A1C3D8F812AE0EE.e.15915"}]}
RESULT: {"script":"<script> [56 bytes]","args":[{"element-6066-11e4-a52e-4f735466cecf":"f.504C58434384A4EE898B1C568961733A.d.69DEDAA7066F67763A1C3D8F812AE0EE.e.15915","ELEMENT":"f.504C58434384A4EE898B1C568961733A.d.69DEDAA7066F67763A1C3D8F812AE0EE.e.15915"}]}
COMMAND: GET /session/3e4ceb57b36163f530f5479f57478588/screenshot - {}
RESULT: {}
COMMAND: POST /session/3e4ceb57b36163f530f5479f57478588/execute/sync - {"script":"<script> [56 bytes]","args":[{"element-6066-11e4-a52e-4f735466cecf":"f.504C58434384A4EE898B1C568961733A.d.69DEDAA7066F67763A1C3D8F812AE0EE.e.15915","ELEMENT":"f.504C58434384A4EE898B1C568961733A.d.69DEDAA7066F67763A1C3D8F812AE0EE.e.15915"}]}
RESULT: {"script":"<script> [56 bytes]","args":[{"element-6066-11e4-a52e-4f735466cecf":"f.504C58434384A4EE898B1C568961733A.d.69DEDAA7066F67763A1C3D8F812AE0EE.e.15915","ELEMENT":"f.504C58434384A4EE898B1C568961733A.d.69DEDAA7066F67763A1C3D8F812AE0EE.e.15915"}]}
COMMAND: GET /session/3e4ceb57b36163f530f5479f57478588/screenshot - {}
RESULT: {}
COMMAND: POST /session/3e4ceb57b36163f530f5479f57478588/execute/sync - {"script":"<script> [56 bytes]","args":[{"element-6066-11e4-a52e-4f735466cecf":"f.504C58434384A4EE898B1C568961733A.d.69DEDAA7066F67763A1C3D8F812AE0EE.e.15915","ELEMENT":"f.504C58434384A4EE898B1C568961733A.d.69DEDAA7066F67763A1C3D8F812AE0EE.e.15915"}]}
RESULT: {"script":"<script> [56 bytes]","args":[{"element-6066-11e4-a52e-4f735466cecf":"f.504C58434384A4EE898B1C568961733A.d.69DEDAA7066F67763A1C3D8F812AE0EE.e.15915","ELEMENT":"f.504C58434384A4EE898B1C568961733A.d.69DEDAA7066F67763A1C3D8F812AE0EE.e.15915"}]}
COMMAND: GET /session/3e4ceb57b36163f530f5479f57478588/screenshot - {}
RESULT: {}
COMMAND: POST /session/3e4ceb57b36163f530f5479f57478588/execute/sync - {"script":"<script> [56 bytes]","args":[{"element-6066-11e4-a52e-4f735466cecf":"f.504C58434384A4EE898B1C568961733A.d.69DEDAA7066F67763A1C3D8F812AE0EE.e.15915","ELEMENT":"f.504C58434384A4EE898B1C568961733A.d.69DEDAA7066F67763A1C3D8F812AE0EE.e.15915"}]}
RESULT: {"script":"<script> [56 bytes]","args":[{"element-6066-11e4-a52e-4f735466cecf":"f.504C58434384A4EE898B1C568961733A.d.69DEDAA7066F67763A1C3D8F812AE0EE.e.15915","ELEMENT":"f.504C58434384A4EE898B1C568961733A.d.69DEDAA7066F67763A1C3D8F812AE0EE.e.15915"}]}
COMMAND: POST /session/3e4ceb57b36163f530f5479f57478588/element - {"using":"css selector","value":"#shell-header-logo"}
COMMAND: GET /session/3e4ceb57b36163f530f5479f57478588/screenshot - {}
RESULT: {"using":"css selector","value":"#shell-header-logo"}
COMMAND: POST /session/3e4ceb57b36163f530f5479f57478588/element/f.504C58434384A4EE898B1C568961733A.d.69DEDAA7066F67763A1C3D8F812AE0EE.e.15820/click - {}
RESULT: {}
RESULT: {}
COMMAND: GET /session/3e4ceb57b36163f530f5479f57478588/screenshot - {}
RESULT: {}
COMMAND: POST /session/3e4ceb57b36163f530f5479f57478588/element - {"using":"css selector","value":"#j_username"}
COMMAND: POST /session/3e4ceb57b36163f530f5479f57478588/url - {"url":"https://qa-testing-00-live-etm-ui.cfapps.eu10-004.hana.ondemand.com/"}
RESULT: {"using":"css selector","value":"#j_username"}
COMMAND: POST /session/3e4ceb57b36163f530f5479f57478588/element - {"using":"css selector","value":"#j_username"}
RESULT: {"url":"https://qa-testing-00-live-etm-ui.cfapps.eu10-004.hana.ondemand.com/"}
RESULT: undefined
COMMAND: GET /session/3e4ceb57b36163f530f5479f57478588/screenshot - {}
RESULT: {"using":"css selector","value":"#j_username"}
COMMAND: POST /session/3e4ceb57b36163f530f5479f57478588/element - {"using":"css selector","value":"#shell-header-logo"}
RESULT: {}
RESULT: {"using":"css selector","value":"#shell-header-logo"}
COMMAND: POST /session/3e4ceb57b36163f530f5479f57478588/execute/sync - {"script":"<script> [8489 bytes]","args":[{"element-6066-11e4-a52e-4f735466cecf":"f.504C58434384A4EE898B1C568961733A.d.AE95D5D3F2B9097E99477A7D069BF41B.e.15980","ELEMENT":"f.504C58434384A4EE898B1C568961733A.d.AE95D5D3F2B9097E99477A7D069BF41B.e.15980"}]}
RESULT: {"script":"<script> [8489 bytes]","args":[{"element-6066-11e4-a52e-4f735466cecf":"f.504C58434384A4EE898B1C568961733A.d.AE95D5D3F2B9097E99477A7D069BF41B.e.15980","ELEMENT":"f.504C58434384A4EE898B1C568961733A.d.AE95D5D3F2B9097E99477A7D069BF41B.e.15980"}]}
COMMAND: POST /session/3e4ceb57b36163f530f5479f57478588/element - {"using":"css selector","value":"#shell-header-logo"}
COMMAND: GET /session/3e4ceb57b36163f530f5479f57478588/screenshot - {}
RESULT: {"using":"css selector","value":"#shell-header-logo"}
COMMAND: POST /session/3e4ceb57b36163f530f5479f57478588/execute/sync - {"script":"<script> [8489 bytes]","args":[{"element-6066-11e4-a52e-4f735466cecf":"f.504C58434384A4EE898B1C568961733A.d.AE95D5D3F2B9097E99477A7D069BF41B.e.15980","ELEMENT":"f.504C58434384A4EE898B1C568961733A.d.AE95D5D3F2B9097E99477A7D069BF41B.e.15980"}]}
RESULT: {}
RESULT: {"script":"<script> [8489 bytes]","args":[{"element-6066-11e4-a52e-4f735466cecf":"f.504C58434384A4EE898B1C568961733A.d.AE95D5D3F2B9097E99477A7D069BF41B.e.15980","ELEMENT":"f.504C58434384A4EE898B1C568961733A.d.AE95D5D3F2B9097E99477A7D069BF41B.e.15980"}]}
COMMAND: POST /session/3e4ceb57b36163f530f5479f57478588/execute/sync - {"script":"<script> [5351 bytes]","args":[{"element-6066-11e4-a52e-4f735466cecf":"f.504C58434384A4EE898B1C568961733A.d.AE95D5D3F2B9097E99477A7D069BF41B.e.15980","ELEMENT":"f.504C58434384A4EE898B1C568961733A.d.AE95D5D3F2B9097E99477A7D069BF41B.e.15980"}]}
COMMAND: GET /session/3e4ceb57b36163f530f5479f57478588/screenshot - {}
RESULT: {"script":"<script> [5351 bytes]","args":[{"element-6066-11e4-a52e-4f735466cecf":"f.504C58434384A4EE898B1C568961733A.d.AE95D5D3F2B9097E99477A7D069BF41B.e.15980","ELEMENT":"f.504C58434384A4EE898B1C568961733A.d.AE95D5D3F2B9097E99477A7D069BF41B.e.15980"}]}
COMMAND: POST /session/3e4ceb57b36163f530f5479f57478588/element - {"using":"css selector","value":"#shell-header-logo"}
COMMAND: GET /session/3e4ceb57b36163f530f5479f57478588/screenshot - {}
RESULT: {}
RESULT: {"using":"css selector","value":"#shell-header-logo"}
COMMAND: POST /session/3e4ceb57b36163f530f5479f57478588/element/f.504C58434384A4EE898B1C568961733A.d.AE95D5D3F2B9097E99477A7D069BF41B.e.15980/click - {}
RESULT: {}
RESULT: {}
COMMAND: GET /session/3e4ceb57b36163f530f5479f57478588/screenshot - {}
RESULT: {}
COMMAND: POST /session/3e4ceb57b36163f530f5479f57478588/execute/async - {"script":"<script> [189 bytes]","args":[]}
RESULT: {"script":"<script> [189 bytes]","args":[]}
COMMAND: POST /session/3e4ceb57b36163f530f5479f57478588/execute/async - {"script":"<script> [123 bytes]","args":[]}
RESULT: {"script":"<script> [123 bytes]","args":[]}
COMMAND: POST /session/3e4ceb57b36163f530f5479f57478588/timeouts - {"script":"<number>"}
RESULT: {"script":"<number>"}
COMMAND: GET /session/3e4ceb57b36163f530f5479f57478588/timeouts - {}
RESULT: {}
RESULT: undefined
COMMAND: POST /session/3e4ceb57b36163f530f5479f57478588/execute/async - {"script":"<script> [2676 bytes]","args":[]}
RESULT: {"script":"<script> [2676 bytes]","args":[]}
COMMAND: POST /session/3e4ceb57b36163f530f5479f57478588/execute/async - {"script":"<script> [2342 bytes]","args":[{"protocol":"http","hostname":"0.0.0.0","path":"/","capabilities":{"browserName":"chrome","goog:chromeOptions":{"binary":"C:\\Program Files\\Google\\Chrome\\Application\\chrome.exe"}},"logLevel":"warn","connectionRetryTimeout":120000,"connectionRetryCount":3,"logLevels":{},"enableDirectConnect":true,"strictSSL":true,"_":"65 more keys: [\"cacheDir\",\"port\",\"requestedCapabilities\",\"automationProtocol\",\"baseUrl\",\"waitforInterval\",\"waitforTimeout\",\"onReload\",\"beforeCommand\",\"afterCommand\",\"rootDir\",\"specs\",\"suites\",\"exclude\",\"groupLogsByTestSpec\",\"excludeDriverLogs\",\"bail\",\"framework\",\"reporters\",\"services\",\"maxInstances\",\"maxInstancesPerCapability\",\"injectGlobals\",\"filesToWatch\",\"execArgv\",\"runnerEnv\",\"runner\",\"shard\",\"specFileRetries\",\"specFileRetriesDelay\",\"specFileRetriesDeferred\",\"reporterSyncInterval\",\"reporterSyncTimeout\",\"cucumberFeaturesWithLineNumbers\",\"autoCompileOpts\",\"mochaOpts\",\"jasmineOpts\",\"cucumberOpts\",\"onPrepare\",\"onWorkerStart\",\"onWorkerEnd\",\"before\",\"beforeSession\",\"beforeSuite\",\"beforeHook\",\"beforeTest\",\"afterTest\",\"afterHook\",\"afterSuite\",\"afterSession\",\"after\",\"onComplete\",\"beforeAssertion\",\"afterAssertion\",\"beforeFeature\",\"beforeScenario\",\"beforeStep\",\"afterStep\",\"afterScenario\",\"afterFeature\",\"_\",\"suite\",\"$0\",\"ignoredWorkerServices\",\"wdi5\"]"}]}
RESULT: {"script":"<script> [2342 bytes]","args":[{"protocol":"http","hostname":"0.0.0.0","path":"/","capabilities":{"browserName":"chrome","goog:chromeOptions":{"binary":"C:\\Program Files\\Google\\Chrome\\Application\\chrome.exe"}},"logLevel":"warn","connectionRetryTimeout":120000,"connectionRetryCount":3,"logLevels":{},"enableDirectConnect":true,"strictSSL":true,"_":"65 more keys: [\"cacheDir\",\"port\",\"requestedCapabilities\",\"automationProtocol\",\"baseUrl\",\"waitforInterval\",\"waitforTimeout\",\"onReload\",\"beforeCommand\",\"afterCommand\",\"rootDir\",\"specs\",\"suites\",\"exclude\",\"groupLogsByTestSpec\",\"excludeDriverLogs\",\"bail\",\"framework\",\"reporters\",\"services\",\"maxInstances\",\"maxInstancesPerCapability\",\"injectGlobals\",\"filesToWatch\",\"execArgv\",\"runnerEnv\",\"runner\",\"shard\",\"specFileRetries\",\"specFileRetriesDelay\",\"specFileRetriesDeferred\",\"reporterSyncInterval\",\"reporterSyncTimeout\",\"cucumberFeaturesWithLineNumbers\",\"autoCompileOpts\",\"mochaOpts\",\"jasmineOpts\",\"cucumberOpts\",\"onPrepare\",\"onWorkerStart\",\"onWorkerEnd\",\"before\",\"beforeSession\",\"beforeSuite\",\"beforeHook\",\"beforeTest\",\"afterTest\",\"afterHook\",\"afterSuite\",\"afterSession\",\"after\",\"onComplete\",\"beforeAssertion\",\"afterAssertion\",\"beforeFeature\",\"beforeScenario\",\"beforeStep\",\"afterStep\",\"afterScenario\",\"afterFeature\",\"_\",\"suite\",\"$0\",\"ignoredWorkerServices\",\"wdi5\"]"}]}
COMMAND: POST /session/3e4ceb57b36163f530f5479f57478588/execute/async - {"script":"<script> [21126 bytes]","args":[35000]}
RESULT: {"script":"<script> [21126 bytes]","args":[35000]}
COMMAND: POST /session/3e4ceb57b36163f530f5479f57478588/window/maximize - {}
RESULT: {}
COMMAND: POST /session/3e4ceb57b36163f530f5479f57478588/execute/async - {"script":"<script> [1562 bytes]","args":[{"selector":{"id":"shell-header","interaction":{"idSuffix":"icon"}},"wdio_ui5_key":"shellheader"}]}
COMMAND: GET /session/3e4ceb57b36163f530f5479f57478588/screenshot - {}
RESULT: {"script":"<script> [1562 bytes]","args":[{"selector":{"id":"shell-header","interaction":{"idSuffix":"icon"}},"wdio_ui5_key":"shellheader"}]}
RESULT: undefined
COMMAND: POST /session/3e4ceb57b36163f530f5479f57478588/refresh - {}
RESULT: {}
RESULT: {}
COMMAND: GET /session/3e4ceb57b36163f530f5479f57478588/screenshot - {}
RESULT: {}
COMMAND: POST /session/3e4ceb57b36163f530f5479f57478588/execute/async - {"script":"<script> [189 bytes]","args":[]}
RESULT: {"script":"<script> [189 bytes]","args":[]}
COMMAND: POST /session/3e4ceb57b36163f530f5479f57478588/execute/async - {"script":"<script> [123 bytes]","args":[]}
RESULT: {"script":"<script> [123 bytes]","args":[]}
COMMAND: POST /session/3e4ceb57b36163f530f5479f57478588/timeouts - {"script":"<number>"}
RESULT: {"script":"<number>"}
COMMAND: GET /session/3e4ceb57b36163f530f5479f57478588/timeouts - {}
RESULT: {}
RESULT: undefined
COMMAND: POST /session/3e4ceb57b36163f530f5479f57478588/execute/async - {"script":"<script> [2676 bytes]","args":[]}
RESULT: {"script":"<script> [2676 bytes]","args":[]}
COMMAND: POST /session/3e4ceb57b36163f530f5479f57478588/execute/async - {"script":"<script> [2342 bytes]","args":[{"protocol":"http","hostname":"0.0.0.0","path":"/","capabilities":{"browserName":"chrome","goog:chromeOptions":{"binary":"C:\\Program Files\\Google\\Chrome\\Application\\chrome.exe"}},"logLevel":"warn","connectionRetryTimeout":120000,"connectionRetryCount":3,"logLevels":{},"enableDirectConnect":true,"strictSSL":true,"_":"65 more keys: [\"cacheDir\",\"port\",\"requestedCapabilities\",\"automationProtocol\",\"baseUrl\",\"waitforInterval\",\"waitforTimeout\",\"onReload\",\"beforeCommand\",\"afterCommand\",\"rootDir\",\"specs\",\"suites\",\"exclude\",\"groupLogsByTestSpec\",\"excludeDriverLogs\",\"bail\",\"framework\",\"reporters\",\"services\",\"maxInstances\",\"maxInstancesPerCapability\",\"injectGlobals\",\"filesToWatch\",\"execArgv\",\"runnerEnv\",\"runner\",\"shard\",\"specFileRetries\",\"specFileRetriesDelay\",\"specFileRetriesDeferred\",\"reporterSyncInterval\",\"reporterSyncTimeout\",\"cucumberFeaturesWithLineNumbers\",\"autoCompileOpts\",\"mochaOpts\",\"jasmineOpts\",\"cucumberOpts\",\"onPrepare\",\"onWorkerStart\",\"onWorkerEnd\",\"before\",\"beforeSession\",\"beforeSuite\",\"beforeHook\",\"beforeTest\",\"afterTest\",\"afterHook\",\"afterSuite\",\"afterSession\",\"after\",\"onComplete\",\"beforeAssertion\",\"afterAssertion\",\"beforeFeature\",\"beforeScenario\",\"beforeStep\",\"afterStep\",\"afterScenario\",\"afterFeature\",\"_\",\"suite\",\"$0\",\"ignoredWorkerServices\",\"wdi5\"]"}]}
RESULT: {"script":"<script> [2342 bytes]","args":[{"protocol":"http","hostname":"0.0.0.0","path":"/","capabilities":{"browserName":"chrome","goog:chromeOptions":{"binary":"C:\\Program Files\\Google\\Chrome\\Application\\chrome.exe"}},"logLevel":"warn","connectionRetryTimeout":120000,"connectionRetryCount":3,"logLevels":{},"enableDirectConnect":true,"strictSSL":true,"_":"65 more keys: [\"cacheDir\",\"port\",\"requestedCapabilities\",\"automationProtocol\",\"baseUrl\",\"waitforInterval\",\"waitforTimeout\",\"onReload\",\"beforeCommand\",\"afterCommand\",\"rootDir\",\"specs\",\"suites\",\"exclude\",\"groupLogsByTestSpec\",\"excludeDriverLogs\",\"bail\",\"framework\",\"reporters\",\"services\",\"maxInstances\",\"maxInstancesPerCapability\",\"injectGlobals\",\"filesToWatch\",\"execArgv\",\"runnerEnv\",\"runner\",\"shard\",\"specFileRetries\",\"specFileRetriesDelay\",\"specFileRetriesDeferred\",\"reporterSyncInterval\",\"reporterSyncTimeout\",\"cucumberFeaturesWithLineNumbers\",\"autoCompileOpts\",\"mochaOpts\",\"jasmineOpts\",\"cucumberOpts\",\"onPrepare\",\"onWorkerStart\",\"onWorkerEnd\",\"before\",\"beforeSession\",\"beforeSuite\",\"beforeHook\",\"beforeTest\",\"afterTest\",\"afterHook\",\"afterSuite\",\"afterSession\",\"after\",\"onComplete\",\"beforeAssertion\",\"afterAssertion\",\"beforeFeature\",\"beforeScenario\",\"beforeStep\",\"afterStep\",\"afterScenario\",\"afterFeature\",\"_\",\"suite\",\"$0\",\"ignoredWorkerServices\",\"wdi5\"]"}]}
COMMAND: POST /session/3e4ceb57b36163f530f5479f57478588/execute/async - {"script":"<script> [21126 bytes]","args":[35000]}
RESULT: {"script":"<script> [21126 bytes]","args":[35000]}
]]></system-out>
    </testcase>
  </testsuite>
  <testsuite timestamp="2025-04-13T17:57:56" time="590.615" tests="12" failures="0" errors="0" skipped="0">
    <properties>
      <property name="specId" value="0"/>
      <property name="suiteName" value="Create Reverse Billing US127248"/>
      <property name="capabilities" value="chrome.135_0_7049_42.windows"/>
      <property name="file" value="file:///D:/a/1/s/test/specs/BTS/reverse-billing.spec.js"/>
    </properties>
    <testcase classname="chrome.135_0_7049_42.windows.Create_Reverse_Billing_US127248" name="Should create a new yard" time="0.308">
      <system-out><![CDATA[
COMMAND: POST /session/3e4ceb57b36163f530f5479f57478588/window/fullscreen - {}
RESULT: {}
]]></system-out>
    </testcase>
    <testcase classname="chrome.135_0_7049_42.windows.Create_Reverse_Billing_US127248" name="Should create a new partner" time="0.004"/>
    <testcase classname="chrome.135_0_7049_42.windows.Create_Reverse_Billing_US127248" name="Should create a new site" time="0.003"/>
    <testcase classname="chrome.135_0_7049_42.windows.Create_Reverse_Billing_US127248" name="Should create a resource" time="139.523">
      <system-out><![CDATA[
COMMAND: POST /session/3e4ceb57b36163f530f5479f57478588/execute/async - {"script":"<script> [1562 bytes]","args":[{"selector":{"controlType":"sap.m.GenericTile","properties":{"header":"Manage Resources"}},"wdio_ui5_key":"sapm.GenericTile{\"header\":\"Manage Resources\"}"}]}
RESULT: {"script":"<script> [1562 bytes]","args":[{"selector":{"controlType":"sap.m.GenericTile","properties":{"header":"Manage Resources"}},"wdio_ui5_key":"sapm.GenericTile{\"header\":\"Manage Resources\"}"}]}
RESULT: undefined
COMMAND: POST /session/3e4ceb57b36163f530f5479f57478588/element - {"using":"xpath","value":"//*[@id=\"__tile39\"]"}
RESULT: {"using":"xpath","value":"//*[@id=\"__tile39\"]"}
COMMAND: POST /session/3e4ceb57b36163f530f5479f57478588/element/f.504C58434384A4EE898B1C568961733A.d.632A8F8A91AD30DA9337D0E8AD211C9A.e.16007/click - {}
RESULT: {}
COMMAND: POST /session/3e4ceb57b36163f530f5479f57478588/element - {"using":"xpath","value":"//button[@data-kt=\"addNewRUOverflowToolbarButton\"]"}
COMMAND: GET /session/3e4ceb57b36163f530f5479f57478588/screenshot - {}
RESULT: {"using":"xpath","value":"//button[@data-kt=\"addNewRUOverflowToolbarButton\"]"}
COMMAND: POST /session/3e4ceb57b36163f530f5479f57478588/elements - {"using":"xpath","value":"//button[@data-kt=\"addNewRUOverflowToolbarButton\"]"}
RESULT: {}
RESULT: {"using":"xpath","value":"//button[@data-kt=\"addNewRUOverflowToolbarButton\"]"}
COMMAND: POST /session/3e4ceb57b36163f530f5479f57478588/elements - {"using":"xpath","value":"//button[@data-kt=\"addNewRUOverflowToolbarButton\"]"}
RESULT: {"using":"xpath","value":"//button[@data-kt=\"addNewRUOverflowToolbarButton\"]"}
RESULT: undefined
COMMAND: POST /session/3e4ceb57b36163f530f5479f57478588/elements - {"using":"xpath","value":"//button[@data-kt=\"addNewRUOverflowToolbarButton\"]"}
RESULT: {"using":"xpath","value":"//button[@data-kt=\"addNewRUOverflowToolbarButton\"]"}
COMMAND: POST /session/3e4ceb57b36163f530f5479f57478588/elements - {"using":"xpath","value":"//button[@data-kt=\"addNewRUOverflowToolbarButton\"]"}
RESULT: {"using":"xpath","value":"//button[@data-kt=\"addNewRUOverflowToolbarButton\"]"}
COMMAND: POST /session/3e4ceb57b36163f530f5479f57478588/elements - {"using":"xpath","value":"//button[@data-kt=\"addNewRUOverflowToolbarButton\"]"}
RESULT: {"using":"xpath","value":"//button[@data-kt=\"addNewRUOverflowToolbarButton\"]"}
COMMAND: POST /session/3e4ceb57b36163f530f5479f57478588/elements - {"using":"xpath","value":"//button[@data-kt=\"addNewRUOverflowToolbarButton\"]"}
RESULT: {"using":"xpath","value":"//button[@data-kt=\"addNewRUOverflowToolbarButton\"]"}
COMMAND: POST /session/3e4ceb57b36163f530f5479f57478588/elements - {"using":"xpath","value":"//button[@data-kt=\"addNewRUOverflowToolbarButton\"]"}
RESULT: {"using":"xpath","value":"//button[@data-kt=\"addNewRUOverflowToolbarButton\"]"}
COMMAND: POST /session/3e4ceb57b36163f530f5479f57478588/elements - {"using":"xpath","value":"//button[@data-kt=\"addNewRUOverflowToolbarButton\"]"}
RESULT: {"using":"xpath","value":"//button[@data-kt=\"addNewRUOverflowToolbarButton\"]"}
COMMAND: POST /session/3e4ceb57b36163f530f5479f57478588/elements - {"using":"xpath","value":"//button[@data-kt=\"addNewRUOverflowToolbarButton\"]"}
RESULT: {"using":"xpath","value":"//button[@data-kt=\"addNewRUOverflowToolbarButton\"]"}
COMMAND: POST /session/3e4ceb57b36163f530f5479f57478588/elements - {"using":"xpath","value":"//button[@data-kt=\"addNewRUOverflowToolbarButton\"]"}
RESULT: {"using":"xpath","value":"//button[@data-kt=\"addNewRUOverflowToolbarButton\"]"}
COMMAND: POST /session/3e4ceb57b36163f530f5479f57478588/elements - {"using":"xpath","value":"//button[@data-kt=\"addNewRUOverflowToolbarButton\"]"}
RESULT: {"using":"xpath","value":"//button[@data-kt=\"addNewRUOverflowToolbarButton\"]"}
COMMAND: POST /session/3e4ceb57b36163f530f5479f57478588/elements - {"using":"xpath","value":"//button[@data-kt=\"addNewRUOverflowToolbarButton\"]"}
RESULT: {"using":"xpath","value":"//button[@data-kt=\"addNewRUOverflowToolbarButton\"]"}
COMMAND: POST /session/3e4ceb57b36163f530f5479f57478588/elements - {"using":"xpath","value":"//button[@data-kt=\"addNewRUOverflowToolbarButton\"]"}
RESULT: {"using":"xpath","value":"//button[@data-kt=\"addNewRUOverflowToolbarButton\"]"}
COMMAND: POST /session/3e4ceb57b36163f530f5479f57478588/elements - {"using":"xpath","value":"//button[@data-kt=\"addNewRUOverflowToolbarButton\"]"}
RESULT: {"using":"xpath","value":"//button[@data-kt=\"addNewRUOverflowToolbarButton\"]"}
COMMAND: POST /session/3e4ceb57b36163f530f5479f57478588/elements - {"using":"xpath","value":"//button[@data-kt=\"addNewRUOverflowToolbarButton\"]"}
RESULT: {"using":"xpath","value":"//button[@data-kt=\"addNewRUOverflowToolbarButton\"]"}
COMMAND: POST /session/3e4ceb57b36163f530f5479f57478588/elements - {"using":"xpath","value":"//button[@data-kt=\"addNewRUOverflowToolbarButton\"]"}
RESULT: {"using":"xpath","value":"//button[@data-kt=\"addNewRUOverflowToolbarButton\"]"}
COMMAND: POST /session/3e4ceb57b36163f530f5479f57478588/elements - {"using":"xpath","value":"//button[@data-kt=\"addNewRUOverflowToolbarButton\"]"}
RESULT: {"using":"xpath","value":"//button[@data-kt=\"addNewRUOverflowToolbarButton\"]"}
COMMAND: POST /session/3e4ceb57b36163f530f5479f57478588/elements - {"using":"xpath","value":"//button[@data-kt=\"addNewRUOverflowToolbarButton\"]"}
RESULT: {"using":"xpath","value":"//button[@data-kt=\"addNewRUOverflowToolbarButton\"]"}
COMMAND: POST /session/3e4ceb57b36163f530f5479f57478588/elements - {"using":"xpath","value":"//button[@data-kt=\"addNewRUOverflowToolbarButton\"]"}
RESULT: {"using":"xpath","value":"//button[@data-kt=\"addNewRUOverflowToolbarButton\"]"}
COMMAND: POST /session/3e4ceb57b36163f530f5479f57478588/elements - {"using":"xpath","value":"//button[@data-kt=\"addNewRUOverflowToolbarButton\"]"}
RESULT: {"using":"xpath","value":"//button[@data-kt=\"addNewRUOverflowToolbarButton\"]"}
COMMAND: POST /session/3e4ceb57b36163f530f5479f57478588/elements - {"using":"xpath","value":"//button[@data-kt=\"addNewRUOverflowToolbarButton\"]"}
RESULT: {"using":"xpath","value":"//button[@data-kt=\"addNewRUOverflowToolbarButton\"]"}
COMMAND: POST /session/3e4ceb57b36163f530f5479f57478588/elements - {"using":"xpath","value":"//button[@data-kt=\"addNewRUOverflowToolbarButton\"]"}
RESULT: {"using":"xpath","value":"//button[@data-kt=\"addNewRUOverflowToolbarButton\"]"}
COMMAND: POST /session/3e4ceb57b36163f530f5479f57478588/elements - {"using":"xpath","value":"//button[@data-kt=\"addNewRUOverflowToolbarButton\"]"}
RESULT: {"using":"xpath","value":"//button[@data-kt=\"addNewRUOverflowToolbarButton\"]"}
COMMAND: POST /session/3e4ceb57b36163f530f5479f57478588/elements - {"using":"xpath","value":"//button[@data-kt=\"addNewRUOverflowToolbarButton\"]"}
RESULT: {"using":"xpath","value":"//button[@data-kt=\"addNewRUOverflowToolbarButton\"]"}
COMMAND: POST /session/3e4ceb57b36163f530f5479f57478588/elements - {"using":"xpath","value":"//button[@data-kt=\"addNewRUOverflowToolbarButton\"]"}
RESULT: {"using":"xpath","value":"//button[@data-kt=\"addNewRUOverflowToolbarButton\"]"}
COMMAND: POST /session/3e4ceb57b36163f530f5479f57478588/elements - {"using":"xpath","value":"//button[@data-kt=\"addNewRUOverflowToolbarButton\"]"}
RESULT: {"using":"xpath","value":"//button[@data-kt=\"addNewRUOverflowToolbarButton\"]"}
COMMAND: POST /session/3e4ceb57b36163f530f5479f57478588/elements - {"using":"xpath","value":"//button[@data-kt=\"addNewRUOverflowToolbarButton\"]"}
RESULT: {"using":"xpath","value":"//button[@data-kt=\"addNewRUOverflowToolbarButton\"]"}
COMMAND: POST /session/3e4ceb57b36163f530f5479f57478588/elements - {"using":"xpath","value":"//button[@data-kt=\"addNewRUOverflowToolbarButton\"]"}
RESULT: {"using":"xpath","value":"//button[@data-kt=\"addNewRUOverflowToolbarButton\"]"}
COMMAND: POST /session/3e4ceb57b36163f530f5479f57478588/elements - {"using":"xpath","value":"//button[@data-kt=\"addNewRUOverflowToolbarButton\"]"}
RESULT: {"using":"xpath","value":"//button[@data-kt=\"addNewRUOverflowToolbarButton\"]"}
COMMAND: POST /session/3e4ceb57b36163f530f5479f57478588/elements - {"using":"xpath","value":"//button[@data-kt=\"addNewRUOverflowToolbarButton\"]"}
RESULT: {"using":"xpath","value":"//button[@data-kt=\"addNewRUOverflowToolbarButton\"]"}
COMMAND: POST /session/3e4ceb57b36163f530f5479f57478588/elements - {"using":"xpath","value":"//button[@data-kt=\"addNewRUOverflowToolbarButton\"]"}
RESULT: {"using":"xpath","value":"//button[@data-kt=\"addNewRUOverflowToolbarButton\"]"}
COMMAND: POST /session/3e4ceb57b36163f530f5479f57478588/elements - {"using":"xpath","value":"//button[@data-kt=\"addNewRUOverflowToolbarButton\"]"}
RESULT: {"using":"xpath","value":"//button[@data-kt=\"addNewRUOverflowToolbarButton\"]"}
COMMAND: POST /session/3e4ceb57b36163f530f5479f57478588/elements - {"using":"xpath","value":"//button[@data-kt=\"addNewRUOverflowToolbarButton\"]"}
RESULT: {"using":"xpath","value":"//button[@data-kt=\"addNewRUOverflowToolbarButton\"]"}
COMMAND: POST /session/3e4ceb57b36163f530f5479f57478588/element - {"using":"xpath","value":"//button[@data-kt=\"addNewRUOverflowToolbarButton\"]"}
RESULT: {"using":"xpath","value":"//button[@data-kt=\"addNewRUOverflowToolbarButton\"]"}
COMMAND: POST /session/3e4ceb57b36163f530f5479f57478588/execute/sync - {"script":"<script> [8489 bytes]","args":[{"element-6066-11e4-a52e-4f735466cecf":"f.504C58434384A4EE898B1C568961733A.d.632A8F8A91AD30DA9337D0E8AD211C9A.e.16153","ELEMENT":"f.504C58434384A4EE898B1C568961733A.d.632A8F8A91AD30DA9337D0E8AD211C9A.e.16153"}]}
RESULT: {"script":"<script> [8489 bytes]","args":[{"element-6066-11e4-a52e-4f735466cecf":"f.504C58434384A4EE898B1C568961733A.d.632A8F8A91AD30DA9337D0E8AD211C9A.e.16153","ELEMENT":"f.504C58434384A4EE898B1C568961733A.d.632A8F8A91AD30DA9337D0E8AD211C9A.e.16153"}]}
COMMAND: GET /session/3e4ceb57b36163f530f5479f57478588/element/f.504C58434384A4EE898B1C568961733A.d.632A8F8A91AD30DA9337D0E8AD211C9A.e.16153/enabled - {}
COMMAND: GET /session/3e4ceb57b36163f530f5479f57478588/screenshot - {}
RESULT: {}
COMMAND: POST /session/3e4ceb57b36163f530f5479f57478588/execute/sync - {"script":"<script> [8489 bytes]","args":[{"element-6066-11e4-a52e-4f735466cecf":"f.504C58434384A4EE898B1C568961733A.d.632A8F8A91AD30DA9337D0E8AD211C9A.e.16153","ELEMENT":"f.504C58434384A4EE898B1C568961733A.d.632A8F8A91AD30DA9337D0E8AD211C9A.e.16153"}]}
RESULT: {}
RESULT: {"script":"<script> [8489 bytes]","args":[{"element-6066-11e4-a52e-4f735466cecf":"f.504C58434384A4EE898B1C568961733A.d.632A8F8A91AD30DA9337D0E8AD211C9A.e.16153","ELEMENT":"f.504C58434384A4EE898B1C568961733A.d.632A8F8A91AD30DA9337D0E8AD211C9A.e.16153"}]}
COMMAND: POST /session/3e4ceb57b36163f530f5479f57478588/execute/sync - {"script":"<script> [5351 bytes]","args":[{"element-6066-11e4-a52e-4f735466cecf":"f.504C58434384A4EE898B1C568961733A.d.632A8F8A91AD30DA9337D0E8AD211C9A.e.16153","ELEMENT":"f.504C58434384A4EE898B1C568961733A.d.632A8F8A91AD30DA9337D0E8AD211C9A.e.16153"}]}
RESULT: {"script":"<script> [5351 bytes]","args":[{"element-6066-11e4-a52e-4f735466cecf":"f.504C58434384A4EE898B1C568961733A.d.632A8F8A91AD30DA9337D0E8AD211C9A.e.16153","ELEMENT":"f.504C58434384A4EE898B1C568961733A.d.632A8F8A91AD30DA9337D0E8AD211C9A.e.16153"}]}
COMMAND: POST /session/3e4ceb57b36163f530f5479f57478588/element/f.504C58434384A4EE898B1C568961733A.d.632A8F8A91AD30DA9337D0E8AD211C9A.e.16153/click - {}
COMMAND: GET /session/3e4ceb57b36163f530f5479f57478588/screenshot - {}
COMMAND: GET /session/3e4ceb57b36163f530f5479f57478588/screenshot - {}
COMMAND: GET /session/3e4ceb57b36163f530f5479f57478588/screenshot - {}
RESULT: {}
COMMAND: GET /session/3e4ceb57b36163f530f5479f57478588/screenshot - {}
COMMAND: POST /session/3e4ceb57b36163f530f5479f57478588/execute/async - {"script":"<script> [1562 bytes]","args":[{"selector":{"id":"application-manageresources-display-component---newResourceUnit--TYPE-arrow"},"wdio_ui5_key":"applicationmanageresources-display-component---newResourceUnit--TYPE-arrow"}]}
RESULT: {}
RESULT: {}
RESULT: {}
RESULT: {}
RESULT: {"script":"<script> [1562 bytes]","args":[{"selector":{"id":"application-manageresources-display-component---newResourceUnit--TYPE-arrow"},"wdio_ui5_key":"applicationmanageresources-display-component---newResourceUnit--TYPE-arrow"}]}
RESULT: undefined
COMMAND: POST /session/3e4ceb57b36163f530f5479f57478588/element - {"using":"xpath","value":"//*[@id=\"application-manageresources-display-component---newResourceUnit--TYPE-arrow\"]"}
RESULT: {"using":"xpath","value":"//*[@id=\"application-manageresources-display-component---newResourceUnit--TYPE-arrow\"]"}
COMMAND: POST /session/3e4ceb57b36163f530f5479f57478588/element/f.504C58434384A4EE898B1C568961733A.d.632A8F8A91AD30DA9337D0E8AD211C9A.e.16406/click - {}
RESULT: {}
COMMAND: POST /session/3e4ceb57b36163f530f5479f57478588/element - {"using":"xpath","value":"//input[@id=\"application-manageresources-display-component---newResourceUnit--TYPE-inner\"]"}
COMMAND: GET /session/3e4ceb57b36163f530f5479f57478588/screenshot - {}
RESULT: {"using":"xpath","value":"//input[@id=\"application-manageresources-display-component---newResourceUnit--TYPE-inner\"]"}
COMMAND: POST /session/3e4ceb57b36163f530f5479f57478588/element/f.504C58434384A4EE898B1C568961733A.d.632A8F8A91AD30DA9337D0E8AD211C9A.e.16390/clear - {}
RESULT: {}
RESULT: {}
COMMAND: POST /session/3e4ceb57b36163f530f5479f57478588/element/f.504C58434384A4EE898B1C568961733A.d.632A8F8A91AD30DA9337D0E8AD211C9A.e.16390/value - {"text":"Equipment"}
COMMAND: GET /session/3e4ceb57b36163f530f5479f57478588/screenshot - {}
RESULT: {"text":"Equipment"}
COMMAND: GET /session/3e4ceb57b36163f530f5479f57478588/screenshot - {}
RESULT: {}
RESULT: {}
COMMAND: POST /session/3e4ceb57b36163f530f5479f57478588/actions - {"actions":[{"id":"action57","type":"key","parameters":{},"actions":[{"type":"keyDown","value":""},{"type":"pause","duration":10},{"type":"keyUp","value":""}]}]}
RESULT: {"actions":[{"id":"action57","type":"key","parameters":{},"actions":[{"type":"keyDown","value":""},{"type":"pause","duration":10},{"type":"keyUp","value":""}]}]}
COMMAND: POST /session/3e4ceb57b36163f530f5479f57478588/execute/async - {"script":"<script> [1562 bytes]","args":[{"selector":{"id":"application-manageresources-display-component---newResourceUnit--resourceId","interaction":{"idSuffix":"inner"}},"wdio_ui5_key":"applicationmanageresources-display-component---newResourceUnit--resourceId"}]}
COMMAND: GET /session/3e4ceb57b36163f530f5479f57478588/screenshot - {}
RESULT: {"script":"<script> [1562 bytes]","args":[{"selector":{"id":"application-manageresources-display-component---newResourceUnit--resourceId","interaction":{"idSuffix":"inner"}},"wdio_ui5_key":"applicationmanageresources-display-component---newResourceUnit--resourceId"}]}
RESULT: undefined
COMMAND: POST /session/3e4ceb57b36163f530f5479f57478588/execute/async - {"script":"<script> [776 bytes]","args":[{"enterText":"6HURepej8b","selector":{"id":"application-manageresources-display-component---newResourceUnit--resourceId","interaction":{"idSuffix":"inner"}},"clearTextFirst":true,"interactionType":"ENTER_TEXT"}]}
RESULT: {}
RESULT: {"script":"<script> [776 bytes]","args":[{"enterText":"6HURepej8b","selector":{"id":"application-manageresources-display-component---newResourceUnit--resourceId","interaction":{"idSuffix":"inner"}},"clearTextFirst":true,"interactionType":"ENTER_TEXT"}]}
COMMAND: POST /session/3e4ceb57b36163f530f5479f57478588/execute/async - {"script":"<script> [1562 bytes]","args":[{"selector":{"id":"application-manageresources-display-component---newResourceUnit--SHORT_TEXT","interaction":{"idSuffix":"inner"}},"wdio_ui5_key":"applicationmanageresources-display-component---newResourceUnit--SHORT_TEXT"}]}
RESULT: {"script":"<script> [1562 bytes]","args":[{"selector":{"id":"application-manageresources-display-component---newResourceUnit--SHORT_TEXT","interaction":{"idSuffix":"inner"}},"wdio_ui5_key":"applicationmanageresources-display-component---newResourceUnit--SHORT_TEXT"}]}
RESULT: undefined
COMMAND: POST /session/3e4ceb57b36163f530f5479f57478588/execute/async - {"script":"<script> [776 bytes]","args":[{"enterText":"Intercompany Equipment WDIO","selector":{"id":"application-manageresources-display-component---newResourceUnit--SHORT_TEXT","interaction":{"idSuffix":"inner"}},"clearTextFirst":true,"interactionType":"ENTER_TEXT"}]}
RESULT: {"script":"<script> [776 bytes]","args":[{"enterText":"Intercompany Equipment WDIO","selector":{"id":"application-manageresources-display-component---newResourceUnit--SHORT_TEXT","interaction":{"idSuffix":"inner"}},"clearTextFirst":true,"interactionType":"ENTER_TEXT"}]}
COMMAND: POST /session/3e4ceb57b36163f530f5479f57478588/execute/async - {"script":"<script> [1562 bytes]","args":[{"selector":{"id":"application-manageresources-display-component---newResourceUnit--BASE_UNIT_OF_MEASURE","interaction":{"idSuffix":"inner"}},"wdio_ui5_key":"applicationmanageresources-display-component---newResourceUnit--BASE_UNIT_OF_MEASURE"}]}
RESULT: {"script":"<script> [1562 bytes]","args":[{"selector":{"id":"application-manageresources-display-component---newResourceUnit--BASE_UNIT_OF_MEASURE","interaction":{"idSuffix":"inner"}},"wdio_ui5_key":"applicationmanageresources-display-component---newResourceUnit--BASE_UNIT_OF_MEASURE"}]}
RESULT: undefined
COMMAND: POST /session/3e4ceb57b36163f530f5479f57478588/execute/async - {"script":"<script> [776 bytes]","args":[{"enterText":"Piece","selector":{"id":"application-manageresources-display-component---newResourceUnit--BASE_UNIT_OF_MEASURE","interaction":{"idSuffix":"inner"}},"clearTextFirst":true,"interactionType":"ENTER_TEXT"}]}
RESULT: {"script":"<script> [776 bytes]","args":[{"enterText":"Piece","selector":{"id":"application-manageresources-display-component---newResourceUnit--BASE_UNIT_OF_MEASURE","interaction":{"idSuffix":"inner"}},"clearTextFirst":true,"interactionType":"ENTER_TEXT"}]}
COMMAND: POST /session/3e4ceb57b36163f530f5479f57478588/execute/async - {"script":"<script> [1562 bytes]","args":[{"selector":{"id":"application-manageresources-display-component---newResourceUnit--WEIGHT_UNIT","interaction":{"idSuffix":"inner"}},"wdio_ui5_key":"applicationmanageresources-display-component---newResourceUnit--WEIGHT_UNIT"}]}
RESULT: {"script":"<script> [1562 bytes]","args":[{"selector":{"id":"application-manageresources-display-component---newResourceUnit--WEIGHT_UNIT","interaction":{"idSuffix":"inner"}},"wdio_ui5_key":"applicationmanageresources-display-component---newResourceUnit--WEIGHT_UNIT"}]}
RESULT: undefined
COMMAND: POST /session/3e4ceb57b36163f530f5479f57478588/execute/async - {"script":"<script> [776 bytes]","args":[{"enterText":"Gram","selector":{"id":"application-manageresources-display-component---newResourceUnit--WEIGHT_UNIT","interaction":{"idSuffix":"inner"}},"clearTextFirst":true,"interactionType":"ENTER_TEXT"}]}
RESULT: {"script":"<script> [776 bytes]","args":[{"enterText":"Gram","selector":{"id":"application-manageresources-display-component---newResourceUnit--WEIGHT_UNIT","interaction":{"idSuffix":"inner"}},"clearTextFirst":true,"interactionType":"ENTER_TEXT"}]}
COMMAND: POST /session/3e4ceb57b36163f530f5479f57478588/execute/async - {"script":"<script> [1562 bytes]","args":[{"selector":{"id":"application-manageresources-display-component---newResourceUnit--DIMENSION_UNIT","interaction":{"idSuffix":"inner"}},"wdio_ui5_key":"applicationmanageresources-display-component---newResourceUnit--DIMENSION_UNIT"}]}
RESULT: {"script":"<script> [1562 bytes]","args":[{"selector":{"id":"application-manageresources-display-component---newResourceUnit--DIMENSION_UNIT","interaction":{"idSuffix":"inner"}},"wdio_ui5_key":"applicationmanageresources-display-component---newResourceUnit--DIMENSION_UNIT"}]}
RESULT: undefined
COMMAND: POST /session/3e4ceb57b36163f530f5479f57478588/execute/async - {"script":"<script> [776 bytes]","args":[{"enterText":"Meter","selector":{"id":"application-manageresources-display-component---newResourceUnit--DIMENSION_UNIT","interaction":{"idSuffix":"inner"}},"clearTextFirst":true,"interactionType":"ENTER_TEXT"}]}
RESULT: {"script":"<script> [776 bytes]","args":[{"enterText":"Meter","selector":{"id":"application-manageresources-display-component---newResourceUnit--DIMENSION_UNIT","interaction":{"idSuffix":"inner"}},"clearTextFirst":true,"interactionType":"ENTER_TEXT"}]}
COMMAND: POST /session/3e4ceb57b36163f530f5479f57478588/execute/async - {"script":"<script> [1562 bytes]","args":[{"selector":{"id":"application-manageresources-display-component---newResourceUnit--newRRUPage-anchBar-application-manageresources-display-component---newResourceUnit--control-anchor","interaction":{"idSuffix":"BDI-content"}},"wdio_ui5_key":"applicationmanageresources-display-component---newResourceUnit--newRRUPage-anchBar-application-manageresources-display-component---newResourceUnit--control-anchor"}]}
RESULT: {"script":"<script> [1562 bytes]","args":[{"selector":{"id":"application-manageresources-display-component---newResourceUnit--newRRUPage-anchBar-application-manageresources-display-component---newResourceUnit--control-anchor","interaction":{"idSuffix":"BDI-content"}},"wdio_ui5_key":"applicationmanageresources-display-component---newResourceUnit--newRRUPage-anchBar-application-manageresources-display-component---newResourceUnit--control-anchor"}]}
RESULT: undefined
COMMAND: POST /session/3e4ceb57b36163f530f5479f57478588/element - {"using":"xpath","value":"//*[@id=\"application-manageresources-display-component---newResourceUnit--newRRUPage-anchBar-application-manageresources-display-component---newResourceUnit--control-anchor\"]"}
RESULT: {"using":"xpath","value":"//*[@id=\"application-manageresources-display-component---newResourceUnit--newRRUPage-anchBar-application-manageresources-display-component---newResourceUnit--control-anchor\"]"}
COMMAND: POST /session/3e4ceb57b36163f530f5479f57478588/element/f.504C58434384A4EE898B1C568961733A.d.632A8F8A91AD30DA9337D0E8AD211C9A.e.16540/click - {}
RESULT: {}
COMMAND: POST /session/3e4ceb57b36163f530f5479f57478588/execute/async - {"script":"<script> [1562 bytes]","args":[{"selector":{"id":"application-manageresources-display-component---newResourceUnit--PLANNING_GROUP","interaction":{"idSuffix":"inner"}},"wdio_ui5_key":"applicationmanageresources-display-component---newResourceUnit--PLANNING_GROUP"}]}
COMMAND: GET /session/3e4ceb57b36163f530f5479f57478588/screenshot - {}
RESULT: {"script":"<script> [1562 bytes]","args":[{"selector":{"id":"application-manageresources-display-component---newResourceUnit--PLANNING_GROUP","interaction":{"idSuffix":"inner"}},"wdio_ui5_key":"applicationmanageresources-display-component---newResourceUnit--PLANNING_GROUP"}]}
RESULT: undefined
COMMAND: POST /session/3e4ceb57b36163f530f5479f57478588/execute/async - {"script":"<script> [776 bytes]","args":[{"enterText":"Heavy Equi","selector":{"id":"application-manageresources-display-component---newResourceUnit--PLANNING_GROUP","interaction":{"idSuffix":"inner"}},"clearTextFirst":true,"interactionType":"ENTER_TEXT"}]}
RESULT: {}
RESULT: {"script":"<script> [776 bytes]","args":[{"enterText":"Heavy Equi","selector":{"id":"application-manageresources-display-component---newResourceUnit--PLANNING_GROUP","interaction":{"idSuffix":"inner"}},"clearTextFirst":true,"interactionType":"ENTER_TEXT"}]}
COMMAND: POST /session/3e4ceb57b36163f530f5479f57478588/execute/async - {"script":"<script> [1562 bytes]","args":[{"selector":{"id":"application-manageresources-display-component---newResourceUnit--ITEM_TYPE-arrow"},"wdio_ui5_key":"applicationmanageresources-display-component---newResourceUnit--ITEM_TYPE-arrow"}]}
RESULT: {"script":"<script> [1562 bytes]","args":[{"selector":{"id":"application-manageresources-display-component---newResourceUnit--ITEM_TYPE-arrow"},"wdio_ui5_key":"applicationmanageresources-display-component---newResourceUnit--ITEM_TYPE-arrow"}]}
RESULT: undefined
COMMAND: POST /session/3e4ceb57b36163f530f5479f57478588/element - {"using":"xpath","value":"//*[@id=\"application-manageresources-display-component---newResourceUnit--ITEM_TYPE-arrow\"]"}
RESULT: {"using":"xpath","value":"//*[@id=\"application-manageresources-display-component---newResourceUnit--ITEM_TYPE-arrow\"]"}
COMMAND: POST /session/3e4ceb57b36163f530f5479f57478588/element/f.504C58434384A4EE898B1C568961733A.d.632A8F8A91AD30DA9337D0E8AD211C9A.e.16549/click - {}
RESULT: {}
COMMAND: POST /session/3e4ceb57b36163f530f5479f57478588/element - {"using":"xpath","value":"(//span[contains(text(), \"Resource Unit\")])[2]"}
COMMAND: GET /session/3e4ceb57b36163f530f5479f57478588/screenshot - {}
RESULT: {"using":"xpath","value":"(//span[contains(text(), \"Resource Unit\")])[2]"}
COMMAND: POST /session/3e4ceb57b36163f530f5479f57478588/element/f.504C58434384A4EE898B1C568961733A.d.632A8F8A91AD30DA9337D0E8AD211C9A.e.16550/click - {}
RESULT: {}
RESULT: {}
COMMAND: GET /session/3e4ceb57b36163f530f5479f57478588/screenshot - {}
RESULT: {}
COMMAND: POST /session/3e4ceb57b36163f530f5479f57478588/element - {"using":"css selector","value":"#application-manageresources-display-component---newResourceUnit--btnAddTimeSegment"}
RESULT: {"using":"css selector","value":"#application-manageresources-display-component---newResourceUnit--btnAddTimeSegment"}
COMMAND: GET /session/3e4ceb57b36163f530f5479f57478588/element/f.504C58434384A4EE898B1C568961733A.d.632A8F8A91AD30DA9337D0E8AD211C9A.e.16551/rect - {}
RESULT: {}
COMMAND: GET /session/3e4ceb57b36163f530f5479f57478588/window/rect - {}
RESULT: {}
COMMAND: POST /session/3e4ceb57b36163f530f5479f57478588/execute/sync - {"script":"<script> [92 bytes]","args":[]}
RESULT: {"script":"<script> [92 bytes]","args":[]}
COMMAND: POST /session/3e4ceb57b36163f530f5479f57478588/actions - {"actions":[{"id":"action58","type":"wheel","parameters":{},"actions":[{"type":"scroll","x":-1888,"y":-32,"deltaX":0,"deltaY":0,"duration":0,"origin":{"element-6066-11e4-a52e-4f735466cecf":"f.504C58434384A4EE898B1C568961733A.d.632A8F8A91AD30DA9337D0E8AD211C9A.e.16551"}}]}]}
COMMAND: GET /session/3e4ceb57b36163f530f5479f57478588/screenshot - {}
RESULT: {}
COMMAND: POST /session/3e4ceb57b36163f530f5479f57478588/execute/sync - {"script":"<script> [79 bytes]","args":[{"element-6066-11e4-a52e-4f735466cecf":"f.504C58434384A4EE898B1C568961733A.d.632A8F8A91AD30DA9337D0E8AD211C9A.e.16551","ELEMENT":"f.504C58434384A4EE898B1C568961733A.d.632A8F8A91AD30DA9337D0E8AD211C9A.e.16551"},{"block":"start","inline":"nearest"}]}
RESULT: {"script":"<script> [79 bytes]","args":[{"element-6066-11e4-a52e-4f735466cecf":"f.504C58434384A4EE898B1C568961733A.d.632A8F8A91AD30DA9337D0E8AD211C9A.e.16551","ELEMENT":"f.504C58434384A4EE898B1C568961733A.d.632A8F8A91AD30DA9337D0E8AD211C9A.e.16551"},{"block":"start","inline":"nearest"}]}
COMMAND: POST /session/3e4ceb57b36163f530f5479f57478588/execute/async - {"script":"<script> [1562 bytes]","args":[{"selector":{"id":"application-manageresources-display-component---newResourceUnit--btnAddTimeSegment","interaction":{"idSuffix":"inner"}},"wdio_ui5_key":"applicationmanageresources-display-component---newResourceUnit--btnAddTimeSegment"}]}
COMMAND: GET /session/3e4ceb57b36163f530f5479f57478588/screenshot - {}
RESULT: {"script":"<script> [1562 bytes]","args":[{"selector":{"id":"application-manageresources-display-component---newResourceUnit--btnAddTimeSegment","interaction":{"idSuffix":"inner"}},"wdio_ui5_key":"applicationmanageresources-display-component---newResourceUnit--btnAddTimeSegment"}]}
RESULT: undefined
COMMAND: POST /session/3e4ceb57b36163f530f5479f57478588/element - {"using":"xpath","value":"//*[@id=\"application-manageresources-display-component---newResourceUnit--btnAddTimeSegment\"]"}
RESULT: {}
RESULT: {"using":"xpath","value":"//*[@id=\"application-manageresources-display-component---newResourceUnit--btnAddTimeSegment\"]"}
COMMAND: POST /session/3e4ceb57b36163f530f5479f57478588/element/f.504C58434384A4EE898B1C568961733A.d.632A8F8A91AD30DA9337D0E8AD211C9A.e.16551/click - {}
RESULT: {}
COMMAND: GET /session/3e4ceb57b36163f530f5479f57478588/screenshot - {}
RESULT: {}
COMMAND: POST /session/3e4ceb57b36163f530f5479f57478588/element - {"using":"xpath","value":"//input[@id=\"application-manageresources-display-component---newResourceUnit--idRuTSAdmin-application-manageresources-display-component---newResourceUnit--RUTimeSegment-0-inner\"]"}
RESULT: {"using":"xpath","value":"//input[@id=\"application-manageresources-display-component---newResourceUnit--idRuTSAdmin-application-manageresources-display-component---newResourceUnit--RUTimeSegment-0-inner\"]"}
COMMAND: POST /session/3e4ceb57b36163f530f5479f57478588/element/f.504C58434384A4EE898B1C568961733A.d.632A8F8A91AD30DA9337D0E8AD211C9A.e.16557/clear - {}
RESULT: {}
COMMAND: POST /session/3e4ceb57b36163f530f5479f57478588/element/f.504C58434384A4EE898B1C568961733A.d.632A8F8A91AD30DA9337D0E8AD211C9A.e.16557/value - {"text":"259"}
COMMAND: GET /session/3e4ceb57b36163f530f5479f57478588/screenshot - {}
RESULT: {"text":"259"}
COMMAND: GET /session/3e4ceb57b36163f530f5479f57478588/screenshot - {}
RESULT: {}
RESULT: {}
COMMAND: POST /session/3e4ceb57b36163f530f5479f57478588/element - {"using":"xpath","value":"//li[.//span[text()='259']]"}
RESULT: {"using":"xpath","value":"//li[.//span[text()='259']]"}
COMMAND: POST /session/3e4ceb57b36163f530f5479f57478588/element/f.504C58434384A4EE898B1C568961733A.d.632A8F8A91AD30DA9337D0E8AD211C9A.e.16569/click - {}
RESULT: {}
COMMAND: GET /session/3e4ceb57b36163f530f5479f57478588/screenshot - {}
RESULT: {}
COMMAND: POST /session/3e4ceb57b36163f530f5479f57478588/element - {"using":"xpath","value":"(//span[contains(@id, \"-application-manageresources-display-component---newResourceUnit--RUTimeSegment-0-arrow\")])[6]"}
RESULT: {"using":"xpath","value":"(//span[contains(@id, \"-application-manageresources-display-component---newResourceUnit--RUTimeSegment-0-arrow\")])[6]"}
COMMAND: POST /session/3e4ceb57b36163f530f5479f57478588/element/f.504C58434384A4EE898B1C568961733A.d.632A8F8A91AD30DA9337D0E8AD211C9A.e.16570/click - {}
RESULT: {}
COMMAND: POST /session/3e4ceb57b36163f530f5479f57478588/element - {"using":"xpath","value":"//span[contains(text(), \"PM Order\")]"}
COMMAND: GET /session/3e4ceb57b36163f530f5479f57478588/screenshot - {}
RESULT: {"using":"xpath","value":"//span[contains(text(), \"PM Order\")]"}
COMMAND: POST /session/3e4ceb57b36163f530f5479f57478588/element/f.504C58434384A4EE898B1C568961733A.d.632A8F8A91AD30DA9337D0E8AD211C9A.e.16573/click - {}
RESULT: {}
RESULT: {}
COMMAND: GET /session/3e4ceb57b36163f530f5479f57478588/screenshot - {}
RESULT: {}
COMMAND: POST /session/3e4ceb57b36163f530f5479f57478588/element - {"using":"xpath","value":"(//span[contains(@id ,\"manageresources-display-component---newResourceUnit--RUTimeSegment-0-vhi\")])[2]"}
RESULT: {"using":"xpath","value":"(//span[contains(@id ,\"manageresources-display-component---newResourceUnit--RUTimeSegment-0-vhi\")])[2]"}
COMMAND: POST /session/3e4ceb57b36163f530f5479f57478588/element/f.504C58434384A4EE898B1C568961733A.d.632A8F8A91AD30DA9337D0E8AD211C9A.e.16576/click - {}
RESULT: {}
COMMAND: GET /session/3e4ceb57b36163f530f5479f57478588/screenshot - {}
RESULT: {}
COMMAND: POST /session/3e4ceb57b36163f530f5479f57478588/execute/async - {"script":"<script> [1562 bytes]","args":[{"selector":{"controlType":"sap.m.SearchField","properties":{"placeholder":"Search"},"searchOpenDialogs":true,"interaction":{"idSuffix":"I"}},"wdio_ui5_key":"sapm.SearchField{\"placeholder\":\"Search\"}"}]}
RESULT: {"script":"<script> [1562 bytes]","args":[{"selector":{"controlType":"sap.m.SearchField","properties":{"placeholder":"Search"},"searchOpenDialogs":true,"interaction":{"idSuffix":"I"}},"wdio_ui5_key":"sapm.SearchField{\"placeholder\":\"Search\"}"}]}
RESULT: undefined
COMMAND: POST /session/3e4ceb57b36163f530f5479f57478588/execute/async - {"script":"<script> [776 bytes]","args":[{"enterText":"4000360","selector":{"controlType":"sap.m.SearchField","properties":{"placeholder":"Search"},"searchOpenDialogs":true,"interaction":{"idSuffix":"I"}},"clearTextFirst":true,"interactionType":"ENTER_TEXT"}]}
RESULT: {"script":"<script> [776 bytes]","args":[{"enterText":"4000360","selector":{"controlType":"sap.m.SearchField","properties":{"placeholder":"Search"},"searchOpenDialogs":true,"interaction":{"idSuffix":"I"}},"clearTextFirst":true,"interactionType":"ENTER_TEXT"}]}
COMMAND: POST /session/3e4ceb57b36163f530f5479f57478588/actions - {"actions":[{"id":"action59","type":"key","parameters":{},"actions":[{"type":"keyDown","value":""},{"type":"pause","duration":10},{"type":"keyUp","value":""}]}]}
RESULT: {"actions":[{"id":"action59","type":"key","parameters":{},"actions":[{"type":"keyDown","value":""},{"type":"pause","duration":10},{"type":"keyUp","value":""}]}]}
COMMAND: GET /session/3e4ceb57b36163f530f5479f57478588/screenshot - {}
RESULT: {}
COMMAND: POST /session/3e4ceb57b36163f530f5479f57478588/element - {"using":"xpath","value":"//td/div/span[contains(text(), \"BGL Vehicles\")]"}
RESULT: {"using":"xpath","value":"//td/div/span[contains(text(), \"BGL Vehicles\")]"}
COMMAND: POST /session/3e4ceb57b36163f530f5479f57478588/element/f.504C58434384A4EE898B1C568961733A.d.632A8F8A91AD30DA9337D0E8AD211C9A.e.16596/click - {}
RESULT: {}
COMMAND: GET /session/3e4ceb57b36163f530f5479f57478588/screenshot - {}
RESULT: {}
COMMAND: POST /session/3e4ceb57b36163f530f5479f57478588/element - {"using":"xpath","value":"//bdi[contains(text(), \"OK\")]"}
RESULT: {"using":"xpath","value":"//bdi[contains(text(), \"OK\")]"}
COMMAND: POST /session/3e4ceb57b36163f530f5479f57478588/element/f.504C58434384A4EE898B1C568961733A.d.632A8F8A91AD30DA9337D0E8AD211C9A.e.16597/click - {}
RESULT: {}
COMMAND: GET /session/3e4ceb57b36163f530f5479f57478588/screenshot - {}
RESULT: {}
COMMAND: POST /session/3e4ceb57b36163f530f5479f57478588/execute/async - {"script":"<script> [1562 bytes]","args":[{"selector":{"id":"application-manageresources-display-component---newResourceUnit--newRRUPage-anchBar-application-manageresources-display-component---newResourceUnit--resource-anchor","interaction":{"idSuffix":"BDI-content"}},"wdio_ui5_key":"applicationmanageresources-display-component---newResourceUnit--newRRUPage-anchBar-application-manageresources-display-component---newResourceUnit--resource-anchor"}]}
RESULT: {"script":"<script> [1562 bytes]","args":[{"selector":{"id":"application-manageresources-display-component---newResourceUnit--newRRUPage-anchBar-application-manageresources-display-component---newResourceUnit--resource-anchor","interaction":{"idSuffix":"BDI-content"}},"wdio_ui5_key":"applicationmanageresources-display-component---newResourceUnit--newRRUPage-anchBar-application-manageresources-display-component---newResourceUnit--resource-anchor"}]}
RESULT: undefined
COMMAND: POST /session/3e4ceb57b36163f530f5479f57478588/element - {"using":"xpath","value":"//*[@id=\"application-manageresources-display-component---newResourceUnit--newRRUPage-anchBar-application-manageresources-display-component---newResourceUnit--resource-anchor\"]"}
RESULT: {"using":"xpath","value":"//*[@id=\"application-manageresources-display-component---newResourceUnit--newRRUPage-anchBar-application-manageresources-display-component---newResourceUnit--resource-anchor\"]"}
COMMAND: POST /session/3e4ceb57b36163f530f5479f57478588/element/f.504C58434384A4EE898B1C568961733A.d.632A8F8A91AD30DA9337D0E8AD211C9A.e.16601/click - {}
RESULT: {}
COMMAND: POST /session/3e4ceb57b36163f530f5479f57478588/execute/async - {"script":"<script> [1562 bytes]","args":[{"selector":{"id":"application-manageresources-display-component---newResourceUnit--PLANNED_DELIVERY_DATE","interaction":{"idSuffix":"inner"}},"wdio_ui5_key":"applicationmanageresources-display-component---newResourceUnit--PLANNED_DELIVERY_DATE"}]}
COMMAND: GET /session/3e4ceb57b36163f530f5479f57478588/screenshot - {}
RESULT: {"script":"<script> [1562 bytes]","args":[{"selector":{"id":"application-manageresources-display-component---newResourceUnit--PLANNED_DELIVERY_DATE","interaction":{"idSuffix":"inner"}},"wdio_ui5_key":"applicationmanageresources-display-component---newResourceUnit--PLANNED_DELIVERY_DATE"}]}
RESULT: undefined
COMMAND: POST /session/3e4ceb57b36163f530f5479f57478588/execute/async - {"script":"<script> [6424 bytes]","args":[{"element-6066-11e4-a52e-4f735466cecf":"f.504C58434384A4EE898B1C568961733A.d.632A8F8A91AD30DA9337D0E8AD211C9A.e.16463"},"setValue",["4/13/25"]]}
RESULT: {}
RESULT: {"script":"<script> [6424 bytes]","args":[{"element-6066-11e4-a52e-4f735466cecf":"f.504C58434384A4EE898B1C568961733A.d.632A8F8A91AD30DA9337D0E8AD211C9A.e.16463"},"setValue",["4/13/25"]]}
COMMAND: POST /session/3e4ceb57b36163f530f5479f57478588/element - {"using":"xpath","value":"//button[@data-kt=\"resourceUnitSaveButton\"]"}
RESULT: {"using":"xpath","value":"//button[@data-kt=\"resourceUnitSaveButton\"]"}
COMMAND: POST /session/3e4ceb57b36163f530f5479f57478588/element/f.504C58434384A4EE898B1C568961733A.d.632A8F8A91AD30DA9337D0E8AD211C9A.e.16423/click - {}
RESULT: {}
COMMAND: GET /session/3e4ceb57b36163f530f5479f57478588/screenshot - {}
RESULT: {}
COMMAND: POST /session/3e4ceb57b36163f530f5479f57478588/element - {"using":"xpath","value":"//bdi[contains(text(), \"Close\")]"}
RESULT: {"using":"xpath","value":"//bdi[contains(text(), \"Close\")]"}
COMMAND: POST /session/3e4ceb57b36163f530f5479f57478588/element/f.504C58434384A4EE898B1C568961733A.d.632A8F8A91AD30DA9337D0E8AD211C9A.e.16610/click - {}
RESULT: {}
COMMAND: GET /session/3e4ceb57b36163f530f5479f57478588/screenshot - {}
RESULT: {}
COMMAND: POST /session/3e4ceb57b36163f530f5479f57478588/element - {"using":"xpath","value":"(//button[contains(@id ,\"actionsToolbar-overflowButton\")])[1]"}
RESULT: {"using":"xpath","value":"(//button[contains(@id ,\"actionsToolbar-overflowButton\")])[1]"}
COMMAND: POST /session/3e4ceb57b36163f530f5479f57478588/element/f.504C58434384A4EE898B1C568961733A.d.632A8F8A91AD30DA9337D0E8AD211C9A.e.16640/click - {}
RESULT: {}
COMMAND: GET /session/3e4ceb57b36163f530f5479f57478588/screenshot - {}
RESULT: {}
COMMAND: POST /session/3e4ceb57b36163f530f5479f57478588/element - {"using":"xpath","value":"//button[@data-kt=\"priceInfoButton\"]"}
RESULT: {"using":"xpath","value":"//button[@data-kt=\"priceInfoButton\"]"}
COMMAND: POST /session/3e4ceb57b36163f530f5479f57478588/element/f.504C58434384A4EE898B1C568961733A.d.632A8F8A91AD30DA9337D0E8AD211C9A.e.16642/click - {}
RESULT: {}
COMMAND: GET /session/3e4ceb57b36163f530f5479f57478588/screenshot - {}
]]></system-out>
    </testcase>
    <testcase classname="chrome.135_0_7049_42.windows.Create_Reverse_Billing_US127248" name="Should create a pricing procedure" time="48.625">
      <system-out><![CDATA[
COMMAND: POST /session/3e4ceb57b36163f530f5479f57478588/element - {"using":"xpath","value":"//button[@data-kt=\"addButton\"]"}
RESULT: {}
RESULT: {"using":"xpath","value":"//button[@data-kt=\"addButton\"]"}
COMMAND: POST /session/3e4ceb57b36163f530f5479f57478588/elements - {"using":"xpath","value":"//button[@data-kt=\"addButton\"]"}
RESULT: {"using":"xpath","value":"//button[@data-kt=\"addButton\"]"}
COMMAND: POST /session/3e4ceb57b36163f530f5479f57478588/execute/sync - {"script":"<script> [8489 bytes]","args":[{"element-6066-11e4-a52e-4f735466cecf":"f.504C58434384A4EE898B1C568961733A.d.632A8F8A91AD30DA9337D0E8AD211C9A.e.16682","ELEMENT":"f.504C58434384A4EE898B1C568961733A.d.632A8F8A91AD30DA9337D0E8AD211C9A.e.16682"}]}
RESULT: {"script":"<script> [8489 bytes]","args":[{"element-6066-11e4-a52e-4f735466cecf":"f.504C58434384A4EE898B1C568961733A.d.632A8F8A91AD30DA9337D0E8AD211C9A.e.16682","ELEMENT":"f.504C58434384A4EE898B1C568961733A.d.632A8F8A91AD30DA9337D0E8AD211C9A.e.16682"}]}
COMMAND: GET /session/3e4ceb57b36163f530f5479f57478588/element/f.504C58434384A4EE898B1C568961733A.d.632A8F8A91AD30DA9337D0E8AD211C9A.e.16682/enabled - {}
COMMAND: GET /session/3e4ceb57b36163f530f5479f57478588/screenshot - {}
RESULT: {}
COMMAND: POST /session/3e4ceb57b36163f530f5479f57478588/execute/sync - {"script":"<script> [8489 bytes]","args":[{"element-6066-11e4-a52e-4f735466cecf":"f.504C58434384A4EE898B1C568961733A.d.632A8F8A91AD30DA9337D0E8AD211C9A.e.16682","ELEMENT":"f.504C58434384A4EE898B1C568961733A.d.632A8F8A91AD30DA9337D0E8AD211C9A.e.16682"}]}
COMMAND: GET /session/3e4ceb57b36163f530f5479f57478588/screenshot - {}
RESULT: {}
RESULT: {"script":"<script> [8489 bytes]","args":[{"element-6066-11e4-a52e-4f735466cecf":"f.504C58434384A4EE898B1C568961733A.d.632A8F8A91AD30DA9337D0E8AD211C9A.e.16682","ELEMENT":"f.504C58434384A4EE898B1C568961733A.d.632A8F8A91AD30DA9337D0E8AD211C9A.e.16682"}]}
COMMAND: POST /session/3e4ceb57b36163f530f5479f57478588/execute/sync - {"script":"<script> [5351 bytes]","args":[{"element-6066-11e4-a52e-4f735466cecf":"f.504C58434384A4EE898B1C568961733A.d.632A8F8A91AD30DA9337D0E8AD211C9A.e.16682","ELEMENT":"f.504C58434384A4EE898B1C568961733A.d.632A8F8A91AD30DA9337D0E8AD211C9A.e.16682"}]}
COMMAND: GET /session/3e4ceb57b36163f530f5479f57478588/screenshot - {}
RESULT: {}
RESULT: {"script":"<script> [5351 bytes]","args":[{"element-6066-11e4-a52e-4f735466cecf":"f.504C58434384A4EE898B1C568961733A.d.632A8F8A91AD30DA9337D0E8AD211C9A.e.16682","ELEMENT":"f.504C58434384A4EE898B1C568961733A.d.632A8F8A91AD30DA9337D0E8AD211C9A.e.16682"}]}
COMMAND: POST /session/3e4ceb57b36163f530f5479f57478588/element/f.504C58434384A4EE898B1C568961733A.d.632A8F8A91AD30DA9337D0E8AD211C9A.e.16682/click - {}
COMMAND: GET /session/3e4ceb57b36163f530f5479f57478588/screenshot - {}
RESULT: {}
RESULT: {}
COMMAND: GET /session/3e4ceb57b36163f530f5479f57478588/screenshot - {}
RESULT: {}
RESULT: {}
COMMAND: POST /session/3e4ceb57b36163f530f5479f57478588/execute/async - {"script":"<script> [1562 bytes]","args":[{"selector":{"controlType":"sap.m.Title","viewName":"etm.portal.ui.managepricingrules.view.NewItem","viewId":"application-managepricingrules-display-component---newInfoPriceItem","properties":{"text":"New Pricing Rules - Item Level"}},"wdio_ui5_key":"etmportal.ui.managepricingrules.view.NewItemsap.m.Title{\"text\":\"New Pricing Rules - Item Level\"}"}]}
RESULT: {"script":"<script> [1562 bytes]","args":[{"selector":{"controlType":"sap.m.Title","viewName":"etm.portal.ui.managepricingrules.view.NewItem","viewId":"application-managepricingrules-display-component---newInfoPriceItem","properties":{"text":"New Pricing Rules - Item Level"}},"wdio_ui5_key":"etmportal.ui.managepricingrules.view.NewItemsap.m.Title{\"text\":\"New Pricing Rules - Item Level\"}"}]}
RESULT: undefined
COMMAND: POST /session/3e4ceb57b36163f530f5479f57478588/execute/async - {"script":"<script> [6424 bytes]","args":[{"element-6066-11e4-a52e-4f735466cecf":"f.504C58434384A4EE898B1C568961733A.d.632A8F8A91AD30DA9337D0E8AD211C9A.e.16841"},"getText",[]]}
RESULT: {"script":"<script> [6424 bytes]","args":[{"element-6066-11e4-a52e-4f735466cecf":"f.504C58434384A4EE898B1C568961733A.d.632A8F8A91AD30DA9337D0E8AD211C9A.e.16841"},"getText",[]]}
COMMAND: POST /session/3e4ceb57b36163f530f5479f57478588/execute/async - {"script":"<script> [1562 bytes]","args":[{"selector":{"id":"application-managepricingrules-display-component---newInfoPriceItem--condValidTo","interaction":{"idSuffix":"inner"}},"wdio_ui5_key":"applicationmanagepricingrules-display-component---newInfoPriceItem--condValidTo"}]}
RESULT: {"script":"<script> [1562 bytes]","args":[{"selector":{"id":"application-managepricingrules-display-component---newInfoPriceItem--condValidTo","interaction":{"idSuffix":"inner"}},"wdio_ui5_key":"applicationmanagepricingrules-display-component---newInfoPriceItem--condValidTo"}]}
RESULT: undefined
COMMAND: POST /session/3e4ceb57b36163f530f5479f57478588/execute/async - {"script":"<script> [776 bytes]","args":[{"enterText":"12/13/25","selector":{"id":"application-managepricingrules-display-component---newInfoPriceItem--condValidTo","interaction":{"idSuffix":"inner"}},"clearTextFirst":true,"interactionType":"ENTER_TEXT"}]}
RESULT: {"script":"<script> [776 bytes]","args":[{"enterText":"12/13/25","selector":{"id":"application-managepricingrules-display-component---newInfoPriceItem--condValidTo","interaction":{"idSuffix":"inner"}},"clearTextFirst":true,"interactionType":"ENTER_TEXT"}]}
COMMAND: POST /session/3e4ceb57b36163f530f5479f57478588/execute/async - {"script":"<script> [1562 bytes]","args":[{"selector":{"id":"application-managepricingrules-display-component---newInfoPriceItem--billType-arrow"},"wdio_ui5_key":"applicationmanagepricingrules-display-component---newInfoPriceItem--billType-arrow"}]}
RESULT: {"script":"<script> [1562 bytes]","args":[{"selector":{"id":"application-managepricingrules-display-component---newInfoPriceItem--billType-arrow"},"wdio_ui5_key":"applicationmanagepricingrules-display-component---newInfoPriceItem--billType-arrow"}]}
RESULT: undefined
COMMAND: POST /session/3e4ceb57b36163f530f5479f57478588/element - {"using":"xpath","value":"//*[@id=\"application-managepricingrules-display-component---newInfoPriceItem--billType-arrow\"]"}
RESULT: {"using":"xpath","value":"//*[@id=\"application-managepricingrules-display-component---newInfoPriceItem--billType-arrow\"]"}
COMMAND: POST /session/3e4ceb57b36163f530f5479f57478588/element/f.504C58434384A4EE898B1C568961733A.d.632A8F8A91AD30DA9337D0E8AD211C9A.e.16843/click - {}
RESULT: {}
COMMAND: POST /session/3e4ceb57b36163f530f5479f57478588/element - {"using":"xpath","value":"//span[contains(text(), \"TB - Time based\")]"}
COMMAND: GET /session/3e4ceb57b36163f530f5479f57478588/screenshot - {}
RESULT: {"using":"xpath","value":"//span[contains(text(), \"TB - Time based\")]"}
COMMAND: POST /session/3e4ceb57b36163f530f5479f57478588/element/f.504C58434384A4EE898B1C568961733A.d.632A8F8A91AD30DA9337D0E8AD211C9A.e.16844/click - {}
RESULT: {}
RESULT: {}
COMMAND: POST /session/3e4ceb57b36163f530f5479f57478588/execute/async - {"script":"<script> [1562 bytes]","args":[{"selector":{"id":"application-managepricingrules-display-component---newInfoPriceItem--priceProc-arrow"},"wdio_ui5_key":"applicationmanagepricingrules-display-component---newInfoPriceItem--priceProc-arrow"}]}
COMMAND: GET /session/3e4ceb57b36163f530f5479f57478588/screenshot - {}
RESULT: {"script":"<script> [1562 bytes]","args":[{"selector":{"id":"application-managepricingrules-display-component---newInfoPriceItem--priceProc-arrow"},"wdio_ui5_key":"applicationmanagepricingrules-display-component---newInfoPriceItem--priceProc-arrow"}]}
RESULT: undefined
COMMAND: POST /session/3e4ceb57b36163f530f5479f57478588/element - {"using":"xpath","value":"//*[@id=\"application-managepricingrules-display-component---newInfoPriceItem--priceProc-arrow\"]"}
RESULT: {}
RESULT: {"using":"xpath","value":"//*[@id=\"application-managepricingrules-display-component---newInfoPriceItem--priceProc-arrow\"]"}
COMMAND: POST /session/3e4ceb57b36163f530f5479f57478588/element/f.504C58434384A4EE898B1C568961733A.d.632A8F8A91AD30DA9337D0E8AD211C9A.e.16808/click - {}
RESULT: {}
COMMAND: POST /session/3e4ceb57b36163f530f5479f57478588/element - {"using":"xpath","value":"//span[contains(text(), \"TBS - Time based standard\")]"}
COMMAND: GET /session/3e4ceb57b36163f530f5479f57478588/screenshot - {}
RESULT: {"using":"xpath","value":"//span[contains(text(), \"TBS - Time based standard\")]"}
COMMAND: POST /session/3e4ceb57b36163f530f5479f57478588/element/f.504C58434384A4EE898B1C568961733A.d.632A8F8A91AD30DA9337D0E8AD211C9A.e.16845/click - {}
RESULT: {}
RESULT: {}
COMMAND: POST /session/3e4ceb57b36163f530f5479f57478588/execute/async - {"script":"<script> [1562 bytes]","args":[{"selector":{"id":"application-managepricingrules-display-component---newInfoPriceItem--calcBase-arrow"},"wdio_ui5_key":"applicationmanagepricingrules-display-component---newInfoPriceItem--calcBase-arrow"}]}
COMMAND: GET /session/3e4ceb57b36163f530f5479f57478588/screenshot - {}
RESULT: {"script":"<script> [1562 bytes]","args":[{"selector":{"id":"application-managepricingrules-display-component---newInfoPriceItem--calcBase-arrow"},"wdio_ui5_key":"applicationmanagepricingrules-display-component---newInfoPriceItem--calcBase-arrow"}]}
RESULT: undefined
COMMAND: POST /session/3e4ceb57b36163f530f5479f57478588/element - {"using":"xpath","value":"//*[@id=\"application-managepricingrules-display-component---newInfoPriceItem--calcBase-arrow\"]"}
RESULT: {}
RESULT: {"using":"xpath","value":"//*[@id=\"application-managepricingrules-display-component---newInfoPriceItem--calcBase-arrow\"]"}
COMMAND: POST /session/3e4ceb57b36163f530f5479f57478588/element/f.504C58434384A4EE898B1C568961733A.d.632A8F8A91AD30DA9337D0E8AD211C9A.e.16815/click - {}
RESULT: {}
COMMAND: GET /session/3e4ceb57b36163f530f5479f57478588/screenshot - {}
RESULT: {}
COMMAND: POST /session/3e4ceb57b36163f530f5479f57478588/element - {"using":"xpath","value":"//span[contains(text(), \"0006 - TB(calendar days)\")]"}
RESULT: {"using":"xpath","value":"//span[contains(text(), \"0006 - TB(calendar days)\")]"}
COMMAND: POST /session/3e4ceb57b36163f530f5479f57478588/element/f.504C58434384A4EE898B1C568961733A.d.632A8F8A91AD30DA9337D0E8AD211C9A.e.16846/click - {}
RESULT: {}
COMMAND: GET /session/3e4ceb57b36163f530f5479f57478588/screenshot - {}
RESULT: {}
COMMAND: POST /session/3e4ceb57b36163f530f5479f57478588/execute/async - {"script":"<script> [1562 bytes]","args":[{"selector":{"id":"application-managepricingrules-display-component---newInfoPriceItem--daysMonth","interaction":{"idSuffix":"inner"}},"wdio_ui5_key":"applicationmanagepricingrules-display-component---newInfoPriceItem--daysMonth"}]}
RESULT: {"script":"<script> [1562 bytes]","args":[{"selector":{"id":"application-managepricingrules-display-component---newInfoPriceItem--daysMonth","interaction":{"idSuffix":"inner"}},"wdio_ui5_key":"applicationmanagepricingrules-display-component---newInfoPriceItem--daysMonth"}]}
RESULT: undefined
COMMAND: POST /session/3e4ceb57b36163f530f5479f57478588/execute/async - {"script":"<script> [776 bytes]","args":[{"enterText":"30","selector":{"id":"application-managepricingrules-display-component---newInfoPriceItem--daysMonth","interaction":{"idSuffix":"inner"}},"clearTextFirst":true,"interactionType":"ENTER_TEXT"}]}
RESULT: {"script":"<script> [776 bytes]","args":[{"enterText":"30","selector":{"id":"application-managepricingrules-display-component---newInfoPriceItem--daysMonth","interaction":{"idSuffix":"inner"}},"clearTextFirst":true,"interactionType":"ENTER_TEXT"}]}
COMMAND: POST /session/3e4ceb57b36163f530f5479f57478588/element - {"using":"xpath","value":"//button[@data-kt=\"saveNewRuleButton\"]"}
RESULT: {"using":"xpath","value":"//button[@data-kt=\"saveNewRuleButton\"]"}
COMMAND: POST /session/3e4ceb57b36163f530f5479f57478588/element/f.504C58434384A4EE898B1C568961733A.d.632A8F8A91AD30DA9337D0E8AD211C9A.e.16831/click - {}
RESULT: {}
COMMAND: GET /session/3e4ceb57b36163f530f5479f57478588/screenshot - {}
RESULT: {}
COMMAND: POST /session/3e4ceb57b36163f530f5479f57478588/execute/async - {"script":"<script> [1562 bytes]","args":[{"selector":{"id":"application-managepricingrules-display-component---priceInfoItem--smartFilterBar-btnBasicSearch","interaction":{"idSuffix":"I"}},"wdio_ui5_key":"applicationmanagepricingrules-display-component---priceInfoItem--smartFilterBar-btnBasicSearch"}]}
RESULT: {"script":"<script> [1562 bytes]","args":[{"selector":{"id":"application-managepricingrules-display-component---priceInfoItem--smartFilterBar-btnBasicSearch","interaction":{"idSuffix":"I"}},"wdio_ui5_key":"applicationmanagepricingrules-display-component---priceInfoItem--smartFilterBar-btnBasicSearch"}]}
RESULT: undefined
COMMAND: POST /session/3e4ceb57b36163f530f5479f57478588/execute/async - {"script":"<script> [776 bytes]","args":[{"enterText":"6HURepej8b","selector":{"id":"application-managepricingrules-display-component---priceInfoItem--smartFilterBar-btnBasicSearch","interaction":{"idSuffix":"I"}},"clearTextFirst":true,"interactionType":"ENTER_TEXT"}]}
RESULT: {"script":"<script> [776 bytes]","args":[{"enterText":"6HURepej8b","selector":{"id":"application-managepricingrules-display-component---priceInfoItem--smartFilterBar-btnBasicSearch","interaction":{"idSuffix":"I"}},"clearTextFirst":true,"interactionType":"ENTER_TEXT"}]}
COMMAND: POST /session/3e4ceb57b36163f530f5479f57478588/actions - {"actions":[{"id":"action60","type":"key","parameters":{},"actions":[{"type":"keyDown","value":""},{"type":"pause","duration":10},{"type":"keyUp","value":""}]}]}
RESULT: {"actions":[{"id":"action60","type":"key","parameters":{},"actions":[{"type":"keyDown","value":""},{"type":"pause","duration":10},{"type":"keyUp","value":""}]}]}
COMMAND: GET /session/3e4ceb57b36163f530f5479f57478588/screenshot - {}
RESULT: {}
COMMAND: POST /session/3e4ceb57b36163f530f5479f57478588/element - {"using":"xpath","value":"//span[@id=\"application-managepricingrules-display-component---priceInfoItem--smartTable-header-inner\"]"}
RESULT: {"using":"xpath","value":"//span[@id=\"application-managepricingrules-display-component---priceInfoItem--smartTable-header-inner\"]"}
COMMAND: POST /session/3e4ceb57b36163f530f5479f57478588/elements - {"using":"xpath","value":"//span[@id=\"application-managepricingrules-display-component---priceInfoItem--smartTable-header-inner\"]"}
RESULT: {"using":"xpath","value":"//span[@id=\"application-managepricingrules-display-component---priceInfoItem--smartTable-header-inner\"]"}
COMMAND: POST /session/3e4ceb57b36163f530f5479f57478588/execute/sync - {"script":"<script> [56 bytes]","args":[{"element-6066-11e4-a52e-4f735466cecf":"f.504C58434384A4EE898B1C568961733A.d.632A8F8A91AD30DA9337D0E8AD211C9A.e.16860","ELEMENT":"f.504C58434384A4EE898B1C568961733A.d.632A8F8A91AD30DA9337D0E8AD211C9A.e.16860"}]}
RESULT: {"script":"<script> [56 bytes]","args":[{"element-6066-11e4-a52e-4f735466cecf":"f.504C58434384A4EE898B1C568961733A.d.632A8F8A91AD30DA9337D0E8AD211C9A.e.16860","ELEMENT":"f.504C58434384A4EE898B1C568961733A.d.632A8F8A91AD30DA9337D0E8AD211C9A.e.16860"}]}
COMMAND: POST /session/3e4ceb57b36163f530f5479f57478588/element - {"using":"css selector","value":"#shell-header-logo"}
COMMAND: GET /session/3e4ceb57b36163f530f5479f57478588/screenshot - {}
RESULT: {"using":"css selector","value":"#shell-header-logo"}
COMMAND: POST /session/3e4ceb57b36163f530f5479f57478588/element/f.504C58434384A4EE898B1C568961733A.d.632A8F8A91AD30DA9337D0E8AD211C9A.e.16009/click - {}
RESULT: {}
RESULT: {}
COMMAND: GET /session/3e4ceb57b36163f530f5479f57478588/screenshot - {}
RESULT: {}
]]></system-out>
    </testcase>
    <testcase classname="chrome.135_0_7049_42.windows.Create_Reverse_Billing_US127248" name="Should manage conditions" time="62.515">
      <system-out><![CDATA[
COMMAND: POST /session/3e4ceb57b36163f530f5479f57478588/execute/async - {"script":"<script> [1562 bytes]","args":[{"selector":{"controlType":"sap.m.Text","properties":{"text":"Manage Conditions & Prices"},"interaction":{"idSuffix":"inner"}},"wdio_ui5_key":"sapm.Text{\"text\":\"Manage Conditions & Prices\"}"}]}
RESULT: {"script":"<script> [1562 bytes]","args":[{"selector":{"controlType":"sap.m.Text","properties":{"text":"Manage Conditions & Prices"},"interaction":{"idSuffix":"inner"}},"wdio_ui5_key":"sapm.Text{\"text\":\"Manage Conditions & Prices\"}"}]}
RESULT: undefined
COMMAND: POST /session/3e4ceb57b36163f530f5479f57478588/element - {"using":"xpath","value":"//*[@id=\"__tile53-title\"]"}
RESULT: {"using":"xpath","value":"//*[@id=\"__tile53-title\"]"}
COMMAND: POST /session/3e4ceb57b36163f530f5479f57478588/element/f.504C58434384A4EE898B1C568961733A.d.632A8F8A91AD30DA9337D0E8AD211C9A.e.16863/click - {}
RESULT: {}
COMMAND: POST /session/3e4ceb57b36163f530f5479f57478588/element - {"using":"xpath","value":"//button[@aria-label=\"Create\"]"}
COMMAND: GET /session/3e4ceb57b36163f530f5479f57478588/screenshot - {}
RESULT: {"using":"xpath","value":"//button[@aria-label=\"Create\"]"}
COMMAND: POST /session/3e4ceb57b36163f530f5479f57478588/elements - {"using":"xpath","value":"//button[@aria-label=\"Create\"]"}
RESULT: {}
RESULT: {"using":"xpath","value":"//button[@aria-label=\"Create\"]"}
COMMAND: POST /session/3e4ceb57b36163f530f5479f57478588/element - {"using":"xpath","value":"//button[@aria-label=\"Create\"]"}
RESULT: {"using":"xpath","value":"//button[@aria-label=\"Create\"]"}
COMMAND: POST /session/3e4ceb57b36163f530f5479f57478588/execute/sync - {"script":"<script> [8489 bytes]","args":[{"element-6066-11e4-a52e-4f735466cecf":"f.504C58434384A4EE898B1C568961733A.d.632A8F8A91AD30DA9337D0E8AD211C9A.e.16897","ELEMENT":"f.504C58434384A4EE898B1C568961733A.d.632A8F8A91AD30DA9337D0E8AD211C9A.e.16897"}]}
RESULT: {"script":"<script> [8489 bytes]","args":[{"element-6066-11e4-a52e-4f735466cecf":"f.504C58434384A4EE898B1C568961733A.d.632A8F8A91AD30DA9337D0E8AD211C9A.e.16897","ELEMENT":"f.504C58434384A4EE898B1C568961733A.d.632A8F8A91AD30DA9337D0E8AD211C9A.e.16897"}]}
COMMAND: GET /session/3e4ceb57b36163f530f5479f57478588/element/f.504C58434384A4EE898B1C568961733A.d.632A8F8A91AD30DA9337D0E8AD211C9A.e.16897/enabled - {}
COMMAND: GET /session/3e4ceb57b36163f530f5479f57478588/screenshot - {}
RESULT: {}
COMMAND: POST /session/3e4ceb57b36163f530f5479f57478588/execute/sync - {"script":"<script> [8489 bytes]","args":[{"element-6066-11e4-a52e-4f735466cecf":"f.504C58434384A4EE898B1C568961733A.d.632A8F8A91AD30DA9337D0E8AD211C9A.e.16897","ELEMENT":"f.504C58434384A4EE898B1C568961733A.d.632A8F8A91AD30DA9337D0E8AD211C9A.e.16897"}]}
COMMAND: GET /session/3e4ceb57b36163f530f5479f57478588/screenshot - {}
RESULT: {}
RESULT: {"script":"<script> [8489 bytes]","args":[{"element-6066-11e4-a52e-4f735466cecf":"f.504C58434384A4EE898B1C568961733A.d.632A8F8A91AD30DA9337D0E8AD211C9A.e.16897","ELEMENT":"f.504C58434384A4EE898B1C568961733A.d.632A8F8A91AD30DA9337D0E8AD211C9A.e.16897"}]}
COMMAND: POST /session/3e4ceb57b36163f530f5479f57478588/execute/sync - {"script":"<script> [5351 bytes]","args":[{"element-6066-11e4-a52e-4f735466cecf":"f.504C58434384A4EE898B1C568961733A.d.632A8F8A91AD30DA9337D0E8AD211C9A.e.16897","ELEMENT":"f.504C58434384A4EE898B1C568961733A.d.632A8F8A91AD30DA9337D0E8AD211C9A.e.16897"}]}
COMMAND: GET /session/3e4ceb57b36163f530f5479f57478588/screenshot - {}
RESULT: {}
RESULT: {"script":"<script> [5351 bytes]","args":[{"element-6066-11e4-a52e-4f735466cecf":"f.504C58434384A4EE898B1C568961733A.d.632A8F8A91AD30DA9337D0E8AD211C9A.e.16897","ELEMENT":"f.504C58434384A4EE898B1C568961733A.d.632A8F8A91AD30DA9337D0E8AD211C9A.e.16897"}]}
COMMAND: POST /session/3e4ceb57b36163f530f5479f57478588/element/f.504C58434384A4EE898B1C568961733A.d.632A8F8A91AD30DA9337D0E8AD211C9A.e.16897/click - {}
COMMAND: GET /session/3e4ceb57b36163f530f5479f57478588/screenshot - {}
RESULT: {}
RESULT: {}
COMMAND: GET /session/3e4ceb57b36163f530f5479f57478588/screenshot - {}
RESULT: {}
RESULT: {}
COMMAND: POST /session/3e4ceb57b36163f530f5479f57478588/actions - {"actions":[{"id":"action61","type":"key","parameters":{},"actions":[{"type":"keyDown","value":""},{"type":"pause","duration":10},{"type":"keyUp","value":""}]}]}
RESULT: {"actions":[{"id":"action61","type":"key","parameters":{},"actions":[{"type":"keyDown","value":""},{"type":"pause","duration":10},{"type":"keyUp","value":""}]}]}
COMMAND: GET /session/3e4ceb57b36163f530f5479f57478588/screenshot - {}
RESULT: {}
COMMAND: POST /session/3e4ceb57b36163f530f5479f57478588/execute/async - {"script":"<script> [1562 bytes]","args":[{"selector":{"id":"application-manageconditionprice-display-component---newCondition--condBillCond-arrow"},"wdio_ui5_key":"applicationmanageconditionprice-display-component---newCondition--condBillCond-arrow"}]}
RESULT: {"script":"<script> [1562 bytes]","args":[{"selector":{"id":"application-manageconditionprice-display-component---newCondition--condBillCond-arrow"},"wdio_ui5_key":"applicationmanageconditionprice-display-component---newCondition--condBillCond-arrow"}]}
RESULT: undefined
COMMAND: POST /session/3e4ceb57b36163f530f5479f57478588/element - {"using":"xpath","value":"//*[@id=\"application-manageconditionprice-display-component---newCondition--condBillCond-arrow\"]"}
RESULT: {"using":"xpath","value":"//*[@id=\"application-manageconditionprice-display-component---newCondition--condBillCond-arrow\"]"}
COMMAND: POST /session/3e4ceb57b36163f530f5479f57478588/element/f.504C58434384A4EE898B1C568961733A.d.632A8F8A91AD30DA9337D0E8AD211C9A.e.17076/click - {}
RESULT: {}
COMMAND: GET /session/3e4ceb57b36163f530f5479f57478588/screenshot - {}
RESULT: {}
COMMAND: POST /session/3e4ceb57b36163f530f5479f57478588/element - {"using":"xpath","value":"//li[.//span[contains(text(), \"DISP - D&I special price\")]]"}
RESULT: {"using":"xpath","value":"//li[.//span[contains(text(), \"DISP - D&I special price\")]]"}
COMMAND: POST /session/3e4ceb57b36163f530f5479f57478588/element/f.504C58434384A4EE898B1C568961733A.d.632A8F8A91AD30DA9337D0E8AD211C9A.e.17080/click - {}
RESULT: {}
COMMAND: GET /session/3e4ceb57b36163f530f5479f57478588/screenshot - {}
RESULT: {}
COMMAND: POST /session/3e4ceb57b36163f530f5479f57478588/execute/async - {"script":"<script> [1562 bytes]","args":[{"selector":{"id":"application-manageconditionprice-display-component---newCondition--condValidTo","interaction":{"idSuffix":"inner"}},"wdio_ui5_key":"applicationmanageconditionprice-display-component---newCondition--condValidTo"}]}
RESULT: {"script":"<script> [1562 bytes]","args":[{"selector":{"id":"application-manageconditionprice-display-component---newCondition--condValidTo","interaction":{"idSuffix":"inner"}},"wdio_ui5_key":"applicationmanageconditionprice-display-component---newCondition--condValidTo"}]}
RESULT: undefined
COMMAND: POST /session/3e4ceb57b36163f530f5479f57478588/execute/async - {"script":"<script> [776 bytes]","args":[{"enterText":"12/13/25","selector":{"id":"application-manageconditionprice-display-component---newCondition--condValidTo","interaction":{"idSuffix":"inner"}},"clearTextFirst":true,"interactionType":"ENTER_TEXT"}]}
RESULT: {"script":"<script> [776 bytes]","args":[{"enterText":"12/13/25","selector":{"id":"application-manageconditionprice-display-component---newCondition--condValidTo","interaction":{"idSuffix":"inner"}},"clearTextFirst":true,"interactionType":"ENTER_TEXT"}]}
COMMAND: POST /session/3e4ceb57b36163f530f5479f57478588/element - {"using":"xpath","value":"//input[@id=\"application-manageconditionprice-display-component---newCondition--condRU-inner\"]"}
RESULT: {"using":"xpath","value":"//input[@id=\"application-manageconditionprice-display-component---newCondition--condRU-inner\"]"}
COMMAND: POST /session/3e4ceb57b36163f530f5479f57478588/element/f.504C58434384A4EE898B1C568961733A.d.632A8F8A91AD30DA9337D0E8AD211C9A.e.16913/clear - {}
RESULT: {}
COMMAND: POST /session/3e4ceb57b36163f530f5479f57478588/element/f.504C58434384A4EE898B1C568961733A.d.632A8F8A91AD30DA9337D0E8AD211C9A.e.16913/value - {"text":"6HURepej8b"}
COMMAND: GET /session/3e4ceb57b36163f530f5479f57478588/screenshot - {}
RESULT: {"text":"6HURepej8b"}
COMMAND: GET /session/3e4ceb57b36163f530f5479f57478588/screenshot - {}
RESULT: {}
RESULT: {}
COMMAND: POST /session/3e4ceb57b36163f530f5479f57478588/actions - {"actions":[{"id":"action62","type":"key","parameters":{},"actions":[{"type":"keyDown","value":""},{"type":"pause","duration":10},{"type":"keyUp","value":""}]}]}
RESULT: {"actions":[{"id":"action62","type":"key","parameters":{},"actions":[{"type":"keyDown","value":""},{"type":"pause","duration":10},{"type":"keyUp","value":""}]}]}
COMMAND: POST /session/3e4ceb57b36163f530f5479f57478588/execute/async - {"script":"<script> [1562 bytes]","args":[{"selector":{"id":"application-manageconditionprice-display-component---newCondition--condBaseQty","interaction":{"idSuffix":"inner"}},"wdio_ui5_key":"applicationmanageconditionprice-display-component---newCondition--condBaseQty"}]}
COMMAND: GET /session/3e4ceb57b36163f530f5479f57478588/screenshot - {}
RESULT: {"script":"<script> [1562 bytes]","args":[{"selector":{"id":"application-manageconditionprice-display-component---newCondition--condBaseQty","interaction":{"idSuffix":"inner"}},"wdio_ui5_key":"applicationmanageconditionprice-display-component---newCondition--condBaseQty"}]}
RESULT: undefined
COMMAND: POST /session/3e4ceb57b36163f530f5479f57478588/execute/async - {"script":"<script> [776 bytes]","args":[{"enterText":"1","selector":{"id":"application-manageconditionprice-display-component---newCondition--condBaseQty","interaction":{"idSuffix":"inner"}},"clearTextFirst":true,"interactionType":"ENTER_TEXT"}]}
RESULT: {}
RESULT: {"script":"<script> [776 bytes]","args":[{"enterText":"1","selector":{"id":"application-manageconditionprice-display-component---newCondition--condBaseQty","interaction":{"idSuffix":"inner"}},"clearTextFirst":true,"interactionType":"ENTER_TEXT"}]}
COMMAND: POST /session/3e4ceb57b36163f530f5479f57478588/execute/async - {"script":"<script> [1562 bytes]","args":[{"selector":{"id":"application-manageconditionprice-display-component---newCondition--condValue","interaction":{"idSuffix":"inner"}},"wdio_ui5_key":"applicationmanageconditionprice-display-component---newCondition--condValue"}]}
RESULT: {"script":"<script> [1562 bytes]","args":[{"selector":{"id":"application-manageconditionprice-display-component---newCondition--condValue","interaction":{"idSuffix":"inner"}},"wdio_ui5_key":"applicationmanageconditionprice-display-component---newCondition--condValue"}]}
RESULT: undefined
COMMAND: POST /session/3e4ceb57b36163f530f5479f57478588/execute/async - {"script":"<script> [776 bytes]","args":[{"enterText":"200","selector":{"id":"application-manageconditionprice-display-component---newCondition--condValue","interaction":{"idSuffix":"inner"}},"clearTextFirst":true,"interactionType":"ENTER_TEXT"}]}
RESULT: {"script":"<script> [776 bytes]","args":[{"enterText":"200","selector":{"id":"application-manageconditionprice-display-component---newCondition--condValue","interaction":{"idSuffix":"inner"}},"clearTextFirst":true,"interactionType":"ENTER_TEXT"}]}
COMMAND: POST /session/3e4ceb57b36163f530f5479f57478588/execute/async - {"script":"<script> [1562 bytes]","args":[{"selector":{"id":"application-manageconditionprice-display-component---newCondition--condCurr-arrow"},"wdio_ui5_key":"applicationmanageconditionprice-display-component---newCondition--condCurr-arrow"}]}
RESULT: {"script":"<script> [1562 bytes]","args":[{"selector":{"id":"application-manageconditionprice-display-component---newCondition--condCurr-arrow"},"wdio_ui5_key":"applicationmanageconditionprice-display-component---newCondition--condCurr-arrow"}]}
RESULT: undefined
COMMAND: POST /session/3e4ceb57b36163f530f5479f57478588/element - {"using":"xpath","value":"//*[@id=\"application-manageconditionprice-display-component---newCondition--condCurr-arrow\"]"}
RESULT: {"using":"xpath","value":"//*[@id=\"application-manageconditionprice-display-component---newCondition--condCurr-arrow\"]"}
COMMAND: POST /session/3e4ceb57b36163f530f5479f57478588/element/f.504C58434384A4EE898B1C568961733A.d.632A8F8A91AD30DA9337D0E8AD211C9A.e.17060/click - {}
RESULT: {}
COMMAND: POST /session/3e4ceb57b36163f530f5479f57478588/element - {"using":"xpath","value":"//span[contains(text(), \"Euro\")]"}
COMMAND: GET /session/3e4ceb57b36163f530f5479f57478588/screenshot - {}
RESULT: {"using":"xpath","value":"//span[contains(text(), \"Euro\")]"}
COMMAND: POST /session/3e4ceb57b36163f530f5479f57478588/element/f.504C58434384A4EE898B1C568961733A.d.632A8F8A91AD30DA9337D0E8AD211C9A.e.17117/click - {}
RESULT: {}
RESULT: {}
COMMAND: POST /session/3e4ceb57b36163f530f5479f57478588/element - {"using":"xpath","value":"//button[@data-kt=\"saveButton\"]"}
COMMAND: GET /session/3e4ceb57b36163f530f5479f57478588/screenshot - {}
RESULT: {"using":"xpath","value":"//button[@data-kt=\"saveButton\"]"}
COMMAND: POST /session/3e4ceb57b36163f530f5479f57478588/element/f.504C58434384A4EE898B1C568961733A.d.632A8F8A91AD30DA9337D0E8AD211C9A.e.17061/click - {}
RESULT: {}
RESULT: {}
COMMAND: GET /session/3e4ceb57b36163f530f5479f57478588/screenshot - {}
RESULT: {}
COMMAND: POST /session/3e4ceb57b36163f530f5479f57478588/execute/async - {"script":"<script> [1562 bytes]","args":[{"selector":{"id":"application-manageconditionprice-display-component---conditions--smartFilterBar-btnBasicSearch","interaction":{"idSuffix":"I"}},"wdio_ui5_key":"applicationmanageconditionprice-display-component---conditions--smartFilterBar-btnBasicSearch"}]}
RESULT: {"script":"<script> [1562 bytes]","args":[{"selector":{"id":"application-manageconditionprice-display-component---conditions--smartFilterBar-btnBasicSearch","interaction":{"idSuffix":"I"}},"wdio_ui5_key":"applicationmanageconditionprice-display-component---conditions--smartFilterBar-btnBasicSearch"}]}
RESULT: undefined
COMMAND: POST /session/3e4ceb57b36163f530f5479f57478588/execute/async - {"script":"<script> [776 bytes]","args":[{"enterText":"6HURepej8b","selector":{"id":"application-manageconditionprice-display-component---conditions--smartFilterBar-btnBasicSearch","interaction":{"idSuffix":"I"}},"clearTextFirst":true,"interactionType":"ENTER_TEXT"}]}
RESULT: {"script":"<script> [776 bytes]","args":[{"enterText":"6HURepej8b","selector":{"id":"application-manageconditionprice-display-component---conditions--smartFilterBar-btnBasicSearch","interaction":{"idSuffix":"I"}},"clearTextFirst":true,"interactionType":"ENTER_TEXT"}]}
COMMAND: POST /session/3e4ceb57b36163f530f5479f57478588/actions - {"actions":[{"id":"action63","type":"key","parameters":{},"actions":[{"type":"keyDown","value":""},{"type":"pause","duration":10},{"type":"keyUp","value":""}]}]}
RESULT: {"actions":[{"id":"action63","type":"key","parameters":{},"actions":[{"type":"keyDown","value":""},{"type":"pause","duration":10},{"type":"keyUp","value":""}]}]}
COMMAND: GET /session/3e4ceb57b36163f530f5479f57478588/screenshot - {}
RESULT: {}
COMMAND: POST /session/3e4ceb57b36163f530f5479f57478588/execute/async - {"script":"<script> [1562 bytes]","args":[{"selector":{"id":"application-manageconditionprice-display-component---conditions--smartFilterBar-filterItemControl_BASIC-BILL_TYPES-vhi"},"wdio_ui5_key":"applicationmanageconditionprice-display-component---conditions--smartFilterBar-filterItemControl_BASIC-BILL_TYPES-vhi"}]}
RESULT: {"script":"<script> [1562 bytes]","args":[{"selector":{"id":"application-manageconditionprice-display-component---conditions--smartFilterBar-filterItemControl_BASIC-BILL_TYPES-vhi"},"wdio_ui5_key":"applicationmanageconditionprice-display-component---conditions--smartFilterBar-filterItemControl_BASIC-BILL_TYPES-vhi"}]}
RESULT: undefined
COMMAND: POST /session/3e4ceb57b36163f530f5479f57478588/element - {"using":"xpath","value":"//*[@id=\"application-manageconditionprice-display-component---conditions--smartFilterBar-filterItemControl_BASIC-BILL_TYPES-vhi\"]"}
RESULT: {"using":"xpath","value":"//*[@id=\"application-manageconditionprice-display-component---conditions--smartFilterBar-filterItemControl_BASIC-BILL_TYPES-vhi\"]"}
COMMAND: POST /session/3e4ceb57b36163f530f5479f57478588/element/f.504C58434384A4EE898B1C568961733A.d.632A8F8A91AD30DA9337D0E8AD211C9A.e.17224/click - {}
RESULT: {}
COMMAND: POST /session/3e4ceb57b36163f530f5479f57478588/execute/async - {"script":"<script> [1562 bytes]","args":[{"selector":{"id":"application-manageconditionprice-display-component---conditions--smartFilterBar-filterItemControl_BASIC-BILL_TYPES-valueHelpDialog-smartFilterBar-btnBasicSearch","searchOpenDialogs":true,"interaction":{"idSuffix":"I"}},"wdio_ui5_key":"applicationmanageconditionprice-display-component---conditions--smartFilterBar-filterItemControl_BASIC-BILL_TYPES-valueHelpDialog-smartFilterBar-btnBasicSearch"}]}
COMMAND: GET /session/3e4ceb57b36163f530f5479f57478588/screenshot - {}
RESULT: {"script":"<script> [1562 bytes]","args":[{"selector":{"id":"application-manageconditionprice-display-component---conditions--smartFilterBar-filterItemControl_BASIC-BILL_TYPES-valueHelpDialog-smartFilterBar-btnBasicSearch","searchOpenDialogs":true,"interaction":{"idSuffix":"I"}},"wdio_ui5_key":"applicationmanageconditionprice-display-component---conditions--smartFilterBar-filterItemControl_BASIC-BILL_TYPES-valueHelpDialog-smartFilterBar-btnBasicSearch"}]}
RESULT: undefined
COMMAND: POST /session/3e4ceb57b36163f530f5479f57478588/execute/async - {"script":"<script> [776 bytes]","args":[{"enterText":"TB","selector":{"id":"application-manageconditionprice-display-component---conditions--smartFilterBar-filterItemControl_BASIC-BILL_TYPES-valueHelpDialog-smartFilterBar-btnBasicSearch","searchOpenDialogs":true,"interaction":{"idSuffix":"I"}},"clearTextFirst":true,"interactionType":"ENTER_TEXT"}]}
RESULT: {}
RESULT: {"script":"<script> [776 bytes]","args":[{"enterText":"TB","selector":{"id":"application-manageconditionprice-display-component---conditions--smartFilterBar-filterItemControl_BASIC-BILL_TYPES-valueHelpDialog-smartFilterBar-btnBasicSearch","searchOpenDialogs":true,"interaction":{"idSuffix":"I"}},"clearTextFirst":true,"interactionType":"ENTER_TEXT"}]}
COMMAND: POST /session/3e4ceb57b36163f530f5479f57478588/actions - {"actions":[{"id":"action64","type":"key","parameters":{},"actions":[{"type":"keyDown","value":""},{"type":"pause","duration":10},{"type":"keyUp","value":""}]}]}
RESULT: {"actions":[{"id":"action64","type":"key","parameters":{},"actions":[{"type":"keyDown","value":""},{"type":"pause","duration":10},{"type":"keyUp","value":""}]}]}
COMMAND: GET /session/3e4ceb57b36163f530f5479f57478588/screenshot - {}
RESULT: {}
COMMAND: POST /session/3e4ceb57b36163f530f5479f57478588/element - {"using":"xpath","value":"//div[contains(@id, 'application-manageconditionprice-display-component---conditions--smartFilterBar-filterItemControl_BASIC-BILL_TYPES-valueHelpDialog-table-rowsel0')]"}
RESULT: {"using":"xpath","value":"//div[contains(@id, 'application-manageconditionprice-display-component---conditions--smartFilterBar-filterItemControl_BASIC-BILL_TYPES-valueHelpDialog-table-rowsel0')]"}
COMMAND: POST /session/3e4ceb57b36163f530f5479f57478588/element/f.504C58434384A4EE898B1C568961733A.d.632A8F8A91AD30DA9337D0E8AD211C9A.e.17234/click - {}
RESULT: {}
COMMAND: GET /session/3e4ceb57b36163f530f5479f57478588/screenshot - {}
RESULT: {}
COMMAND: POST /session/3e4ceb57b36163f530f5479f57478588/element - {"using":"xpath","value":"//bdi[contains(text(), \"OK\")]"}
RESULT: {"using":"xpath","value":"//bdi[contains(text(), \"OK\")]"}
COMMAND: POST /session/3e4ceb57b36163f530f5479f57478588/element/f.504C58434384A4EE898B1C568961733A.d.632A8F8A91AD30DA9337D0E8AD211C9A.e.17236/click - {}
RESULT: {}
COMMAND: GET /session/3e4ceb57b36163f530f5479f57478588/screenshot - {}
RESULT: {}
COMMAND: POST /session/3e4ceb57b36163f530f5479f57478588/element - {"using":"xpath","value":"//span[@id=\"application-manageconditionprice-display-component---conditions--smartTable-header-inner\"]"}
RESULT: {"using":"xpath","value":"//span[@id=\"application-manageconditionprice-display-component---conditions--smartTable-header-inner\"]"}
COMMAND: POST /session/3e4ceb57b36163f530f5479f57478588/elements - {"using":"xpath","value":"//span[@id=\"application-manageconditionprice-display-component---conditions--smartTable-header-inner\"]"}
RESULT: {"using":"xpath","value":"//span[@id=\"application-manageconditionprice-display-component---conditions--smartTable-header-inner\"]"}
COMMAND: POST /session/3e4ceb57b36163f530f5479f57478588/execute/sync - {"script":"<script> [56 bytes]","args":[{"element-6066-11e4-a52e-4f735466cecf":"f.504C58434384A4EE898B1C568961733A.d.632A8F8A91AD30DA9337D0E8AD211C9A.e.17239","ELEMENT":"f.504C58434384A4EE898B1C568961733A.d.632A8F8A91AD30DA9337D0E8AD211C9A.e.17239"}]}
RESULT: {"script":"<script> [56 bytes]","args":[{"element-6066-11e4-a52e-4f735466cecf":"f.504C58434384A4EE898B1C568961733A.d.632A8F8A91AD30DA9337D0E8AD211C9A.e.17239","ELEMENT":"f.504C58434384A4EE898B1C568961733A.d.632A8F8A91AD30DA9337D0E8AD211C9A.e.17239"}]}
COMMAND: POST /session/3e4ceb57b36163f530f5479f57478588/element - {"using":"css selector","value":"#shell-header-logo"}
COMMAND: GET /session/3e4ceb57b36163f530f5479f57478588/screenshot - {}
RESULT: {"using":"css selector","value":"#shell-header-logo"}
COMMAND: POST /session/3e4ceb57b36163f530f5479f57478588/element/f.504C58434384A4EE898B1C568961733A.d.632A8F8A91AD30DA9337D0E8AD211C9A.e.16865/click - {}
RESULT: {}
RESULT: {}
COMMAND: GET /session/3e4ceb57b36163f530f5479f57478588/screenshot - {}
RESULT: {}
]]></system-out>
    </testcase>
    <testcase classname="chrome.135_0_7049_42.windows.Create_Reverse_Billing_US127248" name="Should do a stock increase handover" time="75.959">
      <system-out><![CDATA[
COMMAND: POST /session/3e4ceb57b36163f530f5479f57478588/execute/async - {"script":"<script> [1562 bytes]","args":[{"selector":{"controlType":"sap.m.Text","viewName":"etm.portal.ui.managehandoverstile.view.Master","properties":{"text":"Manage Handovers"},"interaction":{"idSuffix":"inner"}},"wdio_ui5_key":"etmportal.ui.managehandoverstile.view.Mastersap.m.Text{\"text\":\"Manage Handovers\"}"}]}
RESULT: {"script":"<script> [1562 bytes]","args":[{"selector":{"controlType":"sap.m.Text","viewName":"etm.portal.ui.managehandoverstile.view.Master","properties":{"text":"Manage Handovers"},"interaction":{"idSuffix":"inner"}},"wdio_ui5_key":"etmportal.ui.managehandoverstile.view.Mastersap.m.Text{\"text\":\"Manage Handovers\"}"}]}
RESULT: undefined
COMMAND: POST /session/3e4ceb57b36163f530f5479f57478588/element - {"using":"xpath","value":"//*[@id=\"__tile131-title\"]"}
RESULT: {"using":"xpath","value":"//*[@id=\"__tile131-title\"]"}
COMMAND: POST /session/3e4ceb57b36163f530f5479f57478588/element/f.504C58434384A4EE898B1C568961733A.d.632A8F8A91AD30DA9337D0E8AD211C9A.e.17244/click - {}
RESULT: {}
COMMAND: POST /session/3e4ceb57b36163f530f5479f57478588/element - {"using":"xpath","value":"//button[@data-kt=\"masterHOAddButton\"]"}
COMMAND: GET /session/3e4ceb57b36163f530f5479f57478588/screenshot - {}
RESULT: {"using":"xpath","value":"//button[@data-kt=\"masterHOAddButton\"]"}
COMMAND: POST /session/3e4ceb57b36163f530f5479f57478588/elements - {"using":"xpath","value":"//button[@data-kt=\"masterHOAddButton\"]"}
RESULT: {}
RESULT: {"using":"xpath","value":"//button[@data-kt=\"masterHOAddButton\"]"}
COMMAND: POST /session/3e4ceb57b36163f530f5479f57478588/elements - {"using":"xpath","value":"//button[@data-kt=\"masterHOAddButton\"]"}
RESULT: {"using":"xpath","value":"//button[@data-kt=\"masterHOAddButton\"]"}
COMMAND: POST /session/3e4ceb57b36163f530f5479f57478588/element - {"using":"xpath","value":"//button[@data-kt=\"masterHOAddButton\"]"}
RESULT: {"using":"xpath","value":"//button[@data-kt=\"masterHOAddButton\"]"}
COMMAND: POST /session/3e4ceb57b36163f530f5479f57478588/execute/sync - {"script":"<script> [8489 bytes]","args":[{"element-6066-11e4-a52e-4f735466cecf":"f.504C58434384A4EE898B1C568961733A.d.632A8F8A91AD30DA9337D0E8AD211C9A.e.17281","ELEMENT":"f.504C58434384A4EE898B1C568961733A.d.632A8F8A91AD30DA9337D0E8AD211C9A.e.17281"}]}
RESULT: {"script":"<script> [8489 bytes]","args":[{"element-6066-11e4-a52e-4f735466cecf":"f.504C58434384A4EE898B1C568961733A.d.632A8F8A91AD30DA9337D0E8AD211C9A.e.17281","ELEMENT":"f.504C58434384A4EE898B1C568961733A.d.632A8F8A91AD30DA9337D0E8AD211C9A.e.17281"}]}
COMMAND: GET /session/3e4ceb57b36163f530f5479f57478588/element/f.504C58434384A4EE898B1C568961733A.d.632A8F8A91AD30DA9337D0E8AD211C9A.e.17281/enabled - {}
COMMAND: GET /session/3e4ceb57b36163f530f5479f57478588/screenshot - {}
RESULT: {}
COMMAND: POST /session/3e4ceb57b36163f530f5479f57478588/execute/sync - {"script":"<script> [8489 bytes]","args":[{"element-6066-11e4-a52e-4f735466cecf":"f.504C58434384A4EE898B1C568961733A.d.632A8F8A91AD30DA9337D0E8AD211C9A.e.17281","ELEMENT":"f.504C58434384A4EE898B1C568961733A.d.632A8F8A91AD30DA9337D0E8AD211C9A.e.17281"}]}
COMMAND: GET /session/3e4ceb57b36163f530f5479f57478588/screenshot - {}
RESULT: {}
RESULT: {"script":"<script> [8489 bytes]","args":[{"element-6066-11e4-a52e-4f735466cecf":"f.504C58434384A4EE898B1C568961733A.d.632A8F8A91AD30DA9337D0E8AD211C9A.e.17281","ELEMENT":"f.504C58434384A4EE898B1C568961733A.d.632A8F8A91AD30DA9337D0E8AD211C9A.e.17281"}]}
COMMAND: POST /session/3e4ceb57b36163f530f5479f57478588/execute/sync - {"script":"<script> [5351 bytes]","args":[{"element-6066-11e4-a52e-4f735466cecf":"f.504C58434384A4EE898B1C568961733A.d.632A8F8A91AD30DA9337D0E8AD211C9A.e.17281","ELEMENT":"f.504C58434384A4EE898B1C568961733A.d.632A8F8A91AD30DA9337D0E8AD211C9A.e.17281"}]}
COMMAND: GET /session/3e4ceb57b36163f530f5479f57478588/screenshot - {}
RESULT: {}
RESULT: {"script":"<script> [5351 bytes]","args":[{"element-6066-11e4-a52e-4f735466cecf":"f.504C58434384A4EE898B1C568961733A.d.632A8F8A91AD30DA9337D0E8AD211C9A.e.17281","ELEMENT":"f.504C58434384A4EE898B1C568961733A.d.632A8F8A91AD30DA9337D0E8AD211C9A.e.17281"}]}
COMMAND: POST /session/3e4ceb57b36163f530f5479f57478588/element/f.504C58434384A4EE898B1C568961733A.d.632A8F8A91AD30DA9337D0E8AD211C9A.e.17281/click - {}
COMMAND: GET /session/3e4ceb57b36163f530f5479f57478588/screenshot - {}
RESULT: {}
RESULT: {}
COMMAND: GET /session/3e4ceb57b36163f530f5479f57478588/screenshot - {}
RESULT: {}
COMMAND: POST /session/3e4ceb57b36163f530f5479f57478588/element - {"using":"xpath","value":"//span[contains(@id ,\"AddNewHO--typeSelect-arrow\")]"}
RESULT: {}
RESULT: {"using":"xpath","value":"//span[contains(@id ,\"AddNewHO--typeSelect-arrow\")]"}
COMMAND: POST /session/3e4ceb57b36163f530f5479f57478588/element/f.504C58434384A4EE898B1C568961733A.d.632A8F8A91AD30DA9337D0E8AD211C9A.e.17620/click - {}
RESULT: {}
COMMAND: GET /session/3e4ceb57b36163f530f5479f57478588/screenshot - {}
RESULT: {}
COMMAND: POST /session/3e4ceb57b36163f530f5479f57478588/element - {"using":"xpath","value":"(//li[contains(text(), \"stock increase yard\")])[1]"}
RESULT: {"using":"xpath","value":"(//li[contains(text(), \"stock increase yard\")])[1]"}
COMMAND: POST /session/3e4ceb57b36163f530f5479f57478588/element/f.504C58434384A4EE898B1C568961733A.d.632A8F8A91AD30DA9337D0E8AD211C9A.e.17621/click - {}
RESULT: {}
COMMAND: GET /session/3e4ceb57b36163f530f5479f57478588/screenshot - {}
RESULT: {}
COMMAND: POST /session/3e4ceb57b36163f530f5479f57478588/execute/async - {"script":"<script> [1562 bytes]","args":[{"selector":{"id":"application-managehandovers-display-component---AddNewHO--dueDate","interaction":{"idSuffix":"inner"}},"wdio_ui5_key":"applicationmanagehandovers-display-component---AddNewHO--dueDate"}]}
RESULT: {"script":"<script> [1562 bytes]","args":[{"selector":{"id":"application-managehandovers-display-component---AddNewHO--dueDate","interaction":{"idSuffix":"inner"}},"wdio_ui5_key":"applicationmanagehandovers-display-component---AddNewHO--dueDate"}]}
RESULT: undefined
COMMAND: POST /session/3e4ceb57b36163f530f5479f57478588/execute/async - {"script":"<script> [6424 bytes]","args":[{"element-6066-11e4-a52e-4f735466cecf":"f.504C58434384A4EE898B1C568961733A.d.632A8F8A91AD30DA9337D0E8AD211C9A.e.17623"},"setValue",["04/13/2025"]]}
RESULT: {"script":"<script> [6424 bytes]","args":[{"element-6066-11e4-a52e-4f735466cecf":"f.504C58434384A4EE898B1C568961733A.d.632A8F8A91AD30DA9337D0E8AD211C9A.e.17623"},"setValue",["04/13/2025"]]}
COMMAND: POST /session/3e4ceb57b36163f530f5479f57478588/element - {"using":"xpath","value":"//input[@id=\"generalSectionFrg--receiveYard-inner\"]"}
RESULT: {"using":"xpath","value":"//input[@id=\"generalSectionFrg--receiveYard-inner\"]"}
COMMAND: POST /session/3e4ceb57b36163f530f5479f57478588/element/f.504C58434384A4EE898B1C568961733A.d.632A8F8A91AD30DA9337D0E8AD211C9A.e.17629/clear - {}
RESULT: {}
COMMAND: POST /session/3e4ceb57b36163f530f5479f57478588/element/f.504C58434384A4EE898B1C568961733A.d.632A8F8A91AD30DA9337D0E8AD211C9A.e.17629/value - {"text":"259"}
COMMAND: GET /session/3e4ceb57b36163f530f5479f57478588/screenshot - {}
RESULT: {"text":"259"}
COMMAND: GET /session/3e4ceb57b36163f530f5479f57478588/screenshot - {}
RESULT: {}
RESULT: {}
COMMAND: POST /session/3e4ceb57b36163f530f5479f57478588/element - {"using":"xpath","value":"//li[.//span[text()='259']]"}
RESULT: {"using":"xpath","value":"//li[.//span[text()='259']]"}
COMMAND: POST /session/3e4ceb57b36163f530f5479f57478588/element/f.504C58434384A4EE898B1C568961733A.d.632A8F8A91AD30DA9337D0E8AD211C9A.e.17644/click - {}
RESULT: {}
COMMAND: GET /session/3e4ceb57b36163f530f5479f57478588/screenshot - {}
RESULT: {}
COMMAND: POST /session/3e4ceb57b36163f530f5479f57478588/execute/async - {"script":"<script> [1562 bytes]","args":[{"selector":{"id":"application-managehandovers-display-component---AddNewHO--ObjectPageLayout-anchBar-application-managehandovers-display-component---AddNewHO--section4-anchor","interaction":{"idSuffix":"BDI-content"}},"wdio_ui5_key":"applicationmanagehandovers-display-component---AddNewHO--ObjectPageLayout-anchBar-application-managehandovers-display-component---AddNewHO--section4-anchor"}]}
RESULT: {"script":"<script> [1562 bytes]","args":[{"selector":{"id":"application-managehandovers-display-component---AddNewHO--ObjectPageLayout-anchBar-application-managehandovers-display-component---AddNewHO--section4-anchor","interaction":{"idSuffix":"BDI-content"}},"wdio_ui5_key":"applicationmanagehandovers-display-component---AddNewHO--ObjectPageLayout-anchBar-application-managehandovers-display-component---AddNewHO--section4-anchor"}]}
RESULT: undefined
COMMAND: POST /session/3e4ceb57b36163f530f5479f57478588/element - {"using":"xpath","value":"//*[@id=\"application-managehandovers-display-component---AddNewHO--ObjectPageLayout-anchBar-application-managehandovers-display-component---AddNewHO--section4-anchor\"]"}
RESULT: {"using":"xpath","value":"//*[@id=\"application-managehandovers-display-component---AddNewHO--ObjectPageLayout-anchBar-application-managehandovers-display-component---AddNewHO--section4-anchor\"]"}
COMMAND: POST /session/3e4ceb57b36163f530f5479f57478588/element/f.504C58434384A4EE898B1C568961733A.d.632A8F8A91AD30DA9337D0E8AD211C9A.e.17646/click - {}
RESULT: {}
COMMAND: POST /session/3e4ceb57b36163f530f5479f57478588/element - {"using":"xpath","value":"//button[@aria-label=\"Add\"]"}
COMMAND: GET /session/3e4ceb57b36163f530f5479f57478588/screenshot - {}
RESULT: {"using":"xpath","value":"//button[@aria-label=\"Add\"]"}
COMMAND: POST /session/3e4ceb57b36163f530f5479f57478588/element/f.504C58434384A4EE898B1C568961733A.d.632A8F8A91AD30DA9337D0E8AD211C9A.e.17650/click - {}
RESULT: {}
RESULT: {}
COMMAND: GET /session/3e4ceb57b36163f530f5479f57478588/screenshot - {}
RESULT: {}
COMMAND: POST /session/3e4ceb57b36163f530f5479f57478588/execute/async - {"script":"<script> [1562 bytes]","args":[{"selector":{"id":"application-managehandovers-display-component---AddNewHO--smartFilterBar-btnBasicSearch","searchOpenDialogs":true,"interaction":{"idSuffix":"I"}},"wdio_ui5_key":"applicationmanagehandovers-display-component---AddNewHO--smartFilterBar-btnBasicSearch"}]}
RESULT: {"script":"<script> [1562 bytes]","args":[{"selector":{"id":"application-managehandovers-display-component---AddNewHO--smartFilterBar-btnBasicSearch","searchOpenDialogs":true,"interaction":{"idSuffix":"I"}},"wdio_ui5_key":"applicationmanagehandovers-display-component---AddNewHO--smartFilterBar-btnBasicSearch"}]}
RESULT: undefined
COMMAND: POST /session/3e4ceb57b36163f530f5479f57478588/execute/async - {"script":"<script> [776 bytes]","args":[{"enterText":"6HURepej8b","selector":{"id":"application-managehandovers-display-component---AddNewHO--smartFilterBar-btnBasicSearch","searchOpenDialogs":true,"interaction":{"idSuffix":"I"}},"clearTextFirst":true,"interactionType":"ENTER_TEXT"}]}
RESULT: {"script":"<script> [776 bytes]","args":[{"enterText":"6HURepej8b","selector":{"id":"application-managehandovers-display-component---AddNewHO--smartFilterBar-btnBasicSearch","searchOpenDialogs":true,"interaction":{"idSuffix":"I"}},"clearTextFirst":true,"interactionType":"ENTER_TEXT"}]}
COMMAND: POST /session/3e4ceb57b36163f530f5479f57478588/actions - {"actions":[{"id":"action65","type":"key","parameters":{},"actions":[{"type":"keyDown","value":""},{"type":"pause","duration":10},{"type":"keyUp","value":""}]}]}
RESULT: {"actions":[{"id":"action65","type":"key","parameters":{},"actions":[{"type":"keyDown","value":""},{"type":"pause","duration":10},{"type":"keyUp","value":""}]}]}
COMMAND: POST /session/3e4ceb57b36163f530f5479f57478588/execute/async - {"script":"<script> [1562 bytes]","args":[{"selector":{"id":"application-managehandovers-display-component---AddNewHO--popup-sa","searchOpenDialogs":true,"interaction":{"idSuffix":"CbBg"}},"wdio_ui5_key":"applicationmanagehandovers-display-component---AddNewHO--popup-sa"}]}
COMMAND: GET /session/3e4ceb57b36163f530f5479f57478588/screenshot - {}
RESULT: {"script":"<script> [1562 bytes]","args":[{"selector":{"id":"application-managehandovers-display-component---AddNewHO--popup-sa","searchOpenDialogs":true,"interaction":{"idSuffix":"CbBg"}},"wdio_ui5_key":"applicationmanagehandovers-display-component---AddNewHO--popup-sa"}]}
RESULT: undefined
COMMAND: POST /session/3e4ceb57b36163f530f5479f57478588/element - {"using":"xpath","value":"//*[@id=\"application-managehandovers-display-component---AddNewHO--popup-sa\"]"}
RESULT: {}
RESULT: {"using":"xpath","value":"//*[@id=\"application-managehandovers-display-component---AddNewHO--popup-sa\"]"}
COMMAND: POST /session/3e4ceb57b36163f530f5479f57478588/element/f.504C58434384A4EE898B1C568961733A.d.632A8F8A91AD30DA9337D0E8AD211C9A.e.17804/click - {}
RESULT: {}
COMMAND: GET /session/3e4ceb57b36163f530f5479f57478588/screenshot - {}
RESULT: {}
COMMAND: POST /session/3e4ceb57b36163f530f5479f57478588/element - {"using":"xpath","value":"//bdi[contains(text(), \"Select\")]"}
RESULT: {"using":"xpath","value":"//bdi[contains(text(), \"Select\")]"}
COMMAND: POST /session/3e4ceb57b36163f530f5479f57478588/element/f.504C58434384A4EE898B1C568961733A.d.632A8F8A91AD30DA9337D0E8AD211C9A.e.17805/click - {}
RESULT: {}
COMMAND: GET /session/3e4ceb57b36163f530f5479f57478588/screenshot - {}
RESULT: {}
COMMAND: POST /session/3e4ceb57b36163f530f5479f57478588/element - {"using":"xpath","value":"//button[@data-kt=\"AddNewHOSaveButton\"]"}
RESULT: {"using":"xpath","value":"//button[@data-kt=\"AddNewHOSaveButton\"]"}
COMMAND: POST /session/3e4ceb57b36163f530f5479f57478588/element/f.504C58434384A4EE898B1C568961733A.d.632A8F8A91AD30DA9337D0E8AD211C9A.e.17809/click - {}
RESULT: {}
COMMAND: GET /session/3e4ceb57b36163f530f5479f57478588/screenshot - {}
RESULT: {}
COMMAND: POST /session/3e4ceb57b36163f530f5479f57478588/execute/async - {"script":"<script> [1562 bytes]","args":[{"selector":{"id":"receiptDatePicker","viewName":"etm.portal.ui.managehandovers.view.DetailExecuteHO","interaction":{"idSuffix":"inner"}},"wdio_ui5_key":"receiptDatePickeretmportal.ui.managehandovers.view.DetailExecuteHO"}]}
RESULT: {"script":"<script> [1562 bytes]","args":[{"selector":{"id":"receiptDatePicker","viewName":"etm.portal.ui.managehandovers.view.DetailExecuteHO","interaction":{"idSuffix":"inner"}},"wdio_ui5_key":"receiptDatePickeretmportal.ui.managehandovers.view.DetailExecuteHO"}]}
RESULT: undefined
COMMAND: POST /session/3e4ceb57b36163f530f5479f57478588/execute/async - {"script":"<script> [6424 bytes]","args":[{"element-6066-11e4-a52e-4f735466cecf":"f.504C58434384A4EE898B1C568961733A.d.632A8F8A91AD30DA9337D0E8AD211C9A.e.17841"},"setValue",["04/13/2025"]]}
RESULT: {"script":"<script> [6424 bytes]","args":[{"element-6066-11e4-a52e-4f735466cecf":"f.504C58434384A4EE898B1C568961733A.d.632A8F8A91AD30DA9337D0E8AD211C9A.e.17841"},"setValue",["04/13/2025"]]}
COMMAND: POST /session/3e4ceb57b36163f530f5479f57478588/element - {"using":"xpath","value":"//button[@data-kt=\"PickingTableConfirmAllButton\"]"}
RESULT: {"using":"xpath","value":"//button[@data-kt=\"PickingTableConfirmAllButton\"]"}
COMMAND: POST /session/3e4ceb57b36163f530f5479f57478588/element/f.504C58434384A4EE898B1C568961733A.d.632A8F8A91AD30DA9337D0E8AD211C9A.e.17856/click - {}
RESULT: {}
COMMAND: GET /session/3e4ceb57b36163f530f5479f57478588/screenshot - {}
RESULT: {}
COMMAND: POST /session/3e4ceb57b36163f530f5479f57478588/element - {"using":"xpath","value":"//bdi[contains(text(), \"OK\")]"}
RESULT: {"using":"xpath","value":"//bdi[contains(text(), \"OK\")]"}
COMMAND: POST /session/3e4ceb57b36163f530f5479f57478588/element/f.504C58434384A4EE898B1C568961733A.d.632A8F8A91AD30DA9337D0E8AD211C9A.e.17858/click - {}
RESULT: {}
COMMAND: GET /session/3e4ceb57b36163f530f5479f57478588/screenshot - {}
RESULT: {}
COMMAND: POST /session/3e4ceb57b36163f530f5479f57478588/element - {"using":"xpath","value":"(//bdi[contains(text(), \"Receive\")])[2]"}
RESULT: {"using":"xpath","value":"(//bdi[contains(text(), \"Receive\")])[2]"}
COMMAND: POST /session/3e4ceb57b36163f530f5479f57478588/element/f.504C58434384A4EE898B1C568961733A.d.632A8F8A91AD30DA9337D0E8AD211C9A.e.17860/click - {}
RESULT: {}
COMMAND: GET /session/3e4ceb57b36163f530f5479f57478588/screenshot - {}
RESULT: {}
COMMAND: POST /session/3e4ceb57b36163f530f5479f57478588/element - {"using":"css selector","value":"#shell-header-logo"}
RESULT: {"using":"css selector","value":"#shell-header-logo"}
COMMAND: POST /session/3e4ceb57b36163f530f5479f57478588/element/f.504C58434384A4EE898B1C568961733A.d.632A8F8A91AD30DA9337D0E8AD211C9A.e.17246/click - {}
RESULT: {}
COMMAND: GET /session/3e4ceb57b36163f530f5479f57478588/screenshot - {}
RESULT: {}
]]></system-out>
    </testcase>
    <testcase classname="chrome.135_0_7049_42.windows.Create_Reverse_Billing_US127248" name="Should create a new contract" time="47.493">
      <system-out><![CDATA[
COMMAND: POST /session/3e4ceb57b36163f530f5479f57478588/execute/async - {"script":"<script> [1562 bytes]","args":[{"selector":{"controlType":"sap.m.Text","viewName":"etm.portal.ui.managecontractstile.view.Master","properties":{"text":"Manage Contracts"},"interaction":{"idSuffix":"inner"}},"wdio_ui5_key":"etmportal.ui.managecontractstile.view.Mastersap.m.Text{\"text\":\"Manage Contracts\"}"}]}
RESULT: {"script":"<script> [1562 bytes]","args":[{"selector":{"controlType":"sap.m.Text","viewName":"etm.portal.ui.managecontractstile.view.Master","properties":{"text":"Manage Contracts"},"interaction":{"idSuffix":"inner"}},"wdio_ui5_key":"etmportal.ui.managecontractstile.view.Mastersap.m.Text{\"text\":\"Manage Contracts\"}"}]}
RESULT: undefined
COMMAND: POST /session/3e4ceb57b36163f530f5479f57478588/element - {"using":"xpath","value":"//*[@id=\"__tile133-title\"]"}
RESULT: {"using":"xpath","value":"//*[@id=\"__tile133-title\"]"}
COMMAND: POST /session/3e4ceb57b36163f530f5479f57478588/element/f.504C58434384A4EE898B1C568961733A.d.632A8F8A91AD30DA9337D0E8AD211C9A.e.18036/click - {}
RESULT: {}
COMMAND: GET /session/3e4ceb57b36163f530f5479f57478588/screenshot - {}
RESULT: {}
COMMAND: POST /session/3e4ceb57b36163f530f5479f57478588/element - {"using":"xpath","value":"//button[@data-kt=\"addButton\"]"}
RESULT: undefined
RESULT: undefined
RESULT: {"using":"xpath","value":"//button[@data-kt=\"addButton\"]"}
COMMAND: POST /session/3e4ceb57b36163f530f5479f57478588/elements - {"using":"xpath","value":"//button[@data-kt=\"addButton\"]"}
RESULT: {"using":"xpath","value":"//button[@data-kt=\"addButton\"]"}
COMMAND: POST /session/3e4ceb57b36163f530f5479f57478588/execute/sync - {"script":"<script> [8489 bytes]","args":[{"element-6066-11e4-a52e-4f735466cecf":"f.504C58434384A4EE898B1C568961733A.d.632A8F8A91AD30DA9337D0E8AD211C9A.e.18104","ELEMENT":"f.504C58434384A4EE898B1C568961733A.d.632A8F8A91AD30DA9337D0E8AD211C9A.e.18104"}]}
RESULT: {"script":"<script> [8489 bytes]","args":[{"element-6066-11e4-a52e-4f735466cecf":"f.504C58434384A4EE898B1C568961733A.d.632A8F8A91AD30DA9337D0E8AD211C9A.e.18104","ELEMENT":"f.504C58434384A4EE898B1C568961733A.d.632A8F8A91AD30DA9337D0E8AD211C9A.e.18104"}]}
COMMAND: GET /session/3e4ceb57b36163f530f5479f57478588/element/f.504C58434384A4EE898B1C568961733A.d.632A8F8A91AD30DA9337D0E8AD211C9A.e.18104/enabled - {}
COMMAND: GET /session/3e4ceb57b36163f530f5479f57478588/screenshot - {}
RESULT: {}
COMMAND: POST /session/3e4ceb57b36163f530f5479f57478588/execute/sync - {"script":"<script> [8489 bytes]","args":[{"element-6066-11e4-a52e-4f735466cecf":"f.504C58434384A4EE898B1C568961733A.d.632A8F8A91AD30DA9337D0E8AD211C9A.e.18104","ELEMENT":"f.504C58434384A4EE898B1C568961733A.d.632A8F8A91AD30DA9337D0E8AD211C9A.e.18104"}]}
COMMAND: GET /session/3e4ceb57b36163f530f5479f57478588/screenshot - {}
RESULT: {}
RESULT: {"script":"<script> [8489 bytes]","args":[{"element-6066-11e4-a52e-4f735466cecf":"f.504C58434384A4EE898B1C568961733A.d.632A8F8A91AD30DA9337D0E8AD211C9A.e.18104","ELEMENT":"f.504C58434384A4EE898B1C568961733A.d.632A8F8A91AD30DA9337D0E8AD211C9A.e.18104"}]}
COMMAND: POST /session/3e4ceb57b36163f530f5479f57478588/execute/sync - {"script":"<script> [5351 bytes]","args":[{"element-6066-11e4-a52e-4f735466cecf":"f.504C58434384A4EE898B1C568961733A.d.632A8F8A91AD30DA9337D0E8AD211C9A.e.18104","ELEMENT":"f.504C58434384A4EE898B1C568961733A.d.632A8F8A91AD30DA9337D0E8AD211C9A.e.18104"}]}
COMMAND: GET /session/3e4ceb57b36163f530f5479f57478588/screenshot - {}
RESULT: {}
RESULT: {"script":"<script> [5351 bytes]","args":[{"element-6066-11e4-a52e-4f735466cecf":"f.504C58434384A4EE898B1C568961733A.d.632A8F8A91AD30DA9337D0E8AD211C9A.e.18104","ELEMENT":"f.504C58434384A4EE898B1C568961733A.d.632A8F8A91AD30DA9337D0E8AD211C9A.e.18104"}]}
COMMAND: GET /session/3e4ceb57b36163f530f5479f57478588/screenshot - {}
RESULT: {}
RESULT: {}
COMMAND: POST /session/3e4ceb57b36163f530f5479f57478588/element/f.504C58434384A4EE898B1C568961733A.d.632A8F8A91AD30DA9337D0E8AD211C9A.e.18104/click - {}
RESULT: {}
COMMAND: GET /session/3e4ceb57b36163f530f5479f57478588/screenshot - {}
COMMAND: POST /session/3e4ceb57b36163f530f5479f57478588/execute/async - {"script":"<script> [1562 bytes]","args":[{"selector":{"id":"application-managecontracts-display-component---AddNewContract--projectDescription","interaction":{"idSuffix":"inner"}},"wdio_ui5_key":"applicationmanagecontracts-display-component---AddNewContract--projectDescription"}]}
RESULT: {}
RESULT: {"script":"<script> [1562 bytes]","args":[{"selector":{"id":"application-managecontracts-display-component---AddNewContract--projectDescription","interaction":{"idSuffix":"inner"}},"wdio_ui5_key":"applicationmanagecontracts-display-component---AddNewContract--projectDescription"}]}
RESULT: undefined
COMMAND: POST /session/3e4ceb57b36163f530f5479f57478588/execute/async - {"script":"<script> [776 bytes]","args":[{"enterText":"Contract WDIO","selector":{"id":"application-managecontracts-display-component---AddNewContract--projectDescription","interaction":{"idSuffix":"inner"}},"clearTextFirst":true,"interactionType":"ENTER_TEXT"}]}
RESULT: {"script":"<script> [776 bytes]","args":[{"enterText":"Contract WDIO","selector":{"id":"application-managecontracts-display-component---AddNewContract--projectDescription","interaction":{"idSuffix":"inner"}},"clearTextFirst":true,"interactionType":"ENTER_TEXT"}]}
COMMAND: POST /session/3e4ceb57b36163f530f5479f57478588/element - {"using":"xpath","value":"//input[@id=\"application-managecontracts-display-component---AddNewContract--site-inner\"]"}
RESULT: {"using":"xpath","value":"//input[@id=\"application-managecontracts-display-component---AddNewContract--site-inner\"]"}
COMMAND: POST /session/3e4ceb57b36163f530f5479f57478588/element/f.504C58434384A4EE898B1C568961733A.d.632A8F8A91AD30DA9337D0E8AD211C9A.e.18436/clear - {}
RESULT: {}
COMMAND: POST /session/3e4ceb57b36163f530f5479f57478588/element/f.504C58434384A4EE898B1C568961733A.d.632A8F8A91AD30DA9337D0E8AD211C9A.e.18436/value - {"text":"2108"}
COMMAND: GET /session/3e4ceb57b36163f530f5479f57478588/screenshot - {}
RESULT: {"text":"2108"}
COMMAND: GET /session/3e4ceb57b36163f530f5479f57478588/screenshot - {}
RESULT: {}
RESULT: {}
COMMAND: POST /session/3e4ceb57b36163f530f5479f57478588/element - {"using":"xpath","value":"//li[.//span[text()='2108']]"}
RESULT: {"using":"xpath","value":"//li[.//span[text()='2108']]"}
COMMAND: POST /session/3e4ceb57b36163f530f5479f57478588/element/f.504C58434384A4EE898B1C568961733A.d.632A8F8A91AD30DA9337D0E8AD211C9A.e.18461/click - {}
RESULT: {}
COMMAND: GET /session/3e4ceb57b36163f530f5479f57478588/screenshot - {}
RESULT: {}
COMMAND: POST /session/3e4ceb57b36163f530f5479f57478588/element - {"using":"xpath","value":"//input[@id=\"application-managecontracts-display-component---AddNewContract--yardId-inner\"]"}
RESULT: {"using":"xpath","value":"//input[@id=\"application-managecontracts-display-component---AddNewContract--yardId-inner\"]"}
COMMAND: GET /session/3e4ceb57b36163f530f5479f57478588/element/f.504C58434384A4EE898B1C568961733A.d.632A8F8A91AD30DA9337D0E8AD211C9A.e.18437/property/value - {}
RESULT: {}
COMMAND: POST /session/3e4ceb57b36163f530f5479f57478588/element - {"using":"xpath","value":"//input[@id=\"application-managecontracts-display-component---AddNewContract--customerSelect-inner\"]"}
COMMAND: GET /session/3e4ceb57b36163f530f5479f57478588/screenshot - {}
RESULT: {"using":"xpath","value":"//input[@id=\"application-managecontracts-display-component---AddNewContract--customerSelect-inner\"]"}
COMMAND: POST /session/3e4ceb57b36163f530f5479f57478588/element/f.504C58434384A4EE898B1C568961733A.d.632A8F8A91AD30DA9337D0E8AD211C9A.e.18435/clear - {}
RESULT: {}
RESULT: {}
COMMAND: POST /session/3e4ceb57b36163f530f5479f57478588/element/f.504C58434384A4EE898B1C568961733A.d.632A8F8A91AD30DA9337D0E8AD211C9A.e.18435/value - {"text":"1120"}
COMMAND: GET /session/3e4ceb57b36163f530f5479f57478588/screenshot - {}
RESULT: {"text":"1120"}
COMMAND: GET /session/3e4ceb57b36163f530f5479f57478588/screenshot - {}
RESULT: {}
RESULT: {}
COMMAND: POST /session/3e4ceb57b36163f530f5479f57478588/element - {"using":"xpath","value":"//li[.//span[text()='1120']]"}
RESULT: {"using":"xpath","value":"//li[.//span[text()='1120']]"}
COMMAND: POST /session/3e4ceb57b36163f530f5479f57478588/element/f.504C58434384A4EE898B1C568961733A.d.632A8F8A91AD30DA9337D0E8AD211C9A.e.18464/click - {}
RESULT: {}
COMMAND: GET /session/3e4ceb57b36163f530f5479f57478588/screenshot - {}
RESULT: {}
COMMAND: POST /session/3e4ceb57b36163f530f5479f57478588/element - {"using":"xpath","value":"//button[@data-kt=\"saveButton\"]"}
RESULT: {"using":"xpath","value":"//button[@data-kt=\"saveButton\"]"}
COMMAND: POST /session/3e4ceb57b36163f530f5479f57478588/element/f.504C58434384A4EE898B1C568961733A.d.632A8F8A91AD30DA9337D0E8AD211C9A.e.18454/click - {}
RESULT: {}
COMMAND: GET /session/3e4ceb57b36163f530f5479f57478588/screenshot - {}
RESULT: {}
COMMAND: POST /session/3e4ceb57b36163f530f5479f57478588/element - {"using":"xpath","value":"//span[contains(@id ,\"contractDetailTitleNoExpanded\")]"}
RESULT: {"using":"xpath","value":"//span[contains(@id ,\"contractDetailTitleNoExpanded\")]"}
COMMAND: POST /session/3e4ceb57b36163f530f5479f57478588/elements - {"using":"xpath","value":"//span[contains(@id ,\"contractDetailTitleNoExpanded\")]"}
RESULT: {"using":"xpath","value":"//span[contains(@id ,\"contractDetailTitleNoExpanded\")]"}
COMMAND: POST /session/3e4ceb57b36163f530f5479f57478588/execute/sync - {"script":"<script> [56 bytes]","args":[{"element-6066-11e4-a52e-4f735466cecf":"f.504C58434384A4EE898B1C568961733A.d.632A8F8A91AD30DA9337D0E8AD211C9A.e.18536","ELEMENT":"f.504C58434384A4EE898B1C568961733A.d.632A8F8A91AD30DA9337D0E8AD211C9A.e.18536"}]}
RESULT: {"script":"<script> [56 bytes]","args":[{"element-6066-11e4-a52e-4f735466cecf":"f.504C58434384A4EE898B1C568961733A.d.632A8F8A91AD30DA9337D0E8AD211C9A.e.18536","ELEMENT":"f.504C58434384A4EE898B1C568961733A.d.632A8F8A91AD30DA9337D0E8AD211C9A.e.18536"}]}
COMMAND: GET /session/3e4ceb57b36163f530f5479f57478588/screenshot - {}
RESULT: {}
]]></system-out>
    </testcase>
    <testcase classname="chrome.135_0_7049_42.windows.Create_Reverse_Billing_US127248" name="Should add equipment to the contract" time="44.63">
      <system-out><![CDATA[
COMMAND: POST /session/3e4ceb57b36163f530f5479f57478588/element - {"using":"xpath","value":"//button[@data-kt=\"contractDetailEditBtnButton\"]"}
RESULT: {"using":"xpath","value":"//button[@data-kt=\"contractDetailEditBtnButton\"]"}
COMMAND: POST /session/3e4ceb57b36163f530f5479f57478588/element/f.504C58434384A4EE898B1C568961733A.d.632A8F8A91AD30DA9337D0E8AD211C9A.e.18537/click - {}
RESULT: {}
COMMAND: GET /session/3e4ceb57b36163f530f5479f57478588/screenshot - {}
RESULT: {}
COMMAND: POST /session/3e4ceb57b36163f530f5479f57478588/element - {"using":"xpath","value":"(//span[contains(text(), \"Additional Addresses\")])[2]"}
RESULT: {"using":"xpath","value":"(//span[contains(text(), \"Additional Addresses\")])[2]"}
COMMAND: POST /session/3e4ceb57b36163f530f5479f57478588/element/f.504C58434384A4EE898B1C568961733A.d.632A8F8A91AD30DA9337D0E8AD211C9A.e.18592/click - {}
RESULT: {}
COMMAND: GET /session/3e4ceb57b36163f530f5479f57478588/screenshot - {}
RESULT: {}
COMMAND: POST /session/3e4ceb57b36163f530f5479f57478588/element - {"using":"xpath","value":"//button[@data-kt=\"btnAddTableRowOverflowToolbarButton\"]"}
RESULT: {"using":"xpath","value":"//button[@data-kt=\"btnAddTableRowOverflowToolbarButton\"]"}
COMMAND: POST /session/3e4ceb57b36163f530f5479f57478588/element/f.504C58434384A4EE898B1C568961733A.d.632A8F8A91AD30DA9337D0E8AD211C9A.e.18594/click - {}
RESULT: {}
COMMAND: GET /session/3e4ceb57b36163f530f5479f57478588/screenshot - {}
RESULT: {}
COMMAND: POST /session/3e4ceb57b36163f530f5479f57478588/element - {"using":"xpath","value":"//div[(text() = 'Standard Entry' or . = 'Standard Entry')]"}
RESULT: {"using":"xpath","value":"//div[(text() = 'Standard Entry' or . = 'Standard Entry')]"}
COMMAND: POST /session/3e4ceb57b36163f530f5479f57478588/element/f.504C58434384A4EE898B1C568961733A.d.632A8F8A91AD30DA9337D0E8AD211C9A.e.18596/click - {}
RESULT: {}
COMMAND: GET /session/3e4ceb57b36163f530f5479f57478588/screenshot - {}
RESULT: {}
COMMAND: POST /session/3e4ceb57b36163f530f5479f57478588/element - {"using":"xpath","value":"//td[7]/div/div/input"}
RESULT: {"using":"xpath","value":"//td[7]/div/div/input"}
COMMAND: POST /session/3e4ceb57b36163f530f5479f57478588/element/f.504C58434384A4EE898B1C568961733A.d.632A8F8A91AD30DA9337D0E8AD211C9A.e.18605/clear - {}
RESULT: {}
COMMAND: POST /session/3e4ceb57b36163f530f5479f57478588/element/f.504C58434384A4EE898B1C568961733A.d.632A8F8A91AD30DA9337D0E8AD211C9A.e.18605/value - {"text":"6HURepej8b"}
COMMAND: GET /session/3e4ceb57b36163f530f5479f57478588/screenshot - {}
RESULT: {"text":"6HURepej8b"}
COMMAND: GET /session/3e4ceb57b36163f530f5479f57478588/screenshot - {}
RESULT: {}
RESULT: {}
COMMAND: POST /session/3e4ceb57b36163f530f5479f57478588/actions - {"actions":[{"id":"action66","type":"key","parameters":{},"actions":[{"type":"keyDown","value":""},{"type":"pause","duration":10},{"type":"keyUp","value":""}]}]}
RESULT: {"actions":[{"id":"action66","type":"key","parameters":{},"actions":[{"type":"keyDown","value":""},{"type":"pause","duration":10},{"type":"keyUp","value":""}]}]}
COMMAND: GET /session/3e4ceb57b36163f530f5479f57478588/screenshot - {}
RESULT: {}
COMMAND: POST /session/3e4ceb57b36163f530f5479f57478588/element - {"using":"xpath","value":"(//button[@data-kt=\"saveButton\"])[2]"}
RESULT: {"using":"xpath","value":"(//button[@data-kt=\"saveButton\"])[2]"}
COMMAND: POST /session/3e4ceb57b36163f530f5479f57478588/element/f.504C58434384A4EE898B1C568961733A.d.632A8F8A91AD30DA9337D0E8AD211C9A.e.18620/click - {}
RESULT: {}
COMMAND: GET /session/3e4ceb57b36163f530f5479f57478588/screenshot - {}
RESULT: {}
COMMAND: POST /session/3e4ceb57b36163f530f5479f57478588/element - {"using":"xpath","value":"//span[contains(@id ,\"contractItemsSmartTable-header-inner\")]"}
RESULT: {"using":"xpath","value":"//span[contains(@id ,\"contractItemsSmartTable-header-inner\")]"}
COMMAND: POST /session/3e4ceb57b36163f530f5479f57478588/elements - {"using":"xpath","value":"//span[contains(@id ,\"contractItemsSmartTable-header-inner\")]"}
RESULT: {"using":"xpath","value":"//span[contains(@id ,\"contractItemsSmartTable-header-inner\")]"}
COMMAND: POST /session/3e4ceb57b36163f530f5479f57478588/execute/sync - {"script":"<script> [56 bytes]","args":[{"element-6066-11e4-a52e-4f735466cecf":"f.504C58434384A4EE898B1C568961733A.d.632A8F8A91AD30DA9337D0E8AD211C9A.e.18623","ELEMENT":"f.504C58434384A4EE898B1C568961733A.d.632A8F8A91AD30DA9337D0E8AD211C9A.e.18623"}]}
RESULT: {"script":"<script> [56 bytes]","args":[{"element-6066-11e4-a52e-4f735466cecf":"f.504C58434384A4EE898B1C568961733A.d.632A8F8A91AD30DA9337D0E8AD211C9A.e.18623","ELEMENT":"f.504C58434384A4EE898B1C568961733A.d.632A8F8A91AD30DA9337D0E8AD211C9A.e.18623"}]}
]]></system-out>
    </testcase>
    <testcase classname="chrome.135_0_7049_42.windows.Create_Reverse_Billing_US127248" name="Should do a provide to site handover" time="51.901">
      <system-out><![CDATA[
COMMAND: POST /session/3e4ceb57b36163f530f5479f57478588/element - {"using":"xpath","value":"//button[@data-kt=\"provideButton\"]"}
COMMAND: GET /session/3e4ceb57b36163f530f5479f57478588/screenshot - {}
RESULT: {"using":"xpath","value":"//button[@data-kt=\"provideButton\"]"}
COMMAND: POST /session/3e4ceb57b36163f530f5479f57478588/element/f.504C58434384A4EE898B1C568961733A.d.632A8F8A91AD30DA9337D0E8AD211C9A.e.18624/click - {}
RESULT: {}
RESULT: {}
COMMAND: GET /session/3e4ceb57b36163f530f5479f57478588/screenshot - {}
RESULT: {}
RESULT: undefined
COMMAND: POST /session/3e4ceb57b36163f530f5479f57478588/execute/async - {"script":"<script> [6424 bytes]","args":[{"element-6066-11e4-a52e-4f735466cecf":"f.504C58434384A4EE898B1C568961733A.d.632A8F8A91AD30DA9337D0E8AD211C9A.e.17623"},"setValue",["04/13/2025"]]}
COMMAND: POST /session/3e4ceb57b36163f530f5479f57478588/execute/async - {"script":"<script> [1562 bytes]","args":[{"selector":{"id":"application-managehandovers-display-component---AddNewHO--dueDate","interaction":{"idSuffix":"inner"}},"wdio_ui5_key":"applicationmanagehandovers-display-component---AddNewHO--dueDate"}]}
RESULT: {"script":"<script> [1562 bytes]","args":[{"selector":{"id":"application-managehandovers-display-component---AddNewHO--dueDate","interaction":{"idSuffix":"inner"}},"wdio_ui5_key":"applicationmanagehandovers-display-component---AddNewHO--dueDate"}]}
COMMAND: POST /session/3e4ceb57b36163f530f5479f57478588/execute/async - {"script":"<script> [6424 bytes]","args":[{"element-6066-11e4-a52e-4f735466cecf":"f.504C58434384A4EE898B1C568961733A.d.632A8F8A91AD30DA9337D0E8AD211C9A.e.18679"},"setValue",["04/13/2025"]]}
RESULT: {"script":"<script> [6424 bytes]","args":[{"element-6066-11e4-a52e-4f735466cecf":"f.504C58434384A4EE898B1C568961733A.d.632A8F8A91AD30DA9337D0E8AD211C9A.e.18679"},"setValue",["04/13/2025"]]}
COMMAND: POST /session/3e4ceb57b36163f530f5479f57478588/element - {"using":"xpath","value":"//bdi[contains(text(), \"Instructions\")]"}
RESULT: {"using":"xpath","value":"//bdi[contains(text(), \"Instructions\")]"}
COMMAND: POST /session/3e4ceb57b36163f530f5479f57478588/element/f.504C58434384A4EE898B1C568961733A.d.632A8F8A91AD30DA9337D0E8AD211C9A.e.18790/click - {}
RESULT: {}
COMMAND: GET /session/3e4ceb57b36163f530f5479f57478588/screenshot - {}
RESULT: {}
COMMAND: POST /session/3e4ceb57b36163f530f5479f57478588/element - {"using":"xpath","value":"//button[@data-kt=\"AddNewHOProvideAddItemsButton\"]"}
RESULT: {"using":"xpath","value":"//button[@data-kt=\"AddNewHOProvideAddItemsButton\"]"}
COMMAND: POST /session/3e4ceb57b36163f530f5479f57478588/element/f.504C58434384A4EE898B1C568961733A.d.632A8F8A91AD30DA9337D0E8AD211C9A.e.18794/click - {}
RESULT: {}
COMMAND: GET /session/3e4ceb57b36163f530f5479f57478588/screenshot - {}
RESULT: {}
RESULT: undefined
COMMAND: POST /session/3e4ceb57b36163f530f5479f57478588/element - {"using":"xpath","value":"//*[@id=\"application-managehandovers-display-component---AddNewHO--popup-sa\"]"}
RESULT: {"using":"xpath","value":"//*[@id=\"application-managehandovers-display-component---AddNewHO--popup-sa\"]"}
COMMAND: POST /session/3e4ceb57b36163f530f5479f57478588/element/f.504C58434384A4EE898B1C568961733A.d.632A8F8A91AD30DA9337D0E8AD211C9A.e.18803/click - {}
RESULT: {}
COMMAND: GET /session/3e4ceb57b36163f530f5479f57478588/screenshot - {}
RESULT: {}
COMMAND: POST /session/3e4ceb57b36163f530f5479f57478588/element - {"using":"xpath","value":"//*[contains(@id ,\"BDI-content\")][contains(text(), \"Select\")]"}
RESULT: {"using":"xpath","value":"//*[contains(@id ,\"BDI-content\")][contains(text(), \"Select\")]"}
COMMAND: POST /session/3e4ceb57b36163f530f5479f57478588/element/f.504C58434384A4EE898B1C568961733A.d.632A8F8A91AD30DA9337D0E8AD211C9A.e.18805/click - {}
RESULT: {}
COMMAND: GET /session/3e4ceb57b36163f530f5479f57478588/screenshot - {}
RESULT: {}
COMMAND: POST /session/3e4ceb57b36163f530f5479f57478588/execute/async - {"script":"<script> [1562 bytes]","args":[{"selector":{"id":"application-managehandovers-display-component---AddNewHO--confirmCreationButton","interaction":{"idSuffix":"BDI-content"}},"wdio_ui5_key":"applicationmanagehandovers-display-component---AddNewHO--confirmCreationButton"}]}
RESULT: {"script":"<script> [1562 bytes]","args":[{"selector":{"id":"application-managehandovers-display-component---AddNewHO--confirmCreationButton","interaction":{"idSuffix":"BDI-content"}},"wdio_ui5_key":"applicationmanagehandovers-display-component---AddNewHO--confirmCreationButton"}]}
RESULT: undefined
COMMAND: POST /session/3e4ceb57b36163f530f5479f57478588/element - {"using":"xpath","value":"//*[@id=\"application-managehandovers-display-component---AddNewHO--confirmCreationButton\"]"}
RESULT: {"using":"xpath","value":"//*[@id=\"application-managehandovers-display-component---AddNewHO--confirmCreationButton\"]"}
COMMAND: POST /session/3e4ceb57b36163f530f5479f57478588/element/f.504C58434384A4EE898B1C568961733A.d.632A8F8A91AD30DA9337D0E8AD211C9A.e.18755/click - {}
RESULT: {}
COMMAND: GET /session/3e4ceb57b36163f530f5479f57478588/screenshot - {}
RESULT: {}
COMMAND: POST /session/3e4ceb57b36163f530f5479f57478588/element - {"using":"xpath","value":"//button[@data-kt=\"PickingTableConfirmAllButton\"]"}
RESULT: {"using":"xpath","value":"//button[@data-kt=\"PickingTableConfirmAllButton\"]"}
COMMAND: POST /session/3e4ceb57b36163f530f5479f57478588/element/f.504C58434384A4EE898B1C568961733A.d.632A8F8A91AD30DA9337D0E8AD211C9A.e.18860/click - {}
RESULT: {}
COMMAND: GET /session/3e4ceb57b36163f530f5479f57478588/screenshot - {}
RESULT: {}
COMMAND: POST /session/3e4ceb57b36163f530f5479f57478588/element - {"using":"xpath","value":"//bdi[contains(text(), \"OK\")]"}
RESULT: {"using":"xpath","value":"//bdi[contains(text(), \"OK\")]"}
COMMAND: POST /session/3e4ceb57b36163f530f5479f57478588/element/f.504C58434384A4EE898B1C568961733A.d.632A8F8A91AD30DA9337D0E8AD211C9A.e.18862/click - {}
RESULT: {}
COMMAND: GET /session/3e4ceb57b36163f530f5479f57478588/screenshot - {}
RESULT: {}
COMMAND: POST /session/3e4ceb57b36163f530f5479f57478588/element - {"using":"xpath","value":"//bdi[contains(text(), \"Issue\")]"}
RESULT: {"using":"xpath","value":"//bdi[contains(text(), \"Issue\")]"}
COMMAND: POST /session/3e4ceb57b36163f530f5479f57478588/element/f.504C58434384A4EE898B1C568961733A.d.632A8F8A91AD30DA9337D0E8AD211C9A.e.18864/click - {}
RESULT: {}
COMMAND: GET /session/3e4ceb57b36163f530f5479f57478588/screenshot - {}
RESULT: {}
COMMAND: POST /session/3e4ceb57b36163f530f5479f57478588/element - {"using":"css selector","value":"#shell-header-logo"}
RESULT: {"using":"css selector","value":"#shell-header-logo"}
COMMAND: POST /session/3e4ceb57b36163f530f5479f57478588/element/f.504C58434384A4EE898B1C568961733A.d.632A8F8A91AD30DA9337D0E8AD211C9A.e.18039/click - {}
RESULT: {}
COMMAND: GET /session/3e4ceb57b36163f530f5479f57478588/screenshot - {}
RESULT: {}
]]></system-out>
    </testcase>
    <testcase classname="chrome.135_0_7049_42.windows.Create_Reverse_Billing_US127248" name="Should go navigate to Manage Billings and trigger contract calculation check result" time="51.112">
      <system-out><![CDATA[
COMMAND: POST /session/3e4ceb57b36163f530f5479f57478588/execute/async - {"script":"<script> [1562 bytes]","args":[{"selector":{"controlType":"sap.m.GenericTile","properties":{"header":"Manage Billings"}},"wdio_ui5_key":"sapm.GenericTile{\"header\":\"Manage Billings\"}"}]}
RESULT: {"script":"<script> [1562 bytes]","args":[{"selector":{"controlType":"sap.m.GenericTile","properties":{"header":"Manage Billings"}},"wdio_ui5_key":"sapm.GenericTile{\"header\":\"Manage Billings\"}"}]}
RESULT: undefined
COMMAND: POST /session/3e4ceb57b36163f530f5479f57478588/element - {"using":"xpath","value":"//*[@id=\"__tile51\"]"}
RESULT: {"using":"xpath","value":"//*[@id=\"__tile51\"]"}
COMMAND: POST /session/3e4ceb57b36163f530f5479f57478588/element/f.504C58434384A4EE898B1C568961733A.d.632A8F8A91AD30DA9337D0E8AD211C9A.e.19168/click - {}
RESULT: {}
COMMAND: GET /session/3e4ceb57b36163f530f5479f57478588/screenshot - {}
RESULT: {}
COMMAND: POST /session/3e4ceb57b36163f530f5479f57478588/execute/async - {"script":"<script> [1562 bytes]","args":[{"selector":{"id":"application-managebillings-display-component---billRunCalcResult--smartFilterBar-btnBasicSearch","interaction":{"idSuffix":"I"}},"wdio_ui5_key":"applicationmanagebillings-display-component---billRunCalcResult--smartFilterBar-btnBasicSearch"}]}
RESULT: {"script":"<script> [1562 bytes]","args":[{"selector":{"id":"application-managebillings-display-component---billRunCalcResult--smartFilterBar-btnBasicSearch","interaction":{"idSuffix":"I"}},"wdio_ui5_key":"applicationmanagebillings-display-component---billRunCalcResult--smartFilterBar-btnBasicSearch"}]}
RESULT: undefined
COMMAND: POST /session/3e4ceb57b36163f530f5479f57478588/execute/async - {"script":"<script> [776 bytes]","args":[{"enterText":"10186","selector":{"id":"application-managebillings-display-component---billRunCalcResult--smartFilterBar-btnBasicSearch","interaction":{"idSuffix":"I"}},"clearTextFirst":true,"interactionType":"ENTER_TEXT"}]}
RESULT: {"script":"<script> [776 bytes]","args":[{"enterText":"10186","selector":{"id":"application-managebillings-display-component---billRunCalcResult--smartFilterBar-btnBasicSearch","interaction":{"idSuffix":"I"}},"clearTextFirst":true,"interactionType":"ENTER_TEXT"}]}
COMMAND: POST /session/3e4ceb57b36163f530f5479f57478588/actions - {"actions":[{"id":"action67","type":"key","parameters":{},"actions":[{"type":"keyDown","value":""},{"type":"pause","duration":10},{"type":"keyUp","value":""}]}]}
RESULT: {"actions":[{"id":"action67","type":"key","parameters":{},"actions":[{"type":"keyDown","value":""},{"type":"pause","duration":10},{"type":"keyUp","value":""}]}]}
COMMAND: GET /session/3e4ceb57b36163f530f5479f57478588/screenshot - {}
RESULT: {}
COMMAND: POST /session/3e4ceb57b36163f530f5479f57478588/element - {"using":"xpath","value":"//td[@aria-colindex=\"1\"]/div/div[contains(@class, \"sapMCbBg\")]"}
RESULT: {"using":"xpath","value":"//td[@aria-colindex=\"1\"]/div/div[contains(@class, \"sapMCbBg\")]"}
COMMAND: POST /session/3e4ceb57b36163f530f5479f57478588/element/f.504C58434384A4EE898B1C568961733A.d.632A8F8A91AD30DA9337D0E8AD211C9A.e.19383/click - {}
RESULT: {}
COMMAND: GET /session/3e4ceb57b36163f530f5479f57478588/screenshot - {}
RESULT: {}
COMMAND: POST /session/3e4ceb57b36163f530f5479f57478588/execute/async - {"script":"<script> [1562 bytes]","args":[{"selector":{"id":"application-managebillings-display-component---billRunCalcResult--contractBillRunDate","interaction":{"idSuffix":"inner"}},"wdio_ui5_key":"applicationmanagebillings-display-component---billRunCalcResult--contractBillRunDate"}]}
RESULT: {"script":"<script> [1562 bytes]","args":[{"selector":{"id":"application-managebillings-display-component---billRunCalcResult--contractBillRunDate","interaction":{"idSuffix":"inner"}},"wdio_ui5_key":"applicationmanagebillings-display-component---billRunCalcResult--contractBillRunDate"}]}
RESULT: undefined
COMMAND: POST /session/3e4ceb57b36163f530f5479f57478588/execute/async - {"script":"<script> [776 bytes]","args":[{"enterText":"05/13/25","selector":{"id":"application-managebillings-display-component---billRunCalcResult--contractBillRunDate","interaction":{"idSuffix":"inner"}},"clearTextFirst":true,"interactionType":"ENTER_TEXT"}]}
RESULT: {"script":"<script> [776 bytes]","args":[{"enterText":"05/13/25","selector":{"id":"application-managebillings-display-component---billRunCalcResult--contractBillRunDate","interaction":{"idSuffix":"inner"}},"clearTextFirst":true,"interactionType":"ENTER_TEXT"}]}
COMMAND: POST /session/3e4ceb57b36163f530f5479f57478588/element - {"using":"xpath","value":"//bdi[contains(text(), \"Trigger Calculation\")]"}
RESULT: {"using":"xpath","value":"//bdi[contains(text(), \"Trigger Calculation\")]"}
COMMAND: POST /session/3e4ceb57b36163f530f5479f57478588/element/f.504C58434384A4EE898B1C568961733A.d.632A8F8A91AD30DA9337D0E8AD211C9A.e.19403/click - {}
RESULT: {}
COMMAND: GET /session/3e4ceb57b36163f530f5479f57478588/screenshot - {}
RESULT: {}
COMMAND: POST /session/3e4ceb57b36163f530f5479f57478588/element - {"using":"xpath","value":"(//span[contains(@id, \"imgNav\")])[1]"}
RESULT: {"using":"xpath","value":"(//span[contains(@id, \"imgNav\")])[1]"}
COMMAND: POST /session/3e4ceb57b36163f530f5479f57478588/element/f.504C58434384A4EE898B1C568961733A.d.632A8F8A91AD30DA9337D0E8AD211C9A.e.19397/click - {}
RESULT: {}
COMMAND: GET /session/3e4ceb57b36163f530f5479f57478588/screenshot - {}
RESULT: {}
COMMAND: POST /session/3e4ceb57b36163f530f5479f57478588/element - {"using":"xpath","value":"//tr/td[6]/div[1]/span[1]/span[1]"}
RESULT: {"using":"xpath","value":"//tr/td[6]/div[1]/span[1]/span[1]"}
COMMAND: GET /session/3e4ceb57b36163f530f5479f57478588/element/f.504C58434384A4EE898B1C568961733A.d.632A8F8A91AD30DA9337D0E8AD211C9A.e.19407/text - {}
RESULT: {}
COMMAND: POST /session/3e4ceb57b36163f530f5479f57478588/element - {"using":"xpath","value":"(//span[contains(@id, \"imgNav\")])[2]"}
RESULT: {"using":"xpath","value":"(//span[contains(@id, \"imgNav\")])[2]"}
COMMAND: POST /session/3e4ceb57b36163f530f5479f57478588/element/f.504C58434384A4EE898B1C568961733A.d.632A8F8A91AD30DA9337D0E8AD211C9A.e.19408/click - {}
RESULT: {}
COMMAND: POST /session/3e4ceb57b36163f530f5479f57478588/element - {"using":"xpath","value":"//bdi[contains(text(), \"Business Confirm\")]"}
COMMAND: GET /session/3e4ceb57b36163f530f5479f57478588/screenshot - {}
RESULT: {"using":"xpath","value":"//bdi[contains(text(), \"Business Confirm\")]"}
COMMAND: POST /session/3e4ceb57b36163f530f5479f57478588/elements - {"using":"xpath","value":"//bdi[contains(text(), \"Business Confirm\")]"}
RESULT: {}
RESULT: {"using":"xpath","value":"//bdi[contains(text(), \"Business Confirm\")]"}
COMMAND: POST /session/3e4ceb57b36163f530f5479f57478588/element - {"using":"xpath","value":"//bdi[contains(text(), \"Business Confirm\")]"}
RESULT: {"using":"xpath","value":"//bdi[contains(text(), \"Business Confirm\")]"}
COMMAND: POST /session/3e4ceb57b36163f530f5479f57478588/element/f.504C58434384A4EE898B1C568961733A.d.632A8F8A91AD30DA9337D0E8AD211C9A.e.19452/click - {}
RESULT: {}
COMMAND: POST /session/3e4ceb57b36163f530f5479f57478588/element - {"using":"css selector","value":"#shell-header-logo"}
COMMAND: GET /session/3e4ceb57b36163f530f5479f57478588/screenshot - {}
RESULT: {"using":"css selector","value":"#shell-header-logo"}
COMMAND: POST /session/3e4ceb57b36163f530f5479f57478588/element/f.504C58434384A4EE898B1C568961733A.d.632A8F8A91AD30DA9337D0E8AD211C9A.e.19172/click - {}
RESULT: {}
RESULT: {}
COMMAND: GET /session/3e4ceb57b36163f530f5479f57478588/screenshot - {}
RESULT: {}
]]></system-out>
    </testcase>
    <testcase classname="chrome.135_0_7049_42.windows.Create_Reverse_Billing_US127248" name="Should go into Billing Transfer and reverse the billing" time="35.838">
      <system-out><![CDATA[
COMMAND: POST /session/3e4ceb57b36163f530f5479f57478588/execute/async - {"script":"<script> [1562 bytes]","args":[{"selector":{"controlType":"sap.m.GenericTile","properties":{"header":"Billing Transfer"}},"wdio_ui5_key":"sapm.GenericTile{\"header\":\"Billing Transfer\"}"}]}
RESULT: {"script":"<script> [1562 bytes]","args":[{"selector":{"controlType":"sap.m.GenericTile","properties":{"header":"Billing Transfer"}},"wdio_ui5_key":"sapm.GenericTile{\"header\":\"Billing Transfer\"}"}]}
RESULT: undefined
COMMAND: POST /session/3e4ceb57b36163f530f5479f57478588/element - {"using":"xpath","value":"//*[@id=\"__tile50\"]"}
RESULT: {"using":"xpath","value":"//*[@id=\"__tile50\"]"}
COMMAND: POST /session/3e4ceb57b36163f530f5479f57478588/element/f.504C58434384A4EE898B1C568961733A.d.632A8F8A91AD30DA9337D0E8AD211C9A.e.19474/click - {}
RESULT: {}
COMMAND: POST /session/3e4ceb57b36163f530f5479f57478588/element - {"using":"xpath","value":"//input[contains(@id ,\"application-billingtransfer-display-component---billingWorkbench--smartFilterBar-btnBasicSearch\")]"}
COMMAND: GET /session/3e4ceb57b36163f530f5479f57478588/screenshot - {}
RESULT: {"using":"xpath","value":"//input[contains(@id ,\"application-billingtransfer-display-component---billingWorkbench--smartFilterBar-btnBasicSearch\")]"}
COMMAND: POST /session/3e4ceb57b36163f530f5479f57478588/elements - {"using":"xpath","value":"//input[contains(@id ,\"application-billingtransfer-display-component---billingWorkbench--smartFilterBar-btnBasicSearch\")]"}
RESULT: {}
RESULT: {"using":"xpath","value":"//input[contains(@id ,\"application-billingtransfer-display-component---billingWorkbench--smartFilterBar-btnBasicSearch\")]"}
COMMAND: POST /session/3e4ceb57b36163f530f5479f57478588/execute/sync - {"script":"<script> [8489 bytes]","args":[{"element-6066-11e4-a52e-4f735466cecf":"f.504C58434384A4EE898B1C568961733A.d.632A8F8A91AD30DA9337D0E8AD211C9A.e.19479","ELEMENT":"f.504C58434384A4EE898B1C568961733A.d.632A8F8A91AD30DA9337D0E8AD211C9A.e.19479"}]}
RESULT: {"script":"<script> [8489 bytes]","args":[{"element-6066-11e4-a52e-4f735466cecf":"f.504C58434384A4EE898B1C568961733A.d.632A8F8A91AD30DA9337D0E8AD211C9A.e.19479","ELEMENT":"f.504C58434384A4EE898B1C568961733A.d.632A8F8A91AD30DA9337D0E8AD211C9A.e.19479"}]}
COMMAND: GET /session/3e4ceb57b36163f530f5479f57478588/element/f.504C58434384A4EE898B1C568961733A.d.632A8F8A91AD30DA9337D0E8AD211C9A.e.19479/enabled - {}
COMMAND: GET /session/3e4ceb57b36163f530f5479f57478588/screenshot - {}
RESULT: {}
COMMAND: POST /session/3e4ceb57b36163f530f5479f57478588/element/f.504C58434384A4EE898B1C568961733A.d.632A8F8A91AD30DA9337D0E8AD211C9A.e.19479/click - {}
COMMAND: GET /session/3e4ceb57b36163f530f5479f57478588/screenshot - {}
RESULT: {}
RESULT: {}
COMMAND: GET /session/3e4ceb57b36163f530f5479f57478588/screenshot - {}
RESULT: {}
RESULT: {}
COMMAND: POST /session/3e4ceb57b36163f530f5479f57478588/element/f.504C58434384A4EE898B1C568961733A.d.632A8F8A91AD30DA9337D0E8AD211C9A.e.19479/clear - {}
RESULT: {}
COMMAND: POST /session/3e4ceb57b36163f530f5479f57478588/element/f.504C58434384A4EE898B1C568961733A.d.632A8F8A91AD30DA9337D0E8AD211C9A.e.19479/value - {"text":"10186"}
COMMAND: GET /session/3e4ceb57b36163f530f5479f57478588/screenshot - {}
RESULT: {"text":"10186"}
COMMAND: POST /session/3e4ceb57b36163f530f5479f57478588/actions - {"actions":[{"id":"action68","type":"key","parameters":{},"actions":[{"type":"keyDown","value":""},{"type":"pause","duration":10},{"type":"keyUp","value":""}]}]}
COMMAND: GET /session/3e4ceb57b36163f530f5479f57478588/screenshot - {}
RESULT: {}
RESULT: {"actions":[{"id":"action68","type":"key","parameters":{},"actions":[{"type":"keyDown","value":""},{"type":"pause","duration":10},{"type":"keyUp","value":""}]}]}
COMMAND: GET /session/3e4ceb57b36163f530f5479f57478588/screenshot - {}
RESULT: {}
RESULT: {}
COMMAND: POST /session/3e4ceb57b36163f530f5479f57478588/element - {"using":"xpath","value":"//span[contains(@id ,\"application-billingtransfer-display-component---billingWorkbench--smartTableBillingRuns-header-inner\")]"}
RESULT: {"using":"xpath","value":"//span[contains(@id ,\"application-billingtransfer-display-component---billingWorkbench--smartTableBillingRuns-header-inner\")]"}
COMMAND: POST /session/3e4ceb57b36163f530f5479f57478588/elements - {"using":"xpath","value":"//span[contains(@id ,\"application-billingtransfer-display-component---billingWorkbench--smartTableBillingRuns-header-inner\")]"}
RESULT: {"using":"xpath","value":"//span[contains(@id ,\"application-billingtransfer-display-component---billingWorkbench--smartTableBillingRuns-header-inner\")]"}
COMMAND: POST /session/3e4ceb57b36163f530f5479f57478588/execute/sync - {"script":"<script> [56 bytes]","args":[{"element-6066-11e4-a52e-4f735466cecf":"f.504C58434384A4EE898B1C568961733A.d.632A8F8A91AD30DA9337D0E8AD211C9A.e.19563","ELEMENT":"f.504C58434384A4EE898B1C568961733A.d.632A8F8A91AD30DA9337D0E8AD211C9A.e.19563"}]}
RESULT: {"script":"<script> [56 bytes]","args":[{"element-6066-11e4-a52e-4f735466cecf":"f.504C58434384A4EE898B1C568961733A.d.632A8F8A91AD30DA9337D0E8AD211C9A.e.19563","ELEMENT":"f.504C58434384A4EE898B1C568961733A.d.632A8F8A91AD30DA9337D0E8AD211C9A.e.19563"}]}
COMMAND: POST /session/3e4ceb57b36163f530f5479f57478588/element - {"using":"xpath","value":"//td[@aria-colindex=\"1\"]/div/div[contains(@class, \"sapMCbBg\")]"}
COMMAND: GET /session/3e4ceb57b36163f530f5479f57478588/screenshot - {}
RESULT: {"using":"xpath","value":"//td[@aria-colindex=\"1\"]/div/div[contains(@class, \"sapMCbBg\")]"}
COMMAND: POST /session/3e4ceb57b36163f530f5479f57478588/element/f.504C58434384A4EE898B1C568961733A.d.632A8F8A91AD30DA9337D0E8AD211C9A.e.19553/click - {}
RESULT: {}
RESULT: {}
COMMAND: GET /session/3e4ceb57b36163f530f5479f57478588/screenshot - {}
RESULT: {}
COMMAND: POST /session/3e4ceb57b36163f530f5479f57478588/element - {"using":"xpath","value":"//bdi[contains(text(), \"Reverse\")]"}
RESULT: {"using":"xpath","value":"//bdi[contains(text(), \"Reverse\")]"}
COMMAND: POST /session/3e4ceb57b36163f530f5479f57478588/element/f.504C58434384A4EE898B1C568961733A.d.632A8F8A91AD30DA9337D0E8AD211C9A.e.19564/click - {}
RESULT: {}
COMMAND: GET /session/3e4ceb57b36163f530f5479f57478588/screenshot - {}
RESULT: {}
COMMAND: POST /session/3e4ceb57b36163f530f5479f57478588/element - {"using":"xpath","value":"//input[contains(@id ,\"application-billingtransfer-display-component---billingWorkbench--smartFilterBar-btnBasicSearch\")]"}
RESULT: {"using":"xpath","value":"//input[contains(@id ,\"application-billingtransfer-display-component---billingWorkbench--smartFilterBar-btnBasicSearch\")]"}
COMMAND: POST /session/3e4ceb57b36163f530f5479f57478588/elements - {"using":"xpath","value":"//input[contains(@id ,\"application-billingtransfer-display-component---billingWorkbench--smartFilterBar-btnBasicSearch\")]"}
RESULT: {"using":"xpath","value":"//input[contains(@id ,\"application-billingtransfer-display-component---billingWorkbench--smartFilterBar-btnBasicSearch\")]"}
COMMAND: POST /session/3e4ceb57b36163f530f5479f57478588/execute/sync - {"script":"<script> [8489 bytes]","args":[{"element-6066-11e4-a52e-4f735466cecf":"f.504C58434384A4EE898B1C568961733A.d.632A8F8A91AD30DA9337D0E8AD211C9A.e.19479","ELEMENT":"f.504C58434384A4EE898B1C568961733A.d.632A8F8A91AD30DA9337D0E8AD211C9A.e.19479"}]}
RESULT: {"script":"<script> [8489 bytes]","args":[{"element-6066-11e4-a52e-4f735466cecf":"f.504C58434384A4EE898B1C568961733A.d.632A8F8A91AD30DA9337D0E8AD211C9A.e.19479","ELEMENT":"f.504C58434384A4EE898B1C568961733A.d.632A8F8A91AD30DA9337D0E8AD211C9A.e.19479"}]}
COMMAND: GET /session/3e4ceb57b36163f530f5479f57478588/element/f.504C58434384A4EE898B1C568961733A.d.632A8F8A91AD30DA9337D0E8AD211C9A.e.19479/enabled - {}
COMMAND: GET /session/3e4ceb57b36163f530f5479f57478588/screenshot - {}
RESULT: {}
COMMAND: POST /session/3e4ceb57b36163f530f5479f57478588/element/f.504C58434384A4EE898B1C568961733A.d.632A8F8A91AD30DA9337D0E8AD211C9A.e.19479/click - {}
COMMAND: GET /session/3e4ceb57b36163f530f5479f57478588/screenshot - {}
RESULT: {}
RESULT: {}
COMMAND: GET /session/3e4ceb57b36163f530f5479f57478588/screenshot - {}
RESULT: {}
RESULT: {}
COMMAND: POST /session/3e4ceb57b36163f530f5479f57478588/element/f.504C58434384A4EE898B1C568961733A.d.632A8F8A91AD30DA9337D0E8AD211C9A.e.19479/clear - {}
RESULT: {}
COMMAND: POST /session/3e4ceb57b36163f530f5479f57478588/element/f.504C58434384A4EE898B1C568961733A.d.632A8F8A91AD30DA9337D0E8AD211C9A.e.19479/value - {"text":"10186"}
COMMAND: GET /session/3e4ceb57b36163f530f5479f57478588/screenshot - {}
RESULT: {"text":"10186"}
COMMAND: POST /session/3e4ceb57b36163f530f5479f57478588/actions - {"actions":[{"id":"action69","type":"key","parameters":{},"actions":[{"type":"keyDown","value":""},{"type":"pause","duration":10},{"type":"keyUp","value":""}]}]}
COMMAND: GET /session/3e4ceb57b36163f530f5479f57478588/screenshot - {}
RESULT: {}
RESULT: {"actions":[{"id":"action69","type":"key","parameters":{},"actions":[{"type":"keyDown","value":""},{"type":"pause","duration":10},{"type":"keyUp","value":""}]}]}
COMMAND: GET /session/3e4ceb57b36163f530f5479f57478588/screenshot - {}
RESULT: {}
RESULT: {}
COMMAND: POST /session/3e4ceb57b36163f530f5479f57478588/element - {"using":"xpath","value":"//span[contains(@id ,\"application-billingtransfer-display-component---billingWorkbench--smartTableBillingRuns-header-inner\")]"}
RESULT: {"using":"xpath","value":"//span[contains(@id ,\"application-billingtransfer-display-component---billingWorkbench--smartTableBillingRuns-header-inner\")]"}
COMMAND: POST /session/3e4ceb57b36163f530f5479f57478588/elements - {"using":"xpath","value":"//span[contains(@id ,\"application-billingtransfer-display-component---billingWorkbench--smartTableBillingRuns-header-inner\")]"}
RESULT: {"using":"xpath","value":"//span[contains(@id ,\"application-billingtransfer-display-component---billingWorkbench--smartTableBillingRuns-header-inner\")]"}
COMMAND: POST /session/3e4ceb57b36163f530f5479f57478588/execute/sync - {"script":"<script> [56 bytes]","args":[{"element-6066-11e4-a52e-4f735466cecf":"f.504C58434384A4EE898B1C568961733A.d.632A8F8A91AD30DA9337D0E8AD211C9A.e.19563","ELEMENT":"f.504C58434384A4EE898B1C568961733A.d.632A8F8A91AD30DA9337D0E8AD211C9A.e.19563"}]}
RESULT: {"script":"<script> [56 bytes]","args":[{"element-6066-11e4-a52e-4f735466cecf":"f.504C58434384A4EE898B1C568961733A.d.632A8F8A91AD30DA9337D0E8AD211C9A.e.19563","ELEMENT":"f.504C58434384A4EE898B1C568961733A.d.632A8F8A91AD30DA9337D0E8AD211C9A.e.19563"}]}
COMMAND: POST /session/3e4ceb57b36163f530f5479f57478588/element - {"using":"css selector","value":"#shell-header-logo"}
COMMAND: GET /session/3e4ceb57b36163f530f5479f57478588/screenshot - {}
RESULT: {"using":"css selector","value":"#shell-header-logo"}
COMMAND: POST /session/3e4ceb57b36163f530f5479f57478588/element/f.504C58434384A4EE898B1C568961733A.d.632A8F8A91AD30DA9337D0E8AD211C9A.e.19477/click - {}
RESULT: {}
RESULT: {}
COMMAND: GET /session/3e4ceb57b36163f530f5479f57478588/screenshot - {}
RESULT: {}
COMMAND: DELETE /session/3e4ceb57b36163f530f5479f57478588 - {}
RESULT: {}
]]></system-out>
    </testcase>
  </testsuite>
</testsuites>