<?xml version="1.0" encoding="UTF-8"?>
<testsuites tests="7" failures="4" errors="4" skipped="0">
  <testsuite timestamp="2025-05-14T16:49:36" time="690.985" tests="7" failures="4" errors="4" skipped="0">
    <properties>
      <property name="specId" value="0" />
      <property name="suiteName" value="Create masterdata for Yard Overview - trigger provide US130988" />
      <property name="capabilities" value="chrome.136_0_7103_49.windows" />
      <property name="file" value="file:///D:/a/1/s/test/specs/HTR/yard-movement-putaways.spec.js" />
    </properties>
    <testcase classname="chrome.136_0_7103_49.windows.Create_masterdata_for_Yard_Overview_-_trigger_provide_US130988" name="Should create a new WHM yard" time="111.904">
      <system-out><![CDATA[
COMMAND: POST /session/534ad75d1597af479f447147d5e4c98d/window/fullscreen - {}
RESULT: {}
COMMAND: POST /session/534ad75d1597af479f447147d5e4c98d/execute/async - {"script":"<script> [1562 bytes]","args":[{"selector":{"controlType":"sap.m.GenericTile","properties":{"header":"Manage Yards"}},"wdio_ui5_key":"sapm.GenericTile{\"header\":\"Manage Yards\"}"}]}
RESULT: {"script":"<script> [1562 bytes]","args":[{"selector":{"controlType":"sap.m.GenericTile","properties":{"header":"Manage Yards"}},"wdio_ui5_key":"sapm.GenericTile{\"header\":\"Manage Yards\"}"}]}
RESULT: undefined
COMMAND: POST /session/534ad75d1597af479f447147d5e4c98d/element - {"using":"xpath","value":"//*[@id=\"__tile41\"]"}
RESULT: {"using":"xpath","value":"//*[@id=\"__tile41\"]"}
COMMAND: POST /session/534ad75d1597af479f447147d5e4c98d/element/f.10CDCA1FEE263166C11886C5D592C936.d.987DA301882D9E5543A36ADE6C3154C5.e.164/click - {}
RESULT: {}
COMMAND: GET /session/534ad75d1597af479f447147d5e4c98d/screenshot - {}
RESULT: {}
COMMAND: POST /session/534ad75d1597af479f447147d5e4c98d/elements - {"using":"xpath","value":"//span[text()='Error']"}
RESULT: {"using":"xpath","value":"//span[text()='Error']"}
COMMAND: POST /session/534ad75d1597af479f447147d5e4c98d/element - {"using":"xpath","value":"//button[@data-kt=\"addNewYardOverflowToolbarButton\"]"}
RESULT: {"using":"xpath","value":"//button[@data-kt=\"addNewYardOverflowToolbarButton\"]"}
COMMAND: POST /session/534ad75d1597af479f447147d5e4c98d/elements - {"using":"xpath","value":"//button[@data-kt=\"addNewYardOverflowToolbarButton\"]"}
RESULT: {"using":"xpath","value":"//button[@data-kt=\"addNewYardOverflowToolbarButton\"]"}
COMMAND: POST /session/534ad75d1597af479f447147d5e4c98d/execute/sync - {"script":"<script> [8489 bytes]","args":[{"element-6066-11e4-a52e-4f735466cecf":"f.10CDCA1FEE263166C11886C5D592C936.d.987DA301882D9E5543A36ADE6C3154C5.e.291","ELEMENT":"f.10CDCA1FEE263166C11886C5D592C936.d.987DA301882D9E5543A36ADE6C3154C5.e.291"}]}
RESULT: {"script":"<script> [8489 bytes]","args":[{"element-6066-11e4-a52e-4f735466cecf":"f.10CDCA1FEE263166C11886C5D592C936.d.987DA301882D9E5543A36ADE6C3154C5.e.291","ELEMENT":"f.10CDCA1FEE263166C11886C5D592C936.d.987DA301882D9E5543A36ADE6C3154C5.e.291"}]}
COMMAND: GET /session/534ad75d1597af479f447147d5e4c98d/element/f.10CDCA1FEE263166C11886C5D592C936.d.987DA301882D9E5543A36ADE6C3154C5.e.291/enabled - {}
COMMAND: GET /session/534ad75d1597af479f447147d5e4c98d/screenshot - {}
RESULT: {}
COMMAND: POST /session/534ad75d1597af479f447147d5e4c98d/execute/sync - {"script":"<script> [8489 bytes]","args":[{"element-6066-11e4-a52e-4f735466cecf":"f.10CDCA1FEE263166C11886C5D592C936.d.987DA301882D9E5543A36ADE6C3154C5.e.291","ELEMENT":"f.10CDCA1FEE263166C11886C5D592C936.d.987DA301882D9E5543A36ADE6C3154C5.e.291"}]}
COMMAND: GET /session/534ad75d1597af479f447147d5e4c98d/screenshot - {}
RESULT: {}
RESULT: {"script":"<script> [8489 bytes]","args":[{"element-6066-11e4-a52e-4f735466cecf":"f.10CDCA1FEE263166C11886C5D592C936.d.987DA301882D9E5543A36ADE6C3154C5.e.291","ELEMENT":"f.10CDCA1FEE263166C11886C5D592C936.d.987DA301882D9E5543A36ADE6C3154C5.e.291"}]}
COMMAND: POST /session/534ad75d1597af479f447147d5e4c98d/execute/sync - {"script":"<script> [5351 bytes]","args":[{"element-6066-11e4-a52e-4f735466cecf":"f.10CDCA1FEE263166C11886C5D592C936.d.987DA301882D9E5543A36ADE6C3154C5.e.291","ELEMENT":"f.10CDCA1FEE263166C11886C5D592C936.d.987DA301882D9E5543A36ADE6C3154C5.e.291"}]}
COMMAND: GET /session/534ad75d1597af479f447147d5e4c98d/screenshot - {}
RESULT: {}
RESULT: {"script":"<script> [5351 bytes]","args":[{"element-6066-11e4-a52e-4f735466cecf":"f.10CDCA1FEE263166C11886C5D592C936.d.987DA301882D9E5543A36ADE6C3154C5.e.291","ELEMENT":"f.10CDCA1FEE263166C11886C5D592C936.d.987DA301882D9E5543A36ADE6C3154C5.e.291"}]}
COMMAND: POST /session/534ad75d1597af479f447147d5e4c98d/element/f.10CDCA1FEE263166C11886C5D592C936.d.987DA301882D9E5543A36ADE6C3154C5.e.291/click - {}
COMMAND: GET /session/534ad75d1597af479f447147d5e4c98d/screenshot - {}
RESULT: {}
RESULT: {}
COMMAND: GET /session/534ad75d1597af479f447147d5e4c98d/screenshot - {}
RESULT: {}
RESULT: {}
COMMAND: POST /session/534ad75d1597af479f447147d5e4c98d/element - {"using":"xpath","value":"//input[@id=\"application-manageyards-display-component---NewYard--yardId-inner\"]"}
RESULT: {"using":"xpath","value":"//input[@id=\"application-manageyards-display-component---NewYard--yardId-inner\"]"}
COMMAND: POST /session/534ad75d1597af479f447147d5e4c98d/element - {"using":"xpath","value":"//input[@id=\"application-manageyards-display-component---NewYard--yardId-inner\"]"}
RESULT: {"using":"xpath","value":"//input[@id=\"application-manageyards-display-component---NewYard--yardId-inner\"]"}
COMMAND: POST /session/534ad75d1597af479f447147d5e4c98d/execute/async - {"script":"<script> [1562 bytes]","args":[{"selector":{"id":"application-manageyards-display-component---NewYard--addressDetailDetailsName1","interaction":{"idSuffix":"inner"}},"wdio_ui5_key":"applicationmanageyards-display-component---NewYard--addressDetailDetailsName1"}]}
RESULT: {"script":"<script> [1562 bytes]","args":[{"selector":{"id":"application-manageyards-display-component---NewYard--addressDetailDetailsName1","interaction":{"idSuffix":"inner"}},"wdio_ui5_key":"applicationmanageyards-display-component---NewYard--addressDetailDetailsName1"}]}
RESULT: undefined
COMMAND: POST /session/534ad75d1597af479f447147d5e4c98d/execute/async - {"script":"<script> [776 bytes]","args":[{"enterText":"Warehouse Managed WDIO","selector":{"id":"application-manageyards-display-component---NewYard--addressDetailDetailsName1","interaction":{"idSuffix":"inner"}},"clearTextFirst":true,"interactionType":"ENTER_TEXT"}]}
RESULT: {"script":"<script> [776 bytes]","args":[{"enterText":"Warehouse Managed WDIO","selector":{"id":"application-manageyards-display-component---NewYard--addressDetailDetailsName1","interaction":{"idSuffix":"inner"}},"clearTextFirst":true,"interactionType":"ENTER_TEXT"}]}
COMMAND: POST /session/534ad75d1597af479f447147d5e4c98d/execute/async - {"script":"<script> [1562 bytes]","args":[{"selector":{"id":"application-manageyards-display-component---NewYard--addressDetailDetailsLanguage-arrow"},"wdio_ui5_key":"applicationmanageyards-display-component---NewYard--addressDetailDetailsLanguage-arrow"}]}
RESULT: {"script":"<script> [1562 bytes]","args":[{"selector":{"id":"application-manageyards-display-component---NewYard--addressDetailDetailsLanguage-arrow"},"wdio_ui5_key":"applicationmanageyards-display-component---NewYard--addressDetailDetailsLanguage-arrow"}]}
RESULT: undefined
COMMAND: POST /session/534ad75d1597af479f447147d5e4c98d/element - {"using":"xpath","value":"//*[@id=\"application-manageyards-display-component---NewYard--addressDetailDetailsLanguage-arrow\"]"}
RESULT: {"using":"xpath","value":"//*[@id=\"application-manageyards-display-component---NewYard--addressDetailDetailsLanguage-arrow\"]"}
COMMAND: POST /session/534ad75d1597af479f447147d5e4c98d/element/f.10CDCA1FEE263166C11886C5D592C936.d.987DA301882D9E5543A36ADE6C3154C5.e.728/click - {}
RESULT: {}
COMMAND: POST /session/534ad75d1597af479f447147d5e4c98d/element - {"using":"xpath","value":"//span[contains(text(), \"English\")]"}
COMMAND: GET /session/534ad75d1597af479f447147d5e4c98d/screenshot - {}
RESULT: {"using":"xpath","value":"//span[contains(text(), \"English\")]"}
COMMAND: POST /session/534ad75d1597af479f447147d5e4c98d/element/f.10CDCA1FEE263166C11886C5D592C936.d.987DA301882D9E5543A36ADE6C3154C5.e.729/click - {}
RESULT: {}
RESULT: {}
COMMAND: POST /session/534ad75d1597af479f447147d5e4c98d/execute/async - {"script":"<script> [1562 bytes]","args":[{"selector":{"id":"application-manageyards-display-component---NewYard--addressDetailDetailsCity1","interaction":{"idSuffix":"inner"}},"wdio_ui5_key":"applicationmanageyards-display-component---NewYard--addressDetailDetailsCity1"}]}
COMMAND: GET /session/534ad75d1597af479f447147d5e4c98d/screenshot - {}
RESULT: {"script":"<script> [1562 bytes]","args":[{"selector":{"id":"application-manageyards-display-component---NewYard--addressDetailDetailsCity1","interaction":{"idSuffix":"inner"}},"wdio_ui5_key":"applicationmanageyards-display-component---NewYard--addressDetailDetailsCity1"}]}
RESULT: undefined
COMMAND: POST /session/534ad75d1597af479f447147d5e4c98d/execute/async - {"script":"<script> [776 bytes]","args":[{"enterText":"Rosario","selector":{"id":"application-manageyards-display-component---NewYard--addressDetailDetailsCity1","interaction":{"idSuffix":"inner"}},"clearTextFirst":true,"interactionType":"ENTER_TEXT"}]}
RESULT: {}
RESULT: {"script":"<script> [776 bytes]","args":[{"enterText":"Rosario","selector":{"id":"application-manageyards-display-component---NewYard--addressDetailDetailsCity1","interaction":{"idSuffix":"inner"}},"clearTextFirst":true,"interactionType":"ENTER_TEXT"}]}
COMMAND: POST /session/534ad75d1597af479f447147d5e4c98d/execute/async - {"script":"<script> [1562 bytes]","args":[{"selector":{"id":"application-manageyards-display-component---NewYard--addressDetailDetailsCountry-arrow"},"wdio_ui5_key":"applicationmanageyards-display-component---NewYard--addressDetailDetailsCountry-arrow"}]}
RESULT: {"script":"<script> [1562 bytes]","args":[{"selector":{"id":"application-manageyards-display-component---NewYard--addressDetailDetailsCountry-arrow"},"wdio_ui5_key":"applicationmanageyards-display-component---NewYard--addressDetailDetailsCountry-arrow"}]}
RESULT: undefined
COMMAND: POST /session/534ad75d1597af479f447147d5e4c98d/element - {"using":"xpath","value":"//*[@id=\"application-manageyards-display-component---NewYard--addressDetailDetailsCountry-arrow\"]"}
RESULT: {"using":"xpath","value":"//*[@id=\"application-manageyards-display-component---NewYard--addressDetailDetailsCountry-arrow\"]"}
COMMAND: POST /session/534ad75d1597af479f447147d5e4c98d/element/f.10CDCA1FEE263166C11886C5D592C936.d.987DA301882D9E5543A36ADE6C3154C5.e.731/click - {}
RESULT: {}
COMMAND: POST /session/534ad75d1597af479f447147d5e4c98d/element - {"using":"xpath","value":"//span[contains(text(), \"Argentina\")]"}
COMMAND: GET /session/534ad75d1597af479f447147d5e4c98d/screenshot - {}
RESULT: {"using":"xpath","value":"//span[contains(text(), \"Argentina\")]"}
COMMAND: POST /session/534ad75d1597af479f447147d5e4c98d/element/f.10CDCA1FEE263166C11886C5D592C936.d.987DA301882D9E5543A36ADE6C3154C5.e.732/click - {}
RESULT: {}
RESULT: {}
COMMAND: POST /session/534ad75d1597af479f447147d5e4c98d/execute/async - {"script":"<script> [1562 bytes]","args":[{"selector":{"id":"application-manageyards-display-component---NewYard--addressEditDetailsCostObjectCstType-arrow"},"wdio_ui5_key":"applicationmanageyards-display-component---NewYard--addressEditDetailsCostObjectCstType-arrow"}]}
COMMAND: GET /session/534ad75d1597af479f447147d5e4c98d/screenshot - {}
RESULT: {"script":"<script> [1562 bytes]","args":[{"selector":{"id":"application-manageyards-display-component---NewYard--addressEditDetailsCostObjectCstType-arrow"},"wdio_ui5_key":"applicationmanageyards-display-component---NewYard--addressEditDetailsCostObjectCstType-arrow"}]}
RESULT: undefined
COMMAND: POST /session/534ad75d1597af479f447147d5e4c98d/element - {"using":"xpath","value":"//*[@id=\"application-manageyards-display-component---NewYard--addressEditDetailsCostObjectCstType-arrow\"]"}
RESULT: {}
RESULT: {"using":"xpath","value":"//*[@id=\"application-manageyards-display-component---NewYard--addressEditDetailsCostObjectCstType-arrow\"]"}
COMMAND: POST /session/534ad75d1597af479f447147d5e4c98d/element/f.10CDCA1FEE263166C11886C5D592C936.d.987DA301882D9E5543A36ADE6C3154C5.e.734/click - {}
RESULT: {}
COMMAND: POST /session/534ad75d1597af479f447147d5e4c98d/element - {"using":"xpath","value":"//span[contains(text(), \"Cost Center\")]"}
COMMAND: GET /session/534ad75d1597af479f447147d5e4c98d/screenshot - {}
RESULT: {"using":"xpath","value":"//span[contains(text(), \"Cost Center\")]"}
COMMAND: POST /session/534ad75d1597af479f447147d5e4c98d/element/f.10CDCA1FEE263166C11886C5D592C936.d.987DA301882D9E5543A36ADE6C3154C5.e.735/click - {}
RESULT: {}
RESULT: {}
COMMAND: GET /session/534ad75d1597af479f447147d5e4c98d/screenshot - {}
RESULT: {}
COMMAND: POST /session/534ad75d1597af479f447147d5e4c98d/element - {"using":"xpath","value":"//span[@id=\"application-manageyards-display-component---NewYard--addressNewCostObjectCstID-vhi\"]"}
RESULT: {"using":"xpath","value":"//span[@id=\"application-manageyards-display-component---NewYard--addressNewCostObjectCstID-vhi\"]"}
COMMAND: POST /session/534ad75d1597af479f447147d5e4c98d/execute/sync - {"script":"<script> [8489 bytes]","args":[{"element-6066-11e4-a52e-4f735466cecf":"f.10CDCA1FEE263166C11886C5D592C936.d.987DA301882D9E5543A36ADE6C3154C5.e.739","ELEMENT":"f.10CDCA1FEE263166C11886C5D592C936.d.987DA301882D9E5543A36ADE6C3154C5.e.739"}]}
RESULT: {"script":"<script> [8489 bytes]","args":[{"element-6066-11e4-a52e-4f735466cecf":"f.10CDCA1FEE263166C11886C5D592C936.d.987DA301882D9E5543A36ADE6C3154C5.e.739","ELEMENT":"f.10CDCA1FEE263166C11886C5D592C936.d.987DA301882D9E5543A36ADE6C3154C5.e.739"}]}
COMMAND: POST /session/534ad75d1597af479f447147d5e4c98d/execute/async - {"script":"<script> [1562 bytes]","args":[{"selector":{"id":"application-manageyards-display-component---NewYard--addressNewCostObjectCstID-vhi"},"wdio_ui5_key":"applicationmanageyards-display-component---NewYard--addressNewCostObjectCstID-vhi"}]}
COMMAND: GET /session/534ad75d1597af479f447147d5e4c98d/screenshot - {}
RESULT: {"script":"<script> [1562 bytes]","args":[{"selector":{"id":"application-manageyards-display-component---NewYard--addressNewCostObjectCstID-vhi"},"wdio_ui5_key":"applicationmanageyards-display-component---NewYard--addressNewCostObjectCstID-vhi"}]}
RESULT: undefined
COMMAND: POST /session/534ad75d1597af479f447147d5e4c98d/element - {"using":"xpath","value":"//*[@id=\"application-manageyards-display-component---NewYard--addressNewCostObjectCstID-vhi\"]"}
RESULT: {}
RESULT: {"using":"xpath","value":"//*[@id=\"application-manageyards-display-component---NewYard--addressNewCostObjectCstID-vhi\"]"}
COMMAND: POST /session/534ad75d1597af479f447147d5e4c98d/element/f.10CDCA1FEE263166C11886C5D592C936.d.987DA301882D9E5543A36ADE6C3154C5.e.739/click - {}
RESULT: {}
COMMAND: GET /session/534ad75d1597af479f447147d5e4c98d/screenshot - {}
RESULT: {}
COMMAND: POST /session/534ad75d1597af479f447147d5e4c98d/execute/async - {"script":"<script> [1562 bytes]","args":[{"selector":{"controlType":"sap.m.SearchField","properties":{"placeholder":"Search"},"searchOpenDialogs":true,"interaction":{"idSuffix":"I"}},"wdio_ui5_key":"sapm.SearchField{\"placeholder\":\"Search\"}"}]}
RESULT: {"script":"<script> [1562 bytes]","args":[{"selector":{"controlType":"sap.m.SearchField","properties":{"placeholder":"Search"},"searchOpenDialogs":true,"interaction":{"idSuffix":"I"}},"wdio_ui5_key":"sapm.SearchField{\"placeholder\":\"Search\"}"}]}
RESULT: undefined
COMMAND: POST /session/534ad75d1597af479f447147d5e4c98d/execute/async - {"script":"<script> [776 bytes]","args":[{"enterText":"bauh_b","selector":{"controlType":"sap.m.SearchField","properties":{"placeholder":"Search"},"searchOpenDialogs":true,"interaction":{"idSuffix":"I"}},"clearTextFirst":true,"interactionType":"ENTER_TEXT"}]}
RESULT: {"script":"<script> [776 bytes]","args":[{"enterText":"bauh_b","selector":{"controlType":"sap.m.SearchField","properties":{"placeholder":"Search"},"searchOpenDialogs":true,"interaction":{"idSuffix":"I"}},"clearTextFirst":true,"interactionType":"ENTER_TEXT"}]}
COMMAND: POST /session/534ad75d1597af479f447147d5e4c98d/actions - {"actions":[{"id":"action1","type":"key","parameters":{},"actions":[{"type":"keyDown","value":"î€‡"},{"type":"pause","duration":10},{"type":"keyUp","value":"î€‡"}]}]}
RESULT: {"actions":[{"id":"action1","type":"key","parameters":{},"actions":[{"type":"keyDown","value":"î€‡"},{"type":"pause","duration":10},{"type":"keyUp","value":"î€‡"}]}]}
COMMAND: GET /session/534ad75d1597af479f447147d5e4c98d/screenshot - {}
RESULT: {}
COMMAND: POST /session/534ad75d1597af479f447147d5e4c98d/element - {"using":"xpath","value":"//span[contains(text(), \"Demo Yard\")]"}
RESULT: {"using":"xpath","value":"//span[contains(text(), \"Demo Yard\")]"}
COMMAND: POST /session/534ad75d1597af479f447147d5e4c98d/element/f.10CDCA1FEE263166C11886C5D592C936.d.987DA301882D9E5543A36ADE6C3154C5.e.781/click - {}
RESULT: {}
COMMAND: GET /session/534ad75d1597af479f447147d5e4c98d/screenshot - {}
RESULT: {}
COMMAND: POST /session/534ad75d1597af479f447147d5e4c98d/element - {"using":"xpath","value":"//bdi[contains(text(), \"OK\")]"}
RESULT: {"using":"xpath","value":"//bdi[contains(text(), \"OK\")]"}
COMMAND: POST /session/534ad75d1597af479f447147d5e4c98d/element/f.10CDCA1FEE263166C11886C5D592C936.d.987DA301882D9E5543A36ADE6C3154C5.e.782/click - {}
RESULT: {}
COMMAND: GET /session/534ad75d1597af479f447147d5e4c98d/screenshot - {}
RESULT: {}
COMMAND: POST /session/534ad75d1597af479f447147d5e4c98d/execute/async - {"script":"<script> [1562 bytes]","args":[{"selector":{"id":"application-manageyards-display-component---NewYard--addressEditDetailsCurrency-arrow"},"wdio_ui5_key":"applicationmanageyards-display-component---NewYard--addressEditDetailsCurrency-arrow"}]}
RESULT: {"script":"<script> [1562 bytes]","args":[{"selector":{"id":"application-manageyards-display-component---NewYard--addressEditDetailsCurrency-arrow"},"wdio_ui5_key":"applicationmanageyards-display-component---NewYard--addressEditDetailsCurrency-arrow"}]}
RESULT: undefined
COMMAND: POST /session/534ad75d1597af479f447147d5e4c98d/element - {"using":"xpath","value":"//*[@id=\"application-manageyards-display-component---NewYard--addressEditDetailsCurrency-arrow\"]"}
RESULT: {"using":"xpath","value":"//*[@id=\"application-manageyards-display-component---NewYard--addressEditDetailsCurrency-arrow\"]"}
COMMAND: POST /session/534ad75d1597af479f447147d5e4c98d/element/f.10CDCA1FEE263166C11886C5D592C936.d.987DA301882D9E5543A36ADE6C3154C5.e.785/click - {}
RESULT: {}
COMMAND: POST /session/534ad75d1597af479f447147d5e4c98d/element - {"using":"xpath","value":"//span[contains(text(), \"Euro\")]"}
COMMAND: GET /session/534ad75d1597af479f447147d5e4c98d/screenshot - {}
RESULT: {"using":"xpath","value":"//span[contains(text(), \"Euro\")]"}
COMMAND: POST /session/534ad75d1597af479f447147d5e4c98d/element/f.10CDCA1FEE263166C11886C5D592C936.d.987DA301882D9E5543A36ADE6C3154C5.e.786/click - {}
RESULT: {}
RESULT: {}
COMMAND: POST /session/534ad75d1597af479f447147d5e4c98d/execute/async - {"script":"<script> [1562 bytes]","args":[{"selector":{"controlType":"sap.m.Input","viewName":"etm.portal.ui.manageyards.view.New","viewId":"application-manageyards-display-component---NewYard","bindingPath":{"path":"","propertyPath":"/CONTROLLING_AREA","modelName":"NewYardModel"},"interaction":{"idSuffix":"inner"}},"wdio_ui5_key":"etmportal.ui.manageyards.view.Newsap.m.Input{\"path\":\"\",\"propertyPath\":\"/CONTROLLING_AREA\",\"modelName\":\"NewYardModel\"}"}]}
COMMAND: GET /session/534ad75d1597af479f447147d5e4c98d/screenshot - {}
RESULT: {"script":"<script> [1562 bytes]","args":[{"selector":{"controlType":"sap.m.Input","viewName":"etm.portal.ui.manageyards.view.New","viewId":"application-manageyards-display-component---NewYard","bindingPath":{"path":"","propertyPath":"/CONTROLLING_AREA","modelName":"NewYardModel"},"interaction":{"idSuffix":"inner"}},"wdio_ui5_key":"etmportal.ui.manageyards.view.Newsap.m.Input{\"path\":\"\",\"propertyPath\":\"/CONTROLLING_AREA\",\"modelName\":\"NewYardModel\"}"}]}
RESULT: undefined
COMMAND: POST /session/534ad75d1597af479f447147d5e4c98d/execute/async - {"script":"<script> [776 bytes]","args":[{"enterText":"Z001","selector":{"controlType":"sap.m.Input","viewName":"etm.portal.ui.manageyards.view.New","viewId":"application-manageyards-display-component---NewYard","bindingPath":{"path":"","propertyPath":"/CONTROLLING_AREA","modelName":"NewYardModel"},"interaction":{"idSuffix":"inner"}},"clearTextFirst":true,"interactionType":"ENTER_TEXT"}]}
RESULT: {}
RESULT: {"script":"<script> [776 bytes]","args":[{"enterText":"Z001","selector":{"controlType":"sap.m.Input","viewName":"etm.portal.ui.manageyards.view.New","viewId":"application-manageyards-display-component---NewYard","bindingPath":{"path":"","propertyPath":"/CONTROLLING_AREA","modelName":"NewYardModel"},"interaction":{"idSuffix":"inner"}},"clearTextFirst":true,"interactionType":"ENTER_TEXT"}]}
COMMAND: POST /session/534ad75d1597af479f447147d5e4c98d/execute/async - {"script":"<script> [1562 bytes]","args":[{"selector":{"id":"application-manageyards-display-component---NewYard--companyCodeComboBox","interaction":{"idSuffix":"inner"}},"wdio_ui5_key":"applicationmanageyards-display-component---NewYard--companyCodeComboBox"}]}
RESULT: {"script":"<script> [1562 bytes]","args":[{"selector":{"id":"application-manageyards-display-component---NewYard--companyCodeComboBox","interaction":{"idSuffix":"inner"}},"wdio_ui5_key":"applicationmanageyards-display-component---NewYard--companyCodeComboBox"}]}
RESULT: undefined
COMMAND: POST /session/534ad75d1597af479f447147d5e4c98d/execute/async - {"script":"<script> [776 bytes]","args":[{"enterText":"1000","selector":{"id":"application-manageyards-display-component---NewYard--companyCodeComboBox","interaction":{"idSuffix":"inner"}},"clearTextFirst":true,"interactionType":"ENTER_TEXT"}]}
RESULT: {"script":"<script> [776 bytes]","args":[{"enterText":"1000","selector":{"id":"application-manageyards-display-component---NewYard--companyCodeComboBox","interaction":{"idSuffix":"inner"}},"clearTextFirst":true,"interactionType":"ENTER_TEXT"}]}
COMMAND: POST /session/534ad75d1597af479f447147d5e4c98d/execute/async - {"script":"<script> [1562 bytes]","args":[{"selector":{"controlType":"sap.m.Input","viewName":"etm.portal.ui.manageyards.view.New","viewId":"application-manageyards-display-component---NewYard","bindingPath":{"path":"","propertyPath":"/PLANT","modelName":"NewYardModel"},"interaction":{"idSuffix":"inner"}},"wdio_ui5_key":"etmportal.ui.manageyards.view.Newsap.m.Input{\"path\":\"\",\"propertyPath\":\"/PLANT\",\"modelName\":\"NewYardModel\"}"}]}
RESULT: {"script":"<script> [1562 bytes]","args":[{"selector":{"controlType":"sap.m.Input","viewName":"etm.portal.ui.manageyards.view.New","viewId":"application-manageyards-display-component---NewYard","bindingPath":{"path":"","propertyPath":"/PLANT","modelName":"NewYardModel"},"interaction":{"idSuffix":"inner"}},"wdio_ui5_key":"etmportal.ui.manageyards.view.Newsap.m.Input{\"path\":\"\",\"propertyPath\":\"/PLANT\",\"modelName\":\"NewYardModel\"}"}]}
RESULT: undefined
COMMAND: POST /session/534ad75d1597af479f447147d5e4c98d/execute/async - {"script":"<script> [776 bytes]","args":[{"enterText":"1001","selector":{"controlType":"sap.m.Input","viewName":"etm.portal.ui.manageyards.view.New","viewId":"application-manageyards-display-component---NewYard","bindingPath":{"path":"","propertyPath":"/PLANT","modelName":"NewYardModel"},"interaction":{"idSuffix":"inner"}},"clearTextFirst":true,"interactionType":"ENTER_TEXT"}]}
RESULT: {"script":"<script> [776 bytes]","args":[{"enterText":"1001","selector":{"controlType":"sap.m.Input","viewName":"etm.portal.ui.manageyards.view.New","viewId":"application-manageyards-display-component---NewYard","bindingPath":{"path":"","propertyPath":"/PLANT","modelName":"NewYardModel"},"interaction":{"idSuffix":"inner"}},"clearTextFirst":true,"interactionType":"ENTER_TEXT"}]}
COMMAND: POST /session/534ad75d1597af479f447147d5e4c98d/execute/async - {"script":"<script> [1562 bytes]","args":[{"selector":{"controlType":"sap.m.Input","viewName":"etm.portal.ui.manageyards.view.New","viewId":"application-manageyards-display-component---NewYard","bindingPath":{"path":"","propertyPath":"/SALES_AREA_VKORG","modelName":"NewYardModel"},"interaction":{"idSuffix":"inner"}},"wdio_ui5_key":"etmportal.ui.manageyards.view.Newsap.m.Input{\"path\":\"\",\"propertyPath\":\"/SALES_AREA_VKORG\",\"modelName\":\"NewYardModel\"}"}]}
RESULT: {"script":"<script> [1562 bytes]","args":[{"selector":{"controlType":"sap.m.Input","viewName":"etm.portal.ui.manageyards.view.New","viewId":"application-manageyards-display-component---NewYard","bindingPath":{"path":"","propertyPath":"/SALES_AREA_VKORG","modelName":"NewYardModel"},"interaction":{"idSuffix":"inner"}},"wdio_ui5_key":"etmportal.ui.manageyards.view.Newsap.m.Input{\"path\":\"\",\"propertyPath\":\"/SALES_AREA_VKORG\",\"modelName\":\"NewYardModel\"}"}]}
RESULT: undefined
COMMAND: POST /session/534ad75d1597af479f447147d5e4c98d/execute/async - {"script":"<script> [776 bytes]","args":[{"enterText":"C002","selector":{"controlType":"sap.m.Input","viewName":"etm.portal.ui.manageyards.view.New","viewId":"application-manageyards-display-component---NewYard","bindingPath":{"path":"","propertyPath":"/SALES_AREA_VKORG","modelName":"NewYardModel"},"interaction":{"idSuffix":"inner"}},"clearTextFirst":true,"interactionType":"ENTER_TEXT"}]}
RESULT: {"script":"<script> [776 bytes]","args":[{"enterText":"C002","selector":{"controlType":"sap.m.Input","viewName":"etm.portal.ui.manageyards.view.New","viewId":"application-manageyards-display-component---NewYard","bindingPath":{"path":"","propertyPath":"/SALES_AREA_VKORG","modelName":"NewYardModel"},"interaction":{"idSuffix":"inner"}},"clearTextFirst":true,"interactionType":"ENTER_TEXT"}]}
COMMAND: POST /session/534ad75d1597af479f447147d5e4c98d/execute/async - {"script":"<script> [1562 bytes]","args":[{"selector":{"controlType":"sap.m.Input","viewName":"etm.portal.ui.manageyards.view.New","viewId":"application-manageyards-display-component---NewYard","bindingPath":{"path":"","propertyPath":"/SALES_AREA_VTWEG","modelName":"NewYardModel"},"interaction":{"idSuffix":"inner"}},"wdio_ui5_key":"etmportal.ui.manageyards.view.Newsap.m.Input{\"path\":\"\",\"propertyPath\":\"/SALES_AREA_VTWEG\",\"modelName\":\"NewYardModel\"}"}]}
RESULT: {"script":"<script> [1562 bytes]","args":[{"selector":{"controlType":"sap.m.Input","viewName":"etm.portal.ui.manageyards.view.New","viewId":"application-manageyards-display-component---NewYard","bindingPath":{"path":"","propertyPath":"/SALES_AREA_VTWEG","modelName":"NewYardModel"},"interaction":{"idSuffix":"inner"}},"wdio_ui5_key":"etmportal.ui.manageyards.view.Newsap.m.Input{\"path\":\"\",\"propertyPath\":\"/SALES_AREA_VTWEG\",\"modelName\":\"NewYardModel\"}"}]}
RESULT: undefined
COMMAND: POST /session/534ad75d1597af479f447147d5e4c98d/execute/async - {"script":"<script> [776 bytes]","args":[{"enterText":"C2","selector":{"controlType":"sap.m.Input","viewName":"etm.portal.ui.manageyards.view.New","viewId":"application-manageyards-display-component---NewYard","bindingPath":{"path":"","propertyPath":"/SALES_AREA_VTWEG","modelName":"NewYardModel"},"interaction":{"idSuffix":"inner"}},"clearTextFirst":true,"interactionType":"ENTER_TEXT"}]}
RESULT: {"script":"<script> [776 bytes]","args":[{"enterText":"C2","selector":{"controlType":"sap.m.Input","viewName":"etm.portal.ui.manageyards.view.New","viewId":"application-manageyards-display-component---NewYard","bindingPath":{"path":"","propertyPath":"/SALES_AREA_VTWEG","modelName":"NewYardModel"},"interaction":{"idSuffix":"inner"}},"clearTextFirst":true,"interactionType":"ENTER_TEXT"}]}
COMMAND: POST /session/534ad75d1597af479f447147d5e4c98d/execute/async - {"script":"<script> [1562 bytes]","args":[{"selector":{"controlType":"sap.m.Input","viewName":"etm.portal.ui.manageyards.view.New","viewId":"application-manageyards-display-component---NewYard","bindingPath":{"path":"","propertyPath":"/SALES_AREA_SPART","modelName":"NewYardModel"},"interaction":{"idSuffix":"inner"}},"wdio_ui5_key":"etmportal.ui.manageyards.view.Newsap.m.Input{\"path\":\"\",\"propertyPath\":\"/SALES_AREA_SPART\",\"modelName\":\"NewYardModel\"}"}]}
RESULT: {"script":"<script> [1562 bytes]","args":[{"selector":{"controlType":"sap.m.Input","viewName":"etm.portal.ui.manageyards.view.New","viewId":"application-manageyards-display-component---NewYard","bindingPath":{"path":"","propertyPath":"/SALES_AREA_SPART","modelName":"NewYardModel"},"interaction":{"idSuffix":"inner"}},"wdio_ui5_key":"etmportal.ui.manageyards.view.Newsap.m.Input{\"path\":\"\",\"propertyPath\":\"/SALES_AREA_SPART\",\"modelName\":\"NewYardModel\"}"}]}
RESULT: undefined
COMMAND: POST /session/534ad75d1597af479f447147d5e4c98d/execute/async - {"script":"<script> [776 bytes]","args":[{"enterText":"C2","selector":{"controlType":"sap.m.Input","viewName":"etm.portal.ui.manageyards.view.New","viewId":"application-manageyards-display-component---NewYard","bindingPath":{"path":"","propertyPath":"/SALES_AREA_SPART","modelName":"NewYardModel"},"interaction":{"idSuffix":"inner"}},"clearTextFirst":true,"interactionType":"ENTER_TEXT"}]}
RESULT: {"script":"<script> [776 bytes]","args":[{"enterText":"C2","selector":{"controlType":"sap.m.Input","viewName":"etm.portal.ui.manageyards.view.New","viewId":"application-manageyards-display-component---NewYard","bindingPath":{"path":"","propertyPath":"/SALES_AREA_SPART","modelName":"NewYardModel"},"interaction":{"idSuffix":"inner"}},"clearTextFirst":true,"interactionType":"ENTER_TEXT"}]}
COMMAND: POST /session/534ad75d1597af479f447147d5e4c98d/execute/async - {"script":"<script> [1562 bytes]","args":[{"selector":{"controlType":"sap.m.Input","viewName":"etm.portal.ui.manageyards.view.New","viewId":"application-manageyards-display-component---NewYard","bindingPath":{"path":"","propertyPath":"/SHIP_POINT","modelName":"NewYardModel"},"interaction":{"idSuffix":"inner"}},"wdio_ui5_key":"etmportal.ui.manageyards.view.Newsap.m.Input{\"path\":\"\",\"propertyPath\":\"/SHIP_POINT\",\"modelName\":\"NewYardModel\"}"}]}
RESULT: {"script":"<script> [1562 bytes]","args":[{"selector":{"controlType":"sap.m.Input","viewName":"etm.portal.ui.manageyards.view.New","viewId":"application-manageyards-display-component---NewYard","bindingPath":{"path":"","propertyPath":"/SHIP_POINT","modelName":"NewYardModel"},"interaction":{"idSuffix":"inner"}},"wdio_ui5_key":"etmportal.ui.manageyards.view.Newsap.m.Input{\"path\":\"\",\"propertyPath\":\"/SHIP_POINT\",\"modelName\":\"NewYardModel\"}"}]}
RESULT: undefined
COMMAND: POST /session/534ad75d1597af479f447147d5e4c98d/execute/async - {"script":"<script> [776 bytes]","args":[{"enterText":"1710","selector":{"controlType":"sap.m.Input","viewName":"etm.portal.ui.manageyards.view.New","viewId":"application-manageyards-display-component---NewYard","bindingPath":{"path":"","propertyPath":"/SHIP_POINT","modelName":"NewYardModel"},"interaction":{"idSuffix":"inner"}},"clearTextFirst":true,"interactionType":"ENTER_TEXT"}]}
RESULT: {"script":"<script> [776 bytes]","args":[{"enterText":"1710","selector":{"controlType":"sap.m.Input","viewName":"etm.portal.ui.manageyards.view.New","viewId":"application-manageyards-display-component---NewYard","bindingPath":{"path":"","propertyPath":"/SHIP_POINT","modelName":"NewYardModel"},"interaction":{"idSuffix":"inner"}},"clearTextFirst":true,"interactionType":"ENTER_TEXT"}]}
COMMAND: POST /session/534ad75d1597af479f447147d5e4c98d/execute/async - {"script":"<script> [1562 bytes]","args":[{"selector":{"controlType":"sap.m.Input","viewName":"etm.portal.ui.manageyards.view.New","viewId":"application-manageyards-display-component---NewYard","bindingPath":{"path":"","propertyPath":"/DELIVERY_TYPE","modelName":"NewYardModel"},"interaction":{"idSuffix":"inner"}},"wdio_ui5_key":"etmportal.ui.manageyards.view.Newsap.m.Input{\"path\":\"\",\"propertyPath\":\"/DELIVERY_TYPE\",\"modelName\":\"NewYardModel\"}"}]}
RESULT: {"script":"<script> [1562 bytes]","args":[{"selector":{"controlType":"sap.m.Input","viewName":"etm.portal.ui.manageyards.view.New","viewId":"application-manageyards-display-component---NewYard","bindingPath":{"path":"","propertyPath":"/DELIVERY_TYPE","modelName":"NewYardModel"},"interaction":{"idSuffix":"inner"}},"wdio_ui5_key":"etmportal.ui.manageyards.view.Newsap.m.Input{\"path\":\"\",\"propertyPath\":\"/DELIVERY_TYPE\",\"modelName\":\"NewYardModel\"}"}]}
RESULT: undefined
COMMAND: POST /session/534ad75d1597af479f447147d5e4c98d/execute/async - {"script":"<script> [776 bytes]","args":[{"enterText":"ZL01","selector":{"controlType":"sap.m.Input","viewName":"etm.portal.ui.manageyards.view.New","viewId":"application-manageyards-display-component---NewYard","bindingPath":{"path":"","propertyPath":"/DELIVERY_TYPE","modelName":"NewYardModel"},"interaction":{"idSuffix":"inner"}},"clearTextFirst":true,"interactionType":"ENTER_TEXT"}]}
RESULT: {"script":"<script> [776 bytes]","args":[{"enterText":"ZL01","selector":{"controlType":"sap.m.Input","viewName":"etm.portal.ui.manageyards.view.New","viewId":"application-manageyards-display-component---NewYard","bindingPath":{"path":"","propertyPath":"/DELIVERY_TYPE","modelName":"NewYardModel"},"interaction":{"idSuffix":"inner"}},"clearTextFirst":true,"interactionType":"ENTER_TEXT"}]}
COMMAND: POST /session/534ad75d1597af479f447147d5e4c98d/execute/async - {"script":"<script> [1562 bytes]","args":[{"selector":{"controlType":"sap.m.Input","viewName":"etm.portal.ui.manageyards.view.New","viewId":"application-manageyards-display-component---NewYard","bindingPath":{"path":"","propertyPath":"/AUART","modelName":"NewYardModel"},"interaction":{"idSuffix":"inner"}},"wdio_ui5_key":"etmportal.ui.manageyards.view.Newsap.m.Input{\"path\":\"\",\"propertyPath\":\"/AUART\",\"modelName\":\"NewYardModel\"}"}]}
RESULT: {"script":"<script> [1562 bytes]","args":[{"selector":{"controlType":"sap.m.Input","viewName":"etm.portal.ui.manageyards.view.New","viewId":"application-manageyards-display-component---NewYard","bindingPath":{"path":"","propertyPath":"/AUART","modelName":"NewYardModel"},"interaction":{"idSuffix":"inner"}},"wdio_ui5_key":"etmportal.ui.manageyards.view.Newsap.m.Input{\"path\":\"\",\"propertyPath\":\"/AUART\",\"modelName\":\"NewYardModel\"}"}]}
RESULT: undefined
COMMAND: POST /session/534ad75d1597af479f447147d5e4c98d/execute/async - {"script":"<script> [776 bytes]","args":[{"enterText":"TA","selector":{"controlType":"sap.m.Input","viewName":"etm.portal.ui.manageyards.view.New","viewId":"application-manageyards-display-component---NewYard","bindingPath":{"path":"","propertyPath":"/AUART","modelName":"NewYardModel"},"interaction":{"idSuffix":"inner"}},"clearTextFirst":true,"interactionType":"ENTER_TEXT"}]}
RESULT: {"script":"<script> [776 bytes]","args":[{"enterText":"TA","selector":{"controlType":"sap.m.Input","viewName":"etm.portal.ui.manageyards.view.New","viewId":"application-manageyards-display-component---NewYard","bindingPath":{"path":"","propertyPath":"/AUART","modelName":"NewYardModel"},"interaction":{"idSuffix":"inner"}},"clearTextFirst":true,"interactionType":"ENTER_TEXT"}]}
COMMAND: POST /session/534ad75d1597af479f447147d5e4c98d/execute/async - {"script":"<script> [1562 bytes]","args":[{"selector":{"id":"application-manageyards-display-component---NewYard--whmCheckBox","interaction":{"idSuffix":"CbBg"}},"wdio_ui5_key":"applicationmanageyards-display-component---NewYard--whmCheckBox"}]}
RESULT: {"script":"<script> [1562 bytes]","args":[{"selector":{"id":"application-manageyards-display-component---NewYard--whmCheckBox","interaction":{"idSuffix":"CbBg"}},"wdio_ui5_key":"applicationmanageyards-display-component---NewYard--whmCheckBox"}]}
RESULT: undefined
COMMAND: POST /session/534ad75d1597af479f447147d5e4c98d/element - {"using":"xpath","value":"//*[@id=\"application-manageyards-display-component---NewYard--whmCheckBox\"]"}
RESULT: {"using":"xpath","value":"//*[@id=\"application-manageyards-display-component---NewYard--whmCheckBox\"]"}
COMMAND: POST /session/534ad75d1597af479f447147d5e4c98d/element/f.10CDCA1FEE263166C11886C5D592C936.d.987DA301882D9E5543A36ADE6C3154C5.e.806/click - {}
RESULT: {}
COMMAND: GET /session/534ad75d1597af479f447147d5e4c98d/screenshot - {}
RESULT: {}
COMMAND: POST /session/534ad75d1597af479f447147d5e4c98d/element - {"using":"xpath","value":"//button[@data-kt=\"newYardSaveButton\"]"}
RESULT: {"using":"xpath","value":"//button[@data-kt=\"newYardSaveButton\"]"}
COMMAND: POST /session/534ad75d1597af479f447147d5e4c98d/element/f.10CDCA1FEE263166C11886C5D592C936.d.987DA301882D9E5543A36ADE6C3154C5.e.688/click - {}
RESULT: {}
COMMAND: GET /session/534ad75d1597af479f447147d5e4c98d/screenshot - {}
RESULT: {}
COMMAND: POST /session/534ad75d1597af479f447147d5e4c98d/element - {"using":"xpath","value":"//header[contains(@id, 'ObjectPageLayout-headerTitle')]/div[1]/div[2]/div[1]/span[1]"}
RESULT: {"using":"xpath","value":"//header[contains(@id, 'ObjectPageLayout-headerTitle')]/div[1]/div[2]/div[1]/span[1]"}
COMMAND: POST /session/534ad75d1597af479f447147d5e4c98d/elements - {"using":"xpath","value":"//header[contains(@id, 'ObjectPageLayout-headerTitle')]/div[1]/div[2]/div[1]/span[1]"}
RESULT: {"using":"xpath","value":"//header[contains(@id, 'ObjectPageLayout-headerTitle')]/div[1]/div[2]/div[1]/span[1]"}
COMMAND: POST /session/534ad75d1597af479f447147d5e4c98d/execute/sync - {"script":"<script> [56 bytes]","args":[{"element-6066-11e4-a52e-4f735466cecf":"f.10CDCA1FEE263166C11886C5D592C936.d.987DA301882D9E5543A36ADE6C3154C5.e.1011","ELEMENT":"f.10CDCA1FEE263166C11886C5D592C936.d.987DA301882D9E5543A36ADE6C3154C5.e.1011"}]}
RESULT: {"script":"<script> [56 bytes]","args":[{"element-6066-11e4-a52e-4f735466cecf":"f.10CDCA1FEE263166C11886C5D592C936.d.987DA301882D9E5543A36ADE6C3154C5.e.1011","ELEMENT":"f.10CDCA1FEE263166C11886C5D592C936.d.987DA301882D9E5543A36ADE6C3154C5.e.1011"}]}
COMMAND: GET /session/534ad75d1597af479f447147d5e4c98d/screenshot - {}
RESULT: {}
COMMAND: POST /session/534ad75d1597af479f447147d5e4c98d/element - {"using":"css selector","value":"#shell-header-logo"}
RESULT: {"using":"css selector","value":"#shell-header-logo"}
COMMAND: POST /session/534ad75d1597af479f447147d5e4c98d/element/f.10CDCA1FEE263166C11886C5D592C936.d.987DA301882D9E5543A36ADE6C3154C5.e.261/click - {}
RESULT: {}
COMMAND: GET /session/534ad75d1597af479f447147d5e4c98d/screenshot - {}
RESULT: {}
COMMAND: POST /session/534ad75d1597af479f447147d5e4c98d/execute/sync - {"script":"<script> [299 bytes]","args":[["getModel","getResource"]]}
RESULT: {"script":"<script> [299 bytes]","args":[["getModel","getResource"]]}
COMMAND: GET /session/534ad75d1597af479f447147d5e4c98d/screenshot - {}
]]></system-out>
    </testcase>
    <testcase classname="chrome.136_0_7103_49.windows.Create_masterdata_for_Yard_Overview_-_trigger_provide_US130988" name="Should create a new external partner" time="89.342">
      <system-out><![CDATA[
COMMAND: POST /session/534ad75d1597af479f447147d5e4c98d/window/fullscreen - {}
RESULT: {}
RESULT: {}
COMMAND: POST /session/534ad75d1597af479f447147d5e4c98d/execute/async - {"script":"<script> [1562 bytes]","args":[{"selector":{"controlType":"sap.m.GenericTile","properties":{"header":"Manage Partners"}},"wdio_ui5_key":"sapm.GenericTile{\"header\":\"Manage Partners\"}"}]}
RESULT: {"script":"<script> [1562 bytes]","args":[{"selector":{"controlType":"sap.m.GenericTile","properties":{"header":"Manage Partners"}},"wdio_ui5_key":"sapm.GenericTile{\"header\":\"Manage Partners\"}"}]}
RESULT: undefined
COMMAND: POST /session/534ad75d1597af479f447147d5e4c98d/element - {"using":"xpath","value":"//*[@id=\"__tile38\"]"}
RESULT: {"using":"xpath","value":"//*[@id=\"__tile38\"]"}
COMMAND: POST /session/534ad75d1597af479f447147d5e4c98d/element/f.10CDCA1FEE263166C11886C5D592C936.d.987DA301882D9E5543A36ADE6C3154C5.e.155/click - {}
RESULT: {}
COMMAND: GET /session/534ad75d1597af479f447147d5e4c98d/screenshot - {}
RESULT: {}
COMMAND: POST /session/534ad75d1597af479f447147d5e4c98d/elements - {"using":"xpath","value":"//span[text()='Error']"}
RESULT: {"using":"xpath","value":"//span[text()='Error']"}
COMMAND: POST /session/534ad75d1597af479f447147d5e4c98d/element - {"using":"xpath","value":"//button[@data-kt=\"addButton\"]"}
RESULT: {"using":"xpath","value":"//button[@data-kt=\"addButton\"]"}
COMMAND: POST /session/534ad75d1597af479f447147d5e4c98d/elements - {"using":"xpath","value":"//button[@data-kt=\"addButton\"]"}
RESULT: {"using":"xpath","value":"//button[@data-kt=\"addButton\"]"}
COMMAND: POST /session/534ad75d1597af479f447147d5e4c98d/execute/sync - {"script":"<script> [8489 bytes]","args":[{"element-6066-11e4-a52e-4f735466cecf":"f.10CDCA1FEE263166C11886C5D592C936.d.987DA301882D9E5543A36ADE6C3154C5.e.1059","ELEMENT":"f.10CDCA1FEE263166C11886C5D592C936.d.987DA301882D9E5543A36ADE6C3154C5.e.1059"}]}
RESULT: {"script":"<script> [8489 bytes]","args":[{"element-6066-11e4-a52e-4f735466cecf":"f.10CDCA1FEE263166C11886C5D592C936.d.987DA301882D9E5543A36ADE6C3154C5.e.1059","ELEMENT":"f.10CDCA1FEE263166C11886C5D592C936.d.987DA301882D9E5543A36ADE6C3154C5.e.1059"}]}
COMMAND: GET /session/534ad75d1597af479f447147d5e4c98d/element/f.10CDCA1FEE263166C11886C5D592C936.d.987DA301882D9E5543A36ADE6C3154C5.e.1059/enabled - {}
COMMAND: GET /session/534ad75d1597af479f447147d5e4c98d/screenshot - {}
RESULT: {}
COMMAND: POST /session/534ad75d1597af479f447147d5e4c98d/execute/sync - {"script":"<script> [8489 bytes]","args":[{"element-6066-11e4-a52e-4f735466cecf":"f.10CDCA1FEE263166C11886C5D592C936.d.987DA301882D9E5543A36ADE6C3154C5.e.1059","ELEMENT":"f.10CDCA1FEE263166C11886C5D592C936.d.987DA301882D9E5543A36ADE6C3154C5.e.1059"}]}
COMMAND: GET /session/534ad75d1597af479f447147d5e4c98d/screenshot - {}
RESULT: {}
RESULT: {"script":"<script> [8489 bytes]","args":[{"element-6066-11e4-a52e-4f735466cecf":"f.10CDCA1FEE263166C11886C5D592C936.d.987DA301882D9E5543A36ADE6C3154C5.e.1059","ELEMENT":"f.10CDCA1FEE263166C11886C5D592C936.d.987DA301882D9E5543A36ADE6C3154C5.e.1059"}]}
COMMAND: POST /session/534ad75d1597af479f447147d5e4c98d/execute/sync - {"script":"<script> [5351 bytes]","args":[{"element-6066-11e4-a52e-4f735466cecf":"f.10CDCA1FEE263166C11886C5D592C936.d.987DA301882D9E5543A36ADE6C3154C5.e.1059","ELEMENT":"f.10CDCA1FEE263166C11886C5D592C936.d.987DA301882D9E5543A36ADE6C3154C5.e.1059"}]}
COMMAND: GET /session/534ad75d1597af479f447147d5e4c98d/screenshot - {}
RESULT: {}
RESULT: {"script":"<script> [5351 bytes]","args":[{"element-6066-11e4-a52e-4f735466cecf":"f.10CDCA1FEE263166C11886C5D592C936.d.987DA301882D9E5543A36ADE6C3154C5.e.1059","ELEMENT":"f.10CDCA1FEE263166C11886C5D592C936.d.987DA301882D9E5543A36ADE6C3154C5.e.1059"}]}
COMMAND: POST /session/534ad75d1597af479f447147d5e4c98d/element/f.10CDCA1FEE263166C11886C5D592C936.d.987DA301882D9E5543A36ADE6C3154C5.e.1059/click - {}
COMMAND: GET /session/534ad75d1597af479f447147d5e4c98d/screenshot - {}
RESULT: {}
RESULT: {}
COMMAND: GET /session/534ad75d1597af479f447147d5e4c98d/screenshot - {}
COMMAND: POST /session/534ad75d1597af479f447147d5e4c98d/execute/async - {"script":"<script> [1562 bytes]","args":[{"selector":{"id":"application-managepartners-display-component---NewPartner--addressDetailDetailsName1","interaction":{"idSuffix":"inner"}},"wdio_ui5_key":"applicationmanagepartners-display-component---NewPartner--addressDetailDetailsName1"}]}
RESULT: {}
RESULT: {}
RESULT: {"script":"<script> [1562 bytes]","args":[{"selector":{"id":"application-managepartners-display-component---NewPartner--addressDetailDetailsName1","interaction":{"idSuffix":"inner"}},"wdio_ui5_key":"applicationmanagepartners-display-component---NewPartner--addressDetailDetailsName1"}]}
RESULT: undefined
COMMAND: POST /session/534ad75d1597af479f447147d5e4c98d/execute/async - {"script":"<script> [776 bytes]","args":[{"enterText":"External Partner WDIO","selector":{"id":"application-managepartners-display-component---NewPartner--addressDetailDetailsName1","interaction":{"idSuffix":"inner"}},"clearTextFirst":true,"interactionType":"ENTER_TEXT"}]}
RESULT: {"script":"<script> [776 bytes]","args":[{"enterText":"External Partner WDIO","selector":{"id":"application-managepartners-display-component---NewPartner--addressDetailDetailsName1","interaction":{"idSuffix":"inner"}},"clearTextFirst":true,"interactionType":"ENTER_TEXT"}]}
COMMAND: POST /session/534ad75d1597af479f447147d5e4c98d/execute/async - {"script":"<script> [1562 bytes]","args":[{"selector":{"id":"application-managepartners-display-component---NewPartner--addressDetailDetailsLanguage-arrow"},"wdio_ui5_key":"applicationmanagepartners-display-component---NewPartner--addressDetailDetailsLanguage-arrow"}]}
RESULT: {"script":"<script> [1562 bytes]","args":[{"selector":{"id":"application-managepartners-display-component---NewPartner--addressDetailDetailsLanguage-arrow"},"wdio_ui5_key":"applicationmanagepartners-display-component---NewPartner--addressDetailDetailsLanguage-arrow"}]}
RESULT: undefined
COMMAND: POST /session/534ad75d1597af479f447147d5e4c98d/element - {"using":"xpath","value":"//*[@id=\"application-managepartners-display-component---NewPartner--addressDetailDetailsLanguage-arrow\"]"}
RESULT: {"using":"xpath","value":"//*[@id=\"application-managepartners-display-component---NewPartner--addressDetailDetailsLanguage-arrow\"]"}
COMMAND: POST /session/534ad75d1597af479f447147d5e4c98d/element/f.10CDCA1FEE263166C11886C5D592C936.d.987DA301882D9E5543A36ADE6C3154C5.e.1500/click - {}
RESULT: {}
COMMAND: POST /session/534ad75d1597af479f447147d5e4c98d/element - {"using":"xpath","value":"//span[contains(text(), \"English\")]"}
COMMAND: GET /session/534ad75d1597af479f447147d5e4c98d/screenshot - {}
RESULT: {"using":"xpath","value":"//span[contains(text(), \"English\")]"}
COMMAND: POST /session/534ad75d1597af479f447147d5e4c98d/element/f.10CDCA1FEE263166C11886C5D592C936.d.987DA301882D9E5543A36ADE6C3154C5.e.1501/click - {}
RESULT: {}
RESULT: {}
COMMAND: GET /session/534ad75d1597af479f447147d5e4c98d/screenshot - {}
RESULT: {}
COMMAND: POST /session/534ad75d1597af479f447147d5e4c98d/execute/async - {"script":"<script> [1562 bytes]","args":[{"selector":{"id":"application-managepartners-display-component---NewPartner--addressDetailDetailsCity1","interaction":{"idSuffix":"inner"}},"wdio_ui5_key":"applicationmanagepartners-display-component---NewPartner--addressDetailDetailsCity1"}]}
RESULT: {"script":"<script> [1562 bytes]","args":[{"selector":{"id":"application-managepartners-display-component---NewPartner--addressDetailDetailsCity1","interaction":{"idSuffix":"inner"}},"wdio_ui5_key":"applicationmanagepartners-display-component---NewPartner--addressDetailDetailsCity1"}]}
RESULT: undefined
COMMAND: POST /session/534ad75d1597af479f447147d5e4c98d/execute/async - {"script":"<script> [776 bytes]","args":[{"enterText":"Rosario","selector":{"id":"application-managepartners-display-component---NewPartner--addressDetailDetailsCity1","interaction":{"idSuffix":"inner"}},"clearTextFirst":true,"interactionType":"ENTER_TEXT"}]}
RESULT: {"script":"<script> [776 bytes]","args":[{"enterText":"Rosario","selector":{"id":"application-managepartners-display-component---NewPartner--addressDetailDetailsCity1","interaction":{"idSuffix":"inner"}},"clearTextFirst":true,"interactionType":"ENTER_TEXT"}]}
COMMAND: POST /session/534ad75d1597af479f447147d5e4c98d/execute/async - {"script":"<script> [1562 bytes]","args":[{"selector":{"id":"application-managepartners-display-component---NewPartner--addressDetailDetailsCountry-arrow"},"wdio_ui5_key":"applicationmanagepartners-display-component---NewPartner--addressDetailDetailsCountry-arrow"}]}
RESULT: {"script":"<script> [1562 bytes]","args":[{"selector":{"id":"application-managepartners-display-component---NewPartner--addressDetailDetailsCountry-arrow"},"wdio_ui5_key":"applicationmanagepartners-display-component---NewPartner--addressDetailDetailsCountry-arrow"}]}
RESULT: undefined
COMMAND: POST /session/534ad75d1597af479f447147d5e4c98d/element - {"using":"xpath","value":"//*[@id=\"application-managepartners-display-component---NewPartner--addressDetailDetailsCountry-arrow\"]"}
RESULT: {"using":"xpath","value":"//*[@id=\"application-managepartners-display-component---NewPartner--addressDetailDetailsCountry-arrow\"]"}
COMMAND: POST /session/534ad75d1597af479f447147d5e4c98d/element/f.10CDCA1FEE263166C11886C5D592C936.d.987DA301882D9E5543A36ADE6C3154C5.e.1487/click - {}
RESULT: {}
COMMAND: POST /session/534ad75d1597af479f447147d5e4c98d/element - {"using":"xpath","value":"//span[contains(text(), \"Argentina\")]"}
COMMAND: GET /session/534ad75d1597af479f447147d5e4c98d/screenshot - {}
RESULT: {"using":"xpath","value":"//span[contains(text(), \"Argentina\")]"}
COMMAND: POST /session/534ad75d1597af479f447147d5e4c98d/element/f.10CDCA1FEE263166C11886C5D592C936.d.987DA301882D9E5543A36ADE6C3154C5.e.1503/click - {}
RESULT: {}
RESULT: {}
COMMAND: GET /session/534ad75d1597af479f447147d5e4c98d/screenshot - {}
RESULT: {}
COMMAND: POST /session/534ad75d1597af479f447147d5e4c98d/element - {"using":"xpath","value":"//bdi[contains(text(), \"Commercial\")]"}
RESULT: {"using":"xpath","value":"//bdi[contains(text(), \"Commercial\")]"}
COMMAND: POST /session/534ad75d1597af479f447147d5e4c98d/element/f.10CDCA1FEE263166C11886C5D592C936.d.987DA301882D9E5543A36ADE6C3154C5.e.1504/click - {}
RESULT: {}
COMMAND: GET /session/534ad75d1597af479f447147d5e4c98d/screenshot - {}
RESULT: {}
COMMAND: POST /session/534ad75d1597af479f447147d5e4c98d/execute/async - {"script":"<script> [1562 bytes]","args":[{"selector":{"id":"application-managepartners-display-component---NewPartner--partnerDetailInternal-arrow"},"wdio_ui5_key":"applicationmanagepartners-display-component---NewPartner--partnerDetailInternal-arrow"}]}
RESULT: {"script":"<script> [1562 bytes]","args":[{"selector":{"id":"application-managepartners-display-component---NewPartner--partnerDetailInternal-arrow"},"wdio_ui5_key":"applicationmanagepartners-display-component---NewPartner--partnerDetailInternal-arrow"}]}
RESULT: undefined
COMMAND: POST /session/534ad75d1597af479f447147d5e4c98d/element - {"using":"xpath","value":"//*[@id=\"application-managepartners-display-component---NewPartner--partnerDetailInternal-arrow\"]"}
RESULT: {"using":"xpath","value":"//*[@id=\"application-managepartners-display-component---NewPartner--partnerDetailInternal-arrow\"]"}
COMMAND: POST /session/534ad75d1597af479f447147d5e4c98d/element/f.10CDCA1FEE263166C11886C5D592C936.d.987DA301882D9E5543A36ADE6C3154C5.e.1510/click - {}
RESULT: {}
COMMAND: POST /session/534ad75d1597af479f447147d5e4c98d/element - {"using":"xpath","value":"//span[contains(text(), \"External partner\")]"}
COMMAND: GET /session/534ad75d1597af479f447147d5e4c98d/screenshot - {}
RESULT: {"using":"xpath","value":"//span[contains(text(), \"External partner\")]"}
COMMAND: POST /session/534ad75d1597af479f447147d5e4c98d/element/f.10CDCA1FEE263166C11886C5D592C936.d.987DA301882D9E5543A36ADE6C3154C5.e.1511/click - {}
RESULT: {}
RESULT: {}
COMMAND: POST /session/534ad75d1597af479f447147d5e4c98d/execute/async - {"script":"<script> [1562 bytes]","args":[{"selector":{"id":"application-managepartners-display-component---NewPartner--partnerDetailsCurrency-arrow"},"wdio_ui5_key":"applicationmanagepartners-display-component---NewPartner--partnerDetailsCurrency-arrow"}]}
COMMAND: GET /session/534ad75d1597af479f447147d5e4c98d/screenshot - {}
RESULT: {"script":"<script> [1562 bytes]","args":[{"selector":{"id":"application-managepartners-display-component---NewPartner--partnerDetailsCurrency-arrow"},"wdio_ui5_key":"applicationmanagepartners-display-component---NewPartner--partnerDetailsCurrency-arrow"}]}
RESULT: undefined
COMMAND: POST /session/534ad75d1597af479f447147d5e4c98d/element - {"using":"xpath","value":"//*[@id=\"application-managepartners-display-component---NewPartner--partnerDetailsCurrency-arrow\"]"}
RESULT: {}
RESULT: {"using":"xpath","value":"//*[@id=\"application-managepartners-display-component---NewPartner--partnerDetailsCurrency-arrow\"]"}
COMMAND: POST /session/534ad75d1597af479f447147d5e4c98d/element/f.10CDCA1FEE263166C11886C5D592C936.d.987DA301882D9E5543A36ADE6C3154C5.e.1516/click - {}
RESULT: {}
COMMAND: POST /session/534ad75d1597af479f447147d5e4c98d/element - {"using":"xpath","value":"//span[contains(text(), \"US Dollar\")]"}
COMMAND: GET /session/534ad75d1597af479f447147d5e4c98d/screenshot - {}
RESULT: {"using":"xpath","value":"//span[contains(text(), \"US Dollar\")]"}
COMMAND: POST /session/534ad75d1597af479f447147d5e4c98d/element/f.10CDCA1FEE263166C11886C5D592C936.d.987DA301882D9E5543A36ADE6C3154C5.e.1517/click - {}
RESULT: {}
RESULT: {}
COMMAND: GET /session/534ad75d1597af479f447147d5e4c98d/screenshot - {}
RESULT: {}
COMMAND: POST /session/534ad75d1597af479f447147d5e4c98d/element - {"using":"xpath","value":"//input[@id=\"application-managepartners-display-component---NewPartner--companyCodeComboBox-inner\"]"}
RESULT: {"using":"xpath","value":"//input[@id=\"application-managepartners-display-component---NewPartner--companyCodeComboBox-inner\"]"}
COMMAND: POST /session/534ad75d1597af479f447147d5e4c98d/element/f.10CDCA1FEE263166C11886C5D592C936.d.987DA301882D9E5543A36ADE6C3154C5.e.1369/clear - {}
RESULT: {}
COMMAND: POST /session/534ad75d1597af479f447147d5e4c98d/element/f.10CDCA1FEE263166C11886C5D592C936.d.987DA301882D9E5543A36ADE6C3154C5.e.1369/value - {"text":"C002"}
COMMAND: GET /session/534ad75d1597af479f447147d5e4c98d/screenshot - {}
RESULT: {"text":"C002"}
COMMAND: GET /session/534ad75d1597af479f447147d5e4c98d/screenshot - {}
RESULT: {}
RESULT: {}
COMMAND: POST /session/534ad75d1597af479f447147d5e4c98d/element - {"using":"xpath","value":"//li[.//span[text()= \"C002\"]]"}
RESULT: {"using":"xpath","value":"//li[.//span[text()= \"C002\"]]"}
COMMAND: POST /session/534ad75d1597af479f447147d5e4c98d/element/f.10CDCA1FEE263166C11886C5D592C936.d.987DA301882D9E5543A36ADE6C3154C5.e.1521/click - {}
RESULT: {}
COMMAND: GET /session/534ad75d1597af479f447147d5e4c98d/screenshot - {}
RESULT: {}
COMMAND: POST /session/534ad75d1597af479f447147d5e4c98d/execute/async - {"script":"<script> [1562 bytes]","args":[{"selector":{"id":"application-managepartners-display-component---NewPartner--btnAddTableRow-img"},"wdio_ui5_key":"applicationmanagepartners-display-component---NewPartner--btnAddTableRow-img"}]}
RESULT: {"script":"<script> [1562 bytes]","args":[{"selector":{"id":"application-managepartners-display-component---NewPartner--btnAddTableRow-img"},"wdio_ui5_key":"applicationmanagepartners-display-component---NewPartner--btnAddTableRow-img"}]}
RESULT: undefined
COMMAND: POST /session/534ad75d1597af479f447147d5e4c98d/element - {"using":"xpath","value":"//*[@id=\"application-managepartners-display-component---NewPartner--btnAddTableRow-img\"]"}
RESULT: {"using":"xpath","value":"//*[@id=\"application-managepartners-display-component---NewPartner--btnAddTableRow-img\"]"}
COMMAND: POST /session/534ad75d1597af479f447147d5e4c98d/element/f.10CDCA1FEE263166C11886C5D592C936.d.987DA301882D9E5543A36ADE6C3154C5.e.1522/click - {}
RESULT: {}
COMMAND: GET /session/534ad75d1597af479f447147d5e4c98d/screenshot - {}
RESULT: {}
COMMAND: POST /session/534ad75d1597af479f447147d5e4c98d/element - {"using":"xpath","value":"//input[@id=\"application-managepartners-display-component---NewPartner--assignmentYard-application-managepartners-display-component---NewPartner--assignmentsTable-0-inner\"]"}
RESULT: {"using":"xpath","value":"//input[@id=\"application-managepartners-display-component---NewPartner--assignmentYard-application-managepartners-display-component---NewPartner--assignmentsTable-0-inner\"]"}
COMMAND: POST /session/534ad75d1597af479f447147d5e4c98d/element/f.10CDCA1FEE263166C11886C5D592C936.d.987DA301882D9E5543A36ADE6C3154C5.e.1525/clear - {}
RESULT: {}
COMMAND: POST /session/534ad75d1597af479f447147d5e4c98d/element/f.10CDCA1FEE263166C11886C5D592C936.d.987DA301882D9E5543A36ADE6C3154C5.e.1525/value - {"text":"361"}
COMMAND: GET /session/534ad75d1597af479f447147d5e4c98d/screenshot - {}
RESULT: {"text":"361"}
COMMAND: GET /session/534ad75d1597af479f447147d5e4c98d/screenshot - {}
RESULT: {}
RESULT: {}
COMMAND: POST /session/534ad75d1597af479f447147d5e4c98d/element - {"using":"xpath","value":"//li[.//span[text()='361']]"}
RESULT: {"using":"xpath","value":"//li[.//span[text()='361']]"}
COMMAND: POST /session/534ad75d1597af479f447147d5e4c98d/element/f.10CDCA1FEE263166C11886C5D592C936.d.987DA301882D9E5543A36ADE6C3154C5.e.1533/click - {}
RESULT: {}
COMMAND: GET /session/534ad75d1597af479f447147d5e4c98d/screenshot - {}
RESULT: {}
COMMAND: POST /session/534ad75d1597af479f447147d5e4c98d/actions - {"actions":[{"id":"action2","type":"key","parameters":{},"actions":[{"type":"keyDown","value":"î€‡"},{"type":"pause","duration":10},{"type":"keyUp","value":"î€‡"}]}]}
RESULT: {"actions":[{"id":"action2","type":"key","parameters":{},"actions":[{"type":"keyDown","value":"î€‡"},{"type":"pause","duration":10},{"type":"keyUp","value":"î€‡"}]}]}
COMMAND: POST /session/534ad75d1597af479f447147d5e4c98d/element - {"using":"xpath","value":"//td[contains(@id, \"assignmentsTable-0-cell2\")]/div/div"}
COMMAND: GET /session/534ad75d1597af479f447147d5e4c98d/screenshot - {}
RESULT: {"using":"xpath","value":"//td[contains(@id, \"assignmentsTable-0-cell2\")]/div/div"}
COMMAND: POST /session/534ad75d1597af479f447147d5e4c98d/element/f.10CDCA1FEE263166C11886C5D592C936.d.987DA301882D9E5543A36ADE6C3154C5.e.1536/click - {}
RESULT: {}
RESULT: {}
COMMAND: GET /session/534ad75d1597af479f447147d5e4c98d/screenshot - {}
RESULT: {}
COMMAND: POST /session/534ad75d1597af479f447147d5e4c98d/element - {"using":"xpath","value":"//button[@data-kt=\"saveButton\"]"}
RESULT: {"using":"xpath","value":"//button[@data-kt=\"saveButton\"]"}
COMMAND: POST /session/534ad75d1597af479f447147d5e4c98d/element/f.10CDCA1FEE263166C11886C5D592C936.d.987DA301882D9E5543A36ADE6C3154C5.e.1411/click - {}
RESULT: {}
COMMAND: GET /session/534ad75d1597af479f447147d5e4c98d/screenshot - {}
RESULT: {}
COMMAND: POST /session/534ad75d1597af479f447147d5e4c98d/element - {"using":"xpath","value":"//header[contains(@id, 'ObjectPageLayout-headerTitle')]/div[1]/div[2]/div[2]/span[1]"}
RESULT: {"using":"xpath","value":"//header[contains(@id, 'ObjectPageLayout-headerTitle')]/div[1]/div[2]/div[2]/span[1]"}
COMMAND: POST /session/534ad75d1597af479f447147d5e4c98d/elements - {"using":"xpath","value":"//header[contains(@id, 'ObjectPageLayout-headerTitle')]/div[1]/div[2]/div[2]/span[1]"}
RESULT: {"using":"xpath","value":"//header[contains(@id, 'ObjectPageLayout-headerTitle')]/div[1]/div[2]/div[2]/span[1]"}
COMMAND: POST /session/534ad75d1597af479f447147d5e4c98d/execute/sync - {"script":"<script> [56 bytes]","args":[{"element-6066-11e4-a52e-4f735466cecf":"f.10CDCA1FEE263166C11886C5D592C936.d.987DA301882D9E5543A36ADE6C3154C5.e.1698","ELEMENT":"f.10CDCA1FEE263166C11886C5D592C936.d.987DA301882D9E5543A36ADE6C3154C5.e.1698"}]}
RESULT: {"script":"<script> [56 bytes]","args":[{"element-6066-11e4-a52e-4f735466cecf":"f.10CDCA1FEE263166C11886C5D592C936.d.987DA301882D9E5543A36ADE6C3154C5.e.1698","ELEMENT":"f.10CDCA1FEE263166C11886C5D592C936.d.987DA301882D9E5543A36ADE6C3154C5.e.1698"}]}
COMMAND: POST /session/534ad75d1597af479f447147d5e4c98d/element - {"using":"css selector","value":"#shell-header-logo"}
COMMAND: GET /session/534ad75d1597af479f447147d5e4c98d/screenshot - {}
RESULT: {"using":"css selector","value":"#shell-header-logo"}
COMMAND: POST /session/534ad75d1597af479f447147d5e4c98d/element/f.10CDCA1FEE263166C11886C5D592C936.d.987DA301882D9E5543A36ADE6C3154C5.e.1015/click - {}
RESULT: {}
RESULT: {}
COMMAND: GET /session/534ad75d1597af479f447147d5e4c98d/screenshot - {}
RESULT: {}
COMMAND: POST /session/534ad75d1597af479f447147d5e4c98d/execute/sync - {"script":"<script> [299 bytes]","args":[["getModel","getResource"]]}
RESULT: {"script":"<script> [299 bytes]","args":[["getModel","getResource"]]}
]]></system-out>
    </testcase>
    <testcase classname="chrome.136_0_7103_49.windows.Create_masterdata_for_Yard_Overview_-_trigger_provide_US130988" name="Should create a new WHM site" time="88.729">
      <system-out><![CDATA[
COMMAND: POST /session/534ad75d1597af479f447147d5e4c98d/execute/async - {"script":"<script> [1562 bytes]","args":[{"selector":{"controlType":"sap.m.GenericTile","properties":{"header":"Manage Sites"}},"wdio_ui5_key":"sapm.GenericTile{\"header\":\"Manage Sites\"}"}]}
COMMAND: GET /session/534ad75d1597af479f447147d5e4c98d/screenshot - {}
RESULT: {"script":"<script> [1562 bytes]","args":[{"selector":{"controlType":"sap.m.GenericTile","properties":{"header":"Manage Sites"}},"wdio_ui5_key":"sapm.GenericTile{\"header\":\"Manage Sites\"}"}]}
RESULT: undefined
COMMAND: POST /session/534ad75d1597af479f447147d5e4c98d/element - {"using":"xpath","value":"//*[@id=\"__tile40\"]"}
RESULT: {}
RESULT: {"using":"xpath","value":"//*[@id=\"__tile40\"]"}
COMMAND: POST /session/534ad75d1597af479f447147d5e4c98d/element/f.10CDCA1FEE263166C11886C5D592C936.d.987DA301882D9E5543A36ADE6C3154C5.e.161/click - {}
RESULT: {}
COMMAND: GET /session/534ad75d1597af479f447147d5e4c98d/screenshot - {}
RESULT: {}
COMMAND: POST /session/534ad75d1597af479f447147d5e4c98d/elements - {"using":"xpath","value":"//span[text()='Error']"}
RESULT: {"using":"xpath","value":"//span[text()='Error']"}
COMMAND: POST /session/534ad75d1597af479f447147d5e4c98d/element - {"using":"xpath","value":"//button[@data-kt=\"addOverflowToolbarButton\"]"}
RESULT: {"using":"xpath","value":"//button[@data-kt=\"addOverflowToolbarButton\"]"}
COMMAND: POST /session/534ad75d1597af479f447147d5e4c98d/elements - {"using":"xpath","value":"//button[@data-kt=\"addOverflowToolbarButton\"]"}
RESULT: {"using":"xpath","value":"//button[@data-kt=\"addOverflowToolbarButton\"]"}
COMMAND: POST /session/534ad75d1597af479f447147d5e4c98d/execute/sync - {"script":"<script> [8489 bytes]","args":[{"element-6066-11e4-a52e-4f735466cecf":"f.10CDCA1FEE263166C11886C5D592C936.d.987DA301882D9E5543A36ADE6C3154C5.e.1745","ELEMENT":"f.10CDCA1FEE263166C11886C5D592C936.d.987DA301882D9E5543A36ADE6C3154C5.e.1745"}]}
RESULT: {"script":"<script> [8489 bytes]","args":[{"element-6066-11e4-a52e-4f735466cecf":"f.10CDCA1FEE263166C11886C5D592C936.d.987DA301882D9E5543A36ADE6C3154C5.e.1745","ELEMENT":"f.10CDCA1FEE263166C11886C5D592C936.d.987DA301882D9E5543A36ADE6C3154C5.e.1745"}]}
COMMAND: GET /session/534ad75d1597af479f447147d5e4c98d/element/f.10CDCA1FEE263166C11886C5D592C936.d.987DA301882D9E5543A36ADE6C3154C5.e.1745/enabled - {}
COMMAND: GET /session/534ad75d1597af479f447147d5e4c98d/screenshot - {}
RESULT: {}
COMMAND: POST /session/534ad75d1597af479f447147d5e4c98d/execute/sync - {"script":"<script> [8489 bytes]","args":[{"element-6066-11e4-a52e-4f735466cecf":"f.10CDCA1FEE263166C11886C5D592C936.d.987DA301882D9E5543A36ADE6C3154C5.e.1745","ELEMENT":"f.10CDCA1FEE263166C11886C5D592C936.d.987DA301882D9E5543A36ADE6C3154C5.e.1745"}]}
COMMAND: GET /session/534ad75d1597af479f447147d5e4c98d/screenshot - {}
RESULT: {}
RESULT: {"script":"<script> [8489 bytes]","args":[{"element-6066-11e4-a52e-4f735466cecf":"f.10CDCA1FEE263166C11886C5D592C936.d.987DA301882D9E5543A36ADE6C3154C5.e.1745","ELEMENT":"f.10CDCA1FEE263166C11886C5D592C936.d.987DA301882D9E5543A36ADE6C3154C5.e.1745"}]}
COMMAND: POST /session/534ad75d1597af479f447147d5e4c98d/execute/sync - {"script":"<script> [5351 bytes]","args":[{"element-6066-11e4-a52e-4f735466cecf":"f.10CDCA1FEE263166C11886C5D592C936.d.987DA301882D9E5543A36ADE6C3154C5.e.1745","ELEMENT":"f.10CDCA1FEE263166C11886C5D592C936.d.987DA301882D9E5543A36ADE6C3154C5.e.1745"}]}
COMMAND: GET /session/534ad75d1597af479f447147d5e4c98d/screenshot - {}
RESULT: {}
RESULT: {"script":"<script> [5351 bytes]","args":[{"element-6066-11e4-a52e-4f735466cecf":"f.10CDCA1FEE263166C11886C5D592C936.d.987DA301882D9E5543A36ADE6C3154C5.e.1745","ELEMENT":"f.10CDCA1FEE263166C11886C5D592C936.d.987DA301882D9E5543A36ADE6C3154C5.e.1745"}]}
COMMAND: POST /session/534ad75d1597af479f447147d5e4c98d/element/f.10CDCA1FEE263166C11886C5D592C936.d.987DA301882D9E5543A36ADE6C3154C5.e.1745/click - {}
COMMAND: GET /session/534ad75d1597af479f447147d5e4c98d/screenshot - {}
RESULT: {}
RESULT: {}
COMMAND: GET /session/534ad75d1597af479f447147d5e4c98d/screenshot - {}
RESULT: {}
RESULT: {}
COMMAND: POST /session/534ad75d1597af479f447147d5e4c98d/element - {"using":"xpath","value":"//input[@id=\"application-managesites-display-component---NewSite--siteId-inner\"]"}
RESULT: {"using":"xpath","value":"//input[@id=\"application-managesites-display-component---NewSite--siteId-inner\"]"}
COMMAND: POST /session/534ad75d1597af479f447147d5e4c98d/element - {"using":"xpath","value":"//input[@id=\"application-managesites-display-component---NewSite--siteId-inner\"]"}
RESULT: {"using":"xpath","value":"//input[@id=\"application-managesites-display-component---NewSite--siteId-inner\"]"}
COMMAND: POST /session/534ad75d1597af479f447147d5e4c98d/execute/async - {"script":"<script> [1562 bytes]","args":[{"selector":{"id":"application-managesites-display-component---NewSite--addressDetailDetailsName1","interaction":{"idSuffix":"inner"}},"wdio_ui5_key":"applicationmanagesites-display-component---NewSite--addressDetailDetailsName1"}]}
RESULT: {"script":"<script> [1562 bytes]","args":[{"selector":{"id":"application-managesites-display-component---NewSite--addressDetailDetailsName1","interaction":{"idSuffix":"inner"}},"wdio_ui5_key":"applicationmanagesites-display-component---NewSite--addressDetailDetailsName1"}]}
RESULT: undefined
COMMAND: POST /session/534ad75d1597af479f447147d5e4c98d/execute/async - {"script":"<script> [776 bytes]","args":[{"enterText":"Other Type Site WDIO","selector":{"id":"application-managesites-display-component---NewSite--addressDetailDetailsName1","interaction":{"idSuffix":"inner"}},"clearTextFirst":true,"interactionType":"ENTER_TEXT"}]}
RESULT: {"script":"<script> [776 bytes]","args":[{"enterText":"Other Type Site WDIO","selector":{"id":"application-managesites-display-component---NewSite--addressDetailDetailsName1","interaction":{"idSuffix":"inner"}},"clearTextFirst":true,"interactionType":"ENTER_TEXT"}]}
COMMAND: POST /session/534ad75d1597af479f447147d5e4c98d/execute/async - {"script":"<script> [1562 bytes]","args":[{"selector":{"id":"application-managesites-display-component---NewSite--addressDetailDetailsLanguage-arrow"},"wdio_ui5_key":"applicationmanagesites-display-component---NewSite--addressDetailDetailsLanguage-arrow"}]}
RESULT: {"script":"<script> [1562 bytes]","args":[{"selector":{"id":"application-managesites-display-component---NewSite--addressDetailDetailsLanguage-arrow"},"wdio_ui5_key":"applicationmanagesites-display-component---NewSite--addressDetailDetailsLanguage-arrow"}]}
RESULT: undefined
COMMAND: POST /session/534ad75d1597af479f447147d5e4c98d/element - {"using":"xpath","value":"//*[@id=\"application-managesites-display-component---NewSite--addressDetailDetailsLanguage-arrow\"]"}
RESULT: {"using":"xpath","value":"//*[@id=\"application-managesites-display-component---NewSite--addressDetailDetailsLanguage-arrow\"]"}
COMMAND: POST /session/534ad75d1597af479f447147d5e4c98d/element/f.10CDCA1FEE263166C11886C5D592C936.d.987DA301882D9E5543A36ADE6C3154C5.e.2153/click - {}
RESULT: {}
COMMAND: POST /session/534ad75d1597af479f447147d5e4c98d/element - {"using":"xpath","value":"//span[contains(text(), \"English\")]"}
COMMAND: GET /session/534ad75d1597af479f447147d5e4c98d/screenshot - {}
RESULT: {"using":"xpath","value":"//span[contains(text(), \"English\")]"}
COMMAND: POST /session/534ad75d1597af479f447147d5e4c98d/element/f.10CDCA1FEE263166C11886C5D592C936.d.987DA301882D9E5543A36ADE6C3154C5.e.2154/click - {}
RESULT: {}
RESULT: {}
COMMAND: POST /session/534ad75d1597af479f447147d5e4c98d/execute/async - {"script":"<script> [1562 bytes]","args":[{"selector":{"id":"application-managesites-display-component---NewSite--addressDetailDetailsCity1","interaction":{"idSuffix":"inner"}},"wdio_ui5_key":"applicationmanagesites-display-component---NewSite--addressDetailDetailsCity1"}]}
COMMAND: GET /session/534ad75d1597af479f447147d5e4c98d/screenshot - {}
RESULT: {"script":"<script> [1562 bytes]","args":[{"selector":{"id":"application-managesites-display-component---NewSite--addressDetailDetailsCity1","interaction":{"idSuffix":"inner"}},"wdio_ui5_key":"applicationmanagesites-display-component---NewSite--addressDetailDetailsCity1"}]}
RESULT: undefined
COMMAND: POST /session/534ad75d1597af479f447147d5e4c98d/execute/async - {"script":"<script> [776 bytes]","args":[{"enterText":"Rosario","selector":{"id":"application-managesites-display-component---NewSite--addressDetailDetailsCity1","interaction":{"idSuffix":"inner"}},"clearTextFirst":true,"interactionType":"ENTER_TEXT"}]}
RESULT: {}
RESULT: {"script":"<script> [776 bytes]","args":[{"enterText":"Rosario","selector":{"id":"application-managesites-display-component---NewSite--addressDetailDetailsCity1","interaction":{"idSuffix":"inner"}},"clearTextFirst":true,"interactionType":"ENTER_TEXT"}]}
COMMAND: POST /session/534ad75d1597af479f447147d5e4c98d/execute/async - {"script":"<script> [1562 bytes]","args":[{"selector":{"id":"application-managesites-display-component---NewSite--addressDetailDetailsCountry-arrow"},"wdio_ui5_key":"applicationmanagesites-display-component---NewSite--addressDetailDetailsCountry-arrow"}]}
RESULT: {"script":"<script> [1562 bytes]","args":[{"selector":{"id":"application-managesites-display-component---NewSite--addressDetailDetailsCountry-arrow"},"wdio_ui5_key":"applicationmanagesites-display-component---NewSite--addressDetailDetailsCountry-arrow"}]}
RESULT: undefined
COMMAND: POST /session/534ad75d1597af479f447147d5e4c98d/element - {"using":"xpath","value":"//*[@id=\"application-managesites-display-component---NewSite--addressDetailDetailsCountry-arrow\"]"}
RESULT: {"using":"xpath","value":"//*[@id=\"application-managesites-display-component---NewSite--addressDetailDetailsCountry-arrow\"]"}
COMMAND: POST /session/534ad75d1597af479f447147d5e4c98d/element/f.10CDCA1FEE263166C11886C5D592C936.d.987DA301882D9E5543A36ADE6C3154C5.e.2156/click - {}
RESULT: {}
COMMAND: POST /session/534ad75d1597af479f447147d5e4c98d/element - {"using":"xpath","value":"//span[contains(text(), \"Argentina\")]"}
COMMAND: GET /session/534ad75d1597af479f447147d5e4c98d/screenshot - {}
RESULT: {"using":"xpath","value":"//span[contains(text(), \"Argentina\")]"}
COMMAND: POST /session/534ad75d1597af479f447147d5e4c98d/element/f.10CDCA1FEE263166C11886C5D592C936.d.987DA301882D9E5543A36ADE6C3154C5.e.2157/click - {}
RESULT: {}
RESULT: {}
COMMAND: GET /session/534ad75d1597af479f447147d5e4c98d/screenshot - {}
RESULT: {}
COMMAND: POST /session/534ad75d1597af479f447147d5e4c98d/execute/async - {"script":"<script> [1562 bytes]","args":[{"selector":{"id":"application-managesites-display-component---NewSite--addressEditDetailsCostObjectCstType-arrow"},"wdio_ui5_key":"applicationmanagesites-display-component---NewSite--addressEditDetailsCostObjectCstType-arrow"}]}
RESULT: {"script":"<script> [1562 bytes]","args":[{"selector":{"id":"application-managesites-display-component---NewSite--addressEditDetailsCostObjectCstType-arrow"},"wdio_ui5_key":"applicationmanagesites-display-component---NewSite--addressEditDetailsCostObjectCstType-arrow"}]}
RESULT: undefined
COMMAND: POST /session/534ad75d1597af479f447147d5e4c98d/element - {"using":"xpath","value":"//*[@id=\"application-managesites-display-component---NewSite--addressEditDetailsCostObjectCstType-arrow\"]"}
RESULT: {"using":"xpath","value":"//*[@id=\"application-managesites-display-component---NewSite--addressEditDetailsCostObjectCstType-arrow\"]"}
COMMAND: POST /session/534ad75d1597af479f447147d5e4c98d/element/f.10CDCA1FEE263166C11886C5D592C936.d.987DA301882D9E5543A36ADE6C3154C5.e.2159/click - {}
RESULT: {}
COMMAND: POST /session/534ad75d1597af479f447147d5e4c98d/element - {"using":"xpath","value":"//span[contains(text(), \"Cost Center\")]"}
COMMAND: GET /session/534ad75d1597af479f447147d5e4c98d/screenshot - {}
RESULT: {"using":"xpath","value":"//span[contains(text(), \"Cost Center\")]"}
COMMAND: POST /session/534ad75d1597af479f447147d5e4c98d/element/f.10CDCA1FEE263166C11886C5D592C936.d.987DA301882D9E5543A36ADE6C3154C5.e.2160/click - {}
RESULT: {}
RESULT: {}
COMMAND: GET /session/534ad75d1597af479f447147d5e4c98d/screenshot - {}
RESULT: {}
COMMAND: POST /session/534ad75d1597af479f447147d5e4c98d/element - {"using":"xpath","value":"//span[@id=\"application-managesites-display-component---NewSite--addressNewCostObjectCstID-vhi\"]"}
RESULT: {"using":"xpath","value":"//span[@id=\"application-managesites-display-component---NewSite--addressNewCostObjectCstID-vhi\"]"}
COMMAND: POST /session/534ad75d1597af479f447147d5e4c98d/execute/sync - {"script":"<script> [8489 bytes]","args":[{"element-6066-11e4-a52e-4f735466cecf":"f.10CDCA1FEE263166C11886C5D592C936.d.987DA301882D9E5543A36ADE6C3154C5.e.2165","ELEMENT":"f.10CDCA1FEE263166C11886C5D592C936.d.987DA301882D9E5543A36ADE6C3154C5.e.2165"}]}
RESULT: {"script":"<script> [8489 bytes]","args":[{"element-6066-11e4-a52e-4f735466cecf":"f.10CDCA1FEE263166C11886C5D592C936.d.987DA301882D9E5543A36ADE6C3154C5.e.2165","ELEMENT":"f.10CDCA1FEE263166C11886C5D592C936.d.987DA301882D9E5543A36ADE6C3154C5.e.2165"}]}
COMMAND: POST /session/534ad75d1597af479f447147d5e4c98d/execute/async - {"script":"<script> [1562 bytes]","args":[{"selector":{"id":"application-managesites-display-component---NewSite--addressNewCostObjectCstID-vhi"},"wdio_ui5_key":"applicationmanagesites-display-component---NewSite--addressNewCostObjectCstID-vhi"}]}
COMMAND: GET /session/534ad75d1597af479f447147d5e4c98d/screenshot - {}
RESULT: {"script":"<script> [1562 bytes]","args":[{"selector":{"id":"application-managesites-display-component---NewSite--addressNewCostObjectCstID-vhi"},"wdio_ui5_key":"applicationmanagesites-display-component---NewSite--addressNewCostObjectCstID-vhi"}]}
RESULT: undefined
COMMAND: POST /session/534ad75d1597af479f447147d5e4c98d/element - {"using":"xpath","value":"//*[@id=\"application-managesites-display-component---NewSite--addressNewCostObjectCstID-vhi\"]"}
RESULT: {}
RESULT: {"using":"xpath","value":"//*[@id=\"application-managesites-display-component---NewSite--addressNewCostObjectCstID-vhi\"]"}
COMMAND: POST /session/534ad75d1597af479f447147d5e4c98d/element/f.10CDCA1FEE263166C11886C5D592C936.d.987DA301882D9E5543A36ADE6C3154C5.e.2165/click - {}
RESULT: {}
COMMAND: GET /session/534ad75d1597af479f447147d5e4c98d/screenshot - {}
RESULT: {}
RESULT: undefined
COMMAND: POST /session/534ad75d1597af479f447147d5e4c98d/execute/async - {"script":"<script> [776 bytes]","args":[{"enterText":"10001013","selector":{"controlType":"sap.m.SearchField","properties":{"placeholder":"Search"},"searchOpenDialogs":true,"interaction":{"idSuffix":"I"}},"clearTextFirst":true,"interactionType":"ENTER_TEXT"}]}
RESULT: {"script":"<script> [776 bytes]","args":[{"enterText":"10001013","selector":{"controlType":"sap.m.SearchField","properties":{"placeholder":"Search"},"searchOpenDialogs":true,"interaction":{"idSuffix":"I"}},"clearTextFirst":true,"interactionType":"ENTER_TEXT"}]}
COMMAND: POST /session/534ad75d1597af479f447147d5e4c98d/actions - {"actions":[{"id":"action3","type":"key","parameters":{},"actions":[{"type":"keyDown","value":"î€‡"},{"type":"pause","duration":10},{"type":"keyUp","value":"î€‡"}]}]}
RESULT: {"actions":[{"id":"action3","type":"key","parameters":{},"actions":[{"type":"keyDown","value":"î€‡"},{"type":"pause","duration":10},{"type":"keyUp","value":"î€‡"}]}]}
COMMAND: GET /session/534ad75d1597af479f447147d5e4c98d/screenshot - {}
RESULT: {}
COMMAND: POST /session/534ad75d1597af479f447147d5e4c98d/element - {"using":"xpath","value":"//span[contains(text(), \"General Management\")]"}
RESULT: {"using":"xpath","value":"//span[contains(text(), \"General Management\")]"}
COMMAND: POST /session/534ad75d1597af479f447147d5e4c98d/element/f.10CDCA1FEE263166C11886C5D592C936.d.987DA301882D9E5543A36ADE6C3154C5.e.2205/click - {}
RESULT: {}
COMMAND: GET /session/534ad75d1597af479f447147d5e4c98d/screenshot - {}
RESULT: {}
COMMAND: POST /session/534ad75d1597af479f447147d5e4c98d/element - {"using":"xpath","value":"//bdi[contains(text(), \"OK\")]"}
RESULT: {"using":"xpath","value":"//bdi[contains(text(), \"OK\")]"}
COMMAND: POST /session/534ad75d1597af479f447147d5e4c98d/element/f.10CDCA1FEE263166C11886C5D592C936.d.987DA301882D9E5543A36ADE6C3154C5.e.2206/click - {}
RESULT: {}
COMMAND: GET /session/534ad75d1597af479f447147d5e4c98d/screenshot - {}
RESULT: {}
COMMAND: POST /session/534ad75d1597af479f447147d5e4c98d/element - {"using":"xpath","value":"//input[@id=\"application-managesites-display-component---NewSite--addressDetailDetailsCalendar-inner\"]"}
RESULT: {"using":"xpath","value":"//input[@id=\"application-managesites-display-component---NewSite--addressDetailDetailsCalendar-inner\"]"}
COMMAND: POST /session/534ad75d1597af479f447147d5e4c98d/element/f.10CDCA1FEE263166C11886C5D592C936.d.987DA301882D9E5543A36ADE6C3154C5.e.1949/clear - {}
RESULT: {}
COMMAND: POST /session/534ad75d1597af479f447147d5e4c98d/element/f.10CDCA1FEE263166C11886C5D592C936.d.987DA301882D9E5543A36ADE6C3154C5.e.1949/value - {"text":"Unit"}
COMMAND: GET /session/534ad75d1597af479f447147d5e4c98d/screenshot - {}
RESULT: {"text":"Unit"}
COMMAND: GET /session/534ad75d1597af479f447147d5e4c98d/screenshot - {}
RESULT: {}
RESULT: {}
COMMAND: POST /session/534ad75d1597af479f447147d5e4c98d/actions - {"actions":[{"id":"action4","type":"key","parameters":{},"actions":[{"type":"keyDown","value":"î€‡"},{"type":"pause","duration":10},{"type":"keyUp","value":"î€‡"}]}]}
RESULT: {"actions":[{"id":"action4","type":"key","parameters":{},"actions":[{"type":"keyDown","value":"î€‡"},{"type":"pause","duration":10},{"type":"keyUp","value":"î€‡"}]}]}
COMMAND: POST /session/534ad75d1597af479f447147d5e4c98d/element - {"using":"xpath","value":"//input[@id=\"application-managesites-display-component---NewSite--addressDetailDetailsYard-inner\"]"}
COMMAND: GET /session/534ad75d1597af479f447147d5e4c98d/screenshot - {}
RESULT: {"using":"xpath","value":"//input[@id=\"application-managesites-display-component---NewSite--addressDetailDetailsYard-inner\"]"}
COMMAND: POST /session/534ad75d1597af479f447147d5e4c98d/element/f.10CDCA1FEE263166C11886C5D592C936.d.987DA301882D9E5543A36ADE6C3154C5.e.1950/clear - {}
RESULT: {}
RESULT: {}
COMMAND: POST /session/534ad75d1597af479f447147d5e4c98d/element/f.10CDCA1FEE263166C11886C5D592C936.d.987DA301882D9E5543A36ADE6C3154C5.e.1950/value - {"text":"361"}
COMMAND: GET /session/534ad75d1597af479f447147d5e4c98d/screenshot - {}
RESULT: {"text":"361"}
COMMAND: GET /session/534ad75d1597af479f447147d5e4c98d/screenshot - {}
RESULT: {}
RESULT: {}
COMMAND: POST /session/534ad75d1597af479f447147d5e4c98d/element - {"using":"xpath","value":"//li[.//span[text()='361']]"}
RESULT: {"using":"xpath","value":"//li[.//span[text()='361']]"}
COMMAND: POST /session/534ad75d1597af479f447147d5e4c98d/element/f.10CDCA1FEE263166C11886C5D592C936.d.987DA301882D9E5543A36ADE6C3154C5.e.2227/click - {}
RESULT: {}
COMMAND: GET /session/534ad75d1597af479f447147d5e4c98d/screenshot - {}
RESULT: {}
COMMAND: POST /session/534ad75d1597af479f447147d5e4c98d/element - {"using":"xpath","value":"//input[@id=\"application-managesites-display-component---NewSite--addressDetailDetailsPartner-inner\"]"}
RESULT: {"using":"xpath","value":"//input[@id=\"application-managesites-display-component---NewSite--addressDetailDetailsPartner-inner\"]"}
COMMAND: POST /session/534ad75d1597af479f447147d5e4c98d/element - {"using":"xpath","value":"//input[@id=\"application-managesites-display-component---NewSite--addressDetailDetailsPartner-inner\"]"}
RESULT: {"using":"xpath","value":"//input[@id=\"application-managesites-display-component---NewSite--addressDetailDetailsPartner-inner\"]"}
COMMAND: POST /session/534ad75d1597af479f447147d5e4c98d/element - {"using":"xpath","value":"//button[@data-kt=\"saveButton\"]"}
RESULT: {"using":"xpath","value":"//button[@data-kt=\"saveButton\"]"}
COMMAND: POST /session/534ad75d1597af479f447147d5e4c98d/element/f.10CDCA1FEE263166C11886C5D592C936.d.987DA301882D9E5543A36ADE6C3154C5.e.2088/click - {}
RESULT: {}
COMMAND: GET /session/534ad75d1597af479f447147d5e4c98d/screenshot - {}
RESULT: {}
COMMAND: POST /session/534ad75d1597af479f447147d5e4c98d/element - {"using":"xpath","value":"//header[contains(@id, 'ObjectPageLayout-headerTitle')]/div[1]/div[2]/div[2]/span[1]"}
RESULT: {"using":"xpath","value":"//header[contains(@id, 'ObjectPageLayout-headerTitle')]/div[1]/div[2]/div[2]/span[1]"}
COMMAND: POST /session/534ad75d1597af479f447147d5e4c98d/elements - {"using":"xpath","value":"//header[contains(@id, 'ObjectPageLayout-headerTitle')]/div[1]/div[2]/div[2]/span[1]"}
RESULT: {"using":"xpath","value":"//header[contains(@id, 'ObjectPageLayout-headerTitle')]/div[1]/div[2]/div[2]/span[1]"}
COMMAND: POST /session/534ad75d1597af479f447147d5e4c98d/execute/sync - {"script":"<script> [56 bytes]","args":[{"element-6066-11e4-a52e-4f735466cecf":"f.10CDCA1FEE263166C11886C5D592C936.d.987DA301882D9E5543A36ADE6C3154C5.e.2431","ELEMENT":"f.10CDCA1FEE263166C11886C5D592C936.d.987DA301882D9E5543A36ADE6C3154C5.e.2431"}]}
RESULT: {"script":"<script> [56 bytes]","args":[{"element-6066-11e4-a52e-4f735466cecf":"f.10CDCA1FEE263166C11886C5D592C936.d.987DA301882D9E5543A36ADE6C3154C5.e.2431","ELEMENT":"f.10CDCA1FEE263166C11886C5D592C936.d.987DA301882D9E5543A36ADE6C3154C5.e.2431"}]}
COMMAND: POST /session/534ad75d1597af479f447147d5e4c98d/element - {"using":"css selector","value":"#shell-header-logo"}
COMMAND: GET /session/534ad75d1597af479f447147d5e4c98d/screenshot - {}
RESULT: {"using":"css selector","value":"#shell-header-logo"}
COMMAND: POST /session/534ad75d1597af479f447147d5e4c98d/element/f.10CDCA1FEE263166C11886C5D592C936.d.987DA301882D9E5543A36ADE6C3154C5.e.1703/click - {}
RESULT: {}
RESULT: {}
COMMAND: GET /session/534ad75d1597af479f447147d5e4c98d/screenshot - {}
RESULT: {}
COMMAND: POST /session/534ad75d1597af479f447147d5e4c98d/execute/sync - {"script":"<script> [299 bytes]","args":[["getModel","getResource"]]}
RESULT: {"script":"<script> [299 bytes]","args":[["getModel","getResource"]]}
COMMAND: GET /session/534ad75d1597af479f447147d5e4c98d/screenshot - {}
]]></system-out>
    </testcase>
  </testsuite>
</testsuites>