<?xml version="1.0" encoding="UTF-8"?>
<testsuites tests="23" failures="0" errors="0" skipped="0">
  <testsuite timestamp="2025-05-01T17:52:54" time="986.304" tests="6" failures="0" errors="0" skipped="0">
    <properties>
      <property name="specId" value="0" />
      <property name="suiteName" value="Standard contract - add contract items by Insert Request US118222" />
      <property name="capabilities" value="chrome.135_0_7049_96.windows" />
      <property name="file" value="file:///D:/a/1/s/test/specs/R2C/standard-contract-add-contract-items-by-insert-request.spec.js" />
    </properties>
    <testcase classname="chrome.135_0_7049_96.windows.Standard_contract_-_add_contract_items_by_Insert_Request_US118222" name="Should create prerequisites yard partner site material and equipment" time="270.494">
      <system-out><![CDATA[
COMMAND: POST /session/9a045c4a17e0def218bea7a69d7cd789/execute/async - {"script":"<script> [1562 bytes]","args":[{"selector":{"controlType":"sap.m.GenericTile","properties":{"header":"Manage Yards"}},"wdio_ui5_key":"sapm.GenericTile{\"header\":\"Manage Yards\"}"}]}
RESULT: {"script":"<script> [1562 bytes]","args":[{"selector":{"controlType":"sap.m.GenericTile","properties":{"header":"Manage Yards"}},"wdio_ui5_key":"sapm.GenericTile{\"header\":\"Manage Yards\"}"}]}
RESULT: undefined
COMMAND: POST /session/9a045c4a17e0def218bea7a69d7cd789/element - {"using":"xpath","value":"//*[@id=\"__tile41\"]"}
RESULT: {"using":"xpath","value":"//*[@id=\"__tile41\"]"}
COMMAND: POST /session/9a045c4a17e0def218bea7a69d7cd789/element/f.F2CC79D104176C4887E06893325B0B16.d.51B9621B23CCF338C8ED8ABA017E8B94.e.114/click - {}
RESULT: {}
COMMAND: GET /session/9a045c4a17e0def218bea7a69d7cd789/screenshot - {}
RESULT: {}
COMMAND: POST /session/9a045c4a17e0def218bea7a69d7cd789/execute/async - {"script":"<script> [1562 bytes]","args":[{"selector":{"controlType":"sap.ui.core.Icon","viewName":"etm.portal.ui.manageyards.view.Master","viewId":"application-manageyards-display-component---masterYard","properties":{"src":{"regex":{"source":"add"}}}},"wdio_ui5_key":"etmportal.ui.manageyards.view.Mastersap.ui.core.Icon{\"src\":{\"regex\":{\"source\":\"add\"}}}"}]}
RESULT: {"script":"<script> [1562 bytes]","args":[{"selector":{"controlType":"sap.ui.core.Icon","viewName":"etm.portal.ui.manageyards.view.Master","viewId":"application-manageyards-display-component---masterYard","properties":{"src":{"regex":{"source":"add"}}}},"wdio_ui5_key":"etmportal.ui.manageyards.view.Mastersap.ui.core.Icon{\"src\":{\"regex\":{\"source\":\"add\"}}}"}]}
RESULT: undefined
COMMAND: POST /session/9a045c4a17e0def218bea7a69d7cd789/element - {"using":"xpath","value":"//*[@id=\"__button4-img\"]"}
RESULT: {"using":"xpath","value":"//*[@id=\"__button4-img\"]"}
COMMAND: POST /session/9a045c4a17e0def218bea7a69d7cd789/element/f.F2CC79D104176C4887E06893325B0B16.d.51B9621B23CCF338C8ED8ABA017E8B94.e.162/click - {}
RESULT: {}
COMMAND: GET /session/9a045c4a17e0def218bea7a69d7cd789/screenshot - {}
RESULT: {}
COMMAND: POST /session/9a045c4a17e0def218bea7a69d7cd789/execute/async - {"script":"<script> [1562 bytes]","args":[{"selector":{"id":"application-manageyards-display-component---NewYard--yardId","interaction":{"idSuffix":"inner"}},"wdio_ui5_key":"applicationmanageyards-display-component---NewYard--yardId"}]}
RESULT: {"script":"<script> [1562 bytes]","args":[{"selector":{"id":"application-manageyards-display-component---NewYard--yardId","interaction":{"idSuffix":"inner"}},"wdio_ui5_key":"applicationmanageyards-display-component---NewYard--yardId"}]}
RESULT: undefined
COMMAND: POST /session/9a045c4a17e0def218bea7a69d7cd789/element - {"using":"xpath","value":"//*[@id=\"application-manageyards-display-component---NewYard--addressDetailDetailsName1-inner\"]"}
RESULT: {"using":"xpath","value":"//*[@id=\"application-manageyards-display-component---NewYard--addressDetailDetailsName1-inner\"]"}
COMMAND: POST /session/9a045c4a17e0def218bea7a69d7cd789/element/f.F2CC79D104176C4887E06893325B0B16.d.51B9621B23CCF338C8ED8ABA017E8B94.e.376/clear - {}
RESULT: {}
COMMAND: POST /session/9a045c4a17e0def218bea7a69d7cd789/element/f.F2CC79D104176C4887E06893325B0B16.d.51B9621B23CCF338C8ED8ABA017E8B94.e.376/value - {"text":"WebdriverYardlcmp4f"}
COMMAND: GET /session/9a045c4a17e0def218bea7a69d7cd789/screenshot - {}
RESULT: {"text":"WebdriverYardlcmp4f"}
COMMAND: POST /session/9a045c4a17e0def218bea7a69d7cd789/element - {"using":"xpath","value":"//*[@id=\"application-manageyards-display-component---NewYard--addressDetailDetailsLanguage-inner\"]"}
COMMAND: GET /session/9a045c4a17e0def218bea7a69d7cd789/screenshot - {}
RESULT: {}
RESULT: {"using":"xpath","value":"//*[@id=\"application-manageyards-display-component---NewYard--addressDetailDetailsLanguage-inner\"]"}
COMMAND: POST /session/9a045c4a17e0def218bea7a69d7cd789/element/f.F2CC79D104176C4887E06893325B0B16.d.51B9621B23CCF338C8ED8ABA017E8B94.e.377/clear - {}
RESULT: {}
RESULT: {}
COMMAND: POST /session/9a045c4a17e0def218bea7a69d7cd789/element/f.F2CC79D104176C4887E06893325B0B16.d.51B9621B23CCF338C8ED8ABA017E8B94.e.377/value - {"text":"Romanian"}
COMMAND: GET /session/9a045c4a17e0def218bea7a69d7cd789/screenshot - {}
RESULT: {"text":"Romanian"}
COMMAND: POST /session/9a045c4a17e0def218bea7a69d7cd789/element - {"using":"xpath","value":"//input[contains(@id ,\"application-manageyards-display-component---NewYard--addressDetailDetailsName1-inner\")]"}
COMMAND: GET /session/9a045c4a17e0def218bea7a69d7cd789/screenshot - {}
RESULT: {}
RESULT: {"using":"xpath","value":"//input[contains(@id ,\"application-manageyards-display-component---NewYard--addressDetailDetailsName1-inner\")]"}
COMMAND: GET /session/9a045c4a17e0def218bea7a69d7cd789/element/f.F2CC79D104176C4887E06893325B0B16.d.51B9621B23CCF338C8ED8ABA017E8B94.e.376/property/value - {}
RESULT: {}
RESULT: {}
COMMAND: GET /session/9a045c4a17e0def218bea7a69d7cd789/screenshot - {}
RESULT: {}
COMMAND: POST /session/9a045c4a17e0def218bea7a69d7cd789/element - {"using":"xpath","value":"//*[@id=\"application-manageyards-display-component---NewYard--addressDetailDetailsCity1-inner\"]"}
RESULT: {"using":"xpath","value":"//*[@id=\"application-manageyards-display-component---NewYard--addressDetailDetailsCity1-inner\"]"}
COMMAND: POST /session/9a045c4a17e0def218bea7a69d7cd789/element/f.F2CC79D104176C4887E06893325B0B16.d.51B9621B23CCF338C8ED8ABA017E8B94.e.379/clear - {}
RESULT: {}
COMMAND: POST /session/9a045c4a17e0def218bea7a69d7cd789/element/f.F2CC79D104176C4887E06893325B0B16.d.51B9621B23CCF338C8ED8ABA017E8B94.e.379/value - {"text":"Bucuresti"}
COMMAND: GET /session/9a045c4a17e0def218bea7a69d7cd789/screenshot - {}
RESULT: {"text":"Bucuresti"}
COMMAND: GET /session/9a045c4a17e0def218bea7a69d7cd789/screenshot - {}
RESULT: {}
RESULT: {}
COMMAND: POST /session/9a045c4a17e0def218bea7a69d7cd789/element - {"using":"xpath","value":"//*[@id=\"application-manageyards-display-component---NewYard--addressDetailDetailsCountry-inner\"]"}
RESULT: {"using":"xpath","value":"//*[@id=\"application-manageyards-display-component---NewYard--addressDetailDetailsCountry-inner\"]"}
COMMAND: POST /session/9a045c4a17e0def218bea7a69d7cd789/element/f.F2CC79D104176C4887E06893325B0B16.d.51B9621B23CCF338C8ED8ABA017E8B94.e.383/clear - {}
RESULT: {}
COMMAND: POST /session/9a045c4a17e0def218bea7a69d7cd789/element/f.F2CC79D104176C4887E06893325B0B16.d.51B9621B23CCF338C8ED8ABA017E8B94.e.383/value - {"text":"Romania"}
COMMAND: GET /session/9a045c4a17e0def218bea7a69d7cd789/screenshot - {}
RESULT: {"text":"Romania"}
COMMAND: GET /session/9a045c4a17e0def218bea7a69d7cd789/screenshot - {}
RESULT: {}
RESULT: {}
COMMAND: POST /session/9a045c4a17e0def218bea7a69d7cd789/element - {"using":"xpath","value":"//div[contains(text(), \"Commercial\")]"}
RESULT: {"using":"xpath","value":"//div[contains(text(), \"Commercial\")]"}
COMMAND: GET /session/9a045c4a17e0def218bea7a69d7cd789/element/f.F2CC79D104176C4887E06893325B0B16.d.51B9621B23CCF338C8ED8ABA017E8B94.e.580/rect - {}
RESULT: {}
COMMAND: GET /session/9a045c4a17e0def218bea7a69d7cd789/window/rect - {}
RESULT: {}
COMMAND: POST /session/9a045c4a17e0def218bea7a69d7cd789/execute/sync - {"script":"<script> [92 bytes]","args":[]}
RESULT: {"script":"<script> [92 bytes]","args":[]}
COMMAND: POST /session/9a045c4a17e0def218bea7a69d7cd789/actions - {"actions":[{"id":"action1","type":"wheel","parameters":{},"actions":[{"type":"scroll","x":-1841,"y":-44,"deltaX":0,"deltaY":0,"duration":0,"origin":{"element-6066-11e4-a52e-4f735466cecf":"f.F2CC79D104176C4887E06893325B0B16.d.51B9621B23CCF338C8ED8ABA017E8B94.e.580"}}]}]}
COMMAND: GET /session/9a045c4a17e0def218bea7a69d7cd789/screenshot - {}
RESULT: {}
COMMAND: POST /session/9a045c4a17e0def218bea7a69d7cd789/execute/sync - {"script":"<script> [79 bytes]","args":[{"element-6066-11e4-a52e-4f735466cecf":"f.F2CC79D104176C4887E06893325B0B16.d.51B9621B23CCF338C8ED8ABA017E8B94.e.580","ELEMENT":"f.F2CC79D104176C4887E06893325B0B16.d.51B9621B23CCF338C8ED8ABA017E8B94.e.580"},{"block":"start","inline":"nearest"}]}
RESULT: {"script":"<script> [79 bytes]","args":[{"element-6066-11e4-a52e-4f735466cecf":"f.F2CC79D104176C4887E06893325B0B16.d.51B9621B23CCF338C8ED8ABA017E8B94.e.580","ELEMENT":"f.F2CC79D104176C4887E06893325B0B16.d.51B9621B23CCF338C8ED8ABA017E8B94.e.580"},{"block":"start","inline":"nearest"}]}
COMMAND: GET /session/9a045c4a17e0def218bea7a69d7cd789/screenshot - {}
RESULT: {}
COMMAND: POST /session/9a045c4a17e0def218bea7a69d7cd789/execute/async - {"script":"<script> [1562 bytes]","args":[{"selector":{"id":"application-manageyards-display-component---NewYard--addressEditDetailsCostObjectCstType-arrow"},"wdio_ui5_key":"applicationmanageyards-display-component---NewYard--addressEditDetailsCostObjectCstType-arrow"}]}
RESULT: {"script":"<script> [1562 bytes]","args":[{"selector":{"id":"application-manageyards-display-component---NewYard--addressEditDetailsCostObjectCstType-arrow"},"wdio_ui5_key":"applicationmanageyards-display-component---NewYard--addressEditDetailsCostObjectCstType-arrow"}]}
RESULT: undefined
COMMAND: POST /session/9a045c4a17e0def218bea7a69d7cd789/element - {"using":"xpath","value":"//*[@id=\"application-manageyards-display-component---NewYard--addressEditDetailsCostObjectCstType-arrow\"]"}
RESULT: {"using":"xpath","value":"//*[@id=\"application-manageyards-display-component---NewYard--addressEditDetailsCostObjectCstType-arrow\"]"}
COMMAND: POST /session/9a045c4a17e0def218bea7a69d7cd789/element/f.F2CC79D104176C4887E06893325B0B16.d.51B9621B23CCF338C8ED8ABA017E8B94.e.589/click - {}
RESULT: {}
COMMAND: POST /session/9a045c4a17e0def218bea7a69d7cd789/element - {"using":"xpath","value":"//span[contains(text(), \"Cost Center\")]"}
COMMAND: GET /session/9a045c4a17e0def218bea7a69d7cd789/screenshot - {}
RESULT: {"using":"xpath","value":"//span[contains(text(), \"Cost Center\")]"}
COMMAND: POST /session/9a045c4a17e0def218bea7a69d7cd789/element/f.F2CC79D104176C4887E06893325B0B16.d.51B9621B23CCF338C8ED8ABA017E8B94.e.590/click - {}
RESULT: {}
RESULT: {}
COMMAND: GET /session/9a045c4a17e0def218bea7a69d7cd789/screenshot - {}
RESULT: {}
COMMAND: POST /session/9a045c4a17e0def218bea7a69d7cd789/execute/async - {"script":"<script> [1562 bytes]","args":[{"selector":{"id":"application-manageyards-display-component---NewYard--addressNewCostObjectCstID-vhi"},"wdio_ui5_key":"applicationmanageyards-display-component---NewYard--addressNewCostObjectCstID-vhi"}]}
RESULT: {"script":"<script> [1562 bytes]","args":[{"selector":{"id":"application-manageyards-display-component---NewYard--addressNewCostObjectCstID-vhi"},"wdio_ui5_key":"applicationmanageyards-display-component---NewYard--addressNewCostObjectCstID-vhi"}]}
RESULT: undefined
COMMAND: POST /session/9a045c4a17e0def218bea7a69d7cd789/element - {"using":"xpath","value":"//*[@id=\"application-manageyards-display-component---NewYard--addressNewCostObjectCstID-vhi\"]"}
RESULT: {"using":"xpath","value":"//*[@id=\"application-manageyards-display-component---NewYard--addressNewCostObjectCstID-vhi\"]"}
COMMAND: POST /session/9a045c4a17e0def218bea7a69d7cd789/element/f.F2CC79D104176C4887E06893325B0B16.d.51B9621B23CCF338C8ED8ABA017E8B94.e.594/click - {}
RESULT: {}
COMMAND: GET /session/9a045c4a17e0def218bea7a69d7cd789/screenshot - {}
RESULT: {}
COMMAND: POST /session/9a045c4a17e0def218bea7a69d7cd789/execute/async - {"script":"<script> [1562 bytes]","args":[{"selector":{"controlType":"sap.m.SearchField","properties":{"placeholder":"Search"},"searchOpenDialogs":true,"interaction":{"idSuffix":"I"}},"wdio_ui5_key":"sapm.SearchField{\"placeholder\":\"Search\"}"}]}
RESULT: {"script":"<script> [1562 bytes]","args":[{"selector":{"controlType":"sap.m.SearchField","properties":{"placeholder":"Search"},"searchOpenDialogs":true,"interaction":{"idSuffix":"I"}},"wdio_ui5_key":"sapm.SearchField{\"placeholder\":\"Search\"}"}]}
RESULT: undefined
COMMAND: POST /session/9a045c4a17e0def218bea7a69d7cd789/execute/async - {"script":"<script> [776 bytes]","args":[{"enterText":"10001013","selector":{"controlType":"sap.m.SearchField","properties":{"placeholder":"Search"},"searchOpenDialogs":true,"interaction":{"idSuffix":"I"}},"clearTextFirst":true,"interactionType":"ENTER_TEXT"}]}
RESULT: {"script":"<script> [776 bytes]","args":[{"enterText":"10001013","selector":{"controlType":"sap.m.SearchField","properties":{"placeholder":"Search"},"searchOpenDialogs":true,"interaction":{"idSuffix":"I"}},"clearTextFirst":true,"interactionType":"ENTER_TEXT"}]}
COMMAND: POST /session/9a045c4a17e0def218bea7a69d7cd789/actions - {"actions":[{"id":"action2","type":"key","parameters":{},"actions":[{"type":"keyDown","value":"î€‡"},{"type":"pause","duration":10},{"type":"keyUp","value":"î€‡"}]}]}
RESULT: {"actions":[{"id":"action2","type":"key","parameters":{},"actions":[{"type":"keyDown","value":"î€‡"},{"type":"pause","duration":10},{"type":"keyUp","value":"î€‡"}]}]}
COMMAND: GET /session/9a045c4a17e0def218bea7a69d7cd789/screenshot - {}
RESULT: {}
COMMAND: POST /session/9a045c4a17e0def218bea7a69d7cd789/element - {"using":"xpath","value":"//span[contains(text(), \"General Management\")]"}
RESULT: {"using":"xpath","value":"//span[contains(text(), \"General Management\")]"}
COMMAND: POST /session/9a045c4a17e0def218bea7a69d7cd789/element/f.F2CC79D104176C4887E06893325B0B16.d.51B9621B23CCF338C8ED8ABA017E8B94.e.634/click - {}
RESULT: {}
COMMAND: GET /session/9a045c4a17e0def218bea7a69d7cd789/screenshot - {}
RESULT: {}
COMMAND: POST /session/9a045c4a17e0def218bea7a69d7cd789/element - {"using":"xpath","value":"//bdi[contains(text(), \"OK\")]"}
RESULT: {"using":"xpath","value":"//bdi[contains(text(), \"OK\")]"}
COMMAND: POST /session/9a045c4a17e0def218bea7a69d7cd789/element/f.F2CC79D104176C4887E06893325B0B16.d.51B9621B23CCF338C8ED8ABA017E8B94.e.635/click - {}
RESULT: {}
COMMAND: GET /session/9a045c4a17e0def218bea7a69d7cd789/screenshot - {}
RESULT: {}
COMMAND: POST /session/9a045c4a17e0def218bea7a69d7cd789/execute/async - {"script":"<script> [1562 bytes]","args":[{"selector":{"controlType":"sap.m.Button","viewName":"etm.portal.ui.manageyards.view.New","viewId":"application-manageyards-display-component---NewYard","i18NText":{"propertyName":"text","key":"save"},"interaction":{"idSuffix":"inner"}},"wdio_ui5_key":"etmportal.ui.manageyards.view.Newsap.m.Button{\"propertyName\":\"text\",\"key\":\"save\"}"}]}
RESULT: {"script":"<script> [1562 bytes]","args":[{"selector":{"controlType":"sap.m.Button","viewName":"etm.portal.ui.manageyards.view.New","viewId":"application-manageyards-display-component---NewYard","i18NText":{"propertyName":"text","key":"save"},"interaction":{"idSuffix":"inner"}},"wdio_ui5_key":"etmportal.ui.manageyards.view.Newsap.m.Button{\"propertyName\":\"text\",\"key\":\"save\"}"}]}
RESULT: undefined
COMMAND: POST /session/9a045c4a17e0def218bea7a69d7cd789/element - {"using":"xpath","value":"//*[@id=\"__button18\"]"}
RESULT: {"using":"xpath","value":"//*[@id=\"__button18\"]"}
COMMAND: POST /session/9a045c4a17e0def218bea7a69d7cd789/element/f.F2CC79D104176C4887E06893325B0B16.d.51B9621B23CCF338C8ED8ABA017E8B94.e.558/click - {}
RESULT: {}
COMMAND: GET /session/9a045c4a17e0def218bea7a69d7cd789/screenshot - {}
RESULT: {}
COMMAND: POST /session/9a045c4a17e0def218bea7a69d7cd789/element - {"using":"xpath","value":"//header/div/div[2]/div[2]/span"}
RESULT: {"using":"xpath","value":"//header/div/div[2]/div[2]/span"}
COMMAND: GET /session/9a045c4a17e0def218bea7a69d7cd789/element/f.F2CC79D104176C4887E06893325B0B16.d.51B9621B23CCF338C8ED8ABA017E8B94.e.833/text - {}
RESULT: {}
COMMAND: POST /session/9a045c4a17e0def218bea7a69d7cd789/execute/async - {"script":"<script> [1562 bytes]","args":[{"selector":{"controlType":"sap.m.OverflowToolbarButton","viewName":"etm.portal.ui.manageyards.view.Detail","viewId":"application-manageyards-display-component---detailYard","i18NText":{"propertyName":"tooltip","key":"closeColumn"},"interaction":{"idSuffix":"inner"}},"wdio_ui5_key":"etmportal.ui.manageyards.view.Detailsap.m.OverflowToolbarButton{\"propertyName\":\"tooltip\",\"key\":\"closeColumn\"}"}]}
RESULT: {"script":"<script> [1562 bytes]","args":[{"selector":{"controlType":"sap.m.OverflowToolbarButton","viewName":"etm.portal.ui.manageyards.view.Detail","viewId":"application-manageyards-display-component---detailYard","i18NText":{"propertyName":"tooltip","key":"closeColumn"},"interaction":{"idSuffix":"inner"}},"wdio_ui5_key":"etmportal.ui.manageyards.view.Detailsap.m.OverflowToolbarButton{\"propertyName\":\"tooltip\",\"key\":\"closeColumn\"}"}]}
RESULT: undefined
COMMAND: POST /session/9a045c4a17e0def218bea7a69d7cd789/element - {"using":"xpath","value":"//*[@id=\"__button42\"]"}
RESULT: {"using":"xpath","value":"//*[@id=\"__button42\"]"}
COMMAND: POST /session/9a045c4a17e0def218bea7a69d7cd789/element/f.F2CC79D104176C4887E06893325B0B16.d.51B9621B23CCF338C8ED8ABA017E8B94.e.835/click - {}
RESULT: {}
COMMAND: GET /session/9a045c4a17e0def218bea7a69d7cd789/screenshot - {}
RESULT: {}
COMMAND: POST /session/9a045c4a17e0def218bea7a69d7cd789/element - {"using":"css selector","value":"#shell-header-logo"}
RESULT: {"using":"css selector","value":"#shell-header-logo"}
COMMAND: POST /session/9a045c4a17e0def218bea7a69d7cd789/element/f.F2CC79D104176C4887E06893325B0B16.d.51B9621B23CCF338C8ED8ABA017E8B94.e.117/click - {}
RESULT: {}
COMMAND: GET /session/9a045c4a17e0def218bea7a69d7cd789/screenshot - {}
RESULT: {}
COMMAND: POST /session/9a045c4a17e0def218bea7a69d7cd789/refresh - {}
RESULT: {}
COMMAND: GET /session/9a045c4a17e0def218bea7a69d7cd789/screenshot - {}
RESULT: {}
COMMAND: POST /session/9a045c4a17e0def218bea7a69d7cd789/execute/async - {"script":"<script> [189 bytes]","args":[]}
RESULT: {"script":"<script> [189 bytes]","args":[]}
COMMAND: POST /session/9a045c4a17e0def218bea7a69d7cd789/execute/async - {"script":"<script> [123 bytes]","args":[]}
RESULT: {"script":"<script> [123 bytes]","args":[]}
COMMAND: POST /session/9a045c4a17e0def218bea7a69d7cd789/timeouts - {"script":"<number>"}
RESULT: {"script":"<number>"}
COMMAND: GET /session/9a045c4a17e0def218bea7a69d7cd789/timeouts - {}
RESULT: {}
RESULT: undefined
COMMAND: POST /session/9a045c4a17e0def218bea7a69d7cd789/execute/async - {"script":"<script> [2676 bytes]","args":[]}
RESULT: {"script":"<script> [2676 bytes]","args":[]}
COMMAND: POST /session/9a045c4a17e0def218bea7a69d7cd789/execute/async - {"script":"<script> [2342 bytes]","args":[{"protocol":"http","hostname":"0.0.0.0","path":"/","capabilities":{"browserName":"chrome","goog:chromeOptions":{"binary":"C:\\Program Files\\Google\\Chrome\\Application\\chrome.exe","args":["--start-maximized"]}},"logLevel":"warn","connectionRetryTimeout":120000,"connectionRetryCount":3,"logLevels":{},"enableDirectConnect":true,"strictSSL":true,"_":"65 more keys: [\"cacheDir\",\"port\",\"requestedCapabilities\",\"automationProtocol\",\"baseUrl\",\"waitforInterval\",\"waitforTimeout\",\"onReload\",\"beforeCommand\",\"afterCommand\",\"rootDir\",\"specs\",\"suites\",\"exclude\",\"groupLogsByTestSpec\",\"excludeDriverLogs\",\"bail\",\"framework\",\"reporters\",\"services\",\"maxInstances\",\"maxInstancesPerCapability\",\"injectGlobals\",\"filesToWatch\",\"execArgv\",\"runnerEnv\",\"runner\",\"shard\",\"specFileRetries\",\"specFileRetriesDelay\",\"specFileRetriesDeferred\",\"reporterSyncInterval\",\"reporterSyncTimeout\",\"cucumberFeaturesWithLineNumbers\",\"autoCompileOpts\",\"mochaOpts\",\"jasmineOpts\",\"cucumberOpts\",\"onPrepare\",\"onWorkerStart\",\"onWorkerEnd\",\"before\",\"beforeSession\",\"beforeSuite\",\"beforeHook\",\"beforeTest\",\"afterTest\",\"afterHook\",\"afterSuite\",\"afterSession\",\"after\",\"onComplete\",\"beforeAssertion\",\"afterAssertion\",\"beforeFeature\",\"beforeScenario\",\"beforeStep\",\"afterStep\",\"afterScenario\",\"afterFeature\",\"_\",\"suite\",\"$0\",\"ignoredWorkerServices\",\"wdi5\"]"}]}
RESULT: {"script":"<script> [2342 bytes]","args":[{"protocol":"http","hostname":"0.0.0.0","path":"/","capabilities":{"browserName":"chrome","goog:chromeOptions":{"binary":"C:\\Program Files\\Google\\Chrome\\Application\\chrome.exe","args":["--start-maximized"]}},"logLevel":"warn","connectionRetryTimeout":120000,"connectionRetryCount":3,"logLevels":{},"enableDirectConnect":true,"strictSSL":true,"_":"65 more keys: [\"cacheDir\",\"port\",\"requestedCapabilities\",\"automationProtocol\",\"baseUrl\",\"waitforInterval\",\"waitforTimeout\",\"onReload\",\"beforeCommand\",\"afterCommand\",\"rootDir\",\"specs\",\"suites\",\"exclude\",\"groupLogsByTestSpec\",\"excludeDriverLogs\",\"bail\",\"framework\",\"reporters\",\"services\",\"maxInstances\",\"maxInstancesPerCapability\",\"injectGlobals\",\"filesToWatch\",\"execArgv\",\"runnerEnv\",\"runner\",\"shard\",\"specFileRetries\",\"specFileRetriesDelay\",\"specFileRetriesDeferred\",\"reporterSyncInterval\",\"reporterSyncTimeout\",\"cucumberFeaturesWithLineNumbers\",\"autoCompileOpts\",\"mochaOpts\",\"jasmineOpts\",\"cucumberOpts\",\"onPrepare\",\"onWorkerStart\",\"onWorkerEnd\",\"before\",\"beforeSession\",\"beforeSuite\",\"beforeHook\",\"beforeTest\",\"afterTest\",\"afterHook\",\"afterSuite\",\"afterSession\",\"after\",\"onComplete\",\"beforeAssertion\",\"afterAssertion\",\"beforeFeature\",\"beforeScenario\",\"beforeStep\",\"afterStep\",\"afterScenario\",\"afterFeature\",\"_\",\"suite\",\"$0\",\"ignoredWorkerServices\",\"wdi5\"]"}]}
COMMAND: POST /session/9a045c4a17e0def218bea7a69d7cd789/execute/async - {"script":"<script> [21126 bytes]","args":[35000]}
RESULT: {"script":"<script> [21126 bytes]","args":[35000]}
COMMAND: POST /session/9a045c4a17e0def218bea7a69d7cd789/execute/async - {"script":"<script> [1562 bytes]","args":[{"selector":{"controlType":"sap.m.GenericTile","properties":{"header":"Manage Partners"}},"wdio_ui5_key":"sapm.GenericTile{\"header\":\"Manage Partners\"}"}]}
RESULT: {"script":"<script> [1562 bytes]","args":[{"selector":{"controlType":"sap.m.GenericTile","properties":{"header":"Manage Partners"}},"wdio_ui5_key":"sapm.GenericTile{\"header\":\"Manage Partners\"}"}]}
RESULT: undefined
COMMAND: POST /session/9a045c4a17e0def218bea7a69d7cd789/element - {"using":"xpath","value":"//*[@id=\"__tile38\"]"}
RESULT: {"using":"xpath","value":"//*[@id=\"__tile38\"]"}
COMMAND: POST /session/9a045c4a17e0def218bea7a69d7cd789/element/f.F2CC79D104176C4887E06893325B0B16.d.9E5DE356CA65C742CE949E2334774865.e.1186/click - {}
RESULT: {}
COMMAND: GET /session/9a045c4a17e0def218bea7a69d7cd789/screenshot - {}
RESULT: {}
COMMAND: POST /session/9a045c4a17e0def218bea7a69d7cd789/execute/async - {"script":"<script> [1562 bytes]","args":[{"selector":{"controlType":"sap.ui.core.Icon","viewName":"etm.portal.ui.managepartners.view.Master","viewId":"application-managepartners-display-component---masterPtm","properties":{"src":{"regex":{"source":"add"}}}},"wdio_ui5_key":"etmportal.ui.managepartners.view.Mastersap.ui.core.Icon{\"src\":{\"regex\":{\"source\":\"add\"}}}"}]}
RESULT: {"script":"<script> [1562 bytes]","args":[{"selector":{"controlType":"sap.ui.core.Icon","viewName":"etm.portal.ui.managepartners.view.Master","viewId":"application-managepartners-display-component---masterPtm","properties":{"src":{"regex":{"source":"add"}}}},"wdio_ui5_key":"etmportal.ui.managepartners.view.Mastersap.ui.core.Icon{\"src\":{\"regex\":{\"source\":\"add\"}}}"}]}
RESULT: undefined
COMMAND: POST /session/9a045c4a17e0def218bea7a69d7cd789/element - {"using":"xpath","value":"//*[@id=\"__button4-img\"]"}
RESULT: {"using":"xpath","value":"//*[@id=\"__button4-img\"]"}
COMMAND: POST /session/9a045c4a17e0def218bea7a69d7cd789/element/f.F2CC79D104176C4887E06893325B0B16.d.9E5DE356CA65C742CE949E2334774865.e.1238/click - {}
RESULT: {}
COMMAND: GET /session/9a045c4a17e0def218bea7a69d7cd789/screenshot - {}
RESULT: {}
COMMAND: POST /session/9a045c4a17e0def218bea7a69d7cd789/execute/async - {"script":"<script> [1562 bytes]","args":[{"selector":{"id":"application-managepartners-display-component---NewPartner--partnerId","interaction":{"idSuffix":"inner"}},"wdio_ui5_key":"applicationmanagepartners-display-component---NewPartner--partnerId"}]}
RESULT: {"script":"<script> [1562 bytes]","args":[{"selector":{"id":"application-managepartners-display-component---NewPartner--partnerId","interaction":{"idSuffix":"inner"}},"wdio_ui5_key":"applicationmanagepartners-display-component---NewPartner--partnerId"}]}
RESULT: undefined
COMMAND: POST /session/9a045c4a17e0def218bea7a69d7cd789/execute/async - {"script":"<script> [1562 bytes]","args":[{"selector":{"id":"application-managepartners-display-component---NewPartner--addressDetailDetailsName1","interaction":{"idSuffix":"inner"}},"wdio_ui5_key":"applicationmanagepartners-display-component---NewPartner--addressDetailDetailsName1"}]}
RESULT: {"script":"<script> [1562 bytes]","args":[{"selector":{"id":"application-managepartners-display-component---NewPartner--addressDetailDetailsName1","interaction":{"idSuffix":"inner"}},"wdio_ui5_key":"applicationmanagepartners-display-component---NewPartner--addressDetailDetailsName1"}]}
RESULT: undefined
COMMAND: POST /session/9a045c4a17e0def218bea7a69d7cd789/execute/async - {"script":"<script> [776 bytes]","args":[{"enterText":"WebdriverPartnereuf9p","selector":{"id":"application-managepartners-display-component---NewPartner--addressDetailDetailsName1","interaction":{"idSuffix":"inner"}},"clearTextFirst":true,"interactionType":"ENTER_TEXT"}]}
RESULT: {"script":"<script> [776 bytes]","args":[{"enterText":"WebdriverPartnereuf9p","selector":{"id":"application-managepartners-display-component---NewPartner--addressDetailDetailsName1","interaction":{"idSuffix":"inner"}},"clearTextFirst":true,"interactionType":"ENTER_TEXT"}]}
COMMAND: POST /session/9a045c4a17e0def218bea7a69d7cd789/execute/async - {"script":"<script> [1562 bytes]","args":[{"selector":{"id":"application-managepartners-display-component---NewPartner--addressDetailDetailsLanguage","interaction":{"idSuffix":"inner"}},"wdio_ui5_key":"applicationmanagepartners-display-component---NewPartner--addressDetailDetailsLanguage"}]}
RESULT: {"script":"<script> [1562 bytes]","args":[{"selector":{"id":"application-managepartners-display-component---NewPartner--addressDetailDetailsLanguage","interaction":{"idSuffix":"inner"}},"wdio_ui5_key":"applicationmanagepartners-display-component---NewPartner--addressDetailDetailsLanguage"}]}
RESULT: undefined
COMMAND: POST /session/9a045c4a17e0def218bea7a69d7cd789/execute/async - {"script":"<script> [776 bytes]","args":[{"enterText":"Romanian","selector":{"id":"application-managepartners-display-component---NewPartner--addressDetailDetailsLanguage","interaction":{"idSuffix":"inner"}},"clearTextFirst":true,"interactionType":"ENTER_TEXT"}]}
RESULT: {"script":"<script> [776 bytes]","args":[{"enterText":"Romanian","selector":{"id":"application-managepartners-display-component---NewPartner--addressDetailDetailsLanguage","interaction":{"idSuffix":"inner"}},"clearTextFirst":true,"interactionType":"ENTER_TEXT"}]}
COMMAND: POST /session/9a045c4a17e0def218bea7a69d7cd789/element - {"using":"xpath","value":"//input[contains(@id ,\"application-managepartners-display-component---NewPartner--addressDetailDetailsName1-inner\")]"}
RESULT: {"using":"xpath","value":"//input[contains(@id ,\"application-managepartners-display-component---NewPartner--addressDetailDetailsName1-inner\")]"}
COMMAND: GET /session/9a045c4a17e0def218bea7a69d7cd789/element/f.F2CC79D104176C4887E06893325B0B16.d.9E5DE356CA65C742CE949E2334774865.e.1409/property/value - {}
RESULT: {}
COMMAND: POST /session/9a045c4a17e0def218bea7a69d7cd789/execute/async - {"script":"<script> [1562 bytes]","args":[{"selector":{"id":"application-managepartners-display-component---NewPartner--addressDetailDetailsCity1","interaction":{"idSuffix":"inner"}},"wdio_ui5_key":"applicationmanagepartners-display-component---NewPartner--addressDetailDetailsCity1"}]}
COMMAND: GET /session/9a045c4a17e0def218bea7a69d7cd789/screenshot - {}
RESULT: {"script":"<script> [1562 bytes]","args":[{"selector":{"id":"application-managepartners-display-component---NewPartner--addressDetailDetailsCity1","interaction":{"idSuffix":"inner"}},"wdio_ui5_key":"applicationmanagepartners-display-component---NewPartner--addressDetailDetailsCity1"}]}
RESULT: undefined
COMMAND: POST /session/9a045c4a17e0def218bea7a69d7cd789/execute/async - {"script":"<script> [776 bytes]","args":[{"enterText":"Bucharest","selector":{"id":"application-managepartners-display-component---NewPartner--addressDetailDetailsCity1","interaction":{"idSuffix":"inner"}},"clearTextFirst":true,"interactionType":"ENTER_TEXT"}]}
RESULT: {}
RESULT: {"script":"<script> [776 bytes]","args":[{"enterText":"Bucharest","selector":{"id":"application-managepartners-display-component---NewPartner--addressDetailDetailsCity1","interaction":{"idSuffix":"inner"}},"clearTextFirst":true,"interactionType":"ENTER_TEXT"}]}
COMMAND: POST /session/9a045c4a17e0def218bea7a69d7cd789/execute/async - {"script":"<script> [1562 bytes]","args":[{"selector":{"id":"application-managepartners-display-component---NewPartner--addressDetailDetailsCountry","interaction":{"idSuffix":"inner"}},"wdio_ui5_key":"applicationmanagepartners-display-component---NewPartner--addressDetailDetailsCountry"}]}
RESULT: {"script":"<script> [1562 bytes]","args":[{"selector":{"id":"application-managepartners-display-component---NewPartner--addressDetailDetailsCountry","interaction":{"idSuffix":"inner"}},"wdio_ui5_key":"applicationmanagepartners-display-component---NewPartner--addressDetailDetailsCountry"}]}
RESULT: undefined
COMMAND: POST /session/9a045c4a17e0def218bea7a69d7cd789/execute/async - {"script":"<script> [6424 bytes]","args":[{"element-6066-11e4-a52e-4f735466cecf":"f.F2CC79D104176C4887E06893325B0B16.d.9E5DE356CA65C742CE949E2334774865.e.1416"},"setValue",["Romania"]]}
RESULT: {"script":"<script> [6424 bytes]","args":[{"element-6066-11e4-a52e-4f735466cecf":"f.F2CC79D104176C4887E06893325B0B16.d.9E5DE356CA65C742CE949E2334774865.e.1416"},"setValue",["Romania"]]}
COMMAND: POST /session/9a045c4a17e0def218bea7a69d7cd789/execute/async - {"script":"<script> [1562 bytes]","args":[{"selector":{"id":"application-managepartners-display-component---NewPartner--partnerDetailInternal","interaction":{"idSuffix":"inner"}},"wdio_ui5_key":"applicationmanagepartners-display-component---NewPartner--partnerDetailInternal"}]}
RESULT: {"script":"<script> [1562 bytes]","args":[{"selector":{"id":"application-managepartners-display-component---NewPartner--partnerDetailInternal","interaction":{"idSuffix":"inner"}},"wdio_ui5_key":"applicationmanagepartners-display-component---NewPartner--partnerDetailInternal"}]}
RESULT: undefined
COMMAND: POST /session/9a045c4a17e0def218bea7a69d7cd789/execute/async - {"script":"<script> [776 bytes]","args":[{"enterText":"External partner","selector":{"id":"application-managepartners-display-component---NewPartner--partnerDetailInternal","interaction":{"idSuffix":"inner"}},"clearTextFirst":true,"interactionType":"ENTER_TEXT"}]}
RESULT: {"script":"<script> [776 bytes]","args":[{"enterText":"External partner","selector":{"id":"application-managepartners-display-component---NewPartner--partnerDetailInternal","interaction":{"idSuffix":"inner"}},"clearTextFirst":true,"interactionType":"ENTER_TEXT"}]}
COMMAND: POST /session/9a045c4a17e0def218bea7a69d7cd789/execute/async - {"script":"<script> [1562 bytes]","args":[{"selector":{"id":"application-managepartners-display-component---NewPartner--partnerDetailsCurrency","interaction":{"idSuffix":"inner"}},"wdio_ui5_key":"applicationmanagepartners-display-component---NewPartner--partnerDetailsCurrency"}]}
RESULT: {"script":"<script> [1562 bytes]","args":[{"selector":{"id":"application-managepartners-display-component---NewPartner--partnerDetailsCurrency","interaction":{"idSuffix":"inner"}},"wdio_ui5_key":"applicationmanagepartners-display-component---NewPartner--partnerDetailsCurrency"}]}
RESULT: undefined
COMMAND: POST /session/9a045c4a17e0def218bea7a69d7cd789/execute/async - {"script":"<script> [776 bytes]","args":[{"enterText":"Euro","selector":{"id":"application-managepartners-display-component---NewPartner--partnerDetailsCurrency","interaction":{"idSuffix":"inner"}},"clearTextFirst":true,"interactionType":"ENTER_TEXT"}]}
RESULT: {"script":"<script> [776 bytes]","args":[{"enterText":"Euro","selector":{"id":"application-managepartners-display-component---NewPartner--partnerDetailsCurrency","interaction":{"idSuffix":"inner"}},"clearTextFirst":true,"interactionType":"ENTER_TEXT"}]}
COMMAND: POST /session/9a045c4a17e0def218bea7a69d7cd789/execute/async - {"script":"<script> [1562 bytes]","args":[{"selector":{"controlType":"sap.m.Button","viewName":"etm.portal.ui.managepartners.view.NewPartner","viewId":"application-managepartners-display-component---NewPartner","properties":{"text":"Commercial"},"interaction":{"idSuffix":"BDI-content"}},"wdio_ui5_key":"etmportal.ui.managepartners.view.NewPartnersap.m.Button{\"text\":\"Commercial\"}"}]}
RESULT: {"script":"<script> [1562 bytes]","args":[{"selector":{"controlType":"sap.m.Button","viewName":"etm.portal.ui.managepartners.view.NewPartner","viewId":"application-managepartners-display-component---NewPartner","properties":{"text":"Commercial"},"interaction":{"idSuffix":"BDI-content"}},"wdio_ui5_key":"etmportal.ui.managepartners.view.NewPartnersap.m.Button{\"text\":\"Commercial\"}"}]}
RESULT: undefined
COMMAND: POST /session/9a045c4a17e0def218bea7a69d7cd789/element - {"using":"xpath","value":"//*[@id=\"application-managepartners-display-component---NewPartner--ObjectPageLayout-anchBar-__section5-anchor\"]"}
RESULT: {"using":"xpath","value":"//*[@id=\"application-managepartners-display-component---NewPartner--ObjectPageLayout-anchBar-__section5-anchor\"]"}
COMMAND: POST /session/9a045c4a17e0def218bea7a69d7cd789/element/f.F2CC79D104176C4887E06893325B0B16.d.9E5DE356CA65C742CE949E2334774865.e.1663/click - {}
RESULT: {}
COMMAND: GET /session/9a045c4a17e0def218bea7a69d7cd789/screenshot - {}
RESULT: {}
COMMAND: POST /session/9a045c4a17e0def218bea7a69d7cd789/execute/async - {"script":"<script> [1562 bytes]","args":[{"selector":{"id":"application-managepartners-display-component---NewPartner--btnAddTableRow-img"},"wdio_ui5_key":"applicationmanagepartners-display-component---NewPartner--btnAddTableRow-img"}]}
RESULT: {"script":"<script> [1562 bytes]","args":[{"selector":{"id":"application-managepartners-display-component---NewPartner--btnAddTableRow-img"},"wdio_ui5_key":"applicationmanagepartners-display-component---NewPartner--btnAddTableRow-img"}]}
RESULT: undefined
COMMAND: POST /session/9a045c4a17e0def218bea7a69d7cd789/element - {"using":"xpath","value":"//*[@id=\"application-managepartners-display-component---NewPartner--btnAddTableRow-img\"]"}
RESULT: {"using":"xpath","value":"//*[@id=\"application-managepartners-display-component---NewPartner--btnAddTableRow-img\"]"}
COMMAND: POST /session/9a045c4a17e0def218bea7a69d7cd789/element/f.F2CC79D104176C4887E06893325B0B16.d.9E5DE356CA65C742CE949E2334774865.e.1671/click - {}
RESULT: {}
COMMAND: POST /session/9a045c4a17e0def218bea7a69d7cd789/element - {"using":"xpath","value":"//input[contains(@id ,\"application-managepartners-display-component---NewPartner--assignmentYard-application-managepartners-display-component---NewPartner\")]"}
COMMAND: GET /session/9a045c4a17e0def218bea7a69d7cd789/screenshot - {}
RESULT: {"using":"xpath","value":"//input[contains(@id ,\"application-managepartners-display-component---NewPartner--assignmentYard-application-managepartners-display-component---NewPartner\")]"}
COMMAND: POST /session/9a045c4a17e0def218bea7a69d7cd789/element/f.F2CC79D104176C4887E06893325B0B16.d.9E5DE356CA65C742CE949E2334774865.e.1674/clear - {}
RESULT: {}
RESULT: {}
COMMAND: POST /session/9a045c4a17e0def218bea7a69d7cd789/element/f.F2CC79D104176C4887E06893325B0B16.d.9E5DE356CA65C742CE949E2334774865.e.1674/value - {"text":"489"}
COMMAND: GET /session/9a045c4a17e0def218bea7a69d7cd789/screenshot - {}
RESULT: {"text":"489"}
COMMAND: GET /session/9a045c4a17e0def218bea7a69d7cd789/screenshot - {}
RESULT: {}
RESULT: {}
COMMAND: POST /session/9a045c4a17e0def218bea7a69d7cd789/execute/async - {"script":"<script> [1562 bytes]","args":[{"selector":{"controlType":"sap.m.Button","viewName":"etm.portal.ui.managepartners.view.NewPartner","viewId":"application-managepartners-display-component---NewPartner","i18NText":{"propertyName":"text","key":"save"},"interaction":{"idSuffix":"BDI-content"}},"wdio_ui5_key":"etmportal.ui.managepartners.view.NewPartnersap.m.Button{\"propertyName\":\"text\",\"key\":\"save\"}"}]}
RESULT: {"script":"<script> [1562 bytes]","args":[{"selector":{"controlType":"sap.m.Button","viewName":"etm.portal.ui.managepartners.view.NewPartner","viewId":"application-managepartners-display-component---NewPartner","i18NText":{"propertyName":"text","key":"save"},"interaction":{"idSuffix":"BDI-content"}},"wdio_ui5_key":"etmportal.ui.managepartners.view.NewPartnersap.m.Button{\"propertyName\":\"text\",\"key\":\"save\"}"}]}
RESULT: undefined
COMMAND: POST /session/9a045c4a17e0def218bea7a69d7cd789/element - {"using":"xpath","value":"//*[@id=\"__button12\"]"}
RESULT: {"using":"xpath","value":"//*[@id=\"__button12\"]"}
COMMAND: POST /session/9a045c4a17e0def218bea7a69d7cd789/element/f.F2CC79D104176C4887E06893325B0B16.d.9E5DE356CA65C742CE949E2334774865.e.1584/click - {}
RESULT: {}
COMMAND: GET /session/9a045c4a17e0def218bea7a69d7cd789/screenshot - {}
RESULT: {}
COMMAND: POST /session/9a045c4a17e0def218bea7a69d7cd789/element - {"using":"xpath","value":"//header/div/div[2]/div[2]/span"}
RESULT: {"using":"xpath","value":"//header/div/div[2]/div[2]/span"}
COMMAND: GET /session/9a045c4a17e0def218bea7a69d7cd789/element/f.F2CC79D104176C4887E06893325B0B16.d.9E5DE356CA65C742CE949E2334774865.e.1845/text - {}
RESULT: {}
COMMAND: POST /session/9a045c4a17e0def218bea7a69d7cd789/element - {"using":"xpath","value":"//header/div/div/div/div/div/div[2]/div/span"}
RESULT: {"using":"xpath","value":"//header/div/div/div/div/div/div[2]/div/span"}
COMMAND: GET /session/9a045c4a17e0def218bea7a69d7cd789/element/f.F2CC79D104176C4887E06893325B0B16.d.9E5DE356CA65C742CE949E2334774865.e.1846/text - {}
RESULT: {}
COMMAND: POST /session/9a045c4a17e0def218bea7a69d7cd789/execute/async - {"script":"<script> [1562 bytes]","args":[{"selector":{"id":"application-managepartners-display-component---detailPtm--partnerType"},"wdio_ui5_key":"applicationmanagepartners-display-component---detailPtm--partnerType"}]}
RESULT: {"script":"<script> [1562 bytes]","args":[{"selector":{"id":"application-managepartners-display-component---detailPtm--partnerType"},"wdio_ui5_key":"applicationmanagepartners-display-component---detailPtm--partnerType"}]}
RESULT: undefined
COMMAND: POST /session/9a045c4a17e0def218bea7a69d7cd789/execute/async - {"script":"<script> [6424 bytes]","args":[{"element-6066-11e4-a52e-4f735466cecf":"f.F2CC79D104176C4887E06893325B0B16.d.9E5DE356CA65C742CE949E2334774865.e.1847"},"getText",[]]}
RESULT: {"script":"<script> [6424 bytes]","args":[{"element-6066-11e4-a52e-4f735466cecf":"f.F2CC79D104176C4887E06893325B0B16.d.9E5DE356CA65C742CE949E2334774865.e.1847"},"getText",[]]}
COMMAND: POST /session/9a045c4a17e0def218bea7a69d7cd789/element - {"using":"css selector","value":"#shell-header-logo"}
RESULT: {"using":"css selector","value":"#shell-header-logo"}
COMMAND: POST /session/9a045c4a17e0def218bea7a69d7cd789/element/f.F2CC79D104176C4887E06893325B0B16.d.9E5DE356CA65C742CE949E2334774865.e.1189/click - {}
RESULT: {}
COMMAND: GET /session/9a045c4a17e0def218bea7a69d7cd789/screenshot - {}
RESULT: {}
COMMAND: POST /session/9a045c4a17e0def218bea7a69d7cd789/execute/async - {"script":"<script> [1562 bytes]","args":[{"selector":{"controlType":"sap.m.GenericTile","properties":{"header":"Manage Sites"}},"wdio_ui5_key":"sapm.GenericTile{\"header\":\"Manage Sites\"}"}]}
RESULT: {"script":"<script> [1562 bytes]","args":[{"selector":{"controlType":"sap.m.GenericTile","properties":{"header":"Manage Sites"}},"wdio_ui5_key":"sapm.GenericTile{\"header\":\"Manage Sites\"}"}]}
RESULT: undefined
COMMAND: POST /session/9a045c4a17e0def218bea7a69d7cd789/element - {"using":"xpath","value":"//*[@id=\"__tile40\"]"}
RESULT: {"using":"xpath","value":"//*[@id=\"__tile40\"]"}
COMMAND: POST /session/9a045c4a17e0def218bea7a69d7cd789/element/f.F2CC79D104176C4887E06893325B0B16.d.9E5DE356CA65C742CE949E2334774865.e.1849/click - {}
RESULT: {}
COMMAND: GET /session/9a045c4a17e0def218bea7a69d7cd789/screenshot - {}
RESULT: {}
COMMAND: POST /session/9a045c4a17e0def218bea7a69d7cd789/execute/async - {"script":"<script> [1562 bytes]","args":[{"selector":{"controlType":"sap.ui.core.Icon","viewName":"etm.portal.ui.managesites.view.Master","viewId":"application-managesites-display-component---masterSite","properties":{"src":{"regex":{"source":"add"}}}},"wdio_ui5_key":"etmportal.ui.managesites.view.Mastersap.ui.core.Icon{\"src\":{\"regex\":{\"source\":\"add\"}}}"}]}
RESULT: {"script":"<script> [1562 bytes]","args":[{"selector":{"controlType":"sap.ui.core.Icon","viewName":"etm.portal.ui.managesites.view.Master","viewId":"application-managesites-display-component---masterSite","properties":{"src":{"regex":{"source":"add"}}}},"wdio_ui5_key":"etmportal.ui.managesites.view.Mastersap.ui.core.Icon{\"src\":{\"regex\":{\"source\":\"add\"}}}"}]}
RESULT: undefined
COMMAND: POST /session/9a045c4a17e0def218bea7a69d7cd789/element - {"using":"xpath","value":"//*[@id=\"__button52-img\"]"}
RESULT: {"using":"xpath","value":"//*[@id=\"__button52-img\"]"}
COMMAND: POST /session/9a045c4a17e0def218bea7a69d7cd789/element/f.F2CC79D104176C4887E06893325B0B16.d.9E5DE356CA65C742CE949E2334774865.e.1896/click - {}
RESULT: {}
COMMAND: POST /session/9a045c4a17e0def218bea7a69d7cd789/execute/async - {"script":"<script> [1562 bytes]","args":[{"selector":{"id":"application-managesites-display-component---NewSite--siteId","interaction":{"idSuffix":"inner"}},"wdio_ui5_key":"applicationmanagesites-display-component---NewSite--siteId"}]}
COMMAND: GET /session/9a045c4a17e0def218bea7a69d7cd789/screenshot - {}
RESULT: {"script":"<script> [1562 bytes]","args":[{"selector":{"id":"application-managesites-display-component---NewSite--siteId","interaction":{"idSuffix":"inner"}},"wdio_ui5_key":"applicationmanagesites-display-component---NewSite--siteId"}]}
RESULT: undefined
COMMAND: POST /session/9a045c4a17e0def218bea7a69d7cd789/execute/async - {"script":"<script> [1562 bytes]","args":[{"selector":{"id":"application-managesites-display-component---NewSite--addressDetailDetailsName1","interaction":{"idSuffix":"inner"}},"wdio_ui5_key":"applicationmanagesites-display-component---NewSite--addressDetailDetailsName1"}]}
RESULT: {}
RESULT: {"script":"<script> [1562 bytes]","args":[{"selector":{"id":"application-managesites-display-component---NewSite--addressDetailDetailsName1","interaction":{"idSuffix":"inner"}},"wdio_ui5_key":"applicationmanagesites-display-component---NewSite--addressDetailDetailsName1"}]}
RESULT: undefined
COMMAND: POST /session/9a045c4a17e0def218bea7a69d7cd789/execute/async - {"script":"<script> [776 bytes]","args":[{"enterText":"WebdriverSitex0ldn","selector":{"id":"application-managesites-display-component---NewSite--addressDetailDetailsName1","interaction":{"idSuffix":"inner"}},"clearTextFirst":true,"interactionType":"ENTER_TEXT"}]}
RESULT: {"script":"<script> [776 bytes]","args":[{"enterText":"WebdriverSitex0ldn","selector":{"id":"application-managesites-display-component---NewSite--addressDetailDetailsName1","interaction":{"idSuffix":"inner"}},"clearTextFirst":true,"interactionType":"ENTER_TEXT"}]}
COMMAND: POST /session/9a045c4a17e0def218bea7a69d7cd789/execute/async - {"script":"<script> [1562 bytes]","args":[{"selector":{"id":"application-managesites-display-component---NewSite--addressDetailDetailsLanguage","interaction":{"idSuffix":"inner"}},"wdio_ui5_key":"applicationmanagesites-display-component---NewSite--addressDetailDetailsLanguage"}]}
RESULT: {"script":"<script> [1562 bytes]","args":[{"selector":{"id":"application-managesites-display-component---NewSite--addressDetailDetailsLanguage","interaction":{"idSuffix":"inner"}},"wdio_ui5_key":"applicationmanagesites-display-component---NewSite--addressDetailDetailsLanguage"}]}
RESULT: undefined
COMMAND: POST /session/9a045c4a17e0def218bea7a69d7cd789/execute/async - {"script":"<script> [776 bytes]","args":[{"enterText":"Romanian","selector":{"id":"application-managesites-display-component---NewSite--addressDetailDetailsLanguage","interaction":{"idSuffix":"inner"}},"clearTextFirst":true,"interactionType":"ENTER_TEXT"}]}
RESULT: {"script":"<script> [776 bytes]","args":[{"enterText":"Romanian","selector":{"id":"application-managesites-display-component---NewSite--addressDetailDetailsLanguage","interaction":{"idSuffix":"inner"}},"clearTextFirst":true,"interactionType":"ENTER_TEXT"}]}
COMMAND: POST /session/9a045c4a17e0def218bea7a69d7cd789/execute/async - {"script":"<script> [1562 bytes]","args":[{"selector":{"id":"application-managesites-display-component---NewSite--addressDetailDetailsCity1","interaction":{"idSuffix":"inner"}},"wdio_ui5_key":"applicationmanagesites-display-component---NewSite--addressDetailDetailsCity1"}]}
RESULT: {"script":"<script> [1562 bytes]","args":[{"selector":{"id":"application-managesites-display-component---NewSite--addressDetailDetailsCity1","interaction":{"idSuffix":"inner"}},"wdio_ui5_key":"applicationmanagesites-display-component---NewSite--addressDetailDetailsCity1"}]}
RESULT: undefined
COMMAND: POST /session/9a045c4a17e0def218bea7a69d7cd789/execute/async - {"script":"<script> [776 bytes]","args":[{"enterText":"Bucharest","selector":{"id":"application-managesites-display-component---NewSite--addressDetailDetailsCity1","interaction":{"idSuffix":"inner"}},"clearTextFirst":true,"interactionType":"ENTER_TEXT"}]}
RESULT: {"script":"<script> [776 bytes]","args":[{"enterText":"Bucharest","selector":{"id":"application-managesites-display-component---NewSite--addressDetailDetailsCity1","interaction":{"idSuffix":"inner"}},"clearTextFirst":true,"interactionType":"ENTER_TEXT"}]}
COMMAND: POST /session/9a045c4a17e0def218bea7a69d7cd789/execute/async - {"script":"<script> [1562 bytes]","args":[{"selector":{"id":"application-managesites-display-component---NewSite--addressDetailDetailsCountry","interaction":{"idSuffix":"inner"}},"wdio_ui5_key":"applicationmanagesites-display-component---NewSite--addressDetailDetailsCountry"}]}
RESULT: {"script":"<script> [1562 bytes]","args":[{"selector":{"id":"application-managesites-display-component---NewSite--addressDetailDetailsCountry","interaction":{"idSuffix":"inner"}},"wdio_ui5_key":"applicationmanagesites-display-component---NewSite--addressDetailDetailsCountry"}]}
RESULT: undefined
COMMAND: POST /session/9a045c4a17e0def218bea7a69d7cd789/execute/async - {"script":"<script> [776 bytes]","args":[{"enterText":"Romania","selector":{"id":"application-managesites-display-component---NewSite--addressDetailDetailsCountry","interaction":{"idSuffix":"inner"}},"clearTextFirst":true,"interactionType":"ENTER_TEXT"}]}
RESULT: {"script":"<script> [776 bytes]","args":[{"enterText":"Romania","selector":{"id":"application-managesites-display-component---NewSite--addressDetailDetailsCountry","interaction":{"idSuffix":"inner"}},"clearTextFirst":true,"interactionType":"ENTER_TEXT"}]}
COMMAND: POST /session/9a045c4a17e0def218bea7a69d7cd789/element - {"using":"css selector","value":"#application-managesites-display-component---NewSite--addressDetailDetailsCalendar-inner"}
RESULT: {"using":"css selector","value":"#application-managesites-display-component---NewSite--addressDetailDetailsCalendar-inner"}
COMMAND: POST /session/9a045c4a17e0def218bea7a69d7cd789/element/f.F2CC79D104176C4887E06893325B0B16.d.9E5DE356CA65C742CE949E2334774865.e.2098/clear - {}
RESULT: {}
COMMAND: POST /session/9a045c4a17e0def218bea7a69d7cd789/element/f.F2CC79D104176C4887E06893325B0B16.d.9E5DE356CA65C742CE949E2334774865.e.2098/value - {"text":"Germany"}
COMMAND: GET /session/9a045c4a17e0def218bea7a69d7cd789/screenshot - {}
RESULT: {"text":"Germany"}
COMMAND: POST /session/9a045c4a17e0def218bea7a69d7cd789/execute/async - {"script":"<script> [1562 bytes]","args":[{"selector":{"id":"application-managesites-display-component---NewSite--addressEditDetailsCostObjectCstType-arrow"},"wdio_ui5_key":"applicationmanagesites-display-component---NewSite--addressEditDetailsCostObjectCstType-arrow"}]}
COMMAND: GET /session/9a045c4a17e0def218bea7a69d7cd789/screenshot - {}
RESULT: {}
RESULT: {"script":"<script> [1562 bytes]","args":[{"selector":{"id":"application-managesites-display-component---NewSite--addressEditDetailsCostObjectCstType-arrow"},"wdio_ui5_key":"applicationmanagesites-display-component---NewSite--addressEditDetailsCostObjectCstType-arrow"}]}
RESULT: undefined
COMMAND: POST /session/9a045c4a17e0def218bea7a69d7cd789/element - {"using":"xpath","value":"//*[@id=\"application-managesites-display-component---NewSite--addressEditDetailsCostObjectCstType-arrow\"]"}
RESULT: {}
RESULT: {"using":"xpath","value":"//*[@id=\"application-managesites-display-component---NewSite--addressEditDetailsCostObjectCstType-arrow\"]"}
COMMAND: POST /session/9a045c4a17e0def218bea7a69d7cd789/element/f.F2CC79D104176C4887E06893325B0B16.d.9E5DE356CA65C742CE949E2334774865.e.2295/click - {}
RESULT: {}
COMMAND: POST /session/9a045c4a17e0def218bea7a69d7cd789/element - {"using":"xpath","value":"//span[contains(text(), \"Work Breakdown Structure\")]"}
COMMAND: GET /session/9a045c4a17e0def218bea7a69d7cd789/screenshot - {}
RESULT: {"using":"xpath","value":"//span[contains(text(), \"Work Breakdown Structure\")]"}
COMMAND: POST /session/9a045c4a17e0def218bea7a69d7cd789/element/f.F2CC79D104176C4887E06893325B0B16.d.9E5DE356CA65C742CE949E2334774865.e.2296/click - {}
RESULT: {}
RESULT: {}
COMMAND: GET /session/9a045c4a17e0def218bea7a69d7cd789/screenshot - {}
RESULT: {}
COMMAND: POST /session/9a045c4a17e0def218bea7a69d7cd789/execute/async - {"script":"<script> [1562 bytes]","args":[{"selector":{"id":"application-managesites-display-component---NewSite--addressNewCostObjectCstID-vhi"},"wdio_ui5_key":"applicationmanagesites-display-component---NewSite--addressNewCostObjectCstID-vhi"}]}
RESULT: {"script":"<script> [1562 bytes]","args":[{"selector":{"id":"application-managesites-display-component---NewSite--addressNewCostObjectCstID-vhi"},"wdio_ui5_key":"applicationmanagesites-display-component---NewSite--addressNewCostObjectCstID-vhi"}]}
RESULT: undefined
COMMAND: POST /session/9a045c4a17e0def218bea7a69d7cd789/element - {"using":"xpath","value":"//*[@id=\"application-managesites-display-component---NewSite--addressNewCostObjectCstID-vhi\"]"}
RESULT: {"using":"xpath","value":"//*[@id=\"application-managesites-display-component---NewSite--addressNewCostObjectCstID-vhi\"]"}
COMMAND: POST /session/9a045c4a17e0def218bea7a69d7cd789/element/f.F2CC79D104176C4887E06893325B0B16.d.9E5DE356CA65C742CE949E2334774865.e.2300/click - {}
RESULT: {}
COMMAND: GET /session/9a045c4a17e0def218bea7a69d7cd789/screenshot - {}
RESULT: {}
COMMAND: POST /session/9a045c4a17e0def218bea7a69d7cd789/execute/async - {"script":"<script> [1562 bytes]","args":[{"selector":{"controlType":"sap.m.SearchField","properties":{"placeholder":"Search"},"searchOpenDialogs":true,"interaction":{"idSuffix":"I"}},"wdio_ui5_key":"sapm.SearchField{\"placeholder\":\"Search\"}"}]}
RESULT: {"script":"<script> [1562 bytes]","args":[{"selector":{"controlType":"sap.m.SearchField","properties":{"placeholder":"Search"},"searchOpenDialogs":true,"interaction":{"idSuffix":"I"}},"wdio_ui5_key":"sapm.SearchField{\"placeholder\":\"Search\"}"}]}
RESULT: undefined
COMMAND: POST /session/9a045c4a17e0def218bea7a69d7cd789/execute/async - {"script":"<script> [776 bytes]","args":[{"enterText":"A1-000100-01","selector":{"controlType":"sap.m.SearchField","properties":{"placeholder":"Search"},"searchOpenDialogs":true,"interaction":{"idSuffix":"I"}},"clearTextFirst":true,"interactionType":"ENTER_TEXT"}]}
RESULT: {"script":"<script> [776 bytes]","args":[{"enterText":"A1-000100-01","selector":{"controlType":"sap.m.SearchField","properties":{"placeholder":"Search"},"searchOpenDialogs":true,"interaction":{"idSuffix":"I"}},"clearTextFirst":true,"interactionType":"ENTER_TEXT"}]}
COMMAND: POST /session/9a045c4a17e0def218bea7a69d7cd789/actions - {"actions":[{"id":"action3","type":"key","parameters":{},"actions":[{"type":"keyDown","value":"î€‡"},{"type":"pause","duration":10},{"type":"keyUp","value":"î€‡"}]}]}
RESULT: {"actions":[{"id":"action3","type":"key","parameters":{},"actions":[{"type":"keyDown","value":"î€‡"},{"type":"pause","duration":10},{"type":"keyUp","value":"î€‡"}]}]}
COMMAND: GET /session/9a045c4a17e0def218bea7a69d7cd789/screenshot - {}
RESULT: {}
COMMAND: POST /session/9a045c4a17e0def218bea7a69d7cd789/element - {"using":"xpath","value":"//span[contains(text(), \"Template for ETO-Process\")]"}
RESULT: {"using":"xpath","value":"//span[contains(text(), \"Template for ETO-Process\")]"}
COMMAND: POST /session/9a045c4a17e0def218bea7a69d7cd789/element/f.F2CC79D104176C4887E06893325B0B16.d.9E5DE356CA65C742CE949E2334774865.e.2320/click - {}
RESULT: {}
COMMAND: GET /session/9a045c4a17e0def218bea7a69d7cd789/screenshot - {}
RESULT: {}
COMMAND: POST /session/9a045c4a17e0def218bea7a69d7cd789/element - {"using":"xpath","value":"//bdi[contains(text(), \"OK\")]"}
RESULT: {"using":"xpath","value":"//bdi[contains(text(), \"OK\")]"}
COMMAND: POST /session/9a045c4a17e0def218bea7a69d7cd789/element/f.F2CC79D104176C4887E06893325B0B16.d.9E5DE356CA65C742CE949E2334774865.e.2321/click - {}
RESULT: {}
COMMAND: GET /session/9a045c4a17e0def218bea7a69d7cd789/screenshot - {}
RESULT: {}
COMMAND: POST /session/9a045c4a17e0def218bea7a69d7cd789/element - {"using":"xpath","value":"//input[@id=\"application-managesites-display-component---NewSite--addressDetailDetailsYard-inner\"]"}
RESULT: {"using":"xpath","value":"//input[@id=\"application-managesites-display-component---NewSite--addressDetailDetailsYard-inner\"]"}
COMMAND: POST /session/9a045c4a17e0def218bea7a69d7cd789/element/f.F2CC79D104176C4887E06893325B0B16.d.9E5DE356CA65C742CE949E2334774865.e.2099/value - {"text":"489"}
RESULT: {"text":"489"}
COMMAND: GET /session/9a045c4a17e0def218bea7a69d7cd789/screenshot - {}
RESULT: {}
COMMAND: POST /session/9a045c4a17e0def218bea7a69d7cd789/actions - {"actions":[{"id":"action4","type":"key","parameters":{},"actions":[{"type":"keyDown","value":"î€‡"},{"type":"pause","duration":10},{"type":"keyUp","value":"î€‡"}]}]}
RESULT: {"actions":[{"id":"action4","type":"key","parameters":{},"actions":[{"type":"keyDown","value":"î€‡"},{"type":"pause","duration":10},{"type":"keyUp","value":"î€‡"}]}]}
COMMAND: GET /session/9a045c4a17e0def218bea7a69d7cd789/screenshot - {}
RESULT: {}
COMMAND: POST /session/9a045c4a17e0def218bea7a69d7cd789/element - {"using":"xpath","value":"//input[@id=\"application-managesites-display-component---NewSite--addressDetailDetailsPartner-inner\"]"}
RESULT: {"using":"xpath","value":"//input[@id=\"application-managesites-display-component---NewSite--addressDetailDetailsPartner-inner\"]"}
COMMAND: POST /session/9a045c4a17e0def218bea7a69d7cd789/elements - {"using":"xpath","value":"//input[@id=\"application-managesites-display-component---NewSite--addressDetailDetailsPartner-inner\"]"}
RESULT: {"using":"xpath","value":"//input[@id=\"application-managesites-display-component---NewSite--addressDetailDetailsPartner-inner\"]"}
COMMAND: POST /session/9a045c4a17e0def218bea7a69d7cd789/execute/async - {"script":"<script> [1562 bytes]","args":[{"selector":{"controlType":"sap.m.Button","viewName":"etm.portal.ui.managesites.view.NewSmartSite","viewId":"application-managesites-display-component---NewSite","properties":{"text":"Commercial"},"interaction":{"idSuffix":"BDI-content"}},"wdio_ui5_key":"etmportal.ui.managesites.view.NewSmartSitesap.m.Button{\"text\":\"Commercial\"}"}]}
RESULT: {"script":"<script> [1562 bytes]","args":[{"selector":{"controlType":"sap.m.Button","viewName":"etm.portal.ui.managesites.view.NewSmartSite","viewId":"application-managesites-display-component---NewSite","properties":{"text":"Commercial"},"interaction":{"idSuffix":"BDI-content"}},"wdio_ui5_key":"etmportal.ui.managesites.view.NewSmartSitesap.m.Button{\"text\":\"Commercial\"}"}]}
RESULT: undefined
COMMAND: POST /session/9a045c4a17e0def218bea7a69d7cd789/element - {"using":"xpath","value":"//*[@id=\"application-managesites-display-component---NewSite--ObjectPageLayout-anchBar-__section31-anchor\"]"}
RESULT: {"using":"xpath","value":"//*[@id=\"application-managesites-display-component---NewSite--ObjectPageLayout-anchBar-__section31-anchor\"]"}
COMMAND: POST /session/9a045c4a17e0def218bea7a69d7cd789/element/f.F2CC79D104176C4887E06893325B0B16.d.9E5DE356CA65C742CE949E2334774865.e.2328/click - {}
RESULT: {}
COMMAND: POST /session/9a045c4a17e0def218bea7a69d7cd789/execute/async - {"script":"<script> [1562 bytes]","args":[{"selector":{"controlType":"sap.m.Button","viewName":"etm.portal.ui.managesites.view.NewSmartSite","viewId":"application-managesites-display-component---NewSite","i18NText":{"propertyName":"text","key":"save"},"interaction":{"idSuffix":"BDI-content"}},"wdio_ui5_key":"etmportal.ui.managesites.view.NewSmartSitesap.m.Button{\"propertyName\":\"text\",\"key\":\"save\"}"}]}
COMMAND: GET /session/9a045c4a17e0def218bea7a69d7cd789/screenshot - {}
RESULT: {"script":"<script> [1562 bytes]","args":[{"selector":{"controlType":"sap.m.Button","viewName":"etm.portal.ui.managesites.view.NewSmartSite","viewId":"application-managesites-display-component---NewSite","i18NText":{"propertyName":"text","key":"save"},"interaction":{"idSuffix":"BDI-content"}},"wdio_ui5_key":"etmportal.ui.managesites.view.NewSmartSitesap.m.Button{\"propertyName\":\"text\",\"key\":\"save\"}"}]}
RESULT: undefined
COMMAND: POST /session/9a045c4a17e0def218bea7a69d7cd789/element - {"using":"xpath","value":"//*[@id=\"__button64\"]"}
RESULT: {}
RESULT: {"using":"xpath","value":"//*[@id=\"__button64\"]"}
COMMAND: POST /session/9a045c4a17e0def218bea7a69d7cd789/element/f.F2CC79D104176C4887E06893325B0B16.d.9E5DE356CA65C742CE949E2334774865.e.2246/click - {}
RESULT: {}
COMMAND: GET /session/9a045c4a17e0def218bea7a69d7cd789/screenshot - {}
RESULT: {}
COMMAND: POST /session/9a045c4a17e0def218bea7a69d7cd789/execute/async - {"script":"<script> [1562 bytes]","args":[{"selector":{"id":"application-managesites-display-component---detailSite--addressDetailDetailsYardText"},"wdio_ui5_key":"applicationmanagesites-display-component---detailSite--addressDetailDetailsYardText"}]}
RESULT: {"script":"<script> [1562 bytes]","args":[{"selector":{"id":"application-managesites-display-component---detailSite--addressDetailDetailsYardText"},"wdio_ui5_key":"applicationmanagesites-display-component---detailSite--addressDetailDetailsYardText"}]}
RESULT: undefined
COMMAND: POST /session/9a045c4a17e0def218bea7a69d7cd789/element - {"using":"xpath","value":"//header/div/div[2]/div[2]/span"}
RESULT: {"using":"xpath","value":"//header/div/div[2]/div[2]/span"}
COMMAND: GET /session/9a045c4a17e0def218bea7a69d7cd789/element/f.F2CC79D104176C4887E06893325B0B16.d.9E5DE356CA65C742CE949E2334774865.e.2538/text - {}
RESULT: {}
COMMAND: POST /session/9a045c4a17e0def218bea7a69d7cd789/element - {"using":"xpath","value":"//header/div/div/div/div/div/div[2]/div/span"}
RESULT: {"using":"xpath","value":"//header/div/div/div/div/div/div[2]/div/span"}
COMMAND: GET /session/9a045c4a17e0def218bea7a69d7cd789/element/f.F2CC79D104176C4887E06893325B0B16.d.9E5DE356CA65C742CE949E2334774865.e.2539/text - {}
RESULT: {}
COMMAND: POST /session/9a045c4a17e0def218bea7a69d7cd789/element - {"using":"css selector","value":"#shell-header-logo"}
RESULT: {"using":"css selector","value":"#shell-header-logo"}
COMMAND: POST /session/9a045c4a17e0def218bea7a69d7cd789/element/f.F2CC79D104176C4887E06893325B0B16.d.9E5DE356CA65C742CE949E2334774865.e.1852/click - {}
RESULT: {}
COMMAND: GET /session/9a045c4a17e0def218bea7a69d7cd789/screenshot - {}
RESULT: {}
]]></system-out>
    </testcase>
    <testcase classname="chrome.135_0_7049_96.windows.Standard_contract_-_add_contract_items_by_Insert_Request_US118222" name="Should create 2 new resources and a catalog item" time="341.998">
      <system-out><![CDATA[
COMMAND: POST /session/9a045c4a17e0def218bea7a69d7cd789/execute/async - {"script":"<script> [1562 bytes]","args":[{"selector":{"controlType":"sap.m.GenericTile","properties":{"header":"Manage Resources"}},"wdio_ui5_key":"sapm.GenericTile{\"header\":\"Manage Resources\"}"}]}
RESULT: {"script":"<script> [1562 bytes]","args":[{"selector":{"controlType":"sap.m.GenericTile","properties":{"header":"Manage Resources"}},"wdio_ui5_key":"sapm.GenericTile{\"header\":\"Manage Resources\"}"}]}
RESULT: undefined
COMMAND: POST /session/9a045c4a17e0def218bea7a69d7cd789/element - {"using":"xpath","value":"//*[@id=\"__tile39\"]"}
RESULT: {"using":"xpath","value":"//*[@id=\"__tile39\"]"}
COMMAND: POST /session/9a045c4a17e0def218bea7a69d7cd789/element/f.F2CC79D104176C4887E06893325B0B16.d.9E5DE356CA65C742CE949E2334774865.e.2541/click - {}
RESULT: {}
COMMAND: GET /session/9a045c4a17e0def218bea7a69d7cd789/screenshot - {}
RESULT: {}
COMMAND: POST /session/9a045c4a17e0def218bea7a69d7cd789/element - {"using":"xpath","value":"//button[@data-kt=\"addNewRUOverflowToolbarButton\"]"}
RESULT: {"using":"xpath","value":"//button[@data-kt=\"addNewRUOverflowToolbarButton\"]"}
COMMAND: POST /session/9a045c4a17e0def218bea7a69d7cd789/execute/sync - {"script":"<script> [8489 bytes]","args":[{"element-6066-11e4-a52e-4f735466cecf":"f.F2CC79D104176C4887E06893325B0B16.d.9E5DE356CA65C742CE949E2334774865.e.2585","ELEMENT":"f.F2CC79D104176C4887E06893325B0B16.d.9E5DE356CA65C742CE949E2334774865.e.2585"}]}
RESULT: {"script":"<script> [8489 bytes]","args":[{"element-6066-11e4-a52e-4f735466cecf":"f.F2CC79D104176C4887E06893325B0B16.d.9E5DE356CA65C742CE949E2334774865.e.2585","ELEMENT":"f.F2CC79D104176C4887E06893325B0B16.d.9E5DE356CA65C742CE949E2334774865.e.2585"}]}
COMMAND: POST /session/9a045c4a17e0def218bea7a69d7cd789/element/f.F2CC79D104176C4887E06893325B0B16.d.9E5DE356CA65C742CE949E2334774865.e.2585/click - {}
COMMAND: GET /session/9a045c4a17e0def218bea7a69d7cd789/screenshot - {}
RESULT: {}
COMMAND: POST /session/9a045c4a17e0def218bea7a69d7cd789/execute/async - {"script":"<script> [1562 bytes]","args":[{"selector":{"id":"application-manageresources-display-component---newResourceUnit--TYPE-arrow"},"wdio_ui5_key":"applicationmanageresources-display-component---newResourceUnit--TYPE-arrow"}]}
COMMAND: GET /session/9a045c4a17e0def218bea7a69d7cd789/screenshot - {}
RESULT: {}
RESULT: {"script":"<script> [1562 bytes]","args":[{"selector":{"id":"application-manageresources-display-component---newResourceUnit--TYPE-arrow"},"wdio_ui5_key":"applicationmanageresources-display-component---newResourceUnit--TYPE-arrow"}]}
RESULT: undefined
COMMAND: POST /session/9a045c4a17e0def218bea7a69d7cd789/element - {"using":"xpath","value":"//*[@id=\"application-manageresources-display-component---newResourceUnit--TYPE-arrow\"]"}
RESULT: {}
RESULT: {"using":"xpath","value":"//*[@id=\"application-manageresources-display-component---newResourceUnit--TYPE-arrow\"]"}
COMMAND: POST /session/9a045c4a17e0def218bea7a69d7cd789/element/f.F2CC79D104176C4887E06893325B0B16.d.9E5DE356CA65C742CE949E2334774865.e.2919/click - {}
RESULT: {}
COMMAND: POST /session/9a045c4a17e0def218bea7a69d7cd789/execute/async - {"script":"<script> [1562 bytes]","args":[{"selector":{"controlType":"sap.m.StandardListItem","viewName":"reusables.view.manageresources.NewResourceUnit","viewId":"application-manageresources-display-component---newResourceUnit","properties":{"title":"Material"},"searchOpenDialogs":true,"interaction":{"idSuffix":"titleText"}},"wdio_ui5_key":"reusablesview.manageresources.NewResourceUnitsap.m.StandardListItem{\"title\":\"Material\"}"}]}
COMMAND: GET /session/9a045c4a17e0def218bea7a69d7cd789/screenshot - {}
RESULT: {"script":"<script> [1562 bytes]","args":[{"selector":{"controlType":"sap.m.StandardListItem","viewName":"reusables.view.manageresources.NewResourceUnit","viewId":"application-manageresources-display-component---newResourceUnit","properties":{"title":"Material"},"searchOpenDialogs":true,"interaction":{"idSuffix":"titleText"}},"wdio_ui5_key":"reusablesview.manageresources.NewResourceUnitsap.m.StandardListItem{\"title\":\"Material\"}"}]}
RESULT: undefined
COMMAND: POST /session/9a045c4a17e0def218bea7a69d7cd789/element - {"using":"xpath","value":"//*[@id=\"__item1096\"]"}
RESULT: {}
RESULT: {"using":"xpath","value":"//*[@id=\"__item1096\"]"}
COMMAND: POST /session/9a045c4a17e0def218bea7a69d7cd789/element/f.F2CC79D104176C4887E06893325B0B16.d.9E5DE356CA65C742CE949E2334774865.e.2922/click - {}
RESULT: {}
COMMAND: POST /session/9a045c4a17e0def218bea7a69d7cd789/execute/async - {"script":"<script> [1562 bytes]","args":[{"selector":{"id":"application-manageresources-display-component---newResourceUnit--SHORT_TEXT","interaction":{"idSuffix":"inner"}},"wdio_ui5_key":"applicationmanageresources-display-component---newResourceUnit--SHORT_TEXT"}]}
COMMAND: GET /session/9a045c4a17e0def218bea7a69d7cd789/screenshot - {}
RESULT: {"script":"<script> [1562 bytes]","args":[{"selector":{"id":"application-manageresources-display-component---newResourceUnit--SHORT_TEXT","interaction":{"idSuffix":"inner"}},"wdio_ui5_key":"applicationmanageresources-display-component---newResourceUnit--SHORT_TEXT"}]}
RESULT: undefined
COMMAND: POST /session/9a045c4a17e0def218bea7a69d7cd789/execute/async - {"script":"<script> [776 bytes]","args":[{"enterText":"WebdriverRUR2C1eeoe","selector":{"id":"application-manageresources-display-component---newResourceUnit--SHORT_TEXT","interaction":{"idSuffix":"inner"}},"clearTextFirst":true,"interactionType":"ENTER_TEXT"}]}
RESULT: {}
RESULT: {"script":"<script> [776 bytes]","args":[{"enterText":"WebdriverRUR2C1eeoe","selector":{"id":"application-manageresources-display-component---newResourceUnit--SHORT_TEXT","interaction":{"idSuffix":"inner"}},"clearTextFirst":true,"interactionType":"ENTER_TEXT"}]}
COMMAND: POST /session/9a045c4a17e0def218bea7a69d7cd789/execute/async - {"script":"<script> [1562 bytes]","args":[{"selector":{"id":"application-manageresources-display-component---newResourceUnit--BASE_UNIT_OF_MEASURE-arrow"},"wdio_ui5_key":"applicationmanageresources-display-component---newResourceUnit--BASE_UNIT_OF_MEASURE-arrow"}]}
RESULT: {"script":"<script> [1562 bytes]","args":[{"selector":{"id":"application-manageresources-display-component---newResourceUnit--BASE_UNIT_OF_MEASURE-arrow"},"wdio_ui5_key":"applicationmanageresources-display-component---newResourceUnit--BASE_UNIT_OF_MEASURE-arrow"}]}
RESULT: undefined
COMMAND: POST /session/9a045c4a17e0def218bea7a69d7cd789/element - {"using":"xpath","value":"//*[@id=\"application-manageresources-display-component---newResourceUnit--BASE_UNIT_OF_MEASURE-arrow\"]"}
RESULT: {"using":"xpath","value":"//*[@id=\"application-manageresources-display-component---newResourceUnit--BASE_UNIT_OF_MEASURE-arrow\"]"}
COMMAND: POST /session/9a045c4a17e0def218bea7a69d7cd789/element/f.F2CC79D104176C4887E06893325B0B16.d.9E5DE356CA65C742CE949E2334774865.e.2978/click - {}
RESULT: {}
COMMAND: POST /session/9a045c4a17e0def218bea7a69d7cd789/execute/async - {"script":"<script> [1562 bytes]","args":[{"selector":{"controlType":"sap.m.StandardListItem","viewName":"reusables.view.manageresources.NewResourceUnit","viewId":"application-manageresources-display-component---newResourceUnit","properties":{"title":"Piece"},"searchOpenDialogs":true,"interaction":{"idSuffix":"titleText"}},"wdio_ui5_key":"reusablesview.manageresources.NewResourceUnitsap.m.StandardListItem{\"title\":\"Piece\"}"}]}
COMMAND: GET /session/9a045c4a17e0def218bea7a69d7cd789/screenshot - {}
RESULT: {"script":"<script> [1562 bytes]","args":[{"selector":{"controlType":"sap.m.StandardListItem","viewName":"reusables.view.manageresources.NewResourceUnit","viewId":"application-manageresources-display-component---newResourceUnit","properties":{"title":"Piece"},"searchOpenDialogs":true,"interaction":{"idSuffix":"titleText"}},"wdio_ui5_key":"reusablesview.manageresources.NewResourceUnitsap.m.StandardListItem{\"title\":\"Piece\"}"}]}
RESULT: undefined
COMMAND: POST /session/9a045c4a17e0def218bea7a69d7cd789/element - {"using":"xpath","value":"//*[@id=\"__item1140\"]"}
RESULT: {}
RESULT: {"using":"xpath","value":"//*[@id=\"__item1140\"]"}
COMMAND: POST /session/9a045c4a17e0def218bea7a69d7cd789/element/f.F2CC79D104176C4887E06893325B0B16.d.9E5DE356CA65C742CE949E2334774865.e.2980/click - {}
RESULT: {}
COMMAND: POST /session/9a045c4a17e0def218bea7a69d7cd789/element - {"using":"xpath","value":"//input[contains(@id ,\"application-manageresources-display-component---newResourceUnit--SHORT_TEXT-inner\")]"}
COMMAND: GET /session/9a045c4a17e0def218bea7a69d7cd789/screenshot - {}
RESULT: {"using":"xpath","value":"//input[contains(@id ,\"application-manageresources-display-component---newResourceUnit--SHORT_TEXT-inner\")]"}
COMMAND: GET /session/9a045c4a17e0def218bea7a69d7cd789/element/f.F2CC79D104176C4887E06893325B0B16.d.9E5DE356CA65C742CE949E2334774865.e.2939/property/value - {}
RESULT: {}
RESULT: {}
COMMAND: POST /session/9a045c4a17e0def218bea7a69d7cd789/execute/async - {"script":"<script> [1562 bytes]","args":[{"selector":{"id":"application-manageresources-display-component---newResourceUnit--WEIGHT_UNIT-arrow"},"wdio_ui5_key":"applicationmanageresources-display-component---newResourceUnit--WEIGHT_UNIT-arrow"}]}
COMMAND: GET /session/9a045c4a17e0def218bea7a69d7cd789/screenshot - {}
RESULT: {"script":"<script> [1562 bytes]","args":[{"selector":{"id":"application-manageresources-display-component---newResourceUnit--WEIGHT_UNIT-arrow"},"wdio_ui5_key":"applicationmanageresources-display-component---newResourceUnit--WEIGHT_UNIT-arrow"}]}
RESULT: undefined
COMMAND: POST /session/9a045c4a17e0def218bea7a69d7cd789/element - {"using":"xpath","value":"//*[@id=\"application-manageresources-display-component---newResourceUnit--WEIGHT_UNIT-arrow\"]"}
RESULT: {}
RESULT: {"using":"xpath","value":"//*[@id=\"application-manageresources-display-component---newResourceUnit--WEIGHT_UNIT-arrow\"]"}
COMMAND: POST /session/9a045c4a17e0def218bea7a69d7cd789/element/f.F2CC79D104176C4887E06893325B0B16.d.9E5DE356CA65C742CE949E2334774865.e.2981/click - {}
RESULT: {}
COMMAND: POST /session/9a045c4a17e0def218bea7a69d7cd789/execute/async - {"script":"<script> [1562 bytes]","args":[{"selector":{"controlType":"sap.m.StandardListItem","viewName":"reusables.view.manageresources.NewResourceUnit","viewId":"application-manageresources-display-component---newResourceUnit","properties":{"title":"Gram"},"searchOpenDialogs":true,"interaction":{"idSuffix":"content"}},"wdio_ui5_key":"reusablesview.manageresources.NewResourceUnitsap.m.StandardListItem{\"title\":\"Gram\"}"}]}
COMMAND: GET /session/9a045c4a17e0def218bea7a69d7cd789/screenshot - {}
RESULT: {"script":"<script> [1562 bytes]","args":[{"selector":{"controlType":"sap.m.StandardListItem","viewName":"reusables.view.manageresources.NewResourceUnit","viewId":"application-manageresources-display-component---newResourceUnit","properties":{"title":"Gram"},"searchOpenDialogs":true,"interaction":{"idSuffix":"content"}},"wdio_ui5_key":"reusablesview.manageresources.NewResourceUnitsap.m.StandardListItem{\"title\":\"Gram\"}"}]}
RESULT: undefined
COMMAND: POST /session/9a045c4a17e0def218bea7a69d7cd789/element - {"using":"xpath","value":"//*[@id=\"__item1205\"]"}
RESULT: {}
RESULT: {"using":"xpath","value":"//*[@id=\"__item1205\"]"}
COMMAND: POST /session/9a045c4a17e0def218bea7a69d7cd789/element/f.F2CC79D104176C4887E06893325B0B16.d.9E5DE356CA65C742CE949E2334774865.e.2983/click - {}
RESULT: {}
COMMAND: POST /session/9a045c4a17e0def218bea7a69d7cd789/execute/async - {"script":"<script> [1562 bytes]","args":[{"selector":{"id":"application-manageresources-display-component---newResourceUnit--newRRUPage-OPHeaderContent-collapseBtn-img"},"wdio_ui5_key":"applicationmanageresources-display-component---newResourceUnit--newRRUPage-OPHeaderContent-collapseBtn-img"}]}
COMMAND: GET /session/9a045c4a17e0def218bea7a69d7cd789/screenshot - {}
RESULT: {"script":"<script> [1562 bytes]","args":[{"selector":{"id":"application-manageresources-display-component---newResourceUnit--newRRUPage-OPHeaderContent-collapseBtn-img"},"wdio_ui5_key":"applicationmanageresources-display-component---newResourceUnit--newRRUPage-OPHeaderContent-collapseBtn-img"}]}
RESULT: undefined
COMMAND: POST /session/9a045c4a17e0def218bea7a69d7cd789/element - {"using":"xpath","value":"//*[@id=\"application-manageresources-display-component---newResourceUnit--newRRUPage-OPHeaderContent-collapseBtn-img\"]"}
RESULT: {}
RESULT: {"using":"xpath","value":"//*[@id=\"application-manageresources-display-component---newResourceUnit--newRRUPage-OPHeaderContent-collapseBtn-img\"]"}
COMMAND: POST /session/9a045c4a17e0def218bea7a69d7cd789/element/f.F2CC79D104176C4887E06893325B0B16.d.9E5DE356CA65C742CE949E2334774865.e.2929/click - {}
RESULT: {}
COMMAND: GET /session/9a045c4a17e0def218bea7a69d7cd789/screenshot - {}
RESULT: {}
COMMAND: POST /session/9a045c4a17e0def218bea7a69d7cd789/element - {"using":"xpath","value":"(//span[contains(@id ,\"application-manageresources-display-component---newResourceUnit--DIMENSION_UNIT-arrow\")])[1]"}
RESULT: {"using":"xpath","value":"(//span[contains(@id ,\"application-manageresources-display-component---newResourceUnit--DIMENSION_UNIT-arrow\")])[1]"}
COMMAND: POST /session/9a045c4a17e0def218bea7a69d7cd789/element/f.F2CC79D104176C4887E06893325B0B16.d.9E5DE356CA65C742CE949E2334774865.e.2987/click - {}
RESULT: {}
COMMAND: GET /session/9a045c4a17e0def218bea7a69d7cd789/screenshot - {}
RESULT: {}
COMMAND: POST /session/9a045c4a17e0def218bea7a69d7cd789/execute/async - {"script":"<script> [1562 bytes]","args":[{"selector":{"controlType":"sap.m.StandardListItem","viewName":"reusables.view.manageresources.NewResourceUnit","viewId":"application-manageresources-display-component---newResourceUnit","properties":{"title":"Centimeter"},"searchOpenDialogs":true,"interaction":{"idSuffix":"titleText"}},"wdio_ui5_key":"reusablesview.manageresources.NewResourceUnitsap.m.StandardListItem{\"title\":\"Centimeter\"}"}]}
RESULT: {"script":"<script> [1562 bytes]","args":[{"selector":{"controlType":"sap.m.StandardListItem","viewName":"reusables.view.manageresources.NewResourceUnit","viewId":"application-manageresources-display-component---newResourceUnit","properties":{"title":"Centimeter"},"searchOpenDialogs":true,"interaction":{"idSuffix":"titleText"}},"wdio_ui5_key":"reusablesview.manageresources.NewResourceUnitsap.m.StandardListItem{\"title\":\"Centimeter\"}"}]}
RESULT: undefined
COMMAND: POST /session/9a045c4a17e0def218bea7a69d7cd789/element - {"using":"xpath","value":"//*[@id=\"__item1208\"]"}
RESULT: {"using":"xpath","value":"//*[@id=\"__item1208\"]"}
COMMAND: POST /session/9a045c4a17e0def218bea7a69d7cd789/element/f.F2CC79D104176C4887E06893325B0B16.d.9E5DE356CA65C742CE949E2334774865.e.2991/click - {}
RESULT: {}
COMMAND: POST /session/9a045c4a17e0def218bea7a69d7cd789/execute/async - {"script":"<script> [1562 bytes]","args":[{"selector":{"id":"application-manageresources-display-component---newResourceUnit--newRRUPage-anchBar-application-manageresources-display-component---newResourceUnit--reference-anchor","interaction":{"idSuffix":"BDI-content"}},"wdio_ui5_key":"applicationmanageresources-display-component---newResourceUnit--newRRUPage-anchBar-application-manageresources-display-component---newResourceUnit--reference-anchor"}]}
COMMAND: GET /session/9a045c4a17e0def218bea7a69d7cd789/screenshot - {}
RESULT: {"script":"<script> [1562 bytes]","args":[{"selector":{"id":"application-manageresources-display-component---newResourceUnit--newRRUPage-anchBar-application-manageresources-display-component---newResourceUnit--reference-anchor","interaction":{"idSuffix":"BDI-content"}},"wdio_ui5_key":"applicationmanageresources-display-component---newResourceUnit--newRRUPage-anchBar-application-manageresources-display-component---newResourceUnit--reference-anchor"}]}
RESULT: undefined
COMMAND: POST /session/9a045c4a17e0def218bea7a69d7cd789/element - {"using":"xpath","value":"//*[@id=\"application-manageresources-display-component---newResourceUnit--newRRUPage-anchBar-application-manageresources-display-component---newResourceUnit--reference-anchor\"]"}
RESULT: {}
RESULT: {"using":"xpath","value":"//*[@id=\"application-manageresources-display-component---newResourceUnit--newRRUPage-anchBar-application-manageresources-display-component---newResourceUnit--reference-anchor\"]"}
COMMAND: POST /session/9a045c4a17e0def218bea7a69d7cd789/element/f.F2CC79D104176C4887E06893325B0B16.d.9E5DE356CA65C742CE949E2334774865.e.2993/click - {}
RESULT: {}
COMMAND: POST /session/9a045c4a17e0def218bea7a69d7cd789/execute/async - {"script":"<script> [1562 bytes]","args":[{"selector":{"id":"application-manageresources-display-component---newResourceUnit--PLANNING_GROUP-arrow"},"wdio_ui5_key":"applicationmanageresources-display-component---newResourceUnit--PLANNING_GROUP-arrow"}]}
COMMAND: GET /session/9a045c4a17e0def218bea7a69d7cd789/screenshot - {}
RESULT: {"script":"<script> [1562 bytes]","args":[{"selector":{"id":"application-manageresources-display-component---newResourceUnit--PLANNING_GROUP-arrow"},"wdio_ui5_key":"applicationmanageresources-display-component---newResourceUnit--PLANNING_GROUP-arrow"}]}
RESULT: undefined
COMMAND: POST /session/9a045c4a17e0def218bea7a69d7cd789/element - {"using":"xpath","value":"//*[@id=\"application-manageresources-display-component---newResourceUnit--PLANNING_GROUP-arrow\"]"}
RESULT: {}
RESULT: {"using":"xpath","value":"//*[@id=\"application-manageresources-display-component---newResourceUnit--PLANNING_GROUP-arrow\"]"}
COMMAND: POST /session/9a045c4a17e0def218bea7a69d7cd789/element/f.F2CC79D104176C4887E06893325B0B16.d.9E5DE356CA65C742CE949E2334774865.e.2997/click - {}
RESULT: {}
COMMAND: POST /session/9a045c4a17e0def218bea7a69d7cd789/execute/async - {"script":"<script> [1562 bytes]","args":[{"selector":{"controlType":"sap.m.StandardListItem","viewName":"reusables.view.manageresources.NewResourceUnit","viewId":"application-manageresources-display-component---newResourceUnit","properties":{"title":"Heavy Equi"},"searchOpenDialogs":true,"interaction":{"idSuffix":"content"}},"wdio_ui5_key":"reusablesview.manageresources.NewResourceUnitsap.m.StandardListItem{\"title\":\"Heavy Equi\"}"}]}
COMMAND: GET /session/9a045c4a17e0def218bea7a69d7cd789/screenshot - {}
RESULT: {"script":"<script> [1562 bytes]","args":[{"selector":{"controlType":"sap.m.StandardListItem","viewName":"reusables.view.manageresources.NewResourceUnit","viewId":"application-manageresources-display-component---newResourceUnit","properties":{"title":"Heavy Equi"},"searchOpenDialogs":true,"interaction":{"idSuffix":"content"}},"wdio_ui5_key":"reusablesview.manageresources.NewResourceUnitsap.m.StandardListItem{\"title\":\"Heavy Equi\"}"}]}
RESULT: undefined
COMMAND: POST /session/9a045c4a17e0def218bea7a69d7cd789/element - {"using":"xpath","value":"//*[@id=\"__item1216\"]"}
RESULT: {}
RESULT: {"using":"xpath","value":"//*[@id=\"__item1216\"]"}
COMMAND: POST /session/9a045c4a17e0def218bea7a69d7cd789/element/f.F2CC79D104176C4887E06893325B0B16.d.9E5DE356CA65C742CE949E2334774865.e.2999/click - {}
RESULT: {}
COMMAND: GET /session/9a045c4a17e0def218bea7a69d7cd789/screenshot - {}
RESULT: {}
COMMAND: POST /session/9a045c4a17e0def218bea7a69d7cd789/execute/async - {"script":"<script> [1562 bytes]","args":[{"selector":{"id":"application-manageresources-display-component---newResourceUnit--PLANNING_INDICATOR-arrow"},"wdio_ui5_key":"applicationmanageresources-display-component---newResourceUnit--PLANNING_INDICATOR-arrow"}]}
RESULT: {"script":"<script> [1562 bytes]","args":[{"selector":{"id":"application-manageresources-display-component---newResourceUnit--PLANNING_INDICATOR-arrow"},"wdio_ui5_key":"applicationmanageresources-display-component---newResourceUnit--PLANNING_INDICATOR-arrow"}]}
RESULT: undefined
COMMAND: POST /session/9a045c4a17e0def218bea7a69d7cd789/element - {"using":"xpath","value":"//*[@id=\"application-manageresources-display-component---newResourceUnit--PLANNING_INDICATOR-arrow\"]"}
RESULT: {"using":"xpath","value":"//*[@id=\"application-manageresources-display-component---newResourceUnit--PLANNING_INDICATOR-arrow\"]"}
COMMAND: POST /session/9a045c4a17e0def218bea7a69d7cd789/element/f.F2CC79D104176C4887E06893325B0B16.d.9E5DE356CA65C742CE949E2334774865.e.3000/click - {}
RESULT: {}
COMMAND: POST /session/9a045c4a17e0def218bea7a69d7cd789/execute/async - {"script":"<script> [1562 bytes]","args":[{"selector":{"controlType":"sap.m.StandardListItem","viewName":"reusables.view.manageresources.NewResourceUnit","viewId":"application-manageresources-display-component---newResourceUnit","properties":{"title":"10 - infinite"},"searchOpenDialogs":true,"interaction":{"idSuffix":"content"}},"wdio_ui5_key":"reusablesview.manageresources.NewResourceUnitsap.m.StandardListItem{\"title\":\"10 - infinite\"}"}]}
COMMAND: GET /session/9a045c4a17e0def218bea7a69d7cd789/screenshot - {}
RESULT: {"script":"<script> [1562 bytes]","args":[{"selector":{"controlType":"sap.m.StandardListItem","viewName":"reusables.view.manageresources.NewResourceUnit","viewId":"application-manageresources-display-component---newResourceUnit","properties":{"title":"10 - infinite"},"searchOpenDialogs":true,"interaction":{"idSuffix":"content"}},"wdio_ui5_key":"reusablesview.manageresources.NewResourceUnitsap.m.StandardListItem{\"title\":\"10 - infinite\"}"}]}
RESULT: undefined
COMMAND: POST /session/9a045c4a17e0def218bea7a69d7cd789/element - {"using":"xpath","value":"//*[@id=\"__item1226\"]"}
RESULT: {}
RESULT: {"using":"xpath","value":"//*[@id=\"__item1226\"]"}
COMMAND: POST /session/9a045c4a17e0def218bea7a69d7cd789/element/f.F2CC79D104176C4887E06893325B0B16.d.9E5DE356CA65C742CE949E2334774865.e.3002/click - {}
RESULT: {}
COMMAND: GET /session/9a045c4a17e0def218bea7a69d7cd789/screenshot - {}
RESULT: {}
COMMAND: POST /session/9a045c4a17e0def218bea7a69d7cd789/element - {"using":"xpath","value":"//bdi[contains(text(), \"Time Segment\")]"}
RESULT: {"using":"xpath","value":"//bdi[contains(text(), \"Time Segment\")]"}
COMMAND: GET /session/9a045c4a17e0def218bea7a69d7cd789/element/f.F2CC79D104176C4887E06893325B0B16.d.9E5DE356CA65C742CE949E2334774865.e.3003/rect - {}
RESULT: {}
COMMAND: GET /session/9a045c4a17e0def218bea7a69d7cd789/window/rect - {}
RESULT: {}
COMMAND: POST /session/9a045c4a17e0def218bea7a69d7cd789/execute/sync - {"script":"<script> [92 bytes]","args":[]}
RESULT: {"script":"<script> [92 bytes]","args":[]}
COMMAND: POST /session/9a045c4a17e0def218bea7a69d7cd789/actions - {"actions":[{"id":"action5","type":"wheel","parameters":{},"actions":[{"type":"scroll","x":-1820,"y":-21,"deltaX":0,"deltaY":0,"duration":0,"origin":{"element-6066-11e4-a52e-4f735466cecf":"f.F2CC79D104176C4887E06893325B0B16.d.9E5DE356CA65C742CE949E2334774865.e.3003"}}]}]}
COMMAND: GET /session/9a045c4a17e0def218bea7a69d7cd789/screenshot - {}
RESULT: {}
COMMAND: POST /session/9a045c4a17e0def218bea7a69d7cd789/execute/sync - {"script":"<script> [79 bytes]","args":[{"element-6066-11e4-a52e-4f735466cecf":"f.F2CC79D104176C4887E06893325B0B16.d.9E5DE356CA65C742CE949E2334774865.e.3003","ELEMENT":"f.F2CC79D104176C4887E06893325B0B16.d.9E5DE356CA65C742CE949E2334774865.e.3003"},{"block":"start","inline":"nearest"}]}
RESULT: {"script":"<script> [79 bytes]","args":[{"element-6066-11e4-a52e-4f735466cecf":"f.F2CC79D104176C4887E06893325B0B16.d.9E5DE356CA65C742CE949E2334774865.e.3003","ELEMENT":"f.F2CC79D104176C4887E06893325B0B16.d.9E5DE356CA65C742CE949E2334774865.e.3003"},{"block":"start","inline":"nearest"}]}
COMMAND: GET /session/9a045c4a17e0def218bea7a69d7cd789/screenshot - {}
RESULT: {}
COMMAND: POST /session/9a045c4a17e0def218bea7a69d7cd789/element - {"using":"xpath","value":"//span[@id=\"application-manageresources-display-component---newResourceUnit--btnAddTimeSegment-img\"]"}
RESULT: {"using":"xpath","value":"//span[@id=\"application-manageresources-display-component---newResourceUnit--btnAddTimeSegment-img\"]"}
COMMAND: POST /session/9a045c4a17e0def218bea7a69d7cd789/execute/sync - {"script":"<script> [8489 bytes]","args":[{"element-6066-11e4-a52e-4f735466cecf":"f.F2CC79D104176C4887E06893325B0B16.d.9E5DE356CA65C742CE949E2334774865.e.3006","ELEMENT":"f.F2CC79D104176C4887E06893325B0B16.d.9E5DE356CA65C742CE949E2334774865.e.3006"}]}
RESULT: {"script":"<script> [8489 bytes]","args":[{"element-6066-11e4-a52e-4f735466cecf":"f.F2CC79D104176C4887E06893325B0B16.d.9E5DE356CA65C742CE949E2334774865.e.3006","ELEMENT":"f.F2CC79D104176C4887E06893325B0B16.d.9E5DE356CA65C742CE949E2334774865.e.3006"}]}
COMMAND: POST /session/9a045c4a17e0def218bea7a69d7cd789/element/f.F2CC79D104176C4887E06893325B0B16.d.9E5DE356CA65C742CE949E2334774865.e.3006/click - {}
COMMAND: GET /session/9a045c4a17e0def218bea7a69d7cd789/screenshot - {}
RESULT: {}
COMMAND: GET /session/9a045c4a17e0def218bea7a69d7cd789/screenshot - {}
COMMAND: POST /session/9a045c4a17e0def218bea7a69d7cd789/element - {"using":"xpath","value":"//input[@id=\"application-manageresources-display-component---newResourceUnit--idRuTSAdmin-application-manageresources-display-component---newResourceUnit--RUTimeSegment-0-inner\"]"}
RESULT: {}
RESULT: {}
RESULT: {"using":"xpath","value":"//input[@id=\"application-manageresources-display-component---newResourceUnit--idRuTSAdmin-application-manageresources-display-component---newResourceUnit--RUTimeSegment-0-inner\"]"}
COMMAND: POST /session/9a045c4a17e0def218bea7a69d7cd789/element/f.F2CC79D104176C4887E06893325B0B16.d.9E5DE356CA65C742CE949E2334774865.e.3009/clear - {}
RESULT: {}
COMMAND: POST /session/9a045c4a17e0def218bea7a69d7cd789/element/f.F2CC79D104176C4887E06893325B0B16.d.9E5DE356CA65C742CE949E2334774865.e.3009/value - {"text":"WebdriverYardlcmp4f"}
COMMAND: GET /session/9a045c4a17e0def218bea7a69d7cd789/screenshot - {}
RESULT: {"text":"WebdriverYardlcmp4f"}
COMMAND: GET /session/9a045c4a17e0def218bea7a69d7cd789/screenshot - {}
RESULT: {}
RESULT: {}
COMMAND: POST /session/9a045c4a17e0def218bea7a69d7cd789/actions - {"actions":[{"id":"action6","type":"key","parameters":{},"actions":[{"type":"keyDown","value":"î€‡"},{"type":"pause","duration":10},{"type":"keyUp","value":"î€‡"}]}]}
RESULT: {"actions":[{"id":"action6","type":"key","parameters":{},"actions":[{"type":"keyDown","value":"î€‡"},{"type":"pause","duration":10},{"type":"keyUp","value":"î€‡"}]}]}
COMMAND: GET /session/9a045c4a17e0def218bea7a69d7cd789/screenshot - {}
RESULT: {}
COMMAND: POST /session/9a045c4a17e0def218bea7a69d7cd789/execute/async - {"script":"<script> [1562 bytes]","args":[{"selector":{"controlType":"sap.m.Button","viewName":"reusables.view.manageresources.NewResourceUnit","viewId":"application-manageresources-display-component---newResourceUnit","i18NText":{"propertyName":"tooltip","key":"save"},"interaction":{"idSuffix":"BDI-content"}},"wdio_ui5_key":"reusablesview.manageresources.NewResourceUnitsap.m.Button{\"propertyName\":\"tooltip\",\"key\":\"save\"}"}]}
RESULT: {"script":"<script> [1562 bytes]","args":[{"selector":{"controlType":"sap.m.Button","viewName":"reusables.view.manageresources.NewResourceUnit","viewId":"application-manageresources-display-component---newResourceUnit","i18NText":{"propertyName":"tooltip","key":"save"},"interaction":{"idSuffix":"BDI-content"}},"wdio_ui5_key":"reusablesview.manageresources.NewResourceUnitsap.m.Button{\"propertyName\":\"tooltip\",\"key\":\"save\"}"}]}
RESULT: undefined
COMMAND: POST /session/9a045c4a17e0def218bea7a69d7cd789/element - {"using":"xpath","value":"//*[@id=\"application-manageresources-display-component---newResourceUnit--createRuButton\"]"}
RESULT: {"using":"xpath","value":"//*[@id=\"application-manageresources-display-component---newResourceUnit--createRuButton\"]"}
COMMAND: POST /session/9a045c4a17e0def218bea7a69d7cd789/element/f.F2CC79D104176C4887E06893325B0B16.d.9E5DE356CA65C742CE949E2334774865.e.2935/click - {}
RESULT: {}
COMMAND: GET /session/9a045c4a17e0def218bea7a69d7cd789/screenshot - {}
RESULT: {}
COMMAND: POST /session/9a045c4a17e0def218bea7a69d7cd789/execute/async - {"script":"<script> [1562 bytes]","args":[{"selector":{"controlType":"sap.m.Title","properties":{"text":"Success"},"searchOpenDialogs":true},"wdio_ui5_key":"sapm.Title{\"text\":\"Success\"}"}]}
RESULT: {"script":"<script> [1562 bytes]","args":[{"selector":{"controlType":"sap.m.Title","properties":{"text":"Success"},"searchOpenDialogs":true},"wdio_ui5_key":"sapm.Title{\"text\":\"Success\"}"}]}
RESULT: undefined
COMMAND: POST /session/9a045c4a17e0def218bea7a69d7cd789/execute/async - {"script":"<script> [6424 bytes]","args":[{"element-6066-11e4-a52e-4f735466cecf":"f.F2CC79D104176C4887E06893325B0B16.d.9E5DE356CA65C742CE949E2334774865.e.3022"},"getText",[]]}
RESULT: {"script":"<script> [6424 bytes]","args":[{"element-6066-11e4-a52e-4f735466cecf":"f.F2CC79D104176C4887E06893325B0B16.d.9E5DE356CA65C742CE949E2334774865.e.3022"},"getText",[]]}
COMMAND: POST /session/9a045c4a17e0def218bea7a69d7cd789/element - {"using":"xpath","value":"//*[contains(@id, '__text') and (contains(text(), 'successfully created') or contains(., 'successfully created'))]"}
RESULT: {"using":"xpath","value":"//*[contains(@id, '__text') and (contains(text(), 'successfully created') or contains(., 'successfully created'))]"}
COMMAND: GET /session/9a045c4a17e0def218bea7a69d7cd789/element/f.F2CC79D104176C4887E06893325B0B16.d.9E5DE356CA65C742CE949E2334774865.e.3020/text - {}
RESULT: {}
COMMAND: POST /session/9a045c4a17e0def218bea7a69d7cd789/execute/async - {"script":"<script> [1562 bytes]","args":[{"selector":{"controlType":"sap.m.Button","properties":{"text":"Close"},"searchOpenDialogs":true,"interaction":{"idSuffix":"BDI-content"}},"wdio_ui5_key":"sapm.Button{\"text\":\"Close\"}"}]}
RESULT: {"script":"<script> [1562 bytes]","args":[{"selector":{"controlType":"sap.m.Button","properties":{"text":"Close"},"searchOpenDialogs":true,"interaction":{"idSuffix":"BDI-content"}},"wdio_ui5_key":"sapm.Button{\"text\":\"Close\"}"}]}
RESULT: undefined
COMMAND: POST /session/9a045c4a17e0def218bea7a69d7cd789/element - {"using":"xpath","value":"//*[@id=\"__mbox-btn-0\"]"}
RESULT: {"using":"xpath","value":"//*[@id=\"__mbox-btn-0\"]"}
COMMAND: POST /session/9a045c4a17e0def218bea7a69d7cd789/element/f.F2CC79D104176C4887E06893325B0B16.d.9E5DE356CA65C742CE949E2334774865.e.3019/click - {}
RESULT: {}
COMMAND: GET /session/9a045c4a17e0def218bea7a69d7cd789/screenshot - {}
RESULT: {}
COMMAND: POST /session/9a045c4a17e0def218bea7a69d7cd789/execute/async - {"script":"<script> [1562 bytes]","args":[{"selector":{"controlType":"sap.ui.core.Icon","viewName":"etm.portal.ui.manageresources.view.Detail","viewId":"application-manageresources-display-component---detailRU","properties":{"src":{"regex":{"source":"overflow"}}}},"wdio_ui5_key":"etmportal.ui.manageresources.view.Detailsap.ui.core.Icon{\"src\":{\"regex\":{\"source\":\"overflow\"}}}"}]}
RESULT: {"script":"<script> [1562 bytes]","args":[{"selector":{"controlType":"sap.ui.core.Icon","viewName":"etm.portal.ui.manageresources.view.Detail","viewId":"application-manageresources-display-component---detailRU","properties":{"src":{"regex":{"source":"overflow"}}}},"wdio_ui5_key":"etmportal.ui.manageresources.view.Detailsap.ui.core.Icon{\"src\":{\"regex\":{\"source\":\"overflow\"}}}"}]}
RESULT: undefined
COMMAND: POST /session/9a045c4a17e0def218bea7a69d7cd789/element - {"using":"xpath","value":"//*[@id=\"__title36-_actionsToolbar-overflowButton-img\"]"}
RESULT: {"using":"xpath","value":"//*[@id=\"__title36-_actionsToolbar-overflowButton-img\"]"}
COMMAND: POST /session/9a045c4a17e0def218bea7a69d7cd789/element/f.F2CC79D104176C4887E06893325B0B16.d.9E5DE356CA65C742CE949E2334774865.e.3047/click - {}
RESULT: {}
COMMAND: POST /session/9a045c4a17e0def218bea7a69d7cd789/execute/async - {"script":"<script> [1562 bytes]","args":[{"selector":{"controlType":"sap.m.Button","viewName":"etm.portal.ui.manageresources.view.Detail","viewId":"application-manageresources-display-component---detailRU","i18NText":{"propertyName":"tooltip","key":"closeColumn"},"searchOpenDialogs":true,"interaction":{"idSuffix":"inner"}},"wdio_ui5_key":"etmportal.ui.manageresources.view.Detailsap.m.Button{\"propertyName\":\"tooltip\",\"key\":\"closeColumn\"}"}]}
COMMAND: GET /session/9a045c4a17e0def218bea7a69d7cd789/screenshot - {}
RESULT: {"script":"<script> [1562 bytes]","args":[{"selector":{"controlType":"sap.m.Button","viewName":"etm.portal.ui.manageresources.view.Detail","viewId":"application-manageresources-display-component---detailRU","i18NText":{"propertyName":"tooltip","key":"closeColumn"},"searchOpenDialogs":true,"interaction":{"idSuffix":"inner"}},"wdio_ui5_key":"etmportal.ui.manageresources.view.Detailsap.m.Button{\"propertyName\":\"tooltip\",\"key\":\"closeColumn\"}"}]}
RESULT: undefined
COMMAND: POST /session/9a045c4a17e0def218bea7a69d7cd789/element - {"using":"xpath","value":"//*[@id=\"__button147\"]"}
RESULT: {}
RESULT: {"using":"xpath","value":"//*[@id=\"__button147\"]"}
COMMAND: POST /session/9a045c4a17e0def218bea7a69d7cd789/element/f.F2CC79D104176C4887E06893325B0B16.d.9E5DE356CA65C742CE949E2334774865.e.3049/click - {}
RESULT: {}
COMMAND: GET /session/9a045c4a17e0def218bea7a69d7cd789/screenshot - {}
RESULT: {}
COMMAND: POST /session/9a045c4a17e0def218bea7a69d7cd789/refresh - {}
RESULT: {}
COMMAND: GET /session/9a045c4a17e0def218bea7a69d7cd789/screenshot - {}
RESULT: {}
COMMAND: POST /session/9a045c4a17e0def218bea7a69d7cd789/execute/async - {"script":"<script> [189 bytes]","args":[]}
RESULT: {"script":"<script> [189 bytes]","args":[]}
COMMAND: POST /session/9a045c4a17e0def218bea7a69d7cd789/execute/async - {"script":"<script> [123 bytes]","args":[]}
RESULT: {"script":"<script> [123 bytes]","args":[]}
COMMAND: POST /session/9a045c4a17e0def218bea7a69d7cd789/timeouts - {"script":"<number>"}
RESULT: {"script":"<number>"}
COMMAND: GET /session/9a045c4a17e0def218bea7a69d7cd789/timeouts - {}
RESULT: {}
RESULT: undefined
COMMAND: POST /session/9a045c4a17e0def218bea7a69d7cd789/execute/async - {"script":"<script> [2676 bytes]","args":[]}
RESULT: {"script":"<script> [2676 bytes]","args":[]}
COMMAND: POST /session/9a045c4a17e0def218bea7a69d7cd789/execute/async - {"script":"<script> [2342 bytes]","args":[{"protocol":"http","hostname":"0.0.0.0","path":"/","capabilities":{"browserName":"chrome","goog:chromeOptions":{"binary":"C:\\Program Files\\Google\\Chrome\\Application\\chrome.exe","args":["--start-maximized"]}},"logLevel":"warn","connectionRetryTimeout":120000,"connectionRetryCount":3,"logLevels":{},"enableDirectConnect":true,"strictSSL":true,"_":"65 more keys: [\"cacheDir\",\"port\",\"requestedCapabilities\",\"automationProtocol\",\"baseUrl\",\"waitforInterval\",\"waitforTimeout\",\"onReload\",\"beforeCommand\",\"afterCommand\",\"rootDir\",\"specs\",\"suites\",\"exclude\",\"groupLogsByTestSpec\",\"excludeDriverLogs\",\"bail\",\"framework\",\"reporters\",\"services\",\"maxInstances\",\"maxInstancesPerCapability\",\"injectGlobals\",\"filesToWatch\",\"execArgv\",\"runnerEnv\",\"runner\",\"shard\",\"specFileRetries\",\"specFileRetriesDelay\",\"specFileRetriesDeferred\",\"reporterSyncInterval\",\"reporterSyncTimeout\",\"cucumberFeaturesWithLineNumbers\",\"autoCompileOpts\",\"mochaOpts\",\"jasmineOpts\",\"cucumberOpts\",\"onPrepare\",\"onWorkerStart\",\"onWorkerEnd\",\"before\",\"beforeSession\",\"beforeSuite\",\"beforeHook\",\"beforeTest\",\"afterTest\",\"afterHook\",\"afterSuite\",\"afterSession\",\"after\",\"onComplete\",\"beforeAssertion\",\"afterAssertion\",\"beforeFeature\",\"beforeScenario\",\"beforeStep\",\"afterStep\",\"afterScenario\",\"afterFeature\",\"_\",\"suite\",\"$0\",\"ignoredWorkerServices\",\"wdi5\"]"}]}
RESULT: {"script":"<script> [2342 bytes]","args":[{"protocol":"http","hostname":"0.0.0.0","path":"/","capabilities":{"browserName":"chrome","goog:chromeOptions":{"binary":"C:\\Program Files\\Google\\Chrome\\Application\\chrome.exe","args":["--start-maximized"]}},"logLevel":"warn","connectionRetryTimeout":120000,"connectionRetryCount":3,"logLevels":{},"enableDirectConnect":true,"strictSSL":true,"_":"65 more keys: [\"cacheDir\",\"port\",\"requestedCapabilities\",\"automationProtocol\",\"baseUrl\",\"waitforInterval\",\"waitforTimeout\",\"onReload\",\"beforeCommand\",\"afterCommand\",\"rootDir\",\"specs\",\"suites\",\"exclude\",\"groupLogsByTestSpec\",\"excludeDriverLogs\",\"bail\",\"framework\",\"reporters\",\"services\",\"maxInstances\",\"maxInstancesPerCapability\",\"injectGlobals\",\"filesToWatch\",\"execArgv\",\"runnerEnv\",\"runner\",\"shard\",\"specFileRetries\",\"specFileRetriesDelay\",\"specFileRetriesDeferred\",\"reporterSyncInterval\",\"reporterSyncTimeout\",\"cucumberFeaturesWithLineNumbers\",\"autoCompileOpts\",\"mochaOpts\",\"jasmineOpts\",\"cucumberOpts\",\"onPrepare\",\"onWorkerStart\",\"onWorkerEnd\",\"before\",\"beforeSession\",\"beforeSuite\",\"beforeHook\",\"beforeTest\",\"afterTest\",\"afterHook\",\"afterSuite\",\"afterSession\",\"after\",\"onComplete\",\"beforeAssertion\",\"afterAssertion\",\"beforeFeature\",\"beforeScenario\",\"beforeStep\",\"afterStep\",\"afterScenario\",\"afterFeature\",\"_\",\"suite\",\"$0\",\"ignoredWorkerServices\",\"wdi5\"]"}]}
COMMAND: POST /session/9a045c4a17e0def218bea7a69d7cd789/execute/async - {"script":"<script> [21126 bytes]","args":[35000]}
RESULT: {"script":"<script> [21126 bytes]","args":[35000]}
COMMAND: POST /session/9a045c4a17e0def218bea7a69d7cd789/element - {"using":"css selector","value":"#shell-header-logo"}
RESULT: {"using":"css selector","value":"#shell-header-logo"}
COMMAND: POST /session/9a045c4a17e0def218bea7a69d7cd789/element/f.F2CC79D104176C4887E06893325B0B16.d.7CCD5BC31CA3816F5948EEF971F46E46.e.3219/click - {}
RESULT: {}
COMMAND: GET /session/9a045c4a17e0def218bea7a69d7cd789/screenshot - {}
RESULT: {}
COMMAND: POST /session/9a045c4a17e0def218bea7a69d7cd789/execute/async - {"script":"<script> [1562 bytes]","args":[{"selector":{"controlType":"sap.m.GenericTile","properties":{"header":"Manage Resources"}},"wdio_ui5_key":"sapm.GenericTile{\"header\":\"Manage Resources\"}"}]}
RESULT: {"script":"<script> [1562 bytes]","args":[{"selector":{"controlType":"sap.m.GenericTile","properties":{"header":"Manage Resources"}},"wdio_ui5_key":"sapm.GenericTile{\"header\":\"Manage Resources\"}"}]}
RESULT: undefined
COMMAND: POST /session/9a045c4a17e0def218bea7a69d7cd789/element - {"using":"xpath","value":"//*[@id=\"__tile39\"]"}
RESULT: {"using":"xpath","value":"//*[@id=\"__tile39\"]"}
COMMAND: POST /session/9a045c4a17e0def218bea7a69d7cd789/element/f.F2CC79D104176C4887E06893325B0B16.d.7CCD5BC31CA3816F5948EEF971F46E46.e.3377/click - {}
RESULT: {}
COMMAND: GET /session/9a045c4a17e0def218bea7a69d7cd789/screenshot - {}
RESULT: {}
COMMAND: POST /session/9a045c4a17e0def218bea7a69d7cd789/element - {"using":"xpath","value":"//button[@data-kt=\"addNewRUOverflowToolbarButton\"]"}
RESULT: {"using":"xpath","value":"//button[@data-kt=\"addNewRUOverflowToolbarButton\"]"}
COMMAND: POST /session/9a045c4a17e0def218bea7a69d7cd789/execute/sync - {"script":"<script> [8489 bytes]","args":[{"element-6066-11e4-a52e-4f735466cecf":"f.F2CC79D104176C4887E06893325B0B16.d.7CCD5BC31CA3816F5948EEF971F46E46.e.3450","ELEMENT":"f.F2CC79D104176C4887E06893325B0B16.d.7CCD5BC31CA3816F5948EEF971F46E46.e.3450"}]}
RESULT: {"script":"<script> [8489 bytes]","args":[{"element-6066-11e4-a52e-4f735466cecf":"f.F2CC79D104176C4887E06893325B0B16.d.7CCD5BC31CA3816F5948EEF971F46E46.e.3450","ELEMENT":"f.F2CC79D104176C4887E06893325B0B16.d.7CCD5BC31CA3816F5948EEF971F46E46.e.3450"}]}
COMMAND: POST /session/9a045c4a17e0def218bea7a69d7cd789/element/f.F2CC79D104176C4887E06893325B0B16.d.7CCD5BC31CA3816F5948EEF971F46E46.e.3450/click - {}
COMMAND: GET /session/9a045c4a17e0def218bea7a69d7cd789/screenshot - {}
RESULT: {}
COMMAND: GET /session/9a045c4a17e0def218bea7a69d7cd789/screenshot - {}
RESULT: {}
RESULT: {}
COMMAND: POST /session/9a045c4a17e0def218bea7a69d7cd789/execute/async - {"script":"<script> [1562 bytes]","args":[{"selector":{"id":"application-manageresources-display-component---newResourceUnit--TYPE-arrow"},"wdio_ui5_key":"applicationmanageresources-display-component---newResourceUnit--TYPE-arrow"}]}
RESULT: {"script":"<script> [1562 bytes]","args":[{"selector":{"id":"application-manageresources-display-component---newResourceUnit--TYPE-arrow"},"wdio_ui5_key":"applicationmanageresources-display-component---newResourceUnit--TYPE-arrow"}]}
RESULT: undefined
COMMAND: POST /session/9a045c4a17e0def218bea7a69d7cd789/element - {"using":"xpath","value":"//*[@id=\"application-manageresources-display-component---newResourceUnit--TYPE-arrow\"]"}
RESULT: {"using":"xpath","value":"//*[@id=\"application-manageresources-display-component---newResourceUnit--TYPE-arrow\"]"}
COMMAND: POST /session/9a045c4a17e0def218bea7a69d7cd789/element/f.F2CC79D104176C4887E06893325B0B16.d.7CCD5BC31CA3816F5948EEF971F46E46.e.3759/click - {}
RESULT: {}
COMMAND: POST /session/9a045c4a17e0def218bea7a69d7cd789/execute/async - {"script":"<script> [1562 bytes]","args":[{"selector":{"controlType":"sap.m.StandardListItem","viewName":"reusables.view.manageresources.NewResourceUnit","viewId":"application-manageresources-display-component---newResourceUnit","properties":{"title":"Equipment"},"searchOpenDialogs":true,"interaction":{"idSuffix":"content"}},"wdio_ui5_key":"reusablesview.manageresources.NewResourceUnitsap.m.StandardListItem{\"title\":\"Equipment\"}"}]}
COMMAND: GET /session/9a045c4a17e0def218bea7a69d7cd789/screenshot - {}
RESULT: {"script":"<script> [1562 bytes]","args":[{"selector":{"controlType":"sap.m.StandardListItem","viewName":"reusables.view.manageresources.NewResourceUnit","viewId":"application-manageresources-display-component---newResourceUnit","properties":{"title":"Equipment"},"searchOpenDialogs":true,"interaction":{"idSuffix":"content"}},"wdio_ui5_key":"reusablesview.manageresources.NewResourceUnitsap.m.StandardListItem{\"title\":\"Equipment\"}"}]}
RESULT: undefined
COMMAND: POST /session/9a045c4a17e0def218bea7a69d7cd789/element - {"using":"xpath","value":"//*[@id=\"__item181\"]"}
RESULT: {}
RESULT: {"using":"xpath","value":"//*[@id=\"__item181\"]"}
COMMAND: POST /session/9a045c4a17e0def218bea7a69d7cd789/element/f.F2CC79D104176C4887E06893325B0B16.d.7CCD5BC31CA3816F5948EEF971F46E46.e.3762/click - {}
RESULT: {}
COMMAND: POST /session/9a045c4a17e0def218bea7a69d7cd789/execute/async - {"script":"<script> [1562 bytes]","args":[{"selector":{"id":"application-manageresources-display-component---newResourceUnit--resourceId","interaction":{"idSuffix":"inner"}},"wdio_ui5_key":"applicationmanageresources-display-component---newResourceUnit--resourceId"}]}
COMMAND: GET /session/9a045c4a17e0def218bea7a69d7cd789/screenshot - {}
RESULT: {"script":"<script> [1562 bytes]","args":[{"selector":{"id":"application-manageresources-display-component---newResourceUnit--resourceId","interaction":{"idSuffix":"inner"}},"wdio_ui5_key":"applicationmanageresources-display-component---newResourceUnit--resourceId"}]}
RESULT: undefined
COMMAND: POST /session/9a045c4a17e0def218bea7a69d7cd789/execute/async - {"script":"<script> [776 bytes]","args":[{"enterText":"WdIOR2cEquipg4wzn","selector":{"id":"application-manageresources-display-component---newResourceUnit--resourceId","interaction":{"idSuffix":"inner"}},"clearTextFirst":true,"interactionType":"ENTER_TEXT"}]}
RESULT: {}
RESULT: {"script":"<script> [776 bytes]","args":[{"enterText":"WdIOR2cEquipg4wzn","selector":{"id":"application-manageresources-display-component---newResourceUnit--resourceId","interaction":{"idSuffix":"inner"}},"clearTextFirst":true,"interactionType":"ENTER_TEXT"}]}
COMMAND: POST /session/9a045c4a17e0def218bea7a69d7cd789/execute/async - {"script":"<script> [1562 bytes]","args":[{"selector":{"id":"application-manageresources-display-component---newResourceUnit--SHORT_TEXT","interaction":{"idSuffix":"inner"}},"wdio_ui5_key":"applicationmanageresources-display-component---newResourceUnit--SHORT_TEXT"}]}
RESULT: {"script":"<script> [1562 bytes]","args":[{"selector":{"id":"application-manageresources-display-component---newResourceUnit--SHORT_TEXT","interaction":{"idSuffix":"inner"}},"wdio_ui5_key":"applicationmanageresources-display-component---newResourceUnit--SHORT_TEXT"}]}
RESULT: undefined
COMMAND: POST /session/9a045c4a17e0def218bea7a69d7cd789/execute/async - {"script":"<script> [776 bytes]","args":[{"enterText":"WdIOR2cEquipg4wzn","selector":{"id":"application-manageresources-display-component---newResourceUnit--SHORT_TEXT","interaction":{"idSuffix":"inner"}},"clearTextFirst":true,"interactionType":"ENTER_TEXT"}]}
RESULT: {"script":"<script> [776 bytes]","args":[{"enterText":"WdIOR2cEquipg4wzn","selector":{"id":"application-manageresources-display-component---newResourceUnit--SHORT_TEXT","interaction":{"idSuffix":"inner"}},"clearTextFirst":true,"interactionType":"ENTER_TEXT"}]}
COMMAND: POST /session/9a045c4a17e0def218bea7a69d7cd789/execute/async - {"script":"<script> [1562 bytes]","args":[{"selector":{"id":"application-manageresources-display-component---newResourceUnit--BASE_UNIT_OF_MEASURE","interaction":{"idSuffix":"inner"}},"wdio_ui5_key":"applicationmanageresources-display-component---newResourceUnit--BASE_UNIT_OF_MEASURE"}]}
RESULT: {"script":"<script> [1562 bytes]","args":[{"selector":{"id":"application-manageresources-display-component---newResourceUnit--BASE_UNIT_OF_MEASURE","interaction":{"idSuffix":"inner"}},"wdio_ui5_key":"applicationmanageresources-display-component---newResourceUnit--BASE_UNIT_OF_MEASURE"}]}
RESULT: undefined
COMMAND: POST /session/9a045c4a17e0def218bea7a69d7cd789/execute/async - {"script":"<script> [776 bytes]","args":[{"enterText":"Piece","selector":{"id":"application-manageresources-display-component---newResourceUnit--BASE_UNIT_OF_MEASURE","interaction":{"idSuffix":"inner"}},"clearTextFirst":true,"interactionType":"ENTER_TEXT"}]}
RESULT: {"script":"<script> [776 bytes]","args":[{"enterText":"Piece","selector":{"id":"application-manageresources-display-component---newResourceUnit--BASE_UNIT_OF_MEASURE","interaction":{"idSuffix":"inner"}},"clearTextFirst":true,"interactionType":"ENTER_TEXT"}]}
COMMAND: POST /session/9a045c4a17e0def218bea7a69d7cd789/execute/async - {"script":"<script> [1562 bytes]","args":[{"selector":{"id":"application-manageresources-display-component---newResourceUnit--WEIGHT_UNIT","interaction":{"idSuffix":"inner"}},"wdio_ui5_key":"applicationmanageresources-display-component---newResourceUnit--WEIGHT_UNIT"}]}
RESULT: {"script":"<script> [1562 bytes]","args":[{"selector":{"id":"application-manageresources-display-component---newResourceUnit--WEIGHT_UNIT","interaction":{"idSuffix":"inner"}},"wdio_ui5_key":"applicationmanageresources-display-component---newResourceUnit--WEIGHT_UNIT"}]}
RESULT: undefined
COMMAND: POST /session/9a045c4a17e0def218bea7a69d7cd789/execute/async - {"script":"<script> [776 bytes]","args":[{"enterText":"Gram","selector":{"id":"application-manageresources-display-component---newResourceUnit--WEIGHT_UNIT","interaction":{"idSuffix":"inner"}},"clearTextFirst":true,"interactionType":"ENTER_TEXT"}]}
RESULT: {"script":"<script> [776 bytes]","args":[{"enterText":"Gram","selector":{"id":"application-manageresources-display-component---newResourceUnit--WEIGHT_UNIT","interaction":{"idSuffix":"inner"}},"clearTextFirst":true,"interactionType":"ENTER_TEXT"}]}
COMMAND: POST /session/9a045c4a17e0def218bea7a69d7cd789/execute/async - {"script":"<script> [1562 bytes]","args":[{"selector":{"id":"application-manageresources-display-component---newResourceUnit--newRRUPage-OPHeaderContent-collapseBtn-img"},"wdio_ui5_key":"applicationmanageresources-display-component---newResourceUnit--newRRUPage-OPHeaderContent-collapseBtn-img"}]}
RESULT: {"script":"<script> [1562 bytes]","args":[{"selector":{"id":"application-manageresources-display-component---newResourceUnit--newRRUPage-OPHeaderContent-collapseBtn-img"},"wdio_ui5_key":"applicationmanageresources-display-component---newResourceUnit--newRRUPage-OPHeaderContent-collapseBtn-img"}]}
RESULT: undefined
COMMAND: POST /session/9a045c4a17e0def218bea7a69d7cd789/element - {"using":"xpath","value":"//*[@id=\"application-manageresources-display-component---newResourceUnit--newRRUPage-OPHeaderContent-collapseBtn-img\"]"}
RESULT: {"using":"xpath","value":"//*[@id=\"application-manageresources-display-component---newResourceUnit--newRRUPage-OPHeaderContent-collapseBtn-img\"]"}
COMMAND: POST /session/9a045c4a17e0def218bea7a69d7cd789/element/f.F2CC79D104176C4887E06893325B0B16.d.7CCD5BC31CA3816F5948EEF971F46E46.e.3770/click - {}
RESULT: {}
COMMAND: GET /session/9a045c4a17e0def218bea7a69d7cd789/screenshot - {}
RESULT: {}
COMMAND: POST /session/9a045c4a17e0def218bea7a69d7cd789/element - {"using":"xpath","value":"(//span[contains(@id ,\"application-manageresources-display-component---newResourceUnit--DIMENSION_UNIT-arrow\")])[1]"}
RESULT: {"using":"xpath","value":"(//span[contains(@id ,\"application-manageresources-display-component---newResourceUnit--DIMENSION_UNIT-arrow\")])[1]"}
COMMAND: POST /session/9a045c4a17e0def218bea7a69d7cd789/element/f.F2CC79D104176C4887E06893325B0B16.d.7CCD5BC31CA3816F5948EEF971F46E46.e.3895/click - {}
RESULT: {}
COMMAND: GET /session/9a045c4a17e0def218bea7a69d7cd789/screenshot - {}
RESULT: {}
COMMAND: POST /session/9a045c4a17e0def218bea7a69d7cd789/execute/async - {"script":"<script> [1562 bytes]","args":[{"selector":{"controlType":"sap.m.StandardListItem","viewName":"reusables.view.manageresources.NewResourceUnit","viewId":"application-manageresources-display-component---newResourceUnit","properties":{"title":"Centimeter"},"searchOpenDialogs":true,"interaction":{"idSuffix":"titleText"}},"wdio_ui5_key":"reusablesview.manageresources.NewResourceUnitsap.m.StandardListItem{\"title\":\"Centimeter\"}"}]}
RESULT: {"script":"<script> [1562 bytes]","args":[{"selector":{"controlType":"sap.m.StandardListItem","viewName":"reusables.view.manageresources.NewResourceUnit","viewId":"application-manageresources-display-component---newResourceUnit","properties":{"title":"Centimeter"},"searchOpenDialogs":true,"interaction":{"idSuffix":"titleText"}},"wdio_ui5_key":"reusablesview.manageresources.NewResourceUnitsap.m.StandardListItem{\"title\":\"Centimeter\"}"}]}
RESULT: undefined
COMMAND: POST /session/9a045c4a17e0def218bea7a69d7cd789/element - {"using":"xpath","value":"//*[@id=\"__item224\"]"}
RESULT: {"using":"xpath","value":"//*[@id=\"__item224\"]"}
COMMAND: POST /session/9a045c4a17e0def218bea7a69d7cd789/element/f.F2CC79D104176C4887E06893325B0B16.d.7CCD5BC31CA3816F5948EEF971F46E46.e.3897/click - {}
RESULT: {}
COMMAND: GET /session/9a045c4a17e0def218bea7a69d7cd789/screenshot - {}
RESULT: {}
COMMAND: POST /session/9a045c4a17e0def218bea7a69d7cd789/execute/async - {"script":"<script> [1562 bytes]","args":[{"selector":{"id":"application-manageresources-display-component---newResourceUnit--newRRUPage-anchBar-application-manageresources-display-component---newResourceUnit--control-anchor","interaction":{"idSuffix":"BDI-content"}},"wdio_ui5_key":"applicationmanageresources-display-component---newResourceUnit--newRRUPage-anchBar-application-manageresources-display-component---newResourceUnit--control-anchor"}]}
RESULT: {"script":"<script> [1562 bytes]","args":[{"selector":{"id":"application-manageresources-display-component---newResourceUnit--newRRUPage-anchBar-application-manageresources-display-component---newResourceUnit--control-anchor","interaction":{"idSuffix":"BDI-content"}},"wdio_ui5_key":"applicationmanageresources-display-component---newResourceUnit--newRRUPage-anchBar-application-manageresources-display-component---newResourceUnit--control-anchor"}]}
RESULT: undefined
COMMAND: POST /session/9a045c4a17e0def218bea7a69d7cd789/element - {"using":"xpath","value":"//*[@id=\"application-manageresources-display-component---newResourceUnit--newRRUPage-anchBar-application-manageresources-display-component---newResourceUnit--control-anchor\"]"}
RESULT: {"using":"xpath","value":"//*[@id=\"application-manageresources-display-component---newResourceUnit--newRRUPage-anchBar-application-manageresources-display-component---newResourceUnit--control-anchor\"]"}
COMMAND: POST /session/9a045c4a17e0def218bea7a69d7cd789/element/f.F2CC79D104176C4887E06893325B0B16.d.7CCD5BC31CA3816F5948EEF971F46E46.e.3899/click - {}
RESULT: {}
COMMAND: POST /session/9a045c4a17e0def218bea7a69d7cd789/execute/async - {"script":"<script> [1562 bytes]","args":[{"selector":{"id":"application-manageresources-display-component---newResourceUnit--PLANNING_GROUP","interaction":{"idSuffix":"inner"}},"wdio_ui5_key":"applicationmanageresources-display-component---newResourceUnit--PLANNING_GROUP"}]}
COMMAND: GET /session/9a045c4a17e0def218bea7a69d7cd789/screenshot - {}
RESULT: {"script":"<script> [1562 bytes]","args":[{"selector":{"id":"application-manageresources-display-component---newResourceUnit--PLANNING_GROUP","interaction":{"idSuffix":"inner"}},"wdio_ui5_key":"applicationmanageresources-display-component---newResourceUnit--PLANNING_GROUP"}]}
RESULT: undefined
COMMAND: POST /session/9a045c4a17e0def218bea7a69d7cd789/execute/async - {"script":"<script> [776 bytes]","args":[{"enterText":"Heavy Equi","selector":{"id":"application-manageresources-display-component---newResourceUnit--PLANNING_GROUP","interaction":{"idSuffix":"inner"}},"clearTextFirst":true,"interactionType":"ENTER_TEXT"}]}
RESULT: {}
RESULT: {"script":"<script> [776 bytes]","args":[{"enterText":"Heavy Equi","selector":{"id":"application-manageresources-display-component---newResourceUnit--PLANNING_GROUP","interaction":{"idSuffix":"inner"}},"clearTextFirst":true,"interactionType":"ENTER_TEXT"}]}
COMMAND: POST /session/9a045c4a17e0def218bea7a69d7cd789/execute/async - {"script":"<script> [1562 bytes]","args":[{"selector":{"id":"application-manageresources-display-component---newResourceUnit--ITEM_TYPE-arrow"},"wdio_ui5_key":"applicationmanageresources-display-component---newResourceUnit--ITEM_TYPE-arrow"}]}
RESULT: {"script":"<script> [1562 bytes]","args":[{"selector":{"id":"application-manageresources-display-component---newResourceUnit--ITEM_TYPE-arrow"},"wdio_ui5_key":"applicationmanageresources-display-component---newResourceUnit--ITEM_TYPE-arrow"}]}
RESULT: undefined
COMMAND: POST /session/9a045c4a17e0def218bea7a69d7cd789/element - {"using":"xpath","value":"//*[@id=\"application-manageresources-display-component---newResourceUnit--ITEM_TYPE-arrow\"]"}
RESULT: {"using":"xpath","value":"//*[@id=\"application-manageresources-display-component---newResourceUnit--ITEM_TYPE-arrow\"]"}
COMMAND: POST /session/9a045c4a17e0def218bea7a69d7cd789/element/f.F2CC79D104176C4887E06893325B0B16.d.7CCD5BC31CA3816F5948EEF971F46E46.e.3906/click - {}
RESULT: {}
COMMAND: POST /session/9a045c4a17e0def218bea7a69d7cd789/execute/async - {"script":"<script> [1562 bytes]","args":[{"selector":{"controlType":"sap.m.StandardListItem","viewName":"reusables.view.manageresources.NewResourceUnit","viewId":"application-manageresources-display-component---newResourceUnit","properties":{"title":"Resource Unit"},"searchOpenDialogs":true,"interaction":{"idSuffix":"titleText"}},"wdio_ui5_key":"reusablesview.manageresources.NewResourceUnitsap.m.StandardListItem{\"title\":\"Resource Unit\"}"}]}
COMMAND: GET /session/9a045c4a17e0def218bea7a69d7cd789/screenshot - {}
RESULT: {"script":"<script> [1562 bytes]","args":[{"selector":{"controlType":"sap.m.StandardListItem","viewName":"reusables.view.manageresources.NewResourceUnit","viewId":"application-manageresources-display-component---newResourceUnit","properties":{"title":"Resource Unit"},"searchOpenDialogs":true,"interaction":{"idSuffix":"titleText"}},"wdio_ui5_key":"reusablesview.manageresources.NewResourceUnitsap.m.StandardListItem{\"title\":\"Resource Unit\"}"}]}
RESULT: undefined
COMMAND: POST /session/9a045c4a17e0def218bea7a69d7cd789/element - {"using":"xpath","value":"//*[@id=\"__item246\"]"}
RESULT: {}
RESULT: {"using":"xpath","value":"//*[@id=\"__item246\"]"}
COMMAND: POST /session/9a045c4a17e0def218bea7a69d7cd789/element/f.F2CC79D104176C4887E06893325B0B16.d.7CCD5BC31CA3816F5948EEF971F46E46.e.3908/click - {}
RESULT: {}
COMMAND: POST /session/9a045c4a17e0def218bea7a69d7cd789/element - {"using":"xpath","value":"//bdi[contains(text(), \"Time Segment\")]"}
COMMAND: GET /session/9a045c4a17e0def218bea7a69d7cd789/screenshot - {}
RESULT: {"using":"xpath","value":"//bdi[contains(text(), \"Time Segment\")]"}
COMMAND: GET /session/9a045c4a17e0def218bea7a69d7cd789/element/f.F2CC79D104176C4887E06893325B0B16.d.7CCD5BC31CA3816F5948EEF971F46E46.e.3909/rect - {}
RESULT: {}
RESULT: {}
COMMAND: GET /session/9a045c4a17e0def218bea7a69d7cd789/window/rect - {}
RESULT: {}
COMMAND: POST /session/9a045c4a17e0def218bea7a69d7cd789/execute/sync - {"script":"<script> [92 bytes]","args":[]}
RESULT: {"script":"<script> [92 bytes]","args":[]}
COMMAND: POST /session/9a045c4a17e0def218bea7a69d7cd789/actions - {"actions":[{"id":"action7","type":"wheel","parameters":{},"actions":[{"type":"scroll","x":-1820,"y":-21,"deltaX":0,"deltaY":0,"duration":0,"origin":{"element-6066-11e4-a52e-4f735466cecf":"f.F2CC79D104176C4887E06893325B0B16.d.7CCD5BC31CA3816F5948EEF971F46E46.e.3909"}}]}]}
COMMAND: GET /session/9a045c4a17e0def218bea7a69d7cd789/screenshot - {}
RESULT: {}
COMMAND: POST /session/9a045c4a17e0def218bea7a69d7cd789/execute/sync - {"script":"<script> [79 bytes]","args":[{"element-6066-11e4-a52e-4f735466cecf":"f.F2CC79D104176C4887E06893325B0B16.d.7CCD5BC31CA3816F5948EEF971F46E46.e.3909","ELEMENT":"f.F2CC79D104176C4887E06893325B0B16.d.7CCD5BC31CA3816F5948EEF971F46E46.e.3909"},{"block":"start","inline":"nearest"}]}
RESULT: {"script":"<script> [79 bytes]","args":[{"element-6066-11e4-a52e-4f735466cecf":"f.F2CC79D104176C4887E06893325B0B16.d.7CCD5BC31CA3816F5948EEF971F46E46.e.3909","ELEMENT":"f.F2CC79D104176C4887E06893325B0B16.d.7CCD5BC31CA3816F5948EEF971F46E46.e.3909"},{"block":"start","inline":"nearest"}]}
COMMAND: POST /session/9a045c4a17e0def218bea7a69d7cd789/execute/async - {"script":"<script> [1562 bytes]","args":[{"selector":{"id":"application-manageresources-display-component---newResourceUnit--btnAddTimeSegment-img"},"wdio_ui5_key":"applicationmanageresources-display-component---newResourceUnit--btnAddTimeSegment-img"}]}
COMMAND: GET /session/9a045c4a17e0def218bea7a69d7cd789/screenshot - {}
RESULT: {"script":"<script> [1562 bytes]","args":[{"selector":{"id":"application-manageresources-display-component---newResourceUnit--btnAddTimeSegment-img"},"wdio_ui5_key":"applicationmanageresources-display-component---newResourceUnit--btnAddTimeSegment-img"}]}
RESULT: undefined
COMMAND: POST /session/9a045c4a17e0def218bea7a69d7cd789/element - {"using":"xpath","value":"//*[@id=\"application-manageresources-display-component---newResourceUnit--btnAddTimeSegment-img\"]"}
RESULT: {}
RESULT: {"using":"xpath","value":"//*[@id=\"application-manageresources-display-component---newResourceUnit--btnAddTimeSegment-img\"]"}
COMMAND: POST /session/9a045c4a17e0def218bea7a69d7cd789/element/f.F2CC79D104176C4887E06893325B0B16.d.7CCD5BC31CA3816F5948EEF971F46E46.e.3910/click - {}
RESULT: {}
COMMAND: GET /session/9a045c4a17e0def218bea7a69d7cd789/screenshot - {}
RESULT: {}
COMMAND: POST /session/9a045c4a17e0def218bea7a69d7cd789/element - {"using":"xpath","value":"//input[@id=\"application-manageresources-display-component---newResourceUnit--idRuTSAdmin-application-manageresources-display-component---newResourceUnit--RUTimeSegment-0-inner\"]"}
RESULT: {"using":"xpath","value":"//input[@id=\"application-manageresources-display-component---newResourceUnit--idRuTSAdmin-application-manageresources-display-component---newResourceUnit--RUTimeSegment-0-inner\"]"}
COMMAND: POST /session/9a045c4a17e0def218bea7a69d7cd789/element/f.F2CC79D104176C4887E06893325B0B16.d.7CCD5BC31CA3816F5948EEF971F46E46.e.3916/clear - {}
RESULT: {}
COMMAND: POST /session/9a045c4a17e0def218bea7a69d7cd789/element/f.F2CC79D104176C4887E06893325B0B16.d.7CCD5BC31CA3816F5948EEF971F46E46.e.3916/value - {"text":"WebdriverYardlcmp4f"}
COMMAND: GET /session/9a045c4a17e0def218bea7a69d7cd789/screenshot - {}
RESULT: {"text":"WebdriverYardlcmp4f"}
COMMAND: GET /session/9a045c4a17e0def218bea7a69d7cd789/screenshot - {}
RESULT: {}
RESULT: {}
COMMAND: POST /session/9a045c4a17e0def218bea7a69d7cd789/actions - {"actions":[{"id":"action8","type":"key","parameters":{},"actions":[{"type":"keyDown","value":"î€‡"},{"type":"pause","duration":10},{"type":"keyUp","value":"î€‡"}]}]}
RESULT: {"actions":[{"id":"action8","type":"key","parameters":{},"actions":[{"type":"keyDown","value":"î€‡"},{"type":"pause","duration":10},{"type":"keyUp","value":"î€‡"}]}]}
COMMAND: POST /session/9a045c4a17e0def218bea7a69d7cd789/execute/async - {"script":"<script> [1562 bytes]","args":[{"selector":{"controlType":"sap.ui.core.Icon","viewName":"reusables.view.manageresources.NewResourceUnit","viewId":"application-manageresources-display-component---newResourceUnit","properties":{"src":{"regex":{"source":"slim\\-arrow\\-down"}}},"ancestor":{"controlType":"sap.m.ComboBox","viewName":"reusables.view.manageresources.NewResourceUnit","viewId":"application-manageresources-display-component---newResourceUnit","bindingPath":{"path":"/RESOURCE_UNIT_TIME_SEQUENCES/0","propertyPath":"COST_OBJECT_ADMIN_CST_TYPE","modelName":"oNewRruModel"}}},"wdio_ui5_key":"reusablesview.manageresources.NewResourceUnitsap.ui.core.Icon{\"src\":{\"regex\":{\"source\":\"slim\\\\-arrow\\\\-down\"}}}{\"controlType\":\"sap.m.ComboBox\",\"viewName\":\"reusables.view.manageresources.NewResourceUnit\",\"viewId\":\"application-manageresources-display-component---newResourceUnit\",\"bindingPath\":{\"path\":\"/RESOURCE_UNIT_TIME_SEQUENCES/0\",\"propertyPath\":\"COST_OBJECT_ADMIN_CST_TYPE\",\"modelName\":\"oNewRruModel\"}}"}]}
COMMAND: GET /session/9a045c4a17e0def218bea7a69d7cd789/screenshot - {}
RESULT: {"script":"<script> [1562 bytes]","args":[{"selector":{"controlType":"sap.ui.core.Icon","viewName":"reusables.view.manageresources.NewResourceUnit","viewId":"application-manageresources-display-component---newResourceUnit","properties":{"src":{"regex":{"source":"slim\\-arrow\\-down"}}},"ancestor":{"controlType":"sap.m.ComboBox","viewName":"reusables.view.manageresources.NewResourceUnit","viewId":"application-manageresources-display-component---newResourceUnit","bindingPath":{"path":"/RESOURCE_UNIT_TIME_SEQUENCES/0","propertyPath":"COST_OBJECT_ADMIN_CST_TYPE","modelName":"oNewRruModel"}}},"wdio_ui5_key":"reusablesview.manageresources.NewResourceUnitsap.ui.core.Icon{\"src\":{\"regex\":{\"source\":\"slim\\\\-arrow\\\\-down\"}}}{\"controlType\":\"sap.m.ComboBox\",\"viewName\":\"reusables.view.manageresources.NewResourceUnit\",\"viewId\":\"application-manageresources-display-component---newResourceUnit\",\"bindingPath\":{\"path\":\"/RESOURCE_UNIT_TIME_SEQUENCES/0\",\"propertyPath\":\"COST_OBJECT_ADMIN_CST_TYPE\",\"modelName\":\"oNewRruModel\"}}"}]}
RESULT: undefined
COMMAND: POST /session/9a045c4a17e0def218bea7a69d7cd789/element - {"using":"xpath","value":"//*[@id=\"__box7-application-manageresources-display-component---newResourceUnit--RUTimeSegment-0-arrow\"]"}
RESULT: {}
RESULT: {"using":"xpath","value":"//*[@id=\"__box7-application-manageresources-display-component---newResourceUnit--RUTimeSegment-0-arrow\"]"}
COMMAND: POST /session/9a045c4a17e0def218bea7a69d7cd789/element/f.F2CC79D104176C4887E06893325B0B16.d.7CCD5BC31CA3816F5948EEF971F46E46.e.3928/click - {}
RESULT: {}
COMMAND: POST /session/9a045c4a17e0def218bea7a69d7cd789/execute/async - {"script":"<script> [1562 bytes]","args":[{"selector":{"controlType":"sap.m.StandardListItem","viewName":"reusables.view.manageresources.NewResourceUnit","viewId":"application-manageresources-display-component---newResourceUnit","properties":{"title":"PM Order"},"searchOpenDialogs":true,"interaction":{"idSuffix":"titleText"}},"wdio_ui5_key":"reusablesview.manageresources.NewResourceUnitsap.m.StandardListItem{\"title\":\"PM Order\"}"}]}
COMMAND: GET /session/9a045c4a17e0def218bea7a69d7cd789/screenshot - {}
RESULT: {"script":"<script> [1562 bytes]","args":[{"selector":{"controlType":"sap.m.StandardListItem","viewName":"reusables.view.manageresources.NewResourceUnit","viewId":"application-manageresources-display-component---newResourceUnit","properties":{"title":"PM Order"},"searchOpenDialogs":true,"interaction":{"idSuffix":"titleText"}},"wdio_ui5_key":"reusablesview.manageresources.NewResourceUnitsap.m.StandardListItem{\"title\":\"PM Order\"}"}]}
RESULT: undefined
COMMAND: POST /session/9a045c4a17e0def218bea7a69d7cd789/element - {"using":"xpath","value":"//*[@id=\"__item637\"]"}
RESULT: {}
RESULT: {"using":"xpath","value":"//*[@id=\"__item637\"]"}
COMMAND: POST /session/9a045c4a17e0def218bea7a69d7cd789/element/f.F2CC79D104176C4887E06893325B0B16.d.7CCD5BC31CA3816F5948EEF971F46E46.e.3932/click - {}
RESULT: {}
COMMAND: GET /session/9a045c4a17e0def218bea7a69d7cd789/screenshot - {}
RESULT: {}
COMMAND: POST /session/9a045c4a17e0def218bea7a69d7cd789/element - {"using":"xpath","value":"(//input[contains(@id ,\"-application-manageresources-display-component---newResourceUnit--RUTimeSegment-0-inner\")])[8]"}
RESULT: {"using":"xpath","value":"(//input[contains(@id ,\"-application-manageresources-display-component---newResourceUnit--RUTimeSegment-0-inner\")])[8]"}
COMMAND: POST /session/9a045c4a17e0def218bea7a69d7cd789/element/f.F2CC79D104176C4887E06893325B0B16.d.7CCD5BC31CA3816F5948EEF971F46E46.e.3935/clear - {}
RESULT: {}
COMMAND: POST /session/9a045c4a17e0def218bea7a69d7cd789/element/f.F2CC79D104176C4887E06893325B0B16.d.7CCD5BC31CA3816F5948EEF971F46E46.e.3935/value - {"text":"4000360"}
COMMAND: GET /session/9a045c4a17e0def218bea7a69d7cd789/screenshot - {}
RESULT: {"text":"4000360"}
COMMAND: GET /session/9a045c4a17e0def218bea7a69d7cd789/screenshot - {}
RESULT: {}
RESULT: {}
COMMAND: POST /session/9a045c4a17e0def218bea7a69d7cd789/actions - {"actions":[{"id":"action9","type":"key","parameters":{},"actions":[{"type":"keyDown","value":"î€‡"},{"type":"pause","duration":10},{"type":"keyUp","value":"î€‡"}]}]}
RESULT: {"actions":[{"id":"action9","type":"key","parameters":{},"actions":[{"type":"keyDown","value":"î€‡"},{"type":"pause","duration":10},{"type":"keyUp","value":"î€‡"}]}]}
COMMAND: GET /session/9a045c4a17e0def218bea7a69d7cd789/screenshot - {}
RESULT: {}
COMMAND: POST /session/9a045c4a17e0def218bea7a69d7cd789/element - {"using":"xpath","value":"//input[contains(@id ,\"application-manageresources-display-component---newResourceUnit--newTimeSegmentFromDatePicker-application-manageresources-display-component---newResourceUnit--RUTimeSegment-0-inner\")]"}
RESULT: {"using":"xpath","value":"//input[contains(@id ,\"application-manageresources-display-component---newResourceUnit--newTimeSegmentFromDatePicker-application-manageresources-display-component---newResourceUnit--RUTimeSegment-0-inner\")]"}
COMMAND: POST /session/9a045c4a17e0def218bea7a69d7cd789/element/f.F2CC79D104176C4887E06893325B0B16.d.7CCD5BC31CA3816F5948EEF971F46E46.e.3923/clear - {}
RESULT: {}
COMMAND: POST /session/9a045c4a17e0def218bea7a69d7cd789/element/f.F2CC79D104176C4887E06893325B0B16.d.7CCD5BC31CA3816F5948EEF971F46E46.e.3923/clear - {}
COMMAND: GET /session/9a045c4a17e0def218bea7a69d7cd789/screenshot - {}
RESULT: {}
COMMAND: POST /session/9a045c4a17e0def218bea7a69d7cd789/element/f.F2CC79D104176C4887E06893325B0B16.d.7CCD5BC31CA3816F5948EEF971F46E46.e.3923/value - {"text":"06/01/24"}
COMMAND: GET /session/9a045c4a17e0def218bea7a69d7cd789/screenshot - {}
RESULT: {}
RESULT: {"text":"06/01/24"}
COMMAND: POST /session/9a045c4a17e0def218bea7a69d7cd789/execute/async - {"script":"<script> [1562 bytes]","args":[{"selector":{"id":"application-manageresources-display-component---newResourceUnit--newRRUPage-anchBar-application-manageresources-display-component---newResourceUnit--resource-anchor","interaction":{"idSuffix":"BDI-content"}},"wdio_ui5_key":"applicationmanageresources-display-component---newResourceUnit--newRRUPage-anchBar-application-manageresources-display-component---newResourceUnit--resource-anchor"}]}
COMMAND: GET /session/9a045c4a17e0def218bea7a69d7cd789/screenshot - {}
RESULT: {}
RESULT: {"script":"<script> [1562 bytes]","args":[{"selector":{"id":"application-manageresources-display-component---newResourceUnit--newRRUPage-anchBar-application-manageresources-display-component---newResourceUnit--resource-anchor","interaction":{"idSuffix":"BDI-content"}},"wdio_ui5_key":"applicationmanageresources-display-component---newResourceUnit--newRRUPage-anchBar-application-manageresources-display-component---newResourceUnit--resource-anchor"}]}
RESULT: undefined
COMMAND: POST /session/9a045c4a17e0def218bea7a69d7cd789/element - {"using":"xpath","value":"//*[@id=\"application-manageresources-display-component---newResourceUnit--newRRUPage-anchBar-application-manageresources-display-component---newResourceUnit--resource-anchor\"]"}
RESULT: {}
RESULT: {"using":"xpath","value":"//*[@id=\"application-manageresources-display-component---newResourceUnit--newRRUPage-anchBar-application-manageresources-display-component---newResourceUnit--resource-anchor\"]"}
COMMAND: POST /session/9a045c4a17e0def218bea7a69d7cd789/element/f.F2CC79D104176C4887E06893325B0B16.d.7CCD5BC31CA3816F5948EEF971F46E46.e.3944/click - {}
RESULT: {}
COMMAND: POST /session/9a045c4a17e0def218bea7a69d7cd789/execute/async - {"script":"<script> [1562 bytes]","args":[{"selector":{"id":"application-manageresources-display-component---newResourceUnit--PLANNED_DELIVERY_DATE","interaction":{"idSuffix":"inner"}},"wdio_ui5_key":"applicationmanageresources-display-component---newResourceUnit--PLANNED_DELIVERY_DATE"}]}
COMMAND: GET /session/9a045c4a17e0def218bea7a69d7cd789/screenshot - {}
RESULT: {"script":"<script> [1562 bytes]","args":[{"selector":{"id":"application-manageresources-display-component---newResourceUnit--PLANNED_DELIVERY_DATE","interaction":{"idSuffix":"inner"}},"wdio_ui5_key":"applicationmanageresources-display-component---newResourceUnit--PLANNED_DELIVERY_DATE"}]}
RESULT: undefined
COMMAND: POST /session/9a045c4a17e0def218bea7a69d7cd789/execute/async - {"script":"<script> [6424 bytes]","args":[{"element-6066-11e4-a52e-4f735466cecf":"f.F2CC79D104176C4887E06893325B0B16.d.7CCD5BC31CA3816F5948EEF971F46E46.e.3816"},"setValue",["06/01/24"]]}
RESULT: {}
RESULT: {"script":"<script> [6424 bytes]","args":[{"element-6066-11e4-a52e-4f735466cecf":"f.F2CC79D104176C4887E06893325B0B16.d.7CCD5BC31CA3816F5948EEF971F46E46.e.3816"},"setValue",["06/01/24"]]}
COMMAND: POST /session/9a045c4a17e0def218bea7a69d7cd789/execute/async - {"script":"<script> [1562 bytes]","args":[{"selector":{"id":"application-manageresources-display-component---newResourceUnit--RETIRE_PLANNED_DATE","interaction":{"idSuffix":"inner"}},"wdio_ui5_key":"applicationmanageresources-display-component---newResourceUnit--RETIRE_PLANNED_DATE"}]}
RESULT: {"script":"<script> [1562 bytes]","args":[{"selector":{"id":"application-manageresources-display-component---newResourceUnit--RETIRE_PLANNED_DATE","interaction":{"idSuffix":"inner"}},"wdio_ui5_key":"applicationmanageresources-display-component---newResourceUnit--RETIRE_PLANNED_DATE"}]}
RESULT: undefined
COMMAND: POST /session/9a045c4a17e0def218bea7a69d7cd789/execute/async - {"script":"<script> [776 bytes]","args":[{"enterText":"3/14/29","selector":{"id":"application-manageresources-display-component---newResourceUnit--RETIRE_PLANNED_DATE","interaction":{"idSuffix":"inner"}},"clearTextFirst":true,"interactionType":"ENTER_TEXT"}]}
RESULT: {"script":"<script> [776 bytes]","args":[{"enterText":"3/14/29","selector":{"id":"application-manageresources-display-component---newResourceUnit--RETIRE_PLANNED_DATE","interaction":{"idSuffix":"inner"}},"clearTextFirst":true,"interactionType":"ENTER_TEXT"}]}
COMMAND: POST /session/9a045c4a17e0def218bea7a69d7cd789/execute/async - {"script":"<script> [1562 bytes]","args":[{"selector":{"controlType":"sap.m.Button","viewName":"reusables.view.manageresources.NewResourceUnit","viewId":"application-manageresources-display-component---newResourceUnit","i18NText":{"propertyName":"tooltip","key":"save"},"interaction":{"idSuffix":"BDI-content"}},"wdio_ui5_key":"reusablesview.manageresources.NewResourceUnitsap.m.Button{\"propertyName\":\"tooltip\",\"key\":\"save\"}"}]}
RESULT: {"script":"<script> [1562 bytes]","args":[{"selector":{"controlType":"sap.m.Button","viewName":"reusables.view.manageresources.NewResourceUnit","viewId":"application-manageresources-display-component---newResourceUnit","i18NText":{"propertyName":"tooltip","key":"save"},"interaction":{"idSuffix":"BDI-content"}},"wdio_ui5_key":"reusablesview.manageresources.NewResourceUnitsap.m.Button{\"propertyName\":\"tooltip\",\"key\":\"save\"}"}]}
RESULT: undefined
COMMAND: POST /session/9a045c4a17e0def218bea7a69d7cd789/element - {"using":"xpath","value":"//*[@id=\"application-manageresources-display-component---newResourceUnit--createRuButton\"]"}
RESULT: {"using":"xpath","value":"//*[@id=\"application-manageresources-display-component---newResourceUnit--createRuButton\"]"}
COMMAND: POST /session/9a045c4a17e0def218bea7a69d7cd789/element/f.F2CC79D104176C4887E06893325B0B16.d.7CCD5BC31CA3816F5948EEF971F46E46.e.3776/click - {}
RESULT: {}
COMMAND: GET /session/9a045c4a17e0def218bea7a69d7cd789/screenshot - {}
RESULT: {}
COMMAND: POST /session/9a045c4a17e0def218bea7a69d7cd789/execute/async - {"script":"<script> [1562 bytes]","args":[{"selector":{"controlType":"sap.m.Button","properties":{"text":"Close"},"searchOpenDialogs":true,"interaction":{"idSuffix":"inner"}},"wdio_ui5_key":"sapm.Button{\"text\":\"Close\"}"}]}
RESULT: {"script":"<script> [1562 bytes]","args":[{"selector":{"controlType":"sap.m.Button","properties":{"text":"Close"},"searchOpenDialogs":true,"interaction":{"idSuffix":"inner"}},"wdio_ui5_key":"sapm.Button{\"text\":\"Close\"}"}]}
RESULT: undefined
COMMAND: POST /session/9a045c4a17e0def218bea7a69d7cd789/element - {"using":"xpath","value":"//*[@id=\"__mbox-btn-0\"]"}
RESULT: {"using":"xpath","value":"//*[@id=\"__mbox-btn-0\"]"}
COMMAND: POST /session/9a045c4a17e0def218bea7a69d7cd789/element/f.F2CC79D104176C4887E06893325B0B16.d.7CCD5BC31CA3816F5948EEF971F46E46.e.3952/click - {}
RESULT: {}
COMMAND: GET /session/9a045c4a17e0def218bea7a69d7cd789/screenshot - {}
COMMAND: POST /session/9a045c4a17e0def218bea7a69d7cd789/execute/async - {"script":"<script> [1562 bytes]","args":[{"selector":{"controlType":"sap.m.Text","viewName":"etm.portal.ui.manageresources.view.Detail","viewId":"application-manageresources-display-component---detailRU","bindingPath":{"propertyPath":"ID","modelName":"catalogModel"}},"wdio_ui5_key":"etmportal.ui.manageresources.view.Detailsap.m.Text{\"propertyPath\":\"ID\",\"modelName\":\"catalogModel\"}"}]}
RESULT: {}
RESULT: {"script":"<script> [1562 bytes]","args":[{"selector":{"controlType":"sap.m.Text","viewName":"etm.portal.ui.manageresources.view.Detail","viewId":"application-manageresources-display-component---detailRU","bindingPath":{"propertyPath":"ID","modelName":"catalogModel"}},"wdio_ui5_key":"etmportal.ui.manageresources.view.Detailsap.m.Text{\"propertyPath\":\"ID\",\"modelName\":\"catalogModel\"}"}]}
RESULT: undefined
COMMAND: POST /session/9a045c4a17e0def218bea7a69d7cd789/execute/async - {"script":"<script> [6424 bytes]","args":[{"element-6066-11e4-a52e-4f735466cecf":"f.F2CC79D104176C4887E06893325B0B16.d.7CCD5BC31CA3816F5948EEF971F46E46.e.3986"},"getText",[]]}
RESULT: {"script":"<script> [6424 bytes]","args":[{"element-6066-11e4-a52e-4f735466cecf":"f.F2CC79D104176C4887E06893325B0B16.d.7CCD5BC31CA3816F5948EEF971F46E46.e.3986"},"getText",[]]}
COMMAND: POST /session/9a045c4a17e0def218bea7a69d7cd789/element - {"using":"css selector","value":"#shell-header-logo"}
RESULT: {"using":"css selector","value":"#shell-header-logo"}
COMMAND: POST /session/9a045c4a17e0def218bea7a69d7cd789/element/f.F2CC79D104176C4887E06893325B0B16.d.7CCD5BC31CA3816F5948EEF971F46E46.e.3380/click - {}
RESULT: {}
COMMAND: GET /session/9a045c4a17e0def218bea7a69d7cd789/screenshot - {}
RESULT: {}
COMMAND: POST /session/9a045c4a17e0def218bea7a69d7cd789/execute/async - {"script":"<script> [1562 bytes]","args":[{"selector":{"controlType":"sap.m.GenericTile","properties":{"header":"Manage Catalogs"}},"wdio_ui5_key":"sapm.GenericTile{\"header\":\"Manage Catalogs\"}"}]}
RESULT: {"script":"<script> [1562 bytes]","args":[{"selector":{"controlType":"sap.m.GenericTile","properties":{"header":"Manage Catalogs"}},"wdio_ui5_key":"sapm.GenericTile{\"header\":\"Manage Catalogs\"}"}]}
RESULT: undefined
COMMAND: POST /session/9a045c4a17e0def218bea7a69d7cd789/element - {"using":"xpath","value":"//*[@id=\"__tile37\"]"}
RESULT: {"using":"xpath","value":"//*[@id=\"__tile37\"]"}
COMMAND: POST /session/9a045c4a17e0def218bea7a69d7cd789/element/f.F2CC79D104176C4887E06893325B0B16.d.7CCD5BC31CA3816F5948EEF971F46E46.e.3988/click - {}
RESULT: {}
COMMAND: GET /session/9a045c4a17e0def218bea7a69d7cd789/screenshot - {}
RESULT: {}
COMMAND: POST /session/9a045c4a17e0def218bea7a69d7cd789/execute/async - {"script":"<script> [1562 bytes]","args":[{"selector":{"controlType":"sap.m.Text","viewName":"etm.portal.ui.managecatalogs.view.MasterCatalogs","viewId":"application-managecatalogs-display-component---masterCatalogs","bindingPath":{"path":"/Catalogs('0D7502D073D53A0F1700BE067B89AFF9')","propertyPath":"DESCRIPTION","modelName":"catalogModel"}},"wdio_ui5_key":"etmportal.ui.managecatalogs.view.MasterCatalogssap.m.Text{\"path\":\"/Catalogs('0D7502D073D53A0F1700BE067B89AFF9')\",\"propertyPath\":\"DESCRIPTION\",\"modelName\":\"catalogModel\"}"}]}
RESULT: {"script":"<script> [1562 bytes]","args":[{"selector":{"controlType":"sap.m.Text","viewName":"etm.portal.ui.managecatalogs.view.MasterCatalogs","viewId":"application-managecatalogs-display-component---masterCatalogs","bindingPath":{"path":"/Catalogs('0D7502D073D53A0F1700BE067B89AFF9')","propertyPath":"DESCRIPTION","modelName":"catalogModel"}},"wdio_ui5_key":"etmportal.ui.managecatalogs.view.MasterCatalogssap.m.Text{\"path\":\"/Catalogs('0D7502D073D53A0F1700BE067B89AFF9')\",\"propertyPath\":\"DESCRIPTION\",\"modelName\":\"catalogModel\"}"}]}
RESULT: undefined
COMMAND: POST /session/9a045c4a17e0def218bea7a69d7cd789/element - {"using":"xpath","value":"//*[@id=\"__text939-application-managecatalogs-display-component---masterCatalogs--CatalogsTable-11\"]"}
RESULT: {"using":"xpath","value":"//*[@id=\"__text939-application-managecatalogs-display-component---masterCatalogs--CatalogsTable-11\"]"}
COMMAND: POST /session/9a045c4a17e0def218bea7a69d7cd789/element/f.F2CC79D104176C4887E06893325B0B16.d.7CCD5BC31CA3816F5948EEF971F46E46.e.4058/click - {}
RESULT: {}
COMMAND: POST /session/9a045c4a17e0def218bea7a69d7cd789/execute/async - {"script":"<script> [1562 bytes]","args":[{"selector":{"controlType":"sap.ui.layout.HorizontalLayout","viewName":"etm.portal.ui.managecatalogs.view.MasterItems","viewId":"application-managecatalogs-display-component---masterCatalogItems","ancestor":{"id":"application-managecatalogs-display-component---masterCatalogItems--idCatalogItemsTree-rows-row0"}},"wdio_ui5_key":"etmportal.ui.managecatalogs.view.MasterItemssap.ui.layout.HorizontalLayout{\"id\":\"application-managecatalogs-display-component---masterCatalogItems--idCatalogItemsTree-rows-row0\"}"}]}
COMMAND: GET /session/9a045c4a17e0def218bea7a69d7cd789/screenshot - {}
RESULT: {"script":"<script> [1562 bytes]","args":[{"selector":{"controlType":"sap.ui.layout.HorizontalLayout","viewName":"etm.portal.ui.managecatalogs.view.MasterItems","viewId":"application-managecatalogs-display-component---masterCatalogItems","ancestor":{"id":"application-managecatalogs-display-component---masterCatalogItems--idCatalogItemsTree-rows-row0"}},"wdio_ui5_key":"etmportal.ui.managecatalogs.view.MasterItemssap.ui.layout.HorizontalLayout{\"id\":\"application-managecatalogs-display-component---masterCatalogItems--idCatalogItemsTree-rows-row0\"}"}]}
RESULT: undefined
COMMAND: POST /session/9a045c4a17e0def218bea7a69d7cd789/element - {"using":"xpath","value":"//*[@id=\"__layout280-__clone1813\"]"}
RESULT: {}
RESULT: {"using":"xpath","value":"//*[@id=\"__layout280-__clone1813\"]"}
COMMAND: POST /session/9a045c4a17e0def218bea7a69d7cd789/element/f.F2CC79D104176C4887E06893325B0B16.d.7CCD5BC31CA3816F5948EEF971F46E46.e.4094/click - {}
RESULT: {}
COMMAND: GET /session/9a045c4a17e0def218bea7a69d7cd789/screenshot - {}
RESULT: {}
COMMAND: POST /session/9a045c4a17e0def218bea7a69d7cd789/execute/async - {"script":"<script> [1562 bytes]","args":[{"selector":{"controlType":"sap.m.Button","viewName":"etm.portal.ui.managecatalogs.view.Detail","viewId":"application-managecatalogs-display-component---detailCatalog","i18NText":{"propertyName":"text","key":"edit"},"interaction":{"idSuffix":"BDI-content"}},"wdio_ui5_key":"etmportal.ui.managecatalogs.view.Detailsap.m.Button{\"propertyName\":\"text\",\"key\":\"edit\"}"}]}
RESULT: {"script":"<script> [1562 bytes]","args":[{"selector":{"controlType":"sap.m.Button","viewName":"etm.portal.ui.managecatalogs.view.Detail","viewId":"application-managecatalogs-display-component---detailCatalog","i18NText":{"propertyName":"text","key":"edit"},"interaction":{"idSuffix":"BDI-content"}},"wdio_ui5_key":"etmportal.ui.managecatalogs.view.Detailsap.m.Button{\"propertyName\":\"text\",\"key\":\"edit\"}"}]}
RESULT: undefined
COMMAND: POST /session/9a045c4a17e0def218bea7a69d7cd789/element - {"using":"xpath","value":"//*[@id=\"__button122\"]"}
RESULT: {"using":"xpath","value":"//*[@id=\"__button122\"]"}
COMMAND: POST /session/9a045c4a17e0def218bea7a69d7cd789/element/f.F2CC79D104176C4887E06893325B0B16.d.7CCD5BC31CA3816F5948EEF971F46E46.e.4207/click - {}
RESULT: {}
COMMAND: GET /session/9a045c4a17e0def218bea7a69d7cd789/screenshot - {}
RESULT: {}
COMMAND: POST /session/9a045c4a17e0def218bea7a69d7cd789/element - {"using":"xpath","value":"//bdi[contains(text(), \"Unlock\")]"}
RESULT: {"using":"xpath","value":"//bdi[contains(text(), \"Unlock\")]"}
COMMAND: POST /session/9a045c4a17e0def218bea7a69d7cd789/elements - {"using":"xpath","value":"//bdi[contains(text(), \"Unlock\")]"}
RESULT: {"using":"xpath","value":"//bdi[contains(text(), \"Unlock\")]"}
COMMAND: POST /session/9a045c4a17e0def218bea7a69d7cd789/execute/async - {"script":"<script> [1562 bytes]","args":[{"selector":{"controlType":"sap.ui.core.Icon","viewName":"etm.portal.ui.managecatalogs.view.Detail","viewId":"application-managecatalogs-display-component---detailCatalog","properties":{"src":{"regex":{"source":"add\\-folder"}}}},"wdio_ui5_key":"etmportal.ui.managecatalogs.view.Detailsap.ui.core.Icon{\"src\":{\"regex\":{\"source\":\"add\\\\-folder\"}}}"}]}
RESULT: {"script":"<script> [1562 bytes]","args":[{"selector":{"controlType":"sap.ui.core.Icon","viewName":"etm.portal.ui.managecatalogs.view.Detail","viewId":"application-managecatalogs-display-component---detailCatalog","properties":{"src":{"regex":{"source":"add\\-folder"}}}},"wdio_ui5_key":"etmportal.ui.managecatalogs.view.Detailsap.ui.core.Icon{\"src\":{\"regex\":{\"source\":\"add\\\\-folder\"}}}"}]}
RESULT: undefined
COMMAND: POST /session/9a045c4a17e0def218bea7a69d7cd789/element - {"using":"xpath","value":"//*[@id=\"__button130-img\"]"}
RESULT: {"using":"xpath","value":"//*[@id=\"__button130-img\"]"}
COMMAND: POST /session/9a045c4a17e0def218bea7a69d7cd789/element/f.F2CC79D104176C4887E06893325B0B16.d.7CCD5BC31CA3816F5948EEF971F46E46.e.4217/click - {}
RESULT: {}
COMMAND: GET /session/9a045c4a17e0def218bea7a69d7cd789/screenshot - {}
RESULT: {}
COMMAND: POST /session/9a045c4a17e0def218bea7a69d7cd789/execute/async - {"script":"<script> [1562 bytes]","args":[{"selector":{"id":"application-managecatalogs-display-component---detailCatalog--numberInput","searchOpenDialogs":true,"interaction":{"idSuffix":"inner"}},"wdio_ui5_key":"applicationmanagecatalogs-display-component---detailCatalog--numberInput"}]}
RESULT: {"script":"<script> [1562 bytes]","args":[{"selector":{"id":"application-managecatalogs-display-component---detailCatalog--numberInput","searchOpenDialogs":true,"interaction":{"idSuffix":"inner"}},"wdio_ui5_key":"applicationmanagecatalogs-display-component---detailCatalog--numberInput"}]}
RESULT: undefined
COMMAND: POST /session/9a045c4a17e0def218bea7a69d7cd789/execute/async - {"script":"<script> [776 bytes]","args":[{"enterText":"Sectionzx5uk","selector":{"id":"application-managecatalogs-display-component---detailCatalog--numberInput","searchOpenDialogs":true,"interaction":{"idSuffix":"inner"}},"clearTextFirst":true,"interactionType":"ENTER_TEXT"}]}
RESULT: {"script":"<script> [776 bytes]","args":[{"enterText":"Sectionzx5uk","selector":{"id":"application-managecatalogs-display-component---detailCatalog--numberInput","searchOpenDialogs":true,"interaction":{"idSuffix":"inner"}},"clearTextFirst":true,"interactionType":"ENTER_TEXT"}]}
COMMAND: POST /session/9a045c4a17e0def218bea7a69d7cd789/element - {"using":"css selector","value":"#application-managecatalogs-display-component---detailCatalog--nameInput-inner"}
RESULT: {"using":"css selector","value":"#application-managecatalogs-display-component---detailCatalog--nameInput-inner"}
COMMAND: POST /session/9a045c4a17e0def218bea7a69d7cd789/elements - {"using":"css selector","value":"#application-managecatalogs-display-component---detailCatalog--nameInput-inner"}
RESULT: {"using":"css selector","value":"#application-managecatalogs-display-component---detailCatalog--nameInput-inner"}
COMMAND: POST /session/9a045c4a17e0def218bea7a69d7cd789/element/f.F2CC79D104176C4887E06893325B0B16.d.7CCD5BC31CA3816F5948EEF971F46E46.e.4220/clear - {}
RESULT: {}
COMMAND: POST /session/9a045c4a17e0def218bea7a69d7cd789/element/f.F2CC79D104176C4887E06893325B0B16.d.7CCD5BC31CA3816F5948EEF971F46E46.e.4220/value - {"text":"Webdriverz4d7y"}
COMMAND: GET /session/9a045c4a17e0def218bea7a69d7cd789/screenshot - {}
RESULT: {"text":"Webdriverz4d7y"}
COMMAND: POST /session/9a045c4a17e0def218bea7a69d7cd789/execute/async - {"script":"<script> [1562 bytes]","args":[{"selector":{"controlType":"sap.m.Button","viewName":"etm.portal.ui.managecatalogs.view.Detail","viewId":"application-managecatalogs-display-component---detailCatalog","i18NText":{"propertyName":"text","key":"create"},"searchOpenDialogs":true,"interaction":{"idSuffix":"BDI-content"}},"wdio_ui5_key":"etmportal.ui.managecatalogs.view.Detailsap.m.Button{\"propertyName\":\"text\",\"key\":\"create\"}"}]}
COMMAND: GET /session/9a045c4a17e0def218bea7a69d7cd789/screenshot - {}
RESULT: {}
RESULT: {"script":"<script> [1562 bytes]","args":[{"selector":{"controlType":"sap.m.Button","viewName":"etm.portal.ui.managecatalogs.view.Detail","viewId":"application-managecatalogs-display-component---detailCatalog","i18NText":{"propertyName":"text","key":"create"},"searchOpenDialogs":true,"interaction":{"idSuffix":"BDI-content"}},"wdio_ui5_key":"etmportal.ui.managecatalogs.view.Detailsap.m.Button{\"propertyName\":\"text\",\"key\":\"create\"}"}]}
RESULT: undefined
COMMAND: POST /session/9a045c4a17e0def218bea7a69d7cd789/element - {"using":"xpath","value":"//*[@id=\"__button100\"]"}
RESULT: {}
RESULT: {"using":"xpath","value":"//*[@id=\"__button100\"]"}
COMMAND: POST /session/9a045c4a17e0def218bea7a69d7cd789/element/f.F2CC79D104176C4887E06893325B0B16.d.7CCD5BC31CA3816F5948EEF971F46E46.e.4225/click - {}
RESULT: {}
COMMAND: GET /session/9a045c4a17e0def218bea7a69d7cd789/screenshot - {}
RESULT: {}
COMMAND: POST /session/9a045c4a17e0def218bea7a69d7cd789/element - {"using":"xpath","value":"//button[@title=\"Save\"]"}
RESULT: {"using":"xpath","value":"//button[@title=\"Save\"]"}
COMMAND: POST /session/9a045c4a17e0def218bea7a69d7cd789/element/f.F2CC79D104176C4887E06893325B0B16.d.7CCD5BC31CA3816F5948EEF971F46E46.e.4226/click - {}
RESULT: {}
COMMAND: POST /session/9a045c4a17e0def218bea7a69d7cd789/execute/async - {"script":"<script> [1562 bytes]","args":[{"selector":{"controlType":"sap.ui.core.Icon","viewName":"etm.portal.ui.managecatalogs.view.Detail","viewId":"application-managecatalogs-display-component---detailCatalog","properties":{"src":{"regex":{"source":"decline"}}}},"wdio_ui5_key":"etmportal.ui.managecatalogs.view.Detailsap.ui.core.Icon{\"src\":{\"regex\":{\"source\":\"decline\"}}}"}]}
COMMAND: GET /session/9a045c4a17e0def218bea7a69d7cd789/screenshot - {}
RESULT: {"script":"<script> [1562 bytes]","args":[{"selector":{"controlType":"sap.ui.core.Icon","viewName":"etm.portal.ui.managecatalogs.view.Detail","viewId":"application-managecatalogs-display-component---detailCatalog","properties":{"src":{"regex":{"source":"decline"}}}},"wdio_ui5_key":"etmportal.ui.managecatalogs.view.Detailsap.ui.core.Icon{\"src\":{\"regex\":{\"source\":\"decline\"}}}"}]}
RESULT: undefined
COMMAND: POST /session/9a045c4a17e0def218bea7a69d7cd789/element - {"using":"xpath","value":"//*[@id=\"__button125-img\"]"}
RESULT: {}
RESULT: {"using":"xpath","value":"//*[@id=\"__button125-img\"]"}
COMMAND: POST /session/9a045c4a17e0def218bea7a69d7cd789/element/f.F2CC79D104176C4887E06893325B0B16.d.7CCD5BC31CA3816F5948EEF971F46E46.e.4232/click - {}
RESULT: {}
COMMAND: GET /session/9a045c4a17e0def218bea7a69d7cd789/screenshot - {}
RESULT: {}
COMMAND: POST /session/9a045c4a17e0def218bea7a69d7cd789/execute/async - {"script":"<script> [1562 bytes]","args":[{"selector":{"controlType":"sap.ui.core.Icon","viewName":"etm.portal.ui.managecatalogs.view.MasterItems","viewId":"application-managecatalogs-display-component---masterCatalogItems","properties":{"src":{"regex":{"source":"refresh"}}}},"wdio_ui5_key":"etmportal.ui.managecatalogs.view.MasterItemssap.ui.core.Icon{\"src\":{\"regex\":{\"source\":\"refresh\"}}}"}]}
RESULT: {"script":"<script> [1562 bytes]","args":[{"selector":{"controlType":"sap.ui.core.Icon","viewName":"etm.portal.ui.managecatalogs.view.MasterItems","viewId":"application-managecatalogs-display-component---masterCatalogItems","properties":{"src":{"regex":{"source":"refresh"}}}},"wdio_ui5_key":"etmportal.ui.managecatalogs.view.MasterItemssap.ui.core.Icon{\"src\":{\"regex\":{\"source\":\"refresh\"}}}"}]}
RESULT: undefined
COMMAND: POST /session/9a045c4a17e0def218bea7a69d7cd789/element - {"using":"xpath","value":"//*[@id=\"__button98-img\"]"}
RESULT: {"using":"xpath","value":"//*[@id=\"__button98-img\"]"}
COMMAND: POST /session/9a045c4a17e0def218bea7a69d7cd789/element/f.F2CC79D104176C4887E06893325B0B16.d.7CCD5BC31CA3816F5948EEF971F46E46.e.4266/click - {}
RESULT: {}
COMMAND: POST /session/9a045c4a17e0def218bea7a69d7cd789/execute/async - {"script":"<script> [1562 bytes]","args":[{"selector":{"id":"application-managecatalogs-display-component---masterCatalogItems--searchItemsField","interaction":{"idSuffix":"I"}},"wdio_ui5_key":"applicationmanagecatalogs-display-component---masterCatalogItems--searchItemsField"}]}
COMMAND: GET /session/9a045c4a17e0def218bea7a69d7cd789/screenshot - {}
RESULT: {"script":"<script> [1562 bytes]","args":[{"selector":{"id":"application-managecatalogs-display-component---masterCatalogItems--searchItemsField","interaction":{"idSuffix":"I"}},"wdio_ui5_key":"applicationmanagecatalogs-display-component---masterCatalogItems--searchItemsField"}]}
RESULT: undefined
COMMAND: POST /session/9a045c4a17e0def218bea7a69d7cd789/execute/async - {"script":"<script> [776 bytes]","args":[{"enterText":"Webdriverz4d7y","selector":{"id":"application-managecatalogs-display-component---masterCatalogItems--searchItemsField","interaction":{"idSuffix":"I"}},"clearTextFirst":true,"interactionType":"ENTER_TEXT"}]}
RESULT: {}
RESULT: {"script":"<script> [776 bytes]","args":[{"enterText":"Webdriverz4d7y","selector":{"id":"application-managecatalogs-display-component---masterCatalogItems--searchItemsField","interaction":{"idSuffix":"I"}},"clearTextFirst":true,"interactionType":"ENTER_TEXT"}]}
COMMAND: POST /session/9a045c4a17e0def218bea7a69d7cd789/actions - {"actions":[{"id":"action10","type":"key","parameters":{},"actions":[{"type":"keyDown","value":"î€‡"},{"type":"pause","duration":10},{"type":"keyUp","value":"î€‡"}]}]}
RESULT: {"actions":[{"id":"action10","type":"key","parameters":{},"actions":[{"type":"keyDown","value":"î€‡"},{"type":"pause","duration":10},{"type":"keyUp","value":"î€‡"}]}]}
COMMAND: POST /session/9a045c4a17e0def218bea7a69d7cd789/element - {"using":"xpath","value":"(//span[contains(text(), \"Webdriverz4d7y\")])[1]"}
COMMAND: GET /session/9a045c4a17e0def218bea7a69d7cd789/screenshot - {}
RESULT: {"using":"xpath","value":"(//span[contains(text(), \"Webdriverz4d7y\")])[1]"}
COMMAND: POST /session/9a045c4a17e0def218bea7a69d7cd789/element/f.F2CC79D104176C4887E06893325B0B16.d.7CCD5BC31CA3816F5948EEF971F46E46.e.4269/click - {}
RESULT: {}
RESULT: {}
COMMAND: GET /session/9a045c4a17e0def218bea7a69d7cd789/screenshot - {}
RESULT: {}
RESULT: undefined
COMMAND: POST /session/9a045c4a17e0def218bea7a69d7cd789/element - {"using":"xpath","value":"//*[@id=\"__button122\"]"}
RESULT: {"using":"xpath","value":"//*[@id=\"__button122\"]"}
COMMAND: POST /session/9a045c4a17e0def218bea7a69d7cd789/element/f.F2CC79D104176C4887E06893325B0B16.d.7CCD5BC31CA3816F5948EEF971F46E46.e.4306/click - {}
RESULT: {}
COMMAND: GET /session/9a045c4a17e0def218bea7a69d7cd789/screenshot - {}
RESULT: {}
RESULT: undefined
COMMAND: POST /session/9a045c4a17e0def218bea7a69d7cd789/element - {"using":"xpath","value":"//*[@id=\"__button130-img\"]"}
RESULT: {"using":"xpath","value":"//*[@id=\"__button130-img\"]"}
COMMAND: POST /session/9a045c4a17e0def218bea7a69d7cd789/element/f.F2CC79D104176C4887E06893325B0B16.d.7CCD5BC31CA3816F5948EEF971F46E46.e.4354/click - {}
RESULT: {}
COMMAND: GET /session/9a045c4a17e0def218bea7a69d7cd789/screenshot - {}
RESULT: {}
RESULT: undefined
COMMAND: POST /session/9a045c4a17e0def218bea7a69d7cd789/execute/async - {"script":"<script> [776 bytes]","args":[{"enterText":"SecondSectionkeyym","selector":{"id":"application-managecatalogs-display-component---detailCatalog--numberInput","searchOpenDialogs":true,"interaction":{"idSuffix":"inner"}},"clearTextFirst":true,"interactionType":"ENTER_TEXT"}]}
RESULT: {"script":"<script> [776 bytes]","args":[{"enterText":"SecondSectionkeyym","selector":{"id":"application-managecatalogs-display-component---detailCatalog--numberInput","searchOpenDialogs":true,"interaction":{"idSuffix":"inner"}},"clearTextFirst":true,"interactionType":"ENTER_TEXT"}]}
COMMAND: POST /session/9a045c4a17e0def218bea7a69d7cd789/element - {"using":"xpath","value":"//input[contains(@id ,\"application-managecatalogs-display-component---detailCatalog--nameInput-inner\")]"}
RESULT: {"using":"xpath","value":"//input[contains(@id ,\"application-managecatalogs-display-component---detailCatalog--nameInput-inner\")]"}
COMMAND: POST /session/9a045c4a17e0def218bea7a69d7cd789/elements - {"using":"xpath","value":"//input[contains(@id ,\"application-managecatalogs-display-component---detailCatalog--nameInput-inner\")]"}
RESULT: {"using":"xpath","value":"//input[contains(@id ,\"application-managecatalogs-display-component---detailCatalog--nameInput-inner\")]"}
COMMAND: POST /session/9a045c4a17e0def218bea7a69d7cd789/element/f.F2CC79D104176C4887E06893325B0B16.d.7CCD5BC31CA3816F5948EEF971F46E46.e.4358/clear - {}
RESULT: {}
COMMAND: POST /session/9a045c4a17e0def218bea7a69d7cd789/element/f.F2CC79D104176C4887E06893325B0B16.d.7CCD5BC31CA3816F5948EEF971F46E46.e.4358/value - {"text":"webdriversecond2e7roj"}
COMMAND: GET /session/9a045c4a17e0def218bea7a69d7cd789/screenshot - {}
RESULT: {"text":"webdriversecond2e7roj"}
RESULT: undefined
COMMAND: POST /session/9a045c4a17e0def218bea7a69d7cd789/element - {"using":"xpath","value":"//*[@id=\"__button100\"]"}
COMMAND: GET /session/9a045c4a17e0def218bea7a69d7cd789/screenshot - {}
RESULT: {}
RESULT: {"using":"xpath","value":"//*[@id=\"__button100\"]"}
COMMAND: POST /session/9a045c4a17e0def218bea7a69d7cd789/element/f.F2CC79D104176C4887E06893325B0B16.d.7CCD5BC31CA3816F5948EEF971F46E46.e.4362/click - {}
RESULT: {}
RESULT: {}
COMMAND: GET /session/9a045c4a17e0def218bea7a69d7cd789/screenshot - {}
RESULT: {}
COMMAND: POST /session/9a045c4a17e0def218bea7a69d7cd789/element - {"using":"xpath","value":"//button[@title=\"Save\"]"}
RESULT: {"using":"xpath","value":"//button[@title=\"Save\"]"}
COMMAND: POST /session/9a045c4a17e0def218bea7a69d7cd789/element/f.F2CC79D104176C4887E06893325B0B16.d.7CCD5BC31CA3816F5948EEF971F46E46.e.4340/click - {}
RESULT: {}
COMMAND: GET /session/9a045c4a17e0def218bea7a69d7cd789/screenshot - {}
RESULT: {}
RESULT: undefined
COMMAND: POST /session/9a045c4a17e0def218bea7a69d7cd789/element - {"using":"xpath","value":"//*[@id=\"__button125-img\"]"}
RESULT: {"using":"xpath","value":"//*[@id=\"__button125-img\"]"}
COMMAND: POST /session/9a045c4a17e0def218bea7a69d7cd789/element/f.F2CC79D104176C4887E06893325B0B16.d.7CCD5BC31CA3816F5948EEF971F46E46.e.4313/click - {}
RESULT: {}
COMMAND: GET /session/9a045c4a17e0def218bea7a69d7cd789/screenshot - {}
RESULT: {}
RESULT: undefined
COMMAND: POST /session/9a045c4a17e0def218bea7a69d7cd789/element - {"using":"xpath","value":"//*[@id=\"__button98-img\"]"}
RESULT: {"using":"xpath","value":"//*[@id=\"__button98-img\"]"}
COMMAND: POST /session/9a045c4a17e0def218bea7a69d7cd789/element/f.F2CC79D104176C4887E06893325B0B16.d.7CCD5BC31CA3816F5948EEF971F46E46.e.4399/click - {}
RESULT: {}
COMMAND: GET /session/9a045c4a17e0def218bea7a69d7cd789/screenshot - {}
RESULT: {}
RESULT: undefined
COMMAND: POST /session/9a045c4a17e0def218bea7a69d7cd789/execute/async - {"script":"<script> [776 bytes]","args":[{"enterText":"SecondSectionkeyym","selector":{"id":"application-managecatalogs-display-component---masterCatalogItems--searchItemsField","interaction":{"idSuffix":"I"}},"clearTextFirst":true,"interactionType":"ENTER_TEXT"}]}
RESULT: {"script":"<script> [776 bytes]","args":[{"enterText":"SecondSectionkeyym","selector":{"id":"application-managecatalogs-display-component---masterCatalogItems--searchItemsField","interaction":{"idSuffix":"I"}},"clearTextFirst":true,"interactionType":"ENTER_TEXT"}]}
COMMAND: POST /session/9a045c4a17e0def218bea7a69d7cd789/actions - {"actions":[{"id":"action11","type":"key","parameters":{},"actions":[{"type":"keyDown","value":"î€‡"},{"type":"pause","duration":10},{"type":"keyUp","value":"î€‡"}]}]}
RESULT: {"actions":[{"id":"action11","type":"key","parameters":{},"actions":[{"type":"keyDown","value":"î€‡"},{"type":"pause","duration":10},{"type":"keyUp","value":"î€‡"}]}]}
COMMAND: POST /session/9a045c4a17e0def218bea7a69d7cd789/element - {"using":"xpath","value":"(//span[contains(text(), \"SecondSectionkeyym\")])[1]"}
COMMAND: GET /session/9a045c4a17e0def218bea7a69d7cd789/screenshot - {}
RESULT: {"using":"xpath","value":"(//span[contains(text(), \"SecondSectionkeyym\")])[1]"}
COMMAND: POST /session/9a045c4a17e0def218bea7a69d7cd789/element/f.F2CC79D104176C4887E06893325B0B16.d.7CCD5BC31CA3816F5948EEF971F46E46.e.4402/click - {}
RESULT: {}
RESULT: {}
COMMAND: POST /session/9a045c4a17e0def218bea7a69d7cd789/element - {"using":"xpath","value":"(//span[contains(text(), \"SecondSectionkeyym\")])[1]"}
COMMAND: GET /session/9a045c4a17e0def218bea7a69d7cd789/screenshot - {}
RESULT: {"using":"xpath","value":"(//span[contains(text(), \"SecondSectionkeyym\")])[1]"}
COMMAND: GET /session/9a045c4a17e0def218bea7a69d7cd789/element/f.F2CC79D104176C4887E06893325B0B16.d.7CCD5BC31CA3816F5948EEF971F46E46.e.4402/text - {}
RESULT: {}
RESULT: {}
COMMAND: POST /session/9a045c4a17e0def218bea7a69d7cd789/refresh - {}
RESULT: {}
COMMAND: GET /session/9a045c4a17e0def218bea7a69d7cd789/screenshot - {}
RESULT: {}
COMMAND: POST /session/9a045c4a17e0def218bea7a69d7cd789/execute/async - {"script":"<script> [189 bytes]","args":[]}
RESULT: {"script":"<script> [189 bytes]","args":[]}
COMMAND: POST /session/9a045c4a17e0def218bea7a69d7cd789/execute/async - {"script":"<script> [123 bytes]","args":[]}
RESULT: {"script":"<script> [123 bytes]","args":[]}
COMMAND: POST /session/9a045c4a17e0def218bea7a69d7cd789/timeouts - {"script":"<number>"}
RESULT: {"script":"<number>"}
COMMAND: GET /session/9a045c4a17e0def218bea7a69d7cd789/timeouts - {}
RESULT: {}
RESULT: undefined
COMMAND: POST /session/9a045c4a17e0def218bea7a69d7cd789/execute/async - {"script":"<script> [2676 bytes]","args":[]}
RESULT: {"script":"<script> [2676 bytes]","args":[]}
COMMAND: POST /session/9a045c4a17e0def218bea7a69d7cd789/execute/async - {"script":"<script> [2342 bytes]","args":[{"protocol":"http","hostname":"0.0.0.0","path":"/","capabilities":{"browserName":"chrome","goog:chromeOptions":{"binary":"C:\\Program Files\\Google\\Chrome\\Application\\chrome.exe","args":["--start-maximized"]}},"logLevel":"warn","connectionRetryTimeout":120000,"connectionRetryCount":3,"logLevels":{},"enableDirectConnect":true,"strictSSL":true,"_":"65 more keys: [\"cacheDir\",\"port\",\"requestedCapabilities\",\"automationProtocol\",\"baseUrl\",\"waitforInterval\",\"waitforTimeout\",\"onReload\",\"beforeCommand\",\"afterCommand\",\"rootDir\",\"specs\",\"suites\",\"exclude\",\"groupLogsByTestSpec\",\"excludeDriverLogs\",\"bail\",\"framework\",\"reporters\",\"services\",\"maxInstances\",\"maxInstancesPerCapability\",\"injectGlobals\",\"filesToWatch\",\"execArgv\",\"runnerEnv\",\"runner\",\"shard\",\"specFileRetries\",\"specFileRetriesDelay\",\"specFileRetriesDeferred\",\"reporterSyncInterval\",\"reporterSyncTimeout\",\"cucumberFeaturesWithLineNumbers\",\"autoCompileOpts\",\"mochaOpts\",\"jasmineOpts\",\"cucumberOpts\",\"onPrepare\",\"onWorkerStart\",\"onWorkerEnd\",\"before\",\"beforeSession\",\"beforeSuite\",\"beforeHook\",\"beforeTest\",\"afterTest\",\"afterHook\",\"afterSuite\",\"afterSession\",\"after\",\"onComplete\",\"beforeAssertion\",\"afterAssertion\",\"beforeFeature\",\"beforeScenario\",\"beforeStep\",\"afterStep\",\"afterScenario\",\"afterFeature\",\"_\",\"suite\",\"$0\",\"ignoredWorkerServices\",\"wdi5\"]"}]}
RESULT: {"script":"<script> [2342 bytes]","args":[{"protocol":"http","hostname":"0.0.0.0","path":"/","capabilities":{"browserName":"chrome","goog:chromeOptions":{"binary":"C:\\Program Files\\Google\\Chrome\\Application\\chrome.exe","args":["--start-maximized"]}},"logLevel":"warn","connectionRetryTimeout":120000,"connectionRetryCount":3,"logLevels":{},"enableDirectConnect":true,"strictSSL":true,"_":"65 more keys: [\"cacheDir\",\"port\",\"requestedCapabilities\",\"automationProtocol\",\"baseUrl\",\"waitforInterval\",\"waitforTimeout\",\"onReload\",\"beforeCommand\",\"afterCommand\",\"rootDir\",\"specs\",\"suites\",\"exclude\",\"groupLogsByTestSpec\",\"excludeDriverLogs\",\"bail\",\"framework\",\"reporters\",\"services\",\"maxInstances\",\"maxInstancesPerCapability\",\"injectGlobals\",\"filesToWatch\",\"execArgv\",\"runnerEnv\",\"runner\",\"shard\",\"specFileRetries\",\"specFileRetriesDelay\",\"specFileRetriesDeferred\",\"reporterSyncInterval\",\"reporterSyncTimeout\",\"cucumberFeaturesWithLineNumbers\",\"autoCompileOpts\",\"mochaOpts\",\"jasmineOpts\",\"cucumberOpts\",\"onPrepare\",\"onWorkerStart\",\"onWorkerEnd\",\"before\",\"beforeSession\",\"beforeSuite\",\"beforeHook\",\"beforeTest\",\"afterTest\",\"afterHook\",\"afterSuite\",\"afterSession\",\"after\",\"onComplete\",\"beforeAssertion\",\"afterAssertion\",\"beforeFeature\",\"beforeScenario\",\"beforeStep\",\"afterStep\",\"afterScenario\",\"afterFeature\",\"_\",\"suite\",\"$0\",\"ignoredWorkerServices\",\"wdi5\"]"}]}
COMMAND: POST /session/9a045c4a17e0def218bea7a69d7cd789/execute/async - {"script":"<script> [21126 bytes]","args":[35000]}
RESULT: {"script":"<script> [21126 bytes]","args":[35000]}
COMMAND: POST /session/9a045c4a17e0def218bea7a69d7cd789/execute/async - {"script":"<script> [1562 bytes]","args":[{"selector":{"controlType":"sap.m.Button","viewName":"etm.portal.ui.managecatalogs.view.Detail","viewId":"application-managecatalogs-display-component---detailCatalog","i18NText":{"propertyName":"text","key":"edit"},"interaction":{"idSuffix":"BDI-content"}},"wdio_ui5_key":"etmportal.ui.managecatalogs.view.Detailsap.m.Button{\"propertyName\":\"text\",\"key\":\"edit\"}"}]}
RESULT: {"script":"<script> [1562 bytes]","args":[{"selector":{"controlType":"sap.m.Button","viewName":"etm.portal.ui.managecatalogs.view.Detail","viewId":"application-managecatalogs-display-component---detailCatalog","i18NText":{"propertyName":"text","key":"edit"},"interaction":{"idSuffix":"BDI-content"}},"wdio_ui5_key":"etmportal.ui.managecatalogs.view.Detailsap.m.Button{\"propertyName\":\"text\",\"key\":\"edit\"}"}]}
RESULT: undefined
COMMAND: POST /session/9a045c4a17e0def218bea7a69d7cd789/element - {"using":"xpath","value":"//*[@id=\"__button25\"]"}
RESULT: {"using":"xpath","value":"//*[@id=\"__button25\"]"}
COMMAND: POST /session/9a045c4a17e0def218bea7a69d7cd789/element/f.F2CC79D104176C4887E06893325B0B16.d.E15C4A659BBBD6B069BD130A9FA2B8DC.e.4511/click - {}
RESULT: {}
COMMAND: GET /session/9a045c4a17e0def218bea7a69d7cd789/screenshot - {}
RESULT: {}
COMMAND: POST /session/9a045c4a17e0def218bea7a69d7cd789/element - {"using":"xpath","value":"//button[contains(@title ,\"Create Catalog Item\")]"}
RESULT: {"using":"xpath","value":"//button[contains(@title ,\"Create Catalog Item\")]"}
COMMAND: POST /session/9a045c4a17e0def218bea7a69d7cd789/element/f.F2CC79D104176C4887E06893325B0B16.d.E15C4A659BBBD6B069BD130A9FA2B8DC.e.4517/click - {}
RESULT: {}
COMMAND: POST /session/9a045c4a17e0def218bea7a69d7cd789/execute/async - {"script":"<script> [1562 bytes]","args":[{"selector":{"id":"application-managecatalogs-display-component---detailCatalog--newItemNumberInput","searchOpenDialogs":true,"interaction":{"idSuffix":"inner"}},"wdio_ui5_key":"applicationmanagecatalogs-display-component---detailCatalog--newItemNumberInput"}]}
COMMAND: GET /session/9a045c4a17e0def218bea7a69d7cd789/screenshot - {}
RESULT: {"script":"<script> [1562 bytes]","args":[{"selector":{"id":"application-managecatalogs-display-component---detailCatalog--newItemNumberInput","searchOpenDialogs":true,"interaction":{"idSuffix":"inner"}},"wdio_ui5_key":"applicationmanagecatalogs-display-component---detailCatalog--newItemNumberInput"}]}
RESULT: undefined
COMMAND: POST /session/9a045c4a17e0def218bea7a69d7cd789/execute/async - {"script":"<script> [776 bytes]","args":[{"enterText":"catalogItemwfjewk","selector":{"id":"application-managecatalogs-display-component---detailCatalog--newItemNumberInput","searchOpenDialogs":true,"interaction":{"idSuffix":"inner"}},"clearTextFirst":true,"interactionType":"ENTER_TEXT"}]}
RESULT: {}
RESULT: {"script":"<script> [776 bytes]","args":[{"enterText":"catalogItemwfjewk","selector":{"id":"application-managecatalogs-display-component---detailCatalog--newItemNumberInput","searchOpenDialogs":true,"interaction":{"idSuffix":"inner"}},"clearTextFirst":true,"interactionType":"ENTER_TEXT"}]}
COMMAND: POST /session/9a045c4a17e0def218bea7a69d7cd789/execute/async - {"script":"<script> [1562 bytes]","args":[{"selector":{"controlType":"sap.m.Input","viewName":"etm.portal.ui.managecatalogs.view.Detail","viewId":"application-managecatalogs-display-component---detailCatalog","bindingPath":{"path":"","propertyPath":"/DESCRIPTION"},"searchOpenDialogs":true,"interaction":{"idSuffix":"inner"}},"wdio_ui5_key":"etmportal.ui.managecatalogs.view.Detailsap.m.Input{\"path\":\"\",\"propertyPath\":\"/DESCRIPTION\"}"}]}
RESULT: {"script":"<script> [1562 bytes]","args":[{"selector":{"controlType":"sap.m.Input","viewName":"etm.portal.ui.managecatalogs.view.Detail","viewId":"application-managecatalogs-display-component---detailCatalog","bindingPath":{"path":"","propertyPath":"/DESCRIPTION"},"searchOpenDialogs":true,"interaction":{"idSuffix":"inner"}},"wdio_ui5_key":"etmportal.ui.managecatalogs.view.Detailsap.m.Input{\"path\":\"\",\"propertyPath\":\"/DESCRIPTION\"}"}]}
RESULT: undefined
COMMAND: POST /session/9a045c4a17e0def218bea7a69d7cd789/execute/async - {"script":"<script> [776 bytes]","args":[{"enterText":"catalogItemNamekw6qrl","selector":{"controlType":"sap.m.Input","viewName":"etm.portal.ui.managecatalogs.view.Detail","viewId":"application-managecatalogs-display-component---detailCatalog","bindingPath":{"path":"","propertyPath":"/DESCRIPTION"},"searchOpenDialogs":true,"interaction":{"idSuffix":"inner"}},"clearTextFirst":true,"interactionType":"ENTER_TEXT"}]}
RESULT: {"script":"<script> [776 bytes]","args":[{"enterText":"catalogItemNamekw6qrl","selector":{"controlType":"sap.m.Input","viewName":"etm.portal.ui.managecatalogs.view.Detail","viewId":"application-managecatalogs-display-component---detailCatalog","bindingPath":{"path":"","propertyPath":"/DESCRIPTION"},"searchOpenDialogs":true,"interaction":{"idSuffix":"inner"}},"clearTextFirst":true,"interactionType":"ENTER_TEXT"}]}
COMMAND: POST /session/9a045c4a17e0def218bea7a69d7cd789/actions - {"actions":[{"id":"action12","type":"key","parameters":{},"actions":[{"type":"keyDown","value":"î€„"},{"type":"pause","duration":10},{"type":"keyUp","value":"î€„"}]}]}
RESULT: {"actions":[{"id":"action12","type":"key","parameters":{},"actions":[{"type":"keyDown","value":"î€„"},{"type":"pause","duration":10},{"type":"keyUp","value":"î€„"}]}]}
COMMAND: GET /session/9a045c4a17e0def218bea7a69d7cd789/screenshot - {}
RESULT: {}
COMMAND: POST /session/9a045c4a17e0def218bea7a69d7cd789/actions - {"actions":[{"id":"action13","type":"key","parameters":{},"actions":[{"type":"keyDown","value":"î€‡"},{"type":"pause","duration":10},{"type":"keyUp","value":"î€‡"}]}]}
RESULT: {"actions":[{"id":"action13","type":"key","parameters":{},"actions":[{"type":"keyDown","value":"î€‡"},{"type":"pause","duration":10},{"type":"keyUp","value":"î€‡"}]}]}
COMMAND: GET /session/9a045c4a17e0def218bea7a69d7cd789/screenshot - {}
RESULT: {}
COMMAND: POST /session/9a045c4a17e0def218bea7a69d7cd789/element - {"using":"xpath","value":"//button[@title=\"Save\"]"}
RESULT: {"using":"xpath","value":"//button[@title=\"Save\"]"}
COMMAND: POST /session/9a045c4a17e0def218bea7a69d7cd789/element/f.F2CC79D104176C4887E06893325B0B16.d.E15C4A659BBBD6B069BD130A9FA2B8DC.e.4526/click - {}
RESULT: {}
COMMAND: GET /session/9a045c4a17e0def218bea7a69d7cd789/screenshot - {}
RESULT: {}
COMMAND: POST /session/9a045c4a17e0def218bea7a69d7cd789/execute/async - {"script":"<script> [1562 bytes]","args":[{"selector":{"controlType":"sap.ui.core.Icon","viewName":"etm.portal.ui.managecatalogs.view.Detail","viewId":"application-managecatalogs-display-component---detailCatalog","properties":{"src":{"regex":{"source":"decline"}}}},"wdio_ui5_key":"etmportal.ui.managecatalogs.view.Detailsap.ui.core.Icon{\"src\":{\"regex\":{\"source\":\"decline\"}}}"}]}
RESULT: {"script":"<script> [1562 bytes]","args":[{"selector":{"controlType":"sap.ui.core.Icon","viewName":"etm.portal.ui.managecatalogs.view.Detail","viewId":"application-managecatalogs-display-component---detailCatalog","properties":{"src":{"regex":{"source":"decline"}}}},"wdio_ui5_key":"etmportal.ui.managecatalogs.view.Detailsap.ui.core.Icon{\"src\":{\"regex\":{\"source\":\"decline\"}}}"}]}
RESULT: undefined
COMMAND: POST /session/9a045c4a17e0def218bea7a69d7cd789/element - {"using":"xpath","value":"//*[@id=\"__button28-img\"]"}
RESULT: {"using":"xpath","value":"//*[@id=\"__button28-img\"]"}
COMMAND: POST /session/9a045c4a17e0def218bea7a69d7cd789/element/f.F2CC79D104176C4887E06893325B0B16.d.E15C4A659BBBD6B069BD130A9FA2B8DC.e.4533/click - {}
RESULT: {}
COMMAND: GET /session/9a045c4a17e0def218bea7a69d7cd789/screenshot - {}
RESULT: {}
COMMAND: POST /session/9a045c4a17e0def218bea7a69d7cd789/execute/async - {"script":"<script> [1562 bytes]","args":[{"selector":{"controlType":"sap.ui.core.Icon","viewName":"etm.portal.ui.managecatalogs.view.MasterItems","viewId":"application-managecatalogs-display-component---masterCatalogItems","properties":{"src":{"regex":{"source":"refresh"}}}},"wdio_ui5_key":"etmportal.ui.managecatalogs.view.MasterItemssap.ui.core.Icon{\"src\":{\"regex\":{\"source\":\"refresh\"}}}"}]}
RESULT: {"script":"<script> [1562 bytes]","args":[{"selector":{"controlType":"sap.ui.core.Icon","viewName":"etm.portal.ui.managecatalogs.view.MasterItems","viewId":"application-managecatalogs-display-component---masterCatalogItems","properties":{"src":{"regex":{"source":"refresh"}}}},"wdio_ui5_key":"etmportal.ui.managecatalogs.view.MasterItemssap.ui.core.Icon{\"src\":{\"regex\":{\"source\":\"refresh\"}}}"}]}
RESULT: undefined
COMMAND: POST /session/9a045c4a17e0def218bea7a69d7cd789/element - {"using":"xpath","value":"//*[@id=\"__button1-img\"]"}
RESULT: {"using":"xpath","value":"//*[@id=\"__button1-img\"]"}
COMMAND: POST /session/9a045c4a17e0def218bea7a69d7cd789/element/f.F2CC79D104176C4887E06893325B0B16.d.E15C4A659BBBD6B069BD130A9FA2B8DC.e.4541/click - {}
RESULT: {}
COMMAND: GET /session/9a045c4a17e0def218bea7a69d7cd789/screenshot - {}
RESULT: {}
COMMAND: POST /session/9a045c4a17e0def218bea7a69d7cd789/execute/async - {"script":"<script> [1562 bytes]","args":[{"selector":{"id":"application-managecatalogs-display-component---masterCatalogItems--searchItemsField","interaction":{"idSuffix":"I"}},"wdio_ui5_key":"applicationmanagecatalogs-display-component---masterCatalogItems--searchItemsField"}]}
RESULT: {"script":"<script> [1562 bytes]","args":[{"selector":{"id":"application-managecatalogs-display-component---masterCatalogItems--searchItemsField","interaction":{"idSuffix":"I"}},"wdio_ui5_key":"applicationmanagecatalogs-display-component---masterCatalogItems--searchItemsField"}]}
RESULT: undefined
COMMAND: POST /session/9a045c4a17e0def218bea7a69d7cd789/execute/async - {"script":"<script> [776 bytes]","args":[{"enterText":"catalogItemNamekw6qrl","selector":{"id":"application-managecatalogs-display-component---masterCatalogItems--searchItemsField","interaction":{"idSuffix":"I"}},"clearTextFirst":true,"interactionType":"ENTER_TEXT"}]}
RESULT: {"script":"<script> [776 bytes]","args":[{"enterText":"catalogItemNamekw6qrl","selector":{"id":"application-managecatalogs-display-component---masterCatalogItems--searchItemsField","interaction":{"idSuffix":"I"}},"clearTextFirst":true,"interactionType":"ENTER_TEXT"}]}
COMMAND: POST /session/9a045c4a17e0def218bea7a69d7cd789/actions - {"actions":[{"id":"action14","type":"key","parameters":{},"actions":[{"type":"keyDown","value":"î€‡"},{"type":"pause","duration":10},{"type":"keyUp","value":"î€‡"}]}]}
RESULT: {"actions":[{"id":"action14","type":"key","parameters":{},"actions":[{"type":"keyDown","value":"î€‡"},{"type":"pause","duration":10},{"type":"keyUp","value":"î€‡"}]}]}
COMMAND: POST /session/9a045c4a17e0def218bea7a69d7cd789/element - {"using":"xpath","value":"(//span[contains(text(), \"catalogItemNamekw6qrl\")])[1]"}
COMMAND: GET /session/9a045c4a17e0def218bea7a69d7cd789/screenshot - {}
RESULT: {"using":"xpath","value":"(//span[contains(text(), \"catalogItemNamekw6qrl\")])[1]"}
COMMAND: POST /session/9a045c4a17e0def218bea7a69d7cd789/element/f.F2CC79D104176C4887E06893325B0B16.d.E15C4A659BBBD6B069BD130A9FA2B8DC.e.4579/click - {}
RESULT: {}
RESULT: {}
COMMAND: GET /session/9a045c4a17e0def218bea7a69d7cd789/screenshot - {}
RESULT: {}
COMMAND: POST /session/9a045c4a17e0def218bea7a69d7cd789/element - {"using":"xpath","value":"//span[contains(text(), \"catalogItemwfjewk\")]"}
RESULT: {"using":"xpath","value":"//span[contains(text(), \"catalogItemwfjewk\")]"}
COMMAND: GET /session/9a045c4a17e0def218bea7a69d7cd789/element/f.F2CC79D104176C4887E06893325B0B16.d.E15C4A659BBBD6B069BD130A9FA2B8DC.e.4641/text - {}
RESULT: {}
]]></system-out>
    </testcase>
    <testcase classname="chrome.135_0_7049_96.windows.Standard_contract_-_add_contract_items_by_Insert_Request_US118222" name="Should assign resources to the catalog item" time="52.353">
      <system-out><![CDATA[
RESULT: undefined
COMMAND: POST /session/9a045c4a17e0def218bea7a69d7cd789/element - {"using":"xpath","value":"//*[@id=\"__button25\"]"}
RESULT: {"using":"xpath","value":"//*[@id=\"__button25\"]"}
COMMAND: POST /session/9a045c4a17e0def218bea7a69d7cd789/element/f.F2CC79D104176C4887E06893325B0B16.d.E15C4A659BBBD6B069BD130A9FA2B8DC.e.4642/click - {}
RESULT: {}
COMMAND: GET /session/9a045c4a17e0def218bea7a69d7cd789/screenshot - {}
RESULT: {}
COMMAND: POST /session/9a045c4a17e0def218bea7a69d7cd789/execute/async - {"script":"<script> [1562 bytes]","args":[{"selector":{"id":"application-managecatalogs-display-component---detailCatalog--BASE_UNIT_OF_MEASURE-arrow"},"wdio_ui5_key":"applicationmanagecatalogs-display-component---detailCatalog--BASE_UNIT_OF_MEASURE-arrow"}]}
RESULT: {"script":"<script> [1562 bytes]","args":[{"selector":{"id":"application-managecatalogs-display-component---detailCatalog--BASE_UNIT_OF_MEASURE-arrow"},"wdio_ui5_key":"applicationmanagecatalogs-display-component---detailCatalog--BASE_UNIT_OF_MEASURE-arrow"}]}
RESULT: undefined
COMMAND: POST /session/9a045c4a17e0def218bea7a69d7cd789/element - {"using":"xpath","value":"//*[@id=\"application-managecatalogs-display-component---detailCatalog--BASE_UNIT_OF_MEASURE-arrow\"]"}
RESULT: {"using":"xpath","value":"//*[@id=\"application-managecatalogs-display-component---detailCatalog--BASE_UNIT_OF_MEASURE-arrow\"]"}
COMMAND: POST /session/9a045c4a17e0def218bea7a69d7cd789/element/f.F2CC79D104176C4887E06893325B0B16.d.E15C4A659BBBD6B069BD130A9FA2B8DC.e.4669/click - {}
RESULT: {}
COMMAND: POST /session/9a045c4a17e0def218bea7a69d7cd789/execute/async - {"script":"<script> [1562 bytes]","args":[{"selector":{"controlType":"sap.m.StandardListItem","viewName":"etm.portal.ui.managecatalogs.view.Detail","viewId":"application-managecatalogs-display-component---detailCatalog","properties":{"title":"Piece"},"searchOpenDialogs":true,"interaction":{"idSuffix":"titleText"}},"wdio_ui5_key":"etmportal.ui.managecatalogs.view.Detailsap.m.StandardListItem{\"title\":\"Piece\"}"}]}
COMMAND: GET /session/9a045c4a17e0def218bea7a69d7cd789/screenshot - {}
RESULT: {"script":"<script> [1562 bytes]","args":[{"selector":{"controlType":"sap.m.StandardListItem","viewName":"etm.portal.ui.managecatalogs.view.Detail","viewId":"application-managecatalogs-display-component---detailCatalog","properties":{"title":"Piece"},"searchOpenDialogs":true,"interaction":{"idSuffix":"titleText"}},"wdio_ui5_key":"etmportal.ui.managecatalogs.view.Detailsap.m.StandardListItem{\"title\":\"Piece\"}"}]}
RESULT: undefined
COMMAND: POST /session/9a045c4a17e0def218bea7a69d7cd789/element - {"using":"xpath","value":"//*[@id=\"__item213\"]"}
RESULT: {}
RESULT: {"using":"xpath","value":"//*[@id=\"__item213\"]"}
COMMAND: POST /session/9a045c4a17e0def218bea7a69d7cd789/element/f.F2CC79D104176C4887E06893325B0B16.d.E15C4A659BBBD6B069BD130A9FA2B8DC.e.4673/click - {}
RESULT: {}
COMMAND: POST /session/9a045c4a17e0def218bea7a69d7cd789/execute/async - {"script":"<script> [1562 bytes]","args":[{"selector":{"id":"application-managecatalogs-display-component---detailCatalog--ObjectPageLayout-anchBar-application-managecatalogs-display-component---detailCatalog--sectionRUs-anchor","interaction":{"idSuffix":"BDI-content"}},"wdio_ui5_key":"applicationmanagecatalogs-display-component---detailCatalog--ObjectPageLayout-anchBar-application-managecatalogs-display-component---detailCatalog--sectionRUs-anchor"}]}
COMMAND: GET /session/9a045c4a17e0def218bea7a69d7cd789/screenshot - {}
RESULT: {"script":"<script> [1562 bytes]","args":[{"selector":{"id":"application-managecatalogs-display-component---detailCatalog--ObjectPageLayout-anchBar-application-managecatalogs-display-component---detailCatalog--sectionRUs-anchor","interaction":{"idSuffix":"BDI-content"}},"wdio_ui5_key":"applicationmanagecatalogs-display-component---detailCatalog--ObjectPageLayout-anchBar-application-managecatalogs-display-component---detailCatalog--sectionRUs-anchor"}]}
RESULT: undefined
COMMAND: POST /session/9a045c4a17e0def218bea7a69d7cd789/element - {"using":"xpath","value":"//*[@id=\"application-managecatalogs-display-component---detailCatalog--ObjectPageLayout-anchBar-application-managecatalogs-display-component---detailCatalog--sectionRUs-anchor\"]"}
RESULT: {}
RESULT: {"using":"xpath","value":"//*[@id=\"application-managecatalogs-display-component---detailCatalog--ObjectPageLayout-anchBar-application-managecatalogs-display-component---detailCatalog--sectionRUs-anchor\"]"}
COMMAND: POST /session/9a045c4a17e0def218bea7a69d7cd789/element/f.F2CC79D104176C4887E06893325B0B16.d.E15C4A659BBBD6B069BD130A9FA2B8DC.e.4675/click - {}
RESULT: {}
COMMAND: POST /session/9a045c4a17e0def218bea7a69d7cd789/element - {"using":"xpath","value":"//button[contains(@data-kt ,\"catalogItemAssignRuButton\")]"}
COMMAND: GET /session/9a045c4a17e0def218bea7a69d7cd789/screenshot - {}
RESULT: {"using":"xpath","value":"//button[contains(@data-kt ,\"catalogItemAssignRuButton\")]"}
COMMAND: POST /session/9a045c4a17e0def218bea7a69d7cd789/element/f.F2CC79D104176C4887E06893325B0B16.d.E15C4A659BBBD6B069BD130A9FA2B8DC.e.4679/click - {}
RESULT: {}
RESULT: {}
COMMAND: GET /session/9a045c4a17e0def218bea7a69d7cd789/screenshot - {}
RESULT: {}
COMMAND: POST /session/9a045c4a17e0def218bea7a69d7cd789/actions - {"actions":[{"id":"action15","type":"key","parameters":{},"actions":[{"type":"keyDown","value":"î€‡"},{"type":"pause","duration":10},{"type":"keyUp","value":"î€‡"}]}]}
RESULT: {"actions":[{"id":"action15","type":"key","parameters":{},"actions":[{"type":"keyDown","value":"î€‡"},{"type":"pause","duration":10},{"type":"keyUp","value":"î€‡"}]}]}
COMMAND: POST /session/9a045c4a17e0def218bea7a69d7cd789/execute/async - {"script":"<script> [1562 bytes]","args":[{"selector":{"id":"application-managecatalogs-display-component---detailCatalog--assignRUSearchField-vhi","searchOpenDialogs":true},"wdio_ui5_key":"applicationmanagecatalogs-display-component---detailCatalog--assignRUSearchField-vhi"}]}
COMMAND: GET /session/9a045c4a17e0def218bea7a69d7cd789/screenshot - {}
RESULT: {"script":"<script> [1562 bytes]","args":[{"selector":{"id":"application-managecatalogs-display-component---detailCatalog--assignRUSearchField-vhi","searchOpenDialogs":true},"wdio_ui5_key":"applicationmanagecatalogs-display-component---detailCatalog--assignRUSearchField-vhi"}]}
RESULT: undefined
COMMAND: POST /session/9a045c4a17e0def218bea7a69d7cd789/element - {"using":"xpath","value":"//*[@id=\"application-managecatalogs-display-component---detailCatalog--assignRUSearchField-vhi\"]"}
RESULT: {}
RESULT: {"using":"xpath","value":"//*[@id=\"application-managecatalogs-display-component---detailCatalog--assignRUSearchField-vhi\"]"}
COMMAND: POST /session/9a045c4a17e0def218bea7a69d7cd789/element/f.F2CC79D104176C4887E06893325B0B16.d.E15C4A659BBBD6B069BD130A9FA2B8DC.e.4700/click - {}
RESULT: {}
COMMAND: GET /session/9a045c4a17e0def218bea7a69d7cd789/screenshot - {}
RESULT: {}
COMMAND: POST /session/9a045c4a17e0def218bea7a69d7cd789/element - {"using":"xpath","value":"//input[contains(@id ,\"searchField-I\")]"}
RESULT: {"using":"xpath","value":"//input[contains(@id ,\"searchField-I\")]"}
COMMAND: POST /session/9a045c4a17e0def218bea7a69d7cd789/element/f.F2CC79D104176C4887E06893325B0B16.d.E15C4A659BBBD6B069BD130A9FA2B8DC.e.4702/clear - {}
RESULT: {}
COMMAND: POST /session/9a045c4a17e0def218bea7a69d7cd789/element/f.F2CC79D104176C4887E06893325B0B16.d.E15C4A659BBBD6B069BD130A9FA2B8DC.e.4702/value - {"text":"WdIOR2cEquipg4wzn"}
COMMAND: GET /session/9a045c4a17e0def218bea7a69d7cd789/screenshot - {}
RESULT: {"text":"WdIOR2cEquipg4wzn"}
COMMAND: GET /session/9a045c4a17e0def218bea7a69d7cd789/screenshot - {}
RESULT: {}
RESULT: {}
COMMAND: POST /session/9a045c4a17e0def218bea7a69d7cd789/actions - {"actions":[{"id":"action16","type":"key","parameters":{},"actions":[{"type":"keyDown","value":"î€‡"},{"type":"pause","duration":10},{"type":"keyUp","value":"î€‡"}]}]}
RESULT: {"actions":[{"id":"action16","type":"key","parameters":{},"actions":[{"type":"keyDown","value":"î€‡"},{"type":"pause","duration":10},{"type":"keyUp","value":"î€‡"}]}]}
COMMAND: GET /session/9a045c4a17e0def218bea7a69d7cd789/screenshot - {}
RESULT: {}
COMMAND: POST /session/9a045c4a17e0def218bea7a69d7cd789/actions - {"actions":[{"id":"action17","type":"key","parameters":{},"actions":[{"type":"keyDown","value":"î€„"},{"type":"pause","duration":10},{"type":"keyUp","value":"î€„"}]}]}
RESULT: {"actions":[{"id":"action17","type":"key","parameters":{},"actions":[{"type":"keyDown","value":"î€„"},{"type":"pause","duration":10},{"type":"keyUp","value":"î€„"}]}]}
COMMAND: GET /session/9a045c4a17e0def218bea7a69d7cd789/screenshot - {}
RESULT: {}
COMMAND: POST /session/9a045c4a17e0def218bea7a69d7cd789/actions - {"actions":[{"id":"action18","type":"key","parameters":{},"actions":[{"type":"keyDown","value":"î€‡"},{"type":"pause","duration":10},{"type":"keyUp","value":"î€‡"}]}]}
RESULT: {"actions":[{"id":"action18","type":"key","parameters":{},"actions":[{"type":"keyDown","value":"î€‡"},{"type":"pause","duration":10},{"type":"keyUp","value":"î€‡"}]}]}
COMMAND: GET /session/9a045c4a17e0def218bea7a69d7cd789/screenshot - {}
RESULT: {}
COMMAND: POST /session/9a045c4a17e0def218bea7a69d7cd789/element - {"using":"xpath","value":"//bdi[contains(@id ,\"application-managecatalogs-display-component---detailCatalog--RUAssignmentSaveButton-BDI-content\")]"}
RESULT: {"using":"xpath","value":"//bdi[contains(@id ,\"application-managecatalogs-display-component---detailCatalog--RUAssignmentSaveButton-BDI-content\")]"}
COMMAND: POST /session/9a045c4a17e0def218bea7a69d7cd789/element/f.F2CC79D104176C4887E06893325B0B16.d.E15C4A659BBBD6B069BD130A9FA2B8DC.e.4721/click - {}
RESULT: {}
COMMAND: GET /session/9a045c4a17e0def218bea7a69d7cd789/screenshot - {}
RESULT: {}
COMMAND: POST /session/9a045c4a17e0def218bea7a69d7cd789/element - {"using":"xpath","value":"//bdi[contains(@id ,\"application-managecatalogs-display-component---detailCatalog--ObjectPageLayout-anchBar-application-managecatalogs-display-component---detailCatalog--sectionRUs-anchor-BDI-content\")]"}
RESULT: {"using":"xpath","value":"//bdi[contains(@id ,\"application-managecatalogs-display-component---detailCatalog--ObjectPageLayout-anchBar-application-managecatalogs-display-component---detailCatalog--sectionRUs-anchor-BDI-content\")]"}
COMMAND: POST /session/9a045c4a17e0def218bea7a69d7cd789/element/f.F2CC79D104176C4887E06893325B0B16.d.E15C4A659BBBD6B069BD130A9FA2B8DC.e.4750/click - {}
RESULT: {}
COMMAND: GET /session/9a045c4a17e0def218bea7a69d7cd789/screenshot - {}
RESULT: {}
COMMAND: POST /session/9a045c4a17e0def218bea7a69d7cd789/element - {"using":"xpath","value":"//button[contains(@data-kt ,\"catalogItemAssignRuButton\")]"}
RESULT: {"using":"xpath","value":"//button[contains(@data-kt ,\"catalogItemAssignRuButton\")]"}
COMMAND: POST /session/9a045c4a17e0def218bea7a69d7cd789/element/f.F2CC79D104176C4887E06893325B0B16.d.E15C4A659BBBD6B069BD130A9FA2B8DC.e.4679/click - {}
RESULT: {}
COMMAND: GET /session/9a045c4a17e0def218bea7a69d7cd789/screenshot - {}
RESULT: {}
COMMAND: POST /session/9a045c4a17e0def218bea7a69d7cd789/actions - {"actions":[{"id":"action19","type":"key","parameters":{},"actions":[{"type":"keyDown","value":"î€‡"},{"type":"pause","duration":10},{"type":"keyUp","value":"î€‡"}]}]}
RESULT: {"actions":[{"id":"action19","type":"key","parameters":{},"actions":[{"type":"keyDown","value":"î€‡"},{"type":"pause","duration":10},{"type":"keyUp","value":"î€‡"}]}]}
RESULT: undefined
COMMAND: POST /session/9a045c4a17e0def218bea7a69d7cd789/element - {"using":"xpath","value":"//*[@id=\"application-managecatalogs-display-component---detailCatalog--assignRUSearchField-vhi\"]"}
COMMAND: GET /session/9a045c4a17e0def218bea7a69d7cd789/screenshot - {}
RESULT: {"using":"xpath","value":"//*[@id=\"application-managecatalogs-display-component---detailCatalog--assignRUSearchField-vhi\"]"}
COMMAND: POST /session/9a045c4a17e0def218bea7a69d7cd789/elements - {"using":"xpath","value":"//*[@id=\"application-managecatalogs-display-component---detailCatalog--assignRUSearchField-vhi\"]"}
RESULT: {}
RESULT: {"using":"xpath","value":"//*[@id=\"application-managecatalogs-display-component---detailCatalog--assignRUSearchField-vhi\"]"}
COMMAND: POST /session/9a045c4a17e0def218bea7a69d7cd789/element - {"using":"xpath","value":"//*[@id=\"application-managecatalogs-display-component---detailCatalog--assignRUSearchField-vhi\"]"}
RESULT: {"using":"xpath","value":"//*[@id=\"application-managecatalogs-display-component---detailCatalog--assignRUSearchField-vhi\"]"}
COMMAND: POST /session/9a045c4a17e0def218bea7a69d7cd789/element/f.F2CC79D104176C4887E06893325B0B16.d.E15C4A659BBBD6B069BD130A9FA2B8DC.e.4768/click - {}
RESULT: {}
COMMAND: POST /session/9a045c4a17e0def218bea7a69d7cd789/execute/async - {"script":"<script> [1562 bytes]","args":[{"selector":{"controlType":"sap.m.SearchField","viewName":"etm.portal.ui.managecatalogs.view.Detail","viewId":"application-managecatalogs-display-component---detailCatalog","searchOpenDialogs":true,"interaction":{"idSuffix":"I"}},"wdio_ui5_key":"etmportal.ui.managecatalogs.view.Detailsap.m.SearchField"}]}
COMMAND: GET /session/9a045c4a17e0def218bea7a69d7cd789/screenshot - {}
RESULT: {"script":"<script> [1562 bytes]","args":[{"selector":{"controlType":"sap.m.SearchField","viewName":"etm.portal.ui.managecatalogs.view.Detail","viewId":"application-managecatalogs-display-component---detailCatalog","searchOpenDialogs":true,"interaction":{"idSuffix":"I"}},"wdio_ui5_key":"etmportal.ui.managecatalogs.view.Detailsap.m.SearchField"}]}
RESULT: undefined
COMMAND: POST /session/9a045c4a17e0def218bea7a69d7cd789/execute/async - {"script":"<script> [776 bytes]","args":[{"enterText":"WebdriverRUR2C1eeoe","selector":{"controlType":"sap.m.SearchField","viewName":"etm.portal.ui.managecatalogs.view.Detail","viewId":"application-managecatalogs-display-component---detailCatalog","searchOpenDialogs":true,"interaction":{"idSuffix":"I"}},"clearTextFirst":true,"interactionType":"ENTER_TEXT"}]}
RESULT: {}
RESULT: {"script":"<script> [776 bytes]","args":[{"enterText":"WebdriverRUR2C1eeoe","selector":{"controlType":"sap.m.SearchField","viewName":"etm.portal.ui.managecatalogs.view.Detail","viewId":"application-managecatalogs-display-component---detailCatalog","searchOpenDialogs":true,"interaction":{"idSuffix":"I"}},"clearTextFirst":true,"interactionType":"ENTER_TEXT"}]}
COMMAND: POST /session/9a045c4a17e0def218bea7a69d7cd789/actions - {"actions":[{"id":"action20","type":"key","parameters":{},"actions":[{"type":"keyDown","value":"î€‡"},{"type":"pause","duration":10},{"type":"keyUp","value":"î€‡"}]}]}
RESULT: {"actions":[{"id":"action20","type":"key","parameters":{},"actions":[{"type":"keyDown","value":"î€‡"},{"type":"pause","duration":10},{"type":"keyUp","value":"î€‡"}]}]}
COMMAND: GET /session/9a045c4a17e0def218bea7a69d7cd789/screenshot - {}
RESULT: {}
COMMAND: POST /session/9a045c4a17e0def218bea7a69d7cd789/element - {"using":"xpath","value":"(//span[contains(text(), \"WebdriverRUR2C1eeoe\")])[1]"}
RESULT: {"using":"xpath","value":"(//span[contains(text(), \"WebdriverRUR2C1eeoe\")])[1]"}
COMMAND: POST /session/9a045c4a17e0def218bea7a69d7cd789/element/f.F2CC79D104176C4887E06893325B0B16.d.E15C4A659BBBD6B069BD130A9FA2B8DC.e.4786/click - {}
RESULT: {}
COMMAND: POST /session/9a045c4a17e0def218bea7a69d7cd789/execute/async - {"script":"<script> [1562 bytes]","args":[{"selector":{"id":"application-managecatalogs-display-component---detailCatalog--RUAssignmentSaveButton","searchOpenDialogs":true,"interaction":{"idSuffix":"BDI-content"}},"wdio_ui5_key":"applicationmanagecatalogs-display-component---detailCatalog--RUAssignmentSaveButton"}]}
COMMAND: GET /session/9a045c4a17e0def218bea7a69d7cd789/screenshot - {}
RESULT: {"script":"<script> [1562 bytes]","args":[{"selector":{"id":"application-managecatalogs-display-component---detailCatalog--RUAssignmentSaveButton","searchOpenDialogs":true,"interaction":{"idSuffix":"BDI-content"}},"wdio_ui5_key":"applicationmanagecatalogs-display-component---detailCatalog--RUAssignmentSaveButton"}]}
RESULT: undefined
COMMAND: POST /session/9a045c4a17e0def218bea7a69d7cd789/element - {"using":"xpath","value":"//*[@id=\"application-managecatalogs-display-component---detailCatalog--RUAssignmentSaveButton\"]"}
RESULT: {}
RESULT: {"using":"xpath","value":"//*[@id=\"application-managecatalogs-display-component---detailCatalog--RUAssignmentSaveButton\"]"}
COMMAND: POST /session/9a045c4a17e0def218bea7a69d7cd789/element/f.F2CC79D104176C4887E06893325B0B16.d.E15C4A659BBBD6B069BD130A9FA2B8DC.e.4789/click - {}
RESULT: {}
COMMAND: GET /session/9a045c4a17e0def218bea7a69d7cd789/screenshot - {}
RESULT: {}
COMMAND: POST /session/9a045c4a17e0def218bea7a69d7cd789/element - {"using":"xpath","value":"//bdi[contains(text(), \"Save\")]"}
RESULT: {"using":"xpath","value":"//bdi[contains(text(), \"Save\")]"}
COMMAND: POST /session/9a045c4a17e0def218bea7a69d7cd789/element/f.F2CC79D104176C4887E06893325B0B16.d.E15C4A659BBBD6B069BD130A9FA2B8DC.e.4799/click - {}
RESULT: {}
COMMAND: GET /session/9a045c4a17e0def218bea7a69d7cd789/screenshot - {}
RESULT: {}
COMMAND: POST /session/9a045c4a17e0def218bea7a69d7cd789/element - {"using":"css selector","value":"#shell-header-logo"}
RESULT: {"using":"css selector","value":"#shell-header-logo"}
COMMAND: POST /session/9a045c4a17e0def218bea7a69d7cd789/element/f.F2CC79D104176C4887E06893325B0B16.d.E15C4A659BBBD6B069BD130A9FA2B8DC.e.4476/click - {}
RESULT: {}
COMMAND: GET /session/9a045c4a17e0def218bea7a69d7cd789/screenshot - {}
RESULT: {}
]]></system-out>
    </testcase>
    <testcase classname="chrome.135_0_7049_96.windows.Standard_contract_-_add_contract_items_by_Insert_Request_US118222" name="Should create a new contract" time="82.043">
      <system-out><![CDATA[
COMMAND: POST /session/9a045c4a17e0def218bea7a69d7cd789/execute/async - {"script":"<script> [1562 bytes]","args":[{"selector":{"controlType":"sap.m.Text","viewName":"etm.portal.ui.managecontractstile.view.Master","properties":{"text":"Manage Contracts"},"interaction":{"idSuffix":"inner"}},"wdio_ui5_key":"etmportal.ui.managecontractstile.view.Mastersap.m.Text{\"text\":\"Manage Contracts\"}"}]}
RESULT: {"script":"<script> [1562 bytes]","args":[{"selector":{"controlType":"sap.m.Text","viewName":"etm.portal.ui.managecontractstile.view.Master","properties":{"text":"Manage Contracts"},"interaction":{"idSuffix":"inner"}},"wdio_ui5_key":"etmportal.ui.managecontractstile.view.Mastersap.m.Text{\"text\":\"Manage Contracts\"}"}]}
RESULT: undefined
COMMAND: POST /session/9a045c4a17e0def218bea7a69d7cd789/element - {"using":"xpath","value":"//*[@id=\"__tile130-title\"]"}
RESULT: {"using":"xpath","value":"//*[@id=\"__tile130-title\"]"}
COMMAND: POST /session/9a045c4a17e0def218bea7a69d7cd789/element/f.F2CC79D104176C4887E06893325B0B16.d.E15C4A659BBBD6B069BD130A9FA2B8DC.e.4833/click - {}
RESULT: {}
COMMAND: GET /session/9a045c4a17e0def218bea7a69d7cd789/screenshot - {}
RESULT: {}
COMMAND: POST /session/9a045c4a17e0def218bea7a69d7cd789/element - {"using":"xpath","value":"//button[@data-kt=\"addButton\"]"}
RESULT: {"using":"xpath","value":"//button[@data-kt=\"addButton\"]"}
COMMAND: POST /session/9a045c4a17e0def218bea7a69d7cd789/element/f.F2CC79D104176C4887E06893325B0B16.d.E15C4A659BBBD6B069BD130A9FA2B8DC.e.4887/click - {}
RESULT: {}
COMMAND: GET /session/9a045c4a17e0def218bea7a69d7cd789/screenshot - {}
RESULT: {}
COMMAND: POST /session/9a045c4a17e0def218bea7a69d7cd789/execute/async - {"script":"<script> [1562 bytes]","args":[{"selector":{"id":"application-managecontracts-display-component---AddNewContract--projectDescription","interaction":{"idSuffix":"inner"}},"wdio_ui5_key":"applicationmanagecontracts-display-component---AddNewContract--projectDescription"}]}
RESULT: {"script":"<script> [1562 bytes]","args":[{"selector":{"id":"application-managecontracts-display-component---AddNewContract--projectDescription","interaction":{"idSuffix":"inner"}},"wdio_ui5_key":"applicationmanagecontracts-display-component---AddNewContract--projectDescription"}]}
RESULT: undefined
COMMAND: POST /session/9a045c4a17e0def218bea7a69d7cd789/execute/async - {"script":"<script> [776 bytes]","args":[{"enterText":"WdIOR2cslypu","selector":{"id":"application-managecontracts-display-component---AddNewContract--projectDescription","interaction":{"idSuffix":"inner"}},"clearTextFirst":true,"interactionType":"ENTER_TEXT"}]}
RESULT: {"script":"<script> [776 bytes]","args":[{"enterText":"WdIOR2cslypu","selector":{"id":"application-managecontracts-display-component---AddNewContract--projectDescription","interaction":{"idSuffix":"inner"}},"clearTextFirst":true,"interactionType":"ENTER_TEXT"}]}
COMMAND: POST /session/9a045c4a17e0def218bea7a69d7cd789/element - {"using":"xpath","value":"//input[@id=\"application-managecontracts-display-component---AddNewContract--yardId-inner\"]"}
RESULT: {"using":"xpath","value":"//input[@id=\"application-managecontracts-display-component---AddNewContract--yardId-inner\"]"}
COMMAND: POST /session/9a045c4a17e0def218bea7a69d7cd789/element/f.F2CC79D104176C4887E06893325B0B16.d.E15C4A659BBBD6B069BD130A9FA2B8DC.e.5171/clear - {}
RESULT: {}
COMMAND: POST /session/9a045c4a17e0def218bea7a69d7cd789/element/f.F2CC79D104176C4887E06893325B0B16.d.E15C4A659BBBD6B069BD130A9FA2B8DC.e.5171/value - {"text":"WebdriverYardlcmp4f"}
COMMAND: GET /session/9a045c4a17e0def218bea7a69d7cd789/screenshot - {}
RESULT: {"text":"WebdriverYardlcmp4f"}
COMMAND: GET /session/9a045c4a17e0def218bea7a69d7cd789/screenshot - {}
RESULT: {}
RESULT: {}
COMMAND: POST /session/9a045c4a17e0def218bea7a69d7cd789/actions - {"actions":[{"id":"action21","type":"key","parameters":{},"actions":[{"type":"keyDown","value":"î€‡"},{"type":"pause","duration":10},{"type":"keyUp","value":"î€‡"}]}]}
RESULT: {"actions":[{"id":"action21","type":"key","parameters":{},"actions":[{"type":"keyDown","value":"î€‡"},{"type":"pause","duration":10},{"type":"keyUp","value":"î€‡"}]}]}
COMMAND: GET /session/9a045c4a17e0def218bea7a69d7cd789/screenshot - {}
RESULT: {}
COMMAND: POST /session/9a045c4a17e0def218bea7a69d7cd789/element - {"using":"xpath","value":"//input[@id=\"application-managecontracts-display-component---AddNewContract--customerSelect-inner\"]"}
RESULT: {"using":"xpath","value":"//input[@id=\"application-managecontracts-display-component---AddNewContract--customerSelect-inner\"]"}
COMMAND: POST /session/9a045c4a17e0def218bea7a69d7cd789/element/f.F2CC79D104176C4887E06893325B0B16.d.E15C4A659BBBD6B069BD130A9FA2B8DC.e.5169/clear - {}
RESULT: {}
COMMAND: POST /session/9a045c4a17e0def218bea7a69d7cd789/element/f.F2CC79D104176C4887E06893325B0B16.d.E15C4A659BBBD6B069BD130A9FA2B8DC.e.5169/value - {"text":"WebdriverPartnereuf9p"}
COMMAND: GET /session/9a045c4a17e0def218bea7a69d7cd789/screenshot - {}
RESULT: {"text":"WebdriverPartnereuf9p"}
COMMAND: GET /session/9a045c4a17e0def218bea7a69d7cd789/screenshot - {}
RESULT: {}
RESULT: {}
COMMAND: POST /session/9a045c4a17e0def218bea7a69d7cd789/actions - {"actions":[{"id":"action22","type":"key","parameters":{},"actions":[{"type":"keyDown","value":"î€‡"},{"type":"pause","duration":10},{"type":"keyUp","value":"î€‡"}]}]}
RESULT: {"actions":[{"id":"action22","type":"key","parameters":{},"actions":[{"type":"keyDown","value":"î€‡"},{"type":"pause","duration":10},{"type":"keyUp","value":"î€‡"}]}]}
COMMAND: GET /session/9a045c4a17e0def218bea7a69d7cd789/screenshot - {}
RESULT: {}
COMMAND: POST /session/9a045c4a17e0def218bea7a69d7cd789/element - {"using":"xpath","value":"//input[@id=\"application-managecontracts-display-component---AddNewContract--site-inner\"]"}
RESULT: {"using":"xpath","value":"//input[@id=\"application-managecontracts-display-component---AddNewContract--site-inner\"]"}
COMMAND: POST /session/9a045c4a17e0def218bea7a69d7cd789/element/f.F2CC79D104176C4887E06893325B0B16.d.E15C4A659BBBD6B069BD130A9FA2B8DC.e.5170/clear - {}
RESULT: {}
COMMAND: POST /session/9a045c4a17e0def218bea7a69d7cd789/element/f.F2CC79D104176C4887E06893325B0B16.d.E15C4A659BBBD6B069BD130A9FA2B8DC.e.5170/value - {"text":"WebdriverSitex0ldn"}
COMMAND: GET /session/9a045c4a17e0def218bea7a69d7cd789/screenshot - {}
RESULT: {"text":"WebdriverSitex0ldn"}
COMMAND: GET /session/9a045c4a17e0def218bea7a69d7cd789/screenshot - {}
RESULT: {}
RESULT: {}
COMMAND: POST /session/9a045c4a17e0def218bea7a69d7cd789/actions - {"actions":[{"id":"action23","type":"key","parameters":{},"actions":[{"type":"keyDown","value":"î€‡"},{"type":"pause","duration":10},{"type":"keyUp","value":"î€‡"}]}]}
RESULT: {"actions":[{"id":"action23","type":"key","parameters":{},"actions":[{"type":"keyDown","value":"î€‡"},{"type":"pause","duration":10},{"type":"keyUp","value":"î€‡"}]}]}
COMMAND: GET /session/9a045c4a17e0def218bea7a69d7cd789/screenshot - {}
RESULT: {}
COMMAND: POST /session/9a045c4a17e0def218bea7a69d7cd789/element - {"using":"xpath","value":"//button[@data-kt=\"saveButton\"]"}
RESULT: {"using":"xpath","value":"//button[@data-kt=\"saveButton\"]"}
COMMAND: POST /session/9a045c4a17e0def218bea7a69d7cd789/element/f.F2CC79D104176C4887E06893325B0B16.d.E15C4A659BBBD6B069BD130A9FA2B8DC.e.5193/click - {}
RESULT: {}
COMMAND: GET /session/9a045c4a17e0def218bea7a69d7cd789/screenshot - {}
RESULT: {}
COMMAND: POST /session/9a045c4a17e0def218bea7a69d7cd789/execute/async - {"script":"<script> [1562 bytes]","args":[{"selector":{"id":"contractDetailTitleNoExpanded","viewName":"etm.portal.ui.managecontracts.view.Detail"},"wdio_ui5_key":"contractDetailTitleNoExpandedetmportal.ui.managecontracts.view.Detail"}]}
RESULT: {"script":"<script> [1562 bytes]","args":[{"selector":{"id":"contractDetailTitleNoExpanded","viewName":"etm.portal.ui.managecontracts.view.Detail"},"wdio_ui5_key":"contractDetailTitleNoExpandedetmportal.ui.managecontracts.view.Detail"}]}
RESULT: undefined
COMMAND: POST /session/9a045c4a17e0def218bea7a69d7cd789/execute/async - {"script":"<script> [6424 bytes]","args":[{"element-6066-11e4-a52e-4f735466cecf":"f.F2CC79D104176C4887E06893325B0B16.d.E15C4A659BBBD6B069BD130A9FA2B8DC.e.5274"},"getText",[]]}
RESULT: {"script":"<script> [6424 bytes]","args":[{"element-6066-11e4-a52e-4f735466cecf":"f.F2CC79D104176C4887E06893325B0B16.d.E15C4A659BBBD6B069BD130A9FA2B8DC.e.5274"},"getText",[]]}
]]></system-out>
    </testcase>
    <testcase classname="chrome.135_0_7049_96.windows.Standard_contract_-_add_contract_items_by_Insert_Request_US118222" name="Should create a new request and plan it" time="151.478">
      <system-out><![CDATA[
COMMAND: POST /session/9a045c4a17e0def218bea7a69d7cd789/element - {"using":"css selector","value":"#shell-header-logo"}
RESULT: {"using":"css selector","value":"#shell-header-logo"}
COMMAND: POST /session/9a045c4a17e0def218bea7a69d7cd789/element/f.F2CC79D104176C4887E06893325B0B16.d.E15C4A659BBBD6B069BD130A9FA2B8DC.e.4836/click - {}
RESULT: {}
COMMAND: GET /session/9a045c4a17e0def218bea7a69d7cd789/screenshot - {}
RESULT: {}
COMMAND: POST /session/9a045c4a17e0def218bea7a69d7cd789/execute/async - {"script":"<script> [1562 bytes]","args":[{"selector":{"controlType":"sap.m.GenericTile","properties":{"header":"Manage Requests"}},"wdio_ui5_key":"sapm.GenericTile{\"header\":\"Manage Requests\"}"}]}
RESULT: {"script":"<script> [1562 bytes]","args":[{"selector":{"controlType":"sap.m.GenericTile","properties":{"header":"Manage Requests"}},"wdio_ui5_key":"sapm.GenericTile{\"header\":\"Manage Requests\"}"}]}
RESULT: undefined
COMMAND: POST /session/9a045c4a17e0def218bea7a69d7cd789/element - {"using":"xpath","value":"//*[@id=\"__tile47\"]"}
RESULT: {"using":"xpath","value":"//*[@id=\"__tile47\"]"}
COMMAND: POST /session/9a045c4a17e0def218bea7a69d7cd789/element/f.F2CC79D104176C4887E06893325B0B16.d.E15C4A659BBBD6B069BD130A9FA2B8DC.e.5277/click - {}
RESULT: {}
COMMAND: GET /session/9a045c4a17e0def218bea7a69d7cd789/screenshot - {}
RESULT: {}
COMMAND: POST /session/9a045c4a17e0def218bea7a69d7cd789/element - {"using":"xpath","value":"//button[contains(@data-kt ,\"btnCreateNewOverflowToolbarButton\")]"}
COMMAND: POST /session/9a045c4a17e0def218bea7a69d7cd789/element - {"using":"xpath","value":"(//span[contains(@class ,\"sapMObjStatusText\")])[1]"}
RESULT: {"using":"xpath","value":"//button[contains(@data-kt ,\"btnCreateNewOverflowToolbarButton\")]"}
COMMAND: POST /session/9a045c4a17e0def218bea7a69d7cd789/element/f.F2CC79D104176C4887E06893325B0B16.d.E15C4A659BBBD6B069BD130A9FA2B8DC.e.5316/click - {}
RESULT: {"using":"xpath","value":"(//span[contains(@class ,\"sapMObjStatusText\")])[1]"}
COMMAND: POST /session/9a045c4a17e0def218bea7a69d7cd789/execute/sync - {"script":"<script> [8489 bytes]","args":[{"element-6066-11e4-a52e-4f735466cecf":"f.F2CC79D104176C4887E06893325B0B16.d.E15C4A659BBBD6B069BD130A9FA2B8DC.e.5386","ELEMENT":"f.F2CC79D104176C4887E06893325B0B16.d.E15C4A659BBBD6B069BD130A9FA2B8DC.e.5386"}]}
RESULT: {}
COMMAND: GET /session/9a045c4a17e0def218bea7a69d7cd789/screenshot - {}
RESULT: {"script":"<script> [8489 bytes]","args":[{"element-6066-11e4-a52e-4f735466cecf":"f.F2CC79D104176C4887E06893325B0B16.d.E15C4A659BBBD6B069BD130A9FA2B8DC.e.5386","ELEMENT":"f.F2CC79D104176C4887E06893325B0B16.d.E15C4A659BBBD6B069BD130A9FA2B8DC.e.5386"}]}
COMMAND: GET /session/9a045c4a17e0def218bea7a69d7cd789/screenshot - {}
RESULT: {}
RESULT: {}
COMMAND: POST /session/9a045c4a17e0def218bea7a69d7cd789/element - {"using":"xpath","value":"//input[contains(@id ,\"yardId-inner\")]"}
RESULT: {"using":"xpath","value":"//input[contains(@id ,\"yardId-inner\")]"}
COMMAND: POST /session/9a045c4a17e0def218bea7a69d7cd789/execute/sync - {"script":"<script> [8489 bytes]","args":[{"element-6066-11e4-a52e-4f735466cecf":"f.F2CC79D104176C4887E06893325B0B16.d.E15C4A659BBBD6B069BD130A9FA2B8DC.e.5579","ELEMENT":"f.F2CC79D104176C4887E06893325B0B16.d.E15C4A659BBBD6B069BD130A9FA2B8DC.e.5579"}]}
RESULT: {"script":"<script> [8489 bytes]","args":[{"element-6066-11e4-a52e-4f735466cecf":"f.F2CC79D104176C4887E06893325B0B16.d.E15C4A659BBBD6B069BD130A9FA2B8DC.e.5579","ELEMENT":"f.F2CC79D104176C4887E06893325B0B16.d.E15C4A659BBBD6B069BD130A9FA2B8DC.e.5579"}]}
COMMAND: POST /session/9a045c4a17e0def218bea7a69d7cd789/element - {"using":"xpath","value":"//input[contains(@id ,\"requestContractNo-inner\")]"}
COMMAND: POST /session/9a045c4a17e0def218bea7a69d7cd789/element - {"using":"xpath","value":"//input[contains(@id ,\"requestContractNo-inner\")]"}
COMMAND: GET /session/9a045c4a17e0def218bea7a69d7cd789/screenshot - {}
RESULT: {"using":"xpath","value":"//input[contains(@id ,\"requestContractNo-inner\")]"}
COMMAND: POST /session/9a045c4a17e0def218bea7a69d7cd789/element/f.F2CC79D104176C4887E06893325B0B16.d.E15C4A659BBBD6B069BD130A9FA2B8DC.e.5574/value - {"text":"10441"}
RESULT: {"using":"xpath","value":"//input[contains(@id ,\"requestContractNo-inner\")]"}
COMMAND: GET /session/9a045c4a17e0def218bea7a69d7cd789/element/f.F2CC79D104176C4887E06893325B0B16.d.E15C4A659BBBD6B069BD130A9FA2B8DC.e.5574/enabled - {}
RESULT: {}
RESULT: {"text":"10441"}
COMMAND: GET /session/9a045c4a17e0def218bea7a69d7cd789/screenshot - {}
RESULT: {}
COMMAND: GET /session/9a045c4a17e0def218bea7a69d7cd789/screenshot - {}
RESULT: {}
RESULT: {}
COMMAND: POST /session/9a045c4a17e0def218bea7a69d7cd789/actions - {"actions":[{"id":"action24","type":"key","parameters":{},"actions":[{"type":"keyDown","value":"î€‡"},{"type":"pause","duration":10},{"type":"keyUp","value":"î€‡"}]}]}
RESULT: {"actions":[{"id":"action24","type":"key","parameters":{},"actions":[{"type":"keyDown","value":"î€‡"},{"type":"pause","duration":10},{"type":"keyUp","value":"î€‡"}]}]}
COMMAND: GET /session/9a045c4a17e0def218bea7a69d7cd789/screenshot - {}
RESULT: {}
COMMAND: POST /session/9a045c4a17e0def218bea7a69d7cd789/execute/async - {"script":"<script> [1562 bytes]","args":[{"selector":{"controlType":"sap.ui.core.Icon","viewName":"etm.portal.ui.managerequests.view.NewRequest","properties":{"src":{"regex":{"source":"add"}}}},"wdio_ui5_key":"etmportal.ui.managerequests.view.NewRequestsap.ui.core.Icon{\"src\":{\"regex\":{\"source\":\"add\"}}}"}]}
RESULT: {"script":"<script> [1562 bytes]","args":[{"selector":{"controlType":"sap.ui.core.Icon","viewName":"etm.portal.ui.managerequests.view.NewRequest","properties":{"src":{"regex":{"source":"add"}}}},"wdio_ui5_key":"etmportal.ui.managerequests.view.NewRequestsap.ui.core.Icon{\"src\":{\"regex\":{\"source\":\"add\"}}}"}]}
RESULT: undefined
COMMAND: POST /session/9a045c4a17e0def218bea7a69d7cd789/element - {"using":"xpath","value":"//*[@id=\"__xmlview61--btnAddTableRow-img\"]"}
RESULT: {"using":"xpath","value":"//*[@id=\"__xmlview61--btnAddTableRow-img\"]"}
COMMAND: POST /session/9a045c4a17e0def218bea7a69d7cd789/element/f.F2CC79D104176C4887E06893325B0B16.d.E15C4A659BBBD6B069BD130A9FA2B8DC.e.5553/click - {}
RESULT: {}
COMMAND: GET /session/9a045c4a17e0def218bea7a69d7cd789/screenshot - {}
RESULT: {}
COMMAND: POST /session/9a045c4a17e0def218bea7a69d7cd789/execute/async - {"script":"<script> [1562 bytes]","args":[{"selector":{"controlType":"sap.ui.unified.MenuItem","viewName":"etm.portal.ui.managerequests.view.NewRequest","i18NText":{"propertyName":"text","key":"standardEntry"},"searchOpenDialogs":true,"interaction":{"idSuffix":"txt"}},"wdio_ui5_key":"etmportal.ui.managerequests.view.NewRequestsap.ui.unified.MenuItem{\"propertyName\":\"text\",\"key\":\"standardEntry\"}"}]}
RESULT: {"script":"<script> [1562 bytes]","args":[{"selector":{"controlType":"sap.ui.unified.MenuItem","viewName":"etm.portal.ui.managerequests.view.NewRequest","i18NText":{"propertyName":"text","key":"standardEntry"},"searchOpenDialogs":true,"interaction":{"idSuffix":"txt"}},"wdio_ui5_key":"etmportal.ui.managerequests.view.NewRequestsap.ui.unified.MenuItem{\"propertyName\":\"text\",\"key\":\"standardEntry\"}"}]}
RESULT: undefined
COMMAND: POST /session/9a045c4a17e0def218bea7a69d7cd789/element - {"using":"xpath","value":"//*[@id=\"__item2267\"]"}
RESULT: {"using":"xpath","value":"//*[@id=\"__item2267\"]"}
COMMAND: POST /session/9a045c4a17e0def218bea7a69d7cd789/element/f.F2CC79D104176C4887E06893325B0B16.d.E15C4A659BBBD6B069BD130A9FA2B8DC.e.5739/click - {}
RESULT: {}
COMMAND: GET /session/9a045c4a17e0def218bea7a69d7cd789/screenshot - {}
RESULT: {}
RESULT: undefined
COMMAND: POST /session/9a045c4a17e0def218bea7a69d7cd789/element - {"using":"xpath","value":"//*[@id=\"__xmlview61--btnAddTableRow-img\"]"}
RESULT: {"using":"xpath","value":"//*[@id=\"__xmlview61--btnAddTableRow-img\"]"}
COMMAND: POST /session/9a045c4a17e0def218bea7a69d7cd789/element/f.F2CC79D104176C4887E06893325B0B16.d.E15C4A659BBBD6B069BD130A9FA2B8DC.e.5553/click - {}
RESULT: {}
COMMAND: GET /session/9a045c4a17e0def218bea7a69d7cd789/screenshot - {}
RESULT: {}
RESULT: undefined
COMMAND: POST /session/9a045c4a17e0def218bea7a69d7cd789/element - {"using":"xpath","value":"//*[@id=\"__item2267\"]"}
RESULT: {"using":"xpath","value":"//*[@id=\"__item2267\"]"}
COMMAND: POST /session/9a045c4a17e0def218bea7a69d7cd789/element/f.F2CC79D104176C4887E06893325B0B16.d.E15C4A659BBBD6B069BD130A9FA2B8DC.e.5751/click - {}
RESULT: {}
COMMAND: GET /session/9a045c4a17e0def218bea7a69d7cd789/screenshot - {}
RESULT: {}
COMMAND: POST /session/9a045c4a17e0def218bea7a69d7cd789/element - {"using":"xpath","value":"(//input[contains(@id ,\"requestItemsTable-0-inner\")])[1]"}
RESULT: {"using":"xpath","value":"(//input[contains(@id ,\"requestItemsTable-0-inner\")])[1]"}
COMMAND: POST /session/9a045c4a17e0def218bea7a69d7cd789/element/f.F2CC79D104176C4887E06893325B0B16.d.E15C4A659BBBD6B069BD130A9FA2B8DC.e.5741/clear - {}
RESULT: {}
COMMAND: POST /session/9a045c4a17e0def218bea7a69d7cd789/element/f.F2CC79D104176C4887E06893325B0B16.d.E15C4A659BBBD6B069BD130A9FA2B8DC.e.5741/value - {"text":"catalogItemwfjewk"}
COMMAND: GET /session/9a045c4a17e0def218bea7a69d7cd789/screenshot - {}
RESULT: {"text":"catalogItemwfjewk"}
COMMAND: GET /session/9a045c4a17e0def218bea7a69d7cd789/screenshot - {}
RESULT: {}
RESULT: {}
COMMAND: POST /session/9a045c4a17e0def218bea7a69d7cd789/actions - {"actions":[{"id":"action25","type":"key","parameters":{},"actions":[{"type":"keyDown","value":"î€‡"},{"type":"pause","duration":10},{"type":"keyUp","value":"î€‡"}]}]}
RESULT: {"actions":[{"id":"action25","type":"key","parameters":{},"actions":[{"type":"keyDown","value":"î€‡"},{"type":"pause","duration":10},{"type":"keyUp","value":"î€‡"}]}]}
COMMAND: POST /session/9a045c4a17e0def218bea7a69d7cd789/element - {"using":"xpath","value":"(//input[contains(@id ,\"requestItemsTable-1-inner\")])[1]"}
COMMAND: GET /session/9a045c4a17e0def218bea7a69d7cd789/screenshot - {}
RESULT: {"using":"xpath","value":"(//input[contains(@id ,\"requestItemsTable-1-inner\")])[1]"}
COMMAND: POST /session/9a045c4a17e0def218bea7a69d7cd789/element/f.F2CC79D104176C4887E06893325B0B16.d.E15C4A659BBBD6B069BD130A9FA2B8DC.e.5753/clear - {}
RESULT: {}
RESULT: {}
COMMAND: POST /session/9a045c4a17e0def218bea7a69d7cd789/element/f.F2CC79D104176C4887E06893325B0B16.d.E15C4A659BBBD6B069BD130A9FA2B8DC.e.5753/value - {"text":"catalogItemwfjewk"}
COMMAND: GET /session/9a045c4a17e0def218bea7a69d7cd789/screenshot - {}
RESULT: {"text":"catalogItemwfjewk"}
COMMAND: GET /session/9a045c4a17e0def218bea7a69d7cd789/screenshot - {}
RESULT: {}
RESULT: {}
COMMAND: POST /session/9a045c4a17e0def218bea7a69d7cd789/actions - {"actions":[{"id":"action26","type":"key","parameters":{},"actions":[{"type":"keyDown","value":"î€‡"},{"type":"pause","duration":10},{"type":"keyUp","value":"î€‡"}]}]}
RESULT: {"actions":[{"id":"action26","type":"key","parameters":{},"actions":[{"type":"keyDown","value":"î€‡"},{"type":"pause","duration":10},{"type":"keyUp","value":"î€‡"}]}]}
COMMAND: GET /session/9a045c4a17e0def218bea7a69d7cd789/screenshot - {}
RESULT: {}
COMMAND: POST /session/9a045c4a17e0def218bea7a69d7cd789/execute/async - {"script":"<script> [1562 bytes]","args":[{"selector":{"controlType":"sap.ui.core.Icon","viewName":"etm.portal.ui.managerequests.view.NewRequest","properties":{"src":{"regex":{"source":"slim\\-arrow\\-down"}}},"ancestor":{"controlType":"sap.m.Button","viewName":"etm.portal.ui.managerequests.view.NewRequest","properties":{"icon":"sap-icon://slim-arrow-down"}}},"wdio_ui5_key":"etmportal.ui.managerequests.view.NewRequestsap.ui.core.Icon{\"src\":{\"regex\":{\"source\":\"slim\\\\-arrow\\\\-down\"}}}{\"controlType\":\"sap.m.Button\",\"viewName\":\"etm.portal.ui.managerequests.view.NewRequest\",\"properties\":{\"icon\":\"sap-icon://slim-arrow-down\"}}"}]}
RESULT: {"script":"<script> [1562 bytes]","args":[{"selector":{"controlType":"sap.ui.core.Icon","viewName":"etm.portal.ui.managerequests.view.NewRequest","properties":{"src":{"regex":{"source":"slim\\-arrow\\-down"}}},"ancestor":{"controlType":"sap.m.Button","viewName":"etm.portal.ui.managerequests.view.NewRequest","properties":{"icon":"sap-icon://slim-arrow-down"}}},"wdio_ui5_key":"etmportal.ui.managerequests.view.NewRequestsap.ui.core.Icon{\"src\":{\"regex\":{\"source\":\"slim\\\\-arrow\\\\-down\"}}}{\"controlType\":\"sap.m.Button\",\"viewName\":\"etm.portal.ui.managerequests.view.NewRequest\",\"properties\":{\"icon\":\"sap-icon://slim-arrow-down\"}}"}]}
RESULT: undefined
COMMAND: POST /session/9a045c4a17e0def218bea7a69d7cd789/element - {"using":"xpath","value":"//*[@id=\"__title48-expandBtn-img\"]"}
RESULT: {"using":"xpath","value":"//*[@id=\"__title48-expandBtn-img\"]"}
COMMAND: POST /session/9a045c4a17e0def218bea7a69d7cd789/element/f.F2CC79D104176C4887E06893325B0B16.d.E15C4A659BBBD6B069BD130A9FA2B8DC.e.5773/click - {}
RESULT: {}
COMMAND: POST /session/9a045c4a17e0def218bea7a69d7cd789/element - {"using":"xpath","value":"//div[contains(@data-kt ,\"splitAllocationObjectStatus\")]"}
COMMAND: GET /session/9a045c4a17e0def218bea7a69d7cd789/screenshot - {}
RESULT: {"using":"xpath","value":"//div[contains(@data-kt ,\"splitAllocationObjectStatus\")]"}
COMMAND: POST /session/9a045c4a17e0def218bea7a69d7cd789/elements - {"using":"xpath","value":"//div[contains(@data-kt ,\"splitAllocationObjectStatus\")]"}
RESULT: {}
RESULT: {"using":"xpath","value":"//div[contains(@data-kt ,\"splitAllocationObjectStatus\")]"}
COMMAND: POST /session/9a045c4a17e0def218bea7a69d7cd789/execute/async - {"script":"<script> [1562 bytes]","args":[{"selector":{"controlType":"sap.ui.core.Icon","viewName":"etm.portal.ui.managerequests.view.NewRequest","properties":{"src":{"regex":{"source":"message\\-error"}}},"ancestor":{"controlType":"sap.m.ColumnListItem","viewName":"etm.portal.ui.managerequests.view.NewRequest","bindingPath":{"modelName":"newRequestItems","path":"/RequestItems/0"},"ancestor":{"id":"requestItemsTable","viewName":"etm.portal.ui.managerequests.view.NewRequest"}}},"wdio_ui5_key":"etmportal.ui.managerequests.view.NewRequestsap.ui.core.Icon{\"src\":{\"regex\":{\"source\":\"message\\\\-error\"}}}{\"controlType\":\"sap.m.ColumnListItem\",\"viewName\":\"etm.portal.ui.managerequests.view.NewRequest\",\"bindingPath\":{\"modelName\":\"newRequestItems\",\"path\":\"/RequestItems/0\"},\"ancestor\":{\"id\":\"requestItemsTable\",\"viewName\":\"etm.portal.ui.managerequests.view.NewRequest\"}}"}]}
RESULT: {"script":"<script> [1562 bytes]","args":[{"selector":{"controlType":"sap.ui.core.Icon","viewName":"etm.portal.ui.managerequests.view.NewRequest","properties":{"src":{"regex":{"source":"message\\-error"}}},"ancestor":{"controlType":"sap.m.ColumnListItem","viewName":"etm.portal.ui.managerequests.view.NewRequest","bindingPath":{"modelName":"newRequestItems","path":"/RequestItems/0"},"ancestor":{"id":"requestItemsTable","viewName":"etm.portal.ui.managerequests.view.NewRequest"}}},"wdio_ui5_key":"etmportal.ui.managerequests.view.NewRequestsap.ui.core.Icon{\"src\":{\"regex\":{\"source\":\"message\\\\-error\"}}}{\"controlType\":\"sap.m.ColumnListItem\",\"viewName\":\"etm.portal.ui.managerequests.view.NewRequest\",\"bindingPath\":{\"modelName\":\"newRequestItems\",\"path\":\"/RequestItems/0\"},\"ancestor\":{\"id\":\"requestItemsTable\",\"viewName\":\"etm.portal.ui.managerequests.view.NewRequest\"}}"}]}
RESULT: undefined
COMMAND: POST /session/9a045c4a17e0def218bea7a69d7cd789/element - {"using":"xpath","value":"//*[@id=\"__status15-__xmlview61--requestItemsTable-0-icon\"]"}
RESULT: {"using":"xpath","value":"//*[@id=\"__status15-__xmlview61--requestItemsTable-0-icon\"]"}
COMMAND: POST /session/9a045c4a17e0def218bea7a69d7cd789/element/f.F2CC79D104176C4887E06893325B0B16.d.E15C4A659BBBD6B069BD130A9FA2B8DC.e.5778/click - {}
RESULT: {}
COMMAND: GET /session/9a045c4a17e0def218bea7a69d7cd789/screenshot - {}
RESULT: {}
COMMAND: POST /session/9a045c4a17e0def218bea7a69d7cd789/execute/async - {"script":"<script> [1562 bytes]","args":[{"selector":{"id":"costObjectAdminTypeComboBox","viewName":"etm.portal.ui.managerequests.view.NewRequest","searchOpenDialogs":true,"interaction":{"idSuffix":"inner"}},"wdio_ui5_key":"costObjectAdminTypeComboBoxetmportal.ui.managerequests.view.NewRequest"}]}
RESULT: {"script":"<script> [1562 bytes]","args":[{"selector":{"id":"costObjectAdminTypeComboBox","viewName":"etm.portal.ui.managerequests.view.NewRequest","searchOpenDialogs":true,"interaction":{"idSuffix":"inner"}},"wdio_ui5_key":"costObjectAdminTypeComboBoxetmportal.ui.managerequests.view.NewRequest"}]}
RESULT: undefined
COMMAND: POST /session/9a045c4a17e0def218bea7a69d7cd789/execute/async - {"script":"<script> [776 bytes]","args":[{"enterText":"Cost Center","selector":{"id":"costObjectAdminTypeComboBox","viewName":"etm.portal.ui.managerequests.view.NewRequest","searchOpenDialogs":true,"interaction":{"idSuffix":"inner"}},"clearTextFirst":true,"interactionType":"ENTER_TEXT"}]}
RESULT: {"script":"<script> [776 bytes]","args":[{"enterText":"Cost Center","selector":{"id":"costObjectAdminTypeComboBox","viewName":"etm.portal.ui.managerequests.view.NewRequest","searchOpenDialogs":true,"interaction":{"idSuffix":"inner"}},"clearTextFirst":true,"interactionType":"ENTER_TEXT"}]}
COMMAND: POST /session/9a045c4a17e0def218bea7a69d7cd789/actions - {"actions":[{"id":"action27","type":"key","parameters":{},"actions":[{"type":"keyDown","value":"î€‡"},{"type":"pause","duration":10},{"type":"keyUp","value":"î€‡"}]}]}
RESULT: {"actions":[{"id":"action27","type":"key","parameters":{},"actions":[{"type":"keyDown","value":"î€‡"},{"type":"pause","duration":10},{"type":"keyUp","value":"î€‡"}]}]}
COMMAND: GET /session/9a045c4a17e0def218bea7a69d7cd789/screenshot - {}
RESULT: {}
COMMAND: POST /session/9a045c4a17e0def218bea7a69d7cd789/execute/async - {"script":"<script> [1562 bytes]","args":[{"selector":{"controlType":"sap.ui.core.Icon","viewName":"etm.portal.ui.managerequests.view.NewRequest","properties":{"src":{"regex":{"source":"value\\-help"}}},"searchOpenDialogs":true},"wdio_ui5_key":"etmportal.ui.managerequests.view.NewRequestsap.ui.core.Icon{\"src\":{\"regex\":{\"source\":\"value\\\\-help\"}}}"}]}
RESULT: {"script":"<script> [1562 bytes]","args":[{"selector":{"controlType":"sap.ui.core.Icon","viewName":"etm.portal.ui.managerequests.view.NewRequest","properties":{"src":{"regex":{"source":"value\\-help"}}},"searchOpenDialogs":true},"wdio_ui5_key":"etmportal.ui.managerequests.view.NewRequestsap.ui.core.Icon{\"src\":{\"regex\":{\"source\":\"value\\\\-help\"}}}"}]}
RESULT: undefined
COMMAND: POST /session/9a045c4a17e0def218bea7a69d7cd789/element - {"using":"xpath","value":"//*[@id=\"__xmlview61--costObjectIdComboBox-vhi\"]"}
RESULT: {"using":"xpath","value":"//*[@id=\"__xmlview61--costObjectIdComboBox-vhi\"]"}
COMMAND: POST /session/9a045c4a17e0def218bea7a69d7cd789/element/f.F2CC79D104176C4887E06893325B0B16.d.E15C4A659BBBD6B069BD130A9FA2B8DC.e.5792/click - {}
RESULT: {}
COMMAND: POST /session/9a045c4a17e0def218bea7a69d7cd789/execute/async - {"script":"<script> [1562 bytes]","args":[{"selector":{"controlType":"sap.m.SearchField","properties":{"placeholder":"Search"},"searchOpenDialogs":true,"interaction":{"idSuffix":"I"}},"wdio_ui5_key":"sapm.SearchField{\"placeholder\":\"Search\"}"}]}
COMMAND: GET /session/9a045c4a17e0def218bea7a69d7cd789/screenshot - {}
RESULT: {"script":"<script> [1562 bytes]","args":[{"selector":{"controlType":"sap.m.SearchField","properties":{"placeholder":"Search"},"searchOpenDialogs":true,"interaction":{"idSuffix":"I"}},"wdio_ui5_key":"sapm.SearchField{\"placeholder\":\"Search\"}"}]}
RESULT: undefined
COMMAND: POST /session/9a045c4a17e0def218bea7a69d7cd789/execute/async - {"script":"<script> [776 bytes]","args":[{"enterText":"10001013","selector":{"controlType":"sap.m.SearchField","properties":{"placeholder":"Search"},"searchOpenDialogs":true,"interaction":{"idSuffix":"I"}},"clearTextFirst":true,"interactionType":"ENTER_TEXT"}]}
RESULT: {}
RESULT: {"script":"<script> [776 bytes]","args":[{"enterText":"10001013","selector":{"controlType":"sap.m.SearchField","properties":{"placeholder":"Search"},"searchOpenDialogs":true,"interaction":{"idSuffix":"I"}},"clearTextFirst":true,"interactionType":"ENTER_TEXT"}]}
COMMAND: POST /session/9a045c4a17e0def218bea7a69d7cd789/actions - {"actions":[{"id":"action28","type":"key","parameters":{},"actions":[{"type":"keyDown","value":"î€‡"},{"type":"pause","duration":10},{"type":"keyUp","value":"î€‡"}]}]}
RESULT: {"actions":[{"id":"action28","type":"key","parameters":{},"actions":[{"type":"keyDown","value":"î€‡"},{"type":"pause","duration":10},{"type":"keyUp","value":"î€‡"}]}]}
COMMAND: GET /session/9a045c4a17e0def218bea7a69d7cd789/screenshot - {}
RESULT: {}
COMMAND: POST /session/9a045c4a17e0def218bea7a69d7cd789/element - {"using":"xpath","value":"//span[contains(text(), \"General Management\")]"}
RESULT: {"using":"xpath","value":"//span[contains(text(), \"General Management\")]"}
COMMAND: POST /session/9a045c4a17e0def218bea7a69d7cd789/element/f.F2CC79D104176C4887E06893325B0B16.d.E15C4A659BBBD6B069BD130A9FA2B8DC.e.5832/click - {}
RESULT: {}
COMMAND: GET /session/9a045c4a17e0def218bea7a69d7cd789/screenshot - {}
RESULT: {}
COMMAND: POST /session/9a045c4a17e0def218bea7a69d7cd789/element - {"using":"xpath","value":"//bdi[contains(text(), \"OK\")]"}
RESULT: {"using":"xpath","value":"//bdi[contains(text(), \"OK\")]"}
COMMAND: POST /session/9a045c4a17e0def218bea7a69d7cd789/element/f.F2CC79D104176C4887E06893325B0B16.d.E15C4A659BBBD6B069BD130A9FA2B8DC.e.5833/click - {}
RESULT: {}
COMMAND: GET /session/9a045c4a17e0def218bea7a69d7cd789/screenshot - {}
RESULT: {}
COMMAND: POST /session/9a045c4a17e0def218bea7a69d7cd789/element - {"using":"xpath","value":"(//bdi[contains(@id ,\"BDI-content\")][contains(text(), \"Save\")])[1]"}
RESULT: {"using":"xpath","value":"(//bdi[contains(@id ,\"BDI-content\")][contains(text(), \"Save\")])[1]"}
COMMAND: POST /session/9a045c4a17e0def218bea7a69d7cd789/element/f.F2CC79D104176C4887E06893325B0B16.d.E15C4A659BBBD6B069BD130A9FA2B8DC.e.5837/click - {}
RESULT: {}
COMMAND: GET /session/9a045c4a17e0def218bea7a69d7cd789/screenshot - {}
RESULT: {}
COMMAND: POST /session/9a045c4a17e0def218bea7a69d7cd789/execute/async - {"script":"<script> [1562 bytes]","args":[{"selector":{"controlType":"sap.ui.core.Icon","viewName":"etm.portal.ui.managerequests.view.NewRequest","properties":{"src":{"regex":{"source":"message\\-error"}}},"ancestor":{"controlType":"sap.m.ColumnListItem","viewName":"etm.portal.ui.managerequests.view.NewRequest","bindingPath":{"modelName":"newRequestItems","path":"/RequestItems/1"},"ancestor":{"id":"requestItemsTable","viewName":"etm.portal.ui.managerequests.view.NewRequest"}}},"wdio_ui5_key":"etmportal.ui.managerequests.view.NewRequestsap.ui.core.Icon{\"src\":{\"regex\":{\"source\":\"message\\\\-error\"}}}{\"controlType\":\"sap.m.ColumnListItem\",\"viewName\":\"etm.portal.ui.managerequests.view.NewRequest\",\"bindingPath\":{\"modelName\":\"newRequestItems\",\"path\":\"/RequestItems/1\"},\"ancestor\":{\"id\":\"requestItemsTable\",\"viewName\":\"etm.portal.ui.managerequests.view.NewRequest\"}}"}]}
RESULT: {"script":"<script> [1562 bytes]","args":[{"selector":{"controlType":"sap.ui.core.Icon","viewName":"etm.portal.ui.managerequests.view.NewRequest","properties":{"src":{"regex":{"source":"message\\-error"}}},"ancestor":{"controlType":"sap.m.ColumnListItem","viewName":"etm.portal.ui.managerequests.view.NewRequest","bindingPath":{"modelName":"newRequestItems","path":"/RequestItems/1"},"ancestor":{"id":"requestItemsTable","viewName":"etm.portal.ui.managerequests.view.NewRequest"}}},"wdio_ui5_key":"etmportal.ui.managerequests.view.NewRequestsap.ui.core.Icon{\"src\":{\"regex\":{\"source\":\"message\\\\-error\"}}}{\"controlType\":\"sap.m.ColumnListItem\",\"viewName\":\"etm.portal.ui.managerequests.view.NewRequest\",\"bindingPath\":{\"modelName\":\"newRequestItems\",\"path\":\"/RequestItems/1\"},\"ancestor\":{\"id\":\"requestItemsTable\",\"viewName\":\"etm.portal.ui.managerequests.view.NewRequest\"}}"}]}
RESULT: undefined
COMMAND: POST /session/9a045c4a17e0def218bea7a69d7cd789/element - {"using":"xpath","value":"//*[@id=\"__status15-__xmlview61--requestItemsTable-1-icon\"]"}
RESULT: {"using":"xpath","value":"//*[@id=\"__status15-__xmlview61--requestItemsTable-1-icon\"]"}
COMMAND: POST /session/9a045c4a17e0def218bea7a69d7cd789/element/f.F2CC79D104176C4887E06893325B0B16.d.E15C4A659BBBD6B069BD130A9FA2B8DC.e.5840/click - {}
RESULT: {}
COMMAND: GET /session/9a045c4a17e0def218bea7a69d7cd789/screenshot - {}
RESULT: {}
RESULT: undefined
COMMAND: POST /session/9a045c4a17e0def218bea7a69d7cd789/execute/async - {"script":"<script> [776 bytes]","args":[{"enterText":"Cost Center","selector":{"id":"costObjectAdminTypeComboBox","viewName":"etm.portal.ui.managerequests.view.NewRequest","searchOpenDialogs":true,"interaction":{"idSuffix":"inner"}},"clearTextFirst":true,"interactionType":"ENTER_TEXT"}]}
RESULT: {"script":"<script> [776 bytes]","args":[{"enterText":"Cost Center","selector":{"id":"costObjectAdminTypeComboBox","viewName":"etm.portal.ui.managerequests.view.NewRequest","searchOpenDialogs":true,"interaction":{"idSuffix":"inner"}},"clearTextFirst":true,"interactionType":"ENTER_TEXT"}]}
COMMAND: POST /session/9a045c4a17e0def218bea7a69d7cd789/actions - {"actions":[{"id":"action29","type":"key","parameters":{},"actions":[{"type":"keyDown","value":"î€‡"},{"type":"pause","duration":10},{"type":"keyUp","value":"î€‡"}]}]}
RESULT: {"actions":[{"id":"action29","type":"key","parameters":{},"actions":[{"type":"keyDown","value":"î€‡"},{"type":"pause","duration":10},{"type":"keyUp","value":"î€‡"}]}]}
COMMAND: GET /session/9a045c4a17e0def218bea7a69d7cd789/screenshot - {}
RESULT: {}
RESULT: undefined
COMMAND: POST /session/9a045c4a17e0def218bea7a69d7cd789/element - {"using":"xpath","value":"//*[@id=\"__xmlview61--costObjectIdComboBox-vhi\"]"}
RESULT: {"using":"xpath","value":"//*[@id=\"__xmlview61--costObjectIdComboBox-vhi\"]"}
COMMAND: POST /session/9a045c4a17e0def218bea7a69d7cd789/element/f.F2CC79D104176C4887E06893325B0B16.d.E15C4A659BBBD6B069BD130A9FA2B8DC.e.5850/click - {}
RESULT: {}
RESULT: undefined
COMMAND: POST /session/9a045c4a17e0def218bea7a69d7cd789/execute/async - {"script":"<script> [776 bytes]","args":[{"enterText":"10001013","selector":{"controlType":"sap.m.SearchField","properties":{"placeholder":"Search"},"searchOpenDialogs":true,"interaction":{"idSuffix":"I"}},"clearTextFirst":true,"interactionType":"ENTER_TEXT"}]}
COMMAND: GET /session/9a045c4a17e0def218bea7a69d7cd789/screenshot - {}
RESULT: {"script":"<script> [776 bytes]","args":[{"enterText":"10001013","selector":{"controlType":"sap.m.SearchField","properties":{"placeholder":"Search"},"searchOpenDialogs":true,"interaction":{"idSuffix":"I"}},"clearTextFirst":true,"interactionType":"ENTER_TEXT"}]}
COMMAND: POST /session/9a045c4a17e0def218bea7a69d7cd789/actions - {"actions":[{"id":"action30","type":"key","parameters":{},"actions":[{"type":"keyDown","value":"î€‡"},{"type":"pause","duration":10},{"type":"keyUp","value":"î€‡"}]}]}
RESULT: {}
RESULT: {"actions":[{"id":"action30","type":"key","parameters":{},"actions":[{"type":"keyDown","value":"î€‡"},{"type":"pause","duration":10},{"type":"keyUp","value":"î€‡"}]}]}
COMMAND: GET /session/9a045c4a17e0def218bea7a69d7cd789/screenshot - {}
RESULT: {}
COMMAND: POST /session/9a045c4a17e0def218bea7a69d7cd789/element - {"using":"xpath","value":"//span[contains(text(), \"General Management\")]"}
RESULT: {"using":"xpath","value":"//span[contains(text(), \"General Management\")]"}
COMMAND: POST /session/9a045c4a17e0def218bea7a69d7cd789/element/f.F2CC79D104176C4887E06893325B0B16.d.E15C4A659BBBD6B069BD130A9FA2B8DC.e.5889/click - {}
RESULT: {}
COMMAND: GET /session/9a045c4a17e0def218bea7a69d7cd789/screenshot - {}
RESULT: {}
COMMAND: POST /session/9a045c4a17e0def218bea7a69d7cd789/element - {"using":"xpath","value":"//bdi[contains(text(), \"OK\")]"}
RESULT: {"using":"xpath","value":"//bdi[contains(text(), \"OK\")]"}
COMMAND: POST /session/9a045c4a17e0def218bea7a69d7cd789/element/f.F2CC79D104176C4887E06893325B0B16.d.E15C4A659BBBD6B069BD130A9FA2B8DC.e.5890/click - {}
RESULT: {}
COMMAND: GET /session/9a045c4a17e0def218bea7a69d7cd789/screenshot - {}
RESULT: {}
COMMAND: POST /session/9a045c4a17e0def218bea7a69d7cd789/element - {"using":"xpath","value":"(//bdi[contains(@id ,\"BDI-content\")][contains(text(), \"Save\")])[1]"}
RESULT: {"using":"xpath","value":"(//bdi[contains(@id ,\"BDI-content\")][contains(text(), \"Save\")])[1]"}
COMMAND: POST /session/9a045c4a17e0def218bea7a69d7cd789/element/f.F2CC79D104176C4887E06893325B0B16.d.E15C4A659BBBD6B069BD130A9FA2B8DC.e.5894/click - {}
RESULT: {}
COMMAND: GET /session/9a045c4a17e0def218bea7a69d7cd789/screenshot - {}
RESULT: {}
COMMAND: POST /session/9a045c4a17e0def218bea7a69d7cd789/execute/async - {"script":"<script> [1562 bytes]","args":[{"selector":{"controlType":"sap.m.Button","viewName":"etm.portal.ui.managerequests.view.NewRequest","i18NText":{"propertyName":"tooltip","key":"save"},"interaction":{"idSuffix":"content"}},"wdio_ui5_key":"etmportal.ui.managerequests.view.NewRequestsap.m.Button{\"propertyName\":\"tooltip\",\"key\":\"save\"}"}]}
RESULT: {"script":"<script> [1562 bytes]","args":[{"selector":{"controlType":"sap.m.Button","viewName":"etm.portal.ui.managerequests.view.NewRequest","i18NText":{"propertyName":"tooltip","key":"save"},"interaction":{"idSuffix":"content"}},"wdio_ui5_key":"etmportal.ui.managerequests.view.NewRequestsap.m.Button{\"propertyName\":\"tooltip\",\"key\":\"save\"}"}]}
RESULT: undefined
COMMAND: POST /session/9a045c4a17e0def218bea7a69d7cd789/element - {"using":"xpath","value":"//*[@id=\"__button105\"]"}
RESULT: {"using":"xpath","value":"//*[@id=\"__button105\"]"}
COMMAND: POST /session/9a045c4a17e0def218bea7a69d7cd789/element/f.F2CC79D104176C4887E06893325B0B16.d.E15C4A659BBBD6B069BD130A9FA2B8DC.e.5678/click - {}
RESULT: {}
COMMAND: GET /session/9a045c4a17e0def218bea7a69d7cd789/screenshot - {}
RESULT: {}
COMMAND: POST /session/9a045c4a17e0def218bea7a69d7cd789/execute/async - {"script":"<script> [1562 bytes]","args":[{"selector":{"controlType":"sap.m.Title","properties":{"text":"Success"},"searchOpenDialogs":true},"wdio_ui5_key":"sapm.Title{\"text\":\"Success\"}"}]}
RESULT: {"script":"<script> [1562 bytes]","args":[{"selector":{"controlType":"sap.m.Title","properties":{"text":"Success"},"searchOpenDialogs":true},"wdio_ui5_key":"sapm.Title{\"text\":\"Success\"}"}]}
RESULT: undefined
COMMAND: POST /session/9a045c4a17e0def218bea7a69d7cd789/execute/async - {"script":"<script> [6424 bytes]","args":[{"element-6066-11e4-a52e-4f735466cecf":"f.F2CC79D104176C4887E06893325B0B16.d.E15C4A659BBBD6B069BD130A9FA2B8DC.e.5900"},"getText",[]]}
RESULT: {"script":"<script> [6424 bytes]","args":[{"element-6066-11e4-a52e-4f735466cecf":"f.F2CC79D104176C4887E06893325B0B16.d.E15C4A659BBBD6B069BD130A9FA2B8DC.e.5900"},"getText",[]]}
COMMAND: POST /session/9a045c4a17e0def218bea7a69d7cd789/execute/async - {"script":"<script> [1562 bytes]","args":[{"selector":{"controlType":"sap.m.Button","properties":{"text":"Close"},"searchOpenDialogs":true,"interaction":{"idSuffix":"BDI-content"}},"wdio_ui5_key":"sapm.Button{\"text\":\"Close\"}"}]}
RESULT: {"script":"<script> [1562 bytes]","args":[{"selector":{"controlType":"sap.m.Button","properties":{"text":"Close"},"searchOpenDialogs":true,"interaction":{"idSuffix":"BDI-content"}},"wdio_ui5_key":"sapm.Button{\"text\":\"Close\"}"}]}
RESULT: undefined
COMMAND: POST /session/9a045c4a17e0def218bea7a69d7cd789/element - {"using":"xpath","value":"//*[@id=\"__mbox-btn-4\"]"}
RESULT: {"using":"xpath","value":"//*[@id=\"__mbox-btn-4\"]"}
COMMAND: POST /session/9a045c4a17e0def218bea7a69d7cd789/element/f.F2CC79D104176C4887E06893325B0B16.d.E15C4A659BBBD6B069BD130A9FA2B8DC.e.5899/click - {}
RESULT: {}
COMMAND: GET /session/9a045c4a17e0def218bea7a69d7cd789/screenshot - {}
RESULT: {}
COMMAND: POST /session/9a045c4a17e0def218bea7a69d7cd789/execute/async - {"script":"<script> [1562 bytes]","args":[{"selector":{"controlType":"sap.m.Text","viewName":"etm.portal.ui.managerequests.view.Detail","bindingPath":{"propertyPath":"NO","modelName":"catalogModel"}},"wdio_ui5_key":"etmportal.ui.managerequests.view.Detailsap.m.Text{\"propertyPath\":\"NO\",\"modelName\":\"catalogModel\"}"}]}
RESULT: {"script":"<script> [1562 bytes]","args":[{"selector":{"controlType":"sap.m.Text","viewName":"etm.portal.ui.managerequests.view.Detail","bindingPath":{"propertyPath":"NO","modelName":"catalogModel"}},"wdio_ui5_key":"etmportal.ui.managerequests.view.Detailsap.m.Text{\"propertyPath\":\"NO\",\"modelName\":\"catalogModel\"}"}]}
RESULT: undefined
COMMAND: POST /session/9a045c4a17e0def218bea7a69d7cd789/execute/async - {"script":"<script> [6424 bytes]","args":[{"element-6066-11e4-a52e-4f735466cecf":"f.F2CC79D104176C4887E06893325B0B16.d.E15C4A659BBBD6B069BD130A9FA2B8DC.e.6028"},"getText",[]]}
RESULT: {"script":"<script> [6424 bytes]","args":[{"element-6066-11e4-a52e-4f735466cecf":"f.F2CC79D104176C4887E06893325B0B16.d.E15C4A659BBBD6B069BD130A9FA2B8DC.e.6028"},"getText",[]]}
COMMAND: POST /session/9a045c4a17e0def218bea7a69d7cd789/execute/async - {"script":"<script> [1562 bytes]","args":[{"selector":{"controlType":"sap.ui.core.Icon","viewName":"etm.portal.ui.managerequests.view.Detail","properties":{"src":{"regex":{"source":"date\\-time"}}},"ancestor":{"controlType":"sap.m.ColumnListItem","viewName":"etm.portal.ui.managerequests.view.Detail","bindingPath":{"path":"/SmartRequestItemsPlanningBoard(ITEM=10m,REQUEST='20313')"},"ancestor":{"id":"requestItemsTable","viewName":"etm.portal.ui.managerequests.view.Detail"}}},"wdio_ui5_key":"etmportal.ui.managerequests.view.Detailsap.ui.core.Icon{\"src\":{\"regex\":{\"source\":\"date\\\\-time\"}}}{\"controlType\":\"sap.m.ColumnListItem\",\"viewName\":\"etm.portal.ui.managerequests.view.Detail\",\"bindingPath\":{\"path\":\"/SmartRequestItemsPlanningBoard(ITEM=10m,REQUEST='20313')\"},\"ancestor\":{\"id\":\"requestItemsTable\",\"viewName\":\"etm.portal.ui.managerequests.view.Detail\"}}"}]}
RESULT: {"script":"<script> [1562 bytes]","args":[{"selector":{"controlType":"sap.ui.core.Icon","viewName":"etm.portal.ui.managerequests.view.Detail","properties":{"src":{"regex":{"source":"date\\-time"}}},"ancestor":{"controlType":"sap.m.ColumnListItem","viewName":"etm.portal.ui.managerequests.view.Detail","bindingPath":{"path":"/SmartRequestItemsPlanningBoard(ITEM=10m,REQUEST='20313')"},"ancestor":{"id":"requestItemsTable","viewName":"etm.portal.ui.managerequests.view.Detail"}}},"wdio_ui5_key":"etmportal.ui.managerequests.view.Detailsap.ui.core.Icon{\"src\":{\"regex\":{\"source\":\"date\\\\-time\"}}}{\"controlType\":\"sap.m.ColumnListItem\",\"viewName\":\"etm.portal.ui.managerequests.view.Detail\",\"bindingPath\":{\"path\":\"/SmartRequestItemsPlanningBoard(ITEM=10m,REQUEST='20313')\"},\"ancestor\":{\"id\":\"requestItemsTable\",\"viewName\":\"etm.portal.ui.managerequests.view.Detail\"}}"}]}
RESULT: undefined
COMMAND: POST /session/9a045c4a17e0def218bea7a69d7cd789/element - {"using":"xpath","value":"//*[@id=\"__button135-__clone7495-img\"]"}
RESULT: {"using":"xpath","value":"//*[@id=\"__button135-__clone7495-img\"]"}
COMMAND: POST /session/9a045c4a17e0def218bea7a69d7cd789/element/f.F2CC79D104176C4887E06893325B0B16.d.E15C4A659BBBD6B069BD130A9FA2B8DC.e.6029/click - {}
RESULT: {}
COMMAND: POST /session/9a045c4a17e0def218bea7a69d7cd789/execute/async - {"script":"<script> [1562 bytes]","args":[{"selector":{"controlType":"sap.m.Button","viewName":"etm.portal.ui.managerequests.view.Detail","properties":{"text":"Close"},"searchOpenDialogs":true,"interaction":{"idSuffix":"BDI-content"}},"wdio_ui5_key":"etmportal.ui.managerequests.view.Detailsap.m.Button{\"text\":\"Close\"}"}]}
COMMAND: GET /session/9a045c4a17e0def218bea7a69d7cd789/screenshot - {}
RESULT: {"script":"<script> [1562 bytes]","args":[{"selector":{"controlType":"sap.m.Button","viewName":"etm.portal.ui.managerequests.view.Detail","properties":{"text":"Close"},"searchOpenDialogs":true,"interaction":{"idSuffix":"BDI-content"}},"wdio_ui5_key":"etmportal.ui.managerequests.view.Detailsap.m.Button{\"text\":\"Close\"}"}]}
RESULT: undefined
COMMAND: POST /session/9a045c4a17e0def218bea7a69d7cd789/element - {"using":"xpath","value":"//*[@id=\"__button145\"]"}
RESULT: {}
RESULT: {"using":"xpath","value":"//*[@id=\"__button145\"]"}
COMMAND: POST /session/9a045c4a17e0def218bea7a69d7cd789/element/f.F2CC79D104176C4887E06893325B0B16.d.E15C4A659BBBD6B069BD130A9FA2B8DC.e.6032/click - {}
RESULT: {}
COMMAND: POST /session/9a045c4a17e0def218bea7a69d7cd789/execute/async - {"script":"<script> [1562 bytes]","args":[{"selector":{"controlType":"sap.ui.core.Icon","viewName":"etm.portal.ui.managerequests.view.Detail","properties":{"src":{"regex":{"source":"date\\-time"}}},"ancestor":{"controlType":"sap.m.ColumnListItem","viewName":"etm.portal.ui.managerequests.view.Detail","bindingPath":{"path":"/SmartRequestItemsPlanningBoard(ITEM=20m,REQUEST='20313')"},"ancestor":{"id":"requestItemsTable","viewName":"etm.portal.ui.managerequests.view.Detail"}}},"wdio_ui5_key":"etmportal.ui.managerequests.view.Detailsap.ui.core.Icon{\"src\":{\"regex\":{\"source\":\"date\\\\-time\"}}}{\"controlType\":\"sap.m.ColumnListItem\",\"viewName\":\"etm.portal.ui.managerequests.view.Detail\",\"bindingPath\":{\"path\":\"/SmartRequestItemsPlanningBoard(ITEM=20m,REQUEST='20313')\"},\"ancestor\":{\"id\":\"requestItemsTable\",\"viewName\":\"etm.portal.ui.managerequests.view.Detail\"}}"}]}
COMMAND: GET /session/9a045c4a17e0def218bea7a69d7cd789/screenshot - {}
RESULT: {"script":"<script> [1562 bytes]","args":[{"selector":{"controlType":"sap.ui.core.Icon","viewName":"etm.portal.ui.managerequests.view.Detail","properties":{"src":{"regex":{"source":"date\\-time"}}},"ancestor":{"controlType":"sap.m.ColumnListItem","viewName":"etm.portal.ui.managerequests.view.Detail","bindingPath":{"path":"/SmartRequestItemsPlanningBoard(ITEM=20m,REQUEST='20313')"},"ancestor":{"id":"requestItemsTable","viewName":"etm.portal.ui.managerequests.view.Detail"}}},"wdio_ui5_key":"etmportal.ui.managerequests.view.Detailsap.ui.core.Icon{\"src\":{\"regex\":{\"source\":\"date\\\\-time\"}}}{\"controlType\":\"sap.m.ColumnListItem\",\"viewName\":\"etm.portal.ui.managerequests.view.Detail\",\"bindingPath\":{\"path\":\"/SmartRequestItemsPlanningBoard(ITEM=20m,REQUEST='20313')\"},\"ancestor\":{\"id\":\"requestItemsTable\",\"viewName\":\"etm.portal.ui.managerequests.view.Detail\"}}"}]}
RESULT: undefined
COMMAND: POST /session/9a045c4a17e0def218bea7a69d7cd789/element - {"using":"xpath","value":"//*[@id=\"__button135-__clone7496-img\"]"}
RESULT: {}
RESULT: {"using":"xpath","value":"//*[@id=\"__button135-__clone7496-img\"]"}
COMMAND: POST /session/9a045c4a17e0def218bea7a69d7cd789/element/f.F2CC79D104176C4887E06893325B0B16.d.E15C4A659BBBD6B069BD130A9FA2B8DC.e.6039/click - {}
RESULT: {}
RESULT: undefined
COMMAND: POST /session/9a045c4a17e0def218bea7a69d7cd789/element - {"using":"xpath","value":"//*[@id=\"__button145\"]"}
COMMAND: GET /session/9a045c4a17e0def218bea7a69d7cd789/screenshot - {}
RESULT: {"using":"xpath","value":"//*[@id=\"__button145\"]"}
COMMAND: POST /session/9a045c4a17e0def218bea7a69d7cd789/elements - {"using":"xpath","value":"//*[@id=\"__button145\"]"}
RESULT: {}
RESULT: {"using":"xpath","value":"//*[@id=\"__button145\"]"}
COMMAND: POST /session/9a045c4a17e0def218bea7a69d7cd789/element - {"using":"xpath","value":"//*[@id=\"__button145\"]"}
RESULT: {"using":"xpath","value":"//*[@id=\"__button145\"]"}
COMMAND: POST /session/9a045c4a17e0def218bea7a69d7cd789/element/f.F2CC79D104176C4887E06893325B0B16.d.E15C4A659BBBD6B069BD130A9FA2B8DC.e.6045/click - {}
RESULT: {}
COMMAND: POST /session/9a045c4a17e0def218bea7a69d7cd789/element - {"using":"css selector","value":"#shell-header-logo"}
COMMAND: GET /session/9a045c4a17e0def218bea7a69d7cd789/screenshot - {}
RESULT: {"using":"css selector","value":"#shell-header-logo"}
COMMAND: POST /session/9a045c4a17e0def218bea7a69d7cd789/element/f.F2CC79D104176C4887E06893325B0B16.d.E15C4A659BBBD6B069BD130A9FA2B8DC.e.5282/click - {}
RESULT: {}
RESULT: {}
COMMAND: GET /session/9a045c4a17e0def218bea7a69d7cd789/screenshot - {}
RESULT: {}
]]></system-out>
    </testcase>
    <testcase classname="chrome.135_0_7049_96.windows.Standard_contract_-_add_contract_items_by_Insert_Request_US118222" name="Should insert the request into the contract" time="56.323">
      <system-out><![CDATA[
COMMAND: POST /session/9a045c4a17e0def218bea7a69d7cd789/execute/async - {"script":"<script> [1562 bytes]","args":[{"selector":{"controlType":"sap.m.GenericTile","properties":{"header":"Manage Contracts"}},"wdio_ui5_key":"sapm.GenericTile{\"header\":\"Manage Contracts\"}"}]}
RESULT: {"script":"<script> [1562 bytes]","args":[{"selector":{"controlType":"sap.m.GenericTile","properties":{"header":"Manage Contracts"}},"wdio_ui5_key":"sapm.GenericTile{\"header\":\"Manage Contracts\"}"}]}
RESULT: undefined
COMMAND: POST /session/9a045c4a17e0def218bea7a69d7cd789/element - {"using":"xpath","value":"//*[@id=\"__tile130\"]"}
RESULT: {"using":"xpath","value":"//*[@id=\"__tile130\"]"}
COMMAND: POST /session/9a045c4a17e0def218bea7a69d7cd789/element/f.F2CC79D104176C4887E06893325B0B16.d.E15C4A659BBBD6B069BD130A9FA2B8DC.e.6051/click - {}
RESULT: {}
COMMAND: GET /session/9a045c4a17e0def218bea7a69d7cd789/screenshot - {}
RESULT: {}
COMMAND: POST /session/9a045c4a17e0def218bea7a69d7cd789/execute/async - {"script":"<script> [1562 bytes]","args":[{"selector":{"controlType":"sap.m.SearchField","viewName":"etm.portal.ui.managecontracts.view.Master","bindingPath":{"path":"","propertyPath":"/_BASIC_SEARCH_FIELD","modelName":"fi1t3rM0d31"},"interaction":{"idSuffix":"I"}},"wdio_ui5_key":"etmportal.ui.managecontracts.view.Mastersap.m.SearchField{\"path\":\"\",\"propertyPath\":\"/_BASIC_SEARCH_FIELD\",\"modelName\":\"fi1t3rM0d31\"}"}]}
RESULT: {"script":"<script> [1562 bytes]","args":[{"selector":{"controlType":"sap.m.SearchField","viewName":"etm.portal.ui.managecontracts.view.Master","bindingPath":{"path":"","propertyPath":"/_BASIC_SEARCH_FIELD","modelName":"fi1t3rM0d31"},"interaction":{"idSuffix":"I"}},"wdio_ui5_key":"etmportal.ui.managecontracts.view.Mastersap.m.SearchField{\"path\":\"\",\"propertyPath\":\"/_BASIC_SEARCH_FIELD\",\"modelName\":\"fi1t3rM0d31\"}"}]}
RESULT: undefined
COMMAND: POST /session/9a045c4a17e0def218bea7a69d7cd789/execute/async - {"script":"<script> [776 bytes]","args":[{"enterText":"10441","selector":{"controlType":"sap.m.SearchField","viewName":"etm.portal.ui.managecontracts.view.Master","bindingPath":{"path":"","propertyPath":"/_BASIC_SEARCH_FIELD","modelName":"fi1t3rM0d31"},"interaction":{"idSuffix":"I"}},"clearTextFirst":true,"interactionType":"ENTER_TEXT"}]}
RESULT: {"script":"<script> [776 bytes]","args":[{"enterText":"10441","selector":{"controlType":"sap.m.SearchField","viewName":"etm.portal.ui.managecontracts.view.Master","bindingPath":{"path":"","propertyPath":"/_BASIC_SEARCH_FIELD","modelName":"fi1t3rM0d31"},"interaction":{"idSuffix":"I"}},"clearTextFirst":true,"interactionType":"ENTER_TEXT"}]}
COMMAND: POST /session/9a045c4a17e0def218bea7a69d7cd789/actions - {"actions":[{"id":"action31","type":"key","parameters":{},"actions":[{"type":"keyDown","value":"î€‡"},{"type":"pause","duration":10},{"type":"keyUp","value":"î€‡"}]}]}
RESULT: {"actions":[{"id":"action31","type":"key","parameters":{},"actions":[{"type":"keyDown","value":"î€‡"},{"type":"pause","duration":10},{"type":"keyUp","value":"î€‡"}]}]}
COMMAND: GET /session/9a045c4a17e0def218bea7a69d7cd789/screenshot - {}
RESULT: {}
COMMAND: POST /session/9a045c4a17e0def218bea7a69d7cd789/execute/async - {"script":"<script> [1562 bytes]","args":[{"selector":{"controlType":"sap.ui.core.Icon","viewName":"etm.portal.ui.managecontracts.view.Master","properties":{"src":{"regex":{"source":"slim\\-arrow\\-right"}}}},"wdio_ui5_key":"etmportal.ui.managecontracts.view.Mastersap.ui.core.Icon{\"src\":{\"regex\":{\"source\":\"slim\\\\-arrow\\\\-right\"}}}"}]}
RESULT: {"script":"<script> [1562 bytes]","args":[{"selector":{"controlType":"sap.ui.core.Icon","viewName":"etm.portal.ui.managecontracts.view.Master","properties":{"src":{"regex":{"source":"slim\\-arrow\\-right"}}}},"wdio_ui5_key":"etmportal.ui.managecontracts.view.Mastersap.ui.core.Icon{\"src\":{\"regex\":{\"source\":\"slim\\\\-arrow\\\\-right\"}}}"}]}
RESULT: undefined
COMMAND: POST /session/9a045c4a17e0def218bea7a69d7cd789/element - {"using":"xpath","value":"//*[@id=\"__item2554-__clone7595-imgNav\"]"}
RESULT: {"using":"xpath","value":"//*[@id=\"__item2554-__clone7595-imgNav\"]"}
COMMAND: POST /session/9a045c4a17e0def218bea7a69d7cd789/element/f.F2CC79D104176C4887E06893325B0B16.d.E15C4A659BBBD6B069BD130A9FA2B8DC.e.6174/click - {}
RESULT: {}
COMMAND: POST /session/9a045c4a17e0def218bea7a69d7cd789/execute/async - {"script":"<script> [1562 bytes]","args":[{"selector":{"id":"addRequestItemBtn","viewName":"etm.portal.ui.managecontracts.view.Detail","interaction":{"idSuffix":"BDI-content"}},"wdio_ui5_key":"addRequestItemBtnetmportal.ui.managecontracts.view.Detail"}]}
COMMAND: GET /session/9a045c4a17e0def218bea7a69d7cd789/screenshot - {}
RESULT: {"script":"<script> [1562 bytes]","args":[{"selector":{"id":"addRequestItemBtn","viewName":"etm.portal.ui.managecontracts.view.Detail","interaction":{"idSuffix":"BDI-content"}},"wdio_ui5_key":"addRequestItemBtnetmportal.ui.managecontracts.view.Detail"}]}
RESULT: undefined
COMMAND: POST /session/9a045c4a17e0def218bea7a69d7cd789/element - {"using":"xpath","value":"//*[@id=\"__xmlview64--addRequestItemBtn\"]"}
RESULT: {}
RESULT: {"using":"xpath","value":"//*[@id=\"__xmlview64--addRequestItemBtn\"]"}
COMMAND: POST /session/9a045c4a17e0def218bea7a69d7cd789/element/f.F2CC79D104176C4887E06893325B0B16.d.E15C4A659BBBD6B069BD130A9FA2B8DC.e.6239/click - {}
RESULT: {}
COMMAND: GET /session/9a045c4a17e0def218bea7a69d7cd789/screenshot - {}
RESULT: {}
COMMAND: POST /session/9a045c4a17e0def218bea7a69d7cd789/element - {"using":"xpath","value":"//div[contains(@id ,\"popupRequestTable-sa-CbBg\")]"}
RESULT: {"using":"xpath","value":"//div[contains(@id ,\"popupRequestTable-sa-CbBg\")]"}
COMMAND: POST /session/9a045c4a17e0def218bea7a69d7cd789/element/f.F2CC79D104176C4887E06893325B0B16.d.E15C4A659BBBD6B069BD130A9FA2B8DC.e.6354/click - {}
RESULT: {}
COMMAND: GET /session/9a045c4a17e0def218bea7a69d7cd789/screenshot - {}
RESULT: {}
COMMAND: POST /session/9a045c4a17e0def218bea7a69d7cd789/execute/async - {"script":"<script> [1562 bytes]","args":[{"selector":{"controlType":"sap.m.Button","viewName":"etm.portal.ui.managecontracts.view.Detail","i18NText":{"propertyName":"text","key":"selectionDone"},"searchOpenDialogs":true,"interaction":{"idSuffix":"BDI-content"}},"wdio_ui5_key":"etmportal.ui.managecontracts.view.Detailsap.m.Button{\"propertyName\":\"text\",\"key\":\"selectionDone\"}"}]}
RESULT: {"script":"<script> [1562 bytes]","args":[{"selector":{"controlType":"sap.m.Button","viewName":"etm.portal.ui.managecontracts.view.Detail","i18NText":{"propertyName":"text","key":"selectionDone"},"searchOpenDialogs":true,"interaction":{"idSuffix":"BDI-content"}},"wdio_ui5_key":"etmportal.ui.managecontracts.view.Detailsap.m.Button{\"propertyName\":\"text\",\"key\":\"selectionDone\"}"}]}
RESULT: undefined
COMMAND: POST /session/9a045c4a17e0def218bea7a69d7cd789/element - {"using":"xpath","value":"//*[@id=\"__button157\"]"}
RESULT: {"using":"xpath","value":"//*[@id=\"__button157\"]"}
COMMAND: POST /session/9a045c4a17e0def218bea7a69d7cd789/element/f.F2CC79D104176C4887E06893325B0B16.d.E15C4A659BBBD6B069BD130A9FA2B8DC.e.6356/click - {}
RESULT: {}
COMMAND: POST /session/9a045c4a17e0def218bea7a69d7cd789/execute/async - {"script":"<script> [1562 bytes]","args":[{"selector":{"controlType":"sap.m.Text","properties":{"text":"Started processing request items into the contract."},"searchOpenDialogs":true},"wdio_ui5_key":"sapm.Text{\"text\":\"Started processing request items into the contract.\"}"}]}
COMMAND: GET /session/9a045c4a17e0def218bea7a69d7cd789/screenshot - {}
RESULT: {"script":"<script> [1562 bytes]","args":[{"selector":{"controlType":"sap.m.Text","properties":{"text":"Started processing request items into the contract."},"searchOpenDialogs":true},"wdio_ui5_key":"sapm.Text{\"text\":\"Started processing request items into the contract.\"}"}]}
RESULT: undefined
COMMAND: POST /session/9a045c4a17e0def218bea7a69d7cd789/execute/async - {"script":"<script> [6424 bytes]","args":[{"element-6066-11e4-a52e-4f735466cecf":"f.F2CC79D104176C4887E06893325B0B16.d.E15C4A659BBBD6B069BD130A9FA2B8DC.e.6359"},"getText",[]]}
RESULT: {}
RESULT: {"script":"<script> [6424 bytes]","args":[{"element-6066-11e4-a52e-4f735466cecf":"f.F2CC79D104176C4887E06893325B0B16.d.E15C4A659BBBD6B069BD130A9FA2B8DC.e.6359"},"getText",[]]}
COMMAND: POST /session/9a045c4a17e0def218bea7a69d7cd789/execute/async - {"script":"<script> [1562 bytes]","args":[{"selector":{"controlType":"sap.m.Button","properties":{"text":"OK"},"searchOpenDialogs":true,"interaction":{"idSuffix":"inner"}},"wdio_ui5_key":"sapm.Button{\"text\":\"OK\"}"}]}
RESULT: {"script":"<script> [1562 bytes]","args":[{"selector":{"controlType":"sap.m.Button","properties":{"text":"OK"},"searchOpenDialogs":true,"interaction":{"idSuffix":"inner"}},"wdio_ui5_key":"sapm.Button{\"text\":\"OK\"}"}]}
RESULT: undefined
COMMAND: POST /session/9a045c4a17e0def218bea7a69d7cd789/element - {"using":"xpath","value":"//*[@id=\"__mbox-btn-5\"]"}
RESULT: {"using":"xpath","value":"//*[@id=\"__mbox-btn-5\"]"}
COMMAND: POST /session/9a045c4a17e0def218bea7a69d7cd789/element/f.F2CC79D104176C4887E06893325B0B16.d.E15C4A659BBBD6B069BD130A9FA2B8DC.e.6358/click - {}
RESULT: {}
COMMAND: POST /session/9a045c4a17e0def218bea7a69d7cd789/execute/async - {"script":"<script> [1562 bytes]","args":[{"selector":{"id":"headerBillingItemsTabFilter","viewName":"etm.portal.ui.managecontracts.view.Detail","interaction":{"idSuffix":"text"}},"wdio_ui5_key":"headerBillingItemsTabFilteretmportal.ui.managecontracts.view.Detail"}]}
COMMAND: GET /session/9a045c4a17e0def218bea7a69d7cd789/screenshot - {}
RESULT: {"script":"<script> [1562 bytes]","args":[{"selector":{"id":"headerBillingItemsTabFilter","viewName":"etm.portal.ui.managecontracts.view.Detail","interaction":{"idSuffix":"text"}},"wdio_ui5_key":"headerBillingItemsTabFilteretmportal.ui.managecontracts.view.Detail"}]}
RESULT: undefined
COMMAND: POST /session/9a045c4a17e0def218bea7a69d7cd789/element - {"using":"xpath","value":"//*[@id=\"__xmlview64--headerBillingItemsTabFilter\"]"}
RESULT: {}
RESULT: {"using":"xpath","value":"//*[@id=\"__xmlview64--headerBillingItemsTabFilter\"]"}
COMMAND: POST /session/9a045c4a17e0def218bea7a69d7cd789/element/f.F2CC79D104176C4887E06893325B0B16.d.E15C4A659BBBD6B069BD130A9FA2B8DC.e.6369/click - {}
RESULT: {}
COMMAND: GET /session/9a045c4a17e0def218bea7a69d7cd789/screenshot - {}
RESULT: {}
COMMAND: POST /session/9a045c4a17e0def218bea7a69d7cd789/execute/async - {"script":"<script> [1562 bytes]","args":[{"selector":{"controlType":"sap.ui.core.Icon","viewName":"etm.portal.ui.managecontracts.view.Detail","properties":{"src":{"regex":{"source":"synchronize"}}}},"wdio_ui5_key":"etmportal.ui.managecontracts.view.Detailsap.ui.core.Icon{\"src\":{\"regex\":{\"source\":\"synchronize\"}}}"}]}
RESULT: {"script":"<script> [1562 bytes]","args":[{"selector":{"controlType":"sap.ui.core.Icon","viewName":"etm.portal.ui.managecontracts.view.Detail","properties":{"src":{"regex":{"source":"synchronize"}}}},"wdio_ui5_key":"etmportal.ui.managecontracts.view.Detailsap.ui.core.Icon{\"src\":{\"regex\":{\"source\":\"synchronize\"}}}"}]}
RESULT: undefined
COMMAND: POST /session/9a045c4a17e0def218bea7a69d7cd789/element - {"using":"xpath","value":"//*[@id=\"__xmlview64--btnToggleUpdate-img\"]"}
RESULT: {"using":"xpath","value":"//*[@id=\"__xmlview64--btnToggleUpdate-img\"]"}
COMMAND: POST /session/9a045c4a17e0def218bea7a69d7cd789/element/f.F2CC79D104176C4887E06893325B0B16.d.E15C4A659BBBD6B069BD130A9FA2B8DC.e.6238/click - {}
RESULT: {}
COMMAND: GET /session/9a045c4a17e0def218bea7a69d7cd789/screenshot - {}
RESULT: {}
RESULT: undefined
COMMAND: POST /session/9a045c4a17e0def218bea7a69d7cd789/element - {"using":"xpath","value":"//*[@id=\"__xmlview64--headerBillingItemsTabFilter\"]"}
RESULT: {"using":"xpath","value":"//*[@id=\"__xmlview64--headerBillingItemsTabFilter\"]"}
COMMAND: POST /session/9a045c4a17e0def218bea7a69d7cd789/element/f.F2CC79D104176C4887E06893325B0B16.d.E15C4A659BBBD6B069BD130A9FA2B8DC.e.6369/click - {}
RESULT: {}
COMMAND: POST /session/9a045c4a17e0def218bea7a69d7cd789/execute/async - {"script":"<script> [1562 bytes]","args":[{"selector":{"controlType":"sap.m.Title","viewName":"etm.portal.ui.managecontracts.view.Detail","properties":{"text":"Contract Items (2)"}},"wdio_ui5_key":"etmportal.ui.managecontracts.view.Detailsap.m.Title{\"text\":\"Contract Items (2)\"}"}]}
COMMAND: GET /session/9a045c4a17e0def218bea7a69d7cd789/screenshot - {}
RESULT: {"script":"<script> [1562 bytes]","args":[{"selector":{"controlType":"sap.m.Title","viewName":"etm.portal.ui.managecontracts.view.Detail","properties":{"text":"Contract Items (2)"}},"wdio_ui5_key":"etmportal.ui.managecontracts.view.Detailsap.m.Title{\"text\":\"Contract Items (2)\"}"}]}
RESULT: undefined
COMMAND: POST /session/9a045c4a17e0def218bea7a69d7cd789/execute/async - {"script":"<script> [6424 bytes]","args":[{"element-6066-11e4-a52e-4f735466cecf":"f.F2CC79D104176C4887E06893325B0B16.d.E15C4A659BBBD6B069BD130A9FA2B8DC.e.6377"},"getText",[]]}
RESULT: {}
RESULT: {"script":"<script> [6424 bytes]","args":[{"element-6066-11e4-a52e-4f735466cecf":"f.F2CC79D104176C4887E06893325B0B16.d.E15C4A659BBBD6B069BD130A9FA2B8DC.e.6377"},"getText",[]]}
COMMAND: POST /session/9a045c4a17e0def218bea7a69d7cd789/execute/async - {"script":"<script> [1562 bytes]","args":[{"selector":{"controlType":"sap.m.ObjectStatus","viewName":"etm.portal.ui.managecontracts.view.Detail","bindingPath":{"path":"/SmartContractItems(CONTRACT='10441',ITEM=10m,SUB_ITEM=0m)","propertyPath":"STATUS"}},"wdio_ui5_key":"etmportal.ui.managecontracts.view.Detailsap.m.ObjectStatus{\"path\":\"/SmartContractItems(CONTRACT='10441',ITEM=10m,SUB_ITEM=0m)\",\"propertyPath\":\"STATUS\"}"}]}
RESULT: {"script":"<script> [1562 bytes]","args":[{"selector":{"controlType":"sap.m.ObjectStatus","viewName":"etm.portal.ui.managecontracts.view.Detail","bindingPath":{"path":"/SmartContractItems(CONTRACT='10441',ITEM=10m,SUB_ITEM=0m)","propertyPath":"STATUS"}},"wdio_ui5_key":"etmportal.ui.managecontracts.view.Detailsap.m.ObjectStatus{\"path\":\"/SmartContractItems(CONTRACT='10441',ITEM=10m,SUB_ITEM=0m)\",\"propertyPath\":\"STATUS\"}"}]}
RESULT: undefined
COMMAND: POST /session/9a045c4a17e0def218bea7a69d7cd789/execute/async - {"script":"<script> [6424 bytes]","args":[{"element-6066-11e4-a52e-4f735466cecf":"f.F2CC79D104176C4887E06893325B0B16.d.E15C4A659BBBD6B069BD130A9FA2B8DC.e.6379"},"getText",[]]}
RESULT: {"script":"<script> [6424 bytes]","args":[{"element-6066-11e4-a52e-4f735466cecf":"f.F2CC79D104176C4887E06893325B0B16.d.E15C4A659BBBD6B069BD130A9FA2B8DC.e.6379"},"getText",[]]}
COMMAND: POST /session/9a045c4a17e0def218bea7a69d7cd789/execute/async - {"script":"<script> [1562 bytes]","args":[{"selector":{"controlType":"sap.m.ObjectStatus","viewName":"etm.portal.ui.managecontracts.view.Detail","bindingPath":{"path":"/SmartContractItems(CONTRACT='10441',ITEM=20m,SUB_ITEM=0m)","propertyPath":"STATUS"}},"wdio_ui5_key":"etmportal.ui.managecontracts.view.Detailsap.m.ObjectStatus{\"path\":\"/SmartContractItems(CONTRACT='10441',ITEM=20m,SUB_ITEM=0m)\",\"propertyPath\":\"STATUS\"}"}]}
RESULT: {"script":"<script> [1562 bytes]","args":[{"selector":{"controlType":"sap.m.ObjectStatus","viewName":"etm.portal.ui.managecontracts.view.Detail","bindingPath":{"path":"/SmartContractItems(CONTRACT='10441',ITEM=20m,SUB_ITEM=0m)","propertyPath":"STATUS"}},"wdio_ui5_key":"etmportal.ui.managecontracts.view.Detailsap.m.ObjectStatus{\"path\":\"/SmartContractItems(CONTRACT='10441',ITEM=20m,SUB_ITEM=0m)\",\"propertyPath\":\"STATUS\"}"}]}
RESULT: undefined
COMMAND: POST /session/9a045c4a17e0def218bea7a69d7cd789/execute/async - {"script":"<script> [6424 bytes]","args":[{"element-6066-11e4-a52e-4f735466cecf":"f.F2CC79D104176C4887E06893325B0B16.d.E15C4A659BBBD6B069BD130A9FA2B8DC.e.6380"},"getText",[]]}
RESULT: {"script":"<script> [6424 bytes]","args":[{"element-6066-11e4-a52e-4f735466cecf":"f.F2CC79D104176C4887E06893325B0B16.d.E15C4A659BBBD6B069BD130A9FA2B8DC.e.6380"},"getText",[]]}
]]></system-out>
    </testcase>
  </testsuite>
  <testsuite timestamp="2025-05-01T18:09:20" time="82.495" tests="1" failures="0" errors="0" skipped="0">
    <properties>
      <property name="specId" value="0" />
      <property name="suiteName" value="Manage contracts - revert request US152962" />
      <property name="capabilities" value="chrome.135_0_7049_96.windows" />
      <property name="file" value="file:///D:/a/1/s/test/specs/R2C/manage-contracts-revert-request.spec.js" />
    </properties>
    <testcase classname="chrome.135_0_7049_96.windows.Manage_contracts_-_revert_request_US152962" name="Should revert the request" time="82.493">
      <system-out><![CDATA[
COMMAND: POST /session/9a045c4a17e0def218bea7a69d7cd789/execute/async - {"script":"<script> [1562 bytes]","args":[{"selector":{"id":"revertPlanningBtn","viewName":"etm.portal.ui.managecontracts.view.Detail","interaction":{"idSuffix":"BDI-content"}},"wdio_ui5_key":"revertPlanningBtnetmportal.ui.managecontracts.view.Detail"}]}
RESULT: {"script":"<script> [1562 bytes]","args":[{"selector":{"id":"revertPlanningBtn","viewName":"etm.portal.ui.managecontracts.view.Detail","interaction":{"idSuffix":"BDI-content"}},"wdio_ui5_key":"revertPlanningBtnetmportal.ui.managecontracts.view.Detail"}]}
RESULT: undefined
COMMAND: POST /session/9a045c4a17e0def218bea7a69d7cd789/element - {"using":"xpath","value":"//*[@id=\"__xmlview64--revertPlanningBtn\"]"}
RESULT: {"using":"xpath","value":"//*[@id=\"__xmlview64--revertPlanningBtn\"]"}
COMMAND: POST /session/9a045c4a17e0def218bea7a69d7cd789/element/f.F2CC79D104176C4887E06893325B0B16.d.E15C4A659BBBD6B069BD130A9FA2B8DC.e.6242/click - {}
RESULT: {}
COMMAND: POST /session/9a045c4a17e0def218bea7a69d7cd789/element - {"using":"xpath","value":"(//div[contains(@id ,\"selectMulti-CbBg\")])[2]"}
COMMAND: GET /session/9a045c4a17e0def218bea7a69d7cd789/screenshot - {}
RESULT: {"using":"xpath","value":"(//div[contains(@id ,\"selectMulti-CbBg\")])[2]"}
COMMAND: POST /session/9a045c4a17e0def218bea7a69d7cd789/element/f.F2CC79D104176C4887E06893325B0B16.d.E15C4A659BBBD6B069BD130A9FA2B8DC.e.6426/click - {}
RESULT: {}
RESULT: {}
COMMAND: GET /session/9a045c4a17e0def218bea7a69d7cd789/screenshot - {}
RESULT: {}
COMMAND: POST /session/9a045c4a17e0def218bea7a69d7cd789/element - {"using":"xpath","value":"//span[contains(@id ,\"executeRevertPlanningBtn-content\")]"}
RESULT: {"using":"xpath","value":"//span[contains(@id ,\"executeRevertPlanningBtn-content\")]"}
COMMAND: POST /session/9a045c4a17e0def218bea7a69d7cd789/element/f.F2CC79D104176C4887E06893325B0B16.d.E15C4A659BBBD6B069BD130A9FA2B8DC.e.6428/click - {}
RESULT: {}
COMMAND: GET /session/9a045c4a17e0def218bea7a69d7cd789/screenshot - {}
RESULT: {}
COMMAND: POST /session/9a045c4a17e0def218bea7a69d7cd789/actions - {"actions":[{"id":"action32","type":"key","parameters":{},"actions":[{"type":"keyDown","value":"î€‡"},{"type":"pause","duration":10},{"type":"keyUp","value":"î€‡"}]}]}
RESULT: {"actions":[{"id":"action32","type":"key","parameters":{},"actions":[{"type":"keyDown","value":"î€‡"},{"type":"pause","duration":10},{"type":"keyUp","value":"î€‡"}]}]}
COMMAND: GET /session/9a045c4a17e0def218bea7a69d7cd789/screenshot - {}
RESULT: {}
COMMAND: POST /session/9a045c4a17e0def218bea7a69d7cd789/refresh - {}
RESULT: {}
COMMAND: GET /session/9a045c4a17e0def218bea7a69d7cd789/screenshot - {}
RESULT: {}
COMMAND: POST /session/9a045c4a17e0def218bea7a69d7cd789/execute/async - {"script":"<script> [189 bytes]","args":[]}
RESULT: {"script":"<script> [189 bytes]","args":[]}
COMMAND: POST /session/9a045c4a17e0def218bea7a69d7cd789/execute/async - {"script":"<script> [123 bytes]","args":[]}
RESULT: {"script":"<script> [123 bytes]","args":[]}
COMMAND: POST /session/9a045c4a17e0def218bea7a69d7cd789/timeouts - {"script":"<number>"}
RESULT: {"script":"<number>"}
COMMAND: GET /session/9a045c4a17e0def218bea7a69d7cd789/timeouts - {}
RESULT: {}
RESULT: undefined
COMMAND: POST /session/9a045c4a17e0def218bea7a69d7cd789/execute/async - {"script":"<script> [2676 bytes]","args":[]}
RESULT: {"script":"<script> [2676 bytes]","args":[]}
COMMAND: POST /session/9a045c4a17e0def218bea7a69d7cd789/execute/async - {"script":"<script> [2342 bytes]","args":[{"protocol":"http","hostname":"0.0.0.0","path":"/","capabilities":{"browserName":"chrome","goog:chromeOptions":{"binary":"C:\\Program Files\\Google\\Chrome\\Application\\chrome.exe","args":["--start-maximized"]}},"logLevel":"warn","connectionRetryTimeout":120000,"connectionRetryCount":3,"logLevels":{},"enableDirectConnect":true,"strictSSL":true,"_":"65 more keys: [\"cacheDir\",\"port\",\"requestedCapabilities\",\"automationProtocol\",\"baseUrl\",\"waitforInterval\",\"waitforTimeout\",\"onReload\",\"beforeCommand\",\"afterCommand\",\"rootDir\",\"specs\",\"suites\",\"exclude\",\"groupLogsByTestSpec\",\"excludeDriverLogs\",\"bail\",\"framework\",\"reporters\",\"services\",\"maxInstances\",\"maxInstancesPerCapability\",\"injectGlobals\",\"filesToWatch\",\"execArgv\",\"runnerEnv\",\"runner\",\"shard\",\"specFileRetries\",\"specFileRetriesDelay\",\"specFileRetriesDeferred\",\"reporterSyncInterval\",\"reporterSyncTimeout\",\"cucumberFeaturesWithLineNumbers\",\"autoCompileOpts\",\"mochaOpts\",\"jasmineOpts\",\"cucumberOpts\",\"onPrepare\",\"onWorkerStart\",\"onWorkerEnd\",\"before\",\"beforeSession\",\"beforeSuite\",\"beforeHook\",\"beforeTest\",\"afterTest\",\"afterHook\",\"afterSuite\",\"afterSession\",\"after\",\"onComplete\",\"beforeAssertion\",\"afterAssertion\",\"beforeFeature\",\"beforeScenario\",\"beforeStep\",\"afterStep\",\"afterScenario\",\"afterFeature\",\"_\",\"suite\",\"$0\",\"ignoredWorkerServices\",\"wdi5\"]"}]}
RESULT: {"script":"<script> [2342 bytes]","args":[{"protocol":"http","hostname":"0.0.0.0","path":"/","capabilities":{"browserName":"chrome","goog:chromeOptions":{"binary":"C:\\Program Files\\Google\\Chrome\\Application\\chrome.exe","args":["--start-maximized"]}},"logLevel":"warn","connectionRetryTimeout":120000,"connectionRetryCount":3,"logLevels":{},"enableDirectConnect":true,"strictSSL":true,"_":"65 more keys: [\"cacheDir\",\"port\",\"requestedCapabilities\",\"automationProtocol\",\"baseUrl\",\"waitforInterval\",\"waitforTimeout\",\"onReload\",\"beforeCommand\",\"afterCommand\",\"rootDir\",\"specs\",\"suites\",\"exclude\",\"groupLogsByTestSpec\",\"excludeDriverLogs\",\"bail\",\"framework\",\"reporters\",\"services\",\"maxInstances\",\"maxInstancesPerCapability\",\"injectGlobals\",\"filesToWatch\",\"execArgv\",\"runnerEnv\",\"runner\",\"shard\",\"specFileRetries\",\"specFileRetriesDelay\",\"specFileRetriesDeferred\",\"reporterSyncInterval\",\"reporterSyncTimeout\",\"cucumberFeaturesWithLineNumbers\",\"autoCompileOpts\",\"mochaOpts\",\"jasmineOpts\",\"cucumberOpts\",\"onPrepare\",\"onWorkerStart\",\"onWorkerEnd\",\"before\",\"beforeSession\",\"beforeSuite\",\"beforeHook\",\"beforeTest\",\"afterTest\",\"afterHook\",\"afterSuite\",\"afterSession\",\"after\",\"onComplete\",\"beforeAssertion\",\"afterAssertion\",\"beforeFeature\",\"beforeScenario\",\"beforeStep\",\"afterStep\",\"afterScenario\",\"afterFeature\",\"_\",\"suite\",\"$0\",\"ignoredWorkerServices\",\"wdi5\"]"}]}
COMMAND: POST /session/9a045c4a17e0def218bea7a69d7cd789/execute/async - {"script":"<script> [21126 bytes]","args":[35000]}
RESULT: {"script":"<script> [21126 bytes]","args":[35000]}
COMMAND: POST /session/9a045c4a17e0def218bea7a69d7cd789/execute/async - {"script":"<script> [1562 bytes]","args":[{"selector":{"controlType":"sap.m.Title","viewName":"etm.portal.ui.managecontracts.view.Detail","properties":{"text":"Contract Items (1)"}},"wdio_ui5_key":"etmportal.ui.managecontracts.view.Detailsap.m.Title{\"text\":\"Contract Items (1)\"}"}]}
RESULT: {"script":"<script> [1562 bytes]","args":[{"selector":{"controlType":"sap.m.Title","viewName":"etm.portal.ui.managecontracts.view.Detail","properties":{"text":"Contract Items (1)"}},"wdio_ui5_key":"etmportal.ui.managecontracts.view.Detailsap.m.Title{\"text\":\"Contract Items (1)\"}"}]}
RESULT: undefined
COMMAND: POST /session/9a045c4a17e0def218bea7a69d7cd789/execute/async - {"script":"<script> [6424 bytes]","args":[{"element-6066-11e4-a52e-4f735466cecf":"f.F2CC79D104176C4887E06893325B0B16.d.CE6498CCD08B8010EE78814CD6DA7912.e.6658"},"getText",[]]}
RESULT: {"script":"<script> [6424 bytes]","args":[{"element-6066-11e4-a52e-4f735466cecf":"f.F2CC79D104176C4887E06893325B0B16.d.CE6498CCD08B8010EE78814CD6DA7912.e.6658"},"getText",[]]}
COMMAND: POST /session/9a045c4a17e0def218bea7a69d7cd789/execute/async - {"script":"<script> [1562 bytes]","args":[{"selector":{"id":"contractDetailEditBtn","viewName":"etm.portal.ui.managecontracts.view.Detail","interaction":{"idSuffix":"inner"}},"wdio_ui5_key":"contractDetailEditBtnetmportal.ui.managecontracts.view.Detail"}]}
RESULT: {"script":"<script> [1562 bytes]","args":[{"selector":{"id":"contractDetailEditBtn","viewName":"etm.portal.ui.managecontracts.view.Detail","interaction":{"idSuffix":"inner"}},"wdio_ui5_key":"contractDetailEditBtnetmportal.ui.managecontracts.view.Detail"}]}
RESULT: undefined
COMMAND: POST /session/9a045c4a17e0def218bea7a69d7cd789/element - {"using":"xpath","value":"//*[@id=\"__xmlview1--contractDetailEditBtn\"]"}
RESULT: {"using":"xpath","value":"//*[@id=\"__xmlview1--contractDetailEditBtn\"]"}
COMMAND: POST /session/9a045c4a17e0def218bea7a69d7cd789/element/f.F2CC79D104176C4887E06893325B0B16.d.CE6498CCD08B8010EE78814CD6DA7912.e.6660/click - {}
RESULT: {}
COMMAND: GET /session/9a045c4a17e0def218bea7a69d7cd789/screenshot - {}
RESULT: {}
COMMAND: POST /session/9a045c4a17e0def218bea7a69d7cd789/element - {"using":"xpath","value":"(//span[contains(text(), \"Header Billing Items\")])[2]"}
RESULT: {"using":"xpath","value":"(//span[contains(text(), \"Header Billing Items\")])[2]"}
COMMAND: POST /session/9a045c4a17e0def218bea7a69d7cd789/element/f.F2CC79D104176C4887E06893325B0B16.d.CE6498CCD08B8010EE78814CD6DA7912.e.6723/click - {}
RESULT: {}
COMMAND: GET /session/9a045c4a17e0def218bea7a69d7cd789/screenshot - {}
RESULT: {}
COMMAND: POST /session/9a045c4a17e0def218bea7a69d7cd789/element - {"using":"xpath","value":"//div[contains(@id ,\"ProductsTable-sa-CbBg\")]"}
RESULT: {"using":"xpath","value":"//div[contains(@id ,\"ProductsTable-sa-CbBg\")]"}
COMMAND: POST /session/9a045c4a17e0def218bea7a69d7cd789/element/f.F2CC79D104176C4887E06893325B0B16.d.CE6498CCD08B8010EE78814CD6DA7912.e.6729/click - {}
RESULT: {}
COMMAND: GET /session/9a045c4a17e0def218bea7a69d7cd789/screenshot - {}
RESULT: {}
COMMAND: POST /session/9a045c4a17e0def218bea7a69d7cd789/execute/async - {"script":"<script> [1562 bytes]","args":[{"selector":{"id":"deleteBtn","viewName":"etm.portal.ui.managecontracts.view.EditContract","interaction":{"idSuffix":"BDI-content"}},"wdio_ui5_key":"deleteBtnetmportal.ui.managecontracts.view.EditContract"}]}
RESULT: {"script":"<script> [1562 bytes]","args":[{"selector":{"id":"deleteBtn","viewName":"etm.portal.ui.managecontracts.view.EditContract","interaction":{"idSuffix":"BDI-content"}},"wdio_ui5_key":"deleteBtnetmportal.ui.managecontracts.view.EditContract"}]}
RESULT: undefined
COMMAND: POST /session/9a045c4a17e0def218bea7a69d7cd789/element - {"using":"xpath","value":"//*[@id=\"__xmlview2--deleteBtn\"]"}
RESULT: {"using":"xpath","value":"//*[@id=\"__xmlview2--deleteBtn\"]"}
COMMAND: POST /session/9a045c4a17e0def218bea7a69d7cd789/element/f.F2CC79D104176C4887E06893325B0B16.d.CE6498CCD08B8010EE78814CD6DA7912.e.6731/click - {}
RESULT: {}
COMMAND: POST /session/9a045c4a17e0def218bea7a69d7cd789/element - {"using":"xpath","value":"//bdi[contains(@id ,\"BDI-content\")][contains(text(), \"OK\")]"}
COMMAND: GET /session/9a045c4a17e0def218bea7a69d7cd789/screenshot - {}
RESULT: {"using":"xpath","value":"//bdi[contains(@id ,\"BDI-content\")][contains(text(), \"OK\")]"}
COMMAND: POST /session/9a045c4a17e0def218bea7a69d7cd789/element/f.F2CC79D104176C4887E06893325B0B16.d.CE6498CCD08B8010EE78814CD6DA7912.e.6733/click - {}
RESULT: {}
RESULT: {}
COMMAND: GET /session/9a045c4a17e0def218bea7a69d7cd789/screenshot - {}
RESULT: {}
COMMAND: POST /session/9a045c4a17e0def218bea7a69d7cd789/element - {"using":"xpath","value":"//bdi[contains(@id ,\"BDI-content\")][contains(text(), \"Save\")]"}
RESULT: {"using":"xpath","value":"//bdi[contains(@id ,\"BDI-content\")][contains(text(), \"Save\")]"}
COMMAND: POST /session/9a045c4a17e0def218bea7a69d7cd789/element/f.F2CC79D104176C4887E06893325B0B16.d.CE6498CCD08B8010EE78814CD6DA7912.e.6734/click - {}
RESULT: {}
COMMAND: GET /session/9a045c4a17e0def218bea7a69d7cd789/screenshot - {}
RESULT: {}
COMMAND: POST /session/9a045c4a17e0def218bea7a69d7cd789/element - {"using":"xpath","value":"(//span[contains(text(), \"Header Billing Items\")])[1]"}
RESULT: {"using":"xpath","value":"(//span[contains(text(), \"Header Billing Items\")])[1]"}
COMMAND: POST /session/9a045c4a17e0def218bea7a69d7cd789/element/f.F2CC79D104176C4887E06893325B0B16.d.CE6498CCD08B8010EE78814CD6DA7912.e.6737/click - {}
RESULT: {}
COMMAND: GET /session/9a045c4a17e0def218bea7a69d7cd789/screenshot - {}
RESULT: {}
COMMAND: POST /session/9a045c4a17e0def218bea7a69d7cd789/execute/async - {"script":"<script> [1562 bytes]","args":[{"selector":{"controlType":"sap.m.ObjectStatus","viewName":"etm.portal.ui.managecontracts.view.Detail","bindingPath":{"path":"/SmartContractItems(CONTRACT='10441',ITEM=10m,SUB_ITEM=0m)","propertyPath":"STATUS"}},"wdio_ui5_key":"etmportal.ui.managecontracts.view.Detailsap.m.ObjectStatus{\"path\":\"/SmartContractItems(CONTRACT='10441',ITEM=10m,SUB_ITEM=0m)\",\"propertyPath\":\"STATUS\"}"}]}
RESULT: {"script":"<script> [1562 bytes]","args":[{"selector":{"controlType":"sap.m.ObjectStatus","viewName":"etm.portal.ui.managecontracts.view.Detail","bindingPath":{"path":"/SmartContractItems(CONTRACT='10441',ITEM=10m,SUB_ITEM=0m)","propertyPath":"STATUS"}},"wdio_ui5_key":"etmportal.ui.managecontracts.view.Detailsap.m.ObjectStatus{\"path\":\"/SmartContractItems(CONTRACT='10441',ITEM=10m,SUB_ITEM=0m)\",\"propertyPath\":\"STATUS\"}"}]}
RESULT: undefined
COMMAND: POST /session/9a045c4a17e0def218bea7a69d7cd789/execute/async - {"script":"<script> [6424 bytes]","args":[{"element-6066-11e4-a52e-4f735466cecf":"f.F2CC79D104176C4887E06893325B0B16.d.CE6498CCD08B8010EE78814CD6DA7912.e.6741"},"getText",[]]}
RESULT: {"script":"<script> [6424 bytes]","args":[{"element-6066-11e4-a52e-4f735466cecf":"f.F2CC79D104176C4887E06893325B0B16.d.CE6498CCD08B8010EE78814CD6DA7912.e.6741"},"getText",[]]}
COMMAND: POST /session/9a045c4a17e0def218bea7a69d7cd789/element - {"using":"css selector","value":"#shell-header-logo"}
RESULT: {"using":"css selector","value":"#shell-header-logo"}
COMMAND: POST /session/9a045c4a17e0def218bea7a69d7cd789/element/f.F2CC79D104176C4887E06893325B0B16.d.CE6498CCD08B8010EE78814CD6DA7912.e.6507/click - {}
RESULT: {}
COMMAND: GET /session/9a045c4a17e0def218bea7a69d7cd789/screenshot - {}
RESULT: {}
COMMAND: POST /session/9a045c4a17e0def218bea7a69d7cd789/execute/async - {"script":"<script> [1562 bytes]","args":[{"selector":{"controlType":"sap.m.GenericTile","properties":{"header":"Manage Requests"}},"wdio_ui5_key":"sapm.GenericTile{\"header\":\"Manage Requests\"}"}]}
RESULT: {"script":"<script> [1562 bytes]","args":[{"selector":{"controlType":"sap.m.GenericTile","properties":{"header":"Manage Requests"}},"wdio_ui5_key":"sapm.GenericTile{\"header\":\"Manage Requests\"}"}]}
RESULT: undefined
COMMAND: POST /session/9a045c4a17e0def218bea7a69d7cd789/element - {"using":"xpath","value":"//*[@id=\"__tile47\"]"}
RESULT: {"using":"xpath","value":"//*[@id=\"__tile47\"]"}
COMMAND: POST /session/9a045c4a17e0def218bea7a69d7cd789/element/f.F2CC79D104176C4887E06893325B0B16.d.CE6498CCD08B8010EE78814CD6DA7912.e.6760/click - {}
RESULT: {}
COMMAND: GET /session/9a045c4a17e0def218bea7a69d7cd789/screenshot - {}
RESULT: {}
COMMAND: POST /session/9a045c4a17e0def218bea7a69d7cd789/execute/async - {"script":"<script> [1562 bytes]","args":[{"selector":{"controlType":"sap.m.SearchField","viewName":"etm.portal.ui.managerequests.view.Master","bindingPath":{"path":"","propertyPath":"/_BASIC_SEARCH_FIELD","modelName":"fi1t3rM0d31"},"interaction":{"idSuffix":"I"}},"wdio_ui5_key":"etmportal.ui.managerequests.view.Mastersap.m.SearchField{\"path\":\"\",\"propertyPath\":\"/_BASIC_SEARCH_FIELD\",\"modelName\":\"fi1t3rM0d31\"}"}]}
RESULT: {"script":"<script> [1562 bytes]","args":[{"selector":{"controlType":"sap.m.SearchField","viewName":"etm.portal.ui.managerequests.view.Master","bindingPath":{"path":"","propertyPath":"/_BASIC_SEARCH_FIELD","modelName":"fi1t3rM0d31"},"interaction":{"idSuffix":"I"}},"wdio_ui5_key":"etmportal.ui.managerequests.view.Mastersap.m.SearchField{\"path\":\"\",\"propertyPath\":\"/_BASIC_SEARCH_FIELD\",\"modelName\":\"fi1t3rM0d31\"}"}]}
RESULT: undefined
COMMAND: POST /session/9a045c4a17e0def218bea7a69d7cd789/execute/async - {"script":"<script> [776 bytes]","args":[{"enterText":"20313","selector":{"controlType":"sap.m.SearchField","viewName":"etm.portal.ui.managerequests.view.Master","bindingPath":{"path":"","propertyPath":"/_BASIC_SEARCH_FIELD","modelName":"fi1t3rM0d31"},"interaction":{"idSuffix":"I"}},"clearTextFirst":true,"interactionType":"ENTER_TEXT"}]}
RESULT: {"script":"<script> [776 bytes]","args":[{"enterText":"20313","selector":{"controlType":"sap.m.SearchField","viewName":"etm.portal.ui.managerequests.view.Master","bindingPath":{"path":"","propertyPath":"/_BASIC_SEARCH_FIELD","modelName":"fi1t3rM0d31"},"interaction":{"idSuffix":"I"}},"clearTextFirst":true,"interactionType":"ENTER_TEXT"}]}
COMMAND: POST /session/9a045c4a17e0def218bea7a69d7cd789/actions - {"actions":[{"id":"action33","type":"key","parameters":{},"actions":[{"type":"keyDown","value":"î€‡"},{"type":"pause","duration":10},{"type":"keyUp","value":"î€‡"}]}]}
RESULT: {"actions":[{"id":"action33","type":"key","parameters":{},"actions":[{"type":"keyDown","value":"î€‡"},{"type":"pause","duration":10},{"type":"keyUp","value":"î€‡"}]}]}
COMMAND: GET /session/9a045c4a17e0def218bea7a69d7cd789/screenshot - {}
RESULT: {}
COMMAND: POST /session/9a045c4a17e0def218bea7a69d7cd789/execute/async - {"script":"<script> [1562 bytes]","args":[{"selector":{"controlType":"sap.m.Text","viewName":"etm.portal.ui.managerequests.view.Master","bindingPath":{"path":"/SmartManageRequests('20313')","propertyPath":"NO"}},"wdio_ui5_key":"etmportal.ui.managerequests.view.Mastersap.m.Text{\"path\":\"/SmartManageRequests('20313')\",\"propertyPath\":\"NO\"}"}]}
RESULT: {"script":"<script> [1562 bytes]","args":[{"selector":{"controlType":"sap.m.Text","viewName":"etm.portal.ui.managerequests.view.Master","bindingPath":{"path":"/SmartManageRequests('20313')","propertyPath":"NO"}},"wdio_ui5_key":"etmportal.ui.managerequests.view.Mastersap.m.Text{\"path\":\"/SmartManageRequests('20313')\",\"propertyPath\":\"NO\"}"}]}
RESULT: undefined
COMMAND: POST /session/9a045c4a17e0def218bea7a69d7cd789/element - {"using":"xpath","value":"//*[@id=\"__text463-__clone172\"]"}
RESULT: {"using":"xpath","value":"//*[@id=\"__text463-__clone172\"]"}
COMMAND: POST /session/9a045c4a17e0def218bea7a69d7cd789/element/f.F2CC79D104176C4887E06893325B0B16.d.CE6498CCD08B8010EE78814CD6DA7912.e.6892/click - {}
RESULT: {}
COMMAND: GET /session/9a045c4a17e0def218bea7a69d7cd789/screenshot - {}
RESULT: {}
COMMAND: POST /session/9a045c4a17e0def218bea7a69d7cd789/execute/async - {"script":"<script> [1562 bytes]","args":[{"selector":{"controlType":"sap.ui.core.Icon","viewName":"etm.portal.ui.managerequests.view.Detail","properties":{"src":{"regex":{"source":"slim\\-arrow\\-up"}}}},"wdio_ui5_key":"etmportal.ui.managerequests.view.Detailsap.ui.core.Icon{\"src\":{\"regex\":{\"source\":\"slim\\\\-arrow\\\\-up\"}}}"}]}
RESULT: {"script":"<script> [1562 bytes]","args":[{"selector":{"controlType":"sap.ui.core.Icon","viewName":"etm.portal.ui.managerequests.view.Detail","properties":{"src":{"regex":{"source":"slim\\-arrow\\-up"}}}},"wdio_ui5_key":"etmportal.ui.managerequests.view.Detailsap.ui.core.Icon{\"src\":{\"regex\":{\"source\":\"slim\\\\-arrow\\\\-up\"}}}"}]}
RESULT: undefined
COMMAND: POST /session/9a045c4a17e0def218bea7a69d7cd789/element - {"using":"xpath","value":"//*[@id=\"__xmlview62--detailRequestPage-OPHeaderContent-collapseBtn-img\"]"}
RESULT: {"using":"xpath","value":"//*[@id=\"__xmlview62--detailRequestPage-OPHeaderContent-collapseBtn-img\"]"}
COMMAND: POST /session/9a045c4a17e0def218bea7a69d7cd789/element/f.F2CC79D104176C4887E06893325B0B16.d.CE6498CCD08B8010EE78814CD6DA7912.e.7037/click - {}
RESULT: {}
COMMAND: GET /session/9a045c4a17e0def218bea7a69d7cd789/screenshot - {}
RESULT: {}
COMMAND: POST /session/9a045c4a17e0def218bea7a69d7cd789/execute/async - {"script":"<script> [1562 bytes]","args":[{"selector":{"controlType":"sap.m.Text","viewName":"etm.portal.ui.managerequests.view.Detail","bindingPath":{"path":"/SmartRequestItemsPlanningBoard(ITEM=20m,REQUEST='20313')","propertyPath":"STATUS_DESC"}},"wdio_ui5_key":"etmportal.ui.managerequests.view.Detailsap.m.Text{\"path\":\"/SmartRequestItemsPlanningBoard(ITEM=20m,REQUEST='20313')\",\"propertyPath\":\"STATUS_DESC\"}"}]}
RESULT: {"script":"<script> [1562 bytes]","args":[{"selector":{"controlType":"sap.m.Text","viewName":"etm.portal.ui.managerequests.view.Detail","bindingPath":{"path":"/SmartRequestItemsPlanningBoard(ITEM=20m,REQUEST='20313')","propertyPath":"STATUS_DESC"}},"wdio_ui5_key":"etmportal.ui.managerequests.view.Detailsap.m.Text{\"path\":\"/SmartRequestItemsPlanningBoard(ITEM=20m,REQUEST='20313')\",\"propertyPath\":\"STATUS_DESC\"}"}]}
RESULT: undefined
COMMAND: POST /session/9a045c4a17e0def218bea7a69d7cd789/execute/async - {"script":"<script> [6424 bytes]","args":[{"element-6066-11e4-a52e-4f735466cecf":"f.F2CC79D104176C4887E06893325B0B16.d.CE6498CCD08B8010EE78814CD6DA7912.e.7098"},"getText",[]]}
RESULT: {"script":"<script> [6424 bytes]","args":[{"element-6066-11e4-a52e-4f735466cecf":"f.F2CC79D104176C4887E06893325B0B16.d.CE6498CCD08B8010EE78814CD6DA7912.e.7098"},"getText",[]]}
COMMAND: POST /session/9a045c4a17e0def218bea7a69d7cd789/element - {"using":"css selector","value":"#shell-header-logo"}
RESULT: {"using":"css selector","value":"#shell-header-logo"}
COMMAND: POST /session/9a045c4a17e0def218bea7a69d7cd789/element/f.F2CC79D104176C4887E06893325B0B16.d.CE6498CCD08B8010EE78814CD6DA7912.e.6764/click - {}
RESULT: {}
COMMAND: GET /session/9a045c4a17e0def218bea7a69d7cd789/screenshot - {}
RESULT: {}
]]></system-out>
    </testcase>
  </testsuite>
  <testsuite timestamp="2025-05-01T18:10:42" time="235.149" tests="4" failures="0" errors="0" skipped="0">
    <properties>
      <property name="specId" value="0" />
      <property name="suiteName" value="Standard contract close-reopen US111278" />
      <property name="capabilities" value="chrome.135_0_7049_96.windows" />
      <property name="file" value="file:///D:/a/1/s/test/specs/R2C/standard-contract-close-reopen.spec.js" />
    </properties>
    <testcase classname="chrome.135_0_7049_96.windows.Standard_contract_close-reopen_US111278" name="Should create a new contract and add an item" time="128.538">
      <system-out><![CDATA[
COMMAND: POST /session/9a045c4a17e0def218bea7a69d7cd789/execute/async - {"script":"<script> [1562 bytes]","args":[{"selector":{"controlType":"sap.m.Text","viewName":"etm.portal.ui.managecontractstile.view.Master","properties":{"text":"Manage Contracts"},"interaction":{"idSuffix":"inner"}},"wdio_ui5_key":"etmportal.ui.managecontractstile.view.Mastersap.m.Text{\"text\":\"Manage Contracts\"}"}]}
RESULT: {"script":"<script> [1562 bytes]","args":[{"selector":{"controlType":"sap.m.Text","viewName":"etm.portal.ui.managecontractstile.view.Master","properties":{"text":"Manage Contracts"},"interaction":{"idSuffix":"inner"}},"wdio_ui5_key":"etmportal.ui.managecontractstile.view.Mastersap.m.Text{\"text\":\"Manage Contracts\"}"}]}
RESULT: undefined
COMMAND: POST /session/9a045c4a17e0def218bea7a69d7cd789/element - {"using":"xpath","value":"//*[@id=\"__tile130-title\"]"}
RESULT: {"using":"xpath","value":"//*[@id=\"__tile130-title\"]"}
COMMAND: POST /session/9a045c4a17e0def218bea7a69d7cd789/element/f.F2CC79D104176C4887E06893325B0B16.d.CE6498CCD08B8010EE78814CD6DA7912.e.7102/click - {}
RESULT: {}
COMMAND: GET /session/9a045c4a17e0def218bea7a69d7cd789/screenshot - {}
RESULT: {}
COMMAND: POST /session/9a045c4a17e0def218bea7a69d7cd789/element - {"using":"xpath","value":"//button[@data-kt=\"addButton\"]"}
RESULT: {"using":"xpath","value":"//button[@data-kt=\"addButton\"]"}
COMMAND: POST /session/9a045c4a17e0def218bea7a69d7cd789/element/f.F2CC79D104176C4887E06893325B0B16.d.CE6498CCD08B8010EE78814CD6DA7912.e.7170/click - {}
RESULT: {}
COMMAND: GET /session/9a045c4a17e0def218bea7a69d7cd789/screenshot - {}
RESULT: {}
COMMAND: POST /session/9a045c4a17e0def218bea7a69d7cd789/execute/async - {"script":"<script> [1562 bytes]","args":[{"selector":{"id":"application-managecontracts-display-component---AddNewContract--projectDescription","interaction":{"idSuffix":"inner"}},"wdio_ui5_key":"applicationmanagecontracts-display-component---AddNewContract--projectDescription"}]}
RESULT: {"script":"<script> [1562 bytes]","args":[{"selector":{"id":"application-managecontracts-display-component---AddNewContract--projectDescription","interaction":{"idSuffix":"inner"}},"wdio_ui5_key":"applicationmanagecontracts-display-component---AddNewContract--projectDescription"}]}
RESULT: undefined
COMMAND: POST /session/9a045c4a17e0def218bea7a69d7cd789/execute/async - {"script":"<script> [776 bytes]","args":[{"enterText":"WdIOR2cn2pi8","selector":{"id":"application-managecontracts-display-component---AddNewContract--projectDescription","interaction":{"idSuffix":"inner"}},"clearTextFirst":true,"interactionType":"ENTER_TEXT"}]}
RESULT: {"script":"<script> [776 bytes]","args":[{"enterText":"WdIOR2cn2pi8","selector":{"id":"application-managecontracts-display-component---AddNewContract--projectDescription","interaction":{"idSuffix":"inner"}},"clearTextFirst":true,"interactionType":"ENTER_TEXT"}]}
COMMAND: POST /session/9a045c4a17e0def218bea7a69d7cd789/element - {"using":"xpath","value":"//input[@id=\"application-managecontracts-display-component---AddNewContract--yardId-inner\"]"}
RESULT: {"using":"xpath","value":"//input[@id=\"application-managecontracts-display-component---AddNewContract--yardId-inner\"]"}
COMMAND: POST /session/9a045c4a17e0def218bea7a69d7cd789/element/f.F2CC79D104176C4887E06893325B0B16.d.CE6498CCD08B8010EE78814CD6DA7912.e.7430/clear - {}
RESULT: {}
COMMAND: POST /session/9a045c4a17e0def218bea7a69d7cd789/element/f.F2CC79D104176C4887E06893325B0B16.d.CE6498CCD08B8010EE78814CD6DA7912.e.7430/value - {"text":"WebdriverYardlcmp4f"}
COMMAND: GET /session/9a045c4a17e0def218bea7a69d7cd789/screenshot - {}
RESULT: {"text":"WebdriverYardlcmp4f"}
COMMAND: GET /session/9a045c4a17e0def218bea7a69d7cd789/screenshot - {}
RESULT: {}
RESULT: {}
COMMAND: POST /session/9a045c4a17e0def218bea7a69d7cd789/actions - {"actions":[{"id":"action34","type":"key","parameters":{},"actions":[{"type":"keyDown","value":"î€‡"},{"type":"pause","duration":10},{"type":"keyUp","value":"î€‡"}]}]}
RESULT: {"actions":[{"id":"action34","type":"key","parameters":{},"actions":[{"type":"keyDown","value":"î€‡"},{"type":"pause","duration":10},{"type":"keyUp","value":"î€‡"}]}]}
COMMAND: GET /session/9a045c4a17e0def218bea7a69d7cd789/screenshot - {}
RESULT: {}
COMMAND: POST /session/9a045c4a17e0def218bea7a69d7cd789/element - {"using":"xpath","value":"//input[@id=\"application-managecontracts-display-component---AddNewContract--customerSelect-inner\"]"}
RESULT: {"using":"xpath","value":"//input[@id=\"application-managecontracts-display-component---AddNewContract--customerSelect-inner\"]"}
COMMAND: POST /session/9a045c4a17e0def218bea7a69d7cd789/element/f.F2CC79D104176C4887E06893325B0B16.d.CE6498CCD08B8010EE78814CD6DA7912.e.7428/clear - {}
RESULT: {}
COMMAND: POST /session/9a045c4a17e0def218bea7a69d7cd789/element/f.F2CC79D104176C4887E06893325B0B16.d.CE6498CCD08B8010EE78814CD6DA7912.e.7428/value - {"text":"WebdriverPartnereuf9p"}
COMMAND: GET /session/9a045c4a17e0def218bea7a69d7cd789/screenshot - {}
RESULT: {"text":"WebdriverPartnereuf9p"}
COMMAND: GET /session/9a045c4a17e0def218bea7a69d7cd789/screenshot - {}
RESULT: {}
RESULT: {}
COMMAND: POST /session/9a045c4a17e0def218bea7a69d7cd789/actions - {"actions":[{"id":"action35","type":"key","parameters":{},"actions":[{"type":"keyDown","value":"î€‡"},{"type":"pause","duration":10},{"type":"keyUp","value":"î€‡"}]}]}
RESULT: {"actions":[{"id":"action35","type":"key","parameters":{},"actions":[{"type":"keyDown","value":"î€‡"},{"type":"pause","duration":10},{"type":"keyUp","value":"î€‡"}]}]}
COMMAND: GET /session/9a045c4a17e0def218bea7a69d7cd789/screenshot - {}
RESULT: {}
COMMAND: POST /session/9a045c4a17e0def218bea7a69d7cd789/element - {"using":"xpath","value":"//input[@id=\"application-managecontracts-display-component---AddNewContract--site-inner\"]"}
RESULT: {"using":"xpath","value":"//input[@id=\"application-managecontracts-display-component---AddNewContract--site-inner\"]"}
COMMAND: POST /session/9a045c4a17e0def218bea7a69d7cd789/element/f.F2CC79D104176C4887E06893325B0B16.d.CE6498CCD08B8010EE78814CD6DA7912.e.7429/clear - {}
RESULT: {}
COMMAND: POST /session/9a045c4a17e0def218bea7a69d7cd789/element/f.F2CC79D104176C4887E06893325B0B16.d.CE6498CCD08B8010EE78814CD6DA7912.e.7429/value - {"text":"WebdriverSitex0ldn"}
COMMAND: GET /session/9a045c4a17e0def218bea7a69d7cd789/screenshot - {}
RESULT: {"text":"WebdriverSitex0ldn"}
COMMAND: GET /session/9a045c4a17e0def218bea7a69d7cd789/screenshot - {}
RESULT: {}
RESULT: {}
COMMAND: POST /session/9a045c4a17e0def218bea7a69d7cd789/actions - {"actions":[{"id":"action36","type":"key","parameters":{},"actions":[{"type":"keyDown","value":"î€‡"},{"type":"pause","duration":10},{"type":"keyUp","value":"î€‡"}]}]}
RESULT: {"actions":[{"id":"action36","type":"key","parameters":{},"actions":[{"type":"keyDown","value":"î€‡"},{"type":"pause","duration":10},{"type":"keyUp","value":"î€‡"}]}]}
COMMAND: GET /session/9a045c4a17e0def218bea7a69d7cd789/screenshot - {}
RESULT: {}
COMMAND: POST /session/9a045c4a17e0def218bea7a69d7cd789/element - {"using":"xpath","value":"//button[@data-kt=\"saveButton\"]"}
RESULT: {"using":"xpath","value":"//button[@data-kt=\"saveButton\"]"}
COMMAND: POST /session/9a045c4a17e0def218bea7a69d7cd789/element/f.F2CC79D104176C4887E06893325B0B16.d.CE6498CCD08B8010EE78814CD6DA7912.e.7445/click - {}
RESULT: {}
COMMAND: GET /session/9a045c4a17e0def218bea7a69d7cd789/screenshot - {}
RESULT: {}
COMMAND: POST /session/9a045c4a17e0def218bea7a69d7cd789/execute/async - {"script":"<script> [1562 bytes]","args":[{"selector":{"id":"contractDetailTitleNoExpanded","viewName":"etm.portal.ui.managecontracts.view.Detail"},"wdio_ui5_key":"contractDetailTitleNoExpandedetmportal.ui.managecontracts.view.Detail"}]}
RESULT: {"script":"<script> [1562 bytes]","args":[{"selector":{"id":"contractDetailTitleNoExpanded","viewName":"etm.portal.ui.managecontracts.view.Detail"},"wdio_ui5_key":"contractDetailTitleNoExpandedetmportal.ui.managecontracts.view.Detail"}]}
RESULT: undefined
COMMAND: POST /session/9a045c4a17e0def218bea7a69d7cd789/execute/async - {"script":"<script> [6424 bytes]","args":[{"element-6066-11e4-a52e-4f735466cecf":"f.F2CC79D104176C4887E06893325B0B16.d.CE6498CCD08B8010EE78814CD6DA7912.e.7529"},"getText",[]]}
RESULT: {"script":"<script> [6424 bytes]","args":[{"element-6066-11e4-a52e-4f735466cecf":"f.F2CC79D104176C4887E06893325B0B16.d.CE6498CCD08B8010EE78814CD6DA7912.e.7529"},"getText",[]]}
COMMAND: POST /session/9a045c4a17e0def218bea7a69d7cd789/execute/async - {"script":"<script> [1562 bytes]","args":[{"selector":{"id":"closeContractBtn","viewName":"etm.portal.ui.managecontracts.view.Detail"},"wdio_ui5_key":"closeContractBtnetmportal.ui.managecontracts.view.Detail"}]}
RESULT: {"script":"<script> [1562 bytes]","args":[{"selector":{"id":"closeContractBtn","viewName":"etm.portal.ui.managecontracts.view.Detail"},"wdio_ui5_key":"closeContractBtnetmportal.ui.managecontracts.view.Detail"}]}
RESULT: undefined
COMMAND: POST /session/9a045c4a17e0def218bea7a69d7cd789/execute/async - {"script":"<script> [6424 bytes]","args":[{"element-6066-11e4-a52e-4f735466cecf":"f.F2CC79D104176C4887E06893325B0B16.d.CE6498CCD08B8010EE78814CD6DA7912.e.7530"},"getEnabled",[]]}
RESULT: {"script":"<script> [6424 bytes]","args":[{"element-6066-11e4-a52e-4f735466cecf":"f.F2CC79D104176C4887E06893325B0B16.d.CE6498CCD08B8010EE78814CD6DA7912.e.7530"},"getEnabled",[]]}
COMMAND: POST /session/9a045c4a17e0def218bea7a69d7cd789/element - {"using":"xpath","value":"//button[@data-kt=\"contractDetailEditBtnButton\"]"}
RESULT: {"using":"xpath","value":"//button[@data-kt=\"contractDetailEditBtnButton\"]"}
COMMAND: POST /session/9a045c4a17e0def218bea7a69d7cd789/element/f.F2CC79D104176C4887E06893325B0B16.d.CE6498CCD08B8010EE78814CD6DA7912.e.7531/click - {}
RESULT: {}
COMMAND: GET /session/9a045c4a17e0def218bea7a69d7cd789/screenshot - {}
RESULT: {}
COMMAND: POST /session/9a045c4a17e0def218bea7a69d7cd789/element - {"using":"xpath","value":"(//span[contains(text(), \"Additional Addresses\")])[2]"}
RESULT: {"using":"xpath","value":"(//span[contains(text(), \"Additional Addresses\")])[2]"}
COMMAND: POST /session/9a045c4a17e0def218bea7a69d7cd789/element/f.F2CC79D104176C4887E06893325B0B16.d.CE6498CCD08B8010EE78814CD6DA7912.e.7586/click - {}
RESULT: {}
COMMAND: GET /session/9a045c4a17e0def218bea7a69d7cd789/screenshot - {}
RESULT: {}
COMMAND: POST /session/9a045c4a17e0def218bea7a69d7cd789/element - {"using":"xpath","value":"//button[@data-kt=\"btnAddTableRowOverflowToolbarButton\"]"}
RESULT: {"using":"xpath","value":"//button[@data-kt=\"btnAddTableRowOverflowToolbarButton\"]"}
COMMAND: POST /session/9a045c4a17e0def218bea7a69d7cd789/element/f.F2CC79D104176C4887E06893325B0B16.d.CE6498CCD08B8010EE78814CD6DA7912.e.7590/click - {}
RESULT: {}
COMMAND: GET /session/9a045c4a17e0def218bea7a69d7cd789/screenshot - {}
RESULT: {}
COMMAND: POST /session/9a045c4a17e0def218bea7a69d7cd789/element - {"using":"xpath","value":"//div[(text() = 'Standard Entry' or . = 'Standard Entry')]"}
RESULT: {"using":"xpath","value":"//div[(text() = 'Standard Entry' or . = 'Standard Entry')]"}
COMMAND: POST /session/9a045c4a17e0def218bea7a69d7cd789/element/f.F2CC79D104176C4887E06893325B0B16.d.CE6498CCD08B8010EE78814CD6DA7912.e.7592/click - {}
RESULT: {}
COMMAND: POST /session/9a045c4a17e0def218bea7a69d7cd789/element - {"using":"xpath","value":"//td[6]/div/div/input[1]"}
COMMAND: GET /session/9a045c4a17e0def218bea7a69d7cd789/screenshot - {}
RESULT: {"using":"xpath","value":"//td[6]/div/div/input[1]"}
COMMAND: POST /session/9a045c4a17e0def218bea7a69d7cd789/element/f.F2CC79D104176C4887E06893325B0B16.d.CE6498CCD08B8010EE78814CD6DA7912.e.7594/click - {}
RESULT: {}
RESULT: {}
COMMAND: POST /session/9a045c4a17e0def218bea7a69d7cd789/actions - {"actions":[{"id":"action37","type":"key","parameters":{},"actions":[{"type":"keyDown","value":"î€ƒ"},{"type":"pause","duration":10},{"type":"keyUp","value":"î€ƒ"}]}]}
COMMAND: GET /session/9a045c4a17e0def218bea7a69d7cd789/screenshot - {}
RESULT: {"actions":[{"id":"action37","type":"key","parameters":{},"actions":[{"type":"keyDown","value":"î€ƒ"},{"type":"pause","duration":10},{"type":"keyUp","value":"î€ƒ"}]}]}
COMMAND: POST /session/9a045c4a17e0def218bea7a69d7cd789/element - {"using":"xpath","value":"//td[6]/div/div/input[1]"}
COMMAND: GET /session/9a045c4a17e0def218bea7a69d7cd789/screenshot - {}
RESULT: {}
RESULT: {"using":"xpath","value":"//td[6]/div/div/input[1]"}
COMMAND: POST /session/9a045c4a17e0def218bea7a69d7cd789/element/f.F2CC79D104176C4887E06893325B0B16.d.CE6498CCD08B8010EE78814CD6DA7912.e.7594/clear - {}
RESULT: {}
RESULT: {}
COMMAND: POST /session/9a045c4a17e0def218bea7a69d7cd789/element/f.F2CC79D104176C4887E06893325B0B16.d.CE6498CCD08B8010EE78814CD6DA7912.e.7594/value - {"text":"Material"}
COMMAND: GET /session/9a045c4a17e0def218bea7a69d7cd789/screenshot - {}
RESULT: {"text":"Material"}
COMMAND: GET /session/9a045c4a17e0def218bea7a69d7cd789/screenshot - {}
RESULT: {}
RESULT: {}
COMMAND: POST /session/9a045c4a17e0def218bea7a69d7cd789/actions - {"actions":[{"id":"action38","type":"key","parameters":{},"actions":[{"type":"keyDown","value":"î€‡"},{"type":"pause","duration":10},{"type":"keyUp","value":"î€‡"}]}]}
RESULT: {"actions":[{"id":"action38","type":"key","parameters":{},"actions":[{"type":"keyDown","value":"î€‡"},{"type":"pause","duration":10},{"type":"keyUp","value":"î€‡"}]}]}
COMMAND: GET /session/9a045c4a17e0def218bea7a69d7cd789/screenshot - {}
RESULT: {}
COMMAND: POST /session/9a045c4a17e0def218bea7a69d7cd789/actions - {"actions":[{"id":"action39","type":"key","parameters":{},"actions":[{"type":"keyDown","value":"î€‡"},{"type":"pause","duration":10},{"type":"keyUp","value":"î€‡"}]}]}
RESULT: {"actions":[{"id":"action39","type":"key","parameters":{},"actions":[{"type":"keyDown","value":"î€‡"},{"type":"pause","duration":10},{"type":"keyUp","value":"î€‡"}]}]}
COMMAND: POST /session/9a045c4a17e0def218bea7a69d7cd789/element - {"using":"xpath","value":"//td[7]/div/div/input"}
COMMAND: GET /session/9a045c4a17e0def218bea7a69d7cd789/screenshot - {}
RESULT: {"using":"xpath","value":"//td[7]/div/div/input"}
COMMAND: POST /session/9a045c4a17e0def218bea7a69d7cd789/element/f.F2CC79D104176C4887E06893325B0B16.d.CE6498CCD08B8010EE78814CD6DA7912.e.7607/clear - {}
RESULT: {}
RESULT: {}
COMMAND: POST /session/9a045c4a17e0def218bea7a69d7cd789/element/f.F2CC79D104176C4887E06893325B0B16.d.CE6498CCD08B8010EE78814CD6DA7912.e.7607/value - {"text":"WebdriverRUR2C1eeoe"}
COMMAND: GET /session/9a045c4a17e0def218bea7a69d7cd789/screenshot - {}
RESULT: {"text":"WebdriverRUR2C1eeoe"}
COMMAND: GET /session/9a045c4a17e0def218bea7a69d7cd789/screenshot - {}
RESULT: {}
RESULT: {}
COMMAND: POST /session/9a045c4a17e0def218bea7a69d7cd789/actions - {"actions":[{"id":"action40","type":"key","parameters":{},"actions":[{"type":"keyDown","value":"î€‡"},{"type":"pause","duration":10},{"type":"keyUp","value":"î€‡"}]}]}
RESULT: {"actions":[{"id":"action40","type":"key","parameters":{},"actions":[{"type":"keyDown","value":"î€‡"},{"type":"pause","duration":10},{"type":"keyUp","value":"î€‡"}]}]}
COMMAND: GET /session/9a045c4a17e0def218bea7a69d7cd789/screenshot - {}
RESULT: {}
COMMAND: POST /session/9a045c4a17e0def218bea7a69d7cd789/actions - {"actions":[{"id":"action41","type":"key","parameters":{},"actions":[{"type":"keyDown","value":"î€‡"},{"type":"pause","duration":10},{"type":"keyUp","value":"î€‡"}]}]}
RESULT: {"actions":[{"id":"action41","type":"key","parameters":{},"actions":[{"type":"keyDown","value":"î€‡"},{"type":"pause","duration":10},{"type":"keyUp","value":"î€‡"}]}]}
COMMAND: GET /session/9a045c4a17e0def218bea7a69d7cd789/screenshot - {}
RESULT: {}
COMMAND: POST /session/9a045c4a17e0def218bea7a69d7cd789/element - {"using":"xpath","value":"(//button[@data-kt=\"saveButton\"])[2]"}
RESULT: {"using":"xpath","value":"(//button[@data-kt=\"saveButton\"])[2]"}
COMMAND: POST /session/9a045c4a17e0def218bea7a69d7cd789/element/f.F2CC79D104176C4887E06893325B0B16.d.CE6498CCD08B8010EE78814CD6DA7912.e.7633/click - {}
RESULT: {}
COMMAND: GET /session/9a045c4a17e0def218bea7a69d7cd789/screenshot - {}
RESULT: {}
]]></system-out>
    </testcase>
    <testcase classname="chrome.135_0_7049_96.windows.Standard_contract_close-reopen_US111278" name="It should close the contract" time="21.509">
      <system-out><![CDATA[
RESULT: undefined
COMMAND: POST /session/9a045c4a17e0def218bea7a69d7cd789/element - {"using":"xpath","value":"//*[@id=\"__xmlview64--closeContractBtn\"]"}
RESULT: {"using":"xpath","value":"//*[@id=\"__xmlview64--closeContractBtn\"]"}
COMMAND: POST /session/9a045c4a17e0def218bea7a69d7cd789/element/f.F2CC79D104176C4887E06893325B0B16.d.CE6498CCD08B8010EE78814CD6DA7912.e.7530/click - {}
RESULT: {}
COMMAND: GET /session/9a045c4a17e0def218bea7a69d7cd789/screenshot - {}
RESULT: {}
COMMAND: POST /session/9a045c4a17e0def218bea7a69d7cd789/element - {"using":"xpath","value":"//span[contains(text(), \"Do you want to close the whole contract?\")]"}
RESULT: {"using":"xpath","value":"//span[contains(text(), \"Do you want to close the whole contract?\")]"}
COMMAND: POST /session/9a045c4a17e0def218bea7a69d7cd789/execute/sync - {"script":"<script> [8489 bytes]","args":[{"element-6066-11e4-a52e-4f735466cecf":"f.F2CC79D104176C4887E06893325B0B16.d.CE6498CCD08B8010EE78814CD6DA7912.e.7637","ELEMENT":"f.F2CC79D104176C4887E06893325B0B16.d.CE6498CCD08B8010EE78814CD6DA7912.e.7637"}]}
RESULT: {"script":"<script> [8489 bytes]","args":[{"element-6066-11e4-a52e-4f735466cecf":"f.F2CC79D104176C4887E06893325B0B16.d.CE6498CCD08B8010EE78814CD6DA7912.e.7637","ELEMENT":"f.F2CC79D104176C4887E06893325B0B16.d.CE6498CCD08B8010EE78814CD6DA7912.e.7637"}]}
COMMAND: POST /session/9a045c4a17e0def218bea7a69d7cd789/element - {"using":"xpath","value":"//bdi[contains(text(), \"OK\")]"}
COMMAND: GET /session/9a045c4a17e0def218bea7a69d7cd789/screenshot - {}
RESULT: {"using":"xpath","value":"//bdi[contains(text(), \"OK\")]"}
COMMAND: POST /session/9a045c4a17e0def218bea7a69d7cd789/element/f.F2CC79D104176C4887E06893325B0B16.d.CE6498CCD08B8010EE78814CD6DA7912.e.7638/click - {}
RESULT: {}
RESULT: {}
COMMAND: GET /session/9a045c4a17e0def218bea7a69d7cd789/screenshot - {}
RESULT: {}
COMMAND: POST /session/9a045c4a17e0def218bea7a69d7cd789/element - {"using":"xpath","value":"//input[contains(@id ,\"smartContractFilterBar-btnBasicSearch-I\")]"}
RESULT: {"using":"xpath","value":"//input[contains(@id ,\"smartContractFilterBar-btnBasicSearch-I\")]"}
COMMAND: POST /session/9a045c4a17e0def218bea7a69d7cd789/element/f.F2CC79D104176C4887E06893325B0B16.d.CE6498CCD08B8010EE78814CD6DA7912.e.7107/clear - {}
RESULT: {}
COMMAND: POST /session/9a045c4a17e0def218bea7a69d7cd789/element/f.F2CC79D104176C4887E06893325B0B16.d.CE6498CCD08B8010EE78814CD6DA7912.e.7107/value - {"text":"10443"}
COMMAND: GET /session/9a045c4a17e0def218bea7a69d7cd789/screenshot - {}
RESULT: {"text":"10443"}
COMMAND: POST /session/9a045c4a17e0def218bea7a69d7cd789/actions - {"actions":[{"id":"action42","type":"key","parameters":{},"actions":[{"type":"keyDown","value":"î€‡"},{"type":"pause","duration":10},{"type":"keyUp","value":"î€‡"}]}]}
COMMAND: GET /session/9a045c4a17e0def218bea7a69d7cd789/screenshot - {}
RESULT: {}
RESULT: {"actions":[{"id":"action42","type":"key","parameters":{},"actions":[{"type":"keyDown","value":"î€‡"},{"type":"pause","duration":10},{"type":"keyUp","value":"î€‡"}]}]}
COMMAND: GET /session/9a045c4a17e0def218bea7a69d7cd789/screenshot - {}
RESULT: {}
RESULT: {}
COMMAND: POST /session/9a045c4a17e0def218bea7a69d7cd789/execute/async - {"script":"<script> [1562 bytes]","args":[{"selector":{"controlType":"sap.ui.core.Icon","viewName":"etm.portal.ui.managecontracts.view.Master","properties":{"src":{"regex":{"source":"slim\\-arrow\\-right"}}}},"wdio_ui5_key":"etmportal.ui.managecontracts.view.Mastersap.ui.core.Icon{\"src\":{\"regex\":{\"source\":\"slim\\\\-arrow\\\\-right\"}}}"}]}
RESULT: {"script":"<script> [1562 bytes]","args":[{"selector":{"controlType":"sap.ui.core.Icon","viewName":"etm.portal.ui.managecontracts.view.Master","properties":{"src":{"regex":{"source":"slim\\-arrow\\-right"}}}},"wdio_ui5_key":"etmportal.ui.managecontracts.view.Mastersap.ui.core.Icon{\"src\":{\"regex\":{\"source\":\"slim\\\\-arrow\\\\-right\"}}}"}]}
RESULT: undefined
COMMAND: POST /session/9a045c4a17e0def218bea7a69d7cd789/element - {"using":"xpath","value":"//*[@id=\"__item129-__clone5184-imgNav\"]"}
RESULT: {"using":"xpath","value":"//*[@id=\"__item129-__clone5184-imgNav\"]"}
COMMAND: POST /session/9a045c4a17e0def218bea7a69d7cd789/element/f.F2CC79D104176C4887E06893325B0B16.d.CE6498CCD08B8010EE78814CD6DA7912.e.7885/click - {}
RESULT: {}
COMMAND: POST /session/9a045c4a17e0def218bea7a69d7cd789/execute/async - {"script":"<script> [1562 bytes]","args":[{"selector":{"controlType":"sap.m.ObjectStatus","viewName":"etm.portal.ui.managecontracts.view.Detail","bindingPath":{"propertyPath":"LINK_TO_LOGISTICAL_STATUS/DESCRIPTION","modelName":"catalogModel"}},"wdio_ui5_key":"etmportal.ui.managecontracts.view.Detailsap.m.ObjectStatus{\"propertyPath\":\"LINK_TO_LOGISTICAL_STATUS/DESCRIPTION\",\"modelName\":\"catalogModel\"}"}]}
COMMAND: GET /session/9a045c4a17e0def218bea7a69d7cd789/screenshot - {}
RESULT: {"script":"<script> [1562 bytes]","args":[{"selector":{"controlType":"sap.m.ObjectStatus","viewName":"etm.portal.ui.managecontracts.view.Detail","bindingPath":{"propertyPath":"LINK_TO_LOGISTICAL_STATUS/DESCRIPTION","modelName":"catalogModel"}},"wdio_ui5_key":"etmportal.ui.managecontracts.view.Detailsap.m.ObjectStatus{\"propertyPath\":\"LINK_TO_LOGISTICAL_STATUS/DESCRIPTION\",\"modelName\":\"catalogModel\"}"}]}
RESULT: undefined
COMMAND: POST /session/9a045c4a17e0def218bea7a69d7cd789/execute/async - {"script":"<script> [6424 bytes]","args":[{"element-6066-11e4-a52e-4f735466cecf":"f.F2CC79D104176C4887E06893325B0B16.d.CE6498CCD08B8010EE78814CD6DA7912.e.7915"},"getText",[]]}
RESULT: {}
RESULT: {"script":"<script> [6424 bytes]","args":[{"element-6066-11e4-a52e-4f735466cecf":"f.F2CC79D104176C4887E06893325B0B16.d.CE6498CCD08B8010EE78814CD6DA7912.e.7915"},"getText",[]]}
]]></system-out>
    </testcase>
    <testcase classname="chrome.135_0_7049_96.windows.Standard_contract_close-reopen_US111278" name="Should reopen the contract" time="9.992">
      <system-out><![CDATA[
COMMAND: POST /session/9a045c4a17e0def218bea7a69d7cd789/execute/async - {"script":"<script> [1562 bytes]","args":[{"selector":{"id":"openContractBtn","viewName":"etm.portal.ui.managecontracts.view.Detail"},"wdio_ui5_key":"openContractBtnetmportal.ui.managecontracts.view.Detail"}]}
RESULT: {"script":"<script> [1562 bytes]","args":[{"selector":{"id":"openContractBtn","viewName":"etm.portal.ui.managecontracts.view.Detail"},"wdio_ui5_key":"openContractBtnetmportal.ui.managecontracts.view.Detail"}]}
RESULT: undefined
COMMAND: POST /session/9a045c4a17e0def218bea7a69d7cd789/execute/async - {"script":"<script> [6424 bytes]","args":[{"element-6066-11e4-a52e-4f735466cecf":"f.F2CC79D104176C4887E06893325B0B16.d.CE6498CCD08B8010EE78814CD6DA7912.e.7904"},"getEnabled",[]]}
RESULT: {"script":"<script> [6424 bytes]","args":[{"element-6066-11e4-a52e-4f735466cecf":"f.F2CC79D104176C4887E06893325B0B16.d.CE6498CCD08B8010EE78814CD6DA7912.e.7904"},"getEnabled",[]]}
COMMAND: POST /session/9a045c4a17e0def218bea7a69d7cd789/element - {"using":"xpath","value":"//bdi[contains(text(), \"Edit\")]"}
RESULT: {"using":"xpath","value":"//bdi[contains(text(), \"Edit\")]"}
COMMAND: POST /session/9a045c4a17e0def218bea7a69d7cd789/element - {"using":"xpath","value":"//bdi[contains(text(), \"Edit\")]"}
RESULT: undefined
COMMAND: POST /session/9a045c4a17e0def218bea7a69d7cd789/element - {"using":"xpath","value":"//*[@id=\"__xmlview64--openContractBtn\"]"}
RESULT: {"using":"xpath","value":"//bdi[contains(text(), \"Edit\")]"}
RESULT: {"using":"xpath","value":"//*[@id=\"__xmlview64--openContractBtn\"]"}
COMMAND: POST /session/9a045c4a17e0def218bea7a69d7cd789/element/f.F2CC79D104176C4887E06893325B0B16.d.CE6498CCD08B8010EE78814CD6DA7912.e.7904/click - {}
RESULT: {}
COMMAND: POST /session/9a045c4a17e0def218bea7a69d7cd789/execute/async - {"script":"<script> [1562 bytes]","args":[{"selector":{"controlType":"sap.m.Text","properties":{"text":"Contract has been reopened successfully"},"searchOpenDialogs":true},"wdio_ui5_key":"sapm.Text{\"text\":\"Contract has been reopened successfully\"}"}]}
COMMAND: GET /session/9a045c4a17e0def218bea7a69d7cd789/screenshot - {}
RESULT: {"script":"<script> [1562 bytes]","args":[{"selector":{"controlType":"sap.m.Text","properties":{"text":"Contract has been reopened successfully"},"searchOpenDialogs":true},"wdio_ui5_key":"sapm.Text{\"text\":\"Contract has been reopened successfully\"}"}]}
RESULT: undefined
COMMAND: POST /session/9a045c4a17e0def218bea7a69d7cd789/execute/async - {"script":"<script> [6424 bytes]","args":[{"element-6066-11e4-a52e-4f735466cecf":"f.F2CC79D104176C4887E06893325B0B16.d.CE6498CCD08B8010EE78814CD6DA7912.e.7918"},"getText",[]]}
RESULT: {}
RESULT: {"script":"<script> [6424 bytes]","args":[{"element-6066-11e4-a52e-4f735466cecf":"f.F2CC79D104176C4887E06893325B0B16.d.CE6498CCD08B8010EE78814CD6DA7912.e.7918"},"getText",[]]}
COMMAND: POST /session/9a045c4a17e0def218bea7a69d7cd789/element - {"using":"xpath","value":"//bdi[contains(text(), \"OK\")]"}
RESULT: {"using":"xpath","value":"//bdi[contains(text(), \"OK\")]"}
COMMAND: POST /session/9a045c4a17e0def218bea7a69d7cd789/element/f.F2CC79D104176C4887E06893325B0B16.d.CE6498CCD08B8010EE78814CD6DA7912.e.7919/click - {}
RESULT: {}
COMMAND: GET /session/9a045c4a17e0def218bea7a69d7cd789/screenshot - {}
RESULT: {}
COMMAND: POST /session/9a045c4a17e0def218bea7a69d7cd789/element - {"using":"xpath","value":"//bdi[contains(text(), \"Edit\")]"}
RESULT: undefined
COMMAND: POST /session/9a045c4a17e0def218bea7a69d7cd789/execute/async - {"script":"<script> [6424 bytes]","args":[{"element-6066-11e4-a52e-4f735466cecf":"f.F2CC79D104176C4887E06893325B0B16.d.CE6498CCD08B8010EE78814CD6DA7912.e.7530"},"getEnabled",[]]}
RESULT: {"using":"xpath","value":"//bdi[contains(text(), \"Edit\")]"}
COMMAND: POST /session/9a045c4a17e0def218bea7a69d7cd789/execute/sync - {"script":"<script> [8489 bytes]","args":[{"element-6066-11e4-a52e-4f735466cecf":"f.F2CC79D104176C4887E06893325B0B16.d.CE6498CCD08B8010EE78814CD6DA7912.e.7920","ELEMENT":"f.F2CC79D104176C4887E06893325B0B16.d.CE6498CCD08B8010EE78814CD6DA7912.e.7920"}]}
COMMAND: POST /session/9a045c4a17e0def218bea7a69d7cd789/execute/async - {"script":"<script> [1562 bytes]","args":[{"selector":{"id":"closeContractBtn","viewName":"etm.portal.ui.managecontracts.view.Detail"},"wdio_ui5_key":"closeContractBtnetmportal.ui.managecontracts.view.Detail"}]}
RESULT: {"script":"<script> [8489 bytes]","args":[{"element-6066-11e4-a52e-4f735466cecf":"f.F2CC79D104176C4887E06893325B0B16.d.CE6498CCD08B8010EE78814CD6DA7912.e.7920","ELEMENT":"f.F2CC79D104176C4887E06893325B0B16.d.CE6498CCD08B8010EE78814CD6DA7912.e.7920"}]}
COMMAND: GET /session/9a045c4a17e0def218bea7a69d7cd789/screenshot - {}
RESULT: {"script":"<script> [1562 bytes]","args":[{"selector":{"id":"closeContractBtn","viewName":"etm.portal.ui.managecontracts.view.Detail"},"wdio_ui5_key":"closeContractBtnetmportal.ui.managecontracts.view.Detail"}]}
COMMAND: POST /session/9a045c4a17e0def218bea7a69d7cd789/execute/async - {"script":"<script> [6424 bytes]","args":[{"element-6066-11e4-a52e-4f735466cecf":"f.F2CC79D104176C4887E06893325B0B16.d.CE6498CCD08B8010EE78814CD6DA7912.e.7921"},"getEnabled",[]]}
RESULT: {}
RESULT: {"script":"<script> [6424 bytes]","args":[{"element-6066-11e4-a52e-4f735466cecf":"f.F2CC79D104176C4887E06893325B0B16.d.CE6498CCD08B8010EE78814CD6DA7912.e.7921"},"getEnabled",[]]}
]]></system-out>
    </testcase>
    <testcase classname="chrome.135_0_7049_96.windows.Standard_contract_close-reopen_US111278" name="Should verify for multiple statuses that open button is not visible" time="71.521">
      <system-out><![CDATA[
COMMAND: POST /session/9a045c4a17e0def218bea7a69d7cd789/execute/async - {"script":"<script> [1562 bytes]","args":[{"selector":{"controlType":"sap.ui.core.Icon","viewName":"etm.portal.ui.managecontracts.view.Detail","properties":{"src":{"regex":{"source":"decline"}}}},"wdio_ui5_key":"etmportal.ui.managecontracts.view.Detailsap.ui.core.Icon{\"src\":{\"regex\":{\"source\":\"decline\"}}}"}]}
RESULT: {"script":"<script> [1562 bytes]","args":[{"selector":{"controlType":"sap.ui.core.Icon","viewName":"etm.portal.ui.managecontracts.view.Detail","properties":{"src":{"regex":{"source":"decline"}}}},"wdio_ui5_key":"etmportal.ui.managecontracts.view.Detailsap.ui.core.Icon{\"src\":{\"regex\":{\"source\":\"decline\"}}}"}]}
RESULT: undefined
COMMAND: POST /session/9a045c4a17e0def218bea7a69d7cd789/element - {"using":"xpath","value":"//*[@id=\"__xmlview64--closeColumnBtn-img\"]"}
RESULT: {"using":"xpath","value":"//*[@id=\"__xmlview64--closeColumnBtn-img\"]"}
COMMAND: POST /session/9a045c4a17e0def218bea7a69d7cd789/element/f.F2CC79D104176C4887E06893325B0B16.d.CE6498CCD08B8010EE78814CD6DA7912.e.7902/click - {}
RESULT: {}
COMMAND: GET /session/9a045c4a17e0def218bea7a69d7cd789/screenshot - {}
RESULT: {}
COMMAND: POST /session/9a045c4a17e0def218bea7a69d7cd789/element - {"using":"xpath","value":"//div[contains(@id ,\"smartContractFilterBar-btnBasicSearch-reset\")]"}
RESULT: {"using":"xpath","value":"//div[contains(@id ,\"smartContractFilterBar-btnBasicSearch-reset\")]"}
COMMAND: POST /session/9a045c4a17e0def218bea7a69d7cd789/element/f.F2CC79D104176C4887E06893325B0B16.d.CE6498CCD08B8010EE78814CD6DA7912.e.7903/click - {}
RESULT: {}
COMMAND: GET /session/9a045c4a17e0def218bea7a69d7cd789/screenshot - {}
COMMAND: POST /session/9a045c4a17e0def218bea7a69d7cd789/execute/async - {"script":"<script> [1562 bytes]","args":[{"selector":{"controlType":"sap.ui.core.Icon","viewName":"etm.portal.ui.managecontracts.view.Master","properties":{"src":{"regex":{"source":"slim\\-arrow\\-down"}}},"ancestor":{"id":"smartContractStatusFilter","viewName":"etm.portal.ui.managecontracts.view.Master"}},"wdio_ui5_key":"etmportal.ui.managecontracts.view.Mastersap.ui.core.Icon{\"src\":{\"regex\":{\"source\":\"slim\\\\-arrow\\\\-down\"}}}{\"id\":\"smartContractStatusFilter\",\"viewName\":\"etm.portal.ui.managecontracts.view.Master\"}"}]}
RESULT: {}
RESULT: {"script":"<script> [1562 bytes]","args":[{"selector":{"controlType":"sap.ui.core.Icon","viewName":"etm.portal.ui.managecontracts.view.Master","properties":{"src":{"regex":{"source":"slim\\-arrow\\-down"}}},"ancestor":{"id":"smartContractStatusFilter","viewName":"etm.portal.ui.managecontracts.view.Master"}},"wdio_ui5_key":"etmportal.ui.managecontracts.view.Mastersap.ui.core.Icon{\"src\":{\"regex\":{\"source\":\"slim\\\\-arrow\\\\-down\"}}}{\"id\":\"smartContractStatusFilter\",\"viewName\":\"etm.portal.ui.managecontracts.view.Master\"}"}]}
RESULT: undefined
COMMAND: POST /session/9a045c4a17e0def218bea7a69d7cd789/element - {"using":"xpath","value":"//*[@id=\"__xmlview63--smartContractStatusFilter-arrow\"]"}
RESULT: {"using":"xpath","value":"//*[@id=\"__xmlview63--smartContractStatusFilter-arrow\"]"}
COMMAND: POST /session/9a045c4a17e0def218bea7a69d7cd789/element/f.F2CC79D104176C4887E06893325B0B16.d.CE6498CCD08B8010EE78814CD6DA7912.e.7966/click - {}
RESULT: {}
COMMAND: POST /session/9a045c4a17e0def218bea7a69d7cd789/execute/async - {"script":"<script> [1562 bytes]","args":[{"selector":{"controlType":"sap.m.CheckBox","viewName":"etm.portal.ui.managecontracts.view.Master","properties":{"editable":true},"searchOpenDialogs":true,"ancestor":{"controlType":"sap.m.StandardListItem","viewName":"etm.portal.ui.managecontracts.view.Master","properties":{"title":"partial provided"},"searchOpenDialogs":true},"interaction":{"idSuffix":"CbBg"}},"wdio_ui5_key":"etmportal.ui.managecontracts.view.Mastersap.m.CheckBox{\"editable\":true}{\"controlType\":\"sap.m.StandardListItem\",\"viewName\":\"etm.portal.ui.managecontracts.view.Master\",\"properties\":{\"title\":\"partial provided\"},\"searchOpenDialogs\":true}"}]}
COMMAND: GET /session/9a045c4a17e0def218bea7a69d7cd789/screenshot - {}
RESULT: {"script":"<script> [1562 bytes]","args":[{"selector":{"controlType":"sap.m.CheckBox","viewName":"etm.portal.ui.managecontracts.view.Master","properties":{"editable":true},"searchOpenDialogs":true,"ancestor":{"controlType":"sap.m.StandardListItem","viewName":"etm.portal.ui.managecontracts.view.Master","properties":{"title":"partial provided"},"searchOpenDialogs":true},"interaction":{"idSuffix":"CbBg"}},"wdio_ui5_key":"etmportal.ui.managecontracts.view.Mastersap.m.CheckBox{\"editable\":true}{\"controlType\":\"sap.m.StandardListItem\",\"viewName\":\"etm.portal.ui.managecontracts.view.Master\",\"properties\":{\"title\":\"partial provided\"},\"searchOpenDialogs\":true}"}]}
RESULT: undefined
COMMAND: POST /session/9a045c4a17e0def218bea7a69d7cd789/element - {"using":"xpath","value":"//*[@id=\"__item2002-selectMulti\"]"}
RESULT: {}
RESULT: {"using":"xpath","value":"//*[@id=\"__item2002-selectMulti\"]"}
COMMAND: POST /session/9a045c4a17e0def218bea7a69d7cd789/element/f.F2CC79D104176C4887E06893325B0B16.d.CE6498CCD08B8010EE78814CD6DA7912.e.7975/click - {}
RESULT: {}
COMMAND: GET /session/9a045c4a17e0def218bea7a69d7cd789/screenshot - {}
RESULT: {}
COMMAND: POST /session/9a045c4a17e0def218bea7a69d7cd789/element - {"using":"xpath","value":"(//span[contains(@title ,\"Navigation\")])[2]"}
RESULT: {"using":"xpath","value":"(//span[contains(@title ,\"Navigation\")])[2]"}
COMMAND: POST /session/9a045c4a17e0def218bea7a69d7cd789/element/f.F2CC79D104176C4887E06893325B0B16.d.CE6498CCD08B8010EE78814CD6DA7912.e.7999/click - {}
RESULT: {}
COMMAND: GET /session/9a045c4a17e0def218bea7a69d7cd789/screenshot - {}
RESULT: {}
COMMAND: POST /session/9a045c4a17e0def218bea7a69d7cd789/element - {"using":"xpath","value":"//bdi[contains(@id ,\"closeContractBtn-BDI-content\")]"}
RESULT: {"using":"xpath","value":"//bdi[contains(@id ,\"closeContractBtn-BDI-content\")]"}
COMMAND: POST /session/9a045c4a17e0def218bea7a69d7cd789/element - {"using":"xpath","value":"//bdi[contains(@id ,\"closeContractBtn-BDI-content\")]"}
RESULT: undefined
COMMAND: POST /session/9a045c4a17e0def218bea7a69d7cd789/element - {"using":"xpath","value":"//*[@id=\"__xmlview64--closeColumnBtn-img\"]"}
RESULT: {"using":"xpath","value":"//bdi[contains(@id ,\"closeContractBtn-BDI-content\")]"}
RESULT: {"using":"xpath","value":"//*[@id=\"__xmlview64--closeColumnBtn-img\"]"}
COMMAND: POST /session/9a045c4a17e0def218bea7a69d7cd789/element/f.F2CC79D104176C4887E06893325B0B16.d.CE6498CCD08B8010EE78814CD6DA7912.e.7902/click - {}
RESULT: {}
COMMAND: GET /session/9a045c4a17e0def218bea7a69d7cd789/screenshot - {}
COMMAND: POST /session/9a045c4a17e0def218bea7a69d7cd789/refresh - {}
RESULT: {}
RESULT: {}
COMMAND: GET /session/9a045c4a17e0def218bea7a69d7cd789/screenshot - {}
RESULT: {}
COMMAND: POST /session/9a045c4a17e0def218bea7a69d7cd789/execute/async - {"script":"<script> [189 bytes]","args":[]}
RESULT: {"script":"<script> [189 bytes]","args":[]}
COMMAND: POST /session/9a045c4a17e0def218bea7a69d7cd789/execute/async - {"script":"<script> [123 bytes]","args":[]}
RESULT: {"script":"<script> [123 bytes]","args":[]}
COMMAND: POST /session/9a045c4a17e0def218bea7a69d7cd789/timeouts - {"script":"<number>"}
RESULT: {"script":"<number>"}
COMMAND: GET /session/9a045c4a17e0def218bea7a69d7cd789/timeouts - {}
RESULT: {}
RESULT: undefined
COMMAND: POST /session/9a045c4a17e0def218bea7a69d7cd789/execute/async - {"script":"<script> [2676 bytes]","args":[]}
RESULT: {"script":"<script> [2676 bytes]","args":[]}
COMMAND: POST /session/9a045c4a17e0def218bea7a69d7cd789/execute/async - {"script":"<script> [2342 bytes]","args":[{"protocol":"http","hostname":"0.0.0.0","path":"/","capabilities":{"browserName":"chrome","goog:chromeOptions":{"binary":"C:\\Program Files\\Google\\Chrome\\Application\\chrome.exe","args":["--start-maximized"]}},"logLevel":"warn","connectionRetryTimeout":120000,"connectionRetryCount":3,"logLevels":{},"enableDirectConnect":true,"strictSSL":true,"_":"65 more keys: [\"cacheDir\",\"port\",\"requestedCapabilities\",\"automationProtocol\",\"baseUrl\",\"waitforInterval\",\"waitforTimeout\",\"onReload\",\"beforeCommand\",\"afterCommand\",\"rootDir\",\"specs\",\"suites\",\"exclude\",\"groupLogsByTestSpec\",\"excludeDriverLogs\",\"bail\",\"framework\",\"reporters\",\"services\",\"maxInstances\",\"maxInstancesPerCapability\",\"injectGlobals\",\"filesToWatch\",\"execArgv\",\"runnerEnv\",\"runner\",\"shard\",\"specFileRetries\",\"specFileRetriesDelay\",\"specFileRetriesDeferred\",\"reporterSyncInterval\",\"reporterSyncTimeout\",\"cucumberFeaturesWithLineNumbers\",\"autoCompileOpts\",\"mochaOpts\",\"jasmineOpts\",\"cucumberOpts\",\"onPrepare\",\"onWorkerStart\",\"onWorkerEnd\",\"before\",\"beforeSession\",\"beforeSuite\",\"beforeHook\",\"beforeTest\",\"afterTest\",\"afterHook\",\"afterSuite\",\"afterSession\",\"after\",\"onComplete\",\"beforeAssertion\",\"afterAssertion\",\"beforeFeature\",\"beforeScenario\",\"beforeStep\",\"afterStep\",\"afterScenario\",\"afterFeature\",\"_\",\"suite\",\"$0\",\"ignoredWorkerServices\",\"wdi5\"]"}]}
RESULT: {"script":"<script> [2342 bytes]","args":[{"protocol":"http","hostname":"0.0.0.0","path":"/","capabilities":{"browserName":"chrome","goog:chromeOptions":{"binary":"C:\\Program Files\\Google\\Chrome\\Application\\chrome.exe","args":["--start-maximized"]}},"logLevel":"warn","connectionRetryTimeout":120000,"connectionRetryCount":3,"logLevels":{},"enableDirectConnect":true,"strictSSL":true,"_":"65 more keys: [\"cacheDir\",\"port\",\"requestedCapabilities\",\"automationProtocol\",\"baseUrl\",\"waitforInterval\",\"waitforTimeout\",\"onReload\",\"beforeCommand\",\"afterCommand\",\"rootDir\",\"specs\",\"suites\",\"exclude\",\"groupLogsByTestSpec\",\"excludeDriverLogs\",\"bail\",\"framework\",\"reporters\",\"services\",\"maxInstances\",\"maxInstancesPerCapability\",\"injectGlobals\",\"filesToWatch\",\"execArgv\",\"runnerEnv\",\"runner\",\"shard\",\"specFileRetries\",\"specFileRetriesDelay\",\"specFileRetriesDeferred\",\"reporterSyncInterval\",\"reporterSyncTimeout\",\"cucumberFeaturesWithLineNumbers\",\"autoCompileOpts\",\"mochaOpts\",\"jasmineOpts\",\"cucumberOpts\",\"onPrepare\",\"onWorkerStart\",\"onWorkerEnd\",\"before\",\"beforeSession\",\"beforeSuite\",\"beforeHook\",\"beforeTest\",\"afterTest\",\"afterHook\",\"afterSuite\",\"afterSession\",\"after\",\"onComplete\",\"beforeAssertion\",\"afterAssertion\",\"beforeFeature\",\"beforeScenario\",\"beforeStep\",\"afterStep\",\"afterScenario\",\"afterFeature\",\"_\",\"suite\",\"$0\",\"ignoredWorkerServices\",\"wdi5\"]"}]}
COMMAND: POST /session/9a045c4a17e0def218bea7a69d7cd789/execute/async - {"script":"<script> [21126 bytes]","args":[35000]}
RESULT: {"script":"<script> [21126 bytes]","args":[35000]}
COMMAND: POST /session/9a045c4a17e0def218bea7a69d7cd789/execute/async - {"script":"<script> [1562 bytes]","args":[{"selector":{"controlType":"sap.ui.core.Icon","viewName":"etm.portal.ui.managecontracts.view.Master","properties":{"src":{"regex":{"source":"slim\\-arrow\\-down"}}},"ancestor":{"id":"smartContractStatusFilter","viewName":"etm.portal.ui.managecontracts.view.Master"}},"wdio_ui5_key":"etmportal.ui.managecontracts.view.Mastersap.ui.core.Icon{\"src\":{\"regex\":{\"source\":\"slim\\\\-arrow\\\\-down\"}}}{\"id\":\"smartContractStatusFilter\",\"viewName\":\"etm.portal.ui.managecontracts.view.Master\"}"}]}
RESULT: {"script":"<script> [1562 bytes]","args":[{"selector":{"controlType":"sap.ui.core.Icon","viewName":"etm.portal.ui.managecontracts.view.Master","properties":{"src":{"regex":{"source":"slim\\-arrow\\-down"}}},"ancestor":{"id":"smartContractStatusFilter","viewName":"etm.portal.ui.managecontracts.view.Master"}},"wdio_ui5_key":"etmportal.ui.managecontracts.view.Mastersap.ui.core.Icon{\"src\":{\"regex\":{\"source\":\"slim\\\\-arrow\\\\-down\"}}}{\"id\":\"smartContractStatusFilter\",\"viewName\":\"etm.portal.ui.managecontracts.view.Master\"}"}]}
RESULT: undefined
COMMAND: POST /session/9a045c4a17e0def218bea7a69d7cd789/element - {"using":"xpath","value":"//*[@id=\"__xmlview0--smartContractStatusFilter-arrow\"]"}
RESULT: {"using":"xpath","value":"//*[@id=\"__xmlview0--smartContractStatusFilter-arrow\"]"}
COMMAND: POST /session/9a045c4a17e0def218bea7a69d7cd789/element/f.F2CC79D104176C4887E06893325B0B16.d.70BEADF00BF0B0E2A5B420AE32855F7E.e.8404/click - {}
RESULT: {}
COMMAND: GET /session/9a045c4a17e0def218bea7a69d7cd789/screenshot - {}
RESULT: {}
COMMAND: POST /session/9a045c4a17e0def218bea7a69d7cd789/execute/async - {"script":"<script> [1562 bytes]","args":[{"selector":{"controlType":"sap.m.CheckBox","viewName":"etm.portal.ui.managecontracts.view.Master","properties":{"editable":true},"searchOpenDialogs":true,"ancestor":{"controlType":"sap.m.StandardListItem","viewName":"etm.portal.ui.managecontracts.view.Master","properties":{"title":"partial billed"},"searchOpenDialogs":true},"interaction":{"idSuffix":"CbBg"}},"wdio_ui5_key":"etmportal.ui.managecontracts.view.Mastersap.m.CheckBox{\"editable\":true}{\"controlType\":\"sap.m.StandardListItem\",\"viewName\":\"etm.portal.ui.managecontracts.view.Master\",\"properties\":{\"title\":\"partial billed\"},\"searchOpenDialogs\":true}"}]}
RESULT: {"script":"<script> [1562 bytes]","args":[{"selector":{"controlType":"sap.m.CheckBox","viewName":"etm.portal.ui.managecontracts.view.Master","properties":{"editable":true},"searchOpenDialogs":true,"ancestor":{"controlType":"sap.m.StandardListItem","viewName":"etm.portal.ui.managecontracts.view.Master","properties":{"title":"partial billed"},"searchOpenDialogs":true},"interaction":{"idSuffix":"CbBg"}},"wdio_ui5_key":"etmportal.ui.managecontracts.view.Mastersap.m.CheckBox{\"editable\":true}{\"controlType\":\"sap.m.StandardListItem\",\"viewName\":\"etm.portal.ui.managecontracts.view.Master\",\"properties\":{\"title\":\"partial billed\"},\"searchOpenDialogs\":true}"}]}
RESULT: undefined
COMMAND: POST /session/9a045c4a17e0def218bea7a69d7cd789/element - {"using":"xpath","value":"//*[@id=\"__item41-selectMulti\"]"}
RESULT: {"using":"xpath","value":"//*[@id=\"__item41-selectMulti\"]"}
COMMAND: POST /session/9a045c4a17e0def218bea7a69d7cd789/element/f.F2CC79D104176C4887E06893325B0B16.d.70BEADF00BF0B0E2A5B420AE32855F7E.e.8413/click - {}
RESULT: {}
COMMAND: GET /session/9a045c4a17e0def218bea7a69d7cd789/screenshot - {}
RESULT: {}
COMMAND: POST /session/9a045c4a17e0def218bea7a69d7cd789/element - {"using":"xpath","value":"(//span[contains(@title ,\"Navigation\")])[2]"}
RESULT: {"using":"xpath","value":"(//span[contains(@title ,\"Navigation\")])[2]"}
COMMAND: POST /session/9a045c4a17e0def218bea7a69d7cd789/element/f.F2CC79D104176C4887E06893325B0B16.d.70BEADF00BF0B0E2A5B420AE32855F7E.e.8454/click - {}
RESULT: {}
COMMAND: GET /session/9a045c4a17e0def218bea7a69d7cd789/screenshot - {}
RESULT: {}
COMMAND: POST /session/9a045c4a17e0def218bea7a69d7cd789/element - {"using":"xpath","value":"//bdi[contains(@id ,\"closeContractBtn-BDI-content\")]"}
COMMAND: POST /session/9a045c4a17e0def218bea7a69d7cd789/element - {"using":"css selector","value":"#shell-header-logo"}
RESULT: {"using":"xpath","value":"//bdi[contains(@id ,\"closeContractBtn-BDI-content\")]"}
RESULT: {"using":"css selector","value":"#shell-header-logo"}
COMMAND: POST /session/9a045c4a17e0def218bea7a69d7cd789/element/f.F2CC79D104176C4887E06893325B0B16.d.70BEADF00BF0B0E2A5B420AE32855F7E.e.8330/click - {}
RESULT: {}
COMMAND: GET /session/9a045c4a17e0def218bea7a69d7cd789/screenshot - {}
RESULT: {}
]]></system-out>
    </testcase>
  </testsuite>
  <testsuite timestamp="2025-05-01T18:14:38" time="49.129" tests="1" failures="0" errors="0" skipped="0">
    <properties>
      <property name="specId" value="0" />
      <property name="suiteName" value="Standard contract decline US151279" />
      <property name="capabilities" value="chrome.135_0_7049_96.windows" />
      <property name="file" value="file:///D:/a/1/s/test/specs/R2C/standard-contract-decline.spec.js" />
    </properties>
    <testcase classname="chrome.135_0_7049_96.windows.Standard_contract_decline_US151279" name="Should decline a contract" time="45.254">
      <system-out><![CDATA[
COMMAND: POST /session/9a045c4a17e0def218bea7a69d7cd789/execute/async - {"script":"<script> [1562 bytes]","args":[{"selector":{"controlType":"sap.m.GenericTile","properties":{"header":"Manage Contracts"}},"wdio_ui5_key":"sapm.GenericTile{\"header\":\"Manage Contracts\"}"}]}
RESULT: {"script":"<script> [1562 bytes]","args":[{"selector":{"controlType":"sap.m.GenericTile","properties":{"header":"Manage Contracts"}},"wdio_ui5_key":"sapm.GenericTile{\"header\":\"Manage Contracts\"}"}]}
RESULT: undefined
COMMAND: POST /session/9a045c4a17e0def218bea7a69d7cd789/element - {"using":"xpath","value":"//*[@id=\"__tile133\"]"}
RESULT: {"using":"xpath","value":"//*[@id=\"__tile133\"]"}
COMMAND: POST /session/9a045c4a17e0def218bea7a69d7cd789/element/f.F2CC79D104176C4887E06893325B0B16.d.70BEADF00BF0B0E2A5B420AE32855F7E.e.8780/click - {}
RESULT: {}
COMMAND: GET /session/9a045c4a17e0def218bea7a69d7cd789/screenshot - {}
COMMAND: POST /session/9a045c4a17e0def218bea7a69d7cd789/element - {"using":"xpath","value":"//input[contains(@id ,\"smartContractFilterBar-btnBasicSearch-I\")]"}
RESULT: {}
RESULT: {"using":"xpath","value":"//input[contains(@id ,\"smartContractFilterBar-btnBasicSearch-I\")]"}
COMMAND: POST /session/9a045c4a17e0def218bea7a69d7cd789/element/f.F2CC79D104176C4887E06893325B0B16.d.70BEADF00BF0B0E2A5B420AE32855F7E.e.8785/clear - {}
RESULT: {}
COMMAND: POST /session/9a045c4a17e0def218bea7a69d7cd789/element/f.F2CC79D104176C4887E06893325B0B16.d.70BEADF00BF0B0E2A5B420AE32855F7E.e.8785/value - {"text":"10443"}
COMMAND: GET /session/9a045c4a17e0def218bea7a69d7cd789/screenshot - {}
RESULT: {"text":"10443"}
COMMAND: POST /session/9a045c4a17e0def218bea7a69d7cd789/actions - {"actions":[{"id":"action43","type":"key","parameters":{},"actions":[{"type":"keyDown","value":"î€‡"},{"type":"pause","duration":10},{"type":"keyUp","value":"î€‡"}]}]}
COMMAND: GET /session/9a045c4a17e0def218bea7a69d7cd789/screenshot - {}
RESULT: {}
RESULT: {"actions":[{"id":"action43","type":"key","parameters":{},"actions":[{"type":"keyDown","value":"î€‡"},{"type":"pause","duration":10},{"type":"keyUp","value":"î€‡"}]}]}
COMMAND: GET /session/9a045c4a17e0def218bea7a69d7cd789/screenshot - {}
RESULT: {}
RESULT: {}
COMMAND: POST /session/9a045c4a17e0def218bea7a69d7cd789/execute/async - {"script":"<script> [1562 bytes]","args":[{"selector":{"controlType":"sap.ui.core.Icon","viewName":"etm.portal.ui.managecontracts.view.Master","properties":{"src":{"regex":{"source":"slim\\-arrow\\-right"}}}},"wdio_ui5_key":"etmportal.ui.managecontracts.view.Mastersap.ui.core.Icon{\"src\":{\"regex\":{\"source\":\"slim\\\\-arrow\\\\-right\"}}}"}]}
RESULT: {"script":"<script> [1562 bytes]","args":[{"selector":{"controlType":"sap.ui.core.Icon","viewName":"etm.portal.ui.managecontracts.view.Master","properties":{"src":{"regex":{"source":"slim\\-arrow\\-right"}}}},"wdio_ui5_key":"etmportal.ui.managecontracts.view.Mastersap.ui.core.Icon{\"src\":{\"regex\":{\"source\":\"slim\\\\-arrow\\\\-right\"}}}"}]}
RESULT: undefined
COMMAND: POST /session/9a045c4a17e0def218bea7a69d7cd789/element - {"using":"xpath","value":"//*[@id=\"__item77-__clone200-imgNav\"]"}
RESULT: {"using":"xpath","value":"//*[@id=\"__item77-__clone200-imgNav\"]"}
COMMAND: POST /session/9a045c4a17e0def218bea7a69d7cd789/element/f.F2CC79D104176C4887E06893325B0B16.d.70BEADF00BF0B0E2A5B420AE32855F7E.e.8909/click - {}
RESULT: {}
COMMAND: GET /session/9a045c4a17e0def218bea7a69d7cd789/screenshot - {}
RESULT: {}
COMMAND: POST /session/9a045c4a17e0def218bea7a69d7cd789/execute/async - {"script":"<script> [1562 bytes]","args":[{"selector":{"id":"cancelContractBtn","viewName":"etm.portal.ui.managecontracts.view.Detail","interaction":{"idSuffix":"BDI-content"}},"wdio_ui5_key":"cancelContractBtnetmportal.ui.managecontracts.view.Detail"}]}
RESULT: {"script":"<script> [1562 bytes]","args":[{"selector":{"id":"cancelContractBtn","viewName":"etm.portal.ui.managecontracts.view.Detail","interaction":{"idSuffix":"BDI-content"}},"wdio_ui5_key":"cancelContractBtnetmportal.ui.managecontracts.view.Detail"}]}
RESULT: undefined
COMMAND: POST /session/9a045c4a17e0def218bea7a69d7cd789/element - {"using":"xpath","value":"//*[@id=\"__xmlview61--cancelContractBtn\"]"}
RESULT: {"using":"xpath","value":"//*[@id=\"__xmlview61--cancelContractBtn\"]"}
COMMAND: POST /session/9a045c4a17e0def218bea7a69d7cd789/element/f.F2CC79D104176C4887E06893325B0B16.d.70BEADF00BF0B0E2A5B420AE32855F7E.e.9021/click - {}
RESULT: {}
COMMAND: GET /session/9a045c4a17e0def218bea7a69d7cd789/screenshot - {}
RESULT: {}
COMMAND: POST /session/9a045c4a17e0def218bea7a69d7cd789/execute/async - {"script":"<script> [1562 bytes]","args":[{"selector":{"controlType":"sap.m.Text","properties":{"text":"Do you want to cancel the whole contract?"},"searchOpenDialogs":true},"wdio_ui5_key":"sapm.Text{\"text\":\"Do you want to cancel the whole contract?\"}"}]}
RESULT: {"script":"<script> [1562 bytes]","args":[{"selector":{"controlType":"sap.m.Text","properties":{"text":"Do you want to cancel the whole contract?"},"searchOpenDialogs":true},"wdio_ui5_key":"sapm.Text{\"text\":\"Do you want to cancel the whole contract?\"}"}]}
RESULT: undefined
COMMAND: POST /session/9a045c4a17e0def218bea7a69d7cd789/execute/async - {"script":"<script> [6424 bytes]","args":[{"element-6066-11e4-a52e-4f735466cecf":"f.F2CC79D104176C4887E06893325B0B16.d.70BEADF00BF0B0E2A5B420AE32855F7E.e.9066"},"getText",[]]}
RESULT: {"script":"<script> [6424 bytes]","args":[{"element-6066-11e4-a52e-4f735466cecf":"f.F2CC79D104176C4887E06893325B0B16.d.70BEADF00BF0B0E2A5B420AE32855F7E.e.9066"},"getText",[]]}
COMMAND: POST /session/9a045c4a17e0def218bea7a69d7cd789/element - {"using":"xpath","value":"//bdi[contains(text(), \"OK\")]"}
RESULT: {"using":"xpath","value":"//bdi[contains(text(), \"OK\")]"}
COMMAND: POST /session/9a045c4a17e0def218bea7a69d7cd789/element/f.F2CC79D104176C4887E06893325B0B16.d.70BEADF00BF0B0E2A5B420AE32855F7E.e.9067/click - {}
RESULT: {}
COMMAND: GET /session/9a045c4a17e0def218bea7a69d7cd789/screenshot - {}
RESULT: {}
COMMAND: POST /session/9a045c4a17e0def218bea7a69d7cd789/element - {"using":"xpath","value":"//input[contains(@id ,\"smartContractFilterBar-btnBasicSearch-I\")]"}
RESULT: {"using":"xpath","value":"//input[contains(@id ,\"smartContractFilterBar-btnBasicSearch-I\")]"}
COMMAND: POST /session/9a045c4a17e0def218bea7a69d7cd789/element/f.F2CC79D104176C4887E06893325B0B16.d.70BEADF00BF0B0E2A5B420AE32855F7E.e.8785/clear - {}
RESULT: {}
COMMAND: POST /session/9a045c4a17e0def218bea7a69d7cd789/element/f.F2CC79D104176C4887E06893325B0B16.d.70BEADF00BF0B0E2A5B420AE32855F7E.e.8785/value - {"text":"10443"}
COMMAND: GET /session/9a045c4a17e0def218bea7a69d7cd789/screenshot - {}
RESULT: {"text":"10443"}
COMMAND: POST /session/9a045c4a17e0def218bea7a69d7cd789/actions - {"actions":[{"id":"action44","type":"key","parameters":{},"actions":[{"type":"keyDown","value":"î€‡"},{"type":"pause","duration":10},{"type":"keyUp","value":"î€‡"}]}]}
COMMAND: GET /session/9a045c4a17e0def218bea7a69d7cd789/screenshot - {}
RESULT: {}
RESULT: {"actions":[{"id":"action44","type":"key","parameters":{},"actions":[{"type":"keyDown","value":"î€‡"},{"type":"pause","duration":10},{"type":"keyUp","value":"î€‡"}]}]}
COMMAND: GET /session/9a045c4a17e0def218bea7a69d7cd789/screenshot - {}
RESULT: {}
RESULT: {}
COMMAND: POST /session/9a045c4a17e0def218bea7a69d7cd789/execute/async - {"script":"<script> [1562 bytes]","args":[{"selector":{"controlType":"sap.m.ObjectStatus","viewName":"etm.portal.ui.managecontracts.view.Master","bindingPath":{"path":"/SmartContractHeaders('10443')","propertyPath":"STATUS_DESCRIPTION"}},"wdio_ui5_key":"etmportal.ui.managecontracts.view.Mastersap.m.ObjectStatus{\"path\":\"/SmartContractHeaders('10443')\",\"propertyPath\":\"STATUS_DESCRIPTION\"}"}]}
RESULT: {"script":"<script> [1562 bytes]","args":[{"selector":{"controlType":"sap.m.ObjectStatus","viewName":"etm.portal.ui.managecontracts.view.Master","bindingPath":{"path":"/SmartContractHeaders('10443')","propertyPath":"STATUS_DESCRIPTION"}},"wdio_ui5_key":"etmportal.ui.managecontracts.view.Mastersap.m.ObjectStatus{\"path\":\"/SmartContractHeaders('10443')\",\"propertyPath\":\"STATUS_DESCRIPTION\"}"}]}
RESULT: undefined
COMMAND: POST /session/9a045c4a17e0def218bea7a69d7cd789/execute/async - {"script":"<script> [6424 bytes]","args":[{"element-6066-11e4-a52e-4f735466cecf":"f.F2CC79D104176C4887E06893325B0B16.d.70BEADF00BF0B0E2A5B420AE32855F7E.e.9121"},"getText",[]]}
RESULT: {"script":"<script> [6424 bytes]","args":[{"element-6066-11e4-a52e-4f735466cecf":"f.F2CC79D104176C4887E06893325B0B16.d.70BEADF00BF0B0E2A5B420AE32855F7E.e.9121"},"getText",[]]}
RESULT: undefined
COMMAND: POST /session/9a045c4a17e0def218bea7a69d7cd789/element - {"using":"xpath","value":"//*[@id=\"__item77-__clone200-imgNav\"]"}
RESULT: {"using":"xpath","value":"//*[@id=\"__item77-__clone200-imgNav\"]"}
COMMAND: POST /session/9a045c4a17e0def218bea7a69d7cd789/element/f.F2CC79D104176C4887E06893325B0B16.d.70BEADF00BF0B0E2A5B420AE32855F7E.e.8909/click - {}
RESULT: {}
COMMAND: GET /session/9a045c4a17e0def218bea7a69d7cd789/screenshot - {}
RESULT: {}
COMMAND: POST /session/9a045c4a17e0def218bea7a69d7cd789/execute/async - {"script":"<script> [1562 bytes]","args":[{"selector":{"controlType":"sap.m.ObjectStatus","viewName":"etm.portal.ui.managecontracts.view.Detail","bindingPath":{"path":"/SmartContractItems(CONTRACT='10443',ITEM=10m,SUB_ITEM=0m)","propertyPath":"STATUS"}},"wdio_ui5_key":"etmportal.ui.managecontracts.view.Detailsap.m.ObjectStatus{\"path\":\"/SmartContractItems(CONTRACT='10443',ITEM=10m,SUB_ITEM=0m)\",\"propertyPath\":\"STATUS\"}"}]}
RESULT: {"script":"<script> [1562 bytes]","args":[{"selector":{"controlType":"sap.m.ObjectStatus","viewName":"etm.portal.ui.managecontracts.view.Detail","bindingPath":{"path":"/SmartContractItems(CONTRACT='10443',ITEM=10m,SUB_ITEM=0m)","propertyPath":"STATUS"}},"wdio_ui5_key":"etmportal.ui.managecontracts.view.Detailsap.m.ObjectStatus{\"path\":\"/SmartContractItems(CONTRACT='10443',ITEM=10m,SUB_ITEM=0m)\",\"propertyPath\":\"STATUS\"}"}]}
RESULT: undefined
COMMAND: POST /session/9a045c4a17e0def218bea7a69d7cd789/execute/async - {"script":"<script> [6424 bytes]","args":[{"element-6066-11e4-a52e-4f735466cecf":"f.F2CC79D104176C4887E06893325B0B16.d.70BEADF00BF0B0E2A5B420AE32855F7E.e.9142"},"getText",[]]}
RESULT: {"script":"<script> [6424 bytes]","args":[{"element-6066-11e4-a52e-4f735466cecf":"f.F2CC79D104176C4887E06893325B0B16.d.70BEADF00BF0B0E2A5B420AE32855F7E.e.9142"},"getText",[]]}
COMMAND: POST /session/9a045c4a17e0def218bea7a69d7cd789/element - {"using":"css selector","value":"#shell-header-logo"}
RESULT: {"using":"css selector","value":"#shell-header-logo"}
COMMAND: POST /session/9a045c4a17e0def218bea7a69d7cd789/element/f.F2CC79D104176C4887E06893325B0B16.d.70BEADF00BF0B0E2A5B420AE32855F7E.e.8797/click - {}
RESULT: {}
COMMAND: GET /session/9a045c4a17e0def218bea7a69d7cd789/screenshot - {}
RESULT: {}
]]></system-out>
    </testcase>
  </testsuite>
  <testsuite timestamp="2025-05-01T18:15:27" time="166.591" tests="2" failures="0" errors="0" skipped="0">
    <properties>
      <property name="specId" value="0" />
      <property name="suiteName" value="Insert service into a contract US152956" />
      <property name="capabilities" value="chrome.135_0_7049_96.windows" />
      <property name="file" value="file:///D:/a/1/s/test/specs/R2C/insert-service-into-a-contract.spec.js" />
    </properties>
    <testcase classname="chrome.135_0_7049_96.windows.Insert_service_into_a_contract_US152956" name="Should create a new contract" time="85.632">
      <system-out><![CDATA[
COMMAND: POST /session/9a045c4a17e0def218bea7a69d7cd789/execute/async - {"script":"<script> [1562 bytes]","args":[{"selector":{"controlType":"sap.m.Text","viewName":"etm.portal.ui.managecontractstile.view.Master","properties":{"text":"Manage Contracts"},"interaction":{"idSuffix":"inner"}},"wdio_ui5_key":"etmportal.ui.managecontractstile.view.Mastersap.m.Text{\"text\":\"Manage Contracts\"}"}]}
RESULT: {"script":"<script> [1562 bytes]","args":[{"selector":{"controlType":"sap.m.Text","viewName":"etm.portal.ui.managecontractstile.view.Master","properties":{"text":"Manage Contracts"},"interaction":{"idSuffix":"inner"}},"wdio_ui5_key":"etmportal.ui.managecontractstile.view.Mastersap.m.Text{\"text\":\"Manage Contracts\"}"}]}
RESULT: undefined
COMMAND: POST /session/9a045c4a17e0def218bea7a69d7cd789/element - {"using":"xpath","value":"//*[@id=\"__tile133-title\"]"}
RESULT: {"using":"xpath","value":"//*[@id=\"__tile133-title\"]"}
COMMAND: POST /session/9a045c4a17e0def218bea7a69d7cd789/element/f.F2CC79D104176C4887E06893325B0B16.d.70BEADF00BF0B0E2A5B420AE32855F7E.e.9146/click - {}
RESULT: {}
COMMAND: GET /session/9a045c4a17e0def218bea7a69d7cd789/screenshot - {}
RESULT: {}
COMMAND: POST /session/9a045c4a17e0def218bea7a69d7cd789/element - {"using":"xpath","value":"//button[@data-kt=\"addButton\"]"}
RESULT: {"using":"xpath","value":"//button[@data-kt=\"addButton\"]"}
COMMAND: POST /session/9a045c4a17e0def218bea7a69d7cd789/element/f.F2CC79D104176C4887E06893325B0B16.d.70BEADF00BF0B0E2A5B420AE32855F7E.e.9213/click - {}
RESULT: {}
COMMAND: GET /session/9a045c4a17e0def218bea7a69d7cd789/screenshot - {}
RESULT: {}
COMMAND: POST /session/9a045c4a17e0def218bea7a69d7cd789/execute/async - {"script":"<script> [1562 bytes]","args":[{"selector":{"id":"application-managecontracts-display-component---AddNewContract--projectDescription","interaction":{"idSuffix":"inner"}},"wdio_ui5_key":"applicationmanagecontracts-display-component---AddNewContract--projectDescription"}]}
RESULT: {"script":"<script> [1562 bytes]","args":[{"selector":{"id":"application-managecontracts-display-component---AddNewContract--projectDescription","interaction":{"idSuffix":"inner"}},"wdio_ui5_key":"applicationmanagecontracts-display-component---AddNewContract--projectDescription"}]}
RESULT: undefined
COMMAND: POST /session/9a045c4a17e0def218bea7a69d7cd789/execute/async - {"script":"<script> [776 bytes]","args":[{"enterText":"WdIOR2cnddly","selector":{"id":"application-managecontracts-display-component---AddNewContract--projectDescription","interaction":{"idSuffix":"inner"}},"clearTextFirst":true,"interactionType":"ENTER_TEXT"}]}
RESULT: {"script":"<script> [776 bytes]","args":[{"enterText":"WdIOR2cnddly","selector":{"id":"application-managecontracts-display-component---AddNewContract--projectDescription","interaction":{"idSuffix":"inner"}},"clearTextFirst":true,"interactionType":"ENTER_TEXT"}]}
COMMAND: POST /session/9a045c4a17e0def218bea7a69d7cd789/element - {"using":"xpath","value":"//input[@id=\"application-managecontracts-display-component---AddNewContract--yardId-inner\"]"}
RESULT: {"using":"xpath","value":"//input[@id=\"application-managecontracts-display-component---AddNewContract--yardId-inner\"]"}
COMMAND: POST /session/9a045c4a17e0def218bea7a69d7cd789/element/f.F2CC79D104176C4887E06893325B0B16.d.70BEADF00BF0B0E2A5B420AE32855F7E.e.9468/clear - {}
RESULT: {}
COMMAND: POST /session/9a045c4a17e0def218bea7a69d7cd789/element/f.F2CC79D104176C4887E06893325B0B16.d.70BEADF00BF0B0E2A5B420AE32855F7E.e.9468/value - {"text":"WebdriverYardlcmp4f"}
COMMAND: GET /session/9a045c4a17e0def218bea7a69d7cd789/screenshot - {}
RESULT: {"text":"WebdriverYardlcmp4f"}
COMMAND: GET /session/9a045c4a17e0def218bea7a69d7cd789/screenshot - {}
RESULT: {}
RESULT: {}
COMMAND: POST /session/9a045c4a17e0def218bea7a69d7cd789/actions - {"actions":[{"id":"action45","type":"key","parameters":{},"actions":[{"type":"keyDown","value":"î€‡"},{"type":"pause","duration":10},{"type":"keyUp","value":"î€‡"}]}]}
RESULT: {"actions":[{"id":"action45","type":"key","parameters":{},"actions":[{"type":"keyDown","value":"î€‡"},{"type":"pause","duration":10},{"type":"keyUp","value":"î€‡"}]}]}
COMMAND: GET /session/9a045c4a17e0def218bea7a69d7cd789/screenshot - {}
RESULT: {}
COMMAND: POST /session/9a045c4a17e0def218bea7a69d7cd789/element - {"using":"xpath","value":"//input[@id=\"application-managecontracts-display-component---AddNewContract--customerSelect-inner\"]"}
RESULT: {"using":"xpath","value":"//input[@id=\"application-managecontracts-display-component---AddNewContract--customerSelect-inner\"]"}
COMMAND: POST /session/9a045c4a17e0def218bea7a69d7cd789/element/f.F2CC79D104176C4887E06893325B0B16.d.70BEADF00BF0B0E2A5B420AE32855F7E.e.9466/clear - {}
RESULT: {}
COMMAND: POST /session/9a045c4a17e0def218bea7a69d7cd789/element/f.F2CC79D104176C4887E06893325B0B16.d.70BEADF00BF0B0E2A5B420AE32855F7E.e.9466/value - {"text":"WebdriverPartnereuf9p"}
COMMAND: GET /session/9a045c4a17e0def218bea7a69d7cd789/screenshot - {}
RESULT: {"text":"WebdriverPartnereuf9p"}
COMMAND: GET /session/9a045c4a17e0def218bea7a69d7cd789/screenshot - {}
RESULT: {}
RESULT: {}
COMMAND: POST /session/9a045c4a17e0def218bea7a69d7cd789/actions - {"actions":[{"id":"action46","type":"key","parameters":{},"actions":[{"type":"keyDown","value":"î€‡"},{"type":"pause","duration":10},{"type":"keyUp","value":"î€‡"}]}]}
RESULT: {"actions":[{"id":"action46","type":"key","parameters":{},"actions":[{"type":"keyDown","value":"î€‡"},{"type":"pause","duration":10},{"type":"keyUp","value":"î€‡"}]}]}
COMMAND: GET /session/9a045c4a17e0def218bea7a69d7cd789/screenshot - {}
RESULT: {}
COMMAND: POST /session/9a045c4a17e0def218bea7a69d7cd789/element - {"using":"xpath","value":"//input[@id=\"application-managecontracts-display-component---AddNewContract--site-inner\"]"}
RESULT: {"using":"xpath","value":"//input[@id=\"application-managecontracts-display-component---AddNewContract--site-inner\"]"}
COMMAND: POST /session/9a045c4a17e0def218bea7a69d7cd789/element/f.F2CC79D104176C4887E06893325B0B16.d.70BEADF00BF0B0E2A5B420AE32855F7E.e.9467/clear - {}
RESULT: {}
COMMAND: POST /session/9a045c4a17e0def218bea7a69d7cd789/element/f.F2CC79D104176C4887E06893325B0B16.d.70BEADF00BF0B0E2A5B420AE32855F7E.e.9467/value - {"text":"WebdriverSitex0ldn"}
COMMAND: GET /session/9a045c4a17e0def218bea7a69d7cd789/screenshot - {}
RESULT: {"text":"WebdriverSitex0ldn"}
COMMAND: GET /session/9a045c4a17e0def218bea7a69d7cd789/screenshot - {}
RESULT: {}
RESULT: {}
COMMAND: POST /session/9a045c4a17e0def218bea7a69d7cd789/actions - {"actions":[{"id":"action47","type":"key","parameters":{},"actions":[{"type":"keyDown","value":"î€‡"},{"type":"pause","duration":10},{"type":"keyUp","value":"î€‡"}]}]}
RESULT: {"actions":[{"id":"action47","type":"key","parameters":{},"actions":[{"type":"keyDown","value":"î€‡"},{"type":"pause","duration":10},{"type":"keyUp","value":"î€‡"}]}]}
COMMAND: GET /session/9a045c4a17e0def218bea7a69d7cd789/screenshot - {}
RESULT: {}
COMMAND: POST /session/9a045c4a17e0def218bea7a69d7cd789/element - {"using":"xpath","value":"//button[@data-kt=\"saveButton\"]"}
RESULT: {"using":"xpath","value":"//button[@data-kt=\"saveButton\"]"}
COMMAND: POST /session/9a045c4a17e0def218bea7a69d7cd789/element/f.F2CC79D104176C4887E06893325B0B16.d.70BEADF00BF0B0E2A5B420AE32855F7E.e.9484/click - {}
RESULT: {}
COMMAND: GET /session/9a045c4a17e0def218bea7a69d7cd789/screenshot - {}
RESULT: {}
COMMAND: POST /session/9a045c4a17e0def218bea7a69d7cd789/execute/async - {"script":"<script> [1562 bytes]","args":[{"selector":{"id":"contractDetailTitleNoExpanded","viewName":"etm.portal.ui.managecontracts.view.Detail"},"wdio_ui5_key":"contractDetailTitleNoExpandedetmportal.ui.managecontracts.view.Detail"}]}
RESULT: {"script":"<script> [1562 bytes]","args":[{"selector":{"id":"contractDetailTitleNoExpanded","viewName":"etm.portal.ui.managecontracts.view.Detail"},"wdio_ui5_key":"contractDetailTitleNoExpandedetmportal.ui.managecontracts.view.Detail"}]}
RESULT: undefined
COMMAND: POST /session/9a045c4a17e0def218bea7a69d7cd789/execute/async - {"script":"<script> [6424 bytes]","args":[{"element-6066-11e4-a52e-4f735466cecf":"f.F2CC79D104176C4887E06893325B0B16.d.70BEADF00BF0B0E2A5B420AE32855F7E.e.9569"},"getText",[]]}
RESULT: {"script":"<script> [6424 bytes]","args":[{"element-6066-11e4-a52e-4f735466cecf":"f.F2CC79D104176C4887E06893325B0B16.d.70BEADF00BF0B0E2A5B420AE32855F7E.e.9569"},"getText",[]]}
]]></system-out>
    </testcase>
    <testcase classname="chrome.135_0_7049_96.windows.Insert_service_into_a_contract_US152956" name="Should add a service unit and a service group to the contract" time="77.139">
      <system-out><![CDATA[
COMMAND: POST /session/9a045c4a17e0def218bea7a69d7cd789/element - {"using":"xpath","value":"//button[@data-kt=\"contractDetailEditBtnButton\"]"}
RESULT: {"using":"xpath","value":"//button[@data-kt=\"contractDetailEditBtnButton\"]"}
COMMAND: POST /session/9a045c4a17e0def218bea7a69d7cd789/execute/sync - {"script":"<script> [8489 bytes]","args":[{"element-6066-11e4-a52e-4f735466cecf":"f.F2CC79D104176C4887E06893325B0B16.d.70BEADF00BF0B0E2A5B420AE32855F7E.e.9570","ELEMENT":"f.F2CC79D104176C4887E06893325B0B16.d.70BEADF00BF0B0E2A5B420AE32855F7E.e.9570"}]}
RESULT: {"script":"<script> [8489 bytes]","args":[{"element-6066-11e4-a52e-4f735466cecf":"f.F2CC79D104176C4887E06893325B0B16.d.70BEADF00BF0B0E2A5B420AE32855F7E.e.9570","ELEMENT":"f.F2CC79D104176C4887E06893325B0B16.d.70BEADF00BF0B0E2A5B420AE32855F7E.e.9570"}]}
COMMAND: POST /session/9a045c4a17e0def218bea7a69d7cd789/execute/sync - {"script":"<script> [8489 bytes]","args":[{"element-6066-11e4-a52e-4f735466cecf":"f.F2CC79D104176C4887E06893325B0B16.d.70BEADF00BF0B0E2A5B420AE32855F7E.e.9570","ELEMENT":"f.F2CC79D104176C4887E06893325B0B16.d.70BEADF00BF0B0E2A5B420AE32855F7E.e.9570"}]}
COMMAND: GET /session/9a045c4a17e0def218bea7a69d7cd789/screenshot - {}
RESULT: {"script":"<script> [8489 bytes]","args":[{"element-6066-11e4-a52e-4f735466cecf":"f.F2CC79D104176C4887E06893325B0B16.d.70BEADF00BF0B0E2A5B420AE32855F7E.e.9570","ELEMENT":"f.F2CC79D104176C4887E06893325B0B16.d.70BEADF00BF0B0E2A5B420AE32855F7E.e.9570"}]}
COMMAND: POST /session/9a045c4a17e0def218bea7a69d7cd789/execute/sync - {"script":"<script> [5351 bytes]","args":[{"element-6066-11e4-a52e-4f735466cecf":"f.F2CC79D104176C4887E06893325B0B16.d.70BEADF00BF0B0E2A5B420AE32855F7E.e.9570","ELEMENT":"f.F2CC79D104176C4887E06893325B0B16.d.70BEADF00BF0B0E2A5B420AE32855F7E.e.9570"}]}
COMMAND: GET /session/9a045c4a17e0def218bea7a69d7cd789/screenshot - {}
RESULT: {}
RESULT: {"script":"<script> [5351 bytes]","args":[{"element-6066-11e4-a52e-4f735466cecf":"f.F2CC79D104176C4887E06893325B0B16.d.70BEADF00BF0B0E2A5B420AE32855F7E.e.9570","ELEMENT":"f.F2CC79D104176C4887E06893325B0B16.d.70BEADF00BF0B0E2A5B420AE32855F7E.e.9570"}]}
COMMAND: POST /session/9a045c4a17e0def218bea7a69d7cd789/element/f.F2CC79D104176C4887E06893325B0B16.d.70BEADF00BF0B0E2A5B420AE32855F7E.e.9570/click - {}
COMMAND: GET /session/9a045c4a17e0def218bea7a69d7cd789/screenshot - {}
RESULT: {}
RESULT: {}
COMMAND: GET /session/9a045c4a17e0def218bea7a69d7cd789/screenshot - {}
RESULT: {}
RESULT: {}
COMMAND: POST /session/9a045c4a17e0def218bea7a69d7cd789/element - {"using":"xpath","value":"(//span[contains(text(), \"Additional Addresses\")])[2]"}
RESULT: {"using":"xpath","value":"(//span[contains(text(), \"Additional Addresses\")])[2]"}
COMMAND: POST /session/9a045c4a17e0def218bea7a69d7cd789/element/f.F2CC79D104176C4887E06893325B0B16.d.70BEADF00BF0B0E2A5B420AE32855F7E.e.9624/click - {}
RESULT: {}
COMMAND: GET /session/9a045c4a17e0def218bea7a69d7cd789/screenshot - {}
RESULT: {}
COMMAND: POST /session/9a045c4a17e0def218bea7a69d7cd789/element - {"using":"xpath","value":"//button[@data-kt=\"btnAddTableRowOverflowToolbarButton\"]"}
RESULT: {"using":"xpath","value":"//button[@data-kt=\"btnAddTableRowOverflowToolbarButton\"]"}
COMMAND: POST /session/9a045c4a17e0def218bea7a69d7cd789/element/f.F2CC79D104176C4887E06893325B0B16.d.70BEADF00BF0B0E2A5B420AE32855F7E.e.9628/click - {}
RESULT: {}
COMMAND: GET /session/9a045c4a17e0def218bea7a69d7cd789/screenshot - {}
RESULT: {}
COMMAND: POST /session/9a045c4a17e0def218bea7a69d7cd789/element - {"using":"xpath","value":"//div[(text() = 'Standard Entry' or . = 'Standard Entry')]"}
RESULT: {"using":"xpath","value":"//div[(text() = 'Standard Entry' or . = 'Standard Entry')]"}
COMMAND: POST /session/9a045c4a17e0def218bea7a69d7cd789/element/f.F2CC79D104176C4887E06893325B0B16.d.70BEADF00BF0B0E2A5B420AE32855F7E.e.9630/click - {}
RESULT: {}
COMMAND: POST /session/9a045c4a17e0def218bea7a69d7cd789/element - {"using":"xpath","value":"//button[@data-kt=\"btnAddTableRowOverflowToolbarButton\"]"}
COMMAND: GET /session/9a045c4a17e0def218bea7a69d7cd789/screenshot - {}
RESULT: {"using":"xpath","value":"//button[@data-kt=\"btnAddTableRowOverflowToolbarButton\"]"}
COMMAND: POST /session/9a045c4a17e0def218bea7a69d7cd789/element/f.F2CC79D104176C4887E06893325B0B16.d.70BEADF00BF0B0E2A5B420AE32855F7E.e.9628/click - {}
RESULT: {}
RESULT: {}
COMMAND: GET /session/9a045c4a17e0def218bea7a69d7cd789/screenshot - {}
RESULT: {}
COMMAND: POST /session/9a045c4a17e0def218bea7a69d7cd789/element - {"using":"xpath","value":"//div[(text() = 'Standard Entry' or . = 'Standard Entry')]"}
RESULT: {"using":"xpath","value":"//div[(text() = 'Standard Entry' or . = 'Standard Entry')]"}
COMMAND: POST /session/9a045c4a17e0def218bea7a69d7cd789/element/f.F2CC79D104176C4887E06893325B0B16.d.70BEADF00BF0B0E2A5B420AE32855F7E.e.9642/click - {}
RESULT: {}
COMMAND: POST /session/9a045c4a17e0def218bea7a69d7cd789/element - {"using":"xpath","value":"(//td[6]/div/div/input)[1]"}
COMMAND: GET /session/9a045c4a17e0def218bea7a69d7cd789/screenshot - {}
RESULT: {"using":"xpath","value":"(//td[6]/div/div/input)[1]"}
COMMAND: POST /session/9a045c4a17e0def218bea7a69d7cd789/element/f.F2CC79D104176C4887E06893325B0B16.d.70BEADF00BF0B0E2A5B420AE32855F7E.e.9644/click - {}
RESULT: {}
RESULT: {}
COMMAND: POST /session/9a045c4a17e0def218bea7a69d7cd789/actions - {"actions":[{"id":"action48","type":"key","parameters":{},"actions":[{"type":"keyDown","value":"î€ƒ"},{"type":"pause","duration":10},{"type":"keyUp","value":"î€ƒ"}]}]}
COMMAND: GET /session/9a045c4a17e0def218bea7a69d7cd789/screenshot - {}
RESULT: {"actions":[{"id":"action48","type":"key","parameters":{},"actions":[{"type":"keyDown","value":"î€ƒ"},{"type":"pause","duration":10},{"type":"keyUp","value":"î€ƒ"}]}]}
COMMAND: POST /session/9a045c4a17e0def218bea7a69d7cd789/element - {"using":"xpath","value":"(//td[6]/div/div/input)[1]"}
COMMAND: GET /session/9a045c4a17e0def218bea7a69d7cd789/screenshot - {}
RESULT: {}
RESULT: {"using":"xpath","value":"(//td[6]/div/div/input)[1]"}
COMMAND: POST /session/9a045c4a17e0def218bea7a69d7cd789/element/f.F2CC79D104176C4887E06893325B0B16.d.70BEADF00BF0B0E2A5B420AE32855F7E.e.9644/clear - {}
RESULT: {}
RESULT: {}
COMMAND: POST /session/9a045c4a17e0def218bea7a69d7cd789/element/f.F2CC79D104176C4887E06893325B0B16.d.70BEADF00BF0B0E2A5B420AE32855F7E.e.9644/value - {"text":"Service Unit"}
COMMAND: GET /session/9a045c4a17e0def218bea7a69d7cd789/screenshot - {}
RESULT: {"text":"Service Unit"}
COMMAND: GET /session/9a045c4a17e0def218bea7a69d7cd789/screenshot - {}
RESULT: {}
RESULT: {}
COMMAND: POST /session/9a045c4a17e0def218bea7a69d7cd789/actions - {"actions":[{"id":"action49","type":"key","parameters":{},"actions":[{"type":"keyDown","value":"î€‡"},{"type":"pause","duration":10},{"type":"keyUp","value":"î€‡"}]}]}
RESULT: {"actions":[{"id":"action49","type":"key","parameters":{},"actions":[{"type":"keyDown","value":"î€‡"},{"type":"pause","duration":10},{"type":"keyUp","value":"î€‡"}]}]}
COMMAND: GET /session/9a045c4a17e0def218bea7a69d7cd789/screenshot - {}
RESULT: {}
COMMAND: POST /session/9a045c4a17e0def218bea7a69d7cd789/actions - {"actions":[{"id":"action50","type":"key","parameters":{},"actions":[{"type":"keyDown","value":"î€‡"},{"type":"pause","duration":10},{"type":"keyUp","value":"î€‡"}]}]}
RESULT: {"actions":[{"id":"action50","type":"key","parameters":{},"actions":[{"type":"keyDown","value":"î€‡"},{"type":"pause","duration":10},{"type":"keyUp","value":"î€‡"}]}]}
COMMAND: POST /session/9a045c4a17e0def218bea7a69d7cd789/element - {"using":"xpath","value":"(//td[7]/div/div/input)[1]"}
COMMAND: GET /session/9a045c4a17e0def218bea7a69d7cd789/screenshot - {}
RESULT: {"using":"xpath","value":"(//td[7]/div/div/input)[1]"}
COMMAND: POST /session/9a045c4a17e0def218bea7a69d7cd789/element/f.F2CC79D104176C4887E06893325B0B16.d.70BEADF00BF0B0E2A5B420AE32855F7E.e.9660/clear - {}
RESULT: {}
RESULT: {}
COMMAND: POST /session/9a045c4a17e0def218bea7a69d7cd789/element/f.F2CC79D104176C4887E06893325B0B16.d.70BEADF00BF0B0E2A5B420AE32855F7E.e.9660/value - {"text":"1000001"}
COMMAND: GET /session/9a045c4a17e0def218bea7a69d7cd789/screenshot - {}
RESULT: {"text":"1000001"}
COMMAND: GET /session/9a045c4a17e0def218bea7a69d7cd789/screenshot - {}
RESULT: {}
RESULT: {}
COMMAND: POST /session/9a045c4a17e0def218bea7a69d7cd789/actions - {"actions":[{"id":"action51","type":"key","parameters":{},"actions":[{"type":"keyDown","value":"î€‡"},{"type":"pause","duration":10},{"type":"keyUp","value":"î€‡"}]}]}
RESULT: {"actions":[{"id":"action51","type":"key","parameters":{},"actions":[{"type":"keyDown","value":"î€‡"},{"type":"pause","duration":10},{"type":"keyUp","value":"î€‡"}]}]}
COMMAND: GET /session/9a045c4a17e0def218bea7a69d7cd789/screenshot - {}
RESULT: {}
COMMAND: POST /session/9a045c4a17e0def218bea7a69d7cd789/actions - {"actions":[{"id":"action52","type":"key","parameters":{},"actions":[{"type":"keyDown","value":"î€‡"},{"type":"pause","duration":10},{"type":"keyUp","value":"î€‡"}]}]}
RESULT: {"actions":[{"id":"action52","type":"key","parameters":{},"actions":[{"type":"keyDown","value":"î€‡"},{"type":"pause","duration":10},{"type":"keyUp","value":"î€‡"}]}]}
COMMAND: GET /session/9a045c4a17e0def218bea7a69d7cd789/screenshot - {}
RESULT: {}
COMMAND: POST /session/9a045c4a17e0def218bea7a69d7cd789/element - {"using":"xpath","value":"(//td[6]/div/div/input)[2]"}
RESULT: {"using":"xpath","value":"(//td[6]/div/div/input)[2]"}
COMMAND: POST /session/9a045c4a17e0def218bea7a69d7cd789/element/f.F2CC79D104176C4887E06893325B0B16.d.70BEADF00BF0B0E2A5B420AE32855F7E.e.9632/click - {}
RESULT: {}
COMMAND: POST /session/9a045c4a17e0def218bea7a69d7cd789/actions - {"actions":[{"id":"action53","type":"key","parameters":{},"actions":[{"type":"keyDown","value":"î€ƒ"},{"type":"pause","duration":10},{"type":"keyUp","value":"î€ƒ"}]}]}
COMMAND: GET /session/9a045c4a17e0def218bea7a69d7cd789/screenshot - {}
RESULT: {"actions":[{"id":"action53","type":"key","parameters":{},"actions":[{"type":"keyDown","value":"î€ƒ"},{"type":"pause","duration":10},{"type":"keyUp","value":"î€ƒ"}]}]}
COMMAND: POST /session/9a045c4a17e0def218bea7a69d7cd789/element - {"using":"xpath","value":"(//td[6]/div/div/input)[2]"}
COMMAND: GET /session/9a045c4a17e0def218bea7a69d7cd789/screenshot - {}
RESULT: {}
RESULT: {"using":"xpath","value":"(//td[6]/div/div/input)[2]"}
COMMAND: POST /session/9a045c4a17e0def218bea7a69d7cd789/element/f.F2CC79D104176C4887E06893325B0B16.d.70BEADF00BF0B0E2A5B420AE32855F7E.e.9632/clear - {}
RESULT: {}
RESULT: {}
COMMAND: POST /session/9a045c4a17e0def218bea7a69d7cd789/element/f.F2CC79D104176C4887E06893325B0B16.d.70BEADF00BF0B0E2A5B420AE32855F7E.e.9632/value - {"text":"Service Unit Group"}
COMMAND: GET /session/9a045c4a17e0def218bea7a69d7cd789/screenshot - {}
RESULT: {"text":"Service Unit Group"}
COMMAND: GET /session/9a045c4a17e0def218bea7a69d7cd789/screenshot - {}
RESULT: {}
RESULT: {}
COMMAND: POST /session/9a045c4a17e0def218bea7a69d7cd789/actions - {"actions":[{"id":"action54","type":"key","parameters":{},"actions":[{"type":"keyDown","value":"î€‡"},{"type":"pause","duration":10},{"type":"keyUp","value":"î€‡"}]}]}
RESULT: {"actions":[{"id":"action54","type":"key","parameters":{},"actions":[{"type":"keyDown","value":"î€‡"},{"type":"pause","duration":10},{"type":"keyUp","value":"î€‡"}]}]}
COMMAND: GET /session/9a045c4a17e0def218bea7a69d7cd789/screenshot - {}
RESULT: {}
COMMAND: POST /session/9a045c4a17e0def218bea7a69d7cd789/actions - {"actions":[{"id":"action55","type":"key","parameters":{},"actions":[{"type":"keyDown","value":"î€‡"},{"type":"pause","duration":10},{"type":"keyUp","value":"î€‡"}]}]}
RESULT: {"actions":[{"id":"action55","type":"key","parameters":{},"actions":[{"type":"keyDown","value":"î€‡"},{"type":"pause","duration":10},{"type":"keyUp","value":"î€‡"}]}]}
COMMAND: POST /session/9a045c4a17e0def218bea7a69d7cd789/element - {"using":"xpath","value":"(//td[7]/div/div/input)[2]"}
COMMAND: GET /session/9a045c4a17e0def218bea7a69d7cd789/screenshot - {}
RESULT: {"using":"xpath","value":"(//td[7]/div/div/input)[2]"}
COMMAND: POST /session/9a045c4a17e0def218bea7a69d7cd789/element/f.F2CC79D104176C4887E06893325B0B16.d.70BEADF00BF0B0E2A5B420AE32855F7E.e.9689/clear - {}
RESULT: {}
RESULT: {}
COMMAND: POST /session/9a045c4a17e0def218bea7a69d7cd789/element/f.F2CC79D104176C4887E06893325B0B16.d.70BEADF00BF0B0E2A5B420AE32855F7E.e.9689/value - {"text":"1100001"}
COMMAND: GET /session/9a045c4a17e0def218bea7a69d7cd789/screenshot - {}
RESULT: {}
RESULT: {"text":"1100001"}
COMMAND: GET /session/9a045c4a17e0def218bea7a69d7cd789/screenshot - {}
RESULT: {}
COMMAND: POST /session/9a045c4a17e0def218bea7a69d7cd789/actions - {"actions":[{"id":"action56","type":"key","parameters":{},"actions":[{"type":"keyDown","value":"î€‡"},{"type":"pause","duration":10},{"type":"keyUp","value":"î€‡"}]}]}
RESULT: {"actions":[{"id":"action56","type":"key","parameters":{},"actions":[{"type":"keyDown","value":"î€‡"},{"type":"pause","duration":10},{"type":"keyUp","value":"î€‡"}]}]}
COMMAND: GET /session/9a045c4a17e0def218bea7a69d7cd789/screenshot - {}
RESULT: {}
COMMAND: POST /session/9a045c4a17e0def218bea7a69d7cd789/actions - {"actions":[{"id":"action57","type":"key","parameters":{},"actions":[{"type":"keyDown","value":"î€‡"},{"type":"pause","duration":10},{"type":"keyUp","value":"î€‡"}]}]}
RESULT: {"actions":[{"id":"action57","type":"key","parameters":{},"actions":[{"type":"keyDown","value":"î€‡"},{"type":"pause","duration":10},{"type":"keyUp","value":"î€‡"}]}]}
COMMAND: GET /session/9a045c4a17e0def218bea7a69d7cd789/screenshot - {}
RESULT: {}
COMMAND: POST /session/9a045c4a17e0def218bea7a69d7cd789/element - {"using":"xpath","value":"(//button[@data-kt=\"saveButton\"])[2]"}
RESULT: {"using":"xpath","value":"(//button[@data-kt=\"saveButton\"])[2]"}
COMMAND: POST /session/9a045c4a17e0def218bea7a69d7cd789/element/f.F2CC79D104176C4887E06893325B0B16.d.70BEADF00BF0B0E2A5B420AE32855F7E.e.9713/click - {}
RESULT: {}
COMMAND: GET /session/9a045c4a17e0def218bea7a69d7cd789/screenshot - {}
RESULT: {}
COMMAND: POST /session/9a045c4a17e0def218bea7a69d7cd789/element - {"using":"xpath","value":"(//span[contains(text(), \"Additional Addresses\")])[1]"}
RESULT: {"using":"xpath","value":"(//span[contains(text(), \"Additional Addresses\")])[1]"}
COMMAND: POST /session/9a045c4a17e0def218bea7a69d7cd789/element/f.F2CC79D104176C4887E06893325B0B16.d.70BEADF00BF0B0E2A5B420AE32855F7E.e.9716/click - {}
RESULT: {}
COMMAND: GET /session/9a045c4a17e0def218bea7a69d7cd789/screenshot - {}
RESULT: {}
COMMAND: POST /session/9a045c4a17e0def218bea7a69d7cd789/execute/async - {"script":"<script> [1562 bytes]","args":[{"selector":{"controlType":"sap.m.Title","viewName":"etm.portal.ui.managecontracts.view.Detail","properties":{"text":"Contract Items (2)"}},"wdio_ui5_key":"etmportal.ui.managecontracts.view.Detailsap.m.Title{\"text\":\"Contract Items (2)\"}"}]}
RESULT: {"script":"<script> [1562 bytes]","args":[{"selector":{"controlType":"sap.m.Title","viewName":"etm.portal.ui.managecontracts.view.Detail","properties":{"text":"Contract Items (2)"}},"wdio_ui5_key":"etmportal.ui.managecontracts.view.Detailsap.m.Title{\"text\":\"Contract Items (2)\"}"}]}
RESULT: undefined
COMMAND: POST /session/9a045c4a17e0def218bea7a69d7cd789/execute/async - {"script":"<script> [6424 bytes]","args":[{"element-6066-11e4-a52e-4f735466cecf":"f.F2CC79D104176C4887E06893325B0B16.d.70BEADF00BF0B0E2A5B420AE32855F7E.e.9718"},"getText",[]]}
RESULT: {"script":"<script> [6424 bytes]","args":[{"element-6066-11e4-a52e-4f735466cecf":"f.F2CC79D104176C4887E06893325B0B16.d.70BEADF00BF0B0E2A5B420AE32855F7E.e.9718"},"getText",[]]}
COMMAND: POST /session/9a045c4a17e0def218bea7a69d7cd789/element - {"using":"xpath","value":"(//span[contains(@class ,\"sapMObjStatusText\")])[1]"}
RESULT: {"using":"xpath","value":"(//span[contains(@class ,\"sapMObjStatusText\")])[1]"}
COMMAND: GET /session/9a045c4a17e0def218bea7a69d7cd789/element/f.F2CC79D104176C4887E06893325B0B16.d.70BEADF00BF0B0E2A5B420AE32855F7E.e.9719/text - {}
RESULT: {}
COMMAND: POST /session/9a045c4a17e0def218bea7a69d7cd789/element - {"using":"xpath","value":"(//span[contains(@class ,\"sapMObjStatusText\")])[4]"}
RESULT: {"using":"xpath","value":"(//span[contains(@class ,\"sapMObjStatusText\")])[4]"}
COMMAND: GET /session/9a045c4a17e0def218bea7a69d7cd789/element/f.F2CC79D104176C4887E06893325B0B16.d.70BEADF00BF0B0E2A5B420AE32855F7E.e.9720/text - {}
RESULT: {}
COMMAND: POST /session/9a045c4a17e0def218bea7a69d7cd789/element - {"using":"css selector","value":"#shell-header-logo"}
RESULT: {"using":"css selector","value":"#shell-header-logo"}
COMMAND: POST /session/9a045c4a17e0def218bea7a69d7cd789/element/f.F2CC79D104176C4887E06893325B0B16.d.70BEADF00BF0B0E2A5B420AE32855F7E.e.9149/click - {}
RESULT: {}
COMMAND: GET /session/9a045c4a17e0def218bea7a69d7cd789/screenshot - {}
RESULT: {}
]]></system-out>
    </testcase>
  </testsuite>
  <testsuite timestamp="2025-05-01T18:18:13" time="175.894" tests="2" failures="0" errors="0" skipped="0">
    <properties>
      <property name="specId" value="0" />
      <property name="suiteName" value="Reduced contract US151275" />
      <property name="capabilities" value="chrome.135_0_7049_96.windows" />
      <property name="file" value="file:///D:/a/1/s/test/specs/R2C/reduced-contract-creation.spec.js" />
    </properties>
    <testcase classname="chrome.135_0_7049_96.windows.Reduced_contract_US151275" name="Should create a new reduced contract" time="123.518">
      <system-out><![CDATA[
RESULT: undefined
COMMAND: POST /session/9a045c4a17e0def218bea7a69d7cd789/element - {"using":"xpath","value":"//*[@id=\"__tile133\"]"}
RESULT: {"using":"xpath","value":"//*[@id=\"__tile133\"]"}
COMMAND: POST /session/9a045c4a17e0def218bea7a69d7cd789/element/f.F2CC79D104176C4887E06893325B0B16.d.70BEADF00BF0B0E2A5B420AE32855F7E.e.8780/click - {}
RESULT: {}
COMMAND: GET /session/9a045c4a17e0def218bea7a69d7cd789/screenshot - {}
RESULT: {}
COMMAND: POST /session/9a045c4a17e0def218bea7a69d7cd789/element - {"using":"xpath","value":"//button[@data-kt=\"addButton\"]"}
RESULT: {"using":"xpath","value":"//button[@data-kt=\"addButton\"]"}
COMMAND: POST /session/9a045c4a17e0def218bea7a69d7cd789/element/f.F2CC79D104176C4887E06893325B0B16.d.70BEADF00BF0B0E2A5B420AE32855F7E.e.9796/click - {}
RESULT: {}
COMMAND: GET /session/9a045c4a17e0def218bea7a69d7cd789/screenshot - {}
RESULT: {}
COMMAND: POST /session/9a045c4a17e0def218bea7a69d7cd789/refresh - {}
RESULT: {}
COMMAND: GET /session/9a045c4a17e0def218bea7a69d7cd789/screenshot - {}
RESULT: {}
COMMAND: POST /session/9a045c4a17e0def218bea7a69d7cd789/execute/async - {"script":"<script> [189 bytes]","args":[]}
RESULT: {"script":"<script> [189 bytes]","args":[]}
COMMAND: POST /session/9a045c4a17e0def218bea7a69d7cd789/execute/async - {"script":"<script> [123 bytes]","args":[]}
RESULT: {"script":"<script> [123 bytes]","args":[]}
COMMAND: POST /session/9a045c4a17e0def218bea7a69d7cd789/timeouts - {"script":"<number>"}
RESULT: {"script":"<number>"}
COMMAND: GET /session/9a045c4a17e0def218bea7a69d7cd789/timeouts - {}
RESULT: {}
RESULT: undefined
COMMAND: POST /session/9a045c4a17e0def218bea7a69d7cd789/execute/async - {"script":"<script> [2676 bytes]","args":[]}
RESULT: {"script":"<script> [2676 bytes]","args":[]}
COMMAND: POST /session/9a045c4a17e0def218bea7a69d7cd789/execute/async - {"script":"<script> [2342 bytes]","args":[{"protocol":"http","hostname":"0.0.0.0","path":"/","capabilities":{"browserName":"chrome","goog:chromeOptions":{"binary":"C:\\Program Files\\Google\\Chrome\\Application\\chrome.exe","args":["--start-maximized"]}},"logLevel":"warn","connectionRetryTimeout":120000,"connectionRetryCount":3,"logLevels":{},"enableDirectConnect":true,"strictSSL":true,"_":"65 more keys: [\"cacheDir\",\"port\",\"requestedCapabilities\",\"automationProtocol\",\"baseUrl\",\"waitforInterval\",\"waitforTimeout\",\"onReload\",\"beforeCommand\",\"afterCommand\",\"rootDir\",\"specs\",\"suites\",\"exclude\",\"groupLogsByTestSpec\",\"excludeDriverLogs\",\"bail\",\"framework\",\"reporters\",\"services\",\"maxInstances\",\"maxInstancesPerCapability\",\"injectGlobals\",\"filesToWatch\",\"execArgv\",\"runnerEnv\",\"runner\",\"shard\",\"specFileRetries\",\"specFileRetriesDelay\",\"specFileRetriesDeferred\",\"reporterSyncInterval\",\"reporterSyncTimeout\",\"cucumberFeaturesWithLineNumbers\",\"autoCompileOpts\",\"mochaOpts\",\"jasmineOpts\",\"cucumberOpts\",\"onPrepare\",\"onWorkerStart\",\"onWorkerEnd\",\"before\",\"beforeSession\",\"beforeSuite\",\"beforeHook\",\"beforeTest\",\"afterTest\",\"afterHook\",\"afterSuite\",\"afterSession\",\"after\",\"onComplete\",\"beforeAssertion\",\"afterAssertion\",\"beforeFeature\",\"beforeScenario\",\"beforeStep\",\"afterStep\",\"afterScenario\",\"afterFeature\",\"_\",\"suite\",\"$0\",\"ignoredWorkerServices\",\"wdi5\"]"}]}
RESULT: {"script":"<script> [2342 bytes]","args":[{"protocol":"http","hostname":"0.0.0.0","path":"/","capabilities":{"browserName":"chrome","goog:chromeOptions":{"binary":"C:\\Program Files\\Google\\Chrome\\Application\\chrome.exe","args":["--start-maximized"]}},"logLevel":"warn","connectionRetryTimeout":120000,"connectionRetryCount":3,"logLevels":{},"enableDirectConnect":true,"strictSSL":true,"_":"65 more keys: [\"cacheDir\",\"port\",\"requestedCapabilities\",\"automationProtocol\",\"baseUrl\",\"waitforInterval\",\"waitforTimeout\",\"onReload\",\"beforeCommand\",\"afterCommand\",\"rootDir\",\"specs\",\"suites\",\"exclude\",\"groupLogsByTestSpec\",\"excludeDriverLogs\",\"bail\",\"framework\",\"reporters\",\"services\",\"maxInstances\",\"maxInstancesPerCapability\",\"injectGlobals\",\"filesToWatch\",\"execArgv\",\"runnerEnv\",\"runner\",\"shard\",\"specFileRetries\",\"specFileRetriesDelay\",\"specFileRetriesDeferred\",\"reporterSyncInterval\",\"reporterSyncTimeout\",\"cucumberFeaturesWithLineNumbers\",\"autoCompileOpts\",\"mochaOpts\",\"jasmineOpts\",\"cucumberOpts\",\"onPrepare\",\"onWorkerStart\",\"onWorkerEnd\",\"before\",\"beforeSession\",\"beforeSuite\",\"beforeHook\",\"beforeTest\",\"afterTest\",\"afterHook\",\"afterSuite\",\"afterSession\",\"after\",\"onComplete\",\"beforeAssertion\",\"afterAssertion\",\"beforeFeature\",\"beforeScenario\",\"beforeStep\",\"afterStep\",\"afterScenario\",\"afterFeature\",\"_\",\"suite\",\"$0\",\"ignoredWorkerServices\",\"wdi5\"]"}]}
COMMAND: POST /session/9a045c4a17e0def218bea7a69d7cd789/execute/async - {"script":"<script> [21126 bytes]","args":[35000]}
RESULT: {"script":"<script> [21126 bytes]","args":[35000]}
COMMAND: POST /session/9a045c4a17e0def218bea7a69d7cd789/execute/async - {"script":"<script> [1562 bytes]","args":[{"selector":{"id":"application-managecontracts-display-component---AddNewContract--contractType","interaction":{"idSuffix":"arrow"}},"wdio_ui5_key":"applicationmanagecontracts-display-component---AddNewContract--contractType"}]}
RESULT: {"script":"<script> [1562 bytes]","args":[{"selector":{"id":"application-managecontracts-display-component---AddNewContract--contractType","interaction":{"idSuffix":"arrow"}},"wdio_ui5_key":"applicationmanagecontracts-display-component---AddNewContract--contractType"}]}
RESULT: undefined
COMMAND: POST /session/9a045c4a17e0def218bea7a69d7cd789/element - {"using":"xpath","value":"//*[@id=\"application-managecontracts-display-component---AddNewContract--contractType\"]"}
RESULT: {"using":"xpath","value":"//*[@id=\"application-managecontracts-display-component---AddNewContract--contractType\"]"}
COMMAND: POST /session/9a045c4a17e0def218bea7a69d7cd789/element/f.F2CC79D104176C4887E06893325B0B16.d.34547BC306E81040F4FD42ABDD3A7158.e.10236/click - {}
RESULT: {}
COMMAND: GET /session/9a045c4a17e0def218bea7a69d7cd789/screenshot - {}
RESULT: {}
COMMAND: POST /session/9a045c4a17e0def218bea7a69d7cd789/execute/async - {"script":"<script> [1562 bytes]","args":[{"selector":{"controlType":"sap.ui.core.Item","viewName":"etm.portal.ui.managecontracts.view.AddNewContract","viewId":"application-managecontracts-display-component---AddNewContract","bindingPath":{"path":"/ContractTypes('02')","propertyPath":"ID","modelName":"catalogModel"},"searchOpenDialogs":true},"wdio_ui5_key":"etmportal.ui.managecontracts.view.AddNewContractsap.ui.core.Item{\"path\":\"/ContractTypes('02')\",\"propertyPath\":\"ID\",\"modelName\":\"catalogModel\"}"}]}
RESULT: {"script":"<script> [1562 bytes]","args":[{"selector":{"controlType":"sap.ui.core.Item","viewName":"etm.portal.ui.managecontracts.view.AddNewContract","viewId":"application-managecontracts-display-component---AddNewContract","bindingPath":{"path":"/ContractTypes('02')","propertyPath":"ID","modelName":"catalogModel"},"searchOpenDialogs":true},"wdio_ui5_key":"etmportal.ui.managecontracts.view.AddNewContractsap.ui.core.Item{\"path\":\"/ContractTypes('02')\",\"propertyPath\":\"ID\",\"modelName\":\"catalogModel\"}"}]}
RESULT: undefined
COMMAND: POST /session/9a045c4a17e0def218bea7a69d7cd789/element - {"using":"xpath","value":"//*[@id=\"__item45-application-managecontracts-display-component---AddNewContract--contractType-1\"]"}
RESULT: {"using":"xpath","value":"//*[@id=\"__item45-application-managecontracts-display-component---AddNewContract--contractType-1\"]"}
COMMAND: POST /session/9a045c4a17e0def218bea7a69d7cd789/element/f.F2CC79D104176C4887E06893325B0B16.d.34547BC306E81040F4FD42ABDD3A7158.e.10237/click - {}
RESULT: {}
COMMAND: GET /session/9a045c4a17e0def218bea7a69d7cd789/screenshot - {}
RESULT: {}
COMMAND: POST /session/9a045c4a17e0def218bea7a69d7cd789/execute/async - {"script":"<script> [1562 bytes]","args":[{"selector":{"id":"application-managecontracts-display-component---AddNewContract--projectDescription","interaction":{"idSuffix":"inner"}},"wdio_ui5_key":"applicationmanagecontracts-display-component---AddNewContract--projectDescription"}]}
RESULT: {"script":"<script> [1562 bytes]","args":[{"selector":{"id":"application-managecontracts-display-component---AddNewContract--projectDescription","interaction":{"idSuffix":"inner"}},"wdio_ui5_key":"applicationmanagecontracts-display-component---AddNewContract--projectDescription"}]}
RESULT: undefined
COMMAND: POST /session/9a045c4a17e0def218bea7a69d7cd789/execute/async - {"script":"<script> [776 bytes]","args":[{"enterText":"WdIOReduceds7uzu","selector":{"id":"application-managecontracts-display-component---AddNewContract--projectDescription","interaction":{"idSuffix":"inner"}},"clearTextFirst":true,"interactionType":"ENTER_TEXT"}]}
RESULT: {"script":"<script> [776 bytes]","args":[{"enterText":"WdIOReduceds7uzu","selector":{"id":"application-managecontracts-display-component---AddNewContract--projectDescription","interaction":{"idSuffix":"inner"}},"clearTextFirst":true,"interactionType":"ENTER_TEXT"}]}
COMMAND: POST /session/9a045c4a17e0def218bea7a69d7cd789/element - {"using":"xpath","value":"//input[@id=\"application-managecontracts-display-component---AddNewContract--yardId-inner\"]"}
RESULT: {"using":"xpath","value":"//input[@id=\"application-managecontracts-display-component---AddNewContract--yardId-inner\"]"}
COMMAND: POST /session/9a045c4a17e0def218bea7a69d7cd789/element/f.F2CC79D104176C4887E06893325B0B16.d.34547BC306E81040F4FD42ABDD3A7158.e.10161/clear - {}
RESULT: {}
COMMAND: POST /session/9a045c4a17e0def218bea7a69d7cd789/element/f.F2CC79D104176C4887E06893325B0B16.d.34547BC306E81040F4FD42ABDD3A7158.e.10161/value - {"text":"WebdriverYardlcmp4f"}
COMMAND: GET /session/9a045c4a17e0def218bea7a69d7cd789/screenshot - {}
RESULT: {"text":"WebdriverYardlcmp4f"}
COMMAND: GET /session/9a045c4a17e0def218bea7a69d7cd789/screenshot - {}
RESULT: {}
RESULT: {}
COMMAND: POST /session/9a045c4a17e0def218bea7a69d7cd789/actions - {"actions":[{"id":"action58","type":"key","parameters":{},"actions":[{"type":"keyDown","value":"î€‡"},{"type":"pause","duration":10},{"type":"keyUp","value":"î€‡"}]}]}
RESULT: {"actions":[{"id":"action58","type":"key","parameters":{},"actions":[{"type":"keyDown","value":"î€‡"},{"type":"pause","duration":10},{"type":"keyUp","value":"î€‡"}]}]}
COMMAND: GET /session/9a045c4a17e0def218bea7a69d7cd789/screenshot - {}
RESULT: {}
COMMAND: POST /session/9a045c4a17e0def218bea7a69d7cd789/element - {"using":"xpath","value":"//input[@id=\"application-managecontracts-display-component---AddNewContract--customerSelect-inner\"]"}
RESULT: {"using":"xpath","value":"//input[@id=\"application-managecontracts-display-component---AddNewContract--customerSelect-inner\"]"}
COMMAND: POST /session/9a045c4a17e0def218bea7a69d7cd789/element/f.F2CC79D104176C4887E06893325B0B16.d.34547BC306E81040F4FD42ABDD3A7158.e.10159/clear - {}
RESULT: {}
COMMAND: POST /session/9a045c4a17e0def218bea7a69d7cd789/element/f.F2CC79D104176C4887E06893325B0B16.d.34547BC306E81040F4FD42ABDD3A7158.e.10159/value - {"text":"WebdriverPartnereuf9p"}
COMMAND: GET /session/9a045c4a17e0def218bea7a69d7cd789/screenshot - {}
RESULT: {"text":"WebdriverPartnereuf9p"}
COMMAND: GET /session/9a045c4a17e0def218bea7a69d7cd789/screenshot - {}
RESULT: {}
RESULT: {}
COMMAND: POST /session/9a045c4a17e0def218bea7a69d7cd789/actions - {"actions":[{"id":"action59","type":"key","parameters":{},"actions":[{"type":"keyDown","value":"î€‡"},{"type":"pause","duration":10},{"type":"keyUp","value":"î€‡"}]}]}
RESULT: {"actions":[{"id":"action59","type":"key","parameters":{},"actions":[{"type":"keyDown","value":"î€‡"},{"type":"pause","duration":10},{"type":"keyUp","value":"î€‡"}]}]}
COMMAND: GET /session/9a045c4a17e0def218bea7a69d7cd789/screenshot - {}
RESULT: {}
COMMAND: POST /session/9a045c4a17e0def218bea7a69d7cd789/execute/async - {"script":"<script> [1562 bytes]","args":[{"selector":{"id":"application-managecontracts-display-component---AddNewContract--calendarInput-arrow"},"wdio_ui5_key":"applicationmanagecontracts-display-component---AddNewContract--calendarInput-arrow"}]}
RESULT: {"script":"<script> [1562 bytes]","args":[{"selector":{"id":"application-managecontracts-display-component---AddNewContract--calendarInput-arrow"},"wdio_ui5_key":"applicationmanagecontracts-display-component---AddNewContract--calendarInput-arrow"}]}
RESULT: undefined
COMMAND: POST /session/9a045c4a17e0def218bea7a69d7cd789/element - {"using":"xpath","value":"//*[@id=\"application-managecontracts-display-component---AddNewContract--calendarInput-arrow\"]"}
RESULT: {"using":"xpath","value":"//*[@id=\"application-managecontracts-display-component---AddNewContract--calendarInput-arrow\"]"}
COMMAND: POST /session/9a045c4a17e0def218bea7a69d7cd789/element/f.F2CC79D104176C4887E06893325B0B16.d.34547BC306E81040F4FD42ABDD3A7158.e.10243/click - {}
RESULT: {}
COMMAND: GET /session/9a045c4a17e0def218bea7a69d7cd789/screenshot - {}
RESULT: {}
COMMAND: POST /session/9a045c4a17e0def218bea7a69d7cd789/execute/async - {"script":"<script> [1562 bytes]","args":[{"selector":{"controlType":"sap.m.StandardListItem","viewName":"etm.portal.ui.managecontracts.view.AddNewContract","viewId":"application-managecontracts-display-component---AddNewContract","properties":{"title":"1 - Calendar unit test patch"},"searchOpenDialogs":true,"interaction":{"idSuffix":"titleText"}},"wdio_ui5_key":"etmportal.ui.managecontracts.view.AddNewContractsap.m.StandardListItem{\"title\":\"1 - Calendar unit test patch\"}"}]}
RESULT: {"script":"<script> [1562 bytes]","args":[{"selector":{"controlType":"sap.m.StandardListItem","viewName":"etm.portal.ui.managecontracts.view.AddNewContract","viewId":"application-managecontracts-display-component---AddNewContract","properties":{"title":"1 - Calendar unit test patch"},"searchOpenDialogs":true,"interaction":{"idSuffix":"titleText"}},"wdio_ui5_key":"etmportal.ui.managecontracts.view.AddNewContractsap.m.StandardListItem{\"title\":\"1 - Calendar unit test patch\"}"}]}
RESULT: undefined
COMMAND: POST /session/9a045c4a17e0def218bea7a69d7cd789/element - {"using":"xpath","value":"//*[@id=\"__item804\"]"}
RESULT: {"using":"xpath","value":"//*[@id=\"__item804\"]"}
COMMAND: POST /session/9a045c4a17e0def218bea7a69d7cd789/element/f.F2CC79D104176C4887E06893325B0B16.d.34547BC306E81040F4FD42ABDD3A7158.e.10245/click - {}
RESULT: {}
COMMAND: GET /session/9a045c4a17e0def218bea7a69d7cd789/screenshot - {}
RESULT: {}
COMMAND: POST /session/9a045c4a17e0def218bea7a69d7cd789/execute/async - {"script":"<script> [1562 bytes]","args":[{"selector":{"id":"application-managecontracts-display-component---AddNewContract--streetInput","interaction":{"idSuffix":"inner"}},"wdio_ui5_key":"applicationmanagecontracts-display-component---AddNewContract--streetInput"}]}
RESULT: {"script":"<script> [1562 bytes]","args":[{"selector":{"id":"application-managecontracts-display-component---AddNewContract--streetInput","interaction":{"idSuffix":"inner"}},"wdio_ui5_key":"applicationmanagecontracts-display-component---AddNewContract--streetInput"}]}
RESULT: undefined
COMMAND: POST /session/9a045c4a17e0def218bea7a69d7cd789/execute/async - {"script":"<script> [776 bytes]","args":[{"enterText":"StreetWdIO","selector":{"id":"application-managecontracts-display-component---AddNewContract--streetInput","interaction":{"idSuffix":"inner"}},"clearTextFirst":true,"interactionType":"ENTER_TEXT"}]}
RESULT: {"script":"<script> [776 bytes]","args":[{"enterText":"StreetWdIO","selector":{"id":"application-managecontracts-display-component---AddNewContract--streetInput","interaction":{"idSuffix":"inner"}},"clearTextFirst":true,"interactionType":"ENTER_TEXT"}]}
COMMAND: POST /session/9a045c4a17e0def218bea7a69d7cd789/execute/async - {"script":"<script> [1562 bytes]","args":[{"selector":{"id":"application-managecontracts-display-component---AddNewContract--numberInput","interaction":{"idSuffix":"inner"}},"wdio_ui5_key":"applicationmanagecontracts-display-component---AddNewContract--numberInput"}]}
RESULT: {"script":"<script> [1562 bytes]","args":[{"selector":{"id":"application-managecontracts-display-component---AddNewContract--numberInput","interaction":{"idSuffix":"inner"}},"wdio_ui5_key":"applicationmanagecontracts-display-component---AddNewContract--numberInput"}]}
RESULT: undefined
COMMAND: POST /session/9a045c4a17e0def218bea7a69d7cd789/execute/async - {"script":"<script> [776 bytes]","args":[{"enterText":"3","selector":{"id":"application-managecontracts-display-component---AddNewContract--numberInput","interaction":{"idSuffix":"inner"}},"clearTextFirst":true,"interactionType":"ENTER_TEXT"}]}
RESULT: {"script":"<script> [776 bytes]","args":[{"enterText":"3","selector":{"id":"application-managecontracts-display-component---AddNewContract--numberInput","interaction":{"idSuffix":"inner"}},"clearTextFirst":true,"interactionType":"ENTER_TEXT"}]}
COMMAND: POST /session/9a045c4a17e0def218bea7a69d7cd789/execute/async - {"script":"<script> [1562 bytes]","args":[{"selector":{"id":"application-managecontracts-display-component---AddNewContract--cityInput","interaction":{"idSuffix":"inner"}},"wdio_ui5_key":"applicationmanagecontracts-display-component---AddNewContract--cityInput"}]}
RESULT: {"script":"<script> [1562 bytes]","args":[{"selector":{"id":"application-managecontracts-display-component---AddNewContract--cityInput","interaction":{"idSuffix":"inner"}},"wdio_ui5_key":"applicationmanagecontracts-display-component---AddNewContract--cityInput"}]}
RESULT: undefined
COMMAND: POST /session/9a045c4a17e0def218bea7a69d7cd789/execute/async - {"script":"<script> [776 bytes]","args":[{"enterText":"Bucharest","selector":{"id":"application-managecontracts-display-component---AddNewContract--cityInput","interaction":{"idSuffix":"inner"}},"clearTextFirst":true,"interactionType":"ENTER_TEXT"}]}
RESULT: {"script":"<script> [776 bytes]","args":[{"enterText":"Bucharest","selector":{"id":"application-managecontracts-display-component---AddNewContract--cityInput","interaction":{"idSuffix":"inner"}},"clearTextFirst":true,"interactionType":"ENTER_TEXT"}]}
COMMAND: POST /session/9a045c4a17e0def218bea7a69d7cd789/execute/async - {"script":"<script> [1562 bytes]","args":[{"selector":{"id":"application-managecontracts-display-component---AddNewContract--zipInput","interaction":{"idSuffix":"inner"}},"wdio_ui5_key":"applicationmanagecontracts-display-component---AddNewContract--zipInput"}]}
RESULT: {"script":"<script> [1562 bytes]","args":[{"selector":{"id":"application-managecontracts-display-component---AddNewContract--zipInput","interaction":{"idSuffix":"inner"}},"wdio_ui5_key":"applicationmanagecontracts-display-component---AddNewContract--zipInput"}]}
RESULT: undefined
COMMAND: POST /session/9a045c4a17e0def218bea7a69d7cd789/execute/async - {"script":"<script> [776 bytes]","args":[{"enterText":"021210","selector":{"id":"application-managecontracts-display-component---AddNewContract--zipInput","interaction":{"idSuffix":"inner"}},"clearTextFirst":true,"interactionType":"ENTER_TEXT"}]}
RESULT: {"script":"<script> [776 bytes]","args":[{"enterText":"021210","selector":{"id":"application-managecontracts-display-component---AddNewContract--zipInput","interaction":{"idSuffix":"inner"}},"clearTextFirst":true,"interactionType":"ENTER_TEXT"}]}
COMMAND: POST /session/9a045c4a17e0def218bea7a69d7cd789/element - {"using":"xpath","value":"//bdi[contains(@id ,\"application-managecontracts-display-component---AddNewContract--saveBtn-BDI-content\")]"}
RESULT: {"using":"xpath","value":"//bdi[contains(@id ,\"application-managecontracts-display-component---AddNewContract--saveBtn-BDI-content\")]"}
COMMAND: POST /session/9a045c4a17e0def218bea7a69d7cd789/element/f.F2CC79D104176C4887E06893325B0B16.d.34547BC306E81040F4FD42ABDD3A7158.e.10250/click - {}
RESULT: {}
COMMAND: GET /session/9a045c4a17e0def218bea7a69d7cd789/screenshot - {}
RESULT: {}
COMMAND: POST /session/9a045c4a17e0def218bea7a69d7cd789/element - {"using":"xpath","value":"//button[contains(@data-kt ,\"contractDetailEditBtnButton\")]"}
RESULT: {"using":"xpath","value":"//button[contains(@data-kt ,\"contractDetailEditBtnButton\")]"}
COMMAND: POST /session/9a045c4a17e0def218bea7a69d7cd789/execute/sync - {"script":"<script> [8489 bytes]","args":[{"element-6066-11e4-a52e-4f735466cecf":"f.F2CC79D104176C4887E06893325B0B16.d.34547BC306E81040F4FD42ABDD3A7158.e.10320","ELEMENT":"f.F2CC79D104176C4887E06893325B0B16.d.34547BC306E81040F4FD42ABDD3A7158.e.10320"}]}
RESULT: {"script":"<script> [8489 bytes]","args":[{"element-6066-11e4-a52e-4f735466cecf":"f.F2CC79D104176C4887E06893325B0B16.d.34547BC306E81040F4FD42ABDD3A7158.e.10320","ELEMENT":"f.F2CC79D104176C4887E06893325B0B16.d.34547BC306E81040F4FD42ABDD3A7158.e.10320"}]}
COMMAND: POST /session/9a045c4a17e0def218bea7a69d7cd789/execute/sync - {"script":"<script> [8489 bytes]","args":[{"element-6066-11e4-a52e-4f735466cecf":"f.F2CC79D104176C4887E06893325B0B16.d.34547BC306E81040F4FD42ABDD3A7158.e.10320","ELEMENT":"f.F2CC79D104176C4887E06893325B0B16.d.34547BC306E81040F4FD42ABDD3A7158.e.10320"}]}
COMMAND: GET /session/9a045c4a17e0def218bea7a69d7cd789/screenshot - {}
RESULT: {"script":"<script> [8489 bytes]","args":[{"element-6066-11e4-a52e-4f735466cecf":"f.F2CC79D104176C4887E06893325B0B16.d.34547BC306E81040F4FD42ABDD3A7158.e.10320","ELEMENT":"f.F2CC79D104176C4887E06893325B0B16.d.34547BC306E81040F4FD42ABDD3A7158.e.10320"}]}
COMMAND: POST /session/9a045c4a17e0def218bea7a69d7cd789/execute/sync - {"script":"<script> [5351 bytes]","args":[{"element-6066-11e4-a52e-4f735466cecf":"f.F2CC79D104176C4887E06893325B0B16.d.34547BC306E81040F4FD42ABDD3A7158.e.10320","ELEMENT":"f.F2CC79D104176C4887E06893325B0B16.d.34547BC306E81040F4FD42ABDD3A7158.e.10320"}]}
COMMAND: GET /session/9a045c4a17e0def218bea7a69d7cd789/screenshot - {}
RESULT: {}
RESULT: {"script":"<script> [5351 bytes]","args":[{"element-6066-11e4-a52e-4f735466cecf":"f.F2CC79D104176C4887E06893325B0B16.d.34547BC306E81040F4FD42ABDD3A7158.e.10320","ELEMENT":"f.F2CC79D104176C4887E06893325B0B16.d.34547BC306E81040F4FD42ABDD3A7158.e.10320"}]}
COMMAND: POST /session/9a045c4a17e0def218bea7a69d7cd789/execute/async - {"script":"<script> [1562 bytes]","args":[{"selector":{"controlType":"sap.m.Text","viewName":"etm.portal.ui.managecontracts.view.Detail","bindingPath":{"propertyPath":"LINK_TO_C_CONTRACT_TYPES/DESCRIPTION","modelName":"catalogModel"}},"wdio_ui5_key":"etmportal.ui.managecontracts.view.Detailsap.m.Text{\"propertyPath\":\"LINK_TO_C_CONTRACT_TYPES/DESCRIPTION\",\"modelName\":\"catalogModel\"}"}]}
COMMAND: GET /session/9a045c4a17e0def218bea7a69d7cd789/screenshot - {}
RESULT: {}
RESULT: {"script":"<script> [1562 bytes]","args":[{"selector":{"controlType":"sap.m.Text","viewName":"etm.portal.ui.managecontracts.view.Detail","bindingPath":{"propertyPath":"LINK_TO_C_CONTRACT_TYPES/DESCRIPTION","modelName":"catalogModel"}},"wdio_ui5_key":"etmportal.ui.managecontracts.view.Detailsap.m.Text{\"propertyPath\":\"LINK_TO_C_CONTRACT_TYPES/DESCRIPTION\",\"modelName\":\"catalogModel\"}"}]}
RESULT: undefined
COMMAND: POST /session/9a045c4a17e0def218bea7a69d7cd789/execute/async - {"script":"<script> [6424 bytes]","args":[{"element-6066-11e4-a52e-4f735466cecf":"f.F2CC79D104176C4887E06893325B0B16.d.34547BC306E81040F4FD42ABDD3A7158.e.10323"},"getText",[]]}
RESULT: {}
RESULT: {"script":"<script> [6424 bytes]","args":[{"element-6066-11e4-a52e-4f735466cecf":"f.F2CC79D104176C4887E06893325B0B16.d.34547BC306E81040F4FD42ABDD3A7158.e.10323"},"getText",[]]}
COMMAND: POST /session/9a045c4a17e0def218bea7a69d7cd789/element/f.F2CC79D104176C4887E06893325B0B16.d.34547BC306E81040F4FD42ABDD3A7158.e.10320/click - {}
RESULT: {}
COMMAND: GET /session/9a045c4a17e0def218bea7a69d7cd789/screenshot - {}
RESULT: {}
]]></system-out>
    </testcase>
    <testcase classname="chrome.135_0_7049_96.windows.Reduced_contract_US151275" name="Should add a RU to the contract" time="47.434">
      <system-out><![CDATA[
COMMAND: POST /session/9a045c4a17e0def218bea7a69d7cd789/element - {"using":"xpath","value":"(//span[contains(text(), \"Header Billing Items\")])[2]"}
RESULT: {"using":"xpath","value":"(//span[contains(text(), \"Header Billing Items\")])[2]"}
COMMAND: POST /session/9a045c4a17e0def218bea7a69d7cd789/element/f.F2CC79D104176C4887E06893325B0B16.d.34547BC306E81040F4FD42ABDD3A7158.e.10375/click - {}
RESULT: {}
COMMAND: GET /session/9a045c4a17e0def218bea7a69d7cd789/screenshot - {}
RESULT: {}
COMMAND: POST /session/9a045c4a17e0def218bea7a69d7cd789/element - {"using":"xpath","value":"//button[@data-kt=\"btnAddTableRowOverflowToolbarButton\"]"}
RESULT: {"using":"xpath","value":"//button[@data-kt=\"btnAddTableRowOverflowToolbarButton\"]"}
COMMAND: POST /session/9a045c4a17e0def218bea7a69d7cd789/element/f.F2CC79D104176C4887E06893325B0B16.d.34547BC306E81040F4FD42ABDD3A7158.e.10378/click - {}
RESULT: {}
COMMAND: GET /session/9a045c4a17e0def218bea7a69d7cd789/screenshot - {}
RESULT: {}
COMMAND: POST /session/9a045c4a17e0def218bea7a69d7cd789/element - {"using":"xpath","value":"//div[(text() = 'Standard Entry' or . = 'Standard Entry')]"}
RESULT: {"using":"xpath","value":"//div[(text() = 'Standard Entry' or . = 'Standard Entry')]"}
COMMAND: POST /session/9a045c4a17e0def218bea7a69d7cd789/element/f.F2CC79D104176C4887E06893325B0B16.d.34547BC306E81040F4FD42ABDD3A7158.e.10380/click - {}
RESULT: {}
COMMAND: POST /session/9a045c4a17e0def218bea7a69d7cd789/element - {"using":"xpath","value":"//td[6]/div/div/input[1]"}
COMMAND: GET /session/9a045c4a17e0def218bea7a69d7cd789/screenshot - {}
RESULT: {"using":"xpath","value":"//td[6]/div/div/input[1]"}
COMMAND: POST /session/9a045c4a17e0def218bea7a69d7cd789/element/f.F2CC79D104176C4887E06893325B0B16.d.34547BC306E81040F4FD42ABDD3A7158.e.10382/click - {}
RESULT: {}
RESULT: {}
COMMAND: POST /session/9a045c4a17e0def218bea7a69d7cd789/actions - {"actions":[{"id":"action60","type":"key","parameters":{},"actions":[{"type":"keyDown","value":"î€ƒ"},{"type":"pause","duration":10},{"type":"keyUp","value":"î€ƒ"}]}]}
COMMAND: GET /session/9a045c4a17e0def218bea7a69d7cd789/screenshot - {}
RESULT: {"actions":[{"id":"action60","type":"key","parameters":{},"actions":[{"type":"keyDown","value":"î€ƒ"},{"type":"pause","duration":10},{"type":"keyUp","value":"î€ƒ"}]}]}
COMMAND: POST /session/9a045c4a17e0def218bea7a69d7cd789/element - {"using":"xpath","value":"//td[6]/div/div/input[1]"}
COMMAND: GET /session/9a045c4a17e0def218bea7a69d7cd789/screenshot - {}
RESULT: {}
RESULT: {"using":"xpath","value":"//td[6]/div/div/input[1]"}
COMMAND: POST /session/9a045c4a17e0def218bea7a69d7cd789/element/f.F2CC79D104176C4887E06893325B0B16.d.34547BC306E81040F4FD42ABDD3A7158.e.10382/clear - {}
RESULT: {}
RESULT: {}
COMMAND: POST /session/9a045c4a17e0def218bea7a69d7cd789/element/f.F2CC79D104176C4887E06893325B0B16.d.34547BC306E81040F4FD42ABDD3A7158.e.10382/value - {"text":"Material"}
COMMAND: GET /session/9a045c4a17e0def218bea7a69d7cd789/screenshot - {}
RESULT: {"text":"Material"}
COMMAND: GET /session/9a045c4a17e0def218bea7a69d7cd789/screenshot - {}
RESULT: {}
RESULT: {}
COMMAND: POST /session/9a045c4a17e0def218bea7a69d7cd789/actions - {"actions":[{"id":"action61","type":"key","parameters":{},"actions":[{"type":"keyDown","value":"î€‡"},{"type":"pause","duration":10},{"type":"keyUp","value":"î€‡"}]}]}
RESULT: {"actions":[{"id":"action61","type":"key","parameters":{},"actions":[{"type":"keyDown","value":"î€‡"},{"type":"pause","duration":10},{"type":"keyUp","value":"î€‡"}]}]}
COMMAND: GET /session/9a045c4a17e0def218bea7a69d7cd789/screenshot - {}
COMMAND: POST /session/9a045c4a17e0def218bea7a69d7cd789/actions - {"actions":[{"id":"action62","type":"key","parameters":{},"actions":[{"type":"keyDown","value":"î€‡"},{"type":"pause","duration":10},{"type":"keyUp","value":"î€‡"}]}]}
RESULT: {}
RESULT: {"actions":[{"id":"action62","type":"key","parameters":{},"actions":[{"type":"keyDown","value":"î€‡"},{"type":"pause","duration":10},{"type":"keyUp","value":"î€‡"}]}]}
COMMAND: POST /session/9a045c4a17e0def218bea7a69d7cd789/element - {"using":"xpath","value":"//td[7]/div/div/input"}
COMMAND: GET /session/9a045c4a17e0def218bea7a69d7cd789/screenshot - {}
RESULT: {"using":"xpath","value":"//td[7]/div/div/input"}
COMMAND: POST /session/9a045c4a17e0def218bea7a69d7cd789/element/f.F2CC79D104176C4887E06893325B0B16.d.34547BC306E81040F4FD42ABDD3A7158.e.10395/clear - {}
RESULT: {}
RESULT: {}
COMMAND: POST /session/9a045c4a17e0def218bea7a69d7cd789/element/f.F2CC79D104176C4887E06893325B0B16.d.34547BC306E81040F4FD42ABDD3A7158.e.10395/value - {"text":"WebdriverRUR2C"}
COMMAND: GET /session/9a045c4a17e0def218bea7a69d7cd789/screenshot - {}
RESULT: {}
RESULT: {"text":"WebdriverRUR2C"}
COMMAND: GET /session/9a045c4a17e0def218bea7a69d7cd789/screenshot - {}
RESULT: {}
COMMAND: POST /session/9a045c4a17e0def218bea7a69d7cd789/actions - {"actions":[{"id":"action63","type":"key","parameters":{},"actions":[{"type":"keyDown","value":"î€‡"},{"type":"pause","duration":10},{"type":"keyUp","value":"î€‡"}]}]}
RESULT: {"actions":[{"id":"action63","type":"key","parameters":{},"actions":[{"type":"keyDown","value":"î€‡"},{"type":"pause","duration":10},{"type":"keyUp","value":"î€‡"}]}]}
COMMAND: GET /session/9a045c4a17e0def218bea7a69d7cd789/screenshot - {}
RESULT: {}
COMMAND: POST /session/9a045c4a17e0def218bea7a69d7cd789/actions - {"actions":[{"id":"action64","type":"key","parameters":{},"actions":[{"type":"keyDown","value":"î€‡"},{"type":"pause","duration":10},{"type":"keyUp","value":"î€‡"}]}]}
RESULT: {"actions":[{"id":"action64","type":"key","parameters":{},"actions":[{"type":"keyDown","value":"î€‡"},{"type":"pause","duration":10},{"type":"keyUp","value":"î€‡"}]}]}
COMMAND: GET /session/9a045c4a17e0def218bea7a69d7cd789/screenshot - {}
RESULT: {}
COMMAND: POST /session/9a045c4a17e0def218bea7a69d7cd789/element - {"using":"xpath","value":"(//button[@data-kt=\"saveButton\"])[2]"}
RESULT: {"using":"xpath","value":"(//button[@data-kt=\"saveButton\"])[2]"}
COMMAND: POST /session/9a045c4a17e0def218bea7a69d7cd789/element/f.F2CC79D104176C4887E06893325B0B16.d.34547BC306E81040F4FD42ABDD3A7158.e.10420/click - {}
RESULT: {}
COMMAND: GET /session/9a045c4a17e0def218bea7a69d7cd789/screenshot - {}
RESULT: {}
COMMAND: POST /session/9a045c4a17e0def218bea7a69d7cd789/element - {"using":"xpath","value":"//button[contains(@data-kt ,\"contractDetailEditBtnButton\")]"}
RESULT: {"using":"xpath","value":"//button[contains(@data-kt ,\"contractDetailEditBtnButton\")]"}
COMMAND: POST /session/9a045c4a17e0def218bea7a69d7cd789/execute/sync - {"script":"<script> [8489 bytes]","args":[{"element-6066-11e4-a52e-4f735466cecf":"f.F2CC79D104176C4887E06893325B0B16.d.34547BC306E81040F4FD42ABDD3A7158.e.10320","ELEMENT":"f.F2CC79D104176C4887E06893325B0B16.d.34547BC306E81040F4FD42ABDD3A7158.e.10320"}]}
RESULT: {"script":"<script> [8489 bytes]","args":[{"element-6066-11e4-a52e-4f735466cecf":"f.F2CC79D104176C4887E06893325B0B16.d.34547BC306E81040F4FD42ABDD3A7158.e.10320","ELEMENT":"f.F2CC79D104176C4887E06893325B0B16.d.34547BC306E81040F4FD42ABDD3A7158.e.10320"}]}
COMMAND: POST /session/9a045c4a17e0def218bea7a69d7cd789/execute/sync - {"script":"<script> [8489 bytes]","args":[{"element-6066-11e4-a52e-4f735466cecf":"f.F2CC79D104176C4887E06893325B0B16.d.34547BC306E81040F4FD42ABDD3A7158.e.10320","ELEMENT":"f.F2CC79D104176C4887E06893325B0B16.d.34547BC306E81040F4FD42ABDD3A7158.e.10320"}]}
COMMAND: GET /session/9a045c4a17e0def218bea7a69d7cd789/screenshot - {}
RESULT: {"script":"<script> [8489 bytes]","args":[{"element-6066-11e4-a52e-4f735466cecf":"f.F2CC79D104176C4887E06893325B0B16.d.34547BC306E81040F4FD42ABDD3A7158.e.10320","ELEMENT":"f.F2CC79D104176C4887E06893325B0B16.d.34547BC306E81040F4FD42ABDD3A7158.e.10320"}]}
COMMAND: POST /session/9a045c4a17e0def218bea7a69d7cd789/execute/sync - {"script":"<script> [5351 bytes]","args":[{"element-6066-11e4-a52e-4f735466cecf":"f.F2CC79D104176C4887E06893325B0B16.d.34547BC306E81040F4FD42ABDD3A7158.e.10320","ELEMENT":"f.F2CC79D104176C4887E06893325B0B16.d.34547BC306E81040F4FD42ABDD3A7158.e.10320"}]}
COMMAND: GET /session/9a045c4a17e0def218bea7a69d7cd789/screenshot - {}
RESULT: {}
RESULT: {"script":"<script> [5351 bytes]","args":[{"element-6066-11e4-a52e-4f735466cecf":"f.F2CC79D104176C4887E06893325B0B16.d.34547BC306E81040F4FD42ABDD3A7158.e.10320","ELEMENT":"f.F2CC79D104176C4887E06893325B0B16.d.34547BC306E81040F4FD42ABDD3A7158.e.10320"}]}
COMMAND: POST /session/9a045c4a17e0def218bea7a69d7cd789/element - {"using":"xpath","value":"(//span[contains(text(), \"Header Billing Items\")])[1]"}
COMMAND: GET /session/9a045c4a17e0def218bea7a69d7cd789/screenshot - {}
RESULT: {}
RESULT: {"using":"xpath","value":"(//span[contains(text(), \"Header Billing Items\")])[1]"}
COMMAND: POST /session/9a045c4a17e0def218bea7a69d7cd789/element/f.F2CC79D104176C4887E06893325B0B16.d.34547BC306E81040F4FD42ABDD3A7158.e.10423/click - {}
RESULT: {}
RESULT: {}
COMMAND: GET /session/9a045c4a17e0def218bea7a69d7cd789/screenshot - {}
RESULT: {}
COMMAND: POST /session/9a045c4a17e0def218bea7a69d7cd789/execute/async - {"script":"<script> [1562 bytes]","args":[{"selector":{"controlType":"sap.m.Title","viewName":"etm.portal.ui.managecontracts.view.Detail","properties":{"text":"Contract Items (1)"}},"wdio_ui5_key":"etmportal.ui.managecontracts.view.Detailsap.m.Title{\"text\":\"Contract Items (1)\"}"}]}
RESULT: {"script":"<script> [1562 bytes]","args":[{"selector":{"controlType":"sap.m.Title","viewName":"etm.portal.ui.managecontracts.view.Detail","properties":{"text":"Contract Items (1)"}},"wdio_ui5_key":"etmportal.ui.managecontracts.view.Detailsap.m.Title{\"text\":\"Contract Items (1)\"}"}]}
RESULT: undefined
COMMAND: POST /session/9a045c4a17e0def218bea7a69d7cd789/execute/async - {"script":"<script> [6424 bytes]","args":[{"element-6066-11e4-a52e-4f735466cecf":"f.F2CC79D104176C4887E06893325B0B16.d.34547BC306E81040F4FD42ABDD3A7158.e.10425"},"getText",[]]}
RESULT: {"script":"<script> [6424 bytes]","args":[{"element-6066-11e4-a52e-4f735466cecf":"f.F2CC79D104176C4887E06893325B0B16.d.34547BC306E81040F4FD42ABDD3A7158.e.10425"},"getText",[]]}
COMMAND: POST /session/9a045c4a17e0def218bea7a69d7cd789/element - {"using":"xpath","value":"(//span[contains(@class ,\"sapMObjStatusText\")])[1]"}
RESULT: {"using":"xpath","value":"(//span[contains(@class ,\"sapMObjStatusText\")])[1]"}
COMMAND: GET /session/9a045c4a17e0def218bea7a69d7cd789/element/f.F2CC79D104176C4887E06893325B0B16.d.34547BC306E81040F4FD42ABDD3A7158.e.10426/text - {}
RESULT: {}
COMMAND: POST /session/9a045c4a17e0def218bea7a69d7cd789/refresh - {}
RESULT: {}
COMMAND: GET /session/9a045c4a17e0def218bea7a69d7cd789/screenshot - {}
RESULT: {}
COMMAND: POST /session/9a045c4a17e0def218bea7a69d7cd789/execute/async - {"script":"<script> [189 bytes]","args":[]}
RESULT: {"script":"<script> [189 bytes]","args":[]}
COMMAND: POST /session/9a045c4a17e0def218bea7a69d7cd789/execute/async - {"script":"<script> [123 bytes]","args":[]}
RESULT: {"script":"<script> [123 bytes]","args":[]}
COMMAND: POST /session/9a045c4a17e0def218bea7a69d7cd789/timeouts - {"script":"<number>"}
RESULT: {"script":"<number>"}
COMMAND: GET /session/9a045c4a17e0def218bea7a69d7cd789/timeouts - {}
RESULT: {}
RESULT: undefined
COMMAND: POST /session/9a045c4a17e0def218bea7a69d7cd789/execute/async - {"script":"<script> [2676 bytes]","args":[]}
RESULT: {"script":"<script> [2676 bytes]","args":[]}
COMMAND: POST /session/9a045c4a17e0def218bea7a69d7cd789/execute/async - {"script":"<script> [2342 bytes]","args":[{"protocol":"http","hostname":"0.0.0.0","path":"/","capabilities":{"browserName":"chrome","goog:chromeOptions":{"binary":"C:\\Program Files\\Google\\Chrome\\Application\\chrome.exe","args":["--start-maximized"]}},"logLevel":"warn","connectionRetryTimeout":120000,"connectionRetryCount":3,"logLevels":{},"enableDirectConnect":true,"strictSSL":true,"_":"65 more keys: [\"cacheDir\",\"port\",\"requestedCapabilities\",\"automationProtocol\",\"baseUrl\",\"waitforInterval\",\"waitforTimeout\",\"onReload\",\"beforeCommand\",\"afterCommand\",\"rootDir\",\"specs\",\"suites\",\"exclude\",\"groupLogsByTestSpec\",\"excludeDriverLogs\",\"bail\",\"framework\",\"reporters\",\"services\",\"maxInstances\",\"maxInstancesPerCapability\",\"injectGlobals\",\"filesToWatch\",\"execArgv\",\"runnerEnv\",\"runner\",\"shard\",\"specFileRetries\",\"specFileRetriesDelay\",\"specFileRetriesDeferred\",\"reporterSyncInterval\",\"reporterSyncTimeout\",\"cucumberFeaturesWithLineNumbers\",\"autoCompileOpts\",\"mochaOpts\",\"jasmineOpts\",\"cucumberOpts\",\"onPrepare\",\"onWorkerStart\",\"onWorkerEnd\",\"before\",\"beforeSession\",\"beforeSuite\",\"beforeHook\",\"beforeTest\",\"afterTest\",\"afterHook\",\"afterSuite\",\"afterSession\",\"after\",\"onComplete\",\"beforeAssertion\",\"afterAssertion\",\"beforeFeature\",\"beforeScenario\",\"beforeStep\",\"afterStep\",\"afterScenario\",\"afterFeature\",\"_\",\"suite\",\"$0\",\"ignoredWorkerServices\",\"wdi5\"]"}]}
RESULT: {"script":"<script> [2342 bytes]","args":[{"protocol":"http","hostname":"0.0.0.0","path":"/","capabilities":{"browserName":"chrome","goog:chromeOptions":{"binary":"C:\\Program Files\\Google\\Chrome\\Application\\chrome.exe","args":["--start-maximized"]}},"logLevel":"warn","connectionRetryTimeout":120000,"connectionRetryCount":3,"logLevels":{},"enableDirectConnect":true,"strictSSL":true,"_":"65 more keys: [\"cacheDir\",\"port\",\"requestedCapabilities\",\"automationProtocol\",\"baseUrl\",\"waitforInterval\",\"waitforTimeout\",\"onReload\",\"beforeCommand\",\"afterCommand\",\"rootDir\",\"specs\",\"suites\",\"exclude\",\"groupLogsByTestSpec\",\"excludeDriverLogs\",\"bail\",\"framework\",\"reporters\",\"services\",\"maxInstances\",\"maxInstancesPerCapability\",\"injectGlobals\",\"filesToWatch\",\"execArgv\",\"runnerEnv\",\"runner\",\"shard\",\"specFileRetries\",\"specFileRetriesDelay\",\"specFileRetriesDeferred\",\"reporterSyncInterval\",\"reporterSyncTimeout\",\"cucumberFeaturesWithLineNumbers\",\"autoCompileOpts\",\"mochaOpts\",\"jasmineOpts\",\"cucumberOpts\",\"onPrepare\",\"onWorkerStart\",\"onWorkerEnd\",\"before\",\"beforeSession\",\"beforeSuite\",\"beforeHook\",\"beforeTest\",\"afterTest\",\"afterHook\",\"afterSuite\",\"afterSession\",\"after\",\"onComplete\",\"beforeAssertion\",\"afterAssertion\",\"beforeFeature\",\"beforeScenario\",\"beforeStep\",\"afterStep\",\"afterScenario\",\"afterFeature\",\"_\",\"suite\",\"$0\",\"ignoredWorkerServices\",\"wdi5\"]"}]}
COMMAND: POST /session/9a045c4a17e0def218bea7a69d7cd789/execute/async - {"script":"<script> [21126 bytes]","args":[35000]}
RESULT: {"script":"<script> [21126 bytes]","args":[35000]}
COMMAND: POST /session/9a045c4a17e0def218bea7a69d7cd789/element - {"using":"css selector","value":"#shell-header-logo"}
RESULT: {"using":"css selector","value":"#shell-header-logo"}
COMMAND: POST /session/9a045c4a17e0def218bea7a69d7cd789/element/f.F2CC79D104176C4887E06893325B0B16.d.99349D64624514C1E155C59EF72A8FB9.e.10433/click - {}
RESULT: {}
COMMAND: GET /session/9a045c4a17e0def218bea7a69d7cd789/screenshot - {}
RESULT: {}
]]></system-out>
    </testcase>
  </testsuite>
  <testsuite timestamp="2025-05-01T18:21:09" time="1218.784" tests="7" failures="0" errors="0" skipped="0">
    <properties>
      <property name="specId" value="0" />
      <property name="suiteName" value="E2E - Logistical and commercial statuses" />
      <property name="capabilities" value="chrome.135_0_7049_96.windows" />
      <property name="file" value="file:///D:/a/1/s/test/specs/R2C/E2E-Logistical-and-commercial-status.spec.js" />
    </properties>
    <testcase classname="chrome.135_0_7049_96.windows.E2E_-_Logistical_and_commercial_statuses" name="Should create prerequisites yard partner and site" time="260.236">
      <system-out><![CDATA[
COMMAND: POST /session/9a045c4a17e0def218bea7a69d7cd789/execute/async - {"script":"<script> [1562 bytes]","args":[{"selector":{"controlType":"sap.m.GenericTile","properties":{"header":"Manage Yards"}},"wdio_ui5_key":"sapm.GenericTile{\"header\":\"Manage Yards\"}"}]}
RESULT: {"script":"<script> [1562 bytes]","args":[{"selector":{"controlType":"sap.m.GenericTile","properties":{"header":"Manage Yards"}},"wdio_ui5_key":"sapm.GenericTile{\"header\":\"Manage Yards\"}"}]}
RESULT: undefined
COMMAND: POST /session/9a045c4a17e0def218bea7a69d7cd789/element - {"using":"xpath","value":"//*[@id=\"__tile41\"]"}
RESULT: {"using":"xpath","value":"//*[@id=\"__tile41\"]"}
COMMAND: POST /session/9a045c4a17e0def218bea7a69d7cd789/element/f.F2CC79D104176C4887E06893325B0B16.d.99349D64624514C1E155C59EF72A8FB9.e.10657/click - {}
RESULT: {}
COMMAND: GET /session/9a045c4a17e0def218bea7a69d7cd789/screenshot - {}
RESULT: {}
COMMAND: POST /session/9a045c4a17e0def218bea7a69d7cd789/execute/async - {"script":"<script> [1562 bytes]","args":[{"selector":{"controlType":"sap.ui.core.Icon","viewName":"etm.portal.ui.manageyards.view.Master","viewId":"application-manageyards-display-component---masterYard","properties":{"src":{"regex":{"source":"add"}}}},"wdio_ui5_key":"etmportal.ui.manageyards.view.Mastersap.ui.core.Icon{\"src\":{\"regex\":{\"source\":\"add\"}}}"}]}
RESULT: {"script":"<script> [1562 bytes]","args":[{"selector":{"controlType":"sap.ui.core.Icon","viewName":"etm.portal.ui.manageyards.view.Master","viewId":"application-manageyards-display-component---masterYard","properties":{"src":{"regex":{"source":"add"}}}},"wdio_ui5_key":"etmportal.ui.manageyards.view.Mastersap.ui.core.Icon{\"src\":{\"regex\":{\"source\":\"add\"}}}"}]}
RESULT: undefined
COMMAND: POST /session/9a045c4a17e0def218bea7a69d7cd789/element - {"using":"xpath","value":"//*[@id=\"__button15-img\"]"}
RESULT: {"using":"xpath","value":"//*[@id=\"__button15-img\"]"}
COMMAND: POST /session/9a045c4a17e0def218bea7a69d7cd789/element/f.F2CC79D104176C4887E06893325B0B16.d.99349D64624514C1E155C59EF72A8FB9.e.10700/click - {}
RESULT: {}
COMMAND: GET /session/9a045c4a17e0def218bea7a69d7cd789/screenshot - {}
RESULT: {}
COMMAND: POST /session/9a045c4a17e0def218bea7a69d7cd789/execute/async - {"script":"<script> [1562 bytes]","args":[{"selector":{"id":"application-manageyards-display-component---NewYard--yardId","interaction":{"idSuffix":"inner"}},"wdio_ui5_key":"applicationmanageyards-display-component---NewYard--yardId"}]}
RESULT: {"script":"<script> [1562 bytes]","args":[{"selector":{"id":"application-manageyards-display-component---NewYard--yardId","interaction":{"idSuffix":"inner"}},"wdio_ui5_key":"applicationmanageyards-display-component---NewYard--yardId"}]}
RESULT: undefined
COMMAND: POST /session/9a045c4a17e0def218bea7a69d7cd789/element - {"using":"xpath","value":"//*[@id=\"application-manageyards-display-component---NewYard--addressDetailDetailsName1-inner\"]"}
RESULT: {"using":"xpath","value":"//*[@id=\"application-manageyards-display-component---NewYard--addressDetailDetailsName1-inner\"]"}
COMMAND: POST /session/9a045c4a17e0def218bea7a69d7cd789/element/f.F2CC79D104176C4887E06893325B0B16.d.99349D64624514C1E155C59EF72A8FB9.e.10924/clear - {}
RESULT: {}
COMMAND: POST /session/9a045c4a17e0def218bea7a69d7cd789/element/f.F2CC79D104176C4887E06893325B0B16.d.99349D64624514C1E155C59EF72A8FB9.e.10924/value - {"text":"WebdriverYardgpjn3"}
COMMAND: GET /session/9a045c4a17e0def218bea7a69d7cd789/screenshot - {}
RESULT: {"text":"WebdriverYardgpjn3"}
COMMAND: POST /session/9a045c4a17e0def218bea7a69d7cd789/element - {"using":"xpath","value":"//*[@id=\"application-manageyards-display-component---NewYard--addressDetailDetailsLanguage-inner\"]"}
COMMAND: GET /session/9a045c4a17e0def218bea7a69d7cd789/screenshot - {}
RESULT: {}
RESULT: {"using":"xpath","value":"//*[@id=\"application-manageyards-display-component---NewYard--addressDetailDetailsLanguage-inner\"]"}
COMMAND: POST /session/9a045c4a17e0def218bea7a69d7cd789/element/f.F2CC79D104176C4887E06893325B0B16.d.99349D64624514C1E155C59EF72A8FB9.e.10925/clear - {}
RESULT: {}
RESULT: {}
COMMAND: POST /session/9a045c4a17e0def218bea7a69d7cd789/element/f.F2CC79D104176C4887E06893325B0B16.d.99349D64624514C1E155C59EF72A8FB9.e.10925/value - {"text":"Romanian"}
COMMAND: GET /session/9a045c4a17e0def218bea7a69d7cd789/screenshot - {}
RESULT: {"text":"Romanian"}
COMMAND: POST /session/9a045c4a17e0def218bea7a69d7cd789/element - {"using":"xpath","value":"//input[contains(@id ,\"application-manageyards-display-component---NewYard--addressDetailDetailsName1-inner\")]"}
COMMAND: GET /session/9a045c4a17e0def218bea7a69d7cd789/screenshot - {}
RESULT: {}
RESULT: {"using":"xpath","value":"//input[contains(@id ,\"application-manageyards-display-component---NewYard--addressDetailDetailsName1-inner\")]"}
COMMAND: GET /session/9a045c4a17e0def218bea7a69d7cd789/element/f.F2CC79D104176C4887E06893325B0B16.d.99349D64624514C1E155C59EF72A8FB9.e.10924/property/value - {}
RESULT: {}
RESULT: {}
COMMAND: GET /session/9a045c4a17e0def218bea7a69d7cd789/screenshot - {}
RESULT: {}
COMMAND: POST /session/9a045c4a17e0def218bea7a69d7cd789/element - {"using":"xpath","value":"//*[@id=\"application-manageyards-display-component---NewYard--addressDetailDetailsCity1-inner\"]"}
RESULT: {"using":"xpath","value":"//*[@id=\"application-manageyards-display-component---NewYard--addressDetailDetailsCity1-inner\"]"}
COMMAND: POST /session/9a045c4a17e0def218bea7a69d7cd789/element/f.F2CC79D104176C4887E06893325B0B16.d.99349D64624514C1E155C59EF72A8FB9.e.10927/clear - {}
RESULT: {}
COMMAND: POST /session/9a045c4a17e0def218bea7a69d7cd789/element/f.F2CC79D104176C4887E06893325B0B16.d.99349D64624514C1E155C59EF72A8FB9.e.10927/value - {"text":"Bucuresti"}
COMMAND: GET /session/9a045c4a17e0def218bea7a69d7cd789/screenshot - {}
RESULT: {"text":"Bucuresti"}
COMMAND: GET /session/9a045c4a17e0def218bea7a69d7cd789/screenshot - {}
RESULT: {}
RESULT: {}
COMMAND: POST /session/9a045c4a17e0def218bea7a69d7cd789/element - {"using":"xpath","value":"//*[@id=\"application-manageyards-display-component---NewYard--addressDetailDetailsCountry-inner\"]"}
RESULT: {"using":"xpath","value":"//*[@id=\"application-manageyards-display-component---NewYard--addressDetailDetailsCountry-inner\"]"}
COMMAND: POST /session/9a045c4a17e0def218bea7a69d7cd789/element/f.F2CC79D104176C4887E06893325B0B16.d.99349D64624514C1E155C59EF72A8FB9.e.10931/clear - {}
RESULT: {}
COMMAND: POST /session/9a045c4a17e0def218bea7a69d7cd789/element/f.F2CC79D104176C4887E06893325B0B16.d.99349D64624514C1E155C59EF72A8FB9.e.10931/value - {"text":"Romania"}
COMMAND: GET /session/9a045c4a17e0def218bea7a69d7cd789/screenshot - {}
RESULT: {"text":"Romania"}
COMMAND: GET /session/9a045c4a17e0def218bea7a69d7cd789/screenshot - {}
RESULT: {}
RESULT: {}
COMMAND: POST /session/9a045c4a17e0def218bea7a69d7cd789/element - {"using":"xpath","value":"//div[contains(text(), \"Commercial\")]"}
RESULT: {"using":"xpath","value":"//div[contains(text(), \"Commercial\")]"}
COMMAND: GET /session/9a045c4a17e0def218bea7a69d7cd789/element/f.F2CC79D104176C4887E06893325B0B16.d.99349D64624514C1E155C59EF72A8FB9.e.11121/rect - {}
RESULT: {}
COMMAND: GET /session/9a045c4a17e0def218bea7a69d7cd789/window/rect - {}
RESULT: {}
COMMAND: POST /session/9a045c4a17e0def218bea7a69d7cd789/execute/sync - {"script":"<script> [92 bytes]","args":[]}
RESULT: {"script":"<script> [92 bytes]","args":[]}
COMMAND: POST /session/9a045c4a17e0def218bea7a69d7cd789/actions - {"actions":[{"id":"action65","type":"wheel","parameters":{},"actions":[{"type":"scroll","x":-1841,"y":-44,"deltaX":0,"deltaY":0,"duration":0,"origin":{"element-6066-11e4-a52e-4f735466cecf":"f.F2CC79D104176C4887E06893325B0B16.d.99349D64624514C1E155C59EF72A8FB9.e.11121"}}]}]}
COMMAND: GET /session/9a045c4a17e0def218bea7a69d7cd789/screenshot - {}
RESULT: {}
COMMAND: POST /session/9a045c4a17e0def218bea7a69d7cd789/execute/sync - {"script":"<script> [79 bytes]","args":[{"element-6066-11e4-a52e-4f735466cecf":"f.F2CC79D104176C4887E06893325B0B16.d.99349D64624514C1E155C59EF72A8FB9.e.11121","ELEMENT":"f.F2CC79D104176C4887E06893325B0B16.d.99349D64624514C1E155C59EF72A8FB9.e.11121"},{"block":"start","inline":"nearest"}]}
RESULT: {"script":"<script> [79 bytes]","args":[{"element-6066-11e4-a52e-4f735466cecf":"f.F2CC79D104176C4887E06893325B0B16.d.99349D64624514C1E155C59EF72A8FB9.e.11121","ELEMENT":"f.F2CC79D104176C4887E06893325B0B16.d.99349D64624514C1E155C59EF72A8FB9.e.11121"},{"block":"start","inline":"nearest"}]}
COMMAND: GET /session/9a045c4a17e0def218bea7a69d7cd789/screenshot - {}
RESULT: {}
COMMAND: POST /session/9a045c4a17e0def218bea7a69d7cd789/execute/async - {"script":"<script> [1562 bytes]","args":[{"selector":{"id":"application-manageyards-display-component---NewYard--addressEditDetailsCostObjectCstType-arrow"},"wdio_ui5_key":"applicationmanageyards-display-component---NewYard--addressEditDetailsCostObjectCstType-arrow"}]}
RESULT: {"script":"<script> [1562 bytes]","args":[{"selector":{"id":"application-manageyards-display-component---NewYard--addressEditDetailsCostObjectCstType-arrow"},"wdio_ui5_key":"applicationmanageyards-display-component---NewYard--addressEditDetailsCostObjectCstType-arrow"}]}
RESULT: undefined
COMMAND: POST /session/9a045c4a17e0def218bea7a69d7cd789/element - {"using":"xpath","value":"//*[@id=\"application-manageyards-display-component---NewYard--addressEditDetailsCostObjectCstType-arrow\"]"}
RESULT: {"using":"xpath","value":"//*[@id=\"application-manageyards-display-component---NewYard--addressEditDetailsCostObjectCstType-arrow\"]"}
COMMAND: POST /session/9a045c4a17e0def218bea7a69d7cd789/element/f.F2CC79D104176C4887E06893325B0B16.d.99349D64624514C1E155C59EF72A8FB9.e.11129/click - {}
RESULT: {}
COMMAND: POST /session/9a045c4a17e0def218bea7a69d7cd789/element - {"using":"xpath","value":"//span[contains(text(), \"Cost Center\")]"}
COMMAND: GET /session/9a045c4a17e0def218bea7a69d7cd789/screenshot - {}
RESULT: {"using":"xpath","value":"//span[contains(text(), \"Cost Center\")]"}
COMMAND: POST /session/9a045c4a17e0def218bea7a69d7cd789/element/f.F2CC79D104176C4887E06893325B0B16.d.99349D64624514C1E155C59EF72A8FB9.e.11130/click - {}
RESULT: {}
RESULT: {}
COMMAND: GET /session/9a045c4a17e0def218bea7a69d7cd789/screenshot - {}
RESULT: {}
COMMAND: POST /session/9a045c4a17e0def218bea7a69d7cd789/execute/async - {"script":"<script> [1562 bytes]","args":[{"selector":{"id":"application-manageyards-display-component---NewYard--addressNewCostObjectCstID-vhi"},"wdio_ui5_key":"applicationmanageyards-display-component---NewYard--addressNewCostObjectCstID-vhi"}]}
RESULT: {"script":"<script> [1562 bytes]","args":[{"selector":{"id":"application-manageyards-display-component---NewYard--addressNewCostObjectCstID-vhi"},"wdio_ui5_key":"applicationmanageyards-display-component---NewYard--addressNewCostObjectCstID-vhi"}]}
RESULT: undefined
COMMAND: POST /session/9a045c4a17e0def218bea7a69d7cd789/element - {"using":"xpath","value":"//*[@id=\"application-manageyards-display-component---NewYard--addressNewCostObjectCstID-vhi\"]"}
RESULT: {"using":"xpath","value":"//*[@id=\"application-manageyards-display-component---NewYard--addressNewCostObjectCstID-vhi\"]"}
COMMAND: POST /session/9a045c4a17e0def218bea7a69d7cd789/element/f.F2CC79D104176C4887E06893325B0B16.d.99349D64624514C1E155C59EF72A8FB9.e.11134/click - {}
RESULT: {}
COMMAND: GET /session/9a045c4a17e0def218bea7a69d7cd789/screenshot - {}
RESULT: {}
COMMAND: POST /session/9a045c4a17e0def218bea7a69d7cd789/execute/async - {"script":"<script> [1562 bytes]","args":[{"selector":{"controlType":"sap.m.SearchField","properties":{"placeholder":"Search"},"searchOpenDialogs":true,"interaction":{"idSuffix":"I"}},"wdio_ui5_key":"sapm.SearchField{\"placeholder\":\"Search\"}"}]}
RESULT: {"script":"<script> [1562 bytes]","args":[{"selector":{"controlType":"sap.m.SearchField","properties":{"placeholder":"Search"},"searchOpenDialogs":true,"interaction":{"idSuffix":"I"}},"wdio_ui5_key":"sapm.SearchField{\"placeholder\":\"Search\"}"}]}
RESULT: undefined
COMMAND: POST /session/9a045c4a17e0def218bea7a69d7cd789/execute/async - {"script":"<script> [776 bytes]","args":[{"enterText":"10001013","selector":{"controlType":"sap.m.SearchField","properties":{"placeholder":"Search"},"searchOpenDialogs":true,"interaction":{"idSuffix":"I"}},"clearTextFirst":true,"interactionType":"ENTER_TEXT"}]}
RESULT: {"script":"<script> [776 bytes]","args":[{"enterText":"10001013","selector":{"controlType":"sap.m.SearchField","properties":{"placeholder":"Search"},"searchOpenDialogs":true,"interaction":{"idSuffix":"I"}},"clearTextFirst":true,"interactionType":"ENTER_TEXT"}]}
COMMAND: POST /session/9a045c4a17e0def218bea7a69d7cd789/actions - {"actions":[{"id":"action66","type":"key","parameters":{},"actions":[{"type":"keyDown","value":"î€‡"},{"type":"pause","duration":10},{"type":"keyUp","value":"î€‡"}]}]}
RESULT: {"actions":[{"id":"action66","type":"key","parameters":{},"actions":[{"type":"keyDown","value":"î€‡"},{"type":"pause","duration":10},{"type":"keyUp","value":"î€‡"}]}]}
COMMAND: GET /session/9a045c4a17e0def218bea7a69d7cd789/screenshot - {}
RESULT: {}
COMMAND: POST /session/9a045c4a17e0def218bea7a69d7cd789/element - {"using":"xpath","value":"//span[contains(text(), \"General Management\")]"}
RESULT: {"using":"xpath","value":"//span[contains(text(), \"General Management\")]"}
COMMAND: POST /session/9a045c4a17e0def218bea7a69d7cd789/element/f.F2CC79D104176C4887E06893325B0B16.d.99349D64624514C1E155C59EF72A8FB9.e.11175/click - {}
RESULT: {}
COMMAND: GET /session/9a045c4a17e0def218bea7a69d7cd789/screenshot - {}
RESULT: {}
COMMAND: POST /session/9a045c4a17e0def218bea7a69d7cd789/element - {"using":"xpath","value":"//bdi[contains(text(), \"OK\")]"}
RESULT: {"using":"xpath","value":"//bdi[contains(text(), \"OK\")]"}
COMMAND: POST /session/9a045c4a17e0def218bea7a69d7cd789/element/f.F2CC79D104176C4887E06893325B0B16.d.99349D64624514C1E155C59EF72A8FB9.e.11176/click - {}
RESULT: {}
COMMAND: GET /session/9a045c4a17e0def218bea7a69d7cd789/screenshot - {}
RESULT: {}
COMMAND: POST /session/9a045c4a17e0def218bea7a69d7cd789/execute/async - {"script":"<script> [1562 bytes]","args":[{"selector":{"controlType":"sap.m.Button","viewName":"etm.portal.ui.manageyards.view.New","viewId":"application-manageyards-display-component---NewYard","i18NText":{"propertyName":"text","key":"save"},"interaction":{"idSuffix":"inner"}},"wdio_ui5_key":"etmportal.ui.manageyards.view.Newsap.m.Button{\"propertyName\":\"text\",\"key\":\"save\"}"}]}
RESULT: {"script":"<script> [1562 bytes]","args":[{"selector":{"controlType":"sap.m.Button","viewName":"etm.portal.ui.manageyards.view.New","viewId":"application-manageyards-display-component---NewYard","i18NText":{"propertyName":"text","key":"save"},"interaction":{"idSuffix":"inner"}},"wdio_ui5_key":"etmportal.ui.manageyards.view.Newsap.m.Button{\"propertyName\":\"text\",\"key\":\"save\"}"}]}
RESULT: undefined
COMMAND: POST /session/9a045c4a17e0def218bea7a69d7cd789/element - {"using":"xpath","value":"//*[@id=\"__button29\"]"}
RESULT: {"using":"xpath","value":"//*[@id=\"__button29\"]"}
COMMAND: POST /session/9a045c4a17e0def218bea7a69d7cd789/element/f.F2CC79D104176C4887E06893325B0B16.d.99349D64624514C1E155C59EF72A8FB9.e.11086/click - {}
RESULT: {}
COMMAND: GET /session/9a045c4a17e0def218bea7a69d7cd789/screenshot - {}
RESULT: {}
COMMAND: POST /session/9a045c4a17e0def218bea7a69d7cd789/element - {"using":"xpath","value":"//header/div/div[2]/div[2]/span"}
RESULT: {"using":"xpath","value":"//header/div/div[2]/div[2]/span"}
COMMAND: GET /session/9a045c4a17e0def218bea7a69d7cd789/element/f.F2CC79D104176C4887E06893325B0B16.d.99349D64624514C1E155C59EF72A8FB9.e.11373/text - {}
RESULT: {}
COMMAND: POST /session/9a045c4a17e0def218bea7a69d7cd789/execute/async - {"script":"<script> [1562 bytes]","args":[{"selector":{"controlType":"sap.m.OverflowToolbarButton","viewName":"etm.portal.ui.manageyards.view.Detail","viewId":"application-manageyards-display-component---detailYard","i18NText":{"propertyName":"tooltip","key":"closeColumn"},"interaction":{"idSuffix":"inner"}},"wdio_ui5_key":"etmportal.ui.manageyards.view.Detailsap.m.OverflowToolbarButton{\"propertyName\":\"tooltip\",\"key\":\"closeColumn\"}"}]}
RESULT: {"script":"<script> [1562 bytes]","args":[{"selector":{"controlType":"sap.m.OverflowToolbarButton","viewName":"etm.portal.ui.manageyards.view.Detail","viewId":"application-manageyards-display-component---detailYard","i18NText":{"propertyName":"tooltip","key":"closeColumn"},"interaction":{"idSuffix":"inner"}},"wdio_ui5_key":"etmportal.ui.manageyards.view.Detailsap.m.OverflowToolbarButton{\"propertyName\":\"tooltip\",\"key\":\"closeColumn\"}"}]}
RESULT: undefined
COMMAND: POST /session/9a045c4a17e0def218bea7a69d7cd789/element - {"using":"xpath","value":"//*[@id=\"__button53\"]"}
RESULT: {"using":"xpath","value":"//*[@id=\"__button53\"]"}
COMMAND: POST /session/9a045c4a17e0def218bea7a69d7cd789/element/f.F2CC79D104176C4887E06893325B0B16.d.99349D64624514C1E155C59EF72A8FB9.e.11375/click - {}
RESULT: {}
COMMAND: GET /session/9a045c4a17e0def218bea7a69d7cd789/screenshot - {}
RESULT: {}
COMMAND: POST /session/9a045c4a17e0def218bea7a69d7cd789/element - {"using":"css selector","value":"#shell-header-logo"}
RESULT: {"using":"css selector","value":"#shell-header-logo"}
COMMAND: POST /session/9a045c4a17e0def218bea7a69d7cd789/element/f.F2CC79D104176C4887E06893325B0B16.d.99349D64624514C1E155C59EF72A8FB9.e.10660/click - {}
RESULT: {}
COMMAND: GET /session/9a045c4a17e0def218bea7a69d7cd789/screenshot - {}
RESULT: {}
COMMAND: POST /session/9a045c4a17e0def218bea7a69d7cd789/refresh - {}
RESULT: {}
COMMAND: GET /session/9a045c4a17e0def218bea7a69d7cd789/screenshot - {}
RESULT: {}
COMMAND: POST /session/9a045c4a17e0def218bea7a69d7cd789/execute/async - {"script":"<script> [189 bytes]","args":[]}
RESULT: {"script":"<script> [189 bytes]","args":[]}
COMMAND: POST /session/9a045c4a17e0def218bea7a69d7cd789/execute/async - {"script":"<script> [123 bytes]","args":[]}
RESULT: {"script":"<script> [123 bytes]","args":[]}
COMMAND: POST /session/9a045c4a17e0def218bea7a69d7cd789/timeouts - {"script":"<number>"}
RESULT: {"script":"<number>"}
COMMAND: GET /session/9a045c4a17e0def218bea7a69d7cd789/timeouts - {}
RESULT: {}
RESULT: undefined
COMMAND: POST /session/9a045c4a17e0def218bea7a69d7cd789/execute/async - {"script":"<script> [2676 bytes]","args":[]}
RESULT: {"script":"<script> [2676 bytes]","args":[]}
COMMAND: POST /session/9a045c4a17e0def218bea7a69d7cd789/execute/async - {"script":"<script> [2342 bytes]","args":[{"protocol":"http","hostname":"0.0.0.0","path":"/","capabilities":{"browserName":"chrome","goog:chromeOptions":{"binary":"C:\\Program Files\\Google\\Chrome\\Application\\chrome.exe","args":["--start-maximized"]}},"logLevel":"warn","connectionRetryTimeout":120000,"connectionRetryCount":3,"logLevels":{},"enableDirectConnect":true,"strictSSL":true,"_":"65 more keys: [\"cacheDir\",\"port\",\"requestedCapabilities\",\"automationProtocol\",\"baseUrl\",\"waitforInterval\",\"waitforTimeout\",\"onReload\",\"beforeCommand\",\"afterCommand\",\"rootDir\",\"specs\",\"suites\",\"exclude\",\"groupLogsByTestSpec\",\"excludeDriverLogs\",\"bail\",\"framework\",\"reporters\",\"services\",\"maxInstances\",\"maxInstancesPerCapability\",\"injectGlobals\",\"filesToWatch\",\"execArgv\",\"runnerEnv\",\"runner\",\"shard\",\"specFileRetries\",\"specFileRetriesDelay\",\"specFileRetriesDeferred\",\"reporterSyncInterval\",\"reporterSyncTimeout\",\"cucumberFeaturesWithLineNumbers\",\"autoCompileOpts\",\"mochaOpts\",\"jasmineOpts\",\"cucumberOpts\",\"onPrepare\",\"onWorkerStart\",\"onWorkerEnd\",\"before\",\"beforeSession\",\"beforeSuite\",\"beforeHook\",\"beforeTest\",\"afterTest\",\"afterHook\",\"afterSuite\",\"afterSession\",\"after\",\"onComplete\",\"beforeAssertion\",\"afterAssertion\",\"beforeFeature\",\"beforeScenario\",\"beforeStep\",\"afterStep\",\"afterScenario\",\"afterFeature\",\"_\",\"suite\",\"$0\",\"ignoredWorkerServices\",\"wdi5\"]"}]}
RESULT: {"script":"<script> [2342 bytes]","args":[{"protocol":"http","hostname":"0.0.0.0","path":"/","capabilities":{"browserName":"chrome","goog:chromeOptions":{"binary":"C:\\Program Files\\Google\\Chrome\\Application\\chrome.exe","args":["--start-maximized"]}},"logLevel":"warn","connectionRetryTimeout":120000,"connectionRetryCount":3,"logLevels":{},"enableDirectConnect":true,"strictSSL":true,"_":"65 more keys: [\"cacheDir\",\"port\",\"requestedCapabilities\",\"automationProtocol\",\"baseUrl\",\"waitforInterval\",\"waitforTimeout\",\"onReload\",\"beforeCommand\",\"afterCommand\",\"rootDir\",\"specs\",\"suites\",\"exclude\",\"groupLogsByTestSpec\",\"excludeDriverLogs\",\"bail\",\"framework\",\"reporters\",\"services\",\"maxInstances\",\"maxInstancesPerCapability\",\"injectGlobals\",\"filesToWatch\",\"execArgv\",\"runnerEnv\",\"runner\",\"shard\",\"specFileRetries\",\"specFileRetriesDelay\",\"specFileRetriesDeferred\",\"reporterSyncInterval\",\"reporterSyncTimeout\",\"cucumberFeaturesWithLineNumbers\",\"autoCompileOpts\",\"mochaOpts\",\"jasmineOpts\",\"cucumberOpts\",\"onPrepare\",\"onWorkerStart\",\"onWorkerEnd\",\"before\",\"beforeSession\",\"beforeSuite\",\"beforeHook\",\"beforeTest\",\"afterTest\",\"afterHook\",\"afterSuite\",\"afterSession\",\"after\",\"onComplete\",\"beforeAssertion\",\"afterAssertion\",\"beforeFeature\",\"beforeScenario\",\"beforeStep\",\"afterStep\",\"afterScenario\",\"afterFeature\",\"_\",\"suite\",\"$0\",\"ignoredWorkerServices\",\"wdi5\"]"}]}
COMMAND: POST /session/9a045c4a17e0def218bea7a69d7cd789/execute/async - {"script":"<script> [21126 bytes]","args":[35000]}
RESULT: {"script":"<script> [21126 bytes]","args":[35000]}
COMMAND: POST /session/9a045c4a17e0def218bea7a69d7cd789/execute/async - {"script":"<script> [1562 bytes]","args":[{"selector":{"controlType":"sap.m.GenericTile","properties":{"header":"Manage Partners"}},"wdio_ui5_key":"sapm.GenericTile{\"header\":\"Manage Partners\"}"}]}
RESULT: {"script":"<script> [1562 bytes]","args":[{"selector":{"controlType":"sap.m.GenericTile","properties":{"header":"Manage Partners"}},"wdio_ui5_key":"sapm.GenericTile{\"header\":\"Manage Partners\"}"}]}
RESULT: undefined
COMMAND: POST /session/9a045c4a17e0def218bea7a69d7cd789/element - {"using":"xpath","value":"//*[@id=\"__tile38\"]"}
RESULT: {"using":"xpath","value":"//*[@id=\"__tile38\"]"}
COMMAND: POST /session/9a045c4a17e0def218bea7a69d7cd789/element/f.F2CC79D104176C4887E06893325B0B16.d.9F301748BB399635B697EE12D069D68F.e.11728/click - {}
RESULT: {}
COMMAND: GET /session/9a045c4a17e0def218bea7a69d7cd789/screenshot - {}
RESULT: {}
COMMAND: POST /session/9a045c4a17e0def218bea7a69d7cd789/execute/async - {"script":"<script> [1562 bytes]","args":[{"selector":{"controlType":"sap.ui.core.Icon","viewName":"etm.portal.ui.managepartners.view.Master","viewId":"application-managepartners-display-component---masterPtm","properties":{"src":{"regex":{"source":"add"}}}},"wdio_ui5_key":"etmportal.ui.managepartners.view.Mastersap.ui.core.Icon{\"src\":{\"regex\":{\"source\":\"add\"}}}"}]}
RESULT: {"script":"<script> [1562 bytes]","args":[{"selector":{"controlType":"sap.ui.core.Icon","viewName":"etm.portal.ui.managepartners.view.Master","viewId":"application-managepartners-display-component---masterPtm","properties":{"src":{"regex":{"source":"add"}}}},"wdio_ui5_key":"etmportal.ui.managepartners.view.Mastersap.ui.core.Icon{\"src\":{\"regex\":{\"source\":\"add\"}}}"}]}
RESULT: undefined
COMMAND: POST /session/9a045c4a17e0def218bea7a69d7cd789/element - {"using":"xpath","value":"//*[@id=\"__button4-img\"]"}
RESULT: {"using":"xpath","value":"//*[@id=\"__button4-img\"]"}
COMMAND: POST /session/9a045c4a17e0def218bea7a69d7cd789/element/f.F2CC79D104176C4887E06893325B0B16.d.9F301748BB399635B697EE12D069D68F.e.11779/click - {}
RESULT: {}
COMMAND: GET /session/9a045c4a17e0def218bea7a69d7cd789/screenshot - {}
RESULT: {}
COMMAND: POST /session/9a045c4a17e0def218bea7a69d7cd789/execute/async - {"script":"<script> [1562 bytes]","args":[{"selector":{"id":"application-managepartners-display-component---NewPartner--partnerId","interaction":{"idSuffix":"inner"}},"wdio_ui5_key":"applicationmanagepartners-display-component---NewPartner--partnerId"}]}
RESULT: {"script":"<script> [1562 bytes]","args":[{"selector":{"id":"application-managepartners-display-component---NewPartner--partnerId","interaction":{"idSuffix":"inner"}},"wdio_ui5_key":"applicationmanagepartners-display-component---NewPartner--partnerId"}]}
RESULT: undefined
COMMAND: POST /session/9a045c4a17e0def218bea7a69d7cd789/execute/async - {"script":"<script> [1562 bytes]","args":[{"selector":{"id":"application-managepartners-display-component---NewPartner--addressDetailDetailsName1","interaction":{"idSuffix":"inner"}},"wdio_ui5_key":"applicationmanagepartners-display-component---NewPartner--addressDetailDetailsName1"}]}
RESULT: {"script":"<script> [1562 bytes]","args":[{"selector":{"id":"application-managepartners-display-component---NewPartner--addressDetailDetailsName1","interaction":{"idSuffix":"inner"}},"wdio_ui5_key":"applicationmanagepartners-display-component---NewPartner--addressDetailDetailsName1"}]}
RESULT: undefined
COMMAND: POST /session/9a045c4a17e0def218bea7a69d7cd789/execute/async - {"script":"<script> [776 bytes]","args":[{"enterText":"WebdriverPartner88daeg","selector":{"id":"application-managepartners-display-component---NewPartner--addressDetailDetailsName1","interaction":{"idSuffix":"inner"}},"clearTextFirst":true,"interactionType":"ENTER_TEXT"}]}
RESULT: {"script":"<script> [776 bytes]","args":[{"enterText":"WebdriverPartner88daeg","selector":{"id":"application-managepartners-display-component---NewPartner--addressDetailDetailsName1","interaction":{"idSuffix":"inner"}},"clearTextFirst":true,"interactionType":"ENTER_TEXT"}]}
COMMAND: POST /session/9a045c4a17e0def218bea7a69d7cd789/execute/async - {"script":"<script> [1562 bytes]","args":[{"selector":{"id":"application-managepartners-display-component---NewPartner--addressDetailDetailsLanguage","interaction":{"idSuffix":"inner"}},"wdio_ui5_key":"applicationmanagepartners-display-component---NewPartner--addressDetailDetailsLanguage"}]}
RESULT: {"script":"<script> [1562 bytes]","args":[{"selector":{"id":"application-managepartners-display-component---NewPartner--addressDetailDetailsLanguage","interaction":{"idSuffix":"inner"}},"wdio_ui5_key":"applicationmanagepartners-display-component---NewPartner--addressDetailDetailsLanguage"}]}
RESULT: undefined
COMMAND: POST /session/9a045c4a17e0def218bea7a69d7cd789/execute/async - {"script":"<script> [776 bytes]","args":[{"enterText":"Romanian","selector":{"id":"application-managepartners-display-component---NewPartner--addressDetailDetailsLanguage","interaction":{"idSuffix":"inner"}},"clearTextFirst":true,"interactionType":"ENTER_TEXT"}]}
RESULT: {"script":"<script> [776 bytes]","args":[{"enterText":"Romanian","selector":{"id":"application-managepartners-display-component---NewPartner--addressDetailDetailsLanguage","interaction":{"idSuffix":"inner"}},"clearTextFirst":true,"interactionType":"ENTER_TEXT"}]}
COMMAND: POST /session/9a045c4a17e0def218bea7a69d7cd789/element - {"using":"xpath","value":"//input[contains(@id ,\"application-managepartners-display-component---NewPartner--addressDetailDetailsName1-inner\")]"}
RESULT: {"using":"xpath","value":"//input[contains(@id ,\"application-managepartners-display-component---NewPartner--addressDetailDetailsName1-inner\")]"}
COMMAND: GET /session/9a045c4a17e0def218bea7a69d7cd789/element/f.F2CC79D104176C4887E06893325B0B16.d.9F301748BB399635B697EE12D069D68F.e.11952/property/value - {}
RESULT: {}
COMMAND: POST /session/9a045c4a17e0def218bea7a69d7cd789/execute/async - {"script":"<script> [1562 bytes]","args":[{"selector":{"id":"application-managepartners-display-component---NewPartner--addressDetailDetailsCity1","interaction":{"idSuffix":"inner"}},"wdio_ui5_key":"applicationmanagepartners-display-component---NewPartner--addressDetailDetailsCity1"}]}
COMMAND: GET /session/9a045c4a17e0def218bea7a69d7cd789/screenshot - {}
RESULT: {"script":"<script> [1562 bytes]","args":[{"selector":{"id":"application-managepartners-display-component---NewPartner--addressDetailDetailsCity1","interaction":{"idSuffix":"inner"}},"wdio_ui5_key":"applicationmanagepartners-display-component---NewPartner--addressDetailDetailsCity1"}]}
RESULT: undefined
COMMAND: POST /session/9a045c4a17e0def218bea7a69d7cd789/execute/async - {"script":"<script> [776 bytes]","args":[{"enterText":"Bucharest","selector":{"id":"application-managepartners-display-component---NewPartner--addressDetailDetailsCity1","interaction":{"idSuffix":"inner"}},"clearTextFirst":true,"interactionType":"ENTER_TEXT"}]}
RESULT: {}
RESULT: {"script":"<script> [776 bytes]","args":[{"enterText":"Bucharest","selector":{"id":"application-managepartners-display-component---NewPartner--addressDetailDetailsCity1","interaction":{"idSuffix":"inner"}},"clearTextFirst":true,"interactionType":"ENTER_TEXT"}]}
COMMAND: POST /session/9a045c4a17e0def218bea7a69d7cd789/execute/async - {"script":"<script> [1562 bytes]","args":[{"selector":{"id":"application-managepartners-display-component---NewPartner--addressDetailDetailsCountry","interaction":{"idSuffix":"inner"}},"wdio_ui5_key":"applicationmanagepartners-display-component---NewPartner--addressDetailDetailsCountry"}]}
RESULT: {"script":"<script> [1562 bytes]","args":[{"selector":{"id":"application-managepartners-display-component---NewPartner--addressDetailDetailsCountry","interaction":{"idSuffix":"inner"}},"wdio_ui5_key":"applicationmanagepartners-display-component---NewPartner--addressDetailDetailsCountry"}]}
RESULT: undefined
COMMAND: POST /session/9a045c4a17e0def218bea7a69d7cd789/execute/async - {"script":"<script> [6424 bytes]","args":[{"element-6066-11e4-a52e-4f735466cecf":"f.F2CC79D104176C4887E06893325B0B16.d.9F301748BB399635B697EE12D069D68F.e.11959"},"setValue",["Romania"]]}
RESULT: {"script":"<script> [6424 bytes]","args":[{"element-6066-11e4-a52e-4f735466cecf":"f.F2CC79D104176C4887E06893325B0B16.d.9F301748BB399635B697EE12D069D68F.e.11959"},"setValue",["Romania"]]}
COMMAND: POST /session/9a045c4a17e0def218bea7a69d7cd789/execute/async - {"script":"<script> [1562 bytes]","args":[{"selector":{"id":"application-managepartners-display-component---NewPartner--partnerDetailInternal","interaction":{"idSuffix":"inner"}},"wdio_ui5_key":"applicationmanagepartners-display-component---NewPartner--partnerDetailInternal"}]}
RESULT: {"script":"<script> [1562 bytes]","args":[{"selector":{"id":"application-managepartners-display-component---NewPartner--partnerDetailInternal","interaction":{"idSuffix":"inner"}},"wdio_ui5_key":"applicationmanagepartners-display-component---NewPartner--partnerDetailInternal"}]}
RESULT: undefined
COMMAND: POST /session/9a045c4a17e0def218bea7a69d7cd789/execute/async - {"script":"<script> [776 bytes]","args":[{"enterText":"External partner","selector":{"id":"application-managepartners-display-component---NewPartner--partnerDetailInternal","interaction":{"idSuffix":"inner"}},"clearTextFirst":true,"interactionType":"ENTER_TEXT"}]}
RESULT: {"script":"<script> [776 bytes]","args":[{"enterText":"External partner","selector":{"id":"application-managepartners-display-component---NewPartner--partnerDetailInternal","interaction":{"idSuffix":"inner"}},"clearTextFirst":true,"interactionType":"ENTER_TEXT"}]}
COMMAND: POST /session/9a045c4a17e0def218bea7a69d7cd789/execute/async - {"script":"<script> [1562 bytes]","args":[{"selector":{"id":"application-managepartners-display-component---NewPartner--partnerDetailsCurrency","interaction":{"idSuffix":"inner"}},"wdio_ui5_key":"applicationmanagepartners-display-component---NewPartner--partnerDetailsCurrency"}]}
RESULT: {"script":"<script> [1562 bytes]","args":[{"selector":{"id":"application-managepartners-display-component---NewPartner--partnerDetailsCurrency","interaction":{"idSuffix":"inner"}},"wdio_ui5_key":"applicationmanagepartners-display-component---NewPartner--partnerDetailsCurrency"}]}
RESULT: undefined
COMMAND: POST /session/9a045c4a17e0def218bea7a69d7cd789/execute/async - {"script":"<script> [776 bytes]","args":[{"enterText":"Euro","selector":{"id":"application-managepartners-display-component---NewPartner--partnerDetailsCurrency","interaction":{"idSuffix":"inner"}},"clearTextFirst":true,"interactionType":"ENTER_TEXT"}]}
RESULT: {"script":"<script> [776 bytes]","args":[{"enterText":"Euro","selector":{"id":"application-managepartners-display-component---NewPartner--partnerDetailsCurrency","interaction":{"idSuffix":"inner"}},"clearTextFirst":true,"interactionType":"ENTER_TEXT"}]}
COMMAND: POST /session/9a045c4a17e0def218bea7a69d7cd789/execute/async - {"script":"<script> [1562 bytes]","args":[{"selector":{"controlType":"sap.m.Button","viewName":"etm.portal.ui.managepartners.view.NewPartner","viewId":"application-managepartners-display-component---NewPartner","properties":{"text":"Commercial"},"interaction":{"idSuffix":"BDI-content"}},"wdio_ui5_key":"etmportal.ui.managepartners.view.NewPartnersap.m.Button{\"text\":\"Commercial\"}"}]}
RESULT: {"script":"<script> [1562 bytes]","args":[{"selector":{"controlType":"sap.m.Button","viewName":"etm.portal.ui.managepartners.view.NewPartner","viewId":"application-managepartners-display-component---NewPartner","properties":{"text":"Commercial"},"interaction":{"idSuffix":"BDI-content"}},"wdio_ui5_key":"etmportal.ui.managepartners.view.NewPartnersap.m.Button{\"text\":\"Commercial\"}"}]}
RESULT: undefined
COMMAND: POST /session/9a045c4a17e0def218bea7a69d7cd789/element - {"using":"xpath","value":"//*[@id=\"application-managepartners-display-component---NewPartner--ObjectPageLayout-anchBar-__section5-anchor\"]"}
RESULT: {"using":"xpath","value":"//*[@id=\"application-managepartners-display-component---NewPartner--ObjectPageLayout-anchBar-__section5-anchor\"]"}
COMMAND: POST /session/9a045c4a17e0def218bea7a69d7cd789/element/f.F2CC79D104176C4887E06893325B0B16.d.9F301748BB399635B697EE12D069D68F.e.12210/click - {}
RESULT: {}
COMMAND: GET /session/9a045c4a17e0def218bea7a69d7cd789/screenshot - {}
RESULT: {}
COMMAND: POST /session/9a045c4a17e0def218bea7a69d7cd789/execute/async - {"script":"<script> [1562 bytes]","args":[{"selector":{"id":"application-managepartners-display-component---NewPartner--btnAddTableRow-img"},"wdio_ui5_key":"applicationmanagepartners-display-component---NewPartner--btnAddTableRow-img"}]}
RESULT: {"script":"<script> [1562 bytes]","args":[{"selector":{"id":"application-managepartners-display-component---NewPartner--btnAddTableRow-img"},"wdio_ui5_key":"applicationmanagepartners-display-component---NewPartner--btnAddTableRow-img"}]}
RESULT: undefined
COMMAND: POST /session/9a045c4a17e0def218bea7a69d7cd789/element - {"using":"xpath","value":"//*[@id=\"application-managepartners-display-component---NewPartner--btnAddTableRow-img\"]"}
RESULT: {"using":"xpath","value":"//*[@id=\"application-managepartners-display-component---NewPartner--btnAddTableRow-img\"]"}
COMMAND: POST /session/9a045c4a17e0def218bea7a69d7cd789/element/f.F2CC79D104176C4887E06893325B0B16.d.9F301748BB399635B697EE12D069D68F.e.12216/click - {}
RESULT: {}
COMMAND: POST /session/9a045c4a17e0def218bea7a69d7cd789/element - {"using":"xpath","value":"//input[contains(@id ,\"application-managepartners-display-component---NewPartner--assignmentYard-application-managepartners-display-component---NewPartner\")]"}
COMMAND: GET /session/9a045c4a17e0def218bea7a69d7cd789/screenshot - {}
RESULT: {}
RESULT: {"using":"xpath","value":"//input[contains(@id ,\"application-managepartners-display-component---NewPartner--assignmentYard-application-managepartners-display-component---NewPartner\")]"}
COMMAND: POST /session/9a045c4a17e0def218bea7a69d7cd789/element/f.F2CC79D104176C4887E06893325B0B16.d.9F301748BB399635B697EE12D069D68F.e.12220/clear - {}
RESULT: {}
COMMAND: POST /session/9a045c4a17e0def218bea7a69d7cd789/element/f.F2CC79D104176C4887E06893325B0B16.d.9F301748BB399635B697EE12D069D68F.e.12220/value - {"text":"491"}
COMMAND: GET /session/9a045c4a17e0def218bea7a69d7cd789/screenshot - {}
RESULT: {"text":"491"}
COMMAND: GET /session/9a045c4a17e0def218bea7a69d7cd789/screenshot - {}
RESULT: {}
RESULT: {}
COMMAND: POST /session/9a045c4a17e0def218bea7a69d7cd789/execute/async - {"script":"<script> [1562 bytes]","args":[{"selector":{"controlType":"sap.m.Button","viewName":"etm.portal.ui.managepartners.view.NewPartner","viewId":"application-managepartners-display-component---NewPartner","i18NText":{"propertyName":"text","key":"save"},"interaction":{"idSuffix":"BDI-content"}},"wdio_ui5_key":"etmportal.ui.managepartners.view.NewPartnersap.m.Button{\"propertyName\":\"text\",\"key\":\"save\"}"}]}
RESULT: {"script":"<script> [1562 bytes]","args":[{"selector":{"controlType":"sap.m.Button","viewName":"etm.portal.ui.managepartners.view.NewPartner","viewId":"application-managepartners-display-component---NewPartner","i18NText":{"propertyName":"text","key":"save"},"interaction":{"idSuffix":"BDI-content"}},"wdio_ui5_key":"etmportal.ui.managepartners.view.NewPartnersap.m.Button{\"propertyName\":\"text\",\"key\":\"save\"}"}]}
RESULT: undefined
COMMAND: POST /session/9a045c4a17e0def218bea7a69d7cd789/element - {"using":"xpath","value":"//*[@id=\"__button12\"]"}
RESULT: {"using":"xpath","value":"//*[@id=\"__button12\"]"}
COMMAND: POST /session/9a045c4a17e0def218bea7a69d7cd789/element/f.F2CC79D104176C4887E06893325B0B16.d.9F301748BB399635B697EE12D069D68F.e.12150/click - {}
RESULT: {}
COMMAND: GET /session/9a045c4a17e0def218bea7a69d7cd789/screenshot - {}
RESULT: {}
COMMAND: POST /session/9a045c4a17e0def218bea7a69d7cd789/element - {"using":"xpath","value":"//header/div/div[2]/div[2]/span"}
RESULT: {"using":"xpath","value":"//header/div/div[2]/div[2]/span"}
COMMAND: GET /session/9a045c4a17e0def218bea7a69d7cd789/element/f.F2CC79D104176C4887E06893325B0B16.d.9F301748BB399635B697EE12D069D68F.e.12393/text - {}
RESULT: {}
COMMAND: POST /session/9a045c4a17e0def218bea7a69d7cd789/element - {"using":"xpath","value":"//header/div/div/div/div/div/div[2]/div/span"}
RESULT: {"using":"xpath","value":"//header/div/div/div/div/div/div[2]/div/span"}
COMMAND: GET /session/9a045c4a17e0def218bea7a69d7cd789/element/f.F2CC79D104176C4887E06893325B0B16.d.9F301748BB399635B697EE12D069D68F.e.12394/text - {}
RESULT: {}
COMMAND: POST /session/9a045c4a17e0def218bea7a69d7cd789/execute/async - {"script":"<script> [1562 bytes]","args":[{"selector":{"id":"application-managepartners-display-component---detailPtm--partnerType"},"wdio_ui5_key":"applicationmanagepartners-display-component---detailPtm--partnerType"}]}
RESULT: {"script":"<script> [1562 bytes]","args":[{"selector":{"id":"application-managepartners-display-component---detailPtm--partnerType"},"wdio_ui5_key":"applicationmanagepartners-display-component---detailPtm--partnerType"}]}
RESULT: undefined
COMMAND: POST /session/9a045c4a17e0def218bea7a69d7cd789/execute/async - {"script":"<script> [6424 bytes]","args":[{"element-6066-11e4-a52e-4f735466cecf":"f.F2CC79D104176C4887E06893325B0B16.d.9F301748BB399635B697EE12D069D68F.e.12395"},"getText",[]]}
RESULT: {"script":"<script> [6424 bytes]","args":[{"element-6066-11e4-a52e-4f735466cecf":"f.F2CC79D104176C4887E06893325B0B16.d.9F301748BB399635B697EE12D069D68F.e.12395"},"getText",[]]}
COMMAND: POST /session/9a045c4a17e0def218bea7a69d7cd789/element - {"using":"css selector","value":"#shell-header-logo"}
RESULT: {"using":"css selector","value":"#shell-header-logo"}
COMMAND: POST /session/9a045c4a17e0def218bea7a69d7cd789/element/f.F2CC79D104176C4887E06893325B0B16.d.9F301748BB399635B697EE12D069D68F.e.11729/click - {}
RESULT: {}
COMMAND: GET /session/9a045c4a17e0def218bea7a69d7cd789/screenshot - {}
RESULT: {}
COMMAND: POST /session/9a045c4a17e0def218bea7a69d7cd789/execute/async - {"script":"<script> [1562 bytes]","args":[{"selector":{"controlType":"sap.m.GenericTile","properties":{"header":"Manage Sites"}},"wdio_ui5_key":"sapm.GenericTile{\"header\":\"Manage Sites\"}"}]}
RESULT: {"script":"<script> [1562 bytes]","args":[{"selector":{"controlType":"sap.m.GenericTile","properties":{"header":"Manage Sites"}},"wdio_ui5_key":"sapm.GenericTile{\"header\":\"Manage Sites\"}"}]}
RESULT: undefined
COMMAND: POST /session/9a045c4a17e0def218bea7a69d7cd789/element - {"using":"xpath","value":"//*[@id=\"__tile40\"]"}
RESULT: {"using":"xpath","value":"//*[@id=\"__tile40\"]"}
COMMAND: POST /session/9a045c4a17e0def218bea7a69d7cd789/element/f.F2CC79D104176C4887E06893325B0B16.d.9F301748BB399635B697EE12D069D68F.e.12397/click - {}
RESULT: {}
COMMAND: GET /session/9a045c4a17e0def218bea7a69d7cd789/screenshot - {}
RESULT: {}
COMMAND: POST /session/9a045c4a17e0def218bea7a69d7cd789/execute/async - {"script":"<script> [1562 bytes]","args":[{"selector":{"controlType":"sap.ui.core.Icon","viewName":"etm.portal.ui.managesites.view.Master","viewId":"application-managesites-display-component---masterSite","properties":{"src":{"regex":{"source":"add"}}}},"wdio_ui5_key":"etmportal.ui.managesites.view.Mastersap.ui.core.Icon{\"src\":{\"regex\":{\"source\":\"add\"}}}"}]}
RESULT: {"script":"<script> [1562 bytes]","args":[{"selector":{"controlType":"sap.ui.core.Icon","viewName":"etm.portal.ui.managesites.view.Master","viewId":"application-managesites-display-component---masterSite","properties":{"src":{"regex":{"source":"add"}}}},"wdio_ui5_key":"etmportal.ui.managesites.view.Mastersap.ui.core.Icon{\"src\":{\"regex\":{\"source\":\"add\"}}}"}]}
RESULT: undefined
COMMAND: POST /session/9a045c4a17e0def218bea7a69d7cd789/element - {"using":"xpath","value":"//*[@id=\"__button52-img\"]"}
RESULT: {"using":"xpath","value":"//*[@id=\"__button52-img\"]"}
COMMAND: POST /session/9a045c4a17e0def218bea7a69d7cd789/element/f.F2CC79D104176C4887E06893325B0B16.d.9F301748BB399635B697EE12D069D68F.e.12446/click - {}
RESULT: {}
COMMAND: POST /session/9a045c4a17e0def218bea7a69d7cd789/execute/async - {"script":"<script> [1562 bytes]","args":[{"selector":{"id":"application-managesites-display-component---NewSite--siteId","interaction":{"idSuffix":"inner"}},"wdio_ui5_key":"applicationmanagesites-display-component---NewSite--siteId"}]}
COMMAND: GET /session/9a045c4a17e0def218bea7a69d7cd789/screenshot - {}
RESULT: {"script":"<script> [1562 bytes]","args":[{"selector":{"id":"application-managesites-display-component---NewSite--siteId","interaction":{"idSuffix":"inner"}},"wdio_ui5_key":"applicationmanagesites-display-component---NewSite--siteId"}]}
RESULT: undefined
COMMAND: POST /session/9a045c4a17e0def218bea7a69d7cd789/execute/async - {"script":"<script> [1562 bytes]","args":[{"selector":{"id":"application-managesites-display-component---NewSite--addressDetailDetailsName1","interaction":{"idSuffix":"inner"}},"wdio_ui5_key":"applicationmanagesites-display-component---NewSite--addressDetailDetailsName1"}]}
RESULT: {}
RESULT: {"script":"<script> [1562 bytes]","args":[{"selector":{"id":"application-managesites-display-component---NewSite--addressDetailDetailsName1","interaction":{"idSuffix":"inner"}},"wdio_ui5_key":"applicationmanagesites-display-component---NewSite--addressDetailDetailsName1"}]}
RESULT: undefined
COMMAND: POST /session/9a045c4a17e0def218bea7a69d7cd789/execute/async - {"script":"<script> [776 bytes]","args":[{"enterText":"WebdriverSite98egph","selector":{"id":"application-managesites-display-component---NewSite--addressDetailDetailsName1","interaction":{"idSuffix":"inner"}},"clearTextFirst":true,"interactionType":"ENTER_TEXT"}]}
RESULT: {"script":"<script> [776 bytes]","args":[{"enterText":"WebdriverSite98egph","selector":{"id":"application-managesites-display-component---NewSite--addressDetailDetailsName1","interaction":{"idSuffix":"inner"}},"clearTextFirst":true,"interactionType":"ENTER_TEXT"}]}
COMMAND: POST /session/9a045c4a17e0def218bea7a69d7cd789/execute/async - {"script":"<script> [1562 bytes]","args":[{"selector":{"id":"application-managesites-display-component---NewSite--addressDetailDetailsLanguage","interaction":{"idSuffix":"inner"}},"wdio_ui5_key":"applicationmanagesites-display-component---NewSite--addressDetailDetailsLanguage"}]}
RESULT: {"script":"<script> [1562 bytes]","args":[{"selector":{"id":"application-managesites-display-component---NewSite--addressDetailDetailsLanguage","interaction":{"idSuffix":"inner"}},"wdio_ui5_key":"applicationmanagesites-display-component---NewSite--addressDetailDetailsLanguage"}]}
RESULT: undefined
COMMAND: POST /session/9a045c4a17e0def218bea7a69d7cd789/execute/async - {"script":"<script> [776 bytes]","args":[{"enterText":"Romanian","selector":{"id":"application-managesites-display-component---NewSite--addressDetailDetailsLanguage","interaction":{"idSuffix":"inner"}},"clearTextFirst":true,"interactionType":"ENTER_TEXT"}]}
RESULT: {"script":"<script> [776 bytes]","args":[{"enterText":"Romanian","selector":{"id":"application-managesites-display-component---NewSite--addressDetailDetailsLanguage","interaction":{"idSuffix":"inner"}},"clearTextFirst":true,"interactionType":"ENTER_TEXT"}]}
COMMAND: POST /session/9a045c4a17e0def218bea7a69d7cd789/execute/async - {"script":"<script> [1562 bytes]","args":[{"selector":{"id":"application-managesites-display-component---NewSite--addressDetailDetailsCity1","interaction":{"idSuffix":"inner"}},"wdio_ui5_key":"applicationmanagesites-display-component---NewSite--addressDetailDetailsCity1"}]}
RESULT: {"script":"<script> [1562 bytes]","args":[{"selector":{"id":"application-managesites-display-component---NewSite--addressDetailDetailsCity1","interaction":{"idSuffix":"inner"}},"wdio_ui5_key":"applicationmanagesites-display-component---NewSite--addressDetailDetailsCity1"}]}
RESULT: undefined
COMMAND: POST /session/9a045c4a17e0def218bea7a69d7cd789/execute/async - {"script":"<script> [776 bytes]","args":[{"enterText":"Bucharest","selector":{"id":"application-managesites-display-component---NewSite--addressDetailDetailsCity1","interaction":{"idSuffix":"inner"}},"clearTextFirst":true,"interactionType":"ENTER_TEXT"}]}
RESULT: {"script":"<script> [776 bytes]","args":[{"enterText":"Bucharest","selector":{"id":"application-managesites-display-component---NewSite--addressDetailDetailsCity1","interaction":{"idSuffix":"inner"}},"clearTextFirst":true,"interactionType":"ENTER_TEXT"}]}
COMMAND: POST /session/9a045c4a17e0def218bea7a69d7cd789/execute/async - {"script":"<script> [1562 bytes]","args":[{"selector":{"id":"application-managesites-display-component---NewSite--addressDetailDetailsCountry","interaction":{"idSuffix":"inner"}},"wdio_ui5_key":"applicationmanagesites-display-component---NewSite--addressDetailDetailsCountry"}]}
RESULT: {"script":"<script> [1562 bytes]","args":[{"selector":{"id":"application-managesites-display-component---NewSite--addressDetailDetailsCountry","interaction":{"idSuffix":"inner"}},"wdio_ui5_key":"applicationmanagesites-display-component---NewSite--addressDetailDetailsCountry"}]}
RESULT: undefined
COMMAND: POST /session/9a045c4a17e0def218bea7a69d7cd789/execute/async - {"script":"<script> [776 bytes]","args":[{"enterText":"Romania","selector":{"id":"application-managesites-display-component---NewSite--addressDetailDetailsCountry","interaction":{"idSuffix":"inner"}},"clearTextFirst":true,"interactionType":"ENTER_TEXT"}]}
RESULT: {"script":"<script> [776 bytes]","args":[{"enterText":"Romania","selector":{"id":"application-managesites-display-component---NewSite--addressDetailDetailsCountry","interaction":{"idSuffix":"inner"}},"clearTextFirst":true,"interactionType":"ENTER_TEXT"}]}
COMMAND: POST /session/9a045c4a17e0def218bea7a69d7cd789/element - {"using":"css selector","value":"#application-managesites-display-component---NewSite--addressDetailDetailsCalendar-inner"}
RESULT: {"using":"css selector","value":"#application-managesites-display-component---NewSite--addressDetailDetailsCalendar-inner"}
COMMAND: POST /session/9a045c4a17e0def218bea7a69d7cd789/element/f.F2CC79D104176C4887E06893325B0B16.d.9F301748BB399635B697EE12D069D68F.e.12635/clear - {}
RESULT: {}
COMMAND: POST /session/9a045c4a17e0def218bea7a69d7cd789/element/f.F2CC79D104176C4887E06893325B0B16.d.9F301748BB399635B697EE12D069D68F.e.12635/value - {"text":"Germany"}
COMMAND: GET /session/9a045c4a17e0def218bea7a69d7cd789/screenshot - {}
RESULT: {"text":"Germany"}
COMMAND: POST /session/9a045c4a17e0def218bea7a69d7cd789/execute/async - {"script":"<script> [1562 bytes]","args":[{"selector":{"id":"application-managesites-display-component---NewSite--addressEditDetailsCostObjectCstType-arrow"},"wdio_ui5_key":"applicationmanagesites-display-component---NewSite--addressEditDetailsCostObjectCstType-arrow"}]}
COMMAND: GET /session/9a045c4a17e0def218bea7a69d7cd789/screenshot - {}
RESULT: {}
RESULT: {"script":"<script> [1562 bytes]","args":[{"selector":{"id":"application-managesites-display-component---NewSite--addressEditDetailsCostObjectCstType-arrow"},"wdio_ui5_key":"applicationmanagesites-display-component---NewSite--addressEditDetailsCostObjectCstType-arrow"}]}
RESULT: undefined
COMMAND: POST /session/9a045c4a17e0def218bea7a69d7cd789/element - {"using":"xpath","value":"//*[@id=\"application-managesites-display-component---NewSite--addressEditDetailsCostObjectCstType-arrow\"]"}
RESULT: {}
RESULT: {"using":"xpath","value":"//*[@id=\"application-managesites-display-component---NewSite--addressEditDetailsCostObjectCstType-arrow\"]"}
COMMAND: POST /session/9a045c4a17e0def218bea7a69d7cd789/element/f.F2CC79D104176C4887E06893325B0B16.d.9F301748BB399635B697EE12D069D68F.e.12828/click - {}
RESULT: {}
COMMAND: POST /session/9a045c4a17e0def218bea7a69d7cd789/element - {"using":"xpath","value":"//span[contains(text(), \"Work Breakdown Structure\")]"}
COMMAND: GET /session/9a045c4a17e0def218bea7a69d7cd789/screenshot - {}
RESULT: {"using":"xpath","value":"//span[contains(text(), \"Work Breakdown Structure\")]"}
COMMAND: POST /session/9a045c4a17e0def218bea7a69d7cd789/element/f.F2CC79D104176C4887E06893325B0B16.d.9F301748BB399635B697EE12D069D68F.e.12829/click - {}
RESULT: {}
RESULT: {}
COMMAND: GET /session/9a045c4a17e0def218bea7a69d7cd789/screenshot - {}
RESULT: {}
COMMAND: POST /session/9a045c4a17e0def218bea7a69d7cd789/execute/async - {"script":"<script> [1562 bytes]","args":[{"selector":{"id":"application-managesites-display-component---NewSite--addressNewCostObjectCstID-vhi"},"wdio_ui5_key":"applicationmanagesites-display-component---NewSite--addressNewCostObjectCstID-vhi"}]}
RESULT: {"script":"<script> [1562 bytes]","args":[{"selector":{"id":"application-managesites-display-component---NewSite--addressNewCostObjectCstID-vhi"},"wdio_ui5_key":"applicationmanagesites-display-component---NewSite--addressNewCostObjectCstID-vhi"}]}
RESULT: undefined
COMMAND: POST /session/9a045c4a17e0def218bea7a69d7cd789/element - {"using":"xpath","value":"//*[@id=\"application-managesites-display-component---NewSite--addressNewCostObjectCstID-vhi\"]"}
RESULT: {"using":"xpath","value":"//*[@id=\"application-managesites-display-component---NewSite--addressNewCostObjectCstID-vhi\"]"}
COMMAND: POST /session/9a045c4a17e0def218bea7a69d7cd789/element/f.F2CC79D104176C4887E06893325B0B16.d.9F301748BB399635B697EE12D069D68F.e.12834/click - {}
RESULT: {}
COMMAND: GET /session/9a045c4a17e0def218bea7a69d7cd789/screenshot - {}
RESULT: {}
COMMAND: POST /session/9a045c4a17e0def218bea7a69d7cd789/execute/async - {"script":"<script> [1562 bytes]","args":[{"selector":{"controlType":"sap.m.SearchField","properties":{"placeholder":"Search"},"searchOpenDialogs":true,"interaction":{"idSuffix":"I"}},"wdio_ui5_key":"sapm.SearchField{\"placeholder\":\"Search\"}"}]}
RESULT: {"script":"<script> [1562 bytes]","args":[{"selector":{"controlType":"sap.m.SearchField","properties":{"placeholder":"Search"},"searchOpenDialogs":true,"interaction":{"idSuffix":"I"}},"wdio_ui5_key":"sapm.SearchField{\"placeholder\":\"Search\"}"}]}
RESULT: undefined
COMMAND: POST /session/9a045c4a17e0def218bea7a69d7cd789/execute/async - {"script":"<script> [776 bytes]","args":[{"enterText":"A1-000100-01","selector":{"controlType":"sap.m.SearchField","properties":{"placeholder":"Search"},"searchOpenDialogs":true,"interaction":{"idSuffix":"I"}},"clearTextFirst":true,"interactionType":"ENTER_TEXT"}]}
RESULT: {"script":"<script> [776 bytes]","args":[{"enterText":"A1-000100-01","selector":{"controlType":"sap.m.SearchField","properties":{"placeholder":"Search"},"searchOpenDialogs":true,"interaction":{"idSuffix":"I"}},"clearTextFirst":true,"interactionType":"ENTER_TEXT"}]}
COMMAND: POST /session/9a045c4a17e0def218bea7a69d7cd789/actions - {"actions":[{"id":"action67","type":"key","parameters":{},"actions":[{"type":"keyDown","value":"î€‡"},{"type":"pause","duration":10},{"type":"keyUp","value":"î€‡"}]}]}
RESULT: {"actions":[{"id":"action67","type":"key","parameters":{},"actions":[{"type":"keyDown","value":"î€‡"},{"type":"pause","duration":10},{"type":"keyUp","value":"î€‡"}]}]}
COMMAND: GET /session/9a045c4a17e0def218bea7a69d7cd789/screenshot - {}
RESULT: {}
COMMAND: POST /session/9a045c4a17e0def218bea7a69d7cd789/element - {"using":"xpath","value":"//span[contains(text(), \"Template for ETO-Process\")]"}
RESULT: {"using":"xpath","value":"//span[contains(text(), \"Template for ETO-Process\")]"}
COMMAND: POST /session/9a045c4a17e0def218bea7a69d7cd789/element/f.F2CC79D104176C4887E06893325B0B16.d.9F301748BB399635B697EE12D069D68F.e.12854/click - {}
RESULT: {}
COMMAND: GET /session/9a045c4a17e0def218bea7a69d7cd789/screenshot - {}
RESULT: {}
COMMAND: POST /session/9a045c4a17e0def218bea7a69d7cd789/element - {"using":"xpath","value":"//bdi[contains(text(), \"OK\")]"}
RESULT: {"using":"xpath","value":"//bdi[contains(text(), \"OK\")]"}
COMMAND: POST /session/9a045c4a17e0def218bea7a69d7cd789/element/f.F2CC79D104176C4887E06893325B0B16.d.9F301748BB399635B697EE12D069D68F.e.12855/click - {}
RESULT: {}
COMMAND: GET /session/9a045c4a17e0def218bea7a69d7cd789/screenshot - {}
RESULT: {}
COMMAND: POST /session/9a045c4a17e0def218bea7a69d7cd789/element - {"using":"xpath","value":"//input[@id=\"application-managesites-display-component---NewSite--addressDetailDetailsYard-inner\"]"}
RESULT: {"using":"xpath","value":"//input[@id=\"application-managesites-display-component---NewSite--addressDetailDetailsYard-inner\"]"}
COMMAND: POST /session/9a045c4a17e0def218bea7a69d7cd789/element/f.F2CC79D104176C4887E06893325B0B16.d.9F301748BB399635B697EE12D069D68F.e.12636/value - {"text":"491"}
RESULT: {"text":"491"}
COMMAND: GET /session/9a045c4a17e0def218bea7a69d7cd789/screenshot - {}
RESULT: {}
COMMAND: POST /session/9a045c4a17e0def218bea7a69d7cd789/actions - {"actions":[{"id":"action68","type":"key","parameters":{},"actions":[{"type":"keyDown","value":"î€‡"},{"type":"pause","duration":10},{"type":"keyUp","value":"î€‡"}]}]}
RESULT: {"actions":[{"id":"action68","type":"key","parameters":{},"actions":[{"type":"keyDown","value":"î€‡"},{"type":"pause","duration":10},{"type":"keyUp","value":"î€‡"}]}]}
COMMAND: GET /session/9a045c4a17e0def218bea7a69d7cd789/screenshot - {}
RESULT: {}
COMMAND: POST /session/9a045c4a17e0def218bea7a69d7cd789/element - {"using":"xpath","value":"//input[@id=\"application-managesites-display-component---NewSite--addressDetailDetailsPartner-inner\"]"}
RESULT: {"using":"xpath","value":"//input[@id=\"application-managesites-display-component---NewSite--addressDetailDetailsPartner-inner\"]"}
COMMAND: POST /session/9a045c4a17e0def218bea7a69d7cd789/elements - {"using":"xpath","value":"//input[@id=\"application-managesites-display-component---NewSite--addressDetailDetailsPartner-inner\"]"}
RESULT: {"using":"xpath","value":"//input[@id=\"application-managesites-display-component---NewSite--addressDetailDetailsPartner-inner\"]"}
COMMAND: POST /session/9a045c4a17e0def218bea7a69d7cd789/execute/async - {"script":"<script> [1562 bytes]","args":[{"selector":{"controlType":"sap.m.Button","viewName":"etm.portal.ui.managesites.view.NewSmartSite","viewId":"application-managesites-display-component---NewSite","properties":{"text":"Commercial"},"interaction":{"idSuffix":"BDI-content"}},"wdio_ui5_key":"etmportal.ui.managesites.view.NewSmartSitesap.m.Button{\"text\":\"Commercial\"}"}]}
RESULT: {"script":"<script> [1562 bytes]","args":[{"selector":{"controlType":"sap.m.Button","viewName":"etm.portal.ui.managesites.view.NewSmartSite","viewId":"application-managesites-display-component---NewSite","properties":{"text":"Commercial"},"interaction":{"idSuffix":"BDI-content"}},"wdio_ui5_key":"etmportal.ui.managesites.view.NewSmartSitesap.m.Button{\"text\":\"Commercial\"}"}]}
RESULT: undefined
COMMAND: POST /session/9a045c4a17e0def218bea7a69d7cd789/element - {"using":"xpath","value":"//*[@id=\"application-managesites-display-component---NewSite--ObjectPageLayout-anchBar-__section31-anchor\"]"}
RESULT: {"using":"xpath","value":"//*[@id=\"application-managesites-display-component---NewSite--ObjectPageLayout-anchBar-__section31-anchor\"]"}
COMMAND: POST /session/9a045c4a17e0def218bea7a69d7cd789/element/f.F2CC79D104176C4887E06893325B0B16.d.9F301748BB399635B697EE12D069D68F.e.12862/click - {}
RESULT: {}
COMMAND: POST /session/9a045c4a17e0def218bea7a69d7cd789/execute/async - {"script":"<script> [1562 bytes]","args":[{"selector":{"controlType":"sap.m.Button","viewName":"etm.portal.ui.managesites.view.NewSmartSite","viewId":"application-managesites-display-component---NewSite","i18NText":{"propertyName":"text","key":"save"},"interaction":{"idSuffix":"BDI-content"}},"wdio_ui5_key":"etmportal.ui.managesites.view.NewSmartSitesap.m.Button{\"propertyName\":\"text\",\"key\":\"save\"}"}]}
COMMAND: GET /session/9a045c4a17e0def218bea7a69d7cd789/screenshot - {}
RESULT: {"script":"<script> [1562 bytes]","args":[{"selector":{"controlType":"sap.m.Button","viewName":"etm.portal.ui.managesites.view.NewSmartSite","viewId":"application-managesites-display-component---NewSite","i18NText":{"propertyName":"text","key":"save"},"interaction":{"idSuffix":"BDI-content"}},"wdio_ui5_key":"etmportal.ui.managesites.view.NewSmartSitesap.m.Button{\"propertyName\":\"text\",\"key\":\"save\"}"}]}
RESULT: undefined
COMMAND: POST /session/9a045c4a17e0def218bea7a69d7cd789/element - {"using":"xpath","value":"//*[@id=\"__button64\"]"}
RESULT: {}
RESULT: {"using":"xpath","value":"//*[@id=\"__button64\"]"}
COMMAND: POST /session/9a045c4a17e0def218bea7a69d7cd789/element/f.F2CC79D104176C4887E06893325B0B16.d.9F301748BB399635B697EE12D069D68F.e.12803/click - {}
RESULT: {}
COMMAND: GET /session/9a045c4a17e0def218bea7a69d7cd789/screenshot - {}
RESULT: {}
COMMAND: POST /session/9a045c4a17e0def218bea7a69d7cd789/execute/async - {"script":"<script> [1562 bytes]","args":[{"selector":{"id":"application-managesites-display-component---detailSite--addressDetailDetailsYardText"},"wdio_ui5_key":"applicationmanagesites-display-component---detailSite--addressDetailDetailsYardText"}]}
RESULT: {"script":"<script> [1562 bytes]","args":[{"selector":{"id":"application-managesites-display-component---detailSite--addressDetailDetailsYardText"},"wdio_ui5_key":"applicationmanagesites-display-component---detailSite--addressDetailDetailsYardText"}]}
RESULT: undefined
COMMAND: POST /session/9a045c4a17e0def218bea7a69d7cd789/element - {"using":"xpath","value":"//header/div/div[2]/div[2]/span"}
RESULT: {"using":"xpath","value":"//header/div/div[2]/div[2]/span"}
COMMAND: GET /session/9a045c4a17e0def218bea7a69d7cd789/element/f.F2CC79D104176C4887E06893325B0B16.d.9F301748BB399635B697EE12D069D68F.e.13065/text - {}
RESULT: {}
COMMAND: POST /session/9a045c4a17e0def218bea7a69d7cd789/element - {"using":"xpath","value":"//header/div/div/div/div/div/div[2]/div/span"}
RESULT: {"using":"xpath","value":"//header/div/div/div/div/div/div[2]/div/span"}
COMMAND: GET /session/9a045c4a17e0def218bea7a69d7cd789/element/f.F2CC79D104176C4887E06893325B0B16.d.9F301748BB399635B697EE12D069D68F.e.13066/text - {}
RESULT: {}
COMMAND: POST /session/9a045c4a17e0def218bea7a69d7cd789/element - {"using":"css selector","value":"#shell-header-logo"}
RESULT: {"using":"css selector","value":"#shell-header-logo"}
COMMAND: POST /session/9a045c4a17e0def218bea7a69d7cd789/element/f.F2CC79D104176C4887E06893325B0B16.d.9F301748BB399635B697EE12D069D68F.e.12400/click - {}
RESULT: {}
COMMAND: GET /session/9a045c4a17e0def218bea7a69d7cd789/screenshot - {}
RESULT: {}
]]></system-out>
    </testcase>
    <testcase classname="chrome.135_0_7049_96.windows.E2E_-_Logistical_and_commercial_statuses" name="It should stock increase the resource" time="193.432">
      <system-out><![CDATA[
COMMAND: POST /session/9a045c4a17e0def218bea7a69d7cd789/execute/async - {"script":"<script> [1562 bytes]","args":[{"selector":{"controlType":"sap.m.GenericTile","properties":{"header":"Manage Resources"}},"wdio_ui5_key":"sapm.GenericTile{\"header\":\"Manage Resources\"}"}]}
RESULT: {"script":"<script> [1562 bytes]","args":[{"selector":{"controlType":"sap.m.GenericTile","properties":{"header":"Manage Resources"}},"wdio_ui5_key":"sapm.GenericTile{\"header\":\"Manage Resources\"}"}]}
RESULT: undefined
COMMAND: POST /session/9a045c4a17e0def218bea7a69d7cd789/element - {"using":"xpath","value":"//*[@id=\"__tile39\"]"}
RESULT: {"using":"xpath","value":"//*[@id=\"__tile39\"]"}
COMMAND: POST /session/9a045c4a17e0def218bea7a69d7cd789/element/f.F2CC79D104176C4887E06893325B0B16.d.9F301748BB399635B697EE12D069D68F.e.13068/click - {}
RESULT: {}
COMMAND: GET /session/9a045c4a17e0def218bea7a69d7cd789/screenshot - {}
RESULT: {}
COMMAND: POST /session/9a045c4a17e0def218bea7a69d7cd789/element - {"using":"xpath","value":"//button[@data-kt=\"addNewRUOverflowToolbarButton\"]"}
RESULT: {"using":"xpath","value":"//button[@data-kt=\"addNewRUOverflowToolbarButton\"]"}
COMMAND: POST /session/9a045c4a17e0def218bea7a69d7cd789/execute/sync - {"script":"<script> [8489 bytes]","args":[{"element-6066-11e4-a52e-4f735466cecf":"f.F2CC79D104176C4887E06893325B0B16.d.9F301748BB399635B697EE12D069D68F.e.13108","ELEMENT":"f.F2CC79D104176C4887E06893325B0B16.d.9F301748BB399635B697EE12D069D68F.e.13108"}]}
RESULT: {"script":"<script> [8489 bytes]","args":[{"element-6066-11e4-a52e-4f735466cecf":"f.F2CC79D104176C4887E06893325B0B16.d.9F301748BB399635B697EE12D069D68F.e.13108","ELEMENT":"f.F2CC79D104176C4887E06893325B0B16.d.9F301748BB399635B697EE12D069D68F.e.13108"}]}
COMMAND: POST /session/9a045c4a17e0def218bea7a69d7cd789/element/f.F2CC79D104176C4887E06893325B0B16.d.9F301748BB399635B697EE12D069D68F.e.13108/click - {}
COMMAND: GET /session/9a045c4a17e0def218bea7a69d7cd789/screenshot - {}
RESULT: {}
COMMAND: POST /session/9a045c4a17e0def218bea7a69d7cd789/execute/async - {"script":"<script> [1562 bytes]","args":[{"selector":{"id":"application-manageresources-display-component---newResourceUnit--TYPE-arrow"},"wdio_ui5_key":"applicationmanageresources-display-component---newResourceUnit--TYPE-arrow"}]}
COMMAND: GET /session/9a045c4a17e0def218bea7a69d7cd789/screenshot - {}
RESULT: {}
RESULT: {"script":"<script> [1562 bytes]","args":[{"selector":{"id":"application-manageresources-display-component---newResourceUnit--TYPE-arrow"},"wdio_ui5_key":"applicationmanageresources-display-component---newResourceUnit--TYPE-arrow"}]}
RESULT: undefined
COMMAND: POST /session/9a045c4a17e0def218bea7a69d7cd789/element - {"using":"xpath","value":"//*[@id=\"application-manageresources-display-component---newResourceUnit--TYPE-arrow\"]"}
RESULT: {}
RESULT: {"using":"xpath","value":"//*[@id=\"application-manageresources-display-component---newResourceUnit--TYPE-arrow\"]"}
COMMAND: POST /session/9a045c4a17e0def218bea7a69d7cd789/element/f.F2CC79D104176C4887E06893325B0B16.d.9F301748BB399635B697EE12D069D68F.e.13432/click - {}
RESULT: {}
COMMAND: POST /session/9a045c4a17e0def218bea7a69d7cd789/execute/async - {"script":"<script> [1562 bytes]","args":[{"selector":{"controlType":"sap.m.StandardListItem","viewName":"reusables.view.manageresources.NewResourceUnit","viewId":"application-manageresources-display-component---newResourceUnit","properties":{"title":"Material"},"searchOpenDialogs":true,"interaction":{"idSuffix":"titleText"}},"wdio_ui5_key":"reusablesview.manageresources.NewResourceUnitsap.m.StandardListItem{\"title\":\"Material\"}"}]}
COMMAND: GET /session/9a045c4a17e0def218bea7a69d7cd789/screenshot - {}
RESULT: {"script":"<script> [1562 bytes]","args":[{"selector":{"controlType":"sap.m.StandardListItem","viewName":"reusables.view.manageresources.NewResourceUnit","viewId":"application-manageresources-display-component---newResourceUnit","properties":{"title":"Material"},"searchOpenDialogs":true,"interaction":{"idSuffix":"titleText"}},"wdio_ui5_key":"reusablesview.manageresources.NewResourceUnitsap.m.StandardListItem{\"title\":\"Material\"}"}]}
RESULT: undefined
COMMAND: POST /session/9a045c4a17e0def218bea7a69d7cd789/element - {"using":"xpath","value":"//*[@id=\"__item1091\"]"}
RESULT: {}
RESULT: {"using":"xpath","value":"//*[@id=\"__item1091\"]"}
COMMAND: POST /session/9a045c4a17e0def218bea7a69d7cd789/element/f.F2CC79D104176C4887E06893325B0B16.d.9F301748BB399635B697EE12D069D68F.e.13435/click - {}
RESULT: {}
COMMAND: POST /session/9a045c4a17e0def218bea7a69d7cd789/execute/async - {"script":"<script> [1562 bytes]","args":[{"selector":{"id":"application-manageresources-display-component---newResourceUnit--SHORT_TEXT","interaction":{"idSuffix":"inner"}},"wdio_ui5_key":"applicationmanageresources-display-component---newResourceUnit--SHORT_TEXT"}]}
COMMAND: GET /session/9a045c4a17e0def218bea7a69d7cd789/screenshot - {}
RESULT: {"script":"<script> [1562 bytes]","args":[{"selector":{"id":"application-manageresources-display-component---newResourceUnit--SHORT_TEXT","interaction":{"idSuffix":"inner"}},"wdio_ui5_key":"applicationmanageresources-display-component---newResourceUnit--SHORT_TEXT"}]}
RESULT: undefined
COMMAND: POST /session/9a045c4a17e0def218bea7a69d7cd789/execute/async - {"script":"<script> [776 bytes]","args":[{"enterText":"WebdriverRUR2Crhmfb","selector":{"id":"application-manageresources-display-component---newResourceUnit--SHORT_TEXT","interaction":{"idSuffix":"inner"}},"clearTextFirst":true,"interactionType":"ENTER_TEXT"}]}
RESULT: {}
RESULT: {"script":"<script> [776 bytes]","args":[{"enterText":"WebdriverRUR2Crhmfb","selector":{"id":"application-manageresources-display-component---newResourceUnit--SHORT_TEXT","interaction":{"idSuffix":"inner"}},"clearTextFirst":true,"interactionType":"ENTER_TEXT"}]}
COMMAND: POST /session/9a045c4a17e0def218bea7a69d7cd789/execute/async - {"script":"<script> [1562 bytes]","args":[{"selector":{"id":"application-manageresources-display-component---newResourceUnit--BASE_UNIT_OF_MEASURE-arrow"},"wdio_ui5_key":"applicationmanageresources-display-component---newResourceUnit--BASE_UNIT_OF_MEASURE-arrow"}]}
RESULT: {"script":"<script> [1562 bytes]","args":[{"selector":{"id":"application-manageresources-display-component---newResourceUnit--BASE_UNIT_OF_MEASURE-arrow"},"wdio_ui5_key":"applicationmanageresources-display-component---newResourceUnit--BASE_UNIT_OF_MEASURE-arrow"}]}
RESULT: undefined
COMMAND: POST /session/9a045c4a17e0def218bea7a69d7cd789/element - {"using":"xpath","value":"//*[@id=\"application-manageresources-display-component---newResourceUnit--BASE_UNIT_OF_MEASURE-arrow\"]"}
RESULT: {"using":"xpath","value":"//*[@id=\"application-manageresources-display-component---newResourceUnit--BASE_UNIT_OF_MEASURE-arrow\"]"}
COMMAND: POST /session/9a045c4a17e0def218bea7a69d7cd789/element/f.F2CC79D104176C4887E06893325B0B16.d.9F301748BB399635B697EE12D069D68F.e.13492/click - {}
RESULT: {}
COMMAND: POST /session/9a045c4a17e0def218bea7a69d7cd789/execute/async - {"script":"<script> [1562 bytes]","args":[{"selector":{"controlType":"sap.m.StandardListItem","viewName":"reusables.view.manageresources.NewResourceUnit","viewId":"application-manageresources-display-component---newResourceUnit","properties":{"title":"Piece"},"searchOpenDialogs":true,"interaction":{"idSuffix":"titleText"}},"wdio_ui5_key":"reusablesview.manageresources.NewResourceUnitsap.m.StandardListItem{\"title\":\"Piece\"}"}]}
COMMAND: GET /session/9a045c4a17e0def218bea7a69d7cd789/screenshot - {}
RESULT: {"script":"<script> [1562 bytes]","args":[{"selector":{"controlType":"sap.m.StandardListItem","viewName":"reusables.view.manageresources.NewResourceUnit","viewId":"application-manageresources-display-component---newResourceUnit","properties":{"title":"Piece"},"searchOpenDialogs":true,"interaction":{"idSuffix":"titleText"}},"wdio_ui5_key":"reusablesview.manageresources.NewResourceUnitsap.m.StandardListItem{\"title\":\"Piece\"}"}]}
RESULT: undefined
COMMAND: POST /session/9a045c4a17e0def218bea7a69d7cd789/element - {"using":"xpath","value":"//*[@id=\"__item1135\"]"}
RESULT: {}
RESULT: {"using":"xpath","value":"//*[@id=\"__item1135\"]"}
COMMAND: POST /session/9a045c4a17e0def218bea7a69d7cd789/element/f.F2CC79D104176C4887E06893325B0B16.d.9F301748BB399635B697EE12D069D68F.e.13494/click - {}
RESULT: {}
COMMAND: POST /session/9a045c4a17e0def218bea7a69d7cd789/element - {"using":"xpath","value":"//input[contains(@id ,\"application-manageresources-display-component---newResourceUnit--SHORT_TEXT-inner\")]"}
COMMAND: GET /session/9a045c4a17e0def218bea7a69d7cd789/screenshot - {}
RESULT: {"using":"xpath","value":"//input[contains(@id ,\"application-manageresources-display-component---newResourceUnit--SHORT_TEXT-inner\")]"}
COMMAND: GET /session/9a045c4a17e0def218bea7a69d7cd789/element/f.F2CC79D104176C4887E06893325B0B16.d.9F301748BB399635B697EE12D069D68F.e.13453/property/value - {}
RESULT: {}
RESULT: {}
COMMAND: POST /session/9a045c4a17e0def218bea7a69d7cd789/execute/async - {"script":"<script> [1562 bytes]","args":[{"selector":{"id":"application-manageresources-display-component---newResourceUnit--WEIGHT_UNIT-arrow"},"wdio_ui5_key":"applicationmanageresources-display-component---newResourceUnit--WEIGHT_UNIT-arrow"}]}
COMMAND: GET /session/9a045c4a17e0def218bea7a69d7cd789/screenshot - {}
RESULT: {"script":"<script> [1562 bytes]","args":[{"selector":{"id":"application-manageresources-display-component---newResourceUnit--WEIGHT_UNIT-arrow"},"wdio_ui5_key":"applicationmanageresources-display-component---newResourceUnit--WEIGHT_UNIT-arrow"}]}
RESULT: undefined
COMMAND: POST /session/9a045c4a17e0def218bea7a69d7cd789/element - {"using":"xpath","value":"//*[@id=\"application-manageresources-display-component---newResourceUnit--WEIGHT_UNIT-arrow\"]"}
RESULT: {}
RESULT: {"using":"xpath","value":"//*[@id=\"application-manageresources-display-component---newResourceUnit--WEIGHT_UNIT-arrow\"]"}
COMMAND: POST /session/9a045c4a17e0def218bea7a69d7cd789/element/f.F2CC79D104176C4887E06893325B0B16.d.9F301748BB399635B697EE12D069D68F.e.13495/click - {}
RESULT: {}
COMMAND: POST /session/9a045c4a17e0def218bea7a69d7cd789/execute/async - {"script":"<script> [1562 bytes]","args":[{"selector":{"controlType":"sap.m.StandardListItem","viewName":"reusables.view.manageresources.NewResourceUnit","viewId":"application-manageresources-display-component---newResourceUnit","properties":{"title":"Gram"},"searchOpenDialogs":true,"interaction":{"idSuffix":"content"}},"wdio_ui5_key":"reusablesview.manageresources.NewResourceUnitsap.m.StandardListItem{\"title\":\"Gram\"}"}]}
COMMAND: GET /session/9a045c4a17e0def218bea7a69d7cd789/screenshot - {}
RESULT: {"script":"<script> [1562 bytes]","args":[{"selector":{"controlType":"sap.m.StandardListItem","viewName":"reusables.view.manageresources.NewResourceUnit","viewId":"application-manageresources-display-component---newResourceUnit","properties":{"title":"Gram"},"searchOpenDialogs":true,"interaction":{"idSuffix":"content"}},"wdio_ui5_key":"reusablesview.manageresources.NewResourceUnitsap.m.StandardListItem{\"title\":\"Gram\"}"}]}
RESULT: undefined
COMMAND: POST /session/9a045c4a17e0def218bea7a69d7cd789/element - {"using":"xpath","value":"//*[@id=\"__item1200\"]"}
RESULT: {}
RESULT: {"using":"xpath","value":"//*[@id=\"__item1200\"]"}
COMMAND: POST /session/9a045c4a17e0def218bea7a69d7cd789/element/f.F2CC79D104176C4887E06893325B0B16.d.9F301748BB399635B697EE12D069D68F.e.13497/click - {}
RESULT: {}
COMMAND: POST /session/9a045c4a17e0def218bea7a69d7cd789/execute/async - {"script":"<script> [1562 bytes]","args":[{"selector":{"id":"application-manageresources-display-component---newResourceUnit--newRRUPage-OPHeaderContent-collapseBtn-img"},"wdio_ui5_key":"applicationmanageresources-display-component---newResourceUnit--newRRUPage-OPHeaderContent-collapseBtn-img"}]}
COMMAND: GET /session/9a045c4a17e0def218bea7a69d7cd789/screenshot - {}
RESULT: {"script":"<script> [1562 bytes]","args":[{"selector":{"id":"application-manageresources-display-component---newResourceUnit--newRRUPage-OPHeaderContent-collapseBtn-img"},"wdio_ui5_key":"applicationmanageresources-display-component---newResourceUnit--newRRUPage-OPHeaderContent-collapseBtn-img"}]}
RESULT: undefined
COMMAND: POST /session/9a045c4a17e0def218bea7a69d7cd789/element - {"using":"xpath","value":"//*[@id=\"application-manageresources-display-component---newResourceUnit--newRRUPage-OPHeaderContent-collapseBtn-img\"]"}
RESULT: {}
RESULT: {"using":"xpath","value":"//*[@id=\"application-manageresources-display-component---newResourceUnit--newRRUPage-OPHeaderContent-collapseBtn-img\"]"}
COMMAND: POST /session/9a045c4a17e0def218bea7a69d7cd789/element/f.F2CC79D104176C4887E06893325B0B16.d.9F301748BB399635B697EE12D069D68F.e.13443/click - {}
RESULT: {}
COMMAND: GET /session/9a045c4a17e0def218bea7a69d7cd789/screenshot - {}
RESULT: {}
COMMAND: POST /session/9a045c4a17e0def218bea7a69d7cd789/element - {"using":"xpath","value":"(//span[contains(@id ,\"application-manageresources-display-component---newResourceUnit--DIMENSION_UNIT-arrow\")])[1]"}
RESULT: {"using":"xpath","value":"(//span[contains(@id ,\"application-manageresources-display-component---newResourceUnit--DIMENSION_UNIT-arrow\")])[1]"}
COMMAND: POST /session/9a045c4a17e0def218bea7a69d7cd789/element/f.F2CC79D104176C4887E06893325B0B16.d.9F301748BB399635B697EE12D069D68F.e.13503/click - {}
RESULT: {}
COMMAND: GET /session/9a045c4a17e0def218bea7a69d7cd789/screenshot - {}
RESULT: {}
COMMAND: POST /session/9a045c4a17e0def218bea7a69d7cd789/execute/async - {"script":"<script> [1562 bytes]","args":[{"selector":{"controlType":"sap.m.StandardListItem","viewName":"reusables.view.manageresources.NewResourceUnit","viewId":"application-manageresources-display-component---newResourceUnit","properties":{"title":"Centimeter"},"searchOpenDialogs":true,"interaction":{"idSuffix":"titleText"}},"wdio_ui5_key":"reusablesview.manageresources.NewResourceUnitsap.m.StandardListItem{\"title\":\"Centimeter\"}"}]}
RESULT: {"script":"<script> [1562 bytes]","args":[{"selector":{"controlType":"sap.m.StandardListItem","viewName":"reusables.view.manageresources.NewResourceUnit","viewId":"application-manageresources-display-component---newResourceUnit","properties":{"title":"Centimeter"},"searchOpenDialogs":true,"interaction":{"idSuffix":"titleText"}},"wdio_ui5_key":"reusablesview.manageresources.NewResourceUnitsap.m.StandardListItem{\"title\":\"Centimeter\"}"}]}
RESULT: undefined
COMMAND: POST /session/9a045c4a17e0def218bea7a69d7cd789/element - {"using":"xpath","value":"//*[@id=\"__item1203\"]"}
RESULT: {"using":"xpath","value":"//*[@id=\"__item1203\"]"}
COMMAND: POST /session/9a045c4a17e0def218bea7a69d7cd789/element/f.F2CC79D104176C4887E06893325B0B16.d.9F301748BB399635B697EE12D069D68F.e.13505/click - {}
RESULT: {}
COMMAND: POST /session/9a045c4a17e0def218bea7a69d7cd789/execute/async - {"script":"<script> [1562 bytes]","args":[{"selector":{"id":"application-manageresources-display-component---newResourceUnit--newRRUPage-anchBar-application-manageresources-display-component---newResourceUnit--reference-anchor","interaction":{"idSuffix":"BDI-content"}},"wdio_ui5_key":"applicationmanageresources-display-component---newResourceUnit--newRRUPage-anchBar-application-manageresources-display-component---newResourceUnit--reference-anchor"}]}
COMMAND: GET /session/9a045c4a17e0def218bea7a69d7cd789/screenshot - {}
RESULT: {"script":"<script> [1562 bytes]","args":[{"selector":{"id":"application-manageresources-display-component---newResourceUnit--newRRUPage-anchBar-application-manageresources-display-component---newResourceUnit--reference-anchor","interaction":{"idSuffix":"BDI-content"}},"wdio_ui5_key":"applicationmanageresources-display-component---newResourceUnit--newRRUPage-anchBar-application-manageresources-display-component---newResourceUnit--reference-anchor"}]}
RESULT: undefined
COMMAND: POST /session/9a045c4a17e0def218bea7a69d7cd789/element - {"using":"xpath","value":"//*[@id=\"application-manageresources-display-component---newResourceUnit--newRRUPage-anchBar-application-manageresources-display-component---newResourceUnit--reference-anchor\"]"}
RESULT: {}
RESULT: {"using":"xpath","value":"//*[@id=\"application-manageresources-display-component---newResourceUnit--newRRUPage-anchBar-application-manageresources-display-component---newResourceUnit--reference-anchor\"]"}
COMMAND: POST /session/9a045c4a17e0def218bea7a69d7cd789/element/f.F2CC79D104176C4887E06893325B0B16.d.9F301748BB399635B697EE12D069D68F.e.13507/click - {}
RESULT: {}
COMMAND: POST /session/9a045c4a17e0def218bea7a69d7cd789/execute/async - {"script":"<script> [1562 bytes]","args":[{"selector":{"id":"application-manageresources-display-component---newResourceUnit--PLANNING_GROUP-arrow"},"wdio_ui5_key":"applicationmanageresources-display-component---newResourceUnit--PLANNING_GROUP-arrow"}]}
COMMAND: GET /session/9a045c4a17e0def218bea7a69d7cd789/screenshot - {}
RESULT: {"script":"<script> [1562 bytes]","args":[{"selector":{"id":"application-manageresources-display-component---newResourceUnit--PLANNING_GROUP-arrow"},"wdio_ui5_key":"applicationmanageresources-display-component---newResourceUnit--PLANNING_GROUP-arrow"}]}
RESULT: undefined
COMMAND: POST /session/9a045c4a17e0def218bea7a69d7cd789/element - {"using":"xpath","value":"//*[@id=\"application-manageresources-display-component---newResourceUnit--PLANNING_GROUP-arrow\"]"}
RESULT: {}
RESULT: {"using":"xpath","value":"//*[@id=\"application-manageresources-display-component---newResourceUnit--PLANNING_GROUP-arrow\"]"}
COMMAND: POST /session/9a045c4a17e0def218bea7a69d7cd789/element/f.F2CC79D104176C4887E06893325B0B16.d.9F301748BB399635B697EE12D069D68F.e.13511/click - {}
RESULT: {}
COMMAND: POST /session/9a045c4a17e0def218bea7a69d7cd789/execute/async - {"script":"<script> [1562 bytes]","args":[{"selector":{"controlType":"sap.m.StandardListItem","viewName":"reusables.view.manageresources.NewResourceUnit","viewId":"application-manageresources-display-component---newResourceUnit","properties":{"title":"Heavy Equi"},"searchOpenDialogs":true,"interaction":{"idSuffix":"content"}},"wdio_ui5_key":"reusablesview.manageresources.NewResourceUnitsap.m.StandardListItem{\"title\":\"Heavy Equi\"}"}]}
COMMAND: GET /session/9a045c4a17e0def218bea7a69d7cd789/screenshot - {}
RESULT: {"script":"<script> [1562 bytes]","args":[{"selector":{"controlType":"sap.m.StandardListItem","viewName":"reusables.view.manageresources.NewResourceUnit","viewId":"application-manageresources-display-component---newResourceUnit","properties":{"title":"Heavy Equi"},"searchOpenDialogs":true,"interaction":{"idSuffix":"content"}},"wdio_ui5_key":"reusablesview.manageresources.NewResourceUnitsap.m.StandardListItem{\"title\":\"Heavy Equi\"}"}]}
RESULT: undefined
COMMAND: POST /session/9a045c4a17e0def218bea7a69d7cd789/element - {"using":"xpath","value":"//*[@id=\"__item1211\"]"}
RESULT: {}
RESULT: {"using":"xpath","value":"//*[@id=\"__item1211\"]"}
COMMAND: POST /session/9a045c4a17e0def218bea7a69d7cd789/element/f.F2CC79D104176C4887E06893325B0B16.d.9F301748BB399635B697EE12D069D68F.e.13513/click - {}
RESULT: {}
COMMAND: GET /session/9a045c4a17e0def218bea7a69d7cd789/screenshot - {}
RESULT: {}
COMMAND: POST /session/9a045c4a17e0def218bea7a69d7cd789/execute/async - {"script":"<script> [1562 bytes]","args":[{"selector":{"id":"application-manageresources-display-component---newResourceUnit--PLANNING_INDICATOR-arrow"},"wdio_ui5_key":"applicationmanageresources-display-component---newResourceUnit--PLANNING_INDICATOR-arrow"}]}
RESULT: {"script":"<script> [1562 bytes]","args":[{"selector":{"id":"application-manageresources-display-component---newResourceUnit--PLANNING_INDICATOR-arrow"},"wdio_ui5_key":"applicationmanageresources-display-component---newResourceUnit--PLANNING_INDICATOR-arrow"}]}
RESULT: undefined
COMMAND: POST /session/9a045c4a17e0def218bea7a69d7cd789/element - {"using":"xpath","value":"//*[@id=\"application-manageresources-display-component---newResourceUnit--PLANNING_INDICATOR-arrow\"]"}
RESULT: {"using":"xpath","value":"//*[@id=\"application-manageresources-display-component---newResourceUnit--PLANNING_INDICATOR-arrow\"]"}
COMMAND: POST /session/9a045c4a17e0def218bea7a69d7cd789/element/f.F2CC79D104176C4887E06893325B0B16.d.9F301748BB399635B697EE12D069D68F.e.13514/click - {}
RESULT: {}
COMMAND: POST /session/9a045c4a17e0def218bea7a69d7cd789/execute/async - {"script":"<script> [1562 bytes]","args":[{"selector":{"controlType":"sap.m.StandardListItem","viewName":"reusables.view.manageresources.NewResourceUnit","viewId":"application-manageresources-display-component---newResourceUnit","properties":{"title":"10 - infinite"},"searchOpenDialogs":true,"interaction":{"idSuffix":"content"}},"wdio_ui5_key":"reusablesview.manageresources.NewResourceUnitsap.m.StandardListItem{\"title\":\"10 - infinite\"}"}]}
COMMAND: GET /session/9a045c4a17e0def218bea7a69d7cd789/screenshot - {}
RESULT: {"script":"<script> [1562 bytes]","args":[{"selector":{"controlType":"sap.m.StandardListItem","viewName":"reusables.view.manageresources.NewResourceUnit","viewId":"application-manageresources-display-component---newResourceUnit","properties":{"title":"10 - infinite"},"searchOpenDialogs":true,"interaction":{"idSuffix":"content"}},"wdio_ui5_key":"reusablesview.manageresources.NewResourceUnitsap.m.StandardListItem{\"title\":\"10 - infinite\"}"}]}
RESULT: undefined
COMMAND: POST /session/9a045c4a17e0def218bea7a69d7cd789/element - {"using":"xpath","value":"//*[@id=\"__item1221\"]"}
RESULT: {}
RESULT: {"using":"xpath","value":"//*[@id=\"__item1221\"]"}
COMMAND: POST /session/9a045c4a17e0def218bea7a69d7cd789/element/f.F2CC79D104176C4887E06893325B0B16.d.9F301748BB399635B697EE12D069D68F.e.13516/click - {}
RESULT: {}
COMMAND: GET /session/9a045c4a17e0def218bea7a69d7cd789/screenshot - {}
RESULT: {}
COMMAND: POST /session/9a045c4a17e0def218bea7a69d7cd789/element - {"using":"xpath","value":"//bdi[contains(text(), \"Time Segment\")]"}
RESULT: {"using":"xpath","value":"//bdi[contains(text(), \"Time Segment\")]"}
COMMAND: GET /session/9a045c4a17e0def218bea7a69d7cd789/element/f.F2CC79D104176C4887E06893325B0B16.d.9F301748BB399635B697EE12D069D68F.e.13517/rect - {}
RESULT: {}
COMMAND: GET /session/9a045c4a17e0def218bea7a69d7cd789/window/rect - {}
RESULT: {}
COMMAND: POST /session/9a045c4a17e0def218bea7a69d7cd789/execute/sync - {"script":"<script> [92 bytes]","args":[]}
RESULT: {"script":"<script> [92 bytes]","args":[]}
COMMAND: POST /session/9a045c4a17e0def218bea7a69d7cd789/actions - {"actions":[{"id":"action69","type":"wheel","parameters":{},"actions":[{"type":"scroll","x":-1820,"y":-21,"deltaX":0,"deltaY":0,"duration":0,"origin":{"element-6066-11e4-a52e-4f735466cecf":"f.F2CC79D104176C4887E06893325B0B16.d.9F301748BB399635B697EE12D069D68F.e.13517"}}]}]}
COMMAND: GET /session/9a045c4a17e0def218bea7a69d7cd789/screenshot - {}
RESULT: {}
COMMAND: POST /session/9a045c4a17e0def218bea7a69d7cd789/execute/sync - {"script":"<script> [79 bytes]","args":[{"element-6066-11e4-a52e-4f735466cecf":"f.F2CC79D104176C4887E06893325B0B16.d.9F301748BB399635B697EE12D069D68F.e.13517","ELEMENT":"f.F2CC79D104176C4887E06893325B0B16.d.9F301748BB399635B697EE12D069D68F.e.13517"},{"block":"start","inline":"nearest"}]}
RESULT: {"script":"<script> [79 bytes]","args":[{"element-6066-11e4-a52e-4f735466cecf":"f.F2CC79D104176C4887E06893325B0B16.d.9F301748BB399635B697EE12D069D68F.e.13517","ELEMENT":"f.F2CC79D104176C4887E06893325B0B16.d.9F301748BB399635B697EE12D069D68F.e.13517"},{"block":"start","inline":"nearest"}]}
COMMAND: GET /session/9a045c4a17e0def218bea7a69d7cd789/screenshot - {}
RESULT: {}
COMMAND: POST /session/9a045c4a17e0def218bea7a69d7cd789/element - {"using":"xpath","value":"//span[@id=\"application-manageresources-display-component---newResourceUnit--btnAddTimeSegment-img\"]"}
RESULT: {"using":"xpath","value":"//span[@id=\"application-manageresources-display-component---newResourceUnit--btnAddTimeSegment-img\"]"}
COMMAND: POST /session/9a045c4a17e0def218bea7a69d7cd789/execute/sync - {"script":"<script> [8489 bytes]","args":[{"element-6066-11e4-a52e-4f735466cecf":"f.F2CC79D104176C4887E06893325B0B16.d.9F301748BB399635B697EE12D069D68F.e.13520","ELEMENT":"f.F2CC79D104176C4887E06893325B0B16.d.9F301748BB399635B697EE12D069D68F.e.13520"}]}
RESULT: {"script":"<script> [8489 bytes]","args":[{"element-6066-11e4-a52e-4f735466cecf":"f.F2CC79D104176C4887E06893325B0B16.d.9F301748BB399635B697EE12D069D68F.e.13520","ELEMENT":"f.F2CC79D104176C4887E06893325B0B16.d.9F301748BB399635B697EE12D069D68F.e.13520"}]}
COMMAND: POST /session/9a045c4a17e0def218bea7a69d7cd789/element/f.F2CC79D104176C4887E06893325B0B16.d.9F301748BB399635B697EE12D069D68F.e.13520/click - {}
COMMAND: GET /session/9a045c4a17e0def218bea7a69d7cd789/screenshot - {}
RESULT: {}
COMMAND: GET /session/9a045c4a17e0def218bea7a69d7cd789/screenshot - {}
COMMAND: POST /session/9a045c4a17e0def218bea7a69d7cd789/element - {"using":"xpath","value":"//input[@id=\"application-manageresources-display-component---newResourceUnit--idRuTSAdmin-application-manageresources-display-component---newResourceUnit--RUTimeSegment-0-inner\"]"}
RESULT: {}
RESULT: {}
RESULT: {"using":"xpath","value":"//input[@id=\"application-manageresources-display-component---newResourceUnit--idRuTSAdmin-application-manageresources-display-component---newResourceUnit--RUTimeSegment-0-inner\"]"}
COMMAND: POST /session/9a045c4a17e0def218bea7a69d7cd789/element/f.F2CC79D104176C4887E06893325B0B16.d.9F301748BB399635B697EE12D069D68F.e.13523/clear - {}
RESULT: {}
COMMAND: POST /session/9a045c4a17e0def218bea7a69d7cd789/element/f.F2CC79D104176C4887E06893325B0B16.d.9F301748BB399635B697EE12D069D68F.e.13523/value - {"text":"WebdriverYardgpjn3"}
COMMAND: GET /session/9a045c4a17e0def218bea7a69d7cd789/screenshot - {}
RESULT: {"text":"WebdriverYardgpjn3"}
COMMAND: GET /session/9a045c4a17e0def218bea7a69d7cd789/screenshot - {}
RESULT: {}
RESULT: {}
COMMAND: POST /session/9a045c4a17e0def218bea7a69d7cd789/actions - {"actions":[{"id":"action70","type":"key","parameters":{},"actions":[{"type":"keyDown","value":"î€‡"},{"type":"pause","duration":10},{"type":"keyUp","value":"î€‡"}]}]}
RESULT: {"actions":[{"id":"action70","type":"key","parameters":{},"actions":[{"type":"keyDown","value":"î€‡"},{"type":"pause","duration":10},{"type":"keyUp","value":"î€‡"}]}]}
COMMAND: GET /session/9a045c4a17e0def218bea7a69d7cd789/screenshot - {}
RESULT: {}
COMMAND: POST /session/9a045c4a17e0def218bea7a69d7cd789/execute/async - {"script":"<script> [1562 bytes]","args":[{"selector":{"controlType":"sap.m.Button","viewName":"reusables.view.manageresources.NewResourceUnit","viewId":"application-manageresources-display-component---newResourceUnit","i18NText":{"propertyName":"tooltip","key":"save"},"interaction":{"idSuffix":"BDI-content"}},"wdio_ui5_key":"reusablesview.manageresources.NewResourceUnitsap.m.Button{\"propertyName\":\"tooltip\",\"key\":\"save\"}"}]}
RESULT: {"script":"<script> [1562 bytes]","args":[{"selector":{"controlType":"sap.m.Button","viewName":"reusables.view.manageresources.NewResourceUnit","viewId":"application-manageresources-display-component---newResourceUnit","i18NText":{"propertyName":"tooltip","key":"save"},"interaction":{"idSuffix":"BDI-content"}},"wdio_ui5_key":"reusablesview.manageresources.NewResourceUnitsap.m.Button{\"propertyName\":\"tooltip\",\"key\":\"save\"}"}]}
RESULT: undefined
COMMAND: POST /session/9a045c4a17e0def218bea7a69d7cd789/element - {"using":"xpath","value":"//*[@id=\"application-manageresources-display-component---newResourceUnit--createRuButton\"]"}
RESULT: {"using":"xpath","value":"//*[@id=\"application-manageresources-display-component---newResourceUnit--createRuButton\"]"}
COMMAND: POST /session/9a045c4a17e0def218bea7a69d7cd789/element/f.F2CC79D104176C4887E06893325B0B16.d.9F301748BB399635B697EE12D069D68F.e.13449/click - {}
RESULT: {}
COMMAND: GET /session/9a045c4a17e0def218bea7a69d7cd789/screenshot - {}
RESULT: {}
COMMAND: POST /session/9a045c4a17e0def218bea7a69d7cd789/execute/async - {"script":"<script> [1562 bytes]","args":[{"selector":{"controlType":"sap.m.Title","properties":{"text":"Success"},"searchOpenDialogs":true},"wdio_ui5_key":"sapm.Title{\"text\":\"Success\"}"}]}
RESULT: {"script":"<script> [1562 bytes]","args":[{"selector":{"controlType":"sap.m.Title","properties":{"text":"Success"},"searchOpenDialogs":true},"wdio_ui5_key":"sapm.Title{\"text\":\"Success\"}"}]}
RESULT: undefined
COMMAND: POST /session/9a045c4a17e0def218bea7a69d7cd789/execute/async - {"script":"<script> [6424 bytes]","args":[{"element-6066-11e4-a52e-4f735466cecf":"f.F2CC79D104176C4887E06893325B0B16.d.9F301748BB399635B697EE12D069D68F.e.13536"},"getText",[]]}
RESULT: {"script":"<script> [6424 bytes]","args":[{"element-6066-11e4-a52e-4f735466cecf":"f.F2CC79D104176C4887E06893325B0B16.d.9F301748BB399635B697EE12D069D68F.e.13536"},"getText",[]]}
COMMAND: POST /session/9a045c4a17e0def218bea7a69d7cd789/element - {"using":"xpath","value":"//*[contains(@id, '__text') and (contains(text(), 'successfully created') or contains(., 'successfully created'))]"}
RESULT: {"using":"xpath","value":"//*[contains(@id, '__text') and (contains(text(), 'successfully created') or contains(., 'successfully created'))]"}
COMMAND: GET /session/9a045c4a17e0def218bea7a69d7cd789/element/f.F2CC79D104176C4887E06893325B0B16.d.9F301748BB399635B697EE12D069D68F.e.13535/text - {}
RESULT: {}
COMMAND: POST /session/9a045c4a17e0def218bea7a69d7cd789/execute/async - {"script":"<script> [1562 bytes]","args":[{"selector":{"controlType":"sap.m.Button","properties":{"text":"Close"},"searchOpenDialogs":true,"interaction":{"idSuffix":"BDI-content"}},"wdio_ui5_key":"sapm.Button{\"text\":\"Close\"}"}]}
RESULT: {"script":"<script> [1562 bytes]","args":[{"selector":{"controlType":"sap.m.Button","properties":{"text":"Close"},"searchOpenDialogs":true,"interaction":{"idSuffix":"BDI-content"}},"wdio_ui5_key":"sapm.Button{\"text\":\"Close\"}"}]}
RESULT: undefined
COMMAND: POST /session/9a045c4a17e0def218bea7a69d7cd789/element - {"using":"xpath","value":"//*[@id=\"__mbox-btn-0\"]"}
RESULT: {"using":"xpath","value":"//*[@id=\"__mbox-btn-0\"]"}
COMMAND: POST /session/9a045c4a17e0def218bea7a69d7cd789/element/f.F2CC79D104176C4887E06893325B0B16.d.9F301748BB399635B697EE12D069D68F.e.13533/click - {}
RESULT: {}
COMMAND: GET /session/9a045c4a17e0def218bea7a69d7cd789/screenshot - {}
RESULT: {}
COMMAND: POST /session/9a045c4a17e0def218bea7a69d7cd789/execute/async - {"script":"<script> [1562 bytes]","args":[{"selector":{"controlType":"sap.ui.core.Icon","viewName":"etm.portal.ui.manageresources.view.Detail","viewId":"application-manageresources-display-component---detailRU","properties":{"src":{"regex":{"source":"overflow"}}}},"wdio_ui5_key":"etmportal.ui.manageresources.view.Detailsap.ui.core.Icon{\"src\":{\"regex\":{\"source\":\"overflow\"}}}"}]}
RESULT: {"script":"<script> [1562 bytes]","args":[{"selector":{"controlType":"sap.ui.core.Icon","viewName":"etm.portal.ui.manageresources.view.Detail","viewId":"application-manageresources-display-component---detailRU","properties":{"src":{"regex":{"source":"overflow"}}}},"wdio_ui5_key":"etmportal.ui.manageresources.view.Detailsap.ui.core.Icon{\"src\":{\"regex\":{\"source\":\"overflow\"}}}"}]}
RESULT: undefined
COMMAND: POST /session/9a045c4a17e0def218bea7a69d7cd789/element - {"using":"xpath","value":"//*[@id=\"__title36-_actionsToolbar-overflowButton-img\"]"}
RESULT: {"using":"xpath","value":"//*[@id=\"__title36-_actionsToolbar-overflowButton-img\"]"}
COMMAND: POST /session/9a045c4a17e0def218bea7a69d7cd789/element/f.F2CC79D104176C4887E06893325B0B16.d.9F301748BB399635B697EE12D069D68F.e.13566/click - {}
RESULT: {}
COMMAND: POST /session/9a045c4a17e0def218bea7a69d7cd789/execute/async - {"script":"<script> [1562 bytes]","args":[{"selector":{"controlType":"sap.m.Button","viewName":"etm.portal.ui.manageresources.view.Detail","viewId":"application-manageresources-display-component---detailRU","i18NText":{"propertyName":"tooltip","key":"closeColumn"},"searchOpenDialogs":true,"interaction":{"idSuffix":"inner"}},"wdio_ui5_key":"etmportal.ui.manageresources.view.Detailsap.m.Button{\"propertyName\":\"tooltip\",\"key\":\"closeColumn\"}"}]}
COMMAND: GET /session/9a045c4a17e0def218bea7a69d7cd789/screenshot - {}
RESULT: {"script":"<script> [1562 bytes]","args":[{"selector":{"controlType":"sap.m.Button","viewName":"etm.portal.ui.manageresources.view.Detail","viewId":"application-manageresources-display-component---detailRU","i18NText":{"propertyName":"tooltip","key":"closeColumn"},"searchOpenDialogs":true,"interaction":{"idSuffix":"inner"}},"wdio_ui5_key":"etmportal.ui.manageresources.view.Detailsap.m.Button{\"propertyName\":\"tooltip\",\"key\":\"closeColumn\"}"}]}
RESULT: undefined
COMMAND: POST /session/9a045c4a17e0def218bea7a69d7cd789/element - {"using":"xpath","value":"//*[@id=\"__button147\"]"}
RESULT: {}
RESULT: {"using":"xpath","value":"//*[@id=\"__button147\"]"}
COMMAND: POST /session/9a045c4a17e0def218bea7a69d7cd789/element/f.F2CC79D104176C4887E06893325B0B16.d.9F301748BB399635B697EE12D069D68F.e.13568/click - {}
RESULT: {}
COMMAND: GET /session/9a045c4a17e0def218bea7a69d7cd789/screenshot - {}
RESULT: {}
COMMAND: POST /session/9a045c4a17e0def218bea7a69d7cd789/refresh - {}
RESULT: {}
COMMAND: GET /session/9a045c4a17e0def218bea7a69d7cd789/screenshot - {}
RESULT: {}
COMMAND: POST /session/9a045c4a17e0def218bea7a69d7cd789/execute/async - {"script":"<script> [189 bytes]","args":[]}
RESULT: {"script":"<script> [189 bytes]","args":[]}
COMMAND: POST /session/9a045c4a17e0def218bea7a69d7cd789/execute/async - {"script":"<script> [123 bytes]","args":[]}
RESULT: {"script":"<script> [123 bytes]","args":[]}
COMMAND: POST /session/9a045c4a17e0def218bea7a69d7cd789/timeouts - {"script":"<number>"}
RESULT: {"script":"<number>"}
COMMAND: GET /session/9a045c4a17e0def218bea7a69d7cd789/timeouts - {}
RESULT: {}
RESULT: undefined
COMMAND: POST /session/9a045c4a17e0def218bea7a69d7cd789/execute/async - {"script":"<script> [2676 bytes]","args":[]}
RESULT: {"script":"<script> [2676 bytes]","args":[]}
COMMAND: POST /session/9a045c4a17e0def218bea7a69d7cd789/execute/async - {"script":"<script> [2342 bytes]","args":[{"protocol":"http","hostname":"0.0.0.0","path":"/","capabilities":{"browserName":"chrome","goog:chromeOptions":{"binary":"C:\\Program Files\\Google\\Chrome\\Application\\chrome.exe","args":["--start-maximized"]}},"logLevel":"warn","connectionRetryTimeout":120000,"connectionRetryCount":3,"logLevels":{},"enableDirectConnect":true,"strictSSL":true,"_":"65 more keys: [\"cacheDir\",\"port\",\"requestedCapabilities\",\"automationProtocol\",\"baseUrl\",\"waitforInterval\",\"waitforTimeout\",\"onReload\",\"beforeCommand\",\"afterCommand\",\"rootDir\",\"specs\",\"suites\",\"exclude\",\"groupLogsByTestSpec\",\"excludeDriverLogs\",\"bail\",\"framework\",\"reporters\",\"services\",\"maxInstances\",\"maxInstancesPerCapability\",\"injectGlobals\",\"filesToWatch\",\"execArgv\",\"runnerEnv\",\"runner\",\"shard\",\"specFileRetries\",\"specFileRetriesDelay\",\"specFileRetriesDeferred\",\"reporterSyncInterval\",\"reporterSyncTimeout\",\"cucumberFeaturesWithLineNumbers\",\"autoCompileOpts\",\"mochaOpts\",\"jasmineOpts\",\"cucumberOpts\",\"onPrepare\",\"onWorkerStart\",\"onWorkerEnd\",\"before\",\"beforeSession\",\"beforeSuite\",\"beforeHook\",\"beforeTest\",\"afterTest\",\"afterHook\",\"afterSuite\",\"afterSession\",\"after\",\"onComplete\",\"beforeAssertion\",\"afterAssertion\",\"beforeFeature\",\"beforeScenario\",\"beforeStep\",\"afterStep\",\"afterScenario\",\"afterFeature\",\"_\",\"suite\",\"$0\",\"ignoredWorkerServices\",\"wdi5\"]"}]}
RESULT: {"script":"<script> [2342 bytes]","args":[{"protocol":"http","hostname":"0.0.0.0","path":"/","capabilities":{"browserName":"chrome","goog:chromeOptions":{"binary":"C:\\Program Files\\Google\\Chrome\\Application\\chrome.exe","args":["--start-maximized"]}},"logLevel":"warn","connectionRetryTimeout":120000,"connectionRetryCount":3,"logLevels":{},"enableDirectConnect":true,"strictSSL":true,"_":"65 more keys: [\"cacheDir\",\"port\",\"requestedCapabilities\",\"automationProtocol\",\"baseUrl\",\"waitforInterval\",\"waitforTimeout\",\"onReload\",\"beforeCommand\",\"afterCommand\",\"rootDir\",\"specs\",\"suites\",\"exclude\",\"groupLogsByTestSpec\",\"excludeDriverLogs\",\"bail\",\"framework\",\"reporters\",\"services\",\"maxInstances\",\"maxInstancesPerCapability\",\"injectGlobals\",\"filesToWatch\",\"execArgv\",\"runnerEnv\",\"runner\",\"shard\",\"specFileRetries\",\"specFileRetriesDelay\",\"specFileRetriesDeferred\",\"reporterSyncInterval\",\"reporterSyncTimeout\",\"cucumberFeaturesWithLineNumbers\",\"autoCompileOpts\",\"mochaOpts\",\"jasmineOpts\",\"cucumberOpts\",\"onPrepare\",\"onWorkerStart\",\"onWorkerEnd\",\"before\",\"beforeSession\",\"beforeSuite\",\"beforeHook\",\"beforeTest\",\"afterTest\",\"afterHook\",\"afterSuite\",\"afterSession\",\"after\",\"onComplete\",\"beforeAssertion\",\"afterAssertion\",\"beforeFeature\",\"beforeScenario\",\"beforeStep\",\"afterStep\",\"afterScenario\",\"afterFeature\",\"_\",\"suite\",\"$0\",\"ignoredWorkerServices\",\"wdi5\"]"}]}
COMMAND: POST /session/9a045c4a17e0def218bea7a69d7cd789/execute/async - {"script":"<script> [21126 bytes]","args":[35000]}
RESULT: {"script":"<script> [21126 bytes]","args":[35000]}
COMMAND: POST /session/9a045c4a17e0def218bea7a69d7cd789/element - {"using":"css selector","value":"#shell-header-logo"}
RESULT: {"using":"css selector","value":"#shell-header-logo"}
COMMAND: POST /session/9a045c4a17e0def218bea7a69d7cd789/element/f.F2CC79D104176C4887E06893325B0B16.d.550B4A10F80484EDE3710E53E2E28209.e.13615/click - {}
RESULT: {}
COMMAND: GET /session/9a045c4a17e0def218bea7a69d7cd789/screenshot - {}
RESULT: {}
COMMAND: POST /session/9a045c4a17e0def218bea7a69d7cd789/execute/async - {"script":"<script> [1562 bytes]","args":[{"selector":{"controlType":"sap.m.Text","viewName":"etm.portal.ui.managehandoverstile.view.Master","properties":{"text":"Manage Handovers"},"interaction":{"idSuffix":"inner"}},"wdio_ui5_key":"etmportal.ui.managehandoverstile.view.Mastersap.m.Text{\"text\":\"Manage Handovers\"}"}]}
RESULT: {"script":"<script> [1562 bytes]","args":[{"selector":{"controlType":"sap.m.Text","viewName":"etm.portal.ui.managehandoverstile.view.Master","properties":{"text":"Manage Handovers"},"interaction":{"idSuffix":"inner"}},"wdio_ui5_key":"etmportal.ui.managehandoverstile.view.Mastersap.m.Text{\"text\":\"Manage Handovers\"}"}]}
RESULT: undefined
COMMAND: POST /session/9a045c4a17e0def218bea7a69d7cd789/element - {"using":"xpath","value":"//*[@id=\"__tile132-title\"]"}
RESULT: {"using":"xpath","value":"//*[@id=\"__tile132-title\"]"}
COMMAND: POST /session/9a045c4a17e0def218bea7a69d7cd789/element/f.F2CC79D104176C4887E06893325B0B16.d.550B4A10F80484EDE3710E53E2E28209.e.13800/click - {}
RESULT: {}
COMMAND: GET /session/9a045c4a17e0def218bea7a69d7cd789/screenshot - {}
RESULT: {}
COMMAND: POST /session/9a045c4a17e0def218bea7a69d7cd789/element - {"using":"xpath","value":"//button[@data-kt=\"masterHOAddButton\"]"}
RESULT: {"using":"xpath","value":"//button[@data-kt=\"masterHOAddButton\"]"}
COMMAND: POST /session/9a045c4a17e0def218bea7a69d7cd789/execute/sync - {"script":"<script> [8489 bytes]","args":[{"element-6066-11e4-a52e-4f735466cecf":"f.F2CC79D104176C4887E06893325B0B16.d.550B4A10F80484EDE3710E53E2E28209.e.13842","ELEMENT":"f.F2CC79D104176C4887E06893325B0B16.d.550B4A10F80484EDE3710E53E2E28209.e.13842"}]}
RESULT: {"script":"<script> [8489 bytes]","args":[{"element-6066-11e4-a52e-4f735466cecf":"f.F2CC79D104176C4887E06893325B0B16.d.550B4A10F80484EDE3710E53E2E28209.e.13842","ELEMENT":"f.F2CC79D104176C4887E06893325B0B16.d.550B4A10F80484EDE3710E53E2E28209.e.13842"}]}
COMMAND: POST /session/9a045c4a17e0def218bea7a69d7cd789/element/f.F2CC79D104176C4887E06893325B0B16.d.550B4A10F80484EDE3710E53E2E28209.e.13842/click - {}
COMMAND: GET /session/9a045c4a17e0def218bea7a69d7cd789/screenshot - {}
RESULT: {}
COMMAND: GET /session/9a045c4a17e0def218bea7a69d7cd789/screenshot - {}
RESULT: {}
RESULT: {}
COMMAND: POST /session/9a045c4a17e0def218bea7a69d7cd789/element - {"using":"xpath","value":"//span[contains(@id ,\"AddNewHO--typeSelect-arrow\")]"}
RESULT: {"using":"xpath","value":"//span[contains(@id ,\"AddNewHO--typeSelect-arrow\")]"}
COMMAND: POST /session/9a045c4a17e0def218bea7a69d7cd789/element/f.F2CC79D104176C4887E06893325B0B16.d.550B4A10F80484EDE3710E53E2E28209.e.14146/click - {}
RESULT: {}
COMMAND: GET /session/9a045c4a17e0def218bea7a69d7cd789/screenshot - {}
RESULT: {}
COMMAND: POST /session/9a045c4a17e0def218bea7a69d7cd789/element - {"using":"xpath","value":"(//li[contains(text(), \"stock increase yard\")])[1]"}
RESULT: {"using":"xpath","value":"(//li[contains(text(), \"stock increase yard\")])[1]"}
COMMAND: POST /session/9a045c4a17e0def218bea7a69d7cd789/element/f.F2CC79D104176C4887E06893325B0B16.d.550B4A10F80484EDE3710E53E2E28209.e.14147/click - {}
RESULT: {}
COMMAND: GET /session/9a045c4a17e0def218bea7a69d7cd789/screenshot - {}
RESULT: {}
COMMAND: POST /session/9a045c4a17e0def218bea7a69d7cd789/execute/async - {"script":"<script> [1562 bytes]","args":[{"selector":{"id":"application-managehandovers-display-component---AddNewHO--dueDate","interaction":{"idSuffix":"inner"}},"wdio_ui5_key":"applicationmanagehandovers-display-component---AddNewHO--dueDate"}]}
RESULT: {"script":"<script> [1562 bytes]","args":[{"selector":{"id":"application-managehandovers-display-component---AddNewHO--dueDate","interaction":{"idSuffix":"inner"}},"wdio_ui5_key":"applicationmanagehandovers-display-component---AddNewHO--dueDate"}]}
RESULT: undefined
COMMAND: POST /session/9a045c4a17e0def218bea7a69d7cd789/execute/async - {"script":"<script> [6424 bytes]","args":[{"element-6066-11e4-a52e-4f735466cecf":"f.F2CC79D104176C4887E06893325B0B16.d.550B4A10F80484EDE3710E53E2E28209.e.14149"},"setValue",["05/01/2025"]]}
RESULT: {"script":"<script> [6424 bytes]","args":[{"element-6066-11e4-a52e-4f735466cecf":"f.F2CC79D104176C4887E06893325B0B16.d.550B4A10F80484EDE3710E53E2E28209.e.14149"},"setValue",["05/01/2025"]]}
COMMAND: POST /session/9a045c4a17e0def218bea7a69d7cd789/element - {"using":"xpath","value":"//input[@id=\"generalSectionFrg--receiveYard-inner\"]"}
RESULT: {"using":"xpath","value":"//input[@id=\"generalSectionFrg--receiveYard-inner\"]"}
COMMAND: POST /session/9a045c4a17e0def218bea7a69d7cd789/element/f.F2CC79D104176C4887E06893325B0B16.d.550B4A10F80484EDE3710E53E2E28209.e.14155/clear - {}
RESULT: {}
COMMAND: POST /session/9a045c4a17e0def218bea7a69d7cd789/element/f.F2CC79D104176C4887E06893325B0B16.d.550B4A10F80484EDE3710E53E2E28209.e.14155/value - {"text":"WebdriverYardgpjn3"}
COMMAND: GET /session/9a045c4a17e0def218bea7a69d7cd789/screenshot - {}
RESULT: {"text":"WebdriverYardgpjn3"}
COMMAND: GET /session/9a045c4a17e0def218bea7a69d7cd789/screenshot - {}
RESULT: {}
RESULT: {}
COMMAND: POST /session/9a045c4a17e0def218bea7a69d7cd789/execute/async - {"script":"<script> [1562 bytes]","args":[{"selector":{"id":"application-managehandovers-display-component---AddNewHO--ObjectPageLayout-anchBar-application-managehandovers-display-component---AddNewHO--section4-anchor","interaction":{"idSuffix":"BDI-content"}},"wdio_ui5_key":"applicationmanagehandovers-display-component---AddNewHO--ObjectPageLayout-anchBar-application-managehandovers-display-component---AddNewHO--section4-anchor"}]}
RESULT: {"script":"<script> [1562 bytes]","args":[{"selector":{"id":"application-managehandovers-display-component---AddNewHO--ObjectPageLayout-anchBar-application-managehandovers-display-component---AddNewHO--section4-anchor","interaction":{"idSuffix":"BDI-content"}},"wdio_ui5_key":"applicationmanagehandovers-display-component---AddNewHO--ObjectPageLayout-anchBar-application-managehandovers-display-component---AddNewHO--section4-anchor"}]}
RESULT: undefined
COMMAND: POST /session/9a045c4a17e0def218bea7a69d7cd789/element - {"using":"xpath","value":"//*[@id=\"application-managehandovers-display-component---AddNewHO--ObjectPageLayout-anchBar-application-managehandovers-display-component---AddNewHO--section4-anchor\"]"}
RESULT: {"using":"xpath","value":"//*[@id=\"application-managehandovers-display-component---AddNewHO--ObjectPageLayout-anchBar-application-managehandovers-display-component---AddNewHO--section4-anchor\"]"}
COMMAND: POST /session/9a045c4a17e0def218bea7a69d7cd789/element/f.F2CC79D104176C4887E06893325B0B16.d.550B4A10F80484EDE3710E53E2E28209.e.14173/click - {}
RESULT: {}
COMMAND: GET /session/9a045c4a17e0def218bea7a69d7cd789/screenshot - {}
RESULT: {}
COMMAND: POST /session/9a045c4a17e0def218bea7a69d7cd789/element - {"using":"xpath","value":"//button[@aria-label=\"Add\"]"}
RESULT: {"using":"xpath","value":"//button[@aria-label=\"Add\"]"}
COMMAND: POST /session/9a045c4a17e0def218bea7a69d7cd789/element/f.F2CC79D104176C4887E06893325B0B16.d.550B4A10F80484EDE3710E53E2E28209.e.14177/click - {}
RESULT: {}
COMMAND: GET /session/9a045c4a17e0def218bea7a69d7cd789/screenshot - {}
RESULT: {}
COMMAND: POST /session/9a045c4a17e0def218bea7a69d7cd789/execute/async - {"script":"<script> [1562 bytes]","args":[{"selector":{"id":"application-managehandovers-display-component---AddNewHO--smartFilterBar-btnBasicSearch","searchOpenDialogs":true,"interaction":{"idSuffix":"I"}},"wdio_ui5_key":"applicationmanagehandovers-display-component---AddNewHO--smartFilterBar-btnBasicSearch"}]}
RESULT: {"script":"<script> [1562 bytes]","args":[{"selector":{"id":"application-managehandovers-display-component---AddNewHO--smartFilterBar-btnBasicSearch","searchOpenDialogs":true,"interaction":{"idSuffix":"I"}},"wdio_ui5_key":"applicationmanagehandovers-display-component---AddNewHO--smartFilterBar-btnBasicSearch"}]}
RESULT: undefined
COMMAND: POST /session/9a045c4a17e0def218bea7a69d7cd789/execute/async - {"script":"<script> [776 bytes]","args":[{"enterText":"WebdriverRUR2Crhmfb","selector":{"id":"application-managehandovers-display-component---AddNewHO--smartFilterBar-btnBasicSearch","searchOpenDialogs":true,"interaction":{"idSuffix":"I"}},"clearTextFirst":true,"interactionType":"ENTER_TEXT"}]}
RESULT: {"script":"<script> [776 bytes]","args":[{"enterText":"WebdriverRUR2Crhmfb","selector":{"id":"application-managehandovers-display-component---AddNewHO--smartFilterBar-btnBasicSearch","searchOpenDialogs":true,"interaction":{"idSuffix":"I"}},"clearTextFirst":true,"interactionType":"ENTER_TEXT"}]}
COMMAND: POST /session/9a045c4a17e0def218bea7a69d7cd789/actions - {"actions":[{"id":"action71","type":"key","parameters":{},"actions":[{"type":"keyDown","value":"î€‡"},{"type":"pause","duration":10},{"type":"keyUp","value":"î€‡"}]}]}
RESULT: {"actions":[{"id":"action71","type":"key","parameters":{},"actions":[{"type":"keyDown","value":"î€‡"},{"type":"pause","duration":10},{"type":"keyUp","value":"î€‡"}]}]}
COMMAND: POST /session/9a045c4a17e0def218bea7a69d7cd789/execute/async - {"script":"<script> [1562 bytes]","args":[{"selector":{"id":"application-managehandovers-display-component---AddNewHO--popup-sa","searchOpenDialogs":true,"interaction":{"idSuffix":"CbBg"}},"wdio_ui5_key":"applicationmanagehandovers-display-component---AddNewHO--popup-sa"}]}
COMMAND: GET /session/9a045c4a17e0def218bea7a69d7cd789/screenshot - {}
RESULT: {"script":"<script> [1562 bytes]","args":[{"selector":{"id":"application-managehandovers-display-component---AddNewHO--popup-sa","searchOpenDialogs":true,"interaction":{"idSuffix":"CbBg"}},"wdio_ui5_key":"applicationmanagehandovers-display-component---AddNewHO--popup-sa"}]}
RESULT: undefined
COMMAND: POST /session/9a045c4a17e0def218bea7a69d7cd789/element - {"using":"xpath","value":"//*[@id=\"application-managehandovers-display-component---AddNewHO--popup-sa\"]"}
RESULT: {}
RESULT: {"using":"xpath","value":"//*[@id=\"application-managehandovers-display-component---AddNewHO--popup-sa\"]"}
COMMAND: POST /session/9a045c4a17e0def218bea7a69d7cd789/element/f.F2CC79D104176C4887E06893325B0B16.d.550B4A10F80484EDE3710E53E2E28209.e.14332/click - {}
RESULT: {}
COMMAND: GET /session/9a045c4a17e0def218bea7a69d7cd789/screenshot - {}
RESULT: {}
COMMAND: POST /session/9a045c4a17e0def218bea7a69d7cd789/element - {"using":"xpath","value":"//bdi[contains(text(), \"Select\")]"}
RESULT: {"using":"xpath","value":"//bdi[contains(text(), \"Select\")]"}
COMMAND: POST /session/9a045c4a17e0def218bea7a69d7cd789/element/f.F2CC79D104176C4887E06893325B0B16.d.550B4A10F80484EDE3710E53E2E28209.e.14333/click - {}
RESULT: {}
COMMAND: GET /session/9a045c4a17e0def218bea7a69d7cd789/screenshot - {}
RESULT: {}
COMMAND: POST /session/9a045c4a17e0def218bea7a69d7cd789/execute/async - {"script":"<script> [1562 bytes]","args":[{"selector":{"controlType":"sap.m.Input","viewName":"etm.portal.ui.managehandovers.view.AddNewHO","viewId":"application-managehandovers-display-component---AddNewHO","bindingPath":{"path":"/items/0","propertyPath":"TYPE","modelName":"hoItemsModel"},"interaction":{"idSuffix":"inner"}},"wdio_ui5_key":"etmportal.ui.managehandovers.view.AddNewHOsap.m.Input{\"path\":\"/items/0\",\"propertyPath\":\"TYPE\",\"modelName\":\"hoItemsModel\"}"}]}
RESULT: {"script":"<script> [1562 bytes]","args":[{"selector":{"controlType":"sap.m.Input","viewName":"etm.portal.ui.managehandovers.view.AddNewHO","viewId":"application-managehandovers-display-component---AddNewHO","bindingPath":{"path":"/items/0","propertyPath":"TYPE","modelName":"hoItemsModel"},"interaction":{"idSuffix":"inner"}},"wdio_ui5_key":"etmportal.ui.managehandovers.view.AddNewHOsap.m.Input{\"path\":\"/items/0\",\"propertyPath\":\"TYPE\",\"modelName\":\"hoItemsModel\"}"}]}
RESULT: undefined
COMMAND: POST /session/9a045c4a17e0def218bea7a69d7cd789/execute/async - {"script":"<script> [776 bytes]","args":[{"enterText":"100","selector":{"controlType":"sap.m.Input","viewName":"etm.portal.ui.managehandovers.view.AddNewHO","viewId":"application-managehandovers-display-component---AddNewHO","bindingPath":{"path":"/items/0","propertyPath":"TYPE","modelName":"hoItemsModel"},"interaction":{"idSuffix":"inner"}},"clearTextFirst":true,"interactionType":"ENTER_TEXT"}]}
RESULT: {"script":"<script> [776 bytes]","args":[{"enterText":"100","selector":{"controlType":"sap.m.Input","viewName":"etm.portal.ui.managehandovers.view.AddNewHO","viewId":"application-managehandovers-display-component---AddNewHO","bindingPath":{"path":"/items/0","propertyPath":"TYPE","modelName":"hoItemsModel"},"interaction":{"idSuffix":"inner"}},"clearTextFirst":true,"interactionType":"ENTER_TEXT"}]}
COMMAND: POST /session/9a045c4a17e0def218bea7a69d7cd789/element - {"using":"xpath","value":"//button[@data-kt=\"AddNewHOSaveButton\"]"}
RESULT: {"using":"xpath","value":"//button[@data-kt=\"AddNewHOSaveButton\"]"}
COMMAND: POST /session/9a045c4a17e0def218bea7a69d7cd789/element/f.F2CC79D104176C4887E06893325B0B16.d.550B4A10F80484EDE3710E53E2E28209.e.14338/click - {}
RESULT: {}
COMMAND: GET /session/9a045c4a17e0def218bea7a69d7cd789/screenshot - {}
RESULT: {}
COMMAND: POST /session/9a045c4a17e0def218bea7a69d7cd789/execute/async - {"script":"<script> [1562 bytes]","args":[{"selector":{"id":"receiptDatePicker","viewName":"etm.portal.ui.managehandovers.view.DetailExecuteHO","interaction":{"idSuffix":"inner"}},"wdio_ui5_key":"receiptDatePickeretmportal.ui.managehandovers.view.DetailExecuteHO"}]}
RESULT: {"script":"<script> [1562 bytes]","args":[{"selector":{"id":"receiptDatePicker","viewName":"etm.portal.ui.managehandovers.view.DetailExecuteHO","interaction":{"idSuffix":"inner"}},"wdio_ui5_key":"receiptDatePickeretmportal.ui.managehandovers.view.DetailExecuteHO"}]}
RESULT: undefined
COMMAND: POST /session/9a045c4a17e0def218bea7a69d7cd789/execute/async - {"script":"<script> [6424 bytes]","args":[{"element-6066-11e4-a52e-4f735466cecf":"f.F2CC79D104176C4887E06893325B0B16.d.550B4A10F80484EDE3710E53E2E28209.e.14365"},"setValue",["05/01/2025"]]}
RESULT: {"script":"<script> [6424 bytes]","args":[{"element-6066-11e4-a52e-4f735466cecf":"f.F2CC79D104176C4887E06893325B0B16.d.550B4A10F80484EDE3710E53E2E28209.e.14365"},"setValue",["05/01/2025"]]}
COMMAND: POST /session/9a045c4a17e0def218bea7a69d7cd789/element - {"using":"xpath","value":"//button[@data-kt=\"PickingTableConfirmAllButton\"]"}
RESULT: {"using":"xpath","value":"//button[@data-kt=\"PickingTableConfirmAllButton\"]"}
COMMAND: POST /session/9a045c4a17e0def218bea7a69d7cd789/element/f.F2CC79D104176C4887E06893325B0B16.d.550B4A10F80484EDE3710E53E2E28209.e.14381/click - {}
RESULT: {}
COMMAND: GET /session/9a045c4a17e0def218bea7a69d7cd789/screenshot - {}
RESULT: {}
COMMAND: POST /session/9a045c4a17e0def218bea7a69d7cd789/element - {"using":"xpath","value":"//bdi[contains(text(), \"OK\")]"}
RESULT: {"using":"xpath","value":"//bdi[contains(text(), \"OK\")]"}
COMMAND: POST /session/9a045c4a17e0def218bea7a69d7cd789/element/f.F2CC79D104176C4887E06893325B0B16.d.550B4A10F80484EDE3710E53E2E28209.e.14383/click - {}
RESULT: {}
COMMAND: GET /session/9a045c4a17e0def218bea7a69d7cd789/screenshot - {}
RESULT: {}
COMMAND: POST /session/9a045c4a17e0def218bea7a69d7cd789/element - {"using":"xpath","value":"(//bdi[contains(text(), \"Receive\")])[2]"}
RESULT: {"using":"xpath","value":"(//bdi[contains(text(), \"Receive\")])[2]"}
COMMAND: POST /session/9a045c4a17e0def218bea7a69d7cd789/element/f.F2CC79D104176C4887E06893325B0B16.d.550B4A10F80484EDE3710E53E2E28209.e.14385/click - {}
RESULT: {}
COMMAND: GET /session/9a045c4a17e0def218bea7a69d7cd789/screenshot - {}
RESULT: {}
COMMAND: POST /session/9a045c4a17e0def218bea7a69d7cd789/element - {"using":"css selector","value":"#shell-header-logo"}
RESULT: {"using":"css selector","value":"#shell-header-logo"}
COMMAND: POST /session/9a045c4a17e0def218bea7a69d7cd789/element/f.F2CC79D104176C4887E06893325B0B16.d.550B4A10F80484EDE3710E53E2E28209.e.13803/click - {}
RESULT: {}
]]></system-out>
    </testcase>
    <testcase classname="chrome.135_0_7049_96.windows.E2E_-_Logistical_and_commercial_statuses" name="Should add a pricing rule and a condition to the RU" time="98.684">
      <system-out><![CDATA[
COMMAND: POST /session/9a045c4a17e0def218bea7a69d7cd789/execute/async - {"script":"<script> [1562 bytes]","args":[{"selector":{"controlType":"sap.m.GenericTile","properties":{"header":"Manage Pricing Rules"}},"wdio_ui5_key":"sapm.GenericTile{\"header\":\"Manage Pricing Rules\"}"}]}
COMMAND: GET /session/9a045c4a17e0def218bea7a69d7cd789/screenshot - {}
RESULT: {"script":"<script> [1562 bytes]","args":[{"selector":{"controlType":"sap.m.GenericTile","properties":{"header":"Manage Pricing Rules"}},"wdio_ui5_key":"sapm.GenericTile{\"header\":\"Manage Pricing Rules\"}"}]}
RESULT: undefined
COMMAND: POST /session/9a045c4a17e0def218bea7a69d7cd789/element - {"using":"xpath","value":"//*[@id=\"__tile55\"]"}
RESULT: {}
RESULT: {"using":"xpath","value":"//*[@id=\"__tile55\"]"}
COMMAND: POST /session/9a045c4a17e0def218bea7a69d7cd789/element/f.F2CC79D104176C4887E06893325B0B16.d.550B4A10F80484EDE3710E53E2E28209.e.14535/click - {}
RESULT: {}
COMMAND: GET /session/9a045c4a17e0def218bea7a69d7cd789/screenshot - {}
RESULT: {}
COMMAND: POST /session/9a045c4a17e0def218bea7a69d7cd789/execute/async - {"script":"<script> [1562 bytes]","args":[{"selector":{"controlType":"sap.ui.core.Icon","viewName":"etm.portal.ui.managepricingrules.view.MasterHeader","viewId":"application-managepricingrules-display-component---priceInfoHeader","properties":{"src":{"regex":{"source":"activity\\-items"}}}},"wdio_ui5_key":"etmportal.ui.managepricingrules.view.MasterHeadersap.ui.core.Icon{\"src\":{\"regex\":{\"source\":\"activity\\\\-items\"}}}"}]}
RESULT: {"script":"<script> [1562 bytes]","args":[{"selector":{"controlType":"sap.ui.core.Icon","viewName":"etm.portal.ui.managepricingrules.view.MasterHeader","viewId":"application-managepricingrules-display-component---priceInfoHeader","properties":{"src":{"regex":{"source":"activity\\-items"}}}},"wdio_ui5_key":"etmportal.ui.managepricingrules.view.MasterHeadersap.ui.core.Icon{\"src\":{\"regex\":{\"source\":\"activity\\\\-items\"}}}"}]}
RESULT: undefined
COMMAND: POST /session/9a045c4a17e0def218bea7a69d7cd789/element - {"using":"xpath","value":"//*[@id=\"__filter22-icon\"]"}
RESULT: {"using":"xpath","value":"//*[@id=\"__filter22-icon\"]"}
COMMAND: POST /session/9a045c4a17e0def218bea7a69d7cd789/element/f.F2CC79D104176C4887E06893325B0B16.d.550B4A10F80484EDE3710E53E2E28209.e.14584/click - {}
RESULT: {}
COMMAND: GET /session/9a045c4a17e0def218bea7a69d7cd789/screenshot - {}
RESULT: {}
COMMAND: POST /session/9a045c4a17e0def218bea7a69d7cd789/execute/async - {"script":"<script> [1562 bytes]","args":[{"selector":{"controlType":"sap.ui.core.Icon","viewName":"etm.portal.ui.managepricingrules.view.MasterItem","viewId":"application-managepricingrules-display-component---priceInfoItem","properties":{"src":{"regex":{"source":"add"}}}},"wdio_ui5_key":"etmportal.ui.managepricingrules.view.MasterItemsap.ui.core.Icon{\"src\":{\"regex\":{\"source\":\"add\"}}}"}]}
RESULT: {"script":"<script> [1562 bytes]","args":[{"selector":{"controlType":"sap.ui.core.Icon","viewName":"etm.portal.ui.managepricingrules.view.MasterItem","viewId":"application-managepricingrules-display-component---priceInfoItem","properties":{"src":{"regex":{"source":"add"}}}},"wdio_ui5_key":"etmportal.ui.managepricingrules.view.MasterItemsap.ui.core.Icon{\"src\":{\"regex\":{\"source\":\"add\"}}}"}]}
RESULT: undefined
COMMAND: POST /session/9a045c4a17e0def218bea7a69d7cd789/element - {"using":"xpath","value":"//*[@id=\"__button76-img\"]"}
RESULT: {"using":"xpath","value":"//*[@id=\"__button76-img\"]"}
COMMAND: POST /session/9a045c4a17e0def218bea7a69d7cd789/element/f.F2CC79D104176C4887E06893325B0B16.d.550B4A10F80484EDE3710E53E2E28209.e.14631/click - {}
RESULT: {}
COMMAND: GET /session/9a045c4a17e0def218bea7a69d7cd789/screenshot - {}
RESULT: {}
COMMAND: POST /session/9a045c4a17e0def218bea7a69d7cd789/element - {"using":"xpath","value":"//input[@id=\"application-managepricingrules-display-component---newInfoPriceItem--condRU-inner\"]"}
RESULT: {"using":"xpath","value":"//input[@id=\"application-managepricingrules-display-component---newInfoPriceItem--condRU-inner\"]"}
COMMAND: POST /session/9a045c4a17e0def218bea7a69d7cd789/element/f.F2CC79D104176C4887E06893325B0B16.d.550B4A10F80484EDE3710E53E2E28209.e.14843/clear - {}
RESULT: {}
COMMAND: POST /session/9a045c4a17e0def218bea7a69d7cd789/element/f.F2CC79D104176C4887E06893325B0B16.d.550B4A10F80484EDE3710E53E2E28209.e.14843/value - {"text":"WebdriverRUR2Crhmfb"}
COMMAND: GET /session/9a045c4a17e0def218bea7a69d7cd789/screenshot - {}
RESULT: {"text":"WebdriverRUR2Crhmfb"}
COMMAND: POST /session/9a045c4a17e0def218bea7a69d7cd789/execute/async - {"script":"<script> [1562 bytes]","args":[{"selector":{"id":"application-managepricingrules-display-component---newInfoPriceItem--condValidTo","interaction":{"idSuffix":"inner"}},"wdio_ui5_key":"applicationmanagepricingrules-display-component---newInfoPriceItem--condValidTo"}]}
COMMAND: GET /session/9a045c4a17e0def218bea7a69d7cd789/screenshot - {}
RESULT: {}
RESULT: {"script":"<script> [1562 bytes]","args":[{"selector":{"id":"application-managepricingrules-display-component---newInfoPriceItem--condValidTo","interaction":{"idSuffix":"inner"}},"wdio_ui5_key":"applicationmanagepricingrules-display-component---newInfoPriceItem--condValidTo"}]}
RESULT: undefined
COMMAND: POST /session/9a045c4a17e0def218bea7a69d7cd789/execute/async - {"script":"<script> [776 bytes]","args":[{"enterText":"5/18/33","selector":{"id":"application-managepricingrules-display-component---newInfoPriceItem--condValidTo","interaction":{"idSuffix":"inner"}},"clearTextFirst":true,"interactionType":"ENTER_TEXT"}]}
RESULT: {}
RESULT: {"script":"<script> [776 bytes]","args":[{"enterText":"5/18/33","selector":{"id":"application-managepricingrules-display-component---newInfoPriceItem--condValidTo","interaction":{"idSuffix":"inner"}},"clearTextFirst":true,"interactionType":"ENTER_TEXT"}]}
COMMAND: POST /session/9a045c4a17e0def218bea7a69d7cd789/execute/async - {"script":"<script> [1562 bytes]","args":[{"selector":{"id":"application-managepricingrules-display-component---newInfoPriceItem--billType-arrow"},"wdio_ui5_key":"applicationmanagepricingrules-display-component---newInfoPriceItem--billType-arrow"}]}
RESULT: {"script":"<script> [1562 bytes]","args":[{"selector":{"id":"application-managepricingrules-display-component---newInfoPriceItem--billType-arrow"},"wdio_ui5_key":"applicationmanagepricingrules-display-component---newInfoPriceItem--billType-arrow"}]}
RESULT: undefined
COMMAND: POST /session/9a045c4a17e0def218bea7a69d7cd789/element - {"using":"xpath","value":"//*[@id=\"application-managepricingrules-display-component---newInfoPriceItem--billType-arrow\"]"}
RESULT: {"using":"xpath","value":"//*[@id=\"application-managepricingrules-display-component---newInfoPriceItem--billType-arrow\"]"}
COMMAND: POST /session/9a045c4a17e0def218bea7a69d7cd789/element/f.F2CC79D104176C4887E06893325B0B16.d.550B4A10F80484EDE3710E53E2E28209.e.14931/click - {}
RESULT: {}
COMMAND: POST /session/9a045c4a17e0def218bea7a69d7cd789/element - {"using":"xpath","value":"//span[contains(text(), \"TB - Time based\")]"}
COMMAND: GET /session/9a045c4a17e0def218bea7a69d7cd789/screenshot - {}
RESULT: {"using":"xpath","value":"//span[contains(text(), \"TB - Time based\")]"}
COMMAND: POST /session/9a045c4a17e0def218bea7a69d7cd789/element/f.F2CC79D104176C4887E06893325B0B16.d.550B4A10F80484EDE3710E53E2E28209.e.14983/click - {}
RESULT: {}
RESULT: {}
COMMAND: POST /session/9a045c4a17e0def218bea7a69d7cd789/execute/async - {"script":"<script> [1562 bytes]","args":[{"selector":{"id":"application-managepricingrules-display-component---newInfoPriceItem--priceProc-arrow"},"wdio_ui5_key":"applicationmanagepricingrules-display-component---newInfoPriceItem--priceProc-arrow"}]}
COMMAND: GET /session/9a045c4a17e0def218bea7a69d7cd789/screenshot - {}
RESULT: {"script":"<script> [1562 bytes]","args":[{"selector":{"id":"application-managepricingrules-display-component---newInfoPriceItem--priceProc-arrow"},"wdio_ui5_key":"applicationmanagepricingrules-display-component---newInfoPriceItem--priceProc-arrow"}]}
RESULT: undefined
COMMAND: POST /session/9a045c4a17e0def218bea7a69d7cd789/element - {"using":"xpath","value":"//*[@id=\"application-managepricingrules-display-component---newInfoPriceItem--priceProc-arrow\"]"}
RESULT: {}
RESULT: {"using":"xpath","value":"//*[@id=\"application-managepricingrules-display-component---newInfoPriceItem--priceProc-arrow\"]"}
COMMAND: POST /session/9a045c4a17e0def218bea7a69d7cd789/element/f.F2CC79D104176C4887E06893325B0B16.d.550B4A10F80484EDE3710E53E2E28209.e.14938/click - {}
RESULT: {}
COMMAND: POST /session/9a045c4a17e0def218bea7a69d7cd789/element - {"using":"xpath","value":"//span[contains(text(), \"TBS - Time based standard\")]"}
COMMAND: GET /session/9a045c4a17e0def218bea7a69d7cd789/screenshot - {}
RESULT: {"using":"xpath","value":"//span[contains(text(), \"TBS - Time based standard\")]"}
COMMAND: POST /session/9a045c4a17e0def218bea7a69d7cd789/element/f.F2CC79D104176C4887E06893325B0B16.d.550B4A10F80484EDE3710E53E2E28209.e.14984/click - {}
RESULT: {}
RESULT: {}
COMMAND: POST /session/9a045c4a17e0def218bea7a69d7cd789/execute/async - {"script":"<script> [1562 bytes]","args":[{"selector":{"id":"application-managepricingrules-display-component---newInfoPriceItem--calcBase-arrow"},"wdio_ui5_key":"applicationmanagepricingrules-display-component---newInfoPriceItem--calcBase-arrow"}]}
COMMAND: GET /session/9a045c4a17e0def218bea7a69d7cd789/screenshot - {}
RESULT: {"script":"<script> [1562 bytes]","args":[{"selector":{"id":"application-managepricingrules-display-component---newInfoPriceItem--calcBase-arrow"},"wdio_ui5_key":"applicationmanagepricingrules-display-component---newInfoPriceItem--calcBase-arrow"}]}
RESULT: undefined
COMMAND: POST /session/9a045c4a17e0def218bea7a69d7cd789/element - {"using":"xpath","value":"//*[@id=\"application-managepricingrules-display-component---newInfoPriceItem--calcBase-arrow\"]"}
RESULT: {}
RESULT: {"using":"xpath","value":"//*[@id=\"application-managepricingrules-display-component---newInfoPriceItem--calcBase-arrow\"]"}
COMMAND: POST /session/9a045c4a17e0def218bea7a69d7cd789/element/f.F2CC79D104176C4887E06893325B0B16.d.550B4A10F80484EDE3710E53E2E28209.e.14945/click - {}
RESULT: {}
COMMAND: GET /session/9a045c4a17e0def218bea7a69d7cd789/screenshot - {}
RESULT: {}
COMMAND: POST /session/9a045c4a17e0def218bea7a69d7cd789/element - {"using":"xpath","value":"//span[contains(text(), \"0006 - TB(calendar days)\")]"}
RESULT: {"using":"xpath","value":"//span[contains(text(), \"0006 - TB(calendar days)\")]"}
COMMAND: POST /session/9a045c4a17e0def218bea7a69d7cd789/element/f.F2CC79D104176C4887E06893325B0B16.d.550B4A10F80484EDE3710E53E2E28209.e.14985/click - {}
RESULT: {}
COMMAND: POST /session/9a045c4a17e0def218bea7a69d7cd789/execute/async - {"script":"<script> [1562 bytes]","args":[{"selector":{"id":"application-managepricingrules-display-component---newInfoPriceItem--daysMonth","interaction":{"idSuffix":"inner"}},"wdio_ui5_key":"applicationmanagepricingrules-display-component---newInfoPriceItem--daysMonth"}]}
COMMAND: GET /session/9a045c4a17e0def218bea7a69d7cd789/screenshot - {}
RESULT: {"script":"<script> [1562 bytes]","args":[{"selector":{"id":"application-managepricingrules-display-component---newInfoPriceItem--daysMonth","interaction":{"idSuffix":"inner"}},"wdio_ui5_key":"applicationmanagepricingrules-display-component---newInfoPriceItem--daysMonth"}]}
RESULT: undefined
COMMAND: POST /session/9a045c4a17e0def218bea7a69d7cd789/execute/async - {"script":"<script> [776 bytes]","args":[{"enterText":"30","selector":{"id":"application-managepricingrules-display-component---newInfoPriceItem--daysMonth","interaction":{"idSuffix":"inner"}},"clearTextFirst":true,"interactionType":"ENTER_TEXT"}]}
RESULT: {}
RESULT: {"script":"<script> [776 bytes]","args":[{"enterText":"30","selector":{"id":"application-managepricingrules-display-component---newInfoPriceItem--daysMonth","interaction":{"idSuffix":"inner"}},"clearTextFirst":true,"interactionType":"ENTER_TEXT"}]}
COMMAND: POST /session/9a045c4a17e0def218bea7a69d7cd789/element - {"using":"xpath","value":"//button[@data-kt=\"saveNewRuleButton\"]"}
RESULT: {"using":"xpath","value":"//button[@data-kt=\"saveNewRuleButton\"]"}
COMMAND: POST /session/9a045c4a17e0def218bea7a69d7cd789/element/f.F2CC79D104176C4887E06893325B0B16.d.550B4A10F80484EDE3710E53E2E28209.e.14966/click - {}
RESULT: {}
COMMAND: GET /session/9a045c4a17e0def218bea7a69d7cd789/screenshot - {}
RESULT: {}
COMMAND: POST /session/9a045c4a17e0def218bea7a69d7cd789/element - {"using":"css selector","value":"#shell-header-logo"}
RESULT: {"using":"css selector","value":"#shell-header-logo"}
COMMAND: POST /session/9a045c4a17e0def218bea7a69d7cd789/element/f.F2CC79D104176C4887E06893325B0B16.d.550B4A10F80484EDE3710E53E2E28209.e.14538/click - {}
RESULT: {}
COMMAND: GET /session/9a045c4a17e0def218bea7a69d7cd789/screenshot - {}
RESULT: {}
COMMAND: POST /session/9a045c4a17e0def218bea7a69d7cd789/execute/async - {"script":"<script> [1562 bytes]","args":[{"selector":{"controlType":"sap.m.Text","properties":{"text":"Manage Conditions & Prices"},"interaction":{"idSuffix":"inner"}},"wdio_ui5_key":"sapm.Text{\"text\":\"Manage Conditions & Prices\"}"}]}
RESULT: {"script":"<script> [1562 bytes]","args":[{"selector":{"controlType":"sap.m.Text","properties":{"text":"Manage Conditions & Prices"},"interaction":{"idSuffix":"inner"}},"wdio_ui5_key":"sapm.Text{\"text\":\"Manage Conditions & Prices\"}"}]}
RESULT: undefined
COMMAND: POST /session/9a045c4a17e0def218bea7a69d7cd789/element - {"using":"xpath","value":"//*[@id=\"__tile53-title\"]"}
RESULT: {"using":"xpath","value":"//*[@id=\"__tile53-title\"]"}
COMMAND: POST /session/9a045c4a17e0def218bea7a69d7cd789/element/f.F2CC79D104176C4887E06893325B0B16.d.550B4A10F80484EDE3710E53E2E28209.e.15004/click - {}
RESULT: {}
COMMAND: GET /session/9a045c4a17e0def218bea7a69d7cd789/screenshot - {}
RESULT: {}
COMMAND: POST /session/9a045c4a17e0def218bea7a69d7cd789/element - {"using":"xpath","value":"//button[@aria-label=\"Create\"]"}
RESULT: {"using":"xpath","value":"//button[@aria-label=\"Create\"]"}
COMMAND: POST /session/9a045c4a17e0def218bea7a69d7cd789/element/f.F2CC79D104176C4887E06893325B0B16.d.550B4A10F80484EDE3710E53E2E28209.e.15037/click - {}
RESULT: {}
COMMAND: POST /session/9a045c4a17e0def218bea7a69d7cd789/actions - {"actions":[{"id":"action72","type":"key","parameters":{},"actions":[{"type":"keyDown","value":"î€‡"},{"type":"pause","duration":10},{"type":"keyUp","value":"î€‡"}]}]}
COMMAND: GET /session/9a045c4a17e0def218bea7a69d7cd789/screenshot - {}
RESULT: {"actions":[{"id":"action72","type":"key","parameters":{},"actions":[{"type":"keyDown","value":"î€‡"},{"type":"pause","duration":10},{"type":"keyUp","value":"î€‡"}]}]}
COMMAND: GET /session/9a045c4a17e0def218bea7a69d7cd789/screenshot - {}
COMMAND: POST /session/9a045c4a17e0def218bea7a69d7cd789/execute/async - {"script":"<script> [1562 bytes]","args":[{"selector":{"id":"application-manageconditionprice-display-component---newCondition--condBillCond-arrow"},"wdio_ui5_key":"applicationmanageconditionprice-display-component---newCondition--condBillCond-arrow"}]}
RESULT: {}
RESULT: {}
RESULT: {"script":"<script> [1562 bytes]","args":[{"selector":{"id":"application-manageconditionprice-display-component---newCondition--condBillCond-arrow"},"wdio_ui5_key":"applicationmanageconditionprice-display-component---newCondition--condBillCond-arrow"}]}
RESULT: undefined
COMMAND: POST /session/9a045c4a17e0def218bea7a69d7cd789/element - {"using":"xpath","value":"//*[@id=\"application-manageconditionprice-display-component---newCondition--condBillCond-arrow\"]"}
RESULT: {"using":"xpath","value":"//*[@id=\"application-manageconditionprice-display-component---newCondition--condBillCond-arrow\"]"}
COMMAND: POST /session/9a045c4a17e0def218bea7a69d7cd789/element/f.F2CC79D104176C4887E06893325B0B16.d.550B4A10F80484EDE3710E53E2E28209.e.15404/click - {}
RESULT: {}
COMMAND: POST /session/9a045c4a17e0def218bea7a69d7cd789/element - {"using":"xpath","value":"//span[contains(text(), \"DISP - D&I special price\")]"}
COMMAND: GET /session/9a045c4a17e0def218bea7a69d7cd789/screenshot - {}
RESULT: {"using":"xpath","value":"//span[contains(text(), \"DISP - D&I special price\")]"}
COMMAND: POST /session/9a045c4a17e0def218bea7a69d7cd789/element/f.F2CC79D104176C4887E06893325B0B16.d.550B4A10F80484EDE3710E53E2E28209.e.15407/click - {}
RESULT: {}
RESULT: {}
COMMAND: POST /session/9a045c4a17e0def218bea7a69d7cd789/execute/async - {"script":"<script> [1562 bytes]","args":[{"selector":{"id":"application-manageconditionprice-display-component---newCondition--condValidTo","interaction":{"idSuffix":"inner"}},"wdio_ui5_key":"applicationmanageconditionprice-display-component---newCondition--condValidTo"}]}
COMMAND: GET /session/9a045c4a17e0def218bea7a69d7cd789/screenshot - {}
RESULT: {"script":"<script> [1562 bytes]","args":[{"selector":{"id":"application-manageconditionprice-display-component---newCondition--condValidTo","interaction":{"idSuffix":"inner"}},"wdio_ui5_key":"applicationmanageconditionprice-display-component---newCondition--condValidTo"}]}
RESULT: undefined
COMMAND: POST /session/9a045c4a17e0def218bea7a69d7cd789/execute/async - {"script":"<script> [776 bytes]","args":[{"enterText":"5/11/33","selector":{"id":"application-manageconditionprice-display-component---newCondition--condValidTo","interaction":{"idSuffix":"inner"}},"clearTextFirst":true,"interactionType":"ENTER_TEXT"}]}
RESULT: {}
RESULT: {"script":"<script> [776 bytes]","args":[{"enterText":"5/11/33","selector":{"id":"application-manageconditionprice-display-component---newCondition--condValidTo","interaction":{"idSuffix":"inner"}},"clearTextFirst":true,"interactionType":"ENTER_TEXT"}]}
COMMAND: POST /session/9a045c4a17e0def218bea7a69d7cd789/element - {"using":"xpath","value":"//input[@id=\"application-manageconditionprice-display-component---newCondition--condRU-inner\"]"}
RESULT: {"using":"xpath","value":"//input[@id=\"application-manageconditionprice-display-component---newCondition--condRU-inner\"]"}
COMMAND: POST /session/9a045c4a17e0def218bea7a69d7cd789/element/f.F2CC79D104176C4887E06893325B0B16.d.550B4A10F80484EDE3710E53E2E28209.e.15100/clear - {}
RESULT: {}
COMMAND: POST /session/9a045c4a17e0def218bea7a69d7cd789/element/f.F2CC79D104176C4887E06893325B0B16.d.550B4A10F80484EDE3710E53E2E28209.e.15100/value - {"text":"WebdriverRUR2Crhmfb"}
COMMAND: GET /session/9a045c4a17e0def218bea7a69d7cd789/screenshot - {}
RESULT: {"text":"WebdriverRUR2Crhmfb"}
COMMAND: GET /session/9a045c4a17e0def218bea7a69d7cd789/screenshot - {}
RESULT: {}
RESULT: {}
COMMAND: POST /session/9a045c4a17e0def218bea7a69d7cd789/actions - {"actions":[{"id":"action73","type":"key","parameters":{},"actions":[{"type":"keyDown","value":"î€‡"},{"type":"pause","duration":10},{"type":"keyUp","value":"î€‡"}]}]}
RESULT: {"actions":[{"id":"action73","type":"key","parameters":{},"actions":[{"type":"keyDown","value":"î€‡"},{"type":"pause","duration":10},{"type":"keyUp","value":"î€‡"}]}]}
COMMAND: POST /session/9a045c4a17e0def218bea7a69d7cd789/execute/async - {"script":"<script> [1562 bytes]","args":[{"selector":{"id":"application-manageconditionprice-display-component---newCondition--condBaseQty","interaction":{"idSuffix":"inner"}},"wdio_ui5_key":"applicationmanageconditionprice-display-component---newCondition--condBaseQty"}]}
COMMAND: GET /session/9a045c4a17e0def218bea7a69d7cd789/screenshot - {}
RESULT: {"script":"<script> [1562 bytes]","args":[{"selector":{"id":"application-manageconditionprice-display-component---newCondition--condBaseQty","interaction":{"idSuffix":"inner"}},"wdio_ui5_key":"applicationmanageconditionprice-display-component---newCondition--condBaseQty"}]}
RESULT: undefined
COMMAND: POST /session/9a045c4a17e0def218bea7a69d7cd789/execute/async - {"script":"<script> [776 bytes]","args":[{"enterText":"1","selector":{"id":"application-manageconditionprice-display-component---newCondition--condBaseQty","interaction":{"idSuffix":"inner"}},"clearTextFirst":true,"interactionType":"ENTER_TEXT"}]}
RESULT: {}
RESULT: {"script":"<script> [776 bytes]","args":[{"enterText":"1","selector":{"id":"application-manageconditionprice-display-component---newCondition--condBaseQty","interaction":{"idSuffix":"inner"}},"clearTextFirst":true,"interactionType":"ENTER_TEXT"}]}
COMMAND: POST /session/9a045c4a17e0def218bea7a69d7cd789/execute/async - {"script":"<script> [1562 bytes]","args":[{"selector":{"id":"application-manageconditionprice-display-component---newCondition--condValue","interaction":{"idSuffix":"inner"}},"wdio_ui5_key":"applicationmanageconditionprice-display-component---newCondition--condValue"}]}
RESULT: {"script":"<script> [1562 bytes]","args":[{"selector":{"id":"application-manageconditionprice-display-component---newCondition--condValue","interaction":{"idSuffix":"inner"}},"wdio_ui5_key":"applicationmanageconditionprice-display-component---newCondition--condValue"}]}
RESULT: undefined
COMMAND: POST /session/9a045c4a17e0def218bea7a69d7cd789/execute/async - {"script":"<script> [776 bytes]","args":[{"enterText":"100","selector":{"id":"application-manageconditionprice-display-component---newCondition--condValue","interaction":{"idSuffix":"inner"}},"clearTextFirst":true,"interactionType":"ENTER_TEXT"}]}
RESULT: {"script":"<script> [776 bytes]","args":[{"enterText":"100","selector":{"id":"application-manageconditionprice-display-component---newCondition--condValue","interaction":{"idSuffix":"inner"}},"clearTextFirst":true,"interactionType":"ENTER_TEXT"}]}
COMMAND: POST /session/9a045c4a17e0def218bea7a69d7cd789/execute/async - {"script":"<script> [1562 bytes]","args":[{"selector":{"id":"application-manageconditionprice-display-component---newCondition--condCurr-arrow"},"wdio_ui5_key":"applicationmanageconditionprice-display-component---newCondition--condCurr-arrow"}]}
RESULT: {"script":"<script> [1562 bytes]","args":[{"selector":{"id":"application-manageconditionprice-display-component---newCondition--condCurr-arrow"},"wdio_ui5_key":"applicationmanageconditionprice-display-component---newCondition--condCurr-arrow"}]}
RESULT: undefined
COMMAND: POST /session/9a045c4a17e0def218bea7a69d7cd789/element - {"using":"xpath","value":"//*[@id=\"application-manageconditionprice-display-component---newCondition--condCurr-arrow\"]"}
RESULT: {"using":"xpath","value":"//*[@id=\"application-manageconditionprice-display-component---newCondition--condCurr-arrow\"]"}
COMMAND: POST /session/9a045c4a17e0def218bea7a69d7cd789/element/f.F2CC79D104176C4887E06893325B0B16.d.550B4A10F80484EDE3710E53E2E28209.e.15352/click - {}
RESULT: {}
COMMAND: POST /session/9a045c4a17e0def218bea7a69d7cd789/element - {"using":"xpath","value":"//span[contains(text(), \"Euro\")]"}
COMMAND: GET /session/9a045c4a17e0def218bea7a69d7cd789/screenshot - {}
RESULT: {"using":"xpath","value":"//span[contains(text(), \"Euro\")]"}
COMMAND: POST /session/9a045c4a17e0def218bea7a69d7cd789/element/f.F2CC79D104176C4887E06893325B0B16.d.550B4A10F80484EDE3710E53E2E28209.e.15443/click - {}
RESULT: {}
RESULT: {}
COMMAND: POST /session/9a045c4a17e0def218bea7a69d7cd789/element - {"using":"xpath","value":"//button[@data-kt=\"saveButton\"]"}
COMMAND: GET /session/9a045c4a17e0def218bea7a69d7cd789/screenshot - {}
RESULT: {"using":"xpath","value":"//button[@data-kt=\"saveButton\"]"}
COMMAND: POST /session/9a045c4a17e0def218bea7a69d7cd789/element/f.F2CC79D104176C4887E06893325B0B16.d.550B4A10F80484EDE3710E53E2E28209.e.15353/click - {}
RESULT: {}
RESULT: {}
COMMAND: GET /session/9a045c4a17e0def218bea7a69d7cd789/screenshot - {}
RESULT: {}
COMMAND: POST /session/9a045c4a17e0def218bea7a69d7cd789/element - {"using":"css selector","value":"#shell-header-logo"}
RESULT: {"using":"css selector","value":"#shell-header-logo"}
COMMAND: POST /session/9a045c4a17e0def218bea7a69d7cd789/element/f.F2CC79D104176C4887E06893325B0B16.d.550B4A10F80484EDE3710E53E2E28209.e.15007/click - {}
RESULT: {}
COMMAND: GET /session/9a045c4a17e0def218bea7a69d7cd789/screenshot - {}
RESULT: {}
]]></system-out>
    </testcase>
    <testcase classname="chrome.135_0_7049_96.windows.E2E_-_Logistical_and_commercial_statuses" name="Should create a new contract" time="52.344">
      <system-out><![CDATA[
COMMAND: POST /session/9a045c4a17e0def218bea7a69d7cd789/execute/async - {"script":"<script> [1562 bytes]","args":[{"selector":{"controlType":"sap.m.GenericTile","viewName":"etm.portal.ui.managecontractstile.view.Master","i18NText":{"propertyName":"header","key":"manageContractsTileTitle"}},"wdio_ui5_key":"etmportal.ui.managecontractstile.view.Mastersap.m.GenericTile{\"propertyName\":\"header\",\"key\":\"manageContractsTileTitle\"}"}]}
RESULT: {"script":"<script> [1562 bytes]","args":[{"selector":{"controlType":"sap.m.GenericTile","viewName":"etm.portal.ui.managecontractstile.view.Master","i18NText":{"propertyName":"header","key":"manageContractsTileTitle"}},"wdio_ui5_key":"etmportal.ui.managecontractstile.view.Mastersap.m.GenericTile{\"propertyName\":\"header\",\"key\":\"manageContractsTileTitle\"}"}]}
RESULT: undefined
COMMAND: POST /session/9a045c4a17e0def218bea7a69d7cd789/element - {"using":"xpath","value":"//*[@id=\"__tile130\"]"}
RESULT: {"using":"xpath","value":"//*[@id=\"__tile130\"]"}
COMMAND: POST /session/9a045c4a17e0def218bea7a69d7cd789/element/f.F2CC79D104176C4887E06893325B0B16.d.550B4A10F80484EDE3710E53E2E28209.e.15595/click - {}
RESULT: {}
COMMAND: GET /session/9a045c4a17e0def218bea7a69d7cd789/screenshot - {}
RESULT: {}
COMMAND: POST /session/9a045c4a17e0def218bea7a69d7cd789/element - {"using":"xpath","value":"//button[@data-kt=\"addButton\"]"}
RESULT: {"using":"xpath","value":"//button[@data-kt=\"addButton\"]"}
COMMAND: POST /session/9a045c4a17e0def218bea7a69d7cd789/element/f.F2CC79D104176C4887E06893325B0B16.d.550B4A10F80484EDE3710E53E2E28209.e.15666/click - {}
RESULT: {}
COMMAND: GET /session/9a045c4a17e0def218bea7a69d7cd789/screenshot - {}
RESULT: {}
COMMAND: POST /session/9a045c4a17e0def218bea7a69d7cd789/execute/async - {"script":"<script> [1562 bytes]","args":[{"selector":{"id":"application-managecontracts-display-component---AddNewContract--projectDescription","interaction":{"idSuffix":"inner"}},"wdio_ui5_key":"applicationmanagecontracts-display-component---AddNewContract--projectDescription"}]}
RESULT: {"script":"<script> [1562 bytes]","args":[{"selector":{"id":"application-managecontracts-display-component---AddNewContract--projectDescription","interaction":{"idSuffix":"inner"}},"wdio_ui5_key":"applicationmanagecontracts-display-component---AddNewContract--projectDescription"}]}
RESULT: undefined
COMMAND: POST /session/9a045c4a17e0def218bea7a69d7cd789/execute/async - {"script":"<script> [776 bytes]","args":[{"enterText":"WdIOR2c36onl","selector":{"id":"application-managecontracts-display-component---AddNewContract--projectDescription","interaction":{"idSuffix":"inner"}},"clearTextFirst":true,"interactionType":"ENTER_TEXT"}]}
RESULT: {"script":"<script> [776 bytes]","args":[{"enterText":"WdIOR2c36onl","selector":{"id":"application-managecontracts-display-component---AddNewContract--projectDescription","interaction":{"idSuffix":"inner"}},"clearTextFirst":true,"interactionType":"ENTER_TEXT"}]}
COMMAND: POST /session/9a045c4a17e0def218bea7a69d7cd789/element - {"using":"xpath","value":"//input[@id=\"application-managecontracts-display-component---AddNewContract--yardId-inner\"]"}
RESULT: {"using":"xpath","value":"//input[@id=\"application-managecontracts-display-component---AddNewContract--yardId-inner\"]"}
COMMAND: POST /session/9a045c4a17e0def218bea7a69d7cd789/element/f.F2CC79D104176C4887E06893325B0B16.d.550B4A10F80484EDE3710E53E2E28209.e.15917/clear - {}
RESULT: {}
COMMAND: POST /session/9a045c4a17e0def218bea7a69d7cd789/element/f.F2CC79D104176C4887E06893325B0B16.d.550B4A10F80484EDE3710E53E2E28209.e.15917/value - {"text":"WebdriverYardgpjn3"}
COMMAND: GET /session/9a045c4a17e0def218bea7a69d7cd789/screenshot - {}
RESULT: {"text":"WebdriverYardgpjn3"}
COMMAND: GET /session/9a045c4a17e0def218bea7a69d7cd789/screenshot - {}
RESULT: {}
RESULT: {}
COMMAND: POST /session/9a045c4a17e0def218bea7a69d7cd789/actions - {"actions":[{"id":"action74","type":"key","parameters":{},"actions":[{"type":"keyDown","value":"î€‡"},{"type":"pause","duration":10},{"type":"keyUp","value":"î€‡"}]}]}
RESULT: {"actions":[{"id":"action74","type":"key","parameters":{},"actions":[{"type":"keyDown","value":"î€‡"},{"type":"pause","duration":10},{"type":"keyUp","value":"î€‡"}]}]}
COMMAND: GET /session/9a045c4a17e0def218bea7a69d7cd789/screenshot - {}
RESULT: {}
COMMAND: POST /session/9a045c4a17e0def218bea7a69d7cd789/element - {"using":"xpath","value":"//input[@id=\"application-managecontracts-display-component---AddNewContract--customerSelect-inner\"]"}
RESULT: {"using":"xpath","value":"//input[@id=\"application-managecontracts-display-component---AddNewContract--customerSelect-inner\"]"}
COMMAND: POST /session/9a045c4a17e0def218bea7a69d7cd789/element/f.F2CC79D104176C4887E06893325B0B16.d.550B4A10F80484EDE3710E53E2E28209.e.15915/clear - {}
RESULT: {}
COMMAND: POST /session/9a045c4a17e0def218bea7a69d7cd789/element/f.F2CC79D104176C4887E06893325B0B16.d.550B4A10F80484EDE3710E53E2E28209.e.15915/value - {"text":"WebdriverPartner88daeg"}
COMMAND: GET /session/9a045c4a17e0def218bea7a69d7cd789/screenshot - {}
RESULT: {"text":"WebdriverPartner88daeg"}
COMMAND: GET /session/9a045c4a17e0def218bea7a69d7cd789/screenshot - {}
RESULT: {}
RESULT: {}
COMMAND: POST /session/9a045c4a17e0def218bea7a69d7cd789/actions - {"actions":[{"id":"action75","type":"key","parameters":{},"actions":[{"type":"keyDown","value":"î€‡"},{"type":"pause","duration":10},{"type":"keyUp","value":"î€‡"}]}]}
RESULT: {"actions":[{"id":"action75","type":"key","parameters":{},"actions":[{"type":"keyDown","value":"î€‡"},{"type":"pause","duration":10},{"type":"keyUp","value":"î€‡"}]}]}
COMMAND: GET /session/9a045c4a17e0def218bea7a69d7cd789/screenshot - {}
RESULT: {}
COMMAND: POST /session/9a045c4a17e0def218bea7a69d7cd789/element - {"using":"xpath","value":"//input[@id=\"application-managecontracts-display-component---AddNewContract--site-inner\"]"}
RESULT: {"using":"xpath","value":"//input[@id=\"application-managecontracts-display-component---AddNewContract--site-inner\"]"}
COMMAND: POST /session/9a045c4a17e0def218bea7a69d7cd789/element/f.F2CC79D104176C4887E06893325B0B16.d.550B4A10F80484EDE3710E53E2E28209.e.15916/clear - {}
RESULT: {}
COMMAND: POST /session/9a045c4a17e0def218bea7a69d7cd789/element/f.F2CC79D104176C4887E06893325B0B16.d.550B4A10F80484EDE3710E53E2E28209.e.15916/value - {"text":"WebdriverSite98egph"}
COMMAND: GET /session/9a045c4a17e0def218bea7a69d7cd789/screenshot - {}
RESULT: {"text":"WebdriverSite98egph"}
COMMAND: GET /session/9a045c4a17e0def218bea7a69d7cd789/screenshot - {}
RESULT: {}
RESULT: {}
COMMAND: POST /session/9a045c4a17e0def218bea7a69d7cd789/actions - {"actions":[{"id":"action76","type":"key","parameters":{},"actions":[{"type":"keyDown","value":"î€‡"},{"type":"pause","duration":10},{"type":"keyUp","value":"î€‡"}]}]}
RESULT: {"actions":[{"id":"action76","type":"key","parameters":{},"actions":[{"type":"keyDown","value":"î€‡"},{"type":"pause","duration":10},{"type":"keyUp","value":"î€‡"}]}]}
COMMAND: POST /session/9a045c4a17e0def218bea7a69d7cd789/element - {"using":"xpath","value":"//button[@data-kt=\"saveButton\"]"}
COMMAND: GET /session/9a045c4a17e0def218bea7a69d7cd789/screenshot - {}
RESULT: {"using":"xpath","value":"//button[@data-kt=\"saveButton\"]"}
COMMAND: POST /session/9a045c4a17e0def218bea7a69d7cd789/element/f.F2CC79D104176C4887E06893325B0B16.d.550B4A10F80484EDE3710E53E2E28209.e.15935/click - {}
RESULT: {}
RESULT: {}
COMMAND: GET /session/9a045c4a17e0def218bea7a69d7cd789/screenshot - {}
RESULT: {}
COMMAND: POST /session/9a045c4a17e0def218bea7a69d7cd789/execute/async - {"script":"<script> [1562 bytes]","args":[{"selector":{"id":"contractDetailTitleNoExpanded","viewName":"etm.portal.ui.managecontracts.view.Detail"},"wdio_ui5_key":"contractDetailTitleNoExpandedetmportal.ui.managecontracts.view.Detail"}]}
RESULT: {"script":"<script> [1562 bytes]","args":[{"selector":{"id":"contractDetailTitleNoExpanded","viewName":"etm.portal.ui.managecontracts.view.Detail"},"wdio_ui5_key":"contractDetailTitleNoExpandedetmportal.ui.managecontracts.view.Detail"}]}
RESULT: undefined
COMMAND: POST /session/9a045c4a17e0def218bea7a69d7cd789/execute/async - {"script":"<script> [6424 bytes]","args":[{"element-6066-11e4-a52e-4f735466cecf":"f.F2CC79D104176C4887E06893325B0B16.d.550B4A10F80484EDE3710E53E2E28209.e.15956"},"getText",[]]}
RESULT: {"script":"<script> [6424 bytes]","args":[{"element-6066-11e4-a52e-4f735466cecf":"f.F2CC79D104176C4887E06893325B0B16.d.550B4A10F80484EDE3710E53E2E28209.e.15956"},"getText",[]]}
]]></system-out>
    </testcase>
    <testcase classname="chrome.135_0_7049_96.windows.E2E_-_Logistical_and_commercial_statuses" name="Should add materialID to the contract" time="43.349">
      <system-out><![CDATA[
COMMAND: POST /session/9a045c4a17e0def218bea7a69d7cd789/element - {"using":"xpath","value":"//button[@data-kt=\"contractDetailEditBtnButton\"]"}
RESULT: {"using":"xpath","value":"//button[@data-kt=\"contractDetailEditBtnButton\"]"}
COMMAND: POST /session/9a045c4a17e0def218bea7a69d7cd789/element/f.F2CC79D104176C4887E06893325B0B16.d.550B4A10F80484EDE3710E53E2E28209.e.15957/click - {}
RESULT: {}
COMMAND: GET /session/9a045c4a17e0def218bea7a69d7cd789/screenshot - {}
RESULT: {}
COMMAND: POST /session/9a045c4a17e0def218bea7a69d7cd789/element - {"using":"xpath","value":"(//span[contains(text(), \"Additional Addresses\")])[2]"}
RESULT: {"using":"xpath","value":"(//span[contains(text(), \"Additional Addresses\")])[2]"}
COMMAND: POST /session/9a045c4a17e0def218bea7a69d7cd789/element/f.F2CC79D104176C4887E06893325B0B16.d.550B4A10F80484EDE3710E53E2E28209.e.16013/click - {}
RESULT: {}
COMMAND: GET /session/9a045c4a17e0def218bea7a69d7cd789/screenshot - {}
RESULT: {}
COMMAND: POST /session/9a045c4a17e0def218bea7a69d7cd789/element - {"using":"xpath","value":"//button[@data-kt=\"btnAddTableRowOverflowToolbarButton\"]"}
RESULT: {"using":"xpath","value":"//button[@data-kt=\"btnAddTableRowOverflowToolbarButton\"]"}
COMMAND: POST /session/9a045c4a17e0def218bea7a69d7cd789/element/f.F2CC79D104176C4887E06893325B0B16.d.550B4A10F80484EDE3710E53E2E28209.e.16017/click - {}
RESULT: {}
COMMAND: GET /session/9a045c4a17e0def218bea7a69d7cd789/screenshot - {}
RESULT: {}
COMMAND: POST /session/9a045c4a17e0def218bea7a69d7cd789/element - {"using":"xpath","value":"//div[(text() = 'Standard Entry' or . = 'Standard Entry')]"}
RESULT: {"using":"xpath","value":"//div[(text() = 'Standard Entry' or . = 'Standard Entry')]"}
COMMAND: POST /session/9a045c4a17e0def218bea7a69d7cd789/element/f.F2CC79D104176C4887E06893325B0B16.d.550B4A10F80484EDE3710E53E2E28209.e.16019/click - {}
RESULT: {}
COMMAND: POST /session/9a045c4a17e0def218bea7a69d7cd789/element - {"using":"xpath","value":"//td[6]/div/div/input[1]"}
COMMAND: GET /session/9a045c4a17e0def218bea7a69d7cd789/screenshot - {}
RESULT: {"using":"xpath","value":"//td[6]/div/div/input[1]"}
COMMAND: POST /session/9a045c4a17e0def218bea7a69d7cd789/element/f.F2CC79D104176C4887E06893325B0B16.d.550B4A10F80484EDE3710E53E2E28209.e.16021/click - {}
RESULT: {}
RESULT: {}
COMMAND: POST /session/9a045c4a17e0def218bea7a69d7cd789/actions - {"actions":[{"id":"action77","type":"key","parameters":{},"actions":[{"type":"keyDown","value":"î€ƒ"},{"type":"pause","duration":10},{"type":"keyUp","value":"î€ƒ"}]}]}
COMMAND: GET /session/9a045c4a17e0def218bea7a69d7cd789/screenshot - {}
RESULT: {"actions":[{"id":"action77","type":"key","parameters":{},"actions":[{"type":"keyDown","value":"î€ƒ"},{"type":"pause","duration":10},{"type":"keyUp","value":"î€ƒ"}]}]}
COMMAND: POST /session/9a045c4a17e0def218bea7a69d7cd789/element - {"using":"xpath","value":"//td[6]/div/div/input[1]"}
COMMAND: GET /session/9a045c4a17e0def218bea7a69d7cd789/screenshot - {}
RESULT: {}
RESULT: {"using":"xpath","value":"//td[6]/div/div/input[1]"}
COMMAND: POST /session/9a045c4a17e0def218bea7a69d7cd789/element/f.F2CC79D104176C4887E06893325B0B16.d.550B4A10F80484EDE3710E53E2E28209.e.16021/clear - {}
RESULT: {}
RESULT: {}
COMMAND: POST /session/9a045c4a17e0def218bea7a69d7cd789/element/f.F2CC79D104176C4887E06893325B0B16.d.550B4A10F80484EDE3710E53E2E28209.e.16021/value - {"text":"Material"}
COMMAND: GET /session/9a045c4a17e0def218bea7a69d7cd789/screenshot - {}
RESULT: {"text":"Material"}
COMMAND: GET /session/9a045c4a17e0def218bea7a69d7cd789/screenshot - {}
RESULT: {}
RESULT: {}
COMMAND: POST /session/9a045c4a17e0def218bea7a69d7cd789/actions - {"actions":[{"id":"action78","type":"key","parameters":{},"actions":[{"type":"keyDown","value":"î€‡"},{"type":"pause","duration":10},{"type":"keyUp","value":"î€‡"}]}]}
RESULT: {"actions":[{"id":"action78","type":"key","parameters":{},"actions":[{"type":"keyDown","value":"î€‡"},{"type":"pause","duration":10},{"type":"keyUp","value":"î€‡"}]}]}
COMMAND: GET /session/9a045c4a17e0def218bea7a69d7cd789/screenshot - {}
RESULT: {}
COMMAND: POST /session/9a045c4a17e0def218bea7a69d7cd789/actions - {"actions":[{"id":"action79","type":"key","parameters":{},"actions":[{"type":"keyDown","value":"î€‡"},{"type":"pause","duration":10},{"type":"keyUp","value":"î€‡"}]}]}
RESULT: {"actions":[{"id":"action79","type":"key","parameters":{},"actions":[{"type":"keyDown","value":"î€‡"},{"type":"pause","duration":10},{"type":"keyUp","value":"î€‡"}]}]}
COMMAND: POST /session/9a045c4a17e0def218bea7a69d7cd789/element - {"using":"xpath","value":"//td[7]/div/div/input"}
COMMAND: GET /session/9a045c4a17e0def218bea7a69d7cd789/screenshot - {}
RESULT: {"using":"xpath","value":"//td[7]/div/div/input"}
COMMAND: POST /session/9a045c4a17e0def218bea7a69d7cd789/element/f.F2CC79D104176C4887E06893325B0B16.d.550B4A10F80484EDE3710E53E2E28209.e.16034/clear - {}
RESULT: {}
RESULT: {}
COMMAND: POST /session/9a045c4a17e0def218bea7a69d7cd789/element/f.F2CC79D104176C4887E06893325B0B16.d.550B4A10F80484EDE3710E53E2E28209.e.16034/value - {"text":"WebdriverRUR2Crhmfb"}
COMMAND: GET /session/9a045c4a17e0def218bea7a69d7cd789/screenshot - {}
RESULT: {"text":"WebdriverRUR2Crhmfb"}
COMMAND: GET /session/9a045c4a17e0def218bea7a69d7cd789/screenshot - {}
RESULT: {}
RESULT: {}
COMMAND: POST /session/9a045c4a17e0def218bea7a69d7cd789/actions - {"actions":[{"id":"action80","type":"key","parameters":{},"actions":[{"type":"keyDown","value":"î€‡"},{"type":"pause","duration":10},{"type":"keyUp","value":"î€‡"}]}]}
RESULT: {"actions":[{"id":"action80","type":"key","parameters":{},"actions":[{"type":"keyDown","value":"î€‡"},{"type":"pause","duration":10},{"type":"keyUp","value":"î€‡"}]}]}
COMMAND: GET /session/9a045c4a17e0def218bea7a69d7cd789/screenshot - {}
RESULT: {}
COMMAND: POST /session/9a045c4a17e0def218bea7a69d7cd789/actions - {"actions":[{"id":"action81","type":"key","parameters":{},"actions":[{"type":"keyDown","value":"î€‡"},{"type":"pause","duration":10},{"type":"keyUp","value":"î€‡"}]}]}
RESULT: {"actions":[{"id":"action81","type":"key","parameters":{},"actions":[{"type":"keyDown","value":"î€‡"},{"type":"pause","duration":10},{"type":"keyUp","value":"î€‡"}]}]}
COMMAND: GET /session/9a045c4a17e0def218bea7a69d7cd789/screenshot - {}
RESULT: {}
COMMAND: POST /session/9a045c4a17e0def218bea7a69d7cd789/element - {"using":"xpath","value":"(//button[@data-kt=\"saveButton\"])[2]"}
RESULT: {"using":"xpath","value":"(//button[@data-kt=\"saveButton\"])[2]"}
COMMAND: POST /session/9a045c4a17e0def218bea7a69d7cd789/element/f.F2CC79D104176C4887E06893325B0B16.d.550B4A10F80484EDE3710E53E2E28209.e.16057/click - {}
RESULT: {}
COMMAND: GET /session/9a045c4a17e0def218bea7a69d7cd789/screenshot - {}
RESULT: {}
]]></system-out>
    </testcase>
    <testcase classname="chrome.135_0_7049_96.windows.E2E_-_Logistical_and_commercial_statuses" name="It should follow the handover steps to the status fully provided" time="336.864">
      <system-out><![CDATA[
COMMAND: POST /session/9a045c4a17e0def218bea7a69d7cd789/execute/async - {"script":"<script> [1562 bytes]","args":[{"selector":{"id":"contractDetailProvideButton","viewName":"etm.portal.ui.managecontracts.view.Detail","interaction":{"idSuffix":"BDI-content"}},"wdio_ui5_key":"contractDetailProvideButtonetmportal.ui.managecontracts.view.Detail"}]}
RESULT: {"script":"<script> [1562 bytes]","args":[{"selector":{"id":"contractDetailProvideButton","viewName":"etm.portal.ui.managecontracts.view.Detail","interaction":{"idSuffix":"BDI-content"}},"wdio_ui5_key":"contractDetailProvideButtonetmportal.ui.managecontracts.view.Detail"}]}
RESULT: undefined
COMMAND: POST /session/9a045c4a17e0def218bea7a69d7cd789/element - {"using":"xpath","value":"//*[@id=\"__xmlview61--contractDetailProvideButton\"]"}
RESULT: {"using":"xpath","value":"//*[@id=\"__xmlview61--contractDetailProvideButton\"]"}
COMMAND: POST /session/9a045c4a17e0def218bea7a69d7cd789/element/f.F2CC79D104176C4887E06893325B0B16.d.550B4A10F80484EDE3710E53E2E28209.e.16062/click - {}
RESULT: {}
COMMAND: GET /session/9a045c4a17e0def218bea7a69d7cd789/screenshot - {}
RESULT: {}
COMMAND: POST /session/9a045c4a17e0def218bea7a69d7cd789/execute/async - {"script":"<script> [1562 bytes]","args":[{"selector":{"id":"application-managehandovers-display-component---AddNewHO--oneStep","interaction":{"idSuffix":"CbBg"}},"wdio_ui5_key":"applicationmanagehandovers-display-component---AddNewHO--oneStep"}]}
RESULT: {"script":"<script> [1562 bytes]","args":[{"selector":{"id":"application-managehandovers-display-component---AddNewHO--oneStep","interaction":{"idSuffix":"CbBg"}},"wdio_ui5_key":"applicationmanagehandovers-display-component---AddNewHO--oneStep"}]}
RESULT: undefined
COMMAND: POST /session/9a045c4a17e0def218bea7a69d7cd789/element - {"using":"xpath","value":"//*[@id=\"application-managehandovers-display-component---AddNewHO--oneStep\"]"}
RESULT: {"using":"xpath","value":"//*[@id=\"application-managehandovers-display-component---AddNewHO--oneStep\"]"}
COMMAND: POST /session/9a045c4a17e0def218bea7a69d7cd789/element/f.F2CC79D104176C4887E06893325B0B16.d.550B4A10F80484EDE3710E53E2E28209.e.16224/click - {}
RESULT: {}
RESULT: undefined
COMMAND: POST /session/9a045c4a17e0def218bea7a69d7cd789/execute/async - {"script":"<script> [776 bytes]","args":[{"enterText":"05/01/25","selector":{"id":"application-managehandovers-display-component---AddNewHO--dueDate","interaction":{"idSuffix":"inner"}},"clearTextFirst":true,"interactionType":"ENTER_TEXT"}]}
COMMAND: GET /session/9a045c4a17e0def218bea7a69d7cd789/screenshot - {}
RESULT: {"script":"<script> [776 bytes]","args":[{"enterText":"05/01/25","selector":{"id":"application-managehandovers-display-component---AddNewHO--dueDate","interaction":{"idSuffix":"inner"}},"clearTextFirst":true,"interactionType":"ENTER_TEXT"}]}
RESULT: undefined
COMMAND: POST /session/9a045c4a17e0def218bea7a69d7cd789/element - {"using":"xpath","value":"//*[@id=\"application-managehandovers-display-component---AddNewHO--ObjectPageLayout-anchBar-application-managehandovers-display-component---AddNewHO--section4-anchor\"]"}
RESULT: {}
RESULT: {"using":"xpath","value":"//*[@id=\"application-managehandovers-display-component---AddNewHO--ObjectPageLayout-anchBar-application-managehandovers-display-component---AddNewHO--section4-anchor\"]"}
COMMAND: POST /session/9a045c4a17e0def218bea7a69d7cd789/element/f.F2CC79D104176C4887E06893325B0B16.d.550B4A10F80484EDE3710E53E2E28209.e.16227/click - {}
RESULT: {}
COMMAND: POST /session/9a045c4a17e0def218bea7a69d7cd789/execute/async - {"script":"<script> [1562 bytes]","args":[{"selector":{"controlType":"sap.ui.core.Icon","viewName":"etm.portal.ui.managehandovers.view.AddNewHO","viewId":"application-managehandovers-display-component---AddNewHO","properties":{"src":{"regex":{"source":"add"}}}},"wdio_ui5_key":"etmportal.ui.managehandovers.view.AddNewHOsap.ui.core.Icon{\"src\":{\"regex\":{\"source\":\"add\"}}}"}]}
COMMAND: GET /session/9a045c4a17e0def218bea7a69d7cd789/screenshot - {}
RESULT: {"script":"<script> [1562 bytes]","args":[{"selector":{"controlType":"sap.ui.core.Icon","viewName":"etm.portal.ui.managehandovers.view.AddNewHO","viewId":"application-managehandovers-display-component---AddNewHO","properties":{"src":{"regex":{"source":"add"}}}},"wdio_ui5_key":"etmportal.ui.managehandovers.view.AddNewHOsap.ui.core.Icon{\"src\":{\"regex\":{\"source\":\"add\"}}}"}]}
RESULT: undefined
COMMAND: POST /session/9a045c4a17e0def218bea7a69d7cd789/element - {"using":"xpath","value":"//*[@id=\"__button172-img\"]"}
RESULT: {}
RESULT: {"using":"xpath","value":"//*[@id=\"__button172-img\"]"}
COMMAND: POST /session/9a045c4a17e0def218bea7a69d7cd789/element/f.F2CC79D104176C4887E06893325B0B16.d.550B4A10F80484EDE3710E53E2E28209.e.16231/click - {}
RESULT: {}
COMMAND: GET /session/9a045c4a17e0def218bea7a69d7cd789/screenshot - {}
RESULT: {}
RESULT: undefined
COMMAND: POST /session/9a045c4a17e0def218bea7a69d7cd789/element - {"using":"xpath","value":"//*[@id=\"application-managehandovers-display-component---AddNewHO--popup-sa\"]"}
RESULT: {"using":"xpath","value":"//*[@id=\"application-managehandovers-display-component---AddNewHO--popup-sa\"]"}
COMMAND: POST /session/9a045c4a17e0def218bea7a69d7cd789/element/f.F2CC79D104176C4887E06893325B0B16.d.550B4A10F80484EDE3710E53E2E28209.e.16247/click - {}
RESULT: {}
COMMAND: POST /session/9a045c4a17e0def218bea7a69d7cd789/execute/async - {"script":"<script> [1562 bytes]","args":[{"selector":{"controlType":"sap.m.Button","viewName":"etm.portal.ui.managehandovers.view.AddNewHO","viewId":"application-managehandovers-display-component---AddNewHO","i18NText":{"propertyName":"text","key":"select"},"searchOpenDialogs":true,"interaction":{"idSuffix":"inner"}},"wdio_ui5_key":"etmportal.ui.managehandovers.view.AddNewHOsap.m.Button{\"propertyName\":\"text\",\"key\":\"select\"}"}]}
COMMAND: GET /session/9a045c4a17e0def218bea7a69d7cd789/screenshot - {}
RESULT: {"script":"<script> [1562 bytes]","args":[{"selector":{"controlType":"sap.m.Button","viewName":"etm.portal.ui.managehandovers.view.AddNewHO","viewId":"application-managehandovers-display-component---AddNewHO","i18NText":{"propertyName":"text","key":"select"},"searchOpenDialogs":true,"interaction":{"idSuffix":"inner"}},"wdio_ui5_key":"etmportal.ui.managehandovers.view.AddNewHOsap.m.Button{\"propertyName\":\"text\",\"key\":\"select\"}"}]}
RESULT: undefined
COMMAND: POST /session/9a045c4a17e0def218bea7a69d7cd789/element - {"using":"xpath","value":"//*[@id=\"__button176\"]"}
RESULT: {}
RESULT: {"using":"xpath","value":"//*[@id=\"__button176\"]"}
COMMAND: POST /session/9a045c4a17e0def218bea7a69d7cd789/element/f.F2CC79D104176C4887E06893325B0B16.d.550B4A10F80484EDE3710E53E2E28209.e.16249/click - {}
RESULT: {}
COMMAND: POST /session/9a045c4a17e0def218bea7a69d7cd789/execute/async - {"script":"<script> [1562 bytes]","args":[{"selector":{"id":"application-managehandovers-display-component---AddNewHO--confirmCreationButton","interaction":{"idSuffix":"BDI-content"}},"wdio_ui5_key":"applicationmanagehandovers-display-component---AddNewHO--confirmCreationButton"}]}
COMMAND: GET /session/9a045c4a17e0def218bea7a69d7cd789/screenshot - {}
RESULT: {"script":"<script> [1562 bytes]","args":[{"selector":{"id":"application-managehandovers-display-component---AddNewHO--confirmCreationButton","interaction":{"idSuffix":"BDI-content"}},"wdio_ui5_key":"applicationmanagehandovers-display-component---AddNewHO--confirmCreationButton"}]}
RESULT: undefined
COMMAND: POST /session/9a045c4a17e0def218bea7a69d7cd789/element - {"using":"xpath","value":"//*[@id=\"application-managehandovers-display-component---AddNewHO--confirmCreationButton\"]"}
RESULT: {}
RESULT: {"using":"xpath","value":"//*[@id=\"application-managehandovers-display-component---AddNewHO--confirmCreationButton\"]"}
COMMAND: POST /session/9a045c4a17e0def218bea7a69d7cd789/element/f.F2CC79D104176C4887E06893325B0B16.d.550B4A10F80484EDE3710E53E2E28209.e.16185/click - {}
RESULT: {}
COMMAND: GET /session/9a045c4a17e0def218bea7a69d7cd789/screenshot - {}
RESULT: {}
COMMAND: POST /session/9a045c4a17e0def218bea7a69d7cd789/element - {"using":"xpath","value":"//a[contains(@data-kt ,\"GeneralSectionReceiveContracttLink\")]"}
RESULT: {"using":"xpath","value":"//a[contains(@data-kt ,\"GeneralSectionReceiveContracttLink\")]"}
COMMAND: POST /session/9a045c4a17e0def218bea7a69d7cd789/element/f.F2CC79D104176C4887E06893325B0B16.d.550B4A10F80484EDE3710E53E2E28209.e.16302/click - {}
RESULT: {}
COMMAND: GET /session/9a045c4a17e0def218bea7a69d7cd789/screenshot - {}
RESULT: {}
COMMAND: POST /session/9a045c4a17e0def218bea7a69d7cd789/element - {"using":"xpath","value":"//a[contains(@data-kt ,\"ContextMenuId2Link\")]"}
RESULT: {"using":"xpath","value":"//a[contains(@data-kt ,\"ContextMenuId2Link\")]"}
COMMAND: POST /session/9a045c4a17e0def218bea7a69d7cd789/element/f.F2CC79D104176C4887E06893325B0B16.d.550B4A10F80484EDE3710E53E2E28209.e.16306/click - {}
RESULT: {}
COMMAND: GET /session/9a045c4a17e0def218bea7a69d7cd789/screenshot - {}
RESULT: {}
COMMAND: POST /session/9a045c4a17e0def218bea7a69d7cd789/execute/async - {"script":"<script> [1562 bytes]","args":[{"selector":{"controlType":"sap.m.ObjectStatus","viewName":"etm.portal.ui.managecontracts.view.Detail","bindingPath":{"propertyPath":"LINK_TO_LOGISTICAL_STATUS/DESCRIPTION","modelName":"catalogModel"}},"wdio_ui5_key":"etmportal.ui.managecontracts.view.Detailsap.m.ObjectStatus{\"propertyPath\":\"LINK_TO_LOGISTICAL_STATUS/DESCRIPTION\",\"modelName\":\"catalogModel\"}"}]}
RESULT: {"script":"<script> [1562 bytes]","args":[{"selector":{"controlType":"sap.m.ObjectStatus","viewName":"etm.portal.ui.managecontracts.view.Detail","bindingPath":{"propertyPath":"LINK_TO_LOGISTICAL_STATUS/DESCRIPTION","modelName":"catalogModel"}},"wdio_ui5_key":"etmportal.ui.managecontracts.view.Detailsap.m.ObjectStatus{\"propertyPath\":\"LINK_TO_LOGISTICAL_STATUS/DESCRIPTION\",\"modelName\":\"catalogModel\"}"}]}
RESULT: undefined
COMMAND: POST /session/9a045c4a17e0def218bea7a69d7cd789/execute/async - {"script":"<script> [6424 bytes]","args":[{"element-6066-11e4-a52e-4f735466cecf":"f.F2CC79D104176C4887E06893325B0B16.d.550B4A10F80484EDE3710E53E2E28209.e.16523"},"getText",[]]}
RESULT: {"script":"<script> [6424 bytes]","args":[{"element-6066-11e4-a52e-4f735466cecf":"f.F2CC79D104176C4887E06893325B0B16.d.550B4A10F80484EDE3710E53E2E28209.e.16523"},"getText",[]]}
COMMAND: POST /session/9a045c4a17e0def218bea7a69d7cd789/execute/async - {"script":"<script> [1562 bytes]","args":[{"selector":{"controlType":"sap.m.ObjectStatus","viewName":"etm.portal.ui.managecontracts.view.Detail","bindingPath":{"propertyPath":"LINK_TO_COMMERCIAL_STATUS/DESCRIPTION","modelName":"catalogModel"}},"wdio_ui5_key":"etmportal.ui.managecontracts.view.Detailsap.m.ObjectStatus{\"propertyPath\":\"LINK_TO_COMMERCIAL_STATUS/DESCRIPTION\",\"modelName\":\"catalogModel\"}"}]}
RESULT: {"script":"<script> [1562 bytes]","args":[{"selector":{"controlType":"sap.m.ObjectStatus","viewName":"etm.portal.ui.managecontracts.view.Detail","bindingPath":{"propertyPath":"LINK_TO_COMMERCIAL_STATUS/DESCRIPTION","modelName":"catalogModel"}},"wdio_ui5_key":"etmportal.ui.managecontracts.view.Detailsap.m.ObjectStatus{\"propertyPath\":\"LINK_TO_COMMERCIAL_STATUS/DESCRIPTION\",\"modelName\":\"catalogModel\"}"}]}
RESULT: undefined
COMMAND: POST /session/9a045c4a17e0def218bea7a69d7cd789/execute/async - {"script":"<script> [6424 bytes]","args":[{"element-6066-11e4-a52e-4f735466cecf":"f.F2CC79D104176C4887E06893325B0B16.d.550B4A10F80484EDE3710E53E2E28209.e.16524"},"getText",[]]}
RESULT: {"script":"<script> [6424 bytes]","args":[{"element-6066-11e4-a52e-4f735466cecf":"f.F2CC79D104176C4887E06893325B0B16.d.550B4A10F80484EDE3710E53E2E28209.e.16524"},"getText",[]]}
COMMAND: POST /session/9a045c4a17e0def218bea7a69d7cd789/execute/async - {"script":"<script> [1562 bytes]","args":[{"selector":{"id":"backBtn"},"wdio_ui5_key":"backBtn"}]}
RESULT: {"script":"<script> [1562 bytes]","args":[{"selector":{"id":"backBtn"},"wdio_ui5_key":"backBtn"}]}
RESULT: undefined
COMMAND: POST /session/9a045c4a17e0def218bea7a69d7cd789/element - {"using":"xpath","value":"//*[@id=\"backBtn\"]"}
RESULT: {"using":"xpath","value":"//*[@id=\"backBtn\"]"}
COMMAND: POST /session/9a045c4a17e0def218bea7a69d7cd789/element/f.F2CC79D104176C4887E06893325B0B16.d.550B4A10F80484EDE3710E53E2E28209.e.16525/click - {}
RESULT: {}
COMMAND: GET /session/9a045c4a17e0def218bea7a69d7cd789/screenshot - {}
COMMAND: POST /session/9a045c4a17e0def218bea7a69d7cd789/execute/async - {"script":"<script> [1562 bytes]","args":[{"selector":{"controlType":"sap.m.Text","viewName":"etm.portal.ui.managehandovers.view.DetailExecuteHO","bindingPath":{"propertyPath":"NO","modelName":"catalogModel"}},"wdio_ui5_key":"etmportal.ui.managehandovers.view.DetailExecuteHOsap.m.Text{\"propertyPath\":\"NO\",\"modelName\":\"catalogModel\"}"}]}
RESULT: {}
RESULT: {"script":"<script> [1562 bytes]","args":[{"selector":{"controlType":"sap.m.Text","viewName":"etm.portal.ui.managehandovers.view.DetailExecuteHO","bindingPath":{"propertyPath":"NO","modelName":"catalogModel"}},"wdio_ui5_key":"etmportal.ui.managehandovers.view.DetailExecuteHOsap.m.Text{\"propertyPath\":\"NO\",\"modelName\":\"catalogModel\"}"}]}
RESULT: undefined
COMMAND: POST /session/9a045c4a17e0def218bea7a69d7cd789/execute/async - {"script":"<script> [6424 bytes]","args":[{"element-6066-11e4-a52e-4f735466cecf":"f.F2CC79D104176C4887E06893325B0B16.d.550B4A10F80484EDE3710E53E2E28209.e.16680"},"getText",[]]}
RESULT: {"script":"<script> [6424 bytes]","args":[{"element-6066-11e4-a52e-4f735466cecf":"f.F2CC79D104176C4887E06893325B0B16.d.550B4A10F80484EDE3710E53E2E28209.e.16680"},"getText",[]]}
COMMAND: POST /session/9a045c4a17e0def218bea7a69d7cd789/execute/async - {"script":"<script> [1562 bytes]","args":[{"selector":{"controlType":"sap.m.Button","viewName":"etm.portal.ui.managehandovers.view.DetailExecuteHO","i18NText":{"propertyName":"text","key":"confirmAll"},"interaction":{"idSuffix":"inner"}},"wdio_ui5_key":"etmportal.ui.managehandovers.view.DetailExecuteHOsap.m.Button{\"propertyName\":\"text\",\"key\":\"confirmAll\"}"}]}
RESULT: {"script":"<script> [1562 bytes]","args":[{"selector":{"controlType":"sap.m.Button","viewName":"etm.portal.ui.managehandovers.view.DetailExecuteHO","i18NText":{"propertyName":"text","key":"confirmAll"},"interaction":{"idSuffix":"inner"}},"wdio_ui5_key":"etmportal.ui.managehandovers.view.DetailExecuteHOsap.m.Button{\"propertyName\":\"text\",\"key\":\"confirmAll\"}"}]}
RESULT: undefined
COMMAND: POST /session/9a045c4a17e0def218bea7a69d7cd789/element - {"using":"xpath","value":"//*[@id=\"__button259\"]"}
RESULT: {"using":"xpath","value":"//*[@id=\"__button259\"]"}
COMMAND: POST /session/9a045c4a17e0def218bea7a69d7cd789/element/f.F2CC79D104176C4887E06893325B0B16.d.550B4A10F80484EDE3710E53E2E28209.e.16682/click - {}
RESULT: {}
COMMAND: GET /session/9a045c4a17e0def218bea7a69d7cd789/screenshot - {}
RESULT: {}
COMMAND: POST /session/9a045c4a17e0def218bea7a69d7cd789/execute/async - {"script":"<script> [1562 bytes]","args":[{"selector":{"controlType":"sap.m.Button","properties":{"text":"OK"},"searchOpenDialogs":true,"interaction":{"idSuffix":"content"}},"wdio_ui5_key":"sapm.Button{\"text\":\"OK\"}"}]}
RESULT: {"script":"<script> [1562 bytes]","args":[{"selector":{"controlType":"sap.m.Button","properties":{"text":"OK"},"searchOpenDialogs":true,"interaction":{"idSuffix":"content"}},"wdio_ui5_key":"sapm.Button{\"text\":\"OK\"}"}]}
RESULT: undefined
COMMAND: POST /session/9a045c4a17e0def218bea7a69d7cd789/element - {"using":"xpath","value":"//*[@id=\"__mbox-btn-2\"]"}
RESULT: {"using":"xpath","value":"//*[@id=\"__mbox-btn-2\"]"}
COMMAND: POST /session/9a045c4a17e0def218bea7a69d7cd789/element/f.F2CC79D104176C4887E06893325B0B16.d.550B4A10F80484EDE3710E53E2E28209.e.16685/click - {}
RESULT: {}
COMMAND: GET /session/9a045c4a17e0def218bea7a69d7cd789/screenshot - {}
RESULT: {}
COMMAND: POST /session/9a045c4a17e0def218bea7a69d7cd789/element - {"using":"xpath","value":"//button[contains(@data-kt ,\"execHoPickFooterButton\")]"}
RESULT: {"using":"xpath","value":"//button[contains(@data-kt ,\"execHoPickFooterButton\")]"}
COMMAND: POST /session/9a045c4a17e0def218bea7a69d7cd789/element/f.F2CC79D104176C4887E06893325B0B16.d.550B4A10F80484EDE3710E53E2E28209.e.16688/click - {}
RESULT: {}
COMMAND: GET /session/9a045c4a17e0def218bea7a69d7cd789/screenshot - {}
RESULT: {}
COMMAND: POST /session/9a045c4a17e0def218bea7a69d7cd789/refresh - {}
RESULT: {}
COMMAND: GET /session/9a045c4a17e0def218bea7a69d7cd789/screenshot - {}
RESULT: {}
COMMAND: POST /session/9a045c4a17e0def218bea7a69d7cd789/refresh - {}
RESULT: {}
COMMAND: GET /session/9a045c4a17e0def218bea7a69d7cd789/screenshot - {}
RESULT: {}
COMMAND: POST /session/9a045c4a17e0def218bea7a69d7cd789/window/fullscreen - {}
RESULT: {}
COMMAND: POST /session/9a045c4a17e0def218bea7a69d7cd789/execute/async - {"script":"<script> [189 bytes]","args":[]}
RESULT: {"script":"<script> [189 bytes]","args":[]}
COMMAND: POST /session/9a045c4a17e0def218bea7a69d7cd789/execute/async - {"script":"<script> [123 bytes]","args":[]}
RESULT: {"script":"<script> [123 bytes]","args":[]}
COMMAND: POST /session/9a045c4a17e0def218bea7a69d7cd789/timeouts - {"script":"<number>"}
RESULT: {"script":"<number>"}
COMMAND: GET /session/9a045c4a17e0def218bea7a69d7cd789/timeouts - {}
RESULT: {}
RESULT: undefined
COMMAND: POST /session/9a045c4a17e0def218bea7a69d7cd789/execute/async - {"script":"<script> [2676 bytes]","args":[]}
RESULT: {"script":"<script> [2676 bytes]","args":[]}
COMMAND: POST /session/9a045c4a17e0def218bea7a69d7cd789/execute/async - {"script":"<script> [2342 bytes]","args":[{"protocol":"http","hostname":"0.0.0.0","path":"/","capabilities":{"browserName":"chrome","goog:chromeOptions":{"binary":"C:\\Program Files\\Google\\Chrome\\Application\\chrome.exe","args":["--start-maximized"]}},"logLevel":"warn","connectionRetryTimeout":120000,"connectionRetryCount":3,"logLevels":{},"enableDirectConnect":true,"strictSSL":true,"_":"65 more keys: [\"cacheDir\",\"port\",\"requestedCapabilities\",\"automationProtocol\",\"baseUrl\",\"waitforInterval\",\"waitforTimeout\",\"onReload\",\"beforeCommand\",\"afterCommand\",\"rootDir\",\"specs\",\"suites\",\"exclude\",\"groupLogsByTestSpec\",\"excludeDriverLogs\",\"bail\",\"framework\",\"reporters\",\"services\",\"maxInstances\",\"maxInstancesPerCapability\",\"injectGlobals\",\"filesToWatch\",\"execArgv\",\"runnerEnv\",\"runner\",\"shard\",\"specFileRetries\",\"specFileRetriesDelay\",\"specFileRetriesDeferred\",\"reporterSyncInterval\",\"reporterSyncTimeout\",\"cucumberFeaturesWithLineNumbers\",\"autoCompileOpts\",\"mochaOpts\",\"jasmineOpts\",\"cucumberOpts\",\"onPrepare\",\"onWorkerStart\",\"onWorkerEnd\",\"before\",\"beforeSession\",\"beforeSuite\",\"beforeHook\",\"beforeTest\",\"afterTest\",\"afterHook\",\"afterSuite\",\"afterSession\",\"after\",\"onComplete\",\"beforeAssertion\",\"afterAssertion\",\"beforeFeature\",\"beforeScenario\",\"beforeStep\",\"afterStep\",\"afterScenario\",\"afterFeature\",\"_\",\"suite\",\"$0\",\"ignoredWorkerServices\",\"wdi5\"]"}]}
RESULT: {"script":"<script> [2342 bytes]","args":[{"protocol":"http","hostname":"0.0.0.0","path":"/","capabilities":{"browserName":"chrome","goog:chromeOptions":{"binary":"C:\\Program Files\\Google\\Chrome\\Application\\chrome.exe","args":["--start-maximized"]}},"logLevel":"warn","connectionRetryTimeout":120000,"connectionRetryCount":3,"logLevels":{},"enableDirectConnect":true,"strictSSL":true,"_":"65 more keys: [\"cacheDir\",\"port\",\"requestedCapabilities\",\"automationProtocol\",\"baseUrl\",\"waitforInterval\",\"waitforTimeout\",\"onReload\",\"beforeCommand\",\"afterCommand\",\"rootDir\",\"specs\",\"suites\",\"exclude\",\"groupLogsByTestSpec\",\"excludeDriverLogs\",\"bail\",\"framework\",\"reporters\",\"services\",\"maxInstances\",\"maxInstancesPerCapability\",\"injectGlobals\",\"filesToWatch\",\"execArgv\",\"runnerEnv\",\"runner\",\"shard\",\"specFileRetries\",\"specFileRetriesDelay\",\"specFileRetriesDeferred\",\"reporterSyncInterval\",\"reporterSyncTimeout\",\"cucumberFeaturesWithLineNumbers\",\"autoCompileOpts\",\"mochaOpts\",\"jasmineOpts\",\"cucumberOpts\",\"onPrepare\",\"onWorkerStart\",\"onWorkerEnd\",\"before\",\"beforeSession\",\"beforeSuite\",\"beforeHook\",\"beforeTest\",\"afterTest\",\"afterHook\",\"afterSuite\",\"afterSession\",\"after\",\"onComplete\",\"beforeAssertion\",\"afterAssertion\",\"beforeFeature\",\"beforeScenario\",\"beforeStep\",\"afterStep\",\"afterScenario\",\"afterFeature\",\"_\",\"suite\",\"$0\",\"ignoredWorkerServices\",\"wdi5\"]"}]}
COMMAND: POST /session/9a045c4a17e0def218bea7a69d7cd789/execute/async - {"script":"<script> [21126 bytes]","args":[35000]}
RESULT: {"script":"<script> [21126 bytes]","args":[35000]}
COMMAND: POST /session/9a045c4a17e0def218bea7a69d7cd789/execute/async - {"script":"<script> [1562 bytes]","args":[{"selector":{"controlType":"sap.m.SearchField","viewName":"etm.portal.ui.managehandovers.view.MasterHO","bindingPath":{"path":"","propertyPath":"/_BASIC_SEARCH_FIELD","modelName":"fi1t3rM0d31"},"interaction":{"idSuffix":"I"}},"wdio_ui5_key":"etmportal.ui.managehandovers.view.MasterHOsap.m.SearchField{\"path\":\"\",\"propertyPath\":\"/_BASIC_SEARCH_FIELD\",\"modelName\":\"fi1t3rM0d31\"}"}]}
RESULT: {"script":"<script> [1562 bytes]","args":[{"selector":{"controlType":"sap.m.SearchField","viewName":"etm.portal.ui.managehandovers.view.MasterHO","bindingPath":{"path":"","propertyPath":"/_BASIC_SEARCH_FIELD","modelName":"fi1t3rM0d31"},"interaction":{"idSuffix":"I"}},"wdio_ui5_key":"etmportal.ui.managehandovers.view.MasterHOsap.m.SearchField{\"path\":\"\",\"propertyPath\":\"/_BASIC_SEARCH_FIELD\",\"modelName\":\"fi1t3rM0d31\"}"}]}
RESULT: undefined
COMMAND: POST /session/9a045c4a17e0def218bea7a69d7cd789/execute/async - {"script":"<script> [776 bytes]","args":[{"enterText":"30634","selector":{"controlType":"sap.m.SearchField","viewName":"etm.portal.ui.managehandovers.view.MasterHO","bindingPath":{"path":"","propertyPath":"/_BASIC_SEARCH_FIELD","modelName":"fi1t3rM0d31"},"interaction":{"idSuffix":"I"}},"clearTextFirst":true,"interactionType":"ENTER_TEXT"}]}
RESULT: {"script":"<script> [776 bytes]","args":[{"enterText":"30634","selector":{"controlType":"sap.m.SearchField","viewName":"etm.portal.ui.managehandovers.view.MasterHO","bindingPath":{"path":"","propertyPath":"/_BASIC_SEARCH_FIELD","modelName":"fi1t3rM0d31"},"interaction":{"idSuffix":"I"}},"clearTextFirst":true,"interactionType":"ENTER_TEXT"}]}
COMMAND: POST /session/9a045c4a17e0def218bea7a69d7cd789/actions - {"actions":[{"id":"action82","type":"key","parameters":{},"actions":[{"type":"keyDown","value":"î€‡"},{"type":"pause","duration":10},{"type":"keyUp","value":"î€‡"}]}]}
RESULT: {"actions":[{"id":"action82","type":"key","parameters":{},"actions":[{"type":"keyDown","value":"î€‡"},{"type":"pause","duration":10},{"type":"keyUp","value":"î€‡"}]}]}
COMMAND: GET /session/9a045c4a17e0def218bea7a69d7cd789/screenshot - {}
RESULT: {}
COMMAND: POST /session/9a045c4a17e0def218bea7a69d7cd789/execute/async - {"script":"<script> [1562 bytes]","args":[{"selector":{"controlType":"sap.m.Title","viewName":"etm.portal.ui.managehandovers.view.MasterHO","properties":{"text":"Records (1)"}},"wdio_ui5_key":"etmportal.ui.managehandovers.view.MasterHOsap.m.Title{\"text\":\"Records (1)\"}"}]}
RESULT: {"script":"<script> [1562 bytes]","args":[{"selector":{"controlType":"sap.m.Title","viewName":"etm.portal.ui.managehandovers.view.MasterHO","properties":{"text":"Records (1)"}},"wdio_ui5_key":"etmportal.ui.managehandovers.view.MasterHOsap.m.Title{\"text\":\"Records (1)\"}"}]}
RESULT: undefined
COMMAND: POST /session/9a045c4a17e0def218bea7a69d7cd789/execute/async - {"script":"<script> [6424 bytes]","args":[{"element-6066-11e4-a52e-4f735466cecf":"f.F2CC79D104176C4887E06893325B0B16.d.60BFA264C069BDDA383F76D373C8F4AC.e.17114"},"getText",[]]}
RESULT: {"script":"<script> [6424 bytes]","args":[{"element-6066-11e4-a52e-4f735466cecf":"f.F2CC79D104176C4887E06893325B0B16.d.60BFA264C069BDDA383F76D373C8F4AC.e.17114"},"getText",[]]}
COMMAND: POST /session/9a045c4a17e0def218bea7a69d7cd789/execute/async - {"script":"<script> [1562 bytes]","args":[{"selector":{"controlType":"sap.ui.core.Icon","viewName":"etm.portal.ui.managehandovers.view.MasterHO","properties":{"src":{"regex":{"source":"slim\\-arrow\\-right"}}}},"wdio_ui5_key":"etmportal.ui.managehandovers.view.MasterHOsap.ui.core.Icon{\"src\":{\"regex\":{\"source\":\"slim\\\\-arrow\\\\-right\"}}}"}]}
RESULT: {"script":"<script> [1562 bytes]","args":[{"selector":{"controlType":"sap.ui.core.Icon","viewName":"etm.portal.ui.managehandovers.view.MasterHO","properties":{"src":{"regex":{"source":"slim\\-arrow\\-right"}}}},"wdio_ui5_key":"etmportal.ui.managehandovers.view.MasterHOsap.ui.core.Icon{\"src\":{\"regex\":{\"source\":\"slim\\\\-arrow\\\\-right\"}}}"}]}
RESULT: undefined
COMMAND: POST /session/9a045c4a17e0def218bea7a69d7cd789/element - {"using":"xpath","value":"//*[@id=\"__item30-__clone16-imgNav\"]"}
RESULT: {"using":"xpath","value":"//*[@id=\"__item30-__clone16-imgNav\"]"}
COMMAND: POST /session/9a045c4a17e0def218bea7a69d7cd789/element/f.F2CC79D104176C4887E06893325B0B16.d.60BFA264C069BDDA383F76D373C8F4AC.e.17113/click - {}
RESULT: {}
COMMAND: GET /session/9a045c4a17e0def218bea7a69d7cd789/screenshot - {}
RESULT: {}
COMMAND: POST /session/9a045c4a17e0def218bea7a69d7cd789/element - {"using":"xpath","value":"//a[contains(@data-kt ,\"GeneralSectionReceiveContracttLink\")]"}
RESULT: {"using":"xpath","value":"//a[contains(@data-kt ,\"GeneralSectionReceiveContracttLink\")]"}
COMMAND: POST /session/9a045c4a17e0def218bea7a69d7cd789/element/f.F2CC79D104176C4887E06893325B0B16.d.60BFA264C069BDDA383F76D373C8F4AC.e.17209/click - {}
RESULT: {}
COMMAND: GET /session/9a045c4a17e0def218bea7a69d7cd789/screenshot - {}
RESULT: {}
COMMAND: POST /session/9a045c4a17e0def218bea7a69d7cd789/element - {"using":"xpath","value":"//a[contains(@data-kt ,\"ContextMenuId2Link\")]"}
RESULT: {"using":"xpath","value":"//a[contains(@data-kt ,\"ContextMenuId2Link\")]"}
COMMAND: POST /session/9a045c4a17e0def218bea7a69d7cd789/element/f.F2CC79D104176C4887E06893325B0B16.d.60BFA264C069BDDA383F76D373C8F4AC.e.17212/click - {}
RESULT: {}
COMMAND: GET /session/9a045c4a17e0def218bea7a69d7cd789/screenshot - {}
RESULT: {}
COMMAND: POST /session/9a045c4a17e0def218bea7a69d7cd789/execute/async - {"script":"<script> [1562 bytes]","args":[{"selector":{"controlType":"sap.m.ObjectStatus","viewName":"etm.portal.ui.managecontracts.view.Detail","bindingPath":{"propertyPath":"LINK_TO_LOGISTICAL_STATUS/DESCRIPTION","modelName":"catalogModel"}},"wdio_ui5_key":"etmportal.ui.managecontracts.view.Detailsap.m.ObjectStatus{\"propertyPath\":\"LINK_TO_LOGISTICAL_STATUS/DESCRIPTION\",\"modelName\":\"catalogModel\"}"}]}
RESULT: {"script":"<script> [1562 bytes]","args":[{"selector":{"controlType":"sap.m.ObjectStatus","viewName":"etm.portal.ui.managecontracts.view.Detail","bindingPath":{"propertyPath":"LINK_TO_LOGISTICAL_STATUS/DESCRIPTION","modelName":"catalogModel"}},"wdio_ui5_key":"etmportal.ui.managecontracts.view.Detailsap.m.ObjectStatus{\"propertyPath\":\"LINK_TO_LOGISTICAL_STATUS/DESCRIPTION\",\"modelName\":\"catalogModel\"}"}]}
RESULT: undefined
COMMAND: POST /session/9a045c4a17e0def218bea7a69d7cd789/execute/async - {"script":"<script> [6424 bytes]","args":[{"element-6066-11e4-a52e-4f735466cecf":"f.F2CC79D104176C4887E06893325B0B16.d.60BFA264C069BDDA383F76D373C8F4AC.e.17441"},"getText",[]]}
RESULT: {"script":"<script> [6424 bytes]","args":[{"element-6066-11e4-a52e-4f735466cecf":"f.F2CC79D104176C4887E06893325B0B16.d.60BFA264C069BDDA383F76D373C8F4AC.e.17441"},"getText",[]]}
COMMAND: POST /session/9a045c4a17e0def218bea7a69d7cd789/execute/async - {"script":"<script> [1562 bytes]","args":[{"selector":{"controlType":"sap.m.ObjectStatus","viewName":"etm.portal.ui.managecontracts.view.Detail","bindingPath":{"propertyPath":"LINK_TO_COMMERCIAL_STATUS/DESCRIPTION","modelName":"catalogModel"}},"wdio_ui5_key":"etmportal.ui.managecontracts.view.Detailsap.m.ObjectStatus{\"propertyPath\":\"LINK_TO_COMMERCIAL_STATUS/DESCRIPTION\",\"modelName\":\"catalogModel\"}"}]}
RESULT: {"script":"<script> [1562 bytes]","args":[{"selector":{"controlType":"sap.m.ObjectStatus","viewName":"etm.portal.ui.managecontracts.view.Detail","bindingPath":{"propertyPath":"LINK_TO_COMMERCIAL_STATUS/DESCRIPTION","modelName":"catalogModel"}},"wdio_ui5_key":"etmportal.ui.managecontracts.view.Detailsap.m.ObjectStatus{\"propertyPath\":\"LINK_TO_COMMERCIAL_STATUS/DESCRIPTION\",\"modelName\":\"catalogModel\"}"}]}
RESULT: undefined
COMMAND: POST /session/9a045c4a17e0def218bea7a69d7cd789/execute/async - {"script":"<script> [6424 bytes]","args":[{"element-6066-11e4-a52e-4f735466cecf":"f.F2CC79D104176C4887E06893325B0B16.d.60BFA264C069BDDA383F76D373C8F4AC.e.17442"},"getText",[]]}
RESULT: {"script":"<script> [6424 bytes]","args":[{"element-6066-11e4-a52e-4f735466cecf":"f.F2CC79D104176C4887E06893325B0B16.d.60BFA264C069BDDA383F76D373C8F4AC.e.17442"},"getText",[]]}
COMMAND: POST /session/9a045c4a17e0def218bea7a69d7cd789/execute/async - {"script":"<script> [1562 bytes]","args":[{"selector":{"id":"backBtn"},"wdio_ui5_key":"backBtn"}]}
RESULT: {"script":"<script> [1562 bytes]","args":[{"selector":{"id":"backBtn"},"wdio_ui5_key":"backBtn"}]}
RESULT: undefined
COMMAND: POST /session/9a045c4a17e0def218bea7a69d7cd789/element - {"using":"xpath","value":"//*[@id=\"backBtn\"]"}
RESULT: {"using":"xpath","value":"//*[@id=\"backBtn\"]"}
COMMAND: POST /session/9a045c4a17e0def218bea7a69d7cd789/element/f.F2CC79D104176C4887E06893325B0B16.d.60BFA264C069BDDA383F76D373C8F4AC.e.17443/click - {}
RESULT: {}
COMMAND: GET /session/9a045c4a17e0def218bea7a69d7cd789/screenshot - {}
COMMAND: POST /session/9a045c4a17e0def218bea7a69d7cd789/execute/async - {"script":"<script> [1562 bytes]","args":[{"selector":{"controlType":"sap.m.Button","viewName":"etm.portal.ui.managehandovers.view.DetailExecuteHO","i18NText":{"propertyName":"text","key":"confirmAll"},"interaction":{"idSuffix":"BDI-content"}},"wdio_ui5_key":"etmportal.ui.managehandovers.view.DetailExecuteHOsap.m.Button{\"propertyName\":\"text\",\"key\":\"confirmAll\"}"}]}
RESULT: {}
RESULT: {"script":"<script> [1562 bytes]","args":[{"selector":{"controlType":"sap.m.Button","viewName":"etm.portal.ui.managehandovers.view.DetailExecuteHO","i18NText":{"propertyName":"text","key":"confirmAll"},"interaction":{"idSuffix":"BDI-content"}},"wdio_ui5_key":"etmportal.ui.managehandovers.view.DetailExecuteHOsap.m.Button{\"propertyName\":\"text\",\"key\":\"confirmAll\"}"}]}
RESULT: undefined
COMMAND: POST /session/9a045c4a17e0def218bea7a69d7cd789/element - {"using":"xpath","value":"//*[@id=\"__button84\"]"}
RESULT: {"using":"xpath","value":"//*[@id=\"__button84\"]"}
COMMAND: POST /session/9a045c4a17e0def218bea7a69d7cd789/element/f.F2CC79D104176C4887E06893325B0B16.d.60BFA264C069BDDA383F76D373C8F4AC.e.17737/click - {}
RESULT: {}
COMMAND: GET /session/9a045c4a17e0def218bea7a69d7cd789/screenshot - {}
RESULT: {}
COMMAND: POST /session/9a045c4a17e0def218bea7a69d7cd789/execute/async - {"script":"<script> [1562 bytes]","args":[{"selector":{"controlType":"sap.m.Button","properties":{"text":"OK"},"searchOpenDialogs":true,"interaction":{"idSuffix":"inner"}},"wdio_ui5_key":"sapm.Button{\"text\":\"OK\"}"}]}
RESULT: {"script":"<script> [1562 bytes]","args":[{"selector":{"controlType":"sap.m.Button","properties":{"text":"OK"},"searchOpenDialogs":true,"interaction":{"idSuffix":"inner"}},"wdio_ui5_key":"sapm.Button{\"text\":\"OK\"}"}]}
RESULT: undefined
COMMAND: POST /session/9a045c4a17e0def218bea7a69d7cd789/element - {"using":"xpath","value":"//*[@id=\"__mbox-btn-0\"]"}
RESULT: {"using":"xpath","value":"//*[@id=\"__mbox-btn-0\"]"}
COMMAND: POST /session/9a045c4a17e0def218bea7a69d7cd789/element/f.F2CC79D104176C4887E06893325B0B16.d.60BFA264C069BDDA383F76D373C8F4AC.e.17741/click - {}
RESULT: {}
COMMAND: GET /session/9a045c4a17e0def218bea7a69d7cd789/screenshot - {}
RESULT: {}
COMMAND: POST /session/9a045c4a17e0def218bea7a69d7cd789/element - {"using":"xpath","value":"//button[contains(@data-kt ,\"execHoIssueFooterButton\")]"}
RESULT: {"using":"xpath","value":"//button[contains(@data-kt ,\"execHoIssueFooterButton\")]"}
COMMAND: POST /session/9a045c4a17e0def218bea7a69d7cd789/element/f.F2CC79D104176C4887E06893325B0B16.d.60BFA264C069BDDA383F76D373C8F4AC.e.17744/click - {}
RESULT: {}
COMMAND: GET /session/9a045c4a17e0def218bea7a69d7cd789/screenshot - {}
RESULT: {}
COMMAND: POST /session/9a045c4a17e0def218bea7a69d7cd789/refresh - {}
RESULT: {}
COMMAND: GET /session/9a045c4a17e0def218bea7a69d7cd789/screenshot - {}
RESULT: {}
COMMAND: POST /session/9a045c4a17e0def218bea7a69d7cd789/refresh - {}
RESULT: {}
COMMAND: GET /session/9a045c4a17e0def218bea7a69d7cd789/screenshot - {}
RESULT: {}
COMMAND: POST /session/9a045c4a17e0def218bea7a69d7cd789/window/fullscreen - {}
RESULT: {}
COMMAND: POST /session/9a045c4a17e0def218bea7a69d7cd789/execute/async - {"script":"<script> [189 bytes]","args":[]}
RESULT: {"script":"<script> [189 bytes]","args":[]}
COMMAND: POST /session/9a045c4a17e0def218bea7a69d7cd789/execute/async - {"script":"<script> [123 bytes]","args":[]}
RESULT: {"script":"<script> [123 bytes]","args":[]}
COMMAND: POST /session/9a045c4a17e0def218bea7a69d7cd789/timeouts - {"script":"<number>"}
RESULT: {"script":"<number>"}
COMMAND: GET /session/9a045c4a17e0def218bea7a69d7cd789/timeouts - {}
RESULT: {}
RESULT: undefined
COMMAND: POST /session/9a045c4a17e0def218bea7a69d7cd789/execute/async - {"script":"<script> [2676 bytes]","args":[]}
RESULT: {"script":"<script> [2676 bytes]","args":[]}
COMMAND: POST /session/9a045c4a17e0def218bea7a69d7cd789/execute/async - {"script":"<script> [2342 bytes]","args":[{"protocol":"http","hostname":"0.0.0.0","path":"/","capabilities":{"browserName":"chrome","goog:chromeOptions":{"binary":"C:\\Program Files\\Google\\Chrome\\Application\\chrome.exe","args":["--start-maximized"]}},"logLevel":"warn","connectionRetryTimeout":120000,"connectionRetryCount":3,"logLevels":{},"enableDirectConnect":true,"strictSSL":true,"_":"65 more keys: [\"cacheDir\",\"port\",\"requestedCapabilities\",\"automationProtocol\",\"baseUrl\",\"waitforInterval\",\"waitforTimeout\",\"onReload\",\"beforeCommand\",\"afterCommand\",\"rootDir\",\"specs\",\"suites\",\"exclude\",\"groupLogsByTestSpec\",\"excludeDriverLogs\",\"bail\",\"framework\",\"reporters\",\"services\",\"maxInstances\",\"maxInstancesPerCapability\",\"injectGlobals\",\"filesToWatch\",\"execArgv\",\"runnerEnv\",\"runner\",\"shard\",\"specFileRetries\",\"specFileRetriesDelay\",\"specFileRetriesDeferred\",\"reporterSyncInterval\",\"reporterSyncTimeout\",\"cucumberFeaturesWithLineNumbers\",\"autoCompileOpts\",\"mochaOpts\",\"jasmineOpts\",\"cucumberOpts\",\"onPrepare\",\"onWorkerStart\",\"onWorkerEnd\",\"before\",\"beforeSession\",\"beforeSuite\",\"beforeHook\",\"beforeTest\",\"afterTest\",\"afterHook\",\"afterSuite\",\"afterSession\",\"after\",\"onComplete\",\"beforeAssertion\",\"afterAssertion\",\"beforeFeature\",\"beforeScenario\",\"beforeStep\",\"afterStep\",\"afterScenario\",\"afterFeature\",\"_\",\"suite\",\"$0\",\"ignoredWorkerServices\",\"wdi5\"]"}]}
RESULT: {"script":"<script> [2342 bytes]","args":[{"protocol":"http","hostname":"0.0.0.0","path":"/","capabilities":{"browserName":"chrome","goog:chromeOptions":{"binary":"C:\\Program Files\\Google\\Chrome\\Application\\chrome.exe","args":["--start-maximized"]}},"logLevel":"warn","connectionRetryTimeout":120000,"connectionRetryCount":3,"logLevels":{},"enableDirectConnect":true,"strictSSL":true,"_":"65 more keys: [\"cacheDir\",\"port\",\"requestedCapabilities\",\"automationProtocol\",\"baseUrl\",\"waitforInterval\",\"waitforTimeout\",\"onReload\",\"beforeCommand\",\"afterCommand\",\"rootDir\",\"specs\",\"suites\",\"exclude\",\"groupLogsByTestSpec\",\"excludeDriverLogs\",\"bail\",\"framework\",\"reporters\",\"services\",\"maxInstances\",\"maxInstancesPerCapability\",\"injectGlobals\",\"filesToWatch\",\"execArgv\",\"runnerEnv\",\"runner\",\"shard\",\"specFileRetries\",\"specFileRetriesDelay\",\"specFileRetriesDeferred\",\"reporterSyncInterval\",\"reporterSyncTimeout\",\"cucumberFeaturesWithLineNumbers\",\"autoCompileOpts\",\"mochaOpts\",\"jasmineOpts\",\"cucumberOpts\",\"onPrepare\",\"onWorkerStart\",\"onWorkerEnd\",\"before\",\"beforeSession\",\"beforeSuite\",\"beforeHook\",\"beforeTest\",\"afterTest\",\"afterHook\",\"afterSuite\",\"afterSession\",\"after\",\"onComplete\",\"beforeAssertion\",\"afterAssertion\",\"beforeFeature\",\"beforeScenario\",\"beforeStep\",\"afterStep\",\"afterScenario\",\"afterFeature\",\"_\",\"suite\",\"$0\",\"ignoredWorkerServices\",\"wdi5\"]"}]}
COMMAND: POST /session/9a045c4a17e0def218bea7a69d7cd789/execute/async - {"script":"<script> [21126 bytes]","args":[35000]}
RESULT: {"script":"<script> [21126 bytes]","args":[35000]}
COMMAND: POST /session/9a045c4a17e0def218bea7a69d7cd789/execute/async - {"script":"<script> [1562 bytes]","args":[{"selector":{"controlType":"sap.m.SearchField","viewName":"etm.portal.ui.managehandovers.view.MasterHO","bindingPath":{"path":"","propertyPath":"/_BASIC_SEARCH_FIELD","modelName":"fi1t3rM0d31"},"interaction":{"idSuffix":"I"}},"wdio_ui5_key":"etmportal.ui.managehandovers.view.MasterHOsap.m.SearchField{\"path\":\"\",\"propertyPath\":\"/_BASIC_SEARCH_FIELD\",\"modelName\":\"fi1t3rM0d31\"}"}]}
RESULT: {"script":"<script> [1562 bytes]","args":[{"selector":{"controlType":"sap.m.SearchField","viewName":"etm.portal.ui.managehandovers.view.MasterHO","bindingPath":{"path":"","propertyPath":"/_BASIC_SEARCH_FIELD","modelName":"fi1t3rM0d31"},"interaction":{"idSuffix":"I"}},"wdio_ui5_key":"etmportal.ui.managehandovers.view.MasterHOsap.m.SearchField{\"path\":\"\",\"propertyPath\":\"/_BASIC_SEARCH_FIELD\",\"modelName\":\"fi1t3rM0d31\"}"}]}
RESULT: undefined
COMMAND: POST /session/9a045c4a17e0def218bea7a69d7cd789/execute/async - {"script":"<script> [776 bytes]","args":[{"enterText":"30634","selector":{"controlType":"sap.m.SearchField","viewName":"etm.portal.ui.managehandovers.view.MasterHO","bindingPath":{"path":"","propertyPath":"/_BASIC_SEARCH_FIELD","modelName":"fi1t3rM0d31"},"interaction":{"idSuffix":"I"}},"clearTextFirst":true,"interactionType":"ENTER_TEXT"}]}
RESULT: {"script":"<script> [776 bytes]","args":[{"enterText":"30634","selector":{"controlType":"sap.m.SearchField","viewName":"etm.portal.ui.managehandovers.view.MasterHO","bindingPath":{"path":"","propertyPath":"/_BASIC_SEARCH_FIELD","modelName":"fi1t3rM0d31"},"interaction":{"idSuffix":"I"}},"clearTextFirst":true,"interactionType":"ENTER_TEXT"}]}
COMMAND: POST /session/9a045c4a17e0def218bea7a69d7cd789/actions - {"actions":[{"id":"action83","type":"key","parameters":{},"actions":[{"type":"keyDown","value":"î€‡"},{"type":"pause","duration":10},{"type":"keyUp","value":"î€‡"}]}]}
RESULT: {"actions":[{"id":"action83","type":"key","parameters":{},"actions":[{"type":"keyDown","value":"î€‡"},{"type":"pause","duration":10},{"type":"keyUp","value":"î€‡"}]}]}
COMMAND: GET /session/9a045c4a17e0def218bea7a69d7cd789/screenshot - {}
RESULT: {}
COMMAND: POST /session/9a045c4a17e0def218bea7a69d7cd789/execute/async - {"script":"<script> [1562 bytes]","args":[{"selector":{"controlType":"sap.m.Title","viewName":"etm.portal.ui.managehandovers.view.MasterHO","properties":{"text":"Records (1)"}},"wdio_ui5_key":"etmportal.ui.managehandovers.view.MasterHOsap.m.Title{\"text\":\"Records (1)\"}"}]}
RESULT: {"script":"<script> [1562 bytes]","args":[{"selector":{"controlType":"sap.m.Title","viewName":"etm.portal.ui.managehandovers.view.MasterHO","properties":{"text":"Records (1)"}},"wdio_ui5_key":"etmportal.ui.managehandovers.view.MasterHOsap.m.Title{\"text\":\"Records (1)\"}"}]}
RESULT: undefined
COMMAND: POST /session/9a045c4a17e0def218bea7a69d7cd789/execute/async - {"script":"<script> [6424 bytes]","args":[{"element-6066-11e4-a52e-4f735466cecf":"f.F2CC79D104176C4887E06893325B0B16.d.CBD2F362E5B972F74EC09418621FDCF8.e.17937"},"getText",[]]}
RESULT: {"script":"<script> [6424 bytes]","args":[{"element-6066-11e4-a52e-4f735466cecf":"f.F2CC79D104176C4887E06893325B0B16.d.CBD2F362E5B972F74EC09418621FDCF8.e.17937"},"getText",[]]}
COMMAND: POST /session/9a045c4a17e0def218bea7a69d7cd789/execute/async - {"script":"<script> [1562 bytes]","args":[{"selector":{"controlType":"sap.ui.core.Icon","viewName":"etm.portal.ui.managehandovers.view.MasterHO","properties":{"src":{"regex":{"source":"slim\\-arrow\\-right"}}}},"wdio_ui5_key":"etmportal.ui.managehandovers.view.MasterHOsap.ui.core.Icon{\"src\":{\"regex\":{\"source\":\"slim\\\\-arrow\\\\-right\"}}}"}]}
RESULT: {"script":"<script> [1562 bytes]","args":[{"selector":{"controlType":"sap.ui.core.Icon","viewName":"etm.portal.ui.managehandovers.view.MasterHO","properties":{"src":{"regex":{"source":"slim\\-arrow\\-right"}}}},"wdio_ui5_key":"etmportal.ui.managehandovers.view.MasterHOsap.ui.core.Icon{\"src\":{\"regex\":{\"source\":\"slim\\\\-arrow\\\\-right\"}}}"}]}
RESULT: undefined
COMMAND: POST /session/9a045c4a17e0def218bea7a69d7cd789/element - {"using":"xpath","value":"//*[@id=\"__item20-__clone16-imgNav\"]"}
RESULT: {"using":"xpath","value":"//*[@id=\"__item20-__clone16-imgNav\"]"}
COMMAND: POST /session/9a045c4a17e0def218bea7a69d7cd789/element/f.F2CC79D104176C4887E06893325B0B16.d.CBD2F362E5B972F74EC09418621FDCF8.e.17936/click - {}
RESULT: {}
COMMAND: GET /session/9a045c4a17e0def218bea7a69d7cd789/screenshot - {}
RESULT: {}
COMMAND: POST /session/9a045c4a17e0def218bea7a69d7cd789/execute/async - {"script":"<script> [1562 bytes]","args":[{"selector":{"controlType":"sap.m.ObjectStatus","viewName":"etm.portal.ui.managehandovers.view.DetailExecuteHO","labelFor":{"text":"Status"}},"wdio_ui5_key":"etmportal.ui.managehandovers.view.DetailExecuteHOsap.m.ObjectStatus{\"text\":\"Status\"}"}]}
RESULT: {"script":"<script> [1562 bytes]","args":[{"selector":{"controlType":"sap.m.ObjectStatus","viewName":"etm.portal.ui.managehandovers.view.DetailExecuteHO","labelFor":{"text":"Status"}},"wdio_ui5_key":"etmportal.ui.managehandovers.view.DetailExecuteHOsap.m.ObjectStatus{\"text\":\"Status\"}"}]}
RESULT: undefined
COMMAND: POST /session/9a045c4a17e0def218bea7a69d7cd789/execute/async - {"script":"<script> [6424 bytes]","args":[{"element-6066-11e4-a52e-4f735466cecf":"f.F2CC79D104176C4887E06893325B0B16.d.CBD2F362E5B972F74EC09418621FDCF8.e.18039"},"getText",[]]}
RESULT: {"script":"<script> [6424 bytes]","args":[{"element-6066-11e4-a52e-4f735466cecf":"f.F2CC79D104176C4887E06893325B0B16.d.CBD2F362E5B972F74EC09418621FDCF8.e.18039"},"getText",[]]}
COMMAND: POST /session/9a045c4a17e0def218bea7a69d7cd789/execute/async - {"script":"<script> [1562 bytes]","args":[{"selector":{"controlType":"sap.m.Button","viewName":"etm.portal.ui.managehandovers.view.DetailExecuteHO","i18NText":{"propertyName":"text","key":"confirmAll"},"interaction":{"idSuffix":"BDI-content"}},"wdio_ui5_key":"etmportal.ui.managehandovers.view.DetailExecuteHOsap.m.Button{\"propertyName\":\"text\",\"key\":\"confirmAll\"}"}]}
RESULT: {"script":"<script> [1562 bytes]","args":[{"selector":{"controlType":"sap.m.Button","viewName":"etm.portal.ui.managehandovers.view.DetailExecuteHO","i18NText":{"propertyName":"text","key":"confirmAll"},"interaction":{"idSuffix":"BDI-content"}},"wdio_ui5_key":"etmportal.ui.managehandovers.view.DetailExecuteHOsap.m.Button{\"propertyName\":\"text\",\"key\":\"confirmAll\"}"}]}
RESULT: undefined
COMMAND: POST /session/9a045c4a17e0def218bea7a69d7cd789/element - {"using":"xpath","value":"//*[@id=\"__button30\"]"}
RESULT: {"using":"xpath","value":"//*[@id=\"__button30\"]"}
COMMAND: POST /session/9a045c4a17e0def218bea7a69d7cd789/element/f.F2CC79D104176C4887E06893325B0B16.d.CBD2F362E5B972F74EC09418621FDCF8.e.18041/click - {}
RESULT: {}
COMMAND: GET /session/9a045c4a17e0def218bea7a69d7cd789/screenshot - {}
RESULT: {}
COMMAND: POST /session/9a045c4a17e0def218bea7a69d7cd789/execute/async - {"script":"<script> [1562 bytes]","args":[{"selector":{"controlType":"sap.m.Button","properties":{"text":"OK"},"searchOpenDialogs":true,"interaction":{"idSuffix":"BDI-content"}},"wdio_ui5_key":"sapm.Button{\"text\":\"OK\"}"}]}
RESULT: {"script":"<script> [1562 bytes]","args":[{"selector":{"controlType":"sap.m.Button","properties":{"text":"OK"},"searchOpenDialogs":true,"interaction":{"idSuffix":"BDI-content"}},"wdio_ui5_key":"sapm.Button{\"text\":\"OK\"}"}]}
RESULT: undefined
COMMAND: POST /session/9a045c4a17e0def218bea7a69d7cd789/element - {"using":"xpath","value":"//*[@id=\"__mbox-btn-0\"]"}
RESULT: {"using":"xpath","value":"//*[@id=\"__mbox-btn-0\"]"}
COMMAND: POST /session/9a045c4a17e0def218bea7a69d7cd789/element/f.F2CC79D104176C4887E06893325B0B16.d.CBD2F362E5B972F74EC09418621FDCF8.e.18042/click - {}
RESULT: {}
COMMAND: GET /session/9a045c4a17e0def218bea7a69d7cd789/screenshot - {}
RESULT: {}
COMMAND: POST /session/9a045c4a17e0def218bea7a69d7cd789/element - {"using":"xpath","value":"//button[contains(@data-kt ,\"execHoReceiveFooterButton\")]"}
RESULT: {"using":"xpath","value":"//button[contains(@data-kt ,\"execHoReceiveFooterButton\")]"}
COMMAND: POST /session/9a045c4a17e0def218bea7a69d7cd789/element/f.F2CC79D104176C4887E06893325B0B16.d.CBD2F362E5B972F74EC09418621FDCF8.e.17992/click - {}
RESULT: {}
COMMAND: GET /session/9a045c4a17e0def218bea7a69d7cd789/screenshot - {}
RESULT: {}
COMMAND: POST /session/9a045c4a17e0def218bea7a69d7cd789/refresh - {}
RESULT: {}
COMMAND: GET /session/9a045c4a17e0def218bea7a69d7cd789/screenshot - {}
RESULT: {}
COMMAND: POST /session/9a045c4a17e0def218bea7a69d7cd789/refresh - {}
RESULT: {}
COMMAND: GET /session/9a045c4a17e0def218bea7a69d7cd789/screenshot - {}
RESULT: {}
COMMAND: POST /session/9a045c4a17e0def218bea7a69d7cd789/window/fullscreen - {}
RESULT: {}
COMMAND: POST /session/9a045c4a17e0def218bea7a69d7cd789/execute/async - {"script":"<script> [189 bytes]","args":[]}
RESULT: {"script":"<script> [189 bytes]","args":[]}
COMMAND: POST /session/9a045c4a17e0def218bea7a69d7cd789/execute/async - {"script":"<script> [123 bytes]","args":[]}
RESULT: {"script":"<script> [123 bytes]","args":[]}
COMMAND: POST /session/9a045c4a17e0def218bea7a69d7cd789/timeouts - {"script":"<number>"}
RESULT: {"script":"<number>"}
COMMAND: GET /session/9a045c4a17e0def218bea7a69d7cd789/timeouts - {}
RESULT: {}
RESULT: undefined
COMMAND: POST /session/9a045c4a17e0def218bea7a69d7cd789/execute/async - {"script":"<script> [2676 bytes]","args":[]}
RESULT: {"script":"<script> [2676 bytes]","args":[]}
COMMAND: POST /session/9a045c4a17e0def218bea7a69d7cd789/execute/async - {"script":"<script> [2342 bytes]","args":[{"protocol":"http","hostname":"0.0.0.0","path":"/","capabilities":{"browserName":"chrome","goog:chromeOptions":{"binary":"C:\\Program Files\\Google\\Chrome\\Application\\chrome.exe","args":["--start-maximized"]}},"logLevel":"warn","connectionRetryTimeout":120000,"connectionRetryCount":3,"logLevels":{},"enableDirectConnect":true,"strictSSL":true,"_":"65 more keys: [\"cacheDir\",\"port\",\"requestedCapabilities\",\"automationProtocol\",\"baseUrl\",\"waitforInterval\",\"waitforTimeout\",\"onReload\",\"beforeCommand\",\"afterCommand\",\"rootDir\",\"specs\",\"suites\",\"exclude\",\"groupLogsByTestSpec\",\"excludeDriverLogs\",\"bail\",\"framework\",\"reporters\",\"services\",\"maxInstances\",\"maxInstancesPerCapability\",\"injectGlobals\",\"filesToWatch\",\"execArgv\",\"runnerEnv\",\"runner\",\"shard\",\"specFileRetries\",\"specFileRetriesDelay\",\"specFileRetriesDeferred\",\"reporterSyncInterval\",\"reporterSyncTimeout\",\"cucumberFeaturesWithLineNumbers\",\"autoCompileOpts\",\"mochaOpts\",\"jasmineOpts\",\"cucumberOpts\",\"onPrepare\",\"onWorkerStart\",\"onWorkerEnd\",\"before\",\"beforeSession\",\"beforeSuite\",\"beforeHook\",\"beforeTest\",\"afterTest\",\"afterHook\",\"afterSuite\",\"afterSession\",\"after\",\"onComplete\",\"beforeAssertion\",\"afterAssertion\",\"beforeFeature\",\"beforeScenario\",\"beforeStep\",\"afterStep\",\"afterScenario\",\"afterFeature\",\"_\",\"suite\",\"$0\",\"ignoredWorkerServices\",\"wdi5\"]"}]}
RESULT: {"script":"<script> [2342 bytes]","args":[{"protocol":"http","hostname":"0.0.0.0","path":"/","capabilities":{"browserName":"chrome","goog:chromeOptions":{"binary":"C:\\Program Files\\Google\\Chrome\\Application\\chrome.exe","args":["--start-maximized"]}},"logLevel":"warn","connectionRetryTimeout":120000,"connectionRetryCount":3,"logLevels":{},"enableDirectConnect":true,"strictSSL":true,"_":"65 more keys: [\"cacheDir\",\"port\",\"requestedCapabilities\",\"automationProtocol\",\"baseUrl\",\"waitforInterval\",\"waitforTimeout\",\"onReload\",\"beforeCommand\",\"afterCommand\",\"rootDir\",\"specs\",\"suites\",\"exclude\",\"groupLogsByTestSpec\",\"excludeDriverLogs\",\"bail\",\"framework\",\"reporters\",\"services\",\"maxInstances\",\"maxInstancesPerCapability\",\"injectGlobals\",\"filesToWatch\",\"execArgv\",\"runnerEnv\",\"runner\",\"shard\",\"specFileRetries\",\"specFileRetriesDelay\",\"specFileRetriesDeferred\",\"reporterSyncInterval\",\"reporterSyncTimeout\",\"cucumberFeaturesWithLineNumbers\",\"autoCompileOpts\",\"mochaOpts\",\"jasmineOpts\",\"cucumberOpts\",\"onPrepare\",\"onWorkerStart\",\"onWorkerEnd\",\"before\",\"beforeSession\",\"beforeSuite\",\"beforeHook\",\"beforeTest\",\"afterTest\",\"afterHook\",\"afterSuite\",\"afterSession\",\"after\",\"onComplete\",\"beforeAssertion\",\"afterAssertion\",\"beforeFeature\",\"beforeScenario\",\"beforeStep\",\"afterStep\",\"afterScenario\",\"afterFeature\",\"_\",\"suite\",\"$0\",\"ignoredWorkerServices\",\"wdi5\"]"}]}
COMMAND: POST /session/9a045c4a17e0def218bea7a69d7cd789/execute/async - {"script":"<script> [21126 bytes]","args":[35000]}
RESULT: {"script":"<script> [21126 bytes]","args":[35000]}
COMMAND: POST /session/9a045c4a17e0def218bea7a69d7cd789/execute/async - {"script":"<script> [1562 bytes]","args":[{"selector":{"controlType":"sap.m.SearchField","viewName":"etm.portal.ui.managehandovers.view.MasterHO","bindingPath":{"path":"","propertyPath":"/_BASIC_SEARCH_FIELD","modelName":"fi1t3rM0d31"},"interaction":{"idSuffix":"I"}},"wdio_ui5_key":"etmportal.ui.managehandovers.view.MasterHOsap.m.SearchField{\"path\":\"\",\"propertyPath\":\"/_BASIC_SEARCH_FIELD\",\"modelName\":\"fi1t3rM0d31\"}"}]}
RESULT: {"script":"<script> [1562 bytes]","args":[{"selector":{"controlType":"sap.m.SearchField","viewName":"etm.portal.ui.managehandovers.view.MasterHO","bindingPath":{"path":"","propertyPath":"/_BASIC_SEARCH_FIELD","modelName":"fi1t3rM0d31"},"interaction":{"idSuffix":"I"}},"wdio_ui5_key":"etmportal.ui.managehandovers.view.MasterHOsap.m.SearchField{\"path\":\"\",\"propertyPath\":\"/_BASIC_SEARCH_FIELD\",\"modelName\":\"fi1t3rM0d31\"}"}]}
RESULT: undefined
COMMAND: POST /session/9a045c4a17e0def218bea7a69d7cd789/execute/async - {"script":"<script> [776 bytes]","args":[{"enterText":"30634","selector":{"controlType":"sap.m.SearchField","viewName":"etm.portal.ui.managehandovers.view.MasterHO","bindingPath":{"path":"","propertyPath":"/_BASIC_SEARCH_FIELD","modelName":"fi1t3rM0d31"},"interaction":{"idSuffix":"I"}},"clearTextFirst":true,"interactionType":"ENTER_TEXT"}]}
RESULT: {"script":"<script> [776 bytes]","args":[{"enterText":"30634","selector":{"controlType":"sap.m.SearchField","viewName":"etm.portal.ui.managehandovers.view.MasterHO","bindingPath":{"path":"","propertyPath":"/_BASIC_SEARCH_FIELD","modelName":"fi1t3rM0d31"},"interaction":{"idSuffix":"I"}},"clearTextFirst":true,"interactionType":"ENTER_TEXT"}]}
COMMAND: POST /session/9a045c4a17e0def218bea7a69d7cd789/actions - {"actions":[{"id":"action84","type":"key","parameters":{},"actions":[{"type":"keyDown","value":"î€‡"},{"type":"pause","duration":10},{"type":"keyUp","value":"î€‡"}]}]}
RESULT: {"actions":[{"id":"action84","type":"key","parameters":{},"actions":[{"type":"keyDown","value":"î€‡"},{"type":"pause","duration":10},{"type":"keyUp","value":"î€‡"}]}]}
COMMAND: GET /session/9a045c4a17e0def218bea7a69d7cd789/screenshot - {}
RESULT: {}
COMMAND: POST /session/9a045c4a17e0def218bea7a69d7cd789/execute/async - {"script":"<script> [1562 bytes]","args":[{"selector":{"controlType":"sap.m.Title","viewName":"etm.portal.ui.managehandovers.view.MasterHO","properties":{"text":"Records (1)"}},"wdio_ui5_key":"etmportal.ui.managehandovers.view.MasterHOsap.m.Title{\"text\":\"Records (1)\"}"}]}
RESULT: {"script":"<script> [1562 bytes]","args":[{"selector":{"controlType":"sap.m.Title","viewName":"etm.portal.ui.managehandovers.view.MasterHO","properties":{"text":"Records (1)"}},"wdio_ui5_key":"etmportal.ui.managehandovers.view.MasterHOsap.m.Title{\"text\":\"Records (1)\"}"}]}
RESULT: undefined
COMMAND: POST /session/9a045c4a17e0def218bea7a69d7cd789/execute/async - {"script":"<script> [6424 bytes]","args":[{"element-6066-11e4-a52e-4f735466cecf":"f.F2CC79D104176C4887E06893325B0B16.d.3F1F479340E8B05618953B4F4E8EF551.e.18231"},"getText",[]]}
RESULT: {"script":"<script> [6424 bytes]","args":[{"element-6066-11e4-a52e-4f735466cecf":"f.F2CC79D104176C4887E06893325B0B16.d.3F1F479340E8B05618953B4F4E8EF551.e.18231"},"getText",[]]}
COMMAND: POST /session/9a045c4a17e0def218bea7a69d7cd789/execute/async - {"script":"<script> [1562 bytes]","args":[{"selector":{"controlType":"sap.ui.core.Icon","viewName":"etm.portal.ui.managehandovers.view.MasterHO","properties":{"src":{"regex":{"source":"slim\\-arrow\\-right"}}}},"wdio_ui5_key":"etmportal.ui.managehandovers.view.MasterHOsap.ui.core.Icon{\"src\":{\"regex\":{\"source\":\"slim\\\\-arrow\\\\-right\"}}}"}]}
RESULT: {"script":"<script> [1562 bytes]","args":[{"selector":{"controlType":"sap.ui.core.Icon","viewName":"etm.portal.ui.managehandovers.view.MasterHO","properties":{"src":{"regex":{"source":"slim\\-arrow\\-right"}}}},"wdio_ui5_key":"etmportal.ui.managehandovers.view.MasterHOsap.ui.core.Icon{\"src\":{\"regex\":{\"source\":\"slim\\\\-arrow\\\\-right\"}}}"}]}
RESULT: undefined
COMMAND: POST /session/9a045c4a17e0def218bea7a69d7cd789/element - {"using":"xpath","value":"//*[@id=\"__item28-__clone16-imgNav\"]"}
RESULT: {"using":"xpath","value":"//*[@id=\"__item28-__clone16-imgNav\"]"}
COMMAND: POST /session/9a045c4a17e0def218bea7a69d7cd789/element/f.F2CC79D104176C4887E06893325B0B16.d.3F1F479340E8B05618953B4F4E8EF551.e.18230/click - {}
RESULT: {}
COMMAND: GET /session/9a045c4a17e0def218bea7a69d7cd789/screenshot - {}
RESULT: {}
COMMAND: POST /session/9a045c4a17e0def218bea7a69d7cd789/execute/async - {"script":"<script> [1562 bytes]","args":[{"selector":{"controlType":"sap.m.ObjectStatus","viewName":"etm.portal.ui.managehandovers.view.DetailManageHO","viewId":"application-managehandovers-display-component---detailManageHO","labelFor":{"text":"Status"}},"wdio_ui5_key":"etmportal.ui.managehandovers.view.DetailManageHOsap.m.ObjectStatus{\"text\":\"Status\"}"}]}
RESULT: {"script":"<script> [1562 bytes]","args":[{"selector":{"controlType":"sap.m.ObjectStatus","viewName":"etm.portal.ui.managehandovers.view.DetailManageHO","viewId":"application-managehandovers-display-component---detailManageHO","labelFor":{"text":"Status"}},"wdio_ui5_key":"etmportal.ui.managehandovers.view.DetailManageHOsap.m.ObjectStatus{\"text\":\"Status\"}"}]}
RESULT: undefined
COMMAND: POST /session/9a045c4a17e0def218bea7a69d7cd789/execute/async - {"script":"<script> [6424 bytes]","args":[{"element-6066-11e4-a52e-4f735466cecf":"f.F2CC79D104176C4887E06893325B0B16.d.3F1F479340E8B05618953B4F4E8EF551.e.18323"},"getText",[]]}
RESULT: {"script":"<script> [6424 bytes]","args":[{"element-6066-11e4-a52e-4f735466cecf":"f.F2CC79D104176C4887E06893325B0B16.d.3F1F479340E8B05618953B4F4E8EF551.e.18323"},"getText",[]]}
COMMAND: POST /session/9a045c4a17e0def218bea7a69d7cd789/element - {"using":"xpath","value":"//a[contains(@data-kt ,\"GeneralSectionReceiveContracttLink\")]"}
RESULT: {"using":"xpath","value":"//a[contains(@data-kt ,\"GeneralSectionReceiveContracttLink\")]"}
COMMAND: POST /session/9a045c4a17e0def218bea7a69d7cd789/element/f.F2CC79D104176C4887E06893325B0B16.d.3F1F479340E8B05618953B4F4E8EF551.e.18324/click - {}
RESULT: {}
COMMAND: GET /session/9a045c4a17e0def218bea7a69d7cd789/screenshot - {}
RESULT: {}
COMMAND: POST /session/9a045c4a17e0def218bea7a69d7cd789/element - {"using":"xpath","value":"//a[contains(@data-kt ,\"ContextMenuId2Link\")]"}
RESULT: {"using":"xpath","value":"//a[contains(@data-kt ,\"ContextMenuId2Link\")]"}
COMMAND: POST /session/9a045c4a17e0def218bea7a69d7cd789/element/f.F2CC79D104176C4887E06893325B0B16.d.3F1F479340E8B05618953B4F4E8EF551.e.18327/click - {}
RESULT: {}
COMMAND: GET /session/9a045c4a17e0def218bea7a69d7cd789/screenshot - {}
RESULT: {}
COMMAND: POST /session/9a045c4a17e0def218bea7a69d7cd789/execute/async - {"script":"<script> [1562 bytes]","args":[{"selector":{"controlType":"sap.m.ObjectStatus","viewName":"etm.portal.ui.managecontracts.view.Detail","bindingPath":{"propertyPath":"LINK_TO_LOGISTICAL_STATUS/DESCRIPTION","modelName":"catalogModel"}},"wdio_ui5_key":"etmportal.ui.managecontracts.view.Detailsap.m.ObjectStatus{\"propertyPath\":\"LINK_TO_LOGISTICAL_STATUS/DESCRIPTION\",\"modelName\":\"catalogModel\"}"}]}
RESULT: {"script":"<script> [1562 bytes]","args":[{"selector":{"controlType":"sap.m.ObjectStatus","viewName":"etm.portal.ui.managecontracts.view.Detail","bindingPath":{"propertyPath":"LINK_TO_LOGISTICAL_STATUS/DESCRIPTION","modelName":"catalogModel"}},"wdio_ui5_key":"etmportal.ui.managecontracts.view.Detailsap.m.ObjectStatus{\"propertyPath\":\"LINK_TO_LOGISTICAL_STATUS/DESCRIPTION\",\"modelName\":\"catalogModel\"}"}]}
RESULT: undefined
COMMAND: POST /session/9a045c4a17e0def218bea7a69d7cd789/execute/async - {"script":"<script> [6424 bytes]","args":[{"element-6066-11e4-a52e-4f735466cecf":"f.F2CC79D104176C4887E06893325B0B16.d.3F1F479340E8B05618953B4F4E8EF551.e.18562"},"getText",[]]}
RESULT: {"script":"<script> [6424 bytes]","args":[{"element-6066-11e4-a52e-4f735466cecf":"f.F2CC79D104176C4887E06893325B0B16.d.3F1F479340E8B05618953B4F4E8EF551.e.18562"},"getText",[]]}
COMMAND: POST /session/9a045c4a17e0def218bea7a69d7cd789/execute/async - {"script":"<script> [1562 bytes]","args":[{"selector":{"controlType":"sap.m.ObjectStatus","viewName":"etm.portal.ui.managecontracts.view.Detail","bindingPath":{"propertyPath":"LINK_TO_COMMERCIAL_STATUS/DESCRIPTION","modelName":"catalogModel"}},"wdio_ui5_key":"etmportal.ui.managecontracts.view.Detailsap.m.ObjectStatus{\"propertyPath\":\"LINK_TO_COMMERCIAL_STATUS/DESCRIPTION\",\"modelName\":\"catalogModel\"}"}]}
RESULT: {"script":"<script> [1562 bytes]","args":[{"selector":{"controlType":"sap.m.ObjectStatus","viewName":"etm.portal.ui.managecontracts.view.Detail","bindingPath":{"propertyPath":"LINK_TO_COMMERCIAL_STATUS/DESCRIPTION","modelName":"catalogModel"}},"wdio_ui5_key":"etmportal.ui.managecontracts.view.Detailsap.m.ObjectStatus{\"propertyPath\":\"LINK_TO_COMMERCIAL_STATUS/DESCRIPTION\",\"modelName\":\"catalogModel\"}"}]}
RESULT: undefined
COMMAND: POST /session/9a045c4a17e0def218bea7a69d7cd789/execute/async - {"script":"<script> [6424 bytes]","args":[{"element-6066-11e4-a52e-4f735466cecf":"f.F2CC79D104176C4887E06893325B0B16.d.3F1F479340E8B05618953B4F4E8EF551.e.18565"},"getText",[]]}
RESULT: {"script":"<script> [6424 bytes]","args":[{"element-6066-11e4-a52e-4f735466cecf":"f.F2CC79D104176C4887E06893325B0B16.d.3F1F479340E8B05618953B4F4E8EF551.e.18565"},"getText",[]]}
]]></system-out>
    </testcase>
    <testcase classname="chrome.135_0_7049_96.windows.E2E_-_Logistical_and_commercial_statuses" name="It should follow the handover steps to the status fully returned" time="205.784">
      <system-out><![CDATA[
COMMAND: POST /session/9a045c4a17e0def218bea7a69d7cd789/execute/async - {"script":"<script> [1562 bytes]","args":[{"selector":{"id":"contractDetailReturnButton","viewName":"etm.portal.ui.managecontracts.view.Detail","interaction":{"idSuffix":"BDI-content"}},"wdio_ui5_key":"contractDetailReturnButtonetmportal.ui.managecontracts.view.Detail"}]}
RESULT: {"script":"<script> [1562 bytes]","args":[{"selector":{"id":"contractDetailReturnButton","viewName":"etm.portal.ui.managecontracts.view.Detail","interaction":{"idSuffix":"BDI-content"}},"wdio_ui5_key":"contractDetailReturnButtonetmportal.ui.managecontracts.view.Detail"}]}
RESULT: undefined
COMMAND: POST /session/9a045c4a17e0def218bea7a69d7cd789/element - {"using":"xpath","value":"//*[@id=\"__xmlview2--contractDetailReturnButton\"]"}
RESULT: {"using":"xpath","value":"//*[@id=\"__xmlview2--contractDetailReturnButton\"]"}
COMMAND: POST /session/9a045c4a17e0def218bea7a69d7cd789/element/f.F2CC79D104176C4887E06893325B0B16.d.3F1F479340E8B05618953B4F4E8EF551.e.18431/click - {}
RESULT: {}
COMMAND: POST /session/9a045c4a17e0def218bea7a69d7cd789/execute/async - {"script":"<script> [1562 bytes]","args":[{"selector":{"id":"application-managehandovers-display-component---AddNewHO--dueDate","interaction":{"idSuffix":"inner"}},"wdio_ui5_key":"applicationmanagehandovers-display-component---AddNewHO--dueDate"}]}
COMMAND: GET /session/9a045c4a17e0def218bea7a69d7cd789/screenshot - {}
RESULT: {"script":"<script> [1562 bytes]","args":[{"selector":{"id":"application-managehandovers-display-component---AddNewHO--dueDate","interaction":{"idSuffix":"inner"}},"wdio_ui5_key":"applicationmanagehandovers-display-component---AddNewHO--dueDate"}]}
RESULT: undefined
COMMAND: POST /session/9a045c4a17e0def218bea7a69d7cd789/execute/async - {"script":"<script> [776 bytes]","args":[{"enterText":"05/01/25","selector":{"id":"application-managehandovers-display-component---AddNewHO--dueDate","interaction":{"idSuffix":"inner"}},"clearTextFirst":true,"interactionType":"ENTER_TEXT"}]}
RESULT: {}
RESULT: {"script":"<script> [776 bytes]","args":[{"enterText":"05/01/25","selector":{"id":"application-managehandovers-display-component---AddNewHO--dueDate","interaction":{"idSuffix":"inner"}},"clearTextFirst":true,"interactionType":"ENTER_TEXT"}]}
COMMAND: POST /session/9a045c4a17e0def218bea7a69d7cd789/element - {"using":"xpath","value":"//bdi[contains(@id ,\"application-managehandovers-display-component---AddNewHO--ObjectPageLayout-anchBar-application-managehandovers-display-component---AddNewHO--section4-anchor-BDI-content\")]"}
RESULT: {"using":"xpath","value":"//bdi[contains(@id ,\"application-managehandovers-display-component---AddNewHO--ObjectPageLayout-anchBar-application-managehandovers-display-component---AddNewHO--section4-anchor-BDI-content\")]"}
COMMAND: POST /session/9a045c4a17e0def218bea7a69d7cd789/element/f.F2CC79D104176C4887E06893325B0B16.d.3F1F479340E8B05618953B4F4E8EF551.e.18847/click - {}
RESULT: {}
COMMAND: GET /session/9a045c4a17e0def218bea7a69d7cd789/screenshot - {}
RESULT: {}
COMMAND: POST /session/9a045c4a17e0def218bea7a69d7cd789/element - {"using":"xpath","value":"//button[contains(@data-kt ,\"AddNewHOProvideAddItemsButton\")]"}
RESULT: {"using":"xpath","value":"//button[contains(@data-kt ,\"AddNewHOProvideAddItemsButton\")]"}
COMMAND: POST /session/9a045c4a17e0def218bea7a69d7cd789/element/f.F2CC79D104176C4887E06893325B0B16.d.3F1F479340E8B05618953B4F4E8EF551.e.18851/click - {}
RESULT: {}
COMMAND: GET /session/9a045c4a17e0def218bea7a69d7cd789/screenshot - {}
RESULT: {}
COMMAND: POST /session/9a045c4a17e0def218bea7a69d7cd789/execute/async - {"script":"<script> [1562 bytes]","args":[{"selector":{"id":"application-managehandovers-display-component---AddNewHO--popup-sa","searchOpenDialogs":true,"interaction":{"idSuffix":"CbBg"}},"wdio_ui5_key":"applicationmanagehandovers-display-component---AddNewHO--popup-sa"}]}
RESULT: {"script":"<script> [1562 bytes]","args":[{"selector":{"id":"application-managehandovers-display-component---AddNewHO--popup-sa","searchOpenDialogs":true,"interaction":{"idSuffix":"CbBg"}},"wdio_ui5_key":"applicationmanagehandovers-display-component---AddNewHO--popup-sa"}]}
RESULT: undefined
COMMAND: POST /session/9a045c4a17e0def218bea7a69d7cd789/element - {"using":"xpath","value":"//*[@id=\"application-managehandovers-display-component---AddNewHO--popup-sa\"]"}
RESULT: {"using":"xpath","value":"//*[@id=\"application-managehandovers-display-component---AddNewHO--popup-sa\"]"}
COMMAND: POST /session/9a045c4a17e0def218bea7a69d7cd789/element/f.F2CC79D104176C4887E06893325B0B16.d.3F1F479340E8B05618953B4F4E8EF551.e.18862/click - {}
RESULT: {}
COMMAND: POST /session/9a045c4a17e0def218bea7a69d7cd789/execute/async - {"script":"<script> [1562 bytes]","args":[{"selector":{"controlType":"sap.m.Button","viewName":"etm.portal.ui.managehandovers.view.AddNewHO","viewId":"application-managehandovers-display-component---AddNewHO","i18NText":{"propertyName":"text","key":"select"},"searchOpenDialogs":true,"interaction":{"idSuffix":"BDI-content"}},"wdio_ui5_key":"etmportal.ui.managehandovers.view.AddNewHOsap.m.Button{\"propertyName\":\"text\",\"key\":\"select\"}"}]}
COMMAND: GET /session/9a045c4a17e0def218bea7a69d7cd789/screenshot - {}
RESULT: {"script":"<script> [1562 bytes]","args":[{"selector":{"controlType":"sap.m.Button","viewName":"etm.portal.ui.managehandovers.view.AddNewHO","viewId":"application-managehandovers-display-component---AddNewHO","i18NText":{"propertyName":"text","key":"select"},"searchOpenDialogs":true,"interaction":{"idSuffix":"BDI-content"}},"wdio_ui5_key":"etmportal.ui.managehandovers.view.AddNewHOsap.m.Button{\"propertyName\":\"text\",\"key\":\"select\"}"}]}
RESULT: undefined
COMMAND: POST /session/9a045c4a17e0def218bea7a69d7cd789/element - {"using":"xpath","value":"//*[@id=\"__button60\"]"}
RESULT: {}
RESULT: {"using":"xpath","value":"//*[@id=\"__button60\"]"}
COMMAND: POST /session/9a045c4a17e0def218bea7a69d7cd789/element/f.F2CC79D104176C4887E06893325B0B16.d.3F1F479340E8B05618953B4F4E8EF551.e.18864/click - {}
RESULT: {}
COMMAND: GET /session/9a045c4a17e0def218bea7a69d7cd789/screenshot - {}
RESULT: {}
COMMAND: POST /session/9a045c4a17e0def218bea7a69d7cd789/execute/async - {"script":"<script> [1562 bytes]","args":[{"selector":{"id":"application-managehandovers-display-component---AddNewHO--confirmCreationButton","interaction":{"idSuffix":"BDI-content"}},"wdio_ui5_key":"applicationmanagehandovers-display-component---AddNewHO--confirmCreationButton"}]}
RESULT: {"script":"<script> [1562 bytes]","args":[{"selector":{"id":"application-managehandovers-display-component---AddNewHO--confirmCreationButton","interaction":{"idSuffix":"BDI-content"}},"wdio_ui5_key":"applicationmanagehandovers-display-component---AddNewHO--confirmCreationButton"}]}
RESULT: undefined
COMMAND: POST /session/9a045c4a17e0def218bea7a69d7cd789/element - {"using":"xpath","value":"//*[@id=\"application-managehandovers-display-component---AddNewHO--confirmCreationButton\"]"}
RESULT: {"using":"xpath","value":"//*[@id=\"application-managehandovers-display-component---AddNewHO--confirmCreationButton\"]"}
COMMAND: POST /session/9a045c4a17e0def218bea7a69d7cd789/element/f.F2CC79D104176C4887E06893325B0B16.d.3F1F479340E8B05618953B4F4E8EF551.e.18654/click - {}
RESULT: {}
COMMAND: GET /session/9a045c4a17e0def218bea7a69d7cd789/screenshot - {}
RESULT: {}
COMMAND: POST /session/9a045c4a17e0def218bea7a69d7cd789/execute/async - {"script":"<script> [1562 bytes]","args":[{"selector":{"controlType":"sap.m.Text","viewName":"etm.portal.ui.managehandovers.view.DetailExecuteHO","bindingPath":{"propertyPath":"NO","modelName":"catalogModel"}},"wdio_ui5_key":"etmportal.ui.managehandovers.view.DetailExecuteHOsap.m.Text{\"propertyPath\":\"NO\",\"modelName\":\"catalogModel\"}"}]}
RESULT: {"script":"<script> [1562 bytes]","args":[{"selector":{"controlType":"sap.m.Text","viewName":"etm.portal.ui.managehandovers.view.DetailExecuteHO","bindingPath":{"propertyPath":"NO","modelName":"catalogModel"}},"wdio_ui5_key":"etmportal.ui.managehandovers.view.DetailExecuteHOsap.m.Text{\"propertyPath\":\"NO\",\"modelName\":\"catalogModel\"}"}]}
RESULT: undefined
COMMAND: POST /session/9a045c4a17e0def218bea7a69d7cd789/execute/async - {"script":"<script> [6424 bytes]","args":[{"element-6066-11e4-a52e-4f735466cecf":"f.F2CC79D104176C4887E06893325B0B16.d.3F1F479340E8B05618953B4F4E8EF551.e.18922"},"getText",[]]}
RESULT: {"script":"<script> [6424 bytes]","args":[{"element-6066-11e4-a52e-4f735466cecf":"f.F2CC79D104176C4887E06893325B0B16.d.3F1F479340E8B05618953B4F4E8EF551.e.18922"},"getText",[]]}
COMMAND: POST /session/9a045c4a17e0def218bea7a69d7cd789/element - {"using":"xpath","value":"//a[contains(@data-kt ,\"GeneralSectionSendContractLink\")]"}
RESULT: {"using":"xpath","value":"//a[contains(@data-kt ,\"GeneralSectionSendContractLink\")]"}
COMMAND: POST /session/9a045c4a17e0def218bea7a69d7cd789/element/f.F2CC79D104176C4887E06893325B0B16.d.3F1F479340E8B05618953B4F4E8EF551.e.18923/click - {}
RESULT: {}
COMMAND: GET /session/9a045c4a17e0def218bea7a69d7cd789/screenshot - {}
RESULT: {}
COMMAND: POST /session/9a045c4a17e0def218bea7a69d7cd789/element - {"using":"xpath","value":"//a[contains(@data-kt ,\"ContextMenuId2Link\")]"}
RESULT: {"using":"xpath","value":"//a[contains(@data-kt ,\"ContextMenuId2Link\")]"}
COMMAND: POST /session/9a045c4a17e0def218bea7a69d7cd789/elements - {"using":"xpath","value":"//a[contains(@data-kt ,\"ContextMenuId2Link\")]"}
RESULT: {"using":"xpath","value":"//a[contains(@data-kt ,\"ContextMenuId2Link\")]"}
COMMAND: POST /session/9a045c4a17e0def218bea7a69d7cd789/element/f.F2CC79D104176C4887E06893325B0B16.d.3F1F479340E8B05618953B4F4E8EF551.e.18927/click - {}
RESULT: {}
COMMAND: GET /session/9a045c4a17e0def218bea7a69d7cd789/screenshot - {}
RESULT: {}
COMMAND: POST /session/9a045c4a17e0def218bea7a69d7cd789/execute/async - {"script":"<script> [1562 bytes]","args":[{"selector":{"controlType":"sap.m.Link","viewName":"etm.portal.ui.managehandovers.view.DetailExecuteHO","properties":{"text":"Contract Overview"},"searchOpenDialogs":true},"wdio_ui5_key":"etmportal.ui.managehandovers.view.DetailExecuteHOsap.m.Link{\"text\":\"Contract Overview\"}"}]}
RESULT: {"script":"<script> [1562 bytes]","args":[{"selector":{"controlType":"sap.m.Link","viewName":"etm.portal.ui.managehandovers.view.DetailExecuteHO","properties":{"text":"Contract Overview"},"searchOpenDialogs":true},"wdio_ui5_key":"etmportal.ui.managehandovers.view.DetailExecuteHOsap.m.Link{\"text\":\"Contract Overview\"}"}]}
RESULT: undefined
RESULT: undefined
COMMAND: POST /session/9a045c4a17e0def218bea7a69d7cd789/execute/async - {"script":"<script> [6424 bytes]","args":[{"element-6066-11e4-a52e-4f735466cecf":"f.F2CC79D104176C4887E06893325B0B16.d.3F1F479340E8B05618953B4F4E8EF551.e.18562"},"getText",[]]}
COMMAND: POST /session/9a045c4a17e0def218bea7a69d7cd789/execute/async - {"script":"<script> [1562 bytes]","args":[{"selector":{"controlType":"sap.m.ObjectStatus","viewName":"etm.portal.ui.managecontracts.view.Detail","bindingPath":{"propertyPath":"LINK_TO_LOGISTICAL_STATUS/DESCRIPTION","modelName":"catalogModel"}},"wdio_ui5_key":"etmportal.ui.managecontracts.view.Detailsap.m.ObjectStatus{\"propertyPath\":\"LINK_TO_LOGISTICAL_STATUS/DESCRIPTION\",\"modelName\":\"catalogModel\"}"}]}
RESULT: {"script":"<script> [1562 bytes]","args":[{"selector":{"controlType":"sap.m.ObjectStatus","viewName":"etm.portal.ui.managecontracts.view.Detail","bindingPath":{"propertyPath":"LINK_TO_LOGISTICAL_STATUS/DESCRIPTION","modelName":"catalogModel"}},"wdio_ui5_key":"etmportal.ui.managecontracts.view.Detailsap.m.ObjectStatus{\"propertyPath\":\"LINK_TO_LOGISTICAL_STATUS/DESCRIPTION\",\"modelName\":\"catalogModel\"}"}]}
COMMAND: POST /session/9a045c4a17e0def218bea7a69d7cd789/execute/async - {"script":"<script> [6424 bytes]","args":[{"element-6066-11e4-a52e-4f735466cecf":"f.F2CC79D104176C4887E06893325B0B16.d.3F1F479340E8B05618953B4F4E8EF551.e.19149"},"getText",[]]}
RESULT: {"script":"<script> [6424 bytes]","args":[{"element-6066-11e4-a52e-4f735466cecf":"f.F2CC79D104176C4887E06893325B0B16.d.3F1F479340E8B05618953B4F4E8EF551.e.19149"},"getText",[]]}
RESULT: undefined
COMMAND: POST /session/9a045c4a17e0def218bea7a69d7cd789/execute/async - {"script":"<script> [6424 bytes]","args":[{"element-6066-11e4-a52e-4f735466cecf":"f.F2CC79D104176C4887E06893325B0B16.d.3F1F479340E8B05618953B4F4E8EF551.e.18565"},"getText",[]]}
COMMAND: POST /session/9a045c4a17e0def218bea7a69d7cd789/execute/async - {"script":"<script> [1562 bytes]","args":[{"selector":{"controlType":"sap.m.ObjectStatus","viewName":"etm.portal.ui.managecontracts.view.Detail","bindingPath":{"propertyPath":"LINK_TO_COMMERCIAL_STATUS/DESCRIPTION","modelName":"catalogModel"}},"wdio_ui5_key":"etmportal.ui.managecontracts.view.Detailsap.m.ObjectStatus{\"propertyPath\":\"LINK_TO_COMMERCIAL_STATUS/DESCRIPTION\",\"modelName\":\"catalogModel\"}"}]}
RESULT: {"script":"<script> [1562 bytes]","args":[{"selector":{"controlType":"sap.m.ObjectStatus","viewName":"etm.portal.ui.managecontracts.view.Detail","bindingPath":{"propertyPath":"LINK_TO_COMMERCIAL_STATUS/DESCRIPTION","modelName":"catalogModel"}},"wdio_ui5_key":"etmportal.ui.managecontracts.view.Detailsap.m.ObjectStatus{\"propertyPath\":\"LINK_TO_COMMERCIAL_STATUS/DESCRIPTION\",\"modelName\":\"catalogModel\"}"}]}
COMMAND: POST /session/9a045c4a17e0def218bea7a69d7cd789/execute/async - {"script":"<script> [6424 bytes]","args":[{"element-6066-11e4-a52e-4f735466cecf":"f.F2CC79D104176C4887E06893325B0B16.d.3F1F479340E8B05618953B4F4E8EF551.e.19150"},"getText",[]]}
RESULT: {"script":"<script> [6424 bytes]","args":[{"element-6066-11e4-a52e-4f735466cecf":"f.F2CC79D104176C4887E06893325B0B16.d.3F1F479340E8B05618953B4F4E8EF551.e.19150"},"getText",[]]}
COMMAND: POST /session/9a045c4a17e0def218bea7a69d7cd789/execute/async - {"script":"<script> [1562 bytes]","args":[{"selector":{"id":"backBtn"},"wdio_ui5_key":"backBtn"}]}
RESULT: {"script":"<script> [1562 bytes]","args":[{"selector":{"id":"backBtn"},"wdio_ui5_key":"backBtn"}]}
RESULT: undefined
COMMAND: POST /session/9a045c4a17e0def218bea7a69d7cd789/element - {"using":"xpath","value":"//*[@id=\"backBtn\"]"}
RESULT: {"using":"xpath","value":"//*[@id=\"backBtn\"]"}
COMMAND: POST /session/9a045c4a17e0def218bea7a69d7cd789/element/f.F2CC79D104176C4887E06893325B0B16.d.3F1F479340E8B05618953B4F4E8EF551.e.19151/click - {}
RESULT: {}
COMMAND: GET /session/9a045c4a17e0def218bea7a69d7cd789/screenshot - {}
COMMAND: POST /session/9a045c4a17e0def218bea7a69d7cd789/execute/async - {"script":"<script> [1562 bytes]","args":[{"selector":{"controlType":"sap.m.Button","viewName":"etm.portal.ui.managehandovers.view.DetailExecuteHO","i18NText":{"propertyName":"text","key":"confirmAll"},"interaction":{"idSuffix":"BDI-content"}},"wdio_ui5_key":"etmportal.ui.managehandovers.view.DetailExecuteHOsap.m.Button{\"propertyName\":\"text\",\"key\":\"confirmAll\"}"}]}
RESULT: {}
RESULT: {"script":"<script> [1562 bytes]","args":[{"selector":{"controlType":"sap.m.Button","viewName":"etm.portal.ui.managehandovers.view.DetailExecuteHO","i18NText":{"propertyName":"text","key":"confirmAll"},"interaction":{"idSuffix":"BDI-content"}},"wdio_ui5_key":"etmportal.ui.managehandovers.view.DetailExecuteHOsap.m.Button{\"propertyName\":\"text\",\"key\":\"confirmAll\"}"}]}
RESULT: undefined
COMMAND: POST /session/9a045c4a17e0def218bea7a69d7cd789/element - {"using":"xpath","value":"//*[@id=\"__button143\"]"}
RESULT: {"using":"xpath","value":"//*[@id=\"__button143\"]"}
COMMAND: POST /session/9a045c4a17e0def218bea7a69d7cd789/element/f.F2CC79D104176C4887E06893325B0B16.d.3F1F479340E8B05618953B4F4E8EF551.e.19446/click - {}
RESULT: {}
COMMAND: POST /session/9a045c4a17e0def218bea7a69d7cd789/execute/async - {"script":"<script> [1562 bytes]","args":[{"selector":{"controlType":"sap.m.Button","properties":{"text":"OK"},"searchOpenDialogs":true,"interaction":{"idSuffix":"BDI-content"}},"wdio_ui5_key":"sapm.Button{\"text\":\"OK\"}"}]}
COMMAND: GET /session/9a045c4a17e0def218bea7a69d7cd789/screenshot - {}
RESULT: {"script":"<script> [1562 bytes]","args":[{"selector":{"controlType":"sap.m.Button","properties":{"text":"OK"},"searchOpenDialogs":true,"interaction":{"idSuffix":"BDI-content"}},"wdio_ui5_key":"sapm.Button{\"text\":\"OK\"}"}]}
RESULT: undefined
COMMAND: POST /session/9a045c4a17e0def218bea7a69d7cd789/element - {"using":"xpath","value":"//*[@id=\"__mbox-btn-0\"]"}
RESULT: {}
RESULT: {"using":"xpath","value":"//*[@id=\"__mbox-btn-0\"]"}
COMMAND: POST /session/9a045c4a17e0def218bea7a69d7cd789/element/f.F2CC79D104176C4887E06893325B0B16.d.3F1F479340E8B05618953B4F4E8EF551.e.19449/click - {}
RESULT: {}
COMMAND: GET /session/9a045c4a17e0def218bea7a69d7cd789/screenshot - {}
RESULT: {}
COMMAND: POST /session/9a045c4a17e0def218bea7a69d7cd789/element - {"using":"xpath","value":"//button[contains(@data-kt ,\"execHoIssueFooterButton\")]"}
RESULT: {"using":"xpath","value":"//button[contains(@data-kt ,\"execHoIssueFooterButton\")]"}
COMMAND: POST /session/9a045c4a17e0def218bea7a69d7cd789/element/f.F2CC79D104176C4887E06893325B0B16.d.3F1F479340E8B05618953B4F4E8EF551.e.19452/click - {}
RESULT: {}
COMMAND: GET /session/9a045c4a17e0def218bea7a69d7cd789/screenshot - {}
RESULT: {}
COMMAND: POST /session/9a045c4a17e0def218bea7a69d7cd789/refresh - {}
RESULT: {}
COMMAND: GET /session/9a045c4a17e0def218bea7a69d7cd789/screenshot - {}
RESULT: {}
COMMAND: POST /session/9a045c4a17e0def218bea7a69d7cd789/refresh - {}
RESULT: {}
COMMAND: GET /session/9a045c4a17e0def218bea7a69d7cd789/screenshot - {}
RESULT: {}
COMMAND: POST /session/9a045c4a17e0def218bea7a69d7cd789/window/fullscreen - {}
RESULT: {}
COMMAND: POST /session/9a045c4a17e0def218bea7a69d7cd789/execute/async - {"script":"<script> [189 bytes]","args":[]}
RESULT: {"script":"<script> [189 bytes]","args":[]}
COMMAND: POST /session/9a045c4a17e0def218bea7a69d7cd789/execute/async - {"script":"<script> [123 bytes]","args":[]}
RESULT: {"script":"<script> [123 bytes]","args":[]}
COMMAND: POST /session/9a045c4a17e0def218bea7a69d7cd789/timeouts - {"script":"<number>"}
RESULT: {"script":"<number>"}
COMMAND: GET /session/9a045c4a17e0def218bea7a69d7cd789/timeouts - {}
RESULT: {}
RESULT: undefined
COMMAND: POST /session/9a045c4a17e0def218bea7a69d7cd789/execute/async - {"script":"<script> [2676 bytes]","args":[]}
RESULT: {"script":"<script> [2676 bytes]","args":[]}
COMMAND: POST /session/9a045c4a17e0def218bea7a69d7cd789/execute/async - {"script":"<script> [2342 bytes]","args":[{"protocol":"http","hostname":"0.0.0.0","path":"/","capabilities":{"browserName":"chrome","goog:chromeOptions":{"binary":"C:\\Program Files\\Google\\Chrome\\Application\\chrome.exe","args":["--start-maximized"]}},"logLevel":"warn","connectionRetryTimeout":120000,"connectionRetryCount":3,"logLevels":{},"enableDirectConnect":true,"strictSSL":true,"_":"65 more keys: [\"cacheDir\",\"port\",\"requestedCapabilities\",\"automationProtocol\",\"baseUrl\",\"waitforInterval\",\"waitforTimeout\",\"onReload\",\"beforeCommand\",\"afterCommand\",\"rootDir\",\"specs\",\"suites\",\"exclude\",\"groupLogsByTestSpec\",\"excludeDriverLogs\",\"bail\",\"framework\",\"reporters\",\"services\",\"maxInstances\",\"maxInstancesPerCapability\",\"injectGlobals\",\"filesToWatch\",\"execArgv\",\"runnerEnv\",\"runner\",\"shard\",\"specFileRetries\",\"specFileRetriesDelay\",\"specFileRetriesDeferred\",\"reporterSyncInterval\",\"reporterSyncTimeout\",\"cucumberFeaturesWithLineNumbers\",\"autoCompileOpts\",\"mochaOpts\",\"jasmineOpts\",\"cucumberOpts\",\"onPrepare\",\"onWorkerStart\",\"onWorkerEnd\",\"before\",\"beforeSession\",\"beforeSuite\",\"beforeHook\",\"beforeTest\",\"afterTest\",\"afterHook\",\"afterSuite\",\"afterSession\",\"after\",\"onComplete\",\"beforeAssertion\",\"afterAssertion\",\"beforeFeature\",\"beforeScenario\",\"beforeStep\",\"afterStep\",\"afterScenario\",\"afterFeature\",\"_\",\"suite\",\"$0\",\"ignoredWorkerServices\",\"wdi5\"]"}]}
RESULT: {"script":"<script> [2342 bytes]","args":[{"protocol":"http","hostname":"0.0.0.0","path":"/","capabilities":{"browserName":"chrome","goog:chromeOptions":{"binary":"C:\\Program Files\\Google\\Chrome\\Application\\chrome.exe","args":["--start-maximized"]}},"logLevel":"warn","connectionRetryTimeout":120000,"connectionRetryCount":3,"logLevels":{},"enableDirectConnect":true,"strictSSL":true,"_":"65 more keys: [\"cacheDir\",\"port\",\"requestedCapabilities\",\"automationProtocol\",\"baseUrl\",\"waitforInterval\",\"waitforTimeout\",\"onReload\",\"beforeCommand\",\"afterCommand\",\"rootDir\",\"specs\",\"suites\",\"exclude\",\"groupLogsByTestSpec\",\"excludeDriverLogs\",\"bail\",\"framework\",\"reporters\",\"services\",\"maxInstances\",\"maxInstancesPerCapability\",\"injectGlobals\",\"filesToWatch\",\"execArgv\",\"runnerEnv\",\"runner\",\"shard\",\"specFileRetries\",\"specFileRetriesDelay\",\"specFileRetriesDeferred\",\"reporterSyncInterval\",\"reporterSyncTimeout\",\"cucumberFeaturesWithLineNumbers\",\"autoCompileOpts\",\"mochaOpts\",\"jasmineOpts\",\"cucumberOpts\",\"onPrepare\",\"onWorkerStart\",\"onWorkerEnd\",\"before\",\"beforeSession\",\"beforeSuite\",\"beforeHook\",\"beforeTest\",\"afterTest\",\"afterHook\",\"afterSuite\",\"afterSession\",\"after\",\"onComplete\",\"beforeAssertion\",\"afterAssertion\",\"beforeFeature\",\"beforeScenario\",\"beforeStep\",\"afterStep\",\"afterScenario\",\"afterFeature\",\"_\",\"suite\",\"$0\",\"ignoredWorkerServices\",\"wdi5\"]"}]}
COMMAND: POST /session/9a045c4a17e0def218bea7a69d7cd789/execute/async - {"script":"<script> [21126 bytes]","args":[35000]}
RESULT: {"script":"<script> [21126 bytes]","args":[35000]}
COMMAND: POST /session/9a045c4a17e0def218bea7a69d7cd789/execute/async - {"script":"<script> [1562 bytes]","args":[{"selector":{"controlType":"sap.m.SearchField","viewName":"etm.portal.ui.managehandovers.view.MasterHO","bindingPath":{"path":"","propertyPath":"/_BASIC_SEARCH_FIELD","modelName":"fi1t3rM0d31"},"interaction":{"idSuffix":"I"}},"wdio_ui5_key":"etmportal.ui.managehandovers.view.MasterHOsap.m.SearchField{\"path\":\"\",\"propertyPath\":\"/_BASIC_SEARCH_FIELD\",\"modelName\":\"fi1t3rM0d31\"}"}]}
RESULT: {"script":"<script> [1562 bytes]","args":[{"selector":{"controlType":"sap.m.SearchField","viewName":"etm.portal.ui.managehandovers.view.MasterHO","bindingPath":{"path":"","propertyPath":"/_BASIC_SEARCH_FIELD","modelName":"fi1t3rM0d31"},"interaction":{"idSuffix":"I"}},"wdio_ui5_key":"etmportal.ui.managehandovers.view.MasterHOsap.m.SearchField{\"path\":\"\",\"propertyPath\":\"/_BASIC_SEARCH_FIELD\",\"modelName\":\"fi1t3rM0d31\"}"}]}
RESULT: undefined
COMMAND: POST /session/9a045c4a17e0def218bea7a69d7cd789/execute/async - {"script":"<script> [776 bytes]","args":[{"enterText":"30635","selector":{"controlType":"sap.m.SearchField","viewName":"etm.portal.ui.managehandovers.view.MasterHO","bindingPath":{"path":"","propertyPath":"/_BASIC_SEARCH_FIELD","modelName":"fi1t3rM0d31"},"interaction":{"idSuffix":"I"}},"clearTextFirst":true,"interactionType":"ENTER_TEXT"}]}
RESULT: {"script":"<script> [776 bytes]","args":[{"enterText":"30635","selector":{"controlType":"sap.m.SearchField","viewName":"etm.portal.ui.managehandovers.view.MasterHO","bindingPath":{"path":"","propertyPath":"/_BASIC_SEARCH_FIELD","modelName":"fi1t3rM0d31"},"interaction":{"idSuffix":"I"}},"clearTextFirst":true,"interactionType":"ENTER_TEXT"}]}
COMMAND: POST /session/9a045c4a17e0def218bea7a69d7cd789/actions - {"actions":[{"id":"action85","type":"key","parameters":{},"actions":[{"type":"keyDown","value":"î€‡"},{"type":"pause","duration":10},{"type":"keyUp","value":"î€‡"}]}]}
RESULT: {"actions":[{"id":"action85","type":"key","parameters":{},"actions":[{"type":"keyDown","value":"î€‡"},{"type":"pause","duration":10},{"type":"keyUp","value":"î€‡"}]}]}
COMMAND: GET /session/9a045c4a17e0def218bea7a69d7cd789/screenshot - {}
RESULT: {}
COMMAND: POST /session/9a045c4a17e0def218bea7a69d7cd789/execute/async - {"script":"<script> [1562 bytes]","args":[{"selector":{"controlType":"sap.m.Title","viewName":"etm.portal.ui.managehandovers.view.MasterHO","properties":{"text":"Records (1)"}},"wdio_ui5_key":"etmportal.ui.managehandovers.view.MasterHOsap.m.Title{\"text\":\"Records (1)\"}"}]}
RESULT: {"script":"<script> [1562 bytes]","args":[{"selector":{"controlType":"sap.m.Title","viewName":"etm.portal.ui.managehandovers.view.MasterHO","properties":{"text":"Records (1)"}},"wdio_ui5_key":"etmportal.ui.managehandovers.view.MasterHOsap.m.Title{\"text\":\"Records (1)\"}"}]}
RESULT: undefined
COMMAND: POST /session/9a045c4a17e0def218bea7a69d7cd789/execute/async - {"script":"<script> [6424 bytes]","args":[{"element-6066-11e4-a52e-4f735466cecf":"f.F2CC79D104176C4887E06893325B0B16.d.3B5EF81F6F0C9802141A241DB05EF94A.e.19743"},"getText",[]]}
RESULT: {"script":"<script> [6424 bytes]","args":[{"element-6066-11e4-a52e-4f735466cecf":"f.F2CC79D104176C4887E06893325B0B16.d.3B5EF81F6F0C9802141A241DB05EF94A.e.19743"},"getText",[]]}
COMMAND: POST /session/9a045c4a17e0def218bea7a69d7cd789/execute/async - {"script":"<script> [1562 bytes]","args":[{"selector":{"controlType":"sap.ui.core.Icon","viewName":"etm.portal.ui.managehandovers.view.MasterHO","properties":{"src":{"regex":{"source":"slim\\-arrow\\-right"}}}},"wdio_ui5_key":"etmportal.ui.managehandovers.view.MasterHOsap.ui.core.Icon{\"src\":{\"regex\":{\"source\":\"slim\\\\-arrow\\\\-right\"}}}"}]}
RESULT: {"script":"<script> [1562 bytes]","args":[{"selector":{"controlType":"sap.ui.core.Icon","viewName":"etm.portal.ui.managehandovers.view.MasterHO","properties":{"src":{"regex":{"source":"slim\\-arrow\\-right"}}}},"wdio_ui5_key":"etmportal.ui.managehandovers.view.MasterHOsap.ui.core.Icon{\"src\":{\"regex\":{\"source\":\"slim\\\\-arrow\\\\-right\"}}}"}]}
RESULT: undefined
COMMAND: POST /session/9a045c4a17e0def218bea7a69d7cd789/element - {"using":"xpath","value":"//*[@id=\"__item30-__clone16-imgNav\"]"}
RESULT: {"using":"xpath","value":"//*[@id=\"__item30-__clone16-imgNav\"]"}
COMMAND: POST /session/9a045c4a17e0def218bea7a69d7cd789/element/f.F2CC79D104176C4887E06893325B0B16.d.3B5EF81F6F0C9802141A241DB05EF94A.e.19742/click - {}
RESULT: {}
COMMAND: GET /session/9a045c4a17e0def218bea7a69d7cd789/screenshot - {}
RESULT: {}
COMMAND: POST /session/9a045c4a17e0def218bea7a69d7cd789/execute/async - {"script":"<script> [1562 bytes]","args":[{"selector":{"controlType":"sap.m.ObjectStatus","viewName":"etm.portal.ui.managehandovers.view.DetailManageHO","viewId":"application-managehandovers-display-component---detailManageHO","labelFor":{"text":"Status"}},"wdio_ui5_key":"etmportal.ui.managehandovers.view.DetailManageHOsap.m.ObjectStatus{\"text\":\"Status\"}"}]}
RESULT: {"script":"<script> [1562 bytes]","args":[{"selector":{"controlType":"sap.m.ObjectStatus","viewName":"etm.portal.ui.managehandovers.view.DetailManageHO","viewId":"application-managehandovers-display-component---detailManageHO","labelFor":{"text":"Status"}},"wdio_ui5_key":"etmportal.ui.managehandovers.view.DetailManageHOsap.m.ObjectStatus{\"text\":\"Status\"}"}]}
RESULT: undefined
COMMAND: POST /session/9a045c4a17e0def218bea7a69d7cd789/execute/async - {"script":"<script> [6424 bytes]","args":[{"element-6066-11e4-a52e-4f735466cecf":"f.F2CC79D104176C4887E06893325B0B16.d.3B5EF81F6F0C9802141A241DB05EF94A.e.19833"},"getText",[]]}
RESULT: {"script":"<script> [6424 bytes]","args":[{"element-6066-11e4-a52e-4f735466cecf":"f.F2CC79D104176C4887E06893325B0B16.d.3B5EF81F6F0C9802141A241DB05EF94A.e.19833"},"getText",[]]}
COMMAND: POST /session/9a045c4a17e0def218bea7a69d7cd789/element - {"using":"xpath","value":"//a[contains(@data-kt ,\"GeneralSectionSendContractLink\")]"}
RESULT: {"using":"xpath","value":"//a[contains(@data-kt ,\"GeneralSectionSendContractLink\")]"}
COMMAND: POST /session/9a045c4a17e0def218bea7a69d7cd789/element/f.F2CC79D104176C4887E06893325B0B16.d.3B5EF81F6F0C9802141A241DB05EF94A.e.19834/click - {}
RESULT: {}
COMMAND: GET /session/9a045c4a17e0def218bea7a69d7cd789/screenshot - {}
RESULT: {}
COMMAND: POST /session/9a045c4a17e0def218bea7a69d7cd789/elements - {"using":"xpath","value":"//a[contains(@data-kt ,\"ContextMenuId2Link\")]"}
RESULT: {"using":"xpath","value":"//a[contains(@data-kt ,\"ContextMenuId2Link\")]"}
COMMAND: POST /session/9a045c4a17e0def218bea7a69d7cd789/element/f.F2CC79D104176C4887E06893325B0B16.d.3F1F479340E8B05618953B4F4E8EF551.e.18927/click - {}
COMMAND: POST /session/9a045c4a17e0def218bea7a69d7cd789/element - {"using":"xpath","value":"//a[contains(@data-kt ,\"ContextMenuId2Link\")]"}
RESULT: {"using":"xpath","value":"//a[contains(@data-kt ,\"ContextMenuId2Link\")]"}
COMMAND: POST /session/9a045c4a17e0def218bea7a69d7cd789/element/f.F2CC79D104176C4887E06893325B0B16.d.3F1F479340E8B05618953B4F4E8EF551.e.18927/click - {}
COMMAND: POST /session/9a045c4a17e0def218bea7a69d7cd789/element - {"using":"xpath","value":"//a[contains(@data-kt ,\"ContextMenuId2Link\")]"}
RESULT: {"using":"xpath","value":"//a[contains(@data-kt ,\"ContextMenuId2Link\")]"}
COMMAND: POST /session/9a045c4a17e0def218bea7a69d7cd789/element/f.F2CC79D104176C4887E06893325B0B16.d.3B5EF81F6F0C9802141A241DB05EF94A.e.19837/click - {}
RESULT: {}
COMMAND: GET /session/9a045c4a17e0def218bea7a69d7cd789/screenshot - {}
RESULT: {}
COMMAND: POST /session/9a045c4a17e0def218bea7a69d7cd789/execute/async - {"script":"<script> [1562 bytes]","args":[{"selector":{"controlType":"sap.m.ObjectStatus","viewName":"etm.portal.ui.managecontracts.view.Detail","bindingPath":{"propertyPath":"LINK_TO_COMMERCIAL_STATUS/DESCRIPTION","modelName":"catalogModel"}},"wdio_ui5_key":"etmportal.ui.managecontracts.view.Detailsap.m.ObjectStatus{\"propertyPath\":\"LINK_TO_COMMERCIAL_STATUS/DESCRIPTION\",\"modelName\":\"catalogModel\"}"}]}
RESULT: {"script":"<script> [1562 bytes]","args":[{"selector":{"controlType":"sap.m.ObjectStatus","viewName":"etm.portal.ui.managecontracts.view.Detail","bindingPath":{"propertyPath":"LINK_TO_COMMERCIAL_STATUS/DESCRIPTION","modelName":"catalogModel"}},"wdio_ui5_key":"etmportal.ui.managecontracts.view.Detailsap.m.ObjectStatus{\"propertyPath\":\"LINK_TO_COMMERCIAL_STATUS/DESCRIPTION\",\"modelName\":\"catalogModel\"}"}]}
RESULT: undefined
COMMAND: POST /session/9a045c4a17e0def218bea7a69d7cd789/execute/async - {"script":"<script> [6424 bytes]","args":[{"element-6066-11e4-a52e-4f735466cecf":"f.F2CC79D104176C4887E06893325B0B16.d.3B5EF81F6F0C9802141A241DB05EF94A.e.20072"},"getText",[]]}
RESULT: {"script":"<script> [6424 bytes]","args":[{"element-6066-11e4-a52e-4f735466cecf":"f.F2CC79D104176C4887E06893325B0B16.d.3B5EF81F6F0C9802141A241DB05EF94A.e.20072"},"getText",[]]}
COMMAND: POST /session/9a045c4a17e0def218bea7a69d7cd789/execute/async - {"script":"<script> [1562 bytes]","args":[{"selector":{"controlType":"sap.m.ObjectStatus","viewName":"etm.portal.ui.managecontracts.view.Detail","bindingPath":{"propertyPath":"LINK_TO_LOGISTICAL_STATUS/DESCRIPTION","modelName":"catalogModel"}},"wdio_ui5_key":"etmportal.ui.managecontracts.view.Detailsap.m.ObjectStatus{\"propertyPath\":\"LINK_TO_LOGISTICAL_STATUS/DESCRIPTION\",\"modelName\":\"catalogModel\"}"}]}
RESULT: {"script":"<script> [1562 bytes]","args":[{"selector":{"controlType":"sap.m.ObjectStatus","viewName":"etm.portal.ui.managecontracts.view.Detail","bindingPath":{"propertyPath":"LINK_TO_LOGISTICAL_STATUS/DESCRIPTION","modelName":"catalogModel"}},"wdio_ui5_key":"etmportal.ui.managecontracts.view.Detailsap.m.ObjectStatus{\"propertyPath\":\"LINK_TO_LOGISTICAL_STATUS/DESCRIPTION\",\"modelName\":\"catalogModel\"}"}]}
RESULT: undefined
COMMAND: POST /session/9a045c4a17e0def218bea7a69d7cd789/execute/async - {"script":"<script> [6424 bytes]","args":[{"element-6066-11e4-a52e-4f735466cecf":"f.F2CC79D104176C4887E06893325B0B16.d.3B5EF81F6F0C9802141A241DB05EF94A.e.20073"},"getText",[]]}
RESULT: {"script":"<script> [6424 bytes]","args":[{"element-6066-11e4-a52e-4f735466cecf":"f.F2CC79D104176C4887E06893325B0B16.d.3B5EF81F6F0C9802141A241DB05EF94A.e.20073"},"getText",[]]}
COMMAND: POST /session/9a045c4a17e0def218bea7a69d7cd789/element - {"using":"xpath","value":"//button[@data-kt=\"contractDetailEditBtnButton\"]"}
RESULT: {"using":"xpath","value":"//button[@data-kt=\"contractDetailEditBtnButton\"]"}
COMMAND: POST /session/9a045c4a17e0def218bea7a69d7cd789/element/f.F2CC79D104176C4887E06893325B0B16.d.3B5EF81F6F0C9802141A241DB05EF94A.e.19902/click - {}
RESULT: {}
COMMAND: GET /session/9a045c4a17e0def218bea7a69d7cd789/screenshot - {}
RESULT: {}
COMMAND: POST /session/9a045c4a17e0def218bea7a69d7cd789/element - {"using":"xpath","value":"(//span[contains(text(), \"Additional Addresses\")])[2]"}
RESULT: {"using":"xpath","value":"(//span[contains(text(), \"Additional Addresses\")])[2]"}
COMMAND: POST /session/9a045c4a17e0def218bea7a69d7cd789/element/f.F2CC79D104176C4887E06893325B0B16.d.3B5EF81F6F0C9802141A241DB05EF94A.e.20131/click - {}
RESULT: {}
COMMAND: GET /session/9a045c4a17e0def218bea7a69d7cd789/screenshot - {}
RESULT: {}
COMMAND: POST /session/9a045c4a17e0def218bea7a69d7cd789/element - {"using":"xpath","value":"//button[@data-kt=\"btnAddTableRowOverflowToolbarButton\"]"}
RESULT: {"using":"xpath","value":"//button[@data-kt=\"btnAddTableRowOverflowToolbarButton\"]"}
COMMAND: POST /session/9a045c4a17e0def218bea7a69d7cd789/element/f.F2CC79D104176C4887E06893325B0B16.d.3B5EF81F6F0C9802141A241DB05EF94A.e.20133/click - {}
RESULT: {}
COMMAND: GET /session/9a045c4a17e0def218bea7a69d7cd789/screenshot - {}
RESULT: {}
COMMAND: POST /session/9a045c4a17e0def218bea7a69d7cd789/element - {"using":"xpath","value":"//div[(text() = 'Standard Entry' or . = 'Standard Entry')]"}
RESULT: {"using":"xpath","value":"//div[(text() = 'Standard Entry' or . = 'Standard Entry')]"}
COMMAND: POST /session/9a045c4a17e0def218bea7a69d7cd789/element/f.F2CC79D104176C4887E06893325B0B16.d.3B5EF81F6F0C9802141A241DB05EF94A.e.20135/click - {}
RESULT: {}
COMMAND: POST /session/9a045c4a17e0def218bea7a69d7cd789/execute/async - {"script":"<script> [1562 bytes]","args":[{"selector":{"controlType":"sap.ui.core.Icon","viewName":"etm.portal.ui.managecontracts.view.EditContract","properties":{"src":{"regex":{"source":"slim\\-arrow\\-down"}}},"ancestor":{"controlType":"sap.m.ComboBox","viewName":"etm.portal.ui.managecontracts.view.EditContract","bindingPath":{"propertyPath":"RU_TYPE","modelName":"catalogModel"}}},"wdio_ui5_key":"etmportal.ui.managecontracts.view.EditContractsap.ui.core.Icon{\"src\":{\"regex\":{\"source\":\"slim\\\\-arrow\\\\-down\"}}}{\"controlType\":\"sap.m.ComboBox\",\"viewName\":\"etm.portal.ui.managecontracts.view.EditContract\",\"bindingPath\":{\"propertyPath\":\"RU_TYPE\",\"modelName\":\"catalogModel\"}}"}]}
COMMAND: GET /session/9a045c4a17e0def218bea7a69d7cd789/screenshot - {}
RESULT: {"script":"<script> [1562 bytes]","args":[{"selector":{"controlType":"sap.ui.core.Icon","viewName":"etm.portal.ui.managecontracts.view.EditContract","properties":{"src":{"regex":{"source":"slim\\-arrow\\-down"}}},"ancestor":{"controlType":"sap.m.ComboBox","viewName":"etm.portal.ui.managecontracts.view.EditContract","bindingPath":{"propertyPath":"RU_TYPE","modelName":"catalogModel"}}},"wdio_ui5_key":"etmportal.ui.managecontracts.view.EditContractsap.ui.core.Icon{\"src\":{\"regex\":{\"source\":\"slim\\\\-arrow\\\\-down\"}}}{\"controlType\":\"sap.m.ComboBox\",\"viewName\":\"etm.portal.ui.managecontracts.view.EditContract\",\"bindingPath\":{\"propertyPath\":\"RU_TYPE\",\"modelName\":\"catalogModel\"}}"}]}
RESULT: undefined
COMMAND: POST /session/9a045c4a17e0def218bea7a69d7cd789/element - {"using":"xpath","value":"//*[@id=\"__box20-arrow\"]"}
RESULT: {}
RESULT: {"using":"xpath","value":"//*[@id=\"__box20-arrow\"]"}
COMMAND: POST /session/9a045c4a17e0def218bea7a69d7cd789/element/f.F2CC79D104176C4887E06893325B0B16.d.3B5EF81F6F0C9802141A241DB05EF94A.e.20150/click - {}
RESULT: {}
COMMAND: POST /session/9a045c4a17e0def218bea7a69d7cd789/execute/async - {"script":"<script> [1562 bytes]","args":[{"selector":{"controlType":"sap.m.StandardListItem","viewName":"etm.portal.ui.managecontracts.view.EditContract","properties":{"title":"Material"},"searchOpenDialogs":true,"interaction":{"idSuffix":"content"}},"wdio_ui5_key":"etmportal.ui.managecontracts.view.EditContractsap.m.StandardListItem{\"title\":\"Material\"}"}]}
COMMAND: GET /session/9a045c4a17e0def218bea7a69d7cd789/screenshot - {}
RESULT: {"script":"<script> [1562 bytes]","args":[{"selector":{"controlType":"sap.m.StandardListItem","viewName":"etm.portal.ui.managecontracts.view.EditContract","properties":{"title":"Material"},"searchOpenDialogs":true,"interaction":{"idSuffix":"content"}},"wdio_ui5_key":"etmportal.ui.managecontracts.view.EditContractsap.m.StandardListItem{\"title\":\"Material\"}"}]}
RESULT: undefined
COMMAND: POST /session/9a045c4a17e0def218bea7a69d7cd789/element - {"using":"xpath","value":"//*[@id=\"__item96\"]"}
RESULT: {}
RESULT: {"using":"xpath","value":"//*[@id=\"__item96\"]"}
COMMAND: POST /session/9a045c4a17e0def218bea7a69d7cd789/element/f.F2CC79D104176C4887E06893325B0B16.d.3B5EF81F6F0C9802141A241DB05EF94A.e.20153/click - {}
RESULT: {}
COMMAND: POST /session/9a045c4a17e0def218bea7a69d7cd789/element - {"using":"xpath","value":"//td[7]/div/div/input"}
COMMAND: GET /session/9a045c4a17e0def218bea7a69d7cd789/screenshot - {}
RESULT: {"using":"xpath","value":"//td[7]/div/div/input"}
COMMAND: POST /session/9a045c4a17e0def218bea7a69d7cd789/element/f.F2CC79D104176C4887E06893325B0B16.d.3B5EF81F6F0C9802141A241DB05EF94A.e.20156/clear - {}
RESULT: {}
RESULT: {}
COMMAND: POST /session/9a045c4a17e0def218bea7a69d7cd789/element/f.F2CC79D104176C4887E06893325B0B16.d.3B5EF81F6F0C9802141A241DB05EF94A.e.20156/value - {"text":"WebdriverRUR2Crhmfb"}
COMMAND: GET /session/9a045c4a17e0def218bea7a69d7cd789/screenshot - {}
RESULT: {"text":"WebdriverRUR2Crhmfb"}
COMMAND: GET /session/9a045c4a17e0def218bea7a69d7cd789/screenshot - {}
RESULT: {}
RESULT: {}
COMMAND: POST /session/9a045c4a17e0def218bea7a69d7cd789/actions - {"actions":[{"id":"action86","type":"key","parameters":{},"actions":[{"type":"keyDown","value":"î€‡"},{"type":"pause","duration":10},{"type":"keyUp","value":"î€‡"}]}]}
RESULT: {"actions":[{"id":"action86","type":"key","parameters":{},"actions":[{"type":"keyDown","value":"î€‡"},{"type":"pause","duration":10},{"type":"keyUp","value":"î€‡"}]}]}
COMMAND: GET /session/9a045c4a17e0def218bea7a69d7cd789/screenshot - {}
RESULT: {}
COMMAND: POST /session/9a045c4a17e0def218bea7a69d7cd789/element - {"using":"xpath","value":"//button[@data-kt=\"saveButton\"]"}
RESULT: {"using":"xpath","value":"//button[@data-kt=\"saveButton\"]"}
COMMAND: POST /session/9a045c4a17e0def218bea7a69d7cd789/element/f.F2CC79D104176C4887E06893325B0B16.d.3B5EF81F6F0C9802141A241DB05EF94A.e.20179/click - {}
RESULT: {}
COMMAND: GET /session/9a045c4a17e0def218bea7a69d7cd789/screenshot - {}
RESULT: {}
RESULT: undefined
COMMAND: POST /session/9a045c4a17e0def218bea7a69d7cd789/execute/async - {"script":"<script> [6424 bytes]","args":[{"element-6066-11e4-a52e-4f735466cecf":"f.F2CC79D104176C4887E06893325B0B16.d.3B5EF81F6F0C9802141A241DB05EF94A.e.20073"},"getText",[]]}
RESULT: {"script":"<script> [6424 bytes]","args":[{"element-6066-11e4-a52e-4f735466cecf":"f.F2CC79D104176C4887E06893325B0B16.d.3B5EF81F6F0C9802141A241DB05EF94A.e.20073"},"getText",[]]}
COMMAND: DELETE /session/9a045c4a17e0def218bea7a69d7cd789 - {}
RESULT: {}
]]></system-out>
    </testcase>
  </testsuite>
</testsuites>