<?xml version="1.0" encoding="UTF-8"?>
<testsuites tests="18" failures="1" errors="1" skipped="0">
  <testsuite timestamp="2025-05-04T15:17:32" time="84.552" tests="2" failures="0" errors="0" skipped="0">
    <properties>
      <property name="specId" value="0" />
      <property name="suiteName" value="Assign the user test user id to an address" />
      <property name="capabilities" value="chrome.135_0_7049_96.windows" />
      <property name="file" value="file:///D:/a/1/s/test/specs/R2C/assign-user-id-to-an-address.spec.js" />
    </properties>
    <testcase classname="chrome.135_0_7049_96.windows.Assign_the_user_test_user_id_to_an_address" name="Should search for test1ETM create only if not present" time="29.416">
      <system-out><![CDATA[
COMMAND: POST /session/9ee8f14f10c6d21a9bd1d789b8b2e24e/execute/async - {"script":"<script> [1562 bytes]","args":[{"selector":{"id":"application-addressmanagement-display-component---masterAdm--smartFilterBar-filterItemControl_BASIC-NAME-vhi"},"wdio_ui5_key":"applicationaddressmanagement-display-component---masterAdm--smartFilterBar-filterItemControl_BASIC-NAME-vhi"}]}
RESULT: {"script":"<script> [1562 bytes]","args":[{"selector":{"id":"application-addressmanagement-display-component---masterAdm--smartFilterBar-filterItemControl_BASIC-NAME-vhi"},"wdio_ui5_key":"applicationaddressmanagement-display-component---masterAdm--smartFilterBar-filterItemControl_BASIC-NAME-vhi"}]}
RESULT: undefined
COMMAND: POST /session/9ee8f14f10c6d21a9bd1d789b8b2e24e/element - {"using":"xpath","value":"//*[@id=\"application-addressmanagement-display-component---masterAdm--smartFilterBar-filterItemControl_BASIC-NAME-vhi\"]"}
RESULT: {"using":"xpath","value":"//*[@id=\"application-addressmanagement-display-component---masterAdm--smartFilterBar-filterItemControl_BASIC-NAME-vhi\"]"}
COMMAND: POST /session/9ee8f14f10c6d21a9bd1d789b8b2e24e/element/f.F4456A30B5DD81BD5266FF5FFADC42DE.d.D7D8B559F6133505CDEAFF40D065204F.e.289/click - {}
RESULT: {}
COMMAND: POST /session/9ee8f14f10c6d21a9bd1d789b8b2e24e/execute/async - {"script":"<script> [1562 bytes]","args":[{"selector":{"controlType":"sap.m.Input","viewName":"etm.portal.ui.addressmanagement.view.Master","viewId":"application-addressmanagement-display-component---masterAdm","properties":{"valueState":"None"},"searchOpenDialogs":true,"interaction":{"idSuffix":"inner"}},"wdio_ui5_key":"etmportal.ui.addressmanagement.view.Mastersap.m.Input{\"valueState\":\"None\"}"}]}
COMMAND: GET /session/9ee8f14f10c6d21a9bd1d789b8b2e24e/screenshot - {}
RESULT: {"script":"<script> [1562 bytes]","args":[{"selector":{"controlType":"sap.m.Input","viewName":"etm.portal.ui.addressmanagement.view.Master","viewId":"application-addressmanagement-display-component---masterAdm","properties":{"valueState":"None"},"searchOpenDialogs":true,"interaction":{"idSuffix":"inner"}},"wdio_ui5_key":"etmportal.ui.addressmanagement.view.Mastersap.m.Input{\"valueState\":\"None\"}"}]}
RESULT: undefined
COMMAND: POST /session/9ee8f14f10c6d21a9bd1d789b8b2e24e/execute/async - {"script":"<script> [776 bytes]","args":[{"enterText":"Test1ETM","selector":{"controlType":"sap.m.Input","viewName":"etm.portal.ui.addressmanagement.view.Master","viewId":"application-addressmanagement-display-component---masterAdm","properties":{"valueState":"None"},"searchOpenDialogs":true,"interaction":{"idSuffix":"inner"}},"clearTextFirst":true,"interactionType":"ENTER_TEXT"}]}
RESULT: {}
RESULT: {"script":"<script> [776 bytes]","args":[{"enterText":"Test1ETM","selector":{"controlType":"sap.m.Input","viewName":"etm.portal.ui.addressmanagement.view.Master","viewId":"application-addressmanagement-display-component---masterAdm","properties":{"valueState":"None"},"searchOpenDialogs":true,"interaction":{"idSuffix":"inner"}},"clearTextFirst":true,"interactionType":"ENTER_TEXT"}]}
COMMAND: POST /session/9ee8f14f10c6d21a9bd1d789b8b2e24e/actions - {"actions":[{"id":"action1","type":"key","parameters":{},"actions":[{"type":"keyDown","value":"î€‡"},{"type":"pause","duration":10},{"type":"keyUp","value":"î€‡"}]}]}
RESULT: {"actions":[{"id":"action1","type":"key","parameters":{},"actions":[{"type":"keyDown","value":"î€‡"},{"type":"pause","duration":10},{"type":"keyUp","value":"î€‡"}]}]}
COMMAND: POST /session/9ee8f14f10c6d21a9bd1d789b8b2e24e/execute/async - {"script":"<script> [1562 bytes]","args":[{"selector":{"id":"application-addressmanagement-display-component---masterAdm--smartFilterBar-filterItemControl_BASIC-NAME-valueHelpDialog-ok","searchOpenDialogs":true,"interaction":{"idSuffix":"BDI-content"}},"wdio_ui5_key":"applicationaddressmanagement-display-component---masterAdm--smartFilterBar-filterItemControl_BASIC-NAME-valueHelpDialog-ok"}]}
COMMAND: GET /session/9ee8f14f10c6d21a9bd1d789b8b2e24e/screenshot - {}
RESULT: {"script":"<script> [1562 bytes]","args":[{"selector":{"id":"application-addressmanagement-display-component---masterAdm--smartFilterBar-filterItemControl_BASIC-NAME-valueHelpDialog-ok","searchOpenDialogs":true,"interaction":{"idSuffix":"BDI-content"}},"wdio_ui5_key":"applicationaddressmanagement-display-component---masterAdm--smartFilterBar-filterItemControl_BASIC-NAME-valueHelpDialog-ok"}]}
RESULT: undefined
COMMAND: POST /session/9ee8f14f10c6d21a9bd1d789b8b2e24e/element - {"using":"xpath","value":"//*[@id=\"application-addressmanagement-display-component---masterAdm--smartFilterBar-filterItemControl_BASIC-NAME-valueHelpDialog-ok\"]"}
RESULT: {}
RESULT: {"using":"xpath","value":"//*[@id=\"application-addressmanagement-display-component---masterAdm--smartFilterBar-filterItemControl_BASIC-NAME-valueHelpDialog-ok\"]"}
COMMAND: POST /session/9ee8f14f10c6d21a9bd1d789b8b2e24e/element/f.F4456A30B5DD81BD5266FF5FFADC42DE.d.D7D8B559F6133505CDEAFF40D065204F.e.298/click - {}
RESULT: {}
COMMAND: GET /session/9ee8f14f10c6d21a9bd1d789b8b2e24e/screenshot - {}
RESULT: {}
COMMAND: POST /session/9ee8f14f10c6d21a9bd1d789b8b2e24e/element - {"using":"xpath","value":"(//span[text()=\"Active\"])[1]"}
RESULT: {"using":"xpath","value":"(//span[text()=\"Active\"])[1]"}
COMMAND: POST /session/9ee8f14f10c6d21a9bd1d789b8b2e24e/elements - {"using":"xpath","value":"(//span[text()=\"Active\"])[1]"}
RESULT: {"using":"xpath","value":"(//span[text()=\"Active\"])[1]"}
COMMAND: POST /session/9ee8f14f10c6d21a9bd1d789b8b2e24e/execute/sync - {"script":"<script> [8489 bytes]","args":[{"element-6066-11e4-a52e-4f735466cecf":"f.F4456A30B5DD81BD5266FF5FFADC42DE.d.D7D8B559F6133505CDEAFF40D065204F.e.312","ELEMENT":"f.F4456A30B5DD81BD5266FF5FFADC42DE.d.D7D8B559F6133505CDEAFF40D065204F.e.312"}]}
RESULT: {"script":"<script> [8489 bytes]","args":[{"element-6066-11e4-a52e-4f735466cecf":"f.F4456A30B5DD81BD5266FF5FFADC42DE.d.D7D8B559F6133505CDEAFF40D065204F.e.312","ELEMENT":"f.F4456A30B5DD81BD5266FF5FFADC42DE.d.D7D8B559F6133505CDEAFF40D065204F.e.312"}]}
COMMAND: POST /session/9ee8f14f10c6d21a9bd1d789b8b2e24e/execute/sync - {"script":"<script> [5351 bytes]","args":[{"element-6066-11e4-a52e-4f735466cecf":"f.F4456A30B5DD81BD5266FF5FFADC42DE.d.D7D8B559F6133505CDEAFF40D065204F.e.312","ELEMENT":"f.F4456A30B5DD81BD5266FF5FFADC42DE.d.D7D8B559F6133505CDEAFF40D065204F.e.312"}]}
COMMAND: GET /session/9ee8f14f10c6d21a9bd1d789b8b2e24e/screenshot - {}
RESULT: {"script":"<script> [5351 bytes]","args":[{"element-6066-11e4-a52e-4f735466cecf":"f.F4456A30B5DD81BD5266FF5FFADC42DE.d.D7D8B559F6133505CDEAFF40D065204F.e.312","ELEMENT":"f.F4456A30B5DD81BD5266FF5FFADC42DE.d.D7D8B559F6133505CDEAFF40D065204F.e.312"}]}
COMMAND: POST /session/9ee8f14f10c6d21a9bd1d789b8b2e24e/element/f.F4456A30B5DD81BD5266FF5FFADC42DE.d.D7D8B559F6133505CDEAFF40D065204F.e.312/click - {}
COMMAND: GET /session/9ee8f14f10c6d21a9bd1d789b8b2e24e/screenshot - {}
RESULT: {}
RESULT: {}
COMMAND: POST /session/9ee8f14f10c6d21a9bd1d789b8b2e24e/element - {"using":"xpath","value":"//span[@id=\"application-addressmanagement-display-component---detailAdm--addressDetailDetailsName1\"]"}
COMMAND: GET /session/9ee8f14f10c6d21a9bd1d789b8b2e24e/screenshot - {}
RESULT: {}
RESULT: {"using":"xpath","value":"//span[@id=\"application-addressmanagement-display-component---detailAdm--addressDetailDetailsName1\"]"}
COMMAND: POST /session/9ee8f14f10c6d21a9bd1d789b8b2e24e/execute/sync - {"script":"<script> [8489 bytes]","args":[{"element-6066-11e4-a52e-4f735466cecf":"f.F4456A30B5DD81BD5266FF5FFADC42DE.d.D7D8B559F6133505CDEAFF40D065204F.e.392","ELEMENT":"f.F4456A30B5DD81BD5266FF5FFADC42DE.d.D7D8B559F6133505CDEAFF40D065204F.e.392"}]}
RESULT: {}
RESULT: {"script":"<script> [8489 bytes]","args":[{"element-6066-11e4-a52e-4f735466cecf":"f.F4456A30B5DD81BD5266FF5FFADC42DE.d.D7D8B559F6133505CDEAFF40D065204F.e.392","ELEMENT":"f.F4456A30B5DD81BD5266FF5FFADC42DE.d.D7D8B559F6133505CDEAFF40D065204F.e.392"}]}
]]></system-out>
    </testcase>
    <testcase classname="chrome.135_0_7049_96.windows.Assign_the_user_test_user_id_to_an_address" name="Should edit the title of the created found address" time="11.371">
      <system-out><![CDATA[
COMMAND: POST /session/9ee8f14f10c6d21a9bd1d789b8b2e24e/execute/async - {"script":"<script> [1562 bytes]","args":[{"selector":{"controlType":"sap.m.Button","viewName":"etm.portal.ui.addressmanagement.view.Detail","viewId":"application-addressmanagement-display-component---detailAdm","i18NText":{"propertyName":"text","key":"edit"}},"wdio_ui5_key":"etmportal.ui.addressmanagement.view.Detailsap.m.Button{\"propertyName\":\"text\",\"key\":\"edit\"}"}]}
COMMAND: GET /session/9ee8f14f10c6d21a9bd1d789b8b2e24e/screenshot - {}
RESULT: {"script":"<script> [1562 bytes]","args":[{"selector":{"controlType":"sap.m.Button","viewName":"etm.portal.ui.addressmanagement.view.Detail","viewId":"application-addressmanagement-display-component---detailAdm","i18NText":{"propertyName":"text","key":"edit"}},"wdio_ui5_key":"etmportal.ui.addressmanagement.view.Detailsap.m.Button{\"propertyName\":\"text\",\"key\":\"edit\"}"}]}
RESULT: undefined
COMMAND: POST /session/9ee8f14f10c6d21a9bd1d789b8b2e24e/element - {"using":"xpath","value":"//*[@id=\"__button16\"]"}
RESULT: {}
RESULT: {"using":"xpath","value":"//*[@id=\"__button16\"]"}
COMMAND: POST /session/9ee8f14f10c6d21a9bd1d789b8b2e24e/element/f.F4456A30B5DD81BD5266FF5FFADC42DE.d.D7D8B559F6133505CDEAFF40D065204F.e.399/click - {}
RESULT: {}
COMMAND: POST /session/9ee8f14f10c6d21a9bd1d789b8b2e24e/execute/async - {"script":"<script> [1562 bytes]","args":[{"selector":{"controlType":"sap.ui.core.Icon","viewName":"etm.portal.ui.addressmanagement.view.EditDetail","properties":{"src":{"regex":{"source":"slim\\-arrow\\-down"}}},"ancestor":{"id":"addressTitle","viewName":"etm.portal.ui.addressmanagement.view.EditDetail"}},"wdio_ui5_key":"etmportal.ui.addressmanagement.view.EditDetailsap.ui.core.Icon{\"src\":{\"regex\":{\"source\":\"slim\\\\-arrow\\\\-down\"}}}{\"id\":\"addressTitle\",\"viewName\":\"etm.portal.ui.addressmanagement.view.EditDetail\"}"}]}
COMMAND: GET /session/9ee8f14f10c6d21a9bd1d789b8b2e24e/screenshot - {}
RESULT: {"script":"<script> [1562 bytes]","args":[{"selector":{"controlType":"sap.ui.core.Icon","viewName":"etm.portal.ui.addressmanagement.view.EditDetail","properties":{"src":{"regex":{"source":"slim\\-arrow\\-down"}}},"ancestor":{"id":"addressTitle","viewName":"etm.portal.ui.addressmanagement.view.EditDetail"}},"wdio_ui5_key":"etmportal.ui.addressmanagement.view.EditDetailsap.ui.core.Icon{\"src\":{\"regex\":{\"source\":\"slim\\\\-arrow\\\\-down\"}}}{\"id\":\"addressTitle\",\"viewName\":\"etm.portal.ui.addressmanagement.view.EditDetail\"}"}]}
RESULT: undefined
COMMAND: POST /session/9ee8f14f10c6d21a9bd1d789b8b2e24e/element - {"using":"xpath","value":"//*[@id=\"__xmlview58--addressTitle-arrow\"]"}
RESULT: {}
RESULT: {"using":"xpath","value":"//*[@id=\"__xmlview58--addressTitle-arrow\"]"}
COMMAND: POST /session/9ee8f14f10c6d21a9bd1d789b8b2e24e/element/f.F4456A30B5DD81BD5266FF5FFADC42DE.d.D7D8B559F6133505CDEAFF40D065204F.e.453/click - {}
RESULT: {}
COMMAND: POST /session/9ee8f14f10c6d21a9bd1d789b8b2e24e/execute/async - {"script":"<script> [1562 bytes]","args":[{"selector":{"controlType":"sap.m.StandardListItem","viewName":"etm.portal.ui.addressmanagement.view.EditDetail","properties":{"title":"Dr."},"searchOpenDialogs":true},"wdio_ui5_key":"etmportal.ui.addressmanagement.view.EditDetailsap.m.StandardListItem{\"title\":\"Dr.\"}"}]}
COMMAND: GET /session/9ee8f14f10c6d21a9bd1d789b8b2e24e/screenshot - {}
RESULT: {"script":"<script> [1562 bytes]","args":[{"selector":{"controlType":"sap.m.StandardListItem","viewName":"etm.portal.ui.addressmanagement.view.EditDetail","properties":{"title":"Dr."},"searchOpenDialogs":true},"wdio_ui5_key":"etmportal.ui.addressmanagement.view.EditDetailsap.m.StandardListItem{\"title\":\"Dr.\"}"}]}
RESULT: undefined
COMMAND: POST /session/9ee8f14f10c6d21a9bd1d789b8b2e24e/element - {"using":"xpath","value":"//*[@id=\"__item233\"]"}
RESULT: {}
RESULT: {"using":"xpath","value":"//*[@id=\"__item233\"]"}
COMMAND: POST /session/9ee8f14f10c6d21a9bd1d789b8b2e24e/element/f.F4456A30B5DD81BD5266FF5FFADC42DE.d.D7D8B559F6133505CDEAFF40D065204F.e.455/click - {}
RESULT: {}
COMMAND: POST /session/9ee8f14f10c6d21a9bd1d789b8b2e24e/execute/async - {"script":"<script> [1562 bytes]","args":[{"selector":{"controlType":"sap.m.Button","viewName":"etm.portal.ui.addressmanagement.view.EditDetail","i18NText":{"propertyName":"text","key":"save"}},"wdio_ui5_key":"etmportal.ui.addressmanagement.view.EditDetailsap.m.Button{\"propertyName\":\"text\",\"key\":\"save\"}"}]}
COMMAND: GET /session/9ee8f14f10c6d21a9bd1d789b8b2e24e/screenshot - {}
RESULT: {"script":"<script> [1562 bytes]","args":[{"selector":{"controlType":"sap.m.Button","viewName":"etm.portal.ui.addressmanagement.view.EditDetail","i18NText":{"propertyName":"text","key":"save"}},"wdio_ui5_key":"etmportal.ui.addressmanagement.view.EditDetailsap.m.Button{\"propertyName\":\"text\",\"key\":\"save\"}"}]}
RESULT: undefined
COMMAND: POST /session/9ee8f14f10c6d21a9bd1d789b8b2e24e/element - {"using":"xpath","value":"//*[@id=\"__button39\"]"}
RESULT: {}
RESULT: {"using":"xpath","value":"//*[@id=\"__button39\"]"}
COMMAND: POST /session/9ee8f14f10c6d21a9bd1d789b8b2e24e/element/f.F4456A30B5DD81BD5266FF5FFADC42DE.d.D7D8B559F6133505CDEAFF40D065204F.e.456/click - {}
RESULT: {}
COMMAND: GET /session/9ee8f14f10c6d21a9bd1d789b8b2e24e/screenshot - {}
RESULT: {}
COMMAND: POST /session/9ee8f14f10c6d21a9bd1d789b8b2e24e/element - {"using":"xpath","value":"//span[@id=\"application-addressmanagement-display-component---detailAdm--addressTitle\"]"}
RESULT: {"using":"xpath","value":"//span[@id=\"application-addressmanagement-display-component---detailAdm--addressTitle\"]"}
COMMAND: GET /session/9ee8f14f10c6d21a9bd1d789b8b2e24e/element/f.F4456A30B5DD81BD5266FF5FFADC42DE.d.D7D8B559F6133505CDEAFF40D065204F.e.467/text - {}
RESULT: {}
COMMAND: POST /session/9ee8f14f10c6d21a9bd1d789b8b2e24e/element - {"using":"xpath","value":"//span[@id=\"application-addressmanagement-display-component---detailAdm--addressDetailDetailsName1\"]"}
RESULT: {"using":"xpath","value":"//span[@id=\"application-addressmanagement-display-component---detailAdm--addressDetailDetailsName1\"]"}
COMMAND: GET /session/9ee8f14f10c6d21a9bd1d789b8b2e24e/element/f.F4456A30B5DD81BD5266FF5FFADC42DE.d.D7D8B559F6133505CDEAFF40D065204F.e.392/text - {}
RESULT: {}
COMMAND: POST /session/9ee8f14f10c6d21a9bd1d789b8b2e24e/refresh - {}
RESULT: {}
COMMAND: GET /session/9ee8f14f10c6d21a9bd1d789b8b2e24e/screenshot - {}
RESULT: {}
COMMAND: POST /session/9ee8f14f10c6d21a9bd1d789b8b2e24e/refresh - {}
RESULT: {}
COMMAND: GET /session/9ee8f14f10c6d21a9bd1d789b8b2e24e/screenshot - {}
RESULT: {}
COMMAND: POST /session/9ee8f14f10c6d21a9bd1d789b8b2e24e/window/fullscreen - {}
RESULT: {}
COMMAND: POST /session/9ee8f14f10c6d21a9bd1d789b8b2e24e/execute/async - {"script":"<script> [189 bytes]","args":[]}
RESULT: {"script":"<script> [189 bytes]","args":[]}
COMMAND: POST /session/9ee8f14f10c6d21a9bd1d789b8b2e24e/execute/async - {"script":"<script> [123 bytes]","args":[]}
RESULT: {"script":"<script> [123 bytes]","args":[]}
COMMAND: POST /session/9ee8f14f10c6d21a9bd1d789b8b2e24e/timeouts - {"script":"<number>"}
RESULT: {"script":"<number>"}
COMMAND: GET /session/9ee8f14f10c6d21a9bd1d789b8b2e24e/timeouts - {}
RESULT: {}
RESULT: undefined
COMMAND: POST /session/9ee8f14f10c6d21a9bd1d789b8b2e24e/execute/async - {"script":"<script> [2676 bytes]","args":[]}
RESULT: {"script":"<script> [2676 bytes]","args":[]}
COMMAND: POST /session/9ee8f14f10c6d21a9bd1d789b8b2e24e/execute/async - {"script":"<script> [2342 bytes]","args":[{"protocol":"http","hostname":"0.0.0.0","path":"/","capabilities":{"browserName":"chrome","goog:chromeOptions":{"binary":"C:\\Program Files\\Google\\Chrome\\Application\\chrome.exe","args":["--start-maximized"]}},"logLevel":"warn","connectionRetryTimeout":120000,"connectionRetryCount":3,"logLevels":{},"enableDirectConnect":true,"strictSSL":true,"_":"65 more keys: [\"cacheDir\",\"port\",\"requestedCapabilities\",\"automationProtocol\",\"baseUrl\",\"waitforInterval\",\"waitforTimeout\",\"onReload\",\"beforeCommand\",\"afterCommand\",\"rootDir\",\"specs\",\"suites\",\"exclude\",\"groupLogsByTestSpec\",\"excludeDriverLogs\",\"bail\",\"framework\",\"reporters\",\"services\",\"maxInstances\",\"maxInstancesPerCapability\",\"injectGlobals\",\"filesToWatch\",\"execArgv\",\"runnerEnv\",\"runner\",\"shard\",\"specFileRetries\",\"specFileRetriesDelay\",\"specFileRetriesDeferred\",\"reporterSyncInterval\",\"reporterSyncTimeout\",\"cucumberFeaturesWithLineNumbers\",\"autoCompileOpts\",\"mochaOpts\",\"jasmineOpts\",\"cucumberOpts\",\"onPrepare\",\"onWorkerStart\",\"onWorkerEnd\",\"before\",\"beforeSession\",\"beforeSuite\",\"beforeHook\",\"beforeTest\",\"afterTest\",\"afterHook\",\"afterSuite\",\"afterSession\",\"after\",\"onComplete\",\"beforeAssertion\",\"afterAssertion\",\"beforeFeature\",\"beforeScenario\",\"beforeStep\",\"afterStep\",\"afterScenario\",\"afterFeature\",\"_\",\"suite\",\"$0\",\"ignoredWorkerServices\",\"wdi5\"]"}]}
RESULT: {"script":"<script> [2342 bytes]","args":[{"protocol":"http","hostname":"0.0.0.0","path":"/","capabilities":{"browserName":"chrome","goog:chromeOptions":{"binary":"C:\\Program Files\\Google\\Chrome\\Application\\chrome.exe","args":["--start-maximized"]}},"logLevel":"warn","connectionRetryTimeout":120000,"connectionRetryCount":3,"logLevels":{},"enableDirectConnect":true,"strictSSL":true,"_":"65 more keys: [\"cacheDir\",\"port\",\"requestedCapabilities\",\"automationProtocol\",\"baseUrl\",\"waitforInterval\",\"waitforTimeout\",\"onReload\",\"beforeCommand\",\"afterCommand\",\"rootDir\",\"specs\",\"suites\",\"exclude\",\"groupLogsByTestSpec\",\"excludeDriverLogs\",\"bail\",\"framework\",\"reporters\",\"services\",\"maxInstances\",\"maxInstancesPerCapability\",\"injectGlobals\",\"filesToWatch\",\"execArgv\",\"runnerEnv\",\"runner\",\"shard\",\"specFileRetries\",\"specFileRetriesDelay\",\"specFileRetriesDeferred\",\"reporterSyncInterval\",\"reporterSyncTimeout\",\"cucumberFeaturesWithLineNumbers\",\"autoCompileOpts\",\"mochaOpts\",\"jasmineOpts\",\"cucumberOpts\",\"onPrepare\",\"onWorkerStart\",\"onWorkerEnd\",\"before\",\"beforeSession\",\"beforeSuite\",\"beforeHook\",\"beforeTest\",\"afterTest\",\"afterHook\",\"afterSuite\",\"afterSession\",\"after\",\"onComplete\",\"beforeAssertion\",\"afterAssertion\",\"beforeFeature\",\"beforeScenario\",\"beforeStep\",\"afterStep\",\"afterScenario\",\"afterFeature\",\"_\",\"suite\",\"$0\",\"ignoredWorkerServices\",\"wdi5\"]"}]}
COMMAND: POST /session/9ee8f14f10c6d21a9bd1d789b8b2e24e/execute/async - {"script":"<script> [21126 bytes]","args":[35000]}
RESULT: {"script":"<script> [21126 bytes]","args":[35000]}
COMMAND: POST /session/9ee8f14f10c6d21a9bd1d789b8b2e24e/element - {"using":"css selector","value":"#shell-header-logo"}
RESULT: {"using":"css selector","value":"#shell-header-logo"}
COMMAND: POST /session/9ee8f14f10c6d21a9bd1d789b8b2e24e/element/f.F4456A30B5DD81BD5266FF5FFADC42DE.d.695B47A2869DB886B9D516D9BCCB6C09.e.483/click - {}
RESULT: {}
COMMAND: GET /session/9ee8f14f10c6d21a9bd1d789b8b2e24e/screenshot - {}
RESULT: {}
COMMAND: POST /session/9ee8f14f10c6d21a9bd1d789b8b2e24e/execute/async - {"script":"<script> [1562 bytes]","args":[{"selector":{"controlType":"sap.m.GenericTile","properties":{"header":"Manage Yards"}},"wdio_ui5_key":"sapm.GenericTile{\"header\":\"Manage Yards\"}"}]}
RESULT: {"script":"<script> [1562 bytes]","args":[{"selector":{"controlType":"sap.m.GenericTile","properties":{"header":"Manage Yards"}},"wdio_ui5_key":"sapm.GenericTile{\"header\":\"Manage Yards\"}"}]}
RESULT: undefined
COMMAND: POST /session/9ee8f14f10c6d21a9bd1d789b8b2e24e/element - {"using":"xpath","value":"//*[@id=\"__tile52\"]"}
RESULT: {"using":"xpath","value":"//*[@id=\"__tile52\"]"}
COMMAND: POST /session/9ee8f14f10c6d21a9bd1d789b8b2e24e/element/f.F4456A30B5DD81BD5266FF5FFADC42DE.d.695B47A2869DB886B9D516D9BCCB6C09.e.905/click - {}
RESULT: {}
]]></system-out>
    </testcase>
  </testsuite>
  <testsuite timestamp="2025-05-04T15:18:56" time="259.942" tests="2" failures="0" errors="0" skipped="0">
    <properties>
      <property name="specId" value="0" />
      <property name="suiteName" value="Create 2 Yards US112496" />
      <property name="capabilities" value="chrome.135_0_7049_96.windows" />
      <property name="file" value="file:///D:/a/1/s/test/specs/R2C/create-yard.spec.js" />
    </properties>
    <testcase classname="chrome.135_0_7049_96.windows.Create_2_Yards_US112496" name="Should create a new simple yard" time="123.587">
      <system-out><![CDATA[
COMMAND: GET /session/9ee8f14f10c6d21a9bd1d789b8b2e24e/screenshot - {}
RESULT: {}
COMMAND: POST /session/9ee8f14f10c6d21a9bd1d789b8b2e24e/execute/async - {"script":"<script> [1562 bytes]","args":[{"selector":{"controlType":"sap.ui.core.Icon","viewName":"etm.portal.ui.manageyards.view.Master","viewId":"application-manageyards-display-component---masterYard","properties":{"src":{"regex":{"source":"add"}}}},"wdio_ui5_key":"etmportal.ui.manageyards.view.Mastersap.ui.core.Icon{\"src\":{\"regex\":{\"source\":\"add\"}}}"}]}
RESULT: {"script":"<script> [1562 bytes]","args":[{"selector":{"controlType":"sap.ui.core.Icon","viewName":"etm.portal.ui.manageyards.view.Master","viewId":"application-manageyards-display-component---masterYard","properties":{"src":{"regex":{"source":"add"}}}},"wdio_ui5_key":"etmportal.ui.manageyards.view.Mastersap.ui.core.Icon{\"src\":{\"regex\":{\"source\":\"add\"}}}"}]}
RESULT: undefined
COMMAND: POST /session/9ee8f14f10c6d21a9bd1d789b8b2e24e/element - {"using":"xpath","value":"//*[@id=\"__button25-img\"]"}
RESULT: {"using":"xpath","value":"//*[@id=\"__button25-img\"]"}
COMMAND: POST /session/9ee8f14f10c6d21a9bd1d789b8b2e24e/element/f.F4456A30B5DD81BD5266FF5FFADC42DE.d.695B47A2869DB886B9D516D9BCCB6C09.e.950/click - {}
RESULT: {}
COMMAND: GET /session/9ee8f14f10c6d21a9bd1d789b8b2e24e/screenshot - {}
RESULT: {}
COMMAND: POST /session/9ee8f14f10c6d21a9bd1d789b8b2e24e/execute/async - {"script":"<script> [1562 bytes]","args":[{"selector":{"id":"application-manageyards-display-component---NewYard--yardId","interaction":{"idSuffix":"inner"}},"wdio_ui5_key":"applicationmanageyards-display-component---NewYard--yardId"}]}
RESULT: {"script":"<script> [1562 bytes]","args":[{"selector":{"id":"application-manageyards-display-component---NewYard--yardId","interaction":{"idSuffix":"inner"}},"wdio_ui5_key":"applicationmanageyards-display-component---NewYard--yardId"}]}
RESULT: undefined
COMMAND: POST /session/9ee8f14f10c6d21a9bd1d789b8b2e24e/element - {"using":"xpath","value":"//*[@id=\"application-manageyards-display-component---NewYard--addressDetailDetailsName1-inner\"]"}
RESULT: {"using":"xpath","value":"//*[@id=\"application-manageyards-display-component---NewYard--addressDetailDetailsName1-inner\"]"}
COMMAND: POST /session/9ee8f14f10c6d21a9bd1d789b8b2e24e/element/f.F4456A30B5DD81BD5266FF5FFADC42DE.d.695B47A2869DB886B9D516D9BCCB6C09.e.1176/clear - {}
RESULT: {}
COMMAND: POST /session/9ee8f14f10c6d21a9bd1d789b8b2e24e/element/f.F4456A30B5DD81BD5266FF5FFADC42DE.d.695B47A2869DB886B9D516D9BCCB6C09.e.1176/value - {"text":"Webdriver Yard 5satn"}
COMMAND: GET /session/9ee8f14f10c6d21a9bd1d789b8b2e24e/screenshot - {}
RESULT: {"text":"Webdriver Yard 5satn"}
COMMAND: POST /session/9ee8f14f10c6d21a9bd1d789b8b2e24e/element - {"using":"xpath","value":"//*[@id=\"application-manageyards-display-component---NewYard--addressDetailDetailsLanguage-inner\"]"}
COMMAND: GET /session/9ee8f14f10c6d21a9bd1d789b8b2e24e/screenshot - {}
RESULT: {}
RESULT: {"using":"xpath","value":"//*[@id=\"application-manageyards-display-component---NewYard--addressDetailDetailsLanguage-inner\"]"}
COMMAND: POST /session/9ee8f14f10c6d21a9bd1d789b8b2e24e/element/f.F4456A30B5DD81BD5266FF5FFADC42DE.d.695B47A2869DB886B9D516D9BCCB6C09.e.1177/clear - {}
RESULT: {}
RESULT: {}
COMMAND: POST /session/9ee8f14f10c6d21a9bd1d789b8b2e24e/element/f.F4456A30B5DD81BD5266FF5FFADC42DE.d.695B47A2869DB886B9D516D9BCCB6C09.e.1177/value - {"text":"Romanian"}
COMMAND: GET /session/9ee8f14f10c6d21a9bd1d789b8b2e24e/screenshot - {}
RESULT: {"text":"Romanian"}
COMMAND: GET /session/9ee8f14f10c6d21a9bd1d789b8b2e24e/screenshot - {}
RESULT: {}
RESULT: {}
COMMAND: POST /session/9ee8f14f10c6d21a9bd1d789b8b2e24e/element - {"using":"xpath","value":"//*[@id=\"application-manageyards-display-component---NewYard--addressDetailDetailsCity1-inner\"]"}
RESULT: {"using":"xpath","value":"//*[@id=\"application-manageyards-display-component---NewYard--addressDetailDetailsCity1-inner\"]"}
COMMAND: POST /session/9ee8f14f10c6d21a9bd1d789b8b2e24e/element/f.F4456A30B5DD81BD5266FF5FFADC42DE.d.695B47A2869DB886B9D516D9BCCB6C09.e.1179/clear - {}
RESULT: {}
COMMAND: POST /session/9ee8f14f10c6d21a9bd1d789b8b2e24e/element/f.F4456A30B5DD81BD5266FF5FFADC42DE.d.695B47A2869DB886B9D516D9BCCB6C09.e.1179/value - {"text":"Bucuresti"}
COMMAND: GET /session/9ee8f14f10c6d21a9bd1d789b8b2e24e/screenshot - {}
RESULT: {"text":"Bucuresti"}
COMMAND: GET /session/9ee8f14f10c6d21a9bd1d789b8b2e24e/screenshot - {}
RESULT: {}
RESULT: {}
COMMAND: POST /session/9ee8f14f10c6d21a9bd1d789b8b2e24e/element - {"using":"xpath","value":"//*[@id=\"application-manageyards-display-component---NewYard--addressDetailDetailsCountry-inner\"]"}
RESULT: {"using":"xpath","value":"//*[@id=\"application-manageyards-display-component---NewYard--addressDetailDetailsCountry-inner\"]"}
COMMAND: POST /session/9ee8f14f10c6d21a9bd1d789b8b2e24e/element/f.F4456A30B5DD81BD5266FF5FFADC42DE.d.695B47A2869DB886B9D516D9BCCB6C09.e.1183/clear - {}
RESULT: {}
COMMAND: POST /session/9ee8f14f10c6d21a9bd1d789b8b2e24e/element/f.F4456A30B5DD81BD5266FF5FFADC42DE.d.695B47A2869DB886B9D516D9BCCB6C09.e.1183/value - {"text":"Romania"}
COMMAND: GET /session/9ee8f14f10c6d21a9bd1d789b8b2e24e/screenshot - {}
RESULT: {"text":"Romania"}
COMMAND: GET /session/9ee8f14f10c6d21a9bd1d789b8b2e24e/screenshot - {}
RESULT: {}
RESULT: {}
COMMAND: POST /session/9ee8f14f10c6d21a9bd1d789b8b2e24e/element - {"using":"xpath","value":"//div[contains(text(), \"Commercial\")]"}
RESULT: {"using":"xpath","value":"//div[contains(text(), \"Commercial\")]"}
COMMAND: GET /session/9ee8f14f10c6d21a9bd1d789b8b2e24e/element/f.F4456A30B5DD81BD5266FF5FFADC42DE.d.695B47A2869DB886B9D516D9BCCB6C09.e.1381/rect - {}
RESULT: {}
COMMAND: GET /session/9ee8f14f10c6d21a9bd1d789b8b2e24e/window/rect - {}
RESULT: {}
COMMAND: POST /session/9ee8f14f10c6d21a9bd1d789b8b2e24e/execute/sync - {"script":"<script> [92 bytes]","args":[]}
RESULT: {"script":"<script> [92 bytes]","args":[]}
COMMAND: POST /session/9ee8f14f10c6d21a9bd1d789b8b2e24e/actions - {"actions":[{"id":"action2","type":"wheel","parameters":{},"actions":[{"type":"scroll","x":-1825,"y":-44,"deltaX":0,"deltaY":0,"duration":0,"origin":{"element-6066-11e4-a52e-4f735466cecf":"f.F4456A30B5DD81BD5266FF5FFADC42DE.d.695B47A2869DB886B9D516D9BCCB6C09.e.1381"}}]}]}
COMMAND: GET /session/9ee8f14f10c6d21a9bd1d789b8b2e24e/screenshot - {}
RESULT: {}
COMMAND: POST /session/9ee8f14f10c6d21a9bd1d789b8b2e24e/execute/sync - {"script":"<script> [79 bytes]","args":[{"element-6066-11e4-a52e-4f735466cecf":"f.F4456A30B5DD81BD5266FF5FFADC42DE.d.695B47A2869DB886B9D516D9BCCB6C09.e.1381","ELEMENT":"f.F4456A30B5DD81BD5266FF5FFADC42DE.d.695B47A2869DB886B9D516D9BCCB6C09.e.1381"},{"block":"start","inline":"nearest"}]}
RESULT: {"script":"<script> [79 bytes]","args":[{"element-6066-11e4-a52e-4f735466cecf":"f.F4456A30B5DD81BD5266FF5FFADC42DE.d.695B47A2869DB886B9D516D9BCCB6C09.e.1381","ELEMENT":"f.F4456A30B5DD81BD5266FF5FFADC42DE.d.695B47A2869DB886B9D516D9BCCB6C09.e.1381"},{"block":"start","inline":"nearest"}]}
COMMAND: GET /session/9ee8f14f10c6d21a9bd1d789b8b2e24e/screenshot - {}
RESULT: {}
COMMAND: POST /session/9ee8f14f10c6d21a9bd1d789b8b2e24e/element - {"using":"xpath","value":"//input[@id='application-manageyards-display-component---NewYard--addressEditDetailsCostObjectCstType-inner']"}
RESULT: {"using":"xpath","value":"//input[@id='application-manageyards-display-component---NewYard--addressEditDetailsCostObjectCstType-inner']"}
COMMAND: POST /session/9ee8f14f10c6d21a9bd1d789b8b2e24e/execute/sync - {"script":"<script> [8489 bytes]","args":[{"element-6066-11e4-a52e-4f735466cecf":"f.F4456A30B5DD81BD5266FF5FFADC42DE.d.695B47A2869DB886B9D516D9BCCB6C09.e.1189","ELEMENT":"f.F4456A30B5DD81BD5266FF5FFADC42DE.d.695B47A2869DB886B9D516D9BCCB6C09.e.1189"}]}
RESULT: {"script":"<script> [8489 bytes]","args":[{"element-6066-11e4-a52e-4f735466cecf":"f.F4456A30B5DD81BD5266FF5FFADC42DE.d.695B47A2869DB886B9D516D9BCCB6C09.e.1189","ELEMENT":"f.F4456A30B5DD81BD5266FF5FFADC42DE.d.695B47A2869DB886B9D516D9BCCB6C09.e.1189"}]}
COMMAND: POST /session/9ee8f14f10c6d21a9bd1d789b8b2e24e/element/f.F4456A30B5DD81BD5266FF5FFADC42DE.d.695B47A2869DB886B9D516D9BCCB6C09.e.1189/clear - {}
COMMAND: GET /session/9ee8f14f10c6d21a9bd1d789b8b2e24e/screenshot - {}
RESULT: {}
COMMAND: POST /session/9ee8f14f10c6d21a9bd1d789b8b2e24e/element/f.F4456A30B5DD81BD5266FF5FFADC42DE.d.695B47A2869DB886B9D516D9BCCB6C09.e.1189/value - {"text":"Cost"}
COMMAND: GET /session/9ee8f14f10c6d21a9bd1d789b8b2e24e/screenshot - {}
RESULT: {}
RESULT: {"text":"Cost"}
COMMAND: GET /session/9ee8f14f10c6d21a9bd1d789b8b2e24e/screenshot - {}
RESULT: {}
RESULT: {}
COMMAND: POST /session/9ee8f14f10c6d21a9bd1d789b8b2e24e/execute/async - {"script":"<script> [1562 bytes]","args":[{"selector":{"id":"application-manageyards-display-component---NewYard--addressNewCostObjectCstID","interaction":{"idSuffix":"inner"}},"wdio_ui5_key":"applicationmanageyards-display-component---NewYard--addressNewCostObjectCstID"}]}
RESULT: {"script":"<script> [1562 bytes]","args":[{"selector":{"id":"application-manageyards-display-component---NewYard--addressNewCostObjectCstID","interaction":{"idSuffix":"inner"}},"wdio_ui5_key":"applicationmanageyards-display-component---NewYard--addressNewCostObjectCstID"}]}
RESULT: undefined
COMMAND: POST /session/9ee8f14f10c6d21a9bd1d789b8b2e24e/execute/async - {"script":"<script> [776 bytes]","args":[{"enterText":"10001013","selector":{"id":"application-manageyards-display-component---NewYard--addressNewCostObjectCstID","interaction":{"idSuffix":"inner"}},"clearTextFirst":true,"interactionType":"ENTER_TEXT"}]}
RESULT: {"script":"<script> [776 bytes]","args":[{"enterText":"10001013","selector":{"id":"application-manageyards-display-component---NewYard--addressNewCostObjectCstID","interaction":{"idSuffix":"inner"}},"clearTextFirst":true,"interactionType":"ENTER_TEXT"}]}
COMMAND: POST /session/9ee8f14f10c6d21a9bd1d789b8b2e24e/actions - {"actions":[{"id":"action3","type":"key","parameters":{},"actions":[{"type":"keyDown","value":"î€‡"},{"type":"pause","duration":10},{"type":"keyUp","value":"î€‡"}]}]}
RESULT: {"actions":[{"id":"action3","type":"key","parameters":{},"actions":[{"type":"keyDown","value":"î€‡"},{"type":"pause","duration":10},{"type":"keyUp","value":"î€‡"}]}]}
COMMAND: GET /session/9ee8f14f10c6d21a9bd1d789b8b2e24e/screenshot - {}
RESULT: {}
COMMAND: POST /session/9ee8f14f10c6d21a9bd1d789b8b2e24e/execute/async - {"script":"<script> [1562 bytes]","args":[{"selector":{"controlType":"sap.m.Button","viewName":"etm.portal.ui.manageyards.view.New","viewId":"application-manageyards-display-component---NewYard","i18NText":{"propertyName":"text","key":"save"},"interaction":{"idSuffix":"inner"}},"wdio_ui5_key":"etmportal.ui.manageyards.view.Newsap.m.Button{\"propertyName\":\"text\",\"key\":\"save\"}"}]}
RESULT: {"script":"<script> [1562 bytes]","args":[{"selector":{"controlType":"sap.m.Button","viewName":"etm.portal.ui.manageyards.view.New","viewId":"application-manageyards-display-component---NewYard","i18NText":{"propertyName":"text","key":"save"},"interaction":{"idSuffix":"inner"}},"wdio_ui5_key":"etmportal.ui.manageyards.view.Newsap.m.Button{\"propertyName\":\"text\",\"key\":\"save\"}"}]}
RESULT: undefined
COMMAND: POST /session/9ee8f14f10c6d21a9bd1d789b8b2e24e/element - {"using":"xpath","value":"//*[@id=\"__button39\"]"}
RESULT: {"using":"xpath","value":"//*[@id=\"__button39\"]"}
COMMAND: POST /session/9ee8f14f10c6d21a9bd1d789b8b2e24e/element/f.F4456A30B5DD81BD5266FF5FFADC42DE.d.695B47A2869DB886B9D516D9BCCB6C09.e.1359/click - {}
RESULT: {}
COMMAND: GET /session/9ee8f14f10c6d21a9bd1d789b8b2e24e/screenshot - {}
RESULT: {}
COMMAND: POST /session/9ee8f14f10c6d21a9bd1d789b8b2e24e/element - {"using":"xpath","value":"//header/div/div/div/div/div/div[2]/div/span"}
RESULT: {"using":"xpath","value":"//header/div/div/div/div/div/div[2]/div/span"}
COMMAND: GET /session/9ee8f14f10c6d21a9bd1d789b8b2e24e/element/f.F4456A30B5DD81BD5266FF5FFADC42DE.d.695B47A2869DB886B9D516D9BCCB6C09.e.1602/text - {}
RESULT: {}
COMMAND: POST /session/9ee8f14f10c6d21a9bd1d789b8b2e24e/element - {"using":"xpath","value":"//header/div/div[2]/div[2]/span"}
RESULT: {"using":"xpath","value":"//header/div/div[2]/div[2]/span"}
COMMAND: GET /session/9ee8f14f10c6d21a9bd1d789b8b2e24e/element/f.F4456A30B5DD81BD5266FF5FFADC42DE.d.695B47A2869DB886B9D516D9BCCB6C09.e.1603/text - {}
RESULT: {}
COMMAND: POST /session/9ee8f14f10c6d21a9bd1d789b8b2e24e/execute/async - {"script":"<script> [1562 bytes]","args":[{"selector":{"controlType":"sap.m.OverflowToolbarButton","viewName":"etm.portal.ui.manageyards.view.Detail","viewId":"application-manageyards-display-component---detailYard","i18NText":{"propertyName":"tooltip","key":"closeColumn"},"interaction":{"idSuffix":"inner"}},"wdio_ui5_key":"etmportal.ui.manageyards.view.Detailsap.m.OverflowToolbarButton{\"propertyName\":\"tooltip\",\"key\":\"closeColumn\"}"}]}
RESULT: {"script":"<script> [1562 bytes]","args":[{"selector":{"controlType":"sap.m.OverflowToolbarButton","viewName":"etm.portal.ui.manageyards.view.Detail","viewId":"application-manageyards-display-component---detailYard","i18NText":{"propertyName":"tooltip","key":"closeColumn"},"interaction":{"idSuffix":"inner"}},"wdio_ui5_key":"etmportal.ui.manageyards.view.Detailsap.m.OverflowToolbarButton{\"propertyName\":\"tooltip\",\"key\":\"closeColumn\"}"}]}
RESULT: undefined
COMMAND: POST /session/9ee8f14f10c6d21a9bd1d789b8b2e24e/element - {"using":"xpath","value":"//*[@id=\"__button62\"]"}
RESULT: {"using":"xpath","value":"//*[@id=\"__button62\"]"}
COMMAND: POST /session/9ee8f14f10c6d21a9bd1d789b8b2e24e/element/f.F4456A30B5DD81BD5266FF5FFADC42DE.d.695B47A2869DB886B9D516D9BCCB6C09.e.1605/click - {}
RESULT: {}
COMMAND: POST /session/9ee8f14f10c6d21a9bd1d789b8b2e24e/refresh - {}
COMMAND: GET /session/9ee8f14f10c6d21a9bd1d789b8b2e24e/screenshot - {}
RESULT: {}
COMMAND: GET /session/9ee8f14f10c6d21a9bd1d789b8b2e24e/screenshot - {}
RESULT: {}
RESULT: {}
COMMAND: POST /session/9ee8f14f10c6d21a9bd1d789b8b2e24e/refresh - {}
RESULT: {}
COMMAND: GET /session/9ee8f14f10c6d21a9bd1d789b8b2e24e/screenshot - {}
RESULT: {}
COMMAND: POST /session/9ee8f14f10c6d21a9bd1d789b8b2e24e/window/fullscreen - {}
RESULT: {}
COMMAND: POST /session/9ee8f14f10c6d21a9bd1d789b8b2e24e/execute/async - {"script":"<script> [189 bytes]","args":[]}
RESULT: {"script":"<script> [189 bytes]","args":[]}
COMMAND: POST /session/9ee8f14f10c6d21a9bd1d789b8b2e24e/execute/async - {"script":"<script> [123 bytes]","args":[]}
RESULT: {"script":"<script> [123 bytes]","args":[]}
COMMAND: POST /session/9ee8f14f10c6d21a9bd1d789b8b2e24e/timeouts - {"script":"<number>"}
RESULT: {"script":"<number>"}
COMMAND: GET /session/9ee8f14f10c6d21a9bd1d789b8b2e24e/timeouts - {}
RESULT: {}
RESULT: undefined
COMMAND: POST /session/9ee8f14f10c6d21a9bd1d789b8b2e24e/execute/async - {"script":"<script> [2676 bytes]","args":[]}
RESULT: {"script":"<script> [2676 bytes]","args":[]}
COMMAND: POST /session/9ee8f14f10c6d21a9bd1d789b8b2e24e/execute/async - {"script":"<script> [2342 bytes]","args":[{"protocol":"http","hostname":"0.0.0.0","path":"/","capabilities":{"browserName":"chrome","goog:chromeOptions":{"binary":"C:\\Program Files\\Google\\Chrome\\Application\\chrome.exe","args":["--start-maximized"]}},"logLevel":"warn","connectionRetryTimeout":120000,"connectionRetryCount":3,"logLevels":{},"enableDirectConnect":true,"strictSSL":true,"_":"65 more keys: [\"cacheDir\",\"port\",\"requestedCapabilities\",\"automationProtocol\",\"baseUrl\",\"waitforInterval\",\"waitforTimeout\",\"onReload\",\"beforeCommand\",\"afterCommand\",\"rootDir\",\"specs\",\"suites\",\"exclude\",\"groupLogsByTestSpec\",\"excludeDriverLogs\",\"bail\",\"framework\",\"reporters\",\"services\",\"maxInstances\",\"maxInstancesPerCapability\",\"injectGlobals\",\"filesToWatch\",\"execArgv\",\"runnerEnv\",\"runner\",\"shard\",\"specFileRetries\",\"specFileRetriesDelay\",\"specFileRetriesDeferred\",\"reporterSyncInterval\",\"reporterSyncTimeout\",\"cucumberFeaturesWithLineNumbers\",\"autoCompileOpts\",\"mochaOpts\",\"jasmineOpts\",\"cucumberOpts\",\"onPrepare\",\"onWorkerStart\",\"onWorkerEnd\",\"before\",\"beforeSession\",\"beforeSuite\",\"beforeHook\",\"beforeTest\",\"afterTest\",\"afterHook\",\"afterSuite\",\"afterSession\",\"after\",\"onComplete\",\"beforeAssertion\",\"afterAssertion\",\"beforeFeature\",\"beforeScenario\",\"beforeStep\",\"afterStep\",\"afterScenario\",\"afterFeature\",\"_\",\"suite\",\"$0\",\"ignoredWorkerServices\",\"wdi5\"]"}]}
RESULT: {"script":"<script> [2342 bytes]","args":[{"protocol":"http","hostname":"0.0.0.0","path":"/","capabilities":{"browserName":"chrome","goog:chromeOptions":{"binary":"C:\\Program Files\\Google\\Chrome\\Application\\chrome.exe","args":["--start-maximized"]}},"logLevel":"warn","connectionRetryTimeout":120000,"connectionRetryCount":3,"logLevels":{},"enableDirectConnect":true,"strictSSL":true,"_":"65 more keys: [\"cacheDir\",\"port\",\"requestedCapabilities\",\"automationProtocol\",\"baseUrl\",\"waitforInterval\",\"waitforTimeout\",\"onReload\",\"beforeCommand\",\"afterCommand\",\"rootDir\",\"specs\",\"suites\",\"exclude\",\"groupLogsByTestSpec\",\"excludeDriverLogs\",\"bail\",\"framework\",\"reporters\",\"services\",\"maxInstances\",\"maxInstancesPerCapability\",\"injectGlobals\",\"filesToWatch\",\"execArgv\",\"runnerEnv\",\"runner\",\"shard\",\"specFileRetries\",\"specFileRetriesDelay\",\"specFileRetriesDeferred\",\"reporterSyncInterval\",\"reporterSyncTimeout\",\"cucumberFeaturesWithLineNumbers\",\"autoCompileOpts\",\"mochaOpts\",\"jasmineOpts\",\"cucumberOpts\",\"onPrepare\",\"onWorkerStart\",\"onWorkerEnd\",\"before\",\"beforeSession\",\"beforeSuite\",\"beforeHook\",\"beforeTest\",\"afterTest\",\"afterHook\",\"afterSuite\",\"afterSession\",\"after\",\"onComplete\",\"beforeAssertion\",\"afterAssertion\",\"beforeFeature\",\"beforeScenario\",\"beforeStep\",\"afterStep\",\"afterScenario\",\"afterFeature\",\"_\",\"suite\",\"$0\",\"ignoredWorkerServices\",\"wdi5\"]"}]}
COMMAND: POST /session/9ee8f14f10c6d21a9bd1d789b8b2e24e/execute/async - {"script":"<script> [21126 bytes]","args":[35000]}
RESULT: {"script":"<script> [21126 bytes]","args":[35000]}
]]></system-out>
    </testcase>
    <testcase classname="chrome.135_0_7049_96.windows.Create_2_Yards_US112496" name="Should create a WHM yard" time="68.226">
      <system-out><![CDATA[
COMMAND: POST /session/9ee8f14f10c6d21a9bd1d789b8b2e24e/execute/async - {"script":"<script> [1562 bytes]","args":[{"selector":{"controlType":"sap.ui.core.Icon","viewName":"etm.portal.ui.manageyards.view.Master","viewId":"application-manageyards-display-component---masterYard","properties":{"src":{"regex":{"source":"add"}}}},"wdio_ui5_key":"etmportal.ui.manageyards.view.Mastersap.ui.core.Icon{\"src\":{\"regex\":{\"source\":\"add\"}}}"}]}
RESULT: {"script":"<script> [1562 bytes]","args":[{"selector":{"controlType":"sap.ui.core.Icon","viewName":"etm.portal.ui.manageyards.view.Master","viewId":"application-manageyards-display-component---masterYard","properties":{"src":{"regex":{"source":"add"}}}},"wdio_ui5_key":"etmportal.ui.manageyards.view.Mastersap.ui.core.Icon{\"src\":{\"regex\":{\"source\":\"add\"}}}"}]}
RESULT: undefined
COMMAND: POST /session/9ee8f14f10c6d21a9bd1d789b8b2e24e/element - {"using":"xpath","value":"//*[@id=\"__button9-img\"]"}
RESULT: {"using":"xpath","value":"//*[@id=\"__button9-img\"]"}
COMMAND: POST /session/9ee8f14f10c6d21a9bd1d789b8b2e24e/element/f.F4456A30B5DD81BD5266FF5FFADC42DE.d.D145DFC7983B4C04197DDCB49CF995B6.e.2057/click - {}
RESULT: {}
COMMAND: GET /session/9ee8f14f10c6d21a9bd1d789b8b2e24e/screenshot - {}
RESULT: {}
COMMAND: POST /session/9ee8f14f10c6d21a9bd1d789b8b2e24e/execute/async - {"script":"<script> [1562 bytes]","args":[{"selector":{"id":"application-manageyards-display-component---NewYard--yardId","interaction":{"idSuffix":"inner"}},"wdio_ui5_key":"applicationmanageyards-display-component---NewYard--yardId"}]}
RESULT: {"script":"<script> [1562 bytes]","args":[{"selector":{"id":"application-manageyards-display-component---NewYard--yardId","interaction":{"idSuffix":"inner"}},"wdio_ui5_key":"applicationmanageyards-display-component---NewYard--yardId"}]}
RESULT: undefined
COMMAND: POST /session/9ee8f14f10c6d21a9bd1d789b8b2e24e/element - {"using":"xpath","value":"//*[@id=\"application-manageyards-display-component---NewYard--addressDetailDetailsName1-inner\"]"}
RESULT: {"using":"xpath","value":"//*[@id=\"application-manageyards-display-component---NewYard--addressDetailDetailsName1-inner\"]"}
COMMAND: POST /session/9ee8f14f10c6d21a9bd1d789b8b2e24e/element/f.F4456A30B5DD81BD5266FF5FFADC42DE.d.D145DFC7983B4C04197DDCB49CF995B6.e.2255/clear - {}
RESULT: {}
COMMAND: POST /session/9ee8f14f10c6d21a9bd1d789b8b2e24e/element/f.F4456A30B5DD81BD5266FF5FFADC42DE.d.D145DFC7983B4C04197DDCB49CF995B6.e.2255/value - {"text":"Webdriver WHM Yard hg3abg"}
COMMAND: GET /session/9ee8f14f10c6d21a9bd1d789b8b2e24e/screenshot - {}
RESULT: {"text":"Webdriver WHM Yard hg3abg"}
COMMAND: POST /session/9ee8f14f10c6d21a9bd1d789b8b2e24e/element - {"using":"xpath","value":"//*[@id=\"application-manageyards-display-component---NewYard--addressDetailDetailsLanguage-inner\"]"}
COMMAND: GET /session/9ee8f14f10c6d21a9bd1d789b8b2e24e/screenshot - {}
RESULT: {}
RESULT: {"using":"xpath","value":"//*[@id=\"application-manageyards-display-component---NewYard--addressDetailDetailsLanguage-inner\"]"}
COMMAND: POST /session/9ee8f14f10c6d21a9bd1d789b8b2e24e/element/f.F4456A30B5DD81BD5266FF5FFADC42DE.d.D145DFC7983B4C04197DDCB49CF995B6.e.2256/clear - {}
RESULT: {}
RESULT: {}
COMMAND: POST /session/9ee8f14f10c6d21a9bd1d789b8b2e24e/element/f.F4456A30B5DD81BD5266FF5FFADC42DE.d.D145DFC7983B4C04197DDCB49CF995B6.e.2256/value - {"text":"Romanian"}
COMMAND: GET /session/9ee8f14f10c6d21a9bd1d789b8b2e24e/screenshot - {}
RESULT: {"text":"Romanian"}
COMMAND: GET /session/9ee8f14f10c6d21a9bd1d789b8b2e24e/screenshot - {}
RESULT: {}
RESULT: {}
COMMAND: POST /session/9ee8f14f10c6d21a9bd1d789b8b2e24e/element - {"using":"xpath","value":"//*[@id=\"application-manageyards-display-component---NewYard--addressDetailDetailsCity1-inner\"]"}
RESULT: {"using":"xpath","value":"//*[@id=\"application-manageyards-display-component---NewYard--addressDetailDetailsCity1-inner\"]"}
COMMAND: POST /session/9ee8f14f10c6d21a9bd1d789b8b2e24e/element/f.F4456A30B5DD81BD5266FF5FFADC42DE.d.D145DFC7983B4C04197DDCB49CF995B6.e.2258/clear - {}
RESULT: {}
COMMAND: POST /session/9ee8f14f10c6d21a9bd1d789b8b2e24e/element/f.F4456A30B5DD81BD5266FF5FFADC42DE.d.D145DFC7983B4C04197DDCB49CF995B6.e.2258/value - {"text":"Bucuresti"}
COMMAND: GET /session/9ee8f14f10c6d21a9bd1d789b8b2e24e/screenshot - {}
RESULT: {"text":"Bucuresti"}
COMMAND: GET /session/9ee8f14f10c6d21a9bd1d789b8b2e24e/screenshot - {}
RESULT: {}
RESULT: {}
COMMAND: POST /session/9ee8f14f10c6d21a9bd1d789b8b2e24e/element - {"using":"xpath","value":"//*[@id=\"application-manageyards-display-component---NewYard--addressDetailDetailsCountry-inner\"]"}
RESULT: {"using":"xpath","value":"//*[@id=\"application-manageyards-display-component---NewYard--addressDetailDetailsCountry-inner\"]"}
COMMAND: POST /session/9ee8f14f10c6d21a9bd1d789b8b2e24e/element/f.F4456A30B5DD81BD5266FF5FFADC42DE.d.D145DFC7983B4C04197DDCB49CF995B6.e.2262/clear - {}
RESULT: {}
COMMAND: POST /session/9ee8f14f10c6d21a9bd1d789b8b2e24e/element/f.F4456A30B5DD81BD5266FF5FFADC42DE.d.D145DFC7983B4C04197DDCB49CF995B6.e.2262/value - {"text":"Romania"}
COMMAND: GET /session/9ee8f14f10c6d21a9bd1d789b8b2e24e/screenshot - {}
RESULT: {"text":"Romania"}
COMMAND: GET /session/9ee8f14f10c6d21a9bd1d789b8b2e24e/screenshot - {}
RESULT: {}
RESULT: {}
COMMAND: POST /session/9ee8f14f10c6d21a9bd1d789b8b2e24e/execute/async - {"script":"<script> [1562 bytes]","args":[{"selector":{"controlType":"sap.m.Button","viewName":"etm.portal.ui.manageyards.view.New","viewId":"application-manageyards-display-component---NewYard","properties":{"text":"Commercial"},"interaction":{"idSuffix":"BDI-content"}},"wdio_ui5_key":"etmportal.ui.manageyards.view.Newsap.m.Button{\"text\":\"Commercial\"}"}]}
RESULT: {"script":"<script> [1562 bytes]","args":[{"selector":{"controlType":"sap.m.Button","viewName":"etm.portal.ui.manageyards.view.New","viewId":"application-manageyards-display-component---NewYard","properties":{"text":"Commercial"},"interaction":{"idSuffix":"BDI-content"}},"wdio_ui5_key":"etmportal.ui.manageyards.view.Newsap.m.Button{\"text\":\"Commercial\"}"}]}
RESULT: undefined
COMMAND: POST /session/9ee8f14f10c6d21a9bd1d789b8b2e24e/element - {"using":"xpath","value":"//*[@id=\"application-manageyards-display-component---NewYard--ObjectPageLayout-anchBar-__section18-anchor\"]"}
RESULT: {"using":"xpath","value":"//*[@id=\"application-manageyards-display-component---NewYard--ObjectPageLayout-anchBar-__section18-anchor\"]"}
COMMAND: POST /session/9ee8f14f10c6d21a9bd1d789b8b2e24e/element/f.F4456A30B5DD81BD5266FF5FFADC42DE.d.D145DFC7983B4C04197DDCB49CF995B6.e.2407/click - {}
RESULT: {}
COMMAND: GET /session/9ee8f14f10c6d21a9bd1d789b8b2e24e/screenshot - {}
RESULT: {}
COMMAND: POST /session/9ee8f14f10c6d21a9bd1d789b8b2e24e/element - {"using":"xpath","value":"//input[@id='application-manageyards-display-component---NewYard--addressEditDetailsCostObjectCstType-inner']"}
RESULT: {"using":"xpath","value":"//input[@id='application-manageyards-display-component---NewYard--addressEditDetailsCostObjectCstType-inner']"}
COMMAND: POST /session/9ee8f14f10c6d21a9bd1d789b8b2e24e/execute/sync - {"script":"<script> [8489 bytes]","args":[{"element-6066-11e4-a52e-4f735466cecf":"f.F4456A30B5DD81BD5266FF5FFADC42DE.d.D145DFC7983B4C04197DDCB49CF995B6.e.2268","ELEMENT":"f.F4456A30B5DD81BD5266FF5FFADC42DE.d.D145DFC7983B4C04197DDCB49CF995B6.e.2268"}]}
RESULT: {"script":"<script> [8489 bytes]","args":[{"element-6066-11e4-a52e-4f735466cecf":"f.F4456A30B5DD81BD5266FF5FFADC42DE.d.D145DFC7983B4C04197DDCB49CF995B6.e.2268","ELEMENT":"f.F4456A30B5DD81BD5266FF5FFADC42DE.d.D145DFC7983B4C04197DDCB49CF995B6.e.2268"}]}
COMMAND: POST /session/9ee8f14f10c6d21a9bd1d789b8b2e24e/element/f.F4456A30B5DD81BD5266FF5FFADC42DE.d.D145DFC7983B4C04197DDCB49CF995B6.e.2268/clear - {}
COMMAND: GET /session/9ee8f14f10c6d21a9bd1d789b8b2e24e/screenshot - {}
RESULT: {}
COMMAND: POST /session/9ee8f14f10c6d21a9bd1d789b8b2e24e/element/f.F4456A30B5DD81BD5266FF5FFADC42DE.d.D145DFC7983B4C04197DDCB49CF995B6.e.2268/value - {"text":"Cost"}
COMMAND: GET /session/9ee8f14f10c6d21a9bd1d789b8b2e24e/screenshot - {}
RESULT: {}
RESULT: {"text":"Cost"}
COMMAND: GET /session/9ee8f14f10c6d21a9bd1d789b8b2e24e/screenshot - {}
RESULT: {}
RESULT: {}
COMMAND: POST /session/9ee8f14f10c6d21a9bd1d789b8b2e24e/execute/async - {"script":"<script> [1562 bytes]","args":[{"selector":{"id":"application-manageyards-display-component---NewYard--addressNewCostObjectCstID","interaction":{"idSuffix":"inner"}},"wdio_ui5_key":"applicationmanageyards-display-component---NewYard--addressNewCostObjectCstID"}]}
RESULT: {"script":"<script> [1562 bytes]","args":[{"selector":{"id":"application-manageyards-display-component---NewYard--addressNewCostObjectCstID","interaction":{"idSuffix":"inner"}},"wdio_ui5_key":"applicationmanageyards-display-component---NewYard--addressNewCostObjectCstID"}]}
RESULT: undefined
COMMAND: POST /session/9ee8f14f10c6d21a9bd1d789b8b2e24e/execute/async - {"script":"<script> [776 bytes]","args":[{"enterText":"10001013","selector":{"id":"application-manageyards-display-component---NewYard--addressNewCostObjectCstID","interaction":{"idSuffix":"inner"}},"clearTextFirst":true,"interactionType":"ENTER_TEXT"}]}
RESULT: {"script":"<script> [776 bytes]","args":[{"enterText":"10001013","selector":{"id":"application-manageyards-display-component---NewYard--addressNewCostObjectCstID","interaction":{"idSuffix":"inner"}},"clearTextFirst":true,"interactionType":"ENTER_TEXT"}]}
COMMAND: POST /session/9ee8f14f10c6d21a9bd1d789b8b2e24e/actions - {"actions":[{"id":"action4","type":"key","parameters":{},"actions":[{"type":"keyDown","value":"î€‡"},{"type":"pause","duration":10},{"type":"keyUp","value":"î€‡"}]}]}
RESULT: {"actions":[{"id":"action4","type":"key","parameters":{},"actions":[{"type":"keyDown","value":"î€‡"},{"type":"pause","duration":10},{"type":"keyUp","value":"î€‡"}]}]}
COMMAND: POST /session/9ee8f14f10c6d21a9bd1d789b8b2e24e/execute/async - {"script":"<script> [1562 bytes]","args":[{"selector":{"id":"application-manageyards-display-component---NewYard--addressEditDetailsCurrency","interaction":{"idSuffix":"inner"}},"wdio_ui5_key":"applicationmanageyards-display-component---NewYard--addressEditDetailsCurrency"}]}
COMMAND: GET /session/9ee8f14f10c6d21a9bd1d789b8b2e24e/screenshot - {}
RESULT: {"script":"<script> [1562 bytes]","args":[{"selector":{"id":"application-manageyards-display-component---NewYard--addressEditDetailsCurrency","interaction":{"idSuffix":"inner"}},"wdio_ui5_key":"applicationmanageyards-display-component---NewYard--addressEditDetailsCurrency"}]}
RESULT: undefined
COMMAND: POST /session/9ee8f14f10c6d21a9bd1d789b8b2e24e/execute/async - {"script":"<script> [776 bytes]","args":[{"enterText":"Euro","selector":{"id":"application-manageyards-display-component---NewYard--addressEditDetailsCurrency","interaction":{"idSuffix":"inner"}},"clearTextFirst":true,"interactionType":"ENTER_TEXT"}]}
RESULT: {}
RESULT: {"script":"<script> [776 bytes]","args":[{"enterText":"Euro","selector":{"id":"application-manageyards-display-component---NewYard--addressEditDetailsCurrency","interaction":{"idSuffix":"inner"}},"clearTextFirst":true,"interactionType":"ENTER_TEXT"}]}
COMMAND: POST /session/9ee8f14f10c6d21a9bd1d789b8b2e24e/execute/async - {"script":"<script> [1562 bytes]","args":[{"selector":{"controlType":"sap.m.Input","viewName":"etm.portal.ui.manageyards.view.New","viewId":"application-manageyards-display-component---NewYard","bindingPath":{"path":"","propertyPath":"/CONTROLLING_AREA","modelName":"NewYardModel"},"interaction":{"idSuffix":"inner"}},"wdio_ui5_key":"etmportal.ui.manageyards.view.Newsap.m.Input{\"path\":\"\",\"propertyPath\":\"/CONTROLLING_AREA\",\"modelName\":\"NewYardModel\"}"}]}
RESULT: {"script":"<script> [1562 bytes]","args":[{"selector":{"controlType":"sap.m.Input","viewName":"etm.portal.ui.manageyards.view.New","viewId":"application-manageyards-display-component---NewYard","bindingPath":{"path":"","propertyPath":"/CONTROLLING_AREA","modelName":"NewYardModel"},"interaction":{"idSuffix":"inner"}},"wdio_ui5_key":"etmportal.ui.manageyards.view.Newsap.m.Input{\"path\":\"\",\"propertyPath\":\"/CONTROLLING_AREA\",\"modelName\":\"NewYardModel\"}"}]}
RESULT: undefined
COMMAND: POST /session/9ee8f14f10c6d21a9bd1d789b8b2e24e/execute/async - {"script":"<script> [776 bytes]","args":[{"enterText":"Z001","selector":{"controlType":"sap.m.Input","viewName":"etm.portal.ui.manageyards.view.New","viewId":"application-manageyards-display-component---NewYard","bindingPath":{"path":"","propertyPath":"/CONTROLLING_AREA","modelName":"NewYardModel"},"interaction":{"idSuffix":"inner"}},"clearTextFirst":true,"interactionType":"ENTER_TEXT"}]}
RESULT: {"script":"<script> [776 bytes]","args":[{"enterText":"Z001","selector":{"controlType":"sap.m.Input","viewName":"etm.portal.ui.manageyards.view.New","viewId":"application-manageyards-display-component---NewYard","bindingPath":{"path":"","propertyPath":"/CONTROLLING_AREA","modelName":"NewYardModel"},"interaction":{"idSuffix":"inner"}},"clearTextFirst":true,"interactionType":"ENTER_TEXT"}]}
COMMAND: POST /session/9ee8f14f10c6d21a9bd1d789b8b2e24e/execute/async - {"script":"<script> [1562 bytes]","args":[{"selector":{"id":"application-manageyards-display-component---NewYard--companyCodeComboBox","interaction":{"idSuffix":"inner"}},"wdio_ui5_key":"applicationmanageyards-display-component---NewYard--companyCodeComboBox"}]}
RESULT: {"script":"<script> [1562 bytes]","args":[{"selector":{"id":"application-manageyards-display-component---NewYard--companyCodeComboBox","interaction":{"idSuffix":"inner"}},"wdio_ui5_key":"applicationmanageyards-display-component---NewYard--companyCodeComboBox"}]}
RESULT: undefined
COMMAND: POST /session/9ee8f14f10c6d21a9bd1d789b8b2e24e/execute/async - {"script":"<script> [776 bytes]","args":[{"enterText":"1000","selector":{"id":"application-manageyards-display-component---NewYard--companyCodeComboBox","interaction":{"idSuffix":"inner"}},"clearTextFirst":true,"interactionType":"ENTER_TEXT"}]}
RESULT: {"script":"<script> [776 bytes]","args":[{"enterText":"1000","selector":{"id":"application-manageyards-display-component---NewYard--companyCodeComboBox","interaction":{"idSuffix":"inner"}},"clearTextFirst":true,"interactionType":"ENTER_TEXT"}]}
COMMAND: POST /session/9ee8f14f10c6d21a9bd1d789b8b2e24e/actions - {"actions":[{"id":"action5","type":"key","parameters":{},"actions":[{"type":"keyDown","value":"î€‡"},{"type":"pause","duration":10},{"type":"keyUp","value":"î€‡"}]}]}
RESULT: {"actions":[{"id":"action5","type":"key","parameters":{},"actions":[{"type":"keyDown","value":"î€‡"},{"type":"pause","duration":10},{"type":"keyUp","value":"î€‡"}]}]}
COMMAND: POST /session/9ee8f14f10c6d21a9bd1d789b8b2e24e/execute/async - {"script":"<script> [1562 bytes]","args":[{"selector":{"controlType":"sap.m.Input","viewName":"etm.portal.ui.manageyards.view.New","viewId":"application-manageyards-display-component---NewYard","bindingPath":{"path":"","propertyPath":"/PLANT","modelName":"NewYardModel"},"interaction":{"idSuffix":"inner"}},"wdio_ui5_key":"etmportal.ui.manageyards.view.Newsap.m.Input{\"path\":\"\",\"propertyPath\":\"/PLANT\",\"modelName\":\"NewYardModel\"}"}]}
COMMAND: GET /session/9ee8f14f10c6d21a9bd1d789b8b2e24e/screenshot - {}
RESULT: {"script":"<script> [1562 bytes]","args":[{"selector":{"controlType":"sap.m.Input","viewName":"etm.portal.ui.manageyards.view.New","viewId":"application-manageyards-display-component---NewYard","bindingPath":{"path":"","propertyPath":"/PLANT","modelName":"NewYardModel"},"interaction":{"idSuffix":"inner"}},"wdio_ui5_key":"etmportal.ui.manageyards.view.Newsap.m.Input{\"path\":\"\",\"propertyPath\":\"/PLANT\",\"modelName\":\"NewYardModel\"}"}]}
RESULT: undefined
COMMAND: POST /session/9ee8f14f10c6d21a9bd1d789b8b2e24e/execute/async - {"script":"<script> [776 bytes]","args":[{"enterText":"1001","selector":{"controlType":"sap.m.Input","viewName":"etm.portal.ui.manageyards.view.New","viewId":"application-manageyards-display-component---NewYard","bindingPath":{"path":"","propertyPath":"/PLANT","modelName":"NewYardModel"},"interaction":{"idSuffix":"inner"}},"clearTextFirst":true,"interactionType":"ENTER_TEXT"}]}
RESULT: {}
RESULT: {"script":"<script> [776 bytes]","args":[{"enterText":"1001","selector":{"controlType":"sap.m.Input","viewName":"etm.portal.ui.manageyards.view.New","viewId":"application-manageyards-display-component---NewYard","bindingPath":{"path":"","propertyPath":"/PLANT","modelName":"NewYardModel"},"interaction":{"idSuffix":"inner"}},"clearTextFirst":true,"interactionType":"ENTER_TEXT"}]}
COMMAND: POST /session/9ee8f14f10c6d21a9bd1d789b8b2e24e/execute/async - {"script":"<script> [1562 bytes]","args":[{"selector":{"controlType":"sap.m.Input","viewName":"etm.portal.ui.manageyards.view.New","viewId":"application-manageyards-display-component---NewYard","bindingPath":{"path":"","propertyPath":"/SALES_AREA_VKORG","modelName":"NewYardModel"},"interaction":{"idSuffix":"inner"}},"wdio_ui5_key":"etmportal.ui.manageyards.view.Newsap.m.Input{\"path\":\"\",\"propertyPath\":\"/SALES_AREA_VKORG\",\"modelName\":\"NewYardModel\"}"}]}
RESULT: {"script":"<script> [1562 bytes]","args":[{"selector":{"controlType":"sap.m.Input","viewName":"etm.portal.ui.manageyards.view.New","viewId":"application-manageyards-display-component---NewYard","bindingPath":{"path":"","propertyPath":"/SALES_AREA_VKORG","modelName":"NewYardModel"},"interaction":{"idSuffix":"inner"}},"wdio_ui5_key":"etmportal.ui.manageyards.view.Newsap.m.Input{\"path\":\"\",\"propertyPath\":\"/SALES_AREA_VKORG\",\"modelName\":\"NewYardModel\"}"}]}
RESULT: undefined
COMMAND: POST /session/9ee8f14f10c6d21a9bd1d789b8b2e24e/execute/async - {"script":"<script> [776 bytes]","args":[{"enterText":"C002","selector":{"controlType":"sap.m.Input","viewName":"etm.portal.ui.manageyards.view.New","viewId":"application-manageyards-display-component---NewYard","bindingPath":{"path":"","propertyPath":"/SALES_AREA_VKORG","modelName":"NewYardModel"},"interaction":{"idSuffix":"inner"}},"clearTextFirst":true,"interactionType":"ENTER_TEXT"}]}
RESULT: {"script":"<script> [776 bytes]","args":[{"enterText":"C002","selector":{"controlType":"sap.m.Input","viewName":"etm.portal.ui.manageyards.view.New","viewId":"application-manageyards-display-component---NewYard","bindingPath":{"path":"","propertyPath":"/SALES_AREA_VKORG","modelName":"NewYardModel"},"interaction":{"idSuffix":"inner"}},"clearTextFirst":true,"interactionType":"ENTER_TEXT"}]}
COMMAND: POST /session/9ee8f14f10c6d21a9bd1d789b8b2e24e/execute/async - {"script":"<script> [1562 bytes]","args":[{"selector":{"controlType":"sap.m.Input","viewName":"etm.portal.ui.manageyards.view.New","viewId":"application-manageyards-display-component---NewYard","bindingPath":{"path":"","propertyPath":"/SALES_AREA_VTWEG","modelName":"NewYardModel"},"interaction":{"idSuffix":"inner"}},"wdio_ui5_key":"etmportal.ui.manageyards.view.Newsap.m.Input{\"path\":\"\",\"propertyPath\":\"/SALES_AREA_VTWEG\",\"modelName\":\"NewYardModel\"}"}]}
RESULT: {"script":"<script> [1562 bytes]","args":[{"selector":{"controlType":"sap.m.Input","viewName":"etm.portal.ui.manageyards.view.New","viewId":"application-manageyards-display-component---NewYard","bindingPath":{"path":"","propertyPath":"/SALES_AREA_VTWEG","modelName":"NewYardModel"},"interaction":{"idSuffix":"inner"}},"wdio_ui5_key":"etmportal.ui.manageyards.view.Newsap.m.Input{\"path\":\"\",\"propertyPath\":\"/SALES_AREA_VTWEG\",\"modelName\":\"NewYardModel\"}"}]}
RESULT: undefined
COMMAND: POST /session/9ee8f14f10c6d21a9bd1d789b8b2e24e/execute/async - {"script":"<script> [776 bytes]","args":[{"enterText":"C2","selector":{"controlType":"sap.m.Input","viewName":"etm.portal.ui.manageyards.view.New","viewId":"application-manageyards-display-component---NewYard","bindingPath":{"path":"","propertyPath":"/SALES_AREA_VTWEG","modelName":"NewYardModel"},"interaction":{"idSuffix":"inner"}},"clearTextFirst":true,"interactionType":"ENTER_TEXT"}]}
RESULT: {"script":"<script> [776 bytes]","args":[{"enterText":"C2","selector":{"controlType":"sap.m.Input","viewName":"etm.portal.ui.manageyards.view.New","viewId":"application-manageyards-display-component---NewYard","bindingPath":{"path":"","propertyPath":"/SALES_AREA_VTWEG","modelName":"NewYardModel"},"interaction":{"idSuffix":"inner"}},"clearTextFirst":true,"interactionType":"ENTER_TEXT"}]}
COMMAND: POST /session/9ee8f14f10c6d21a9bd1d789b8b2e24e/execute/async - {"script":"<script> [1562 bytes]","args":[{"selector":{"controlType":"sap.m.Input","viewName":"etm.portal.ui.manageyards.view.New","viewId":"application-manageyards-display-component---NewYard","bindingPath":{"path":"","propertyPath":"/SALES_AREA_SPART","modelName":"NewYardModel"},"interaction":{"idSuffix":"inner"}},"wdio_ui5_key":"etmportal.ui.manageyards.view.Newsap.m.Input{\"path\":\"\",\"propertyPath\":\"/SALES_AREA_SPART\",\"modelName\":\"NewYardModel\"}"}]}
RESULT: {"script":"<script> [1562 bytes]","args":[{"selector":{"controlType":"sap.m.Input","viewName":"etm.portal.ui.manageyards.view.New","viewId":"application-manageyards-display-component---NewYard","bindingPath":{"path":"","propertyPath":"/SALES_AREA_SPART","modelName":"NewYardModel"},"interaction":{"idSuffix":"inner"}},"wdio_ui5_key":"etmportal.ui.manageyards.view.Newsap.m.Input{\"path\":\"\",\"propertyPath\":\"/SALES_AREA_SPART\",\"modelName\":\"NewYardModel\"}"}]}
RESULT: undefined
COMMAND: POST /session/9ee8f14f10c6d21a9bd1d789b8b2e24e/execute/async - {"script":"<script> [776 bytes]","args":[{"enterText":"C2","selector":{"controlType":"sap.m.Input","viewName":"etm.portal.ui.manageyards.view.New","viewId":"application-manageyards-display-component---NewYard","bindingPath":{"path":"","propertyPath":"/SALES_AREA_SPART","modelName":"NewYardModel"},"interaction":{"idSuffix":"inner"}},"clearTextFirst":true,"interactionType":"ENTER_TEXT"}]}
RESULT: {"script":"<script> [776 bytes]","args":[{"enterText":"C2","selector":{"controlType":"sap.m.Input","viewName":"etm.portal.ui.manageyards.view.New","viewId":"application-manageyards-display-component---NewYard","bindingPath":{"path":"","propertyPath":"/SALES_AREA_SPART","modelName":"NewYardModel"},"interaction":{"idSuffix":"inner"}},"clearTextFirst":true,"interactionType":"ENTER_TEXT"}]}
COMMAND: POST /session/9ee8f14f10c6d21a9bd1d789b8b2e24e/execute/async - {"script":"<script> [1562 bytes]","args":[{"selector":{"id":"application-manageyards-display-component---NewYard--whmCheckBox","interaction":{"idSuffix":"CbBg"}},"wdio_ui5_key":"applicationmanageyards-display-component---NewYard--whmCheckBox"}]}
RESULT: {"script":"<script> [1562 bytes]","args":[{"selector":{"id":"application-manageyards-display-component---NewYard--whmCheckBox","interaction":{"idSuffix":"CbBg"}},"wdio_ui5_key":"applicationmanageyards-display-component---NewYard--whmCheckBox"}]}
RESULT: undefined
COMMAND: POST /session/9ee8f14f10c6d21a9bd1d789b8b2e24e/element - {"using":"xpath","value":"//*[@id=\"application-manageyards-display-component---NewYard--whmCheckBox\"]"}
RESULT: {"using":"xpath","value":"//*[@id=\"application-manageyards-display-component---NewYard--whmCheckBox\"]"}
COMMAND: POST /session/9ee8f14f10c6d21a9bd1d789b8b2e24e/element/f.F4456A30B5DD81BD5266FF5FFADC42DE.d.D145DFC7983B4C04197DDCB49CF995B6.e.2430/click - {}
RESULT: {}
COMMAND: POST /session/9ee8f14f10c6d21a9bd1d789b8b2e24e/execute/async - {"script":"<script> [1562 bytes]","args":[{"selector":{"controlType":"sap.m.Button","viewName":"etm.portal.ui.manageyards.view.New","viewId":"application-manageyards-display-component---NewYard","i18NText":{"propertyName":"text","key":"save"},"interaction":{"idSuffix":"inner"}},"wdio_ui5_key":"etmportal.ui.manageyards.view.Newsap.m.Button{\"propertyName\":\"text\",\"key\":\"save\"}"}]}
COMMAND: GET /session/9ee8f14f10c6d21a9bd1d789b8b2e24e/screenshot - {}
RESULT: {"script":"<script> [1562 bytes]","args":[{"selector":{"controlType":"sap.m.Button","viewName":"etm.portal.ui.manageyards.view.New","viewId":"application-manageyards-display-component---NewYard","i18NText":{"propertyName":"text","key":"save"},"interaction":{"idSuffix":"inner"}},"wdio_ui5_key":"etmportal.ui.manageyards.view.Newsap.m.Button{\"propertyName\":\"text\",\"key\":\"save\"}"}]}
RESULT: undefined
COMMAND: POST /session/9ee8f14f10c6d21a9bd1d789b8b2e24e/element - {"using":"xpath","value":"//*[@id=\"__button43\"]"}
RESULT: {}
RESULT: {"using":"xpath","value":"//*[@id=\"__button43\"]"}
COMMAND: POST /session/9ee8f14f10c6d21a9bd1d789b8b2e24e/element/f.F4456A30B5DD81BD5266FF5FFADC42DE.d.D145DFC7983B4C04197DDCB49CF995B6.e.2392/click - {}
RESULT: {}
COMMAND: GET /session/9ee8f14f10c6d21a9bd1d789b8b2e24e/screenshot - {}
RESULT: {}
COMMAND: POST /session/9ee8f14f10c6d21a9bd1d789b8b2e24e/element - {"using":"xpath","value":"//header/div/div/div/div/div/div[2]/div/span"}
RESULT: {"using":"xpath","value":"//header/div/div/div/div/div/div[2]/div/span"}
COMMAND: GET /session/9ee8f14f10c6d21a9bd1d789b8b2e24e/element/f.F4456A30B5DD81BD5266FF5FFADC42DE.d.D145DFC7983B4C04197DDCB49CF995B6.e.2646/text - {}
RESULT: {}
COMMAND: POST /session/9ee8f14f10c6d21a9bd1d789b8b2e24e/element - {"using":"xpath","value":"//header/div/div[2]/div[2]/span"}
RESULT: {"using":"xpath","value":"//header/div/div[2]/div[2]/span"}
COMMAND: GET /session/9ee8f14f10c6d21a9bd1d789b8b2e24e/element/f.F4456A30B5DD81BD5266FF5FFADC42DE.d.D145DFC7983B4C04197DDCB49CF995B6.e.2647/text - {}
RESULT: {}
COMMAND: POST /session/9ee8f14f10c6d21a9bd1d789b8b2e24e/element - {"using":"css selector","value":"#j_username"}
COMMAND: POST /session/9ee8f14f10c6d21a9bd1d789b8b2e24e/url - {"url":"https://qa-testing-00-live-etm-ui.cfapps.eu10-004.hana.ondemand.com/"}
RESULT: {"url":"https://qa-testing-00-live-etm-ui.cfapps.eu10-004.hana.ondemand.com/"}
RESULT: undefined
COMMAND: GET /session/9ee8f14f10c6d21a9bd1d789b8b2e24e/screenshot - {}
RESULT: {"using":"css selector","value":"#j_username"}
COMMAND: POST /session/9ee8f14f10c6d21a9bd1d789b8b2e24e/element - {"using":"css selector","value":"#j_username"}
RESULT: {}
RESULT: {"using":"css selector","value":"#j_username"}
COMMAND: POST /session/9ee8f14f10c6d21a9bd1d789b8b2e24e/element - {"using":"css selector","value":"#shell-header-logo"}
RESULT: {"using":"css selector","value":"#shell-header-logo"}
COMMAND: POST /session/9ee8f14f10c6d21a9bd1d789b8b2e24e/execute/sync - {"script":"<script> [8489 bytes]","args":[{"element-6066-11e4-a52e-4f735466cecf":"f.F4456A30B5DD81BD5266FF5FFADC42DE.d.8096C3F6CB84B5EE09F8DBA9F7A5821A.e.2660","ELEMENT":"f.F4456A30B5DD81BD5266FF5FFADC42DE.d.8096C3F6CB84B5EE09F8DBA9F7A5821A.e.2660"}]}
RESULT: {"script":"<script> [8489 bytes]","args":[{"element-6066-11e4-a52e-4f735466cecf":"f.F4456A30B5DD81BD5266FF5FFADC42DE.d.8096C3F6CB84B5EE09F8DBA9F7A5821A.e.2660","ELEMENT":"f.F4456A30B5DD81BD5266FF5FFADC42DE.d.8096C3F6CB84B5EE09F8DBA9F7A5821A.e.2660"}]}
COMMAND: POST /session/9ee8f14f10c6d21a9bd1d789b8b2e24e/element - {"using":"css selector","value":"#shell-header-logo"}
COMMAND: GET /session/9ee8f14f10c6d21a9bd1d789b8b2e24e/screenshot - {}
RESULT: {"using":"css selector","value":"#shell-header-logo"}
COMMAND: POST /session/9ee8f14f10c6d21a9bd1d789b8b2e24e/execute/sync - {"script":"<script> [8489 bytes]","args":[{"element-6066-11e4-a52e-4f735466cecf":"f.F4456A30B5DD81BD5266FF5FFADC42DE.d.8096C3F6CB84B5EE09F8DBA9F7A5821A.e.2660","ELEMENT":"f.F4456A30B5DD81BD5266FF5FFADC42DE.d.8096C3F6CB84B5EE09F8DBA9F7A5821A.e.2660"}]}
RESULT: {}
RESULT: {"script":"<script> [8489 bytes]","args":[{"element-6066-11e4-a52e-4f735466cecf":"f.F4456A30B5DD81BD5266FF5FFADC42DE.d.8096C3F6CB84B5EE09F8DBA9F7A5821A.e.2660","ELEMENT":"f.F4456A30B5DD81BD5266FF5FFADC42DE.d.8096C3F6CB84B5EE09F8DBA9F7A5821A.e.2660"}]}
COMMAND: POST /session/9ee8f14f10c6d21a9bd1d789b8b2e24e/execute/sync - {"script":"<script> [5351 bytes]","args":[{"element-6066-11e4-a52e-4f735466cecf":"f.F4456A30B5DD81BD5266FF5FFADC42DE.d.8096C3F6CB84B5EE09F8DBA9F7A5821A.e.2660","ELEMENT":"f.F4456A30B5DD81BD5266FF5FFADC42DE.d.8096C3F6CB84B5EE09F8DBA9F7A5821A.e.2660"}]}
COMMAND: GET /session/9ee8f14f10c6d21a9bd1d789b8b2e24e/screenshot - {}
RESULT: {"script":"<script> [5351 bytes]","args":[{"element-6066-11e4-a52e-4f735466cecf":"f.F4456A30B5DD81BD5266FF5FFADC42DE.d.8096C3F6CB84B5EE09F8DBA9F7A5821A.e.2660","ELEMENT":"f.F4456A30B5DD81BD5266FF5FFADC42DE.d.8096C3F6CB84B5EE09F8DBA9F7A5821A.e.2660"}]}
COMMAND: POST /session/9ee8f14f10c6d21a9bd1d789b8b2e24e/element - {"using":"css selector","value":"#shell-header-logo"}
COMMAND: GET /session/9ee8f14f10c6d21a9bd1d789b8b2e24e/screenshot - {}
RESULT: {}
RESULT: {"using":"css selector","value":"#shell-header-logo"}
COMMAND: POST /session/9ee8f14f10c6d21a9bd1d789b8b2e24e/element/f.F4456A30B5DD81BD5266FF5FFADC42DE.d.8096C3F6CB84B5EE09F8DBA9F7A5821A.e.2660/click - {}
RESULT: {}
RESULT: {}
COMMAND: GET /session/9ee8f14f10c6d21a9bd1d789b8b2e24e/screenshot - {}
RESULT: {}
COMMAND: POST /session/9ee8f14f10c6d21a9bd1d789b8b2e24e/execute/async - {"script":"<script> [189 bytes]","args":[]}
RESULT: {"script":"<script> [189 bytes]","args":[]}
COMMAND: POST /session/9ee8f14f10c6d21a9bd1d789b8b2e24e/execute/async - {"script":"<script> [123 bytes]","args":[]}
RESULT: {"script":"<script> [123 bytes]","args":[]}
COMMAND: POST /session/9ee8f14f10c6d21a9bd1d789b8b2e24e/timeouts - {"script":"<number>"}
RESULT: {"script":"<number>"}
COMMAND: GET /session/9ee8f14f10c6d21a9bd1d789b8b2e24e/timeouts - {}
RESULT: {}
RESULT: undefined
COMMAND: POST /session/9ee8f14f10c6d21a9bd1d789b8b2e24e/execute/async - {"script":"<script> [2676 bytes]","args":[]}
RESULT: {"script":"<script> [2676 bytes]","args":[]}
COMMAND: POST /session/9ee8f14f10c6d21a9bd1d789b8b2e24e/execute/async - {"script":"<script> [2342 bytes]","args":[{"protocol":"http","hostname":"0.0.0.0","path":"/","capabilities":{"browserName":"chrome","goog:chromeOptions":{"binary":"C:\\Program Files\\Google\\Chrome\\Application\\chrome.exe","args":["--start-maximized"]}},"logLevel":"warn","connectionRetryTimeout":120000,"connectionRetryCount":3,"logLevels":{},"enableDirectConnect":true,"strictSSL":true,"_":"65 more keys: [\"cacheDir\",\"port\",\"requestedCapabilities\",\"automationProtocol\",\"baseUrl\",\"waitforInterval\",\"waitforTimeout\",\"onReload\",\"beforeCommand\",\"afterCommand\",\"rootDir\",\"specs\",\"suites\",\"exclude\",\"groupLogsByTestSpec\",\"excludeDriverLogs\",\"bail\",\"framework\",\"reporters\",\"services\",\"maxInstances\",\"maxInstancesPerCapability\",\"injectGlobals\",\"filesToWatch\",\"execArgv\",\"runnerEnv\",\"runner\",\"shard\",\"specFileRetries\",\"specFileRetriesDelay\",\"specFileRetriesDeferred\",\"reporterSyncInterval\",\"reporterSyncTimeout\",\"cucumberFeaturesWithLineNumbers\",\"autoCompileOpts\",\"mochaOpts\",\"jasmineOpts\",\"cucumberOpts\",\"onPrepare\",\"onWorkerStart\",\"onWorkerEnd\",\"before\",\"beforeSession\",\"beforeSuite\",\"beforeHook\",\"beforeTest\",\"afterTest\",\"afterHook\",\"afterSuite\",\"afterSession\",\"after\",\"onComplete\",\"beforeAssertion\",\"afterAssertion\",\"beforeFeature\",\"beforeScenario\",\"beforeStep\",\"afterStep\",\"afterScenario\",\"afterFeature\",\"_\",\"suite\",\"$0\",\"ignoredWorkerServices\",\"wdi5\"]"}]}
RESULT: {"script":"<script> [2342 bytes]","args":[{"protocol":"http","hostname":"0.0.0.0","path":"/","capabilities":{"browserName":"chrome","goog:chromeOptions":{"binary":"C:\\Program Files\\Google\\Chrome\\Application\\chrome.exe","args":["--start-maximized"]}},"logLevel":"warn","connectionRetryTimeout":120000,"connectionRetryCount":3,"logLevels":{},"enableDirectConnect":true,"strictSSL":true,"_":"65 more keys: [\"cacheDir\",\"port\",\"requestedCapabilities\",\"automationProtocol\",\"baseUrl\",\"waitforInterval\",\"waitforTimeout\",\"onReload\",\"beforeCommand\",\"afterCommand\",\"rootDir\",\"specs\",\"suites\",\"exclude\",\"groupLogsByTestSpec\",\"excludeDriverLogs\",\"bail\",\"framework\",\"reporters\",\"services\",\"maxInstances\",\"maxInstancesPerCapability\",\"injectGlobals\",\"filesToWatch\",\"execArgv\",\"runnerEnv\",\"runner\",\"shard\",\"specFileRetries\",\"specFileRetriesDelay\",\"specFileRetriesDeferred\",\"reporterSyncInterval\",\"reporterSyncTimeout\",\"cucumberFeaturesWithLineNumbers\",\"autoCompileOpts\",\"mochaOpts\",\"jasmineOpts\",\"cucumberOpts\",\"onPrepare\",\"onWorkerStart\",\"onWorkerEnd\",\"before\",\"beforeSession\",\"beforeSuite\",\"beforeHook\",\"beforeTest\",\"afterTest\",\"afterHook\",\"afterSuite\",\"afterSession\",\"after\",\"onComplete\",\"beforeAssertion\",\"afterAssertion\",\"beforeFeature\",\"beforeScenario\",\"beforeStep\",\"afterStep\",\"afterScenario\",\"afterFeature\",\"_\",\"suite\",\"$0\",\"ignoredWorkerServices\",\"wdi5\"]"}]}
COMMAND: POST /session/9ee8f14f10c6d21a9bd1d789b8b2e24e/execute/async - {"script":"<script> [21126 bytes]","args":[35000]}
RESULT: {"script":"<script> [21126 bytes]","args":[35000]}
COMMAND: POST /session/9ee8f14f10c6d21a9bd1d789b8b2e24e/window/maximize - {}
RESULT: {}
COMMAND: POST /session/9ee8f14f10c6d21a9bd1d789b8b2e24e/execute/async - {"script":"<script> [1562 bytes]","args":[{"selector":{"id":"shell-header","interaction":{"idSuffix":"icon"}},"wdio_ui5_key":"shellheader"}]}
COMMAND: GET /session/9ee8f14f10c6d21a9bd1d789b8b2e24e/screenshot - {}
RESULT: {"script":"<script> [1562 bytes]","args":[{"selector":{"id":"shell-header","interaction":{"idSuffix":"icon"}},"wdio_ui5_key":"shellheader"}]}
RESULT: undefined
COMMAND: POST /session/9ee8f14f10c6d21a9bd1d789b8b2e24e/refresh - {}
RESULT: {}
RESULT: {}
COMMAND: GET /session/9ee8f14f10c6d21a9bd1d789b8b2e24e/screenshot - {}
RESULT: {}
COMMAND: POST /session/9ee8f14f10c6d21a9bd1d789b8b2e24e/refresh - {}
RESULT: {}
COMMAND: GET /session/9ee8f14f10c6d21a9bd1d789b8b2e24e/screenshot - {}
RESULT: {}
COMMAND: POST /session/9ee8f14f10c6d21a9bd1d789b8b2e24e/window/fullscreen - {}
RESULT: {}
COMMAND: POST /session/9ee8f14f10c6d21a9bd1d789b8b2e24e/execute/async - {"script":"<script> [189 bytes]","args":[]}
RESULT: {"script":"<script> [189 bytes]","args":[]}
COMMAND: POST /session/9ee8f14f10c6d21a9bd1d789b8b2e24e/execute/async - {"script":"<script> [123 bytes]","args":[]}
RESULT: {"script":"<script> [123 bytes]","args":[]}
COMMAND: POST /session/9ee8f14f10c6d21a9bd1d789b8b2e24e/timeouts - {"script":"<number>"}
RESULT: {"script":"<number>"}
COMMAND: GET /session/9ee8f14f10c6d21a9bd1d789b8b2e24e/timeouts - {}
RESULT: {}
RESULT: undefined
COMMAND: POST /session/9ee8f14f10c6d21a9bd1d789b8b2e24e/execute/async - {"script":"<script> [2676 bytes]","args":[]}
RESULT: {"script":"<script> [2676 bytes]","args":[]}
COMMAND: POST /session/9ee8f14f10c6d21a9bd1d789b8b2e24e/execute/async - {"script":"<script> [2342 bytes]","args":[{"protocol":"http","hostname":"0.0.0.0","path":"/","capabilities":{"browserName":"chrome","goog:chromeOptions":{"binary":"C:\\Program Files\\Google\\Chrome\\Application\\chrome.exe","args":["--start-maximized"]}},"logLevel":"warn","connectionRetryTimeout":120000,"connectionRetryCount":3,"logLevels":{},"enableDirectConnect":true,"strictSSL":true,"_":"65 more keys: [\"cacheDir\",\"port\",\"requestedCapabilities\",\"automationProtocol\",\"baseUrl\",\"waitforInterval\",\"waitforTimeout\",\"onReload\",\"beforeCommand\",\"afterCommand\",\"rootDir\",\"specs\",\"suites\",\"exclude\",\"groupLogsByTestSpec\",\"excludeDriverLogs\",\"bail\",\"framework\",\"reporters\",\"services\",\"maxInstances\",\"maxInstancesPerCapability\",\"injectGlobals\",\"filesToWatch\",\"execArgv\",\"runnerEnv\",\"runner\",\"shard\",\"specFileRetries\",\"specFileRetriesDelay\",\"specFileRetriesDeferred\",\"reporterSyncInterval\",\"reporterSyncTimeout\",\"cucumberFeaturesWithLineNumbers\",\"autoCompileOpts\",\"mochaOpts\",\"jasmineOpts\",\"cucumberOpts\",\"onPrepare\",\"onWorkerStart\",\"onWorkerEnd\",\"before\",\"beforeSession\",\"beforeSuite\",\"beforeHook\",\"beforeTest\",\"afterTest\",\"afterHook\",\"afterSuite\",\"afterSession\",\"after\",\"onComplete\",\"beforeAssertion\",\"afterAssertion\",\"beforeFeature\",\"beforeScenario\",\"beforeStep\",\"afterStep\",\"afterScenario\",\"afterFeature\",\"_\",\"suite\",\"$0\",\"ignoredWorkerServices\",\"wdi5\"]"}]}
RESULT: {"script":"<script> [2342 bytes]","args":[{"protocol":"http","hostname":"0.0.0.0","path":"/","capabilities":{"browserName":"chrome","goog:chromeOptions":{"binary":"C:\\Program Files\\Google\\Chrome\\Application\\chrome.exe","args":["--start-maximized"]}},"logLevel":"warn","connectionRetryTimeout":120000,"connectionRetryCount":3,"logLevels":{},"enableDirectConnect":true,"strictSSL":true,"_":"65 more keys: [\"cacheDir\",\"port\",\"requestedCapabilities\",\"automationProtocol\",\"baseUrl\",\"waitforInterval\",\"waitforTimeout\",\"onReload\",\"beforeCommand\",\"afterCommand\",\"rootDir\",\"specs\",\"suites\",\"exclude\",\"groupLogsByTestSpec\",\"excludeDriverLogs\",\"bail\",\"framework\",\"reporters\",\"services\",\"maxInstances\",\"maxInstancesPerCapability\",\"injectGlobals\",\"filesToWatch\",\"execArgv\",\"runnerEnv\",\"runner\",\"shard\",\"specFileRetries\",\"specFileRetriesDelay\",\"specFileRetriesDeferred\",\"reporterSyncInterval\",\"reporterSyncTimeout\",\"cucumberFeaturesWithLineNumbers\",\"autoCompileOpts\",\"mochaOpts\",\"jasmineOpts\",\"cucumberOpts\",\"onPrepare\",\"onWorkerStart\",\"onWorkerEnd\",\"before\",\"beforeSession\",\"beforeSuite\",\"beforeHook\",\"beforeTest\",\"afterTest\",\"afterHook\",\"afterSuite\",\"afterSession\",\"after\",\"onComplete\",\"beforeAssertion\",\"afterAssertion\",\"beforeFeature\",\"beforeScenario\",\"beforeStep\",\"afterStep\",\"afterScenario\",\"afterFeature\",\"_\",\"suite\",\"$0\",\"ignoredWorkerServices\",\"wdi5\"]"}]}
COMMAND: POST /session/9ee8f14f10c6d21a9bd1d789b8b2e24e/execute/async - {"script":"<script> [21126 bytes]","args":[35000]}
RESULT: {"script":"<script> [21126 bytes]","args":[35000]}
]]></system-out>
    </testcase>
  </testsuite>
  <testsuite timestamp="2025-05-04T15:23:16" time="239.841" tests="2" failures="0" errors="0" skipped="0">
    <properties>
      <property name="specId" value="0" />
      <property name="suiteName" value="Create partner US118246" />
      <property name="capabilities" value="chrome.135_0_7049_96.windows" />
      <property name="file" value="file:///D:/a/1/s/test/specs/BTS/create-partner.spec.js" />
    </properties>
    <testcase classname="chrome.135_0_7049_96.windows.Create_partner_US118246" name="Should create new external partner" time="107.896">
      <system-out><![CDATA[
COMMAND: POST /session/9ee8f14f10c6d21a9bd1d789b8b2e24e/window/fullscreen - {}
RESULT: {}
COMMAND: POST /session/9ee8f14f10c6d21a9bd1d789b8b2e24e/execute/async - {"script":"<script> [1562 bytes]","args":[{"selector":{"controlType":"sap.m.GenericTile","properties":{"header":"Manage Partners"}},"wdio_ui5_key":"sapm.GenericTile{\"header\":\"Manage Partners\"}"}]}
RESULT: {"script":"<script> [1562 bytes]","args":[{"selector":{"controlType":"sap.m.GenericTile","properties":{"header":"Manage Partners"}},"wdio_ui5_key":"sapm.GenericTile{\"header\":\"Manage Partners\"}"}]}
RESULT: undefined
COMMAND: POST /session/9ee8f14f10c6d21a9bd1d789b8b2e24e/element - {"using":"xpath","value":"//*[@id=\"__tile38\"]"}
RESULT: {"using":"xpath","value":"//*[@id=\"__tile38\"]"}
COMMAND: POST /session/9ee8f14f10c6d21a9bd1d789b8b2e24e/element/f.F4456A30B5DD81BD5266FF5FFADC42DE.d.98E4203E25B078A90200F3D1F2D18C9C.e.2818/click - {}
RESULT: {}
COMMAND: POST /session/9ee8f14f10c6d21a9bd1d789b8b2e24e/element - {"using":"xpath","value":"//button[@data-kt=\"addButton\"]"}
COMMAND: GET /session/9ee8f14f10c6d21a9bd1d789b8b2e24e/screenshot - {}
RESULT: {"using":"xpath","value":"//button[@data-kt=\"addButton\"]"}
COMMAND: POST /session/9ee8f14f10c6d21a9bd1d789b8b2e24e/elements - {"using":"xpath","value":"//button[@data-kt=\"addButton\"]"}
RESULT: {}
RESULT: {"using":"xpath","value":"//button[@data-kt=\"addButton\"]"}
COMMAND: POST /session/9ee8f14f10c6d21a9bd1d789b8b2e24e/elements - {"using":"xpath","value":"//button[@data-kt=\"addButton\"]"}
RESULT: {"using":"xpath","value":"//button[@data-kt=\"addButton\"]"}
COMMAND: POST /session/9ee8f14f10c6d21a9bd1d789b8b2e24e/elements - {"using":"xpath","value":"//button[@data-kt=\"addButton\"]"}
RESULT: {"using":"xpath","value":"//button[@data-kt=\"addButton\"]"}
COMMAND: POST /session/9ee8f14f10c6d21a9bd1d789b8b2e24e/elements - {"using":"xpath","value":"//button[@data-kt=\"addButton\"]"}
RESULT: {"using":"xpath","value":"//button[@data-kt=\"addButton\"]"}
COMMAND: POST /session/9ee8f14f10c6d21a9bd1d789b8b2e24e/elements - {"using":"xpath","value":"//button[@data-kt=\"addButton\"]"}
RESULT: {"using":"xpath","value":"//button[@data-kt=\"addButton\"]"}
COMMAND: POST /session/9ee8f14f10c6d21a9bd1d789b8b2e24e/elements - {"using":"xpath","value":"//button[@data-kt=\"addButton\"]"}
RESULT: {"using":"xpath","value":"//button[@data-kt=\"addButton\"]"}
COMMAND: POST /session/9ee8f14f10c6d21a9bd1d789b8b2e24e/elements - {"using":"xpath","value":"//button[@data-kt=\"addButton\"]"}
RESULT: {"using":"xpath","value":"//button[@data-kt=\"addButton\"]"}
COMMAND: POST /session/9ee8f14f10c6d21a9bd1d789b8b2e24e/elements - {"using":"xpath","value":"//button[@data-kt=\"addButton\"]"}
RESULT: {"using":"xpath","value":"//button[@data-kt=\"addButton\"]"}
COMMAND: POST /session/9ee8f14f10c6d21a9bd1d789b8b2e24e/elements - {"using":"xpath","value":"//button[@data-kt=\"addButton\"]"}
RESULT: {"using":"xpath","value":"//button[@data-kt=\"addButton\"]"}
COMMAND: POST /session/9ee8f14f10c6d21a9bd1d789b8b2e24e/elements - {"using":"xpath","value":"//button[@data-kt=\"addButton\"]"}
RESULT: {"using":"xpath","value":"//button[@data-kt=\"addButton\"]"}
COMMAND: POST /session/9ee8f14f10c6d21a9bd1d789b8b2e24e/elements - {"using":"xpath","value":"//button[@data-kt=\"addButton\"]"}
RESULT: {"using":"xpath","value":"//button[@data-kt=\"addButton\"]"}
COMMAND: POST /session/9ee8f14f10c6d21a9bd1d789b8b2e24e/elements - {"using":"xpath","value":"//button[@data-kt=\"addButton\"]"}
RESULT: {"using":"xpath","value":"//button[@data-kt=\"addButton\"]"}
COMMAND: POST /session/9ee8f14f10c6d21a9bd1d789b8b2e24e/elements - {"using":"xpath","value":"//button[@data-kt=\"addButton\"]"}
RESULT: {"using":"xpath","value":"//button[@data-kt=\"addButton\"]"}
COMMAND: POST /session/9ee8f14f10c6d21a9bd1d789b8b2e24e/elements - {"using":"xpath","value":"//button[@data-kt=\"addButton\"]"}
RESULT: {"using":"xpath","value":"//button[@data-kt=\"addButton\"]"}
COMMAND: POST /session/9ee8f14f10c6d21a9bd1d789b8b2e24e/elements - {"using":"xpath","value":"//button[@data-kt=\"addButton\"]"}
RESULT: {"using":"xpath","value":"//button[@data-kt=\"addButton\"]"}
COMMAND: POST /session/9ee8f14f10c6d21a9bd1d789b8b2e24e/elements - {"using":"xpath","value":"//button[@data-kt=\"addButton\"]"}
RESULT: {"using":"xpath","value":"//button[@data-kt=\"addButton\"]"}
COMMAND: POST /session/9ee8f14f10c6d21a9bd1d789b8b2e24e/elements - {"using":"xpath","value":"//button[@data-kt=\"addButton\"]"}
RESULT: {"using":"xpath","value":"//button[@data-kt=\"addButton\"]"}
COMMAND: POST /session/9ee8f14f10c6d21a9bd1d789b8b2e24e/elements - {"using":"xpath","value":"//button[@data-kt=\"addButton\"]"}
RESULT: {"using":"xpath","value":"//button[@data-kt=\"addButton\"]"}
COMMAND: POST /session/9ee8f14f10c6d21a9bd1d789b8b2e24e/elements - {"using":"xpath","value":"//button[@data-kt=\"addButton\"]"}
RESULT: {"using":"xpath","value":"//button[@data-kt=\"addButton\"]"}
COMMAND: POST /session/9ee8f14f10c6d21a9bd1d789b8b2e24e/elements - {"using":"xpath","value":"//button[@data-kt=\"addButton\"]"}
RESULT: {"using":"xpath","value":"//button[@data-kt=\"addButton\"]"}
COMMAND: POST /session/9ee8f14f10c6d21a9bd1d789b8b2e24e/elements - {"using":"xpath","value":"//button[@data-kt=\"addButton\"]"}
RESULT: {"using":"xpath","value":"//button[@data-kt=\"addButton\"]"}
COMMAND: POST /session/9ee8f14f10c6d21a9bd1d789b8b2e24e/elements - {"using":"xpath","value":"//button[@data-kt=\"addButton\"]"}
RESULT: {"using":"xpath","value":"//button[@data-kt=\"addButton\"]"}
COMMAND: POST /session/9ee8f14f10c6d21a9bd1d789b8b2e24e/elements - {"using":"xpath","value":"//button[@data-kt=\"addButton\"]"}
RESULT: {"using":"xpath","value":"//button[@data-kt=\"addButton\"]"}
COMMAND: POST /session/9ee8f14f10c6d21a9bd1d789b8b2e24e/elements - {"using":"xpath","value":"//button[@data-kt=\"addButton\"]"}
RESULT: {"using":"xpath","value":"//button[@data-kt=\"addButton\"]"}
COMMAND: POST /session/9ee8f14f10c6d21a9bd1d789b8b2e24e/elements - {"using":"xpath","value":"//button[@data-kt=\"addButton\"]"}
RESULT: {"using":"xpath","value":"//button[@data-kt=\"addButton\"]"}
COMMAND: POST /session/9ee8f14f10c6d21a9bd1d789b8b2e24e/elements - {"using":"xpath","value":"//button[@data-kt=\"addButton\"]"}
RESULT: {"using":"xpath","value":"//button[@data-kt=\"addButton\"]"}
COMMAND: POST /session/9ee8f14f10c6d21a9bd1d789b8b2e24e/elements - {"using":"xpath","value":"//button[@data-kt=\"addButton\"]"}
RESULT: {"using":"xpath","value":"//button[@data-kt=\"addButton\"]"}
COMMAND: POST /session/9ee8f14f10c6d21a9bd1d789b8b2e24e/elements - {"using":"xpath","value":"//button[@data-kt=\"addButton\"]"}
RESULT: {"using":"xpath","value":"//button[@data-kt=\"addButton\"]"}
COMMAND: POST /session/9ee8f14f10c6d21a9bd1d789b8b2e24e/elements - {"using":"xpath","value":"//button[@data-kt=\"addButton\"]"}
RESULT: {"using":"xpath","value":"//button[@data-kt=\"addButton\"]"}
COMMAND: POST /session/9ee8f14f10c6d21a9bd1d789b8b2e24e/elements - {"using":"xpath","value":"//button[@data-kt=\"addButton\"]"}
RESULT: {"using":"xpath","value":"//button[@data-kt=\"addButton\"]"}
COMMAND: POST /session/9ee8f14f10c6d21a9bd1d789b8b2e24e/elements - {"using":"xpath","value":"//button[@data-kt=\"addButton\"]"}
RESULT: {"using":"xpath","value":"//button[@data-kt=\"addButton\"]"}
COMMAND: POST /session/9ee8f14f10c6d21a9bd1d789b8b2e24e/elements - {"using":"xpath","value":"//button[@data-kt=\"addButton\"]"}
RESULT: {"using":"xpath","value":"//button[@data-kt=\"addButton\"]"}
COMMAND: POST /session/9ee8f14f10c6d21a9bd1d789b8b2e24e/elements - {"using":"xpath","value":"//button[@data-kt=\"addButton\"]"}
RESULT: {"using":"xpath","value":"//button[@data-kt=\"addButton\"]"}
COMMAND: POST /session/9ee8f14f10c6d21a9bd1d789b8b2e24e/elements - {"using":"xpath","value":"//button[@data-kt=\"addButton\"]"}
RESULT: {"using":"xpath","value":"//button[@data-kt=\"addButton\"]"}
COMMAND: POST /session/9ee8f14f10c6d21a9bd1d789b8b2e24e/elements - {"using":"xpath","value":"//button[@data-kt=\"addButton\"]"}
RESULT: {"using":"xpath","value":"//button[@data-kt=\"addButton\"]"}
COMMAND: POST /session/9ee8f14f10c6d21a9bd1d789b8b2e24e/elements - {"using":"xpath","value":"//button[@data-kt=\"addButton\"]"}
RESULT: {"using":"xpath","value":"//button[@data-kt=\"addButton\"]"}
COMMAND: POST /session/9ee8f14f10c6d21a9bd1d789b8b2e24e/elements - {"using":"xpath","value":"//button[@data-kt=\"addButton\"]"}
RESULT: {"using":"xpath","value":"//button[@data-kt=\"addButton\"]"}
COMMAND: POST /session/9ee8f14f10c6d21a9bd1d789b8b2e24e/elements - {"using":"xpath","value":"//button[@data-kt=\"addButton\"]"}
RESULT: {"using":"xpath","value":"//button[@data-kt=\"addButton\"]"}
COMMAND: POST /session/9ee8f14f10c6d21a9bd1d789b8b2e24e/elements - {"using":"xpath","value":"//button[@data-kt=\"addButton\"]"}
RESULT: {"using":"xpath","value":"//button[@data-kt=\"addButton\"]"}
COMMAND: POST /session/9ee8f14f10c6d21a9bd1d789b8b2e24e/elements - {"using":"xpath","value":"//button[@data-kt=\"addButton\"]"}
RESULT: {"using":"xpath","value":"//button[@data-kt=\"addButton\"]"}
COMMAND: POST /session/9ee8f14f10c6d21a9bd1d789b8b2e24e/elements - {"using":"xpath","value":"//button[@data-kt=\"addButton\"]"}
RESULT: {"using":"xpath","value":"//button[@data-kt=\"addButton\"]"}
COMMAND: POST /session/9ee8f14f10c6d21a9bd1d789b8b2e24e/elements - {"using":"xpath","value":"//button[@data-kt=\"addButton\"]"}
RESULT: {"using":"xpath","value":"//button[@data-kt=\"addButton\"]"}
COMMAND: POST /session/9ee8f14f10c6d21a9bd1d789b8b2e24e/elements - {"using":"xpath","value":"//button[@data-kt=\"addButton\"]"}
RESULT: {"using":"xpath","value":"//button[@data-kt=\"addButton\"]"}
COMMAND: POST /session/9ee8f14f10c6d21a9bd1d789b8b2e24e/elements - {"using":"xpath","value":"//button[@data-kt=\"addButton\"]"}
RESULT: {"using":"xpath","value":"//button[@data-kt=\"addButton\"]"}
COMMAND: POST /session/9ee8f14f10c6d21a9bd1d789b8b2e24e/elements - {"using":"xpath","value":"//button[@data-kt=\"addButton\"]"}
RESULT: {"using":"xpath","value":"//button[@data-kt=\"addButton\"]"}
COMMAND: POST /session/9ee8f14f10c6d21a9bd1d789b8b2e24e/elements - {"using":"xpath","value":"//button[@data-kt=\"addButton\"]"}
RESULT: {"using":"xpath","value":"//button[@data-kt=\"addButton\"]"}
COMMAND: POST /session/9ee8f14f10c6d21a9bd1d789b8b2e24e/elements - {"using":"xpath","value":"//button[@data-kt=\"addButton\"]"}
RESULT: {"using":"xpath","value":"//button[@data-kt=\"addButton\"]"}
COMMAND: POST /session/9ee8f14f10c6d21a9bd1d789b8b2e24e/elements - {"using":"xpath","value":"//button[@data-kt=\"addButton\"]"}
RESULT: {"using":"xpath","value":"//button[@data-kt=\"addButton\"]"}
COMMAND: POST /session/9ee8f14f10c6d21a9bd1d789b8b2e24e/elements - {"using":"xpath","value":"//button[@data-kt=\"addButton\"]"}
RESULT: {"using":"xpath","value":"//button[@data-kt=\"addButton\"]"}
COMMAND: POST /session/9ee8f14f10c6d21a9bd1d789b8b2e24e/elements - {"using":"xpath","value":"//button[@data-kt=\"addButton\"]"}
RESULT: {"using":"xpath","value":"//button[@data-kt=\"addButton\"]"}
COMMAND: POST /session/9ee8f14f10c6d21a9bd1d789b8b2e24e/elements - {"using":"xpath","value":"//button[@data-kt=\"addButton\"]"}
RESULT: {"using":"xpath","value":"//button[@data-kt=\"addButton\"]"}
COMMAND: POST /session/9ee8f14f10c6d21a9bd1d789b8b2e24e/elements - {"using":"xpath","value":"//button[@data-kt=\"addButton\"]"}
RESULT: {"using":"xpath","value":"//button[@data-kt=\"addButton\"]"}
COMMAND: POST /session/9ee8f14f10c6d21a9bd1d789b8b2e24e/elements - {"using":"xpath","value":"//button[@data-kt=\"addButton\"]"}
RESULT: {"using":"xpath","value":"//button[@data-kt=\"addButton\"]"}
COMMAND: POST /session/9ee8f14f10c6d21a9bd1d789b8b2e24e/elements - {"using":"xpath","value":"//button[@data-kt=\"addButton\"]"}
RESULT: {"using":"xpath","value":"//button[@data-kt=\"addButton\"]"}
COMMAND: POST /session/9ee8f14f10c6d21a9bd1d789b8b2e24e/elements - {"using":"xpath","value":"//button[@data-kt=\"addButton\"]"}
RESULT: {"using":"xpath","value":"//button[@data-kt=\"addButton\"]"}
COMMAND: POST /session/9ee8f14f10c6d21a9bd1d789b8b2e24e/elements - {"using":"xpath","value":"//button[@data-kt=\"addButton\"]"}
RESULT: {"using":"xpath","value":"//button[@data-kt=\"addButton\"]"}
COMMAND: POST /session/9ee8f14f10c6d21a9bd1d789b8b2e24e/elements - {"using":"xpath","value":"//button[@data-kt=\"addButton\"]"}
RESULT: {"using":"xpath","value":"//button[@data-kt=\"addButton\"]"}
COMMAND: POST /session/9ee8f14f10c6d21a9bd1d789b8b2e24e/elements - {"using":"xpath","value":"//button[@data-kt=\"addButton\"]"}
RESULT: {"using":"xpath","value":"//button[@data-kt=\"addButton\"]"}
COMMAND: POST /session/9ee8f14f10c6d21a9bd1d789b8b2e24e/elements - {"using":"xpath","value":"//button[@data-kt=\"addButton\"]"}
RESULT: {"using":"xpath","value":"//button[@data-kt=\"addButton\"]"}
COMMAND: POST /session/9ee8f14f10c6d21a9bd1d789b8b2e24e/elements - {"using":"xpath","value":"//button[@data-kt=\"addButton\"]"}
RESULT: {"using":"xpath","value":"//button[@data-kt=\"addButton\"]"}
COMMAND: POST /session/9ee8f14f10c6d21a9bd1d789b8b2e24e/elements - {"using":"xpath","value":"//button[@data-kt=\"addButton\"]"}
RESULT: {"using":"xpath","value":"//button[@data-kt=\"addButton\"]"}
COMMAND: POST /session/9ee8f14f10c6d21a9bd1d789b8b2e24e/element - {"using":"xpath","value":"//button[@data-kt=\"addButton\"]"}
RESULT: {"using":"xpath","value":"//button[@data-kt=\"addButton\"]"}
COMMAND: POST /session/9ee8f14f10c6d21a9bd1d789b8b2e24e/execute/sync - {"script":"<script> [8489 bytes]","args":[{"element-6066-11e4-a52e-4f735466cecf":"f.F4456A30B5DD81BD5266FF5FFADC42DE.d.98E4203E25B078A90200F3D1F2D18C9C.e.2967","ELEMENT":"f.F4456A30B5DD81BD5266FF5FFADC42DE.d.98E4203E25B078A90200F3D1F2D18C9C.e.2967"}]}
RESULT: {"script":"<script> [8489 bytes]","args":[{"element-6066-11e4-a52e-4f735466cecf":"f.F4456A30B5DD81BD5266FF5FFADC42DE.d.98E4203E25B078A90200F3D1F2D18C9C.e.2967","ELEMENT":"f.F4456A30B5DD81BD5266FF5FFADC42DE.d.98E4203E25B078A90200F3D1F2D18C9C.e.2967"}]}
COMMAND: GET /session/9ee8f14f10c6d21a9bd1d789b8b2e24e/element/f.F4456A30B5DD81BD5266FF5FFADC42DE.d.98E4203E25B078A90200F3D1F2D18C9C.e.2967/enabled - {}
COMMAND: GET /session/9ee8f14f10c6d21a9bd1d789b8b2e24e/screenshot - {}
RESULT: {}
COMMAND: POST /session/9ee8f14f10c6d21a9bd1d789b8b2e24e/execute/sync - {"script":"<script> [8489 bytes]","args":[{"element-6066-11e4-a52e-4f735466cecf":"f.F4456A30B5DD81BD5266FF5FFADC42DE.d.98E4203E25B078A90200F3D1F2D18C9C.e.2967","ELEMENT":"f.F4456A30B5DD81BD5266FF5FFADC42DE.d.98E4203E25B078A90200F3D1F2D18C9C.e.2967"}]}
COMMAND: GET /session/9ee8f14f10c6d21a9bd1d789b8b2e24e/screenshot - {}
RESULT: {}
RESULT: {"script":"<script> [8489 bytes]","args":[{"element-6066-11e4-a52e-4f735466cecf":"f.F4456A30B5DD81BD5266FF5FFADC42DE.d.98E4203E25B078A90200F3D1F2D18C9C.e.2967","ELEMENT":"f.F4456A30B5DD81BD5266FF5FFADC42DE.d.98E4203E25B078A90200F3D1F2D18C9C.e.2967"}]}
COMMAND: POST /session/9ee8f14f10c6d21a9bd1d789b8b2e24e/execute/sync - {"script":"<script> [5351 bytes]","args":[{"element-6066-11e4-a52e-4f735466cecf":"f.F4456A30B5DD81BD5266FF5FFADC42DE.d.98E4203E25B078A90200F3D1F2D18C9C.e.2967","ELEMENT":"f.F4456A30B5DD81BD5266FF5FFADC42DE.d.98E4203E25B078A90200F3D1F2D18C9C.e.2967"}]}
COMMAND: GET /session/9ee8f14f10c6d21a9bd1d789b8b2e24e/screenshot - {}
RESULT: {}
RESULT: {"script":"<script> [5351 bytes]","args":[{"element-6066-11e4-a52e-4f735466cecf":"f.F4456A30B5DD81BD5266FF5FFADC42DE.d.98E4203E25B078A90200F3D1F2D18C9C.e.2967","ELEMENT":"f.F4456A30B5DD81BD5266FF5FFADC42DE.d.98E4203E25B078A90200F3D1F2D18C9C.e.2967"}]}
COMMAND: POST /session/9ee8f14f10c6d21a9bd1d789b8b2e24e/element/f.F4456A30B5DD81BD5266FF5FFADC42DE.d.98E4203E25B078A90200F3D1F2D18C9C.e.2967/click - {}
COMMAND: GET /session/9ee8f14f10c6d21a9bd1d789b8b2e24e/screenshot - {}
RESULT: {}
RESULT: {}
COMMAND: GET /session/9ee8f14f10c6d21a9bd1d789b8b2e24e/screenshot - {}
RESULT: {}
RESULT: {}
COMMAND: POST /session/9ee8f14f10c6d21a9bd1d789b8b2e24e/execute/async - {"script":"<script> [1562 bytes]","args":[{"selector":{"id":"application-managepartners-display-component---NewPartner--addressDetailDetailsName1","interaction":{"idSuffix":"inner"}},"wdio_ui5_key":"applicationmanagepartners-display-component---NewPartner--addressDetailDetailsName1"}]}
RESULT: {"script":"<script> [1562 bytes]","args":[{"selector":{"id":"application-managepartners-display-component---NewPartner--addressDetailDetailsName1","interaction":{"idSuffix":"inner"}},"wdio_ui5_key":"applicationmanagepartners-display-component---NewPartner--addressDetailDetailsName1"}]}
RESULT: undefined
COMMAND: POST /session/9ee8f14f10c6d21a9bd1d789b8b2e24e/execute/async - {"script":"<script> [776 bytes]","args":[{"enterText":"External Partner WDIO","selector":{"id":"application-managepartners-display-component---NewPartner--addressDetailDetailsName1","interaction":{"idSuffix":"inner"}},"clearTextFirst":true,"interactionType":"ENTER_TEXT"}]}
RESULT: {"script":"<script> [776 bytes]","args":[{"enterText":"External Partner WDIO","selector":{"id":"application-managepartners-display-component---NewPartner--addressDetailDetailsName1","interaction":{"idSuffix":"inner"}},"clearTextFirst":true,"interactionType":"ENTER_TEXT"}]}
COMMAND: POST /session/9ee8f14f10c6d21a9bd1d789b8b2e24e/execute/async - {"script":"<script> [1562 bytes]","args":[{"selector":{"id":"application-managepartners-display-component---NewPartner--addressDetailDetailsLanguage-arrow"},"wdio_ui5_key":"applicationmanagepartners-display-component---NewPartner--addressDetailDetailsLanguage-arrow"}]}
RESULT: {"script":"<script> [1562 bytes]","args":[{"selector":{"id":"application-managepartners-display-component---NewPartner--addressDetailDetailsLanguage-arrow"},"wdio_ui5_key":"applicationmanagepartners-display-component---NewPartner--addressDetailDetailsLanguage-arrow"}]}
RESULT: undefined
COMMAND: POST /session/9ee8f14f10c6d21a9bd1d789b8b2e24e/element - {"using":"xpath","value":"//*[@id=\"application-managepartners-display-component---NewPartner--addressDetailDetailsLanguage-arrow\"]"}
RESULT: {"using":"xpath","value":"//*[@id=\"application-managepartners-display-component---NewPartner--addressDetailDetailsLanguage-arrow\"]"}
COMMAND: POST /session/9ee8f14f10c6d21a9bd1d789b8b2e24e/element/f.F4456A30B5DD81BD5266FF5FFADC42DE.d.98E4203E25B078A90200F3D1F2D18C9C.e.3420/click - {}
RESULT: {}
COMMAND: POST /session/9ee8f14f10c6d21a9bd1d789b8b2e24e/element - {"using":"xpath","value":"//span[contains(text(), \"English\")]"}
COMMAND: GET /session/9ee8f14f10c6d21a9bd1d789b8b2e24e/screenshot - {}
RESULT: {"using":"xpath","value":"//span[contains(text(), \"English\")]"}
COMMAND: POST /session/9ee8f14f10c6d21a9bd1d789b8b2e24e/element/f.F4456A30B5DD81BD5266FF5FFADC42DE.d.98E4203E25B078A90200F3D1F2D18C9C.e.3421/click - {}
RESULT: {}
RESULT: {}
COMMAND: GET /session/9ee8f14f10c6d21a9bd1d789b8b2e24e/screenshot - {}
RESULT: {}
COMMAND: POST /session/9ee8f14f10c6d21a9bd1d789b8b2e24e/execute/async - {"script":"<script> [1562 bytes]","args":[{"selector":{"id":"application-managepartners-display-component---NewPartner--addressDetailDetailsCity1","interaction":{"idSuffix":"inner"}},"wdio_ui5_key":"applicationmanagepartners-display-component---NewPartner--addressDetailDetailsCity1"}]}
RESULT: {"script":"<script> [1562 bytes]","args":[{"selector":{"id":"application-managepartners-display-component---NewPartner--addressDetailDetailsCity1","interaction":{"idSuffix":"inner"}},"wdio_ui5_key":"applicationmanagepartners-display-component---NewPartner--addressDetailDetailsCity1"}]}
RESULT: undefined
COMMAND: POST /session/9ee8f14f10c6d21a9bd1d789b8b2e24e/execute/async - {"script":"<script> [776 bytes]","args":[{"enterText":"Rosario","selector":{"id":"application-managepartners-display-component---NewPartner--addressDetailDetailsCity1","interaction":{"idSuffix":"inner"}},"clearTextFirst":true,"interactionType":"ENTER_TEXT"}]}
RESULT: {"script":"<script> [776 bytes]","args":[{"enterText":"Rosario","selector":{"id":"application-managepartners-display-component---NewPartner--addressDetailDetailsCity1","interaction":{"idSuffix":"inner"}},"clearTextFirst":true,"interactionType":"ENTER_TEXT"}]}
COMMAND: POST /session/9ee8f14f10c6d21a9bd1d789b8b2e24e/execute/async - {"script":"<script> [1562 bytes]","args":[{"selector":{"id":"application-managepartners-display-component---NewPartner--addressDetailDetailsCountry-arrow"},"wdio_ui5_key":"applicationmanagepartners-display-component---NewPartner--addressDetailDetailsCountry-arrow"}]}
RESULT: {"script":"<script> [1562 bytes]","args":[{"selector":{"id":"application-managepartners-display-component---NewPartner--addressDetailDetailsCountry-arrow"},"wdio_ui5_key":"applicationmanagepartners-display-component---NewPartner--addressDetailDetailsCountry-arrow"}]}
RESULT: undefined
COMMAND: POST /session/9ee8f14f10c6d21a9bd1d789b8b2e24e/element - {"using":"xpath","value":"//*[@id=\"application-managepartners-display-component---NewPartner--addressDetailDetailsCountry-arrow\"]"}
RESULT: {"using":"xpath","value":"//*[@id=\"application-managepartners-display-component---NewPartner--addressDetailDetailsCountry-arrow\"]"}
COMMAND: POST /session/9ee8f14f10c6d21a9bd1d789b8b2e24e/element/f.F4456A30B5DD81BD5266FF5FFADC42DE.d.98E4203E25B078A90200F3D1F2D18C9C.e.3402/click - {}
RESULT: {}
COMMAND: POST /session/9ee8f14f10c6d21a9bd1d789b8b2e24e/element - {"using":"xpath","value":"//span[contains(text(), \"Argentina\")]"}
COMMAND: GET /session/9ee8f14f10c6d21a9bd1d789b8b2e24e/screenshot - {}
RESULT: {"using":"xpath","value":"//span[contains(text(), \"Argentina\")]"}
COMMAND: POST /session/9ee8f14f10c6d21a9bd1d789b8b2e24e/element/f.F4456A30B5DD81BD5266FF5FFADC42DE.d.98E4203E25B078A90200F3D1F2D18C9C.e.3423/click - {}
RESULT: {}
RESULT: {}
COMMAND: GET /session/9ee8f14f10c6d21a9bd1d789b8b2e24e/screenshot - {}
RESULT: {}
COMMAND: POST /session/9ee8f14f10c6d21a9bd1d789b8b2e24e/element - {"using":"xpath","value":"//bdi[contains(text(), \"Commercial\")]"}
RESULT: {"using":"xpath","value":"//bdi[contains(text(), \"Commercial\")]"}
COMMAND: POST /session/9ee8f14f10c6d21a9bd1d789b8b2e24e/element/f.F4456A30B5DD81BD5266FF5FFADC42DE.d.98E4203E25B078A90200F3D1F2D18C9C.e.3424/click - {}
RESULT: {}
COMMAND: GET /session/9ee8f14f10c6d21a9bd1d789b8b2e24e/screenshot - {}
RESULT: {}
COMMAND: POST /session/9ee8f14f10c6d21a9bd1d789b8b2e24e/execute/async - {"script":"<script> [1562 bytes]","args":[{"selector":{"id":"application-managepartners-display-component---NewPartner--partnerDetailInternal-arrow"},"wdio_ui5_key":"applicationmanagepartners-display-component---NewPartner--partnerDetailInternal-arrow"}]}
RESULT: {"script":"<script> [1562 bytes]","args":[{"selector":{"id":"application-managepartners-display-component---NewPartner--partnerDetailInternal-arrow"},"wdio_ui5_key":"applicationmanagepartners-display-component---NewPartner--partnerDetailInternal-arrow"}]}
RESULT: undefined
COMMAND: POST /session/9ee8f14f10c6d21a9bd1d789b8b2e24e/element - {"using":"xpath","value":"//*[@id=\"application-managepartners-display-component---NewPartner--partnerDetailInternal-arrow\"]"}
RESULT: {"using":"xpath","value":"//*[@id=\"application-managepartners-display-component---NewPartner--partnerDetailInternal-arrow\"]"}
COMMAND: POST /session/9ee8f14f10c6d21a9bd1d789b8b2e24e/element/f.F4456A30B5DD81BD5266FF5FFADC42DE.d.98E4203E25B078A90200F3D1F2D18C9C.e.3430/click - {}
RESULT: {}
COMMAND: POST /session/9ee8f14f10c6d21a9bd1d789b8b2e24e/element - {"using":"xpath","value":"//span[contains(text(), \"External partner\")]"}
COMMAND: GET /session/9ee8f14f10c6d21a9bd1d789b8b2e24e/screenshot - {}
RESULT: {"using":"xpath","value":"//span[contains(text(), \"External partner\")]"}
COMMAND: POST /session/9ee8f14f10c6d21a9bd1d789b8b2e24e/element/f.F4456A30B5DD81BD5266FF5FFADC42DE.d.98E4203E25B078A90200F3D1F2D18C9C.e.3433/click - {}
RESULT: {}
RESULT: {}
COMMAND: POST /session/9ee8f14f10c6d21a9bd1d789b8b2e24e/execute/async - {"script":"<script> [1562 bytes]","args":[{"selector":{"id":"application-managepartners-display-component---NewPartner--partnerDetailsCurrency-arrow"},"wdio_ui5_key":"applicationmanagepartners-display-component---NewPartner--partnerDetailsCurrency-arrow"}]}
COMMAND: GET /session/9ee8f14f10c6d21a9bd1d789b8b2e24e/screenshot - {}
RESULT: {"script":"<script> [1562 bytes]","args":[{"selector":{"id":"application-managepartners-display-component---NewPartner--partnerDetailsCurrency-arrow"},"wdio_ui5_key":"applicationmanagepartners-display-component---NewPartner--partnerDetailsCurrency-arrow"}]}
RESULT: undefined
COMMAND: POST /session/9ee8f14f10c6d21a9bd1d789b8b2e24e/element - {"using":"xpath","value":"//*[@id=\"application-managepartners-display-component---NewPartner--partnerDetailsCurrency-arrow\"]"}
RESULT: {}
RESULT: {"using":"xpath","value":"//*[@id=\"application-managepartners-display-component---NewPartner--partnerDetailsCurrency-arrow\"]"}
COMMAND: POST /session/9ee8f14f10c6d21a9bd1d789b8b2e24e/element/f.F4456A30B5DD81BD5266FF5FFADC42DE.d.98E4203E25B078A90200F3D1F2D18C9C.e.3438/click - {}
RESULT: {}
COMMAND: POST /session/9ee8f14f10c6d21a9bd1d789b8b2e24e/element - {"using":"xpath","value":"//span[contains(text(), \"US Dollar\")]"}
COMMAND: GET /session/9ee8f14f10c6d21a9bd1d789b8b2e24e/screenshot - {}
RESULT: {"using":"xpath","value":"//span[contains(text(), \"US Dollar\")]"}
COMMAND: POST /session/9ee8f14f10c6d21a9bd1d789b8b2e24e/element/f.F4456A30B5DD81BD5266FF5FFADC42DE.d.98E4203E25B078A90200F3D1F2D18C9C.e.3439/click - {}
RESULT: {}
RESULT: {}
COMMAND: GET /session/9ee8f14f10c6d21a9bd1d789b8b2e24e/screenshot - {}
RESULT: {}
COMMAND: POST /session/9ee8f14f10c6d21a9bd1d789b8b2e24e/element - {"using":"xpath","value":"//input[@id=\"application-managepartners-display-component---NewPartner--companyCodeComboBox-inner\"]"}
RESULT: {"using":"xpath","value":"//input[@id=\"application-managepartners-display-component---NewPartner--companyCodeComboBox-inner\"]"}
COMMAND: POST /session/9ee8f14f10c6d21a9bd1d789b8b2e24e/element/f.F4456A30B5DD81BD5266FF5FFADC42DE.d.98E4203E25B078A90200F3D1F2D18C9C.e.3282/clear - {}
RESULT: {}
COMMAND: POST /session/9ee8f14f10c6d21a9bd1d789b8b2e24e/element/f.F4456A30B5DD81BD5266FF5FFADC42DE.d.98E4203E25B078A90200F3D1F2D18C9C.e.3282/value - {"text":"C002"}
COMMAND: GET /session/9ee8f14f10c6d21a9bd1d789b8b2e24e/screenshot - {}
RESULT: {"text":"C002"}
COMMAND: GET /session/9ee8f14f10c6d21a9bd1d789b8b2e24e/screenshot - {}
RESULT: {}
RESULT: {}
COMMAND: POST /session/9ee8f14f10c6d21a9bd1d789b8b2e24e/element - {"using":"xpath","value":"//span[contains(text(), \"C002\")]"}
RESULT: {"using":"xpath","value":"//span[contains(text(), \"C002\")]"}
COMMAND: POST /session/9ee8f14f10c6d21a9bd1d789b8b2e24e/element/f.F4456A30B5DD81BD5266FF5FFADC42DE.d.98E4203E25B078A90200F3D1F2D18C9C.e.3443/click - {}
RESULT: {}
COMMAND: GET /session/9ee8f14f10c6d21a9bd1d789b8b2e24e/screenshot - {}
RESULT: {}
COMMAND: POST /session/9ee8f14f10c6d21a9bd1d789b8b2e24e/execute/async - {"script":"<script> [1562 bytes]","args":[{"selector":{"id":"application-managepartners-display-component---NewPartner--btnAddTableRow-img"},"wdio_ui5_key":"applicationmanagepartners-display-component---NewPartner--btnAddTableRow-img"}]}
RESULT: {"script":"<script> [1562 bytes]","args":[{"selector":{"id":"application-managepartners-display-component---NewPartner--btnAddTableRow-img"},"wdio_ui5_key":"applicationmanagepartners-display-component---NewPartner--btnAddTableRow-img"}]}
RESULT: undefined
COMMAND: POST /session/9ee8f14f10c6d21a9bd1d789b8b2e24e/element - {"using":"xpath","value":"//*[@id=\"application-managepartners-display-component---NewPartner--btnAddTableRow-img\"]"}
RESULT: {"using":"xpath","value":"//*[@id=\"application-managepartners-display-component---NewPartner--btnAddTableRow-img\"]"}
COMMAND: POST /session/9ee8f14f10c6d21a9bd1d789b8b2e24e/element/f.F4456A30B5DD81BD5266FF5FFADC42DE.d.98E4203E25B078A90200F3D1F2D18C9C.e.3444/click - {}
RESULT: {}
COMMAND: GET /session/9ee8f14f10c6d21a9bd1d789b8b2e24e/screenshot - {}
RESULT: {}
COMMAND: POST /session/9ee8f14f10c6d21a9bd1d789b8b2e24e/element - {"using":"xpath","value":"//input[@id=\"application-managepartners-display-component---NewPartner--assignmentYard-application-managepartners-display-component---NewPartner--assignmentsTable-0-inner\"]"}
RESULT: {"using":"xpath","value":"//input[@id=\"application-managepartners-display-component---NewPartner--assignmentYard-application-managepartners-display-component---NewPartner--assignmentsTable-0-inner\"]"}
COMMAND: POST /session/9ee8f14f10c6d21a9bd1d789b8b2e24e/element/f.F4456A30B5DD81BD5266FF5FFADC42DE.d.98E4203E25B078A90200F3D1F2D18C9C.e.3447/clear - {}
RESULT: {}
COMMAND: POST /session/9ee8f14f10c6d21a9bd1d789b8b2e24e/element/f.F4456A30B5DD81BD5266FF5FFADC42DE.d.98E4203E25B078A90200F3D1F2D18C9C.e.3447/value - {"text":"537"}
COMMAND: GET /session/9ee8f14f10c6d21a9bd1d789b8b2e24e/screenshot - {}
RESULT: {"text":"537"}
COMMAND: GET /session/9ee8f14f10c6d21a9bd1d789b8b2e24e/screenshot - {}
RESULT: {}
RESULT: {}
COMMAND: POST /session/9ee8f14f10c6d21a9bd1d789b8b2e24e/element - {"using":"xpath","value":"//li[.//span[text()='537']]"}
RESULT: {"using":"xpath","value":"//li[.//span[text()='537']]"}
COMMAND: POST /session/9ee8f14f10c6d21a9bd1d789b8b2e24e/element/f.F4456A30B5DD81BD5266FF5FFADC42DE.d.98E4203E25B078A90200F3D1F2D18C9C.e.3455/click - {}
RESULT: {}
COMMAND: GET /session/9ee8f14f10c6d21a9bd1d789b8b2e24e/screenshot - {}
RESULT: {}
COMMAND: POST /session/9ee8f14f10c6d21a9bd1d789b8b2e24e/actions - {"actions":[{"id":"action6","type":"key","parameters":{},"actions":[{"type":"keyDown","value":"î€‡"},{"type":"pause","duration":10},{"type":"keyUp","value":"î€‡"}]}]}
RESULT: {"actions":[{"id":"action6","type":"key","parameters":{},"actions":[{"type":"keyDown","value":"î€‡"},{"type":"pause","duration":10},{"type":"keyUp","value":"î€‡"}]}]}
COMMAND: POST /session/9ee8f14f10c6d21a9bd1d789b8b2e24e/element - {"using":"xpath","value":"//td[contains(@id, \"assignmentsTable-0-cell2\")]/div/div"}
COMMAND: GET /session/9ee8f14f10c6d21a9bd1d789b8b2e24e/screenshot - {}
RESULT: {"using":"xpath","value":"//td[contains(@id, \"assignmentsTable-0-cell2\")]/div/div"}
COMMAND: POST /session/9ee8f14f10c6d21a9bd1d789b8b2e24e/element/f.F4456A30B5DD81BD5266FF5FFADC42DE.d.98E4203E25B078A90200F3D1F2D18C9C.e.3458/click - {}
RESULT: {}
RESULT: {}
COMMAND: GET /session/9ee8f14f10c6d21a9bd1d789b8b2e24e/screenshot - {}
RESULT: {}
COMMAND: POST /session/9ee8f14f10c6d21a9bd1d789b8b2e24e/element - {"using":"xpath","value":"//button[@data-kt=\"saveButton\"]"}
RESULT: {"using":"xpath","value":"//button[@data-kt=\"saveButton\"]"}
COMMAND: POST /session/9ee8f14f10c6d21a9bd1d789b8b2e24e/element/f.F4456A30B5DD81BD5266FF5FFADC42DE.d.98E4203E25B078A90200F3D1F2D18C9C.e.3404/click - {}
RESULT: {}
COMMAND: GET /session/9ee8f14f10c6d21a9bd1d789b8b2e24e/screenshot - {}
RESULT: {}
COMMAND: POST /session/9ee8f14f10c6d21a9bd1d789b8b2e24e/element - {"using":"xpath","value":"//header[contains(@id, 'ObjectPageLayout-headerTitle')]/div[1]/div[2]/div[2]/span[1]"}
RESULT: {"using":"xpath","value":"//header[contains(@id, 'ObjectPageLayout-headerTitle')]/div[1]/div[2]/div[2]/span[1]"}
COMMAND: POST /session/9ee8f14f10c6d21a9bd1d789b8b2e24e/elements - {"using":"xpath","value":"//header[contains(@id, 'ObjectPageLayout-headerTitle')]/div[1]/div[2]/div[2]/span[1]"}
RESULT: {"using":"xpath","value":"//header[contains(@id, 'ObjectPageLayout-headerTitle')]/div[1]/div[2]/div[2]/span[1]"}
COMMAND: POST /session/9ee8f14f10c6d21a9bd1d789b8b2e24e/execute/sync - {"script":"<script> [56 bytes]","args":[{"element-6066-11e4-a52e-4f735466cecf":"f.F4456A30B5DD81BD5266FF5FFADC42DE.d.98E4203E25B078A90200F3D1F2D18C9C.e.3619","ELEMENT":"f.F4456A30B5DD81BD5266FF5FFADC42DE.d.98E4203E25B078A90200F3D1F2D18C9C.e.3619"}]}
RESULT: {"script":"<script> [56 bytes]","args":[{"element-6066-11e4-a52e-4f735466cecf":"f.F4456A30B5DD81BD5266FF5FFADC42DE.d.98E4203E25B078A90200F3D1F2D18C9C.e.3619","ELEMENT":"f.F4456A30B5DD81BD5266FF5FFADC42DE.d.98E4203E25B078A90200F3D1F2D18C9C.e.3619"}]}
COMMAND: POST /session/9ee8f14f10c6d21a9bd1d789b8b2e24e/element - {"using":"css selector","value":"#shell-header-logo"}
COMMAND: GET /session/9ee8f14f10c6d21a9bd1d789b8b2e24e/screenshot - {}
RESULT: {"using":"css selector","value":"#shell-header-logo"}
COMMAND: POST /session/9ee8f14f10c6d21a9bd1d789b8b2e24e/element/f.F4456A30B5DD81BD5266FF5FFADC42DE.d.98E4203E25B078A90200F3D1F2D18C9C.e.2932/click - {}
RESULT: {}
RESULT: {}
COMMAND: GET /session/9ee8f14f10c6d21a9bd1d789b8b2e24e/screenshot - {}
RESULT: {}
COMMAND: POST /session/9ee8f14f10c6d21a9bd1d789b8b2e24e/execute/sync - {"script":"<script> [299 bytes]","args":[["getModel","getResource"]]}
RESULT: {"script":"<script> [299 bytes]","args":[["getModel","getResource"]]}
COMMAND: GET /session/9ee8f14f10c6d21a9bd1d789b8b2e24e/screenshot - {}
]]></system-out>
    </testcase>
    <testcase classname="chrome.135_0_7049_96.windows.Create_partner_US118246" name="Should create new external WHM partner" time="79.387">
      <system-out><![CDATA[
COMMAND: POST /session/9ee8f14f10c6d21a9bd1d789b8b2e24e/window/fullscreen - {}
RESULT: {}
RESULT: {}
RESULT: undefined
COMMAND: POST /session/9ee8f14f10c6d21a9bd1d789b8b2e24e/element - {"using":"xpath","value":"//*[@id=\"__tile38\"]"}
RESULT: {"using":"xpath","value":"//*[@id=\"__tile38\"]"}
COMMAND: POST /session/9ee8f14f10c6d21a9bd1d789b8b2e24e/element/f.F4456A30B5DD81BD5266FF5FFADC42DE.d.98E4203E25B078A90200F3D1F2D18C9C.e.2818/click - {}
RESULT: {}
COMMAND: POST /session/9ee8f14f10c6d21a9bd1d789b8b2e24e/element - {"using":"xpath","value":"//button[@data-kt=\"addButton\"]"}
COMMAND: GET /session/9ee8f14f10c6d21a9bd1d789b8b2e24e/screenshot - {}
RESULT: {"using":"xpath","value":"//button[@data-kt=\"addButton\"]"}
COMMAND: POST /session/9ee8f14f10c6d21a9bd1d789b8b2e24e/elements - {"using":"xpath","value":"//button[@data-kt=\"addButton\"]"}
RESULT: {}
RESULT: {"using":"xpath","value":"//button[@data-kt=\"addButton\"]"}
COMMAND: POST /session/9ee8f14f10c6d21a9bd1d789b8b2e24e/elements - {"using":"xpath","value":"//button[@data-kt=\"addButton\"]"}
RESULT: {"using":"xpath","value":"//button[@data-kt=\"addButton\"]"}
COMMAND: POST /session/9ee8f14f10c6d21a9bd1d789b8b2e24e/element - {"using":"xpath","value":"//button[@data-kt=\"addButton\"]"}
RESULT: {"using":"xpath","value":"//button[@data-kt=\"addButton\"]"}
COMMAND: POST /session/9ee8f14f10c6d21a9bd1d789b8b2e24e/execute/sync - {"script":"<script> [8489 bytes]","args":[{"element-6066-11e4-a52e-4f735466cecf":"f.F4456A30B5DD81BD5266FF5FFADC42DE.d.98E4203E25B078A90200F3D1F2D18C9C.e.3655","ELEMENT":"f.F4456A30B5DD81BD5266FF5FFADC42DE.d.98E4203E25B078A90200F3D1F2D18C9C.e.3655"}]}
RESULT: {"script":"<script> [8489 bytes]","args":[{"element-6066-11e4-a52e-4f735466cecf":"f.F4456A30B5DD81BD5266FF5FFADC42DE.d.98E4203E25B078A90200F3D1F2D18C9C.e.3655","ELEMENT":"f.F4456A30B5DD81BD5266FF5FFADC42DE.d.98E4203E25B078A90200F3D1F2D18C9C.e.3655"}]}
COMMAND: GET /session/9ee8f14f10c6d21a9bd1d789b8b2e24e/element/f.F4456A30B5DD81BD5266FF5FFADC42DE.d.98E4203E25B078A90200F3D1F2D18C9C.e.3655/enabled - {}
COMMAND: GET /session/9ee8f14f10c6d21a9bd1d789b8b2e24e/screenshot - {}
RESULT: {}
COMMAND: POST /session/9ee8f14f10c6d21a9bd1d789b8b2e24e/execute/sync - {"script":"<script> [8489 bytes]","args":[{"element-6066-11e4-a52e-4f735466cecf":"f.F4456A30B5DD81BD5266FF5FFADC42DE.d.98E4203E25B078A90200F3D1F2D18C9C.e.3655","ELEMENT":"f.F4456A30B5DD81BD5266FF5FFADC42DE.d.98E4203E25B078A90200F3D1F2D18C9C.e.3655"}]}
COMMAND: GET /session/9ee8f14f10c6d21a9bd1d789b8b2e24e/screenshot - {}
RESULT: {}
RESULT: {"script":"<script> [8489 bytes]","args":[{"element-6066-11e4-a52e-4f735466cecf":"f.F4456A30B5DD81BD5266FF5FFADC42DE.d.98E4203E25B078A90200F3D1F2D18C9C.e.3655","ELEMENT":"f.F4456A30B5DD81BD5266FF5FFADC42DE.d.98E4203E25B078A90200F3D1F2D18C9C.e.3655"}]}
COMMAND: POST /session/9ee8f14f10c6d21a9bd1d789b8b2e24e/execute/sync - {"script":"<script> [5351 bytes]","args":[{"element-6066-11e4-a52e-4f735466cecf":"f.F4456A30B5DD81BD5266FF5FFADC42DE.d.98E4203E25B078A90200F3D1F2D18C9C.e.3655","ELEMENT":"f.F4456A30B5DD81BD5266FF5FFADC42DE.d.98E4203E25B078A90200F3D1F2D18C9C.e.3655"}]}
COMMAND: GET /session/9ee8f14f10c6d21a9bd1d789b8b2e24e/screenshot - {}
RESULT: {}
RESULT: {"script":"<script> [5351 bytes]","args":[{"element-6066-11e4-a52e-4f735466cecf":"f.F4456A30B5DD81BD5266FF5FFADC42DE.d.98E4203E25B078A90200F3D1F2D18C9C.e.3655","ELEMENT":"f.F4456A30B5DD81BD5266FF5FFADC42DE.d.98E4203E25B078A90200F3D1F2D18C9C.e.3655"}]}
COMMAND: POST /session/9ee8f14f10c6d21a9bd1d789b8b2e24e/element/f.F4456A30B5DD81BD5266FF5FFADC42DE.d.98E4203E25B078A90200F3D1F2D18C9C.e.3655/click - {}
COMMAND: GET /session/9ee8f14f10c6d21a9bd1d789b8b2e24e/screenshot - {}
RESULT: {}
RESULT: {}
COMMAND: GET /session/9ee8f14f10c6d21a9bd1d789b8b2e24e/screenshot - {}
RESULT: undefined
COMMAND: POST /session/9ee8f14f10c6d21a9bd1d789b8b2e24e/execute/async - {"script":"<script> [776 bytes]","args":[{"enterText":"WHM Partner WDIO","selector":{"id":"application-managepartners-display-component---NewPartner--addressDetailDetailsName1","interaction":{"idSuffix":"inner"}},"clearTextFirst":true,"interactionType":"ENTER_TEXT"}]}
RESULT: {}
RESULT: {}
RESULT: {"script":"<script> [776 bytes]","args":[{"enterText":"WHM Partner WDIO","selector":{"id":"application-managepartners-display-component---NewPartner--addressDetailDetailsName1","interaction":{"idSuffix":"inner"}},"clearTextFirst":true,"interactionType":"ENTER_TEXT"}]}
RESULT: undefined
COMMAND: POST /session/9ee8f14f10c6d21a9bd1d789b8b2e24e/element - {"using":"xpath","value":"//*[@id=\"application-managepartners-display-component---NewPartner--addressDetailDetailsLanguage-arrow\"]"}
RESULT: {"using":"xpath","value":"//*[@id=\"application-managepartners-display-component---NewPartner--addressDetailDetailsLanguage-arrow\"]"}
COMMAND: POST /session/9ee8f14f10c6d21a9bd1d789b8b2e24e/element/f.F4456A30B5DD81BD5266FF5FFADC42DE.d.98E4203E25B078A90200F3D1F2D18C9C.e.4100/click - {}
RESULT: {}
COMMAND: POST /session/9ee8f14f10c6d21a9bd1d789b8b2e24e/element - {"using":"xpath","value":"//span[contains(text(), \"English\")]"}
COMMAND: GET /session/9ee8f14f10c6d21a9bd1d789b8b2e24e/screenshot - {}
RESULT: {"using":"xpath","value":"//span[contains(text(), \"English\")]"}
COMMAND: POST /session/9ee8f14f10c6d21a9bd1d789b8b2e24e/element/f.F4456A30B5DD81BD5266FF5FFADC42DE.d.98E4203E25B078A90200F3D1F2D18C9C.e.4101/click - {}
RESULT: {}
RESULT: {}
COMMAND: GET /session/9ee8f14f10c6d21a9bd1d789b8b2e24e/screenshot - {}
RESULT: {}
RESULT: undefined
COMMAND: POST /session/9ee8f14f10c6d21a9bd1d789b8b2e24e/execute/async - {"script":"<script> [776 bytes]","args":[{"enterText":"Rosario","selector":{"id":"application-managepartners-display-component---NewPartner--addressDetailDetailsCity1","interaction":{"idSuffix":"inner"}},"clearTextFirst":true,"interactionType":"ENTER_TEXT"}]}
RESULT: {"script":"<script> [776 bytes]","args":[{"enterText":"Rosario","selector":{"id":"application-managepartners-display-component---NewPartner--addressDetailDetailsCity1","interaction":{"idSuffix":"inner"}},"clearTextFirst":true,"interactionType":"ENTER_TEXT"}]}
RESULT: undefined
COMMAND: POST /session/9ee8f14f10c6d21a9bd1d789b8b2e24e/element - {"using":"xpath","value":"//*[@id=\"application-managepartners-display-component---NewPartner--addressDetailDetailsCountry-arrow\"]"}
RESULT: {"using":"xpath","value":"//*[@id=\"application-managepartners-display-component---NewPartner--addressDetailDetailsCountry-arrow\"]"}
COMMAND: POST /session/9ee8f14f10c6d21a9bd1d789b8b2e24e/element/f.F4456A30B5DD81BD5266FF5FFADC42DE.d.98E4203E25B078A90200F3D1F2D18C9C.e.4065/click - {}
RESULT: {}
COMMAND: POST /session/9ee8f14f10c6d21a9bd1d789b8b2e24e/element - {"using":"xpath","value":"//span[contains(text(), \"Argentina\")]"}
COMMAND: GET /session/9ee8f14f10c6d21a9bd1d789b8b2e24e/screenshot - {}
RESULT: {"using":"xpath","value":"//span[contains(text(), \"Argentina\")]"}
COMMAND: POST /session/9ee8f14f10c6d21a9bd1d789b8b2e24e/element/f.F4456A30B5DD81BD5266FF5FFADC42DE.d.98E4203E25B078A90200F3D1F2D18C9C.e.4102/click - {}
RESULT: {}
RESULT: {}
COMMAND: GET /session/9ee8f14f10c6d21a9bd1d789b8b2e24e/screenshot - {}
RESULT: {}
COMMAND: POST /session/9ee8f14f10c6d21a9bd1d789b8b2e24e/element - {"using":"xpath","value":"//bdi[contains(text(), \"Commercial\")]"}
RESULT: {"using":"xpath","value":"//bdi[contains(text(), \"Commercial\")]"}
COMMAND: POST /session/9ee8f14f10c6d21a9bd1d789b8b2e24e/element/f.F4456A30B5DD81BD5266FF5FFADC42DE.d.98E4203E25B078A90200F3D1F2D18C9C.e.4103/click - {}
RESULT: {}
COMMAND: GET /session/9ee8f14f10c6d21a9bd1d789b8b2e24e/screenshot - {}
RESULT: {}
RESULT: undefined
COMMAND: POST /session/9ee8f14f10c6d21a9bd1d789b8b2e24e/element - {"using":"xpath","value":"//*[@id=\"application-managepartners-display-component---NewPartner--partnerDetailInternal-arrow\"]"}
RESULT: {"using":"xpath","value":"//*[@id=\"application-managepartners-display-component---NewPartner--partnerDetailInternal-arrow\"]"}
COMMAND: POST /session/9ee8f14f10c6d21a9bd1d789b8b2e24e/element/f.F4456A30B5DD81BD5266FF5FFADC42DE.d.98E4203E25B078A90200F3D1F2D18C9C.e.4109/click - {}
RESULT: {}
COMMAND: POST /session/9ee8f14f10c6d21a9bd1d789b8b2e24e/element - {"using":"xpath","value":"//span[contains(text(), \"External partner\")]"}
COMMAND: GET /session/9ee8f14f10c6d21a9bd1d789b8b2e24e/screenshot - {}
RESULT: {"using":"xpath","value":"//span[contains(text(), \"External partner\")]"}
COMMAND: POST /session/9ee8f14f10c6d21a9bd1d789b8b2e24e/element/f.F4456A30B5DD81BD5266FF5FFADC42DE.d.98E4203E25B078A90200F3D1F2D18C9C.e.4111/click - {}
RESULT: {}
RESULT: {}
RESULT: undefined
COMMAND: POST /session/9ee8f14f10c6d21a9bd1d789b8b2e24e/element - {"using":"xpath","value":"//*[@id=\"application-managepartners-display-component---NewPartner--partnerDetailsCurrency-arrow\"]"}
COMMAND: GET /session/9ee8f14f10c6d21a9bd1d789b8b2e24e/screenshot - {}
RESULT: {"using":"xpath","value":"//*[@id=\"application-managepartners-display-component---NewPartner--partnerDetailsCurrency-arrow\"]"}
COMMAND: POST /session/9ee8f14f10c6d21a9bd1d789b8b2e24e/element/f.F4456A30B5DD81BD5266FF5FFADC42DE.d.98E4203E25B078A90200F3D1F2D18C9C.e.4116/click - {}
RESULT: {}
RESULT: {}
COMMAND: POST /session/9ee8f14f10c6d21a9bd1d789b8b2e24e/element - {"using":"xpath","value":"//span[contains(text(), \"US Dollar\")]"}
COMMAND: GET /session/9ee8f14f10c6d21a9bd1d789b8b2e24e/screenshot - {}
RESULT: {"using":"xpath","value":"//span[contains(text(), \"US Dollar\")]"}
COMMAND: POST /session/9ee8f14f10c6d21a9bd1d789b8b2e24e/element/f.F4456A30B5DD81BD5266FF5FFADC42DE.d.98E4203E25B078A90200F3D1F2D18C9C.e.4117/click - {}
RESULT: {}
RESULT: {}
COMMAND: GET /session/9ee8f14f10c6d21a9bd1d789b8b2e24e/screenshot - {}
RESULT: {}
COMMAND: POST /session/9ee8f14f10c6d21a9bd1d789b8b2e24e/element - {"using":"xpath","value":"//input[@id=\"application-managepartners-display-component---NewPartner--companyCodeComboBox-inner\"]"}
RESULT: {"using":"xpath","value":"//input[@id=\"application-managepartners-display-component---NewPartner--companyCodeComboBox-inner\"]"}
COMMAND: POST /session/9ee8f14f10c6d21a9bd1d789b8b2e24e/element/f.F4456A30B5DD81BD5266FF5FFADC42DE.d.98E4203E25B078A90200F3D1F2D18C9C.e.3967/clear - {}
RESULT: {}
COMMAND: POST /session/9ee8f14f10c6d21a9bd1d789b8b2e24e/element/f.F4456A30B5DD81BD5266FF5FFADC42DE.d.98E4203E25B078A90200F3D1F2D18C9C.e.3967/value - {"text":"C002"}
COMMAND: GET /session/9ee8f14f10c6d21a9bd1d789b8b2e24e/screenshot - {}
RESULT: {"text":"C002"}
COMMAND: GET /session/9ee8f14f10c6d21a9bd1d789b8b2e24e/screenshot - {}
RESULT: {}
RESULT: {}
COMMAND: POST /session/9ee8f14f10c6d21a9bd1d789b8b2e24e/element - {"using":"xpath","value":"//span[contains(text(), \"C002\")]"}
RESULT: {"using":"xpath","value":"//span[contains(text(), \"C002\")]"}
COMMAND: POST /session/9ee8f14f10c6d21a9bd1d789b8b2e24e/element/f.F4456A30B5DD81BD5266FF5FFADC42DE.d.98E4203E25B078A90200F3D1F2D18C9C.e.4121/click - {}
RESULT: {}
COMMAND: GET /session/9ee8f14f10c6d21a9bd1d789b8b2e24e/screenshot - {}
RESULT: {}
RESULT: undefined
COMMAND: POST /session/9ee8f14f10c6d21a9bd1d789b8b2e24e/element - {"using":"xpath","value":"//*[@id=\"application-managepartners-display-component---NewPartner--btnAddTableRow-img\"]"}
RESULT: {"using":"xpath","value":"//*[@id=\"application-managepartners-display-component---NewPartner--btnAddTableRow-img\"]"}
COMMAND: POST /session/9ee8f14f10c6d21a9bd1d789b8b2e24e/element/f.F4456A30B5DD81BD5266FF5FFADC42DE.d.98E4203E25B078A90200F3D1F2D18C9C.e.4122/click - {}
RESULT: {}
COMMAND: GET /session/9ee8f14f10c6d21a9bd1d789b8b2e24e/screenshot - {}
RESULT: {}
COMMAND: POST /session/9ee8f14f10c6d21a9bd1d789b8b2e24e/element - {"using":"xpath","value":"//input[@id=\"application-managepartners-display-component---NewPartner--assignmentYard-application-managepartners-display-component---NewPartner--assignmentsTable-0-inner\"]"}
RESULT: {"using":"xpath","value":"//input[@id=\"application-managepartners-display-component---NewPartner--assignmentYard-application-managepartners-display-component---NewPartner--assignmentsTable-0-inner\"]"}
COMMAND: POST /session/9ee8f14f10c6d21a9bd1d789b8b2e24e/element/f.F4456A30B5DD81BD5266FF5FFADC42DE.d.98E4203E25B078A90200F3D1F2D18C9C.e.4125/clear - {}
RESULT: {}
COMMAND: POST /session/9ee8f14f10c6d21a9bd1d789b8b2e24e/element/f.F4456A30B5DD81BD5266FF5FFADC42DE.d.98E4203E25B078A90200F3D1F2D18C9C.e.4125/value - {"text":"538"}
COMMAND: GET /session/9ee8f14f10c6d21a9bd1d789b8b2e24e/screenshot - {}
RESULT: {"text":"538"}
COMMAND: GET /session/9ee8f14f10c6d21a9bd1d789b8b2e24e/screenshot - {}
RESULT: {}
RESULT: {}
COMMAND: POST /session/9ee8f14f10c6d21a9bd1d789b8b2e24e/element - {"using":"xpath","value":"//li[.//span[text()='538']]"}
RESULT: {"using":"xpath","value":"//li[.//span[text()='538']]"}
COMMAND: POST /session/9ee8f14f10c6d21a9bd1d789b8b2e24e/element/f.F4456A30B5DD81BD5266FF5FFADC42DE.d.98E4203E25B078A90200F3D1F2D18C9C.e.4133/click - {}
RESULT: {}
COMMAND: GET /session/9ee8f14f10c6d21a9bd1d789b8b2e24e/screenshot - {}
RESULT: {}
COMMAND: POST /session/9ee8f14f10c6d21a9bd1d789b8b2e24e/actions - {"actions":[{"id":"action7","type":"key","parameters":{},"actions":[{"type":"keyDown","value":"î€‡"},{"type":"pause","duration":10},{"type":"keyUp","value":"î€‡"}]}]}
RESULT: {"actions":[{"id":"action7","type":"key","parameters":{},"actions":[{"type":"keyDown","value":"î€‡"},{"type":"pause","duration":10},{"type":"keyUp","value":"î€‡"}]}]}
COMMAND: POST /session/9ee8f14f10c6d21a9bd1d789b8b2e24e/element - {"using":"xpath","value":"//td[contains(@id, \"assignmentsTable-0-cell2\")]/div/div"}
COMMAND: GET /session/9ee8f14f10c6d21a9bd1d789b8b2e24e/screenshot - {}
RESULT: {"using":"xpath","value":"//td[contains(@id, \"assignmentsTable-0-cell2\")]/div/div"}
COMMAND: POST /session/9ee8f14f10c6d21a9bd1d789b8b2e24e/element/f.F4456A30B5DD81BD5266FF5FFADC42DE.d.98E4203E25B078A90200F3D1F2D18C9C.e.4136/click - {}
RESULT: {}
RESULT: {}
COMMAND: GET /session/9ee8f14f10c6d21a9bd1d789b8b2e24e/screenshot - {}
RESULT: {}
COMMAND: POST /session/9ee8f14f10c6d21a9bd1d789b8b2e24e/element - {"using":"xpath","value":"//button[@data-kt=\"saveButton\"]"}
RESULT: {"using":"xpath","value":"//button[@data-kt=\"saveButton\"]"}
COMMAND: POST /session/9ee8f14f10c6d21a9bd1d789b8b2e24e/element/f.F4456A30B5DD81BD5266FF5FFADC42DE.d.98E4203E25B078A90200F3D1F2D18C9C.e.4067/click - {}
RESULT: {}
COMMAND: GET /session/9ee8f14f10c6d21a9bd1d789b8b2e24e/screenshot - {}
RESULT: {}
COMMAND: POST /session/9ee8f14f10c6d21a9bd1d789b8b2e24e/element - {"using":"xpath","value":"//header[contains(@id, 'ObjectPageLayout-headerTitle')]/div[1]/div[2]/div[2]/span[1]"}
RESULT: {"using":"xpath","value":"//header[contains(@id, 'ObjectPageLayout-headerTitle')]/div[1]/div[2]/div[2]/span[1]"}
COMMAND: POST /session/9ee8f14f10c6d21a9bd1d789b8b2e24e/elements - {"using":"xpath","value":"//header[contains(@id, 'ObjectPageLayout-headerTitle')]/div[1]/div[2]/div[2]/span[1]"}
RESULT: {"using":"xpath","value":"//header[contains(@id, 'ObjectPageLayout-headerTitle')]/div[1]/div[2]/div[2]/span[1]"}
COMMAND: POST /session/9ee8f14f10c6d21a9bd1d789b8b2e24e/execute/sync - {"script":"<script> [56 bytes]","args":[{"element-6066-11e4-a52e-4f735466cecf":"f.F4456A30B5DD81BD5266FF5FFADC42DE.d.98E4203E25B078A90200F3D1F2D18C9C.e.4298","ELEMENT":"f.F4456A30B5DD81BD5266FF5FFADC42DE.d.98E4203E25B078A90200F3D1F2D18C9C.e.4298"}]}
RESULT: {"script":"<script> [56 bytes]","args":[{"element-6066-11e4-a52e-4f735466cecf":"f.F4456A30B5DD81BD5266FF5FFADC42DE.d.98E4203E25B078A90200F3D1F2D18C9C.e.4298","ELEMENT":"f.F4456A30B5DD81BD5266FF5FFADC42DE.d.98E4203E25B078A90200F3D1F2D18C9C.e.4298"}]}
COMMAND: POST /session/9ee8f14f10c6d21a9bd1d789b8b2e24e/element - {"using":"css selector","value":"#shell-header-logo"}
COMMAND: GET /session/9ee8f14f10c6d21a9bd1d789b8b2e24e/screenshot - {}
RESULT: {"using":"css selector","value":"#shell-header-logo"}
COMMAND: POST /session/9ee8f14f10c6d21a9bd1d789b8b2e24e/element/f.F4456A30B5DD81BD5266FF5FFADC42DE.d.98E4203E25B078A90200F3D1F2D18C9C.e.3622/click - {}
RESULT: {}
RESULT: {}
COMMAND: GET /session/9ee8f14f10c6d21a9bd1d789b8b2e24e/screenshot - {}
RESULT: {}
COMMAND: POST /session/9ee8f14f10c6d21a9bd1d789b8b2e24e/execute/sync - {"script":"<script> [299 bytes]","args":[["getModel","getResource"]]}
RESULT: {"script":"<script> [299 bytes]","args":[["getModel","getResource"]]}
COMMAND: GET /session/9ee8f14f10c6d21a9bd1d789b8b2e24e/screenshot - {}
COMMAND: POST /session/9ee8f14f10c6d21a9bd1d789b8b2e24e/refresh - {}
RESULT: {}
RESULT: {}
COMMAND: GET /session/9ee8f14f10c6d21a9bd1d789b8b2e24e/screenshot - {}
RESULT: {}
COMMAND: POST /session/9ee8f14f10c6d21a9bd1d789b8b2e24e/refresh - {}
RESULT: {}
COMMAND: GET /session/9ee8f14f10c6d21a9bd1d789b8b2e24e/screenshot - {}
RESULT: {}
COMMAND: POST /session/9ee8f14f10c6d21a9bd1d789b8b2e24e/window/fullscreen - {}
RESULT: {}
COMMAND: POST /session/9ee8f14f10c6d21a9bd1d789b8b2e24e/execute/async - {"script":"<script> [189 bytes]","args":[]}
RESULT: {"script":"<script> [189 bytes]","args":[]}
COMMAND: POST /session/9ee8f14f10c6d21a9bd1d789b8b2e24e/execute/async - {"script":"<script> [123 bytes]","args":[]}
RESULT: {"script":"<script> [123 bytes]","args":[]}
COMMAND: POST /session/9ee8f14f10c6d21a9bd1d789b8b2e24e/timeouts - {"script":"<number>"}
RESULT: {"script":"<number>"}
COMMAND: GET /session/9ee8f14f10c6d21a9bd1d789b8b2e24e/timeouts - {}
RESULT: {}
RESULT: undefined
COMMAND: POST /session/9ee8f14f10c6d21a9bd1d789b8b2e24e/execute/async - {"script":"<script> [2676 bytes]","args":[]}
RESULT: {"script":"<script> [2676 bytes]","args":[]}
COMMAND: POST /session/9ee8f14f10c6d21a9bd1d789b8b2e24e/execute/async - {"script":"<script> [2342 bytes]","args":[{"protocol":"http","hostname":"0.0.0.0","path":"/","capabilities":{"browserName":"chrome","goog:chromeOptions":{"binary":"C:\\Program Files\\Google\\Chrome\\Application\\chrome.exe","args":["--start-maximized"]}},"logLevel":"warn","connectionRetryTimeout":120000,"connectionRetryCount":3,"logLevels":{},"enableDirectConnect":true,"strictSSL":true,"_":"65 more keys: [\"cacheDir\",\"port\",\"requestedCapabilities\",\"automationProtocol\",\"baseUrl\",\"waitforInterval\",\"waitforTimeout\",\"onReload\",\"beforeCommand\",\"afterCommand\",\"rootDir\",\"specs\",\"suites\",\"exclude\",\"groupLogsByTestSpec\",\"excludeDriverLogs\",\"bail\",\"framework\",\"reporters\",\"services\",\"maxInstances\",\"maxInstancesPerCapability\",\"injectGlobals\",\"filesToWatch\",\"execArgv\",\"runnerEnv\",\"runner\",\"shard\",\"specFileRetries\",\"specFileRetriesDelay\",\"specFileRetriesDeferred\",\"reporterSyncInterval\",\"reporterSyncTimeout\",\"cucumberFeaturesWithLineNumbers\",\"autoCompileOpts\",\"mochaOpts\",\"jasmineOpts\",\"cucumberOpts\",\"onPrepare\",\"onWorkerStart\",\"onWorkerEnd\",\"before\",\"beforeSession\",\"beforeSuite\",\"beforeHook\",\"beforeTest\",\"afterTest\",\"afterHook\",\"afterSuite\",\"afterSession\",\"after\",\"onComplete\",\"beforeAssertion\",\"afterAssertion\",\"beforeFeature\",\"beforeScenario\",\"beforeStep\",\"afterStep\",\"afterScenario\",\"afterFeature\",\"_\",\"suite\",\"$0\",\"ignoredWorkerServices\",\"wdi5\"]"}]}
RESULT: {"script":"<script> [2342 bytes]","args":[{"protocol":"http","hostname":"0.0.0.0","path":"/","capabilities":{"browserName":"chrome","goog:chromeOptions":{"binary":"C:\\Program Files\\Google\\Chrome\\Application\\chrome.exe","args":["--start-maximized"]}},"logLevel":"warn","connectionRetryTimeout":120000,"connectionRetryCount":3,"logLevels":{},"enableDirectConnect":true,"strictSSL":true,"_":"65 more keys: [\"cacheDir\",\"port\",\"requestedCapabilities\",\"automationProtocol\",\"baseUrl\",\"waitforInterval\",\"waitforTimeout\",\"onReload\",\"beforeCommand\",\"afterCommand\",\"rootDir\",\"specs\",\"suites\",\"exclude\",\"groupLogsByTestSpec\",\"excludeDriverLogs\",\"bail\",\"framework\",\"reporters\",\"services\",\"maxInstances\",\"maxInstancesPerCapability\",\"injectGlobals\",\"filesToWatch\",\"execArgv\",\"runnerEnv\",\"runner\",\"shard\",\"specFileRetries\",\"specFileRetriesDelay\",\"specFileRetriesDeferred\",\"reporterSyncInterval\",\"reporterSyncTimeout\",\"cucumberFeaturesWithLineNumbers\",\"autoCompileOpts\",\"mochaOpts\",\"jasmineOpts\",\"cucumberOpts\",\"onPrepare\",\"onWorkerStart\",\"onWorkerEnd\",\"before\",\"beforeSession\",\"beforeSuite\",\"beforeHook\",\"beforeTest\",\"afterTest\",\"afterHook\",\"afterSuite\",\"afterSession\",\"after\",\"onComplete\",\"beforeAssertion\",\"afterAssertion\",\"beforeFeature\",\"beforeScenario\",\"beforeStep\",\"afterStep\",\"afterScenario\",\"afterFeature\",\"_\",\"suite\",\"$0\",\"ignoredWorkerServices\",\"wdi5\"]"}]}
COMMAND: POST /session/9ee8f14f10c6d21a9bd1d789b8b2e24e/execute/async - {"script":"<script> [21126 bytes]","args":[35000]}
RESULT: {"script":"<script> [21126 bytes]","args":[35000]}
COMMAND: POST /session/9ee8f14f10c6d21a9bd1d789b8b2e24e/element - {"using":"css selector","value":"#shell-header-logo"}
RESULT: {"using":"css selector","value":"#shell-header-logo"}
COMMAND: POST /session/9ee8f14f10c6d21a9bd1d789b8b2e24e/element/f.F4456A30B5DD81BD5266FF5FFADC42DE.d.69DA912BA95451E2541660337B4599C8.e.4441/click - {}
RESULT: {}
COMMAND: GET /session/9ee8f14f10c6d21a9bd1d789b8b2e24e/screenshot - {}
RESULT: {}
COMMAND: POST /session/9ee8f14f10c6d21a9bd1d789b8b2e24e/execute/async - {"script":"<script> [1562 bytes]","args":[{"selector":{"controlType":"sap.m.GenericTile","properties":{"header":"Manage Sites"}},"wdio_ui5_key":"sapm.GenericTile{\"header\":\"Manage Sites\"}"}]}
RESULT: {"script":"<script> [1562 bytes]","args":[{"selector":{"controlType":"sap.m.GenericTile","properties":{"header":"Manage Sites"}},"wdio_ui5_key":"sapm.GenericTile{\"header\":\"Manage Sites\"}"}]}
RESULT: undefined
COMMAND: POST /session/9ee8f14f10c6d21a9bd1d789b8b2e24e/element - {"using":"xpath","value":"//*[@id=\"__tile32\"]"}
RESULT: {"using":"xpath","value":"//*[@id=\"__tile32\"]"}
COMMAND: POST /session/9ee8f14f10c6d21a9bd1d789b8b2e24e/element/f.F4456A30B5DD81BD5266FF5FFADC42DE.d.69DA912BA95451E2541660337B4599C8.e.4370/click - {}
RESULT: {}
]]></system-out>
    </testcase>
  </testsuite>
  <testsuite timestamp="2025-05-04T15:27:16" time="197.797" tests="2" failures="0" errors="0" skipped="0">
    <properties>
      <property name="specId" value="0" />
      <property name="suiteName" value="Create 2 sites US118246" />
      <property name="capabilities" value="chrome.135_0_7049_96.windows" />
      <property name="file" value="file:///D:/a/1/s/test/specs/R2C/create-site.spec.js" />
    </properties>
    <testcase classname="chrome.135_0_7049_96.windows.Create_2_sites_US118246" name="Should create new site" time="91.078">
      <system-out><![CDATA[
COMMAND: GET /session/9ee8f14f10c6d21a9bd1d789b8b2e24e/screenshot - {}
COMMAND: POST /session/9ee8f14f10c6d21a9bd1d789b8b2e24e/execute/async - {"script":"<script> [1562 bytes]","args":[{"selector":{"controlType":"sap.m.Title","viewName":"etm.portal.ui.managesites.view.Master","viewId":"application-managesites-display-component---masterSite","i18NText":{"propertyName":"text","key":"sites"}},"wdio_ui5_key":"etmportal.ui.managesites.view.Mastersap.m.Title{\"propertyName\":\"text\",\"key\":\"sites\"}"}]}
RESULT: {}
RESULT: {"script":"<script> [1562 bytes]","args":[{"selector":{"controlType":"sap.m.Title","viewName":"etm.portal.ui.managesites.view.Master","viewId":"application-managesites-display-component---masterSite","i18NText":{"propertyName":"text","key":"sites"}},"wdio_ui5_key":"etmportal.ui.managesites.view.Mastersap.m.Title{\"propertyName\":\"text\",\"key\":\"sites\"}"}]}
RESULT: undefined
COMMAND: POST /session/9ee8f14f10c6d21a9bd1d789b8b2e24e/execute/async - {"script":"<script> [6424 bytes]","args":[{"element-6066-11e4-a52e-4f735466cecf":"f.F4456A30B5DD81BD5266FF5FFADC42DE.d.69DA912BA95451E2541660337B4599C8.e.4615"},"getText",[]]}
RESULT: {"script":"<script> [6424 bytes]","args":[{"element-6066-11e4-a52e-4f735466cecf":"f.F4456A30B5DD81BD5266FF5FFADC42DE.d.69DA912BA95451E2541660337B4599C8.e.4615"},"getText",[]]}
COMMAND: POST /session/9ee8f14f10c6d21a9bd1d789b8b2e24e/execute/async - {"script":"<script> [1562 bytes]","args":[{"selector":{"controlType":"sap.ui.core.Icon","viewName":"etm.portal.ui.managesites.view.Master","viewId":"application-managesites-display-component---masterSite","properties":{"src":{"regex":{"source":"add"}}}},"wdio_ui5_key":"etmportal.ui.managesites.view.Mastersap.ui.core.Icon{\"src\":{\"regex\":{\"source\":\"add\"}}}"}]}
RESULT: {"script":"<script> [1562 bytes]","args":[{"selector":{"controlType":"sap.ui.core.Icon","viewName":"etm.portal.ui.managesites.view.Master","viewId":"application-managesites-display-component---masterSite","properties":{"src":{"regex":{"source":"add"}}}},"wdio_ui5_key":"etmportal.ui.managesites.view.Mastersap.ui.core.Icon{\"src\":{\"regex\":{\"source\":\"add\"}}}"}]}
RESULT: undefined
COMMAND: POST /session/9ee8f14f10c6d21a9bd1d789b8b2e24e/element - {"using":"xpath","value":"//*[@id=\"__button4-img\"]"}
RESULT: {"using":"xpath","value":"//*[@id=\"__button4-img\"]"}
COMMAND: POST /session/9ee8f14f10c6d21a9bd1d789b8b2e24e/element/f.F4456A30B5DD81BD5266FF5FFADC42DE.d.69DA912BA95451E2541660337B4599C8.e.4491/click - {}
RESULT: {}
COMMAND: POST /session/9ee8f14f10c6d21a9bd1d789b8b2e24e/execute/async - {"script":"<script> [1562 bytes]","args":[{"selector":{"id":"application-managesites-display-component---NewSite--siteId","interaction":{"idSuffix":"inner"}},"wdio_ui5_key":"applicationmanagesites-display-component---NewSite--siteId"}]}
COMMAND: GET /session/9ee8f14f10c6d21a9bd1d789b8b2e24e/screenshot - {}
RESULT: {"script":"<script> [1562 bytes]","args":[{"selector":{"id":"application-managesites-display-component---NewSite--siteId","interaction":{"idSuffix":"inner"}},"wdio_ui5_key":"applicationmanagesites-display-component---NewSite--siteId"}]}
RESULT: undefined
COMMAND: POST /session/9ee8f14f10c6d21a9bd1d789b8b2e24e/execute/async - {"script":"<script> [1562 bytes]","args":[{"selector":{"id":"application-managesites-display-component---NewSite--addressDetailDetailsName1","interaction":{"idSuffix":"inner"}},"wdio_ui5_key":"applicationmanagesites-display-component---NewSite--addressDetailDetailsName1"}]}
RESULT: {}
RESULT: {"script":"<script> [1562 bytes]","args":[{"selector":{"id":"application-managesites-display-component---NewSite--addressDetailDetailsName1","interaction":{"idSuffix":"inner"}},"wdio_ui5_key":"applicationmanagesites-display-component---NewSite--addressDetailDetailsName1"}]}
RESULT: undefined
COMMAND: POST /session/9ee8f14f10c6d21a9bd1d789b8b2e24e/execute/async - {"script":"<script> [776 bytes]","args":[{"enterText":"Webdriver Site 0b6ij","selector":{"id":"application-managesites-display-component---NewSite--addressDetailDetailsName1","interaction":{"idSuffix":"inner"}},"clearTextFirst":true,"interactionType":"ENTER_TEXT"}]}
RESULT: {"script":"<script> [776 bytes]","args":[{"enterText":"Webdriver Site 0b6ij","selector":{"id":"application-managesites-display-component---NewSite--addressDetailDetailsName1","interaction":{"idSuffix":"inner"}},"clearTextFirst":true,"interactionType":"ENTER_TEXT"}]}
COMMAND: POST /session/9ee8f14f10c6d21a9bd1d789b8b2e24e/execute/async - {"script":"<script> [1562 bytes]","args":[{"selector":{"id":"application-managesites-display-component---NewSite--addressDetailDetailsLanguage","interaction":{"idSuffix":"inner"}},"wdio_ui5_key":"applicationmanagesites-display-component---NewSite--addressDetailDetailsLanguage"}]}
RESULT: {"script":"<script> [1562 bytes]","args":[{"selector":{"id":"application-managesites-display-component---NewSite--addressDetailDetailsLanguage","interaction":{"idSuffix":"inner"}},"wdio_ui5_key":"applicationmanagesites-display-component---NewSite--addressDetailDetailsLanguage"}]}
RESULT: undefined
COMMAND: POST /session/9ee8f14f10c6d21a9bd1d789b8b2e24e/execute/async - {"script":"<script> [776 bytes]","args":[{"enterText":"Romanian","selector":{"id":"application-managesites-display-component---NewSite--addressDetailDetailsLanguage","interaction":{"idSuffix":"inner"}},"clearTextFirst":true,"interactionType":"ENTER_TEXT"}]}
RESULT: {"script":"<script> [776 bytes]","args":[{"enterText":"Romanian","selector":{"id":"application-managesites-display-component---NewSite--addressDetailDetailsLanguage","interaction":{"idSuffix":"inner"}},"clearTextFirst":true,"interactionType":"ENTER_TEXT"}]}
COMMAND: POST /session/9ee8f14f10c6d21a9bd1d789b8b2e24e/execute/async - {"script":"<script> [1562 bytes]","args":[{"selector":{"id":"application-managesites-display-component---NewSite--addressDetailDetailsCity1","interaction":{"idSuffix":"inner"}},"wdio_ui5_key":"applicationmanagesites-display-component---NewSite--addressDetailDetailsCity1"}]}
RESULT: {"script":"<script> [1562 bytes]","args":[{"selector":{"id":"application-managesites-display-component---NewSite--addressDetailDetailsCity1","interaction":{"idSuffix":"inner"}},"wdio_ui5_key":"applicationmanagesites-display-component---NewSite--addressDetailDetailsCity1"}]}
RESULT: undefined
COMMAND: POST /session/9ee8f14f10c6d21a9bd1d789b8b2e24e/execute/async - {"script":"<script> [776 bytes]","args":[{"enterText":"Bucharest","selector":{"id":"application-managesites-display-component---NewSite--addressDetailDetailsCity1","interaction":{"idSuffix":"inner"}},"clearTextFirst":true,"interactionType":"ENTER_TEXT"}]}
RESULT: {"script":"<script> [776 bytes]","args":[{"enterText":"Bucharest","selector":{"id":"application-managesites-display-component---NewSite--addressDetailDetailsCity1","interaction":{"idSuffix":"inner"}},"clearTextFirst":true,"interactionType":"ENTER_TEXT"}]}
COMMAND: POST /session/9ee8f14f10c6d21a9bd1d789b8b2e24e/execute/async - {"script":"<script> [1562 bytes]","args":[{"selector":{"id":"application-managesites-display-component---NewSite--addressDetailDetailsCountry","interaction":{"idSuffix":"inner"}},"wdio_ui5_key":"applicationmanagesites-display-component---NewSite--addressDetailDetailsCountry"}]}
RESULT: {"script":"<script> [1562 bytes]","args":[{"selector":{"id":"application-managesites-display-component---NewSite--addressDetailDetailsCountry","interaction":{"idSuffix":"inner"}},"wdio_ui5_key":"applicationmanagesites-display-component---NewSite--addressDetailDetailsCountry"}]}
RESULT: undefined
COMMAND: POST /session/9ee8f14f10c6d21a9bd1d789b8b2e24e/execute/async - {"script":"<script> [776 bytes]","args":[{"enterText":"Romania","selector":{"id":"application-managesites-display-component---NewSite--addressDetailDetailsCountry","interaction":{"idSuffix":"inner"}},"clearTextFirst":true,"interactionType":"ENTER_TEXT"}]}
RESULT: {"script":"<script> [776 bytes]","args":[{"enterText":"Romania","selector":{"id":"application-managesites-display-component---NewSite--addressDetailDetailsCountry","interaction":{"idSuffix":"inner"}},"clearTextFirst":true,"interactionType":"ENTER_TEXT"}]}
COMMAND: POST /session/9ee8f14f10c6d21a9bd1d789b8b2e24e/execute/async - {"script":"<script> [1562 bytes]","args":[{"selector":{"id":"application-managesites-display-component---NewSite--addressDetailDetailsCalendar","interaction":{"idSuffix":"inner"}},"wdio_ui5_key":"applicationmanagesites-display-component---NewSite--addressDetailDetailsCalendar"}]}
RESULT: {"script":"<script> [1562 bytes]","args":[{"selector":{"id":"application-managesites-display-component---NewSite--addressDetailDetailsCalendar","interaction":{"idSuffix":"inner"}},"wdio_ui5_key":"applicationmanagesites-display-component---NewSite--addressDetailDetailsCalendar"}]}
RESULT: undefined
COMMAND: POST /session/9ee8f14f10c6d21a9bd1d789b8b2e24e/execute/async - {"script":"<script> [776 bytes]","args":[{"enterText":"Germany","selector":{"id":"application-managesites-display-component---NewSite--addressDetailDetailsCalendar","interaction":{"idSuffix":"inner"}},"clearTextFirst":true,"interactionType":"ENTER_TEXT"}]}
RESULT: {"script":"<script> [776 bytes]","args":[{"enterText":"Germany","selector":{"id":"application-managesites-display-component---NewSite--addressDetailDetailsCalendar","interaction":{"idSuffix":"inner"}},"clearTextFirst":true,"interactionType":"ENTER_TEXT"}]}
COMMAND: POST /session/9ee8f14f10c6d21a9bd1d789b8b2e24e/execute/async - {"script":"<script> [1562 bytes]","args":[{"selector":{"id":"application-managesites-display-component---NewSite--addressEditDetailsCostObjectCstType-arrow"},"wdio_ui5_key":"applicationmanagesites-display-component---NewSite--addressEditDetailsCostObjectCstType-arrow"}]}
RESULT: {"script":"<script> [1562 bytes]","args":[{"selector":{"id":"application-managesites-display-component---NewSite--addressEditDetailsCostObjectCstType-arrow"},"wdio_ui5_key":"applicationmanagesites-display-component---NewSite--addressEditDetailsCostObjectCstType-arrow"}]}
RESULT: undefined
COMMAND: POST /session/9ee8f14f10c6d21a9bd1d789b8b2e24e/element - {"using":"xpath","value":"//*[@id=\"application-managesites-display-component---NewSite--addressEditDetailsCostObjectCstType-arrow\"]"}
RESULT: {"using":"xpath","value":"//*[@id=\"application-managesites-display-component---NewSite--addressEditDetailsCostObjectCstType-arrow\"]"}
COMMAND: POST /session/9ee8f14f10c6d21a9bd1d789b8b2e24e/element/f.F4456A30B5DD81BD5266FF5FFADC42DE.d.69DA912BA95451E2541660337B4599C8.e.4890/click - {}
RESULT: {}
COMMAND: POST /session/9ee8f14f10c6d21a9bd1d789b8b2e24e/element - {"using":"xpath","value":"//span[contains(text(), \"Work Breakdown Structure\")]"}
COMMAND: GET /session/9ee8f14f10c6d21a9bd1d789b8b2e24e/screenshot - {}
RESULT: {"using":"xpath","value":"//span[contains(text(), \"Work Breakdown Structure\")]"}
COMMAND: POST /session/9ee8f14f10c6d21a9bd1d789b8b2e24e/element/f.F4456A30B5DD81BD5266FF5FFADC42DE.d.69DA912BA95451E2541660337B4599C8.e.4891/click - {}
RESULT: {}
RESULT: {}
COMMAND: GET /session/9ee8f14f10c6d21a9bd1d789b8b2e24e/screenshot - {}
RESULT: {}
COMMAND: POST /session/9ee8f14f10c6d21a9bd1d789b8b2e24e/execute/async - {"script":"<script> [1562 bytes]","args":[{"selector":{"id":"application-managesites-display-component---NewSite--addressNewCostObjectCstID-vhi"},"wdio_ui5_key":"applicationmanagesites-display-component---NewSite--addressNewCostObjectCstID-vhi"}]}
RESULT: {"script":"<script> [1562 bytes]","args":[{"selector":{"id":"application-managesites-display-component---NewSite--addressNewCostObjectCstID-vhi"},"wdio_ui5_key":"applicationmanagesites-display-component---NewSite--addressNewCostObjectCstID-vhi"}]}
RESULT: undefined
COMMAND: POST /session/9ee8f14f10c6d21a9bd1d789b8b2e24e/element - {"using":"xpath","value":"//*[@id=\"application-managesites-display-component---NewSite--addressNewCostObjectCstID-vhi\"]"}
RESULT: {"using":"xpath","value":"//*[@id=\"application-managesites-display-component---NewSite--addressNewCostObjectCstID-vhi\"]"}
COMMAND: POST /session/9ee8f14f10c6d21a9bd1d789b8b2e24e/element/f.F4456A30B5DD81BD5266FF5FFADC42DE.d.69DA912BA95451E2541660337B4599C8.e.4896/click - {}
RESULT: {}
COMMAND: GET /session/9ee8f14f10c6d21a9bd1d789b8b2e24e/screenshot - {}
RESULT: {}
COMMAND: POST /session/9ee8f14f10c6d21a9bd1d789b8b2e24e/execute/async - {"script":"<script> [1562 bytes]","args":[{"selector":{"controlType":"sap.m.SearchField","properties":{"placeholder":"Search"},"searchOpenDialogs":true,"interaction":{"idSuffix":"I"}},"wdio_ui5_key":"sapm.SearchField{\"placeholder\":\"Search\"}"}]}
RESULT: {"script":"<script> [1562 bytes]","args":[{"selector":{"controlType":"sap.m.SearchField","properties":{"placeholder":"Search"},"searchOpenDialogs":true,"interaction":{"idSuffix":"I"}},"wdio_ui5_key":"sapm.SearchField{\"placeholder\":\"Search\"}"}]}
RESULT: undefined
COMMAND: POST /session/9ee8f14f10c6d21a9bd1d789b8b2e24e/execute/async - {"script":"<script> [776 bytes]","args":[{"enterText":"A1-000100-01","selector":{"controlType":"sap.m.SearchField","properties":{"placeholder":"Search"},"searchOpenDialogs":true,"interaction":{"idSuffix":"I"}},"clearTextFirst":true,"interactionType":"ENTER_TEXT"}]}
RESULT: {"script":"<script> [776 bytes]","args":[{"enterText":"A1-000100-01","selector":{"controlType":"sap.m.SearchField","properties":{"placeholder":"Search"},"searchOpenDialogs":true,"interaction":{"idSuffix":"I"}},"clearTextFirst":true,"interactionType":"ENTER_TEXT"}]}
COMMAND: POST /session/9ee8f14f10c6d21a9bd1d789b8b2e24e/actions - {"actions":[{"id":"action8","type":"key","parameters":{},"actions":[{"type":"keyDown","value":"î€‡"},{"type":"pause","duration":10},{"type":"keyUp","value":"î€‡"}]}]}
RESULT: {"actions":[{"id":"action8","type":"key","parameters":{},"actions":[{"type":"keyDown","value":"î€‡"},{"type":"pause","duration":10},{"type":"keyUp","value":"î€‡"}]}]}
COMMAND: GET /session/9ee8f14f10c6d21a9bd1d789b8b2e24e/screenshot - {}
RESULT: {}
COMMAND: POST /session/9ee8f14f10c6d21a9bd1d789b8b2e24e/element - {"using":"xpath","value":"//span[contains(text(), \"Template for ETO-Process\")]"}
RESULT: {"using":"xpath","value":"//span[contains(text(), \"Template for ETO-Process\")]"}
COMMAND: POST /session/9ee8f14f10c6d21a9bd1d789b8b2e24e/element/f.F4456A30B5DD81BD5266FF5FFADC42DE.d.69DA912BA95451E2541660337B4599C8.e.4915/click - {}
RESULT: {}
COMMAND: GET /session/9ee8f14f10c6d21a9bd1d789b8b2e24e/screenshot - {}
RESULT: {}
COMMAND: POST /session/9ee8f14f10c6d21a9bd1d789b8b2e24e/element - {"using":"xpath","value":"//bdi[contains(text(), \"OK\")]"}
RESULT: {"using":"xpath","value":"//bdi[contains(text(), \"OK\")]"}
COMMAND: POST /session/9ee8f14f10c6d21a9bd1d789b8b2e24e/element/f.F4456A30B5DD81BD5266FF5FFADC42DE.d.69DA912BA95451E2541660337B4599C8.e.4916/click - {}
RESULT: {}
COMMAND: GET /session/9ee8f14f10c6d21a9bd1d789b8b2e24e/screenshot - {}
RESULT: {}
COMMAND: POST /session/9ee8f14f10c6d21a9bd1d789b8b2e24e/element - {"using":"xpath","value":"//input[@id=\"application-managesites-display-component---NewSite--addressDetailDetailsYard-inner\"]"}
RESULT: {"using":"xpath","value":"//input[@id=\"application-managesites-display-component---NewSite--addressDetailDetailsYard-inner\"]"}
COMMAND: POST /session/9ee8f14f10c6d21a9bd1d789b8b2e24e/element/f.F4456A30B5DD81BD5266FF5FFADC42DE.d.69DA912BA95451E2541660337B4599C8.e.4676/value - {"text":"537"}
RESULT: {"text":"537"}
COMMAND: GET /session/9ee8f14f10c6d21a9bd1d789b8b2e24e/screenshot - {}
RESULT: {}
COMMAND: POST /session/9ee8f14f10c6d21a9bd1d789b8b2e24e/actions - {"actions":[{"id":"action9","type":"key","parameters":{},"actions":[{"type":"keyDown","value":"î€‡"},{"type":"pause","duration":10},{"type":"keyUp","value":"î€‡"}]}]}
RESULT: {"actions":[{"id":"action9","type":"key","parameters":{},"actions":[{"type":"keyDown","value":"î€‡"},{"type":"pause","duration":10},{"type":"keyUp","value":"î€‡"}]}]}
COMMAND: GET /session/9ee8f14f10c6d21a9bd1d789b8b2e24e/screenshot - {}
RESULT: {}
COMMAND: POST /session/9ee8f14f10c6d21a9bd1d789b8b2e24e/element - {"using":"xpath","value":"//input[@id=\"application-managesites-display-component---NewSite--addressDetailDetailsPartner-inner\"]"}
RESULT: {"using":"xpath","value":"//input[@id=\"application-managesites-display-component---NewSite--addressDetailDetailsPartner-inner\"]"}
COMMAND: POST /session/9ee8f14f10c6d21a9bd1d789b8b2e24e/elements - {"using":"xpath","value":"//input[@id=\"application-managesites-display-component---NewSite--addressDetailDetailsPartner-inner\"]"}
RESULT: {"using":"xpath","value":"//input[@id=\"application-managesites-display-component---NewSite--addressDetailDetailsPartner-inner\"]"}
COMMAND: POST /session/9ee8f14f10c6d21a9bd1d789b8b2e24e/execute/async - {"script":"<script> [1562 bytes]","args":[{"selector":{"controlType":"sap.m.Button","viewName":"etm.portal.ui.managesites.view.NewSmartSite","viewId":"application-managesites-display-component---NewSite","properties":{"text":"Commercial"},"interaction":{"idSuffix":"BDI-content"}},"wdio_ui5_key":"etmportal.ui.managesites.view.NewSmartSitesap.m.Button{\"text\":\"Commercial\"}"}]}
RESULT: {"script":"<script> [1562 bytes]","args":[{"selector":{"controlType":"sap.m.Button","viewName":"etm.portal.ui.managesites.view.NewSmartSite","viewId":"application-managesites-display-component---NewSite","properties":{"text":"Commercial"},"interaction":{"idSuffix":"BDI-content"}},"wdio_ui5_key":"etmportal.ui.managesites.view.NewSmartSitesap.m.Button{\"text\":\"Commercial\"}"}]}
RESULT: undefined
COMMAND: POST /session/9ee8f14f10c6d21a9bd1d789b8b2e24e/element - {"using":"xpath","value":"//*[@id=\"application-managesites-display-component---NewSite--ObjectPageLayout-anchBar-__section5-anchor\"]"}
RESULT: {"using":"xpath","value":"//*[@id=\"application-managesites-display-component---NewSite--ObjectPageLayout-anchBar-__section5-anchor\"]"}
COMMAND: POST /session/9ee8f14f10c6d21a9bd1d789b8b2e24e/element/f.F4456A30B5DD81BD5266FF5FFADC42DE.d.69DA912BA95451E2541660337B4599C8.e.4923/click - {}
RESULT: {}
COMMAND: POST /session/9ee8f14f10c6d21a9bd1d789b8b2e24e/execute/async - {"script":"<script> [1562 bytes]","args":[{"selector":{"controlType":"sap.m.Button","viewName":"etm.portal.ui.managesites.view.NewSmartSite","viewId":"application-managesites-display-component---NewSite","i18NText":{"propertyName":"text","key":"save"},"interaction":{"idSuffix":"BDI-content"}},"wdio_ui5_key":"etmportal.ui.managesites.view.NewSmartSitesap.m.Button{\"propertyName\":\"text\",\"key\":\"save\"}"}]}
COMMAND: GET /session/9ee8f14f10c6d21a9bd1d789b8b2e24e/screenshot - {}
RESULT: {"script":"<script> [1562 bytes]","args":[{"selector":{"controlType":"sap.m.Button","viewName":"etm.portal.ui.managesites.view.NewSmartSite","viewId":"application-managesites-display-component---NewSite","i18NText":{"propertyName":"text","key":"save"},"interaction":{"idSuffix":"BDI-content"}},"wdio_ui5_key":"etmportal.ui.managesites.view.NewSmartSitesap.m.Button{\"propertyName\":\"text\",\"key\":\"save\"}"}]}
RESULT: undefined
COMMAND: POST /session/9ee8f14f10c6d21a9bd1d789b8b2e24e/element - {"using":"xpath","value":"//*[@id=\"__button16\"]"}
RESULT: {}
RESULT: {"using":"xpath","value":"//*[@id=\"__button16\"]"}
COMMAND: POST /session/9ee8f14f10c6d21a9bd1d789b8b2e24e/element/f.F4456A30B5DD81BD5266FF5FFADC42DE.d.69DA912BA95451E2541660337B4599C8.e.4869/click - {}
RESULT: {}
COMMAND: GET /session/9ee8f14f10c6d21a9bd1d789b8b2e24e/screenshot - {}
RESULT: {}
COMMAND: POST /session/9ee8f14f10c6d21a9bd1d789b8b2e24e/execute/async - {"script":"<script> [1562 bytes]","args":[{"selector":{"id":"application-managesites-display-component---detailSite--addressDetailDetailsYardText"},"wdio_ui5_key":"applicationmanagesites-display-component---detailSite--addressDetailDetailsYardText"}]}
RESULT: {"script":"<script> [1562 bytes]","args":[{"selector":{"id":"application-managesites-display-component---detailSite--addressDetailDetailsYardText"},"wdio_ui5_key":"applicationmanagesites-display-component---detailSite--addressDetailDetailsYardText"}]}
RESULT: undefined
COMMAND: POST /session/9ee8f14f10c6d21a9bd1d789b8b2e24e/element - {"using":"xpath","value":"//header/div/div[2]/div[2]/span"}
RESULT: {"using":"xpath","value":"//header/div/div[2]/div[2]/span"}
COMMAND: GET /session/9ee8f14f10c6d21a9bd1d789b8b2e24e/element/f.F4456A30B5DD81BD5266FF5FFADC42DE.d.69DA912BA95451E2541660337B4599C8.e.5136/text - {}
RESULT: {}
COMMAND: POST /session/9ee8f14f10c6d21a9bd1d789b8b2e24e/execute/async - {"script":"<script> [1562 bytes]","args":[{"selector":{"controlType":"sap.m.Label","viewName":"etm.portal.ui.managesites.view.Detail","viewId":"application-managesites-display-component---detailSite","i18NText":{"propertyName":"text","key":"status"}},"wdio_ui5_key":"etmportal.ui.managesites.view.Detailsap.m.Label{\"propertyName\":\"text\",\"key\":\"status\"}"}]}
RESULT: {"script":"<script> [1562 bytes]","args":[{"selector":{"controlType":"sap.m.Label","viewName":"etm.portal.ui.managesites.view.Detail","viewId":"application-managesites-display-component---detailSite","i18NText":{"propertyName":"text","key":"status"}},"wdio_ui5_key":"etmportal.ui.managesites.view.Detailsap.m.Label{\"propertyName\":\"text\",\"key\":\"status\"}"}]}
RESULT: undefined
COMMAND: POST /session/9ee8f14f10c6d21a9bd1d789b8b2e24e/execute/async - {"script":"<script> [6424 bytes]","args":[{"element-6066-11e4-a52e-4f735466cecf":"f.F4456A30B5DD81BD5266FF5FFADC42DE.d.69DA912BA95451E2541660337B4599C8.e.5123"},"getText",[]]}
RESULT: {"script":"<script> [6424 bytes]","args":[{"element-6066-11e4-a52e-4f735466cecf":"f.F4456A30B5DD81BD5266FF5FFADC42DE.d.69DA912BA95451E2541660337B4599C8.e.5123"},"getText",[]]}
]]></system-out>
    </testcase>
    <testcase classname="chrome.135_0_7049_96.windows.Create_2_sites_US118246" name="Should create WHM site" time="56.952">
      <system-out><![CDATA[
RESULT: undefined
COMMAND: POST /session/9ee8f14f10c6d21a9bd1d789b8b2e24e/element - {"using":"xpath","value":"//*[@id=\"__button4-img\"]"}
RESULT: {"using":"xpath","value":"//*[@id=\"__button4-img\"]"}
COMMAND: POST /session/9ee8f14f10c6d21a9bd1d789b8b2e24e/element/f.F4456A30B5DD81BD5266FF5FFADC42DE.d.69DA912BA95451E2541660337B4599C8.e.5137/click - {}
RESULT: {}
COMMAND: GET /session/9ee8f14f10c6d21a9bd1d789b8b2e24e/screenshot - {}
RESULT: {}
RESULT: undefined
COMMAND: POST /session/9ee8f14f10c6d21a9bd1d789b8b2e24e/execute/async - {"script":"<script> [1562 bytes]","args":[{"selector":{"controlType":"sap.m.Button","viewName":"etm.portal.ui.managesites.view.NewSmartSite","viewId":"application-managesites-display-component---NewSite","properties":{"text":"General Information"},"interaction":{"idSuffix":"BDI-content"}},"wdio_ui5_key":"etmportal.ui.managesites.view.NewSmartSitesap.m.Button{\"text\":\"General Information\"}"}]}
RESULT: {"script":"<script> [1562 bytes]","args":[{"selector":{"controlType":"sap.m.Button","viewName":"etm.portal.ui.managesites.view.NewSmartSite","viewId":"application-managesites-display-component---NewSite","properties":{"text":"General Information"},"interaction":{"idSuffix":"BDI-content"}},"wdio_ui5_key":"etmportal.ui.managesites.view.NewSmartSitesap.m.Button{\"text\":\"General Information\"}"}]}
RESULT: undefined
COMMAND: POST /session/9ee8f14f10c6d21a9bd1d789b8b2e24e/element - {"using":"xpath","value":"//*[@id=\"application-managesites-display-component---NewSite--ObjectPageLayout-anchBar-__section3-anchor\"]"}
RESULT: {"using":"xpath","value":"//*[@id=\"application-managesites-display-component---NewSite--ObjectPageLayout-anchBar-__section3-anchor\"]"}
COMMAND: POST /session/9ee8f14f10c6d21a9bd1d789b8b2e24e/element/f.F4456A30B5DD81BD5266FF5FFADC42DE.d.69DA912BA95451E2541660337B4599C8.e.5316/click - {}
RESULT: {}
RESULT: undefined
COMMAND: POST /session/9ee8f14f10c6d21a9bd1d789b8b2e24e/execute/async - {"script":"<script> [776 bytes]","args":[{"enterText":"Webdriver WHM Site tmpgk","selector":{"id":"application-managesites-display-component---NewSite--addressDetailDetailsName1","interaction":{"idSuffix":"inner"}},"clearTextFirst":true,"interactionType":"ENTER_TEXT"}]}
COMMAND: GET /session/9ee8f14f10c6d21a9bd1d789b8b2e24e/screenshot - {}
RESULT: {"script":"<script> [776 bytes]","args":[{"enterText":"Webdriver WHM Site tmpgk","selector":{"id":"application-managesites-display-component---NewSite--addressDetailDetailsName1","interaction":{"idSuffix":"inner"}},"clearTextFirst":true,"interactionType":"ENTER_TEXT"}]}
RESULT: {}
RESULT: undefined
COMMAND: POST /session/9ee8f14f10c6d21a9bd1d789b8b2e24e/execute/async - {"script":"<script> [776 bytes]","args":[{"enterText":"Romanian","selector":{"id":"application-managesites-display-component---NewSite--addressDetailDetailsLanguage","interaction":{"idSuffix":"inner"}},"clearTextFirst":true,"interactionType":"ENTER_TEXT"}]}
RESULT: {"script":"<script> [776 bytes]","args":[{"enterText":"Romanian","selector":{"id":"application-managesites-display-component---NewSite--addressDetailDetailsLanguage","interaction":{"idSuffix":"inner"}},"clearTextFirst":true,"interactionType":"ENTER_TEXT"}]}
COMMAND: POST /session/9ee8f14f10c6d21a9bd1d789b8b2e24e/actions - {"actions":[{"id":"action10","type":"key","parameters":{},"actions":[{"type":"keyDown","value":"î€‡"},{"type":"pause","duration":10},{"type":"keyUp","value":"î€‡"}]}]}
RESULT: {"actions":[{"id":"action10","type":"key","parameters":{},"actions":[{"type":"keyDown","value":"î€‡"},{"type":"pause","duration":10},{"type":"keyUp","value":"î€‡"}]}]}
RESULT: undefined
COMMAND: POST /session/9ee8f14f10c6d21a9bd1d789b8b2e24e/execute/async - {"script":"<script> [776 bytes]","args":[{"enterText":"Bucharest","selector":{"id":"application-managesites-display-component---NewSite--addressDetailDetailsCity1","interaction":{"idSuffix":"inner"}},"clearTextFirst":true,"interactionType":"ENTER_TEXT"}]}
COMMAND: GET /session/9ee8f14f10c6d21a9bd1d789b8b2e24e/screenshot - {}
RESULT: {"script":"<script> [776 bytes]","args":[{"enterText":"Bucharest","selector":{"id":"application-managesites-display-component---NewSite--addressDetailDetailsCity1","interaction":{"idSuffix":"inner"}},"clearTextFirst":true,"interactionType":"ENTER_TEXT"}]}
RESULT: {}
COMMAND: POST /session/9ee8f14f10c6d21a9bd1d789b8b2e24e/actions - {"actions":[{"id":"action11","type":"key","parameters":{},"actions":[{"type":"keyDown","value":"î€‡"},{"type":"pause","duration":10},{"type":"keyUp","value":"î€‡"}]}]}
RESULT: {"actions":[{"id":"action11","type":"key","parameters":{},"actions":[{"type":"keyDown","value":"î€‡"},{"type":"pause","duration":10},{"type":"keyUp","value":"î€‡"}]}]}
RESULT: undefined
COMMAND: POST /session/9ee8f14f10c6d21a9bd1d789b8b2e24e/execute/async - {"script":"<script> [6424 bytes]","args":[{"element-6066-11e4-a52e-4f735466cecf":"f.F4456A30B5DD81BD5266FF5FFADC42DE.d.69DA912BA95451E2541660337B4599C8.e.4665"},"setValue",["Romania"]]}
COMMAND: GET /session/9ee8f14f10c6d21a9bd1d789b8b2e24e/screenshot - {}
COMMAND: POST /session/9ee8f14f10c6d21a9bd1d789b8b2e24e/execute/async - {"script":"<script> [1562 bytes]","args":[{"selector":{"id":"application-managesites-display-component---NewSite--addressDetailDetailsCountry","interaction":{"idSuffix":"inner"}},"wdio_ui5_key":"applicationmanagesites-display-component---NewSite--addressDetailDetailsCountry"}]}
RESULT: {}
RESULT: {"script":"<script> [1562 bytes]","args":[{"selector":{"id":"application-managesites-display-component---NewSite--addressDetailDetailsCountry","interaction":{"idSuffix":"inner"}},"wdio_ui5_key":"applicationmanagesites-display-component---NewSite--addressDetailDetailsCountry"}]}
COMMAND: POST /session/9ee8f14f10c6d21a9bd1d789b8b2e24e/execute/async - {"script":"<script> [6424 bytes]","args":[{"element-6066-11e4-a52e-4f735466cecf":"f.F4456A30B5DD81BD5266FF5FFADC42DE.d.69DA912BA95451E2541660337B4599C8.e.5190"},"setValue",["Romania"]]}
RESULT: {"script":"<script> [6424 bytes]","args":[{"element-6066-11e4-a52e-4f735466cecf":"f.F4456A30B5DD81BD5266FF5FFADC42DE.d.69DA912BA95451E2541660337B4599C8.e.5190"},"setValue",["Romania"]]}
COMMAND: POST /session/9ee8f14f10c6d21a9bd1d789b8b2e24e/actions - {"actions":[{"id":"action12","type":"key","parameters":{},"actions":[{"type":"keyDown","value":"î€‡"},{"type":"pause","duration":10},{"type":"keyUp","value":"î€‡"}]}]}
RESULT: {"actions":[{"id":"action12","type":"key","parameters":{},"actions":[{"type":"keyDown","value":"î€‡"},{"type":"pause","duration":10},{"type":"keyUp","value":"î€‡"}]}]}
RESULT: undefined
COMMAND: POST /session/9ee8f14f10c6d21a9bd1d789b8b2e24e/execute/async - {"script":"<script> [776 bytes]","args":[{"enterText":"Germany","selector":{"id":"application-managesites-display-component---NewSite--addressDetailDetailsCalendar","interaction":{"idSuffix":"inner"}},"clearTextFirst":true,"interactionType":"ENTER_TEXT"}]}
COMMAND: GET /session/9ee8f14f10c6d21a9bd1d789b8b2e24e/screenshot - {}
RESULT: {"script":"<script> [776 bytes]","args":[{"enterText":"Germany","selector":{"id":"application-managesites-display-component---NewSite--addressDetailDetailsCalendar","interaction":{"idSuffix":"inner"}},"clearTextFirst":true,"interactionType":"ENTER_TEXT"}]}
RESULT: {}
COMMAND: POST /session/9ee8f14f10c6d21a9bd1d789b8b2e24e/actions - {"actions":[{"id":"action13","type":"key","parameters":{},"actions":[{"type":"keyDown","value":"î€‡"},{"type":"pause","duration":10},{"type":"keyUp","value":"î€‡"}]}]}
RESULT: {"actions":[{"id":"action13","type":"key","parameters":{},"actions":[{"type":"keyDown","value":"î€‡"},{"type":"pause","duration":10},{"type":"keyUp","value":"î€‡"}]}]}
COMMAND: POST /session/9ee8f14f10c6d21a9bd1d789b8b2e24e/execute/async - {"script":"<script> [1562 bytes]","args":[{"selector":{"id":"application-managesites-display-component---NewSite--addressEditDetailsCostObjectCstType","interaction":{"idSuffix":"inner"}},"wdio_ui5_key":"applicationmanagesites-display-component---NewSite--addressEditDetailsCostObjectCstType"}]}
COMMAND: GET /session/9ee8f14f10c6d21a9bd1d789b8b2e24e/screenshot - {}
RESULT: {"script":"<script> [1562 bytes]","args":[{"selector":{"id":"application-managesites-display-component---NewSite--addressEditDetailsCostObjectCstType","interaction":{"idSuffix":"inner"}},"wdio_ui5_key":"applicationmanagesites-display-component---NewSite--addressEditDetailsCostObjectCstType"}]}
RESULT: undefined
COMMAND: POST /session/9ee8f14f10c6d21a9bd1d789b8b2e24e/execute/async - {"script":"<script> [776 bytes]","args":[{"enterText":"Cost","selector":{"id":"application-managesites-display-component---NewSite--addressEditDetailsCostObjectCstType","interaction":{"idSuffix":"inner"}},"clearTextFirst":true,"interactionType":"ENTER_TEXT"}]}
RESULT: {}
RESULT: {"script":"<script> [776 bytes]","args":[{"enterText":"Cost","selector":{"id":"application-managesites-display-component---NewSite--addressEditDetailsCostObjectCstType","interaction":{"idSuffix":"inner"}},"clearTextFirst":true,"interactionType":"ENTER_TEXT"}]}
COMMAND: POST /session/9ee8f14f10c6d21a9bd1d789b8b2e24e/actions - {"actions":[{"id":"action14","type":"key","parameters":{},"actions":[{"type":"keyDown","value":"î€‡"},{"type":"pause","duration":10},{"type":"keyUp","value":"î€‡"}]}]}
RESULT: {"actions":[{"id":"action14","type":"key","parameters":{},"actions":[{"type":"keyDown","value":"î€‡"},{"type":"pause","duration":10},{"type":"keyUp","value":"î€‡"}]}]}
COMMAND: POST /session/9ee8f14f10c6d21a9bd1d789b8b2e24e/execute/async - {"script":"<script> [1562 bytes]","args":[{"selector":{"id":"application-managesites-display-component---NewSite--addressNewCostObjectCstID","interaction":{"idSuffix":"inner"}},"wdio_ui5_key":"applicationmanagesites-display-component---NewSite--addressNewCostObjectCstID"}]}
COMMAND: GET /session/9ee8f14f10c6d21a9bd1d789b8b2e24e/screenshot - {}
RESULT: {"script":"<script> [1562 bytes]","args":[{"selector":{"id":"application-managesites-display-component---NewSite--addressNewCostObjectCstID","interaction":{"idSuffix":"inner"}},"wdio_ui5_key":"applicationmanagesites-display-component---NewSite--addressNewCostObjectCstID"}]}
RESULT: undefined
COMMAND: POST /session/9ee8f14f10c6d21a9bd1d789b8b2e24e/execute/async - {"script":"<script> [776 bytes]","args":[{"enterText":"1001","selector":{"id":"application-managesites-display-component---NewSite--addressNewCostObjectCstID","interaction":{"idSuffix":"inner"}},"clearTextFirst":true,"interactionType":"ENTER_TEXT"}]}
RESULT: {}
RESULT: {"script":"<script> [776 bytes]","args":[{"enterText":"1001","selector":{"id":"application-managesites-display-component---NewSite--addressNewCostObjectCstID","interaction":{"idSuffix":"inner"}},"clearTextFirst":true,"interactionType":"ENTER_TEXT"}]}
COMMAND: POST /session/9ee8f14f10c6d21a9bd1d789b8b2e24e/actions - {"actions":[{"id":"action15","type":"key","parameters":{},"actions":[{"type":"keyDown","value":"î€‡"},{"type":"pause","duration":10},{"type":"keyUp","value":"î€‡"}]}]}
RESULT: {"actions":[{"id":"action15","type":"key","parameters":{},"actions":[{"type":"keyDown","value":"î€‡"},{"type":"pause","duration":10},{"type":"keyUp","value":"î€‡"}]}]}
COMMAND: POST /session/9ee8f14f10c6d21a9bd1d789b8b2e24e/element - {"using":"xpath","value":"//input[@id=\"application-managesites-display-component---NewSite--addressDetailDetailsYard-inner\"]"}
COMMAND: GET /session/9ee8f14f10c6d21a9bd1d789b8b2e24e/screenshot - {}
RESULT: {"using":"xpath","value":"//input[@id=\"application-managesites-display-component---NewSite--addressDetailDetailsYard-inner\"]"}
COMMAND: POST /session/9ee8f14f10c6d21a9bd1d789b8b2e24e/element/f.F4456A30B5DD81BD5266FF5FFADC42DE.d.69DA912BA95451E2541660337B4599C8.e.5201/value - {"text":"538"}
RESULT: {}
RESULT: {"text":"538"}
COMMAND: GET /session/9ee8f14f10c6d21a9bd1d789b8b2e24e/screenshot - {}
RESULT: {}
COMMAND: POST /session/9ee8f14f10c6d21a9bd1d789b8b2e24e/actions - {"actions":[{"id":"action16","type":"key","parameters":{},"actions":[{"type":"keyDown","value":"î€‡"},{"type":"pause","duration":10},{"type":"keyUp","value":"î€‡"}]}]}
RESULT: {"actions":[{"id":"action16","type":"key","parameters":{},"actions":[{"type":"keyDown","value":"î€‡"},{"type":"pause","duration":10},{"type":"keyUp","value":"î€‡"}]}]}
COMMAND: GET /session/9ee8f14f10c6d21a9bd1d789b8b2e24e/screenshot - {}
RESULT: {}
COMMAND: POST /session/9ee8f14f10c6d21a9bd1d789b8b2e24e/element - {"using":"xpath","value":"//input[@id=\"application-managesites-display-component---NewSite--addressDetailDetailsPartner-inner\"]"}
RESULT: {"using":"xpath","value":"//input[@id=\"application-managesites-display-component---NewSite--addressDetailDetailsPartner-inner\"]"}
COMMAND: POST /session/9ee8f14f10c6d21a9bd1d789b8b2e24e/elements - {"using":"xpath","value":"//input[@id=\"application-managesites-display-component---NewSite--addressDetailDetailsPartner-inner\"]"}
RESULT: {"using":"xpath","value":"//input[@id=\"application-managesites-display-component---NewSite--addressDetailDetailsPartner-inner\"]"}
RESULT: undefined
COMMAND: POST /session/9ee8f14f10c6d21a9bd1d789b8b2e24e/element - {"using":"xpath","value":"//*[@id=\"application-managesites-display-component---NewSite--ObjectPageLayout-anchBar-__section5-anchor\"]"}
RESULT: {"using":"xpath","value":"//*[@id=\"application-managesites-display-component---NewSite--ObjectPageLayout-anchBar-__section5-anchor\"]"}
COMMAND: POST /session/9ee8f14f10c6d21a9bd1d789b8b2e24e/element/f.F4456A30B5DD81BD5266FF5FFADC42DE.d.69DA912BA95451E2541660337B4599C8.e.5323/click - {}
RESULT: {}
COMMAND: POST /session/9ee8f14f10c6d21a9bd1d789b8b2e24e/execute/async - {"script":"<script> [1562 bytes]","args":[{"selector":{"id":"application-managesites-display-component---NewSite--siteWhmCheckBox-label","interaction":{"idSuffix":"bdi"}},"wdio_ui5_key":"applicationmanagesites-display-component---NewSite--siteWhmCheckBox-label"}]}
COMMAND: GET /session/9ee8f14f10c6d21a9bd1d789b8b2e24e/screenshot - {}
RESULT: {"script":"<script> [1562 bytes]","args":[{"selector":{"id":"application-managesites-display-component---NewSite--siteWhmCheckBox-label","interaction":{"idSuffix":"bdi"}},"wdio_ui5_key":"applicationmanagesites-display-component---NewSite--siteWhmCheckBox-label"}]}
RESULT: undefined
COMMAND: POST /session/9ee8f14f10c6d21a9bd1d789b8b2e24e/element - {"using":"xpath","value":"//*[@id=\"application-managesites-display-component---NewSite--siteWhmCheckBox-label\"]"}
RESULT: {}
RESULT: {"using":"xpath","value":"//*[@id=\"application-managesites-display-component---NewSite--siteWhmCheckBox-label\"]"}
COMMAND: POST /session/9ee8f14f10c6d21a9bd1d789b8b2e24e/element/f.F4456A30B5DD81BD5266FF5FFADC42DE.d.69DA912BA95451E2541660337B4599C8.e.5327/click - {}
RESULT: {}
RESULT: undefined
COMMAND: POST /session/9ee8f14f10c6d21a9bd1d789b8b2e24e/element - {"using":"xpath","value":"//*[@id=\"__button16\"]"}
COMMAND: GET /session/9ee8f14f10c6d21a9bd1d789b8b2e24e/screenshot - {}
RESULT: {"using":"xpath","value":"//*[@id=\"__button16\"]"}
COMMAND: POST /session/9ee8f14f10c6d21a9bd1d789b8b2e24e/element/f.F4456A30B5DD81BD5266FF5FFADC42DE.d.69DA912BA95451E2541660337B4599C8.e.5328/click - {}
RESULT: {}
RESULT: {}
COMMAND: GET /session/9ee8f14f10c6d21a9bd1d789b8b2e24e/screenshot - {}
COMMAND: POST /session/9ee8f14f10c6d21a9bd1d789b8b2e24e/element - {"using":"xpath","value":"//header/div/div[2]/div[2]/span"}
RESULT: {}
RESULT: {"using":"xpath","value":"//header/div/div[2]/div[2]/span"}
COMMAND: GET /session/9ee8f14f10c6d21a9bd1d789b8b2e24e/element/f.F4456A30B5DD81BD5266FF5FFADC42DE.d.69DA912BA95451E2541660337B4599C8.e.5525/text - {}
RESULT: {}
RESULT: undefined
RESULT: undefined
COMMAND: POST /session/9ee8f14f10c6d21a9bd1d789b8b2e24e/execute/async - {"script":"<script> [6424 bytes]","args":[{"element-6066-11e4-a52e-4f735466cecf":"f.F4456A30B5DD81BD5266FF5FFADC42DE.d.69DA912BA95451E2541660337B4599C8.e.5123"},"getText",[]]}
COMMAND: POST /session/9ee8f14f10c6d21a9bd1d789b8b2e24e/execute/async - {"script":"<script> [1562 bytes]","args":[{"selector":{"controlType":"sap.m.Label","viewName":"etm.portal.ui.managesites.view.Detail","viewId":"application-managesites-display-component---detailSite","i18NText":{"propertyName":"text","key":"status"}},"wdio_ui5_key":"etmportal.ui.managesites.view.Detailsap.m.Label{\"propertyName\":\"text\",\"key\":\"status\"}"}]}
RESULT: {"script":"<script> [1562 bytes]","args":[{"selector":{"controlType":"sap.m.Label","viewName":"etm.portal.ui.managesites.view.Detail","viewId":"application-managesites-display-component---detailSite","i18NText":{"propertyName":"text","key":"status"}},"wdio_ui5_key":"etmportal.ui.managesites.view.Detailsap.m.Label{\"propertyName\":\"text\",\"key\":\"status\"}"}]}
COMMAND: POST /session/9ee8f14f10c6d21a9bd1d789b8b2e24e/execute/async - {"script":"<script> [6424 bytes]","args":[{"element-6066-11e4-a52e-4f735466cecf":"f.F4456A30B5DD81BD5266FF5FFADC42DE.d.69DA912BA95451E2541660337B4599C8.e.5515"},"getText",[]]}
RESULT: {"script":"<script> [6424 bytes]","args":[{"element-6066-11e4-a52e-4f735466cecf":"f.F4456A30B5DD81BD5266FF5FFADC42DE.d.69DA912BA95451E2541660337B4599C8.e.5515"},"getText",[]]}
COMMAND: POST /session/9ee8f14f10c6d21a9bd1d789b8b2e24e/execute/async - {"script":"<script> [1562 bytes]","args":[{"selector":{"id":"shell-header","interaction":{"idSuffix":"icon"}},"wdio_ui5_key":"shellheader"}]}
RESULT: {"script":"<script> [1562 bytes]","args":[{"selector":{"id":"shell-header","interaction":{"idSuffix":"icon"}},"wdio_ui5_key":"shellheader"}]}
RESULT: undefined
COMMAND: POST /session/9ee8f14f10c6d21a9bd1d789b8b2e24e/element - {"using":"xpath","value":"//*[@id=\"shell-header\"]"}
RESULT: {"using":"xpath","value":"//*[@id=\"shell-header\"]"}
COMMAND: POST /session/9ee8f14f10c6d21a9bd1d789b8b2e24e/element/f.F4456A30B5DD81BD5266FF5FFADC42DE.d.69DA912BA95451E2541660337B4599C8.e.5526/click - {}
RESULT: {}
COMMAND: GET /session/9ee8f14f10c6d21a9bd1d789b8b2e24e/screenshot - {}
COMMAND: POST /session/9ee8f14f10c6d21a9bd1d789b8b2e24e/refresh - {}
RESULT: {}
RESULT: {}
COMMAND: GET /session/9ee8f14f10c6d21a9bd1d789b8b2e24e/screenshot - {}
RESULT: {}
COMMAND: POST /session/9ee8f14f10c6d21a9bd1d789b8b2e24e/refresh - {}
RESULT: {}
COMMAND: GET /session/9ee8f14f10c6d21a9bd1d789b8b2e24e/screenshot - {}
RESULT: {}
COMMAND: POST /session/9ee8f14f10c6d21a9bd1d789b8b2e24e/window/fullscreen - {}
RESULT: {}
COMMAND: POST /session/9ee8f14f10c6d21a9bd1d789b8b2e24e/execute/async - {"script":"<script> [189 bytes]","args":[]}
RESULT: {"script":"<script> [189 bytes]","args":[]}
COMMAND: POST /session/9ee8f14f10c6d21a9bd1d789b8b2e24e/execute/async - {"script":"<script> [123 bytes]","args":[]}
RESULT: {"script":"<script> [123 bytes]","args":[]}
COMMAND: POST /session/9ee8f14f10c6d21a9bd1d789b8b2e24e/timeouts - {"script":"<number>"}
RESULT: {"script":"<number>"}
COMMAND: GET /session/9ee8f14f10c6d21a9bd1d789b8b2e24e/timeouts - {}
RESULT: {}
RESULT: undefined
COMMAND: POST /session/9ee8f14f10c6d21a9bd1d789b8b2e24e/execute/async - {"script":"<script> [2676 bytes]","args":[]}
RESULT: {"script":"<script> [2676 bytes]","args":[]}
COMMAND: POST /session/9ee8f14f10c6d21a9bd1d789b8b2e24e/execute/async - {"script":"<script> [2342 bytes]","args":[{"protocol":"http","hostname":"0.0.0.0","path":"/","capabilities":{"browserName":"chrome","goog:chromeOptions":{"binary":"C:\\Program Files\\Google\\Chrome\\Application\\chrome.exe","args":["--start-maximized"]}},"logLevel":"warn","connectionRetryTimeout":120000,"connectionRetryCount":3,"logLevels":{},"enableDirectConnect":true,"strictSSL":true,"_":"65 more keys: [\"cacheDir\",\"port\",\"requestedCapabilities\",\"automationProtocol\",\"baseUrl\",\"waitforInterval\",\"waitforTimeout\",\"onReload\",\"beforeCommand\",\"afterCommand\",\"rootDir\",\"specs\",\"suites\",\"exclude\",\"groupLogsByTestSpec\",\"excludeDriverLogs\",\"bail\",\"framework\",\"reporters\",\"services\",\"maxInstances\",\"maxInstancesPerCapability\",\"injectGlobals\",\"filesToWatch\",\"execArgv\",\"runnerEnv\",\"runner\",\"shard\",\"specFileRetries\",\"specFileRetriesDelay\",\"specFileRetriesDeferred\",\"reporterSyncInterval\",\"reporterSyncTimeout\",\"cucumberFeaturesWithLineNumbers\",\"autoCompileOpts\",\"mochaOpts\",\"jasmineOpts\",\"cucumberOpts\",\"onPrepare\",\"onWorkerStart\",\"onWorkerEnd\",\"before\",\"beforeSession\",\"beforeSuite\",\"beforeHook\",\"beforeTest\",\"afterTest\",\"afterHook\",\"afterSuite\",\"afterSession\",\"after\",\"onComplete\",\"beforeAssertion\",\"afterAssertion\",\"beforeFeature\",\"beforeScenario\",\"beforeStep\",\"afterStep\",\"afterScenario\",\"afterFeature\",\"_\",\"suite\",\"$0\",\"ignoredWorkerServices\",\"wdi5\"]"}]}
RESULT: {"script":"<script> [2342 bytes]","args":[{"protocol":"http","hostname":"0.0.0.0","path":"/","capabilities":{"browserName":"chrome","goog:chromeOptions":{"binary":"C:\\Program Files\\Google\\Chrome\\Application\\chrome.exe","args":["--start-maximized"]}},"logLevel":"warn","connectionRetryTimeout":120000,"connectionRetryCount":3,"logLevels":{},"enableDirectConnect":true,"strictSSL":true,"_":"65 more keys: [\"cacheDir\",\"port\",\"requestedCapabilities\",\"automationProtocol\",\"baseUrl\",\"waitforInterval\",\"waitforTimeout\",\"onReload\",\"beforeCommand\",\"afterCommand\",\"rootDir\",\"specs\",\"suites\",\"exclude\",\"groupLogsByTestSpec\",\"excludeDriverLogs\",\"bail\",\"framework\",\"reporters\",\"services\",\"maxInstances\",\"maxInstancesPerCapability\",\"injectGlobals\",\"filesToWatch\",\"execArgv\",\"runnerEnv\",\"runner\",\"shard\",\"specFileRetries\",\"specFileRetriesDelay\",\"specFileRetriesDeferred\",\"reporterSyncInterval\",\"reporterSyncTimeout\",\"cucumberFeaturesWithLineNumbers\",\"autoCompileOpts\",\"mochaOpts\",\"jasmineOpts\",\"cucumberOpts\",\"onPrepare\",\"onWorkerStart\",\"onWorkerEnd\",\"before\",\"beforeSession\",\"beforeSuite\",\"beforeHook\",\"beforeTest\",\"afterTest\",\"afterHook\",\"afterSuite\",\"afterSession\",\"after\",\"onComplete\",\"beforeAssertion\",\"afterAssertion\",\"beforeFeature\",\"beforeScenario\",\"beforeStep\",\"afterStep\",\"afterScenario\",\"afterFeature\",\"_\",\"suite\",\"$0\",\"ignoredWorkerServices\",\"wdi5\"]"}]}
COMMAND: POST /session/9ee8f14f10c6d21a9bd1d789b8b2e24e/execute/async - {"script":"<script> [21126 bytes]","args":[35000]}
RESULT: {"script":"<script> [21126 bytes]","args":[35000]}
COMMAND: POST /session/9ee8f14f10c6d21a9bd1d789b8b2e24e/element - {"using":"css selector","value":"#j_username"}
COMMAND: POST /session/9ee8f14f10c6d21a9bd1d789b8b2e24e/url - {"url":"https://qa-testing-00-live-etm-ui.cfapps.eu10-004.hana.ondemand.com/"}
RESULT: {"using":"css selector","value":"#j_username"}
COMMAND: POST /session/9ee8f14f10c6d21a9bd1d789b8b2e24e/element - {"using":"css selector","value":"#j_username"}
RESULT: {"url":"https://qa-testing-00-live-etm-ui.cfapps.eu10-004.hana.ondemand.com/"}
RESULT: undefined
COMMAND: GET /session/9ee8f14f10c6d21a9bd1d789b8b2e24e/screenshot - {}
RESULT: {"using":"css selector","value":"#j_username"}
COMMAND: POST /session/9ee8f14f10c6d21a9bd1d789b8b2e24e/element - {"using":"css selector","value":"#shell-header-logo"}
RESULT: {}
RESULT: {"using":"css selector","value":"#shell-header-logo"}
COMMAND: POST /session/9ee8f14f10c6d21a9bd1d789b8b2e24e/execute/sync - {"script":"<script> [8489 bytes]","args":[{"element-6066-11e4-a52e-4f735466cecf":"f.F4456A30B5DD81BD5266FF5FFADC42DE.d.9891AE4FDDC654A50A4CB2D7B24BFC4A.e.5807","ELEMENT":"f.F4456A30B5DD81BD5266FF5FFADC42DE.d.9891AE4FDDC654A50A4CB2D7B24BFC4A.e.5807"}]}
RESULT: {"script":"<script> [8489 bytes]","args":[{"element-6066-11e4-a52e-4f735466cecf":"f.F4456A30B5DD81BD5266FF5FFADC42DE.d.9891AE4FDDC654A50A4CB2D7B24BFC4A.e.5807","ELEMENT":"f.F4456A30B5DD81BD5266FF5FFADC42DE.d.9891AE4FDDC654A50A4CB2D7B24BFC4A.e.5807"}]}
COMMAND: POST /session/9ee8f14f10c6d21a9bd1d789b8b2e24e/element - {"using":"css selector","value":"#shell-header-logo"}
COMMAND: GET /session/9ee8f14f10c6d21a9bd1d789b8b2e24e/screenshot - {}
RESULT: {"using":"css selector","value":"#shell-header-logo"}
COMMAND: POST /session/9ee8f14f10c6d21a9bd1d789b8b2e24e/execute/sync - {"script":"<script> [8489 bytes]","args":[{"element-6066-11e4-a52e-4f735466cecf":"f.F4456A30B5DD81BD5266FF5FFADC42DE.d.9891AE4FDDC654A50A4CB2D7B24BFC4A.e.5807","ELEMENT":"f.F4456A30B5DD81BD5266FF5FFADC42DE.d.9891AE4FDDC654A50A4CB2D7B24BFC4A.e.5807"}]}
RESULT: {}
RESULT: {"script":"<script> [8489 bytes]","args":[{"element-6066-11e4-a52e-4f735466cecf":"f.F4456A30B5DD81BD5266FF5FFADC42DE.d.9891AE4FDDC654A50A4CB2D7B24BFC4A.e.5807","ELEMENT":"f.F4456A30B5DD81BD5266FF5FFADC42DE.d.9891AE4FDDC654A50A4CB2D7B24BFC4A.e.5807"}]}
COMMAND: POST /session/9ee8f14f10c6d21a9bd1d789b8b2e24e/execute/sync - {"script":"<script> [5351 bytes]","args":[{"element-6066-11e4-a52e-4f735466cecf":"f.F4456A30B5DD81BD5266FF5FFADC42DE.d.9891AE4FDDC654A50A4CB2D7B24BFC4A.e.5807","ELEMENT":"f.F4456A30B5DD81BD5266FF5FFADC42DE.d.9891AE4FDDC654A50A4CB2D7B24BFC4A.e.5807"}]}
COMMAND: GET /session/9ee8f14f10c6d21a9bd1d789b8b2e24e/screenshot - {}
RESULT: {"script":"<script> [5351 bytes]","args":[{"element-6066-11e4-a52e-4f735466cecf":"f.F4456A30B5DD81BD5266FF5FFADC42DE.d.9891AE4FDDC654A50A4CB2D7B24BFC4A.e.5807","ELEMENT":"f.F4456A30B5DD81BD5266FF5FFADC42DE.d.9891AE4FDDC654A50A4CB2D7B24BFC4A.e.5807"}]}
COMMAND: POST /session/9ee8f14f10c6d21a9bd1d789b8b2e24e/element - {"using":"css selector","value":"#shell-header-logo"}
COMMAND: GET /session/9ee8f14f10c6d21a9bd1d789b8b2e24e/screenshot - {}
RESULT: {}
RESULT: {"using":"css selector","value":"#shell-header-logo"}
COMMAND: POST /session/9ee8f14f10c6d21a9bd1d789b8b2e24e/element/f.F4456A30B5DD81BD5266FF5FFADC42DE.d.9891AE4FDDC654A50A4CB2D7B24BFC4A.e.5807/click - {}
RESULT: {}
RESULT: {}
COMMAND: GET /session/9ee8f14f10c6d21a9bd1d789b8b2e24e/screenshot - {}
RESULT: {}
COMMAND: POST /session/9ee8f14f10c6d21a9bd1d789b8b2e24e/execute/async - {"script":"<script> [189 bytes]","args":[]}
RESULT: {"script":"<script> [189 bytes]","args":[]}
COMMAND: POST /session/9ee8f14f10c6d21a9bd1d789b8b2e24e/execute/async - {"script":"<script> [123 bytes]","args":[]}
RESULT: {"script":"<script> [123 bytes]","args":[]}
COMMAND: POST /session/9ee8f14f10c6d21a9bd1d789b8b2e24e/timeouts - {"script":"<number>"}
RESULT: {"script":"<number>"}
COMMAND: GET /session/9ee8f14f10c6d21a9bd1d789b8b2e24e/timeouts - {}
RESULT: {}
RESULT: undefined
COMMAND: POST /session/9ee8f14f10c6d21a9bd1d789b8b2e24e/execute/async - {"script":"<script> [2676 bytes]","args":[]}
RESULT: {"script":"<script> [2676 bytes]","args":[]}
COMMAND: POST /session/9ee8f14f10c6d21a9bd1d789b8b2e24e/execute/async - {"script":"<script> [2342 bytes]","args":[{"protocol":"http","hostname":"0.0.0.0","path":"/","capabilities":{"browserName":"chrome","goog:chromeOptions":{"binary":"C:\\Program Files\\Google\\Chrome\\Application\\chrome.exe","args":["--start-maximized"]}},"logLevel":"warn","connectionRetryTimeout":120000,"connectionRetryCount":3,"logLevels":{},"enableDirectConnect":true,"strictSSL":true,"_":"65 more keys: [\"cacheDir\",\"port\",\"requestedCapabilities\",\"automationProtocol\",\"baseUrl\",\"waitforInterval\",\"waitforTimeout\",\"onReload\",\"beforeCommand\",\"afterCommand\",\"rootDir\",\"specs\",\"suites\",\"exclude\",\"groupLogsByTestSpec\",\"excludeDriverLogs\",\"bail\",\"framework\",\"reporters\",\"services\",\"maxInstances\",\"maxInstancesPerCapability\",\"injectGlobals\",\"filesToWatch\",\"execArgv\",\"runnerEnv\",\"runner\",\"shard\",\"specFileRetries\",\"specFileRetriesDelay\",\"specFileRetriesDeferred\",\"reporterSyncInterval\",\"reporterSyncTimeout\",\"cucumberFeaturesWithLineNumbers\",\"autoCompileOpts\",\"mochaOpts\",\"jasmineOpts\",\"cucumberOpts\",\"onPrepare\",\"onWorkerStart\",\"onWorkerEnd\",\"before\",\"beforeSession\",\"beforeSuite\",\"beforeHook\",\"beforeTest\",\"afterTest\",\"afterHook\",\"afterSuite\",\"afterSession\",\"after\",\"onComplete\",\"beforeAssertion\",\"afterAssertion\",\"beforeFeature\",\"beforeScenario\",\"beforeStep\",\"afterStep\",\"afterScenario\",\"afterFeature\",\"_\",\"suite\",\"$0\",\"ignoredWorkerServices\",\"wdi5\"]"}]}
RESULT: {"script":"<script> [2342 bytes]","args":[{"protocol":"http","hostname":"0.0.0.0","path":"/","capabilities":{"browserName":"chrome","goog:chromeOptions":{"binary":"C:\\Program Files\\Google\\Chrome\\Application\\chrome.exe","args":["--start-maximized"]}},"logLevel":"warn","connectionRetryTimeout":120000,"connectionRetryCount":3,"logLevels":{},"enableDirectConnect":true,"strictSSL":true,"_":"65 more keys: [\"cacheDir\",\"port\",\"requestedCapabilities\",\"automationProtocol\",\"baseUrl\",\"waitforInterval\",\"waitforTimeout\",\"onReload\",\"beforeCommand\",\"afterCommand\",\"rootDir\",\"specs\",\"suites\",\"exclude\",\"groupLogsByTestSpec\",\"excludeDriverLogs\",\"bail\",\"framework\",\"reporters\",\"services\",\"maxInstances\",\"maxInstancesPerCapability\",\"injectGlobals\",\"filesToWatch\",\"execArgv\",\"runnerEnv\",\"runner\",\"shard\",\"specFileRetries\",\"specFileRetriesDelay\",\"specFileRetriesDeferred\",\"reporterSyncInterval\",\"reporterSyncTimeout\",\"cucumberFeaturesWithLineNumbers\",\"autoCompileOpts\",\"mochaOpts\",\"jasmineOpts\",\"cucumberOpts\",\"onPrepare\",\"onWorkerStart\",\"onWorkerEnd\",\"before\",\"beforeSession\",\"beforeSuite\",\"beforeHook\",\"beforeTest\",\"afterTest\",\"afterHook\",\"afterSuite\",\"afterSession\",\"after\",\"onComplete\",\"beforeAssertion\",\"afterAssertion\",\"beforeFeature\",\"beforeScenario\",\"beforeStep\",\"afterStep\",\"afterScenario\",\"afterFeature\",\"_\",\"suite\",\"$0\",\"ignoredWorkerServices\",\"wdi5\"]"}]}
COMMAND: POST /session/9ee8f14f10c6d21a9bd1d789b8b2e24e/execute/async - {"script":"<script> [21126 bytes]","args":[35000]}
RESULT: {"script":"<script> [21126 bytes]","args":[35000]}
COMMAND: POST /session/9ee8f14f10c6d21a9bd1d789b8b2e24e/window/maximize - {}
RESULT: {}
COMMAND: POST /session/9ee8f14f10c6d21a9bd1d789b8b2e24e/execute/async - {"script":"<script> [1562 bytes]","args":[{"selector":{"id":"shell-header","interaction":{"idSuffix":"icon"}},"wdio_ui5_key":"shellheader"}]}
COMMAND: GET /session/9ee8f14f10c6d21a9bd1d789b8b2e24e/screenshot - {}
RESULT: {"script":"<script> [1562 bytes]","args":[{"selector":{"id":"shell-header","interaction":{"idSuffix":"icon"}},"wdio_ui5_key":"shellheader"}]}
RESULT: undefined
RESULT: {}
COMMAND: POST /session/9ee8f14f10c6d21a9bd1d789b8b2e24e/execute/async - {"script":"<script> [1562 bytes]","args":[{"selector":{"controlType":"sap.m.Title","i18NText":{"propertyName":"text","key":"dataCollectionAgreement"},"searchOpenDialogs":true},"wdio_ui5_key":"sapm.Title{\"propertyName\":\"text\",\"key\":\"dataCollectionAgreement\"}"}]}
RESULT: {"script":"<script> [1562 bytes]","args":[{"selector":{"controlType":"sap.m.Title","i18NText":{"propertyName":"text","key":"dataCollectionAgreement"},"searchOpenDialogs":true},"wdio_ui5_key":"sapm.Title{\"propertyName\":\"text\",\"key\":\"dataCollectionAgreement\"}"}]}
RESULT: undefined
COMMAND: POST /session/9ee8f14f10c6d21a9bd1d789b8b2e24e/execute/async - {"script":"<script> [1562 bytes]","args":[{"selector":{"controlType":"sap.m.GenericTile","properties":{"header":"Manage Resources"}},"wdio_ui5_key":"sapm.GenericTile{\"header\":\"Manage Resources\"}"}]}
RESULT: {"script":"<script> [1562 bytes]","args":[{"selector":{"controlType":"sap.m.GenericTile","properties":{"header":"Manage Resources"}},"wdio_ui5_key":"sapm.GenericTile{\"header\":\"Manage Resources\"}"}]}
RESULT: undefined
COMMAND: POST /session/9ee8f14f10c6d21a9bd1d789b8b2e24e/element - {"using":"xpath","value":"//*[@id=\"__tile31\"]"}
RESULT: {"using":"xpath","value":"//*[@id=\"__tile31\"]"}
COMMAND: POST /session/9ee8f14f10c6d21a9bd1d789b8b2e24e/element/f.F4456A30B5DD81BD5266FF5FFADC42DE.d.9891AE4FDDC654A50A4CB2D7B24BFC4A.e.5837/click - {}
RESULT: {}
COMMAND: GET /session/9ee8f14f10c6d21a9bd1d789b8b2e24e/screenshot - {}
RESULT: {}
]]></system-out>
    </testcase>
  </testsuite>
  <testsuite timestamp="2025-05-04T15:30:34" time="564.226" tests="2" failures="1" errors="1" skipped="0">
    <properties>
      <property name="specId" value="0" />
      <property name="suiteName" value="Create 2 RU material US118246" />
      <property name="capabilities" value="chrome.135_0_7049_96.windows" />
      <property name="file" value="file:///D:/a/1/s/test/specs/R2C/create-material.spec.js" />
    </properties>
    <testcase classname="chrome.135_0_7049_96.windows.Create_2_RU_material_US118246" name="Create material" time="262.634">
      <system-out><![CDATA[
COMMAND: POST /session/9ee8f14f10c6d21a9bd1d789b8b2e24e/element - {"using":"xpath","value":"//button[@data-kt=\"addNewRUOverflowToolbarButton\"]"}
RESULT: {"using":"xpath","value":"//button[@data-kt=\"addNewRUOverflowToolbarButton\"]"}
COMMAND: POST /session/9ee8f14f10c6d21a9bd1d789b8b2e24e/element - {"using":"xpath","value":"//button[@data-kt=\"addNewRUOverflowToolbarButton\"]"}
RESULT: {"using":"xpath","value":"//button[@data-kt=\"addNewRUOverflowToolbarButton\"]"}
COMMAND: POST /session/9ee8f14f10c6d21a9bd1d789b8b2e24e/execute/sync - {"script":"<script> [8489 bytes]","args":[{"element-6066-11e4-a52e-4f735466cecf":"f.F4456A30B5DD81BD5266FF5FFADC42DE.d.9891AE4FDDC654A50A4CB2D7B24BFC4A.e.6078","ELEMENT":"f.F4456A30B5DD81BD5266FF5FFADC42DE.d.9891AE4FDDC654A50A4CB2D7B24BFC4A.e.6078"}]}
RESULT: {"script":"<script> [8489 bytes]","args":[{"element-6066-11e4-a52e-4f735466cecf":"f.F4456A30B5DD81BD5266FF5FFADC42DE.d.9891AE4FDDC654A50A4CB2D7B24BFC4A.e.6078","ELEMENT":"f.F4456A30B5DD81BD5266FF5FFADC42DE.d.9891AE4FDDC654A50A4CB2D7B24BFC4A.e.6078"}]}
COMMAND: POST /session/9ee8f14f10c6d21a9bd1d789b8b2e24e/element/f.F4456A30B5DD81BD5266FF5FFADC42DE.d.9891AE4FDDC654A50A4CB2D7B24BFC4A.e.6078/click - {}
COMMAND: GET /session/9ee8f14f10c6d21a9bd1d789b8b2e24e/screenshot - {}
RESULT: {}
COMMAND: GET /session/9ee8f14f10c6d21a9bd1d789b8b2e24e/screenshot - {}
RESULT: {}
RESULT: {}
COMMAND: POST /session/9ee8f14f10c6d21a9bd1d789b8b2e24e/execute/async - {"script":"<script> [1562 bytes]","args":[{"selector":{"controlType":"sap.m.ComboBox","viewName":"reusables.view.manageresources.NewResourceUnit","viewId":"application-manageresources-display-component---newResourceUnit","bindingPath":{"path":"","propertyPath":"/RuTypes","modelName":"catalogModel"},"searchOpenDialogs":true},"wdio_ui5_key":"reusablesview.manageresources.NewResourceUnitsap.m.ComboBox{\"path\":\"\",\"propertyPath\":\"/RuTypes\",\"modelName\":\"catalogModel\"}"}]}
RESULT: {"script":"<script> [1562 bytes]","args":[{"selector":{"controlType":"sap.m.ComboBox","viewName":"reusables.view.manageresources.NewResourceUnit","viewId":"application-manageresources-display-component---newResourceUnit","bindingPath":{"path":"","propertyPath":"/RuTypes","modelName":"catalogModel"},"searchOpenDialogs":true},"wdio_ui5_key":"reusablesview.manageresources.NewResourceUnitsap.m.ComboBox{\"path\":\"\",\"propertyPath\":\"/RuTypes\",\"modelName\":\"catalogModel\"}"}]}
RESULT: undefined
COMMAND: POST /session/9ee8f14f10c6d21a9bd1d789b8b2e24e/execute/async - {"script":"<script> [1562 bytes]","args":[{"selector":{"controlType":"sap.m.ComboBox","viewName":"reusables.view.manageresources.NewResourceUnit","viewId":"application-manageresources-display-component---newResourceUnit","bindingPath":{"path":"","propertyPath":"/Yards","modelName":"catalogModel"},"searchOpenDialogs":true},"wdio_ui5_key":"reusablesview.manageresources.NewResourceUnitsap.m.ComboBox{\"path\":\"\",\"propertyPath\":\"/Yards\",\"modelName\":\"catalogModel\"}"}]}
RESULT: {"script":"<script> [1562 bytes]","args":[{"selector":{"controlType":"sap.m.ComboBox","viewName":"reusables.view.manageresources.NewResourceUnit","viewId":"application-manageresources-display-component---newResourceUnit","bindingPath":{"path":"","propertyPath":"/Yards","modelName":"catalogModel"},"searchOpenDialogs":true},"wdio_ui5_key":"reusablesview.manageresources.NewResourceUnitsap.m.ComboBox{\"path\":\"\",\"propertyPath\":\"/Yards\",\"modelName\":\"catalogModel\"}"}]}
RESULT: undefined
COMMAND: POST /session/9ee8f14f10c6d21a9bd1d789b8b2e24e/execute/async - {"script":"<script> [1562 bytes]","args":[{"selector":{"controlType":"etm.portal.ui.reusables.customControls.LiveSearchComboBox","viewName":"reusables.view.manageresources.NewResourceUnit","viewId":"application-manageresources-display-component---newResourceUnit","bindingPath":{"path":"","propertyPath":"/CatalogItems","modelName":"catalogModel"},"searchOpenDialogs":true},"wdio_ui5_key":"reusablesview.manageresources.NewResourceUnitetm.portal.ui.reusables.customControls.LiveSearchComboBox{\"path\":\"\",\"propertyPath\":\"/CatalogItems\",\"modelName\":\"catalogModel\"}"}]}
RESULT: {"script":"<script> [1562 bytes]","args":[{"selector":{"controlType":"etm.portal.ui.reusables.customControls.LiveSearchComboBox","viewName":"reusables.view.manageresources.NewResourceUnit","viewId":"application-manageresources-display-component---newResourceUnit","bindingPath":{"path":"","propertyPath":"/CatalogItems","modelName":"catalogModel"},"searchOpenDialogs":true},"wdio_ui5_key":"reusablesview.manageresources.NewResourceUnitetm.portal.ui.reusables.customControls.LiveSearchComboBox{\"path\":\"\",\"propertyPath\":\"/CatalogItems\",\"modelName\":\"catalogModel\"}"}]}
RESULT: undefined
COMMAND: POST /session/9ee8f14f10c6d21a9bd1d789b8b2e24e/element - {"using":"xpath","value":"//bdi[text()=\"OK\"]"}
RESULT: {"using":"xpath","value":"//bdi[text()=\"OK\"]"}
COMMAND: POST /session/9ee8f14f10c6d21a9bd1d789b8b2e24e/elements - {"using":"xpath","value":"//bdi[text()=\"OK\"]"}
RESULT: {"using":"xpath","value":"//bdi[text()=\"OK\"]"}
COMMAND: POST /session/9ee8f14f10c6d21a9bd1d789b8b2e24e/elements - {"using":"xpath","value":"//bdi[text()=\"OK\"]"}
RESULT: {"using":"xpath","value":"//bdi[text()=\"OK\"]"}
COMMAND: POST /session/9ee8f14f10c6d21a9bd1d789b8b2e24e/elements - {"using":"xpath","value":"//bdi[text()=\"OK\"]"}
RESULT: {"using":"xpath","value":"//bdi[text()=\"OK\"]"}
COMMAND: POST /session/9ee8f14f10c6d21a9bd1d789b8b2e24e/elements - {"using":"xpath","value":"//bdi[text()=\"OK\"]"}
RESULT: {"using":"xpath","value":"//bdi[text()=\"OK\"]"}
COMMAND: POST /session/9ee8f14f10c6d21a9bd1d789b8b2e24e/elements - {"using":"xpath","value":"//bdi[text()=\"OK\"]"}
RESULT: {"using":"xpath","value":"//bdi[text()=\"OK\"]"}
COMMAND: POST /session/9ee8f14f10c6d21a9bd1d789b8b2e24e/elements - {"using":"xpath","value":"//bdi[text()=\"OK\"]"}
RESULT: {"using":"xpath","value":"//bdi[text()=\"OK\"]"}
COMMAND: POST /session/9ee8f14f10c6d21a9bd1d789b8b2e24e/elements - {"using":"xpath","value":"//bdi[text()=\"OK\"]"}
RESULT: {"using":"xpath","value":"//bdi[text()=\"OK\"]"}
COMMAND: POST /session/9ee8f14f10c6d21a9bd1d789b8b2e24e/elements - {"using":"xpath","value":"//bdi[text()=\"OK\"]"}
RESULT: {"using":"xpath","value":"//bdi[text()=\"OK\"]"}
COMMAND: POST /session/9ee8f14f10c6d21a9bd1d789b8b2e24e/elements - {"using":"xpath","value":"//bdi[text()=\"OK\"]"}
RESULT: {"using":"xpath","value":"//bdi[text()=\"OK\"]"}
COMMAND: POST /session/9ee8f14f10c6d21a9bd1d789b8b2e24e/elements - {"using":"xpath","value":"//bdi[text()=\"OK\"]"}
RESULT: {"using":"xpath","value":"//bdi[text()=\"OK\"]"}
COMMAND: POST /session/9ee8f14f10c6d21a9bd1d789b8b2e24e/elements - {"using":"xpath","value":"//bdi[text()=\"OK\"]"}
RESULT: {"using":"xpath","value":"//bdi[text()=\"OK\"]"}
COMMAND: POST /session/9ee8f14f10c6d21a9bd1d789b8b2e24e/elements - {"using":"xpath","value":"//bdi[text()=\"OK\"]"}
RESULT: {"using":"xpath","value":"//bdi[text()=\"OK\"]"}
COMMAND: POST /session/9ee8f14f10c6d21a9bd1d789b8b2e24e/elements - {"using":"xpath","value":"//bdi[text()=\"OK\"]"}
RESULT: {"using":"xpath","value":"//bdi[text()=\"OK\"]"}
COMMAND: POST /session/9ee8f14f10c6d21a9bd1d789b8b2e24e/elements - {"using":"xpath","value":"//bdi[text()=\"OK\"]"}
RESULT: {"using":"xpath","value":"//bdi[text()=\"OK\"]"}
COMMAND: POST /session/9ee8f14f10c6d21a9bd1d789b8b2e24e/elements - {"using":"xpath","value":"//bdi[text()=\"OK\"]"}
RESULT: {"using":"xpath","value":"//bdi[text()=\"OK\"]"}
COMMAND: POST /session/9ee8f14f10c6d21a9bd1d789b8b2e24e/elements - {"using":"xpath","value":"//bdi[text()=\"OK\"]"}
RESULT: {"using":"xpath","value":"//bdi[text()=\"OK\"]"}
COMMAND: POST /session/9ee8f14f10c6d21a9bd1d789b8b2e24e/elements - {"using":"xpath","value":"//bdi[text()=\"OK\"]"}
RESULT: {"using":"xpath","value":"//bdi[text()=\"OK\"]"}
COMMAND: POST /session/9ee8f14f10c6d21a9bd1d789b8b2e24e/elements - {"using":"xpath","value":"//bdi[text()=\"OK\"]"}
RESULT: {"using":"xpath","value":"//bdi[text()=\"OK\"]"}
COMMAND: POST /session/9ee8f14f10c6d21a9bd1d789b8b2e24e/elements - {"using":"xpath","value":"//bdi[text()=\"OK\"]"}
RESULT: {"using":"xpath","value":"//bdi[text()=\"OK\"]"}
COMMAND: POST /session/9ee8f14f10c6d21a9bd1d789b8b2e24e/elements - {"using":"xpath","value":"//bdi[text()=\"OK\"]"}
RESULT: {"using":"xpath","value":"//bdi[text()=\"OK\"]"}
COMMAND: POST /session/9ee8f14f10c6d21a9bd1d789b8b2e24e/elements - {"using":"xpath","value":"//bdi[text()=\"OK\"]"}
RESULT: {"using":"xpath","value":"//bdi[text()=\"OK\"]"}
COMMAND: POST /session/9ee8f14f10c6d21a9bd1d789b8b2e24e/elements - {"using":"xpath","value":"//bdi[text()=\"OK\"]"}
RESULT: {"using":"xpath","value":"//bdi[text()=\"OK\"]"}
COMMAND: POST /session/9ee8f14f10c6d21a9bd1d789b8b2e24e/elements - {"using":"xpath","value":"//bdi[text()=\"OK\"]"}
RESULT: {"using":"xpath","value":"//bdi[text()=\"OK\"]"}
COMMAND: POST /session/9ee8f14f10c6d21a9bd1d789b8b2e24e/elements - {"using":"xpath","value":"//bdi[text()=\"OK\"]"}
RESULT: {"using":"xpath","value":"//bdi[text()=\"OK\"]"}
COMMAND: POST /session/9ee8f14f10c6d21a9bd1d789b8b2e24e/elements - {"using":"xpath","value":"//bdi[text()=\"OK\"]"}
RESULT: {"using":"xpath","value":"//bdi[text()=\"OK\"]"}
COMMAND: POST /session/9ee8f14f10c6d21a9bd1d789b8b2e24e/elements - {"using":"xpath","value":"//bdi[text()=\"OK\"]"}
RESULT: {"using":"xpath","value":"//bdi[text()=\"OK\"]"}
COMMAND: POST /session/9ee8f14f10c6d21a9bd1d789b8b2e24e/elements - {"using":"xpath","value":"//bdi[text()=\"OK\"]"}
RESULT: {"using":"xpath","value":"//bdi[text()=\"OK\"]"}
COMMAND: POST /session/9ee8f14f10c6d21a9bd1d789b8b2e24e/elements - {"using":"xpath","value":"//bdi[text()=\"OK\"]"}
RESULT: {"using":"xpath","value":"//bdi[text()=\"OK\"]"}
COMMAND: POST /session/9ee8f14f10c6d21a9bd1d789b8b2e24e/elements - {"using":"xpath","value":"//bdi[text()=\"OK\"]"}
RESULT: {"using":"xpath","value":"//bdi[text()=\"OK\"]"}
COMMAND: POST /session/9ee8f14f10c6d21a9bd1d789b8b2e24e/elements - {"using":"xpath","value":"//bdi[text()=\"OK\"]"}
RESULT: {"using":"xpath","value":"//bdi[text()=\"OK\"]"}
COMMAND: POST /session/9ee8f14f10c6d21a9bd1d789b8b2e24e/elements - {"using":"xpath","value":"//bdi[text()=\"OK\"]"}
RESULT: {"using":"xpath","value":"//bdi[text()=\"OK\"]"}
COMMAND: POST /session/9ee8f14f10c6d21a9bd1d789b8b2e24e/elements - {"using":"xpath","value":"//bdi[text()=\"OK\"]"}
RESULT: {"using":"xpath","value":"//bdi[text()=\"OK\"]"}
COMMAND: POST /session/9ee8f14f10c6d21a9bd1d789b8b2e24e/elements - {"using":"xpath","value":"//bdi[text()=\"OK\"]"}
RESULT: {"using":"xpath","value":"//bdi[text()=\"OK\"]"}
COMMAND: POST /session/9ee8f14f10c6d21a9bd1d789b8b2e24e/elements - {"using":"xpath","value":"//bdi[text()=\"OK\"]"}
RESULT: {"using":"xpath","value":"//bdi[text()=\"OK\"]"}
COMMAND: POST /session/9ee8f14f10c6d21a9bd1d789b8b2e24e/elements - {"using":"xpath","value":"//bdi[text()=\"OK\"]"}
RESULT: {"using":"xpath","value":"//bdi[text()=\"OK\"]"}
COMMAND: POST /session/9ee8f14f10c6d21a9bd1d789b8b2e24e/elements - {"using":"xpath","value":"//bdi[text()=\"OK\"]"}
RESULT: {"using":"xpath","value":"//bdi[text()=\"OK\"]"}
COMMAND: POST /session/9ee8f14f10c6d21a9bd1d789b8b2e24e/elements - {"using":"xpath","value":"//bdi[text()=\"OK\"]"}
RESULT: {"using":"xpath","value":"//bdi[text()=\"OK\"]"}
COMMAND: POST /session/9ee8f14f10c6d21a9bd1d789b8b2e24e/elements - {"using":"xpath","value":"//bdi[text()=\"OK\"]"}
RESULT: {"using":"xpath","value":"//bdi[text()=\"OK\"]"}
COMMAND: POST /session/9ee8f14f10c6d21a9bd1d789b8b2e24e/elements - {"using":"xpath","value":"//bdi[text()=\"OK\"]"}
RESULT: {"using":"xpath","value":"//bdi[text()=\"OK\"]"}
COMMAND: POST /session/9ee8f14f10c6d21a9bd1d789b8b2e24e/elements - {"using":"xpath","value":"//bdi[text()=\"OK\"]"}
RESULT: {"using":"xpath","value":"//bdi[text()=\"OK\"]"}
COMMAND: POST /session/9ee8f14f10c6d21a9bd1d789b8b2e24e/elements - {"using":"xpath","value":"//bdi[text()=\"OK\"]"}
RESULT: {"using":"xpath","value":"//bdi[text()=\"OK\"]"}
COMMAND: POST /session/9ee8f14f10c6d21a9bd1d789b8b2e24e/elements - {"using":"xpath","value":"//bdi[text()=\"OK\"]"}
RESULT: {"using":"xpath","value":"//bdi[text()=\"OK\"]"}
COMMAND: POST /session/9ee8f14f10c6d21a9bd1d789b8b2e24e/elements - {"using":"xpath","value":"//bdi[text()=\"OK\"]"}
RESULT: {"using":"xpath","value":"//bdi[text()=\"OK\"]"}
COMMAND: POST /session/9ee8f14f10c6d21a9bd1d789b8b2e24e/elements - {"using":"xpath","value":"//bdi[text()=\"OK\"]"}
RESULT: {"using":"xpath","value":"//bdi[text()=\"OK\"]"}
COMMAND: POST /session/9ee8f14f10c6d21a9bd1d789b8b2e24e/elements - {"using":"xpath","value":"//bdi[text()=\"OK\"]"}
RESULT: {"using":"xpath","value":"//bdi[text()=\"OK\"]"}
COMMAND: POST /session/9ee8f14f10c6d21a9bd1d789b8b2e24e/elements - {"using":"xpath","value":"//bdi[text()=\"OK\"]"}
RESULT: {"using":"xpath","value":"//bdi[text()=\"OK\"]"}
COMMAND: POST /session/9ee8f14f10c6d21a9bd1d789b8b2e24e/elements - {"using":"xpath","value":"//bdi[text()=\"OK\"]"}
RESULT: {"using":"xpath","value":"//bdi[text()=\"OK\"]"}
COMMAND: POST /session/9ee8f14f10c6d21a9bd1d789b8b2e24e/elements - {"using":"xpath","value":"//bdi[text()=\"OK\"]"}
RESULT: {"using":"xpath","value":"//bdi[text()=\"OK\"]"}
COMMAND: POST /session/9ee8f14f10c6d21a9bd1d789b8b2e24e/elements - {"using":"xpath","value":"//bdi[text()=\"OK\"]"}
RESULT: {"using":"xpath","value":"//bdi[text()=\"OK\"]"}
COMMAND: POST /session/9ee8f14f10c6d21a9bd1d789b8b2e24e/elements - {"using":"xpath","value":"//bdi[text()=\"OK\"]"}
RESULT: {"using":"xpath","value":"//bdi[text()=\"OK\"]"}
COMMAND: POST /session/9ee8f14f10c6d21a9bd1d789b8b2e24e/elements - {"using":"xpath","value":"//bdi[text()=\"OK\"]"}
RESULT: {"using":"xpath","value":"//bdi[text()=\"OK\"]"}
COMMAND: POST /session/9ee8f14f10c6d21a9bd1d789b8b2e24e/elements - {"using":"xpath","value":"//bdi[text()=\"OK\"]"}
RESULT: {"using":"xpath","value":"//bdi[text()=\"OK\"]"}
COMMAND: POST /session/9ee8f14f10c6d21a9bd1d789b8b2e24e/elements - {"using":"xpath","value":"//bdi[text()=\"OK\"]"}
RESULT: {"using":"xpath","value":"//bdi[text()=\"OK\"]"}
COMMAND: POST /session/9ee8f14f10c6d21a9bd1d789b8b2e24e/elements - {"using":"xpath","value":"//bdi[text()=\"OK\"]"}
RESULT: {"using":"xpath","value":"//bdi[text()=\"OK\"]"}
COMMAND: POST /session/9ee8f14f10c6d21a9bd1d789b8b2e24e/elements - {"using":"xpath","value":"//bdi[text()=\"OK\"]"}
RESULT: {"using":"xpath","value":"//bdi[text()=\"OK\"]"}
COMMAND: POST /session/9ee8f14f10c6d21a9bd1d789b8b2e24e/elements - {"using":"xpath","value":"//bdi[text()=\"OK\"]"}
RESULT: {"using":"xpath","value":"//bdi[text()=\"OK\"]"}
COMMAND: POST /session/9ee8f14f10c6d21a9bd1d789b8b2e24e/elements - {"using":"xpath","value":"//bdi[text()=\"OK\"]"}
RESULT: {"using":"xpath","value":"//bdi[text()=\"OK\"]"}
COMMAND: POST /session/9ee8f14f10c6d21a9bd1d789b8b2e24e/elements - {"using":"xpath","value":"//bdi[text()=\"OK\"]"}
RESULT: {"using":"xpath","value":"//bdi[text()=\"OK\"]"}
COMMAND: POST /session/9ee8f14f10c6d21a9bd1d789b8b2e24e/elements - {"using":"xpath","value":"//bdi[text()=\"OK\"]"}
RESULT: {"using":"xpath","value":"//bdi[text()=\"OK\"]"}
COMMAND: POST /session/9ee8f14f10c6d21a9bd1d789b8b2e24e/elements - {"using":"xpath","value":"//bdi[text()=\"OK\"]"}
RESULT: {"using":"xpath","value":"//bdi[text()=\"OK\"]"}
COMMAND: POST /session/9ee8f14f10c6d21a9bd1d789b8b2e24e/elements - {"using":"xpath","value":"//bdi[text()=\"OK\"]"}
RESULT: {"using":"xpath","value":"//bdi[text()=\"OK\"]"}
COMMAND: POST /session/9ee8f14f10c6d21a9bd1d789b8b2e24e/elements - {"using":"xpath","value":"//bdi[text()=\"OK\"]"}
RESULT: {"using":"xpath","value":"//bdi[text()=\"OK\"]"}
COMMAND: POST /session/9ee8f14f10c6d21a9bd1d789b8b2e24e/elements - {"using":"xpath","value":"//bdi[text()=\"OK\"]"}
RESULT: {"using":"xpath","value":"//bdi[text()=\"OK\"]"}
COMMAND: POST /session/9ee8f14f10c6d21a9bd1d789b8b2e24e/elements - {"using":"xpath","value":"//bdi[text()=\"OK\"]"}
RESULT: {"using":"xpath","value":"//bdi[text()=\"OK\"]"}
COMMAND: POST /session/9ee8f14f10c6d21a9bd1d789b8b2e24e/elements - {"using":"xpath","value":"//bdi[text()=\"OK\"]"}
RESULT: {"using":"xpath","value":"//bdi[text()=\"OK\"]"}
COMMAND: POST /session/9ee8f14f10c6d21a9bd1d789b8b2e24e/elements - {"using":"xpath","value":"//bdi[text()=\"OK\"]"}
RESULT: {"using":"xpath","value":"//bdi[text()=\"OK\"]"}
COMMAND: POST /session/9ee8f14f10c6d21a9bd1d789b8b2e24e/elements - {"using":"xpath","value":"//bdi[text()=\"OK\"]"}
RESULT: {"using":"xpath","value":"//bdi[text()=\"OK\"]"}
COMMAND: POST /session/9ee8f14f10c6d21a9bd1d789b8b2e24e/elements - {"using":"xpath","value":"//bdi[text()=\"OK\"]"}
RESULT: {"using":"xpath","value":"//bdi[text()=\"OK\"]"}
COMMAND: POST /session/9ee8f14f10c6d21a9bd1d789b8b2e24e/elements - {"using":"xpath","value":"//bdi[text()=\"OK\"]"}
RESULT: {"using":"xpath","value":"//bdi[text()=\"OK\"]"}
COMMAND: POST /session/9ee8f14f10c6d21a9bd1d789b8b2e24e/elements - {"using":"xpath","value":"//bdi[text()=\"OK\"]"}
RESULT: {"using":"xpath","value":"//bdi[text()=\"OK\"]"}
COMMAND: POST /session/9ee8f14f10c6d21a9bd1d789b8b2e24e/elements - {"using":"xpath","value":"//bdi[text()=\"OK\"]"}
RESULT: {"using":"xpath","value":"//bdi[text()=\"OK\"]"}
COMMAND: POST /session/9ee8f14f10c6d21a9bd1d789b8b2e24e/elements - {"using":"xpath","value":"//bdi[text()=\"OK\"]"}
RESULT: {"using":"xpath","value":"//bdi[text()=\"OK\"]"}
COMMAND: POST /session/9ee8f14f10c6d21a9bd1d789b8b2e24e/elements - {"using":"xpath","value":"//bdi[text()=\"OK\"]"}
RESULT: {"using":"xpath","value":"//bdi[text()=\"OK\"]"}
COMMAND: POST /session/9ee8f14f10c6d21a9bd1d789b8b2e24e/elements - {"using":"xpath","value":"//bdi[text()=\"OK\"]"}
RESULT: {"using":"xpath","value":"//bdi[text()=\"OK\"]"}
COMMAND: POST /session/9ee8f14f10c6d21a9bd1d789b8b2e24e/elements - {"using":"xpath","value":"//bdi[text()=\"OK\"]"}
RESULT: {"using":"xpath","value":"//bdi[text()=\"OK\"]"}
COMMAND: POST /session/9ee8f14f10c6d21a9bd1d789b8b2e24e/elements - {"using":"xpath","value":"//bdi[text()=\"OK\"]"}
RESULT: {"using":"xpath","value":"//bdi[text()=\"OK\"]"}
COMMAND: POST /session/9ee8f14f10c6d21a9bd1d789b8b2e24e/elements - {"using":"xpath","value":"//bdi[text()=\"OK\"]"}
RESULT: {"using":"xpath","value":"//bdi[text()=\"OK\"]"}
COMMAND: POST /session/9ee8f14f10c6d21a9bd1d789b8b2e24e/elements - {"using":"xpath","value":"//bdi[text()=\"OK\"]"}
RESULT: {"using":"xpath","value":"//bdi[text()=\"OK\"]"}
COMMAND: POST /session/9ee8f14f10c6d21a9bd1d789b8b2e24e/elements - {"using":"xpath","value":"//bdi[text()=\"OK\"]"}
RESULT: {"using":"xpath","value":"//bdi[text()=\"OK\"]"}
COMMAND: POST /session/9ee8f14f10c6d21a9bd1d789b8b2e24e/elements - {"using":"xpath","value":"//bdi[text()=\"OK\"]"}
RESULT: {"using":"xpath","value":"//bdi[text()=\"OK\"]"}
COMMAND: POST /session/9ee8f14f10c6d21a9bd1d789b8b2e24e/elements - {"using":"xpath","value":"//bdi[text()=\"OK\"]"}
RESULT: {"using":"xpath","value":"//bdi[text()=\"OK\"]"}
COMMAND: POST /session/9ee8f14f10c6d21a9bd1d789b8b2e24e/elements - {"using":"xpath","value":"//bdi[text()=\"OK\"]"}
RESULT: {"using":"xpath","value":"//bdi[text()=\"OK\"]"}
COMMAND: POST /session/9ee8f14f10c6d21a9bd1d789b8b2e24e/elements - {"using":"xpath","value":"//bdi[text()=\"OK\"]"}
RESULT: {"using":"xpath","value":"//bdi[text()=\"OK\"]"}
COMMAND: POST /session/9ee8f14f10c6d21a9bd1d789b8b2e24e/elements - {"using":"xpath","value":"//bdi[text()=\"OK\"]"}
RESULT: {"using":"xpath","value":"//bdi[text()=\"OK\"]"}
COMMAND: POST /session/9ee8f14f10c6d21a9bd1d789b8b2e24e/elements - {"using":"xpath","value":"//bdi[text()=\"OK\"]"}
RESULT: {"using":"xpath","value":"//bdi[text()=\"OK\"]"}
COMMAND: POST /session/9ee8f14f10c6d21a9bd1d789b8b2e24e/elements - {"using":"xpath","value":"//bdi[text()=\"OK\"]"}
RESULT: {"using":"xpath","value":"//bdi[text()=\"OK\"]"}
COMMAND: POST /session/9ee8f14f10c6d21a9bd1d789b8b2e24e/elements - {"using":"xpath","value":"//bdi[text()=\"OK\"]"}
RESULT: {"using":"xpath","value":"//bdi[text()=\"OK\"]"}
COMMAND: POST /session/9ee8f14f10c6d21a9bd1d789b8b2e24e/elements - {"using":"xpath","value":"//bdi[text()=\"OK\"]"}
RESULT: {"using":"xpath","value":"//bdi[text()=\"OK\"]"}
COMMAND: POST /session/9ee8f14f10c6d21a9bd1d789b8b2e24e/elements - {"using":"xpath","value":"//bdi[text()=\"OK\"]"}
RESULT: {"using":"xpath","value":"//bdi[text()=\"OK\"]"}
COMMAND: POST /session/9ee8f14f10c6d21a9bd1d789b8b2e24e/elements - {"using":"xpath","value":"//bdi[text()=\"OK\"]"}
RESULT: {"using":"xpath","value":"//bdi[text()=\"OK\"]"}
COMMAND: POST /session/9ee8f14f10c6d21a9bd1d789b8b2e24e/elements - {"using":"xpath","value":"//bdi[text()=\"OK\"]"}
RESULT: {"using":"xpath","value":"//bdi[text()=\"OK\"]"}
COMMAND: POST /session/9ee8f14f10c6d21a9bd1d789b8b2e24e/elements - {"using":"xpath","value":"//bdi[text()=\"OK\"]"}
RESULT: {"using":"xpath","value":"//bdi[text()=\"OK\"]"}
COMMAND: POST /session/9ee8f14f10c6d21a9bd1d789b8b2e24e/elements - {"using":"xpath","value":"//bdi[text()=\"OK\"]"}
RESULT: {"using":"xpath","value":"//bdi[text()=\"OK\"]"}
COMMAND: POST /session/9ee8f14f10c6d21a9bd1d789b8b2e24e/elements - {"using":"xpath","value":"//bdi[text()=\"OK\"]"}
RESULT: {"using":"xpath","value":"//bdi[text()=\"OK\"]"}
COMMAND: POST /session/9ee8f14f10c6d21a9bd1d789b8b2e24e/elements - {"using":"xpath","value":"//bdi[text()=\"OK\"]"}
RESULT: {"using":"xpath","value":"//bdi[text()=\"OK\"]"}
COMMAND: POST /session/9ee8f14f10c6d21a9bd1d789b8b2e24e/elements - {"using":"xpath","value":"//bdi[text()=\"OK\"]"}
RESULT: {"using":"xpath","value":"//bdi[text()=\"OK\"]"}
COMMAND: POST /session/9ee8f14f10c6d21a9bd1d789b8b2e24e/elements - {"using":"xpath","value":"//bdi[text()=\"OK\"]"}
RESULT: {"using":"xpath","value":"//bdi[text()=\"OK\"]"}
COMMAND: POST /session/9ee8f14f10c6d21a9bd1d789b8b2e24e/elements - {"using":"xpath","value":"//bdi[text()=\"OK\"]"}
RESULT: {"using":"xpath","value":"//bdi[text()=\"OK\"]"}
COMMAND: POST /session/9ee8f14f10c6d21a9bd1d789b8b2e24e/elements - {"using":"xpath","value":"//bdi[text()=\"OK\"]"}
RESULT: {"using":"xpath","value":"//bdi[text()=\"OK\"]"}
COMMAND: POST /session/9ee8f14f10c6d21a9bd1d789b8b2e24e/elements - {"using":"xpath","value":"//bdi[text()=\"OK\"]"}
RESULT: {"using":"xpath","value":"//bdi[text()=\"OK\"]"}
COMMAND: POST /session/9ee8f14f10c6d21a9bd1d789b8b2e24e/elements - {"using":"xpath","value":"//bdi[text()=\"OK\"]"}
RESULT: {"using":"xpath","value":"//bdi[text()=\"OK\"]"}
COMMAND: POST /session/9ee8f14f10c6d21a9bd1d789b8b2e24e/elements - {"using":"xpath","value":"//bdi[text()=\"OK\"]"}
RESULT: {"using":"xpath","value":"//bdi[text()=\"OK\"]"}
COMMAND: POST /session/9ee8f14f10c6d21a9bd1d789b8b2e24e/elements - {"using":"xpath","value":"//bdi[text()=\"OK\"]"}
RESULT: {"using":"xpath","value":"//bdi[text()=\"OK\"]"}
COMMAND: POST /session/9ee8f14f10c6d21a9bd1d789b8b2e24e/elements - {"using":"xpath","value":"//bdi[text()=\"OK\"]"}
RESULT: {"using":"xpath","value":"//bdi[text()=\"OK\"]"}
COMMAND: POST /session/9ee8f14f10c6d21a9bd1d789b8b2e24e/elements - {"using":"xpath","value":"//bdi[text()=\"OK\"]"}
RESULT: {"using":"xpath","value":"//bdi[text()=\"OK\"]"}
COMMAND: POST /session/9ee8f14f10c6d21a9bd1d789b8b2e24e/elements - {"using":"xpath","value":"//bdi[text()=\"OK\"]"}
RESULT: {"using":"xpath","value":"//bdi[text()=\"OK\"]"}
COMMAND: POST /session/9ee8f14f10c6d21a9bd1d789b8b2e24e/elements - {"using":"xpath","value":"//bdi[text()=\"OK\"]"}
RESULT: {"using":"xpath","value":"//bdi[text()=\"OK\"]"}
COMMAND: POST /session/9ee8f14f10c6d21a9bd1d789b8b2e24e/elements - {"using":"xpath","value":"//bdi[text()=\"OK\"]"}
RESULT: {"using":"xpath","value":"//bdi[text()=\"OK\"]"}
COMMAND: POST /session/9ee8f14f10c6d21a9bd1d789b8b2e24e/elements - {"using":"xpath","value":"//bdi[text()=\"OK\"]"}
RESULT: {"using":"xpath","value":"//bdi[text()=\"OK\"]"}
COMMAND: POST /session/9ee8f14f10c6d21a9bd1d789b8b2e24e/elements - {"using":"xpath","value":"//bdi[text()=\"OK\"]"}
RESULT: {"using":"xpath","value":"//bdi[text()=\"OK\"]"}
COMMAND: POST /session/9ee8f14f10c6d21a9bd1d789b8b2e24e/elements - {"using":"xpath","value":"//bdi[text()=\"OK\"]"}
RESULT: {"using":"xpath","value":"//bdi[text()=\"OK\"]"}
COMMAND: POST /session/9ee8f14f10c6d21a9bd1d789b8b2e24e/elements - {"using":"xpath","value":"//bdi[text()=\"OK\"]"}
RESULT: {"using":"xpath","value":"//bdi[text()=\"OK\"]"}
COMMAND: POST /session/9ee8f14f10c6d21a9bd1d789b8b2e24e/elements - {"using":"xpath","value":"//bdi[text()=\"OK\"]"}
RESULT: {"using":"xpath","value":"//bdi[text()=\"OK\"]"}
COMMAND: POST /session/9ee8f14f10c6d21a9bd1d789b8b2e24e/elements - {"using":"xpath","value":"//bdi[text()=\"OK\"]"}
RESULT: {"using":"xpath","value":"//bdi[text()=\"OK\"]"}
COMMAND: POST /session/9ee8f14f10c6d21a9bd1d789b8b2e24e/elements - {"using":"xpath","value":"//bdi[text()=\"OK\"]"}
RESULT: {"using":"xpath","value":"//bdi[text()=\"OK\"]"}
COMMAND: POST /session/9ee8f14f10c6d21a9bd1d789b8b2e24e/elements - {"using":"xpath","value":"//bdi[text()=\"OK\"]"}
RESULT: {"using":"xpath","value":"//bdi[text()=\"OK\"]"}
COMMAND: POST /session/9ee8f14f10c6d21a9bd1d789b8b2e24e/elements - {"using":"xpath","value":"//bdi[text()=\"OK\"]"}
RESULT: {"using":"xpath","value":"//bdi[text()=\"OK\"]"}
COMMAND: POST /session/9ee8f14f10c6d21a9bd1d789b8b2e24e/elements - {"using":"xpath","value":"//bdi[text()=\"OK\"]"}
RESULT: {"using":"xpath","value":"//bdi[text()=\"OK\"]"}
COMMAND: POST /session/9ee8f14f10c6d21a9bd1d789b8b2e24e/elements - {"using":"xpath","value":"//bdi[text()=\"OK\"]"}
RESULT: {"using":"xpath","value":"//bdi[text()=\"OK\"]"}
COMMAND: POST /session/9ee8f14f10c6d21a9bd1d789b8b2e24e/elements - {"using":"xpath","value":"//bdi[text()=\"OK\"]"}
RESULT: {"using":"xpath","value":"//bdi[text()=\"OK\"]"}
COMMAND: POST /session/9ee8f14f10c6d21a9bd1d789b8b2e24e/elements - {"using":"xpath","value":"//bdi[text()=\"OK\"]"}
COMMAND: POST /session/9ee8f14f10c6d21a9bd1d789b8b2e24e/element - {"using":"xpath","value":"//bdi[text()=\"OK\"]"}
RESULT: {"using":"xpath","value":"//bdi[text()=\"OK\"]"}
RESULT: {"using":"xpath","value":"//bdi[text()=\"OK\"]"}
COMMAND: POST /session/9ee8f14f10c6d21a9bd1d789b8b2e24e/elements - {"using":"xpath","value":"//bdi[text()=\"OK\"]"}
RESULT: {"using":"xpath","value":"//bdi[text()=\"OK\"]"}
COMMAND: POST /session/9ee8f14f10c6d21a9bd1d789b8b2e24e/elements - {"using":"xpath","value":"//bdi[text()=\"OK\"]"}
RESULT: {"using":"xpath","value":"//bdi[text()=\"OK\"]"}
COMMAND: POST /session/9ee8f14f10c6d21a9bd1d789b8b2e24e/elements - {"using":"xpath","value":"//bdi[text()=\"OK\"]"}
RESULT: {"using":"xpath","value":"//bdi[text()=\"OK\"]"}
COMMAND: POST /session/9ee8f14f10c6d21a9bd1d789b8b2e24e/elements - {"using":"xpath","value":"//bdi[text()=\"OK\"]"}
RESULT: {"using":"xpath","value":"//bdi[text()=\"OK\"]"}
COMMAND: POST /session/9ee8f14f10c6d21a9bd1d789b8b2e24e/elements - {"using":"xpath","value":"//bdi[text()=\"OK\"]"}
RESULT: {"using":"xpath","value":"//bdi[text()=\"OK\"]"}
COMMAND: POST /session/9ee8f14f10c6d21a9bd1d789b8b2e24e/elements - {"using":"xpath","value":"//bdi[text()=\"OK\"]"}
RESULT: {"using":"xpath","value":"//bdi[text()=\"OK\"]"}
COMMAND: POST /session/9ee8f14f10c6d21a9bd1d789b8b2e24e/elements - {"using":"xpath","value":"//bdi[text()=\"OK\"]"}
RESULT: {"using":"xpath","value":"//bdi[text()=\"OK\"]"}
COMMAND: POST /session/9ee8f14f10c6d21a9bd1d789b8b2e24e/elements - {"using":"xpath","value":"//bdi[text()=\"OK\"]"}
RESULT: {"using":"xpath","value":"//bdi[text()=\"OK\"]"}
COMMAND: POST /session/9ee8f14f10c6d21a9bd1d789b8b2e24e/elements - {"using":"xpath","value":"//bdi[text()=\"OK\"]"}
RESULT: {"using":"xpath","value":"//bdi[text()=\"OK\"]"}
COMMAND: POST /session/9ee8f14f10c6d21a9bd1d789b8b2e24e/elements - {"using":"xpath","value":"//bdi[text()=\"OK\"]"}
RESULT: {"using":"xpath","value":"//bdi[text()=\"OK\"]"}
COMMAND: POST /session/9ee8f14f10c6d21a9bd1d789b8b2e24e/elements - {"using":"xpath","value":"//bdi[text()=\"OK\"]"}
RESULT: {"using":"xpath","value":"//bdi[text()=\"OK\"]"}
COMMAND: POST /session/9ee8f14f10c6d21a9bd1d789b8b2e24e/elements - {"using":"xpath","value":"//bdi[text()=\"OK\"]"}
RESULT: {"using":"xpath","value":"//bdi[text()=\"OK\"]"}
COMMAND: POST /session/9ee8f14f10c6d21a9bd1d789b8b2e24e/elements - {"using":"xpath","value":"//bdi[text()=\"OK\"]"}
RESULT: {"using":"xpath","value":"//bdi[text()=\"OK\"]"}
COMMAND: POST /session/9ee8f14f10c6d21a9bd1d789b8b2e24e/elements - {"using":"xpath","value":"//bdi[text()=\"OK\"]"}
RESULT: {"using":"xpath","value":"//bdi[text()=\"OK\"]"}
COMMAND: POST /session/9ee8f14f10c6d21a9bd1d789b8b2e24e/elements - {"using":"xpath","value":"//bdi[text()=\"OK\"]"}
RESULT: {"using":"xpath","value":"//bdi[text()=\"OK\"]"}
COMMAND: POST /session/9ee8f14f10c6d21a9bd1d789b8b2e24e/elements - {"using":"xpath","value":"//bdi[text()=\"OK\"]"}
RESULT: {"using":"xpath","value":"//bdi[text()=\"OK\"]"}
COMMAND: POST /session/9ee8f14f10c6d21a9bd1d789b8b2e24e/elements - {"using":"xpath","value":"//bdi[text()=\"OK\"]"}
RESULT: {"using":"xpath","value":"//bdi[text()=\"OK\"]"}
COMMAND: POST /session/9ee8f14f10c6d21a9bd1d789b8b2e24e/elements - {"using":"xpath","value":"//bdi[text()=\"OK\"]"}
RESULT: {"using":"xpath","value":"//bdi[text()=\"OK\"]"}
COMMAND: POST /session/9ee8f14f10c6d21a9bd1d789b8b2e24e/elements - {"using":"xpath","value":"//bdi[text()=\"OK\"]"}
RESULT: {"using":"xpath","value":"//bdi[text()=\"OK\"]"}
COMMAND: POST /session/9ee8f14f10c6d21a9bd1d789b8b2e24e/elements - {"using":"xpath","value":"//bdi[text()=\"OK\"]"}
RESULT: {"using":"xpath","value":"//bdi[text()=\"OK\"]"}
COMMAND: POST /session/9ee8f14f10c6d21a9bd1d789b8b2e24e/elements - {"using":"xpath","value":"//bdi[text()=\"OK\"]"}
RESULT: {"using":"xpath","value":"//bdi[text()=\"OK\"]"}
COMMAND: POST /session/9ee8f14f10c6d21a9bd1d789b8b2e24e/elements - {"using":"xpath","value":"//bdi[text()=\"OK\"]"}
RESULT: {"using":"xpath","value":"//bdi[text()=\"OK\"]"}
COMMAND: POST /session/9ee8f14f10c6d21a9bd1d789b8b2e24e/elements - {"using":"xpath","value":"//bdi[text()=\"OK\"]"}
RESULT: {"using":"xpath","value":"//bdi[text()=\"OK\"]"}
COMMAND: POST /session/9ee8f14f10c6d21a9bd1d789b8b2e24e/elements - {"using":"xpath","value":"//bdi[text()=\"OK\"]"}
RESULT: {"using":"xpath","value":"//bdi[text()=\"OK\"]"}
COMMAND: POST /session/9ee8f14f10c6d21a9bd1d789b8b2e24e/elements - {"using":"xpath","value":"//bdi[text()=\"OK\"]"}
RESULT: {"using":"xpath","value":"//bdi[text()=\"OK\"]"}
COMMAND: POST /session/9ee8f14f10c6d21a9bd1d789b8b2e24e/elements - {"using":"xpath","value":"//bdi[text()=\"OK\"]"}
RESULT: {"using":"xpath","value":"//bdi[text()=\"OK\"]"}
COMMAND: POST /session/9ee8f14f10c6d21a9bd1d789b8b2e24e/elements - {"using":"xpath","value":"//bdi[text()=\"OK\"]"}
RESULT: {"using":"xpath","value":"//bdi[text()=\"OK\"]"}
COMMAND: POST /session/9ee8f14f10c6d21a9bd1d789b8b2e24e/elements - {"using":"xpath","value":"//bdi[text()=\"OK\"]"}
RESULT: {"using":"xpath","value":"//bdi[text()=\"OK\"]"}
COMMAND: POST /session/9ee8f14f10c6d21a9bd1d789b8b2e24e/elements - {"using":"xpath","value":"//bdi[text()=\"OK\"]"}
RESULT: {"using":"xpath","value":"//bdi[text()=\"OK\"]"}
COMMAND: POST /session/9ee8f14f10c6d21a9bd1d789b8b2e24e/elements - {"using":"xpath","value":"//bdi[text()=\"OK\"]"}
RESULT: {"using":"xpath","value":"//bdi[text()=\"OK\"]"}
COMMAND: POST /session/9ee8f14f10c6d21a9bd1d789b8b2e24e/elements - {"using":"xpath","value":"//bdi[text()=\"OK\"]"}
RESULT: {"using":"xpath","value":"//bdi[text()=\"OK\"]"}
COMMAND: POST /session/9ee8f14f10c6d21a9bd1d789b8b2e24e/elements - {"using":"xpath","value":"//bdi[text()=\"OK\"]"}
RESULT: {"using":"xpath","value":"//bdi[text()=\"OK\"]"}
COMMAND: POST /session/9ee8f14f10c6d21a9bd1d789b8b2e24e/elements - {"using":"xpath","value":"//bdi[text()=\"OK\"]"}
RESULT: {"using":"xpath","value":"//bdi[text()=\"OK\"]"}
COMMAND: POST /session/9ee8f14f10c6d21a9bd1d789b8b2e24e/elements - {"using":"xpath","value":"//bdi[text()=\"OK\"]"}
RESULT: {"using":"xpath","value":"//bdi[text()=\"OK\"]"}
COMMAND: POST /session/9ee8f14f10c6d21a9bd1d789b8b2e24e/elements - {"using":"xpath","value":"//bdi[text()=\"OK\"]"}
RESULT: {"using":"xpath","value":"//bdi[text()=\"OK\"]"}
COMMAND: POST /session/9ee8f14f10c6d21a9bd1d789b8b2e24e/elements - {"using":"xpath","value":"//bdi[text()=\"OK\"]"}
RESULT: {"using":"xpath","value":"//bdi[text()=\"OK\"]"}
COMMAND: POST /session/9ee8f14f10c6d21a9bd1d789b8b2e24e/elements - {"using":"xpath","value":"//bdi[text()=\"OK\"]"}
RESULT: {"using":"xpath","value":"//bdi[text()=\"OK\"]"}
COMMAND: POST /session/9ee8f14f10c6d21a9bd1d789b8b2e24e/elements - {"using":"xpath","value":"//bdi[text()=\"OK\"]"}
RESULT: {"using":"xpath","value":"//bdi[text()=\"OK\"]"}
COMMAND: POST /session/9ee8f14f10c6d21a9bd1d789b8b2e24e/elements - {"using":"xpath","value":"//bdi[text()=\"OK\"]"}
RESULT: {"using":"xpath","value":"//bdi[text()=\"OK\"]"}
COMMAND: POST /session/9ee8f14f10c6d21a9bd1d789b8b2e24e/elements - {"using":"xpath","value":"//bdi[text()=\"OK\"]"}
RESULT: {"using":"xpath","value":"//bdi[text()=\"OK\"]"}
COMMAND: POST /session/9ee8f14f10c6d21a9bd1d789b8b2e24e/elements - {"using":"xpath","value":"//bdi[text()=\"OK\"]"}
RESULT: {"using":"xpath","value":"//bdi[text()=\"OK\"]"}
COMMAND: POST /session/9ee8f14f10c6d21a9bd1d789b8b2e24e/elements - {"using":"xpath","value":"//bdi[text()=\"OK\"]"}
RESULT: {"using":"xpath","value":"//bdi[text()=\"OK\"]"}
COMMAND: POST /session/9ee8f14f10c6d21a9bd1d789b8b2e24e/elements - {"using":"xpath","value":"//bdi[text()=\"OK\"]"}
RESULT: {"using":"xpath","value":"//bdi[text()=\"OK\"]"}
COMMAND: POST /session/9ee8f14f10c6d21a9bd1d789b8b2e24e/elements - {"using":"xpath","value":"//bdi[text()=\"OK\"]"}
RESULT: {"using":"xpath","value":"//bdi[text()=\"OK\"]"}
COMMAND: POST /session/9ee8f14f10c6d21a9bd1d789b8b2e24e/elements - {"using":"xpath","value":"//bdi[text()=\"OK\"]"}
RESULT: {"using":"xpath","value":"//bdi[text()=\"OK\"]"}
COMMAND: POST /session/9ee8f14f10c6d21a9bd1d789b8b2e24e/elements - {"using":"xpath","value":"//bdi[text()=\"OK\"]"}
RESULT: {"using":"xpath","value":"//bdi[text()=\"OK\"]"}
COMMAND: POST /session/9ee8f14f10c6d21a9bd1d789b8b2e24e/elements - {"using":"xpath","value":"//bdi[text()=\"OK\"]"}
RESULT: {"using":"xpath","value":"//bdi[text()=\"OK\"]"}
COMMAND: POST /session/9ee8f14f10c6d21a9bd1d789b8b2e24e/elements - {"using":"xpath","value":"//bdi[text()=\"OK\"]"}
RESULT: {"using":"xpath","value":"//bdi[text()=\"OK\"]"}
COMMAND: POST /session/9ee8f14f10c6d21a9bd1d789b8b2e24e/elements - {"using":"xpath","value":"//bdi[text()=\"OK\"]"}
RESULT: {"using":"xpath","value":"//bdi[text()=\"OK\"]"}
COMMAND: POST /session/9ee8f14f10c6d21a9bd1d789b8b2e24e/elements - {"using":"xpath","value":"//bdi[text()=\"OK\"]"}
RESULT: {"using":"xpath","value":"//bdi[text()=\"OK\"]"}
COMMAND: POST /session/9ee8f14f10c6d21a9bd1d789b8b2e24e/elements - {"using":"xpath","value":"//bdi[text()=\"OK\"]"}
RESULT: {"using":"xpath","value":"//bdi[text()=\"OK\"]"}
COMMAND: POST /session/9ee8f14f10c6d21a9bd1d789b8b2e24e/elements - {"using":"xpath","value":"//bdi[text()=\"OK\"]"}
RESULT: {"using":"xpath","value":"//bdi[text()=\"OK\"]"}
COMMAND: POST /session/9ee8f14f10c6d21a9bd1d789b8b2e24e/elements - {"using":"xpath","value":"//bdi[text()=\"OK\"]"}
RESULT: {"using":"xpath","value":"//bdi[text()=\"OK\"]"}
COMMAND: POST /session/9ee8f14f10c6d21a9bd1d789b8b2e24e/elements - {"using":"xpath","value":"//bdi[text()=\"OK\"]"}
RESULT: {"using":"xpath","value":"//bdi[text()=\"OK\"]"}
COMMAND: POST /session/9ee8f14f10c6d21a9bd1d789b8b2e24e/elements - {"using":"xpath","value":"//bdi[text()=\"OK\"]"}
RESULT: {"using":"xpath","value":"//bdi[text()=\"OK\"]"}
COMMAND: POST /session/9ee8f14f10c6d21a9bd1d789b8b2e24e/elements - {"using":"xpath","value":"//bdi[text()=\"OK\"]"}
RESULT: {"using":"xpath","value":"//bdi[text()=\"OK\"]"}
COMMAND: POST /session/9ee8f14f10c6d21a9bd1d789b8b2e24e/elements - {"using":"xpath","value":"//bdi[text()=\"OK\"]"}
RESULT: {"using":"xpath","value":"//bdi[text()=\"OK\"]"}
COMMAND: POST /session/9ee8f14f10c6d21a9bd1d789b8b2e24e/elements - {"using":"xpath","value":"//bdi[text()=\"OK\"]"}
RESULT: {"using":"xpath","value":"//bdi[text()=\"OK\"]"}
COMMAND: POST /session/9ee8f14f10c6d21a9bd1d789b8b2e24e/elements - {"using":"xpath","value":"//bdi[text()=\"OK\"]"}
RESULT: {"using":"xpath","value":"//bdi[text()=\"OK\"]"}
COMMAND: POST /session/9ee8f14f10c6d21a9bd1d789b8b2e24e/elements - {"using":"xpath","value":"//bdi[text()=\"OK\"]"}
RESULT: {"using":"xpath","value":"//bdi[text()=\"OK\"]"}
COMMAND: POST /session/9ee8f14f10c6d21a9bd1d789b8b2e24e/elements - {"using":"xpath","value":"//bdi[text()=\"OK\"]"}
RESULT: {"using":"xpath","value":"//bdi[text()=\"OK\"]"}
COMMAND: POST /session/9ee8f14f10c6d21a9bd1d789b8b2e24e/elements - {"using":"xpath","value":"//bdi[text()=\"OK\"]"}
RESULT: {"using":"xpath","value":"//bdi[text()=\"OK\"]"}
COMMAND: POST /session/9ee8f14f10c6d21a9bd1d789b8b2e24e/elements - {"using":"xpath","value":"//bdi[text()=\"OK\"]"}
RESULT: {"using":"xpath","value":"//bdi[text()=\"OK\"]"}
COMMAND: POST /session/9ee8f14f10c6d21a9bd1d789b8b2e24e/elements - {"using":"xpath","value":"//bdi[text()=\"OK\"]"}
RESULT: {"using":"xpath","value":"//bdi[text()=\"OK\"]"}
COMMAND: POST /session/9ee8f14f10c6d21a9bd1d789b8b2e24e/elements - {"using":"xpath","value":"//bdi[text()=\"OK\"]"}
RESULT: {"using":"xpath","value":"//bdi[text()=\"OK\"]"}
COMMAND: POST /session/9ee8f14f10c6d21a9bd1d789b8b2e24e/elements - {"using":"xpath","value":"//bdi[text()=\"OK\"]"}
RESULT: {"using":"xpath","value":"//bdi[text()=\"OK\"]"}
COMMAND: POST /session/9ee8f14f10c6d21a9bd1d789b8b2e24e/elements - {"using":"xpath","value":"//bdi[text()=\"OK\"]"}
RESULT: {"using":"xpath","value":"//bdi[text()=\"OK\"]"}
COMMAND: POST /session/9ee8f14f10c6d21a9bd1d789b8b2e24e/elements - {"using":"xpath","value":"//bdi[text()=\"OK\"]"}
RESULT: {"using":"xpath","value":"//bdi[text()=\"OK\"]"}
COMMAND: POST /session/9ee8f14f10c6d21a9bd1d789b8b2e24e/elements - {"using":"xpath","value":"//bdi[text()=\"OK\"]"}
RESULT: {"using":"xpath","value":"//bdi[text()=\"OK\"]"}
COMMAND: POST /session/9ee8f14f10c6d21a9bd1d789b8b2e24e/elements - {"using":"xpath","value":"//bdi[text()=\"OK\"]"}
RESULT: {"using":"xpath","value":"//bdi[text()=\"OK\"]"}
COMMAND: POST /session/9ee8f14f10c6d21a9bd1d789b8b2e24e/elements - {"using":"xpath","value":"//bdi[text()=\"OK\"]"}
RESULT: {"using":"xpath","value":"//bdi[text()=\"OK\"]"}
COMMAND: POST /session/9ee8f14f10c6d21a9bd1d789b8b2e24e/elements - {"using":"xpath","value":"//bdi[text()=\"OK\"]"}
RESULT: {"using":"xpath","value":"//bdi[text()=\"OK\"]"}
COMMAND: POST /session/9ee8f14f10c6d21a9bd1d789b8b2e24e/elements - {"using":"xpath","value":"//bdi[text()=\"OK\"]"}
RESULT: {"using":"xpath","value":"//bdi[text()=\"OK\"]"}
COMMAND: POST /session/9ee8f14f10c6d21a9bd1d789b8b2e24e/elements - {"using":"xpath","value":"//bdi[text()=\"OK\"]"}
RESULT: {"using":"xpath","value":"//bdi[text()=\"OK\"]"}
COMMAND: POST /session/9ee8f14f10c6d21a9bd1d789b8b2e24e/elements - {"using":"xpath","value":"//bdi[text()=\"OK\"]"}
RESULT: {"using":"xpath","value":"//bdi[text()=\"OK\"]"}
COMMAND: POST /session/9ee8f14f10c6d21a9bd1d789b8b2e24e/elements - {"using":"xpath","value":"//bdi[text()=\"OK\"]"}
RESULT: {"using":"xpath","value":"//bdi[text()=\"OK\"]"}
COMMAND: POST /session/9ee8f14f10c6d21a9bd1d789b8b2e24e/elements - {"using":"xpath","value":"//bdi[text()=\"OK\"]"}
RESULT: {"using":"xpath","value":"//bdi[text()=\"OK\"]"}
COMMAND: POST /session/9ee8f14f10c6d21a9bd1d789b8b2e24e/elements - {"using":"xpath","value":"//bdi[text()=\"OK\"]"}
RESULT: {"using":"xpath","value":"//bdi[text()=\"OK\"]"}
COMMAND: POST /session/9ee8f14f10c6d21a9bd1d789b8b2e24e/elements - {"using":"xpath","value":"//bdi[text()=\"OK\"]"}
RESULT: {"using":"xpath","value":"//bdi[text()=\"OK\"]"}
COMMAND: POST /session/9ee8f14f10c6d21a9bd1d789b8b2e24e/elements - {"using":"xpath","value":"//bdi[text()=\"OK\"]"}
RESULT: {"using":"xpath","value":"//bdi[text()=\"OK\"]"}
COMMAND: POST /session/9ee8f14f10c6d21a9bd1d789b8b2e24e/elements - {"using":"xpath","value":"//bdi[text()=\"OK\"]"}
RESULT: {"using":"xpath","value":"//bdi[text()=\"OK\"]"}
COMMAND: POST /session/9ee8f14f10c6d21a9bd1d789b8b2e24e/elements - {"using":"xpath","value":"//bdi[text()=\"OK\"]"}
RESULT: {"using":"xpath","value":"//bdi[text()=\"OK\"]"}
COMMAND: POST /session/9ee8f14f10c6d21a9bd1d789b8b2e24e/elements - {"using":"xpath","value":"//bdi[text()=\"OK\"]"}
RESULT: {"using":"xpath","value":"//bdi[text()=\"OK\"]"}
COMMAND: POST /session/9ee8f14f10c6d21a9bd1d789b8b2e24e/elements - {"using":"xpath","value":"//bdi[text()=\"OK\"]"}
RESULT: {"using":"xpath","value":"//bdi[text()=\"OK\"]"}
COMMAND: POST /session/9ee8f14f10c6d21a9bd1d789b8b2e24e/elements - {"using":"xpath","value":"//bdi[text()=\"OK\"]"}
RESULT: {"using":"xpath","value":"//bdi[text()=\"OK\"]"}
COMMAND: POST /session/9ee8f14f10c6d21a9bd1d789b8b2e24e/elements - {"using":"xpath","value":"//bdi[text()=\"OK\"]"}
RESULT: {"using":"xpath","value":"//bdi[text()=\"OK\"]"}
COMMAND: POST /session/9ee8f14f10c6d21a9bd1d789b8b2e24e/elements - {"using":"xpath","value":"//bdi[text()=\"OK\"]"}
RESULT: {"using":"xpath","value":"//bdi[text()=\"OK\"]"}
COMMAND: POST /session/9ee8f14f10c6d21a9bd1d789b8b2e24e/elements - {"using":"xpath","value":"//bdi[text()=\"OK\"]"}
RESULT: {"using":"xpath","value":"//bdi[text()=\"OK\"]"}
COMMAND: POST /session/9ee8f14f10c6d21a9bd1d789b8b2e24e/elements - {"using":"xpath","value":"//bdi[text()=\"OK\"]"}
RESULT: {"using":"xpath","value":"//bdi[text()=\"OK\"]"}
COMMAND: POST /session/9ee8f14f10c6d21a9bd1d789b8b2e24e/elements - {"using":"xpath","value":"//bdi[text()=\"OK\"]"}
RESULT: {"using":"xpath","value":"//bdi[text()=\"OK\"]"}
COMMAND: POST /session/9ee8f14f10c6d21a9bd1d789b8b2e24e/elements - {"using":"xpath","value":"//bdi[text()=\"OK\"]"}
RESULT: {"using":"xpath","value":"//bdi[text()=\"OK\"]"}
COMMAND: POST /session/9ee8f14f10c6d21a9bd1d789b8b2e24e/elements - {"using":"xpath","value":"//bdi[text()=\"OK\"]"}
RESULT: {"using":"xpath","value":"//bdi[text()=\"OK\"]"}
COMMAND: POST /session/9ee8f14f10c6d21a9bd1d789b8b2e24e/elements - {"using":"xpath","value":"//bdi[text()=\"OK\"]"}
RESULT: {"using":"xpath","value":"//bdi[text()=\"OK\"]"}
COMMAND: POST /session/9ee8f14f10c6d21a9bd1d789b8b2e24e/elements - {"using":"xpath","value":"//bdi[text()=\"OK\"]"}
RESULT: {"using":"xpath","value":"//bdi[text()=\"OK\"]"}
COMMAND: POST /session/9ee8f14f10c6d21a9bd1d789b8b2e24e/elements - {"using":"xpath","value":"//bdi[text()=\"OK\"]"}
RESULT: {"using":"xpath","value":"//bdi[text()=\"OK\"]"}
COMMAND: POST /session/9ee8f14f10c6d21a9bd1d789b8b2e24e/elements - {"using":"xpath","value":"//bdi[text()=\"OK\"]"}
RESULT: {"using":"xpath","value":"//bdi[text()=\"OK\"]"}
COMMAND: POST /session/9ee8f14f10c6d21a9bd1d789b8b2e24e/elements - {"using":"xpath","value":"//bdi[text()=\"OK\"]"}
RESULT: {"using":"xpath","value":"//bdi[text()=\"OK\"]"}
COMMAND: POST /session/9ee8f14f10c6d21a9bd1d789b8b2e24e/elements - {"using":"xpath","value":"//bdi[text()=\"OK\"]"}
RESULT: {"using":"xpath","value":"//bdi[text()=\"OK\"]"}
COMMAND: POST /session/9ee8f14f10c6d21a9bd1d789b8b2e24e/elements - {"using":"xpath","value":"//bdi[text()=\"OK\"]"}
RESULT: {"using":"xpath","value":"//bdi[text()=\"OK\"]"}
COMMAND: POST /session/9ee8f14f10c6d21a9bd1d789b8b2e24e/elements - {"using":"xpath","value":"//bdi[text()=\"OK\"]"}
RESULT: {"using":"xpath","value":"//bdi[text()=\"OK\"]"}
COMMAND: POST /session/9ee8f14f10c6d21a9bd1d789b8b2e24e/elements - {"using":"xpath","value":"//bdi[text()=\"OK\"]"}
RESULT: {"using":"xpath","value":"//bdi[text()=\"OK\"]"}
COMMAND: POST /session/9ee8f14f10c6d21a9bd1d789b8b2e24e/elements - {"using":"xpath","value":"//bdi[text()=\"OK\"]"}
RESULT: {"using":"xpath","value":"//bdi[text()=\"OK\"]"}
COMMAND: POST /session/9ee8f14f10c6d21a9bd1d789b8b2e24e/elements - {"using":"xpath","value":"//bdi[text()=\"OK\"]"}
RESULT: {"using":"xpath","value":"//bdi[text()=\"OK\"]"}
COMMAND: POST /session/9ee8f14f10c6d21a9bd1d789b8b2e24e/elements - {"using":"xpath","value":"//bdi[text()=\"OK\"]"}
RESULT: {"using":"xpath","value":"//bdi[text()=\"OK\"]"}
COMMAND: POST /session/9ee8f14f10c6d21a9bd1d789b8b2e24e/elements - {"using":"xpath","value":"//bdi[text()=\"OK\"]"}
RESULT: {"using":"xpath","value":"//bdi[text()=\"OK\"]"}
COMMAND: POST /session/9ee8f14f10c6d21a9bd1d789b8b2e24e/elements - {"using":"xpath","value":"//bdi[text()=\"OK\"]"}
RESULT: {"using":"xpath","value":"//bdi[text()=\"OK\"]"}
COMMAND: POST /session/9ee8f14f10c6d21a9bd1d789b8b2e24e/elements - {"using":"xpath","value":"//bdi[text()=\"OK\"]"}
RESULT: {"using":"xpath","value":"//bdi[text()=\"OK\"]"}
COMMAND: POST /session/9ee8f14f10c6d21a9bd1d789b8b2e24e/elements - {"using":"xpath","value":"//bdi[text()=\"OK\"]"}
RESULT: {"using":"xpath","value":"//bdi[text()=\"OK\"]"}
COMMAND: POST /session/9ee8f14f10c6d21a9bd1d789b8b2e24e/elements - {"using":"xpath","value":"//bdi[text()=\"OK\"]"}
RESULT: {"using":"xpath","value":"//bdi[text()=\"OK\"]"}
COMMAND: POST /session/9ee8f14f10c6d21a9bd1d789b8b2e24e/elements - {"using":"xpath","value":"//bdi[text()=\"OK\"]"}
RESULT: {"using":"xpath","value":"//bdi[text()=\"OK\"]"}
COMMAND: POST /session/9ee8f14f10c6d21a9bd1d789b8b2e24e/elements - {"using":"xpath","value":"//bdi[text()=\"OK\"]"}
RESULT: {"using":"xpath","value":"//bdi[text()=\"OK\"]"}
COMMAND: POST /session/9ee8f14f10c6d21a9bd1d789b8b2e24e/elements - {"using":"xpath","value":"//bdi[text()=\"OK\"]"}
RESULT: {"using":"xpath","value":"//bdi[text()=\"OK\"]"}
COMMAND: POST /session/9ee8f14f10c6d21a9bd1d789b8b2e24e/elements - {"using":"xpath","value":"//bdi[text()=\"OK\"]"}
RESULT: {"using":"xpath","value":"//bdi[text()=\"OK\"]"}
COMMAND: POST /session/9ee8f14f10c6d21a9bd1d789b8b2e24e/elements - {"using":"xpath","value":"//bdi[text()=\"OK\"]"}
RESULT: {"using":"xpath","value":"//bdi[text()=\"OK\"]"}
COMMAND: POST /session/9ee8f14f10c6d21a9bd1d789b8b2e24e/elements - {"using":"xpath","value":"//bdi[text()=\"OK\"]"}
RESULT: {"using":"xpath","value":"//bdi[text()=\"OK\"]"}
COMMAND: POST /session/9ee8f14f10c6d21a9bd1d789b8b2e24e/elements - {"using":"xpath","value":"//bdi[text()=\"OK\"]"}
RESULT: {"using":"xpath","value":"//bdi[text()=\"OK\"]"}
COMMAND: POST /session/9ee8f14f10c6d21a9bd1d789b8b2e24e/elements - {"using":"xpath","value":"//bdi[text()=\"OK\"]"}
RESULT: {"using":"xpath","value":"//bdi[text()=\"OK\"]"}
COMMAND: POST /session/9ee8f14f10c6d21a9bd1d789b8b2e24e/elements - {"using":"xpath","value":"//bdi[text()=\"OK\"]"}
RESULT: {"using":"xpath","value":"//bdi[text()=\"OK\"]"}
COMMAND: POST /session/9ee8f14f10c6d21a9bd1d789b8b2e24e/elements - {"using":"xpath","value":"//bdi[text()=\"OK\"]"}
RESULT: {"using":"xpath","value":"//bdi[text()=\"OK\"]"}
COMMAND: POST /session/9ee8f14f10c6d21a9bd1d789b8b2e24e/elements - {"using":"xpath","value":"//bdi[text()=\"OK\"]"}
RESULT: {"using":"xpath","value":"//bdi[text()=\"OK\"]"}
COMMAND: POST /session/9ee8f14f10c6d21a9bd1d789b8b2e24e/elements - {"using":"xpath","value":"//bdi[text()=\"OK\"]"}
COMMAND: POST /session/9ee8f14f10c6d21a9bd1d789b8b2e24e/execute/async - {"script":"<script> [1562 bytes]","args":[{"selector":{"id":"application-manageresources-display-component---newResourceUnit--TYPE-arrow"},"wdio_ui5_key":"applicationmanageresources-display-component---newResourceUnit--TYPE-arrow"}]}
RESULT: {"using":"xpath","value":"//bdi[text()=\"OK\"]"}
RESULT: {"script":"<script> [1562 bytes]","args":[{"selector":{"id":"application-manageresources-display-component---newResourceUnit--TYPE-arrow"},"wdio_ui5_key":"applicationmanageresources-display-component---newResourceUnit--TYPE-arrow"}]}
RESULT: undefined
COMMAND: POST /session/9ee8f14f10c6d21a9bd1d789b8b2e24e/element - {"using":"xpath","value":"//*[@id=\"application-manageresources-display-component---newResourceUnit--TYPE-arrow\"]"}
RESULT: {"using":"xpath","value":"//*[@id=\"application-manageresources-display-component---newResourceUnit--TYPE-arrow\"]"}
COMMAND: POST /session/9ee8f14f10c6d21a9bd1d789b8b2e24e/element/f.F4456A30B5DD81BD5266FF5FFADC42DE.d.9891AE4FDDC654A50A4CB2D7B24BFC4A.e.6290/click - {}
RESULT: {}
COMMAND: POST /session/9ee8f14f10c6d21a9bd1d789b8b2e24e/execute/async - {"script":"<script> [1562 bytes]","args":[{"selector":{"controlType":"sap.m.StandardListItem","viewName":"reusables.view.manageresources.NewResourceUnit","viewId":"application-manageresources-display-component---newResourceUnit","properties":{"title":"Material"},"searchOpenDialogs":true,"interaction":{"idSuffix":"titleText"}},"wdio_ui5_key":"reusablesview.manageresources.NewResourceUnitsap.m.StandardListItem{\"title\":\"Material\"}"}]}
COMMAND: GET /session/9ee8f14f10c6d21a9bd1d789b8b2e24e/screenshot - {}
RESULT: {"script":"<script> [1562 bytes]","args":[{"selector":{"controlType":"sap.m.StandardListItem","viewName":"reusables.view.manageresources.NewResourceUnit","viewId":"application-manageresources-display-component---newResourceUnit","properties":{"title":"Material"},"searchOpenDialogs":true,"interaction":{"idSuffix":"titleText"}},"wdio_ui5_key":"reusablesview.manageresources.NewResourceUnitsap.m.StandardListItem{\"title\":\"Material\"}"}]}
RESULT: undefined
COMMAND: POST /session/9ee8f14f10c6d21a9bd1d789b8b2e24e/element - {"using":"xpath","value":"//*[@id=\"__item142\"]"}
RESULT: {}
RESULT: {"using":"xpath","value":"//*[@id=\"__item142\"]"}
COMMAND: POST /session/9ee8f14f10c6d21a9bd1d789b8b2e24e/element/f.F4456A30B5DD81BD5266FF5FFADC42DE.d.9891AE4FDDC654A50A4CB2D7B24BFC4A.e.6293/click - {}
RESULT: {}
COMMAND: POST /session/9ee8f14f10c6d21a9bd1d789b8b2e24e/execute/async - {"script":"<script> [1562 bytes]","args":[{"selector":{"id":"application-manageresources-display-component---newResourceUnit--SHORT_TEXT","interaction":{"idSuffix":"inner"}},"wdio_ui5_key":"applicationmanageresources-display-component---newResourceUnit--SHORT_TEXT"}]}
COMMAND: GET /session/9ee8f14f10c6d21a9bd1d789b8b2e24e/screenshot - {}
RESULT: {"script":"<script> [1562 bytes]","args":[{"selector":{"id":"application-manageresources-display-component---newResourceUnit--SHORT_TEXT","interaction":{"idSuffix":"inner"}},"wdio_ui5_key":"applicationmanageresources-display-component---newResourceUnit--SHORT_TEXT"}]}
RESULT: undefined
COMMAND: POST /session/9ee8f14f10c6d21a9bd1d789b8b2e24e/execute/async - {"script":"<script> [776 bytes]","args":[{"enterText":"WebdriverRU R2Co44pn","selector":{"id":"application-manageresources-display-component---newResourceUnit--SHORT_TEXT","interaction":{"idSuffix":"inner"}},"clearTextFirst":true,"interactionType":"ENTER_TEXT"}]}
RESULT: {}
RESULT: {"script":"<script> [776 bytes]","args":[{"enterText":"WebdriverRU R2Co44pn","selector":{"id":"application-manageresources-display-component---newResourceUnit--SHORT_TEXT","interaction":{"idSuffix":"inner"}},"clearTextFirst":true,"interactionType":"ENTER_TEXT"}]}
COMMAND: POST /session/9ee8f14f10c6d21a9bd1d789b8b2e24e/execute/async - {"script":"<script> [1562 bytes]","args":[{"selector":{"id":"application-manageresources-display-component---newResourceUnit--BASE_UNIT_OF_MEASURE-arrow"},"wdio_ui5_key":"applicationmanageresources-display-component---newResourceUnit--BASE_UNIT_OF_MEASURE-arrow"}]}
RESULT: {"script":"<script> [1562 bytes]","args":[{"selector":{"id":"application-manageresources-display-component---newResourceUnit--BASE_UNIT_OF_MEASURE-arrow"},"wdio_ui5_key":"applicationmanageresources-display-component---newResourceUnit--BASE_UNIT_OF_MEASURE-arrow"}]}
RESULT: undefined
COMMAND: POST /session/9ee8f14f10c6d21a9bd1d789b8b2e24e/element - {"using":"xpath","value":"//*[@id=\"application-manageresources-display-component---newResourceUnit--BASE_UNIT_OF_MEASURE-arrow\"]"}
RESULT: {"using":"xpath","value":"//*[@id=\"application-manageresources-display-component---newResourceUnit--BASE_UNIT_OF_MEASURE-arrow\"]"}
COMMAND: POST /session/9ee8f14f10c6d21a9bd1d789b8b2e24e/element/f.F4456A30B5DD81BD5266FF5FFADC42DE.d.9891AE4FDDC654A50A4CB2D7B24BFC4A.e.6351/click - {}
RESULT: {}
COMMAND: POST /session/9ee8f14f10c6d21a9bd1d789b8b2e24e/execute/async - {"script":"<script> [1562 bytes]","args":[{"selector":{"controlType":"sap.m.StandardListItem","viewName":"reusables.view.manageresources.NewResourceUnit","viewId":"application-manageresources-display-component---newResourceUnit","properties":{"title":"Piece"},"searchOpenDialogs":true,"interaction":{"idSuffix":"titleText"}},"wdio_ui5_key":"reusablesview.manageresources.NewResourceUnitsap.m.StandardListItem{\"title\":\"Piece\"}"}]}
COMMAND: GET /session/9ee8f14f10c6d21a9bd1d789b8b2e24e/screenshot - {}
RESULT: {"script":"<script> [1562 bytes]","args":[{"selector":{"controlType":"sap.m.StandardListItem","viewName":"reusables.view.manageresources.NewResourceUnit","viewId":"application-manageresources-display-component---newResourceUnit","properties":{"title":"Piece"},"searchOpenDialogs":true,"interaction":{"idSuffix":"titleText"}},"wdio_ui5_key":"reusablesview.manageresources.NewResourceUnitsap.m.StandardListItem{\"title\":\"Piece\"}"}]}
RESULT: undefined
COMMAND: POST /session/9ee8f14f10c6d21a9bd1d789b8b2e24e/element - {"using":"xpath","value":"//*[@id=\"__item186\"]"}
RESULT: {}
RESULT: {"using":"xpath","value":"//*[@id=\"__item186\"]"}
COMMAND: POST /session/9ee8f14f10c6d21a9bd1d789b8b2e24e/element/f.F4456A30B5DD81BD5266FF5FFADC42DE.d.9891AE4FDDC654A50A4CB2D7B24BFC4A.e.6353/click - {}
RESULT: {}
COMMAND: POST /session/9ee8f14f10c6d21a9bd1d789b8b2e24e/execute/async - {"script":"<script> [1562 bytes]","args":[{"selector":{"id":"application-manageresources-display-component---newResourceUnit--WEIGHT_UNIT-arrow"},"wdio_ui5_key":"applicationmanageresources-display-component---newResourceUnit--WEIGHT_UNIT-arrow"}]}
COMMAND: GET /session/9ee8f14f10c6d21a9bd1d789b8b2e24e/screenshot - {}
RESULT: {"script":"<script> [1562 bytes]","args":[{"selector":{"id":"application-manageresources-display-component---newResourceUnit--WEIGHT_UNIT-arrow"},"wdio_ui5_key":"applicationmanageresources-display-component---newResourceUnit--WEIGHT_UNIT-arrow"}]}
RESULT: undefined
COMMAND: POST /session/9ee8f14f10c6d21a9bd1d789b8b2e24e/element - {"using":"xpath","value":"//*[@id=\"application-manageresources-display-component---newResourceUnit--WEIGHT_UNIT-arrow\"]"}
RESULT: {}
RESULT: {"using":"xpath","value":"//*[@id=\"application-manageresources-display-component---newResourceUnit--WEIGHT_UNIT-arrow\"]"}
COMMAND: POST /session/9ee8f14f10c6d21a9bd1d789b8b2e24e/element/f.F4456A30B5DD81BD5266FF5FFADC42DE.d.9891AE4FDDC654A50A4CB2D7B24BFC4A.e.6354/click - {}
RESULT: {}
COMMAND: POST /session/9ee8f14f10c6d21a9bd1d789b8b2e24e/execute/async - {"script":"<script> [1562 bytes]","args":[{"selector":{"controlType":"sap.m.StandardListItem","viewName":"reusables.view.manageresources.NewResourceUnit","viewId":"application-manageresources-display-component---newResourceUnit","properties":{"title":"Gram"},"searchOpenDialogs":true,"interaction":{"idSuffix":"content"}},"wdio_ui5_key":"reusablesview.manageresources.NewResourceUnitsap.m.StandardListItem{\"title\":\"Gram\"}"}]}
COMMAND: GET /session/9ee8f14f10c6d21a9bd1d789b8b2e24e/screenshot - {}
RESULT: {"script":"<script> [1562 bytes]","args":[{"selector":{"controlType":"sap.m.StandardListItem","viewName":"reusables.view.manageresources.NewResourceUnit","viewId":"application-manageresources-display-component---newResourceUnit","properties":{"title":"Gram"},"searchOpenDialogs":true,"interaction":{"idSuffix":"content"}},"wdio_ui5_key":"reusablesview.manageresources.NewResourceUnitsap.m.StandardListItem{\"title\":\"Gram\"}"}]}
RESULT: undefined
COMMAND: POST /session/9ee8f14f10c6d21a9bd1d789b8b2e24e/element - {"using":"xpath","value":"//*[@id=\"__item251\"]"}
RESULT: {}
RESULT: {"using":"xpath","value":"//*[@id=\"__item251\"]"}
COMMAND: POST /session/9ee8f14f10c6d21a9bd1d789b8b2e24e/element/f.F4456A30B5DD81BD5266FF5FFADC42DE.d.9891AE4FDDC654A50A4CB2D7B24BFC4A.e.6356/click - {}
RESULT: {}
COMMAND: GET /session/9ee8f14f10c6d21a9bd1d789b8b2e24e/screenshot - {}
RESULT: {}
COMMAND: POST /session/9ee8f14f10c6d21a9bd1d789b8b2e24e/execute/async - {"script":"<script> [1562 bytes]","args":[{"selector":{"id":"application-manageresources-display-component---newResourceUnit--newRRUPage-OPHeaderContent-collapseBtn-img"},"wdio_ui5_key":"applicationmanageresources-display-component---newResourceUnit--newRRUPage-OPHeaderContent-collapseBtn-img"}]}
RESULT: {"script":"<script> [1562 bytes]","args":[{"selector":{"id":"application-manageresources-display-component---newResourceUnit--newRRUPage-OPHeaderContent-collapseBtn-img"},"wdio_ui5_key":"applicationmanageresources-display-component---newResourceUnit--newRRUPage-OPHeaderContent-collapseBtn-img"}]}
RESULT: undefined
COMMAND: POST /session/9ee8f14f10c6d21a9bd1d789b8b2e24e/element - {"using":"xpath","value":"//*[@id=\"application-manageresources-display-component---newResourceUnit--newRRUPage-OPHeaderContent-collapseBtn-img\"]"}
RESULT: {"using":"xpath","value":"//*[@id=\"application-manageresources-display-component---newResourceUnit--newRRUPage-OPHeaderContent-collapseBtn-img\"]"}
COMMAND: POST /session/9ee8f14f10c6d21a9bd1d789b8b2e24e/element/f.F4456A30B5DD81BD5266FF5FFADC42DE.d.9891AE4FDDC654A50A4CB2D7B24BFC4A.e.6301/click - {}
RESULT: {}
COMMAND: GET /session/9ee8f14f10c6d21a9bd1d789b8b2e24e/screenshot - {}
RESULT: {}
COMMAND: POST /session/9ee8f14f10c6d21a9bd1d789b8b2e24e/element - {"using":"xpath","value":"(//span[contains(@id ,\"application-manageresources-display-component---newResourceUnit--DIMENSION_UNIT-arrow\")])[1]"}
RESULT: {"using":"xpath","value":"(//span[contains(@id ,\"application-manageresources-display-component---newResourceUnit--DIMENSION_UNIT-arrow\")])[1]"}
COMMAND: POST /session/9ee8f14f10c6d21a9bd1d789b8b2e24e/element/f.F4456A30B5DD81BD5266FF5FFADC42DE.d.9891AE4FDDC654A50A4CB2D7B24BFC4A.e.6362/click - {}
RESULT: {}
COMMAND: GET /session/9ee8f14f10c6d21a9bd1d789b8b2e24e/screenshot - {}
RESULT: {}
COMMAND: POST /session/9ee8f14f10c6d21a9bd1d789b8b2e24e/execute/async - {"script":"<script> [1562 bytes]","args":[{"selector":{"controlType":"sap.m.StandardListItem","viewName":"reusables.view.manageresources.NewResourceUnit","viewId":"application-manageresources-display-component---newResourceUnit","properties":{"title":"Centimeter"},"searchOpenDialogs":true,"interaction":{"idSuffix":"titleText"}},"wdio_ui5_key":"reusablesview.manageresources.NewResourceUnitsap.m.StandardListItem{\"title\":\"Centimeter\"}"}]}
RESULT: {"script":"<script> [1562 bytes]","args":[{"selector":{"controlType":"sap.m.StandardListItem","viewName":"reusables.view.manageresources.NewResourceUnit","viewId":"application-manageresources-display-component---newResourceUnit","properties":{"title":"Centimeter"},"searchOpenDialogs":true,"interaction":{"idSuffix":"titleText"}},"wdio_ui5_key":"reusablesview.manageresources.NewResourceUnitsap.m.StandardListItem{\"title\":\"Centimeter\"}"}]}
RESULT: undefined
COMMAND: POST /session/9ee8f14f10c6d21a9bd1d789b8b2e24e/element - {"using":"xpath","value":"//*[@id=\"__item254\"]"}
RESULT: {"using":"xpath","value":"//*[@id=\"__item254\"]"}
COMMAND: POST /session/9ee8f14f10c6d21a9bd1d789b8b2e24e/element/f.F4456A30B5DD81BD5266FF5FFADC42DE.d.9891AE4FDDC654A50A4CB2D7B24BFC4A.e.6364/click - {}
RESULT: {}
COMMAND: GET /session/9ee8f14f10c6d21a9bd1d789b8b2e24e/screenshot - {}
RESULT: {}
COMMAND: POST /session/9ee8f14f10c6d21a9bd1d789b8b2e24e/execute/async - {"script":"<script> [1562 bytes]","args":[{"selector":{"id":"application-manageresources-display-component---newResourceUnit--newRRUPage-anchBar-application-manageresources-display-component---newResourceUnit--reference-anchor","interaction":{"idSuffix":"BDI-content"}},"wdio_ui5_key":"applicationmanageresources-display-component---newResourceUnit--newRRUPage-anchBar-application-manageresources-display-component---newResourceUnit--reference-anchor"}]}
RESULT: {"script":"<script> [1562 bytes]","args":[{"selector":{"id":"application-manageresources-display-component---newResourceUnit--newRRUPage-anchBar-application-manageresources-display-component---newResourceUnit--reference-anchor","interaction":{"idSuffix":"BDI-content"}},"wdio_ui5_key":"applicationmanageresources-display-component---newResourceUnit--newRRUPage-anchBar-application-manageresources-display-component---newResourceUnit--reference-anchor"}]}
RESULT: undefined
COMMAND: POST /session/9ee8f14f10c6d21a9bd1d789b8b2e24e/element - {"using":"xpath","value":"//*[@id=\"application-manageresources-display-component---newResourceUnit--newRRUPage-anchBar-application-manageresources-display-component---newResourceUnit--reference-anchor\"]"}
RESULT: {"using":"xpath","value":"//*[@id=\"application-manageresources-display-component---newResourceUnit--newRRUPage-anchBar-application-manageresources-display-component---newResourceUnit--reference-anchor\"]"}
COMMAND: POST /session/9ee8f14f10c6d21a9bd1d789b8b2e24e/element/f.F4456A30B5DD81BD5266FF5FFADC42DE.d.9891AE4FDDC654A50A4CB2D7B24BFC4A.e.6366/click - {}
RESULT: {}
COMMAND: POST /session/9ee8f14f10c6d21a9bd1d789b8b2e24e/execute/async - {"script":"<script> [1562 bytes]","args":[{"selector":{"id":"application-manageresources-display-component---newResourceUnit--PLANNING_GROUP-arrow"},"wdio_ui5_key":"applicationmanageresources-display-component---newResourceUnit--PLANNING_GROUP-arrow"}]}
COMMAND: GET /session/9ee8f14f10c6d21a9bd1d789b8b2e24e/screenshot - {}
RESULT: {"script":"<script> [1562 bytes]","args":[{"selector":{"id":"application-manageresources-display-component---newResourceUnit--PLANNING_GROUP-arrow"},"wdio_ui5_key":"applicationmanageresources-display-component---newResourceUnit--PLANNING_GROUP-arrow"}]}
RESULT: undefined
COMMAND: POST /session/9ee8f14f10c6d21a9bd1d789b8b2e24e/element - {"using":"xpath","value":"//*[@id=\"application-manageresources-display-component---newResourceUnit--PLANNING_GROUP-arrow\"]"}
RESULT: {}
RESULT: {"using":"xpath","value":"//*[@id=\"application-manageresources-display-component---newResourceUnit--PLANNING_GROUP-arrow\"]"}
COMMAND: POST /session/9ee8f14f10c6d21a9bd1d789b8b2e24e/element/f.F4456A30B5DD81BD5266FF5FFADC42DE.d.9891AE4FDDC654A50A4CB2D7B24BFC4A.e.6370/click - {}
RESULT: {}
COMMAND: POST /session/9ee8f14f10c6d21a9bd1d789b8b2e24e/execute/async - {"script":"<script> [1562 bytes]","args":[{"selector":{"controlType":"sap.m.StandardListItem","viewName":"reusables.view.manageresources.NewResourceUnit","viewId":"application-manageresources-display-component---newResourceUnit","properties":{"title":"Heavy Equi"},"searchOpenDialogs":true,"interaction":{"idSuffix":"content"}},"wdio_ui5_key":"reusablesview.manageresources.NewResourceUnitsap.m.StandardListItem{\"title\":\"Heavy Equi\"}"}]}
COMMAND: GET /session/9ee8f14f10c6d21a9bd1d789b8b2e24e/screenshot - {}
RESULT: {"script":"<script> [1562 bytes]","args":[{"selector":{"controlType":"sap.m.StandardListItem","viewName":"reusables.view.manageresources.NewResourceUnit","viewId":"application-manageresources-display-component---newResourceUnit","properties":{"title":"Heavy Equi"},"searchOpenDialogs":true,"interaction":{"idSuffix":"content"}},"wdio_ui5_key":"reusablesview.manageresources.NewResourceUnitsap.m.StandardListItem{\"title\":\"Heavy Equi\"}"}]}
RESULT: undefined
COMMAND: POST /session/9ee8f14f10c6d21a9bd1d789b8b2e24e/element - {"using":"xpath","value":"//*[@id=\"__item262\"]"}
RESULT: {}
RESULT: {"using":"xpath","value":"//*[@id=\"__item262\"]"}
COMMAND: POST /session/9ee8f14f10c6d21a9bd1d789b8b2e24e/element/f.F4456A30B5DD81BD5266FF5FFADC42DE.d.9891AE4FDDC654A50A4CB2D7B24BFC4A.e.6373/click - {}
RESULT: {}
COMMAND: GET /session/9ee8f14f10c6d21a9bd1d789b8b2e24e/screenshot - {}
RESULT: {}
COMMAND: POST /session/9ee8f14f10c6d21a9bd1d789b8b2e24e/execute/async - {"script":"<script> [1562 bytes]","args":[{"selector":{"id":"application-manageresources-display-component---newResourceUnit--PLANNING_INDICATOR-arrow"},"wdio_ui5_key":"applicationmanageresources-display-component---newResourceUnit--PLANNING_INDICATOR-arrow"}]}
RESULT: {"script":"<script> [1562 bytes]","args":[{"selector":{"id":"application-manageresources-display-component---newResourceUnit--PLANNING_INDICATOR-arrow"},"wdio_ui5_key":"applicationmanageresources-display-component---newResourceUnit--PLANNING_INDICATOR-arrow"}]}
RESULT: undefined
COMMAND: POST /session/9ee8f14f10c6d21a9bd1d789b8b2e24e/element - {"using":"xpath","value":"//*[@id=\"application-manageresources-display-component---newResourceUnit--PLANNING_INDICATOR-arrow\"]"}
RESULT: {"using":"xpath","value":"//*[@id=\"application-manageresources-display-component---newResourceUnit--PLANNING_INDICATOR-arrow\"]"}
COMMAND: POST /session/9ee8f14f10c6d21a9bd1d789b8b2e24e/element/f.F4456A30B5DD81BD5266FF5FFADC42DE.d.9891AE4FDDC654A50A4CB2D7B24BFC4A.e.6374/click - {}
RESULT: {}
COMMAND: POST /session/9ee8f14f10c6d21a9bd1d789b8b2e24e/execute/async - {"script":"<script> [1562 bytes]","args":[{"selector":{"controlType":"sap.m.StandardListItem","viewName":"reusables.view.manageresources.NewResourceUnit","viewId":"application-manageresources-display-component---newResourceUnit","properties":{"title":"10 - infinite"},"searchOpenDialogs":true,"interaction":{"idSuffix":"content"}},"wdio_ui5_key":"reusablesview.manageresources.NewResourceUnitsap.m.StandardListItem{\"title\":\"10 - infinite\"}"}]}
COMMAND: GET /session/9ee8f14f10c6d21a9bd1d789b8b2e24e/screenshot - {}
RESULT: {"script":"<script> [1562 bytes]","args":[{"selector":{"controlType":"sap.m.StandardListItem","viewName":"reusables.view.manageresources.NewResourceUnit","viewId":"application-manageresources-display-component---newResourceUnit","properties":{"title":"10 - infinite"},"searchOpenDialogs":true,"interaction":{"idSuffix":"content"}},"wdio_ui5_key":"reusablesview.manageresources.NewResourceUnitsap.m.StandardListItem{\"title\":\"10 - infinite\"}"}]}
RESULT: undefined
COMMAND: POST /session/9ee8f14f10c6d21a9bd1d789b8b2e24e/element - {"using":"xpath","value":"//*[@id=\"__item272\"]"}
RESULT: {}
RESULT: {"using":"xpath","value":"//*[@id=\"__item272\"]"}
COMMAND: POST /session/9ee8f14f10c6d21a9bd1d789b8b2e24e/element/f.F4456A30B5DD81BD5266FF5FFADC42DE.d.9891AE4FDDC654A50A4CB2D7B24BFC4A.e.6376/click - {}
RESULT: {}
COMMAND: GET /session/9ee8f14f10c6d21a9bd1d789b8b2e24e/screenshot - {}
RESULT: {}
COMMAND: POST /session/9ee8f14f10c6d21a9bd1d789b8b2e24e/element - {"using":"xpath","value":"//bdi[contains(text(), \"Time Segment\")]"}
RESULT: {"using":"xpath","value":"//bdi[contains(text(), \"Time Segment\")]"}
COMMAND: GET /session/9ee8f14f10c6d21a9bd1d789b8b2e24e/element/f.F4456A30B5DD81BD5266FF5FFADC42DE.d.9891AE4FDDC654A50A4CB2D7B24BFC4A.e.6377/rect - {}
RESULT: {}
COMMAND: GET /session/9ee8f14f10c6d21a9bd1d789b8b2e24e/window/rect - {}
RESULT: {}
COMMAND: POST /session/9ee8f14f10c6d21a9bd1d789b8b2e24e/execute/sync - {"script":"<script> [92 bytes]","args":[]}
RESULT: {"script":"<script> [92 bytes]","args":[]}
COMMAND: POST /session/9ee8f14f10c6d21a9bd1d789b8b2e24e/actions - {"actions":[{"id":"action17","type":"wheel","parameters":{},"actions":[{"type":"scroll","x":-1820,"y":-21,"deltaX":0,"deltaY":0,"duration":0,"origin":{"element-6066-11e4-a52e-4f735466cecf":"f.F4456A30B5DD81BD5266FF5FFADC42DE.d.9891AE4FDDC654A50A4CB2D7B24BFC4A.e.6377"}}]}]}
COMMAND: GET /session/9ee8f14f10c6d21a9bd1d789b8b2e24e/screenshot - {}
RESULT: {}
COMMAND: POST /session/9ee8f14f10c6d21a9bd1d789b8b2e24e/execute/sync - {"script":"<script> [79 bytes]","args":[{"element-6066-11e4-a52e-4f735466cecf":"f.F4456A30B5DD81BD5266FF5FFADC42DE.d.9891AE4FDDC654A50A4CB2D7B24BFC4A.e.6377","ELEMENT":"f.F4456A30B5DD81BD5266FF5FFADC42DE.d.9891AE4FDDC654A50A4CB2D7B24BFC4A.e.6377"},{"block":"start","inline":"nearest"}]}
RESULT: {"script":"<script> [79 bytes]","args":[{"element-6066-11e4-a52e-4f735466cecf":"f.F4456A30B5DD81BD5266FF5FFADC42DE.d.9891AE4FDDC654A50A4CB2D7B24BFC4A.e.6377","ELEMENT":"f.F4456A30B5DD81BD5266FF5FFADC42DE.d.9891AE4FDDC654A50A4CB2D7B24BFC4A.e.6377"},{"block":"start","inline":"nearest"}]}
COMMAND: GET /session/9ee8f14f10c6d21a9bd1d789b8b2e24e/screenshot - {}
RESULT: {}
COMMAND: POST /session/9ee8f14f10c6d21a9bd1d789b8b2e24e/element - {"using":"xpath","value":"//span[@id=\"application-manageresources-display-component---newResourceUnit--btnAddTimeSegment-img\"]"}
RESULT: {"using":"xpath","value":"//span[@id=\"application-manageresources-display-component---newResourceUnit--btnAddTimeSegment-img\"]"}
COMMAND: POST /session/9ee8f14f10c6d21a9bd1d789b8b2e24e/execute/sync - {"script":"<script> [8489 bytes]","args":[{"element-6066-11e4-a52e-4f735466cecf":"f.F4456A30B5DD81BD5266FF5FFADC42DE.d.9891AE4FDDC654A50A4CB2D7B24BFC4A.e.6380","ELEMENT":"f.F4456A30B5DD81BD5266FF5FFADC42DE.d.9891AE4FDDC654A50A4CB2D7B24BFC4A.e.6380"}]}
RESULT: {"script":"<script> [8489 bytes]","args":[{"element-6066-11e4-a52e-4f735466cecf":"f.F4456A30B5DD81BD5266FF5FFADC42DE.d.9891AE4FDDC654A50A4CB2D7B24BFC4A.e.6380","ELEMENT":"f.F4456A30B5DD81BD5266FF5FFADC42DE.d.9891AE4FDDC654A50A4CB2D7B24BFC4A.e.6380"}]}
COMMAND: POST /session/9ee8f14f10c6d21a9bd1d789b8b2e24e/element/f.F4456A30B5DD81BD5266FF5FFADC42DE.d.9891AE4FDDC654A50A4CB2D7B24BFC4A.e.6380/click - {}
COMMAND: GET /session/9ee8f14f10c6d21a9bd1d789b8b2e24e/screenshot - {}
RESULT: {}
COMMAND: GET /session/9ee8f14f10c6d21a9bd1d789b8b2e24e/screenshot - {}
RESULT: {}
COMMAND: POST /session/9ee8f14f10c6d21a9bd1d789b8b2e24e/element - {"using":"xpath","value":"//input[@id=\"application-manageresources-display-component---newResourceUnit--idRuTSAdmin-application-manageresources-display-component---newResourceUnit--RUTimeSegment-0-inner\"]"}
RESULT: {}
RESULT: {"using":"xpath","value":"//input[@id=\"application-manageresources-display-component---newResourceUnit--idRuTSAdmin-application-manageresources-display-component---newResourceUnit--RUTimeSegment-0-inner\"]"}
COMMAND: POST /session/9ee8f14f10c6d21a9bd1d789b8b2e24e/element/f.F4456A30B5DD81BD5266FF5FFADC42DE.d.9891AE4FDDC654A50A4CB2D7B24BFC4A.e.6383/clear - {}
RESULT: {}
COMMAND: POST /session/9ee8f14f10c6d21a9bd1d789b8b2e24e/element/f.F4456A30B5DD81BD5266FF5FFADC42DE.d.9891AE4FDDC654A50A4CB2D7B24BFC4A.e.6383/value - {"text":"537"}
COMMAND: GET /session/9ee8f14f10c6d21a9bd1d789b8b2e24e/screenshot - {}
RESULT: {"text":"537"}
COMMAND: GET /session/9ee8f14f10c6d21a9bd1d789b8b2e24e/screenshot - {}
RESULT: {}
RESULT: {}
COMMAND: POST /session/9ee8f14f10c6d21a9bd1d789b8b2e24e/actions - {"actions":[{"id":"action18","type":"key","parameters":{},"actions":[{"type":"keyDown","value":"î€‡"},{"type":"pause","duration":10},{"type":"keyUp","value":"î€‡"}]}]}
RESULT: {"actions":[{"id":"action18","type":"key","parameters":{},"actions":[{"type":"keyDown","value":"î€‡"},{"type":"pause","duration":10},{"type":"keyUp","value":"î€‡"}]}]}
COMMAND: GET /session/9ee8f14f10c6d21a9bd1d789b8b2e24e/screenshot - {}
RESULT: {}
COMMAND: POST /session/9ee8f14f10c6d21a9bd1d789b8b2e24e/execute/async - {"script":"<script> [1562 bytes]","args":[{"selector":{"controlType":"sap.m.Button","viewName":"reusables.view.manageresources.NewResourceUnit","viewId":"application-manageresources-display-component---newResourceUnit","i18NText":{"propertyName":"tooltip","key":"save"},"interaction":{"idSuffix":"BDI-content"}},"wdio_ui5_key":"reusablesview.manageresources.NewResourceUnitsap.m.Button{\"propertyName\":\"tooltip\",\"key\":\"save\"}"}]}
RESULT: {"script":"<script> [1562 bytes]","args":[{"selector":{"controlType":"sap.m.Button","viewName":"reusables.view.manageresources.NewResourceUnit","viewId":"application-manageresources-display-component---newResourceUnit","i18NText":{"propertyName":"tooltip","key":"save"},"interaction":{"idSuffix":"BDI-content"}},"wdio_ui5_key":"reusablesview.manageresources.NewResourceUnitsap.m.Button{\"propertyName\":\"tooltip\",\"key\":\"save\"}"}]}
RESULT: undefined
COMMAND: POST /session/9ee8f14f10c6d21a9bd1d789b8b2e24e/element - {"using":"xpath","value":"//*[@id=\"application-manageresources-display-component---newResourceUnit--createRuButton\"]"}
RESULT: {"using":"xpath","value":"//*[@id=\"application-manageresources-display-component---newResourceUnit--createRuButton\"]"}
COMMAND: POST /session/9ee8f14f10c6d21a9bd1d789b8b2e24e/element/f.F4456A30B5DD81BD5266FF5FFADC42DE.d.9891AE4FDDC654A50A4CB2D7B24BFC4A.e.6307/click - {}
RESULT: {}
COMMAND: GET /session/9ee8f14f10c6d21a9bd1d789b8b2e24e/screenshot - {}
RESULT: {}
COMMAND: POST /session/9ee8f14f10c6d21a9bd1d789b8b2e24e/execute/async - {"script":"<script> [1562 bytes]","args":[{"selector":{"controlType":"sap.m.Title","properties":{"text":"Success"},"searchOpenDialogs":true},"wdio_ui5_key":"sapm.Title{\"text\":\"Success\"}"}]}
RESULT: {"script":"<script> [1562 bytes]","args":[{"selector":{"controlType":"sap.m.Title","properties":{"text":"Success"},"searchOpenDialogs":true},"wdio_ui5_key":"sapm.Title{\"text\":\"Success\"}"}]}
RESULT: undefined
COMMAND: POST /session/9ee8f14f10c6d21a9bd1d789b8b2e24e/execute/async - {"script":"<script> [6424 bytes]","args":[{"element-6066-11e4-a52e-4f735466cecf":"f.F4456A30B5DD81BD5266FF5FFADC42DE.d.9891AE4FDDC654A50A4CB2D7B24BFC4A.e.6399"},"getText",[]]}
RESULT: {"script":"<script> [6424 bytes]","args":[{"element-6066-11e4-a52e-4f735466cecf":"f.F4456A30B5DD81BD5266FF5FFADC42DE.d.9891AE4FDDC654A50A4CB2D7B24BFC4A.e.6399"},"getText",[]]}
COMMAND: POST /session/9ee8f14f10c6d21a9bd1d789b8b2e24e/element - {"using":"xpath","value":"//*[contains(@id, '__text') and (contains(text(), 'successfully created') or contains(., 'successfully created'))]"}
RESULT: {"using":"xpath","value":"//*[contains(@id, '__text') and (contains(text(), 'successfully created') or contains(., 'successfully created'))]"}
COMMAND: GET /session/9ee8f14f10c6d21a9bd1d789b8b2e24e/element/f.F4456A30B5DD81BD5266FF5FFADC42DE.d.9891AE4FDDC654A50A4CB2D7B24BFC4A.e.6398/text - {}
RESULT: {}
COMMAND: POST /session/9ee8f14f10c6d21a9bd1d789b8b2e24e/execute/async - {"script":"<script> [1562 bytes]","args":[{"selector":{"controlType":"sap.m.Button","properties":{"text":"Close"},"searchOpenDialogs":true,"interaction":{"idSuffix":"BDI-content"}},"wdio_ui5_key":"sapm.Button{\"text\":\"Close\"}"}]}
RESULT: {"script":"<script> [1562 bytes]","args":[{"selector":{"controlType":"sap.m.Button","properties":{"text":"Close"},"searchOpenDialogs":true,"interaction":{"idSuffix":"BDI-content"}},"wdio_ui5_key":"sapm.Button{\"text\":\"Close\"}"}]}
RESULT: undefined
COMMAND: POST /session/9ee8f14f10c6d21a9bd1d789b8b2e24e/element - {"using":"xpath","value":"//*[@id=\"__mbox-btn-0\"]"}
RESULT: {"using":"xpath","value":"//*[@id=\"__mbox-btn-0\"]"}
COMMAND: POST /session/9ee8f14f10c6d21a9bd1d789b8b2e24e/element/f.F4456A30B5DD81BD5266FF5FFADC42DE.d.9891AE4FDDC654A50A4CB2D7B24BFC4A.e.6395/click - {}
RESULT: {}
COMMAND: GET /session/9ee8f14f10c6d21a9bd1d789b8b2e24e/screenshot - {}
RESULT: {}
COMMAND: POST /session/9ee8f14f10c6d21a9bd1d789b8b2e24e/execute/async - {"script":"<script> [1562 bytes]","args":[{"selector":{"controlType":"sap.ui.core.Icon","viewName":"etm.portal.ui.manageresources.view.Detail","viewId":"application-manageresources-display-component---detailRU","properties":{"src":{"regex":{"source":"overflow"}}}},"wdio_ui5_key":"etmportal.ui.manageresources.view.Detailsap.ui.core.Icon{\"src\":{\"regex\":{\"source\":\"overflow\"}}}"}]}
RESULT: {"script":"<script> [1562 bytes]","args":[{"selector":{"controlType":"sap.ui.core.Icon","viewName":"etm.portal.ui.manageresources.view.Detail","viewId":"application-manageresources-display-component---detailRU","properties":{"src":{"regex":{"source":"overflow"}}}},"wdio_ui5_key":"etmportal.ui.manageresources.view.Detailsap.ui.core.Icon{\"src\":{\"regex\":{\"source\":\"overflow\"}}}"}]}
RESULT: undefined
COMMAND: POST /session/9ee8f14f10c6d21a9bd1d789b8b2e24e/element - {"using":"xpath","value":"//*[@id=\"__title15-_actionsToolbar-overflowButton-img\"]"}
RESULT: {"using":"xpath","value":"//*[@id=\"__title15-_actionsToolbar-overflowButton-img\"]"}
COMMAND: POST /session/9ee8f14f10c6d21a9bd1d789b8b2e24e/element/f.F4456A30B5DD81BD5266FF5FFADC42DE.d.9891AE4FDDC654A50A4CB2D7B24BFC4A.e.6426/click - {}
RESULT: {}
COMMAND: POST /session/9ee8f14f10c6d21a9bd1d789b8b2e24e/execute/async - {"script":"<script> [1562 bytes]","args":[{"selector":{"controlType":"sap.m.Button","viewName":"etm.portal.ui.manageresources.view.Detail","viewId":"application-manageresources-display-component---detailRU","i18NText":{"propertyName":"tooltip","key":"closeColumn"},"searchOpenDialogs":true,"interaction":{"idSuffix":"inner"}},"wdio_ui5_key":"etmportal.ui.manageresources.view.Detailsap.m.Button{\"propertyName\":\"tooltip\",\"key\":\"closeColumn\"}"}]}
COMMAND: GET /session/9ee8f14f10c6d21a9bd1d789b8b2e24e/screenshot - {}
RESULT: {"script":"<script> [1562 bytes]","args":[{"selector":{"controlType":"sap.m.Button","viewName":"etm.portal.ui.manageresources.view.Detail","viewId":"application-manageresources-display-component---detailRU","i18NText":{"propertyName":"tooltip","key":"closeColumn"},"searchOpenDialogs":true,"interaction":{"idSuffix":"inner"}},"wdio_ui5_key":"etmportal.ui.manageresources.view.Detailsap.m.Button{\"propertyName\":\"tooltip\",\"key\":\"closeColumn\"}"}]}
RESULT: undefined
COMMAND: POST /session/9ee8f14f10c6d21a9bd1d789b8b2e24e/element - {"using":"xpath","value":"//*[@id=\"__button43\"]"}
RESULT: {}
RESULT: {"using":"xpath","value":"//*[@id=\"__button43\"]"}
COMMAND: POST /session/9ee8f14f10c6d21a9bd1d789b8b2e24e/element/f.F4456A30B5DD81BD5266FF5FFADC42DE.d.9891AE4FDDC654A50A4CB2D7B24BFC4A.e.6430/click - {}
RESULT: {}
COMMAND: GET /session/9ee8f14f10c6d21a9bd1d789b8b2e24e/screenshot - {}
RESULT: {}
COMMAND: POST /session/9ee8f14f10c6d21a9bd1d789b8b2e24e/refresh - {}
RESULT: {}
COMMAND: GET /session/9ee8f14f10c6d21a9bd1d789b8b2e24e/screenshot - {}
RESULT: {}
COMMAND: POST /session/9ee8f14f10c6d21a9bd1d789b8b2e24e/refresh - {}
RESULT: {}
COMMAND: GET /session/9ee8f14f10c6d21a9bd1d789b8b2e24e/screenshot - {}
RESULT: {}
COMMAND: POST /session/9ee8f14f10c6d21a9bd1d789b8b2e24e/window/fullscreen - {}
RESULT: {}
COMMAND: POST /session/9ee8f14f10c6d21a9bd1d789b8b2e24e/execute/async - {"script":"<script> [189 bytes]","args":[]}
RESULT: {"script":"<script> [189 bytes]","args":[]}
COMMAND: POST /session/9ee8f14f10c6d21a9bd1d789b8b2e24e/execute/async - {"script":"<script> [123 bytes]","args":[]}
RESULT: {"script":"<script> [123 bytes]","args":[]}
COMMAND: POST /session/9ee8f14f10c6d21a9bd1d789b8b2e24e/timeouts - {"script":"<number>"}
RESULT: {"script":"<number>"}
COMMAND: GET /session/9ee8f14f10c6d21a9bd1d789b8b2e24e/timeouts - {}
RESULT: {}
RESULT: undefined
COMMAND: POST /session/9ee8f14f10c6d21a9bd1d789b8b2e24e/execute/async - {"script":"<script> [2676 bytes]","args":[]}
RESULT: {"script":"<script> [2676 bytes]","args":[]}
COMMAND: POST /session/9ee8f14f10c6d21a9bd1d789b8b2e24e/execute/async - {"script":"<script> [2342 bytes]","args":[{"protocol":"http","hostname":"0.0.0.0","path":"/","capabilities":{"browserName":"chrome","goog:chromeOptions":{"binary":"C:\\Program Files\\Google\\Chrome\\Application\\chrome.exe","args":["--start-maximized"]}},"logLevel":"warn","connectionRetryTimeout":120000,"connectionRetryCount":3,"logLevels":{},"enableDirectConnect":true,"strictSSL":true,"_":"65 more keys: [\"cacheDir\",\"port\",\"requestedCapabilities\",\"automationProtocol\",\"baseUrl\",\"waitforInterval\",\"waitforTimeout\",\"onReload\",\"beforeCommand\",\"afterCommand\",\"rootDir\",\"specs\",\"suites\",\"exclude\",\"groupLogsByTestSpec\",\"excludeDriverLogs\",\"bail\",\"framework\",\"reporters\",\"services\",\"maxInstances\",\"maxInstancesPerCapability\",\"injectGlobals\",\"filesToWatch\",\"execArgv\",\"runnerEnv\",\"runner\",\"shard\",\"specFileRetries\",\"specFileRetriesDelay\",\"specFileRetriesDeferred\",\"reporterSyncInterval\",\"reporterSyncTimeout\",\"cucumberFeaturesWithLineNumbers\",\"autoCompileOpts\",\"mochaOpts\",\"jasmineOpts\",\"cucumberOpts\",\"onPrepare\",\"onWorkerStart\",\"onWorkerEnd\",\"before\",\"beforeSession\",\"beforeSuite\",\"beforeHook\",\"beforeTest\",\"afterTest\",\"afterHook\",\"afterSuite\",\"afterSession\",\"after\",\"onComplete\",\"beforeAssertion\",\"afterAssertion\",\"beforeFeature\",\"beforeScenario\",\"beforeStep\",\"afterStep\",\"afterScenario\",\"afterFeature\",\"_\",\"suite\",\"$0\",\"ignoredWorkerServices\",\"wdi5\"]"}]}
RESULT: {"script":"<script> [2342 bytes]","args":[{"protocol":"http","hostname":"0.0.0.0","path":"/","capabilities":{"browserName":"chrome","goog:chromeOptions":{"binary":"C:\\Program Files\\Google\\Chrome\\Application\\chrome.exe","args":["--start-maximized"]}},"logLevel":"warn","connectionRetryTimeout":120000,"connectionRetryCount":3,"logLevels":{},"enableDirectConnect":true,"strictSSL":true,"_":"65 more keys: [\"cacheDir\",\"port\",\"requestedCapabilities\",\"automationProtocol\",\"baseUrl\",\"waitforInterval\",\"waitforTimeout\",\"onReload\",\"beforeCommand\",\"afterCommand\",\"rootDir\",\"specs\",\"suites\",\"exclude\",\"groupLogsByTestSpec\",\"excludeDriverLogs\",\"bail\",\"framework\",\"reporters\",\"services\",\"maxInstances\",\"maxInstancesPerCapability\",\"injectGlobals\",\"filesToWatch\",\"execArgv\",\"runnerEnv\",\"runner\",\"shard\",\"specFileRetries\",\"specFileRetriesDelay\",\"specFileRetriesDeferred\",\"reporterSyncInterval\",\"reporterSyncTimeout\",\"cucumberFeaturesWithLineNumbers\",\"autoCompileOpts\",\"mochaOpts\",\"jasmineOpts\",\"cucumberOpts\",\"onPrepare\",\"onWorkerStart\",\"onWorkerEnd\",\"before\",\"beforeSession\",\"beforeSuite\",\"beforeHook\",\"beforeTest\",\"afterTest\",\"afterHook\",\"afterSuite\",\"afterSession\",\"after\",\"onComplete\",\"beforeAssertion\",\"afterAssertion\",\"beforeFeature\",\"beforeScenario\",\"beforeStep\",\"afterStep\",\"afterScenario\",\"afterFeature\",\"_\",\"suite\",\"$0\",\"ignoredWorkerServices\",\"wdi5\"]"}]}
COMMAND: POST /session/9ee8f14f10c6d21a9bd1d789b8b2e24e/execute/async - {"script":"<script> [21126 bytes]","args":[35000]}
RESULT: {"script":"<script> [21126 bytes]","args":[35000]}
]]></system-out>
    </testcase>
  </testsuite>
  <testsuite timestamp="2025-05-04T15:39:58" time="290.75" tests="1" failures="0" errors="0" skipped="0">
    <properties>
      <property name="specId" value="0" />
      <property name="suiteName" value="create-equipment" />
      <property name="capabilities" value="chrome.135_0_7049_96.windows" />
      <property name="file" value="file:///D:/a/1/s/test/specs/R2C/create-equipment.spec.js" />
    </properties>
    <testcase classname="chrome.135_0_7049_96.windows.create-equipment" name="create equipment" time="274.003">
      <system-out><![CDATA[
COMMAND: POST /session/9ee8f14f10c6d21a9bd1d789b8b2e24e/execute/async - {"script":"<script> [1562 bytes]","args":[{"selector":{"controlType":"sap.m.GenericTile","properties":{"header":"Manage Resources"}},"wdio_ui5_key":"sapm.GenericTile{\"header\":\"Manage Resources\"}"}]}
RESULT: {}
RESULT: {"script":"<script> [1562 bytes]","args":[{"selector":{"controlType":"sap.m.GenericTile","properties":{"header":"Manage Resources"}},"wdio_ui5_key":"sapm.GenericTile{\"header\":\"Manage Resources\"}"}]}
RESULT: undefined
COMMAND: POST /session/9ee8f14f10c6d21a9bd1d789b8b2e24e/element - {"using":"xpath","value":"//*[@id=\"__tile31\"]"}
RESULT: {"using":"xpath","value":"//*[@id=\"__tile31\"]"}
COMMAND: POST /session/9ee8f14f10c6d21a9bd1d789b8b2e24e/element/f.F4456A30B5DD81BD5266FF5FFADC42DE.d.3AA719C2EC1D1119908590D2AC9A75FB.e.6960/click - {}
RESULT: {}
COMMAND: GET /session/9ee8f14f10c6d21a9bd1d789b8b2e24e/screenshot - {}
RESULT: {}
COMMAND: POST /session/9ee8f14f10c6d21a9bd1d789b8b2e24e/element - {"using":"xpath","value":"//button[@data-kt=\"addNewRUOverflowToolbarButton\"]"}
RESULT: {"using":"xpath","value":"//button[@data-kt=\"addNewRUOverflowToolbarButton\"]"}
COMMAND: POST /session/9ee8f14f10c6d21a9bd1d789b8b2e24e/element - {"using":"xpath","value":"//button[@data-kt=\"addNewRUOverflowToolbarButton\"]"}
RESULT: {"using":"xpath","value":"//button[@data-kt=\"addNewRUOverflowToolbarButton\"]"}
COMMAND: POST /session/9ee8f14f10c6d21a9bd1d789b8b2e24e/element - {"using":"xpath","value":"//button[@data-kt=\"addNewRUOverflowToolbarButton\"]"}
RESULT: {"using":"xpath","value":"//button[@data-kt=\"addNewRUOverflowToolbarButton\"]"}
COMMAND: POST /session/9ee8f14f10c6d21a9bd1d789b8b2e24e/element - {"using":"xpath","value":"//button[@data-kt=\"addNewRUOverflowToolbarButton\"]"}
COMMAND: POST /session/9ee8f14f10c6d21a9bd1d789b8b2e24e/execute/async - {"script":"<script> [1562 bytes]","args":[{"selector":{"controlType":"sap.ui.core.Icon","viewName":"etm.portal.ui.manageresources.view.Master","viewId":"application-manageresources-display-component---masterRU","properties":{"src":{"regex":{"source":"add"}}}},"wdio_ui5_key":"etmportal.ui.manageresources.view.Mastersap.ui.core.Icon{\"src\":{\"regex\":{\"source\":\"add\"}}}"}]}
RESULT: {"using":"xpath","value":"//button[@data-kt=\"addNewRUOverflowToolbarButton\"]"}
RESULT: {"script":"<script> [1562 bytes]","args":[{"selector":{"controlType":"sap.ui.core.Icon","viewName":"etm.portal.ui.manageresources.view.Master","viewId":"application-manageresources-display-component---masterRU","properties":{"src":{"regex":{"source":"add"}}}},"wdio_ui5_key":"etmportal.ui.manageresources.view.Mastersap.ui.core.Icon{\"src\":{\"regex\":{\"source\":\"add\"}}}"}]}
RESULT: undefined
COMMAND: POST /session/9ee8f14f10c6d21a9bd1d789b8b2e24e/element - {"using":"xpath","value":"//*[@id=\"__button5-img\"]"}
RESULT: {"using":"xpath","value":"//*[@id=\"__button5-img\"]"}
COMMAND: POST /session/9ee8f14f10c6d21a9bd1d789b8b2e24e/element/f.F4456A30B5DD81BD5266FF5FFADC42DE.d.3AA719C2EC1D1119908590D2AC9A75FB.e.7099/click - {}
RESULT: {}
COMMAND: GET /session/9ee8f14f10c6d21a9bd1d789b8b2e24e/screenshot - {}
RESULT: {}
COMMAND: POST /session/9ee8f14f10c6d21a9bd1d789b8b2e24e/execute/async - {"script":"<script> [1562 bytes]","args":[{"selector":{"controlType":"sap.m.ComboBox","viewName":"reusables.view.manageresources.NewResourceUnit","viewId":"application-manageresources-display-component---newResourceUnit","bindingPath":{"path":"","propertyPath":"/RuTypes","modelName":"catalogModel"},"searchOpenDialogs":true},"wdio_ui5_key":"reusablesview.manageresources.NewResourceUnitsap.m.ComboBox{\"path\":\"\",\"propertyPath\":\"/RuTypes\",\"modelName\":\"catalogModel\"}"}]}
RESULT: {"script":"<script> [1562 bytes]","args":[{"selector":{"controlType":"sap.m.ComboBox","viewName":"reusables.view.manageresources.NewResourceUnit","viewId":"application-manageresources-display-component---newResourceUnit","bindingPath":{"path":"","propertyPath":"/RuTypes","modelName":"catalogModel"},"searchOpenDialogs":true},"wdio_ui5_key":"reusablesview.manageresources.NewResourceUnitsap.m.ComboBox{\"path\":\"\",\"propertyPath\":\"/RuTypes\",\"modelName\":\"catalogModel\"}"}]}
RESULT: undefined
COMMAND: POST /session/9ee8f14f10c6d21a9bd1d789b8b2e24e/execute/async - {"script":"<script> [1562 bytes]","args":[{"selector":{"controlType":"sap.m.ComboBox","viewName":"reusables.view.manageresources.NewResourceUnit","viewId":"application-manageresources-display-component---newResourceUnit","bindingPath":{"path":"","propertyPath":"/Yards","modelName":"catalogModel"},"searchOpenDialogs":true},"wdio_ui5_key":"reusablesview.manageresources.NewResourceUnitsap.m.ComboBox{\"path\":\"\",\"propertyPath\":\"/Yards\",\"modelName\":\"catalogModel\"}"}]}
RESULT: {"script":"<script> [1562 bytes]","args":[{"selector":{"controlType":"sap.m.ComboBox","viewName":"reusables.view.manageresources.NewResourceUnit","viewId":"application-manageresources-display-component---newResourceUnit","bindingPath":{"path":"","propertyPath":"/Yards","modelName":"catalogModel"},"searchOpenDialogs":true},"wdio_ui5_key":"reusablesview.manageresources.NewResourceUnitsap.m.ComboBox{\"path\":\"\",\"propertyPath\":\"/Yards\",\"modelName\":\"catalogModel\"}"}]}
RESULT: undefined
COMMAND: POST /session/9ee8f14f10c6d21a9bd1d789b8b2e24e/execute/async - {"script":"<script> [1562 bytes]","args":[{"selector":{"controlType":"etm.portal.ui.reusables.customControls.LiveSearchComboBox","viewName":"reusables.view.manageresources.NewResourceUnit","viewId":"application-manageresources-display-component---newResourceUnit","bindingPath":{"path":"","propertyPath":"/CatalogItems","modelName":"catalogModel"},"searchOpenDialogs":true},"wdio_ui5_key":"reusablesview.manageresources.NewResourceUnitetm.portal.ui.reusables.customControls.LiveSearchComboBox{\"path\":\"\",\"propertyPath\":\"/CatalogItems\",\"modelName\":\"catalogModel\"}"}]}
RESULT: {"script":"<script> [1562 bytes]","args":[{"selector":{"controlType":"etm.portal.ui.reusables.customControls.LiveSearchComboBox","viewName":"reusables.view.manageresources.NewResourceUnit","viewId":"application-manageresources-display-component---newResourceUnit","bindingPath":{"path":"","propertyPath":"/CatalogItems","modelName":"catalogModel"},"searchOpenDialogs":true},"wdio_ui5_key":"reusablesview.manageresources.NewResourceUnitetm.portal.ui.reusables.customControls.LiveSearchComboBox{\"path\":\"\",\"propertyPath\":\"/CatalogItems\",\"modelName\":\"catalogModel\"}"}]}
RESULT: undefined
COMMAND: POST /session/9ee8f14f10c6d21a9bd1d789b8b2e24e/element - {"using":"xpath","value":"//bdi[text()=\"OK\"]"}
RESULT: {"using":"xpath","value":"//bdi[text()=\"OK\"]"}
COMMAND: POST /session/9ee8f14f10c6d21a9bd1d789b8b2e24e/elements - {"using":"xpath","value":"//bdi[text()=\"OK\"]"}
RESULT: {"using":"xpath","value":"//bdi[text()=\"OK\"]"}
COMMAND: POST /session/9ee8f14f10c6d21a9bd1d789b8b2e24e/elements - {"using":"xpath","value":"//bdi[text()=\"OK\"]"}
RESULT: {"using":"xpath","value":"//bdi[text()=\"OK\"]"}
COMMAND: POST /session/9ee8f14f10c6d21a9bd1d789b8b2e24e/elements - {"using":"xpath","value":"//bdi[text()=\"OK\"]"}
RESULT: {"using":"xpath","value":"//bdi[text()=\"OK\"]"}
COMMAND: POST /session/9ee8f14f10c6d21a9bd1d789b8b2e24e/elements - {"using":"xpath","value":"//bdi[text()=\"OK\"]"}
RESULT: {"using":"xpath","value":"//bdi[text()=\"OK\"]"}
COMMAND: POST /session/9ee8f14f10c6d21a9bd1d789b8b2e24e/elements - {"using":"xpath","value":"//bdi[text()=\"OK\"]"}
RESULT: {"using":"xpath","value":"//bdi[text()=\"OK\"]"}
COMMAND: POST /session/9ee8f14f10c6d21a9bd1d789b8b2e24e/elements - {"using":"xpath","value":"//bdi[text()=\"OK\"]"}
RESULT: {"using":"xpath","value":"//bdi[text()=\"OK\"]"}
COMMAND: POST /session/9ee8f14f10c6d21a9bd1d789b8b2e24e/elements - {"using":"xpath","value":"//bdi[text()=\"OK\"]"}
RESULT: {"using":"xpath","value":"//bdi[text()=\"OK\"]"}
COMMAND: POST /session/9ee8f14f10c6d21a9bd1d789b8b2e24e/elements - {"using":"xpath","value":"//bdi[text()=\"OK\"]"}
RESULT: {"using":"xpath","value":"//bdi[text()=\"OK\"]"}
COMMAND: POST /session/9ee8f14f10c6d21a9bd1d789b8b2e24e/elements - {"using":"xpath","value":"//bdi[text()=\"OK\"]"}
RESULT: {"using":"xpath","value":"//bdi[text()=\"OK\"]"}
COMMAND: POST /session/9ee8f14f10c6d21a9bd1d789b8b2e24e/elements - {"using":"xpath","value":"//bdi[text()=\"OK\"]"}
RESULT: {"using":"xpath","value":"//bdi[text()=\"OK\"]"}
COMMAND: POST /session/9ee8f14f10c6d21a9bd1d789b8b2e24e/elements - {"using":"xpath","value":"//bdi[text()=\"OK\"]"}
RESULT: {"using":"xpath","value":"//bdi[text()=\"OK\"]"}
COMMAND: POST /session/9ee8f14f10c6d21a9bd1d789b8b2e24e/elements - {"using":"xpath","value":"//bdi[text()=\"OK\"]"}
RESULT: {"using":"xpath","value":"//bdi[text()=\"OK\"]"}
COMMAND: POST /session/9ee8f14f10c6d21a9bd1d789b8b2e24e/elements - {"using":"xpath","value":"//bdi[text()=\"OK\"]"}
RESULT: {"using":"xpath","value":"//bdi[text()=\"OK\"]"}
COMMAND: POST /session/9ee8f14f10c6d21a9bd1d789b8b2e24e/elements - {"using":"xpath","value":"//bdi[text()=\"OK\"]"}
RESULT: {"using":"xpath","value":"//bdi[text()=\"OK\"]"}
COMMAND: POST /session/9ee8f14f10c6d21a9bd1d789b8b2e24e/elements - {"using":"xpath","value":"//bdi[text()=\"OK\"]"}
RESULT: {"using":"xpath","value":"//bdi[text()=\"OK\"]"}
COMMAND: POST /session/9ee8f14f10c6d21a9bd1d789b8b2e24e/elements - {"using":"xpath","value":"//bdi[text()=\"OK\"]"}
RESULT: {"using":"xpath","value":"//bdi[text()=\"OK\"]"}
COMMAND: POST /session/9ee8f14f10c6d21a9bd1d789b8b2e24e/elements - {"using":"xpath","value":"//bdi[text()=\"OK\"]"}
RESULT: {"using":"xpath","value":"//bdi[text()=\"OK\"]"}
COMMAND: POST /session/9ee8f14f10c6d21a9bd1d789b8b2e24e/elements - {"using":"xpath","value":"//bdi[text()=\"OK\"]"}
RESULT: {"using":"xpath","value":"//bdi[text()=\"OK\"]"}
COMMAND: POST /session/9ee8f14f10c6d21a9bd1d789b8b2e24e/elements - {"using":"xpath","value":"//bdi[text()=\"OK\"]"}
RESULT: {"using":"xpath","value":"//bdi[text()=\"OK\"]"}
COMMAND: POST /session/9ee8f14f10c6d21a9bd1d789b8b2e24e/elements - {"using":"xpath","value":"//bdi[text()=\"OK\"]"}
RESULT: {"using":"xpath","value":"//bdi[text()=\"OK\"]"}
COMMAND: POST /session/9ee8f14f10c6d21a9bd1d789b8b2e24e/elements - {"using":"xpath","value":"//bdi[text()=\"OK\"]"}
RESULT: {"using":"xpath","value":"//bdi[text()=\"OK\"]"}
COMMAND: POST /session/9ee8f14f10c6d21a9bd1d789b8b2e24e/elements - {"using":"xpath","value":"//bdi[text()=\"OK\"]"}
RESULT: {"using":"xpath","value":"//bdi[text()=\"OK\"]"}
COMMAND: POST /session/9ee8f14f10c6d21a9bd1d789b8b2e24e/elements - {"using":"xpath","value":"//bdi[text()=\"OK\"]"}
RESULT: {"using":"xpath","value":"//bdi[text()=\"OK\"]"}
COMMAND: POST /session/9ee8f14f10c6d21a9bd1d789b8b2e24e/elements - {"using":"xpath","value":"//bdi[text()=\"OK\"]"}
RESULT: {"using":"xpath","value":"//bdi[text()=\"OK\"]"}
COMMAND: POST /session/9ee8f14f10c6d21a9bd1d789b8b2e24e/elements - {"using":"xpath","value":"//bdi[text()=\"OK\"]"}
RESULT: {"using":"xpath","value":"//bdi[text()=\"OK\"]"}
COMMAND: POST /session/9ee8f14f10c6d21a9bd1d789b8b2e24e/elements - {"using":"xpath","value":"//bdi[text()=\"OK\"]"}
RESULT: {"using":"xpath","value":"//bdi[text()=\"OK\"]"}
COMMAND: POST /session/9ee8f14f10c6d21a9bd1d789b8b2e24e/elements - {"using":"xpath","value":"//bdi[text()=\"OK\"]"}
RESULT: {"using":"xpath","value":"//bdi[text()=\"OK\"]"}
COMMAND: POST /session/9ee8f14f10c6d21a9bd1d789b8b2e24e/elements - {"using":"xpath","value":"//bdi[text()=\"OK\"]"}
RESULT: {"using":"xpath","value":"//bdi[text()=\"OK\"]"}
COMMAND: POST /session/9ee8f14f10c6d21a9bd1d789b8b2e24e/elements - {"using":"xpath","value":"//bdi[text()=\"OK\"]"}
RESULT: {"using":"xpath","value":"//bdi[text()=\"OK\"]"}
COMMAND: POST /session/9ee8f14f10c6d21a9bd1d789b8b2e24e/elements - {"using":"xpath","value":"//bdi[text()=\"OK\"]"}
RESULT: {"using":"xpath","value":"//bdi[text()=\"OK\"]"}
COMMAND: POST /session/9ee8f14f10c6d21a9bd1d789b8b2e24e/elements - {"using":"xpath","value":"//bdi[text()=\"OK\"]"}
RESULT: {"using":"xpath","value":"//bdi[text()=\"OK\"]"}
COMMAND: POST /session/9ee8f14f10c6d21a9bd1d789b8b2e24e/elements - {"using":"xpath","value":"//bdi[text()=\"OK\"]"}
RESULT: {"using":"xpath","value":"//bdi[text()=\"OK\"]"}
COMMAND: POST /session/9ee8f14f10c6d21a9bd1d789b8b2e24e/elements - {"using":"xpath","value":"//bdi[text()=\"OK\"]"}
RESULT: {"using":"xpath","value":"//bdi[text()=\"OK\"]"}
COMMAND: POST /session/9ee8f14f10c6d21a9bd1d789b8b2e24e/elements - {"using":"xpath","value":"//bdi[text()=\"OK\"]"}
RESULT: {"using":"xpath","value":"//bdi[text()=\"OK\"]"}
COMMAND: POST /session/9ee8f14f10c6d21a9bd1d789b8b2e24e/elements - {"using":"xpath","value":"//bdi[text()=\"OK\"]"}
RESULT: {"using":"xpath","value":"//bdi[text()=\"OK\"]"}
COMMAND: POST /session/9ee8f14f10c6d21a9bd1d789b8b2e24e/elements - {"using":"xpath","value":"//bdi[text()=\"OK\"]"}
RESULT: {"using":"xpath","value":"//bdi[text()=\"OK\"]"}
COMMAND: POST /session/9ee8f14f10c6d21a9bd1d789b8b2e24e/elements - {"using":"xpath","value":"//bdi[text()=\"OK\"]"}
RESULT: {"using":"xpath","value":"//bdi[text()=\"OK\"]"}
COMMAND: POST /session/9ee8f14f10c6d21a9bd1d789b8b2e24e/elements - {"using":"xpath","value":"//bdi[text()=\"OK\"]"}
RESULT: {"using":"xpath","value":"//bdi[text()=\"OK\"]"}
COMMAND: POST /session/9ee8f14f10c6d21a9bd1d789b8b2e24e/elements - {"using":"xpath","value":"//bdi[text()=\"OK\"]"}
RESULT: {"using":"xpath","value":"//bdi[text()=\"OK\"]"}
COMMAND: POST /session/9ee8f14f10c6d21a9bd1d789b8b2e24e/elements - {"using":"xpath","value":"//bdi[text()=\"OK\"]"}
RESULT: {"using":"xpath","value":"//bdi[text()=\"OK\"]"}
COMMAND: POST /session/9ee8f14f10c6d21a9bd1d789b8b2e24e/elements - {"using":"xpath","value":"//bdi[text()=\"OK\"]"}
RESULT: {"using":"xpath","value":"//bdi[text()=\"OK\"]"}
COMMAND: POST /session/9ee8f14f10c6d21a9bd1d789b8b2e24e/elements - {"using":"xpath","value":"//bdi[text()=\"OK\"]"}
RESULT: {"using":"xpath","value":"//bdi[text()=\"OK\"]"}
COMMAND: POST /session/9ee8f14f10c6d21a9bd1d789b8b2e24e/elements - {"using":"xpath","value":"//bdi[text()=\"OK\"]"}
RESULT: {"using":"xpath","value":"//bdi[text()=\"OK\"]"}
COMMAND: POST /session/9ee8f14f10c6d21a9bd1d789b8b2e24e/elements - {"using":"xpath","value":"//bdi[text()=\"OK\"]"}
RESULT: {"using":"xpath","value":"//bdi[text()=\"OK\"]"}
COMMAND: POST /session/9ee8f14f10c6d21a9bd1d789b8b2e24e/elements - {"using":"xpath","value":"//bdi[text()=\"OK\"]"}
RESULT: {"using":"xpath","value":"//bdi[text()=\"OK\"]"}
COMMAND: POST /session/9ee8f14f10c6d21a9bd1d789b8b2e24e/elements - {"using":"xpath","value":"//bdi[text()=\"OK\"]"}
RESULT: {"using":"xpath","value":"//bdi[text()=\"OK\"]"}
COMMAND: POST /session/9ee8f14f10c6d21a9bd1d789b8b2e24e/elements - {"using":"xpath","value":"//bdi[text()=\"OK\"]"}
RESULT: {"using":"xpath","value":"//bdi[text()=\"OK\"]"}
COMMAND: POST /session/9ee8f14f10c6d21a9bd1d789b8b2e24e/elements - {"using":"xpath","value":"//bdi[text()=\"OK\"]"}
RESULT: {"using":"xpath","value":"//bdi[text()=\"OK\"]"}
COMMAND: POST /session/9ee8f14f10c6d21a9bd1d789b8b2e24e/elements - {"using":"xpath","value":"//bdi[text()=\"OK\"]"}
RESULT: {"using":"xpath","value":"//bdi[text()=\"OK\"]"}
COMMAND: POST /session/9ee8f14f10c6d21a9bd1d789b8b2e24e/elements - {"using":"xpath","value":"//bdi[text()=\"OK\"]"}
RESULT: {"using":"xpath","value":"//bdi[text()=\"OK\"]"}
COMMAND: POST /session/9ee8f14f10c6d21a9bd1d789b8b2e24e/elements - {"using":"xpath","value":"//bdi[text()=\"OK\"]"}
RESULT: {"using":"xpath","value":"//bdi[text()=\"OK\"]"}
COMMAND: POST /session/9ee8f14f10c6d21a9bd1d789b8b2e24e/elements - {"using":"xpath","value":"//bdi[text()=\"OK\"]"}
RESULT: {"using":"xpath","value":"//bdi[text()=\"OK\"]"}
COMMAND: POST /session/9ee8f14f10c6d21a9bd1d789b8b2e24e/elements - {"using":"xpath","value":"//bdi[text()=\"OK\"]"}
RESULT: {"using":"xpath","value":"//bdi[text()=\"OK\"]"}
COMMAND: POST /session/9ee8f14f10c6d21a9bd1d789b8b2e24e/elements - {"using":"xpath","value":"//bdi[text()=\"OK\"]"}
RESULT: {"using":"xpath","value":"//bdi[text()=\"OK\"]"}
COMMAND: POST /session/9ee8f14f10c6d21a9bd1d789b8b2e24e/elements - {"using":"xpath","value":"//bdi[text()=\"OK\"]"}
RESULT: {"using":"xpath","value":"//bdi[text()=\"OK\"]"}
COMMAND: POST /session/9ee8f14f10c6d21a9bd1d789b8b2e24e/elements - {"using":"xpath","value":"//bdi[text()=\"OK\"]"}
RESULT: {"using":"xpath","value":"//bdi[text()=\"OK\"]"}
COMMAND: POST /session/9ee8f14f10c6d21a9bd1d789b8b2e24e/elements - {"using":"xpath","value":"//bdi[text()=\"OK\"]"}
RESULT: {"using":"xpath","value":"//bdi[text()=\"OK\"]"}
COMMAND: POST /session/9ee8f14f10c6d21a9bd1d789b8b2e24e/elements - {"using":"xpath","value":"//bdi[text()=\"OK\"]"}
RESULT: {"using":"xpath","value":"//bdi[text()=\"OK\"]"}
COMMAND: POST /session/9ee8f14f10c6d21a9bd1d789b8b2e24e/elements - {"using":"xpath","value":"//bdi[text()=\"OK\"]"}
RESULT: {"using":"xpath","value":"//bdi[text()=\"OK\"]"}
COMMAND: POST /session/9ee8f14f10c6d21a9bd1d789b8b2e24e/elements - {"using":"xpath","value":"//bdi[text()=\"OK\"]"}
RESULT: {"using":"xpath","value":"//bdi[text()=\"OK\"]"}
COMMAND: POST /session/9ee8f14f10c6d21a9bd1d789b8b2e24e/elements - {"using":"xpath","value":"//bdi[text()=\"OK\"]"}
RESULT: {"using":"xpath","value":"//bdi[text()=\"OK\"]"}
COMMAND: POST /session/9ee8f14f10c6d21a9bd1d789b8b2e24e/elements - {"using":"xpath","value":"//bdi[text()=\"OK\"]"}
RESULT: {"using":"xpath","value":"//bdi[text()=\"OK\"]"}
COMMAND: POST /session/9ee8f14f10c6d21a9bd1d789b8b2e24e/elements - {"using":"xpath","value":"//bdi[text()=\"OK\"]"}
RESULT: {"using":"xpath","value":"//bdi[text()=\"OK\"]"}
COMMAND: POST /session/9ee8f14f10c6d21a9bd1d789b8b2e24e/elements - {"using":"xpath","value":"//bdi[text()=\"OK\"]"}
RESULT: {"using":"xpath","value":"//bdi[text()=\"OK\"]"}
COMMAND: POST /session/9ee8f14f10c6d21a9bd1d789b8b2e24e/elements - {"using":"xpath","value":"//bdi[text()=\"OK\"]"}
RESULT: {"using":"xpath","value":"//bdi[text()=\"OK\"]"}
COMMAND: POST /session/9ee8f14f10c6d21a9bd1d789b8b2e24e/elements - {"using":"xpath","value":"//bdi[text()=\"OK\"]"}
RESULT: {"using":"xpath","value":"//bdi[text()=\"OK\"]"}
COMMAND: POST /session/9ee8f14f10c6d21a9bd1d789b8b2e24e/elements - {"using":"xpath","value":"//bdi[text()=\"OK\"]"}
RESULT: {"using":"xpath","value":"//bdi[text()=\"OK\"]"}
COMMAND: POST /session/9ee8f14f10c6d21a9bd1d789b8b2e24e/elements - {"using":"xpath","value":"//bdi[text()=\"OK\"]"}
RESULT: {"using":"xpath","value":"//bdi[text()=\"OK\"]"}
COMMAND: POST /session/9ee8f14f10c6d21a9bd1d789b8b2e24e/elements - {"using":"xpath","value":"//bdi[text()=\"OK\"]"}
RESULT: {"using":"xpath","value":"//bdi[text()=\"OK\"]"}
COMMAND: POST /session/9ee8f14f10c6d21a9bd1d789b8b2e24e/elements - {"using":"xpath","value":"//bdi[text()=\"OK\"]"}
RESULT: {"using":"xpath","value":"//bdi[text()=\"OK\"]"}
COMMAND: POST /session/9ee8f14f10c6d21a9bd1d789b8b2e24e/elements - {"using":"xpath","value":"//bdi[text()=\"OK\"]"}
RESULT: {"using":"xpath","value":"//bdi[text()=\"OK\"]"}
COMMAND: POST /session/9ee8f14f10c6d21a9bd1d789b8b2e24e/elements - {"using":"xpath","value":"//bdi[text()=\"OK\"]"}
RESULT: {"using":"xpath","value":"//bdi[text()=\"OK\"]"}
COMMAND: POST /session/9ee8f14f10c6d21a9bd1d789b8b2e24e/elements - {"using":"xpath","value":"//bdi[text()=\"OK\"]"}
RESULT: {"using":"xpath","value":"//bdi[text()=\"OK\"]"}
COMMAND: POST /session/9ee8f14f10c6d21a9bd1d789b8b2e24e/elements - {"using":"xpath","value":"//bdi[text()=\"OK\"]"}
RESULT: {"using":"xpath","value":"//bdi[text()=\"OK\"]"}
COMMAND: POST /session/9ee8f14f10c6d21a9bd1d789b8b2e24e/elements - {"using":"xpath","value":"//bdi[text()=\"OK\"]"}
RESULT: {"using":"xpath","value":"//bdi[text()=\"OK\"]"}
COMMAND: POST /session/9ee8f14f10c6d21a9bd1d789b8b2e24e/elements - {"using":"xpath","value":"//bdi[text()=\"OK\"]"}
RESULT: {"using":"xpath","value":"//bdi[text()=\"OK\"]"}
COMMAND: POST /session/9ee8f14f10c6d21a9bd1d789b8b2e24e/elements - {"using":"xpath","value":"//bdi[text()=\"OK\"]"}
RESULT: {"using":"xpath","value":"//bdi[text()=\"OK\"]"}
COMMAND: POST /session/9ee8f14f10c6d21a9bd1d789b8b2e24e/elements - {"using":"xpath","value":"//bdi[text()=\"OK\"]"}
RESULT: {"using":"xpath","value":"//bdi[text()=\"OK\"]"}
COMMAND: POST /session/9ee8f14f10c6d21a9bd1d789b8b2e24e/elements - {"using":"xpath","value":"//bdi[text()=\"OK\"]"}
RESULT: {"using":"xpath","value":"//bdi[text()=\"OK\"]"}
COMMAND: POST /session/9ee8f14f10c6d21a9bd1d789b8b2e24e/elements - {"using":"xpath","value":"//bdi[text()=\"OK\"]"}
RESULT: {"using":"xpath","value":"//bdi[text()=\"OK\"]"}
COMMAND: POST /session/9ee8f14f10c6d21a9bd1d789b8b2e24e/elements - {"using":"xpath","value":"//bdi[text()=\"OK\"]"}
RESULT: {"using":"xpath","value":"//bdi[text()=\"OK\"]"}
COMMAND: POST /session/9ee8f14f10c6d21a9bd1d789b8b2e24e/elements - {"using":"xpath","value":"//bdi[text()=\"OK\"]"}
RESULT: {"using":"xpath","value":"//bdi[text()=\"OK\"]"}
COMMAND: POST /session/9ee8f14f10c6d21a9bd1d789b8b2e24e/elements - {"using":"xpath","value":"//bdi[text()=\"OK\"]"}
RESULT: {"using":"xpath","value":"//bdi[text()=\"OK\"]"}
COMMAND: POST /session/9ee8f14f10c6d21a9bd1d789b8b2e24e/elements - {"using":"xpath","value":"//bdi[text()=\"OK\"]"}
RESULT: {"using":"xpath","value":"//bdi[text()=\"OK\"]"}
COMMAND: POST /session/9ee8f14f10c6d21a9bd1d789b8b2e24e/elements - {"using":"xpath","value":"//bdi[text()=\"OK\"]"}
RESULT: {"using":"xpath","value":"//bdi[text()=\"OK\"]"}
COMMAND: POST /session/9ee8f14f10c6d21a9bd1d789b8b2e24e/elements - {"using":"xpath","value":"//bdi[text()=\"OK\"]"}
RESULT: {"using":"xpath","value":"//bdi[text()=\"OK\"]"}
COMMAND: POST /session/9ee8f14f10c6d21a9bd1d789b8b2e24e/elements - {"using":"xpath","value":"//bdi[text()=\"OK\"]"}
RESULT: {"using":"xpath","value":"//bdi[text()=\"OK\"]"}
COMMAND: POST /session/9ee8f14f10c6d21a9bd1d789b8b2e24e/elements - {"using":"xpath","value":"//bdi[text()=\"OK\"]"}
RESULT: {"using":"xpath","value":"//bdi[text()=\"OK\"]"}
COMMAND: POST /session/9ee8f14f10c6d21a9bd1d789b8b2e24e/elements - {"using":"xpath","value":"//bdi[text()=\"OK\"]"}
RESULT: {"using":"xpath","value":"//bdi[text()=\"OK\"]"}
COMMAND: POST /session/9ee8f14f10c6d21a9bd1d789b8b2e24e/elements - {"using":"xpath","value":"//bdi[text()=\"OK\"]"}
RESULT: {"using":"xpath","value":"//bdi[text()=\"OK\"]"}
COMMAND: POST /session/9ee8f14f10c6d21a9bd1d789b8b2e24e/elements - {"using":"xpath","value":"//bdi[text()=\"OK\"]"}
RESULT: {"using":"xpath","value":"//bdi[text()=\"OK\"]"}
COMMAND: POST /session/9ee8f14f10c6d21a9bd1d789b8b2e24e/elements - {"using":"xpath","value":"//bdi[text()=\"OK\"]"}
RESULT: {"using":"xpath","value":"//bdi[text()=\"OK\"]"}
COMMAND: POST /session/9ee8f14f10c6d21a9bd1d789b8b2e24e/elements - {"using":"xpath","value":"//bdi[text()=\"OK\"]"}
RESULT: {"using":"xpath","value":"//bdi[text()=\"OK\"]"}
COMMAND: POST /session/9ee8f14f10c6d21a9bd1d789b8b2e24e/elements - {"using":"xpath","value":"//bdi[text()=\"OK\"]"}
RESULT: {"using":"xpath","value":"//bdi[text()=\"OK\"]"}
COMMAND: POST /session/9ee8f14f10c6d21a9bd1d789b8b2e24e/elements - {"using":"xpath","value":"//bdi[text()=\"OK\"]"}
RESULT: {"using":"xpath","value":"//bdi[text()=\"OK\"]"}
COMMAND: POST /session/9ee8f14f10c6d21a9bd1d789b8b2e24e/elements - {"using":"xpath","value":"//bdi[text()=\"OK\"]"}
RESULT: {"using":"xpath","value":"//bdi[text()=\"OK\"]"}
COMMAND: POST /session/9ee8f14f10c6d21a9bd1d789b8b2e24e/elements - {"using":"xpath","value":"//bdi[text()=\"OK\"]"}
RESULT: {"using":"xpath","value":"//bdi[text()=\"OK\"]"}
COMMAND: POST /session/9ee8f14f10c6d21a9bd1d789b8b2e24e/elements - {"using":"xpath","value":"//bdi[text()=\"OK\"]"}
RESULT: {"using":"xpath","value":"//bdi[text()=\"OK\"]"}
COMMAND: POST /session/9ee8f14f10c6d21a9bd1d789b8b2e24e/elements - {"using":"xpath","value":"//bdi[text()=\"OK\"]"}
RESULT: {"using":"xpath","value":"//bdi[text()=\"OK\"]"}
COMMAND: POST /session/9ee8f14f10c6d21a9bd1d789b8b2e24e/elements - {"using":"xpath","value":"//bdi[text()=\"OK\"]"}
RESULT: {"using":"xpath","value":"//bdi[text()=\"OK\"]"}
COMMAND: POST /session/9ee8f14f10c6d21a9bd1d789b8b2e24e/elements - {"using":"xpath","value":"//bdi[text()=\"OK\"]"}
RESULT: {"using":"xpath","value":"//bdi[text()=\"OK\"]"}
COMMAND: POST /session/9ee8f14f10c6d21a9bd1d789b8b2e24e/elements - {"using":"xpath","value":"//bdi[text()=\"OK\"]"}
RESULT: {"using":"xpath","value":"//bdi[text()=\"OK\"]"}
COMMAND: POST /session/9ee8f14f10c6d21a9bd1d789b8b2e24e/elements - {"using":"xpath","value":"//bdi[text()=\"OK\"]"}
RESULT: {"using":"xpath","value":"//bdi[text()=\"OK\"]"}
COMMAND: POST /session/9ee8f14f10c6d21a9bd1d789b8b2e24e/elements - {"using":"xpath","value":"//bdi[text()=\"OK\"]"}
RESULT: {"using":"xpath","value":"//bdi[text()=\"OK\"]"}
COMMAND: POST /session/9ee8f14f10c6d21a9bd1d789b8b2e24e/elements - {"using":"xpath","value":"//bdi[text()=\"OK\"]"}
RESULT: {"using":"xpath","value":"//bdi[text()=\"OK\"]"}
COMMAND: POST /session/9ee8f14f10c6d21a9bd1d789b8b2e24e/elements - {"using":"xpath","value":"//bdi[text()=\"OK\"]"}
RESULT: {"using":"xpath","value":"//bdi[text()=\"OK\"]"}
COMMAND: POST /session/9ee8f14f10c6d21a9bd1d789b8b2e24e/elements - {"using":"xpath","value":"//bdi[text()=\"OK\"]"}
RESULT: {"using":"xpath","value":"//bdi[text()=\"OK\"]"}
COMMAND: POST /session/9ee8f14f10c6d21a9bd1d789b8b2e24e/elements - {"using":"xpath","value":"//bdi[text()=\"OK\"]"}
RESULT: {"using":"xpath","value":"//bdi[text()=\"OK\"]"}
COMMAND: POST /session/9ee8f14f10c6d21a9bd1d789b8b2e24e/elements - {"using":"xpath","value":"//bdi[text()=\"OK\"]"}
RESULT: {"using":"xpath","value":"//bdi[text()=\"OK\"]"}
COMMAND: POST /session/9ee8f14f10c6d21a9bd1d789b8b2e24e/elements - {"using":"xpath","value":"//bdi[text()=\"OK\"]"}
RESULT: {"using":"xpath","value":"//bdi[text()=\"OK\"]"}
COMMAND: POST /session/9ee8f14f10c6d21a9bd1d789b8b2e24e/elements - {"using":"xpath","value":"//bdi[text()=\"OK\"]"}
RESULT: {"using":"xpath","value":"//bdi[text()=\"OK\"]"}
COMMAND: POST /session/9ee8f14f10c6d21a9bd1d789b8b2e24e/elements - {"using":"xpath","value":"//bdi[text()=\"OK\"]"}
RESULT: {"using":"xpath","value":"//bdi[text()=\"OK\"]"}
COMMAND: POST /session/9ee8f14f10c6d21a9bd1d789b8b2e24e/elements - {"using":"xpath","value":"//bdi[text()=\"OK\"]"}
RESULT: {"using":"xpath","value":"//bdi[text()=\"OK\"]"}
COMMAND: POST /session/9ee8f14f10c6d21a9bd1d789b8b2e24e/elements - {"using":"xpath","value":"//bdi[text()=\"OK\"]"}
RESULT: {"using":"xpath","value":"//bdi[text()=\"OK\"]"}
COMMAND: POST /session/9ee8f14f10c6d21a9bd1d789b8b2e24e/elements - {"using":"xpath","value":"//bdi[text()=\"OK\"]"}
RESULT: {"using":"xpath","value":"//bdi[text()=\"OK\"]"}
COMMAND: POST /session/9ee8f14f10c6d21a9bd1d789b8b2e24e/elements - {"using":"xpath","value":"//bdi[text()=\"OK\"]"}
RESULT: {"using":"xpath","value":"//bdi[text()=\"OK\"]"}
COMMAND: POST /session/9ee8f14f10c6d21a9bd1d789b8b2e24e/elements - {"using":"xpath","value":"//bdi[text()=\"OK\"]"}
RESULT: {"using":"xpath","value":"//bdi[text()=\"OK\"]"}
COMMAND: POST /session/9ee8f14f10c6d21a9bd1d789b8b2e24e/elements - {"using":"xpath","value":"//bdi[text()=\"OK\"]"}
RESULT: {"using":"xpath","value":"//bdi[text()=\"OK\"]"}
COMMAND: POST /session/9ee8f14f10c6d21a9bd1d789b8b2e24e/elements - {"using":"xpath","value":"//bdi[text()=\"OK\"]"}
RESULT: {"using":"xpath","value":"//bdi[text()=\"OK\"]"}
COMMAND: POST /session/9ee8f14f10c6d21a9bd1d789b8b2e24e/elements - {"using":"xpath","value":"//bdi[text()=\"OK\"]"}
RESULT: {"using":"xpath","value":"//bdi[text()=\"OK\"]"}
COMMAND: POST /session/9ee8f14f10c6d21a9bd1d789b8b2e24e/elements - {"using":"xpath","value":"//bdi[text()=\"OK\"]"}
RESULT: {"using":"xpath","value":"//bdi[text()=\"OK\"]"}
COMMAND: POST /session/9ee8f14f10c6d21a9bd1d789b8b2e24e/element - {"using":"xpath","value":"//bdi[text()=\"OK\"]"}
RESULT: {"using":"xpath","value":"//bdi[text()=\"OK\"]"}
COMMAND: POST /session/9ee8f14f10c6d21a9bd1d789b8b2e24e/elements - {"using":"xpath","value":"//bdi[text()=\"OK\"]"}
RESULT: {"using":"xpath","value":"//bdi[text()=\"OK\"]"}
COMMAND: POST /session/9ee8f14f10c6d21a9bd1d789b8b2e24e/elements - {"using":"xpath","value":"//bdi[text()=\"OK\"]"}
RESULT: {"using":"xpath","value":"//bdi[text()=\"OK\"]"}
COMMAND: POST /session/9ee8f14f10c6d21a9bd1d789b8b2e24e/elements - {"using":"xpath","value":"//bdi[text()=\"OK\"]"}
RESULT: {"using":"xpath","value":"//bdi[text()=\"OK\"]"}
COMMAND: POST /session/9ee8f14f10c6d21a9bd1d789b8b2e24e/elements - {"using":"xpath","value":"//bdi[text()=\"OK\"]"}
RESULT: {"using":"xpath","value":"//bdi[text()=\"OK\"]"}
COMMAND: POST /session/9ee8f14f10c6d21a9bd1d789b8b2e24e/elements - {"using":"xpath","value":"//bdi[text()=\"OK\"]"}
RESULT: {"using":"xpath","value":"//bdi[text()=\"OK\"]"}
COMMAND: POST /session/9ee8f14f10c6d21a9bd1d789b8b2e24e/elements - {"using":"xpath","value":"//bdi[text()=\"OK\"]"}
RESULT: {"using":"xpath","value":"//bdi[text()=\"OK\"]"}
COMMAND: POST /session/9ee8f14f10c6d21a9bd1d789b8b2e24e/elements - {"using":"xpath","value":"//bdi[text()=\"OK\"]"}
RESULT: {"using":"xpath","value":"//bdi[text()=\"OK\"]"}
COMMAND: POST /session/9ee8f14f10c6d21a9bd1d789b8b2e24e/elements - {"using":"xpath","value":"//bdi[text()=\"OK\"]"}
RESULT: {"using":"xpath","value":"//bdi[text()=\"OK\"]"}
COMMAND: POST /session/9ee8f14f10c6d21a9bd1d789b8b2e24e/elements - {"using":"xpath","value":"//bdi[text()=\"OK\"]"}
RESULT: {"using":"xpath","value":"//bdi[text()=\"OK\"]"}
COMMAND: POST /session/9ee8f14f10c6d21a9bd1d789b8b2e24e/elements - {"using":"xpath","value":"//bdi[text()=\"OK\"]"}
RESULT: {"using":"xpath","value":"//bdi[text()=\"OK\"]"}
COMMAND: POST /session/9ee8f14f10c6d21a9bd1d789b8b2e24e/elements - {"using":"xpath","value":"//bdi[text()=\"OK\"]"}
RESULT: {"using":"xpath","value":"//bdi[text()=\"OK\"]"}
COMMAND: POST /session/9ee8f14f10c6d21a9bd1d789b8b2e24e/elements - {"using":"xpath","value":"//bdi[text()=\"OK\"]"}
RESULT: {"using":"xpath","value":"//bdi[text()=\"OK\"]"}
COMMAND: POST /session/9ee8f14f10c6d21a9bd1d789b8b2e24e/elements - {"using":"xpath","value":"//bdi[text()=\"OK\"]"}
RESULT: {"using":"xpath","value":"//bdi[text()=\"OK\"]"}
COMMAND: POST /session/9ee8f14f10c6d21a9bd1d789b8b2e24e/elements - {"using":"xpath","value":"//bdi[text()=\"OK\"]"}
RESULT: {"using":"xpath","value":"//bdi[text()=\"OK\"]"}
COMMAND: POST /session/9ee8f14f10c6d21a9bd1d789b8b2e24e/elements - {"using":"xpath","value":"//bdi[text()=\"OK\"]"}
RESULT: {"using":"xpath","value":"//bdi[text()=\"OK\"]"}
COMMAND: POST /session/9ee8f14f10c6d21a9bd1d789b8b2e24e/elements - {"using":"xpath","value":"//bdi[text()=\"OK\"]"}
RESULT: {"using":"xpath","value":"//bdi[text()=\"OK\"]"}
COMMAND: POST /session/9ee8f14f10c6d21a9bd1d789b8b2e24e/elements - {"using":"xpath","value":"//bdi[text()=\"OK\"]"}
RESULT: {"using":"xpath","value":"//bdi[text()=\"OK\"]"}
COMMAND: POST /session/9ee8f14f10c6d21a9bd1d789b8b2e24e/elements - {"using":"xpath","value":"//bdi[text()=\"OK\"]"}
RESULT: {"using":"xpath","value":"//bdi[text()=\"OK\"]"}
COMMAND: POST /session/9ee8f14f10c6d21a9bd1d789b8b2e24e/elements - {"using":"xpath","value":"//bdi[text()=\"OK\"]"}
RESULT: {"using":"xpath","value":"//bdi[text()=\"OK\"]"}
COMMAND: POST /session/9ee8f14f10c6d21a9bd1d789b8b2e24e/elements - {"using":"xpath","value":"//bdi[text()=\"OK\"]"}
RESULT: {"using":"xpath","value":"//bdi[text()=\"OK\"]"}
COMMAND: POST /session/9ee8f14f10c6d21a9bd1d789b8b2e24e/elements - {"using":"xpath","value":"//bdi[text()=\"OK\"]"}
RESULT: {"using":"xpath","value":"//bdi[text()=\"OK\"]"}
COMMAND: POST /session/9ee8f14f10c6d21a9bd1d789b8b2e24e/elements - {"using":"xpath","value":"//bdi[text()=\"OK\"]"}
RESULT: {"using":"xpath","value":"//bdi[text()=\"OK\"]"}
COMMAND: POST /session/9ee8f14f10c6d21a9bd1d789b8b2e24e/elements - {"using":"xpath","value":"//bdi[text()=\"OK\"]"}
RESULT: {"using":"xpath","value":"//bdi[text()=\"OK\"]"}
COMMAND: POST /session/9ee8f14f10c6d21a9bd1d789b8b2e24e/elements - {"using":"xpath","value":"//bdi[text()=\"OK\"]"}
RESULT: {"using":"xpath","value":"//bdi[text()=\"OK\"]"}
COMMAND: POST /session/9ee8f14f10c6d21a9bd1d789b8b2e24e/elements - {"using":"xpath","value":"//bdi[text()=\"OK\"]"}
RESULT: {"using":"xpath","value":"//bdi[text()=\"OK\"]"}
COMMAND: POST /session/9ee8f14f10c6d21a9bd1d789b8b2e24e/elements - {"using":"xpath","value":"//bdi[text()=\"OK\"]"}
RESULT: {"using":"xpath","value":"//bdi[text()=\"OK\"]"}
COMMAND: POST /session/9ee8f14f10c6d21a9bd1d789b8b2e24e/elements - {"using":"xpath","value":"//bdi[text()=\"OK\"]"}
RESULT: {"using":"xpath","value":"//bdi[text()=\"OK\"]"}
COMMAND: POST /session/9ee8f14f10c6d21a9bd1d789b8b2e24e/elements - {"using":"xpath","value":"//bdi[text()=\"OK\"]"}
RESULT: {"using":"xpath","value":"//bdi[text()=\"OK\"]"}
COMMAND: POST /session/9ee8f14f10c6d21a9bd1d789b8b2e24e/elements - {"using":"xpath","value":"//bdi[text()=\"OK\"]"}
RESULT: {"using":"xpath","value":"//bdi[text()=\"OK\"]"}
COMMAND: POST /session/9ee8f14f10c6d21a9bd1d789b8b2e24e/elements - {"using":"xpath","value":"//bdi[text()=\"OK\"]"}
RESULT: {"using":"xpath","value":"//bdi[text()=\"OK\"]"}
COMMAND: POST /session/9ee8f14f10c6d21a9bd1d789b8b2e24e/elements - {"using":"xpath","value":"//bdi[text()=\"OK\"]"}
RESULT: {"using":"xpath","value":"//bdi[text()=\"OK\"]"}
COMMAND: POST /session/9ee8f14f10c6d21a9bd1d789b8b2e24e/elements - {"using":"xpath","value":"//bdi[text()=\"OK\"]"}
RESULT: {"using":"xpath","value":"//bdi[text()=\"OK\"]"}
COMMAND: POST /session/9ee8f14f10c6d21a9bd1d789b8b2e24e/elements - {"using":"xpath","value":"//bdi[text()=\"OK\"]"}
RESULT: {"using":"xpath","value":"//bdi[text()=\"OK\"]"}
COMMAND: POST /session/9ee8f14f10c6d21a9bd1d789b8b2e24e/elements - {"using":"xpath","value":"//bdi[text()=\"OK\"]"}
RESULT: {"using":"xpath","value":"//bdi[text()=\"OK\"]"}
COMMAND: POST /session/9ee8f14f10c6d21a9bd1d789b8b2e24e/elements - {"using":"xpath","value":"//bdi[text()=\"OK\"]"}
RESULT: {"using":"xpath","value":"//bdi[text()=\"OK\"]"}
COMMAND: POST /session/9ee8f14f10c6d21a9bd1d789b8b2e24e/elements - {"using":"xpath","value":"//bdi[text()=\"OK\"]"}
RESULT: {"using":"xpath","value":"//bdi[text()=\"OK\"]"}
COMMAND: POST /session/9ee8f14f10c6d21a9bd1d789b8b2e24e/elements - {"using":"xpath","value":"//bdi[text()=\"OK\"]"}
RESULT: {"using":"xpath","value":"//bdi[text()=\"OK\"]"}
COMMAND: POST /session/9ee8f14f10c6d21a9bd1d789b8b2e24e/elements - {"using":"xpath","value":"//bdi[text()=\"OK\"]"}
RESULT: {"using":"xpath","value":"//bdi[text()=\"OK\"]"}
COMMAND: POST /session/9ee8f14f10c6d21a9bd1d789b8b2e24e/elements - {"using":"xpath","value":"//bdi[text()=\"OK\"]"}
RESULT: {"using":"xpath","value":"//bdi[text()=\"OK\"]"}
COMMAND: POST /session/9ee8f14f10c6d21a9bd1d789b8b2e24e/elements - {"using":"xpath","value":"//bdi[text()=\"OK\"]"}
RESULT: {"using":"xpath","value":"//bdi[text()=\"OK\"]"}
COMMAND: POST /session/9ee8f14f10c6d21a9bd1d789b8b2e24e/elements - {"using":"xpath","value":"//bdi[text()=\"OK\"]"}
RESULT: {"using":"xpath","value":"//bdi[text()=\"OK\"]"}
COMMAND: POST /session/9ee8f14f10c6d21a9bd1d789b8b2e24e/elements - {"using":"xpath","value":"//bdi[text()=\"OK\"]"}
RESULT: {"using":"xpath","value":"//bdi[text()=\"OK\"]"}
COMMAND: POST /session/9ee8f14f10c6d21a9bd1d789b8b2e24e/elements - {"using":"xpath","value":"//bdi[text()=\"OK\"]"}
RESULT: {"using":"xpath","value":"//bdi[text()=\"OK\"]"}
COMMAND: POST /session/9ee8f14f10c6d21a9bd1d789b8b2e24e/elements - {"using":"xpath","value":"//bdi[text()=\"OK\"]"}
RESULT: {"using":"xpath","value":"//bdi[text()=\"OK\"]"}
COMMAND: POST /session/9ee8f14f10c6d21a9bd1d789b8b2e24e/elements - {"using":"xpath","value":"//bdi[text()=\"OK\"]"}
RESULT: {"using":"xpath","value":"//bdi[text()=\"OK\"]"}
COMMAND: POST /session/9ee8f14f10c6d21a9bd1d789b8b2e24e/elements - {"using":"xpath","value":"//bdi[text()=\"OK\"]"}
RESULT: {"using":"xpath","value":"//bdi[text()=\"OK\"]"}
COMMAND: POST /session/9ee8f14f10c6d21a9bd1d789b8b2e24e/elements - {"using":"xpath","value":"//bdi[text()=\"OK\"]"}
RESULT: {"using":"xpath","value":"//bdi[text()=\"OK\"]"}
COMMAND: POST /session/9ee8f14f10c6d21a9bd1d789b8b2e24e/elements - {"using":"xpath","value":"//bdi[text()=\"OK\"]"}
RESULT: {"using":"xpath","value":"//bdi[text()=\"OK\"]"}
COMMAND: POST /session/9ee8f14f10c6d21a9bd1d789b8b2e24e/elements - {"using":"xpath","value":"//bdi[text()=\"OK\"]"}
RESULT: {"using":"xpath","value":"//bdi[text()=\"OK\"]"}
COMMAND: POST /session/9ee8f14f10c6d21a9bd1d789b8b2e24e/elements - {"using":"xpath","value":"//bdi[text()=\"OK\"]"}
RESULT: {"using":"xpath","value":"//bdi[text()=\"OK\"]"}
COMMAND: POST /session/9ee8f14f10c6d21a9bd1d789b8b2e24e/elements - {"using":"xpath","value":"//bdi[text()=\"OK\"]"}
RESULT: {"using":"xpath","value":"//bdi[text()=\"OK\"]"}
COMMAND: POST /session/9ee8f14f10c6d21a9bd1d789b8b2e24e/elements - {"using":"xpath","value":"//bdi[text()=\"OK\"]"}
RESULT: {"using":"xpath","value":"//bdi[text()=\"OK\"]"}
COMMAND: POST /session/9ee8f14f10c6d21a9bd1d789b8b2e24e/elements - {"using":"xpath","value":"//bdi[text()=\"OK\"]"}
RESULT: {"using":"xpath","value":"//bdi[text()=\"OK\"]"}
COMMAND: POST /session/9ee8f14f10c6d21a9bd1d789b8b2e24e/elements - {"using":"xpath","value":"//bdi[text()=\"OK\"]"}
RESULT: {"using":"xpath","value":"//bdi[text()=\"OK\"]"}
COMMAND: POST /session/9ee8f14f10c6d21a9bd1d789b8b2e24e/elements - {"using":"xpath","value":"//bdi[text()=\"OK\"]"}
RESULT: {"using":"xpath","value":"//bdi[text()=\"OK\"]"}
COMMAND: POST /session/9ee8f14f10c6d21a9bd1d789b8b2e24e/elements - {"using":"xpath","value":"//bdi[text()=\"OK\"]"}
RESULT: {"using":"xpath","value":"//bdi[text()=\"OK\"]"}
COMMAND: POST /session/9ee8f14f10c6d21a9bd1d789b8b2e24e/elements - {"using":"xpath","value":"//bdi[text()=\"OK\"]"}
RESULT: {"using":"xpath","value":"//bdi[text()=\"OK\"]"}
COMMAND: POST /session/9ee8f14f10c6d21a9bd1d789b8b2e24e/elements - {"using":"xpath","value":"//bdi[text()=\"OK\"]"}
RESULT: {"using":"xpath","value":"//bdi[text()=\"OK\"]"}
COMMAND: POST /session/9ee8f14f10c6d21a9bd1d789b8b2e24e/elements - {"using":"xpath","value":"//bdi[text()=\"OK\"]"}
RESULT: {"using":"xpath","value":"//bdi[text()=\"OK\"]"}
COMMAND: POST /session/9ee8f14f10c6d21a9bd1d789b8b2e24e/elements - {"using":"xpath","value":"//bdi[text()=\"OK\"]"}
RESULT: {"using":"xpath","value":"//bdi[text()=\"OK\"]"}
COMMAND: POST /session/9ee8f14f10c6d21a9bd1d789b8b2e24e/elements - {"using":"xpath","value":"//bdi[text()=\"OK\"]"}
RESULT: {"using":"xpath","value":"//bdi[text()=\"OK\"]"}
COMMAND: POST /session/9ee8f14f10c6d21a9bd1d789b8b2e24e/elements - {"using":"xpath","value":"//bdi[text()=\"OK\"]"}
RESULT: {"using":"xpath","value":"//bdi[text()=\"OK\"]"}
COMMAND: POST /session/9ee8f14f10c6d21a9bd1d789b8b2e24e/elements - {"using":"xpath","value":"//bdi[text()=\"OK\"]"}
RESULT: {"using":"xpath","value":"//bdi[text()=\"OK\"]"}
COMMAND: POST /session/9ee8f14f10c6d21a9bd1d789b8b2e24e/elements - {"using":"xpath","value":"//bdi[text()=\"OK\"]"}
RESULT: {"using":"xpath","value":"//bdi[text()=\"OK\"]"}
COMMAND: POST /session/9ee8f14f10c6d21a9bd1d789b8b2e24e/elements - {"using":"xpath","value":"//bdi[text()=\"OK\"]"}
RESULT: {"using":"xpath","value":"//bdi[text()=\"OK\"]"}
COMMAND: POST /session/9ee8f14f10c6d21a9bd1d789b8b2e24e/elements - {"using":"xpath","value":"//bdi[text()=\"OK\"]"}
RESULT: {"using":"xpath","value":"//bdi[text()=\"OK\"]"}
COMMAND: POST /session/9ee8f14f10c6d21a9bd1d789b8b2e24e/elements - {"using":"xpath","value":"//bdi[text()=\"OK\"]"}
RESULT: {"using":"xpath","value":"//bdi[text()=\"OK\"]"}
COMMAND: POST /session/9ee8f14f10c6d21a9bd1d789b8b2e24e/elements - {"using":"xpath","value":"//bdi[text()=\"OK\"]"}
RESULT: {"using":"xpath","value":"//bdi[text()=\"OK\"]"}
COMMAND: POST /session/9ee8f14f10c6d21a9bd1d789b8b2e24e/elements - {"using":"xpath","value":"//bdi[text()=\"OK\"]"}
RESULT: {"using":"xpath","value":"//bdi[text()=\"OK\"]"}
COMMAND: POST /session/9ee8f14f10c6d21a9bd1d789b8b2e24e/elements - {"using":"xpath","value":"//bdi[text()=\"OK\"]"}
RESULT: {"using":"xpath","value":"//bdi[text()=\"OK\"]"}
COMMAND: POST /session/9ee8f14f10c6d21a9bd1d789b8b2e24e/elements - {"using":"xpath","value":"//bdi[text()=\"OK\"]"}
RESULT: {"using":"xpath","value":"//bdi[text()=\"OK\"]"}
COMMAND: POST /session/9ee8f14f10c6d21a9bd1d789b8b2e24e/elements - {"using":"xpath","value":"//bdi[text()=\"OK\"]"}
RESULT: {"using":"xpath","value":"//bdi[text()=\"OK\"]"}
COMMAND: POST /session/9ee8f14f10c6d21a9bd1d789b8b2e24e/elements - {"using":"xpath","value":"//bdi[text()=\"OK\"]"}
RESULT: {"using":"xpath","value":"//bdi[text()=\"OK\"]"}
COMMAND: POST /session/9ee8f14f10c6d21a9bd1d789b8b2e24e/elements - {"using":"xpath","value":"//bdi[text()=\"OK\"]"}
RESULT: {"using":"xpath","value":"//bdi[text()=\"OK\"]"}
COMMAND: POST /session/9ee8f14f10c6d21a9bd1d789b8b2e24e/elements - {"using":"xpath","value":"//bdi[text()=\"OK\"]"}
RESULT: {"using":"xpath","value":"//bdi[text()=\"OK\"]"}
COMMAND: POST /session/9ee8f14f10c6d21a9bd1d789b8b2e24e/elements - {"using":"xpath","value":"//bdi[text()=\"OK\"]"}
RESULT: {"using":"xpath","value":"//bdi[text()=\"OK\"]"}
COMMAND: POST /session/9ee8f14f10c6d21a9bd1d789b8b2e24e/elements - {"using":"xpath","value":"//bdi[text()=\"OK\"]"}
RESULT: {"using":"xpath","value":"//bdi[text()=\"OK\"]"}
COMMAND: POST /session/9ee8f14f10c6d21a9bd1d789b8b2e24e/elements - {"using":"xpath","value":"//bdi[text()=\"OK\"]"}
RESULT: {"using":"xpath","value":"//bdi[text()=\"OK\"]"}
COMMAND: POST /session/9ee8f14f10c6d21a9bd1d789b8b2e24e/elements - {"using":"xpath","value":"//bdi[text()=\"OK\"]"}
RESULT: {"using":"xpath","value":"//bdi[text()=\"OK\"]"}
COMMAND: POST /session/9ee8f14f10c6d21a9bd1d789b8b2e24e/elements - {"using":"xpath","value":"//bdi[text()=\"OK\"]"}
RESULT: {"using":"xpath","value":"//bdi[text()=\"OK\"]"}
COMMAND: POST /session/9ee8f14f10c6d21a9bd1d789b8b2e24e/elements - {"using":"xpath","value":"//bdi[text()=\"OK\"]"}
RESULT: {"using":"xpath","value":"//bdi[text()=\"OK\"]"}
COMMAND: POST /session/9ee8f14f10c6d21a9bd1d789b8b2e24e/elements - {"using":"xpath","value":"//bdi[text()=\"OK\"]"}
RESULT: {"using":"xpath","value":"//bdi[text()=\"OK\"]"}
COMMAND: POST /session/9ee8f14f10c6d21a9bd1d789b8b2e24e/elements - {"using":"xpath","value":"//bdi[text()=\"OK\"]"}
RESULT: {"using":"xpath","value":"//bdi[text()=\"OK\"]"}
COMMAND: POST /session/9ee8f14f10c6d21a9bd1d789b8b2e24e/elements - {"using":"xpath","value":"//bdi[text()=\"OK\"]"}
RESULT: {"using":"xpath","value":"//bdi[text()=\"OK\"]"}
COMMAND: POST /session/9ee8f14f10c6d21a9bd1d789b8b2e24e/elements - {"using":"xpath","value":"//bdi[text()=\"OK\"]"}
RESULT: {"using":"xpath","value":"//bdi[text()=\"OK\"]"}
COMMAND: POST /session/9ee8f14f10c6d21a9bd1d789b8b2e24e/elements - {"using":"xpath","value":"//bdi[text()=\"OK\"]"}
RESULT: {"using":"xpath","value":"//bdi[text()=\"OK\"]"}
COMMAND: POST /session/9ee8f14f10c6d21a9bd1d789b8b2e24e/elements - {"using":"xpath","value":"//bdi[text()=\"OK\"]"}
RESULT: {"using":"xpath","value":"//bdi[text()=\"OK\"]"}
COMMAND: POST /session/9ee8f14f10c6d21a9bd1d789b8b2e24e/elements - {"using":"xpath","value":"//bdi[text()=\"OK\"]"}
RESULT: {"using":"xpath","value":"//bdi[text()=\"OK\"]"}
COMMAND: POST /session/9ee8f14f10c6d21a9bd1d789b8b2e24e/elements - {"using":"xpath","value":"//bdi[text()=\"OK\"]"}
RESULT: {"using":"xpath","value":"//bdi[text()=\"OK\"]"}
COMMAND: POST /session/9ee8f14f10c6d21a9bd1d789b8b2e24e/elements - {"using":"xpath","value":"//bdi[text()=\"OK\"]"}
RESULT: {"using":"xpath","value":"//bdi[text()=\"OK\"]"}
COMMAND: POST /session/9ee8f14f10c6d21a9bd1d789b8b2e24e/elements - {"using":"xpath","value":"//bdi[text()=\"OK\"]"}
RESULT: {"using":"xpath","value":"//bdi[text()=\"OK\"]"}
COMMAND: POST /session/9ee8f14f10c6d21a9bd1d789b8b2e24e/elements - {"using":"xpath","value":"//bdi[text()=\"OK\"]"}
RESULT: {"using":"xpath","value":"//bdi[text()=\"OK\"]"}
COMMAND: POST /session/9ee8f14f10c6d21a9bd1d789b8b2e24e/elements - {"using":"xpath","value":"//bdi[text()=\"OK\"]"}
RESULT: {"using":"xpath","value":"//bdi[text()=\"OK\"]"}
COMMAND: POST /session/9ee8f14f10c6d21a9bd1d789b8b2e24e/elements - {"using":"xpath","value":"//bdi[text()=\"OK\"]"}
RESULT: {"using":"xpath","value":"//bdi[text()=\"OK\"]"}
COMMAND: POST /session/9ee8f14f10c6d21a9bd1d789b8b2e24e/elements - {"using":"xpath","value":"//bdi[text()=\"OK\"]"}
RESULT: {"using":"xpath","value":"//bdi[text()=\"OK\"]"}
COMMAND: POST /session/9ee8f14f10c6d21a9bd1d789b8b2e24e/elements - {"using":"xpath","value":"//bdi[text()=\"OK\"]"}
RESULT: {"using":"xpath","value":"//bdi[text()=\"OK\"]"}
COMMAND: POST /session/9ee8f14f10c6d21a9bd1d789b8b2e24e/elements - {"using":"xpath","value":"//bdi[text()=\"OK\"]"}
RESULT: {"using":"xpath","value":"//bdi[text()=\"OK\"]"}
COMMAND: POST /session/9ee8f14f10c6d21a9bd1d789b8b2e24e/elements - {"using":"xpath","value":"//bdi[text()=\"OK\"]"}
RESULT: {"using":"xpath","value":"//bdi[text()=\"OK\"]"}
COMMAND: POST /session/9ee8f14f10c6d21a9bd1d789b8b2e24e/elements - {"using":"xpath","value":"//bdi[text()=\"OK\"]"}
RESULT: {"using":"xpath","value":"//bdi[text()=\"OK\"]"}
COMMAND: POST /session/9ee8f14f10c6d21a9bd1d789b8b2e24e/elements - {"using":"xpath","value":"//bdi[text()=\"OK\"]"}
RESULT: {"using":"xpath","value":"//bdi[text()=\"OK\"]"}
COMMAND: POST /session/9ee8f14f10c6d21a9bd1d789b8b2e24e/elements - {"using":"xpath","value":"//bdi[text()=\"OK\"]"}
RESULT: {"using":"xpath","value":"//bdi[text()=\"OK\"]"}
COMMAND: POST /session/9ee8f14f10c6d21a9bd1d789b8b2e24e/elements - {"using":"xpath","value":"//bdi[text()=\"OK\"]"}
RESULT: {"using":"xpath","value":"//bdi[text()=\"OK\"]"}
COMMAND: POST /session/9ee8f14f10c6d21a9bd1d789b8b2e24e/elements - {"using":"xpath","value":"//bdi[text()=\"OK\"]"}
RESULT: {"using":"xpath","value":"//bdi[text()=\"OK\"]"}
COMMAND: POST /session/9ee8f14f10c6d21a9bd1d789b8b2e24e/elements - {"using":"xpath","value":"//bdi[text()=\"OK\"]"}
RESULT: {"using":"xpath","value":"//bdi[text()=\"OK\"]"}
COMMAND: POST /session/9ee8f14f10c6d21a9bd1d789b8b2e24e/elements - {"using":"xpath","value":"//bdi[text()=\"OK\"]"}
RESULT: {"using":"xpath","value":"//bdi[text()=\"OK\"]"}
COMMAND: POST /session/9ee8f14f10c6d21a9bd1d789b8b2e24e/elements - {"using":"xpath","value":"//bdi[text()=\"OK\"]"}
RESULT: {"using":"xpath","value":"//bdi[text()=\"OK\"]"}
COMMAND: POST /session/9ee8f14f10c6d21a9bd1d789b8b2e24e/elements - {"using":"xpath","value":"//bdi[text()=\"OK\"]"}
RESULT: {"using":"xpath","value":"//bdi[text()=\"OK\"]"}
COMMAND: POST /session/9ee8f14f10c6d21a9bd1d789b8b2e24e/elements - {"using":"xpath","value":"//bdi[text()=\"OK\"]"}
RESULT: {"using":"xpath","value":"//bdi[text()=\"OK\"]"}
COMMAND: POST /session/9ee8f14f10c6d21a9bd1d789b8b2e24e/elements - {"using":"xpath","value":"//bdi[text()=\"OK\"]"}
RESULT: {"using":"xpath","value":"//bdi[text()=\"OK\"]"}
COMMAND: POST /session/9ee8f14f10c6d21a9bd1d789b8b2e24e/elements - {"using":"xpath","value":"//bdi[text()=\"OK\"]"}
RESULT: {"using":"xpath","value":"//bdi[text()=\"OK\"]"}
COMMAND: POST /session/9ee8f14f10c6d21a9bd1d789b8b2e24e/elements - {"using":"xpath","value":"//bdi[text()=\"OK\"]"}
RESULT: {"using":"xpath","value":"//bdi[text()=\"OK\"]"}
COMMAND: POST /session/9ee8f14f10c6d21a9bd1d789b8b2e24e/elements - {"using":"xpath","value":"//bdi[text()=\"OK\"]"}
RESULT: {"using":"xpath","value":"//bdi[text()=\"OK\"]"}
COMMAND: POST /session/9ee8f14f10c6d21a9bd1d789b8b2e24e/elements - {"using":"xpath","value":"//bdi[text()=\"OK\"]"}
RESULT: {"using":"xpath","value":"//bdi[text()=\"OK\"]"}
COMMAND: POST /session/9ee8f14f10c6d21a9bd1d789b8b2e24e/elements - {"using":"xpath","value":"//bdi[text()=\"OK\"]"}
RESULT: {"using":"xpath","value":"//bdi[text()=\"OK\"]"}
COMMAND: POST /session/9ee8f14f10c6d21a9bd1d789b8b2e24e/elements - {"using":"xpath","value":"//bdi[text()=\"OK\"]"}
RESULT: {"using":"xpath","value":"//bdi[text()=\"OK\"]"}
COMMAND: POST /session/9ee8f14f10c6d21a9bd1d789b8b2e24e/elements - {"using":"xpath","value":"//bdi[text()=\"OK\"]"}
RESULT: {"using":"xpath","value":"//bdi[text()=\"OK\"]"}
COMMAND: POST /session/9ee8f14f10c6d21a9bd1d789b8b2e24e/elements - {"using":"xpath","value":"//bdi[text()=\"OK\"]"}
RESULT: {"using":"xpath","value":"//bdi[text()=\"OK\"]"}
COMMAND: POST /session/9ee8f14f10c6d21a9bd1d789b8b2e24e/elements - {"using":"xpath","value":"//bdi[text()=\"OK\"]"}
RESULT: {"using":"xpath","value":"//bdi[text()=\"OK\"]"}
COMMAND: POST /session/9ee8f14f10c6d21a9bd1d789b8b2e24e/elements - {"using":"xpath","value":"//bdi[text()=\"OK\"]"}
RESULT: {"using":"xpath","value":"//bdi[text()=\"OK\"]"}
COMMAND: POST /session/9ee8f14f10c6d21a9bd1d789b8b2e24e/elements - {"using":"xpath","value":"//bdi[text()=\"OK\"]"}
RESULT: {"using":"xpath","value":"//bdi[text()=\"OK\"]"}
COMMAND: POST /session/9ee8f14f10c6d21a9bd1d789b8b2e24e/elements - {"using":"xpath","value":"//bdi[text()=\"OK\"]"}
RESULT: {"using":"xpath","value":"//bdi[text()=\"OK\"]"}
COMMAND: POST /session/9ee8f14f10c6d21a9bd1d789b8b2e24e/execute/async - {"script":"<script> [1562 bytes]","args":[{"selector":{"id":"application-manageresources-display-component---newResourceUnit--TYPE-arrow"},"wdio_ui5_key":"applicationmanageresources-display-component---newResourceUnit--TYPE-arrow"}]}
RESULT: {"script":"<script> [1562 bytes]","args":[{"selector":{"id":"application-manageresources-display-component---newResourceUnit--TYPE-arrow"},"wdio_ui5_key":"applicationmanageresources-display-component---newResourceUnit--TYPE-arrow"}]}
RESULT: undefined
COMMAND: POST /session/9ee8f14f10c6d21a9bd1d789b8b2e24e/element - {"using":"xpath","value":"//*[@id=\"application-manageresources-display-component---newResourceUnit--TYPE-arrow\"]"}
RESULT: {"using":"xpath","value":"//*[@id=\"application-manageresources-display-component---newResourceUnit--TYPE-arrow\"]"}
COMMAND: POST /session/9ee8f14f10c6d21a9bd1d789b8b2e24e/element/f.F4456A30B5DD81BD5266FF5FFADC42DE.d.3AA719C2EC1D1119908590D2AC9A75FB.e.7421/click - {}
RESULT: {}
COMMAND: POST /session/9ee8f14f10c6d21a9bd1d789b8b2e24e/execute/async - {"script":"<script> [1562 bytes]","args":[{"selector":{"controlType":"sap.m.StandardListItem","viewName":"reusables.view.manageresources.NewResourceUnit","viewId":"application-manageresources-display-component---newResourceUnit","properties":{"title":"Equipment"},"searchOpenDialogs":true,"interaction":{"idSuffix":"content"}},"wdio_ui5_key":"reusablesview.manageresources.NewResourceUnitsap.m.StandardListItem{\"title\":\"Equipment\"}"}]}
COMMAND: GET /session/9ee8f14f10c6d21a9bd1d789b8b2e24e/screenshot - {}
RESULT: {"script":"<script> [1562 bytes]","args":[{"selector":{"controlType":"sap.m.StandardListItem","viewName":"reusables.view.manageresources.NewResourceUnit","viewId":"application-manageresources-display-component---newResourceUnit","properties":{"title":"Equipment"},"searchOpenDialogs":true,"interaction":{"idSuffix":"content"}},"wdio_ui5_key":"reusablesview.manageresources.NewResourceUnitsap.m.StandardListItem{\"title\":\"Equipment\"}"}]}
RESULT: undefined
COMMAND: POST /session/9ee8f14f10c6d21a9bd1d789b8b2e24e/element - {"using":"xpath","value":"//*[@id=\"__item139\"]"}
RESULT: {}
RESULT: {"using":"xpath","value":"//*[@id=\"__item139\"]"}
COMMAND: POST /session/9ee8f14f10c6d21a9bd1d789b8b2e24e/element/f.F4456A30B5DD81BD5266FF5FFADC42DE.d.3AA719C2EC1D1119908590D2AC9A75FB.e.7424/click - {}
RESULT: {}
COMMAND: POST /session/9ee8f14f10c6d21a9bd1d789b8b2e24e/execute/async - {"script":"<script> [1562 bytes]","args":[{"selector":{"id":"application-manageresources-display-component---newResourceUnit--resourceId","interaction":{"idSuffix":"inner"}},"wdio_ui5_key":"applicationmanageresources-display-component---newResourceUnit--resourceId"}]}
COMMAND: GET /session/9ee8f14f10c6d21a9bd1d789b8b2e24e/screenshot - {}
RESULT: {"script":"<script> [1562 bytes]","args":[{"selector":{"id":"application-manageresources-display-component---newResourceUnit--resourceId","interaction":{"idSuffix":"inner"}},"wdio_ui5_key":"applicationmanageresources-display-component---newResourceUnit--resourceId"}]}
RESULT: undefined
COMMAND: POST /session/9ee8f14f10c6d21a9bd1d789b8b2e24e/execute/async - {"script":"<script> [776 bytes]","args":[{"enterText":"EquipmentCounter affbn","selector":{"id":"application-manageresources-display-component---newResourceUnit--resourceId","interaction":{"idSuffix":"inner"}},"clearTextFirst":true,"interactionType":"ENTER_TEXT"}]}
RESULT: {}
RESULT: {"script":"<script> [776 bytes]","args":[{"enterText":"EquipmentCounter affbn","selector":{"id":"application-manageresources-display-component---newResourceUnit--resourceId","interaction":{"idSuffix":"inner"}},"clearTextFirst":true,"interactionType":"ENTER_TEXT"}]}
COMMAND: POST /session/9ee8f14f10c6d21a9bd1d789b8b2e24e/execute/async - {"script":"<script> [1562 bytes]","args":[{"selector":{"id":"application-manageresources-display-component---newResourceUnit--SHORT_TEXT","interaction":{"idSuffix":"inner"}},"wdio_ui5_key":"applicationmanageresources-display-component---newResourceUnit--SHORT_TEXT"}]}
RESULT: {"script":"<script> [1562 bytes]","args":[{"selector":{"id":"application-manageresources-display-component---newResourceUnit--SHORT_TEXT","interaction":{"idSuffix":"inner"}},"wdio_ui5_key":"applicationmanageresources-display-component---newResourceUnit--SHORT_TEXT"}]}
RESULT: undefined
COMMAND: POST /session/9ee8f14f10c6d21a9bd1d789b8b2e24e/execute/async - {"script":"<script> [776 bytes]","args":[{"enterText":"EquipmentCounter affbn","selector":{"id":"application-manageresources-display-component---newResourceUnit--SHORT_TEXT","interaction":{"idSuffix":"inner"}},"clearTextFirst":true,"interactionType":"ENTER_TEXT"}]}
RESULT: {"script":"<script> [776 bytes]","args":[{"enterText":"EquipmentCounter affbn","selector":{"id":"application-manageresources-display-component---newResourceUnit--SHORT_TEXT","interaction":{"idSuffix":"inner"}},"clearTextFirst":true,"interactionType":"ENTER_TEXT"}]}
COMMAND: POST /session/9ee8f14f10c6d21a9bd1d789b8b2e24e/execute/async - {"script":"<script> [1562 bytes]","args":[{"selector":{"id":"application-manageresources-display-component---newResourceUnit--BASE_UNIT_OF_MEASURE","interaction":{"idSuffix":"inner"}},"wdio_ui5_key":"applicationmanageresources-display-component---newResourceUnit--BASE_UNIT_OF_MEASURE"}]}
RESULT: {"script":"<script> [1562 bytes]","args":[{"selector":{"id":"application-manageresources-display-component---newResourceUnit--BASE_UNIT_OF_MEASURE","interaction":{"idSuffix":"inner"}},"wdio_ui5_key":"applicationmanageresources-display-component---newResourceUnit--BASE_UNIT_OF_MEASURE"}]}
RESULT: undefined
COMMAND: POST /session/9ee8f14f10c6d21a9bd1d789b8b2e24e/execute/async - {"script":"<script> [776 bytes]","args":[{"enterText":"Piece","selector":{"id":"application-manageresources-display-component---newResourceUnit--BASE_UNIT_OF_MEASURE","interaction":{"idSuffix":"inner"}},"clearTextFirst":true,"interactionType":"ENTER_TEXT"}]}
RESULT: {"script":"<script> [776 bytes]","args":[{"enterText":"Piece","selector":{"id":"application-manageresources-display-component---newResourceUnit--BASE_UNIT_OF_MEASURE","interaction":{"idSuffix":"inner"}},"clearTextFirst":true,"interactionType":"ENTER_TEXT"}]}
COMMAND: POST /session/9ee8f14f10c6d21a9bd1d789b8b2e24e/execute/async - {"script":"<script> [1562 bytes]","args":[{"selector":{"id":"application-manageresources-display-component---newResourceUnit--WEIGHT_UNIT","interaction":{"idSuffix":"inner"}},"wdio_ui5_key":"applicationmanageresources-display-component---newResourceUnit--WEIGHT_UNIT"}]}
RESULT: {"script":"<script> [1562 bytes]","args":[{"selector":{"id":"application-manageresources-display-component---newResourceUnit--WEIGHT_UNIT","interaction":{"idSuffix":"inner"}},"wdio_ui5_key":"applicationmanageresources-display-component---newResourceUnit--WEIGHT_UNIT"}]}
RESULT: undefined
COMMAND: POST /session/9ee8f14f10c6d21a9bd1d789b8b2e24e/execute/async - {"script":"<script> [776 bytes]","args":[{"enterText":"Gram","selector":{"id":"application-manageresources-display-component---newResourceUnit--WEIGHT_UNIT","interaction":{"idSuffix":"inner"}},"clearTextFirst":true,"interactionType":"ENTER_TEXT"}]}
RESULT: {"script":"<script> [776 bytes]","args":[{"enterText":"Gram","selector":{"id":"application-manageresources-display-component---newResourceUnit--WEIGHT_UNIT","interaction":{"idSuffix":"inner"}},"clearTextFirst":true,"interactionType":"ENTER_TEXT"}]}
COMMAND: POST /session/9ee8f14f10c6d21a9bd1d789b8b2e24e/execute/async - {"script":"<script> [1562 bytes]","args":[{"selector":{"id":"application-manageresources-display-component---newResourceUnit--newRRUPage-OPHeaderContent-collapseBtn-img"},"wdio_ui5_key":"applicationmanageresources-display-component---newResourceUnit--newRRUPage-OPHeaderContent-collapseBtn-img"}]}
RESULT: {"script":"<script> [1562 bytes]","args":[{"selector":{"id":"application-manageresources-display-component---newResourceUnit--newRRUPage-OPHeaderContent-collapseBtn-img"},"wdio_ui5_key":"applicationmanageresources-display-component---newResourceUnit--newRRUPage-OPHeaderContent-collapseBtn-img"}]}
RESULT: undefined
COMMAND: POST /session/9ee8f14f10c6d21a9bd1d789b8b2e24e/element - {"using":"xpath","value":"//*[@id=\"application-manageresources-display-component---newResourceUnit--newRRUPage-OPHeaderContent-collapseBtn-img\"]"}
RESULT: {"using":"xpath","value":"//*[@id=\"application-manageresources-display-component---newResourceUnit--newRRUPage-OPHeaderContent-collapseBtn-img\"]"}
COMMAND: POST /session/9ee8f14f10c6d21a9bd1d789b8b2e24e/element/f.F4456A30B5DD81BD5266FF5FFADC42DE.d.3AA719C2EC1D1119908590D2AC9A75FB.e.7432/click - {}
RESULT: {}
COMMAND: GET /session/9ee8f14f10c6d21a9bd1d789b8b2e24e/screenshot - {}
RESULT: {}
COMMAND: POST /session/9ee8f14f10c6d21a9bd1d789b8b2e24e/element - {"using":"xpath","value":"(//span[contains(@id ,\"application-manageresources-display-component---newResourceUnit--DIMENSION_UNIT-arrow\")])[1]"}
RESULT: {"using":"xpath","value":"(//span[contains(@id ,\"application-manageresources-display-component---newResourceUnit--DIMENSION_UNIT-arrow\")])[1]"}
COMMAND: POST /session/9ee8f14f10c6d21a9bd1d789b8b2e24e/element/f.F4456A30B5DD81BD5266FF5FFADC42DE.d.3AA719C2EC1D1119908590D2AC9A75FB.e.7555/click - {}
RESULT: {}
COMMAND: GET /session/9ee8f14f10c6d21a9bd1d789b8b2e24e/screenshot - {}
RESULT: {}
COMMAND: POST /session/9ee8f14f10c6d21a9bd1d789b8b2e24e/execute/async - {"script":"<script> [1562 bytes]","args":[{"selector":{"controlType":"sap.m.StandardListItem","viewName":"reusables.view.manageresources.NewResourceUnit","viewId":"application-manageresources-display-component---newResourceUnit","properties":{"title":"Centimeter"},"searchOpenDialogs":true,"interaction":{"idSuffix":"titleText"}},"wdio_ui5_key":"reusablesview.manageresources.NewResourceUnitsap.m.StandardListItem{\"title\":\"Centimeter\"}"}]}
RESULT: {"script":"<script> [1562 bytes]","args":[{"selector":{"controlType":"sap.m.StandardListItem","viewName":"reusables.view.manageresources.NewResourceUnit","viewId":"application-manageresources-display-component---newResourceUnit","properties":{"title":"Centimeter"},"searchOpenDialogs":true,"interaction":{"idSuffix":"titleText"}},"wdio_ui5_key":"reusablesview.manageresources.NewResourceUnitsap.m.StandardListItem{\"title\":\"Centimeter\"}"}]}
RESULT: undefined
COMMAND: POST /session/9ee8f14f10c6d21a9bd1d789b8b2e24e/element - {"using":"xpath","value":"//*[@id=\"__item182\"]"}
RESULT: {"using":"xpath","value":"//*[@id=\"__item182\"]"}
COMMAND: POST /session/9ee8f14f10c6d21a9bd1d789b8b2e24e/element/f.F4456A30B5DD81BD5266FF5FFADC42DE.d.3AA719C2EC1D1119908590D2AC9A75FB.e.7559/click - {}
RESULT: {}
COMMAND: GET /session/9ee8f14f10c6d21a9bd1d789b8b2e24e/screenshot - {}
RESULT: {}
COMMAND: POST /session/9ee8f14f10c6d21a9bd1d789b8b2e24e/execute/async - {"script":"<script> [1562 bytes]","args":[{"selector":{"id":"application-manageresources-display-component---newResourceUnit--newRRUPage-anchBar-application-manageresources-display-component---newResourceUnit--control-anchor","interaction":{"idSuffix":"BDI-content"}},"wdio_ui5_key":"applicationmanageresources-display-component---newResourceUnit--newRRUPage-anchBar-application-manageresources-display-component---newResourceUnit--control-anchor"}]}
RESULT: {"script":"<script> [1562 bytes]","args":[{"selector":{"id":"application-manageresources-display-component---newResourceUnit--newRRUPage-anchBar-application-manageresources-display-component---newResourceUnit--control-anchor","interaction":{"idSuffix":"BDI-content"}},"wdio_ui5_key":"applicationmanageresources-display-component---newResourceUnit--newRRUPage-anchBar-application-manageresources-display-component---newResourceUnit--control-anchor"}]}
RESULT: undefined
COMMAND: POST /session/9ee8f14f10c6d21a9bd1d789b8b2e24e/element - {"using":"xpath","value":"//*[@id=\"application-manageresources-display-component---newResourceUnit--newRRUPage-anchBar-application-manageresources-display-component---newResourceUnit--control-anchor\"]"}
RESULT: {"using":"xpath","value":"//*[@id=\"application-manageresources-display-component---newResourceUnit--newRRUPage-anchBar-application-manageresources-display-component---newResourceUnit--control-anchor\"]"}
COMMAND: POST /session/9ee8f14f10c6d21a9bd1d789b8b2e24e/element/f.F4456A30B5DD81BD5266FF5FFADC42DE.d.3AA719C2EC1D1119908590D2AC9A75FB.e.7561/click - {}
RESULT: {}
COMMAND: POST /session/9ee8f14f10c6d21a9bd1d789b8b2e24e/execute/async - {"script":"<script> [1562 bytes]","args":[{"selector":{"id":"application-manageresources-display-component---newResourceUnit--PLANNING_GROUP","interaction":{"idSuffix":"inner"}},"wdio_ui5_key":"applicationmanageresources-display-component---newResourceUnit--PLANNING_GROUP"}]}
COMMAND: GET /session/9ee8f14f10c6d21a9bd1d789b8b2e24e/screenshot - {}
RESULT: {"script":"<script> [1562 bytes]","args":[{"selector":{"id":"application-manageresources-display-component---newResourceUnit--PLANNING_GROUP","interaction":{"idSuffix":"inner"}},"wdio_ui5_key":"applicationmanageresources-display-component---newResourceUnit--PLANNING_GROUP"}]}
RESULT: undefined
COMMAND: POST /session/9ee8f14f10c6d21a9bd1d789b8b2e24e/execute/async - {"script":"<script> [776 bytes]","args":[{"enterText":"Heavy Equi","selector":{"id":"application-manageresources-display-component---newResourceUnit--PLANNING_GROUP","interaction":{"idSuffix":"inner"}},"clearTextFirst":true,"interactionType":"ENTER_TEXT"}]}
RESULT: {}
RESULT: {"script":"<script> [776 bytes]","args":[{"enterText":"Heavy Equi","selector":{"id":"application-manageresources-display-component---newResourceUnit--PLANNING_GROUP","interaction":{"idSuffix":"inner"}},"clearTextFirst":true,"interactionType":"ENTER_TEXT"}]}
COMMAND: POST /session/9ee8f14f10c6d21a9bd1d789b8b2e24e/execute/async - {"script":"<script> [1562 bytes]","args":[{"selector":{"id":"application-manageresources-display-component---newResourceUnit--ITEM_TYPE-arrow"},"wdio_ui5_key":"applicationmanageresources-display-component---newResourceUnit--ITEM_TYPE-arrow"}]}
RESULT: {"script":"<script> [1562 bytes]","args":[{"selector":{"id":"application-manageresources-display-component---newResourceUnit--ITEM_TYPE-arrow"},"wdio_ui5_key":"applicationmanageresources-display-component---newResourceUnit--ITEM_TYPE-arrow"}]}
RESULT: undefined
COMMAND: POST /session/9ee8f14f10c6d21a9bd1d789b8b2e24e/element - {"using":"xpath","value":"//*[@id=\"application-manageresources-display-component---newResourceUnit--ITEM_TYPE-arrow\"]"}
RESULT: {"using":"xpath","value":"//*[@id=\"application-manageresources-display-component---newResourceUnit--ITEM_TYPE-arrow\"]"}
COMMAND: POST /session/9ee8f14f10c6d21a9bd1d789b8b2e24e/element/f.F4456A30B5DD81BD5266FF5FFADC42DE.d.3AA719C2EC1D1119908590D2AC9A75FB.e.7566/click - {}
RESULT: {}
COMMAND: POST /session/9ee8f14f10c6d21a9bd1d789b8b2e24e/execute/async - {"script":"<script> [1562 bytes]","args":[{"selector":{"controlType":"sap.m.StandardListItem","viewName":"reusables.view.manageresources.NewResourceUnit","viewId":"application-manageresources-display-component---newResourceUnit","properties":{"title":"Resource Unit"},"searchOpenDialogs":true,"interaction":{"idSuffix":"titleText"}},"wdio_ui5_key":"reusablesview.manageresources.NewResourceUnitsap.m.StandardListItem{\"title\":\"Resource Unit\"}"}]}
COMMAND: GET /session/9ee8f14f10c6d21a9bd1d789b8b2e24e/screenshot - {}
RESULT: {"script":"<script> [1562 bytes]","args":[{"selector":{"controlType":"sap.m.StandardListItem","viewName":"reusables.view.manageresources.NewResourceUnit","viewId":"application-manageresources-display-component---newResourceUnit","properties":{"title":"Resource Unit"},"searchOpenDialogs":true,"interaction":{"idSuffix":"titleText"}},"wdio_ui5_key":"reusablesview.manageresources.NewResourceUnitsap.m.StandardListItem{\"title\":\"Resource Unit\"}"}]}
RESULT: undefined
COMMAND: POST /session/9ee8f14f10c6d21a9bd1d789b8b2e24e/element - {"using":"xpath","value":"//*[@id=\"__item204\"]"}
RESULT: {}
RESULT: {"using":"xpath","value":"//*[@id=\"__item204\"]"}
COMMAND: POST /session/9ee8f14f10c6d21a9bd1d789b8b2e24e/element/f.F4456A30B5DD81BD5266FF5FFADC42DE.d.3AA719C2EC1D1119908590D2AC9A75FB.e.7568/click - {}
RESULT: {}
COMMAND: POST /session/9ee8f14f10c6d21a9bd1d789b8b2e24e/element - {"using":"xpath","value":"//bdi[contains(text(), \"Time Segment\")]"}
COMMAND: GET /session/9ee8f14f10c6d21a9bd1d789b8b2e24e/screenshot - {}
RESULT: {"using":"xpath","value":"//bdi[contains(text(), \"Time Segment\")]"}
COMMAND: GET /session/9ee8f14f10c6d21a9bd1d789b8b2e24e/element/f.F4456A30B5DD81BD5266FF5FFADC42DE.d.3AA719C2EC1D1119908590D2AC9A75FB.e.7569/rect - {}
RESULT: {}
RESULT: {}
COMMAND: GET /session/9ee8f14f10c6d21a9bd1d789b8b2e24e/window/rect - {}
RESULT: {}
COMMAND: POST /session/9ee8f14f10c6d21a9bd1d789b8b2e24e/execute/sync - {"script":"<script> [92 bytes]","args":[]}
RESULT: {"script":"<script> [92 bytes]","args":[]}
COMMAND: POST /session/9ee8f14f10c6d21a9bd1d789b8b2e24e/actions - {"actions":[{"id":"action19","type":"wheel","parameters":{},"actions":[{"type":"scroll","x":-1820,"y":-21,"deltaX":0,"deltaY":0,"duration":0,"origin":{"element-6066-11e4-a52e-4f735466cecf":"f.F4456A30B5DD81BD5266FF5FFADC42DE.d.3AA719C2EC1D1119908590D2AC9A75FB.e.7569"}}]}]}
COMMAND: GET /session/9ee8f14f10c6d21a9bd1d789b8b2e24e/screenshot - {}
RESULT: {}
COMMAND: POST /session/9ee8f14f10c6d21a9bd1d789b8b2e24e/execute/sync - {"script":"<script> [79 bytes]","args":[{"element-6066-11e4-a52e-4f735466cecf":"f.F4456A30B5DD81BD5266FF5FFADC42DE.d.3AA719C2EC1D1119908590D2AC9A75FB.e.7569","ELEMENT":"f.F4456A30B5DD81BD5266FF5FFADC42DE.d.3AA719C2EC1D1119908590D2AC9A75FB.e.7569"},{"block":"start","inline":"nearest"}]}
RESULT: {"script":"<script> [79 bytes]","args":[{"element-6066-11e4-a52e-4f735466cecf":"f.F4456A30B5DD81BD5266FF5FFADC42DE.d.3AA719C2EC1D1119908590D2AC9A75FB.e.7569","ELEMENT":"f.F4456A30B5DD81BD5266FF5FFADC42DE.d.3AA719C2EC1D1119908590D2AC9A75FB.e.7569"},{"block":"start","inline":"nearest"}]}
COMMAND: POST /session/9ee8f14f10c6d21a9bd1d789b8b2e24e/execute/async - {"script":"<script> [1562 bytes]","args":[{"selector":{"id":"application-manageresources-display-component---newResourceUnit--btnAddTimeSegment-img"},"wdio_ui5_key":"applicationmanageresources-display-component---newResourceUnit--btnAddTimeSegment-img"}]}
COMMAND: GET /session/9ee8f14f10c6d21a9bd1d789b8b2e24e/screenshot - {}
RESULT: {"script":"<script> [1562 bytes]","args":[{"selector":{"id":"application-manageresources-display-component---newResourceUnit--btnAddTimeSegment-img"},"wdio_ui5_key":"applicationmanageresources-display-component---newResourceUnit--btnAddTimeSegment-img"}]}
RESULT: undefined
COMMAND: POST /session/9ee8f14f10c6d21a9bd1d789b8b2e24e/element - {"using":"xpath","value":"//*[@id=\"application-manageresources-display-component---newResourceUnit--btnAddTimeSegment-img\"]"}
RESULT: {}
RESULT: {"using":"xpath","value":"//*[@id=\"application-manageresources-display-component---newResourceUnit--btnAddTimeSegment-img\"]"}
COMMAND: POST /session/9ee8f14f10c6d21a9bd1d789b8b2e24e/element/f.F4456A30B5DD81BD5266FF5FFADC42DE.d.3AA719C2EC1D1119908590D2AC9A75FB.e.7570/click - {}
RESULT: {}
COMMAND: POST /session/9ee8f14f10c6d21a9bd1d789b8b2e24e/element - {"using":"xpath","value":"//input[@id=\"application-manageresources-display-component---newResourceUnit--idRuTSAdmin-application-manageresources-display-component---newResourceUnit--RUTimeSegment-0-inner\"]"}
COMMAND: GET /session/9ee8f14f10c6d21a9bd1d789b8b2e24e/screenshot - {}
RESULT: {"using":"xpath","value":"//input[@id=\"application-manageresources-display-component---newResourceUnit--idRuTSAdmin-application-manageresources-display-component---newResourceUnit--RUTimeSegment-0-inner\"]"}
COMMAND: POST /session/9ee8f14f10c6d21a9bd1d789b8b2e24e/element/f.F4456A30B5DD81BD5266FF5FFADC42DE.d.3AA719C2EC1D1119908590D2AC9A75FB.e.7575/clear - {}
RESULT: {}
RESULT: {}
COMMAND: POST /session/9ee8f14f10c6d21a9bd1d789b8b2e24e/element/f.F4456A30B5DD81BD5266FF5FFADC42DE.d.3AA719C2EC1D1119908590D2AC9A75FB.e.7575/value - {"text":"Webdriver Yard"}
COMMAND: GET /session/9ee8f14f10c6d21a9bd1d789b8b2e24e/screenshot - {}
RESULT: {"text":"Webdriver Yard"}
COMMAND: GET /session/9ee8f14f10c6d21a9bd1d789b8b2e24e/screenshot - {}
RESULT: {}
RESULT: {}
COMMAND: POST /session/9ee8f14f10c6d21a9bd1d789b8b2e24e/actions - {"actions":[{"id":"action20","type":"key","parameters":{},"actions":[{"type":"keyDown","value":"î€‡"},{"type":"pause","duration":10},{"type":"keyUp","value":"î€‡"}]}]}
RESULT: {"actions":[{"id":"action20","type":"key","parameters":{},"actions":[{"type":"keyDown","value":"î€‡"},{"type":"pause","duration":10},{"type":"keyUp","value":"î€‡"}]}]}
COMMAND: POST /session/9ee8f14f10c6d21a9bd1d789b8b2e24e/execute/async - {"script":"<script> [1562 bytes]","args":[{"selector":{"controlType":"sap.ui.core.Icon","viewName":"reusables.view.manageresources.NewResourceUnit","viewId":"application-manageresources-display-component---newResourceUnit","properties":{"src":{"regex":{"source":"slim\\-arrow\\-down"}}},"ancestor":{"controlType":"sap.m.ComboBox","viewName":"reusables.view.manageresources.NewResourceUnit","viewId":"application-manageresources-display-component---newResourceUnit","bindingPath":{"path":"/RESOURCE_UNIT_TIME_SEQUENCES/0","propertyPath":"COST_OBJECT_ADMIN_CST_TYPE","modelName":"oNewRruModel"}}},"wdio_ui5_key":"reusablesview.manageresources.NewResourceUnitsap.ui.core.Icon{\"src\":{\"regex\":{\"source\":\"slim\\\\-arrow\\\\-down\"}}}{\"controlType\":\"sap.m.ComboBox\",\"viewName\":\"reusables.view.manageresources.NewResourceUnit\",\"viewId\":\"application-manageresources-display-component---newResourceUnit\",\"bindingPath\":{\"path\":\"/RESOURCE_UNIT_TIME_SEQUENCES/0\",\"propertyPath\":\"COST_OBJECT_ADMIN_CST_TYPE\",\"modelName\":\"oNewRruModel\"}}"}]}
COMMAND: GET /session/9ee8f14f10c6d21a9bd1d789b8b2e24e/screenshot - {}
RESULT: {"script":"<script> [1562 bytes]","args":[{"selector":{"controlType":"sap.ui.core.Icon","viewName":"reusables.view.manageresources.NewResourceUnit","viewId":"application-manageresources-display-component---newResourceUnit","properties":{"src":{"regex":{"source":"slim\\-arrow\\-down"}}},"ancestor":{"controlType":"sap.m.ComboBox","viewName":"reusables.view.manageresources.NewResourceUnit","viewId":"application-manageresources-display-component---newResourceUnit","bindingPath":{"path":"/RESOURCE_UNIT_TIME_SEQUENCES/0","propertyPath":"COST_OBJECT_ADMIN_CST_TYPE","modelName":"oNewRruModel"}}},"wdio_ui5_key":"reusablesview.manageresources.NewResourceUnitsap.ui.core.Icon{\"src\":{\"regex\":{\"source\":\"slim\\\\-arrow\\\\-down\"}}}{\"controlType\":\"sap.m.ComboBox\",\"viewName\":\"reusables.view.manageresources.NewResourceUnit\",\"viewId\":\"application-manageresources-display-component---newResourceUnit\",\"bindingPath\":{\"path\":\"/RESOURCE_UNIT_TIME_SEQUENCES/0\",\"propertyPath\":\"COST_OBJECT_ADMIN_CST_TYPE\",\"modelName\":\"oNewRruModel\"}}"}]}
RESULT: undefined
COMMAND: POST /session/9ee8f14f10c6d21a9bd1d789b8b2e24e/element - {"using":"xpath","value":"//*[@id=\"__box4-application-manageresources-display-component---newResourceUnit--RUTimeSegment-0-arrow\"]"}
RESULT: {}
RESULT: {"using":"xpath","value":"//*[@id=\"__box4-application-manageresources-display-component---newResourceUnit--RUTimeSegment-0-arrow\"]"}
COMMAND: POST /session/9ee8f14f10c6d21a9bd1d789b8b2e24e/element/f.F4456A30B5DD81BD5266FF5FFADC42DE.d.3AA719C2EC1D1119908590D2AC9A75FB.e.7590/click - {}
RESULT: {}
COMMAND: POST /session/9ee8f14f10c6d21a9bd1d789b8b2e24e/execute/async - {"script":"<script> [1562 bytes]","args":[{"selector":{"controlType":"sap.m.StandardListItem","viewName":"reusables.view.manageresources.NewResourceUnit","viewId":"application-manageresources-display-component---newResourceUnit","properties":{"title":"PM Order"},"searchOpenDialogs":true,"interaction":{"idSuffix":"titleText"}},"wdio_ui5_key":"reusablesview.manageresources.NewResourceUnitsap.m.StandardListItem{\"title\":\"PM Order\"}"}]}
COMMAND: GET /session/9ee8f14f10c6d21a9bd1d789b8b2e24e/screenshot - {}
RESULT: {"script":"<script> [1562 bytes]","args":[{"selector":{"controlType":"sap.m.StandardListItem","viewName":"reusables.view.manageresources.NewResourceUnit","viewId":"application-manageresources-display-component---newResourceUnit","properties":{"title":"PM Order"},"searchOpenDialogs":true,"interaction":{"idSuffix":"titleText"}},"wdio_ui5_key":"reusablesview.manageresources.NewResourceUnitsap.m.StandardListItem{\"title\":\"PM Order\"}"}]}
RESULT: undefined
COMMAND: POST /session/9ee8f14f10c6d21a9bd1d789b8b2e24e/element - {"using":"xpath","value":"//*[@id=\"__item657\"]"}
RESULT: {}
RESULT: {"using":"xpath","value":"//*[@id=\"__item657\"]"}
COMMAND: POST /session/9ee8f14f10c6d21a9bd1d789b8b2e24e/element/f.F4456A30B5DD81BD5266FF5FFADC42DE.d.3AA719C2EC1D1119908590D2AC9A75FB.e.7594/click - {}
RESULT: {}
COMMAND: GET /session/9ee8f14f10c6d21a9bd1d789b8b2e24e/screenshot - {}
RESULT: {}
COMMAND: POST /session/9ee8f14f10c6d21a9bd1d789b8b2e24e/element - {"using":"xpath","value":"(//input[contains(@id ,\"-application-manageresources-display-component---newResourceUnit--RUTimeSegment-0-inner\")])[8]"}
RESULT: {"using":"xpath","value":"(//input[contains(@id ,\"-application-manageresources-display-component---newResourceUnit--RUTimeSegment-0-inner\")])[8]"}
COMMAND: POST /session/9ee8f14f10c6d21a9bd1d789b8b2e24e/element/f.F4456A30B5DD81BD5266FF5FFADC42DE.d.3AA719C2EC1D1119908590D2AC9A75FB.e.7597/clear - {}
RESULT: {}
COMMAND: POST /session/9ee8f14f10c6d21a9bd1d789b8b2e24e/element/f.F4456A30B5DD81BD5266FF5FFADC42DE.d.3AA719C2EC1D1119908590D2AC9A75FB.e.7597/value - {"text":"4000360"}
COMMAND: GET /session/9ee8f14f10c6d21a9bd1d789b8b2e24e/screenshot - {}
RESULT: {"text":"4000360"}
COMMAND: GET /session/9ee8f14f10c6d21a9bd1d789b8b2e24e/screenshot - {}
RESULT: {}
RESULT: {}
COMMAND: POST /session/9ee8f14f10c6d21a9bd1d789b8b2e24e/actions - {"actions":[{"id":"action21","type":"key","parameters":{},"actions":[{"type":"keyDown","value":"î€‡"},{"type":"pause","duration":10},{"type":"keyUp","value":"î€‡"}]}]}
RESULT: {"actions":[{"id":"action21","type":"key","parameters":{},"actions":[{"type":"keyDown","value":"î€‡"},{"type":"pause","duration":10},{"type":"keyUp","value":"î€‡"}]}]}
COMMAND: GET /session/9ee8f14f10c6d21a9bd1d789b8b2e24e/screenshot - {}
RESULT: {}
COMMAND: POST /session/9ee8f14f10c6d21a9bd1d789b8b2e24e/execute/async - {"script":"<script> [1562 bytes]","args":[{"selector":{"id":"application-manageresources-display-component---newResourceUnit--newTimeSegmentDateRangePicker-application-manageresources-display-component---newResourceUnit--RUTimeSegment-0","interaction":{"idSuffix":"inner"}},"wdio_ui5_key":"applicationmanageresources-display-component---newResourceUnit--newTimeSegmentDateRangePicker-application-manageresources-display-component---newResourceUnit--RUTimeSegment-0"}]}
RESULT: {"script":"<script> [1562 bytes]","args":[{"selector":{"id":"application-manageresources-display-component---newResourceUnit--newTimeSegmentDateRangePicker-application-manageresources-display-component---newResourceUnit--RUTimeSegment-0","interaction":{"idSuffix":"inner"}},"wdio_ui5_key":"applicationmanageresources-display-component---newResourceUnit--newTimeSegmentDateRangePicker-application-manageresources-display-component---newResourceUnit--RUTimeSegment-0"}]}
RESULT: undefined
COMMAND: POST /session/9ee8f14f10c6d21a9bd1d789b8b2e24e/execute/async - {"script":"<script> [1562 bytes]","args":[{"selector":{"id":"application-manageresources-display-component---newResourceUnit--newRRUPage-anchBar-application-manageresources-display-component---newResourceUnit--resource-anchor","interaction":{"idSuffix":"BDI-content"}},"wdio_ui5_key":"applicationmanageresources-display-component---newResourceUnit--newRRUPage-anchBar-application-manageresources-display-component---newResourceUnit--resource-anchor"}]}
RESULT: {"script":"<script> [1562 bytes]","args":[{"selector":{"id":"application-manageresources-display-component---newResourceUnit--newRRUPage-anchBar-application-manageresources-display-component---newResourceUnit--resource-anchor","interaction":{"idSuffix":"BDI-content"}},"wdio_ui5_key":"applicationmanageresources-display-component---newResourceUnit--newRRUPage-anchBar-application-manageresources-display-component---newResourceUnit--resource-anchor"}]}
RESULT: undefined
COMMAND: POST /session/9ee8f14f10c6d21a9bd1d789b8b2e24e/element - {"using":"xpath","value":"//*[@id=\"application-manageresources-display-component---newResourceUnit--newRRUPage-anchBar-application-manageresources-display-component---newResourceUnit--resource-anchor\"]"}
RESULT: {"using":"xpath","value":"//*[@id=\"application-manageresources-display-component---newResourceUnit--newRRUPage-anchBar-application-manageresources-display-component---newResourceUnit--resource-anchor\"]"}
COMMAND: POST /session/9ee8f14f10c6d21a9bd1d789b8b2e24e/element/f.F4456A30B5DD81BD5266FF5FFADC42DE.d.3AA719C2EC1D1119908590D2AC9A75FB.e.7616/click - {}
RESULT: {}
COMMAND: POST /session/9ee8f14f10c6d21a9bd1d789b8b2e24e/execute/async - {"script":"<script> [1562 bytes]","args":[{"selector":{"id":"application-manageresources-display-component---newResourceUnit--PLANNED_DELIVERY_DATE","interaction":{"idSuffix":"inner"}},"wdio_ui5_key":"applicationmanageresources-display-component---newResourceUnit--PLANNED_DELIVERY_DATE"}]}
COMMAND: GET /session/9ee8f14f10c6d21a9bd1d789b8b2e24e/screenshot - {}
RESULT: {"script":"<script> [1562 bytes]","args":[{"selector":{"id":"application-manageresources-display-component---newResourceUnit--PLANNED_DELIVERY_DATE","interaction":{"idSuffix":"inner"}},"wdio_ui5_key":"applicationmanageresources-display-component---newResourceUnit--PLANNED_DELIVERY_DATE"}]}
RESULT: undefined
COMMAND: POST /session/9ee8f14f10c6d21a9bd1d789b8b2e24e/execute/async - {"script":"<script> [6424 bytes]","args":[{"element-6066-11e4-a52e-4f735466cecf":"f.F4456A30B5DD81BD5266FF5FFADC42DE.d.3AA719C2EC1D1119908590D2AC9A75FB.e.7478"},"setValue",["06/04/24"]]}
RESULT: {}
RESULT: {"script":"<script> [6424 bytes]","args":[{"element-6066-11e4-a52e-4f735466cecf":"f.F4456A30B5DD81BD5266FF5FFADC42DE.d.3AA719C2EC1D1119908590D2AC9A75FB.e.7478"},"setValue",["06/04/24"]]}
COMMAND: POST /session/9ee8f14f10c6d21a9bd1d789b8b2e24e/execute/async - {"script":"<script> [1562 bytes]","args":[{"selector":{"controlType":"sap.m.Button","viewName":"reusables.view.manageresources.NewResourceUnit","viewId":"application-manageresources-display-component---newResourceUnit","i18NText":{"propertyName":"tooltip","key":"save"},"interaction":{"idSuffix":"BDI-content"}},"wdio_ui5_key":"reusablesview.manageresources.NewResourceUnitsap.m.Button{\"propertyName\":\"tooltip\",\"key\":\"save\"}"}]}
RESULT: {"script":"<script> [1562 bytes]","args":[{"selector":{"controlType":"sap.m.Button","viewName":"reusables.view.manageresources.NewResourceUnit","viewId":"application-manageresources-display-component---newResourceUnit","i18NText":{"propertyName":"tooltip","key":"save"},"interaction":{"idSuffix":"BDI-content"}},"wdio_ui5_key":"reusablesview.manageresources.NewResourceUnitsap.m.Button{\"propertyName\":\"tooltip\",\"key\":\"save\"}"}]}
RESULT: undefined
COMMAND: POST /session/9ee8f14f10c6d21a9bd1d789b8b2e24e/element - {"using":"xpath","value":"//*[@id=\"application-manageresources-display-component---newResourceUnit--createRuButton\"]"}
RESULT: {"using":"xpath","value":"//*[@id=\"application-manageresources-display-component---newResourceUnit--createRuButton\"]"}
COMMAND: POST /session/9ee8f14f10c6d21a9bd1d789b8b2e24e/element/f.F4456A30B5DD81BD5266FF5FFADC42DE.d.3AA719C2EC1D1119908590D2AC9A75FB.e.7438/click - {}
RESULT: {}
COMMAND: GET /session/9ee8f14f10c6d21a9bd1d789b8b2e24e/screenshot - {}
RESULT: {}
COMMAND: POST /session/9ee8f14f10c6d21a9bd1d789b8b2e24e/execute/async - {"script":"<script> [1562 bytes]","args":[{"selector":{"controlType":"sap.m.Button","properties":{"text":"Close"},"searchOpenDialogs":true,"interaction":{"idSuffix":"inner"}},"wdio_ui5_key":"sapm.Button{\"text\":\"Close\"}"}]}
RESULT: {"script":"<script> [1562 bytes]","args":[{"selector":{"controlType":"sap.m.Button","properties":{"text":"Close"},"searchOpenDialogs":true,"interaction":{"idSuffix":"inner"}},"wdio_ui5_key":"sapm.Button{\"text\":\"Close\"}"}]}
RESULT: undefined
COMMAND: POST /session/9ee8f14f10c6d21a9bd1d789b8b2e24e/element - {"using":"xpath","value":"//*[@id=\"__mbox-btn-0\"]"}
RESULT: {"using":"xpath","value":"//*[@id=\"__mbox-btn-0\"]"}
COMMAND: POST /session/9ee8f14f10c6d21a9bd1d789b8b2e24e/element/f.F4456A30B5DD81BD5266FF5FFADC42DE.d.3AA719C2EC1D1119908590D2AC9A75FB.e.7622/click - {}
RESULT: {}
COMMAND: GET /session/9ee8f14f10c6d21a9bd1d789b8b2e24e/screenshot - {}
RESULT: {}
COMMAND: POST /session/9ee8f14f10c6d21a9bd1d789b8b2e24e/execute/async - {"script":"<script> [1562 bytes]","args":[{"selector":{"controlType":"sap.m.Text","viewName":"etm.portal.ui.manageresources.view.Detail","viewId":"application-manageresources-display-component---detailRU","bindingPath":{"propertyPath":"ID","modelName":"catalogModel"}},"wdio_ui5_key":"etmportal.ui.manageresources.view.Detailsap.m.Text{\"propertyPath\":\"ID\",\"modelName\":\"catalogModel\"}"}]}
RESULT: {"script":"<script> [1562 bytes]","args":[{"selector":{"controlType":"sap.m.Text","viewName":"etm.portal.ui.manageresources.view.Detail","viewId":"application-manageresources-display-component---detailRU","bindingPath":{"propertyPath":"ID","modelName":"catalogModel"}},"wdio_ui5_key":"etmportal.ui.manageresources.view.Detailsap.m.Text{\"propertyPath\":\"ID\",\"modelName\":\"catalogModel\"}"}]}
RESULT: undefined
COMMAND: POST /session/9ee8f14f10c6d21a9bd1d789b8b2e24e/execute/async - {"script":"<script> [6424 bytes]","args":[{"element-6066-11e4-a52e-4f735466cecf":"f.F4456A30B5DD81BD5266FF5FFADC42DE.d.3AA719C2EC1D1119908590D2AC9A75FB.e.7656"},"getText",[]]}
RESULT: {"script":"<script> [6424 bytes]","args":[{"element-6066-11e4-a52e-4f735466cecf":"f.F4456A30B5DD81BD5266FF5FFADC42DE.d.3AA719C2EC1D1119908590D2AC9A75FB.e.7656"},"getText",[]]}
COMMAND: POST /session/9ee8f14f10c6d21a9bd1d789b8b2e24e/element - {"using":"xpath","value":"//bdi[text()=\"Edit\"]"}
RESULT: {"using":"xpath","value":"//bdi[text()=\"Edit\"]"}
COMMAND: GET /session/9ee8f14f10c6d21a9bd1d789b8b2e24e/element/f.F4456A30B5DD81BD5266FF5FFADC42DE.d.3AA719C2EC1D1119908590D2AC9A75FB.e.7657/enabled - {}
RESULT: {}
COMMAND: POST /session/9ee8f14f10c6d21a9bd1d789b8b2e24e/execute/sync - {"script":"<script> [8489 bytes]","args":[{"element-6066-11e4-a52e-4f735466cecf":"f.F4456A30B5DD81BD5266FF5FFADC42DE.d.3AA719C2EC1D1119908590D2AC9A75FB.e.7657","ELEMENT":"f.F4456A30B5DD81BD5266FF5FFADC42DE.d.3AA719C2EC1D1119908590D2AC9A75FB.e.7657"}]}
COMMAND: GET /session/9ee8f14f10c6d21a9bd1d789b8b2e24e/screenshot - {}
RESULT: {"script":"<script> [8489 bytes]","args":[{"element-6066-11e4-a52e-4f735466cecf":"f.F4456A30B5DD81BD5266FF5FFADC42DE.d.3AA719C2EC1D1119908590D2AC9A75FB.e.7657","ELEMENT":"f.F4456A30B5DD81BD5266FF5FFADC42DE.d.3AA719C2EC1D1119908590D2AC9A75FB.e.7657"}]}
COMMAND: POST /session/9ee8f14f10c6d21a9bd1d789b8b2e24e/execute/sync - {"script":"<script> [5351 bytes]","args":[{"element-6066-11e4-a52e-4f735466cecf":"f.F4456A30B5DD81BD5266FF5FFADC42DE.d.3AA719C2EC1D1119908590D2AC9A75FB.e.7657","ELEMENT":"f.F4456A30B5DD81BD5266FF5FFADC42DE.d.3AA719C2EC1D1119908590D2AC9A75FB.e.7657"}]}
COMMAND: GET /session/9ee8f14f10c6d21a9bd1d789b8b2e24e/screenshot - {}
RESULT: {}
RESULT: {"script":"<script> [5351 bytes]","args":[{"element-6066-11e4-a52e-4f735466cecf":"f.F4456A30B5DD81BD5266FF5FFADC42DE.d.3AA719C2EC1D1119908590D2AC9A75FB.e.7657","ELEMENT":"f.F4456A30B5DD81BD5266FF5FFADC42DE.d.3AA719C2EC1D1119908590D2AC9A75FB.e.7657"}]}
COMMAND: POST /session/9ee8f14f10c6d21a9bd1d789b8b2e24e/element/f.F4456A30B5DD81BD5266FF5FFADC42DE.d.3AA719C2EC1D1119908590D2AC9A75FB.e.7657/click - {}
COMMAND: GET /session/9ee8f14f10c6d21a9bd1d789b8b2e24e/screenshot - {}
RESULT: {}
RESULT: {}
COMMAND: GET /session/9ee8f14f10c6d21a9bd1d789b8b2e24e/screenshot - {}
RESULT: {}
RESULT: {}
COMMAND: POST /session/9ee8f14f10c6d21a9bd1d789b8b2e24e/element - {"using":"xpath","value":"//bdi[@id=\"application-manageresources-display-component---editResource--editRruPage-anchBar-application-manageresources-display-component---editResource--counters-anchor-BDI-content\"]"}
RESULT: {"using":"xpath","value":"//bdi[@id=\"application-manageresources-display-component---editResource--editRruPage-anchBar-application-manageresources-display-component---editResource--counters-anchor-BDI-content\"]"}
COMMAND: POST /session/9ee8f14f10c6d21a9bd1d789b8b2e24e/execute/sync - {"script":"<script> [8489 bytes]","args":[{"element-6066-11e4-a52e-4f735466cecf":"f.F4456A30B5DD81BD5266FF5FFADC42DE.d.3AA719C2EC1D1119908590D2AC9A75FB.e.7767","ELEMENT":"f.F4456A30B5DD81BD5266FF5FFADC42DE.d.3AA719C2EC1D1119908590D2AC9A75FB.e.7767"}]}
RESULT: {"script":"<script> [8489 bytes]","args":[{"element-6066-11e4-a52e-4f735466cecf":"f.F4456A30B5DD81BD5266FF5FFADC42DE.d.3AA719C2EC1D1119908590D2AC9A75FB.e.7767","ELEMENT":"f.F4456A30B5DD81BD5266FF5FFADC42DE.d.3AA719C2EC1D1119908590D2AC9A75FB.e.7767"}]}
COMMAND: POST /session/9ee8f14f10c6d21a9bd1d789b8b2e24e/element/f.F4456A30B5DD81BD5266FF5FFADC42DE.d.3AA719C2EC1D1119908590D2AC9A75FB.e.7767/click - {}
COMMAND: GET /session/9ee8f14f10c6d21a9bd1d789b8b2e24e/screenshot - {}
RESULT: {}
COMMAND: GET /session/9ee8f14f10c6d21a9bd1d789b8b2e24e/screenshot - {}
RESULT: {}
RESULT: {}
COMMAND: POST /session/9ee8f14f10c6d21a9bd1d789b8b2e24e/execute/async - {"script":"<script> [1562 bytes]","args":[{"selector":{"id":"application-manageresources-display-component---editResource--btnAddCounter-img"},"wdio_ui5_key":"applicationmanageresources-display-component---editResource--btnAddCounter-img"}]}
RESULT: {"script":"<script> [1562 bytes]","args":[{"selector":{"id":"application-manageresources-display-component---editResource--btnAddCounter-img"},"wdio_ui5_key":"applicationmanageresources-display-component---editResource--btnAddCounter-img"}]}
RESULT: undefined
COMMAND: POST /session/9ee8f14f10c6d21a9bd1d789b8b2e24e/element - {"using":"xpath","value":"//*[@id=\"application-manageresources-display-component---editResource--btnAddCounter-img\"]"}
RESULT: {"using":"xpath","value":"//*[@id=\"application-manageresources-display-component---editResource--btnAddCounter-img\"]"}
COMMAND: POST /session/9ee8f14f10c6d21a9bd1d789b8b2e24e/element/f.F4456A30B5DD81BD5266FF5FFADC42DE.d.3AA719C2EC1D1119908590D2AC9A75FB.e.7807/click - {}
RESULT: {}
COMMAND: GET /session/9ee8f14f10c6d21a9bd1d789b8b2e24e/screenshot - {}
RESULT: {}
COMMAND: POST /session/9ee8f14f10c6d21a9bd1d789b8b2e24e/execute/async - {"script":"<script> [1562 bytes]","args":[{"selector":{"id":"application-manageresources-display-component---editResource--HAND_OVER_TYPE-application-manageresources-display-component---editResource--RUCounters-0","interaction":{"idSuffix":"CbBg"}},"wdio_ui5_key":"applicationmanageresources-display-component---editResource--HAND_OVER_TYPE-application-manageresources-display-component---editResource--RUCounters-0"}]}
RESULT: {"script":"<script> [1562 bytes]","args":[{"selector":{"id":"application-manageresources-display-component---editResource--HAND_OVER_TYPE-application-manageresources-display-component---editResource--RUCounters-0","interaction":{"idSuffix":"CbBg"}},"wdio_ui5_key":"applicationmanageresources-display-component---editResource--HAND_OVER_TYPE-application-manageresources-display-component---editResource--RUCounters-0"}]}
RESULT: undefined
COMMAND: POST /session/9ee8f14f10c6d21a9bd1d789b8b2e24e/element - {"using":"xpath","value":"//*[@id=\"application-manageresources-display-component---editResource--HAND_OVER_TYPE-application-manageresources-display-component---editResource--RUCounters-0\"]"}
RESULT: {"using":"xpath","value":"//*[@id=\"application-manageresources-display-component---editResource--HAND_OVER_TYPE-application-manageresources-display-component---editResource--RUCounters-0\"]"}
COMMAND: POST /session/9ee8f14f10c6d21a9bd1d789b8b2e24e/element/f.F4456A30B5DD81BD5266FF5FFADC42DE.d.3AA719C2EC1D1119908590D2AC9A75FB.e.7812/click - {}
RESULT: {}
COMMAND: POST /session/9ee8f14f10c6d21a9bd1d789b8b2e24e/execute/async - {"script":"<script> [1562 bytes]","args":[{"selector":{"controlType":"sap.m.Button","viewName":"etm.portal.ui.manageresources.view.EditResource","viewId":"application-manageresources-display-component---editResource","i18NText":{"propertyName":"text","key":"save"},"interaction":{"idSuffix":"BDI-content"}},"wdio_ui5_key":"etmportal.ui.manageresources.view.EditResourcesap.m.Button{\"propertyName\":\"text\",\"key\":\"save\"}"}]}
COMMAND: GET /session/9ee8f14f10c6d21a9bd1d789b8b2e24e/screenshot - {}
RESULT: {"script":"<script> [1562 bytes]","args":[{"selector":{"controlType":"sap.m.Button","viewName":"etm.portal.ui.manageresources.view.EditResource","viewId":"application-manageresources-display-component---editResource","i18NText":{"propertyName":"text","key":"save"},"interaction":{"idSuffix":"BDI-content"}},"wdio_ui5_key":"etmportal.ui.manageresources.view.EditResourcesap.m.Button{\"propertyName\":\"text\",\"key\":\"save\"}"}]}
RESULT: undefined
COMMAND: POST /session/9ee8f14f10c6d21a9bd1d789b8b2e24e/element - {"using":"xpath","value":"//*[@id=\"__button90\"]"}
RESULT: {}
RESULT: {"using":"xpath","value":"//*[@id=\"__button90\"]"}
COMMAND: POST /session/9ee8f14f10c6d21a9bd1d789b8b2e24e/element/f.F4456A30B5DD81BD5266FF5FFADC42DE.d.3AA719C2EC1D1119908590D2AC9A75FB.e.7814/click - {}
RESULT: {}
COMMAND: GET /session/9ee8f14f10c6d21a9bd1d789b8b2e24e/screenshot - {}
RESULT: {}
COMMAND: POST /session/9ee8f14f10c6d21a9bd1d789b8b2e24e/element - {"using":"css selector","value":"#shell-header-logo"}
RESULT: {"using":"css selector","value":"#shell-header-logo"}
COMMAND: POST /session/9ee8f14f10c6d21a9bd1d789b8b2e24e/elements - {"using":"css selector","value":"#shell-header-logo"}
RESULT: {"using":"css selector","value":"#shell-header-logo"}
COMMAND: POST /session/9ee8f14f10c6d21a9bd1d789b8b2e24e/execute/sync - {"script":"<script> [8489 bytes]","args":[{"element-6066-11e4-a52e-4f735466cecf":"f.F4456A30B5DD81BD5266FF5FFADC42DE.d.3AA719C2EC1D1119908590D2AC9A75FB.e.6943","ELEMENT":"f.F4456A30B5DD81BD5266FF5FFADC42DE.d.3AA719C2EC1D1119908590D2AC9A75FB.e.6943"}]}
RESULT: {"script":"<script> [8489 bytes]","args":[{"element-6066-11e4-a52e-4f735466cecf":"f.F4456A30B5DD81BD5266FF5FFADC42DE.d.3AA719C2EC1D1119908590D2AC9A75FB.e.6943","ELEMENT":"f.F4456A30B5DD81BD5266FF5FFADC42DE.d.3AA719C2EC1D1119908590D2AC9A75FB.e.6943"}]}
COMMAND: POST /session/9ee8f14f10c6d21a9bd1d789b8b2e24e/execute/sync - {"script":"<script> [5351 bytes]","args":[{"element-6066-11e4-a52e-4f735466cecf":"f.F4456A30B5DD81BD5266FF5FFADC42DE.d.3AA719C2EC1D1119908590D2AC9A75FB.e.6943","ELEMENT":"f.F4456A30B5DD81BD5266FF5FFADC42DE.d.3AA719C2EC1D1119908590D2AC9A75FB.e.6943"}]}
COMMAND: GET /session/9ee8f14f10c6d21a9bd1d789b8b2e24e/screenshot - {}
RESULT: {"script":"<script> [5351 bytes]","args":[{"element-6066-11e4-a52e-4f735466cecf":"f.F4456A30B5DD81BD5266FF5FFADC42DE.d.3AA719C2EC1D1119908590D2AC9A75FB.e.6943","ELEMENT":"f.F4456A30B5DD81BD5266FF5FFADC42DE.d.3AA719C2EC1D1119908590D2AC9A75FB.e.6943"}]}
COMMAND: POST /session/9ee8f14f10c6d21a9bd1d789b8b2e24e/element/f.F4456A30B5DD81BD5266FF5FFADC42DE.d.3AA719C2EC1D1119908590D2AC9A75FB.e.6943/click - {}
COMMAND: GET /session/9ee8f14f10c6d21a9bd1d789b8b2e24e/screenshot - {}
RESULT: {}
RESULT: {}
COMMAND: GET /session/9ee8f14f10c6d21a9bd1d789b8b2e24e/screenshot - {}
RESULT: {}
RESULT: {}
COMMAND: POST /session/9ee8f14f10c6d21a9bd1d789b8b2e24e/element - {"using":"css selector","value":"#shell-header-logo"}
RESULT: {"using":"css selector","value":"#shell-header-logo"}
COMMAND: POST /session/9ee8f14f10c6d21a9bd1d789b8b2e24e/element/f.F4456A30B5DD81BD5266FF5FFADC42DE.d.3AA719C2EC1D1119908590D2AC9A75FB.e.7826/click - {}
RESULT: {}
COMMAND: GET /session/9ee8f14f10c6d21a9bd1d789b8b2e24e/screenshot - {}
RESULT: {}
]]></system-out>
    </testcase>
  </testsuite>
  <testsuite timestamp="2025-05-04T15:44:49" time="86.32" tests="2" failures="0" errors="0" skipped="0">
    <properties>
      <property name="specId" value="0" />
      <property name="suiteName" value="Personnel creation and reference material verification  US120163" />
      <property name="capabilities" value="chrome.135_0_7049_96.windows" />
      <property name="file" value="file:///D:/a/1/s/test/specs/R2C/create-personnel-no-material-reference.spec.js" />
    </properties>
    <testcase classname="chrome.135_0_7049_96.windows.Personnel_creation_and_reference_material_verification__US120163" name="Should create a new personnel and verify if the material reference is visible" time="65.916">
      <system-out><![CDATA[
RESULT: undefined
COMMAND: POST /session/9ee8f14f10c6d21a9bd1d789b8b2e24e/element - {"using":"xpath","value":"//*[@id=\"__tile31\"]"}
RESULT: {"using":"xpath","value":"//*[@id=\"__tile31\"]"}
COMMAND: POST /session/9ee8f14f10c6d21a9bd1d789b8b2e24e/element/f.F4456A30B5DD81BD5266FF5FFADC42DE.d.3AA719C2EC1D1119908590D2AC9A75FB.e.6960/click - {}
RESULT: {}
COMMAND: GET /session/9ee8f14f10c6d21a9bd1d789b8b2e24e/screenshot - {}
RESULT: {}
COMMAND: POST /session/9ee8f14f10c6d21a9bd1d789b8b2e24e/element - {"using":"xpath","value":"//button[@data-kt=\"addNewRUOverflowToolbarButton\"]"}
RESULT: {"using":"xpath","value":"//button[@data-kt=\"addNewRUOverflowToolbarButton\"]"}
COMMAND: POST /session/9ee8f14f10c6d21a9bd1d789b8b2e24e/execute/sync - {"script":"<script> [8489 bytes]","args":[{"element-6066-11e4-a52e-4f735466cecf":"f.F4456A30B5DD81BD5266FF5FFADC42DE.d.3AA719C2EC1D1119908590D2AC9A75FB.e.7898","ELEMENT":"f.F4456A30B5DD81BD5266FF5FFADC42DE.d.3AA719C2EC1D1119908590D2AC9A75FB.e.7898"}]}
RESULT: {"script":"<script> [8489 bytes]","args":[{"element-6066-11e4-a52e-4f735466cecf":"f.F4456A30B5DD81BD5266FF5FFADC42DE.d.3AA719C2EC1D1119908590D2AC9A75FB.e.7898","ELEMENT":"f.F4456A30B5DD81BD5266FF5FFADC42DE.d.3AA719C2EC1D1119908590D2AC9A75FB.e.7898"}]}
COMMAND: POST /session/9ee8f14f10c6d21a9bd1d789b8b2e24e/element/f.F4456A30B5DD81BD5266FF5FFADC42DE.d.3AA719C2EC1D1119908590D2AC9A75FB.e.7898/click - {}
COMMAND: GET /session/9ee8f14f10c6d21a9bd1d789b8b2e24e/screenshot - {}
RESULT: {}
RESULT: undefined
COMMAND: POST /session/9ee8f14f10c6d21a9bd1d789b8b2e24e/element - {"using":"xpath","value":"//*[@id=\"application-manageresources-display-component---newResourceUnit--TYPE-arrow\"]"}
COMMAND: GET /session/9ee8f14f10c6d21a9bd1d789b8b2e24e/screenshot - {}
RESULT: {}
RESULT: {"using":"xpath","value":"//*[@id=\"application-manageresources-display-component---newResourceUnit--TYPE-arrow\"]"}
COMMAND: POST /session/9ee8f14f10c6d21a9bd1d789b8b2e24e/element/f.F4456A30B5DD81BD5266FF5FFADC42DE.d.3AA719C2EC1D1119908590D2AC9A75FB.e.8203/click - {}
RESULT: {}
RESULT: {}
COMMAND: POST /session/9ee8f14f10c6d21a9bd1d789b8b2e24e/execute/async - {"script":"<script> [1562 bytes]","args":[{"selector":{"controlType":"sap.m.StandardListItem","viewName":"reusables.view.manageresources.NewResourceUnit","viewId":"application-manageresources-display-component---newResourceUnit","properties":{"title":"Personnel"},"searchOpenDialogs":true,"interaction":{"idSuffix":"titleText"}},"wdio_ui5_key":"reusablesview.manageresources.NewResourceUnitsap.m.StandardListItem{\"title\":\"Personnel\"}"}]}
COMMAND: GET /session/9ee8f14f10c6d21a9bd1d789b8b2e24e/screenshot - {}
RESULT: {"script":"<script> [1562 bytes]","args":[{"selector":{"controlType":"sap.m.StandardListItem","viewName":"reusables.view.manageresources.NewResourceUnit","viewId":"application-manageresources-display-component---newResourceUnit","properties":{"title":"Personnel"},"searchOpenDialogs":true,"interaction":{"idSuffix":"titleText"}},"wdio_ui5_key":"reusablesview.manageresources.NewResourceUnitsap.m.StandardListItem{\"title\":\"Personnel\"}"}]}
RESULT: undefined
COMMAND: POST /session/9ee8f14f10c6d21a9bd1d789b8b2e24e/element - {"using":"xpath","value":"//*[@id=\"__item1235\"]"}
RESULT: {}
RESULT: {"using":"xpath","value":"//*[@id=\"__item1235\"]"}
COMMAND: POST /session/9ee8f14f10c6d21a9bd1d789b8b2e24e/element/f.F4456A30B5DD81BD5266FF5FFADC42DE.d.3AA719C2EC1D1119908590D2AC9A75FB.e.8210/click - {}
RESULT: {}
RESULT: undefined
COMMAND: POST /session/9ee8f14f10c6d21a9bd1d789b8b2e24e/execute/async - {"script":"<script> [776 bytes]","args":[{"enterText":"WdIOPersonnelyrgry","selector":{"id":"application-manageresources-display-component---newResourceUnit--SHORT_TEXT","interaction":{"idSuffix":"inner"}},"clearTextFirst":true,"interactionType":"ENTER_TEXT"}]}
COMMAND: GET /session/9ee8f14f10c6d21a9bd1d789b8b2e24e/screenshot - {}
RESULT: {"script":"<script> [776 bytes]","args":[{"enterText":"WdIOPersonnelyrgry","selector":{"id":"application-manageresources-display-component---newResourceUnit--SHORT_TEXT","interaction":{"idSuffix":"inner"}},"clearTextFirst":true,"interactionType":"ENTER_TEXT"}]}
COMMAND: POST /session/9ee8f14f10c6d21a9bd1d789b8b2e24e/element - {"using":"xpath","value":"//bdi[contains(text(), \"Material\")]"}
RESULT: {}
RESULT: {"using":"xpath","value":"//bdi[contains(text(), \"Material\")]"}
COMMAND: POST /session/9ee8f14f10c6d21a9bd1d789b8b2e24e/element - {"using":"xpath","value":"//bdi[contains(text(), \"Material\")]"}
RESULT: {"using":"xpath","value":"//bdi[contains(text(), \"Material\")]"}
COMMAND: POST /session/9ee8f14f10c6d21a9bd1d789b8b2e24e/execute/async - {"script":"<script> [1562 bytes]","args":[{"selector":{"id":"application-manageresources-display-component---newResourceUnit--BASE_UNIT_OF_MEASURE-arrow"},"wdio_ui5_key":"applicationmanageresources-display-component---newResourceUnit--BASE_UNIT_OF_MEASURE-arrow"}]}
RESULT: {"script":"<script> [1562 bytes]","args":[{"selector":{"id":"application-manageresources-display-component---newResourceUnit--BASE_UNIT_OF_MEASURE-arrow"},"wdio_ui5_key":"applicationmanageresources-display-component---newResourceUnit--BASE_UNIT_OF_MEASURE-arrow"}]}
RESULT: undefined
COMMAND: POST /session/9ee8f14f10c6d21a9bd1d789b8b2e24e/element - {"using":"xpath","value":"//*[@id=\"application-manageresources-display-component---newResourceUnit--BASE_UNIT_OF_MEASURE-arrow\"]"}
RESULT: {"using":"xpath","value":"//*[@id=\"application-manageresources-display-component---newResourceUnit--BASE_UNIT_OF_MEASURE-arrow\"]"}
COMMAND: POST /session/9ee8f14f10c6d21a9bd1d789b8b2e24e/element/f.F4456A30B5DD81BD5266FF5FFADC42DE.d.3AA719C2EC1D1119908590D2AC9A75FB.e.8252/click - {}
RESULT: {}
COMMAND: POST /session/9ee8f14f10c6d21a9bd1d789b8b2e24e/execute/async - {"script":"<script> [1562 bytes]","args":[{"selector":{"controlType":"sap.m.StandardListItem","viewName":"reusables.view.manageresources.NewResourceUnit","viewId":"application-manageresources-display-component---newResourceUnit","properties":{"title":"Percent"},"searchOpenDialogs":true,"interaction":{"idSuffix":"titleText"}},"wdio_ui5_key":"reusablesview.manageresources.NewResourceUnitsap.m.StandardListItem{\"title\":\"Percent\"}"}]}
COMMAND: GET /session/9ee8f14f10c6d21a9bd1d789b8b2e24e/screenshot - {}
RESULT: {"script":"<script> [1562 bytes]","args":[{"selector":{"controlType":"sap.m.StandardListItem","viewName":"reusables.view.manageresources.NewResourceUnit","viewId":"application-manageresources-display-component---newResourceUnit","properties":{"title":"Percent"},"searchOpenDialogs":true,"interaction":{"idSuffix":"titleText"}},"wdio_ui5_key":"reusablesview.manageresources.NewResourceUnitsap.m.StandardListItem{\"title\":\"Percent\"}"}]}
RESULT: undefined
COMMAND: POST /session/9ee8f14f10c6d21a9bd1d789b8b2e24e/element - {"using":"xpath","value":"//*[@id=\"__item1257\"]"}
RESULT: {}
RESULT: {"using":"xpath","value":"//*[@id=\"__item1257\"]"}
COMMAND: POST /session/9ee8f14f10c6d21a9bd1d789b8b2e24e/element/f.F4456A30B5DD81BD5266FF5FFADC42DE.d.3AA719C2EC1D1119908590D2AC9A75FB.e.8254/click - {}
RESULT: {}
COMMAND: POST /session/9ee8f14f10c6d21a9bd1d789b8b2e24e/execute/async - {"script":"<script> [1562 bytes]","args":[{"selector":{"id":"application-manageresources-display-component---newResourceUnit--PLANNING_GROUP-arrow"},"wdio_ui5_key":"applicationmanageresources-display-component---newResourceUnit--PLANNING_GROUP-arrow"}]}
COMMAND: GET /session/9ee8f14f10c6d21a9bd1d789b8b2e24e/screenshot - {}
RESULT: {"script":"<script> [1562 bytes]","args":[{"selector":{"id":"application-manageresources-display-component---newResourceUnit--PLANNING_GROUP-arrow"},"wdio_ui5_key":"applicationmanageresources-display-component---newResourceUnit--PLANNING_GROUP-arrow"}]}
RESULT: undefined
COMMAND: POST /session/9ee8f14f10c6d21a9bd1d789b8b2e24e/element - {"using":"xpath","value":"//*[@id=\"application-manageresources-display-component---newResourceUnit--PLANNING_GROUP-arrow\"]"}
RESULT: {}
RESULT: {"using":"xpath","value":"//*[@id=\"application-manageresources-display-component---newResourceUnit--PLANNING_GROUP-arrow\"]"}
COMMAND: POST /session/9ee8f14f10c6d21a9bd1d789b8b2e24e/element/f.F4456A30B5DD81BD5266FF5FFADC42DE.d.3AA719C2EC1D1119908590D2AC9A75FB.e.8255/click - {}
RESULT: {}
COMMAND: GET /session/9ee8f14f10c6d21a9bd1d789b8b2e24e/screenshot - {}
RESULT: {}
COMMAND: POST /session/9ee8f14f10c6d21a9bd1d789b8b2e24e/execute/async - {"script":"<script> [1562 bytes]","args":[{"selector":{"controlType":"sap.m.StandardListItem","viewName":"reusables.view.manageresources.NewResourceUnit","viewId":"application-manageresources-display-component---newResourceUnit","properties":{"title":"Operating personnel"},"searchOpenDialogs":true,"interaction":{"idSuffix":"titleText"}},"wdio_ui5_key":"reusablesview.manageresources.NewResourceUnitsap.m.StandardListItem{\"title\":\"Operating personnel\"}"}]}
RESULT: {"script":"<script> [1562 bytes]","args":[{"selector":{"controlType":"sap.m.StandardListItem","viewName":"reusables.view.manageresources.NewResourceUnit","viewId":"application-manageresources-display-component---newResourceUnit","properties":{"title":"Operating personnel"},"searchOpenDialogs":true,"interaction":{"idSuffix":"titleText"}},"wdio_ui5_key":"reusablesview.manageresources.NewResourceUnitsap.m.StandardListItem{\"title\":\"Operating personnel\"}"}]}
RESULT: undefined
COMMAND: POST /session/9ee8f14f10c6d21a9bd1d789b8b2e24e/element - {"using":"xpath","value":"//*[@id=\"__item1266\"]"}
RESULT: {"using":"xpath","value":"//*[@id=\"__item1266\"]"}
COMMAND: POST /session/9ee8f14f10c6d21a9bd1d789b8b2e24e/element/f.F4456A30B5DD81BD5266FF5FFADC42DE.d.3AA719C2EC1D1119908590D2AC9A75FB.e.8257/click - {}
RESULT: {}
COMMAND: GET /session/9ee8f14f10c6d21a9bd1d789b8b2e24e/screenshot - {}
RESULT: {}
COMMAND: POST /session/9ee8f14f10c6d21a9bd1d789b8b2e24e/element - {"using":"xpath","value":"//bdi[contains(text(), \"Time Segment\")]"}
RESULT: {"using":"xpath","value":"//bdi[contains(text(), \"Time Segment\")]"}
COMMAND: GET /session/9ee8f14f10c6d21a9bd1d789b8b2e24e/element/f.F4456A30B5DD81BD5266FF5FFADC42DE.d.3AA719C2EC1D1119908590D2AC9A75FB.e.8258/rect - {}
RESULT: {}
COMMAND: GET /session/9ee8f14f10c6d21a9bd1d789b8b2e24e/window/rect - {}
RESULT: {}
COMMAND: POST /session/9ee8f14f10c6d21a9bd1d789b8b2e24e/execute/sync - {"script":"<script> [92 bytes]","args":[]}
RESULT: {"script":"<script> [92 bytes]","args":[]}
COMMAND: POST /session/9ee8f14f10c6d21a9bd1d789b8b2e24e/actions - {"actions":[{"id":"action22","type":"wheel","parameters":{},"actions":[{"type":"scroll","x":-1820,"y":804,"deltaX":0,"deltaY":0,"duration":0,"origin":{"element-6066-11e4-a52e-4f735466cecf":"f.F4456A30B5DD81BD5266FF5FFADC42DE.d.3AA719C2EC1D1119908590D2AC9A75FB.e.8258"}}]}]}
COMMAND: GET /session/9ee8f14f10c6d21a9bd1d789b8b2e24e/screenshot - {}
RESULT: {}
COMMAND: POST /session/9ee8f14f10c6d21a9bd1d789b8b2e24e/execute/sync - {"script":"<script> [79 bytes]","args":[{"element-6066-11e4-a52e-4f735466cecf":"f.F4456A30B5DD81BD5266FF5FFADC42DE.d.3AA719C2EC1D1119908590D2AC9A75FB.e.8258","ELEMENT":"f.F4456A30B5DD81BD5266FF5FFADC42DE.d.3AA719C2EC1D1119908590D2AC9A75FB.e.8258"},{"block":"start","inline":"nearest"}]}
RESULT: {"script":"<script> [79 bytes]","args":[{"element-6066-11e4-a52e-4f735466cecf":"f.F4456A30B5DD81BD5266FF5FFADC42DE.d.3AA719C2EC1D1119908590D2AC9A75FB.e.8258","ELEMENT":"f.F4456A30B5DD81BD5266FF5FFADC42DE.d.3AA719C2EC1D1119908590D2AC9A75FB.e.8258"},{"block":"start","inline":"nearest"}]}
COMMAND: GET /session/9ee8f14f10c6d21a9bd1d789b8b2e24e/screenshot - {}
RESULT: {}
COMMAND: POST /session/9ee8f14f10c6d21a9bd1d789b8b2e24e/element - {"using":"xpath","value":"//span[@id=\"application-manageresources-display-component---newResourceUnit--btnAddTimeSegment-img\"]"}
RESULT: {"using":"xpath","value":"//span[@id=\"application-manageresources-display-component---newResourceUnit--btnAddTimeSegment-img\"]"}
COMMAND: POST /session/9ee8f14f10c6d21a9bd1d789b8b2e24e/execute/sync - {"script":"<script> [8489 bytes]","args":[{"element-6066-11e4-a52e-4f735466cecf":"f.F4456A30B5DD81BD5266FF5FFADC42DE.d.3AA719C2EC1D1119908590D2AC9A75FB.e.8265","ELEMENT":"f.F4456A30B5DD81BD5266FF5FFADC42DE.d.3AA719C2EC1D1119908590D2AC9A75FB.e.8265"}]}
RESULT: {"script":"<script> [8489 bytes]","args":[{"element-6066-11e4-a52e-4f735466cecf":"f.F4456A30B5DD81BD5266FF5FFADC42DE.d.3AA719C2EC1D1119908590D2AC9A75FB.e.8265","ELEMENT":"f.F4456A30B5DD81BD5266FF5FFADC42DE.d.3AA719C2EC1D1119908590D2AC9A75FB.e.8265"}]}
COMMAND: POST /session/9ee8f14f10c6d21a9bd1d789b8b2e24e/element/f.F4456A30B5DD81BD5266FF5FFADC42DE.d.3AA719C2EC1D1119908590D2AC9A75FB.e.8265/click - {}
COMMAND: GET /session/9ee8f14f10c6d21a9bd1d789b8b2e24e/screenshot - {}
RESULT: {}
COMMAND: GET /session/9ee8f14f10c6d21a9bd1d789b8b2e24e/screenshot - {}
RESULT: {}
RESULT: {}
COMMAND: POST /session/9ee8f14f10c6d21a9bd1d789b8b2e24e/element - {"using":"xpath","value":"//input[@id=\"application-manageresources-display-component---newResourceUnit--idRuTSAdmin-application-manageresources-display-component---newResourceUnit--RUTimeSegment-0-inner\"]"}
RESULT: {"using":"xpath","value":"//input[@id=\"application-manageresources-display-component---newResourceUnit--idRuTSAdmin-application-manageresources-display-component---newResourceUnit--RUTimeSegment-0-inner\"]"}
COMMAND: POST /session/9ee8f14f10c6d21a9bd1d789b8b2e24e/element/f.F4456A30B5DD81BD5266FF5FFADC42DE.d.3AA719C2EC1D1119908590D2AC9A75FB.e.8268/clear - {}
RESULT: {}
COMMAND: POST /session/9ee8f14f10c6d21a9bd1d789b8b2e24e/element/f.F4456A30B5DD81BD5266FF5FFADC42DE.d.3AA719C2EC1D1119908590D2AC9A75FB.e.8268/value - {"text":"webdriveryard"}
COMMAND: GET /session/9ee8f14f10c6d21a9bd1d789b8b2e24e/screenshot - {}
RESULT: {"text":"webdriveryard"}
COMMAND: GET /session/9ee8f14f10c6d21a9bd1d789b8b2e24e/screenshot - {}
RESULT: {}
RESULT: {}
COMMAND: POST /session/9ee8f14f10c6d21a9bd1d789b8b2e24e/actions - {"actions":[{"id":"action23","type":"key","parameters":{},"actions":[{"type":"keyDown","value":"î€‡"},{"type":"pause","duration":10},{"type":"keyUp","value":"î€‡"}]}]}
RESULT: {"actions":[{"id":"action23","type":"key","parameters":{},"actions":[{"type":"keyDown","value":"î€‡"},{"type":"pause","duration":10},{"type":"keyUp","value":"î€‡"}]}]}
COMMAND: GET /session/9ee8f14f10c6d21a9bd1d789b8b2e24e/screenshot - {}
RESULT: {}
COMMAND: POST /session/9ee8f14f10c6d21a9bd1d789b8b2e24e/element - {"using":"xpath","value":"//input[contains(@id, \"application-manageresources-display-component---newResourceUnit--newControlDataDateRangePicker-inner\")]"}
RESULT: {"using":"xpath","value":"//input[contains(@id, \"application-manageresources-display-component---newResourceUnit--newControlDataDateRangePicker-inner\")]"}
COMMAND: POST /session/9ee8f14f10c6d21a9bd1d789b8b2e24e/element/f.F4456A30B5DD81BD5266FF5FFADC42DE.d.3AA719C2EC1D1119908590D2AC9A75FB.e.8240/clear - {}
RESULT: {}
COMMAND: POST /session/9ee8f14f10c6d21a9bd1d789b8b2e24e/element/f.F4456A30B5DD81BD5266FF5FFADC42DE.d.3AA719C2EC1D1119908590D2AC9A75FB.e.8240/value - {"text":"12/17/26 - 2/18/27"}
COMMAND: GET /session/9ee8f14f10c6d21a9bd1d789b8b2e24e/screenshot - {}
RESULT: {"text":"12/17/26 - 2/18/27"}
COMMAND: POST /session/9ee8f14f10c6d21a9bd1d789b8b2e24e/element - {"using":"xpath","value":"//bdi[contains(@id, \"application-manageresources-display-component---newResourceUnit--createRuButton-BDI-content\")]"}
COMMAND: GET /session/9ee8f14f10c6d21a9bd1d789b8b2e24e/screenshot - {}
RESULT: {}
RESULT: {"using":"xpath","value":"//bdi[contains(@id, \"application-manageresources-display-component---newResourceUnit--createRuButton-BDI-content\")]"}
COMMAND: POST /session/9ee8f14f10c6d21a9bd1d789b8b2e24e/element/f.F4456A30B5DD81BD5266FF5FFADC42DE.d.3AA719C2EC1D1119908590D2AC9A75FB.e.8282/click - {}
RESULT: {}
RESULT: {}
COMMAND: GET /session/9ee8f14f10c6d21a9bd1d789b8b2e24e/screenshot - {}
RESULT: {}
COMMAND: POST /session/9ee8f14f10c6d21a9bd1d789b8b2e24e/actions - {"actions":[{"id":"action24","type":"key","parameters":{},"actions":[{"type":"keyDown","value":"î€‡"},{"type":"pause","duration":10},{"type":"keyUp","value":"î€‡"}]}]}
RESULT: {"actions":[{"id":"action24","type":"key","parameters":{},"actions":[{"type":"keyDown","value":"î€‡"},{"type":"pause","duration":10},{"type":"keyUp","value":"î€‡"}]}]}
COMMAND: GET /session/9ee8f14f10c6d21a9bd1d789b8b2e24e/screenshot - {}
RESULT: {}
]]></system-out>
    </testcase>
    <testcase classname="chrome.135_0_7049_96.windows.Personnel_creation_and_reference_material_verification__US120163" name="Should verify if the reference material is visible in edit and detail mode" time="17.219">
      <system-out><![CDATA[
COMMAND: POST /session/9ee8f14f10c6d21a9bd1d789b8b2e24e/element - {"using":"xpath","value":"//bdi[contains(text(), \"Edit\")]"}
RESULT: {"using":"xpath","value":"//bdi[contains(text(), \"Edit\")]"}
COMMAND: POST /session/9ee8f14f10c6d21a9bd1d789b8b2e24e/element/f.F4456A30B5DD81BD5266FF5FFADC42DE.d.3AA719C2EC1D1119908590D2AC9A75FB.e.8304/click - {}
RESULT: {}
COMMAND: GET /session/9ee8f14f10c6d21a9bd1d789b8b2e24e/screenshot - {}
RESULT: {}
COMMAND: POST /session/9ee8f14f10c6d21a9bd1d789b8b2e24e/element - {"using":"xpath","value":"//bdi[contains(text(), \"Material\")]"}
RESULT: {"using":"xpath","value":"//bdi[contains(text(), \"Material\")]"}
COMMAND: POST /session/9ee8f14f10c6d21a9bd1d789b8b2e24e/element - {"using":"xpath","value":"//bdi[contains(text(), \"Material\")]"}
RESULT: {"using":"xpath","value":"//bdi[contains(text(), \"Material\")]"}
COMMAND: POST /session/9ee8f14f10c6d21a9bd1d789b8b2e24e/element - {"using":"xpath","value":"(//bdi[contains(text(), \"Save\")])[2]"}
RESULT: {"using":"xpath","value":"(//bdi[contains(text(), \"Save\")])[2]"}
COMMAND: POST /session/9ee8f14f10c6d21a9bd1d789b8b2e24e/element/f.F4456A30B5DD81BD5266FF5FFADC42DE.d.3AA719C2EC1D1119908590D2AC9A75FB.e.8357/click - {}
RESULT: {}
COMMAND: GET /session/9ee8f14f10c6d21a9bd1d789b8b2e24e/screenshot - {}
RESULT: {}
COMMAND: POST /session/9ee8f14f10c6d21a9bd1d789b8b2e24e/element - {"using":"css selector","value":"#j_username"}
COMMAND: POST /session/9ee8f14f10c6d21a9bd1d789b8b2e24e/url - {"url":"https://qa-testing-00-live-etm-ui.cfapps.eu10-004.hana.ondemand.com/"}
RESULT: {"using":"css selector","value":"#j_username"}
COMMAND: POST /session/9ee8f14f10c6d21a9bd1d789b8b2e24e/element - {"using":"css selector","value":"#j_username"}
RESULT: {"url":"https://qa-testing-00-live-etm-ui.cfapps.eu10-004.hana.ondemand.com/"}
RESULT: undefined
COMMAND: GET /session/9ee8f14f10c6d21a9bd1d789b8b2e24e/screenshot - {}
RESULT: {"using":"css selector","value":"#j_username"}
COMMAND: POST /session/9ee8f14f10c6d21a9bd1d789b8b2e24e/element - {"using":"css selector","value":"#shell-header-logo"}
RESULT: {}
RESULT: {"using":"css selector","value":"#shell-header-logo"}
COMMAND: POST /session/9ee8f14f10c6d21a9bd1d789b8b2e24e/execute/sync - {"script":"<script> [8489 bytes]","args":[{"element-6066-11e4-a52e-4f735466cecf":"f.F4456A30B5DD81BD5266FF5FFADC42DE.d.534DCE4158321C0A3ABEC0A7450C0E07.e.8380","ELEMENT":"f.F4456A30B5DD81BD5266FF5FFADC42DE.d.534DCE4158321C0A3ABEC0A7450C0E07.e.8380"}]}
RESULT: {"script":"<script> [8489 bytes]","args":[{"element-6066-11e4-a52e-4f735466cecf":"f.F4456A30B5DD81BD5266FF5FFADC42DE.d.534DCE4158321C0A3ABEC0A7450C0E07.e.8380","ELEMENT":"f.F4456A30B5DD81BD5266FF5FFADC42DE.d.534DCE4158321C0A3ABEC0A7450C0E07.e.8380"}]}
COMMAND: POST /session/9ee8f14f10c6d21a9bd1d789b8b2e24e/element - {"using":"css selector","value":"#shell-header-logo"}
COMMAND: GET /session/9ee8f14f10c6d21a9bd1d789b8b2e24e/screenshot - {}
RESULT: {"using":"css selector","value":"#shell-header-logo"}
COMMAND: POST /session/9ee8f14f10c6d21a9bd1d789b8b2e24e/execute/sync - {"script":"<script> [8489 bytes]","args":[{"element-6066-11e4-a52e-4f735466cecf":"f.F4456A30B5DD81BD5266FF5FFADC42DE.d.534DCE4158321C0A3ABEC0A7450C0E07.e.8380","ELEMENT":"f.F4456A30B5DD81BD5266FF5FFADC42DE.d.534DCE4158321C0A3ABEC0A7450C0E07.e.8380"}]}
RESULT: {}
RESULT: {"script":"<script> [8489 bytes]","args":[{"element-6066-11e4-a52e-4f735466cecf":"f.F4456A30B5DD81BD5266FF5FFADC42DE.d.534DCE4158321C0A3ABEC0A7450C0E07.e.8380","ELEMENT":"f.F4456A30B5DD81BD5266FF5FFADC42DE.d.534DCE4158321C0A3ABEC0A7450C0E07.e.8380"}]}
COMMAND: POST /session/9ee8f14f10c6d21a9bd1d789b8b2e24e/execute/sync - {"script":"<script> [5351 bytes]","args":[{"element-6066-11e4-a52e-4f735466cecf":"f.F4456A30B5DD81BD5266FF5FFADC42DE.d.534DCE4158321C0A3ABEC0A7450C0E07.e.8380","ELEMENT":"f.F4456A30B5DD81BD5266FF5FFADC42DE.d.534DCE4158321C0A3ABEC0A7450C0E07.e.8380"}]}
COMMAND: GET /session/9ee8f14f10c6d21a9bd1d789b8b2e24e/screenshot - {}
RESULT: {"script":"<script> [5351 bytes]","args":[{"element-6066-11e4-a52e-4f735466cecf":"f.F4456A30B5DD81BD5266FF5FFADC42DE.d.534DCE4158321C0A3ABEC0A7450C0E07.e.8380","ELEMENT":"f.F4456A30B5DD81BD5266FF5FFADC42DE.d.534DCE4158321C0A3ABEC0A7450C0E07.e.8380"}]}
COMMAND: POST /session/9ee8f14f10c6d21a9bd1d789b8b2e24e/element - {"using":"css selector","value":"#shell-header-logo"}
COMMAND: GET /session/9ee8f14f10c6d21a9bd1d789b8b2e24e/screenshot - {}
RESULT: {}
RESULT: {"using":"css selector","value":"#shell-header-logo"}
COMMAND: POST /session/9ee8f14f10c6d21a9bd1d789b8b2e24e/element/f.F4456A30B5DD81BD5266FF5FFADC42DE.d.534DCE4158321C0A3ABEC0A7450C0E07.e.8380/click - {}
RESULT: {}
RESULT: {}
COMMAND: GET /session/9ee8f14f10c6d21a9bd1d789b8b2e24e/screenshot - {}
RESULT: {}
COMMAND: POST /session/9ee8f14f10c6d21a9bd1d789b8b2e24e/execute/async - {"script":"<script> [189 bytes]","args":[]}
RESULT: {"script":"<script> [189 bytes]","args":[]}
COMMAND: POST /session/9ee8f14f10c6d21a9bd1d789b8b2e24e/execute/async - {"script":"<script> [123 bytes]","args":[]}
RESULT: {"script":"<script> [123 bytes]","args":[]}
COMMAND: POST /session/9ee8f14f10c6d21a9bd1d789b8b2e24e/timeouts - {"script":"<number>"}
RESULT: {"script":"<number>"}
COMMAND: GET /session/9ee8f14f10c6d21a9bd1d789b8b2e24e/timeouts - {}
RESULT: {}
RESULT: undefined
COMMAND: POST /session/9ee8f14f10c6d21a9bd1d789b8b2e24e/execute/async - {"script":"<script> [2676 bytes]","args":[]}
RESULT: {"script":"<script> [2676 bytes]","args":[]}
COMMAND: POST /session/9ee8f14f10c6d21a9bd1d789b8b2e24e/execute/async - {"script":"<script> [2342 bytes]","args":[{"protocol":"http","hostname":"0.0.0.0","path":"/","capabilities":{"browserName":"chrome","goog:chromeOptions":{"binary":"C:\\Program Files\\Google\\Chrome\\Application\\chrome.exe","args":["--start-maximized"]}},"logLevel":"warn","connectionRetryTimeout":120000,"connectionRetryCount":3,"logLevels":{},"enableDirectConnect":true,"strictSSL":true,"_":"65 more keys: [\"cacheDir\",\"port\",\"requestedCapabilities\",\"automationProtocol\",\"baseUrl\",\"waitforInterval\",\"waitforTimeout\",\"onReload\",\"beforeCommand\",\"afterCommand\",\"rootDir\",\"specs\",\"suites\",\"exclude\",\"groupLogsByTestSpec\",\"excludeDriverLogs\",\"bail\",\"framework\",\"reporters\",\"services\",\"maxInstances\",\"maxInstancesPerCapability\",\"injectGlobals\",\"filesToWatch\",\"execArgv\",\"runnerEnv\",\"runner\",\"shard\",\"specFileRetries\",\"specFileRetriesDelay\",\"specFileRetriesDeferred\",\"reporterSyncInterval\",\"reporterSyncTimeout\",\"cucumberFeaturesWithLineNumbers\",\"autoCompileOpts\",\"mochaOpts\",\"jasmineOpts\",\"cucumberOpts\",\"onPrepare\",\"onWorkerStart\",\"onWorkerEnd\",\"before\",\"beforeSession\",\"beforeSuite\",\"beforeHook\",\"beforeTest\",\"afterTest\",\"afterHook\",\"afterSuite\",\"afterSession\",\"after\",\"onComplete\",\"beforeAssertion\",\"afterAssertion\",\"beforeFeature\",\"beforeScenario\",\"beforeStep\",\"afterStep\",\"afterScenario\",\"afterFeature\",\"_\",\"suite\",\"$0\",\"ignoredWorkerServices\",\"wdi5\"]"}]}
RESULT: {"script":"<script> [2342 bytes]","args":[{"protocol":"http","hostname":"0.0.0.0","path":"/","capabilities":{"browserName":"chrome","goog:chromeOptions":{"binary":"C:\\Program Files\\Google\\Chrome\\Application\\chrome.exe","args":["--start-maximized"]}},"logLevel":"warn","connectionRetryTimeout":120000,"connectionRetryCount":3,"logLevels":{},"enableDirectConnect":true,"strictSSL":true,"_":"65 more keys: [\"cacheDir\",\"port\",\"requestedCapabilities\",\"automationProtocol\",\"baseUrl\",\"waitforInterval\",\"waitforTimeout\",\"onReload\",\"beforeCommand\",\"afterCommand\",\"rootDir\",\"specs\",\"suites\",\"exclude\",\"groupLogsByTestSpec\",\"excludeDriverLogs\",\"bail\",\"framework\",\"reporters\",\"services\",\"maxInstances\",\"maxInstancesPerCapability\",\"injectGlobals\",\"filesToWatch\",\"execArgv\",\"runnerEnv\",\"runner\",\"shard\",\"specFileRetries\",\"specFileRetriesDelay\",\"specFileRetriesDeferred\",\"reporterSyncInterval\",\"reporterSyncTimeout\",\"cucumberFeaturesWithLineNumbers\",\"autoCompileOpts\",\"mochaOpts\",\"jasmineOpts\",\"cucumberOpts\",\"onPrepare\",\"onWorkerStart\",\"onWorkerEnd\",\"before\",\"beforeSession\",\"beforeSuite\",\"beforeHook\",\"beforeTest\",\"afterTest\",\"afterHook\",\"afterSuite\",\"afterSession\",\"after\",\"onComplete\",\"beforeAssertion\",\"afterAssertion\",\"beforeFeature\",\"beforeScenario\",\"beforeStep\",\"afterStep\",\"afterScenario\",\"afterFeature\",\"_\",\"suite\",\"$0\",\"ignoredWorkerServices\",\"wdi5\"]"}]}
COMMAND: POST /session/9ee8f14f10c6d21a9bd1d789b8b2e24e/execute/async - {"script":"<script> [21126 bytes]","args":[35000]}
RESULT: {"script":"<script> [21126 bytes]","args":[35000]}
COMMAND: POST /session/9ee8f14f10c6d21a9bd1d789b8b2e24e/window/maximize - {}
RESULT: {}
COMMAND: POST /session/9ee8f14f10c6d21a9bd1d789b8b2e24e/execute/async - {"script":"<script> [1562 bytes]","args":[{"selector":{"id":"shell-header","interaction":{"idSuffix":"icon"}},"wdio_ui5_key":"shellheader"}]}
COMMAND: GET /session/9ee8f14f10c6d21a9bd1d789b8b2e24e/screenshot - {}
RESULT: {"script":"<script> [1562 bytes]","args":[{"selector":{"id":"shell-header","interaction":{"idSuffix":"icon"}},"wdio_ui5_key":"shellheader"}]}
RESULT: undefined
RESULT: {}
]]></system-out>
    </testcase>
  </testsuite>
  <testsuite timestamp="2025-05-04T15:46:15" time="443.574" tests="5" failures="0" errors="0" skipped="0">
    <properties>
      <property name="specId" value="0" />
      <property name="suiteName" value="Warehouse movements inventory test" />
      <property name="capabilities" value="chrome.135_0_7049_96.windows" />
      <property name="file" value="file:///D:/a/1/s/test/specs/R2C/create-resource.spec.js" />
    </properties>
    <testcase classname="chrome.135_0_7049_96.windows.Warehouse_movements_inventory_test" name="Should create a new WHM yard" time="122.719">
      <system-out><![CDATA[
COMMAND: POST /session/9ee8f14f10c6d21a9bd1d789b8b2e24e/execute/async - {"script":"<script> [1562 bytes]","args":[{"selector":{"controlType":"sap.m.GenericTile","properties":{"header":"Manage Yards"}},"wdio_ui5_key":"sapm.GenericTile{\"header\":\"Manage Yards\"}"}]}
RESULT: {"script":"<script> [1562 bytes]","args":[{"selector":{"controlType":"sap.m.GenericTile","properties":{"header":"Manage Yards"}},"wdio_ui5_key":"sapm.GenericTile{\"header\":\"Manage Yards\"}"}]}
RESULT: undefined
COMMAND: POST /session/9ee8f14f10c6d21a9bd1d789b8b2e24e/element - {"using":"xpath","value":"//*[@id=\"__tile41\"]"}
RESULT: {"using":"xpath","value":"//*[@id=\"__tile41\"]"}
COMMAND: POST /session/9ee8f14f10c6d21a9bd1d789b8b2e24e/element/f.F4456A30B5DD81BD5266FF5FFADC42DE.d.534DCE4158321C0A3ABEC0A7450C0E07.e.8383/click - {}
RESULT: {}
COMMAND: GET /session/9ee8f14f10c6d21a9bd1d789b8b2e24e/screenshot - {}
RESULT: {}
COMMAND: POST /session/9ee8f14f10c6d21a9bd1d789b8b2e24e/execute/async - {"script":"<script> [1562 bytes]","args":[{"selector":{"controlType":"sap.ui.core.Icon","viewName":"etm.portal.ui.manageyards.view.Master","viewId":"application-manageyards-display-component---masterYard","properties":{"src":{"regex":{"source":"add"}}}},"wdio_ui5_key":"etmportal.ui.manageyards.view.Mastersap.ui.core.Icon{\"src\":{\"regex\":{\"source\":\"add\"}}}"}]}
RESULT: {"script":"<script> [1562 bytes]","args":[{"selector":{"controlType":"sap.ui.core.Icon","viewName":"etm.portal.ui.manageyards.view.Master","viewId":"application-manageyards-display-component---masterYard","properties":{"src":{"regex":{"source":"add"}}}},"wdio_ui5_key":"etmportal.ui.manageyards.view.Mastersap.ui.core.Icon{\"src\":{\"regex\":{\"source\":\"add\"}}}"}]}
RESULT: undefined
COMMAND: POST /session/9ee8f14f10c6d21a9bd1d789b8b2e24e/element - {"using":"xpath","value":"//*[@id=\"__button4-img\"]"}
RESULT: {"using":"xpath","value":"//*[@id=\"__button4-img\"]"}
COMMAND: POST /session/9ee8f14f10c6d21a9bd1d789b8b2e24e/element/f.F4456A30B5DD81BD5266FF5FFADC42DE.d.534DCE4158321C0A3ABEC0A7450C0E07.e.8427/click - {}
RESULT: {}
COMMAND: GET /session/9ee8f14f10c6d21a9bd1d789b8b2e24e/screenshot - {}
RESULT: {}
COMMAND: POST /session/9ee8f14f10c6d21a9bd1d789b8b2e24e/execute/async - {"script":"<script> [1562 bytes]","args":[{"selector":{"id":"application-manageyards-display-component---NewYard--yardId","interaction":{"idSuffix":"inner"}},"wdio_ui5_key":"applicationmanageyards-display-component---NewYard--yardId"}]}
RESULT: {"script":"<script> [1562 bytes]","args":[{"selector":{"id":"application-manageyards-display-component---NewYard--yardId","interaction":{"idSuffix":"inner"}},"wdio_ui5_key":"applicationmanageyards-display-component---NewYard--yardId"}]}
RESULT: undefined
COMMAND: POST /session/9ee8f14f10c6d21a9bd1d789b8b2e24e/element - {"using":"xpath","value":"//*[@id=\"application-manageyards-display-component---NewYard--addressDetailDetailsName1-inner\"]"}
RESULT: {"using":"xpath","value":"//*[@id=\"application-manageyards-display-component---NewYard--addressDetailDetailsName1-inner\"]"}
COMMAND: POST /session/9ee8f14f10c6d21a9bd1d789b8b2e24e/element/f.F4456A30B5DD81BD5266FF5FFADC42DE.d.534DCE4158321C0A3ABEC0A7450C0E07.e.8640/clear - {}
RESULT: {}
COMMAND: POST /session/9ee8f14f10c6d21a9bd1d789b8b2e24e/element/f.F4456A30B5DD81BD5266FF5FFADC42DE.d.534DCE4158321C0A3ABEC0A7450C0E07.e.8640/value - {"text":"WebdriverWHMYard4rpo"}
COMMAND: GET /session/9ee8f14f10c6d21a9bd1d789b8b2e24e/screenshot - {}
RESULT: {"text":"WebdriverWHMYard4rpo"}
COMMAND: POST /session/9ee8f14f10c6d21a9bd1d789b8b2e24e/element - {"using":"xpath","value":"//*[@id=\"application-manageyards-display-component---NewYard--addressDetailDetailsLanguage-inner\"]"}
COMMAND: GET /session/9ee8f14f10c6d21a9bd1d789b8b2e24e/screenshot - {}
RESULT: {}
RESULT: {"using":"xpath","value":"//*[@id=\"application-manageyards-display-component---NewYard--addressDetailDetailsLanguage-inner\"]"}
COMMAND: POST /session/9ee8f14f10c6d21a9bd1d789b8b2e24e/element/f.F4456A30B5DD81BD5266FF5FFADC42DE.d.534DCE4158321C0A3ABEC0A7450C0E07.e.8641/clear - {}
RESULT: {}
RESULT: {}
COMMAND: POST /session/9ee8f14f10c6d21a9bd1d789b8b2e24e/element/f.F4456A30B5DD81BD5266FF5FFADC42DE.d.534DCE4158321C0A3ABEC0A7450C0E07.e.8641/value - {"text":"Romanian"}
COMMAND: GET /session/9ee8f14f10c6d21a9bd1d789b8b2e24e/screenshot - {}
RESULT: {"text":"Romanian"}
COMMAND: POST /session/9ee8f14f10c6d21a9bd1d789b8b2e24e/element - {"using":"xpath","value":"//input[contains(@id ,\"application-manageyards-display-component---NewYard--addressDetailDetailsName1-inner\")]"}
RESULT: {"using":"xpath","value":"//input[contains(@id ,\"application-manageyards-display-component---NewYard--addressDetailDetailsName1-inner\")]"}
COMMAND: GET /session/9ee8f14f10c6d21a9bd1d789b8b2e24e/element/f.F4456A30B5DD81BD5266FF5FFADC42DE.d.534DCE4158321C0A3ABEC0A7450C0E07.e.8640/property/value - {}
COMMAND: GET /session/9ee8f14f10c6d21a9bd1d789b8b2e24e/screenshot - {}
RESULT: {}
RESULT: {}
RESULT: {}
COMMAND: GET /session/9ee8f14f10c6d21a9bd1d789b8b2e24e/screenshot - {}
RESULT: {}
COMMAND: POST /session/9ee8f14f10c6d21a9bd1d789b8b2e24e/element - {"using":"xpath","value":"//*[@id=\"application-manageyards-display-component---NewYard--addressDetailDetailsCity1-inner\"]"}
RESULT: {"using":"xpath","value":"//*[@id=\"application-manageyards-display-component---NewYard--addressDetailDetailsCity1-inner\"]"}
COMMAND: POST /session/9ee8f14f10c6d21a9bd1d789b8b2e24e/element/f.F4456A30B5DD81BD5266FF5FFADC42DE.d.534DCE4158321C0A3ABEC0A7450C0E07.e.8643/clear - {}
RESULT: {}
COMMAND: POST /session/9ee8f14f10c6d21a9bd1d789b8b2e24e/element/f.F4456A30B5DD81BD5266FF5FFADC42DE.d.534DCE4158321C0A3ABEC0A7450C0E07.e.8643/value - {"text":"Bucuresti"}
COMMAND: GET /session/9ee8f14f10c6d21a9bd1d789b8b2e24e/screenshot - {}
RESULT: {}
RESULT: {"text":"Bucuresti"}
COMMAND: GET /session/9ee8f14f10c6d21a9bd1d789b8b2e24e/screenshot - {}
RESULT: {}
COMMAND: POST /session/9ee8f14f10c6d21a9bd1d789b8b2e24e/element - {"using":"xpath","value":"//*[@id=\"application-manageyards-display-component---NewYard--addressDetailDetailsCountry-inner\"]"}
RESULT: {"using":"xpath","value":"//*[@id=\"application-manageyards-display-component---NewYard--addressDetailDetailsCountry-inner\"]"}
COMMAND: POST /session/9ee8f14f10c6d21a9bd1d789b8b2e24e/element/f.F4456A30B5DD81BD5266FF5FFADC42DE.d.534DCE4158321C0A3ABEC0A7450C0E07.e.8647/clear - {}
RESULT: {}
COMMAND: POST /session/9ee8f14f10c6d21a9bd1d789b8b2e24e/element/f.F4456A30B5DD81BD5266FF5FFADC42DE.d.534DCE4158321C0A3ABEC0A7450C0E07.e.8647/value - {"text":"Romania"}
COMMAND: GET /session/9ee8f14f10c6d21a9bd1d789b8b2e24e/screenshot - {}
RESULT: {"text":"Romania"}
COMMAND: GET /session/9ee8f14f10c6d21a9bd1d789b8b2e24e/screenshot - {}
RESULT: {}
RESULT: {}
COMMAND: POST /session/9ee8f14f10c6d21a9bd1d789b8b2e24e/execute/async - {"script":"<script> [1562 bytes]","args":[{"selector":{"controlType":"sap.m.Button","viewName":"etm.portal.ui.manageyards.view.New","viewId":"application-manageyards-display-component---NewYard","properties":{"text":"Commercial"},"interaction":{"idSuffix":"BDI-content"}},"wdio_ui5_key":"etmportal.ui.manageyards.view.Newsap.m.Button{\"text\":\"Commercial\"}"}]}
RESULT: {"script":"<script> [1562 bytes]","args":[{"selector":{"controlType":"sap.m.Button","viewName":"etm.portal.ui.manageyards.view.New","viewId":"application-manageyards-display-component---NewYard","properties":{"text":"Commercial"},"interaction":{"idSuffix":"BDI-content"}},"wdio_ui5_key":"etmportal.ui.manageyards.view.Newsap.m.Button{\"text\":\"Commercial\"}"}]}
RESULT: undefined
COMMAND: POST /session/9ee8f14f10c6d21a9bd1d789b8b2e24e/element - {"using":"xpath","value":"//*[@id=\"application-manageyards-display-component---NewYard--ObjectPageLayout-anchBar-__section5-anchor\"]"}
RESULT: {"using":"xpath","value":"//*[@id=\"application-manageyards-display-component---NewYard--ObjectPageLayout-anchBar-__section5-anchor\"]"}
COMMAND: POST /session/9ee8f14f10c6d21a9bd1d789b8b2e24e/element/f.F4456A30B5DD81BD5266FF5FFADC42DE.d.534DCE4158321C0A3ABEC0A7450C0E07.e.8837/click - {}
RESULT: {}
COMMAND: GET /session/9ee8f14f10c6d21a9bd1d789b8b2e24e/screenshot - {}
RESULT: {}
COMMAND: POST /session/9ee8f14f10c6d21a9bd1d789b8b2e24e/element - {"using":"xpath","value":"//div[contains(text(), \"Commercial\")]"}
RESULT: {"using":"xpath","value":"//div[contains(text(), \"Commercial\")]"}
COMMAND: GET /session/9ee8f14f10c6d21a9bd1d789b8b2e24e/element/f.F4456A30B5DD81BD5266FF5FFADC42DE.d.534DCE4158321C0A3ABEC0A7450C0E07.e.8848/rect - {}
RESULT: {}
COMMAND: GET /session/9ee8f14f10c6d21a9bd1d789b8b2e24e/window/rect - {}
RESULT: {}
COMMAND: POST /session/9ee8f14f10c6d21a9bd1d789b8b2e24e/execute/sync - {"script":"<script> [92 bytes]","args":[]}
RESULT: {"script":"<script> [92 bytes]","args":[]}
COMMAND: POST /session/9ee8f14f10c6d21a9bd1d789b8b2e24e/actions - {"actions":[{"id":"action25","type":"wheel","parameters":{},"actions":[{"type":"scroll","x":-1841,"y":-44,"deltaX":0,"deltaY":0,"duration":0,"origin":{"element-6066-11e4-a52e-4f735466cecf":"f.F4456A30B5DD81BD5266FF5FFADC42DE.d.534DCE4158321C0A3ABEC0A7450C0E07.e.8848"}}]}]}
COMMAND: GET /session/9ee8f14f10c6d21a9bd1d789b8b2e24e/screenshot - {}
RESULT: {}
COMMAND: POST /session/9ee8f14f10c6d21a9bd1d789b8b2e24e/execute/sync - {"script":"<script> [79 bytes]","args":[{"element-6066-11e4-a52e-4f735466cecf":"f.F4456A30B5DD81BD5266FF5FFADC42DE.d.534DCE4158321C0A3ABEC0A7450C0E07.e.8848","ELEMENT":"f.F4456A30B5DD81BD5266FF5FFADC42DE.d.534DCE4158321C0A3ABEC0A7450C0E07.e.8848"},{"block":"start","inline":"nearest"}]}
RESULT: {"script":"<script> [79 bytes]","args":[{"element-6066-11e4-a52e-4f735466cecf":"f.F4456A30B5DD81BD5266FF5FFADC42DE.d.534DCE4158321C0A3ABEC0A7450C0E07.e.8848","ELEMENT":"f.F4456A30B5DD81BD5266FF5FFADC42DE.d.534DCE4158321C0A3ABEC0A7450C0E07.e.8848"},{"block":"start","inline":"nearest"}]}
COMMAND: GET /session/9ee8f14f10c6d21a9bd1d789b8b2e24e/screenshot - {}
RESULT: {}
COMMAND: POST /session/9ee8f14f10c6d21a9bd1d789b8b2e24e/execute/async - {"script":"<script> [1562 bytes]","args":[{"selector":{"id":"application-manageyards-display-component---NewYard--addressEditDetailsCostObjectCstType-arrow"},"wdio_ui5_key":"applicationmanageyards-display-component---NewYard--addressEditDetailsCostObjectCstType-arrow"}]}
RESULT: {"script":"<script> [1562 bytes]","args":[{"selector":{"id":"application-manageyards-display-component---NewYard--addressEditDetailsCostObjectCstType-arrow"},"wdio_ui5_key":"applicationmanageyards-display-component---NewYard--addressEditDetailsCostObjectCstType-arrow"}]}
RESULT: undefined
COMMAND: POST /session/9ee8f14f10c6d21a9bd1d789b8b2e24e/element - {"using":"xpath","value":"//*[@id=\"application-manageyards-display-component---NewYard--addressEditDetailsCostObjectCstType-arrow\"]"}
RESULT: {"using":"xpath","value":"//*[@id=\"application-manageyards-display-component---NewYard--addressEditDetailsCostObjectCstType-arrow\"]"}
COMMAND: POST /session/9ee8f14f10c6d21a9bd1d789b8b2e24e/element/f.F4456A30B5DD81BD5266FF5FFADC42DE.d.534DCE4158321C0A3ABEC0A7450C0E07.e.8849/click - {}
RESULT: {}
COMMAND: POST /session/9ee8f14f10c6d21a9bd1d789b8b2e24e/element - {"using":"xpath","value":"//span[contains(text(), \"Cost Center\")]"}
COMMAND: GET /session/9ee8f14f10c6d21a9bd1d789b8b2e24e/screenshot - {}
RESULT: {"using":"xpath","value":"//span[contains(text(), \"Cost Center\")]"}
COMMAND: POST /session/9ee8f14f10c6d21a9bd1d789b8b2e24e/element/f.F4456A30B5DD81BD5266FF5FFADC42DE.d.534DCE4158321C0A3ABEC0A7450C0E07.e.8850/click - {}
RESULT: {}
RESULT: {}
COMMAND: GET /session/9ee8f14f10c6d21a9bd1d789b8b2e24e/screenshot - {}
RESULT: {}
COMMAND: POST /session/9ee8f14f10c6d21a9bd1d789b8b2e24e/execute/async - {"script":"<script> [1562 bytes]","args":[{"selector":{"id":"application-manageyards-display-component---NewYard--addressNewCostObjectCstID-vhi"},"wdio_ui5_key":"applicationmanageyards-display-component---NewYard--addressNewCostObjectCstID-vhi"}]}
RESULT: {"script":"<script> [1562 bytes]","args":[{"selector":{"id":"application-manageyards-display-component---NewYard--addressNewCostObjectCstID-vhi"},"wdio_ui5_key":"applicationmanageyards-display-component---NewYard--addressNewCostObjectCstID-vhi"}]}
RESULT: undefined
COMMAND: POST /session/9ee8f14f10c6d21a9bd1d789b8b2e24e/element - {"using":"xpath","value":"//*[@id=\"application-manageyards-display-component---NewYard--addressNewCostObjectCstID-vhi\"]"}
RESULT: {"using":"xpath","value":"//*[@id=\"application-manageyards-display-component---NewYard--addressNewCostObjectCstID-vhi\"]"}
COMMAND: POST /session/9ee8f14f10c6d21a9bd1d789b8b2e24e/element/f.F4456A30B5DD81BD5266FF5FFADC42DE.d.534DCE4158321C0A3ABEC0A7450C0E07.e.8854/click - {}
RESULT: {}
COMMAND: GET /session/9ee8f14f10c6d21a9bd1d789b8b2e24e/screenshot - {}
RESULT: {}
COMMAND: POST /session/9ee8f14f10c6d21a9bd1d789b8b2e24e/execute/async - {"script":"<script> [1562 bytes]","args":[{"selector":{"controlType":"sap.m.SearchField","properties":{"placeholder":"Search"},"searchOpenDialogs":true,"interaction":{"idSuffix":"I"}},"wdio_ui5_key":"sapm.SearchField{\"placeholder\":\"Search\"}"}]}
RESULT: {"script":"<script> [1562 bytes]","args":[{"selector":{"controlType":"sap.m.SearchField","properties":{"placeholder":"Search"},"searchOpenDialogs":true,"interaction":{"idSuffix":"I"}},"wdio_ui5_key":"sapm.SearchField{\"placeholder\":\"Search\"}"}]}
RESULT: undefined
COMMAND: POST /session/9ee8f14f10c6d21a9bd1d789b8b2e24e/execute/async - {"script":"<script> [776 bytes]","args":[{"enterText":"10001013","selector":{"controlType":"sap.m.SearchField","properties":{"placeholder":"Search"},"searchOpenDialogs":true,"interaction":{"idSuffix":"I"}},"clearTextFirst":true,"interactionType":"ENTER_TEXT"}]}
RESULT: {"script":"<script> [776 bytes]","args":[{"enterText":"10001013","selector":{"controlType":"sap.m.SearchField","properties":{"placeholder":"Search"},"searchOpenDialogs":true,"interaction":{"idSuffix":"I"}},"clearTextFirst":true,"interactionType":"ENTER_TEXT"}]}
COMMAND: POST /session/9ee8f14f10c6d21a9bd1d789b8b2e24e/actions - {"actions":[{"id":"action26","type":"key","parameters":{},"actions":[{"type":"keyDown","value":"î€‡"},{"type":"pause","duration":10},{"type":"keyUp","value":"î€‡"}]}]}
RESULT: {"actions":[{"id":"action26","type":"key","parameters":{},"actions":[{"type":"keyDown","value":"î€‡"},{"type":"pause","duration":10},{"type":"keyUp","value":"î€‡"}]}]}
COMMAND: GET /session/9ee8f14f10c6d21a9bd1d789b8b2e24e/screenshot - {}
RESULT: {}
COMMAND: POST /session/9ee8f14f10c6d21a9bd1d789b8b2e24e/element - {"using":"xpath","value":"//span[contains(text(), \"General Management\")]"}
RESULT: {"using":"xpath","value":"//span[contains(text(), \"General Management\")]"}
COMMAND: POST /session/9ee8f14f10c6d21a9bd1d789b8b2e24e/element/f.F4456A30B5DD81BD5266FF5FFADC42DE.d.534DCE4158321C0A3ABEC0A7450C0E07.e.8894/click - {}
RESULT: {}
COMMAND: GET /session/9ee8f14f10c6d21a9bd1d789b8b2e24e/screenshot - {}
RESULT: {}
COMMAND: POST /session/9ee8f14f10c6d21a9bd1d789b8b2e24e/element - {"using":"xpath","value":"//bdi[contains(text(), \"OK\")]"}
RESULT: {"using":"xpath","value":"//bdi[contains(text(), \"OK\")]"}
COMMAND: POST /session/9ee8f14f10c6d21a9bd1d789b8b2e24e/element/f.F4456A30B5DD81BD5266FF5FFADC42DE.d.534DCE4158321C0A3ABEC0A7450C0E07.e.8895/click - {}
RESULT: {}
COMMAND: GET /session/9ee8f14f10c6d21a9bd1d789b8b2e24e/screenshot - {}
RESULT: {}
COMMAND: POST /session/9ee8f14f10c6d21a9bd1d789b8b2e24e/execute/async - {"script":"<script> [1562 bytes]","args":[{"selector":{"id":"application-manageyards-display-component---NewYard--addressEditDetailsCurrency","interaction":{"idSuffix":"inner"}},"wdio_ui5_key":"applicationmanageyards-display-component---NewYard--addressEditDetailsCurrency"}]}
RESULT: {"script":"<script> [1562 bytes]","args":[{"selector":{"id":"application-manageyards-display-component---NewYard--addressEditDetailsCurrency","interaction":{"idSuffix":"inner"}},"wdio_ui5_key":"applicationmanageyards-display-component---NewYard--addressEditDetailsCurrency"}]}
RESULT: undefined
COMMAND: POST /session/9ee8f14f10c6d21a9bd1d789b8b2e24e/execute/async - {"script":"<script> [776 bytes]","args":[{"enterText":"Euro","selector":{"id":"application-manageyards-display-component---NewYard--addressEditDetailsCurrency","interaction":{"idSuffix":"inner"}},"clearTextFirst":true,"interactionType":"ENTER_TEXT"}]}
RESULT: {"script":"<script> [776 bytes]","args":[{"enterText":"Euro","selector":{"id":"application-manageyards-display-component---NewYard--addressEditDetailsCurrency","interaction":{"idSuffix":"inner"}},"clearTextFirst":true,"interactionType":"ENTER_TEXT"}]}
COMMAND: POST /session/9ee8f14f10c6d21a9bd1d789b8b2e24e/execute/async - {"script":"<script> [1562 bytes]","args":[{"selector":{"controlType":"sap.m.Input","viewName":"etm.portal.ui.manageyards.view.New","viewId":"application-manageyards-display-component---NewYard","bindingPath":{"path":"","propertyPath":"/CONTROLLING_AREA","modelName":"NewYardModel"},"interaction":{"idSuffix":"inner"}},"wdio_ui5_key":"etmportal.ui.manageyards.view.Newsap.m.Input{\"path\":\"\",\"propertyPath\":\"/CONTROLLING_AREA\",\"modelName\":\"NewYardModel\"}"}]}
RESULT: {"script":"<script> [1562 bytes]","args":[{"selector":{"controlType":"sap.m.Input","viewName":"etm.portal.ui.manageyards.view.New","viewId":"application-manageyards-display-component---NewYard","bindingPath":{"path":"","propertyPath":"/CONTROLLING_AREA","modelName":"NewYardModel"},"interaction":{"idSuffix":"inner"}},"wdio_ui5_key":"etmportal.ui.manageyards.view.Newsap.m.Input{\"path\":\"\",\"propertyPath\":\"/CONTROLLING_AREA\",\"modelName\":\"NewYardModel\"}"}]}
RESULT: undefined
COMMAND: POST /session/9ee8f14f10c6d21a9bd1d789b8b2e24e/execute/async - {"script":"<script> [776 bytes]","args":[{"enterText":"Z001","selector":{"controlType":"sap.m.Input","viewName":"etm.portal.ui.manageyards.view.New","viewId":"application-manageyards-display-component---NewYard","bindingPath":{"path":"","propertyPath":"/CONTROLLING_AREA","modelName":"NewYardModel"},"interaction":{"idSuffix":"inner"}},"clearTextFirst":true,"interactionType":"ENTER_TEXT"}]}
RESULT: {"script":"<script> [776 bytes]","args":[{"enterText":"Z001","selector":{"controlType":"sap.m.Input","viewName":"etm.portal.ui.manageyards.view.New","viewId":"application-manageyards-display-component---NewYard","bindingPath":{"path":"","propertyPath":"/CONTROLLING_AREA","modelName":"NewYardModel"},"interaction":{"idSuffix":"inner"}},"clearTextFirst":true,"interactionType":"ENTER_TEXT"}]}
COMMAND: POST /session/9ee8f14f10c6d21a9bd1d789b8b2e24e/execute/async - {"script":"<script> [1562 bytes]","args":[{"selector":{"id":"application-manageyards-display-component---NewYard--companyCodeComboBox","interaction":{"idSuffix":"inner"}},"wdio_ui5_key":"applicationmanageyards-display-component---NewYard--companyCodeComboBox"}]}
RESULT: {"script":"<script> [1562 bytes]","args":[{"selector":{"id":"application-manageyards-display-component---NewYard--companyCodeComboBox","interaction":{"idSuffix":"inner"}},"wdio_ui5_key":"applicationmanageyards-display-component---NewYard--companyCodeComboBox"}]}
RESULT: undefined
COMMAND: POST /session/9ee8f14f10c6d21a9bd1d789b8b2e24e/execute/async - {"script":"<script> [776 bytes]","args":[{"enterText":"1000","selector":{"id":"application-manageyards-display-component---NewYard--companyCodeComboBox","interaction":{"idSuffix":"inner"}},"clearTextFirst":true,"interactionType":"ENTER_TEXT"}]}
RESULT: {"script":"<script> [776 bytes]","args":[{"enterText":"1000","selector":{"id":"application-manageyards-display-component---NewYard--companyCodeComboBox","interaction":{"idSuffix":"inner"}},"clearTextFirst":true,"interactionType":"ENTER_TEXT"}]}
COMMAND: POST /session/9ee8f14f10c6d21a9bd1d789b8b2e24e/actions - {"actions":[{"id":"action27","type":"key","parameters":{},"actions":[{"type":"keyDown","value":"î€‡"},{"type":"pause","duration":10},{"type":"keyUp","value":"î€‡"}]}]}
RESULT: {"actions":[{"id":"action27","type":"key","parameters":{},"actions":[{"type":"keyDown","value":"î€‡"},{"type":"pause","duration":10},{"type":"keyUp","value":"î€‡"}]}]}
COMMAND: POST /session/9ee8f14f10c6d21a9bd1d789b8b2e24e/execute/async - {"script":"<script> [1562 bytes]","args":[{"selector":{"controlType":"sap.m.Input","viewName":"etm.portal.ui.manageyards.view.New","viewId":"application-manageyards-display-component---NewYard","bindingPath":{"path":"","propertyPath":"/PLANT","modelName":"NewYardModel"},"interaction":{"idSuffix":"inner"}},"wdio_ui5_key":"etmportal.ui.manageyards.view.Newsap.m.Input{\"path\":\"\",\"propertyPath\":\"/PLANT\",\"modelName\":\"NewYardModel\"}"}]}
COMMAND: GET /session/9ee8f14f10c6d21a9bd1d789b8b2e24e/screenshot - {}
RESULT: {"script":"<script> [1562 bytes]","args":[{"selector":{"controlType":"sap.m.Input","viewName":"etm.portal.ui.manageyards.view.New","viewId":"application-manageyards-display-component---NewYard","bindingPath":{"path":"","propertyPath":"/PLANT","modelName":"NewYardModel"},"interaction":{"idSuffix":"inner"}},"wdio_ui5_key":"etmportal.ui.manageyards.view.Newsap.m.Input{\"path\":\"\",\"propertyPath\":\"/PLANT\",\"modelName\":\"NewYardModel\"}"}]}
RESULT: undefined
COMMAND: POST /session/9ee8f14f10c6d21a9bd1d789b8b2e24e/execute/async - {"script":"<script> [776 bytes]","args":[{"enterText":"1001","selector":{"controlType":"sap.m.Input","viewName":"etm.portal.ui.manageyards.view.New","viewId":"application-manageyards-display-component---NewYard","bindingPath":{"path":"","propertyPath":"/PLANT","modelName":"NewYardModel"},"interaction":{"idSuffix":"inner"}},"clearTextFirst":true,"interactionType":"ENTER_TEXT"}]}
RESULT: {}
RESULT: {"script":"<script> [776 bytes]","args":[{"enterText":"1001","selector":{"controlType":"sap.m.Input","viewName":"etm.portal.ui.manageyards.view.New","viewId":"application-manageyards-display-component---NewYard","bindingPath":{"path":"","propertyPath":"/PLANT","modelName":"NewYardModel"},"interaction":{"idSuffix":"inner"}},"clearTextFirst":true,"interactionType":"ENTER_TEXT"}]}
COMMAND: POST /session/9ee8f14f10c6d21a9bd1d789b8b2e24e/execute/async - {"script":"<script> [1562 bytes]","args":[{"selector":{"controlType":"sap.m.Input","viewName":"etm.portal.ui.manageyards.view.New","viewId":"application-manageyards-display-component---NewYard","bindingPath":{"path":"","propertyPath":"/SALES_AREA_VKORG","modelName":"NewYardModel"},"interaction":{"idSuffix":"inner"}},"wdio_ui5_key":"etmportal.ui.manageyards.view.Newsap.m.Input{\"path\":\"\",\"propertyPath\":\"/SALES_AREA_VKORG\",\"modelName\":\"NewYardModel\"}"}]}
RESULT: {"script":"<script> [1562 bytes]","args":[{"selector":{"controlType":"sap.m.Input","viewName":"etm.portal.ui.manageyards.view.New","viewId":"application-manageyards-display-component---NewYard","bindingPath":{"path":"","propertyPath":"/SALES_AREA_VKORG","modelName":"NewYardModel"},"interaction":{"idSuffix":"inner"}},"wdio_ui5_key":"etmportal.ui.manageyards.view.Newsap.m.Input{\"path\":\"\",\"propertyPath\":\"/SALES_AREA_VKORG\",\"modelName\":\"NewYardModel\"}"}]}
RESULT: undefined
COMMAND: POST /session/9ee8f14f10c6d21a9bd1d789b8b2e24e/execute/async - {"script":"<script> [776 bytes]","args":[{"enterText":"C002","selector":{"controlType":"sap.m.Input","viewName":"etm.portal.ui.manageyards.view.New","viewId":"application-manageyards-display-component---NewYard","bindingPath":{"path":"","propertyPath":"/SALES_AREA_VKORG","modelName":"NewYardModel"},"interaction":{"idSuffix":"inner"}},"clearTextFirst":true,"interactionType":"ENTER_TEXT"}]}
RESULT: {"script":"<script> [776 bytes]","args":[{"enterText":"C002","selector":{"controlType":"sap.m.Input","viewName":"etm.portal.ui.manageyards.view.New","viewId":"application-manageyards-display-component---NewYard","bindingPath":{"path":"","propertyPath":"/SALES_AREA_VKORG","modelName":"NewYardModel"},"interaction":{"idSuffix":"inner"}},"clearTextFirst":true,"interactionType":"ENTER_TEXT"}]}
COMMAND: POST /session/9ee8f14f10c6d21a9bd1d789b8b2e24e/execute/async - {"script":"<script> [1562 bytes]","args":[{"selector":{"controlType":"sap.m.Input","viewName":"etm.portal.ui.manageyards.view.New","viewId":"application-manageyards-display-component---NewYard","bindingPath":{"path":"","propertyPath":"/SALES_AREA_VTWEG","modelName":"NewYardModel"},"interaction":{"idSuffix":"inner"}},"wdio_ui5_key":"etmportal.ui.manageyards.view.Newsap.m.Input{\"path\":\"\",\"propertyPath\":\"/SALES_AREA_VTWEG\",\"modelName\":\"NewYardModel\"}"}]}
RESULT: {"script":"<script> [1562 bytes]","args":[{"selector":{"controlType":"sap.m.Input","viewName":"etm.portal.ui.manageyards.view.New","viewId":"application-manageyards-display-component---NewYard","bindingPath":{"path":"","propertyPath":"/SALES_AREA_VTWEG","modelName":"NewYardModel"},"interaction":{"idSuffix":"inner"}},"wdio_ui5_key":"etmportal.ui.manageyards.view.Newsap.m.Input{\"path\":\"\",\"propertyPath\":\"/SALES_AREA_VTWEG\",\"modelName\":\"NewYardModel\"}"}]}
RESULT: undefined
COMMAND: POST /session/9ee8f14f10c6d21a9bd1d789b8b2e24e/execute/async - {"script":"<script> [776 bytes]","args":[{"enterText":"C2","selector":{"controlType":"sap.m.Input","viewName":"etm.portal.ui.manageyards.view.New","viewId":"application-manageyards-display-component---NewYard","bindingPath":{"path":"","propertyPath":"/SALES_AREA_VTWEG","modelName":"NewYardModel"},"interaction":{"idSuffix":"inner"}},"clearTextFirst":true,"interactionType":"ENTER_TEXT"}]}
RESULT: {"script":"<script> [776 bytes]","args":[{"enterText":"C2","selector":{"controlType":"sap.m.Input","viewName":"etm.portal.ui.manageyards.view.New","viewId":"application-manageyards-display-component---NewYard","bindingPath":{"path":"","propertyPath":"/SALES_AREA_VTWEG","modelName":"NewYardModel"},"interaction":{"idSuffix":"inner"}},"clearTextFirst":true,"interactionType":"ENTER_TEXT"}]}
COMMAND: POST /session/9ee8f14f10c6d21a9bd1d789b8b2e24e/execute/async - {"script":"<script> [1562 bytes]","args":[{"selector":{"controlType":"sap.m.Input","viewName":"etm.portal.ui.manageyards.view.New","viewId":"application-manageyards-display-component---NewYard","bindingPath":{"path":"","propertyPath":"/SALES_AREA_SPART","modelName":"NewYardModel"},"interaction":{"idSuffix":"inner"}},"wdio_ui5_key":"etmportal.ui.manageyards.view.Newsap.m.Input{\"path\":\"\",\"propertyPath\":\"/SALES_AREA_SPART\",\"modelName\":\"NewYardModel\"}"}]}
RESULT: {"script":"<script> [1562 bytes]","args":[{"selector":{"controlType":"sap.m.Input","viewName":"etm.portal.ui.manageyards.view.New","viewId":"application-manageyards-display-component---NewYard","bindingPath":{"path":"","propertyPath":"/SALES_AREA_SPART","modelName":"NewYardModel"},"interaction":{"idSuffix":"inner"}},"wdio_ui5_key":"etmportal.ui.manageyards.view.Newsap.m.Input{\"path\":\"\",\"propertyPath\":\"/SALES_AREA_SPART\",\"modelName\":\"NewYardModel\"}"}]}
RESULT: undefined
COMMAND: POST /session/9ee8f14f10c6d21a9bd1d789b8b2e24e/execute/async - {"script":"<script> [776 bytes]","args":[{"enterText":"C2","selector":{"controlType":"sap.m.Input","viewName":"etm.portal.ui.manageyards.view.New","viewId":"application-manageyards-display-component---NewYard","bindingPath":{"path":"","propertyPath":"/SALES_AREA_SPART","modelName":"NewYardModel"},"interaction":{"idSuffix":"inner"}},"clearTextFirst":true,"interactionType":"ENTER_TEXT"}]}
RESULT: {"script":"<script> [776 bytes]","args":[{"enterText":"C2","selector":{"controlType":"sap.m.Input","viewName":"etm.portal.ui.manageyards.view.New","viewId":"application-manageyards-display-component---NewYard","bindingPath":{"path":"","propertyPath":"/SALES_AREA_SPART","modelName":"NewYardModel"},"interaction":{"idSuffix":"inner"}},"clearTextFirst":true,"interactionType":"ENTER_TEXT"}]}
COMMAND: POST /session/9ee8f14f10c6d21a9bd1d789b8b2e24e/execute/async - {"script":"<script> [1562 bytes]","args":[{"selector":{"id":"application-manageyards-display-component---NewYard--whmCheckBox","interaction":{"idSuffix":"CbBg"}},"wdio_ui5_key":"applicationmanageyards-display-component---NewYard--whmCheckBox"}]}
RESULT: {"script":"<script> [1562 bytes]","args":[{"selector":{"id":"application-manageyards-display-component---NewYard--whmCheckBox","interaction":{"idSuffix":"CbBg"}},"wdio_ui5_key":"applicationmanageyards-display-component---NewYard--whmCheckBox"}]}
RESULT: undefined
COMMAND: POST /session/9ee8f14f10c6d21a9bd1d789b8b2e24e/element - {"using":"xpath","value":"//*[@id=\"application-manageyards-display-component---NewYard--whmCheckBox\"]"}
RESULT: {"using":"xpath","value":"//*[@id=\"application-manageyards-display-component---NewYard--whmCheckBox\"]"}
COMMAND: POST /session/9ee8f14f10c6d21a9bd1d789b8b2e24e/element/f.F4456A30B5DD81BD5266FF5FFADC42DE.d.534DCE4158321C0A3ABEC0A7450C0E07.e.8906/click - {}
RESULT: {}
COMMAND: POST /session/9ee8f14f10c6d21a9bd1d789b8b2e24e/execute/async - {"script":"<script> [1562 bytes]","args":[{"selector":{"controlType":"sap.m.Button","viewName":"etm.portal.ui.manageyards.view.New","viewId":"application-manageyards-display-component---NewYard","i18NText":{"propertyName":"text","key":"save"},"interaction":{"idSuffix":"inner"}},"wdio_ui5_key":"etmportal.ui.manageyards.view.Newsap.m.Button{\"propertyName\":\"text\",\"key\":\"save\"}"}]}
COMMAND: GET /session/9ee8f14f10c6d21a9bd1d789b8b2e24e/screenshot - {}
RESULT: {"script":"<script> [1562 bytes]","args":[{"selector":{"controlType":"sap.m.Button","viewName":"etm.portal.ui.manageyards.view.New","viewId":"application-manageyards-display-component---NewYard","i18NText":{"propertyName":"text","key":"save"},"interaction":{"idSuffix":"inner"}},"wdio_ui5_key":"etmportal.ui.manageyards.view.Newsap.m.Button{\"propertyName\":\"text\",\"key\":\"save\"}"}]}
RESULT: undefined
COMMAND: POST /session/9ee8f14f10c6d21a9bd1d789b8b2e24e/element - {"using":"xpath","value":"//*[@id=\"__button18\"]"}
RESULT: {}
RESULT: {"using":"xpath","value":"//*[@id=\"__button18\"]"}
COMMAND: POST /session/9ee8f14f10c6d21a9bd1d789b8b2e24e/element/f.F4456A30B5DD81BD5266FF5FFADC42DE.d.534DCE4158321C0A3ABEC0A7450C0E07.e.8816/click - {}
RESULT: {}
COMMAND: GET /session/9ee8f14f10c6d21a9bd1d789b8b2e24e/screenshot - {}
RESULT: {}
COMMAND: POST /session/9ee8f14f10c6d21a9bd1d789b8b2e24e/element - {"using":"css selector","value":"#shell-header-logo"}
RESULT: {"using":"css selector","value":"#shell-header-logo"}
COMMAND: POST /session/9ee8f14f10c6d21a9bd1d789b8b2e24e/element/f.F4456A30B5DD81BD5266FF5FFADC42DE.d.534DCE4158321C0A3ABEC0A7450C0E07.e.8380/click - {}
RESULT: {}
COMMAND: GET /session/9ee8f14f10c6d21a9bd1d789b8b2e24e/screenshot - {}
RESULT: {}
COMMAND: POST /session/9ee8f14f10c6d21a9bd1d789b8b2e24e/refresh - {}
RESULT: {}
COMMAND: GET /session/9ee8f14f10c6d21a9bd1d789b8b2e24e/screenshot - {}
RESULT: {}
COMMAND: POST /session/9ee8f14f10c6d21a9bd1d789b8b2e24e/execute/async - {"script":"<script> [189 bytes]","args":[]}
RESULT: {"script":"<script> [189 bytes]","args":[]}
COMMAND: POST /session/9ee8f14f10c6d21a9bd1d789b8b2e24e/execute/async - {"script":"<script> [123 bytes]","args":[]}
RESULT: {"script":"<script> [123 bytes]","args":[]}
COMMAND: POST /session/9ee8f14f10c6d21a9bd1d789b8b2e24e/timeouts - {"script":"<number>"}
RESULT: {"script":"<number>"}
COMMAND: GET /session/9ee8f14f10c6d21a9bd1d789b8b2e24e/timeouts - {}
RESULT: {}
RESULT: undefined
COMMAND: POST /session/9ee8f14f10c6d21a9bd1d789b8b2e24e/execute/async - {"script":"<script> [2676 bytes]","args":[]}
RESULT: {"script":"<script> [2676 bytes]","args":[]}
COMMAND: POST /session/9ee8f14f10c6d21a9bd1d789b8b2e24e/execute/async - {"script":"<script> [2342 bytes]","args":[{"protocol":"http","hostname":"0.0.0.0","path":"/","capabilities":{"browserName":"chrome","goog:chromeOptions":{"binary":"C:\\Program Files\\Google\\Chrome\\Application\\chrome.exe","args":["--start-maximized"]}},"logLevel":"warn","connectionRetryTimeout":120000,"connectionRetryCount":3,"logLevels":{},"enableDirectConnect":true,"strictSSL":true,"_":"65 more keys: [\"cacheDir\",\"port\",\"requestedCapabilities\",\"automationProtocol\",\"baseUrl\",\"waitforInterval\",\"waitforTimeout\",\"onReload\",\"beforeCommand\",\"afterCommand\",\"rootDir\",\"specs\",\"suites\",\"exclude\",\"groupLogsByTestSpec\",\"excludeDriverLogs\",\"bail\",\"framework\",\"reporters\",\"services\",\"maxInstances\",\"maxInstancesPerCapability\",\"injectGlobals\",\"filesToWatch\",\"execArgv\",\"runnerEnv\",\"runner\",\"shard\",\"specFileRetries\",\"specFileRetriesDelay\",\"specFileRetriesDeferred\",\"reporterSyncInterval\",\"reporterSyncTimeout\",\"cucumberFeaturesWithLineNumbers\",\"autoCompileOpts\",\"mochaOpts\",\"jasmineOpts\",\"cucumberOpts\",\"onPrepare\",\"onWorkerStart\",\"onWorkerEnd\",\"before\",\"beforeSession\",\"beforeSuite\",\"beforeHook\",\"beforeTest\",\"afterTest\",\"afterHook\",\"afterSuite\",\"afterSession\",\"after\",\"onComplete\",\"beforeAssertion\",\"afterAssertion\",\"beforeFeature\",\"beforeScenario\",\"beforeStep\",\"afterStep\",\"afterScenario\",\"afterFeature\",\"_\",\"suite\",\"$0\",\"ignoredWorkerServices\",\"wdi5\"]"}]}
RESULT: {"script":"<script> [2342 bytes]","args":[{"protocol":"http","hostname":"0.0.0.0","path":"/","capabilities":{"browserName":"chrome","goog:chromeOptions":{"binary":"C:\\Program Files\\Google\\Chrome\\Application\\chrome.exe","args":["--start-maximized"]}},"logLevel":"warn","connectionRetryTimeout":120000,"connectionRetryCount":3,"logLevels":{},"enableDirectConnect":true,"strictSSL":true,"_":"65 more keys: [\"cacheDir\",\"port\",\"requestedCapabilities\",\"automationProtocol\",\"baseUrl\",\"waitforInterval\",\"waitforTimeout\",\"onReload\",\"beforeCommand\",\"afterCommand\",\"rootDir\",\"specs\",\"suites\",\"exclude\",\"groupLogsByTestSpec\",\"excludeDriverLogs\",\"bail\",\"framework\",\"reporters\",\"services\",\"maxInstances\",\"maxInstancesPerCapability\",\"injectGlobals\",\"filesToWatch\",\"execArgv\",\"runnerEnv\",\"runner\",\"shard\",\"specFileRetries\",\"specFileRetriesDelay\",\"specFileRetriesDeferred\",\"reporterSyncInterval\",\"reporterSyncTimeout\",\"cucumberFeaturesWithLineNumbers\",\"autoCompileOpts\",\"mochaOpts\",\"jasmineOpts\",\"cucumberOpts\",\"onPrepare\",\"onWorkerStart\",\"onWorkerEnd\",\"before\",\"beforeSession\",\"beforeSuite\",\"beforeHook\",\"beforeTest\",\"afterTest\",\"afterHook\",\"afterSuite\",\"afterSession\",\"after\",\"onComplete\",\"beforeAssertion\",\"afterAssertion\",\"beforeFeature\",\"beforeScenario\",\"beforeStep\",\"afterStep\",\"afterScenario\",\"afterFeature\",\"_\",\"suite\",\"$0\",\"ignoredWorkerServices\",\"wdi5\"]"}]}
COMMAND: POST /session/9ee8f14f10c6d21a9bd1d789b8b2e24e/execute/async - {"script":"<script> [21126 bytes]","args":[35000]}
RESULT: {"script":"<script> [21126 bytes]","args":[35000]}
]]></system-out>
    </testcase>
    <testcase classname="chrome.135_0_7049_96.windows.Warehouse_movements_inventory_test" name="Should create a new warehouse organization" time="54.508">
      <system-out><![CDATA[
COMMAND: POST /session/9ee8f14f10c6d21a9bd1d789b8b2e24e/execute/async - {"script":"<script> [1562 bytes]","args":[{"selector":{"controlType":"sap.m.GenericTile","properties":{"header":"Bin Status Report"}},"wdio_ui5_key":"sapm.GenericTile{\"header\":\"Bin Status Report\"}"}]}
RESULT: {"script":"<script> [1562 bytes]","args":[{"selector":{"controlType":"sap.m.GenericTile","properties":{"header":"Bin Status Report"}},"wdio_ui5_key":"sapm.GenericTile{\"header\":\"Bin Status Report\"}"}]}
RESULT: undefined
COMMAND: POST /session/9ee8f14f10c6d21a9bd1d789b8b2e24e/element - {"using":"xpath","value":"//*[@id=\"__tile104\"]"}
RESULT: {"using":"xpath","value":"//*[@id=\"__tile104\"]"}
COMMAND: POST /session/9ee8f14f10c6d21a9bd1d789b8b2e24e/element/f.F4456A30B5DD81BD5266FF5FFADC42DE.d.F9F463D9285EF7C4F76793BE3B84F568.e.9117/click - {}
RESULT: {}
COMMAND: GET /session/9ee8f14f10c6d21a9bd1d789b8b2e24e/screenshot - {}
RESULT: {}
COMMAND: POST /session/9ee8f14f10c6d21a9bd1d789b8b2e24e/execute/async - {"script":"<script> [1562 bytes]","args":[{"selector":{"id":"application-binstatusreport-display-component---warehousing--createOrgBtn","interaction":{"idSuffix":"BDI-content"}},"wdio_ui5_key":"applicationbinstatusreport-display-component---warehousing--createOrgBtn"}]}
RESULT: {"script":"<script> [1562 bytes]","args":[{"selector":{"id":"application-binstatusreport-display-component---warehousing--createOrgBtn","interaction":{"idSuffix":"BDI-content"}},"wdio_ui5_key":"applicationbinstatusreport-display-component---warehousing--createOrgBtn"}]}
RESULT: undefined
COMMAND: POST /session/9ee8f14f10c6d21a9bd1d789b8b2e24e/element - {"using":"xpath","value":"//*[@id=\"application-binstatusreport-display-component---warehousing--createOrgBtn\"]"}
RESULT: {"using":"xpath","value":"//*[@id=\"application-binstatusreport-display-component---warehousing--createOrgBtn\"]"}
COMMAND: POST /session/9ee8f14f10c6d21a9bd1d789b8b2e24e/element/f.F4456A30B5DD81BD5266FF5FFADC42DE.d.F9F463D9285EF7C4F76793BE3B84F568.e.9162/click - {}
RESULT: {}
COMMAND: GET /session/9ee8f14f10c6d21a9bd1d789b8b2e24e/screenshot - {}
RESULT: {}
COMMAND: POST /session/9ee8f14f10c6d21a9bd1d789b8b2e24e/execute/async - {"script":"<script> [1562 bytes]","args":[{"selector":{"id":"createOrganizationPop--sectionInput","searchOpenDialogs":true,"interaction":{"idSuffix":"inner"}},"wdio_ui5_key":"createOrganizationPopsectionInput"}]}
RESULT: {"script":"<script> [1562 bytes]","args":[{"selector":{"id":"createOrganizationPop--sectionInput","searchOpenDialogs":true,"interaction":{"idSuffix":"inner"}},"wdio_ui5_key":"createOrganizationPopsectionInput"}]}
RESULT: undefined
COMMAND: POST /session/9ee8f14f10c6d21a9bd1d789b8b2e24e/execute/async - {"script":"<script> [776 bytes]","args":[{"enterText":"Secw9jvy","selector":{"id":"createOrganizationPop--sectionInput","searchOpenDialogs":true,"interaction":{"idSuffix":"inner"}},"clearTextFirst":true,"interactionType":"ENTER_TEXT"}]}
RESULT: {"script":"<script> [776 bytes]","args":[{"enterText":"Secw9jvy","selector":{"id":"createOrganizationPop--sectionInput","searchOpenDialogs":true,"interaction":{"idSuffix":"inner"}},"clearTextFirst":true,"interactionType":"ENTER_TEXT"}]}
COMMAND: POST /session/9ee8f14f10c6d21a9bd1d789b8b2e24e/execute/async - {"script":"<script> [1562 bytes]","args":[{"selector":{"id":"createOrganizationPop--descriptionInput","searchOpenDialogs":true,"interaction":{"idSuffix":"inner"}},"wdio_ui5_key":"createOrganizationPopdescriptionInput"}]}
RESULT: {"script":"<script> [1562 bytes]","args":[{"selector":{"id":"createOrganizationPop--descriptionInput","searchOpenDialogs":true,"interaction":{"idSuffix":"inner"}},"wdio_ui5_key":"createOrganizationPopdescriptionInput"}]}
RESULT: undefined
COMMAND: POST /session/9ee8f14f10c6d21a9bd1d789b8b2e24e/execute/async - {"script":"<script> [776 bytes]","args":[{"enterText":"OrgName6h7hm","selector":{"id":"createOrganizationPop--descriptionInput","searchOpenDialogs":true,"interaction":{"idSuffix":"inner"}},"clearTextFirst":true,"interactionType":"ENTER_TEXT"}]}
RESULT: {"script":"<script> [776 bytes]","args":[{"enterText":"OrgName6h7hm","selector":{"id":"createOrganizationPop--descriptionInput","searchOpenDialogs":true,"interaction":{"idSuffix":"inner"}},"clearTextFirst":true,"interactionType":"ENTER_TEXT"}]}
COMMAND: POST /session/9ee8f14f10c6d21a9bd1d789b8b2e24e/element - {"using":"xpath","value":"//input[contains(@id ,\"createOrganizationPop--yardOrg-inner\")]"}
RESULT: {"using":"xpath","value":"//input[contains(@id ,\"createOrganizationPop--yardOrg-inner\")]"}
COMMAND: POST /session/9ee8f14f10c6d21a9bd1d789b8b2e24e/element/f.F4456A30B5DD81BD5266FF5FFADC42DE.d.F9F463D9285EF7C4F76793BE3B84F568.e.9202/clear - {}
RESULT: {}
COMMAND: POST /session/9ee8f14f10c6d21a9bd1d789b8b2e24e/element/f.F4456A30B5DD81BD5266FF5FFADC42DE.d.F9F463D9285EF7C4F76793BE3B84F568.e.9202/value - {"text":"WebdriverWHMYard4rpo"}
COMMAND: GET /session/9ee8f14f10c6d21a9bd1d789b8b2e24e/screenshot - {}
RESULT: {"text":"WebdriverWHMYard4rpo"}
COMMAND: GET /session/9ee8f14f10c6d21a9bd1d789b8b2e24e/screenshot - {}
RESULT: {}
RESULT: {}
COMMAND: POST /session/9ee8f14f10c6d21a9bd1d789b8b2e24e/actions - {"actions":[{"id":"action28","type":"key","parameters":{},"actions":[{"type":"keyDown","value":"î€‡"},{"type":"pause","duration":10},{"type":"keyUp","value":"î€‡"}]}]}
RESULT: {"actions":[{"id":"action28","type":"key","parameters":{},"actions":[{"type":"keyDown","value":"î€‡"},{"type":"pause","duration":10},{"type":"keyUp","value":"î€‡"}]}]}
COMMAND: GET /session/9ee8f14f10c6d21a9bd1d789b8b2e24e/screenshot - {}
RESULT: {}
COMMAND: POST /session/9ee8f14f10c6d21a9bd1d789b8b2e24e/execute/async - {"script":"<script> [1562 bytes]","args":[{"selector":{"id":"createOrganizationPop--grZone","searchOpenDialogs":true,"interaction":{"idSuffix":"CbBg"}},"wdio_ui5_key":"createOrganizationPopgrZone"}]}
RESULT: {"script":"<script> [1562 bytes]","args":[{"selector":{"id":"createOrganizationPop--grZone","searchOpenDialogs":true,"interaction":{"idSuffix":"CbBg"}},"wdio_ui5_key":"createOrganizationPopgrZone"}]}
RESULT: undefined
COMMAND: POST /session/9ee8f14f10c6d21a9bd1d789b8b2e24e/element - {"using":"xpath","value":"//*[@id=\"createOrganizationPop--grZone\"]"}
RESULT: {"using":"xpath","value":"//*[@id=\"createOrganizationPop--grZone\"]"}
COMMAND: POST /session/9ee8f14f10c6d21a9bd1d789b8b2e24e/element/f.F4456A30B5DD81BD5266FF5FFADC42DE.d.F9F463D9285EF7C4F76793BE3B84F568.e.9224/click - {}
RESULT: {}
COMMAND: POST /session/9ee8f14f10c6d21a9bd1d789b8b2e24e/execute/async - {"script":"<script> [1562 bytes]","args":[{"selector":{"id":"createOrganizationPop--giZone","searchOpenDialogs":true,"interaction":{"idSuffix":"CbBg"}},"wdio_ui5_key":"createOrganizationPopgiZone"}]}
COMMAND: GET /session/9ee8f14f10c6d21a9bd1d789b8b2e24e/screenshot - {}
RESULT: {"script":"<script> [1562 bytes]","args":[{"selector":{"id":"createOrganizationPop--giZone","searchOpenDialogs":true,"interaction":{"idSuffix":"CbBg"}},"wdio_ui5_key":"createOrganizationPopgiZone"}]}
RESULT: undefined
COMMAND: POST /session/9ee8f14f10c6d21a9bd1d789b8b2e24e/element - {"using":"xpath","value":"//*[@id=\"createOrganizationPop--giZone\"]"}
RESULT: {}
RESULT: {"using":"xpath","value":"//*[@id=\"createOrganizationPop--giZone\"]"}
COMMAND: POST /session/9ee8f14f10c6d21a9bd1d789b8b2e24e/element/f.F4456A30B5DD81BD5266FF5FFADC42DE.d.F9F463D9285EF7C4F76793BE3B84F568.e.9226/click - {}
RESULT: {}
COMMAND: POST /session/9ee8f14f10c6d21a9bd1d789b8b2e24e/execute/async - {"script":"<script> [1562 bytes]","args":[{"selector":{"id":"createOrganizationPop--binNoInput","searchOpenDialogs":true,"interaction":{"idSuffix":"inner"}},"wdio_ui5_key":"createOrganizationPopbinNoInput"}]}
COMMAND: GET /session/9ee8f14f10c6d21a9bd1d789b8b2e24e/screenshot - {}
RESULT: {"script":"<script> [1562 bytes]","args":[{"selector":{"id":"createOrganizationPop--binNoInput","searchOpenDialogs":true,"interaction":{"idSuffix":"inner"}},"wdio_ui5_key":"createOrganizationPopbinNoInput"}]}
RESULT: undefined
COMMAND: POST /session/9ee8f14f10c6d21a9bd1d789b8b2e24e/execute/async - {"script":"<script> [776 bytes]","args":[{"enterText":"Binxg84q","selector":{"id":"createOrganizationPop--binNoInput","searchOpenDialogs":true,"interaction":{"idSuffix":"inner"}},"clearTextFirst":true,"interactionType":"ENTER_TEXT"}]}
RESULT: {}
RESULT: {"script":"<script> [776 bytes]","args":[{"enterText":"Binxg84q","selector":{"id":"createOrganizationPop--binNoInput","searchOpenDialogs":true,"interaction":{"idSuffix":"inner"}},"clearTextFirst":true,"interactionType":"ENTER_TEXT"}]}
COMMAND: POST /session/9ee8f14f10c6d21a9bd1d789b8b2e24e/execute/async - {"script":"<script> [1562 bytes]","args":[{"selector":{"id":"createOrganizationPop--descriptionId","searchOpenDialogs":true,"interaction":{"idSuffix":"inner"}},"wdio_ui5_key":"createOrganizationPopdescriptionId"}]}
RESULT: {"script":"<script> [1562 bytes]","args":[{"selector":{"id":"createOrganizationPop--descriptionId","searchOpenDialogs":true,"interaction":{"idSuffix":"inner"}},"wdio_ui5_key":"createOrganizationPopdescriptionId"}]}
RESULT: undefined
COMMAND: POST /session/9ee8f14f10c6d21a9bd1d789b8b2e24e/execute/async - {"script":"<script> [776 bytes]","args":[{"enterText":"Bin27otm","selector":{"id":"createOrganizationPop--descriptionId","searchOpenDialogs":true,"interaction":{"idSuffix":"inner"}},"clearTextFirst":true,"interactionType":"ENTER_TEXT"}]}
RESULT: {"script":"<script> [776 bytes]","args":[{"enterText":"Bin27otm","selector":{"id":"createOrganizationPop--descriptionId","searchOpenDialogs":true,"interaction":{"idSuffix":"inner"}},"clearTextFirst":true,"interactionType":"ENTER_TEXT"}]}
COMMAND: POST /session/9ee8f14f10c6d21a9bd1d789b8b2e24e/execute/async - {"script":"<script> [1562 bytes]","args":[{"selector":{"controlType":"sap.m.CheckBox","viewName":"etm.portal.ui.binstatusreport.view.MasterWareBins","viewId":"application-binstatusreport-display-component---warehousing","bindingPath":{"path":"","propertyPath":"/ZONE","modelName":"newBin"},"searchOpenDialogs":true,"interaction":{"idSuffix":"CbBg"}},"wdio_ui5_key":"etmportal.ui.binstatusreport.view.MasterWareBinssap.m.CheckBox{\"path\":\"\",\"propertyPath\":\"/ZONE\",\"modelName\":\"newBin\"}"}]}
RESULT: {"script":"<script> [1562 bytes]","args":[{"selector":{"controlType":"sap.m.CheckBox","viewName":"etm.portal.ui.binstatusreport.view.MasterWareBins","viewId":"application-binstatusreport-display-component---warehousing","bindingPath":{"path":"","propertyPath":"/ZONE","modelName":"newBin"},"searchOpenDialogs":true,"interaction":{"idSuffix":"CbBg"}},"wdio_ui5_key":"etmportal.ui.binstatusreport.view.MasterWareBinssap.m.CheckBox{\"path\":\"\",\"propertyPath\":\"/ZONE\",\"modelName\":\"newBin\"}"}]}
RESULT: undefined
COMMAND: POST /session/9ee8f14f10c6d21a9bd1d789b8b2e24e/element - {"using":"xpath","value":"//*[@id=\"__box12\"]"}
RESULT: {"using":"xpath","value":"//*[@id=\"__box12\"]"}
COMMAND: POST /session/9ee8f14f10c6d21a9bd1d789b8b2e24e/element/f.F4456A30B5DD81BD5266FF5FFADC42DE.d.F9F463D9285EF7C4F76793BE3B84F568.e.9230/click - {}
RESULT: {}
COMMAND: POST /session/9ee8f14f10c6d21a9bd1d789b8b2e24e/execute/async - {"script":"<script> [1562 bytes]","args":[{"selector":{"id":"createOrganizationPop--binTypesCB-arrow","searchOpenDialogs":true},"wdio_ui5_key":"createOrganizationPopbinTypesCB-arrow"}]}
COMMAND: GET /session/9ee8f14f10c6d21a9bd1d789b8b2e24e/screenshot - {}
RESULT: {"script":"<script> [1562 bytes]","args":[{"selector":{"id":"createOrganizationPop--binTypesCB-arrow","searchOpenDialogs":true},"wdio_ui5_key":"createOrganizationPopbinTypesCB-arrow"}]}
RESULT: undefined
COMMAND: POST /session/9ee8f14f10c6d21a9bd1d789b8b2e24e/element - {"using":"xpath","value":"//*[@id=\"createOrganizationPop--binTypesCB-arrow\"]"}
RESULT: {}
RESULT: {"using":"xpath","value":"//*[@id=\"createOrganizationPop--binTypesCB-arrow\"]"}
COMMAND: POST /session/9ee8f14f10c6d21a9bd1d789b8b2e24e/element/f.F4456A30B5DD81BD5266FF5FFADC42DE.d.F9F463D9285EF7C4F76793BE3B84F568.e.9231/click - {}
RESULT: {}
COMMAND: POST /session/9ee8f14f10c6d21a9bd1d789b8b2e24e/execute/async - {"script":"<script> [1562 bytes]","args":[{"selector":{"controlType":"sap.m.StandardListItem","viewName":"etm.portal.ui.binstatusreport.view.MasterWareBins","viewId":"application-binstatusreport-display-component---warehousing","properties":{"title":"1 - General / No capacity check"},"searchOpenDialogs":true,"interaction":{"idSuffix":"content"}},"wdio_ui5_key":"etmportal.ui.binstatusreport.view.MasterWareBinssap.m.StandardListItem{\"title\":\"1 - General / No capacity check\"}"}]}
COMMAND: GET /session/9ee8f14f10c6d21a9bd1d789b8b2e24e/screenshot - {}
RESULT: {"script":"<script> [1562 bytes]","args":[{"selector":{"controlType":"sap.m.StandardListItem","viewName":"etm.portal.ui.binstatusreport.view.MasterWareBins","viewId":"application-binstatusreport-display-component---warehousing","properties":{"title":"1 - General / No capacity check"},"searchOpenDialogs":true,"interaction":{"idSuffix":"content"}},"wdio_ui5_key":"etmportal.ui.binstatusreport.view.MasterWareBinssap.m.StandardListItem{\"title\":\"1 - General / No capacity check\"}"}]}
RESULT: undefined
COMMAND: POST /session/9ee8f14f10c6d21a9bd1d789b8b2e24e/element - {"using":"xpath","value":"//*[@id=\"__item125\"]"}
RESULT: {}
RESULT: {"using":"xpath","value":"//*[@id=\"__item125\"]"}
COMMAND: POST /session/9ee8f14f10c6d21a9bd1d789b8b2e24e/element/f.F4456A30B5DD81BD5266FF5FFADC42DE.d.F9F463D9285EF7C4F76793BE3B84F568.e.9233/click - {}
RESULT: {}
COMMAND: POST /session/9ee8f14f10c6d21a9bd1d789b8b2e24e/execute/async - {"script":"<script> [1562 bytes]","args":[{"selector":{"id":"createOrganizationPop--finishBtn","searchOpenDialogs":true,"interaction":{"idSuffix":"BDI-content"}},"wdio_ui5_key":"createOrganizationPopfinishBtn"}]}
COMMAND: GET /session/9ee8f14f10c6d21a9bd1d789b8b2e24e/screenshot - {}
RESULT: {"script":"<script> [1562 bytes]","args":[{"selector":{"id":"createOrganizationPop--finishBtn","searchOpenDialogs":true,"interaction":{"idSuffix":"BDI-content"}},"wdio_ui5_key":"createOrganizationPopfinishBtn"}]}
RESULT: undefined
COMMAND: POST /session/9ee8f14f10c6d21a9bd1d789b8b2e24e/element - {"using":"xpath","value":"//*[@id=\"createOrganizationPop--finishBtn\"]"}
RESULT: {}
RESULT: {"using":"xpath","value":"//*[@id=\"createOrganizationPop--finishBtn\"]"}
COMMAND: POST /session/9ee8f14f10c6d21a9bd1d789b8b2e24e/element/f.F4456A30B5DD81BD5266FF5FFADC42DE.d.F9F463D9285EF7C4F76793BE3B84F568.e.9235/click - {}
RESULT: {}
COMMAND: GET /session/9ee8f14f10c6d21a9bd1d789b8b2e24e/screenshot - {}
RESULT: {}
COMMAND: POST /session/9ee8f14f10c6d21a9bd1d789b8b2e24e/element - {"using":"css selector","value":"#shell-header-logo"}
RESULT: {"using":"css selector","value":"#shell-header-logo"}
COMMAND: POST /session/9ee8f14f10c6d21a9bd1d789b8b2e24e/element/f.F4456A30B5DD81BD5266FF5FFADC42DE.d.F9F463D9285EF7C4F76793BE3B84F568.e.9122/click - {}
RESULT: {}
COMMAND: GET /session/9ee8f14f10c6d21a9bd1d789b8b2e24e/screenshot - {}
RESULT: {}
]]></system-out>
    </testcase>
    <testcase classname="chrome.135_0_7049_96.windows.Warehouse_movements_inventory_test" name="Should Create new material for WHM yard" time="126.44">
      <system-out><![CDATA[
COMMAND: POST /session/9ee8f14f10c6d21a9bd1d789b8b2e24e/execute/async - {"script":"<script> [1562 bytes]","args":[{"selector":{"controlType":"sap.m.GenericTile","properties":{"header":"Manage Resources"}},"wdio_ui5_key":"sapm.GenericTile{\"header\":\"Manage Resources\"}"}]}
RESULT: {"script":"<script> [1562 bytes]","args":[{"selector":{"controlType":"sap.m.GenericTile","properties":{"header":"Manage Resources"}},"wdio_ui5_key":"sapm.GenericTile{\"header\":\"Manage Resources\"}"}]}
RESULT: undefined
COMMAND: POST /session/9ee8f14f10c6d21a9bd1d789b8b2e24e/element - {"using":"xpath","value":"//*[@id=\"__tile39\"]"}
RESULT: {"using":"xpath","value":"//*[@id=\"__tile39\"]"}
COMMAND: POST /session/9ee8f14f10c6d21a9bd1d789b8b2e24e/element/f.F4456A30B5DD81BD5266FF5FFADC42DE.d.F9F463D9285EF7C4F76793BE3B84F568.e.9242/click - {}
RESULT: {}
COMMAND: GET /session/9ee8f14f10c6d21a9bd1d789b8b2e24e/screenshot - {}
RESULT: {}
COMMAND: POST /session/9ee8f14f10c6d21a9bd1d789b8b2e24e/element - {"using":"xpath","value":"//button[@data-kt=\"addNewRUOverflowToolbarButton\"]"}
RESULT: {"using":"xpath","value":"//button[@data-kt=\"addNewRUOverflowToolbarButton\"]"}
COMMAND: POST /session/9ee8f14f10c6d21a9bd1d789b8b2e24e/element - {"using":"xpath","value":"//button[@data-kt=\"addNewRUOverflowToolbarButton\"]"}
RESULT: {"using":"xpath","value":"//button[@data-kt=\"addNewRUOverflowToolbarButton\"]"}
COMMAND: POST /session/9ee8f14f10c6d21a9bd1d789b8b2e24e/element - {"using":"xpath","value":"//button[@data-kt=\"addNewRUOverflowToolbarButton\"]"}
RESULT: {"using":"xpath","value":"//button[@data-kt=\"addNewRUOverflowToolbarButton\"]"}
COMMAND: POST /session/9ee8f14f10c6d21a9bd1d789b8b2e24e/element - {"using":"xpath","value":"//button[@data-kt=\"addNewRUOverflowToolbarButton\"]"}
RESULT: {"using":"xpath","value":"//button[@data-kt=\"addNewRUOverflowToolbarButton\"]"}
COMMAND: POST /session/9ee8f14f10c6d21a9bd1d789b8b2e24e/execute/sync - {"script":"<script> [8489 bytes]","args":[{"element-6066-11e4-a52e-4f735466cecf":"f.F4456A30B5DD81BD5266FF5FFADC42DE.d.F9F463D9285EF7C4F76793BE3B84F568.e.9268","ELEMENT":"f.F4456A30B5DD81BD5266FF5FFADC42DE.d.F9F463D9285EF7C4F76793BE3B84F568.e.9268"}]}
RESULT: {"script":"<script> [8489 bytes]","args":[{"element-6066-11e4-a52e-4f735466cecf":"f.F4456A30B5DD81BD5266FF5FFADC42DE.d.F9F463D9285EF7C4F76793BE3B84F568.e.9268","ELEMENT":"f.F4456A30B5DD81BD5266FF5FFADC42DE.d.F9F463D9285EF7C4F76793BE3B84F568.e.9268"}]}
COMMAND: POST /session/9ee8f14f10c6d21a9bd1d789b8b2e24e/element/f.F4456A30B5DD81BD5266FF5FFADC42DE.d.F9F463D9285EF7C4F76793BE3B84F568.e.9268/click - {}
COMMAND: GET /session/9ee8f14f10c6d21a9bd1d789b8b2e24e/screenshot - {}
RESULT: {}
COMMAND: POST /session/9ee8f14f10c6d21a9bd1d789b8b2e24e/execute/async - {"script":"<script> [1562 bytes]","args":[{"selector":{"id":"application-manageresources-display-component---newResourceUnit--TYPE-arrow"},"wdio_ui5_key":"applicationmanageresources-display-component---newResourceUnit--TYPE-arrow"}]}
COMMAND: GET /session/9ee8f14f10c6d21a9bd1d789b8b2e24e/screenshot - {}
RESULT: {}
RESULT: {"script":"<script> [1562 bytes]","args":[{"selector":{"id":"application-manageresources-display-component---newResourceUnit--TYPE-arrow"},"wdio_ui5_key":"applicationmanageresources-display-component---newResourceUnit--TYPE-arrow"}]}
RESULT: undefined
COMMAND: POST /session/9ee8f14f10c6d21a9bd1d789b8b2e24e/element - {"using":"xpath","value":"//*[@id=\"application-manageresources-display-component---newResourceUnit--TYPE-arrow\"]"}
RESULT: {}
RESULT: {"using":"xpath","value":"//*[@id=\"application-manageresources-display-component---newResourceUnit--TYPE-arrow\"]"}
COMMAND: POST /session/9ee8f14f10c6d21a9bd1d789b8b2e24e/element/f.F4456A30B5DD81BD5266FF5FFADC42DE.d.F9F463D9285EF7C4F76793BE3B84F568.e.9441/click - {}
RESULT: {}
COMMAND: POST /session/9ee8f14f10c6d21a9bd1d789b8b2e24e/execute/async - {"script":"<script> [1562 bytes]","args":[{"selector":{"controlType":"sap.m.StandardListItem","viewName":"reusables.view.manageresources.NewResourceUnit","viewId":"application-manageresources-display-component---newResourceUnit","properties":{"title":"Material"},"searchOpenDialogs":true,"interaction":{"idSuffix":"titleText"}},"wdio_ui5_key":"reusablesview.manageresources.NewResourceUnitsap.m.StandardListItem{\"title\":\"Material\"}"}]}
COMMAND: GET /session/9ee8f14f10c6d21a9bd1d789b8b2e24e/screenshot - {}
RESULT: {"script":"<script> [1562 bytes]","args":[{"selector":{"controlType":"sap.m.StandardListItem","viewName":"reusables.view.manageresources.NewResourceUnit","viewId":"application-manageresources-display-component---newResourceUnit","properties":{"title":"Material"},"searchOpenDialogs":true,"interaction":{"idSuffix":"titleText"}},"wdio_ui5_key":"reusablesview.manageresources.NewResourceUnitsap.m.StandardListItem{\"title\":\"Material\"}"}]}
RESULT: undefined
COMMAND: POST /session/9ee8f14f10c6d21a9bd1d789b8b2e24e/element - {"using":"xpath","value":"//*[@id=\"__item255\"]"}
RESULT: {}
RESULT: {"using":"xpath","value":"//*[@id=\"__item255\"]"}
COMMAND: POST /session/9ee8f14f10c6d21a9bd1d789b8b2e24e/element/f.F4456A30B5DD81BD5266FF5FFADC42DE.d.F9F463D9285EF7C4F76793BE3B84F568.e.9444/click - {}
RESULT: {}
COMMAND: POST /session/9ee8f14f10c6d21a9bd1d789b8b2e24e/execute/async - {"script":"<script> [1562 bytes]","args":[{"selector":{"id":"application-manageresources-display-component---newResourceUnit--SHORT_TEXT","interaction":{"idSuffix":"inner"}},"wdio_ui5_key":"applicationmanageresources-display-component---newResourceUnit--SHORT_TEXT"}]}
COMMAND: GET /session/9ee8f14f10c6d21a9bd1d789b8b2e24e/screenshot - {}
RESULT: {"script":"<script> [1562 bytes]","args":[{"selector":{"id":"application-manageresources-display-component---newResourceUnit--SHORT_TEXT","interaction":{"idSuffix":"inner"}},"wdio_ui5_key":"applicationmanageresources-display-component---newResourceUnit--SHORT_TEXT"}]}
RESULT: undefined
COMMAND: POST /session/9ee8f14f10c6d21a9bd1d789b8b2e24e/execute/async - {"script":"<script> [776 bytes]","args":[{"enterText":"WebdriverRUR2Ccrrf9k","selector":{"id":"application-manageresources-display-component---newResourceUnit--SHORT_TEXT","interaction":{"idSuffix":"inner"}},"clearTextFirst":true,"interactionType":"ENTER_TEXT"}]}
RESULT: {}
RESULT: {"script":"<script> [776 bytes]","args":[{"enterText":"WebdriverRUR2Ccrrf9k","selector":{"id":"application-manageresources-display-component---newResourceUnit--SHORT_TEXT","interaction":{"idSuffix":"inner"}},"clearTextFirst":true,"interactionType":"ENTER_TEXT"}]}
COMMAND: POST /session/9ee8f14f10c6d21a9bd1d789b8b2e24e/execute/async - {"script":"<script> [1562 bytes]","args":[{"selector":{"id":"application-manageresources-display-component---newResourceUnit--BASE_UNIT_OF_MEASURE-arrow"},"wdio_ui5_key":"applicationmanageresources-display-component---newResourceUnit--BASE_UNIT_OF_MEASURE-arrow"}]}
RESULT: {"script":"<script> [1562 bytes]","args":[{"selector":{"id":"application-manageresources-display-component---newResourceUnit--BASE_UNIT_OF_MEASURE-arrow"},"wdio_ui5_key":"applicationmanageresources-display-component---newResourceUnit--BASE_UNIT_OF_MEASURE-arrow"}]}
RESULT: undefined
COMMAND: POST /session/9ee8f14f10c6d21a9bd1d789b8b2e24e/element - {"using":"xpath","value":"//*[@id=\"application-manageresources-display-component---newResourceUnit--BASE_UNIT_OF_MEASURE-arrow\"]"}
RESULT: {"using":"xpath","value":"//*[@id=\"application-manageresources-display-component---newResourceUnit--BASE_UNIT_OF_MEASURE-arrow\"]"}
COMMAND: POST /session/9ee8f14f10c6d21a9bd1d789b8b2e24e/element/f.F4456A30B5DD81BD5266FF5FFADC42DE.d.F9F463D9285EF7C4F76793BE3B84F568.e.9500/click - {}
RESULT: {}
COMMAND: POST /session/9ee8f14f10c6d21a9bd1d789b8b2e24e/execute/async - {"script":"<script> [1562 bytes]","args":[{"selector":{"controlType":"sap.m.StandardListItem","viewName":"reusables.view.manageresources.NewResourceUnit","viewId":"application-manageresources-display-component---newResourceUnit","properties":{"title":"Piece"},"searchOpenDialogs":true,"interaction":{"idSuffix":"titleText"}},"wdio_ui5_key":"reusablesview.manageresources.NewResourceUnitsap.m.StandardListItem{\"title\":\"Piece\"}"}]}
COMMAND: GET /session/9ee8f14f10c6d21a9bd1d789b8b2e24e/screenshot - {}
RESULT: {"script":"<script> [1562 bytes]","args":[{"selector":{"controlType":"sap.m.StandardListItem","viewName":"reusables.view.manageresources.NewResourceUnit","viewId":"application-manageresources-display-component---newResourceUnit","properties":{"title":"Piece"},"searchOpenDialogs":true,"interaction":{"idSuffix":"titleText"}},"wdio_ui5_key":"reusablesview.manageresources.NewResourceUnitsap.m.StandardListItem{\"title\":\"Piece\"}"}]}
RESULT: undefined
COMMAND: POST /session/9ee8f14f10c6d21a9bd1d789b8b2e24e/element - {"using":"xpath","value":"//*[@id=\"__item299\"]"}
RESULT: {}
RESULT: {"using":"xpath","value":"//*[@id=\"__item299\"]"}
COMMAND: POST /session/9ee8f14f10c6d21a9bd1d789b8b2e24e/element/f.F4456A30B5DD81BD5266FF5FFADC42DE.d.F9F463D9285EF7C4F76793BE3B84F568.e.9502/click - {}
RESULT: {}
COMMAND: POST /session/9ee8f14f10c6d21a9bd1d789b8b2e24e/element - {"using":"xpath","value":"//input[contains(@id ,\"application-manageresources-display-component---newResourceUnit--SHORT_TEXT-inner\")]"}
COMMAND: GET /session/9ee8f14f10c6d21a9bd1d789b8b2e24e/screenshot - {}
RESULT: {"using":"xpath","value":"//input[contains(@id ,\"application-manageresources-display-component---newResourceUnit--SHORT_TEXT-inner\")]"}
COMMAND: GET /session/9ee8f14f10c6d21a9bd1d789b8b2e24e/element/f.F4456A30B5DD81BD5266FF5FFADC42DE.d.F9F463D9285EF7C4F76793BE3B84F568.e.9461/property/value - {}
RESULT: {}
RESULT: {}
COMMAND: POST /session/9ee8f14f10c6d21a9bd1d789b8b2e24e/execute/async - {"script":"<script> [1562 bytes]","args":[{"selector":{"id":"application-manageresources-display-component---newResourceUnit--WEIGHT_UNIT-arrow"},"wdio_ui5_key":"applicationmanageresources-display-component---newResourceUnit--WEIGHT_UNIT-arrow"}]}
COMMAND: GET /session/9ee8f14f10c6d21a9bd1d789b8b2e24e/screenshot - {}
RESULT: {"script":"<script> [1562 bytes]","args":[{"selector":{"id":"application-manageresources-display-component---newResourceUnit--WEIGHT_UNIT-arrow"},"wdio_ui5_key":"applicationmanageresources-display-component---newResourceUnit--WEIGHT_UNIT-arrow"}]}
RESULT: undefined
COMMAND: POST /session/9ee8f14f10c6d21a9bd1d789b8b2e24e/element - {"using":"xpath","value":"//*[@id=\"application-manageresources-display-component---newResourceUnit--WEIGHT_UNIT-arrow\"]"}
RESULT: {}
RESULT: {"using":"xpath","value":"//*[@id=\"application-manageresources-display-component---newResourceUnit--WEIGHT_UNIT-arrow\"]"}
COMMAND: POST /session/9ee8f14f10c6d21a9bd1d789b8b2e24e/element/f.F4456A30B5DD81BD5266FF5FFADC42DE.d.F9F463D9285EF7C4F76793BE3B84F568.e.9503/click - {}
RESULT: {}
COMMAND: POST /session/9ee8f14f10c6d21a9bd1d789b8b2e24e/execute/async - {"script":"<script> [1562 bytes]","args":[{"selector":{"controlType":"sap.m.StandardListItem","viewName":"reusables.view.manageresources.NewResourceUnit","viewId":"application-manageresources-display-component---newResourceUnit","properties":{"title":"Gram"},"searchOpenDialogs":true,"interaction":{"idSuffix":"content"}},"wdio_ui5_key":"reusablesview.manageresources.NewResourceUnitsap.m.StandardListItem{\"title\":\"Gram\"}"}]}
COMMAND: GET /session/9ee8f14f10c6d21a9bd1d789b8b2e24e/screenshot - {}
RESULT: {"script":"<script> [1562 bytes]","args":[{"selector":{"controlType":"sap.m.StandardListItem","viewName":"reusables.view.manageresources.NewResourceUnit","viewId":"application-manageresources-display-component---newResourceUnit","properties":{"title":"Gram"},"searchOpenDialogs":true,"interaction":{"idSuffix":"content"}},"wdio_ui5_key":"reusablesview.manageresources.NewResourceUnitsap.m.StandardListItem{\"title\":\"Gram\"}"}]}
RESULT: undefined
COMMAND: POST /session/9ee8f14f10c6d21a9bd1d789b8b2e24e/element - {"using":"xpath","value":"//*[@id=\"__item364\"]"}
RESULT: {}
RESULT: {"using":"xpath","value":"//*[@id=\"__item364\"]"}
COMMAND: POST /session/9ee8f14f10c6d21a9bd1d789b8b2e24e/element/f.F4456A30B5DD81BD5266FF5FFADC42DE.d.F9F463D9285EF7C4F76793BE3B84F568.e.9505/click - {}
RESULT: {}
COMMAND: POST /session/9ee8f14f10c6d21a9bd1d789b8b2e24e/execute/async - {"script":"<script> [1562 bytes]","args":[{"selector":{"id":"application-manageresources-display-component---newResourceUnit--newRRUPage-OPHeaderContent-collapseBtn-img"},"wdio_ui5_key":"applicationmanageresources-display-component---newResourceUnit--newRRUPage-OPHeaderContent-collapseBtn-img"}]}
COMMAND: GET /session/9ee8f14f10c6d21a9bd1d789b8b2e24e/screenshot - {}
RESULT: {"script":"<script> [1562 bytes]","args":[{"selector":{"id":"application-manageresources-display-component---newResourceUnit--newRRUPage-OPHeaderContent-collapseBtn-img"},"wdio_ui5_key":"applicationmanageresources-display-component---newResourceUnit--newRRUPage-OPHeaderContent-collapseBtn-img"}]}
RESULT: undefined
COMMAND: POST /session/9ee8f14f10c6d21a9bd1d789b8b2e24e/element - {"using":"xpath","value":"//*[@id=\"application-manageresources-display-component---newResourceUnit--newRRUPage-OPHeaderContent-collapseBtn-img\"]"}
RESULT: {}
RESULT: {"using":"xpath","value":"//*[@id=\"application-manageresources-display-component---newResourceUnit--newRRUPage-OPHeaderContent-collapseBtn-img\"]"}
COMMAND: POST /session/9ee8f14f10c6d21a9bd1d789b8b2e24e/element/f.F4456A30B5DD81BD5266FF5FFADC42DE.d.F9F463D9285EF7C4F76793BE3B84F568.e.9451/click - {}
RESULT: {}
COMMAND: GET /session/9ee8f14f10c6d21a9bd1d789b8b2e24e/screenshot - {}
RESULT: {}
COMMAND: POST /session/9ee8f14f10c6d21a9bd1d789b8b2e24e/element - {"using":"xpath","value":"(//span[contains(@id ,\"application-manageresources-display-component---newResourceUnit--DIMENSION_UNIT-arrow\")])[1]"}
RESULT: {"using":"xpath","value":"(//span[contains(@id ,\"application-manageresources-display-component---newResourceUnit--DIMENSION_UNIT-arrow\")])[1]"}
COMMAND: POST /session/9ee8f14f10c6d21a9bd1d789b8b2e24e/element/f.F4456A30B5DD81BD5266FF5FFADC42DE.d.F9F463D9285EF7C4F76793BE3B84F568.e.9509/click - {}
RESULT: {}
COMMAND: GET /session/9ee8f14f10c6d21a9bd1d789b8b2e24e/screenshot - {}
RESULT: {}
COMMAND: POST /session/9ee8f14f10c6d21a9bd1d789b8b2e24e/execute/async - {"script":"<script> [1562 bytes]","args":[{"selector":{"controlType":"sap.m.StandardListItem","viewName":"reusables.view.manageresources.NewResourceUnit","viewId":"application-manageresources-display-component---newResourceUnit","properties":{"title":"Centimeter"},"searchOpenDialogs":true,"interaction":{"idSuffix":"titleText"}},"wdio_ui5_key":"reusablesview.manageresources.NewResourceUnitsap.m.StandardListItem{\"title\":\"Centimeter\"}"}]}
RESULT: {"script":"<script> [1562 bytes]","args":[{"selector":{"controlType":"sap.m.StandardListItem","viewName":"reusables.view.manageresources.NewResourceUnit","viewId":"application-manageresources-display-component---newResourceUnit","properties":{"title":"Centimeter"},"searchOpenDialogs":true,"interaction":{"idSuffix":"titleText"}},"wdio_ui5_key":"reusablesview.manageresources.NewResourceUnitsap.m.StandardListItem{\"title\":\"Centimeter\"}"}]}
RESULT: undefined
COMMAND: POST /session/9ee8f14f10c6d21a9bd1d789b8b2e24e/element - {"using":"xpath","value":"//*[@id=\"__item367\"]"}
RESULT: {"using":"xpath","value":"//*[@id=\"__item367\"]"}
COMMAND: POST /session/9ee8f14f10c6d21a9bd1d789b8b2e24e/element/f.F4456A30B5DD81BD5266FF5FFADC42DE.d.F9F463D9285EF7C4F76793BE3B84F568.e.9513/click - {}
RESULT: {}
COMMAND: POST /session/9ee8f14f10c6d21a9bd1d789b8b2e24e/execute/async - {"script":"<script> [1562 bytes]","args":[{"selector":{"id":"application-manageresources-display-component---newResourceUnit--newRRUPage-anchBar-application-manageresources-display-component---newResourceUnit--reference-anchor","interaction":{"idSuffix":"BDI-content"}},"wdio_ui5_key":"applicationmanageresources-display-component---newResourceUnit--newRRUPage-anchBar-application-manageresources-display-component---newResourceUnit--reference-anchor"}]}
COMMAND: GET /session/9ee8f14f10c6d21a9bd1d789b8b2e24e/screenshot - {}
RESULT: {"script":"<script> [1562 bytes]","args":[{"selector":{"id":"application-manageresources-display-component---newResourceUnit--newRRUPage-anchBar-application-manageresources-display-component---newResourceUnit--reference-anchor","interaction":{"idSuffix":"BDI-content"}},"wdio_ui5_key":"applicationmanageresources-display-component---newResourceUnit--newRRUPage-anchBar-application-manageresources-display-component---newResourceUnit--reference-anchor"}]}
RESULT: undefined
COMMAND: POST /session/9ee8f14f10c6d21a9bd1d789b8b2e24e/element - {"using":"xpath","value":"//*[@id=\"application-manageresources-display-component---newResourceUnit--newRRUPage-anchBar-application-manageresources-display-component---newResourceUnit--reference-anchor\"]"}
RESULT: {}
RESULT: {"using":"xpath","value":"//*[@id=\"application-manageresources-display-component---newResourceUnit--newRRUPage-anchBar-application-manageresources-display-component---newResourceUnit--reference-anchor\"]"}
COMMAND: POST /session/9ee8f14f10c6d21a9bd1d789b8b2e24e/element/f.F4456A30B5DD81BD5266FF5FFADC42DE.d.F9F463D9285EF7C4F76793BE3B84F568.e.9515/click - {}
RESULT: {}
COMMAND: POST /session/9ee8f14f10c6d21a9bd1d789b8b2e24e/execute/async - {"script":"<script> [1562 bytes]","args":[{"selector":{"id":"application-manageresources-display-component---newResourceUnit--PLANNING_GROUP-arrow"},"wdio_ui5_key":"applicationmanageresources-display-component---newResourceUnit--PLANNING_GROUP-arrow"}]}
COMMAND: GET /session/9ee8f14f10c6d21a9bd1d789b8b2e24e/screenshot - {}
RESULT: {"script":"<script> [1562 bytes]","args":[{"selector":{"id":"application-manageresources-display-component---newResourceUnit--PLANNING_GROUP-arrow"},"wdio_ui5_key":"applicationmanageresources-display-component---newResourceUnit--PLANNING_GROUP-arrow"}]}
RESULT: undefined
COMMAND: POST /session/9ee8f14f10c6d21a9bd1d789b8b2e24e/element - {"using":"xpath","value":"//*[@id=\"application-manageresources-display-component---newResourceUnit--PLANNING_GROUP-arrow\"]"}
RESULT: {}
RESULT: {"using":"xpath","value":"//*[@id=\"application-manageresources-display-component---newResourceUnit--PLANNING_GROUP-arrow\"]"}
COMMAND: POST /session/9ee8f14f10c6d21a9bd1d789b8b2e24e/element/f.F4456A30B5DD81BD5266FF5FFADC42DE.d.F9F463D9285EF7C4F76793BE3B84F568.e.9519/click - {}
RESULT: {}
COMMAND: POST /session/9ee8f14f10c6d21a9bd1d789b8b2e24e/execute/async - {"script":"<script> [1562 bytes]","args":[{"selector":{"controlType":"sap.m.StandardListItem","viewName":"reusables.view.manageresources.NewResourceUnit","viewId":"application-manageresources-display-component---newResourceUnit","properties":{"title":"Heavy Equi"},"searchOpenDialogs":true,"interaction":{"idSuffix":"content"}},"wdio_ui5_key":"reusablesview.manageresources.NewResourceUnitsap.m.StandardListItem{\"title\":\"Heavy Equi\"}"}]}
COMMAND: GET /session/9ee8f14f10c6d21a9bd1d789b8b2e24e/screenshot - {}
RESULT: {"script":"<script> [1562 bytes]","args":[{"selector":{"controlType":"sap.m.StandardListItem","viewName":"reusables.view.manageresources.NewResourceUnit","viewId":"application-manageresources-display-component---newResourceUnit","properties":{"title":"Heavy Equi"},"searchOpenDialogs":true,"interaction":{"idSuffix":"content"}},"wdio_ui5_key":"reusablesview.manageresources.NewResourceUnitsap.m.StandardListItem{\"title\":\"Heavy Equi\"}"}]}
RESULT: undefined
COMMAND: POST /session/9ee8f14f10c6d21a9bd1d789b8b2e24e/element - {"using":"xpath","value":"//*[@id=\"__item375\"]"}
RESULT: {}
RESULT: {"using":"xpath","value":"//*[@id=\"__item375\"]"}
COMMAND: POST /session/9ee8f14f10c6d21a9bd1d789b8b2e24e/element/f.F4456A30B5DD81BD5266FF5FFADC42DE.d.F9F463D9285EF7C4F76793BE3B84F568.e.9521/click - {}
RESULT: {}
COMMAND: GET /session/9ee8f14f10c6d21a9bd1d789b8b2e24e/screenshot - {}
RESULT: {}
COMMAND: POST /session/9ee8f14f10c6d21a9bd1d789b8b2e24e/execute/async - {"script":"<script> [1562 bytes]","args":[{"selector":{"id":"application-manageresources-display-component---newResourceUnit--PLANNING_INDICATOR-arrow"},"wdio_ui5_key":"applicationmanageresources-display-component---newResourceUnit--PLANNING_INDICATOR-arrow"}]}
RESULT: {"script":"<script> [1562 bytes]","args":[{"selector":{"id":"application-manageresources-display-component---newResourceUnit--PLANNING_INDICATOR-arrow"},"wdio_ui5_key":"applicationmanageresources-display-component---newResourceUnit--PLANNING_INDICATOR-arrow"}]}
RESULT: undefined
COMMAND: POST /session/9ee8f14f10c6d21a9bd1d789b8b2e24e/element - {"using":"xpath","value":"//*[@id=\"application-manageresources-display-component---newResourceUnit--PLANNING_INDICATOR-arrow\"]"}
RESULT: {"using":"xpath","value":"//*[@id=\"application-manageresources-display-component---newResourceUnit--PLANNING_INDICATOR-arrow\"]"}
COMMAND: POST /session/9ee8f14f10c6d21a9bd1d789b8b2e24e/element/f.F4456A30B5DD81BD5266FF5FFADC42DE.d.F9F463D9285EF7C4F76793BE3B84F568.e.9522/click - {}
RESULT: {}
COMMAND: POST /session/9ee8f14f10c6d21a9bd1d789b8b2e24e/execute/async - {"script":"<script> [1562 bytes]","args":[{"selector":{"controlType":"sap.m.StandardListItem","viewName":"reusables.view.manageresources.NewResourceUnit","viewId":"application-manageresources-display-component---newResourceUnit","properties":{"title":"10 - infinite"},"searchOpenDialogs":true,"interaction":{"idSuffix":"content"}},"wdio_ui5_key":"reusablesview.manageresources.NewResourceUnitsap.m.StandardListItem{\"title\":\"10 - infinite\"}"}]}
COMMAND: GET /session/9ee8f14f10c6d21a9bd1d789b8b2e24e/screenshot - {}
RESULT: {"script":"<script> [1562 bytes]","args":[{"selector":{"controlType":"sap.m.StandardListItem","viewName":"reusables.view.manageresources.NewResourceUnit","viewId":"application-manageresources-display-component---newResourceUnit","properties":{"title":"10 - infinite"},"searchOpenDialogs":true,"interaction":{"idSuffix":"content"}},"wdio_ui5_key":"reusablesview.manageresources.NewResourceUnitsap.m.StandardListItem{\"title\":\"10 - infinite\"}"}]}
RESULT: undefined
COMMAND: POST /session/9ee8f14f10c6d21a9bd1d789b8b2e24e/element - {"using":"xpath","value":"//*[@id=\"__item385\"]"}
RESULT: {}
RESULT: {"using":"xpath","value":"//*[@id=\"__item385\"]"}
COMMAND: POST /session/9ee8f14f10c6d21a9bd1d789b8b2e24e/element/f.F4456A30B5DD81BD5266FF5FFADC42DE.d.F9F463D9285EF7C4F76793BE3B84F568.e.9524/click - {}
RESULT: {}
COMMAND: GET /session/9ee8f14f10c6d21a9bd1d789b8b2e24e/screenshot - {}
RESULT: {}
COMMAND: POST /session/9ee8f14f10c6d21a9bd1d789b8b2e24e/element - {"using":"xpath","value":"//bdi[contains(text(), \"Time Segment\")]"}
RESULT: {"using":"xpath","value":"//bdi[contains(text(), \"Time Segment\")]"}
COMMAND: GET /session/9ee8f14f10c6d21a9bd1d789b8b2e24e/element/f.F4456A30B5DD81BD5266FF5FFADC42DE.d.F9F463D9285EF7C4F76793BE3B84F568.e.9525/rect - {}
RESULT: {}
COMMAND: GET /session/9ee8f14f10c6d21a9bd1d789b8b2e24e/window/rect - {}
RESULT: {}
COMMAND: POST /session/9ee8f14f10c6d21a9bd1d789b8b2e24e/execute/sync - {"script":"<script> [92 bytes]","args":[]}
RESULT: {"script":"<script> [92 bytes]","args":[]}
COMMAND: POST /session/9ee8f14f10c6d21a9bd1d789b8b2e24e/actions - {"actions":[{"id":"action29","type":"wheel","parameters":{},"actions":[{"type":"scroll","x":-1820,"y":-21,"deltaX":0,"deltaY":0,"duration":0,"origin":{"element-6066-11e4-a52e-4f735466cecf":"f.F4456A30B5DD81BD5266FF5FFADC42DE.d.F9F463D9285EF7C4F76793BE3B84F568.e.9525"}}]}]}
COMMAND: GET /session/9ee8f14f10c6d21a9bd1d789b8b2e24e/screenshot - {}
RESULT: {}
COMMAND: POST /session/9ee8f14f10c6d21a9bd1d789b8b2e24e/execute/sync - {"script":"<script> [79 bytes]","args":[{"element-6066-11e4-a52e-4f735466cecf":"f.F4456A30B5DD81BD5266FF5FFADC42DE.d.F9F463D9285EF7C4F76793BE3B84F568.e.9525","ELEMENT":"f.F4456A30B5DD81BD5266FF5FFADC42DE.d.F9F463D9285EF7C4F76793BE3B84F568.e.9525"},{"block":"start","inline":"nearest"}]}
RESULT: {"script":"<script> [79 bytes]","args":[{"element-6066-11e4-a52e-4f735466cecf":"f.F4456A30B5DD81BD5266FF5FFADC42DE.d.F9F463D9285EF7C4F76793BE3B84F568.e.9525","ELEMENT":"f.F4456A30B5DD81BD5266FF5FFADC42DE.d.F9F463D9285EF7C4F76793BE3B84F568.e.9525"},{"block":"start","inline":"nearest"}]}
COMMAND: GET /session/9ee8f14f10c6d21a9bd1d789b8b2e24e/screenshot - {}
RESULT: {}
COMMAND: POST /session/9ee8f14f10c6d21a9bd1d789b8b2e24e/element - {"using":"xpath","value":"//span[@id=\"application-manageresources-display-component---newResourceUnit--btnAddTimeSegment-img\"]"}
RESULT: {"using":"xpath","value":"//span[@id=\"application-manageresources-display-component---newResourceUnit--btnAddTimeSegment-img\"]"}
COMMAND: POST /session/9ee8f14f10c6d21a9bd1d789b8b2e24e/execute/sync - {"script":"<script> [8489 bytes]","args":[{"element-6066-11e4-a52e-4f735466cecf":"f.F4456A30B5DD81BD5266FF5FFADC42DE.d.F9F463D9285EF7C4F76793BE3B84F568.e.9528","ELEMENT":"f.F4456A30B5DD81BD5266FF5FFADC42DE.d.F9F463D9285EF7C4F76793BE3B84F568.e.9528"}]}
RESULT: {"script":"<script> [8489 bytes]","args":[{"element-6066-11e4-a52e-4f735466cecf":"f.F4456A30B5DD81BD5266FF5FFADC42DE.d.F9F463D9285EF7C4F76793BE3B84F568.e.9528","ELEMENT":"f.F4456A30B5DD81BD5266FF5FFADC42DE.d.F9F463D9285EF7C4F76793BE3B84F568.e.9528"}]}
COMMAND: POST /session/9ee8f14f10c6d21a9bd1d789b8b2e24e/element/f.F4456A30B5DD81BD5266FF5FFADC42DE.d.F9F463D9285EF7C4F76793BE3B84F568.e.9528/click - {}
COMMAND: GET /session/9ee8f14f10c6d21a9bd1d789b8b2e24e/screenshot - {}
RESULT: {}
COMMAND: GET /session/9ee8f14f10c6d21a9bd1d789b8b2e24e/screenshot - {}
COMMAND: POST /session/9ee8f14f10c6d21a9bd1d789b8b2e24e/element - {"using":"xpath","value":"//input[@id=\"application-manageresources-display-component---newResourceUnit--idRuTSAdmin-application-manageresources-display-component---newResourceUnit--RUTimeSegment-0-inner\"]"}
RESULT: {}
RESULT: {}
RESULT: {"using":"xpath","value":"//input[@id=\"application-manageresources-display-component---newResourceUnit--idRuTSAdmin-application-manageresources-display-component---newResourceUnit--RUTimeSegment-0-inner\"]"}
COMMAND: POST /session/9ee8f14f10c6d21a9bd1d789b8b2e24e/element/f.F4456A30B5DD81BD5266FF5FFADC42DE.d.F9F463D9285EF7C4F76793BE3B84F568.e.9531/clear - {}
RESULT: {}
COMMAND: POST /session/9ee8f14f10c6d21a9bd1d789b8b2e24e/element/f.F4456A30B5DD81BD5266FF5FFADC42DE.d.F9F463D9285EF7C4F76793BE3B84F568.e.9531/value - {"text":"WebdriverWHMYard4rpo"}
COMMAND: GET /session/9ee8f14f10c6d21a9bd1d789b8b2e24e/screenshot - {}
RESULT: {"text":"WebdriverWHMYard4rpo"}
COMMAND: GET /session/9ee8f14f10c6d21a9bd1d789b8b2e24e/screenshot - {}
RESULT: {}
RESULT: {}
COMMAND: POST /session/9ee8f14f10c6d21a9bd1d789b8b2e24e/actions - {"actions":[{"id":"action30","type":"key","parameters":{},"actions":[{"type":"keyDown","value":"î€‡"},{"type":"pause","duration":10},{"type":"keyUp","value":"î€‡"}]}]}
RESULT: {"actions":[{"id":"action30","type":"key","parameters":{},"actions":[{"type":"keyDown","value":"î€‡"},{"type":"pause","duration":10},{"type":"keyUp","value":"î€‡"}]}]}
COMMAND: GET /session/9ee8f14f10c6d21a9bd1d789b8b2e24e/screenshot - {}
RESULT: {}
COMMAND: POST /session/9ee8f14f10c6d21a9bd1d789b8b2e24e/execute/async - {"script":"<script> [1562 bytes]","args":[{"selector":{"controlType":"sap.m.Button","viewName":"reusables.view.manageresources.NewResourceUnit","viewId":"application-manageresources-display-component---newResourceUnit","i18NText":{"propertyName":"tooltip","key":"save"},"interaction":{"idSuffix":"BDI-content"}},"wdio_ui5_key":"reusablesview.manageresources.NewResourceUnitsap.m.Button{\"propertyName\":\"tooltip\",\"key\":\"save\"}"}]}
RESULT: {"script":"<script> [1562 bytes]","args":[{"selector":{"controlType":"sap.m.Button","viewName":"reusables.view.manageresources.NewResourceUnit","viewId":"application-manageresources-display-component---newResourceUnit","i18NText":{"propertyName":"tooltip","key":"save"},"interaction":{"idSuffix":"BDI-content"}},"wdio_ui5_key":"reusablesview.manageresources.NewResourceUnitsap.m.Button{\"propertyName\":\"tooltip\",\"key\":\"save\"}"}]}
RESULT: undefined
COMMAND: POST /session/9ee8f14f10c6d21a9bd1d789b8b2e24e/element - {"using":"xpath","value":"//*[@id=\"application-manageresources-display-component---newResourceUnit--createRuButton\"]"}
RESULT: {"using":"xpath","value":"//*[@id=\"application-manageresources-display-component---newResourceUnit--createRuButton\"]"}
COMMAND: POST /session/9ee8f14f10c6d21a9bd1d789b8b2e24e/element/f.F4456A30B5DD81BD5266FF5FFADC42DE.d.F9F463D9285EF7C4F76793BE3B84F568.e.9457/click - {}
RESULT: {}
COMMAND: GET /session/9ee8f14f10c6d21a9bd1d789b8b2e24e/screenshot - {}
RESULT: {}
COMMAND: POST /session/9ee8f14f10c6d21a9bd1d789b8b2e24e/execute/async - {"script":"<script> [1562 bytes]","args":[{"selector":{"controlType":"sap.m.Title","properties":{"text":"Success"},"searchOpenDialogs":true},"wdio_ui5_key":"sapm.Title{\"text\":\"Success\"}"}]}
RESULT: {"script":"<script> [1562 bytes]","args":[{"selector":{"controlType":"sap.m.Title","properties":{"text":"Success"},"searchOpenDialogs":true},"wdio_ui5_key":"sapm.Title{\"text\":\"Success\"}"}]}
RESULT: undefined
COMMAND: POST /session/9ee8f14f10c6d21a9bd1d789b8b2e24e/execute/async - {"script":"<script> [6424 bytes]","args":[{"element-6066-11e4-a52e-4f735466cecf":"f.F4456A30B5DD81BD5266FF5FFADC42DE.d.F9F463D9285EF7C4F76793BE3B84F568.e.9545"},"getText",[]]}
RESULT: {"script":"<script> [6424 bytes]","args":[{"element-6066-11e4-a52e-4f735466cecf":"f.F4456A30B5DD81BD5266FF5FFADC42DE.d.F9F463D9285EF7C4F76793BE3B84F568.e.9545"},"getText",[]]}
COMMAND: POST /session/9ee8f14f10c6d21a9bd1d789b8b2e24e/element - {"using":"xpath","value":"//*[contains(@id, '__text') and (contains(text(), 'successfully created') or contains(., 'successfully created'))]"}
RESULT: {"using":"xpath","value":"//*[contains(@id, '__text') and (contains(text(), 'successfully created') or contains(., 'successfully created'))]"}
COMMAND: GET /session/9ee8f14f10c6d21a9bd1d789b8b2e24e/element/f.F4456A30B5DD81BD5266FF5FFADC42DE.d.F9F463D9285EF7C4F76793BE3B84F568.e.9543/text - {}
RESULT: {}
COMMAND: POST /session/9ee8f14f10c6d21a9bd1d789b8b2e24e/execute/async - {"script":"<script> [1562 bytes]","args":[{"selector":{"controlType":"sap.m.Button","properties":{"text":"Close"},"searchOpenDialogs":true,"interaction":{"idSuffix":"BDI-content"}},"wdio_ui5_key":"sapm.Button{\"text\":\"Close\"}"}]}
RESULT: {"script":"<script> [1562 bytes]","args":[{"selector":{"controlType":"sap.m.Button","properties":{"text":"Close"},"searchOpenDialogs":true,"interaction":{"idSuffix":"BDI-content"}},"wdio_ui5_key":"sapm.Button{\"text\":\"Close\"}"}]}
RESULT: undefined
COMMAND: POST /session/9ee8f14f10c6d21a9bd1d789b8b2e24e/element - {"using":"xpath","value":"//*[@id=\"__mbox-btn-0\"]"}
RESULT: {"using":"xpath","value":"//*[@id=\"__mbox-btn-0\"]"}
COMMAND: POST /session/9ee8f14f10c6d21a9bd1d789b8b2e24e/element/f.F4456A30B5DD81BD5266FF5FFADC42DE.d.F9F463D9285EF7C4F76793BE3B84F568.e.9541/click - {}
RESULT: {}
COMMAND: GET /session/9ee8f14f10c6d21a9bd1d789b8b2e24e/screenshot - {}
RESULT: {}
COMMAND: POST /session/9ee8f14f10c6d21a9bd1d789b8b2e24e/execute/async - {"script":"<script> [1562 bytes]","args":[{"selector":{"controlType":"sap.ui.core.Icon","viewName":"etm.portal.ui.manageresources.view.Detail","viewId":"application-manageresources-display-component---detailRU","properties":{"src":{"regex":{"source":"overflow"}}}},"wdio_ui5_key":"etmportal.ui.manageresources.view.Detailsap.ui.core.Icon{\"src\":{\"regex\":{\"source\":\"overflow\"}}}"}]}
RESULT: {"script":"<script> [1562 bytes]","args":[{"selector":{"controlType":"sap.ui.core.Icon","viewName":"etm.portal.ui.manageresources.view.Detail","viewId":"application-manageresources-display-component---detailRU","properties":{"src":{"regex":{"source":"overflow"}}}},"wdio_ui5_key":"etmportal.ui.manageresources.view.Detailsap.ui.core.Icon{\"src\":{\"regex\":{\"source\":\"overflow\"}}}"}]}
RESULT: undefined
COMMAND: POST /session/9ee8f14f10c6d21a9bd1d789b8b2e24e/element - {"using":"xpath","value":"//*[@id=\"__title18-_actionsToolbar-overflowButton-img\"]"}
RESULT: {"using":"xpath","value":"//*[@id=\"__title18-_actionsToolbar-overflowButton-img\"]"}
COMMAND: POST /session/9ee8f14f10c6d21a9bd1d789b8b2e24e/element/f.F4456A30B5DD81BD5266FF5FFADC42DE.d.F9F463D9285EF7C4F76793BE3B84F568.e.9572/click - {}
RESULT: {}
COMMAND: POST /session/9ee8f14f10c6d21a9bd1d789b8b2e24e/execute/async - {"script":"<script> [1562 bytes]","args":[{"selector":{"controlType":"sap.m.Button","viewName":"etm.portal.ui.manageresources.view.Detail","viewId":"application-manageresources-display-component---detailRU","i18NText":{"propertyName":"tooltip","key":"closeColumn"},"searchOpenDialogs":true,"interaction":{"idSuffix":"inner"}},"wdio_ui5_key":"etmportal.ui.manageresources.view.Detailsap.m.Button{\"propertyName\":\"tooltip\",\"key\":\"closeColumn\"}"}]}
COMMAND: GET /session/9ee8f14f10c6d21a9bd1d789b8b2e24e/screenshot - {}
RESULT: {"script":"<script> [1562 bytes]","args":[{"selector":{"controlType":"sap.m.Button","viewName":"etm.portal.ui.manageresources.view.Detail","viewId":"application-manageresources-display-component---detailRU","i18NText":{"propertyName":"tooltip","key":"closeColumn"},"searchOpenDialogs":true,"interaction":{"idSuffix":"inner"}},"wdio_ui5_key":"etmportal.ui.manageresources.view.Detailsap.m.Button{\"propertyName\":\"tooltip\",\"key\":\"closeColumn\"}"}]}
RESULT: undefined
COMMAND: POST /session/9ee8f14f10c6d21a9bd1d789b8b2e24e/element - {"using":"xpath","value":"//*[@id=\"__button47\"]"}
RESULT: {}
RESULT: {"using":"xpath","value":"//*[@id=\"__button47\"]"}
COMMAND: POST /session/9ee8f14f10c6d21a9bd1d789b8b2e24e/element/f.F4456A30B5DD81BD5266FF5FFADC42DE.d.F9F463D9285EF7C4F76793BE3B84F568.e.9574/click - {}
RESULT: {}
COMMAND: GET /session/9ee8f14f10c6d21a9bd1d789b8b2e24e/screenshot - {}
RESULT: {}
COMMAND: POST /session/9ee8f14f10c6d21a9bd1d789b8b2e24e/refresh - {}
RESULT: {}
COMMAND: GET /session/9ee8f14f10c6d21a9bd1d789b8b2e24e/screenshot - {}
RESULT: {}
COMMAND: POST /session/9ee8f14f10c6d21a9bd1d789b8b2e24e/execute/async - {"script":"<script> [189 bytes]","args":[]}
RESULT: {"script":"<script> [189 bytes]","args":[]}
COMMAND: POST /session/9ee8f14f10c6d21a9bd1d789b8b2e24e/execute/async - {"script":"<script> [123 bytes]","args":[]}
RESULT: {"script":"<script> [123 bytes]","args":[]}
COMMAND: POST /session/9ee8f14f10c6d21a9bd1d789b8b2e24e/timeouts - {"script":"<number>"}
RESULT: {"script":"<number>"}
COMMAND: GET /session/9ee8f14f10c6d21a9bd1d789b8b2e24e/timeouts - {}
RESULT: {}
RESULT: undefined
COMMAND: POST /session/9ee8f14f10c6d21a9bd1d789b8b2e24e/execute/async - {"script":"<script> [2676 bytes]","args":[]}
RESULT: {"script":"<script> [2676 bytes]","args":[]}
COMMAND: POST /session/9ee8f14f10c6d21a9bd1d789b8b2e24e/execute/async - {"script":"<script> [2342 bytes]","args":[{"protocol":"http","hostname":"0.0.0.0","path":"/","capabilities":{"browserName":"chrome","goog:chromeOptions":{"binary":"C:\\Program Files\\Google\\Chrome\\Application\\chrome.exe","args":["--start-maximized"]}},"logLevel":"warn","connectionRetryTimeout":120000,"connectionRetryCount":3,"logLevels":{},"enableDirectConnect":true,"strictSSL":true,"_":"65 more keys: [\"cacheDir\",\"port\",\"requestedCapabilities\",\"automationProtocol\",\"baseUrl\",\"waitforInterval\",\"waitforTimeout\",\"onReload\",\"beforeCommand\",\"afterCommand\",\"rootDir\",\"specs\",\"suites\",\"exclude\",\"groupLogsByTestSpec\",\"excludeDriverLogs\",\"bail\",\"framework\",\"reporters\",\"services\",\"maxInstances\",\"maxInstancesPerCapability\",\"injectGlobals\",\"filesToWatch\",\"execArgv\",\"runnerEnv\",\"runner\",\"shard\",\"specFileRetries\",\"specFileRetriesDelay\",\"specFileRetriesDeferred\",\"reporterSyncInterval\",\"reporterSyncTimeout\",\"cucumberFeaturesWithLineNumbers\",\"autoCompileOpts\",\"mochaOpts\",\"jasmineOpts\",\"cucumberOpts\",\"onPrepare\",\"onWorkerStart\",\"onWorkerEnd\",\"before\",\"beforeSession\",\"beforeSuite\",\"beforeHook\",\"beforeTest\",\"afterTest\",\"afterHook\",\"afterSuite\",\"afterSession\",\"after\",\"onComplete\",\"beforeAssertion\",\"afterAssertion\",\"beforeFeature\",\"beforeScenario\",\"beforeStep\",\"afterStep\",\"afterScenario\",\"afterFeature\",\"_\",\"suite\",\"$0\",\"ignoredWorkerServices\",\"wdi5\"]"}]}
RESULT: {"script":"<script> [2342 bytes]","args":[{"protocol":"http","hostname":"0.0.0.0","path":"/","capabilities":{"browserName":"chrome","goog:chromeOptions":{"binary":"C:\\Program Files\\Google\\Chrome\\Application\\chrome.exe","args":["--start-maximized"]}},"logLevel":"warn","connectionRetryTimeout":120000,"connectionRetryCount":3,"logLevels":{},"enableDirectConnect":true,"strictSSL":true,"_":"65 more keys: [\"cacheDir\",\"port\",\"requestedCapabilities\",\"automationProtocol\",\"baseUrl\",\"waitforInterval\",\"waitforTimeout\",\"onReload\",\"beforeCommand\",\"afterCommand\",\"rootDir\",\"specs\",\"suites\",\"exclude\",\"groupLogsByTestSpec\",\"excludeDriverLogs\",\"bail\",\"framework\",\"reporters\",\"services\",\"maxInstances\",\"maxInstancesPerCapability\",\"injectGlobals\",\"filesToWatch\",\"execArgv\",\"runnerEnv\",\"runner\",\"shard\",\"specFileRetries\",\"specFileRetriesDelay\",\"specFileRetriesDeferred\",\"reporterSyncInterval\",\"reporterSyncTimeout\",\"cucumberFeaturesWithLineNumbers\",\"autoCompileOpts\",\"mochaOpts\",\"jasmineOpts\",\"cucumberOpts\",\"onPrepare\",\"onWorkerStart\",\"onWorkerEnd\",\"before\",\"beforeSession\",\"beforeSuite\",\"beforeHook\",\"beforeTest\",\"afterTest\",\"afterHook\",\"afterSuite\",\"afterSession\",\"after\",\"onComplete\",\"beforeAssertion\",\"afterAssertion\",\"beforeFeature\",\"beforeScenario\",\"beforeStep\",\"afterStep\",\"afterScenario\",\"afterFeature\",\"_\",\"suite\",\"$0\",\"ignoredWorkerServices\",\"wdi5\"]"}]}
COMMAND: POST /session/9ee8f14f10c6d21a9bd1d789b8b2e24e/execute/async - {"script":"<script> [21126 bytes]","args":[35000]}
RESULT: {"script":"<script> [21126 bytes]","args":[35000]}
COMMAND: POST /session/9ee8f14f10c6d21a9bd1d789b8b2e24e/element - {"using":"css selector","value":"#shell-header-logo"}
RESULT: {"using":"css selector","value":"#shell-header-logo"}
COMMAND: POST /session/9ee8f14f10c6d21a9bd1d789b8b2e24e/element/f.F4456A30B5DD81BD5266FF5FFADC42DE.d.439E54A62002AF3DAEF145BF4546ACAC.e.9804/click - {}
RESULT: {}
COMMAND: GET /session/9ee8f14f10c6d21a9bd1d789b8b2e24e/screenshot - {}
COMMAND: POST /session/9ee8f14f10c6d21a9bd1d789b8b2e24e/element - {"using":"css selector","value":"#shell-header-logo"}
RESULT: {}
RESULT: {"using":"css selector","value":"#shell-header-logo"}
COMMAND: POST /session/9ee8f14f10c6d21a9bd1d789b8b2e24e/element/f.F4456A30B5DD81BD5266FF5FFADC42DE.d.439E54A62002AF3DAEF145BF4546ACAC.e.9981/click - {}
RESULT: {}
COMMAND: GET /session/9ee8f14f10c6d21a9bd1d789b8b2e24e/screenshot - {}
RESULT: {}
]]></system-out>
    </testcase>
    <testcase classname="chrome.135_0_7049_96.windows.Warehouse_movements_inventory_test" name="Should do a stock increase handover" time="75.627">
      <system-out><![CDATA[
COMMAND: POST /session/9ee8f14f10c6d21a9bd1d789b8b2e24e/execute/async - {"script":"<script> [1562 bytes]","args":[{"selector":{"controlType":"sap.m.Text","viewName":"etm.portal.ui.managehandoverstile.view.Master","properties":{"text":"Manage Handovers"},"interaction":{"idSuffix":"inner"}},"wdio_ui5_key":"etmportal.ui.managehandoverstile.view.Mastersap.m.Text{\"text\":\"Manage Handovers\"}"}]}
RESULT: {"script":"<script> [1562 bytes]","args":[{"selector":{"controlType":"sap.m.Text","viewName":"etm.portal.ui.managehandoverstile.view.Master","properties":{"text":"Manage Handovers"},"interaction":{"idSuffix":"inner"}},"wdio_ui5_key":"etmportal.ui.managehandoverstile.view.Mastersap.m.Text{\"text\":\"Manage Handovers\"}"}]}
RESULT: undefined
COMMAND: POST /session/9ee8f14f10c6d21a9bd1d789b8b2e24e/element - {"using":"xpath","value":"//*[@id=\"__tile132-title\"]"}
RESULT: {"using":"xpath","value":"//*[@id=\"__tile132-title\"]"}
COMMAND: POST /session/9ee8f14f10c6d21a9bd1d789b8b2e24e/element/f.F4456A30B5DD81BD5266FF5FFADC42DE.d.439E54A62002AF3DAEF145BF4546ACAC.e.9994/click - {}
RESULT: {}
COMMAND: GET /session/9ee8f14f10c6d21a9bd1d789b8b2e24e/screenshot - {}
RESULT: {}
COMMAND: POST /session/9ee8f14f10c6d21a9bd1d789b8b2e24e/element - {"using":"xpath","value":"//button[(@data-kt = 'masterHOAddButton')]"}
RESULT: {"using":"xpath","value":"//button[(@data-kt = 'masterHOAddButton')]"}
COMMAND: POST /session/9ee8f14f10c6d21a9bd1d789b8b2e24e/element/f.F4456A30B5DD81BD5266FF5FFADC42DE.d.439E54A62002AF3DAEF145BF4546ACAC.e.10036/click - {}
RESULT: {}
COMMAND: GET /session/9ee8f14f10c6d21a9bd1d789b8b2e24e/screenshot - {}
RESULT: {}
COMMAND: POST /session/9ee8f14f10c6d21a9bd1d789b8b2e24e/element - {"using":"xpath","value":"//span[contains(@id ,\"AddNewHO--typeSelect-arrow\")]"}
RESULT: {"using":"xpath","value":"//span[contains(@id ,\"AddNewHO--typeSelect-arrow\")]"}
COMMAND: POST /session/9ee8f14f10c6d21a9bd1d789b8b2e24e/element/f.F4456A30B5DD81BD5266FF5FFADC42DE.d.439E54A62002AF3DAEF145BF4546ACAC.e.10328/click - {}
RESULT: {}
COMMAND: POST /session/9ee8f14f10c6d21a9bd1d789b8b2e24e/element - {"using":"xpath","value":"(//li[contains(text(), \"stock increase yard\")])[1]"}
COMMAND: GET /session/9ee8f14f10c6d21a9bd1d789b8b2e24e/screenshot - {}
RESULT: {"using":"xpath","value":"(//li[contains(text(), \"stock increase yard\")])[1]"}
COMMAND: POST /session/9ee8f14f10c6d21a9bd1d789b8b2e24e/element/f.F4456A30B5DD81BD5266FF5FFADC42DE.d.439E54A62002AF3DAEF145BF4546ACAC.e.10329/click - {}
RESULT: {}
RESULT: {}
COMMAND: GET /session/9ee8f14f10c6d21a9bd1d789b8b2e24e/screenshot - {}
RESULT: {}
COMMAND: POST /session/9ee8f14f10c6d21a9bd1d789b8b2e24e/execute/async - {"script":"<script> [1562 bytes]","args":[{"selector":{"id":"application-managehandovers-display-component---AddNewHO--dueDate","interaction":{"idSuffix":"inner"}},"wdio_ui5_key":"applicationmanagehandovers-display-component---AddNewHO--dueDate"}]}
RESULT: {"script":"<script> [1562 bytes]","args":[{"selector":{"id":"application-managehandovers-display-component---AddNewHO--dueDate","interaction":{"idSuffix":"inner"}},"wdio_ui5_key":"applicationmanagehandovers-display-component---AddNewHO--dueDate"}]}
RESULT: undefined
COMMAND: POST /session/9ee8f14f10c6d21a9bd1d789b8b2e24e/execute/async - {"script":"<script> [6424 bytes]","args":[{"element-6066-11e4-a52e-4f735466cecf":"f.F4456A30B5DD81BD5266FF5FFADC42DE.d.439E54A62002AF3DAEF145BF4546ACAC.e.10331"},"setValue",["05/04/2025"]]}
RESULT: {"script":"<script> [6424 bytes]","args":[{"element-6066-11e4-a52e-4f735466cecf":"f.F4456A30B5DD81BD5266FF5FFADC42DE.d.439E54A62002AF3DAEF145BF4546ACAC.e.10331"},"setValue",["05/04/2025"]]}
COMMAND: POST /session/9ee8f14f10c6d21a9bd1d789b8b2e24e/element - {"using":"xpath","value":"//input[@id=\"generalSectionFrg--receiveYard-inner\"]"}
RESULT: {"using":"xpath","value":"//input[@id=\"generalSectionFrg--receiveYard-inner\"]"}
COMMAND: POST /session/9ee8f14f10c6d21a9bd1d789b8b2e24e/element/f.F4456A30B5DD81BD5266FF5FFADC42DE.d.439E54A62002AF3DAEF145BF4546ACAC.e.10337/clear - {}
RESULT: {}
COMMAND: POST /session/9ee8f14f10c6d21a9bd1d789b8b2e24e/element/f.F4456A30B5DD81BD5266FF5FFADC42DE.d.439E54A62002AF3DAEF145BF4546ACAC.e.10337/value - {"text":"WebdriverWHMYard4rpo"}
COMMAND: GET /session/9ee8f14f10c6d21a9bd1d789b8b2e24e/screenshot - {}
RESULT: {"text":"WebdriverWHMYard4rpo"}
COMMAND: GET /session/9ee8f14f10c6d21a9bd1d789b8b2e24e/screenshot - {}
RESULT: {}
RESULT: {}
COMMAND: POST /session/9ee8f14f10c6d21a9bd1d789b8b2e24e/execute/async - {"script":"<script> [1562 bytes]","args":[{"selector":{"id":"application-managehandovers-display-component---AddNewHO--ObjectPageLayout-anchBar-application-managehandovers-display-component---AddNewHO--section4-anchor","interaction":{"idSuffix":"BDI-content"}},"wdio_ui5_key":"applicationmanagehandovers-display-component---AddNewHO--ObjectPageLayout-anchBar-application-managehandovers-display-component---AddNewHO--section4-anchor"}]}
RESULT: {"script":"<script> [1562 bytes]","args":[{"selector":{"id":"application-managehandovers-display-component---AddNewHO--ObjectPageLayout-anchBar-application-managehandovers-display-component---AddNewHO--section4-anchor","interaction":{"idSuffix":"BDI-content"}},"wdio_ui5_key":"applicationmanagehandovers-display-component---AddNewHO--ObjectPageLayout-anchBar-application-managehandovers-display-component---AddNewHO--section4-anchor"}]}
RESULT: undefined
COMMAND: POST /session/9ee8f14f10c6d21a9bd1d789b8b2e24e/element - {"using":"xpath","value":"//*[@id=\"application-managehandovers-display-component---AddNewHO--ObjectPageLayout-anchBar-application-managehandovers-display-component---AddNewHO--section4-anchor\"]"}
RESULT: {"using":"xpath","value":"//*[@id=\"application-managehandovers-display-component---AddNewHO--ObjectPageLayout-anchBar-application-managehandovers-display-component---AddNewHO--section4-anchor\"]"}
COMMAND: POST /session/9ee8f14f10c6d21a9bd1d789b8b2e24e/element/f.F4456A30B5DD81BD5266FF5FFADC42DE.d.439E54A62002AF3DAEF145BF4546ACAC.e.10357/click - {}
RESULT: {}
COMMAND: GET /session/9ee8f14f10c6d21a9bd1d789b8b2e24e/screenshot - {}
RESULT: {}
COMMAND: POST /session/9ee8f14f10c6d21a9bd1d789b8b2e24e/element - {"using":"xpath","value":"//button[@aria-label=\"Add\"]"}
RESULT: {"using":"xpath","value":"//button[@aria-label=\"Add\"]"}
COMMAND: POST /session/9ee8f14f10c6d21a9bd1d789b8b2e24e/element/f.F4456A30B5DD81BD5266FF5FFADC42DE.d.439E54A62002AF3DAEF145BF4546ACAC.e.10361/click - {}
RESULT: {}
COMMAND: GET /session/9ee8f14f10c6d21a9bd1d789b8b2e24e/screenshot - {}
RESULT: {}
COMMAND: POST /session/9ee8f14f10c6d21a9bd1d789b8b2e24e/execute/async - {"script":"<script> [1562 bytes]","args":[{"selector":{"id":"application-managehandovers-display-component---AddNewHO--smartFilterBar-btnBasicSearch","searchOpenDialogs":true,"interaction":{"idSuffix":"I"}},"wdio_ui5_key":"applicationmanagehandovers-display-component---AddNewHO--smartFilterBar-btnBasicSearch"}]}
RESULT: {"script":"<script> [1562 bytes]","args":[{"selector":{"id":"application-managehandovers-display-component---AddNewHO--smartFilterBar-btnBasicSearch","searchOpenDialogs":true,"interaction":{"idSuffix":"I"}},"wdio_ui5_key":"applicationmanagehandovers-display-component---AddNewHO--smartFilterBar-btnBasicSearch"}]}
RESULT: undefined
COMMAND: POST /session/9ee8f14f10c6d21a9bd1d789b8b2e24e/execute/async - {"script":"<script> [776 bytes]","args":[{"enterText":"WebdriverRUR2Ccrrf9k","selector":{"id":"application-managehandovers-display-component---AddNewHO--smartFilterBar-btnBasicSearch","searchOpenDialogs":true,"interaction":{"idSuffix":"I"}},"clearTextFirst":true,"interactionType":"ENTER_TEXT"}]}
RESULT: {"script":"<script> [776 bytes]","args":[{"enterText":"WebdriverRUR2Ccrrf9k","selector":{"id":"application-managehandovers-display-component---AddNewHO--smartFilterBar-btnBasicSearch","searchOpenDialogs":true,"interaction":{"idSuffix":"I"}},"clearTextFirst":true,"interactionType":"ENTER_TEXT"}]}
COMMAND: POST /session/9ee8f14f10c6d21a9bd1d789b8b2e24e/actions - {"actions":[{"id":"action31","type":"key","parameters":{},"actions":[{"type":"keyDown","value":"î€‡"},{"type":"pause","duration":10},{"type":"keyUp","value":"î€‡"}]}]}
RESULT: {"actions":[{"id":"action31","type":"key","parameters":{},"actions":[{"type":"keyDown","value":"î€‡"},{"type":"pause","duration":10},{"type":"keyUp","value":"î€‡"}]}]}
COMMAND: POST /session/9ee8f14f10c6d21a9bd1d789b8b2e24e/execute/async - {"script":"<script> [1562 bytes]","args":[{"selector":{"id":"application-managehandovers-display-component---AddNewHO--popup-sa","searchOpenDialogs":true,"interaction":{"idSuffix":"CbBg"}},"wdio_ui5_key":"applicationmanagehandovers-display-component---AddNewHO--popup-sa"}]}
COMMAND: GET /session/9ee8f14f10c6d21a9bd1d789b8b2e24e/screenshot - {}
RESULT: {"script":"<script> [1562 bytes]","args":[{"selector":{"id":"application-managehandovers-display-component---AddNewHO--popup-sa","searchOpenDialogs":true,"interaction":{"idSuffix":"CbBg"}},"wdio_ui5_key":"applicationmanagehandovers-display-component---AddNewHO--popup-sa"}]}
RESULT: undefined
COMMAND: POST /session/9ee8f14f10c6d21a9bd1d789b8b2e24e/element - {"using":"xpath","value":"//*[@id=\"application-managehandovers-display-component---AddNewHO--popup-sa\"]"}
RESULT: {}
RESULT: {"using":"xpath","value":"//*[@id=\"application-managehandovers-display-component---AddNewHO--popup-sa\"]"}
COMMAND: POST /session/9ee8f14f10c6d21a9bd1d789b8b2e24e/element/f.F4456A30B5DD81BD5266FF5FFADC42DE.d.439E54A62002AF3DAEF145BF4546ACAC.e.10515/click - {}
RESULT: {}
COMMAND: GET /session/9ee8f14f10c6d21a9bd1d789b8b2e24e/screenshot - {}
RESULT: {}
COMMAND: POST /session/9ee8f14f10c6d21a9bd1d789b8b2e24e/element - {"using":"xpath","value":"//bdi[contains(text(), \"Select\")]"}
RESULT: {"using":"xpath","value":"//bdi[contains(text(), \"Select\")]"}
COMMAND: POST /session/9ee8f14f10c6d21a9bd1d789b8b2e24e/element/f.F4456A30B5DD81BD5266FF5FFADC42DE.d.439E54A62002AF3DAEF145BF4546ACAC.e.10516/click - {}
RESULT: {}
COMMAND: GET /session/9ee8f14f10c6d21a9bd1d789b8b2e24e/screenshot - {}
RESULT: {}
COMMAND: POST /session/9ee8f14f10c6d21a9bd1d789b8b2e24e/element - {"using":"xpath","value":"//button[@data-kt=\"AddNewHOSaveButton\"]"}
RESULT: {"using":"xpath","value":"//button[@data-kt=\"AddNewHOSaveButton\"]"}
COMMAND: POST /session/9ee8f14f10c6d21a9bd1d789b8b2e24e/element/f.F4456A30B5DD81BD5266FF5FFADC42DE.d.439E54A62002AF3DAEF145BF4546ACAC.e.10520/click - {}
RESULT: {}
COMMAND: GET /session/9ee8f14f10c6d21a9bd1d789b8b2e24e/screenshot - {}
RESULT: {}
COMMAND: POST /session/9ee8f14f10c6d21a9bd1d789b8b2e24e/execute/async - {"script":"<script> [1562 bytes]","args":[{"selector":{"id":"receiptDatePicker","viewName":"etm.portal.ui.managehandovers.view.DetailExecuteHO","interaction":{"idSuffix":"inner"}},"wdio_ui5_key":"receiptDatePickeretmportal.ui.managehandovers.view.DetailExecuteHO"}]}
RESULT: {"script":"<script> [1562 bytes]","args":[{"selector":{"id":"receiptDatePicker","viewName":"etm.portal.ui.managehandovers.view.DetailExecuteHO","interaction":{"idSuffix":"inner"}},"wdio_ui5_key":"receiptDatePickeretmportal.ui.managehandovers.view.DetailExecuteHO"}]}
RESULT: undefined
COMMAND: POST /session/9ee8f14f10c6d21a9bd1d789b8b2e24e/execute/async - {"script":"<script> [6424 bytes]","args":[{"element-6066-11e4-a52e-4f735466cecf":"f.F4456A30B5DD81BD5266FF5FFADC42DE.d.439E54A62002AF3DAEF145BF4546ACAC.e.10551"},"setValue",["05/04/2025"]]}
RESULT: {"script":"<script> [6424 bytes]","args":[{"element-6066-11e4-a52e-4f735466cecf":"f.F4456A30B5DD81BD5266FF5FFADC42DE.d.439E54A62002AF3DAEF145BF4546ACAC.e.10551"},"setValue",["05/04/2025"]]}
COMMAND: POST /session/9ee8f14f10c6d21a9bd1d789b8b2e24e/element - {"using":"xpath","value":"//button[@data-kt=\"PickingTableConfirmAllButton\"]"}
RESULT: {"using":"xpath","value":"//button[@data-kt=\"PickingTableConfirmAllButton\"]"}
COMMAND: POST /session/9ee8f14f10c6d21a9bd1d789b8b2e24e/element/f.F4456A30B5DD81BD5266FF5FFADC42DE.d.439E54A62002AF3DAEF145BF4546ACAC.e.10569/click - {}
RESULT: {}
COMMAND: GET /session/9ee8f14f10c6d21a9bd1d789b8b2e24e/screenshot - {}
RESULT: {}
COMMAND: POST /session/9ee8f14f10c6d21a9bd1d789b8b2e24e/element - {"using":"xpath","value":"//bdi[contains(text(), \"OK\")]"}
RESULT: {"using":"xpath","value":"//bdi[contains(text(), \"OK\")]"}
COMMAND: POST /session/9ee8f14f10c6d21a9bd1d789b8b2e24e/element/f.F4456A30B5DD81BD5266FF5FFADC42DE.d.439E54A62002AF3DAEF145BF4546ACAC.e.10571/click - {}
RESULT: {}
COMMAND: GET /session/9ee8f14f10c6d21a9bd1d789b8b2e24e/screenshot - {}
RESULT: {}
COMMAND: POST /session/9ee8f14f10c6d21a9bd1d789b8b2e24e/element - {"using":"xpath","value":"(//bdi[contains(text(), \"Receive\")])[2]"}
RESULT: {"using":"xpath","value":"(//bdi[contains(text(), \"Receive\")])[2]"}
COMMAND: POST /session/9ee8f14f10c6d21a9bd1d789b8b2e24e/element/f.F4456A30B5DD81BD5266FF5FFADC42DE.d.439E54A62002AF3DAEF145BF4546ACAC.e.10573/click - {}
RESULT: {}
COMMAND: GET /session/9ee8f14f10c6d21a9bd1d789b8b2e24e/screenshot - {}
RESULT: {}
COMMAND: POST /session/9ee8f14f10c6d21a9bd1d789b8b2e24e/element - {"using":"css selector","value":"#shell-header-logo"}
RESULT: {"using":"css selector","value":"#shell-header-logo"}
COMMAND: POST /session/9ee8f14f10c6d21a9bd1d789b8b2e24e/element/f.F4456A30B5DD81BD5266FF5FFADC42DE.d.439E54A62002AF3DAEF145BF4546ACAC.e.9981/click - {}
RESULT: {}
COMMAND: GET /session/9ee8f14f10c6d21a9bd1d789b8b2e24e/screenshot - {}
RESULT: {}
]]></system-out>
    </testcase>
    <testcase classname="chrome.135_0_7049_96.windows.Warehouse_movements_inventory_test" name="Verify the warehouse movement" time="40.903">
      <system-out><![CDATA[
COMMAND: POST /session/9ee8f14f10c6d21a9bd1d789b8b2e24e/execute/async - {"script":"<script> [1562 bytes]","args":[{"selector":{"controlType":"sap.m.GenericTile","properties":{"header":"Manage Warehouse Movements"}},"wdio_ui5_key":"sapm.GenericTile{\"header\":\"Manage Warehouse Movements\"}"}]}
RESULT: {"script":"<script> [1562 bytes]","args":[{"selector":{"controlType":"sap.m.GenericTile","properties":{"header":"Manage Warehouse Movements"}},"wdio_ui5_key":"sapm.GenericTile{\"header\":\"Manage Warehouse Movements\"}"}]}
RESULT: undefined
COMMAND: POST /session/9ee8f14f10c6d21a9bd1d789b8b2e24e/element - {"using":"xpath","value":"//*[@id=\"__tile105\"]"}
RESULT: {"using":"xpath","value":"//*[@id=\"__tile105\"]"}
COMMAND: POST /session/9ee8f14f10c6d21a9bd1d789b8b2e24e/element/f.F4456A30B5DD81BD5266FF5FFADC42DE.d.439E54A62002AF3DAEF145BF4546ACAC.e.10724/click - {}
RESULT: {}
COMMAND: GET /session/9ee8f14f10c6d21a9bd1d789b8b2e24e/screenshot - {}
RESULT: {}
COMMAND: POST /session/9ee8f14f10c6d21a9bd1d789b8b2e24e/execute/async - {"script":"<script> [1562 bytes]","args":[{"selector":{"id":"application-warehousemovements-display-component---warehouseMovements--smartFilterBar-filterItemControl_BASIC-YARD-vhi"},"wdio_ui5_key":"applicationwarehousemovements-display-component---warehouseMovements--smartFilterBar-filterItemControl_BASIC-YARD-vhi"}]}
RESULT: {"script":"<script> [1562 bytes]","args":[{"selector":{"id":"application-warehousemovements-display-component---warehouseMovements--smartFilterBar-filterItemControl_BASIC-YARD-vhi"},"wdio_ui5_key":"applicationwarehousemovements-display-component---warehouseMovements--smartFilterBar-filterItemControl_BASIC-YARD-vhi"}]}
RESULT: undefined
COMMAND: POST /session/9ee8f14f10c6d21a9bd1d789b8b2e24e/element - {"using":"xpath","value":"//*[@id=\"application-warehousemovements-display-component---warehouseMovements--smartFilterBar-filterItemControl_BASIC-YARD-vhi\"]"}
RESULT: {"using":"xpath","value":"//*[@id=\"application-warehousemovements-display-component---warehouseMovements--smartFilterBar-filterItemControl_BASIC-YARD-vhi\"]"}
COMMAND: POST /session/9ee8f14f10c6d21a9bd1d789b8b2e24e/element/f.F4456A30B5DD81BD5266FF5FFADC42DE.d.439E54A62002AF3DAEF145BF4546ACAC.e.10950/click - {}
RESULT: {}
COMMAND: GET /session/9ee8f14f10c6d21a9bd1d789b8b2e24e/screenshot - {}
RESULT: {}
COMMAND: POST /session/9ee8f14f10c6d21a9bd1d789b8b2e24e/execute/async - {"script":"<script> [1562 bytes]","args":[{"selector":{"id":"application-warehousemovements-display-component---warehouseMovements--smartFilterBar-filterItemControl_BASIC-YARD-valueHelpDialog-smartFilterBar-btnBasicSearch","searchOpenDialogs":true,"interaction":{"idSuffix":"I"}},"wdio_ui5_key":"applicationwarehousemovements-display-component---warehouseMovements--smartFilterBar-filterItemControl_BASIC-YARD-valueHelpDialog-smartFilterBar-btnBasicSearch"}]}
RESULT: {"script":"<script> [1562 bytes]","args":[{"selector":{"id":"application-warehousemovements-display-component---warehouseMovements--smartFilterBar-filterItemControl_BASIC-YARD-valueHelpDialog-smartFilterBar-btnBasicSearch","searchOpenDialogs":true,"interaction":{"idSuffix":"I"}},"wdio_ui5_key":"applicationwarehousemovements-display-component---warehouseMovements--smartFilterBar-filterItemControl_BASIC-YARD-valueHelpDialog-smartFilterBar-btnBasicSearch"}]}
RESULT: undefined
COMMAND: POST /session/9ee8f14f10c6d21a9bd1d789b8b2e24e/execute/async - {"script":"<script> [776 bytes]","args":[{"enterText":"WebdriverWHMYard4rpo","selector":{"id":"application-warehousemovements-display-component---warehouseMovements--smartFilterBar-filterItemControl_BASIC-YARD-valueHelpDialog-smartFilterBar-btnBasicSearch","searchOpenDialogs":true,"interaction":{"idSuffix":"I"}},"clearTextFirst":true,"interactionType":"ENTER_TEXT"}]}
RESULT: {"script":"<script> [776 bytes]","args":[{"enterText":"WebdriverWHMYard4rpo","selector":{"id":"application-warehousemovements-display-component---warehouseMovements--smartFilterBar-filterItemControl_BASIC-YARD-valueHelpDialog-smartFilterBar-btnBasicSearch","searchOpenDialogs":true,"interaction":{"idSuffix":"I"}},"clearTextFirst":true,"interactionType":"ENTER_TEXT"}]}
COMMAND: POST /session/9ee8f14f10c6d21a9bd1d789b8b2e24e/actions - {"actions":[{"id":"action32","type":"key","parameters":{},"actions":[{"type":"keyDown","value":"î€‡"},{"type":"pause","duration":10},{"type":"keyUp","value":"î€‡"}]}]}
RESULT: {"actions":[{"id":"action32","type":"key","parameters":{},"actions":[{"type":"keyDown","value":"î€‡"},{"type":"pause","duration":10},{"type":"keyUp","value":"î€‡"}]}]}
COMMAND: GET /session/9ee8f14f10c6d21a9bd1d789b8b2e24e/screenshot - {}
RESULT: {}
COMMAND: POST /session/9ee8f14f10c6d21a9bd1d789b8b2e24e/element - {"using":"xpath","value":"//div[@id='application-warehousemovements-display-component---warehouseMovements--smartFilterBar-filterItemControl_BASIC-YARD-valueHelpDialog-table-rowsel0']"}
RESULT: {"using":"xpath","value":"//div[@id='application-warehousemovements-display-component---warehouseMovements--smartFilterBar-filterItemControl_BASIC-YARD-valueHelpDialog-table-rowsel0']"}
COMMAND: POST /session/9ee8f14f10c6d21a9bd1d789b8b2e24e/element/f.F4456A30B5DD81BD5266FF5FFADC42DE.d.439E54A62002AF3DAEF145BF4546ACAC.e.10960/click - {}
RESULT: {}
COMMAND: POST /session/9ee8f14f10c6d21a9bd1d789b8b2e24e/execute/async - {"script":"<script> [1562 bytes]","args":[{"selector":{"id":"application-warehousemovements-display-component---warehouseMovements--smartFilterBar-filterItemControl_BASIC-YARD-valueHelpDialog-ok","searchOpenDialogs":true,"interaction":{"idSuffix":"BDI-content"}},"wdio_ui5_key":"applicationwarehousemovements-display-component---warehouseMovements--smartFilterBar-filterItemControl_BASIC-YARD-valueHelpDialog-ok"}]}
COMMAND: GET /session/9ee8f14f10c6d21a9bd1d789b8b2e24e/screenshot - {}
RESULT: {"script":"<script> [1562 bytes]","args":[{"selector":{"id":"application-warehousemovements-display-component---warehouseMovements--smartFilterBar-filterItemControl_BASIC-YARD-valueHelpDialog-ok","searchOpenDialogs":true,"interaction":{"idSuffix":"BDI-content"}},"wdio_ui5_key":"applicationwarehousemovements-display-component---warehouseMovements--smartFilterBar-filterItemControl_BASIC-YARD-valueHelpDialog-ok"}]}
RESULT: undefined
COMMAND: POST /session/9ee8f14f10c6d21a9bd1d789b8b2e24e/element - {"using":"xpath","value":"//*[@id=\"application-warehousemovements-display-component---warehouseMovements--smartFilterBar-filterItemControl_BASIC-YARD-valueHelpDialog-ok\"]"}
RESULT: {}
RESULT: {"using":"xpath","value":"//*[@id=\"application-warehousemovements-display-component---warehouseMovements--smartFilterBar-filterItemControl_BASIC-YARD-valueHelpDialog-ok\"]"}
COMMAND: POST /session/9ee8f14f10c6d21a9bd1d789b8b2e24e/element/f.F4456A30B5DD81BD5266FF5FFADC42DE.d.439E54A62002AF3DAEF145BF4546ACAC.e.10963/click - {}
RESULT: {}
COMMAND: POST /session/9ee8f14f10c6d21a9bd1d789b8b2e24e/execute/async - {"script":"<script> [1562 bytes]","args":[{"selector":{"controlType":"sap.ui.core.Icon","viewName":"etm.portal.ui.warehousemovements.view.MasterMovement","viewId":"application-warehousemovements-display-component---warehouseMovements","properties":{"src":{"regex":{"source":"add"}}}},"wdio_ui5_key":"etmportal.ui.warehousemovements.view.MasterMovementsap.ui.core.Icon{\"src\":{\"regex\":{\"source\":\"add\"}}}"}]}
COMMAND: GET /session/9ee8f14f10c6d21a9bd1d789b8b2e24e/screenshot - {}
RESULT: {"script":"<script> [1562 bytes]","args":[{"selector":{"controlType":"sap.ui.core.Icon","viewName":"etm.portal.ui.warehousemovements.view.MasterMovement","viewId":"application-warehousemovements-display-component---warehouseMovements","properties":{"src":{"regex":{"source":"add"}}}},"wdio_ui5_key":"etmportal.ui.warehousemovements.view.MasterMovementsap.ui.core.Icon{\"src\":{\"regex\":{\"source\":\"add\"}}}"}]}
RESULT: undefined
COMMAND: POST /session/9ee8f14f10c6d21a9bd1d789b8b2e24e/element - {"using":"xpath","value":"//*[@id=\"__button73-img\"]"}
RESULT: {}
RESULT: {"using":"xpath","value":"//*[@id=\"__button73-img\"]"}
COMMAND: POST /session/9ee8f14f10c6d21a9bd1d789b8b2e24e/element/f.F4456A30B5DD81BD5266FF5FFADC42DE.d.439E54A62002AF3DAEF145BF4546ACAC.e.10786/click - {}
RESULT: {}
COMMAND: POST /session/9ee8f14f10c6d21a9bd1d789b8b2e24e/element - {"using":"xpath","value":"//input[contains(@id ,\"application-warehousemovements-display-component---addMovement--sectionsList-inner\")]"}
COMMAND: GET /session/9ee8f14f10c6d21a9bd1d789b8b2e24e/screenshot - {}
RESULT: {"using":"xpath","value":"//input[contains(@id ,\"application-warehousemovements-display-component---addMovement--sectionsList-inner\")]"}
COMMAND: POST /session/9ee8f14f10c6d21a9bd1d789b8b2e24e/elements - {"using":"xpath","value":"//input[contains(@id ,\"application-warehousemovements-display-component---addMovement--sectionsList-inner\")]"}
RESULT: {}
RESULT: {"using":"xpath","value":"//input[contains(@id ,\"application-warehousemovements-display-component---addMovement--sectionsList-inner\")]"}
COMMAND: POST /session/9ee8f14f10c6d21a9bd1d789b8b2e24e/element - {"using":"xpath","value":"//input[contains(@id ,\"application-warehousemovements-display-component---addMovement--sectionsList-inner\")]"}
RESULT: {"using":"xpath","value":"//input[contains(@id ,\"application-warehousemovements-display-component---addMovement--sectionsList-inner\")]"}
COMMAND: POST /session/9ee8f14f10c6d21a9bd1d789b8b2e24e/element/f.F4456A30B5DD81BD5266FF5FFADC42DE.d.439E54A62002AF3DAEF145BF4546ACAC.e.11028/clear - {}
RESULT: {}
COMMAND: POST /session/9ee8f14f10c6d21a9bd1d789b8b2e24e/element/f.F4456A30B5DD81BD5266FF5FFADC42DE.d.439E54A62002AF3DAEF145BF4546ACAC.e.11028/value - {"text":"Secw9jvy"}
COMMAND: GET /session/9ee8f14f10c6d21a9bd1d789b8b2e24e/screenshot - {}
RESULT: {"text":"Secw9jvy"}
COMMAND: GET /session/9ee8f14f10c6d21a9bd1d789b8b2e24e/screenshot - {}
RESULT: {}
RESULT: {}
COMMAND: POST /session/9ee8f14f10c6d21a9bd1d789b8b2e24e/actions - {"actions":[{"id":"action33","type":"key","parameters":{},"actions":[{"type":"keyDown","value":"î€‡"},{"type":"pause","duration":10},{"type":"keyUp","value":"î€‡"}]}]}
RESULT: {"actions":[{"id":"action33","type":"key","parameters":{},"actions":[{"type":"keyDown","value":"î€‡"},{"type":"pause","duration":10},{"type":"keyUp","value":"î€‡"}]}]}
COMMAND: GET /session/9ee8f14f10c6d21a9bd1d789b8b2e24e/screenshot - {}
RESULT: {}
COMMAND: POST /session/9ee8f14f10c6d21a9bd1d789b8b2e24e/execute/async - {"script":"<script> [1562 bytes]","args":[{"selector":{"id":"application-warehousemovements-display-component---addMovement--addItem-img"},"wdio_ui5_key":"applicationwarehousemovements-display-component---addMovement--addItem-img"}]}
RESULT: {"script":"<script> [1562 bytes]","args":[{"selector":{"id":"application-warehousemovements-display-component---addMovement--addItem-img"},"wdio_ui5_key":"applicationwarehousemovements-display-component---addMovement--addItem-img"}]}
RESULT: undefined
COMMAND: POST /session/9ee8f14f10c6d21a9bd1d789b8b2e24e/element - {"using":"xpath","value":"//*[@id=\"application-warehousemovements-display-component---addMovement--addItem-img\"]"}
RESULT: {"using":"xpath","value":"//*[@id=\"application-warehousemovements-display-component---addMovement--addItem-img\"]"}
COMMAND: POST /session/9ee8f14f10c6d21a9bd1d789b8b2e24e/element/f.F4456A30B5DD81BD5266FF5FFADC42DE.d.439E54A62002AF3DAEF145BF4546ACAC.e.11012/click - {}
RESULT: {}
COMMAND: POST /session/9ee8f14f10c6d21a9bd1d789b8b2e24e/execute/async - {"script":"<script> [1562 bytes]","args":[{"selector":{"id":"movementItemsPopUp--invSearch","searchOpenDialogs":true,"interaction":{"idSuffix":"I"}},"wdio_ui5_key":"movementItemsPopUpinvSearch"}]}
COMMAND: GET /session/9ee8f14f10c6d21a9bd1d789b8b2e24e/screenshot - {}
RESULT: {"script":"<script> [1562 bytes]","args":[{"selector":{"id":"movementItemsPopUp--invSearch","searchOpenDialogs":true,"interaction":{"idSuffix":"I"}},"wdio_ui5_key":"movementItemsPopUpinvSearch"}]}
RESULT: undefined
COMMAND: POST /session/9ee8f14f10c6d21a9bd1d789b8b2e24e/execute/async - {"script":"<script> [776 bytes]","args":[{"enterText":"WebdriverRUR2Ccrrf9k","selector":{"id":"movementItemsPopUp--invSearch","searchOpenDialogs":true,"interaction":{"idSuffix":"I"}},"clearTextFirst":true,"interactionType":"ENTER_TEXT"}]}
RESULT: {}
RESULT: {"script":"<script> [776 bytes]","args":[{"enterText":"WebdriverRUR2Ccrrf9k","selector":{"id":"movementItemsPopUp--invSearch","searchOpenDialogs":true,"interaction":{"idSuffix":"I"}},"clearTextFirst":true,"interactionType":"ENTER_TEXT"}]}
COMMAND: POST /session/9ee8f14f10c6d21a9bd1d789b8b2e24e/execute/async - {"script":"<script> [1562 bytes]","args":[{"selector":{"id":"movementItemsPopUp--movementItemsTable-sa","searchOpenDialogs":true,"interaction":{"idSuffix":"CbBg"}},"wdio_ui5_key":"movementItemsPopUpmovementItemsTable-sa"}]}
RESULT: {"script":"<script> [1562 bytes]","args":[{"selector":{"id":"movementItemsPopUp--movementItemsTable-sa","searchOpenDialogs":true,"interaction":{"idSuffix":"CbBg"}},"wdio_ui5_key":"movementItemsPopUpmovementItemsTable-sa"}]}
RESULT: undefined
COMMAND: POST /session/9ee8f14f10c6d21a9bd1d789b8b2e24e/element - {"using":"xpath","value":"//*[@id=\"movementItemsPopUp--movementItemsTable-sa\"]"}
RESULT: {"using":"xpath","value":"//*[@id=\"movementItemsPopUp--movementItemsTable-sa\"]"}
COMMAND: POST /session/9ee8f14f10c6d21a9bd1d789b8b2e24e/element/f.F4456A30B5DD81BD5266FF5FFADC42DE.d.439E54A62002AF3DAEF145BF4546ACAC.e.11107/click - {}
RESULT: {}
COMMAND: POST /session/9ee8f14f10c6d21a9bd1d789b8b2e24e/execute/async - {"script":"<script> [1562 bytes]","args":[{"selector":{"id":"movementItemsPopUp--createBtn","searchOpenDialogs":true,"interaction":{"idSuffix":"BDI-content"}},"wdio_ui5_key":"movementItemsPopUpcreateBtn"}]}
COMMAND: GET /session/9ee8f14f10c6d21a9bd1d789b8b2e24e/screenshot - {}
RESULT: {"script":"<script> [1562 bytes]","args":[{"selector":{"id":"movementItemsPopUp--createBtn","searchOpenDialogs":true,"interaction":{"idSuffix":"BDI-content"}},"wdio_ui5_key":"movementItemsPopUpcreateBtn"}]}
RESULT: undefined
COMMAND: POST /session/9ee8f14f10c6d21a9bd1d789b8b2e24e/element - {"using":"xpath","value":"//*[@id=\"movementItemsPopUp--createBtn\"]"}
RESULT: {}
RESULT: {"using":"xpath","value":"//*[@id=\"movementItemsPopUp--createBtn\"]"}
COMMAND: POST /session/9ee8f14f10c6d21a9bd1d789b8b2e24e/element/f.F4456A30B5DD81BD5266FF5FFADC42DE.d.439E54A62002AF3DAEF145BF4546ACAC.e.11109/click - {}
RESULT: {}
COMMAND: GET /session/9ee8f14f10c6d21a9bd1d789b8b2e24e/screenshot - {}
RESULT: {}
COMMAND: DELETE /session/9ee8f14f10c6d21a9bd1d789b8b2e24e - {}
RESULT: {}
]]></system-out>
    </testcase>
  </testsuite>
</testsuites>