<?xml version="1.0" encoding="UTF-8"?>
<testsuites tests="49" failures="0" errors="0" skipped="0">
  <testsuite timestamp="2025-05-25T15:08:28" time="2057.841" tests="49" failures="0" errors="0" skipped="0">
    <properties>
      <property name="specId" value="0"/>
      <property name="suiteName" value="Sanity Tests US104253"/>
      <property name="capabilities" value="chrome.136_0_7103_93.windows"/>
      <property name="file" value="file:///D:/a/1/s/test/specs/General/sanity.spec.js"/>
    </properties>
    <testcase classname="chrome.136_0_7103_93.windows.Sanity_Tests_US104253" name="Should open Manage Partners page" time="58.539">
      <system-out><![CDATA[
COMMAND: POST /session/ee64515cdf25ffb5f2678bae898e7b66/execute/async - {"script":"<script> [1562 bytes]","args":[{"selector":{"controlType":"sap.m.GenericTile","properties":{"header":"Manage Partners"}},"wdio_ui5_key":"sapm.GenericTile{\"header\":\"Manage Partners\"}"}]}
RESULT: {"script":"<script> [1562 bytes]","args":[{"selector":{"controlType":"sap.m.GenericTile","properties":{"header":"Manage Partners"}},"wdio_ui5_key":"sapm.GenericTile{\"header\":\"Manage Partners\"}"}]}
RESULT: undefined
COMMAND: POST /session/ee64515cdf25ffb5f2678bae898e7b66/element - {"using":"xpath","value":"//*[@id=\"__tile38\"]"}
RESULT: {"using":"xpath","value":"//*[@id=\"__tile38\"]"}
COMMAND: POST /session/ee64515cdf25ffb5f2678bae898e7b66/element/f.7218AE79A50A324A49E8A26ADBA31562.d.5861458CA84C8C8FAE78590C3821949F.e.115/click - {}
RESULT: {}
COMMAND: GET /session/ee64515cdf25ffb5f2678bae898e7b66/screenshot - {}
RESULT: {}
COMMAND: POST /session/ee64515cdf25ffb5f2678bae898e7b66/elements - {"using":"xpath","value":"//span[text()='Error']"}
RESULT: {"using":"xpath","value":"//span[text()='Error']"}
RESULT: undefined
COMMAND: POST /session/ee64515cdf25ffb5f2678bae898e7b66/element - {"using":"xpath","value":"//*[@id=\"__tile38\"]"}
RESULT: {"using":"xpath","value":"//*[@id=\"__tile38\"]"}
COMMAND: POST /session/ee64515cdf25ffb5f2678bae898e7b66/element/f.7218AE79A50A324A49E8A26ADBA31562.d.5861458CA84C8C8FAE78590C3821949F.e.115/click - {}
RESULT: undefined
COMMAND: POST /session/ee64515cdf25ffb5f2678bae898e7b66/element - {"using":"xpath","value":"//*[@id=\"__tile38\"]"}
RESULT: {"using":"xpath","value":"//*[@id=\"__tile38\"]"}
COMMAND: POST /session/ee64515cdf25ffb5f2678bae898e7b66/element/f.7218AE79A50A324A49E8A26ADBA31562.d.5861458CA84C8C8FAE78590C3821949F.e.115/click - {}
COMMAND: POST /session/ee64515cdf25ffb5f2678bae898e7b66/execute/async - {"script":"<script> [1562 bytes]","args":[{"selector":{"id":"shellAppTitle"},"wdio_ui5_key":"shellAppTitle"}]}
RESULT: {"script":"<script> [1562 bytes]","args":[{"selector":{"id":"shellAppTitle"},"wdio_ui5_key":"shellAppTitle"}]}
RESULT: undefined
COMMAND: POST /session/ee64515cdf25ffb5f2678bae898e7b66/execute/async - {"script":"<script> [6424 bytes]","args":[{"element-6066-11e4-a52e-4f735466cecf":"f.7218AE79A50A324A49E8A26ADBA31562.d.5861458CA84C8C8FAE78590C3821949F.e.288"},"getTitle",[]]}
RESULT: {"script":"<script> [6424 bytes]","args":[{"element-6066-11e4-a52e-4f735466cecf":"f.7218AE79A50A324A49E8A26ADBA31562.d.5861458CA84C8C8FAE78590C3821949F.e.288"},"getTitle",[]]}
COMMAND: POST /session/ee64515cdf25ffb5f2678bae898e7b66/execute/async - {"script":"<script> [1562 bytes]","args":[{"selector":{"id":"backBtn"},"wdio_ui5_key":"backBtn"}]}
RESULT: {"script":"<script> [1562 bytes]","args":[{"selector":{"id":"backBtn"},"wdio_ui5_key":"backBtn"}]}
RESULT: undefined
COMMAND: POST /session/ee64515cdf25ffb5f2678bae898e7b66/element - {"using":"xpath","value":"//*[@id=\"backBtn\"]"}
RESULT: {"using":"xpath","value":"//*[@id=\"backBtn\"]"}
COMMAND: POST /session/ee64515cdf25ffb5f2678bae898e7b66/element/f.7218AE79A50A324A49E8A26ADBA31562.d.5861458CA84C8C8FAE78590C3821949F.e.289/click - {}
RESULT: {}
COMMAND: GET /session/ee64515cdf25ffb5f2678bae898e7b66/screenshot - {}
RESULT: {}
]]></system-out>
    </testcase>
    <testcase classname="chrome.136_0_7103_93.windows.Sanity_Tests_US104253" name="Should open Manage Sites page" time="47.786">
      <system-out><![CDATA[
COMMAND: POST /session/ee64515cdf25ffb5f2678bae898e7b66/execute/async - {"script":"<script> [1562 bytes]","args":[{"selector":{"controlType":"sap.m.GenericTile","properties":{"header":"Manage Sites"}},"wdio_ui5_key":"sapm.GenericTile{\"header\":\"Manage Sites\"}"}]}
RESULT: {"script":"<script> [1562 bytes]","args":[{"selector":{"controlType":"sap.m.GenericTile","properties":{"header":"Manage Sites"}},"wdio_ui5_key":"sapm.GenericTile{\"header\":\"Manage Sites\"}"}]}
RESULT: undefined
COMMAND: POST /session/ee64515cdf25ffb5f2678bae898e7b66/element - {"using":"xpath","value":"//*[@id=\"__tile40\"]"}
RESULT: {"using":"xpath","value":"//*[@id=\"__tile40\"]"}
COMMAND: POST /session/ee64515cdf25ffb5f2678bae898e7b66/element/f.7218AE79A50A324A49E8A26ADBA31562.d.5861458CA84C8C8FAE78590C3821949F.e.291/click - {}
RESULT: {}
COMMAND: GET /session/ee64515cdf25ffb5f2678bae898e7b66/screenshot - {}
RESULT: {}
COMMAND: POST /session/ee64515cdf25ffb5f2678bae898e7b66/elements - {"using":"xpath","value":"//span[text()='Error']"}
RESULT: {"using":"xpath","value":"//span[text()='Error']"}
RESULT: undefined
COMMAND: POST /session/ee64515cdf25ffb5f2678bae898e7b66/element - {"using":"xpath","value":"//*[@id=\"__tile40\"]"}
RESULT: {"using":"xpath","value":"//*[@id=\"__tile40\"]"}
COMMAND: POST /session/ee64515cdf25ffb5f2678bae898e7b66/element/f.7218AE79A50A324A49E8A26ADBA31562.d.5861458CA84C8C8FAE78590C3821949F.e.291/click - {}
RESULT: undefined
COMMAND: POST /session/ee64515cdf25ffb5f2678bae898e7b66/element - {"using":"xpath","value":"//*[@id=\"__tile40\"]"}
RESULT: {"using":"xpath","value":"//*[@id=\"__tile40\"]"}
COMMAND: POST /session/ee64515cdf25ffb5f2678bae898e7b66/element/f.7218AE79A50A324A49E8A26ADBA31562.d.5861458CA84C8C8FAE78590C3821949F.e.291/click - {}
RESULT: undefined
COMMAND: POST /session/ee64515cdf25ffb5f2678bae898e7b66/execute/async - {"script":"<script> [6424 bytes]","args":[{"element-6066-11e4-a52e-4f735466cecf":"f.7218AE79A50A324A49E8A26ADBA31562.d.5861458CA84C8C8FAE78590C3821949F.e.288"},"getTitle",[]]}
COMMAND: POST /session/ee64515cdf25ffb5f2678bae898e7b66/execute/async - {"script":"<script> [1562 bytes]","args":[{"selector":{"id":"shellAppTitle"},"wdio_ui5_key":"shellAppTitle"}]}
RESULT: {"script":"<script> [1562 bytes]","args":[{"selector":{"id":"shellAppTitle"},"wdio_ui5_key":"shellAppTitle"}]}
COMMAND: POST /session/ee64515cdf25ffb5f2678bae898e7b66/execute/async - {"script":"<script> [6424 bytes]","args":[{"element-6066-11e4-a52e-4f735466cecf":"f.7218AE79A50A324A49E8A26ADBA31562.d.5861458CA84C8C8FAE78590C3821949F.e.482"},"getTitle",[]]}
RESULT: {"script":"<script> [6424 bytes]","args":[{"element-6066-11e4-a52e-4f735466cecf":"f.7218AE79A50A324A49E8A26ADBA31562.d.5861458CA84C8C8FAE78590C3821949F.e.482"},"getTitle",[]]}
RESULT: undefined
COMMAND: POST /session/ee64515cdf25ffb5f2678bae898e7b66/element/f.7218AE79A50A324A49E8A26ADBA31562.d.5861458CA84C8C8FAE78590C3821949F.e.289/click - {}
RESULT: {}
COMMAND: GET /session/ee64515cdf25ffb5f2678bae898e7b66/screenshot - {}
RESULT: {}
]]></system-out>
    </testcase>
    <testcase classname="chrome.136_0_7103_93.windows.Sanity_Tests_US104253" name="Should open Manage Resources page" time="40.651">
      <system-out><![CDATA[
COMMAND: POST /session/ee64515cdf25ffb5f2678bae898e7b66/execute/async - {"script":"<script> [1562 bytes]","args":[{"selector":{"controlType":"sap.m.GenericTile","properties":{"header":"Manage Resources"}},"wdio_ui5_key":"sapm.GenericTile{\"header\":\"Manage Resources\"}"}]}
RESULT: {"script":"<script> [1562 bytes]","args":[{"selector":{"controlType":"sap.m.GenericTile","properties":{"header":"Manage Resources"}},"wdio_ui5_key":"sapm.GenericTile{\"header\":\"Manage Resources\"}"}]}
RESULT: undefined
COMMAND: POST /session/ee64515cdf25ffb5f2678bae898e7b66/element - {"using":"xpath","value":"//*[@id=\"__tile39\"]"}
RESULT: {"using":"xpath","value":"//*[@id=\"__tile39\"]"}
COMMAND: POST /session/ee64515cdf25ffb5f2678bae898e7b66/element/f.7218AE79A50A324A49E8A26ADBA31562.d.5861458CA84C8C8FAE78590C3821949F.e.484/click - {}
RESULT: {}
COMMAND: GET /session/ee64515cdf25ffb5f2678bae898e7b66/screenshot - {}
RESULT: {}
COMMAND: POST /session/ee64515cdf25ffb5f2678bae898e7b66/elements - {"using":"xpath","value":"//span[text()='Error']"}
RESULT: {"using":"xpath","value":"//span[text()='Error']"}
RESULT: undefined
COMMAND: POST /session/ee64515cdf25ffb5f2678bae898e7b66/element - {"using":"xpath","value":"//*[@id=\"__tile39\"]"}
RESULT: {"using":"xpath","value":"//*[@id=\"__tile39\"]"}
COMMAND: POST /session/ee64515cdf25ffb5f2678bae898e7b66/element/f.7218AE79A50A324A49E8A26ADBA31562.d.5861458CA84C8C8FAE78590C3821949F.e.484/click - {}
RESULT: undefined
COMMAND: POST /session/ee64515cdf25ffb5f2678bae898e7b66/element - {"using":"xpath","value":"//*[@id=\"__tile39\"]"}
RESULT: {"using":"xpath","value":"//*[@id=\"__tile39\"]"}
COMMAND: POST /session/ee64515cdf25ffb5f2678bae898e7b66/element/f.7218AE79A50A324A49E8A26ADBA31562.d.5861458CA84C8C8FAE78590C3821949F.e.484/click - {}
RESULT: undefined
COMMAND: POST /session/ee64515cdf25ffb5f2678bae898e7b66/execute/async - {"script":"<script> [6424 bytes]","args":[{"element-6066-11e4-a52e-4f735466cecf":"f.7218AE79A50A324A49E8A26ADBA31562.d.5861458CA84C8C8FAE78590C3821949F.e.288"},"getTitle",[]]}
COMMAND: POST /session/ee64515cdf25ffb5f2678bae898e7b66/execute/async - {"script":"<script> [1562 bytes]","args":[{"selector":{"id":"shellAppTitle"},"wdio_ui5_key":"shellAppTitle"}]}
RESULT: {"script":"<script> [1562 bytes]","args":[{"selector":{"id":"shellAppTitle"},"wdio_ui5_key":"shellAppTitle"}]}
COMMAND: POST /session/ee64515cdf25ffb5f2678bae898e7b66/execute/async - {"script":"<script> [6424 bytes]","args":[{"element-6066-11e4-a52e-4f735466cecf":"f.7218AE79A50A324A49E8A26ADBA31562.d.5861458CA84C8C8FAE78590C3821949F.e.657"},"getTitle",[]]}
RESULT: {"script":"<script> [6424 bytes]","args":[{"element-6066-11e4-a52e-4f735466cecf":"f.7218AE79A50A324A49E8A26ADBA31562.d.5861458CA84C8C8FAE78590C3821949F.e.657"},"getTitle",[]]}
RESULT: undefined
COMMAND: POST /session/ee64515cdf25ffb5f2678bae898e7b66/element/f.7218AE79A50A324A49E8A26ADBA31562.d.5861458CA84C8C8FAE78590C3821949F.e.289/click - {}
COMMAND: POST /session/ee64515cdf25ffb5f2678bae898e7b66/element - {"using":"xpath","value":"//*[@id=\"backBtn\"]"}
RESULT: {"using":"xpath","value":"//*[@id=\"backBtn\"]"}
COMMAND: POST /session/ee64515cdf25ffb5f2678bae898e7b66/element/f.7218AE79A50A324A49E8A26ADBA31562.d.5861458CA84C8C8FAE78590C3821949F.e.289/click - {}
COMMAND: POST /session/ee64515cdf25ffb5f2678bae898e7b66/element - {"using":"xpath","value":"//*[@id=\"backBtn\"]"}
RESULT: {"using":"xpath","value":"//*[@id=\"backBtn\"]"}
COMMAND: POST /session/ee64515cdf25ffb5f2678bae898e7b66/element/f.7218AE79A50A324A49E8A26ADBA31562.d.5861458CA84C8C8FAE78590C3821949F.e.658/click - {}
RESULT: {}
COMMAND: GET /session/ee64515cdf25ffb5f2678bae898e7b66/screenshot - {}
RESULT: {}
]]></system-out>
    </testcase>
    <testcase classname="chrome.136_0_7103_93.windows.Sanity_Tests_US104253" name="Should open Manage Catalogs page" time="37.864">
      <system-out><![CDATA[
COMMAND: POST /session/ee64515cdf25ffb5f2678bae898e7b66/execute/async - {"script":"<script> [1562 bytes]","args":[{"selector":{"controlType":"sap.m.GenericTile","properties":{"header":"Manage Catalogs"}},"wdio_ui5_key":"sapm.GenericTile{\"header\":\"Manage Catalogs\"}"}]}
RESULT: {"script":"<script> [1562 bytes]","args":[{"selector":{"controlType":"sap.m.GenericTile","properties":{"header":"Manage Catalogs"}},"wdio_ui5_key":"sapm.GenericTile{\"header\":\"Manage Catalogs\"}"}]}
RESULT: undefined
COMMAND: POST /session/ee64515cdf25ffb5f2678bae898e7b66/element - {"using":"xpath","value":"//*[@id=\"__tile37\"]"}
RESULT: {"using":"xpath","value":"//*[@id=\"__tile37\"]"}
COMMAND: POST /session/ee64515cdf25ffb5f2678bae898e7b66/element/f.7218AE79A50A324A49E8A26ADBA31562.d.5861458CA84C8C8FAE78590C3821949F.e.660/click - {}
RESULT: {}
COMMAND: GET /session/ee64515cdf25ffb5f2678bae898e7b66/screenshot - {}
RESULT: {}
COMMAND: POST /session/ee64515cdf25ffb5f2678bae898e7b66/elements - {"using":"xpath","value":"//span[text()='Error']"}
RESULT: {"using":"xpath","value":"//span[text()='Error']"}
RESULT: undefined
COMMAND: POST /session/ee64515cdf25ffb5f2678bae898e7b66/element - {"using":"xpath","value":"//*[@id=\"__tile37\"]"}
RESULT: {"using":"xpath","value":"//*[@id=\"__tile37\"]"}
COMMAND: POST /session/ee64515cdf25ffb5f2678bae898e7b66/element/f.7218AE79A50A324A49E8A26ADBA31562.d.5861458CA84C8C8FAE78590C3821949F.e.660/click - {}
RESULT: undefined
COMMAND: POST /session/ee64515cdf25ffb5f2678bae898e7b66/element - {"using":"xpath","value":"//*[@id=\"__tile37\"]"}
RESULT: {"using":"xpath","value":"//*[@id=\"__tile37\"]"}
COMMAND: POST /session/ee64515cdf25ffb5f2678bae898e7b66/element/f.7218AE79A50A324A49E8A26ADBA31562.d.5861458CA84C8C8FAE78590C3821949F.e.660/click - {}
RESULT: undefined
COMMAND: POST /session/ee64515cdf25ffb5f2678bae898e7b66/execute/async - {"script":"<script> [6424 bytes]","args":[{"element-6066-11e4-a52e-4f735466cecf":"f.7218AE79A50A324A49E8A26ADBA31562.d.5861458CA84C8C8FAE78590C3821949F.e.288"},"getTitle",[]]}
COMMAND: POST /session/ee64515cdf25ffb5f2678bae898e7b66/execute/async - {"script":"<script> [1562 bytes]","args":[{"selector":{"id":"shellAppTitle"},"wdio_ui5_key":"shellAppTitle"}]}
RESULT: {"script":"<script> [1562 bytes]","args":[{"selector":{"id":"shellAppTitle"},"wdio_ui5_key":"shellAppTitle"}]}
COMMAND: POST /session/ee64515cdf25ffb5f2678bae898e7b66/execute/async - {"script":"<script> [6424 bytes]","args":[{"element-6066-11e4-a52e-4f735466cecf":"f.7218AE79A50A324A49E8A26ADBA31562.d.5861458CA84C8C8FAE78590C3821949F.e.729"},"getTitle",[]]}
RESULT: {"script":"<script> [6424 bytes]","args":[{"element-6066-11e4-a52e-4f735466cecf":"f.7218AE79A50A324A49E8A26ADBA31562.d.5861458CA84C8C8FAE78590C3821949F.e.729"},"getTitle",[]]}
RESULT: undefined
COMMAND: POST /session/ee64515cdf25ffb5f2678bae898e7b66/element/f.7218AE79A50A324A49E8A26ADBA31562.d.5861458CA84C8C8FAE78590C3821949F.e.658/click - {}
RESULT: {}
COMMAND: GET /session/ee64515cdf25ffb5f2678bae898e7b66/screenshot - {}
RESULT: {}
]]></system-out>
    </testcase>
    <testcase classname="chrome.136_0_7103_93.windows.Sanity_Tests_US104253" name="Should open Manage Calendars page" time="38.556">
      <system-out><![CDATA[
COMMAND: POST /session/ee64515cdf25ffb5f2678bae898e7b66/execute/async - {"script":"<script> [1562 bytes]","args":[{"selector":{"controlType":"sap.m.GenericTile","properties":{"header":"Manage Calendars"}},"wdio_ui5_key":"sapm.GenericTile{\"header\":\"Manage Calendars\"}"}]}
RESULT: {"script":"<script> [1562 bytes]","args":[{"selector":{"controlType":"sap.m.GenericTile","properties":{"header":"Manage Calendars"}},"wdio_ui5_key":"sapm.GenericTile{\"header\":\"Manage Calendars\"}"}]}
RESULT: undefined
COMMAND: POST /session/ee64515cdf25ffb5f2678bae898e7b66/element - {"using":"xpath","value":"//*[@id=\"__tile36\"]"}
RESULT: {"using":"xpath","value":"//*[@id=\"__tile36\"]"}
COMMAND: POST /session/ee64515cdf25ffb5f2678bae898e7b66/element/f.7218AE79A50A324A49E8A26ADBA31562.d.5861458CA84C8C8FAE78590C3821949F.e.732/click - {}
RESULT: {}
COMMAND: GET /session/ee64515cdf25ffb5f2678bae898e7b66/screenshot - {}
RESULT: {}
COMMAND: POST /session/ee64515cdf25ffb5f2678bae898e7b66/elements - {"using":"xpath","value":"//span[text()='Error']"}
RESULT: {"using":"xpath","value":"//span[text()='Error']"}
RESULT: undefined
COMMAND: POST /session/ee64515cdf25ffb5f2678bae898e7b66/element - {"using":"xpath","value":"//*[@id=\"__tile36\"]"}
RESULT: {"using":"xpath","value":"//*[@id=\"__tile36\"]"}
COMMAND: POST /session/ee64515cdf25ffb5f2678bae898e7b66/element/f.7218AE79A50A324A49E8A26ADBA31562.d.5861458CA84C8C8FAE78590C3821949F.e.732/click - {}
RESULT: undefined
COMMAND: POST /session/ee64515cdf25ffb5f2678bae898e7b66/element - {"using":"xpath","value":"//*[@id=\"__tile36\"]"}
RESULT: {"using":"xpath","value":"//*[@id=\"__tile36\"]"}
COMMAND: POST /session/ee64515cdf25ffb5f2678bae898e7b66/element/f.7218AE79A50A324A49E8A26ADBA31562.d.5861458CA84C8C8FAE78590C3821949F.e.732/click - {}
RESULT: undefined
COMMAND: POST /session/ee64515cdf25ffb5f2678bae898e7b66/execute/async - {"script":"<script> [6424 bytes]","args":[{"element-6066-11e4-a52e-4f735466cecf":"f.7218AE79A50A324A49E8A26ADBA31562.d.5861458CA84C8C8FAE78590C3821949F.e.288"},"getTitle",[]]}
COMMAND: POST /session/ee64515cdf25ffb5f2678bae898e7b66/execute/async - {"script":"<script> [1562 bytes]","args":[{"selector":{"id":"shellAppTitle"},"wdio_ui5_key":"shellAppTitle"}]}
RESULT: {"script":"<script> [1562 bytes]","args":[{"selector":{"id":"shellAppTitle"},"wdio_ui5_key":"shellAppTitle"}]}
COMMAND: POST /session/ee64515cdf25ffb5f2678bae898e7b66/execute/async - {"script":"<script> [6424 bytes]","args":[{"element-6066-11e4-a52e-4f735466cecf":"f.7218AE79A50A324A49E8A26ADBA31562.d.5861458CA84C8C8FAE78590C3821949F.e.798"},"getTitle",[]]}
RESULT: {"script":"<script> [6424 bytes]","args":[{"element-6066-11e4-a52e-4f735466cecf":"f.7218AE79A50A324A49E8A26ADBA31562.d.5861458CA84C8C8FAE78590C3821949F.e.798"},"getTitle",[]]}
RESULT: undefined
COMMAND: POST /session/ee64515cdf25ffb5f2678bae898e7b66/element/f.7218AE79A50A324A49E8A26ADBA31562.d.5861458CA84C8C8FAE78590C3821949F.e.658/click - {}
COMMAND: POST /session/ee64515cdf25ffb5f2678bae898e7b66/element - {"using":"xpath","value":"//*[@id=\"backBtn\"]"}
RESULT: {"using":"xpath","value":"//*[@id=\"backBtn\"]"}
COMMAND: POST /session/ee64515cdf25ffb5f2678bae898e7b66/element/f.7218AE79A50A324A49E8A26ADBA31562.d.5861458CA84C8C8FAE78590C3821949F.e.658/click - {}
COMMAND: POST /session/ee64515cdf25ffb5f2678bae898e7b66/element - {"using":"xpath","value":"//*[@id=\"backBtn\"]"}
RESULT: {"using":"xpath","value":"//*[@id=\"backBtn\"]"}
COMMAND: POST /session/ee64515cdf25ffb5f2678bae898e7b66/element/f.7218AE79A50A324A49E8A26ADBA31562.d.5861458CA84C8C8FAE78590C3821949F.e.799/click - {}
RESULT: {}
COMMAND: GET /session/ee64515cdf25ffb5f2678bae898e7b66/screenshot - {}
RESULT: {}
]]></system-out>
    </testcase>
    <testcase classname="chrome.136_0_7103_93.windows.Sanity_Tests_US104253" name="Should open Address Management page" time="37.722">
      <system-out><![CDATA[
COMMAND: POST /session/ee64515cdf25ffb5f2678bae898e7b66/execute/async - {"script":"<script> [1562 bytes]","args":[{"selector":{"controlType":"sap.m.GenericTile","properties":{"header":"Address Management"}},"wdio_ui5_key":"sapm.GenericTile{\"header\":\"Address Management\"}"}]}
RESULT: {"script":"<script> [1562 bytes]","args":[{"selector":{"controlType":"sap.m.GenericTile","properties":{"header":"Address Management"}},"wdio_ui5_key":"sapm.GenericTile{\"header\":\"Address Management\"}"}]}
RESULT: undefined
COMMAND: POST /session/ee64515cdf25ffb5f2678bae898e7b66/element - {"using":"xpath","value":"//*[@id=\"__tile33\"]"}
RESULT: {"using":"xpath","value":"//*[@id=\"__tile33\"]"}
COMMAND: POST /session/ee64515cdf25ffb5f2678bae898e7b66/element/f.7218AE79A50A324A49E8A26ADBA31562.d.5861458CA84C8C8FAE78590C3821949F.e.801/click - {}
RESULT: {}
COMMAND: GET /session/ee64515cdf25ffb5f2678bae898e7b66/screenshot - {}
RESULT: {}
COMMAND: POST /session/ee64515cdf25ffb5f2678bae898e7b66/elements - {"using":"xpath","value":"//span[text()='Error']"}
RESULT: {"using":"xpath","value":"//span[text()='Error']"}
RESULT: undefined
COMMAND: POST /session/ee64515cdf25ffb5f2678bae898e7b66/element - {"using":"xpath","value":"//*[@id=\"__tile33\"]"}
RESULT: {"using":"xpath","value":"//*[@id=\"__tile33\"]"}
COMMAND: POST /session/ee64515cdf25ffb5f2678bae898e7b66/element/f.7218AE79A50A324A49E8A26ADBA31562.d.5861458CA84C8C8FAE78590C3821949F.e.801/click - {}
RESULT: undefined
COMMAND: POST /session/ee64515cdf25ffb5f2678bae898e7b66/element - {"using":"xpath","value":"//*[@id=\"__tile33\"]"}
RESULT: {"using":"xpath","value":"//*[@id=\"__tile33\"]"}
COMMAND: POST /session/ee64515cdf25ffb5f2678bae898e7b66/element/f.7218AE79A50A324A49E8A26ADBA31562.d.5861458CA84C8C8FAE78590C3821949F.e.801/click - {}
RESULT: undefined
COMMAND: POST /session/ee64515cdf25ffb5f2678bae898e7b66/execute/async - {"script":"<script> [6424 bytes]","args":[{"element-6066-11e4-a52e-4f735466cecf":"f.7218AE79A50A324A49E8A26ADBA31562.d.5861458CA84C8C8FAE78590C3821949F.e.288"},"getTitle",[]]}
COMMAND: POST /session/ee64515cdf25ffb5f2678bae898e7b66/execute/async - {"script":"<script> [1562 bytes]","args":[{"selector":{"id":"shellAppTitle"},"wdio_ui5_key":"shellAppTitle"}]}
RESULT: {"script":"<script> [1562 bytes]","args":[{"selector":{"id":"shellAppTitle"},"wdio_ui5_key":"shellAppTitle"}]}
COMMAND: POST /session/ee64515cdf25ffb5f2678bae898e7b66/execute/async - {"script":"<script> [6424 bytes]","args":[{"element-6066-11e4-a52e-4f735466cecf":"f.7218AE79A50A324A49E8A26ADBA31562.d.5861458CA84C8C8FAE78590C3821949F.e.989"},"getTitle",[]]}
RESULT: {"script":"<script> [6424 bytes]","args":[{"element-6066-11e4-a52e-4f735466cecf":"f.7218AE79A50A324A49E8A26ADBA31562.d.5861458CA84C8C8FAE78590C3821949F.e.989"},"getTitle",[]]}
RESULT: undefined
COMMAND: POST /session/ee64515cdf25ffb5f2678bae898e7b66/element/f.7218AE79A50A324A49E8A26ADBA31562.d.5861458CA84C8C8FAE78590C3821949F.e.799/click - {}
RESULT: {}
COMMAND: GET /session/ee64515cdf25ffb5f2678bae898e7b66/screenshot - {}
RESULT: {}
]]></system-out>
    </testcase>
    <testcase classname="chrome.136_0_7103_93.windows.Sanity_Tests_US104253" name="Should open Bill Of Resources page" time="37.23">
      <system-out><![CDATA[
COMMAND: POST /session/ee64515cdf25ffb5f2678bae898e7b66/execute/async - {"script":"<script> [1562 bytes]","args":[{"selector":{"controlType":"sap.m.GenericTile","properties":{"header":"Bill Of Resources"}},"wdio_ui5_key":"sapm.GenericTile{\"header\":\"Bill Of Resources\"}"}]}
RESULT: {"script":"<script> [1562 bytes]","args":[{"selector":{"controlType":"sap.m.GenericTile","properties":{"header":"Bill Of Resources"}},"wdio_ui5_key":"sapm.GenericTile{\"header\":\"Bill Of Resources\"}"}]}
RESULT: undefined
COMMAND: POST /session/ee64515cdf25ffb5f2678bae898e7b66/element - {"using":"xpath","value":"//*[@id=\"__tile34\"]"}
RESULT: {"using":"xpath","value":"//*[@id=\"__tile34\"]"}
COMMAND: POST /session/ee64515cdf25ffb5f2678bae898e7b66/element/f.7218AE79A50A324A49E8A26ADBA31562.d.5861458CA84C8C8FAE78590C3821949F.e.991/click - {}
RESULT: {}
COMMAND: GET /session/ee64515cdf25ffb5f2678bae898e7b66/screenshot - {}
RESULT: {}
COMMAND: POST /session/ee64515cdf25ffb5f2678bae898e7b66/elements - {"using":"xpath","value":"//span[text()='Error']"}
RESULT: {"using":"xpath","value":"//span[text()='Error']"}
RESULT: undefined
COMMAND: POST /session/ee64515cdf25ffb5f2678bae898e7b66/element - {"using":"xpath","value":"//*[@id=\"__tile34\"]"}
RESULT: {"using":"xpath","value":"//*[@id=\"__tile34\"]"}
COMMAND: POST /session/ee64515cdf25ffb5f2678bae898e7b66/element/f.7218AE79A50A324A49E8A26ADBA31562.d.5861458CA84C8C8FAE78590C3821949F.e.991/click - {}
RESULT: undefined
COMMAND: POST /session/ee64515cdf25ffb5f2678bae898e7b66/element - {"using":"xpath","value":"//*[@id=\"__tile34\"]"}
RESULT: {"using":"xpath","value":"//*[@id=\"__tile34\"]"}
COMMAND: POST /session/ee64515cdf25ffb5f2678bae898e7b66/element/f.7218AE79A50A324A49E8A26ADBA31562.d.5861458CA84C8C8FAE78590C3821949F.e.991/click - {}
RESULT: undefined
COMMAND: POST /session/ee64515cdf25ffb5f2678bae898e7b66/execute/async - {"script":"<script> [6424 bytes]","args":[{"element-6066-11e4-a52e-4f735466cecf":"f.7218AE79A50A324A49E8A26ADBA31562.d.5861458CA84C8C8FAE78590C3821949F.e.288"},"getTitle",[]]}
COMMAND: POST /session/ee64515cdf25ffb5f2678bae898e7b66/execute/async - {"script":"<script> [1562 bytes]","args":[{"selector":{"id":"shellAppTitle"},"wdio_ui5_key":"shellAppTitle"}]}
RESULT: {"script":"<script> [1562 bytes]","args":[{"selector":{"id":"shellAppTitle"},"wdio_ui5_key":"shellAppTitle"}]}
COMMAND: POST /session/ee64515cdf25ffb5f2678bae898e7b66/execute/async - {"script":"<script> [6424 bytes]","args":[{"element-6066-11e4-a52e-4f735466cecf":"f.7218AE79A50A324A49E8A26ADBA31562.d.5861458CA84C8C8FAE78590C3821949F.e.1080"},"getTitle",[]]}
RESULT: {"script":"<script> [6424 bytes]","args":[{"element-6066-11e4-a52e-4f735466cecf":"f.7218AE79A50A324A49E8A26ADBA31562.d.5861458CA84C8C8FAE78590C3821949F.e.1080"},"getTitle",[]]}
RESULT: undefined
COMMAND: POST /session/ee64515cdf25ffb5f2678bae898e7b66/element/f.7218AE79A50A324A49E8A26ADBA31562.d.5861458CA84C8C8FAE78590C3821949F.e.799/click - {}
COMMAND: POST /session/ee64515cdf25ffb5f2678bae898e7b66/element - {"using":"xpath","value":"//*[@id=\"backBtn\"]"}
RESULT: {"using":"xpath","value":"//*[@id=\"backBtn\"]"}
COMMAND: POST /session/ee64515cdf25ffb5f2678bae898e7b66/element/f.7218AE79A50A324A49E8A26ADBA31562.d.5861458CA84C8C8FAE78590C3821949F.e.799/click - {}
COMMAND: POST /session/ee64515cdf25ffb5f2678bae898e7b66/element - {"using":"xpath","value":"//*[@id=\"backBtn\"]"}
RESULT: {"using":"xpath","value":"//*[@id=\"backBtn\"]"}
COMMAND: POST /session/ee64515cdf25ffb5f2678bae898e7b66/element/f.7218AE79A50A324A49E8A26ADBA31562.d.5861458CA84C8C8FAE78590C3821949F.e.1081/click - {}
RESULT: {}
COMMAND: GET /session/ee64515cdf25ffb5f2678bae898e7b66/screenshot - {}
RESULT: {}
]]></system-out>
    </testcase>
    <testcase classname="chrome.136_0_7103_93.windows.Sanity_Tests_US104253" name="Should open Manage Yards page" time="38.137">
      <system-out><![CDATA[
COMMAND: POST /session/ee64515cdf25ffb5f2678bae898e7b66/execute/async - {"script":"<script> [1562 bytes]","args":[{"selector":{"controlType":"sap.m.GenericTile","properties":{"header":"Manage Yards"}},"wdio_ui5_key":"sapm.GenericTile{\"header\":\"Manage Yards\"}"}]}
RESULT: {"script":"<script> [1562 bytes]","args":[{"selector":{"controlType":"sap.m.GenericTile","properties":{"header":"Manage Yards"}},"wdio_ui5_key":"sapm.GenericTile{\"header\":\"Manage Yards\"}"}]}
RESULT: undefined
COMMAND: POST /session/ee64515cdf25ffb5f2678bae898e7b66/element - {"using":"xpath","value":"//*[@id=\"__tile41\"]"}
RESULT: {"using":"xpath","value":"//*[@id=\"__tile41\"]"}
COMMAND: POST /session/ee64515cdf25ffb5f2678bae898e7b66/element/f.7218AE79A50A324A49E8A26ADBA31562.d.5861458CA84C8C8FAE78590C3821949F.e.1083/click - {}
RESULT: {}
COMMAND: GET /session/ee64515cdf25ffb5f2678bae898e7b66/screenshot - {}
RESULT: {}
COMMAND: POST /session/ee64515cdf25ffb5f2678bae898e7b66/elements - {"using":"xpath","value":"//span[text()='Error']"}
RESULT: {"using":"xpath","value":"//span[text()='Error']"}
RESULT: undefined
COMMAND: POST /session/ee64515cdf25ffb5f2678bae898e7b66/element - {"using":"xpath","value":"//*[@id=\"__tile41\"]"}
RESULT: {"using":"xpath","value":"//*[@id=\"__tile41\"]"}
COMMAND: POST /session/ee64515cdf25ffb5f2678bae898e7b66/element/f.7218AE79A50A324A49E8A26ADBA31562.d.5861458CA84C8C8FAE78590C3821949F.e.1083/click - {}
RESULT: undefined
COMMAND: POST /session/ee64515cdf25ffb5f2678bae898e7b66/element - {"using":"xpath","value":"//*[@id=\"__tile41\"]"}
RESULT: {"using":"xpath","value":"//*[@id=\"__tile41\"]"}
COMMAND: POST /session/ee64515cdf25ffb5f2678bae898e7b66/element/f.7218AE79A50A324A49E8A26ADBA31562.d.5861458CA84C8C8FAE78590C3821949F.e.1083/click - {}
RESULT: undefined
COMMAND: POST /session/ee64515cdf25ffb5f2678bae898e7b66/execute/async - {"script":"<script> [6424 bytes]","args":[{"element-6066-11e4-a52e-4f735466cecf":"f.7218AE79A50A324A49E8A26ADBA31562.d.5861458CA84C8C8FAE78590C3821949F.e.288"},"getTitle",[]]}
COMMAND: POST /session/ee64515cdf25ffb5f2678bae898e7b66/execute/async - {"script":"<script> [1562 bytes]","args":[{"selector":{"id":"shellAppTitle"},"wdio_ui5_key":"shellAppTitle"}]}
RESULT: {"script":"<script> [1562 bytes]","args":[{"selector":{"id":"shellAppTitle"},"wdio_ui5_key":"shellAppTitle"}]}
COMMAND: POST /session/ee64515cdf25ffb5f2678bae898e7b66/execute/async - {"script":"<script> [6424 bytes]","args":[{"element-6066-11e4-a52e-4f735466cecf":"f.7218AE79A50A324A49E8A26ADBA31562.d.5861458CA84C8C8FAE78590C3821949F.e.1265"},"getTitle",[]]}
RESULT: {"script":"<script> [6424 bytes]","args":[{"element-6066-11e4-a52e-4f735466cecf":"f.7218AE79A50A324A49E8A26ADBA31562.d.5861458CA84C8C8FAE78590C3821949F.e.1265"},"getTitle",[]]}
RESULT: undefined
COMMAND: POST /session/ee64515cdf25ffb5f2678bae898e7b66/element/f.7218AE79A50A324A49E8A26ADBA31562.d.5861458CA84C8C8FAE78590C3821949F.e.1081/click - {}
RESULT: {}
COMMAND: GET /session/ee64515cdf25ffb5f2678bae898e7b66/screenshot - {}
RESULT: {}
]]></system-out>
    </testcase>
    <testcase classname="chrome.136_0_7103_93.windows.Sanity_Tests_US104253" name="Should open Manage Requests page" time="43.653">
      <system-out><![CDATA[
COMMAND: POST /session/ee64515cdf25ffb5f2678bae898e7b66/execute/async - {"script":"<script> [1562 bytes]","args":[{"selector":{"controlType":"sap.m.GenericTile","properties":{"header":"Manage Requests"}},"wdio_ui5_key":"sapm.GenericTile{\"header\":\"Manage Requests\"}"}]}
RESULT: {"script":"<script> [1562 bytes]","args":[{"selector":{"controlType":"sap.m.GenericTile","properties":{"header":"Manage Requests"}},"wdio_ui5_key":"sapm.GenericTile{\"header\":\"Manage Requests\"}"}]}
RESULT: undefined
COMMAND: POST /session/ee64515cdf25ffb5f2678bae898e7b66/element - {"using":"xpath","value":"//*[@id=\"__tile47\"]"}
RESULT: {"using":"xpath","value":"//*[@id=\"__tile47\"]"}
COMMAND: POST /session/ee64515cdf25ffb5f2678bae898e7b66/element/f.7218AE79A50A324A49E8A26ADBA31562.d.5861458CA84C8C8FAE78590C3821949F.e.1267/click - {}
RESULT: {}
COMMAND: GET /session/ee64515cdf25ffb5f2678bae898e7b66/screenshot - {}
RESULT: {}
COMMAND: POST /session/ee64515cdf25ffb5f2678bae898e7b66/elements - {"using":"xpath","value":"//span[text()='Error']"}
RESULT: {"using":"xpath","value":"//span[text()='Error']"}
RESULT: undefined
COMMAND: POST /session/ee64515cdf25ffb5f2678bae898e7b66/element - {"using":"xpath","value":"//*[@id=\"__tile47\"]"}
RESULT: {"using":"xpath","value":"//*[@id=\"__tile47\"]"}
COMMAND: POST /session/ee64515cdf25ffb5f2678bae898e7b66/element/f.7218AE79A50A324A49E8A26ADBA31562.d.5861458CA84C8C8FAE78590C3821949F.e.1267/click - {}
RESULT: undefined
COMMAND: POST /session/ee64515cdf25ffb5f2678bae898e7b66/element - {"using":"xpath","value":"//*[@id=\"__tile47\"]"}
RESULT: {"using":"xpath","value":"//*[@id=\"__tile47\"]"}
COMMAND: POST /session/ee64515cdf25ffb5f2678bae898e7b66/element/f.7218AE79A50A324A49E8A26ADBA31562.d.5861458CA84C8C8FAE78590C3821949F.e.1267/click - {}
RESULT: undefined
COMMAND: POST /session/ee64515cdf25ffb5f2678bae898e7b66/execute/async - {"script":"<script> [6424 bytes]","args":[{"element-6066-11e4-a52e-4f735466cecf":"f.7218AE79A50A324A49E8A26ADBA31562.d.5861458CA84C8C8FAE78590C3821949F.e.288"},"getTitle",[]]}
COMMAND: POST /session/ee64515cdf25ffb5f2678bae898e7b66/execute/async - {"script":"<script> [1562 bytes]","args":[{"selector":{"id":"shellAppTitle"},"wdio_ui5_key":"shellAppTitle"}]}
RESULT: {"script":"<script> [1562 bytes]","args":[{"selector":{"id":"shellAppTitle"},"wdio_ui5_key":"shellAppTitle"}]}
COMMAND: POST /session/ee64515cdf25ffb5f2678bae898e7b66/execute/async - {"script":"<script> [6424 bytes]","args":[{"element-6066-11e4-a52e-4f735466cecf":"f.7218AE79A50A324A49E8A26ADBA31562.d.5861458CA84C8C8FAE78590C3821949F.e.1360"},"getTitle",[]]}
RESULT: {"script":"<script> [6424 bytes]","args":[{"element-6066-11e4-a52e-4f735466cecf":"f.7218AE79A50A324A49E8A26ADBA31562.d.5861458CA84C8C8FAE78590C3821949F.e.1360"},"getTitle",[]]}
RESULT: undefined
COMMAND: POST /session/ee64515cdf25ffb5f2678bae898e7b66/element/f.7218AE79A50A324A49E8A26ADBA31562.d.5861458CA84C8C8FAE78590C3821949F.e.1081/click - {}
COMMAND: POST /session/ee64515cdf25ffb5f2678bae898e7b66/element - {"using":"xpath","value":"//*[@id=\"backBtn\"]"}
RESULT: {"using":"xpath","value":"//*[@id=\"backBtn\"]"}
COMMAND: POST /session/ee64515cdf25ffb5f2678bae898e7b66/element/f.7218AE79A50A324A49E8A26ADBA31562.d.5861458CA84C8C8FAE78590C3821949F.e.1081/click - {}
COMMAND: POST /session/ee64515cdf25ffb5f2678bae898e7b66/element - {"using":"xpath","value":"//*[@id=\"backBtn\"]"}
RESULT: {"using":"xpath","value":"//*[@id=\"backBtn\"]"}
COMMAND: POST /session/ee64515cdf25ffb5f2678bae898e7b66/element/f.7218AE79A50A324A49E8A26ADBA31562.d.5861458CA84C8C8FAE78590C3821949F.e.1361/click - {}
RESULT: {}
COMMAND: GET /session/ee64515cdf25ffb5f2678bae898e7b66/screenshot - {}
RESULT: {}
]]></system-out>
    </testcase>
    <testcase classname="chrome.136_0_7103_93.windows.Sanity_Tests_US104253" name="Should open Manage Purchasing page" time="38.09">
      <system-out><![CDATA[
COMMAND: POST /session/ee64515cdf25ffb5f2678bae898e7b66/execute/async - {"script":"<script> [1562 bytes]","args":[{"selector":{"controlType":"sap.m.GenericTile","properties":{"header":"Manage Purchasing"}},"wdio_ui5_key":"sapm.GenericTile{\"header\":\"Manage Purchasing\"}"}]}
RESULT: {"script":"<script> [1562 bytes]","args":[{"selector":{"controlType":"sap.m.GenericTile","properties":{"header":"Manage Purchasing"}},"wdio_ui5_key":"sapm.GenericTile{\"header\":\"Manage Purchasing\"}"}]}
RESULT: undefined
COMMAND: POST /session/ee64515cdf25ffb5f2678bae898e7b66/element - {"using":"xpath","value":"//*[@id=\"__tile46\"]"}
RESULT: {"using":"xpath","value":"//*[@id=\"__tile46\"]"}
COMMAND: POST /session/ee64515cdf25ffb5f2678bae898e7b66/element/f.7218AE79A50A324A49E8A26ADBA31562.d.5861458CA84C8C8FAE78590C3821949F.e.1364/click - {}
RESULT: {}
COMMAND: GET /session/ee64515cdf25ffb5f2678bae898e7b66/screenshot - {}
RESULT: {}
COMMAND: POST /session/ee64515cdf25ffb5f2678bae898e7b66/elements - {"using":"xpath","value":"//span[text()='Error']"}
RESULT: {"using":"xpath","value":"//span[text()='Error']"}
RESULT: undefined
COMMAND: POST /session/ee64515cdf25ffb5f2678bae898e7b66/element - {"using":"xpath","value":"//*[@id=\"__tile46\"]"}
RESULT: {"using":"xpath","value":"//*[@id=\"__tile46\"]"}
COMMAND: POST /session/ee64515cdf25ffb5f2678bae898e7b66/element/f.7218AE79A50A324A49E8A26ADBA31562.d.5861458CA84C8C8FAE78590C3821949F.e.1364/click - {}
RESULT: undefined
COMMAND: POST /session/ee64515cdf25ffb5f2678bae898e7b66/element - {"using":"xpath","value":"//*[@id=\"__tile46\"]"}
RESULT: {"using":"xpath","value":"//*[@id=\"__tile46\"]"}
COMMAND: POST /session/ee64515cdf25ffb5f2678bae898e7b66/element/f.7218AE79A50A324A49E8A26ADBA31562.d.5861458CA84C8C8FAE78590C3821949F.e.1364/click - {}
RESULT: undefined
COMMAND: POST /session/ee64515cdf25ffb5f2678bae898e7b66/execute/async - {"script":"<script> [6424 bytes]","args":[{"element-6066-11e4-a52e-4f735466cecf":"f.7218AE79A50A324A49E8A26ADBA31562.d.5861458CA84C8C8FAE78590C3821949F.e.288"},"getTitle",[]]}
COMMAND: POST /session/ee64515cdf25ffb5f2678bae898e7b66/execute/async - {"script":"<script> [1562 bytes]","args":[{"selector":{"id":"shellAppTitle"},"wdio_ui5_key":"shellAppTitle"}]}
RESULT: {"script":"<script> [1562 bytes]","args":[{"selector":{"id":"shellAppTitle"},"wdio_ui5_key":"shellAppTitle"}]}
COMMAND: POST /session/ee64515cdf25ffb5f2678bae898e7b66/execute/async - {"script":"<script> [6424 bytes]","args":[{"element-6066-11e4-a52e-4f735466cecf":"f.7218AE79A50A324A49E8A26ADBA31562.d.5861458CA84C8C8FAE78590C3821949F.e.1443"},"getTitle",[]]}
RESULT: {"script":"<script> [6424 bytes]","args":[{"element-6066-11e4-a52e-4f735466cecf":"f.7218AE79A50A324A49E8A26ADBA31562.d.5861458CA84C8C8FAE78590C3821949F.e.1443"},"getTitle",[]]}
RESULT: undefined
COMMAND: POST /session/ee64515cdf25ffb5f2678bae898e7b66/element/f.7218AE79A50A324A49E8A26ADBA31562.d.5861458CA84C8C8FAE78590C3821949F.e.1361/click - {}
RESULT: {}
COMMAND: GET /session/ee64515cdf25ffb5f2678bae898e7b66/screenshot - {}
RESULT: {}
]]></system-out>
    </testcase>
    <testcase classname="chrome.136_0_7103_93.windows.Sanity_Tests_US104253" name="Should open Planning Board page" time="36.089">
      <system-out><![CDATA[
COMMAND: POST /session/ee64515cdf25ffb5f2678bae898e7b66/execute/async - {"script":"<script> [1562 bytes]","args":[{"selector":{"controlType":"sap.m.GenericTile","properties":{"header":"Planning Board"}},"wdio_ui5_key":"sapm.GenericTile{\"header\":\"Planning Board\"}"}]}
RESULT: {"script":"<script> [1562 bytes]","args":[{"selector":{"controlType":"sap.m.GenericTile","properties":{"header":"Planning Board"}},"wdio_ui5_key":"sapm.GenericTile{\"header\":\"Planning Board\"}"}]}
RESULT: undefined
COMMAND: POST /session/ee64515cdf25ffb5f2678bae898e7b66/element - {"using":"xpath","value":"//*[@id=\"__tile131\"]"}
RESULT: {"using":"xpath","value":"//*[@id=\"__tile131\"]"}
COMMAND: POST /session/ee64515cdf25ffb5f2678bae898e7b66/element/f.7218AE79A50A324A49E8A26ADBA31562.d.5861458CA84C8C8FAE78590C3821949F.e.1445/click - {}
RESULT: {}
COMMAND: GET /session/ee64515cdf25ffb5f2678bae898e7b66/screenshot - {}
RESULT: {}
COMMAND: POST /session/ee64515cdf25ffb5f2678bae898e7b66/elements - {"using":"xpath","value":"//span[text()='Error']"}
RESULT: {"using":"xpath","value":"//span[text()='Error']"}
RESULT: undefined
COMMAND: POST /session/ee64515cdf25ffb5f2678bae898e7b66/element - {"using":"xpath","value":"//*[@id=\"__tile131\"]"}
RESULT: {"using":"xpath","value":"//*[@id=\"__tile131\"]"}
COMMAND: POST /session/ee64515cdf25ffb5f2678bae898e7b66/element/f.7218AE79A50A324A49E8A26ADBA31562.d.5861458CA84C8C8FAE78590C3821949F.e.1445/click - {}
RESULT: undefined
COMMAND: POST /session/ee64515cdf25ffb5f2678bae898e7b66/element - {"using":"xpath","value":"//*[@id=\"__tile131\"]"}
RESULT: {"using":"xpath","value":"//*[@id=\"__tile131\"]"}
COMMAND: POST /session/ee64515cdf25ffb5f2678bae898e7b66/element/f.7218AE79A50A324A49E8A26ADBA31562.d.5861458CA84C8C8FAE78590C3821949F.e.1445/click - {}
RESULT: undefined
COMMAND: POST /session/ee64515cdf25ffb5f2678bae898e7b66/execute/async - {"script":"<script> [6424 bytes]","args":[{"element-6066-11e4-a52e-4f735466cecf":"f.7218AE79A50A324A49E8A26ADBA31562.d.5861458CA84C8C8FAE78590C3821949F.e.288"},"getTitle",[]]}
COMMAND: POST /session/ee64515cdf25ffb5f2678bae898e7b66/execute/async - {"script":"<script> [1562 bytes]","args":[{"selector":{"id":"shellAppTitle"},"wdio_ui5_key":"shellAppTitle"}]}
RESULT: {"script":"<script> [1562 bytes]","args":[{"selector":{"id":"shellAppTitle"},"wdio_ui5_key":"shellAppTitle"}]}
COMMAND: POST /session/ee64515cdf25ffb5f2678bae898e7b66/execute/async - {"script":"<script> [6424 bytes]","args":[{"element-6066-11e4-a52e-4f735466cecf":"f.7218AE79A50A324A49E8A26ADBA31562.d.5861458CA84C8C8FAE78590C3821949F.e.1491"},"getTitle",[]]}
RESULT: {"script":"<script> [6424 bytes]","args":[{"element-6066-11e4-a52e-4f735466cecf":"f.7218AE79A50A324A49E8A26ADBA31562.d.5861458CA84C8C8FAE78590C3821949F.e.1491"},"getTitle",[]]}
RESULT: undefined
COMMAND: POST /session/ee64515cdf25ffb5f2678bae898e7b66/element/f.7218AE79A50A324A49E8A26ADBA31562.d.5861458CA84C8C8FAE78590C3821949F.e.1361/click - {}
COMMAND: POST /session/ee64515cdf25ffb5f2678bae898e7b66/element/f.7218AE79A50A324A49E8A26ADBA31562.d.5861458CA84C8C8FAE78590C3821949F.e.1361/click - {}
COMMAND: POST /session/ee64515cdf25ffb5f2678bae898e7b66/element - {"using":"xpath","value":"//*[@id=\"backBtn\"]"}
COMMAND: POST /session/ee64515cdf25ffb5f2678bae898e7b66/element - {"using":"xpath","value":"//*[@id=\"backBtn\"]"}
RESULT: {"using":"xpath","value":"//*[@id=\"backBtn\"]"}
COMMAND: POST /session/ee64515cdf25ffb5f2678bae898e7b66/element/f.7218AE79A50A324A49E8A26ADBA31562.d.5861458CA84C8C8FAE78590C3821949F.e.1361/click - {}
RESULT: {"using":"xpath","value":"//*[@id=\"backBtn\"]"}
COMMAND: POST /session/ee64515cdf25ffb5f2678bae898e7b66/element/f.7218AE79A50A324A49E8A26ADBA31562.d.5861458CA84C8C8FAE78590C3821949F.e.1361/click - {}
COMMAND: POST /session/ee64515cdf25ffb5f2678bae898e7b66/element - {"using":"xpath","value":"//*[@id=\"backBtn\"]"}
COMMAND: POST /session/ee64515cdf25ffb5f2678bae898e7b66/element - {"using":"xpath","value":"//*[@id=\"backBtn\"]"}
RESULT: {"using":"xpath","value":"//*[@id=\"backBtn\"]"}
COMMAND: POST /session/ee64515cdf25ffb5f2678bae898e7b66/element/f.7218AE79A50A324A49E8A26ADBA31562.d.5861458CA84C8C8FAE78590C3821949F.e.1492/click - {}
RESULT: {"using":"xpath","value":"//*[@id=\"backBtn\"]"}
COMMAND: POST /session/ee64515cdf25ffb5f2678bae898e7b66/element/f.7218AE79A50A324A49E8A26ADBA31562.d.5861458CA84C8C8FAE78590C3821949F.e.1492/click - {}
RESULT: {}
COMMAND: GET /session/ee64515cdf25ffb5f2678bae898e7b66/screenshot - {}
RESULT: {}
COMMAND: GET /session/ee64515cdf25ffb5f2678bae898e7b66/screenshot - {}
RESULT: {}
RESULT: {}
]]></system-out>
    </testcase>
    <testcase classname="chrome.136_0_7103_93.windows.Sanity_Tests_US104253" name="Should open Manage Contracts page" time="39.607">
      <system-out><![CDATA[
COMMAND: POST /session/ee64515cdf25ffb5f2678bae898e7b66/execute/async - {"script":"<script> [1562 bytes]","args":[{"selector":{"controlType":"sap.m.GenericTile","properties":{"header":"Manage Contracts"}},"wdio_ui5_key":"sapm.GenericTile{\"header\":\"Manage Contracts\"}"}]}
RESULT: {"script":"<script> [1562 bytes]","args":[{"selector":{"controlType":"sap.m.GenericTile","properties":{"header":"Manage Contracts"}},"wdio_ui5_key":"sapm.GenericTile{\"header\":\"Manage Contracts\"}"}]}
RESULT: undefined
COMMAND: POST /session/ee64515cdf25ffb5f2678bae898e7b66/element - {"using":"xpath","value":"//*[@id=\"__tile133\"]"}
RESULT: {"using":"xpath","value":"//*[@id=\"__tile133\"]"}
COMMAND: POST /session/ee64515cdf25ffb5f2678bae898e7b66/element/f.7218AE79A50A324A49E8A26ADBA31562.d.5861458CA84C8C8FAE78590C3821949F.e.1494/click - {}
RESULT: {}
COMMAND: GET /session/ee64515cdf25ffb5f2678bae898e7b66/screenshot - {}
RESULT: {}
COMMAND: POST /session/ee64515cdf25ffb5f2678bae898e7b66/elements - {"using":"xpath","value":"//span[text()='Error']"}
RESULT: {"using":"xpath","value":"//span[text()='Error']"}
RESULT: undefined
COMMAND: POST /session/ee64515cdf25ffb5f2678bae898e7b66/element - {"using":"xpath","value":"//*[@id=\"__tile133\"]"}
RESULT: {"using":"xpath","value":"//*[@id=\"__tile133\"]"}
COMMAND: POST /session/ee64515cdf25ffb5f2678bae898e7b66/element/f.7218AE79A50A324A49E8A26ADBA31562.d.5861458CA84C8C8FAE78590C3821949F.e.1494/click - {}
RESULT: undefined
COMMAND: POST /session/ee64515cdf25ffb5f2678bae898e7b66/element - {"using":"xpath","value":"//*[@id=\"__tile133\"]"}
RESULT: {"using":"xpath","value":"//*[@id=\"__tile133\"]"}
COMMAND: POST /session/ee64515cdf25ffb5f2678bae898e7b66/element/f.7218AE79A50A324A49E8A26ADBA31562.d.5861458CA84C8C8FAE78590C3821949F.e.1494/click - {}
RESULT: undefined
COMMAND: POST /session/ee64515cdf25ffb5f2678bae898e7b66/execute/async - {"script":"<script> [6424 bytes]","args":[{"element-6066-11e4-a52e-4f735466cecf":"f.7218AE79A50A324A49E8A26ADBA31562.d.5861458CA84C8C8FAE78590C3821949F.e.288"},"getTitle",[]]}
COMMAND: POST /session/ee64515cdf25ffb5f2678bae898e7b66/execute/async - {"script":"<script> [1562 bytes]","args":[{"selector":{"id":"shellAppTitle"},"wdio_ui5_key":"shellAppTitle"}]}
RESULT: {"script":"<script> [1562 bytes]","args":[{"selector":{"id":"shellAppTitle"},"wdio_ui5_key":"shellAppTitle"}]}
COMMAND: POST /session/ee64515cdf25ffb5f2678bae898e7b66/execute/async - {"script":"<script> [6424 bytes]","args":[{"element-6066-11e4-a52e-4f735466cecf":"f.7218AE79A50A324A49E8A26ADBA31562.d.5861458CA84C8C8FAE78590C3821949F.e.1557"},"getTitle",[]]}
RESULT: {"script":"<script> [6424 bytes]","args":[{"element-6066-11e4-a52e-4f735466cecf":"f.7218AE79A50A324A49E8A26ADBA31562.d.5861458CA84C8C8FAE78590C3821949F.e.1557"},"getTitle",[]]}
RESULT: undefined
COMMAND: POST /session/ee64515cdf25ffb5f2678bae898e7b66/element/f.7218AE79A50A324A49E8A26ADBA31562.d.5861458CA84C8C8FAE78590C3821949F.e.1492/click - {}
RESULT: {}
COMMAND: GET /session/ee64515cdf25ffb5f2678bae898e7b66/screenshot - {}
RESULT: {}
]]></system-out>
    </testcase>
    <testcase classname="chrome.136_0_7103_93.windows.Sanity_Tests_US104253" name="Should open Manage Quotations page" time="36.264">
      <system-out><![CDATA[
COMMAND: POST /session/ee64515cdf25ffb5f2678bae898e7b66/execute/async - {"script":"<script> [1562 bytes]","args":[{"selector":{"controlType":"sap.m.GenericTile","properties":{"header":"Manage Quotations"}},"wdio_ui5_key":"sapm.GenericTile{\"header\":\"Manage Quotations\"}"}]}
RESULT: {"script":"<script> [1562 bytes]","args":[{"selector":{"controlType":"sap.m.GenericTile","properties":{"header":"Manage Quotations"}},"wdio_ui5_key":"sapm.GenericTile{\"header\":\"Manage Quotations\"}"}]}
RESULT: undefined
COMMAND: POST /session/ee64515cdf25ffb5f2678bae898e7b66/element - {"using":"xpath","value":"//*[@id=\"__tile132\"]"}
RESULT: {"using":"xpath","value":"//*[@id=\"__tile132\"]"}
COMMAND: POST /session/ee64515cdf25ffb5f2678bae898e7b66/element/f.7218AE79A50A324A49E8A26ADBA31562.d.5861458CA84C8C8FAE78590C3821949F.e.1559/click - {}
RESULT: {}
COMMAND: GET /session/ee64515cdf25ffb5f2678bae898e7b66/screenshot - {}
RESULT: {}
COMMAND: POST /session/ee64515cdf25ffb5f2678bae898e7b66/elements - {"using":"xpath","value":"//span[text()='Error']"}
RESULT: {"using":"xpath","value":"//span[text()='Error']"}
RESULT: undefined
COMMAND: POST /session/ee64515cdf25ffb5f2678bae898e7b66/element - {"using":"xpath","value":"//*[@id=\"__tile132\"]"}
RESULT: {"using":"xpath","value":"//*[@id=\"__tile132\"]"}
COMMAND: POST /session/ee64515cdf25ffb5f2678bae898e7b66/element/f.7218AE79A50A324A49E8A26ADBA31562.d.5861458CA84C8C8FAE78590C3821949F.e.1559/click - {}
RESULT: undefined
COMMAND: POST /session/ee64515cdf25ffb5f2678bae898e7b66/element - {"using":"xpath","value":"//*[@id=\"__tile132\"]"}
RESULT: {"using":"xpath","value":"//*[@id=\"__tile132\"]"}
COMMAND: POST /session/ee64515cdf25ffb5f2678bae898e7b66/element/f.7218AE79A50A324A49E8A26ADBA31562.d.5861458CA84C8C8FAE78590C3821949F.e.1559/click - {}
RESULT: undefined
COMMAND: POST /session/ee64515cdf25ffb5f2678bae898e7b66/execute/async - {"script":"<script> [6424 bytes]","args":[{"element-6066-11e4-a52e-4f735466cecf":"f.7218AE79A50A324A49E8A26ADBA31562.d.5861458CA84C8C8FAE78590C3821949F.e.288"},"getTitle",[]]}
COMMAND: POST /session/ee64515cdf25ffb5f2678bae898e7b66/execute/async - {"script":"<script> [1562 bytes]","args":[{"selector":{"id":"shellAppTitle"},"wdio_ui5_key":"shellAppTitle"}]}
RESULT: {"script":"<script> [1562 bytes]","args":[{"selector":{"id":"shellAppTitle"},"wdio_ui5_key":"shellAppTitle"}]}
COMMAND: POST /session/ee64515cdf25ffb5f2678bae898e7b66/execute/async - {"script":"<script> [6424 bytes]","args":[{"element-6066-11e4-a52e-4f735466cecf":"f.7218AE79A50A324A49E8A26ADBA31562.d.5861458CA84C8C8FAE78590C3821949F.e.1634"},"getTitle",[]]}
RESULT: {"script":"<script> [6424 bytes]","args":[{"element-6066-11e4-a52e-4f735466cecf":"f.7218AE79A50A324A49E8A26ADBA31562.d.5861458CA84C8C8FAE78590C3821949F.e.1634"},"getTitle",[]]}
RESULT: undefined
COMMAND: POST /session/ee64515cdf25ffb5f2678bae898e7b66/element/f.7218AE79A50A324A49E8A26ADBA31562.d.5861458CA84C8C8FAE78590C3821949F.e.1492/click - {}
COMMAND: POST /session/ee64515cdf25ffb5f2678bae898e7b66/element - {"using":"xpath","value":"//*[@id=\"backBtn\"]"}
RESULT: {"using":"xpath","value":"//*[@id=\"backBtn\"]"}
COMMAND: POST /session/ee64515cdf25ffb5f2678bae898e7b66/element/f.7218AE79A50A324A49E8A26ADBA31562.d.5861458CA84C8C8FAE78590C3821949F.e.1492/click - {}
COMMAND: POST /session/ee64515cdf25ffb5f2678bae898e7b66/element - {"using":"xpath","value":"//*[@id=\"backBtn\"]"}
RESULT: {"using":"xpath","value":"//*[@id=\"backBtn\"]"}
COMMAND: POST /session/ee64515cdf25ffb5f2678bae898e7b66/element/f.7218AE79A50A324A49E8A26ADBA31562.d.5861458CA84C8C8FAE78590C3821949F.e.1635/click - {}
RESULT: {}
COMMAND: GET /session/ee64515cdf25ffb5f2678bae898e7b66/screenshot - {}
RESULT: {}
]]></system-out>
    </testcase>
    <testcase classname="chrome.136_0_7103_93.windows.Sanity_Tests_US104253" name="Should open Manage Handovers page" time="42.854">
      <system-out><![CDATA[
COMMAND: POST /session/ee64515cdf25ffb5f2678bae898e7b66/execute/async - {"script":"<script> [1562 bytes]","args":[{"selector":{"controlType":"sap.m.GenericTile","properties":{"header":"Manage Handovers"}},"wdio_ui5_key":"sapm.GenericTile{\"header\":\"Manage Handovers\"}"}]}
RESULT: {"script":"<script> [1562 bytes]","args":[{"selector":{"controlType":"sap.m.GenericTile","properties":{"header":"Manage Handovers"}},"wdio_ui5_key":"sapm.GenericTile{\"header\":\"Manage Handovers\"}"}]}
RESULT: undefined
COMMAND: POST /session/ee64515cdf25ffb5f2678bae898e7b66/element - {"using":"xpath","value":"//*[@id=\"__tile130\"]"}
RESULT: {"using":"xpath","value":"//*[@id=\"__tile130\"]"}
COMMAND: POST /session/ee64515cdf25ffb5f2678bae898e7b66/element/f.7218AE79A50A324A49E8A26ADBA31562.d.5861458CA84C8C8FAE78590C3821949F.e.1637/click - {}
RESULT: {}
COMMAND: GET /session/ee64515cdf25ffb5f2678bae898e7b66/screenshot - {}
RESULT: {}
COMMAND: POST /session/ee64515cdf25ffb5f2678bae898e7b66/elements - {"using":"xpath","value":"//span[text()='Error']"}
RESULT: {"using":"xpath","value":"//span[text()='Error']"}
RESULT: undefined
COMMAND: POST /session/ee64515cdf25ffb5f2678bae898e7b66/element - {"using":"xpath","value":"//*[@id=\"__tile130\"]"}
RESULT: {"using":"xpath","value":"//*[@id=\"__tile130\"]"}
COMMAND: POST /session/ee64515cdf25ffb5f2678bae898e7b66/element/f.7218AE79A50A324A49E8A26ADBA31562.d.5861458CA84C8C8FAE78590C3821949F.e.1637/click - {}
RESULT: undefined
COMMAND: POST /session/ee64515cdf25ffb5f2678bae898e7b66/element - {"using":"xpath","value":"//*[@id=\"__tile130\"]"}
RESULT: {"using":"xpath","value":"//*[@id=\"__tile130\"]"}
COMMAND: POST /session/ee64515cdf25ffb5f2678bae898e7b66/element/f.7218AE79A50A324A49E8A26ADBA31562.d.5861458CA84C8C8FAE78590C3821949F.e.1637/click - {}
RESULT: undefined
COMMAND: POST /session/ee64515cdf25ffb5f2678bae898e7b66/execute/async - {"script":"<script> [6424 bytes]","args":[{"element-6066-11e4-a52e-4f735466cecf":"f.7218AE79A50A324A49E8A26ADBA31562.d.5861458CA84C8C8FAE78590C3821949F.e.288"},"getTitle",[]]}
COMMAND: POST /session/ee64515cdf25ffb5f2678bae898e7b66/execute/async - {"script":"<script> [1562 bytes]","args":[{"selector":{"id":"shellAppTitle"},"wdio_ui5_key":"shellAppTitle"}]}
RESULT: {"script":"<script> [1562 bytes]","args":[{"selector":{"id":"shellAppTitle"},"wdio_ui5_key":"shellAppTitle"}]}
COMMAND: POST /session/ee64515cdf25ffb5f2678bae898e7b66/execute/async - {"script":"<script> [6424 bytes]","args":[{"element-6066-11e4-a52e-4f735466cecf":"f.7218AE79A50A324A49E8A26ADBA31562.d.5861458CA84C8C8FAE78590C3821949F.e.1735"},"getTitle",[]]}
RESULT: {"script":"<script> [6424 bytes]","args":[{"element-6066-11e4-a52e-4f735466cecf":"f.7218AE79A50A324A49E8A26ADBA31562.d.5861458CA84C8C8FAE78590C3821949F.e.1735"},"getTitle",[]]}
RESULT: undefined
COMMAND: POST /session/ee64515cdf25ffb5f2678bae898e7b66/element/f.7218AE79A50A324A49E8A26ADBA31562.d.5861458CA84C8C8FAE78590C3821949F.e.1635/click - {}
RESULT: {}
COMMAND: GET /session/ee64515cdf25ffb5f2678bae898e7b66/screenshot - {}
RESULT: {}
]]></system-out>
    </testcase>
    <testcase classname="chrome.136_0_7103_93.windows.Sanity_Tests_US104253" name="Should open Delivery Monitor page" time="39.283">
      <system-out><![CDATA[
COMMAND: POST /session/ee64515cdf25ffb5f2678bae898e7b66/execute/async - {"script":"<script> [1562 bytes]","args":[{"selector":{"controlType":"sap.m.GenericTile","properties":{"header":"Delivery Monitor"}},"wdio_ui5_key":"sapm.GenericTile{\"header\":\"Delivery Monitor\"}"}]}
RESULT: {"script":"<script> [1562 bytes]","args":[{"selector":{"controlType":"sap.m.GenericTile","properties":{"header":"Delivery Monitor"}},"wdio_ui5_key":"sapm.GenericTile{\"header\":\"Delivery Monitor\"}"}]}
RESULT: undefined
COMMAND: POST /session/ee64515cdf25ffb5f2678bae898e7b66/element - {"using":"xpath","value":"//*[@id=\"__tile43\"]"}
RESULT: {"using":"xpath","value":"//*[@id=\"__tile43\"]"}
COMMAND: POST /session/ee64515cdf25ffb5f2678bae898e7b66/element/f.7218AE79A50A324A49E8A26ADBA31562.d.5861458CA84C8C8FAE78590C3821949F.e.1737/click - {}
RESULT: {}
COMMAND: GET /session/ee64515cdf25ffb5f2678bae898e7b66/screenshot - {}
RESULT: {}
COMMAND: POST /session/ee64515cdf25ffb5f2678bae898e7b66/elements - {"using":"xpath","value":"//span[text()='Error']"}
RESULT: {"using":"xpath","value":"//span[text()='Error']"}
RESULT: undefined
COMMAND: POST /session/ee64515cdf25ffb5f2678bae898e7b66/element - {"using":"xpath","value":"//*[@id=\"__tile43\"]"}
RESULT: {"using":"xpath","value":"//*[@id=\"__tile43\"]"}
COMMAND: POST /session/ee64515cdf25ffb5f2678bae898e7b66/element/f.7218AE79A50A324A49E8A26ADBA31562.d.5861458CA84C8C8FAE78590C3821949F.e.1737/click - {}
RESULT: undefined
COMMAND: POST /session/ee64515cdf25ffb5f2678bae898e7b66/element - {"using":"xpath","value":"//*[@id=\"__tile43\"]"}
RESULT: {"using":"xpath","value":"//*[@id=\"__tile43\"]"}
COMMAND: POST /session/ee64515cdf25ffb5f2678bae898e7b66/element/f.7218AE79A50A324A49E8A26ADBA31562.d.5861458CA84C8C8FAE78590C3821949F.e.1737/click - {}
RESULT: undefined
COMMAND: POST /session/ee64515cdf25ffb5f2678bae898e7b66/execute/async - {"script":"<script> [6424 bytes]","args":[{"element-6066-11e4-a52e-4f735466cecf":"f.7218AE79A50A324A49E8A26ADBA31562.d.5861458CA84C8C8FAE78590C3821949F.e.288"},"getTitle",[]]}
COMMAND: POST /session/ee64515cdf25ffb5f2678bae898e7b66/execute/async - {"script":"<script> [1562 bytes]","args":[{"selector":{"id":"shellAppTitle"},"wdio_ui5_key":"shellAppTitle"}]}
RESULT: {"script":"<script> [1562 bytes]","args":[{"selector":{"id":"shellAppTitle"},"wdio_ui5_key":"shellAppTitle"}]}
COMMAND: POST /session/ee64515cdf25ffb5f2678bae898e7b66/execute/async - {"script":"<script> [6424 bytes]","args":[{"element-6066-11e4-a52e-4f735466cecf":"f.7218AE79A50A324A49E8A26ADBA31562.d.5861458CA84C8C8FAE78590C3821949F.e.1843"},"getTitle",[]]}
RESULT: {"script":"<script> [6424 bytes]","args":[{"element-6066-11e4-a52e-4f735466cecf":"f.7218AE79A50A324A49E8A26ADBA31562.d.5861458CA84C8C8FAE78590C3821949F.e.1843"},"getTitle",[]]}
RESULT: undefined
COMMAND: POST /session/ee64515cdf25ffb5f2678bae898e7b66/element/f.7218AE79A50A324A49E8A26ADBA31562.d.5861458CA84C8C8FAE78590C3821949F.e.1635/click - {}
COMMAND: POST /session/ee64515cdf25ffb5f2678bae898e7b66/element - {"using":"xpath","value":"//*[@id=\"backBtn\"]"}
RESULT: {"using":"xpath","value":"//*[@id=\"backBtn\"]"}
COMMAND: POST /session/ee64515cdf25ffb5f2678bae898e7b66/element/f.7218AE79A50A324A49E8A26ADBA31562.d.5861458CA84C8C8FAE78590C3821949F.e.1635/click - {}
COMMAND: POST /session/ee64515cdf25ffb5f2678bae898e7b66/element - {"using":"xpath","value":"//*[@id=\"backBtn\"]"}
RESULT: {"using":"xpath","value":"//*[@id=\"backBtn\"]"}
COMMAND: POST /session/ee64515cdf25ffb5f2678bae898e7b66/element/f.7218AE79A50A324A49E8A26ADBA31562.d.5861458CA84C8C8FAE78590C3821949F.e.1844/click - {}
RESULT: {}
COMMAND: GET /session/ee64515cdf25ffb5f2678bae898e7b66/screenshot - {}
RESULT: {}
]]></system-out>
    </testcase>
    <testcase classname="chrome.136_0_7103_93.windows.Sanity_Tests_US104253" name="Should open Manage Calendar Exceptions page" time="37.626">
      <system-out><![CDATA[
COMMAND: POST /session/ee64515cdf25ffb5f2678bae898e7b66/execute/async - {"script":"<script> [1562 bytes]","args":[{"selector":{"controlType":"sap.m.GenericTile","properties":{"header":"Manage Calendar Exceptions"}},"wdio_ui5_key":"sapm.GenericTile{\"header\":\"Manage Calendar Exceptions\"}"}]}
RESULT: {"script":"<script> [1562 bytes]","args":[{"selector":{"controlType":"sap.m.GenericTile","properties":{"header":"Manage Calendar Exceptions"}},"wdio_ui5_key":"sapm.GenericTile{\"header\":\"Manage Calendar Exceptions\"}"}]}
RESULT: undefined
COMMAND: POST /session/ee64515cdf25ffb5f2678bae898e7b66/element - {"using":"xpath","value":"//*[@id=\"__tile52\"]"}
RESULT: {"using":"xpath","value":"//*[@id=\"__tile52\"]"}
COMMAND: POST /session/ee64515cdf25ffb5f2678bae898e7b66/element/f.7218AE79A50A324A49E8A26ADBA31562.d.5861458CA84C8C8FAE78590C3821949F.e.1846/click - {}
RESULT: {}
COMMAND: GET /session/ee64515cdf25ffb5f2678bae898e7b66/screenshot - {}
RESULT: {}
COMMAND: POST /session/ee64515cdf25ffb5f2678bae898e7b66/elements - {"using":"xpath","value":"//span[text()='Error']"}
RESULT: {"using":"xpath","value":"//span[text()='Error']"}
RESULT: undefined
COMMAND: POST /session/ee64515cdf25ffb5f2678bae898e7b66/element - {"using":"xpath","value":"//*[@id=\"__tile52\"]"}
RESULT: {"using":"xpath","value":"//*[@id=\"__tile52\"]"}
COMMAND: POST /session/ee64515cdf25ffb5f2678bae898e7b66/element/f.7218AE79A50A324A49E8A26ADBA31562.d.5861458CA84C8C8FAE78590C3821949F.e.1846/click - {}
RESULT: undefined
COMMAND: POST /session/ee64515cdf25ffb5f2678bae898e7b66/element - {"using":"xpath","value":"//*[@id=\"__tile52\"]"}
RESULT: {"using":"xpath","value":"//*[@id=\"__tile52\"]"}
COMMAND: POST /session/ee64515cdf25ffb5f2678bae898e7b66/element/f.7218AE79A50A324A49E8A26ADBA31562.d.5861458CA84C8C8FAE78590C3821949F.e.1846/click - {}
RESULT: undefined
COMMAND: POST /session/ee64515cdf25ffb5f2678bae898e7b66/execute/async - {"script":"<script> [6424 bytes]","args":[{"element-6066-11e4-a52e-4f735466cecf":"f.7218AE79A50A324A49E8A26ADBA31562.d.5861458CA84C8C8FAE78590C3821949F.e.288"},"getTitle",[]]}
COMMAND: POST /session/ee64515cdf25ffb5f2678bae898e7b66/execute/async - {"script":"<script> [1562 bytes]","args":[{"selector":{"id":"shellAppTitle"},"wdio_ui5_key":"shellAppTitle"}]}
RESULT: {"script":"<script> [1562 bytes]","args":[{"selector":{"id":"shellAppTitle"},"wdio_ui5_key":"shellAppTitle"}]}
COMMAND: POST /session/ee64515cdf25ffb5f2678bae898e7b66/execute/async - {"script":"<script> [6424 bytes]","args":[{"element-6066-11e4-a52e-4f735466cecf":"f.7218AE79A50A324A49E8A26ADBA31562.d.5861458CA84C8C8FAE78590C3821949F.e.1898"},"getTitle",[]]}
RESULT: {"script":"<script> [6424 bytes]","args":[{"element-6066-11e4-a52e-4f735466cecf":"f.7218AE79A50A324A49E8A26ADBA31562.d.5861458CA84C8C8FAE78590C3821949F.e.1898"},"getTitle",[]]}
RESULT: undefined
COMMAND: POST /session/ee64515cdf25ffb5f2678bae898e7b66/element/f.7218AE79A50A324A49E8A26ADBA31562.d.5861458CA84C8C8FAE78590C3821949F.e.1844/click - {}
RESULT: {}
COMMAND: GET /session/ee64515cdf25ffb5f2678bae898e7b66/screenshot - {}
RESULT: {}
]]></system-out>
    </testcase>
    <testcase classname="chrome.136_0_7103_93.windows.Sanity_Tests_US104253" name="Should open Manage States Performance page" time="39.972">
      <system-out><![CDATA[
COMMAND: POST /session/ee64515cdf25ffb5f2678bae898e7b66/execute/async - {"script":"<script> [1562 bytes]","args":[{"selector":{"controlType":"sap.m.GenericTile","properties":{"header":"Manage States & Performance"}},"wdio_ui5_key":"sapm.GenericTile{\"header\":\"Manage States & Performance\"}"}]}
RESULT: {"script":"<script> [1562 bytes]","args":[{"selector":{"controlType":"sap.m.GenericTile","properties":{"header":"Manage States & Performance"}},"wdio_ui5_key":"sapm.GenericTile{\"header\":\"Manage States & Performance\"}"}]}
RESULT: undefined
COMMAND: POST /session/ee64515cdf25ffb5f2678bae898e7b66/element - {"using":"xpath","value":"//*[@id=\"__tile56\"]"}
RESULT: {"using":"xpath","value":"//*[@id=\"__tile56\"]"}
COMMAND: POST /session/ee64515cdf25ffb5f2678bae898e7b66/element/f.7218AE79A50A324A49E8A26ADBA31562.d.5861458CA84C8C8FAE78590C3821949F.e.1902/click - {}
RESULT: {}
COMMAND: GET /session/ee64515cdf25ffb5f2678bae898e7b66/screenshot - {}
RESULT: {}
COMMAND: POST /session/ee64515cdf25ffb5f2678bae898e7b66/elements - {"using":"xpath","value":"//span[text()='Error']"}
RESULT: {"using":"xpath","value":"//span[text()='Error']"}
RESULT: undefined
COMMAND: POST /session/ee64515cdf25ffb5f2678bae898e7b66/element - {"using":"xpath","value":"//*[@id=\"__tile56\"]"}
RESULT: {"using":"xpath","value":"//*[@id=\"__tile56\"]"}
COMMAND: POST /session/ee64515cdf25ffb5f2678bae898e7b66/element/f.7218AE79A50A324A49E8A26ADBA31562.d.5861458CA84C8C8FAE78590C3821949F.e.1902/click - {}
RESULT: undefined
COMMAND: POST /session/ee64515cdf25ffb5f2678bae898e7b66/element - {"using":"xpath","value":"//*[@id=\"__tile56\"]"}
RESULT: {"using":"xpath","value":"//*[@id=\"__tile56\"]"}
COMMAND: POST /session/ee64515cdf25ffb5f2678bae898e7b66/element/f.7218AE79A50A324A49E8A26ADBA31562.d.5861458CA84C8C8FAE78590C3821949F.e.1902/click - {}
RESULT: undefined
COMMAND: POST /session/ee64515cdf25ffb5f2678bae898e7b66/execute/async - {"script":"<script> [6424 bytes]","args":[{"element-6066-11e4-a52e-4f735466cecf":"f.7218AE79A50A324A49E8A26ADBA31562.d.5861458CA84C8C8FAE78590C3821949F.e.288"},"getTitle",[]]}
COMMAND: POST /session/ee64515cdf25ffb5f2678bae898e7b66/execute/async - {"script":"<script> [1562 bytes]","args":[{"selector":{"id":"shellAppTitle"},"wdio_ui5_key":"shellAppTitle"}]}
RESULT: {"script":"<script> [1562 bytes]","args":[{"selector":{"id":"shellAppTitle"},"wdio_ui5_key":"shellAppTitle"}]}
COMMAND: POST /session/ee64515cdf25ffb5f2678bae898e7b66/execute/async - {"script":"<script> [6424 bytes]","args":[{"element-6066-11e4-a52e-4f735466cecf":"f.7218AE79A50A324A49E8A26ADBA31562.d.5861458CA84C8C8FAE78590C3821949F.e.1995"},"getTitle",[]]}
RESULT: {"script":"<script> [6424 bytes]","args":[{"element-6066-11e4-a52e-4f735466cecf":"f.7218AE79A50A324A49E8A26ADBA31562.d.5861458CA84C8C8FAE78590C3821949F.e.1995"},"getTitle",[]]}
RESULT: undefined
COMMAND: POST /session/ee64515cdf25ffb5f2678bae898e7b66/element/f.7218AE79A50A324A49E8A26ADBA31562.d.5861458CA84C8C8FAE78590C3821949F.e.1844/click - {}
COMMAND: POST /session/ee64515cdf25ffb5f2678bae898e7b66/element - {"using":"xpath","value":"//*[@id=\"backBtn\"]"}
RESULT: {"using":"xpath","value":"//*[@id=\"backBtn\"]"}
COMMAND: POST /session/ee64515cdf25ffb5f2678bae898e7b66/element/f.7218AE79A50A324A49E8A26ADBA31562.d.5861458CA84C8C8FAE78590C3821949F.e.1844/click - {}
COMMAND: POST /session/ee64515cdf25ffb5f2678bae898e7b66/element - {"using":"xpath","value":"//*[@id=\"backBtn\"]"}
RESULT: {"using":"xpath","value":"//*[@id=\"backBtn\"]"}
COMMAND: POST /session/ee64515cdf25ffb5f2678bae898e7b66/element/f.7218AE79A50A324A49E8A26ADBA31562.d.5861458CA84C8C8FAE78590C3821949F.e.1996/click - {}
RESULT: {}
COMMAND: GET /session/ee64515cdf25ffb5f2678bae898e7b66/screenshot - {}
RESULT: {}
]]></system-out>
    </testcase>
    <testcase classname="chrome.136_0_7103_93.windows.Sanity_Tests_US104253" name="Should open Manage Billings page" time="41.993">
      <system-out><![CDATA[
COMMAND: POST /session/ee64515cdf25ffb5f2678bae898e7b66/execute/async - {"script":"<script> [1562 bytes]","args":[{"selector":{"controlType":"sap.m.GenericTile","properties":{"header":"Manage Billings"}},"wdio_ui5_key":"sapm.GenericTile{\"header\":\"Manage Billings\"}"}]}
RESULT: {"script":"<script> [1562 bytes]","args":[{"selector":{"controlType":"sap.m.GenericTile","properties":{"header":"Manage Billings"}},"wdio_ui5_key":"sapm.GenericTile{\"header\":\"Manage Billings\"}"}]}
RESULT: undefined
COMMAND: POST /session/ee64515cdf25ffb5f2678bae898e7b66/element - {"using":"xpath","value":"//*[@id=\"__tile51\"]"}
RESULT: {"using":"xpath","value":"//*[@id=\"__tile51\"]"}
COMMAND: POST /session/ee64515cdf25ffb5f2678bae898e7b66/element/f.7218AE79A50A324A49E8A26ADBA31562.d.5861458CA84C8C8FAE78590C3821949F.e.1998/click - {}
RESULT: {}
COMMAND: GET /session/ee64515cdf25ffb5f2678bae898e7b66/screenshot - {}
RESULT: {}
COMMAND: POST /session/ee64515cdf25ffb5f2678bae898e7b66/elements - {"using":"xpath","value":"//span[text()='Error']"}
RESULT: {"using":"xpath","value":"//span[text()='Error']"}
RESULT: undefined
COMMAND: POST /session/ee64515cdf25ffb5f2678bae898e7b66/element - {"using":"xpath","value":"//*[@id=\"__tile51\"]"}
RESULT: {"using":"xpath","value":"//*[@id=\"__tile51\"]"}
COMMAND: POST /session/ee64515cdf25ffb5f2678bae898e7b66/element/f.7218AE79A50A324A49E8A26ADBA31562.d.5861458CA84C8C8FAE78590C3821949F.e.1998/click - {}
RESULT: undefined
COMMAND: POST /session/ee64515cdf25ffb5f2678bae898e7b66/element - {"using":"xpath","value":"//*[@id=\"__tile51\"]"}
RESULT: {"using":"xpath","value":"//*[@id=\"__tile51\"]"}
COMMAND: POST /session/ee64515cdf25ffb5f2678bae898e7b66/element/f.7218AE79A50A324A49E8A26ADBA31562.d.5861458CA84C8C8FAE78590C3821949F.e.1998/click - {}
RESULT: undefined
COMMAND: POST /session/ee64515cdf25ffb5f2678bae898e7b66/execute/async - {"script":"<script> [6424 bytes]","args":[{"element-6066-11e4-a52e-4f735466cecf":"f.7218AE79A50A324A49E8A26ADBA31562.d.5861458CA84C8C8FAE78590C3821949F.e.288"},"getTitle",[]]}
COMMAND: POST /session/ee64515cdf25ffb5f2678bae898e7b66/execute/async - {"script":"<script> [1562 bytes]","args":[{"selector":{"id":"shellAppTitle"},"wdio_ui5_key":"shellAppTitle"}]}
RESULT: {"script":"<script> [1562 bytes]","args":[{"selector":{"id":"shellAppTitle"},"wdio_ui5_key":"shellAppTitle"}]}
COMMAND: POST /session/ee64515cdf25ffb5f2678bae898e7b66/execute/async - {"script":"<script> [6424 bytes]","args":[{"element-6066-11e4-a52e-4f735466cecf":"f.7218AE79A50A324A49E8A26ADBA31562.d.5861458CA84C8C8FAE78590C3821949F.e.2193"},"getTitle",[]]}
RESULT: {"script":"<script> [6424 bytes]","args":[{"element-6066-11e4-a52e-4f735466cecf":"f.7218AE79A50A324A49E8A26ADBA31562.d.5861458CA84C8C8FAE78590C3821949F.e.2193"},"getTitle",[]]}
RESULT: undefined
COMMAND: POST /session/ee64515cdf25ffb5f2678bae898e7b66/element/f.7218AE79A50A324A49E8A26ADBA31562.d.5861458CA84C8C8FAE78590C3821949F.e.1996/click - {}
COMMAND: POST /session/ee64515cdf25ffb5f2678bae898e7b66/element/f.7218AE79A50A324A49E8A26ADBA31562.d.5861458CA84C8C8FAE78590C3821949F.e.1996/click - {}
RESULT: {}
COMMAND: GET /session/ee64515cdf25ffb5f2678bae898e7b66/screenshot - {}
COMMAND: POST /session/ee64515cdf25ffb5f2678bae898e7b66/element - {"using":"xpath","value":"//*[@id=\"backBtn\"]"}
RESULT: {}
RESULT: {"using":"xpath","value":"//*[@id=\"backBtn\"]"}
COMMAND: POST /session/ee64515cdf25ffb5f2678bae898e7b66/elements - {"using":"xpath","value":"//*[@id=\"backBtn\"]"}
RESULT: {"using":"xpath","value":"//*[@id=\"backBtn\"]"}
COMMAND: POST /session/ee64515cdf25ffb5f2678bae898e7b66/elements - {"using":"xpath","value":"//*[@id=\"backBtn\"]"}
RESULT: {"using":"xpath","value":"//*[@id=\"backBtn\"]"}
COMMAND: POST /session/ee64515cdf25ffb5f2678bae898e7b66/elements - {"using":"xpath","value":"//*[@id=\"backBtn\"]"}
RESULT: {"using":"xpath","value":"//*[@id=\"backBtn\"]"}
COMMAND: POST /session/ee64515cdf25ffb5f2678bae898e7b66/elements - {"using":"xpath","value":"//*[@id=\"backBtn\"]"}
RESULT: {"using":"xpath","value":"//*[@id=\"backBtn\"]"}
COMMAND: POST /session/ee64515cdf25ffb5f2678bae898e7b66/elements - {"using":"xpath","value":"//*[@id=\"backBtn\"]"}
RESULT: {"using":"xpath","value":"//*[@id=\"backBtn\"]"}
COMMAND: POST /session/ee64515cdf25ffb5f2678bae898e7b66/elements - {"using":"xpath","value":"//*[@id=\"backBtn\"]"}
RESULT: {"using":"xpath","value":"//*[@id=\"backBtn\"]"}
COMMAND: POST /session/ee64515cdf25ffb5f2678bae898e7b66/elements - {"using":"xpath","value":"//*[@id=\"backBtn\"]"}
RESULT: {"using":"xpath","value":"//*[@id=\"backBtn\"]"}
COMMAND: POST /session/ee64515cdf25ffb5f2678bae898e7b66/elements - {"using":"xpath","value":"//*[@id=\"backBtn\"]"}
RESULT: {"using":"xpath","value":"//*[@id=\"backBtn\"]"}
COMMAND: POST /session/ee64515cdf25ffb5f2678bae898e7b66/elements - {"using":"xpath","value":"//*[@id=\"backBtn\"]"}
RESULT: {"using":"xpath","value":"//*[@id=\"backBtn\"]"}
COMMAND: POST /session/ee64515cdf25ffb5f2678bae898e7b66/elements - {"using":"xpath","value":"//*[@id=\"backBtn\"]"}
RESULT: {"using":"xpath","value":"//*[@id=\"backBtn\"]"}
COMMAND: POST /session/ee64515cdf25ffb5f2678bae898e7b66/elements - {"using":"xpath","value":"//*[@id=\"backBtn\"]"}
RESULT: {"using":"xpath","value":"//*[@id=\"backBtn\"]"}
COMMAND: POST /session/ee64515cdf25ffb5f2678bae898e7b66/elements - {"using":"xpath","value":"//*[@id=\"backBtn\"]"}
RESULT: {"using":"xpath","value":"//*[@id=\"backBtn\"]"}
COMMAND: POST /session/ee64515cdf25ffb5f2678bae898e7b66/elements - {"using":"xpath","value":"//*[@id=\"backBtn\"]"}
RESULT: {"using":"xpath","value":"//*[@id=\"backBtn\"]"}
COMMAND: POST /session/ee64515cdf25ffb5f2678bae898e7b66/elements - {"using":"xpath","value":"//*[@id=\"backBtn\"]"}
RESULT: {"using":"xpath","value":"//*[@id=\"backBtn\"]"}
COMMAND: POST /session/ee64515cdf25ffb5f2678bae898e7b66/elements - {"using":"xpath","value":"//*[@id=\"backBtn\"]"}
RESULT: {"using":"xpath","value":"//*[@id=\"backBtn\"]"}
COMMAND: POST /session/ee64515cdf25ffb5f2678bae898e7b66/elements - {"using":"xpath","value":"//*[@id=\"backBtn\"]"}
RESULT: {"using":"xpath","value":"//*[@id=\"backBtn\"]"}
]]></system-out>
    </testcase>
    <testcase classname="chrome.136_0_7103_93.windows.Sanity_Tests_US104253" name="Should open Manage Conditions Prices page" time="49.417">
      <system-out><![CDATA[
COMMAND: POST /session/ee64515cdf25ffb5f2678bae898e7b66/execute/async - {"script":"<script> [1562 bytes]","args":[{"selector":{"controlType":"sap.m.GenericTile","properties":{"header":"Manage Conditions & Prices"}},"wdio_ui5_key":"sapm.GenericTile{\"header\":\"Manage Conditions & Prices\"}"}]}
COMMAND: POST /session/ee64515cdf25ffb5f2678bae898e7b66/elements - {"using":"xpath","value":"//*[@id=\"backBtn\"]"}
RESULT: {"script":"<script> [1562 bytes]","args":[{"selector":{"controlType":"sap.m.GenericTile","properties":{"header":"Manage Conditions & Prices"}},"wdio_ui5_key":"sapm.GenericTile{\"header\":\"Manage Conditions & Prices\"}"}]}
RESULT: undefined
COMMAND: POST /session/ee64515cdf25ffb5f2678bae898e7b66/element - {"using":"xpath","value":"//*[@id=\"__tile53\"]"}
RESULT: {"using":"xpath","value":"//*[@id=\"backBtn\"]"}
RESULT: {"using":"xpath","value":"//*[@id=\"__tile53\"]"}
COMMAND: POST /session/ee64515cdf25ffb5f2678bae898e7b66/element/f.7218AE79A50A324A49E8A26ADBA31562.d.5861458CA84C8C8FAE78590C3821949F.e.2195/click - {}
COMMAND: POST /session/ee64515cdf25ffb5f2678bae898e7b66/elements - {"using":"xpath","value":"//*[@id=\"backBtn\"]"}
RESULT: {}
COMMAND: GET /session/ee64515cdf25ffb5f2678bae898e7b66/screenshot - {}
RESULT: {"using":"xpath","value":"//*[@id=\"backBtn\"]"}
RESULT: {}
COMMAND: POST /session/ee64515cdf25ffb5f2678bae898e7b66/elements - {"using":"xpath","value":"//*[@id=\"backBtn\"]"}
RESULT: {"using":"xpath","value":"//*[@id=\"backBtn\"]"}
COMMAND: POST /session/ee64515cdf25ffb5f2678bae898e7b66/elements - {"using":"xpath","value":"//*[@id=\"backBtn\"]"}
RESULT: {"using":"xpath","value":"//*[@id=\"backBtn\"]"}
COMMAND: POST /session/ee64515cdf25ffb5f2678bae898e7b66/elements - {"using":"xpath","value":"//*[@id=\"backBtn\"]"}
RESULT: {"using":"xpath","value":"//*[@id=\"backBtn\"]"}
COMMAND: POST /session/ee64515cdf25ffb5f2678bae898e7b66/elements - {"using":"xpath","value":"//*[@id=\"backBtn\"]"}
COMMAND: POST /session/ee64515cdf25ffb5f2678bae898e7b66/elements - {"using":"xpath","value":"//span[text()='Error']"}
RESULT: {"using":"xpath","value":"//*[@id=\"backBtn\"]"}
COMMAND: POST /session/ee64515cdf25ffb5f2678bae898e7b66/element - {"using":"xpath","value":"//*[@id=\"backBtn\"]"}
RESULT: {"using":"xpath","value":"//span[text()='Error']"}
RESULT: {"using":"xpath","value":"//*[@id=\"backBtn\"]"}
COMMAND: POST /session/ee64515cdf25ffb5f2678bae898e7b66/element/f.7218AE79A50A324A49E8A26ADBA31562.d.5861458CA84C8C8FAE78590C3821949F.e.1996/click - {}
COMMAND: POST /session/ee64515cdf25ffb5f2678bae898e7b66/element - {"using":"xpath","value":"//*[@id=\"backBtn\"]"}
RESULT: {"using":"xpath","value":"//*[@id=\"backBtn\"]"}
COMMAND: POST /session/ee64515cdf25ffb5f2678bae898e7b66/element/f.7218AE79A50A324A49E8A26ADBA31562.d.5861458CA84C8C8FAE78590C3821949F.e.2199/click - {}
RESULT: {}
COMMAND: GET /session/ee64515cdf25ffb5f2678bae898e7b66/screenshot - {}
RESULT: {}
RESULT: undefined
COMMAND: POST /session/ee64515cdf25ffb5f2678bae898e7b66/element - {"using":"xpath","value":"//*[@id=\"__tile53\"]"}
RESULT: {"using":"xpath","value":"//*[@id=\"__tile53\"]"}
COMMAND: POST /session/ee64515cdf25ffb5f2678bae898e7b66/element/f.7218AE79A50A324A49E8A26ADBA31562.d.5861458CA84C8C8FAE78590C3821949F.e.2195/click - {}
RESULT: {}
RESULT: undefined
COMMAND: POST /session/ee64515cdf25ffb5f2678bae898e7b66/element - {"using":"xpath","value":"//*[@id=\"__tile53\"]"}
COMMAND: GET /session/ee64515cdf25ffb5f2678bae898e7b66/screenshot - {}
RESULT: {"using":"xpath","value":"//*[@id=\"__tile53\"]"}
COMMAND: POST /session/ee64515cdf25ffb5f2678bae898e7b66/element/f.7218AE79A50A324A49E8A26ADBA31562.d.5861458CA84C8C8FAE78590C3821949F.e.2195/click - {}
RESULT: {}
RESULT: undefined
COMMAND: POST /session/ee64515cdf25ffb5f2678bae898e7b66/execute/async - {"script":"<script> [6424 bytes]","args":[{"element-6066-11e4-a52e-4f735466cecf":"f.7218AE79A50A324A49E8A26ADBA31562.d.5861458CA84C8C8FAE78590C3821949F.e.288"},"getTitle",[]]}
COMMAND: POST /session/ee64515cdf25ffb5f2678bae898e7b66/execute/async - {"script":"<script> [1562 bytes]","args":[{"selector":{"id":"shellAppTitle"},"wdio_ui5_key":"shellAppTitle"}]}
RESULT: {"script":"<script> [1562 bytes]","args":[{"selector":{"id":"shellAppTitle"},"wdio_ui5_key":"shellAppTitle"}]}
COMMAND: POST /session/ee64515cdf25ffb5f2678bae898e7b66/execute/async - {"script":"<script> [6424 bytes]","args":[{"element-6066-11e4-a52e-4f735466cecf":"f.7218AE79A50A324A49E8A26ADBA31562.d.5861458CA84C8C8FAE78590C3821949F.e.2355"},"getTitle",[]]}
RESULT: {"script":"<script> [6424 bytes]","args":[{"element-6066-11e4-a52e-4f735466cecf":"f.7218AE79A50A324A49E8A26ADBA31562.d.5861458CA84C8C8FAE78590C3821949F.e.2355"},"getTitle",[]]}
RESULT: undefined
COMMAND: POST /session/ee64515cdf25ffb5f2678bae898e7b66/element/f.7218AE79A50A324A49E8A26ADBA31562.d.5861458CA84C8C8FAE78590C3821949F.e.2199/click - {}
RESULT: {}
COMMAND: GET /session/ee64515cdf25ffb5f2678bae898e7b66/screenshot - {}
RESULT: {}
]]></system-out>
    </testcase>
    <testcase classname="chrome.136_0_7103_93.windows.Sanity_Tests_US104253" name="Should open Billing Transfer page" time="39.675">
      <system-out><![CDATA[
COMMAND: POST /session/ee64515cdf25ffb5f2678bae898e7b66/execute/async - {"script":"<script> [1562 bytes]","args":[{"selector":{"controlType":"sap.m.GenericTile","properties":{"header":"Billing Transfer"}},"wdio_ui5_key":"sapm.GenericTile{\"header\":\"Billing Transfer\"}"}]}
RESULT: {"script":"<script> [1562 bytes]","args":[{"selector":{"controlType":"sap.m.GenericTile","properties":{"header":"Billing Transfer"}},"wdio_ui5_key":"sapm.GenericTile{\"header\":\"Billing Transfer\"}"}]}
RESULT: undefined
COMMAND: POST /session/ee64515cdf25ffb5f2678bae898e7b66/element - {"using":"xpath","value":"//*[@id=\"__tile50\"]"}
RESULT: {"using":"xpath","value":"//*[@id=\"__tile50\"]"}
COMMAND: POST /session/ee64515cdf25ffb5f2678bae898e7b66/element/f.7218AE79A50A324A49E8A26ADBA31562.d.5861458CA84C8C8FAE78590C3821949F.e.2357/click - {}
RESULT: {}
COMMAND: GET /session/ee64515cdf25ffb5f2678bae898e7b66/screenshot - {}
RESULT: {}
COMMAND: POST /session/ee64515cdf25ffb5f2678bae898e7b66/elements - {"using":"xpath","value":"//span[text()='Error']"}
RESULT: {"using":"xpath","value":"//span[text()='Error']"}
RESULT: undefined
COMMAND: POST /session/ee64515cdf25ffb5f2678bae898e7b66/element - {"using":"xpath","value":"//*[@id=\"__tile50\"]"}
RESULT: {"using":"xpath","value":"//*[@id=\"__tile50\"]"}
COMMAND: POST /session/ee64515cdf25ffb5f2678bae898e7b66/element/f.7218AE79A50A324A49E8A26ADBA31562.d.5861458CA84C8C8FAE78590C3821949F.e.2357/click - {}
RESULT: undefined
COMMAND: POST /session/ee64515cdf25ffb5f2678bae898e7b66/element - {"using":"xpath","value":"//*[@id=\"__tile50\"]"}
RESULT: {"using":"xpath","value":"//*[@id=\"__tile50\"]"}
COMMAND: POST /session/ee64515cdf25ffb5f2678bae898e7b66/element/f.7218AE79A50A324A49E8A26ADBA31562.d.5861458CA84C8C8FAE78590C3821949F.e.2357/click - {}
RESULT: undefined
COMMAND: POST /session/ee64515cdf25ffb5f2678bae898e7b66/execute/async - {"script":"<script> [6424 bytes]","args":[{"element-6066-11e4-a52e-4f735466cecf":"f.7218AE79A50A324A49E8A26ADBA31562.d.5861458CA84C8C8FAE78590C3821949F.e.288"},"getTitle",[]]}
COMMAND: POST /session/ee64515cdf25ffb5f2678bae898e7b66/execute/async - {"script":"<script> [1562 bytes]","args":[{"selector":{"id":"shellAppTitle"},"wdio_ui5_key":"shellAppTitle"}]}
RESULT: {"script":"<script> [1562 bytes]","args":[{"selector":{"id":"shellAppTitle"},"wdio_ui5_key":"shellAppTitle"}]}
COMMAND: POST /session/ee64515cdf25ffb5f2678bae898e7b66/execute/async - {"script":"<script> [6424 bytes]","args":[{"element-6066-11e4-a52e-4f735466cecf":"f.7218AE79A50A324A49E8A26ADBA31562.d.5861458CA84C8C8FAE78590C3821949F.e.2434"},"getTitle",[]]}
RESULT: {"script":"<script> [6424 bytes]","args":[{"element-6066-11e4-a52e-4f735466cecf":"f.7218AE79A50A324A49E8A26ADBA31562.d.5861458CA84C8C8FAE78590C3821949F.e.2434"},"getTitle",[]]}
RESULT: undefined
COMMAND: POST /session/ee64515cdf25ffb5f2678bae898e7b66/element/f.7218AE79A50A324A49E8A26ADBA31562.d.5861458CA84C8C8FAE78590C3821949F.e.2199/click - {}
COMMAND: POST /session/ee64515cdf25ffb5f2678bae898e7b66/element - {"using":"xpath","value":"//*[@id=\"backBtn\"]"}
RESULT: {"using":"xpath","value":"//*[@id=\"backBtn\"]"}
COMMAND: POST /session/ee64515cdf25ffb5f2678bae898e7b66/element/f.7218AE79A50A324A49E8A26ADBA31562.d.5861458CA84C8C8FAE78590C3821949F.e.2199/click - {}
COMMAND: POST /session/ee64515cdf25ffb5f2678bae898e7b66/element - {"using":"xpath","value":"//*[@id=\"backBtn\"]"}
RESULT: {"using":"xpath","value":"//*[@id=\"backBtn\"]"}
COMMAND: POST /session/ee64515cdf25ffb5f2678bae898e7b66/element/f.7218AE79A50A324A49E8A26ADBA31562.d.5861458CA84C8C8FAE78590C3821949F.e.2435/click - {}
RESULT: {}
COMMAND: GET /session/ee64515cdf25ffb5f2678bae898e7b66/screenshot - {}
RESULT: {}
]]></system-out>
    </testcase>
    <testcase classname="chrome.136_0_7103_93.windows.Sanity_Tests_US104253" name="Should open Manage Pricing Rules page" time="39.938">
      <system-out><![CDATA[
COMMAND: POST /session/ee64515cdf25ffb5f2678bae898e7b66/execute/async - {"script":"<script> [1562 bytes]","args":[{"selector":{"controlType":"sap.m.GenericTile","properties":{"header":"Manage Pricing Rules"}},"wdio_ui5_key":"sapm.GenericTile{\"header\":\"Manage Pricing Rules\"}"}]}
RESULT: {"script":"<script> [1562 bytes]","args":[{"selector":{"controlType":"sap.m.GenericTile","properties":{"header":"Manage Pricing Rules"}},"wdio_ui5_key":"sapm.GenericTile{\"header\":\"Manage Pricing Rules\"}"}]}
RESULT: undefined
COMMAND: POST /session/ee64515cdf25ffb5f2678bae898e7b66/element - {"using":"xpath","value":"//*[@id=\"__tile55\"]"}
RESULT: {"using":"xpath","value":"//*[@id=\"__tile55\"]"}
COMMAND: POST /session/ee64515cdf25ffb5f2678bae898e7b66/element/f.7218AE79A50A324A49E8A26ADBA31562.d.5861458CA84C8C8FAE78590C3821949F.e.2437/click - {}
RESULT: {}
COMMAND: GET /session/ee64515cdf25ffb5f2678bae898e7b66/screenshot - {}
RESULT: {}
COMMAND: POST /session/ee64515cdf25ffb5f2678bae898e7b66/elements - {"using":"xpath","value":"//span[text()='Error']"}
RESULT: {"using":"xpath","value":"//span[text()='Error']"}
RESULT: undefined
COMMAND: POST /session/ee64515cdf25ffb5f2678bae898e7b66/element - {"using":"xpath","value":"//*[@id=\"__tile55\"]"}
RESULT: {"using":"xpath","value":"//*[@id=\"__tile55\"]"}
COMMAND: POST /session/ee64515cdf25ffb5f2678bae898e7b66/element/f.7218AE79A50A324A49E8A26ADBA31562.d.5861458CA84C8C8FAE78590C3821949F.e.2437/click - {}
RESULT: undefined
COMMAND: POST /session/ee64515cdf25ffb5f2678bae898e7b66/element - {"using":"xpath","value":"//*[@id=\"__tile55\"]"}
RESULT: {"using":"xpath","value":"//*[@id=\"__tile55\"]"}
COMMAND: POST /session/ee64515cdf25ffb5f2678bae898e7b66/element/f.7218AE79A50A324A49E8A26ADBA31562.d.5861458CA84C8C8FAE78590C3821949F.e.2437/click - {}
RESULT: undefined
COMMAND: POST /session/ee64515cdf25ffb5f2678bae898e7b66/execute/async - {"script":"<script> [6424 bytes]","args":[{"element-6066-11e4-a52e-4f735466cecf":"f.7218AE79A50A324A49E8A26ADBA31562.d.5861458CA84C8C8FAE78590C3821949F.e.288"},"getTitle",[]]}
COMMAND: POST /session/ee64515cdf25ffb5f2678bae898e7b66/execute/async - {"script":"<script> [1562 bytes]","args":[{"selector":{"id":"shellAppTitle"},"wdio_ui5_key":"shellAppTitle"}]}
RESULT: {"script":"<script> [1562 bytes]","args":[{"selector":{"id":"shellAppTitle"},"wdio_ui5_key":"shellAppTitle"}]}
COMMAND: POST /session/ee64515cdf25ffb5f2678bae898e7b66/execute/async - {"script":"<script> [6424 bytes]","args":[{"element-6066-11e4-a52e-4f735466cecf":"f.7218AE79A50A324A49E8A26ADBA31562.d.5861458CA84C8C8FAE78590C3821949F.e.2485"},"getTitle",[]]}
RESULT: {"script":"<script> [6424 bytes]","args":[{"element-6066-11e4-a52e-4f735466cecf":"f.7218AE79A50A324A49E8A26ADBA31562.d.5861458CA84C8C8FAE78590C3821949F.e.2485"},"getTitle",[]]}
RESULT: undefined
COMMAND: POST /session/ee64515cdf25ffb5f2678bae898e7b66/element/f.7218AE79A50A324A49E8A26ADBA31562.d.5861458CA84C8C8FAE78590C3821949F.e.2435/click - {}
RESULT: {}
COMMAND: GET /session/ee64515cdf25ffb5f2678bae898e7b66/screenshot - {}
RESULT: {}
]]></system-out>
    </testcase>
    <testcase classname="chrome.136_0_7103_93.windows.Sanity_Tests_US104253" name="Should open Manage Price Determination Matrices page" time="39.929">
      <system-out><![CDATA[
COMMAND: POST /session/ee64515cdf25ffb5f2678bae898e7b66/execute/async - {"script":"<script> [1562 bytes]","args":[{"selector":{"controlType":"sap.m.GenericTile","properties":{"header":"Manage Price Determination Matrices"}},"wdio_ui5_key":"sapm.GenericTile{\"header\":\"Manage Price Determination Matrices\"}"}]}
RESULT: {"script":"<script> [1562 bytes]","args":[{"selector":{"controlType":"sap.m.GenericTile","properties":{"header":"Manage Price Determination Matrices"}},"wdio_ui5_key":"sapm.GenericTile{\"header\":\"Manage Price Determination Matrices\"}"}]}
RESULT: undefined
COMMAND: POST /session/ee64515cdf25ffb5f2678bae898e7b66/element - {"using":"xpath","value":"//*[@id=\"__tile54\"]"}
RESULT: {"using":"xpath","value":"//*[@id=\"__tile54\"]"}
COMMAND: POST /session/ee64515cdf25ffb5f2678bae898e7b66/element/f.7218AE79A50A324A49E8A26ADBA31562.d.5861458CA84C8C8FAE78590C3821949F.e.2487/click - {}
RESULT: {}
COMMAND: GET /session/ee64515cdf25ffb5f2678bae898e7b66/screenshot - {}
RESULT: {}
COMMAND: POST /session/ee64515cdf25ffb5f2678bae898e7b66/elements - {"using":"xpath","value":"//span[text()='Error']"}
RESULT: {"using":"xpath","value":"//span[text()='Error']"}
RESULT: undefined
COMMAND: POST /session/ee64515cdf25ffb5f2678bae898e7b66/element - {"using":"xpath","value":"//*[@id=\"__tile54\"]"}
RESULT: {"using":"xpath","value":"//*[@id=\"__tile54\"]"}
COMMAND: POST /session/ee64515cdf25ffb5f2678bae898e7b66/element/f.7218AE79A50A324A49E8A26ADBA31562.d.5861458CA84C8C8FAE78590C3821949F.e.2487/click - {}
RESULT: undefined
COMMAND: POST /session/ee64515cdf25ffb5f2678bae898e7b66/element - {"using":"xpath","value":"//*[@id=\"__tile54\"]"}
RESULT: {"using":"xpath","value":"//*[@id=\"__tile54\"]"}
COMMAND: POST /session/ee64515cdf25ffb5f2678bae898e7b66/element/f.7218AE79A50A324A49E8A26ADBA31562.d.5861458CA84C8C8FAE78590C3821949F.e.2487/click - {}
RESULT: undefined
COMMAND: POST /session/ee64515cdf25ffb5f2678bae898e7b66/execute/async - {"script":"<script> [6424 bytes]","args":[{"element-6066-11e4-a52e-4f735466cecf":"f.7218AE79A50A324A49E8A26ADBA31562.d.5861458CA84C8C8FAE78590C3821949F.e.288"},"getTitle",[]]}
COMMAND: POST /session/ee64515cdf25ffb5f2678bae898e7b66/execute/async - {"script":"<script> [1562 bytes]","args":[{"selector":{"id":"shellAppTitle"},"wdio_ui5_key":"shellAppTitle"}]}
RESULT: {"script":"<script> [1562 bytes]","args":[{"selector":{"id":"shellAppTitle"},"wdio_ui5_key":"shellAppTitle"}]}
COMMAND: POST /session/ee64515cdf25ffb5f2678bae898e7b66/execute/async - {"script":"<script> [6424 bytes]","args":[{"element-6066-11e4-a52e-4f735466cecf":"f.7218AE79A50A324A49E8A26ADBA31562.d.5861458CA84C8C8FAE78590C3821949F.e.2567"},"getTitle",[]]}
RESULT: {"script":"<script> [6424 bytes]","args":[{"element-6066-11e4-a52e-4f735466cecf":"f.7218AE79A50A324A49E8A26ADBA31562.d.5861458CA84C8C8FAE78590C3821949F.e.2567"},"getTitle",[]]}
RESULT: undefined
COMMAND: POST /session/ee64515cdf25ffb5f2678bae898e7b66/element/f.7218AE79A50A324A49E8A26ADBA31562.d.5861458CA84C8C8FAE78590C3821949F.e.2435/click - {}
COMMAND: POST /session/ee64515cdf25ffb5f2678bae898e7b66/element - {"using":"xpath","value":"//*[@id=\"backBtn\"]"}
RESULT: {"using":"xpath","value":"//*[@id=\"backBtn\"]"}
COMMAND: POST /session/ee64515cdf25ffb5f2678bae898e7b66/element/f.7218AE79A50A324A49E8A26ADBA31562.d.5861458CA84C8C8FAE78590C3821949F.e.2435/click - {}
COMMAND: POST /session/ee64515cdf25ffb5f2678bae898e7b66/element - {"using":"xpath","value":"//*[@id=\"backBtn\"]"}
RESULT: {"using":"xpath","value":"//*[@id=\"backBtn\"]"}
COMMAND: POST /session/ee64515cdf25ffb5f2678bae898e7b66/element/f.7218AE79A50A324A49E8A26ADBA31562.d.5861458CA84C8C8FAE78590C3821949F.e.2568/click - {}
RESULT: {}
COMMAND: GET /session/ee64515cdf25ffb5f2678bae898e7b66/screenshot - {}
RESULT: {}
]]></system-out>
    </testcase>
    <testcase classname="chrome.136_0_7103_93.windows.Sanity_Tests_US104253" name="Should open Yard Overview page" time="45.348">
      <system-out><![CDATA[
COMMAND: POST /session/ee64515cdf25ffb5f2678bae898e7b66/execute/async - {"script":"<script> [1562 bytes]","args":[{"selector":{"controlType":"sap.m.GenericTile","properties":{"header":"Yard Overview"}},"wdio_ui5_key":"sapm.GenericTile{\"header\":\"Yard Overview\"}"}]}
RESULT: {"script":"<script> [1562 bytes]","args":[{"selector":{"controlType":"sap.m.GenericTile","properties":{"header":"Yard Overview"}},"wdio_ui5_key":"sapm.GenericTile{\"header\":\"Yard Overview\"}"}]}
RESULT: undefined
COMMAND: POST /session/ee64515cdf25ffb5f2678bae898e7b66/element - {"using":"xpath","value":"//*[@id=\"__tile102\"]"}
RESULT: {"using":"xpath","value":"//*[@id=\"__tile102\"]"}
COMMAND: POST /session/ee64515cdf25ffb5f2678bae898e7b66/element/f.7218AE79A50A324A49E8A26ADBA31562.d.5861458CA84C8C8FAE78590C3821949F.e.2570/click - {}
RESULT: {}
COMMAND: GET /session/ee64515cdf25ffb5f2678bae898e7b66/screenshot - {}
RESULT: {}
COMMAND: POST /session/ee64515cdf25ffb5f2678bae898e7b66/elements - {"using":"xpath","value":"//span[text()='Error']"}
RESULT: {"using":"xpath","value":"//span[text()='Error']"}
RESULT: undefined
COMMAND: POST /session/ee64515cdf25ffb5f2678bae898e7b66/element - {"using":"xpath","value":"//*[@id=\"__tile102\"]"}
RESULT: {"using":"xpath","value":"//*[@id=\"__tile102\"]"}
COMMAND: POST /session/ee64515cdf25ffb5f2678bae898e7b66/element/f.7218AE79A50A324A49E8A26ADBA31562.d.5861458CA84C8C8FAE78590C3821949F.e.2570/click - {}
RESULT: undefined
COMMAND: POST /session/ee64515cdf25ffb5f2678bae898e7b66/element - {"using":"xpath","value":"//*[@id=\"__tile102\"]"}
RESULT: {"using":"xpath","value":"//*[@id=\"__tile102\"]"}
COMMAND: POST /session/ee64515cdf25ffb5f2678bae898e7b66/element/f.7218AE79A50A324A49E8A26ADBA31562.d.5861458CA84C8C8FAE78590C3821949F.e.2570/click - {}
RESULT: undefined
COMMAND: POST /session/ee64515cdf25ffb5f2678bae898e7b66/execute/async - {"script":"<script> [6424 bytes]","args":[{"element-6066-11e4-a52e-4f735466cecf":"f.7218AE79A50A324A49E8A26ADBA31562.d.5861458CA84C8C8FAE78590C3821949F.e.288"},"getTitle",[]]}
COMMAND: POST /session/ee64515cdf25ffb5f2678bae898e7b66/execute/async - {"script":"<script> [1562 bytes]","args":[{"selector":{"id":"shellAppTitle"},"wdio_ui5_key":"shellAppTitle"}]}
RESULT: {"script":"<script> [1562 bytes]","args":[{"selector":{"id":"shellAppTitle"},"wdio_ui5_key":"shellAppTitle"}]}
COMMAND: POST /session/ee64515cdf25ffb5f2678bae898e7b66/execute/async - {"script":"<script> [6424 bytes]","args":[{"element-6066-11e4-a52e-4f735466cecf":"f.7218AE79A50A324A49E8A26ADBA31562.d.5861458CA84C8C8FAE78590C3821949F.e.2630"},"getTitle",[]]}
RESULT: {"script":"<script> [6424 bytes]","args":[{"element-6066-11e4-a52e-4f735466cecf":"f.7218AE79A50A324A49E8A26ADBA31562.d.5861458CA84C8C8FAE78590C3821949F.e.2630"},"getTitle",[]]}
RESULT: undefined
COMMAND: POST /session/ee64515cdf25ffb5f2678bae898e7b66/element/f.7218AE79A50A324A49E8A26ADBA31562.d.5861458CA84C8C8FAE78590C3821949F.e.2568/click - {}
RESULT: {}
COMMAND: GET /session/ee64515cdf25ffb5f2678bae898e7b66/screenshot - {}
RESULT: {}
]]></system-out>
    </testcase>
    <testcase classname="chrome.136_0_7103_93.windows.Sanity_Tests_US104253" name="Should open Site Overview page" time="37.564">
      <system-out><![CDATA[
COMMAND: POST /session/ee64515cdf25ffb5f2678bae898e7b66/execute/async - {"script":"<script> [1562 bytes]","args":[{"selector":{"controlType":"sap.m.GenericTile","properties":{"header":"Site Overview"}},"wdio_ui5_key":"sapm.GenericTile{\"header\":\"Site Overview\"}"}]}
RESULT: {"script":"<script> [1562 bytes]","args":[{"selector":{"controlType":"sap.m.GenericTile","properties":{"header":"Site Overview"}},"wdio_ui5_key":"sapm.GenericTile{\"header\":\"Site Overview\"}"}]}
RESULT: undefined
COMMAND: POST /session/ee64515cdf25ffb5f2678bae898e7b66/element - {"using":"xpath","value":"//*[@id=\"__tile100\"]"}
RESULT: {"using":"xpath","value":"//*[@id=\"__tile100\"]"}
COMMAND: POST /session/ee64515cdf25ffb5f2678bae898e7b66/element/f.7218AE79A50A324A49E8A26ADBA31562.d.5861458CA84C8C8FAE78590C3821949F.e.2633/click - {}
RESULT: {}
COMMAND: GET /session/ee64515cdf25ffb5f2678bae898e7b66/screenshot - {}
RESULT: {}
COMMAND: POST /session/ee64515cdf25ffb5f2678bae898e7b66/elements - {"using":"xpath","value":"//span[text()='Error']"}
RESULT: {"using":"xpath","value":"//span[text()='Error']"}
RESULT: undefined
COMMAND: POST /session/ee64515cdf25ffb5f2678bae898e7b66/element - {"using":"xpath","value":"//*[@id=\"__tile100\"]"}
RESULT: {"using":"xpath","value":"//*[@id=\"__tile100\"]"}
COMMAND: POST /session/ee64515cdf25ffb5f2678bae898e7b66/element/f.7218AE79A50A324A49E8A26ADBA31562.d.5861458CA84C8C8FAE78590C3821949F.e.2633/click - {}
RESULT: undefined
COMMAND: POST /session/ee64515cdf25ffb5f2678bae898e7b66/element - {"using":"xpath","value":"//*[@id=\"__tile100\"]"}
RESULT: {"using":"xpath","value":"//*[@id=\"__tile100\"]"}
COMMAND: POST /session/ee64515cdf25ffb5f2678bae898e7b66/element/f.7218AE79A50A324A49E8A26ADBA31562.d.5861458CA84C8C8FAE78590C3821949F.e.2633/click - {}
RESULT: undefined
COMMAND: POST /session/ee64515cdf25ffb5f2678bae898e7b66/execute/async - {"script":"<script> [6424 bytes]","args":[{"element-6066-11e4-a52e-4f735466cecf":"f.7218AE79A50A324A49E8A26ADBA31562.d.5861458CA84C8C8FAE78590C3821949F.e.288"},"getTitle",[]]}
COMMAND: POST /session/ee64515cdf25ffb5f2678bae898e7b66/execute/async - {"script":"<script> [1562 bytes]","args":[{"selector":{"id":"shellAppTitle"},"wdio_ui5_key":"shellAppTitle"}]}
RESULT: {"script":"<script> [1562 bytes]","args":[{"selector":{"id":"shellAppTitle"},"wdio_ui5_key":"shellAppTitle"}]}
COMMAND: POST /session/ee64515cdf25ffb5f2678bae898e7b66/execute/async - {"script":"<script> [6424 bytes]","args":[{"element-6066-11e4-a52e-4f735466cecf":"f.7218AE79A50A324A49E8A26ADBA31562.d.5861458CA84C8C8FAE78590C3821949F.e.2741"},"getTitle",[]]}
RESULT: {"script":"<script> [6424 bytes]","args":[{"element-6066-11e4-a52e-4f735466cecf":"f.7218AE79A50A324A49E8A26ADBA31562.d.5861458CA84C8C8FAE78590C3821949F.e.2741"},"getTitle",[]]}
RESULT: undefined
COMMAND: POST /session/ee64515cdf25ffb5f2678bae898e7b66/element/f.7218AE79A50A324A49E8A26ADBA31562.d.5861458CA84C8C8FAE78590C3821949F.e.2568/click - {}
COMMAND: POST /session/ee64515cdf25ffb5f2678bae898e7b66/element - {"using":"xpath","value":"//*[@id=\"backBtn\"]"}
RESULT: {"using":"xpath","value":"//*[@id=\"backBtn\"]"}
COMMAND: POST /session/ee64515cdf25ffb5f2678bae898e7b66/element/f.7218AE79A50A324A49E8A26ADBA31562.d.5861458CA84C8C8FAE78590C3821949F.e.2568/click - {}
COMMAND: POST /session/ee64515cdf25ffb5f2678bae898e7b66/element - {"using":"xpath","value":"//*[@id=\"backBtn\"]"}
RESULT: {"using":"xpath","value":"//*[@id=\"backBtn\"]"}
COMMAND: POST /session/ee64515cdf25ffb5f2678bae898e7b66/element/f.7218AE79A50A324A49E8A26ADBA31562.d.5861458CA84C8C8FAE78590C3821949F.e.2742/click - {}
RESULT: {}
COMMAND: GET /session/ee64515cdf25ffb5f2678bae898e7b66/screenshot - {}
RESULT: {}
]]></system-out>
    </testcase>
    <testcase classname="chrome.136_0_7103_93.windows.Sanity_Tests_US104253" name="Should open Trace Track Resources page" time="37.397">
      <system-out><![CDATA[
COMMAND: POST /session/ee64515cdf25ffb5f2678bae898e7b66/execute/async - {"script":"<script> [1562 bytes]","args":[{"selector":{"controlType":"sap.m.GenericTile","properties":{"header":"Trace & Track Resources"}},"wdio_ui5_key":"sapm.GenericTile{\"header\":\"Trace & Track Resources\"}"}]}
RESULT: {"script":"<script> [1562 bytes]","args":[{"selector":{"controlType":"sap.m.GenericTile","properties":{"header":"Trace & Track Resources"}},"wdio_ui5_key":"sapm.GenericTile{\"header\":\"Trace & Track Resources\"}"}]}
RESULT: undefined
COMMAND: POST /session/ee64515cdf25ffb5f2678bae898e7b66/element - {"using":"xpath","value":"//*[@id=\"__tile101\"]"}
RESULT: {"using":"xpath","value":"//*[@id=\"__tile101\"]"}
COMMAND: POST /session/ee64515cdf25ffb5f2678bae898e7b66/element/f.7218AE79A50A324A49E8A26ADBA31562.d.5861458CA84C8C8FAE78590C3821949F.e.2744/click - {}
RESULT: {}
COMMAND: GET /session/ee64515cdf25ffb5f2678bae898e7b66/screenshot - {}
RESULT: {}
COMMAND: POST /session/ee64515cdf25ffb5f2678bae898e7b66/elements - {"using":"xpath","value":"//span[text()='Error']"}
RESULT: {"using":"xpath","value":"//span[text()='Error']"}
RESULT: undefined
COMMAND: POST /session/ee64515cdf25ffb5f2678bae898e7b66/element - {"using":"xpath","value":"//*[@id=\"__tile101\"]"}
RESULT: {"using":"xpath","value":"//*[@id=\"__tile101\"]"}
COMMAND: POST /session/ee64515cdf25ffb5f2678bae898e7b66/element/f.7218AE79A50A324A49E8A26ADBA31562.d.5861458CA84C8C8FAE78590C3821949F.e.2744/click - {}
RESULT: undefined
COMMAND: POST /session/ee64515cdf25ffb5f2678bae898e7b66/element - {"using":"xpath","value":"//*[@id=\"__tile101\"]"}
RESULT: {"using":"xpath","value":"//*[@id=\"__tile101\"]"}
COMMAND: POST /session/ee64515cdf25ffb5f2678bae898e7b66/element/f.7218AE79A50A324A49E8A26ADBA31562.d.5861458CA84C8C8FAE78590C3821949F.e.2744/click - {}
RESULT: undefined
COMMAND: POST /session/ee64515cdf25ffb5f2678bae898e7b66/execute/async - {"script":"<script> [6424 bytes]","args":[{"element-6066-11e4-a52e-4f735466cecf":"f.7218AE79A50A324A49E8A26ADBA31562.d.5861458CA84C8C8FAE78590C3821949F.e.288"},"getTitle",[]]}
COMMAND: POST /session/ee64515cdf25ffb5f2678bae898e7b66/execute/async - {"script":"<script> [1562 bytes]","args":[{"selector":{"id":"shellAppTitle"},"wdio_ui5_key":"shellAppTitle"}]}
RESULT: {"script":"<script> [1562 bytes]","args":[{"selector":{"id":"shellAppTitle"},"wdio_ui5_key":"shellAppTitle"}]}
COMMAND: POST /session/ee64515cdf25ffb5f2678bae898e7b66/execute/async - {"script":"<script> [6424 bytes]","args":[{"element-6066-11e4-a52e-4f735466cecf":"f.7218AE79A50A324A49E8A26ADBA31562.d.5861458CA84C8C8FAE78590C3821949F.e.2776"},"getTitle",[]]}
RESULT: {"script":"<script> [6424 bytes]","args":[{"element-6066-11e4-a52e-4f735466cecf":"f.7218AE79A50A324A49E8A26ADBA31562.d.5861458CA84C8C8FAE78590C3821949F.e.2776"},"getTitle",[]]}
RESULT: undefined
COMMAND: POST /session/ee64515cdf25ffb5f2678bae898e7b66/element/f.7218AE79A50A324A49E8A26ADBA31562.d.5861458CA84C8C8FAE78590C3821949F.e.2742/click - {}
RESULT: {}
COMMAND: GET /session/ee64515cdf25ffb5f2678bae898e7b66/screenshot - {}
RESULT: {}
]]></system-out>
    </testcase>
    <testcase classname="chrome.136_0_7103_93.windows.Sanity_Tests_US104253" name="Should open RU Inventory List page" time="45.163">
      <system-out><![CDATA[
COMMAND: POST /session/ee64515cdf25ffb5f2678bae898e7b66/execute/async - {"script":"<script> [1562 bytes]","args":[{"selector":{"controlType":"sap.m.GenericTile","properties":{"header":"RU Inventory List"}},"wdio_ui5_key":"sapm.GenericTile{\"header\":\"RU Inventory List\"}"}]}
RESULT: {"script":"<script> [1562 bytes]","args":[{"selector":{"controlType":"sap.m.GenericTile","properties":{"header":"RU Inventory List"}},"wdio_ui5_key":"sapm.GenericTile{\"header\":\"RU Inventory List\"}"}]}
RESULT: undefined
COMMAND: POST /session/ee64515cdf25ffb5f2678bae898e7b66/element - {"using":"xpath","value":"//*[@id=\"__tile99\"]"}
RESULT: {"using":"xpath","value":"//*[@id=\"__tile99\"]"}
COMMAND: POST /session/ee64515cdf25ffb5f2678bae898e7b66/element/f.7218AE79A50A324A49E8A26ADBA31562.d.5861458CA84C8C8FAE78590C3821949F.e.2778/click - {}
RESULT: {}
COMMAND: GET /session/ee64515cdf25ffb5f2678bae898e7b66/screenshot - {}
RESULT: {}
COMMAND: POST /session/ee64515cdf25ffb5f2678bae898e7b66/elements - {"using":"xpath","value":"//span[text()='Error']"}
RESULT: {"using":"xpath","value":"//span[text()='Error']"}
RESULT: undefined
COMMAND: POST /session/ee64515cdf25ffb5f2678bae898e7b66/element - {"using":"xpath","value":"//*[@id=\"__tile99\"]"}
RESULT: {"using":"xpath","value":"//*[@id=\"__tile99\"]"}
COMMAND: POST /session/ee64515cdf25ffb5f2678bae898e7b66/element/f.7218AE79A50A324A49E8A26ADBA31562.d.5861458CA84C8C8FAE78590C3821949F.e.2778/click - {}
RESULT: undefined
COMMAND: POST /session/ee64515cdf25ffb5f2678bae898e7b66/element - {"using":"xpath","value":"//*[@id=\"__tile99\"]"}
RESULT: {"using":"xpath","value":"//*[@id=\"__tile99\"]"}
COMMAND: POST /session/ee64515cdf25ffb5f2678bae898e7b66/element/f.7218AE79A50A324A49E8A26ADBA31562.d.5861458CA84C8C8FAE78590C3821949F.e.2778/click - {}
RESULT: undefined
COMMAND: POST /session/ee64515cdf25ffb5f2678bae898e7b66/execute/async - {"script":"<script> [6424 bytes]","args":[{"element-6066-11e4-a52e-4f735466cecf":"f.7218AE79A50A324A49E8A26ADBA31562.d.5861458CA84C8C8FAE78590C3821949F.e.288"},"getTitle",[]]}
COMMAND: POST /session/ee64515cdf25ffb5f2678bae898e7b66/execute/async - {"script":"<script> [1562 bytes]","args":[{"selector":{"id":"shellAppTitle"},"wdio_ui5_key":"shellAppTitle"}]}
RESULT: {"script":"<script> [1562 bytes]","args":[{"selector":{"id":"shellAppTitle"},"wdio_ui5_key":"shellAppTitle"}]}
COMMAND: POST /session/ee64515cdf25ffb5f2678bae898e7b66/execute/async - {"script":"<script> [6424 bytes]","args":[{"element-6066-11e4-a52e-4f735466cecf":"f.7218AE79A50A324A49E8A26ADBA31562.d.5861458CA84C8C8FAE78590C3821949F.e.2969"},"getTitle",[]]}
RESULT: {"script":"<script> [6424 bytes]","args":[{"element-6066-11e4-a52e-4f735466cecf":"f.7218AE79A50A324A49E8A26ADBA31562.d.5861458CA84C8C8FAE78590C3821949F.e.2969"},"getTitle",[]]}
RESULT: undefined
COMMAND: POST /session/ee64515cdf25ffb5f2678bae898e7b66/element/f.7218AE79A50A324A49E8A26ADBA31562.d.5861458CA84C8C8FAE78590C3821949F.e.2742/click - {}
COMMAND: POST /session/ee64515cdf25ffb5f2678bae898e7b66/element - {"using":"xpath","value":"//*[@id=\"backBtn\"]"}
RESULT: {"using":"xpath","value":"//*[@id=\"backBtn\"]"}
COMMAND: POST /session/ee64515cdf25ffb5f2678bae898e7b66/element/f.7218AE79A50A324A49E8A26ADBA31562.d.5861458CA84C8C8FAE78590C3821949F.e.2742/click - {}
COMMAND: POST /session/ee64515cdf25ffb5f2678bae898e7b66/element - {"using":"xpath","value":"//*[@id=\"backBtn\"]"}
RESULT: {"using":"xpath","value":"//*[@id=\"backBtn\"]"}
COMMAND: POST /session/ee64515cdf25ffb5f2678bae898e7b66/element/f.7218AE79A50A324A49E8A26ADBA31562.d.5861458CA84C8C8FAE78590C3821949F.e.2970/click - {}
RESULT: {}
COMMAND: GET /session/ee64515cdf25ffb5f2678bae898e7b66/screenshot - {}
RESULT: {}
]]></system-out>
    </testcase>
    <testcase classname="chrome.136_0_7103_93.windows.Sanity_Tests_US104253" name="Should open Contracts Dashboard page" time="38.135">
      <system-out><![CDATA[
COMMAND: POST /session/ee64515cdf25ffb5f2678bae898e7b66/execute/async - {"script":"<script> [1562 bytes]","args":[{"selector":{"controlType":"sap.m.GenericTile","properties":{"header":"Contracts Dashboard"}},"wdio_ui5_key":"sapm.GenericTile{\"header\":\"Contracts Dashboard\"}"}]}
RESULT: {"script":"<script> [1562 bytes]","args":[{"selector":{"controlType":"sap.m.GenericTile","properties":{"header":"Contracts Dashboard"}},"wdio_ui5_key":"sapm.GenericTile{\"header\":\"Contracts Dashboard\"}"}]}
RESULT: undefined
COMMAND: POST /session/ee64515cdf25ffb5f2678bae898e7b66/element - {"using":"xpath","value":"//*[@id=\"__tile97\"]"}
RESULT: {"using":"xpath","value":"//*[@id=\"__tile97\"]"}
COMMAND: POST /session/ee64515cdf25ffb5f2678bae898e7b66/element/f.7218AE79A50A324A49E8A26ADBA31562.d.5861458CA84C8C8FAE78590C3821949F.e.2972/click - {}
RESULT: {}
COMMAND: GET /session/ee64515cdf25ffb5f2678bae898e7b66/screenshot - {}
RESULT: {}
COMMAND: POST /session/ee64515cdf25ffb5f2678bae898e7b66/elements - {"using":"xpath","value":"//span[text()='Error']"}
RESULT: {"using":"xpath","value":"//span[text()='Error']"}
RESULT: undefined
COMMAND: POST /session/ee64515cdf25ffb5f2678bae898e7b66/element - {"using":"xpath","value":"//*[@id=\"__tile97\"]"}
RESULT: {"using":"xpath","value":"//*[@id=\"__tile97\"]"}
COMMAND: POST /session/ee64515cdf25ffb5f2678bae898e7b66/element/f.7218AE79A50A324A49E8A26ADBA31562.d.5861458CA84C8C8FAE78590C3821949F.e.2972/click - {}
RESULT: undefined
COMMAND: POST /session/ee64515cdf25ffb5f2678bae898e7b66/element - {"using":"xpath","value":"//*[@id=\"__tile97\"]"}
RESULT: {"using":"xpath","value":"//*[@id=\"__tile97\"]"}
COMMAND: POST /session/ee64515cdf25ffb5f2678bae898e7b66/element/f.7218AE79A50A324A49E8A26ADBA31562.d.5861458CA84C8C8FAE78590C3821949F.e.2972/click - {}
RESULT: undefined
COMMAND: POST /session/ee64515cdf25ffb5f2678bae898e7b66/execute/async - {"script":"<script> [6424 bytes]","args":[{"element-6066-11e4-a52e-4f735466cecf":"f.7218AE79A50A324A49E8A26ADBA31562.d.5861458CA84C8C8FAE78590C3821949F.e.288"},"getTitle",[]]}
COMMAND: POST /session/ee64515cdf25ffb5f2678bae898e7b66/execute/async - {"script":"<script> [1562 bytes]","args":[{"selector":{"id":"shellAppTitle"},"wdio_ui5_key":"shellAppTitle"}]}
RESULT: {"script":"<script> [1562 bytes]","args":[{"selector":{"id":"shellAppTitle"},"wdio_ui5_key":"shellAppTitle"}]}
COMMAND: POST /session/ee64515cdf25ffb5f2678bae898e7b66/execute/async - {"script":"<script> [6424 bytes]","args":[{"element-6066-11e4-a52e-4f735466cecf":"f.7218AE79A50A324A49E8A26ADBA31562.d.5861458CA84C8C8FAE78590C3821949F.e.2993"},"getTitle",[]]}
RESULT: {"script":"<script> [6424 bytes]","args":[{"element-6066-11e4-a52e-4f735466cecf":"f.7218AE79A50A324A49E8A26ADBA31562.d.5861458CA84C8C8FAE78590C3821949F.e.2993"},"getTitle",[]]}
RESULT: undefined
COMMAND: POST /session/ee64515cdf25ffb5f2678bae898e7b66/element/f.7218AE79A50A324A49E8A26ADBA31562.d.5861458CA84C8C8FAE78590C3821949F.e.2970/click - {}
RESULT: {}
COMMAND: GET /session/ee64515cdf25ffb5f2678bae898e7b66/screenshot - {}
RESULT: {}
]]></system-out>
    </testcase>
    <testcase classname="chrome.136_0_7103_93.windows.Sanity_Tests_US104253" name="Should open Bin Status Report page" time="41.272">
      <system-out><![CDATA[
COMMAND: POST /session/ee64515cdf25ffb5f2678bae898e7b66/execute/async - {"script":"<script> [1562 bytes]","args":[{"selector":{"controlType":"sap.m.GenericTile","properties":{"header":"Bin Status Report"}},"wdio_ui5_key":"sapm.GenericTile{\"header\":\"Bin Status Report\"}"}]}
RESULT: {"script":"<script> [1562 bytes]","args":[{"selector":{"controlType":"sap.m.GenericTile","properties":{"header":"Bin Status Report"}},"wdio_ui5_key":"sapm.GenericTile{\"header\":\"Bin Status Report\"}"}]}
RESULT: undefined
COMMAND: POST /session/ee64515cdf25ffb5f2678bae898e7b66/element - {"using":"xpath","value":"//*[@id=\"__tile104\"]"}
RESULT: {"using":"xpath","value":"//*[@id=\"__tile104\"]"}
COMMAND: POST /session/ee64515cdf25ffb5f2678bae898e7b66/element/f.7218AE79A50A324A49E8A26ADBA31562.d.5861458CA84C8C8FAE78590C3821949F.e.2995/click - {}
RESULT: {}
COMMAND: GET /session/ee64515cdf25ffb5f2678bae898e7b66/screenshot - {}
RESULT: {}
COMMAND: POST /session/ee64515cdf25ffb5f2678bae898e7b66/elements - {"using":"xpath","value":"//span[text()='Error']"}
RESULT: {"using":"xpath","value":"//span[text()='Error']"}
RESULT: undefined
COMMAND: POST /session/ee64515cdf25ffb5f2678bae898e7b66/element - {"using":"xpath","value":"//*[@id=\"__tile104\"]"}
RESULT: {"using":"xpath","value":"//*[@id=\"__tile104\"]"}
COMMAND: POST /session/ee64515cdf25ffb5f2678bae898e7b66/element/f.7218AE79A50A324A49E8A26ADBA31562.d.5861458CA84C8C8FAE78590C3821949F.e.2995/click - {}
RESULT: undefined
COMMAND: POST /session/ee64515cdf25ffb5f2678bae898e7b66/element - {"using":"xpath","value":"//*[@id=\"__tile104\"]"}
RESULT: {"using":"xpath","value":"//*[@id=\"__tile104\"]"}
COMMAND: POST /session/ee64515cdf25ffb5f2678bae898e7b66/element/f.7218AE79A50A324A49E8A26ADBA31562.d.5861458CA84C8C8FAE78590C3821949F.e.2995/click - {}
RESULT: undefined
COMMAND: POST /session/ee64515cdf25ffb5f2678bae898e7b66/execute/async - {"script":"<script> [6424 bytes]","args":[{"element-6066-11e4-a52e-4f735466cecf":"f.7218AE79A50A324A49E8A26ADBA31562.d.5861458CA84C8C8FAE78590C3821949F.e.288"},"getTitle",[]]}
COMMAND: POST /session/ee64515cdf25ffb5f2678bae898e7b66/execute/async - {"script":"<script> [1562 bytes]","args":[{"selector":{"id":"shellAppTitle"},"wdio_ui5_key":"shellAppTitle"}]}
RESULT: {"script":"<script> [1562 bytes]","args":[{"selector":{"id":"shellAppTitle"},"wdio_ui5_key":"shellAppTitle"}]}
COMMAND: POST /session/ee64515cdf25ffb5f2678bae898e7b66/execute/async - {"script":"<script> [6424 bytes]","args":[{"element-6066-11e4-a52e-4f735466cecf":"f.7218AE79A50A324A49E8A26ADBA31562.d.5861458CA84C8C8FAE78590C3821949F.e.3087"},"getTitle",[]]}
RESULT: {"script":"<script> [6424 bytes]","args":[{"element-6066-11e4-a52e-4f735466cecf":"f.7218AE79A50A324A49E8A26ADBA31562.d.5861458CA84C8C8FAE78590C3821949F.e.3087"},"getTitle",[]]}
RESULT: undefined
COMMAND: POST /session/ee64515cdf25ffb5f2678bae898e7b66/element/f.7218AE79A50A324A49E8A26ADBA31562.d.5861458CA84C8C8FAE78590C3821949F.e.2970/click - {}
COMMAND: POST /session/ee64515cdf25ffb5f2678bae898e7b66/element - {"using":"xpath","value":"//*[@id=\"backBtn\"]"}
RESULT: {"using":"xpath","value":"//*[@id=\"backBtn\"]"}
COMMAND: POST /session/ee64515cdf25ffb5f2678bae898e7b66/element/f.7218AE79A50A324A49E8A26ADBA31562.d.5861458CA84C8C8FAE78590C3821949F.e.2970/click - {}
COMMAND: POST /session/ee64515cdf25ffb5f2678bae898e7b66/element - {"using":"xpath","value":"//*[@id=\"backBtn\"]"}
RESULT: {"using":"xpath","value":"//*[@id=\"backBtn\"]"}
COMMAND: POST /session/ee64515cdf25ffb5f2678bae898e7b66/element/f.7218AE79A50A324A49E8A26ADBA31562.d.5861458CA84C8C8FAE78590C3821949F.e.3088/click - {}
RESULT: {}
COMMAND: GET /session/ee64515cdf25ffb5f2678bae898e7b66/screenshot - {}
RESULT: {}
]]></system-out>
    </testcase>
    <testcase classname="chrome.136_0_7103_93.windows.Sanity_Tests_US104253" name="Should open Manage Warehouse Movements page" time="48.659">
      <system-out><![CDATA[
COMMAND: POST /session/ee64515cdf25ffb5f2678bae898e7b66/execute/async - {"script":"<script> [1562 bytes]","args":[{"selector":{"controlType":"sap.m.GenericTile","properties":{"header":"Manage Warehouse Movements"}},"wdio_ui5_key":"sapm.GenericTile{\"header\":\"Manage Warehouse Movements\"}"}]}
RESULT: {"script":"<script> [1562 bytes]","args":[{"selector":{"controlType":"sap.m.GenericTile","properties":{"header":"Manage Warehouse Movements"}},"wdio_ui5_key":"sapm.GenericTile{\"header\":\"Manage Warehouse Movements\"}"}]}
RESULT: undefined
COMMAND: POST /session/ee64515cdf25ffb5f2678bae898e7b66/element - {"using":"xpath","value":"//*[@id=\"__tile105\"]"}
RESULT: {"using":"xpath","value":"//*[@id=\"__tile105\"]"}
COMMAND: POST /session/ee64515cdf25ffb5f2678bae898e7b66/element/f.7218AE79A50A324A49E8A26ADBA31562.d.5861458CA84C8C8FAE78590C3821949F.e.3092/click - {}
RESULT: {}
COMMAND: GET /session/ee64515cdf25ffb5f2678bae898e7b66/screenshot - {}
RESULT: {}
COMMAND: POST /session/ee64515cdf25ffb5f2678bae898e7b66/elements - {"using":"xpath","value":"//span[text()='Error']"}
RESULT: {"using":"xpath","value":"//span[text()='Error']"}
RESULT: undefined
COMMAND: POST /session/ee64515cdf25ffb5f2678bae898e7b66/element - {"using":"xpath","value":"//*[@id=\"__tile105\"]"}
RESULT: {"using":"xpath","value":"//*[@id=\"__tile105\"]"}
COMMAND: POST /session/ee64515cdf25ffb5f2678bae898e7b66/element/f.7218AE79A50A324A49E8A26ADBA31562.d.5861458CA84C8C8FAE78590C3821949F.e.3092/click - {}
RESULT: undefined
COMMAND: POST /session/ee64515cdf25ffb5f2678bae898e7b66/element - {"using":"xpath","value":"//*[@id=\"__tile105\"]"}
RESULT: {"using":"xpath","value":"//*[@id=\"__tile105\"]"}
COMMAND: POST /session/ee64515cdf25ffb5f2678bae898e7b66/element/f.7218AE79A50A324A49E8A26ADBA31562.d.5861458CA84C8C8FAE78590C3821949F.e.3092/click - {}
RESULT: undefined
COMMAND: POST /session/ee64515cdf25ffb5f2678bae898e7b66/execute/async - {"script":"<script> [6424 bytes]","args":[{"element-6066-11e4-a52e-4f735466cecf":"f.7218AE79A50A324A49E8A26ADBA31562.d.5861458CA84C8C8FAE78590C3821949F.e.288"},"getTitle",[]]}
COMMAND: POST /session/ee64515cdf25ffb5f2678bae898e7b66/execute/async - {"script":"<script> [1562 bytes]","args":[{"selector":{"id":"shellAppTitle"},"wdio_ui5_key":"shellAppTitle"}]}
RESULT: {"script":"<script> [1562 bytes]","args":[{"selector":{"id":"shellAppTitle"},"wdio_ui5_key":"shellAppTitle"}]}
COMMAND: POST /session/ee64515cdf25ffb5f2678bae898e7b66/execute/async - {"script":"<script> [6424 bytes]","args":[{"element-6066-11e4-a52e-4f735466cecf":"f.7218AE79A50A324A49E8A26ADBA31562.d.5861458CA84C8C8FAE78590C3821949F.e.3177"},"getTitle",[]]}
RESULT: {"script":"<script> [6424 bytes]","args":[{"element-6066-11e4-a52e-4f735466cecf":"f.7218AE79A50A324A49E8A26ADBA31562.d.5861458CA84C8C8FAE78590C3821949F.e.3177"},"getTitle",[]]}
RESULT: undefined
COMMAND: POST /session/ee64515cdf25ffb5f2678bae898e7b66/element/f.7218AE79A50A324A49E8A26ADBA31562.d.5861458CA84C8C8FAE78590C3821949F.e.3088/click - {}
RESULT: {}
COMMAND: GET /session/ee64515cdf25ffb5f2678bae898e7b66/screenshot - {}
RESULT: {}
]]></system-out>
    </testcase>
    <testcase classname="chrome.136_0_7103_93.windows.Sanity_Tests_US104253" name="Should open Bin Inventory List page" time="40.195">
      <system-out><![CDATA[
COMMAND: POST /session/ee64515cdf25ffb5f2678bae898e7b66/execute/async - {"script":"<script> [1562 bytes]","args":[{"selector":{"controlType":"sap.m.GenericTile","properties":{"header":"Bin Inventory List"}},"wdio_ui5_key":"sapm.GenericTile{\"header\":\"Bin Inventory List\"}"}]}
RESULT: {"script":"<script> [1562 bytes]","args":[{"selector":{"controlType":"sap.m.GenericTile","properties":{"header":"Bin Inventory List"}},"wdio_ui5_key":"sapm.GenericTile{\"header\":\"Bin Inventory List\"}"}]}
RESULT: undefined
COMMAND: POST /session/ee64515cdf25ffb5f2678bae898e7b66/element - {"using":"xpath","value":"//*[@id=\"__tile103\"]"}
RESULT: {"using":"xpath","value":"//*[@id=\"__tile103\"]"}
COMMAND: POST /session/ee64515cdf25ffb5f2678bae898e7b66/element/f.7218AE79A50A324A49E8A26ADBA31562.d.5861458CA84C8C8FAE78590C3821949F.e.3179/click - {}
RESULT: {}
COMMAND: GET /session/ee64515cdf25ffb5f2678bae898e7b66/screenshot - {}
RESULT: {}
COMMAND: POST /session/ee64515cdf25ffb5f2678bae898e7b66/elements - {"using":"xpath","value":"//span[text()='Error']"}
RESULT: {"using":"xpath","value":"//span[text()='Error']"}
RESULT: undefined
COMMAND: POST /session/ee64515cdf25ffb5f2678bae898e7b66/element - {"using":"xpath","value":"//*[@id=\"__tile103\"]"}
RESULT: {"using":"xpath","value":"//*[@id=\"__tile103\"]"}
COMMAND: POST /session/ee64515cdf25ffb5f2678bae898e7b66/element/f.7218AE79A50A324A49E8A26ADBA31562.d.5861458CA84C8C8FAE78590C3821949F.e.3179/click - {}
RESULT: undefined
COMMAND: POST /session/ee64515cdf25ffb5f2678bae898e7b66/element - {"using":"xpath","value":"//*[@id=\"__tile103\"]"}
RESULT: {"using":"xpath","value":"//*[@id=\"__tile103\"]"}
COMMAND: POST /session/ee64515cdf25ffb5f2678bae898e7b66/element/f.7218AE79A50A324A49E8A26ADBA31562.d.5861458CA84C8C8FAE78590C3821949F.e.3179/click - {}
RESULT: undefined
COMMAND: POST /session/ee64515cdf25ffb5f2678bae898e7b66/execute/async - {"script":"<script> [6424 bytes]","args":[{"element-6066-11e4-a52e-4f735466cecf":"f.7218AE79A50A324A49E8A26ADBA31562.d.5861458CA84C8C8FAE78590C3821949F.e.288"},"getTitle",[]]}
COMMAND: POST /session/ee64515cdf25ffb5f2678bae898e7b66/execute/async - {"script":"<script> [1562 bytes]","args":[{"selector":{"id":"shellAppTitle"},"wdio_ui5_key":"shellAppTitle"}]}
RESULT: {"script":"<script> [1562 bytes]","args":[{"selector":{"id":"shellAppTitle"},"wdio_ui5_key":"shellAppTitle"}]}
COMMAND: POST /session/ee64515cdf25ffb5f2678bae898e7b66/execute/async - {"script":"<script> [6424 bytes]","args":[{"element-6066-11e4-a52e-4f735466cecf":"f.7218AE79A50A324A49E8A26ADBA31562.d.5861458CA84C8C8FAE78590C3821949F.e.3269"},"getTitle",[]]}
RESULT: {"script":"<script> [6424 bytes]","args":[{"element-6066-11e4-a52e-4f735466cecf":"f.7218AE79A50A324A49E8A26ADBA31562.d.5861458CA84C8C8FAE78590C3821949F.e.3269"},"getTitle",[]]}
RESULT: undefined
COMMAND: POST /session/ee64515cdf25ffb5f2678bae898e7b66/element/f.7218AE79A50A324A49E8A26ADBA31562.d.5861458CA84C8C8FAE78590C3821949F.e.3088/click - {}
COMMAND: POST /session/ee64515cdf25ffb5f2678bae898e7b66/element - {"using":"xpath","value":"//*[@id=\"backBtn\"]"}
RESULT: {"using":"xpath","value":"//*[@id=\"backBtn\"]"}
COMMAND: POST /session/ee64515cdf25ffb5f2678bae898e7b66/element/f.7218AE79A50A324A49E8A26ADBA31562.d.5861458CA84C8C8FAE78590C3821949F.e.3088/click - {}
COMMAND: POST /session/ee64515cdf25ffb5f2678bae898e7b66/element - {"using":"xpath","value":"//*[@id=\"backBtn\"]"}
RESULT: {"using":"xpath","value":"//*[@id=\"backBtn\"]"}
COMMAND: POST /session/ee64515cdf25ffb5f2678bae898e7b66/element/f.7218AE79A50A324A49E8A26ADBA31562.d.5861458CA84C8C8FAE78590C3821949F.e.3270/click - {}
RESULT: {}
COMMAND: GET /session/ee64515cdf25ffb5f2678bae898e7b66/screenshot - {}
RESULT: {}
]]></system-out>
    </testcase>
    <testcase classname="chrome.136_0_7103_93.windows.Sanity_Tests_US104253" name="Should open ISC Templates page" time="42.621">
      <system-out><![CDATA[
COMMAND: POST /session/ee64515cdf25ffb5f2678bae898e7b66/execute/async - {"script":"<script> [1562 bytes]","args":[{"selector":{"controlType":"sap.m.GenericTile","properties":{"header":"ISC Templates"}},"wdio_ui5_key":"sapm.GenericTile{\"header\":\"ISC Templates\"}"}]}
RESULT: {"script":"<script> [1562 bytes]","args":[{"selector":{"controlType":"sap.m.GenericTile","properties":{"header":"ISC Templates"}},"wdio_ui5_key":"sapm.GenericTile{\"header\":\"ISC Templates\"}"}]}
RESULT: undefined
COMMAND: POST /session/ee64515cdf25ffb5f2678bae898e7b66/element - {"using":"xpath","value":"//*[@id=\"__tile111\"]"}
RESULT: {"using":"xpath","value":"//*[@id=\"__tile111\"]"}
COMMAND: POST /session/ee64515cdf25ffb5f2678bae898e7b66/element/f.7218AE79A50A324A49E8A26ADBA31562.d.5861458CA84C8C8FAE78590C3821949F.e.3272/click - {}
RESULT: {}
COMMAND: GET /session/ee64515cdf25ffb5f2678bae898e7b66/screenshot - {}
RESULT: {}
COMMAND: POST /session/ee64515cdf25ffb5f2678bae898e7b66/elements - {"using":"xpath","value":"//span[text()='Error']"}
RESULT: {"using":"xpath","value":"//span[text()='Error']"}
RESULT: undefined
COMMAND: POST /session/ee64515cdf25ffb5f2678bae898e7b66/element - {"using":"xpath","value":"//*[@id=\"__tile111\"]"}
RESULT: {"using":"xpath","value":"//*[@id=\"__tile111\"]"}
COMMAND: POST /session/ee64515cdf25ffb5f2678bae898e7b66/element/f.7218AE79A50A324A49E8A26ADBA31562.d.5861458CA84C8C8FAE78590C3821949F.e.3272/click - {}
RESULT: undefined
COMMAND: POST /session/ee64515cdf25ffb5f2678bae898e7b66/element - {"using":"xpath","value":"//*[@id=\"__tile111\"]"}
RESULT: {"using":"xpath","value":"//*[@id=\"__tile111\"]"}
COMMAND: POST /session/ee64515cdf25ffb5f2678bae898e7b66/element/f.7218AE79A50A324A49E8A26ADBA31562.d.5861458CA84C8C8FAE78590C3821949F.e.3272/click - {}
RESULT: undefined
COMMAND: POST /session/ee64515cdf25ffb5f2678bae898e7b66/execute/async - {"script":"<script> [6424 bytes]","args":[{"element-6066-11e4-a52e-4f735466cecf":"f.7218AE79A50A324A49E8A26ADBA31562.d.5861458CA84C8C8FAE78590C3821949F.e.288"},"getTitle",[]]}
COMMAND: POST /session/ee64515cdf25ffb5f2678bae898e7b66/execute/async - {"script":"<script> [1562 bytes]","args":[{"selector":{"id":"shellAppTitle"},"wdio_ui5_key":"shellAppTitle"}]}
RESULT: {"script":"<script> [1562 bytes]","args":[{"selector":{"id":"shellAppTitle"},"wdio_ui5_key":"shellAppTitle"}]}
COMMAND: POST /session/ee64515cdf25ffb5f2678bae898e7b66/execute/async - {"script":"<script> [6424 bytes]","args":[{"element-6066-11e4-a52e-4f735466cecf":"f.7218AE79A50A324A49E8A26ADBA31562.d.5861458CA84C8C8FAE78590C3821949F.e.3339"},"getTitle",[]]}
RESULT: {"script":"<script> [6424 bytes]","args":[{"element-6066-11e4-a52e-4f735466cecf":"f.7218AE79A50A324A49E8A26ADBA31562.d.5861458CA84C8C8FAE78590C3821949F.e.3339"},"getTitle",[]]}
RESULT: undefined
COMMAND: POST /session/ee64515cdf25ffb5f2678bae898e7b66/element/f.7218AE79A50A324A49E8A26ADBA31562.d.5861458CA84C8C8FAE78590C3821949F.e.3270/click - {}
RESULT: {}
COMMAND: GET /session/ee64515cdf25ffb5f2678bae898e7b66/screenshot - {}
RESULT: {}
]]></system-out>
    </testcase>
    <testcase classname="chrome.136_0_7103_93.windows.Sanity_Tests_US104253" name="Should open ISC Schedules page" time="52.543">
      <system-out><![CDATA[
COMMAND: POST /session/ee64515cdf25ffb5f2678bae898e7b66/execute/async - {"script":"<script> [1562 bytes]","args":[{"selector":{"controlType":"sap.m.GenericTile","properties":{"header":"ISC Schedules"}},"wdio_ui5_key":"sapm.GenericTile{\"header\":\"ISC Schedules\"}"}]}
RESULT: {"script":"<script> [1562 bytes]","args":[{"selector":{"controlType":"sap.m.GenericTile","properties":{"header":"ISC Schedules"}},"wdio_ui5_key":"sapm.GenericTile{\"header\":\"ISC Schedules\"}"}]}
RESULT: undefined
COMMAND: POST /session/ee64515cdf25ffb5f2678bae898e7b66/element - {"using":"xpath","value":"//*[@id=\"__tile109\"]"}
RESULT: {"using":"xpath","value":"//*[@id=\"__tile109\"]"}
COMMAND: POST /session/ee64515cdf25ffb5f2678bae898e7b66/element/f.7218AE79A50A324A49E8A26ADBA31562.d.5861458CA84C8C8FAE78590C3821949F.e.3342/click - {}
RESULT: {}
COMMAND: GET /session/ee64515cdf25ffb5f2678bae898e7b66/screenshot - {}
RESULT: {}
COMMAND: POST /session/ee64515cdf25ffb5f2678bae898e7b66/elements - {"using":"xpath","value":"//span[text()='Error']"}
RESULT: {"using":"xpath","value":"//span[text()='Error']"}
RESULT: undefined
COMMAND: POST /session/ee64515cdf25ffb5f2678bae898e7b66/element - {"using":"xpath","value":"//*[@id=\"__tile109\"]"}
RESULT: {"using":"xpath","value":"//*[@id=\"__tile109\"]"}
COMMAND: POST /session/ee64515cdf25ffb5f2678bae898e7b66/element/f.7218AE79A50A324A49E8A26ADBA31562.d.5861458CA84C8C8FAE78590C3821949F.e.3342/click - {}
RESULT: undefined
COMMAND: POST /session/ee64515cdf25ffb5f2678bae898e7b66/element - {"using":"xpath","value":"//*[@id=\"__tile109\"]"}
RESULT: {"using":"xpath","value":"//*[@id=\"__tile109\"]"}
COMMAND: POST /session/ee64515cdf25ffb5f2678bae898e7b66/element/f.7218AE79A50A324A49E8A26ADBA31562.d.5861458CA84C8C8FAE78590C3821949F.e.3342/click - {}
RESULT: undefined
COMMAND: POST /session/ee64515cdf25ffb5f2678bae898e7b66/execute/async - {"script":"<script> [6424 bytes]","args":[{"element-6066-11e4-a52e-4f735466cecf":"f.7218AE79A50A324A49E8A26ADBA31562.d.5861458CA84C8C8FAE78590C3821949F.e.288"},"getTitle",[]]}
COMMAND: POST /session/ee64515cdf25ffb5f2678bae898e7b66/execute/async - {"script":"<script> [1562 bytes]","args":[{"selector":{"id":"shellAppTitle"},"wdio_ui5_key":"shellAppTitle"}]}
RESULT: {"script":"<script> [1562 bytes]","args":[{"selector":{"id":"shellAppTitle"},"wdio_ui5_key":"shellAppTitle"}]}
COMMAND: POST /session/ee64515cdf25ffb5f2678bae898e7b66/execute/async - {"script":"<script> [6424 bytes]","args":[{"element-6066-11e4-a52e-4f735466cecf":"f.7218AE79A50A324A49E8A26ADBA31562.d.5861458CA84C8C8FAE78590C3821949F.e.3408"},"getTitle",[]]}
RESULT: {"script":"<script> [6424 bytes]","args":[{"element-6066-11e4-a52e-4f735466cecf":"f.7218AE79A50A324A49E8A26ADBA31562.d.5861458CA84C8C8FAE78590C3821949F.e.3408"},"getTitle",[]]}
RESULT: undefined
COMMAND: POST /session/ee64515cdf25ffb5f2678bae898e7b66/element/f.7218AE79A50A324A49E8A26ADBA31562.d.5861458CA84C8C8FAE78590C3821949F.e.3270/click - {}
COMMAND: POST /session/ee64515cdf25ffb5f2678bae898e7b66/element - {"using":"xpath","value":"//*[@id=\"backBtn\"]"}
RESULT: {"using":"xpath","value":"//*[@id=\"backBtn\"]"}
COMMAND: POST /session/ee64515cdf25ffb5f2678bae898e7b66/element/f.7218AE79A50A324A49E8A26ADBA31562.d.5861458CA84C8C8FAE78590C3821949F.e.3270/click - {}
COMMAND: POST /session/ee64515cdf25ffb5f2678bae898e7b66/element - {"using":"xpath","value":"//*[@id=\"backBtn\"]"}
RESULT: {"using":"xpath","value":"//*[@id=\"backBtn\"]"}
COMMAND: POST /session/ee64515cdf25ffb5f2678bae898e7b66/element/f.7218AE79A50A324A49E8A26ADBA31562.d.5861458CA84C8C8FAE78590C3821949F.e.3409/click - {}
RESULT: {}
COMMAND: GET /session/ee64515cdf25ffb5f2678bae898e7b66/screenshot - {}
RESULT: {}
]]></system-out>
    </testcase>
    <testcase classname="chrome.136_0_7103_93.windows.Sanity_Tests_US104253" name="Should open ISC Dashboard page" time="43.336">
      <system-out><![CDATA[
COMMAND: POST /session/ee64515cdf25ffb5f2678bae898e7b66/execute/async - {"script":"<script> [1562 bytes]","args":[{"selector":{"controlType":"sap.m.GenericTile","properties":{"header":"ISC Dashboard"}},"wdio_ui5_key":"sapm.GenericTile{\"header\":\"ISC Dashboard\"}"}]}
RESULT: {"script":"<script> [1562 bytes]","args":[{"selector":{"controlType":"sap.m.GenericTile","properties":{"header":"ISC Dashboard"}},"wdio_ui5_key":"sapm.GenericTile{\"header\":\"ISC Dashboard\"}"}]}
RESULT: undefined
COMMAND: POST /session/ee64515cdf25ffb5f2678bae898e7b66/element - {"using":"xpath","value":"//*[@id=\"__tile106\"]"}
RESULT: {"using":"xpath","value":"//*[@id=\"__tile106\"]"}
COMMAND: POST /session/ee64515cdf25ffb5f2678bae898e7b66/element/f.7218AE79A50A324A49E8A26ADBA31562.d.5861458CA84C8C8FAE78590C3821949F.e.3411/click - {}
RESULT: {}
COMMAND: GET /session/ee64515cdf25ffb5f2678bae898e7b66/screenshot - {}
RESULT: {}
COMMAND: POST /session/ee64515cdf25ffb5f2678bae898e7b66/elements - {"using":"xpath","value":"//span[text()='Error']"}
RESULT: {"using":"xpath","value":"//span[text()='Error']"}
RESULT: undefined
COMMAND: POST /session/ee64515cdf25ffb5f2678bae898e7b66/element - {"using":"xpath","value":"//*[@id=\"__tile106\"]"}
RESULT: {"using":"xpath","value":"//*[@id=\"__tile106\"]"}
COMMAND: POST /session/ee64515cdf25ffb5f2678bae898e7b66/element/f.7218AE79A50A324A49E8A26ADBA31562.d.5861458CA84C8C8FAE78590C3821949F.e.3411/click - {}
RESULT: undefined
COMMAND: POST /session/ee64515cdf25ffb5f2678bae898e7b66/element - {"using":"xpath","value":"//*[@id=\"__tile106\"]"}
RESULT: {"using":"xpath","value":"//*[@id=\"__tile106\"]"}
COMMAND: POST /session/ee64515cdf25ffb5f2678bae898e7b66/element/f.7218AE79A50A324A49E8A26ADBA31562.d.5861458CA84C8C8FAE78590C3821949F.e.3411/click - {}
RESULT: undefined
COMMAND: POST /session/ee64515cdf25ffb5f2678bae898e7b66/execute/async - {"script":"<script> [6424 bytes]","args":[{"element-6066-11e4-a52e-4f735466cecf":"f.7218AE79A50A324A49E8A26ADBA31562.d.5861458CA84C8C8FAE78590C3821949F.e.288"},"getTitle",[]]}
COMMAND: POST /session/ee64515cdf25ffb5f2678bae898e7b66/execute/async - {"script":"<script> [1562 bytes]","args":[{"selector":{"id":"shellAppTitle"},"wdio_ui5_key":"shellAppTitle"}]}
RESULT: {"script":"<script> [1562 bytes]","args":[{"selector":{"id":"shellAppTitle"},"wdio_ui5_key":"shellAppTitle"}]}
COMMAND: POST /session/ee64515cdf25ffb5f2678bae898e7b66/execute/async - {"script":"<script> [6424 bytes]","args":[{"element-6066-11e4-a52e-4f735466cecf":"f.7218AE79A50A324A49E8A26ADBA31562.d.5861458CA84C8C8FAE78590C3821949F.e.3531"},"getTitle",[]]}
RESULT: {"script":"<script> [6424 bytes]","args":[{"element-6066-11e4-a52e-4f735466cecf":"f.7218AE79A50A324A49E8A26ADBA31562.d.5861458CA84C8C8FAE78590C3821949F.e.3531"},"getTitle",[]]}
RESULT: undefined
COMMAND: POST /session/ee64515cdf25ffb5f2678bae898e7b66/element/f.7218AE79A50A324A49E8A26ADBA31562.d.5861458CA84C8C8FAE78590C3821949F.e.3409/click - {}
RESULT: {}
COMMAND: GET /session/ee64515cdf25ffb5f2678bae898e7b66/screenshot - {}
RESULT: {}
]]></system-out>
    </testcase>
    <testcase classname="chrome.136_0_7103_93.windows.Sanity_Tests_US104253" name="Should open ISC Orders page" time="40.576">
      <system-out><![CDATA[
COMMAND: POST /session/ee64515cdf25ffb5f2678bae898e7b66/execute/async - {"script":"<script> [1562 bytes]","args":[{"selector":{"controlType":"sap.m.GenericTile","properties":{"header":"ISC Orders"}},"wdio_ui5_key":"sapm.GenericTile{\"header\":\"ISC Orders\"}"}]}
RESULT: {"script":"<script> [1562 bytes]","args":[{"selector":{"controlType":"sap.m.GenericTile","properties":{"header":"ISC Orders"}},"wdio_ui5_key":"sapm.GenericTile{\"header\":\"ISC Orders\"}"}]}
RESULT: undefined
COMMAND: POST /session/ee64515cdf25ffb5f2678bae898e7b66/element - {"using":"xpath","value":"//*[@id=\"__tile108\"]"}
RESULT: {"using":"xpath","value":"//*[@id=\"__tile108\"]"}
COMMAND: POST /session/ee64515cdf25ffb5f2678bae898e7b66/element/f.7218AE79A50A324A49E8A26ADBA31562.d.5861458CA84C8C8FAE78590C3821949F.e.3533/click - {}
RESULT: {}
COMMAND: GET /session/ee64515cdf25ffb5f2678bae898e7b66/screenshot - {}
RESULT: {}
COMMAND: POST /session/ee64515cdf25ffb5f2678bae898e7b66/elements - {"using":"xpath","value":"//span[text()='Error']"}
RESULT: {"using":"xpath","value":"//span[text()='Error']"}
RESULT: undefined
COMMAND: POST /session/ee64515cdf25ffb5f2678bae898e7b66/element - {"using":"xpath","value":"//*[@id=\"__tile108\"]"}
RESULT: {"using":"xpath","value":"//*[@id=\"__tile108\"]"}
COMMAND: POST /session/ee64515cdf25ffb5f2678bae898e7b66/element/f.7218AE79A50A324A49E8A26ADBA31562.d.5861458CA84C8C8FAE78590C3821949F.e.3533/click - {}
RESULT: undefined
COMMAND: POST /session/ee64515cdf25ffb5f2678bae898e7b66/element - {"using":"xpath","value":"//*[@id=\"__tile108\"]"}
RESULT: {"using":"xpath","value":"//*[@id=\"__tile108\"]"}
COMMAND: POST /session/ee64515cdf25ffb5f2678bae898e7b66/element/f.7218AE79A50A324A49E8A26ADBA31562.d.5861458CA84C8C8FAE78590C3821949F.e.3533/click - {}
RESULT: undefined
COMMAND: POST /session/ee64515cdf25ffb5f2678bae898e7b66/execute/async - {"script":"<script> [6424 bytes]","args":[{"element-6066-11e4-a52e-4f735466cecf":"f.7218AE79A50A324A49E8A26ADBA31562.d.5861458CA84C8C8FAE78590C3821949F.e.288"},"getTitle",[]]}
COMMAND: POST /session/ee64515cdf25ffb5f2678bae898e7b66/execute/async - {"script":"<script> [1562 bytes]","args":[{"selector":{"id":"shellAppTitle"},"wdio_ui5_key":"shellAppTitle"}]}
RESULT: {"script":"<script> [1562 bytes]","args":[{"selector":{"id":"shellAppTitle"},"wdio_ui5_key":"shellAppTitle"}]}
COMMAND: POST /session/ee64515cdf25ffb5f2678bae898e7b66/execute/async - {"script":"<script> [6424 bytes]","args":[{"element-6066-11e4-a52e-4f735466cecf":"f.7218AE79A50A324A49E8A26ADBA31562.d.5861458CA84C8C8FAE78590C3821949F.e.3636"},"getTitle",[]]}
RESULT: {"script":"<script> [6424 bytes]","args":[{"element-6066-11e4-a52e-4f735466cecf":"f.7218AE79A50A324A49E8A26ADBA31562.d.5861458CA84C8C8FAE78590C3821949F.e.3636"},"getTitle",[]]}
RESULT: undefined
COMMAND: POST /session/ee64515cdf25ffb5f2678bae898e7b66/element/f.7218AE79A50A324A49E8A26ADBA31562.d.5861458CA84C8C8FAE78590C3821949F.e.3409/click - {}
COMMAND: POST /session/ee64515cdf25ffb5f2678bae898e7b66/element - {"using":"xpath","value":"//*[@id=\"backBtn\"]"}
RESULT: {"using":"xpath","value":"//*[@id=\"backBtn\"]"}
COMMAND: POST /session/ee64515cdf25ffb5f2678bae898e7b66/element/f.7218AE79A50A324A49E8A26ADBA31562.d.5861458CA84C8C8FAE78590C3821949F.e.3409/click - {}
COMMAND: POST /session/ee64515cdf25ffb5f2678bae898e7b66/element - {"using":"xpath","value":"//*[@id=\"backBtn\"]"}
RESULT: {"using":"xpath","value":"//*[@id=\"backBtn\"]"}
COMMAND: POST /session/ee64515cdf25ffb5f2678bae898e7b66/element/f.7218AE79A50A324A49E8A26ADBA31562.d.5861458CA84C8C8FAE78590C3821949F.e.3637/click - {}
RESULT: {}
COMMAND: GET /session/ee64515cdf25ffb5f2678bae898e7b66/screenshot - {}
RESULT: {}
]]></system-out>
    </testcase>
    <testcase classname="chrome.136_0_7103_93.windows.Sanity_Tests_US104253" name="Should open ISC Tasks page" time="40.97">
      <system-out><![CDATA[
COMMAND: POST /session/ee64515cdf25ffb5f2678bae898e7b66/execute/async - {"script":"<script> [1562 bytes]","args":[{"selector":{"controlType":"sap.m.GenericTile","properties":{"header":"ISC Tasks"}},"wdio_ui5_key":"sapm.GenericTile{\"header\":\"ISC Tasks\"}"}]}
RESULT: {"script":"<script> [1562 bytes]","args":[{"selector":{"controlType":"sap.m.GenericTile","properties":{"header":"ISC Tasks"}},"wdio_ui5_key":"sapm.GenericTile{\"header\":\"ISC Tasks\"}"}]}
RESULT: undefined
COMMAND: POST /session/ee64515cdf25ffb5f2678bae898e7b66/element - {"using":"xpath","value":"//*[@id=\"__tile110\"]"}
RESULT: {"using":"xpath","value":"//*[@id=\"__tile110\"]"}
COMMAND: POST /session/ee64515cdf25ffb5f2678bae898e7b66/element/f.7218AE79A50A324A49E8A26ADBA31562.d.5861458CA84C8C8FAE78590C3821949F.e.3639/click - {}
RESULT: {}
COMMAND: GET /session/ee64515cdf25ffb5f2678bae898e7b66/screenshot - {}
RESULT: {}
COMMAND: POST /session/ee64515cdf25ffb5f2678bae898e7b66/elements - {"using":"xpath","value":"//span[text()='Error']"}
RESULT: {"using":"xpath","value":"//span[text()='Error']"}
RESULT: undefined
COMMAND: POST /session/ee64515cdf25ffb5f2678bae898e7b66/element - {"using":"xpath","value":"//*[@id=\"__tile110\"]"}
RESULT: {"using":"xpath","value":"//*[@id=\"__tile110\"]"}
COMMAND: POST /session/ee64515cdf25ffb5f2678bae898e7b66/element/f.7218AE79A50A324A49E8A26ADBA31562.d.5861458CA84C8C8FAE78590C3821949F.e.3639/click - {}
RESULT: undefined
COMMAND: POST /session/ee64515cdf25ffb5f2678bae898e7b66/element - {"using":"xpath","value":"//*[@id=\"__tile110\"]"}
RESULT: {"using":"xpath","value":"//*[@id=\"__tile110\"]"}
COMMAND: POST /session/ee64515cdf25ffb5f2678bae898e7b66/element/f.7218AE79A50A324A49E8A26ADBA31562.d.5861458CA84C8C8FAE78590C3821949F.e.3639/click - {}
RESULT: undefined
COMMAND: POST /session/ee64515cdf25ffb5f2678bae898e7b66/execute/async - {"script":"<script> [6424 bytes]","args":[{"element-6066-11e4-a52e-4f735466cecf":"f.7218AE79A50A324A49E8A26ADBA31562.d.5861458CA84C8C8FAE78590C3821949F.e.288"},"getTitle",[]]}
COMMAND: POST /session/ee64515cdf25ffb5f2678bae898e7b66/execute/async - {"script":"<script> [1562 bytes]","args":[{"selector":{"id":"shellAppTitle"},"wdio_ui5_key":"shellAppTitle"}]}
RESULT: {"script":"<script> [1562 bytes]","args":[{"selector":{"id":"shellAppTitle"},"wdio_ui5_key":"shellAppTitle"}]}
COMMAND: POST /session/ee64515cdf25ffb5f2678bae898e7b66/execute/async - {"script":"<script> [6424 bytes]","args":[{"element-6066-11e4-a52e-4f735466cecf":"f.7218AE79A50A324A49E8A26ADBA31562.d.5861458CA84C8C8FAE78590C3821949F.e.3732"},"getTitle",[]]}
RESULT: {"script":"<script> [6424 bytes]","args":[{"element-6066-11e4-a52e-4f735466cecf":"f.7218AE79A50A324A49E8A26ADBA31562.d.5861458CA84C8C8FAE78590C3821949F.e.3732"},"getTitle",[]]}
RESULT: undefined
COMMAND: POST /session/ee64515cdf25ffb5f2678bae898e7b66/element/f.7218AE79A50A324A49E8A26ADBA31562.d.5861458CA84C8C8FAE78590C3821949F.e.3637/click - {}
RESULT: {}
COMMAND: GET /session/ee64515cdf25ffb5f2678bae898e7b66/screenshot - {}
RESULT: {}
]]></system-out>
    </testcase>
    <testcase classname="chrome.136_0_7103_93.windows.Sanity_Tests_US104253" name="Should open Manage Resource Logbook page" time="40.416">
      <system-out><![CDATA[
COMMAND: POST /session/ee64515cdf25ffb5f2678bae898e7b66/execute/async - {"script":"<script> [1562 bytes]","args":[{"selector":{"controlType":"sap.m.GenericTile","properties":{"header":"Manage Resource Logbook"}},"wdio_ui5_key":"sapm.GenericTile{\"header\":\"Manage Resource Logbook\"}"}]}
RESULT: {"script":"<script> [1562 bytes]","args":[{"selector":{"controlType":"sap.m.GenericTile","properties":{"header":"Manage Resource Logbook"}},"wdio_ui5_key":"sapm.GenericTile{\"header\":\"Manage Resource Logbook\"}"}]}
RESULT: undefined
COMMAND: POST /session/ee64515cdf25ffb5f2678bae898e7b66/element - {"using":"xpath","value":"//*[@id=\"__tile113\"]"}
RESULT: {"using":"xpath","value":"//*[@id=\"__tile113\"]"}
COMMAND: POST /session/ee64515cdf25ffb5f2678bae898e7b66/element/f.7218AE79A50A324A49E8A26ADBA31562.d.5861458CA84C8C8FAE78590C3821949F.e.3734/click - {}
RESULT: {}
COMMAND: GET /session/ee64515cdf25ffb5f2678bae898e7b66/screenshot - {}
RESULT: {}
COMMAND: POST /session/ee64515cdf25ffb5f2678bae898e7b66/elements - {"using":"xpath","value":"//span[text()='Error']"}
RESULT: {"using":"xpath","value":"//span[text()='Error']"}
RESULT: undefined
COMMAND: POST /session/ee64515cdf25ffb5f2678bae898e7b66/element - {"using":"xpath","value":"//*[@id=\"__tile113\"]"}
RESULT: {"using":"xpath","value":"//*[@id=\"__tile113\"]"}
COMMAND: POST /session/ee64515cdf25ffb5f2678bae898e7b66/element/f.7218AE79A50A324A49E8A26ADBA31562.d.5861458CA84C8C8FAE78590C3821949F.e.3734/click - {}
RESULT: undefined
COMMAND: POST /session/ee64515cdf25ffb5f2678bae898e7b66/element - {"using":"xpath","value":"//*[@id=\"__tile113\"]"}
RESULT: {"using":"xpath","value":"//*[@id=\"__tile113\"]"}
COMMAND: POST /session/ee64515cdf25ffb5f2678bae898e7b66/element/f.7218AE79A50A324A49E8A26ADBA31562.d.5861458CA84C8C8FAE78590C3821949F.e.3734/click - {}
RESULT: undefined
COMMAND: POST /session/ee64515cdf25ffb5f2678bae898e7b66/execute/async - {"script":"<script> [6424 bytes]","args":[{"element-6066-11e4-a52e-4f735466cecf":"f.7218AE79A50A324A49E8A26ADBA31562.d.5861458CA84C8C8FAE78590C3821949F.e.288"},"getTitle",[]]}
COMMAND: POST /session/ee64515cdf25ffb5f2678bae898e7b66/execute/async - {"script":"<script> [1562 bytes]","args":[{"selector":{"id":"shellAppTitle"},"wdio_ui5_key":"shellAppTitle"}]}
RESULT: {"script":"<script> [1562 bytes]","args":[{"selector":{"id":"shellAppTitle"},"wdio_ui5_key":"shellAppTitle"}]}
COMMAND: POST /session/ee64515cdf25ffb5f2678bae898e7b66/execute/async - {"script":"<script> [6424 bytes]","args":[{"element-6066-11e4-a52e-4f735466cecf":"f.7218AE79A50A324A49E8A26ADBA31562.d.5861458CA84C8C8FAE78590C3821949F.e.3834"},"getTitle",[]]}
RESULT: {"script":"<script> [6424 bytes]","args":[{"element-6066-11e4-a52e-4f735466cecf":"f.7218AE79A50A324A49E8A26ADBA31562.d.5861458CA84C8C8FAE78590C3821949F.e.3834"},"getTitle",[]]}
RESULT: undefined
COMMAND: POST /session/ee64515cdf25ffb5f2678bae898e7b66/element/f.7218AE79A50A324A49E8A26ADBA31562.d.5861458CA84C8C8FAE78590C3821949F.e.3637/click - {}
COMMAND: POST /session/ee64515cdf25ffb5f2678bae898e7b66/element - {"using":"xpath","value":"//*[@id=\"backBtn\"]"}
RESULT: {"using":"xpath","value":"//*[@id=\"backBtn\"]"}
COMMAND: POST /session/ee64515cdf25ffb5f2678bae898e7b66/element/f.7218AE79A50A324A49E8A26ADBA31562.d.5861458CA84C8C8FAE78590C3821949F.e.3637/click - {}
COMMAND: POST /session/ee64515cdf25ffb5f2678bae898e7b66/element - {"using":"xpath","value":"//*[@id=\"backBtn\"]"}
RESULT: {"using":"xpath","value":"//*[@id=\"backBtn\"]"}
COMMAND: POST /session/ee64515cdf25ffb5f2678bae898e7b66/element/f.7218AE79A50A324A49E8A26ADBA31562.d.5861458CA84C8C8FAE78590C3821949F.e.3835/click - {}
RESULT: {}
COMMAND: GET /session/ee64515cdf25ffb5f2678bae898e7b66/screenshot - {}
RESULT: {}
]]></system-out>
    </testcase>
    <testcase classname="chrome.136_0_7103_93.windows.Sanity_Tests_US104253" name="Should open Manage Logbook page" time="38.556">
      <system-out><![CDATA[
COMMAND: POST /session/ee64515cdf25ffb5f2678bae898e7b66/execute/async - {"script":"<script> [1562 bytes]","args":[{"selector":{"controlType":"sap.m.GenericTile","properties":{"header":"Manage Logbook"}},"wdio_ui5_key":"sapm.GenericTile{\"header\":\"Manage Logbook\"}"}]}
RESULT: {"script":"<script> [1562 bytes]","args":[{"selector":{"controlType":"sap.m.GenericTile","properties":{"header":"Manage Logbook"}},"wdio_ui5_key":"sapm.GenericTile{\"header\":\"Manage Logbook\"}"}]}
RESULT: undefined
COMMAND: POST /session/ee64515cdf25ffb5f2678bae898e7b66/element - {"using":"xpath","value":"//*[@id=\"__tile112\"]"}
RESULT: {"using":"xpath","value":"//*[@id=\"__tile112\"]"}
COMMAND: POST /session/ee64515cdf25ffb5f2678bae898e7b66/element/f.7218AE79A50A324A49E8A26ADBA31562.d.5861458CA84C8C8FAE78590C3821949F.e.3837/click - {}
RESULT: {}
COMMAND: GET /session/ee64515cdf25ffb5f2678bae898e7b66/screenshot - {}
RESULT: {}
COMMAND: POST /session/ee64515cdf25ffb5f2678bae898e7b66/elements - {"using":"xpath","value":"//span[text()='Error']"}
RESULT: {"using":"xpath","value":"//span[text()='Error']"}
RESULT: undefined
COMMAND: POST /session/ee64515cdf25ffb5f2678bae898e7b66/element - {"using":"xpath","value":"//*[@id=\"__tile112\"]"}
RESULT: {"using":"xpath","value":"//*[@id=\"__tile112\"]"}
COMMAND: POST /session/ee64515cdf25ffb5f2678bae898e7b66/element/f.7218AE79A50A324A49E8A26ADBA31562.d.5861458CA84C8C8FAE78590C3821949F.e.3837/click - {}
RESULT: undefined
COMMAND: POST /session/ee64515cdf25ffb5f2678bae898e7b66/element - {"using":"xpath","value":"//*[@id=\"__tile112\"]"}
RESULT: {"using":"xpath","value":"//*[@id=\"__tile112\"]"}
COMMAND: POST /session/ee64515cdf25ffb5f2678bae898e7b66/element/f.7218AE79A50A324A49E8A26ADBA31562.d.5861458CA84C8C8FAE78590C3821949F.e.3837/click - {}
RESULT: undefined
COMMAND: POST /session/ee64515cdf25ffb5f2678bae898e7b66/execute/async - {"script":"<script> [6424 bytes]","args":[{"element-6066-11e4-a52e-4f735466cecf":"f.7218AE79A50A324A49E8A26ADBA31562.d.5861458CA84C8C8FAE78590C3821949F.e.288"},"getTitle",[]]}
COMMAND: POST /session/ee64515cdf25ffb5f2678bae898e7b66/execute/async - {"script":"<script> [1562 bytes]","args":[{"selector":{"id":"shellAppTitle"},"wdio_ui5_key":"shellAppTitle"}]}
RESULT: {"script":"<script> [1562 bytes]","args":[{"selector":{"id":"shellAppTitle"},"wdio_ui5_key":"shellAppTitle"}]}
COMMAND: POST /session/ee64515cdf25ffb5f2678bae898e7b66/execute/async - {"script":"<script> [6424 bytes]","args":[{"element-6066-11e4-a52e-4f735466cecf":"f.7218AE79A50A324A49E8A26ADBA31562.d.5861458CA84C8C8FAE78590C3821949F.e.3912"},"getTitle",[]]}
RESULT: {"script":"<script> [6424 bytes]","args":[{"element-6066-11e4-a52e-4f735466cecf":"f.7218AE79A50A324A49E8A26ADBA31562.d.5861458CA84C8C8FAE78590C3821949F.e.3912"},"getTitle",[]]}
RESULT: undefined
COMMAND: POST /session/ee64515cdf25ffb5f2678bae898e7b66/element/f.7218AE79A50A324A49E8A26ADBA31562.d.5861458CA84C8C8FAE78590C3821949F.e.3835/click - {}
RESULT: {}
COMMAND: GET /session/ee64515cdf25ffb5f2678bae898e7b66/screenshot - {}
RESULT: {}
]]></system-out>
    </testcase>
    <testcase classname="chrome.136_0_7103_93.windows.Sanity_Tests_US104253" name="Should open ISC Orders Calendar page" time="41.9">
      <system-out><![CDATA[
COMMAND: POST /session/ee64515cdf25ffb5f2678bae898e7b66/execute/async - {"script":"<script> [1562 bytes]","args":[{"selector":{"controlType":"sap.m.GenericTile","properties":{"header":"ISC Orders Calendar"}},"wdio_ui5_key":"sapm.GenericTile{\"header\":\"ISC Orders Calendar\"}"}]}
RESULT: {"script":"<script> [1562 bytes]","args":[{"selector":{"controlType":"sap.m.GenericTile","properties":{"header":"ISC Orders Calendar"}},"wdio_ui5_key":"sapm.GenericTile{\"header\":\"ISC Orders Calendar\"}"}]}
RESULT: undefined
COMMAND: POST /session/ee64515cdf25ffb5f2678bae898e7b66/element - {"using":"xpath","value":"//*[@id=\"__tile107\"]"}
RESULT: {"using":"xpath","value":"//*[@id=\"__tile107\"]"}
COMMAND: POST /session/ee64515cdf25ffb5f2678bae898e7b66/element/f.7218AE79A50A324A49E8A26ADBA31562.d.5861458CA84C8C8FAE78590C3821949F.e.3914/click - {}
RESULT: {}
COMMAND: GET /session/ee64515cdf25ffb5f2678bae898e7b66/screenshot - {}
RESULT: {}
COMMAND: POST /session/ee64515cdf25ffb5f2678bae898e7b66/elements - {"using":"xpath","value":"//span[text()='Error']"}
RESULT: {"using":"xpath","value":"//span[text()='Error']"}
RESULT: undefined
COMMAND: POST /session/ee64515cdf25ffb5f2678bae898e7b66/element - {"using":"xpath","value":"//*[@id=\"__tile107\"]"}
RESULT: {"using":"xpath","value":"//*[@id=\"__tile107\"]"}
COMMAND: POST /session/ee64515cdf25ffb5f2678bae898e7b66/element/f.7218AE79A50A324A49E8A26ADBA31562.d.5861458CA84C8C8FAE78590C3821949F.e.3914/click - {}
RESULT: undefined
COMMAND: POST /session/ee64515cdf25ffb5f2678bae898e7b66/element - {"using":"xpath","value":"//*[@id=\"__tile107\"]"}
RESULT: {"using":"xpath","value":"//*[@id=\"__tile107\"]"}
COMMAND: POST /session/ee64515cdf25ffb5f2678bae898e7b66/element/f.7218AE79A50A324A49E8A26ADBA31562.d.5861458CA84C8C8FAE78590C3821949F.e.3914/click - {}
RESULT: undefined
COMMAND: POST /session/ee64515cdf25ffb5f2678bae898e7b66/execute/async - {"script":"<script> [6424 bytes]","args":[{"element-6066-11e4-a52e-4f735466cecf":"f.7218AE79A50A324A49E8A26ADBA31562.d.5861458CA84C8C8FAE78590C3821949F.e.288"},"getTitle",[]]}
COMMAND: POST /session/ee64515cdf25ffb5f2678bae898e7b66/execute/async - {"script":"<script> [1562 bytes]","args":[{"selector":{"id":"shellAppTitle"},"wdio_ui5_key":"shellAppTitle"}]}
RESULT: {"script":"<script> [1562 bytes]","args":[{"selector":{"id":"shellAppTitle"},"wdio_ui5_key":"shellAppTitle"}]}
COMMAND: POST /session/ee64515cdf25ffb5f2678bae898e7b66/execute/async - {"script":"<script> [6424 bytes]","args":[{"element-6066-11e4-a52e-4f735466cecf":"f.7218AE79A50A324A49E8A26ADBA31562.d.5861458CA84C8C8FAE78590C3821949F.e.4121"},"getTitle",[]]}
RESULT: {"script":"<script> [6424 bytes]","args":[{"element-6066-11e4-a52e-4f735466cecf":"f.7218AE79A50A324A49E8A26ADBA31562.d.5861458CA84C8C8FAE78590C3821949F.e.4121"},"getTitle",[]]}
RESULT: undefined
COMMAND: POST /session/ee64515cdf25ffb5f2678bae898e7b66/element/f.7218AE79A50A324A49E8A26ADBA31562.d.5861458CA84C8C8FAE78590C3821949F.e.3835/click - {}
COMMAND: POST /session/ee64515cdf25ffb5f2678bae898e7b66/element - {"using":"xpath","value":"//*[@id=\"backBtn\"]"}
RESULT: {"using":"xpath","value":"//*[@id=\"backBtn\"]"}
COMMAND: POST /session/ee64515cdf25ffb5f2678bae898e7b66/element/f.7218AE79A50A324A49E8A26ADBA31562.d.5861458CA84C8C8FAE78590C3821949F.e.3835/click - {}
COMMAND: POST /session/ee64515cdf25ffb5f2678bae898e7b66/element - {"using":"xpath","value":"//*[@id=\"backBtn\"]"}
RESULT: {"using":"xpath","value":"//*[@id=\"backBtn\"]"}
COMMAND: POST /session/ee64515cdf25ffb5f2678bae898e7b66/element/f.7218AE79A50A324A49E8A26ADBA31562.d.5861458CA84C8C8FAE78590C3821949F.e.4122/click - {}
RESULT: {}
COMMAND: GET /session/ee64515cdf25ffb5f2678bae898e7b66/screenshot - {}
RESULT: {}
]]></system-out>
    </testcase>
    <testcase classname="chrome.136_0_7103_93.windows.Sanity_Tests_US104253" name="Should open Configure System page" time="38.136">
      <system-out><![CDATA[
COMMAND: POST /session/ee64515cdf25ffb5f2678bae898e7b66/execute/async - {"script":"<script> [1562 bytes]","args":[{"selector":{"controlType":"sap.m.GenericTile","properties":{"header":"Configure System"}},"wdio_ui5_key":"sapm.GenericTile{\"header\":\"Configure System\"}"}]}
RESULT: {"script":"<script> [1562 bytes]","args":[{"selector":{"controlType":"sap.m.GenericTile","properties":{"header":"Configure System"}},"wdio_ui5_key":"sapm.GenericTile{\"header\":\"Configure System\"}"}]}
RESULT: undefined
COMMAND: POST /session/ee64515cdf25ffb5f2678bae898e7b66/element - {"using":"xpath","value":"//*[@id=\"__tile114\"]"}
RESULT: {"using":"xpath","value":"//*[@id=\"__tile114\"]"}
COMMAND: POST /session/ee64515cdf25ffb5f2678bae898e7b66/element/f.7218AE79A50A324A49E8A26ADBA31562.d.5861458CA84C8C8FAE78590C3821949F.e.4124/click - {}
RESULT: {}
COMMAND: GET /session/ee64515cdf25ffb5f2678bae898e7b66/screenshot - {}
RESULT: {}
COMMAND: POST /session/ee64515cdf25ffb5f2678bae898e7b66/elements - {"using":"xpath","value":"//span[text()='Error']"}
RESULT: {"using":"xpath","value":"//span[text()='Error']"}
RESULT: undefined
COMMAND: POST /session/ee64515cdf25ffb5f2678bae898e7b66/element - {"using":"xpath","value":"//*[@id=\"__tile114\"]"}
RESULT: {"using":"xpath","value":"//*[@id=\"__tile114\"]"}
COMMAND: POST /session/ee64515cdf25ffb5f2678bae898e7b66/element/f.7218AE79A50A324A49E8A26ADBA31562.d.5861458CA84C8C8FAE78590C3821949F.e.4124/click - {}
RESULT: undefined
COMMAND: POST /session/ee64515cdf25ffb5f2678bae898e7b66/element - {"using":"xpath","value":"//*[@id=\"__tile114\"]"}
RESULT: {"using":"xpath","value":"//*[@id=\"__tile114\"]"}
COMMAND: POST /session/ee64515cdf25ffb5f2678bae898e7b66/element/f.7218AE79A50A324A49E8A26ADBA31562.d.5861458CA84C8C8FAE78590C3821949F.e.4124/click - {}
RESULT: undefined
COMMAND: POST /session/ee64515cdf25ffb5f2678bae898e7b66/execute/async - {"script":"<script> [6424 bytes]","args":[{"element-6066-11e4-a52e-4f735466cecf":"f.7218AE79A50A324A49E8A26ADBA31562.d.5861458CA84C8C8FAE78590C3821949F.e.288"},"getTitle",[]]}
COMMAND: POST /session/ee64515cdf25ffb5f2678bae898e7b66/execute/async - {"script":"<script> [1562 bytes]","args":[{"selector":{"id":"shellAppTitle"},"wdio_ui5_key":"shellAppTitle"}]}
RESULT: {"script":"<script> [1562 bytes]","args":[{"selector":{"id":"shellAppTitle"},"wdio_ui5_key":"shellAppTitle"}]}
COMMAND: POST /session/ee64515cdf25ffb5f2678bae898e7b66/execute/async - {"script":"<script> [6424 bytes]","args":[{"element-6066-11e4-a52e-4f735466cecf":"f.7218AE79A50A324A49E8A26ADBA31562.d.5861458CA84C8C8FAE78590C3821949F.e.4153"},"getTitle",[]]}
RESULT: {"script":"<script> [6424 bytes]","args":[{"element-6066-11e4-a52e-4f735466cecf":"f.7218AE79A50A324A49E8A26ADBA31562.d.5861458CA84C8C8FAE78590C3821949F.e.4153"},"getTitle",[]]}
RESULT: undefined
COMMAND: POST /session/ee64515cdf25ffb5f2678bae898e7b66/element/f.7218AE79A50A324A49E8A26ADBA31562.d.5861458CA84C8C8FAE78590C3821949F.e.4122/click - {}
RESULT: {}
COMMAND: GET /session/ee64515cdf25ffb5f2678bae898e7b66/screenshot - {}
RESULT: {}
]]></system-out>
    </testcase>
    <testcase classname="chrome.136_0_7103_93.windows.Sanity_Tests_US104253" name="Should open Manage Classifications page" time="42.934">
      <system-out><![CDATA[
COMMAND: POST /session/ee64515cdf25ffb5f2678bae898e7b66/execute/async - {"script":"<script> [1562 bytes]","args":[{"selector":{"controlType":"sap.m.GenericTile","properties":{"header":"Manage Classifications"}},"wdio_ui5_key":"sapm.GenericTile{\"header\":\"Manage Classifications\"}"}]}
RESULT: {"script":"<script> [1562 bytes]","args":[{"selector":{"controlType":"sap.m.GenericTile","properties":{"header":"Manage Classifications"}},"wdio_ui5_key":"sapm.GenericTile{\"header\":\"Manage Classifications\"}"}]}
RESULT: undefined
COMMAND: POST /session/ee64515cdf25ffb5f2678bae898e7b66/element - {"using":"xpath","value":"//*[@id=\"__tile115\"]"}
RESULT: {"using":"xpath","value":"//*[@id=\"__tile115\"]"}
COMMAND: POST /session/ee64515cdf25ffb5f2678bae898e7b66/element/f.7218AE79A50A324A49E8A26ADBA31562.d.5861458CA84C8C8FAE78590C3821949F.e.4157/click - {}
RESULT: {}
COMMAND: GET /session/ee64515cdf25ffb5f2678bae898e7b66/screenshot - {}
RESULT: {}
COMMAND: POST /session/ee64515cdf25ffb5f2678bae898e7b66/elements - {"using":"xpath","value":"//span[text()='Error']"}
RESULT: {"using":"xpath","value":"//span[text()='Error']"}
RESULT: undefined
COMMAND: POST /session/ee64515cdf25ffb5f2678bae898e7b66/element - {"using":"xpath","value":"//*[@id=\"__tile115\"]"}
RESULT: {"using":"xpath","value":"//*[@id=\"__tile115\"]"}
COMMAND: POST /session/ee64515cdf25ffb5f2678bae898e7b66/element/f.7218AE79A50A324A49E8A26ADBA31562.d.5861458CA84C8C8FAE78590C3821949F.e.4157/click - {}
RESULT: undefined
COMMAND: POST /session/ee64515cdf25ffb5f2678bae898e7b66/element - {"using":"xpath","value":"//*[@id=\"__tile115\"]"}
RESULT: {"using":"xpath","value":"//*[@id=\"__tile115\"]"}
COMMAND: POST /session/ee64515cdf25ffb5f2678bae898e7b66/element/f.7218AE79A50A324A49E8A26ADBA31562.d.5861458CA84C8C8FAE78590C3821949F.e.4157/click - {}
RESULT: undefined
COMMAND: POST /session/ee64515cdf25ffb5f2678bae898e7b66/execute/async - {"script":"<script> [6424 bytes]","args":[{"element-6066-11e4-a52e-4f735466cecf":"f.7218AE79A50A324A49E8A26ADBA31562.d.5861458CA84C8C8FAE78590C3821949F.e.288"},"getTitle",[]]}
COMMAND: POST /session/ee64515cdf25ffb5f2678bae898e7b66/execute/async - {"script":"<script> [1562 bytes]","args":[{"selector":{"id":"shellAppTitle"},"wdio_ui5_key":"shellAppTitle"}]}
RESULT: {"script":"<script> [1562 bytes]","args":[{"selector":{"id":"shellAppTitle"},"wdio_ui5_key":"shellAppTitle"}]}
COMMAND: POST /session/ee64515cdf25ffb5f2678bae898e7b66/execute/async - {"script":"<script> [6424 bytes]","args":[{"element-6066-11e4-a52e-4f735466cecf":"f.7218AE79A50A324A49E8A26ADBA31562.d.5861458CA84C8C8FAE78590C3821949F.e.4399"},"getTitle",[]]}
RESULT: {"script":"<script> [6424 bytes]","args":[{"element-6066-11e4-a52e-4f735466cecf":"f.7218AE79A50A324A49E8A26ADBA31562.d.5861458CA84C8C8FAE78590C3821949F.e.4399"},"getTitle",[]]}
RESULT: undefined
COMMAND: POST /session/ee64515cdf25ffb5f2678bae898e7b66/element/f.7218AE79A50A324A49E8A26ADBA31562.d.5861458CA84C8C8FAE78590C3821949F.e.4122/click - {}
COMMAND: POST /session/ee64515cdf25ffb5f2678bae898e7b66/element - {"using":"xpath","value":"//*[@id=\"backBtn\"]"}
RESULT: {"using":"xpath","value":"//*[@id=\"backBtn\"]"}
COMMAND: POST /session/ee64515cdf25ffb5f2678bae898e7b66/element/f.7218AE79A50A324A49E8A26ADBA31562.d.5861458CA84C8C8FAE78590C3821949F.e.4122/click - {}
COMMAND: POST /session/ee64515cdf25ffb5f2678bae898e7b66/element - {"using":"xpath","value":"//*[@id=\"backBtn\"]"}
RESULT: {"using":"xpath","value":"//*[@id=\"backBtn\"]"}
COMMAND: POST /session/ee64515cdf25ffb5f2678bae898e7b66/element/f.7218AE79A50A324A49E8A26ADBA31562.d.5861458CA84C8C8FAE78590C3821949F.e.4400/click - {}
RESULT: {}
COMMAND: GET /session/ee64515cdf25ffb5f2678bae898e7b66/screenshot - {}
RESULT: {}
]]></system-out>
    </testcase>
    <testcase classname="chrome.136_0_7103_93.windows.Sanity_Tests_US104253" name="Should open Data Explorer page" time="41.332">
      <system-out><![CDATA[
COMMAND: POST /session/ee64515cdf25ffb5f2678bae898e7b66/execute/async - {"script":"<script> [1562 bytes]","args":[{"selector":{"controlType":"sap.m.GenericTile","properties":{"header":"Data Explorer"}},"wdio_ui5_key":"sapm.GenericTile{\"header\":\"Data Explorer\"}"}]}
RESULT: {"script":"<script> [1562 bytes]","args":[{"selector":{"controlType":"sap.m.GenericTile","properties":{"header":"Data Explorer"}},"wdio_ui5_key":"sapm.GenericTile{\"header\":\"Data Explorer\"}"}]}
RESULT: undefined
COMMAND: POST /session/ee64515cdf25ffb5f2678bae898e7b66/element - {"using":"xpath","value":"//*[@id=\"__tile117\"]"}
RESULT: {"using":"xpath","value":"//*[@id=\"__tile117\"]"}
COMMAND: POST /session/ee64515cdf25ffb5f2678bae898e7b66/element/f.7218AE79A50A324A49E8A26ADBA31562.d.5861458CA84C8C8FAE78590C3821949F.e.4402/click - {}
RESULT: {}
COMMAND: GET /session/ee64515cdf25ffb5f2678bae898e7b66/screenshot - {}
RESULT: {}
COMMAND: POST /session/ee64515cdf25ffb5f2678bae898e7b66/elements - {"using":"xpath","value":"//span[text()='Error']"}
RESULT: {"using":"xpath","value":"//span[text()='Error']"}
RESULT: undefined
COMMAND: POST /session/ee64515cdf25ffb5f2678bae898e7b66/element - {"using":"xpath","value":"//*[@id=\"__tile117\"]"}
RESULT: {"using":"xpath","value":"//*[@id=\"__tile117\"]"}
COMMAND: POST /session/ee64515cdf25ffb5f2678bae898e7b66/element/f.7218AE79A50A324A49E8A26ADBA31562.d.5861458CA84C8C8FAE78590C3821949F.e.4402/click - {}
RESULT: undefined
COMMAND: POST /session/ee64515cdf25ffb5f2678bae898e7b66/element - {"using":"xpath","value":"//*[@id=\"__tile117\"]"}
RESULT: {"using":"xpath","value":"//*[@id=\"__tile117\"]"}
COMMAND: POST /session/ee64515cdf25ffb5f2678bae898e7b66/element/f.7218AE79A50A324A49E8A26ADBA31562.d.5861458CA84C8C8FAE78590C3821949F.e.4402/click - {}
RESULT: undefined
COMMAND: POST /session/ee64515cdf25ffb5f2678bae898e7b66/execute/async - {"script":"<script> [6424 bytes]","args":[{"element-6066-11e4-a52e-4f735466cecf":"f.7218AE79A50A324A49E8A26ADBA31562.d.5861458CA84C8C8FAE78590C3821949F.e.288"},"getTitle",[]]}
COMMAND: POST /session/ee64515cdf25ffb5f2678bae898e7b66/execute/async - {"script":"<script> [1562 bytes]","args":[{"selector":{"id":"shellAppTitle"},"wdio_ui5_key":"shellAppTitle"}]}
RESULT: {"script":"<script> [1562 bytes]","args":[{"selector":{"id":"shellAppTitle"},"wdio_ui5_key":"shellAppTitle"}]}
COMMAND: POST /session/ee64515cdf25ffb5f2678bae898e7b66/execute/async - {"script":"<script> [6424 bytes]","args":[{"element-6066-11e4-a52e-4f735466cecf":"f.7218AE79A50A324A49E8A26ADBA31562.d.5861458CA84C8C8FAE78590C3821949F.e.4554"},"getTitle",[]]}
RESULT: {"script":"<script> [6424 bytes]","args":[{"element-6066-11e4-a52e-4f735466cecf":"f.7218AE79A50A324A49E8A26ADBA31562.d.5861458CA84C8C8FAE78590C3821949F.e.4554"},"getTitle",[]]}
RESULT: undefined
COMMAND: POST /session/ee64515cdf25ffb5f2678bae898e7b66/element/f.7218AE79A50A324A49E8A26ADBA31562.d.5861458CA84C8C8FAE78590C3821949F.e.4400/click - {}
RESULT: {}
COMMAND: GET /session/ee64515cdf25ffb5f2678bae898e7b66/screenshot - {}
RESULT: {}
]]></system-out>
    </testcase>
    <testcase classname="chrome.136_0_7103_93.windows.Sanity_Tests_US104253" name="Should open Performance Monitor page" time="38.401">
      <system-out><![CDATA[
COMMAND: POST /session/ee64515cdf25ffb5f2678bae898e7b66/execute/async - {"script":"<script> [1562 bytes]","args":[{"selector":{"controlType":"sap.m.GenericTile","properties":{"header":"Performance Monitor"}},"wdio_ui5_key":"sapm.GenericTile{\"header\":\"Performance Monitor\"}"}]}
RESULT: {"script":"<script> [1562 bytes]","args":[{"selector":{"controlType":"sap.m.GenericTile","properties":{"header":"Performance Monitor"}},"wdio_ui5_key":"sapm.GenericTile{\"header\":\"Performance Monitor\"}"}]}
RESULT: undefined
COMMAND: POST /session/ee64515cdf25ffb5f2678bae898e7b66/element - {"using":"xpath","value":"//*[@id=\"__tile116\"]"}
RESULT: {"using":"xpath","value":"//*[@id=\"__tile116\"]"}
COMMAND: POST /session/ee64515cdf25ffb5f2678bae898e7b66/element/f.7218AE79A50A324A49E8A26ADBA31562.d.5861458CA84C8C8FAE78590C3821949F.e.4556/click - {}
RESULT: {}
COMMAND: GET /session/ee64515cdf25ffb5f2678bae898e7b66/screenshot - {}
RESULT: {}
COMMAND: POST /session/ee64515cdf25ffb5f2678bae898e7b66/elements - {"using":"xpath","value":"//span[text()='Error']"}
RESULT: {"using":"xpath","value":"//span[text()='Error']"}
RESULT: undefined
COMMAND: POST /session/ee64515cdf25ffb5f2678bae898e7b66/element - {"using":"xpath","value":"//*[@id=\"__tile116\"]"}
RESULT: {"using":"xpath","value":"//*[@id=\"__tile116\"]"}
COMMAND: POST /session/ee64515cdf25ffb5f2678bae898e7b66/element/f.7218AE79A50A324A49E8A26ADBA31562.d.5861458CA84C8C8FAE78590C3821949F.e.4556/click - {}
RESULT: undefined
COMMAND: POST /session/ee64515cdf25ffb5f2678bae898e7b66/element - {"using":"xpath","value":"//*[@id=\"__tile116\"]"}
RESULT: {"using":"xpath","value":"//*[@id=\"__tile116\"]"}
COMMAND: POST /session/ee64515cdf25ffb5f2678bae898e7b66/element/f.7218AE79A50A324A49E8A26ADBA31562.d.5861458CA84C8C8FAE78590C3821949F.e.4556/click - {}
RESULT: undefined
COMMAND: POST /session/ee64515cdf25ffb5f2678bae898e7b66/execute/async - {"script":"<script> [6424 bytes]","args":[{"element-6066-11e4-a52e-4f735466cecf":"f.7218AE79A50A324A49E8A26ADBA31562.d.5861458CA84C8C8FAE78590C3821949F.e.288"},"getTitle",[]]}
COMMAND: POST /session/ee64515cdf25ffb5f2678bae898e7b66/execute/async - {"script":"<script> [1562 bytes]","args":[{"selector":{"id":"shellAppTitle"},"wdio_ui5_key":"shellAppTitle"}]}
RESULT: {"script":"<script> [1562 bytes]","args":[{"selector":{"id":"shellAppTitle"},"wdio_ui5_key":"shellAppTitle"}]}
COMMAND: POST /session/ee64515cdf25ffb5f2678bae898e7b66/execute/async - {"script":"<script> [6424 bytes]","args":[{"element-6066-11e4-a52e-4f735466cecf":"f.7218AE79A50A324A49E8A26ADBA31562.d.5861458CA84C8C8FAE78590C3821949F.e.4598"},"getTitle",[]]}
RESULT: {"script":"<script> [6424 bytes]","args":[{"element-6066-11e4-a52e-4f735466cecf":"f.7218AE79A50A324A49E8A26ADBA31562.d.5861458CA84C8C8FAE78590C3821949F.e.4598"},"getTitle",[]]}
RESULT: undefined
COMMAND: POST /session/ee64515cdf25ffb5f2678bae898e7b66/element/f.7218AE79A50A324A49E8A26ADBA31562.d.5861458CA84C8C8FAE78590C3821949F.e.4400/click - {}
COMMAND: POST /session/ee64515cdf25ffb5f2678bae898e7b66/element - {"using":"xpath","value":"//*[@id=\"backBtn\"]"}
RESULT: {"using":"xpath","value":"//*[@id=\"backBtn\"]"}
COMMAND: POST /session/ee64515cdf25ffb5f2678bae898e7b66/element/f.7218AE79A50A324A49E8A26ADBA31562.d.5861458CA84C8C8FAE78590C3821949F.e.4400/click - {}
COMMAND: POST /session/ee64515cdf25ffb5f2678bae898e7b66/element - {"using":"xpath","value":"//*[@id=\"backBtn\"]"}
RESULT: {"using":"xpath","value":"//*[@id=\"backBtn\"]"}
COMMAND: POST /session/ee64515cdf25ffb5f2678bae898e7b66/element/f.7218AE79A50A324A49E8A26ADBA31562.d.5861458CA84C8C8FAE78590C3821949F.e.4599/click - {}
RESULT: {}
COMMAND: GET /session/ee64515cdf25ffb5f2678bae898e7b66/screenshot - {}
RESULT: {}
]]></system-out>
    </testcase>
    <testcase classname="chrome.136_0_7103_93.windows.Sanity_Tests_US104253" name="Should open Organizational Model page" time="44.153">
      <system-out><![CDATA[
COMMAND: POST /session/ee64515cdf25ffb5f2678bae898e7b66/execute/async - {"script":"<script> [1562 bytes]","args":[{"selector":{"controlType":"sap.m.GenericTile","properties":{"header":"Organizational Model"}},"wdio_ui5_key":"sapm.GenericTile{\"header\":\"Organizational Model\"}"}]}
RESULT: {"script":"<script> [1562 bytes]","args":[{"selector":{"controlType":"sap.m.GenericTile","properties":{"header":"Organizational Model"}},"wdio_ui5_key":"sapm.GenericTile{\"header\":\"Organizational Model\"}"}]}
RESULT: undefined
COMMAND: POST /session/ee64515cdf25ffb5f2678bae898e7b66/element - {"using":"xpath","value":"//*[@id=\"__tile120\"]"}
RESULT: {"using":"xpath","value":"//*[@id=\"__tile120\"]"}
COMMAND: POST /session/ee64515cdf25ffb5f2678bae898e7b66/element/f.7218AE79A50A324A49E8A26ADBA31562.d.5861458CA84C8C8FAE78590C3821949F.e.4601/click - {}
RESULT: {}
COMMAND: GET /session/ee64515cdf25ffb5f2678bae898e7b66/screenshot - {}
RESULT: {}
COMMAND: POST /session/ee64515cdf25ffb5f2678bae898e7b66/elements - {"using":"xpath","value":"//span[text()='Error']"}
RESULT: {"using":"xpath","value":"//span[text()='Error']"}
RESULT: undefined
COMMAND: POST /session/ee64515cdf25ffb5f2678bae898e7b66/element - {"using":"xpath","value":"//*[@id=\"__tile120\"]"}
RESULT: {"using":"xpath","value":"//*[@id=\"__tile120\"]"}
COMMAND: POST /session/ee64515cdf25ffb5f2678bae898e7b66/element/f.7218AE79A50A324A49E8A26ADBA31562.d.5861458CA84C8C8FAE78590C3821949F.e.4601/click - {}
RESULT: undefined
COMMAND: POST /session/ee64515cdf25ffb5f2678bae898e7b66/element - {"using":"xpath","value":"//*[@id=\"__tile120\"]"}
RESULT: {"using":"xpath","value":"//*[@id=\"__tile120\"]"}
COMMAND: POST /session/ee64515cdf25ffb5f2678bae898e7b66/element/f.7218AE79A50A324A49E8A26ADBA31562.d.5861458CA84C8C8FAE78590C3821949F.e.4601/click - {}
RESULT: undefined
COMMAND: POST /session/ee64515cdf25ffb5f2678bae898e7b66/execute/async - {"script":"<script> [6424 bytes]","args":[{"element-6066-11e4-a52e-4f735466cecf":"f.7218AE79A50A324A49E8A26ADBA31562.d.5861458CA84C8C8FAE78590C3821949F.e.288"},"getTitle",[]]}
COMMAND: POST /session/ee64515cdf25ffb5f2678bae898e7b66/execute/async - {"script":"<script> [1562 bytes]","args":[{"selector":{"id":"shellAppTitle"},"wdio_ui5_key":"shellAppTitle"}]}
RESULT: {"script":"<script> [1562 bytes]","args":[{"selector":{"id":"shellAppTitle"},"wdio_ui5_key":"shellAppTitle"}]}
COMMAND: POST /session/ee64515cdf25ffb5f2678bae898e7b66/execute/async - {"script":"<script> [6424 bytes]","args":[{"element-6066-11e4-a52e-4f735466cecf":"f.7218AE79A50A324A49E8A26ADBA31562.d.5861458CA84C8C8FAE78590C3821949F.e.4618"},"getTitle",[]]}
RESULT: {"script":"<script> [6424 bytes]","args":[{"element-6066-11e4-a52e-4f735466cecf":"f.7218AE79A50A324A49E8A26ADBA31562.d.5861458CA84C8C8FAE78590C3821949F.e.4618"},"getTitle",[]]}
RESULT: undefined
COMMAND: POST /session/ee64515cdf25ffb5f2678bae898e7b66/element/f.7218AE79A50A324A49E8A26ADBA31562.d.5861458CA84C8C8FAE78590C3821949F.e.4599/click - {}
RESULT: {}
COMMAND: GET /session/ee64515cdf25ffb5f2678bae898e7b66/screenshot - {}
RESULT: {}
]]></system-out>
    </testcase>
    <testcase classname="chrome.136_0_7103_93.windows.Sanity_Tests_US104253" name="Should open Manage Roles page" time="39.587">
      <system-out><![CDATA[
COMMAND: POST /session/ee64515cdf25ffb5f2678bae898e7b66/execute/async - {"script":"<script> [1562 bytes]","args":[{"selector":{"controlType":"sap.m.GenericTile","properties":{"header":"Manage Roles"}},"wdio_ui5_key":"sapm.GenericTile{\"header\":\"Manage Roles\"}"}]}
RESULT: {"script":"<script> [1562 bytes]","args":[{"selector":{"controlType":"sap.m.GenericTile","properties":{"header":"Manage Roles"}},"wdio_ui5_key":"sapm.GenericTile{\"header\":\"Manage Roles\"}"}]}
RESULT: undefined
COMMAND: POST /session/ee64515cdf25ffb5f2678bae898e7b66/element - {"using":"xpath","value":"//*[@id=\"__tile119\"]"}
RESULT: {"using":"xpath","value":"//*[@id=\"__tile119\"]"}
COMMAND: POST /session/ee64515cdf25ffb5f2678bae898e7b66/element/f.7218AE79A50A324A49E8A26ADBA31562.d.5861458CA84C8C8FAE78590C3821949F.e.4620/click - {}
RESULT: {}
COMMAND: GET /session/ee64515cdf25ffb5f2678bae898e7b66/screenshot - {}
RESULT: {}
COMMAND: POST /session/ee64515cdf25ffb5f2678bae898e7b66/elements - {"using":"xpath","value":"//span[text()='Error']"}
RESULT: {"using":"xpath","value":"//span[text()='Error']"}
RESULT: undefined
COMMAND: POST /session/ee64515cdf25ffb5f2678bae898e7b66/element - {"using":"xpath","value":"//*[@id=\"__tile119\"]"}
RESULT: {"using":"xpath","value":"//*[@id=\"__tile119\"]"}
COMMAND: POST /session/ee64515cdf25ffb5f2678bae898e7b66/element/f.7218AE79A50A324A49E8A26ADBA31562.d.5861458CA84C8C8FAE78590C3821949F.e.4620/click - {}
RESULT: undefined
COMMAND: POST /session/ee64515cdf25ffb5f2678bae898e7b66/element - {"using":"xpath","value":"//*[@id=\"__tile119\"]"}
RESULT: {"using":"xpath","value":"//*[@id=\"__tile119\"]"}
COMMAND: POST /session/ee64515cdf25ffb5f2678bae898e7b66/element/f.7218AE79A50A324A49E8A26ADBA31562.d.5861458CA84C8C8FAE78590C3821949F.e.4620/click - {}
RESULT: undefined
COMMAND: POST /session/ee64515cdf25ffb5f2678bae898e7b66/execute/async - {"script":"<script> [6424 bytes]","args":[{"element-6066-11e4-a52e-4f735466cecf":"f.7218AE79A50A324A49E8A26ADBA31562.d.5861458CA84C8C8FAE78590C3821949F.e.288"},"getTitle",[]]}
COMMAND: POST /session/ee64515cdf25ffb5f2678bae898e7b66/execute/async - {"script":"<script> [1562 bytes]","args":[{"selector":{"id":"shellAppTitle"},"wdio_ui5_key":"shellAppTitle"}]}
RESULT: {"script":"<script> [1562 bytes]","args":[{"selector":{"id":"shellAppTitle"},"wdio_ui5_key":"shellAppTitle"}]}
COMMAND: POST /session/ee64515cdf25ffb5f2678bae898e7b66/execute/async - {"script":"<script> [6424 bytes]","args":[{"element-6066-11e4-a52e-4f735466cecf":"f.7218AE79A50A324A49E8A26ADBA31562.d.5861458CA84C8C8FAE78590C3821949F.e.4643"},"getTitle",[]]}
RESULT: {"script":"<script> [6424 bytes]","args":[{"element-6066-11e4-a52e-4f735466cecf":"f.7218AE79A50A324A49E8A26ADBA31562.d.5861458CA84C8C8FAE78590C3821949F.e.4643"},"getTitle",[]]}
RESULT: undefined
COMMAND: POST /session/ee64515cdf25ffb5f2678bae898e7b66/element/f.7218AE79A50A324A49E8A26ADBA31562.d.5861458CA84C8C8FAE78590C3821949F.e.4599/click - {}
COMMAND: POST /session/ee64515cdf25ffb5f2678bae898e7b66/element - {"using":"xpath","value":"//*[@id=\"backBtn\"]"}
RESULT: {"using":"xpath","value":"//*[@id=\"backBtn\"]"}
COMMAND: POST /session/ee64515cdf25ffb5f2678bae898e7b66/element/f.7218AE79A50A324A49E8A26ADBA31562.d.5861458CA84C8C8FAE78590C3821949F.e.4599/click - {}
COMMAND: POST /session/ee64515cdf25ffb5f2678bae898e7b66/element - {"using":"xpath","value":"//*[@id=\"backBtn\"]"}
RESULT: {"using":"xpath","value":"//*[@id=\"backBtn\"]"}
COMMAND: POST /session/ee64515cdf25ffb5f2678bae898e7b66/element/f.7218AE79A50A324A49E8A26ADBA31562.d.5861458CA84C8C8FAE78590C3821949F.e.4644/click - {}
RESULT: {}
COMMAND: GET /session/ee64515cdf25ffb5f2678bae898e7b66/screenshot - {}
RESULT: {}
]]></system-out>
    </testcase>
    <testcase classname="chrome.136_0_7103_93.windows.Sanity_Tests_US104253" name="Should open Authorization Tables page" time="46.002">
      <system-out><![CDATA[
COMMAND: POST /session/ee64515cdf25ffb5f2678bae898e7b66/execute/async - {"script":"<script> [1562 bytes]","args":[{"selector":{"controlType":"sap.m.GenericTile","properties":{"header":"Authorization Tables"}},"wdio_ui5_key":"sapm.GenericTile{\"header\":\"Authorization Tables\"}"}]}
RESULT: {"script":"<script> [1562 bytes]","args":[{"selector":{"controlType":"sap.m.GenericTile","properties":{"header":"Authorization Tables"}},"wdio_ui5_key":"sapm.GenericTile{\"header\":\"Authorization Tables\"}"}]}
RESULT: undefined
COMMAND: POST /session/ee64515cdf25ffb5f2678bae898e7b66/element - {"using":"xpath","value":"//*[@id=\"__tile118\"]"}
RESULT: {"using":"xpath","value":"//*[@id=\"__tile118\"]"}
COMMAND: POST /session/ee64515cdf25ffb5f2678bae898e7b66/element/f.7218AE79A50A324A49E8A26ADBA31562.d.5861458CA84C8C8FAE78590C3821949F.e.4646/click - {}
RESULT: {}
COMMAND: GET /session/ee64515cdf25ffb5f2678bae898e7b66/screenshot - {}
COMMAND: POST /session/ee64515cdf25ffb5f2678bae898e7b66/elements - {"using":"xpath","value":"//span[text()='Error']"}
RESULT: {}
RESULT: {"using":"xpath","value":"//span[text()='Error']"}
RESULT: undefined
COMMAND: POST /session/ee64515cdf25ffb5f2678bae898e7b66/element - {"using":"xpath","value":"//*[@id=\"__tile118\"]"}
RESULT: {"using":"xpath","value":"//*[@id=\"__tile118\"]"}
COMMAND: POST /session/ee64515cdf25ffb5f2678bae898e7b66/element/f.7218AE79A50A324A49E8A26ADBA31562.d.5861458CA84C8C8FAE78590C3821949F.e.4646/click - {}
RESULT: undefined
COMMAND: POST /session/ee64515cdf25ffb5f2678bae898e7b66/element - {"using":"xpath","value":"//*[@id=\"__tile118\"]"}
RESULT: {"using":"xpath","value":"//*[@id=\"__tile118\"]"}
COMMAND: POST /session/ee64515cdf25ffb5f2678bae898e7b66/element/f.7218AE79A50A324A49E8A26ADBA31562.d.5861458CA84C8C8FAE78590C3821949F.e.4646/click - {}
RESULT: undefined
COMMAND: POST /session/ee64515cdf25ffb5f2678bae898e7b66/execute/async - {"script":"<script> [6424 bytes]","args":[{"element-6066-11e4-a52e-4f735466cecf":"f.7218AE79A50A324A49E8A26ADBA31562.d.5861458CA84C8C8FAE78590C3821949F.e.288"},"getTitle",[]]}
COMMAND: POST /session/ee64515cdf25ffb5f2678bae898e7b66/execute/async - {"script":"<script> [1562 bytes]","args":[{"selector":{"id":"shellAppTitle"},"wdio_ui5_key":"shellAppTitle"}]}
RESULT: {"script":"<script> [1562 bytes]","args":[{"selector":{"id":"shellAppTitle"},"wdio_ui5_key":"shellAppTitle"}]}
COMMAND: POST /session/ee64515cdf25ffb5f2678bae898e7b66/execute/async - {"script":"<script> [6424 bytes]","args":[{"element-6066-11e4-a52e-4f735466cecf":"f.7218AE79A50A324A49E8A26ADBA31562.d.5861458CA84C8C8FAE78590C3821949F.e.4722"},"getTitle",[]]}
RESULT: {"script":"<script> [6424 bytes]","args":[{"element-6066-11e4-a52e-4f735466cecf":"f.7218AE79A50A324A49E8A26ADBA31562.d.5861458CA84C8C8FAE78590C3821949F.e.4722"},"getTitle",[]]}
RESULT: undefined
COMMAND: POST /session/ee64515cdf25ffb5f2678bae898e7b66/element/f.7218AE79A50A324A49E8A26ADBA31562.d.5861458CA84C8C8FAE78590C3821949F.e.4644/click - {}
RESULT: {}
COMMAND: GET /session/ee64515cdf25ffb5f2678bae898e7b66/screenshot - {}
RESULT: {}
]]></system-out>
    </testcase>
    <testcase classname="chrome.136_0_7103_93.windows.Sanity_Tests_US104253" name="Should open User Maintenance page" time="38.415">
      <system-out><![CDATA[
COMMAND: POST /session/ee64515cdf25ffb5f2678bae898e7b66/execute/async - {"script":"<script> [1562 bytes]","args":[{"selector":{"controlType":"sap.m.GenericTile","properties":{"header":"User Maintenance"}},"wdio_ui5_key":"sapm.GenericTile{\"header\":\"User Maintenance\"}"}]}
RESULT: {"script":"<script> [1562 bytes]","args":[{"selector":{"controlType":"sap.m.GenericTile","properties":{"header":"User Maintenance"}},"wdio_ui5_key":"sapm.GenericTile{\"header\":\"User Maintenance\"}"}]}
RESULT: undefined
COMMAND: POST /session/ee64515cdf25ffb5f2678bae898e7b66/element - {"using":"xpath","value":"//*[@id=\"__tile121\"]"}
RESULT: {"using":"xpath","value":"//*[@id=\"__tile121\"]"}
COMMAND: POST /session/ee64515cdf25ffb5f2678bae898e7b66/element/f.7218AE79A50A324A49E8A26ADBA31562.d.5861458CA84C8C8FAE78590C3821949F.e.4724/click - {}
RESULT: {}
COMMAND: GET /session/ee64515cdf25ffb5f2678bae898e7b66/screenshot - {}
RESULT: {}
COMMAND: POST /session/ee64515cdf25ffb5f2678bae898e7b66/elements - {"using":"xpath","value":"//span[text()='Error']"}
RESULT: {"using":"xpath","value":"//span[text()='Error']"}
RESULT: undefined
COMMAND: POST /session/ee64515cdf25ffb5f2678bae898e7b66/element - {"using":"xpath","value":"//*[@id=\"__tile121\"]"}
RESULT: {"using":"xpath","value":"//*[@id=\"__tile121\"]"}
COMMAND: POST /session/ee64515cdf25ffb5f2678bae898e7b66/element/f.7218AE79A50A324A49E8A26ADBA31562.d.5861458CA84C8C8FAE78590C3821949F.e.4724/click - {}
RESULT: undefined
COMMAND: POST /session/ee64515cdf25ffb5f2678bae898e7b66/element - {"using":"xpath","value":"//*[@id=\"__tile121\"]"}
RESULT: {"using":"xpath","value":"//*[@id=\"__tile121\"]"}
COMMAND: POST /session/ee64515cdf25ffb5f2678bae898e7b66/element/f.7218AE79A50A324A49E8A26ADBA31562.d.5861458CA84C8C8FAE78590C3821949F.e.4724/click - {}
RESULT: undefined
COMMAND: POST /session/ee64515cdf25ffb5f2678bae898e7b66/execute/async - {"script":"<script> [6424 bytes]","args":[{"element-6066-11e4-a52e-4f735466cecf":"f.7218AE79A50A324A49E8A26ADBA31562.d.5861458CA84C8C8FAE78590C3821949F.e.288"},"getTitle",[]]}
COMMAND: POST /session/ee64515cdf25ffb5f2678bae898e7b66/execute/async - {"script":"<script> [1562 bytes]","args":[{"selector":{"id":"shellAppTitle"},"wdio_ui5_key":"shellAppTitle"}]}
RESULT: {"script":"<script> [1562 bytes]","args":[{"selector":{"id":"shellAppTitle"},"wdio_ui5_key":"shellAppTitle"}]}
COMMAND: POST /session/ee64515cdf25ffb5f2678bae898e7b66/execute/async - {"script":"<script> [6424 bytes]","args":[{"element-6066-11e4-a52e-4f735466cecf":"f.7218AE79A50A324A49E8A26ADBA31562.d.5861458CA84C8C8FAE78590C3821949F.e.4816"},"getTitle",[]]}
RESULT: {"script":"<script> [6424 bytes]","args":[{"element-6066-11e4-a52e-4f735466cecf":"f.7218AE79A50A324A49E8A26ADBA31562.d.5861458CA84C8C8FAE78590C3821949F.e.4816"},"getTitle",[]]}
RESULT: undefined
COMMAND: POST /session/ee64515cdf25ffb5f2678bae898e7b66/element/f.7218AE79A50A324A49E8A26ADBA31562.d.5861458CA84C8C8FAE78590C3821949F.e.4644/click - {}
COMMAND: POST /session/ee64515cdf25ffb5f2678bae898e7b66/element - {"using":"xpath","value":"//*[@id=\"backBtn\"]"}
RESULT: {"using":"xpath","value":"//*[@id=\"backBtn\"]"}
COMMAND: POST /session/ee64515cdf25ffb5f2678bae898e7b66/element/f.7218AE79A50A324A49E8A26ADBA31562.d.5861458CA84C8C8FAE78590C3821949F.e.4644/click - {}
COMMAND: POST /session/ee64515cdf25ffb5f2678bae898e7b66/element - {"using":"xpath","value":"//*[@id=\"backBtn\"]"}
RESULT: {"using":"xpath","value":"//*[@id=\"backBtn\"]"}
COMMAND: POST /session/ee64515cdf25ffb5f2678bae898e7b66/element/f.7218AE79A50A324A49E8A26ADBA31562.d.5861458CA84C8C8FAE78590C3821949F.e.4817/click - {}
RESULT: {}
COMMAND: GET /session/ee64515cdf25ffb5f2678bae898e7b66/screenshot - {}
RESULT: {}
]]></system-out>
    </testcase>
    <testcase classname="chrome.136_0_7103_93.windows.Sanity_Tests_US104253" name="Should open Schedule Jobs page" time="37.225">
      <system-out><![CDATA[
COMMAND: POST /session/ee64515cdf25ffb5f2678bae898e7b66/execute/async - {"script":"<script> [1562 bytes]","args":[{"selector":{"controlType":"sap.m.GenericTile","properties":{"header":"Schedule Jobs"}},"wdio_ui5_key":"sapm.GenericTile{\"header\":\"Schedule Jobs\"}"}]}
RESULT: {"script":"<script> [1562 bytes]","args":[{"selector":{"controlType":"sap.m.GenericTile","properties":{"header":"Schedule Jobs"}},"wdio_ui5_key":"sapm.GenericTile{\"header\":\"Schedule Jobs\"}"}]}
RESULT: undefined
COMMAND: POST /session/ee64515cdf25ffb5f2678bae898e7b66/element - {"using":"xpath","value":"//*[@id=\"__tile127\"]"}
RESULT: {"using":"xpath","value":"//*[@id=\"__tile127\"]"}
COMMAND: POST /session/ee64515cdf25ffb5f2678bae898e7b66/element/f.7218AE79A50A324A49E8A26ADBA31562.d.5861458CA84C8C8FAE78590C3821949F.e.4821/click - {}
RESULT: {}
COMMAND: GET /session/ee64515cdf25ffb5f2678bae898e7b66/screenshot - {}
RESULT: {}
COMMAND: POST /session/ee64515cdf25ffb5f2678bae898e7b66/elements - {"using":"xpath","value":"//span[text()='Error']"}
RESULT: {"using":"xpath","value":"//span[text()='Error']"}
RESULT: undefined
COMMAND: POST /session/ee64515cdf25ffb5f2678bae898e7b66/element - {"using":"xpath","value":"//*[@id=\"__tile127\"]"}
RESULT: {"using":"xpath","value":"//*[@id=\"__tile127\"]"}
COMMAND: POST /session/ee64515cdf25ffb5f2678bae898e7b66/element/f.7218AE79A50A324A49E8A26ADBA31562.d.5861458CA84C8C8FAE78590C3821949F.e.4821/click - {}
RESULT: undefined
COMMAND: POST /session/ee64515cdf25ffb5f2678bae898e7b66/element - {"using":"xpath","value":"//*[@id=\"__tile127\"]"}
RESULT: {"using":"xpath","value":"//*[@id=\"__tile127\"]"}
COMMAND: POST /session/ee64515cdf25ffb5f2678bae898e7b66/element/f.7218AE79A50A324A49E8A26ADBA31562.d.5861458CA84C8C8FAE78590C3821949F.e.4821/click - {}
RESULT: undefined
COMMAND: POST /session/ee64515cdf25ffb5f2678bae898e7b66/execute/async - {"script":"<script> [6424 bytes]","args":[{"element-6066-11e4-a52e-4f735466cecf":"f.7218AE79A50A324A49E8A26ADBA31562.d.5861458CA84C8C8FAE78590C3821949F.e.288"},"getTitle",[]]}
COMMAND: POST /session/ee64515cdf25ffb5f2678bae898e7b66/execute/async - {"script":"<script> [1562 bytes]","args":[{"selector":{"id":"shellAppTitle"},"wdio_ui5_key":"shellAppTitle"}]}
RESULT: {"script":"<script> [1562 bytes]","args":[{"selector":{"id":"shellAppTitle"},"wdio_ui5_key":"shellAppTitle"}]}
COMMAND: POST /session/ee64515cdf25ffb5f2678bae898e7b66/execute/async - {"script":"<script> [6424 bytes]","args":[{"element-6066-11e4-a52e-4f735466cecf":"f.7218AE79A50A324A49E8A26ADBA31562.d.5861458CA84C8C8FAE78590C3821949F.e.4867"},"getTitle",[]]}
RESULT: {"script":"<script> [6424 bytes]","args":[{"element-6066-11e4-a52e-4f735466cecf":"f.7218AE79A50A324A49E8A26ADBA31562.d.5861458CA84C8C8FAE78590C3821949F.e.4867"},"getTitle",[]]}
RESULT: undefined
COMMAND: POST /session/ee64515cdf25ffb5f2678bae898e7b66/element/f.7218AE79A50A324A49E8A26ADBA31562.d.5861458CA84C8C8FAE78590C3821949F.e.4817/click - {}
COMMAND: POST /session/ee64515cdf25ffb5f2678bae898e7b66/element/f.7218AE79A50A324A49E8A26ADBA31562.d.5861458CA84C8C8FAE78590C3821949F.e.4817/click - {}
RESULT: {}
COMMAND: GET /session/ee64515cdf25ffb5f2678bae898e7b66/screenshot - {}
COMMAND: POST /session/ee64515cdf25ffb5f2678bae898e7b66/element - {"using":"xpath","value":"//*[@id=\"backBtn\"]"}
RESULT: {}
RESULT: {"using":"xpath","value":"//*[@id=\"backBtn\"]"}
COMMAND: POST /session/ee64515cdf25ffb5f2678bae898e7b66/elements - {"using":"xpath","value":"//*[@id=\"backBtn\"]"}
RESULT: {"using":"xpath","value":"//*[@id=\"backBtn\"]"}
COMMAND: POST /session/ee64515cdf25ffb5f2678bae898e7b66/elements - {"using":"xpath","value":"//*[@id=\"backBtn\"]"}
RESULT: {"using":"xpath","value":"//*[@id=\"backBtn\"]"}
COMMAND: POST /session/ee64515cdf25ffb5f2678bae898e7b66/elements - {"using":"xpath","value":"//*[@id=\"backBtn\"]"}
RESULT: {"using":"xpath","value":"//*[@id=\"backBtn\"]"}
COMMAND: POST /session/ee64515cdf25ffb5f2678bae898e7b66/elements - {"using":"xpath","value":"//*[@id=\"backBtn\"]"}
RESULT: {"using":"xpath","value":"//*[@id=\"backBtn\"]"}
COMMAND: POST /session/ee64515cdf25ffb5f2678bae898e7b66/elements - {"using":"xpath","value":"//*[@id=\"backBtn\"]"}
RESULT: {"using":"xpath","value":"//*[@id=\"backBtn\"]"}
COMMAND: POST /session/ee64515cdf25ffb5f2678bae898e7b66/elements - {"using":"xpath","value":"//*[@id=\"backBtn\"]"}
RESULT: {"using":"xpath","value":"//*[@id=\"backBtn\"]"}
COMMAND: POST /session/ee64515cdf25ffb5f2678bae898e7b66/elements - {"using":"xpath","value":"//*[@id=\"backBtn\"]"}
RESULT: {"using":"xpath","value":"//*[@id=\"backBtn\"]"}
COMMAND: POST /session/ee64515cdf25ffb5f2678bae898e7b66/elements - {"using":"xpath","value":"//*[@id=\"backBtn\"]"}
RESULT: {"using":"xpath","value":"//*[@id=\"backBtn\"]"}
COMMAND: POST /session/ee64515cdf25ffb5f2678bae898e7b66/elements - {"using":"xpath","value":"//*[@id=\"backBtn\"]"}
RESULT: {"using":"xpath","value":"//*[@id=\"backBtn\"]"}
COMMAND: POST /session/ee64515cdf25ffb5f2678bae898e7b66/elements - {"using":"xpath","value":"//*[@id=\"backBtn\"]"}
RESULT: {"using":"xpath","value":"//*[@id=\"backBtn\"]"}
COMMAND: POST /session/ee64515cdf25ffb5f2678bae898e7b66/elements - {"using":"xpath","value":"//*[@id=\"backBtn\"]"}
RESULT: {"using":"xpath","value":"//*[@id=\"backBtn\"]"}
COMMAND: POST /session/ee64515cdf25ffb5f2678bae898e7b66/elements - {"using":"xpath","value":"//*[@id=\"backBtn\"]"}
RESULT: {"using":"xpath","value":"//*[@id=\"backBtn\"]"}
COMMAND: POST /session/ee64515cdf25ffb5f2678bae898e7b66/elements - {"using":"xpath","value":"//*[@id=\"backBtn\"]"}
RESULT: {"using":"xpath","value":"//*[@id=\"backBtn\"]"}
COMMAND: POST /session/ee64515cdf25ffb5f2678bae898e7b66/elements - {"using":"xpath","value":"//*[@id=\"backBtn\"]"}
RESULT: {"using":"xpath","value":"//*[@id=\"backBtn\"]"}
COMMAND: POST /session/ee64515cdf25ffb5f2678bae898e7b66/elements - {"using":"xpath","value":"//*[@id=\"backBtn\"]"}
RESULT: {"using":"xpath","value":"//*[@id=\"backBtn\"]"}
COMMAND: POST /session/ee64515cdf25ffb5f2678bae898e7b66/elements - {"using":"xpath","value":"//*[@id=\"backBtn\"]"}
RESULT: {"using":"xpath","value":"//*[@id=\"backBtn\"]"}
COMMAND: POST /session/ee64515cdf25ffb5f2678bae898e7b66/elements - {"using":"xpath","value":"//*[@id=\"backBtn\"]"}
RESULT: {"using":"xpath","value":"//*[@id=\"backBtn\"]"}
COMMAND: POST /session/ee64515cdf25ffb5f2678bae898e7b66/elements - {"using":"xpath","value":"//*[@id=\"backBtn\"]"}
RESULT: {"using":"xpath","value":"//*[@id=\"backBtn\"]"}
COMMAND: POST /session/ee64515cdf25ffb5f2678bae898e7b66/elements - {"using":"xpath","value":"//*[@id=\"backBtn\"]"}
RESULT: {"using":"xpath","value":"//*[@id=\"backBtn\"]"}
]]></system-out>
    </testcase>
    <testcase classname="chrome.136_0_7103_93.windows.Sanity_Tests_US104253" name="Should open Jobs Setup page" time="38.228">
      <system-out><![CDATA[
COMMAND: POST /session/ee64515cdf25ffb5f2678bae898e7b66/execute/async - {"script":"<script> [1562 bytes]","args":[{"selector":{"controlType":"sap.m.GenericTile","properties":{"header":"Jobs Setup"}},"wdio_ui5_key":"sapm.GenericTile{\"header\":\"Jobs Setup\"}"}]}
COMMAND: POST /session/ee64515cdf25ffb5f2678bae898e7b66/elements - {"using":"xpath","value":"//*[@id=\"backBtn\"]"}
RESULT: {"script":"<script> [1562 bytes]","args":[{"selector":{"controlType":"sap.m.GenericTile","properties":{"header":"Jobs Setup"}},"wdio_ui5_key":"sapm.GenericTile{\"header\":\"Jobs Setup\"}"}]}
RESULT: undefined
COMMAND: POST /session/ee64515cdf25ffb5f2678bae898e7b66/element - {"using":"xpath","value":"//*[@id=\"__tile128\"]"}
RESULT: {"using":"xpath","value":"//*[@id=\"backBtn\"]"}
COMMAND: POST /session/ee64515cdf25ffb5f2678bae898e7b66/elements - {"using":"xpath","value":"//*[@id=\"backBtn\"]"}
RESULT: {"using":"xpath","value":"//*[@id=\"__tile128\"]"}
COMMAND: POST /session/ee64515cdf25ffb5f2678bae898e7b66/element/f.7218AE79A50A324A49E8A26ADBA31562.d.5861458CA84C8C8FAE78590C3821949F.e.4869/click - {}
RESULT: {"using":"xpath","value":"//*[@id=\"backBtn\"]"}
COMMAND: POST /session/ee64515cdf25ffb5f2678bae898e7b66/elements - {"using":"xpath","value":"//*[@id=\"backBtn\"]"}
RESULT: {}
COMMAND: GET /session/ee64515cdf25ffb5f2678bae898e7b66/screenshot - {}
RESULT: {"using":"xpath","value":"//*[@id=\"backBtn\"]"}
COMMAND: POST /session/ee64515cdf25ffb5f2678bae898e7b66/elements - {"using":"xpath","value":"//*[@id=\"backBtn\"]"}
RESULT: {}
RESULT: {"using":"xpath","value":"//*[@id=\"backBtn\"]"}
COMMAND: POST /session/ee64515cdf25ffb5f2678bae898e7b66/element - {"using":"xpath","value":"//*[@id=\"backBtn\"]"}
RESULT: {"using":"xpath","value":"//*[@id=\"backBtn\"]"}
COMMAND: POST /session/ee64515cdf25ffb5f2678bae898e7b66/element/f.7218AE79A50A324A49E8A26ADBA31562.d.5861458CA84C8C8FAE78590C3821949F.e.4817/click - {}
COMMAND: POST /session/ee64515cdf25ffb5f2678bae898e7b66/element - {"using":"xpath","value":"//*[@id=\"backBtn\"]"}
RESULT: {"using":"xpath","value":"//*[@id=\"backBtn\"]"}
COMMAND: POST /session/ee64515cdf25ffb5f2678bae898e7b66/element/f.7218AE79A50A324A49E8A26ADBA31562.d.5861458CA84C8C8FAE78590C3821949F.e.5062/click - {}
RESULT: {}
COMMAND: GET /session/ee64515cdf25ffb5f2678bae898e7b66/screenshot - {}
RESULT: {}
COMMAND: POST /session/ee64515cdf25ffb5f2678bae898e7b66/elements - {"using":"xpath","value":"//span[text()='Error']"}
RESULT: {"using":"xpath","value":"//span[text()='Error']"}
RESULT: undefined
COMMAND: POST /session/ee64515cdf25ffb5f2678bae898e7b66/element - {"using":"xpath","value":"//*[@id=\"__tile128\"]"}
RESULT: {"using":"xpath","value":"//*[@id=\"__tile128\"]"}
COMMAND: POST /session/ee64515cdf25ffb5f2678bae898e7b66/element/f.7218AE79A50A324A49E8A26ADBA31562.d.5861458CA84C8C8FAE78590C3821949F.e.4869/click - {}
RESULT: undefined
COMMAND: POST /session/ee64515cdf25ffb5f2678bae898e7b66/element - {"using":"xpath","value":"//*[@id=\"__tile128\"]"}
RESULT: {"using":"xpath","value":"//*[@id=\"__tile128\"]"}
COMMAND: POST /session/ee64515cdf25ffb5f2678bae898e7b66/element/f.7218AE79A50A324A49E8A26ADBA31562.d.5861458CA84C8C8FAE78590C3821949F.e.4869/click - {}
RESULT: undefined
COMMAND: POST /session/ee64515cdf25ffb5f2678bae898e7b66/execute/async - {"script":"<script> [6424 bytes]","args":[{"element-6066-11e4-a52e-4f735466cecf":"f.7218AE79A50A324A49E8A26ADBA31562.d.5861458CA84C8C8FAE78590C3821949F.e.288"},"getTitle",[]]}
COMMAND: POST /session/ee64515cdf25ffb5f2678bae898e7b66/execute/async - {"script":"<script> [1562 bytes]","args":[{"selector":{"id":"shellAppTitle"},"wdio_ui5_key":"shellAppTitle"}]}
RESULT: {"script":"<script> [1562 bytes]","args":[{"selector":{"id":"shellAppTitle"},"wdio_ui5_key":"shellAppTitle"}]}
COMMAND: POST /session/ee64515cdf25ffb5f2678bae898e7b66/execute/async - {"script":"<script> [6424 bytes]","args":[{"element-6066-11e4-a52e-4f735466cecf":"f.7218AE79A50A324A49E8A26ADBA31562.d.5861458CA84C8C8FAE78590C3821949F.e.5063"},"getTitle",[]]}
RESULT: {"script":"<script> [6424 bytes]","args":[{"element-6066-11e4-a52e-4f735466cecf":"f.7218AE79A50A324A49E8A26ADBA31562.d.5861458CA84C8C8FAE78590C3821949F.e.5063"},"getTitle",[]]}
RESULT: undefined
COMMAND: POST /session/ee64515cdf25ffb5f2678bae898e7b66/element/f.7218AE79A50A324A49E8A26ADBA31562.d.5861458CA84C8C8FAE78590C3821949F.e.5062/click - {}
COMMAND: POST /session/ee64515cdf25ffb5f2678bae898e7b66/element/f.7218AE79A50A324A49E8A26ADBA31562.d.5861458CA84C8C8FAE78590C3821949F.e.5062/click - {}
RESULT: {}
COMMAND: GET /session/ee64515cdf25ffb5f2678bae898e7b66/screenshot - {}
RESULT: {}
COMMAND: GET /session/ee64515cdf25ffb5f2678bae898e7b66/screenshot - {}
RESULT: {}
RESULT: {}
]]></system-out>
    </testcase>
    <testcase classname="chrome.136_0_7103_93.windows.Sanity_Tests_US104253" name="Should open Target Systems Configuration page" time="37.176">
      <system-out><![CDATA[
COMMAND: POST /session/ee64515cdf25ffb5f2678bae898e7b66/execute/async - {"script":"<script> [1562 bytes]","args":[{"selector":{"controlType":"sap.m.GenericTile","properties":{"header":"Target Systems Configuration"}},"wdio_ui5_key":"sapm.GenericTile{\"header\":\"Target Systems Configuration\"}"}]}
RESULT: {"script":"<script> [1562 bytes]","args":[{"selector":{"controlType":"sap.m.GenericTile","properties":{"header":"Target Systems Configuration"}},"wdio_ui5_key":"sapm.GenericTile{\"header\":\"Target Systems Configuration\"}"}]}
RESULT: undefined
COMMAND: POST /session/ee64515cdf25ffb5f2678bae898e7b66/element - {"using":"xpath","value":"//*[@id=\"__tile129\"]"}
RESULT: {"using":"xpath","value":"//*[@id=\"__tile129\"]"}
COMMAND: POST /session/ee64515cdf25ffb5f2678bae898e7b66/element/f.7218AE79A50A324A49E8A26ADBA31562.d.5861458CA84C8C8FAE78590C3821949F.e.5065/click - {}
RESULT: {}
COMMAND: GET /session/ee64515cdf25ffb5f2678bae898e7b66/screenshot - {}
RESULT: {}
COMMAND: POST /session/ee64515cdf25ffb5f2678bae898e7b66/elements - {"using":"xpath","value":"//span[text()='Error']"}
RESULT: {"using":"xpath","value":"//span[text()='Error']"}
RESULT: undefined
COMMAND: POST /session/ee64515cdf25ffb5f2678bae898e7b66/element - {"using":"xpath","value":"//*[@id=\"__tile129\"]"}
RESULT: {"using":"xpath","value":"//*[@id=\"__tile129\"]"}
COMMAND: POST /session/ee64515cdf25ffb5f2678bae898e7b66/element/f.7218AE79A50A324A49E8A26ADBA31562.d.5861458CA84C8C8FAE78590C3821949F.e.5065/click - {}
RESULT: undefined
COMMAND: POST /session/ee64515cdf25ffb5f2678bae898e7b66/element - {"using":"xpath","value":"//*[@id=\"__tile129\"]"}
RESULT: {"using":"xpath","value":"//*[@id=\"__tile129\"]"}
COMMAND: POST /session/ee64515cdf25ffb5f2678bae898e7b66/element/f.7218AE79A50A324A49E8A26ADBA31562.d.5861458CA84C8C8FAE78590C3821949F.e.5065/click - {}
RESULT: undefined
COMMAND: POST /session/ee64515cdf25ffb5f2678bae898e7b66/execute/async - {"script":"<script> [6424 bytes]","args":[{"element-6066-11e4-a52e-4f735466cecf":"f.7218AE79A50A324A49E8A26ADBA31562.d.5861458CA84C8C8FAE78590C3821949F.e.288"},"getTitle",[]]}
COMMAND: POST /session/ee64515cdf25ffb5f2678bae898e7b66/execute/async - {"script":"<script> [1562 bytes]","args":[{"selector":{"id":"shellAppTitle"},"wdio_ui5_key":"shellAppTitle"}]}
RESULT: {"script":"<script> [1562 bytes]","args":[{"selector":{"id":"shellAppTitle"},"wdio_ui5_key":"shellAppTitle"}]}
COMMAND: POST /session/ee64515cdf25ffb5f2678bae898e7b66/execute/async - {"script":"<script> [6424 bytes]","args":[{"element-6066-11e4-a52e-4f735466cecf":"f.7218AE79A50A324A49E8A26ADBA31562.d.5861458CA84C8C8FAE78590C3821949F.e.5134"},"getTitle",[]]}
RESULT: {"script":"<script> [6424 bytes]","args":[{"element-6066-11e4-a52e-4f735466cecf":"f.7218AE79A50A324A49E8A26ADBA31562.d.5861458CA84C8C8FAE78590C3821949F.e.5134"},"getTitle",[]]}
RESULT: undefined
COMMAND: POST /session/ee64515cdf25ffb5f2678bae898e7b66/element/f.7218AE79A50A324A49E8A26ADBA31562.d.5861458CA84C8C8FAE78590C3821949F.e.5062/click - {}
COMMAND: POST /session/ee64515cdf25ffb5f2678bae898e7b66/element/f.7218AE79A50A324A49E8A26ADBA31562.d.5861458CA84C8C8FAE78590C3821949F.e.5062/click - {}
RESULT: {}
COMMAND: GET /session/ee64515cdf25ffb5f2678bae898e7b66/screenshot - {}
COMMAND: POST /session/ee64515cdf25ffb5f2678bae898e7b66/element - {"using":"xpath","value":"//*[@id=\"backBtn\"]"}
RESULT: {}
RESULT: {"using":"xpath","value":"//*[@id=\"backBtn\"]"}
COMMAND: POST /session/ee64515cdf25ffb5f2678bae898e7b66/elements - {"using":"xpath","value":"//*[@id=\"backBtn\"]"}
RESULT: {"using":"xpath","value":"//*[@id=\"backBtn\"]"}
COMMAND: POST /session/ee64515cdf25ffb5f2678bae898e7b66/elements - {"using":"xpath","value":"//*[@id=\"backBtn\"]"}
RESULT: {"using":"xpath","value":"//*[@id=\"backBtn\"]"}
COMMAND: POST /session/ee64515cdf25ffb5f2678bae898e7b66/elements - {"using":"xpath","value":"//*[@id=\"backBtn\"]"}
RESULT: {"using":"xpath","value":"//*[@id=\"backBtn\"]"}
COMMAND: POST /session/ee64515cdf25ffb5f2678bae898e7b66/elements - {"using":"xpath","value":"//*[@id=\"backBtn\"]"}
RESULT: {"using":"xpath","value":"//*[@id=\"backBtn\"]"}
COMMAND: POST /session/ee64515cdf25ffb5f2678bae898e7b66/elements - {"using":"xpath","value":"//*[@id=\"backBtn\"]"}
RESULT: {"using":"xpath","value":"//*[@id=\"backBtn\"]"}
COMMAND: POST /session/ee64515cdf25ffb5f2678bae898e7b66/elements - {"using":"xpath","value":"//*[@id=\"backBtn\"]"}
RESULT: {"using":"xpath","value":"//*[@id=\"backBtn\"]"}
COMMAND: POST /session/ee64515cdf25ffb5f2678bae898e7b66/elements - {"using":"xpath","value":"//*[@id=\"backBtn\"]"}
RESULT: {"using":"xpath","value":"//*[@id=\"backBtn\"]"}
COMMAND: POST /session/ee64515cdf25ffb5f2678bae898e7b66/elements - {"using":"xpath","value":"//*[@id=\"backBtn\"]"}
RESULT: {"using":"xpath","value":"//*[@id=\"backBtn\"]"}
COMMAND: POST /session/ee64515cdf25ffb5f2678bae898e7b66/elements - {"using":"xpath","value":"//*[@id=\"backBtn\"]"}
RESULT: {"using":"xpath","value":"//*[@id=\"backBtn\"]"}
COMMAND: POST /session/ee64515cdf25ffb5f2678bae898e7b66/elements - {"using":"xpath","value":"//*[@id=\"backBtn\"]"}
RESULT: {"using":"xpath","value":"//*[@id=\"backBtn\"]"}
COMMAND: POST /session/ee64515cdf25ffb5f2678bae898e7b66/elements - {"using":"xpath","value":"//*[@id=\"backBtn\"]"}
RESULT: {"using":"xpath","value":"//*[@id=\"backBtn\"]"}
COMMAND: POST /session/ee64515cdf25ffb5f2678bae898e7b66/elements - {"using":"xpath","value":"//*[@id=\"backBtn\"]"}
RESULT: {"using":"xpath","value":"//*[@id=\"backBtn\"]"}
COMMAND: POST /session/ee64515cdf25ffb5f2678bae898e7b66/elements - {"using":"xpath","value":"//*[@id=\"backBtn\"]"}
RESULT: {"using":"xpath","value":"//*[@id=\"backBtn\"]"}
COMMAND: POST /session/ee64515cdf25ffb5f2678bae898e7b66/elements - {"using":"xpath","value":"//*[@id=\"backBtn\"]"}
RESULT: {"using":"xpath","value":"//*[@id=\"backBtn\"]"}
COMMAND: POST /session/ee64515cdf25ffb5f2678bae898e7b66/elements - {"using":"xpath","value":"//*[@id=\"backBtn\"]"}
RESULT: {"using":"xpath","value":"//*[@id=\"backBtn\"]"}
COMMAND: POST /session/ee64515cdf25ffb5f2678bae898e7b66/elements - {"using":"xpath","value":"//*[@id=\"backBtn\"]"}
RESULT: {"using":"xpath","value":"//*[@id=\"backBtn\"]"}
COMMAND: POST /session/ee64515cdf25ffb5f2678bae898e7b66/elements - {"using":"xpath","value":"//*[@id=\"backBtn\"]"}
RESULT: {"using":"xpath","value":"//*[@id=\"backBtn\"]"}
COMMAND: POST /session/ee64515cdf25ffb5f2678bae898e7b66/elements - {"using":"xpath","value":"//*[@id=\"backBtn\"]"}
RESULT: {"using":"xpath","value":"//*[@id=\"backBtn\"]"}
COMMAND: POST /session/ee64515cdf25ffb5f2678bae898e7b66/elements - {"using":"xpath","value":"//*[@id=\"backBtn\"]"}
RESULT: {"using":"xpath","value":"//*[@id=\"backBtn\"]"}
COMMAND: POST /session/ee64515cdf25ffb5f2678bae898e7b66/elements - {"using":"xpath","value":"//*[@id=\"backBtn\"]"}
RESULT: {"using":"xpath","value":"//*[@id=\"backBtn\"]"}
COMMAND: POST /session/ee64515cdf25ffb5f2678bae898e7b66/elements - {"using":"xpath","value":"//*[@id=\"backBtn\"]"}
RESULT: {"using":"xpath","value":"//*[@id=\"backBtn\"]"}
COMMAND: POST /session/ee64515cdf25ffb5f2678bae898e7b66/elements - {"using":"xpath","value":"//*[@id=\"backBtn\"]"}
RESULT: {"using":"xpath","value":"//*[@id=\"backBtn\"]"}
COMMAND: POST /session/ee64515cdf25ffb5f2678bae898e7b66/elements - {"using":"xpath","value":"//*[@id=\"backBtn\"]"}
RESULT: {"using":"xpath","value":"//*[@id=\"backBtn\"]"}
COMMAND: POST /session/ee64515cdf25ffb5f2678bae898e7b66/elements - {"using":"xpath","value":"//*[@id=\"backBtn\"]"}
RESULT: {"using":"xpath","value":"//*[@id=\"backBtn\"]"}
COMMAND: POST /session/ee64515cdf25ffb5f2678bae898e7b66/elements - {"using":"xpath","value":"//*[@id=\"backBtn\"]"}
RESULT: {"using":"xpath","value":"//*[@id=\"backBtn\"]"}
COMMAND: POST /session/ee64515cdf25ffb5f2678bae898e7b66/elements - {"using":"xpath","value":"//*[@id=\"backBtn\"]"}
RESULT: {"using":"xpath","value":"//*[@id=\"backBtn\"]"}
COMMAND: POST /session/ee64515cdf25ffb5f2678bae898e7b66/elements - {"using":"xpath","value":"//*[@id=\"backBtn\"]"}
RESULT: {"using":"xpath","value":"//*[@id=\"backBtn\"]"}
COMMAND: POST /session/ee64515cdf25ffb5f2678bae898e7b66/elements - {"using":"xpath","value":"//*[@id=\"backBtn\"]"}
RESULT: {"using":"xpath","value":"//*[@id=\"backBtn\"]"}
COMMAND: POST /session/ee64515cdf25ffb5f2678bae898e7b66/elements - {"using":"xpath","value":"//*[@id=\"backBtn\"]"}
RESULT: {"using":"xpath","value":"//*[@id=\"backBtn\"]"}
COMMAND: POST /session/ee64515cdf25ffb5f2678bae898e7b66/elements - {"using":"xpath","value":"//*[@id=\"backBtn\"]"}
RESULT: {"using":"xpath","value":"//*[@id=\"backBtn\"]"}
COMMAND: POST /session/ee64515cdf25ffb5f2678bae898e7b66/elements - {"using":"xpath","value":"//*[@id=\"backBtn\"]"}
RESULT: {"using":"xpath","value":"//*[@id=\"backBtn\"]"}
COMMAND: POST /session/ee64515cdf25ffb5f2678bae898e7b66/elements - {"using":"xpath","value":"//*[@id=\"backBtn\"]"}
RESULT: {"using":"xpath","value":"//*[@id=\"backBtn\"]"}
COMMAND: POST /session/ee64515cdf25ffb5f2678bae898e7b66/elements - {"using":"xpath","value":"//*[@id=\"backBtn\"]"}
RESULT: {"using":"xpath","value":"//*[@id=\"backBtn\"]"}
COMMAND: POST /session/ee64515cdf25ffb5f2678bae898e7b66/elements - {"using":"xpath","value":"//*[@id=\"backBtn\"]"}
RESULT: {"using":"xpath","value":"//*[@id=\"backBtn\"]"}
COMMAND: POST /session/ee64515cdf25ffb5f2678bae898e7b66/elements - {"using":"xpath","value":"//*[@id=\"backBtn\"]"}
RESULT: {"using":"xpath","value":"//*[@id=\"backBtn\"]"}
COMMAND: POST /session/ee64515cdf25ffb5f2678bae898e7b66/elements - {"using":"xpath","value":"//*[@id=\"backBtn\"]"}
RESULT: {"using":"xpath","value":"//*[@id=\"backBtn\"]"}
COMMAND: POST /session/ee64515cdf25ffb5f2678bae898e7b66/elements - {"using":"xpath","value":"//*[@id=\"backBtn\"]"}
RESULT: {"using":"xpath","value":"//*[@id=\"backBtn\"]"}
COMMAND: POST /session/ee64515cdf25ffb5f2678bae898e7b66/elements - {"using":"xpath","value":"//*[@id=\"backBtn\"]"}
RESULT: {"using":"xpath","value":"//*[@id=\"backBtn\"]"}
COMMAND: POST /session/ee64515cdf25ffb5f2678bae898e7b66/elements - {"using":"xpath","value":"//*[@id=\"backBtn\"]"}
RESULT: {"using":"xpath","value":"//*[@id=\"backBtn\"]"}
COMMAND: DELETE /session/ee64515cdf25ffb5f2678bae898e7b66 - {}
RESULT: {}
]]></system-out>
    </testcase>
  </testsuite>
</testsuites>