<?xml version="1.0" encoding="UTF-8"?>
<testsuites tests="8" failures="0" errors="0" skipped="0">
  <testsuite timestamp="2025-05-17T16:06:50" time="871.947" tests="4" failures="0" errors="0" skipped="0">
    <properties>
      <property name="specId" value="0" />
      <property name="suiteName" value="Webshop - Hyperlinks visible and working properly  US139085" />
      <property name="capabilities" value="chrome.136_0_7103_93.windows" />
      <property name="file" value="file:///D:/a/1/s/test/specs/R2C/webshop-hyperlinks-yard-site.spec.js" />
    </properties>
    <testcase classname="chrome.136_0_7103_93.windows.Webshop_-_Hyperlinks_visible_and_working_properly__US139085" name="Should create prerequisites for webshop suite" time="300.265">
      <system-out><![CDATA[
COMMAND: POST /session/a69c452d5537070365773ced34b84773/execute/async - {"script":"<script> [1562 bytes]","args":[{"selector":{"controlType":"sap.m.GenericTile","properties":{"header":"Manage Yards"}},"wdio_ui5_key":"sapm.GenericTile{\"header\":\"Manage Yards\"}"}]}
RESULT: {"script":"<script> [1562 bytes]","args":[{"selector":{"controlType":"sap.m.GenericTile","properties":{"header":"Manage Yards"}},"wdio_ui5_key":"sapm.GenericTile{\"header\":\"Manage Yards\"}"}]}
RESULT: undefined
COMMAND: POST /session/a69c452d5537070365773ced34b84773/element - {"using":"xpath","value":"//*[@id=\"__tile41\"]"}
RESULT: {"using":"xpath","value":"//*[@id=\"__tile41\"]"}
COMMAND: POST /session/a69c452d5537070365773ced34b84773/element/f.A1EC521E3478ED742E3D5E167ABDE28C.d.A7E377F647533D111E53F9617AED3784.e.113/click - {}
RESULT: {}
COMMAND: GET /session/a69c452d5537070365773ced34b84773/screenshot - {}
RESULT: {}
COMMAND: POST /session/a69c452d5537070365773ced34b84773/elements - {"using":"xpath","value":"//span[text()='Error']"}
RESULT: {"using":"xpath","value":"//span[text()='Error']"}
COMMAND: POST /session/a69c452d5537070365773ced34b84773/execute/async - {"script":"<script> [1562 bytes]","args":[{"selector":{"controlType":"sap.ui.core.Icon","viewName":"etm.portal.ui.manageyards.view.Master","viewId":"application-manageyards-display-component---masterYard","properties":{"src":{"regex":{"source":"add"}}}},"wdio_ui5_key":"etmportal.ui.manageyards.view.Mastersap.ui.core.Icon{\"src\":{\"regex\":{\"source\":\"add\"}}}"}]}
RESULT: {"script":"<script> [1562 bytes]","args":[{"selector":{"controlType":"sap.ui.core.Icon","viewName":"etm.portal.ui.manageyards.view.Master","viewId":"application-manageyards-display-component---masterYard","properties":{"src":{"regex":{"source":"add"}}}},"wdio_ui5_key":"etmportal.ui.manageyards.view.Mastersap.ui.core.Icon{\"src\":{\"regex\":{\"source\":\"add\"}}}"}]}
RESULT: undefined
COMMAND: POST /session/a69c452d5537070365773ced34b84773/element - {"using":"xpath","value":"//*[@id=\"__button4-img\"]"}
RESULT: {"using":"xpath","value":"//*[@id=\"__button4-img\"]"}
COMMAND: POST /session/a69c452d5537070365773ced34b84773/element/f.A1EC521E3478ED742E3D5E167ABDE28C.d.A7E377F647533D111E53F9617AED3784.e.160/click - {}
RESULT: {}
COMMAND: GET /session/a69c452d5537070365773ced34b84773/screenshot - {}
RESULT: {}
COMMAND: POST /session/a69c452d5537070365773ced34b84773/execute/async - {"script":"<script> [1562 bytes]","args":[{"selector":{"id":"application-manageyards-display-component---NewYard--yardId","interaction":{"idSuffix":"inner"}},"wdio_ui5_key":"applicationmanageyards-display-component---NewYard--yardId"}]}
RESULT: {"script":"<script> [1562 bytes]","args":[{"selector":{"id":"application-manageyards-display-component---NewYard--yardId","interaction":{"idSuffix":"inner"}},"wdio_ui5_key":"applicationmanageyards-display-component---NewYard--yardId"}]}
RESULT: undefined
COMMAND: POST /session/a69c452d5537070365773ced34b84773/element - {"using":"xpath","value":"//*[@id=\"application-manageyards-display-component---NewYard--addressDetailDetailsName1-inner\"]"}
RESULT: {"using":"xpath","value":"//*[@id=\"application-manageyards-display-component---NewYard--addressDetailDetailsName1-inner\"]"}
COMMAND: POST /session/a69c452d5537070365773ced34b84773/element/f.A1EC521E3478ED742E3D5E167ABDE28C.d.A7E377F647533D111E53F9617AED3784.e.330/clear - {}
RESULT: {}
COMMAND: POST /session/a69c452d5537070365773ced34b84773/element/f.A1EC521E3478ED742E3D5E167ABDE28C.d.A7E377F647533D111E53F9617AED3784.e.330/value - {"text":"WebdriverYard9nlkj"}
COMMAND: GET /session/a69c452d5537070365773ced34b84773/screenshot - {}
RESULT: {"text":"WebdriverYard9nlkj"}
COMMAND: POST /session/a69c452d5537070365773ced34b84773/element - {"using":"xpath","value":"//*[@id=\"application-manageyards-display-component---NewYard--addressDetailDetailsLanguage-inner\"]"}
COMMAND: GET /session/a69c452d5537070365773ced34b84773/screenshot - {}
RESULT: {}
RESULT: {"using":"xpath","value":"//*[@id=\"application-manageyards-display-component---NewYard--addressDetailDetailsLanguage-inner\"]"}
COMMAND: POST /session/a69c452d5537070365773ced34b84773/element/f.A1EC521E3478ED742E3D5E167ABDE28C.d.A7E377F647533D111E53F9617AED3784.e.331/clear - {}
RESULT: {}
RESULT: {}
COMMAND: POST /session/a69c452d5537070365773ced34b84773/element/f.A1EC521E3478ED742E3D5E167ABDE28C.d.A7E377F647533D111E53F9617AED3784.e.331/value - {"text":"Romanian"}
COMMAND: GET /session/a69c452d5537070365773ced34b84773/screenshot - {}
RESULT: {"text":"Romanian"}
COMMAND: POST /session/a69c452d5537070365773ced34b84773/element - {"using":"xpath","value":"//input[contains(@id ,\"application-manageyards-display-component---NewYard--addressDetailDetailsName1-inner\")]"}
COMMAND: GET /session/a69c452d5537070365773ced34b84773/screenshot - {}
RESULT: {}
RESULT: {"using":"xpath","value":"//input[contains(@id ,\"application-manageyards-display-component---NewYard--addressDetailDetailsName1-inner\")]"}
COMMAND: GET /session/a69c452d5537070365773ced34b84773/element/f.A1EC521E3478ED742E3D5E167ABDE28C.d.A7E377F647533D111E53F9617AED3784.e.330/property/value - {}
RESULT: {}
RESULT: {}
COMMAND: GET /session/a69c452d5537070365773ced34b84773/screenshot - {}
RESULT: {}
COMMAND: POST /session/a69c452d5537070365773ced34b84773/element - {"using":"xpath","value":"//*[@id=\"application-manageyards-display-component---NewYard--addressDetailDetailsCity1-inner\"]"}
RESULT: {"using":"xpath","value":"//*[@id=\"application-manageyards-display-component---NewYard--addressDetailDetailsCity1-inner\"]"}
COMMAND: POST /session/a69c452d5537070365773ced34b84773/element/f.A1EC521E3478ED742E3D5E167ABDE28C.d.A7E377F647533D111E53F9617AED3784.e.333/clear - {}
RESULT: {}
COMMAND: POST /session/a69c452d5537070365773ced34b84773/element/f.A1EC521E3478ED742E3D5E167ABDE28C.d.A7E377F647533D111E53F9617AED3784.e.333/value - {"text":"Bucuresti"}
COMMAND: GET /session/a69c452d5537070365773ced34b84773/screenshot - {}
RESULT: {"text":"Bucuresti"}
COMMAND: GET /session/a69c452d5537070365773ced34b84773/screenshot - {}
RESULT: {}
RESULT: {}
COMMAND: POST /session/a69c452d5537070365773ced34b84773/element - {"using":"xpath","value":"//*[@id=\"application-manageyards-display-component---NewYard--addressDetailDetailsCountry-inner\"]"}
RESULT: {"using":"xpath","value":"//*[@id=\"application-manageyards-display-component---NewYard--addressDetailDetailsCountry-inner\"]"}
COMMAND: POST /session/a69c452d5537070365773ced34b84773/element/f.A1EC521E3478ED742E3D5E167ABDE28C.d.A7E377F647533D111E53F9617AED3784.e.337/clear - {}
RESULT: {}
COMMAND: POST /session/a69c452d5537070365773ced34b84773/element/f.A1EC521E3478ED742E3D5E167ABDE28C.d.A7E377F647533D111E53F9617AED3784.e.337/value - {"text":"Romania"}
COMMAND: GET /session/a69c452d5537070365773ced34b84773/screenshot - {}
RESULT: {"text":"Romania"}
COMMAND: GET /session/a69c452d5537070365773ced34b84773/screenshot - {}
RESULT: {}
RESULT: {}
COMMAND: POST /session/a69c452d5537070365773ced34b84773/element - {"using":"xpath","value":"//div[contains(text(), \"Commercial\")]"}
RESULT: {"using":"xpath","value":"//div[contains(text(), \"Commercial\")]"}
COMMAND: GET /session/a69c452d5537070365773ced34b84773/element/f.A1EC521E3478ED742E3D5E167ABDE28C.d.A7E377F647533D111E53F9617AED3784.e.583/rect - {}
RESULT: {}
COMMAND: GET /session/a69c452d5537070365773ced34b84773/window/rect - {}
RESULT: {}
COMMAND: POST /session/a69c452d5537070365773ced34b84773/execute/sync - {"script":"<script> [92 bytes]","args":[]}
RESULT: {"script":"<script> [92 bytes]","args":[]}
COMMAND: POST /session/a69c452d5537070365773ced34b84773/actions - {"actions":[{"id":"action1","type":"wheel","parameters":{},"actions":[{"type":"scroll","x":-1841,"y":-44,"deltaX":0,"deltaY":0,"duration":0,"origin":{"element-6066-11e4-a52e-4f735466cecf":"f.A1EC521E3478ED742E3D5E167ABDE28C.d.A7E377F647533D111E53F9617AED3784.e.583"}}]}]}
COMMAND: GET /session/a69c452d5537070365773ced34b84773/screenshot - {}
RESULT: {}
COMMAND: POST /session/a69c452d5537070365773ced34b84773/execute/sync - {"script":"<script> [79 bytes]","args":[{"element-6066-11e4-a52e-4f735466cecf":"f.A1EC521E3478ED742E3D5E167ABDE28C.d.A7E377F647533D111E53F9617AED3784.e.583","ELEMENT":"f.A1EC521E3478ED742E3D5E167ABDE28C.d.A7E377F647533D111E53F9617AED3784.e.583"},{"block":"start","inline":"nearest"}]}
RESULT: {"script":"<script> [79 bytes]","args":[{"element-6066-11e4-a52e-4f735466cecf":"f.A1EC521E3478ED742E3D5E167ABDE28C.d.A7E377F647533D111E53F9617AED3784.e.583","ELEMENT":"f.A1EC521E3478ED742E3D5E167ABDE28C.d.A7E377F647533D111E53F9617AED3784.e.583"},{"block":"start","inline":"nearest"}]}
COMMAND: GET /session/a69c452d5537070365773ced34b84773/screenshot - {}
RESULT: {}
COMMAND: POST /session/a69c452d5537070365773ced34b84773/execute/async - {"script":"<script> [1562 bytes]","args":[{"selector":{"id":"application-manageyards-display-component---NewYard--addressEditDetailsCostObjectCstType-arrow"},"wdio_ui5_key":"applicationmanageyards-display-component---NewYard--addressEditDetailsCostObjectCstType-arrow"}]}
RESULT: {"script":"<script> [1562 bytes]","args":[{"selector":{"id":"application-manageyards-display-component---NewYard--addressEditDetailsCostObjectCstType-arrow"},"wdio_ui5_key":"applicationmanageyards-display-component---NewYard--addressEditDetailsCostObjectCstType-arrow"}]}
RESULT: undefined
COMMAND: POST /session/a69c452d5537070365773ced34b84773/element - {"using":"xpath","value":"//*[@id=\"application-manageyards-display-component---NewYard--addressEditDetailsCostObjectCstType-arrow\"]"}
RESULT: {"using":"xpath","value":"//*[@id=\"application-manageyards-display-component---NewYard--addressEditDetailsCostObjectCstType-arrow\"]"}
COMMAND: POST /session/a69c452d5537070365773ced34b84773/element/f.A1EC521E3478ED742E3D5E167ABDE28C.d.A7E377F647533D111E53F9617AED3784.e.591/click - {}
RESULT: {}
COMMAND: POST /session/a69c452d5537070365773ced34b84773/element - {"using":"xpath","value":"//span[contains(text(), \"Cost Center\")]"}
COMMAND: GET /session/a69c452d5537070365773ced34b84773/screenshot - {}
RESULT: {"using":"xpath","value":"//span[contains(text(), \"Cost Center\")]"}
COMMAND: POST /session/a69c452d5537070365773ced34b84773/element/f.A1EC521E3478ED742E3D5E167ABDE28C.d.A7E377F647533D111E53F9617AED3784.e.592/click - {}
RESULT: {}
RESULT: {}
COMMAND: GET /session/a69c452d5537070365773ced34b84773/screenshot - {}
RESULT: {}
COMMAND: POST /session/a69c452d5537070365773ced34b84773/execute/async - {"script":"<script> [1562 bytes]","args":[{"selector":{"id":"application-manageyards-display-component---NewYard--addressNewCostObjectCstID-vhi"},"wdio_ui5_key":"applicationmanageyards-display-component---NewYard--addressNewCostObjectCstID-vhi"}]}
RESULT: {"script":"<script> [1562 bytes]","args":[{"selector":{"id":"application-manageyards-display-component---NewYard--addressNewCostObjectCstID-vhi"},"wdio_ui5_key":"applicationmanageyards-display-component---NewYard--addressNewCostObjectCstID-vhi"}]}
RESULT: undefined
COMMAND: POST /session/a69c452d5537070365773ced34b84773/element - {"using":"xpath","value":"//*[@id=\"application-manageyards-display-component---NewYard--addressNewCostObjectCstID-vhi\"]"}
RESULT: {"using":"xpath","value":"//*[@id=\"application-manageyards-display-component---NewYard--addressNewCostObjectCstID-vhi\"]"}
COMMAND: POST /session/a69c452d5537070365773ced34b84773/element/f.A1EC521E3478ED742E3D5E167ABDE28C.d.A7E377F647533D111E53F9617AED3784.e.596/click - {}
RESULT: {}
COMMAND: GET /session/a69c452d5537070365773ced34b84773/screenshot - {}
RESULT: {}
COMMAND: POST /session/a69c452d5537070365773ced34b84773/execute/async - {"script":"<script> [1562 bytes]","args":[{"selector":{"controlType":"sap.m.SearchField","properties":{"placeholder":"Search"},"searchOpenDialogs":true,"interaction":{"idSuffix":"I"}},"wdio_ui5_key":"sapm.SearchField{\"placeholder\":\"Search\"}"}]}
RESULT: {"script":"<script> [1562 bytes]","args":[{"selector":{"controlType":"sap.m.SearchField","properties":{"placeholder":"Search"},"searchOpenDialogs":true,"interaction":{"idSuffix":"I"}},"wdio_ui5_key":"sapm.SearchField{\"placeholder\":\"Search\"}"}]}
RESULT: undefined
COMMAND: POST /session/a69c452d5537070365773ced34b84773/execute/async - {"script":"<script> [776 bytes]","args":[{"enterText":"10001013","selector":{"controlType":"sap.m.SearchField","properties":{"placeholder":"Search"},"searchOpenDialogs":true,"interaction":{"idSuffix":"I"}},"clearTextFirst":true,"interactionType":"ENTER_TEXT"}]}
RESULT: {"script":"<script> [776 bytes]","args":[{"enterText":"10001013","selector":{"controlType":"sap.m.SearchField","properties":{"placeholder":"Search"},"searchOpenDialogs":true,"interaction":{"idSuffix":"I"}},"clearTextFirst":true,"interactionType":"ENTER_TEXT"}]}
COMMAND: POST /session/a69c452d5537070365773ced34b84773/actions - {"actions":[{"id":"action2","type":"key","parameters":{},"actions":[{"type":"keyDown","value":"î€‡"},{"type":"pause","duration":10},{"type":"keyUp","value":"î€‡"}]}]}
RESULT: {"actions":[{"id":"action2","type":"key","parameters":{},"actions":[{"type":"keyDown","value":"î€‡"},{"type":"pause","duration":10},{"type":"keyUp","value":"î€‡"}]}]}
COMMAND: GET /session/a69c452d5537070365773ced34b84773/screenshot - {}
RESULT: {}
COMMAND: POST /session/a69c452d5537070365773ced34b84773/element - {"using":"xpath","value":"//span[contains(text(), \"General Management\")]"}
RESULT: {"using":"xpath","value":"//span[contains(text(), \"General Management\")]"}
COMMAND: POST /session/a69c452d5537070365773ced34b84773/element/f.A1EC521E3478ED742E3D5E167ABDE28C.d.A7E377F647533D111E53F9617AED3784.e.636/click - {}
RESULT: {}
COMMAND: GET /session/a69c452d5537070365773ced34b84773/screenshot - {}
RESULT: {}
COMMAND: POST /session/a69c452d5537070365773ced34b84773/element - {"using":"xpath","value":"//bdi[contains(text(), \"OK\")]"}
RESULT: {"using":"xpath","value":"//bdi[contains(text(), \"OK\")]"}
COMMAND: POST /session/a69c452d5537070365773ced34b84773/element/f.A1EC521E3478ED742E3D5E167ABDE28C.d.A7E377F647533D111E53F9617AED3784.e.637/click - {}
RESULT: {}
COMMAND: GET /session/a69c452d5537070365773ced34b84773/screenshot - {}
RESULT: {}
COMMAND: POST /session/a69c452d5537070365773ced34b84773/execute/async - {"script":"<script> [1562 bytes]","args":[{"selector":{"controlType":"sap.m.Button","viewName":"etm.portal.ui.manageyards.view.New","viewId":"application-manageyards-display-component---NewYard","i18NText":{"propertyName":"text","key":"save"},"interaction":{"idSuffix":"inner"}},"wdio_ui5_key":"etmportal.ui.manageyards.view.Newsap.m.Button{\"propertyName\":\"text\",\"key\":\"save\"}"}]}
RESULT: {"script":"<script> [1562 bytes]","args":[{"selector":{"controlType":"sap.m.Button","viewName":"etm.portal.ui.manageyards.view.New","viewId":"application-manageyards-display-component---NewYard","i18NText":{"propertyName":"text","key":"save"},"interaction":{"idSuffix":"inner"}},"wdio_ui5_key":"etmportal.ui.manageyards.view.Newsap.m.Button{\"propertyName\":\"text\",\"key\":\"save\"}"}]}
RESULT: undefined
COMMAND: POST /session/a69c452d5537070365773ced34b84773/element - {"using":"xpath","value":"//*[@id=\"__button18\"]"}
RESULT: {"using":"xpath","value":"//*[@id=\"__button18\"]"}
COMMAND: POST /session/a69c452d5537070365773ced34b84773/element/f.A1EC521E3478ED742E3D5E167ABDE28C.d.A7E377F647533D111E53F9617AED3784.e.531/click - {}
RESULT: {}
COMMAND: GET /session/a69c452d5537070365773ced34b84773/screenshot - {}
RESULT: {}
COMMAND: POST /session/a69c452d5537070365773ced34b84773/element - {"using":"xpath","value":"//header/div/div[2]/div[2]/span"}
RESULT: {"using":"xpath","value":"//header/div/div[2]/div[2]/span"}
COMMAND: GET /session/a69c452d5537070365773ced34b84773/element/f.A1EC521E3478ED742E3D5E167ABDE28C.d.A7E377F647533D111E53F9617AED3784.e.833/text - {}
RESULT: {}
COMMAND: POST /session/a69c452d5537070365773ced34b84773/execute/async - {"script":"<script> [1562 bytes]","args":[{"selector":{"controlType":"sap.m.OverflowToolbarButton","viewName":"etm.portal.ui.manageyards.view.Detail","viewId":"application-manageyards-display-component---detailYard","i18NText":{"propertyName":"tooltip","key":"closeColumn"},"interaction":{"idSuffix":"inner"}},"wdio_ui5_key":"etmportal.ui.manageyards.view.Detailsap.m.OverflowToolbarButton{\"propertyName\":\"tooltip\",\"key\":\"closeColumn\"}"}]}
RESULT: {"script":"<script> [1562 bytes]","args":[{"selector":{"controlType":"sap.m.OverflowToolbarButton","viewName":"etm.portal.ui.manageyards.view.Detail","viewId":"application-manageyards-display-component---detailYard","i18NText":{"propertyName":"tooltip","key":"closeColumn"},"interaction":{"idSuffix":"inner"}},"wdio_ui5_key":"etmportal.ui.manageyards.view.Detailsap.m.OverflowToolbarButton{\"propertyName\":\"tooltip\",\"key\":\"closeColumn\"}"}]}
RESULT: undefined
COMMAND: POST /session/a69c452d5537070365773ced34b84773/element - {"using":"xpath","value":"//*[@id=\"__button40\"]"}
RESULT: {"using":"xpath","value":"//*[@id=\"__button40\"]"}
COMMAND: POST /session/a69c452d5537070365773ced34b84773/element/f.A1EC521E3478ED742E3D5E167ABDE28C.d.A7E377F647533D111E53F9617AED3784.e.835/click - {}
RESULT: {}
COMMAND: GET /session/a69c452d5537070365773ced34b84773/screenshot - {}
RESULT: {}
COMMAND: POST /session/a69c452d5537070365773ced34b84773/element - {"using":"css selector","value":"#shell-header-logo"}
RESULT: {"using":"css selector","value":"#shell-header-logo"}
COMMAND: POST /session/a69c452d5537070365773ced34b84773/element/f.A1EC521E3478ED742E3D5E167ABDE28C.d.A7E377F647533D111E53F9617AED3784.e.115/click - {}
RESULT: {}
COMMAND: GET /session/a69c452d5537070365773ced34b84773/screenshot - {}
RESULT: {}
COMMAND: POST /session/a69c452d5537070365773ced34b84773/refresh - {}
RESULT: {}
COMMAND: GET /session/a69c452d5537070365773ced34b84773/screenshot - {}
RESULT: {}
COMMAND: POST /session/a69c452d5537070365773ced34b84773/execute/async - {"script":"<script> [189 bytes]","args":[]}
RESULT: {"script":"<script> [189 bytes]","args":[]}
COMMAND: POST /session/a69c452d5537070365773ced34b84773/execute/async - {"script":"<script> [123 bytes]","args":[]}
RESULT: {"script":"<script> [123 bytes]","args":[]}
COMMAND: POST /session/a69c452d5537070365773ced34b84773/timeouts - {"script":"<number>"}
RESULT: {"script":"<number>"}
COMMAND: GET /session/a69c452d5537070365773ced34b84773/timeouts - {}
RESULT: {}
RESULT: undefined
COMMAND: POST /session/a69c452d5537070365773ced34b84773/execute/async - {"script":"<script> [2676 bytes]","args":[]}
RESULT: {"script":"<script> [2676 bytes]","args":[]}
COMMAND: POST /session/a69c452d5537070365773ced34b84773/execute/async - {"script":"<script> [2342 bytes]","args":[{"protocol":"http","hostname":"0.0.0.0","path":"/","capabilities":{"browserName":"chrome","goog:chromeOptions":{"binary":"C:\\Program Files\\Google\\Chrome\\Application\\chrome.exe","args":["--start-maximized"]}},"logLevel":"warn","connectionRetryTimeout":120000,"connectionRetryCount":3,"logLevels":{},"enableDirectConnect":true,"strictSSL":true,"_":"65 more keys: [\"cacheDir\",\"port\",\"requestedCapabilities\",\"automationProtocol\",\"baseUrl\",\"waitforInterval\",\"waitforTimeout\",\"onReload\",\"beforeCommand\",\"afterCommand\",\"rootDir\",\"specs\",\"suites\",\"exclude\",\"groupLogsByTestSpec\",\"excludeDriverLogs\",\"bail\",\"framework\",\"reporters\",\"services\",\"maxInstances\",\"maxInstancesPerCapability\",\"injectGlobals\",\"filesToWatch\",\"execArgv\",\"runnerEnv\",\"runner\",\"shard\",\"specFileRetries\",\"specFileRetriesDelay\",\"specFileRetriesDeferred\",\"reporterSyncInterval\",\"reporterSyncTimeout\",\"cucumberFeaturesWithLineNumbers\",\"autoCompileOpts\",\"mochaOpts\",\"jasmineOpts\",\"cucumberOpts\",\"onPrepare\",\"onWorkerStart\",\"onWorkerEnd\",\"before\",\"beforeSession\",\"beforeSuite\",\"beforeHook\",\"beforeTest\",\"afterTest\",\"afterHook\",\"afterSuite\",\"afterSession\",\"after\",\"onComplete\",\"beforeAssertion\",\"afterAssertion\",\"beforeFeature\",\"beforeScenario\",\"beforeStep\",\"afterStep\",\"afterScenario\",\"afterFeature\",\"_\",\"suite\",\"$0\",\"ignoredWorkerServices\",\"wdi5\"]"}]}
RESULT: {"script":"<script> [2342 bytes]","args":[{"protocol":"http","hostname":"0.0.0.0","path":"/","capabilities":{"browserName":"chrome","goog:chromeOptions":{"binary":"C:\\Program Files\\Google\\Chrome\\Application\\chrome.exe","args":["--start-maximized"]}},"logLevel":"warn","connectionRetryTimeout":120000,"connectionRetryCount":3,"logLevels":{},"enableDirectConnect":true,"strictSSL":true,"_":"65 more keys: [\"cacheDir\",\"port\",\"requestedCapabilities\",\"automationProtocol\",\"baseUrl\",\"waitforInterval\",\"waitforTimeout\",\"onReload\",\"beforeCommand\",\"afterCommand\",\"rootDir\",\"specs\",\"suites\",\"exclude\",\"groupLogsByTestSpec\",\"excludeDriverLogs\",\"bail\",\"framework\",\"reporters\",\"services\",\"maxInstances\",\"maxInstancesPerCapability\",\"injectGlobals\",\"filesToWatch\",\"execArgv\",\"runnerEnv\",\"runner\",\"shard\",\"specFileRetries\",\"specFileRetriesDelay\",\"specFileRetriesDeferred\",\"reporterSyncInterval\",\"reporterSyncTimeout\",\"cucumberFeaturesWithLineNumbers\",\"autoCompileOpts\",\"mochaOpts\",\"jasmineOpts\",\"cucumberOpts\",\"onPrepare\",\"onWorkerStart\",\"onWorkerEnd\",\"before\",\"beforeSession\",\"beforeSuite\",\"beforeHook\",\"beforeTest\",\"afterTest\",\"afterHook\",\"afterSuite\",\"afterSession\",\"after\",\"onComplete\",\"beforeAssertion\",\"afterAssertion\",\"beforeFeature\",\"beforeScenario\",\"beforeStep\",\"afterStep\",\"afterScenario\",\"afterFeature\",\"_\",\"suite\",\"$0\",\"ignoredWorkerServices\",\"wdi5\"]"}]}
COMMAND: POST /session/a69c452d5537070365773ced34b84773/execute/async - {"script":"<script> [21126 bytes]","args":[35000]}
RESULT: {"script":"<script> [21126 bytes]","args":[35000]}
COMMAND: POST /session/a69c452d5537070365773ced34b84773/execute/async - {"script":"<script> [1562 bytes]","args":[{"selector":{"controlType":"sap.m.GenericTile","properties":{"header":"Manage Sites"}},"wdio_ui5_key":"sapm.GenericTile{\"header\":\"Manage Sites\"}"}]}
RESULT: {"script":"<script> [1562 bytes]","args":[{"selector":{"controlType":"sap.m.GenericTile","properties":{"header":"Manage Sites"}},"wdio_ui5_key":"sapm.GenericTile{\"header\":\"Manage Sites\"}"}]}
RESULT: undefined
COMMAND: POST /session/a69c452d5537070365773ced34b84773/element - {"using":"xpath","value":"//*[@id=\"__tile40\"]"}
RESULT: {"using":"xpath","value":"//*[@id=\"__tile40\"]"}
COMMAND: POST /session/a69c452d5537070365773ced34b84773/element/f.A1EC521E3478ED742E3D5E167ABDE28C.d.153A24F9B06456F54D3D17F10B26F7B6.e.1185/click - {}
RESULT: {}
COMMAND: GET /session/a69c452d5537070365773ced34b84773/screenshot - {}
RESULT: {}
COMMAND: POST /session/a69c452d5537070365773ced34b84773/elements - {"using":"xpath","value":"//span[text()='Error']"}
RESULT: {"using":"xpath","value":"//span[text()='Error']"}
COMMAND: POST /session/a69c452d5537070365773ced34b84773/execute/async - {"script":"<script> [1562 bytes]","args":[{"selector":{"controlType":"sap.ui.core.Icon","viewName":"etm.portal.ui.managesites.view.Master","viewId":"application-managesites-display-component---masterSite","properties":{"src":{"regex":{"source":"add"}}}},"wdio_ui5_key":"etmportal.ui.managesites.view.Mastersap.ui.core.Icon{\"src\":{\"regex\":{\"source\":\"add\"}}}"}]}
RESULT: {"script":"<script> [1562 bytes]","args":[{"selector":{"controlType":"sap.ui.core.Icon","viewName":"etm.portal.ui.managesites.view.Master","viewId":"application-managesites-display-component---masterSite","properties":{"src":{"regex":{"source":"add"}}}},"wdio_ui5_key":"etmportal.ui.managesites.view.Mastersap.ui.core.Icon{\"src\":{\"regex\":{\"source\":\"add\"}}}"}]}
RESULT: undefined
COMMAND: POST /session/a69c452d5537070365773ced34b84773/element - {"using":"xpath","value":"//*[@id=\"__button4-img\"]"}
RESULT: {"using":"xpath","value":"//*[@id=\"__button4-img\"]"}
COMMAND: POST /session/a69c452d5537070365773ced34b84773/element/f.A1EC521E3478ED742E3D5E167ABDE28C.d.153A24F9B06456F54D3D17F10B26F7B6.e.1233/click - {}
RESULT: {}
COMMAND: POST /session/a69c452d5537070365773ced34b84773/execute/async - {"script":"<script> [1562 bytes]","args":[{"selector":{"id":"application-managesites-display-component---NewSite--siteId","interaction":{"idSuffix":"inner"}},"wdio_ui5_key":"applicationmanagesites-display-component---NewSite--siteId"}]}
COMMAND: GET /session/a69c452d5537070365773ced34b84773/screenshot - {}
RESULT: {"script":"<script> [1562 bytes]","args":[{"selector":{"id":"application-managesites-display-component---NewSite--siteId","interaction":{"idSuffix":"inner"}},"wdio_ui5_key":"applicationmanagesites-display-component---NewSite--siteId"}]}
RESULT: undefined
COMMAND: POST /session/a69c452d5537070365773ced34b84773/execute/async - {"script":"<script> [1562 bytes]","args":[{"selector":{"id":"application-managesites-display-component---NewSite--addressDetailDetailsName1","interaction":{"idSuffix":"inner"}},"wdio_ui5_key":"applicationmanagesites-display-component---NewSite--addressDetailDetailsName1"}]}
RESULT: {}
RESULT: {"script":"<script> [1562 bytes]","args":[{"selector":{"id":"application-managesites-display-component---NewSite--addressDetailDetailsName1","interaction":{"idSuffix":"inner"}},"wdio_ui5_key":"applicationmanagesites-display-component---NewSite--addressDetailDetailsName1"}]}
RESULT: undefined
COMMAND: POST /session/a69c452d5537070365773ced34b84773/execute/async - {"script":"<script> [776 bytes]","args":[{"enterText":"WebdriverSitem8rav","selector":{"id":"application-managesites-display-component---NewSite--addressDetailDetailsName1","interaction":{"idSuffix":"inner"}},"clearTextFirst":true,"interactionType":"ENTER_TEXT"}]}
RESULT: {"script":"<script> [776 bytes]","args":[{"enterText":"WebdriverSitem8rav","selector":{"id":"application-managesites-display-component---NewSite--addressDetailDetailsName1","interaction":{"idSuffix":"inner"}},"clearTextFirst":true,"interactionType":"ENTER_TEXT"}]}
COMMAND: POST /session/a69c452d5537070365773ced34b84773/execute/async - {"script":"<script> [1562 bytes]","args":[{"selector":{"id":"application-managesites-display-component---NewSite--addressDetailDetailsLanguage","interaction":{"idSuffix":"inner"}},"wdio_ui5_key":"applicationmanagesites-display-component---NewSite--addressDetailDetailsLanguage"}]}
RESULT: {"script":"<script> [1562 bytes]","args":[{"selector":{"id":"application-managesites-display-component---NewSite--addressDetailDetailsLanguage","interaction":{"idSuffix":"inner"}},"wdio_ui5_key":"applicationmanagesites-display-component---NewSite--addressDetailDetailsLanguage"}]}
RESULT: undefined
COMMAND: POST /session/a69c452d5537070365773ced34b84773/execute/async - {"script":"<script> [776 bytes]","args":[{"enterText":"Romanian","selector":{"id":"application-managesites-display-component---NewSite--addressDetailDetailsLanguage","interaction":{"idSuffix":"inner"}},"clearTextFirst":true,"interactionType":"ENTER_TEXT"}]}
RESULT: {"script":"<script> [776 bytes]","args":[{"enterText":"Romanian","selector":{"id":"application-managesites-display-component---NewSite--addressDetailDetailsLanguage","interaction":{"idSuffix":"inner"}},"clearTextFirst":true,"interactionType":"ENTER_TEXT"}]}
COMMAND: POST /session/a69c452d5537070365773ced34b84773/execute/async - {"script":"<script> [1562 bytes]","args":[{"selector":{"id":"application-managesites-display-component---NewSite--addressDetailDetailsCity1","interaction":{"idSuffix":"inner"}},"wdio_ui5_key":"applicationmanagesites-display-component---NewSite--addressDetailDetailsCity1"}]}
RESULT: {"script":"<script> [1562 bytes]","args":[{"selector":{"id":"application-managesites-display-component---NewSite--addressDetailDetailsCity1","interaction":{"idSuffix":"inner"}},"wdio_ui5_key":"applicationmanagesites-display-component---NewSite--addressDetailDetailsCity1"}]}
RESULT: undefined
COMMAND: POST /session/a69c452d5537070365773ced34b84773/execute/async - {"script":"<script> [776 bytes]","args":[{"enterText":"Bucharest","selector":{"id":"application-managesites-display-component---NewSite--addressDetailDetailsCity1","interaction":{"idSuffix":"inner"}},"clearTextFirst":true,"interactionType":"ENTER_TEXT"}]}
RESULT: {"script":"<script> [776 bytes]","args":[{"enterText":"Bucharest","selector":{"id":"application-managesites-display-component---NewSite--addressDetailDetailsCity1","interaction":{"idSuffix":"inner"}},"clearTextFirst":true,"interactionType":"ENTER_TEXT"}]}
COMMAND: POST /session/a69c452d5537070365773ced34b84773/execute/async - {"script":"<script> [1562 bytes]","args":[{"selector":{"id":"application-managesites-display-component---NewSite--addressDetailDetailsCountry","interaction":{"idSuffix":"inner"}},"wdio_ui5_key":"applicationmanagesites-display-component---NewSite--addressDetailDetailsCountry"}]}
RESULT: {"script":"<script> [1562 bytes]","args":[{"selector":{"id":"application-managesites-display-component---NewSite--addressDetailDetailsCountry","interaction":{"idSuffix":"inner"}},"wdio_ui5_key":"applicationmanagesites-display-component---NewSite--addressDetailDetailsCountry"}]}
RESULT: undefined
COMMAND: POST /session/a69c452d5537070365773ced34b84773/execute/async - {"script":"<script> [776 bytes]","args":[{"enterText":"Romania","selector":{"id":"application-managesites-display-component---NewSite--addressDetailDetailsCountry","interaction":{"idSuffix":"inner"}},"clearTextFirst":true,"interactionType":"ENTER_TEXT"}]}
RESULT: {"script":"<script> [776 bytes]","args":[{"enterText":"Romania","selector":{"id":"application-managesites-display-component---NewSite--addressDetailDetailsCountry","interaction":{"idSuffix":"inner"}},"clearTextFirst":true,"interactionType":"ENTER_TEXT"}]}
COMMAND: POST /session/a69c452d5537070365773ced34b84773/element - {"using":"css selector","value":"#application-managesites-display-component---NewSite--addressDetailDetailsCalendar-inner"}
RESULT: {"using":"css selector","value":"#application-managesites-display-component---NewSite--addressDetailDetailsCalendar-inner"}
COMMAND: POST /session/a69c452d5537070365773ced34b84773/element/f.A1EC521E3478ED742E3D5E167ABDE28C.d.153A24F9B06456F54D3D17F10B26F7B6.e.1424/clear - {}
RESULT: {}
COMMAND: POST /session/a69c452d5537070365773ced34b84773/element/f.A1EC521E3478ED742E3D5E167ABDE28C.d.153A24F9B06456F54D3D17F10B26F7B6.e.1424/value - {"text":"Germany"}
COMMAND: GET /session/a69c452d5537070365773ced34b84773/screenshot - {}
RESULT: {"text":"Germany"}
COMMAND: POST /session/a69c452d5537070365773ced34b84773/execute/async - {"script":"<script> [1562 bytes]","args":[{"selector":{"id":"application-managesites-display-component---NewSite--addressEditDetailsCostObjectCstType-arrow"},"wdio_ui5_key":"applicationmanagesites-display-component---NewSite--addressEditDetailsCostObjectCstType-arrow"}]}
COMMAND: GET /session/a69c452d5537070365773ced34b84773/screenshot - {}
RESULT: {}
RESULT: {"script":"<script> [1562 bytes]","args":[{"selector":{"id":"application-managesites-display-component---NewSite--addressEditDetailsCostObjectCstType-arrow"},"wdio_ui5_key":"applicationmanagesites-display-component---NewSite--addressEditDetailsCostObjectCstType-arrow"}]}
RESULT: undefined
COMMAND: POST /session/a69c452d5537070365773ced34b84773/element - {"using":"xpath","value":"//*[@id=\"application-managesites-display-component---NewSite--addressEditDetailsCostObjectCstType-arrow\"]"}
RESULT: {}
RESULT: {"using":"xpath","value":"//*[@id=\"application-managesites-display-component---NewSite--addressEditDetailsCostObjectCstType-arrow\"]"}
COMMAND: POST /session/a69c452d5537070365773ced34b84773/element/f.A1EC521E3478ED742E3D5E167ABDE28C.d.153A24F9B06456F54D3D17F10B26F7B6.e.1617/click - {}
RESULT: {}
COMMAND: POST /session/a69c452d5537070365773ced34b84773/element - {"using":"xpath","value":"//span[contains(text(), \"Work Breakdown Structure\")]"}
COMMAND: GET /session/a69c452d5537070365773ced34b84773/screenshot - {}
RESULT: {"using":"xpath","value":"//span[contains(text(), \"Work Breakdown Structure\")]"}
COMMAND: POST /session/a69c452d5537070365773ced34b84773/element/f.A1EC521E3478ED742E3D5E167ABDE28C.d.153A24F9B06456F54D3D17F10B26F7B6.e.1618/click - {}
RESULT: {}
RESULT: {}
COMMAND: GET /session/a69c452d5537070365773ced34b84773/screenshot - {}
RESULT: {}
COMMAND: POST /session/a69c452d5537070365773ced34b84773/execute/async - {"script":"<script> [1562 bytes]","args":[{"selector":{"id":"application-managesites-display-component---NewSite--addressNewCostObjectCstID-vhi"},"wdio_ui5_key":"applicationmanagesites-display-component---NewSite--addressNewCostObjectCstID-vhi"}]}
RESULT: {"script":"<script> [1562 bytes]","args":[{"selector":{"id":"application-managesites-display-component---NewSite--addressNewCostObjectCstID-vhi"},"wdio_ui5_key":"applicationmanagesites-display-component---NewSite--addressNewCostObjectCstID-vhi"}]}
RESULT: undefined
COMMAND: POST /session/a69c452d5537070365773ced34b84773/element - {"using":"xpath","value":"//*[@id=\"application-managesites-display-component---NewSite--addressNewCostObjectCstID-vhi\"]"}
RESULT: {"using":"xpath","value":"//*[@id=\"application-managesites-display-component---NewSite--addressNewCostObjectCstID-vhi\"]"}
COMMAND: POST /session/a69c452d5537070365773ced34b84773/element/f.A1EC521E3478ED742E3D5E167ABDE28C.d.153A24F9B06456F54D3D17F10B26F7B6.e.1623/click - {}
RESULT: {}
COMMAND: GET /session/a69c452d5537070365773ced34b84773/screenshot - {}
RESULT: {}
COMMAND: POST /session/a69c452d5537070365773ced34b84773/execute/async - {"script":"<script> [1562 bytes]","args":[{"selector":{"controlType":"sap.m.SearchField","properties":{"placeholder":"Search"},"searchOpenDialogs":true,"interaction":{"idSuffix":"I"}},"wdio_ui5_key":"sapm.SearchField{\"placeholder\":\"Search\"}"}]}
RESULT: {"script":"<script> [1562 bytes]","args":[{"selector":{"controlType":"sap.m.SearchField","properties":{"placeholder":"Search"},"searchOpenDialogs":true,"interaction":{"idSuffix":"I"}},"wdio_ui5_key":"sapm.SearchField{\"placeholder\":\"Search\"}"}]}
RESULT: undefined
COMMAND: POST /session/a69c452d5537070365773ced34b84773/execute/async - {"script":"<script> [776 bytes]","args":[{"enterText":"A1-000100-01","selector":{"controlType":"sap.m.SearchField","properties":{"placeholder":"Search"},"searchOpenDialogs":true,"interaction":{"idSuffix":"I"}},"clearTextFirst":true,"interactionType":"ENTER_TEXT"}]}
RESULT: {"script":"<script> [776 bytes]","args":[{"enterText":"A1-000100-01","selector":{"controlType":"sap.m.SearchField","properties":{"placeholder":"Search"},"searchOpenDialogs":true,"interaction":{"idSuffix":"I"}},"clearTextFirst":true,"interactionType":"ENTER_TEXT"}]}
COMMAND: POST /session/a69c452d5537070365773ced34b84773/actions - {"actions":[{"id":"action3","type":"key","parameters":{},"actions":[{"type":"keyDown","value":"î€‡"},{"type":"pause","duration":10},{"type":"keyUp","value":"î€‡"}]}]}
RESULT: {"actions":[{"id":"action3","type":"key","parameters":{},"actions":[{"type":"keyDown","value":"î€‡"},{"type":"pause","duration":10},{"type":"keyUp","value":"î€‡"}]}]}
COMMAND: GET /session/a69c452d5537070365773ced34b84773/screenshot - {}
RESULT: {}
COMMAND: POST /session/a69c452d5537070365773ced34b84773/element - {"using":"xpath","value":"//span[contains(text(), \"Template for ETO-Process\")]"}
RESULT: {"using":"xpath","value":"//span[contains(text(), \"Template for ETO-Process\")]"}
COMMAND: POST /session/a69c452d5537070365773ced34b84773/element/f.A1EC521E3478ED742E3D5E167ABDE28C.d.153A24F9B06456F54D3D17F10B26F7B6.e.1644/click - {}
RESULT: {}
COMMAND: GET /session/a69c452d5537070365773ced34b84773/screenshot - {}
RESULT: {}
COMMAND: POST /session/a69c452d5537070365773ced34b84773/element - {"using":"xpath","value":"//bdi[contains(text(), \"OK\")]"}
RESULT: {"using":"xpath","value":"//bdi[contains(text(), \"OK\")]"}
COMMAND: POST /session/a69c452d5537070365773ced34b84773/element/f.A1EC521E3478ED742E3D5E167ABDE28C.d.153A24F9B06456F54D3D17F10B26F7B6.e.1645/click - {}
RESULT: {}
COMMAND: GET /session/a69c452d5537070365773ced34b84773/screenshot - {}
RESULT: {}
COMMAND: POST /session/a69c452d5537070365773ced34b84773/element - {"using":"xpath","value":"//input[@id=\"application-managesites-display-component---NewSite--addressDetailDetailsYard-inner\"]"}
RESULT: {"using":"xpath","value":"//input[@id=\"application-managesites-display-component---NewSite--addressDetailDetailsYard-inner\"]"}
COMMAND: POST /session/a69c452d5537070365773ced34b84773/element/f.A1EC521E3478ED742E3D5E167ABDE28C.d.153A24F9B06456F54D3D17F10B26F7B6.e.1425/value - {"text":"WebdriverYard9nlkj"}
RESULT: {"text":"WebdriverYard9nlkj"}
COMMAND: GET /session/a69c452d5537070365773ced34b84773/screenshot - {}
RESULT: {}
COMMAND: POST /session/a69c452d5537070365773ced34b84773/actions - {"actions":[{"id":"action4","type":"key","parameters":{},"actions":[{"type":"keyDown","value":"î€‡"},{"type":"pause","duration":10},{"type":"keyUp","value":"î€‡"}]}]}
RESULT: {"actions":[{"id":"action4","type":"key","parameters":{},"actions":[{"type":"keyDown","value":"î€‡"},{"type":"pause","duration":10},{"type":"keyUp","value":"î€‡"}]}]}
COMMAND: GET /session/a69c452d5537070365773ced34b84773/screenshot - {}
RESULT: {}
COMMAND: POST /session/a69c452d5537070365773ced34b84773/element - {"using":"xpath","value":"//input[@id=\"application-managesites-display-component---NewSite--addressDetailDetailsPartner-inner\"]"}
RESULT: {"using":"xpath","value":"//input[@id=\"application-managesites-display-component---NewSite--addressDetailDetailsPartner-inner\"]"}
COMMAND: POST /session/a69c452d5537070365773ced34b84773/elements - {"using":"xpath","value":"//input[@id=\"application-managesites-display-component---NewSite--addressDetailDetailsPartner-inner\"]"}
RESULT: {"using":"xpath","value":"//input[@id=\"application-managesites-display-component---NewSite--addressDetailDetailsPartner-inner\"]"}
COMMAND: POST /session/a69c452d5537070365773ced34b84773/execute/async - {"script":"<script> [1562 bytes]","args":[{"selector":{"controlType":"sap.m.Button","viewName":"etm.portal.ui.managesites.view.NewSmartSite","viewId":"application-managesites-display-component---NewSite","properties":{"text":"Commercial"},"interaction":{"idSuffix":"BDI-content"}},"wdio_ui5_key":"etmportal.ui.managesites.view.NewSmartSitesap.m.Button{\"text\":\"Commercial\"}"}]}
RESULT: {"script":"<script> [1562 bytes]","args":[{"selector":{"controlType":"sap.m.Button","viewName":"etm.portal.ui.managesites.view.NewSmartSite","viewId":"application-managesites-display-component---NewSite","properties":{"text":"Commercial"},"interaction":{"idSuffix":"BDI-content"}},"wdio_ui5_key":"etmportal.ui.managesites.view.NewSmartSitesap.m.Button{\"text\":\"Commercial\"}"}]}
RESULT: undefined
COMMAND: POST /session/a69c452d5537070365773ced34b84773/element - {"using":"xpath","value":"//*[@id=\"application-managesites-display-component---NewSite--ObjectPageLayout-anchBar-__section5-anchor\"]"}
RESULT: {"using":"xpath","value":"//*[@id=\"application-managesites-display-component---NewSite--ObjectPageLayout-anchBar-__section5-anchor\"]"}
COMMAND: POST /session/a69c452d5537070365773ced34b84773/element/f.A1EC521E3478ED742E3D5E167ABDE28C.d.153A24F9B06456F54D3D17F10B26F7B6.e.1652/click - {}
RESULT: {}
COMMAND: POST /session/a69c452d5537070365773ced34b84773/execute/async - {"script":"<script> [1562 bytes]","args":[{"selector":{"controlType":"sap.m.Button","viewName":"etm.portal.ui.managesites.view.NewSmartSite","viewId":"application-managesites-display-component---NewSite","i18NText":{"propertyName":"text","key":"save"},"interaction":{"idSuffix":"BDI-content"}},"wdio_ui5_key":"etmportal.ui.managesites.view.NewSmartSitesap.m.Button{\"propertyName\":\"text\",\"key\":\"save\"}"}]}
COMMAND: GET /session/a69c452d5537070365773ced34b84773/screenshot - {}
RESULT: {"script":"<script> [1562 bytes]","args":[{"selector":{"controlType":"sap.m.Button","viewName":"etm.portal.ui.managesites.view.NewSmartSite","viewId":"application-managesites-display-component---NewSite","i18NText":{"propertyName":"text","key":"save"},"interaction":{"idSuffix":"BDI-content"}},"wdio_ui5_key":"etmportal.ui.managesites.view.NewSmartSitesap.m.Button{\"propertyName\":\"text\",\"key\":\"save\"}"}]}
RESULT: undefined
COMMAND: POST /session/a69c452d5537070365773ced34b84773/element - {"using":"xpath","value":"//*[@id=\"__button16\"]"}
RESULT: {}
RESULT: {"using":"xpath","value":"//*[@id=\"__button16\"]"}
COMMAND: POST /session/a69c452d5537070365773ced34b84773/element/f.A1EC521E3478ED742E3D5E167ABDE28C.d.153A24F9B06456F54D3D17F10B26F7B6.e.1554/click - {}
RESULT: {}
COMMAND: GET /session/a69c452d5537070365773ced34b84773/screenshot - {}
RESULT: {}
COMMAND: POST /session/a69c452d5537070365773ced34b84773/execute/async - {"script":"<script> [1562 bytes]","args":[{"selector":{"id":"application-managesites-display-component---detailSite--addressDetailDetailsYardText"},"wdio_ui5_key":"applicationmanagesites-display-component---detailSite--addressDetailDetailsYardText"}]}
RESULT: {"script":"<script> [1562 bytes]","args":[{"selector":{"id":"application-managesites-display-component---detailSite--addressDetailDetailsYardText"},"wdio_ui5_key":"applicationmanagesites-display-component---detailSite--addressDetailDetailsYardText"}]}
RESULT: undefined
COMMAND: POST /session/a69c452d5537070365773ced34b84773/element - {"using":"xpath","value":"//header/div/div[2]/div[2]/span"}
RESULT: {"using":"xpath","value":"//header/div/div[2]/div[2]/span"}
COMMAND: GET /session/a69c452d5537070365773ced34b84773/element/f.A1EC521E3478ED742E3D5E167ABDE28C.d.153A24F9B06456F54D3D17F10B26F7B6.e.1874/text - {}
RESULT: {}
COMMAND: POST /session/a69c452d5537070365773ced34b84773/element - {"using":"xpath","value":"//header/div/div/div/div/div/div[2]/div/span"}
RESULT: {"using":"xpath","value":"//header/div/div/div/div/div/div[2]/div/span"}
COMMAND: GET /session/a69c452d5537070365773ced34b84773/element/f.A1EC521E3478ED742E3D5E167ABDE28C.d.153A24F9B06456F54D3D17F10B26F7B6.e.1875/text - {}
RESULT: {}
COMMAND: POST /session/a69c452d5537070365773ced34b84773/element - {"using":"css selector","value":"#shell-header-logo"}
RESULT: {"using":"css selector","value":"#shell-header-logo"}
COMMAND: POST /session/a69c452d5537070365773ced34b84773/element/f.A1EC521E3478ED742E3D5E167ABDE28C.d.153A24F9B06456F54D3D17F10B26F7B6.e.1187/click - {}
RESULT: {}
COMMAND: GET /session/a69c452d5537070365773ced34b84773/screenshot - {}
RESULT: {}
COMMAND: POST /session/a69c452d5537070365773ced34b84773/execute/async - {"script":"<script> [1562 bytes]","args":[{"selector":{"controlType":"sap.m.GenericTile","properties":{"header":"Manage Partners"}},"wdio_ui5_key":"sapm.GenericTile{\"header\":\"Manage Partners\"}"}]}
RESULT: {"script":"<script> [1562 bytes]","args":[{"selector":{"controlType":"sap.m.GenericTile","properties":{"header":"Manage Partners"}},"wdio_ui5_key":"sapm.GenericTile{\"header\":\"Manage Partners\"}"}]}
RESULT: undefined
COMMAND: POST /session/a69c452d5537070365773ced34b84773/element - {"using":"xpath","value":"//*[@id=\"__tile38\"]"}
RESULT: {"using":"xpath","value":"//*[@id=\"__tile38\"]"}
COMMAND: POST /session/a69c452d5537070365773ced34b84773/element/f.A1EC521E3478ED742E3D5E167ABDE28C.d.153A24F9B06456F54D3D17F10B26F7B6.e.1877/click - {}
RESULT: {}
COMMAND: GET /session/a69c452d5537070365773ced34b84773/screenshot - {}
RESULT: {}
COMMAND: POST /session/a69c452d5537070365773ced34b84773/elements - {"using":"xpath","value":"//span[text()='Error']"}
RESULT: {"using":"xpath","value":"//span[text()='Error']"}
COMMAND: POST /session/a69c452d5537070365773ced34b84773/execute/async - {"script":"<script> [1562 bytes]","args":[{"selector":{"controlType":"sap.ui.core.Icon","viewName":"etm.portal.ui.managepartners.view.Master","viewId":"application-managepartners-display-component---masterPtm","properties":{"src":{"regex":{"source":"add"}}}},"wdio_ui5_key":"etmportal.ui.managepartners.view.Mastersap.ui.core.Icon{\"src\":{\"regex\":{\"source\":\"add\"}}}"}]}
RESULT: {"script":"<script> [1562 bytes]","args":[{"selector":{"controlType":"sap.ui.core.Icon","viewName":"etm.portal.ui.managepartners.view.Master","viewId":"application-managepartners-display-component---masterPtm","properties":{"src":{"regex":{"source":"add"}}}},"wdio_ui5_key":"etmportal.ui.managepartners.view.Mastersap.ui.core.Icon{\"src\":{\"regex\":{\"source\":\"add\"}}}"}]}
RESULT: undefined
COMMAND: POST /session/a69c452d5537070365773ced34b84773/element - {"using":"xpath","value":"//*[@id=\"__button56-img\"]"}
RESULT: {"using":"xpath","value":"//*[@id=\"__button56-img\"]"}
COMMAND: POST /session/a69c452d5537070365773ced34b84773/element/f.A1EC521E3478ED742E3D5E167ABDE28C.d.153A24F9B06456F54D3D17F10B26F7B6.e.1926/click - {}
RESULT: {}
COMMAND: GET /session/a69c452d5537070365773ced34b84773/screenshot - {}
RESULT: {}
COMMAND: POST /session/a69c452d5537070365773ced34b84773/execute/async - {"script":"<script> [1562 bytes]","args":[{"selector":{"id":"application-managepartners-display-component---NewPartner--partnerId","interaction":{"idSuffix":"inner"}},"wdio_ui5_key":"applicationmanagepartners-display-component---NewPartner--partnerId"}]}
RESULT: {"script":"<script> [1562 bytes]","args":[{"selector":{"id":"application-managepartners-display-component---NewPartner--partnerId","interaction":{"idSuffix":"inner"}},"wdio_ui5_key":"applicationmanagepartners-display-component---NewPartner--partnerId"}]}
RESULT: undefined
COMMAND: POST /session/a69c452d5537070365773ced34b84773/execute/async - {"script":"<script> [1562 bytes]","args":[{"selector":{"id":"application-managepartners-display-component---NewPartner--addressDetailDetailsName1","interaction":{"idSuffix":"inner"}},"wdio_ui5_key":"applicationmanagepartners-display-component---NewPartner--addressDetailDetailsName1"}]}
RESULT: {"script":"<script> [1562 bytes]","args":[{"selector":{"id":"application-managepartners-display-component---NewPartner--addressDetailDetailsName1","interaction":{"idSuffix":"inner"}},"wdio_ui5_key":"applicationmanagepartners-display-component---NewPartner--addressDetailDetailsName1"}]}
RESULT: undefined
COMMAND: POST /session/a69c452d5537070365773ced34b84773/execute/async - {"script":"<script> [776 bytes]","args":[{"enterText":"WebdriverPartnerrkxdn","selector":{"id":"application-managepartners-display-component---NewPartner--addressDetailDetailsName1","interaction":{"idSuffix":"inner"}},"clearTextFirst":true,"interactionType":"ENTER_TEXT"}]}
RESULT: {"script":"<script> [776 bytes]","args":[{"enterText":"WebdriverPartnerrkxdn","selector":{"id":"application-managepartners-display-component---NewPartner--addressDetailDetailsName1","interaction":{"idSuffix":"inner"}},"clearTextFirst":true,"interactionType":"ENTER_TEXT"}]}
COMMAND: POST /session/a69c452d5537070365773ced34b84773/execute/async - {"script":"<script> [1562 bytes]","args":[{"selector":{"id":"application-managepartners-display-component---NewPartner--addressDetailDetailsLanguage","interaction":{"idSuffix":"inner"}},"wdio_ui5_key":"applicationmanagepartners-display-component---NewPartner--addressDetailDetailsLanguage"}]}
RESULT: {"script":"<script> [1562 bytes]","args":[{"selector":{"id":"application-managepartners-display-component---NewPartner--addressDetailDetailsLanguage","interaction":{"idSuffix":"inner"}},"wdio_ui5_key":"applicationmanagepartners-display-component---NewPartner--addressDetailDetailsLanguage"}]}
RESULT: undefined
COMMAND: POST /session/a69c452d5537070365773ced34b84773/execute/async - {"script":"<script> [776 bytes]","args":[{"enterText":"Romanian","selector":{"id":"application-managepartners-display-component---NewPartner--addressDetailDetailsLanguage","interaction":{"idSuffix":"inner"}},"clearTextFirst":true,"interactionType":"ENTER_TEXT"}]}
RESULT: {"script":"<script> [776 bytes]","args":[{"enterText":"Romanian","selector":{"id":"application-managepartners-display-component---NewPartner--addressDetailDetailsLanguage","interaction":{"idSuffix":"inner"}},"clearTextFirst":true,"interactionType":"ENTER_TEXT"}]}
COMMAND: POST /session/a69c452d5537070365773ced34b84773/element - {"using":"xpath","value":"//input[contains(@id ,\"application-managepartners-display-component---NewPartner--addressDetailDetailsName1-inner\")]"}
RESULT: {"using":"xpath","value":"//input[contains(@id ,\"application-managepartners-display-component---NewPartner--addressDetailDetailsName1-inner\")]"}
COMMAND: GET /session/a69c452d5537070365773ced34b84773/element/f.A1EC521E3478ED742E3D5E167ABDE28C.d.153A24F9B06456F54D3D17F10B26F7B6.e.2109/property/value - {}
RESULT: {}
COMMAND: POST /session/a69c452d5537070365773ced34b84773/execute/async - {"script":"<script> [1562 bytes]","args":[{"selector":{"id":"application-managepartners-display-component---NewPartner--addressDetailDetailsCity1","interaction":{"idSuffix":"inner"}},"wdio_ui5_key":"applicationmanagepartners-display-component---NewPartner--addressDetailDetailsCity1"}]}
COMMAND: GET /session/a69c452d5537070365773ced34b84773/screenshot - {}
RESULT: {"script":"<script> [1562 bytes]","args":[{"selector":{"id":"application-managepartners-display-component---NewPartner--addressDetailDetailsCity1","interaction":{"idSuffix":"inner"}},"wdio_ui5_key":"applicationmanagepartners-display-component---NewPartner--addressDetailDetailsCity1"}]}
RESULT: undefined
COMMAND: POST /session/a69c452d5537070365773ced34b84773/execute/async - {"script":"<script> [776 bytes]","args":[{"enterText":"Bucharest","selector":{"id":"application-managepartners-display-component---NewPartner--addressDetailDetailsCity1","interaction":{"idSuffix":"inner"}},"clearTextFirst":true,"interactionType":"ENTER_TEXT"}]}
RESULT: {}
RESULT: {"script":"<script> [776 bytes]","args":[{"enterText":"Bucharest","selector":{"id":"application-managepartners-display-component---NewPartner--addressDetailDetailsCity1","interaction":{"idSuffix":"inner"}},"clearTextFirst":true,"interactionType":"ENTER_TEXT"}]}
COMMAND: POST /session/a69c452d5537070365773ced34b84773/execute/async - {"script":"<script> [1562 bytes]","args":[{"selector":{"id":"application-managepartners-display-component---NewPartner--addressDetailDetailsCountry","interaction":{"idSuffix":"inner"}},"wdio_ui5_key":"applicationmanagepartners-display-component---NewPartner--addressDetailDetailsCountry"}]}
RESULT: {"script":"<script> [1562 bytes]","args":[{"selector":{"id":"application-managepartners-display-component---NewPartner--addressDetailDetailsCountry","interaction":{"idSuffix":"inner"}},"wdio_ui5_key":"applicationmanagepartners-display-component---NewPartner--addressDetailDetailsCountry"}]}
RESULT: undefined
COMMAND: POST /session/a69c452d5537070365773ced34b84773/execute/async - {"script":"<script> [6424 bytes]","args":[{"element-6066-11e4-a52e-4f735466cecf":"f.A1EC521E3478ED742E3D5E167ABDE28C.d.153A24F9B06456F54D3D17F10B26F7B6.e.2116"},"setValue",["Romania"]]}
RESULT: {"script":"<script> [6424 bytes]","args":[{"element-6066-11e4-a52e-4f735466cecf":"f.A1EC521E3478ED742E3D5E167ABDE28C.d.153A24F9B06456F54D3D17F10B26F7B6.e.2116"},"setValue",["Romania"]]}
COMMAND: POST /session/a69c452d5537070365773ced34b84773/execute/async - {"script":"<script> [1562 bytes]","args":[{"selector":{"id":"application-managepartners-display-component---NewPartner--partnerDetailInternal","interaction":{"idSuffix":"inner"}},"wdio_ui5_key":"applicationmanagepartners-display-component---NewPartner--partnerDetailInternal"}]}
RESULT: {"script":"<script> [1562 bytes]","args":[{"selector":{"id":"application-managepartners-display-component---NewPartner--partnerDetailInternal","interaction":{"idSuffix":"inner"}},"wdio_ui5_key":"applicationmanagepartners-display-component---NewPartner--partnerDetailInternal"}]}
RESULT: undefined
COMMAND: POST /session/a69c452d5537070365773ced34b84773/execute/async - {"script":"<script> [776 bytes]","args":[{"enterText":"External partner","selector":{"id":"application-managepartners-display-component---NewPartner--partnerDetailInternal","interaction":{"idSuffix":"inner"}},"clearTextFirst":true,"interactionType":"ENTER_TEXT"}]}
RESULT: {"script":"<script> [776 bytes]","args":[{"enterText":"External partner","selector":{"id":"application-managepartners-display-component---NewPartner--partnerDetailInternal","interaction":{"idSuffix":"inner"}},"clearTextFirst":true,"interactionType":"ENTER_TEXT"}]}
COMMAND: POST /session/a69c452d5537070365773ced34b84773/execute/async - {"script":"<script> [1562 bytes]","args":[{"selector":{"id":"application-managepartners-display-component---NewPartner--partnerDetailsCurrency","interaction":{"idSuffix":"inner"}},"wdio_ui5_key":"applicationmanagepartners-display-component---NewPartner--partnerDetailsCurrency"}]}
RESULT: {"script":"<script> [1562 bytes]","args":[{"selector":{"id":"application-managepartners-display-component---NewPartner--partnerDetailsCurrency","interaction":{"idSuffix":"inner"}},"wdio_ui5_key":"applicationmanagepartners-display-component---NewPartner--partnerDetailsCurrency"}]}
RESULT: undefined
COMMAND: POST /session/a69c452d5537070365773ced34b84773/execute/async - {"script":"<script> [776 bytes]","args":[{"enterText":"Euro","selector":{"id":"application-managepartners-display-component---NewPartner--partnerDetailsCurrency","interaction":{"idSuffix":"inner"}},"clearTextFirst":true,"interactionType":"ENTER_TEXT"}]}
RESULT: {"script":"<script> [776 bytes]","args":[{"enterText":"Euro","selector":{"id":"application-managepartners-display-component---NewPartner--partnerDetailsCurrency","interaction":{"idSuffix":"inner"}},"clearTextFirst":true,"interactionType":"ENTER_TEXT"}]}
COMMAND: POST /session/a69c452d5537070365773ced34b84773/execute/async - {"script":"<script> [1562 bytes]","args":[{"selector":{"controlType":"sap.m.Button","viewName":"etm.portal.ui.managepartners.view.NewPartner","viewId":"application-managepartners-display-component---NewPartner","properties":{"text":"Commercial"},"interaction":{"idSuffix":"BDI-content"}},"wdio_ui5_key":"etmportal.ui.managepartners.view.NewPartnersap.m.Button{\"text\":\"Commercial\"}"}]}
RESULT: {"script":"<script> [1562 bytes]","args":[{"selector":{"controlType":"sap.m.Button","viewName":"etm.portal.ui.managepartners.view.NewPartner","viewId":"application-managepartners-display-component---NewPartner","properties":{"text":"Commercial"},"interaction":{"idSuffix":"BDI-content"}},"wdio_ui5_key":"etmportal.ui.managepartners.view.NewPartnersap.m.Button{\"text\":\"Commercial\"}"}]}
RESULT: undefined
COMMAND: POST /session/a69c452d5537070365773ced34b84773/element - {"using":"xpath","value":"//*[@id=\"application-managepartners-display-component---NewPartner--ObjectPageLayout-anchBar-__section27-anchor\"]"}
RESULT: {"using":"xpath","value":"//*[@id=\"application-managepartners-display-component---NewPartner--ObjectPageLayout-anchBar-__section27-anchor\"]"}
COMMAND: POST /session/a69c452d5537070365773ced34b84773/element/f.A1EC521E3478ED742E3D5E167ABDE28C.d.153A24F9B06456F54D3D17F10B26F7B6.e.2345/click - {}
RESULT: {}
COMMAND: GET /session/a69c452d5537070365773ced34b84773/screenshot - {}
RESULT: {}
COMMAND: POST /session/a69c452d5537070365773ced34b84773/execute/async - {"script":"<script> [1562 bytes]","args":[{"selector":{"id":"application-managepartners-display-component---NewPartner--btnAddTableRow-img"},"wdio_ui5_key":"applicationmanagepartners-display-component---NewPartner--btnAddTableRow-img"}]}
RESULT: {"script":"<script> [1562 bytes]","args":[{"selector":{"id":"application-managepartners-display-component---NewPartner--btnAddTableRow-img"},"wdio_ui5_key":"applicationmanagepartners-display-component---NewPartner--btnAddTableRow-img"}]}
RESULT: undefined
COMMAND: POST /session/a69c452d5537070365773ced34b84773/element - {"using":"xpath","value":"//*[@id=\"application-managepartners-display-component---NewPartner--btnAddTableRow-img\"]"}
RESULT: {"using":"xpath","value":"//*[@id=\"application-managepartners-display-component---NewPartner--btnAddTableRow-img\"]"}
COMMAND: POST /session/a69c452d5537070365773ced34b84773/element/f.A1EC521E3478ED742E3D5E167ABDE28C.d.153A24F9B06456F54D3D17F10B26F7B6.e.2351/click - {}
RESULT: {}
COMMAND: POST /session/a69c452d5537070365773ced34b84773/element - {"using":"xpath","value":"//input[contains(@id ,\"application-managepartners-display-component---NewPartner--assignmentYard-application-managepartners-display-component---NewPartner\")]"}
COMMAND: GET /session/a69c452d5537070365773ced34b84773/screenshot - {}
RESULT: {"using":"xpath","value":"//input[contains(@id ,\"application-managepartners-display-component---NewPartner--assignmentYard-application-managepartners-display-component---NewPartner\")]"}
COMMAND: POST /session/a69c452d5537070365773ced34b84773/element/f.A1EC521E3478ED742E3D5E167ABDE28C.d.153A24F9B06456F54D3D17F10B26F7B6.e.2354/clear - {}
RESULT: {}
RESULT: {}
COMMAND: POST /session/a69c452d5537070365773ced34b84773/element/f.A1EC521E3478ED742E3D5E167ABDE28C.d.153A24F9B06456F54D3D17F10B26F7B6.e.2354/value - {"text":"WebdriverYard9nlkj"}
COMMAND: GET /session/a69c452d5537070365773ced34b84773/screenshot - {}
RESULT: {"text":"WebdriverYard9nlkj"}
COMMAND: GET /session/a69c452d5537070365773ced34b84773/screenshot - {}
RESULT: {}
RESULT: {}
COMMAND: POST /session/a69c452d5537070365773ced34b84773/execute/async - {"script":"<script> [1562 bytes]","args":[{"selector":{"controlType":"sap.m.Button","viewName":"etm.portal.ui.managepartners.view.NewPartner","viewId":"application-managepartners-display-component---NewPartner","i18NText":{"propertyName":"text","key":"save"},"interaction":{"idSuffix":"BDI-content"}},"wdio_ui5_key":"etmportal.ui.managepartners.view.NewPartnersap.m.Button{\"propertyName\":\"text\",\"key\":\"save\"}"}]}
RESULT: {"script":"<script> [1562 bytes]","args":[{"selector":{"controlType":"sap.m.Button","viewName":"etm.portal.ui.managepartners.view.NewPartner","viewId":"application-managepartners-display-component---NewPartner","i18NText":{"propertyName":"text","key":"save"},"interaction":{"idSuffix":"BDI-content"}},"wdio_ui5_key":"etmportal.ui.managepartners.view.NewPartnersap.m.Button{\"propertyName\":\"text\",\"key\":\"save\"}"}]}
RESULT: undefined
COMMAND: POST /session/a69c452d5537070365773ced34b84773/element - {"using":"xpath","value":"//*[@id=\"__button64\"]"}
RESULT: {"using":"xpath","value":"//*[@id=\"__button64\"]"}
COMMAND: POST /session/a69c452d5537070365773ced34b84773/element/f.A1EC521E3478ED742E3D5E167ABDE28C.d.153A24F9B06456F54D3D17F10B26F7B6.e.2254/click - {}
RESULT: {}
COMMAND: GET /session/a69c452d5537070365773ced34b84773/screenshot - {}
RESULT: {}
COMMAND: POST /session/a69c452d5537070365773ced34b84773/element - {"using":"xpath","value":"//header/div/div[2]/div[2]/span"}
RESULT: {"using":"xpath","value":"//header/div/div[2]/div[2]/span"}
COMMAND: GET /session/a69c452d5537070365773ced34b84773/element/f.A1EC521E3478ED742E3D5E167ABDE28C.d.153A24F9B06456F54D3D17F10B26F7B6.e.2523/text - {}
RESULT: {}
COMMAND: POST /session/a69c452d5537070365773ced34b84773/element - {"using":"xpath","value":"//header/div/div/div/div/div/div[2]/div/span"}
RESULT: {"using":"xpath","value":"//header/div/div/div/div/div/div[2]/div/span"}
COMMAND: GET /session/a69c452d5537070365773ced34b84773/element/f.A1EC521E3478ED742E3D5E167ABDE28C.d.153A24F9B06456F54D3D17F10B26F7B6.e.2524/text - {}
RESULT: {}
COMMAND: POST /session/a69c452d5537070365773ced34b84773/execute/async - {"script":"<script> [1562 bytes]","args":[{"selector":{"id":"application-managepartners-display-component---detailPtm--partnerType"},"wdio_ui5_key":"applicationmanagepartners-display-component---detailPtm--partnerType"}]}
RESULT: {"script":"<script> [1562 bytes]","args":[{"selector":{"id":"application-managepartners-display-component---detailPtm--partnerType"},"wdio_ui5_key":"applicationmanagepartners-display-component---detailPtm--partnerType"}]}
RESULT: undefined
COMMAND: POST /session/a69c452d5537070365773ced34b84773/execute/async - {"script":"<script> [6424 bytes]","args":[{"element-6066-11e4-a52e-4f735466cecf":"f.A1EC521E3478ED742E3D5E167ABDE28C.d.153A24F9B06456F54D3D17F10B26F7B6.e.2525"},"getText",[]]}
RESULT: {"script":"<script> [6424 bytes]","args":[{"element-6066-11e4-a52e-4f735466cecf":"f.A1EC521E3478ED742E3D5E167ABDE28C.d.153A24F9B06456F54D3D17F10B26F7B6.e.2525"},"getText",[]]}
COMMAND: POST /session/a69c452d5537070365773ced34b84773/element - {"using":"css selector","value":"#shell-header-logo"}
RESULT: {"using":"css selector","value":"#shell-header-logo"}
COMMAND: POST /session/a69c452d5537070365773ced34b84773/element/f.A1EC521E3478ED742E3D5E167ABDE28C.d.153A24F9B06456F54D3D17F10B26F7B6.e.1880/click - {}
RESULT: {}
COMMAND: GET /session/a69c452d5537070365773ced34b84773/screenshot - {}
RESULT: {}
]]></system-out>
    </testcase>
    <testcase classname="chrome.136_0_7103_93.windows.Webshop_-_Hyperlinks_visible_and_working_properly__US139085" name="Should create a new contract" time="98.628">
      <system-out><![CDATA[
COMMAND: POST /session/a69c452d5537070365773ced34b84773/execute/async - {"script":"<script> [1562 bytes]","args":[{"selector":{"controlType":"sap.m.GenericTile","properties":{"header":"Manage Contracts"}},"wdio_ui5_key":"sapm.GenericTile{\"header\":\"Manage Contracts\"}"}]}
RESULT: {"script":"<script> [1562 bytes]","args":[{"selector":{"controlType":"sap.m.GenericTile","properties":{"header":"Manage Contracts"}},"wdio_ui5_key":"sapm.GenericTile{\"header\":\"Manage Contracts\"}"}]}
RESULT: undefined
COMMAND: POST /session/a69c452d5537070365773ced34b84773/element - {"using":"xpath","value":"//*[@id=\"__tile130\"]"}
RESULT: {"using":"xpath","value":"//*[@id=\"__tile130\"]"}
COMMAND: POST /session/a69c452d5537070365773ced34b84773/element/f.A1EC521E3478ED742E3D5E167ABDE28C.d.153A24F9B06456F54D3D17F10B26F7B6.e.2528/click - {}
RESULT: {}
COMMAND: GET /session/a69c452d5537070365773ced34b84773/screenshot - {}
RESULT: {}
COMMAND: POST /session/a69c452d5537070365773ced34b84773/elements - {"using":"xpath","value":"//span[text()='Error']"}
RESULT: {"using":"xpath","value":"//span[text()='Error']"}
COMMAND: POST /session/a69c452d5537070365773ced34b84773/element - {"using":"xpath","value":"//button[@data-kt=\"addButton\"]"}
RESULT: {"using":"xpath","value":"//button[@data-kt=\"addButton\"]"}
COMMAND: POST /session/a69c452d5537070365773ced34b84773/element/f.A1EC521E3478ED742E3D5E167ABDE28C.d.153A24F9B06456F54D3D17F10B26F7B6.e.2574/click - {}
RESULT: {}
COMMAND: GET /session/a69c452d5537070365773ced34b84773/screenshot - {}
RESULT: {}
COMMAND: POST /session/a69c452d5537070365773ced34b84773/execute/async - {"script":"<script> [1562 bytes]","args":[{"selector":{"id":"application-managecontracts-display-component---AddNewContract--projectDescription","interaction":{"idSuffix":"inner"}},"wdio_ui5_key":"applicationmanagecontracts-display-component---AddNewContract--projectDescription"}]}
RESULT: {"script":"<script> [1562 bytes]","args":[{"selector":{"id":"application-managecontracts-display-component---AddNewContract--projectDescription","interaction":{"idSuffix":"inner"}},"wdio_ui5_key":"applicationmanagecontracts-display-component---AddNewContract--projectDescription"}]}
RESULT: undefined
COMMAND: POST /session/a69c452d5537070365773ced34b84773/execute/async - {"script":"<script> [776 bytes]","args":[{"enterText":"WdIOR2cnw5qm","selector":{"id":"application-managecontracts-display-component---AddNewContract--projectDescription","interaction":{"idSuffix":"inner"}},"clearTextFirst":true,"interactionType":"ENTER_TEXT"}]}
RESULT: {"script":"<script> [776 bytes]","args":[{"enterText":"WdIOR2cnw5qm","selector":{"id":"application-managecontracts-display-component---AddNewContract--projectDescription","interaction":{"idSuffix":"inner"}},"clearTextFirst":true,"interactionType":"ENTER_TEXT"}]}
COMMAND: POST /session/a69c452d5537070365773ced34b84773/element - {"using":"xpath","value":"//input[@id=\"application-managecontracts-display-component---AddNewContract--yardId-inner\"]"}
RESULT: {"using":"xpath","value":"//input[@id=\"application-managecontracts-display-component---AddNewContract--yardId-inner\"]"}
COMMAND: POST /session/a69c452d5537070365773ced34b84773/element/f.A1EC521E3478ED742E3D5E167ABDE28C.d.153A24F9B06456F54D3D17F10B26F7B6.e.2881/clear - {}
RESULT: {}
COMMAND: POST /session/a69c452d5537070365773ced34b84773/element/f.A1EC521E3478ED742E3D5E167ABDE28C.d.153A24F9B06456F54D3D17F10B26F7B6.e.2881/value - {"text":"WebdriverYard9nlkj"}
COMMAND: GET /session/a69c452d5537070365773ced34b84773/screenshot - {}
RESULT: {"text":"WebdriverYard9nlkj"}
COMMAND: GET /session/a69c452d5537070365773ced34b84773/screenshot - {}
RESULT: {}
RESULT: {}
COMMAND: POST /session/a69c452d5537070365773ced34b84773/actions - {"actions":[{"id":"action5","type":"key","parameters":{},"actions":[{"type":"keyDown","value":"î€‡"},{"type":"pause","duration":10},{"type":"keyUp","value":"î€‡"}]}]}
RESULT: {"actions":[{"id":"action5","type":"key","parameters":{},"actions":[{"type":"keyDown","value":"î€‡"},{"type":"pause","duration":10},{"type":"keyUp","value":"î€‡"}]}]}
COMMAND: GET /session/a69c452d5537070365773ced34b84773/screenshot - {}
RESULT: {}
COMMAND: POST /session/a69c452d5537070365773ced34b84773/element - {"using":"xpath","value":"//input[@id=\"application-managecontracts-display-component---AddNewContract--customerSelect-inner\"]"}
RESULT: {"using":"xpath","value":"//input[@id=\"application-managecontracts-display-component---AddNewContract--customerSelect-inner\"]"}
COMMAND: POST /session/a69c452d5537070365773ced34b84773/element/f.A1EC521E3478ED742E3D5E167ABDE28C.d.153A24F9B06456F54D3D17F10B26F7B6.e.2879/clear - {}
RESULT: {}
COMMAND: POST /session/a69c452d5537070365773ced34b84773/element/f.A1EC521E3478ED742E3D5E167ABDE28C.d.153A24F9B06456F54D3D17F10B26F7B6.e.2879/value - {"text":"WebdriverPartnerrkxdn"}
COMMAND: GET /session/a69c452d5537070365773ced34b84773/screenshot - {}
RESULT: {"text":"WebdriverPartnerrkxdn"}
COMMAND: GET /session/a69c452d5537070365773ced34b84773/screenshot - {}
RESULT: {}
RESULT: {}
COMMAND: POST /session/a69c452d5537070365773ced34b84773/actions - {"actions":[{"id":"action6","type":"key","parameters":{},"actions":[{"type":"keyDown","value":"î€‡"},{"type":"pause","duration":10},{"type":"keyUp","value":"î€‡"}]}]}
RESULT: {"actions":[{"id":"action6","type":"key","parameters":{},"actions":[{"type":"keyDown","value":"î€‡"},{"type":"pause","duration":10},{"type":"keyUp","value":"î€‡"}]}]}
COMMAND: GET /session/a69c452d5537070365773ced34b84773/screenshot - {}
RESULT: {}
COMMAND: POST /session/a69c452d5537070365773ced34b84773/element - {"using":"xpath","value":"//input[@id=\"application-managecontracts-display-component---AddNewContract--site-inner\"]"}
RESULT: {"using":"xpath","value":"//input[@id=\"application-managecontracts-display-component---AddNewContract--site-inner\"]"}
COMMAND: POST /session/a69c452d5537070365773ced34b84773/element/f.A1EC521E3478ED742E3D5E167ABDE28C.d.153A24F9B06456F54D3D17F10B26F7B6.e.2880/clear - {}
RESULT: {}
COMMAND: POST /session/a69c452d5537070365773ced34b84773/element/f.A1EC521E3478ED742E3D5E167ABDE28C.d.153A24F9B06456F54D3D17F10B26F7B6.e.2880/value - {"text":"WebdriverSitem8rav"}
COMMAND: GET /session/a69c452d5537070365773ced34b84773/screenshot - {}
RESULT: {"text":"WebdriverSitem8rav"}
COMMAND: GET /session/a69c452d5537070365773ced34b84773/screenshot - {}
RESULT: {}
RESULT: {}
COMMAND: POST /session/a69c452d5537070365773ced34b84773/actions - {"actions":[{"id":"action7","type":"key","parameters":{},"actions":[{"type":"keyDown","value":"î€‡"},{"type":"pause","duration":10},{"type":"keyUp","value":"î€‡"}]}]}
RESULT: {"actions":[{"id":"action7","type":"key","parameters":{},"actions":[{"type":"keyDown","value":"î€‡"},{"type":"pause","duration":10},{"type":"keyUp","value":"î€‡"}]}]}
COMMAND: GET /session/a69c452d5537070365773ced34b84773/screenshot - {}
RESULT: {}
COMMAND: POST /session/a69c452d5537070365773ced34b84773/element - {"using":"xpath","value":"//button[@data-kt=\"saveButton\"]"}
RESULT: {"using":"xpath","value":"//button[@data-kt=\"saveButton\"]"}
COMMAND: POST /session/a69c452d5537070365773ced34b84773/element/f.A1EC521E3478ED742E3D5E167ABDE28C.d.153A24F9B06456F54D3D17F10B26F7B6.e.2913/click - {}
RESULT: {}
COMMAND: GET /session/a69c452d5537070365773ced34b84773/screenshot - {}
RESULT: {}
COMMAND: POST /session/a69c452d5537070365773ced34b84773/execute/async - {"script":"<script> [1562 bytes]","args":[{"selector":{"id":"contractDetailTitleNoExpanded","viewName":"etm.portal.ui.managecontracts.view.Detail"},"wdio_ui5_key":"contractDetailTitleNoExpandedetmportal.ui.managecontracts.view.Detail"}]}
RESULT: {"script":"<script> [1562 bytes]","args":[{"selector":{"id":"contractDetailTitleNoExpanded","viewName":"etm.portal.ui.managecontracts.view.Detail"},"wdio_ui5_key":"contractDetailTitleNoExpandedetmportal.ui.managecontracts.view.Detail"}]}
RESULT: undefined
COMMAND: POST /session/a69c452d5537070365773ced34b84773/execute/async - {"script":"<script> [6424 bytes]","args":[{"element-6066-11e4-a52e-4f735466cecf":"f.A1EC521E3478ED742E3D5E167ABDE28C.d.153A24F9B06456F54D3D17F10B26F7B6.e.2985"},"getText",[]]}
RESULT: {"script":"<script> [6424 bytes]","args":[{"element-6066-11e4-a52e-4f735466cecf":"f.A1EC521E3478ED742E3D5E167ABDE28C.d.153A24F9B06456F54D3D17F10B26F7B6.e.2985"},"getText",[]]}
COMMAND: POST /session/a69c452d5537070365773ced34b84773/element - {"using":"css selector","value":"#shell-header-logo"}
RESULT: {"using":"css selector","value":"#shell-header-logo"}
COMMAND: POST /session/a69c452d5537070365773ced34b84773/element/f.A1EC521E3478ED742E3D5E167ABDE28C.d.153A24F9B06456F54D3D17F10B26F7B6.e.2531/click - {}
RESULT: {}
COMMAND: GET /session/a69c452d5537070365773ced34b84773/screenshot - {}
RESULT: {}
]]></system-out>
    </testcase>
    <testcase classname="chrome.136_0_7103_93.windows.Webshop_-_Hyperlinks_visible_and_working_properly__US139085" name="Should create a new webshop request and verify yard hyperlinks" time="213.495">
      <system-out><![CDATA[
COMMAND: POST /session/a69c452d5537070365773ced34b84773/execute/async - {"script":"<script> [1562 bytes]","args":[{"selector":{"controlType":"sap.m.GenericTile","properties":{"header":"Webshop"}},"wdio_ui5_key":"sapm.GenericTile{\"header\":\"Webshop\"}"}]}
RESULT: {"script":"<script> [1562 bytes]","args":[{"selector":{"controlType":"sap.m.GenericTile","properties":{"header":"Webshop"}},"wdio_ui5_key":"sapm.GenericTile{\"header\":\"Webshop\"}"}]}
RESULT: undefined
COMMAND: POST /session/a69c452d5537070365773ced34b84773/element - {"using":"xpath","value":"//*[@id=\"__tile49\"]"}
RESULT: {"using":"xpath","value":"//*[@id=\"__tile49\"]"}
COMMAND: POST /session/a69c452d5537070365773ced34b84773/element/f.A1EC521E3478ED742E3D5E167ABDE28C.d.153A24F9B06456F54D3D17F10B26F7B6.e.2988/click - {}
RESULT: {}
COMMAND: GET /session/a69c452d5537070365773ced34b84773/screenshot - {}
RESULT: {}
COMMAND: POST /session/a69c452d5537070365773ced34b84773/elements - {"using":"xpath","value":"//span[text()='Error']"}
RESULT: {"using":"xpath","value":"//span[text()='Error']"}
COMMAND: POST /session/a69c452d5537070365773ced34b84773/element - {"using":"css selector","value":"#requestCreationDialog--createRequestPopUp-title-inner"}
RESULT: {"using":"css selector","value":"#requestCreationDialog--createRequestPopUp-title-inner"}
COMMAND: POST /session/a69c452d5537070365773ced34b84773/execute/sync - {"script":"<script> [8489 bytes]","args":[{"element-6066-11e4-a52e-4f735466cecf":"f.A1EC521E3478ED742E3D5E167ABDE28C.d.153A24F9B06456F54D3D17F10B26F7B6.e.3015","ELEMENT":"f.A1EC521E3478ED742E3D5E167ABDE28C.d.153A24F9B06456F54D3D17F10B26F7B6.e.3015"}]}
RESULT: {"script":"<script> [8489 bytes]","args":[{"element-6066-11e4-a52e-4f735466cecf":"f.A1EC521E3478ED742E3D5E167ABDE28C.d.153A24F9B06456F54D3D17F10B26F7B6.e.3015","ELEMENT":"f.A1EC521E3478ED742E3D5E167ABDE28C.d.153A24F9B06456F54D3D17F10B26F7B6.e.3015"}]}
COMMAND: GET /session/a69c452d5537070365773ced34b84773/element/f.A1EC521E3478ED742E3D5E167ABDE28C.d.153A24F9B06456F54D3D17F10B26F7B6.e.3015/enabled - {}
COMMAND: GET /session/a69c452d5537070365773ced34b84773/screenshot - {}
RESULT: {}
COMMAND: POST /session/a69c452d5537070365773ced34b84773/execute/async - {"script":"<script> [1562 bytes]","args":[{"selector":{"id":"requestCreationDialog--requestName","searchOpenDialogs":true,"interaction":{"idSuffix":"inner"}},"wdio_ui5_key":"requestCreationDialogrequestName"}]}
COMMAND: GET /session/a69c452d5537070365773ced34b84773/screenshot - {}
RESULT: {}
RESULT: {"script":"<script> [1562 bytes]","args":[{"selector":{"id":"requestCreationDialog--requestName","searchOpenDialogs":true,"interaction":{"idSuffix":"inner"}},"wdio_ui5_key":"requestCreationDialogrequestName"}]}
RESULT: undefined
COMMAND: POST /session/a69c452d5537070365773ced34b84773/execute/async - {"script":"<script> [776 bytes]","args":[{"enterText":"WebdriverTest","selector":{"id":"requestCreationDialog--requestName","searchOpenDialogs":true,"interaction":{"idSuffix":"inner"}},"clearTextFirst":true,"interactionType":"ENTER_TEXT"}]}
RESULT: {}
RESULT: {"script":"<script> [776 bytes]","args":[{"enterText":"WebdriverTest","selector":{"id":"requestCreationDialog--requestName","searchOpenDialogs":true,"interaction":{"idSuffix":"inner"}},"clearTextFirst":true,"interactionType":"ENTER_TEXT"}]}
COMMAND: POST /session/a69c452d5537070365773ced34b84773/element - {"using":"xpath","value":"//input[contains(@id ,\"requestCreationDialog--contract-inner\")]"}
RESULT: {"using":"xpath","value":"//input[contains(@id ,\"requestCreationDialog--contract-inner\")]"}
COMMAND: POST /session/a69c452d5537070365773ced34b84773/element/f.A1EC521E3478ED742E3D5E167ABDE28C.d.153A24F9B06456F54D3D17F10B26F7B6.e.3001/clear - {}
RESULT: {}
COMMAND: POST /session/a69c452d5537070365773ced34b84773/element/f.A1EC521E3478ED742E3D5E167ABDE28C.d.153A24F9B06456F54D3D17F10B26F7B6.e.3001/value - {"text":"10328"}
COMMAND: GET /session/a69c452d5537070365773ced34b84773/screenshot - {}
RESULT: {"text":"10328"}
COMMAND: GET /session/a69c452d5537070365773ced34b84773/screenshot - {}
RESULT: {}
RESULT: {}
COMMAND: POST /session/a69c452d5537070365773ced34b84773/actions - {"actions":[{"id":"action8","type":"key","parameters":{},"actions":[{"type":"keyDown","value":"î€‡"},{"type":"pause","duration":10},{"type":"keyUp","value":"î€‡"}]}]}
RESULT: {"actions":[{"id":"action8","type":"key","parameters":{},"actions":[{"type":"keyDown","value":"î€‡"},{"type":"pause","duration":10},{"type":"keyUp","value":"î€‡"}]}]}
COMMAND: GET /session/a69c452d5537070365773ced34b84773/screenshot - {}
RESULT: {}
COMMAND: POST /session/a69c452d5537070365773ced34b84773/element - {"using":"xpath","value":"//input[contains(@id ,\"requestCreationDialog--contract-inner\")]"}
RESULT: {"using":"xpath","value":"//input[contains(@id ,\"requestCreationDialog--contract-inner\")]"}
COMMAND: GET /session/a69c452d5537070365773ced34b84773/element/f.A1EC521E3478ED742E3D5E167ABDE28C.d.153A24F9B06456F54D3D17F10B26F7B6.e.3001/property/value - {}
RESULT: {}
COMMAND: POST /session/a69c452d5537070365773ced34b84773/element - {"using":"xpath","value":"//input[contains(@id ,\"requestCreationDialog--contract-inner\")]"}
COMMAND: GET /session/a69c452d5537070365773ced34b84773/screenshot - {}
RESULT: {"using":"xpath","value":"//input[contains(@id ,\"requestCreationDialog--contract-inner\")]"}
COMMAND: POST /session/a69c452d5537070365773ced34b84773/execute/async - {"script":"<script> [1562 bytes]","args":[{"selector":{"id":"requestCreationDialog--okButton","searchOpenDialogs":true,"interaction":{"idSuffix":"BDI-content"}},"wdio_ui5_key":"requestCreationDialogokButton"}]}
RESULT: {}
RESULT: {"script":"<script> [1562 bytes]","args":[{"selector":{"id":"requestCreationDialog--okButton","searchOpenDialogs":true,"interaction":{"idSuffix":"BDI-content"}},"wdio_ui5_key":"requestCreationDialogokButton"}]}
RESULT: undefined
COMMAND: POST /session/a69c452d5537070365773ced34b84773/element - {"using":"xpath","value":"//*[@id=\"requestCreationDialog--okButton\"]"}
RESULT: {"using":"xpath","value":"//*[@id=\"requestCreationDialog--okButton\"]"}
COMMAND: POST /session/a69c452d5537070365773ced34b84773/element/f.A1EC521E3478ED742E3D5E167ABDE28C.d.153A24F9B06456F54D3D17F10B26F7B6.e.3023/click - {}
RESULT: {}
COMMAND: GET /session/a69c452d5537070365773ced34b84773/screenshot - {}
RESULT: {}
COMMAND: POST /session/a69c452d5537070365773ced34b84773/element - {"using":"xpath","value":"//input[contains(@id ,\"searchFiledId-I\")]"}
RESULT: {"using":"xpath","value":"//input[contains(@id ,\"searchFiledId-I\")]"}
COMMAND: POST /session/a69c452d5537070365773ced34b84773/element/f.A1EC521E3478ED742E3D5E167ABDE28C.d.153A24F9B06456F54D3D17F10B26F7B6.e.2993/value - {"text":"Dri-Prime CD150M Diesel Pump"}
RESULT: {"text":"Dri-Prime CD150M Diesel Pump"}
COMMAND: POST /session/a69c452d5537070365773ced34b84773/actions - {"actions":[{"id":"action9","type":"key","parameters":{},"actions":[{"type":"keyDown","value":"î€‡"},{"type":"pause","duration":10},{"type":"keyUp","value":"î€‡"}]}]}
COMMAND: GET /session/a69c452d5537070365773ced34b84773/screenshot - {}
RESULT: {"actions":[{"id":"action9","type":"key","parameters":{},"actions":[{"type":"keyDown","value":"î€‡"},{"type":"pause","duration":10},{"type":"keyUp","value":"î€‡"}]}]}
COMMAND: GET /session/a69c452d5537070365773ced34b84773/screenshot - {}
RESULT: {}
RESULT: {}
COMMAND: POST /session/a69c452d5537070365773ced34b84773/element - {"using":"xpath","value":"//span[contains(@id ,\"subTitle\")][contains(text(), \"Dri-Prime CD150M Diesel Pump\")]"}
RESULT: {"using":"xpath","value":"//span[contains(@id ,\"subTitle\")][contains(text(), \"Dri-Prime CD150M Diesel Pump\")]"}
COMMAND: POST /session/a69c452d5537070365773ced34b84773/element/f.A1EC521E3478ED742E3D5E167ABDE28C.d.153A24F9B06456F54D3D17F10B26F7B6.e.3030/click - {}
RESULT: {}
COMMAND: GET /session/a69c452d5537070365773ced34b84773/screenshot - {}
RESULT: {}
COMMAND: POST /session/a69c452d5537070365773ced34b84773/execute/async - {"script":"<script> [1562 bytes]","args":[{"selector":{"controlType":"sap.m.Button","viewName":"etm.portal.ui.webshop.view.Homepage","i18NText":{"propertyName":"text","key":"addToRequest"},"interaction":{"idSuffix":"BDI-content"}},"wdio_ui5_key":"etmportal.ui.webshop.view.Homepagesap.m.Button{\"propertyName\":\"text\",\"key\":\"addToRequest\"}"}]}
RESULT: {"script":"<script> [1562 bytes]","args":[{"selector":{"controlType":"sap.m.Button","viewName":"etm.portal.ui.webshop.view.Homepage","i18NText":{"propertyName":"text","key":"addToRequest"},"interaction":{"idSuffix":"BDI-content"}},"wdio_ui5_key":"etmportal.ui.webshop.view.Homepagesap.m.Button{\"propertyName\":\"text\",\"key\":\"addToRequest\"}"}]}
RESULT: undefined
COMMAND: POST /session/a69c452d5537070365773ced34b84773/element - {"using":"xpath","value":"//*[@id=\"__button122\"]"}
RESULT: {"using":"xpath","value":"//*[@id=\"__button122\"]"}
COMMAND: POST /session/a69c452d5537070365773ced34b84773/element/f.A1EC521E3478ED742E3D5E167ABDE28C.d.153A24F9B06456F54D3D17F10B26F7B6.e.3044/click - {}
RESULT: {}
COMMAND: GET /session/a69c452d5537070365773ced34b84773/screenshot - {}
RESULT: {}
COMMAND: POST /session/a69c452d5537070365773ced34b84773/element - {"using":"xpath","value":"//*[contains(@id ,\"activeCartId-BDI-content\")]"}
RESULT: {"using":"xpath","value":"//*[contains(@id ,\"activeCartId-BDI-content\")]"}
COMMAND: POST /session/a69c452d5537070365773ced34b84773/element/f.A1EC521E3478ED742E3D5E167ABDE28C.d.153A24F9B06456F54D3D17F10B26F7B6.e.3051/click - {}
RESULT: {}
COMMAND: GET /session/a69c452d5537070365773ced34b84773/screenshot - {}
RESULT: {}
COMMAND: POST /session/a69c452d5537070365773ced34b84773/element - {"using":"xpath","value":"//bdi[contains(text(), \"Check out my request\")]"}
RESULT: {"using":"xpath","value":"//bdi[contains(text(), \"Check out my request\")]"}
COMMAND: POST /session/a69c452d5537070365773ced34b84773/element/f.A1EC521E3478ED742E3D5E167ABDE28C.d.153A24F9B06456F54D3D17F10B26F7B6.e.3054/click - {}
RESULT: {}
COMMAND: GET /session/a69c452d5537070365773ced34b84773/screenshot - {}
RESULT: {}
COMMAND: POST /session/a69c452d5537070365773ced34b84773/element - {"using":"xpath","value":"//*[contains(@data-kt ,\"webshopDetailYardLink\")]"}
RESULT: {"using":"xpath","value":"//*[contains(@data-kt ,\"webshopDetailYardLink\")]"}
COMMAND: POST /session/a69c452d5537070365773ced34b84773/element/f.A1EC521E3478ED742E3D5E167ABDE28C.d.153A24F9B06456F54D3D17F10B26F7B6.e.3107/click - {}
RESULT: {}
COMMAND: POST /session/a69c452d5537070365773ced34b84773/element - {"using":"xpath","value":"//*[contains(@data-kt ,\"ContextMenuId2Link\")][contains(text(), \"Yard Overview\")]"}
COMMAND: GET /session/a69c452d5537070365773ced34b84773/screenshot - {}
RESULT: {"using":"xpath","value":"//*[contains(@data-kt ,\"ContextMenuId2Link\")][contains(text(), \"Yard Overview\")]"}
COMMAND: POST /session/a69c452d5537070365773ced34b84773/execute/sync - {"script":"<script> [8489 bytes]","args":[{"element-6066-11e4-a52e-4f735466cecf":"f.A1EC521E3478ED742E3D5E167ABDE28C.d.153A24F9B06456F54D3D17F10B26F7B6.e.3110","ELEMENT":"f.A1EC521E3478ED742E3D5E167ABDE28C.d.153A24F9B06456F54D3D17F10B26F7B6.e.3110"}]}
COMMAND: POST /session/a69c452d5537070365773ced34b84773/element - {"using":"xpath","value":"//*[contains(@data-kt ,\"ContextMenuId3Link\")][contains(text(), \"Yard Main Address\")]"}
RESULT: {}
RESULT: {"script":"<script> [8489 bytes]","args":[{"element-6066-11e4-a52e-4f735466cecf":"f.A1EC521E3478ED742E3D5E167ABDE28C.d.153A24F9B06456F54D3D17F10B26F7B6.e.3110","ELEMENT":"f.A1EC521E3478ED742E3D5E167ABDE28C.d.153A24F9B06456F54D3D17F10B26F7B6.e.3110"}]}
COMMAND: GET /session/a69c452d5537070365773ced34b84773/screenshot - {}
RESULT: {"using":"xpath","value":"//*[contains(@data-kt ,\"ContextMenuId3Link\")][contains(text(), \"Yard Main Address\")]"}
COMMAND: POST /session/a69c452d5537070365773ced34b84773/execute/sync - {"script":"<script> [8489 bytes]","args":[{"element-6066-11e4-a52e-4f735466cecf":"f.A1EC521E3478ED742E3D5E167ABDE28C.d.153A24F9B06456F54D3D17F10B26F7B6.e.3111","ELEMENT":"f.A1EC521E3478ED742E3D5E167ABDE28C.d.153A24F9B06456F54D3D17F10B26F7B6.e.3111"}]}
COMMAND: POST /session/a69c452d5537070365773ced34b84773/element - {"using":"xpath","value":"//*[contains(@data-kt ,\"ContextMenuId2Link\")][contains(text(), \"Yard Overview\")]"}
RESULT: {}
RESULT: {"script":"<script> [8489 bytes]","args":[{"element-6066-11e4-a52e-4f735466cecf":"f.A1EC521E3478ED742E3D5E167ABDE28C.d.153A24F9B06456F54D3D17F10B26F7B6.e.3111","ELEMENT":"f.A1EC521E3478ED742E3D5E167ABDE28C.d.153A24F9B06456F54D3D17F10B26F7B6.e.3111"}]}
COMMAND: GET /session/a69c452d5537070365773ced34b84773/screenshot - {}
RESULT: {"using":"xpath","value":"//*[contains(@data-kt ,\"ContextMenuId2Link\")][contains(text(), \"Yard Overview\")]"}
COMMAND: POST /session/a69c452d5537070365773ced34b84773/element/f.A1EC521E3478ED742E3D5E167ABDE28C.d.153A24F9B06456F54D3D17F10B26F7B6.e.3110/click - {}
RESULT: {}
RESULT: {}
COMMAND: GET /session/a69c452d5537070365773ced34b84773/screenshot - {}
RESULT: {}
COMMAND: POST /session/a69c452d5537070365773ced34b84773/execute/async - {"script":"<script> [1562 bytes]","args":[{"selector":{"id":"shellAppTitle"},"wdio_ui5_key":"shellAppTitle"}]}
RESULT: {"script":"<script> [1562 bytes]","args":[{"selector":{"id":"shellAppTitle"},"wdio_ui5_key":"shellAppTitle"}]}
RESULT: undefined
COMMAND: POST /session/a69c452d5537070365773ced34b84773/execute/async - {"script":"<script> [6424 bytes]","args":[{"element-6066-11e4-a52e-4f735466cecf":"f.A1EC521E3478ED742E3D5E167ABDE28C.d.153A24F9B06456F54D3D17F10B26F7B6.e.3159"},"getTitle",[]]}
RESULT: {"script":"<script> [6424 bytes]","args":[{"element-6066-11e4-a52e-4f735466cecf":"f.A1EC521E3478ED742E3D5E167ABDE28C.d.153A24F9B06456F54D3D17F10B26F7B6.e.3159"},"getTitle",[]]}
COMMAND: POST /session/a69c452d5537070365773ced34b84773/element - {"using":"xpath","value":"//span[contains(@id ,\"title\")][contains(text(), \"WebdriverYard9nlkj\")]"}
RESULT: {"using":"xpath","value":"//span[contains(@id ,\"title\")][contains(text(), \"WebdriverYard9nlkj\")]"}
COMMAND: POST /session/a69c452d5537070365773ced34b84773/execute/sync - {"script":"<script> [8489 bytes]","args":[{"element-6066-11e4-a52e-4f735466cecf":"f.A1EC521E3478ED742E3D5E167ABDE28C.d.153A24F9B06456F54D3D17F10B26F7B6.e.3160","ELEMENT":"f.A1EC521E3478ED742E3D5E167ABDE28C.d.153A24F9B06456F54D3D17F10B26F7B6.e.3160"}]}
COMMAND: POST /session/a69c452d5537070365773ced34b84773/execute/async - {"script":"<script> [1562 bytes]","args":[{"selector":{"id":"backBtn"},"wdio_ui5_key":"backBtn"}]}
RESULT: {"script":"<script> [8489 bytes]","args":[{"element-6066-11e4-a52e-4f735466cecf":"f.A1EC521E3478ED742E3D5E167ABDE28C.d.153A24F9B06456F54D3D17F10B26F7B6.e.3160","ELEMENT":"f.A1EC521E3478ED742E3D5E167ABDE28C.d.153A24F9B06456F54D3D17F10B26F7B6.e.3160"}]}
COMMAND: GET /session/a69c452d5537070365773ced34b84773/screenshot - {}
RESULT: {"script":"<script> [1562 bytes]","args":[{"selector":{"id":"backBtn"},"wdio_ui5_key":"backBtn"}]}
RESULT: undefined
COMMAND: POST /session/a69c452d5537070365773ced34b84773/element - {"using":"xpath","value":"//*[@id=\"backBtn\"]"}
COMMAND: POST /session/a69c452d5537070365773ced34b84773/execute/sync - {"script":"<script> [8489 bytes]","args":[{"element-6066-11e4-a52e-4f735466cecf":"f.A1EC521E3478ED742E3D5E167ABDE28C.d.153A24F9B06456F54D3D17F10B26F7B6.e.3160","ELEMENT":"f.A1EC521E3478ED742E3D5E167ABDE28C.d.153A24F9B06456F54D3D17F10B26F7B6.e.3160"}]}
RESULT: {}
RESULT: {"using":"xpath","value":"//*[@id=\"backBtn\"]"}
COMMAND: POST /session/a69c452d5537070365773ced34b84773/element/f.A1EC521E3478ED742E3D5E167ABDE28C.d.153A24F9B06456F54D3D17F10B26F7B6.e.3161/click - {}
RESULT: {"script":"<script> [8489 bytes]","args":[{"element-6066-11e4-a52e-4f735466cecf":"f.A1EC521E3478ED742E3D5E167ABDE28C.d.153A24F9B06456F54D3D17F10B26F7B6.e.3160","ELEMENT":"f.A1EC521E3478ED742E3D5E167ABDE28C.d.153A24F9B06456F54D3D17F10B26F7B6.e.3160"}]}
COMMAND: GET /session/a69c452d5537070365773ced34b84773/screenshot - {}
RESULT: {}
COMMAND: GET /session/a69c452d5537070365773ced34b84773/screenshot - {}
COMMAND: POST /session/a69c452d5537070365773ced34b84773/execute/sync - {"script":"<script> [8489 bytes]","args":[{"element-6066-11e4-a52e-4f735466cecf":"f.A1EC521E3478ED742E3D5E167ABDE28C.d.153A24F9B06456F54D3D17F10B26F7B6.e.3160","ELEMENT":"f.A1EC521E3478ED742E3D5E167ABDE28C.d.153A24F9B06456F54D3D17F10B26F7B6.e.3160"}]}
RESULT: {}
RESULT: {}
COMMAND: POST /session/a69c452d5537070365773ced34b84773/element - {"using":"xpath","value":"//span[contains(@id ,\"title\")][contains(text(), \"WebdriverYard9nlkj\")]"}
RESULT: {"using":"xpath","value":"//span[contains(@id ,\"title\")][contains(text(), \"WebdriverYard9nlkj\")]"}
COMMAND: POST /session/a69c452d5537070365773ced34b84773/element - {"using":"xpath","value":"//span[contains(@id ,\"title\")][contains(text(), \"WebdriverYard9nlkj\")]"}
RESULT: {"using":"xpath","value":"//span[contains(@id ,\"title\")][contains(text(), \"WebdriverYard9nlkj\")]"}
COMMAND: POST /session/a69c452d5537070365773ced34b84773/element - {"using":"xpath","value":"//span[contains(@id ,\"title\")][contains(text(), \"WebdriverYard9nlkj\")]"}
RESULT: {"using":"xpath","value":"//span[contains(@id ,\"title\")][contains(text(), \"WebdriverYard9nlkj\")]"}
COMMAND: POST /session/a69c452d5537070365773ced34b84773/element - {"using":"xpath","value":"//span[contains(@id ,\"title\")][contains(text(), \"WebdriverYard9nlkj\")]"}
RESULT: {"using":"xpath","value":"//span[contains(@id ,\"title\")][contains(text(), \"WebdriverYard9nlkj\")]"}
COMMAND: POST /session/a69c452d5537070365773ced34b84773/element - {"using":"xpath","value":"//span[contains(@id ,\"title\")][contains(text(), \"WebdriverYard9nlkj\")]"}
RESULT: {"using":"xpath","value":"//span[contains(@id ,\"title\")][contains(text(), \"WebdriverYard9nlkj\")]"}
COMMAND: POST /session/a69c452d5537070365773ced34b84773/element - {"using":"xpath","value":"//span[contains(@id ,\"title\")][contains(text(), \"WebdriverYard9nlkj\")]"}
RESULT: {"using":"xpath","value":"//span[contains(@id ,\"title\")][contains(text(), \"WebdriverYard9nlkj\")]"}
COMMAND: POST /session/a69c452d5537070365773ced34b84773/element - {"using":"xpath","value":"//span[contains(@id ,\"title\")][contains(text(), \"WebdriverYard9nlkj\")]"}
RESULT: {"using":"xpath","value":"//span[contains(@id ,\"title\")][contains(text(), \"WebdriverYard9nlkj\")]"}
COMMAND: POST /session/a69c452d5537070365773ced34b84773/element - {"using":"xpath","value":"//span[contains(@id ,\"title\")][contains(text(), \"WebdriverYard9nlkj\")]"}
RESULT: {"using":"xpath","value":"//span[contains(@id ,\"title\")][contains(text(), \"WebdriverYard9nlkj\")]"}
COMMAND: POST /session/a69c452d5537070365773ced34b84773/element - {"using":"xpath","value":"//span[contains(@id ,\"title\")][contains(text(), \"WebdriverYard9nlkj\")]"}
RESULT: {"using":"xpath","value":"//span[contains(@id ,\"title\")][contains(text(), \"WebdriverYard9nlkj\")]"}
COMMAND: POST /session/a69c452d5537070365773ced34b84773/element - {"using":"xpath","value":"//span[contains(@id ,\"title\")][contains(text(), \"WebdriverYard9nlkj\")]"}
RESULT: {"using":"xpath","value":"//span[contains(@id ,\"title\")][contains(text(), \"WebdriverYard9nlkj\")]"}
COMMAND: POST /session/a69c452d5537070365773ced34b84773/element - {"using":"xpath","value":"//span[contains(@id ,\"title\")][contains(text(), \"WebdriverYard9nlkj\")]"}
RESULT: {"using":"xpath","value":"//span[contains(@id ,\"title\")][contains(text(), \"WebdriverYard9nlkj\")]"}
COMMAND: POST /session/a69c452d5537070365773ced34b84773/element - {"using":"xpath","value":"//span[contains(@id ,\"title\")][contains(text(), \"WebdriverYard9nlkj\")]"}
RESULT: {"using":"xpath","value":"//span[contains(@id ,\"title\")][contains(text(), \"WebdriverYard9nlkj\")]"}
COMMAND: POST /session/a69c452d5537070365773ced34b84773/element - {"using":"xpath","value":"//span[contains(@id ,\"title\")][contains(text(), \"WebdriverYard9nlkj\")]"}
RESULT: {"using":"xpath","value":"//span[contains(@id ,\"title\")][contains(text(), \"WebdriverYard9nlkj\")]"}
COMMAND: POST /session/a69c452d5537070365773ced34b84773/element - {"using":"xpath","value":"//*[contains(@data-kt ,\"webshopDetailYardLink\")]"}
RESULT: {"using":"xpath","value":"//*[contains(@data-kt ,\"webshopDetailYardLink\")]"}
COMMAND: POST /session/a69c452d5537070365773ced34b84773/execute/sync - {"script":"<script> [8489 bytes]","args":[{"element-6066-11e4-a52e-4f735466cecf":"f.A1EC521E3478ED742E3D5E167ABDE28C.d.153A24F9B06456F54D3D17F10B26F7B6.e.3336","ELEMENT":"f.A1EC521E3478ED742E3D5E167ABDE28C.d.153A24F9B06456F54D3D17F10B26F7B6.e.3336"}]}
RESULT: {"script":"<script> [8489 bytes]","args":[{"element-6066-11e4-a52e-4f735466cecf":"f.A1EC521E3478ED742E3D5E167ABDE28C.d.153A24F9B06456F54D3D17F10B26F7B6.e.3336","ELEMENT":"f.A1EC521E3478ED742E3D5E167ABDE28C.d.153A24F9B06456F54D3D17F10B26F7B6.e.3336"}]}
COMMAND: POST /session/a69c452d5537070365773ced34b84773/execute/sync - {"script":"<script> [5351 bytes]","args":[{"element-6066-11e4-a52e-4f735466cecf":"f.A1EC521E3478ED742E3D5E167ABDE28C.d.153A24F9B06456F54D3D17F10B26F7B6.e.3336","ELEMENT":"f.A1EC521E3478ED742E3D5E167ABDE28C.d.153A24F9B06456F54D3D17F10B26F7B6.e.3336"}]}
COMMAND: GET /session/a69c452d5537070365773ced34b84773/screenshot - {}
RESULT: {}
RESULT: {"script":"<script> [5351 bytes]","args":[{"element-6066-11e4-a52e-4f735466cecf":"f.A1EC521E3478ED742E3D5E167ABDE28C.d.153A24F9B06456F54D3D17F10B26F7B6.e.3336","ELEMENT":"f.A1EC521E3478ED742E3D5E167ABDE28C.d.153A24F9B06456F54D3D17F10B26F7B6.e.3336"}]}
COMMAND: POST /session/a69c452d5537070365773ced34b84773/element - {"using":"xpath","value":"//*[contains(@data-kt ,\"webshopDetailYardLink\")]"}
COMMAND: GET /session/a69c452d5537070365773ced34b84773/screenshot - {}
COMMAND: POST /session/a69c452d5537070365773ced34b84773/element - {"using":"xpath","value":"//span[contains(@id ,\"title\")][contains(text(), \"WebdriverYard9nlkj\")]"}
RESULT: {}
RESULT: {"using":"xpath","value":"//*[contains(@data-kt ,\"webshopDetailYardLink\")]"}
COMMAND: POST /session/a69c452d5537070365773ced34b84773/element/f.A1EC521E3478ED742E3D5E167ABDE28C.d.153A24F9B06456F54D3D17F10B26F7B6.e.3336/click - {}
RESULT: {"using":"xpath","value":"//span[contains(@id ,\"title\")][contains(text(), \"WebdriverYard9nlkj\")]"}
RESULT: {}
COMMAND: GET /session/a69c452d5537070365773ced34b84773/screenshot - {}
RESULT: {}
COMMAND: POST /session/a69c452d5537070365773ced34b84773/element - {"using":"xpath","value":"//span[contains(@id ,\"title\")][contains(text(), \"WebdriverYard9nlkj\")]"}
RESULT: {"using":"xpath","value":"//span[contains(@id ,\"title\")][contains(text(), \"WebdriverYard9nlkj\")]"}
COMMAND: POST /session/a69c452d5537070365773ced34b84773/execute/sync - {"script":"<script> [8489 bytes]","args":[{"element-6066-11e4-a52e-4f735466cecf":"f.A1EC521E3478ED742E3D5E167ABDE28C.d.153A24F9B06456F54D3D17F10B26F7B6.e.3339","ELEMENT":"f.A1EC521E3478ED742E3D5E167ABDE28C.d.153A24F9B06456F54D3D17F10B26F7B6.e.3339"}]}
RESULT: {"script":"<script> [8489 bytes]","args":[{"element-6066-11e4-a52e-4f735466cecf":"f.A1EC521E3478ED742E3D5E167ABDE28C.d.153A24F9B06456F54D3D17F10B26F7B6.e.3339","ELEMENT":"f.A1EC521E3478ED742E3D5E167ABDE28C.d.153A24F9B06456F54D3D17F10B26F7B6.e.3339"}]}
COMMAND: GET /session/a69c452d5537070365773ced34b84773/screenshot - {}
RESULT: {}
COMMAND: POST /session/a69c452d5537070365773ced34b84773/element - {"using":"xpath","value":"//*[contains(@data-kt ,\"ContextMenuId3Link\")][contains(text(), \"Yard Main Address\")]"}
RESULT: {"using":"xpath","value":"//*[contains(@data-kt ,\"ContextMenuId3Link\")][contains(text(), \"Yard Main Address\")]"}
COMMAND: POST /session/a69c452d5537070365773ced34b84773/element/f.A1EC521E3478ED742E3D5E167ABDE28C.d.153A24F9B06456F54D3D17F10B26F7B6.e.3340/click - {}
RESULT: {}
COMMAND: GET /session/a69c452d5537070365773ced34b84773/screenshot - {}
RESULT: {}
COMMAND: POST /session/a69c452d5537070365773ced34b84773/execute/async - {"script":"<script> [1562 bytes]","args":[{"selector":{"id":"application-addressmanagement-display-component---masterAdm--title1"},"wdio_ui5_key":"applicationaddressmanagement-display-component---masterAdm--title1"}]}
RESULT: {"script":"<script> [1562 bytes]","args":[{"selector":{"id":"application-addressmanagement-display-component---masterAdm--title1"},"wdio_ui5_key":"applicationaddressmanagement-display-component---masterAdm--title1"}]}
RESULT: undefined
COMMAND: POST /session/a69c452d5537070365773ced34b84773/execute/async - {"script":"<script> [6424 bytes]","args":[{"element-6066-11e4-a52e-4f735466cecf":"f.A1EC521E3478ED742E3D5E167ABDE28C.d.153A24F9B06456F54D3D17F10B26F7B6.e.3555"},"getText",[]]}
RESULT: {"script":"<script> [6424 bytes]","args":[{"element-6066-11e4-a52e-4f735466cecf":"f.A1EC521E3478ED742E3D5E167ABDE28C.d.153A24F9B06456F54D3D17F10B26F7B6.e.3555"},"getText",[]]}
COMMAND: POST /session/a69c452d5537070365773ced34b84773/element - {"using":"xpath","value":"//span[contains(text(), \"WebdriverYardjjtihg\")][contains(@id ,\"application-addressmanagement-display-component---detailAdm--addressDetailDetailsName1\")]"}
RESULT: {"using":"xpath","value":"//span[contains(text(), \"WebdriverYardjjtihg\")][contains(@id ,\"application-addressmanagement-display-component---detailAdm--addressDetailDetailsName1\")]"}
COMMAND: POST /session/a69c452d5537070365773ced34b84773/element - {"using":"xpath","value":"//span[contains(text(), \"WebdriverYardjjtihg\")][contains(@id ,\"application-addressmanagement-display-component---detailAdm--addressDetailDetailsName1\")]"}
RESULT: undefined
COMMAND: POST /session/a69c452d5537070365773ced34b84773/element - {"using":"xpath","value":"//*[@id=\"backBtn\"]"}
RESULT: {"using":"xpath","value":"//span[contains(text(), \"WebdriverYardjjtihg\")][contains(@id ,\"application-addressmanagement-display-component---detailAdm--addressDetailDetailsName1\")]"}
RESULT: {"using":"xpath","value":"//*[@id=\"backBtn\"]"}
COMMAND: POST /session/a69c452d5537070365773ced34b84773/element/f.A1EC521E3478ED742E3D5E167ABDE28C.d.153A24F9B06456F54D3D17F10B26F7B6.e.3161/click - {}
COMMAND: POST /session/a69c452d5537070365773ced34b84773/element - {"using":"xpath","value":"//span[contains(text(), \"WebdriverYardjjtihg\")][contains(@id ,\"application-addressmanagement-display-component---detailAdm--addressDetailDetailsName1\")]"}
RESULT: {}
COMMAND: GET /session/a69c452d5537070365773ced34b84773/screenshot - {}
RESULT: {"using":"xpath","value":"//span[contains(text(), \"WebdriverYardjjtihg\")][contains(@id ,\"application-addressmanagement-display-component---detailAdm--addressDetailDetailsName1\")]"}
RESULT: {}
COMMAND: POST /session/a69c452d5537070365773ced34b84773/element - {"using":"xpath","value":"//span[contains(text(), \"WebdriverYardjjtihg\")][contains(@id ,\"application-addressmanagement-display-component---detailAdm--addressDetailDetailsName1\")]"}
RESULT: {"using":"xpath","value":"//span[contains(text(), \"WebdriverYardjjtihg\")][contains(@id ,\"application-addressmanagement-display-component---detailAdm--addressDetailDetailsName1\")]"}
COMMAND: POST /session/a69c452d5537070365773ced34b84773/element - {"using":"xpath","value":"//span[contains(text(), \"WebdriverYardjjtihg\")][contains(@id ,\"application-addressmanagement-display-component---detailAdm--addressDetailDetailsName1\")]"}
RESULT: {"using":"xpath","value":"//span[contains(text(), \"WebdriverYardjjtihg\")][contains(@id ,\"application-addressmanagement-display-component---detailAdm--addressDetailDetailsName1\")]"}
COMMAND: POST /session/a69c452d5537070365773ced34b84773/element - {"using":"xpath","value":"//span[contains(text(), \"WebdriverYardjjtihg\")][contains(@id ,\"application-addressmanagement-display-component---detailAdm--addressDetailDetailsName1\")]"}
RESULT: {"using":"xpath","value":"//span[contains(text(), \"WebdriverYardjjtihg\")][contains(@id ,\"application-addressmanagement-display-component---detailAdm--addressDetailDetailsName1\")]"}
COMMAND: POST /session/a69c452d5537070365773ced34b84773/element - {"using":"xpath","value":"//span[contains(text(), \"WebdriverYardjjtihg\")][contains(@id ,\"application-addressmanagement-display-component---detailAdm--addressDetailDetailsName1\")]"}
RESULT: {"using":"xpath","value":"//span[contains(text(), \"WebdriverYardjjtihg\")][contains(@id ,\"application-addressmanagement-display-component---detailAdm--addressDetailDetailsName1\")]"}
COMMAND: POST /session/a69c452d5537070365773ced34b84773/element - {"using":"xpath","value":"//span[contains(text(), \"WebdriverYardjjtihg\")][contains(@id ,\"application-addressmanagement-display-component---detailAdm--addressDetailDetailsName1\")]"}
RESULT: {"using":"xpath","value":"//span[contains(text(), \"WebdriverYardjjtihg\")][contains(@id ,\"application-addressmanagement-display-component---detailAdm--addressDetailDetailsName1\")]"}
COMMAND: POST /session/a69c452d5537070365773ced34b84773/element - {"using":"xpath","value":"//span[contains(text(), \"WebdriverYardjjtihg\")][contains(@id ,\"application-addressmanagement-display-component---detailAdm--addressDetailDetailsName1\")]"}
RESULT: {"using":"xpath","value":"//span[contains(text(), \"WebdriverYardjjtihg\")][contains(@id ,\"application-addressmanagement-display-component---detailAdm--addressDetailDetailsName1\")]"}
COMMAND: POST /session/a69c452d5537070365773ced34b84773/element - {"using":"xpath","value":"//span[contains(text(), \"WebdriverYardjjtihg\")][contains(@id ,\"application-addressmanagement-display-component---detailAdm--addressDetailDetailsName1\")]"}
RESULT: {"using":"xpath","value":"//span[contains(text(), \"WebdriverYardjjtihg\")][contains(@id ,\"application-addressmanagement-display-component---detailAdm--addressDetailDetailsName1\")]"}
COMMAND: POST /session/a69c452d5537070365773ced34b84773/element - {"using":"xpath","value":"//span[contains(text(), \"WebdriverYardjjtihg\")][contains(@id ,\"application-addressmanagement-display-component---detailAdm--addressDetailDetailsName1\")]"}
RESULT: {"using":"xpath","value":"//span[contains(text(), \"WebdriverYardjjtihg\")][contains(@id ,\"application-addressmanagement-display-component---detailAdm--addressDetailDetailsName1\")]"}
COMMAND: POST /session/a69c452d5537070365773ced34b84773/element - {"using":"xpath","value":"//span[contains(text(), \"WebdriverYardjjtihg\")][contains(@id ,\"application-addressmanagement-display-component---detailAdm--addressDetailDetailsName1\")]"}
RESULT: {"using":"xpath","value":"//span[contains(text(), \"WebdriverYardjjtihg\")][contains(@id ,\"application-addressmanagement-display-component---detailAdm--addressDetailDetailsName1\")]"}
COMMAND: POST /session/a69c452d5537070365773ced34b84773/element - {"using":"xpath","value":"//span[contains(text(), \"WebdriverYardjjtihg\")][contains(@id ,\"application-addressmanagement-display-component---detailAdm--addressDetailDetailsName1\")]"}
RESULT: {"using":"xpath","value":"//span[contains(text(), \"WebdriverYardjjtihg\")][contains(@id ,\"application-addressmanagement-display-component---detailAdm--addressDetailDetailsName1\")]"}
COMMAND: POST /session/a69c452d5537070365773ced34b84773/element - {"using":"xpath","value":"//span[contains(text(), \"WebdriverYardjjtihg\")][contains(@id ,\"application-addressmanagement-display-component---detailAdm--addressDetailDetailsName1\")]"}
RESULT: {"using":"xpath","value":"//span[contains(text(), \"WebdriverYardjjtihg\")][contains(@id ,\"application-addressmanagement-display-component---detailAdm--addressDetailDetailsName1\")]"}
COMMAND: POST /session/a69c452d5537070365773ced34b84773/element - {"using":"xpath","value":"//span[contains(text(), \"WebdriverYardjjtihg\")][contains(@id ,\"application-addressmanagement-display-component---detailAdm--addressDetailDetailsName1\")]"}
RESULT: {"using":"xpath","value":"//span[contains(text(), \"WebdriverYardjjtihg\")][contains(@id ,\"application-addressmanagement-display-component---detailAdm--addressDetailDetailsName1\")]"}
COMMAND: POST /session/a69c452d5537070365773ced34b84773/element - {"using":"xpath","value":"//span[contains(text(), \"WebdriverYardjjtihg\")][contains(@id ,\"application-addressmanagement-display-component---detailAdm--addressDetailDetailsName1\")]"}
RESULT: {"using":"xpath","value":"//span[contains(text(), \"WebdriverYardjjtihg\")][contains(@id ,\"application-addressmanagement-display-component---detailAdm--addressDetailDetailsName1\")]"}
COMMAND: POST /session/a69c452d5537070365773ced34b84773/element - {"using":"xpath","value":"//span[contains(text(), \"WebdriverYardjjtihg\")][contains(@id ,\"application-addressmanagement-display-component---detailAdm--addressDetailDetailsName1\")]"}
RESULT: {"using":"xpath","value":"//span[contains(text(), \"WebdriverYardjjtihg\")][contains(@id ,\"application-addressmanagement-display-component---detailAdm--addressDetailDetailsName1\")]"}
COMMAND: POST /session/a69c452d5537070365773ced34b84773/element - {"using":"xpath","value":"//span[contains(text(), \"WebdriverYardjjtihg\")][contains(@id ,\"application-addressmanagement-display-component---detailAdm--addressDetailDetailsName1\")]"}
RESULT: {"using":"xpath","value":"//span[contains(text(), \"WebdriverYardjjtihg\")][contains(@id ,\"application-addressmanagement-display-component---detailAdm--addressDetailDetailsName1\")]"}
COMMAND: POST /session/a69c452d5537070365773ced34b84773/element - {"using":"xpath","value":"//span[contains(text(), \"WebdriverYardjjtihg\")][contains(@id ,\"application-addressmanagement-display-component---detailAdm--addressDetailDetailsName1\")]"}
RESULT: {"using":"xpath","value":"//span[contains(text(), \"WebdriverYardjjtihg\")][contains(@id ,\"application-addressmanagement-display-component---detailAdm--addressDetailDetailsName1\")]"}
COMMAND: POST /session/a69c452d5537070365773ced34b84773/element - {"using":"xpath","value":"//span[contains(text(), \"WebdriverYardjjtihg\")][contains(@id ,\"application-addressmanagement-display-component---detailAdm--addressDetailDetailsName1\")]"}
RESULT: {"using":"xpath","value":"//span[contains(text(), \"WebdriverYardjjtihg\")][contains(@id ,\"application-addressmanagement-display-component---detailAdm--addressDetailDetailsName1\")]"}
COMMAND: POST /session/a69c452d5537070365773ced34b84773/element - {"using":"xpath","value":"//span[contains(text(), \"WebdriverYardjjtihg\")][contains(@id ,\"application-addressmanagement-display-component---detailAdm--addressDetailDetailsName1\")]"}
RESULT: {"using":"xpath","value":"//span[contains(text(), \"WebdriverYardjjtihg\")][contains(@id ,\"application-addressmanagement-display-component---detailAdm--addressDetailDetailsName1\")]"}
COMMAND: POST /session/a69c452d5537070365773ced34b84773/element - {"using":"xpath","value":"//span[contains(text(), \"WebdriverYardjjtihg\")][contains(@id ,\"application-addressmanagement-display-component---detailAdm--addressDetailDetailsName1\")]"}
RESULT: {"using":"xpath","value":"//span[contains(text(), \"WebdriverYardjjtihg\")][contains(@id ,\"application-addressmanagement-display-component---detailAdm--addressDetailDetailsName1\")]"}
COMMAND: POST /session/a69c452d5537070365773ced34b84773/element - {"using":"xpath","value":"//span[contains(text(), \"WebdriverYardjjtihg\")][contains(@id ,\"application-addressmanagement-display-component---detailAdm--addressDetailDetailsName1\")]"}
RESULT: {"using":"xpath","value":"//span[contains(text(), \"WebdriverYardjjtihg\")][contains(@id ,\"application-addressmanagement-display-component---detailAdm--addressDetailDetailsName1\")]"}
COMMAND: POST /session/a69c452d5537070365773ced34b84773/element - {"using":"xpath","value":"//span[contains(text(), \"WebdriverYardjjtihg\")][contains(@id ,\"application-addressmanagement-display-component---detailAdm--addressDetailDetailsName1\")]"}
RESULT: {"using":"xpath","value":"//span[contains(text(), \"WebdriverYardjjtihg\")][contains(@id ,\"application-addressmanagement-display-component---detailAdm--addressDetailDetailsName1\")]"}
COMMAND: POST /session/a69c452d5537070365773ced34b84773/element - {"using":"xpath","value":"//span[contains(text(), \"WebdriverYardjjtihg\")][contains(@id ,\"application-addressmanagement-display-component---detailAdm--addressDetailDetailsName1\")]"}
RESULT: {"using":"xpath","value":"//span[contains(text(), \"WebdriverYardjjtihg\")][contains(@id ,\"application-addressmanagement-display-component---detailAdm--addressDetailDetailsName1\")]"}
COMMAND: POST /session/a69c452d5537070365773ced34b84773/element - {"using":"xpath","value":"//span[contains(text(), \"WebdriverYardjjtihg\")][contains(@id ,\"application-addressmanagement-display-component---detailAdm--addressDetailDetailsName1\")]"}
RESULT: {"using":"xpath","value":"//span[contains(text(), \"WebdriverYardjjtihg\")][contains(@id ,\"application-addressmanagement-display-component---detailAdm--addressDetailDetailsName1\")]"}
COMMAND: POST /session/a69c452d5537070365773ced34b84773/element - {"using":"xpath","value":"//span[contains(text(), \"WebdriverYardjjtihg\")][contains(@id ,\"application-addressmanagement-display-component---detailAdm--addressDetailDetailsName1\")]"}
RESULT: {"using":"xpath","value":"//span[contains(text(), \"WebdriverYardjjtihg\")][contains(@id ,\"application-addressmanagement-display-component---detailAdm--addressDetailDetailsName1\")]"}
COMMAND: POST /session/a69c452d5537070365773ced34b84773/element - {"using":"xpath","value":"//span[contains(text(), \"WebdriverYardjjtihg\")][contains(@id ,\"application-addressmanagement-display-component---detailAdm--addressDetailDetailsName1\")]"}
RESULT: {"using":"xpath","value":"//span[contains(text(), \"WebdriverYardjjtihg\")][contains(@id ,\"application-addressmanagement-display-component---detailAdm--addressDetailDetailsName1\")]"}
COMMAND: POST /session/a69c452d5537070365773ced34b84773/execute/sync - {"script":"<script> [8489 bytes]","args":[{"element-6066-11e4-a52e-4f735466cecf":"f.A1EC521E3478ED742E3D5E167ABDE28C.d.153A24F9B06456F54D3D17F10B26F7B6.e.3336","ELEMENT":"f.A1EC521E3478ED742E3D5E167ABDE28C.d.153A24F9B06456F54D3D17F10B26F7B6.e.3336"}]}
COMMAND: POST /session/a69c452d5537070365773ced34b84773/element - {"using":"xpath","value":"//*[contains(@data-kt ,\"webshopDetailYardLink\")]"}
RESULT: {"using":"xpath","value":"//*[contains(@data-kt ,\"webshopDetailYardLink\")]"}
COMMAND: POST /session/a69c452d5537070365773ced34b84773/execute/sync - {"script":"<script> [8489 bytes]","args":[{"element-6066-11e4-a52e-4f735466cecf":"f.A1EC521E3478ED742E3D5E167ABDE28C.d.153A24F9B06456F54D3D17F10B26F7B6.e.3744","ELEMENT":"f.A1EC521E3478ED742E3D5E167ABDE28C.d.153A24F9B06456F54D3D17F10B26F7B6.e.3744"}]}
RESULT: {"script":"<script> [8489 bytes]","args":[{"element-6066-11e4-a52e-4f735466cecf":"f.A1EC521E3478ED742E3D5E167ABDE28C.d.153A24F9B06456F54D3D17F10B26F7B6.e.3744","ELEMENT":"f.A1EC521E3478ED742E3D5E167ABDE28C.d.153A24F9B06456F54D3D17F10B26F7B6.e.3744"}]}
COMMAND: POST /session/a69c452d5537070365773ced34b84773/execute/sync - {"script":"<script> [5351 bytes]","args":[{"element-6066-11e4-a52e-4f735466cecf":"f.A1EC521E3478ED742E3D5E167ABDE28C.d.153A24F9B06456F54D3D17F10B26F7B6.e.3744","ELEMENT":"f.A1EC521E3478ED742E3D5E167ABDE28C.d.153A24F9B06456F54D3D17F10B26F7B6.e.3744"}]}
COMMAND: GET /session/a69c452d5537070365773ced34b84773/screenshot - {}
RESULT: {"script":"<script> [5351 bytes]","args":[{"element-6066-11e4-a52e-4f735466cecf":"f.A1EC521E3478ED742E3D5E167ABDE28C.d.153A24F9B06456F54D3D17F10B26F7B6.e.3744","ELEMENT":"f.A1EC521E3478ED742E3D5E167ABDE28C.d.153A24F9B06456F54D3D17F10B26F7B6.e.3744"}]}
COMMAND: POST /session/a69c452d5537070365773ced34b84773/element - {"using":"xpath","value":"//*[contains(@data-kt ,\"webshopDetailYardLink\")]"}
COMMAND: GET /session/a69c452d5537070365773ced34b84773/screenshot - {}
COMMAND: POST /session/a69c452d5537070365773ced34b84773/element - {"using":"xpath","value":"//span[contains(text(), \"WebdriverYardjjtihg\")][contains(@id ,\"application-addressmanagement-display-component---detailAdm--addressDetailDetailsName1\")]"}
RESULT: {}
RESULT: {"using":"xpath","value":"//*[contains(@data-kt ,\"webshopDetailYardLink\")]"}
COMMAND: POST /session/a69c452d5537070365773ced34b84773/element/f.A1EC521E3478ED742E3D5E167ABDE28C.d.153A24F9B06456F54D3D17F10B26F7B6.e.3744/click - {}
RESULT: {}
RESULT: {"using":"xpath","value":"//span[contains(text(), \"WebdriverYardjjtihg\")][contains(@id ,\"application-addressmanagement-display-component---detailAdm--addressDetailDetailsName1\")]"}
RESULT: {}
COMMAND: GET /session/a69c452d5537070365773ced34b84773/screenshot - {}
RESULT: {}
COMMAND: POST /session/a69c452d5537070365773ced34b84773/element - {"using":"xpath","value":"//span[contains(text(), \"WebdriverYardjjtihg\")][contains(@id ,\"application-addressmanagement-display-component---detailAdm--addressDetailDetailsName1\")]"}
RESULT: {"using":"xpath","value":"//span[contains(text(), \"WebdriverYardjjtihg\")][contains(@id ,\"application-addressmanagement-display-component---detailAdm--addressDetailDetailsName1\")]"}
COMMAND: POST /session/a69c452d5537070365773ced34b84773/element - {"using":"xpath","value":"//span[contains(text(), \"WebdriverYardjjtihg\")][contains(@id ,\"application-addressmanagement-display-component---detailAdm--addressDetailDetailsName1\")]"}
RESULT: {"using":"xpath","value":"//span[contains(text(), \"WebdriverYardjjtihg\")][contains(@id ,\"application-addressmanagement-display-component---detailAdm--addressDetailDetailsName1\")]"}
COMMAND: POST /session/a69c452d5537070365773ced34b84773/element - {"using":"xpath","value":"//span[contains(text(), \"WebdriverYardjjtihg\")][contains(@id ,\"application-addressmanagement-display-component---detailAdm--addressDetailDetailsName1\")]"}
RESULT: {"using":"xpath","value":"//span[contains(text(), \"WebdriverYardjjtihg\")][contains(@id ,\"application-addressmanagement-display-component---detailAdm--addressDetailDetailsName1\")]"}
COMMAND: POST /session/a69c452d5537070365773ced34b84773/element - {"using":"xpath","value":"//button[contains(@data-kt ,\"ContextMenuExternalId2Link\")]"}
RESULT: {"using":"xpath","value":"//button[contains(@data-kt ,\"ContextMenuExternalId2Link\")]"}
COMMAND: POST /session/a69c452d5537070365773ced34b84773/element/f.A1EC521E3478ED742E3D5E167ABDE28C.d.153A24F9B06456F54D3D17F10B26F7B6.e.3745/click - {}
RESULT: {}
COMMAND: GET /session/a69c452d5537070365773ced34b84773/screenshot - {}
COMMAND: POST /session/a69c452d5537070365773ced34b84773/element - {"using":"xpath","value":"//span[contains(text(), \"WebdriverYardjjtihg\")][contains(@id ,\"application-addressmanagement-display-component---detailAdm--addressDetailDetailsName1\")]"}
RESULT: {}
RESULT: {"using":"xpath","value":"//span[contains(text(), \"WebdriverYardjjtihg\")][contains(@id ,\"application-addressmanagement-display-component---detailAdm--addressDetailDetailsName1\")]"}
COMMAND: POST /session/a69c452d5537070365773ced34b84773/element - {"using":"xpath","value":"//span[contains(text(), \"WebdriverYardjjtihg\")][contains(@id ,\"application-addressmanagement-display-component---detailAdm--addressDetailDetailsName1\")]"}
RESULT: {"using":"xpath","value":"//span[contains(text(), \"WebdriverYardjjtihg\")][contains(@id ,\"application-addressmanagement-display-component---detailAdm--addressDetailDetailsName1\")]"}
COMMAND: POST /session/a69c452d5537070365773ced34b84773/element - {"using":"xpath","value":"//span[contains(text(), \"WebdriverYardjjtihg\")][contains(@id ,\"application-addressmanagement-display-component---detailAdm--addressDetailDetailsName1\")]"}
RESULT: {"using":"xpath","value":"//span[contains(text(), \"WebdriverYardjjtihg\")][contains(@id ,\"application-addressmanagement-display-component---detailAdm--addressDetailDetailsName1\")]"}
COMMAND: POST /session/a69c452d5537070365773ced34b84773/element - {"using":"xpath","value":"//span[contains(text(), \"WebdriverYardjjtihg\")][contains(@id ,\"application-addressmanagement-display-component---detailAdm--addressDetailDetailsName1\")]"}
RESULT: {"using":"xpath","value":"//span[contains(text(), \"WebdriverYardjjtihg\")][contains(@id ,\"application-addressmanagement-display-component---detailAdm--addressDetailDetailsName1\")]"}
COMMAND: POST /session/a69c452d5537070365773ced34b84773/element - {"using":"xpath","value":"//span[contains(text(), \"WebdriverYardjjtihg\")][contains(@id ,\"application-addressmanagement-display-component---detailAdm--addressDetailDetailsName1\")]"}
RESULT: {"using":"xpath","value":"//span[contains(text(), \"WebdriverYardjjtihg\")][contains(@id ,\"application-addressmanagement-display-component---detailAdm--addressDetailDetailsName1\")]"}
COMMAND: POST /session/a69c452d5537070365773ced34b84773/element - {"using":"xpath","value":"//span[contains(text(), \"WebdriverYardjjtihg\")][contains(@id ,\"application-addressmanagement-display-component---detailAdm--addressDetailDetailsName1\")]"}
RESULT: {"using":"xpath","value":"//span[contains(text(), \"WebdriverYardjjtihg\")][contains(@id ,\"application-addressmanagement-display-component---detailAdm--addressDetailDetailsName1\")]"}
COMMAND: POST /session/a69c452d5537070365773ced34b84773/element - {"using":"xpath","value":"//span[contains(text(), \"WebdriverYardjjtihg\")][contains(@id ,\"application-addressmanagement-display-component---detailAdm--addressDetailDetailsName1\")]"}
RESULT: {"using":"xpath","value":"//span[contains(text(), \"WebdriverYardjjtihg\")][contains(@id ,\"application-addressmanagement-display-component---detailAdm--addressDetailDetailsName1\")]"}
COMMAND: POST /session/a69c452d5537070365773ced34b84773/element - {"using":"xpath","value":"//span[contains(text(), \"WebdriverYardjjtihg\")][contains(@id ,\"application-addressmanagement-display-component---detailAdm--addressDetailDetailsName1\")]"}
RESULT: {"using":"xpath","value":"//span[contains(text(), \"WebdriverYardjjtihg\")][contains(@id ,\"application-addressmanagement-display-component---detailAdm--addressDetailDetailsName1\")]"}
COMMAND: POST /session/a69c452d5537070365773ced34b84773/element - {"using":"xpath","value":"//span[contains(text(), \"WebdriverYardjjtihg\")][contains(@id ,\"application-addressmanagement-display-component---detailAdm--addressDetailDetailsName1\")]"}
RESULT: {"using":"xpath","value":"//span[contains(text(), \"WebdriverYardjjtihg\")][contains(@id ,\"application-addressmanagement-display-component---detailAdm--addressDetailDetailsName1\")]"}
COMMAND: POST /session/a69c452d5537070365773ced34b84773/element - {"using":"xpath","value":"//span[contains(text(), \"WebdriverYardjjtihg\")][contains(@id ,\"application-addressmanagement-display-component---detailAdm--addressDetailDetailsName1\")]"}
RESULT: {"using":"xpath","value":"//span[contains(text(), \"WebdriverYardjjtihg\")][contains(@id ,\"application-addressmanagement-display-component---detailAdm--addressDetailDetailsName1\")]"}
COMMAND: POST /session/a69c452d5537070365773ced34b84773/element - {"using":"xpath","value":"//span[contains(text(), \"WebdriverYardjjtihg\")][contains(@id ,\"application-addressmanagement-display-component---detailAdm--addressDetailDetailsName1\")]"}
RESULT: {"using":"xpath","value":"//span[contains(text(), \"WebdriverYardjjtihg\")][contains(@id ,\"application-addressmanagement-display-component---detailAdm--addressDetailDetailsName1\")]"}
COMMAND: POST /session/a69c452d5537070365773ced34b84773/element - {"using":"xpath","value":"//span[contains(text(), \"WebdriverYardjjtihg\")][contains(@id ,\"application-addressmanagement-display-component---detailAdm--addressDetailDetailsName1\")]"}
COMMAND: GET /session/a69c452d5537070365773ced34b84773/window/handles - {}
RESULT: {"using":"xpath","value":"//span[contains(text(), \"WebdriverYardjjtihg\")][contains(@id ,\"application-addressmanagement-display-component---detailAdm--addressDetailDetailsName1\")]"}
RESULT: {}
COMMAND: POST /session/a69c452d5537070365773ced34b84773/window - {"handle":"4924C72F6B618B43AFC3FEF964DCC3C3"}
RESULT: {"handle":"4924C72F6B618B43AFC3FEF964DCC3C3"}
COMMAND: GET /session/a69c452d5537070365773ced34b84773/url - {}
COMMAND: POST /session/a69c452d5537070365773ced34b84773/element - {"using":"xpath","value":"//span[contains(text(), \"WebdriverYardjjtihg\")][contains(@id ,\"application-addressmanagement-display-component---detailAdm--addressDetailDetailsName1\")]"}
RESULT: {}
COMMAND: GET /session/a69c452d5537070365773ced34b84773/screenshot - {}
RESULT: {"using":"xpath","value":"//span[contains(text(), \"WebdriverYardjjtihg\")][contains(@id ,\"application-addressmanagement-display-component---detailAdm--addressDetailDetailsName1\")]"}
RESULT: {}
COMMAND: POST /session/a69c452d5537070365773ced34b84773/element - {"using":"xpath","value":"//span[contains(text(), \"WebdriverYardjjtihg\")][contains(@id ,\"application-addressmanagement-display-component---detailAdm--addressDetailDetailsName1\")]"}
RESULT: {"using":"xpath","value":"//span[contains(text(), \"WebdriverYardjjtihg\")][contains(@id ,\"application-addressmanagement-display-component---detailAdm--addressDetailDetailsName1\")]"}
COMMAND: POST /session/a69c452d5537070365773ced34b84773/element - {"using":"xpath","value":"//span[contains(text(), \"WebdriverYardjjtihg\")][contains(@id ,\"application-addressmanagement-display-component---detailAdm--addressDetailDetailsName1\")]"}
RESULT: {"using":"xpath","value":"//span[contains(text(), \"WebdriverYardjjtihg\")][contains(@id ,\"application-addressmanagement-display-component---detailAdm--addressDetailDetailsName1\")]"}
COMMAND: POST /session/a69c452d5537070365773ced34b84773/element - {"using":"xpath","value":"//span[contains(text(), \"WebdriverYardjjtihg\")][contains(@id ,\"application-addressmanagement-display-component---detailAdm--addressDetailDetailsName1\")]"}
RESULT: {"using":"xpath","value":"//span[contains(text(), \"WebdriverYardjjtihg\")][contains(@id ,\"application-addressmanagement-display-component---detailAdm--addressDetailDetailsName1\")]"}
COMMAND: POST /session/a69c452d5537070365773ced34b84773/element - {"using":"xpath","value":"//span[contains(text(), \"WebdriverYardjjtihg\")][contains(@id ,\"application-addressmanagement-display-component---detailAdm--addressDetailDetailsName1\")]"}
RESULT: {"using":"xpath","value":"//span[contains(text(), \"WebdriverYardjjtihg\")][contains(@id ,\"application-addressmanagement-display-component---detailAdm--addressDetailDetailsName1\")]"}
COMMAND: POST /session/a69c452d5537070365773ced34b84773/element - {"using":"xpath","value":"//span[contains(text(), \"WebdriverYardjjtihg\")][contains(@id ,\"application-addressmanagement-display-component---detailAdm--addressDetailDetailsName1\")]"}
RESULT: {"using":"xpath","value":"//span[contains(text(), \"WebdriverYardjjtihg\")][contains(@id ,\"application-addressmanagement-display-component---detailAdm--addressDetailDetailsName1\")]"}
COMMAND: POST /session/a69c452d5537070365773ced34b84773/element - {"using":"xpath","value":"//span[contains(text(), \"WebdriverYardjjtihg\")][contains(@id ,\"application-addressmanagement-display-component---detailAdm--addressDetailDetailsName1\")]"}
RESULT: {"using":"xpath","value":"//span[contains(text(), \"WebdriverYardjjtihg\")][contains(@id ,\"application-addressmanagement-display-component---detailAdm--addressDetailDetailsName1\")]"}
COMMAND: POST /session/a69c452d5537070365773ced34b84773/element - {"using":"xpath","value":"//span[contains(text(), \"WebdriverYardjjtihg\")][contains(@id ,\"application-addressmanagement-display-component---detailAdm--addressDetailDetailsName1\")]"}
RESULT: {"using":"xpath","value":"//span[contains(text(), \"WebdriverYardjjtihg\")][contains(@id ,\"application-addressmanagement-display-component---detailAdm--addressDetailDetailsName1\")]"}
COMMAND: POST /session/a69c452d5537070365773ced34b84773/execute/sync - {"script":"<script> [8489 bytes]","args":[{"element-6066-11e4-a52e-4f735466cecf":"f.A1EC521E3478ED742E3D5E167ABDE28C.d.153A24F9B06456F54D3D17F10B26F7B6.e.3339","ELEMENT":"f.A1EC521E3478ED742E3D5E167ABDE28C.d.153A24F9B06456F54D3D17F10B26F7B6.e.3339"}]}
COMMAND: DELETE /session/a69c452d5537070365773ced34b84773/window - {}
COMMAND: POST /session/a69c452d5537070365773ced34b84773/element - {"using":"xpath","value":"//span[contains(text(), \"WebdriverYardjjtihg\")][contains(@id ,\"application-addressmanagement-display-component---detailAdm--addressDetailDetailsName1\")]"}
RESULT: {}
COMMAND: POST /session/a69c452d5537070365773ced34b84773/window - {"handle":"A1EC521E3478ED742E3D5E167ABDE28C"}
RESULT: {"handle":"A1EC521E3478ED742E3D5E167ABDE28C"}
COMMAND: GET /session/a69c452d5537070365773ced34b84773/url - {}
COMMAND: POST /session/a69c452d5537070365773ced34b84773/element - {"using":"xpath","value":"//span[contains(@id ,\"title\")][contains(text(), \"WebdriverYard9nlkj\")]"}
RESULT: {"using":"xpath","value":"//span[contains(text(), \"WebdriverYardjjtihg\")][contains(@id ,\"application-addressmanagement-display-component---detailAdm--addressDetailDetailsName1\")]"}
RESULT: {}
COMMAND: GET /session/a69c452d5537070365773ced34b84773/screenshot - {}
RESULT: {"using":"xpath","value":"//span[contains(@id ,\"title\")][contains(text(), \"WebdriverYard9nlkj\")]"}
COMMAND: POST /session/a69c452d5537070365773ced34b84773/execute/sync - {"script":"<script> [8489 bytes]","args":[{"element-6066-11e4-a52e-4f735466cecf":"f.A1EC521E3478ED742E3D5E167ABDE28C.d.153A24F9B06456F54D3D17F10B26F7B6.e.3775","ELEMENT":"f.A1EC521E3478ED742E3D5E167ABDE28C.d.153A24F9B06456F54D3D17F10B26F7B6.e.3775"}]}
COMMAND: POST /session/a69c452d5537070365773ced34b84773/element - {"using":"xpath","value":"//span[contains(text(), \"WebdriverYardjjtihg\")][contains(@id ,\"application-addressmanagement-display-component---detailAdm--addressDetailDetailsName1\")]"}
RESULT: {}
RESULT: {"script":"<script> [8489 bytes]","args":[{"element-6066-11e4-a52e-4f735466cecf":"f.A1EC521E3478ED742E3D5E167ABDE28C.d.153A24F9B06456F54D3D17F10B26F7B6.e.3775","ELEMENT":"f.A1EC521E3478ED742E3D5E167ABDE28C.d.153A24F9B06456F54D3D17F10B26F7B6.e.3775"}]}
COMMAND: GET /session/a69c452d5537070365773ced34b84773/screenshot - {}
RESULT: {"using":"xpath","value":"//span[contains(text(), \"WebdriverYardjjtihg\")][contains(@id ,\"application-addressmanagement-display-component---detailAdm--addressDetailDetailsName1\")]"}
RESULT: {}
COMMAND: POST /session/a69c452d5537070365773ced34b84773/element - {"using":"xpath","value":"//span[contains(text(), \"WebdriverYardjjtihg\")][contains(@id ,\"application-addressmanagement-display-component---detailAdm--addressDetailDetailsName1\")]"}
RESULT: {"using":"xpath","value":"//span[contains(text(), \"WebdriverYardjjtihg\")][contains(@id ,\"application-addressmanagement-display-component---detailAdm--addressDetailDetailsName1\")]"}
COMMAND: POST /session/a69c452d5537070365773ced34b84773/element - {"using":"xpath","value":"//span[contains(text(), \"WebdriverYardjjtihg\")][contains(@id ,\"application-addressmanagement-display-component---detailAdm--addressDetailDetailsName1\")]"}
RESULT: {"using":"xpath","value":"//span[contains(text(), \"WebdriverYardjjtihg\")][contains(@id ,\"application-addressmanagement-display-component---detailAdm--addressDetailDetailsName1\")]"}
COMMAND: POST /session/a69c452d5537070365773ced34b84773/element - {"using":"xpath","value":"//span[contains(text(), \"WebdriverYardjjtihg\")][contains(@id ,\"application-addressmanagement-display-component---detailAdm--addressDetailDetailsName1\")]"}
RESULT: {"using":"xpath","value":"//span[contains(text(), \"WebdriverYardjjtihg\")][contains(@id ,\"application-addressmanagement-display-component---detailAdm--addressDetailDetailsName1\")]"}
COMMAND: POST /session/a69c452d5537070365773ced34b84773/element - {"using":"xpath","value":"//span[contains(text(), \"WebdriverYardjjtihg\")][contains(@id ,\"application-addressmanagement-display-component---detailAdm--addressDetailDetailsName1\")]"}
RESULT: {"using":"xpath","value":"//span[contains(text(), \"WebdriverYardjjtihg\")][contains(@id ,\"application-addressmanagement-display-component---detailAdm--addressDetailDetailsName1\")]"}
COMMAND: POST /session/a69c452d5537070365773ced34b84773/element - {"using":"xpath","value":"//span[contains(text(), \"WebdriverYardjjtihg\")][contains(@id ,\"application-addressmanagement-display-component---detailAdm--addressDetailDetailsName1\")]"}
RESULT: {"using":"xpath","value":"//span[contains(text(), \"WebdriverYardjjtihg\")][contains(@id ,\"application-addressmanagement-display-component---detailAdm--addressDetailDetailsName1\")]"}
COMMAND: POST /session/a69c452d5537070365773ced34b84773/element - {"using":"xpath","value":"//span[contains(text(), \"WebdriverYardjjtihg\")][contains(@id ,\"application-addressmanagement-display-component---detailAdm--addressDetailDetailsName1\")]"}
RESULT: {"using":"xpath","value":"//span[contains(text(), \"WebdriverYardjjtihg\")][contains(@id ,\"application-addressmanagement-display-component---detailAdm--addressDetailDetailsName1\")]"}
COMMAND: POST /session/a69c452d5537070365773ced34b84773/element - {"using":"xpath","value":"//span[contains(text(), \"WebdriverYardjjtihg\")][contains(@id ,\"application-addressmanagement-display-component---detailAdm--addressDetailDetailsName1\")]"}
RESULT: {"using":"xpath","value":"//span[contains(text(), \"WebdriverYardjjtihg\")][contains(@id ,\"application-addressmanagement-display-component---detailAdm--addressDetailDetailsName1\")]"}
COMMAND: POST /session/a69c452d5537070365773ced34b84773/element - {"using":"xpath","value":"//span[contains(text(), \"WebdriverYardjjtihg\")][contains(@id ,\"application-addressmanagement-display-component---detailAdm--addressDetailDetailsName1\")]"}
RESULT: {"using":"xpath","value":"//span[contains(text(), \"WebdriverYardjjtihg\")][contains(@id ,\"application-addressmanagement-display-component---detailAdm--addressDetailDetailsName1\")]"}
COMMAND: POST /session/a69c452d5537070365773ced34b84773/element - {"using":"xpath","value":"//button[contains(@data-kt ,\"ContextMenuExternalId3Link\")]"}
COMMAND: POST /session/a69c452d5537070365773ced34b84773/element - {"using":"xpath","value":"//span[contains(text(), \"WebdriverYardjjtihg\")][contains(@id ,\"application-addressmanagement-display-component---detailAdm--addressDetailDetailsName1\")]"}
RESULT: {"using":"xpath","value":"//button[contains(@data-kt ,\"ContextMenuExternalId3Link\")]"}
COMMAND: POST /session/a69c452d5537070365773ced34b84773/element/f.A1EC521E3478ED742E3D5E167ABDE28C.d.153A24F9B06456F54D3D17F10B26F7B6.e.3776/click - {}
RESULT: {"using":"xpath","value":"//span[contains(text(), \"WebdriverYardjjtihg\")][contains(@id ,\"application-addressmanagement-display-component---detailAdm--addressDetailDetailsName1\")]"}
RESULT: {}
COMMAND: GET /session/a69c452d5537070365773ced34b84773/screenshot - {}
COMMAND: POST /session/a69c452d5537070365773ced34b84773/element - {"using":"xpath","value":"//span[contains(text(), \"WebdriverYardjjtihg\")][contains(@id ,\"application-addressmanagement-display-component---detailAdm--addressDetailDetailsName1\")]"}
RESULT: {}
RESULT: {"using":"xpath","value":"//span[contains(text(), \"WebdriverYardjjtihg\")][contains(@id ,\"application-addressmanagement-display-component---detailAdm--addressDetailDetailsName1\")]"}
COMMAND: POST /session/a69c452d5537070365773ced34b84773/element - {"using":"xpath","value":"//span[contains(text(), \"WebdriverYardjjtihg\")][contains(@id ,\"application-addressmanagement-display-component---detailAdm--addressDetailDetailsName1\")]"}
RESULT: {"using":"xpath","value":"//span[contains(text(), \"WebdriverYardjjtihg\")][contains(@id ,\"application-addressmanagement-display-component---detailAdm--addressDetailDetailsName1\")]"}
COMMAND: POST /session/a69c452d5537070365773ced34b84773/element - {"using":"xpath","value":"//span[contains(text(), \"WebdriverYardjjtihg\")][contains(@id ,\"application-addressmanagement-display-component---detailAdm--addressDetailDetailsName1\")]"}
RESULT: {"using":"xpath","value":"//span[contains(text(), \"WebdriverYardjjtihg\")][contains(@id ,\"application-addressmanagement-display-component---detailAdm--addressDetailDetailsName1\")]"}
COMMAND: POST /session/a69c452d5537070365773ced34b84773/element - {"using":"xpath","value":"//span[contains(text(), \"WebdriverYardjjtihg\")][contains(@id ,\"application-addressmanagement-display-component---detailAdm--addressDetailDetailsName1\")]"}
RESULT: {"using":"xpath","value":"//span[contains(text(), \"WebdriverYardjjtihg\")][contains(@id ,\"application-addressmanagement-display-component---detailAdm--addressDetailDetailsName1\")]"}
COMMAND: GET /session/a69c452d5537070365773ced34b84773/window/handles - {}
RESULT: {}
COMMAND: POST /session/a69c452d5537070365773ced34b84773/window - {"handle":"E1F7B7D7DA006A572AB543C67AEBBB81"}
RESULT: {"handle":"E1F7B7D7DA006A572AB543C67AEBBB81"}
COMMAND: GET /session/a69c452d5537070365773ced34b84773/url - {}
RESULT: {}
COMMAND: GET /session/a69c452d5537070365773ced34b84773/screenshot - {}
RESULT: {}
COMMAND: POST /session/a69c452d5537070365773ced34b84773/element - {"using":"xpath","value":"//span[contains(text(), \"WebdriverYardjjtihg\")][contains(@id ,\"application-addressmanagement-display-component---detailAdm--addressDetailDetailsName1\")]"}
COMMAND: DELETE /session/a69c452d5537070365773ced34b84773/window - {}
RESULT: {}
COMMAND: POST /session/a69c452d5537070365773ced34b84773/window - {"handle":"A1EC521E3478ED742E3D5E167ABDE28C"}
RESULT: {"handle":"A1EC521E3478ED742E3D5E167ABDE28C"}
COMMAND: GET /session/a69c452d5537070365773ced34b84773/url - {}
RESULT: {"using":"xpath","value":"//span[contains(text(), \"WebdriverYardjjtihg\")][contains(@id ,\"application-addressmanagement-display-component---detailAdm--addressDetailDetailsName1\")]"}
RESULT: {}
COMMAND: GET /session/a69c452d5537070365773ced34b84773/screenshot - {}
RESULT: {}
COMMAND: POST /session/a69c452d5537070365773ced34b84773/element - {"using":"xpath","value":"//span[contains(text(), \"WebdriverYardjjtihg\")][contains(@id ,\"application-addressmanagement-display-component---detailAdm--addressDetailDetailsName1\")]"}
RESULT: {"using":"xpath","value":"//span[contains(text(), \"WebdriverYardjjtihg\")][contains(@id ,\"application-addressmanagement-display-component---detailAdm--addressDetailDetailsName1\")]"}
COMMAND: POST /session/a69c452d5537070365773ced34b84773/element - {"using":"xpath","value":"//span[contains(text(), \"WebdriverYardjjtihg\")][contains(@id ,\"application-addressmanagement-display-component---detailAdm--addressDetailDetailsName1\")]"}
RESULT: {"using":"xpath","value":"//span[contains(text(), \"WebdriverYardjjtihg\")][contains(@id ,\"application-addressmanagement-display-component---detailAdm--addressDetailDetailsName1\")]"}
COMMAND: POST /session/a69c452d5537070365773ced34b84773/element - {"using":"xpath","value":"//span[contains(text(), \"WebdriverYardjjtihg\")][contains(@id ,\"application-addressmanagement-display-component---detailAdm--addressDetailDetailsName1\")]"}
RESULT: {"using":"xpath","value":"//span[contains(text(), \"WebdriverYardjjtihg\")][contains(@id ,\"application-addressmanagement-display-component---detailAdm--addressDetailDetailsName1\")]"}
COMMAND: POST /session/a69c452d5537070365773ced34b84773/element - {"using":"xpath","value":"//span[contains(text(), \"WebdriverYardjjtihg\")][contains(@id ,\"application-addressmanagement-display-component---detailAdm--addressDetailDetailsName1\")]"}
RESULT: {"using":"xpath","value":"//span[contains(text(), \"WebdriverYardjjtihg\")][contains(@id ,\"application-addressmanagement-display-component---detailAdm--addressDetailDetailsName1\")]"}
COMMAND: POST /session/a69c452d5537070365773ced34b84773/element - {"using":"xpath","value":"//span[contains(text(), \"WebdriverYardjjtihg\")][contains(@id ,\"application-addressmanagement-display-component---detailAdm--addressDetailDetailsName1\")]"}
RESULT: {"using":"xpath","value":"//span[contains(text(), \"WebdriverYardjjtihg\")][contains(@id ,\"application-addressmanagement-display-component---detailAdm--addressDetailDetailsName1\")]"}
COMMAND: POST /session/a69c452d5537070365773ced34b84773/element - {"using":"xpath","value":"//span[contains(text(), \"WebdriverYardjjtihg\")][contains(@id ,\"application-addressmanagement-display-component---detailAdm--addressDetailDetailsName1\")]"}
RESULT: {"using":"xpath","value":"//span[contains(text(), \"WebdriverYardjjtihg\")][contains(@id ,\"application-addressmanagement-display-component---detailAdm--addressDetailDetailsName1\")]"}
COMMAND: POST /session/a69c452d5537070365773ced34b84773/element - {"using":"xpath","value":"//span[contains(text(), \"WebdriverYardjjtihg\")][contains(@id ,\"application-addressmanagement-display-component---detailAdm--addressDetailDetailsName1\")]"}
RESULT: {"using":"xpath","value":"//span[contains(text(), \"WebdriverYardjjtihg\")][contains(@id ,\"application-addressmanagement-display-component---detailAdm--addressDetailDetailsName1\")]"}
COMMAND: POST /session/a69c452d5537070365773ced34b84773/element - {"using":"xpath","value":"//span[contains(text(), \"WebdriverYardjjtihg\")][contains(@id ,\"application-addressmanagement-display-component---detailAdm--addressDetailDetailsName1\")]"}
RESULT: {"using":"xpath","value":"//span[contains(text(), \"WebdriverYardjjtihg\")][contains(@id ,\"application-addressmanagement-display-component---detailAdm--addressDetailDetailsName1\")]"}
COMMAND: POST /session/a69c452d5537070365773ced34b84773/element - {"using":"xpath","value":"//span[contains(text(), \"WebdriverYardjjtihg\")][contains(@id ,\"application-addressmanagement-display-component---detailAdm--addressDetailDetailsName1\")]"}
RESULT: {"using":"xpath","value":"//span[contains(text(), \"WebdriverYardjjtihg\")][contains(@id ,\"application-addressmanagement-display-component---detailAdm--addressDetailDetailsName1\")]"}
]]></system-out>
    </testcase>
    <testcase classname="chrome.136_0_7103_93.windows.Webshop_-_Hyperlinks_visible_and_working_properly__US139085" name="Shpuld verify site hyperlinks" time="228.203">
      <system-out><![CDATA[
COMMAND: POST /session/a69c452d5537070365773ced34b84773/element - {"using":"xpath","value":"//*[contains(@data-kt ,\"webshopDetailSiteLink\")]"}
RESULT: {"using":"xpath","value":"//*[contains(@data-kt ,\"webshopDetailSiteLink\")]"}
COMMAND: POST /session/a69c452d5537070365773ced34b84773/execute/sync - {"script":"<script> [8489 bytes]","args":[{"element-6066-11e4-a52e-4f735466cecf":"f.A1EC521E3478ED742E3D5E167ABDE28C.d.153A24F9B06456F54D3D17F10B26F7B6.e.3986","ELEMENT":"f.A1EC521E3478ED742E3D5E167ABDE28C.d.153A24F9B06456F54D3D17F10B26F7B6.e.3986"}]}
COMMAND: POST /session/a69c452d5537070365773ced34b84773/element - {"using":"xpath","value":"//span[contains(text(), \"WebdriverYardjjtihg\")][contains(@id ,\"application-addressmanagement-display-component---detailAdm--addressDetailDetailsName1\")]"}
RESULT: {"script":"<script> [8489 bytes]","args":[{"element-6066-11e4-a52e-4f735466cecf":"f.A1EC521E3478ED742E3D5E167ABDE28C.d.153A24F9B06456F54D3D17F10B26F7B6.e.3986","ELEMENT":"f.A1EC521E3478ED742E3D5E167ABDE28C.d.153A24F9B06456F54D3D17F10B26F7B6.e.3986"}]}
COMMAND: POST /session/a69c452d5537070365773ced34b84773/execute/sync - {"script":"<script> [5351 bytes]","args":[{"element-6066-11e4-a52e-4f735466cecf":"f.A1EC521E3478ED742E3D5E167ABDE28C.d.153A24F9B06456F54D3D17F10B26F7B6.e.3986","ELEMENT":"f.A1EC521E3478ED742E3D5E167ABDE28C.d.153A24F9B06456F54D3D17F10B26F7B6.e.3986"}]}
COMMAND: GET /session/a69c452d5537070365773ced34b84773/screenshot - {}
RESULT: {"using":"xpath","value":"//span[contains(text(), \"WebdriverYardjjtihg\")][contains(@id ,\"application-addressmanagement-display-component---detailAdm--addressDetailDetailsName1\")]"}
RESULT: {"script":"<script> [5351 bytes]","args":[{"element-6066-11e4-a52e-4f735466cecf":"f.A1EC521E3478ED742E3D5E167ABDE28C.d.153A24F9B06456F54D3D17F10B26F7B6.e.3986","ELEMENT":"f.A1EC521E3478ED742E3D5E167ABDE28C.d.153A24F9B06456F54D3D17F10B26F7B6.e.3986"}]}
COMMAND: POST /session/a69c452d5537070365773ced34b84773/element - {"using":"xpath","value":"//*[contains(@data-kt ,\"webshopDetailSiteLink\")]"}
COMMAND: GET /session/a69c452d5537070365773ced34b84773/screenshot - {}
RESULT: {}
RESULT: {"using":"xpath","value":"//*[contains(@data-kt ,\"webshopDetailSiteLink\")]"}
COMMAND: POST /session/a69c452d5537070365773ced34b84773/element/f.A1EC521E3478ED742E3D5E167ABDE28C.d.153A24F9B06456F54D3D17F10B26F7B6.e.3986/click - {}
RESULT: {}
COMMAND: POST /session/a69c452d5537070365773ced34b84773/element - {"using":"xpath","value":"//span[contains(text(), \"WebdriverYardjjtihg\")][contains(@id ,\"application-addressmanagement-display-component---detailAdm--addressDetailDetailsName1\")]"}
RESULT: {}
COMMAND: GET /session/a69c452d5537070365773ced34b84773/screenshot - {}
RESULT: {"using":"xpath","value":"//span[contains(text(), \"WebdriverYardjjtihg\")][contains(@id ,\"application-addressmanagement-display-component---detailAdm--addressDetailDetailsName1\")]"}
RESULT: {}
COMMAND: POST /session/a69c452d5537070365773ced34b84773/element - {"using":"xpath","value":"//span[contains(text(), \"WebdriverYardjjtihg\")][contains(@id ,\"application-addressmanagement-display-component---detailAdm--addressDetailDetailsName1\")]"}
RESULT: {"using":"xpath","value":"//span[contains(text(), \"WebdriverYardjjtihg\")][contains(@id ,\"application-addressmanagement-display-component---detailAdm--addressDetailDetailsName1\")]"}
COMMAND: POST /session/a69c452d5537070365773ced34b84773/element - {"using":"xpath","value":"//span[contains(text(), \"WebdriverYardjjtihg\")][contains(@id ,\"application-addressmanagement-display-component---detailAdm--addressDetailDetailsName1\")]"}
RESULT: {"using":"xpath","value":"//span[contains(text(), \"WebdriverYardjjtihg\")][contains(@id ,\"application-addressmanagement-display-component---detailAdm--addressDetailDetailsName1\")]"}
COMMAND: POST /session/a69c452d5537070365773ced34b84773/element - {"using":"xpath","value":"//span[contains(text(), \"WebdriverYardjjtihg\")][contains(@id ,\"application-addressmanagement-display-component---detailAdm--addressDetailDetailsName1\")]"}
RESULT: {"using":"xpath","value":"//span[contains(text(), \"WebdriverYardjjtihg\")][contains(@id ,\"application-addressmanagement-display-component---detailAdm--addressDetailDetailsName1\")]"}
COMMAND: POST /session/a69c452d5537070365773ced34b84773/element - {"using":"xpath","value":"//*[contains(@data-kt ,\"ContextMenuIdLink\")][contains(text(), \"Manage Site\")]"}
RESULT: {"using":"xpath","value":"//*[contains(@data-kt ,\"ContextMenuIdLink\")][contains(text(), \"Manage Site\")]"}
COMMAND: POST /session/a69c452d5537070365773ced34b84773/execute/sync - {"script":"<script> [8489 bytes]","args":[{"element-6066-11e4-a52e-4f735466cecf":"f.A1EC521E3478ED742E3D5E167ABDE28C.d.153A24F9B06456F54D3D17F10B26F7B6.e.3988","ELEMENT":"f.A1EC521E3478ED742E3D5E167ABDE28C.d.153A24F9B06456F54D3D17F10B26F7B6.e.3988"}]}
COMMAND: POST /session/a69c452d5537070365773ced34b84773/element - {"using":"xpath","value":"//*[contains(@data-kt ,\"ContextMenuId2Link\")][contains(text(), \"Site Overview\")]"}
RESULT: {"script":"<script> [8489 bytes]","args":[{"element-6066-11e4-a52e-4f735466cecf":"f.A1EC521E3478ED742E3D5E167ABDE28C.d.153A24F9B06456F54D3D17F10B26F7B6.e.3988","ELEMENT":"f.A1EC521E3478ED742E3D5E167ABDE28C.d.153A24F9B06456F54D3D17F10B26F7B6.e.3988"}]}
COMMAND: GET /session/a69c452d5537070365773ced34b84773/screenshot - {}
RESULT: {"using":"xpath","value":"//*[contains(@data-kt ,\"ContextMenuId2Link\")][contains(text(), \"Site Overview\")]"}
COMMAND: POST /session/a69c452d5537070365773ced34b84773/execute/sync - {"script":"<script> [8489 bytes]","args":[{"element-6066-11e4-a52e-4f735466cecf":"f.A1EC521E3478ED742E3D5E167ABDE28C.d.153A24F9B06456F54D3D17F10B26F7B6.e.3989","ELEMENT":"f.A1EC521E3478ED742E3D5E167ABDE28C.d.153A24F9B06456F54D3D17F10B26F7B6.e.3989"}]}
COMMAND: POST /session/a69c452d5537070365773ced34b84773/element - {"using":"xpath","value":"//*[contains(@data-kt ,\"ContextMenuId3Link\")][contains(text(), \"Site Main Address\")]"}
COMMAND: POST /session/a69c452d5537070365773ced34b84773/element - {"using":"xpath","value":"//span[contains(text(), \"WebdriverYardjjtihg\")][contains(@id ,\"application-addressmanagement-display-component---detailAdm--addressDetailDetailsName1\")]"}
RESULT: {}
RESULT: {"script":"<script> [8489 bytes]","args":[{"element-6066-11e4-a52e-4f735466cecf":"f.A1EC521E3478ED742E3D5E167ABDE28C.d.153A24F9B06456F54D3D17F10B26F7B6.e.3989","ELEMENT":"f.A1EC521E3478ED742E3D5E167ABDE28C.d.153A24F9B06456F54D3D17F10B26F7B6.e.3989"}]}
COMMAND: GET /session/a69c452d5537070365773ced34b84773/screenshot - {}
RESULT: {"using":"xpath","value":"//*[contains(@data-kt ,\"ContextMenuId3Link\")][contains(text(), \"Site Main Address\")]"}
COMMAND: POST /session/a69c452d5537070365773ced34b84773/execute/sync - {"script":"<script> [8489 bytes]","args":[{"element-6066-11e4-a52e-4f735466cecf":"f.A1EC521E3478ED742E3D5E167ABDE28C.d.153A24F9B06456F54D3D17F10B26F7B6.e.3990","ELEMENT":"f.A1EC521E3478ED742E3D5E167ABDE28C.d.153A24F9B06456F54D3D17F10B26F7B6.e.3990"}]}
COMMAND: POST /session/a69c452d5537070365773ced34b84773/element/f.A1EC521E3478ED742E3D5E167ABDE28C.d.153A24F9B06456F54D3D17F10B26F7B6.e.3988/click - {}
RESULT: {"using":"xpath","value":"//span[contains(text(), \"WebdriverYardjjtihg\")][contains(@id ,\"application-addressmanagement-display-component---detailAdm--addressDetailDetailsName1\")]"}
RESULT: {}
RESULT: {"script":"<script> [8489 bytes]","args":[{"element-6066-11e4-a52e-4f735466cecf":"f.A1EC521E3478ED742E3D5E167ABDE28C.d.153A24F9B06456F54D3D17F10B26F7B6.e.3990","ELEMENT":"f.A1EC521E3478ED742E3D5E167ABDE28C.d.153A24F9B06456F54D3D17F10B26F7B6.e.3990"}]}
COMMAND: GET /session/a69c452d5537070365773ced34b84773/screenshot - {}
COMMAND: POST /session/a69c452d5537070365773ced34b84773/element - {"using":"xpath","value":"//span[contains(text(), \"WebdriverYardjjtihg\")][contains(@id ,\"application-addressmanagement-display-component---detailAdm--addressDetailDetailsName1\")]"}
RESULT: {}
COMMAND: GET /session/a69c452d5537070365773ced34b84773/screenshot - {}
RESULT: {}
RESULT: {"using":"xpath","value":"//span[contains(text(), \"WebdriverYardjjtihg\")][contains(@id ,\"application-addressmanagement-display-component---detailAdm--addressDetailDetailsName1\")]"}
COMMAND: POST /session/a69c452d5537070365773ced34b84773/element - {"using":"xpath","value":"//span[contains(text(), \"WebdriverYardjjtihg\")][contains(@id ,\"application-addressmanagement-display-component---detailAdm--addressDetailDetailsName1\")]"}
RESULT: {}
RESULT: {"using":"xpath","value":"//span[contains(text(), \"WebdriverYardjjtihg\")][contains(@id ,\"application-addressmanagement-display-component---detailAdm--addressDetailDetailsName1\")]"}
COMMAND: POST /session/a69c452d5537070365773ced34b84773/element - {"using":"xpath","value":"//span[contains(text(), \"WebdriverYardjjtihg\")][contains(@id ,\"application-addressmanagement-display-component---detailAdm--addressDetailDetailsName1\")]"}
RESULT: {"using":"xpath","value":"//span[contains(text(), \"WebdriverYardjjtihg\")][contains(@id ,\"application-addressmanagement-display-component---detailAdm--addressDetailDetailsName1\")]"}
COMMAND: POST /session/a69c452d5537070365773ced34b84773/element - {"using":"xpath","value":"//span[contains(text(), \"WebdriverYardjjtihg\")][contains(@id ,\"application-addressmanagement-display-component---detailAdm--addressDetailDetailsName1\")]"}
RESULT: {"using":"xpath","value":"//span[contains(text(), \"WebdriverYardjjtihg\")][contains(@id ,\"application-addressmanagement-display-component---detailAdm--addressDetailDetailsName1\")]"}
COMMAND: POST /session/a69c452d5537070365773ced34b84773/element - {"using":"xpath","value":"//span[contains(text(), \"WebdriverYardjjtihg\")][contains(@id ,\"application-addressmanagement-display-component---detailAdm--addressDetailDetailsName1\")]"}
RESULT: {"using":"xpath","value":"//span[contains(text(), \"WebdriverYardjjtihg\")][contains(@id ,\"application-addressmanagement-display-component---detailAdm--addressDetailDetailsName1\")]"}
COMMAND: POST /session/a69c452d5537070365773ced34b84773/element - {"using":"xpath","value":"//span[contains(text(), \"WebdriverYardjjtihg\")][contains(@id ,\"application-addressmanagement-display-component---detailAdm--addressDetailDetailsName1\")]"}
RESULT: {"using":"xpath","value":"//span[contains(text(), \"WebdriverYardjjtihg\")][contains(@id ,\"application-addressmanagement-display-component---detailAdm--addressDetailDetailsName1\")]"}
COMMAND: POST /session/a69c452d5537070365773ced34b84773/element - {"using":"xpath","value":"//span[contains(text(), \"WebdriverYardjjtihg\")][contains(@id ,\"application-addressmanagement-display-component---detailAdm--addressDetailDetailsName1\")]"}
RESULT: {"using":"xpath","value":"//span[contains(text(), \"WebdriverYardjjtihg\")][contains(@id ,\"application-addressmanagement-display-component---detailAdm--addressDetailDetailsName1\")]"}
COMMAND: POST /session/a69c452d5537070365773ced34b84773/element - {"using":"xpath","value":"//span[contains(text(), \"WebdriverYardjjtihg\")][contains(@id ,\"application-addressmanagement-display-component---detailAdm--addressDetailDetailsName1\")]"}
RESULT: {"using":"xpath","value":"//span[contains(text(), \"WebdriverYardjjtihg\")][contains(@id ,\"application-addressmanagement-display-component---detailAdm--addressDetailDetailsName1\")]"}
COMMAND: POST /session/a69c452d5537070365773ced34b84773/element - {"using":"xpath","value":"//span[contains(text(), \"WebdriverYardjjtihg\")][contains(@id ,\"application-addressmanagement-display-component---detailAdm--addressDetailDetailsName1\")]"}
RESULT: {"using":"xpath","value":"//span[contains(text(), \"WebdriverYardjjtihg\")][contains(@id ,\"application-addressmanagement-display-component---detailAdm--addressDetailDetailsName1\")]"}
COMMAND: POST /session/a69c452d5537070365773ced34b84773/element - {"using":"xpath","value":"//span[contains(text(), \"WebdriverYardjjtihg\")][contains(@id ,\"application-addressmanagement-display-component---detailAdm--addressDetailDetailsName1\")]"}
RESULT: {"using":"xpath","value":"//span[contains(text(), \"WebdriverYardjjtihg\")][contains(@id ,\"application-addressmanagement-display-component---detailAdm--addressDetailDetailsName1\")]"}
COMMAND: POST /session/a69c452d5537070365773ced34b84773/element - {"using":"xpath","value":"//span[contains(text(), \"WebdriverYardjjtihg\")][contains(@id ,\"application-addressmanagement-display-component---detailAdm--addressDetailDetailsName1\")]"}
RESULT: {"using":"xpath","value":"//span[contains(text(), \"WebdriverYardjjtihg\")][contains(@id ,\"application-addressmanagement-display-component---detailAdm--addressDetailDetailsName1\")]"}
COMMAND: POST /session/a69c452d5537070365773ced34b84773/element - {"using":"xpath","value":"//span[contains(text(), \"WebdriverYardjjtihg\")][contains(@id ,\"application-addressmanagement-display-component---detailAdm--addressDetailDetailsName1\")]"}
RESULT: {"using":"xpath","value":"//span[contains(text(), \"WebdriverYardjjtihg\")][contains(@id ,\"application-addressmanagement-display-component---detailAdm--addressDetailDetailsName1\")]"}
COMMAND: POST /session/a69c452d5537070365773ced34b84773/element - {"using":"xpath","value":"//span[contains(text(), \"WebdriverYardjjtihg\")][contains(@id ,\"application-addressmanagement-display-component---detailAdm--addressDetailDetailsName1\")]"}
RESULT: {"using":"xpath","value":"//span[contains(text(), \"WebdriverYardjjtihg\")][contains(@id ,\"application-addressmanagement-display-component---detailAdm--addressDetailDetailsName1\")]"}
COMMAND: POST /session/a69c452d5537070365773ced34b84773/element - {"using":"xpath","value":"//span[contains(text(), \"WebdriverYardjjtihg\")][contains(@id ,\"application-addressmanagement-display-component---detailAdm--addressDetailDetailsName1\")]"}
RESULT: {"using":"xpath","value":"//span[contains(text(), \"WebdriverYardjjtihg\")][contains(@id ,\"application-addressmanagement-display-component---detailAdm--addressDetailDetailsName1\")]"}
COMMAND: POST /session/a69c452d5537070365773ced34b84773/element - {"using":"xpath","value":"//span[contains(text(), \"WebdriverYardjjtihg\")][contains(@id ,\"application-addressmanagement-display-component---detailAdm--addressDetailDetailsName1\")]"}
RESULT: {"using":"xpath","value":"//span[contains(text(), \"WebdriverYardjjtihg\")][contains(@id ,\"application-addressmanagement-display-component---detailAdm--addressDetailDetailsName1\")]"}
COMMAND: POST /session/a69c452d5537070365773ced34b84773/element - {"using":"xpath","value":"//span[contains(text(), \"WebdriverYardjjtihg\")][contains(@id ,\"application-addressmanagement-display-component---detailAdm--addressDetailDetailsName1\")]"}
RESULT: {"using":"xpath","value":"//span[contains(text(), \"WebdriverYardjjtihg\")][contains(@id ,\"application-addressmanagement-display-component---detailAdm--addressDetailDetailsName1\")]"}
COMMAND: POST /session/a69c452d5537070365773ced34b84773/element - {"using":"xpath","value":"//span[contains(text(), \"WebdriverYardjjtihg\")][contains(@id ,\"application-addressmanagement-display-component---detailAdm--addressDetailDetailsName1\")]"}
RESULT: {"using":"xpath","value":"//span[contains(text(), \"WebdriverYardjjtihg\")][contains(@id ,\"application-addressmanagement-display-component---detailAdm--addressDetailDetailsName1\")]"}
COMMAND: POST /session/a69c452d5537070365773ced34b84773/element - {"using":"xpath","value":"//span[contains(text(), \"WebdriverYardjjtihg\")][contains(@id ,\"application-addressmanagement-display-component---detailAdm--addressDetailDetailsName1\")]"}
RESULT: {"using":"xpath","value":"//span[contains(text(), \"WebdriverYardjjtihg\")][contains(@id ,\"application-addressmanagement-display-component---detailAdm--addressDetailDetailsName1\")]"}
COMMAND: POST /session/a69c452d5537070365773ced34b84773/element - {"using":"xpath","value":"//span[contains(text(), \"WebdriverYardjjtihg\")][contains(@id ,\"application-addressmanagement-display-component---detailAdm--addressDetailDetailsName1\")]"}
RESULT: {"using":"xpath","value":"//span[contains(text(), \"WebdriverYardjjtihg\")][contains(@id ,\"application-addressmanagement-display-component---detailAdm--addressDetailDetailsName1\")]"}
COMMAND: POST /session/a69c452d5537070365773ced34b84773/element - {"using":"xpath","value":"//span[contains(text(), \"WebdriverYardjjtihg\")][contains(@id ,\"application-addressmanagement-display-component---detailAdm--addressDetailDetailsName1\")]"}
RESULT: {"using":"xpath","value":"//span[contains(text(), \"WebdriverYardjjtihg\")][contains(@id ,\"application-addressmanagement-display-component---detailAdm--addressDetailDetailsName1\")]"}
COMMAND: POST /session/a69c452d5537070365773ced34b84773/element - {"using":"xpath","value":"//span[contains(text(), \"WebdriverYardjjtihg\")][contains(@id ,\"application-addressmanagement-display-component---detailAdm--addressDetailDetailsName1\")]"}
RESULT: {"using":"xpath","value":"//span[contains(text(), \"WebdriverYardjjtihg\")][contains(@id ,\"application-addressmanagement-display-component---detailAdm--addressDetailDetailsName1\")]"}
COMMAND: POST /session/a69c452d5537070365773ced34b84773/element - {"using":"xpath","value":"//span[contains(text(), \"WebdriverYardjjtihg\")][contains(@id ,\"application-addressmanagement-display-component---detailAdm--addressDetailDetailsName1\")]"}
RESULT: {"using":"xpath","value":"//span[contains(text(), \"WebdriverYardjjtihg\")][contains(@id ,\"application-addressmanagement-display-component---detailAdm--addressDetailDetailsName1\")]"}
COMMAND: POST /session/a69c452d5537070365773ced34b84773/element - {"using":"xpath","value":"//span[contains(text(), \"WebdriverYardjjtihg\")][contains(@id ,\"application-addressmanagement-display-component---detailAdm--addressDetailDetailsName1\")]"}
RESULT: {"using":"xpath","value":"//span[contains(text(), \"WebdriverYardjjtihg\")][contains(@id ,\"application-addressmanagement-display-component---detailAdm--addressDetailDetailsName1\")]"}
COMMAND: POST /session/a69c452d5537070365773ced34b84773/element - {"using":"xpath","value":"//span[contains(text(), \"WebdriverYardjjtihg\")][contains(@id ,\"application-addressmanagement-display-component---detailAdm--addressDetailDetailsName1\")]"}
RESULT: {"using":"xpath","value":"//span[contains(text(), \"WebdriverYardjjtihg\")][contains(@id ,\"application-addressmanagement-display-component---detailAdm--addressDetailDetailsName1\")]"}
COMMAND: POST /session/a69c452d5537070365773ced34b84773/execute/async - {"script":"<script> [1562 bytes]","args":[{"selector":{"controlType":"sap.m.Title","viewName":"etm.portal.ui.managesites.view.Master","viewId":"application-managesites-display-component---masterSite","i18NText":{"propertyName":"text","key":"sites"}},"wdio_ui5_key":"etmportal.ui.managesites.view.Mastersap.m.Title{\"propertyName\":\"text\",\"key\":\"sites\"}"}]}
COMMAND: POST /session/a69c452d5537070365773ced34b84773/element - {"using":"xpath","value":"//span[contains(text(), \"WebdriverYardjjtihg\")][contains(@id ,\"application-addressmanagement-display-component---detailAdm--addressDetailDetailsName1\")]"}
RESULT: {"script":"<script> [1562 bytes]","args":[{"selector":{"controlType":"sap.m.Title","viewName":"etm.portal.ui.managesites.view.Master","viewId":"application-managesites-display-component---masterSite","i18NText":{"propertyName":"text","key":"sites"}},"wdio_ui5_key":"etmportal.ui.managesites.view.Mastersap.m.Title{\"propertyName\":\"text\",\"key\":\"sites\"}"}]}
RESULT: undefined
COMMAND: POST /session/a69c452d5537070365773ced34b84773/execute/async - {"script":"<script> [6424 bytes]","args":[{"element-6066-11e4-a52e-4f735466cecf":"f.A1EC521E3478ED742E3D5E167ABDE28C.d.153A24F9B06456F54D3D17F10B26F7B6.e.4204"},"getText",[]]}
RESULT: {"using":"xpath","value":"//span[contains(text(), \"WebdriverYardjjtihg\")][contains(@id ,\"application-addressmanagement-display-component---detailAdm--addressDetailDetailsName1\")]"}
RESULT: {"script":"<script> [6424 bytes]","args":[{"element-6066-11e4-a52e-4f735466cecf":"f.A1EC521E3478ED742E3D5E167ABDE28C.d.153A24F9B06456F54D3D17F10B26F7B6.e.4204"},"getText",[]]}
COMMAND: POST /session/a69c452d5537070365773ced34b84773/execute/async - {"script":"<script> [1562 bytes]","args":[{"selector":{"id":"application-managesites-display-component---detailSite--addressDetailDetailsName1"},"wdio_ui5_key":"applicationmanagesites-display-component---detailSite--addressDetailDetailsName1"}]}
COMMAND: POST /session/a69c452d5537070365773ced34b84773/element - {"using":"xpath","value":"//span[contains(text(), \"WebdriverYardjjtihg\")][contains(@id ,\"application-addressmanagement-display-component---detailAdm--addressDetailDetailsName1\")]"}
RESULT: {"script":"<script> [1562 bytes]","args":[{"selector":{"id":"application-managesites-display-component---detailSite--addressDetailDetailsName1"},"wdio_ui5_key":"applicationmanagesites-display-component---detailSite--addressDetailDetailsName1"}]}
RESULT: undefined
COMMAND: POST /session/a69c452d5537070365773ced34b84773/execute/async - {"script":"<script> [6424 bytes]","args":[{"element-6066-11e4-a52e-4f735466cecf":"f.A1EC521E3478ED742E3D5E167ABDE28C.d.153A24F9B06456F54D3D17F10B26F7B6.e.4050"},"getValue",[]]}
RESULT: {"using":"xpath","value":"//span[contains(text(), \"WebdriverYardjjtihg\")][contains(@id ,\"application-addressmanagement-display-component---detailAdm--addressDetailDetailsName1\")]"}
RESULT: {"script":"<script> [6424 bytes]","args":[{"element-6066-11e4-a52e-4f735466cecf":"f.A1EC521E3478ED742E3D5E167ABDE28C.d.153A24F9B06456F54D3D17F10B26F7B6.e.4050"},"getValue",[]]}
RESULT: undefined
COMMAND: POST /session/a69c452d5537070365773ced34b84773/element - {"using":"xpath","value":"//*[@id=\"backBtn\"]"}
RESULT: {"using":"xpath","value":"//*[@id=\"backBtn\"]"}
COMMAND: POST /session/a69c452d5537070365773ced34b84773/element/f.A1EC521E3478ED742E3D5E167ABDE28C.d.153A24F9B06456F54D3D17F10B26F7B6.e.3161/click - {}
COMMAND: POST /session/a69c452d5537070365773ced34b84773/element - {"using":"xpath","value":"//span[contains(text(), \"WebdriverYardjjtihg\")][contains(@id ,\"application-addressmanagement-display-component---detailAdm--addressDetailDetailsName1\")]"}
RESULT: {}
COMMAND: GET /session/a69c452d5537070365773ced34b84773/screenshot - {}
RESULT: {"using":"xpath","value":"//span[contains(text(), \"WebdriverYardjjtihg\")][contains(@id ,\"application-addressmanagement-display-component---detailAdm--addressDetailDetailsName1\")]"}
COMMAND: POST /session/a69c452d5537070365773ced34b84773/element - {"using":"xpath","value":"//span[contains(text(), \"WebdriverYardjjtihg\")][contains(@id ,\"application-addressmanagement-display-component---detailAdm--addressDetailDetailsName1\")]"}
RESULT: {}
RESULT: {"using":"xpath","value":"//span[contains(text(), \"WebdriverYardjjtihg\")][contains(@id ,\"application-addressmanagement-display-component---detailAdm--addressDetailDetailsName1\")]"}
COMMAND: POST /session/a69c452d5537070365773ced34b84773/element - {"using":"xpath","value":"//span[contains(text(), \"WebdriverYardjjtihg\")][contains(@id ,\"application-addressmanagement-display-component---detailAdm--addressDetailDetailsName1\")]"}
RESULT: {"using":"xpath","value":"//span[contains(text(), \"WebdriverYardjjtihg\")][contains(@id ,\"application-addressmanagement-display-component---detailAdm--addressDetailDetailsName1\")]"}
COMMAND: POST /session/a69c452d5537070365773ced34b84773/element - {"using":"xpath","value":"//span[contains(text(), \"WebdriverYardjjtihg\")][contains(@id ,\"application-addressmanagement-display-component---detailAdm--addressDetailDetailsName1\")]"}
RESULT: {"using":"xpath","value":"//span[contains(text(), \"WebdriverYardjjtihg\")][contains(@id ,\"application-addressmanagement-display-component---detailAdm--addressDetailDetailsName1\")]"}
COMMAND: POST /session/a69c452d5537070365773ced34b84773/element - {"using":"xpath","value":"//span[contains(text(), \"WebdriverYardjjtihg\")][contains(@id ,\"application-addressmanagement-display-component---detailAdm--addressDetailDetailsName1\")]"}
RESULT: {"using":"xpath","value":"//span[contains(text(), \"WebdriverYardjjtihg\")][contains(@id ,\"application-addressmanagement-display-component---detailAdm--addressDetailDetailsName1\")]"}
COMMAND: POST /session/a69c452d5537070365773ced34b84773/element - {"using":"xpath","value":"//span[contains(text(), \"WebdriverYardjjtihg\")][contains(@id ,\"application-addressmanagement-display-component---detailAdm--addressDetailDetailsName1\")]"}
RESULT: {"using":"xpath","value":"//span[contains(text(), \"WebdriverYardjjtihg\")][contains(@id ,\"application-addressmanagement-display-component---detailAdm--addressDetailDetailsName1\")]"}
COMMAND: POST /session/a69c452d5537070365773ced34b84773/element - {"using":"xpath","value":"//span[contains(text(), \"WebdriverYardjjtihg\")][contains(@id ,\"application-addressmanagement-display-component---detailAdm--addressDetailDetailsName1\")]"}
RESULT: {"using":"xpath","value":"//span[contains(text(), \"WebdriverYardjjtihg\")][contains(@id ,\"application-addressmanagement-display-component---detailAdm--addressDetailDetailsName1\")]"}
COMMAND: POST /session/a69c452d5537070365773ced34b84773/element - {"using":"xpath","value":"//span[contains(text(), \"WebdriverYardjjtihg\")][contains(@id ,\"application-addressmanagement-display-component---detailAdm--addressDetailDetailsName1\")]"}
RESULT: {"using":"xpath","value":"//span[contains(text(), \"WebdriverYardjjtihg\")][contains(@id ,\"application-addressmanagement-display-component---detailAdm--addressDetailDetailsName1\")]"}
COMMAND: POST /session/a69c452d5537070365773ced34b84773/element - {"using":"xpath","value":"//span[contains(text(), \"WebdriverYardjjtihg\")][contains(@id ,\"application-addressmanagement-display-component---detailAdm--addressDetailDetailsName1\")]"}
RESULT: {"using":"xpath","value":"//span[contains(text(), \"WebdriverYardjjtihg\")][contains(@id ,\"application-addressmanagement-display-component---detailAdm--addressDetailDetailsName1\")]"}
COMMAND: POST /session/a69c452d5537070365773ced34b84773/element - {"using":"xpath","value":"//span[contains(text(), \"WebdriverYardjjtihg\")][contains(@id ,\"application-addressmanagement-display-component---detailAdm--addressDetailDetailsName1\")]"}
RESULT: {"using":"xpath","value":"//span[contains(text(), \"WebdriverYardjjtihg\")][contains(@id ,\"application-addressmanagement-display-component---detailAdm--addressDetailDetailsName1\")]"}
COMMAND: POST /session/a69c452d5537070365773ced34b84773/element - {"using":"xpath","value":"//span[contains(text(), \"WebdriverYardjjtihg\")][contains(@id ,\"application-addressmanagement-display-component---detailAdm--addressDetailDetailsName1\")]"}
RESULT: {"using":"xpath","value":"//span[contains(text(), \"WebdriverYardjjtihg\")][contains(@id ,\"application-addressmanagement-display-component---detailAdm--addressDetailDetailsName1\")]"}
COMMAND: POST /session/a69c452d5537070365773ced34b84773/element - {"using":"xpath","value":"//span[contains(text(), \"WebdriverYardjjtihg\")][contains(@id ,\"application-addressmanagement-display-component---detailAdm--addressDetailDetailsName1\")]"}
RESULT: {"using":"xpath","value":"//span[contains(text(), \"WebdriverYardjjtihg\")][contains(@id ,\"application-addressmanagement-display-component---detailAdm--addressDetailDetailsName1\")]"}
COMMAND: POST /session/a69c452d5537070365773ced34b84773/element - {"using":"xpath","value":"//span[contains(text(), \"WebdriverYardjjtihg\")][contains(@id ,\"application-addressmanagement-display-component---detailAdm--addressDetailDetailsName1\")]"}
RESULT: {"using":"xpath","value":"//span[contains(text(), \"WebdriverYardjjtihg\")][contains(@id ,\"application-addressmanagement-display-component---detailAdm--addressDetailDetailsName1\")]"}
COMMAND: POST /session/a69c452d5537070365773ced34b84773/element - {"using":"xpath","value":"//span[contains(text(), \"WebdriverYardjjtihg\")][contains(@id ,\"application-addressmanagement-display-component---detailAdm--addressDetailDetailsName1\")]"}
RESULT: {"using":"xpath","value":"//span[contains(text(), \"WebdriverYardjjtihg\")][contains(@id ,\"application-addressmanagement-display-component---detailAdm--addressDetailDetailsName1\")]"}
COMMAND: POST /session/a69c452d5537070365773ced34b84773/element - {"using":"xpath","value":"//span[contains(text(), \"WebdriverYardjjtihg\")][contains(@id ,\"application-addressmanagement-display-component---detailAdm--addressDetailDetailsName1\")]"}
RESULT: {"using":"xpath","value":"//span[contains(text(), \"WebdriverYardjjtihg\")][contains(@id ,\"application-addressmanagement-display-component---detailAdm--addressDetailDetailsName1\")]"}
COMMAND: POST /session/a69c452d5537070365773ced34b84773/element - {"using":"xpath","value":"//span[contains(text(), \"WebdriverYardjjtihg\")][contains(@id ,\"application-addressmanagement-display-component---detailAdm--addressDetailDetailsName1\")]"}
RESULT: {"using":"xpath","value":"//span[contains(text(), \"WebdriverYardjjtihg\")][contains(@id ,\"application-addressmanagement-display-component---detailAdm--addressDetailDetailsName1\")]"}
COMMAND: POST /session/a69c452d5537070365773ced34b84773/element - {"using":"xpath","value":"//span[contains(text(), \"WebdriverYardjjtihg\")][contains(@id ,\"application-addressmanagement-display-component---detailAdm--addressDetailDetailsName1\")]"}
RESULT: {"using":"xpath","value":"//span[contains(text(), \"WebdriverYardjjtihg\")][contains(@id ,\"application-addressmanagement-display-component---detailAdm--addressDetailDetailsName1\")]"}
COMMAND: POST /session/a69c452d5537070365773ced34b84773/element - {"using":"xpath","value":"//span[contains(text(), \"WebdriverYardjjtihg\")][contains(@id ,\"application-addressmanagement-display-component---detailAdm--addressDetailDetailsName1\")]"}
RESULT: {"using":"xpath","value":"//span[contains(text(), \"WebdriverYardjjtihg\")][contains(@id ,\"application-addressmanagement-display-component---detailAdm--addressDetailDetailsName1\")]"}
COMMAND: POST /session/a69c452d5537070365773ced34b84773/element - {"using":"xpath","value":"//span[contains(text(), \"WebdriverYardjjtihg\")][contains(@id ,\"application-addressmanagement-display-component---detailAdm--addressDetailDetailsName1\")]"}
RESULT: {"using":"xpath","value":"//span[contains(text(), \"WebdriverYardjjtihg\")][contains(@id ,\"application-addressmanagement-display-component---detailAdm--addressDetailDetailsName1\")]"}
COMMAND: POST /session/a69c452d5537070365773ced34b84773/execute/sync - {"script":"<script> [8489 bytes]","args":[{"element-6066-11e4-a52e-4f735466cecf":"f.A1EC521E3478ED742E3D5E167ABDE28C.d.153A24F9B06456F54D3D17F10B26F7B6.e.3986","ELEMENT":"f.A1EC521E3478ED742E3D5E167ABDE28C.d.153A24F9B06456F54D3D17F10B26F7B6.e.3986"}]}
COMMAND: POST /session/a69c452d5537070365773ced34b84773/element - {"using":"xpath","value":"//*[contains(@data-kt ,\"webshopDetailSiteLink\")]"}
RESULT: {"using":"xpath","value":"//*[contains(@data-kt ,\"webshopDetailSiteLink\")]"}
COMMAND: POST /session/a69c452d5537070365773ced34b84773/execute/sync - {"script":"<script> [8489 bytes]","args":[{"element-6066-11e4-a52e-4f735466cecf":"f.A1EC521E3478ED742E3D5E167ABDE28C.d.153A24F9B06456F54D3D17F10B26F7B6.e.4379","ELEMENT":"f.A1EC521E3478ED742E3D5E167ABDE28C.d.153A24F9B06456F54D3D17F10B26F7B6.e.4379"}]}
RESULT: {"script":"<script> [8489 bytes]","args":[{"element-6066-11e4-a52e-4f735466cecf":"f.A1EC521E3478ED742E3D5E167ABDE28C.d.153A24F9B06456F54D3D17F10B26F7B6.e.4379","ELEMENT":"f.A1EC521E3478ED742E3D5E167ABDE28C.d.153A24F9B06456F54D3D17F10B26F7B6.e.4379"}]}
COMMAND: POST /session/a69c452d5537070365773ced34b84773/execute/sync - {"script":"<script> [5351 bytes]","args":[{"element-6066-11e4-a52e-4f735466cecf":"f.A1EC521E3478ED742E3D5E167ABDE28C.d.153A24F9B06456F54D3D17F10B26F7B6.e.4379","ELEMENT":"f.A1EC521E3478ED742E3D5E167ABDE28C.d.153A24F9B06456F54D3D17F10B26F7B6.e.4379"}]}
COMMAND: GET /session/a69c452d5537070365773ced34b84773/screenshot - {}
RESULT: {"script":"<script> [5351 bytes]","args":[{"element-6066-11e4-a52e-4f735466cecf":"f.A1EC521E3478ED742E3D5E167ABDE28C.d.153A24F9B06456F54D3D17F10B26F7B6.e.4379","ELEMENT":"f.A1EC521E3478ED742E3D5E167ABDE28C.d.153A24F9B06456F54D3D17F10B26F7B6.e.4379"}]}
COMMAND: POST /session/a69c452d5537070365773ced34b84773/element - {"using":"xpath","value":"//*[contains(@data-kt ,\"webshopDetailSiteLink\")]"}
COMMAND: GET /session/a69c452d5537070365773ced34b84773/screenshot - {}
RESULT: {}
RESULT: {"using":"xpath","value":"//*[contains(@data-kt ,\"webshopDetailSiteLink\")]"}
COMMAND: POST /session/a69c452d5537070365773ced34b84773/element/f.A1EC521E3478ED742E3D5E167ABDE28C.d.153A24F9B06456F54D3D17F10B26F7B6.e.4379/click - {}
RESULT: {}
RESULT: {}
COMMAND: GET /session/a69c452d5537070365773ced34b84773/screenshot - {}
RESULT: {}
COMMAND: POST /session/a69c452d5537070365773ced34b84773/element/f.A1EC521E3478ED742E3D5E167ABDE28C.d.153A24F9B06456F54D3D17F10B26F7B6.e.3989/click - {}
COMMAND: POST /session/a69c452d5537070365773ced34b84773/element - {"using":"xpath","value":"//*[contains(@data-kt ,\"ContextMenuId2Link\")][contains(text(), \"Site Overview\")]"}
RESULT: {"using":"xpath","value":"//*[contains(@data-kt ,\"ContextMenuId2Link\")][contains(text(), \"Site Overview\")]"}
COMMAND: POST /session/a69c452d5537070365773ced34b84773/element/f.A1EC521E3478ED742E3D5E167ABDE28C.d.153A24F9B06456F54D3D17F10B26F7B6.e.3989/click - {}
COMMAND: POST /session/a69c452d5537070365773ced34b84773/element - {"using":"xpath","value":"//*[contains(@data-kt ,\"ContextMenuId2Link\")][contains(text(), \"Site Overview\")]"}
RESULT: {"using":"xpath","value":"//*[contains(@data-kt ,\"ContextMenuId2Link\")][contains(text(), \"Site Overview\")]"}
COMMAND: POST /session/a69c452d5537070365773ced34b84773/element/f.A1EC521E3478ED742E3D5E167ABDE28C.d.153A24F9B06456F54D3D17F10B26F7B6.e.4382/click - {}
RESULT: {}
COMMAND: GET /session/a69c452d5537070365773ced34b84773/screenshot - {}
RESULT: {}
RESULT: undefined
COMMAND: POST /session/a69c452d5537070365773ced34b84773/execute/async - {"script":"<script> [6424 bytes]","args":[{"element-6066-11e4-a52e-4f735466cecf":"f.A1EC521E3478ED742E3D5E167ABDE28C.d.153A24F9B06456F54D3D17F10B26F7B6.e.3159"},"getTitle",[]]}
COMMAND: POST /session/a69c452d5537070365773ced34b84773/execute/async - {"script":"<script> [1562 bytes]","args":[{"selector":{"id":"shellAppTitle"},"wdio_ui5_key":"shellAppTitle"}]}
RESULT: {"script":"<script> [1562 bytes]","args":[{"selector":{"id":"shellAppTitle"},"wdio_ui5_key":"shellAppTitle"}]}
COMMAND: POST /session/a69c452d5537070365773ced34b84773/execute/async - {"script":"<script> [6424 bytes]","args":[{"element-6066-11e4-a52e-4f735466cecf":"f.A1EC521E3478ED742E3D5E167ABDE28C.d.153A24F9B06456F54D3D17F10B26F7B6.e.4461"},"getTitle",[]]}
RESULT: {"script":"<script> [6424 bytes]","args":[{"element-6066-11e4-a52e-4f735466cecf":"f.A1EC521E3478ED742E3D5E167ABDE28C.d.153A24F9B06456F54D3D17F10B26F7B6.e.4461"},"getTitle",[]]}
COMMAND: POST /session/a69c452d5537070365773ced34b84773/element - {"using":"xpath","value":"(//span[contains(text(), \"WebdriverSitem8rav\")])[2]"}
RESULT: {"using":"xpath","value":"(//span[contains(text(), \"WebdriverSitem8rav\")])[2]"}
COMMAND: POST /session/a69c452d5537070365773ced34b84773/execute/sync - {"script":"<script> [8489 bytes]","args":[{"element-6066-11e4-a52e-4f735466cecf":"f.A1EC521E3478ED742E3D5E167ABDE28C.d.153A24F9B06456F54D3D17F10B26F7B6.e.4462","ELEMENT":"f.A1EC521E3478ED742E3D5E167ABDE28C.d.153A24F9B06456F54D3D17F10B26F7B6.e.4462"}]}
RESULT: undefined
COMMAND: POST /session/a69c452d5537070365773ced34b84773/element - {"using":"xpath","value":"//*[@id=\"backBtn\"]"}
RESULT: {"using":"xpath","value":"//*[@id=\"backBtn\"]"}
COMMAND: POST /session/a69c452d5537070365773ced34b84773/element/f.A1EC521E3478ED742E3D5E167ABDE28C.d.153A24F9B06456F54D3D17F10B26F7B6.e.3161/click - {}
RESULT: {"script":"<script> [8489 bytes]","args":[{"element-6066-11e4-a52e-4f735466cecf":"f.A1EC521E3478ED742E3D5E167ABDE28C.d.153A24F9B06456F54D3D17F10B26F7B6.e.4462","ELEMENT":"f.A1EC521E3478ED742E3D5E167ABDE28C.d.153A24F9B06456F54D3D17F10B26F7B6.e.4462"}]}
COMMAND: GET /session/a69c452d5537070365773ced34b84773/screenshot - {}
RESULT: {}
COMMAND: GET /session/a69c452d5537070365773ced34b84773/screenshot - {}
RESULT: {}
RESULT: {}
COMMAND: POST /session/a69c452d5537070365773ced34b84773/execute/sync - {"script":"<script> [8489 bytes]","args":[{"element-6066-11e4-a52e-4f735466cecf":"f.A1EC521E3478ED742E3D5E167ABDE28C.d.153A24F9B06456F54D3D17F10B26F7B6.e.4379","ELEMENT":"f.A1EC521E3478ED742E3D5E167ABDE28C.d.153A24F9B06456F54D3D17F10B26F7B6.e.4379"}]}
COMMAND: POST /session/a69c452d5537070365773ced34b84773/element - {"using":"xpath","value":"//*[contains(@data-kt ,\"webshopDetailSiteLink\")]"}
RESULT: {"using":"xpath","value":"//*[contains(@data-kt ,\"webshopDetailSiteLink\")]"}
COMMAND: POST /session/a69c452d5537070365773ced34b84773/execute/sync - {"script":"<script> [8489 bytes]","args":[{"element-6066-11e4-a52e-4f735466cecf":"f.A1EC521E3478ED742E3D5E167ABDE28C.d.153A24F9B06456F54D3D17F10B26F7B6.e.4633","ELEMENT":"f.A1EC521E3478ED742E3D5E167ABDE28C.d.153A24F9B06456F54D3D17F10B26F7B6.e.4633"}]}
RESULT: {"script":"<script> [8489 bytes]","args":[{"element-6066-11e4-a52e-4f735466cecf":"f.A1EC521E3478ED742E3D5E167ABDE28C.d.153A24F9B06456F54D3D17F10B26F7B6.e.4633","ELEMENT":"f.A1EC521E3478ED742E3D5E167ABDE28C.d.153A24F9B06456F54D3D17F10B26F7B6.e.4633"}]}
COMMAND: POST /session/a69c452d5537070365773ced34b84773/execute/sync - {"script":"<script> [5351 bytes]","args":[{"element-6066-11e4-a52e-4f735466cecf":"f.A1EC521E3478ED742E3D5E167ABDE28C.d.153A24F9B06456F54D3D17F10B26F7B6.e.4633","ELEMENT":"f.A1EC521E3478ED742E3D5E167ABDE28C.d.153A24F9B06456F54D3D17F10B26F7B6.e.4633"}]}
COMMAND: GET /session/a69c452d5537070365773ced34b84773/screenshot - {}
RESULT: {"script":"<script> [5351 bytes]","args":[{"element-6066-11e4-a52e-4f735466cecf":"f.A1EC521E3478ED742E3D5E167ABDE28C.d.153A24F9B06456F54D3D17F10B26F7B6.e.4633","ELEMENT":"f.A1EC521E3478ED742E3D5E167ABDE28C.d.153A24F9B06456F54D3D17F10B26F7B6.e.4633"}]}
COMMAND: POST /session/a69c452d5537070365773ced34b84773/element - {"using":"xpath","value":"//*[contains(@data-kt ,\"webshopDetailSiteLink\")]"}
COMMAND: GET /session/a69c452d5537070365773ced34b84773/screenshot - {}
RESULT: {}
RESULT: {"using":"xpath","value":"//*[contains(@data-kt ,\"webshopDetailSiteLink\")]"}
COMMAND: POST /session/a69c452d5537070365773ced34b84773/element/f.A1EC521E3478ED742E3D5E167ABDE28C.d.153A24F9B06456F54D3D17F10B26F7B6.e.4633/click - {}
RESULT: {}
RESULT: {}
COMMAND: GET /session/a69c452d5537070365773ced34b84773/screenshot - {}
RESULT: {}
COMMAND: POST /session/a69c452d5537070365773ced34b84773/element/f.A1EC521E3478ED742E3D5E167ABDE28C.d.153A24F9B06456F54D3D17F10B26F7B6.e.3990/click - {}
COMMAND: POST /session/a69c452d5537070365773ced34b84773/element - {"using":"xpath","value":"//*[contains(@data-kt ,\"ContextMenuId3Link\")][contains(text(), \"Site Main Address\")]"}
RESULT: {"using":"xpath","value":"//*[contains(@data-kt ,\"ContextMenuId3Link\")][contains(text(), \"Site Main Address\")]"}
COMMAND: POST /session/a69c452d5537070365773ced34b84773/element/f.A1EC521E3478ED742E3D5E167ABDE28C.d.153A24F9B06456F54D3D17F10B26F7B6.e.3990/click - {}
COMMAND: POST /session/a69c452d5537070365773ced34b84773/element - {"using":"xpath","value":"//*[contains(@data-kt ,\"ContextMenuId3Link\")][contains(text(), \"Site Main Address\")]"}
RESULT: {"using":"xpath","value":"//*[contains(@data-kt ,\"ContextMenuId3Link\")][contains(text(), \"Site Main Address\")]"}
COMMAND: POST /session/a69c452d5537070365773ced34b84773/element/f.A1EC521E3478ED742E3D5E167ABDE28C.d.153A24F9B06456F54D3D17F10B26F7B6.e.4636/click - {}
RESULT: {}
COMMAND: GET /session/a69c452d5537070365773ced34b84773/screenshot - {}
RESULT: {}
COMMAND: POST /session/a69c452d5537070365773ced34b84773/element - {"using":"xpath","value":"//span[contains(@id ,\"application-addressmanagement-display-component---masterAdm--title1-inner\")]"}
RESULT: {"using":"xpath","value":"//span[contains(@id ,\"application-addressmanagement-display-component---masterAdm--title1-inner\")]"}
COMMAND: GET /session/a69c452d5537070365773ced34b84773/element/f.A1EC521E3478ED742E3D5E167ABDE28C.d.153A24F9B06456F54D3D17F10B26F7B6.e.4852/text - {}
RESULT: {}
COMMAND: POST /session/a69c452d5537070365773ced34b84773/element - {"using":"xpath","value":"//span[contains(@id ,\"application-addressmanagement-display-component---detailAdm--addressDetailDetailsName1\")][contains(text(), \"WebdriverSitem8rav\")]"}
RESULT: {"using":"xpath","value":"//span[contains(@id ,\"application-addressmanagement-display-component---detailAdm--addressDetailDetailsName1\")][contains(text(), \"WebdriverSitem8rav\")]"}
COMMAND: POST /session/a69c452d5537070365773ced34b84773/execute/sync - {"script":"<script> [8489 bytes]","args":[{"element-6066-11e4-a52e-4f735466cecf":"f.A1EC521E3478ED742E3D5E167ABDE28C.d.153A24F9B06456F54D3D17F10B26F7B6.e.4853","ELEMENT":"f.A1EC521E3478ED742E3D5E167ABDE28C.d.153A24F9B06456F54D3D17F10B26F7B6.e.4853"}]}
RESULT: undefined
COMMAND: POST /session/a69c452d5537070365773ced34b84773/element - {"using":"xpath","value":"//*[@id=\"backBtn\"]"}
RESULT: {"using":"xpath","value":"//*[@id=\"backBtn\"]"}
COMMAND: POST /session/a69c452d5537070365773ced34b84773/element/f.A1EC521E3478ED742E3D5E167ABDE28C.d.153A24F9B06456F54D3D17F10B26F7B6.e.3161/click - {}
RESULT: {"script":"<script> [8489 bytes]","args":[{"element-6066-11e4-a52e-4f735466cecf":"f.A1EC521E3478ED742E3D5E167ABDE28C.d.153A24F9B06456F54D3D17F10B26F7B6.e.4853","ELEMENT":"f.A1EC521E3478ED742E3D5E167ABDE28C.d.153A24F9B06456F54D3D17F10B26F7B6.e.4853"}]}
COMMAND: GET /session/a69c452d5537070365773ced34b84773/screenshot - {}
RESULT: {}
COMMAND: GET /session/a69c452d5537070365773ced34b84773/screenshot - {}
RESULT: {}
RESULT: {}
COMMAND: POST /session/a69c452d5537070365773ced34b84773/execute/sync - {"script":"<script> [8489 bytes]","args":[{"element-6066-11e4-a52e-4f735466cecf":"f.A1EC521E3478ED742E3D5E167ABDE28C.d.153A24F9B06456F54D3D17F10B26F7B6.e.4633","ELEMENT":"f.A1EC521E3478ED742E3D5E167ABDE28C.d.153A24F9B06456F54D3D17F10B26F7B6.e.4633"}]}
COMMAND: POST /session/a69c452d5537070365773ced34b84773/element - {"using":"xpath","value":"//*[contains(@data-kt ,\"webshopDetailSiteLink\")]"}
RESULT: {"using":"xpath","value":"//*[contains(@data-kt ,\"webshopDetailSiteLink\")]"}
COMMAND: POST /session/a69c452d5537070365773ced34b84773/execute/sync - {"script":"<script> [8489 bytes]","args":[{"element-6066-11e4-a52e-4f735466cecf":"f.A1EC521E3478ED742E3D5E167ABDE28C.d.153A24F9B06456F54D3D17F10B26F7B6.e.4992","ELEMENT":"f.A1EC521E3478ED742E3D5E167ABDE28C.d.153A24F9B06456F54D3D17F10B26F7B6.e.4992"}]}
RESULT: {"script":"<script> [8489 bytes]","args":[{"element-6066-11e4-a52e-4f735466cecf":"f.A1EC521E3478ED742E3D5E167ABDE28C.d.153A24F9B06456F54D3D17F10B26F7B6.e.4992","ELEMENT":"f.A1EC521E3478ED742E3D5E167ABDE28C.d.153A24F9B06456F54D3D17F10B26F7B6.e.4992"}]}
COMMAND: POST /session/a69c452d5537070365773ced34b84773/execute/sync - {"script":"<script> [5351 bytes]","args":[{"element-6066-11e4-a52e-4f735466cecf":"f.A1EC521E3478ED742E3D5E167ABDE28C.d.153A24F9B06456F54D3D17F10B26F7B6.e.4992","ELEMENT":"f.A1EC521E3478ED742E3D5E167ABDE28C.d.153A24F9B06456F54D3D17F10B26F7B6.e.4992"}]}
COMMAND: GET /session/a69c452d5537070365773ced34b84773/screenshot - {}
RESULT: {"script":"<script> [5351 bytes]","args":[{"element-6066-11e4-a52e-4f735466cecf":"f.A1EC521E3478ED742E3D5E167ABDE28C.d.153A24F9B06456F54D3D17F10B26F7B6.e.4992","ELEMENT":"f.A1EC521E3478ED742E3D5E167ABDE28C.d.153A24F9B06456F54D3D17F10B26F7B6.e.4992"}]}
COMMAND: POST /session/a69c452d5537070365773ced34b84773/element - {"using":"xpath","value":"//*[contains(@data-kt ,\"webshopDetailSiteLink\")]"}
COMMAND: GET /session/a69c452d5537070365773ced34b84773/screenshot - {}
RESULT: {}
RESULT: {"using":"xpath","value":"//*[contains(@data-kt ,\"webshopDetailSiteLink\")]"}
COMMAND: POST /session/a69c452d5537070365773ced34b84773/element/f.A1EC521E3478ED742E3D5E167ABDE28C.d.153A24F9B06456F54D3D17F10B26F7B6.e.4992/click - {}
RESULT: {}
RESULT: {}
COMMAND: GET /session/a69c452d5537070365773ced34b84773/screenshot - {}
RESULT: {}
COMMAND: POST /session/a69c452d5537070365773ced34b84773/element - {"using":"xpath","value":"//button[contains(@data-kt ,\"ContextMenuIdExternalLink\")]"}
RESULT: {"using":"xpath","value":"//button[contains(@data-kt ,\"ContextMenuIdExternalLink\")]"}
COMMAND: POST /session/a69c452d5537070365773ced34b84773/element/f.A1EC521E3478ED742E3D5E167ABDE28C.d.153A24F9B06456F54D3D17F10B26F7B6.e.4993/click - {}
RESULT: {}
COMMAND: GET /session/a69c452d5537070365773ced34b84773/screenshot - {}
RESULT: {}
COMMAND: GET /session/a69c452d5537070365773ced34b84773/window/handles - {}
RESULT: {}
COMMAND: POST /session/a69c452d5537070365773ced34b84773/window - {"handle":"4B129BC2A407099832F0D6F24CC367EF"}
RESULT: {"handle":"4B129BC2A407099832F0D6F24CC367EF"}
COMMAND: GET /session/a69c452d5537070365773ced34b84773/url - {}
RESULT: {}
COMMAND: GET /session/a69c452d5537070365773ced34b84773/screenshot - {}
COMMAND: DELETE /session/a69c452d5537070365773ced34b84773/window - {}
RESULT: {}
RESULT: {}
COMMAND: POST /session/a69c452d5537070365773ced34b84773/window - {"handle":"A1EC521E3478ED742E3D5E167ABDE28C"}
RESULT: {"handle":"A1EC521E3478ED742E3D5E167ABDE28C"}
COMMAND: GET /session/a69c452d5537070365773ced34b84773/url - {}
RESULT: {}
COMMAND: GET /session/a69c452d5537070365773ced34b84773/screenshot - {}
RESULT: {}
COMMAND: POST /session/a69c452d5537070365773ced34b84773/element - {"using":"xpath","value":"//button[contains(@data-kt ,\"ContextMenuExternalId2Link\")]"}
RESULT: {"using":"xpath","value":"//button[contains(@data-kt ,\"ContextMenuExternalId2Link\")]"}
COMMAND: POST /session/a69c452d5537070365773ced34b84773/element/f.A1EC521E3478ED742E3D5E167ABDE28C.d.153A24F9B06456F54D3D17F10B26F7B6.e.5248/click - {}
RESULT: {}
COMMAND: GET /session/a69c452d5537070365773ced34b84773/screenshot - {}
RESULT: {}
COMMAND: GET /session/a69c452d5537070365773ced34b84773/window/handles - {}
RESULT: {}
COMMAND: POST /session/a69c452d5537070365773ced34b84773/window - {"handle":"55CB5928860C55D6A6DC469D35F9421F"}
RESULT: {"handle":"55CB5928860C55D6A6DC469D35F9421F"}
COMMAND: GET /session/a69c452d5537070365773ced34b84773/url - {}
RESULT: {}
COMMAND: GET /session/a69c452d5537070365773ced34b84773/screenshot - {}
RESULT: {}
COMMAND: POST /session/a69c452d5537070365773ced34b84773/execute/sync - {"script":"<script> [8489 bytes]","args":[{"element-6066-11e4-a52e-4f735466cecf":"f.A1EC521E3478ED742E3D5E167ABDE28C.d.153A24F9B06456F54D3D17F10B26F7B6.e.4462","ELEMENT":"f.A1EC521E3478ED742E3D5E167ABDE28C.d.153A24F9B06456F54D3D17F10B26F7B6.e.4462"}]}
COMMAND: DELETE /session/a69c452d5537070365773ced34b84773/window - {}
RESULT: {"script":"<script> [8489 bytes]","args":[{"element-6066-11e4-a52e-4f735466cecf":"f.A1EC521E3478ED742E3D5E167ABDE28C.d.153A24F9B06456F54D3D17F10B26F7B6.e.4462","ELEMENT":"f.A1EC521E3478ED742E3D5E167ABDE28C.d.153A24F9B06456F54D3D17F10B26F7B6.e.4462"}]}
COMMAND: GET /session/a69c452d5537070365773ced34b84773/screenshot - {}
COMMAND: POST /session/a69c452d5537070365773ced34b84773/execute/sync - {"script":"<script> [8489 bytes]","args":[{"element-6066-11e4-a52e-4f735466cecf":"f.A1EC521E3478ED742E3D5E167ABDE28C.d.153A24F9B06456F54D3D17F10B26F7B6.e.4462","ELEMENT":"f.A1EC521E3478ED742E3D5E167ABDE28C.d.153A24F9B06456F54D3D17F10B26F7B6.e.4462"}]}
RESULT: {}
COMMAND: POST /session/a69c452d5537070365773ced34b84773/window - {"handle":"A1EC521E3478ED742E3D5E167ABDE28C"}
RESULT: {"handle":"A1EC521E3478ED742E3D5E167ABDE28C"}
COMMAND: GET /session/a69c452d5537070365773ced34b84773/url - {}
RESULT: {}
COMMAND: POST /session/a69c452d5537070365773ced34b84773/element - {"using":"xpath","value":"(//span[contains(text(), \"WebdriverSitem8rav\")])[2]"}
RESULT: {}
COMMAND: GET /session/a69c452d5537070365773ced34b84773/screenshot - {}
RESULT: {"using":"xpath","value":"(//span[contains(text(), \"WebdriverSitem8rav\")])[2]"}
COMMAND: POST /session/a69c452d5537070365773ced34b84773/element - {"using":"xpath","value":"(//span[contains(text(), \"WebdriverSitem8rav\")])[2]"}
RESULT: {}
RESULT: {"using":"xpath","value":"(//span[contains(text(), \"WebdriverSitem8rav\")])[2]"}
COMMAND: POST /session/a69c452d5537070365773ced34b84773/element - {"using":"xpath","value":"(//span[contains(text(), \"WebdriverSitem8rav\")])[2]"}
RESULT: {"using":"xpath","value":"(//span[contains(text(), \"WebdriverSitem8rav\")])[2]"}
COMMAND: POST /session/a69c452d5537070365773ced34b84773/element - {"using":"xpath","value":"(//span[contains(text(), \"WebdriverSitem8rav\")])[2]"}
RESULT: {"using":"xpath","value":"(//span[contains(text(), \"WebdriverSitem8rav\")])[2]"}
COMMAND: POST /session/a69c452d5537070365773ced34b84773/element - {"using":"xpath","value":"(//span[contains(text(), \"WebdriverSitem8rav\")])[2]"}
RESULT: {"using":"xpath","value":"(//span[contains(text(), \"WebdriverSitem8rav\")])[2]"}
COMMAND: POST /session/a69c452d5537070365773ced34b84773/element - {"using":"xpath","value":"(//span[contains(text(), \"WebdriverSitem8rav\")])[2]"}
RESULT: {"using":"xpath","value":"(//span[contains(text(), \"WebdriverSitem8rav\")])[2]"}
COMMAND: POST /session/a69c452d5537070365773ced34b84773/element - {"using":"xpath","value":"(//span[contains(text(), \"WebdriverSitem8rav\")])[2]"}
RESULT: {"using":"xpath","value":"(//span[contains(text(), \"WebdriverSitem8rav\")])[2]"}
COMMAND: POST /session/a69c452d5537070365773ced34b84773/element - {"using":"xpath","value":"(//span[contains(text(), \"WebdriverSitem8rav\")])[2]"}
RESULT: {"using":"xpath","value":"(//span[contains(text(), \"WebdriverSitem8rav\")])[2]"}
COMMAND: POST /session/a69c452d5537070365773ced34b84773/element - {"using":"xpath","value":"(//span[contains(text(), \"WebdriverSitem8rav\")])[2]"}
RESULT: {"using":"xpath","value":"(//span[contains(text(), \"WebdriverSitem8rav\")])[2]"}
COMMAND: POST /session/a69c452d5537070365773ced34b84773/element - {"using":"xpath","value":"(//span[contains(text(), \"WebdriverSitem8rav\")])[2]"}
RESULT: {"using":"xpath","value":"(//span[contains(text(), \"WebdriverSitem8rav\")])[2]"}
COMMAND: POST /session/a69c452d5537070365773ced34b84773/element - {"using":"xpath","value":"(//span[contains(text(), \"WebdriverSitem8rav\")])[2]"}
RESULT: {"using":"xpath","value":"(//span[contains(text(), \"WebdriverSitem8rav\")])[2]"}
COMMAND: POST /session/a69c452d5537070365773ced34b84773/execute/sync - {"script":"<script> [8489 bytes]","args":[{"element-6066-11e4-a52e-4f735466cecf":"f.A1EC521E3478ED742E3D5E167ABDE28C.d.153A24F9B06456F54D3D17F10B26F7B6.e.4992","ELEMENT":"f.A1EC521E3478ED742E3D5E167ABDE28C.d.153A24F9B06456F54D3D17F10B26F7B6.e.4992"}]}
RESULT: {"script":"<script> [8489 bytes]","args":[{"element-6066-11e4-a52e-4f735466cecf":"f.A1EC521E3478ED742E3D5E167ABDE28C.d.153A24F9B06456F54D3D17F10B26F7B6.e.4992","ELEMENT":"f.A1EC521E3478ED742E3D5E167ABDE28C.d.153A24F9B06456F54D3D17F10B26F7B6.e.4992"}]}
COMMAND: POST /session/a69c452d5537070365773ced34b84773/execute/sync - {"script":"<script> [5351 bytes]","args":[{"element-6066-11e4-a52e-4f735466cecf":"f.A1EC521E3478ED742E3D5E167ABDE28C.d.153A24F9B06456F54D3D17F10B26F7B6.e.4992","ELEMENT":"f.A1EC521E3478ED742E3D5E167ABDE28C.d.153A24F9B06456F54D3D17F10B26F7B6.e.4992"}]}
COMMAND: GET /session/a69c452d5537070365773ced34b84773/screenshot - {}
RESULT: {"script":"<script> [5351 bytes]","args":[{"element-6066-11e4-a52e-4f735466cecf":"f.A1EC521E3478ED742E3D5E167ABDE28C.d.153A24F9B06456F54D3D17F10B26F7B6.e.4992","ELEMENT":"f.A1EC521E3478ED742E3D5E167ABDE28C.d.153A24F9B06456F54D3D17F10B26F7B6.e.4992"}]}
COMMAND: POST /session/a69c452d5537070365773ced34b84773/element - {"using":"xpath","value":"//*[contains(@data-kt ,\"webshopDetailSiteLink\")]"}
COMMAND: GET /session/a69c452d5537070365773ced34b84773/screenshot - {}
RESULT: {}
RESULT: {"using":"xpath","value":"//*[contains(@data-kt ,\"webshopDetailSiteLink\")]"}
COMMAND: POST /session/a69c452d5537070365773ced34b84773/element/f.A1EC521E3478ED742E3D5E167ABDE28C.d.153A24F9B06456F54D3D17F10B26F7B6.e.4992/click - {}
RESULT: {}
COMMAND: POST /session/a69c452d5537070365773ced34b84773/element - {"using":"xpath","value":"(//span[contains(text(), \"WebdriverSitem8rav\")])[2]"}
RESULT: {}
COMMAND: GET /session/a69c452d5537070365773ced34b84773/screenshot - {}
RESULT: {"using":"xpath","value":"(//span[contains(text(), \"WebdriverSitem8rav\")])[2]"}
COMMAND: POST /session/a69c452d5537070365773ced34b84773/execute/sync - {"script":"<script> [8489 bytes]","args":[{"element-6066-11e4-a52e-4f735466cecf":"f.A1EC521E3478ED742E3D5E167ABDE28C.d.153A24F9B06456F54D3D17F10B26F7B6.e.5263","ELEMENT":"f.A1EC521E3478ED742E3D5E167ABDE28C.d.153A24F9B06456F54D3D17F10B26F7B6.e.5263"}]}
RESULT: {}
RESULT: {"script":"<script> [8489 bytes]","args":[{"element-6066-11e4-a52e-4f735466cecf":"f.A1EC521E3478ED742E3D5E167ABDE28C.d.153A24F9B06456F54D3D17F10B26F7B6.e.5263","ELEMENT":"f.A1EC521E3478ED742E3D5E167ABDE28C.d.153A24F9B06456F54D3D17F10B26F7B6.e.5263"}]}
COMMAND: GET /session/a69c452d5537070365773ced34b84773/screenshot - {}
RESULT: {}
COMMAND: POST /session/a69c452d5537070365773ced34b84773/element - {"using":"xpath","value":"(//button[contains(@data-kt ,\"ContextMenuExternalId3Link\")])[2]"}
RESULT: {"using":"xpath","value":"(//button[contains(@data-kt ,\"ContextMenuExternalId3Link\")])[2]"}
COMMAND: POST /session/a69c452d5537070365773ced34b84773/element/f.A1EC521E3478ED742E3D5E167ABDE28C.d.153A24F9B06456F54D3D17F10B26F7B6.e.5264/click - {}
RESULT: {}
COMMAND: GET /session/a69c452d5537070365773ced34b84773/screenshot - {}
RESULT: {}
COMMAND: GET /session/a69c452d5537070365773ced34b84773/window/handles - {}
RESULT: {}
COMMAND: POST /session/a69c452d5537070365773ced34b84773/window - {"handle":"47B520D60D3ABE4E2A39199866FD0072"}
RESULT: {"handle":"47B520D60D3ABE4E2A39199866FD0072"}
COMMAND: GET /session/a69c452d5537070365773ced34b84773/url - {}
RESULT: {}
COMMAND: POST /session/a69c452d5537070365773ced34b84773/execute/sync - {"script":"<script> [8489 bytes]","args":[{"element-6066-11e4-a52e-4f735466cecf":"f.A1EC521E3478ED742E3D5E167ABDE28C.d.153A24F9B06456F54D3D17F10B26F7B6.e.4853","ELEMENT":"f.A1EC521E3478ED742E3D5E167ABDE28C.d.153A24F9B06456F54D3D17F10B26F7B6.e.4853"}]}
COMMAND: GET /session/a69c452d5537070365773ced34b84773/screenshot - {}
RESULT: {"script":"<script> [8489 bytes]","args":[{"element-6066-11e4-a52e-4f735466cecf":"f.A1EC521E3478ED742E3D5E167ABDE28C.d.153A24F9B06456F54D3D17F10B26F7B6.e.4853","ELEMENT":"f.A1EC521E3478ED742E3D5E167ABDE28C.d.153A24F9B06456F54D3D17F10B26F7B6.e.4853"}]}
COMMAND: GET /session/a69c452d5537070365773ced34b84773/screenshot - {}
RESULT: {}
RESULT: {}
COMMAND: POST /session/a69c452d5537070365773ced34b84773/execute/sync - {"script":"<script> [8489 bytes]","args":[{"element-6066-11e4-a52e-4f735466cecf":"f.A1EC521E3478ED742E3D5E167ABDE28C.d.153A24F9B06456F54D3D17F10B26F7B6.e.4853","ELEMENT":"f.A1EC521E3478ED742E3D5E167ABDE28C.d.153A24F9B06456F54D3D17F10B26F7B6.e.4853"}]}
RESULT: {"script":"<script> [8489 bytes]","args":[{"element-6066-11e4-a52e-4f735466cecf":"f.A1EC521E3478ED742E3D5E167ABDE28C.d.153A24F9B06456F54D3D17F10B26F7B6.e.4853","ELEMENT":"f.A1EC521E3478ED742E3D5E167ABDE28C.d.153A24F9B06456F54D3D17F10B26F7B6.e.4853"}]}
COMMAND: GET /session/a69c452d5537070365773ced34b84773/screenshot - {}
RESULT: {}
COMMAND: POST /session/a69c452d5537070365773ced34b84773/execute/sync - {"script":"<script> [8489 bytes]","args":[{"element-6066-11e4-a52e-4f735466cecf":"f.A1EC521E3478ED742E3D5E167ABDE28C.d.153A24F9B06456F54D3D17F10B26F7B6.e.4853","ELEMENT":"f.A1EC521E3478ED742E3D5E167ABDE28C.d.153A24F9B06456F54D3D17F10B26F7B6.e.4853"}]}
RESULT: {"script":"<script> [8489 bytes]","args":[{"element-6066-11e4-a52e-4f735466cecf":"f.A1EC521E3478ED742E3D5E167ABDE28C.d.153A24F9B06456F54D3D17F10B26F7B6.e.4853","ELEMENT":"f.A1EC521E3478ED742E3D5E167ABDE28C.d.153A24F9B06456F54D3D17F10B26F7B6.e.4853"}]}
COMMAND: GET /session/a69c452d5537070365773ced34b84773/screenshot - {}
RESULT: {}
COMMAND: POST /session/a69c452d5537070365773ced34b84773/execute/sync - {"script":"<script> [8489 bytes]","args":[{"element-6066-11e4-a52e-4f735466cecf":"f.A1EC521E3478ED742E3D5E167ABDE28C.d.153A24F9B06456F54D3D17F10B26F7B6.e.4853","ELEMENT":"f.A1EC521E3478ED742E3D5E167ABDE28C.d.153A24F9B06456F54D3D17F10B26F7B6.e.4853"}]}
RESULT: {"script":"<script> [8489 bytes]","args":[{"element-6066-11e4-a52e-4f735466cecf":"f.A1EC521E3478ED742E3D5E167ABDE28C.d.153A24F9B06456F54D3D17F10B26F7B6.e.4853","ELEMENT":"f.A1EC521E3478ED742E3D5E167ABDE28C.d.153A24F9B06456F54D3D17F10B26F7B6.e.4853"}]}
COMMAND: GET /session/a69c452d5537070365773ced34b84773/screenshot - {}
RESULT: {}
COMMAND: POST /session/a69c452d5537070365773ced34b84773/execute/sync - {"script":"<script> [8489 bytes]","args":[{"element-6066-11e4-a52e-4f735466cecf":"f.A1EC521E3478ED742E3D5E167ABDE28C.d.153A24F9B06456F54D3D17F10B26F7B6.e.4853","ELEMENT":"f.A1EC521E3478ED742E3D5E167ABDE28C.d.153A24F9B06456F54D3D17F10B26F7B6.e.4853"}]}
RESULT: {"script":"<script> [8489 bytes]","args":[{"element-6066-11e4-a52e-4f735466cecf":"f.A1EC521E3478ED742E3D5E167ABDE28C.d.153A24F9B06456F54D3D17F10B26F7B6.e.4853","ELEMENT":"f.A1EC521E3478ED742E3D5E167ABDE28C.d.153A24F9B06456F54D3D17F10B26F7B6.e.4853"}]}
COMMAND: GET /session/a69c452d5537070365773ced34b84773/screenshot - {}
RESULT: {}
COMMAND: POST /session/a69c452d5537070365773ced34b84773/execute/sync - {"script":"<script> [8489 bytes]","args":[{"element-6066-11e4-a52e-4f735466cecf":"f.A1EC521E3478ED742E3D5E167ABDE28C.d.153A24F9B06456F54D3D17F10B26F7B6.e.4853","ELEMENT":"f.A1EC521E3478ED742E3D5E167ABDE28C.d.153A24F9B06456F54D3D17F10B26F7B6.e.4853"}]}
RESULT: {"script":"<script> [8489 bytes]","args":[{"element-6066-11e4-a52e-4f735466cecf":"f.A1EC521E3478ED742E3D5E167ABDE28C.d.153A24F9B06456F54D3D17F10B26F7B6.e.4853","ELEMENT":"f.A1EC521E3478ED742E3D5E167ABDE28C.d.153A24F9B06456F54D3D17F10B26F7B6.e.4853"}]}
COMMAND: GET /session/a69c452d5537070365773ced34b84773/screenshot - {}
RESULT: {}
COMMAND: POST /session/a69c452d5537070365773ced34b84773/execute/sync - {"script":"<script> [8489 bytes]","args":[{"element-6066-11e4-a52e-4f735466cecf":"f.A1EC521E3478ED742E3D5E167ABDE28C.d.153A24F9B06456F54D3D17F10B26F7B6.e.4853","ELEMENT":"f.A1EC521E3478ED742E3D5E167ABDE28C.d.153A24F9B06456F54D3D17F10B26F7B6.e.4853"}]}
RESULT: {"script":"<script> [8489 bytes]","args":[{"element-6066-11e4-a52e-4f735466cecf":"f.A1EC521E3478ED742E3D5E167ABDE28C.d.153A24F9B06456F54D3D17F10B26F7B6.e.4853","ELEMENT":"f.A1EC521E3478ED742E3D5E167ABDE28C.d.153A24F9B06456F54D3D17F10B26F7B6.e.4853"}]}
COMMAND: GET /session/a69c452d5537070365773ced34b84773/screenshot - {}
RESULT: {}
COMMAND: POST /session/a69c452d5537070365773ced34b84773/execute/sync - {"script":"<script> [8489 bytes]","args":[{"element-6066-11e4-a52e-4f735466cecf":"f.A1EC521E3478ED742E3D5E167ABDE28C.d.153A24F9B06456F54D3D17F10B26F7B6.e.4853","ELEMENT":"f.A1EC521E3478ED742E3D5E167ABDE28C.d.153A24F9B06456F54D3D17F10B26F7B6.e.4853"}]}
RESULT: {"script":"<script> [8489 bytes]","args":[{"element-6066-11e4-a52e-4f735466cecf":"f.A1EC521E3478ED742E3D5E167ABDE28C.d.153A24F9B06456F54D3D17F10B26F7B6.e.4853","ELEMENT":"f.A1EC521E3478ED742E3D5E167ABDE28C.d.153A24F9B06456F54D3D17F10B26F7B6.e.4853"}]}
COMMAND: GET /session/a69c452d5537070365773ced34b84773/screenshot - {}
RESULT: {}
COMMAND: POST /session/a69c452d5537070365773ced34b84773/execute/sync - {"script":"<script> [8489 bytes]","args":[{"element-6066-11e4-a52e-4f735466cecf":"f.A1EC521E3478ED742E3D5E167ABDE28C.d.153A24F9B06456F54D3D17F10B26F7B6.e.4853","ELEMENT":"f.A1EC521E3478ED742E3D5E167ABDE28C.d.153A24F9B06456F54D3D17F10B26F7B6.e.4853"}]}
RESULT: {"script":"<script> [8489 bytes]","args":[{"element-6066-11e4-a52e-4f735466cecf":"f.A1EC521E3478ED742E3D5E167ABDE28C.d.153A24F9B06456F54D3D17F10B26F7B6.e.4853","ELEMENT":"f.A1EC521E3478ED742E3D5E167ABDE28C.d.153A24F9B06456F54D3D17F10B26F7B6.e.4853"}]}
COMMAND: GET /session/a69c452d5537070365773ced34b84773/screenshot - {}
RESULT: {}
COMMAND: POST /session/a69c452d5537070365773ced34b84773/execute/sync - {"script":"<script> [8489 bytes]","args":[{"element-6066-11e4-a52e-4f735466cecf":"f.A1EC521E3478ED742E3D5E167ABDE28C.d.153A24F9B06456F54D3D17F10B26F7B6.e.4853","ELEMENT":"f.A1EC521E3478ED742E3D5E167ABDE28C.d.153A24F9B06456F54D3D17F10B26F7B6.e.4853"}]}
RESULT: {"script":"<script> [8489 bytes]","args":[{"element-6066-11e4-a52e-4f735466cecf":"f.A1EC521E3478ED742E3D5E167ABDE28C.d.153A24F9B06456F54D3D17F10B26F7B6.e.4853","ELEMENT":"f.A1EC521E3478ED742E3D5E167ABDE28C.d.153A24F9B06456F54D3D17F10B26F7B6.e.4853"}]}
COMMAND: GET /session/a69c452d5537070365773ced34b84773/screenshot - {}
COMMAND: DELETE /session/a69c452d5537070365773ced34b84773/window - {}
RESULT: {}
COMMAND: POST /session/a69c452d5537070365773ced34b84773/execute/sync - {"script":"<script> [8489 bytes]","args":[{"element-6066-11e4-a52e-4f735466cecf":"f.A1EC521E3478ED742E3D5E167ABDE28C.d.153A24F9B06456F54D3D17F10B26F7B6.e.4853","ELEMENT":"f.A1EC521E3478ED742E3D5E167ABDE28C.d.153A24F9B06456F54D3D17F10B26F7B6.e.4853"}]}
RESULT: {}
COMMAND: POST /session/a69c452d5537070365773ced34b84773/window - {"handle":"A1EC521E3478ED742E3D5E167ABDE28C"}
RESULT: {"handle":"A1EC521E3478ED742E3D5E167ABDE28C"}
COMMAND: GET /session/a69c452d5537070365773ced34b84773/url - {}
COMMAND: POST /session/a69c452d5537070365773ced34b84773/element - {"using":"xpath","value":"//span[contains(@id ,\"application-addressmanagement-display-component---detailAdm--addressDetailDetailsName1\")][contains(text(), \"WebdriverSitem8rav\")]"}
RESULT: {}
COMMAND: GET /session/a69c452d5537070365773ced34b84773/screenshot - {}
RESULT: {"using":"xpath","value":"//span[contains(@id ,\"application-addressmanagement-display-component---detailAdm--addressDetailDetailsName1\")][contains(text(), \"WebdriverSitem8rav\")]"}
COMMAND: POST /session/a69c452d5537070365773ced34b84773/element - {"using":"xpath","value":"//span[contains(@id ,\"application-addressmanagement-display-component---detailAdm--addressDetailDetailsName1\")][contains(text(), \"WebdriverSitem8rav\")]"}
RESULT: {}
RESULT: {"using":"xpath","value":"//span[contains(@id ,\"application-addressmanagement-display-component---detailAdm--addressDetailDetailsName1\")][contains(text(), \"WebdriverSitem8rav\")]"}
COMMAND: POST /session/a69c452d5537070365773ced34b84773/element - {"using":"xpath","value":"//span[contains(@id ,\"application-addressmanagement-display-component---detailAdm--addressDetailDetailsName1\")][contains(text(), \"WebdriverSitem8rav\")]"}
RESULT: {"using":"xpath","value":"//span[contains(@id ,\"application-addressmanagement-display-component---detailAdm--addressDetailDetailsName1\")][contains(text(), \"WebdriverSitem8rav\")]"}
COMMAND: POST /session/a69c452d5537070365773ced34b84773/element - {"using":"xpath","value":"//span[contains(@id ,\"application-addressmanagement-display-component---detailAdm--addressDetailDetailsName1\")][contains(text(), \"WebdriverSitem8rav\")]"}
RESULT: {"using":"xpath","value":"//span[contains(@id ,\"application-addressmanagement-display-component---detailAdm--addressDetailDetailsName1\")][contains(text(), \"WebdriverSitem8rav\")]"}
COMMAND: POST /session/a69c452d5537070365773ced34b84773/element - {"using":"xpath","value":"//span[contains(@id ,\"application-addressmanagement-display-component---detailAdm--addressDetailDetailsName1\")][contains(text(), \"WebdriverSitem8rav\")]"}
RESULT: {"using":"xpath","value":"//span[contains(@id ,\"application-addressmanagement-display-component---detailAdm--addressDetailDetailsName1\")][contains(text(), \"WebdriverSitem8rav\")]"}
COMMAND: POST /session/a69c452d5537070365773ced34b84773/element - {"using":"xpath","value":"//span[contains(@id ,\"application-addressmanagement-display-component---detailAdm--addressDetailDetailsName1\")][contains(text(), \"WebdriverSitem8rav\")]"}
RESULT: {"using":"xpath","value":"//span[contains(@id ,\"application-addressmanagement-display-component---detailAdm--addressDetailDetailsName1\")][contains(text(), \"WebdriverSitem8rav\")]"}
COMMAND: POST /session/a69c452d5537070365773ced34b84773/element - {"using":"xpath","value":"//span[contains(@id ,\"application-addressmanagement-display-component---detailAdm--addressDetailDetailsName1\")][contains(text(), \"WebdriverSitem8rav\")]"}
RESULT: {"using":"xpath","value":"//span[contains(@id ,\"application-addressmanagement-display-component---detailAdm--addressDetailDetailsName1\")][contains(text(), \"WebdriverSitem8rav\")]"}
COMMAND: POST /session/a69c452d5537070365773ced34b84773/element - {"using":"xpath","value":"//span[contains(@id ,\"application-addressmanagement-display-component---detailAdm--addressDetailDetailsName1\")][contains(text(), \"WebdriverSitem8rav\")]"}
RESULT: {"using":"xpath","value":"//span[contains(@id ,\"application-addressmanagement-display-component---detailAdm--addressDetailDetailsName1\")][contains(text(), \"WebdriverSitem8rav\")]"}
COMMAND: POST /session/a69c452d5537070365773ced34b84773/element - {"using":"xpath","value":"//span[contains(@id ,\"application-addressmanagement-display-component---detailAdm--addressDetailDetailsName1\")][contains(text(), \"WebdriverSitem8rav\")]"}
RESULT: {"using":"xpath","value":"//span[contains(@id ,\"application-addressmanagement-display-component---detailAdm--addressDetailDetailsName1\")][contains(text(), \"WebdriverSitem8rav\")]"}
COMMAND: POST /session/a69c452d5537070365773ced34b84773/element - {"using":"xpath","value":"//span[contains(@id ,\"application-addressmanagement-display-component---detailAdm--addressDetailDetailsName1\")][contains(text(), \"WebdriverSitem8rav\")]"}
RESULT: {"using":"xpath","value":"//span[contains(@id ,\"application-addressmanagement-display-component---detailAdm--addressDetailDetailsName1\")][contains(text(), \"WebdriverSitem8rav\")]"}
COMMAND: POST /session/a69c452d5537070365773ced34b84773/element - {"using":"xpath","value":"//span[contains(@id ,\"application-addressmanagement-display-component---detailAdm--addressDetailDetailsName1\")][contains(text(), \"WebdriverSitem8rav\")]"}
RESULT: {"using":"xpath","value":"//span[contains(@id ,\"application-addressmanagement-display-component---detailAdm--addressDetailDetailsName1\")][contains(text(), \"WebdriverSitem8rav\")]"}
]]></system-out>
    </testcase>
  </testsuite>
  <testsuite timestamp="2025-05-17T16:21:22" time="258.853" tests="2" failures="0" errors="0" skipped="0">
    <properties>
      <property name="specId" value="0" />
      <property name="suiteName" value="Webshop - Hyperlinks visible and working properly  US139085" />
      <property name="capabilities" value="chrome.136_0_7103_93.windows" />
      <property name="file" value="file:///D:/a/1/s/test/specs/R2C/webshop-hyperlinks-partner-address-contract-item.spec.js" />
    </properties>
    <testcase classname="chrome.136_0_7103_93.windows.Webshop_-_Hyperlinks_visible_and_working_properly__US139085" name="Should verify the customer and address hyperlinks" time="157.796">
      <system-out><![CDATA[
COMMAND: POST /session/a69c452d5537070365773ced34b84773/element - {"using":"xpath","value":"//*[contains(@data-kt ,\"webshopDetailAddressLink\")]"}
RESULT: {"using":"xpath","value":"//*[contains(@data-kt ,\"webshopDetailAddressLink\")]"}
COMMAND: POST /session/a69c452d5537070365773ced34b84773/execute/sync - {"script":"<script> [8489 bytes]","args":[{"element-6066-11e4-a52e-4f735466cecf":"f.A1EC521E3478ED742E3D5E167ABDE28C.d.153A24F9B06456F54D3D17F10B26F7B6.e.5466","ELEMENT":"f.A1EC521E3478ED742E3D5E167ABDE28C.d.153A24F9B06456F54D3D17F10B26F7B6.e.5466"}]}
RESULT: {"script":"<script> [8489 bytes]","args":[{"element-6066-11e4-a52e-4f735466cecf":"f.A1EC521E3478ED742E3D5E167ABDE28C.d.153A24F9B06456F54D3D17F10B26F7B6.e.5466","ELEMENT":"f.A1EC521E3478ED742E3D5E167ABDE28C.d.153A24F9B06456F54D3D17F10B26F7B6.e.5466"}]}
COMMAND: POST /session/a69c452d5537070365773ced34b84773/execute/sync - {"script":"<script> [5351 bytes]","args":[{"element-6066-11e4-a52e-4f735466cecf":"f.A1EC521E3478ED742E3D5E167ABDE28C.d.153A24F9B06456F54D3D17F10B26F7B6.e.5466","ELEMENT":"f.A1EC521E3478ED742E3D5E167ABDE28C.d.153A24F9B06456F54D3D17F10B26F7B6.e.5466"}]}
COMMAND: GET /session/a69c452d5537070365773ced34b84773/screenshot - {}
RESULT: {"script":"<script> [5351 bytes]","args":[{"element-6066-11e4-a52e-4f735466cecf":"f.A1EC521E3478ED742E3D5E167ABDE28C.d.153A24F9B06456F54D3D17F10B26F7B6.e.5466","ELEMENT":"f.A1EC521E3478ED742E3D5E167ABDE28C.d.153A24F9B06456F54D3D17F10B26F7B6.e.5466"}]}
COMMAND: GET /session/a69c452d5537070365773ced34b84773/screenshot - {}
RESULT: {}
COMMAND: POST /session/a69c452d5537070365773ced34b84773/element - {"using":"xpath","value":"//span[contains(@id ,\"application-addressmanagement-display-component---detailAdm--addressDetailDetailsName1\")][contains(text(), \"WebdriverSitem8rav\")]"}
RESULT: {}
RESULT: {"using":"xpath","value":"//span[contains(@id ,\"application-addressmanagement-display-component---detailAdm--addressDetailDetailsName1\")][contains(text(), \"WebdriverSitem8rav\")]"}
COMMAND: POST /session/a69c452d5537070365773ced34b84773/element - {"using":"xpath","value":"//span[contains(@id ,\"application-addressmanagement-display-component---detailAdm--addressDetailDetailsName1\")][contains(text(), \"WebdriverSitem8rav\")]"}
RESULT: {"using":"xpath","value":"//span[contains(@id ,\"application-addressmanagement-display-component---detailAdm--addressDetailDetailsName1\")][contains(text(), \"WebdriverSitem8rav\")]"}
COMMAND: POST /session/a69c452d5537070365773ced34b84773/element - {"using":"xpath","value":"//span[contains(@id ,\"application-addressmanagement-display-component---detailAdm--addressDetailDetailsName1\")][contains(text(), \"WebdriverSitem8rav\")]"}
RESULT: {"using":"xpath","value":"//span[contains(@id ,\"application-addressmanagement-display-component---detailAdm--addressDetailDetailsName1\")][contains(text(), \"WebdriverSitem8rav\")]"}
COMMAND: POST /session/a69c452d5537070365773ced34b84773/element - {"using":"xpath","value":"//span[contains(@id ,\"application-addressmanagement-display-component---detailAdm--addressDetailDetailsName1\")][contains(text(), \"WebdriverSitem8rav\")]"}
RESULT: {"using":"xpath","value":"//span[contains(@id ,\"application-addressmanagement-display-component---detailAdm--addressDetailDetailsName1\")][contains(text(), \"WebdriverSitem8rav\")]"}
COMMAND: POST /session/a69c452d5537070365773ced34b84773/element - {"using":"xpath","value":"//span[contains(@id ,\"application-addressmanagement-display-component---detailAdm--addressDetailDetailsName1\")][contains(text(), \"WebdriverSitem8rav\")]"}
RESULT: {"using":"xpath","value":"//span[contains(@id ,\"application-addressmanagement-display-component---detailAdm--addressDetailDetailsName1\")][contains(text(), \"WebdriverSitem8rav\")]"}
COMMAND: POST /session/a69c452d5537070365773ced34b84773/element - {"using":"xpath","value":"//span[contains(@id ,\"application-addressmanagement-display-component---detailAdm--addressDetailDetailsName1\")][contains(text(), \"WebdriverSitem8rav\")]"}
RESULT: {"using":"xpath","value":"//span[contains(@id ,\"application-addressmanagement-display-component---detailAdm--addressDetailDetailsName1\")][contains(text(), \"WebdriverSitem8rav\")]"}
COMMAND: POST /session/a69c452d5537070365773ced34b84773/element - {"using":"xpath","value":"//span[contains(@id ,\"application-addressmanagement-display-component---detailAdm--addressDetailDetailsName1\")][contains(text(), \"WebdriverSitem8rav\")]"}
RESULT: {"using":"xpath","value":"//span[contains(@id ,\"application-addressmanagement-display-component---detailAdm--addressDetailDetailsName1\")][contains(text(), \"WebdriverSitem8rav\")]"}
COMMAND: POST /session/a69c452d5537070365773ced34b84773/element - {"using":"xpath","value":"//*[contains(@data-kt ,\"webshopDetailAddressLink\")]"}
RESULT: {"using":"xpath","value":"//*[contains(@data-kt ,\"webshopDetailAddressLink\")]"}
COMMAND: POST /session/a69c452d5537070365773ced34b84773/element/f.A1EC521E3478ED742E3D5E167ABDE28C.d.153A24F9B06456F54D3D17F10B26F7B6.e.5466/click - {}
COMMAND: POST /session/a69c452d5537070365773ced34b84773/element - {"using":"xpath","value":"//span[contains(@id ,\"application-addressmanagement-display-component---detailAdm--addressDetailDetailsName1\")][contains(text(), \"WebdriverSitem8rav\")]"}
RESULT: {}
COMMAND: GET /session/a69c452d5537070365773ced34b84773/screenshot - {}
RESULT: {"using":"xpath","value":"//span[contains(@id ,\"application-addressmanagement-display-component---detailAdm--addressDetailDetailsName1\")][contains(text(), \"WebdriverSitem8rav\")]"}
RESULT: {}
COMMAND: POST /session/a69c452d5537070365773ced34b84773/element - {"using":"xpath","value":"//span[contains(@id ,\"application-addressmanagement-display-component---detailAdm--addressDetailDetailsName1\")][contains(text(), \"WebdriverSitem8rav\")]"}
RESULT: {"using":"xpath","value":"//span[contains(@id ,\"application-addressmanagement-display-component---detailAdm--addressDetailDetailsName1\")][contains(text(), \"WebdriverSitem8rav\")]"}
COMMAND: POST /session/a69c452d5537070365773ced34b84773/element - {"using":"xpath","value":"//span[contains(@id ,\"application-addressmanagement-display-component---detailAdm--addressDetailDetailsName1\")][contains(text(), \"WebdriverSitem8rav\")]"}
RESULT: {"using":"xpath","value":"//span[contains(@id ,\"application-addressmanagement-display-component---detailAdm--addressDetailDetailsName1\")][contains(text(), \"WebdriverSitem8rav\")]"}
COMMAND: POST /session/a69c452d5537070365773ced34b84773/element - {"using":"xpath","value":"//span[contains(@id ,\"application-addressmanagement-display-component---detailAdm--addressDetailDetailsName1\")][contains(text(), \"WebdriverSitem8rav\")]"}
RESULT: {"using":"xpath","value":"//span[contains(@id ,\"application-addressmanagement-display-component---detailAdm--addressDetailDetailsName1\")][contains(text(), \"WebdriverSitem8rav\")]"}
COMMAND: POST /session/a69c452d5537070365773ced34b84773/element - {"using":"xpath","value":"//*[contains(@data-kt ,\"ContextMenuId2Link\")][contains(text(), \"Address Overview\")]"}
RESULT: {"using":"xpath","value":"//*[contains(@data-kt ,\"ContextMenuId2Link\")][contains(text(), \"Address Overview\")]"}
COMMAND: POST /session/a69c452d5537070365773ced34b84773/execute/sync - {"script":"<script> [8489 bytes]","args":[{"element-6066-11e4-a52e-4f735466cecf":"f.A1EC521E3478ED742E3D5E167ABDE28C.d.153A24F9B06456F54D3D17F10B26F7B6.e.5468","ELEMENT":"f.A1EC521E3478ED742E3D5E167ABDE28C.d.153A24F9B06456F54D3D17F10B26F7B6.e.5468"}]}
COMMAND: POST /session/a69c452d5537070365773ced34b84773/element - {"using":"xpath","value":"//*[contains(@data-kt ,\"ContextMenuId2Link\")][contains(text(), \"Address Overview\")]"}
RESULT: {"script":"<script> [8489 bytes]","args":[{"element-6066-11e4-a52e-4f735466cecf":"f.A1EC521E3478ED742E3D5E167ABDE28C.d.153A24F9B06456F54D3D17F10B26F7B6.e.5468","ELEMENT":"f.A1EC521E3478ED742E3D5E167ABDE28C.d.153A24F9B06456F54D3D17F10B26F7B6.e.5468"}]}
COMMAND: GET /session/a69c452d5537070365773ced34b84773/screenshot - {}
RESULT: {"using":"xpath","value":"//*[contains(@data-kt ,\"ContextMenuId2Link\")][contains(text(), \"Address Overview\")]"}
COMMAND: POST /session/a69c452d5537070365773ced34b84773/element/f.A1EC521E3478ED742E3D5E167ABDE28C.d.153A24F9B06456F54D3D17F10B26F7B6.e.5468/click - {}
COMMAND: POST /session/a69c452d5537070365773ced34b84773/element - {"using":"xpath","value":"//span[contains(@id ,\"application-addressmanagement-display-component---detailAdm--addressDetailDetailsName1\")][contains(text(), \"WebdriverSitem8rav\")]"}
RESULT: {}
RESULT: {}
COMMAND: GET /session/a69c452d5537070365773ced34b84773/screenshot - {}
RESULT: {"using":"xpath","value":"//span[contains(@id ,\"application-addressmanagement-display-component---detailAdm--addressDetailDetailsName1\")][contains(text(), \"WebdriverSitem8rav\")]"}
COMMAND: POST /session/a69c452d5537070365773ced34b84773/execute/sync - {"script":"<script> [8489 bytes]","args":[{"element-6066-11e4-a52e-4f735466cecf":"f.A1EC521E3478ED742E3D5E167ABDE28C.d.153A24F9B06456F54D3D17F10B26F7B6.e.5682","ELEMENT":"f.A1EC521E3478ED742E3D5E167ABDE28C.d.153A24F9B06456F54D3D17F10B26F7B6.e.5682"}]}
RESULT: {}
RESULT: {"script":"<script> [8489 bytes]","args":[{"element-6066-11e4-a52e-4f735466cecf":"f.A1EC521E3478ED742E3D5E167ABDE28C.d.153A24F9B06456F54D3D17F10B26F7B6.e.5682","ELEMENT":"f.A1EC521E3478ED742E3D5E167ABDE28C.d.153A24F9B06456F54D3D17F10B26F7B6.e.5682"}]}
COMMAND: GET /session/a69c452d5537070365773ced34b84773/screenshot - {}
RESULT: {}
RESULT: undefined
COMMAND: POST /session/a69c452d5537070365773ced34b84773/execute/async - {"script":"<script> [6424 bytes]","args":[{"element-6066-11e4-a52e-4f735466cecf":"f.A1EC521E3478ED742E3D5E167ABDE28C.d.153A24F9B06456F54D3D17F10B26F7B6.e.3159"},"getTitle",[]]}
COMMAND: POST /session/a69c452d5537070365773ced34b84773/execute/async - {"script":"<script> [1562 bytes]","args":[{"selector":{"id":"shellAppTitle"},"wdio_ui5_key":"shellAppTitle"}]}
RESULT: {"script":"<script> [1562 bytes]","args":[{"selector":{"id":"shellAppTitle"},"wdio_ui5_key":"shellAppTitle"}]}
COMMAND: POST /session/a69c452d5537070365773ced34b84773/execute/async - {"script":"<script> [6424 bytes]","args":[{"element-6066-11e4-a52e-4f735466cecf":"f.A1EC521E3478ED742E3D5E167ABDE28C.d.153A24F9B06456F54D3D17F10B26F7B6.e.5684"},"getTitle",[]]}
RESULT: {"script":"<script> [6424 bytes]","args":[{"element-6066-11e4-a52e-4f735466cecf":"f.A1EC521E3478ED742E3D5E167ABDE28C.d.153A24F9B06456F54D3D17F10B26F7B6.e.5684"},"getTitle",[]]}
COMMAND: POST /session/a69c452d5537070365773ced34b84773/element - {"using":"xpath","value":"//span[contains(@id ,\"application-addressmanagement-display-component---detailAdm--addressDetailDetailsName1\")][contains(text(), \"WebdriverSitem8rav\")]"}
RESULT: {"using":"xpath","value":"//span[contains(@id ,\"application-addressmanagement-display-component---detailAdm--addressDetailDetailsName1\")][contains(text(), \"WebdriverSitem8rav\")]"}
COMMAND: POST /session/a69c452d5537070365773ced34b84773/execute/sync - {"script":"<script> [8489 bytes]","args":[{"element-6066-11e4-a52e-4f735466cecf":"f.A1EC521E3478ED742E3D5E167ABDE28C.d.153A24F9B06456F54D3D17F10B26F7B6.e.5682","ELEMENT":"f.A1EC521E3478ED742E3D5E167ABDE28C.d.153A24F9B06456F54D3D17F10B26F7B6.e.5682"}]}
RESULT: undefined
COMMAND: POST /session/a69c452d5537070365773ced34b84773/element - {"using":"xpath","value":"//*[@id=\"backBtn\"]"}
RESULT: {"script":"<script> [8489 bytes]","args":[{"element-6066-11e4-a52e-4f735466cecf":"f.A1EC521E3478ED742E3D5E167ABDE28C.d.153A24F9B06456F54D3D17F10B26F7B6.e.5682","ELEMENT":"f.A1EC521E3478ED742E3D5E167ABDE28C.d.153A24F9B06456F54D3D17F10B26F7B6.e.5682"}]}
COMMAND: GET /session/a69c452d5537070365773ced34b84773/screenshot - {}
RESULT: {"using":"xpath","value":"//*[@id=\"backBtn\"]"}
COMMAND: POST /session/a69c452d5537070365773ced34b84773/element/f.A1EC521E3478ED742E3D5E167ABDE28C.d.153A24F9B06456F54D3D17F10B26F7B6.e.3161/click - {}
RESULT: {}
RESULT: {}
COMMAND: GET /session/a69c452d5537070365773ced34b84773/screenshot - {}
RESULT: {}
COMMAND: POST /session/a69c452d5537070365773ced34b84773/execute/sync - {"script":"<script> [8489 bytes]","args":[{"element-6066-11e4-a52e-4f735466cecf":"f.A1EC521E3478ED742E3D5E167ABDE28C.d.153A24F9B06456F54D3D17F10B26F7B6.e.5466","ELEMENT":"f.A1EC521E3478ED742E3D5E167ABDE28C.d.153A24F9B06456F54D3D17F10B26F7B6.e.5466"}]}
COMMAND: POST /session/a69c452d5537070365773ced34b84773/element - {"using":"xpath","value":"//*[contains(@data-kt ,\"webshopDetailAddressLink\")]"}
RESULT: {"using":"xpath","value":"//*[contains(@data-kt ,\"webshopDetailAddressLink\")]"}
COMMAND: POST /session/a69c452d5537070365773ced34b84773/execute/sync - {"script":"<script> [8489 bytes]","args":[{"element-6066-11e4-a52e-4f735466cecf":"f.A1EC521E3478ED742E3D5E167ABDE28C.d.153A24F9B06456F54D3D17F10B26F7B6.e.5837","ELEMENT":"f.A1EC521E3478ED742E3D5E167ABDE28C.d.153A24F9B06456F54D3D17F10B26F7B6.e.5837"}]}
RESULT: {"script":"<script> [8489 bytes]","args":[{"element-6066-11e4-a52e-4f735466cecf":"f.A1EC521E3478ED742E3D5E167ABDE28C.d.153A24F9B06456F54D3D17F10B26F7B6.e.5837","ELEMENT":"f.A1EC521E3478ED742E3D5E167ABDE28C.d.153A24F9B06456F54D3D17F10B26F7B6.e.5837"}]}
COMMAND: POST /session/a69c452d5537070365773ced34b84773/execute/sync - {"script":"<script> [5351 bytes]","args":[{"element-6066-11e4-a52e-4f735466cecf":"f.A1EC521E3478ED742E3D5E167ABDE28C.d.153A24F9B06456F54D3D17F10B26F7B6.e.5837","ELEMENT":"f.A1EC521E3478ED742E3D5E167ABDE28C.d.153A24F9B06456F54D3D17F10B26F7B6.e.5837"}]}
COMMAND: GET /session/a69c452d5537070365773ced34b84773/screenshot - {}
RESULT: {"script":"<script> [5351 bytes]","args":[{"element-6066-11e4-a52e-4f735466cecf":"f.A1EC521E3478ED742E3D5E167ABDE28C.d.153A24F9B06456F54D3D17F10B26F7B6.e.5837","ELEMENT":"f.A1EC521E3478ED742E3D5E167ABDE28C.d.153A24F9B06456F54D3D17F10B26F7B6.e.5837"}]}
COMMAND: POST /session/a69c452d5537070365773ced34b84773/element - {"using":"xpath","value":"//*[contains(@data-kt ,\"webshopDetailAddressLink\")]"}
COMMAND: GET /session/a69c452d5537070365773ced34b84773/screenshot - {}
RESULT: {}
RESULT: {"using":"xpath","value":"//*[contains(@data-kt ,\"webshopDetailAddressLink\")]"}
COMMAND: POST /session/a69c452d5537070365773ced34b84773/element/f.A1EC521E3478ED742E3D5E167ABDE28C.d.153A24F9B06456F54D3D17F10B26F7B6.e.5837/click - {}
RESULT: {}
RESULT: {}
COMMAND: GET /session/a69c452d5537070365773ced34b84773/screenshot - {}
RESULT: {}
COMMAND: POST /session/a69c452d5537070365773ced34b84773/element - {"using":"xpath","value":"//button[contains(@data-kt ,\"ContextMenuExternalId2Link\")]"}
RESULT: {"using":"xpath","value":"//button[contains(@data-kt ,\"ContextMenuExternalId2Link\")]"}
COMMAND: POST /session/a69c452d5537070365773ced34b84773/element/f.A1EC521E3478ED742E3D5E167ABDE28C.d.153A24F9B06456F54D3D17F10B26F7B6.e.5839/click - {}
RESULT: {}
COMMAND: GET /session/a69c452d5537070365773ced34b84773/screenshot - {}
RESULT: {}
COMMAND: GET /session/a69c452d5537070365773ced34b84773/window/handles - {}
RESULT: {}
COMMAND: POST /session/a69c452d5537070365773ced34b84773/window - {"handle":"F48E54ED20C25B8ED63DA7B46BB2C7FB"}
RESULT: {"handle":"F48E54ED20C25B8ED63DA7B46BB2C7FB"}
COMMAND: GET /session/a69c452d5537070365773ced34b84773/url - {}
RESULT: {}
COMMAND: GET /session/a69c452d5537070365773ced34b84773/screenshot - {}
RESULT: {}
COMMAND: POST /session/a69c452d5537070365773ced34b84773/execute/sync - {"script":"<script> [8489 bytes]","args":[{"element-6066-11e4-a52e-4f735466cecf":"f.A1EC521E3478ED742E3D5E167ABDE28C.d.153A24F9B06456F54D3D17F10B26F7B6.e.5682","ELEMENT":"f.A1EC521E3478ED742E3D5E167ABDE28C.d.153A24F9B06456F54D3D17F10B26F7B6.e.5682"}]}
COMMAND: DELETE /session/a69c452d5537070365773ced34b84773/window - {}
RESULT: {}
COMMAND: POST /session/a69c452d5537070365773ced34b84773/window - {"handle":"A1EC521E3478ED742E3D5E167ABDE28C"}
RESULT: {"handle":"A1EC521E3478ED742E3D5E167ABDE28C"}
COMMAND: GET /session/a69c452d5537070365773ced34b84773/url - {}
COMMAND: POST /session/a69c452d5537070365773ced34b84773/element - {"using":"xpath","value":"//span[contains(@id ,\"application-addressmanagement-display-component---detailAdm--addressDetailDetailsName1\")][contains(text(), \"WebdriverSitem8rav\")]"}
RESULT: {}
COMMAND: GET /session/a69c452d5537070365773ced34b84773/screenshot - {}
RESULT: {"using":"xpath","value":"//span[contains(@id ,\"application-addressmanagement-display-component---detailAdm--addressDetailDetailsName1\")][contains(text(), \"WebdriverSitem8rav\")]"}
COMMAND: POST /session/a69c452d5537070365773ced34b84773/element - {"using":"xpath","value":"//span[contains(@id ,\"application-addressmanagement-display-component---detailAdm--addressDetailDetailsName1\")][contains(text(), \"WebdriverSitem8rav\")]"}
RESULT: {}
RESULT: {"using":"xpath","value":"//span[contains(@id ,\"application-addressmanagement-display-component---detailAdm--addressDetailDetailsName1\")][contains(text(), \"WebdriverSitem8rav\")]"}
COMMAND: POST /session/a69c452d5537070365773ced34b84773/element - {"using":"xpath","value":"//span[contains(@id ,\"application-addressmanagement-display-component---detailAdm--addressDetailDetailsName1\")][contains(text(), \"WebdriverSitem8rav\")]"}
RESULT: {"using":"xpath","value":"//span[contains(@id ,\"application-addressmanagement-display-component---detailAdm--addressDetailDetailsName1\")][contains(text(), \"WebdriverSitem8rav\")]"}
COMMAND: POST /session/a69c452d5537070365773ced34b84773/element - {"using":"xpath","value":"//span[contains(@id ,\"application-addressmanagement-display-component---detailAdm--addressDetailDetailsName1\")][contains(text(), \"WebdriverSitem8rav\")]"}
RESULT: {"using":"xpath","value":"//span[contains(@id ,\"application-addressmanagement-display-component---detailAdm--addressDetailDetailsName1\")][contains(text(), \"WebdriverSitem8rav\")]"}
COMMAND: POST /session/a69c452d5537070365773ced34b84773/element - {"using":"xpath","value":"//span[contains(@id ,\"application-addressmanagement-display-component---detailAdm--addressDetailDetailsName1\")][contains(text(), \"WebdriverSitem8rav\")]"}
RESULT: {"using":"xpath","value":"//span[contains(@id ,\"application-addressmanagement-display-component---detailAdm--addressDetailDetailsName1\")][contains(text(), \"WebdriverSitem8rav\")]"}
COMMAND: POST /session/a69c452d5537070365773ced34b84773/element - {"using":"xpath","value":"//span[contains(@id ,\"application-addressmanagement-display-component---detailAdm--addressDetailDetailsName1\")][contains(text(), \"WebdriverSitem8rav\")]"}
COMMAND: POST /session/a69c452d5537070365773ced34b84773/element - {"using":"xpath","value":"//*[contains(@data-kt ,\"webshopDetailCustomerLink\")]"}
RESULT: {"using":"xpath","value":"//span[contains(@id ,\"application-addressmanagement-display-component---detailAdm--addressDetailDetailsName1\")][contains(text(), \"WebdriverSitem8rav\")]"}
RESULT: {"using":"xpath","value":"//*[contains(@data-kt ,\"webshopDetailCustomerLink\")]"}
COMMAND: POST /session/a69c452d5537070365773ced34b84773/execute/sync - {"script":"<script> [8489 bytes]","args":[{"element-6066-11e4-a52e-4f735466cecf":"f.A1EC521E3478ED742E3D5E167ABDE28C.d.153A24F9B06456F54D3D17F10B26F7B6.e.5978","ELEMENT":"f.A1EC521E3478ED742E3D5E167ABDE28C.d.153A24F9B06456F54D3D17F10B26F7B6.e.5978"}]}
RESULT: {"script":"<script> [8489 bytes]","args":[{"element-6066-11e4-a52e-4f735466cecf":"f.A1EC521E3478ED742E3D5E167ABDE28C.d.153A24F9B06456F54D3D17F10B26F7B6.e.5978","ELEMENT":"f.A1EC521E3478ED742E3D5E167ABDE28C.d.153A24F9B06456F54D3D17F10B26F7B6.e.5978"}]}
COMMAND: POST /session/a69c452d5537070365773ced34b84773/execute/sync - {"script":"<script> [5351 bytes]","args":[{"element-6066-11e4-a52e-4f735466cecf":"f.A1EC521E3478ED742E3D5E167ABDE28C.d.153A24F9B06456F54D3D17F10B26F7B6.e.5978","ELEMENT":"f.A1EC521E3478ED742E3D5E167ABDE28C.d.153A24F9B06456F54D3D17F10B26F7B6.e.5978"}]}
COMMAND: GET /session/a69c452d5537070365773ced34b84773/screenshot - {}
RESULT: {"script":"<script> [5351 bytes]","args":[{"element-6066-11e4-a52e-4f735466cecf":"f.A1EC521E3478ED742E3D5E167ABDE28C.d.153A24F9B06456F54D3D17F10B26F7B6.e.5978","ELEMENT":"f.A1EC521E3478ED742E3D5E167ABDE28C.d.153A24F9B06456F54D3D17F10B26F7B6.e.5978"}]}
COMMAND: POST /session/a69c452d5537070365773ced34b84773/element - {"using":"xpath","value":"//*[contains(@data-kt ,\"webshopDetailCustomerLink\")]"}
COMMAND: GET /session/a69c452d5537070365773ced34b84773/screenshot - {}
RESULT: {}
RESULT: {"using":"xpath","value":"//*[contains(@data-kt ,\"webshopDetailCustomerLink\")]"}
COMMAND: POST /session/a69c452d5537070365773ced34b84773/element/f.A1EC521E3478ED742E3D5E167ABDE28C.d.153A24F9B06456F54D3D17F10B26F7B6.e.5978/click - {}
RESULT: {}
COMMAND: POST /session/a69c452d5537070365773ced34b84773/element - {"using":"xpath","value":"//span[contains(@id ,\"application-addressmanagement-display-component---detailAdm--addressDetailDetailsName1\")][contains(text(), \"WebdriverSitem8rav\")]"}
RESULT: {}
COMMAND: GET /session/a69c452d5537070365773ced34b84773/screenshot - {}
RESULT: {"using":"xpath","value":"//span[contains(@id ,\"application-addressmanagement-display-component---detailAdm--addressDetailDetailsName1\")][contains(text(), \"WebdriverSitem8rav\")]"}
RESULT: {}
COMMAND: POST /session/a69c452d5537070365773ced34b84773/element - {"using":"xpath","value":"//span[contains(@id ,\"application-addressmanagement-display-component---detailAdm--addressDetailDetailsName1\")][contains(text(), \"WebdriverSitem8rav\")]"}
RESULT: {"using":"xpath","value":"//span[contains(@id ,\"application-addressmanagement-display-component---detailAdm--addressDetailDetailsName1\")][contains(text(), \"WebdriverSitem8rav\")]"}
COMMAND: POST /session/a69c452d5537070365773ced34b84773/element - {"using":"xpath","value":"//span[contains(@id ,\"application-addressmanagement-display-component---detailAdm--addressDetailDetailsName1\")][contains(text(), \"WebdriverSitem8rav\")]"}
RESULT: {"using":"xpath","value":"//span[contains(@id ,\"application-addressmanagement-display-component---detailAdm--addressDetailDetailsName1\")][contains(text(), \"WebdriverSitem8rav\")]"}
COMMAND: POST /session/a69c452d5537070365773ced34b84773/element - {"using":"xpath","value":"//span[contains(@id ,\"application-addressmanagement-display-component---detailAdm--addressDetailDetailsName1\")][contains(text(), \"WebdriverSitem8rav\")]"}
RESULT: {"using":"xpath","value":"//span[contains(@id ,\"application-addressmanagement-display-component---detailAdm--addressDetailDetailsName1\")][contains(text(), \"WebdriverSitem8rav\")]"}
COMMAND: POST /session/a69c452d5537070365773ced34b84773/element - {"using":"xpath","value":"//*[contains(@data-kt ,\"ContextMenuId2Link\")][contains(text(), \"Partner Overview\")]"}
RESULT: {"using":"xpath","value":"//*[contains(@data-kt ,\"ContextMenuId2Link\")][contains(text(), \"Partner Overview\")]"}
COMMAND: POST /session/a69c452d5537070365773ced34b84773/execute/sync - {"script":"<script> [8489 bytes]","args":[{"element-6066-11e4-a52e-4f735466cecf":"f.A1EC521E3478ED742E3D5E167ABDE28C.d.153A24F9B06456F54D3D17F10B26F7B6.e.5980","ELEMENT":"f.A1EC521E3478ED742E3D5E167ABDE28C.d.153A24F9B06456F54D3D17F10B26F7B6.e.5980"}]}
COMMAND: POST /session/a69c452d5537070365773ced34b84773/element - {"using":"xpath","value":"//*[contains(@data-kt ,\"ContextMenuId2Link\")][contains(text(), \"Partner Overview\")]"}
COMMAND: POST /session/a69c452d5537070365773ced34b84773/element - {"using":"xpath","value":"//span[contains(@id ,\"application-addressmanagement-display-component---detailAdm--addressDetailDetailsName1\")][contains(text(), \"WebdriverSitem8rav\")]"}
RESULT: {"script":"<script> [8489 bytes]","args":[{"element-6066-11e4-a52e-4f735466cecf":"f.A1EC521E3478ED742E3D5E167ABDE28C.d.153A24F9B06456F54D3D17F10B26F7B6.e.5980","ELEMENT":"f.A1EC521E3478ED742E3D5E167ABDE28C.d.153A24F9B06456F54D3D17F10B26F7B6.e.5980"}]}
COMMAND: GET /session/a69c452d5537070365773ced34b84773/screenshot - {}
RESULT: {"using":"xpath","value":"//*[contains(@data-kt ,\"ContextMenuId2Link\")][contains(text(), \"Partner Overview\")]"}
COMMAND: POST /session/a69c452d5537070365773ced34b84773/element/f.A1EC521E3478ED742E3D5E167ABDE28C.d.153A24F9B06456F54D3D17F10B26F7B6.e.5980/click - {}
RESULT: {"using":"xpath","value":"//span[contains(@id ,\"application-addressmanagement-display-component---detailAdm--addressDetailDetailsName1\")][contains(text(), \"WebdriverSitem8rav\")]"}
RESULT: {}
COMMAND: POST /session/a69c452d5537070365773ced34b84773/element - {"using":"xpath","value":"//span[contains(@id ,\"application-addressmanagement-display-component---detailAdm--addressDetailDetailsName1\")][contains(text(), \"WebdriverSitem8rav\")]"}
RESULT: {}
COMMAND: GET /session/a69c452d5537070365773ced34b84773/screenshot - {}
RESULT: {"using":"xpath","value":"//span[contains(@id ,\"application-addressmanagement-display-component---detailAdm--addressDetailDetailsName1\")][contains(text(), \"WebdriverSitem8rav\")]"}
COMMAND: POST /session/a69c452d5537070365773ced34b84773/element - {"using":"xpath","value":"//span[contains(@id ,\"application-addressmanagement-display-component---detailAdm--addressDetailDetailsName1\")][contains(text(), \"WebdriverSitem8rav\")]"}
RESULT: {}
RESULT: {"using":"xpath","value":"//span[contains(@id ,\"application-addressmanagement-display-component---detailAdm--addressDetailDetailsName1\")][contains(text(), \"WebdriverSitem8rav\")]"}
COMMAND: POST /session/a69c452d5537070365773ced34b84773/element - {"using":"xpath","value":"//span[contains(@id ,\"application-addressmanagement-display-component---detailAdm--addressDetailDetailsName1\")][contains(text(), \"WebdriverSitem8rav\")]"}
RESULT: {"using":"xpath","value":"//span[contains(@id ,\"application-addressmanagement-display-component---detailAdm--addressDetailDetailsName1\")][contains(text(), \"WebdriverSitem8rav\")]"}
COMMAND: POST /session/a69c452d5537070365773ced34b84773/element - {"using":"xpath","value":"//span[contains(@id ,\"application-addressmanagement-display-component---detailAdm--addressDetailDetailsName1\")][contains(text(), \"WebdriverSitem8rav\")]"}
RESULT: {"using":"xpath","value":"//span[contains(@id ,\"application-addressmanagement-display-component---detailAdm--addressDetailDetailsName1\")][contains(text(), \"WebdriverSitem8rav\")]"}
COMMAND: POST /session/a69c452d5537070365773ced34b84773/element - {"using":"xpath","value":"//span[contains(@id ,\"application-addressmanagement-display-component---detailAdm--addressDetailDetailsName1\")][contains(text(), \"WebdriverSitem8rav\")]"}
RESULT: {"using":"xpath","value":"//span[contains(@id ,\"application-addressmanagement-display-component---detailAdm--addressDetailDetailsName1\")][contains(text(), \"WebdriverSitem8rav\")]"}
COMMAND: POST /session/a69c452d5537070365773ced34b84773/element - {"using":"xpath","value":"//span[contains(@id ,\"application-addressmanagement-display-component---detailAdm--addressDetailDetailsName1\")][contains(text(), \"WebdriverSitem8rav\")]"}
RESULT: {"using":"xpath","value":"//span[contains(@id ,\"application-addressmanagement-display-component---detailAdm--addressDetailDetailsName1\")][contains(text(), \"WebdriverSitem8rav\")]"}
COMMAND: POST /session/a69c452d5537070365773ced34b84773/element - {"using":"xpath","value":"//span[contains(@id ,\"application-addressmanagement-display-component---detailAdm--addressDetailDetailsName1\")][contains(text(), \"WebdriverSitem8rav\")]"}
RESULT: {"using":"xpath","value":"//span[contains(@id ,\"application-addressmanagement-display-component---detailAdm--addressDetailDetailsName1\")][contains(text(), \"WebdriverSitem8rav\")]"}
COMMAND: POST /session/a69c452d5537070365773ced34b84773/element - {"using":"xpath","value":"//span[contains(@id ,\"application-addressmanagement-display-component---detailAdm--addressDetailDetailsName1\")][contains(text(), \"WebdriverSitem8rav\")]"}
RESULT: {"using":"xpath","value":"//span[contains(@id ,\"application-addressmanagement-display-component---detailAdm--addressDetailDetailsName1\")][contains(text(), \"WebdriverSitem8rav\")]"}
COMMAND: POST /session/a69c452d5537070365773ced34b84773/element - {"using":"xpath","value":"//span[contains(@id ,\"application-addressmanagement-display-component---detailAdm--addressDetailDetailsName1\")][contains(text(), \"WebdriverSitem8rav\")]"}
RESULT: {"using":"xpath","value":"//span[contains(@id ,\"application-addressmanagement-display-component---detailAdm--addressDetailDetailsName1\")][contains(text(), \"WebdriverSitem8rav\")]"}
COMMAND: POST /session/a69c452d5537070365773ced34b84773/element - {"using":"xpath","value":"//span[contains(@id ,\"application-addressmanagement-display-component---detailAdm--addressDetailDetailsName1\")][contains(text(), \"WebdriverSitem8rav\")]"}
RESULT: {"using":"xpath","value":"//span[contains(@id ,\"application-addressmanagement-display-component---detailAdm--addressDetailDetailsName1\")][contains(text(), \"WebdriverSitem8rav\")]"}
COMMAND: POST /session/a69c452d5537070365773ced34b84773/element - {"using":"xpath","value":"//span[contains(@id ,\"application-addressmanagement-display-component---detailAdm--addressDetailDetailsName1\")][contains(text(), \"WebdriverSitem8rav\")]"}
RESULT: {"using":"xpath","value":"//span[contains(@id ,\"application-addressmanagement-display-component---detailAdm--addressDetailDetailsName1\")][contains(text(), \"WebdriverSitem8rav\")]"}
COMMAND: POST /session/a69c452d5537070365773ced34b84773/element - {"using":"xpath","value":"//span[contains(@id ,\"application-addressmanagement-display-component---detailAdm--addressDetailDetailsName1\")][contains(text(), \"WebdriverSitem8rav\")]"}
RESULT: {"using":"xpath","value":"//span[contains(@id ,\"application-addressmanagement-display-component---detailAdm--addressDetailDetailsName1\")][contains(text(), \"WebdriverSitem8rav\")]"}
COMMAND: POST /session/a69c452d5537070365773ced34b84773/element - {"using":"xpath","value":"//span[contains(@id ,\"application-addressmanagement-display-component---detailAdm--addressDetailDetailsName1\")][contains(text(), \"WebdriverSitem8rav\")]"}
RESULT: {"using":"xpath","value":"//span[contains(@id ,\"application-addressmanagement-display-component---detailAdm--addressDetailDetailsName1\")][contains(text(), \"WebdriverSitem8rav\")]"}
COMMAND: POST /session/a69c452d5537070365773ced34b84773/element - {"using":"xpath","value":"//span[contains(@id ,\"application-addressmanagement-display-component---detailAdm--addressDetailDetailsName1\")][contains(text(), \"WebdriverSitem8rav\")]"}
RESULT: {"using":"xpath","value":"//span[contains(@id ,\"application-addressmanagement-display-component---detailAdm--addressDetailDetailsName1\")][contains(text(), \"WebdriverSitem8rav\")]"}
COMMAND: POST /session/a69c452d5537070365773ced34b84773/element - {"using":"xpath","value":"//span[contains(@id ,\"application-addressmanagement-display-component---detailAdm--addressDetailDetailsName1\")][contains(text(), \"WebdriverSitem8rav\")]"}
RESULT: {"using":"xpath","value":"//span[contains(@id ,\"application-addressmanagement-display-component---detailAdm--addressDetailDetailsName1\")][contains(text(), \"WebdriverSitem8rav\")]"}
COMMAND: POST /session/a69c452d5537070365773ced34b84773/element - {"using":"xpath","value":"//span[contains(@id ,\"application-addressmanagement-display-component---detailAdm--addressDetailDetailsName1\")][contains(text(), \"WebdriverSitem8rav\")]"}
RESULT: {"using":"xpath","value":"//span[contains(@id ,\"application-addressmanagement-display-component---detailAdm--addressDetailDetailsName1\")][contains(text(), \"WebdriverSitem8rav\")]"}
COMMAND: POST /session/a69c452d5537070365773ced34b84773/element - {"using":"xpath","value":"//span[contains(@id ,\"application-addressmanagement-display-component---detailAdm--addressDetailDetailsName1\")][contains(text(), \"WebdriverSitem8rav\")]"}
RESULT: {"using":"xpath","value":"//span[contains(@id ,\"application-addressmanagement-display-component---detailAdm--addressDetailDetailsName1\")][contains(text(), \"WebdriverSitem8rav\")]"}
COMMAND: POST /session/a69c452d5537070365773ced34b84773/element - {"using":"xpath","value":"//span[contains(@id ,\"application-addressmanagement-display-component---detailAdm--addressDetailDetailsName1\")][contains(text(), \"WebdriverSitem8rav\")]"}
RESULT: {"using":"xpath","value":"//span[contains(@id ,\"application-addressmanagement-display-component---detailAdm--addressDetailDetailsName1\")][contains(text(), \"WebdriverSitem8rav\")]"}
COMMAND: POST /session/a69c452d5537070365773ced34b84773/element - {"using":"xpath","value":"//span[contains(@id ,\"application-addressmanagement-display-component---detailAdm--addressDetailDetailsName1\")][contains(text(), \"WebdriverSitem8rav\")]"}
RESULT: {"using":"xpath","value":"//span[contains(@id ,\"application-addressmanagement-display-component---detailAdm--addressDetailDetailsName1\")][contains(text(), \"WebdriverSitem8rav\")]"}
COMMAND: POST /session/a69c452d5537070365773ced34b84773/element - {"using":"xpath","value":"//span[contains(@id ,\"application-addressmanagement-display-component---detailAdm--addressDetailDetailsName1\")][contains(text(), \"WebdriverSitem8rav\")]"}
RESULT: {"using":"xpath","value":"//span[contains(@id ,\"application-addressmanagement-display-component---detailAdm--addressDetailDetailsName1\")][contains(text(), \"WebdriverSitem8rav\")]"}
COMMAND: POST /session/a69c452d5537070365773ced34b84773/element - {"using":"xpath","value":"//span[contains(@id ,\"application-addressmanagement-display-component---detailAdm--addressDetailDetailsName1\")][contains(text(), \"WebdriverSitem8rav\")]"}
RESULT: {"using":"xpath","value":"//span[contains(@id ,\"application-addressmanagement-display-component---detailAdm--addressDetailDetailsName1\")][contains(text(), \"WebdriverSitem8rav\")]"}
COMMAND: POST /session/a69c452d5537070365773ced34b84773/element - {"using":"xpath","value":"//span[contains(@id ,\"application-addressmanagement-display-component---detailAdm--addressDetailDetailsName1\")][contains(text(), \"WebdriverSitem8rav\")]"}
RESULT: {"using":"xpath","value":"//span[contains(@id ,\"application-addressmanagement-display-component---detailAdm--addressDetailDetailsName1\")][contains(text(), \"WebdriverSitem8rav\")]"}
RESULT: undefined
COMMAND: POST /session/a69c452d5537070365773ced34b84773/execute/async - {"script":"<script> [6424 bytes]","args":[{"element-6066-11e4-a52e-4f735466cecf":"f.A1EC521E3478ED742E3D5E167ABDE28C.d.153A24F9B06456F54D3D17F10B26F7B6.e.3159"},"getTitle",[]]}
COMMAND: POST /session/a69c452d5537070365773ced34b84773/execute/async - {"script":"<script> [1562 bytes]","args":[{"selector":{"id":"shellAppTitle"},"wdio_ui5_key":"shellAppTitle"}]}
COMMAND: POST /session/a69c452d5537070365773ced34b84773/element - {"using":"xpath","value":"//span[contains(@id ,\"application-addressmanagement-display-component---detailAdm--addressDetailDetailsName1\")][contains(text(), \"WebdriverSitem8rav\")]"}
RESULT: {"script":"<script> [1562 bytes]","args":[{"selector":{"id":"shellAppTitle"},"wdio_ui5_key":"shellAppTitle"}]}
COMMAND: POST /session/a69c452d5537070365773ced34b84773/execute/async - {"script":"<script> [6424 bytes]","args":[{"element-6066-11e4-a52e-4f735466cecf":"f.A1EC521E3478ED742E3D5E167ABDE28C.d.153A24F9B06456F54D3D17F10B26F7B6.e.6223"},"getTitle",[]]}
RESULT: {"using":"xpath","value":"//span[contains(@id ,\"application-addressmanagement-display-component---detailAdm--addressDetailDetailsName1\")][contains(text(), \"WebdriverSitem8rav\")]"}
RESULT: {"script":"<script> [6424 bytes]","args":[{"element-6066-11e4-a52e-4f735466cecf":"f.A1EC521E3478ED742E3D5E167ABDE28C.d.153A24F9B06456F54D3D17F10B26F7B6.e.6223"},"getTitle",[]]}
COMMAND: POST /session/a69c452d5537070365773ced34b84773/element - {"using":"xpath","value":"//span[contains(@id ,\"title\")][contains(text(), \"WebdriverPartnerrkxdn\")]"}
RESULT: {"using":"xpath","value":"//span[contains(@id ,\"title\")][contains(text(), \"WebdriverPartnerrkxdn\")]"}
COMMAND: POST /session/a69c452d5537070365773ced34b84773/execute/sync - {"script":"<script> [8489 bytes]","args":[{"element-6066-11e4-a52e-4f735466cecf":"f.A1EC521E3478ED742E3D5E167ABDE28C.d.153A24F9B06456F54D3D17F10B26F7B6.e.6224","ELEMENT":"f.A1EC521E3478ED742E3D5E167ABDE28C.d.153A24F9B06456F54D3D17F10B26F7B6.e.6224"}]}
RESULT: undefined
COMMAND: POST /session/a69c452d5537070365773ced34b84773/element - {"using":"xpath","value":"//*[@id=\"backBtn\"]"}
RESULT: {"script":"<script> [8489 bytes]","args":[{"element-6066-11e4-a52e-4f735466cecf":"f.A1EC521E3478ED742E3D5E167ABDE28C.d.153A24F9B06456F54D3D17F10B26F7B6.e.6224","ELEMENT":"f.A1EC521E3478ED742E3D5E167ABDE28C.d.153A24F9B06456F54D3D17F10B26F7B6.e.6224"}]}
COMMAND: POST /session/a69c452d5537070365773ced34b84773/element - {"using":"xpath","value":"//span[contains(@id ,\"application-addressmanagement-display-component---detailAdm--addressDetailDetailsName1\")][contains(text(), \"WebdriverSitem8rav\")]"}
COMMAND: GET /session/a69c452d5537070365773ced34b84773/screenshot - {}
RESULT: {"using":"xpath","value":"//*[@id=\"backBtn\"]"}
COMMAND: POST /session/a69c452d5537070365773ced34b84773/element/f.A1EC521E3478ED742E3D5E167ABDE28C.d.153A24F9B06456F54D3D17F10B26F7B6.e.3161/click - {}
RESULT: {"using":"xpath","value":"//span[contains(@id ,\"application-addressmanagement-display-component---detailAdm--addressDetailDetailsName1\")][contains(text(), \"WebdriverSitem8rav\")]"}
RESULT: {}
COMMAND: POST /session/a69c452d5537070365773ced34b84773/execute/sync - {"script":"<script> [8489 bytes]","args":[{"element-6066-11e4-a52e-4f735466cecf":"f.A1EC521E3478ED742E3D5E167ABDE28C.d.153A24F9B06456F54D3D17F10B26F7B6.e.6224","ELEMENT":"f.A1EC521E3478ED742E3D5E167ABDE28C.d.153A24F9B06456F54D3D17F10B26F7B6.e.6224"}]}
COMMAND: POST /session/a69c452d5537070365773ced34b84773/element - {"using":"xpath","value":"//span[contains(@id ,\"application-addressmanagement-display-component---detailAdm--addressDetailDetailsName1\")][contains(text(), \"WebdriverSitem8rav\")]"}
RESULT: {}
COMMAND: GET /session/a69c452d5537070365773ced34b84773/screenshot - {}
COMMAND: POST /session/a69c452d5537070365773ced34b84773/element - {"using":"xpath","value":"//span[contains(@id ,\"title\")][contains(text(), \"WebdriverPartnerrkxdn\")]"}
RESULT: {"using":"xpath","value":"//span[contains(@id ,\"application-addressmanagement-display-component---detailAdm--addressDetailDetailsName1\")][contains(text(), \"WebdriverSitem8rav\")]"}
RESULT: {}
RESULT: {"using":"xpath","value":"//span[contains(@id ,\"title\")][contains(text(), \"WebdriverPartnerrkxdn\")]"}
COMMAND: POST /session/a69c452d5537070365773ced34b84773/element - {"using":"xpath","value":"//span[contains(@id ,\"title\")][contains(text(), \"WebdriverPartnerrkxdn\")]"}
COMMAND: POST /session/a69c452d5537070365773ced34b84773/element - {"using":"xpath","value":"//span[contains(@id ,\"application-addressmanagement-display-component---detailAdm--addressDetailDetailsName1\")][contains(text(), \"WebdriverSitem8rav\")]"}
RESULT: {"using":"xpath","value":"//span[contains(@id ,\"title\")][contains(text(), \"WebdriverPartnerrkxdn\")]"}
RESULT: {"using":"xpath","value":"//span[contains(@id ,\"application-addressmanagement-display-component---detailAdm--addressDetailDetailsName1\")][contains(text(), \"WebdriverSitem8rav\")]"}
COMMAND: POST /session/a69c452d5537070365773ced34b84773/element - {"using":"xpath","value":"//span[contains(@id ,\"title\")][contains(text(), \"WebdriverPartnerrkxdn\")]"}
COMMAND: POST /session/a69c452d5537070365773ced34b84773/element - {"using":"xpath","value":"//span[contains(@id ,\"application-addressmanagement-display-component---detailAdm--addressDetailDetailsName1\")][contains(text(), \"WebdriverSitem8rav\")]"}
RESULT: {"using":"xpath","value":"//span[contains(@id ,\"title\")][contains(text(), \"WebdriverPartnerrkxdn\")]"}
RESULT: {"using":"xpath","value":"//span[contains(@id ,\"application-addressmanagement-display-component---detailAdm--addressDetailDetailsName1\")][contains(text(), \"WebdriverSitem8rav\")]"}
COMMAND: POST /session/a69c452d5537070365773ced34b84773/element - {"using":"xpath","value":"//span[contains(@id ,\"title\")][contains(text(), \"WebdriverPartnerrkxdn\")]"}
RESULT: {"using":"xpath","value":"//span[contains(@id ,\"title\")][contains(text(), \"WebdriverPartnerrkxdn\")]"}
COMMAND: POST /session/a69c452d5537070365773ced34b84773/element - {"using":"xpath","value":"//span[contains(@id ,\"application-addressmanagement-display-component---detailAdm--addressDetailDetailsName1\")][contains(text(), \"WebdriverSitem8rav\")]"}
RESULT: {"using":"xpath","value":"//span[contains(@id ,\"application-addressmanagement-display-component---detailAdm--addressDetailDetailsName1\")][contains(text(), \"WebdriverSitem8rav\")]"}
COMMAND: POST /session/a69c452d5537070365773ced34b84773/element - {"using":"xpath","value":"//span[contains(@id ,\"title\")][contains(text(), \"WebdriverPartnerrkxdn\")]"}
RESULT: {"using":"xpath","value":"//span[contains(@id ,\"title\")][contains(text(), \"WebdriverPartnerrkxdn\")]"}
COMMAND: POST /session/a69c452d5537070365773ced34b84773/element - {"using":"xpath","value":"//span[contains(@id ,\"application-addressmanagement-display-component---detailAdm--addressDetailDetailsName1\")][contains(text(), \"WebdriverSitem8rav\")]"}
RESULT: {"using":"xpath","value":"//span[contains(@id ,\"application-addressmanagement-display-component---detailAdm--addressDetailDetailsName1\")][contains(text(), \"WebdriverSitem8rav\")]"}
COMMAND: POST /session/a69c452d5537070365773ced34b84773/element - {"using":"xpath","value":"//span[contains(@id ,\"title\")][contains(text(), \"WebdriverPartnerrkxdn\")]"}
RESULT: {"using":"xpath","value":"//span[contains(@id ,\"title\")][contains(text(), \"WebdriverPartnerrkxdn\")]"}
COMMAND: POST /session/a69c452d5537070365773ced34b84773/element - {"using":"xpath","value":"//span[contains(@id ,\"application-addressmanagement-display-component---detailAdm--addressDetailDetailsName1\")][contains(text(), \"WebdriverSitem8rav\")]"}
RESULT: {"using":"xpath","value":"//span[contains(@id ,\"application-addressmanagement-display-component---detailAdm--addressDetailDetailsName1\")][contains(text(), \"WebdriverSitem8rav\")]"}
COMMAND: POST /session/a69c452d5537070365773ced34b84773/element - {"using":"xpath","value":"//span[contains(@id ,\"title\")][contains(text(), \"WebdriverPartnerrkxdn\")]"}
RESULT: {"using":"xpath","value":"//span[contains(@id ,\"title\")][contains(text(), \"WebdriverPartnerrkxdn\")]"}
COMMAND: POST /session/a69c452d5537070365773ced34b84773/element - {"using":"xpath","value":"//span[contains(@id ,\"application-addressmanagement-display-component---detailAdm--addressDetailDetailsName1\")][contains(text(), \"WebdriverSitem8rav\")]"}
RESULT: {"using":"xpath","value":"//span[contains(@id ,\"application-addressmanagement-display-component---detailAdm--addressDetailDetailsName1\")][contains(text(), \"WebdriverSitem8rav\")]"}
COMMAND: POST /session/a69c452d5537070365773ced34b84773/element - {"using":"xpath","value":"//span[contains(@id ,\"title\")][contains(text(), \"WebdriverPartnerrkxdn\")]"}
RESULT: {"using":"xpath","value":"//span[contains(@id ,\"title\")][contains(text(), \"WebdriverPartnerrkxdn\")]"}
COMMAND: POST /session/a69c452d5537070365773ced34b84773/element - {"using":"xpath","value":"//span[contains(@id ,\"application-addressmanagement-display-component---detailAdm--addressDetailDetailsName1\")][contains(text(), \"WebdriverSitem8rav\")]"}
RESULT: {"using":"xpath","value":"//span[contains(@id ,\"application-addressmanagement-display-component---detailAdm--addressDetailDetailsName1\")][contains(text(), \"WebdriverSitem8rav\")]"}
COMMAND: POST /session/a69c452d5537070365773ced34b84773/element - {"using":"xpath","value":"//span[contains(@id ,\"title\")][contains(text(), \"WebdriverPartnerrkxdn\")]"}
RESULT: {"using":"xpath","value":"//span[contains(@id ,\"title\")][contains(text(), \"WebdriverPartnerrkxdn\")]"}
COMMAND: POST /session/a69c452d5537070365773ced34b84773/element - {"using":"xpath","value":"//span[contains(@id ,\"application-addressmanagement-display-component---detailAdm--addressDetailDetailsName1\")][contains(text(), \"WebdriverSitem8rav\")]"}
RESULT: {"using":"xpath","value":"//span[contains(@id ,\"application-addressmanagement-display-component---detailAdm--addressDetailDetailsName1\")][contains(text(), \"WebdriverSitem8rav\")]"}
COMMAND: POST /session/a69c452d5537070365773ced34b84773/element - {"using":"xpath","value":"//span[contains(@id ,\"title\")][contains(text(), \"WebdriverPartnerrkxdn\")]"}
RESULT: {"using":"xpath","value":"//span[contains(@id ,\"title\")][contains(text(), \"WebdriverPartnerrkxdn\")]"}
COMMAND: POST /session/a69c452d5537070365773ced34b84773/element - {"using":"xpath","value":"//span[contains(@id ,\"application-addressmanagement-display-component---detailAdm--addressDetailDetailsName1\")][contains(text(), \"WebdriverSitem8rav\")]"}
RESULT: {"using":"xpath","value":"//span[contains(@id ,\"application-addressmanagement-display-component---detailAdm--addressDetailDetailsName1\")][contains(text(), \"WebdriverSitem8rav\")]"}
COMMAND: POST /session/a69c452d5537070365773ced34b84773/execute/sync - {"script":"<script> [8489 bytes]","args":[{"element-6066-11e4-a52e-4f735466cecf":"f.A1EC521E3478ED742E3D5E167ABDE28C.d.153A24F9B06456F54D3D17F10B26F7B6.e.5978","ELEMENT":"f.A1EC521E3478ED742E3D5E167ABDE28C.d.153A24F9B06456F54D3D17F10B26F7B6.e.5978"}]}
COMMAND: POST /session/a69c452d5537070365773ced34b84773/element - {"using":"xpath","value":"//*[contains(@data-kt ,\"webshopDetailCustomerLink\")]"}
RESULT: {"using":"xpath","value":"//*[contains(@data-kt ,\"webshopDetailCustomerLink\")]"}
COMMAND: POST /session/a69c452d5537070365773ced34b84773/execute/sync - {"script":"<script> [8489 bytes]","args":[{"element-6066-11e4-a52e-4f735466cecf":"f.A1EC521E3478ED742E3D5E167ABDE28C.d.153A24F9B06456F54D3D17F10B26F7B6.e.6417","ELEMENT":"f.A1EC521E3478ED742E3D5E167ABDE28C.d.153A24F9B06456F54D3D17F10B26F7B6.e.6417"}]}
RESULT: {"script":"<script> [8489 bytes]","args":[{"element-6066-11e4-a52e-4f735466cecf":"f.A1EC521E3478ED742E3D5E167ABDE28C.d.153A24F9B06456F54D3D17F10B26F7B6.e.6417","ELEMENT":"f.A1EC521E3478ED742E3D5E167ABDE28C.d.153A24F9B06456F54D3D17F10B26F7B6.e.6417"}]}
COMMAND: POST /session/a69c452d5537070365773ced34b84773/execute/sync - {"script":"<script> [5351 bytes]","args":[{"element-6066-11e4-a52e-4f735466cecf":"f.A1EC521E3478ED742E3D5E167ABDE28C.d.153A24F9B06456F54D3D17F10B26F7B6.e.6417","ELEMENT":"f.A1EC521E3478ED742E3D5E167ABDE28C.d.153A24F9B06456F54D3D17F10B26F7B6.e.6417"}]}
COMMAND: GET /session/a69c452d5537070365773ced34b84773/screenshot - {}
RESULT: {"script":"<script> [5351 bytes]","args":[{"element-6066-11e4-a52e-4f735466cecf":"f.A1EC521E3478ED742E3D5E167ABDE28C.d.153A24F9B06456F54D3D17F10B26F7B6.e.6417","ELEMENT":"f.A1EC521E3478ED742E3D5E167ABDE28C.d.153A24F9B06456F54D3D17F10B26F7B6.e.6417"}]}
COMMAND: POST /session/a69c452d5537070365773ced34b84773/element - {"using":"xpath","value":"//*[contains(@data-kt ,\"webshopDetailCustomerLink\")]"}
COMMAND: GET /session/a69c452d5537070365773ced34b84773/screenshot - {}
RESULT: {}
RESULT: {"using":"xpath","value":"//*[contains(@data-kt ,\"webshopDetailCustomerLink\")]"}
COMMAND: POST /session/a69c452d5537070365773ced34b84773/element/f.A1EC521E3478ED742E3D5E167ABDE28C.d.153A24F9B06456F54D3D17F10B26F7B6.e.6417/click - {}
COMMAND: POST /session/a69c452d5537070365773ced34b84773/element - {"using":"xpath","value":"//span[contains(@id ,\"title\")][contains(text(), \"WebdriverPartnerrkxdn\")]"}
COMMAND: POST /session/a69c452d5537070365773ced34b84773/element - {"using":"xpath","value":"//span[contains(@id ,\"application-addressmanagement-display-component---detailAdm--addressDetailDetailsName1\")][contains(text(), \"WebdriverSitem8rav\")]"}
RESULT: {}
RESULT: {}
COMMAND: GET /session/a69c452d5537070365773ced34b84773/screenshot - {}
RESULT: {"using":"xpath","value":"//span[contains(@id ,\"title\")][contains(text(), \"WebdriverPartnerrkxdn\")]"}
COMMAND: POST /session/a69c452d5537070365773ced34b84773/execute/sync - {"script":"<script> [8489 bytes]","args":[{"element-6066-11e4-a52e-4f735466cecf":"f.A1EC521E3478ED742E3D5E167ABDE28C.d.153A24F9B06456F54D3D17F10B26F7B6.e.6420","ELEMENT":"f.A1EC521E3478ED742E3D5E167ABDE28C.d.153A24F9B06456F54D3D17F10B26F7B6.e.6420"}]}
RESULT: {"using":"xpath","value":"//span[contains(@id ,\"application-addressmanagement-display-component---detailAdm--addressDetailDetailsName1\")][contains(text(), \"WebdriverSitem8rav\")]"}
RESULT: {}
RESULT: {"script":"<script> [8489 bytes]","args":[{"element-6066-11e4-a52e-4f735466cecf":"f.A1EC521E3478ED742E3D5E167ABDE28C.d.153A24F9B06456F54D3D17F10B26F7B6.e.6420","ELEMENT":"f.A1EC521E3478ED742E3D5E167ABDE28C.d.153A24F9B06456F54D3D17F10B26F7B6.e.6420"}]}
COMMAND: GET /session/a69c452d5537070365773ced34b84773/screenshot - {}
RESULT: {}
COMMAND: POST /session/a69c452d5537070365773ced34b84773/element - {"using":"xpath","value":"//span[contains(@id ,\"application-addressmanagement-display-component---detailAdm--addressDetailDetailsName1\")][contains(text(), \"WebdriverSitem8rav\")]"}
RESULT: {"using":"xpath","value":"//span[contains(@id ,\"application-addressmanagement-display-component---detailAdm--addressDetailDetailsName1\")][contains(text(), \"WebdriverSitem8rav\")]"}
COMMAND: POST /session/a69c452d5537070365773ced34b84773/element - {"using":"xpath","value":"//span[contains(@id ,\"application-addressmanagement-display-component---detailAdm--addressDetailDetailsName1\")][contains(text(), \"WebdriverSitem8rav\")]"}
RESULT: {"using":"xpath","value":"//span[contains(@id ,\"application-addressmanagement-display-component---detailAdm--addressDetailDetailsName1\")][contains(text(), \"WebdriverSitem8rav\")]"}
COMMAND: POST /session/a69c452d5537070365773ced34b84773/element - {"using":"xpath","value":"//span[contains(@id ,\"application-addressmanagement-display-component---detailAdm--addressDetailDetailsName1\")][contains(text(), \"WebdriverSitem8rav\")]"}
RESULT: {"using":"xpath","value":"//span[contains(@id ,\"application-addressmanagement-display-component---detailAdm--addressDetailDetailsName1\")][contains(text(), \"WebdriverSitem8rav\")]"}
COMMAND: POST /session/a69c452d5537070365773ced34b84773/element - {"using":"xpath","value":"//button[contains(@data-kt ,\"ContextMenuExternalId2Link\")]"}
RESULT: {"using":"xpath","value":"//button[contains(@data-kt ,\"ContextMenuExternalId2Link\")]"}
COMMAND: POST /session/a69c452d5537070365773ced34b84773/element/f.A1EC521E3478ED742E3D5E167ABDE28C.d.153A24F9B06456F54D3D17F10B26F7B6.e.6419/click - {}
COMMAND: POST /session/a69c452d5537070365773ced34b84773/element - {"using":"xpath","value":"//span[contains(@id ,\"application-addressmanagement-display-component---detailAdm--addressDetailDetailsName1\")][contains(text(), \"WebdriverSitem8rav\")]"}
RESULT: {}
COMMAND: GET /session/a69c452d5537070365773ced34b84773/screenshot - {}
RESULT: {"using":"xpath","value":"//span[contains(@id ,\"application-addressmanagement-display-component---detailAdm--addressDetailDetailsName1\")][contains(text(), \"WebdriverSitem8rav\")]"}
RESULT: {}
COMMAND: POST /session/a69c452d5537070365773ced34b84773/element - {"using":"xpath","value":"//span[contains(@id ,\"application-addressmanagement-display-component---detailAdm--addressDetailDetailsName1\")][contains(text(), \"WebdriverSitem8rav\")]"}
RESULT: {"using":"xpath","value":"//span[contains(@id ,\"application-addressmanagement-display-component---detailAdm--addressDetailDetailsName1\")][contains(text(), \"WebdriverSitem8rav\")]"}
COMMAND: POST /session/a69c452d5537070365773ced34b84773/element - {"using":"xpath","value":"//span[contains(@id ,\"application-addressmanagement-display-component---detailAdm--addressDetailDetailsName1\")][contains(text(), \"WebdriverSitem8rav\")]"}
RESULT: {"using":"xpath","value":"//span[contains(@id ,\"application-addressmanagement-display-component---detailAdm--addressDetailDetailsName1\")][contains(text(), \"WebdriverSitem8rav\")]"}
COMMAND: POST /session/a69c452d5537070365773ced34b84773/element - {"using":"xpath","value":"//span[contains(@id ,\"application-addressmanagement-display-component---detailAdm--addressDetailDetailsName1\")][contains(text(), \"WebdriverSitem8rav\")]"}
RESULT: {"using":"xpath","value":"//span[contains(@id ,\"application-addressmanagement-display-component---detailAdm--addressDetailDetailsName1\")][contains(text(), \"WebdriverSitem8rav\")]"}
COMMAND: POST /session/a69c452d5537070365773ced34b84773/element - {"using":"xpath","value":"//span[contains(@id ,\"application-addressmanagement-display-component---detailAdm--addressDetailDetailsName1\")][contains(text(), \"WebdriverSitem8rav\")]"}
RESULT: {"using":"xpath","value":"//span[contains(@id ,\"application-addressmanagement-display-component---detailAdm--addressDetailDetailsName1\")][contains(text(), \"WebdriverSitem8rav\")]"}
COMMAND: POST /session/a69c452d5537070365773ced34b84773/element - {"using":"xpath","value":"//span[contains(@id ,\"application-addressmanagement-display-component---detailAdm--addressDetailDetailsName1\")][contains(text(), \"WebdriverSitem8rav\")]"}
RESULT: {"using":"xpath","value":"//span[contains(@id ,\"application-addressmanagement-display-component---detailAdm--addressDetailDetailsName1\")][contains(text(), \"WebdriverSitem8rav\")]"}
COMMAND: POST /session/a69c452d5537070365773ced34b84773/element - {"using":"xpath","value":"//span[contains(@id ,\"application-addressmanagement-display-component---detailAdm--addressDetailDetailsName1\")][contains(text(), \"WebdriverSitem8rav\")]"}
RESULT: {"using":"xpath","value":"//span[contains(@id ,\"application-addressmanagement-display-component---detailAdm--addressDetailDetailsName1\")][contains(text(), \"WebdriverSitem8rav\")]"}
COMMAND: GET /session/a69c452d5537070365773ced34b84773/window/handles - {}
RESULT: {}
COMMAND: POST /session/a69c452d5537070365773ced34b84773/window - {"handle":"7FADB3BD278F86D3CAFAC8B05F5F6A92"}
RESULT: {"handle":"7FADB3BD278F86D3CAFAC8B05F5F6A92"}
COMMAND: GET /session/a69c452d5537070365773ced34b84773/url - {}
RESULT: {}
COMMAND: GET /session/a69c452d5537070365773ced34b84773/screenshot - {}
RESULT: {}
COMMAND: POST /session/a69c452d5537070365773ced34b84773/execute/sync - {"script":"<script> [8489 bytes]","args":[{"element-6066-11e4-a52e-4f735466cecf":"f.A1EC521E3478ED742E3D5E167ABDE28C.d.153A24F9B06456F54D3D17F10B26F7B6.e.6420","ELEMENT":"f.A1EC521E3478ED742E3D5E167ABDE28C.d.153A24F9B06456F54D3D17F10B26F7B6.e.6420"}]}
COMMAND: DELETE /session/a69c452d5537070365773ced34b84773/window - {}
RESULT: {}
COMMAND: POST /session/a69c452d5537070365773ced34b84773/window - {"handle":"A1EC521E3478ED742E3D5E167ABDE28C"}
RESULT: {"handle":"A1EC521E3478ED742E3D5E167ABDE28C"}
COMMAND: GET /session/a69c452d5537070365773ced34b84773/url - {}
RESULT: {"script":"<script> [8489 bytes]","args":[{"element-6066-11e4-a52e-4f735466cecf":"f.A1EC521E3478ED742E3D5E167ABDE28C.d.153A24F9B06456F54D3D17F10B26F7B6.e.6420","ELEMENT":"f.A1EC521E3478ED742E3D5E167ABDE28C.d.153A24F9B06456F54D3D17F10B26F7B6.e.6420"}]}
COMMAND: GET /session/a69c452d5537070365773ced34b84773/screenshot - {}
RESULT: {}
COMMAND: GET /session/a69c452d5537070365773ced34b84773/screenshot - {}
RESULT: {}
RESULT: {}
]]></system-out>
    </testcase>
    <testcase classname="chrome.136_0_7103_93.windows.Webshop_-_Hyperlinks_visible_and_working_properly__US139085" name="Should verify the contract and catalog item hyperlinks" time="101.052">
      <system-out><![CDATA[
COMMAND: POST /session/a69c452d5537070365773ced34b84773/element - {"using":"xpath","value":"//*[contains(@data-kt ,\"webshopDetailContractLink\")]"}
RESULT: {"using":"xpath","value":"//*[contains(@data-kt ,\"webshopDetailContractLink\")]"}
COMMAND: POST /session/a69c452d5537070365773ced34b84773/execute/sync - {"script":"<script> [8489 bytes]","args":[{"element-6066-11e4-a52e-4f735466cecf":"f.A1EC521E3478ED742E3D5E167ABDE28C.d.153A24F9B06456F54D3D17F10B26F7B6.e.6673","ELEMENT":"f.A1EC521E3478ED742E3D5E167ABDE28C.d.153A24F9B06456F54D3D17F10B26F7B6.e.6673"}]}
RESULT: {"script":"<script> [8489 bytes]","args":[{"element-6066-11e4-a52e-4f735466cecf":"f.A1EC521E3478ED742E3D5E167ABDE28C.d.153A24F9B06456F54D3D17F10B26F7B6.e.6673","ELEMENT":"f.A1EC521E3478ED742E3D5E167ABDE28C.d.153A24F9B06456F54D3D17F10B26F7B6.e.6673"}]}
COMMAND: POST /session/a69c452d5537070365773ced34b84773/execute/sync - {"script":"<script> [5351 bytes]","args":[{"element-6066-11e4-a52e-4f735466cecf":"f.A1EC521E3478ED742E3D5E167ABDE28C.d.153A24F9B06456F54D3D17F10B26F7B6.e.6673","ELEMENT":"f.A1EC521E3478ED742E3D5E167ABDE28C.d.153A24F9B06456F54D3D17F10B26F7B6.e.6673"}]}
COMMAND: GET /session/a69c452d5537070365773ced34b84773/screenshot - {}
RESULT: {"script":"<script> [5351 bytes]","args":[{"element-6066-11e4-a52e-4f735466cecf":"f.A1EC521E3478ED742E3D5E167ABDE28C.d.153A24F9B06456F54D3D17F10B26F7B6.e.6673","ELEMENT":"f.A1EC521E3478ED742E3D5E167ABDE28C.d.153A24F9B06456F54D3D17F10B26F7B6.e.6673"}]}
COMMAND: POST /session/a69c452d5537070365773ced34b84773/element - {"using":"xpath","value":"//*[contains(@data-kt ,\"webshopDetailContractLink\")]"}
COMMAND: GET /session/a69c452d5537070365773ced34b84773/screenshot - {}
RESULT: {}
RESULT: {"using":"xpath","value":"//*[contains(@data-kt ,\"webshopDetailContractLink\")]"}
COMMAND: POST /session/a69c452d5537070365773ced34b84773/element/f.A1EC521E3478ED742E3D5E167ABDE28C.d.153A24F9B06456F54D3D17F10B26F7B6.e.6673/click - {}
RESULT: {}
RESULT: {}
COMMAND: GET /session/a69c452d5537070365773ced34b84773/screenshot - {}
RESULT: {}
COMMAND: POST /session/a69c452d5537070365773ced34b84773/element - {"using":"xpath","value":"//*[contains(@data-kt ,\"ContextMenuId2Link\")][contains(text(), \"Contract Overview\")]"}
RESULT: {"using":"xpath","value":"//*[contains(@data-kt ,\"ContextMenuId2Link\")][contains(text(), \"Contract Overview\")]"}
COMMAND: POST /session/a69c452d5537070365773ced34b84773/execute/sync - {"script":"<script> [8489 bytes]","args":[{"element-6066-11e4-a52e-4f735466cecf":"f.A1EC521E3478ED742E3D5E167ABDE28C.d.153A24F9B06456F54D3D17F10B26F7B6.e.6675","ELEMENT":"f.A1EC521E3478ED742E3D5E167ABDE28C.d.153A24F9B06456F54D3D17F10B26F7B6.e.6675"}]}
COMMAND: POST /session/a69c452d5537070365773ced34b84773/element - {"using":"xpath","value":"//*[contains(@data-kt ,\"ContextMenuId2Link\")][contains(text(), \"Contract Overview\")]"}
RESULT: {"script":"<script> [8489 bytes]","args":[{"element-6066-11e4-a52e-4f735466cecf":"f.A1EC521E3478ED742E3D5E167ABDE28C.d.153A24F9B06456F54D3D17F10B26F7B6.e.6675","ELEMENT":"f.A1EC521E3478ED742E3D5E167ABDE28C.d.153A24F9B06456F54D3D17F10B26F7B6.e.6675"}]}
COMMAND: GET /session/a69c452d5537070365773ced34b84773/screenshot - {}
RESULT: {"using":"xpath","value":"//*[contains(@data-kt ,\"ContextMenuId2Link\")][contains(text(), \"Contract Overview\")]"}
COMMAND: POST /session/a69c452d5537070365773ced34b84773/element/f.A1EC521E3478ED742E3D5E167ABDE28C.d.153A24F9B06456F54D3D17F10B26F7B6.e.6675/click - {}
RESULT: {}
RESULT: {}
COMMAND: GET /session/a69c452d5537070365773ced34b84773/screenshot - {}
RESULT: {}
RESULT: undefined
COMMAND: POST /session/a69c452d5537070365773ced34b84773/execute/async - {"script":"<script> [6424 bytes]","args":[{"element-6066-11e4-a52e-4f735466cecf":"f.A1EC521E3478ED742E3D5E167ABDE28C.d.153A24F9B06456F54D3D17F10B26F7B6.e.3159"},"getTitle",[]]}
COMMAND: POST /session/a69c452d5537070365773ced34b84773/execute/async - {"script":"<script> [1562 bytes]","args":[{"selector":{"id":"shellAppTitle"},"wdio_ui5_key":"shellAppTitle"}]}
RESULT: {"script":"<script> [1562 bytes]","args":[{"selector":{"id":"shellAppTitle"},"wdio_ui5_key":"shellAppTitle"}]}
COMMAND: POST /session/a69c452d5537070365773ced34b84773/execute/async - {"script":"<script> [6424 bytes]","args":[{"element-6066-11e4-a52e-4f735466cecf":"f.A1EC521E3478ED742E3D5E167ABDE28C.d.153A24F9B06456F54D3D17F10B26F7B6.e.6915"},"getTitle",[]]}
RESULT: {"script":"<script> [6424 bytes]","args":[{"element-6066-11e4-a52e-4f735466cecf":"f.A1EC521E3478ED742E3D5E167ABDE28C.d.153A24F9B06456F54D3D17F10B26F7B6.e.6915"},"getTitle",[]]}
COMMAND: POST /session/a69c452d5537070365773ced34b84773/element - {"using":"xpath","value":"//span[contains(@id ,\"contractDetailTitleNoExpanded\")][contains(text(), \"10328\")]"}
RESULT: {"using":"xpath","value":"//span[contains(@id ,\"contractDetailTitleNoExpanded\")][contains(text(), \"10328\")]"}
COMMAND: POST /session/a69c452d5537070365773ced34b84773/execute/sync - {"script":"<script> [8489 bytes]","args":[{"element-6066-11e4-a52e-4f735466cecf":"f.A1EC521E3478ED742E3D5E167ABDE28C.d.153A24F9B06456F54D3D17F10B26F7B6.e.6916","ELEMENT":"f.A1EC521E3478ED742E3D5E167ABDE28C.d.153A24F9B06456F54D3D17F10B26F7B6.e.6916"}]}
RESULT: undefined
COMMAND: POST /session/a69c452d5537070365773ced34b84773/element - {"using":"xpath","value":"//*[@id=\"backBtn\"]"}
RESULT: {"script":"<script> [8489 bytes]","args":[{"element-6066-11e4-a52e-4f735466cecf":"f.A1EC521E3478ED742E3D5E167ABDE28C.d.153A24F9B06456F54D3D17F10B26F7B6.e.6916","ELEMENT":"f.A1EC521E3478ED742E3D5E167ABDE28C.d.153A24F9B06456F54D3D17F10B26F7B6.e.6916"}]}
COMMAND: GET /session/a69c452d5537070365773ced34b84773/screenshot - {}
RESULT: {"using":"xpath","value":"//*[@id=\"backBtn\"]"}
COMMAND: POST /session/a69c452d5537070365773ced34b84773/element/f.A1EC521E3478ED742E3D5E167ABDE28C.d.153A24F9B06456F54D3D17F10B26F7B6.e.3161/click - {}
RESULT: {}
RESULT: {}
COMMAND: GET /session/a69c452d5537070365773ced34b84773/screenshot - {}
COMMAND: POST /session/a69c452d5537070365773ced34b84773/execute/sync - {"script":"<script> [8489 bytes]","args":[{"element-6066-11e4-a52e-4f735466cecf":"f.A1EC521E3478ED742E3D5E167ABDE28C.d.153A24F9B06456F54D3D17F10B26F7B6.e.6673","ELEMENT":"f.A1EC521E3478ED742E3D5E167ABDE28C.d.153A24F9B06456F54D3D17F10B26F7B6.e.6673"}]}
RESULT: {}
COMMAND: POST /session/a69c452d5537070365773ced34b84773/element - {"using":"xpath","value":"//*[contains(@data-kt ,\"webshopDetailContractLink\")]"}
RESULT: {"using":"xpath","value":"//*[contains(@data-kt ,\"webshopDetailContractLink\")]"}
COMMAND: POST /session/a69c452d5537070365773ced34b84773/execute/sync - {"script":"<script> [8489 bytes]","args":[{"element-6066-11e4-a52e-4f735466cecf":"f.A1EC521E3478ED742E3D5E167ABDE28C.d.153A24F9B06456F54D3D17F10B26F7B6.e.7064","ELEMENT":"f.A1EC521E3478ED742E3D5E167ABDE28C.d.153A24F9B06456F54D3D17F10B26F7B6.e.7064"}]}
RESULT: {"script":"<script> [8489 bytes]","args":[{"element-6066-11e4-a52e-4f735466cecf":"f.A1EC521E3478ED742E3D5E167ABDE28C.d.153A24F9B06456F54D3D17F10B26F7B6.e.7064","ELEMENT":"f.A1EC521E3478ED742E3D5E167ABDE28C.d.153A24F9B06456F54D3D17F10B26F7B6.e.7064"}]}
COMMAND: POST /session/a69c452d5537070365773ced34b84773/execute/sync - {"script":"<script> [8489 bytes]","args":[{"element-6066-11e4-a52e-4f735466cecf":"f.A1EC521E3478ED742E3D5E167ABDE28C.d.153A24F9B06456F54D3D17F10B26F7B6.e.7064","ELEMENT":"f.A1EC521E3478ED742E3D5E167ABDE28C.d.153A24F9B06456F54D3D17F10B26F7B6.e.7064"}]}
COMMAND: GET /session/a69c452d5537070365773ced34b84773/screenshot - {}
RESULT: {"script":"<script> [8489 bytes]","args":[{"element-6066-11e4-a52e-4f735466cecf":"f.A1EC521E3478ED742E3D5E167ABDE28C.d.153A24F9B06456F54D3D17F10B26F7B6.e.7064","ELEMENT":"f.A1EC521E3478ED742E3D5E167ABDE28C.d.153A24F9B06456F54D3D17F10B26F7B6.e.7064"}]}
COMMAND: POST /session/a69c452d5537070365773ced34b84773/execute/sync - {"script":"<script> [8489 bytes]","args":[{"element-6066-11e4-a52e-4f735466cecf":"f.A1EC521E3478ED742E3D5E167ABDE28C.d.153A24F9B06456F54D3D17F10B26F7B6.e.7064","ELEMENT":"f.A1EC521E3478ED742E3D5E167ABDE28C.d.153A24F9B06456F54D3D17F10B26F7B6.e.7064"}]}
COMMAND: GET /session/a69c452d5537070365773ced34b84773/screenshot - {}
RESULT: {}
RESULT: {"script":"<script> [8489 bytes]","args":[{"element-6066-11e4-a52e-4f735466cecf":"f.A1EC521E3478ED742E3D5E167ABDE28C.d.153A24F9B06456F54D3D17F10B26F7B6.e.7064","ELEMENT":"f.A1EC521E3478ED742E3D5E167ABDE28C.d.153A24F9B06456F54D3D17F10B26F7B6.e.7064"}]}
COMMAND: POST /session/a69c452d5537070365773ced34b84773/execute/sync - {"script":"<script> [8489 bytes]","args":[{"element-6066-11e4-a52e-4f735466cecf":"f.A1EC521E3478ED742E3D5E167ABDE28C.d.153A24F9B06456F54D3D17F10B26F7B6.e.7064","ELEMENT":"f.A1EC521E3478ED742E3D5E167ABDE28C.d.153A24F9B06456F54D3D17F10B26F7B6.e.7064"}]}
COMMAND: GET /session/a69c452d5537070365773ced34b84773/screenshot - {}
RESULT: {}
RESULT: {"script":"<script> [8489 bytes]","args":[{"element-6066-11e4-a52e-4f735466cecf":"f.A1EC521E3478ED742E3D5E167ABDE28C.d.153A24F9B06456F54D3D17F10B26F7B6.e.7064","ELEMENT":"f.A1EC521E3478ED742E3D5E167ABDE28C.d.153A24F9B06456F54D3D17F10B26F7B6.e.7064"}]}
COMMAND: POST /session/a69c452d5537070365773ced34b84773/execute/sync - {"script":"<script> [8489 bytes]","args":[{"element-6066-11e4-a52e-4f735466cecf":"f.A1EC521E3478ED742E3D5E167ABDE28C.d.153A24F9B06456F54D3D17F10B26F7B6.e.7064","ELEMENT":"f.A1EC521E3478ED742E3D5E167ABDE28C.d.153A24F9B06456F54D3D17F10B26F7B6.e.7064"}]}
COMMAND: GET /session/a69c452d5537070365773ced34b84773/screenshot - {}
RESULT: {}
RESULT: {"script":"<script> [8489 bytes]","args":[{"element-6066-11e4-a52e-4f735466cecf":"f.A1EC521E3478ED742E3D5E167ABDE28C.d.153A24F9B06456F54D3D17F10B26F7B6.e.7064","ELEMENT":"f.A1EC521E3478ED742E3D5E167ABDE28C.d.153A24F9B06456F54D3D17F10B26F7B6.e.7064"}]}
COMMAND: GET /session/a69c452d5537070365773ced34b84773/screenshot - {}
COMMAND: POST /session/a69c452d5537070365773ced34b84773/execute/sync - {"script":"<script> [8489 bytes]","args":[{"element-6066-11e4-a52e-4f735466cecf":"f.A1EC521E3478ED742E3D5E167ABDE28C.d.153A24F9B06456F54D3D17F10B26F7B6.e.7064","ELEMENT":"f.A1EC521E3478ED742E3D5E167ABDE28C.d.153A24F9B06456F54D3D17F10B26F7B6.e.7064"}]}
RESULT: {}
RESULT: {}
RESULT: {"script":"<script> [8489 bytes]","args":[{"element-6066-11e4-a52e-4f735466cecf":"f.A1EC521E3478ED742E3D5E167ABDE28C.d.153A24F9B06456F54D3D17F10B26F7B6.e.7064","ELEMENT":"f.A1EC521E3478ED742E3D5E167ABDE28C.d.153A24F9B06456F54D3D17F10B26F7B6.e.7064"}]}
COMMAND: POST /session/a69c452d5537070365773ced34b84773/execute/sync - {"script":"<script> [8489 bytes]","args":[{"element-6066-11e4-a52e-4f735466cecf":"f.A1EC521E3478ED742E3D5E167ABDE28C.d.153A24F9B06456F54D3D17F10B26F7B6.e.7064","ELEMENT":"f.A1EC521E3478ED742E3D5E167ABDE28C.d.153A24F9B06456F54D3D17F10B26F7B6.e.7064"}]}
COMMAND: GET /session/a69c452d5537070365773ced34b84773/screenshot - {}
RESULT: {"script":"<script> [8489 bytes]","args":[{"element-6066-11e4-a52e-4f735466cecf":"f.A1EC521E3478ED742E3D5E167ABDE28C.d.153A24F9B06456F54D3D17F10B26F7B6.e.7064","ELEMENT":"f.A1EC521E3478ED742E3D5E167ABDE28C.d.153A24F9B06456F54D3D17F10B26F7B6.e.7064"}]}
COMMAND: POST /session/a69c452d5537070365773ced34b84773/execute/sync - {"script":"<script> [8489 bytes]","args":[{"element-6066-11e4-a52e-4f735466cecf":"f.A1EC521E3478ED742E3D5E167ABDE28C.d.153A24F9B06456F54D3D17F10B26F7B6.e.7064","ELEMENT":"f.A1EC521E3478ED742E3D5E167ABDE28C.d.153A24F9B06456F54D3D17F10B26F7B6.e.7064"}]}
COMMAND: GET /session/a69c452d5537070365773ced34b84773/screenshot - {}
RESULT: {}
RESULT: {"script":"<script> [8489 bytes]","args":[{"element-6066-11e4-a52e-4f735466cecf":"f.A1EC521E3478ED742E3D5E167ABDE28C.d.153A24F9B06456F54D3D17F10B26F7B6.e.7064","ELEMENT":"f.A1EC521E3478ED742E3D5E167ABDE28C.d.153A24F9B06456F54D3D17F10B26F7B6.e.7064"}]}
RESULT: {}
COMMAND: POST /session/a69c452d5537070365773ced34b84773/execute/sync - {"script":"<script> [8489 bytes]","args":[{"element-6066-11e4-a52e-4f735466cecf":"f.A1EC521E3478ED742E3D5E167ABDE28C.d.153A24F9B06456F54D3D17F10B26F7B6.e.7064","ELEMENT":"f.A1EC521E3478ED742E3D5E167ABDE28C.d.153A24F9B06456F54D3D17F10B26F7B6.e.7064"}]}
COMMAND: GET /session/a69c452d5537070365773ced34b84773/screenshot - {}
RESULT: {"script":"<script> [8489 bytes]","args":[{"element-6066-11e4-a52e-4f735466cecf":"f.A1EC521E3478ED742E3D5E167ABDE28C.d.153A24F9B06456F54D3D17F10B26F7B6.e.7064","ELEMENT":"f.A1EC521E3478ED742E3D5E167ABDE28C.d.153A24F9B06456F54D3D17F10B26F7B6.e.7064"}]}
COMMAND: POST /session/a69c452d5537070365773ced34b84773/execute/sync - {"script":"<script> [5351 bytes]","args":[{"element-6066-11e4-a52e-4f735466cecf":"f.A1EC521E3478ED742E3D5E167ABDE28C.d.153A24F9B06456F54D3D17F10B26F7B6.e.7064","ELEMENT":"f.A1EC521E3478ED742E3D5E167ABDE28C.d.153A24F9B06456F54D3D17F10B26F7B6.e.7064"}]}
COMMAND: GET /session/a69c452d5537070365773ced34b84773/screenshot - {}
RESULT: {}
RESULT: {}
RESULT: {"script":"<script> [5351 bytes]","args":[{"element-6066-11e4-a52e-4f735466cecf":"f.A1EC521E3478ED742E3D5E167ABDE28C.d.153A24F9B06456F54D3D17F10B26F7B6.e.7064","ELEMENT":"f.A1EC521E3478ED742E3D5E167ABDE28C.d.153A24F9B06456F54D3D17F10B26F7B6.e.7064"}]}
COMMAND: POST /session/a69c452d5537070365773ced34b84773/element - {"using":"xpath","value":"//*[contains(@data-kt ,\"webshopDetailContractLink\")]"}
COMMAND: GET /session/a69c452d5537070365773ced34b84773/screenshot - {}
RESULT: {"using":"xpath","value":"//*[contains(@data-kt ,\"webshopDetailContractLink\")]"}
COMMAND: POST /session/a69c452d5537070365773ced34b84773/element/f.A1EC521E3478ED742E3D5E167ABDE28C.d.153A24F9B06456F54D3D17F10B26F7B6.e.7064/click - {}
RESULT: {}
RESULT: {}
COMMAND: GET /session/a69c452d5537070365773ced34b84773/screenshot - {}
RESULT: {}
COMMAND: POST /session/a69c452d5537070365773ced34b84773/element - {"using":"xpath","value":"//button[contains(@data-kt ,\"ContextMenuExternalId2Link\")]"}
RESULT: {"using":"xpath","value":"//button[contains(@data-kt ,\"ContextMenuExternalId2Link\")]"}
COMMAND: POST /session/a69c452d5537070365773ced34b84773/element/f.A1EC521E3478ED742E3D5E167ABDE28C.d.153A24F9B06456F54D3D17F10B26F7B6.e.7095/click - {}
RESULT: {}
COMMAND: GET /session/a69c452d5537070365773ced34b84773/screenshot - {}
RESULT: {}
COMMAND: GET /session/a69c452d5537070365773ced34b84773/window/handles - {}
RESULT: {}
COMMAND: POST /session/a69c452d5537070365773ced34b84773/window - {"handle":"E3939312E301142EFCA18AFDDFA71C9E"}
RESULT: {"handle":"E3939312E301142EFCA18AFDDFA71C9E"}
COMMAND: GET /session/a69c452d5537070365773ced34b84773/url - {}
RESULT: {}
COMMAND: GET /session/a69c452d5537070365773ced34b84773/screenshot - {}
RESULT: {}
COMMAND: POST /session/a69c452d5537070365773ced34b84773/execute/sync - {"script":"<script> [8489 bytes]","args":[{"element-6066-11e4-a52e-4f735466cecf":"f.A1EC521E3478ED742E3D5E167ABDE28C.d.153A24F9B06456F54D3D17F10B26F7B6.e.6916","ELEMENT":"f.A1EC521E3478ED742E3D5E167ABDE28C.d.153A24F9B06456F54D3D17F10B26F7B6.e.6916"}]}
COMMAND: DELETE /session/a69c452d5537070365773ced34b84773/window - {}
RESULT: {}
COMMAND: POST /session/a69c452d5537070365773ced34b84773/window - {"handle":"A1EC521E3478ED742E3D5E167ABDE28C"}
RESULT: {"handle":"A1EC521E3478ED742E3D5E167ABDE28C"}
COMMAND: GET /session/a69c452d5537070365773ced34b84773/url - {}
COMMAND: POST /session/a69c452d5537070365773ced34b84773/element - {"using":"xpath","value":"//span[contains(@id ,\"contractDetailTitleNoExpanded\")][contains(text(), \"10328\")]"}
RESULT: {}
COMMAND: GET /session/a69c452d5537070365773ced34b84773/screenshot - {}
RESULT: {"using":"xpath","value":"//span[contains(@id ,\"contractDetailTitleNoExpanded\")][contains(text(), \"10328\")]"}
COMMAND: POST /session/a69c452d5537070365773ced34b84773/element - {"using":"xpath","value":"//span[contains(@id ,\"contractDetailTitleNoExpanded\")][contains(text(), \"10328\")]"}
RESULT: {}
RESULT: {"using":"xpath","value":"//span[contains(@id ,\"contractDetailTitleNoExpanded\")][contains(text(), \"10328\")]"}
COMMAND: POST /session/a69c452d5537070365773ced34b84773/element - {"using":"xpath","value":"//span[contains(@id ,\"contractDetailTitleNoExpanded\")][contains(text(), \"10328\")]"}
RESULT: {"using":"xpath","value":"//span[contains(@id ,\"contractDetailTitleNoExpanded\")][contains(text(), \"10328\")]"}
COMMAND: POST /session/a69c452d5537070365773ced34b84773/element - {"using":"xpath","value":"//span[contains(@id ,\"contractDetailTitleNoExpanded\")][contains(text(), \"10328\")]"}
RESULT: {"using":"xpath","value":"//span[contains(@id ,\"contractDetailTitleNoExpanded\")][contains(text(), \"10328\")]"}
COMMAND: POST /session/a69c452d5537070365773ced34b84773/element - {"using":"xpath","value":"//span[contains(@id ,\"contractDetailTitleNoExpanded\")][contains(text(), \"10328\")]"}
RESULT: {"using":"xpath","value":"//span[contains(@id ,\"contractDetailTitleNoExpanded\")][contains(text(), \"10328\")]"}
COMMAND: POST /session/a69c452d5537070365773ced34b84773/element - {"using":"xpath","value":"//span[contains(@id ,\"contractDetailTitleNoExpanded\")][contains(text(), \"10328\")]"}
RESULT: {"using":"xpath","value":"//span[contains(@id ,\"contractDetailTitleNoExpanded\")][contains(text(), \"10328\")]"}
COMMAND: POST /session/a69c452d5537070365773ced34b84773/element - {"using":"xpath","value":"//span[contains(@id ,\"contractDetailTitleNoExpanded\")][contains(text(), \"10328\")]"}
RESULT: {"using":"xpath","value":"//span[contains(@id ,\"contractDetailTitleNoExpanded\")][contains(text(), \"10328\")]"}
COMMAND: POST /session/a69c452d5537070365773ced34b84773/element - {"using":"xpath","value":"//span[contains(@id ,\"contractDetailTitleNoExpanded\")][contains(text(), \"10328\")]"}
RESULT: {"using":"xpath","value":"//span[contains(@id ,\"contractDetailTitleNoExpanded\")][contains(text(), \"10328\")]"}
COMMAND: POST /session/a69c452d5537070365773ced34b84773/element - {"using":"xpath","value":"//span[contains(@id ,\"contractDetailTitleNoExpanded\")][contains(text(), \"10328\")]"}
RESULT: {"using":"xpath","value":"//span[contains(@id ,\"contractDetailTitleNoExpanded\")][contains(text(), \"10328\")]"}
COMMAND: POST /session/a69c452d5537070365773ced34b84773/element - {"using":"xpath","value":"//*[contains(@data-kt ,\"webshopDetailCatalogItemLink\")]"}
RESULT: {"using":"xpath","value":"//*[contains(@data-kt ,\"webshopDetailCatalogItemLink\")]"}
COMMAND: POST /session/a69c452d5537070365773ced34b84773/execute/sync - {"script":"<script> [8489 bytes]","args":[{"element-6066-11e4-a52e-4f735466cecf":"f.A1EC521E3478ED742E3D5E167ABDE28C.d.153A24F9B06456F54D3D17F10B26F7B6.e.7046","ELEMENT":"f.A1EC521E3478ED742E3D5E167ABDE28C.d.153A24F9B06456F54D3D17F10B26F7B6.e.7046"}]}
RESULT: {"script":"<script> [8489 bytes]","args":[{"element-6066-11e4-a52e-4f735466cecf":"f.A1EC521E3478ED742E3D5E167ABDE28C.d.153A24F9B06456F54D3D17F10B26F7B6.e.7046","ELEMENT":"f.A1EC521E3478ED742E3D5E167ABDE28C.d.153A24F9B06456F54D3D17F10B26F7B6.e.7046"}]}
COMMAND: POST /session/a69c452d5537070365773ced34b84773/execute/sync - {"script":"<script> [5351 bytes]","args":[{"element-6066-11e4-a52e-4f735466cecf":"f.A1EC521E3478ED742E3D5E167ABDE28C.d.153A24F9B06456F54D3D17F10B26F7B6.e.7046","ELEMENT":"f.A1EC521E3478ED742E3D5E167ABDE28C.d.153A24F9B06456F54D3D17F10B26F7B6.e.7046"}]}
COMMAND: GET /session/a69c452d5537070365773ced34b84773/screenshot - {}
RESULT: {"script":"<script> [5351 bytes]","args":[{"element-6066-11e4-a52e-4f735466cecf":"f.A1EC521E3478ED742E3D5E167ABDE28C.d.153A24F9B06456F54D3D17F10B26F7B6.e.7046","ELEMENT":"f.A1EC521E3478ED742E3D5E167ABDE28C.d.153A24F9B06456F54D3D17F10B26F7B6.e.7046"}]}
COMMAND: POST /session/a69c452d5537070365773ced34b84773/element - {"using":"xpath","value":"//*[contains(@data-kt ,\"webshopDetailCatalogItemLink\")]"}
COMMAND: GET /session/a69c452d5537070365773ced34b84773/screenshot - {}
COMMAND: POST /session/a69c452d5537070365773ced34b84773/element - {"using":"xpath","value":"//span[contains(@id ,\"contractDetailTitleNoExpanded\")][contains(text(), \"10328\")]"}
RESULT: {}
RESULT: {"using":"xpath","value":"//*[contains(@data-kt ,\"webshopDetailCatalogItemLink\")]"}
COMMAND: POST /session/a69c452d5537070365773ced34b84773/element/f.A1EC521E3478ED742E3D5E167ABDE28C.d.153A24F9B06456F54D3D17F10B26F7B6.e.7046/click - {}
RESULT: {}
RESULT: {"using":"xpath","value":"//span[contains(@id ,\"contractDetailTitleNoExpanded\")][contains(text(), \"10328\")]"}
RESULT: {}
COMMAND: GET /session/a69c452d5537070365773ced34b84773/screenshot - {}
RESULT: {}
COMMAND: POST /session/a69c452d5537070365773ced34b84773/element - {"using":"xpath","value":"//span[contains(@id ,\"contractDetailTitleNoExpanded\")][contains(text(), \"10328\")]"}
RESULT: {"using":"xpath","value":"//span[contains(@id ,\"contractDetailTitleNoExpanded\")][contains(text(), \"10328\")]"}
COMMAND: POST /session/a69c452d5537070365773ced34b84773/element - {"using":"xpath","value":"//span[contains(@id ,\"contractDetailTitleNoExpanded\")][contains(text(), \"10328\")]"}
RESULT: {"using":"xpath","value":"//span[contains(@id ,\"contractDetailTitleNoExpanded\")][contains(text(), \"10328\")]"}
COMMAND: POST /session/a69c452d5537070365773ced34b84773/element - {"using":"xpath","value":"//span[contains(@id ,\"contractDetailTitleNoExpanded\")][contains(text(), \"10328\")]"}
RESULT: {"using":"xpath","value":"//span[contains(@id ,\"contractDetailTitleNoExpanded\")][contains(text(), \"10328\")]"}
COMMAND: POST /session/a69c452d5537070365773ced34b84773/element - {"using":"xpath","value":"//span[contains(@id ,\"contractDetailTitleNoExpanded\")][contains(text(), \"10328\")]"}
RESULT: {"using":"xpath","value":"//span[contains(@id ,\"contractDetailTitleNoExpanded\")][contains(text(), \"10328\")]"}
COMMAND: POST /session/a69c452d5537070365773ced34b84773/element - {"using":"xpath","value":"//span[contains(@id ,\"contractDetailTitleNoExpanded\")][contains(text(), \"10328\")]"}
RESULT: {"using":"xpath","value":"//span[contains(@id ,\"contractDetailTitleNoExpanded\")][contains(text(), \"10328\")]"}
COMMAND: POST /session/a69c452d5537070365773ced34b84773/element - {"using":"xpath","value":"//span[contains(@id ,\"contractDetailTitleNoExpanded\")][contains(text(), \"10328\")]"}
RESULT: {"using":"xpath","value":"//span[contains(@id ,\"contractDetailTitleNoExpanded\")][contains(text(), \"10328\")]"}
COMMAND: POST /session/a69c452d5537070365773ced34b84773/element - {"using":"xpath","value":"//span[contains(@id ,\"contractDetailTitleNoExpanded\")][contains(text(), \"10328\")]"}
RESULT: {"using":"xpath","value":"//span[contains(@id ,\"contractDetailTitleNoExpanded\")][contains(text(), \"10328\")]"}
COMMAND: POST /session/a69c452d5537070365773ced34b84773/element - {"using":"xpath","value":"//span[contains(@id ,\"contractDetailTitleNoExpanded\")][contains(text(), \"10328\")]"}
RESULT: {"using":"xpath","value":"//span[contains(@id ,\"contractDetailTitleNoExpanded\")][contains(text(), \"10328\")]"}
COMMAND: POST /session/a69c452d5537070365773ced34b84773/element - {"using":"xpath","value":"//span[contains(@id ,\"contractDetailTitleNoExpanded\")][contains(text(), \"10328\")]"}
RESULT: {"using":"xpath","value":"//span[contains(@id ,\"contractDetailTitleNoExpanded\")][contains(text(), \"10328\")]"}
COMMAND: POST /session/a69c452d5537070365773ced34b84773/element - {"using":"xpath","value":"(//span[contains(text(), \"Dri-Prime CD150M Diesel Pump\")])[2]"}
RESULT: {"using":"xpath","value":"(//span[contains(text(), \"Dri-Prime CD150M Diesel Pump\")])[2]"}
COMMAND: POST /session/a69c452d5537070365773ced34b84773/execute/sync - {"script":"<script> [8489 bytes]","args":[{"element-6066-11e4-a52e-4f735466cecf":"f.A1EC521E3478ED742E3D5E167ABDE28C.d.153A24F9B06456F54D3D17F10B26F7B6.e.7237","ELEMENT":"f.A1EC521E3478ED742E3D5E167ABDE28C.d.153A24F9B06456F54D3D17F10B26F7B6.e.7237"}]}
COMMAND: POST /session/a69c452d5537070365773ced34b84773/element - {"using":"xpath","value":"(//span[contains(text(), \"Description\")])[1]"}
RESULT: {"using":"xpath","value":"(//span[contains(text(), \"Description\")])[1]"}
COMMAND: GET /session/a69c452d5537070365773ced34b84773/element/f.A1EC521E3478ED742E3D5E167ABDE28C.d.153A24F9B06456F54D3D17F10B26F7B6.e.7238/rect - {}
RESULT: {"script":"<script> [8489 bytes]","args":[{"element-6066-11e4-a52e-4f735466cecf":"f.A1EC521E3478ED742E3D5E167ABDE28C.d.153A24F9B06456F54D3D17F10B26F7B6.e.7237","ELEMENT":"f.A1EC521E3478ED742E3D5E167ABDE28C.d.153A24F9B06456F54D3D17F10B26F7B6.e.7237"}]}
COMMAND: GET /session/a69c452d5537070365773ced34b84773/screenshot - {}
RESULT: {}
COMMAND: GET /session/a69c452d5537070365773ced34b84773/window/rect - {}
RESULT: {}
RESULT: {}
COMMAND: POST /session/a69c452d5537070365773ced34b84773/execute/sync - {"script":"<script> [92 bytes]","args":[]}
RESULT: {"script":"<script> [92 bytes]","args":[]}
COMMAND: POST /session/a69c452d5537070365773ced34b84773/actions - {"actions":[{"id":"action10","type":"wheel","parameters":{},"actions":[{"type":"scroll","x":-1833,"y":-23,"deltaX":0,"deltaY":0,"duration":0,"origin":{"element-6066-11e4-a52e-4f735466cecf":"f.A1EC521E3478ED742E3D5E167ABDE28C.d.153A24F9B06456F54D3D17F10B26F7B6.e.7238"}}]}]}
COMMAND: GET /session/a69c452d5537070365773ced34b84773/screenshot - {}
COMMAND: POST /session/a69c452d5537070365773ced34b84773/element - {"using":"xpath","value":"//span[contains(@id ,\"contractDetailTitleNoExpanded\")][contains(text(), \"10328\")]"}
RESULT: {}
RESULT: {"using":"xpath","value":"//span[contains(@id ,\"contractDetailTitleNoExpanded\")][contains(text(), \"10328\")]"}
COMMAND: POST /session/a69c452d5537070365773ced34b84773/execute/sync - {"script":"<script> [79 bytes]","args":[{"element-6066-11e4-a52e-4f735466cecf":"f.A1EC521E3478ED742E3D5E167ABDE28C.d.153A24F9B06456F54D3D17F10B26F7B6.e.7238","ELEMENT":"f.A1EC521E3478ED742E3D5E167ABDE28C.d.153A24F9B06456F54D3D17F10B26F7B6.e.7238"},{"block":"start","inline":"nearest"}]}
RESULT: {"script":"<script> [79 bytes]","args":[{"element-6066-11e4-a52e-4f735466cecf":"f.A1EC521E3478ED742E3D5E167ABDE28C.d.153A24F9B06456F54D3D17F10B26F7B6.e.7238","ELEMENT":"f.A1EC521E3478ED742E3D5E167ABDE28C.d.153A24F9B06456F54D3D17F10B26F7B6.e.7238"},{"block":"start","inline":"nearest"}]}
COMMAND: GET /session/a69c452d5537070365773ced34b84773/screenshot - {}
RESULT: {}
COMMAND: POST /session/a69c452d5537070365773ced34b84773/element - {"using":"xpath","value":"//span[contains(@id ,\"contractDetailTitleNoExpanded\")][contains(text(), \"10328\")]"}
RESULT: {"using":"xpath","value":"//span[contains(@id ,\"contractDetailTitleNoExpanded\")][contains(text(), \"10328\")]"}
COMMAND: POST /session/a69c452d5537070365773ced34b84773/element - {"using":"xpath","value":"//span[contains(@id ,\"contractDetailTitleNoExpanded\")][contains(text(), \"10328\")]"}
RESULT: {"using":"xpath","value":"//span[contains(@id ,\"contractDetailTitleNoExpanded\")][contains(text(), \"10328\")]"}
COMMAND: POST /session/a69c452d5537070365773ced34b84773/element - {"using":"xpath","value":"//span[contains(@id ,\"contractDetailTitleNoExpanded\")][contains(text(), \"10328\")]"}
RESULT: {"using":"xpath","value":"//span[contains(@id ,\"contractDetailTitleNoExpanded\")][contains(text(), \"10328\")]"}
COMMAND: POST /session/a69c452d5537070365773ced34b84773/element - {"using":"xpath","value":"//span[contains(@id ,\"contractDetailTitleNoExpanded\")][contains(text(), \"10328\")]"}
RESULT: {"using":"xpath","value":"//span[contains(@id ,\"contractDetailTitleNoExpanded\")][contains(text(), \"10328\")]"}
COMMAND: POST /session/a69c452d5537070365773ced34b84773/element - {"using":"xpath","value":"//span[contains(@id ,\"contractDetailTitleNoExpanded\")][contains(text(), \"10328\")]"}
RESULT: {"using":"xpath","value":"//span[contains(@id ,\"contractDetailTitleNoExpanded\")][contains(text(), \"10328\")]"}
COMMAND: POST /session/a69c452d5537070365773ced34b84773/element - {"using":"xpath","value":"(//textarea[@rows=\"15\"])[1]"}
RESULT: {"using":"xpath","value":"(//textarea[@rows=\"15\"])[1]"}
COMMAND: POST /session/a69c452d5537070365773ced34b84773/execute/sync - {"script":"<script> [8489 bytes]","args":[{"element-6066-11e4-a52e-4f735466cecf":"f.A1EC521E3478ED742E3D5E167ABDE28C.d.153A24F9B06456F54D3D17F10B26F7B6.e.7236","ELEMENT":"f.A1EC521E3478ED742E3D5E167ABDE28C.d.153A24F9B06456F54D3D17F10B26F7B6.e.7236"}]}
RESULT: {"script":"<script> [8489 bytes]","args":[{"element-6066-11e4-a52e-4f735466cecf":"f.A1EC521E3478ED742E3D5E167ABDE28C.d.153A24F9B06456F54D3D17F10B26F7B6.e.7236","ELEMENT":"f.A1EC521E3478ED742E3D5E167ABDE28C.d.153A24F9B06456F54D3D17F10B26F7B6.e.7236"}]}
COMMAND: GET /session/a69c452d5537070365773ced34b84773/screenshot - {}
COMMAND: POST /session/a69c452d5537070365773ced34b84773/element - {"using":"xpath","value":"//span[contains(@id ,\"contractDetailTitleNoExpanded\")][contains(text(), \"10328\")]"}
RESULT: {}
RESULT: {"using":"xpath","value":"//span[contains(@id ,\"contractDetailTitleNoExpanded\")][contains(text(), \"10328\")]"}
COMMAND: POST /session/a69c452d5537070365773ced34b84773/element - {"using":"xpath","value":"//span[contains(@id ,\"contractDetailTitleNoExpanded\")][contains(text(), \"10328\")]"}
RESULT: {"using":"xpath","value":"//span[contains(@id ,\"contractDetailTitleNoExpanded\")][contains(text(), \"10328\")]"}
COMMAND: POST /session/a69c452d5537070365773ced34b84773/element - {"using":"xpath","value":"//span[contains(@id ,\"contractDetailTitleNoExpanded\")][contains(text(), \"10328\")]"}
RESULT: {"using":"xpath","value":"//span[contains(@id ,\"contractDetailTitleNoExpanded\")][contains(text(), \"10328\")]"}
COMMAND: POST /session/a69c452d5537070365773ced34b84773/element - {"using":"xpath","value":"//span[contains(@id ,\"contractDetailTitleNoExpanded\")][contains(text(), \"10328\")]"}
RESULT: {"using":"xpath","value":"//span[contains(@id ,\"contractDetailTitleNoExpanded\")][contains(text(), \"10328\")]"}
COMMAND: POST /session/a69c452d5537070365773ced34b84773/element - {"using":"xpath","value":"//span[contains(@id ,\"contractDetailTitleNoExpanded\")][contains(text(), \"10328\")]"}
RESULT: {"using":"xpath","value":"//span[contains(@id ,\"contractDetailTitleNoExpanded\")][contains(text(), \"10328\")]"}
COMMAND: POST /session/a69c452d5537070365773ced34b84773/element - {"using":"xpath","value":"//span[contains(@id ,\"contractDetailTitleNoExpanded\")][contains(text(), \"10328\")]"}
RESULT: {"using":"xpath","value":"//span[contains(@id ,\"contractDetailTitleNoExpanded\")][contains(text(), \"10328\")]"}
COMMAND: POST /session/a69c452d5537070365773ced34b84773/element - {"using":"xpath","value":"//span[contains(@id ,\"contractDetailTitleNoExpanded\")][contains(text(), \"10328\")]"}
RESULT: {"using":"xpath","value":"//span[contains(@id ,\"contractDetailTitleNoExpanded\")][contains(text(), \"10328\")]"}
COMMAND: POST /session/a69c452d5537070365773ced34b84773/element - {"using":"xpath","value":"//span[contains(@id ,\"contractDetailTitleNoExpanded\")][contains(text(), \"10328\")]"}
RESULT: {"using":"xpath","value":"//span[contains(@id ,\"contractDetailTitleNoExpanded\")][contains(text(), \"10328\")]"}
COMMAND: POST /session/a69c452d5537070365773ced34b84773/element - {"using":"xpath","value":"//span[contains(@id ,\"contractDetailTitleNoExpanded\")][contains(text(), \"10328\")]"}
RESULT: {"using":"xpath","value":"//span[contains(@id ,\"contractDetailTitleNoExpanded\")][contains(text(), \"10328\")]"}
COMMAND: POST /session/a69c452d5537070365773ced34b84773/element - {"using":"xpath","value":"//span[contains(@id ,\"contractDetailTitleNoExpanded\")][contains(text(), \"10328\")]"}
RESULT: {"using":"xpath","value":"//span[contains(@id ,\"contractDetailTitleNoExpanded\")][contains(text(), \"10328\")]"}
COMMAND: POST /session/a69c452d5537070365773ced34b84773/execute/async - {"script":"<script> [1562 bytes]","args":[{"selector":{"controlType":"sap.tnt.NavigationListItem","viewName":"etm.portal.ui.webshop.view.RequestDetail","i18NText":{"propertyName":"text","key":"exit"},"interaction":{"idSuffix":"a"}},"wdio_ui5_key":"etmportal.ui.webshop.view.RequestDetailsap.tnt.NavigationListItem{\"propertyName\":\"text\",\"key\":\"exit\"}"}]}
COMMAND: POST /session/a69c452d5537070365773ced34b84773/element - {"using":"xpath","value":"//span[contains(@id ,\"contractDetailTitleNoExpanded\")][contains(text(), \"10328\")]"}
RESULT: {"script":"<script> [1562 bytes]","args":[{"selector":{"controlType":"sap.tnt.NavigationListItem","viewName":"etm.portal.ui.webshop.view.RequestDetail","i18NText":{"propertyName":"text","key":"exit"},"interaction":{"idSuffix":"a"}},"wdio_ui5_key":"etmportal.ui.webshop.view.RequestDetailsap.tnt.NavigationListItem{\"propertyName\":\"text\",\"key\":\"exit\"}"}]}
RESULT: undefined
COMMAND: POST /session/a69c452d5537070365773ced34b84773/element - {"using":"xpath","value":"//*[@id=\"__item3194\"]"}
RESULT: {"using":"xpath","value":"//span[contains(@id ,\"contractDetailTitleNoExpanded\")][contains(text(), \"10328\")]"}
RESULT: {"using":"xpath","value":"//*[@id=\"__item3194\"]"}
COMMAND: POST /session/a69c452d5537070365773ced34b84773/element/f.A1EC521E3478ED742E3D5E167ABDE28C.d.153A24F9B06456F54D3D17F10B26F7B6.e.7242/click - {}
RESULT: {}
COMMAND: GET /session/a69c452d5537070365773ced34b84773/screenshot - {}
COMMAND: POST /session/a69c452d5537070365773ced34b84773/element - {"using":"xpath","value":"//span[contains(@id ,\"contractDetailTitleNoExpanded\")][contains(text(), \"10328\")]"}
RESULT: {}
RESULT: {"using":"xpath","value":"//span[contains(@id ,\"contractDetailTitleNoExpanded\")][contains(text(), \"10328\")]"}
COMMAND: POST /session/a69c452d5537070365773ced34b84773/element - {"using":"xpath","value":"//span[contains(@id ,\"contractDetailTitleNoExpanded\")][contains(text(), \"10328\")]"}
RESULT: {"using":"xpath","value":"//span[contains(@id ,\"contractDetailTitleNoExpanded\")][contains(text(), \"10328\")]"}
COMMAND: POST /session/a69c452d5537070365773ced34b84773/element - {"using":"xpath","value":"//span[contains(@id ,\"contractDetailTitleNoExpanded\")][contains(text(), \"10328\")]"}
RESULT: {"using":"xpath","value":"//span[contains(@id ,\"contractDetailTitleNoExpanded\")][contains(text(), \"10328\")]"}
COMMAND: POST /session/a69c452d5537070365773ced34b84773/element - {"using":"xpath","value":"//span[contains(@id ,\"contractDetailTitleNoExpanded\")][contains(text(), \"10328\")]"}
RESULT: {"using":"xpath","value":"//span[contains(@id ,\"contractDetailTitleNoExpanded\")][contains(text(), \"10328\")]"}
COMMAND: POST /session/a69c452d5537070365773ced34b84773/element - {"using":"xpath","value":"//span[contains(@id ,\"contractDetailTitleNoExpanded\")][contains(text(), \"10328\")]"}
RESULT: {"using":"xpath","value":"//span[contains(@id ,\"contractDetailTitleNoExpanded\")][contains(text(), \"10328\")]"}
COMMAND: POST /session/a69c452d5537070365773ced34b84773/element - {"using":"xpath","value":"//span[contains(@id ,\"contractDetailTitleNoExpanded\")][contains(text(), \"10328\")]"}
RESULT: {"using":"xpath","value":"//span[contains(@id ,\"contractDetailTitleNoExpanded\")][contains(text(), \"10328\")]"}
COMMAND: POST /session/a69c452d5537070365773ced34b84773/element - {"using":"xpath","value":"//span[contains(@id ,\"contractDetailTitleNoExpanded\")][contains(text(), \"10328\")]"}
RESULT: {"using":"xpath","value":"//span[contains(@id ,\"contractDetailTitleNoExpanded\")][contains(text(), \"10328\")]"}
COMMAND: POST /session/a69c452d5537070365773ced34b84773/element - {"using":"css selector","value":"#shell-header-logo"}
RESULT: {"using":"css selector","value":"#shell-header-logo"}
COMMAND: POST /session/a69c452d5537070365773ced34b84773/element/f.A1EC521E3478ED742E3D5E167ABDE28C.d.153A24F9B06456F54D3D17F10B26F7B6.e.3161/click - {}
RESULT: {}
COMMAND: GET /session/a69c452d5537070365773ced34b84773/screenshot - {}
COMMAND: POST /session/a69c452d5537070365773ced34b84773/element - {"using":"xpath","value":"//span[contains(@id ,\"contractDetailTitleNoExpanded\")][contains(text(), \"10328\")]"}
RESULT: {}
RESULT: {"using":"xpath","value":"//span[contains(@id ,\"contractDetailTitleNoExpanded\")][contains(text(), \"10328\")]"}
COMMAND: POST /session/a69c452d5537070365773ced34b84773/element - {"using":"xpath","value":"//span[contains(@id ,\"contractDetailTitleNoExpanded\")][contains(text(), \"10328\")]"}
RESULT: {"using":"xpath","value":"//span[contains(@id ,\"contractDetailTitleNoExpanded\")][contains(text(), \"10328\")]"}
COMMAND: POST /session/a69c452d5537070365773ced34b84773/element - {"using":"xpath","value":"//span[contains(@id ,\"contractDetailTitleNoExpanded\")][contains(text(), \"10328\")]"}
RESULT: {"using":"xpath","value":"//span[contains(@id ,\"contractDetailTitleNoExpanded\")][contains(text(), \"10328\")]"}
COMMAND: POST /session/a69c452d5537070365773ced34b84773/element - {"using":"xpath","value":"//span[contains(@id ,\"contractDetailTitleNoExpanded\")][contains(text(), \"10328\")]"}
RESULT: {"using":"xpath","value":"//span[contains(@id ,\"contractDetailTitleNoExpanded\")][contains(text(), \"10328\")]"}
COMMAND: POST /session/a69c452d5537070365773ced34b84773/element - {"using":"xpath","value":"//span[contains(@id ,\"contractDetailTitleNoExpanded\")][contains(text(), \"10328\")]"}
RESULT: {"using":"xpath","value":"//span[contains(@id ,\"contractDetailTitleNoExpanded\")][contains(text(), \"10328\")]"}
COMMAND: POST /session/a69c452d5537070365773ced34b84773/element - {"using":"xpath","value":"//span[contains(@id ,\"contractDetailTitleNoExpanded\")][contains(text(), \"10328\")]"}
RESULT: {"using":"xpath","value":"//span[contains(@id ,\"contractDetailTitleNoExpanded\")][contains(text(), \"10328\")]"}
]]></system-out>
    </testcase>
  </testsuite>
  <testsuite timestamp="2025-05-17T16:25:41" time="77.273" tests="1" failures="0" errors="0" skipped="0">
    <properties>
      <property name="specId" value="0" />
      <property name="suiteName" value="Add items into the basket without creating a request US151315" />
      <property name="capabilities" value="chrome.136_0_7103_93.windows" />
      <property name="file" value="file:///D:/a/1/s/test/specs/R2C/add-items-into-basket-wo-creating-a-request.spec.js" />
    </properties>
    <testcase classname="chrome.136_0_7103_93.windows.Add_items_into_the_basket_without_creating_a_request_US151315" name="Should verify if a catalog item can be added without creating a request" time="74.074">
      <system-out><![CDATA[
RESULT: undefined
COMMAND: POST /session/a69c452d5537070365773ced34b84773/element - {"using":"xpath","value":"//*[@id=\"__tile49\"]"}
RESULT: {"using":"xpath","value":"//*[@id=\"__tile49\"]"}
COMMAND: POST /session/a69c452d5537070365773ced34b84773/element/f.A1EC521E3478ED742E3D5E167ABDE28C.d.153A24F9B06456F54D3D17F10B26F7B6.e.2988/click - {}
RESULT: {}
COMMAND: GET /session/a69c452d5537070365773ced34b84773/screenshot - {}
COMMAND: POST /session/a69c452d5537070365773ced34b84773/element - {"using":"xpath","value":"//span[contains(@id ,\"contractDetailTitleNoExpanded\")][contains(text(), \"10328\")]"}
RESULT: {}
RESULT: {"using":"xpath","value":"//span[contains(@id ,\"contractDetailTitleNoExpanded\")][contains(text(), \"10328\")]"}
COMMAND: POST /session/a69c452d5537070365773ced34b84773/element - {"using":"xpath","value":"//span[contains(@id ,\"contractDetailTitleNoExpanded\")][contains(text(), \"10328\")]"}
RESULT: {"using":"xpath","value":"//span[contains(@id ,\"contractDetailTitleNoExpanded\")][contains(text(), \"10328\")]"}
COMMAND: POST /session/a69c452d5537070365773ced34b84773/element - {"using":"xpath","value":"//span[contains(@id ,\"contractDetailTitleNoExpanded\")][contains(text(), \"10328\")]"}
RESULT: {"using":"xpath","value":"//span[contains(@id ,\"contractDetailTitleNoExpanded\")][contains(text(), \"10328\")]"}
COMMAND: POST /session/a69c452d5537070365773ced34b84773/element - {"using":"xpath","value":"//span[contains(@id ,\"contractDetailTitleNoExpanded\")][contains(text(), \"10328\")]"}
COMMAND: POST /session/a69c452d5537070365773ced34b84773/elements - {"using":"xpath","value":"//span[text()='Error']"}
RESULT: {"using":"xpath","value":"//span[contains(@id ,\"contractDetailTitleNoExpanded\")][contains(text(), \"10328\")]"}
COMMAND: POST /session/a69c452d5537070365773ced34b84773/element - {"using":"xpath","value":"//span[contains(@id ,\"contractDetailTitleNoExpanded\")][contains(text(), \"10328\")]"}
RESULT: {"using":"xpath","value":"//span[text()='Error']"}
RESULT: {"using":"xpath","value":"//span[contains(@id ,\"contractDetailTitleNoExpanded\")][contains(text(), \"10328\")]"}
COMMAND: POST /session/a69c452d5537070365773ced34b84773/element - {"using":"xpath","value":"//span[contains(@id ,\"contractDetailTitleNoExpanded\")][contains(text(), \"10328\")]"}
RESULT: {"using":"xpath","value":"//span[contains(@id ,\"contractDetailTitleNoExpanded\")][contains(text(), \"10328\")]"}
COMMAND: POST /session/a69c452d5537070365773ced34b84773/element - {"using":"xpath","value":"//span[contains(@id ,\"contractDetailTitleNoExpanded\")][contains(text(), \"10328\")]"}
RESULT: {"using":"xpath","value":"//span[contains(@id ,\"contractDetailTitleNoExpanded\")][contains(text(), \"10328\")]"}
COMMAND: POST /session/a69c452d5537070365773ced34b84773/element - {"using":"xpath","value":"//span[contains(@id ,\"contractDetailTitleNoExpanded\")][contains(text(), \"10328\")]"}
RESULT: {"using":"xpath","value":"//span[contains(@id ,\"contractDetailTitleNoExpanded\")][contains(text(), \"10328\")]"}
COMMAND: POST /session/a69c452d5537070365773ced34b84773/element - {"using":"xpath","value":"//span[contains(@id ,\"contractDetailTitleNoExpanded\")][contains(text(), \"10328\")]"}
RESULT: {"using":"xpath","value":"//span[contains(@id ,\"contractDetailTitleNoExpanded\")][contains(text(), \"10328\")]"}
COMMAND: POST /session/a69c452d5537070365773ced34b84773/element - {"using":"xpath","value":"//span[contains(@id ,\"contractDetailTitleNoExpanded\")][contains(text(), \"10328\")]"}
RESULT: {"using":"xpath","value":"//span[contains(@id ,\"contractDetailTitleNoExpanded\")][contains(text(), \"10328\")]"}
COMMAND: POST /session/a69c452d5537070365773ced34b84773/element - {"using":"xpath","value":"//span[contains(@id ,\"contractDetailTitleNoExpanded\")][contains(text(), \"10328\")]"}
RESULT: {"using":"xpath","value":"//span[contains(@id ,\"contractDetailTitleNoExpanded\")][contains(text(), \"10328\")]"}
COMMAND: POST /session/a69c452d5537070365773ced34b84773/element - {"using":"xpath","value":"//span[contains(@id ,\"contractDetailTitleNoExpanded\")][contains(text(), \"10328\")]"}
RESULT: {"using":"xpath","value":"//span[contains(@id ,\"contractDetailTitleNoExpanded\")][contains(text(), \"10328\")]"}
COMMAND: POST /session/a69c452d5537070365773ced34b84773/element - {"using":"xpath","value":"//span[contains(@id ,\"contractDetailTitleNoExpanded\")][contains(text(), \"10328\")]"}
RESULT: {"using":"xpath","value":"//span[contains(@id ,\"contractDetailTitleNoExpanded\")][contains(text(), \"10328\")]"}
COMMAND: POST /session/a69c452d5537070365773ced34b84773/element - {"using":"xpath","value":"//span[contains(@id ,\"contractDetailTitleNoExpanded\")][contains(text(), \"10328\")]"}
RESULT: {"using":"xpath","value":"//span[contains(@id ,\"contractDetailTitleNoExpanded\")][contains(text(), \"10328\")]"}
COMMAND: POST /session/a69c452d5537070365773ced34b84773/element - {"using":"xpath","value":"//span[contains(@id ,\"contractDetailTitleNoExpanded\")][contains(text(), \"10328\")]"}
RESULT: {"using":"xpath","value":"//span[contains(@id ,\"contractDetailTitleNoExpanded\")][contains(text(), \"10328\")]"}
COMMAND: POST /session/a69c452d5537070365773ced34b84773/element - {"using":"xpath","value":"//span[contains(@id ,\"contractDetailTitleNoExpanded\")][contains(text(), \"10328\")]"}
RESULT: {"using":"xpath","value":"//span[contains(@id ,\"contractDetailTitleNoExpanded\")][contains(text(), \"10328\")]"}
COMMAND: POST /session/a69c452d5537070365773ced34b84773/element - {"using":"xpath","value":"//span[contains(@id ,\"contractDetailTitleNoExpanded\")][contains(text(), \"10328\")]"}
RESULT: {"using":"xpath","value":"//span[contains(@id ,\"contractDetailTitleNoExpanded\")][contains(text(), \"10328\")]"}
COMMAND: POST /session/a69c452d5537070365773ced34b84773/element - {"using":"xpath","value":"//span[contains(@id ,\"contractDetailTitleNoExpanded\")][contains(text(), \"10328\")]"}
RESULT: {"using":"xpath","value":"//span[contains(@id ,\"contractDetailTitleNoExpanded\")][contains(text(), \"10328\")]"}
COMMAND: POST /session/a69c452d5537070365773ced34b84773/element - {"using":"xpath","value":"//span[contains(@id ,\"contractDetailTitleNoExpanded\")][contains(text(), \"10328\")]"}
RESULT: {"using":"xpath","value":"//span[contains(@id ,\"contractDetailTitleNoExpanded\")][contains(text(), \"10328\")]"}
COMMAND: POST /session/a69c452d5537070365773ced34b84773/element - {"using":"xpath","value":"//span[contains(@id ,\"contractDetailTitleNoExpanded\")][contains(text(), \"10328\")]"}
RESULT: {"using":"xpath","value":"//span[contains(@id ,\"contractDetailTitleNoExpanded\")][contains(text(), \"10328\")]"}
COMMAND: POST /session/a69c452d5537070365773ced34b84773/element - {"using":"xpath","value":"//span[contains(@id ,\"contractDetailTitleNoExpanded\")][contains(text(), \"10328\")]"}
RESULT: {"using":"xpath","value":"//span[contains(@id ,\"contractDetailTitleNoExpanded\")][contains(text(), \"10328\")]"}
COMMAND: POST /session/a69c452d5537070365773ced34b84773/element - {"using":"xpath","value":"//span[contains(@id ,\"contractDetailTitleNoExpanded\")][contains(text(), \"10328\")]"}
RESULT: {"using":"xpath","value":"//span[contains(@id ,\"contractDetailTitleNoExpanded\")][contains(text(), \"10328\")]"}
COMMAND: POST /session/a69c452d5537070365773ced34b84773/element - {"using":"xpath","value":"//span[contains(@id ,\"contractDetailTitleNoExpanded\")][contains(text(), \"10328\")]"}
RESULT: {"using":"xpath","value":"//span[contains(@id ,\"contractDetailTitleNoExpanded\")][contains(text(), \"10328\")]"}
COMMAND: POST /session/a69c452d5537070365773ced34b84773/element - {"using":"css selector","value":"#requestCreationDialog--createRequestPopUp-title-inner"}
RESULT: {"using":"css selector","value":"#requestCreationDialog--createRequestPopUp-title-inner"}
COMMAND: POST /session/a69c452d5537070365773ced34b84773/execute/sync - {"script":"<script> [8489 bytes]","args":[{"element-6066-11e4-a52e-4f735466cecf":"f.A1EC521E3478ED742E3D5E167ABDE28C.d.153A24F9B06456F54D3D17F10B26F7B6.e.7344","ELEMENT":"f.A1EC521E3478ED742E3D5E167ABDE28C.d.153A24F9B06456F54D3D17F10B26F7B6.e.7344"}]}
RESULT: {"script":"<script> [8489 bytes]","args":[{"element-6066-11e4-a52e-4f735466cecf":"f.A1EC521E3478ED742E3D5E167ABDE28C.d.153A24F9B06456F54D3D17F10B26F7B6.e.7344","ELEMENT":"f.A1EC521E3478ED742E3D5E167ABDE28C.d.153A24F9B06456F54D3D17F10B26F7B6.e.7344"}]}
COMMAND: GET /session/a69c452d5537070365773ced34b84773/element/f.A1EC521E3478ED742E3D5E167ABDE28C.d.153A24F9B06456F54D3D17F10B26F7B6.e.7344/enabled - {}
COMMAND: GET /session/a69c452d5537070365773ced34b84773/screenshot - {}
RESULT: {}
COMMAND: POST /session/a69c452d5537070365773ced34b84773/element - {"using":"xpath","value":"//span[contains(@id ,\"requestCreationDialog--cancelButton-content\")]"}
COMMAND: GET /session/a69c452d5537070365773ced34b84773/screenshot - {}
RESULT: {}
RESULT: {"using":"xpath","value":"//span[contains(@id ,\"requestCreationDialog--cancelButton-content\")]"}
COMMAND: POST /session/a69c452d5537070365773ced34b84773/element/f.A1EC521E3478ED742E3D5E167ABDE28C.d.153A24F9B06456F54D3D17F10B26F7B6.e.7345/click - {}
RESULT: {}
RESULT: {}
COMMAND: GET /session/a69c452d5537070365773ced34b84773/screenshot - {}
RESULT: {}
COMMAND: POST /session/a69c452d5537070365773ced34b84773/element - {"using":"xpath","value":"//input[contains(@id ,\"searchFiledId-I\")]"}
RESULT: {"using":"xpath","value":"//input[contains(@id ,\"searchFiledId-I\")]"}
COMMAND: POST /session/a69c452d5537070365773ced34b84773/element/f.A1EC521E3478ED742E3D5E167ABDE28C.d.153A24F9B06456F54D3D17F10B26F7B6.e.7245/value - {"text":"Dri-Prime CD150M Diesel Pump"}
RESULT: {"text":"Dri-Prime CD150M Diesel Pump"}
COMMAND: POST /session/a69c452d5537070365773ced34b84773/actions - {"actions":[{"id":"action11","type":"key","parameters":{},"actions":[{"type":"keyDown","value":"î€‡"},{"type":"pause","duration":10},{"type":"keyUp","value":"î€‡"}]}]}
COMMAND: GET /session/a69c452d5537070365773ced34b84773/screenshot - {}
RESULT: {"actions":[{"id":"action11","type":"key","parameters":{},"actions":[{"type":"keyDown","value":"î€‡"},{"type":"pause","duration":10},{"type":"keyUp","value":"î€‡"}]}]}
COMMAND: GET /session/a69c452d5537070365773ced34b84773/screenshot - {}
RESULT: {}
RESULT: {}
COMMAND: POST /session/a69c452d5537070365773ced34b84773/element - {"using":"xpath","value":"//span[contains(@id ,\"subTitle\")][contains(text(), \"Dri-Prime CD150M Diesel Pump\")]"}
RESULT: {"using":"xpath","value":"//span[contains(@id ,\"subTitle\")][contains(text(), \"Dri-Prime CD150M Diesel Pump\")]"}
COMMAND: POST /session/a69c452d5537070365773ced34b84773/element/f.A1EC521E3478ED742E3D5E167ABDE28C.d.153A24F9B06456F54D3D17F10B26F7B6.e.7351/click - {}
RESULT: {}
COMMAND: GET /session/a69c452d5537070365773ced34b84773/screenshot - {}
RESULT: {}
COMMAND: POST /session/a69c452d5537070365773ced34b84773/element - {"using":"xpath","value":"//bdi[contains(text(), \"Add to Request\")]"}
RESULT: {"using":"xpath","value":"//bdi[contains(text(), \"Add to Request\")]"}
COMMAND: POST /session/a69c452d5537070365773ced34b84773/element/f.A1EC521E3478ED742E3D5E167ABDE28C.d.153A24F9B06456F54D3D17F10B26F7B6.e.7364/click - {}
RESULT: {}
COMMAND: POST /session/a69c452d5537070365773ced34b84773/element - {"using":"xpath","value":"//div[contains(@class ,\"sapMMessageToast sapUiSelectable sapContrast sapContrastPlus sapUiUserSelectable\")]"}
COMMAND: GET /session/a69c452d5537070365773ced34b84773/screenshot - {}
RESULT: {"using":"xpath","value":"//div[contains(@class ,\"sapMMessageToast sapUiSelectable sapContrast sapContrastPlus sapUiUserSelectable\")]"}
COMMAND: POST /session/a69c452d5537070365773ced34b84773/execute/sync - {"script":"<script> [8489 bytes]","args":[{"element-6066-11e4-a52e-4f735466cecf":"f.A1EC521E3478ED742E3D5E167ABDE28C.d.153A24F9B06456F54D3D17F10B26F7B6.e.7366","ELEMENT":"f.A1EC521E3478ED742E3D5E167ABDE28C.d.153A24F9B06456F54D3D17F10B26F7B6.e.7366"}]}
RESULT: {}
RESULT: {"script":"<script> [8489 bytes]","args":[{"element-6066-11e4-a52e-4f735466cecf":"f.A1EC521E3478ED742E3D5E167ABDE28C.d.153A24F9B06456F54D3D17F10B26F7B6.e.7366","ELEMENT":"f.A1EC521E3478ED742E3D5E167ABDE28C.d.153A24F9B06456F54D3D17F10B26F7B6.e.7366"}]}
COMMAND: GET /session/a69c452d5537070365773ced34b84773/element/f.A1EC521E3478ED742E3D5E167ABDE28C.d.153A24F9B06456F54D3D17F10B26F7B6.e.7366/text - {}
COMMAND: GET /session/a69c452d5537070365773ced34b84773/screenshot - {}
RESULT: {}
RESULT: {}
COMMAND: POST /session/a69c452d5537070365773ced34b84773/element - {"using":"xpath","value":"//bdi[contains(@id ,\"activeCartId-BDI-content\")]"}
RESULT: {"using":"xpath","value":"//bdi[contains(@id ,\"activeCartId-BDI-content\")]"}
COMMAND: GET /session/a69c452d5537070365773ced34b84773/element/f.A1EC521E3478ED742E3D5E167ABDE28C.d.153A24F9B06456F54D3D17F10B26F7B6.e.7367/text - {}
RESULT: {}
COMMAND: POST /session/a69c452d5537070365773ced34b84773/element - {"using":"xpath","value":"//li[@title=\"Exit\"]"}
RESULT: {"using":"xpath","value":"//li[@title=\"Exit\"]"}
COMMAND: POST /session/a69c452d5537070365773ced34b84773/element/f.A1EC521E3478ED742E3D5E167ABDE28C.d.153A24F9B06456F54D3D17F10B26F7B6.e.7324/click - {}
RESULT: {}
COMMAND: GET /session/a69c452d5537070365773ced34b84773/screenshot - {}
RESULT: {}
COMMAND: POST /session/a69c452d5537070365773ced34b84773/element - {"using":"css selector","value":"#shell-header-logo"}
RESULT: {"using":"css selector","value":"#shell-header-logo"}
COMMAND: POST /session/a69c452d5537070365773ced34b84773/element/f.A1EC521E3478ED742E3D5E167ABDE28C.d.153A24F9B06456F54D3D17F10B26F7B6.e.7377/click - {}
RESULT: {}
COMMAND: GET /session/a69c452d5537070365773ced34b84773/screenshot - {}
RESULT: {}
]]></system-out>
    </testcase>
  </testsuite>
  <testsuite timestamp="2025-05-17T16:26:58" time="137.045" tests="1" failures="0" errors="0" skipped="0">
    <properties>
      <property name="specId" value="0" />
      <property name="suiteName" value=" Webshop - Request management - Verifying the Master List - Filtering /Sorting - Deleting - Creating US151314" />
      <property name="capabilities" value="chrome.136_0_7103_93.windows" />
      <property name="file" value="file:///D:/a/1/s/test/specs/R2C/webshop-request-management-verify-master-list.spec.js" />
    </properties>
    <testcase classname="chrome.136_0_7103_93.windows._Webshop_-_Request_management_-_Verifying_the_Master_List_-_Filtering_/Sorting_-_Deleting_-_Creating_US151314" name="Should navigate to request management in webshop and verify the filters" time="133.917">
      <system-out><![CDATA[
RESULT: undefined
COMMAND: POST /session/a69c452d5537070365773ced34b84773/element - {"using":"xpath","value":"//*[@id=\"__tile49\"]"}
RESULT: {"using":"xpath","value":"//*[@id=\"__tile49\"]"}
COMMAND: POST /session/a69c452d5537070365773ced34b84773/element/f.A1EC521E3478ED742E3D5E167ABDE28C.d.153A24F9B06456F54D3D17F10B26F7B6.e.2988/click - {}
RESULT: {}
COMMAND: GET /session/a69c452d5537070365773ced34b84773/screenshot - {}
RESULT: {}
COMMAND: POST /session/a69c452d5537070365773ced34b84773/elements - {"using":"xpath","value":"//span[text()='Error']"}
RESULT: {"using":"xpath","value":"//span[text()='Error']"}
COMMAND: POST /session/a69c452d5537070365773ced34b84773/execute/async - {"script":"<script> [1562 bytes]","args":[{"selector":{"id":"requestCreationDialog--cancelButton","searchOpenDialogs":true,"interaction":{"idSuffix":"BDI-content"}},"wdio_ui5_key":"requestCreationDialogcancelButton"}]}
RESULT: {"script":"<script> [1562 bytes]","args":[{"selector":{"id":"requestCreationDialog--cancelButton","searchOpenDialogs":true,"interaction":{"idSuffix":"BDI-content"}},"wdio_ui5_key":"requestCreationDialogcancelButton"}]}
RESULT: undefined
COMMAND: POST /session/a69c452d5537070365773ced34b84773/element - {"using":"xpath","value":"//*[@id=\"requestCreationDialog--cancelButton\"]"}
RESULT: {"using":"xpath","value":"//*[@id=\"requestCreationDialog--cancelButton\"]"}
COMMAND: POST /session/a69c452d5537070365773ced34b84773/element/f.A1EC521E3478ED742E3D5E167ABDE28C.d.153A24F9B06456F54D3D17F10B26F7B6.e.7433/click - {}
RESULT: {}
COMMAND: GET /session/a69c452d5537070365773ced34b84773/screenshot - {}
RESULT: {}
COMMAND: POST /session/a69c452d5537070365773ced34b84773/execute/async - {"script":"<script> [1562 bytes]","args":[{"selector":{"controlType":"sap.tnt.NavigationListItem","viewName":"etm.portal.ui.webshop.view.Homepage","i18NText":{"propertyName":"text","key":"requestsManagement"},"interaction":{"idSuffix":"a"}},"wdio_ui5_key":"etmportal.ui.webshop.view.Homepagesap.tnt.NavigationListItem{\"propertyName\":\"text\",\"key\":\"requestsManagement\"}"}]}
RESULT: {"script":"<script> [1562 bytes]","args":[{"selector":{"controlType":"sap.tnt.NavigationListItem","viewName":"etm.portal.ui.webshop.view.Homepage","i18NText":{"propertyName":"text","key":"requestsManagement"},"interaction":{"idSuffix":"a"}},"wdio_ui5_key":"etmportal.ui.webshop.view.Homepagesap.tnt.NavigationListItem{\"propertyName\":\"text\",\"key\":\"requestsManagement\"}"}]}
RESULT: undefined
COMMAND: POST /session/a69c452d5537070365773ced34b84773/element - {"using":"xpath","value":"//*[@id=\"__item3261\"]"}
RESULT: {"using":"xpath","value":"//*[@id=\"__item3261\"]"}
COMMAND: POST /session/a69c452d5537070365773ced34b84773/element/f.A1EC521E3478ED742E3D5E167ABDE28C.d.153A24F9B06456F54D3D17F10B26F7B6.e.7437/click - {}
RESULT: {}
COMMAND: GET /session/a69c452d5537070365773ced34b84773/screenshot - {}
RESULT: {}
COMMAND: POST /session/a69c452d5537070365773ced34b84773/element - {"using":"xpath","value":"//input[contains(@id ,\"smartFilterBar-btnBasicSearch-I\")]"}
RESULT: {"using":"xpath","value":"//input[contains(@id ,\"smartFilterBar-btnBasicSearch-I\")]"}
COMMAND: POST /session/a69c452d5537070365773ced34b84773/element/f.A1EC521E3478ED742E3D5E167ABDE28C.d.153A24F9B06456F54D3D17F10B26F7B6.e.7440/clear - {}
RESULT: {}
COMMAND: POST /session/a69c452d5537070365773ced34b84773/element/f.A1EC521E3478ED742E3D5E167ABDE28C.d.153A24F9B06456F54D3D17F10B26F7B6.e.7440/value - {"text":"20001"}
COMMAND: GET /session/a69c452d5537070365773ced34b84773/screenshot - {}
RESULT: {"text":"20001"}
COMMAND: GET /session/a69c452d5537070365773ced34b84773/screenshot - {}
RESULT: {}
RESULT: {}
COMMAND: POST /session/a69c452d5537070365773ced34b84773/actions - {"actions":[{"id":"action12","type":"key","parameters":{},"actions":[{"type":"keyDown","value":"î€‡"},{"type":"pause","duration":10},{"type":"keyUp","value":"î€‡"}]}]}
RESULT: {"actions":[{"id":"action12","type":"key","parameters":{},"actions":[{"type":"keyDown","value":"î€‡"},{"type":"pause","duration":10},{"type":"keyUp","value":"î€‡"}]}]}
COMMAND: GET /session/a69c452d5537070365773ced34b84773/screenshot - {}
RESULT: {}
COMMAND: POST /session/a69c452d5537070365773ced34b84773/execute/async - {"script":"<script> [1562 bytes]","args":[{"selector":{"controlType":"sap.m.Title","viewName":"etm.portal.ui.webshop.view.RequestMaster","properties":{"text":"Records (1)"}},"wdio_ui5_key":"etmportal.ui.webshop.view.RequestMastersap.m.Title{\"text\":\"Records (1)\"}"}]}
RESULT: {"script":"<script> [1562 bytes]","args":[{"selector":{"controlType":"sap.m.Title","viewName":"etm.portal.ui.webshop.view.RequestMaster","properties":{"text":"Records (1)"}},"wdio_ui5_key":"etmportal.ui.webshop.view.RequestMastersap.m.Title{\"text\":\"Records (1)\"}"}]}
RESULT: undefined
COMMAND: POST /session/a69c452d5537070365773ced34b84773/execute/async - {"script":"<script> [6424 bytes]","args":[{"element-6066-11e4-a52e-4f735466cecf":"f.A1EC521E3478ED742E3D5E167ABDE28C.d.153A24F9B06456F54D3D17F10B26F7B6.e.7518"},"getText",[]]}
RESULT: {"script":"<script> [6424 bytes]","args":[{"element-6066-11e4-a52e-4f735466cecf":"f.A1EC521E3478ED742E3D5E167ABDE28C.d.153A24F9B06456F54D3D17F10B26F7B6.e.7518"},"getText",[]]}
COMMAND: POST /session/a69c452d5537070365773ced34b84773/element - {"using":"xpath","value":"//div[contains(@id ,\"smartFilterBar-btnBasicSearch-reset\")]"}
RESULT: {"using":"xpath","value":"//div[contains(@id ,\"smartFilterBar-btnBasicSearch-reset\")]"}
COMMAND: POST /session/a69c452d5537070365773ced34b84773/element/f.A1EC521E3478ED742E3D5E167ABDE28C.d.153A24F9B06456F54D3D17F10B26F7B6.e.7519/click - {}
RESULT: {}
COMMAND: GET /session/a69c452d5537070365773ced34b84773/screenshot - {}
COMMAND: POST /session/a69c452d5537070365773ced34b84773/element - {"using":"xpath","value":"//input[contains(@id ,\"smartStatusFilter-inner\")]"}
RESULT: {}
RESULT: {"using":"xpath","value":"//input[contains(@id ,\"smartStatusFilter-inner\")]"}
COMMAND: POST /session/a69c452d5537070365773ced34b84773/element/f.A1EC521E3478ED742E3D5E167ABDE28C.d.153A24F9B06456F54D3D17F10B26F7B6.e.7445/clear - {}
RESULT: {}
COMMAND: POST /session/a69c452d5537070365773ced34b84773/element/f.A1EC521E3478ED742E3D5E167ABDE28C.d.153A24F9B06456F54D3D17F10B26F7B6.e.7445/value - {"text":"draft"}
COMMAND: GET /session/a69c452d5537070365773ced34b84773/screenshot - {}
RESULT: {"text":"draft"}
COMMAND: GET /session/a69c452d5537070365773ced34b84773/screenshot - {}
RESULT: {}
RESULT: {}
COMMAND: POST /session/a69c452d5537070365773ced34b84773/actions - {"actions":[{"id":"action13","type":"key","parameters":{},"actions":[{"type":"keyDown","value":"î€‡"},{"type":"pause","duration":10},{"type":"keyUp","value":"î€‡"}]}]}
RESULT: {"actions":[{"id":"action13","type":"key","parameters":{},"actions":[{"type":"keyDown","value":"î€‡"},{"type":"pause","duration":10},{"type":"keyUp","value":"î€‡"}]}]}
COMMAND: GET /session/a69c452d5537070365773ced34b84773/screenshot - {}
RESULT: {}
COMMAND: POST /session/a69c452d5537070365773ced34b84773/execute/async - {"script":"<script> [1562 bytes]","args":[{"selector":{"controlType":"sap.m.ObjectStatus","viewName":"etm.portal.ui.webshop.view.RequestMaster","bindingPath":{"propertyPath":"STATUS_DESCRIPTION"}},"wdio_ui5_key":"etmportal.ui.webshop.view.RequestMastersap.m.ObjectStatus{\"propertyPath\":\"STATUS_DESCRIPTION\"}"}]}
RESULT: {"script":"<script> [1562 bytes]","args":[{"selector":{"controlType":"sap.m.ObjectStatus","viewName":"etm.portal.ui.webshop.view.RequestMaster","bindingPath":{"propertyPath":"STATUS_DESCRIPTION"}},"wdio_ui5_key":"etmportal.ui.webshop.view.RequestMastersap.m.ObjectStatus{\"propertyPath\":\"STATUS_DESCRIPTION\"}"}]}
RESULT: undefined
COMMAND: POST /session/a69c452d5537070365773ced34b84773/execute/async - {"script":"<script> [6424 bytes]","args":[{"element-6066-11e4-a52e-4f735466cecf":"f.A1EC521E3478ED742E3D5E167ABDE28C.d.153A24F9B06456F54D3D17F10B26F7B6.e.7558"},"getText",[]]}
RESULT: {"script":"<script> [6424 bytes]","args":[{"element-6066-11e4-a52e-4f735466cecf":"f.A1EC521E3478ED742E3D5E167ABDE28C.d.153A24F9B06456F54D3D17F10B26F7B6.e.7558"},"getText",[]]}
COMMAND: POST /session/a69c452d5537070365773ced34b84773/element - {"using":"xpath","value":"//span[contains(@title ,\"Remove\")]"}
RESULT: {"using":"xpath","value":"//span[contains(@title ,\"Remove\")]"}
COMMAND: POST /session/a69c452d5537070365773ced34b84773/element/f.A1EC521E3478ED742E3D5E167ABDE28C.d.153A24F9B06456F54D3D17F10B26F7B6.e.7559/click - {}
RESULT: {}
COMMAND: GET /session/a69c452d5537070365773ced34b84773/screenshot - {}
COMMAND: POST /session/a69c452d5537070365773ced34b84773/element - {"using":"xpath","value":"//input[contains(@id ,\"smartStatusFilter-inner\")]"}
RESULT: {}
RESULT: {"using":"xpath","value":"//input[contains(@id ,\"smartStatusFilter-inner\")]"}
COMMAND: POST /session/a69c452d5537070365773ced34b84773/element/f.A1EC521E3478ED742E3D5E167ABDE28C.d.153A24F9B06456F54D3D17F10B26F7B6.e.7445/clear - {}
RESULT: {}
COMMAND: POST /session/a69c452d5537070365773ced34b84773/element/f.A1EC521E3478ED742E3D5E167ABDE28C.d.153A24F9B06456F54D3D17F10B26F7B6.e.7445/value - {"text":"created"}
COMMAND: GET /session/a69c452d5537070365773ced34b84773/screenshot - {}
RESULT: {"text":"created"}
COMMAND: GET /session/a69c452d5537070365773ced34b84773/screenshot - {}
RESULT: {}
RESULT: {}
COMMAND: POST /session/a69c452d5537070365773ced34b84773/actions - {"actions":[{"id":"action14","type":"key","parameters":{},"actions":[{"type":"keyDown","value":"î€‡"},{"type":"pause","duration":10},{"type":"keyUp","value":"î€‡"}]}]}
RESULT: {"actions":[{"id":"action14","type":"key","parameters":{},"actions":[{"type":"keyDown","value":"î€‡"},{"type":"pause","duration":10},{"type":"keyUp","value":"î€‡"}]}]}
COMMAND: GET /session/a69c452d5537070365773ced34b84773/screenshot - {}
RESULT: {}
RESULT: undefined
COMMAND: POST /session/a69c452d5537070365773ced34b84773/execute/async - {"script":"<script> [6424 bytes]","args":[{"element-6066-11e4-a52e-4f735466cecf":"f.A1EC521E3478ED742E3D5E167ABDE28C.d.153A24F9B06456F54D3D17F10B26F7B6.e.7558"},"getText",[]]}
COMMAND: POST /session/a69c452d5537070365773ced34b84773/execute/async - {"script":"<script> [1562 bytes]","args":[{"selector":{"controlType":"sap.m.ObjectStatus","viewName":"etm.portal.ui.webshop.view.RequestMaster","bindingPath":{"propertyPath":"STATUS_DESCRIPTION"}},"wdio_ui5_key":"etmportal.ui.webshop.view.RequestMastersap.m.ObjectStatus{\"propertyPath\":\"STATUS_DESCRIPTION\"}"}]}
RESULT: {"script":"<script> [1562 bytes]","args":[{"selector":{"controlType":"sap.m.ObjectStatus","viewName":"etm.portal.ui.webshop.view.RequestMaster","bindingPath":{"propertyPath":"STATUS_DESCRIPTION"}},"wdio_ui5_key":"etmportal.ui.webshop.view.RequestMastersap.m.ObjectStatus{\"propertyPath\":\"STATUS_DESCRIPTION\"}"}]}
COMMAND: POST /session/a69c452d5537070365773ced34b84773/execute/async - {"script":"<script> [6424 bytes]","args":[{"element-6066-11e4-a52e-4f735466cecf":"f.A1EC521E3478ED742E3D5E167ABDE28C.d.153A24F9B06456F54D3D17F10B26F7B6.e.7620"},"getText",[]]}
RESULT: {"script":"<script> [6424 bytes]","args":[{"element-6066-11e4-a52e-4f735466cecf":"f.A1EC521E3478ED742E3D5E167ABDE28C.d.153A24F9B06456F54D3D17F10B26F7B6.e.7620"},"getText",[]]}
COMMAND: POST /session/a69c452d5537070365773ced34b84773/element - {"using":"xpath","value":"//span[contains(@title ,\"Remove\")]"}
RESULT: {"using":"xpath","value":"//span[contains(@title ,\"Remove\")]"}
COMMAND: POST /session/a69c452d5537070365773ced34b84773/element/f.A1EC521E3478ED742E3D5E167ABDE28C.d.153A24F9B06456F54D3D17F10B26F7B6.e.7621/click - {}
RESULT: {}
COMMAND: GET /session/a69c452d5537070365773ced34b84773/screenshot - {}
COMMAND: POST /session/a69c452d5537070365773ced34b84773/execute/async - {"script":"<script> [1562 bytes]","args":[{"selector":{"controlType":"sap.m.Button","viewName":"etm.portal.ui.webshop.view.RequestMaster","properties":{"text":"Filters (1)"},"interaction":{"idSuffix":"BDI-content"}},"wdio_ui5_key":"etmportal.ui.webshop.view.RequestMastersap.m.Button{\"text\":\"Filters (1)\"}"}]}
RESULT: {}
RESULT: {"script":"<script> [1562 bytes]","args":[{"selector":{"controlType":"sap.m.Button","viewName":"etm.portal.ui.webshop.view.RequestMaster","properties":{"text":"Filters (1)"},"interaction":{"idSuffix":"BDI-content"}},"wdio_ui5_key":"etmportal.ui.webshop.view.RequestMastersap.m.Button{\"text\":\"Filters (1)\"}"}]}
RESULT: undefined
COMMAND: POST /session/a69c452d5537070365773ced34b84773/element - {"using":"xpath","value":"//*[@id=\"__xmlview74--smartFilterBar-btnFilters\"]"}
RESULT: {"using":"xpath","value":"//*[@id=\"__xmlview74--smartFilterBar-btnFilters\"]"}
COMMAND: POST /session/a69c452d5537070365773ced34b84773/element/f.A1EC521E3478ED742E3D5E167ABDE28C.d.153A24F9B06456F54D3D17F10B26F7B6.e.7505/click - {}
RESULT: {}
COMMAND: GET /session/a69c452d5537070365773ced34b84773/screenshot - {}
RESULT: {}
COMMAND: POST /session/a69c452d5537070365773ced34b84773/element - {"using":"xpath","value":"//input[contains(@id ,\"searchField-I\")]"}
RESULT: {"using":"xpath","value":"//input[contains(@id ,\"searchField-I\")]"}
COMMAND: POST /session/a69c452d5537070365773ced34b84773/element/f.A1EC521E3478ED742E3D5E167ABDE28C.d.153A24F9B06456F54D3D17F10B26F7B6.e.7670/clear - {}
RESULT: {}
COMMAND: POST /session/a69c452d5537070365773ced34b84773/element/f.A1EC521E3478ED742E3D5E167ABDE28C.d.153A24F9B06456F54D3D17F10B26F7B6.e.7670/value - {"text":"tags"}
COMMAND: GET /session/a69c452d5537070365773ced34b84773/screenshot - {}
RESULT: {"text":"tags"}
COMMAND: GET /session/a69c452d5537070365773ced34b84773/screenshot - {}
RESULT: {}
RESULT: {}
COMMAND: POST /session/a69c452d5537070365773ced34b84773/element - {"using":"xpath","value":"(//div[contains(@id ,\"selectMulti\")][@role=\"checkbox\"])[8]"}
RESULT: {"using":"xpath","value":"(//div[contains(@id ,\"selectMulti\")][@role=\"checkbox\"])[8]"}
COMMAND: POST /session/a69c452d5537070365773ced34b84773/element/f.A1EC521E3478ED742E3D5E167ABDE28C.d.153A24F9B06456F54D3D17F10B26F7B6.e.7675/click - {}
RESULT: {}
COMMAND: GET /session/a69c452d5537070365773ced34b84773/screenshot - {}
RESULT: {}
COMMAND: POST /session/a69c452d5537070365773ced34b84773/execute/async - {"script":"<script> [1562 bytes]","args":[{"selector":{"controlType":"sap.m.Button","viewName":"etm.portal.ui.webshop.view.RequestMaster","properties":{"text":"OK"},"searchOpenDialogs":true,"interaction":{"idSuffix":"BDI-content"}},"wdio_ui5_key":"etmportal.ui.webshop.view.RequestMastersap.m.Button{\"text\":\"OK\"}"}]}
RESULT: {"script":"<script> [1562 bytes]","args":[{"selector":{"controlType":"sap.m.Button","viewName":"etm.portal.ui.webshop.view.RequestMaster","properties":{"text":"OK"},"searchOpenDialogs":true,"interaction":{"idSuffix":"BDI-content"}},"wdio_ui5_key":"etmportal.ui.webshop.view.RequestMastersap.m.Button{\"text\":\"OK\"}"}]}
RESULT: undefined
COMMAND: POST /session/a69c452d5537070365773ced34b84773/element - {"using":"xpath","value":"//*[@id=\"__xmlview74--smartFilterBar-adapt-filters-dialog-confirmBtn\"]"}
RESULT: {"using":"xpath","value":"//*[@id=\"__xmlview74--smartFilterBar-adapt-filters-dialog-confirmBtn\"]"}
COMMAND: POST /session/a69c452d5537070365773ced34b84773/element/f.A1EC521E3478ED742E3D5E167ABDE28C.d.153A24F9B06456F54D3D17F10B26F7B6.e.7679/click - {}
RESULT: {}
COMMAND: GET /session/a69c452d5537070365773ced34b84773/screenshot - {}
RESULT: {}
COMMAND: POST /session/a69c452d5537070365773ced34b84773/element - {"using":"xpath","value":"//input[contains(@id ,\"smartFilterBar-filterItemControlA_-ALL_TAGS-inner\")]"}
RESULT: {"using":"xpath","value":"//input[contains(@id ,\"smartFilterBar-filterItemControlA_-ALL_TAGS-inner\")]"}
COMMAND: POST /session/a69c452d5537070365773ced34b84773/element/f.A1EC521E3478ED742E3D5E167ABDE28C.d.153A24F9B06456F54D3D17F10B26F7B6.e.7687/clear - {}
RESULT: {}
COMMAND: POST /session/a69c452d5537070365773ced34b84773/element/f.A1EC521E3478ED742E3D5E167ABDE28C.d.153A24F9B06456F54D3D17F10B26F7B6.e.7687/value - {"text":"tag1"}
COMMAND: GET /session/a69c452d5537070365773ced34b84773/screenshot - {}
RESULT: {"text":"tag1"}
COMMAND: GET /session/a69c452d5537070365773ced34b84773/screenshot - {}
RESULT: {}
RESULT: {}
COMMAND: POST /session/a69c452d5537070365773ced34b84773/actions - {"actions":[{"id":"action15","type":"key","parameters":{},"actions":[{"type":"keyDown","value":"î€‡"},{"type":"pause","duration":10},{"type":"keyUp","value":"î€‡"}]}]}
RESULT: {"actions":[{"id":"action15","type":"key","parameters":{},"actions":[{"type":"keyDown","value":"î€‡"},{"type":"pause","duration":10},{"type":"keyUp","value":"î€‡"}]}]}
COMMAND: GET /session/a69c452d5537070365773ced34b84773/screenshot - {}
RESULT: {}
RESULT: undefined
COMMAND: POST /session/a69c452d5537070365773ced34b84773/execute/async - {"script":"<script> [6424 bytes]","args":[{"element-6066-11e4-a52e-4f735466cecf":"f.A1EC521E3478ED742E3D5E167ABDE28C.d.153A24F9B06456F54D3D17F10B26F7B6.e.7518"},"getText",[]]}
RESULT: {"script":"<script> [6424 bytes]","args":[{"element-6066-11e4-a52e-4f735466cecf":"f.A1EC521E3478ED742E3D5E167ABDE28C.d.153A24F9B06456F54D3D17F10B26F7B6.e.7518"},"getText",[]]}
COMMAND: POST /session/a69c452d5537070365773ced34b84773/execute/async - {"script":"<script> [1562 bytes]","args":[{"selector":{"controlType":"sap.ui.core.Icon","viewName":"etm.portal.ui.webshop.view.RequestMaster","properties":{"src":{"regex":{"source":"action\\-settings"}}}},"wdio_ui5_key":"etmportal.ui.webshop.view.RequestMastersap.ui.core.Icon{\"src\":{\"regex\":{\"source\":\"action\\\\-settings\"}}}"}]}
RESULT: {"script":"<script> [1562 bytes]","args":[{"selector":{"controlType":"sap.ui.core.Icon","viewName":"etm.portal.ui.webshop.view.RequestMaster","properties":{"src":{"regex":{"source":"action\\-settings"}}}},"wdio_ui5_key":"etmportal.ui.webshop.view.RequestMastersap.ui.core.Icon{\"src\":{\"regex\":{\"source\":\"action\\\\-settings\"}}}"}]}
RESULT: undefined
COMMAND: POST /session/a69c452d5537070365773ced34b84773/element - {"using":"xpath","value":"//*[@id=\"__xmlview74--smartTable-btnPersonalisation-img\"]"}
RESULT: {"using":"xpath","value":"//*[@id=\"__xmlview74--smartTable-btnPersonalisation-img\"]"}
COMMAND: POST /session/a69c452d5537070365773ced34b84773/element/f.A1EC521E3478ED742E3D5E167ABDE28C.d.153A24F9B06456F54D3D17F10B26F7B6.e.7470/click - {}
RESULT: {}
COMMAND: GET /session/a69c452d5537070365773ced34b84773/screenshot - {}
RESULT: {}
COMMAND: POST /session/a69c452d5537070365773ced34b84773/element - {"using":"xpath","value":"//input[contains(@id ,\"searchField-I\")]"}
RESULT: {"using":"xpath","value":"//input[contains(@id ,\"searchField-I\")]"}
COMMAND: POST /session/a69c452d5537070365773ced34b84773/element/f.A1EC521E3478ED742E3D5E167ABDE28C.d.153A24F9B06456F54D3D17F10B26F7B6.e.7716/clear - {}
RESULT: {}
COMMAND: POST /session/a69c452d5537070365773ced34b84773/element/f.A1EC521E3478ED742E3D5E167ABDE28C.d.153A24F9B06456F54D3D17F10B26F7B6.e.7716/value - {"text":"tags"}
COMMAND: GET /session/a69c452d5537070365773ced34b84773/screenshot - {}
RESULT: {"text":"tags"}
COMMAND: GET /session/a69c452d5537070365773ced34b84773/screenshot - {}
RESULT: {}
RESULT: {}
COMMAND: POST /session/a69c452d5537070365773ced34b84773/element - {"using":"xpath","value":"(//div[contains(@id ,\"selectMulti\")][@role=\"checkbox\"])[8]"}
RESULT: {"using":"xpath","value":"(//div[contains(@id ,\"selectMulti\")][@role=\"checkbox\"])[8]"}
COMMAND: POST /session/a69c452d5537070365773ced34b84773/element/f.A1EC521E3478ED742E3D5E167ABDE28C.d.153A24F9B06456F54D3D17F10B26F7B6.e.7784/click - {}
RESULT: {}
COMMAND: GET /session/a69c452d5537070365773ced34b84773/screenshot - {}
RESULT: {}
COMMAND: POST /session/a69c452d5537070365773ced34b84773/element - {"using":"xpath","value":"//div[contains(@id ,\"searchField-reset\")]"}
RESULT: {"using":"xpath","value":"//div[contains(@id ,\"searchField-reset\")]"}
COMMAND: POST /session/a69c452d5537070365773ced34b84773/element - {"using":"xpath","value":"//input[contains(@id ,\"searchField-I\")]"}
RESULT: {"using":"xpath","value":"//input[contains(@id ,\"searchField-I\")]"}
COMMAND: POST /session/a69c452d5537070365773ced34b84773/element/f.A1EC521E3478ED742E3D5E167ABDE28C.d.153A24F9B06456F54D3D17F10B26F7B6.e.7716/clear - {}
RESULT: {}
COMMAND: POST /session/a69c452d5537070365773ced34b84773/element/f.A1EC521E3478ED742E3D5E167ABDE28C.d.153A24F9B06456F54D3D17F10B26F7B6.e.7716/value - {"text":"status"}
COMMAND: GET /session/a69c452d5537070365773ced34b84773/screenshot - {}
RESULT: {"text":"status"}
COMMAND: GET /session/a69c452d5537070365773ced34b84773/screenshot - {}
RESULT: {}
RESULT: {}
COMMAND: POST /session/a69c452d5537070365773ced34b84773/element - {"using":"xpath","value":"(//div[contains(@id ,\"selectMulti\")][@role=\"checkbox\"])[8]"}
RESULT: {"using":"xpath","value":"(//div[contains(@id ,\"selectMulti\")][@role=\"checkbox\"])[8]"}
COMMAND: POST /session/a69c452d5537070365773ced34b84773/element/f.A1EC521E3478ED742E3D5E167ABDE28C.d.153A24F9B06456F54D3D17F10B26F7B6.e.7784/click - {}
RESULT: {}
COMMAND: GET /session/a69c452d5537070365773ced34b84773/screenshot - {}
RESULT: {}
COMMAND: POST /session/a69c452d5537070365773ced34b84773/element - {"using":"xpath","value":"//bdi[contains(@id ,\"confirmBtn-BDI-content\")]"}
RESULT: {"using":"xpath","value":"//bdi[contains(@id ,\"confirmBtn-BDI-content\")]"}
COMMAND: POST /session/a69c452d5537070365773ced34b84773/element/f.A1EC521E3478ED742E3D5E167ABDE28C.d.153A24F9B06456F54D3D17F10B26F7B6.e.7789/click - {}
RESULT: {}
COMMAND: GET /session/a69c452d5537070365773ced34b84773/screenshot - {}
RESULT: {}
COMMAND: POST /session/a69c452d5537070365773ced34b84773/element - {"using":"xpath","value":"(//span[contains(text(), \"Status\")])[2]"}
RESULT: {"using":"xpath","value":"(//span[contains(text(), \"Status\")])[2]"}
COMMAND: POST /session/a69c452d5537070365773ced34b84773/element - {"using":"xpath","value":"(//span[contains(text(), \"Status\")])[2]"}
RESULT: {"using":"xpath","value":"(//span[contains(text(), \"Status\")])[2]"}
COMMAND: POST /session/a69c452d5537070365773ced34b84773/element - {"using":"xpath","value":"(//bdi[contains(text(), \"Tags\")])[2]"}
RESULT: {"using":"xpath","value":"(//bdi[contains(text(), \"Tags\")])[2]"}
COMMAND: POST /session/a69c452d5537070365773ced34b84773/execute/sync - {"script":"<script> [8489 bytes]","args":[{"element-6066-11e4-a52e-4f735466cecf":"f.A1EC521E3478ED742E3D5E167ABDE28C.d.153A24F9B06456F54D3D17F10B26F7B6.e.7796","ELEMENT":"f.A1EC521E3478ED742E3D5E167ABDE28C.d.153A24F9B06456F54D3D17F10B26F7B6.e.7796"}]}
RESULT: {"script":"<script> [8489 bytes]","args":[{"element-6066-11e4-a52e-4f735466cecf":"f.A1EC521E3478ED742E3D5E167ABDE28C.d.153A24F9B06456F54D3D17F10B26F7B6.e.7796","ELEMENT":"f.A1EC521E3478ED742E3D5E167ABDE28C.d.153A24F9B06456F54D3D17F10B26F7B6.e.7796"}]}
COMMAND: POST /session/a69c452d5537070365773ced34b84773/element - {"using":"xpath","value":"//span[contains(@title ,\"Remove\")]"}
COMMAND: GET /session/a69c452d5537070365773ced34b84773/screenshot - {}
RESULT: {"using":"xpath","value":"//span[contains(@title ,\"Remove\")]"}
COMMAND: POST /session/a69c452d5537070365773ced34b84773/element/f.A1EC521E3478ED742E3D5E167ABDE28C.d.153A24F9B06456F54D3D17F10B26F7B6.e.7797/click - {}
RESULT: {}
RESULT: {}
COMMAND: GET /session/a69c452d5537070365773ced34b84773/screenshot - {}
RESULT: {}
COMMAND: POST /session/a69c452d5537070365773ced34b84773/element - {"using":"xpath","value":"//button[contains(@id ,\"btnDeleteRequest\")]"}
RESULT: {"using":"xpath","value":"//button[contains(@id ,\"btnDeleteRequest\")]"}
COMMAND: POST /session/a69c452d5537070365773ced34b84773/element - {"using":"xpath","value":"//button[contains(@id ,\"btnDeleteRequest\")]"}
RESULT: {"using":"xpath","value":"//button[contains(@id ,\"btnDeleteRequest\")]"}
COMMAND: POST /session/a69c452d5537070365773ced34b84773/element - {"using":"xpath","value":"(//span[contains(text(), \"Draft\")])[1]"}
RESULT: {"using":"xpath","value":"(//span[contains(text(), \"Draft\")])[1]"}
COMMAND: POST /session/a69c452d5537070365773ced34b84773/element/f.A1EC521E3478ED742E3D5E167ABDE28C.d.153A24F9B06456F54D3D17F10B26F7B6.e.7823/click - {}
RESULT: {}
COMMAND: GET /session/a69c452d5537070365773ced34b84773/screenshot - {}
RESULT: {}
COMMAND: POST /session/a69c452d5537070365773ced34b84773/element - {"using":"xpath","value":"//button[contains(@id ,\"btnDeleteRequest\")]"}
RESULT: {"using":"xpath","value":"//button[contains(@id ,\"btnDeleteRequest\")]"}
COMMAND: POST /session/a69c452d5537070365773ced34b84773/execute/sync - {"script":"<script> [8489 bytes]","args":[{"element-6066-11e4-a52e-4f735466cecf":"f.A1EC521E3478ED742E3D5E167ABDE28C.d.153A24F9B06456F54D3D17F10B26F7B6.e.7856","ELEMENT":"f.A1EC521E3478ED742E3D5E167ABDE28C.d.153A24F9B06456F54D3D17F10B26F7B6.e.7856"}]}
RESULT: {"script":"<script> [8489 bytes]","args":[{"element-6066-11e4-a52e-4f735466cecf":"f.A1EC521E3478ED742E3D5E167ABDE28C.d.153A24F9B06456F54D3D17F10B26F7B6.e.7856","ELEMENT":"f.A1EC521E3478ED742E3D5E167ABDE28C.d.153A24F9B06456F54D3D17F10B26F7B6.e.7856"}]}
COMMAND: POST /session/a69c452d5537070365773ced34b84773/element - {"using":"xpath","value":"(//span[contains(text(), \"Proposal\")])[1]"}
COMMAND: GET /session/a69c452d5537070365773ced34b84773/screenshot - {}
RESULT: {"using":"xpath","value":"(//span[contains(text(), \"Proposal\")])[1]"}
COMMAND: POST /session/a69c452d5537070365773ced34b84773/element/f.A1EC521E3478ED742E3D5E167ABDE28C.d.153A24F9B06456F54D3D17F10B26F7B6.e.7896/click - {}
RESULT: {}
RESULT: {}
COMMAND: GET /session/a69c452d5537070365773ced34b84773/screenshot - {}
RESULT: {}
COMMAND: POST /session/a69c452d5537070365773ced34b84773/execute/sync - {"script":"<script> [8489 bytes]","args":[{"element-6066-11e4-a52e-4f735466cecf":"f.A1EC521E3478ED742E3D5E167ABDE28C.d.153A24F9B06456F54D3D17F10B26F7B6.e.7856","ELEMENT":"f.A1EC521E3478ED742E3D5E167ABDE28C.d.153A24F9B06456F54D3D17F10B26F7B6.e.7856"}]}
RESULT: {"script":"<script> [8489 bytes]","args":[{"element-6066-11e4-a52e-4f735466cecf":"f.A1EC521E3478ED742E3D5E167ABDE28C.d.153A24F9B06456F54D3D17F10B26F7B6.e.7856","ELEMENT":"f.A1EC521E3478ED742E3D5E167ABDE28C.d.153A24F9B06456F54D3D17F10B26F7B6.e.7856"}]}
COMMAND: GET /session/a69c452d5537070365773ced34b84773/screenshot - {}
RESULT: {}
COMMAND: DELETE /session/a69c452d5537070365773ced34b84773 - {}
RESULT: {}
]]></system-out>
    </testcase>
  </testsuite>
</testsuites>