<?xml version="1.0" encoding="UTF-8"?>
<testsuites tests="9" failures="1" errors="1" skipped="0">
  <testsuite timestamp="2025-06-13T15:36:56" time="977.398" tests="8" failures="0" errors="0" skipped="0">
    <properties>
      <property name="specId" value="0"/>
      <property name="suiteName" value="Create masterdata for Yard Overview - trigger provide US130988"/>
      <property name="capabilities" value="chrome.137_0_7151_69.windows"/>
      <property name="file" value="file:///D:/a/1/s/test/specs/HTR/yard-overview-trigger.spec.js"/>
    </properties>
    <testcase classname="chrome.137_0_7151_69.windows.Create_masterdata_for_Yard_Overview_-_trigger_provide_US130988" name="Should create a new yard" time="162.359">
      <system-out><![CDATA[
COMMAND: POST /session/80da7dba80ee399917bd5af3446e69aa/window/fullscreen - {}
RESULT: {}
COMMAND: POST /session/80da7dba80ee399917bd5af3446e69aa/execute/async - {"script":"<script> [1562 bytes]","args":[{"selector":{"controlType":"sap.m.GenericTile","properties":{"header":"Manage Yards"}},"wdio_ui5_key":"sapm.GenericTile{\"header\":\"Manage Yards\"}"}]}
RESULT: {"script":"<script> [1562 bytes]","args":[{"selector":{"controlType":"sap.m.GenericTile","properties":{"header":"Manage Yards"}},"wdio_ui5_key":"sapm.GenericTile{\"header\":\"Manage Yards\"}"}]}
RESULT: undefined
COMMAND: POST /session/80da7dba80ee399917bd5af3446e69aa/element - {"using":"xpath","value":"//*[@id=\"__tile42\"]"}
RESULT: {"using":"xpath","value":"//*[@id=\"__tile42\"]"}
COMMAND: POST /session/80da7dba80ee399917bd5af3446e69aa/element/f.8F7B09A86D515E92E05B1669D1295E6B.d.E6A269697F9C055479059FB6D0544DEE.e.136/click - {}
RESULT: {}
COMMAND: GET /session/80da7dba80ee399917bd5af3446e69aa/screenshot - {}
RESULT: {}
COMMAND: POST /session/80da7dba80ee399917bd5af3446e69aa/elements - {"using":"xpath","value":"//span[text()='Error']"}
RESULT: {"using":"xpath","value":"//span[text()='Error']"}
COMMAND: POST /session/80da7dba80ee399917bd5af3446e69aa/element - {"using":"xpath","value":"//button[@data-kt=\"addNewYardOverflowToolbarButton\"]"}
RESULT: {"using":"xpath","value":"//button[@data-kt=\"addNewYardOverflowToolbarButton\"]"}
COMMAND: POST /session/80da7dba80ee399917bd5af3446e69aa/elements - {"using":"xpath","value":"//button[@data-kt=\"addNewYardOverflowToolbarButton\"]"}
RESULT: {"using":"xpath","value":"//button[@data-kt=\"addNewYardOverflowToolbarButton\"]"}
COMMAND: POST /session/80da7dba80ee399917bd5af3446e69aa/elements - {"using":"xpath","value":"//button[@data-kt=\"addNewYardOverflowToolbarButton\"]"}
RESULT: {"using":"xpath","value":"//button[@data-kt=\"addNewYardOverflowToolbarButton\"]"}
COMMAND: POST /session/80da7dba80ee399917bd5af3446e69aa/elements - {"using":"xpath","value":"//button[@data-kt=\"addNewYardOverflowToolbarButton\"]"}
RESULT: {"using":"xpath","value":"//button[@data-kt=\"addNewYardOverflowToolbarButton\"]"}
COMMAND: POST /session/80da7dba80ee399917bd5af3446e69aa/elements - {"using":"xpath","value":"//button[@data-kt=\"addNewYardOverflowToolbarButton\"]"}
RESULT: {"using":"xpath","value":"//button[@data-kt=\"addNewYardOverflowToolbarButton\"]"}
COMMAND: POST /session/80da7dba80ee399917bd5af3446e69aa/elements - {"using":"xpath","value":"//button[@data-kt=\"addNewYardOverflowToolbarButton\"]"}
RESULT: {"using":"xpath","value":"//button[@data-kt=\"addNewYardOverflowToolbarButton\"]"}
COMMAND: POST /session/80da7dba80ee399917bd5af3446e69aa/elements - {"using":"xpath","value":"//button[@data-kt=\"addNewYardOverflowToolbarButton\"]"}
RESULT: {"using":"xpath","value":"//button[@data-kt=\"addNewYardOverflowToolbarButton\"]"}
COMMAND: POST /session/80da7dba80ee399917bd5af3446e69aa/elements - {"using":"xpath","value":"//button[@data-kt=\"addNewYardOverflowToolbarButton\"]"}
RESULT: {"using":"xpath","value":"//button[@data-kt=\"addNewYardOverflowToolbarButton\"]"}
COMMAND: POST /session/80da7dba80ee399917bd5af3446e69aa/elements - {"using":"xpath","value":"//button[@data-kt=\"addNewYardOverflowToolbarButton\"]"}
RESULT: {"using":"xpath","value":"//button[@data-kt=\"addNewYardOverflowToolbarButton\"]"}
COMMAND: POST /session/80da7dba80ee399917bd5af3446e69aa/elements - {"using":"xpath","value":"//button[@data-kt=\"addNewYardOverflowToolbarButton\"]"}
RESULT: {"using":"xpath","value":"//button[@data-kt=\"addNewYardOverflowToolbarButton\"]"}
COMMAND: POST /session/80da7dba80ee399917bd5af3446e69aa/elements - {"using":"xpath","value":"//button[@data-kt=\"addNewYardOverflowToolbarButton\"]"}
RESULT: {"using":"xpath","value":"//button[@data-kt=\"addNewYardOverflowToolbarButton\"]"}
COMMAND: POST /session/80da7dba80ee399917bd5af3446e69aa/elements - {"using":"xpath","value":"//button[@data-kt=\"addNewYardOverflowToolbarButton\"]"}
RESULT: {"using":"xpath","value":"//button[@data-kt=\"addNewYardOverflowToolbarButton\"]"}
COMMAND: POST /session/80da7dba80ee399917bd5af3446e69aa/elements - {"using":"xpath","value":"//button[@data-kt=\"addNewYardOverflowToolbarButton\"]"}
RESULT: {"using":"xpath","value":"//button[@data-kt=\"addNewYardOverflowToolbarButton\"]"}
COMMAND: POST /session/80da7dba80ee399917bd5af3446e69aa/elements - {"using":"xpath","value":"//button[@data-kt=\"addNewYardOverflowToolbarButton\"]"}
RESULT: {"using":"xpath","value":"//button[@data-kt=\"addNewYardOverflowToolbarButton\"]"}
COMMAND: POST /session/80da7dba80ee399917bd5af3446e69aa/elements - {"using":"xpath","value":"//button[@data-kt=\"addNewYardOverflowToolbarButton\"]"}
RESULT: {"using":"xpath","value":"//button[@data-kt=\"addNewYardOverflowToolbarButton\"]"}
COMMAND: POST /session/80da7dba80ee399917bd5af3446e69aa/elements - {"using":"xpath","value":"//button[@data-kt=\"addNewYardOverflowToolbarButton\"]"}
RESULT: {"using":"xpath","value":"//button[@data-kt=\"addNewYardOverflowToolbarButton\"]"}
COMMAND: POST /session/80da7dba80ee399917bd5af3446e69aa/elements - {"using":"xpath","value":"//button[@data-kt=\"addNewYardOverflowToolbarButton\"]"}
RESULT: {"using":"xpath","value":"//button[@data-kt=\"addNewYardOverflowToolbarButton\"]"}
COMMAND: POST /session/80da7dba80ee399917bd5af3446e69aa/elements - {"using":"xpath","value":"//button[@data-kt=\"addNewYardOverflowToolbarButton\"]"}
RESULT: {"using":"xpath","value":"//button[@data-kt=\"addNewYardOverflowToolbarButton\"]"}
COMMAND: POST /session/80da7dba80ee399917bd5af3446e69aa/elements - {"using":"xpath","value":"//button[@data-kt=\"addNewYardOverflowToolbarButton\"]"}
RESULT: {"using":"xpath","value":"//button[@data-kt=\"addNewYardOverflowToolbarButton\"]"}
COMMAND: POST /session/80da7dba80ee399917bd5af3446e69aa/elements - {"using":"xpath","value":"//button[@data-kt=\"addNewYardOverflowToolbarButton\"]"}
RESULT: {"using":"xpath","value":"//button[@data-kt=\"addNewYardOverflowToolbarButton\"]"}
COMMAND: POST /session/80da7dba80ee399917bd5af3446e69aa/elements - {"using":"xpath","value":"//button[@data-kt=\"addNewYardOverflowToolbarButton\"]"}
RESULT: {"using":"xpath","value":"//button[@data-kt=\"addNewYardOverflowToolbarButton\"]"}
COMMAND: POST /session/80da7dba80ee399917bd5af3446e69aa/elements - {"using":"xpath","value":"//button[@data-kt=\"addNewYardOverflowToolbarButton\"]"}
RESULT: {"using":"xpath","value":"//button[@data-kt=\"addNewYardOverflowToolbarButton\"]"}
COMMAND: POST /session/80da7dba80ee399917bd5af3446e69aa/elements - {"using":"xpath","value":"//button[@data-kt=\"addNewYardOverflowToolbarButton\"]"}
RESULT: {"using":"xpath","value":"//button[@data-kt=\"addNewYardOverflowToolbarButton\"]"}
COMMAND: POST /session/80da7dba80ee399917bd5af3446e69aa/elements - {"using":"xpath","value":"//button[@data-kt=\"addNewYardOverflowToolbarButton\"]"}
RESULT: {"using":"xpath","value":"//button[@data-kt=\"addNewYardOverflowToolbarButton\"]"}
COMMAND: POST /session/80da7dba80ee399917bd5af3446e69aa/elements - {"using":"xpath","value":"//button[@data-kt=\"addNewYardOverflowToolbarButton\"]"}
RESULT: {"using":"xpath","value":"//button[@data-kt=\"addNewYardOverflowToolbarButton\"]"}
COMMAND: POST /session/80da7dba80ee399917bd5af3446e69aa/element - {"using":"xpath","value":"//button[@data-kt=\"addNewYardOverflowToolbarButton\"]"}
RESULT: {"using":"xpath","value":"//button[@data-kt=\"addNewYardOverflowToolbarButton\"]"}
COMMAND: POST /session/80da7dba80ee399917bd5af3446e69aa/execute/sync - {"script":"<script> [8489 bytes]","args":[{"element-6066-11e4-a52e-4f735466cecf":"f.8F7B09A86D515E92E05B1669D1295E6B.d.E6A269697F9C055479059FB6D0544DEE.e.275","ELEMENT":"f.8F7B09A86D515E92E05B1669D1295E6B.d.E6A269697F9C055479059FB6D0544DEE.e.275"}]}
RESULT: {"script":"<script> [8489 bytes]","args":[{"element-6066-11e4-a52e-4f735466cecf":"f.8F7B09A86D515E92E05B1669D1295E6B.d.E6A269697F9C055479059FB6D0544DEE.e.275","ELEMENT":"f.8F7B09A86D515E92E05B1669D1295E6B.d.E6A269697F9C055479059FB6D0544DEE.e.275"}]}
COMMAND: GET /session/80da7dba80ee399917bd5af3446e69aa/element/f.8F7B09A86D515E92E05B1669D1295E6B.d.E6A269697F9C055479059FB6D0544DEE.e.275/enabled - {}
COMMAND: GET /session/80da7dba80ee399917bd5af3446e69aa/screenshot - {}
RESULT: {}
COMMAND: POST /session/80da7dba80ee399917bd5af3446e69aa/execute/sync - {"script":"<script> [8489 bytes]","args":[{"element-6066-11e4-a52e-4f735466cecf":"f.8F7B09A86D515E92E05B1669D1295E6B.d.E6A269697F9C055479059FB6D0544DEE.e.275","ELEMENT":"f.8F7B09A86D515E92E05B1669D1295E6B.d.E6A269697F9C055479059FB6D0544DEE.e.275"}]}
COMMAND: GET /session/80da7dba80ee399917bd5af3446e69aa/screenshot - {}
RESULT: {}
RESULT: {"script":"<script> [8489 bytes]","args":[{"element-6066-11e4-a52e-4f735466cecf":"f.8F7B09A86D515E92E05B1669D1295E6B.d.E6A269697F9C055479059FB6D0544DEE.e.275","ELEMENT":"f.8F7B09A86D515E92E05B1669D1295E6B.d.E6A269697F9C055479059FB6D0544DEE.e.275"}]}
COMMAND: POST /session/80da7dba80ee399917bd5af3446e69aa/execute/sync - {"script":"<script> [5351 bytes]","args":[{"element-6066-11e4-a52e-4f735466cecf":"f.8F7B09A86D515E92E05B1669D1295E6B.d.E6A269697F9C055479059FB6D0544DEE.e.275","ELEMENT":"f.8F7B09A86D515E92E05B1669D1295E6B.d.E6A269697F9C055479059FB6D0544DEE.e.275"}]}
COMMAND: GET /session/80da7dba80ee399917bd5af3446e69aa/screenshot - {}
RESULT: {}
RESULT: {"script":"<script> [5351 bytes]","args":[{"element-6066-11e4-a52e-4f735466cecf":"f.8F7B09A86D515E92E05B1669D1295E6B.d.E6A269697F9C055479059FB6D0544DEE.e.275","ELEMENT":"f.8F7B09A86D515E92E05B1669D1295E6B.d.E6A269697F9C055479059FB6D0544DEE.e.275"}]}
COMMAND: POST /session/80da7dba80ee399917bd5af3446e69aa/element/f.8F7B09A86D515E92E05B1669D1295E6B.d.E6A269697F9C055479059FB6D0544DEE.e.275/click - {}
COMMAND: GET /session/80da7dba80ee399917bd5af3446e69aa/screenshot - {}
RESULT: {}
RESULT: {}
COMMAND: GET /session/80da7dba80ee399917bd5af3446e69aa/screenshot - {}
COMMAND: POST /session/80da7dba80ee399917bd5af3446e69aa/element - {"using":"xpath","value":"//input[@id=\"application-manageyards-display-component---NewYard--yardId-inner\"]"}
RESULT: {}
RESULT: {}
RESULT: {"using":"xpath","value":"//input[@id=\"application-manageyards-display-component---NewYard--yardId-inner\"]"}
COMMAND: POST /session/80da7dba80ee399917bd5af3446e69aa/element - {"using":"xpath","value":"//input[@id=\"application-manageyards-display-component---NewYard--yardId-inner\"]"}
RESULT: {"using":"xpath","value":"//input[@id=\"application-manageyards-display-component---NewYard--yardId-inner\"]"}
COMMAND: POST /session/80da7dba80ee399917bd5af3446e69aa/execute/async - {"script":"<script> [1562 bytes]","args":[{"selector":{"id":"application-manageyards-display-component---NewYard--addressDetailDetailsName1","interaction":{"idSuffix":"inner"}},"wdio_ui5_key":"applicationmanageyards-display-component---NewYard--addressDetailDetailsName1"}]}
RESULT: {"script":"<script> [1562 bytes]","args":[{"selector":{"id":"application-manageyards-display-component---NewYard--addressDetailDetailsName1","interaction":{"idSuffix":"inner"}},"wdio_ui5_key":"applicationmanageyards-display-component---NewYard--addressDetailDetailsName1"}]}
RESULT: undefined
COMMAND: POST /session/80da7dba80ee399917bd5af3446e69aa/execute/async - {"script":"<script> [776 bytes]","args":[{"enterText":"Other Yard WDIO","selector":{"id":"application-manageyards-display-component---NewYard--addressDetailDetailsName1","interaction":{"idSuffix":"inner"}},"clearTextFirst":true,"interactionType":"ENTER_TEXT"}]}
RESULT: {"script":"<script> [776 bytes]","args":[{"enterText":"Other Yard WDIO","selector":{"id":"application-manageyards-display-component---NewYard--addressDetailDetailsName1","interaction":{"idSuffix":"inner"}},"clearTextFirst":true,"interactionType":"ENTER_TEXT"}]}
COMMAND: POST /session/80da7dba80ee399917bd5af3446e69aa/execute/async - {"script":"<script> [1562 bytes]","args":[{"selector":{"id":"application-manageyards-display-component---NewYard--addressDetailDetailsLanguage-arrow"},"wdio_ui5_key":"applicationmanageyards-display-component---NewYard--addressDetailDetailsLanguage-arrow"}]}
RESULT: {"script":"<script> [1562 bytes]","args":[{"selector":{"id":"application-manageyards-display-component---NewYard--addressDetailDetailsLanguage-arrow"},"wdio_ui5_key":"applicationmanageyards-display-component---NewYard--addressDetailDetailsLanguage-arrow"}]}
RESULT: undefined
COMMAND: POST /session/80da7dba80ee399917bd5af3446e69aa/element - {"using":"xpath","value":"//*[@id=\"application-manageyards-display-component---NewYard--addressDetailDetailsLanguage-arrow\"]"}
RESULT: {"using":"xpath","value":"//*[@id=\"application-manageyards-display-component---NewYard--addressDetailDetailsLanguage-arrow\"]"}
COMMAND: POST /session/80da7dba80ee399917bd5af3446e69aa/element/f.8F7B09A86D515E92E05B1669D1295E6B.d.E6A269697F9C055479059FB6D0544DEE.e.709/click - {}
RESULT: {}
COMMAND: POST /session/80da7dba80ee399917bd5af3446e69aa/element - {"using":"xpath","value":"//span[contains(text(), \"English\")]"}
COMMAND: GET /session/80da7dba80ee399917bd5af3446e69aa/screenshot - {}
RESULT: {"using":"xpath","value":"//span[contains(text(), \"English\")]"}
COMMAND: POST /session/80da7dba80ee399917bd5af3446e69aa/element/f.8F7B09A86D515E92E05B1669D1295E6B.d.E6A269697F9C055479059FB6D0544DEE.e.710/click - {}
RESULT: {}
RESULT: {}
COMMAND: POST /session/80da7dba80ee399917bd5af3446e69aa/execute/async - {"script":"<script> [1562 bytes]","args":[{"selector":{"id":"application-manageyards-display-component---NewYard--addressDetailDetailsCity1","interaction":{"idSuffix":"inner"}},"wdio_ui5_key":"applicationmanageyards-display-component---NewYard--addressDetailDetailsCity1"}]}
COMMAND: GET /session/80da7dba80ee399917bd5af3446e69aa/screenshot - {}
RESULT: {"script":"<script> [1562 bytes]","args":[{"selector":{"id":"application-manageyards-display-component---NewYard--addressDetailDetailsCity1","interaction":{"idSuffix":"inner"}},"wdio_ui5_key":"applicationmanageyards-display-component---NewYard--addressDetailDetailsCity1"}]}
RESULT: undefined
COMMAND: POST /session/80da7dba80ee399917bd5af3446e69aa/execute/async - {"script":"<script> [776 bytes]","args":[{"enterText":"Rosario","selector":{"id":"application-manageyards-display-component---NewYard--addressDetailDetailsCity1","interaction":{"idSuffix":"inner"}},"clearTextFirst":true,"interactionType":"ENTER_TEXT"}]}
RESULT: {}
RESULT: {"script":"<script> [776 bytes]","args":[{"enterText":"Rosario","selector":{"id":"application-manageyards-display-component---NewYard--addressDetailDetailsCity1","interaction":{"idSuffix":"inner"}},"clearTextFirst":true,"interactionType":"ENTER_TEXT"}]}
COMMAND: POST /session/80da7dba80ee399917bd5af3446e69aa/execute/async - {"script":"<script> [1562 bytes]","args":[{"selector":{"id":"application-manageyards-display-component---NewYard--addressDetailDetailsCountry-arrow"},"wdio_ui5_key":"applicationmanageyards-display-component---NewYard--addressDetailDetailsCountry-arrow"}]}
RESULT: {"script":"<script> [1562 bytes]","args":[{"selector":{"id":"application-manageyards-display-component---NewYard--addressDetailDetailsCountry-arrow"},"wdio_ui5_key":"applicationmanageyards-display-component---NewYard--addressDetailDetailsCountry-arrow"}]}
RESULT: undefined
COMMAND: POST /session/80da7dba80ee399917bd5af3446e69aa/element - {"using":"xpath","value":"//*[@id=\"application-manageyards-display-component---NewYard--addressDetailDetailsCountry-arrow\"]"}
RESULT: {"using":"xpath","value":"//*[@id=\"application-manageyards-display-component---NewYard--addressDetailDetailsCountry-arrow\"]"}
COMMAND: POST /session/80da7dba80ee399917bd5af3446e69aa/element/f.8F7B09A86D515E92E05B1669D1295E6B.d.E6A269697F9C055479059FB6D0544DEE.e.712/click - {}
RESULT: {}
COMMAND: POST /session/80da7dba80ee399917bd5af3446e69aa/element - {"using":"xpath","value":"//span[contains(text(), \"Argentina\")]"}
COMMAND: GET /session/80da7dba80ee399917bd5af3446e69aa/screenshot - {}
RESULT: {"using":"xpath","value":"//span[contains(text(), \"Argentina\")]"}
COMMAND: POST /session/80da7dba80ee399917bd5af3446e69aa/element/f.8F7B09A86D515E92E05B1669D1295E6B.d.E6A269697F9C055479059FB6D0544DEE.e.713/click - {}
RESULT: {}
RESULT: {}
COMMAND: POST /session/80da7dba80ee399917bd5af3446e69aa/execute/async - {"script":"<script> [1562 bytes]","args":[{"selector":{"id":"application-manageyards-display-component---NewYard--addressEditDetailsCostObjectCstType-arrow"},"wdio_ui5_key":"applicationmanageyards-display-component---NewYard--addressEditDetailsCostObjectCstType-arrow"}]}
COMMAND: GET /session/80da7dba80ee399917bd5af3446e69aa/screenshot - {}
RESULT: {"script":"<script> [1562 bytes]","args":[{"selector":{"id":"application-manageyards-display-component---NewYard--addressEditDetailsCostObjectCstType-arrow"},"wdio_ui5_key":"applicationmanageyards-display-component---NewYard--addressEditDetailsCostObjectCstType-arrow"}]}
RESULT: undefined
COMMAND: POST /session/80da7dba80ee399917bd5af3446e69aa/element - {"using":"xpath","value":"//*[@id=\"application-manageyards-display-component---NewYard--addressEditDetailsCostObjectCstType-arrow\"]"}
RESULT: {}
RESULT: {"using":"xpath","value":"//*[@id=\"application-manageyards-display-component---NewYard--addressEditDetailsCostObjectCstType-arrow\"]"}
COMMAND: POST /session/80da7dba80ee399917bd5af3446e69aa/element/f.8F7B09A86D515E92E05B1669D1295E6B.d.E6A269697F9C055479059FB6D0544DEE.e.715/click - {}
RESULT: {}
COMMAND: POST /session/80da7dba80ee399917bd5af3446e69aa/element - {"using":"xpath","value":"//span[contains(text(), \"Cost Center\")]"}
COMMAND: GET /session/80da7dba80ee399917bd5af3446e69aa/screenshot - {}
RESULT: {"using":"xpath","value":"//span[contains(text(), \"Cost Center\")]"}
COMMAND: POST /session/80da7dba80ee399917bd5af3446e69aa/element/f.8F7B09A86D515E92E05B1669D1295E6B.d.E6A269697F9C055479059FB6D0544DEE.e.716/click - {}
RESULT: {}
RESULT: {}
COMMAND: GET /session/80da7dba80ee399917bd5af3446e69aa/screenshot - {}
RESULT: {}
COMMAND: POST /session/80da7dba80ee399917bd5af3446e69aa/element - {"using":"xpath","value":"//span[@id=\"application-manageyards-display-component---NewYard--addressNewCostObjectCstID-vhi\"]"}
RESULT: {"using":"xpath","value":"//span[@id=\"application-manageyards-display-component---NewYard--addressNewCostObjectCstID-vhi\"]"}
COMMAND: POST /session/80da7dba80ee399917bd5af3446e69aa/execute/sync - {"script":"<script> [8489 bytes]","args":[{"element-6066-11e4-a52e-4f735466cecf":"f.8F7B09A86D515E92E05B1669D1295E6B.d.E6A269697F9C055479059FB6D0544DEE.e.720","ELEMENT":"f.8F7B09A86D515E92E05B1669D1295E6B.d.E6A269697F9C055479059FB6D0544DEE.e.720"}]}
RESULT: {"script":"<script> [8489 bytes]","args":[{"element-6066-11e4-a52e-4f735466cecf":"f.8F7B09A86D515E92E05B1669D1295E6B.d.E6A269697F9C055479059FB6D0544DEE.e.720","ELEMENT":"f.8F7B09A86D515E92E05B1669D1295E6B.d.E6A269697F9C055479059FB6D0544DEE.e.720"}]}
COMMAND: POST /session/80da7dba80ee399917bd5af3446e69aa/execute/async - {"script":"<script> [1562 bytes]","args":[{"selector":{"id":"application-manageyards-display-component---NewYard--addressNewCostObjectCstID-vhi"},"wdio_ui5_key":"applicationmanageyards-display-component---NewYard--addressNewCostObjectCstID-vhi"}]}
COMMAND: GET /session/80da7dba80ee399917bd5af3446e69aa/screenshot - {}
RESULT: {"script":"<script> [1562 bytes]","args":[{"selector":{"id":"application-manageyards-display-component---NewYard--addressNewCostObjectCstID-vhi"},"wdio_ui5_key":"applicationmanageyards-display-component---NewYard--addressNewCostObjectCstID-vhi"}]}
RESULT: undefined
COMMAND: POST /session/80da7dba80ee399917bd5af3446e69aa/element - {"using":"xpath","value":"//*[@id=\"application-manageyards-display-component---NewYard--addressNewCostObjectCstID-vhi\"]"}
RESULT: {}
RESULT: {"using":"xpath","value":"//*[@id=\"application-manageyards-display-component---NewYard--addressNewCostObjectCstID-vhi\"]"}
COMMAND: POST /session/80da7dba80ee399917bd5af3446e69aa/element/f.8F7B09A86D515E92E05B1669D1295E6B.d.E6A269697F9C055479059FB6D0544DEE.e.720/click - {}
RESULT: {}
COMMAND: GET /session/80da7dba80ee399917bd5af3446e69aa/screenshot - {}
RESULT: {}
COMMAND: POST /session/80da7dba80ee399917bd5af3446e69aa/execute/async - {"script":"<script> [1562 bytes]","args":[{"selector":{"controlType":"sap.m.SearchField","properties":{"placeholder":"Search"},"searchOpenDialogs":true,"interaction":{"idSuffix":"I"}},"wdio_ui5_key":"sapm.SearchField{\"placeholder\":\"Search\"}"}]}
RESULT: {"script":"<script> [1562 bytes]","args":[{"selector":{"controlType":"sap.m.SearchField","properties":{"placeholder":"Search"},"searchOpenDialogs":true,"interaction":{"idSuffix":"I"}},"wdio_ui5_key":"sapm.SearchField{\"placeholder\":\"Search\"}"}]}
RESULT: undefined
COMMAND: POST /session/80da7dba80ee399917bd5af3446e69aa/execute/async - {"script":"<script> [776 bytes]","args":[{"enterText":"bauh_b","selector":{"controlType":"sap.m.SearchField","properties":{"placeholder":"Search"},"searchOpenDialogs":true,"interaction":{"idSuffix":"I"}},"clearTextFirst":true,"interactionType":"ENTER_TEXT"}]}
RESULT: {"script":"<script> [776 bytes]","args":[{"enterText":"bauh_b","selector":{"controlType":"sap.m.SearchField","properties":{"placeholder":"Search"},"searchOpenDialogs":true,"interaction":{"idSuffix":"I"}},"clearTextFirst":true,"interactionType":"ENTER_TEXT"}]}
COMMAND: POST /session/80da7dba80ee399917bd5af3446e69aa/actions - {"actions":[{"id":"action1","type":"key","parameters":{},"actions":[{"type":"keyDown","value":""},{"type":"pause","duration":10},{"type":"keyUp","value":""}]}]}
RESULT: {"actions":[{"id":"action1","type":"key","parameters":{},"actions":[{"type":"keyDown","value":""},{"type":"pause","duration":10},{"type":"keyUp","value":""}]}]}
COMMAND: GET /session/80da7dba80ee399917bd5af3446e69aa/screenshot - {}
RESULT: {}
COMMAND: POST /session/80da7dba80ee399917bd5af3446e69aa/element - {"using":"xpath","value":"//span[contains(text(), \"Demo Yard\")]"}
RESULT: {"using":"xpath","value":"//span[contains(text(), \"Demo Yard\")]"}
COMMAND: POST /session/80da7dba80ee399917bd5af3446e69aa/element/f.8F7B09A86D515E92E05B1669D1295E6B.d.E6A269697F9C055479059FB6D0544DEE.e.762/click - {}
RESULT: {}
COMMAND: GET /session/80da7dba80ee399917bd5af3446e69aa/screenshot - {}
RESULT: {}
COMMAND: POST /session/80da7dba80ee399917bd5af3446e69aa/element - {"using":"xpath","value":"//bdi[contains(text(), \"OK\")]"}
RESULT: {"using":"xpath","value":"//bdi[contains(text(), \"OK\")]"}
COMMAND: POST /session/80da7dba80ee399917bd5af3446e69aa/element/f.8F7B09A86D515E92E05B1669D1295E6B.d.E6A269697F9C055479059FB6D0544DEE.e.763/click - {}
RESULT: {}
COMMAND: GET /session/80da7dba80ee399917bd5af3446e69aa/screenshot - {}
RESULT: {}
COMMAND: POST /session/80da7dba80ee399917bd5af3446e69aa/execute/async - {"script":"<script> [1562 bytes]","args":[{"selector":{"id":"application-manageyards-display-component---NewYard--addressEditDetailsCurrency-arrow"},"wdio_ui5_key":"applicationmanageyards-display-component---NewYard--addressEditDetailsCurrency-arrow"}]}
RESULT: {"script":"<script> [1562 bytes]","args":[{"selector":{"id":"application-manageyards-display-component---NewYard--addressEditDetailsCurrency-arrow"},"wdio_ui5_key":"applicationmanageyards-display-component---NewYard--addressEditDetailsCurrency-arrow"}]}
RESULT: undefined
COMMAND: POST /session/80da7dba80ee399917bd5af3446e69aa/element - {"using":"xpath","value":"//*[@id=\"application-manageyards-display-component---NewYard--addressEditDetailsCurrency-arrow\"]"}
RESULT: {"using":"xpath","value":"//*[@id=\"application-manageyards-display-component---NewYard--addressEditDetailsCurrency-arrow\"]"}
COMMAND: POST /session/80da7dba80ee399917bd5af3446e69aa/element/f.8F7B09A86D515E92E05B1669D1295E6B.d.E6A269697F9C055479059FB6D0544DEE.e.766/click - {}
RESULT: {}
COMMAND: POST /session/80da7dba80ee399917bd5af3446e69aa/element - {"using":"xpath","value":"//span[contains(text(), \"Euro\")]"}
COMMAND: GET /session/80da7dba80ee399917bd5af3446e69aa/screenshot - {}
RESULT: {"using":"xpath","value":"//span[contains(text(), \"Euro\")]"}
COMMAND: POST /session/80da7dba80ee399917bd5af3446e69aa/element/f.8F7B09A86D515E92E05B1669D1295E6B.d.E6A269697F9C055479059FB6D0544DEE.e.767/click - {}
RESULT: {}
RESULT: {}
COMMAND: POST /session/80da7dba80ee399917bd5af3446e69aa/execute/async - {"script":"<script> [1562 bytes]","args":[{"selector":{"controlType":"sap.m.Input","viewName":"etm.portal.ui.manageyards.view.New","viewId":"application-manageyards-display-component---NewYard","bindingPath":{"path":"","propertyPath":"/CONTROLLING_AREA","modelName":"NewYardModel"},"interaction":{"idSuffix":"inner"}},"wdio_ui5_key":"etmportal.ui.manageyards.view.Newsap.m.Input{\"path\":\"\",\"propertyPath\":\"/CONTROLLING_AREA\",\"modelName\":\"NewYardModel\"}"}]}
COMMAND: GET /session/80da7dba80ee399917bd5af3446e69aa/screenshot - {}
RESULT: {"script":"<script> [1562 bytes]","args":[{"selector":{"controlType":"sap.m.Input","viewName":"etm.portal.ui.manageyards.view.New","viewId":"application-manageyards-display-component---NewYard","bindingPath":{"path":"","propertyPath":"/CONTROLLING_AREA","modelName":"NewYardModel"},"interaction":{"idSuffix":"inner"}},"wdio_ui5_key":"etmportal.ui.manageyards.view.Newsap.m.Input{\"path\":\"\",\"propertyPath\":\"/CONTROLLING_AREA\",\"modelName\":\"NewYardModel\"}"}]}
RESULT: undefined
COMMAND: POST /session/80da7dba80ee399917bd5af3446e69aa/execute/async - {"script":"<script> [776 bytes]","args":[{"enterText":"Z001","selector":{"controlType":"sap.m.Input","viewName":"etm.portal.ui.manageyards.view.New","viewId":"application-manageyards-display-component---NewYard","bindingPath":{"path":"","propertyPath":"/CONTROLLING_AREA","modelName":"NewYardModel"},"interaction":{"idSuffix":"inner"}},"clearTextFirst":true,"interactionType":"ENTER_TEXT"}]}
RESULT: {}
RESULT: {"script":"<script> [776 bytes]","args":[{"enterText":"Z001","selector":{"controlType":"sap.m.Input","viewName":"etm.portal.ui.manageyards.view.New","viewId":"application-manageyards-display-component---NewYard","bindingPath":{"path":"","propertyPath":"/CONTROLLING_AREA","modelName":"NewYardModel"},"interaction":{"idSuffix":"inner"}},"clearTextFirst":true,"interactionType":"ENTER_TEXT"}]}
COMMAND: POST /session/80da7dba80ee399917bd5af3446e69aa/execute/async - {"script":"<script> [1562 bytes]","args":[{"selector":{"id":"application-manageyards-display-component---NewYard--companyCodeComboBox","interaction":{"idSuffix":"inner"}},"wdio_ui5_key":"applicationmanageyards-display-component---NewYard--companyCodeComboBox"}]}
RESULT: {"script":"<script> [1562 bytes]","args":[{"selector":{"id":"application-manageyards-display-component---NewYard--companyCodeComboBox","interaction":{"idSuffix":"inner"}},"wdio_ui5_key":"applicationmanageyards-display-component---NewYard--companyCodeComboBox"}]}
RESULT: undefined
COMMAND: POST /session/80da7dba80ee399917bd5af3446e69aa/execute/async - {"script":"<script> [776 bytes]","args":[{"enterText":"1000","selector":{"id":"application-manageyards-display-component---NewYard--companyCodeComboBox","interaction":{"idSuffix":"inner"}},"clearTextFirst":true,"interactionType":"ENTER_TEXT"}]}
RESULT: {"script":"<script> [776 bytes]","args":[{"enterText":"1000","selector":{"id":"application-manageyards-display-component---NewYard--companyCodeComboBox","interaction":{"idSuffix":"inner"}},"clearTextFirst":true,"interactionType":"ENTER_TEXT"}]}
COMMAND: POST /session/80da7dba80ee399917bd5af3446e69aa/execute/async - {"script":"<script> [1562 bytes]","args":[{"selector":{"controlType":"sap.m.Input","viewName":"etm.portal.ui.manageyards.view.New","viewId":"application-manageyards-display-component---NewYard","bindingPath":{"path":"","propertyPath":"/PLANT","modelName":"NewYardModel"},"interaction":{"idSuffix":"inner"}},"wdio_ui5_key":"etmportal.ui.manageyards.view.Newsap.m.Input{\"path\":\"\",\"propertyPath\":\"/PLANT\",\"modelName\":\"NewYardModel\"}"}]}
RESULT: {"script":"<script> [1562 bytes]","args":[{"selector":{"controlType":"sap.m.Input","viewName":"etm.portal.ui.manageyards.view.New","viewId":"application-manageyards-display-component---NewYard","bindingPath":{"path":"","propertyPath":"/PLANT","modelName":"NewYardModel"},"interaction":{"idSuffix":"inner"}},"wdio_ui5_key":"etmportal.ui.manageyards.view.Newsap.m.Input{\"path\":\"\",\"propertyPath\":\"/PLANT\",\"modelName\":\"NewYardModel\"}"}]}
RESULT: undefined
COMMAND: POST /session/80da7dba80ee399917bd5af3446e69aa/execute/async - {"script":"<script> [776 bytes]","args":[{"enterText":"1001","selector":{"controlType":"sap.m.Input","viewName":"etm.portal.ui.manageyards.view.New","viewId":"application-manageyards-display-component---NewYard","bindingPath":{"path":"","propertyPath":"/PLANT","modelName":"NewYardModel"},"interaction":{"idSuffix":"inner"}},"clearTextFirst":true,"interactionType":"ENTER_TEXT"}]}
RESULT: {"script":"<script> [776 bytes]","args":[{"enterText":"1001","selector":{"controlType":"sap.m.Input","viewName":"etm.portal.ui.manageyards.view.New","viewId":"application-manageyards-display-component---NewYard","bindingPath":{"path":"","propertyPath":"/PLANT","modelName":"NewYardModel"},"interaction":{"idSuffix":"inner"}},"clearTextFirst":true,"interactionType":"ENTER_TEXT"}]}
COMMAND: POST /session/80da7dba80ee399917bd5af3446e69aa/execute/async - {"script":"<script> [1562 bytes]","args":[{"selector":{"controlType":"sap.m.Input","viewName":"etm.portal.ui.manageyards.view.New","viewId":"application-manageyards-display-component---NewYard","bindingPath":{"path":"","propertyPath":"/SALES_AREA_VKORG","modelName":"NewYardModel"},"interaction":{"idSuffix":"inner"}},"wdio_ui5_key":"etmportal.ui.manageyards.view.Newsap.m.Input{\"path\":\"\",\"propertyPath\":\"/SALES_AREA_VKORG\",\"modelName\":\"NewYardModel\"}"}]}
RESULT: {"script":"<script> [1562 bytes]","args":[{"selector":{"controlType":"sap.m.Input","viewName":"etm.portal.ui.manageyards.view.New","viewId":"application-manageyards-display-component---NewYard","bindingPath":{"path":"","propertyPath":"/SALES_AREA_VKORG","modelName":"NewYardModel"},"interaction":{"idSuffix":"inner"}},"wdio_ui5_key":"etmportal.ui.manageyards.view.Newsap.m.Input{\"path\":\"\",\"propertyPath\":\"/SALES_AREA_VKORG\",\"modelName\":\"NewYardModel\"}"}]}
RESULT: undefined
COMMAND: POST /session/80da7dba80ee399917bd5af3446e69aa/execute/async - {"script":"<script> [776 bytes]","args":[{"enterText":"C002","selector":{"controlType":"sap.m.Input","viewName":"etm.portal.ui.manageyards.view.New","viewId":"application-manageyards-display-component---NewYard","bindingPath":{"path":"","propertyPath":"/SALES_AREA_VKORG","modelName":"NewYardModel"},"interaction":{"idSuffix":"inner"}},"clearTextFirst":true,"interactionType":"ENTER_TEXT"}]}
RESULT: {"script":"<script> [776 bytes]","args":[{"enterText":"C002","selector":{"controlType":"sap.m.Input","viewName":"etm.portal.ui.manageyards.view.New","viewId":"application-manageyards-display-component---NewYard","bindingPath":{"path":"","propertyPath":"/SALES_AREA_VKORG","modelName":"NewYardModel"},"interaction":{"idSuffix":"inner"}},"clearTextFirst":true,"interactionType":"ENTER_TEXT"}]}
COMMAND: POST /session/80da7dba80ee399917bd5af3446e69aa/execute/async - {"script":"<script> [1562 bytes]","args":[{"selector":{"controlType":"sap.m.Input","viewName":"etm.portal.ui.manageyards.view.New","viewId":"application-manageyards-display-component---NewYard","bindingPath":{"path":"","propertyPath":"/SALES_AREA_VTWEG","modelName":"NewYardModel"},"interaction":{"idSuffix":"inner"}},"wdio_ui5_key":"etmportal.ui.manageyards.view.Newsap.m.Input{\"path\":\"\",\"propertyPath\":\"/SALES_AREA_VTWEG\",\"modelName\":\"NewYardModel\"}"}]}
RESULT: {"script":"<script> [1562 bytes]","args":[{"selector":{"controlType":"sap.m.Input","viewName":"etm.portal.ui.manageyards.view.New","viewId":"application-manageyards-display-component---NewYard","bindingPath":{"path":"","propertyPath":"/SALES_AREA_VTWEG","modelName":"NewYardModel"},"interaction":{"idSuffix":"inner"}},"wdio_ui5_key":"etmportal.ui.manageyards.view.Newsap.m.Input{\"path\":\"\",\"propertyPath\":\"/SALES_AREA_VTWEG\",\"modelName\":\"NewYardModel\"}"}]}
RESULT: undefined
COMMAND: POST /session/80da7dba80ee399917bd5af3446e69aa/execute/async - {"script":"<script> [776 bytes]","args":[{"enterText":"C2","selector":{"controlType":"sap.m.Input","viewName":"etm.portal.ui.manageyards.view.New","viewId":"application-manageyards-display-component---NewYard","bindingPath":{"path":"","propertyPath":"/SALES_AREA_VTWEG","modelName":"NewYardModel"},"interaction":{"idSuffix":"inner"}},"clearTextFirst":true,"interactionType":"ENTER_TEXT"}]}
RESULT: {"script":"<script> [776 bytes]","args":[{"enterText":"C2","selector":{"controlType":"sap.m.Input","viewName":"etm.portal.ui.manageyards.view.New","viewId":"application-manageyards-display-component---NewYard","bindingPath":{"path":"","propertyPath":"/SALES_AREA_VTWEG","modelName":"NewYardModel"},"interaction":{"idSuffix":"inner"}},"clearTextFirst":true,"interactionType":"ENTER_TEXT"}]}
COMMAND: POST /session/80da7dba80ee399917bd5af3446e69aa/execute/async - {"script":"<script> [1562 bytes]","args":[{"selector":{"controlType":"sap.m.Input","viewName":"etm.portal.ui.manageyards.view.New","viewId":"application-manageyards-display-component---NewYard","bindingPath":{"path":"","propertyPath":"/SALES_AREA_SPART","modelName":"NewYardModel"},"interaction":{"idSuffix":"inner"}},"wdio_ui5_key":"etmportal.ui.manageyards.view.Newsap.m.Input{\"path\":\"\",\"propertyPath\":\"/SALES_AREA_SPART\",\"modelName\":\"NewYardModel\"}"}]}
RESULT: {"script":"<script> [1562 bytes]","args":[{"selector":{"controlType":"sap.m.Input","viewName":"etm.portal.ui.manageyards.view.New","viewId":"application-manageyards-display-component---NewYard","bindingPath":{"path":"","propertyPath":"/SALES_AREA_SPART","modelName":"NewYardModel"},"interaction":{"idSuffix":"inner"}},"wdio_ui5_key":"etmportal.ui.manageyards.view.Newsap.m.Input{\"path\":\"\",\"propertyPath\":\"/SALES_AREA_SPART\",\"modelName\":\"NewYardModel\"}"}]}
RESULT: undefined
COMMAND: POST /session/80da7dba80ee399917bd5af3446e69aa/execute/async - {"script":"<script> [776 bytes]","args":[{"enterText":"C2","selector":{"controlType":"sap.m.Input","viewName":"etm.portal.ui.manageyards.view.New","viewId":"application-manageyards-display-component---NewYard","bindingPath":{"path":"","propertyPath":"/SALES_AREA_SPART","modelName":"NewYardModel"},"interaction":{"idSuffix":"inner"}},"clearTextFirst":true,"interactionType":"ENTER_TEXT"}]}
RESULT: {"script":"<script> [776 bytes]","args":[{"enterText":"C2","selector":{"controlType":"sap.m.Input","viewName":"etm.portal.ui.manageyards.view.New","viewId":"application-manageyards-display-component---NewYard","bindingPath":{"path":"","propertyPath":"/SALES_AREA_SPART","modelName":"NewYardModel"},"interaction":{"idSuffix":"inner"}},"clearTextFirst":true,"interactionType":"ENTER_TEXT"}]}
COMMAND: POST /session/80da7dba80ee399917bd5af3446e69aa/execute/async - {"script":"<script> [1562 bytes]","args":[{"selector":{"controlType":"sap.m.Input","viewName":"etm.portal.ui.manageyards.view.New","viewId":"application-manageyards-display-component---NewYard","bindingPath":{"path":"","propertyPath":"/SHIP_POINT","modelName":"NewYardModel"},"interaction":{"idSuffix":"inner"}},"wdio_ui5_key":"etmportal.ui.manageyards.view.Newsap.m.Input{\"path\":\"\",\"propertyPath\":\"/SHIP_POINT\",\"modelName\":\"NewYardModel\"}"}]}
RESULT: {"script":"<script> [1562 bytes]","args":[{"selector":{"controlType":"sap.m.Input","viewName":"etm.portal.ui.manageyards.view.New","viewId":"application-manageyards-display-component---NewYard","bindingPath":{"path":"","propertyPath":"/SHIP_POINT","modelName":"NewYardModel"},"interaction":{"idSuffix":"inner"}},"wdio_ui5_key":"etmportal.ui.manageyards.view.Newsap.m.Input{\"path\":\"\",\"propertyPath\":\"/SHIP_POINT\",\"modelName\":\"NewYardModel\"}"}]}
RESULT: undefined
COMMAND: POST /session/80da7dba80ee399917bd5af3446e69aa/execute/async - {"script":"<script> [776 bytes]","args":[{"enterText":"1710","selector":{"controlType":"sap.m.Input","viewName":"etm.portal.ui.manageyards.view.New","viewId":"application-manageyards-display-component---NewYard","bindingPath":{"path":"","propertyPath":"/SHIP_POINT","modelName":"NewYardModel"},"interaction":{"idSuffix":"inner"}},"clearTextFirst":true,"interactionType":"ENTER_TEXT"}]}
RESULT: {"script":"<script> [776 bytes]","args":[{"enterText":"1710","selector":{"controlType":"sap.m.Input","viewName":"etm.portal.ui.manageyards.view.New","viewId":"application-manageyards-display-component---NewYard","bindingPath":{"path":"","propertyPath":"/SHIP_POINT","modelName":"NewYardModel"},"interaction":{"idSuffix":"inner"}},"clearTextFirst":true,"interactionType":"ENTER_TEXT"}]}
COMMAND: POST /session/80da7dba80ee399917bd5af3446e69aa/execute/async - {"script":"<script> [1562 bytes]","args":[{"selector":{"controlType":"sap.m.Input","viewName":"etm.portal.ui.manageyards.view.New","viewId":"application-manageyards-display-component---NewYard","bindingPath":{"path":"","propertyPath":"/DELIVERY_TYPE","modelName":"NewYardModel"},"interaction":{"idSuffix":"inner"}},"wdio_ui5_key":"etmportal.ui.manageyards.view.Newsap.m.Input{\"path\":\"\",\"propertyPath\":\"/DELIVERY_TYPE\",\"modelName\":\"NewYardModel\"}"}]}
RESULT: {"script":"<script> [1562 bytes]","args":[{"selector":{"controlType":"sap.m.Input","viewName":"etm.portal.ui.manageyards.view.New","viewId":"application-manageyards-display-component---NewYard","bindingPath":{"path":"","propertyPath":"/DELIVERY_TYPE","modelName":"NewYardModel"},"interaction":{"idSuffix":"inner"}},"wdio_ui5_key":"etmportal.ui.manageyards.view.Newsap.m.Input{\"path\":\"\",\"propertyPath\":\"/DELIVERY_TYPE\",\"modelName\":\"NewYardModel\"}"}]}
RESULT: undefined
COMMAND: POST /session/80da7dba80ee399917bd5af3446e69aa/execute/async - {"script":"<script> [776 bytes]","args":[{"enterText":"ZL01","selector":{"controlType":"sap.m.Input","viewName":"etm.portal.ui.manageyards.view.New","viewId":"application-manageyards-display-component---NewYard","bindingPath":{"path":"","propertyPath":"/DELIVERY_TYPE","modelName":"NewYardModel"},"interaction":{"idSuffix":"inner"}},"clearTextFirst":true,"interactionType":"ENTER_TEXT"}]}
RESULT: {"script":"<script> [776 bytes]","args":[{"enterText":"ZL01","selector":{"controlType":"sap.m.Input","viewName":"etm.portal.ui.manageyards.view.New","viewId":"application-manageyards-display-component---NewYard","bindingPath":{"path":"","propertyPath":"/DELIVERY_TYPE","modelName":"NewYardModel"},"interaction":{"idSuffix":"inner"}},"clearTextFirst":true,"interactionType":"ENTER_TEXT"}]}
COMMAND: POST /session/80da7dba80ee399917bd5af3446e69aa/execute/async - {"script":"<script> [1562 bytes]","args":[{"selector":{"controlType":"sap.m.Input","viewName":"etm.portal.ui.manageyards.view.New","viewId":"application-manageyards-display-component---NewYard","bindingPath":{"path":"","propertyPath":"/AUART","modelName":"NewYardModel"},"interaction":{"idSuffix":"inner"}},"wdio_ui5_key":"etmportal.ui.manageyards.view.Newsap.m.Input{\"path\":\"\",\"propertyPath\":\"/AUART\",\"modelName\":\"NewYardModel\"}"}]}
RESULT: {"script":"<script> [1562 bytes]","args":[{"selector":{"controlType":"sap.m.Input","viewName":"etm.portal.ui.manageyards.view.New","viewId":"application-manageyards-display-component---NewYard","bindingPath":{"path":"","propertyPath":"/AUART","modelName":"NewYardModel"},"interaction":{"idSuffix":"inner"}},"wdio_ui5_key":"etmportal.ui.manageyards.view.Newsap.m.Input{\"path\":\"\",\"propertyPath\":\"/AUART\",\"modelName\":\"NewYardModel\"}"}]}
RESULT: undefined
COMMAND: POST /session/80da7dba80ee399917bd5af3446e69aa/execute/async - {"script":"<script> [776 bytes]","args":[{"enterText":"TA","selector":{"controlType":"sap.m.Input","viewName":"etm.portal.ui.manageyards.view.New","viewId":"application-manageyards-display-component---NewYard","bindingPath":{"path":"","propertyPath":"/AUART","modelName":"NewYardModel"},"interaction":{"idSuffix":"inner"}},"clearTextFirst":true,"interactionType":"ENTER_TEXT"}]}
RESULT: {"script":"<script> [776 bytes]","args":[{"enterText":"TA","selector":{"controlType":"sap.m.Input","viewName":"etm.portal.ui.manageyards.view.New","viewId":"application-manageyards-display-component---NewYard","bindingPath":{"path":"","propertyPath":"/AUART","modelName":"NewYardModel"},"interaction":{"idSuffix":"inner"}},"clearTextFirst":true,"interactionType":"ENTER_TEXT"}]}
COMMAND: POST /session/80da7dba80ee399917bd5af3446e69aa/element - {"using":"xpath","value":"//button[@data-kt=\"newYardSaveButton\"]"}
RESULT: {"using":"xpath","value":"//button[@data-kt=\"newYardSaveButton\"]"}
COMMAND: POST /session/80da7dba80ee399917bd5af3446e69aa/element/f.8F7B09A86D515E92E05B1669D1295E6B.d.E6A269697F9C055479059FB6D0544DEE.e.694/click - {}
RESULT: {}
COMMAND: GET /session/80da7dba80ee399917bd5af3446e69aa/screenshot - {}
RESULT: {}
COMMAND: POST /session/80da7dba80ee399917bd5af3446e69aa/element - {"using":"xpath","value":"//header[contains(@id, 'ObjectPageLayout-headerTitle')]/div[1]/div[2]/div[1]/span[1]"}
RESULT: {"using":"xpath","value":"//header[contains(@id, 'ObjectPageLayout-headerTitle')]/div[1]/div[2]/div[1]/span[1]"}
COMMAND: POST /session/80da7dba80ee399917bd5af3446e69aa/elements - {"using":"xpath","value":"//header[contains(@id, 'ObjectPageLayout-headerTitle')]/div[1]/div[2]/div[1]/span[1]"}
RESULT: {"using":"xpath","value":"//header[contains(@id, 'ObjectPageLayout-headerTitle')]/div[1]/div[2]/div[1]/span[1]"}
COMMAND: POST /session/80da7dba80ee399917bd5af3446e69aa/execute/sync - {"script":"<script> [56 bytes]","args":[{"element-6066-11e4-a52e-4f735466cecf":"f.8F7B09A86D515E92E05B1669D1295E6B.d.E6A269697F9C055479059FB6D0544DEE.e.990","ELEMENT":"f.8F7B09A86D515E92E05B1669D1295E6B.d.E6A269697F9C055479059FB6D0544DEE.e.990"}]}
RESULT: {"script":"<script> [56 bytes]","args":[{"element-6066-11e4-a52e-4f735466cecf":"f.8F7B09A86D515E92E05B1669D1295E6B.d.E6A269697F9C055479059FB6D0544DEE.e.990","ELEMENT":"f.8F7B09A86D515E92E05B1669D1295E6B.d.E6A269697F9C055479059FB6D0544DEE.e.990"}]}
COMMAND: GET /session/80da7dba80ee399917bd5af3446e69aa/screenshot - {}
RESULT: {}
COMMAND: POST /session/80da7dba80ee399917bd5af3446e69aa/element - {"using":"css selector","value":"#shell-header-logo"}
RESULT: {"using":"css selector","value":"#shell-header-logo"}
COMMAND: POST /session/80da7dba80ee399917bd5af3446e69aa/element/f.8F7B09A86D515E92E05B1669D1295E6B.d.E6A269697F9C055479059FB6D0544DEE.e.244/click - {}
RESULT: {}
COMMAND: GET /session/80da7dba80ee399917bd5af3446e69aa/screenshot - {}
RESULT: {}
COMMAND: POST /session/80da7dba80ee399917bd5af3446e69aa/execute/sync - {"script":"<script> [299 bytes]","args":[["getModel","getResource"]]}
RESULT: {"script":"<script> [299 bytes]","args":[["getModel","getResource"]]}
COMMAND: GET /session/80da7dba80ee399917bd5af3446e69aa/screenshot - {}
]]></system-out>
    </testcase>
    <testcase classname="chrome.137_0_7151_69.windows.Create_masterdata_for_Yard_Overview_-_trigger_provide_US130988" name="Should create a new external partner" time="115.212">
      <system-out><![CDATA[
COMMAND: POST /session/80da7dba80ee399917bd5af3446e69aa/window/fullscreen - {}
RESULT: {}
RESULT: {}
COMMAND: POST /session/80da7dba80ee399917bd5af3446e69aa/execute/async - {"script":"<script> [1562 bytes]","args":[{"selector":{"controlType":"sap.m.GenericTile","properties":{"header":"Manage Partners"}},"wdio_ui5_key":"sapm.GenericTile{\"header\":\"Manage Partners\"}"}]}
RESULT: {"script":"<script> [1562 bytes]","args":[{"selector":{"controlType":"sap.m.GenericTile","properties":{"header":"Manage Partners"}},"wdio_ui5_key":"sapm.GenericTile{\"header\":\"Manage Partners\"}"}]}
RESULT: undefined
COMMAND: POST /session/80da7dba80ee399917bd5af3446e69aa/element - {"using":"xpath","value":"//*[@id=\"__tile39\"]"}
RESULT: {"using":"xpath","value":"//*[@id=\"__tile39\"]"}
COMMAND: POST /session/80da7dba80ee399917bd5af3446e69aa/element/f.8F7B09A86D515E92E05B1669D1295E6B.d.E6A269697F9C055479059FB6D0544DEE.e.127/click - {}
RESULT: {}
COMMAND: GET /session/80da7dba80ee399917bd5af3446e69aa/screenshot - {}
RESULT: {}
COMMAND: POST /session/80da7dba80ee399917bd5af3446e69aa/elements - {"using":"xpath","value":"//span[text()='Error']"}
RESULT: {"using":"xpath","value":"//span[text()='Error']"}
COMMAND: POST /session/80da7dba80ee399917bd5af3446e69aa/element - {"using":"xpath","value":"//button[@data-kt=\"addButton\"]"}
RESULT: {"using":"xpath","value":"//button[@data-kt=\"addButton\"]"}
COMMAND: POST /session/80da7dba80ee399917bd5af3446e69aa/elements - {"using":"xpath","value":"//button[@data-kt=\"addButton\"]"}
RESULT: {"using":"xpath","value":"//button[@data-kt=\"addButton\"]"}
COMMAND: POST /session/80da7dba80ee399917bd5af3446e69aa/elements - {"using":"xpath","value":"//button[@data-kt=\"addButton\"]"}
RESULT: {"using":"xpath","value":"//button[@data-kt=\"addButton\"]"}
COMMAND: POST /session/80da7dba80ee399917bd5af3446e69aa/elements - {"using":"xpath","value":"//button[@data-kt=\"addButton\"]"}
RESULT: {"using":"xpath","value":"//button[@data-kt=\"addButton\"]"}
COMMAND: POST /session/80da7dba80ee399917bd5af3446e69aa/elements - {"using":"xpath","value":"//button[@data-kt=\"addButton\"]"}
RESULT: {"using":"xpath","value":"//button[@data-kt=\"addButton\"]"}
COMMAND: POST /session/80da7dba80ee399917bd5af3446e69aa/element - {"using":"xpath","value":"//button[@data-kt=\"addButton\"]"}
RESULT: {"using":"xpath","value":"//button[@data-kt=\"addButton\"]"}
COMMAND: POST /session/80da7dba80ee399917bd5af3446e69aa/execute/sync - {"script":"<script> [8489 bytes]","args":[{"element-6066-11e4-a52e-4f735466cecf":"f.8F7B09A86D515E92E05B1669D1295E6B.d.E6A269697F9C055479059FB6D0544DEE.e.1029","ELEMENT":"f.8F7B09A86D515E92E05B1669D1295E6B.d.E6A269697F9C055479059FB6D0544DEE.e.1029"}]}
RESULT: {"script":"<script> [8489 bytes]","args":[{"element-6066-11e4-a52e-4f735466cecf":"f.8F7B09A86D515E92E05B1669D1295E6B.d.E6A269697F9C055479059FB6D0544DEE.e.1029","ELEMENT":"f.8F7B09A86D515E92E05B1669D1295E6B.d.E6A269697F9C055479059FB6D0544DEE.e.1029"}]}
COMMAND: GET /session/80da7dba80ee399917bd5af3446e69aa/element/f.8F7B09A86D515E92E05B1669D1295E6B.d.E6A269697F9C055479059FB6D0544DEE.e.1029/enabled - {}
COMMAND: GET /session/80da7dba80ee399917bd5af3446e69aa/screenshot - {}
RESULT: {}
COMMAND: POST /session/80da7dba80ee399917bd5af3446e69aa/execute/sync - {"script":"<script> [8489 bytes]","args":[{"element-6066-11e4-a52e-4f735466cecf":"f.8F7B09A86D515E92E05B1669D1295E6B.d.E6A269697F9C055479059FB6D0544DEE.e.1029","ELEMENT":"f.8F7B09A86D515E92E05B1669D1295E6B.d.E6A269697F9C055479059FB6D0544DEE.e.1029"}]}
COMMAND: GET /session/80da7dba80ee399917bd5af3446e69aa/screenshot - {}
RESULT: {}
RESULT: {"script":"<script> [8489 bytes]","args":[{"element-6066-11e4-a52e-4f735466cecf":"f.8F7B09A86D515E92E05B1669D1295E6B.d.E6A269697F9C055479059FB6D0544DEE.e.1029","ELEMENT":"f.8F7B09A86D515E92E05B1669D1295E6B.d.E6A269697F9C055479059FB6D0544DEE.e.1029"}]}
COMMAND: POST /session/80da7dba80ee399917bd5af3446e69aa/execute/sync - {"script":"<script> [5351 bytes]","args":[{"element-6066-11e4-a52e-4f735466cecf":"f.8F7B09A86D515E92E05B1669D1295E6B.d.E6A269697F9C055479059FB6D0544DEE.e.1029","ELEMENT":"f.8F7B09A86D515E92E05B1669D1295E6B.d.E6A269697F9C055479059FB6D0544DEE.e.1029"}]}
COMMAND: GET /session/80da7dba80ee399917bd5af3446e69aa/screenshot - {}
RESULT: {}
RESULT: {"script":"<script> [5351 bytes]","args":[{"element-6066-11e4-a52e-4f735466cecf":"f.8F7B09A86D515E92E05B1669D1295E6B.d.E6A269697F9C055479059FB6D0544DEE.e.1029","ELEMENT":"f.8F7B09A86D515E92E05B1669D1295E6B.d.E6A269697F9C055479059FB6D0544DEE.e.1029"}]}
COMMAND: POST /session/80da7dba80ee399917bd5af3446e69aa/element/f.8F7B09A86D515E92E05B1669D1295E6B.d.E6A269697F9C055479059FB6D0544DEE.e.1029/click - {}
COMMAND: GET /session/80da7dba80ee399917bd5af3446e69aa/screenshot - {}
RESULT: {}
RESULT: {}
COMMAND: GET /session/80da7dba80ee399917bd5af3446e69aa/screenshot - {}
COMMAND: POST /session/80da7dba80ee399917bd5af3446e69aa/execute/async - {"script":"<script> [1562 bytes]","args":[{"selector":{"id":"application-managepartners-display-component---NewPartner--addressDetailDetailsName1","interaction":{"idSuffix":"inner"}},"wdio_ui5_key":"applicationmanagepartners-display-component---NewPartner--addressDetailDetailsName1"}]}
RESULT: {}
RESULT: {}
RESULT: {"script":"<script> [1562 bytes]","args":[{"selector":{"id":"application-managepartners-display-component---NewPartner--addressDetailDetailsName1","interaction":{"idSuffix":"inner"}},"wdio_ui5_key":"applicationmanagepartners-display-component---NewPartner--addressDetailDetailsName1"}]}
RESULT: undefined
COMMAND: POST /session/80da7dba80ee399917bd5af3446e69aa/execute/async - {"script":"<script> [776 bytes]","args":[{"enterText":"External Partner WDIO","selector":{"id":"application-managepartners-display-component---NewPartner--addressDetailDetailsName1","interaction":{"idSuffix":"inner"}},"clearTextFirst":true,"interactionType":"ENTER_TEXT"}]}
RESULT: {"script":"<script> [776 bytes]","args":[{"enterText":"External Partner WDIO","selector":{"id":"application-managepartners-display-component---NewPartner--addressDetailDetailsName1","interaction":{"idSuffix":"inner"}},"clearTextFirst":true,"interactionType":"ENTER_TEXT"}]}
COMMAND: POST /session/80da7dba80ee399917bd5af3446e69aa/execute/async - {"script":"<script> [1562 bytes]","args":[{"selector":{"id":"application-managepartners-display-component---NewPartner--addressDetailDetailsLanguage-arrow"},"wdio_ui5_key":"applicationmanagepartners-display-component---NewPartner--addressDetailDetailsLanguage-arrow"}]}
RESULT: {"script":"<script> [1562 bytes]","args":[{"selector":{"id":"application-managepartners-display-component---NewPartner--addressDetailDetailsLanguage-arrow"},"wdio_ui5_key":"applicationmanagepartners-display-component---NewPartner--addressDetailDetailsLanguage-arrow"}]}
RESULT: undefined
COMMAND: POST /session/80da7dba80ee399917bd5af3446e69aa/element - {"using":"xpath","value":"//*[@id=\"application-managepartners-display-component---NewPartner--addressDetailDetailsLanguage-arrow\"]"}
RESULT: {"using":"xpath","value":"//*[@id=\"application-managepartners-display-component---NewPartner--addressDetailDetailsLanguage-arrow\"]"}
COMMAND: POST /session/80da7dba80ee399917bd5af3446e69aa/element/f.8F7B09A86D515E92E05B1669D1295E6B.d.E6A269697F9C055479059FB6D0544DEE.e.1459/click - {}
RESULT: {}
COMMAND: POST /session/80da7dba80ee399917bd5af3446e69aa/element - {"using":"xpath","value":"//span[contains(text(), \"English\")]"}
COMMAND: GET /session/80da7dba80ee399917bd5af3446e69aa/screenshot - {}
RESULT: {"using":"xpath","value":"//span[contains(text(), \"English\")]"}
COMMAND: POST /session/80da7dba80ee399917bd5af3446e69aa/element/f.8F7B09A86D515E92E05B1669D1295E6B.d.E6A269697F9C055479059FB6D0544DEE.e.1460/click - {}
RESULT: {}
RESULT: {}
COMMAND: GET /session/80da7dba80ee399917bd5af3446e69aa/screenshot - {}
RESULT: {}
COMMAND: POST /session/80da7dba80ee399917bd5af3446e69aa/execute/async - {"script":"<script> [1562 bytes]","args":[{"selector":{"id":"application-managepartners-display-component---NewPartner--addressDetailDetailsCity1","interaction":{"idSuffix":"inner"}},"wdio_ui5_key":"applicationmanagepartners-display-component---NewPartner--addressDetailDetailsCity1"}]}
RESULT: {"script":"<script> [1562 bytes]","args":[{"selector":{"id":"application-managepartners-display-component---NewPartner--addressDetailDetailsCity1","interaction":{"idSuffix":"inner"}},"wdio_ui5_key":"applicationmanagepartners-display-component---NewPartner--addressDetailDetailsCity1"}]}
RESULT: undefined
COMMAND: POST /session/80da7dba80ee399917bd5af3446e69aa/execute/async - {"script":"<script> [776 bytes]","args":[{"enterText":"Rosario","selector":{"id":"application-managepartners-display-component---NewPartner--addressDetailDetailsCity1","interaction":{"idSuffix":"inner"}},"clearTextFirst":true,"interactionType":"ENTER_TEXT"}]}
RESULT: {"script":"<script> [776 bytes]","args":[{"enterText":"Rosario","selector":{"id":"application-managepartners-display-component---NewPartner--addressDetailDetailsCity1","interaction":{"idSuffix":"inner"}},"clearTextFirst":true,"interactionType":"ENTER_TEXT"}]}
COMMAND: POST /session/80da7dba80ee399917bd5af3446e69aa/execute/async - {"script":"<script> [1562 bytes]","args":[{"selector":{"id":"application-managepartners-display-component---NewPartner--addressDetailDetailsCountry-arrow"},"wdio_ui5_key":"applicationmanagepartners-display-component---NewPartner--addressDetailDetailsCountry-arrow"}]}
RESULT: {"script":"<script> [1562 bytes]","args":[{"selector":{"id":"application-managepartners-display-component---NewPartner--addressDetailDetailsCountry-arrow"},"wdio_ui5_key":"applicationmanagepartners-display-component---NewPartner--addressDetailDetailsCountry-arrow"}]}
RESULT: undefined
COMMAND: POST /session/80da7dba80ee399917bd5af3446e69aa/element - {"using":"xpath","value":"//*[@id=\"application-managepartners-display-component---NewPartner--addressDetailDetailsCountry-arrow\"]"}
RESULT: {"using":"xpath","value":"//*[@id=\"application-managepartners-display-component---NewPartner--addressDetailDetailsCountry-arrow\"]"}
COMMAND: POST /session/80da7dba80ee399917bd5af3446e69aa/element/f.8F7B09A86D515E92E05B1669D1295E6B.d.E6A269697F9C055479059FB6D0544DEE.e.1445/click - {}
RESULT: {}
COMMAND: POST /session/80da7dba80ee399917bd5af3446e69aa/element - {"using":"xpath","value":"//span[contains(text(), \"Argentina\")]"}
COMMAND: GET /session/80da7dba80ee399917bd5af3446e69aa/screenshot - {}
RESULT: {"using":"xpath","value":"//span[contains(text(), \"Argentina\")]"}
COMMAND: POST /session/80da7dba80ee399917bd5af3446e69aa/element/f.8F7B09A86D515E92E05B1669D1295E6B.d.E6A269697F9C055479059FB6D0544DEE.e.1462/click - {}
RESULT: {}
RESULT: {}
COMMAND: GET /session/80da7dba80ee399917bd5af3446e69aa/screenshot - {}
RESULT: {}
COMMAND: POST /session/80da7dba80ee399917bd5af3446e69aa/element - {"using":"xpath","value":"//bdi[contains(text(), \"Commercial\")]"}
RESULT: {"using":"xpath","value":"//bdi[contains(text(), \"Commercial\")]"}
COMMAND: POST /session/80da7dba80ee399917bd5af3446e69aa/element/f.8F7B09A86D515E92E05B1669D1295E6B.d.E6A269697F9C055479059FB6D0544DEE.e.1463/click - {}
RESULT: {}
COMMAND: GET /session/80da7dba80ee399917bd5af3446e69aa/screenshot - {}
RESULT: {}
COMMAND: POST /session/80da7dba80ee399917bd5af3446e69aa/execute/async - {"script":"<script> [1562 bytes]","args":[{"selector":{"id":"application-managepartners-display-component---NewPartner--partnerDetailInternal-arrow"},"wdio_ui5_key":"applicationmanagepartners-display-component---NewPartner--partnerDetailInternal-arrow"}]}
RESULT: {"script":"<script> [1562 bytes]","args":[{"selector":{"id":"application-managepartners-display-component---NewPartner--partnerDetailInternal-arrow"},"wdio_ui5_key":"applicationmanagepartners-display-component---NewPartner--partnerDetailInternal-arrow"}]}
RESULT: undefined
COMMAND: POST /session/80da7dba80ee399917bd5af3446e69aa/element - {"using":"xpath","value":"//*[@id=\"application-managepartners-display-component---NewPartner--partnerDetailInternal-arrow\"]"}
RESULT: {"using":"xpath","value":"//*[@id=\"application-managepartners-display-component---NewPartner--partnerDetailInternal-arrow\"]"}
COMMAND: POST /session/80da7dba80ee399917bd5af3446e69aa/element/f.8F7B09A86D515E92E05B1669D1295E6B.d.E6A269697F9C055479059FB6D0544DEE.e.1471/click - {}
RESULT: {}
COMMAND: POST /session/80da7dba80ee399917bd5af3446e69aa/element - {"using":"xpath","value":"//span[contains(text(), \"External partner\")]"}
COMMAND: GET /session/80da7dba80ee399917bd5af3446e69aa/screenshot - {}
RESULT: {"using":"xpath","value":"//span[contains(text(), \"External partner\")]"}
COMMAND: POST /session/80da7dba80ee399917bd5af3446e69aa/element/f.8F7B09A86D515E92E05B1669D1295E6B.d.E6A269697F9C055479059FB6D0544DEE.e.1472/click - {}
RESULT: {}
RESULT: {}
COMMAND: POST /session/80da7dba80ee399917bd5af3446e69aa/execute/async - {"script":"<script> [1562 bytes]","args":[{"selector":{"id":"application-managepartners-display-component---NewPartner--partnerDetailsCurrency-arrow"},"wdio_ui5_key":"applicationmanagepartners-display-component---NewPartner--partnerDetailsCurrency-arrow"}]}
COMMAND: GET /session/80da7dba80ee399917bd5af3446e69aa/screenshot - {}
RESULT: {"script":"<script> [1562 bytes]","args":[{"selector":{"id":"application-managepartners-display-component---NewPartner--partnerDetailsCurrency-arrow"},"wdio_ui5_key":"applicationmanagepartners-display-component---NewPartner--partnerDetailsCurrency-arrow"}]}
RESULT: undefined
COMMAND: POST /session/80da7dba80ee399917bd5af3446e69aa/element - {"using":"xpath","value":"//*[@id=\"application-managepartners-display-component---NewPartner--partnerDetailsCurrency-arrow\"]"}
RESULT: {}
RESULT: {"using":"xpath","value":"//*[@id=\"application-managepartners-display-component---NewPartner--partnerDetailsCurrency-arrow\"]"}
COMMAND: POST /session/80da7dba80ee399917bd5af3446e69aa/element/f.8F7B09A86D515E92E05B1669D1295E6B.d.E6A269697F9C055479059FB6D0544DEE.e.1477/click - {}
RESULT: {}
COMMAND: POST /session/80da7dba80ee399917bd5af3446e69aa/element - {"using":"xpath","value":"//span[contains(text(), \"US Dollar\")]"}
COMMAND: GET /session/80da7dba80ee399917bd5af3446e69aa/screenshot - {}
RESULT: {"using":"xpath","value":"//span[contains(text(), \"US Dollar\")]"}
COMMAND: POST /session/80da7dba80ee399917bd5af3446e69aa/element/f.8F7B09A86D515E92E05B1669D1295E6B.d.E6A269697F9C055479059FB6D0544DEE.e.1478/click - {}
RESULT: {}
RESULT: {}
COMMAND: GET /session/80da7dba80ee399917bd5af3446e69aa/screenshot - {}
RESULT: {}
COMMAND: POST /session/80da7dba80ee399917bd5af3446e69aa/element - {"using":"xpath","value":"//input[@id=\"application-managepartners-display-component---NewPartner--companyCodeComboBox-inner\"]"}
RESULT: {"using":"xpath","value":"//input[@id=\"application-managepartners-display-component---NewPartner--companyCodeComboBox-inner\"]"}
COMMAND: POST /session/80da7dba80ee399917bd5af3446e69aa/element/f.8F7B09A86D515E92E05B1669D1295E6B.d.E6A269697F9C055479059FB6D0544DEE.e.1379/clear - {}
RESULT: {}
COMMAND: POST /session/80da7dba80ee399917bd5af3446e69aa/element/f.8F7B09A86D515E92E05B1669D1295E6B.d.E6A269697F9C055479059FB6D0544DEE.e.1379/value - {"text":"C002"}
COMMAND: GET /session/80da7dba80ee399917bd5af3446e69aa/screenshot - {}
RESULT: {"text":"C002"}
COMMAND: GET /session/80da7dba80ee399917bd5af3446e69aa/screenshot - {}
RESULT: {}
RESULT: {}
COMMAND: POST /session/80da7dba80ee399917bd5af3446e69aa/element - {"using":"xpath","value":"//li[.//span[text()= \"C002\"]]"}
RESULT: {"using":"xpath","value":"//li[.//span[text()= \"C002\"]]"}
COMMAND: POST /session/80da7dba80ee399917bd5af3446e69aa/element/f.8F7B09A86D515E92E05B1669D1295E6B.d.E6A269697F9C055479059FB6D0544DEE.e.1482/click - {}
RESULT: {}
COMMAND: GET /session/80da7dba80ee399917bd5af3446e69aa/screenshot - {}
RESULT: {}
COMMAND: POST /session/80da7dba80ee399917bd5af3446e69aa/execute/async - {"script":"<script> [1562 bytes]","args":[{"selector":{"controlType":"sap.ui.core.Icon","viewName":"etm.portal.ui.managepartners.view.NewPartner","viewId":"application-managepartners-display-component---NewPartner","properties":{"src":{"regex":{"source":"slim\\-arrow\\-down"}}},"ancestor":{"controlType":"sap.m.ComboBox","viewName":"etm.portal.ui.managepartners.view.NewPartner","viewId":"application-managepartners-display-component---NewPartner","bindingPath":{"path":"","propertyPath":"/CATALOG","modelName":"oNewPartnerModel"}}},"wdio_ui5_key":"etmportal.ui.managepartners.view.NewPartnersap.ui.core.Icon{\"src\":{\"regex\":{\"source\":\"slim\\\\-arrow\\\\-down\"}}}{\"controlType\":\"sap.m.ComboBox\",\"viewName\":\"etm.portal.ui.managepartners.view.NewPartner\",\"viewId\":\"application-managepartners-display-component---NewPartner\",\"bindingPath\":{\"path\":\"\",\"propertyPath\":\"/CATALOG\",\"modelName\":\"oNewPartnerModel\"}}"}]}
RESULT: {"script":"<script> [1562 bytes]","args":[{"selector":{"controlType":"sap.ui.core.Icon","viewName":"etm.portal.ui.managepartners.view.NewPartner","viewId":"application-managepartners-display-component---NewPartner","properties":{"src":{"regex":{"source":"slim\\-arrow\\-down"}}},"ancestor":{"controlType":"sap.m.ComboBox","viewName":"etm.portal.ui.managepartners.view.NewPartner","viewId":"application-managepartners-display-component---NewPartner","bindingPath":{"path":"","propertyPath":"/CATALOG","modelName":"oNewPartnerModel"}}},"wdio_ui5_key":"etmportal.ui.managepartners.view.NewPartnersap.ui.core.Icon{\"src\":{\"regex\":{\"source\":\"slim\\\\-arrow\\\\-down\"}}}{\"controlType\":\"sap.m.ComboBox\",\"viewName\":\"etm.portal.ui.managepartners.view.NewPartner\",\"viewId\":\"application-managepartners-display-component---NewPartner\",\"bindingPath\":{\"path\":\"\",\"propertyPath\":\"/CATALOG\",\"modelName\":\"oNewPartnerModel\"}}"}]}
RESULT: undefined
COMMAND: POST /session/80da7dba80ee399917bd5af3446e69aa/element - {"using":"xpath","value":"//*[@id=\"__box22-arrow\"]"}
RESULT: {"using":"xpath","value":"//*[@id=\"__box22-arrow\"]"}
COMMAND: POST /session/80da7dba80ee399917bd5af3446e69aa/element/f.8F7B09A86D515E92E05B1669D1295E6B.d.E6A269697F9C055479059FB6D0544DEE.e.1446/click - {}
RESULT: {}
COMMAND: GET /session/80da7dba80ee399917bd5af3446e69aa/screenshot - {}
RESULT: {}
COMMAND: POST /session/80da7dba80ee399917bd5af3446e69aa/element - {"using":"xpath","value":"//ul[contains(@id,\"popup-list-listUl\")]//li[.//span[text()= \"Webshop Catalog\"]]"}
RESULT: {"using":"xpath","value":"//ul[contains(@id,\"popup-list-listUl\")]//li[.//span[text()= \"Webshop Catalog\"]]"}
COMMAND: POST /session/80da7dba80ee399917bd5af3446e69aa/element/f.8F7B09A86D515E92E05B1669D1295E6B.d.E6A269697F9C055479059FB6D0544DEE.e.1484/click - {}
RESULT: {}
COMMAND: GET /session/80da7dba80ee399917bd5af3446e69aa/screenshot - {}
RESULT: {}
COMMAND: POST /session/80da7dba80ee399917bd5af3446e69aa/execute/async - {"script":"<script> [1562 bytes]","args":[{"selector":{"id":"application-managepartners-display-component---NewPartner--btnAddTableRow-img"},"wdio_ui5_key":"applicationmanagepartners-display-component---NewPartner--btnAddTableRow-img"}]}
RESULT: {"script":"<script> [1562 bytes]","args":[{"selector":{"id":"application-managepartners-display-component---NewPartner--btnAddTableRow-img"},"wdio_ui5_key":"applicationmanagepartners-display-component---NewPartner--btnAddTableRow-img"}]}
RESULT: undefined
COMMAND: POST /session/80da7dba80ee399917bd5af3446e69aa/element - {"using":"xpath","value":"//*[@id=\"application-managepartners-display-component---NewPartner--btnAddTableRow-img\"]"}
RESULT: {"using":"xpath","value":"//*[@id=\"application-managepartners-display-component---NewPartner--btnAddTableRow-img\"]"}
COMMAND: POST /session/80da7dba80ee399917bd5af3446e69aa/element/f.8F7B09A86D515E92E05B1669D1295E6B.d.E6A269697F9C055479059FB6D0544DEE.e.1485/click - {}
RESULT: {}
COMMAND: GET /session/80da7dba80ee399917bd5af3446e69aa/screenshot - {}
RESULT: {}
COMMAND: POST /session/80da7dba80ee399917bd5af3446e69aa/element - {"using":"xpath","value":"//input[@id=\"application-managepartners-display-component---NewPartner--assignmentYard-application-managepartners-display-component---NewPartner--assignmentsTable-0-inner\"]"}
RESULT: {"using":"xpath","value":"//input[@id=\"application-managepartners-display-component---NewPartner--assignmentYard-application-managepartners-display-component---NewPartner--assignmentsTable-0-inner\"]"}
COMMAND: POST /session/80da7dba80ee399917bd5af3446e69aa/element/f.8F7B09A86D515E92E05B1669D1295E6B.d.E6A269697F9C055479059FB6D0544DEE.e.1488/clear - {}
RESULT: {}
COMMAND: POST /session/80da7dba80ee399917bd5af3446e69aa/element/f.8F7B09A86D515E92E05B1669D1295E6B.d.E6A269697F9C055479059FB6D0544DEE.e.1488/value - {"text":"235"}
COMMAND: GET /session/80da7dba80ee399917bd5af3446e69aa/screenshot - {}
RESULT: {"text":"235"}
COMMAND: GET /session/80da7dba80ee399917bd5af3446e69aa/screenshot - {}
RESULT: {}
RESULT: {}
COMMAND: POST /session/80da7dba80ee399917bd5af3446e69aa/element - {"using":"xpath","value":"//ul[contains(@id,\"NewPartner--assignmentsTable-0-popup-list-listUl\")]//li[.//span[text()='235']]"}
RESULT: {"using":"xpath","value":"//ul[contains(@id,\"NewPartner--assignmentsTable-0-popup-list-listUl\")]//li[.//span[text()='235']]"}
COMMAND: POST /session/80da7dba80ee399917bd5af3446e69aa/element/f.8F7B09A86D515E92E05B1669D1295E6B.d.E6A269697F9C055479059FB6D0544DEE.e.1496/click - {}
RESULT: {}
COMMAND: GET /session/80da7dba80ee399917bd5af3446e69aa/screenshot - {}
RESULT: {}
COMMAND: POST /session/80da7dba80ee399917bd5af3446e69aa/actions - {"actions":[{"id":"action2","type":"key","parameters":{},"actions":[{"type":"keyDown","value":""},{"type":"pause","duration":10},{"type":"keyUp","value":""}]}]}
RESULT: {"actions":[{"id":"action2","type":"key","parameters":{},"actions":[{"type":"keyDown","value":""},{"type":"pause","duration":10},{"type":"keyUp","value":""}]}]}
COMMAND: POST /session/80da7dba80ee399917bd5af3446e69aa/element - {"using":"xpath","value":"//td[contains(@id, \"assignmentsTable-0-cell2\")]/div/div"}
COMMAND: GET /session/80da7dba80ee399917bd5af3446e69aa/screenshot - {}
RESULT: {"using":"xpath","value":"//td[contains(@id, \"assignmentsTable-0-cell2\")]/div/div"}
COMMAND: POST /session/80da7dba80ee399917bd5af3446e69aa/element/f.8F7B09A86D515E92E05B1669D1295E6B.d.E6A269697F9C055479059FB6D0544DEE.e.1499/click - {}
RESULT: {}
RESULT: {}
COMMAND: GET /session/80da7dba80ee399917bd5af3446e69aa/screenshot - {}
RESULT: {}
COMMAND: POST /session/80da7dba80ee399917bd5af3446e69aa/element - {"using":"xpath","value":"//button[@data-kt=\"saveButton\"]"}
RESULT: {"using":"xpath","value":"//button[@data-kt=\"saveButton\"]"}
COMMAND: POST /session/80da7dba80ee399917bd5af3446e69aa/element/f.8F7B09A86D515E92E05B1669D1295E6B.d.E6A269697F9C055479059FB6D0544DEE.e.1441/click - {}
RESULT: {}
COMMAND: GET /session/80da7dba80ee399917bd5af3446e69aa/screenshot - {}
RESULT: {}
COMMAND: POST /session/80da7dba80ee399917bd5af3446e69aa/element - {"using":"xpath","value":"//header[contains(@id, 'ObjectPageLayout-headerTitle')]/div[1]/div[2]/div[2]/span[1]"}
RESULT: {"using":"xpath","value":"//header[contains(@id, 'ObjectPageLayout-headerTitle')]/div[1]/div[2]/div[2]/span[1]"}
COMMAND: POST /session/80da7dba80ee399917bd5af3446e69aa/elements - {"using":"xpath","value":"//header[contains(@id, 'ObjectPageLayout-headerTitle')]/div[1]/div[2]/div[2]/span[1]"}
RESULT: {"using":"xpath","value":"//header[contains(@id, 'ObjectPageLayout-headerTitle')]/div[1]/div[2]/div[2]/span[1]"}
COMMAND: POST /session/80da7dba80ee399917bd5af3446e69aa/execute/sync - {"script":"<script> [56 bytes]","args":[{"element-6066-11e4-a52e-4f735466cecf":"f.8F7B09A86D515E92E05B1669D1295E6B.d.E6A269697F9C055479059FB6D0544DEE.e.1650","ELEMENT":"f.8F7B09A86D515E92E05B1669D1295E6B.d.E6A269697F9C055479059FB6D0544DEE.e.1650"}]}
RESULT: {"script":"<script> [56 bytes]","args":[{"element-6066-11e4-a52e-4f735466cecf":"f.8F7B09A86D515E92E05B1669D1295E6B.d.E6A269697F9C055479059FB6D0544DEE.e.1650","ELEMENT":"f.8F7B09A86D515E92E05B1669D1295E6B.d.E6A269697F9C055479059FB6D0544DEE.e.1650"}]}
COMMAND: POST /session/80da7dba80ee399917bd5af3446e69aa/element - {"using":"css selector","value":"#shell-header-logo"}
COMMAND: GET /session/80da7dba80ee399917bd5af3446e69aa/screenshot - {}
RESULT: {"using":"css selector","value":"#shell-header-logo"}
COMMAND: POST /session/80da7dba80ee399917bd5af3446e69aa/element/f.8F7B09A86D515E92E05B1669D1295E6B.d.E6A269697F9C055479059FB6D0544DEE.e.995/click - {}
RESULT: {}
RESULT: {}
COMMAND: GET /session/80da7dba80ee399917bd5af3446e69aa/screenshot - {}
RESULT: {}
COMMAND: POST /session/80da7dba80ee399917bd5af3446e69aa/execute/sync - {"script":"<script> [299 bytes]","args":[["getModel","getResource"]]}
RESULT: {"script":"<script> [299 bytes]","args":[["getModel","getResource"]]}
]]></system-out>
    </testcase>
    <testcase classname="chrome.137_0_7151_69.windows.Create_masterdata_for_Yard_Overview_-_trigger_provide_US130988" name="Should create a new site" time="111.518">
      <system-out><![CDATA[
COMMAND: POST /session/80da7dba80ee399917bd5af3446e69aa/execute/async - {"script":"<script> [1562 bytes]","args":[{"selector":{"controlType":"sap.m.GenericTile","properties":{"header":"Manage Sites"}},"wdio_ui5_key":"sapm.GenericTile{\"header\":\"Manage Sites\"}"}]}
COMMAND: GET /session/80da7dba80ee399917bd5af3446e69aa/screenshot - {}
RESULT: {"script":"<script> [1562 bytes]","args":[{"selector":{"controlType":"sap.m.GenericTile","properties":{"header":"Manage Sites"}},"wdio_ui5_key":"sapm.GenericTile{\"header\":\"Manage Sites\"}"}]}
RESULT: undefined
COMMAND: POST /session/80da7dba80ee399917bd5af3446e69aa/element - {"using":"xpath","value":"//*[@id=\"__tile41\"]"}
RESULT: {}
RESULT: {"using":"xpath","value":"//*[@id=\"__tile41\"]"}
COMMAND: POST /session/80da7dba80ee399917bd5af3446e69aa/element/f.8F7B09A86D515E92E05B1669D1295E6B.d.E6A269697F9C055479059FB6D0544DEE.e.133/click - {}
RESULT: {}
COMMAND: GET /session/80da7dba80ee399917bd5af3446e69aa/screenshot - {}
RESULT: {}
COMMAND: POST /session/80da7dba80ee399917bd5af3446e69aa/elements - {"using":"xpath","value":"//span[text()='Error']"}
RESULT: {"using":"xpath","value":"//span[text()='Error']"}
COMMAND: POST /session/80da7dba80ee399917bd5af3446e69aa/element - {"using":"xpath","value":"//button[@data-kt=\"addOverflowToolbarButton\"]"}
RESULT: {"using":"xpath","value":"//button[@data-kt=\"addOverflowToolbarButton\"]"}
COMMAND: POST /session/80da7dba80ee399917bd5af3446e69aa/elements - {"using":"xpath","value":"//button[@data-kt=\"addOverflowToolbarButton\"]"}
RESULT: {"using":"xpath","value":"//button[@data-kt=\"addOverflowToolbarButton\"]"}
COMMAND: POST /session/80da7dba80ee399917bd5af3446e69aa/execute/sync - {"script":"<script> [8489 bytes]","args":[{"element-6066-11e4-a52e-4f735466cecf":"f.8F7B09A86D515E92E05B1669D1295E6B.d.E6A269697F9C055479059FB6D0544DEE.e.1697","ELEMENT":"f.8F7B09A86D515E92E05B1669D1295E6B.d.E6A269697F9C055479059FB6D0544DEE.e.1697"}]}
RESULT: {"script":"<script> [8489 bytes]","args":[{"element-6066-11e4-a52e-4f735466cecf":"f.8F7B09A86D515E92E05B1669D1295E6B.d.E6A269697F9C055479059FB6D0544DEE.e.1697","ELEMENT":"f.8F7B09A86D515E92E05B1669D1295E6B.d.E6A269697F9C055479059FB6D0544DEE.e.1697"}]}
COMMAND: GET /session/80da7dba80ee399917bd5af3446e69aa/element/f.8F7B09A86D515E92E05B1669D1295E6B.d.E6A269697F9C055479059FB6D0544DEE.e.1697/enabled - {}
COMMAND: GET /session/80da7dba80ee399917bd5af3446e69aa/screenshot - {}
RESULT: {}
COMMAND: POST /session/80da7dba80ee399917bd5af3446e69aa/execute/sync - {"script":"<script> [8489 bytes]","args":[{"element-6066-11e4-a52e-4f735466cecf":"f.8F7B09A86D515E92E05B1669D1295E6B.d.E6A269697F9C055479059FB6D0544DEE.e.1697","ELEMENT":"f.8F7B09A86D515E92E05B1669D1295E6B.d.E6A269697F9C055479059FB6D0544DEE.e.1697"}]}
COMMAND: GET /session/80da7dba80ee399917bd5af3446e69aa/screenshot - {}
RESULT: {}
RESULT: {"script":"<script> [8489 bytes]","args":[{"element-6066-11e4-a52e-4f735466cecf":"f.8F7B09A86D515E92E05B1669D1295E6B.d.E6A269697F9C055479059FB6D0544DEE.e.1697","ELEMENT":"f.8F7B09A86D515E92E05B1669D1295E6B.d.E6A269697F9C055479059FB6D0544DEE.e.1697"}]}
COMMAND: POST /session/80da7dba80ee399917bd5af3446e69aa/execute/sync - {"script":"<script> [5351 bytes]","args":[{"element-6066-11e4-a52e-4f735466cecf":"f.8F7B09A86D515E92E05B1669D1295E6B.d.E6A269697F9C055479059FB6D0544DEE.e.1697","ELEMENT":"f.8F7B09A86D515E92E05B1669D1295E6B.d.E6A269697F9C055479059FB6D0544DEE.e.1697"}]}
COMMAND: GET /session/80da7dba80ee399917bd5af3446e69aa/screenshot - {}
RESULT: {}
RESULT: {"script":"<script> [5351 bytes]","args":[{"element-6066-11e4-a52e-4f735466cecf":"f.8F7B09A86D515E92E05B1669D1295E6B.d.E6A269697F9C055479059FB6D0544DEE.e.1697","ELEMENT":"f.8F7B09A86D515E92E05B1669D1295E6B.d.E6A269697F9C055479059FB6D0544DEE.e.1697"}]}
COMMAND: POST /session/80da7dba80ee399917bd5af3446e69aa/element/f.8F7B09A86D515E92E05B1669D1295E6B.d.E6A269697F9C055479059FB6D0544DEE.e.1697/click - {}
COMMAND: GET /session/80da7dba80ee399917bd5af3446e69aa/screenshot - {}
RESULT: {}
RESULT: {}
COMMAND: GET /session/80da7dba80ee399917bd5af3446e69aa/screenshot - {}
COMMAND: POST /session/80da7dba80ee399917bd5af3446e69aa/element - {"using":"xpath","value":"//input[@id=\"application-managesites-display-component---NewSite--siteId-inner\"]"}
RESULT: {}
RESULT: {}
RESULT: {"using":"xpath","value":"//input[@id=\"application-managesites-display-component---NewSite--siteId-inner\"]"}
COMMAND: POST /session/80da7dba80ee399917bd5af3446e69aa/element - {"using":"xpath","value":"//input[@id=\"application-managesites-display-component---NewSite--siteId-inner\"]"}
RESULT: {"using":"xpath","value":"//input[@id=\"application-managesites-display-component---NewSite--siteId-inner\"]"}
COMMAND: POST /session/80da7dba80ee399917bd5af3446e69aa/execute/async - {"script":"<script> [1562 bytes]","args":[{"selector":{"id":"application-managesites-display-component---NewSite--addressDetailDetailsName1","interaction":{"idSuffix":"inner"}},"wdio_ui5_key":"applicationmanagesites-display-component---NewSite--addressDetailDetailsName1"}]}
RESULT: {"script":"<script> [1562 bytes]","args":[{"selector":{"id":"application-managesites-display-component---NewSite--addressDetailDetailsName1","interaction":{"idSuffix":"inner"}},"wdio_ui5_key":"applicationmanagesites-display-component---NewSite--addressDetailDetailsName1"}]}
RESULT: undefined
COMMAND: POST /session/80da7dba80ee399917bd5af3446e69aa/execute/async - {"script":"<script> [776 bytes]","args":[{"enterText":"Other Type Site WDIO","selector":{"id":"application-managesites-display-component---NewSite--addressDetailDetailsName1","interaction":{"idSuffix":"inner"}},"clearTextFirst":true,"interactionType":"ENTER_TEXT"}]}
RESULT: {"script":"<script> [776 bytes]","args":[{"enterText":"Other Type Site WDIO","selector":{"id":"application-managesites-display-component---NewSite--addressDetailDetailsName1","interaction":{"idSuffix":"inner"}},"clearTextFirst":true,"interactionType":"ENTER_TEXT"}]}
COMMAND: POST /session/80da7dba80ee399917bd5af3446e69aa/execute/async - {"script":"<script> [1562 bytes]","args":[{"selector":{"id":"application-managesites-display-component---NewSite--addressDetailDetailsLanguage-arrow"},"wdio_ui5_key":"applicationmanagesites-display-component---NewSite--addressDetailDetailsLanguage-arrow"}]}
RESULT: {"script":"<script> [1562 bytes]","args":[{"selector":{"id":"application-managesites-display-component---NewSite--addressDetailDetailsLanguage-arrow"},"wdio_ui5_key":"applicationmanagesites-display-component---NewSite--addressDetailDetailsLanguage-arrow"}]}
RESULT: undefined
COMMAND: POST /session/80da7dba80ee399917bd5af3446e69aa/element - {"using":"xpath","value":"//*[@id=\"application-managesites-display-component---NewSite--addressDetailDetailsLanguage-arrow\"]"}
RESULT: {"using":"xpath","value":"//*[@id=\"application-managesites-display-component---NewSite--addressDetailDetailsLanguage-arrow\"]"}
COMMAND: POST /session/80da7dba80ee399917bd5af3446e69aa/element/f.8F7B09A86D515E92E05B1669D1295E6B.d.E6A269697F9C055479059FB6D0544DEE.e.2302/click - {}
RESULT: {}
COMMAND: POST /session/80da7dba80ee399917bd5af3446e69aa/element - {"using":"xpath","value":"//span[contains(text(), \"English\")]"}
COMMAND: GET /session/80da7dba80ee399917bd5af3446e69aa/screenshot - {}
RESULT: {"using":"xpath","value":"//span[contains(text(), \"English\")]"}
COMMAND: POST /session/80da7dba80ee399917bd5af3446e69aa/element/f.8F7B09A86D515E92E05B1669D1295E6B.d.E6A269697F9C055479059FB6D0544DEE.e.2303/click - {}
RESULT: {}
RESULT: {}
COMMAND: POST /session/80da7dba80ee399917bd5af3446e69aa/execute/async - {"script":"<script> [1562 bytes]","args":[{"selector":{"id":"application-managesites-display-component---NewSite--addressDetailDetailsCity1","interaction":{"idSuffix":"inner"}},"wdio_ui5_key":"applicationmanagesites-display-component---NewSite--addressDetailDetailsCity1"}]}
COMMAND: GET /session/80da7dba80ee399917bd5af3446e69aa/screenshot - {}
RESULT: {"script":"<script> [1562 bytes]","args":[{"selector":{"id":"application-managesites-display-component---NewSite--addressDetailDetailsCity1","interaction":{"idSuffix":"inner"}},"wdio_ui5_key":"applicationmanagesites-display-component---NewSite--addressDetailDetailsCity1"}]}
RESULT: undefined
COMMAND: POST /session/80da7dba80ee399917bd5af3446e69aa/execute/async - {"script":"<script> [776 bytes]","args":[{"enterText":"Rosario","selector":{"id":"application-managesites-display-component---NewSite--addressDetailDetailsCity1","interaction":{"idSuffix":"inner"}},"clearTextFirst":true,"interactionType":"ENTER_TEXT"}]}
RESULT: {}
RESULT: {"script":"<script> [776 bytes]","args":[{"enterText":"Rosario","selector":{"id":"application-managesites-display-component---NewSite--addressDetailDetailsCity1","interaction":{"idSuffix":"inner"}},"clearTextFirst":true,"interactionType":"ENTER_TEXT"}]}
COMMAND: POST /session/80da7dba80ee399917bd5af3446e69aa/execute/async - {"script":"<script> [1562 bytes]","args":[{"selector":{"id":"application-managesites-display-component---NewSite--addressDetailDetailsCountry-arrow"},"wdio_ui5_key":"applicationmanagesites-display-component---NewSite--addressDetailDetailsCountry-arrow"}]}
RESULT: {"script":"<script> [1562 bytes]","args":[{"selector":{"id":"application-managesites-display-component---NewSite--addressDetailDetailsCountry-arrow"},"wdio_ui5_key":"applicationmanagesites-display-component---NewSite--addressDetailDetailsCountry-arrow"}]}
RESULT: undefined
COMMAND: POST /session/80da7dba80ee399917bd5af3446e69aa/element - {"using":"xpath","value":"//*[@id=\"application-managesites-display-component---NewSite--addressDetailDetailsCountry-arrow\"]"}
RESULT: {"using":"xpath","value":"//*[@id=\"application-managesites-display-component---NewSite--addressDetailDetailsCountry-arrow\"]"}
COMMAND: POST /session/80da7dba80ee399917bd5af3446e69aa/element/f.8F7B09A86D515E92E05B1669D1295E6B.d.E6A269697F9C055479059FB6D0544DEE.e.2305/click - {}
RESULT: {}
COMMAND: POST /session/80da7dba80ee399917bd5af3446e69aa/element - {"using":"xpath","value":"//span[contains(text(), \"Argentina\")]"}
COMMAND: GET /session/80da7dba80ee399917bd5af3446e69aa/screenshot - {}
RESULT: {"using":"xpath","value":"//span[contains(text(), \"Argentina\")]"}
COMMAND: POST /session/80da7dba80ee399917bd5af3446e69aa/element/f.8F7B09A86D515E92E05B1669D1295E6B.d.E6A269697F9C055479059FB6D0544DEE.e.2306/click - {}
RESULT: {}
RESULT: {}
COMMAND: GET /session/80da7dba80ee399917bd5af3446e69aa/screenshot - {}
RESULT: {}
COMMAND: POST /session/80da7dba80ee399917bd5af3446e69aa/execute/async - {"script":"<script> [1562 bytes]","args":[{"selector":{"id":"application-managesites-display-component---NewSite--addressEditDetailsCostObjectCstType-arrow"},"wdio_ui5_key":"applicationmanagesites-display-component---NewSite--addressEditDetailsCostObjectCstType-arrow"}]}
RESULT: {"script":"<script> [1562 bytes]","args":[{"selector":{"id":"application-managesites-display-component---NewSite--addressEditDetailsCostObjectCstType-arrow"},"wdio_ui5_key":"applicationmanagesites-display-component---NewSite--addressEditDetailsCostObjectCstType-arrow"}]}
RESULT: undefined
COMMAND: POST /session/80da7dba80ee399917bd5af3446e69aa/element - {"using":"xpath","value":"//*[@id=\"application-managesites-display-component---NewSite--addressEditDetailsCostObjectCstType-arrow\"]"}
RESULT: {"using":"xpath","value":"//*[@id=\"application-managesites-display-component---NewSite--addressEditDetailsCostObjectCstType-arrow\"]"}
COMMAND: POST /session/80da7dba80ee399917bd5af3446e69aa/element/f.8F7B09A86D515E92E05B1669D1295E6B.d.E6A269697F9C055479059FB6D0544DEE.e.2308/click - {}
RESULT: {}
COMMAND: POST /session/80da7dba80ee399917bd5af3446e69aa/element - {"using":"xpath","value":"//span[contains(text(), \"Cost Center\")]"}
COMMAND: GET /session/80da7dba80ee399917bd5af3446e69aa/screenshot - {}
RESULT: {"using":"xpath","value":"//span[contains(text(), \"Cost Center\")]"}
COMMAND: POST /session/80da7dba80ee399917bd5af3446e69aa/element/f.8F7B09A86D515E92E05B1669D1295E6B.d.E6A269697F9C055479059FB6D0544DEE.e.2309/click - {}
RESULT: {}
RESULT: {}
COMMAND: GET /session/80da7dba80ee399917bd5af3446e69aa/screenshot - {}
RESULT: {}
COMMAND: POST /session/80da7dba80ee399917bd5af3446e69aa/element - {"using":"xpath","value":"//span[@id=\"application-managesites-display-component---NewSite--addressNewCostObjectCstID-vhi\"]"}
RESULT: {"using":"xpath","value":"//span[@id=\"application-managesites-display-component---NewSite--addressNewCostObjectCstID-vhi\"]"}
COMMAND: POST /session/80da7dba80ee399917bd5af3446e69aa/execute/sync - {"script":"<script> [8489 bytes]","args":[{"element-6066-11e4-a52e-4f735466cecf":"f.8F7B09A86D515E92E05B1669D1295E6B.d.E6A269697F9C055479059FB6D0544DEE.e.2314","ELEMENT":"f.8F7B09A86D515E92E05B1669D1295E6B.d.E6A269697F9C055479059FB6D0544DEE.e.2314"}]}
RESULT: {"script":"<script> [8489 bytes]","args":[{"element-6066-11e4-a52e-4f735466cecf":"f.8F7B09A86D515E92E05B1669D1295E6B.d.E6A269697F9C055479059FB6D0544DEE.e.2314","ELEMENT":"f.8F7B09A86D515E92E05B1669D1295E6B.d.E6A269697F9C055479059FB6D0544DEE.e.2314"}]}
COMMAND: POST /session/80da7dba80ee399917bd5af3446e69aa/execute/async - {"script":"<script> [1562 bytes]","args":[{"selector":{"id":"application-managesites-display-component---NewSite--addressNewCostObjectCstID-vhi"},"wdio_ui5_key":"applicationmanagesites-display-component---NewSite--addressNewCostObjectCstID-vhi"}]}
COMMAND: GET /session/80da7dba80ee399917bd5af3446e69aa/screenshot - {}
RESULT: {"script":"<script> [1562 bytes]","args":[{"selector":{"id":"application-managesites-display-component---NewSite--addressNewCostObjectCstID-vhi"},"wdio_ui5_key":"applicationmanagesites-display-component---NewSite--addressNewCostObjectCstID-vhi"}]}
RESULT: undefined
COMMAND: POST /session/80da7dba80ee399917bd5af3446e69aa/element - {"using":"xpath","value":"//*[@id=\"application-managesites-display-component---NewSite--addressNewCostObjectCstID-vhi\"]"}
RESULT: {}
RESULT: {"using":"xpath","value":"//*[@id=\"application-managesites-display-component---NewSite--addressNewCostObjectCstID-vhi\"]"}
COMMAND: POST /session/80da7dba80ee399917bd5af3446e69aa/element/f.8F7B09A86D515E92E05B1669D1295E6B.d.E6A269697F9C055479059FB6D0544DEE.e.2314/click - {}
RESULT: {}
COMMAND: GET /session/80da7dba80ee399917bd5af3446e69aa/screenshot - {}
RESULT: {}
RESULT: undefined
COMMAND: POST /session/80da7dba80ee399917bd5af3446e69aa/execute/async - {"script":"<script> [776 bytes]","args":[{"enterText":"10001013","selector":{"controlType":"sap.m.SearchField","properties":{"placeholder":"Search"},"searchOpenDialogs":true,"interaction":{"idSuffix":"I"}},"clearTextFirst":true,"interactionType":"ENTER_TEXT"}]}
RESULT: {"script":"<script> [776 bytes]","args":[{"enterText":"10001013","selector":{"controlType":"sap.m.SearchField","properties":{"placeholder":"Search"},"searchOpenDialogs":true,"interaction":{"idSuffix":"I"}},"clearTextFirst":true,"interactionType":"ENTER_TEXT"}]}
COMMAND: POST /session/80da7dba80ee399917bd5af3446e69aa/actions - {"actions":[{"id":"action3","type":"key","parameters":{},"actions":[{"type":"keyDown","value":""},{"type":"pause","duration":10},{"type":"keyUp","value":""}]}]}
RESULT: {"actions":[{"id":"action3","type":"key","parameters":{},"actions":[{"type":"keyDown","value":""},{"type":"pause","duration":10},{"type":"keyUp","value":""}]}]}
COMMAND: GET /session/80da7dba80ee399917bd5af3446e69aa/screenshot - {}
RESULT: {}
COMMAND: POST /session/80da7dba80ee399917bd5af3446e69aa/element - {"using":"xpath","value":"//span[contains(text(), \"General Management\")]"}
RESULT: {"using":"xpath","value":"//span[contains(text(), \"General Management\")]"}
COMMAND: POST /session/80da7dba80ee399917bd5af3446e69aa/element/f.8F7B09A86D515E92E05B1669D1295E6B.d.E6A269697F9C055479059FB6D0544DEE.e.2353/click - {}
RESULT: {}
COMMAND: GET /session/80da7dba80ee399917bd5af3446e69aa/screenshot - {}
RESULT: {}
COMMAND: POST /session/80da7dba80ee399917bd5af3446e69aa/element - {"using":"xpath","value":"//bdi[contains(text(), \"OK\")]"}
RESULT: {"using":"xpath","value":"//bdi[contains(text(), \"OK\")]"}
COMMAND: POST /session/80da7dba80ee399917bd5af3446e69aa/element/f.8F7B09A86D515E92E05B1669D1295E6B.d.E6A269697F9C055479059FB6D0544DEE.e.2354/click - {}
RESULT: {}
COMMAND: GET /session/80da7dba80ee399917bd5af3446e69aa/screenshot - {}
RESULT: {}
COMMAND: POST /session/80da7dba80ee399917bd5af3446e69aa/element - {"using":"xpath","value":"//input[@id=\"application-managesites-display-component---NewSite--addressDetailDetailsCalendar-inner\"]"}
RESULT: {"using":"xpath","value":"//input[@id=\"application-managesites-display-component---NewSite--addressDetailDetailsCalendar-inner\"]"}
COMMAND: POST /session/80da7dba80ee399917bd5af3446e69aa/element/f.8F7B09A86D515E92E05B1669D1295E6B.d.E6A269697F9C055479059FB6D0544DEE.e.2114/clear - {}
RESULT: {}
COMMAND: POST /session/80da7dba80ee399917bd5af3446e69aa/element/f.8F7B09A86D515E92E05B1669D1295E6B.d.E6A269697F9C055479059FB6D0544DEE.e.2114/value - {"text":"Unit"}
COMMAND: GET /session/80da7dba80ee399917bd5af3446e69aa/screenshot - {}
RESULT: {"text":"Unit"}
COMMAND: GET /session/80da7dba80ee399917bd5af3446e69aa/screenshot - {}
RESULT: {}
RESULT: {}
COMMAND: POST /session/80da7dba80ee399917bd5af3446e69aa/actions - {"actions":[{"id":"action4","type":"key","parameters":{},"actions":[{"type":"keyDown","value":""},{"type":"pause","duration":10},{"type":"keyUp","value":""}]}]}
RESULT: {"actions":[{"id":"action4","type":"key","parameters":{},"actions":[{"type":"keyDown","value":""},{"type":"pause","duration":10},{"type":"keyUp","value":""}]}]}
COMMAND: POST /session/80da7dba80ee399917bd5af3446e69aa/element - {"using":"xpath","value":"//input[@id=\"application-managesites-display-component---NewSite--addressDetailDetailsYard-inner\"]"}
COMMAND: GET /session/80da7dba80ee399917bd5af3446e69aa/screenshot - {}
RESULT: {"using":"xpath","value":"//input[@id=\"application-managesites-display-component---NewSite--addressDetailDetailsYard-inner\"]"}
COMMAND: POST /session/80da7dba80ee399917bd5af3446e69aa/element/f.8F7B09A86D515E92E05B1669D1295E6B.d.E6A269697F9C055479059FB6D0544DEE.e.2115/clear - {}
RESULT: {}
RESULT: {}
COMMAND: POST /session/80da7dba80ee399917bd5af3446e69aa/element/f.8F7B09A86D515E92E05B1669D1295E6B.d.E6A269697F9C055479059FB6D0544DEE.e.2115/value - {"text":"235"}
COMMAND: GET /session/80da7dba80ee399917bd5af3446e69aa/screenshot - {}
RESULT: {"text":"235"}
COMMAND: GET /session/80da7dba80ee399917bd5af3446e69aa/screenshot - {}
RESULT: {}
RESULT: {}
COMMAND: POST /session/80da7dba80ee399917bd5af3446e69aa/element - {"using":"xpath","value":"//li[.//span[text()='235']]"}
RESULT: {"using":"xpath","value":"//li[.//span[text()='235']]"}
COMMAND: POST /session/80da7dba80ee399917bd5af3446e69aa/element/f.8F7B09A86D515E92E05B1669D1295E6B.d.E6A269697F9C055479059FB6D0544DEE.e.2362/click - {}
RESULT: {}
COMMAND: GET /session/80da7dba80ee399917bd5af3446e69aa/screenshot - {}
RESULT: {}
COMMAND: POST /session/80da7dba80ee399917bd5af3446e69aa/element - {"using":"xpath","value":"//input[@id=\"application-managesites-display-component---NewSite--addressDetailDetailsPartner-inner\"]"}
RESULT: {"using":"xpath","value":"//input[@id=\"application-managesites-display-component---NewSite--addressDetailDetailsPartner-inner\"]"}
COMMAND: POST /session/80da7dba80ee399917bd5af3446e69aa/element - {"using":"xpath","value":"//input[@id=\"application-managesites-display-component---NewSite--addressDetailDetailsPartner-inner\"]"}
RESULT: {"using":"xpath","value":"//input[@id=\"application-managesites-display-component---NewSite--addressDetailDetailsPartner-inner\"]"}
COMMAND: POST /session/80da7dba80ee399917bd5af3446e69aa/element - {"using":"xpath","value":"//button[@data-kt=\"saveButton\"]"}
RESULT: {"using":"xpath","value":"//button[@data-kt=\"saveButton\"]"}
COMMAND: POST /session/80da7dba80ee399917bd5af3446e69aa/element/f.8F7B09A86D515E92E05B1669D1295E6B.d.E6A269697F9C055479059FB6D0544DEE.e.2287/click - {}
RESULT: {}
COMMAND: GET /session/80da7dba80ee399917bd5af3446e69aa/screenshot - {}
COMMAND: POST /session/80da7dba80ee399917bd5af3446e69aa/element - {"using":"xpath","value":"//header[contains(@id, 'ObjectPageLayout-headerTitle')]/div[1]/div[2]/div[2]/span[1]"}
RESULT: {}
RESULT: {"using":"xpath","value":"//header[contains(@id, 'ObjectPageLayout-headerTitle')]/div[1]/div[2]/div[2]/span[1]"}
COMMAND: POST /session/80da7dba80ee399917bd5af3446e69aa/elements - {"using":"xpath","value":"//header[contains(@id, 'ObjectPageLayout-headerTitle')]/div[1]/div[2]/div[2]/span[1]"}
RESULT: {"using":"xpath","value":"//header[contains(@id, 'ObjectPageLayout-headerTitle')]/div[1]/div[2]/div[2]/span[1]"}
COMMAND: POST /session/80da7dba80ee399917bd5af3446e69aa/execute/sync - {"script":"<script> [56 bytes]","args":[{"element-6066-11e4-a52e-4f735466cecf":"f.8F7B09A86D515E92E05B1669D1295E6B.d.E6A269697F9C055479059FB6D0544DEE.e.2552","ELEMENT":"f.8F7B09A86D515E92E05B1669D1295E6B.d.E6A269697F9C055479059FB6D0544DEE.e.2552"}]}
RESULT: {"script":"<script> [56 bytes]","args":[{"element-6066-11e4-a52e-4f735466cecf":"f.8F7B09A86D515E92E05B1669D1295E6B.d.E6A269697F9C055479059FB6D0544DEE.e.2552","ELEMENT":"f.8F7B09A86D515E92E05B1669D1295E6B.d.E6A269697F9C055479059FB6D0544DEE.e.2552"}]}
COMMAND: POST /session/80da7dba80ee399917bd5af3446e69aa/element - {"using":"css selector","value":"#shell-header-logo"}
COMMAND: GET /session/80da7dba80ee399917bd5af3446e69aa/screenshot - {}
RESULT: {"using":"css selector","value":"#shell-header-logo"}
COMMAND: POST /session/80da7dba80ee399917bd5af3446e69aa/element/f.8F7B09A86D515E92E05B1669D1295E6B.d.E6A269697F9C055479059FB6D0544DEE.e.1655/click - {}
RESULT: {}
RESULT: {}
COMMAND: GET /session/80da7dba80ee399917bd5af3446e69aa/screenshot - {}
RESULT: {}
COMMAND: POST /session/80da7dba80ee399917bd5af3446e69aa/execute/sync - {"script":"<script> [299 bytes]","args":[["getModel","getResource"]]}
RESULT: {"script":"<script> [299 bytes]","args":[["getModel","getResource"]]}
]]></system-out>
    </testcase>
    <testcase classname="chrome.137_0_7151_69.windows.Create_masterdata_for_Yard_Overview_-_trigger_provide_US130988" name="Should create a new material" time="145.431">
      <system-out><![CDATA[
COMMAND: GET /session/80da7dba80ee399917bd5af3446e69aa/screenshot - {}
COMMAND: POST /session/80da7dba80ee399917bd5af3446e69aa/execute/async - {"script":"<script> [1562 bytes]","args":[{"selector":{"controlType":"sap.m.GenericTile","properties":{"header":"Manage Resources"}},"wdio_ui5_key":"sapm.GenericTile{\"header\":\"Manage Resources\"}"}]}
RESULT: {}
RESULT: {"script":"<script> [1562 bytes]","args":[{"selector":{"controlType":"sap.m.GenericTile","properties":{"header":"Manage Resources"}},"wdio_ui5_key":"sapm.GenericTile{\"header\":\"Manage Resources\"}"}]}
RESULT: undefined
COMMAND: POST /session/80da7dba80ee399917bd5af3446e69aa/element - {"using":"xpath","value":"//*[@id=\"__tile40\"]"}
RESULT: {"using":"xpath","value":"//*[@id=\"__tile40\"]"}
COMMAND: POST /session/80da7dba80ee399917bd5af3446e69aa/element/f.8F7B09A86D515E92E05B1669D1295E6B.d.E6A269697F9C055479059FB6D0544DEE.e.130/click - {}
RESULT: {}
COMMAND: GET /session/80da7dba80ee399917bd5af3446e69aa/screenshot - {}
RESULT: {}
COMMAND: POST /session/80da7dba80ee399917bd5af3446e69aa/elements - {"using":"xpath","value":"//span[text()='Error']"}
RESULT: {"using":"xpath","value":"//span[text()='Error']"}
COMMAND: POST /session/80da7dba80ee399917bd5af3446e69aa/element - {"using":"xpath","value":"//button[@data-kt=\"addNewRUOverflowToolbarButton\"]"}
RESULT: {"using":"xpath","value":"//button[@data-kt=\"addNewRUOverflowToolbarButton\"]"}
COMMAND: POST /session/80da7dba80ee399917bd5af3446e69aa/elements - {"using":"xpath","value":"//button[@data-kt=\"addNewRUOverflowToolbarButton\"]"}
RESULT: {"using":"xpath","value":"//button[@data-kt=\"addNewRUOverflowToolbarButton\"]"}
COMMAND: POST /session/80da7dba80ee399917bd5af3446e69aa/elements - {"using":"xpath","value":"//button[@data-kt=\"addNewRUOverflowToolbarButton\"]"}
RESULT: {"using":"xpath","value":"//button[@data-kt=\"addNewRUOverflowToolbarButton\"]"}
COMMAND: POST /session/80da7dba80ee399917bd5af3446e69aa/elements - {"using":"xpath","value":"//button[@data-kt=\"addNewRUOverflowToolbarButton\"]"}
RESULT: {"using":"xpath","value":"//button[@data-kt=\"addNewRUOverflowToolbarButton\"]"}
COMMAND: POST /session/80da7dba80ee399917bd5af3446e69aa/elements - {"using":"xpath","value":"//button[@data-kt=\"addNewRUOverflowToolbarButton\"]"}
RESULT: {"using":"xpath","value":"//button[@data-kt=\"addNewRUOverflowToolbarButton\"]"}
COMMAND: POST /session/80da7dba80ee399917bd5af3446e69aa/elements - {"using":"xpath","value":"//button[@data-kt=\"addNewRUOverflowToolbarButton\"]"}
RESULT: {"using":"xpath","value":"//button[@data-kt=\"addNewRUOverflowToolbarButton\"]"}
COMMAND: POST /session/80da7dba80ee399917bd5af3446e69aa/element - {"using":"xpath","value":"//button[@data-kt=\"addNewRUOverflowToolbarButton\"]"}
RESULT: {"using":"xpath","value":"//button[@data-kt=\"addNewRUOverflowToolbarButton\"]"}
COMMAND: POST /session/80da7dba80ee399917bd5af3446e69aa/execute/sync - {"script":"<script> [8489 bytes]","args":[{"element-6066-11e4-a52e-4f735466cecf":"f.8F7B09A86D515E92E05B1669D1295E6B.d.E6A269697F9C055479059FB6D0544DEE.e.2596","ELEMENT":"f.8F7B09A86D515E92E05B1669D1295E6B.d.E6A269697F9C055479059FB6D0544DEE.e.2596"}]}
RESULT: {"script":"<script> [8489 bytes]","args":[{"element-6066-11e4-a52e-4f735466cecf":"f.8F7B09A86D515E92E05B1669D1295E6B.d.E6A269697F9C055479059FB6D0544DEE.e.2596","ELEMENT":"f.8F7B09A86D515E92E05B1669D1295E6B.d.E6A269697F9C055479059FB6D0544DEE.e.2596"}]}
COMMAND: GET /session/80da7dba80ee399917bd5af3446e69aa/element/f.8F7B09A86D515E92E05B1669D1295E6B.d.E6A269697F9C055479059FB6D0544DEE.e.2596/enabled - {}
COMMAND: GET /session/80da7dba80ee399917bd5af3446e69aa/screenshot - {}
RESULT: {}
COMMAND: POST /session/80da7dba80ee399917bd5af3446e69aa/execute/sync - {"script":"<script> [8489 bytes]","args":[{"element-6066-11e4-a52e-4f735466cecf":"f.8F7B09A86D515E92E05B1669D1295E6B.d.E6A269697F9C055479059FB6D0544DEE.e.2596","ELEMENT":"f.8F7B09A86D515E92E05B1669D1295E6B.d.E6A269697F9C055479059FB6D0544DEE.e.2596"}]}
COMMAND: GET /session/80da7dba80ee399917bd5af3446e69aa/screenshot - {}
RESULT: {}
RESULT: {"script":"<script> [8489 bytes]","args":[{"element-6066-11e4-a52e-4f735466cecf":"f.8F7B09A86D515E92E05B1669D1295E6B.d.E6A269697F9C055479059FB6D0544DEE.e.2596","ELEMENT":"f.8F7B09A86D515E92E05B1669D1295E6B.d.E6A269697F9C055479059FB6D0544DEE.e.2596"}]}
COMMAND: POST /session/80da7dba80ee399917bd5af3446e69aa/execute/sync - {"script":"<script> [5351 bytes]","args":[{"element-6066-11e4-a52e-4f735466cecf":"f.8F7B09A86D515E92E05B1669D1295E6B.d.E6A269697F9C055479059FB6D0544DEE.e.2596","ELEMENT":"f.8F7B09A86D515E92E05B1669D1295E6B.d.E6A269697F9C055479059FB6D0544DEE.e.2596"}]}
COMMAND: GET /session/80da7dba80ee399917bd5af3446e69aa/screenshot - {}
RESULT: {}
RESULT: {"script":"<script> [5351 bytes]","args":[{"element-6066-11e4-a52e-4f735466cecf":"f.8F7B09A86D515E92E05B1669D1295E6B.d.E6A269697F9C055479059FB6D0544DEE.e.2596","ELEMENT":"f.8F7B09A86D515E92E05B1669D1295E6B.d.E6A269697F9C055479059FB6D0544DEE.e.2596"}]}
COMMAND: POST /session/80da7dba80ee399917bd5af3446e69aa/element/f.8F7B09A86D515E92E05B1669D1295E6B.d.E6A269697F9C055479059FB6D0544DEE.e.2596/click - {}
COMMAND: GET /session/80da7dba80ee399917bd5af3446e69aa/screenshot - {}
RESULT: {}
RESULT: {}
COMMAND: GET /session/80da7dba80ee399917bd5af3446e69aa/screenshot - {}
RESULT: {}
COMMAND: POST /session/80da7dba80ee399917bd5af3446e69aa/execute/async - {"script":"<script> [1562 bytes]","args":[{"selector":{"id":"application-manageresources-display-component---newResourceUnit--TYPE-arrow"},"wdio_ui5_key":"applicationmanageresources-display-component---newResourceUnit--TYPE-arrow"}]}
RESULT: {}
RESULT: {"script":"<script> [1562 bytes]","args":[{"selector":{"id":"application-manageresources-display-component---newResourceUnit--TYPE-arrow"},"wdio_ui5_key":"applicationmanageresources-display-component---newResourceUnit--TYPE-arrow"}]}
RESULT: undefined
COMMAND: POST /session/80da7dba80ee399917bd5af3446e69aa/element - {"using":"xpath","value":"//*[@id=\"application-manageresources-display-component---newResourceUnit--TYPE-arrow\"]"}
RESULT: {"using":"xpath","value":"//*[@id=\"application-manageresources-display-component---newResourceUnit--TYPE-arrow\"]"}
COMMAND: POST /session/80da7dba80ee399917bd5af3446e69aa/element/f.8F7B09A86D515E92E05B1669D1295E6B.d.E6A269697F9C055479059FB6D0544DEE.e.2944/click - {}
RESULT: {}
COMMAND: POST /session/80da7dba80ee399917bd5af3446e69aa/element - {"using":"xpath","value":"//input[@id=\"application-manageresources-display-component---newResourceUnit--TYPE-inner\"]"}
COMMAND: GET /session/80da7dba80ee399917bd5af3446e69aa/screenshot - {}
RESULT: {"using":"xpath","value":"//input[@id=\"application-manageresources-display-component---newResourceUnit--TYPE-inner\"]"}
COMMAND: POST /session/80da7dba80ee399917bd5af3446e69aa/element/f.8F7B09A86D515E92E05B1669D1295E6B.d.E6A269697F9C055479059FB6D0544DEE.e.2940/clear - {}
RESULT: {}
RESULT: {}
COMMAND: POST /session/80da7dba80ee399917bd5af3446e69aa/element/f.8F7B09A86D515E92E05B1669D1295E6B.d.E6A269697F9C055479059FB6D0544DEE.e.2940/value - {"text":"Material"}
COMMAND: GET /session/80da7dba80ee399917bd5af3446e69aa/screenshot - {}
RESULT: {"text":"Material"}
COMMAND: GET /session/80da7dba80ee399917bd5af3446e69aa/screenshot - {}
RESULT: {}
RESULT: {}
COMMAND: POST /session/80da7dba80ee399917bd5af3446e69aa/actions - {"actions":[{"id":"action5","type":"key","parameters":{},"actions":[{"type":"keyDown","value":""},{"type":"pause","duration":10},{"type":"keyUp","value":""}]}]}
RESULT: undefined
RESULT: undefined
RESULT: {"actions":[{"id":"action5","type":"key","parameters":{},"actions":[{"type":"keyDown","value":""},{"type":"pause","duration":10},{"type":"keyUp","value":""}]}]}
COMMAND: POST /session/80da7dba80ee399917bd5af3446e69aa/execute/async - {"script":"<script> [1562 bytes]","args":[{"selector":{"id":"application-manageresources-display-component---newResourceUnit--SHORT_TEXT","interaction":{"idSuffix":"inner"}},"wdio_ui5_key":"applicationmanageresources-display-component---newResourceUnit--SHORT_TEXT"}]}
COMMAND: GET /session/80da7dba80ee399917bd5af3446e69aa/screenshot - {}
RESULT: {"script":"<script> [1562 bytes]","args":[{"selector":{"id":"application-manageresources-display-component---newResourceUnit--SHORT_TEXT","interaction":{"idSuffix":"inner"}},"wdio_ui5_key":"applicationmanageresources-display-component---newResourceUnit--SHORT_TEXT"}]}
RESULT: undefined
COMMAND: POST /session/80da7dba80ee399917bd5af3446e69aa/execute/async - {"script":"<script> [776 bytes]","args":[{"enterText":"Cement WDIO","selector":{"id":"application-manageresources-display-component---newResourceUnit--SHORT_TEXT","interaction":{"idSuffix":"inner"}},"clearTextFirst":true,"interactionType":"ENTER_TEXT"}]}
RESULT: {}
RESULT: {"script":"<script> [776 bytes]","args":[{"enterText":"Cement WDIO","selector":{"id":"application-manageresources-display-component---newResourceUnit--SHORT_TEXT","interaction":{"idSuffix":"inner"}},"clearTextFirst":true,"interactionType":"ENTER_TEXT"}]}
COMMAND: POST /session/80da7dba80ee399917bd5af3446e69aa/execute/async - {"script":"<script> [1562 bytes]","args":[{"selector":{"id":"application-manageresources-display-component---newResourceUnit--BASE_UNIT_OF_MEASURE","interaction":{"idSuffix":"inner"}},"wdio_ui5_key":"applicationmanageresources-display-component---newResourceUnit--BASE_UNIT_OF_MEASURE"}]}
RESULT: {"script":"<script> [1562 bytes]","args":[{"selector":{"id":"application-manageresources-display-component---newResourceUnit--BASE_UNIT_OF_MEASURE","interaction":{"idSuffix":"inner"}},"wdio_ui5_key":"applicationmanageresources-display-component---newResourceUnit--BASE_UNIT_OF_MEASURE"}]}
RESULT: undefined
COMMAND: POST /session/80da7dba80ee399917bd5af3446e69aa/execute/async - {"script":"<script> [776 bytes]","args":[{"enterText":"Piece","selector":{"id":"application-manageresources-display-component---newResourceUnit--BASE_UNIT_OF_MEASURE","interaction":{"idSuffix":"inner"}},"clearTextFirst":true,"interactionType":"ENTER_TEXT"}]}
RESULT: {"script":"<script> [776 bytes]","args":[{"enterText":"Piece","selector":{"id":"application-manageresources-display-component---newResourceUnit--BASE_UNIT_OF_MEASURE","interaction":{"idSuffix":"inner"}},"clearTextFirst":true,"interactionType":"ENTER_TEXT"}]}
COMMAND: POST /session/80da7dba80ee399917bd5af3446e69aa/execute/async - {"script":"<script> [1562 bytes]","args":[{"selector":{"id":"application-manageresources-display-component---newResourceUnit--WEIGHT_UNIT","interaction":{"idSuffix":"inner"}},"wdio_ui5_key":"applicationmanageresources-display-component---newResourceUnit--WEIGHT_UNIT"}]}
RESULT: {"script":"<script> [1562 bytes]","args":[{"selector":{"id":"application-manageresources-display-component---newResourceUnit--WEIGHT_UNIT","interaction":{"idSuffix":"inner"}},"wdio_ui5_key":"applicationmanageresources-display-component---newResourceUnit--WEIGHT_UNIT"}]}
RESULT: undefined
COMMAND: POST /session/80da7dba80ee399917bd5af3446e69aa/execute/async - {"script":"<script> [776 bytes]","args":[{"enterText":"Gram","selector":{"id":"application-manageresources-display-component---newResourceUnit--WEIGHT_UNIT","interaction":{"idSuffix":"inner"}},"clearTextFirst":true,"interactionType":"ENTER_TEXT"}]}
RESULT: {"script":"<script> [776 bytes]","args":[{"enterText":"Gram","selector":{"id":"application-manageresources-display-component---newResourceUnit--WEIGHT_UNIT","interaction":{"idSuffix":"inner"}},"clearTextFirst":true,"interactionType":"ENTER_TEXT"}]}
COMMAND: POST /session/80da7dba80ee399917bd5af3446e69aa/execute/async - {"script":"<script> [1562 bytes]","args":[{"selector":{"id":"application-manageresources-display-component---newResourceUnit--DIMENSION_UNIT","interaction":{"idSuffix":"inner"}},"wdio_ui5_key":"applicationmanageresources-display-component---newResourceUnit--DIMENSION_UNIT"}]}
RESULT: {"script":"<script> [1562 bytes]","args":[{"selector":{"id":"application-manageresources-display-component---newResourceUnit--DIMENSION_UNIT","interaction":{"idSuffix":"inner"}},"wdio_ui5_key":"applicationmanageresources-display-component---newResourceUnit--DIMENSION_UNIT"}]}
RESULT: undefined
COMMAND: POST /session/80da7dba80ee399917bd5af3446e69aa/execute/async - {"script":"<script> [776 bytes]","args":[{"enterText":"Meter","selector":{"id":"application-manageresources-display-component---newResourceUnit--DIMENSION_UNIT","interaction":{"idSuffix":"inner"}},"clearTextFirst":true,"interactionType":"ENTER_TEXT"}]}
RESULT: {"script":"<script> [776 bytes]","args":[{"enterText":"Meter","selector":{"id":"application-manageresources-display-component---newResourceUnit--DIMENSION_UNIT","interaction":{"idSuffix":"inner"}},"clearTextFirst":true,"interactionType":"ENTER_TEXT"}]}
COMMAND: POST /session/80da7dba80ee399917bd5af3446e69aa/execute/async - {"script":"<script> [1562 bytes]","args":[{"selector":{"id":"application-manageresources-display-component---newResourceUnit--newRRUPage-anchBar-application-manageresources-display-component---newResourceUnit--control-anchor","interaction":{"idSuffix":"BDI-content"}},"wdio_ui5_key":"applicationmanageresources-display-component---newResourceUnit--newRRUPage-anchBar-application-manageresources-display-component---newResourceUnit--control-anchor"}]}
RESULT: {"script":"<script> [1562 bytes]","args":[{"selector":{"id":"application-manageresources-display-component---newResourceUnit--newRRUPage-anchBar-application-manageresources-display-component---newResourceUnit--control-anchor","interaction":{"idSuffix":"BDI-content"}},"wdio_ui5_key":"applicationmanageresources-display-component---newResourceUnit--newRRUPage-anchBar-application-manageresources-display-component---newResourceUnit--control-anchor"}]}
RESULT: undefined
COMMAND: POST /session/80da7dba80ee399917bd5af3446e69aa/element - {"using":"xpath","value":"//*[@id=\"application-manageresources-display-component---newResourceUnit--newRRUPage-anchBar-application-manageresources-display-component---newResourceUnit--control-anchor\"]"}
RESULT: {"using":"xpath","value":"//*[@id=\"application-manageresources-display-component---newResourceUnit--newRRUPage-anchBar-application-manageresources-display-component---newResourceUnit--control-anchor\"]"}
COMMAND: POST /session/80da7dba80ee399917bd5af3446e69aa/element/f.8F7B09A86D515E92E05B1669D1295E6B.d.E6A269697F9C055479059FB6D0544DEE.e.3077/click - {}
RESULT: {}
COMMAND: POST /session/80da7dba80ee399917bd5af3446e69aa/execute/async - {"script":"<script> [1562 bytes]","args":[{"selector":{"id":"application-manageresources-display-component---newResourceUnit--PLANNING_GROUP","interaction":{"idSuffix":"inner"}},"wdio_ui5_key":"applicationmanageresources-display-component---newResourceUnit--PLANNING_GROUP"}]}
COMMAND: GET /session/80da7dba80ee399917bd5af3446e69aa/screenshot - {}
RESULT: {"script":"<script> [1562 bytes]","args":[{"selector":{"id":"application-manageresources-display-component---newResourceUnit--PLANNING_GROUP","interaction":{"idSuffix":"inner"}},"wdio_ui5_key":"applicationmanageresources-display-component---newResourceUnit--PLANNING_GROUP"}]}
RESULT: undefined
COMMAND: POST /session/80da7dba80ee399917bd5af3446e69aa/execute/async - {"script":"<script> [776 bytes]","args":[{"enterText":"Material","selector":{"id":"application-manageresources-display-component---newResourceUnit--PLANNING_GROUP","interaction":{"idSuffix":"inner"}},"clearTextFirst":true,"interactionType":"ENTER_TEXT"}]}
RESULT: {}
RESULT: {"script":"<script> [776 bytes]","args":[{"enterText":"Material","selector":{"id":"application-manageresources-display-component---newResourceUnit--PLANNING_GROUP","interaction":{"idSuffix":"inner"}},"clearTextFirst":true,"interactionType":"ENTER_TEXT"}]}
COMMAND: POST /session/80da7dba80ee399917bd5af3446e69aa/execute/async - {"script":"<script> [1562 bytes]","args":[{"selector":{"id":"application-manageresources-display-component---newResourceUnit--PLANNING_INDICATOR","interaction":{"idSuffix":"inner"}},"wdio_ui5_key":"applicationmanageresources-display-component---newResourceUnit--PLANNING_INDICATOR"}]}
RESULT: {"script":"<script> [1562 bytes]","args":[{"selector":{"id":"application-manageresources-display-component---newResourceUnit--PLANNING_INDICATOR","interaction":{"idSuffix":"inner"}},"wdio_ui5_key":"applicationmanageresources-display-component---newResourceUnit--PLANNING_INDICATOR"}]}
RESULT: undefined
COMMAND: POST /session/80da7dba80ee399917bd5af3446e69aa/execute/async - {"script":"<script> [776 bytes]","args":[{"enterText":"10 - infinite","selector":{"id":"application-manageresources-display-component---newResourceUnit--PLANNING_INDICATOR","interaction":{"idSuffix":"inner"}},"clearTextFirst":true,"interactionType":"ENTER_TEXT"}]}
RESULT: {"script":"<script> [776 bytes]","args":[{"enterText":"10 - infinite","selector":{"id":"application-manageresources-display-component---newResourceUnit--PLANNING_INDICATOR","interaction":{"idSuffix":"inner"}},"clearTextFirst":true,"interactionType":"ENTER_TEXT"}]}
COMMAND: POST /session/80da7dba80ee399917bd5af3446e69aa/element - {"using":"css selector","value":"#application-manageresources-display-component---newResourceUnit--btnAddTimeSegment"}
RESULT: {"using":"css selector","value":"#application-manageresources-display-component---newResourceUnit--btnAddTimeSegment"}
COMMAND: GET /session/80da7dba80ee399917bd5af3446e69aa/element/f.8F7B09A86D515E92E05B1669D1295E6B.d.E6A269697F9C055479059FB6D0544DEE.e.3087/rect - {}
RESULT: {}
COMMAND: GET /session/80da7dba80ee399917bd5af3446e69aa/window/rect - {}
RESULT: {}
COMMAND: POST /session/80da7dba80ee399917bd5af3446e69aa/execute/sync - {"script":"<script> [92 bytes]","args":[]}
RESULT: {"script":"<script> [92 bytes]","args":[]}
COMMAND: POST /session/80da7dba80ee399917bd5af3446e69aa/actions - {"actions":[{"id":"action6","type":"wheel","parameters":{},"actions":[{"type":"scroll","x":-1888,"y":-32,"deltaX":0,"deltaY":0,"duration":0,"origin":{"element-6066-11e4-a52e-4f735466cecf":"f.8F7B09A86D515E92E05B1669D1295E6B.d.E6A269697F9C055479059FB6D0544DEE.e.3087"}}]}]}
COMMAND: GET /session/80da7dba80ee399917bd5af3446e69aa/screenshot - {}
RESULT: {}
COMMAND: POST /session/80da7dba80ee399917bd5af3446e69aa/execute/sync - {"script":"<script> [79 bytes]","args":[{"element-6066-11e4-a52e-4f735466cecf":"f.8F7B09A86D515E92E05B1669D1295E6B.d.E6A269697F9C055479059FB6D0544DEE.e.3087","ELEMENT":"f.8F7B09A86D515E92E05B1669D1295E6B.d.E6A269697F9C055479059FB6D0544DEE.e.3087"},{"block":"start","inline":"nearest"}]}
RESULT: {"script":"<script> [79 bytes]","args":[{"element-6066-11e4-a52e-4f735466cecf":"f.8F7B09A86D515E92E05B1669D1295E6B.d.E6A269697F9C055479059FB6D0544DEE.e.3087","ELEMENT":"f.8F7B09A86D515E92E05B1669D1295E6B.d.E6A269697F9C055479059FB6D0544DEE.e.3087"},{"block":"start","inline":"nearest"}]}
COMMAND: POST /session/80da7dba80ee399917bd5af3446e69aa/execute/async - {"script":"<script> [1562 bytes]","args":[{"selector":{"id":"application-manageresources-display-component---newResourceUnit--btnAddTimeSegment","interaction":{"idSuffix":"inner"}},"wdio_ui5_key":"applicationmanageresources-display-component---newResourceUnit--btnAddTimeSegment"}]}
COMMAND: GET /session/80da7dba80ee399917bd5af3446e69aa/screenshot - {}
RESULT: {"script":"<script> [1562 bytes]","args":[{"selector":{"id":"application-manageresources-display-component---newResourceUnit--btnAddTimeSegment","interaction":{"idSuffix":"inner"}},"wdio_ui5_key":"applicationmanageresources-display-component---newResourceUnit--btnAddTimeSegment"}]}
RESULT: undefined
COMMAND: POST /session/80da7dba80ee399917bd5af3446e69aa/element - {"using":"xpath","value":"//*[@id=\"application-manageresources-display-component---newResourceUnit--btnAddTimeSegment\"]"}
RESULT: {}
RESULT: {"using":"xpath","value":"//*[@id=\"application-manageresources-display-component---newResourceUnit--btnAddTimeSegment\"]"}
COMMAND: POST /session/80da7dba80ee399917bd5af3446e69aa/element/f.8F7B09A86D515E92E05B1669D1295E6B.d.E6A269697F9C055479059FB6D0544DEE.e.3087/click - {}
RESULT: {}
COMMAND: GET /session/80da7dba80ee399917bd5af3446e69aa/screenshot - {}
RESULT: {}
COMMAND: POST /session/80da7dba80ee399917bd5af3446e69aa/element - {"using":"xpath","value":"//input[@id=\"application-manageresources-display-component---newResourceUnit--idRuTSAdmin-application-manageresources-display-component---newResourceUnit--RUTimeSegment-0-inner\"]"}
RESULT: {"using":"xpath","value":"//input[@id=\"application-manageresources-display-component---newResourceUnit--idRuTSAdmin-application-manageresources-display-component---newResourceUnit--RUTimeSegment-0-inner\"]"}
COMMAND: POST /session/80da7dba80ee399917bd5af3446e69aa/element/f.8F7B09A86D515E92E05B1669D1295E6B.d.E6A269697F9C055479059FB6D0544DEE.e.3092/clear - {}
RESULT: {}
COMMAND: POST /session/80da7dba80ee399917bd5af3446e69aa/element/f.8F7B09A86D515E92E05B1669D1295E6B.d.E6A269697F9C055479059FB6D0544DEE.e.3092/value - {"text":"235"}
COMMAND: GET /session/80da7dba80ee399917bd5af3446e69aa/screenshot - {}
RESULT: {"text":"235"}
COMMAND: GET /session/80da7dba80ee399917bd5af3446e69aa/screenshot - {}
RESULT: {}
RESULT: {}
COMMAND: POST /session/80da7dba80ee399917bd5af3446e69aa/element - {"using":"xpath","value":"//li[.//span[text()='235']]"}
RESULT: {"using":"xpath","value":"//li[.//span[text()='235']]"}
COMMAND: POST /session/80da7dba80ee399917bd5af3446e69aa/element/f.8F7B09A86D515E92E05B1669D1295E6B.d.E6A269697F9C055479059FB6D0544DEE.e.3101/click - {}
RESULT: {}
COMMAND: GET /session/80da7dba80ee399917bd5af3446e69aa/screenshot - {}
RESULT: {}
COMMAND: POST /session/80da7dba80ee399917bd5af3446e69aa/element - {"using":"xpath","value":"(//span[contains(@id, \"-application-manageresources-display-component---newResourceUnit--RUTimeSegment-0-arrow\")])[2]"}
RESULT: {"using":"xpath","value":"(//span[contains(@id, \"-application-manageresources-display-component---newResourceUnit--RUTimeSegment-0-arrow\")])[2]"}
COMMAND: POST /session/80da7dba80ee399917bd5af3446e69aa/element/f.8F7B09A86D515E92E05B1669D1295E6B.d.E6A269697F9C055479059FB6D0544DEE.e.3102/click - {}
RESULT: {}
COMMAND: POST /session/80da7dba80ee399917bd5af3446e69aa/element - {"using":"xpath","value":"//span[contains(text(), \"PM Order\")]"}
COMMAND: GET /session/80da7dba80ee399917bd5af3446e69aa/screenshot - {}
RESULT: {"using":"xpath","value":"//span[contains(text(), \"PM Order\")]"}
COMMAND: POST /session/80da7dba80ee399917bd5af3446e69aa/element/f.8F7B09A86D515E92E05B1669D1295E6B.d.E6A269697F9C055479059FB6D0544DEE.e.3103/click - {}
RESULT: {}
RESULT: {}
COMMAND: GET /session/80da7dba80ee399917bd5af3446e69aa/screenshot - {}
RESULT: {}
COMMAND: POST /session/80da7dba80ee399917bd5af3446e69aa/element - {"using":"xpath","value":"//td/div/div/div/span[contains(@id, \"newResourceUnit--RUTimeSegment-0-vhi\")][1]"}
RESULT: {"using":"xpath","value":"//td/div/div/div/span[contains(@id, \"newResourceUnit--RUTimeSegment-0-vhi\")][1]"}
COMMAND: GET /session/80da7dba80ee399917bd5af3446e69aa/element/f.8F7B09A86D515E92E05B1669D1295E6B.d.E6A269697F9C055479059FB6D0544DEE.e.3107/rect - {}
RESULT: {}
COMMAND: GET /session/80da7dba80ee399917bd5af3446e69aa/window/rect - {}
RESULT: {}
COMMAND: POST /session/80da7dba80ee399917bd5af3446e69aa/execute/sync - {"script":"<script> [92 bytes]","args":[]}
RESULT: {"script":"<script> [92 bytes]","args":[]}
COMMAND: POST /session/80da7dba80ee399917bd5af3446e69aa/actions - {"actions":[{"id":"action7","type":"wheel","parameters":{},"actions":[{"type":"scroll","x":-1888,"y":-24,"deltaX":0,"deltaY":0,"duration":0,"origin":{"element-6066-11e4-a52e-4f735466cecf":"f.8F7B09A86D515E92E05B1669D1295E6B.d.E6A269697F9C055479059FB6D0544DEE.e.3107"}}]}]}
COMMAND: GET /session/80da7dba80ee399917bd5af3446e69aa/screenshot - {}
RESULT: {}
COMMAND: POST /session/80da7dba80ee399917bd5af3446e69aa/execute/sync - {"script":"<script> [79 bytes]","args":[{"element-6066-11e4-a52e-4f735466cecf":"f.8F7B09A86D515E92E05B1669D1295E6B.d.E6A269697F9C055479059FB6D0544DEE.e.3107","ELEMENT":"f.8F7B09A86D515E92E05B1669D1295E6B.d.E6A269697F9C055479059FB6D0544DEE.e.3107"},{"block":"start","inline":"nearest"}]}
RESULT: {"script":"<script> [79 bytes]","args":[{"element-6066-11e4-a52e-4f735466cecf":"f.8F7B09A86D515E92E05B1669D1295E6B.d.E6A269697F9C055479059FB6D0544DEE.e.3107","ELEMENT":"f.8F7B09A86D515E92E05B1669D1295E6B.d.E6A269697F9C055479059FB6D0544DEE.e.3107"},{"block":"start","inline":"nearest"}]}
COMMAND: GET /session/80da7dba80ee399917bd5af3446e69aa/screenshot - {}
RESULT: {}
COMMAND: POST /session/80da7dba80ee399917bd5af3446e69aa/element/f.8F7B09A86D515E92E05B1669D1295E6B.d.E6A269697F9C055479059FB6D0544DEE.e.3107/click - {}
RESULT: {}
COMMAND: GET /session/80da7dba80ee399917bd5af3446e69aa/screenshot - {}
RESULT: {}
RESULT: undefined
COMMAND: POST /session/80da7dba80ee399917bd5af3446e69aa/execute/async - {"script":"<script> [776 bytes]","args":[{"enterText":"4000360","selector":{"controlType":"sap.m.SearchField","properties":{"placeholder":"Search"},"searchOpenDialogs":true,"interaction":{"idSuffix":"I"}},"clearTextFirst":true,"interactionType":"ENTER_TEXT"}]}
RESULT: {"script":"<script> [776 bytes]","args":[{"enterText":"4000360","selector":{"controlType":"sap.m.SearchField","properties":{"placeholder":"Search"},"searchOpenDialogs":true,"interaction":{"idSuffix":"I"}},"clearTextFirst":true,"interactionType":"ENTER_TEXT"}]}
COMMAND: POST /session/80da7dba80ee399917bd5af3446e69aa/actions - {"actions":[{"id":"action8","type":"key","parameters":{},"actions":[{"type":"keyDown","value":""},{"type":"pause","duration":10},{"type":"keyUp","value":""}]}]}
RESULT: {"actions":[{"id":"action8","type":"key","parameters":{},"actions":[{"type":"keyDown","value":""},{"type":"pause","duration":10},{"type":"keyUp","value":""}]}]}
COMMAND: GET /session/80da7dba80ee399917bd5af3446e69aa/screenshot - {}
RESULT: {}
COMMAND: POST /session/80da7dba80ee399917bd5af3446e69aa/element - {"using":"xpath","value":"//td/div/span[contains(text(), \"BGL Vehicles\")]"}
RESULT: {"using":"xpath","value":"//td/div/span[contains(text(), \"BGL Vehicles\")]"}
COMMAND: POST /session/80da7dba80ee399917bd5af3446e69aa/element/f.8F7B09A86D515E92E05B1669D1295E6B.d.E6A269697F9C055479059FB6D0544DEE.e.3127/click - {}
RESULT: {}
COMMAND: GET /session/80da7dba80ee399917bd5af3446e69aa/screenshot - {}
RESULT: {}
COMMAND: POST /session/80da7dba80ee399917bd5af3446e69aa/element - {"using":"xpath","value":"//bdi[contains(text(), \"OK\")]"}
RESULT: {"using":"xpath","value":"//bdi[contains(text(), \"OK\")]"}
COMMAND: POST /session/80da7dba80ee399917bd5af3446e69aa/element/f.8F7B09A86D515E92E05B1669D1295E6B.d.E6A269697F9C055479059FB6D0544DEE.e.3128/click - {}
RESULT: {}
COMMAND: GET /session/80da7dba80ee399917bd5af3446e69aa/screenshot - {}
RESULT: {}
COMMAND: POST /session/80da7dba80ee399917bd5af3446e69aa/element - {"using":"xpath","value":"//label[contains(@class, 'sapMLabelRequired') and .//bdi[contains(text(), 'Planned Retirement')]]"}
RESULT: {"using":"xpath","value":"//label[contains(@class, 'sapMLabelRequired') and .//bdi[contains(text(), 'Planned Retirement')]]"}
COMMAND: POST /session/80da7dba80ee399917bd5af3446e69aa/elements - {"using":"xpath","value":"//label[contains(@class, 'sapMLabelRequired') and .//bdi[contains(text(), 'Planned Retirement')]]"}
RESULT: {"using":"xpath","value":"//label[contains(@class, 'sapMLabelRequired') and .//bdi[contains(text(), 'Planned Retirement')]]"}
COMMAND: POST /session/80da7dba80ee399917bd5af3446e69aa/element - {"using":"xpath","value":"//button[@data-kt=\"resourceUnitSaveButton\"]"}
RESULT: {"using":"xpath","value":"//button[@data-kt=\"resourceUnitSaveButton\"]"}
COMMAND: POST /session/80da7dba80ee399917bd5af3446e69aa/element/f.8F7B09A86D515E92E05B1669D1295E6B.d.E6A269697F9C055479059FB6D0544DEE.e.2962/click - {}
RESULT: {}
COMMAND: GET /session/80da7dba80ee399917bd5af3446e69aa/screenshot - {}
RESULT: {}
COMMAND: POST /session/80da7dba80ee399917bd5af3446e69aa/element - {"using":"xpath","value":"//bdi[contains(text(), \"Close\")]"}
RESULT: {"using":"xpath","value":"//bdi[contains(text(), \"Close\")]"}
COMMAND: POST /session/80da7dba80ee399917bd5af3446e69aa/element/f.8F7B09A86D515E92E05B1669D1295E6B.d.E6A269697F9C055479059FB6D0544DEE.e.3134/click - {}
RESULT: {}
COMMAND: GET /session/80da7dba80ee399917bd5af3446e69aa/screenshot - {}
RESULT: {}
COMMAND: POST /session/80da7dba80ee399917bd5af3446e69aa/element - {"using":"xpath","value":"//header[contains(@id, 'detailRruPage-headerTitle')]/div[1]/div[2]/div[2]/span[1]"}
RESULT: {"using":"xpath","value":"//header[contains(@id, 'detailRruPage-headerTitle')]/div[1]/div[2]/div[2]/span[1]"}
COMMAND: POST /session/80da7dba80ee399917bd5af3446e69aa/elements - {"using":"xpath","value":"//header[contains(@id, 'detailRruPage-headerTitle')]/div[1]/div[2]/div[2]/span[1]"}
RESULT: {"using":"xpath","value":"//header[contains(@id, 'detailRruPage-headerTitle')]/div[1]/div[2]/div[2]/span[1]"}
COMMAND: POST /session/80da7dba80ee399917bd5af3446e69aa/execute/sync - {"script":"<script> [56 bytes]","args":[{"element-6066-11e4-a52e-4f735466cecf":"f.8F7B09A86D515E92E05B1669D1295E6B.d.E6A269697F9C055479059FB6D0544DEE.e.3163","ELEMENT":"f.8F7B09A86D515E92E05B1669D1295E6B.d.E6A269697F9C055479059FB6D0544DEE.e.3163"}]}
RESULT: {"script":"<script> [56 bytes]","args":[{"element-6066-11e4-a52e-4f735466cecf":"f.8F7B09A86D515E92E05B1669D1295E6B.d.E6A269697F9C055479059FB6D0544DEE.e.3163","ELEMENT":"f.8F7B09A86D515E92E05B1669D1295E6B.d.E6A269697F9C055479059FB6D0544DEE.e.3163"}]}
COMMAND: POST /session/80da7dba80ee399917bd5af3446e69aa/element - {"using":"css selector","value":"#shell-header-logo"}
COMMAND: GET /session/80da7dba80ee399917bd5af3446e69aa/screenshot - {}
RESULT: {"using":"css selector","value":"#shell-header-logo"}
COMMAND: POST /session/80da7dba80ee399917bd5af3446e69aa/element/f.8F7B09A86D515E92E05B1669D1295E6B.d.E6A269697F9C055479059FB6D0544DEE.e.2556/click - {}
RESULT: {}
RESULT: {}
COMMAND: GET /session/80da7dba80ee399917bd5af3446e69aa/screenshot - {}
RESULT: {}
]]></system-out>
    </testcase>
    <testcase classname="chrome.137_0_7151_69.windows.Create_masterdata_for_Yard_Overview_-_trigger_provide_US130988" name="Should do a stock increase handover" time="105.74">
      <system-out><![CDATA[
COMMAND: POST /session/80da7dba80ee399917bd5af3446e69aa/execute/async - {"script":"<script> [1562 bytes]","args":[{"selector":{"controlType":"sap.m.GenericTile","properties":{"header":"Manage Handovers"}},"wdio_ui5_key":"sapm.GenericTile{\"header\":\"Manage Handovers\"}"}]}
RESULT: {"script":"<script> [1562 bytes]","args":[{"selector":{"controlType":"sap.m.GenericTile","properties":{"header":"Manage Handovers"}},"wdio_ui5_key":"sapm.GenericTile{\"header\":\"Manage Handovers\"}"}]}
RESULT: undefined
COMMAND: POST /session/80da7dba80ee399917bd5af3446e69aa/element - {"using":"xpath","value":"//*[@id=\"__tile135\"]"}
RESULT: {"using":"xpath","value":"//*[@id=\"__tile135\"]"}
COMMAND: POST /session/80da7dba80ee399917bd5af3446e69aa/element/f.8F7B09A86D515E92E05B1669D1295E6B.d.E6A269697F9C055479059FB6D0544DEE.e.218/click - {}
RESULT: {}
COMMAND: GET /session/80da7dba80ee399917bd5af3446e69aa/screenshot - {}
RESULT: {}
COMMAND: POST /session/80da7dba80ee399917bd5af3446e69aa/elements - {"using":"xpath","value":"//span[text()='Error']"}
RESULT: {"using":"xpath","value":"//span[text()='Error']"}
COMMAND: POST /session/80da7dba80ee399917bd5af3446e69aa/element - {"using":"xpath","value":"//button[@data-kt=\"masterHOAddButton\"]"}
RESULT: {"using":"xpath","value":"//button[@data-kt=\"masterHOAddButton\"]"}
COMMAND: POST /session/80da7dba80ee399917bd5af3446e69aa/elements - {"using":"xpath","value":"//button[@data-kt=\"masterHOAddButton\"]"}
RESULT: {"using":"xpath","value":"//button[@data-kt=\"masterHOAddButton\"]"}
COMMAND: POST /session/80da7dba80ee399917bd5af3446e69aa/execute/sync - {"script":"<script> [8489 bytes]","args":[{"element-6066-11e4-a52e-4f735466cecf":"f.8F7B09A86D515E92E05B1669D1295E6B.d.E6A269697F9C055479059FB6D0544DEE.e.3196","ELEMENT":"f.8F7B09A86D515E92E05B1669D1295E6B.d.E6A269697F9C055479059FB6D0544DEE.e.3196"}]}
RESULT: {"script":"<script> [8489 bytes]","args":[{"element-6066-11e4-a52e-4f735466cecf":"f.8F7B09A86D515E92E05B1669D1295E6B.d.E6A269697F9C055479059FB6D0544DEE.e.3196","ELEMENT":"f.8F7B09A86D515E92E05B1669D1295E6B.d.E6A269697F9C055479059FB6D0544DEE.e.3196"}]}
COMMAND: GET /session/80da7dba80ee399917bd5af3446e69aa/element/f.8F7B09A86D515E92E05B1669D1295E6B.d.E6A269697F9C055479059FB6D0544DEE.e.3196/enabled - {}
COMMAND: GET /session/80da7dba80ee399917bd5af3446e69aa/screenshot - {}
RESULT: {}
COMMAND: POST /session/80da7dba80ee399917bd5af3446e69aa/execute/sync - {"script":"<script> [8489 bytes]","args":[{"element-6066-11e4-a52e-4f735466cecf":"f.8F7B09A86D515E92E05B1669D1295E6B.d.E6A269697F9C055479059FB6D0544DEE.e.3196","ELEMENT":"f.8F7B09A86D515E92E05B1669D1295E6B.d.E6A269697F9C055479059FB6D0544DEE.e.3196"}]}
COMMAND: GET /session/80da7dba80ee399917bd5af3446e69aa/screenshot - {}
RESULT: {}
RESULT: {"script":"<script> [8489 bytes]","args":[{"element-6066-11e4-a52e-4f735466cecf":"f.8F7B09A86D515E92E05B1669D1295E6B.d.E6A269697F9C055479059FB6D0544DEE.e.3196","ELEMENT":"f.8F7B09A86D515E92E05B1669D1295E6B.d.E6A269697F9C055479059FB6D0544DEE.e.3196"}]}
COMMAND: POST /session/80da7dba80ee399917bd5af3446e69aa/execute/sync - {"script":"<script> [5351 bytes]","args":[{"element-6066-11e4-a52e-4f735466cecf":"f.8F7B09A86D515E92E05B1669D1295E6B.d.E6A269697F9C055479059FB6D0544DEE.e.3196","ELEMENT":"f.8F7B09A86D515E92E05B1669D1295E6B.d.E6A269697F9C055479059FB6D0544DEE.e.3196"}]}
COMMAND: GET /session/80da7dba80ee399917bd5af3446e69aa/screenshot - {}
RESULT: {}
RESULT: {"script":"<script> [5351 bytes]","args":[{"element-6066-11e4-a52e-4f735466cecf":"f.8F7B09A86D515E92E05B1669D1295E6B.d.E6A269697F9C055479059FB6D0544DEE.e.3196","ELEMENT":"f.8F7B09A86D515E92E05B1669D1295E6B.d.E6A269697F9C055479059FB6D0544DEE.e.3196"}]}
COMMAND: POST /session/80da7dba80ee399917bd5af3446e69aa/element/f.8F7B09A86D515E92E05B1669D1295E6B.d.E6A269697F9C055479059FB6D0544DEE.e.3196/click - {}
COMMAND: GET /session/80da7dba80ee399917bd5af3446e69aa/screenshot - {}
RESULT: {}
RESULT: {}
COMMAND: GET /session/80da7dba80ee399917bd5af3446e69aa/screenshot - {}
COMMAND: POST /session/80da7dba80ee399917bd5af3446e69aa/element - {"using":"xpath","value":"//span[contains(@id ,\"AddNewHO--typeSelect-arrow\")]"}
RESULT: {}
RESULT: {}
RESULT: {"using":"xpath","value":"//span[contains(@id ,\"AddNewHO--typeSelect-arrow\")]"}
COMMAND: POST /session/80da7dba80ee399917bd5af3446e69aa/element/f.8F7B09A86D515E92E05B1669D1295E6B.d.E6A269697F9C055479059FB6D0544DEE.e.3558/click - {}
RESULT: {}
COMMAND: GET /session/80da7dba80ee399917bd5af3446e69aa/screenshot - {}
RESULT: {}
COMMAND: POST /session/80da7dba80ee399917bd5af3446e69aa/element - {"using":"xpath","value":"(//li[contains(text(), \"stock increase yard\")])[1]"}
RESULT: {"using":"xpath","value":"(//li[contains(text(), \"stock increase yard\")])[1]"}
COMMAND: POST /session/80da7dba80ee399917bd5af3446e69aa/element/f.8F7B09A86D515E92E05B1669D1295E6B.d.E6A269697F9C055479059FB6D0544DEE.e.3559/click - {}
RESULT: {}
COMMAND: GET /session/80da7dba80ee399917bd5af3446e69aa/screenshot - {}
RESULT: {}
COMMAND: POST /session/80da7dba80ee399917bd5af3446e69aa/execute/async - {"script":"<script> [1562 bytes]","args":[{"selector":{"id":"application-managehandovers-display-component---AddNewHO--dueDate","interaction":{"idSuffix":"inner"}},"wdio_ui5_key":"applicationmanagehandovers-display-component---AddNewHO--dueDate"}]}
RESULT: {"script":"<script> [1562 bytes]","args":[{"selector":{"id":"application-managehandovers-display-component---AddNewHO--dueDate","interaction":{"idSuffix":"inner"}},"wdio_ui5_key":"applicationmanagehandovers-display-component---AddNewHO--dueDate"}]}
RESULT: undefined
COMMAND: POST /session/80da7dba80ee399917bd5af3446e69aa/execute/async - {"script":"<script> [6424 bytes]","args":[{"element-6066-11e4-a52e-4f735466cecf":"f.8F7B09A86D515E92E05B1669D1295E6B.d.E6A269697F9C055479059FB6D0544DEE.e.3563"},"setValue",["6/13/25"]]}
RESULT: {"script":"<script> [6424 bytes]","args":[{"element-6066-11e4-a52e-4f735466cecf":"f.8F7B09A86D515E92E05B1669D1295E6B.d.E6A269697F9C055479059FB6D0544DEE.e.3563"},"setValue",["6/13/25"]]}
COMMAND: POST /session/80da7dba80ee399917bd5af3446e69aa/element - {"using":"xpath","value":"//input[@id=\"generalSectionFrg--receiveYard-inner\"]"}
RESULT: {"using":"xpath","value":"//input[@id=\"generalSectionFrg--receiveYard-inner\"]"}
COMMAND: POST /session/80da7dba80ee399917bd5af3446e69aa/element/f.8F7B09A86D515E92E05B1669D1295E6B.d.E6A269697F9C055479059FB6D0544DEE.e.3569/clear - {}
RESULT: {}
COMMAND: POST /session/80da7dba80ee399917bd5af3446e69aa/element/f.8F7B09A86D515E92E05B1669D1295E6B.d.E6A269697F9C055479059FB6D0544DEE.e.3569/value - {"text":"235"}
COMMAND: GET /session/80da7dba80ee399917bd5af3446e69aa/screenshot - {}
RESULT: {"text":"235"}
COMMAND: GET /session/80da7dba80ee399917bd5af3446e69aa/screenshot - {}
RESULT: {}
RESULT: {}
COMMAND: POST /session/80da7dba80ee399917bd5af3446e69aa/element - {"using":"xpath","value":"//li[.//span[contains(normalize-space(.), '235 -')]]"}
RESULT: {"using":"xpath","value":"//li[.//span[contains(normalize-space(.), '235 -')]]"}
COMMAND: POST /session/80da7dba80ee399917bd5af3446e69aa/element/f.8F7B09A86D515E92E05B1669D1295E6B.d.E6A269697F9C055479059FB6D0544DEE.e.3585/click - {}
RESULT: {}
COMMAND: GET /session/80da7dba80ee399917bd5af3446e69aa/screenshot - {}
RESULT: {}
COMMAND: POST /session/80da7dba80ee399917bd5af3446e69aa/execute/async - {"script":"<script> [1562 bytes]","args":[{"selector":{"id":"application-managehandovers-display-component---AddNewHO--ObjectPageLayout-anchBar-application-managehandovers-display-component---AddNewHO--section4-anchor","interaction":{"idSuffix":"BDI-content"}},"wdio_ui5_key":"applicationmanagehandovers-display-component---AddNewHO--ObjectPageLayout-anchBar-application-managehandovers-display-component---AddNewHO--section4-anchor"}]}
RESULT: {"script":"<script> [1562 bytes]","args":[{"selector":{"id":"application-managehandovers-display-component---AddNewHO--ObjectPageLayout-anchBar-application-managehandovers-display-component---AddNewHO--section4-anchor","interaction":{"idSuffix":"BDI-content"}},"wdio_ui5_key":"applicationmanagehandovers-display-component---AddNewHO--ObjectPageLayout-anchBar-application-managehandovers-display-component---AddNewHO--section4-anchor"}]}
RESULT: undefined
COMMAND: POST /session/80da7dba80ee399917bd5af3446e69aa/element - {"using":"xpath","value":"//*[@id=\"application-managehandovers-display-component---AddNewHO--ObjectPageLayout-anchBar-application-managehandovers-display-component---AddNewHO--section4-anchor\"]"}
RESULT: {"using":"xpath","value":"//*[@id=\"application-managehandovers-display-component---AddNewHO--ObjectPageLayout-anchBar-application-managehandovers-display-component---AddNewHO--section4-anchor\"]"}
COMMAND: POST /session/80da7dba80ee399917bd5af3446e69aa/element/f.8F7B09A86D515E92E05B1669D1295E6B.d.E6A269697F9C055479059FB6D0544DEE.e.3587/click - {}
RESULT: {}
COMMAND: GET /session/80da7dba80ee399917bd5af3446e69aa/screenshot - {}
RESULT: {}
COMMAND: POST /session/80da7dba80ee399917bd5af3446e69aa/element - {"using":"xpath","value":"//button[@aria-label=\"Add\"]"}
RESULT: {"using":"xpath","value":"//button[@aria-label=\"Add\"]"}
COMMAND: POST /session/80da7dba80ee399917bd5af3446e69aa/element/f.8F7B09A86D515E92E05B1669D1295E6B.d.E6A269697F9C055479059FB6D0544DEE.e.3590/click - {}
RESULT: {}
COMMAND: GET /session/80da7dba80ee399917bd5af3446e69aa/screenshot - {}
RESULT: {}
COMMAND: POST /session/80da7dba80ee399917bd5af3446e69aa/execute/async - {"script":"<script> [1562 bytes]","args":[{"selector":{"id":"application-managehandovers-display-component---AddNewHO--smartFilterBar-btnBasicSearch","searchOpenDialogs":true,"interaction":{"idSuffix":"I"}},"wdio_ui5_key":"applicationmanagehandovers-display-component---AddNewHO--smartFilterBar-btnBasicSearch"}]}
RESULT: {"script":"<script> [1562 bytes]","args":[{"selector":{"id":"application-managehandovers-display-component---AddNewHO--smartFilterBar-btnBasicSearch","searchOpenDialogs":true,"interaction":{"idSuffix":"I"}},"wdio_ui5_key":"applicationmanagehandovers-display-component---AddNewHO--smartFilterBar-btnBasicSearch"}]}
RESULT: undefined
COMMAND: POST /session/80da7dba80ee399917bd5af3446e69aa/execute/async - {"script":"<script> [776 bytes]","args":[{"enterText":"200111","selector":{"id":"application-managehandovers-display-component---AddNewHO--smartFilterBar-btnBasicSearch","searchOpenDialogs":true,"interaction":{"idSuffix":"I"}},"clearTextFirst":true,"interactionType":"ENTER_TEXT"}]}
RESULT: {"script":"<script> [776 bytes]","args":[{"enterText":"200111","selector":{"id":"application-managehandovers-display-component---AddNewHO--smartFilterBar-btnBasicSearch","searchOpenDialogs":true,"interaction":{"idSuffix":"I"}},"clearTextFirst":true,"interactionType":"ENTER_TEXT"}]}
COMMAND: POST /session/80da7dba80ee399917bd5af3446e69aa/actions - {"actions":[{"id":"action9","type":"key","parameters":{},"actions":[{"type":"keyDown","value":""},{"type":"pause","duration":10},{"type":"keyUp","value":""}]}]}
RESULT: {"actions":[{"id":"action9","type":"key","parameters":{},"actions":[{"type":"keyDown","value":""},{"type":"pause","duration":10},{"type":"keyUp","value":""}]}]}
COMMAND: GET /session/80da7dba80ee399917bd5af3446e69aa/screenshot - {}
RESULT: {}
COMMAND: POST /session/80da7dba80ee399917bd5af3446e69aa/execute/async - {"script":"<script> [1562 bytes]","args":[{"selector":{"id":"application-managehandovers-display-component---AddNewHO--popup-sa","searchOpenDialogs":true,"interaction":{"idSuffix":"CbBg"}},"wdio_ui5_key":"applicationmanagehandovers-display-component---AddNewHO--popup-sa"}]}
RESULT: {"script":"<script> [1562 bytes]","args":[{"selector":{"id":"application-managehandovers-display-component---AddNewHO--popup-sa","searchOpenDialogs":true,"interaction":{"idSuffix":"CbBg"}},"wdio_ui5_key":"applicationmanagehandovers-display-component---AddNewHO--popup-sa"}]}
RESULT: undefined
COMMAND: POST /session/80da7dba80ee399917bd5af3446e69aa/element - {"using":"xpath","value":"//*[@id=\"application-managehandovers-display-component---AddNewHO--popup-sa\"]"}
RESULT: {"using":"xpath","value":"//*[@id=\"application-managehandovers-display-component---AddNewHO--popup-sa\"]"}
COMMAND: POST /session/80da7dba80ee399917bd5af3446e69aa/element/f.8F7B09A86D515E92E05B1669D1295E6B.d.E6A269697F9C055479059FB6D0544DEE.e.3745/click - {}
RESULT: {}
COMMAND: GET /session/80da7dba80ee399917bd5af3446e69aa/screenshot - {}
RESULT: {}
COMMAND: POST /session/80da7dba80ee399917bd5af3446e69aa/element - {"using":"xpath","value":"//bdi[contains(text(), \"Select\")]"}
RESULT: {"using":"xpath","value":"//bdi[contains(text(), \"Select\")]"}
COMMAND: POST /session/80da7dba80ee399917bd5af3446e69aa/element/f.8F7B09A86D515E92E05B1669D1295E6B.d.E6A269697F9C055479059FB6D0544DEE.e.3746/click - {}
RESULT: {}
COMMAND: GET /session/80da7dba80ee399917bd5af3446e69aa/screenshot - {}
RESULT: {}
COMMAND: POST /session/80da7dba80ee399917bd5af3446e69aa/element - {"using":"xpath","value":"//button[@data-kt=\"AddNewHOSaveButton\"]"}
RESULT: {"using":"xpath","value":"//button[@data-kt=\"AddNewHOSaveButton\"]"}
COMMAND: POST /session/80da7dba80ee399917bd5af3446e69aa/element/f.8F7B09A86D515E92E05B1669D1295E6B.d.E6A269697F9C055479059FB6D0544DEE.e.3750/click - {}
RESULT: {}
COMMAND: GET /session/80da7dba80ee399917bd5af3446e69aa/screenshot - {}
COMMAND: POST /session/80da7dba80ee399917bd5af3446e69aa/execute/async - {"script":"<script> [1562 bytes]","args":[{"selector":{"id":"receiptDatePicker","viewName":"etm.portal.ui.managehandovers.view.DetailExecuteHO","interaction":{"idSuffix":"inner"}},"wdio_ui5_key":"receiptDatePickeretmportal.ui.managehandovers.view.DetailExecuteHO"}]}
RESULT: {}
RESULT: {"script":"<script> [1562 bytes]","args":[{"selector":{"id":"receiptDatePicker","viewName":"etm.portal.ui.managehandovers.view.DetailExecuteHO","interaction":{"idSuffix":"inner"}},"wdio_ui5_key":"receiptDatePickeretmportal.ui.managehandovers.view.DetailExecuteHO"}]}
RESULT: undefined
COMMAND: POST /session/80da7dba80ee399917bd5af3446e69aa/execute/async - {"script":"<script> [6424 bytes]","args":[{"element-6066-11e4-a52e-4f735466cecf":"f.8F7B09A86D515E92E05B1669D1295E6B.d.E6A269697F9C055479059FB6D0544DEE.e.3797"},"setValue",["6/13/25"]]}
RESULT: {"script":"<script> [6424 bytes]","args":[{"element-6066-11e4-a52e-4f735466cecf":"f.8F7B09A86D515E92E05B1669D1295E6B.d.E6A269697F9C055479059FB6D0544DEE.e.3797"},"setValue",["6/13/25"]]}
COMMAND: POST /session/80da7dba80ee399917bd5af3446e69aa/element - {"using":"xpath","value":"//button[@data-kt=\"ReceivingTableConfirmAllButton\"]"}
RESULT: {"using":"xpath","value":"//button[@data-kt=\"ReceivingTableConfirmAllButton\"]"}
COMMAND: POST /session/80da7dba80ee399917bd5af3446e69aa/element/f.8F7B09A86D515E92E05B1669D1295E6B.d.E6A269697F9C055479059FB6D0544DEE.e.3810/click - {}
RESULT: {}
COMMAND: GET /session/80da7dba80ee399917bd5af3446e69aa/screenshot - {}
RESULT: {}
COMMAND: POST /session/80da7dba80ee399917bd5af3446e69aa/element - {"using":"xpath","value":"//bdi[contains(text(), \"OK\")]"}
RESULT: {"using":"xpath","value":"//bdi[contains(text(), \"OK\")]"}
COMMAND: POST /session/80da7dba80ee399917bd5af3446e69aa/element/f.8F7B09A86D515E92E05B1669D1295E6B.d.E6A269697F9C055479059FB6D0544DEE.e.3812/click - {}
RESULT: {}
COMMAND: GET /session/80da7dba80ee399917bd5af3446e69aa/screenshot - {}
RESULT: {}
COMMAND: POST /session/80da7dba80ee399917bd5af3446e69aa/element - {"using":"xpath","value":"(//bdi[contains(text(), \"Receive\")])[2]"}
RESULT: {"using":"xpath","value":"(//bdi[contains(text(), \"Receive\")])[2]"}
COMMAND: POST /session/80da7dba80ee399917bd5af3446e69aa/element/f.8F7B09A86D515E92E05B1669D1295E6B.d.E6A269697F9C055479059FB6D0544DEE.e.3814/click - {}
RESULT: {}
COMMAND: GET /session/80da7dba80ee399917bd5af3446e69aa/screenshot - {}
RESULT: {}
COMMAND: POST /session/80da7dba80ee399917bd5af3446e69aa/element - {"using":"css selector","value":"#shell-header-logo"}
RESULT: {"using":"css selector","value":"#shell-header-logo"}
COMMAND: POST /session/80da7dba80ee399917bd5af3446e69aa/element/f.8F7B09A86D515E92E05B1669D1295E6B.d.E6A269697F9C055479059FB6D0544DEE.e.3168/click - {}
RESULT: {}
COMMAND: GET /session/80da7dba80ee399917bd5af3446e69aa/screenshot - {}
RESULT: {}
]]></system-out>
    </testcase>
    <testcase classname="chrome.137_0_7151_69.windows.Create_masterdata_for_Yard_Overview_-_trigger_provide_US130988" name="Should create a new contract" time="80.161">
      <system-out><![CDATA[
COMMAND: POST /session/80da7dba80ee399917bd5af3446e69aa/execute/async - {"script":"<script> [1562 bytes]","args":[{"selector":{"controlType":"sap.m.GenericTile","properties":{"header":"Manage Contracts"}},"wdio_ui5_key":"sapm.GenericTile{\"header\":\"Manage Contracts\"}"}]}
RESULT: {"script":"<script> [1562 bytes]","args":[{"selector":{"controlType":"sap.m.GenericTile","properties":{"header":"Manage Contracts"}},"wdio_ui5_key":"sapm.GenericTile{\"header\":\"Manage Contracts\"}"}]}
RESULT: undefined
COMMAND: POST /session/80da7dba80ee399917bd5af3446e69aa/element - {"using":"xpath","value":"//*[@id=\"__tile133\"]"}
RESULT: {"using":"xpath","value":"//*[@id=\"__tile133\"]"}
COMMAND: POST /session/80da7dba80ee399917bd5af3446e69aa/element/f.8F7B09A86D515E92E05B1669D1295E6B.d.E6A269697F9C055479059FB6D0544DEE.e.146/click - {}
RESULT: {}
COMMAND: GET /session/80da7dba80ee399917bd5af3446e69aa/screenshot - {}
RESULT: {}
COMMAND: POST /session/80da7dba80ee399917bd5af3446e69aa/elements - {"using":"xpath","value":"//span[text()='Error']"}
RESULT: {"using":"xpath","value":"//span[text()='Error']"}
COMMAND: POST /session/80da7dba80ee399917bd5af3446e69aa/element - {"using":"xpath","value":"//button[@data-kt=\"addButton\"]"}
RESULT: {"using":"xpath","value":"//button[@data-kt=\"addButton\"]"}
COMMAND: POST /session/80da7dba80ee399917bd5af3446e69aa/elements - {"using":"xpath","value":"//button[@data-kt=\"addButton\"]"}
RESULT: {"using":"xpath","value":"//button[@data-kt=\"addButton\"]"}
COMMAND: POST /session/80da7dba80ee399917bd5af3446e69aa/execute/sync - {"script":"<script> [8489 bytes]","args":[{"element-6066-11e4-a52e-4f735466cecf":"f.8F7B09A86D515E92E05B1669D1295E6B.d.E6A269697F9C055479059FB6D0544DEE.e.4035","ELEMENT":"f.8F7B09A86D515E92E05B1669D1295E6B.d.E6A269697F9C055479059FB6D0544DEE.e.4035"}]}
RESULT: {"script":"<script> [8489 bytes]","args":[{"element-6066-11e4-a52e-4f735466cecf":"f.8F7B09A86D515E92E05B1669D1295E6B.d.E6A269697F9C055479059FB6D0544DEE.e.4035","ELEMENT":"f.8F7B09A86D515E92E05B1669D1295E6B.d.E6A269697F9C055479059FB6D0544DEE.e.4035"}]}
COMMAND: GET /session/80da7dba80ee399917bd5af3446e69aa/element/f.8F7B09A86D515E92E05B1669D1295E6B.d.E6A269697F9C055479059FB6D0544DEE.e.4035/enabled - {}
COMMAND: GET /session/80da7dba80ee399917bd5af3446e69aa/screenshot - {}
RESULT: {}
COMMAND: POST /session/80da7dba80ee399917bd5af3446e69aa/execute/sync - {"script":"<script> [8489 bytes]","args":[{"element-6066-11e4-a52e-4f735466cecf":"f.8F7B09A86D515E92E05B1669D1295E6B.d.E6A269697F9C055479059FB6D0544DEE.e.4035","ELEMENT":"f.8F7B09A86D515E92E05B1669D1295E6B.d.E6A269697F9C055479059FB6D0544DEE.e.4035"}]}
COMMAND: GET /session/80da7dba80ee399917bd5af3446e69aa/screenshot - {}
RESULT: {}
RESULT: {"script":"<script> [8489 bytes]","args":[{"element-6066-11e4-a52e-4f735466cecf":"f.8F7B09A86D515E92E05B1669D1295E6B.d.E6A269697F9C055479059FB6D0544DEE.e.4035","ELEMENT":"f.8F7B09A86D515E92E05B1669D1295E6B.d.E6A269697F9C055479059FB6D0544DEE.e.4035"}]}
COMMAND: POST /session/80da7dba80ee399917bd5af3446e69aa/execute/sync - {"script":"<script> [5351 bytes]","args":[{"element-6066-11e4-a52e-4f735466cecf":"f.8F7B09A86D515E92E05B1669D1295E6B.d.E6A269697F9C055479059FB6D0544DEE.e.4035","ELEMENT":"f.8F7B09A86D515E92E05B1669D1295E6B.d.E6A269697F9C055479059FB6D0544DEE.e.4035"}]}
COMMAND: GET /session/80da7dba80ee399917bd5af3446e69aa/screenshot - {}
RESULT: {}
RESULT: {"script":"<script> [5351 bytes]","args":[{"element-6066-11e4-a52e-4f735466cecf":"f.8F7B09A86D515E92E05B1669D1295E6B.d.E6A269697F9C055479059FB6D0544DEE.e.4035","ELEMENT":"f.8F7B09A86D515E92E05B1669D1295E6B.d.E6A269697F9C055479059FB6D0544DEE.e.4035"}]}
COMMAND: GET /session/80da7dba80ee399917bd5af3446e69aa/screenshot - {}
RESULT: {}
RESULT: {}
COMMAND: POST /session/80da7dba80ee399917bd5af3446e69aa/element/f.8F7B09A86D515E92E05B1669D1295E6B.d.E6A269697F9C055479059FB6D0544DEE.e.4035/click - {}
RESULT: {}
COMMAND: GET /session/80da7dba80ee399917bd5af3446e69aa/screenshot - {}
COMMAND: POST /session/80da7dba80ee399917bd5af3446e69aa/execute/async - {"script":"<script> [1562 bytes]","args":[{"selector":{"id":"application-managecontracts-display-component---AddNewContract--projectDescription","interaction":{"idSuffix":"inner"}},"wdio_ui5_key":"applicationmanagecontracts-display-component---AddNewContract--projectDescription"}]}
RESULT: {}
RESULT: {"script":"<script> [1562 bytes]","args":[{"selector":{"id":"application-managecontracts-display-component---AddNewContract--projectDescription","interaction":{"idSuffix":"inner"}},"wdio_ui5_key":"applicationmanagecontracts-display-component---AddNewContract--projectDescription"}]}
RESULT: undefined
COMMAND: POST /session/80da7dba80ee399917bd5af3446e69aa/execute/async - {"script":"<script> [776 bytes]","args":[{"enterText":"Contract WDIO","selector":{"id":"application-managecontracts-display-component---AddNewContract--projectDescription","interaction":{"idSuffix":"inner"}},"clearTextFirst":true,"interactionType":"ENTER_TEXT"}]}
RESULT: {"script":"<script> [776 bytes]","args":[{"enterText":"Contract WDIO","selector":{"id":"application-managecontracts-display-component---AddNewContract--projectDescription","interaction":{"idSuffix":"inner"}},"clearTextFirst":true,"interactionType":"ENTER_TEXT"}]}
COMMAND: POST /session/80da7dba80ee399917bd5af3446e69aa/element - {"using":"xpath","value":"//input[@id=\"application-managecontracts-display-component---AddNewContract--site-inner\"]"}
RESULT: {"using":"xpath","value":"//input[@id=\"application-managecontracts-display-component---AddNewContract--site-inner\"]"}
COMMAND: POST /session/80da7dba80ee399917bd5af3446e69aa/element/f.8F7B09A86D515E92E05B1669D1295E6B.d.E6A269697F9C055479059FB6D0544DEE.e.4357/clear - {}
RESULT: {}
COMMAND: POST /session/80da7dba80ee399917bd5af3446e69aa/element/f.8F7B09A86D515E92E05B1669D1295E6B.d.E6A269697F9C055479059FB6D0544DEE.e.4357/value - {"text":"2083"}
COMMAND: GET /session/80da7dba80ee399917bd5af3446e69aa/screenshot - {}
RESULT: {"text":"2083"}
COMMAND: GET /session/80da7dba80ee399917bd5af3446e69aa/screenshot - {}
RESULT: {}
RESULT: {}
COMMAND: POST /session/80da7dba80ee399917bd5af3446e69aa/element - {"using":"xpath","value":"//li[.//span[text()='2083']]"}
RESULT: {"using":"xpath","value":"//li[.//span[text()='2083']]"}
COMMAND: POST /session/80da7dba80ee399917bd5af3446e69aa/element/f.8F7B09A86D515E92E05B1669D1295E6B.d.E6A269697F9C055479059FB6D0544DEE.e.4439/click - {}
RESULT: {}
COMMAND: GET /session/80da7dba80ee399917bd5af3446e69aa/screenshot - {}
RESULT: {}
COMMAND: POST /session/80da7dba80ee399917bd5af3446e69aa/element - {"using":"xpath","value":"//input[@id=\"application-managecontracts-display-component---AddNewContract--yardId-inner\"]"}
RESULT: {"using":"xpath","value":"//input[@id=\"application-managecontracts-display-component---AddNewContract--yardId-inner\"]"}
COMMAND: GET /session/80da7dba80ee399917bd5af3446e69aa/element/f.8F7B09A86D515E92E05B1669D1295E6B.d.E6A269697F9C055479059FB6D0544DEE.e.4358/property/value - {}
RESULT: {}
COMMAND: POST /session/80da7dba80ee399917bd5af3446e69aa/element - {"using":"xpath","value":"//input[@id=\"application-managecontracts-display-component---AddNewContract--customerSelect-inner\"]"}
RESULT: {"using":"xpath","value":"//input[@id=\"application-managecontracts-display-component---AddNewContract--customerSelect-inner\"]"}
COMMAND: POST /session/80da7dba80ee399917bd5af3446e69aa/element/f.8F7B09A86D515E92E05B1669D1295E6B.d.E6A269697F9C055479059FB6D0544DEE.e.4356/clear - {}
COMMAND: GET /session/80da7dba80ee399917bd5af3446e69aa/screenshot - {}
RESULT: {}
COMMAND: POST /session/80da7dba80ee399917bd5af3446e69aa/element/f.8F7B09A86D515E92E05B1669D1295E6B.d.E6A269697F9C055479059FB6D0544DEE.e.4356/value - {"text":"1089"}
RESULT: {}
COMMAND: GET /session/80da7dba80ee399917bd5af3446e69aa/screenshot - {}
RESULT: {"text":"1089"}
COMMAND: GET /session/80da7dba80ee399917bd5af3446e69aa/screenshot - {}
RESULT: {}
RESULT: {}
COMMAND: POST /session/80da7dba80ee399917bd5af3446e69aa/element - {"using":"xpath","value":"//li[.//span[text()='1089']]"}
RESULT: {"using":"xpath","value":"//li[.//span[text()='1089']]"}
COMMAND: POST /session/80da7dba80ee399917bd5af3446e69aa/element/f.8F7B09A86D515E92E05B1669D1295E6B.d.E6A269697F9C055479059FB6D0544DEE.e.4442/click - {}
RESULT: {}
COMMAND: GET /session/80da7dba80ee399917bd5af3446e69aa/screenshot - {}
RESULT: {}
COMMAND: POST /session/80da7dba80ee399917bd5af3446e69aa/element - {"using":"xpath","value":"//button[@data-kt=\"saveButton\"]"}
RESULT: {"using":"xpath","value":"//button[@data-kt=\"saveButton\"]"}
COMMAND: POST /session/80da7dba80ee399917bd5af3446e69aa/element/f.8F7B09A86D515E92E05B1669D1295E6B.d.E6A269697F9C055479059FB6D0544DEE.e.4432/click - {}
RESULT: {}
COMMAND: GET /session/80da7dba80ee399917bd5af3446e69aa/screenshot - {}
RESULT: {}
COMMAND: POST /session/80da7dba80ee399917bd5af3446e69aa/element - {"using":"xpath","value":"//span[contains(@id ,\"contractDetailTitleNoExpanded\")]"}
RESULT: {"using":"xpath","value":"//span[contains(@id ,\"contractDetailTitleNoExpanded\")]"}
COMMAND: POST /session/80da7dba80ee399917bd5af3446e69aa/elements - {"using":"xpath","value":"//span[contains(@id ,\"contractDetailTitleNoExpanded\")]"}
RESULT: {"using":"xpath","value":"//span[contains(@id ,\"contractDetailTitleNoExpanded\")]"}
COMMAND: POST /session/80da7dba80ee399917bd5af3446e69aa/execute/sync - {"script":"<script> [56 bytes]","args":[{"element-6066-11e4-a52e-4f735466cecf":"f.8F7B09A86D515E92E05B1669D1295E6B.d.E6A269697F9C055479059FB6D0544DEE.e.4452","ELEMENT":"f.8F7B09A86D515E92E05B1669D1295E6B.d.E6A269697F9C055479059FB6D0544DEE.e.4452"}]}
RESULT: {"script":"<script> [56 bytes]","args":[{"element-6066-11e4-a52e-4f735466cecf":"f.8F7B09A86D515E92E05B1669D1295E6B.d.E6A269697F9C055479059FB6D0544DEE.e.4452","ELEMENT":"f.8F7B09A86D515E92E05B1669D1295E6B.d.E6A269697F9C055479059FB6D0544DEE.e.4452"}]}
COMMAND: GET /session/80da7dba80ee399917bd5af3446e69aa/screenshot - {}
RESULT: {}
]]></system-out>
    </testcase>
    <testcase classname="chrome.137_0_7151_69.windows.Create_masterdata_for_Yard_Overview_-_trigger_provide_US130988" name="Should add created equipment to contract" time="69.134">
      <system-out><![CDATA[
COMMAND: POST /session/80da7dba80ee399917bd5af3446e69aa/element - {"using":"xpath","value":"//button[@data-kt=\"contractDetailEditBtnButton\"]"}
RESULT: {"using":"xpath","value":"//button[@data-kt=\"contractDetailEditBtnButton\"]"}
COMMAND: POST /session/80da7dba80ee399917bd5af3446e69aa/element/f.8F7B09A86D515E92E05B1669D1295E6B.d.E6A269697F9C055479059FB6D0544DEE.e.4454/click - {}
RESULT: {}
COMMAND: GET /session/80da7dba80ee399917bd5af3446e69aa/screenshot - {}
RESULT: {}
COMMAND: POST /session/80da7dba80ee399917bd5af3446e69aa/element - {"using":"xpath","value":"(//span[contains(text(), \"Additional Addresses\")])[2]"}
RESULT: {"using":"xpath","value":"(//span[contains(text(), \"Additional Addresses\")])[2]"}
COMMAND: POST /session/80da7dba80ee399917bd5af3446e69aa/element/f.8F7B09A86D515E92E05B1669D1295E6B.d.E6A269697F9C055479059FB6D0544DEE.e.4509/click - {}
RESULT: {}
COMMAND: GET /session/80da7dba80ee399917bd5af3446e69aa/screenshot - {}
RESULT: {}
COMMAND: POST /session/80da7dba80ee399917bd5af3446e69aa/element - {"using":"xpath","value":"//button[@data-kt=\"btnAddTableRowOverflowToolbarButton\"]"}
RESULT: {"using":"xpath","value":"//button[@data-kt=\"btnAddTableRowOverflowToolbarButton\"]"}
COMMAND: POST /session/80da7dba80ee399917bd5af3446e69aa/element/f.8F7B09A86D515E92E05B1669D1295E6B.d.E6A269697F9C055479059FB6D0544DEE.e.4514/click - {}
RESULT: {}
COMMAND: GET /session/80da7dba80ee399917bd5af3446e69aa/screenshot - {}
RESULT: {}
COMMAND: POST /session/80da7dba80ee399917bd5af3446e69aa/element - {"using":"xpath","value":"//div[(text() = 'Standard Entry' or . = 'Standard Entry')]"}
RESULT: {"using":"xpath","value":"//div[(text() = 'Standard Entry' or . = 'Standard Entry')]"}
COMMAND: POST /session/80da7dba80ee399917bd5af3446e69aa/element/f.8F7B09A86D515E92E05B1669D1295E6B.d.E6A269697F9C055479059FB6D0544DEE.e.4515/click - {}
RESULT: {}
COMMAND: GET /session/80da7dba80ee399917bd5af3446e69aa/screenshot - {}
RESULT: {}
COMMAND: POST /session/80da7dba80ee399917bd5af3446e69aa/element - {"using":"xpath","value":"//td[6]/div/div/div/span"}
RESULT: {"using":"xpath","value":"//td[6]/div/div/div/span"}
COMMAND: POST /session/80da7dba80ee399917bd5af3446e69aa/element/f.8F7B09A86D515E92E05B1669D1295E6B.d.E6A269697F9C055479059FB6D0544DEE.e.4527/click - {}
RESULT: {}
COMMAND: GET /session/80da7dba80ee399917bd5af3446e69aa/screenshot - {}
RESULT: {}
COMMAND: POST /session/80da7dba80ee399917bd5af3446e69aa/element - {"using":"xpath","value":"(//span[contains(text(), \"Material\")])"}
RESULT: {"using":"xpath","value":"(//span[contains(text(), \"Material\")])"}
COMMAND: POST /session/80da7dba80ee399917bd5af3446e69aa/element/f.8F7B09A86D515E92E05B1669D1295E6B.d.E6A269697F9C055479059FB6D0544DEE.e.4528/click - {}
RESULT: {}
COMMAND: GET /session/80da7dba80ee399917bd5af3446e69aa/screenshot - {}
RESULT: {}
COMMAND: POST /session/80da7dba80ee399917bd5af3446e69aa/element - {"using":"xpath","value":"//td[7]/div/div/input"}
RESULT: {"using":"xpath","value":"//td[7]/div/div/input"}
COMMAND: POST /session/80da7dba80ee399917bd5af3446e69aa/element/f.8F7B09A86D515E92E05B1669D1295E6B.d.E6A269697F9C055479059FB6D0544DEE.e.4532/clear - {}
RESULT: {}
COMMAND: POST /session/80da7dba80ee399917bd5af3446e69aa/element/f.8F7B09A86D515E92E05B1669D1295E6B.d.E6A269697F9C055479059FB6D0544DEE.e.4532/value - {"text":"200111"}
COMMAND: GET /session/80da7dba80ee399917bd5af3446e69aa/screenshot - {}
RESULT: {"text":"200111"}
COMMAND: GET /session/80da7dba80ee399917bd5af3446e69aa/screenshot - {}
RESULT: {}
RESULT: {}
COMMAND: POST /session/80da7dba80ee399917bd5af3446e69aa/actions - {"actions":[{"id":"action10","type":"key","parameters":{},"actions":[{"type":"keyDown","value":""},{"type":"pause","duration":10},{"type":"keyUp","value":""}]}]}
RESULT: {"actions":[{"id":"action10","type":"key","parameters":{},"actions":[{"type":"keyDown","value":""},{"type":"pause","duration":10},{"type":"keyUp","value":""}]}]}
COMMAND: GET /session/80da7dba80ee399917bd5af3446e69aa/screenshot - {}
RESULT: {}
COMMAND: POST /session/80da7dba80ee399917bd5af3446e69aa/execute/sync - {"script":"<script> [276 bytes]","args":["No pricing information was found"]}
RESULT: {"script":"<script> [276 bytes]","args":["No pricing information was found"]}
COMMAND: POST /session/80da7dba80ee399917bd5af3446e69aa/element - {"using":"xpath","value":"//bdi[contains(text(), \"OK\")]"}
COMMAND: GET /session/80da7dba80ee399917bd5af3446e69aa/screenshot - {}
RESULT: {"using":"xpath","value":"//bdi[contains(text(), \"OK\")]"}
COMMAND: POST /session/80da7dba80ee399917bd5af3446e69aa/element/f.8F7B09A86D515E92E05B1669D1295E6B.d.E6A269697F9C055479059FB6D0544DEE.e.4558/click - {}
RESULT: {}
RESULT: {}
COMMAND: GET /session/80da7dba80ee399917bd5af3446e69aa/screenshot - {}
RESULT: {}
COMMAND: POST /session/80da7dba80ee399917bd5af3446e69aa/element - {"using":"xpath","value":"(//button[@data-kt=\"saveButton\"])[2]"}
RESULT: {"using":"xpath","value":"(//button[@data-kt=\"saveButton\"])[2]"}
COMMAND: POST /session/80da7dba80ee399917bd5af3446e69aa/element/f.8F7B09A86D515E92E05B1669D1295E6B.d.E6A269697F9C055479059FB6D0544DEE.e.4559/click - {}
RESULT: {}
COMMAND: GET /session/80da7dba80ee399917bd5af3446e69aa/screenshot - {}
RESULT: {}
COMMAND: POST /session/80da7dba80ee399917bd5af3446e69aa/execute/sync - {"script":"<script> [276 bytes]","args":["Some contract items are having rental validity exceeding header rental validity"]}
RESULT: {"script":"<script> [276 bytes]","args":["Some contract items are having rental validity exceeding header rental validity"]}
COMMAND: GET /session/80da7dba80ee399917bd5af3446e69aa/screenshot - {}
RESULT: {}
COMMAND: POST /session/80da7dba80ee399917bd5af3446e69aa/element - {"using":"xpath","value":"//span[contains(@id ,\"contractItemsSmartTable-header-inner\")]"}
RESULT: {"using":"xpath","value":"//span[contains(@id ,\"contractItemsSmartTable-header-inner\")]"}
COMMAND: POST /session/80da7dba80ee399917bd5af3446e69aa/elements - {"using":"xpath","value":"//span[contains(@id ,\"contractItemsSmartTable-header-inner\")]"}
RESULT: {"using":"xpath","value":"//span[contains(@id ,\"contractItemsSmartTable-header-inner\")]"}
COMMAND: POST /session/80da7dba80ee399917bd5af3446e69aa/execute/sync - {"script":"<script> [56 bytes]","args":[{"element-6066-11e4-a52e-4f735466cecf":"f.8F7B09A86D515E92E05B1669D1295E6B.d.E6A269697F9C055479059FB6D0544DEE.e.4564","ELEMENT":"f.8F7B09A86D515E92E05B1669D1295E6B.d.E6A269697F9C055479059FB6D0544DEE.e.4564"}]}
RESULT: {"script":"<script> [56 bytes]","args":[{"element-6066-11e4-a52e-4f735466cecf":"f.8F7B09A86D515E92E05B1669D1295E6B.d.E6A269697F9C055479059FB6D0544DEE.e.4564","ELEMENT":"f.8F7B09A86D515E92E05B1669D1295E6B.d.E6A269697F9C055479059FB6D0544DEE.e.4564"}]}
COMMAND: POST /session/80da7dba80ee399917bd5af3446e69aa/element - {"using":"css selector","value":"#shell-header-logo"}
COMMAND: GET /session/80da7dba80ee399917bd5af3446e69aa/screenshot - {}
RESULT: {"using":"css selector","value":"#shell-header-logo"}
COMMAND: POST /session/80da7dba80ee399917bd5af3446e69aa/element/f.8F7B09A86D515E92E05B1669D1295E6B.d.E6A269697F9C055479059FB6D0544DEE.e.3989/click - {}
RESULT: {}
RESULT: {}
COMMAND: GET /session/80da7dba80ee399917bd5af3446e69aa/screenshot - {}
RESULT: {}
]]></system-out>
    </testcase>
    <testcase classname="chrome.137_0_7151_69.windows.Create_masterdata_for_Yard_Overview_-_trigger_provide_US130988" name="Navigate to Yard overview and provide the RU" time="163.236">
      <system-out><![CDATA[
COMMAND: POST /session/80da7dba80ee399917bd5af3446e69aa/execute/async - {"script":"<script> [1562 bytes]","args":[{"selector":{"controlType":"sap.m.GenericTile","properties":{"header":"Yard Overview"}},"wdio_ui5_key":"sapm.GenericTile{\"header\":\"Yard Overview\"}"}]}
RESULT: {"script":"<script> [1562 bytes]","args":[{"selector":{"controlType":"sap.m.GenericTile","properties":{"header":"Yard Overview"}},"wdio_ui5_key":"sapm.GenericTile{\"header\":\"Yard Overview\"}"}]}
RESULT: undefined
COMMAND: POST /session/80da7dba80ee399917bd5af3446e69aa/element - {"using":"xpath","value":"//*[@id=\"__tile104\"]"}
RESULT: {"using":"xpath","value":"//*[@id=\"__tile104\"]"}
COMMAND: POST /session/80da7dba80ee399917bd5af3446e69aa/element/f.8F7B09A86D515E92E05B1669D1295E6B.d.E6A269697F9C055479059FB6D0544DEE.e.4566/click - {}
RESULT: {}
COMMAND: GET /session/80da7dba80ee399917bd5af3446e69aa/screenshot - {}
RESULT: {}
COMMAND: POST /session/80da7dba80ee399917bd5af3446e69aa/elements - {"using":"xpath","value":"//span[text()='Error']"}
RESULT: {"using":"xpath","value":"//span[text()='Error']"}
COMMAND: POST /session/80da7dba80ee399917bd5af3446e69aa/element - {"using":"xpath","value":"//input[contains(@id,\"smartFilterBar-btnBasicSearch-I\")]"}
RESULT: {"using":"xpath","value":"//input[contains(@id,\"smartFilterBar-btnBasicSearch-I\")]"}
COMMAND: POST /session/80da7dba80ee399917bd5af3446e69aa/elements - {"using":"xpath","value":"//input[contains(@id,\"smartFilterBar-btnBasicSearch-I\")]"}
RESULT: {"using":"xpath","value":"//input[contains(@id,\"smartFilterBar-btnBasicSearch-I\")]"}
COMMAND: POST /session/80da7dba80ee399917bd5af3446e69aa/execute/sync - {"script":"<script> [8489 bytes]","args":[{"element-6066-11e4-a52e-4f735466cecf":"f.8F7B09A86D515E92E05B1669D1295E6B.d.E6A269697F9C055479059FB6D0544DEE.e.4573","ELEMENT":"f.8F7B09A86D515E92E05B1669D1295E6B.d.E6A269697F9C055479059FB6D0544DEE.e.4573"}]}
RESULT: {"script":"<script> [8489 bytes]","args":[{"element-6066-11e4-a52e-4f735466cecf":"f.8F7B09A86D515E92E05B1669D1295E6B.d.E6A269697F9C055479059FB6D0544DEE.e.4573","ELEMENT":"f.8F7B09A86D515E92E05B1669D1295E6B.d.E6A269697F9C055479059FB6D0544DEE.e.4573"}]}
COMMAND: GET /session/80da7dba80ee399917bd5af3446e69aa/element/f.8F7B09A86D515E92E05B1669D1295E6B.d.E6A269697F9C055479059FB6D0544DEE.e.4573/enabled - {}
COMMAND: GET /session/80da7dba80ee399917bd5af3446e69aa/screenshot - {}
RESULT: {}
COMMAND: POST /session/80da7dba80ee399917bd5af3446e69aa/execute/sync - {"script":"<script> [8489 bytes]","args":[{"element-6066-11e4-a52e-4f735466cecf":"f.8F7B09A86D515E92E05B1669D1295E6B.d.E6A269697F9C055479059FB6D0544DEE.e.4573","ELEMENT":"f.8F7B09A86D515E92E05B1669D1295E6B.d.E6A269697F9C055479059FB6D0544DEE.e.4573"}]}
COMMAND: GET /session/80da7dba80ee399917bd5af3446e69aa/screenshot - {}
RESULT: {}
RESULT: {"script":"<script> [8489 bytes]","args":[{"element-6066-11e4-a52e-4f735466cecf":"f.8F7B09A86D515E92E05B1669D1295E6B.d.E6A269697F9C055479059FB6D0544DEE.e.4573","ELEMENT":"f.8F7B09A86D515E92E05B1669D1295E6B.d.E6A269697F9C055479059FB6D0544DEE.e.4573"}]}
COMMAND: POST /session/80da7dba80ee399917bd5af3446e69aa/execute/sync - {"script":"<script> [5351 bytes]","args":[{"element-6066-11e4-a52e-4f735466cecf":"f.8F7B09A86D515E92E05B1669D1295E6B.d.E6A269697F9C055479059FB6D0544DEE.e.4573","ELEMENT":"f.8F7B09A86D515E92E05B1669D1295E6B.d.E6A269697F9C055479059FB6D0544DEE.e.4573"}]}
COMMAND: GET /session/80da7dba80ee399917bd5af3446e69aa/screenshot - {}
RESULT: {}
RESULT: {"script":"<script> [5351 bytes]","args":[{"element-6066-11e4-a52e-4f735466cecf":"f.8F7B09A86D515E92E05B1669D1295E6B.d.E6A269697F9C055479059FB6D0544DEE.e.4573","ELEMENT":"f.8F7B09A86D515E92E05B1669D1295E6B.d.E6A269697F9C055479059FB6D0544DEE.e.4573"}]}
COMMAND: GET /session/80da7dba80ee399917bd5af3446e69aa/screenshot - {}
RESULT: {}
RESULT: {}
COMMAND: POST /session/80da7dba80ee399917bd5af3446e69aa/element/f.8F7B09A86D515E92E05B1669D1295E6B.d.E6A269697F9C055479059FB6D0544DEE.e.4573/clear - {}
RESULT: {}
COMMAND: POST /session/80da7dba80ee399917bd5af3446e69aa/element/f.8F7B09A86D515E92E05B1669D1295E6B.d.E6A269697F9C055479059FB6D0544DEE.e.4573/value - {"text":"235"}
COMMAND: GET /session/80da7dba80ee399917bd5af3446e69aa/screenshot - {}
RESULT: {"text":"235"}
RESULT: {}
COMMAND: GET /session/80da7dba80ee399917bd5af3446e69aa/screenshot - {}
RESULT: {}
COMMAND: POST /session/80da7dba80ee399917bd5af3446e69aa/actions - {"actions":[{"id":"action11","type":"key","parameters":{},"actions":[{"type":"keyDown","value":""},{"type":"pause","duration":10},{"type":"keyUp","value":""}]}]}
RESULT: {"actions":[{"id":"action11","type":"key","parameters":{},"actions":[{"type":"keyDown","value":""},{"type":"pause","duration":10},{"type":"keyUp","value":""}]}]}
COMMAND: GET /session/80da7dba80ee399917bd5af3446e69aa/screenshot - {}
RESULT: {}
COMMAND: POST /session/80da7dba80ee399917bd5af3446e69aa/element - {"using":"xpath","value":"//span[contains(@id, \"smartTable-header-inner\")]"}
RESULT: {"using":"xpath","value":"//span[contains(@id, \"smartTable-header-inner\")]"}
COMMAND: POST /session/80da7dba80ee399917bd5af3446e69aa/elements - {"using":"xpath","value":"//span[contains(@id, \"smartTable-header-inner\")]"}
RESULT: {"using":"xpath","value":"//span[contains(@id, \"smartTable-header-inner\")]"}
COMMAND: POST /session/80da7dba80ee399917bd5af3446e69aa/execute/sync - {"script":"<script> [56 bytes]","args":[{"element-6066-11e4-a52e-4f735466cecf":"f.8F7B09A86D515E92E05B1669D1295E6B.d.E6A269697F9C055479059FB6D0544DEE.e.4644","ELEMENT":"f.8F7B09A86D515E92E05B1669D1295E6B.d.E6A269697F9C055479059FB6D0544DEE.e.4644"}]}
RESULT: {"script":"<script> [56 bytes]","args":[{"element-6066-11e4-a52e-4f735466cecf":"f.8F7B09A86D515E92E05B1669D1295E6B.d.E6A269697F9C055479059FB6D0544DEE.e.4644","ELEMENT":"f.8F7B09A86D515E92E05B1669D1295E6B.d.E6A269697F9C055479059FB6D0544DEE.e.4644"}]}
COMMAND: POST /session/80da7dba80ee399917bd5af3446e69aa/element - {"using":"xpath","value":"(//span[contains(@id, \"imgNav\")])[1]"}
COMMAND: GET /session/80da7dba80ee399917bd5af3446e69aa/screenshot - {}
RESULT: {"using":"xpath","value":"(//span[contains(@id, \"imgNav\")])[1]"}
COMMAND: POST /session/80da7dba80ee399917bd5af3446e69aa/element/f.8F7B09A86D515E92E05B1669D1295E6B.d.E6A269697F9C055479059FB6D0544DEE.e.4643/click - {}
RESULT: {}
RESULT: {}
COMMAND: GET /session/80da7dba80ee399917bd5af3446e69aa/screenshot - {}
RESULT: {}
COMMAND: POST /session/80da7dba80ee399917bd5af3446e69aa/execute/async - {"script":"<script> [1562 bytes]","args":[{"selector":{"id":"application-yardoverview-display-component---detailYardInventory--openProvides-triggerAction-provideBtn","interaction":{"idSuffix":"BDI-content"}},"wdio_ui5_key":"applicationyardoverview-display-component---detailYardInventory--openProvides-triggerAction-provideBtn"}]}
RESULT: {"script":"<script> [1562 bytes]","args":[{"selector":{"id":"application-yardoverview-display-component---detailYardInventory--openProvides-triggerAction-provideBtn","interaction":{"idSuffix":"BDI-content"}},"wdio_ui5_key":"applicationyardoverview-display-component---detailYardInventory--openProvides-triggerAction-provideBtn"}]}
RESULT: undefined
COMMAND: POST /session/80da7dba80ee399917bd5af3446e69aa/element - {"using":"xpath","value":"//*[@id=\"application-yardoverview-display-component---detailYardInventory--openProvides-triggerAction-provideBtn\"]"}
RESULT: {"using":"xpath","value":"//*[@id=\"application-yardoverview-display-component---detailYardInventory--openProvides-triggerAction-provideBtn\"]"}
COMMAND: POST /session/80da7dba80ee399917bd5af3446e69aa/element/f.8F7B09A86D515E92E05B1669D1295E6B.d.E6A269697F9C055479059FB6D0544DEE.e.4681/click - {}
RESULT: {}
COMMAND: GET /session/80da7dba80ee399917bd5af3446e69aa/screenshot - {}
RESULT: {}
COMMAND: POST /session/80da7dba80ee399917bd5af3446e69aa/execute/async - {"script":"<script> [1562 bytes]","args":[{"selector":{"controlType":"sap.m.CheckBox","viewName":"etm.portal.ui.yardoverview.view.Detail","viewId":"application-yardoverview-display-component---detailYardInventory","properties":{"editable":true},"ancestor":{"controlType":"sap.m.ColumnListItem","viewName":"etm.portal.ui.yardoverview.view.Detail","viewId":"application-yardoverview-display-component---detailYardInventory","bindingPath":{"path":"/SmartOpenRUYardInventory(CONTRACT='10166',ITEM=10m,SUB_ITEM=0m)"},"ancestor":{"id":"application-yardoverview-display-component---detailYardInventory--customProvidesTable"}},"interaction":{"idSuffix":"CbBg"}},"wdio_ui5_key":"etmportal.ui.yardoverview.view.Detailsap.m.CheckBox{\"editable\":true}{\"controlType\":\"sap.m.ColumnListItem\",\"viewName\":\"etm.portal.ui.yardoverview.view.Detail\",\"viewId\":\"application-yardoverview-display-component---detailYardInventory\",\"bindingPath\":{\"path\":\"/SmartOpenRUYardInventory(CONTRACT='10166',ITEM=10m,SUB_ITEM=0m)\"},\"ancestor\":{\"id\":\"application-yardoverview-display-component---detailYardInventory--customProvidesTable\"}}"}]}
RESULT: {"script":"<script> [1562 bytes]","args":[{"selector":{"controlType":"sap.m.CheckBox","viewName":"etm.portal.ui.yardoverview.view.Detail","viewId":"application-yardoverview-display-component---detailYardInventory","properties":{"editable":true},"ancestor":{"controlType":"sap.m.ColumnListItem","viewName":"etm.portal.ui.yardoverview.view.Detail","viewId":"application-yardoverview-display-component---detailYardInventory","bindingPath":{"path":"/SmartOpenRUYardInventory(CONTRACT='10166',ITEM=10m,SUB_ITEM=0m)"},"ancestor":{"id":"application-yardoverview-display-component---detailYardInventory--customProvidesTable"}},"interaction":{"idSuffix":"CbBg"}},"wdio_ui5_key":"etmportal.ui.yardoverview.view.Detailsap.m.CheckBox{\"editable\":true}{\"controlType\":\"sap.m.ColumnListItem\",\"viewName\":\"etm.portal.ui.yardoverview.view.Detail\",\"viewId\":\"application-yardoverview-display-component---detailYardInventory\",\"bindingPath\":{\"path\":\"/SmartOpenRUYardInventory(CONTRACT='10166',ITEM=10m,SUB_ITEM=0m)\"},\"ancestor\":{\"id\":\"application-yardoverview-display-component---detailYardInventory--customProvidesTable\"}}"}]}
RESULT: undefined
COMMAND: POST /session/80da7dba80ee399917bd5af3446e69aa/element - {"using":"xpath","value":"//*[@id=\"__item2334-__clone6976-selectMulti\"]"}
RESULT: {"using":"xpath","value":"//*[@id=\"__item2334-__clone6976-selectMulti\"]"}
COMMAND: POST /session/80da7dba80ee399917bd5af3446e69aa/element/f.8F7B09A86D515E92E05B1669D1295E6B.d.E6A269697F9C055479059FB6D0544DEE.e.4757/click - {}
RESULT: {}
COMMAND: GET /session/80da7dba80ee399917bd5af3446e69aa/screenshot - {}
RESULT: {}
RESULT: undefined
COMMAND: POST /session/80da7dba80ee399917bd5af3446e69aa/element - {"using":"xpath","value":"//*[@id=\"application-yardoverview-display-component---detailYardInventory--openProvides-triggerAction-provideBtn\"]"}
RESULT: {"using":"xpath","value":"//*[@id=\"application-yardoverview-display-component---detailYardInventory--openProvides-triggerAction-provideBtn\"]"}
COMMAND: POST /session/80da7dba80ee399917bd5af3446e69aa/element/f.8F7B09A86D515E92E05B1669D1295E6B.d.E6A269697F9C055479059FB6D0544DEE.e.4681/click - {}
RESULT: {}
COMMAND: GET /session/80da7dba80ee399917bd5af3446e69aa/screenshot - {}
RESULT: {}
COMMAND: POST /session/80da7dba80ee399917bd5af3446e69aa/actions - {"actions":[{"id":"action12","type":"key","parameters":{},"actions":[{"type":"keyDown","value":""},{"type":"pause","duration":10},{"type":"keyUp","value":""}]}]}
RESULT: {"actions":[{"id":"action12","type":"key","parameters":{},"actions":[{"type":"keyDown","value":""},{"type":"pause","duration":10},{"type":"keyUp","value":""}]}]}
COMMAND: GET /session/80da7dba80ee399917bd5af3446e69aa/screenshot - {}
RESULT: {}
COMMAND: POST /session/80da7dba80ee399917bd5af3446e69aa/execute/async - {"script":"<script> [1562 bytes]","args":[{"selector":{"id":"application-yardoverview-display-component---detailYardInventory--smartTableProvides-btnPersonalisation-img"},"wdio_ui5_key":"applicationyardoverview-display-component---detailYardInventory--smartTableProvides-btnPersonalisation-img"}]}
RESULT: {"script":"<script> [1562 bytes]","args":[{"selector":{"id":"application-yardoverview-display-component---detailYardInventory--smartTableProvides-btnPersonalisation-img"},"wdio_ui5_key":"applicationyardoverview-display-component---detailYardInventory--smartTableProvides-btnPersonalisation-img"}]}
RESULT: undefined
COMMAND: POST /session/80da7dba80ee399917bd5af3446e69aa/element - {"using":"xpath","value":"//*[@id=\"application-yardoverview-display-component---detailYardInventory--smartTableProvides-btnPersonalisation-img\"]"}
RESULT: {"using":"xpath","value":"//*[@id=\"application-yardoverview-display-component---detailYardInventory--smartTableProvides-btnPersonalisation-img\"]"}
COMMAND: POST /session/80da7dba80ee399917bd5af3446e69aa/element/f.8F7B09A86D515E92E05B1669D1295E6B.d.E6A269697F9C055479059FB6D0544DEE.e.4693/click - {}
RESULT: {}
COMMAND: POST /session/80da7dba80ee399917bd5af3446e69aa/element - {"using":"xpath","value":"//input[contains(@id ,\"searchField-I\")]"}
COMMAND: GET /session/80da7dba80ee399917bd5af3446e69aa/screenshot - {}
RESULT: {"using":"xpath","value":"//input[contains(@id ,\"searchField-I\")]"}
COMMAND: POST /session/80da7dba80ee399917bd5af3446e69aa/element/f.8F7B09A86D515E92E05B1669D1295E6B.d.E6A269697F9C055479059FB6D0544DEE.e.4775/clear - {}
RESULT: {}
RESULT: {}
COMMAND: POST /session/80da7dba80ee399917bd5af3446e69aa/element/f.8F7B09A86D515E92E05B1669D1295E6B.d.E6A269697F9C055479059FB6D0544DEE.e.4775/value - {"text":"Handover Provided"}
COMMAND: GET /session/80da7dba80ee399917bd5af3446e69aa/screenshot - {}
RESULT: {"text":"Handover Provided"}
COMMAND: GET /session/80da7dba80ee399917bd5af3446e69aa/screenshot - {}
RESULT: {}
RESULT: {}
COMMAND: POST /session/80da7dba80ee399917bd5af3446e69aa/element - {"using":"xpath","value":"//div[contains(@id ,\"innerSelectionPanelTable-sa-CbBg\")]"}
RESULT: {"using":"xpath","value":"//div[contains(@id ,\"innerSelectionPanelTable-sa-CbBg\")]"}
COMMAND: POST /session/80da7dba80ee399917bd5af3446e69aa/element/f.8F7B09A86D515E92E05B1669D1295E6B.d.E6A269697F9C055479059FB6D0544DEE.e.4804/click - {}
RESULT: {}
COMMAND: GET /session/80da7dba80ee399917bd5af3446e69aa/screenshot - {}
RESULT: {}
COMMAND: POST /session/80da7dba80ee399917bd5af3446e69aa/element - {"using":"xpath","value":"//bdi[contains(@id ,\"confirmBtn-BDI-content\")]"}
RESULT: {"using":"xpath","value":"//bdi[contains(@id ,\"confirmBtn-BDI-content\")]"}
COMMAND: POST /session/80da7dba80ee399917bd5af3446e69aa/element/f.8F7B09A86D515E92E05B1669D1295E6B.d.E6A269697F9C055479059FB6D0544DEE.e.4805/click - {}
RESULT: {}
COMMAND: GET /session/80da7dba80ee399917bd5af3446e69aa/screenshot - {}
RESULT: {}
COMMAND: POST /session/80da7dba80ee399917bd5af3446e69aa/element - {"using":"xpath","value":"//a[contains(@data-kt ,\"OpenProvidesHandOverItemLink\")]"}
RESULT: {"using":"xpath","value":"//a[contains(@data-kt ,\"OpenProvidesHandOverItemLink\")]"}
COMMAND: POST /session/80da7dba80ee399917bd5af3446e69aa/element/f.8F7B09A86D515E92E05B1669D1295E6B.d.E6A269697F9C055479059FB6D0544DEE.e.4811/click - {}
RESULT: {}
COMMAND: GET /session/80da7dba80ee399917bd5af3446e69aa/screenshot - {}
RESULT: {}
COMMAND: POST /session/80da7dba80ee399917bd5af3446e69aa/actions - {"actions":[{"id":"action13","type":"key","parameters":{},"actions":[{"type":"keyDown","value":""},{"type":"pause","duration":10},{"type":"keyUp","value":""}]}]}
RESULT: {"actions":[{"id":"action13","type":"key","parameters":{},"actions":[{"type":"keyDown","value":""},{"type":"pause","duration":10},{"type":"keyUp","value":""}]}]}
COMMAND: GET /session/80da7dba80ee399917bd5af3446e69aa/screenshot - {}
RESULT: {}
COMMAND: POST /session/80da7dba80ee399917bd5af3446e69aa/execute/async - {"script":"<script> [1562 bytes]","args":[{"selector":{"id":"issueDatePicker","viewName":"etm.portal.ui.managehandovers.view.DetailExecuteHO","interaction":{"idSuffix":"inner"}},"wdio_ui5_key":"issueDatePickeretmportal.ui.managehandovers.view.DetailExecuteHO"}]}
RESULT: {"script":"<script> [1562 bytes]","args":[{"selector":{"id":"issueDatePicker","viewName":"etm.portal.ui.managehandovers.view.DetailExecuteHO","interaction":{"idSuffix":"inner"}},"wdio_ui5_key":"issueDatePickeretmportal.ui.managehandovers.view.DetailExecuteHO"}]}
RESULT: undefined
COMMAND: POST /session/80da7dba80ee399917bd5af3446e69aa/execute/async - {"script":"<script> [776 bytes]","args":[{"enterText":"6/13/25","selector":{"id":"issueDatePicker","viewName":"etm.portal.ui.managehandovers.view.DetailExecuteHO","interaction":{"idSuffix":"inner"}},"clearTextFirst":true,"interactionType":"ENTER_TEXT"}]}
RESULT: {"script":"<script> [776 bytes]","args":[{"enterText":"6/13/25","selector":{"id":"issueDatePicker","viewName":"etm.portal.ui.managehandovers.view.DetailExecuteHO","interaction":{"idSuffix":"inner"}},"clearTextFirst":true,"interactionType":"ENTER_TEXT"}]}
COMMAND: POST /session/80da7dba80ee399917bd5af3446e69aa/element - {"using":"xpath","value":"//button[@data-kt=\"PickingTableConfirmAllButton\"]"}
RESULT: {"using":"xpath","value":"//button[@data-kt=\"PickingTableConfirmAllButton\"]"}
COMMAND: POST /session/80da7dba80ee399917bd5af3446e69aa/element/f.8F7B09A86D515E92E05B1669D1295E6B.d.E6A269697F9C055479059FB6D0544DEE.e.4956/click - {}
RESULT: {}
COMMAND: GET /session/80da7dba80ee399917bd5af3446e69aa/screenshot - {}
RESULT: {}
COMMAND: POST /session/80da7dba80ee399917bd5af3446e69aa/element - {"using":"xpath","value":"//bdi[contains(text(), \"OK\")]"}
RESULT: {"using":"xpath","value":"//bdi[contains(text(), \"OK\")]"}
COMMAND: POST /session/80da7dba80ee399917bd5af3446e69aa/element/f.8F7B09A86D515E92E05B1669D1295E6B.d.E6A269697F9C055479059FB6D0544DEE.e.4959/click - {}
RESULT: {}
COMMAND: GET /session/80da7dba80ee399917bd5af3446e69aa/screenshot - {}
RESULT: {}
COMMAND: POST /session/80da7dba80ee399917bd5af3446e69aa/element - {"using":"xpath","value":"//bdi[contains(text(), \"Issue\")]"}
RESULT: {"using":"xpath","value":"//bdi[contains(text(), \"Issue\")]"}
COMMAND: POST /session/80da7dba80ee399917bd5af3446e69aa/element/f.8F7B09A86D515E92E05B1669D1295E6B.d.E6A269697F9C055479059FB6D0544DEE.e.4961/click - {}
RESULT: {}
COMMAND: GET /session/80da7dba80ee399917bd5af3446e69aa/screenshot - {}
RESULT: {}
COMMAND: POST /session/80da7dba80ee399917bd5af3446e69aa/element - {"using":"css selector","value":"#shell-header-logo"}
RESULT: {"using":"css selector","value":"#shell-header-logo"}
COMMAND: POST /session/80da7dba80ee399917bd5af3446e69aa/element/f.8F7B09A86D515E92E05B1669D1295E6B.d.E6A269697F9C055479059FB6D0544DEE.e.4568/click - {}
RESULT: {}
COMMAND: GET /session/80da7dba80ee399917bd5af3446e69aa/screenshot - {}
RESULT: {}
RESULT: undefined
COMMAND: POST /session/80da7dba80ee399917bd5af3446e69aa/element - {"using":"xpath","value":"//*[@id=\"__tile133\"]"}
RESULT: {"using":"xpath","value":"//*[@id=\"__tile133\"]"}
COMMAND: POST /session/80da7dba80ee399917bd5af3446e69aa/element/f.8F7B09A86D515E92E05B1669D1295E6B.d.E6A269697F9C055479059FB6D0544DEE.e.146/click - {}
RESULT: {}
COMMAND: GET /session/80da7dba80ee399917bd5af3446e69aa/screenshot - {}
RESULT: {}
COMMAND: POST /session/80da7dba80ee399917bd5af3446e69aa/elements - {"using":"xpath","value":"//span[text()='Error']"}
RESULT: {"using":"xpath","value":"//span[text()='Error']"}
COMMAND: POST /session/80da7dba80ee399917bd5af3446e69aa/element - {"using":"xpath","value":"//button[@data-kt=\"addButton\"]"}
RESULT: {"using":"xpath","value":"//button[@data-kt=\"addButton\"]"}
COMMAND: POST /session/80da7dba80ee399917bd5af3446e69aa/elements - {"using":"xpath","value":"//button[@data-kt=\"addButton\"]"}
RESULT: {"using":"xpath","value":"//button[@data-kt=\"addButton\"]"}
COMMAND: POST /session/80da7dba80ee399917bd5af3446e69aa/execute/sync - {"script":"<script> [8489 bytes]","args":[{"element-6066-11e4-a52e-4f735466cecf":"f.8F7B09A86D515E92E05B1669D1295E6B.d.E6A269697F9C055479059FB6D0544DEE.e.5190","ELEMENT":"f.8F7B09A86D515E92E05B1669D1295E6B.d.E6A269697F9C055479059FB6D0544DEE.e.5190"}]}
RESULT: {"script":"<script> [8489 bytes]","args":[{"element-6066-11e4-a52e-4f735466cecf":"f.8F7B09A86D515E92E05B1669D1295E6B.d.E6A269697F9C055479059FB6D0544DEE.e.5190","ELEMENT":"f.8F7B09A86D515E92E05B1669D1295E6B.d.E6A269697F9C055479059FB6D0544DEE.e.5190"}]}
COMMAND: GET /session/80da7dba80ee399917bd5af3446e69aa/element/f.8F7B09A86D515E92E05B1669D1295E6B.d.E6A269697F9C055479059FB6D0544DEE.e.5190/enabled - {}
COMMAND: GET /session/80da7dba80ee399917bd5af3446e69aa/screenshot - {}
RESULT: {}
COMMAND: POST /session/80da7dba80ee399917bd5af3446e69aa/execute/sync - {"script":"<script> [8489 bytes]","args":[{"element-6066-11e4-a52e-4f735466cecf":"f.8F7B09A86D515E92E05B1669D1295E6B.d.E6A269697F9C055479059FB6D0544DEE.e.5190","ELEMENT":"f.8F7B09A86D515E92E05B1669D1295E6B.d.E6A269697F9C055479059FB6D0544DEE.e.5190"}]}
COMMAND: GET /session/80da7dba80ee399917bd5af3446e69aa/screenshot - {}
RESULT: {}
RESULT: {"script":"<script> [8489 bytes]","args":[{"element-6066-11e4-a52e-4f735466cecf":"f.8F7B09A86D515E92E05B1669D1295E6B.d.E6A269697F9C055479059FB6D0544DEE.e.5190","ELEMENT":"f.8F7B09A86D515E92E05B1669D1295E6B.d.E6A269697F9C055479059FB6D0544DEE.e.5190"}]}
COMMAND: POST /session/80da7dba80ee399917bd5af3446e69aa/execute/sync - {"script":"<script> [5351 bytes]","args":[{"element-6066-11e4-a52e-4f735466cecf":"f.8F7B09A86D515E92E05B1669D1295E6B.d.E6A269697F9C055479059FB6D0544DEE.e.5190","ELEMENT":"f.8F7B09A86D515E92E05B1669D1295E6B.d.E6A269697F9C055479059FB6D0544DEE.e.5190"}]}
COMMAND: GET /session/80da7dba80ee399917bd5af3446e69aa/screenshot - {}
RESULT: {}
RESULT: {"script":"<script> [5351 bytes]","args":[{"element-6066-11e4-a52e-4f735466cecf":"f.8F7B09A86D515E92E05B1669D1295E6B.d.E6A269697F9C055479059FB6D0544DEE.e.5190","ELEMENT":"f.8F7B09A86D515E92E05B1669D1295E6B.d.E6A269697F9C055479059FB6D0544DEE.e.5190"}]}
COMMAND: GET /session/80da7dba80ee399917bd5af3446e69aa/screenshot - {}
RESULT: {}
RESULT: {}
COMMAND: POST /session/80da7dba80ee399917bd5af3446e69aa/execute/async - {"script":"<script> [1562 bytes]","args":[{"selector":{"controlType":"sap.m.SearchField","viewName":"etm.portal.ui.managecontracts.view.Master","bindingPath":{"path":"","propertyPath":"/_BASIC_SEARCH_FIELD","modelName":"fi1t3rM0d31"},"interaction":{"idSuffix":"I"}},"wdio_ui5_key":"etmportal.ui.managecontracts.view.Mastersap.m.SearchField{\"path\":\"\",\"propertyPath\":\"/_BASIC_SEARCH_FIELD\",\"modelName\":\"fi1t3rM0d31\"}"}]}
RESULT: {"script":"<script> [1562 bytes]","args":[{"selector":{"controlType":"sap.m.SearchField","viewName":"etm.portal.ui.managecontracts.view.Master","bindingPath":{"path":"","propertyPath":"/_BASIC_SEARCH_FIELD","modelName":"fi1t3rM0d31"},"interaction":{"idSuffix":"I"}},"wdio_ui5_key":"etmportal.ui.managecontracts.view.Mastersap.m.SearchField{\"path\":\"\",\"propertyPath\":\"/_BASIC_SEARCH_FIELD\",\"modelName\":\"fi1t3rM0d31\"}"}]}
RESULT: undefined
COMMAND: POST /session/80da7dba80ee399917bd5af3446e69aa/execute/async - {"script":"<script> [776 bytes]","args":[{"enterText":"10166","selector":{"controlType":"sap.m.SearchField","viewName":"etm.portal.ui.managecontracts.view.Master","bindingPath":{"path":"","propertyPath":"/_BASIC_SEARCH_FIELD","modelName":"fi1t3rM0d31"},"interaction":{"idSuffix":"I"}},"clearTextFirst":true,"interactionType":"ENTER_TEXT"}]}
RESULT: {"script":"<script> [776 bytes]","args":[{"enterText":"10166","selector":{"controlType":"sap.m.SearchField","viewName":"etm.portal.ui.managecontracts.view.Master","bindingPath":{"path":"","propertyPath":"/_BASIC_SEARCH_FIELD","modelName":"fi1t3rM0d31"},"interaction":{"idSuffix":"I"}},"clearTextFirst":true,"interactionType":"ENTER_TEXT"}]}
COMMAND: POST /session/80da7dba80ee399917bd5af3446e69aa/actions - {"actions":[{"id":"action14","type":"key","parameters":{},"actions":[{"type":"keyDown","value":""},{"type":"pause","duration":10},{"type":"keyUp","value":""}]}]}
RESULT: {"actions":[{"id":"action14","type":"key","parameters":{},"actions":[{"type":"keyDown","value":""},{"type":"pause","duration":10},{"type":"keyUp","value":""}]}]}
COMMAND: GET /session/80da7dba80ee399917bd5af3446e69aa/screenshot - {}
RESULT: {}
COMMAND: POST /session/80da7dba80ee399917bd5af3446e69aa/element - {"using":"xpath","value":"//span[contains(@id, \"masterListContractsSmartTable-header-inner\")]"}
RESULT: {"using":"xpath","value":"//span[contains(@id, \"masterListContractsSmartTable-header-inner\")]"}
COMMAND: POST /session/80da7dba80ee399917bd5af3446e69aa/elements - {"using":"xpath","value":"//span[contains(@id, \"masterListContractsSmartTable-header-inner\")]"}
RESULT: {"using":"xpath","value":"//span[contains(@id, \"masterListContractsSmartTable-header-inner\")]"}
COMMAND: POST /session/80da7dba80ee399917bd5af3446e69aa/execute/sync - {"script":"<script> [56 bytes]","args":[{"element-6066-11e4-a52e-4f735466cecf":"f.8F7B09A86D515E92E05B1669D1295E6B.d.E6A269697F9C055479059FB6D0544DEE.e.5243","ELEMENT":"f.8F7B09A86D515E92E05B1669D1295E6B.d.E6A269697F9C055479059FB6D0544DEE.e.5243"}]}
RESULT: {"script":"<script> [56 bytes]","args":[{"element-6066-11e4-a52e-4f735466cecf":"f.8F7B09A86D515E92E05B1669D1295E6B.d.E6A269697F9C055479059FB6D0544DEE.e.5243","ELEMENT":"f.8F7B09A86D515E92E05B1669D1295E6B.d.E6A269697F9C055479059FB6D0544DEE.e.5243"}]}
COMMAND: POST /session/80da7dba80ee399917bd5af3446e69aa/element - {"using":"xpath","value":"(//span[contains(@id, \"imgNav\")])[1]"}
COMMAND: GET /session/80da7dba80ee399917bd5af3446e69aa/screenshot - {}
RESULT: {"using":"xpath","value":"(//span[contains(@id, \"imgNav\")])[1]"}
COMMAND: POST /session/80da7dba80ee399917bd5af3446e69aa/element/f.8F7B09A86D515E92E05B1669D1295E6B.d.E6A269697F9C055479059FB6D0544DEE.e.5241/click - {}
RESULT: {}
RESULT: {}
COMMAND: GET /session/80da7dba80ee399917bd5af3446e69aa/screenshot - {}
RESULT: {}
COMMAND: POST /session/80da7dba80ee399917bd5af3446e69aa/element - {"using":"xpath","value":"//table[contains(@id, \"ProductsTable-listUl\")]/tbody/tr[1]/td[6]/div/span"}
RESULT: {"using":"xpath","value":"//table[contains(@id, \"ProductsTable-listUl\")]/tbody/tr[1]/td[6]/div/span"}
COMMAND: POST /session/80da7dba80ee399917bd5af3446e69aa/elements - {"using":"xpath","value":"//table[contains(@id, \"ProductsTable-listUl\")]/tbody/tr[1]/td[6]/div/span"}
RESULT: {"using":"xpath","value":"//table[contains(@id, \"ProductsTable-listUl\")]/tbody/tr[1]/td[6]/div/span"}
COMMAND: POST /session/80da7dba80ee399917bd5af3446e69aa/execute/sync - {"script":"<script> [56 bytes]","args":[{"element-6066-11e4-a52e-4f735466cecf":"f.8F7B09A86D515E92E05B1669D1295E6B.d.E6A269697F9C055479059FB6D0544DEE.e.5408","ELEMENT":"f.8F7B09A86D515E92E05B1669D1295E6B.d.E6A269697F9C055479059FB6D0544DEE.e.5408"}]}
RESULT: {"script":"<script> [56 bytes]","args":[{"element-6066-11e4-a52e-4f735466cecf":"f.8F7B09A86D515E92E05B1669D1295E6B.d.E6A269697F9C055479059FB6D0544DEE.e.5408","ELEMENT":"f.8F7B09A86D515E92E05B1669D1295E6B.d.E6A269697F9C055479059FB6D0544DEE.e.5408"}]}
COMMAND: POST /session/80da7dba80ee399917bd5af3446e69aa/element - {"using":"css selector","value":"#shell-header-logo"}
COMMAND: GET /session/80da7dba80ee399917bd5af3446e69aa/screenshot - {}
RESULT: {"using":"css selector","value":"#shell-header-logo"}
COMMAND: POST /session/80da7dba80ee399917bd5af3446e69aa/element/f.8F7B09A86D515E92E05B1669D1295E6B.d.E6A269697F9C055479059FB6D0544DEE.e.5141/click - {}
RESULT: {}
RESULT: {}
COMMAND: GET /session/80da7dba80ee399917bd5af3446e69aa/screenshot - {}
RESULT: {}
COMMAND: POST /session/80da7dba80ee399917bd5af3446e69aa/element - {"using":"css selector","value":"#j_username"}
COMMAND: POST /session/80da7dba80ee399917bd5af3446e69aa/url - {"url":"https://qa-testing-00-live-etm-ui.cfapps.eu10-004.hana.ondemand.com/"}
RESULT: {"using":"css selector","value":"#j_username"}
COMMAND: POST /session/80da7dba80ee399917bd5af3446e69aa/element - {"using":"css selector","value":"#j_username"}
RESULT: {"url":"https://qa-testing-00-live-etm-ui.cfapps.eu10-004.hana.ondemand.com/"}
RESULT: undefined
COMMAND: GET /session/80da7dba80ee399917bd5af3446e69aa/screenshot - {}
RESULT: {"using":"css selector","value":"#j_username"}
COMMAND: POST /session/80da7dba80ee399917bd5af3446e69aa/element - {"using":"css selector","value":"#shell-header-logo"}
RESULT: {}
RESULT: {"using":"css selector","value":"#shell-header-logo"}
COMMAND: POST /session/80da7dba80ee399917bd5af3446e69aa/execute/sync - {"script":"<script> [8489 bytes]","args":[{"element-6066-11e4-a52e-4f735466cecf":"f.8F7B09A86D515E92E05B1669D1295E6B.d.1727BBC8AB720164D43B7D8A96D3FEF3.e.5497","ELEMENT":"f.8F7B09A86D515E92E05B1669D1295E6B.d.1727BBC8AB720164D43B7D8A96D3FEF3.e.5497"}]}
RESULT: {"script":"<script> [8489 bytes]","args":[{"element-6066-11e4-a52e-4f735466cecf":"f.8F7B09A86D515E92E05B1669D1295E6B.d.1727BBC8AB720164D43B7D8A96D3FEF3.e.5497","ELEMENT":"f.8F7B09A86D515E92E05B1669D1295E6B.d.1727BBC8AB720164D43B7D8A96D3FEF3.e.5497"}]}
COMMAND: POST /session/80da7dba80ee399917bd5af3446e69aa/element - {"using":"css selector","value":"#shell-header-logo"}
COMMAND: GET /session/80da7dba80ee399917bd5af3446e69aa/screenshot - {}
RESULT: {"using":"css selector","value":"#shell-header-logo"}
COMMAND: POST /session/80da7dba80ee399917bd5af3446e69aa/execute/sync - {"script":"<script> [8489 bytes]","args":[{"element-6066-11e4-a52e-4f735466cecf":"f.8F7B09A86D515E92E05B1669D1295E6B.d.1727BBC8AB720164D43B7D8A96D3FEF3.e.5497","ELEMENT":"f.8F7B09A86D515E92E05B1669D1295E6B.d.1727BBC8AB720164D43B7D8A96D3FEF3.e.5497"}]}
RESULT: {}
RESULT: {"script":"<script> [8489 bytes]","args":[{"element-6066-11e4-a52e-4f735466cecf":"f.8F7B09A86D515E92E05B1669D1295E6B.d.1727BBC8AB720164D43B7D8A96D3FEF3.e.5497","ELEMENT":"f.8F7B09A86D515E92E05B1669D1295E6B.d.1727BBC8AB720164D43B7D8A96D3FEF3.e.5497"}]}
COMMAND: POST /session/80da7dba80ee399917bd5af3446e69aa/execute/sync - {"script":"<script> [5351 bytes]","args":[{"element-6066-11e4-a52e-4f735466cecf":"f.8F7B09A86D515E92E05B1669D1295E6B.d.1727BBC8AB720164D43B7D8A96D3FEF3.e.5497","ELEMENT":"f.8F7B09A86D515E92E05B1669D1295E6B.d.1727BBC8AB720164D43B7D8A96D3FEF3.e.5497"}]}
COMMAND: GET /session/80da7dba80ee399917bd5af3446e69aa/screenshot - {}
RESULT: {"script":"<script> [5351 bytes]","args":[{"element-6066-11e4-a52e-4f735466cecf":"f.8F7B09A86D515E92E05B1669D1295E6B.d.1727BBC8AB720164D43B7D8A96D3FEF3.e.5497","ELEMENT":"f.8F7B09A86D515E92E05B1669D1295E6B.d.1727BBC8AB720164D43B7D8A96D3FEF3.e.5497"}]}
COMMAND: POST /session/80da7dba80ee399917bd5af3446e69aa/element - {"using":"css selector","value":"#shell-header-logo"}
COMMAND: GET /session/80da7dba80ee399917bd5af3446e69aa/screenshot - {}
RESULT: {}
RESULT: {"using":"css selector","value":"#shell-header-logo"}
COMMAND: POST /session/80da7dba80ee399917bd5af3446e69aa/element/f.8F7B09A86D515E92E05B1669D1295E6B.d.1727BBC8AB720164D43B7D8A96D3FEF3.e.5497/click - {}
RESULT: {}
RESULT: {}
COMMAND: GET /session/80da7dba80ee399917bd5af3446e69aa/screenshot - {}
RESULT: {}
COMMAND: POST /session/80da7dba80ee399917bd5af3446e69aa/execute/async - {"script":"<script> [189 bytes]","args":[]}
RESULT: {"script":"<script> [189 bytes]","args":[]}
COMMAND: POST /session/80da7dba80ee399917bd5af3446e69aa/execute/async - {"script":"<script> [123 bytes]","args":[]}
RESULT: {"script":"<script> [123 bytes]","args":[]}
COMMAND: POST /session/80da7dba80ee399917bd5af3446e69aa/timeouts - {"script":"<number>"}
RESULT: {"script":"<number>"}
COMMAND: GET /session/80da7dba80ee399917bd5af3446e69aa/timeouts - {}
RESULT: {}
RESULT: undefined
COMMAND: POST /session/80da7dba80ee399917bd5af3446e69aa/execute/async - {"script":"<script> [2676 bytes]","args":[]}
RESULT: {"script":"<script> [2676 bytes]","args":[]}
COMMAND: POST /session/80da7dba80ee399917bd5af3446e69aa/execute/async - {"script":"<script> [2342 bytes]","args":[{"protocol":"http","hostname":"0.0.0.0","path":"/","capabilities":{"browserName":"chrome","goog:chromeOptions":{"binary":"C:\\Program Files\\Google\\Chrome\\Application\\chrome.exe","args":["--start-maximized"]}},"logLevel":"warn","connectionRetryTimeout":120000,"connectionRetryCount":3,"logLevels":{},"enableDirectConnect":true,"strictSSL":true,"_":"65 more keys: [\"cacheDir\",\"port\",\"requestedCapabilities\",\"automationProtocol\",\"baseUrl\",\"waitforInterval\",\"waitforTimeout\",\"onReload\",\"beforeCommand\",\"afterCommand\",\"rootDir\",\"specs\",\"suites\",\"exclude\",\"groupLogsByTestSpec\",\"excludeDriverLogs\",\"bail\",\"framework\",\"reporters\",\"services\",\"maxInstances\",\"maxInstancesPerCapability\",\"injectGlobals\",\"filesToWatch\",\"execArgv\",\"runnerEnv\",\"runner\",\"shard\",\"specFileRetries\",\"specFileRetriesDelay\",\"specFileRetriesDeferred\",\"reporterSyncInterval\",\"reporterSyncTimeout\",\"cucumberFeaturesWithLineNumbers\",\"autoCompileOpts\",\"mochaOpts\",\"jasmineOpts\",\"cucumberOpts\",\"onPrepare\",\"onWorkerStart\",\"onWorkerEnd\",\"before\",\"beforeSession\",\"beforeSuite\",\"beforeHook\",\"beforeTest\",\"afterTest\",\"afterHook\",\"afterSuite\",\"afterSession\",\"after\",\"onComplete\",\"beforeAssertion\",\"afterAssertion\",\"beforeFeature\",\"beforeScenario\",\"beforeStep\",\"afterStep\",\"afterScenario\",\"afterFeature\",\"_\",\"suite\",\"$0\",\"ignoredWorkerServices\",\"wdi5\"]"}]}
RESULT: {"script":"<script> [2342 bytes]","args":[{"protocol":"http","hostname":"0.0.0.0","path":"/","capabilities":{"browserName":"chrome","goog:chromeOptions":{"binary":"C:\\Program Files\\Google\\Chrome\\Application\\chrome.exe","args":["--start-maximized"]}},"logLevel":"warn","connectionRetryTimeout":120000,"connectionRetryCount":3,"logLevels":{},"enableDirectConnect":true,"strictSSL":true,"_":"65 more keys: [\"cacheDir\",\"port\",\"requestedCapabilities\",\"automationProtocol\",\"baseUrl\",\"waitforInterval\",\"waitforTimeout\",\"onReload\",\"beforeCommand\",\"afterCommand\",\"rootDir\",\"specs\",\"suites\",\"exclude\",\"groupLogsByTestSpec\",\"excludeDriverLogs\",\"bail\",\"framework\",\"reporters\",\"services\",\"maxInstances\",\"maxInstancesPerCapability\",\"injectGlobals\",\"filesToWatch\",\"execArgv\",\"runnerEnv\",\"runner\",\"shard\",\"specFileRetries\",\"specFileRetriesDelay\",\"specFileRetriesDeferred\",\"reporterSyncInterval\",\"reporterSyncTimeout\",\"cucumberFeaturesWithLineNumbers\",\"autoCompileOpts\",\"mochaOpts\",\"jasmineOpts\",\"cucumberOpts\",\"onPrepare\",\"onWorkerStart\",\"onWorkerEnd\",\"before\",\"beforeSession\",\"beforeSuite\",\"beforeHook\",\"beforeTest\",\"afterTest\",\"afterHook\",\"afterSuite\",\"afterSession\",\"after\",\"onComplete\",\"beforeAssertion\",\"afterAssertion\",\"beforeFeature\",\"beforeScenario\",\"beforeStep\",\"afterStep\",\"afterScenario\",\"afterFeature\",\"_\",\"suite\",\"$0\",\"ignoredWorkerServices\",\"wdi5\"]"}]}
COMMAND: POST /session/80da7dba80ee399917bd5af3446e69aa/execute/async - {"script":"<script> [21126 bytes]","args":[35000]}
RESULT: {"script":"<script> [21126 bytes]","args":[35000]}
COMMAND: POST /session/80da7dba80ee399917bd5af3446e69aa/window/maximize - {}
RESULT: {}
COMMAND: POST /session/80da7dba80ee399917bd5af3446e69aa/execute/async - {"script":"<script> [1562 bytes]","args":[{"selector":{"id":"shell-header","interaction":{"idSuffix":"icon"}},"wdio_ui5_key":"shellheader"}]}
COMMAND: GET /session/80da7dba80ee399917bd5af3446e69aa/screenshot - {}
RESULT: {"script":"<script> [1562 bytes]","args":[{"selector":{"id":"shell-header","interaction":{"idSuffix":"icon"}},"wdio_ui5_key":"shellheader"}]}
RESULT: undefined
COMMAND: POST /session/80da7dba80ee399917bd5af3446e69aa/window/fullscreen - {}
RESULT: {}
RESULT: {}
]]></system-out>
    </testcase>
  </testsuite>
  <testsuite timestamp="2025-06-13T15:53:14" time="161.017" tests="1" failures="1" errors="1" skipped="0">
    <properties>
      <property name="specId" value="0"/>
      <property name="suiteName" value="Create masterdata for Yard Overview - trigger provide US130988"/>
      <property name="capabilities" value="chrome.137_0_7151_69.windows"/>
      <property name="file" value="file:///D:/a/1/s/test/specs/HTR/site-overview-return.spec.js"/>
    </properties>
    <testcase classname="chrome.137_0_7151_69.windows.Create_masterdata_for_Yard_Overview_-_trigger_provide_US130988" name="Should navigate to site overview and trigger return" time="131.566">
      <failure/>
      <error message="element (&quot;//button[@data-kt=&quot;masterHOAddButton&quot;]&quot;) still not existing after 45000ms"/>
      <system-out><![CDATA[
COMMAND: POST /session/80da7dba80ee399917bd5af3446e69aa/execute/async - {"script":"<script> [1562 bytes]","args":[{"selector":{"controlType":"sap.m.GenericTile","properties":{"header":"Site Overview"}},"wdio_ui5_key":"sapm.GenericTile{\"header\":\"Site Overview\"}"}]}
RESULT: {"script":"<script> [1562 bytes]","args":[{"selector":{"controlType":"sap.m.GenericTile","properties":{"header":"Site Overview"}},"wdio_ui5_key":"sapm.GenericTile{\"header\":\"Site Overview\"}"}]}
RESULT: undefined
COMMAND: POST /session/80da7dba80ee399917bd5af3446e69aa/element - {"using":"xpath","value":"//*[@id=\"__tile73\"]"}
RESULT: {"using":"xpath","value":"//*[@id=\"__tile73\"]"}
COMMAND: POST /session/80da7dba80ee399917bd5af3446e69aa/element/f.8F7B09A86D515E92E05B1669D1295E6B.d.1727BBC8AB720164D43B7D8A96D3FEF3.e.5585/click - {}
RESULT: {}
COMMAND: GET /session/80da7dba80ee399917bd5af3446e69aa/screenshot - {}
RESULT: {}
COMMAND: POST /session/80da7dba80ee399917bd5af3446e69aa/elements - {"using":"xpath","value":"//span[text()='Error']"}
RESULT: {"using":"xpath","value":"//span[text()='Error']"}
COMMAND: POST /session/80da7dba80ee399917bd5af3446e69aa/element - {"using":"xpath","value":"//input[contains(@id,\"smartFilterBar-btnBasicSearch-I\")]"}
RESULT: {"using":"xpath","value":"//input[contains(@id,\"smartFilterBar-btnBasicSearch-I\")]"}
COMMAND: POST /session/80da7dba80ee399917bd5af3446e69aa/elements - {"using":"xpath","value":"//input[contains(@id,\"smartFilterBar-btnBasicSearch-I\")]"}
RESULT: {"using":"xpath","value":"//input[contains(@id,\"smartFilterBar-btnBasicSearch-I\")]"}
COMMAND: POST /session/80da7dba80ee399917bd5af3446e69aa/execute/sync - {"script":"<script> [8489 bytes]","args":[{"element-6066-11e4-a52e-4f735466cecf":"f.8F7B09A86D515E92E05B1669D1295E6B.d.1727BBC8AB720164D43B7D8A96D3FEF3.e.5607","ELEMENT":"f.8F7B09A86D515E92E05B1669D1295E6B.d.1727BBC8AB720164D43B7D8A96D3FEF3.e.5607"}]}
RESULT: {"script":"<script> [8489 bytes]","args":[{"element-6066-11e4-a52e-4f735466cecf":"f.8F7B09A86D515E92E05B1669D1295E6B.d.1727BBC8AB720164D43B7D8A96D3FEF3.e.5607","ELEMENT":"f.8F7B09A86D515E92E05B1669D1295E6B.d.1727BBC8AB720164D43B7D8A96D3FEF3.e.5607"}]}
COMMAND: GET /session/80da7dba80ee399917bd5af3446e69aa/element/f.8F7B09A86D515E92E05B1669D1295E6B.d.1727BBC8AB720164D43B7D8A96D3FEF3.e.5607/enabled - {}
COMMAND: GET /session/80da7dba80ee399917bd5af3446e69aa/screenshot - {}
RESULT: {}
COMMAND: POST /session/80da7dba80ee399917bd5af3446e69aa/execute/sync - {"script":"<script> [8489 bytes]","args":[{"element-6066-11e4-a52e-4f735466cecf":"f.8F7B09A86D515E92E05B1669D1295E6B.d.1727BBC8AB720164D43B7D8A96D3FEF3.e.5607","ELEMENT":"f.8F7B09A86D515E92E05B1669D1295E6B.d.1727BBC8AB720164D43B7D8A96D3FEF3.e.5607"}]}
COMMAND: GET /session/80da7dba80ee399917bd5af3446e69aa/screenshot - {}
RESULT: {}
RESULT: {"script":"<script> [8489 bytes]","args":[{"element-6066-11e4-a52e-4f735466cecf":"f.8F7B09A86D515E92E05B1669D1295E6B.d.1727BBC8AB720164D43B7D8A96D3FEF3.e.5607","ELEMENT":"f.8F7B09A86D515E92E05B1669D1295E6B.d.1727BBC8AB720164D43B7D8A96D3FEF3.e.5607"}]}
COMMAND: POST /session/80da7dba80ee399917bd5af3446e69aa/execute/sync - {"script":"<script> [5351 bytes]","args":[{"element-6066-11e4-a52e-4f735466cecf":"f.8F7B09A86D515E92E05B1669D1295E6B.d.1727BBC8AB720164D43B7D8A96D3FEF3.e.5607","ELEMENT":"f.8F7B09A86D515E92E05B1669D1295E6B.d.1727BBC8AB720164D43B7D8A96D3FEF3.e.5607"}]}
COMMAND: GET /session/80da7dba80ee399917bd5af3446e69aa/screenshot - {}
RESULT: {}
RESULT: {"script":"<script> [5351 bytes]","args":[{"element-6066-11e4-a52e-4f735466cecf":"f.8F7B09A86D515E92E05B1669D1295E6B.d.1727BBC8AB720164D43B7D8A96D3FEF3.e.5607","ELEMENT":"f.8F7B09A86D515E92E05B1669D1295E6B.d.1727BBC8AB720164D43B7D8A96D3FEF3.e.5607"}]}
COMMAND: GET /session/80da7dba80ee399917bd5af3446e69aa/screenshot - {}
RESULT: {}
RESULT: {}
COMMAND: POST /session/80da7dba80ee399917bd5af3446e69aa/element/f.8F7B09A86D515E92E05B1669D1295E6B.d.1727BBC8AB720164D43B7D8A96D3FEF3.e.5607/clear - {}
RESULT: {}
COMMAND: POST /session/80da7dba80ee399917bd5af3446e69aa/element/f.8F7B09A86D515E92E05B1669D1295E6B.d.1727BBC8AB720164D43B7D8A96D3FEF3.e.5607/value - {"text":"2083"}
COMMAND: GET /session/80da7dba80ee399917bd5af3446e69aa/screenshot - {}
RESULT: {"text":"2083"}
COMMAND: GET /session/80da7dba80ee399917bd5af3446e69aa/screenshot - {}
RESULT: {}
RESULT: {}
COMMAND: POST /session/80da7dba80ee399917bd5af3446e69aa/actions - {"actions":[{"id":"action15","type":"key","parameters":{},"actions":[{"type":"keyDown","value":""},{"type":"pause","duration":10},{"type":"keyUp","value":""}]}]}
RESULT: {"actions":[{"id":"action15","type":"key","parameters":{},"actions":[{"type":"keyDown","value":""},{"type":"pause","duration":10},{"type":"keyUp","value":""}]}]}
COMMAND: GET /session/80da7dba80ee399917bd5af3446e69aa/screenshot - {}
RESULT: {}
COMMAND: POST /session/80da7dba80ee399917bd5af3446e69aa/element - {"using":"xpath","value":"//span[contains(@id, \"smartTable-header-inner\")]"}
RESULT: {"using":"xpath","value":"//span[contains(@id, \"smartTable-header-inner\")]"}
COMMAND: POST /session/80da7dba80ee399917bd5af3446e69aa/elements - {"using":"xpath","value":"//span[contains(@id, \"smartTable-header-inner\")]"}
RESULT: {"using":"xpath","value":"//span[contains(@id, \"smartTable-header-inner\")]"}
COMMAND: POST /session/80da7dba80ee399917bd5af3446e69aa/execute/sync - {"script":"<script> [56 bytes]","args":[{"element-6066-11e4-a52e-4f735466cecf":"f.8F7B09A86D515E92E05B1669D1295E6B.d.1727BBC8AB720164D43B7D8A96D3FEF3.e.5714","ELEMENT":"f.8F7B09A86D515E92E05B1669D1295E6B.d.1727BBC8AB720164D43B7D8A96D3FEF3.e.5714"}]}
RESULT: {"script":"<script> [56 bytes]","args":[{"element-6066-11e4-a52e-4f735466cecf":"f.8F7B09A86D515E92E05B1669D1295E6B.d.1727BBC8AB720164D43B7D8A96D3FEF3.e.5714","ELEMENT":"f.8F7B09A86D515E92E05B1669D1295E6B.d.1727BBC8AB720164D43B7D8A96D3FEF3.e.5714"}]}
COMMAND: POST /session/80da7dba80ee399917bd5af3446e69aa/element - {"using":"xpath","value":"(//span[contains(@id, \"imgNav\")])[1]"}
COMMAND: GET /session/80da7dba80ee399917bd5af3446e69aa/screenshot - {}
RESULT: {"using":"xpath","value":"(//span[contains(@id, \"imgNav\")])[1]"}
COMMAND: POST /session/80da7dba80ee399917bd5af3446e69aa/element/f.8F7B09A86D515E92E05B1669D1295E6B.d.1727BBC8AB720164D43B7D8A96D3FEF3.e.5713/click - {}
RESULT: {}
RESULT: {}
COMMAND: GET /session/80da7dba80ee399917bd5af3446e69aa/screenshot - {}
RESULT: {}
COMMAND: POST /session/80da7dba80ee399917bd5af3446e69aa/execute/async - {"script":"<script> [1562 bytes]","args":[{"selector":{"id":"application-siteinventory-display-component---detailSiteInventory--onSite-triggerAction-returnBtn","interaction":{"idSuffix":"BDI-content"}},"wdio_ui5_key":"applicationsiteinventory-display-component---detailSiteInventory--onSite-triggerAction-returnBtn"}]}
RESULT: {"script":"<script> [1562 bytes]","args":[{"selector":{"id":"application-siteinventory-display-component---detailSiteInventory--onSite-triggerAction-returnBtn","interaction":{"idSuffix":"BDI-content"}},"wdio_ui5_key":"applicationsiteinventory-display-component---detailSiteInventory--onSite-triggerAction-returnBtn"}]}
RESULT: undefined
COMMAND: POST /session/80da7dba80ee399917bd5af3446e69aa/element - {"using":"xpath","value":"//*[@id=\"application-siteinventory-display-component---detailSiteInventory--onSite-triggerAction-returnBtn\"]"}
RESULT: {"using":"xpath","value":"//*[@id=\"application-siteinventory-display-component---detailSiteInventory--onSite-triggerAction-returnBtn\"]"}
COMMAND: POST /session/80da7dba80ee399917bd5af3446e69aa/element/f.8F7B09A86D515E92E05B1669D1295E6B.d.1727BBC8AB720164D43B7D8A96D3FEF3.e.5749/click - {}
RESULT: {}
COMMAND: GET /session/80da7dba80ee399917bd5af3446e69aa/screenshot - {}
RESULT: {}
COMMAND: POST /session/80da7dba80ee399917bd5af3446e69aa/execute/async - {"script":"<script> [1562 bytes]","args":[{"selector":{"id":"application-siteinventory-display-component---detailSiteInventory--smartSiteHoItemsTable-sa","interaction":{"idSuffix":"CbBg"}},"wdio_ui5_key":"applicationsiteinventory-display-component---detailSiteInventory--smartSiteHoItemsTable-sa"}]}
RESULT: {"script":"<script> [1562 bytes]","args":[{"selector":{"id":"application-siteinventory-display-component---detailSiteInventory--smartSiteHoItemsTable-sa","interaction":{"idSuffix":"CbBg"}},"wdio_ui5_key":"applicationsiteinventory-display-component---detailSiteInventory--smartSiteHoItemsTable-sa"}]}
RESULT: undefined
COMMAND: POST /session/80da7dba80ee399917bd5af3446e69aa/element - {"using":"xpath","value":"//*[@id=\"application-siteinventory-display-component---detailSiteInventory--smartSiteHoItemsTable-sa\"]"}
RESULT: {"using":"xpath","value":"//*[@id=\"application-siteinventory-display-component---detailSiteInventory--smartSiteHoItemsTable-sa\"]"}
COMMAND: POST /session/80da7dba80ee399917bd5af3446e69aa/element/f.8F7B09A86D515E92E05B1669D1295E6B.d.1727BBC8AB720164D43B7D8A96D3FEF3.e.5828/click - {}
RESULT: {}
COMMAND: GET /session/80da7dba80ee399917bd5af3446e69aa/screenshot - {}
RESULT: {}
RESULT: undefined
COMMAND: POST /session/80da7dba80ee399917bd5af3446e69aa/element - {"using":"xpath","value":"//*[@id=\"application-siteinventory-display-component---detailSiteInventory--onSite-triggerAction-returnBtn\"]"}
RESULT: {"using":"xpath","value":"//*[@id=\"application-siteinventory-display-component---detailSiteInventory--onSite-triggerAction-returnBtn\"]"}
COMMAND: POST /session/80da7dba80ee399917bd5af3446e69aa/element/f.8F7B09A86D515E92E05B1669D1295E6B.d.1727BBC8AB720164D43B7D8A96D3FEF3.e.5749/click - {}
RESULT: {}
COMMAND: GET /session/80da7dba80ee399917bd5af3446e69aa/screenshot - {}
RESULT: {}
COMMAND: POST /session/80da7dba80ee399917bd5af3446e69aa/actions - {"actions":[{"id":"action16","type":"key","parameters":{},"actions":[{"type":"keyDown","value":""},{"type":"pause","duration":10},{"type":"keyUp","value":""}]}]}
RESULT: {"actions":[{"id":"action16","type":"key","parameters":{},"actions":[{"type":"keyDown","value":""},{"type":"pause","duration":10},{"type":"keyUp","value":""}]}]}
COMMAND: GET /session/80da7dba80ee399917bd5af3446e69aa/screenshot - {}
RESULT: {}
COMMAND: POST /session/80da7dba80ee399917bd5af3446e69aa/execute/async - {"script":"<script> [1562 bytes]","args":[{"selector":{"id":"application-siteinventory-display-component---detailSiteInventory--hoItemsSmartTable-btnPersonalisation-img"},"wdio_ui5_key":"applicationsiteinventory-display-component---detailSiteInventory--hoItemsSmartTable-btnPersonalisation-img"}]}
RESULT: {"script":"<script> [1562 bytes]","args":[{"selector":{"id":"application-siteinventory-display-component---detailSiteInventory--hoItemsSmartTable-btnPersonalisation-img"},"wdio_ui5_key":"applicationsiteinventory-display-component---detailSiteInventory--hoItemsSmartTable-btnPersonalisation-img"}]}
RESULT: undefined
COMMAND: POST /session/80da7dba80ee399917bd5af3446e69aa/element - {"using":"xpath","value":"//*[@id=\"application-siteinventory-display-component---detailSiteInventory--hoItemsSmartTable-btnPersonalisation-img\"]"}
RESULT: {"using":"xpath","value":"//*[@id=\"application-siteinventory-display-component---detailSiteInventory--hoItemsSmartTable-btnPersonalisation-img\"]"}
COMMAND: POST /session/80da7dba80ee399917bd5af3446e69aa/element/f.8F7B09A86D515E92E05B1669D1295E6B.d.1727BBC8AB720164D43B7D8A96D3FEF3.e.5758/click - {}
RESULT: {}
COMMAND: GET /session/80da7dba80ee399917bd5af3446e69aa/screenshot - {}
RESULT: {}
COMMAND: POST /session/80da7dba80ee399917bd5af3446e69aa/element - {"using":"xpath","value":"//input[contains(@id ,\"searchField-I\")]"}
RESULT: {"using":"xpath","value":"//input[contains(@id ,\"searchField-I\")]"}
COMMAND: POST /session/80da7dba80ee399917bd5af3446e69aa/element/f.8F7B09A86D515E92E05B1669D1295E6B.d.1727BBC8AB720164D43B7D8A96D3FEF3.e.5834/clear - {}
RESULT: {}
COMMAND: POST /session/80da7dba80ee399917bd5af3446e69aa/element/f.8F7B09A86D515E92E05B1669D1295E6B.d.1727BBC8AB720164D43B7D8A96D3FEF3.e.5834/value - {"text":"Handover Returned"}
COMMAND: GET /session/80da7dba80ee399917bd5af3446e69aa/screenshot - {}
RESULT: {"text":"Handover Returned"}
COMMAND: GET /session/80da7dba80ee399917bd5af3446e69aa/screenshot - {}
RESULT: {}
RESULT: {}
COMMAND: POST /session/80da7dba80ee399917bd5af3446e69aa/element - {"using":"xpath","value":"//div[contains(@id ,\"innerSelectionPanelTable-sa-CbBg\")]"}
RESULT: {"using":"xpath","value":"//div[contains(@id ,\"innerSelectionPanelTable-sa-CbBg\")]"}
COMMAND: POST /session/80da7dba80ee399917bd5af3446e69aa/element/f.8F7B09A86D515E92E05B1669D1295E6B.d.1727BBC8AB720164D43B7D8A96D3FEF3.e.5860/click - {}
RESULT: {}
COMMAND: POST /session/80da7dba80ee399917bd5af3446e69aa/execute/async - {"script":"<script> [1562 bytes]","args":[{"selector":{"controlType":"sap.m.Button","viewName":"etm.portal.ui.siteinventory.view.Detail","viewId":"application-siteinventory-display-component---detailSiteInventory","properties":{"text":"OK"},"searchOpenDialogs":true,"interaction":{"idSuffix":"BDI-content"}},"wdio_ui5_key":"etmportal.ui.siteinventory.view.Detailsap.m.Button{\"text\":\"OK\"}"}]}
COMMAND: GET /session/80da7dba80ee399917bd5af3446e69aa/screenshot - {}
RESULT: {"script":"<script> [1562 bytes]","args":[{"selector":{"controlType":"sap.m.Button","viewName":"etm.portal.ui.siteinventory.view.Detail","viewId":"application-siteinventory-display-component---detailSiteInventory","properties":{"text":"OK"},"searchOpenDialogs":true,"interaction":{"idSuffix":"BDI-content"}},"wdio_ui5_key":"etmportal.ui.siteinventory.view.Detailsap.m.Button{\"text\":\"OK\"}"}]}
RESULT: undefined
COMMAND: POST /session/80da7dba80ee399917bd5af3446e69aa/element - {"using":"xpath","value":"//*[@id=\"__popup37-confirmBtn\"]"}
RESULT: {}
RESULT: {"using":"xpath","value":"//*[@id=\"__popup37-confirmBtn\"]"}
COMMAND: POST /session/80da7dba80ee399917bd5af3446e69aa/element/f.8F7B09A86D515E92E05B1669D1295E6B.d.1727BBC8AB720164D43B7D8A96D3FEF3.e.5862/click - {}
RESULT: {}
COMMAND: GET /session/80da7dba80ee399917bd5af3446e69aa/screenshot - {}
RESULT: {}
COMMAND: POST /session/80da7dba80ee399917bd5af3446e69aa/element - {"using":"css selector","value":"#shell-header-logo"}
RESULT: {"using":"css selector","value":"#shell-header-logo"}
COMMAND: POST /session/80da7dba80ee399917bd5af3446e69aa/element/f.8F7B09A86D515E92E05B1669D1295E6B.d.1727BBC8AB720164D43B7D8A96D3FEF3.e.5497/click - {}
RESULT: {}
COMMAND: GET /session/80da7dba80ee399917bd5af3446e69aa/screenshot - {}
RESULT: {}
COMMAND: POST /session/80da7dba80ee399917bd5af3446e69aa/execute/async - {"script":"<script> [1562 bytes]","args":[{"selector":{"controlType":"sap.m.GenericTile","properties":{"header":"Manage Handovers"}},"wdio_ui5_key":"sapm.GenericTile{\"header\":\"Manage Handovers\"}"}]}
RESULT: {"script":"<script> [1562 bytes]","args":[{"selector":{"controlType":"sap.m.GenericTile","properties":{"header":"Manage Handovers"}},"wdio_ui5_key":"sapm.GenericTile{\"header\":\"Manage Handovers\"}"}]}
RESULT: undefined
COMMAND: POST /session/80da7dba80ee399917bd5af3446e69aa/element - {"using":"xpath","value":"//*[@id=\"__tile57\"]"}
RESULT: {"using":"xpath","value":"//*[@id=\"__tile57\"]"}
COMMAND: POST /session/80da7dba80ee399917bd5af3446e69aa/element/f.8F7B09A86D515E92E05B1669D1295E6B.d.1727BBC8AB720164D43B7D8A96D3FEF3.e.5533/click - {}
RESULT: {}
COMMAND: GET /session/80da7dba80ee399917bd5af3446e69aa/screenshot - {}
RESULT: {}
COMMAND: POST /session/80da7dba80ee399917bd5af3446e69aa/elements - {"using":"xpath","value":"//span[text()='Error']"}
RESULT: {"using":"xpath","value":"//span[text()='Error']"}
COMMAND: POST /session/80da7dba80ee399917bd5af3446e69aa/element - {"using":"xpath","value":"//button[@data-kt=\"masterHOAddButton\"]"}
RESULT: {"using":"xpath","value":"//button[@data-kt=\"masterHOAddButton\"]"}
COMMAND: POST /session/80da7dba80ee399917bd5af3446e69aa/elements - {"using":"xpath","value":"//button[@data-kt=\"masterHOAddButton\"]"}
RESULT: {"using":"xpath","value":"//button[@data-kt=\"masterHOAddButton\"]"}
COMMAND: POST /session/80da7dba80ee399917bd5af3446e69aa/elements - {"using":"xpath","value":"//button[@data-kt=\"masterHOAddButton\"]"}
RESULT: {"using":"xpath","value":"//button[@data-kt=\"masterHOAddButton\"]"}
COMMAND: POST /session/80da7dba80ee399917bd5af3446e69aa/elements - {"using":"xpath","value":"//button[@data-kt=\"masterHOAddButton\"]"}
RESULT: {"using":"xpath","value":"//button[@data-kt=\"masterHOAddButton\"]"}
COMMAND: POST /session/80da7dba80ee399917bd5af3446e69aa/elements - {"using":"xpath","value":"//button[@data-kt=\"masterHOAddButton\"]"}
RESULT: {"using":"xpath","value":"//button[@data-kt=\"masterHOAddButton\"]"}
COMMAND: POST /session/80da7dba80ee399917bd5af3446e69aa/elements - {"using":"xpath","value":"//button[@data-kt=\"masterHOAddButton\"]"}
RESULT: {"using":"xpath","value":"//button[@data-kt=\"masterHOAddButton\"]"}
COMMAND: POST /session/80da7dba80ee399917bd5af3446e69aa/elements - {"using":"xpath","value":"//button[@data-kt=\"masterHOAddButton\"]"}
RESULT: {"using":"xpath","value":"//button[@data-kt=\"masterHOAddButton\"]"}
COMMAND: POST /session/80da7dba80ee399917bd5af3446e69aa/elements - {"using":"xpath","value":"//button[@data-kt=\"masterHOAddButton\"]"}
RESULT: {"using":"xpath","value":"//button[@data-kt=\"masterHOAddButton\"]"}
COMMAND: POST /session/80da7dba80ee399917bd5af3446e69aa/elements - {"using":"xpath","value":"//button[@data-kt=\"masterHOAddButton\"]"}
RESULT: {"using":"xpath","value":"//button[@data-kt=\"masterHOAddButton\"]"}
COMMAND: POST /session/80da7dba80ee399917bd5af3446e69aa/elements - {"using":"xpath","value":"//button[@data-kt=\"masterHOAddButton\"]"}
RESULT: {"using":"xpath","value":"//button[@data-kt=\"masterHOAddButton\"]"}
COMMAND: POST /session/80da7dba80ee399917bd5af3446e69aa/elements - {"using":"xpath","value":"//button[@data-kt=\"masterHOAddButton\"]"}
RESULT: {"using":"xpath","value":"//button[@data-kt=\"masterHOAddButton\"]"}
COMMAND: POST /session/80da7dba80ee399917bd5af3446e69aa/elements - {"using":"xpath","value":"//button[@data-kt=\"masterHOAddButton\"]"}
RESULT: {"using":"xpath","value":"//button[@data-kt=\"masterHOAddButton\"]"}
COMMAND: POST /session/80da7dba80ee399917bd5af3446e69aa/elements - {"using":"xpath","value":"//button[@data-kt=\"masterHOAddButton\"]"}
RESULT: {"using":"xpath","value":"//button[@data-kt=\"masterHOAddButton\"]"}
COMMAND: POST /session/80da7dba80ee399917bd5af3446e69aa/elements - {"using":"xpath","value":"//button[@data-kt=\"masterHOAddButton\"]"}
RESULT: {"using":"xpath","value":"//button[@data-kt=\"masterHOAddButton\"]"}
COMMAND: POST /session/80da7dba80ee399917bd5af3446e69aa/elements - {"using":"xpath","value":"//button[@data-kt=\"masterHOAddButton\"]"}
RESULT: {"using":"xpath","value":"//button[@data-kt=\"masterHOAddButton\"]"}
COMMAND: POST /session/80da7dba80ee399917bd5af3446e69aa/elements - {"using":"xpath","value":"//button[@data-kt=\"masterHOAddButton\"]"}
RESULT: {"using":"xpath","value":"//button[@data-kt=\"masterHOAddButton\"]"}
COMMAND: POST /session/80da7dba80ee399917bd5af3446e69aa/elements - {"using":"xpath","value":"//button[@data-kt=\"masterHOAddButton\"]"}
RESULT: {"using":"xpath","value":"//button[@data-kt=\"masterHOAddButton\"]"}
COMMAND: POST /session/80da7dba80ee399917bd5af3446e69aa/elements - {"using":"xpath","value":"//button[@data-kt=\"masterHOAddButton\"]"}
RESULT: {"using":"xpath","value":"//button[@data-kt=\"masterHOAddButton\"]"}
COMMAND: POST /session/80da7dba80ee399917bd5af3446e69aa/elements - {"using":"xpath","value":"//button[@data-kt=\"masterHOAddButton\"]"}
RESULT: {"using":"xpath","value":"//button[@data-kt=\"masterHOAddButton\"]"}
COMMAND: POST /session/80da7dba80ee399917bd5af3446e69aa/elements - {"using":"xpath","value":"//button[@data-kt=\"masterHOAddButton\"]"}
RESULT: {"using":"xpath","value":"//button[@data-kt=\"masterHOAddButton\"]"}
COMMAND: POST /session/80da7dba80ee399917bd5af3446e69aa/elements - {"using":"xpath","value":"//button[@data-kt=\"masterHOAddButton\"]"}
RESULT: {"using":"xpath","value":"//button[@data-kt=\"masterHOAddButton\"]"}
COMMAND: POST /session/80da7dba80ee399917bd5af3446e69aa/elements - {"using":"xpath","value":"//button[@data-kt=\"masterHOAddButton\"]"}
RESULT: {"using":"xpath","value":"//button[@data-kt=\"masterHOAddButton\"]"}
COMMAND: POST /session/80da7dba80ee399917bd5af3446e69aa/elements - {"using":"xpath","value":"//button[@data-kt=\"masterHOAddButton\"]"}
RESULT: {"using":"xpath","value":"//button[@data-kt=\"masterHOAddButton\"]"}
COMMAND: POST /session/80da7dba80ee399917bd5af3446e69aa/elements - {"using":"xpath","value":"//button[@data-kt=\"masterHOAddButton\"]"}
RESULT: {"using":"xpath","value":"//button[@data-kt=\"masterHOAddButton\"]"}
COMMAND: POST /session/80da7dba80ee399917bd5af3446e69aa/elements - {"using":"xpath","value":"//button[@data-kt=\"masterHOAddButton\"]"}
RESULT: {"using":"xpath","value":"//button[@data-kt=\"masterHOAddButton\"]"}
COMMAND: POST /session/80da7dba80ee399917bd5af3446e69aa/elements - {"using":"xpath","value":"//button[@data-kt=\"masterHOAddButton\"]"}
RESULT: {"using":"xpath","value":"//button[@data-kt=\"masterHOAddButton\"]"}
COMMAND: POST /session/80da7dba80ee399917bd5af3446e69aa/elements - {"using":"xpath","value":"//button[@data-kt=\"masterHOAddButton\"]"}
RESULT: {"using":"xpath","value":"//button[@data-kt=\"masterHOAddButton\"]"}
COMMAND: POST /session/80da7dba80ee399917bd5af3446e69aa/elements - {"using":"xpath","value":"//button[@data-kt=\"masterHOAddButton\"]"}
RESULT: {"using":"xpath","value":"//button[@data-kt=\"masterHOAddButton\"]"}
COMMAND: POST /session/80da7dba80ee399917bd5af3446e69aa/elements - {"using":"xpath","value":"//button[@data-kt=\"masterHOAddButton\"]"}
RESULT: {"using":"xpath","value":"//button[@data-kt=\"masterHOAddButton\"]"}
COMMAND: POST /session/80da7dba80ee399917bd5af3446e69aa/elements - {"using":"xpath","value":"//button[@data-kt=\"masterHOAddButton\"]"}
RESULT: {"using":"xpath","value":"//button[@data-kt=\"masterHOAddButton\"]"}
COMMAND: POST /session/80da7dba80ee399917bd5af3446e69aa/elements - {"using":"xpath","value":"//button[@data-kt=\"masterHOAddButton\"]"}
RESULT: {"using":"xpath","value":"//button[@data-kt=\"masterHOAddButton\"]"}
COMMAND: POST /session/80da7dba80ee399917bd5af3446e69aa/elements - {"using":"xpath","value":"//button[@data-kt=\"masterHOAddButton\"]"}
RESULT: {"using":"xpath","value":"//button[@data-kt=\"masterHOAddButton\"]"}
COMMAND: POST /session/80da7dba80ee399917bd5af3446e69aa/elements - {"using":"xpath","value":"//button[@data-kt=\"masterHOAddButton\"]"}
RESULT: {"using":"xpath","value":"//button[@data-kt=\"masterHOAddButton\"]"}
COMMAND: POST /session/80da7dba80ee399917bd5af3446e69aa/elements - {"using":"xpath","value":"//button[@data-kt=\"masterHOAddButton\"]"}
RESULT: {"using":"xpath","value":"//button[@data-kt=\"masterHOAddButton\"]"}
COMMAND: POST /session/80da7dba80ee399917bd5af3446e69aa/elements - {"using":"xpath","value":"//button[@data-kt=\"masterHOAddButton\"]"}
RESULT: {"using":"xpath","value":"//button[@data-kt=\"masterHOAddButton\"]"}
COMMAND: POST /session/80da7dba80ee399917bd5af3446e69aa/elements - {"using":"xpath","value":"//button[@data-kt=\"masterHOAddButton\"]"}
RESULT: {"using":"xpath","value":"//button[@data-kt=\"masterHOAddButton\"]"}
COMMAND: POST /session/80da7dba80ee399917bd5af3446e69aa/elements - {"using":"xpath","value":"//button[@data-kt=\"masterHOAddButton\"]"}
RESULT: {"using":"xpath","value":"//button[@data-kt=\"masterHOAddButton\"]"}
COMMAND: POST /session/80da7dba80ee399917bd5af3446e69aa/elements - {"using":"xpath","value":"//button[@data-kt=\"masterHOAddButton\"]"}
RESULT: {"using":"xpath","value":"//button[@data-kt=\"masterHOAddButton\"]"}
COMMAND: POST /session/80da7dba80ee399917bd5af3446e69aa/elements - {"using":"xpath","value":"//button[@data-kt=\"masterHOAddButton\"]"}
RESULT: {"using":"xpath","value":"//button[@data-kt=\"masterHOAddButton\"]"}
COMMAND: POST /session/80da7dba80ee399917bd5af3446e69aa/elements - {"using":"xpath","value":"//button[@data-kt=\"masterHOAddButton\"]"}
RESULT: {"using":"xpath","value":"//button[@data-kt=\"masterHOAddButton\"]"}
COMMAND: POST /session/80da7dba80ee399917bd5af3446e69aa/elements - {"using":"xpath","value":"//button[@data-kt=\"masterHOAddButton\"]"}
RESULT: {"using":"xpath","value":"//button[@data-kt=\"masterHOAddButton\"]"}
COMMAND: POST /session/80da7dba80ee399917bd5af3446e69aa/elements - {"using":"xpath","value":"//button[@data-kt=\"masterHOAddButton\"]"}
RESULT: {"using":"xpath","value":"//button[@data-kt=\"masterHOAddButton\"]"}
COMMAND: POST /session/80da7dba80ee399917bd5af3446e69aa/elements - {"using":"xpath","value":"//button[@data-kt=\"masterHOAddButton\"]"}
RESULT: {"using":"xpath","value":"//button[@data-kt=\"masterHOAddButton\"]"}
COMMAND: POST /session/80da7dba80ee399917bd5af3446e69aa/elements - {"using":"xpath","value":"//button[@data-kt=\"masterHOAddButton\"]"}
RESULT: {"using":"xpath","value":"//button[@data-kt=\"masterHOAddButton\"]"}
COMMAND: POST /session/80da7dba80ee399917bd5af3446e69aa/elements - {"using":"xpath","value":"//button[@data-kt=\"masterHOAddButton\"]"}
RESULT: {"using":"xpath","value":"//button[@data-kt=\"masterHOAddButton\"]"}
COMMAND: POST /session/80da7dba80ee399917bd5af3446e69aa/elements - {"using":"xpath","value":"//button[@data-kt=\"masterHOAddButton\"]"}
RESULT: {"using":"xpath","value":"//button[@data-kt=\"masterHOAddButton\"]"}
COMMAND: POST /session/80da7dba80ee399917bd5af3446e69aa/elements - {"using":"xpath","value":"//button[@data-kt=\"masterHOAddButton\"]"}
RESULT: {"using":"xpath","value":"//button[@data-kt=\"masterHOAddButton\"]"}
COMMAND: POST /session/80da7dba80ee399917bd5af3446e69aa/elements - {"using":"xpath","value":"//button[@data-kt=\"masterHOAddButton\"]"}
RESULT: {"using":"xpath","value":"//button[@data-kt=\"masterHOAddButton\"]"}
COMMAND: POST /session/80da7dba80ee399917bd5af3446e69aa/elements - {"using":"xpath","value":"//button[@data-kt=\"masterHOAddButton\"]"}
RESULT: {"using":"xpath","value":"//button[@data-kt=\"masterHOAddButton\"]"}
COMMAND: POST /session/80da7dba80ee399917bd5af3446e69aa/elements - {"using":"xpath","value":"//button[@data-kt=\"masterHOAddButton\"]"}
RESULT: {"using":"xpath","value":"//button[@data-kt=\"masterHOAddButton\"]"}
COMMAND: POST /session/80da7dba80ee399917bd5af3446e69aa/elements - {"using":"xpath","value":"//button[@data-kt=\"masterHOAddButton\"]"}
RESULT: {"using":"xpath","value":"//button[@data-kt=\"masterHOAddButton\"]"}
COMMAND: POST /session/80da7dba80ee399917bd5af3446e69aa/elements - {"using":"xpath","value":"//button[@data-kt=\"masterHOAddButton\"]"}
RESULT: {"using":"xpath","value":"//button[@data-kt=\"masterHOAddButton\"]"}
COMMAND: POST /session/80da7dba80ee399917bd5af3446e69aa/elements - {"using":"xpath","value":"//button[@data-kt=\"masterHOAddButton\"]"}
RESULT: {"using":"xpath","value":"//button[@data-kt=\"masterHOAddButton\"]"}
COMMAND: POST /session/80da7dba80ee399917bd5af3446e69aa/elements - {"using":"xpath","value":"//button[@data-kt=\"masterHOAddButton\"]"}
RESULT: {"using":"xpath","value":"//button[@data-kt=\"masterHOAddButton\"]"}
COMMAND: POST /session/80da7dba80ee399917bd5af3446e69aa/elements - {"using":"xpath","value":"//button[@data-kt=\"masterHOAddButton\"]"}
RESULT: {"using":"xpath","value":"//button[@data-kt=\"masterHOAddButton\"]"}
COMMAND: POST /session/80da7dba80ee399917bd5af3446e69aa/elements - {"using":"xpath","value":"//button[@data-kt=\"masterHOAddButton\"]"}
RESULT: {"using":"xpath","value":"//button[@data-kt=\"masterHOAddButton\"]"}
COMMAND: POST /session/80da7dba80ee399917bd5af3446e69aa/elements - {"using":"xpath","value":"//button[@data-kt=\"masterHOAddButton\"]"}
RESULT: {"using":"xpath","value":"//button[@data-kt=\"masterHOAddButton\"]"}
COMMAND: POST /session/80da7dba80ee399917bd5af3446e69aa/elements - {"using":"xpath","value":"//button[@data-kt=\"masterHOAddButton\"]"}
RESULT: {"using":"xpath","value":"//button[@data-kt=\"masterHOAddButton\"]"}
COMMAND: POST /session/80da7dba80ee399917bd5af3446e69aa/elements - {"using":"xpath","value":"//button[@data-kt=\"masterHOAddButton\"]"}
RESULT: {"using":"xpath","value":"//button[@data-kt=\"masterHOAddButton\"]"}
COMMAND: POST /session/80da7dba80ee399917bd5af3446e69aa/elements - {"using":"xpath","value":"//button[@data-kt=\"masterHOAddButton\"]"}
RESULT: {"using":"xpath","value":"//button[@data-kt=\"masterHOAddButton\"]"}
COMMAND: POST /session/80da7dba80ee399917bd5af3446e69aa/elements - {"using":"xpath","value":"//button[@data-kt=\"masterHOAddButton\"]"}
RESULT: {"using":"xpath","value":"//button[@data-kt=\"masterHOAddButton\"]"}
COMMAND: POST /session/80da7dba80ee399917bd5af3446e69aa/elements - {"using":"xpath","value":"//button[@data-kt=\"masterHOAddButton\"]"}
RESULT: {"using":"xpath","value":"//button[@data-kt=\"masterHOAddButton\"]"}
COMMAND: POST /session/80da7dba80ee399917bd5af3446e69aa/elements - {"using":"xpath","value":"//button[@data-kt=\"masterHOAddButton\"]"}
RESULT: {"using":"xpath","value":"//button[@data-kt=\"masterHOAddButton\"]"}
COMMAND: POST /session/80da7dba80ee399917bd5af3446e69aa/elements - {"using":"xpath","value":"//button[@data-kt=\"masterHOAddButton\"]"}
RESULT: {"using":"xpath","value":"//button[@data-kt=\"masterHOAddButton\"]"}
COMMAND: POST /session/80da7dba80ee399917bd5af3446e69aa/elements - {"using":"xpath","value":"//button[@data-kt=\"masterHOAddButton\"]"}
RESULT: {"using":"xpath","value":"//button[@data-kt=\"masterHOAddButton\"]"}
COMMAND: POST /session/80da7dba80ee399917bd5af3446e69aa/elements - {"using":"xpath","value":"//button[@data-kt=\"masterHOAddButton\"]"}
RESULT: {"using":"xpath","value":"//button[@data-kt=\"masterHOAddButton\"]"}
COMMAND: POST /session/80da7dba80ee399917bd5af3446e69aa/elements - {"using":"xpath","value":"//button[@data-kt=\"masterHOAddButton\"]"}
RESULT: {"using":"xpath","value":"//button[@data-kt=\"masterHOAddButton\"]"}
COMMAND: POST /session/80da7dba80ee399917bd5af3446e69aa/elements - {"using":"xpath","value":"//button[@data-kt=\"masterHOAddButton\"]"}
RESULT: {"using":"xpath","value":"//button[@data-kt=\"masterHOAddButton\"]"}
COMMAND: POST /session/80da7dba80ee399917bd5af3446e69aa/elements - {"using":"xpath","value":"//button[@data-kt=\"masterHOAddButton\"]"}
RESULT: {"using":"xpath","value":"//button[@data-kt=\"masterHOAddButton\"]"}
COMMAND: POST /session/80da7dba80ee399917bd5af3446e69aa/elements - {"using":"xpath","value":"//button[@data-kt=\"masterHOAddButton\"]"}
RESULT: {"using":"xpath","value":"//button[@data-kt=\"masterHOAddButton\"]"}
COMMAND: POST /session/80da7dba80ee399917bd5af3446e69aa/elements - {"using":"xpath","value":"//button[@data-kt=\"masterHOAddButton\"]"}
RESULT: {"using":"xpath","value":"//button[@data-kt=\"masterHOAddButton\"]"}
COMMAND: POST /session/80da7dba80ee399917bd5af3446e69aa/elements - {"using":"xpath","value":"//button[@data-kt=\"masterHOAddButton\"]"}
RESULT: {"using":"xpath","value":"//button[@data-kt=\"masterHOAddButton\"]"}
COMMAND: POST /session/80da7dba80ee399917bd5af3446e69aa/elements - {"using":"xpath","value":"//button[@data-kt=\"masterHOAddButton\"]"}
RESULT: {"using":"xpath","value":"//button[@data-kt=\"masterHOAddButton\"]"}
COMMAND: POST /session/80da7dba80ee399917bd5af3446e69aa/elements - {"using":"xpath","value":"//button[@data-kt=\"masterHOAddButton\"]"}
RESULT: {"using":"xpath","value":"//button[@data-kt=\"masterHOAddButton\"]"}
COMMAND: POST /session/80da7dba80ee399917bd5af3446e69aa/elements - {"using":"xpath","value":"//button[@data-kt=\"masterHOAddButton\"]"}
RESULT: {"using":"xpath","value":"//button[@data-kt=\"masterHOAddButton\"]"}
COMMAND: POST /session/80da7dba80ee399917bd5af3446e69aa/elements - {"using":"xpath","value":"//button[@data-kt=\"masterHOAddButton\"]"}
RESULT: {"using":"xpath","value":"//button[@data-kt=\"masterHOAddButton\"]"}
COMMAND: POST /session/80da7dba80ee399917bd5af3446e69aa/elements - {"using":"xpath","value":"//button[@data-kt=\"masterHOAddButton\"]"}
RESULT: {"using":"xpath","value":"//button[@data-kt=\"masterHOAddButton\"]"}
COMMAND: POST /session/80da7dba80ee399917bd5af3446e69aa/elements - {"using":"xpath","value":"//button[@data-kt=\"masterHOAddButton\"]"}
RESULT: {"using":"xpath","value":"//button[@data-kt=\"masterHOAddButton\"]"}
COMMAND: POST /session/80da7dba80ee399917bd5af3446e69aa/elements - {"using":"xpath","value":"//button[@data-kt=\"masterHOAddButton\"]"}
RESULT: {"using":"xpath","value":"//button[@data-kt=\"masterHOAddButton\"]"}
COMMAND: POST /session/80da7dba80ee399917bd5af3446e69aa/elements - {"using":"xpath","value":"//button[@data-kt=\"masterHOAddButton\"]"}
RESULT: {"using":"xpath","value":"//button[@data-kt=\"masterHOAddButton\"]"}
COMMAND: POST /session/80da7dba80ee399917bd5af3446e69aa/elements - {"using":"xpath","value":"//button[@data-kt=\"masterHOAddButton\"]"}
RESULT: {"using":"xpath","value":"//button[@data-kt=\"masterHOAddButton\"]"}
COMMAND: POST /session/80da7dba80ee399917bd5af3446e69aa/elements - {"using":"xpath","value":"//button[@data-kt=\"masterHOAddButton\"]"}
RESULT: {"using":"xpath","value":"//button[@data-kt=\"masterHOAddButton\"]"}
COMMAND: POST /session/80da7dba80ee399917bd5af3446e69aa/elements - {"using":"xpath","value":"//button[@data-kt=\"masterHOAddButton\"]"}
RESULT: {"using":"xpath","value":"//button[@data-kt=\"masterHOAddButton\"]"}
COMMAND: POST /session/80da7dba80ee399917bd5af3446e69aa/elements - {"using":"xpath","value":"//button[@data-kt=\"masterHOAddButton\"]"}
RESULT: {"using":"xpath","value":"//button[@data-kt=\"masterHOAddButton\"]"}
COMMAND: POST /session/80da7dba80ee399917bd5af3446e69aa/elements - {"using":"xpath","value":"//button[@data-kt=\"masterHOAddButton\"]"}
RESULT: {"using":"xpath","value":"//button[@data-kt=\"masterHOAddButton\"]"}
COMMAND: POST /session/80da7dba80ee399917bd5af3446e69aa/elements - {"using":"xpath","value":"//button[@data-kt=\"masterHOAddButton\"]"}
RESULT: {"using":"xpath","value":"//button[@data-kt=\"masterHOAddButton\"]"}
COMMAND: POST /session/80da7dba80ee399917bd5af3446e69aa/elements - {"using":"xpath","value":"//button[@data-kt=\"masterHOAddButton\"]"}
RESULT: {"using":"xpath","value":"//button[@data-kt=\"masterHOAddButton\"]"}
COMMAND: POST /session/80da7dba80ee399917bd5af3446e69aa/elements - {"using":"xpath","value":"//button[@data-kt=\"masterHOAddButton\"]"}
RESULT: {"using":"xpath","value":"//button[@data-kt=\"masterHOAddButton\"]"}
COMMAND: POST /session/80da7dba80ee399917bd5af3446e69aa/elements - {"using":"xpath","value":"//button[@data-kt=\"masterHOAddButton\"]"}
RESULT: {"using":"xpath","value":"//button[@data-kt=\"masterHOAddButton\"]"}
COMMAND: POST /session/80da7dba80ee399917bd5af3446e69aa/elements - {"using":"xpath","value":"//button[@data-kt=\"masterHOAddButton\"]"}
RESULT: {"using":"xpath","value":"//button[@data-kt=\"masterHOAddButton\"]"}
COMMAND: POST /session/80da7dba80ee399917bd5af3446e69aa/elements - {"using":"xpath","value":"//button[@data-kt=\"masterHOAddButton\"]"}
RESULT: {"using":"xpath","value":"//button[@data-kt=\"masterHOAddButton\"]"}
COMMAND: GET /session/80da7dba80ee399917bd5af3446e69aa/screenshot - {}
RESULT: {}
COMMAND: GET /session/80da7dba80ee399917bd5af3446e69aa/screenshot - {}
COMMAND: GET /session/80da7dba80ee399917bd5af3446e69aa/screenshot - {}
RESULT: {}
RESULT: {}
COMMAND: DELETE /session/80da7dba80ee399917bd5af3446e69aa - {}
RESULT: {}
]]></system-out>
      <system-err><![CDATA[
Error: element ("//button[@data-kt="masterHOAddButton"]") still not existing after 45000ms
    at async Context.<anonymous> (D:\a\1\s\test\specs\HTR\site-overview-return.spec.js:114:9)
]]></system-err>
    </testcase>
  </testsuite>
</testsuites>