<?xml version="1.0" encoding="UTF-8"?>
<testsuites tests="58" failures="46" errors="46" skipped="0">
  <testsuite timestamp="2025-04-28T06:20:39" time="966.97" tests="11" failures="8" errors="8" skipped="0">
    <properties>
      <property name="specId" value="0" />
      <property name="suiteName" value="Billing confirm US117289" />
      <property name="capabilities" value="chrome.135_0_7049_96.windows" />
      <property name="file" value="file:///D:/a/1/s/test/specs/BTS/billing-confirm.spec.js" />
    </properties>
    <testcase classname="chrome.135_0_7049_96.windows.Billing_confirm_US117289" name="Should create a new yard" time="110.927">
      <system-out><![CDATA[
COMMAND: POST /session/042090a38166428896757e409ee94eb6/window/fullscreen - {}
RESULT: {}
COMMAND: POST /session/042090a38166428896757e409ee94eb6/execute/async - {"script":"<script> [1562 bytes]","args":[{"selector":{"controlType":"sap.m.GenericTile","properties":{"header":"Manage Yards"}},"wdio_ui5_key":"sapm.GenericTile{\"header\":\"Manage Yards\"}"}]}
RESULT: {"script":"<script> [1562 bytes]","args":[{"selector":{"controlType":"sap.m.GenericTile","properties":{"header":"Manage Yards"}},"wdio_ui5_key":"sapm.GenericTile{\"header\":\"Manage Yards\"}"}]}
RESULT: undefined
COMMAND: POST /session/042090a38166428896757e409ee94eb6/element - {"using":"xpath","value":"//*[@id=\"__tile41\"]"}
RESULT: {"using":"xpath","value":"//*[@id=\"__tile41\"]"}
COMMAND: POST /session/042090a38166428896757e409ee94eb6/element/f.D57AB2C99AD4B5B06A6B5D4BC615C113.d.FEF07381AA1A854D3DCF2CCF9E820147.e.166/click - {}
RESULT: {}
COMMAND: POST /session/042090a38166428896757e409ee94eb6/element - {"using":"xpath","value":"//button[@data-kt=\"addNewYardOverflowToolbarButton\"]"}
COMMAND: GET /session/042090a38166428896757e409ee94eb6/screenshot - {}
RESULT: {"using":"xpath","value":"//button[@data-kt=\"addNewYardOverflowToolbarButton\"]"}
COMMAND: POST /session/042090a38166428896757e409ee94eb6/elements - {"using":"xpath","value":"//button[@data-kt=\"addNewYardOverflowToolbarButton\"]"}
RESULT: {}
RESULT: {"using":"xpath","value":"//button[@data-kt=\"addNewYardOverflowToolbarButton\"]"}
COMMAND: POST /session/042090a38166428896757e409ee94eb6/elements - {"using":"xpath","value":"//button[@data-kt=\"addNewYardOverflowToolbarButton\"]"}
RESULT: {"using":"xpath","value":"//button[@data-kt=\"addNewYardOverflowToolbarButton\"]"}
COMMAND: POST /session/042090a38166428896757e409ee94eb6/elements - {"using":"xpath","value":"//button[@data-kt=\"addNewYardOverflowToolbarButton\"]"}
RESULT: {"using":"xpath","value":"//button[@data-kt=\"addNewYardOverflowToolbarButton\"]"}
COMMAND: POST /session/042090a38166428896757e409ee94eb6/elements - {"using":"xpath","value":"//button[@data-kt=\"addNewYardOverflowToolbarButton\"]"}
RESULT: {"using":"xpath","value":"//button[@data-kt=\"addNewYardOverflowToolbarButton\"]"}
COMMAND: POST /session/042090a38166428896757e409ee94eb6/elements - {"using":"xpath","value":"//button[@data-kt=\"addNewYardOverflowToolbarButton\"]"}
RESULT: {"using":"xpath","value":"//button[@data-kt=\"addNewYardOverflowToolbarButton\"]"}
COMMAND: POST /session/042090a38166428896757e409ee94eb6/elements - {"using":"xpath","value":"//button[@data-kt=\"addNewYardOverflowToolbarButton\"]"}
RESULT: {"using":"xpath","value":"//button[@data-kt=\"addNewYardOverflowToolbarButton\"]"}
COMMAND: POST /session/042090a38166428896757e409ee94eb6/elements - {"using":"xpath","value":"//button[@data-kt=\"addNewYardOverflowToolbarButton\"]"}
RESULT: {"using":"xpath","value":"//button[@data-kt=\"addNewYardOverflowToolbarButton\"]"}
COMMAND: POST /session/042090a38166428896757e409ee94eb6/elements - {"using":"xpath","value":"//button[@data-kt=\"addNewYardOverflowToolbarButton\"]"}
RESULT: {"using":"xpath","value":"//button[@data-kt=\"addNewYardOverflowToolbarButton\"]"}
COMMAND: POST /session/042090a38166428896757e409ee94eb6/elements - {"using":"xpath","value":"//button[@data-kt=\"addNewYardOverflowToolbarButton\"]"}
RESULT: {"using":"xpath","value":"//button[@data-kt=\"addNewYardOverflowToolbarButton\"]"}
COMMAND: POST /session/042090a38166428896757e409ee94eb6/elements - {"using":"xpath","value":"//button[@data-kt=\"addNewYardOverflowToolbarButton\"]"}
RESULT: {"using":"xpath","value":"//button[@data-kt=\"addNewYardOverflowToolbarButton\"]"}
COMMAND: POST /session/042090a38166428896757e409ee94eb6/elements - {"using":"xpath","value":"//button[@data-kt=\"addNewYardOverflowToolbarButton\"]"}
RESULT: {"using":"xpath","value":"//button[@data-kt=\"addNewYardOverflowToolbarButton\"]"}
COMMAND: POST /session/042090a38166428896757e409ee94eb6/elements - {"using":"xpath","value":"//button[@data-kt=\"addNewYardOverflowToolbarButton\"]"}
RESULT: {"using":"xpath","value":"//button[@data-kt=\"addNewYardOverflowToolbarButton\"]"}
COMMAND: POST /session/042090a38166428896757e409ee94eb6/elements - {"using":"xpath","value":"//button[@data-kt=\"addNewYardOverflowToolbarButton\"]"}
RESULT: {"using":"xpath","value":"//button[@data-kt=\"addNewYardOverflowToolbarButton\"]"}
COMMAND: POST /session/042090a38166428896757e409ee94eb6/elements - {"using":"xpath","value":"//button[@data-kt=\"addNewYardOverflowToolbarButton\"]"}
RESULT: {"using":"xpath","value":"//button[@data-kt=\"addNewYardOverflowToolbarButton\"]"}
COMMAND: POST /session/042090a38166428896757e409ee94eb6/elements - {"using":"xpath","value":"//button[@data-kt=\"addNewYardOverflowToolbarButton\"]"}
RESULT: {"using":"xpath","value":"//button[@data-kt=\"addNewYardOverflowToolbarButton\"]"}
COMMAND: POST /session/042090a38166428896757e409ee94eb6/elements - {"using":"xpath","value":"//button[@data-kt=\"addNewYardOverflowToolbarButton\"]"}
RESULT: {"using":"xpath","value":"//button[@data-kt=\"addNewYardOverflowToolbarButton\"]"}
COMMAND: POST /session/042090a38166428896757e409ee94eb6/elements - {"using":"xpath","value":"//button[@data-kt=\"addNewYardOverflowToolbarButton\"]"}
RESULT: {"using":"xpath","value":"//button[@data-kt=\"addNewYardOverflowToolbarButton\"]"}
COMMAND: POST /session/042090a38166428896757e409ee94eb6/elements - {"using":"xpath","value":"//button[@data-kt=\"addNewYardOverflowToolbarButton\"]"}
RESULT: {"using":"xpath","value":"//button[@data-kt=\"addNewYardOverflowToolbarButton\"]"}
COMMAND: POST /session/042090a38166428896757e409ee94eb6/elements - {"using":"xpath","value":"//button[@data-kt=\"addNewYardOverflowToolbarButton\"]"}
RESULT: {"using":"xpath","value":"//button[@data-kt=\"addNewYardOverflowToolbarButton\"]"}
COMMAND: POST /session/042090a38166428896757e409ee94eb6/elements - {"using":"xpath","value":"//button[@data-kt=\"addNewYardOverflowToolbarButton\"]"}
RESULT: {"using":"xpath","value":"//button[@data-kt=\"addNewYardOverflowToolbarButton\"]"}
COMMAND: POST /session/042090a38166428896757e409ee94eb6/elements - {"using":"xpath","value":"//button[@data-kt=\"addNewYardOverflowToolbarButton\"]"}
RESULT: {"using":"xpath","value":"//button[@data-kt=\"addNewYardOverflowToolbarButton\"]"}
COMMAND: POST /session/042090a38166428896757e409ee94eb6/elements - {"using":"xpath","value":"//button[@data-kt=\"addNewYardOverflowToolbarButton\"]"}
RESULT: {"using":"xpath","value":"//button[@data-kt=\"addNewYardOverflowToolbarButton\"]"}
COMMAND: POST /session/042090a38166428896757e409ee94eb6/element - {"using":"xpath","value":"//button[@data-kt=\"addNewYardOverflowToolbarButton\"]"}
RESULT: {"using":"xpath","value":"//button[@data-kt=\"addNewYardOverflowToolbarButton\"]"}
COMMAND: POST /session/042090a38166428896757e409ee94eb6/execute/sync - {"script":"<script> [8489 bytes]","args":[{"element-6066-11e4-a52e-4f735466cecf":"f.D57AB2C99AD4B5B06A6B5D4BC615C113.d.FEF07381AA1A854D3DCF2CCF9E820147.e.301","ELEMENT":"f.D57AB2C99AD4B5B06A6B5D4BC615C113.d.FEF07381AA1A854D3DCF2CCF9E820147.e.301"}]}
RESULT: {"script":"<script> [8489 bytes]","args":[{"element-6066-11e4-a52e-4f735466cecf":"f.D57AB2C99AD4B5B06A6B5D4BC615C113.d.FEF07381AA1A854D3DCF2CCF9E820147.e.301","ELEMENT":"f.D57AB2C99AD4B5B06A6B5D4BC615C113.d.FEF07381AA1A854D3DCF2CCF9E820147.e.301"}]}
COMMAND: GET /session/042090a38166428896757e409ee94eb6/element/f.D57AB2C99AD4B5B06A6B5D4BC615C113.d.FEF07381AA1A854D3DCF2CCF9E820147.e.301/enabled - {}
COMMAND: GET /session/042090a38166428896757e409ee94eb6/screenshot - {}
RESULT: {}
COMMAND: POST /session/042090a38166428896757e409ee94eb6/execute/sync - {"script":"<script> [8489 bytes]","args":[{"element-6066-11e4-a52e-4f735466cecf":"f.D57AB2C99AD4B5B06A6B5D4BC615C113.d.FEF07381AA1A854D3DCF2CCF9E820147.e.301","ELEMENT":"f.D57AB2C99AD4B5B06A6B5D4BC615C113.d.FEF07381AA1A854D3DCF2CCF9E820147.e.301"}]}
COMMAND: GET /session/042090a38166428896757e409ee94eb6/screenshot - {}
RESULT: {}
RESULT: {"script":"<script> [8489 bytes]","args":[{"element-6066-11e4-a52e-4f735466cecf":"f.D57AB2C99AD4B5B06A6B5D4BC615C113.d.FEF07381AA1A854D3DCF2CCF9E820147.e.301","ELEMENT":"f.D57AB2C99AD4B5B06A6B5D4BC615C113.d.FEF07381AA1A854D3DCF2CCF9E820147.e.301"}]}
COMMAND: POST /session/042090a38166428896757e409ee94eb6/execute/sync - {"script":"<script> [5351 bytes]","args":[{"element-6066-11e4-a52e-4f735466cecf":"f.D57AB2C99AD4B5B06A6B5D4BC615C113.d.FEF07381AA1A854D3DCF2CCF9E820147.e.301","ELEMENT":"f.D57AB2C99AD4B5B06A6B5D4BC615C113.d.FEF07381AA1A854D3DCF2CCF9E820147.e.301"}]}
COMMAND: GET /session/042090a38166428896757e409ee94eb6/screenshot - {}
RESULT: {}
RESULT: {"script":"<script> [5351 bytes]","args":[{"element-6066-11e4-a52e-4f735466cecf":"f.D57AB2C99AD4B5B06A6B5D4BC615C113.d.FEF07381AA1A854D3DCF2CCF9E820147.e.301","ELEMENT":"f.D57AB2C99AD4B5B06A6B5D4BC615C113.d.FEF07381AA1A854D3DCF2CCF9E820147.e.301"}]}
COMMAND: POST /session/042090a38166428896757e409ee94eb6/element/f.D57AB2C99AD4B5B06A6B5D4BC615C113.d.FEF07381AA1A854D3DCF2CCF9E820147.e.301/click - {}
COMMAND: GET /session/042090a38166428896757e409ee94eb6/screenshot - {}
RESULT: {}
RESULT: {}
COMMAND: GET /session/042090a38166428896757e409ee94eb6/screenshot - {}
COMMAND: POST /session/042090a38166428896757e409ee94eb6/element - {"using":"xpath","value":"//input[@id=\"application-manageyards-display-component---NewYard--yardId-inner\"]"}
RESULT: {}
RESULT: {}
RESULT: {"using":"xpath","value":"//input[@id=\"application-manageyards-display-component---NewYard--yardId-inner\"]"}
COMMAND: POST /session/042090a38166428896757e409ee94eb6/element - {"using":"xpath","value":"//input[@id=\"application-manageyards-display-component---NewYard--yardId-inner\"]"}
RESULT: {"using":"xpath","value":"//input[@id=\"application-manageyards-display-component---NewYard--yardId-inner\"]"}
COMMAND: POST /session/042090a38166428896757e409ee94eb6/execute/async - {"script":"<script> [1562 bytes]","args":[{"selector":{"id":"application-manageyards-display-component---NewYard--addressDetailDetailsName1","interaction":{"idSuffix":"inner"}},"wdio_ui5_key":"applicationmanageyards-display-component---NewYard--addressDetailDetailsName1"}]}
RESULT: {"script":"<script> [1562 bytes]","args":[{"selector":{"id":"application-manageyards-display-component---NewYard--addressDetailDetailsName1","interaction":{"idSuffix":"inner"}},"wdio_ui5_key":"applicationmanageyards-display-component---NewYard--addressDetailDetailsName1"}]}
RESULT: undefined
COMMAND: POST /session/042090a38166428896757e409ee94eb6/execute/async - {"script":"<script> [776 bytes]","args":[{"enterText":"Intracompany Yard wdIO","selector":{"id":"application-manageyards-display-component---NewYard--addressDetailDetailsName1","interaction":{"idSuffix":"inner"}},"clearTextFirst":true,"interactionType":"ENTER_TEXT"}]}
RESULT: {"script":"<script> [776 bytes]","args":[{"enterText":"Intracompany Yard wdIO","selector":{"id":"application-manageyards-display-component---NewYard--addressDetailDetailsName1","interaction":{"idSuffix":"inner"}},"clearTextFirst":true,"interactionType":"ENTER_TEXT"}]}
COMMAND: POST /session/042090a38166428896757e409ee94eb6/execute/async - {"script":"<script> [1562 bytes]","args":[{"selector":{"id":"application-manageyards-display-component---NewYard--addressDetailDetailsLanguage-arrow"},"wdio_ui5_key":"applicationmanageyards-display-component---NewYard--addressDetailDetailsLanguage-arrow"}]}
RESULT: {"script":"<script> [1562 bytes]","args":[{"selector":{"id":"application-manageyards-display-component---NewYard--addressDetailDetailsLanguage-arrow"},"wdio_ui5_key":"applicationmanageyards-display-component---NewYard--addressDetailDetailsLanguage-arrow"}]}
RESULT: undefined
COMMAND: POST /session/042090a38166428896757e409ee94eb6/element - {"using":"xpath","value":"//*[@id=\"application-manageyards-display-component---NewYard--addressDetailDetailsLanguage-arrow\"]"}
RESULT: {"using":"xpath","value":"//*[@id=\"application-manageyards-display-component---NewYard--addressDetailDetailsLanguage-arrow\"]"}
COMMAND: POST /session/042090a38166428896757e409ee94eb6/element/f.D57AB2C99AD4B5B06A6B5D4BC615C113.d.FEF07381AA1A854D3DCF2CCF9E820147.e.731/click - {}
RESULT: {}
COMMAND: POST /session/042090a38166428896757e409ee94eb6/element - {"using":"xpath","value":"//span[contains(text(), \"English\")]"}
COMMAND: GET /session/042090a38166428896757e409ee94eb6/screenshot - {}
RESULT: {"using":"xpath","value":"//span[contains(text(), \"English\")]"}
COMMAND: POST /session/042090a38166428896757e409ee94eb6/element/f.D57AB2C99AD4B5B06A6B5D4BC615C113.d.FEF07381AA1A854D3DCF2CCF9E820147.e.732/click - {}
RESULT: {}
RESULT: {}
COMMAND: POST /session/042090a38166428896757e409ee94eb6/execute/async - {"script":"<script> [1562 bytes]","args":[{"selector":{"id":"application-manageyards-display-component---NewYard--addressDetailDetailsCity1","interaction":{"idSuffix":"inner"}},"wdio_ui5_key":"applicationmanageyards-display-component---NewYard--addressDetailDetailsCity1"}]}
COMMAND: GET /session/042090a38166428896757e409ee94eb6/screenshot - {}
RESULT: {"script":"<script> [1562 bytes]","args":[{"selector":{"id":"application-manageyards-display-component---NewYard--addressDetailDetailsCity1","interaction":{"idSuffix":"inner"}},"wdio_ui5_key":"applicationmanageyards-display-component---NewYard--addressDetailDetailsCity1"}]}
RESULT: undefined
COMMAND: POST /session/042090a38166428896757e409ee94eb6/execute/async - {"script":"<script> [776 bytes]","args":[{"enterText":"Rosario","selector":{"id":"application-manageyards-display-component---NewYard--addressDetailDetailsCity1","interaction":{"idSuffix":"inner"}},"clearTextFirst":true,"interactionType":"ENTER_TEXT"}]}
RESULT: {}
RESULT: {"script":"<script> [776 bytes]","args":[{"enterText":"Rosario","selector":{"id":"application-manageyards-display-component---NewYard--addressDetailDetailsCity1","interaction":{"idSuffix":"inner"}},"clearTextFirst":true,"interactionType":"ENTER_TEXT"}]}
COMMAND: POST /session/042090a38166428896757e409ee94eb6/execute/async - {"script":"<script> [1562 bytes]","args":[{"selector":{"id":"application-manageyards-display-component---NewYard--addressDetailDetailsCountry-arrow"},"wdio_ui5_key":"applicationmanageyards-display-component---NewYard--addressDetailDetailsCountry-arrow"}]}
RESULT: {"script":"<script> [1562 bytes]","args":[{"selector":{"id":"application-manageyards-display-component---NewYard--addressDetailDetailsCountry-arrow"},"wdio_ui5_key":"applicationmanageyards-display-component---NewYard--addressDetailDetailsCountry-arrow"}]}
RESULT: undefined
COMMAND: POST /session/042090a38166428896757e409ee94eb6/element - {"using":"xpath","value":"//*[@id=\"application-manageyards-display-component---NewYard--addressDetailDetailsCountry-arrow\"]"}
RESULT: {"using":"xpath","value":"//*[@id=\"application-manageyards-display-component---NewYard--addressDetailDetailsCountry-arrow\"]"}
COMMAND: POST /session/042090a38166428896757e409ee94eb6/element/f.D57AB2C99AD4B5B06A6B5D4BC615C113.d.FEF07381AA1A854D3DCF2CCF9E820147.e.734/click - {}
RESULT: {}
COMMAND: POST /session/042090a38166428896757e409ee94eb6/element - {"using":"xpath","value":"//span[contains(text(), \"Argentina\")]"}
COMMAND: GET /session/042090a38166428896757e409ee94eb6/screenshot - {}
RESULT: {"using":"xpath","value":"//span[contains(text(), \"Argentina\")]"}
COMMAND: POST /session/042090a38166428896757e409ee94eb6/element/f.D57AB2C99AD4B5B06A6B5D4BC615C113.d.FEF07381AA1A854D3DCF2CCF9E820147.e.735/click - {}
RESULT: {}
RESULT: {}
COMMAND: POST /session/042090a38166428896757e409ee94eb6/execute/async - {"script":"<script> [1562 bytes]","args":[{"selector":{"id":"application-manageyards-display-component---NewYard--addressEditDetailsCostObjectCstType-arrow"},"wdio_ui5_key":"applicationmanageyards-display-component---NewYard--addressEditDetailsCostObjectCstType-arrow"}]}
COMMAND: GET /session/042090a38166428896757e409ee94eb6/screenshot - {}
RESULT: {"script":"<script> [1562 bytes]","args":[{"selector":{"id":"application-manageyards-display-component---NewYard--addressEditDetailsCostObjectCstType-arrow"},"wdio_ui5_key":"applicationmanageyards-display-component---NewYard--addressEditDetailsCostObjectCstType-arrow"}]}
RESULT: undefined
COMMAND: POST /session/042090a38166428896757e409ee94eb6/element - {"using":"xpath","value":"//*[@id=\"application-manageyards-display-component---NewYard--addressEditDetailsCostObjectCstType-arrow\"]"}
RESULT: {}
RESULT: {"using":"xpath","value":"//*[@id=\"application-manageyards-display-component---NewYard--addressEditDetailsCostObjectCstType-arrow\"]"}
COMMAND: POST /session/042090a38166428896757e409ee94eb6/element/f.D57AB2C99AD4B5B06A6B5D4BC615C113.d.FEF07381AA1A854D3DCF2CCF9E820147.e.737/click - {}
RESULT: {}
COMMAND: POST /session/042090a38166428896757e409ee94eb6/element - {"using":"xpath","value":"//span[contains(text(), \"Cost Center\")]"}
COMMAND: GET /session/042090a38166428896757e409ee94eb6/screenshot - {}
RESULT: {"using":"xpath","value":"//span[contains(text(), \"Cost Center\")]"}
COMMAND: POST /session/042090a38166428896757e409ee94eb6/element/f.D57AB2C99AD4B5B06A6B5D4BC615C113.d.FEF07381AA1A854D3DCF2CCF9E820147.e.738/click - {}
RESULT: {}
RESULT: {}
COMMAND: GET /session/042090a38166428896757e409ee94eb6/screenshot - {}
RESULT: {}
COMMAND: POST /session/042090a38166428896757e409ee94eb6/element - {"using":"xpath","value":"//span[@id=\"application-manageyards-display-component---NewYard--addressNewCostObjectCstID-vhi\"]"}
RESULT: {"using":"xpath","value":"//span[@id=\"application-manageyards-display-component---NewYard--addressNewCostObjectCstID-vhi\"]"}
COMMAND: POST /session/042090a38166428896757e409ee94eb6/execute/sync - {"script":"<script> [8489 bytes]","args":[{"element-6066-11e4-a52e-4f735466cecf":"f.D57AB2C99AD4B5B06A6B5D4BC615C113.d.FEF07381AA1A854D3DCF2CCF9E820147.e.742","ELEMENT":"f.D57AB2C99AD4B5B06A6B5D4BC615C113.d.FEF07381AA1A854D3DCF2CCF9E820147.e.742"}]}
RESULT: {"script":"<script> [8489 bytes]","args":[{"element-6066-11e4-a52e-4f735466cecf":"f.D57AB2C99AD4B5B06A6B5D4BC615C113.d.FEF07381AA1A854D3DCF2CCF9E820147.e.742","ELEMENT":"f.D57AB2C99AD4B5B06A6B5D4BC615C113.d.FEF07381AA1A854D3DCF2CCF9E820147.e.742"}]}
COMMAND: POST /session/042090a38166428896757e409ee94eb6/execute/async - {"script":"<script> [1562 bytes]","args":[{"selector":{"id":"application-manageyards-display-component---NewYard--addressNewCostObjectCstID-vhi"},"wdio_ui5_key":"applicationmanageyards-display-component---NewYard--addressNewCostObjectCstID-vhi"}]}
COMMAND: GET /session/042090a38166428896757e409ee94eb6/screenshot - {}
RESULT: {"script":"<script> [1562 bytes]","args":[{"selector":{"id":"application-manageyards-display-component---NewYard--addressNewCostObjectCstID-vhi"},"wdio_ui5_key":"applicationmanageyards-display-component---NewYard--addressNewCostObjectCstID-vhi"}]}
RESULT: undefined
COMMAND: POST /session/042090a38166428896757e409ee94eb6/element - {"using":"xpath","value":"//*[@id=\"application-manageyards-display-component---NewYard--addressNewCostObjectCstID-vhi\"]"}
RESULT: {}
RESULT: {"using":"xpath","value":"//*[@id=\"application-manageyards-display-component---NewYard--addressNewCostObjectCstID-vhi\"]"}
COMMAND: POST /session/042090a38166428896757e409ee94eb6/element/f.D57AB2C99AD4B5B06A6B5D4BC615C113.d.FEF07381AA1A854D3DCF2CCF9E820147.e.742/click - {}
RESULT: {}
COMMAND: GET /session/042090a38166428896757e409ee94eb6/screenshot - {}
RESULT: {}
COMMAND: POST /session/042090a38166428896757e409ee94eb6/execute/async - {"script":"<script> [1562 bytes]","args":[{"selector":{"controlType":"sap.m.SearchField","properties":{"placeholder":"Search"},"searchOpenDialogs":true,"interaction":{"idSuffix":"I"}},"wdio_ui5_key":"sapm.SearchField{\"placeholder\":\"Search\"}"}]}
RESULT: {"script":"<script> [1562 bytes]","args":[{"selector":{"controlType":"sap.m.SearchField","properties":{"placeholder":"Search"},"searchOpenDialogs":true,"interaction":{"idSuffix":"I"}},"wdio_ui5_key":"sapm.SearchField{\"placeholder\":\"Search\"}"}]}
RESULT: undefined
COMMAND: POST /session/042090a38166428896757e409ee94eb6/execute/async - {"script":"<script> [776 bytes]","args":[{"enterText":"10001013","selector":{"controlType":"sap.m.SearchField","properties":{"placeholder":"Search"},"searchOpenDialogs":true,"interaction":{"idSuffix":"I"}},"clearTextFirst":true,"interactionType":"ENTER_TEXT"}]}
RESULT: {"script":"<script> [776 bytes]","args":[{"enterText":"10001013","selector":{"controlType":"sap.m.SearchField","properties":{"placeholder":"Search"},"searchOpenDialogs":true,"interaction":{"idSuffix":"I"}},"clearTextFirst":true,"interactionType":"ENTER_TEXT"}]}
COMMAND: POST /session/042090a38166428896757e409ee94eb6/actions - {"actions":[{"id":"action1","type":"key","parameters":{},"actions":[{"type":"keyDown","value":"î€‡"},{"type":"pause","duration":10},{"type":"keyUp","value":"î€‡"}]}]}
RESULT: {"actions":[{"id":"action1","type":"key","parameters":{},"actions":[{"type":"keyDown","value":"î€‡"},{"type":"pause","duration":10},{"type":"keyUp","value":"î€‡"}]}]}
COMMAND: GET /session/042090a38166428896757e409ee94eb6/screenshot - {}
RESULT: {}
COMMAND: POST /session/042090a38166428896757e409ee94eb6/element - {"using":"xpath","value":"//span[contains(text(), \"General Management\")]"}
RESULT: {"using":"xpath","value":"//span[contains(text(), \"General Management\")]"}
COMMAND: POST /session/042090a38166428896757e409ee94eb6/element/f.D57AB2C99AD4B5B06A6B5D4BC615C113.d.FEF07381AA1A854D3DCF2CCF9E820147.e.783/click - {}
RESULT: {}
COMMAND: GET /session/042090a38166428896757e409ee94eb6/screenshot - {}
RESULT: {}
COMMAND: POST /session/042090a38166428896757e409ee94eb6/element - {"using":"xpath","value":"//bdi[contains(text(), \"OK\")]"}
RESULT: {"using":"xpath","value":"//bdi[contains(text(), \"OK\")]"}
COMMAND: POST /session/042090a38166428896757e409ee94eb6/element/f.D57AB2C99AD4B5B06A6B5D4BC615C113.d.FEF07381AA1A854D3DCF2CCF9E820147.e.784/click - {}
RESULT: {}
COMMAND: GET /session/042090a38166428896757e409ee94eb6/screenshot - {}
RESULT: {}
COMMAND: POST /session/042090a38166428896757e409ee94eb6/execute/async - {"script":"<script> [1562 bytes]","args":[{"selector":{"id":"application-manageyards-display-component---NewYard--addressEditDetailsCurrency-arrow"},"wdio_ui5_key":"applicationmanageyards-display-component---NewYard--addressEditDetailsCurrency-arrow"}]}
RESULT: {"script":"<script> [1562 bytes]","args":[{"selector":{"id":"application-manageyards-display-component---NewYard--addressEditDetailsCurrency-arrow"},"wdio_ui5_key":"applicationmanageyards-display-component---NewYard--addressEditDetailsCurrency-arrow"}]}
RESULT: undefined
COMMAND: POST /session/042090a38166428896757e409ee94eb6/element - {"using":"xpath","value":"//*[@id=\"application-manageyards-display-component---NewYard--addressEditDetailsCurrency-arrow\"]"}
RESULT: {"using":"xpath","value":"//*[@id=\"application-manageyards-display-component---NewYard--addressEditDetailsCurrency-arrow\"]"}
COMMAND: POST /session/042090a38166428896757e409ee94eb6/element/f.D57AB2C99AD4B5B06A6B5D4BC615C113.d.FEF07381AA1A854D3DCF2CCF9E820147.e.787/click - {}
RESULT: {}
COMMAND: POST /session/042090a38166428896757e409ee94eb6/element - {"using":"xpath","value":"//span[contains(text(), \"Euro\")]"}
COMMAND: GET /session/042090a38166428896757e409ee94eb6/screenshot - {}
RESULT: {"using":"xpath","value":"//span[contains(text(), \"Euro\")]"}
COMMAND: POST /session/042090a38166428896757e409ee94eb6/element/f.D57AB2C99AD4B5B06A6B5D4BC615C113.d.FEF07381AA1A854D3DCF2CCF9E820147.e.788/click - {}
RESULT: {}
RESULT: {}
COMMAND: POST /session/042090a38166428896757e409ee94eb6/execute/async - {"script":"<script> [1562 bytes]","args":[{"selector":{"controlType":"sap.m.Input","viewName":"etm.portal.ui.manageyards.view.New","viewId":"application-manageyards-display-component---NewYard","bindingPath":{"path":"","propertyPath":"/CONTROLLING_AREA","modelName":"NewYardModel"},"interaction":{"idSuffix":"inner"}},"wdio_ui5_key":"etmportal.ui.manageyards.view.Newsap.m.Input{\"path\":\"\",\"propertyPath\":\"/CONTROLLING_AREA\",\"modelName\":\"NewYardModel\"}"}]}
COMMAND: GET /session/042090a38166428896757e409ee94eb6/screenshot - {}
RESULT: {"script":"<script> [1562 bytes]","args":[{"selector":{"controlType":"sap.m.Input","viewName":"etm.portal.ui.manageyards.view.New","viewId":"application-manageyards-display-component---NewYard","bindingPath":{"path":"","propertyPath":"/CONTROLLING_AREA","modelName":"NewYardModel"},"interaction":{"idSuffix":"inner"}},"wdio_ui5_key":"etmportal.ui.manageyards.view.Newsap.m.Input{\"path\":\"\",\"propertyPath\":\"/CONTROLLING_AREA\",\"modelName\":\"NewYardModel\"}"}]}
RESULT: undefined
COMMAND: POST /session/042090a38166428896757e409ee94eb6/execute/async - {"script":"<script> [776 bytes]","args":[{"enterText":"Z001","selector":{"controlType":"sap.m.Input","viewName":"etm.portal.ui.manageyards.view.New","viewId":"application-manageyards-display-component---NewYard","bindingPath":{"path":"","propertyPath":"/CONTROLLING_AREA","modelName":"NewYardModel"},"interaction":{"idSuffix":"inner"}},"clearTextFirst":true,"interactionType":"ENTER_TEXT"}]}
RESULT: {}
RESULT: {"script":"<script> [776 bytes]","args":[{"enterText":"Z001","selector":{"controlType":"sap.m.Input","viewName":"etm.portal.ui.manageyards.view.New","viewId":"application-manageyards-display-component---NewYard","bindingPath":{"path":"","propertyPath":"/CONTROLLING_AREA","modelName":"NewYardModel"},"interaction":{"idSuffix":"inner"}},"clearTextFirst":true,"interactionType":"ENTER_TEXT"}]}
COMMAND: POST /session/042090a38166428896757e409ee94eb6/execute/async - {"script":"<script> [1562 bytes]","args":[{"selector":{"id":"application-manageyards-display-component---NewYard--companyCodeComboBox","interaction":{"idSuffix":"inner"}},"wdio_ui5_key":"applicationmanageyards-display-component---NewYard--companyCodeComboBox"}]}
RESULT: {"script":"<script> [1562 bytes]","args":[{"selector":{"id":"application-manageyards-display-component---NewYard--companyCodeComboBox","interaction":{"idSuffix":"inner"}},"wdio_ui5_key":"applicationmanageyards-display-component---NewYard--companyCodeComboBox"}]}
RESULT: undefined
COMMAND: POST /session/042090a38166428896757e409ee94eb6/execute/async - {"script":"<script> [776 bytes]","args":[{"enterText":"1000","selector":{"id":"application-manageyards-display-component---NewYard--companyCodeComboBox","interaction":{"idSuffix":"inner"}},"clearTextFirst":true,"interactionType":"ENTER_TEXT"}]}
RESULT: {"script":"<script> [776 bytes]","args":[{"enterText":"1000","selector":{"id":"application-manageyards-display-component---NewYard--companyCodeComboBox","interaction":{"idSuffix":"inner"}},"clearTextFirst":true,"interactionType":"ENTER_TEXT"}]}
COMMAND: POST /session/042090a38166428896757e409ee94eb6/execute/async - {"script":"<script> [1562 bytes]","args":[{"selector":{"controlType":"sap.m.Input","viewName":"etm.portal.ui.manageyards.view.New","viewId":"application-manageyards-display-component---NewYard","bindingPath":{"path":"","propertyPath":"/PLANT","modelName":"NewYardModel"},"interaction":{"idSuffix":"inner"}},"wdio_ui5_key":"etmportal.ui.manageyards.view.Newsap.m.Input{\"path\":\"\",\"propertyPath\":\"/PLANT\",\"modelName\":\"NewYardModel\"}"}]}
RESULT: {"script":"<script> [1562 bytes]","args":[{"selector":{"controlType":"sap.m.Input","viewName":"etm.portal.ui.manageyards.view.New","viewId":"application-manageyards-display-component---NewYard","bindingPath":{"path":"","propertyPath":"/PLANT","modelName":"NewYardModel"},"interaction":{"idSuffix":"inner"}},"wdio_ui5_key":"etmportal.ui.manageyards.view.Newsap.m.Input{\"path\":\"\",\"propertyPath\":\"/PLANT\",\"modelName\":\"NewYardModel\"}"}]}
RESULT: undefined
COMMAND: POST /session/042090a38166428896757e409ee94eb6/execute/async - {"script":"<script> [776 bytes]","args":[{"enterText":"1001","selector":{"controlType":"sap.m.Input","viewName":"etm.portal.ui.manageyards.view.New","viewId":"application-manageyards-display-component---NewYard","bindingPath":{"path":"","propertyPath":"/PLANT","modelName":"NewYardModel"},"interaction":{"idSuffix":"inner"}},"clearTextFirst":true,"interactionType":"ENTER_TEXT"}]}
RESULT: {"script":"<script> [776 bytes]","args":[{"enterText":"1001","selector":{"controlType":"sap.m.Input","viewName":"etm.portal.ui.manageyards.view.New","viewId":"application-manageyards-display-component---NewYard","bindingPath":{"path":"","propertyPath":"/PLANT","modelName":"NewYardModel"},"interaction":{"idSuffix":"inner"}},"clearTextFirst":true,"interactionType":"ENTER_TEXT"}]}
COMMAND: POST /session/042090a38166428896757e409ee94eb6/execute/async - {"script":"<script> [1562 bytes]","args":[{"selector":{"controlType":"sap.m.Input","viewName":"etm.portal.ui.manageyards.view.New","viewId":"application-manageyards-display-component---NewYard","bindingPath":{"path":"","propertyPath":"/SALES_AREA_VKORG","modelName":"NewYardModel"},"interaction":{"idSuffix":"inner"}},"wdio_ui5_key":"etmportal.ui.manageyards.view.Newsap.m.Input{\"path\":\"\",\"propertyPath\":\"/SALES_AREA_VKORG\",\"modelName\":\"NewYardModel\"}"}]}
RESULT: {"script":"<script> [1562 bytes]","args":[{"selector":{"controlType":"sap.m.Input","viewName":"etm.portal.ui.manageyards.view.New","viewId":"application-manageyards-display-component---NewYard","bindingPath":{"path":"","propertyPath":"/SALES_AREA_VKORG","modelName":"NewYardModel"},"interaction":{"idSuffix":"inner"}},"wdio_ui5_key":"etmportal.ui.manageyards.view.Newsap.m.Input{\"path\":\"\",\"propertyPath\":\"/SALES_AREA_VKORG\",\"modelName\":\"NewYardModel\"}"}]}
RESULT: undefined
COMMAND: POST /session/042090a38166428896757e409ee94eb6/execute/async - {"script":"<script> [776 bytes]","args":[{"enterText":"C002","selector":{"controlType":"sap.m.Input","viewName":"etm.portal.ui.manageyards.view.New","viewId":"application-manageyards-display-component---NewYard","bindingPath":{"path":"","propertyPath":"/SALES_AREA_VKORG","modelName":"NewYardModel"},"interaction":{"idSuffix":"inner"}},"clearTextFirst":true,"interactionType":"ENTER_TEXT"}]}
RESULT: {"script":"<script> [776 bytes]","args":[{"enterText":"C002","selector":{"controlType":"sap.m.Input","viewName":"etm.portal.ui.manageyards.view.New","viewId":"application-manageyards-display-component---NewYard","bindingPath":{"path":"","propertyPath":"/SALES_AREA_VKORG","modelName":"NewYardModel"},"interaction":{"idSuffix":"inner"}},"clearTextFirst":true,"interactionType":"ENTER_TEXT"}]}
COMMAND: POST /session/042090a38166428896757e409ee94eb6/execute/async - {"script":"<script> [1562 bytes]","args":[{"selector":{"controlType":"sap.m.Input","viewName":"etm.portal.ui.manageyards.view.New","viewId":"application-manageyards-display-component---NewYard","bindingPath":{"path":"","propertyPath":"/SALES_AREA_VTWEG","modelName":"NewYardModel"},"interaction":{"idSuffix":"inner"}},"wdio_ui5_key":"etmportal.ui.manageyards.view.Newsap.m.Input{\"path\":\"\",\"propertyPath\":\"/SALES_AREA_VTWEG\",\"modelName\":\"NewYardModel\"}"}]}
RESULT: {"script":"<script> [1562 bytes]","args":[{"selector":{"controlType":"sap.m.Input","viewName":"etm.portal.ui.manageyards.view.New","viewId":"application-manageyards-display-component---NewYard","bindingPath":{"path":"","propertyPath":"/SALES_AREA_VTWEG","modelName":"NewYardModel"},"interaction":{"idSuffix":"inner"}},"wdio_ui5_key":"etmportal.ui.manageyards.view.Newsap.m.Input{\"path\":\"\",\"propertyPath\":\"/SALES_AREA_VTWEG\",\"modelName\":\"NewYardModel\"}"}]}
RESULT: undefined
COMMAND: POST /session/042090a38166428896757e409ee94eb6/execute/async - {"script":"<script> [776 bytes]","args":[{"enterText":"C2","selector":{"controlType":"sap.m.Input","viewName":"etm.portal.ui.manageyards.view.New","viewId":"application-manageyards-display-component---NewYard","bindingPath":{"path":"","propertyPath":"/SALES_AREA_VTWEG","modelName":"NewYardModel"},"interaction":{"idSuffix":"inner"}},"clearTextFirst":true,"interactionType":"ENTER_TEXT"}]}
RESULT: {"script":"<script> [776 bytes]","args":[{"enterText":"C2","selector":{"controlType":"sap.m.Input","viewName":"etm.portal.ui.manageyards.view.New","viewId":"application-manageyards-display-component---NewYard","bindingPath":{"path":"","propertyPath":"/SALES_AREA_VTWEG","modelName":"NewYardModel"},"interaction":{"idSuffix":"inner"}},"clearTextFirst":true,"interactionType":"ENTER_TEXT"}]}
COMMAND: POST /session/042090a38166428896757e409ee94eb6/execute/async - {"script":"<script> [1562 bytes]","args":[{"selector":{"controlType":"sap.m.Input","viewName":"etm.portal.ui.manageyards.view.New","viewId":"application-manageyards-display-component---NewYard","bindingPath":{"path":"","propertyPath":"/SALES_AREA_SPART","modelName":"NewYardModel"},"interaction":{"idSuffix":"inner"}},"wdio_ui5_key":"etmportal.ui.manageyards.view.Newsap.m.Input{\"path\":\"\",\"propertyPath\":\"/SALES_AREA_SPART\",\"modelName\":\"NewYardModel\"}"}]}
RESULT: {"script":"<script> [1562 bytes]","args":[{"selector":{"controlType":"sap.m.Input","viewName":"etm.portal.ui.manageyards.view.New","viewId":"application-manageyards-display-component---NewYard","bindingPath":{"path":"","propertyPath":"/SALES_AREA_SPART","modelName":"NewYardModel"},"interaction":{"idSuffix":"inner"}},"wdio_ui5_key":"etmportal.ui.manageyards.view.Newsap.m.Input{\"path\":\"\",\"propertyPath\":\"/SALES_AREA_SPART\",\"modelName\":\"NewYardModel\"}"}]}
RESULT: undefined
COMMAND: POST /session/042090a38166428896757e409ee94eb6/execute/async - {"script":"<script> [776 bytes]","args":[{"enterText":"C2","selector":{"controlType":"sap.m.Input","viewName":"etm.portal.ui.manageyards.view.New","viewId":"application-manageyards-display-component---NewYard","bindingPath":{"path":"","propertyPath":"/SALES_AREA_SPART","modelName":"NewYardModel"},"interaction":{"idSuffix":"inner"}},"clearTextFirst":true,"interactionType":"ENTER_TEXT"}]}
RESULT: {"script":"<script> [776 bytes]","args":[{"enterText":"C2","selector":{"controlType":"sap.m.Input","viewName":"etm.portal.ui.manageyards.view.New","viewId":"application-manageyards-display-component---NewYard","bindingPath":{"path":"","propertyPath":"/SALES_AREA_SPART","modelName":"NewYardModel"},"interaction":{"idSuffix":"inner"}},"clearTextFirst":true,"interactionType":"ENTER_TEXT"}]}
COMMAND: POST /session/042090a38166428896757e409ee94eb6/execute/async - {"script":"<script> [1562 bytes]","args":[{"selector":{"controlType":"sap.m.Input","viewName":"etm.portal.ui.manageyards.view.New","viewId":"application-manageyards-display-component---NewYard","bindingPath":{"path":"","propertyPath":"/SHIP_POINT","modelName":"NewYardModel"},"interaction":{"idSuffix":"inner"}},"wdio_ui5_key":"etmportal.ui.manageyards.view.Newsap.m.Input{\"path\":\"\",\"propertyPath\":\"/SHIP_POINT\",\"modelName\":\"NewYardModel\"}"}]}
RESULT: {"script":"<script> [1562 bytes]","args":[{"selector":{"controlType":"sap.m.Input","viewName":"etm.portal.ui.manageyards.view.New","viewId":"application-manageyards-display-component---NewYard","bindingPath":{"path":"","propertyPath":"/SHIP_POINT","modelName":"NewYardModel"},"interaction":{"idSuffix":"inner"}},"wdio_ui5_key":"etmportal.ui.manageyards.view.Newsap.m.Input{\"path\":\"\",\"propertyPath\":\"/SHIP_POINT\",\"modelName\":\"NewYardModel\"}"}]}
RESULT: undefined
COMMAND: POST /session/042090a38166428896757e409ee94eb6/execute/async - {"script":"<script> [776 bytes]","args":[{"enterText":"1710","selector":{"controlType":"sap.m.Input","viewName":"etm.portal.ui.manageyards.view.New","viewId":"application-manageyards-display-component---NewYard","bindingPath":{"path":"","propertyPath":"/SHIP_POINT","modelName":"NewYardModel"},"interaction":{"idSuffix":"inner"}},"clearTextFirst":true,"interactionType":"ENTER_TEXT"}]}
RESULT: {"script":"<script> [776 bytes]","args":[{"enterText":"1710","selector":{"controlType":"sap.m.Input","viewName":"etm.portal.ui.manageyards.view.New","viewId":"application-manageyards-display-component---NewYard","bindingPath":{"path":"","propertyPath":"/SHIP_POINT","modelName":"NewYardModel"},"interaction":{"idSuffix":"inner"}},"clearTextFirst":true,"interactionType":"ENTER_TEXT"}]}
COMMAND: POST /session/042090a38166428896757e409ee94eb6/execute/async - {"script":"<script> [1562 bytes]","args":[{"selector":{"controlType":"sap.m.Input","viewName":"etm.portal.ui.manageyards.view.New","viewId":"application-manageyards-display-component---NewYard","bindingPath":{"path":"","propertyPath":"/DELIVERY_TYPE","modelName":"NewYardModel"},"interaction":{"idSuffix":"inner"}},"wdio_ui5_key":"etmportal.ui.manageyards.view.Newsap.m.Input{\"path\":\"\",\"propertyPath\":\"/DELIVERY_TYPE\",\"modelName\":\"NewYardModel\"}"}]}
RESULT: {"script":"<script> [1562 bytes]","args":[{"selector":{"controlType":"sap.m.Input","viewName":"etm.portal.ui.manageyards.view.New","viewId":"application-manageyards-display-component---NewYard","bindingPath":{"path":"","propertyPath":"/DELIVERY_TYPE","modelName":"NewYardModel"},"interaction":{"idSuffix":"inner"}},"wdio_ui5_key":"etmportal.ui.manageyards.view.Newsap.m.Input{\"path\":\"\",\"propertyPath\":\"/DELIVERY_TYPE\",\"modelName\":\"NewYardModel\"}"}]}
RESULT: undefined
COMMAND: POST /session/042090a38166428896757e409ee94eb6/execute/async - {"script":"<script> [776 bytes]","args":[{"enterText":"ZL01","selector":{"controlType":"sap.m.Input","viewName":"etm.portal.ui.manageyards.view.New","viewId":"application-manageyards-display-component---NewYard","bindingPath":{"path":"","propertyPath":"/DELIVERY_TYPE","modelName":"NewYardModel"},"interaction":{"idSuffix":"inner"}},"clearTextFirst":true,"interactionType":"ENTER_TEXT"}]}
RESULT: {"script":"<script> [776 bytes]","args":[{"enterText":"ZL01","selector":{"controlType":"sap.m.Input","viewName":"etm.portal.ui.manageyards.view.New","viewId":"application-manageyards-display-component---NewYard","bindingPath":{"path":"","propertyPath":"/DELIVERY_TYPE","modelName":"NewYardModel"},"interaction":{"idSuffix":"inner"}},"clearTextFirst":true,"interactionType":"ENTER_TEXT"}]}
COMMAND: POST /session/042090a38166428896757e409ee94eb6/execute/async - {"script":"<script> [1562 bytes]","args":[{"selector":{"controlType":"sap.m.Input","viewName":"etm.portal.ui.manageyards.view.New","viewId":"application-manageyards-display-component---NewYard","bindingPath":{"path":"","propertyPath":"/AUART","modelName":"NewYardModel"},"interaction":{"idSuffix":"inner"}},"wdio_ui5_key":"etmportal.ui.manageyards.view.Newsap.m.Input{\"path\":\"\",\"propertyPath\":\"/AUART\",\"modelName\":\"NewYardModel\"}"}]}
RESULT: {"script":"<script> [1562 bytes]","args":[{"selector":{"controlType":"sap.m.Input","viewName":"etm.portal.ui.manageyards.view.New","viewId":"application-manageyards-display-component---NewYard","bindingPath":{"path":"","propertyPath":"/AUART","modelName":"NewYardModel"},"interaction":{"idSuffix":"inner"}},"wdio_ui5_key":"etmportal.ui.manageyards.view.Newsap.m.Input{\"path\":\"\",\"propertyPath\":\"/AUART\",\"modelName\":\"NewYardModel\"}"}]}
RESULT: undefined
COMMAND: POST /session/042090a38166428896757e409ee94eb6/execute/async - {"script":"<script> [776 bytes]","args":[{"enterText":"TA","selector":{"controlType":"sap.m.Input","viewName":"etm.portal.ui.manageyards.view.New","viewId":"application-manageyards-display-component---NewYard","bindingPath":{"path":"","propertyPath":"/AUART","modelName":"NewYardModel"},"interaction":{"idSuffix":"inner"}},"clearTextFirst":true,"interactionType":"ENTER_TEXT"}]}
RESULT: {"script":"<script> [776 bytes]","args":[{"enterText":"TA","selector":{"controlType":"sap.m.Input","viewName":"etm.portal.ui.manageyards.view.New","viewId":"application-manageyards-display-component---NewYard","bindingPath":{"path":"","propertyPath":"/AUART","modelName":"NewYardModel"},"interaction":{"idSuffix":"inner"}},"clearTextFirst":true,"interactionType":"ENTER_TEXT"}]}
COMMAND: POST /session/042090a38166428896757e409ee94eb6/element - {"using":"xpath","value":"//button[@data-kt=\"newYardSaveButton\"]"}
RESULT: {"using":"xpath","value":"//button[@data-kt=\"newYardSaveButton\"]"}
COMMAND: POST /session/042090a38166428896757e409ee94eb6/element/f.D57AB2C99AD4B5B06A6B5D4BC615C113.d.FEF07381AA1A854D3DCF2CCF9E820147.e.716/click - {}
RESULT: {}
COMMAND: GET /session/042090a38166428896757e409ee94eb6/screenshot - {}
RESULT: {}
COMMAND: POST /session/042090a38166428896757e409ee94eb6/element - {"using":"xpath","value":"//header[contains(@id, 'ObjectPageLayout-headerTitle')]/div[1]/div[2]/div[1]/span[1]"}
RESULT: {"using":"xpath","value":"//header[contains(@id, 'ObjectPageLayout-headerTitle')]/div[1]/div[2]/div[1]/span[1]"}
COMMAND: POST /session/042090a38166428896757e409ee94eb6/elements - {"using":"xpath","value":"//header[contains(@id, 'ObjectPageLayout-headerTitle')]/div[1]/div[2]/div[1]/span[1]"}
RESULT: {"using":"xpath","value":"//header[contains(@id, 'ObjectPageLayout-headerTitle')]/div[1]/div[2]/div[1]/span[1]"}
COMMAND: POST /session/042090a38166428896757e409ee94eb6/execute/sync - {"script":"<script> [56 bytes]","args":[{"element-6066-11e4-a52e-4f735466cecf":"f.D57AB2C99AD4B5B06A6B5D4BC615C113.d.FEF07381AA1A854D3DCF2CCF9E820147.e.1016","ELEMENT":"f.D57AB2C99AD4B5B06A6B5D4BC615C113.d.FEF07381AA1A854D3DCF2CCF9E820147.e.1016"}]}
RESULT: {"script":"<script> [56 bytes]","args":[{"element-6066-11e4-a52e-4f735466cecf":"f.D57AB2C99AD4B5B06A6B5D4BC615C113.d.FEF07381AA1A854D3DCF2CCF9E820147.e.1016","ELEMENT":"f.D57AB2C99AD4B5B06A6B5D4BC615C113.d.FEF07381AA1A854D3DCF2CCF9E820147.e.1016"}]}
COMMAND: GET /session/042090a38166428896757e409ee94eb6/screenshot - {}
RESULT: {}
COMMAND: POST /session/042090a38166428896757e409ee94eb6/element - {"using":"css selector","value":"#shell-header-logo"}
RESULT: {"using":"css selector","value":"#shell-header-logo"}
COMMAND: POST /session/042090a38166428896757e409ee94eb6/element/f.D57AB2C99AD4B5B06A6B5D4BC615C113.d.FEF07381AA1A854D3DCF2CCF9E820147.e.270/click - {}
RESULT: {}
COMMAND: GET /session/042090a38166428896757e409ee94eb6/screenshot - {}
RESULT: {}
COMMAND: POST /session/042090a38166428896757e409ee94eb6/execute/sync - {"script":"<script> [299 bytes]","args":[["getModel","getResource"]]}
RESULT: {"script":"<script> [299 bytes]","args":[["getModel","getResource"]]}
]]></system-out>
    </testcase>
    <testcase classname="chrome.135_0_7049_96.windows.Billing_confirm_US117289" name="Should create a new partner" time="134.091">
      <system-out><![CDATA[
COMMAND: POST /session/042090a38166428896757e409ee94eb6/window/fullscreen - {}
COMMAND: GET /session/042090a38166428896757e409ee94eb6/screenshot - {}
RESULT: {}
COMMAND: POST /session/042090a38166428896757e409ee94eb6/execute/async - {"script":"<script> [1562 bytes]","args":[{"selector":{"controlType":"sap.m.GenericTile","properties":{"header":"Manage Partners"}},"wdio_ui5_key":"sapm.GenericTile{\"header\":\"Manage Partners\"}"}]}
RESULT: {}
RESULT: {"script":"<script> [1562 bytes]","args":[{"selector":{"controlType":"sap.m.GenericTile","properties":{"header":"Manage Partners"}},"wdio_ui5_key":"sapm.GenericTile{\"header\":\"Manage Partners\"}"}]}
RESULT: undefined
COMMAND: POST /session/042090a38166428896757e409ee94eb6/element - {"using":"xpath","value":"//*[@id=\"__tile38\"]"}
RESULT: {"using":"xpath","value":"//*[@id=\"__tile38\"]"}
COMMAND: POST /session/042090a38166428896757e409ee94eb6/element/f.D57AB2C99AD4B5B06A6B5D4BC615C113.d.FEF07381AA1A854D3DCF2CCF9E820147.e.157/click - {}
RESULT: {}
COMMAND: POST /session/042090a38166428896757e409ee94eb6/element - {"using":"xpath","value":"//button[@data-kt=\"addButton\"]"}
COMMAND: GET /session/042090a38166428896757e409ee94eb6/screenshot - {}
RESULT: {"using":"xpath","value":"//button[@data-kt=\"addButton\"]"}
COMMAND: POST /session/042090a38166428896757e409ee94eb6/elements - {"using":"xpath","value":"//button[@data-kt=\"addButton\"]"}
RESULT: {}
RESULT: {"using":"xpath","value":"//button[@data-kt=\"addButton\"]"}
COMMAND: POST /session/042090a38166428896757e409ee94eb6/elements - {"using":"xpath","value":"//button[@data-kt=\"addButton\"]"}
RESULT: {"using":"xpath","value":"//button[@data-kt=\"addButton\"]"}
COMMAND: POST /session/042090a38166428896757e409ee94eb6/elements - {"using":"xpath","value":"//button[@data-kt=\"addButton\"]"}
RESULT: {"using":"xpath","value":"//button[@data-kt=\"addButton\"]"}
COMMAND: POST /session/042090a38166428896757e409ee94eb6/elements - {"using":"xpath","value":"//button[@data-kt=\"addButton\"]"}
RESULT: {"using":"xpath","value":"//button[@data-kt=\"addButton\"]"}
COMMAND: POST /session/042090a38166428896757e409ee94eb6/elements - {"using":"xpath","value":"//button[@data-kt=\"addButton\"]"}
RESULT: {"using":"xpath","value":"//button[@data-kt=\"addButton\"]"}
COMMAND: POST /session/042090a38166428896757e409ee94eb6/elements - {"using":"xpath","value":"//button[@data-kt=\"addButton\"]"}
RESULT: {"using":"xpath","value":"//button[@data-kt=\"addButton\"]"}
COMMAND: POST /session/042090a38166428896757e409ee94eb6/elements - {"using":"xpath","value":"//button[@data-kt=\"addButton\"]"}
RESULT: {"using":"xpath","value":"//button[@data-kt=\"addButton\"]"}
COMMAND: POST /session/042090a38166428896757e409ee94eb6/elements - {"using":"xpath","value":"//button[@data-kt=\"addButton\"]"}
RESULT: {"using":"xpath","value":"//button[@data-kt=\"addButton\"]"}
COMMAND: POST /session/042090a38166428896757e409ee94eb6/elements - {"using":"xpath","value":"//button[@data-kt=\"addButton\"]"}
RESULT: {"using":"xpath","value":"//button[@data-kt=\"addButton\"]"}
COMMAND: POST /session/042090a38166428896757e409ee94eb6/elements - {"using":"xpath","value":"//button[@data-kt=\"addButton\"]"}
RESULT: {"using":"xpath","value":"//button[@data-kt=\"addButton\"]"}
COMMAND: POST /session/042090a38166428896757e409ee94eb6/elements - {"using":"xpath","value":"//button[@data-kt=\"addButton\"]"}
RESULT: {"using":"xpath","value":"//button[@data-kt=\"addButton\"]"}
COMMAND: POST /session/042090a38166428896757e409ee94eb6/elements - {"using":"xpath","value":"//button[@data-kt=\"addButton\"]"}
RESULT: {"using":"xpath","value":"//button[@data-kt=\"addButton\"]"}
COMMAND: POST /session/042090a38166428896757e409ee94eb6/elements - {"using":"xpath","value":"//button[@data-kt=\"addButton\"]"}
RESULT: {"using":"xpath","value":"//button[@data-kt=\"addButton\"]"}
COMMAND: POST /session/042090a38166428896757e409ee94eb6/elements - {"using":"xpath","value":"//button[@data-kt=\"addButton\"]"}
RESULT: {"using":"xpath","value":"//button[@data-kt=\"addButton\"]"}
COMMAND: POST /session/042090a38166428896757e409ee94eb6/elements - {"using":"xpath","value":"//button[@data-kt=\"addButton\"]"}
RESULT: {"using":"xpath","value":"//button[@data-kt=\"addButton\"]"}
COMMAND: POST /session/042090a38166428896757e409ee94eb6/elements - {"using":"xpath","value":"//button[@data-kt=\"addButton\"]"}
RESULT: {"using":"xpath","value":"//button[@data-kt=\"addButton\"]"}
COMMAND: POST /session/042090a38166428896757e409ee94eb6/elements - {"using":"xpath","value":"//button[@data-kt=\"addButton\"]"}
RESULT: {"using":"xpath","value":"//button[@data-kt=\"addButton\"]"}
COMMAND: POST /session/042090a38166428896757e409ee94eb6/elements - {"using":"xpath","value":"//button[@data-kt=\"addButton\"]"}
RESULT: {"using":"xpath","value":"//button[@data-kt=\"addButton\"]"}
COMMAND: POST /session/042090a38166428896757e409ee94eb6/elements - {"using":"xpath","value":"//button[@data-kt=\"addButton\"]"}
RESULT: {"using":"xpath","value":"//button[@data-kt=\"addButton\"]"}
COMMAND: POST /session/042090a38166428896757e409ee94eb6/elements - {"using":"xpath","value":"//button[@data-kt=\"addButton\"]"}
RESULT: {"using":"xpath","value":"//button[@data-kt=\"addButton\"]"}
COMMAND: POST /session/042090a38166428896757e409ee94eb6/elements - {"using":"xpath","value":"//button[@data-kt=\"addButton\"]"}
RESULT: {"using":"xpath","value":"//button[@data-kt=\"addButton\"]"}
COMMAND: POST /session/042090a38166428896757e409ee94eb6/elements - {"using":"xpath","value":"//button[@data-kt=\"addButton\"]"}
RESULT: {"using":"xpath","value":"//button[@data-kt=\"addButton\"]"}
COMMAND: POST /session/042090a38166428896757e409ee94eb6/elements - {"using":"xpath","value":"//button[@data-kt=\"addButton\"]"}
RESULT: {"using":"xpath","value":"//button[@data-kt=\"addButton\"]"}
COMMAND: POST /session/042090a38166428896757e409ee94eb6/elements - {"using":"xpath","value":"//button[@data-kt=\"addButton\"]"}
RESULT: {"using":"xpath","value":"//button[@data-kt=\"addButton\"]"}
COMMAND: POST /session/042090a38166428896757e409ee94eb6/elements - {"using":"xpath","value":"//button[@data-kt=\"addButton\"]"}
RESULT: {"using":"xpath","value":"//button[@data-kt=\"addButton\"]"}
COMMAND: POST /session/042090a38166428896757e409ee94eb6/elements - {"using":"xpath","value":"//button[@data-kt=\"addButton\"]"}
RESULT: {"using":"xpath","value":"//button[@data-kt=\"addButton\"]"}
COMMAND: POST /session/042090a38166428896757e409ee94eb6/element - {"using":"xpath","value":"//button[@data-kt=\"addButton\"]"}
RESULT: {"using":"xpath","value":"//button[@data-kt=\"addButton\"]"}
COMMAND: POST /session/042090a38166428896757e409ee94eb6/execute/sync - {"script":"<script> [8489 bytes]","args":[{"element-6066-11e4-a52e-4f735466cecf":"f.D57AB2C99AD4B5B06A6B5D4BC615C113.d.FEF07381AA1A854D3DCF2CCF9E820147.e.1066","ELEMENT":"f.D57AB2C99AD4B5B06A6B5D4BC615C113.d.FEF07381AA1A854D3DCF2CCF9E820147.e.1066"}]}
RESULT: {"script":"<script> [8489 bytes]","args":[{"element-6066-11e4-a52e-4f735466cecf":"f.D57AB2C99AD4B5B06A6B5D4BC615C113.d.FEF07381AA1A854D3DCF2CCF9E820147.e.1066","ELEMENT":"f.D57AB2C99AD4B5B06A6B5D4BC615C113.d.FEF07381AA1A854D3DCF2CCF9E820147.e.1066"}]}
COMMAND: GET /session/042090a38166428896757e409ee94eb6/element/f.D57AB2C99AD4B5B06A6B5D4BC615C113.d.FEF07381AA1A854D3DCF2CCF9E820147.e.1066/enabled - {}
COMMAND: GET /session/042090a38166428896757e409ee94eb6/screenshot - {}
RESULT: {}
COMMAND: POST /session/042090a38166428896757e409ee94eb6/execute/sync - {"script":"<script> [8489 bytes]","args":[{"element-6066-11e4-a52e-4f735466cecf":"f.D57AB2C99AD4B5B06A6B5D4BC615C113.d.FEF07381AA1A854D3DCF2CCF9E820147.e.1066","ELEMENT":"f.D57AB2C99AD4B5B06A6B5D4BC615C113.d.FEF07381AA1A854D3DCF2CCF9E820147.e.1066"}]}
COMMAND: GET /session/042090a38166428896757e409ee94eb6/screenshot - {}
RESULT: {}
RESULT: {"script":"<script> [8489 bytes]","args":[{"element-6066-11e4-a52e-4f735466cecf":"f.D57AB2C99AD4B5B06A6B5D4BC615C113.d.FEF07381AA1A854D3DCF2CCF9E820147.e.1066","ELEMENT":"f.D57AB2C99AD4B5B06A6B5D4BC615C113.d.FEF07381AA1A854D3DCF2CCF9E820147.e.1066"}]}
COMMAND: POST /session/042090a38166428896757e409ee94eb6/execute/sync - {"script":"<script> [5351 bytes]","args":[{"element-6066-11e4-a52e-4f735466cecf":"f.D57AB2C99AD4B5B06A6B5D4BC615C113.d.FEF07381AA1A854D3DCF2CCF9E820147.e.1066","ELEMENT":"f.D57AB2C99AD4B5B06A6B5D4BC615C113.d.FEF07381AA1A854D3DCF2CCF9E820147.e.1066"}]}
COMMAND: GET /session/042090a38166428896757e409ee94eb6/screenshot - {}
RESULT: {}
RESULT: {"script":"<script> [5351 bytes]","args":[{"element-6066-11e4-a52e-4f735466cecf":"f.D57AB2C99AD4B5B06A6B5D4BC615C113.d.FEF07381AA1A854D3DCF2CCF9E820147.e.1066","ELEMENT":"f.D57AB2C99AD4B5B06A6B5D4BC615C113.d.FEF07381AA1A854D3DCF2CCF9E820147.e.1066"}]}
COMMAND: POST /session/042090a38166428896757e409ee94eb6/element/f.D57AB2C99AD4B5B06A6B5D4BC615C113.d.FEF07381AA1A854D3DCF2CCF9E820147.e.1066/click - {}
COMMAND: GET /session/042090a38166428896757e409ee94eb6/screenshot - {}
RESULT: {}
RESULT: {}
COMMAND: GET /session/042090a38166428896757e409ee94eb6/screenshot - {}
COMMAND: POST /session/042090a38166428896757e409ee94eb6/execute/async - {"script":"<script> [1562 bytes]","args":[{"selector":{"id":"application-managepartners-display-component---NewPartner--addressDetailDetailsName1","interaction":{"idSuffix":"inner"}},"wdio_ui5_key":"applicationmanagepartners-display-component---NewPartner--addressDetailDetailsName1"}]}
RESULT: {}
RESULT: {}
RESULT: {"script":"<script> [1562 bytes]","args":[{"selector":{"id":"application-managepartners-display-component---NewPartner--addressDetailDetailsName1","interaction":{"idSuffix":"inner"}},"wdio_ui5_key":"applicationmanagepartners-display-component---NewPartner--addressDetailDetailsName1"}]}
RESULT: undefined
COMMAND: POST /session/042090a38166428896757e409ee94eb6/execute/async - {"script":"<script> [776 bytes]","args":[{"enterText":"Intracompany Partner WDIO","selector":{"id":"application-managepartners-display-component---NewPartner--addressDetailDetailsName1","interaction":{"idSuffix":"inner"}},"clearTextFirst":true,"interactionType":"ENTER_TEXT"}]}
RESULT: {"script":"<script> [776 bytes]","args":[{"enterText":"Intracompany Partner WDIO","selector":{"id":"application-managepartners-display-component---NewPartner--addressDetailDetailsName1","interaction":{"idSuffix":"inner"}},"clearTextFirst":true,"interactionType":"ENTER_TEXT"}]}
COMMAND: POST /session/042090a38166428896757e409ee94eb6/execute/async - {"script":"<script> [1562 bytes]","args":[{"selector":{"id":"application-managepartners-display-component---NewPartner--addressDetailDetailsLanguage-arrow"},"wdio_ui5_key":"applicationmanagepartners-display-component---NewPartner--addressDetailDetailsLanguage-arrow"}]}
RESULT: {"script":"<script> [1562 bytes]","args":[{"selector":{"id":"application-managepartners-display-component---NewPartner--addressDetailDetailsLanguage-arrow"},"wdio_ui5_key":"applicationmanagepartners-display-component---NewPartner--addressDetailDetailsLanguage-arrow"}]}
RESULT: undefined
COMMAND: POST /session/042090a38166428896757e409ee94eb6/element - {"using":"xpath","value":"//*[@id=\"application-managepartners-display-component---NewPartner--addressDetailDetailsLanguage-arrow\"]"}
RESULT: {"using":"xpath","value":"//*[@id=\"application-managepartners-display-component---NewPartner--addressDetailDetailsLanguage-arrow\"]"}
COMMAND: POST /session/042090a38166428896757e409ee94eb6/element/f.D57AB2C99AD4B5B06A6B5D4BC615C113.d.FEF07381AA1A854D3DCF2CCF9E820147.e.1502/click - {}
RESULT: {}
COMMAND: POST /session/042090a38166428896757e409ee94eb6/element - {"using":"xpath","value":"//span[contains(text(), \"English\")]"}
COMMAND: GET /session/042090a38166428896757e409ee94eb6/screenshot - {}
RESULT: {"using":"xpath","value":"//span[contains(text(), \"English\")]"}
COMMAND: POST /session/042090a38166428896757e409ee94eb6/element/f.D57AB2C99AD4B5B06A6B5D4BC615C113.d.FEF07381AA1A854D3DCF2CCF9E820147.e.1503/click - {}
RESULT: {}
RESULT: {}
COMMAND: GET /session/042090a38166428896757e409ee94eb6/screenshot - {}
RESULT: {}
COMMAND: POST /session/042090a38166428896757e409ee94eb6/execute/async - {"script":"<script> [1562 bytes]","args":[{"selector":{"id":"application-managepartners-display-component---NewPartner--addressDetailDetailsCity1","interaction":{"idSuffix":"inner"}},"wdio_ui5_key":"applicationmanagepartners-display-component---NewPartner--addressDetailDetailsCity1"}]}
RESULT: {"script":"<script> [1562 bytes]","args":[{"selector":{"id":"application-managepartners-display-component---NewPartner--addressDetailDetailsCity1","interaction":{"idSuffix":"inner"}},"wdio_ui5_key":"applicationmanagepartners-display-component---NewPartner--addressDetailDetailsCity1"}]}
RESULT: undefined
COMMAND: POST /session/042090a38166428896757e409ee94eb6/execute/async - {"script":"<script> [776 bytes]","args":[{"enterText":"Rosario","selector":{"id":"application-managepartners-display-component---NewPartner--addressDetailDetailsCity1","interaction":{"idSuffix":"inner"}},"clearTextFirst":true,"interactionType":"ENTER_TEXT"}]}
RESULT: {"script":"<script> [776 bytes]","args":[{"enterText":"Rosario","selector":{"id":"application-managepartners-display-component---NewPartner--addressDetailDetailsCity1","interaction":{"idSuffix":"inner"}},"clearTextFirst":true,"interactionType":"ENTER_TEXT"}]}
COMMAND: POST /session/042090a38166428896757e409ee94eb6/execute/async - {"script":"<script> [1562 bytes]","args":[{"selector":{"id":"application-managepartners-display-component---NewPartner--addressDetailDetailsCountry-arrow"},"wdio_ui5_key":"applicationmanagepartners-display-component---NewPartner--addressDetailDetailsCountry-arrow"}]}
RESULT: {"script":"<script> [1562 bytes]","args":[{"selector":{"id":"application-managepartners-display-component---NewPartner--addressDetailDetailsCountry-arrow"},"wdio_ui5_key":"applicationmanagepartners-display-component---NewPartner--addressDetailDetailsCountry-arrow"}]}
RESULT: undefined
COMMAND: POST /session/042090a38166428896757e409ee94eb6/element - {"using":"xpath","value":"//*[@id=\"application-managepartners-display-component---NewPartner--addressDetailDetailsCountry-arrow\"]"}
RESULT: {"using":"xpath","value":"//*[@id=\"application-managepartners-display-component---NewPartner--addressDetailDetailsCountry-arrow\"]"}
COMMAND: POST /session/042090a38166428896757e409ee94eb6/element/f.D57AB2C99AD4B5B06A6B5D4BC615C113.d.FEF07381AA1A854D3DCF2CCF9E820147.e.1484/click - {}
RESULT: {}
COMMAND: POST /session/042090a38166428896757e409ee94eb6/element - {"using":"xpath","value":"//span[contains(text(), \"Argentina\")]"}
COMMAND: GET /session/042090a38166428896757e409ee94eb6/screenshot - {}
RESULT: {"using":"xpath","value":"//span[contains(text(), \"Argentina\")]"}
COMMAND: POST /session/042090a38166428896757e409ee94eb6/element/f.D57AB2C99AD4B5B06A6B5D4BC615C113.d.FEF07381AA1A854D3DCF2CCF9E820147.e.1505/click - {}
RESULT: {}
RESULT: {}
COMMAND: GET /session/042090a38166428896757e409ee94eb6/screenshot - {}
RESULT: {}
COMMAND: POST /session/042090a38166428896757e409ee94eb6/element - {"using":"xpath","value":"//bdi[contains(text(), \"Commercial\")]"}
RESULT: {"using":"xpath","value":"//bdi[contains(text(), \"Commercial\")]"}
COMMAND: POST /session/042090a38166428896757e409ee94eb6/element/f.D57AB2C99AD4B5B06A6B5D4BC615C113.d.FEF07381AA1A854D3DCF2CCF9E820147.e.1506/click - {}
RESULT: {}
COMMAND: GET /session/042090a38166428896757e409ee94eb6/screenshot - {}
RESULT: {}
COMMAND: POST /session/042090a38166428896757e409ee94eb6/execute/async - {"script":"<script> [1562 bytes]","args":[{"selector":{"id":"application-managepartners-display-component---NewPartner--partnerDetailInternal-arrow"},"wdio_ui5_key":"applicationmanagepartners-display-component---NewPartner--partnerDetailInternal-arrow"}]}
RESULT: {"script":"<script> [1562 bytes]","args":[{"selector":{"id":"application-managepartners-display-component---NewPartner--partnerDetailInternal-arrow"},"wdio_ui5_key":"applicationmanagepartners-display-component---NewPartner--partnerDetailInternal-arrow"}]}
RESULT: undefined
COMMAND: POST /session/042090a38166428896757e409ee94eb6/element - {"using":"xpath","value":"//*[@id=\"application-managepartners-display-component---NewPartner--partnerDetailInternal-arrow\"]"}
RESULT: {"using":"xpath","value":"//*[@id=\"application-managepartners-display-component---NewPartner--partnerDetailInternal-arrow\"]"}
COMMAND: POST /session/042090a38166428896757e409ee94eb6/element/f.D57AB2C99AD4B5B06A6B5D4BC615C113.d.FEF07381AA1A854D3DCF2CCF9E820147.e.1512/click - {}
RESULT: {}
COMMAND: POST /session/042090a38166428896757e409ee94eb6/element - {"using":"xpath","value":"//span[contains(text(), \"Affiliated company\")]"}
COMMAND: GET /session/042090a38166428896757e409ee94eb6/screenshot - {}
RESULT: {"using":"xpath","value":"//span[contains(text(), \"Affiliated company\")]"}
COMMAND: POST /session/042090a38166428896757e409ee94eb6/element/f.D57AB2C99AD4B5B06A6B5D4BC615C113.d.FEF07381AA1A854D3DCF2CCF9E820147.e.1513/click - {}
RESULT: {}
RESULT: {}
COMMAND: POST /session/042090a38166428896757e409ee94eb6/execute/async - {"script":"<script> [1562 bytes]","args":[{"selector":{"id":"application-managepartners-display-component---NewPartner--partnerDetailsCurrency-arrow"},"wdio_ui5_key":"applicationmanagepartners-display-component---NewPartner--partnerDetailsCurrency-arrow"}]}
COMMAND: GET /session/042090a38166428896757e409ee94eb6/screenshot - {}
RESULT: {"script":"<script> [1562 bytes]","args":[{"selector":{"id":"application-managepartners-display-component---NewPartner--partnerDetailsCurrency-arrow"},"wdio_ui5_key":"applicationmanagepartners-display-component---NewPartner--partnerDetailsCurrency-arrow"}]}
RESULT: undefined
COMMAND: POST /session/042090a38166428896757e409ee94eb6/element - {"using":"xpath","value":"//*[@id=\"application-managepartners-display-component---NewPartner--partnerDetailsCurrency-arrow\"]"}
RESULT: {}
RESULT: {"using":"xpath","value":"//*[@id=\"application-managepartners-display-component---NewPartner--partnerDetailsCurrency-arrow\"]"}
COMMAND: POST /session/042090a38166428896757e409ee94eb6/element/f.D57AB2C99AD4B5B06A6B5D4BC615C113.d.FEF07381AA1A854D3DCF2CCF9E820147.e.1520/click - {}
RESULT: {}
COMMAND: POST /session/042090a38166428896757e409ee94eb6/element - {"using":"xpath","value":"//span[contains(text(), \"Euro\")]"}
COMMAND: GET /session/042090a38166428896757e409ee94eb6/screenshot - {}
RESULT: {"using":"xpath","value":"//span[contains(text(), \"Euro\")]"}
COMMAND: POST /session/042090a38166428896757e409ee94eb6/element/f.D57AB2C99AD4B5B06A6B5D4BC615C113.d.FEF07381AA1A854D3DCF2CCF9E820147.e.1521/click - {}
RESULT: {}
RESULT: {}
COMMAND: POST /session/042090a38166428896757e409ee94eb6/execute/async - {"script":"<script> [1562 bytes]","args":[{"selector":{"id":"application-managepartners-display-component---NewPartner--addressEditDetailsCostObjectCstType-arrow"},"wdio_ui5_key":"applicationmanagepartners-display-component---NewPartner--addressEditDetailsCostObjectCstType-arrow"}]}
COMMAND: GET /session/042090a38166428896757e409ee94eb6/screenshot - {}
RESULT: {"script":"<script> [1562 bytes]","args":[{"selector":{"id":"application-managepartners-display-component---NewPartner--addressEditDetailsCostObjectCstType-arrow"},"wdio_ui5_key":"applicationmanagepartners-display-component---NewPartner--addressEditDetailsCostObjectCstType-arrow"}]}
RESULT: undefined
COMMAND: POST /session/042090a38166428896757e409ee94eb6/element - {"using":"xpath","value":"//*[@id=\"application-managepartners-display-component---NewPartner--addressEditDetailsCostObjectCstType-arrow\"]"}
RESULT: {}
RESULT: {"using":"xpath","value":"//*[@id=\"application-managepartners-display-component---NewPartner--addressEditDetailsCostObjectCstType-arrow\"]"}
COMMAND: POST /session/042090a38166428896757e409ee94eb6/element/f.D57AB2C99AD4B5B06A6B5D4BC615C113.d.FEF07381AA1A854D3DCF2CCF9E820147.e.1522/click - {}
RESULT: {}
COMMAND: POST /session/042090a38166428896757e409ee94eb6/element - {"using":"xpath","value":"//span[contains(text(), \"Cost Center\")]"}
COMMAND: GET /session/042090a38166428896757e409ee94eb6/screenshot - {}
RESULT: {"using":"xpath","value":"//span[contains(text(), \"Cost Center\")]"}
COMMAND: POST /session/042090a38166428896757e409ee94eb6/element/f.D57AB2C99AD4B5B06A6B5D4BC615C113.d.FEF07381AA1A854D3DCF2CCF9E820147.e.1523/click - {}
RESULT: {}
RESULT: {}
COMMAND: GET /session/042090a38166428896757e409ee94eb6/screenshot - {}
RESULT: {}
COMMAND: POST /session/042090a38166428896757e409ee94eb6/element - {"using":"xpath","value":"//span[@id=\"application-managepartners-display-component---NewPartner--addressNewCostObjectCstID-vhi\"]"}
RESULT: {"using":"xpath","value":"//span[@id=\"application-managepartners-display-component---NewPartner--addressNewCostObjectCstID-vhi\"]"}
COMMAND: POST /session/042090a38166428896757e409ee94eb6/execute/sync - {"script":"<script> [8489 bytes]","args":[{"element-6066-11e4-a52e-4f735466cecf":"f.D57AB2C99AD4B5B06A6B5D4BC615C113.d.FEF07381AA1A854D3DCF2CCF9E820147.e.1527","ELEMENT":"f.D57AB2C99AD4B5B06A6B5D4BC615C113.d.FEF07381AA1A854D3DCF2CCF9E820147.e.1527"}]}
RESULT: {"script":"<script> [8489 bytes]","args":[{"element-6066-11e4-a52e-4f735466cecf":"f.D57AB2C99AD4B5B06A6B5D4BC615C113.d.FEF07381AA1A854D3DCF2CCF9E820147.e.1527","ELEMENT":"f.D57AB2C99AD4B5B06A6B5D4BC615C113.d.FEF07381AA1A854D3DCF2CCF9E820147.e.1527"}]}
COMMAND: POST /session/042090a38166428896757e409ee94eb6/execute/async - {"script":"<script> [1562 bytes]","args":[{"selector":{"id":"application-managepartners-display-component---NewPartner--addressNewCostObjectCstID-vhi"},"wdio_ui5_key":"applicationmanagepartners-display-component---NewPartner--addressNewCostObjectCstID-vhi"}]}
COMMAND: GET /session/042090a38166428896757e409ee94eb6/screenshot - {}
RESULT: {"script":"<script> [1562 bytes]","args":[{"selector":{"id":"application-managepartners-display-component---NewPartner--addressNewCostObjectCstID-vhi"},"wdio_ui5_key":"applicationmanagepartners-display-component---NewPartner--addressNewCostObjectCstID-vhi"}]}
RESULT: undefined
COMMAND: POST /session/042090a38166428896757e409ee94eb6/element - {"using":"xpath","value":"//*[@id=\"application-managepartners-display-component---NewPartner--addressNewCostObjectCstID-vhi\"]"}
RESULT: {}
RESULT: {"using":"xpath","value":"//*[@id=\"application-managepartners-display-component---NewPartner--addressNewCostObjectCstID-vhi\"]"}
COMMAND: POST /session/042090a38166428896757e409ee94eb6/element/f.D57AB2C99AD4B5B06A6B5D4BC615C113.d.FEF07381AA1A854D3DCF2CCF9E820147.e.1527/click - {}
RESULT: {}
COMMAND: GET /session/042090a38166428896757e409ee94eb6/screenshot - {}
RESULT: {}
RESULT: undefined
COMMAND: POST /session/042090a38166428896757e409ee94eb6/execute/async - {"script":"<script> [776 bytes]","args":[{"enterText":"10001013","selector":{"controlType":"sap.m.SearchField","properties":{"placeholder":"Search"},"searchOpenDialogs":true,"interaction":{"idSuffix":"I"}},"clearTextFirst":true,"interactionType":"ENTER_TEXT"}]}
RESULT: {"script":"<script> [776 bytes]","args":[{"enterText":"10001013","selector":{"controlType":"sap.m.SearchField","properties":{"placeholder":"Search"},"searchOpenDialogs":true,"interaction":{"idSuffix":"I"}},"clearTextFirst":true,"interactionType":"ENTER_TEXT"}]}
COMMAND: POST /session/042090a38166428896757e409ee94eb6/actions - {"actions":[{"id":"action2","type":"key","parameters":{},"actions":[{"type":"keyDown","value":"î€‡"},{"type":"pause","duration":10},{"type":"keyUp","value":"î€‡"}]}]}
RESULT: {"actions":[{"id":"action2","type":"key","parameters":{},"actions":[{"type":"keyDown","value":"î€‡"},{"type":"pause","duration":10},{"type":"keyUp","value":"î€‡"}]}]}
COMMAND: GET /session/042090a38166428896757e409ee94eb6/screenshot - {}
RESULT: {}
COMMAND: POST /session/042090a38166428896757e409ee94eb6/element - {"using":"xpath","value":"//span[contains(text(), \"General Management\")]"}
RESULT: {"using":"xpath","value":"//span[contains(text(), \"General Management\")]"}
COMMAND: POST /session/042090a38166428896757e409ee94eb6/element/f.D57AB2C99AD4B5B06A6B5D4BC615C113.d.FEF07381AA1A854D3DCF2CCF9E820147.e.1563/click - {}
RESULT: {}
COMMAND: GET /session/042090a38166428896757e409ee94eb6/screenshot - {}
RESULT: {}
COMMAND: POST /session/042090a38166428896757e409ee94eb6/element - {"using":"xpath","value":"//bdi[contains(text(), \"OK\")]"}
RESULT: {"using":"xpath","value":"//bdi[contains(text(), \"OK\")]"}
COMMAND: POST /session/042090a38166428896757e409ee94eb6/element/f.D57AB2C99AD4B5B06A6B5D4BC615C113.d.FEF07381AA1A854D3DCF2CCF9E820147.e.1564/click - {}
RESULT: {}
COMMAND: GET /session/042090a38166428896757e409ee94eb6/screenshot - {}
RESULT: {}
COMMAND: POST /session/042090a38166428896757e409ee94eb6/element - {"using":"xpath","value":"//input[@id=\"application-managepartners-display-component---NewPartner--companyCodeComboBox-inner\"]"}
RESULT: {"using":"xpath","value":"//input[@id=\"application-managepartners-display-component---NewPartner--companyCodeComboBox-inner\"]"}
COMMAND: POST /session/042090a38166428896757e409ee94eb6/element/f.D57AB2C99AD4B5B06A6B5D4BC615C113.d.FEF07381AA1A854D3DCF2CCF9E820147.e.1368/clear - {}
RESULT: {}
COMMAND: POST /session/042090a38166428896757e409ee94eb6/element/f.D57AB2C99AD4B5B06A6B5D4BC615C113.d.FEF07381AA1A854D3DCF2CCF9E820147.e.1368/value - {"text":"1000"}
COMMAND: GET /session/042090a38166428896757e409ee94eb6/screenshot - {}
RESULT: {"text":"1000"}
COMMAND: GET /session/042090a38166428896757e409ee94eb6/screenshot - {}
RESULT: {}
RESULT: {}
COMMAND: POST /session/042090a38166428896757e409ee94eb6/element - {"using":"xpath","value":"//span[contains(text(), \"1000\")]"}
RESULT: {"using":"xpath","value":"//span[contains(text(), \"1000\")]"}
COMMAND: POST /session/042090a38166428896757e409ee94eb6/element/f.D57AB2C99AD4B5B06A6B5D4BC615C113.d.FEF07381AA1A854D3DCF2CCF9E820147.e.1570/click - {}
RESULT: {}
COMMAND: GET /session/042090a38166428896757e409ee94eb6/screenshot - {}
RESULT: {}
COMMAND: POST /session/042090a38166428896757e409ee94eb6/execute/async - {"script":"<script> [1562 bytes]","args":[{"selector":{"id":"application-managepartners-display-component---NewPartner--btnAddTableRow-img"},"wdio_ui5_key":"applicationmanagepartners-display-component---NewPartner--btnAddTableRow-img"}]}
RESULT: {"script":"<script> [1562 bytes]","args":[{"selector":{"id":"application-managepartners-display-component---NewPartner--btnAddTableRow-img"},"wdio_ui5_key":"applicationmanagepartners-display-component---NewPartner--btnAddTableRow-img"}]}
RESULT: undefined
COMMAND: POST /session/042090a38166428896757e409ee94eb6/element - {"using":"xpath","value":"//*[@id=\"application-managepartners-display-component---NewPartner--btnAddTableRow-img\"]"}
RESULT: {"using":"xpath","value":"//*[@id=\"application-managepartners-display-component---NewPartner--btnAddTableRow-img\"]"}
COMMAND: POST /session/042090a38166428896757e409ee94eb6/element/f.D57AB2C99AD4B5B06A6B5D4BC615C113.d.FEF07381AA1A854D3DCF2CCF9E820147.e.1571/click - {}
RESULT: {}
COMMAND: GET /session/042090a38166428896757e409ee94eb6/screenshot - {}
RESULT: {}
COMMAND: POST /session/042090a38166428896757e409ee94eb6/element - {"using":"xpath","value":"//input[@id=\"application-managepartners-display-component---NewPartner--assignmentYard-application-managepartners-display-component---NewPartner--assignmentsTable-0-inner\"]"}
RESULT: {"using":"xpath","value":"//input[@id=\"application-managepartners-display-component---NewPartner--assignmentYard-application-managepartners-display-component---NewPartner--assignmentsTable-0-inner\"]"}
COMMAND: POST /session/042090a38166428896757e409ee94eb6/element/f.D57AB2C99AD4B5B06A6B5D4BC615C113.d.FEF07381AA1A854D3DCF2CCF9E820147.e.1574/clear - {}
RESULT: {}
COMMAND: POST /session/042090a38166428896757e409ee94eb6/element/f.D57AB2C99AD4B5B06A6B5D4BC615C113.d.FEF07381AA1A854D3DCF2CCF9E820147.e.1574/value - {"text":"306"}
COMMAND: GET /session/042090a38166428896757e409ee94eb6/screenshot - {}
RESULT: {"text":"306"}
COMMAND: GET /session/042090a38166428896757e409ee94eb6/screenshot - {}
RESULT: {}
RESULT: {}
COMMAND: POST /session/042090a38166428896757e409ee94eb6/element - {"using":"xpath","value":"//li[.//span[text()='306']]"}
RESULT: {"using":"xpath","value":"//li[.//span[text()='306']]"}
COMMAND: POST /session/042090a38166428896757e409ee94eb6/element/f.D57AB2C99AD4B5B06A6B5D4BC615C113.d.FEF07381AA1A854D3DCF2CCF9E820147.e.1583/click - {}
RESULT: {}
COMMAND: GET /session/042090a38166428896757e409ee94eb6/screenshot - {}
RESULT: {}
COMMAND: POST /session/042090a38166428896757e409ee94eb6/actions - {"actions":[{"id":"action3","type":"key","parameters":{},"actions":[{"type":"keyDown","value":"î€‡"},{"type":"pause","duration":10},{"type":"keyUp","value":"î€‡"}]}]}
RESULT: {"actions":[{"id":"action3","type":"key","parameters":{},"actions":[{"type":"keyDown","value":"î€‡"},{"type":"pause","duration":10},{"type":"keyUp","value":"î€‡"}]}]}
COMMAND: POST /session/042090a38166428896757e409ee94eb6/execute/async - {"script":"<script> [1562 bytes]","args":[{"selector":{"id":"application-managepartners-display-component---NewPartner--externalCustomerComboBox-application-managepartners-display-component---NewPartner--assignmentsTable-0-vhi"},"wdio_ui5_key":"applicationmanagepartners-display-component---NewPartner--externalCustomerComboBox-application-managepartners-display-component---NewPartner--assignmentsTable-0-vhi"}]}
COMMAND: GET /session/042090a38166428896757e409ee94eb6/screenshot - {}
RESULT: {"script":"<script> [1562 bytes]","args":[{"selector":{"id":"application-managepartners-display-component---NewPartner--externalCustomerComboBox-application-managepartners-display-component---NewPartner--assignmentsTable-0-vhi"},"wdio_ui5_key":"applicationmanagepartners-display-component---NewPartner--externalCustomerComboBox-application-managepartners-display-component---NewPartner--assignmentsTable-0-vhi"}]}
RESULT: undefined
COMMAND: POST /session/042090a38166428896757e409ee94eb6/element - {"using":"xpath","value":"//*[@id=\"application-managepartners-display-component---NewPartner--externalCustomerComboBox-application-managepartners-display-component---NewPartner--assignmentsTable-0-vhi\"]"}
RESULT: {}
RESULT: {"using":"xpath","value":"//*[@id=\"application-managepartners-display-component---NewPartner--externalCustomerComboBox-application-managepartners-display-component---NewPartner--assignmentsTable-0-vhi\"]"}
COMMAND: POST /session/042090a38166428896757e409ee94eb6/element/f.D57AB2C99AD4B5B06A6B5D4BC615C113.d.FEF07381AA1A854D3DCF2CCF9E820147.e.1587/click - {}
RESULT: {}
RESULT: undefined
COMMAND: POST /session/042090a38166428896757e409ee94eb6/execute/async - {"script":"<script> [776 bytes]","args":[{"enterText":"300003","selector":{"controlType":"sap.m.SearchField","properties":{"placeholder":"Search"},"searchOpenDialogs":true,"interaction":{"idSuffix":"I"}},"clearTextFirst":true,"interactionType":"ENTER_TEXT"}]}
COMMAND: GET /session/042090a38166428896757e409ee94eb6/screenshot - {}
RESULT: {"script":"<script> [776 bytes]","args":[{"enterText":"300003","selector":{"controlType":"sap.m.SearchField","properties":{"placeholder":"Search"},"searchOpenDialogs":true,"interaction":{"idSuffix":"I"}},"clearTextFirst":true,"interactionType":"ENTER_TEXT"}]}
COMMAND: POST /session/042090a38166428896757e409ee94eb6/actions - {"actions":[{"id":"action4","type":"key","parameters":{},"actions":[{"type":"keyDown","value":"î€‡"},{"type":"pause","duration":10},{"type":"keyUp","value":"î€‡"}]}]}
RESULT: {}
RESULT: {"actions":[{"id":"action4","type":"key","parameters":{},"actions":[{"type":"keyDown","value":"î€‡"},{"type":"pause","duration":10},{"type":"keyUp","value":"î€‡"}]}]}
COMMAND: GET /session/042090a38166428896757e409ee94eb6/screenshot - {}
RESULT: {}
COMMAND: POST /session/042090a38166428896757e409ee94eb6/element - {"using":"xpath","value":"//span[contains(text(), \"300003\")]"}
RESULT: {"using":"xpath","value":"//span[contains(text(), \"300003\")]"}
COMMAND: POST /session/042090a38166428896757e409ee94eb6/element/f.D57AB2C99AD4B5B06A6B5D4BC615C113.d.FEF07381AA1A854D3DCF2CCF9E820147.e.1605/click - {}
RESULT: {}
COMMAND: GET /session/042090a38166428896757e409ee94eb6/screenshot - {}
RESULT: {}
COMMAND: POST /session/042090a38166428896757e409ee94eb6/element - {"using":"xpath","value":"//bdi[contains(text(), \"OK\")]"}
RESULT: {"using":"xpath","value":"//bdi[contains(text(), \"OK\")]"}
COMMAND: POST /session/042090a38166428896757e409ee94eb6/element/f.D57AB2C99AD4B5B06A6B5D4BC615C113.d.FEF07381AA1A854D3DCF2CCF9E820147.e.1607/click - {}
RESULT: {}
COMMAND: GET /session/042090a38166428896757e409ee94eb6/screenshot - {}
RESULT: {}
COMMAND: POST /session/042090a38166428896757e409ee94eb6/execute/async - {"script":"<script> [1562 bytes]","args":[{"selector":{"id":"application-managepartners-display-component---NewPartner--intercompVendorComboBox-application-managepartners-display-component---NewPartner--assignmentsTable-0-vhi"},"wdio_ui5_key":"applicationmanagepartners-display-component---NewPartner--intercompVendorComboBox-application-managepartners-display-component---NewPartner--assignmentsTable-0-vhi"}]}
RESULT: {"script":"<script> [1562 bytes]","args":[{"selector":{"id":"application-managepartners-display-component---NewPartner--intercompVendorComboBox-application-managepartners-display-component---NewPartner--assignmentsTable-0-vhi"},"wdio_ui5_key":"applicationmanagepartners-display-component---NewPartner--intercompVendorComboBox-application-managepartners-display-component---NewPartner--assignmentsTable-0-vhi"}]}
RESULT: undefined
COMMAND: POST /session/042090a38166428896757e409ee94eb6/element - {"using":"xpath","value":"//*[@id=\"application-managepartners-display-component---NewPartner--intercompVendorComboBox-application-managepartners-display-component---NewPartner--assignmentsTable-0-vhi\"]"}
RESULT: {"using":"xpath","value":"//*[@id=\"application-managepartners-display-component---NewPartner--intercompVendorComboBox-application-managepartners-display-component---NewPartner--assignmentsTable-0-vhi\"]"}
COMMAND: POST /session/042090a38166428896757e409ee94eb6/element/f.D57AB2C99AD4B5B06A6B5D4BC615C113.d.FEF07381AA1A854D3DCF2CCF9E820147.e.1610/click - {}
RESULT: {}
RESULT: undefined
COMMAND: POST /session/042090a38166428896757e409ee94eb6/execute/async - {"script":"<script> [776 bytes]","args":[{"enterText":"100005","selector":{"controlType":"sap.m.SearchField","properties":{"placeholder":"Search"},"searchOpenDialogs":true,"interaction":{"idSuffix":"I"}},"clearTextFirst":true,"interactionType":"ENTER_TEXT"}]}
COMMAND: GET /session/042090a38166428896757e409ee94eb6/screenshot - {}
RESULT: {"script":"<script> [776 bytes]","args":[{"enterText":"100005","selector":{"controlType":"sap.m.SearchField","properties":{"placeholder":"Search"},"searchOpenDialogs":true,"interaction":{"idSuffix":"I"}},"clearTextFirst":true,"interactionType":"ENTER_TEXT"}]}
COMMAND: POST /session/042090a38166428896757e409ee94eb6/actions - {"actions":[{"id":"action5","type":"key","parameters":{},"actions":[{"type":"keyDown","value":"î€‡"},{"type":"pause","duration":10},{"type":"keyUp","value":"î€‡"}]}]}
RESULT: {}
RESULT: {"actions":[{"id":"action5","type":"key","parameters":{},"actions":[{"type":"keyDown","value":"î€‡"},{"type":"pause","duration":10},{"type":"keyUp","value":"î€‡"}]}]}
COMMAND: GET /session/042090a38166428896757e409ee94eb6/screenshot - {}
RESULT: {}
COMMAND: POST /session/042090a38166428896757e409ee94eb6/element - {"using":"xpath","value":"//span[contains(text(), \"Penguins - Field/12345 Berlin\")]"}
RESULT: {"using":"xpath","value":"//span[contains(text(), \"Penguins - Field/12345 Berlin\")]"}
COMMAND: POST /session/042090a38166428896757e409ee94eb6/element/f.D57AB2C99AD4B5B06A6B5D4BC615C113.d.FEF07381AA1A854D3DCF2CCF9E820147.e.1628/click - {}
RESULT: {}
COMMAND: GET /session/042090a38166428896757e409ee94eb6/screenshot - {}
RESULT: {}
COMMAND: POST /session/042090a38166428896757e409ee94eb6/element - {"using":"xpath","value":"//bdi[contains(text(), \"OK\")]"}
RESULT: {"using":"xpath","value":"//bdi[contains(text(), \"OK\")]"}
COMMAND: POST /session/042090a38166428896757e409ee94eb6/element/f.D57AB2C99AD4B5B06A6B5D4BC615C113.d.FEF07381AA1A854D3DCF2CCF9E820147.e.1629/click - {}
RESULT: {}
COMMAND: GET /session/042090a38166428896757e409ee94eb6/screenshot - {}
RESULT: {}
COMMAND: POST /session/042090a38166428896757e409ee94eb6/element - {"using":"xpath","value":"//button[@data-kt=\"saveButton\"]"}
RESULT: {"using":"xpath","value":"//button[@data-kt=\"saveButton\"]"}
COMMAND: POST /session/042090a38166428896757e409ee94eb6/element/f.D57AB2C99AD4B5B06A6B5D4BC615C113.d.FEF07381AA1A854D3DCF2CCF9E820147.e.1494/click - {}
RESULT: {}
COMMAND: GET /session/042090a38166428896757e409ee94eb6/screenshot - {}
RESULT: {}
COMMAND: POST /session/042090a38166428896757e409ee94eb6/element - {"using":"xpath","value":"//header[contains(@id, 'ObjectPageLayout-headerTitle')]/div[1]/div[2]/div[2]/span[1]"}
RESULT: {"using":"xpath","value":"//header[contains(@id, 'ObjectPageLayout-headerTitle')]/div[1]/div[2]/div[2]/span[1]"}
COMMAND: POST /session/042090a38166428896757e409ee94eb6/elements - {"using":"xpath","value":"//header[contains(@id, 'ObjectPageLayout-headerTitle')]/div[1]/div[2]/div[2]/span[1]"}
RESULT: {"using":"xpath","value":"//header[contains(@id, 'ObjectPageLayout-headerTitle')]/div[1]/div[2]/div[2]/span[1]"}
COMMAND: POST /session/042090a38166428896757e409ee94eb6/execute/sync - {"script":"<script> [56 bytes]","args":[{"element-6066-11e4-a52e-4f735466cecf":"f.D57AB2C99AD4B5B06A6B5D4BC615C113.d.FEF07381AA1A854D3DCF2CCF9E820147.e.1794","ELEMENT":"f.D57AB2C99AD4B5B06A6B5D4BC615C113.d.FEF07381AA1A854D3DCF2CCF9E820147.e.1794"}]}
RESULT: {"script":"<script> [56 bytes]","args":[{"element-6066-11e4-a52e-4f735466cecf":"f.D57AB2C99AD4B5B06A6B5D4BC615C113.d.FEF07381AA1A854D3DCF2CCF9E820147.e.1794","ELEMENT":"f.D57AB2C99AD4B5B06A6B5D4BC615C113.d.FEF07381AA1A854D3DCF2CCF9E820147.e.1794"}]}
COMMAND: POST /session/042090a38166428896757e409ee94eb6/element - {"using":"css selector","value":"#shell-header-logo"}
COMMAND: GET /session/042090a38166428896757e409ee94eb6/screenshot - {}
RESULT: {"using":"css selector","value":"#shell-header-logo"}
COMMAND: POST /session/042090a38166428896757e409ee94eb6/element/f.D57AB2C99AD4B5B06A6B5D4BC615C113.d.FEF07381AA1A854D3DCF2CCF9E820147.e.1021/click - {}
RESULT: {}
RESULT: {}
COMMAND: GET /session/042090a38166428896757e409ee94eb6/screenshot - {}
RESULT: {}
COMMAND: POST /session/042090a38166428896757e409ee94eb6/execute/sync - {"script":"<script> [299 bytes]","args":[["getModel","getResource"]]}
RESULT: {"script":"<script> [299 bytes]","args":[["getModel","getResource"]]}
]]></system-out>
    </testcase>
    <testcase classname="chrome.135_0_7049_96.windows.Billing_confirm_US117289" name="Should create a new site" time="130.178">
      <system-out><![CDATA[
COMMAND: GET /session/042090a38166428896757e409ee94eb6/screenshot - {}
COMMAND: POST /session/042090a38166428896757e409ee94eb6/execute/async - {"script":"<script> [1562 bytes]","args":[{"selector":{"controlType":"sap.m.TileContent","bindingPath":{"path":"","propertyPath":"/properties/info"},"ancestor":{"controlType":"sap.m.GenericTile","properties":{"header":"Manage Sites"}}},"wdio_ui5_key":"sapm.TileContent{\"path\":\"\",\"propertyPath\":\"/properties/info\"}{\"controlType\":\"sap.m.GenericTile\",\"properties\":{\"header\":\"Manage Sites\"}}"}]}
RESULT: {}
RESULT: {"script":"<script> [1562 bytes]","args":[{"selector":{"controlType":"sap.m.TileContent","bindingPath":{"path":"","propertyPath":"/properties/info"},"ancestor":{"controlType":"sap.m.GenericTile","properties":{"header":"Manage Sites"}}},"wdio_ui5_key":"sapm.TileContent{\"path\":\"\",\"propertyPath\":\"/properties/info\"}{\"controlType\":\"sap.m.GenericTile\",\"properties\":{\"header\":\"Manage Sites\"}}"}]}
RESULT: undefined
COMMAND: POST /session/042090a38166428896757e409ee94eb6/element - {"using":"xpath","value":"//*[@id=\"__xmlview7--numericTileContent\"]"}
RESULT: {"using":"xpath","value":"//*[@id=\"__xmlview7--numericTileContent\"]"}
COMMAND: POST /session/042090a38166428896757e409ee94eb6/element/f.D57AB2C99AD4B5B06A6B5D4BC615C113.d.FEF07381AA1A854D3DCF2CCF9E820147.e.1796/click - {}
RESULT: {}
COMMAND: POST /session/042090a38166428896757e409ee94eb6/element - {"using":"xpath","value":"//button[@data-kt=\"addOverflowToolbarButton\"]"}
COMMAND: GET /session/042090a38166428896757e409ee94eb6/screenshot - {}
RESULT: {"using":"xpath","value":"//button[@data-kt=\"addOverflowToolbarButton\"]"}
COMMAND: POST /session/042090a38166428896757e409ee94eb6/elements - {"using":"xpath","value":"//button[@data-kt=\"addOverflowToolbarButton\"]"}
RESULT: {}
RESULT: {"using":"xpath","value":"//button[@data-kt=\"addOverflowToolbarButton\"]"}
COMMAND: POST /session/042090a38166428896757e409ee94eb6/elements - {"using":"xpath","value":"//button[@data-kt=\"addOverflowToolbarButton\"]"}
RESULT: {"using":"xpath","value":"//button[@data-kt=\"addOverflowToolbarButton\"]"}
COMMAND: POST /session/042090a38166428896757e409ee94eb6/elements - {"using":"xpath","value":"//button[@data-kt=\"addOverflowToolbarButton\"]"}
RESULT: {"using":"xpath","value":"//button[@data-kt=\"addOverflowToolbarButton\"]"}
COMMAND: POST /session/042090a38166428896757e409ee94eb6/element - {"using":"xpath","value":"//button[@data-kt=\"addOverflowToolbarButton\"]"}
RESULT: {"using":"xpath","value":"//button[@data-kt=\"addOverflowToolbarButton\"]"}
COMMAND: POST /session/042090a38166428896757e409ee94eb6/execute/sync - {"script":"<script> [8489 bytes]","args":[{"element-6066-11e4-a52e-4f735466cecf":"f.D57AB2C99AD4B5B06A6B5D4BC615C113.d.FEF07381AA1A854D3DCF2CCF9E820147.e.1843","ELEMENT":"f.D57AB2C99AD4B5B06A6B5D4BC615C113.d.FEF07381AA1A854D3DCF2CCF9E820147.e.1843"}]}
RESULT: {"script":"<script> [8489 bytes]","args":[{"element-6066-11e4-a52e-4f735466cecf":"f.D57AB2C99AD4B5B06A6B5D4BC615C113.d.FEF07381AA1A854D3DCF2CCF9E820147.e.1843","ELEMENT":"f.D57AB2C99AD4B5B06A6B5D4BC615C113.d.FEF07381AA1A854D3DCF2CCF9E820147.e.1843"}]}
COMMAND: GET /session/042090a38166428896757e409ee94eb6/element/f.D57AB2C99AD4B5B06A6B5D4BC615C113.d.FEF07381AA1A854D3DCF2CCF9E820147.e.1843/enabled - {}
COMMAND: GET /session/042090a38166428896757e409ee94eb6/screenshot - {}
RESULT: {}
COMMAND: POST /session/042090a38166428896757e409ee94eb6/execute/sync - {"script":"<script> [8489 bytes]","args":[{"element-6066-11e4-a52e-4f735466cecf":"f.D57AB2C99AD4B5B06A6B5D4BC615C113.d.FEF07381AA1A854D3DCF2CCF9E820147.e.1843","ELEMENT":"f.D57AB2C99AD4B5B06A6B5D4BC615C113.d.FEF07381AA1A854D3DCF2CCF9E820147.e.1843"}]}
COMMAND: GET /session/042090a38166428896757e409ee94eb6/screenshot - {}
RESULT: {}
RESULT: {"script":"<script> [8489 bytes]","args":[{"element-6066-11e4-a52e-4f735466cecf":"f.D57AB2C99AD4B5B06A6B5D4BC615C113.d.FEF07381AA1A854D3DCF2CCF9E820147.e.1843","ELEMENT":"f.D57AB2C99AD4B5B06A6B5D4BC615C113.d.FEF07381AA1A854D3DCF2CCF9E820147.e.1843"}]}
COMMAND: POST /session/042090a38166428896757e409ee94eb6/execute/sync - {"script":"<script> [5351 bytes]","args":[{"element-6066-11e4-a52e-4f735466cecf":"f.D57AB2C99AD4B5B06A6B5D4BC615C113.d.FEF07381AA1A854D3DCF2CCF9E820147.e.1843","ELEMENT":"f.D57AB2C99AD4B5B06A6B5D4BC615C113.d.FEF07381AA1A854D3DCF2CCF9E820147.e.1843"}]}
COMMAND: GET /session/042090a38166428896757e409ee94eb6/screenshot - {}
RESULT: {}
RESULT: {"script":"<script> [5351 bytes]","args":[{"element-6066-11e4-a52e-4f735466cecf":"f.D57AB2C99AD4B5B06A6B5D4BC615C113.d.FEF07381AA1A854D3DCF2CCF9E820147.e.1843","ELEMENT":"f.D57AB2C99AD4B5B06A6B5D4BC615C113.d.FEF07381AA1A854D3DCF2CCF9E820147.e.1843"}]}
COMMAND: POST /session/042090a38166428896757e409ee94eb6/element/f.D57AB2C99AD4B5B06A6B5D4BC615C113.d.FEF07381AA1A854D3DCF2CCF9E820147.e.1843/click - {}
COMMAND: GET /session/042090a38166428896757e409ee94eb6/screenshot - {}
RESULT: {}
RESULT: {}
COMMAND: GET /session/042090a38166428896757e409ee94eb6/screenshot - {}
RESULT: {}
RESULT: {}
COMMAND: POST /session/042090a38166428896757e409ee94eb6/execute/async - {"script":"<script> [1562 bytes]","args":[{"selector":{"id":"application-managesites-display-component---NewSite--addressDetailDetailsName1","interaction":{"idSuffix":"inner"}},"wdio_ui5_key":"applicationmanagesites-display-component---NewSite--addressDetailDetailsName1"}]}
RESULT: {"script":"<script> [1562 bytes]","args":[{"selector":{"id":"application-managesites-display-component---NewSite--addressDetailDetailsName1","interaction":{"idSuffix":"inner"}},"wdio_ui5_key":"applicationmanagesites-display-component---NewSite--addressDetailDetailsName1"}]}
RESULT: undefined
COMMAND: POST /session/042090a38166428896757e409ee94eb6/execute/async - {"script":"<script> [776 bytes]","args":[{"enterText":"Intracompany Site wdIO","selector":{"id":"application-managesites-display-component---NewSite--addressDetailDetailsName1","interaction":{"idSuffix":"inner"}},"clearTextFirst":true,"interactionType":"ENTER_TEXT"}]}
RESULT: {"script":"<script> [776 bytes]","args":[{"enterText":"Intracompany Site wdIO","selector":{"id":"application-managesites-display-component---NewSite--addressDetailDetailsName1","interaction":{"idSuffix":"inner"}},"clearTextFirst":true,"interactionType":"ENTER_TEXT"}]}
COMMAND: POST /session/042090a38166428896757e409ee94eb6/execute/async - {"script":"<script> [1562 bytes]","args":[{"selector":{"id":"application-managesites-display-component---NewSite--addressDetailDetailsLanguage-arrow"},"wdio_ui5_key":"applicationmanagesites-display-component---NewSite--addressDetailDetailsLanguage-arrow"}]}
RESULT: {"script":"<script> [1562 bytes]","args":[{"selector":{"id":"application-managesites-display-component---NewSite--addressDetailDetailsLanguage-arrow"},"wdio_ui5_key":"applicationmanagesites-display-component---NewSite--addressDetailDetailsLanguage-arrow"}]}
RESULT: undefined
COMMAND: POST /session/042090a38166428896757e409ee94eb6/element - {"using":"xpath","value":"//*[@id=\"application-managesites-display-component---NewSite--addressDetailDetailsLanguage-arrow\"]"}
RESULT: {"using":"xpath","value":"//*[@id=\"application-managesites-display-component---NewSite--addressDetailDetailsLanguage-arrow\"]"}
COMMAND: POST /session/042090a38166428896757e409ee94eb6/element/f.D57AB2C99AD4B5B06A6B5D4BC615C113.d.FEF07381AA1A854D3DCF2CCF9E820147.e.2477/click - {}
RESULT: {}
COMMAND: POST /session/042090a38166428896757e409ee94eb6/element - {"using":"xpath","value":"//span[contains(text(), \"English\")]"}
COMMAND: GET /session/042090a38166428896757e409ee94eb6/screenshot - {}
RESULT: {"using":"xpath","value":"//span[contains(text(), \"English\")]"}
COMMAND: POST /session/042090a38166428896757e409ee94eb6/element/f.D57AB2C99AD4B5B06A6B5D4BC615C113.d.FEF07381AA1A854D3DCF2CCF9E820147.e.2478/click - {}
RESULT: {}
RESULT: {}
COMMAND: POST /session/042090a38166428896757e409ee94eb6/execute/async - {"script":"<script> [1562 bytes]","args":[{"selector":{"id":"application-managesites-display-component---NewSite--addressDetailDetailsCity1","interaction":{"idSuffix":"inner"}},"wdio_ui5_key":"applicationmanagesites-display-component---NewSite--addressDetailDetailsCity1"}]}
COMMAND: GET /session/042090a38166428896757e409ee94eb6/screenshot - {}
RESULT: {"script":"<script> [1562 bytes]","args":[{"selector":{"id":"application-managesites-display-component---NewSite--addressDetailDetailsCity1","interaction":{"idSuffix":"inner"}},"wdio_ui5_key":"applicationmanagesites-display-component---NewSite--addressDetailDetailsCity1"}]}
RESULT: undefined
COMMAND: POST /session/042090a38166428896757e409ee94eb6/execute/async - {"script":"<script> [776 bytes]","args":[{"enterText":"Rosario","selector":{"id":"application-managesites-display-component---NewSite--addressDetailDetailsCity1","interaction":{"idSuffix":"inner"}},"clearTextFirst":true,"interactionType":"ENTER_TEXT"}]}
RESULT: {}
RESULT: {"script":"<script> [776 bytes]","args":[{"enterText":"Rosario","selector":{"id":"application-managesites-display-component---NewSite--addressDetailDetailsCity1","interaction":{"idSuffix":"inner"}},"clearTextFirst":true,"interactionType":"ENTER_TEXT"}]}
COMMAND: POST /session/042090a38166428896757e409ee94eb6/execute/async - {"script":"<script> [1562 bytes]","args":[{"selector":{"id":"application-managesites-display-component---NewSite--addressDetailDetailsCountry-arrow"},"wdio_ui5_key":"applicationmanagesites-display-component---NewSite--addressDetailDetailsCountry-arrow"}]}
RESULT: {"script":"<script> [1562 bytes]","args":[{"selector":{"id":"application-managesites-display-component---NewSite--addressDetailDetailsCountry-arrow"},"wdio_ui5_key":"applicationmanagesites-display-component---NewSite--addressDetailDetailsCountry-arrow"}]}
RESULT: undefined
COMMAND: POST /session/042090a38166428896757e409ee94eb6/element - {"using":"xpath","value":"//*[@id=\"application-managesites-display-component---NewSite--addressDetailDetailsCountry-arrow\"]"}
RESULT: {"using":"xpath","value":"//*[@id=\"application-managesites-display-component---NewSite--addressDetailDetailsCountry-arrow\"]"}
COMMAND: POST /session/042090a38166428896757e409ee94eb6/element/f.D57AB2C99AD4B5B06A6B5D4BC615C113.d.FEF07381AA1A854D3DCF2CCF9E820147.e.2480/click - {}
RESULT: {}
COMMAND: POST /session/042090a38166428896757e409ee94eb6/element - {"using":"xpath","value":"//span[contains(text(), \"Argentina\")]"}
COMMAND: GET /session/042090a38166428896757e409ee94eb6/screenshot - {}
RESULT: {"using":"xpath","value":"//span[contains(text(), \"Argentina\")]"}
COMMAND: POST /session/042090a38166428896757e409ee94eb6/element/f.D57AB2C99AD4B5B06A6B5D4BC615C113.d.FEF07381AA1A854D3DCF2CCF9E820147.e.2481/click - {}
RESULT: {}
RESULT: {}
COMMAND: GET /session/042090a38166428896757e409ee94eb6/screenshot - {}
RESULT: {}
COMMAND: POST /session/042090a38166428896757e409ee94eb6/execute/async - {"script":"<script> [1562 bytes]","args":[{"selector":{"id":"application-managesites-display-component---NewSite--addressEditDetailsCostObjectCstType-arrow"},"wdio_ui5_key":"applicationmanagesites-display-component---NewSite--addressEditDetailsCostObjectCstType-arrow"}]}
RESULT: {"script":"<script> [1562 bytes]","args":[{"selector":{"id":"application-managesites-display-component---NewSite--addressEditDetailsCostObjectCstType-arrow"},"wdio_ui5_key":"applicationmanagesites-display-component---NewSite--addressEditDetailsCostObjectCstType-arrow"}]}
RESULT: undefined
COMMAND: POST /session/042090a38166428896757e409ee94eb6/element - {"using":"xpath","value":"//*[@id=\"application-managesites-display-component---NewSite--addressEditDetailsCostObjectCstType-arrow\"]"}
RESULT: {"using":"xpath","value":"//*[@id=\"application-managesites-display-component---NewSite--addressEditDetailsCostObjectCstType-arrow\"]"}
COMMAND: POST /session/042090a38166428896757e409ee94eb6/element/f.D57AB2C99AD4B5B06A6B5D4BC615C113.d.FEF07381AA1A854D3DCF2CCF9E820147.e.2483/click - {}
RESULT: {}
COMMAND: POST /session/042090a38166428896757e409ee94eb6/element - {"using":"xpath","value":"//span[contains(text(), \"Cost Center\")]"}
COMMAND: GET /session/042090a38166428896757e409ee94eb6/screenshot - {}
RESULT: {"using":"xpath","value":"//span[contains(text(), \"Cost Center\")]"}
COMMAND: POST /session/042090a38166428896757e409ee94eb6/element/f.D57AB2C99AD4B5B06A6B5D4BC615C113.d.FEF07381AA1A854D3DCF2CCF9E820147.e.2484/click - {}
RESULT: {}
RESULT: {}
COMMAND: GET /session/042090a38166428896757e409ee94eb6/screenshot - {}
RESULT: {}
COMMAND: POST /session/042090a38166428896757e409ee94eb6/element - {"using":"xpath","value":"//span[@id=\"application-managesites-display-component---NewSite--addressNewCostObjectCstID-vhi\"]"}
RESULT: {"using":"xpath","value":"//span[@id=\"application-managesites-display-component---NewSite--addressNewCostObjectCstID-vhi\"]"}
COMMAND: POST /session/042090a38166428896757e409ee94eb6/execute/sync - {"script":"<script> [8489 bytes]","args":[{"element-6066-11e4-a52e-4f735466cecf":"f.D57AB2C99AD4B5B06A6B5D4BC615C113.d.FEF07381AA1A854D3DCF2CCF9E820147.e.2489","ELEMENT":"f.D57AB2C99AD4B5B06A6B5D4BC615C113.d.FEF07381AA1A854D3DCF2CCF9E820147.e.2489"}]}
RESULT: {"script":"<script> [8489 bytes]","args":[{"element-6066-11e4-a52e-4f735466cecf":"f.D57AB2C99AD4B5B06A6B5D4BC615C113.d.FEF07381AA1A854D3DCF2CCF9E820147.e.2489","ELEMENT":"f.D57AB2C99AD4B5B06A6B5D4BC615C113.d.FEF07381AA1A854D3DCF2CCF9E820147.e.2489"}]}
COMMAND: POST /session/042090a38166428896757e409ee94eb6/execute/async - {"script":"<script> [1562 bytes]","args":[{"selector":{"id":"application-managesites-display-component---NewSite--addressNewCostObjectCstID-vhi"},"wdio_ui5_key":"applicationmanagesites-display-component---NewSite--addressNewCostObjectCstID-vhi"}]}
COMMAND: GET /session/042090a38166428896757e409ee94eb6/screenshot - {}
RESULT: {"script":"<script> [1562 bytes]","args":[{"selector":{"id":"application-managesites-display-component---NewSite--addressNewCostObjectCstID-vhi"},"wdio_ui5_key":"applicationmanagesites-display-component---NewSite--addressNewCostObjectCstID-vhi"}]}
RESULT: undefined
COMMAND: POST /session/042090a38166428896757e409ee94eb6/element - {"using":"xpath","value":"//*[@id=\"application-managesites-display-component---NewSite--addressNewCostObjectCstID-vhi\"]"}
RESULT: {}
RESULT: {"using":"xpath","value":"//*[@id=\"application-managesites-display-component---NewSite--addressNewCostObjectCstID-vhi\"]"}
COMMAND: POST /session/042090a38166428896757e409ee94eb6/element/f.D57AB2C99AD4B5B06A6B5D4BC615C113.d.FEF07381AA1A854D3DCF2CCF9E820147.e.2489/click - {}
RESULT: {}
COMMAND: GET /session/042090a38166428896757e409ee94eb6/screenshot - {}
RESULT: {}
RESULT: undefined
COMMAND: POST /session/042090a38166428896757e409ee94eb6/execute/async - {"script":"<script> [776 bytes]","args":[{"enterText":"10001013","selector":{"controlType":"sap.m.SearchField","properties":{"placeholder":"Search"},"searchOpenDialogs":true,"interaction":{"idSuffix":"I"}},"clearTextFirst":true,"interactionType":"ENTER_TEXT"}]}
RESULT: {"script":"<script> [776 bytes]","args":[{"enterText":"10001013","selector":{"controlType":"sap.m.SearchField","properties":{"placeholder":"Search"},"searchOpenDialogs":true,"interaction":{"idSuffix":"I"}},"clearTextFirst":true,"interactionType":"ENTER_TEXT"}]}
COMMAND: POST /session/042090a38166428896757e409ee94eb6/actions - {"actions":[{"id":"action6","type":"key","parameters":{},"actions":[{"type":"keyDown","value":"î€‡"},{"type":"pause","duration":10},{"type":"keyUp","value":"î€‡"}]}]}
RESULT: {"actions":[{"id":"action6","type":"key","parameters":{},"actions":[{"type":"keyDown","value":"î€‡"},{"type":"pause","duration":10},{"type":"keyUp","value":"î€‡"}]}]}
COMMAND: GET /session/042090a38166428896757e409ee94eb6/screenshot - {}
RESULT: {}
COMMAND: POST /session/042090a38166428896757e409ee94eb6/element - {"using":"xpath","value":"//span[contains(text(), \"General Management\")]"}
RESULT: {"using":"xpath","value":"//span[contains(text(), \"General Management\")]"}
COMMAND: POST /session/042090a38166428896757e409ee94eb6/element/f.D57AB2C99AD4B5B06A6B5D4BC615C113.d.FEF07381AA1A854D3DCF2CCF9E820147.e.2528/click - {}
RESULT: {}
COMMAND: GET /session/042090a38166428896757e409ee94eb6/screenshot - {}
RESULT: {}
COMMAND: POST /session/042090a38166428896757e409ee94eb6/element - {"using":"xpath","value":"//bdi[contains(text(), \"OK\")]"}
RESULT: {"using":"xpath","value":"//bdi[contains(text(), \"OK\")]"}
COMMAND: POST /session/042090a38166428896757e409ee94eb6/element/f.D57AB2C99AD4B5B06A6B5D4BC615C113.d.FEF07381AA1A854D3DCF2CCF9E820147.e.2529/click - {}
RESULT: {}
COMMAND: GET /session/042090a38166428896757e409ee94eb6/screenshot - {}
RESULT: {}
COMMAND: POST /session/042090a38166428896757e409ee94eb6/element - {"using":"xpath","value":"//input[@id=\"application-managesites-display-component---NewSite--addressDetailDetailsCalendar-inner\"]"}
RESULT: {"using":"xpath","value":"//input[@id=\"application-managesites-display-component---NewSite--addressDetailDetailsCalendar-inner\"]"}
COMMAND: POST /session/042090a38166428896757e409ee94eb6/element/f.D57AB2C99AD4B5B06A6B5D4BC615C113.d.FEF07381AA1A854D3DCF2CCF9E820147.e.2272/clear - {}
RESULT: {}
COMMAND: POST /session/042090a38166428896757e409ee94eb6/element/f.D57AB2C99AD4B5B06A6B5D4BC615C113.d.FEF07381AA1A854D3DCF2CCF9E820147.e.2272/value - {"text":"Unit"}
COMMAND: GET /session/042090a38166428896757e409ee94eb6/screenshot - {}
RESULT: {"text":"Unit"}
COMMAND: GET /session/042090a38166428896757e409ee94eb6/screenshot - {}
RESULT: {}
RESULT: {}
COMMAND: POST /session/042090a38166428896757e409ee94eb6/actions - {"actions":[{"id":"action7","type":"key","parameters":{},"actions":[{"type":"keyDown","value":"î€‡"},{"type":"pause","duration":10},{"type":"keyUp","value":"î€‡"}]}]}
RESULT: {"actions":[{"id":"action7","type":"key","parameters":{},"actions":[{"type":"keyDown","value":"î€‡"},{"type":"pause","duration":10},{"type":"keyUp","value":"î€‡"}]}]}
COMMAND: POST /session/042090a38166428896757e409ee94eb6/element - {"using":"xpath","value":"//input[@id=\"application-managesites-display-component---NewSite--addressDetailDetailsYard-inner\"]"}
COMMAND: GET /session/042090a38166428896757e409ee94eb6/screenshot - {}
RESULT: {"using":"xpath","value":"//input[@id=\"application-managesites-display-component---NewSite--addressDetailDetailsYard-inner\"]"}
COMMAND: POST /session/042090a38166428896757e409ee94eb6/element/f.D57AB2C99AD4B5B06A6B5D4BC615C113.d.FEF07381AA1A854D3DCF2CCF9E820147.e.2273/clear - {}
RESULT: {}
RESULT: {}
COMMAND: POST /session/042090a38166428896757e409ee94eb6/element/f.D57AB2C99AD4B5B06A6B5D4BC615C113.d.FEF07381AA1A854D3DCF2CCF9E820147.e.2273/value - {"text":"306"}
COMMAND: GET /session/042090a38166428896757e409ee94eb6/screenshot - {}
RESULT: {"text":"306"}
COMMAND: GET /session/042090a38166428896757e409ee94eb6/screenshot - {}
RESULT: {}
RESULT: {}
COMMAND: POST /session/042090a38166428896757e409ee94eb6/element - {"using":"xpath","value":"//li[.//span[text()='306']]"}
RESULT: {"using":"xpath","value":"//li[.//span[text()='306']]"}
COMMAND: POST /session/042090a38166428896757e409ee94eb6/element/f.D57AB2C99AD4B5B06A6B5D4BC615C113.d.FEF07381AA1A854D3DCF2CCF9E820147.e.2537/click - {}
RESULT: {}
COMMAND: GET /session/042090a38166428896757e409ee94eb6/screenshot - {}
RESULT: {}
COMMAND: POST /session/042090a38166428896757e409ee94eb6/element - {"using":"xpath","value":"//input[@id=\"application-managesites-display-component---NewSite--addressDetailDetailsPartner-inner\"]"}
RESULT: {"using":"xpath","value":"//input[@id=\"application-managesites-display-component---NewSite--addressDetailDetailsPartner-inner\"]"}
COMMAND: POST /session/042090a38166428896757e409ee94eb6/element - {"using":"xpath","value":"//input[@id=\"application-managesites-display-component---NewSite--addressDetailDetailsPartner-inner\"]"}
RESULT: {"using":"xpath","value":"//input[@id=\"application-managesites-display-component---NewSite--addressDetailDetailsPartner-inner\"]"}
COMMAND: POST /session/042090a38166428896757e409ee94eb6/element - {"using":"xpath","value":"//button[@data-kt=\"saveButton\"]"}
RESULT: {"using":"xpath","value":"//button[@data-kt=\"saveButton\"]"}
COMMAND: POST /session/042090a38166428896757e409ee94eb6/element/f.D57AB2C99AD4B5B06A6B5D4BC615C113.d.FEF07381AA1A854D3DCF2CCF9E820147.e.2462/click - {}
RESULT: {}
COMMAND: GET /session/042090a38166428896757e409ee94eb6/screenshot - {}
RESULT: {}
COMMAND: POST /session/042090a38166428896757e409ee94eb6/element - {"using":"xpath","value":"//header[contains(@id, 'ObjectPageLayout-headerTitle')]/div[1]/div[2]/div[2]/span[1]"}
RESULT: {"using":"xpath","value":"//header[contains(@id, 'ObjectPageLayout-headerTitle')]/div[1]/div[2]/div[2]/span[1]"}
COMMAND: POST /session/042090a38166428896757e409ee94eb6/elements - {"using":"xpath","value":"//header[contains(@id, 'ObjectPageLayout-headerTitle')]/div[1]/div[2]/div[2]/span[1]"}
RESULT: {"using":"xpath","value":"//header[contains(@id, 'ObjectPageLayout-headerTitle')]/div[1]/div[2]/div[2]/span[1]"}
COMMAND: POST /session/042090a38166428896757e409ee94eb6/execute/sync - {"script":"<script> [56 bytes]","args":[{"element-6066-11e4-a52e-4f735466cecf":"f.D57AB2C99AD4B5B06A6B5D4BC615C113.d.FEF07381AA1A854D3DCF2CCF9E820147.e.2739","ELEMENT":"f.D57AB2C99AD4B5B06A6B5D4BC615C113.d.FEF07381AA1A854D3DCF2CCF9E820147.e.2739"}]}
RESULT: {"script":"<script> [56 bytes]","args":[{"element-6066-11e4-a52e-4f735466cecf":"f.D57AB2C99AD4B5B06A6B5D4BC615C113.d.FEF07381AA1A854D3DCF2CCF9E820147.e.2739","ELEMENT":"f.D57AB2C99AD4B5B06A6B5D4BC615C113.d.FEF07381AA1A854D3DCF2CCF9E820147.e.2739"}]}
COMMAND: POST /session/042090a38166428896757e409ee94eb6/element - {"using":"css selector","value":"#shell-header-logo"}
COMMAND: GET /session/042090a38166428896757e409ee94eb6/screenshot - {}
RESULT: {"using":"css selector","value":"#shell-header-logo"}
COMMAND: POST /session/042090a38166428896757e409ee94eb6/element/f.D57AB2C99AD4B5B06A6B5D4BC615C113.d.FEF07381AA1A854D3DCF2CCF9E820147.e.1800/click - {}
RESULT: {}
RESULT: {}
COMMAND: GET /session/042090a38166428896757e409ee94eb6/screenshot - {}
RESULT: {}
COMMAND: POST /session/042090a38166428896757e409ee94eb6/execute/sync - {"script":"<script> [299 bytes]","args":[["getModel","getResource"]]}
RESULT: {"script":"<script> [299 bytes]","args":[["getModel","getResource"]]}
COMMAND: POST /session/042090a38166428896757e409ee94eb6/element - {"using":"xpath","value":"//button[.//bdi[contains(text(), \"Close\")]]"}
RESULT: {"using":"xpath","value":"//button[.//bdi[contains(text(), \"Close\")]]"}
COMMAND: POST /session/042090a38166428896757e409ee94eb6/element/f.D57AB2C99AD4B5B06A6B5D4BC615C113.d.FEF07381AA1A854D3DCF2CCF9E820147.e.2740/click - {}
COMMAND: GET /session/042090a38166428896757e409ee94eb6/screenshot - {}
RESULT: {}
COMMAND: GET /session/042090a38166428896757e409ee94eb6/screenshot - {}
RESULT: {}
RESULT: {}
COMMAND: POST /session/042090a38166428896757e409ee94eb6/refresh - {}
RESULT: {}
COMMAND: GET /session/042090a38166428896757e409ee94eb6/screenshot - {}
RESULT: {}
COMMAND: POST /session/042090a38166428896757e409ee94eb6/refresh - {}
RESULT: {}
COMMAND: GET /session/042090a38166428896757e409ee94eb6/screenshot - {}
RESULT: {}
COMMAND: POST /session/042090a38166428896757e409ee94eb6/window/fullscreen - {}
RESULT: {}
COMMAND: POST /session/042090a38166428896757e409ee94eb6/execute/async - {"script":"<script> [189 bytes]","args":[]}
RESULT: {"script":"<script> [189 bytes]","args":[]}
COMMAND: POST /session/042090a38166428896757e409ee94eb6/execute/async - {"script":"<script> [123 bytes]","args":[]}
RESULT: {"script":"<script> [123 bytes]","args":[]}
COMMAND: POST /session/042090a38166428896757e409ee94eb6/timeouts - {"script":"<number>"}
RESULT: {"script":"<number>"}
COMMAND: GET /session/042090a38166428896757e409ee94eb6/timeouts - {}
RESULT: {}
RESULT: undefined
COMMAND: POST /session/042090a38166428896757e409ee94eb6/execute/async - {"script":"<script> [2676 bytes]","args":[]}
RESULT: {"script":"<script> [2676 bytes]","args":[]}
COMMAND: POST /session/042090a38166428896757e409ee94eb6/execute/async - {"script":"<script> [2342 bytes]","args":[{"protocol":"http","hostname":"0.0.0.0","path":"/","capabilities":{"browserName":"chrome","goog:chromeOptions":{"binary":"C:\\Program Files\\Google\\Chrome\\Application\\chrome.exe","args":["--start-maximized"]}},"logLevel":"warn","connectionRetryTimeout":120000,"connectionRetryCount":3,"logLevels":{},"enableDirectConnect":true,"strictSSL":true,"_":"65 more keys: [\"cacheDir\",\"port\",\"requestedCapabilities\",\"automationProtocol\",\"baseUrl\",\"waitforInterval\",\"waitforTimeout\",\"onReload\",\"beforeCommand\",\"afterCommand\",\"rootDir\",\"specs\",\"suites\",\"exclude\",\"groupLogsByTestSpec\",\"excludeDriverLogs\",\"bail\",\"framework\",\"reporters\",\"services\",\"maxInstances\",\"maxInstancesPerCapability\",\"injectGlobals\",\"filesToWatch\",\"execArgv\",\"runnerEnv\",\"runner\",\"shard\",\"specFileRetries\",\"specFileRetriesDelay\",\"specFileRetriesDeferred\",\"reporterSyncInterval\",\"reporterSyncTimeout\",\"cucumberFeaturesWithLineNumbers\",\"autoCompileOpts\",\"mochaOpts\",\"jasmineOpts\",\"cucumberOpts\",\"onPrepare\",\"onWorkerStart\",\"onWorkerEnd\",\"before\",\"beforeSession\",\"beforeSuite\",\"beforeHook\",\"beforeTest\",\"afterTest\",\"afterHook\",\"afterSuite\",\"afterSession\",\"after\",\"onComplete\",\"beforeAssertion\",\"afterAssertion\",\"beforeFeature\",\"beforeScenario\",\"beforeStep\",\"afterStep\",\"afterScenario\",\"afterFeature\",\"_\",\"suite\",\"$0\",\"ignoredWorkerServices\",\"wdi5\"]"}]}
RESULT: {"script":"<script> [2342 bytes]","args":[{"protocol":"http","hostname":"0.0.0.0","path":"/","capabilities":{"browserName":"chrome","goog:chromeOptions":{"binary":"C:\\Program Files\\Google\\Chrome\\Application\\chrome.exe","args":["--start-maximized"]}},"logLevel":"warn","connectionRetryTimeout":120000,"connectionRetryCount":3,"logLevels":{},"enableDirectConnect":true,"strictSSL":true,"_":"65 more keys: [\"cacheDir\",\"port\",\"requestedCapabilities\",\"automationProtocol\",\"baseUrl\",\"waitforInterval\",\"waitforTimeout\",\"onReload\",\"beforeCommand\",\"afterCommand\",\"rootDir\",\"specs\",\"suites\",\"exclude\",\"groupLogsByTestSpec\",\"excludeDriverLogs\",\"bail\",\"framework\",\"reporters\",\"services\",\"maxInstances\",\"maxInstancesPerCapability\",\"injectGlobals\",\"filesToWatch\",\"execArgv\",\"runnerEnv\",\"runner\",\"shard\",\"specFileRetries\",\"specFileRetriesDelay\",\"specFileRetriesDeferred\",\"reporterSyncInterval\",\"reporterSyncTimeout\",\"cucumberFeaturesWithLineNumbers\",\"autoCompileOpts\",\"mochaOpts\",\"jasmineOpts\",\"cucumberOpts\",\"onPrepare\",\"onWorkerStart\",\"onWorkerEnd\",\"before\",\"beforeSession\",\"beforeSuite\",\"beforeHook\",\"beforeTest\",\"afterTest\",\"afterHook\",\"afterSuite\",\"afterSession\",\"after\",\"onComplete\",\"beforeAssertion\",\"afterAssertion\",\"beforeFeature\",\"beforeScenario\",\"beforeStep\",\"afterStep\",\"afterScenario\",\"afterFeature\",\"_\",\"suite\",\"$0\",\"ignoredWorkerServices\",\"wdi5\"]"}]}
COMMAND: POST /session/042090a38166428896757e409ee94eb6/execute/async - {"script":"<script> [21126 bytes]","args":[35000]}
RESULT: {"script":"<script> [21126 bytes]","args":[35000]}
COMMAND: POST /session/042090a38166428896757e409ee94eb6/window/fullscreen - {}
RESULT: {}
]]></system-out>
    </testcase>
  </testsuite>
  <testsuite timestamp="2025-04-28T06:36:46" time="1047.136" tests="14" failures="11" errors="11" skipped="0">
    <properties>
      <property name="specId" value="0" />
      <property name="suiteName" value="Create master data for mixed billing &amp; do billing calculation US151661" />
      <property name="capabilities" value="chrome.135_0_7049_96.windows" />
      <property name="file" value="file:///D:/a/1/s/test/specs/BTS/billing-calculation-mixed.spec.js" />
    </properties>
    <testcase classname="chrome.135_0_7049_96.windows.Create_master_data_for_mixed_billing_&amp;_do_billing_calculation_US151661" name="Should create a new yard" time="99.763">
      <system-out><![CDATA[
COMMAND: POST /session/042090a38166428896757e409ee94eb6/window/fullscreen - {}
RESULT: {}
COMMAND: POST /session/042090a38166428896757e409ee94eb6/execute/async - {"script":"<script> [1562 bytes]","args":[{"selector":{"controlType":"sap.m.GenericTile","properties":{"header":"Manage Yards"}},"wdio_ui5_key":"sapm.GenericTile{\"header\":\"Manage Yards\"}"}]}
RESULT: {"script":"<script> [1562 bytes]","args":[{"selector":{"controlType":"sap.m.GenericTile","properties":{"header":"Manage Yards"}},"wdio_ui5_key":"sapm.GenericTile{\"header\":\"Manage Yards\"}"}]}
RESULT: undefined
COMMAND: POST /session/042090a38166428896757e409ee94eb6/element - {"using":"xpath","value":"//*[@id=\"__tile41\"]"}
RESULT: {"using":"xpath","value":"//*[@id=\"__tile41\"]"}
COMMAND: POST /session/042090a38166428896757e409ee94eb6/element/f.D57AB2C99AD4B5B06A6B5D4BC615C113.d.53DAEFD2C33C90E085CFD1E34E1F5CB8.e.3643/click - {}
RESULT: {}
COMMAND: POST /session/042090a38166428896757e409ee94eb6/element - {"using":"xpath","value":"//button[@data-kt=\"addNewYardOverflowToolbarButton\"]"}
COMMAND: GET /session/042090a38166428896757e409ee94eb6/screenshot - {}
RESULT: {"using":"xpath","value":"//button[@data-kt=\"addNewYardOverflowToolbarButton\"]"}
COMMAND: POST /session/042090a38166428896757e409ee94eb6/elements - {"using":"xpath","value":"//button[@data-kt=\"addNewYardOverflowToolbarButton\"]"}
RESULT: {}
RESULT: {"using":"xpath","value":"//button[@data-kt=\"addNewYardOverflowToolbarButton\"]"}
COMMAND: POST /session/042090a38166428896757e409ee94eb6/elements - {"using":"xpath","value":"//button[@data-kt=\"addNewYardOverflowToolbarButton\"]"}
RESULT: {"using":"xpath","value":"//button[@data-kt=\"addNewYardOverflowToolbarButton\"]"}
COMMAND: POST /session/042090a38166428896757e409ee94eb6/elements - {"using":"xpath","value":"//button[@data-kt=\"addNewYardOverflowToolbarButton\"]"}
RESULT: {"using":"xpath","value":"//button[@data-kt=\"addNewYardOverflowToolbarButton\"]"}
COMMAND: POST /session/042090a38166428896757e409ee94eb6/elements - {"using":"xpath","value":"//button[@data-kt=\"addNewYardOverflowToolbarButton\"]"}
RESULT: {"using":"xpath","value":"//button[@data-kt=\"addNewYardOverflowToolbarButton\"]"}
COMMAND: POST /session/042090a38166428896757e409ee94eb6/elements - {"using":"xpath","value":"//button[@data-kt=\"addNewYardOverflowToolbarButton\"]"}
RESULT: {"using":"xpath","value":"//button[@data-kt=\"addNewYardOverflowToolbarButton\"]"}
COMMAND: POST /session/042090a38166428896757e409ee94eb6/elements - {"using":"xpath","value":"//button[@data-kt=\"addNewYardOverflowToolbarButton\"]"}
RESULT: {"using":"xpath","value":"//button[@data-kt=\"addNewYardOverflowToolbarButton\"]"}
COMMAND: POST /session/042090a38166428896757e409ee94eb6/elements - {"using":"xpath","value":"//button[@data-kt=\"addNewYardOverflowToolbarButton\"]"}
RESULT: {"using":"xpath","value":"//button[@data-kt=\"addNewYardOverflowToolbarButton\"]"}
COMMAND: POST /session/042090a38166428896757e409ee94eb6/elements - {"using":"xpath","value":"//button[@data-kt=\"addNewYardOverflowToolbarButton\"]"}
RESULT: {"using":"xpath","value":"//button[@data-kt=\"addNewYardOverflowToolbarButton\"]"}
COMMAND: POST /session/042090a38166428896757e409ee94eb6/elements - {"using":"xpath","value":"//button[@data-kt=\"addNewYardOverflowToolbarButton\"]"}
RESULT: {"using":"xpath","value":"//button[@data-kt=\"addNewYardOverflowToolbarButton\"]"}
COMMAND: POST /session/042090a38166428896757e409ee94eb6/elements - {"using":"xpath","value":"//button[@data-kt=\"addNewYardOverflowToolbarButton\"]"}
RESULT: {"using":"xpath","value":"//button[@data-kt=\"addNewYardOverflowToolbarButton\"]"}
COMMAND: POST /session/042090a38166428896757e409ee94eb6/elements - {"using":"xpath","value":"//button[@data-kt=\"addNewYardOverflowToolbarButton\"]"}
RESULT: {"using":"xpath","value":"//button[@data-kt=\"addNewYardOverflowToolbarButton\"]"}
COMMAND: POST /session/042090a38166428896757e409ee94eb6/elements - {"using":"xpath","value":"//button[@data-kt=\"addNewYardOverflowToolbarButton\"]"}
RESULT: {"using":"xpath","value":"//button[@data-kt=\"addNewYardOverflowToolbarButton\"]"}
COMMAND: POST /session/042090a38166428896757e409ee94eb6/elements - {"using":"xpath","value":"//button[@data-kt=\"addNewYardOverflowToolbarButton\"]"}
RESULT: {"using":"xpath","value":"//button[@data-kt=\"addNewYardOverflowToolbarButton\"]"}
COMMAND: POST /session/042090a38166428896757e409ee94eb6/elements - {"using":"xpath","value":"//button[@data-kt=\"addNewYardOverflowToolbarButton\"]"}
RESULT: {"using":"xpath","value":"//button[@data-kt=\"addNewYardOverflowToolbarButton\"]"}
COMMAND: POST /session/042090a38166428896757e409ee94eb6/elements - {"using":"xpath","value":"//button[@data-kt=\"addNewYardOverflowToolbarButton\"]"}
RESULT: {"using":"xpath","value":"//button[@data-kt=\"addNewYardOverflowToolbarButton\"]"}
COMMAND: POST /session/042090a38166428896757e409ee94eb6/elements - {"using":"xpath","value":"//button[@data-kt=\"addNewYardOverflowToolbarButton\"]"}
RESULT: {"using":"xpath","value":"//button[@data-kt=\"addNewYardOverflowToolbarButton\"]"}
COMMAND: POST /session/042090a38166428896757e409ee94eb6/elements - {"using":"xpath","value":"//button[@data-kt=\"addNewYardOverflowToolbarButton\"]"}
RESULT: {"using":"xpath","value":"//button[@data-kt=\"addNewYardOverflowToolbarButton\"]"}
COMMAND: POST /session/042090a38166428896757e409ee94eb6/elements - {"using":"xpath","value":"//button[@data-kt=\"addNewYardOverflowToolbarButton\"]"}
RESULT: {"using":"xpath","value":"//button[@data-kt=\"addNewYardOverflowToolbarButton\"]"}
COMMAND: POST /session/042090a38166428896757e409ee94eb6/elements - {"using":"xpath","value":"//button[@data-kt=\"addNewYardOverflowToolbarButton\"]"}
RESULT: {"using":"xpath","value":"//button[@data-kt=\"addNewYardOverflowToolbarButton\"]"}
COMMAND: POST /session/042090a38166428896757e409ee94eb6/element - {"using":"xpath","value":"//button[@data-kt=\"addNewYardOverflowToolbarButton\"]"}
RESULT: {"using":"xpath","value":"//button[@data-kt=\"addNewYardOverflowToolbarButton\"]"}
COMMAND: POST /session/042090a38166428896757e409ee94eb6/execute/sync - {"script":"<script> [8489 bytes]","args":[{"element-6066-11e4-a52e-4f735466cecf":"f.D57AB2C99AD4B5B06A6B5D4BC615C113.d.53DAEFD2C33C90E085CFD1E34E1F5CB8.e.3788","ELEMENT":"f.D57AB2C99AD4B5B06A6B5D4BC615C113.d.53DAEFD2C33C90E085CFD1E34E1F5CB8.e.3788"}]}
RESULT: {"script":"<script> [8489 bytes]","args":[{"element-6066-11e4-a52e-4f735466cecf":"f.D57AB2C99AD4B5B06A6B5D4BC615C113.d.53DAEFD2C33C90E085CFD1E34E1F5CB8.e.3788","ELEMENT":"f.D57AB2C99AD4B5B06A6B5D4BC615C113.d.53DAEFD2C33C90E085CFD1E34E1F5CB8.e.3788"}]}
COMMAND: GET /session/042090a38166428896757e409ee94eb6/element/f.D57AB2C99AD4B5B06A6B5D4BC615C113.d.53DAEFD2C33C90E085CFD1E34E1F5CB8.e.3788/enabled - {}
COMMAND: GET /session/042090a38166428896757e409ee94eb6/screenshot - {}
RESULT: {}
COMMAND: POST /session/042090a38166428896757e409ee94eb6/execute/sync - {"script":"<script> [8489 bytes]","args":[{"element-6066-11e4-a52e-4f735466cecf":"f.D57AB2C99AD4B5B06A6B5D4BC615C113.d.53DAEFD2C33C90E085CFD1E34E1F5CB8.e.3788","ELEMENT":"f.D57AB2C99AD4B5B06A6B5D4BC615C113.d.53DAEFD2C33C90E085CFD1E34E1F5CB8.e.3788"}]}
RESULT: {"script":"<script> [8489 bytes]","args":[{"element-6066-11e4-a52e-4f735466cecf":"f.D57AB2C99AD4B5B06A6B5D4BC615C113.d.53DAEFD2C33C90E085CFD1E34E1F5CB8.e.3788","ELEMENT":"f.D57AB2C99AD4B5B06A6B5D4BC615C113.d.53DAEFD2C33C90E085CFD1E34E1F5CB8.e.3788"}]}
COMMAND: POST /session/042090a38166428896757e409ee94eb6/execute/sync - {"script":"<script> [5351 bytes]","args":[{"element-6066-11e4-a52e-4f735466cecf":"f.D57AB2C99AD4B5B06A6B5D4BC615C113.d.53DAEFD2C33C90E085CFD1E34E1F5CB8.e.3788","ELEMENT":"f.D57AB2C99AD4B5B06A6B5D4BC615C113.d.53DAEFD2C33C90E085CFD1E34E1F5CB8.e.3788"}]}
RESULT: {"script":"<script> [5351 bytes]","args":[{"element-6066-11e4-a52e-4f735466cecf":"f.D57AB2C99AD4B5B06A6B5D4BC615C113.d.53DAEFD2C33C90E085CFD1E34E1F5CB8.e.3788","ELEMENT":"f.D57AB2C99AD4B5B06A6B5D4BC615C113.d.53DAEFD2C33C90E085CFD1E34E1F5CB8.e.3788"}]}
COMMAND: POST /session/042090a38166428896757e409ee94eb6/element/f.D57AB2C99AD4B5B06A6B5D4BC615C113.d.53DAEFD2C33C90E085CFD1E34E1F5CB8.e.3788/click - {}
RESULT: {}
COMMAND: GET /session/042090a38166428896757e409ee94eb6/screenshot - {}
COMMAND: GET /session/042090a38166428896757e409ee94eb6/screenshot - {}
COMMAND: GET /session/042090a38166428896757e409ee94eb6/screenshot - {}
RESULT: {}
COMMAND: GET /session/042090a38166428896757e409ee94eb6/screenshot - {}
RESULT: {}
RESULT: {}
RESULT: {}
RESULT: {}
COMMAND: POST /session/042090a38166428896757e409ee94eb6/element - {"using":"xpath","value":"//input[@id=\"application-manageyards-display-component---NewYard--yardId-inner\"]"}
RESULT: {"using":"xpath","value":"//input[@id=\"application-manageyards-display-component---NewYard--yardId-inner\"]"}
COMMAND: POST /session/042090a38166428896757e409ee94eb6/element - {"using":"xpath","value":"//input[@id=\"application-manageyards-display-component---NewYard--yardId-inner\"]"}
RESULT: {"using":"xpath","value":"//input[@id=\"application-manageyards-display-component---NewYard--yardId-inner\"]"}
COMMAND: POST /session/042090a38166428896757e409ee94eb6/execute/async - {"script":"<script> [1562 bytes]","args":[{"selector":{"id":"application-manageyards-display-component---NewYard--addressDetailDetailsName1","interaction":{"idSuffix":"inner"}},"wdio_ui5_key":"applicationmanageyards-display-component---NewYard--addressDetailDetailsName1"}]}
RESULT: {"script":"<script> [1562 bytes]","args":[{"selector":{"id":"application-manageyards-display-component---NewYard--addressDetailDetailsName1","interaction":{"idSuffix":"inner"}},"wdio_ui5_key":"applicationmanageyards-display-component---NewYard--addressDetailDetailsName1"}]}
RESULT: undefined
COMMAND: POST /session/042090a38166428896757e409ee94eb6/execute/async - {"script":"<script> [776 bytes]","args":[{"enterText":"Intercompany Yard wdIO","selector":{"id":"application-manageyards-display-component---NewYard--addressDetailDetailsName1","interaction":{"idSuffix":"inner"}},"clearTextFirst":true,"interactionType":"ENTER_TEXT"}]}
RESULT: {"script":"<script> [776 bytes]","args":[{"enterText":"Intercompany Yard wdIO","selector":{"id":"application-manageyards-display-component---NewYard--addressDetailDetailsName1","interaction":{"idSuffix":"inner"}},"clearTextFirst":true,"interactionType":"ENTER_TEXT"}]}
COMMAND: POST /session/042090a38166428896757e409ee94eb6/execute/async - {"script":"<script> [1562 bytes]","args":[{"selector":{"id":"application-manageyards-display-component---NewYard--addressDetailDetailsLanguage-arrow"},"wdio_ui5_key":"applicationmanageyards-display-component---NewYard--addressDetailDetailsLanguage-arrow"}]}
RESULT: {"script":"<script> [1562 bytes]","args":[{"selector":{"id":"application-manageyards-display-component---NewYard--addressDetailDetailsLanguage-arrow"},"wdio_ui5_key":"applicationmanageyards-display-component---NewYard--addressDetailDetailsLanguage-arrow"}]}
RESULT: undefined
COMMAND: POST /session/042090a38166428896757e409ee94eb6/element - {"using":"xpath","value":"//*[@id=\"application-manageyards-display-component---NewYard--addressDetailDetailsLanguage-arrow\"]"}
RESULT: {"using":"xpath","value":"//*[@id=\"application-manageyards-display-component---NewYard--addressDetailDetailsLanguage-arrow\"]"}
COMMAND: POST /session/042090a38166428896757e409ee94eb6/element/f.D57AB2C99AD4B5B06A6B5D4BC615C113.d.53DAEFD2C33C90E085CFD1E34E1F5CB8.e.4211/click - {}
RESULT: {}
COMMAND: POST /session/042090a38166428896757e409ee94eb6/element - {"using":"xpath","value":"//span[contains(text(), \"English\")]"}
COMMAND: GET /session/042090a38166428896757e409ee94eb6/screenshot - {}
RESULT: {"using":"xpath","value":"//span[contains(text(), \"English\")]"}
COMMAND: POST /session/042090a38166428896757e409ee94eb6/element/f.D57AB2C99AD4B5B06A6B5D4BC615C113.d.53DAEFD2C33C90E085CFD1E34E1F5CB8.e.4212/click - {}
RESULT: {}
RESULT: {}
COMMAND: POST /session/042090a38166428896757e409ee94eb6/execute/async - {"script":"<script> [1562 bytes]","args":[{"selector":{"id":"application-manageyards-display-component---NewYard--addressDetailDetailsCity1","interaction":{"idSuffix":"inner"}},"wdio_ui5_key":"applicationmanageyards-display-component---NewYard--addressDetailDetailsCity1"}]}
COMMAND: GET /session/042090a38166428896757e409ee94eb6/screenshot - {}
RESULT: {"script":"<script> [1562 bytes]","args":[{"selector":{"id":"application-manageyards-display-component---NewYard--addressDetailDetailsCity1","interaction":{"idSuffix":"inner"}},"wdio_ui5_key":"applicationmanageyards-display-component---NewYard--addressDetailDetailsCity1"}]}
RESULT: undefined
COMMAND: POST /session/042090a38166428896757e409ee94eb6/execute/async - {"script":"<script> [776 bytes]","args":[{"enterText":"Rosario","selector":{"id":"application-manageyards-display-component---NewYard--addressDetailDetailsCity1","interaction":{"idSuffix":"inner"}},"clearTextFirst":true,"interactionType":"ENTER_TEXT"}]}
RESULT: {}
RESULT: {"script":"<script> [776 bytes]","args":[{"enterText":"Rosario","selector":{"id":"application-manageyards-display-component---NewYard--addressDetailDetailsCity1","interaction":{"idSuffix":"inner"}},"clearTextFirst":true,"interactionType":"ENTER_TEXT"}]}
COMMAND: POST /session/042090a38166428896757e409ee94eb6/execute/async - {"script":"<script> [1562 bytes]","args":[{"selector":{"id":"application-manageyards-display-component---NewYard--addressDetailDetailsCountry-arrow"},"wdio_ui5_key":"applicationmanageyards-display-component---NewYard--addressDetailDetailsCountry-arrow"}]}
RESULT: {"script":"<script> [1562 bytes]","args":[{"selector":{"id":"application-manageyards-display-component---NewYard--addressDetailDetailsCountry-arrow"},"wdio_ui5_key":"applicationmanageyards-display-component---NewYard--addressDetailDetailsCountry-arrow"}]}
RESULT: undefined
COMMAND: POST /session/042090a38166428896757e409ee94eb6/element - {"using":"xpath","value":"//*[@id=\"application-manageyards-display-component---NewYard--addressDetailDetailsCountry-arrow\"]"}
RESULT: {"using":"xpath","value":"//*[@id=\"application-manageyards-display-component---NewYard--addressDetailDetailsCountry-arrow\"]"}
COMMAND: POST /session/042090a38166428896757e409ee94eb6/element/f.D57AB2C99AD4B5B06A6B5D4BC615C113.d.53DAEFD2C33C90E085CFD1E34E1F5CB8.e.4214/click - {}
RESULT: {}
COMMAND: POST /session/042090a38166428896757e409ee94eb6/element - {"using":"xpath","value":"//span[contains(text(), \"Argentina\")]"}
COMMAND: GET /session/042090a38166428896757e409ee94eb6/screenshot - {}
RESULT: {"using":"xpath","value":"//span[contains(text(), \"Argentina\")]"}
COMMAND: POST /session/042090a38166428896757e409ee94eb6/element/f.D57AB2C99AD4B5B06A6B5D4BC615C113.d.53DAEFD2C33C90E085CFD1E34E1F5CB8.e.4215/click - {}
RESULT: {}
RESULT: {}
COMMAND: POST /session/042090a38166428896757e409ee94eb6/execute/async - {"script":"<script> [1562 bytes]","args":[{"selector":{"id":"application-manageyards-display-component---NewYard--addressEditDetailsCostObjectCstType-arrow"},"wdio_ui5_key":"applicationmanageyards-display-component---NewYard--addressEditDetailsCostObjectCstType-arrow"}]}
COMMAND: GET /session/042090a38166428896757e409ee94eb6/screenshot - {}
RESULT: {"script":"<script> [1562 bytes]","args":[{"selector":{"id":"application-manageyards-display-component---NewYard--addressEditDetailsCostObjectCstType-arrow"},"wdio_ui5_key":"applicationmanageyards-display-component---NewYard--addressEditDetailsCostObjectCstType-arrow"}]}
RESULT: undefined
COMMAND: POST /session/042090a38166428896757e409ee94eb6/element - {"using":"xpath","value":"//*[@id=\"application-manageyards-display-component---NewYard--addressEditDetailsCostObjectCstType-arrow\"]"}
RESULT: {}
RESULT: {"using":"xpath","value":"//*[@id=\"application-manageyards-display-component---NewYard--addressEditDetailsCostObjectCstType-arrow\"]"}
COMMAND: POST /session/042090a38166428896757e409ee94eb6/element/f.D57AB2C99AD4B5B06A6B5D4BC615C113.d.53DAEFD2C33C90E085CFD1E34E1F5CB8.e.4217/click - {}
RESULT: {}
COMMAND: POST /session/042090a38166428896757e409ee94eb6/element - {"using":"xpath","value":"//span[contains(text(), \"Cost Center\")]"}
COMMAND: GET /session/042090a38166428896757e409ee94eb6/screenshot - {}
RESULT: {"using":"xpath","value":"//span[contains(text(), \"Cost Center\")]"}
COMMAND: POST /session/042090a38166428896757e409ee94eb6/element/f.D57AB2C99AD4B5B06A6B5D4BC615C113.d.53DAEFD2C33C90E085CFD1E34E1F5CB8.e.4218/click - {}
RESULT: {}
RESULT: {}
COMMAND: GET /session/042090a38166428896757e409ee94eb6/screenshot - {}
RESULT: {}
COMMAND: POST /session/042090a38166428896757e409ee94eb6/element - {"using":"xpath","value":"//span[@id=\"application-manageyards-display-component---NewYard--addressNewCostObjectCstID-vhi\"]"}
RESULT: {"using":"xpath","value":"//span[@id=\"application-manageyards-display-component---NewYard--addressNewCostObjectCstID-vhi\"]"}
COMMAND: POST /session/042090a38166428896757e409ee94eb6/execute/sync - {"script":"<script> [8489 bytes]","args":[{"element-6066-11e4-a52e-4f735466cecf":"f.D57AB2C99AD4B5B06A6B5D4BC615C113.d.53DAEFD2C33C90E085CFD1E34E1F5CB8.e.4222","ELEMENT":"f.D57AB2C99AD4B5B06A6B5D4BC615C113.d.53DAEFD2C33C90E085CFD1E34E1F5CB8.e.4222"}]}
RESULT: {"script":"<script> [8489 bytes]","args":[{"element-6066-11e4-a52e-4f735466cecf":"f.D57AB2C99AD4B5B06A6B5D4BC615C113.d.53DAEFD2C33C90E085CFD1E34E1F5CB8.e.4222","ELEMENT":"f.D57AB2C99AD4B5B06A6B5D4BC615C113.d.53DAEFD2C33C90E085CFD1E34E1F5CB8.e.4222"}]}
COMMAND: POST /session/042090a38166428896757e409ee94eb6/execute/async - {"script":"<script> [1562 bytes]","args":[{"selector":{"id":"application-manageyards-display-component---NewYard--addressNewCostObjectCstID-vhi"},"wdio_ui5_key":"applicationmanageyards-display-component---NewYard--addressNewCostObjectCstID-vhi"}]}
COMMAND: GET /session/042090a38166428896757e409ee94eb6/screenshot - {}
RESULT: {"script":"<script> [1562 bytes]","args":[{"selector":{"id":"application-manageyards-display-component---NewYard--addressNewCostObjectCstID-vhi"},"wdio_ui5_key":"applicationmanageyards-display-component---NewYard--addressNewCostObjectCstID-vhi"}]}
RESULT: undefined
COMMAND: POST /session/042090a38166428896757e409ee94eb6/element - {"using":"xpath","value":"//*[@id=\"application-manageyards-display-component---NewYard--addressNewCostObjectCstID-vhi\"]"}
RESULT: {}
RESULT: {"using":"xpath","value":"//*[@id=\"application-manageyards-display-component---NewYard--addressNewCostObjectCstID-vhi\"]"}
COMMAND: POST /session/042090a38166428896757e409ee94eb6/element/f.D57AB2C99AD4B5B06A6B5D4BC615C113.d.53DAEFD2C33C90E085CFD1E34E1F5CB8.e.4222/click - {}
RESULT: {}
COMMAND: GET /session/042090a38166428896757e409ee94eb6/screenshot - {}
RESULT: {}
COMMAND: POST /session/042090a38166428896757e409ee94eb6/execute/async - {"script":"<script> [1562 bytes]","args":[{"selector":{"controlType":"sap.m.SearchField","properties":{"placeholder":"Search"},"searchOpenDialogs":true,"interaction":{"idSuffix":"I"}},"wdio_ui5_key":"sapm.SearchField{\"placeholder\":\"Search\"}"}]}
RESULT: {"script":"<script> [1562 bytes]","args":[{"selector":{"controlType":"sap.m.SearchField","properties":{"placeholder":"Search"},"searchOpenDialogs":true,"interaction":{"idSuffix":"I"}},"wdio_ui5_key":"sapm.SearchField{\"placeholder\":\"Search\"}"}]}
RESULT: undefined
COMMAND: POST /session/042090a38166428896757e409ee94eb6/execute/async - {"script":"<script> [776 bytes]","args":[{"enterText":"10001013","selector":{"controlType":"sap.m.SearchField","properties":{"placeholder":"Search"},"searchOpenDialogs":true,"interaction":{"idSuffix":"I"}},"clearTextFirst":true,"interactionType":"ENTER_TEXT"}]}
RESULT: {"script":"<script> [776 bytes]","args":[{"enterText":"10001013","selector":{"controlType":"sap.m.SearchField","properties":{"placeholder":"Search"},"searchOpenDialogs":true,"interaction":{"idSuffix":"I"}},"clearTextFirst":true,"interactionType":"ENTER_TEXT"}]}
COMMAND: POST /session/042090a38166428896757e409ee94eb6/actions - {"actions":[{"id":"action11","type":"key","parameters":{},"actions":[{"type":"keyDown","value":"î€‡"},{"type":"pause","duration":10},{"type":"keyUp","value":"î€‡"}]}]}
RESULT: {"actions":[{"id":"action11","type":"key","parameters":{},"actions":[{"type":"keyDown","value":"î€‡"},{"type":"pause","duration":10},{"type":"keyUp","value":"î€‡"}]}]}
COMMAND: GET /session/042090a38166428896757e409ee94eb6/screenshot - {}
RESULT: {}
COMMAND: POST /session/042090a38166428896757e409ee94eb6/element - {"using":"xpath","value":"//span[contains(text(), \"General Management\")]"}
RESULT: {"using":"xpath","value":"//span[contains(text(), \"General Management\")]"}
COMMAND: POST /session/042090a38166428896757e409ee94eb6/element/f.D57AB2C99AD4B5B06A6B5D4BC615C113.d.53DAEFD2C33C90E085CFD1E34E1F5CB8.e.4260/click - {}
RESULT: {}
COMMAND: GET /session/042090a38166428896757e409ee94eb6/screenshot - {}
RESULT: {}
COMMAND: POST /session/042090a38166428896757e409ee94eb6/element - {"using":"xpath","value":"//bdi[contains(text(), \"OK\")]"}
RESULT: {"using":"xpath","value":"//bdi[contains(text(), \"OK\")]"}
COMMAND: POST /session/042090a38166428896757e409ee94eb6/element/f.D57AB2C99AD4B5B06A6B5D4BC615C113.d.53DAEFD2C33C90E085CFD1E34E1F5CB8.e.4261/click - {}
RESULT: {}
COMMAND: GET /session/042090a38166428896757e409ee94eb6/screenshot - {}
RESULT: {}
COMMAND: POST /session/042090a38166428896757e409ee94eb6/execute/async - {"script":"<script> [1562 bytes]","args":[{"selector":{"id":"application-manageyards-display-component---NewYard--addressEditDetailsCurrency-arrow"},"wdio_ui5_key":"applicationmanageyards-display-component---NewYard--addressEditDetailsCurrency-arrow"}]}
RESULT: {"script":"<script> [1562 bytes]","args":[{"selector":{"id":"application-manageyards-display-component---NewYard--addressEditDetailsCurrency-arrow"},"wdio_ui5_key":"applicationmanageyards-display-component---NewYard--addressEditDetailsCurrency-arrow"}]}
RESULT: undefined
COMMAND: POST /session/042090a38166428896757e409ee94eb6/element - {"using":"xpath","value":"//*[@id=\"application-manageyards-display-component---NewYard--addressEditDetailsCurrency-arrow\"]"}
RESULT: {"using":"xpath","value":"//*[@id=\"application-manageyards-display-component---NewYard--addressEditDetailsCurrency-arrow\"]"}
COMMAND: POST /session/042090a38166428896757e409ee94eb6/element/f.D57AB2C99AD4B5B06A6B5D4BC615C113.d.53DAEFD2C33C90E085CFD1E34E1F5CB8.e.4264/click - {}
RESULT: {}
COMMAND: POST /session/042090a38166428896757e409ee94eb6/element - {"using":"xpath","value":"//span[contains(text(), \"Euro\")]"}
COMMAND: GET /session/042090a38166428896757e409ee94eb6/screenshot - {}
RESULT: {"using":"xpath","value":"//span[contains(text(), \"Euro\")]"}
COMMAND: POST /session/042090a38166428896757e409ee94eb6/element/f.D57AB2C99AD4B5B06A6B5D4BC615C113.d.53DAEFD2C33C90E085CFD1E34E1F5CB8.e.4265/click - {}
RESULT: {}
RESULT: {}
COMMAND: POST /session/042090a38166428896757e409ee94eb6/execute/async - {"script":"<script> [1562 bytes]","args":[{"selector":{"controlType":"sap.m.Input","viewName":"etm.portal.ui.manageyards.view.New","viewId":"application-manageyards-display-component---NewYard","bindingPath":{"path":"","propertyPath":"/CONTROLLING_AREA","modelName":"NewYardModel"},"interaction":{"idSuffix":"inner"}},"wdio_ui5_key":"etmportal.ui.manageyards.view.Newsap.m.Input{\"path\":\"\",\"propertyPath\":\"/CONTROLLING_AREA\",\"modelName\":\"NewYardModel\"}"}]}
COMMAND: GET /session/042090a38166428896757e409ee94eb6/screenshot - {}
RESULT: {"script":"<script> [1562 bytes]","args":[{"selector":{"controlType":"sap.m.Input","viewName":"etm.portal.ui.manageyards.view.New","viewId":"application-manageyards-display-component---NewYard","bindingPath":{"path":"","propertyPath":"/CONTROLLING_AREA","modelName":"NewYardModel"},"interaction":{"idSuffix":"inner"}},"wdio_ui5_key":"etmportal.ui.manageyards.view.Newsap.m.Input{\"path\":\"\",\"propertyPath\":\"/CONTROLLING_AREA\",\"modelName\":\"NewYardModel\"}"}]}
RESULT: undefined
COMMAND: POST /session/042090a38166428896757e409ee94eb6/execute/async - {"script":"<script> [776 bytes]","args":[{"enterText":"Z001","selector":{"controlType":"sap.m.Input","viewName":"etm.portal.ui.manageyards.view.New","viewId":"application-manageyards-display-component---NewYard","bindingPath":{"path":"","propertyPath":"/CONTROLLING_AREA","modelName":"NewYardModel"},"interaction":{"idSuffix":"inner"}},"clearTextFirst":true,"interactionType":"ENTER_TEXT"}]}
RESULT: {}
RESULT: {"script":"<script> [776 bytes]","args":[{"enterText":"Z001","selector":{"controlType":"sap.m.Input","viewName":"etm.portal.ui.manageyards.view.New","viewId":"application-manageyards-display-component---NewYard","bindingPath":{"path":"","propertyPath":"/CONTROLLING_AREA","modelName":"NewYardModel"},"interaction":{"idSuffix":"inner"}},"clearTextFirst":true,"interactionType":"ENTER_TEXT"}]}
COMMAND: POST /session/042090a38166428896757e409ee94eb6/execute/async - {"script":"<script> [1562 bytes]","args":[{"selector":{"id":"application-manageyards-display-component---NewYard--companyCodeComboBox","interaction":{"idSuffix":"inner"}},"wdio_ui5_key":"applicationmanageyards-display-component---NewYard--companyCodeComboBox"}]}
RESULT: {"script":"<script> [1562 bytes]","args":[{"selector":{"id":"application-manageyards-display-component---NewYard--companyCodeComboBox","interaction":{"idSuffix":"inner"}},"wdio_ui5_key":"applicationmanageyards-display-component---NewYard--companyCodeComboBox"}]}
RESULT: undefined
COMMAND: POST /session/042090a38166428896757e409ee94eb6/execute/async - {"script":"<script> [776 bytes]","args":[{"enterText":"1000","selector":{"id":"application-manageyards-display-component---NewYard--companyCodeComboBox","interaction":{"idSuffix":"inner"}},"clearTextFirst":true,"interactionType":"ENTER_TEXT"}]}
RESULT: {"script":"<script> [776 bytes]","args":[{"enterText":"1000","selector":{"id":"application-manageyards-display-component---NewYard--companyCodeComboBox","interaction":{"idSuffix":"inner"}},"clearTextFirst":true,"interactionType":"ENTER_TEXT"}]}
COMMAND: POST /session/042090a38166428896757e409ee94eb6/execute/async - {"script":"<script> [1562 bytes]","args":[{"selector":{"controlType":"sap.m.Input","viewName":"etm.portal.ui.manageyards.view.New","viewId":"application-manageyards-display-component---NewYard","bindingPath":{"path":"","propertyPath":"/PLANT","modelName":"NewYardModel"},"interaction":{"idSuffix":"inner"}},"wdio_ui5_key":"etmportal.ui.manageyards.view.Newsap.m.Input{\"path\":\"\",\"propertyPath\":\"/PLANT\",\"modelName\":\"NewYardModel\"}"}]}
RESULT: {"script":"<script> [1562 bytes]","args":[{"selector":{"controlType":"sap.m.Input","viewName":"etm.portal.ui.manageyards.view.New","viewId":"application-manageyards-display-component---NewYard","bindingPath":{"path":"","propertyPath":"/PLANT","modelName":"NewYardModel"},"interaction":{"idSuffix":"inner"}},"wdio_ui5_key":"etmportal.ui.manageyards.view.Newsap.m.Input{\"path\":\"\",\"propertyPath\":\"/PLANT\",\"modelName\":\"NewYardModel\"}"}]}
RESULT: undefined
COMMAND: POST /session/042090a38166428896757e409ee94eb6/execute/async - {"script":"<script> [776 bytes]","args":[{"enterText":"1001","selector":{"controlType":"sap.m.Input","viewName":"etm.portal.ui.manageyards.view.New","viewId":"application-manageyards-display-component---NewYard","bindingPath":{"path":"","propertyPath":"/PLANT","modelName":"NewYardModel"},"interaction":{"idSuffix":"inner"}},"clearTextFirst":true,"interactionType":"ENTER_TEXT"}]}
RESULT: {"script":"<script> [776 bytes]","args":[{"enterText":"1001","selector":{"controlType":"sap.m.Input","viewName":"etm.portal.ui.manageyards.view.New","viewId":"application-manageyards-display-component---NewYard","bindingPath":{"path":"","propertyPath":"/PLANT","modelName":"NewYardModel"},"interaction":{"idSuffix":"inner"}},"clearTextFirst":true,"interactionType":"ENTER_TEXT"}]}
COMMAND: POST /session/042090a38166428896757e409ee94eb6/execute/async - {"script":"<script> [1562 bytes]","args":[{"selector":{"controlType":"sap.m.Input","viewName":"etm.portal.ui.manageyards.view.New","viewId":"application-manageyards-display-component---NewYard","bindingPath":{"path":"","propertyPath":"/SALES_AREA_VKORG","modelName":"NewYardModel"},"interaction":{"idSuffix":"inner"}},"wdio_ui5_key":"etmportal.ui.manageyards.view.Newsap.m.Input{\"path\":\"\",\"propertyPath\":\"/SALES_AREA_VKORG\",\"modelName\":\"NewYardModel\"}"}]}
RESULT: {"script":"<script> [1562 bytes]","args":[{"selector":{"controlType":"sap.m.Input","viewName":"etm.portal.ui.manageyards.view.New","viewId":"application-manageyards-display-component---NewYard","bindingPath":{"path":"","propertyPath":"/SALES_AREA_VKORG","modelName":"NewYardModel"},"interaction":{"idSuffix":"inner"}},"wdio_ui5_key":"etmportal.ui.manageyards.view.Newsap.m.Input{\"path\":\"\",\"propertyPath\":\"/SALES_AREA_VKORG\",\"modelName\":\"NewYardModel\"}"}]}
RESULT: undefined
COMMAND: POST /session/042090a38166428896757e409ee94eb6/execute/async - {"script":"<script> [776 bytes]","args":[{"enterText":"C002","selector":{"controlType":"sap.m.Input","viewName":"etm.portal.ui.manageyards.view.New","viewId":"application-manageyards-display-component---NewYard","bindingPath":{"path":"","propertyPath":"/SALES_AREA_VKORG","modelName":"NewYardModel"},"interaction":{"idSuffix":"inner"}},"clearTextFirst":true,"interactionType":"ENTER_TEXT"}]}
RESULT: {"script":"<script> [776 bytes]","args":[{"enterText":"C002","selector":{"controlType":"sap.m.Input","viewName":"etm.portal.ui.manageyards.view.New","viewId":"application-manageyards-display-component---NewYard","bindingPath":{"path":"","propertyPath":"/SALES_AREA_VKORG","modelName":"NewYardModel"},"interaction":{"idSuffix":"inner"}},"clearTextFirst":true,"interactionType":"ENTER_TEXT"}]}
COMMAND: POST /session/042090a38166428896757e409ee94eb6/execute/async - {"script":"<script> [1562 bytes]","args":[{"selector":{"controlType":"sap.m.Input","viewName":"etm.portal.ui.manageyards.view.New","viewId":"application-manageyards-display-component---NewYard","bindingPath":{"path":"","propertyPath":"/SALES_AREA_VTWEG","modelName":"NewYardModel"},"interaction":{"idSuffix":"inner"}},"wdio_ui5_key":"etmportal.ui.manageyards.view.Newsap.m.Input{\"path\":\"\",\"propertyPath\":\"/SALES_AREA_VTWEG\",\"modelName\":\"NewYardModel\"}"}]}
RESULT: {"script":"<script> [1562 bytes]","args":[{"selector":{"controlType":"sap.m.Input","viewName":"etm.portal.ui.manageyards.view.New","viewId":"application-manageyards-display-component---NewYard","bindingPath":{"path":"","propertyPath":"/SALES_AREA_VTWEG","modelName":"NewYardModel"},"interaction":{"idSuffix":"inner"}},"wdio_ui5_key":"etmportal.ui.manageyards.view.Newsap.m.Input{\"path\":\"\",\"propertyPath\":\"/SALES_AREA_VTWEG\",\"modelName\":\"NewYardModel\"}"}]}
RESULT: undefined
COMMAND: POST /session/042090a38166428896757e409ee94eb6/execute/async - {"script":"<script> [776 bytes]","args":[{"enterText":"C2","selector":{"controlType":"sap.m.Input","viewName":"etm.portal.ui.manageyards.view.New","viewId":"application-manageyards-display-component---NewYard","bindingPath":{"path":"","propertyPath":"/SALES_AREA_VTWEG","modelName":"NewYardModel"},"interaction":{"idSuffix":"inner"}},"clearTextFirst":true,"interactionType":"ENTER_TEXT"}]}
RESULT: {"script":"<script> [776 bytes]","args":[{"enterText":"C2","selector":{"controlType":"sap.m.Input","viewName":"etm.portal.ui.manageyards.view.New","viewId":"application-manageyards-display-component---NewYard","bindingPath":{"path":"","propertyPath":"/SALES_AREA_VTWEG","modelName":"NewYardModel"},"interaction":{"idSuffix":"inner"}},"clearTextFirst":true,"interactionType":"ENTER_TEXT"}]}
COMMAND: POST /session/042090a38166428896757e409ee94eb6/execute/async - {"script":"<script> [1562 bytes]","args":[{"selector":{"controlType":"sap.m.Input","viewName":"etm.portal.ui.manageyards.view.New","viewId":"application-manageyards-display-component---NewYard","bindingPath":{"path":"","propertyPath":"/SALES_AREA_SPART","modelName":"NewYardModel"},"interaction":{"idSuffix":"inner"}},"wdio_ui5_key":"etmportal.ui.manageyards.view.Newsap.m.Input{\"path\":\"\",\"propertyPath\":\"/SALES_AREA_SPART\",\"modelName\":\"NewYardModel\"}"}]}
RESULT: {"script":"<script> [1562 bytes]","args":[{"selector":{"controlType":"sap.m.Input","viewName":"etm.portal.ui.manageyards.view.New","viewId":"application-manageyards-display-component---NewYard","bindingPath":{"path":"","propertyPath":"/SALES_AREA_SPART","modelName":"NewYardModel"},"interaction":{"idSuffix":"inner"}},"wdio_ui5_key":"etmportal.ui.manageyards.view.Newsap.m.Input{\"path\":\"\",\"propertyPath\":\"/SALES_AREA_SPART\",\"modelName\":\"NewYardModel\"}"}]}
RESULT: undefined
COMMAND: POST /session/042090a38166428896757e409ee94eb6/execute/async - {"script":"<script> [776 bytes]","args":[{"enterText":"C2","selector":{"controlType":"sap.m.Input","viewName":"etm.portal.ui.manageyards.view.New","viewId":"application-manageyards-display-component---NewYard","bindingPath":{"path":"","propertyPath":"/SALES_AREA_SPART","modelName":"NewYardModel"},"interaction":{"idSuffix":"inner"}},"clearTextFirst":true,"interactionType":"ENTER_TEXT"}]}
RESULT: {"script":"<script> [776 bytes]","args":[{"enterText":"C2","selector":{"controlType":"sap.m.Input","viewName":"etm.portal.ui.manageyards.view.New","viewId":"application-manageyards-display-component---NewYard","bindingPath":{"path":"","propertyPath":"/SALES_AREA_SPART","modelName":"NewYardModel"},"interaction":{"idSuffix":"inner"}},"clearTextFirst":true,"interactionType":"ENTER_TEXT"}]}
COMMAND: POST /session/042090a38166428896757e409ee94eb6/execute/async - {"script":"<script> [1562 bytes]","args":[{"selector":{"controlType":"sap.m.Input","viewName":"etm.portal.ui.manageyards.view.New","viewId":"application-manageyards-display-component---NewYard","bindingPath":{"path":"","propertyPath":"/SHIP_POINT","modelName":"NewYardModel"},"interaction":{"idSuffix":"inner"}},"wdio_ui5_key":"etmportal.ui.manageyards.view.Newsap.m.Input{\"path\":\"\",\"propertyPath\":\"/SHIP_POINT\",\"modelName\":\"NewYardModel\"}"}]}
RESULT: {"script":"<script> [1562 bytes]","args":[{"selector":{"controlType":"sap.m.Input","viewName":"etm.portal.ui.manageyards.view.New","viewId":"application-manageyards-display-component---NewYard","bindingPath":{"path":"","propertyPath":"/SHIP_POINT","modelName":"NewYardModel"},"interaction":{"idSuffix":"inner"}},"wdio_ui5_key":"etmportal.ui.manageyards.view.Newsap.m.Input{\"path\":\"\",\"propertyPath\":\"/SHIP_POINT\",\"modelName\":\"NewYardModel\"}"}]}
RESULT: undefined
COMMAND: POST /session/042090a38166428896757e409ee94eb6/execute/async - {"script":"<script> [776 bytes]","args":[{"enterText":"1710","selector":{"controlType":"sap.m.Input","viewName":"etm.portal.ui.manageyards.view.New","viewId":"application-manageyards-display-component---NewYard","bindingPath":{"path":"","propertyPath":"/SHIP_POINT","modelName":"NewYardModel"},"interaction":{"idSuffix":"inner"}},"clearTextFirst":true,"interactionType":"ENTER_TEXT"}]}
RESULT: {"script":"<script> [776 bytes]","args":[{"enterText":"1710","selector":{"controlType":"sap.m.Input","viewName":"etm.portal.ui.manageyards.view.New","viewId":"application-manageyards-display-component---NewYard","bindingPath":{"path":"","propertyPath":"/SHIP_POINT","modelName":"NewYardModel"},"interaction":{"idSuffix":"inner"}},"clearTextFirst":true,"interactionType":"ENTER_TEXT"}]}
COMMAND: POST /session/042090a38166428896757e409ee94eb6/execute/async - {"script":"<script> [1562 bytes]","args":[{"selector":{"controlType":"sap.m.Input","viewName":"etm.portal.ui.manageyards.view.New","viewId":"application-manageyards-display-component---NewYard","bindingPath":{"path":"","propertyPath":"/DELIVERY_TYPE","modelName":"NewYardModel"},"interaction":{"idSuffix":"inner"}},"wdio_ui5_key":"etmportal.ui.manageyards.view.Newsap.m.Input{\"path\":\"\",\"propertyPath\":\"/DELIVERY_TYPE\",\"modelName\":\"NewYardModel\"}"}]}
RESULT: {"script":"<script> [1562 bytes]","args":[{"selector":{"controlType":"sap.m.Input","viewName":"etm.portal.ui.manageyards.view.New","viewId":"application-manageyards-display-component---NewYard","bindingPath":{"path":"","propertyPath":"/DELIVERY_TYPE","modelName":"NewYardModel"},"interaction":{"idSuffix":"inner"}},"wdio_ui5_key":"etmportal.ui.manageyards.view.Newsap.m.Input{\"path\":\"\",\"propertyPath\":\"/DELIVERY_TYPE\",\"modelName\":\"NewYardModel\"}"}]}
RESULT: undefined
COMMAND: POST /session/042090a38166428896757e409ee94eb6/execute/async - {"script":"<script> [776 bytes]","args":[{"enterText":"ZL01","selector":{"controlType":"sap.m.Input","viewName":"etm.portal.ui.manageyards.view.New","viewId":"application-manageyards-display-component---NewYard","bindingPath":{"path":"","propertyPath":"/DELIVERY_TYPE","modelName":"NewYardModel"},"interaction":{"idSuffix":"inner"}},"clearTextFirst":true,"interactionType":"ENTER_TEXT"}]}
RESULT: {"script":"<script> [776 bytes]","args":[{"enterText":"ZL01","selector":{"controlType":"sap.m.Input","viewName":"etm.portal.ui.manageyards.view.New","viewId":"application-manageyards-display-component---NewYard","bindingPath":{"path":"","propertyPath":"/DELIVERY_TYPE","modelName":"NewYardModel"},"interaction":{"idSuffix":"inner"}},"clearTextFirst":true,"interactionType":"ENTER_TEXT"}]}
COMMAND: POST /session/042090a38166428896757e409ee94eb6/execute/async - {"script":"<script> [1562 bytes]","args":[{"selector":{"controlType":"sap.m.Input","viewName":"etm.portal.ui.manageyards.view.New","viewId":"application-manageyards-display-component---NewYard","bindingPath":{"path":"","propertyPath":"/AUART","modelName":"NewYardModel"},"interaction":{"idSuffix":"inner"}},"wdio_ui5_key":"etmportal.ui.manageyards.view.Newsap.m.Input{\"path\":\"\",\"propertyPath\":\"/AUART\",\"modelName\":\"NewYardModel\"}"}]}
RESULT: {"script":"<script> [1562 bytes]","args":[{"selector":{"controlType":"sap.m.Input","viewName":"etm.portal.ui.manageyards.view.New","viewId":"application-manageyards-display-component---NewYard","bindingPath":{"path":"","propertyPath":"/AUART","modelName":"NewYardModel"},"interaction":{"idSuffix":"inner"}},"wdio_ui5_key":"etmportal.ui.manageyards.view.Newsap.m.Input{\"path\":\"\",\"propertyPath\":\"/AUART\",\"modelName\":\"NewYardModel\"}"}]}
RESULT: undefined
COMMAND: POST /session/042090a38166428896757e409ee94eb6/execute/async - {"script":"<script> [776 bytes]","args":[{"enterText":"TA","selector":{"controlType":"sap.m.Input","viewName":"etm.portal.ui.manageyards.view.New","viewId":"application-manageyards-display-component---NewYard","bindingPath":{"path":"","propertyPath":"/AUART","modelName":"NewYardModel"},"interaction":{"idSuffix":"inner"}},"clearTextFirst":true,"interactionType":"ENTER_TEXT"}]}
RESULT: {"script":"<script> [776 bytes]","args":[{"enterText":"TA","selector":{"controlType":"sap.m.Input","viewName":"etm.portal.ui.manageyards.view.New","viewId":"application-manageyards-display-component---NewYard","bindingPath":{"path":"","propertyPath":"/AUART","modelName":"NewYardModel"},"interaction":{"idSuffix":"inner"}},"clearTextFirst":true,"interactionType":"ENTER_TEXT"}]}
COMMAND: POST /session/042090a38166428896757e409ee94eb6/element - {"using":"xpath","value":"//button[@data-kt=\"newYardSaveButton\"]"}
RESULT: {"using":"xpath","value":"//button[@data-kt=\"newYardSaveButton\"]"}
COMMAND: POST /session/042090a38166428896757e409ee94eb6/element/f.D57AB2C99AD4B5B06A6B5D4BC615C113.d.53DAEFD2C33C90E085CFD1E34E1F5CB8.e.4192/click - {}
RESULT: {}
COMMAND: GET /session/042090a38166428896757e409ee94eb6/screenshot - {}
COMMAND: POST /session/042090a38166428896757e409ee94eb6/element - {"using":"xpath","value":"//header[contains(@id, 'ObjectPageLayout-headerTitle')]/div[1]/div[2]/div[1]/span[1]"}
RESULT: {}
RESULT: {"using":"xpath","value":"//header[contains(@id, 'ObjectPageLayout-headerTitle')]/div[1]/div[2]/div[1]/span[1]"}
COMMAND: POST /session/042090a38166428896757e409ee94eb6/elements - {"using":"xpath","value":"//header[contains(@id, 'ObjectPageLayout-headerTitle')]/div[1]/div[2]/div[1]/span[1]"}
RESULT: {"using":"xpath","value":"//header[contains(@id, 'ObjectPageLayout-headerTitle')]/div[1]/div[2]/div[1]/span[1]"}
COMMAND: POST /session/042090a38166428896757e409ee94eb6/execute/sync - {"script":"<script> [56 bytes]","args":[{"element-6066-11e4-a52e-4f735466cecf":"f.D57AB2C99AD4B5B06A6B5D4BC615C113.d.53DAEFD2C33C90E085CFD1E34E1F5CB8.e.4489","ELEMENT":"f.D57AB2C99AD4B5B06A6B5D4BC615C113.d.53DAEFD2C33C90E085CFD1E34E1F5CB8.e.4489"}]}
RESULT: {"script":"<script> [56 bytes]","args":[{"element-6066-11e4-a52e-4f735466cecf":"f.D57AB2C99AD4B5B06A6B5D4BC615C113.d.53DAEFD2C33C90E085CFD1E34E1F5CB8.e.4489","ELEMENT":"f.D57AB2C99AD4B5B06A6B5D4BC615C113.d.53DAEFD2C33C90E085CFD1E34E1F5CB8.e.4489"}]}
COMMAND: GET /session/042090a38166428896757e409ee94eb6/screenshot - {}
RESULT: {}
COMMAND: POST /session/042090a38166428896757e409ee94eb6/element - {"using":"css selector","value":"#shell-header-logo"}
RESULT: {"using":"css selector","value":"#shell-header-logo"}
COMMAND: POST /session/042090a38166428896757e409ee94eb6/element/f.D57AB2C99AD4B5B06A6B5D4BC615C113.d.53DAEFD2C33C90E085CFD1E34E1F5CB8.e.3746/click - {}
RESULT: {}
COMMAND: GET /session/042090a38166428896757e409ee94eb6/screenshot - {}
RESULT: {}
COMMAND: POST /session/042090a38166428896757e409ee94eb6/execute/sync - {"script":"<script> [299 bytes]","args":[["getModel","getResource"]]}
RESULT: {"script":"<script> [299 bytes]","args":[["getModel","getResource"]]}
COMMAND: GET /session/042090a38166428896757e409ee94eb6/screenshot - {}
]]></system-out>
    </testcase>
    <testcase classname="chrome.135_0_7049_96.windows.Create_master_data_for_mixed_billing_&amp;_do_billing_calculation_US151661" name="Should create a new partner" time="129.351">
      <system-out><![CDATA[
COMMAND: POST /session/042090a38166428896757e409ee94eb6/window/fullscreen - {}
RESULT: {}
RESULT: {}
COMMAND: POST /session/042090a38166428896757e409ee94eb6/execute/async - {"script":"<script> [1562 bytes]","args":[{"selector":{"controlType":"sap.m.GenericTile","properties":{"header":"Manage Partners"}},"wdio_ui5_key":"sapm.GenericTile{\"header\":\"Manage Partners\"}"}]}
RESULT: {"script":"<script> [1562 bytes]","args":[{"selector":{"controlType":"sap.m.GenericTile","properties":{"header":"Manage Partners"}},"wdio_ui5_key":"sapm.GenericTile{\"header\":\"Manage Partners\"}"}]}
RESULT: undefined
COMMAND: POST /session/042090a38166428896757e409ee94eb6/element - {"using":"xpath","value":"//*[@id=\"__tile38\"]"}
RESULT: {"using":"xpath","value":"//*[@id=\"__tile38\"]"}
COMMAND: POST /session/042090a38166428896757e409ee94eb6/element/f.D57AB2C99AD4B5B06A6B5D4BC615C113.d.53DAEFD2C33C90E085CFD1E34E1F5CB8.e.3634/click - {}
RESULT: {}
COMMAND: POST /session/042090a38166428896757e409ee94eb6/element - {"using":"xpath","value":"//button[@data-kt=\"addButton\"]"}
COMMAND: GET /session/042090a38166428896757e409ee94eb6/screenshot - {}
RESULT: {"using":"xpath","value":"//button[@data-kt=\"addButton\"]"}
COMMAND: POST /session/042090a38166428896757e409ee94eb6/elements - {"using":"xpath","value":"//button[@data-kt=\"addButton\"]"}
RESULT: {}
RESULT: {"using":"xpath","value":"//button[@data-kt=\"addButton\"]"}
COMMAND: POST /session/042090a38166428896757e409ee94eb6/elements - {"using":"xpath","value":"//button[@data-kt=\"addButton\"]"}
RESULT: {"using":"xpath","value":"//button[@data-kt=\"addButton\"]"}
COMMAND: POST /session/042090a38166428896757e409ee94eb6/elements - {"using":"xpath","value":"//button[@data-kt=\"addButton\"]"}
RESULT: {"using":"xpath","value":"//button[@data-kt=\"addButton\"]"}
COMMAND: POST /session/042090a38166428896757e409ee94eb6/elements - {"using":"xpath","value":"//button[@data-kt=\"addButton\"]"}
RESULT: {"using":"xpath","value":"//button[@data-kt=\"addButton\"]"}
COMMAND: POST /session/042090a38166428896757e409ee94eb6/elements - {"using":"xpath","value":"//button[@data-kt=\"addButton\"]"}
RESULT: {"using":"xpath","value":"//button[@data-kt=\"addButton\"]"}
COMMAND: POST /session/042090a38166428896757e409ee94eb6/elements - {"using":"xpath","value":"//button[@data-kt=\"addButton\"]"}
RESULT: {"using":"xpath","value":"//button[@data-kt=\"addButton\"]"}
COMMAND: POST /session/042090a38166428896757e409ee94eb6/elements - {"using":"xpath","value":"//button[@data-kt=\"addButton\"]"}
RESULT: {"using":"xpath","value":"//button[@data-kt=\"addButton\"]"}
COMMAND: POST /session/042090a38166428896757e409ee94eb6/elements - {"using":"xpath","value":"//button[@data-kt=\"addButton\"]"}
RESULT: {"using":"xpath","value":"//button[@data-kt=\"addButton\"]"}
COMMAND: POST /session/042090a38166428896757e409ee94eb6/elements - {"using":"xpath","value":"//button[@data-kt=\"addButton\"]"}
RESULT: {"using":"xpath","value":"//button[@data-kt=\"addButton\"]"}
COMMAND: POST /session/042090a38166428896757e409ee94eb6/elements - {"using":"xpath","value":"//button[@data-kt=\"addButton\"]"}
RESULT: {"using":"xpath","value":"//button[@data-kt=\"addButton\"]"}
COMMAND: POST /session/042090a38166428896757e409ee94eb6/elements - {"using":"xpath","value":"//button[@data-kt=\"addButton\"]"}
RESULT: {"using":"xpath","value":"//button[@data-kt=\"addButton\"]"}
COMMAND: POST /session/042090a38166428896757e409ee94eb6/elements - {"using":"xpath","value":"//button[@data-kt=\"addButton\"]"}
RESULT: {"using":"xpath","value":"//button[@data-kt=\"addButton\"]"}
COMMAND: POST /session/042090a38166428896757e409ee94eb6/elements - {"using":"xpath","value":"//button[@data-kt=\"addButton\"]"}
RESULT: {"using":"xpath","value":"//button[@data-kt=\"addButton\"]"}
COMMAND: POST /session/042090a38166428896757e409ee94eb6/elements - {"using":"xpath","value":"//button[@data-kt=\"addButton\"]"}
RESULT: {"using":"xpath","value":"//button[@data-kt=\"addButton\"]"}
COMMAND: POST /session/042090a38166428896757e409ee94eb6/elements - {"using":"xpath","value":"//button[@data-kt=\"addButton\"]"}
RESULT: {"using":"xpath","value":"//button[@data-kt=\"addButton\"]"}
COMMAND: POST /session/042090a38166428896757e409ee94eb6/elements - {"using":"xpath","value":"//button[@data-kt=\"addButton\"]"}
RESULT: {"using":"xpath","value":"//button[@data-kt=\"addButton\"]"}
COMMAND: POST /session/042090a38166428896757e409ee94eb6/element - {"using":"xpath","value":"//button[@data-kt=\"addButton\"]"}
RESULT: {"using":"xpath","value":"//button[@data-kt=\"addButton\"]"}
COMMAND: POST /session/042090a38166428896757e409ee94eb6/execute/sync - {"script":"<script> [8489 bytes]","args":[{"element-6066-11e4-a52e-4f735466cecf":"f.D57AB2C99AD4B5B06A6B5D4BC615C113.d.53DAEFD2C33C90E085CFD1E34E1F5CB8.e.4538","ELEMENT":"f.D57AB2C99AD4B5B06A6B5D4BC615C113.d.53DAEFD2C33C90E085CFD1E34E1F5CB8.e.4538"}]}
RESULT: {"script":"<script> [8489 bytes]","args":[{"element-6066-11e4-a52e-4f735466cecf":"f.D57AB2C99AD4B5B06A6B5D4BC615C113.d.53DAEFD2C33C90E085CFD1E34E1F5CB8.e.4538","ELEMENT":"f.D57AB2C99AD4B5B06A6B5D4BC615C113.d.53DAEFD2C33C90E085CFD1E34E1F5CB8.e.4538"}]}
COMMAND: GET /session/042090a38166428896757e409ee94eb6/element/f.D57AB2C99AD4B5B06A6B5D4BC615C113.d.53DAEFD2C33C90E085CFD1E34E1F5CB8.e.4538/enabled - {}
COMMAND: GET /session/042090a38166428896757e409ee94eb6/screenshot - {}
RESULT: {}
COMMAND: POST /session/042090a38166428896757e409ee94eb6/execute/sync - {"script":"<script> [8489 bytes]","args":[{"element-6066-11e4-a52e-4f735466cecf":"f.D57AB2C99AD4B5B06A6B5D4BC615C113.d.53DAEFD2C33C90E085CFD1E34E1F5CB8.e.4538","ELEMENT":"f.D57AB2C99AD4B5B06A6B5D4BC615C113.d.53DAEFD2C33C90E085CFD1E34E1F5CB8.e.4538"}]}
COMMAND: GET /session/042090a38166428896757e409ee94eb6/screenshot - {}
RESULT: {}
RESULT: {"script":"<script> [8489 bytes]","args":[{"element-6066-11e4-a52e-4f735466cecf":"f.D57AB2C99AD4B5B06A6B5D4BC615C113.d.53DAEFD2C33C90E085CFD1E34E1F5CB8.e.4538","ELEMENT":"f.D57AB2C99AD4B5B06A6B5D4BC615C113.d.53DAEFD2C33C90E085CFD1E34E1F5CB8.e.4538"}]}
COMMAND: POST /session/042090a38166428896757e409ee94eb6/execute/sync - {"script":"<script> [5351 bytes]","args":[{"element-6066-11e4-a52e-4f735466cecf":"f.D57AB2C99AD4B5B06A6B5D4BC615C113.d.53DAEFD2C33C90E085CFD1E34E1F5CB8.e.4538","ELEMENT":"f.D57AB2C99AD4B5B06A6B5D4BC615C113.d.53DAEFD2C33C90E085CFD1E34E1F5CB8.e.4538"}]}
COMMAND: GET /session/042090a38166428896757e409ee94eb6/screenshot - {}
RESULT: {}
RESULT: {"script":"<script> [5351 bytes]","args":[{"element-6066-11e4-a52e-4f735466cecf":"f.D57AB2C99AD4B5B06A6B5D4BC615C113.d.53DAEFD2C33C90E085CFD1E34E1F5CB8.e.4538","ELEMENT":"f.D57AB2C99AD4B5B06A6B5D4BC615C113.d.53DAEFD2C33C90E085CFD1E34E1F5CB8.e.4538"}]}
COMMAND: POST /session/042090a38166428896757e409ee94eb6/element/f.D57AB2C99AD4B5B06A6B5D4BC615C113.d.53DAEFD2C33C90E085CFD1E34E1F5CB8.e.4538/click - {}
COMMAND: GET /session/042090a38166428896757e409ee94eb6/screenshot - {}
RESULT: {}
RESULT: {}
COMMAND: GET /session/042090a38166428896757e409ee94eb6/screenshot - {}
COMMAND: POST /session/042090a38166428896757e409ee94eb6/execute/async - {"script":"<script> [1562 bytes]","args":[{"selector":{"id":"application-managepartners-display-component---NewPartner--addressDetailDetailsName1","interaction":{"idSuffix":"inner"}},"wdio_ui5_key":"applicationmanagepartners-display-component---NewPartner--addressDetailDetailsName1"}]}
RESULT: {}
RESULT: {}
RESULT: {"script":"<script> [1562 bytes]","args":[{"selector":{"id":"application-managepartners-display-component---NewPartner--addressDetailDetailsName1","interaction":{"idSuffix":"inner"}},"wdio_ui5_key":"applicationmanagepartners-display-component---NewPartner--addressDetailDetailsName1"}]}
RESULT: undefined
COMMAND: POST /session/042090a38166428896757e409ee94eb6/execute/async - {"script":"<script> [776 bytes]","args":[{"enterText":"Intercompany Partner WDIO","selector":{"id":"application-managepartners-display-component---NewPartner--addressDetailDetailsName1","interaction":{"idSuffix":"inner"}},"clearTextFirst":true,"interactionType":"ENTER_TEXT"}]}
RESULT: {"script":"<script> [776 bytes]","args":[{"enterText":"Intercompany Partner WDIO","selector":{"id":"application-managepartners-display-component---NewPartner--addressDetailDetailsName1","interaction":{"idSuffix":"inner"}},"clearTextFirst":true,"interactionType":"ENTER_TEXT"}]}
COMMAND: POST /session/042090a38166428896757e409ee94eb6/execute/async - {"script":"<script> [1562 bytes]","args":[{"selector":{"id":"application-managepartners-display-component---NewPartner--addressDetailDetailsLanguage-arrow"},"wdio_ui5_key":"applicationmanagepartners-display-component---NewPartner--addressDetailDetailsLanguage-arrow"}]}
RESULT: {"script":"<script> [1562 bytes]","args":[{"selector":{"id":"application-managepartners-display-component---NewPartner--addressDetailDetailsLanguage-arrow"},"wdio_ui5_key":"applicationmanagepartners-display-component---NewPartner--addressDetailDetailsLanguage-arrow"}]}
RESULT: undefined
COMMAND: POST /session/042090a38166428896757e409ee94eb6/element - {"using":"xpath","value":"//*[@id=\"application-managepartners-display-component---NewPartner--addressDetailDetailsLanguage-arrow\"]"}
RESULT: {"using":"xpath","value":"//*[@id=\"application-managepartners-display-component---NewPartner--addressDetailDetailsLanguage-arrow\"]"}
COMMAND: POST /session/042090a38166428896757e409ee94eb6/element/f.D57AB2C99AD4B5B06A6B5D4BC615C113.d.53DAEFD2C33C90E085CFD1E34E1F5CB8.e.4972/click - {}
RESULT: {}
COMMAND: POST /session/042090a38166428896757e409ee94eb6/element - {"using":"xpath","value":"//span[contains(text(), \"English\")]"}
COMMAND: GET /session/042090a38166428896757e409ee94eb6/screenshot - {}
RESULT: {"using":"xpath","value":"//span[contains(text(), \"English\")]"}
COMMAND: POST /session/042090a38166428896757e409ee94eb6/element/f.D57AB2C99AD4B5B06A6B5D4BC615C113.d.53DAEFD2C33C90E085CFD1E34E1F5CB8.e.4973/click - {}
RESULT: {}
RESULT: {}
COMMAND: GET /session/042090a38166428896757e409ee94eb6/screenshot - {}
RESULT: {}
COMMAND: POST /session/042090a38166428896757e409ee94eb6/execute/async - {"script":"<script> [1562 bytes]","args":[{"selector":{"id":"application-managepartners-display-component---NewPartner--addressDetailDetailsCity1","interaction":{"idSuffix":"inner"}},"wdio_ui5_key":"applicationmanagepartners-display-component---NewPartner--addressDetailDetailsCity1"}]}
RESULT: {"script":"<script> [1562 bytes]","args":[{"selector":{"id":"application-managepartners-display-component---NewPartner--addressDetailDetailsCity1","interaction":{"idSuffix":"inner"}},"wdio_ui5_key":"applicationmanagepartners-display-component---NewPartner--addressDetailDetailsCity1"}]}
RESULT: undefined
COMMAND: POST /session/042090a38166428896757e409ee94eb6/execute/async - {"script":"<script> [776 bytes]","args":[{"enterText":"Rosario","selector":{"id":"application-managepartners-display-component---NewPartner--addressDetailDetailsCity1","interaction":{"idSuffix":"inner"}},"clearTextFirst":true,"interactionType":"ENTER_TEXT"}]}
RESULT: {"script":"<script> [776 bytes]","args":[{"enterText":"Rosario","selector":{"id":"application-managepartners-display-component---NewPartner--addressDetailDetailsCity1","interaction":{"idSuffix":"inner"}},"clearTextFirst":true,"interactionType":"ENTER_TEXT"}]}
COMMAND: POST /session/042090a38166428896757e409ee94eb6/execute/async - {"script":"<script> [1562 bytes]","args":[{"selector":{"id":"application-managepartners-display-component---NewPartner--addressDetailDetailsCountry-arrow"},"wdio_ui5_key":"applicationmanagepartners-display-component---NewPartner--addressDetailDetailsCountry-arrow"}]}
RESULT: {"script":"<script> [1562 bytes]","args":[{"selector":{"id":"application-managepartners-display-component---NewPartner--addressDetailDetailsCountry-arrow"},"wdio_ui5_key":"applicationmanagepartners-display-component---NewPartner--addressDetailDetailsCountry-arrow"}]}
RESULT: undefined
COMMAND: POST /session/042090a38166428896757e409ee94eb6/element - {"using":"xpath","value":"//*[@id=\"application-managepartners-display-component---NewPartner--addressDetailDetailsCountry-arrow\"]"}
RESULT: {"using":"xpath","value":"//*[@id=\"application-managepartners-display-component---NewPartner--addressDetailDetailsCountry-arrow\"]"}
COMMAND: POST /session/042090a38166428896757e409ee94eb6/element/f.D57AB2C99AD4B5B06A6B5D4BC615C113.d.53DAEFD2C33C90E085CFD1E34E1F5CB8.e.4954/click - {}
RESULT: {}
COMMAND: POST /session/042090a38166428896757e409ee94eb6/element - {"using":"xpath","value":"//span[contains(text(), \"Argentina\")]"}
COMMAND: GET /session/042090a38166428896757e409ee94eb6/screenshot - {}
RESULT: {"using":"xpath","value":"//span[contains(text(), \"Argentina\")]"}
COMMAND: POST /session/042090a38166428896757e409ee94eb6/element/f.D57AB2C99AD4B5B06A6B5D4BC615C113.d.53DAEFD2C33C90E085CFD1E34E1F5CB8.e.4975/click - {}
RESULT: {}
RESULT: {}
COMMAND: GET /session/042090a38166428896757e409ee94eb6/screenshot - {}
RESULT: {}
COMMAND: POST /session/042090a38166428896757e409ee94eb6/element - {"using":"xpath","value":"//bdi[contains(text(), \"Commercial\")]"}
RESULT: {"using":"xpath","value":"//bdi[contains(text(), \"Commercial\")]"}
COMMAND: POST /session/042090a38166428896757e409ee94eb6/element/f.D57AB2C99AD4B5B06A6B5D4BC615C113.d.53DAEFD2C33C90E085CFD1E34E1F5CB8.e.4976/click - {}
RESULT: {}
COMMAND: GET /session/042090a38166428896757e409ee94eb6/screenshot - {}
RESULT: {}
COMMAND: POST /session/042090a38166428896757e409ee94eb6/execute/async - {"script":"<script> [1562 bytes]","args":[{"selector":{"id":"application-managepartners-display-component---NewPartner--partnerDetailInternal-arrow"},"wdio_ui5_key":"applicationmanagepartners-display-component---NewPartner--partnerDetailInternal-arrow"}]}
RESULT: {"script":"<script> [1562 bytes]","args":[{"selector":{"id":"application-managepartners-display-component---NewPartner--partnerDetailInternal-arrow"},"wdio_ui5_key":"applicationmanagepartners-display-component---NewPartner--partnerDetailInternal-arrow"}]}
RESULT: undefined
COMMAND: POST /session/042090a38166428896757e409ee94eb6/element - {"using":"xpath","value":"//*[@id=\"application-managepartners-display-component---NewPartner--partnerDetailInternal-arrow\"]"}
RESULT: {"using":"xpath","value":"//*[@id=\"application-managepartners-display-component---NewPartner--partnerDetailInternal-arrow\"]"}
COMMAND: POST /session/042090a38166428896757e409ee94eb6/element/f.D57AB2C99AD4B5B06A6B5D4BC615C113.d.53DAEFD2C33C90E085CFD1E34E1F5CB8.e.4982/click - {}
RESULT: {}
COMMAND: POST /session/042090a38166428896757e409ee94eb6/element - {"using":"xpath","value":"//span[contains(text(), \"Affiliated company\")]"}
COMMAND: GET /session/042090a38166428896757e409ee94eb6/screenshot - {}
RESULT: {"using":"xpath","value":"//span[contains(text(), \"Affiliated company\")]"}
COMMAND: POST /session/042090a38166428896757e409ee94eb6/element/f.D57AB2C99AD4B5B06A6B5D4BC615C113.d.53DAEFD2C33C90E085CFD1E34E1F5CB8.e.4983/click - {}
RESULT: {}
RESULT: {}
COMMAND: POST /session/042090a38166428896757e409ee94eb6/execute/async - {"script":"<script> [1562 bytes]","args":[{"selector":{"id":"application-managepartners-display-component---NewPartner--partnerDetailsCurrency-arrow"},"wdio_ui5_key":"applicationmanagepartners-display-component---NewPartner--partnerDetailsCurrency-arrow"}]}
COMMAND: GET /session/042090a38166428896757e409ee94eb6/screenshot - {}
RESULT: {"script":"<script> [1562 bytes]","args":[{"selector":{"id":"application-managepartners-display-component---NewPartner--partnerDetailsCurrency-arrow"},"wdio_ui5_key":"applicationmanagepartners-display-component---NewPartner--partnerDetailsCurrency-arrow"}]}
RESULT: undefined
COMMAND: POST /session/042090a38166428896757e409ee94eb6/element - {"using":"xpath","value":"//*[@id=\"application-managepartners-display-component---NewPartner--partnerDetailsCurrency-arrow\"]"}
RESULT: {}
RESULT: {"using":"xpath","value":"//*[@id=\"application-managepartners-display-component---NewPartner--partnerDetailsCurrency-arrow\"]"}
COMMAND: POST /session/042090a38166428896757e409ee94eb6/element/f.D57AB2C99AD4B5B06A6B5D4BC615C113.d.53DAEFD2C33C90E085CFD1E34E1F5CB8.e.4990/click - {}
RESULT: {}
COMMAND: POST /session/042090a38166428896757e409ee94eb6/element - {"using":"xpath","value":"//span[contains(text(), \"Euro\")]"}
COMMAND: GET /session/042090a38166428896757e409ee94eb6/screenshot - {}
RESULT: {"using":"xpath","value":"//span[contains(text(), \"Euro\")]"}
COMMAND: POST /session/042090a38166428896757e409ee94eb6/element/f.D57AB2C99AD4B5B06A6B5D4BC615C113.d.53DAEFD2C33C90E085CFD1E34E1F5CB8.e.4991/click - {}
RESULT: {}
RESULT: {}
COMMAND: POST /session/042090a38166428896757e409ee94eb6/execute/async - {"script":"<script> [1562 bytes]","args":[{"selector":{"id":"application-managepartners-display-component---NewPartner--addressEditDetailsCostObjectCstType-arrow"},"wdio_ui5_key":"applicationmanagepartners-display-component---NewPartner--addressEditDetailsCostObjectCstType-arrow"}]}
COMMAND: GET /session/042090a38166428896757e409ee94eb6/screenshot - {}
RESULT: {"script":"<script> [1562 bytes]","args":[{"selector":{"id":"application-managepartners-display-component---NewPartner--addressEditDetailsCostObjectCstType-arrow"},"wdio_ui5_key":"applicationmanagepartners-display-component---NewPartner--addressEditDetailsCostObjectCstType-arrow"}]}
RESULT: undefined
COMMAND: POST /session/042090a38166428896757e409ee94eb6/element - {"using":"xpath","value":"//*[@id=\"application-managepartners-display-component---NewPartner--addressEditDetailsCostObjectCstType-arrow\"]"}
RESULT: {}
RESULT: {"using":"xpath","value":"//*[@id=\"application-managepartners-display-component---NewPartner--addressEditDetailsCostObjectCstType-arrow\"]"}
COMMAND: POST /session/042090a38166428896757e409ee94eb6/element/f.D57AB2C99AD4B5B06A6B5D4BC615C113.d.53DAEFD2C33C90E085CFD1E34E1F5CB8.e.4992/click - {}
RESULT: {}
COMMAND: POST /session/042090a38166428896757e409ee94eb6/element - {"using":"xpath","value":"//span[contains(text(), \"Cost Center\")]"}
COMMAND: GET /session/042090a38166428896757e409ee94eb6/screenshot - {}
RESULT: {"using":"xpath","value":"//span[contains(text(), \"Cost Center\")]"}
COMMAND: POST /session/042090a38166428896757e409ee94eb6/element/f.D57AB2C99AD4B5B06A6B5D4BC615C113.d.53DAEFD2C33C90E085CFD1E34E1F5CB8.e.4993/click - {}
RESULT: {}
RESULT: {}
COMMAND: GET /session/042090a38166428896757e409ee94eb6/screenshot - {}
RESULT: {}
COMMAND: POST /session/042090a38166428896757e409ee94eb6/element - {"using":"xpath","value":"//span[@id=\"application-managepartners-display-component---NewPartner--addressNewCostObjectCstID-vhi\"]"}
RESULT: {"using":"xpath","value":"//span[@id=\"application-managepartners-display-component---NewPartner--addressNewCostObjectCstID-vhi\"]"}
COMMAND: POST /session/042090a38166428896757e409ee94eb6/execute/sync - {"script":"<script> [8489 bytes]","args":[{"element-6066-11e4-a52e-4f735466cecf":"f.D57AB2C99AD4B5B06A6B5D4BC615C113.d.53DAEFD2C33C90E085CFD1E34E1F5CB8.e.4997","ELEMENT":"f.D57AB2C99AD4B5B06A6B5D4BC615C113.d.53DAEFD2C33C90E085CFD1E34E1F5CB8.e.4997"}]}
RESULT: {"script":"<script> [8489 bytes]","args":[{"element-6066-11e4-a52e-4f735466cecf":"f.D57AB2C99AD4B5B06A6B5D4BC615C113.d.53DAEFD2C33C90E085CFD1E34E1F5CB8.e.4997","ELEMENT":"f.D57AB2C99AD4B5B06A6B5D4BC615C113.d.53DAEFD2C33C90E085CFD1E34E1F5CB8.e.4997"}]}
COMMAND: POST /session/042090a38166428896757e409ee94eb6/execute/async - {"script":"<script> [1562 bytes]","args":[{"selector":{"id":"application-managepartners-display-component---NewPartner--addressNewCostObjectCstID-vhi"},"wdio_ui5_key":"applicationmanagepartners-display-component---NewPartner--addressNewCostObjectCstID-vhi"}]}
COMMAND: GET /session/042090a38166428896757e409ee94eb6/screenshot - {}
RESULT: {"script":"<script> [1562 bytes]","args":[{"selector":{"id":"application-managepartners-display-component---NewPartner--addressNewCostObjectCstID-vhi"},"wdio_ui5_key":"applicationmanagepartners-display-component---NewPartner--addressNewCostObjectCstID-vhi"}]}
RESULT: undefined
COMMAND: POST /session/042090a38166428896757e409ee94eb6/element - {"using":"xpath","value":"//*[@id=\"application-managepartners-display-component---NewPartner--addressNewCostObjectCstID-vhi\"]"}
RESULT: {}
RESULT: {"using":"xpath","value":"//*[@id=\"application-managepartners-display-component---NewPartner--addressNewCostObjectCstID-vhi\"]"}
COMMAND: POST /session/042090a38166428896757e409ee94eb6/element/f.D57AB2C99AD4B5B06A6B5D4BC615C113.d.53DAEFD2C33C90E085CFD1E34E1F5CB8.e.4997/click - {}
RESULT: {}
COMMAND: GET /session/042090a38166428896757e409ee94eb6/screenshot - {}
RESULT: {}
RESULT: undefined
COMMAND: POST /session/042090a38166428896757e409ee94eb6/execute/async - {"script":"<script> [776 bytes]","args":[{"enterText":"10001013","selector":{"controlType":"sap.m.SearchField","properties":{"placeholder":"Search"},"searchOpenDialogs":true,"interaction":{"idSuffix":"I"}},"clearTextFirst":true,"interactionType":"ENTER_TEXT"}]}
RESULT: {"script":"<script> [776 bytes]","args":[{"enterText":"10001013","selector":{"controlType":"sap.m.SearchField","properties":{"placeholder":"Search"},"searchOpenDialogs":true,"interaction":{"idSuffix":"I"}},"clearTextFirst":true,"interactionType":"ENTER_TEXT"}]}
COMMAND: POST /session/042090a38166428896757e409ee94eb6/actions - {"actions":[{"id":"action12","type":"key","parameters":{},"actions":[{"type":"keyDown","value":"î€‡"},{"type":"pause","duration":10},{"type":"keyUp","value":"î€‡"}]}]}
RESULT: {"actions":[{"id":"action12","type":"key","parameters":{},"actions":[{"type":"keyDown","value":"î€‡"},{"type":"pause","duration":10},{"type":"keyUp","value":"î€‡"}]}]}
COMMAND: GET /session/042090a38166428896757e409ee94eb6/screenshot - {}
RESULT: {}
COMMAND: POST /session/042090a38166428896757e409ee94eb6/element - {"using":"xpath","value":"//span[contains(text(), \"General Management\")]"}
RESULT: {"using":"xpath","value":"//span[contains(text(), \"General Management\")]"}
COMMAND: POST /session/042090a38166428896757e409ee94eb6/element/f.D57AB2C99AD4B5B06A6B5D4BC615C113.d.53DAEFD2C33C90E085CFD1E34E1F5CB8.e.5036/click - {}
RESULT: {}
COMMAND: GET /session/042090a38166428896757e409ee94eb6/screenshot - {}
RESULT: {}
COMMAND: POST /session/042090a38166428896757e409ee94eb6/element - {"using":"xpath","value":"//bdi[contains(text(), \"OK\")]"}
RESULT: {"using":"xpath","value":"//bdi[contains(text(), \"OK\")]"}
COMMAND: POST /session/042090a38166428896757e409ee94eb6/element/f.D57AB2C99AD4B5B06A6B5D4BC615C113.d.53DAEFD2C33C90E085CFD1E34E1F5CB8.e.5037/click - {}
RESULT: {}
COMMAND: GET /session/042090a38166428896757e409ee94eb6/screenshot - {}
RESULT: {}
COMMAND: POST /session/042090a38166428896757e409ee94eb6/element - {"using":"xpath","value":"//input[@id=\"application-managepartners-display-component---NewPartner--companyCodeComboBox-inner\"]"}
RESULT: {"using":"xpath","value":"//input[@id=\"application-managepartners-display-component---NewPartner--companyCodeComboBox-inner\"]"}
COMMAND: POST /session/042090a38166428896757e409ee94eb6/element/f.D57AB2C99AD4B5B06A6B5D4BC615C113.d.53DAEFD2C33C90E085CFD1E34E1F5CB8.e.4838/clear - {}
RESULT: {}
COMMAND: POST /session/042090a38166428896757e409ee94eb6/element/f.D57AB2C99AD4B5B06A6B5D4BC615C113.d.53DAEFD2C33C90E085CFD1E34E1F5CB8.e.4838/value - {"text":"C002"}
COMMAND: GET /session/042090a38166428896757e409ee94eb6/screenshot - {}
RESULT: {"text":"C002"}
COMMAND: GET /session/042090a38166428896757e409ee94eb6/screenshot - {}
RESULT: {}
RESULT: {}
COMMAND: POST /session/042090a38166428896757e409ee94eb6/element - {"using":"xpath","value":"//span[contains(text(), \"C002\")]"}
RESULT: {"using":"xpath","value":"//span[contains(text(), \"C002\")]"}
COMMAND: POST /session/042090a38166428896757e409ee94eb6/element/f.D57AB2C99AD4B5B06A6B5D4BC615C113.d.53DAEFD2C33C90E085CFD1E34E1F5CB8.e.5043/click - {}
RESULT: {}
COMMAND: GET /session/042090a38166428896757e409ee94eb6/screenshot - {}
RESULT: {}
COMMAND: POST /session/042090a38166428896757e409ee94eb6/execute/async - {"script":"<script> [1562 bytes]","args":[{"selector":{"id":"application-managepartners-display-component---NewPartner--btnAddTableRow-img"},"wdio_ui5_key":"applicationmanagepartners-display-component---NewPartner--btnAddTableRow-img"}]}
RESULT: {"script":"<script> [1562 bytes]","args":[{"selector":{"id":"application-managepartners-display-component---NewPartner--btnAddTableRow-img"},"wdio_ui5_key":"applicationmanagepartners-display-component---NewPartner--btnAddTableRow-img"}]}
RESULT: undefined
COMMAND: POST /session/042090a38166428896757e409ee94eb6/element - {"using":"xpath","value":"//*[@id=\"application-managepartners-display-component---NewPartner--btnAddTableRow-img\"]"}
RESULT: {"using":"xpath","value":"//*[@id=\"application-managepartners-display-component---NewPartner--btnAddTableRow-img\"]"}
COMMAND: POST /session/042090a38166428896757e409ee94eb6/element/f.D57AB2C99AD4B5B06A6B5D4BC615C113.d.53DAEFD2C33C90E085CFD1E34E1F5CB8.e.5044/click - {}
RESULT: {}
COMMAND: GET /session/042090a38166428896757e409ee94eb6/screenshot - {}
RESULT: {}
COMMAND: POST /session/042090a38166428896757e409ee94eb6/element - {"using":"xpath","value":"//input[@id=\"application-managepartners-display-component---NewPartner--assignmentYard-application-managepartners-display-component---NewPartner--assignmentsTable-0-inner\"]"}
RESULT: {"using":"xpath","value":"//input[@id=\"application-managepartners-display-component---NewPartner--assignmentYard-application-managepartners-display-component---NewPartner--assignmentsTable-0-inner\"]"}
COMMAND: POST /session/042090a38166428896757e409ee94eb6/element/f.D57AB2C99AD4B5B06A6B5D4BC615C113.d.53DAEFD2C33C90E085CFD1E34E1F5CB8.e.5047/clear - {}
RESULT: {}
COMMAND: POST /session/042090a38166428896757e409ee94eb6/element/f.D57AB2C99AD4B5B06A6B5D4BC615C113.d.53DAEFD2C33C90E085CFD1E34E1F5CB8.e.5047/value - {"text":"311"}
COMMAND: GET /session/042090a38166428896757e409ee94eb6/screenshot - {}
RESULT: {"text":"311"}
COMMAND: GET /session/042090a38166428896757e409ee94eb6/screenshot - {}
RESULT: {}
RESULT: {}
COMMAND: POST /session/042090a38166428896757e409ee94eb6/element - {"using":"xpath","value":"//li[.//span[text()='311']]"}
RESULT: {"using":"xpath","value":"//li[.//span[text()='311']]"}
COMMAND: POST /session/042090a38166428896757e409ee94eb6/element/f.D57AB2C99AD4B5B06A6B5D4BC615C113.d.53DAEFD2C33C90E085CFD1E34E1F5CB8.e.5056/click - {}
RESULT: {}
COMMAND: GET /session/042090a38166428896757e409ee94eb6/screenshot - {}
RESULT: {}
COMMAND: POST /session/042090a38166428896757e409ee94eb6/actions - {"actions":[{"id":"action13","type":"key","parameters":{},"actions":[{"type":"keyDown","value":"î€‡"},{"type":"pause","duration":10},{"type":"keyUp","value":"î€‡"}]}]}
RESULT: {"actions":[{"id":"action13","type":"key","parameters":{},"actions":[{"type":"keyDown","value":"î€‡"},{"type":"pause","duration":10},{"type":"keyUp","value":"î€‡"}]}]}
COMMAND: POST /session/042090a38166428896757e409ee94eb6/execute/async - {"script":"<script> [1562 bytes]","args":[{"selector":{"id":"application-managepartners-display-component---NewPartner--externalCustomerComboBox-application-managepartners-display-component---NewPartner--assignmentsTable-0-vhi"},"wdio_ui5_key":"applicationmanagepartners-display-component---NewPartner--externalCustomerComboBox-application-managepartners-display-component---NewPartner--assignmentsTable-0-vhi"}]}
COMMAND: GET /session/042090a38166428896757e409ee94eb6/screenshot - {}
RESULT: {"script":"<script> [1562 bytes]","args":[{"selector":{"id":"application-managepartners-display-component---NewPartner--externalCustomerComboBox-application-managepartners-display-component---NewPartner--assignmentsTable-0-vhi"},"wdio_ui5_key":"applicationmanagepartners-display-component---NewPartner--externalCustomerComboBox-application-managepartners-display-component---NewPartner--assignmentsTable-0-vhi"}]}
RESULT: undefined
COMMAND: POST /session/042090a38166428896757e409ee94eb6/element - {"using":"xpath","value":"//*[@id=\"application-managepartners-display-component---NewPartner--externalCustomerComboBox-application-managepartners-display-component---NewPartner--assignmentsTable-0-vhi\"]"}
RESULT: {}
RESULT: {"using":"xpath","value":"//*[@id=\"application-managepartners-display-component---NewPartner--externalCustomerComboBox-application-managepartners-display-component---NewPartner--assignmentsTable-0-vhi\"]"}
COMMAND: POST /session/042090a38166428896757e409ee94eb6/element/f.D57AB2C99AD4B5B06A6B5D4BC615C113.d.53DAEFD2C33C90E085CFD1E34E1F5CB8.e.5060/click - {}
RESULT: {}
RESULT: undefined
COMMAND: POST /session/042090a38166428896757e409ee94eb6/execute/async - {"script":"<script> [776 bytes]","args":[{"enterText":"300003","selector":{"controlType":"sap.m.SearchField","properties":{"placeholder":"Search"},"searchOpenDialogs":true,"interaction":{"idSuffix":"I"}},"clearTextFirst":true,"interactionType":"ENTER_TEXT"}]}
COMMAND: GET /session/042090a38166428896757e409ee94eb6/screenshot - {}
RESULT: {"script":"<script> [776 bytes]","args":[{"enterText":"300003","selector":{"controlType":"sap.m.SearchField","properties":{"placeholder":"Search"},"searchOpenDialogs":true,"interaction":{"idSuffix":"I"}},"clearTextFirst":true,"interactionType":"ENTER_TEXT"}]}
COMMAND: POST /session/042090a38166428896757e409ee94eb6/actions - {"actions":[{"id":"action14","type":"key","parameters":{},"actions":[{"type":"keyDown","value":"î€‡"},{"type":"pause","duration":10},{"type":"keyUp","value":"î€‡"}]}]}
RESULT: {}
RESULT: {"actions":[{"id":"action14","type":"key","parameters":{},"actions":[{"type":"keyDown","value":"î€‡"},{"type":"pause","duration":10},{"type":"keyUp","value":"î€‡"}]}]}
COMMAND: GET /session/042090a38166428896757e409ee94eb6/screenshot - {}
RESULT: {}
COMMAND: POST /session/042090a38166428896757e409ee94eb6/element - {"using":"xpath","value":"//span[contains(text(), \"300003\")]"}
RESULT: {"using":"xpath","value":"//span[contains(text(), \"300003\")]"}
COMMAND: POST /session/042090a38166428896757e409ee94eb6/element/f.D57AB2C99AD4B5B06A6B5D4BC615C113.d.53DAEFD2C33C90E085CFD1E34E1F5CB8.e.5078/click - {}
RESULT: {}
COMMAND: GET /session/042090a38166428896757e409ee94eb6/screenshot - {}
RESULT: {}
COMMAND: POST /session/042090a38166428896757e409ee94eb6/element - {"using":"xpath","value":"//bdi[contains(text(), \"OK\")]"}
RESULT: {"using":"xpath","value":"//bdi[contains(text(), \"OK\")]"}
COMMAND: POST /session/042090a38166428896757e409ee94eb6/element/f.D57AB2C99AD4B5B06A6B5D4BC615C113.d.53DAEFD2C33C90E085CFD1E34E1F5CB8.e.5080/click - {}
RESULT: {}
COMMAND: GET /session/042090a38166428896757e409ee94eb6/screenshot - {}
RESULT: {}
COMMAND: POST /session/042090a38166428896757e409ee94eb6/execute/async - {"script":"<script> [1562 bytes]","args":[{"selector":{"id":"application-managepartners-display-component---NewPartner--intercompVendorComboBox-application-managepartners-display-component---NewPartner--assignmentsTable-0-vhi"},"wdio_ui5_key":"applicationmanagepartners-display-component---NewPartner--intercompVendorComboBox-application-managepartners-display-component---NewPartner--assignmentsTable-0-vhi"}]}
RESULT: {"script":"<script> [1562 bytes]","args":[{"selector":{"id":"application-managepartners-display-component---NewPartner--intercompVendorComboBox-application-managepartners-display-component---NewPartner--assignmentsTable-0-vhi"},"wdio_ui5_key":"applicationmanagepartners-display-component---NewPartner--intercompVendorComboBox-application-managepartners-display-component---NewPartner--assignmentsTable-0-vhi"}]}
RESULT: undefined
COMMAND: POST /session/042090a38166428896757e409ee94eb6/element - {"using":"xpath","value":"//*[@id=\"application-managepartners-display-component---NewPartner--intercompVendorComboBox-application-managepartners-display-component---NewPartner--assignmentsTable-0-vhi\"]"}
RESULT: {"using":"xpath","value":"//*[@id=\"application-managepartners-display-component---NewPartner--intercompVendorComboBox-application-managepartners-display-component---NewPartner--assignmentsTable-0-vhi\"]"}
COMMAND: POST /session/042090a38166428896757e409ee94eb6/element/f.D57AB2C99AD4B5B06A6B5D4BC615C113.d.53DAEFD2C33C90E085CFD1E34E1F5CB8.e.5083/click - {}
RESULT: {}
RESULT: undefined
COMMAND: POST /session/042090a38166428896757e409ee94eb6/execute/async - {"script":"<script> [776 bytes]","args":[{"enterText":"100005","selector":{"controlType":"sap.m.SearchField","properties":{"placeholder":"Search"},"searchOpenDialogs":true,"interaction":{"idSuffix":"I"}},"clearTextFirst":true,"interactionType":"ENTER_TEXT"}]}
COMMAND: GET /session/042090a38166428896757e409ee94eb6/screenshot - {}
RESULT: {"script":"<script> [776 bytes]","args":[{"enterText":"100005","selector":{"controlType":"sap.m.SearchField","properties":{"placeholder":"Search"},"searchOpenDialogs":true,"interaction":{"idSuffix":"I"}},"clearTextFirst":true,"interactionType":"ENTER_TEXT"}]}
COMMAND: POST /session/042090a38166428896757e409ee94eb6/actions - {"actions":[{"id":"action15","type":"key","parameters":{},"actions":[{"type":"keyDown","value":"î€‡"},{"type":"pause","duration":10},{"type":"keyUp","value":"î€‡"}]}]}
RESULT: {}
RESULT: {"actions":[{"id":"action15","type":"key","parameters":{},"actions":[{"type":"keyDown","value":"î€‡"},{"type":"pause","duration":10},{"type":"keyUp","value":"î€‡"}]}]}
COMMAND: GET /session/042090a38166428896757e409ee94eb6/screenshot - {}
RESULT: {}
COMMAND: POST /session/042090a38166428896757e409ee94eb6/element - {"using":"xpath","value":"//span[contains(text(), \"Penguins - Field/12345 Berlin\")]"}
RESULT: {"using":"xpath","value":"//span[contains(text(), \"Penguins - Field/12345 Berlin\")]"}
COMMAND: POST /session/042090a38166428896757e409ee94eb6/element/f.D57AB2C99AD4B5B06A6B5D4BC615C113.d.53DAEFD2C33C90E085CFD1E34E1F5CB8.e.5100/click - {}
RESULT: {}
COMMAND: GET /session/042090a38166428896757e409ee94eb6/screenshot - {}
RESULT: {}
COMMAND: POST /session/042090a38166428896757e409ee94eb6/element - {"using":"xpath","value":"//bdi[contains(text(), \"OK\")]"}
RESULT: {"using":"xpath","value":"//bdi[contains(text(), \"OK\")]"}
COMMAND: POST /session/042090a38166428896757e409ee94eb6/element/f.D57AB2C99AD4B5B06A6B5D4BC615C113.d.53DAEFD2C33C90E085CFD1E34E1F5CB8.e.5101/click - {}
RESULT: {}
COMMAND: GET /session/042090a38166428896757e409ee94eb6/screenshot - {}
RESULT: {}
COMMAND: POST /session/042090a38166428896757e409ee94eb6/element - {"using":"xpath","value":"//button[@data-kt=\"saveButton\"]"}
RESULT: {"using":"xpath","value":"//button[@data-kt=\"saveButton\"]"}
COMMAND: POST /session/042090a38166428896757e409ee94eb6/element/f.D57AB2C99AD4B5B06A6B5D4BC615C113.d.53DAEFD2C33C90E085CFD1E34E1F5CB8.e.4956/click - {}
RESULT: {}
COMMAND: GET /session/042090a38166428896757e409ee94eb6/screenshot - {}
RESULT: {}
COMMAND: POST /session/042090a38166428896757e409ee94eb6/element - {"using":"xpath","value":"//header[contains(@id, 'ObjectPageLayout-headerTitle')]/div[1]/div[2]/div[2]/span[1]"}
RESULT: {"using":"xpath","value":"//header[contains(@id, 'ObjectPageLayout-headerTitle')]/div[1]/div[2]/div[2]/span[1]"}
COMMAND: POST /session/042090a38166428896757e409ee94eb6/elements - {"using":"xpath","value":"//header[contains(@id, 'ObjectPageLayout-headerTitle')]/div[1]/div[2]/div[2]/span[1]"}
RESULT: {"using":"xpath","value":"//header[contains(@id, 'ObjectPageLayout-headerTitle')]/div[1]/div[2]/div[2]/span[1]"}
COMMAND: POST /session/042090a38166428896757e409ee94eb6/execute/sync - {"script":"<script> [56 bytes]","args":[{"element-6066-11e4-a52e-4f735466cecf":"f.D57AB2C99AD4B5B06A6B5D4BC615C113.d.53DAEFD2C33C90E085CFD1E34E1F5CB8.e.5269","ELEMENT":"f.D57AB2C99AD4B5B06A6B5D4BC615C113.d.53DAEFD2C33C90E085CFD1E34E1F5CB8.e.5269"}]}
RESULT: {"script":"<script> [56 bytes]","args":[{"element-6066-11e4-a52e-4f735466cecf":"f.D57AB2C99AD4B5B06A6B5D4BC615C113.d.53DAEFD2C33C90E085CFD1E34E1F5CB8.e.5269","ELEMENT":"f.D57AB2C99AD4B5B06A6B5D4BC615C113.d.53DAEFD2C33C90E085CFD1E34E1F5CB8.e.5269"}]}
COMMAND: POST /session/042090a38166428896757e409ee94eb6/element - {"using":"css selector","value":"#shell-header-logo"}
COMMAND: GET /session/042090a38166428896757e409ee94eb6/screenshot - {}
RESULT: {"using":"css selector","value":"#shell-header-logo"}
COMMAND: POST /session/042090a38166428896757e409ee94eb6/element/f.D57AB2C99AD4B5B06A6B5D4BC615C113.d.53DAEFD2C33C90E085CFD1E34E1F5CB8.e.4493/click - {}
RESULT: {}
RESULT: {}
COMMAND: GET /session/042090a38166428896757e409ee94eb6/screenshot - {}
RESULT: {}
COMMAND: POST /session/042090a38166428896757e409ee94eb6/execute/sync - {"script":"<script> [299 bytes]","args":[["getModel","getResource"]]}
RESULT: {"script":"<script> [299 bytes]","args":[["getModel","getResource"]]}
]]></system-out>
    </testcase>
    <testcase classname="chrome.135_0_7049_96.windows.Create_master_data_for_mixed_billing_&amp;_do_billing_calculation_US151661" name="Should create a new site" time="134.653">
      <system-out><![CDATA[
COMMAND: GET /session/042090a38166428896757e409ee94eb6/screenshot - {}
COMMAND: POST /session/042090a38166428896757e409ee94eb6/execute/async - {"script":"<script> [1562 bytes]","args":[{"selector":{"controlType":"sap.m.TileContent","bindingPath":{"path":"","propertyPath":"/properties/info"},"ancestor":{"controlType":"sap.m.GenericTile","properties":{"header":"Manage Sites"}}},"wdio_ui5_key":"sapm.TileContent{\"path\":\"\",\"propertyPath\":\"/properties/info\"}{\"controlType\":\"sap.m.GenericTile\",\"properties\":{\"header\":\"Manage Sites\"}}"}]}
RESULT: {}
RESULT: {"script":"<script> [1562 bytes]","args":[{"selector":{"controlType":"sap.m.TileContent","bindingPath":{"path":"","propertyPath":"/properties/info"},"ancestor":{"controlType":"sap.m.GenericTile","properties":{"header":"Manage Sites"}}},"wdio_ui5_key":"sapm.TileContent{\"path\":\"\",\"propertyPath\":\"/properties/info\"}{\"controlType\":\"sap.m.GenericTile\",\"properties\":{\"header\":\"Manage Sites\"}}"}]}
RESULT: undefined
COMMAND: POST /session/042090a38166428896757e409ee94eb6/element - {"using":"xpath","value":"//*[@id=\"__xmlview7--numericTileContent\"]"}
RESULT: {"using":"xpath","value":"//*[@id=\"__xmlview7--numericTileContent\"]"}
COMMAND: POST /session/042090a38166428896757e409ee94eb6/element/f.D57AB2C99AD4B5B06A6B5D4BC615C113.d.53DAEFD2C33C90E085CFD1E34E1F5CB8.e.5271/click - {}
RESULT: {}
COMMAND: POST /session/042090a38166428896757e409ee94eb6/element - {"using":"xpath","value":"//button[@data-kt=\"addOverflowToolbarButton\"]"}
COMMAND: GET /session/042090a38166428896757e409ee94eb6/screenshot - {}
RESULT: {"using":"xpath","value":"//button[@data-kt=\"addOverflowToolbarButton\"]"}
COMMAND: POST /session/042090a38166428896757e409ee94eb6/elements - {"using":"xpath","value":"//button[@data-kt=\"addOverflowToolbarButton\"]"}
RESULT: {}
RESULT: {"using":"xpath","value":"//button[@data-kt=\"addOverflowToolbarButton\"]"}
COMMAND: POST /session/042090a38166428896757e409ee94eb6/element - {"using":"xpath","value":"//button[@data-kt=\"addOverflowToolbarButton\"]"}
RESULT: {"using":"xpath","value":"//button[@data-kt=\"addOverflowToolbarButton\"]"}
COMMAND: POST /session/042090a38166428896757e409ee94eb6/execute/sync - {"script":"<script> [8489 bytes]","args":[{"element-6066-11e4-a52e-4f735466cecf":"f.D57AB2C99AD4B5B06A6B5D4BC615C113.d.53DAEFD2C33C90E085CFD1E34E1F5CB8.e.5318","ELEMENT":"f.D57AB2C99AD4B5B06A6B5D4BC615C113.d.53DAEFD2C33C90E085CFD1E34E1F5CB8.e.5318"}]}
RESULT: {"script":"<script> [8489 bytes]","args":[{"element-6066-11e4-a52e-4f735466cecf":"f.D57AB2C99AD4B5B06A6B5D4BC615C113.d.53DAEFD2C33C90E085CFD1E34E1F5CB8.e.5318","ELEMENT":"f.D57AB2C99AD4B5B06A6B5D4BC615C113.d.53DAEFD2C33C90E085CFD1E34E1F5CB8.e.5318"}]}
COMMAND: GET /session/042090a38166428896757e409ee94eb6/element/f.D57AB2C99AD4B5B06A6B5D4BC615C113.d.53DAEFD2C33C90E085CFD1E34E1F5CB8.e.5318/enabled - {}
COMMAND: GET /session/042090a38166428896757e409ee94eb6/screenshot - {}
RESULT: {}
COMMAND: POST /session/042090a38166428896757e409ee94eb6/execute/sync - {"script":"<script> [8489 bytes]","args":[{"element-6066-11e4-a52e-4f735466cecf":"f.D57AB2C99AD4B5B06A6B5D4BC615C113.d.53DAEFD2C33C90E085CFD1E34E1F5CB8.e.5318","ELEMENT":"f.D57AB2C99AD4B5B06A6B5D4BC615C113.d.53DAEFD2C33C90E085CFD1E34E1F5CB8.e.5318"}]}
COMMAND: GET /session/042090a38166428896757e409ee94eb6/screenshot - {}
RESULT: {}
RESULT: {"script":"<script> [8489 bytes]","args":[{"element-6066-11e4-a52e-4f735466cecf":"f.D57AB2C99AD4B5B06A6B5D4BC615C113.d.53DAEFD2C33C90E085CFD1E34E1F5CB8.e.5318","ELEMENT":"f.D57AB2C99AD4B5B06A6B5D4BC615C113.d.53DAEFD2C33C90E085CFD1E34E1F5CB8.e.5318"}]}
COMMAND: POST /session/042090a38166428896757e409ee94eb6/execute/sync - {"script":"<script> [5351 bytes]","args":[{"element-6066-11e4-a52e-4f735466cecf":"f.D57AB2C99AD4B5B06A6B5D4BC615C113.d.53DAEFD2C33C90E085CFD1E34E1F5CB8.e.5318","ELEMENT":"f.D57AB2C99AD4B5B06A6B5D4BC615C113.d.53DAEFD2C33C90E085CFD1E34E1F5CB8.e.5318"}]}
COMMAND: GET /session/042090a38166428896757e409ee94eb6/screenshot - {}
RESULT: {}
RESULT: {"script":"<script> [5351 bytes]","args":[{"element-6066-11e4-a52e-4f735466cecf":"f.D57AB2C99AD4B5B06A6B5D4BC615C113.d.53DAEFD2C33C90E085CFD1E34E1F5CB8.e.5318","ELEMENT":"f.D57AB2C99AD4B5B06A6B5D4BC615C113.d.53DAEFD2C33C90E085CFD1E34E1F5CB8.e.5318"}]}
COMMAND: POST /session/042090a38166428896757e409ee94eb6/element/f.D57AB2C99AD4B5B06A6B5D4BC615C113.d.53DAEFD2C33C90E085CFD1E34E1F5CB8.e.5318/click - {}
COMMAND: GET /session/042090a38166428896757e409ee94eb6/screenshot - {}
RESULT: {}
RESULT: {}
COMMAND: GET /session/042090a38166428896757e409ee94eb6/screenshot - {}
COMMAND: POST /session/042090a38166428896757e409ee94eb6/execute/async - {"script":"<script> [1562 bytes]","args":[{"selector":{"id":"application-managesites-display-component---NewSite--addressDetailDetailsName1","interaction":{"idSuffix":"inner"}},"wdio_ui5_key":"applicationmanagesites-display-component---NewSite--addressDetailDetailsName1"}]}
RESULT: {}
RESULT: {}
RESULT: {"script":"<script> [1562 bytes]","args":[{"selector":{"id":"application-managesites-display-component---NewSite--addressDetailDetailsName1","interaction":{"idSuffix":"inner"}},"wdio_ui5_key":"applicationmanagesites-display-component---NewSite--addressDetailDetailsName1"}]}
RESULT: undefined
COMMAND: POST /session/042090a38166428896757e409ee94eb6/execute/async - {"script":"<script> [776 bytes]","args":[{"enterText":"Intercompany Site wdIO","selector":{"id":"application-managesites-display-component---NewSite--addressDetailDetailsName1","interaction":{"idSuffix":"inner"}},"clearTextFirst":true,"interactionType":"ENTER_TEXT"}]}
RESULT: {"script":"<script> [776 bytes]","args":[{"enterText":"Intercompany Site wdIO","selector":{"id":"application-managesites-display-component---NewSite--addressDetailDetailsName1","interaction":{"idSuffix":"inner"}},"clearTextFirst":true,"interactionType":"ENTER_TEXT"}]}
COMMAND: POST /session/042090a38166428896757e409ee94eb6/execute/async - {"script":"<script> [1562 bytes]","args":[{"selector":{"id":"application-managesites-display-component---NewSite--addressDetailDetailsLanguage-arrow"},"wdio_ui5_key":"applicationmanagesites-display-component---NewSite--addressDetailDetailsLanguage-arrow"}]}
RESULT: {"script":"<script> [1562 bytes]","args":[{"selector":{"id":"application-managesites-display-component---NewSite--addressDetailDetailsLanguage-arrow"},"wdio_ui5_key":"applicationmanagesites-display-component---NewSite--addressDetailDetailsLanguage-arrow"}]}
RESULT: undefined
COMMAND: POST /session/042090a38166428896757e409ee94eb6/element - {"using":"xpath","value":"//*[@id=\"application-managesites-display-component---NewSite--addressDetailDetailsLanguage-arrow\"]"}
RESULT: {"using":"xpath","value":"//*[@id=\"application-managesites-display-component---NewSite--addressDetailDetailsLanguage-arrow\"]"}
COMMAND: POST /session/042090a38166428896757e409ee94eb6/element/f.D57AB2C99AD4B5B06A6B5D4BC615C113.d.53DAEFD2C33C90E085CFD1E34E1F5CB8.e.5713/click - {}
RESULT: {}
COMMAND: POST /session/042090a38166428896757e409ee94eb6/element - {"using":"xpath","value":"//span[contains(text(), \"English\")]"}
COMMAND: GET /session/042090a38166428896757e409ee94eb6/screenshot - {}
RESULT: {"using":"xpath","value":"//span[contains(text(), \"English\")]"}
COMMAND: POST /session/042090a38166428896757e409ee94eb6/element/f.D57AB2C99AD4B5B06A6B5D4BC615C113.d.53DAEFD2C33C90E085CFD1E34E1F5CB8.e.5714/click - {}
RESULT: {}
RESULT: {}
COMMAND: POST /session/042090a38166428896757e409ee94eb6/execute/async - {"script":"<script> [1562 bytes]","args":[{"selector":{"id":"application-managesites-display-component---NewSite--addressDetailDetailsCity1","interaction":{"idSuffix":"inner"}},"wdio_ui5_key":"applicationmanagesites-display-component---NewSite--addressDetailDetailsCity1"}]}
COMMAND: GET /session/042090a38166428896757e409ee94eb6/screenshot - {}
RESULT: {"script":"<script> [1562 bytes]","args":[{"selector":{"id":"application-managesites-display-component---NewSite--addressDetailDetailsCity1","interaction":{"idSuffix":"inner"}},"wdio_ui5_key":"applicationmanagesites-display-component---NewSite--addressDetailDetailsCity1"}]}
RESULT: undefined
COMMAND: POST /session/042090a38166428896757e409ee94eb6/execute/async - {"script":"<script> [776 bytes]","args":[{"enterText":"Rosario","selector":{"id":"application-managesites-display-component---NewSite--addressDetailDetailsCity1","interaction":{"idSuffix":"inner"}},"clearTextFirst":true,"interactionType":"ENTER_TEXT"}]}
RESULT: {}
RESULT: {"script":"<script> [776 bytes]","args":[{"enterText":"Rosario","selector":{"id":"application-managesites-display-component---NewSite--addressDetailDetailsCity1","interaction":{"idSuffix":"inner"}},"clearTextFirst":true,"interactionType":"ENTER_TEXT"}]}
COMMAND: POST /session/042090a38166428896757e409ee94eb6/execute/async - {"script":"<script> [1562 bytes]","args":[{"selector":{"id":"application-managesites-display-component---NewSite--addressDetailDetailsCountry-arrow"},"wdio_ui5_key":"applicationmanagesites-display-component---NewSite--addressDetailDetailsCountry-arrow"}]}
RESULT: {"script":"<script> [1562 bytes]","args":[{"selector":{"id":"application-managesites-display-component---NewSite--addressDetailDetailsCountry-arrow"},"wdio_ui5_key":"applicationmanagesites-display-component---NewSite--addressDetailDetailsCountry-arrow"}]}
RESULT: undefined
COMMAND: POST /session/042090a38166428896757e409ee94eb6/element - {"using":"xpath","value":"//*[@id=\"application-managesites-display-component---NewSite--addressDetailDetailsCountry-arrow\"]"}
RESULT: {"using":"xpath","value":"//*[@id=\"application-managesites-display-component---NewSite--addressDetailDetailsCountry-arrow\"]"}
COMMAND: POST /session/042090a38166428896757e409ee94eb6/element/f.D57AB2C99AD4B5B06A6B5D4BC615C113.d.53DAEFD2C33C90E085CFD1E34E1F5CB8.e.5716/click - {}
RESULT: {}
COMMAND: POST /session/042090a38166428896757e409ee94eb6/element - {"using":"xpath","value":"//span[contains(text(), \"Argentina\")]"}
COMMAND: GET /session/042090a38166428896757e409ee94eb6/screenshot - {}
RESULT: {"using":"xpath","value":"//span[contains(text(), \"Argentina\")]"}
COMMAND: POST /session/042090a38166428896757e409ee94eb6/element/f.D57AB2C99AD4B5B06A6B5D4BC615C113.d.53DAEFD2C33C90E085CFD1E34E1F5CB8.e.5717/click - {}
RESULT: {}
RESULT: {}
COMMAND: GET /session/042090a38166428896757e409ee94eb6/screenshot - {}
RESULT: {}
COMMAND: POST /session/042090a38166428896757e409ee94eb6/execute/async - {"script":"<script> [1562 bytes]","args":[{"selector":{"id":"application-managesites-display-component---NewSite--addressEditDetailsCostObjectCstType-arrow"},"wdio_ui5_key":"applicationmanagesites-display-component---NewSite--addressEditDetailsCostObjectCstType-arrow"}]}
RESULT: {"script":"<script> [1562 bytes]","args":[{"selector":{"id":"application-managesites-display-component---NewSite--addressEditDetailsCostObjectCstType-arrow"},"wdio_ui5_key":"applicationmanagesites-display-component---NewSite--addressEditDetailsCostObjectCstType-arrow"}]}
RESULT: undefined
COMMAND: POST /session/042090a38166428896757e409ee94eb6/element - {"using":"xpath","value":"//*[@id=\"application-managesites-display-component---NewSite--addressEditDetailsCostObjectCstType-arrow\"]"}
RESULT: {"using":"xpath","value":"//*[@id=\"application-managesites-display-component---NewSite--addressEditDetailsCostObjectCstType-arrow\"]"}
COMMAND: POST /session/042090a38166428896757e409ee94eb6/element/f.D57AB2C99AD4B5B06A6B5D4BC615C113.d.53DAEFD2C33C90E085CFD1E34E1F5CB8.e.5719/click - {}
RESULT: {}
COMMAND: POST /session/042090a38166428896757e409ee94eb6/element - {"using":"xpath","value":"//span[contains(text(), \"Cost Center\")]"}
COMMAND: GET /session/042090a38166428896757e409ee94eb6/screenshot - {}
RESULT: {"using":"xpath","value":"//span[contains(text(), \"Cost Center\")]"}
COMMAND: POST /session/042090a38166428896757e409ee94eb6/element/f.D57AB2C99AD4B5B06A6B5D4BC615C113.d.53DAEFD2C33C90E085CFD1E34E1F5CB8.e.5720/click - {}
RESULT: {}
RESULT: {}
COMMAND: GET /session/042090a38166428896757e409ee94eb6/screenshot - {}
RESULT: {}
COMMAND: POST /session/042090a38166428896757e409ee94eb6/element - {"using":"xpath","value":"//span[@id=\"application-managesites-display-component---NewSite--addressNewCostObjectCstID-vhi\"]"}
RESULT: {"using":"xpath","value":"//span[@id=\"application-managesites-display-component---NewSite--addressNewCostObjectCstID-vhi\"]"}
COMMAND: POST /session/042090a38166428896757e409ee94eb6/execute/sync - {"script":"<script> [8489 bytes]","args":[{"element-6066-11e4-a52e-4f735466cecf":"f.D57AB2C99AD4B5B06A6B5D4BC615C113.d.53DAEFD2C33C90E085CFD1E34E1F5CB8.e.5725","ELEMENT":"f.D57AB2C99AD4B5B06A6B5D4BC615C113.d.53DAEFD2C33C90E085CFD1E34E1F5CB8.e.5725"}]}
RESULT: {"script":"<script> [8489 bytes]","args":[{"element-6066-11e4-a52e-4f735466cecf":"f.D57AB2C99AD4B5B06A6B5D4BC615C113.d.53DAEFD2C33C90E085CFD1E34E1F5CB8.e.5725","ELEMENT":"f.D57AB2C99AD4B5B06A6B5D4BC615C113.d.53DAEFD2C33C90E085CFD1E34E1F5CB8.e.5725"}]}
COMMAND: POST /session/042090a38166428896757e409ee94eb6/execute/async - {"script":"<script> [1562 bytes]","args":[{"selector":{"id":"application-managesites-display-component---NewSite--addressNewCostObjectCstID-vhi"},"wdio_ui5_key":"applicationmanagesites-display-component---NewSite--addressNewCostObjectCstID-vhi"}]}
COMMAND: GET /session/042090a38166428896757e409ee94eb6/screenshot - {}
RESULT: {"script":"<script> [1562 bytes]","args":[{"selector":{"id":"application-managesites-display-component---NewSite--addressNewCostObjectCstID-vhi"},"wdio_ui5_key":"applicationmanagesites-display-component---NewSite--addressNewCostObjectCstID-vhi"}]}
RESULT: undefined
COMMAND: POST /session/042090a38166428896757e409ee94eb6/element - {"using":"xpath","value":"//*[@id=\"application-managesites-display-component---NewSite--addressNewCostObjectCstID-vhi\"]"}
RESULT: {}
RESULT: {"using":"xpath","value":"//*[@id=\"application-managesites-display-component---NewSite--addressNewCostObjectCstID-vhi\"]"}
COMMAND: POST /session/042090a38166428896757e409ee94eb6/element/f.D57AB2C99AD4B5B06A6B5D4BC615C113.d.53DAEFD2C33C90E085CFD1E34E1F5CB8.e.5725/click - {}
RESULT: {}
COMMAND: GET /session/042090a38166428896757e409ee94eb6/screenshot - {}
RESULT: {}
RESULT: undefined
COMMAND: POST /session/042090a38166428896757e409ee94eb6/execute/async - {"script":"<script> [776 bytes]","args":[{"enterText":"10001013","selector":{"controlType":"sap.m.SearchField","properties":{"placeholder":"Search"},"searchOpenDialogs":true,"interaction":{"idSuffix":"I"}},"clearTextFirst":true,"interactionType":"ENTER_TEXT"}]}
RESULT: {"script":"<script> [776 bytes]","args":[{"enterText":"10001013","selector":{"controlType":"sap.m.SearchField","properties":{"placeholder":"Search"},"searchOpenDialogs":true,"interaction":{"idSuffix":"I"}},"clearTextFirst":true,"interactionType":"ENTER_TEXT"}]}
COMMAND: POST /session/042090a38166428896757e409ee94eb6/actions - {"actions":[{"id":"action16","type":"key","parameters":{},"actions":[{"type":"keyDown","value":"î€‡"},{"type":"pause","duration":10},{"type":"keyUp","value":"î€‡"}]}]}
RESULT: {"actions":[{"id":"action16","type":"key","parameters":{},"actions":[{"type":"keyDown","value":"î€‡"},{"type":"pause","duration":10},{"type":"keyUp","value":"î€‡"}]}]}
COMMAND: GET /session/042090a38166428896757e409ee94eb6/screenshot - {}
RESULT: {}
COMMAND: POST /session/042090a38166428896757e409ee94eb6/element - {"using":"xpath","value":"//span[contains(text(), \"General Management\")]"}
RESULT: {"using":"xpath","value":"//span[contains(text(), \"General Management\")]"}
COMMAND: POST /session/042090a38166428896757e409ee94eb6/element/f.D57AB2C99AD4B5B06A6B5D4BC615C113.d.53DAEFD2C33C90E085CFD1E34E1F5CB8.e.5764/click - {}
RESULT: {}
COMMAND: GET /session/042090a38166428896757e409ee94eb6/screenshot - {}
RESULT: {}
COMMAND: POST /session/042090a38166428896757e409ee94eb6/element - {"using":"xpath","value":"//bdi[contains(text(), \"OK\")]"}
RESULT: {"using":"xpath","value":"//bdi[contains(text(), \"OK\")]"}
COMMAND: POST /session/042090a38166428896757e409ee94eb6/element/f.D57AB2C99AD4B5B06A6B5D4BC615C113.d.53DAEFD2C33C90E085CFD1E34E1F5CB8.e.5765/click - {}
RESULT: {}
COMMAND: GET /session/042090a38166428896757e409ee94eb6/screenshot - {}
RESULT: {}
COMMAND: POST /session/042090a38166428896757e409ee94eb6/element - {"using":"xpath","value":"//input[@id=\"application-managesites-display-component---NewSite--addressDetailDetailsCalendar-inner\"]"}
RESULT: {"using":"xpath","value":"//input[@id=\"application-managesites-display-component---NewSite--addressDetailDetailsCalendar-inner\"]"}
COMMAND: POST /session/042090a38166428896757e409ee94eb6/element/f.D57AB2C99AD4B5B06A6B5D4BC615C113.d.53DAEFD2C33C90E085CFD1E34E1F5CB8.e.5510/clear - {}
RESULT: {}
COMMAND: POST /session/042090a38166428896757e409ee94eb6/element/f.D57AB2C99AD4B5B06A6B5D4BC615C113.d.53DAEFD2C33C90E085CFD1E34E1F5CB8.e.5510/value - {"text":"Unit"}
COMMAND: GET /session/042090a38166428896757e409ee94eb6/screenshot - {}
RESULT: {"text":"Unit"}
COMMAND: GET /session/042090a38166428896757e409ee94eb6/screenshot - {}
RESULT: {}
RESULT: {}
COMMAND: POST /session/042090a38166428896757e409ee94eb6/actions - {"actions":[{"id":"action17","type":"key","parameters":{},"actions":[{"type":"keyDown","value":"î€‡"},{"type":"pause","duration":10},{"type":"keyUp","value":"î€‡"}]}]}
RESULT: {"actions":[{"id":"action17","type":"key","parameters":{},"actions":[{"type":"keyDown","value":"î€‡"},{"type":"pause","duration":10},{"type":"keyUp","value":"î€‡"}]}]}
COMMAND: POST /session/042090a38166428896757e409ee94eb6/element - {"using":"xpath","value":"//input[@id=\"application-managesites-display-component---NewSite--addressDetailDetailsYard-inner\"]"}
COMMAND: GET /session/042090a38166428896757e409ee94eb6/screenshot - {}
RESULT: {"using":"xpath","value":"//input[@id=\"application-managesites-display-component---NewSite--addressDetailDetailsYard-inner\"]"}
COMMAND: POST /session/042090a38166428896757e409ee94eb6/element/f.D57AB2C99AD4B5B06A6B5D4BC615C113.d.53DAEFD2C33C90E085CFD1E34E1F5CB8.e.5511/clear - {}
RESULT: {}
RESULT: {}
COMMAND: POST /session/042090a38166428896757e409ee94eb6/element/f.D57AB2C99AD4B5B06A6B5D4BC615C113.d.53DAEFD2C33C90E085CFD1E34E1F5CB8.e.5511/value - {"text":"311"}
COMMAND: GET /session/042090a38166428896757e409ee94eb6/screenshot - {}
RESULT: {"text":"311"}
COMMAND: GET /session/042090a38166428896757e409ee94eb6/screenshot - {}
RESULT: {}
RESULT: {}
COMMAND: POST /session/042090a38166428896757e409ee94eb6/element - {"using":"xpath","value":"//li[.//span[text()='311']]"}
RESULT: {"using":"xpath","value":"//li[.//span[text()='311']]"}
COMMAND: POST /session/042090a38166428896757e409ee94eb6/element/f.D57AB2C99AD4B5B06A6B5D4BC615C113.d.53DAEFD2C33C90E085CFD1E34E1F5CB8.e.5773/click - {}
RESULT: {}
COMMAND: GET /session/042090a38166428896757e409ee94eb6/screenshot - {}
RESULT: {}
COMMAND: POST /session/042090a38166428896757e409ee94eb6/element - {"using":"xpath","value":"//input[@id=\"application-managesites-display-component---NewSite--addressDetailDetailsPartner-inner\"]"}
RESULT: {"using":"xpath","value":"//input[@id=\"application-managesites-display-component---NewSite--addressDetailDetailsPartner-inner\"]"}
COMMAND: POST /session/042090a38166428896757e409ee94eb6/element - {"using":"xpath","value":"//input[@id=\"application-managesites-display-component---NewSite--addressDetailDetailsPartner-inner\"]"}
RESULT: {"using":"xpath","value":"//input[@id=\"application-managesites-display-component---NewSite--addressDetailDetailsPartner-inner\"]"}
COMMAND: POST /session/042090a38166428896757e409ee94eb6/element - {"using":"xpath","value":"//button[@data-kt=\"saveButton\"]"}
RESULT: {"using":"xpath","value":"//button[@data-kt=\"saveButton\"]"}
COMMAND: POST /session/042090a38166428896757e409ee94eb6/element/f.D57AB2C99AD4B5B06A6B5D4BC615C113.d.53DAEFD2C33C90E085CFD1E34E1F5CB8.e.5706/click - {}
RESULT: {}
COMMAND: GET /session/042090a38166428896757e409ee94eb6/screenshot - {}
COMMAND: POST /session/042090a38166428896757e409ee94eb6/element - {"using":"xpath","value":"//header[contains(@id, 'ObjectPageLayout-headerTitle')]/div[1]/div[2]/div[2]/span[1]"}
RESULT: {}
RESULT: {"using":"xpath","value":"//header[contains(@id, 'ObjectPageLayout-headerTitle')]/div[1]/div[2]/div[2]/span[1]"}
COMMAND: POST /session/042090a38166428896757e409ee94eb6/elements - {"using":"xpath","value":"//header[contains(@id, 'ObjectPageLayout-headerTitle')]/div[1]/div[2]/div[2]/span[1]"}
RESULT: {"using":"xpath","value":"//header[contains(@id, 'ObjectPageLayout-headerTitle')]/div[1]/div[2]/div[2]/span[1]"}
COMMAND: POST /session/042090a38166428896757e409ee94eb6/execute/sync - {"script":"<script> [56 bytes]","args":[{"element-6066-11e4-a52e-4f735466cecf":"f.D57AB2C99AD4B5B06A6B5D4BC615C113.d.53DAEFD2C33C90E085CFD1E34E1F5CB8.e.5975","ELEMENT":"f.D57AB2C99AD4B5B06A6B5D4BC615C113.d.53DAEFD2C33C90E085CFD1E34E1F5CB8.e.5975"}]}
RESULT: {"script":"<script> [56 bytes]","args":[{"element-6066-11e4-a52e-4f735466cecf":"f.D57AB2C99AD4B5B06A6B5D4BC615C113.d.53DAEFD2C33C90E085CFD1E34E1F5CB8.e.5975","ELEMENT":"f.D57AB2C99AD4B5B06A6B5D4BC615C113.d.53DAEFD2C33C90E085CFD1E34E1F5CB8.e.5975"}]}
COMMAND: POST /session/042090a38166428896757e409ee94eb6/element - {"using":"css selector","value":"#shell-header-logo"}
COMMAND: GET /session/042090a38166428896757e409ee94eb6/screenshot - {}
RESULT: {"using":"css selector","value":"#shell-header-logo"}
COMMAND: POST /session/042090a38166428896757e409ee94eb6/element/f.D57AB2C99AD4B5B06A6B5D4BC615C113.d.53DAEFD2C33C90E085CFD1E34E1F5CB8.e.5275/click - {}
RESULT: {}
RESULT: {}
COMMAND: GET /session/042090a38166428896757e409ee94eb6/screenshot - {}
RESULT: {}
COMMAND: POST /session/042090a38166428896757e409ee94eb6/execute/sync - {"script":"<script> [299 bytes]","args":[["getModel","getResource"]]}
RESULT: {"script":"<script> [299 bytes]","args":[["getModel","getResource"]]}
COMMAND: POST /session/042090a38166428896757e409ee94eb6/element - {"using":"xpath","value":"//button[.//bdi[contains(text(), \"Close\")]]"}
COMMAND: GET /session/042090a38166428896757e409ee94eb6/screenshot - {}
RESULT: {"using":"xpath","value":"//button[.//bdi[contains(text(), \"Close\")]]"}
COMMAND: POST /session/042090a38166428896757e409ee94eb6/element/f.D57AB2C99AD4B5B06A6B5D4BC615C113.d.53DAEFD2C33C90E085CFD1E34E1F5CB8.e.5978/click - {}
RESULT: {}
RESULT: {}
COMMAND: GET /session/042090a38166428896757e409ee94eb6/screenshot - {}
RESULT: {}
COMMAND: POST /session/042090a38166428896757e409ee94eb6/refresh - {}
RESULT: {}
COMMAND: GET /session/042090a38166428896757e409ee94eb6/screenshot - {}
RESULT: {}
COMMAND: POST /session/042090a38166428896757e409ee94eb6/refresh - {}
RESULT: {}
COMMAND: GET /session/042090a38166428896757e409ee94eb6/screenshot - {}
RESULT: {}
COMMAND: POST /session/042090a38166428896757e409ee94eb6/window/fullscreen - {}
RESULT: {}
COMMAND: POST /session/042090a38166428896757e409ee94eb6/execute/async - {"script":"<script> [189 bytes]","args":[]}
RESULT: {"script":"<script> [189 bytes]","args":[]}
COMMAND: POST /session/042090a38166428896757e409ee94eb6/execute/async - {"script":"<script> [123 bytes]","args":[]}
RESULT: {"script":"<script> [123 bytes]","args":[]}
COMMAND: POST /session/042090a38166428896757e409ee94eb6/timeouts - {"script":"<number>"}
RESULT: {"script":"<number>"}
COMMAND: GET /session/042090a38166428896757e409ee94eb6/timeouts - {}
RESULT: {}
RESULT: undefined
COMMAND: POST /session/042090a38166428896757e409ee94eb6/execute/async - {"script":"<script> [2676 bytes]","args":[]}
RESULT: {"script":"<script> [2676 bytes]","args":[]}
COMMAND: POST /session/042090a38166428896757e409ee94eb6/execute/async - {"script":"<script> [2342 bytes]","args":[{"protocol":"http","hostname":"0.0.0.0","path":"/","capabilities":{"browserName":"chrome","goog:chromeOptions":{"binary":"C:\\Program Files\\Google\\Chrome\\Application\\chrome.exe","args":["--start-maximized"]}},"logLevel":"warn","connectionRetryTimeout":120000,"connectionRetryCount":3,"logLevels":{},"enableDirectConnect":true,"strictSSL":true,"_":"65 more keys: [\"cacheDir\",\"port\",\"requestedCapabilities\",\"automationProtocol\",\"baseUrl\",\"waitforInterval\",\"waitforTimeout\",\"onReload\",\"beforeCommand\",\"afterCommand\",\"rootDir\",\"specs\",\"suites\",\"exclude\",\"groupLogsByTestSpec\",\"excludeDriverLogs\",\"bail\",\"framework\",\"reporters\",\"services\",\"maxInstances\",\"maxInstancesPerCapability\",\"injectGlobals\",\"filesToWatch\",\"execArgv\",\"runnerEnv\",\"runner\",\"shard\",\"specFileRetries\",\"specFileRetriesDelay\",\"specFileRetriesDeferred\",\"reporterSyncInterval\",\"reporterSyncTimeout\",\"cucumberFeaturesWithLineNumbers\",\"autoCompileOpts\",\"mochaOpts\",\"jasmineOpts\",\"cucumberOpts\",\"onPrepare\",\"onWorkerStart\",\"onWorkerEnd\",\"before\",\"beforeSession\",\"beforeSuite\",\"beforeHook\",\"beforeTest\",\"afterTest\",\"afterHook\",\"afterSuite\",\"afterSession\",\"after\",\"onComplete\",\"beforeAssertion\",\"afterAssertion\",\"beforeFeature\",\"beforeScenario\",\"beforeStep\",\"afterStep\",\"afterScenario\",\"afterFeature\",\"_\",\"suite\",\"$0\",\"ignoredWorkerServices\",\"wdi5\"]"}]}
RESULT: {"script":"<script> [2342 bytes]","args":[{"protocol":"http","hostname":"0.0.0.0","path":"/","capabilities":{"browserName":"chrome","goog:chromeOptions":{"binary":"C:\\Program Files\\Google\\Chrome\\Application\\chrome.exe","args":["--start-maximized"]}},"logLevel":"warn","connectionRetryTimeout":120000,"connectionRetryCount":3,"logLevels":{},"enableDirectConnect":true,"strictSSL":true,"_":"65 more keys: [\"cacheDir\",\"port\",\"requestedCapabilities\",\"automationProtocol\",\"baseUrl\",\"waitforInterval\",\"waitforTimeout\",\"onReload\",\"beforeCommand\",\"afterCommand\",\"rootDir\",\"specs\",\"suites\",\"exclude\",\"groupLogsByTestSpec\",\"excludeDriverLogs\",\"bail\",\"framework\",\"reporters\",\"services\",\"maxInstances\",\"maxInstancesPerCapability\",\"injectGlobals\",\"filesToWatch\",\"execArgv\",\"runnerEnv\",\"runner\",\"shard\",\"specFileRetries\",\"specFileRetriesDelay\",\"specFileRetriesDeferred\",\"reporterSyncInterval\",\"reporterSyncTimeout\",\"cucumberFeaturesWithLineNumbers\",\"autoCompileOpts\",\"mochaOpts\",\"jasmineOpts\",\"cucumberOpts\",\"onPrepare\",\"onWorkerStart\",\"onWorkerEnd\",\"before\",\"beforeSession\",\"beforeSuite\",\"beforeHook\",\"beforeTest\",\"afterTest\",\"afterHook\",\"afterSuite\",\"afterSession\",\"after\",\"onComplete\",\"beforeAssertion\",\"afterAssertion\",\"beforeFeature\",\"beforeScenario\",\"beforeStep\",\"afterStep\",\"afterScenario\",\"afterFeature\",\"_\",\"suite\",\"$0\",\"ignoredWorkerServices\",\"wdi5\"]"}]}
COMMAND: POST /session/042090a38166428896757e409ee94eb6/execute/async - {"script":"<script> [21126 bytes]","args":[35000]}
RESULT: {"script":"<script> [21126 bytes]","args":[35000]}
COMMAND: POST /session/042090a38166428896757e409ee94eb6/window/fullscreen - {}
RESULT: {}
]]></system-out>
    </testcase>
  </testsuite>
  <testsuite timestamp="2025-04-28T06:54:13" time="616.574" tests="13" failures="10" errors="10" skipped="0">
    <properties>
      <property name="specId" value="0" />
      <property name="suiteName" value="Performance based billing (work days) US139742" />
      <property name="capabilities" value="chrome.135_0_7049_96.windows" />
      <property name="file" value="file:///D:/a/1/s/test/specs/BTS/billing-performance-workdays.spec.js" />
    </properties>
    <testcase classname="chrome.135_0_7049_96.windows.Performance_based_billing_(work_days)_US139742" name="Should create a new yard" time="0.014">
      <system-out><![CDATA[
COMMAND: POST /session/042090a38166428896757e409ee94eb6/window/fullscreen - {}
RESULT: {}
]]></system-out>
    </testcase>
    <testcase classname="chrome.135_0_7049_96.windows.Performance_based_billing_(work_days)_US139742" name="Should create a new partner" time="0.004" />
    <testcase classname="chrome.135_0_7049_96.windows.Performance_based_billing_(work_days)_US139742" name="Should create a new site" time="0.004" />
  </testsuite>
  <testsuite timestamp="2025-04-28T07:04:30" time="1091.923" tests="20" failures="17" errors="17" skipped="0">
    <properties>
      <property name="specId" value="0" />
      <property name="suiteName" value="Billing Calculation - Time based (considering transport times) US139738" />
      <property name="capabilities" value="chrome.135_0_7049_96.windows" />
      <property name="file" value="file:///D:/a/1/s/test/specs/BTS/billing-calculation-transp-times.spec.js" />
    </properties>
    <testcase classname="chrome.135_0_7049_96.windows.Billing_Calculation_-_Time_based_(considering_transport_times)_US139738" name="Should create a new yard" time="0.013">
      <system-out><![CDATA[
COMMAND: POST /session/042090a38166428896757e409ee94eb6/window/fullscreen - {}
RESULT: {}
]]></system-out>
    </testcase>
    <testcase classname="chrome.135_0_7049_96.windows.Billing_Calculation_-_Time_based_(considering_transport_times)_US139738" name="Should create a new partner" time="0.004" />
    <testcase classname="chrome.135_0_7049_96.windows.Billing_Calculation_-_Time_based_(considering_transport_times)_US139738" name="Should create a new site" time="0.004" />
  </testsuite>
</testsuites>