<?xml version="1.0" encoding="UTF-8"?>
<testsuites tests="58" failures="31" errors="31" skipped="0">
  <testsuite timestamp="2025-05-31T17:06:02" time="1042.408" tests="11" failures="5" errors="5" skipped="0">
    <properties>
      <property name="specId" value="0"/>
      <property name="suiteName" value="Billing confirm US117289"/>
      <property name="capabilities" value="chrome.136_0_7103_93.windows"/>
      <property name="file" value="file:///D:/a/1/s/test/specs/BTS/billing-confirm.spec.js"/>
    </properties>
    <testcase classname="chrome.136_0_7103_93.windows.Billing_confirm_US117289" name="Should create a new yard" time="115.09">
      <system-out><![CDATA[
COMMAND: POST /session/f2510c46535a82282fd70196afe2e571/window/fullscreen - {}
RESULT: {}
COMMAND: POST /session/f2510c46535a82282fd70196afe2e571/execute/async - {"script":"<script> [1562 bytes]","args":[{"selector":{"controlType":"sap.m.GenericTile","properties":{"header":"Manage Yards"}},"wdio_ui5_key":"sapm.GenericTile{\"header\":\"Manage Yards\"}"}]}
RESULT: {"script":"<script> [1562 bytes]","args":[{"selector":{"controlType":"sap.m.GenericTile","properties":{"header":"Manage Yards"}},"wdio_ui5_key":"sapm.GenericTile{\"header\":\"Manage Yards\"}"}]}
RESULT: undefined
COMMAND: POST /session/f2510c46535a82282fd70196afe2e571/element - {"using":"xpath","value":"//*[@id=\"__tile41\"]"}
RESULT: {"using":"xpath","value":"//*[@id=\"__tile41\"]"}
COMMAND: POST /session/f2510c46535a82282fd70196afe2e571/element/f.F7DC0DCC1AEA5B11728C456D26A3F950.d.F0AA6564088CBE46566A36EE2DDE94D1.e.166/click - {}
RESULT: {}
COMMAND: GET /session/f2510c46535a82282fd70196afe2e571/screenshot - {}
RESULT: {}
COMMAND: POST /session/f2510c46535a82282fd70196afe2e571/elements - {"using":"xpath","value":"//span[text()='Error']"}
RESULT: {"using":"xpath","value":"//span[text()='Error']"}
COMMAND: POST /session/f2510c46535a82282fd70196afe2e571/element - {"using":"xpath","value":"//button[@data-kt=\"addNewYardOverflowToolbarButton\"]"}
RESULT: {"using":"xpath","value":"//button[@data-kt=\"addNewYardOverflowToolbarButton\"]"}
COMMAND: POST /session/f2510c46535a82282fd70196afe2e571/elements - {"using":"xpath","value":"//button[@data-kt=\"addNewYardOverflowToolbarButton\"]"}
RESULT: {"using":"xpath","value":"//button[@data-kt=\"addNewYardOverflowToolbarButton\"]"}
COMMAND: POST /session/f2510c46535a82282fd70196afe2e571/execute/sync - {"script":"<script> [8489 bytes]","args":[{"element-6066-11e4-a52e-4f735466cecf":"f.F7DC0DCC1AEA5B11728C456D26A3F950.d.F0AA6564088CBE46566A36EE2DDE94D1.e.292","ELEMENT":"f.F7DC0DCC1AEA5B11728C456D26A3F950.d.F0AA6564088CBE46566A36EE2DDE94D1.e.292"}]}
RESULT: {"script":"<script> [8489 bytes]","args":[{"element-6066-11e4-a52e-4f735466cecf":"f.F7DC0DCC1AEA5B11728C456D26A3F950.d.F0AA6564088CBE46566A36EE2DDE94D1.e.292","ELEMENT":"f.F7DC0DCC1AEA5B11728C456D26A3F950.d.F0AA6564088CBE46566A36EE2DDE94D1.e.292"}]}
COMMAND: GET /session/f2510c46535a82282fd70196afe2e571/element/f.F7DC0DCC1AEA5B11728C456D26A3F950.d.F0AA6564088CBE46566A36EE2DDE94D1.e.292/enabled - {}
COMMAND: GET /session/f2510c46535a82282fd70196afe2e571/screenshot - {}
RESULT: {}
COMMAND: POST /session/f2510c46535a82282fd70196afe2e571/execute/sync - {"script":"<script> [8489 bytes]","args":[{"element-6066-11e4-a52e-4f735466cecf":"f.F7DC0DCC1AEA5B11728C456D26A3F950.d.F0AA6564088CBE46566A36EE2DDE94D1.e.292","ELEMENT":"f.F7DC0DCC1AEA5B11728C456D26A3F950.d.F0AA6564088CBE46566A36EE2DDE94D1.e.292"}]}
COMMAND: GET /session/f2510c46535a82282fd70196afe2e571/screenshot - {}
RESULT: {}
RESULT: {"script":"<script> [8489 bytes]","args":[{"element-6066-11e4-a52e-4f735466cecf":"f.F7DC0DCC1AEA5B11728C456D26A3F950.d.F0AA6564088CBE46566A36EE2DDE94D1.e.292","ELEMENT":"f.F7DC0DCC1AEA5B11728C456D26A3F950.d.F0AA6564088CBE46566A36EE2DDE94D1.e.292"}]}
COMMAND: POST /session/f2510c46535a82282fd70196afe2e571/execute/sync - {"script":"<script> [5351 bytes]","args":[{"element-6066-11e4-a52e-4f735466cecf":"f.F7DC0DCC1AEA5B11728C456D26A3F950.d.F0AA6564088CBE46566A36EE2DDE94D1.e.292","ELEMENT":"f.F7DC0DCC1AEA5B11728C456D26A3F950.d.F0AA6564088CBE46566A36EE2DDE94D1.e.292"}]}
COMMAND: GET /session/f2510c46535a82282fd70196afe2e571/screenshot - {}
RESULT: {}
RESULT: {"script":"<script> [5351 bytes]","args":[{"element-6066-11e4-a52e-4f735466cecf":"f.F7DC0DCC1AEA5B11728C456D26A3F950.d.F0AA6564088CBE46566A36EE2DDE94D1.e.292","ELEMENT":"f.F7DC0DCC1AEA5B11728C456D26A3F950.d.F0AA6564088CBE46566A36EE2DDE94D1.e.292"}]}
COMMAND: POST /session/f2510c46535a82282fd70196afe2e571/element/f.F7DC0DCC1AEA5B11728C456D26A3F950.d.F0AA6564088CBE46566A36EE2DDE94D1.e.292/click - {}
COMMAND: GET /session/f2510c46535a82282fd70196afe2e571/screenshot - {}
RESULT: {}
RESULT: {}
COMMAND: GET /session/f2510c46535a82282fd70196afe2e571/screenshot - {}
RESULT: {}
RESULT: {}
COMMAND: POST /session/f2510c46535a82282fd70196afe2e571/element - {"using":"xpath","value":"//input[@id=\"application-manageyards-display-component---NewYard--yardId-inner\"]"}
RESULT: {"using":"xpath","value":"//input[@id=\"application-manageyards-display-component---NewYard--yardId-inner\"]"}
COMMAND: POST /session/f2510c46535a82282fd70196afe2e571/element - {"using":"xpath","value":"//input[@id=\"application-manageyards-display-component---NewYard--yardId-inner\"]"}
RESULT: {"using":"xpath","value":"//input[@id=\"application-manageyards-display-component---NewYard--yardId-inner\"]"}
COMMAND: POST /session/f2510c46535a82282fd70196afe2e571/execute/async - {"script":"<script> [1562 bytes]","args":[{"selector":{"id":"application-manageyards-display-component---NewYard--addressDetailDetailsName1","interaction":{"idSuffix":"inner"}},"wdio_ui5_key":"applicationmanageyards-display-component---NewYard--addressDetailDetailsName1"}]}
RESULT: {"script":"<script> [1562 bytes]","args":[{"selector":{"id":"application-manageyards-display-component---NewYard--addressDetailDetailsName1","interaction":{"idSuffix":"inner"}},"wdio_ui5_key":"applicationmanageyards-display-component---NewYard--addressDetailDetailsName1"}]}
RESULT: undefined
COMMAND: POST /session/f2510c46535a82282fd70196afe2e571/execute/async - {"script":"<script> [776 bytes]","args":[{"enterText":"Intracompany Yard wdIO","selector":{"id":"application-manageyards-display-component---NewYard--addressDetailDetailsName1","interaction":{"idSuffix":"inner"}},"clearTextFirst":true,"interactionType":"ENTER_TEXT"}]}
RESULT: {"script":"<script> [776 bytes]","args":[{"enterText":"Intracompany Yard wdIO","selector":{"id":"application-manageyards-display-component---NewYard--addressDetailDetailsName1","interaction":{"idSuffix":"inner"}},"clearTextFirst":true,"interactionType":"ENTER_TEXT"}]}
COMMAND: POST /session/f2510c46535a82282fd70196afe2e571/execute/async - {"script":"<script> [1562 bytes]","args":[{"selector":{"id":"application-manageyards-display-component---NewYard--addressDetailDetailsLanguage-arrow"},"wdio_ui5_key":"applicationmanageyards-display-component---NewYard--addressDetailDetailsLanguage-arrow"}]}
RESULT: {"script":"<script> [1562 bytes]","args":[{"selector":{"id":"application-manageyards-display-component---NewYard--addressDetailDetailsLanguage-arrow"},"wdio_ui5_key":"applicationmanageyards-display-component---NewYard--addressDetailDetailsLanguage-arrow"}]}
RESULT: undefined
COMMAND: POST /session/f2510c46535a82282fd70196afe2e571/element - {"using":"xpath","value":"//*[@id=\"application-manageyards-display-component---NewYard--addressDetailDetailsLanguage-arrow\"]"}
RESULT: {"using":"xpath","value":"//*[@id=\"application-manageyards-display-component---NewYard--addressDetailDetailsLanguage-arrow\"]"}
COMMAND: POST /session/f2510c46535a82282fd70196afe2e571/element/f.F7DC0DCC1AEA5B11728C456D26A3F950.d.F0AA6564088CBE46566A36EE2DDE94D1.e.723/click - {}
RESULT: {}
COMMAND: POST /session/f2510c46535a82282fd70196afe2e571/element - {"using":"xpath","value":"//span[contains(text(), \"English\")]"}
COMMAND: GET /session/f2510c46535a82282fd70196afe2e571/screenshot - {}
RESULT: {"using":"xpath","value":"//span[contains(text(), \"English\")]"}
COMMAND: POST /session/f2510c46535a82282fd70196afe2e571/element/f.F7DC0DCC1AEA5B11728C456D26A3F950.d.F0AA6564088CBE46566A36EE2DDE94D1.e.724/click - {}
RESULT: {}
RESULT: {}
COMMAND: POST /session/f2510c46535a82282fd70196afe2e571/execute/async - {"script":"<script> [1562 bytes]","args":[{"selector":{"id":"application-manageyards-display-component---NewYard--addressDetailDetailsCity1","interaction":{"idSuffix":"inner"}},"wdio_ui5_key":"applicationmanageyards-display-component---NewYard--addressDetailDetailsCity1"}]}
COMMAND: GET /session/f2510c46535a82282fd70196afe2e571/screenshot - {}
RESULT: {"script":"<script> [1562 bytes]","args":[{"selector":{"id":"application-manageyards-display-component---NewYard--addressDetailDetailsCity1","interaction":{"idSuffix":"inner"}},"wdio_ui5_key":"applicationmanageyards-display-component---NewYard--addressDetailDetailsCity1"}]}
RESULT: undefined
COMMAND: POST /session/f2510c46535a82282fd70196afe2e571/execute/async - {"script":"<script> [776 bytes]","args":[{"enterText":"Rosario","selector":{"id":"application-manageyards-display-component---NewYard--addressDetailDetailsCity1","interaction":{"idSuffix":"inner"}},"clearTextFirst":true,"interactionType":"ENTER_TEXT"}]}
RESULT: {}
RESULT: {"script":"<script> [776 bytes]","args":[{"enterText":"Rosario","selector":{"id":"application-manageyards-display-component---NewYard--addressDetailDetailsCity1","interaction":{"idSuffix":"inner"}},"clearTextFirst":true,"interactionType":"ENTER_TEXT"}]}
COMMAND: POST /session/f2510c46535a82282fd70196afe2e571/execute/async - {"script":"<script> [1562 bytes]","args":[{"selector":{"id":"application-manageyards-display-component---NewYard--addressDetailDetailsCountry-arrow"},"wdio_ui5_key":"applicationmanageyards-display-component---NewYard--addressDetailDetailsCountry-arrow"}]}
RESULT: {"script":"<script> [1562 bytes]","args":[{"selector":{"id":"application-manageyards-display-component---NewYard--addressDetailDetailsCountry-arrow"},"wdio_ui5_key":"applicationmanageyards-display-component---NewYard--addressDetailDetailsCountry-arrow"}]}
RESULT: undefined
COMMAND: POST /session/f2510c46535a82282fd70196afe2e571/element - {"using":"xpath","value":"//*[@id=\"application-manageyards-display-component---NewYard--addressDetailDetailsCountry-arrow\"]"}
RESULT: {"using":"xpath","value":"//*[@id=\"application-manageyards-display-component---NewYard--addressDetailDetailsCountry-arrow\"]"}
COMMAND: POST /session/f2510c46535a82282fd70196afe2e571/element/f.F7DC0DCC1AEA5B11728C456D26A3F950.d.F0AA6564088CBE46566A36EE2DDE94D1.e.726/click - {}
RESULT: {}
COMMAND: POST /session/f2510c46535a82282fd70196afe2e571/element - {"using":"xpath","value":"//span[contains(text(), \"Argentina\")]"}
COMMAND: GET /session/f2510c46535a82282fd70196afe2e571/screenshot - {}
RESULT: {"using":"xpath","value":"//span[contains(text(), \"Argentina\")]"}
COMMAND: POST /session/f2510c46535a82282fd70196afe2e571/element/f.F7DC0DCC1AEA5B11728C456D26A3F950.d.F0AA6564088CBE46566A36EE2DDE94D1.e.727/click - {}
RESULT: {}
RESULT: {}
COMMAND: POST /session/f2510c46535a82282fd70196afe2e571/execute/async - {"script":"<script> [1562 bytes]","args":[{"selector":{"id":"application-manageyards-display-component---NewYard--addressEditDetailsCostObjectCstType-arrow"},"wdio_ui5_key":"applicationmanageyards-display-component---NewYard--addressEditDetailsCostObjectCstType-arrow"}]}
COMMAND: GET /session/f2510c46535a82282fd70196afe2e571/screenshot - {}
RESULT: {"script":"<script> [1562 bytes]","args":[{"selector":{"id":"application-manageyards-display-component---NewYard--addressEditDetailsCostObjectCstType-arrow"},"wdio_ui5_key":"applicationmanageyards-display-component---NewYard--addressEditDetailsCostObjectCstType-arrow"}]}
RESULT: undefined
COMMAND: POST /session/f2510c46535a82282fd70196afe2e571/element - {"using":"xpath","value":"//*[@id=\"application-manageyards-display-component---NewYard--addressEditDetailsCostObjectCstType-arrow\"]"}
RESULT: {}
RESULT: {"using":"xpath","value":"//*[@id=\"application-manageyards-display-component---NewYard--addressEditDetailsCostObjectCstType-arrow\"]"}
COMMAND: POST /session/f2510c46535a82282fd70196afe2e571/element/f.F7DC0DCC1AEA5B11728C456D26A3F950.d.F0AA6564088CBE46566A36EE2DDE94D1.e.729/click - {}
RESULT: {}
COMMAND: POST /session/f2510c46535a82282fd70196afe2e571/element - {"using":"xpath","value":"//span[contains(text(), \"Cost Center\")]"}
COMMAND: GET /session/f2510c46535a82282fd70196afe2e571/screenshot - {}
RESULT: {"using":"xpath","value":"//span[contains(text(), \"Cost Center\")]"}
COMMAND: POST /session/f2510c46535a82282fd70196afe2e571/element/f.F7DC0DCC1AEA5B11728C456D26A3F950.d.F0AA6564088CBE46566A36EE2DDE94D1.e.730/click - {}
RESULT: {}
RESULT: {}
COMMAND: GET /session/f2510c46535a82282fd70196afe2e571/screenshot - {}
RESULT: {}
COMMAND: POST /session/f2510c46535a82282fd70196afe2e571/element - {"using":"xpath","value":"//span[@id=\"application-manageyards-display-component---NewYard--addressNewCostObjectCstID-vhi\"]"}
RESULT: {"using":"xpath","value":"//span[@id=\"application-manageyards-display-component---NewYard--addressNewCostObjectCstID-vhi\"]"}
COMMAND: POST /session/f2510c46535a82282fd70196afe2e571/execute/sync - {"script":"<script> [8489 bytes]","args":[{"element-6066-11e4-a52e-4f735466cecf":"f.F7DC0DCC1AEA5B11728C456D26A3F950.d.F0AA6564088CBE46566A36EE2DDE94D1.e.734","ELEMENT":"f.F7DC0DCC1AEA5B11728C456D26A3F950.d.F0AA6564088CBE46566A36EE2DDE94D1.e.734"}]}
RESULT: {"script":"<script> [8489 bytes]","args":[{"element-6066-11e4-a52e-4f735466cecf":"f.F7DC0DCC1AEA5B11728C456D26A3F950.d.F0AA6564088CBE46566A36EE2DDE94D1.e.734","ELEMENT":"f.F7DC0DCC1AEA5B11728C456D26A3F950.d.F0AA6564088CBE46566A36EE2DDE94D1.e.734"}]}
COMMAND: POST /session/f2510c46535a82282fd70196afe2e571/execute/async - {"script":"<script> [1562 bytes]","args":[{"selector":{"id":"application-manageyards-display-component---NewYard--addressNewCostObjectCstID-vhi"},"wdio_ui5_key":"applicationmanageyards-display-component---NewYard--addressNewCostObjectCstID-vhi"}]}
COMMAND: GET /session/f2510c46535a82282fd70196afe2e571/screenshot - {}
RESULT: {"script":"<script> [1562 bytes]","args":[{"selector":{"id":"application-manageyards-display-component---NewYard--addressNewCostObjectCstID-vhi"},"wdio_ui5_key":"applicationmanageyards-display-component---NewYard--addressNewCostObjectCstID-vhi"}]}
RESULT: undefined
COMMAND: POST /session/f2510c46535a82282fd70196afe2e571/element - {"using":"xpath","value":"//*[@id=\"application-manageyards-display-component---NewYard--addressNewCostObjectCstID-vhi\"]"}
RESULT: {}
RESULT: {"using":"xpath","value":"//*[@id=\"application-manageyards-display-component---NewYard--addressNewCostObjectCstID-vhi\"]"}
COMMAND: POST /session/f2510c46535a82282fd70196afe2e571/element/f.F7DC0DCC1AEA5B11728C456D26A3F950.d.F0AA6564088CBE46566A36EE2DDE94D1.e.734/click - {}
RESULT: {}
COMMAND: GET /session/f2510c46535a82282fd70196afe2e571/screenshot - {}
RESULT: {}
COMMAND: POST /session/f2510c46535a82282fd70196afe2e571/execute/async - {"script":"<script> [1562 bytes]","args":[{"selector":{"controlType":"sap.m.SearchField","properties":{"placeholder":"Search"},"searchOpenDialogs":true,"interaction":{"idSuffix":"I"}},"wdio_ui5_key":"sapm.SearchField{\"placeholder\":\"Search\"}"}]}
RESULT: {"script":"<script> [1562 bytes]","args":[{"selector":{"controlType":"sap.m.SearchField","properties":{"placeholder":"Search"},"searchOpenDialogs":true,"interaction":{"idSuffix":"I"}},"wdio_ui5_key":"sapm.SearchField{\"placeholder\":\"Search\"}"}]}
RESULT: undefined
COMMAND: POST /session/f2510c46535a82282fd70196afe2e571/execute/async - {"script":"<script> [776 bytes]","args":[{"enterText":"bauh_b","selector":{"controlType":"sap.m.SearchField","properties":{"placeholder":"Search"},"searchOpenDialogs":true,"interaction":{"idSuffix":"I"}},"clearTextFirst":true,"interactionType":"ENTER_TEXT"}]}
RESULT: {"script":"<script> [776 bytes]","args":[{"enterText":"bauh_b","selector":{"controlType":"sap.m.SearchField","properties":{"placeholder":"Search"},"searchOpenDialogs":true,"interaction":{"idSuffix":"I"}},"clearTextFirst":true,"interactionType":"ENTER_TEXT"}]}
COMMAND: POST /session/f2510c46535a82282fd70196afe2e571/actions - {"actions":[{"id":"action1","type":"key","parameters":{},"actions":[{"type":"keyDown","value":""},{"type":"pause","duration":10},{"type":"keyUp","value":""}]}]}
RESULT: {"actions":[{"id":"action1","type":"key","parameters":{},"actions":[{"type":"keyDown","value":""},{"type":"pause","duration":10},{"type":"keyUp","value":""}]}]}
COMMAND: GET /session/f2510c46535a82282fd70196afe2e571/screenshot - {}
RESULT: {}
COMMAND: POST /session/f2510c46535a82282fd70196afe2e571/element - {"using":"xpath","value":"//span[contains(text(), \"Demo Yard\")]"}
RESULT: {"using":"xpath","value":"//span[contains(text(), \"Demo Yard\")]"}
COMMAND: POST /session/f2510c46535a82282fd70196afe2e571/element/f.F7DC0DCC1AEA5B11728C456D26A3F950.d.F0AA6564088CBE46566A36EE2DDE94D1.e.774/click - {}
RESULT: {}
COMMAND: GET /session/f2510c46535a82282fd70196afe2e571/screenshot - {}
RESULT: {}
COMMAND: POST /session/f2510c46535a82282fd70196afe2e571/element - {"using":"xpath","value":"//bdi[contains(text(), \"OK\")]"}
RESULT: {"using":"xpath","value":"//bdi[contains(text(), \"OK\")]"}
COMMAND: POST /session/f2510c46535a82282fd70196afe2e571/element/f.F7DC0DCC1AEA5B11728C456D26A3F950.d.F0AA6564088CBE46566A36EE2DDE94D1.e.775/click - {}
RESULT: {}
COMMAND: GET /session/f2510c46535a82282fd70196afe2e571/screenshot - {}
RESULT: {}
COMMAND: POST /session/f2510c46535a82282fd70196afe2e571/execute/async - {"script":"<script> [1562 bytes]","args":[{"selector":{"id":"application-manageyards-display-component---NewYard--addressEditDetailsCurrency-arrow"},"wdio_ui5_key":"applicationmanageyards-display-component---NewYard--addressEditDetailsCurrency-arrow"}]}
RESULT: {"script":"<script> [1562 bytes]","args":[{"selector":{"id":"application-manageyards-display-component---NewYard--addressEditDetailsCurrency-arrow"},"wdio_ui5_key":"applicationmanageyards-display-component---NewYard--addressEditDetailsCurrency-arrow"}]}
RESULT: undefined
COMMAND: POST /session/f2510c46535a82282fd70196afe2e571/element - {"using":"xpath","value":"//*[@id=\"application-manageyards-display-component---NewYard--addressEditDetailsCurrency-arrow\"]"}
RESULT: {"using":"xpath","value":"//*[@id=\"application-manageyards-display-component---NewYard--addressEditDetailsCurrency-arrow\"]"}
COMMAND: POST /session/f2510c46535a82282fd70196afe2e571/element/f.F7DC0DCC1AEA5B11728C456D26A3F950.d.F0AA6564088CBE46566A36EE2DDE94D1.e.778/click - {}
RESULT: {}
COMMAND: POST /session/f2510c46535a82282fd70196afe2e571/element - {"using":"xpath","value":"//span[contains(text(), \"Euro\")]"}
COMMAND: GET /session/f2510c46535a82282fd70196afe2e571/screenshot - {}
RESULT: {"using":"xpath","value":"//span[contains(text(), \"Euro\")]"}
COMMAND: POST /session/f2510c46535a82282fd70196afe2e571/element/f.F7DC0DCC1AEA5B11728C456D26A3F950.d.F0AA6564088CBE46566A36EE2DDE94D1.e.779/click - {}
RESULT: {}
RESULT: {}
COMMAND: POST /session/f2510c46535a82282fd70196afe2e571/execute/async - {"script":"<script> [1562 bytes]","args":[{"selector":{"controlType":"sap.m.Input","viewName":"etm.portal.ui.manageyards.view.New","viewId":"application-manageyards-display-component---NewYard","bindingPath":{"path":"","propertyPath":"/CONTROLLING_AREA","modelName":"NewYardModel"},"interaction":{"idSuffix":"inner"}},"wdio_ui5_key":"etmportal.ui.manageyards.view.Newsap.m.Input{\"path\":\"\",\"propertyPath\":\"/CONTROLLING_AREA\",\"modelName\":\"NewYardModel\"}"}]}
COMMAND: GET /session/f2510c46535a82282fd70196afe2e571/screenshot - {}
RESULT: {"script":"<script> [1562 bytes]","args":[{"selector":{"controlType":"sap.m.Input","viewName":"etm.portal.ui.manageyards.view.New","viewId":"application-manageyards-display-component---NewYard","bindingPath":{"path":"","propertyPath":"/CONTROLLING_AREA","modelName":"NewYardModel"},"interaction":{"idSuffix":"inner"}},"wdio_ui5_key":"etmportal.ui.manageyards.view.Newsap.m.Input{\"path\":\"\",\"propertyPath\":\"/CONTROLLING_AREA\",\"modelName\":\"NewYardModel\"}"}]}
RESULT: undefined
COMMAND: POST /session/f2510c46535a82282fd70196afe2e571/execute/async - {"script":"<script> [776 bytes]","args":[{"enterText":"Z001","selector":{"controlType":"sap.m.Input","viewName":"etm.portal.ui.manageyards.view.New","viewId":"application-manageyards-display-component---NewYard","bindingPath":{"path":"","propertyPath":"/CONTROLLING_AREA","modelName":"NewYardModel"},"interaction":{"idSuffix":"inner"}},"clearTextFirst":true,"interactionType":"ENTER_TEXT"}]}
RESULT: {}
RESULT: {"script":"<script> [776 bytes]","args":[{"enterText":"Z001","selector":{"controlType":"sap.m.Input","viewName":"etm.portal.ui.manageyards.view.New","viewId":"application-manageyards-display-component---NewYard","bindingPath":{"path":"","propertyPath":"/CONTROLLING_AREA","modelName":"NewYardModel"},"interaction":{"idSuffix":"inner"}},"clearTextFirst":true,"interactionType":"ENTER_TEXT"}]}
COMMAND: POST /session/f2510c46535a82282fd70196afe2e571/execute/async - {"script":"<script> [1562 bytes]","args":[{"selector":{"id":"application-manageyards-display-component---NewYard--companyCodeComboBox","interaction":{"idSuffix":"inner"}},"wdio_ui5_key":"applicationmanageyards-display-component---NewYard--companyCodeComboBox"}]}
RESULT: {"script":"<script> [1562 bytes]","args":[{"selector":{"id":"application-manageyards-display-component---NewYard--companyCodeComboBox","interaction":{"idSuffix":"inner"}},"wdio_ui5_key":"applicationmanageyards-display-component---NewYard--companyCodeComboBox"}]}
RESULT: undefined
COMMAND: POST /session/f2510c46535a82282fd70196afe2e571/execute/async - {"script":"<script> [776 bytes]","args":[{"enterText":"1000","selector":{"id":"application-manageyards-display-component---NewYard--companyCodeComboBox","interaction":{"idSuffix":"inner"}},"clearTextFirst":true,"interactionType":"ENTER_TEXT"}]}
RESULT: {"script":"<script> [776 bytes]","args":[{"enterText":"1000","selector":{"id":"application-manageyards-display-component---NewYard--companyCodeComboBox","interaction":{"idSuffix":"inner"}},"clearTextFirst":true,"interactionType":"ENTER_TEXT"}]}
COMMAND: POST /session/f2510c46535a82282fd70196afe2e571/execute/async - {"script":"<script> [1562 bytes]","args":[{"selector":{"controlType":"sap.m.Input","viewName":"etm.portal.ui.manageyards.view.New","viewId":"application-manageyards-display-component---NewYard","bindingPath":{"path":"","propertyPath":"/PLANT","modelName":"NewYardModel"},"interaction":{"idSuffix":"inner"}},"wdio_ui5_key":"etmportal.ui.manageyards.view.Newsap.m.Input{\"path\":\"\",\"propertyPath\":\"/PLANT\",\"modelName\":\"NewYardModel\"}"}]}
RESULT: {"script":"<script> [1562 bytes]","args":[{"selector":{"controlType":"sap.m.Input","viewName":"etm.portal.ui.manageyards.view.New","viewId":"application-manageyards-display-component---NewYard","bindingPath":{"path":"","propertyPath":"/PLANT","modelName":"NewYardModel"},"interaction":{"idSuffix":"inner"}},"wdio_ui5_key":"etmportal.ui.manageyards.view.Newsap.m.Input{\"path\":\"\",\"propertyPath\":\"/PLANT\",\"modelName\":\"NewYardModel\"}"}]}
RESULT: undefined
COMMAND: POST /session/f2510c46535a82282fd70196afe2e571/execute/async - {"script":"<script> [776 bytes]","args":[{"enterText":"1001","selector":{"controlType":"sap.m.Input","viewName":"etm.portal.ui.manageyards.view.New","viewId":"application-manageyards-display-component---NewYard","bindingPath":{"path":"","propertyPath":"/PLANT","modelName":"NewYardModel"},"interaction":{"idSuffix":"inner"}},"clearTextFirst":true,"interactionType":"ENTER_TEXT"}]}
RESULT: {"script":"<script> [776 bytes]","args":[{"enterText":"1001","selector":{"controlType":"sap.m.Input","viewName":"etm.portal.ui.manageyards.view.New","viewId":"application-manageyards-display-component---NewYard","bindingPath":{"path":"","propertyPath":"/PLANT","modelName":"NewYardModel"},"interaction":{"idSuffix":"inner"}},"clearTextFirst":true,"interactionType":"ENTER_TEXT"}]}
COMMAND: POST /session/f2510c46535a82282fd70196afe2e571/execute/async - {"script":"<script> [1562 bytes]","args":[{"selector":{"controlType":"sap.m.Input","viewName":"etm.portal.ui.manageyards.view.New","viewId":"application-manageyards-display-component---NewYard","bindingPath":{"path":"","propertyPath":"/SALES_AREA_VKORG","modelName":"NewYardModel"},"interaction":{"idSuffix":"inner"}},"wdio_ui5_key":"etmportal.ui.manageyards.view.Newsap.m.Input{\"path\":\"\",\"propertyPath\":\"/SALES_AREA_VKORG\",\"modelName\":\"NewYardModel\"}"}]}
RESULT: {"script":"<script> [1562 bytes]","args":[{"selector":{"controlType":"sap.m.Input","viewName":"etm.portal.ui.manageyards.view.New","viewId":"application-manageyards-display-component---NewYard","bindingPath":{"path":"","propertyPath":"/SALES_AREA_VKORG","modelName":"NewYardModel"},"interaction":{"idSuffix":"inner"}},"wdio_ui5_key":"etmportal.ui.manageyards.view.Newsap.m.Input{\"path\":\"\",\"propertyPath\":\"/SALES_AREA_VKORG\",\"modelName\":\"NewYardModel\"}"}]}
RESULT: undefined
COMMAND: POST /session/f2510c46535a82282fd70196afe2e571/execute/async - {"script":"<script> [776 bytes]","args":[{"enterText":"C002","selector":{"controlType":"sap.m.Input","viewName":"etm.portal.ui.manageyards.view.New","viewId":"application-manageyards-display-component---NewYard","bindingPath":{"path":"","propertyPath":"/SALES_AREA_VKORG","modelName":"NewYardModel"},"interaction":{"idSuffix":"inner"}},"clearTextFirst":true,"interactionType":"ENTER_TEXT"}]}
RESULT: {"script":"<script> [776 bytes]","args":[{"enterText":"C002","selector":{"controlType":"sap.m.Input","viewName":"etm.portal.ui.manageyards.view.New","viewId":"application-manageyards-display-component---NewYard","bindingPath":{"path":"","propertyPath":"/SALES_AREA_VKORG","modelName":"NewYardModel"},"interaction":{"idSuffix":"inner"}},"clearTextFirst":true,"interactionType":"ENTER_TEXT"}]}
COMMAND: POST /session/f2510c46535a82282fd70196afe2e571/execute/async - {"script":"<script> [1562 bytes]","args":[{"selector":{"controlType":"sap.m.Input","viewName":"etm.portal.ui.manageyards.view.New","viewId":"application-manageyards-display-component---NewYard","bindingPath":{"path":"","propertyPath":"/SALES_AREA_VTWEG","modelName":"NewYardModel"},"interaction":{"idSuffix":"inner"}},"wdio_ui5_key":"etmportal.ui.manageyards.view.Newsap.m.Input{\"path\":\"\",\"propertyPath\":\"/SALES_AREA_VTWEG\",\"modelName\":\"NewYardModel\"}"}]}
RESULT: {"script":"<script> [1562 bytes]","args":[{"selector":{"controlType":"sap.m.Input","viewName":"etm.portal.ui.manageyards.view.New","viewId":"application-manageyards-display-component---NewYard","bindingPath":{"path":"","propertyPath":"/SALES_AREA_VTWEG","modelName":"NewYardModel"},"interaction":{"idSuffix":"inner"}},"wdio_ui5_key":"etmportal.ui.manageyards.view.Newsap.m.Input{\"path\":\"\",\"propertyPath\":\"/SALES_AREA_VTWEG\",\"modelName\":\"NewYardModel\"}"}]}
RESULT: undefined
COMMAND: POST /session/f2510c46535a82282fd70196afe2e571/execute/async - {"script":"<script> [776 bytes]","args":[{"enterText":"C2","selector":{"controlType":"sap.m.Input","viewName":"etm.portal.ui.manageyards.view.New","viewId":"application-manageyards-display-component---NewYard","bindingPath":{"path":"","propertyPath":"/SALES_AREA_VTWEG","modelName":"NewYardModel"},"interaction":{"idSuffix":"inner"}},"clearTextFirst":true,"interactionType":"ENTER_TEXT"}]}
RESULT: {"script":"<script> [776 bytes]","args":[{"enterText":"C2","selector":{"controlType":"sap.m.Input","viewName":"etm.portal.ui.manageyards.view.New","viewId":"application-manageyards-display-component---NewYard","bindingPath":{"path":"","propertyPath":"/SALES_AREA_VTWEG","modelName":"NewYardModel"},"interaction":{"idSuffix":"inner"}},"clearTextFirst":true,"interactionType":"ENTER_TEXT"}]}
COMMAND: POST /session/f2510c46535a82282fd70196afe2e571/execute/async - {"script":"<script> [1562 bytes]","args":[{"selector":{"controlType":"sap.m.Input","viewName":"etm.portal.ui.manageyards.view.New","viewId":"application-manageyards-display-component---NewYard","bindingPath":{"path":"","propertyPath":"/SALES_AREA_SPART","modelName":"NewYardModel"},"interaction":{"idSuffix":"inner"}},"wdio_ui5_key":"etmportal.ui.manageyards.view.Newsap.m.Input{\"path\":\"\",\"propertyPath\":\"/SALES_AREA_SPART\",\"modelName\":\"NewYardModel\"}"}]}
RESULT: {"script":"<script> [1562 bytes]","args":[{"selector":{"controlType":"sap.m.Input","viewName":"etm.portal.ui.manageyards.view.New","viewId":"application-manageyards-display-component---NewYard","bindingPath":{"path":"","propertyPath":"/SALES_AREA_SPART","modelName":"NewYardModel"},"interaction":{"idSuffix":"inner"}},"wdio_ui5_key":"etmportal.ui.manageyards.view.Newsap.m.Input{\"path\":\"\",\"propertyPath\":\"/SALES_AREA_SPART\",\"modelName\":\"NewYardModel\"}"}]}
RESULT: undefined
COMMAND: POST /session/f2510c46535a82282fd70196afe2e571/execute/async - {"script":"<script> [776 bytes]","args":[{"enterText":"C2","selector":{"controlType":"sap.m.Input","viewName":"etm.portal.ui.manageyards.view.New","viewId":"application-manageyards-display-component---NewYard","bindingPath":{"path":"","propertyPath":"/SALES_AREA_SPART","modelName":"NewYardModel"},"interaction":{"idSuffix":"inner"}},"clearTextFirst":true,"interactionType":"ENTER_TEXT"}]}
RESULT: {"script":"<script> [776 bytes]","args":[{"enterText":"C2","selector":{"controlType":"sap.m.Input","viewName":"etm.portal.ui.manageyards.view.New","viewId":"application-manageyards-display-component---NewYard","bindingPath":{"path":"","propertyPath":"/SALES_AREA_SPART","modelName":"NewYardModel"},"interaction":{"idSuffix":"inner"}},"clearTextFirst":true,"interactionType":"ENTER_TEXT"}]}
COMMAND: POST /session/f2510c46535a82282fd70196afe2e571/execute/async - {"script":"<script> [1562 bytes]","args":[{"selector":{"controlType":"sap.m.Input","viewName":"etm.portal.ui.manageyards.view.New","viewId":"application-manageyards-display-component---NewYard","bindingPath":{"path":"","propertyPath":"/SHIP_POINT","modelName":"NewYardModel"},"interaction":{"idSuffix":"inner"}},"wdio_ui5_key":"etmportal.ui.manageyards.view.Newsap.m.Input{\"path\":\"\",\"propertyPath\":\"/SHIP_POINT\",\"modelName\":\"NewYardModel\"}"}]}
RESULT: {"script":"<script> [1562 bytes]","args":[{"selector":{"controlType":"sap.m.Input","viewName":"etm.portal.ui.manageyards.view.New","viewId":"application-manageyards-display-component---NewYard","bindingPath":{"path":"","propertyPath":"/SHIP_POINT","modelName":"NewYardModel"},"interaction":{"idSuffix":"inner"}},"wdio_ui5_key":"etmportal.ui.manageyards.view.Newsap.m.Input{\"path\":\"\",\"propertyPath\":\"/SHIP_POINT\",\"modelName\":\"NewYardModel\"}"}]}
RESULT: undefined
COMMAND: POST /session/f2510c46535a82282fd70196afe2e571/execute/async - {"script":"<script> [776 bytes]","args":[{"enterText":"1710","selector":{"controlType":"sap.m.Input","viewName":"etm.portal.ui.manageyards.view.New","viewId":"application-manageyards-display-component---NewYard","bindingPath":{"path":"","propertyPath":"/SHIP_POINT","modelName":"NewYardModel"},"interaction":{"idSuffix":"inner"}},"clearTextFirst":true,"interactionType":"ENTER_TEXT"}]}
RESULT: {"script":"<script> [776 bytes]","args":[{"enterText":"1710","selector":{"controlType":"sap.m.Input","viewName":"etm.portal.ui.manageyards.view.New","viewId":"application-manageyards-display-component---NewYard","bindingPath":{"path":"","propertyPath":"/SHIP_POINT","modelName":"NewYardModel"},"interaction":{"idSuffix":"inner"}},"clearTextFirst":true,"interactionType":"ENTER_TEXT"}]}
COMMAND: POST /session/f2510c46535a82282fd70196afe2e571/execute/async - {"script":"<script> [1562 bytes]","args":[{"selector":{"controlType":"sap.m.Input","viewName":"etm.portal.ui.manageyards.view.New","viewId":"application-manageyards-display-component---NewYard","bindingPath":{"path":"","propertyPath":"/DELIVERY_TYPE","modelName":"NewYardModel"},"interaction":{"idSuffix":"inner"}},"wdio_ui5_key":"etmportal.ui.manageyards.view.Newsap.m.Input{\"path\":\"\",\"propertyPath\":\"/DELIVERY_TYPE\",\"modelName\":\"NewYardModel\"}"}]}
RESULT: {"script":"<script> [1562 bytes]","args":[{"selector":{"controlType":"sap.m.Input","viewName":"etm.portal.ui.manageyards.view.New","viewId":"application-manageyards-display-component---NewYard","bindingPath":{"path":"","propertyPath":"/DELIVERY_TYPE","modelName":"NewYardModel"},"interaction":{"idSuffix":"inner"}},"wdio_ui5_key":"etmportal.ui.manageyards.view.Newsap.m.Input{\"path\":\"\",\"propertyPath\":\"/DELIVERY_TYPE\",\"modelName\":\"NewYardModel\"}"}]}
RESULT: undefined
COMMAND: POST /session/f2510c46535a82282fd70196afe2e571/execute/async - {"script":"<script> [776 bytes]","args":[{"enterText":"ZL01","selector":{"controlType":"sap.m.Input","viewName":"etm.portal.ui.manageyards.view.New","viewId":"application-manageyards-display-component---NewYard","bindingPath":{"path":"","propertyPath":"/DELIVERY_TYPE","modelName":"NewYardModel"},"interaction":{"idSuffix":"inner"}},"clearTextFirst":true,"interactionType":"ENTER_TEXT"}]}
RESULT: {"script":"<script> [776 bytes]","args":[{"enterText":"ZL01","selector":{"controlType":"sap.m.Input","viewName":"etm.portal.ui.manageyards.view.New","viewId":"application-manageyards-display-component---NewYard","bindingPath":{"path":"","propertyPath":"/DELIVERY_TYPE","modelName":"NewYardModel"},"interaction":{"idSuffix":"inner"}},"clearTextFirst":true,"interactionType":"ENTER_TEXT"}]}
COMMAND: POST /session/f2510c46535a82282fd70196afe2e571/execute/async - {"script":"<script> [1562 bytes]","args":[{"selector":{"controlType":"sap.m.Input","viewName":"etm.portal.ui.manageyards.view.New","viewId":"application-manageyards-display-component---NewYard","bindingPath":{"path":"","propertyPath":"/AUART","modelName":"NewYardModel"},"interaction":{"idSuffix":"inner"}},"wdio_ui5_key":"etmportal.ui.manageyards.view.Newsap.m.Input{\"path\":\"\",\"propertyPath\":\"/AUART\",\"modelName\":\"NewYardModel\"}"}]}
RESULT: {"script":"<script> [1562 bytes]","args":[{"selector":{"controlType":"sap.m.Input","viewName":"etm.portal.ui.manageyards.view.New","viewId":"application-manageyards-display-component---NewYard","bindingPath":{"path":"","propertyPath":"/AUART","modelName":"NewYardModel"},"interaction":{"idSuffix":"inner"}},"wdio_ui5_key":"etmportal.ui.manageyards.view.Newsap.m.Input{\"path\":\"\",\"propertyPath\":\"/AUART\",\"modelName\":\"NewYardModel\"}"}]}
RESULT: undefined
COMMAND: POST /session/f2510c46535a82282fd70196afe2e571/execute/async - {"script":"<script> [776 bytes]","args":[{"enterText":"TA","selector":{"controlType":"sap.m.Input","viewName":"etm.portal.ui.manageyards.view.New","viewId":"application-manageyards-display-component---NewYard","bindingPath":{"path":"","propertyPath":"/AUART","modelName":"NewYardModel"},"interaction":{"idSuffix":"inner"}},"clearTextFirst":true,"interactionType":"ENTER_TEXT"}]}
RESULT: {"script":"<script> [776 bytes]","args":[{"enterText":"TA","selector":{"controlType":"sap.m.Input","viewName":"etm.portal.ui.manageyards.view.New","viewId":"application-manageyards-display-component---NewYard","bindingPath":{"path":"","propertyPath":"/AUART","modelName":"NewYardModel"},"interaction":{"idSuffix":"inner"}},"clearTextFirst":true,"interactionType":"ENTER_TEXT"}]}
COMMAND: POST /session/f2510c46535a82282fd70196afe2e571/element - {"using":"xpath","value":"//button[@data-kt=\"newYardSaveButton\"]"}
RESULT: {"using":"xpath","value":"//button[@data-kt=\"newYardSaveButton\"]"}
COMMAND: POST /session/f2510c46535a82282fd70196afe2e571/element/f.F7DC0DCC1AEA5B11728C456D26A3F950.d.F0AA6564088CBE46566A36EE2DDE94D1.e.709/click - {}
RESULT: {}
COMMAND: GET /session/f2510c46535a82282fd70196afe2e571/screenshot - {}
RESULT: {}
COMMAND: POST /session/f2510c46535a82282fd70196afe2e571/element - {"using":"xpath","value":"//header[contains(@id, 'ObjectPageLayout-headerTitle')]/div[1]/div[2]/div[1]/span[1]"}
RESULT: {"using":"xpath","value":"//header[contains(@id, 'ObjectPageLayout-headerTitle')]/div[1]/div[2]/div[1]/span[1]"}
COMMAND: POST /session/f2510c46535a82282fd70196afe2e571/elements - {"using":"xpath","value":"//header[contains(@id, 'ObjectPageLayout-headerTitle')]/div[1]/div[2]/div[1]/span[1]"}
RESULT: {"using":"xpath","value":"//header[contains(@id, 'ObjectPageLayout-headerTitle')]/div[1]/div[2]/div[1]/span[1]"}
COMMAND: POST /session/f2510c46535a82282fd70196afe2e571/execute/sync - {"script":"<script> [56 bytes]","args":[{"element-6066-11e4-a52e-4f735466cecf":"f.F7DC0DCC1AEA5B11728C456D26A3F950.d.F0AA6564088CBE46566A36EE2DDE94D1.e.996","ELEMENT":"f.F7DC0DCC1AEA5B11728C456D26A3F950.d.F0AA6564088CBE46566A36EE2DDE94D1.e.996"}]}
RESULT: {"script":"<script> [56 bytes]","args":[{"element-6066-11e4-a52e-4f735466cecf":"f.F7DC0DCC1AEA5B11728C456D26A3F950.d.F0AA6564088CBE46566A36EE2DDE94D1.e.996","ELEMENT":"f.F7DC0DCC1AEA5B11728C456D26A3F950.d.F0AA6564088CBE46566A36EE2DDE94D1.e.996"}]}
COMMAND: GET /session/f2510c46535a82282fd70196afe2e571/screenshot - {}
RESULT: {}
COMMAND: POST /session/f2510c46535a82282fd70196afe2e571/element - {"using":"css selector","value":"#shell-header-logo"}
RESULT: {"using":"css selector","value":"#shell-header-logo"}
COMMAND: POST /session/f2510c46535a82282fd70196afe2e571/element/f.F7DC0DCC1AEA5B11728C456D26A3F950.d.F0AA6564088CBE46566A36EE2DDE94D1.e.261/click - {}
RESULT: {}
COMMAND: GET /session/f2510c46535a82282fd70196afe2e571/screenshot - {}
RESULT: {}
COMMAND: POST /session/f2510c46535a82282fd70196afe2e571/execute/sync - {"script":"<script> [299 bytes]","args":[["getModel","getResource"]]}
RESULT: {"script":"<script> [299 bytes]","args":[["getModel","getResource"]]}
COMMAND: GET /session/f2510c46535a82282fd70196afe2e571/screenshot - {}
]]></system-out>
    </testcase>
    <testcase classname="chrome.136_0_7103_93.windows.Billing_confirm_US117289" name="Should create a new partner" time="129.931">
      <system-out><![CDATA[
COMMAND: POST /session/f2510c46535a82282fd70196afe2e571/window/fullscreen - {}
RESULT: {}
RESULT: {}
COMMAND: POST /session/f2510c46535a82282fd70196afe2e571/execute/async - {"script":"<script> [1562 bytes]","args":[{"selector":{"controlType":"sap.m.GenericTile","properties":{"header":"Manage Partners"}},"wdio_ui5_key":"sapm.GenericTile{\"header\":\"Manage Partners\"}"}]}
RESULT: {"script":"<script> [1562 bytes]","args":[{"selector":{"controlType":"sap.m.GenericTile","properties":{"header":"Manage Partners"}},"wdio_ui5_key":"sapm.GenericTile{\"header\":\"Manage Partners\"}"}]}
RESULT: undefined
COMMAND: POST /session/f2510c46535a82282fd70196afe2e571/element - {"using":"xpath","value":"//*[@id=\"__tile38\"]"}
RESULT: {"using":"xpath","value":"//*[@id=\"__tile38\"]"}
COMMAND: POST /session/f2510c46535a82282fd70196afe2e571/element/f.F7DC0DCC1AEA5B11728C456D26A3F950.d.F0AA6564088CBE46566A36EE2DDE94D1.e.157/click - {}
RESULT: {}
COMMAND: GET /session/f2510c46535a82282fd70196afe2e571/screenshot - {}
RESULT: {}
COMMAND: POST /session/f2510c46535a82282fd70196afe2e571/elements - {"using":"xpath","value":"//span[text()='Error']"}
RESULT: {"using":"xpath","value":"//span[text()='Error']"}
COMMAND: POST /session/f2510c46535a82282fd70196afe2e571/element - {"using":"xpath","value":"//button[@data-kt=\"addButton\"]"}
RESULT: {"using":"xpath","value":"//button[@data-kt=\"addButton\"]"}
COMMAND: POST /session/f2510c46535a82282fd70196afe2e571/elements - {"using":"xpath","value":"//button[@data-kt=\"addButton\"]"}
RESULT: {"using":"xpath","value":"//button[@data-kt=\"addButton\"]"}
COMMAND: POST /session/f2510c46535a82282fd70196afe2e571/execute/sync - {"script":"<script> [8489 bytes]","args":[{"element-6066-11e4-a52e-4f735466cecf":"f.F7DC0DCC1AEA5B11728C456D26A3F950.d.F0AA6564088CBE46566A36EE2DDE94D1.e.1045","ELEMENT":"f.F7DC0DCC1AEA5B11728C456D26A3F950.d.F0AA6564088CBE46566A36EE2DDE94D1.e.1045"}]}
RESULT: {"script":"<script> [8489 bytes]","args":[{"element-6066-11e4-a52e-4f735466cecf":"f.F7DC0DCC1AEA5B11728C456D26A3F950.d.F0AA6564088CBE46566A36EE2DDE94D1.e.1045","ELEMENT":"f.F7DC0DCC1AEA5B11728C456D26A3F950.d.F0AA6564088CBE46566A36EE2DDE94D1.e.1045"}]}
COMMAND: GET /session/f2510c46535a82282fd70196afe2e571/element/f.F7DC0DCC1AEA5B11728C456D26A3F950.d.F0AA6564088CBE46566A36EE2DDE94D1.e.1045/enabled - {}
COMMAND: GET /session/f2510c46535a82282fd70196afe2e571/screenshot - {}
RESULT: {}
COMMAND: POST /session/f2510c46535a82282fd70196afe2e571/execute/sync - {"script":"<script> [8489 bytes]","args":[{"element-6066-11e4-a52e-4f735466cecf":"f.F7DC0DCC1AEA5B11728C456D26A3F950.d.F0AA6564088CBE46566A36EE2DDE94D1.e.1045","ELEMENT":"f.F7DC0DCC1AEA5B11728C456D26A3F950.d.F0AA6564088CBE46566A36EE2DDE94D1.e.1045"}]}
COMMAND: GET /session/f2510c46535a82282fd70196afe2e571/screenshot - {}
RESULT: {}
RESULT: {"script":"<script> [8489 bytes]","args":[{"element-6066-11e4-a52e-4f735466cecf":"f.F7DC0DCC1AEA5B11728C456D26A3F950.d.F0AA6564088CBE46566A36EE2DDE94D1.e.1045","ELEMENT":"f.F7DC0DCC1AEA5B11728C456D26A3F950.d.F0AA6564088CBE46566A36EE2DDE94D1.e.1045"}]}
COMMAND: POST /session/f2510c46535a82282fd70196afe2e571/execute/sync - {"script":"<script> [5351 bytes]","args":[{"element-6066-11e4-a52e-4f735466cecf":"f.F7DC0DCC1AEA5B11728C456D26A3F950.d.F0AA6564088CBE46566A36EE2DDE94D1.e.1045","ELEMENT":"f.F7DC0DCC1AEA5B11728C456D26A3F950.d.F0AA6564088CBE46566A36EE2DDE94D1.e.1045"}]}
COMMAND: GET /session/f2510c46535a82282fd70196afe2e571/screenshot - {}
RESULT: {}
RESULT: {"script":"<script> [5351 bytes]","args":[{"element-6066-11e4-a52e-4f735466cecf":"f.F7DC0DCC1AEA5B11728C456D26A3F950.d.F0AA6564088CBE46566A36EE2DDE94D1.e.1045","ELEMENT":"f.F7DC0DCC1AEA5B11728C456D26A3F950.d.F0AA6564088CBE46566A36EE2DDE94D1.e.1045"}]}
COMMAND: POST /session/f2510c46535a82282fd70196afe2e571/element/f.F7DC0DCC1AEA5B11728C456D26A3F950.d.F0AA6564088CBE46566A36EE2DDE94D1.e.1045/click - {}
COMMAND: GET /session/f2510c46535a82282fd70196afe2e571/screenshot - {}
RESULT: {}
RESULT: {}
COMMAND: GET /session/f2510c46535a82282fd70196afe2e571/screenshot - {}
COMMAND: POST /session/f2510c46535a82282fd70196afe2e571/execute/async - {"script":"<script> [1562 bytes]","args":[{"selector":{"id":"application-managepartners-display-component---NewPartner--addressDetailDetailsName1","interaction":{"idSuffix":"inner"}},"wdio_ui5_key":"applicationmanagepartners-display-component---NewPartner--addressDetailDetailsName1"}]}
RESULT: {}
RESULT: {}
RESULT: {"script":"<script> [1562 bytes]","args":[{"selector":{"id":"application-managepartners-display-component---NewPartner--addressDetailDetailsName1","interaction":{"idSuffix":"inner"}},"wdio_ui5_key":"applicationmanagepartners-display-component---NewPartner--addressDetailDetailsName1"}]}
RESULT: undefined
COMMAND: POST /session/f2510c46535a82282fd70196afe2e571/execute/async - {"script":"<script> [776 bytes]","args":[{"enterText":"Intracompany Partner WDIO","selector":{"id":"application-managepartners-display-component---NewPartner--addressDetailDetailsName1","interaction":{"idSuffix":"inner"}},"clearTextFirst":true,"interactionType":"ENTER_TEXT"}]}
RESULT: {"script":"<script> [776 bytes]","args":[{"enterText":"Intracompany Partner WDIO","selector":{"id":"application-managepartners-display-component---NewPartner--addressDetailDetailsName1","interaction":{"idSuffix":"inner"}},"clearTextFirst":true,"interactionType":"ENTER_TEXT"}]}
COMMAND: POST /session/f2510c46535a82282fd70196afe2e571/execute/async - {"script":"<script> [1562 bytes]","args":[{"selector":{"id":"application-managepartners-display-component---NewPartner--addressDetailDetailsLanguage-arrow"},"wdio_ui5_key":"applicationmanagepartners-display-component---NewPartner--addressDetailDetailsLanguage-arrow"}]}
RESULT: {"script":"<script> [1562 bytes]","args":[{"selector":{"id":"application-managepartners-display-component---NewPartner--addressDetailDetailsLanguage-arrow"},"wdio_ui5_key":"applicationmanagepartners-display-component---NewPartner--addressDetailDetailsLanguage-arrow"}]}
RESULT: undefined
COMMAND: POST /session/f2510c46535a82282fd70196afe2e571/element - {"using":"xpath","value":"//*[@id=\"application-managepartners-display-component---NewPartner--addressDetailDetailsLanguage-arrow\"]"}
RESULT: {"using":"xpath","value":"//*[@id=\"application-managepartners-display-component---NewPartner--addressDetailDetailsLanguage-arrow\"]"}
COMMAND: POST /session/f2510c46535a82282fd70196afe2e571/element/f.F7DC0DCC1AEA5B11728C456D26A3F950.d.F0AA6564088CBE46566A36EE2DDE94D1.e.1486/click - {}
RESULT: {}
COMMAND: POST /session/f2510c46535a82282fd70196afe2e571/element - {"using":"xpath","value":"//span[contains(text(), \"English\")]"}
COMMAND: GET /session/f2510c46535a82282fd70196afe2e571/screenshot - {}
RESULT: {"using":"xpath","value":"//span[contains(text(), \"English\")]"}
COMMAND: POST /session/f2510c46535a82282fd70196afe2e571/element/f.F7DC0DCC1AEA5B11728C456D26A3F950.d.F0AA6564088CBE46566A36EE2DDE94D1.e.1487/click - {}
RESULT: {}
RESULT: {}
COMMAND: GET /session/f2510c46535a82282fd70196afe2e571/screenshot - {}
RESULT: {}
COMMAND: POST /session/f2510c46535a82282fd70196afe2e571/execute/async - {"script":"<script> [1562 bytes]","args":[{"selector":{"id":"application-managepartners-display-component---NewPartner--addressDetailDetailsCity1","interaction":{"idSuffix":"inner"}},"wdio_ui5_key":"applicationmanagepartners-display-component---NewPartner--addressDetailDetailsCity1"}]}
RESULT: {"script":"<script> [1562 bytes]","args":[{"selector":{"id":"application-managepartners-display-component---NewPartner--addressDetailDetailsCity1","interaction":{"idSuffix":"inner"}},"wdio_ui5_key":"applicationmanagepartners-display-component---NewPartner--addressDetailDetailsCity1"}]}
RESULT: undefined
COMMAND: POST /session/f2510c46535a82282fd70196afe2e571/execute/async - {"script":"<script> [776 bytes]","args":[{"enterText":"Rosario","selector":{"id":"application-managepartners-display-component---NewPartner--addressDetailDetailsCity1","interaction":{"idSuffix":"inner"}},"clearTextFirst":true,"interactionType":"ENTER_TEXT"}]}
RESULT: {"script":"<script> [776 bytes]","args":[{"enterText":"Rosario","selector":{"id":"application-managepartners-display-component---NewPartner--addressDetailDetailsCity1","interaction":{"idSuffix":"inner"}},"clearTextFirst":true,"interactionType":"ENTER_TEXT"}]}
COMMAND: POST /session/f2510c46535a82282fd70196afe2e571/execute/async - {"script":"<script> [1562 bytes]","args":[{"selector":{"id":"application-managepartners-display-component---NewPartner--addressDetailDetailsCountry-arrow"},"wdio_ui5_key":"applicationmanagepartners-display-component---NewPartner--addressDetailDetailsCountry-arrow"}]}
RESULT: {"script":"<script> [1562 bytes]","args":[{"selector":{"id":"application-managepartners-display-component---NewPartner--addressDetailDetailsCountry-arrow"},"wdio_ui5_key":"applicationmanagepartners-display-component---NewPartner--addressDetailDetailsCountry-arrow"}]}
RESULT: undefined
COMMAND: POST /session/f2510c46535a82282fd70196afe2e571/element - {"using":"xpath","value":"//*[@id=\"application-managepartners-display-component---NewPartner--addressDetailDetailsCountry-arrow\"]"}
RESULT: {"using":"xpath","value":"//*[@id=\"application-managepartners-display-component---NewPartner--addressDetailDetailsCountry-arrow\"]"}
COMMAND: POST /session/f2510c46535a82282fd70196afe2e571/element/f.F7DC0DCC1AEA5B11728C456D26A3F950.d.F0AA6564088CBE46566A36EE2DDE94D1.e.1473/click - {}
RESULT: {}
COMMAND: POST /session/f2510c46535a82282fd70196afe2e571/element - {"using":"xpath","value":"//span[contains(text(), \"Argentina\")]"}
COMMAND: GET /session/f2510c46535a82282fd70196afe2e571/screenshot - {}
RESULT: {"using":"xpath","value":"//span[contains(text(), \"Argentina\")]"}
COMMAND: POST /session/f2510c46535a82282fd70196afe2e571/element/f.F7DC0DCC1AEA5B11728C456D26A3F950.d.F0AA6564088CBE46566A36EE2DDE94D1.e.1489/click - {}
RESULT: {}
RESULT: {}
COMMAND: GET /session/f2510c46535a82282fd70196afe2e571/screenshot - {}
RESULT: {}
COMMAND: POST /session/f2510c46535a82282fd70196afe2e571/element - {"using":"xpath","value":"//bdi[contains(text(), \"Commercial\")]"}
RESULT: {"using":"xpath","value":"//bdi[contains(text(), \"Commercial\")]"}
COMMAND: POST /session/f2510c46535a82282fd70196afe2e571/element/f.F7DC0DCC1AEA5B11728C456D26A3F950.d.F0AA6564088CBE46566A36EE2DDE94D1.e.1490/click - {}
RESULT: {}
COMMAND: GET /session/f2510c46535a82282fd70196afe2e571/screenshot - {}
RESULT: {}
COMMAND: POST /session/f2510c46535a82282fd70196afe2e571/execute/async - {"script":"<script> [1562 bytes]","args":[{"selector":{"id":"application-managepartners-display-component---NewPartner--partnerDetailInternal-arrow"},"wdio_ui5_key":"applicationmanagepartners-display-component---NewPartner--partnerDetailInternal-arrow"}]}
RESULT: {"script":"<script> [1562 bytes]","args":[{"selector":{"id":"application-managepartners-display-component---NewPartner--partnerDetailInternal-arrow"},"wdio_ui5_key":"applicationmanagepartners-display-component---NewPartner--partnerDetailInternal-arrow"}]}
RESULT: undefined
COMMAND: POST /session/f2510c46535a82282fd70196afe2e571/element - {"using":"xpath","value":"//*[@id=\"application-managepartners-display-component---NewPartner--partnerDetailInternal-arrow\"]"}
RESULT: {"using":"xpath","value":"//*[@id=\"application-managepartners-display-component---NewPartner--partnerDetailInternal-arrow\"]"}
COMMAND: POST /session/f2510c46535a82282fd70196afe2e571/element/f.F7DC0DCC1AEA5B11728C456D26A3F950.d.F0AA6564088CBE46566A36EE2DDE94D1.e.1496/click - {}
RESULT: {}
COMMAND: POST /session/f2510c46535a82282fd70196afe2e571/element - {"using":"xpath","value":"//span[contains(text(), \"Affiliated company\")]"}
COMMAND: GET /session/f2510c46535a82282fd70196afe2e571/screenshot - {}
RESULT: {"using":"xpath","value":"//span[contains(text(), \"Affiliated company\")]"}
COMMAND: POST /session/f2510c46535a82282fd70196afe2e571/element/f.F7DC0DCC1AEA5B11728C456D26A3F950.d.F0AA6564088CBE46566A36EE2DDE94D1.e.1499/click - {}
RESULT: {}
RESULT: {}
COMMAND: POST /session/f2510c46535a82282fd70196afe2e571/execute/async - {"script":"<script> [1562 bytes]","args":[{"selector":{"id":"application-managepartners-display-component---NewPartner--partnerDetailsCurrency-arrow"},"wdio_ui5_key":"applicationmanagepartners-display-component---NewPartner--partnerDetailsCurrency-arrow"}]}
COMMAND: GET /session/f2510c46535a82282fd70196afe2e571/screenshot - {}
RESULT: {"script":"<script> [1562 bytes]","args":[{"selector":{"id":"application-managepartners-display-component---NewPartner--partnerDetailsCurrency-arrow"},"wdio_ui5_key":"applicationmanagepartners-display-component---NewPartner--partnerDetailsCurrency-arrow"}]}
RESULT: undefined
COMMAND: POST /session/f2510c46535a82282fd70196afe2e571/element - {"using":"xpath","value":"//*[@id=\"application-managepartners-display-component---NewPartner--partnerDetailsCurrency-arrow\"]"}
RESULT: {}
RESULT: {"using":"xpath","value":"//*[@id=\"application-managepartners-display-component---NewPartner--partnerDetailsCurrency-arrow\"]"}
COMMAND: POST /session/f2510c46535a82282fd70196afe2e571/element/f.F7DC0DCC1AEA5B11728C456D26A3F950.d.F0AA6564088CBE46566A36EE2DDE94D1.e.1506/click - {}
RESULT: {}
COMMAND: POST /session/f2510c46535a82282fd70196afe2e571/element - {"using":"xpath","value":"//span[contains(text(), \"Euro\")]"}
COMMAND: GET /session/f2510c46535a82282fd70196afe2e571/screenshot - {}
RESULT: {"using":"xpath","value":"//span[contains(text(), \"Euro\")]"}
COMMAND: POST /session/f2510c46535a82282fd70196afe2e571/element/f.F7DC0DCC1AEA5B11728C456D26A3F950.d.F0AA6564088CBE46566A36EE2DDE94D1.e.1507/click - {}
RESULT: {}
RESULT: {}
COMMAND: POST /session/f2510c46535a82282fd70196afe2e571/execute/async - {"script":"<script> [1562 bytes]","args":[{"selector":{"id":"application-managepartners-display-component---NewPartner--addressEditDetailsCostObjectCstType-arrow"},"wdio_ui5_key":"applicationmanagepartners-display-component---NewPartner--addressEditDetailsCostObjectCstType-arrow"}]}
COMMAND: GET /session/f2510c46535a82282fd70196afe2e571/screenshot - {}
RESULT: {"script":"<script> [1562 bytes]","args":[{"selector":{"id":"application-managepartners-display-component---NewPartner--addressEditDetailsCostObjectCstType-arrow"},"wdio_ui5_key":"applicationmanagepartners-display-component---NewPartner--addressEditDetailsCostObjectCstType-arrow"}]}
RESULT: undefined
COMMAND: POST /session/f2510c46535a82282fd70196afe2e571/element - {"using":"xpath","value":"//*[@id=\"application-managepartners-display-component---NewPartner--addressEditDetailsCostObjectCstType-arrow\"]"}
RESULT: {}
RESULT: {"using":"xpath","value":"//*[@id=\"application-managepartners-display-component---NewPartner--addressEditDetailsCostObjectCstType-arrow\"]"}
COMMAND: POST /session/f2510c46535a82282fd70196afe2e571/element/f.F7DC0DCC1AEA5B11728C456D26A3F950.d.F0AA6564088CBE46566A36EE2DDE94D1.e.1508/click - {}
RESULT: {}
COMMAND: POST /session/f2510c46535a82282fd70196afe2e571/element - {"using":"xpath","value":"//span[contains(text(), \"Cost Center\")]"}
COMMAND: GET /session/f2510c46535a82282fd70196afe2e571/screenshot - {}
RESULT: {"using":"xpath","value":"//span[contains(text(), \"Cost Center\")]"}
COMMAND: POST /session/f2510c46535a82282fd70196afe2e571/element/f.F7DC0DCC1AEA5B11728C456D26A3F950.d.F0AA6564088CBE46566A36EE2DDE94D1.e.1509/click - {}
RESULT: {}
RESULT: {}
COMMAND: GET /session/f2510c46535a82282fd70196afe2e571/screenshot - {}
RESULT: {}
COMMAND: POST /session/f2510c46535a82282fd70196afe2e571/element - {"using":"xpath","value":"//span[@id=\"application-managepartners-display-component---NewPartner--addressNewCostObjectCstID-vhi\"]"}
RESULT: {"using":"xpath","value":"//span[@id=\"application-managepartners-display-component---NewPartner--addressNewCostObjectCstID-vhi\"]"}
COMMAND: POST /session/f2510c46535a82282fd70196afe2e571/execute/sync - {"script":"<script> [8489 bytes]","args":[{"element-6066-11e4-a52e-4f735466cecf":"f.F7DC0DCC1AEA5B11728C456D26A3F950.d.F0AA6564088CBE46566A36EE2DDE94D1.e.1513","ELEMENT":"f.F7DC0DCC1AEA5B11728C456D26A3F950.d.F0AA6564088CBE46566A36EE2DDE94D1.e.1513"}]}
RESULT: {"script":"<script> [8489 bytes]","args":[{"element-6066-11e4-a52e-4f735466cecf":"f.F7DC0DCC1AEA5B11728C456D26A3F950.d.F0AA6564088CBE46566A36EE2DDE94D1.e.1513","ELEMENT":"f.F7DC0DCC1AEA5B11728C456D26A3F950.d.F0AA6564088CBE46566A36EE2DDE94D1.e.1513"}]}
COMMAND: POST /session/f2510c46535a82282fd70196afe2e571/execute/async - {"script":"<script> [1562 bytes]","args":[{"selector":{"id":"application-managepartners-display-component---NewPartner--addressNewCostObjectCstID-vhi"},"wdio_ui5_key":"applicationmanagepartners-display-component---NewPartner--addressNewCostObjectCstID-vhi"}]}
COMMAND: GET /session/f2510c46535a82282fd70196afe2e571/screenshot - {}
RESULT: {"script":"<script> [1562 bytes]","args":[{"selector":{"id":"application-managepartners-display-component---NewPartner--addressNewCostObjectCstID-vhi"},"wdio_ui5_key":"applicationmanagepartners-display-component---NewPartner--addressNewCostObjectCstID-vhi"}]}
RESULT: undefined
COMMAND: POST /session/f2510c46535a82282fd70196afe2e571/element - {"using":"xpath","value":"//*[@id=\"application-managepartners-display-component---NewPartner--addressNewCostObjectCstID-vhi\"]"}
RESULT: {}
RESULT: {"using":"xpath","value":"//*[@id=\"application-managepartners-display-component---NewPartner--addressNewCostObjectCstID-vhi\"]"}
COMMAND: POST /session/f2510c46535a82282fd70196afe2e571/element/f.F7DC0DCC1AEA5B11728C456D26A3F950.d.F0AA6564088CBE46566A36EE2DDE94D1.e.1513/click - {}
RESULT: {}
COMMAND: GET /session/f2510c46535a82282fd70196afe2e571/screenshot - {}
RESULT: {}
RESULT: undefined
COMMAND: POST /session/f2510c46535a82282fd70196afe2e571/execute/async - {"script":"<script> [776 bytes]","args":[{"enterText":"10001013","selector":{"controlType":"sap.m.SearchField","properties":{"placeholder":"Search"},"searchOpenDialogs":true,"interaction":{"idSuffix":"I"}},"clearTextFirst":true,"interactionType":"ENTER_TEXT"}]}
RESULT: {"script":"<script> [776 bytes]","args":[{"enterText":"10001013","selector":{"controlType":"sap.m.SearchField","properties":{"placeholder":"Search"},"searchOpenDialogs":true,"interaction":{"idSuffix":"I"}},"clearTextFirst":true,"interactionType":"ENTER_TEXT"}]}
COMMAND: POST /session/f2510c46535a82282fd70196afe2e571/actions - {"actions":[{"id":"action2","type":"key","parameters":{},"actions":[{"type":"keyDown","value":""},{"type":"pause","duration":10},{"type":"keyUp","value":""}]}]}
RESULT: {"actions":[{"id":"action2","type":"key","parameters":{},"actions":[{"type":"keyDown","value":""},{"type":"pause","duration":10},{"type":"keyUp","value":""}]}]}
COMMAND: GET /session/f2510c46535a82282fd70196afe2e571/screenshot - {}
RESULT: {}
COMMAND: POST /session/f2510c46535a82282fd70196afe2e571/element - {"using":"xpath","value":"//span[contains(text(), \"General Management\")]"}
RESULT: {"using":"xpath","value":"//span[contains(text(), \"General Management\")]"}
COMMAND: POST /session/f2510c46535a82282fd70196afe2e571/element/f.F7DC0DCC1AEA5B11728C456D26A3F950.d.F0AA6564088CBE46566A36EE2DDE94D1.e.1553/click - {}
RESULT: {}
COMMAND: GET /session/f2510c46535a82282fd70196afe2e571/screenshot - {}
RESULT: {}
COMMAND: POST /session/f2510c46535a82282fd70196afe2e571/element - {"using":"xpath","value":"//bdi[contains(text(), \"OK\")]"}
RESULT: {"using":"xpath","value":"//bdi[contains(text(), \"OK\")]"}
COMMAND: POST /session/f2510c46535a82282fd70196afe2e571/element/f.F7DC0DCC1AEA5B11728C456D26A3F950.d.F0AA6564088CBE46566A36EE2DDE94D1.e.1554/click - {}
RESULT: {}
COMMAND: GET /session/f2510c46535a82282fd70196afe2e571/screenshot - {}
RESULT: {}
COMMAND: POST /session/f2510c46535a82282fd70196afe2e571/element - {"using":"xpath","value":"//input[@id=\"application-managepartners-display-component---NewPartner--companyCodeComboBox-inner\"]"}
RESULT: {"using":"xpath","value":"//input[@id=\"application-managepartners-display-component---NewPartner--companyCodeComboBox-inner\"]"}
COMMAND: POST /session/f2510c46535a82282fd70196afe2e571/element/f.F7DC0DCC1AEA5B11728C456D26A3F950.d.F0AA6564088CBE46566A36EE2DDE94D1.e.1343/clear - {}
RESULT: {}
COMMAND: POST /session/f2510c46535a82282fd70196afe2e571/element/f.F7DC0DCC1AEA5B11728C456D26A3F950.d.F0AA6564088CBE46566A36EE2DDE94D1.e.1343/value - {"text":"1000"}
COMMAND: GET /session/f2510c46535a82282fd70196afe2e571/screenshot - {}
RESULT: {"text":"1000"}
COMMAND: GET /session/f2510c46535a82282fd70196afe2e571/screenshot - {}
RESULT: {}
RESULT: {}
COMMAND: POST /session/f2510c46535a82282fd70196afe2e571/element - {"using":"xpath","value":"//li[.//span[text()= \"1000\"]]"}
RESULT: {"using":"xpath","value":"//li[.//span[text()= \"1000\"]]"}
COMMAND: POST /session/f2510c46535a82282fd70196afe2e571/element/f.F7DC0DCC1AEA5B11728C456D26A3F950.d.F0AA6564088CBE46566A36EE2DDE94D1.e.1560/click - {}
RESULT: {}
COMMAND: GET /session/f2510c46535a82282fd70196afe2e571/screenshot - {}
RESULT: {}
COMMAND: POST /session/f2510c46535a82282fd70196afe2e571/execute/async - {"script":"<script> [1562 bytes]","args":[{"selector":{"id":"application-managepartners-display-component---NewPartner--btnAddTableRow-img"},"wdio_ui5_key":"applicationmanagepartners-display-component---NewPartner--btnAddTableRow-img"}]}
RESULT: {"script":"<script> [1562 bytes]","args":[{"selector":{"id":"application-managepartners-display-component---NewPartner--btnAddTableRow-img"},"wdio_ui5_key":"applicationmanagepartners-display-component---NewPartner--btnAddTableRow-img"}]}
RESULT: undefined
COMMAND: POST /session/f2510c46535a82282fd70196afe2e571/element - {"using":"xpath","value":"//*[@id=\"application-managepartners-display-component---NewPartner--btnAddTableRow-img\"]"}
RESULT: {"using":"xpath","value":"//*[@id=\"application-managepartners-display-component---NewPartner--btnAddTableRow-img\"]"}
COMMAND: POST /session/f2510c46535a82282fd70196afe2e571/element/f.F7DC0DCC1AEA5B11728C456D26A3F950.d.F0AA6564088CBE46566A36EE2DDE94D1.e.1561/click - {}
RESULT: {}
COMMAND: GET /session/f2510c46535a82282fd70196afe2e571/screenshot - {}
RESULT: {}
COMMAND: POST /session/f2510c46535a82282fd70196afe2e571/element - {"using":"xpath","value":"//input[@id=\"application-managepartners-display-component---NewPartner--assignmentYard-application-managepartners-display-component---NewPartner--assignmentsTable-0-inner\"]"}
RESULT: {"using":"xpath","value":"//input[@id=\"application-managepartners-display-component---NewPartner--assignmentYard-application-managepartners-display-component---NewPartner--assignmentsTable-0-inner\"]"}
COMMAND: POST /session/f2510c46535a82282fd70196afe2e571/element/f.F7DC0DCC1AEA5B11728C456D26A3F950.d.F0AA6564088CBE46566A36EE2DDE94D1.e.1564/clear - {}
RESULT: {}
COMMAND: POST /session/f2510c46535a82282fd70196afe2e571/element/f.F7DC0DCC1AEA5B11728C456D26A3F950.d.F0AA6564088CBE46566A36EE2DDE94D1.e.1564/value - {"text":"530"}
COMMAND: GET /session/f2510c46535a82282fd70196afe2e571/screenshot - {}
RESULT: {"text":"530"}
COMMAND: GET /session/f2510c46535a82282fd70196afe2e571/screenshot - {}
RESULT: {}
RESULT: {}
COMMAND: POST /session/f2510c46535a82282fd70196afe2e571/element - {"using":"xpath","value":"//li[.//span[text()='530']]"}
RESULT: {"using":"xpath","value":"//li[.//span[text()='530']]"}
COMMAND: POST /session/f2510c46535a82282fd70196afe2e571/element/f.F7DC0DCC1AEA5B11728C456D26A3F950.d.F0AA6564088CBE46566A36EE2DDE94D1.e.1573/click - {}
RESULT: {}
COMMAND: GET /session/f2510c46535a82282fd70196afe2e571/screenshot - {}
RESULT: {}
COMMAND: POST /session/f2510c46535a82282fd70196afe2e571/actions - {"actions":[{"id":"action3","type":"key","parameters":{},"actions":[{"type":"keyDown","value":""},{"type":"pause","duration":10},{"type":"keyUp","value":""}]}]}
RESULT: {"actions":[{"id":"action3","type":"key","parameters":{},"actions":[{"type":"keyDown","value":""},{"type":"pause","duration":10},{"type":"keyUp","value":""}]}]}
COMMAND: POST /session/f2510c46535a82282fd70196afe2e571/execute/async - {"script":"<script> [1562 bytes]","args":[{"selector":{"id":"application-managepartners-display-component---NewPartner--externalCustomerComboBox-application-managepartners-display-component---NewPartner--assignmentsTable-0-vhi"},"wdio_ui5_key":"applicationmanagepartners-display-component---NewPartner--externalCustomerComboBox-application-managepartners-display-component---NewPartner--assignmentsTable-0-vhi"}]}
COMMAND: GET /session/f2510c46535a82282fd70196afe2e571/screenshot - {}
RESULT: {"script":"<script> [1562 bytes]","args":[{"selector":{"id":"application-managepartners-display-component---NewPartner--externalCustomerComboBox-application-managepartners-display-component---NewPartner--assignmentsTable-0-vhi"},"wdio_ui5_key":"applicationmanagepartners-display-component---NewPartner--externalCustomerComboBox-application-managepartners-display-component---NewPartner--assignmentsTable-0-vhi"}]}
RESULT: undefined
COMMAND: POST /session/f2510c46535a82282fd70196afe2e571/element - {"using":"xpath","value":"//*[@id=\"application-managepartners-display-component---NewPartner--externalCustomerComboBox-application-managepartners-display-component---NewPartner--assignmentsTable-0-vhi\"]"}
RESULT: {}
RESULT: {"using":"xpath","value":"//*[@id=\"application-managepartners-display-component---NewPartner--externalCustomerComboBox-application-managepartners-display-component---NewPartner--assignmentsTable-0-vhi\"]"}
COMMAND: POST /session/f2510c46535a82282fd70196afe2e571/element/f.F7DC0DCC1AEA5B11728C456D26A3F950.d.F0AA6564088CBE46566A36EE2DDE94D1.e.1577/click - {}
RESULT: {}
RESULT: undefined
COMMAND: POST /session/f2510c46535a82282fd70196afe2e571/execute/async - {"script":"<script> [776 bytes]","args":[{"enterText":"300003","selector":{"controlType":"sap.m.SearchField","properties":{"placeholder":"Search"},"searchOpenDialogs":true,"interaction":{"idSuffix":"I"}},"clearTextFirst":true,"interactionType":"ENTER_TEXT"}]}
COMMAND: GET /session/f2510c46535a82282fd70196afe2e571/screenshot - {}
RESULT: {"script":"<script> [776 bytes]","args":[{"enterText":"300003","selector":{"controlType":"sap.m.SearchField","properties":{"placeholder":"Search"},"searchOpenDialogs":true,"interaction":{"idSuffix":"I"}},"clearTextFirst":true,"interactionType":"ENTER_TEXT"}]}
COMMAND: POST /session/f2510c46535a82282fd70196afe2e571/actions - {"actions":[{"id":"action4","type":"key","parameters":{},"actions":[{"type":"keyDown","value":""},{"type":"pause","duration":10},{"type":"keyUp","value":""}]}]}
RESULT: {}
RESULT: {"actions":[{"id":"action4","type":"key","parameters":{},"actions":[{"type":"keyDown","value":""},{"type":"pause","duration":10},{"type":"keyUp","value":""}]}]}
COMMAND: GET /session/f2510c46535a82282fd70196afe2e571/screenshot - {}
RESULT: {}
COMMAND: POST /session/f2510c46535a82282fd70196afe2e571/element - {"using":"xpath","value":"//span[contains(text(), \"300003\")]"}
RESULT: {"using":"xpath","value":"//span[contains(text(), \"300003\")]"}
COMMAND: POST /session/f2510c46535a82282fd70196afe2e571/element/f.F7DC0DCC1AEA5B11728C456D26A3F950.d.F0AA6564088CBE46566A36EE2DDE94D1.e.1594/click - {}
RESULT: {}
COMMAND: GET /session/f2510c46535a82282fd70196afe2e571/screenshot - {}
RESULT: {}
COMMAND: POST /session/f2510c46535a82282fd70196afe2e571/element - {"using":"xpath","value":"//bdi[contains(text(), \"OK\")]"}
RESULT: {"using":"xpath","value":"//bdi[contains(text(), \"OK\")]"}
COMMAND: POST /session/f2510c46535a82282fd70196afe2e571/element/f.F7DC0DCC1AEA5B11728C456D26A3F950.d.F0AA6564088CBE46566A36EE2DDE94D1.e.1596/click - {}
RESULT: {}
COMMAND: GET /session/f2510c46535a82282fd70196afe2e571/screenshot - {}
RESULT: {}
COMMAND: POST /session/f2510c46535a82282fd70196afe2e571/execute/async - {"script":"<script> [1562 bytes]","args":[{"selector":{"id":"application-managepartners-display-component---NewPartner--intercompVendorComboBox-application-managepartners-display-component---NewPartner--assignmentsTable-0-vhi"},"wdio_ui5_key":"applicationmanagepartners-display-component---NewPartner--intercompVendorComboBox-application-managepartners-display-component---NewPartner--assignmentsTable-0-vhi"}]}
RESULT: {"script":"<script> [1562 bytes]","args":[{"selector":{"id":"application-managepartners-display-component---NewPartner--intercompVendorComboBox-application-managepartners-display-component---NewPartner--assignmentsTable-0-vhi"},"wdio_ui5_key":"applicationmanagepartners-display-component---NewPartner--intercompVendorComboBox-application-managepartners-display-component---NewPartner--assignmentsTable-0-vhi"}]}
RESULT: undefined
COMMAND: POST /session/f2510c46535a82282fd70196afe2e571/element - {"using":"xpath","value":"//*[@id=\"application-managepartners-display-component---NewPartner--intercompVendorComboBox-application-managepartners-display-component---NewPartner--assignmentsTable-0-vhi\"]"}
RESULT: {"using":"xpath","value":"//*[@id=\"application-managepartners-display-component---NewPartner--intercompVendorComboBox-application-managepartners-display-component---NewPartner--assignmentsTable-0-vhi\"]"}
COMMAND: POST /session/f2510c46535a82282fd70196afe2e571/element/f.F7DC0DCC1AEA5B11728C456D26A3F950.d.F0AA6564088CBE46566A36EE2DDE94D1.e.1599/click - {}
RESULT: {}
RESULT: undefined
COMMAND: POST /session/f2510c46535a82282fd70196afe2e571/execute/async - {"script":"<script> [776 bytes]","args":[{"enterText":"100005","selector":{"controlType":"sap.m.SearchField","properties":{"placeholder":"Search"},"searchOpenDialogs":true,"interaction":{"idSuffix":"I"}},"clearTextFirst":true,"interactionType":"ENTER_TEXT"}]}
COMMAND: GET /session/f2510c46535a82282fd70196afe2e571/screenshot - {}
RESULT: {"script":"<script> [776 bytes]","args":[{"enterText":"100005","selector":{"controlType":"sap.m.SearchField","properties":{"placeholder":"Search"},"searchOpenDialogs":true,"interaction":{"idSuffix":"I"}},"clearTextFirst":true,"interactionType":"ENTER_TEXT"}]}
COMMAND: POST /session/f2510c46535a82282fd70196afe2e571/actions - {"actions":[{"id":"action5","type":"key","parameters":{},"actions":[{"type":"keyDown","value":""},{"type":"pause","duration":10},{"type":"keyUp","value":""}]}]}
RESULT: {}
RESULT: {"actions":[{"id":"action5","type":"key","parameters":{},"actions":[{"type":"keyDown","value":""},{"type":"pause","duration":10},{"type":"keyUp","value":""}]}]}
COMMAND: GET /session/f2510c46535a82282fd70196afe2e571/screenshot - {}
RESULT: {}
COMMAND: POST /session/f2510c46535a82282fd70196afe2e571/element - {"using":"xpath","value":"//span[contains(text(), \"Penguins - Field/12345 Berlin\")]"}
RESULT: {"using":"xpath","value":"//span[contains(text(), \"Penguins - Field/12345 Berlin\")]"}
COMMAND: POST /session/f2510c46535a82282fd70196afe2e571/element/f.F7DC0DCC1AEA5B11728C456D26A3F950.d.F0AA6564088CBE46566A36EE2DDE94D1.e.1616/click - {}
RESULT: {}
COMMAND: GET /session/f2510c46535a82282fd70196afe2e571/screenshot - {}
RESULT: {}
COMMAND: POST /session/f2510c46535a82282fd70196afe2e571/element - {"using":"xpath","value":"//bdi[contains(text(), \"OK\")]"}
RESULT: {"using":"xpath","value":"//bdi[contains(text(), \"OK\")]"}
COMMAND: POST /session/f2510c46535a82282fd70196afe2e571/element/f.F7DC0DCC1AEA5B11728C456D26A3F950.d.F0AA6564088CBE46566A36EE2DDE94D1.e.1617/click - {}
RESULT: {}
COMMAND: GET /session/f2510c46535a82282fd70196afe2e571/screenshot - {}
RESULT: {}
COMMAND: POST /session/f2510c46535a82282fd70196afe2e571/element - {"using":"xpath","value":"//button[@data-kt=\"saveButton\"]"}
RESULT: {"using":"xpath","value":"//button[@data-kt=\"saveButton\"]"}
COMMAND: POST /session/f2510c46535a82282fd70196afe2e571/element/f.F7DC0DCC1AEA5B11728C456D26A3F950.d.F0AA6564088CBE46566A36EE2DDE94D1.e.1380/click - {}
RESULT: {}
COMMAND: GET /session/f2510c46535a82282fd70196afe2e571/screenshot - {}
RESULT: {}
COMMAND: POST /session/f2510c46535a82282fd70196afe2e571/element - {"using":"xpath","value":"//header[contains(@id, 'ObjectPageLayout-headerTitle')]/div[1]/div[2]/div[2]/span[1]"}
RESULT: {"using":"xpath","value":"//header[contains(@id, 'ObjectPageLayout-headerTitle')]/div[1]/div[2]/div[2]/span[1]"}
COMMAND: POST /session/f2510c46535a82282fd70196afe2e571/elements - {"using":"xpath","value":"//header[contains(@id, 'ObjectPageLayout-headerTitle')]/div[1]/div[2]/div[2]/span[1]"}
RESULT: {"using":"xpath","value":"//header[contains(@id, 'ObjectPageLayout-headerTitle')]/div[1]/div[2]/div[2]/span[1]"}
COMMAND: POST /session/f2510c46535a82282fd70196afe2e571/execute/sync - {"script":"<script> [56 bytes]","args":[{"element-6066-11e4-a52e-4f735466cecf":"f.F7DC0DCC1AEA5B11728C456D26A3F950.d.F0AA6564088CBE46566A36EE2DDE94D1.e.1782","ELEMENT":"f.F7DC0DCC1AEA5B11728C456D26A3F950.d.F0AA6564088CBE46566A36EE2DDE94D1.e.1782"}]}
RESULT: {"script":"<script> [56 bytes]","args":[{"element-6066-11e4-a52e-4f735466cecf":"f.F7DC0DCC1AEA5B11728C456D26A3F950.d.F0AA6564088CBE46566A36EE2DDE94D1.e.1782","ELEMENT":"f.F7DC0DCC1AEA5B11728C456D26A3F950.d.F0AA6564088CBE46566A36EE2DDE94D1.e.1782"}]}
COMMAND: POST /session/f2510c46535a82282fd70196afe2e571/element - {"using":"css selector","value":"#shell-header-logo"}
COMMAND: GET /session/f2510c46535a82282fd70196afe2e571/screenshot - {}
RESULT: {"using":"css selector","value":"#shell-header-logo"}
COMMAND: POST /session/f2510c46535a82282fd70196afe2e571/element/f.F7DC0DCC1AEA5B11728C456D26A3F950.d.F0AA6564088CBE46566A36EE2DDE94D1.e.1001/click - {}
RESULT: {}
RESULT: {}
COMMAND: GET /session/f2510c46535a82282fd70196afe2e571/screenshot - {}
RESULT: {}
COMMAND: POST /session/f2510c46535a82282fd70196afe2e571/execute/sync - {"script":"<script> [299 bytes]","args":[["getModel","getResource"]]}
RESULT: {"script":"<script> [299 bytes]","args":[["getModel","getResource"]]}
]]></system-out>
    </testcase>
    <testcase classname="chrome.136_0_7103_93.windows.Billing_confirm_US117289" name="Should create a new site" time="148.428">
      <system-out><![CDATA[
COMMAND: GET /session/f2510c46535a82282fd70196afe2e571/screenshot - {}
COMMAND: POST /session/f2510c46535a82282fd70196afe2e571/execute/async - {"script":"<script> [1562 bytes]","args":[{"selector":{"controlType":"sap.m.GenericTile","properties":{"header":"Manage Sites"}},"wdio_ui5_key":"sapm.GenericTile{\"header\":\"Manage Sites\"}"}]}
RESULT: {}
RESULT: {"script":"<script> [1562 bytes]","args":[{"selector":{"controlType":"sap.m.GenericTile","properties":{"header":"Manage Sites"}},"wdio_ui5_key":"sapm.GenericTile{\"header\":\"Manage Sites\"}"}]}
RESULT: undefined
COMMAND: POST /session/f2510c46535a82282fd70196afe2e571/element - {"using":"xpath","value":"//*[@id=\"__tile40\"]"}
RESULT: {"using":"xpath","value":"//*[@id=\"__tile40\"]"}
COMMAND: POST /session/f2510c46535a82282fd70196afe2e571/element/f.F7DC0DCC1AEA5B11728C456D26A3F950.d.F0AA6564088CBE46566A36EE2DDE94D1.e.163/click - {}
RESULT: {}
COMMAND: GET /session/f2510c46535a82282fd70196afe2e571/screenshot - {}
RESULT: {}
COMMAND: POST /session/f2510c46535a82282fd70196afe2e571/elements - {"using":"xpath","value":"//span[text()='Error']"}
RESULT: {"using":"xpath","value":"//span[text()='Error']"}
COMMAND: POST /session/f2510c46535a82282fd70196afe2e571/element - {"using":"xpath","value":"//button[@data-kt=\"addOverflowToolbarButton\"]"}
RESULT: {"using":"xpath","value":"//button[@data-kt=\"addOverflowToolbarButton\"]"}
COMMAND: POST /session/f2510c46535a82282fd70196afe2e571/elements - {"using":"xpath","value":"//button[@data-kt=\"addOverflowToolbarButton\"]"}
RESULT: {"using":"xpath","value":"//button[@data-kt=\"addOverflowToolbarButton\"]"}
COMMAND: POST /session/f2510c46535a82282fd70196afe2e571/execute/sync - {"script":"<script> [8489 bytes]","args":[{"element-6066-11e4-a52e-4f735466cecf":"f.F7DC0DCC1AEA5B11728C456D26A3F950.d.F0AA6564088CBE46566A36EE2DDE94D1.e.1933","ELEMENT":"f.F7DC0DCC1AEA5B11728C456D26A3F950.d.F0AA6564088CBE46566A36EE2DDE94D1.e.1933"}]}
RESULT: {"script":"<script> [8489 bytes]","args":[{"element-6066-11e4-a52e-4f735466cecf":"f.F7DC0DCC1AEA5B11728C456D26A3F950.d.F0AA6564088CBE46566A36EE2DDE94D1.e.1933","ELEMENT":"f.F7DC0DCC1AEA5B11728C456D26A3F950.d.F0AA6564088CBE46566A36EE2DDE94D1.e.1933"}]}
COMMAND: GET /session/f2510c46535a82282fd70196afe2e571/element/f.F7DC0DCC1AEA5B11728C456D26A3F950.d.F0AA6564088CBE46566A36EE2DDE94D1.e.1933/enabled - {}
COMMAND: GET /session/f2510c46535a82282fd70196afe2e571/screenshot - {}
RESULT: {}
COMMAND: POST /session/f2510c46535a82282fd70196afe2e571/execute/sync - {"script":"<script> [8489 bytes]","args":[{"element-6066-11e4-a52e-4f735466cecf":"f.F7DC0DCC1AEA5B11728C456D26A3F950.d.F0AA6564088CBE46566A36EE2DDE94D1.e.1933","ELEMENT":"f.F7DC0DCC1AEA5B11728C456D26A3F950.d.F0AA6564088CBE46566A36EE2DDE94D1.e.1933"}]}
COMMAND: GET /session/f2510c46535a82282fd70196afe2e571/screenshot - {}
RESULT: {}
RESULT: {"script":"<script> [8489 bytes]","args":[{"element-6066-11e4-a52e-4f735466cecf":"f.F7DC0DCC1AEA5B11728C456D26A3F950.d.F0AA6564088CBE46566A36EE2DDE94D1.e.1933","ELEMENT":"f.F7DC0DCC1AEA5B11728C456D26A3F950.d.F0AA6564088CBE46566A36EE2DDE94D1.e.1933"}]}
COMMAND: POST /session/f2510c46535a82282fd70196afe2e571/execute/sync - {"script":"<script> [5351 bytes]","args":[{"element-6066-11e4-a52e-4f735466cecf":"f.F7DC0DCC1AEA5B11728C456D26A3F950.d.F0AA6564088CBE46566A36EE2DDE94D1.e.1933","ELEMENT":"f.F7DC0DCC1AEA5B11728C456D26A3F950.d.F0AA6564088CBE46566A36EE2DDE94D1.e.1933"}]}
COMMAND: GET /session/f2510c46535a82282fd70196afe2e571/screenshot - {}
RESULT: {}
RESULT: {"script":"<script> [5351 bytes]","args":[{"element-6066-11e4-a52e-4f735466cecf":"f.F7DC0DCC1AEA5B11728C456D26A3F950.d.F0AA6564088CBE46566A36EE2DDE94D1.e.1933","ELEMENT":"f.F7DC0DCC1AEA5B11728C456D26A3F950.d.F0AA6564088CBE46566A36EE2DDE94D1.e.1933"}]}
COMMAND: POST /session/f2510c46535a82282fd70196afe2e571/element/f.F7DC0DCC1AEA5B11728C456D26A3F950.d.F0AA6564088CBE46566A36EE2DDE94D1.e.1933/click - {}
COMMAND: GET /session/f2510c46535a82282fd70196afe2e571/screenshot - {}
RESULT: {}
RESULT: {}
COMMAND: GET /session/f2510c46535a82282fd70196afe2e571/screenshot - {}
RESULT: {}
RESULT: {}
COMMAND: POST /session/f2510c46535a82282fd70196afe2e571/element - {"using":"xpath","value":"//input[@id=\"application-managesites-display-component---NewSite--siteId-inner\"]"}
RESULT: {"using":"xpath","value":"//input[@id=\"application-managesites-display-component---NewSite--siteId-inner\"]"}
COMMAND: POST /session/f2510c46535a82282fd70196afe2e571/element - {"using":"xpath","value":"//input[@id=\"application-managesites-display-component---NewSite--siteId-inner\"]"}
RESULT: {"using":"xpath","value":"//input[@id=\"application-managesites-display-component---NewSite--siteId-inner\"]"}
COMMAND: POST /session/f2510c46535a82282fd70196afe2e571/execute/async - {"script":"<script> [1562 bytes]","args":[{"selector":{"id":"application-managesites-display-component---NewSite--addressDetailDetailsName1","interaction":{"idSuffix":"inner"}},"wdio_ui5_key":"applicationmanagesites-display-component---NewSite--addressDetailDetailsName1"}]}
RESULT: {"script":"<script> [1562 bytes]","args":[{"selector":{"id":"application-managesites-display-component---NewSite--addressDetailDetailsName1","interaction":{"idSuffix":"inner"}},"wdio_ui5_key":"applicationmanagesites-display-component---NewSite--addressDetailDetailsName1"}]}
RESULT: undefined
COMMAND: POST /session/f2510c46535a82282fd70196afe2e571/execute/async - {"script":"<script> [776 bytes]","args":[{"enterText":"Intracompany Site wdIO","selector":{"id":"application-managesites-display-component---NewSite--addressDetailDetailsName1","interaction":{"idSuffix":"inner"}},"clearTextFirst":true,"interactionType":"ENTER_TEXT"}]}
RESULT: {"script":"<script> [776 bytes]","args":[{"enterText":"Intracompany Site wdIO","selector":{"id":"application-managesites-display-component---NewSite--addressDetailDetailsName1","interaction":{"idSuffix":"inner"}},"clearTextFirst":true,"interactionType":"ENTER_TEXT"}]}
COMMAND: POST /session/f2510c46535a82282fd70196afe2e571/execute/async - {"script":"<script> [1562 bytes]","args":[{"selector":{"id":"application-managesites-display-component---NewSite--addressDetailDetailsLanguage-arrow"},"wdio_ui5_key":"applicationmanagesites-display-component---NewSite--addressDetailDetailsLanguage-arrow"}]}
RESULT: {"script":"<script> [1562 bytes]","args":[{"selector":{"id":"application-managesites-display-component---NewSite--addressDetailDetailsLanguage-arrow"},"wdio_ui5_key":"applicationmanagesites-display-component---NewSite--addressDetailDetailsLanguage-arrow"}]}
RESULT: undefined
COMMAND: POST /session/f2510c46535a82282fd70196afe2e571/element - {"using":"xpath","value":"//*[@id=\"application-managesites-display-component---NewSite--addressDetailDetailsLanguage-arrow\"]"}
RESULT: {"using":"xpath","value":"//*[@id=\"application-managesites-display-component---NewSite--addressDetailDetailsLanguage-arrow\"]"}
COMMAND: POST /session/f2510c46535a82282fd70196afe2e571/element/f.F7DC0DCC1AEA5B11728C456D26A3F950.d.F0AA6564088CBE46566A36EE2DDE94D1.e.2495/click - {}
RESULT: {}
COMMAND: POST /session/f2510c46535a82282fd70196afe2e571/element - {"using":"xpath","value":"//span[contains(text(), \"English\")]"}
COMMAND: GET /session/f2510c46535a82282fd70196afe2e571/screenshot - {}
RESULT: {"using":"xpath","value":"//span[contains(text(), \"English\")]"}
COMMAND: POST /session/f2510c46535a82282fd70196afe2e571/element/f.F7DC0DCC1AEA5B11728C456D26A3F950.d.F0AA6564088CBE46566A36EE2DDE94D1.e.2496/click - {}
RESULT: {}
RESULT: {}
COMMAND: POST /session/f2510c46535a82282fd70196afe2e571/execute/async - {"script":"<script> [1562 bytes]","args":[{"selector":{"id":"application-managesites-display-component---NewSite--addressDetailDetailsCity1","interaction":{"idSuffix":"inner"}},"wdio_ui5_key":"applicationmanagesites-display-component---NewSite--addressDetailDetailsCity1"}]}
COMMAND: GET /session/f2510c46535a82282fd70196afe2e571/screenshot - {}
RESULT: {"script":"<script> [1562 bytes]","args":[{"selector":{"id":"application-managesites-display-component---NewSite--addressDetailDetailsCity1","interaction":{"idSuffix":"inner"}},"wdio_ui5_key":"applicationmanagesites-display-component---NewSite--addressDetailDetailsCity1"}]}
RESULT: undefined
COMMAND: POST /session/f2510c46535a82282fd70196afe2e571/execute/async - {"script":"<script> [776 bytes]","args":[{"enterText":"Rosario","selector":{"id":"application-managesites-display-component---NewSite--addressDetailDetailsCity1","interaction":{"idSuffix":"inner"}},"clearTextFirst":true,"interactionType":"ENTER_TEXT"}]}
RESULT: {}
RESULT: {"script":"<script> [776 bytes]","args":[{"enterText":"Rosario","selector":{"id":"application-managesites-display-component---NewSite--addressDetailDetailsCity1","interaction":{"idSuffix":"inner"}},"clearTextFirst":true,"interactionType":"ENTER_TEXT"}]}
COMMAND: POST /session/f2510c46535a82282fd70196afe2e571/execute/async - {"script":"<script> [1562 bytes]","args":[{"selector":{"id":"application-managesites-display-component---NewSite--addressDetailDetailsCountry-arrow"},"wdio_ui5_key":"applicationmanagesites-display-component---NewSite--addressDetailDetailsCountry-arrow"}]}
RESULT: {"script":"<script> [1562 bytes]","args":[{"selector":{"id":"application-managesites-display-component---NewSite--addressDetailDetailsCountry-arrow"},"wdio_ui5_key":"applicationmanagesites-display-component---NewSite--addressDetailDetailsCountry-arrow"}]}
RESULT: undefined
COMMAND: POST /session/f2510c46535a82282fd70196afe2e571/element - {"using":"xpath","value":"//*[@id=\"application-managesites-display-component---NewSite--addressDetailDetailsCountry-arrow\"]"}
RESULT: {"using":"xpath","value":"//*[@id=\"application-managesites-display-component---NewSite--addressDetailDetailsCountry-arrow\"]"}
COMMAND: POST /session/f2510c46535a82282fd70196afe2e571/element/f.F7DC0DCC1AEA5B11728C456D26A3F950.d.F0AA6564088CBE46566A36EE2DDE94D1.e.2498/click - {}
RESULT: {}
COMMAND: POST /session/f2510c46535a82282fd70196afe2e571/element - {"using":"xpath","value":"//span[contains(text(), \"Argentina\")]"}
COMMAND: GET /session/f2510c46535a82282fd70196afe2e571/screenshot - {}
RESULT: {"using":"xpath","value":"//span[contains(text(), \"Argentina\")]"}
COMMAND: POST /session/f2510c46535a82282fd70196afe2e571/element/f.F7DC0DCC1AEA5B11728C456D26A3F950.d.F0AA6564088CBE46566A36EE2DDE94D1.e.2499/click - {}
RESULT: {}
RESULT: {}
COMMAND: GET /session/f2510c46535a82282fd70196afe2e571/screenshot - {}
RESULT: {}
COMMAND: POST /session/f2510c46535a82282fd70196afe2e571/execute/async - {"script":"<script> [1562 bytes]","args":[{"selector":{"id":"application-managesites-display-component---NewSite--addressEditDetailsCostObjectCstType-arrow"},"wdio_ui5_key":"applicationmanagesites-display-component---NewSite--addressEditDetailsCostObjectCstType-arrow"}]}
RESULT: {"script":"<script> [1562 bytes]","args":[{"selector":{"id":"application-managesites-display-component---NewSite--addressEditDetailsCostObjectCstType-arrow"},"wdio_ui5_key":"applicationmanagesites-display-component---NewSite--addressEditDetailsCostObjectCstType-arrow"}]}
RESULT: undefined
COMMAND: POST /session/f2510c46535a82282fd70196afe2e571/element - {"using":"xpath","value":"//*[@id=\"application-managesites-display-component---NewSite--addressEditDetailsCostObjectCstType-arrow\"]"}
RESULT: {"using":"xpath","value":"//*[@id=\"application-managesites-display-component---NewSite--addressEditDetailsCostObjectCstType-arrow\"]"}
COMMAND: POST /session/f2510c46535a82282fd70196afe2e571/element/f.F7DC0DCC1AEA5B11728C456D26A3F950.d.F0AA6564088CBE46566A36EE2DDE94D1.e.2500/click - {}
RESULT: {}
COMMAND: POST /session/f2510c46535a82282fd70196afe2e571/element - {"using":"xpath","value":"//span[contains(text(), \"Cost Center\")]"}
COMMAND: GET /session/f2510c46535a82282fd70196afe2e571/screenshot - {}
RESULT: {"using":"xpath","value":"//span[contains(text(), \"Cost Center\")]"}
COMMAND: POST /session/f2510c46535a82282fd70196afe2e571/element/f.F7DC0DCC1AEA5B11728C456D26A3F950.d.F0AA6564088CBE46566A36EE2DDE94D1.e.2502/click - {}
RESULT: {}
RESULT: {}
COMMAND: GET /session/f2510c46535a82282fd70196afe2e571/screenshot - {}
RESULT: {}
COMMAND: POST /session/f2510c46535a82282fd70196afe2e571/element - {"using":"xpath","value":"//span[@id=\"application-managesites-display-component---NewSite--addressNewCostObjectCstID-vhi\"]"}
RESULT: {"using":"xpath","value":"//span[@id=\"application-managesites-display-component---NewSite--addressNewCostObjectCstID-vhi\"]"}
COMMAND: POST /session/f2510c46535a82282fd70196afe2e571/execute/sync - {"script":"<script> [8489 bytes]","args":[{"element-6066-11e4-a52e-4f735466cecf":"f.F7DC0DCC1AEA5B11728C456D26A3F950.d.F0AA6564088CBE46566A36EE2DDE94D1.e.2506","ELEMENT":"f.F7DC0DCC1AEA5B11728C456D26A3F950.d.F0AA6564088CBE46566A36EE2DDE94D1.e.2506"}]}
RESULT: {"script":"<script> [8489 bytes]","args":[{"element-6066-11e4-a52e-4f735466cecf":"f.F7DC0DCC1AEA5B11728C456D26A3F950.d.F0AA6564088CBE46566A36EE2DDE94D1.e.2506","ELEMENT":"f.F7DC0DCC1AEA5B11728C456D26A3F950.d.F0AA6564088CBE46566A36EE2DDE94D1.e.2506"}]}
COMMAND: POST /session/f2510c46535a82282fd70196afe2e571/execute/async - {"script":"<script> [1562 bytes]","args":[{"selector":{"id":"application-managesites-display-component---NewSite--addressNewCostObjectCstID-vhi"},"wdio_ui5_key":"applicationmanagesites-display-component---NewSite--addressNewCostObjectCstID-vhi"}]}
COMMAND: GET /session/f2510c46535a82282fd70196afe2e571/screenshot - {}
RESULT: {"script":"<script> [1562 bytes]","args":[{"selector":{"id":"application-managesites-display-component---NewSite--addressNewCostObjectCstID-vhi"},"wdio_ui5_key":"applicationmanagesites-display-component---NewSite--addressNewCostObjectCstID-vhi"}]}
RESULT: undefined
COMMAND: POST /session/f2510c46535a82282fd70196afe2e571/element - {"using":"xpath","value":"//*[@id=\"application-managesites-display-component---NewSite--addressNewCostObjectCstID-vhi\"]"}
RESULT: {}
RESULT: {"using":"xpath","value":"//*[@id=\"application-managesites-display-component---NewSite--addressNewCostObjectCstID-vhi\"]"}
COMMAND: POST /session/f2510c46535a82282fd70196afe2e571/element/f.F7DC0DCC1AEA5B11728C456D26A3F950.d.F0AA6564088CBE46566A36EE2DDE94D1.e.2506/click - {}
RESULT: {}
COMMAND: GET /session/f2510c46535a82282fd70196afe2e571/screenshot - {}
RESULT: {}
RESULT: undefined
COMMAND: POST /session/f2510c46535a82282fd70196afe2e571/execute/async - {"script":"<script> [776 bytes]","args":[{"enterText":"10001013","selector":{"controlType":"sap.m.SearchField","properties":{"placeholder":"Search"},"searchOpenDialogs":true,"interaction":{"idSuffix":"I"}},"clearTextFirst":true,"interactionType":"ENTER_TEXT"}]}
RESULT: {"script":"<script> [776 bytes]","args":[{"enterText":"10001013","selector":{"controlType":"sap.m.SearchField","properties":{"placeholder":"Search"},"searchOpenDialogs":true,"interaction":{"idSuffix":"I"}},"clearTextFirst":true,"interactionType":"ENTER_TEXT"}]}
COMMAND: POST /session/f2510c46535a82282fd70196afe2e571/actions - {"actions":[{"id":"action6","type":"key","parameters":{},"actions":[{"type":"keyDown","value":""},{"type":"pause","duration":10},{"type":"keyUp","value":""}]}]}
RESULT: {"actions":[{"id":"action6","type":"key","parameters":{},"actions":[{"type":"keyDown","value":""},{"type":"pause","duration":10},{"type":"keyUp","value":""}]}]}
COMMAND: GET /session/f2510c46535a82282fd70196afe2e571/screenshot - {}
RESULT: {}
COMMAND: POST /session/f2510c46535a82282fd70196afe2e571/element - {"using":"xpath","value":"//span[contains(text(), \"General Management\")]"}
RESULT: {"using":"xpath","value":"//span[contains(text(), \"General Management\")]"}
COMMAND: POST /session/f2510c46535a82282fd70196afe2e571/element/f.F7DC0DCC1AEA5B11728C456D26A3F950.d.F0AA6564088CBE46566A36EE2DDE94D1.e.2546/click - {}
RESULT: {}
COMMAND: GET /session/f2510c46535a82282fd70196afe2e571/screenshot - {}
RESULT: {}
COMMAND: POST /session/f2510c46535a82282fd70196afe2e571/element - {"using":"xpath","value":"//bdi[contains(text(), \"OK\")]"}
RESULT: {"using":"xpath","value":"//bdi[contains(text(), \"OK\")]"}
COMMAND: POST /session/f2510c46535a82282fd70196afe2e571/element/f.F7DC0DCC1AEA5B11728C456D26A3F950.d.F0AA6564088CBE46566A36EE2DDE94D1.e.2547/click - {}
RESULT: {}
COMMAND: GET /session/f2510c46535a82282fd70196afe2e571/screenshot - {}
RESULT: {}
COMMAND: POST /session/f2510c46535a82282fd70196afe2e571/element - {"using":"xpath","value":"//input[@id=\"application-managesites-display-component---NewSite--addressDetailDetailsCalendar-inner\"]"}
RESULT: {"using":"xpath","value":"//input[@id=\"application-managesites-display-component---NewSite--addressDetailDetailsCalendar-inner\"]"}
COMMAND: POST /session/f2510c46535a82282fd70196afe2e571/element/f.F7DC0DCC1AEA5B11728C456D26A3F950.d.F0AA6564088CBE46566A36EE2DDE94D1.e.2292/clear - {}
RESULT: {}
COMMAND: POST /session/f2510c46535a82282fd70196afe2e571/element/f.F7DC0DCC1AEA5B11728C456D26A3F950.d.F0AA6564088CBE46566A36EE2DDE94D1.e.2292/value - {"text":"Unit"}
COMMAND: GET /session/f2510c46535a82282fd70196afe2e571/screenshot - {}
RESULT: {"text":"Unit"}
COMMAND: GET /session/f2510c46535a82282fd70196afe2e571/screenshot - {}
RESULT: {}
RESULT: {}
COMMAND: POST /session/f2510c46535a82282fd70196afe2e571/actions - {"actions":[{"id":"action7","type":"key","parameters":{},"actions":[{"type":"keyDown","value":""},{"type":"pause","duration":10},{"type":"keyUp","value":""}]}]}
RESULT: {"actions":[{"id":"action7","type":"key","parameters":{},"actions":[{"type":"keyDown","value":""},{"type":"pause","duration":10},{"type":"keyUp","value":""}]}]}
COMMAND: POST /session/f2510c46535a82282fd70196afe2e571/element - {"using":"xpath","value":"//input[@id=\"application-managesites-display-component---NewSite--addressDetailDetailsYard-inner\"]"}
COMMAND: GET /session/f2510c46535a82282fd70196afe2e571/screenshot - {}
RESULT: {"using":"xpath","value":"//input[@id=\"application-managesites-display-component---NewSite--addressDetailDetailsYard-inner\"]"}
COMMAND: POST /session/f2510c46535a82282fd70196afe2e571/element/f.F7DC0DCC1AEA5B11728C456D26A3F950.d.F0AA6564088CBE46566A36EE2DDE94D1.e.2293/clear - {}
RESULT: {}
RESULT: {}
COMMAND: POST /session/f2510c46535a82282fd70196afe2e571/element/f.F7DC0DCC1AEA5B11728C456D26A3F950.d.F0AA6564088CBE46566A36EE2DDE94D1.e.2293/value - {"text":"530"}
COMMAND: GET /session/f2510c46535a82282fd70196afe2e571/screenshot - {}
RESULT: {}
RESULT: {"text":"530"}
COMMAND: GET /session/f2510c46535a82282fd70196afe2e571/screenshot - {}
RESULT: {}
COMMAND: POST /session/f2510c46535a82282fd70196afe2e571/element - {"using":"xpath","value":"//li[.//span[text()='530']]"}
RESULT: {"using":"xpath","value":"//li[.//span[text()='530']]"}
COMMAND: POST /session/f2510c46535a82282fd70196afe2e571/element/f.F7DC0DCC1AEA5B11728C456D26A3F950.d.F0AA6564088CBE46566A36EE2DDE94D1.e.2555/click - {}
RESULT: {}
COMMAND: GET /session/f2510c46535a82282fd70196afe2e571/screenshot - {}
RESULT: {}
COMMAND: POST /session/f2510c46535a82282fd70196afe2e571/element - {"using":"xpath","value":"//input[@id=\"application-managesites-display-component---NewSite--addressDetailDetailsPartner-inner\"]"}
RESULT: {"using":"xpath","value":"//input[@id=\"application-managesites-display-component---NewSite--addressDetailDetailsPartner-inner\"]"}
COMMAND: POST /session/f2510c46535a82282fd70196afe2e571/element - {"using":"xpath","value":"//input[@id=\"application-managesites-display-component---NewSite--addressDetailDetailsPartner-inner\"]"}
RESULT: {"using":"xpath","value":"//input[@id=\"application-managesites-display-component---NewSite--addressDetailDetailsPartner-inner\"]"}
COMMAND: POST /session/f2510c46535a82282fd70196afe2e571/element - {"using":"xpath","value":"//button[@data-kt=\"saveButton\"]"}
RESULT: {"using":"xpath","value":"//button[@data-kt=\"saveButton\"]"}
COMMAND: POST /session/f2510c46535a82282fd70196afe2e571/element/f.F7DC0DCC1AEA5B11728C456D26A3F950.d.F0AA6564088CBE46566A36EE2DDE94D1.e.2477/click - {}
RESULT: {}
COMMAND: GET /session/f2510c46535a82282fd70196afe2e571/screenshot - {}
RESULT: {}
COMMAND: POST /session/f2510c46535a82282fd70196afe2e571/element - {"using":"xpath","value":"//header[contains(@id, 'ObjectPageLayout-headerTitle')]/div[1]/div[2]/div[2]/span[1]"}
RESULT: {"using":"xpath","value":"//header[contains(@id, 'ObjectPageLayout-headerTitle')]/div[1]/div[2]/div[2]/span[1]"}
COMMAND: POST /session/f2510c46535a82282fd70196afe2e571/elements - {"using":"xpath","value":"//header[contains(@id, 'ObjectPageLayout-headerTitle')]/div[1]/div[2]/div[2]/span[1]"}
RESULT: {"using":"xpath","value":"//header[contains(@id, 'ObjectPageLayout-headerTitle')]/div[1]/div[2]/div[2]/span[1]"}
COMMAND: POST /session/f2510c46535a82282fd70196afe2e571/execute/sync - {"script":"<script> [56 bytes]","args":[{"element-6066-11e4-a52e-4f735466cecf":"f.F7DC0DCC1AEA5B11728C456D26A3F950.d.F0AA6564088CBE46566A36EE2DDE94D1.e.2758","ELEMENT":"f.F7DC0DCC1AEA5B11728C456D26A3F950.d.F0AA6564088CBE46566A36EE2DDE94D1.e.2758"}]}
RESULT: {"script":"<script> [56 bytes]","args":[{"element-6066-11e4-a52e-4f735466cecf":"f.F7DC0DCC1AEA5B11728C456D26A3F950.d.F0AA6564088CBE46566A36EE2DDE94D1.e.2758","ELEMENT":"f.F7DC0DCC1AEA5B11728C456D26A3F950.d.F0AA6564088CBE46566A36EE2DDE94D1.e.2758"}]}
COMMAND: POST /session/f2510c46535a82282fd70196afe2e571/element - {"using":"css selector","value":"#shell-header-logo"}
COMMAND: GET /session/f2510c46535a82282fd70196afe2e571/screenshot - {}
RESULT: {"using":"css selector","value":"#shell-header-logo"}
COMMAND: POST /session/f2510c46535a82282fd70196afe2e571/element/f.F7DC0DCC1AEA5B11728C456D26A3F950.d.F0AA6564088CBE46566A36EE2DDE94D1.e.1787/click - {}
RESULT: {}
RESULT: {}
COMMAND: GET /session/f2510c46535a82282fd70196afe2e571/screenshot - {}
RESULT: {}
COMMAND: POST /session/f2510c46535a82282fd70196afe2e571/execute/sync - {"script":"<script> [299 bytes]","args":[["getModel","getResource"]]}
RESULT: {"script":"<script> [299 bytes]","args":[["getModel","getResource"]]}
COMMAND: POST /session/f2510c46535a82282fd70196afe2e571/actions - {"actions":[{"id":"action8","type":"key","parameters":{},"actions":[{"type":"keyDown","value":""},{"type":"pause","duration":10},{"type":"keyUp","value":""}]}]}
COMMAND: GET /session/f2510c46535a82282fd70196afe2e571/screenshot - {}
RESULT: {"actions":[{"id":"action8","type":"key","parameters":{},"actions":[{"type":"keyDown","value":""},{"type":"pause","duration":10},{"type":"keyUp","value":""}]}]}
COMMAND: GET /session/f2510c46535a82282fd70196afe2e571/screenshot - {}
RESULT: {}
RESULT: {}
COMMAND: POST /session/f2510c46535a82282fd70196afe2e571/refresh - {}
RESULT: {}
COMMAND: GET /session/f2510c46535a82282fd70196afe2e571/screenshot - {}
RESULT: {}
COMMAND: POST /session/f2510c46535a82282fd70196afe2e571/refresh - {}
RESULT: {}
COMMAND: GET /session/f2510c46535a82282fd70196afe2e571/screenshot - {}
RESULT: {}
COMMAND: POST /session/f2510c46535a82282fd70196afe2e571/window/fullscreen - {}
RESULT: {}
COMMAND: POST /session/f2510c46535a82282fd70196afe2e571/execute/async - {"script":"<script> [189 bytes]","args":[]}
RESULT: {"script":"<script> [189 bytes]","args":[]}
COMMAND: POST /session/f2510c46535a82282fd70196afe2e571/execute/async - {"script":"<script> [123 bytes]","args":[]}
RESULT: {"script":"<script> [123 bytes]","args":[]}
COMMAND: POST /session/f2510c46535a82282fd70196afe2e571/timeouts - {"script":"<number>"}
RESULT: {"script":"<number>"}
COMMAND: GET /session/f2510c46535a82282fd70196afe2e571/timeouts - {}
RESULT: {}
RESULT: undefined
COMMAND: POST /session/f2510c46535a82282fd70196afe2e571/execute/async - {"script":"<script> [2676 bytes]","args":[]}
RESULT: {"script":"<script> [2676 bytes]","args":[]}
COMMAND: POST /session/f2510c46535a82282fd70196afe2e571/execute/async - {"script":"<script> [2342 bytes]","args":[{"protocol":"http","hostname":"0.0.0.0","path":"/","capabilities":{"browserName":"chrome","goog:chromeOptions":{"binary":"C:\\Program Files\\Google\\Chrome\\Application\\chrome.exe","args":["--start-maximized"]}},"logLevel":"warn","connectionRetryTimeout":120000,"connectionRetryCount":3,"logLevels":{},"enableDirectConnect":true,"strictSSL":true,"_":"65 more keys: [\"cacheDir\",\"port\",\"requestedCapabilities\",\"automationProtocol\",\"baseUrl\",\"waitforInterval\",\"waitforTimeout\",\"onReload\",\"beforeCommand\",\"afterCommand\",\"rootDir\",\"specs\",\"suites\",\"exclude\",\"groupLogsByTestSpec\",\"excludeDriverLogs\",\"bail\",\"framework\",\"reporters\",\"services\",\"maxInstances\",\"maxInstancesPerCapability\",\"injectGlobals\",\"filesToWatch\",\"execArgv\",\"runnerEnv\",\"runner\",\"shard\",\"specFileRetries\",\"specFileRetriesDelay\",\"specFileRetriesDeferred\",\"reporterSyncInterval\",\"reporterSyncTimeout\",\"cucumberFeaturesWithLineNumbers\",\"autoCompileOpts\",\"mochaOpts\",\"jasmineOpts\",\"cucumberOpts\",\"onPrepare\",\"onWorkerStart\",\"onWorkerEnd\",\"before\",\"beforeSession\",\"beforeSuite\",\"beforeHook\",\"beforeTest\",\"afterTest\",\"afterHook\",\"afterSuite\",\"afterSession\",\"after\",\"onComplete\",\"beforeAssertion\",\"afterAssertion\",\"beforeFeature\",\"beforeScenario\",\"beforeStep\",\"afterStep\",\"afterScenario\",\"afterFeature\",\"_\",\"suite\",\"$0\",\"ignoredWorkerServices\",\"wdi5\"]"}]}
RESULT: {"script":"<script> [2342 bytes]","args":[{"protocol":"http","hostname":"0.0.0.0","path":"/","capabilities":{"browserName":"chrome","goog:chromeOptions":{"binary":"C:\\Program Files\\Google\\Chrome\\Application\\chrome.exe","args":["--start-maximized"]}},"logLevel":"warn","connectionRetryTimeout":120000,"connectionRetryCount":3,"logLevels":{},"enableDirectConnect":true,"strictSSL":true,"_":"65 more keys: [\"cacheDir\",\"port\",\"requestedCapabilities\",\"automationProtocol\",\"baseUrl\",\"waitforInterval\",\"waitforTimeout\",\"onReload\",\"beforeCommand\",\"afterCommand\",\"rootDir\",\"specs\",\"suites\",\"exclude\",\"groupLogsByTestSpec\",\"excludeDriverLogs\",\"bail\",\"framework\",\"reporters\",\"services\",\"maxInstances\",\"maxInstancesPerCapability\",\"injectGlobals\",\"filesToWatch\",\"execArgv\",\"runnerEnv\",\"runner\",\"shard\",\"specFileRetries\",\"specFileRetriesDelay\",\"specFileRetriesDeferred\",\"reporterSyncInterval\",\"reporterSyncTimeout\",\"cucumberFeaturesWithLineNumbers\",\"autoCompileOpts\",\"mochaOpts\",\"jasmineOpts\",\"cucumberOpts\",\"onPrepare\",\"onWorkerStart\",\"onWorkerEnd\",\"before\",\"beforeSession\",\"beforeSuite\",\"beforeHook\",\"beforeTest\",\"afterTest\",\"afterHook\",\"afterSuite\",\"afterSession\",\"after\",\"onComplete\",\"beforeAssertion\",\"afterAssertion\",\"beforeFeature\",\"beforeScenario\",\"beforeStep\",\"afterStep\",\"afterScenario\",\"afterFeature\",\"_\",\"suite\",\"$0\",\"ignoredWorkerServices\",\"wdi5\"]"}]}
COMMAND: POST /session/f2510c46535a82282fd70196afe2e571/execute/async - {"script":"<script> [21126 bytes]","args":[35000]}
RESULT: {"script":"<script> [21126 bytes]","args":[35000]}
COMMAND: POST /session/f2510c46535a82282fd70196afe2e571/window/fullscreen - {}
RESULT: {}
]]></system-out>
    </testcase>
    <testcase classname="chrome.136_0_7103_93.windows.Billing_confirm_US117289" name="Should create a new equipment" time="132.342">
      <system-out><![CDATA[
COMMAND: POST /session/f2510c46535a82282fd70196afe2e571/execute/async - {"script":"<script> [1562 bytes]","args":[{"selector":{"controlType":"sap.m.GenericTile","properties":{"header":"Manage Resources"}},"wdio_ui5_key":"sapm.GenericTile{\"header\":\"Manage Resources\"}"}]}
RESULT: {"script":"<script> [1562 bytes]","args":[{"selector":{"controlType":"sap.m.GenericTile","properties":{"header":"Manage Resources"}},"wdio_ui5_key":"sapm.GenericTile{\"header\":\"Manage Resources\"}"}]}
RESULT: undefined
COMMAND: POST /session/f2510c46535a82282fd70196afe2e571/element - {"using":"xpath","value":"//*[@id=\"__tile31\"]"}
RESULT: {"using":"xpath","value":"//*[@id=\"__tile31\"]"}
COMMAND: POST /session/f2510c46535a82282fd70196afe2e571/element/f.F7DC0DCC1AEA5B11728C456D26A3F950.d.14C13AFFC644460AA24C296DC8899AED.e.2832/click - {}
RESULT: {}
COMMAND: GET /session/f2510c46535a82282fd70196afe2e571/screenshot - {}
RESULT: {}
COMMAND: POST /session/f2510c46535a82282fd70196afe2e571/elements - {"using":"xpath","value":"//span[text()='Error']"}
RESULT: {"using":"xpath","value":"//span[text()='Error']"}
COMMAND: POST /session/f2510c46535a82282fd70196afe2e571/element - {"using":"xpath","value":"//button[@data-kt=\"addNewRUOverflowToolbarButton\"]"}
RESULT: {"using":"xpath","value":"//button[@data-kt=\"addNewRUOverflowToolbarButton\"]"}
COMMAND: POST /session/f2510c46535a82282fd70196afe2e571/elements - {"using":"xpath","value":"//button[@data-kt=\"addNewRUOverflowToolbarButton\"]"}
RESULT: {"using":"xpath","value":"//button[@data-kt=\"addNewRUOverflowToolbarButton\"]"}
COMMAND: POST /session/f2510c46535a82282fd70196afe2e571/elements - {"using":"xpath","value":"//button[@data-kt=\"addNewRUOverflowToolbarButton\"]"}
RESULT: {"using":"xpath","value":"//button[@data-kt=\"addNewRUOverflowToolbarButton\"]"}
COMMAND: POST /session/f2510c46535a82282fd70196afe2e571/element - {"using":"xpath","value":"//button[@data-kt=\"addNewRUOverflowToolbarButton\"]"}
RESULT: {"using":"xpath","value":"//button[@data-kt=\"addNewRUOverflowToolbarButton\"]"}
COMMAND: POST /session/f2510c46535a82282fd70196afe2e571/execute/sync - {"script":"<script> [8489 bytes]","args":[{"element-6066-11e4-a52e-4f735466cecf":"f.F7DC0DCC1AEA5B11728C456D26A3F950.d.14C13AFFC644460AA24C296DC8899AED.e.2941","ELEMENT":"f.F7DC0DCC1AEA5B11728C456D26A3F950.d.14C13AFFC644460AA24C296DC8899AED.e.2941"}]}
RESULT: {"script":"<script> [8489 bytes]","args":[{"element-6066-11e4-a52e-4f735466cecf":"f.F7DC0DCC1AEA5B11728C456D26A3F950.d.14C13AFFC644460AA24C296DC8899AED.e.2941","ELEMENT":"f.F7DC0DCC1AEA5B11728C456D26A3F950.d.14C13AFFC644460AA24C296DC8899AED.e.2941"}]}
COMMAND: GET /session/f2510c46535a82282fd70196afe2e571/element/f.F7DC0DCC1AEA5B11728C456D26A3F950.d.14C13AFFC644460AA24C296DC8899AED.e.2941/enabled - {}
COMMAND: GET /session/f2510c46535a82282fd70196afe2e571/screenshot - {}
RESULT: {}
COMMAND: POST /session/f2510c46535a82282fd70196afe2e571/execute/sync - {"script":"<script> [8489 bytes]","args":[{"element-6066-11e4-a52e-4f735466cecf":"f.F7DC0DCC1AEA5B11728C456D26A3F950.d.14C13AFFC644460AA24C296DC8899AED.e.2941","ELEMENT":"f.F7DC0DCC1AEA5B11728C456D26A3F950.d.14C13AFFC644460AA24C296DC8899AED.e.2941"}]}
COMMAND: GET /session/f2510c46535a82282fd70196afe2e571/screenshot - {}
RESULT: {}
RESULT: {"script":"<script> [8489 bytes]","args":[{"element-6066-11e4-a52e-4f735466cecf":"f.F7DC0DCC1AEA5B11728C456D26A3F950.d.14C13AFFC644460AA24C296DC8899AED.e.2941","ELEMENT":"f.F7DC0DCC1AEA5B11728C456D26A3F950.d.14C13AFFC644460AA24C296DC8899AED.e.2941"}]}
COMMAND: POST /session/f2510c46535a82282fd70196afe2e571/execute/sync - {"script":"<script> [5351 bytes]","args":[{"element-6066-11e4-a52e-4f735466cecf":"f.F7DC0DCC1AEA5B11728C456D26A3F950.d.14C13AFFC644460AA24C296DC8899AED.e.2941","ELEMENT":"f.F7DC0DCC1AEA5B11728C456D26A3F950.d.14C13AFFC644460AA24C296DC8899AED.e.2941"}]}
COMMAND: GET /session/f2510c46535a82282fd70196afe2e571/screenshot - {}
RESULT: {}
RESULT: {"script":"<script> [5351 bytes]","args":[{"element-6066-11e4-a52e-4f735466cecf":"f.F7DC0DCC1AEA5B11728C456D26A3F950.d.14C13AFFC644460AA24C296DC8899AED.e.2941","ELEMENT":"f.F7DC0DCC1AEA5B11728C456D26A3F950.d.14C13AFFC644460AA24C296DC8899AED.e.2941"}]}
COMMAND: POST /session/f2510c46535a82282fd70196afe2e571/element/f.F7DC0DCC1AEA5B11728C456D26A3F950.d.14C13AFFC644460AA24C296DC8899AED.e.2941/click - {}
COMMAND: GET /session/f2510c46535a82282fd70196afe2e571/screenshot - {}
RESULT: {}
RESULT: {}
COMMAND: GET /session/f2510c46535a82282fd70196afe2e571/screenshot - {}
RESULT: {}
RESULT: {}
COMMAND: POST /session/f2510c46535a82282fd70196afe2e571/execute/async - {"script":"<script> [1562 bytes]","args":[{"selector":{"id":"application-manageresources-display-component---newResourceUnit--TYPE-arrow"},"wdio_ui5_key":"applicationmanageresources-display-component---newResourceUnit--TYPE-arrow"}]}
RESULT: {"script":"<script> [1562 bytes]","args":[{"selector":{"id":"application-manageresources-display-component---newResourceUnit--TYPE-arrow"},"wdio_ui5_key":"applicationmanageresources-display-component---newResourceUnit--TYPE-arrow"}]}
RESULT: undefined
COMMAND: POST /session/f2510c46535a82282fd70196afe2e571/element - {"using":"xpath","value":"//*[@id=\"application-manageresources-display-component---newResourceUnit--TYPE-arrow\"]"}
RESULT: {"using":"xpath","value":"//*[@id=\"application-manageresources-display-component---newResourceUnit--TYPE-arrow\"]"}
COMMAND: POST /session/f2510c46535a82282fd70196afe2e571/element/f.F7DC0DCC1AEA5B11728C456D26A3F950.d.14C13AFFC644460AA24C296DC8899AED.e.3306/click - {}
RESULT: {}
COMMAND: POST /session/f2510c46535a82282fd70196afe2e571/element - {"using":"xpath","value":"//input[@id=\"application-manageresources-display-component---newResourceUnit--TYPE-inner\"]"}
COMMAND: GET /session/f2510c46535a82282fd70196afe2e571/screenshot - {}
RESULT: {"using":"xpath","value":"//input[@id=\"application-manageresources-display-component---newResourceUnit--TYPE-inner\"]"}
COMMAND: POST /session/f2510c46535a82282fd70196afe2e571/element/f.F7DC0DCC1AEA5B11728C456D26A3F950.d.14C13AFFC644460AA24C296DC8899AED.e.3292/clear - {}
RESULT: {}
RESULT: {}
COMMAND: POST /session/f2510c46535a82282fd70196afe2e571/element/f.F7DC0DCC1AEA5B11728C456D26A3F950.d.14C13AFFC644460AA24C296DC8899AED.e.3292/value - {"text":"Equipment"}
COMMAND: GET /session/f2510c46535a82282fd70196afe2e571/screenshot - {}
RESULT: {"text":"Equipment"}
COMMAND: GET /session/f2510c46535a82282fd70196afe2e571/screenshot - {}
RESULT: {}
RESULT: {}
COMMAND: POST /session/f2510c46535a82282fd70196afe2e571/actions - {"actions":[{"id":"action9","type":"key","parameters":{},"actions":[{"type":"keyDown","value":""},{"type":"pause","duration":10},{"type":"keyUp","value":""}]}]}
RESULT: {"actions":[{"id":"action9","type":"key","parameters":{},"actions":[{"type":"keyDown","value":""},{"type":"pause","duration":10},{"type":"keyUp","value":""}]}]}
COMMAND: POST /session/f2510c46535a82282fd70196afe2e571/execute/async - {"script":"<script> [1562 bytes]","args":[{"selector":{"id":"application-manageresources-display-component---newResourceUnit--resourceId","interaction":{"idSuffix":"inner"}},"wdio_ui5_key":"applicationmanageresources-display-component---newResourceUnit--resourceId"}]}
COMMAND: GET /session/f2510c46535a82282fd70196afe2e571/screenshot - {}
RESULT: {"script":"<script> [1562 bytes]","args":[{"selector":{"id":"application-manageresources-display-component---newResourceUnit--resourceId","interaction":{"idSuffix":"inner"}},"wdio_ui5_key":"applicationmanageresources-display-component---newResourceUnit--resourceId"}]}
RESULT: undefined
COMMAND: POST /session/f2510c46535a82282fd70196afe2e571/execute/async - {"script":"<script> [776 bytes]","args":[{"enterText":"dLwbnC19yv","selector":{"id":"application-manageresources-display-component---newResourceUnit--resourceId","interaction":{"idSuffix":"inner"}},"clearTextFirst":true,"interactionType":"ENTER_TEXT"}]}
RESULT: {}
RESULT: {"script":"<script> [776 bytes]","args":[{"enterText":"dLwbnC19yv","selector":{"id":"application-manageresources-display-component---newResourceUnit--resourceId","interaction":{"idSuffix":"inner"}},"clearTextFirst":true,"interactionType":"ENTER_TEXT"}]}
COMMAND: POST /session/f2510c46535a82282fd70196afe2e571/execute/async - {"script":"<script> [1562 bytes]","args":[{"selector":{"id":"application-manageresources-display-component---newResourceUnit--SHORT_TEXT","interaction":{"idSuffix":"inner"}},"wdio_ui5_key":"applicationmanageresources-display-component---newResourceUnit--SHORT_TEXT"}]}
RESULT: {"script":"<script> [1562 bytes]","args":[{"selector":{"id":"application-manageresources-display-component---newResourceUnit--SHORT_TEXT","interaction":{"idSuffix":"inner"}},"wdio_ui5_key":"applicationmanageresources-display-component---newResourceUnit--SHORT_TEXT"}]}
RESULT: undefined
COMMAND: POST /session/f2510c46535a82282fd70196afe2e571/execute/async - {"script":"<script> [776 bytes]","args":[{"enterText":"Intercompany Equipment WDIO","selector":{"id":"application-manageresources-display-component---newResourceUnit--SHORT_TEXT","interaction":{"idSuffix":"inner"}},"clearTextFirst":true,"interactionType":"ENTER_TEXT"}]}
RESULT: {"script":"<script> [776 bytes]","args":[{"enterText":"Intercompany Equipment WDIO","selector":{"id":"application-manageresources-display-component---newResourceUnit--SHORT_TEXT","interaction":{"idSuffix":"inner"}},"clearTextFirst":true,"interactionType":"ENTER_TEXT"}]}
COMMAND: POST /session/f2510c46535a82282fd70196afe2e571/execute/async - {"script":"<script> [1562 bytes]","args":[{"selector":{"id":"application-manageresources-display-component---newResourceUnit--BASE_UNIT_OF_MEASURE","interaction":{"idSuffix":"inner"}},"wdio_ui5_key":"applicationmanageresources-display-component---newResourceUnit--BASE_UNIT_OF_MEASURE"}]}
RESULT: {"script":"<script> [1562 bytes]","args":[{"selector":{"id":"application-manageresources-display-component---newResourceUnit--BASE_UNIT_OF_MEASURE","interaction":{"idSuffix":"inner"}},"wdio_ui5_key":"applicationmanageresources-display-component---newResourceUnit--BASE_UNIT_OF_MEASURE"}]}
RESULT: undefined
COMMAND: POST /session/f2510c46535a82282fd70196afe2e571/execute/async - {"script":"<script> [776 bytes]","args":[{"enterText":"Piece","selector":{"id":"application-manageresources-display-component---newResourceUnit--BASE_UNIT_OF_MEASURE","interaction":{"idSuffix":"inner"}},"clearTextFirst":true,"interactionType":"ENTER_TEXT"}]}
RESULT: {"script":"<script> [776 bytes]","args":[{"enterText":"Piece","selector":{"id":"application-manageresources-display-component---newResourceUnit--BASE_UNIT_OF_MEASURE","interaction":{"idSuffix":"inner"}},"clearTextFirst":true,"interactionType":"ENTER_TEXT"}]}
COMMAND: POST /session/f2510c46535a82282fd70196afe2e571/execute/async - {"script":"<script> [1562 bytes]","args":[{"selector":{"id":"application-manageresources-display-component---newResourceUnit--WEIGHT_UNIT","interaction":{"idSuffix":"inner"}},"wdio_ui5_key":"applicationmanageresources-display-component---newResourceUnit--WEIGHT_UNIT"}]}
RESULT: {"script":"<script> [1562 bytes]","args":[{"selector":{"id":"application-manageresources-display-component---newResourceUnit--WEIGHT_UNIT","interaction":{"idSuffix":"inner"}},"wdio_ui5_key":"applicationmanageresources-display-component---newResourceUnit--WEIGHT_UNIT"}]}
RESULT: undefined
COMMAND: POST /session/f2510c46535a82282fd70196afe2e571/execute/async - {"script":"<script> [776 bytes]","args":[{"enterText":"Gram","selector":{"id":"application-manageresources-display-component---newResourceUnit--WEIGHT_UNIT","interaction":{"idSuffix":"inner"}},"clearTextFirst":true,"interactionType":"ENTER_TEXT"}]}
RESULT: {"script":"<script> [776 bytes]","args":[{"enterText":"Gram","selector":{"id":"application-manageresources-display-component---newResourceUnit--WEIGHT_UNIT","interaction":{"idSuffix":"inner"}},"clearTextFirst":true,"interactionType":"ENTER_TEXT"}]}
COMMAND: POST /session/f2510c46535a82282fd70196afe2e571/execute/async - {"script":"<script> [1562 bytes]","args":[{"selector":{"id":"application-manageresources-display-component---newResourceUnit--DIMENSION_UNIT","interaction":{"idSuffix":"inner"}},"wdio_ui5_key":"applicationmanageresources-display-component---newResourceUnit--DIMENSION_UNIT"}]}
RESULT: {"script":"<script> [1562 bytes]","args":[{"selector":{"id":"application-manageresources-display-component---newResourceUnit--DIMENSION_UNIT","interaction":{"idSuffix":"inner"}},"wdio_ui5_key":"applicationmanageresources-display-component---newResourceUnit--DIMENSION_UNIT"}]}
RESULT: undefined
COMMAND: POST /session/f2510c46535a82282fd70196afe2e571/execute/async - {"script":"<script> [776 bytes]","args":[{"enterText":"Meter","selector":{"id":"application-manageresources-display-component---newResourceUnit--DIMENSION_UNIT","interaction":{"idSuffix":"inner"}},"clearTextFirst":true,"interactionType":"ENTER_TEXT"}]}
RESULT: {"script":"<script> [776 bytes]","args":[{"enterText":"Meter","selector":{"id":"application-manageresources-display-component---newResourceUnit--DIMENSION_UNIT","interaction":{"idSuffix":"inner"}},"clearTextFirst":true,"interactionType":"ENTER_TEXT"}]}
COMMAND: POST /session/f2510c46535a82282fd70196afe2e571/execute/async - {"script":"<script> [1562 bytes]","args":[{"selector":{"id":"application-manageresources-display-component---newResourceUnit--newRRUPage-anchBar-application-manageresources-display-component---newResourceUnit--control-anchor","interaction":{"idSuffix":"BDI-content"}},"wdio_ui5_key":"applicationmanageresources-display-component---newResourceUnit--newRRUPage-anchBar-application-manageresources-display-component---newResourceUnit--control-anchor"}]}
RESULT: {"script":"<script> [1562 bytes]","args":[{"selector":{"id":"application-manageresources-display-component---newResourceUnit--newRRUPage-anchBar-application-manageresources-display-component---newResourceUnit--control-anchor","interaction":{"idSuffix":"BDI-content"}},"wdio_ui5_key":"applicationmanageresources-display-component---newResourceUnit--newRRUPage-anchBar-application-manageresources-display-component---newResourceUnit--control-anchor"}]}
RESULT: undefined
COMMAND: POST /session/f2510c46535a82282fd70196afe2e571/element - {"using":"xpath","value":"//*[@id=\"application-manageresources-display-component---newResourceUnit--newRRUPage-anchBar-application-manageresources-display-component---newResourceUnit--control-anchor\"]"}
RESULT: {"using":"xpath","value":"//*[@id=\"application-manageresources-display-component---newResourceUnit--newRRUPage-anchBar-application-manageresources-display-component---newResourceUnit--control-anchor\"]"}
COMMAND: POST /session/f2510c46535a82282fd70196afe2e571/element/f.F7DC0DCC1AEA5B11728C456D26A3F950.d.14C13AFFC644460AA24C296DC8899AED.e.3466/click - {}
RESULT: {}
COMMAND: POST /session/f2510c46535a82282fd70196afe2e571/execute/async - {"script":"<script> [1562 bytes]","args":[{"selector":{"id":"application-manageresources-display-component---newResourceUnit--PLANNING_GROUP","interaction":{"idSuffix":"inner"}},"wdio_ui5_key":"applicationmanageresources-display-component---newResourceUnit--PLANNING_GROUP"}]}
COMMAND: GET /session/f2510c46535a82282fd70196afe2e571/screenshot - {}
RESULT: {"script":"<script> [1562 bytes]","args":[{"selector":{"id":"application-manageresources-display-component---newResourceUnit--PLANNING_GROUP","interaction":{"idSuffix":"inner"}},"wdio_ui5_key":"applicationmanageresources-display-component---newResourceUnit--PLANNING_GROUP"}]}
RESULT: undefined
COMMAND: POST /session/f2510c46535a82282fd70196afe2e571/execute/async - {"script":"<script> [776 bytes]","args":[{"enterText":"Heavy Equi","selector":{"id":"application-manageresources-display-component---newResourceUnit--PLANNING_GROUP","interaction":{"idSuffix":"inner"}},"clearTextFirst":true,"interactionType":"ENTER_TEXT"}]}
RESULT: {}
RESULT: {"script":"<script> [776 bytes]","args":[{"enterText":"Heavy Equi","selector":{"id":"application-manageresources-display-component---newResourceUnit--PLANNING_GROUP","interaction":{"idSuffix":"inner"}},"clearTextFirst":true,"interactionType":"ENTER_TEXT"}]}
COMMAND: POST /session/f2510c46535a82282fd70196afe2e571/execute/async - {"script":"<script> [1562 bytes]","args":[{"selector":{"id":"application-manageresources-display-component---newResourceUnit--ITEM_TYPE-arrow"},"wdio_ui5_key":"applicationmanageresources-display-component---newResourceUnit--ITEM_TYPE-arrow"}]}
RESULT: {"script":"<script> [1562 bytes]","args":[{"selector":{"id":"application-manageresources-display-component---newResourceUnit--ITEM_TYPE-arrow"},"wdio_ui5_key":"applicationmanageresources-display-component---newResourceUnit--ITEM_TYPE-arrow"}]}
RESULT: undefined
COMMAND: POST /session/f2510c46535a82282fd70196afe2e571/element - {"using":"xpath","value":"//*[@id=\"application-manageresources-display-component---newResourceUnit--ITEM_TYPE-arrow\"]"}
RESULT: {"using":"xpath","value":"//*[@id=\"application-manageresources-display-component---newResourceUnit--ITEM_TYPE-arrow\"]"}
COMMAND: POST /session/f2510c46535a82282fd70196afe2e571/element/f.F7DC0DCC1AEA5B11728C456D26A3F950.d.14C13AFFC644460AA24C296DC8899AED.e.3473/click - {}
RESULT: {}
COMMAND: POST /session/f2510c46535a82282fd70196afe2e571/element - {"using":"xpath","value":"//ul[contains(@id,\"ITEM_TYPE-popup-list-listUl\")]//li[.//span[contains(text(),\"Resource Unit\")]]"}
COMMAND: GET /session/f2510c46535a82282fd70196afe2e571/screenshot - {}
RESULT: {"using":"xpath","value":"//ul[contains(@id,\"ITEM_TYPE-popup-list-listUl\")]//li[.//span[contains(text(),\"Resource Unit\")]]"}
COMMAND: POST /session/f2510c46535a82282fd70196afe2e571/element/f.F7DC0DCC1AEA5B11728C456D26A3F950.d.14C13AFFC644460AA24C296DC8899AED.e.3474/click - {}
RESULT: {}
RESULT: {}
COMMAND: GET /session/f2510c46535a82282fd70196afe2e571/screenshot - {}
RESULT: {}
COMMAND: POST /session/f2510c46535a82282fd70196afe2e571/element - {"using":"css selector","value":"#application-manageresources-display-component---newResourceUnit--btnAddTimeSegment"}
RESULT: {"using":"css selector","value":"#application-manageresources-display-component---newResourceUnit--btnAddTimeSegment"}
COMMAND: GET /session/f2510c46535a82282fd70196afe2e571/element/f.F7DC0DCC1AEA5B11728C456D26A3F950.d.14C13AFFC644460AA24C296DC8899AED.e.3482/rect - {}
RESULT: {}
COMMAND: GET /session/f2510c46535a82282fd70196afe2e571/window/rect - {}
RESULT: {}
COMMAND: POST /session/f2510c46535a82282fd70196afe2e571/execute/sync - {"script":"<script> [92 bytes]","args":[]}
RESULT: {"script":"<script> [92 bytes]","args":[]}
COMMAND: POST /session/f2510c46535a82282fd70196afe2e571/actions - {"actions":[{"id":"action10","type":"wheel","parameters":{},"actions":[{"type":"scroll","x":-1888,"y":-32,"deltaX":0,"deltaY":0,"duration":0,"origin":{"element-6066-11e4-a52e-4f735466cecf":"f.F7DC0DCC1AEA5B11728C456D26A3F950.d.14C13AFFC644460AA24C296DC8899AED.e.3482"}}]}]}
COMMAND: GET /session/f2510c46535a82282fd70196afe2e571/screenshot - {}
RESULT: {}
COMMAND: POST /session/f2510c46535a82282fd70196afe2e571/execute/sync - {"script":"<script> [79 bytes]","args":[{"element-6066-11e4-a52e-4f735466cecf":"f.F7DC0DCC1AEA5B11728C456D26A3F950.d.14C13AFFC644460AA24C296DC8899AED.e.3482","ELEMENT":"f.F7DC0DCC1AEA5B11728C456D26A3F950.d.14C13AFFC644460AA24C296DC8899AED.e.3482"},{"block":"start","inline":"nearest"}]}
RESULT: {"script":"<script> [79 bytes]","args":[{"element-6066-11e4-a52e-4f735466cecf":"f.F7DC0DCC1AEA5B11728C456D26A3F950.d.14C13AFFC644460AA24C296DC8899AED.e.3482","ELEMENT":"f.F7DC0DCC1AEA5B11728C456D26A3F950.d.14C13AFFC644460AA24C296DC8899AED.e.3482"},{"block":"start","inline":"nearest"}]}
COMMAND: POST /session/f2510c46535a82282fd70196afe2e571/execute/async - {"script":"<script> [1562 bytes]","args":[{"selector":{"id":"application-manageresources-display-component---newResourceUnit--btnAddTimeSegment","interaction":{"idSuffix":"inner"}},"wdio_ui5_key":"applicationmanageresources-display-component---newResourceUnit--btnAddTimeSegment"}]}
COMMAND: GET /session/f2510c46535a82282fd70196afe2e571/screenshot - {}
RESULT: {"script":"<script> [1562 bytes]","args":[{"selector":{"id":"application-manageresources-display-component---newResourceUnit--btnAddTimeSegment","interaction":{"idSuffix":"inner"}},"wdio_ui5_key":"applicationmanageresources-display-component---newResourceUnit--btnAddTimeSegment"}]}
RESULT: undefined
COMMAND: POST /session/f2510c46535a82282fd70196afe2e571/element - {"using":"xpath","value":"//*[@id=\"application-manageresources-display-component---newResourceUnit--btnAddTimeSegment\"]"}
RESULT: {}
RESULT: {"using":"xpath","value":"//*[@id=\"application-manageresources-display-component---newResourceUnit--btnAddTimeSegment\"]"}
COMMAND: POST /session/f2510c46535a82282fd70196afe2e571/element/f.F7DC0DCC1AEA5B11728C456D26A3F950.d.14C13AFFC644460AA24C296DC8899AED.e.3482/click - {}
RESULT: {}
COMMAND: GET /session/f2510c46535a82282fd70196afe2e571/screenshot - {}
RESULT: {}
COMMAND: POST /session/f2510c46535a82282fd70196afe2e571/element - {"using":"xpath","value":"//input[@id=\"application-manageresources-display-component---newResourceUnit--idRuTSAdmin-application-manageresources-display-component---newResourceUnit--RUTimeSegment-0-inner\"]"}
RESULT: {"using":"xpath","value":"//input[@id=\"application-manageresources-display-component---newResourceUnit--idRuTSAdmin-application-manageresources-display-component---newResourceUnit--RUTimeSegment-0-inner\"]"}
COMMAND: POST /session/f2510c46535a82282fd70196afe2e571/element/f.F7DC0DCC1AEA5B11728C456D26A3F950.d.14C13AFFC644460AA24C296DC8899AED.e.3488/clear - {}
RESULT: {}
COMMAND: POST /session/f2510c46535a82282fd70196afe2e571/element/f.F7DC0DCC1AEA5B11728C456D26A3F950.d.14C13AFFC644460AA24C296DC8899AED.e.3488/value - {"text":"530"}
COMMAND: GET /session/f2510c46535a82282fd70196afe2e571/screenshot - {}
RESULT: {"text":"530"}
COMMAND: GET /session/f2510c46535a82282fd70196afe2e571/screenshot - {}
RESULT: {}
RESULT: {}
COMMAND: POST /session/f2510c46535a82282fd70196afe2e571/element - {"using":"xpath","value":"//li[.//span[text()='530']]"}
RESULT: {"using":"xpath","value":"//li[.//span[text()='530']]"}
COMMAND: POST /session/f2510c46535a82282fd70196afe2e571/element/f.F7DC0DCC1AEA5B11728C456D26A3F950.d.14C13AFFC644460AA24C296DC8899AED.e.3500/click - {}
RESULT: {}
COMMAND: GET /session/f2510c46535a82282fd70196afe2e571/screenshot - {}
RESULT: {}
COMMAND: POST /session/f2510c46535a82282fd70196afe2e571/element - {"using":"xpath","value":"(//span[contains(@id, \"-application-manageresources-display-component---newResourceUnit--RUTimeSegment-0-arrow\")])[6]"}
RESULT: {"using":"xpath","value":"(//span[contains(@id, \"-application-manageresources-display-component---newResourceUnit--RUTimeSegment-0-arrow\")])[6]"}
COMMAND: POST /session/f2510c46535a82282fd70196afe2e571/element/f.F7DC0DCC1AEA5B11728C456D26A3F950.d.14C13AFFC644460AA24C296DC8899AED.e.3501/click - {}
RESULT: {}
COMMAND: GET /session/f2510c46535a82282fd70196afe2e571/screenshot - {}
RESULT: {}
COMMAND: POST /session/f2510c46535a82282fd70196afe2e571/element - {"using":"xpath","value":"//span[contains(text(), \"PM Order\")]"}
RESULT: {"using":"xpath","value":"//span[contains(text(), \"PM Order\")]"}
COMMAND: POST /session/f2510c46535a82282fd70196afe2e571/element/f.F7DC0DCC1AEA5B11728C456D26A3F950.d.14C13AFFC644460AA24C296DC8899AED.e.3504/click - {}
RESULT: {}
COMMAND: GET /session/f2510c46535a82282fd70196afe2e571/screenshot - {}
RESULT: {}
COMMAND: POST /session/f2510c46535a82282fd70196afe2e571/element - {"using":"xpath","value":"(//span[contains(@id ,\"manageresources-display-component---newResourceUnit--RUTimeSegment-0-vhi\")])[1]"}
RESULT: {"using":"xpath","value":"(//span[contains(@id ,\"manageresources-display-component---newResourceUnit--RUTimeSegment-0-vhi\")])[1]"}
COMMAND: GET /session/f2510c46535a82282fd70196afe2e571/element/f.F7DC0DCC1AEA5B11728C456D26A3F950.d.14C13AFFC644460AA24C296DC8899AED.e.3508/rect - {}
RESULT: {}
COMMAND: GET /session/f2510c46535a82282fd70196afe2e571/window/rect - {}
RESULT: {}
COMMAND: POST /session/f2510c46535a82282fd70196afe2e571/execute/sync - {"script":"<script> [92 bytes]","args":[]}
RESULT: {"script":"<script> [92 bytes]","args":[]}
COMMAND: POST /session/f2510c46535a82282fd70196afe2e571/actions - {"actions":[{"id":"action11","type":"wheel","parameters":{},"actions":[{"type":"scroll","x":-869,"y":-24,"deltaX":0,"deltaY":0,"duration":0,"origin":{"element-6066-11e4-a52e-4f735466cecf":"f.F7DC0DCC1AEA5B11728C456D26A3F950.d.14C13AFFC644460AA24C296DC8899AED.e.3508"}}]}]}
COMMAND: GET /session/f2510c46535a82282fd70196afe2e571/screenshot - {}
RESULT: {"actions":[{"id":"action11","type":"wheel","parameters":{},"actions":[{"type":"scroll","x":-869,"y":-24,"deltaX":0,"deltaY":0,"duration":0,"origin":{"element-6066-11e4-a52e-4f735466cecf":"f.F7DC0DCC1AEA5B11728C456D26A3F950.d.14C13AFFC644460AA24C296DC8899AED.e.3508"}}]}]}
COMMAND: DELETE /session/f2510c46535a82282fd70196afe2e571/actions - {}
COMMAND: GET /session/f2510c46535a82282fd70196afe2e571/screenshot - {}
RESULT: {}
RESULT: {}
COMMAND: GET /session/f2510c46535a82282fd70196afe2e571/screenshot - {}
RESULT: {}
RESULT: {}
COMMAND: POST /session/f2510c46535a82282fd70196afe2e571/element/f.F7DC0DCC1AEA5B11728C456D26A3F950.d.14C13AFFC644460AA24C296DC8899AED.e.3508/click - {}
RESULT: {}
COMMAND: GET /session/f2510c46535a82282fd70196afe2e571/screenshot - {}
RESULT: {}
COMMAND: POST /session/f2510c46535a82282fd70196afe2e571/execute/async - {"script":"<script> [1562 bytes]","args":[{"selector":{"controlType":"sap.m.SearchField","properties":{"placeholder":"Search"},"searchOpenDialogs":true,"interaction":{"idSuffix":"I"}},"wdio_ui5_key":"sapm.SearchField{\"placeholder\":\"Search\"}"}]}
RESULT: {"script":"<script> [1562 bytes]","args":[{"selector":{"controlType":"sap.m.SearchField","properties":{"placeholder":"Search"},"searchOpenDialogs":true,"interaction":{"idSuffix":"I"}},"wdio_ui5_key":"sapm.SearchField{\"placeholder\":\"Search\"}"}]}
RESULT: undefined
COMMAND: POST /session/f2510c46535a82282fd70196afe2e571/execute/async - {"script":"<script> [776 bytes]","args":[{"enterText":"4000360","selector":{"controlType":"sap.m.SearchField","properties":{"placeholder":"Search"},"searchOpenDialogs":true,"interaction":{"idSuffix":"I"}},"clearTextFirst":true,"interactionType":"ENTER_TEXT"}]}
RESULT: {"script":"<script> [776 bytes]","args":[{"enterText":"4000360","selector":{"controlType":"sap.m.SearchField","properties":{"placeholder":"Search"},"searchOpenDialogs":true,"interaction":{"idSuffix":"I"}},"clearTextFirst":true,"interactionType":"ENTER_TEXT"}]}
COMMAND: POST /session/f2510c46535a82282fd70196afe2e571/actions - {"actions":[{"id":"action12","type":"key","parameters":{},"actions":[{"type":"keyDown","value":""},{"type":"pause","duration":10},{"type":"keyUp","value":""}]}]}
RESULT: {"actions":[{"id":"action12","type":"key","parameters":{},"actions":[{"type":"keyDown","value":""},{"type":"pause","duration":10},{"type":"keyUp","value":""}]}]}
COMMAND: GET /session/f2510c46535a82282fd70196afe2e571/screenshot - {}
RESULT: {}
COMMAND: POST /session/f2510c46535a82282fd70196afe2e571/element - {"using":"xpath","value":"//td/div/span[contains(text(), \"BGL Vehicles\")]"}
RESULT: {"using":"xpath","value":"//td/div/span[contains(text(), \"BGL Vehicles\")]"}
COMMAND: POST /session/f2510c46535a82282fd70196afe2e571/element/f.F7DC0DCC1AEA5B11728C456D26A3F950.d.14C13AFFC644460AA24C296DC8899AED.e.3530/click - {}
RESULT: {}
COMMAND: GET /session/f2510c46535a82282fd70196afe2e571/screenshot - {}
RESULT: {}
COMMAND: POST /session/f2510c46535a82282fd70196afe2e571/element - {"using":"xpath","value":"//bdi[contains(text(), \"OK\")]"}
RESULT: {"using":"xpath","value":"//bdi[contains(text(), \"OK\")]"}
COMMAND: POST /session/f2510c46535a82282fd70196afe2e571/element/f.F7DC0DCC1AEA5B11728C456D26A3F950.d.14C13AFFC644460AA24C296DC8899AED.e.3531/click - {}
RESULT: {}
COMMAND: GET /session/f2510c46535a82282fd70196afe2e571/screenshot - {}
RESULT: {}
COMMAND: POST /session/f2510c46535a82282fd70196afe2e571/execute/async - {"script":"<script> [1562 bytes]","args":[{"selector":{"id":"application-manageresources-display-component---newResourceUnit--newRRUPage-anchBar-application-manageresources-display-component---newResourceUnit--resource-anchor","interaction":{"idSuffix":"BDI-content"}},"wdio_ui5_key":"applicationmanageresources-display-component---newResourceUnit--newRRUPage-anchBar-application-manageresources-display-component---newResourceUnit--resource-anchor"}]}
RESULT: {"script":"<script> [1562 bytes]","args":[{"selector":{"id":"application-manageresources-display-component---newResourceUnit--newRRUPage-anchBar-application-manageresources-display-component---newResourceUnit--resource-anchor","interaction":{"idSuffix":"BDI-content"}},"wdio_ui5_key":"applicationmanageresources-display-component---newResourceUnit--newRRUPage-anchBar-application-manageresources-display-component---newResourceUnit--resource-anchor"}]}
RESULT: undefined
COMMAND: POST /session/f2510c46535a82282fd70196afe2e571/element - {"using":"xpath","value":"//*[@id=\"application-manageresources-display-component---newResourceUnit--newRRUPage-anchBar-application-manageresources-display-component---newResourceUnit--resource-anchor\"]"}
RESULT: {"using":"xpath","value":"//*[@id=\"application-manageresources-display-component---newResourceUnit--newRRUPage-anchBar-application-manageresources-display-component---newResourceUnit--resource-anchor\"]"}
COMMAND: POST /session/f2510c46535a82282fd70196afe2e571/element/f.F7DC0DCC1AEA5B11728C456D26A3F950.d.14C13AFFC644460AA24C296DC8899AED.e.3535/click - {}
RESULT: {}
COMMAND: POST /session/f2510c46535a82282fd70196afe2e571/execute/async - {"script":"<script> [1562 bytes]","args":[{"selector":{"id":"application-manageresources-display-component---newResourceUnit--PLANNED_DELIVERY_DATE","interaction":{"idSuffix":"inner"}},"wdio_ui5_key":"applicationmanageresources-display-component---newResourceUnit--PLANNED_DELIVERY_DATE"}]}
COMMAND: GET /session/f2510c46535a82282fd70196afe2e571/screenshot - {}
RESULT: {"script":"<script> [1562 bytes]","args":[{"selector":{"id":"application-manageresources-display-component---newResourceUnit--PLANNED_DELIVERY_DATE","interaction":{"idSuffix":"inner"}},"wdio_ui5_key":"applicationmanageresources-display-component---newResourceUnit--PLANNED_DELIVERY_DATE"}]}
RESULT: undefined
COMMAND: POST /session/f2510c46535a82282fd70196afe2e571/execute/async - {"script":"<script> [6424 bytes]","args":[{"element-6066-11e4-a52e-4f735466cecf":"f.F7DC0DCC1AEA5B11728C456D26A3F950.d.14C13AFFC644460AA24C296DC8899AED.e.3363"},"setValue",["5/31/25"]]}
RESULT: {}
RESULT: {"script":"<script> [6424 bytes]","args":[{"element-6066-11e4-a52e-4f735466cecf":"f.F7DC0DCC1AEA5B11728C456D26A3F950.d.14C13AFFC644460AA24C296DC8899AED.e.3363"},"setValue",["5/31/25"]]}
COMMAND: POST /session/f2510c46535a82282fd70196afe2e571/element - {"using":"xpath","value":"//label[contains(@class, 'sapMLabelRequired') and .//bdi[contains(text(), 'Planned Retirement')]]"}
RESULT: {"using":"xpath","value":"//label[contains(@class, 'sapMLabelRequired') and .//bdi[contains(text(), 'Planned Retirement')]]"}
COMMAND: POST /session/f2510c46535a82282fd70196afe2e571/elements - {"using":"xpath","value":"//label[contains(@class, 'sapMLabelRequired') and .//bdi[contains(text(), 'Planned Retirement')]]"}
RESULT: {"using":"xpath","value":"//label[contains(@class, 'sapMLabelRequired') and .//bdi[contains(text(), 'Planned Retirement')]]"}
COMMAND: POST /session/f2510c46535a82282fd70196afe2e571/element - {"using":"xpath","value":"//button[@data-kt=\"resourceUnitSaveButton\"]"}
RESULT: {"using":"xpath","value":"//button[@data-kt=\"resourceUnitSaveButton\"]"}
COMMAND: POST /session/f2510c46535a82282fd70196afe2e571/element/f.F7DC0DCC1AEA5B11728C456D26A3F950.d.14C13AFFC644460AA24C296DC8899AED.e.3323/click - {}
RESULT: {}
COMMAND: GET /session/f2510c46535a82282fd70196afe2e571/screenshot - {}
RESULT: {}
COMMAND: POST /session/f2510c46535a82282fd70196afe2e571/element - {"using":"xpath","value":"//bdi[contains(text(), \"Close\")]"}
RESULT: {"using":"xpath","value":"//bdi[contains(text(), \"Close\")]"}
COMMAND: POST /session/f2510c46535a82282fd70196afe2e571/element/f.F7DC0DCC1AEA5B11728C456D26A3F950.d.14C13AFFC644460AA24C296DC8899AED.e.3545/click - {}
RESULT: {}
COMMAND: GET /session/f2510c46535a82282fd70196afe2e571/screenshot - {}
RESULT: {}
COMMAND: POST /session/f2510c46535a82282fd70196afe2e571/element - {"using":"xpath","value":"(//button[contains(@id ,\"actionsToolbar-overflowButton\")])[1]"}
RESULT: {"using":"xpath","value":"(//button[contains(@id ,\"actionsToolbar-overflowButton\")])[1]"}
COMMAND: POST /session/f2510c46535a82282fd70196afe2e571/element/f.F7DC0DCC1AEA5B11728C456D26A3F950.d.14C13AFFC644460AA24C296DC8899AED.e.3578/click - {}
RESULT: {}
COMMAND: GET /session/f2510c46535a82282fd70196afe2e571/screenshot - {}
RESULT: {}
COMMAND: POST /session/f2510c46535a82282fd70196afe2e571/element - {"using":"xpath","value":"//button[@data-kt=\"priceInfoButton\"]"}
RESULT: {"using":"xpath","value":"//button[@data-kt=\"priceInfoButton\"]"}
COMMAND: POST /session/f2510c46535a82282fd70196afe2e571/element/f.F7DC0DCC1AEA5B11728C456D26A3F950.d.14C13AFFC644460AA24C296DC8899AED.e.3580/click - {}
RESULT: {}
COMMAND: GET /session/f2510c46535a82282fd70196afe2e571/screenshot - {}
RESULT: {}
]]></system-out>
    </testcase>
    <testcase classname="chrome.136_0_7103_93.windows.Billing_confirm_US117289" name="Should create new pricing rule" time="49.239">
      <system-out><![CDATA[
COMMAND: POST /session/f2510c46535a82282fd70196afe2e571/element - {"using":"xpath","value":"//button[@data-kt=\"addButton\"]"}
RESULT: {"using":"xpath","value":"//button[@data-kt=\"addButton\"]"}
COMMAND: POST /session/f2510c46535a82282fd70196afe2e571/elements - {"using":"xpath","value":"//button[@data-kt=\"addButton\"]"}
RESULT: {"using":"xpath","value":"//button[@data-kt=\"addButton\"]"}
COMMAND: POST /session/f2510c46535a82282fd70196afe2e571/elements - {"using":"xpath","value":"//button[@data-kt=\"addButton\"]"}
RESULT: {"using":"xpath","value":"//button[@data-kt=\"addButton\"]"}
COMMAND: POST /session/f2510c46535a82282fd70196afe2e571/element - {"using":"xpath","value":"//button[@data-kt=\"addButton\"]"}
RESULT: {"using":"xpath","value":"//button[@data-kt=\"addButton\"]"}
COMMAND: POST /session/f2510c46535a82282fd70196afe2e571/execute/sync - {"script":"<script> [8489 bytes]","args":[{"element-6066-11e4-a52e-4f735466cecf":"f.F7DC0DCC1AEA5B11728C456D26A3F950.d.14C13AFFC644460AA24C296DC8899AED.e.3616","ELEMENT":"f.F7DC0DCC1AEA5B11728C456D26A3F950.d.14C13AFFC644460AA24C296DC8899AED.e.3616"}]}
RESULT: {"script":"<script> [8489 bytes]","args":[{"element-6066-11e4-a52e-4f735466cecf":"f.F7DC0DCC1AEA5B11728C456D26A3F950.d.14C13AFFC644460AA24C296DC8899AED.e.3616","ELEMENT":"f.F7DC0DCC1AEA5B11728C456D26A3F950.d.14C13AFFC644460AA24C296DC8899AED.e.3616"}]}
COMMAND: GET /session/f2510c46535a82282fd70196afe2e571/element/f.F7DC0DCC1AEA5B11728C456D26A3F950.d.14C13AFFC644460AA24C296DC8899AED.e.3616/enabled - {}
COMMAND: GET /session/f2510c46535a82282fd70196afe2e571/screenshot - {}
RESULT: {}
COMMAND: POST /session/f2510c46535a82282fd70196afe2e571/execute/sync - {"script":"<script> [8489 bytes]","args":[{"element-6066-11e4-a52e-4f735466cecf":"f.F7DC0DCC1AEA5B11728C456D26A3F950.d.14C13AFFC644460AA24C296DC8899AED.e.3616","ELEMENT":"f.F7DC0DCC1AEA5B11728C456D26A3F950.d.14C13AFFC644460AA24C296DC8899AED.e.3616"}]}
COMMAND: GET /session/f2510c46535a82282fd70196afe2e571/screenshot - {}
RESULT: {}
RESULT: {"script":"<script> [8489 bytes]","args":[{"element-6066-11e4-a52e-4f735466cecf":"f.F7DC0DCC1AEA5B11728C456D26A3F950.d.14C13AFFC644460AA24C296DC8899AED.e.3616","ELEMENT":"f.F7DC0DCC1AEA5B11728C456D26A3F950.d.14C13AFFC644460AA24C296DC8899AED.e.3616"}]}
COMMAND: POST /session/f2510c46535a82282fd70196afe2e571/execute/sync - {"script":"<script> [5351 bytes]","args":[{"element-6066-11e4-a52e-4f735466cecf":"f.F7DC0DCC1AEA5B11728C456D26A3F950.d.14C13AFFC644460AA24C296DC8899AED.e.3616","ELEMENT":"f.F7DC0DCC1AEA5B11728C456D26A3F950.d.14C13AFFC644460AA24C296DC8899AED.e.3616"}]}
COMMAND: GET /session/f2510c46535a82282fd70196afe2e571/screenshot - {}
RESULT: {}
RESULT: {"script":"<script> [5351 bytes]","args":[{"element-6066-11e4-a52e-4f735466cecf":"f.F7DC0DCC1AEA5B11728C456D26A3F950.d.14C13AFFC644460AA24C296DC8899AED.e.3616","ELEMENT":"f.F7DC0DCC1AEA5B11728C456D26A3F950.d.14C13AFFC644460AA24C296DC8899AED.e.3616"}]}
COMMAND: POST /session/f2510c46535a82282fd70196afe2e571/element/f.F7DC0DCC1AEA5B11728C456D26A3F950.d.14C13AFFC644460AA24C296DC8899AED.e.3616/click - {}
COMMAND: GET /session/f2510c46535a82282fd70196afe2e571/screenshot - {}
RESULT: {}
RESULT: {}
COMMAND: GET /session/f2510c46535a82282fd70196afe2e571/screenshot - {}
RESULT: {}
RESULT: {}
COMMAND: POST /session/f2510c46535a82282fd70196afe2e571/execute/async - {"script":"<script> [1562 bytes]","args":[{"selector":{"controlType":"sap.m.Title","viewName":"etm.portal.ui.managepricingrules.view.NewItem","viewId":"application-managepricingrules-display-component---newInfoPriceItem","properties":{"text":"New Pricing Rules - Item Level"}},"wdio_ui5_key":"etmportal.ui.managepricingrules.view.NewItemsap.m.Title{\"text\":\"New Pricing Rules - Item Level\"}"}]}
RESULT: {"script":"<script> [1562 bytes]","args":[{"selector":{"controlType":"sap.m.Title","viewName":"etm.portal.ui.managepricingrules.view.NewItem","viewId":"application-managepricingrules-display-component---newInfoPriceItem","properties":{"text":"New Pricing Rules - Item Level"}},"wdio_ui5_key":"etmportal.ui.managepricingrules.view.NewItemsap.m.Title{\"text\":\"New Pricing Rules - Item Level\"}"}]}
RESULT: undefined
COMMAND: POST /session/f2510c46535a82282fd70196afe2e571/execute/async - {"script":"<script> [6424 bytes]","args":[{"element-6066-11e4-a52e-4f735466cecf":"f.F7DC0DCC1AEA5B11728C456D26A3F950.d.14C13AFFC644460AA24C296DC8899AED.e.3743"},"getText",[]]}
RESULT: {"script":"<script> [6424 bytes]","args":[{"element-6066-11e4-a52e-4f735466cecf":"f.F7DC0DCC1AEA5B11728C456D26A3F950.d.14C13AFFC644460AA24C296DC8899AED.e.3743"},"getText",[]]}
COMMAND: POST /session/f2510c46535a82282fd70196afe2e571/execute/async - {"script":"<script> [1562 bytes]","args":[{"selector":{"id":"application-managepricingrules-display-component---newInfoPriceItem--condValidTo","interaction":{"idSuffix":"inner"}},"wdio_ui5_key":"applicationmanagepricingrules-display-component---newInfoPriceItem--condValidTo"}]}
RESULT: {"script":"<script> [1562 bytes]","args":[{"selector":{"id":"application-managepricingrules-display-component---newInfoPriceItem--condValidTo","interaction":{"idSuffix":"inner"}},"wdio_ui5_key":"applicationmanagepricingrules-display-component---newInfoPriceItem--condValidTo"}]}
RESULT: undefined
COMMAND: POST /session/f2510c46535a82282fd70196afe2e571/execute/async - {"script":"<script> [776 bytes]","args":[{"enterText":"1/31/26","selector":{"id":"application-managepricingrules-display-component---newInfoPriceItem--condValidTo","interaction":{"idSuffix":"inner"}},"clearTextFirst":true,"interactionType":"ENTER_TEXT"}]}
RESULT: {"script":"<script> [776 bytes]","args":[{"enterText":"1/31/26","selector":{"id":"application-managepricingrules-display-component---newInfoPriceItem--condValidTo","interaction":{"idSuffix":"inner"}},"clearTextFirst":true,"interactionType":"ENTER_TEXT"}]}
COMMAND: POST /session/f2510c46535a82282fd70196afe2e571/execute/async - {"script":"<script> [1562 bytes]","args":[{"selector":{"id":"application-managepricingrules-display-component---newInfoPriceItem--billType-arrow"},"wdio_ui5_key":"applicationmanagepricingrules-display-component---newInfoPriceItem--billType-arrow"}]}
RESULT: {"script":"<script> [1562 bytes]","args":[{"selector":{"id":"application-managepricingrules-display-component---newInfoPriceItem--billType-arrow"},"wdio_ui5_key":"applicationmanagepricingrules-display-component---newInfoPriceItem--billType-arrow"}]}
RESULT: undefined
COMMAND: POST /session/f2510c46535a82282fd70196afe2e571/element - {"using":"xpath","value":"//*[@id=\"application-managepricingrules-display-component---newInfoPriceItem--billType-arrow\"]"}
RESULT: {"using":"xpath","value":"//*[@id=\"application-managepricingrules-display-component---newInfoPriceItem--billType-arrow\"]"}
COMMAND: POST /session/f2510c46535a82282fd70196afe2e571/element/f.F7DC0DCC1AEA5B11728C456D26A3F950.d.14C13AFFC644460AA24C296DC8899AED.e.3745/click - {}
RESULT: {}
COMMAND: POST /session/f2510c46535a82282fd70196afe2e571/element - {"using":"xpath","value":"//span[contains(text(), \"TB - Time based\")]"}
COMMAND: GET /session/f2510c46535a82282fd70196afe2e571/screenshot - {}
RESULT: {"using":"xpath","value":"//span[contains(text(), \"TB - Time based\")]"}
COMMAND: POST /session/f2510c46535a82282fd70196afe2e571/element/f.F7DC0DCC1AEA5B11728C456D26A3F950.d.14C13AFFC644460AA24C296DC8899AED.e.3746/click - {}
RESULT: {}
RESULT: {}
COMMAND: POST /session/f2510c46535a82282fd70196afe2e571/execute/async - {"script":"<script> [1562 bytes]","args":[{"selector":{"id":"application-managepricingrules-display-component---newInfoPriceItem--priceProc-arrow"},"wdio_ui5_key":"applicationmanagepricingrules-display-component---newInfoPriceItem--priceProc-arrow"}]}
COMMAND: GET /session/f2510c46535a82282fd70196afe2e571/screenshot - {}
RESULT: {"script":"<script> [1562 bytes]","args":[{"selector":{"id":"application-managepricingrules-display-component---newInfoPriceItem--priceProc-arrow"},"wdio_ui5_key":"applicationmanagepricingrules-display-component---newInfoPriceItem--priceProc-arrow"}]}
RESULT: undefined
COMMAND: POST /session/f2510c46535a82282fd70196afe2e571/element - {"using":"xpath","value":"//*[@id=\"application-managepricingrules-display-component---newInfoPriceItem--priceProc-arrow\"]"}
RESULT: {}
RESULT: {"using":"xpath","value":"//*[@id=\"application-managepricingrules-display-component---newInfoPriceItem--priceProc-arrow\"]"}
COMMAND: POST /session/f2510c46535a82282fd70196afe2e571/element/f.F7DC0DCC1AEA5B11728C456D26A3F950.d.14C13AFFC644460AA24C296DC8899AED.e.3747/click - {}
RESULT: {}
COMMAND: POST /session/f2510c46535a82282fd70196afe2e571/element - {"using":"xpath","value":"//span[contains(text(), \"TBS - Time based standard\")]"}
COMMAND: GET /session/f2510c46535a82282fd70196afe2e571/screenshot - {}
RESULT: {"using":"xpath","value":"//span[contains(text(), \"TBS - Time based standard\")]"}
COMMAND: POST /session/f2510c46535a82282fd70196afe2e571/element/f.F7DC0DCC1AEA5B11728C456D26A3F950.d.14C13AFFC644460AA24C296DC8899AED.e.3748/click - {}
RESULT: {}
RESULT: {}
COMMAND: POST /session/f2510c46535a82282fd70196afe2e571/execute/async - {"script":"<script> [1562 bytes]","args":[{"selector":{"id":"application-managepricingrules-display-component---newInfoPriceItem--calcBase-arrow"},"wdio_ui5_key":"applicationmanagepricingrules-display-component---newInfoPriceItem--calcBase-arrow"}]}
COMMAND: GET /session/f2510c46535a82282fd70196afe2e571/screenshot - {}
RESULT: {"script":"<script> [1562 bytes]","args":[{"selector":{"id":"application-managepricingrules-display-component---newInfoPriceItem--calcBase-arrow"},"wdio_ui5_key":"applicationmanagepricingrules-display-component---newInfoPriceItem--calcBase-arrow"}]}
RESULT: undefined
COMMAND: POST /session/f2510c46535a82282fd70196afe2e571/element - {"using":"xpath","value":"//*[@id=\"application-managepricingrules-display-component---newInfoPriceItem--calcBase-arrow\"]"}
RESULT: {}
RESULT: {"using":"xpath","value":"//*[@id=\"application-managepricingrules-display-component---newInfoPriceItem--calcBase-arrow\"]"}
COMMAND: POST /session/f2510c46535a82282fd70196afe2e571/element/f.F7DC0DCC1AEA5B11728C456D26A3F950.d.14C13AFFC644460AA24C296DC8899AED.e.3719/click - {}
RESULT: {}
COMMAND: GET /session/f2510c46535a82282fd70196afe2e571/screenshot - {}
RESULT: {}
COMMAND: POST /session/f2510c46535a82282fd70196afe2e571/element - {"using":"xpath","value":"//span[contains(text(), \"0006 - TB(calendar days)\")]"}
RESULT: {"using":"xpath","value":"//span[contains(text(), \"0006 - TB(calendar days)\")]"}
COMMAND: POST /session/f2510c46535a82282fd70196afe2e571/element/f.F7DC0DCC1AEA5B11728C456D26A3F950.d.14C13AFFC644460AA24C296DC8899AED.e.3749/click - {}
RESULT: {}
COMMAND: GET /session/f2510c46535a82282fd70196afe2e571/screenshot - {}
RESULT: {}
COMMAND: POST /session/f2510c46535a82282fd70196afe2e571/execute/async - {"script":"<script> [1562 bytes]","args":[{"selector":{"id":"application-managepricingrules-display-component---newInfoPriceItem--daysMonth","interaction":{"idSuffix":"inner"}},"wdio_ui5_key":"applicationmanagepricingrules-display-component---newInfoPriceItem--daysMonth"}]}
RESULT: {"script":"<script> [1562 bytes]","args":[{"selector":{"id":"application-managepricingrules-display-component---newInfoPriceItem--daysMonth","interaction":{"idSuffix":"inner"}},"wdio_ui5_key":"applicationmanagepricingrules-display-component---newInfoPriceItem--daysMonth"}]}
RESULT: undefined
COMMAND: POST /session/f2510c46535a82282fd70196afe2e571/execute/async - {"script":"<script> [776 bytes]","args":[{"enterText":"30","selector":{"id":"application-managepricingrules-display-component---newInfoPriceItem--daysMonth","interaction":{"idSuffix":"inner"}},"clearTextFirst":true,"interactionType":"ENTER_TEXT"}]}
RESULT: {"script":"<script> [776 bytes]","args":[{"enterText":"30","selector":{"id":"application-managepricingrules-display-component---newInfoPriceItem--daysMonth","interaction":{"idSuffix":"inner"}},"clearTextFirst":true,"interactionType":"ENTER_TEXT"}]}
COMMAND: POST /session/f2510c46535a82282fd70196afe2e571/element - {"using":"xpath","value":"//button[@data-kt=\"saveNewRuleButton\"]"}
RESULT: {"using":"xpath","value":"//button[@data-kt=\"saveNewRuleButton\"]"}
COMMAND: POST /session/f2510c46535a82282fd70196afe2e571/element/f.F7DC0DCC1AEA5B11728C456D26A3F950.d.14C13AFFC644460AA24C296DC8899AED.e.3731/click - {}
RESULT: {}
COMMAND: GET /session/f2510c46535a82282fd70196afe2e571/screenshot - {}
RESULT: {}
COMMAND: POST /session/f2510c46535a82282fd70196afe2e571/execute/async - {"script":"<script> [1562 bytes]","args":[{"selector":{"id":"application-managepricingrules-display-component---priceInfoItem--smartFilterBar-btnBasicSearch","interaction":{"idSuffix":"I"}},"wdio_ui5_key":"applicationmanagepricingrules-display-component---priceInfoItem--smartFilterBar-btnBasicSearch"}]}
RESULT: {"script":"<script> [1562 bytes]","args":[{"selector":{"id":"application-managepricingrules-display-component---priceInfoItem--smartFilterBar-btnBasicSearch","interaction":{"idSuffix":"I"}},"wdio_ui5_key":"applicationmanagepricingrules-display-component---priceInfoItem--smartFilterBar-btnBasicSearch"}]}
RESULT: undefined
COMMAND: POST /session/f2510c46535a82282fd70196afe2e571/execute/async - {"script":"<script> [776 bytes]","args":[{"enterText":"dLwbnC19yv","selector":{"id":"application-managepricingrules-display-component---priceInfoItem--smartFilterBar-btnBasicSearch","interaction":{"idSuffix":"I"}},"clearTextFirst":true,"interactionType":"ENTER_TEXT"}]}
RESULT: {"script":"<script> [776 bytes]","args":[{"enterText":"dLwbnC19yv","selector":{"id":"application-managepricingrules-display-component---priceInfoItem--smartFilterBar-btnBasicSearch","interaction":{"idSuffix":"I"}},"clearTextFirst":true,"interactionType":"ENTER_TEXT"}]}
COMMAND: POST /session/f2510c46535a82282fd70196afe2e571/actions - {"actions":[{"id":"action13","type":"key","parameters":{},"actions":[{"type":"keyDown","value":""},{"type":"pause","duration":10},{"type":"keyUp","value":""}]}]}
RESULT: {"actions":[{"id":"action13","type":"key","parameters":{},"actions":[{"type":"keyDown","value":""},{"type":"pause","duration":10},{"type":"keyUp","value":""}]}]}
COMMAND: GET /session/f2510c46535a82282fd70196afe2e571/screenshot - {}
RESULT: {}
COMMAND: POST /session/f2510c46535a82282fd70196afe2e571/element - {"using":"xpath","value":"//span[@id=\"application-managepricingrules-display-component---priceInfoItem--smartTable-header-inner\"]"}
RESULT: {"using":"xpath","value":"//span[@id=\"application-managepricingrules-display-component---priceInfoItem--smartTable-header-inner\"]"}
COMMAND: POST /session/f2510c46535a82282fd70196afe2e571/elements - {"using":"xpath","value":"//span[@id=\"application-managepricingrules-display-component---priceInfoItem--smartTable-header-inner\"]"}
RESULT: {"using":"xpath","value":"//span[@id=\"application-managepricingrules-display-component---priceInfoItem--smartTable-header-inner\"]"}
COMMAND: POST /session/f2510c46535a82282fd70196afe2e571/execute/sync - {"script":"<script> [56 bytes]","args":[{"element-6066-11e4-a52e-4f735466cecf":"f.F7DC0DCC1AEA5B11728C456D26A3F950.d.14C13AFFC644460AA24C296DC8899AED.e.3763","ELEMENT":"f.F7DC0DCC1AEA5B11728C456D26A3F950.d.14C13AFFC644460AA24C296DC8899AED.e.3763"}]}
RESULT: {"script":"<script> [56 bytes]","args":[{"element-6066-11e4-a52e-4f735466cecf":"f.F7DC0DCC1AEA5B11728C456D26A3F950.d.14C13AFFC644460AA24C296DC8899AED.e.3763","ELEMENT":"f.F7DC0DCC1AEA5B11728C456D26A3F950.d.14C13AFFC644460AA24C296DC8899AED.e.3763"}]}
COMMAND: POST /session/f2510c46535a82282fd70196afe2e571/element - {"using":"css selector","value":"#shell-header-logo"}
COMMAND: GET /session/f2510c46535a82282fd70196afe2e571/screenshot - {}
RESULT: {"using":"css selector","value":"#shell-header-logo"}
COMMAND: POST /session/f2510c46535a82282fd70196afe2e571/element/f.F7DC0DCC1AEA5B11728C456D26A3F950.d.14C13AFFC644460AA24C296DC8899AED.e.2911/click - {}
RESULT: {}
RESULT: {}
COMMAND: GET /session/f2510c46535a82282fd70196afe2e571/screenshot - {}
RESULT: {}
]]></system-out>
    </testcase>
    <testcase classname="chrome.136_0_7103_93.windows.Billing_confirm_US117289" name="Should create new condition for equipment" time="64.804">
      <system-out><![CDATA[
COMMAND: POST /session/f2510c46535a82282fd70196afe2e571/execute/async - {"script":"<script> [1562 bytes]","args":[{"selector":{"controlType":"sap.m.GenericTile","properties":{"header":"Manage Conditions & Prices"}},"wdio_ui5_key":"sapm.GenericTile{\"header\":\"Manage Conditions & Prices\"}"}]}
RESULT: {"script":"<script> [1562 bytes]","args":[{"selector":{"controlType":"sap.m.GenericTile","properties":{"header":"Manage Conditions & Prices"}},"wdio_ui5_key":"sapm.GenericTile{\"header\":\"Manage Conditions & Prices\"}"}]}
RESULT: undefined
COMMAND: POST /session/f2510c46535a82282fd70196afe2e571/element - {"using":"xpath","value":"//*[@id=\"__tile93\"]"}
RESULT: {"using":"xpath","value":"//*[@id=\"__tile93\"]"}
COMMAND: POST /session/f2510c46535a82282fd70196afe2e571/element/f.F7DC0DCC1AEA5B11728C456D26A3F950.d.14C13AFFC644460AA24C296DC8899AED.e.2895/click - {}
RESULT: {}
COMMAND: GET /session/f2510c46535a82282fd70196afe2e571/screenshot - {}
RESULT: {}
COMMAND: POST /session/f2510c46535a82282fd70196afe2e571/elements - {"using":"xpath","value":"//span[text()='Error']"}
RESULT: {"using":"xpath","value":"//span[text()='Error']"}
COMMAND: POST /session/f2510c46535a82282fd70196afe2e571/element - {"using":"xpath","value":"//button[@aria-label=\"Create\"]"}
RESULT: {"using":"xpath","value":"//button[@aria-label=\"Create\"]"}
COMMAND: POST /session/f2510c46535a82282fd70196afe2e571/elements - {"using":"xpath","value":"//button[@aria-label=\"Create\"]"}
RESULT: {"using":"xpath","value":"//button[@aria-label=\"Create\"]"}
COMMAND: POST /session/f2510c46535a82282fd70196afe2e571/execute/sync - {"script":"<script> [8489 bytes]","args":[{"element-6066-11e4-a52e-4f735466cecf":"f.F7DC0DCC1AEA5B11728C456D26A3F950.d.14C13AFFC644460AA24C296DC8899AED.e.3804","ELEMENT":"f.F7DC0DCC1AEA5B11728C456D26A3F950.d.14C13AFFC644460AA24C296DC8899AED.e.3804"}]}
RESULT: {"script":"<script> [8489 bytes]","args":[{"element-6066-11e4-a52e-4f735466cecf":"f.F7DC0DCC1AEA5B11728C456D26A3F950.d.14C13AFFC644460AA24C296DC8899AED.e.3804","ELEMENT":"f.F7DC0DCC1AEA5B11728C456D26A3F950.d.14C13AFFC644460AA24C296DC8899AED.e.3804"}]}
COMMAND: GET /session/f2510c46535a82282fd70196afe2e571/element/f.F7DC0DCC1AEA5B11728C456D26A3F950.d.14C13AFFC644460AA24C296DC8899AED.e.3804/enabled - {}
COMMAND: GET /session/f2510c46535a82282fd70196afe2e571/screenshot - {}
RESULT: {}
COMMAND: POST /session/f2510c46535a82282fd70196afe2e571/execute/sync - {"script":"<script> [8489 bytes]","args":[{"element-6066-11e4-a52e-4f735466cecf":"f.F7DC0DCC1AEA5B11728C456D26A3F950.d.14C13AFFC644460AA24C296DC8899AED.e.3804","ELEMENT":"f.F7DC0DCC1AEA5B11728C456D26A3F950.d.14C13AFFC644460AA24C296DC8899AED.e.3804"}]}
COMMAND: GET /session/f2510c46535a82282fd70196afe2e571/screenshot - {}
RESULT: {}
RESULT: {"script":"<script> [8489 bytes]","args":[{"element-6066-11e4-a52e-4f735466cecf":"f.F7DC0DCC1AEA5B11728C456D26A3F950.d.14C13AFFC644460AA24C296DC8899AED.e.3804","ELEMENT":"f.F7DC0DCC1AEA5B11728C456D26A3F950.d.14C13AFFC644460AA24C296DC8899AED.e.3804"}]}
COMMAND: POST /session/f2510c46535a82282fd70196afe2e571/execute/sync - {"script":"<script> [5351 bytes]","args":[{"element-6066-11e4-a52e-4f735466cecf":"f.F7DC0DCC1AEA5B11728C456D26A3F950.d.14C13AFFC644460AA24C296DC8899AED.e.3804","ELEMENT":"f.F7DC0DCC1AEA5B11728C456D26A3F950.d.14C13AFFC644460AA24C296DC8899AED.e.3804"}]}
COMMAND: GET /session/f2510c46535a82282fd70196afe2e571/screenshot - {}
RESULT: {}
RESULT: {"script":"<script> [5351 bytes]","args":[{"element-6066-11e4-a52e-4f735466cecf":"f.F7DC0DCC1AEA5B11728C456D26A3F950.d.14C13AFFC644460AA24C296DC8899AED.e.3804","ELEMENT":"f.F7DC0DCC1AEA5B11728C456D26A3F950.d.14C13AFFC644460AA24C296DC8899AED.e.3804"}]}
COMMAND: POST /session/f2510c46535a82282fd70196afe2e571/element/f.F7DC0DCC1AEA5B11728C456D26A3F950.d.14C13AFFC644460AA24C296DC8899AED.e.3804/click - {}
COMMAND: GET /session/f2510c46535a82282fd70196afe2e571/screenshot - {}
RESULT: {}
RESULT: {}
COMMAND: GET /session/f2510c46535a82282fd70196afe2e571/screenshot - {}
RESULT: {}
RESULT: {}
COMMAND: POST /session/f2510c46535a82282fd70196afe2e571/actions - {"actions":[{"id":"action14","type":"key","parameters":{},"actions":[{"type":"keyDown","value":""},{"type":"pause","duration":10},{"type":"keyUp","value":""}]}]}
RESULT: {"actions":[{"id":"action14","type":"key","parameters":{},"actions":[{"type":"keyDown","value":""},{"type":"pause","duration":10},{"type":"keyUp","value":""}]}]}
COMMAND: GET /session/f2510c46535a82282fd70196afe2e571/screenshot - {}
RESULT: {}
COMMAND: POST /session/f2510c46535a82282fd70196afe2e571/execute/async - {"script":"<script> [1562 bytes]","args":[{"selector":{"id":"application-manageconditionprice-display-component---newCondition--condBillCond-arrow"},"wdio_ui5_key":"applicationmanageconditionprice-display-component---newCondition--condBillCond-arrow"}]}
RESULT: {"script":"<script> [1562 bytes]","args":[{"selector":{"id":"application-manageconditionprice-display-component---newCondition--condBillCond-arrow"},"wdio_ui5_key":"applicationmanageconditionprice-display-component---newCondition--condBillCond-arrow"}]}
RESULT: undefined
COMMAND: POST /session/f2510c46535a82282fd70196afe2e571/element - {"using":"xpath","value":"//*[@id=\"application-manageconditionprice-display-component---newCondition--condBillCond-arrow\"]"}
RESULT: {"using":"xpath","value":"//*[@id=\"application-manageconditionprice-display-component---newCondition--condBillCond-arrow\"]"}
COMMAND: POST /session/f2510c46535a82282fd70196afe2e571/element/f.F7DC0DCC1AEA5B11728C456D26A3F950.d.14C13AFFC644460AA24C296DC8899AED.e.4009/click - {}
RESULT: {}
COMMAND: GET /session/f2510c46535a82282fd70196afe2e571/screenshot - {}
RESULT: {}
COMMAND: POST /session/f2510c46535a82282fd70196afe2e571/element - {"using":"xpath","value":"//li[.//span[contains(text(), \"DISP - D&I special price\")]]"}
RESULT: {"using":"xpath","value":"//li[.//span[contains(text(), \"DISP - D&I special price\")]]"}
COMMAND: POST /session/f2510c46535a82282fd70196afe2e571/element/f.F7DC0DCC1AEA5B11728C456D26A3F950.d.14C13AFFC644460AA24C296DC8899AED.e.4012/click - {}
RESULT: {}
COMMAND: GET /session/f2510c46535a82282fd70196afe2e571/screenshot - {}
RESULT: {}
COMMAND: POST /session/f2510c46535a82282fd70196afe2e571/execute/async - {"script":"<script> [1562 bytes]","args":[{"selector":{"id":"application-manageconditionprice-display-component---newCondition--condValidTo","interaction":{"idSuffix":"inner"}},"wdio_ui5_key":"applicationmanageconditionprice-display-component---newCondition--condValidTo"}]}
RESULT: {"script":"<script> [1562 bytes]","args":[{"selector":{"id":"application-manageconditionprice-display-component---newCondition--condValidTo","interaction":{"idSuffix":"inner"}},"wdio_ui5_key":"applicationmanageconditionprice-display-component---newCondition--condValidTo"}]}
RESULT: undefined
COMMAND: POST /session/f2510c46535a82282fd70196afe2e571/execute/async - {"script":"<script> [776 bytes]","args":[{"enterText":"1/31/26","selector":{"id":"application-manageconditionprice-display-component---newCondition--condValidTo","interaction":{"idSuffix":"inner"}},"clearTextFirst":true,"interactionType":"ENTER_TEXT"}]}
RESULT: {"script":"<script> [776 bytes]","args":[{"enterText":"1/31/26","selector":{"id":"application-manageconditionprice-display-component---newCondition--condValidTo","interaction":{"idSuffix":"inner"}},"clearTextFirst":true,"interactionType":"ENTER_TEXT"}]}
COMMAND: POST /session/f2510c46535a82282fd70196afe2e571/element - {"using":"xpath","value":"//input[@id=\"application-manageconditionprice-display-component---newCondition--condRU-inner\"]"}
RESULT: {"using":"xpath","value":"//input[@id=\"application-manageconditionprice-display-component---newCondition--condRU-inner\"]"}
COMMAND: POST /session/f2510c46535a82282fd70196afe2e571/element/f.F7DC0DCC1AEA5B11728C456D26A3F950.d.14C13AFFC644460AA24C296DC8899AED.e.3874/clear - {}
RESULT: {}
COMMAND: POST /session/f2510c46535a82282fd70196afe2e571/element/f.F7DC0DCC1AEA5B11728C456D26A3F950.d.14C13AFFC644460AA24C296DC8899AED.e.3874/value - {"text":"dLwbnC19yv"}
COMMAND: GET /session/f2510c46535a82282fd70196afe2e571/screenshot - {}
RESULT: {"text":"dLwbnC19yv"}
COMMAND: GET /session/f2510c46535a82282fd70196afe2e571/screenshot - {}
RESULT: {}
RESULT: {}
COMMAND: POST /session/f2510c46535a82282fd70196afe2e571/actions - {"actions":[{"id":"action15","type":"key","parameters":{},"actions":[{"type":"keyDown","value":""},{"type":"pause","duration":10},{"type":"keyUp","value":""}]}]}
RESULT: {"actions":[{"id":"action15","type":"key","parameters":{},"actions":[{"type":"keyDown","value":""},{"type":"pause","duration":10},{"type":"keyUp","value":""}]}]}
COMMAND: POST /session/f2510c46535a82282fd70196afe2e571/execute/async - {"script":"<script> [1562 bytes]","args":[{"selector":{"id":"application-manageconditionprice-display-component---newCondition--condBaseQty","interaction":{"idSuffix":"inner"}},"wdio_ui5_key":"applicationmanageconditionprice-display-component---newCondition--condBaseQty"}]}
COMMAND: GET /session/f2510c46535a82282fd70196afe2e571/screenshot - {}
RESULT: {"script":"<script> [1562 bytes]","args":[{"selector":{"id":"application-manageconditionprice-display-component---newCondition--condBaseQty","interaction":{"idSuffix":"inner"}},"wdio_ui5_key":"applicationmanageconditionprice-display-component---newCondition--condBaseQty"}]}
RESULT: undefined
COMMAND: POST /session/f2510c46535a82282fd70196afe2e571/execute/async - {"script":"<script> [776 bytes]","args":[{"enterText":"1","selector":{"id":"application-manageconditionprice-display-component---newCondition--condBaseQty","interaction":{"idSuffix":"inner"}},"clearTextFirst":true,"interactionType":"ENTER_TEXT"}]}
RESULT: {}
RESULT: {"script":"<script> [776 bytes]","args":[{"enterText":"1","selector":{"id":"application-manageconditionprice-display-component---newCondition--condBaseQty","interaction":{"idSuffix":"inner"}},"clearTextFirst":true,"interactionType":"ENTER_TEXT"}]}
COMMAND: POST /session/f2510c46535a82282fd70196afe2e571/execute/async - {"script":"<script> [1562 bytes]","args":[{"selector":{"id":"application-manageconditionprice-display-component---newCondition--condValue","interaction":{"idSuffix":"inner"}},"wdio_ui5_key":"applicationmanageconditionprice-display-component---newCondition--condValue"}]}
RESULT: {"script":"<script> [1562 bytes]","args":[{"selector":{"id":"application-manageconditionprice-display-component---newCondition--condValue","interaction":{"idSuffix":"inner"}},"wdio_ui5_key":"applicationmanageconditionprice-display-component---newCondition--condValue"}]}
RESULT: undefined
COMMAND: POST /session/f2510c46535a82282fd70196afe2e571/execute/async - {"script":"<script> [776 bytes]","args":[{"enterText":"100","selector":{"id":"application-manageconditionprice-display-component---newCondition--condValue","interaction":{"idSuffix":"inner"}},"clearTextFirst":true,"interactionType":"ENTER_TEXT"}]}
RESULT: {"script":"<script> [776 bytes]","args":[{"enterText":"100","selector":{"id":"application-manageconditionprice-display-component---newCondition--condValue","interaction":{"idSuffix":"inner"}},"clearTextFirst":true,"interactionType":"ENTER_TEXT"}]}
COMMAND: POST /session/f2510c46535a82282fd70196afe2e571/execute/async - {"script":"<script> [1562 bytes]","args":[{"selector":{"id":"application-manageconditionprice-display-component---newCondition--condCurr-arrow"},"wdio_ui5_key":"applicationmanageconditionprice-display-component---newCondition--condCurr-arrow"}]}
RESULT: {"script":"<script> [1562 bytes]","args":[{"selector":{"id":"application-manageconditionprice-display-component---newCondition--condCurr-arrow"},"wdio_ui5_key":"applicationmanageconditionprice-display-component---newCondition--condCurr-arrow"}]}
RESULT: undefined
COMMAND: POST /session/f2510c46535a82282fd70196afe2e571/element - {"using":"xpath","value":"//*[@id=\"application-manageconditionprice-display-component---newCondition--condCurr-arrow\"]"}
RESULT: {"using":"xpath","value":"//*[@id=\"application-manageconditionprice-display-component---newCondition--condCurr-arrow\"]"}
COMMAND: POST /session/f2510c46535a82282fd70196afe2e571/element/f.F7DC0DCC1AEA5B11728C456D26A3F950.d.14C13AFFC644460AA24C296DC8899AED.e.3991/click - {}
RESULT: {}
COMMAND: POST /session/f2510c46535a82282fd70196afe2e571/element - {"using":"xpath","value":"//span[contains(text(), \"Euro\")]"}
COMMAND: GET /session/f2510c46535a82282fd70196afe2e571/screenshot - {}
RESULT: {"using":"xpath","value":"//span[contains(text(), \"Euro\")]"}
COMMAND: POST /session/f2510c46535a82282fd70196afe2e571/element/f.F7DC0DCC1AEA5B11728C456D26A3F950.d.14C13AFFC644460AA24C296DC8899AED.e.4049/click - {}
RESULT: {}
RESULT: {}
COMMAND: POST /session/f2510c46535a82282fd70196afe2e571/element - {"using":"xpath","value":"//button[@data-kt=\"saveButton\"]"}
COMMAND: GET /session/f2510c46535a82282fd70196afe2e571/screenshot - {}
RESULT: {"using":"xpath","value":"//button[@data-kt=\"saveButton\"]"}
COMMAND: POST /session/f2510c46535a82282fd70196afe2e571/element/f.F7DC0DCC1AEA5B11728C456D26A3F950.d.14C13AFFC644460AA24C296DC8899AED.e.3992/click - {}
RESULT: {}
RESULT: {}
COMMAND: GET /session/f2510c46535a82282fd70196afe2e571/screenshot - {}
RESULT: {}
COMMAND: POST /session/f2510c46535a82282fd70196afe2e571/execute/async - {"script":"<script> [1562 bytes]","args":[{"selector":{"id":"application-manageconditionprice-display-component---conditions--smartFilterBar-btnBasicSearch","interaction":{"idSuffix":"I"}},"wdio_ui5_key":"applicationmanageconditionprice-display-component---conditions--smartFilterBar-btnBasicSearch"}]}
RESULT: {"script":"<script> [1562 bytes]","args":[{"selector":{"id":"application-manageconditionprice-display-component---conditions--smartFilterBar-btnBasicSearch","interaction":{"idSuffix":"I"}},"wdio_ui5_key":"applicationmanageconditionprice-display-component---conditions--smartFilterBar-btnBasicSearch"}]}
RESULT: undefined
COMMAND: POST /session/f2510c46535a82282fd70196afe2e571/execute/async - {"script":"<script> [776 bytes]","args":[{"enterText":"dLwbnC19yv","selector":{"id":"application-manageconditionprice-display-component---conditions--smartFilterBar-btnBasicSearch","interaction":{"idSuffix":"I"}},"clearTextFirst":true,"interactionType":"ENTER_TEXT"}]}
RESULT: {"script":"<script> [776 bytes]","args":[{"enterText":"dLwbnC19yv","selector":{"id":"application-manageconditionprice-display-component---conditions--smartFilterBar-btnBasicSearch","interaction":{"idSuffix":"I"}},"clearTextFirst":true,"interactionType":"ENTER_TEXT"}]}
COMMAND: POST /session/f2510c46535a82282fd70196afe2e571/actions - {"actions":[{"id":"action16","type":"key","parameters":{},"actions":[{"type":"keyDown","value":""},{"type":"pause","duration":10},{"type":"keyUp","value":""}]}]}
RESULT: {"actions":[{"id":"action16","type":"key","parameters":{},"actions":[{"type":"keyDown","value":""},{"type":"pause","duration":10},{"type":"keyUp","value":""}]}]}
COMMAND: GET /session/f2510c46535a82282fd70196afe2e571/screenshot - {}
RESULT: {}
COMMAND: POST /session/f2510c46535a82282fd70196afe2e571/execute/async - {"script":"<script> [1562 bytes]","args":[{"selector":{"id":"application-manageconditionprice-display-component---conditions--smartFilterBar-filterItemControl_BASIC-BILL_TYPES-vhi"},"wdio_ui5_key":"applicationmanageconditionprice-display-component---conditions--smartFilterBar-filterItemControl_BASIC-BILL_TYPES-vhi"}]}
RESULT: {"script":"<script> [1562 bytes]","args":[{"selector":{"id":"application-manageconditionprice-display-component---conditions--smartFilterBar-filterItemControl_BASIC-BILL_TYPES-vhi"},"wdio_ui5_key":"applicationmanageconditionprice-display-component---conditions--smartFilterBar-filterItemControl_BASIC-BILL_TYPES-vhi"}]}
RESULT: undefined
COMMAND: POST /session/f2510c46535a82282fd70196afe2e571/element - {"using":"xpath","value":"//*[@id=\"application-manageconditionprice-display-component---conditions--smartFilterBar-filterItemControl_BASIC-BILL_TYPES-vhi\"]"}
RESULT: {"using":"xpath","value":"//*[@id=\"application-manageconditionprice-display-component---conditions--smartFilterBar-filterItemControl_BASIC-BILL_TYPES-vhi\"]"}
COMMAND: POST /session/f2510c46535a82282fd70196afe2e571/element/f.F7DC0DCC1AEA5B11728C456D26A3F950.d.14C13AFFC644460AA24C296DC8899AED.e.4066/click - {}
RESULT: {}
COMMAND: POST /session/f2510c46535a82282fd70196afe2e571/execute/async - {"script":"<script> [1562 bytes]","args":[{"selector":{"id":"application-manageconditionprice-display-component---conditions--smartFilterBar-filterItemControl_BASIC-BILL_TYPES-valueHelpDialog-smartFilterBar-btnBasicSearch","searchOpenDialogs":true,"interaction":{"idSuffix":"I"}},"wdio_ui5_key":"applicationmanageconditionprice-display-component---conditions--smartFilterBar-filterItemControl_BASIC-BILL_TYPES-valueHelpDialog-smartFilterBar-btnBasicSearch"}]}
COMMAND: GET /session/f2510c46535a82282fd70196afe2e571/screenshot - {}
RESULT: {"script":"<script> [1562 bytes]","args":[{"selector":{"id":"application-manageconditionprice-display-component---conditions--smartFilterBar-filterItemControl_BASIC-BILL_TYPES-valueHelpDialog-smartFilterBar-btnBasicSearch","searchOpenDialogs":true,"interaction":{"idSuffix":"I"}},"wdio_ui5_key":"applicationmanageconditionprice-display-component---conditions--smartFilterBar-filterItemControl_BASIC-BILL_TYPES-valueHelpDialog-smartFilterBar-btnBasicSearch"}]}
RESULT: undefined
COMMAND: POST /session/f2510c46535a82282fd70196afe2e571/execute/async - {"script":"<script> [776 bytes]","args":[{"enterText":"TB","selector":{"id":"application-manageconditionprice-display-component---conditions--smartFilterBar-filterItemControl_BASIC-BILL_TYPES-valueHelpDialog-smartFilterBar-btnBasicSearch","searchOpenDialogs":true,"interaction":{"idSuffix":"I"}},"clearTextFirst":true,"interactionType":"ENTER_TEXT"}]}
RESULT: {}
RESULT: {"script":"<script> [776 bytes]","args":[{"enterText":"TB","selector":{"id":"application-manageconditionprice-display-component---conditions--smartFilterBar-filterItemControl_BASIC-BILL_TYPES-valueHelpDialog-smartFilterBar-btnBasicSearch","searchOpenDialogs":true,"interaction":{"idSuffix":"I"}},"clearTextFirst":true,"interactionType":"ENTER_TEXT"}]}
COMMAND: POST /session/f2510c46535a82282fd70196afe2e571/actions - {"actions":[{"id":"action17","type":"key","parameters":{},"actions":[{"type":"keyDown","value":""},{"type":"pause","duration":10},{"type":"keyUp","value":""}]}]}
RESULT: {"actions":[{"id":"action17","type":"key","parameters":{},"actions":[{"type":"keyDown","value":""},{"type":"pause","duration":10},{"type":"keyUp","value":""}]}]}
COMMAND: GET /session/f2510c46535a82282fd70196afe2e571/screenshot - {}
RESULT: {}
COMMAND: POST /session/f2510c46535a82282fd70196afe2e571/element - {"using":"xpath","value":"//div[contains(@id, 'application-manageconditionprice-display-component---conditions--smartFilterBar-filterItemControl_BASIC-BILL_TYPES-valueHelpDialog-table-rowsel0')]"}
RESULT: {"using":"xpath","value":"//div[contains(@id, 'application-manageconditionprice-display-component---conditions--smartFilterBar-filterItemControl_BASIC-BILL_TYPES-valueHelpDialog-table-rowsel0')]"}
COMMAND: POST /session/f2510c46535a82282fd70196afe2e571/element/f.F7DC0DCC1AEA5B11728C456D26A3F950.d.14C13AFFC644460AA24C296DC8899AED.e.4074/click - {}
RESULT: {}
COMMAND: GET /session/f2510c46535a82282fd70196afe2e571/screenshot - {}
RESULT: {}
COMMAND: POST /session/f2510c46535a82282fd70196afe2e571/element - {"using":"xpath","value":"//bdi[contains(text(), \"OK\")]"}
RESULT: {"using":"xpath","value":"//bdi[contains(text(), \"OK\")]"}
COMMAND: POST /session/f2510c46535a82282fd70196afe2e571/element/f.F7DC0DCC1AEA5B11728C456D26A3F950.d.14C13AFFC644460AA24C296DC8899AED.e.4076/click - {}
RESULT: {}
COMMAND: GET /session/f2510c46535a82282fd70196afe2e571/screenshot - {}
RESULT: {}
COMMAND: POST /session/f2510c46535a82282fd70196afe2e571/element - {"using":"xpath","value":"//span[@id=\"application-manageconditionprice-display-component---conditions--smartTable-header-inner\"]"}
RESULT: {"using":"xpath","value":"//span[@id=\"application-manageconditionprice-display-component---conditions--smartTable-header-inner\"]"}
COMMAND: POST /session/f2510c46535a82282fd70196afe2e571/elements - {"using":"xpath","value":"//span[@id=\"application-manageconditionprice-display-component---conditions--smartTable-header-inner\"]"}
RESULT: {"using":"xpath","value":"//span[@id=\"application-manageconditionprice-display-component---conditions--smartTable-header-inner\"]"}
COMMAND: POST /session/f2510c46535a82282fd70196afe2e571/execute/sync - {"script":"<script> [56 bytes]","args":[{"element-6066-11e4-a52e-4f735466cecf":"f.F7DC0DCC1AEA5B11728C456D26A3F950.d.14C13AFFC644460AA24C296DC8899AED.e.4079","ELEMENT":"f.F7DC0DCC1AEA5B11728C456D26A3F950.d.14C13AFFC644460AA24C296DC8899AED.e.4079"}]}
RESULT: {"script":"<script> [56 bytes]","args":[{"element-6066-11e4-a52e-4f735466cecf":"f.F7DC0DCC1AEA5B11728C456D26A3F950.d.14C13AFFC644460AA24C296DC8899AED.e.4079","ELEMENT":"f.F7DC0DCC1AEA5B11728C456D26A3F950.d.14C13AFFC644460AA24C296DC8899AED.e.4079"}]}
COMMAND: POST /session/f2510c46535a82282fd70196afe2e571/element - {"using":"css selector","value":"#shell-header-logo"}
COMMAND: GET /session/f2510c46535a82282fd70196afe2e571/screenshot - {}
RESULT: {"using":"css selector","value":"#shell-header-logo"}
COMMAND: POST /session/f2510c46535a82282fd70196afe2e571/element/f.F7DC0DCC1AEA5B11728C456D26A3F950.d.14C13AFFC644460AA24C296DC8899AED.e.3767/click - {}
RESULT: {}
RESULT: {}
COMMAND: GET /session/f2510c46535a82282fd70196afe2e571/screenshot - {}
RESULT: {}
]]></system-out>
    </testcase>
    <testcase classname="chrome.136_0_7103_93.windows.Billing_confirm_US117289" name="Should do a stock increase" time="90.315">
      <failure/>
      <error message="Can't call click on element with selector &quot;//li[.//span[contains(text(),'530 -')]]&quot; because element wasn't found"/>
      <system-out><![CDATA[
COMMAND: POST /session/f2510c46535a82282fd70196afe2e571/execute/async - {"script":"<script> [1562 bytes]","args":[{"selector":{"controlType":"sap.m.GenericTile","properties":{"header":"Manage Handovers"}},"wdio_ui5_key":"sapm.GenericTile{\"header\":\"Manage Handovers\"}"}]}
RESULT: {"script":"<script> [1562 bytes]","args":[{"selector":{"controlType":"sap.m.GenericTile","properties":{"header":"Manage Handovers"}},"wdio_ui5_key":"sapm.GenericTile{\"header\":\"Manage Handovers\"}"}]}
RESULT: undefined
COMMAND: POST /session/f2510c46535a82282fd70196afe2e571/element - {"using":"xpath","value":"//*[@id=\"__tile131\"]"}
RESULT: {"using":"xpath","value":"//*[@id=\"__tile131\"]"}
COMMAND: POST /session/f2510c46535a82282fd70196afe2e571/element/f.F7DC0DCC1AEA5B11728C456D26A3F950.d.14C13AFFC644460AA24C296DC8899AED.e.2859/click - {}
RESULT: {}
COMMAND: GET /session/f2510c46535a82282fd70196afe2e571/screenshot - {}
RESULT: {}
COMMAND: POST /session/f2510c46535a82282fd70196afe2e571/elements - {"using":"xpath","value":"//span[text()='Error']"}
RESULT: {"using":"xpath","value":"//span[text()='Error']"}
COMMAND: POST /session/f2510c46535a82282fd70196afe2e571/element - {"using":"xpath","value":"//button[@data-kt=\"masterHOAddButton\"]"}
RESULT: {"using":"xpath","value":"//button[@data-kt=\"masterHOAddButton\"]"}
COMMAND: POST /session/f2510c46535a82282fd70196afe2e571/elements - {"using":"xpath","value":"//button[@data-kt=\"masterHOAddButton\"]"}
RESULT: {"using":"xpath","value":"//button[@data-kt=\"masterHOAddButton\"]"}
COMMAND: POST /session/f2510c46535a82282fd70196afe2e571/execute/sync - {"script":"<script> [8489 bytes]","args":[{"element-6066-11e4-a52e-4f735466cecf":"f.F7DC0DCC1AEA5B11728C456D26A3F950.d.14C13AFFC644460AA24C296DC8899AED.e.4119","ELEMENT":"f.F7DC0DCC1AEA5B11728C456D26A3F950.d.14C13AFFC644460AA24C296DC8899AED.e.4119"}]}
RESULT: {"script":"<script> [8489 bytes]","args":[{"element-6066-11e4-a52e-4f735466cecf":"f.F7DC0DCC1AEA5B11728C456D26A3F950.d.14C13AFFC644460AA24C296DC8899AED.e.4119","ELEMENT":"f.F7DC0DCC1AEA5B11728C456D26A3F950.d.14C13AFFC644460AA24C296DC8899AED.e.4119"}]}
COMMAND: GET /session/f2510c46535a82282fd70196afe2e571/element/f.F7DC0DCC1AEA5B11728C456D26A3F950.d.14C13AFFC644460AA24C296DC8899AED.e.4119/enabled - {}
COMMAND: GET /session/f2510c46535a82282fd70196afe2e571/screenshot - {}
RESULT: {}
COMMAND: POST /session/f2510c46535a82282fd70196afe2e571/execute/sync - {"script":"<script> [8489 bytes]","args":[{"element-6066-11e4-a52e-4f735466cecf":"f.F7DC0DCC1AEA5B11728C456D26A3F950.d.14C13AFFC644460AA24C296DC8899AED.e.4119","ELEMENT":"f.F7DC0DCC1AEA5B11728C456D26A3F950.d.14C13AFFC644460AA24C296DC8899AED.e.4119"}]}
COMMAND: GET /session/f2510c46535a82282fd70196afe2e571/screenshot - {}
RESULT: {}
RESULT: {"script":"<script> [8489 bytes]","args":[{"element-6066-11e4-a52e-4f735466cecf":"f.F7DC0DCC1AEA5B11728C456D26A3F950.d.14C13AFFC644460AA24C296DC8899AED.e.4119","ELEMENT":"f.F7DC0DCC1AEA5B11728C456D26A3F950.d.14C13AFFC644460AA24C296DC8899AED.e.4119"}]}
COMMAND: POST /session/f2510c46535a82282fd70196afe2e571/execute/sync - {"script":"<script> [5351 bytes]","args":[{"element-6066-11e4-a52e-4f735466cecf":"f.F7DC0DCC1AEA5B11728C456D26A3F950.d.14C13AFFC644460AA24C296DC8899AED.e.4119","ELEMENT":"f.F7DC0DCC1AEA5B11728C456D26A3F950.d.14C13AFFC644460AA24C296DC8899AED.e.4119"}]}
COMMAND: GET /session/f2510c46535a82282fd70196afe2e571/screenshot - {}
RESULT: {}
RESULT: {"script":"<script> [5351 bytes]","args":[{"element-6066-11e4-a52e-4f735466cecf":"f.F7DC0DCC1AEA5B11728C456D26A3F950.d.14C13AFFC644460AA24C296DC8899AED.e.4119","ELEMENT":"f.F7DC0DCC1AEA5B11728C456D26A3F950.d.14C13AFFC644460AA24C296DC8899AED.e.4119"}]}
COMMAND: POST /session/f2510c46535a82282fd70196afe2e571/element/f.F7DC0DCC1AEA5B11728C456D26A3F950.d.14C13AFFC644460AA24C296DC8899AED.e.4119/click - {}
COMMAND: GET /session/f2510c46535a82282fd70196afe2e571/screenshot - {}
RESULT: {}
RESULT: {}
COMMAND: GET /session/f2510c46535a82282fd70196afe2e571/screenshot - {}
RESULT: {}
COMMAND: POST /session/f2510c46535a82282fd70196afe2e571/element - {"using":"xpath","value":"//span[contains(@id ,\"AddNewHO--typeSelect-arrow\")]"}
RESULT: {}
RESULT: {"using":"xpath","value":"//span[contains(@id ,\"AddNewHO--typeSelect-arrow\")]"}
COMMAND: POST /session/f2510c46535a82282fd70196afe2e571/element/f.F7DC0DCC1AEA5B11728C456D26A3F950.d.14C13AFFC644460AA24C296DC8899AED.e.4481/click - {}
RESULT: {}
COMMAND: GET /session/f2510c46535a82282fd70196afe2e571/screenshot - {}
RESULT: {}
COMMAND: POST /session/f2510c46535a82282fd70196afe2e571/element - {"using":"xpath","value":"(//li[contains(text(), \"stock increase yard\")])[1]"}
RESULT: {"using":"xpath","value":"(//li[contains(text(), \"stock increase yard\")])[1]"}
COMMAND: POST /session/f2510c46535a82282fd70196afe2e571/element/f.F7DC0DCC1AEA5B11728C456D26A3F950.d.14C13AFFC644460AA24C296DC8899AED.e.4482/click - {}
RESULT: {}
COMMAND: GET /session/f2510c46535a82282fd70196afe2e571/screenshot - {}
RESULT: {}
COMMAND: POST /session/f2510c46535a82282fd70196afe2e571/execute/async - {"script":"<script> [1562 bytes]","args":[{"selector":{"id":"application-managehandovers-display-component---AddNewHO--dueDate","interaction":{"idSuffix":"inner"}},"wdio_ui5_key":"applicationmanagehandovers-display-component---AddNewHO--dueDate"}]}
RESULT: {"script":"<script> [1562 bytes]","args":[{"selector":{"id":"application-managehandovers-display-component---AddNewHO--dueDate","interaction":{"idSuffix":"inner"}},"wdio_ui5_key":"applicationmanagehandovers-display-component---AddNewHO--dueDate"}]}
RESULT: undefined
COMMAND: POST /session/f2510c46535a82282fd70196afe2e571/execute/async - {"script":"<script> [6424 bytes]","args":[{"element-6066-11e4-a52e-4f735466cecf":"f.F7DC0DCC1AEA5B11728C456D26A3F950.d.14C13AFFC644460AA24C296DC8899AED.e.4484"},"setValue",["5/31/25"]]}
RESULT: {"script":"<script> [6424 bytes]","args":[{"element-6066-11e4-a52e-4f735466cecf":"f.F7DC0DCC1AEA5B11728C456D26A3F950.d.14C13AFFC644460AA24C296DC8899AED.e.4484"},"setValue",["5/31/25"]]}
COMMAND: POST /session/f2510c46535a82282fd70196afe2e571/element - {"using":"xpath","value":"//input[@id=\"generalSectionFrg--receiveYard-inner\"]"}
RESULT: {"using":"xpath","value":"//input[@id=\"generalSectionFrg--receiveYard-inner\"]"}
COMMAND: POST /session/f2510c46535a82282fd70196afe2e571/element/f.F7DC0DCC1AEA5B11728C456D26A3F950.d.14C13AFFC644460AA24C296DC8899AED.e.4490/clear - {}
RESULT: {}
COMMAND: POST /session/f2510c46535a82282fd70196afe2e571/element/f.F7DC0DCC1AEA5B11728C456D26A3F950.d.14C13AFFC644460AA24C296DC8899AED.e.4490/value - {"text":"530"}
COMMAND: GET /session/f2510c46535a82282fd70196afe2e571/screenshot - {}
RESULT: {"text":"530"}
COMMAND: GET /session/f2510c46535a82282fd70196afe2e571/screenshot - {}
RESULT: {}
RESULT: {}
COMMAND: POST /session/f2510c46535a82282fd70196afe2e571/element - {"using":"xpath","value":"//li[.//span[contains(text(),'530 -')]]"}
RESULT: {"using":"xpath","value":"//li[.//span[contains(text(),'530 -')]]"}
COMMAND: POST /session/f2510c46535a82282fd70196afe2e571/elements - {"using":"xpath","value":"//li[.//span[contains(text(),'530 -')]]"}
RESULT: {"using":"xpath","value":"//li[.//span[contains(text(),'530 -')]]"}
COMMAND: POST /session/f2510c46535a82282fd70196afe2e571/elements - {"using":"xpath","value":"//li[.//span[contains(text(),'530 -')]]"}
RESULT: {"using":"xpath","value":"//li[.//span[contains(text(),'530 -')]]"}
COMMAND: POST /session/f2510c46535a82282fd70196afe2e571/elements - {"using":"xpath","value":"//li[.//span[contains(text(),'530 -')]]"}
RESULT: {"using":"xpath","value":"//li[.//span[contains(text(),'530 -')]]"}
COMMAND: POST /session/f2510c46535a82282fd70196afe2e571/elements - {"using":"xpath","value":"//li[.//span[contains(text(),'530 -')]]"}
RESULT: {"using":"xpath","value":"//li[.//span[contains(text(),'530 -')]]"}
COMMAND: POST /session/f2510c46535a82282fd70196afe2e571/elements - {"using":"xpath","value":"//li[.//span[contains(text(),'530 -')]]"}
RESULT: {"using":"xpath","value":"//li[.//span[contains(text(),'530 -')]]"}
COMMAND: POST /session/f2510c46535a82282fd70196afe2e571/elements - {"using":"xpath","value":"//li[.//span[contains(text(),'530 -')]]"}
RESULT: {"using":"xpath","value":"//li[.//span[contains(text(),'530 -')]]"}
COMMAND: POST /session/f2510c46535a82282fd70196afe2e571/elements - {"using":"xpath","value":"//li[.//span[contains(text(),'530 -')]]"}
RESULT: {"using":"xpath","value":"//li[.//span[contains(text(),'530 -')]]"}
COMMAND: POST /session/f2510c46535a82282fd70196afe2e571/elements - {"using":"xpath","value":"//li[.//span[contains(text(),'530 -')]]"}
RESULT: {"using":"xpath","value":"//li[.//span[contains(text(),'530 -')]]"}
COMMAND: POST /session/f2510c46535a82282fd70196afe2e571/elements - {"using":"xpath","value":"//li[.//span[contains(text(),'530 -')]]"}
RESULT: {"using":"xpath","value":"//li[.//span[contains(text(),'530 -')]]"}
COMMAND: POST /session/f2510c46535a82282fd70196afe2e571/elements - {"using":"xpath","value":"//li[.//span[contains(text(),'530 -')]]"}
RESULT: {"using":"xpath","value":"//li[.//span[contains(text(),'530 -')]]"}
COMMAND: POST /session/f2510c46535a82282fd70196afe2e571/elements - {"using":"xpath","value":"//li[.//span[contains(text(),'530 -')]]"}
RESULT: {"using":"xpath","value":"//li[.//span[contains(text(),'530 -')]]"}
COMMAND: POST /session/f2510c46535a82282fd70196afe2e571/elements - {"using":"xpath","value":"//li[.//span[contains(text(),'530 -')]]"}
RESULT: {"using":"xpath","value":"//li[.//span[contains(text(),'530 -')]]"}
COMMAND: POST /session/f2510c46535a82282fd70196afe2e571/elements - {"using":"xpath","value":"//li[.//span[contains(text(),'530 -')]]"}
RESULT: {"using":"xpath","value":"//li[.//span[contains(text(),'530 -')]]"}
COMMAND: POST /session/f2510c46535a82282fd70196afe2e571/elements - {"using":"xpath","value":"//li[.//span[contains(text(),'530 -')]]"}
RESULT: {"using":"xpath","value":"//li[.//span[contains(text(),'530 -')]]"}
COMMAND: POST /session/f2510c46535a82282fd70196afe2e571/elements - {"using":"xpath","value":"//li[.//span[contains(text(),'530 -')]]"}
RESULT: {"using":"xpath","value":"//li[.//span[contains(text(),'530 -')]]"}
COMMAND: POST /session/f2510c46535a82282fd70196afe2e571/elements - {"using":"xpath","value":"//li[.//span[contains(text(),'530 -')]]"}
RESULT: {"using":"xpath","value":"//li[.//span[contains(text(),'530 -')]]"}
COMMAND: POST /session/f2510c46535a82282fd70196afe2e571/elements - {"using":"xpath","value":"//li[.//span[contains(text(),'530 -')]]"}
RESULT: {"using":"xpath","value":"//li[.//span[contains(text(),'530 -')]]"}
COMMAND: POST /session/f2510c46535a82282fd70196afe2e571/elements - {"using":"xpath","value":"//li[.//span[contains(text(),'530 -')]]"}
RESULT: {"using":"xpath","value":"//li[.//span[contains(text(),'530 -')]]"}
COMMAND: POST /session/f2510c46535a82282fd70196afe2e571/elements - {"using":"xpath","value":"//li[.//span[contains(text(),'530 -')]]"}
RESULT: {"using":"xpath","value":"//li[.//span[contains(text(),'530 -')]]"}
COMMAND: POST /session/f2510c46535a82282fd70196afe2e571/elements - {"using":"xpath","value":"//li[.//span[contains(text(),'530 -')]]"}
RESULT: {"using":"xpath","value":"//li[.//span[contains(text(),'530 -')]]"}
COMMAND: POST /session/f2510c46535a82282fd70196afe2e571/elements - {"using":"xpath","value":"//li[.//span[contains(text(),'530 -')]]"}
RESULT: {"using":"xpath","value":"//li[.//span[contains(text(),'530 -')]]"}
COMMAND: POST /session/f2510c46535a82282fd70196afe2e571/elements - {"using":"xpath","value":"//li[.//span[contains(text(),'530 -')]]"}
RESULT: {"using":"xpath","value":"//li[.//span[contains(text(),'530 -')]]"}
COMMAND: POST /session/f2510c46535a82282fd70196afe2e571/elements - {"using":"xpath","value":"//li[.//span[contains(text(),'530 -')]]"}
RESULT: {"using":"xpath","value":"//li[.//span[contains(text(),'530 -')]]"}
COMMAND: POST /session/f2510c46535a82282fd70196afe2e571/elements - {"using":"xpath","value":"//li[.//span[contains(text(),'530 -')]]"}
RESULT: {"using":"xpath","value":"//li[.//span[contains(text(),'530 -')]]"}
COMMAND: POST /session/f2510c46535a82282fd70196afe2e571/elements - {"using":"xpath","value":"//li[.//span[contains(text(),'530 -')]]"}
RESULT: {"using":"xpath","value":"//li[.//span[contains(text(),'530 -')]]"}
COMMAND: POST /session/f2510c46535a82282fd70196afe2e571/elements - {"using":"xpath","value":"//li[.//span[contains(text(),'530 -')]]"}
RESULT: {"using":"xpath","value":"//li[.//span[contains(text(),'530 -')]]"}
COMMAND: POST /session/f2510c46535a82282fd70196afe2e571/elements - {"using":"xpath","value":"//li[.//span[contains(text(),'530 -')]]"}
RESULT: {"using":"xpath","value":"//li[.//span[contains(text(),'530 -')]]"}
COMMAND: POST /session/f2510c46535a82282fd70196afe2e571/elements - {"using":"xpath","value":"//li[.//span[contains(text(),'530 -')]]"}
RESULT: {"using":"xpath","value":"//li[.//span[contains(text(),'530 -')]]"}
COMMAND: POST /session/f2510c46535a82282fd70196afe2e571/elements - {"using":"xpath","value":"//li[.//span[contains(text(),'530 -')]]"}
RESULT: {"using":"xpath","value":"//li[.//span[contains(text(),'530 -')]]"}
COMMAND: POST /session/f2510c46535a82282fd70196afe2e571/elements - {"using":"xpath","value":"//li[.//span[contains(text(),'530 -')]]"}
RESULT: {"using":"xpath","value":"//li[.//span[contains(text(),'530 -')]]"}
COMMAND: POST /session/f2510c46535a82282fd70196afe2e571/elements - {"using":"xpath","value":"//li[.//span[contains(text(),'530 -')]]"}
RESULT: {"using":"xpath","value":"//li[.//span[contains(text(),'530 -')]]"}
COMMAND: POST /session/f2510c46535a82282fd70196afe2e571/elements - {"using":"xpath","value":"//li[.//span[contains(text(),'530 -')]]"}
RESULT: {"using":"xpath","value":"//li[.//span[contains(text(),'530 -')]]"}
COMMAND: POST /session/f2510c46535a82282fd70196afe2e571/elements - {"using":"xpath","value":"//li[.//span[contains(text(),'530 -')]]"}
RESULT: {"using":"xpath","value":"//li[.//span[contains(text(),'530 -')]]"}
COMMAND: POST /session/f2510c46535a82282fd70196afe2e571/elements - {"using":"xpath","value":"//li[.//span[contains(text(),'530 -')]]"}
RESULT: {"using":"xpath","value":"//li[.//span[contains(text(),'530 -')]]"}
COMMAND: POST /session/f2510c46535a82282fd70196afe2e571/elements - {"using":"xpath","value":"//li[.//span[contains(text(),'530 -')]]"}
RESULT: {"using":"xpath","value":"//li[.//span[contains(text(),'530 -')]]"}
COMMAND: POST /session/f2510c46535a82282fd70196afe2e571/elements - {"using":"xpath","value":"//li[.//span[contains(text(),'530 -')]]"}
RESULT: {"using":"xpath","value":"//li[.//span[contains(text(),'530 -')]]"}
COMMAND: POST /session/f2510c46535a82282fd70196afe2e571/elements - {"using":"xpath","value":"//li[.//span[contains(text(),'530 -')]]"}
RESULT: {"using":"xpath","value":"//li[.//span[contains(text(),'530 -')]]"}
COMMAND: POST /session/f2510c46535a82282fd70196afe2e571/elements - {"using":"xpath","value":"//li[.//span[contains(text(),'530 -')]]"}
RESULT: {"using":"xpath","value":"//li[.//span[contains(text(),'530 -')]]"}
COMMAND: POST /session/f2510c46535a82282fd70196afe2e571/elements - {"using":"xpath","value":"//li[.//span[contains(text(),'530 -')]]"}
RESULT: {"using":"xpath","value":"//li[.//span[contains(text(),'530 -')]]"}
COMMAND: POST /session/f2510c46535a82282fd70196afe2e571/elements - {"using":"xpath","value":"//li[.//span[contains(text(),'530 -')]]"}
RESULT: {"using":"xpath","value":"//li[.//span[contains(text(),'530 -')]]"}
COMMAND: POST /session/f2510c46535a82282fd70196afe2e571/elements - {"using":"xpath","value":"//li[.//span[contains(text(),'530 -')]]"}
RESULT: {"using":"xpath","value":"//li[.//span[contains(text(),'530 -')]]"}
COMMAND: POST /session/f2510c46535a82282fd70196afe2e571/elements - {"using":"xpath","value":"//li[.//span[contains(text(),'530 -')]]"}
RESULT: {"using":"xpath","value":"//li[.//span[contains(text(),'530 -')]]"}
COMMAND: POST /session/f2510c46535a82282fd70196afe2e571/elements - {"using":"xpath","value":"//li[.//span[contains(text(),'530 -')]]"}
RESULT: {"using":"xpath","value":"//li[.//span[contains(text(),'530 -')]]"}
COMMAND: POST /session/f2510c46535a82282fd70196afe2e571/elements - {"using":"xpath","value":"//li[.//span[contains(text(),'530 -')]]"}
RESULT: {"using":"xpath","value":"//li[.//span[contains(text(),'530 -')]]"}
COMMAND: POST /session/f2510c46535a82282fd70196afe2e571/elements - {"using":"xpath","value":"//li[.//span[contains(text(),'530 -')]]"}
RESULT: {"using":"xpath","value":"//li[.//span[contains(text(),'530 -')]]"}
COMMAND: POST /session/f2510c46535a82282fd70196afe2e571/elements - {"using":"xpath","value":"//li[.//span[contains(text(),'530 -')]]"}
RESULT: {"using":"xpath","value":"//li[.//span[contains(text(),'530 -')]]"}
COMMAND: POST /session/f2510c46535a82282fd70196afe2e571/elements - {"using":"xpath","value":"//li[.//span[contains(text(),'530 -')]]"}
RESULT: {"using":"xpath","value":"//li[.//span[contains(text(),'530 -')]]"}
COMMAND: POST /session/f2510c46535a82282fd70196afe2e571/elements - {"using":"xpath","value":"//li[.//span[contains(text(),'530 -')]]"}
RESULT: {"using":"xpath","value":"//li[.//span[contains(text(),'530 -')]]"}
COMMAND: POST /session/f2510c46535a82282fd70196afe2e571/elements - {"using":"xpath","value":"//li[.//span[contains(text(),'530 -')]]"}
RESULT: {"using":"xpath","value":"//li[.//span[contains(text(),'530 -')]]"}
COMMAND: POST /session/f2510c46535a82282fd70196afe2e571/elements - {"using":"xpath","value":"//li[.//span[contains(text(),'530 -')]]"}
RESULT: {"using":"xpath","value":"//li[.//span[contains(text(),'530 -')]]"}
COMMAND: POST /session/f2510c46535a82282fd70196afe2e571/elements - {"using":"xpath","value":"//li[.//span[contains(text(),'530 -')]]"}
RESULT: {"using":"xpath","value":"//li[.//span[contains(text(),'530 -')]]"}
COMMAND: POST /session/f2510c46535a82282fd70196afe2e571/elements - {"using":"xpath","value":"//li[.//span[contains(text(),'530 -')]]"}
RESULT: {"using":"xpath","value":"//li[.//span[contains(text(),'530 -')]]"}
COMMAND: POST /session/f2510c46535a82282fd70196afe2e571/elements - {"using":"xpath","value":"//li[.//span[contains(text(),'530 -')]]"}
RESULT: {"using":"xpath","value":"//li[.//span[contains(text(),'530 -')]]"}
COMMAND: POST /session/f2510c46535a82282fd70196afe2e571/elements - {"using":"xpath","value":"//li[.//span[contains(text(),'530 -')]]"}
RESULT: {"using":"xpath","value":"//li[.//span[contains(text(),'530 -')]]"}
COMMAND: POST /session/f2510c46535a82282fd70196afe2e571/elements - {"using":"xpath","value":"//li[.//span[contains(text(),'530 -')]]"}
RESULT: {"using":"xpath","value":"//li[.//span[contains(text(),'530 -')]]"}
COMMAND: POST /session/f2510c46535a82282fd70196afe2e571/elements - {"using":"xpath","value":"//li[.//span[contains(text(),'530 -')]]"}
RESULT: {"using":"xpath","value":"//li[.//span[contains(text(),'530 -')]]"}
COMMAND: POST /session/f2510c46535a82282fd70196afe2e571/elements - {"using":"xpath","value":"//li[.//span[contains(text(),'530 -')]]"}
RESULT: {"using":"xpath","value":"//li[.//span[contains(text(),'530 -')]]"}
COMMAND: POST /session/f2510c46535a82282fd70196afe2e571/elements - {"using":"xpath","value":"//li[.//span[contains(text(),'530 -')]]"}
RESULT: {"using":"xpath","value":"//li[.//span[contains(text(),'530 -')]]"}
COMMAND: POST /session/f2510c46535a82282fd70196afe2e571/elements - {"using":"xpath","value":"//li[.//span[contains(text(),'530 -')]]"}
RESULT: {"using":"xpath","value":"//li[.//span[contains(text(),'530 -')]]"}
COMMAND: POST /session/f2510c46535a82282fd70196afe2e571/elements - {"using":"xpath","value":"//li[.//span[contains(text(),'530 -')]]"}
RESULT: {"using":"xpath","value":"//li[.//span[contains(text(),'530 -')]]"}
COMMAND: POST /session/f2510c46535a82282fd70196afe2e571/elements - {"using":"xpath","value":"//li[.//span[contains(text(),'530 -')]]"}
RESULT: {"using":"xpath","value":"//li[.//span[contains(text(),'530 -')]]"}
COMMAND: POST /session/f2510c46535a82282fd70196afe2e571/elements - {"using":"xpath","value":"//li[.//span[contains(text(),'530 -')]]"}
RESULT: {"using":"xpath","value":"//li[.//span[contains(text(),'530 -')]]"}
COMMAND: POST /session/f2510c46535a82282fd70196afe2e571/elements - {"using":"xpath","value":"//li[.//span[contains(text(),'530 -')]]"}
RESULT: {"using":"xpath","value":"//li[.//span[contains(text(),'530 -')]]"}
COMMAND: POST /session/f2510c46535a82282fd70196afe2e571/elements - {"using":"xpath","value":"//li[.//span[contains(text(),'530 -')]]"}
RESULT: {"using":"xpath","value":"//li[.//span[contains(text(),'530 -')]]"}
COMMAND: POST /session/f2510c46535a82282fd70196afe2e571/elements - {"using":"xpath","value":"//li[.//span[contains(text(),'530 -')]]"}
RESULT: {"using":"xpath","value":"//li[.//span[contains(text(),'530 -')]]"}
COMMAND: POST /session/f2510c46535a82282fd70196afe2e571/elements - {"using":"xpath","value":"//li[.//span[contains(text(),'530 -')]]"}
RESULT: {"using":"xpath","value":"//li[.//span[contains(text(),'530 -')]]"}
COMMAND: POST /session/f2510c46535a82282fd70196afe2e571/elements - {"using":"xpath","value":"//li[.//span[contains(text(),'530 -')]]"}
RESULT: {"using":"xpath","value":"//li[.//span[contains(text(),'530 -')]]"}
COMMAND: POST /session/f2510c46535a82282fd70196afe2e571/elements - {"using":"xpath","value":"//li[.//span[contains(text(),'530 -')]]"}
RESULT: {"using":"xpath","value":"//li[.//span[contains(text(),'530 -')]]"}
COMMAND: POST /session/f2510c46535a82282fd70196afe2e571/elements - {"using":"xpath","value":"//li[.//span[contains(text(),'530 -')]]"}
RESULT: {"using":"xpath","value":"//li[.//span[contains(text(),'530 -')]]"}
COMMAND: POST /session/f2510c46535a82282fd70196afe2e571/elements - {"using":"xpath","value":"//li[.//span[contains(text(),'530 -')]]"}
RESULT: {"using":"xpath","value":"//li[.//span[contains(text(),'530 -')]]"}
COMMAND: POST /session/f2510c46535a82282fd70196afe2e571/elements - {"using":"xpath","value":"//li[.//span[contains(text(),'530 -')]]"}
RESULT: {"using":"xpath","value":"//li[.//span[contains(text(),'530 -')]]"}
COMMAND: POST /session/f2510c46535a82282fd70196afe2e571/elements - {"using":"xpath","value":"//li[.//span[contains(text(),'530 -')]]"}
RESULT: {"using":"xpath","value":"//li[.//span[contains(text(),'530 -')]]"}
COMMAND: POST /session/f2510c46535a82282fd70196afe2e571/elements - {"using":"xpath","value":"//li[.//span[contains(text(),'530 -')]]"}
RESULT: {"using":"xpath","value":"//li[.//span[contains(text(),'530 -')]]"}
COMMAND: POST /session/f2510c46535a82282fd70196afe2e571/elements - {"using":"xpath","value":"//li[.//span[contains(text(),'530 -')]]"}
RESULT: {"using":"xpath","value":"//li[.//span[contains(text(),'530 -')]]"}
COMMAND: POST /session/f2510c46535a82282fd70196afe2e571/elements - {"using":"xpath","value":"//li[.//span[contains(text(),'530 -')]]"}
RESULT: {"using":"xpath","value":"//li[.//span[contains(text(),'530 -')]]"}
COMMAND: POST /session/f2510c46535a82282fd70196afe2e571/elements - {"using":"xpath","value":"//li[.//span[contains(text(),'530 -')]]"}
RESULT: {"using":"xpath","value":"//li[.//span[contains(text(),'530 -')]]"}
COMMAND: POST /session/f2510c46535a82282fd70196afe2e571/elements - {"using":"xpath","value":"//li[.//span[contains(text(),'530 -')]]"}
RESULT: {"using":"xpath","value":"//li[.//span[contains(text(),'530 -')]]"}
COMMAND: POST /session/f2510c46535a82282fd70196afe2e571/elements - {"using":"xpath","value":"//li[.//span[contains(text(),'530 -')]]"}
RESULT: {"using":"xpath","value":"//li[.//span[contains(text(),'530 -')]]"}
COMMAND: POST /session/f2510c46535a82282fd70196afe2e571/elements - {"using":"xpath","value":"//li[.//span[contains(text(),'530 -')]]"}
RESULT: {"using":"xpath","value":"//li[.//span[contains(text(),'530 -')]]"}
COMMAND: POST /session/f2510c46535a82282fd70196afe2e571/elements - {"using":"xpath","value":"//li[.//span[contains(text(),'530 -')]]"}
RESULT: {"using":"xpath","value":"//li[.//span[contains(text(),'530 -')]]"}
COMMAND: POST /session/f2510c46535a82282fd70196afe2e571/elements - {"using":"xpath","value":"//li[.//span[contains(text(),'530 -')]]"}
RESULT: {"using":"xpath","value":"//li[.//span[contains(text(),'530 -')]]"}
COMMAND: POST /session/f2510c46535a82282fd70196afe2e571/elements - {"using":"xpath","value":"//li[.//span[contains(text(),'530 -')]]"}
RESULT: {"using":"xpath","value":"//li[.//span[contains(text(),'530 -')]]"}
COMMAND: POST /session/f2510c46535a82282fd70196afe2e571/elements - {"using":"xpath","value":"//li[.//span[contains(text(),'530 -')]]"}
RESULT: {"using":"xpath","value":"//li[.//span[contains(text(),'530 -')]]"}
COMMAND: POST /session/f2510c46535a82282fd70196afe2e571/elements - {"using":"xpath","value":"//li[.//span[contains(text(),'530 -')]]"}
RESULT: {"using":"xpath","value":"//li[.//span[contains(text(),'530 -')]]"}
COMMAND: POST /session/f2510c46535a82282fd70196afe2e571/elements - {"using":"xpath","value":"//li[.//span[contains(text(),'530 -')]]"}
RESULT: {"using":"xpath","value":"//li[.//span[contains(text(),'530 -')]]"}
COMMAND: POST /session/f2510c46535a82282fd70196afe2e571/elements - {"using":"xpath","value":"//li[.//span[contains(text(),'530 -')]]"}
RESULT: {"using":"xpath","value":"//li[.//span[contains(text(),'530 -')]]"}
COMMAND: POST /session/f2510c46535a82282fd70196afe2e571/elements - {"using":"xpath","value":"//li[.//span[contains(text(),'530 -')]]"}
RESULT: {"using":"xpath","value":"//li[.//span[contains(text(),'530 -')]]"}
COMMAND: POST /session/f2510c46535a82282fd70196afe2e571/elements - {"using":"xpath","value":"//li[.//span[contains(text(),'530 -')]]"}
RESULT: {"using":"xpath","value":"//li[.//span[contains(text(),'530 -')]]"}
COMMAND: POST /session/f2510c46535a82282fd70196afe2e571/elements - {"using":"xpath","value":"//li[.//span[contains(text(),'530 -')]]"}
RESULT: {"using":"xpath","value":"//li[.//span[contains(text(),'530 -')]]"}
COMMAND: POST /session/f2510c46535a82282fd70196afe2e571/elements - {"using":"xpath","value":"//li[.//span[contains(text(),'530 -')]]"}
RESULT: {"using":"xpath","value":"//li[.//span[contains(text(),'530 -')]]"}
COMMAND: POST /session/f2510c46535a82282fd70196afe2e571/elements - {"using":"xpath","value":"//li[.//span[contains(text(),'530 -')]]"}
RESULT: {"using":"xpath","value":"//li[.//span[contains(text(),'530 -')]]"}
COMMAND: POST /session/f2510c46535a82282fd70196afe2e571/elements - {"using":"xpath","value":"//li[.//span[contains(text(),'530 -')]]"}
RESULT: {"using":"xpath","value":"//li[.//span[contains(text(),'530 -')]]"}
COMMAND: POST /session/f2510c46535a82282fd70196afe2e571/elements - {"using":"xpath","value":"//li[.//span[contains(text(),'530 -')]]"}
RESULT: {"using":"xpath","value":"//li[.//span[contains(text(),'530 -')]]"}
COMMAND: POST /session/f2510c46535a82282fd70196afe2e571/elements - {"using":"xpath","value":"//li[.//span[contains(text(),'530 -')]]"}
RESULT: {"using":"xpath","value":"//li[.//span[contains(text(),'530 -')]]"}
COMMAND: POST /session/f2510c46535a82282fd70196afe2e571/elements - {"using":"xpath","value":"//li[.//span[contains(text(),'530 -')]]"}
RESULT: {"using":"xpath","value":"//li[.//span[contains(text(),'530 -')]]"}
COMMAND: POST /session/f2510c46535a82282fd70196afe2e571/elements - {"using":"xpath","value":"//li[.//span[contains(text(),'530 -')]]"}
RESULT: {"using":"xpath","value":"//li[.//span[contains(text(),'530 -')]]"}
COMMAND: POST /session/f2510c46535a82282fd70196afe2e571/elements - {"using":"xpath","value":"//li[.//span[contains(text(),'530 -')]]"}
RESULT: {"using":"xpath","value":"//li[.//span[contains(text(),'530 -')]]"}
COMMAND: POST /session/f2510c46535a82282fd70196afe2e571/elements - {"using":"xpath","value":"//li[.//span[contains(text(),'530 -')]]"}
RESULT: {"using":"xpath","value":"//li[.//span[contains(text(),'530 -')]]"}
COMMAND: POST /session/f2510c46535a82282fd70196afe2e571/elements - {"using":"xpath","value":"//li[.//span[contains(text(),'530 -')]]"}
RESULT: {"using":"xpath","value":"//li[.//span[contains(text(),'530 -')]]"}
COMMAND: POST /session/f2510c46535a82282fd70196afe2e571/elements - {"using":"xpath","value":"//li[.//span[contains(text(),'530 -')]]"}
RESULT: {"using":"xpath","value":"//li[.//span[contains(text(),'530 -')]]"}
COMMAND: POST /session/f2510c46535a82282fd70196afe2e571/elements - {"using":"xpath","value":"//li[.//span[contains(text(),'530 -')]]"}
RESULT: {"using":"xpath","value":"//li[.//span[contains(text(),'530 -')]]"}
COMMAND: POST /session/f2510c46535a82282fd70196afe2e571/elements - {"using":"xpath","value":"//li[.//span[contains(text(),'530 -')]]"}
RESULT: {"using":"xpath","value":"//li[.//span[contains(text(),'530 -')]]"}
COMMAND: POST /session/f2510c46535a82282fd70196afe2e571/elements - {"using":"xpath","value":"//li[.//span[contains(text(),'530 -')]]"}
RESULT: {"using":"xpath","value":"//li[.//span[contains(text(),'530 -')]]"}
COMMAND: POST /session/f2510c46535a82282fd70196afe2e571/elements - {"using":"xpath","value":"//li[.//span[contains(text(),'530 -')]]"}
RESULT: {"using":"xpath","value":"//li[.//span[contains(text(),'530 -')]]"}
COMMAND: POST /session/f2510c46535a82282fd70196afe2e571/elements - {"using":"xpath","value":"//li[.//span[contains(text(),'530 -')]]"}
RESULT: {"using":"xpath","value":"//li[.//span[contains(text(),'530 -')]]"}
COMMAND: POST /session/f2510c46535a82282fd70196afe2e571/elements - {"using":"xpath","value":"//li[.//span[contains(text(),'530 -')]]"}
RESULT: {"using":"xpath","value":"//li[.//span[contains(text(),'530 -')]]"}
COMMAND: POST /session/f2510c46535a82282fd70196afe2e571/elements - {"using":"xpath","value":"//li[.//span[contains(text(),'530 -')]]"}
RESULT: {"using":"xpath","value":"//li[.//span[contains(text(),'530 -')]]"}
COMMAND: POST /session/f2510c46535a82282fd70196afe2e571/elements - {"using":"xpath","value":"//li[.//span[contains(text(),'530 -')]]"}
RESULT: {"using":"xpath","value":"//li[.//span[contains(text(),'530 -')]]"}
COMMAND: POST /session/f2510c46535a82282fd70196afe2e571/elements - {"using":"xpath","value":"//li[.//span[contains(text(),'530 -')]]"}
RESULT: {"using":"xpath","value":"//li[.//span[contains(text(),'530 -')]]"}
COMMAND: POST /session/f2510c46535a82282fd70196afe2e571/elements - {"using":"xpath","value":"//li[.//span[contains(text(),'530 -')]]"}
RESULT: {"using":"xpath","value":"//li[.//span[contains(text(),'530 -')]]"}
COMMAND: POST /session/f2510c46535a82282fd70196afe2e571/elements - {"using":"xpath","value":"//li[.//span[contains(text(),'530 -')]]"}
RESULT: {"using":"xpath","value":"//li[.//span[contains(text(),'530 -')]]"}
COMMAND: POST /session/f2510c46535a82282fd70196afe2e571/elements - {"using":"xpath","value":"//li[.//span[contains(text(),'530 -')]]"}
RESULT: {"using":"xpath","value":"//li[.//span[contains(text(),'530 -')]]"}
COMMAND: POST /session/f2510c46535a82282fd70196afe2e571/elements - {"using":"xpath","value":"//li[.//span[contains(text(),'530 -')]]"}
RESULT: {"using":"xpath","value":"//li[.//span[contains(text(),'530 -')]]"}
COMMAND: POST /session/f2510c46535a82282fd70196afe2e571/elements - {"using":"xpath","value":"//li[.//span[contains(text(),'530 -')]]"}
RESULT: {"using":"xpath","value":"//li[.//span[contains(text(),'530 -')]]"}
COMMAND: POST /session/f2510c46535a82282fd70196afe2e571/elements - {"using":"xpath","value":"//li[.//span[contains(text(),'530 -')]]"}
RESULT: {"using":"xpath","value":"//li[.//span[contains(text(),'530 -')]]"}
COMMAND: POST /session/f2510c46535a82282fd70196afe2e571/elements - {"using":"xpath","value":"//li[.//span[contains(text(),'530 -')]]"}
RESULT: {"using":"xpath","value":"//li[.//span[contains(text(),'530 -')]]"}
COMMAND: POST /session/f2510c46535a82282fd70196afe2e571/elements - {"using":"xpath","value":"//li[.//span[contains(text(),'530 -')]]"}
RESULT: {"using":"xpath","value":"//li[.//span[contains(text(),'530 -')]]"}
COMMAND: POST /session/f2510c46535a82282fd70196afe2e571/elements - {"using":"xpath","value":"//li[.//span[contains(text(),'530 -')]]"}
RESULT: {"using":"xpath","value":"//li[.//span[contains(text(),'530 -')]]"}
COMMAND: POST /session/f2510c46535a82282fd70196afe2e571/elements - {"using":"xpath","value":"//li[.//span[contains(text(),'530 -')]]"}
RESULT: {"using":"xpath","value":"//li[.//span[contains(text(),'530 -')]]"}
COMMAND: POST /session/f2510c46535a82282fd70196afe2e571/elements - {"using":"xpath","value":"//li[.//span[contains(text(),'530 -')]]"}
RESULT: {"using":"xpath","value":"//li[.//span[contains(text(),'530 -')]]"}
COMMAND: GET /session/f2510c46535a82282fd70196afe2e571/screenshot - {}
RESULT: {}
]]></system-out>
      <system-err><![CDATA[
Error: Can't call click on element with selector "//li[.//span[contains(text(),'530 -')]]" because element wasn't found
    at async UtilsPrerequisites.stockIncrease (D:\a\1\s\test\specs\BTS\prerequisites-and-utils-functions.js:1638:9)
    at async Context.<anonymous> (D:\a\1\s\test\specs\BTS\billing-confirm.spec.js:59:9)
]]></system-err>
    </testcase>
    <testcase classname="chrome.136_0_7103_93.windows.Billing_confirm_US117289" name="Should create a new contract" time="60.546">
      <failure/>
      <error message="element (&quot;//button[@data-kt=&quot;addButton&quot;]&quot;) still not existing after 45000ms"/>
      <system-out><![CDATA[
COMMAND: POST /session/f2510c46535a82282fd70196afe2e571/execute/async - {"script":"<script> [1562 bytes]","args":[{"selector":{"controlType":"sap.m.GenericTile","properties":{"header":"Manage Contracts"}},"wdio_ui5_key":"sapm.GenericTile{\"header\":\"Manage Contracts\"}"}]}
COMMAND: GET /session/f2510c46535a82282fd70196afe2e571/screenshot - {}
RESULT: {}
RESULT: {"script":"<script> [1562 bytes]","args":[{"selector":{"controlType":"sap.m.GenericTile","properties":{"header":"Manage Contracts"}},"wdio_ui5_key":"sapm.GenericTile{\"header\":\"Manage Contracts\"}"}]}
RESULT: undefined
COMMAND: POST /session/f2510c46535a82282fd70196afe2e571/elements - {"using":"xpath","value":"//span[text()='Error']"}
RESULT: {"using":"xpath","value":"//span[text()='Error']"}
COMMAND: POST /session/f2510c46535a82282fd70196afe2e571/element - {"using":"xpath","value":"//button[@data-kt=\"addButton\"]"}
RESULT: {"using":"xpath","value":"//button[@data-kt=\"addButton\"]"}
COMMAND: POST /session/f2510c46535a82282fd70196afe2e571/elements - {"using":"xpath","value":"//button[@data-kt=\"addButton\"]"}
RESULT: {"using":"xpath","value":"//button[@data-kt=\"addButton\"]"}
COMMAND: POST /session/f2510c46535a82282fd70196afe2e571/elements - {"using":"xpath","value":"//button[@data-kt=\"addButton\"]"}
RESULT: {"using":"xpath","value":"//button[@data-kt=\"addButton\"]"}
COMMAND: POST /session/f2510c46535a82282fd70196afe2e571/elements - {"using":"xpath","value":"//button[@data-kt=\"addButton\"]"}
RESULT: {"using":"xpath","value":"//button[@data-kt=\"addButton\"]"}
COMMAND: POST /session/f2510c46535a82282fd70196afe2e571/elements - {"using":"xpath","value":"//button[@data-kt=\"addButton\"]"}
RESULT: {"using":"xpath","value":"//button[@data-kt=\"addButton\"]"}
COMMAND: POST /session/f2510c46535a82282fd70196afe2e571/elements - {"using":"xpath","value":"//button[@data-kt=\"addButton\"]"}
RESULT: {"using":"xpath","value":"//button[@data-kt=\"addButton\"]"}
COMMAND: POST /session/f2510c46535a82282fd70196afe2e571/elements - {"using":"xpath","value":"//button[@data-kt=\"addButton\"]"}
RESULT: {"using":"xpath","value":"//button[@data-kt=\"addButton\"]"}
COMMAND: POST /session/f2510c46535a82282fd70196afe2e571/elements - {"using":"xpath","value":"//button[@data-kt=\"addButton\"]"}
RESULT: {"using":"xpath","value":"//button[@data-kt=\"addButton\"]"}
COMMAND: POST /session/f2510c46535a82282fd70196afe2e571/elements - {"using":"xpath","value":"//button[@data-kt=\"addButton\"]"}
RESULT: {"using":"xpath","value":"//button[@data-kt=\"addButton\"]"}
COMMAND: POST /session/f2510c46535a82282fd70196afe2e571/elements - {"using":"xpath","value":"//button[@data-kt=\"addButton\"]"}
RESULT: {"using":"xpath","value":"//button[@data-kt=\"addButton\"]"}
COMMAND: POST /session/f2510c46535a82282fd70196afe2e571/elements - {"using":"xpath","value":"//button[@data-kt=\"addButton\"]"}
RESULT: {"using":"xpath","value":"//button[@data-kt=\"addButton\"]"}
COMMAND: POST /session/f2510c46535a82282fd70196afe2e571/elements - {"using":"xpath","value":"//button[@data-kt=\"addButton\"]"}
RESULT: {"using":"xpath","value":"//button[@data-kt=\"addButton\"]"}
COMMAND: POST /session/f2510c46535a82282fd70196afe2e571/elements - {"using":"xpath","value":"//button[@data-kt=\"addButton\"]"}
RESULT: {"using":"xpath","value":"//button[@data-kt=\"addButton\"]"}
COMMAND: POST /session/f2510c46535a82282fd70196afe2e571/elements - {"using":"xpath","value":"//button[@data-kt=\"addButton\"]"}
RESULT: {"using":"xpath","value":"//button[@data-kt=\"addButton\"]"}
COMMAND: POST /session/f2510c46535a82282fd70196afe2e571/elements - {"using":"xpath","value":"//button[@data-kt=\"addButton\"]"}
RESULT: {"using":"xpath","value":"//button[@data-kt=\"addButton\"]"}
COMMAND: POST /session/f2510c46535a82282fd70196afe2e571/elements - {"using":"xpath","value":"//button[@data-kt=\"addButton\"]"}
RESULT: {"using":"xpath","value":"//button[@data-kt=\"addButton\"]"}
COMMAND: POST /session/f2510c46535a82282fd70196afe2e571/elements - {"using":"xpath","value":"//button[@data-kt=\"addButton\"]"}
RESULT: {"using":"xpath","value":"//button[@data-kt=\"addButton\"]"}
COMMAND: POST /session/f2510c46535a82282fd70196afe2e571/elements - {"using":"xpath","value":"//button[@data-kt=\"addButton\"]"}
RESULT: {"using":"xpath","value":"//button[@data-kt=\"addButton\"]"}
COMMAND: POST /session/f2510c46535a82282fd70196afe2e571/elements - {"using":"xpath","value":"//button[@data-kt=\"addButton\"]"}
RESULT: {"using":"xpath","value":"//button[@data-kt=\"addButton\"]"}
COMMAND: POST /session/f2510c46535a82282fd70196afe2e571/elements - {"using":"xpath","value":"//button[@data-kt=\"addButton\"]"}
RESULT: {"using":"xpath","value":"//button[@data-kt=\"addButton\"]"}
COMMAND: POST /session/f2510c46535a82282fd70196afe2e571/elements - {"using":"xpath","value":"//button[@data-kt=\"addButton\"]"}
RESULT: {"using":"xpath","value":"//button[@data-kt=\"addButton\"]"}
COMMAND: POST /session/f2510c46535a82282fd70196afe2e571/elements - {"using":"xpath","value":"//button[@data-kt=\"addButton\"]"}
RESULT: {"using":"xpath","value":"//button[@data-kt=\"addButton\"]"}
COMMAND: POST /session/f2510c46535a82282fd70196afe2e571/elements - {"using":"xpath","value":"//button[@data-kt=\"addButton\"]"}
RESULT: {"using":"xpath","value":"//button[@data-kt=\"addButton\"]"}
COMMAND: POST /session/f2510c46535a82282fd70196afe2e571/elements - {"using":"xpath","value":"//button[@data-kt=\"addButton\"]"}
RESULT: {"using":"xpath","value":"//button[@data-kt=\"addButton\"]"}
COMMAND: POST /session/f2510c46535a82282fd70196afe2e571/elements - {"using":"xpath","value":"//button[@data-kt=\"addButton\"]"}
RESULT: {"using":"xpath","value":"//button[@data-kt=\"addButton\"]"}
COMMAND: POST /session/f2510c46535a82282fd70196afe2e571/elements - {"using":"xpath","value":"//button[@data-kt=\"addButton\"]"}
RESULT: {"using":"xpath","value":"//button[@data-kt=\"addButton\"]"}
COMMAND: POST /session/f2510c46535a82282fd70196afe2e571/elements - {"using":"xpath","value":"//button[@data-kt=\"addButton\"]"}
RESULT: {"using":"xpath","value":"//button[@data-kt=\"addButton\"]"}
COMMAND: POST /session/f2510c46535a82282fd70196afe2e571/elements - {"using":"xpath","value":"//button[@data-kt=\"addButton\"]"}
RESULT: {"using":"xpath","value":"//button[@data-kt=\"addButton\"]"}
COMMAND: POST /session/f2510c46535a82282fd70196afe2e571/elements - {"using":"xpath","value":"//button[@data-kt=\"addButton\"]"}
RESULT: {"using":"xpath","value":"//button[@data-kt=\"addButton\"]"}
COMMAND: POST /session/f2510c46535a82282fd70196afe2e571/elements - {"using":"xpath","value":"//button[@data-kt=\"addButton\"]"}
RESULT: {"using":"xpath","value":"//button[@data-kt=\"addButton\"]"}
COMMAND: POST /session/f2510c46535a82282fd70196afe2e571/elements - {"using":"xpath","value":"//button[@data-kt=\"addButton\"]"}
RESULT: {"using":"xpath","value":"//button[@data-kt=\"addButton\"]"}
COMMAND: POST /session/f2510c46535a82282fd70196afe2e571/elements - {"using":"xpath","value":"//button[@data-kt=\"addButton\"]"}
RESULT: {"using":"xpath","value":"//button[@data-kt=\"addButton\"]"}
COMMAND: POST /session/f2510c46535a82282fd70196afe2e571/elements - {"using":"xpath","value":"//button[@data-kt=\"addButton\"]"}
RESULT: {"using":"xpath","value":"//button[@data-kt=\"addButton\"]"}
COMMAND: POST /session/f2510c46535a82282fd70196afe2e571/elements - {"using":"xpath","value":"//button[@data-kt=\"addButton\"]"}
RESULT: {"using":"xpath","value":"//button[@data-kt=\"addButton\"]"}
COMMAND: POST /session/f2510c46535a82282fd70196afe2e571/elements - {"using":"xpath","value":"//button[@data-kt=\"addButton\"]"}
RESULT: {"using":"xpath","value":"//button[@data-kt=\"addButton\"]"}
COMMAND: POST /session/f2510c46535a82282fd70196afe2e571/elements - {"using":"xpath","value":"//button[@data-kt=\"addButton\"]"}
RESULT: {"using":"xpath","value":"//button[@data-kt=\"addButton\"]"}
COMMAND: POST /session/f2510c46535a82282fd70196afe2e571/elements - {"using":"xpath","value":"//button[@data-kt=\"addButton\"]"}
RESULT: {"using":"xpath","value":"//button[@data-kt=\"addButton\"]"}
COMMAND: POST /session/f2510c46535a82282fd70196afe2e571/elements - {"using":"xpath","value":"//button[@data-kt=\"addButton\"]"}
RESULT: {"using":"xpath","value":"//button[@data-kt=\"addButton\"]"}
COMMAND: POST /session/f2510c46535a82282fd70196afe2e571/elements - {"using":"xpath","value":"//button[@data-kt=\"addButton\"]"}
RESULT: {"using":"xpath","value":"//button[@data-kt=\"addButton\"]"}
COMMAND: POST /session/f2510c46535a82282fd70196afe2e571/elements - {"using":"xpath","value":"//button[@data-kt=\"addButton\"]"}
RESULT: {"using":"xpath","value":"//button[@data-kt=\"addButton\"]"}
COMMAND: POST /session/f2510c46535a82282fd70196afe2e571/elements - {"using":"xpath","value":"//button[@data-kt=\"addButton\"]"}
RESULT: {"using":"xpath","value":"//button[@data-kt=\"addButton\"]"}
COMMAND: POST /session/f2510c46535a82282fd70196afe2e571/elements - {"using":"xpath","value":"//button[@data-kt=\"addButton\"]"}
RESULT: {"using":"xpath","value":"//button[@data-kt=\"addButton\"]"}
COMMAND: POST /session/f2510c46535a82282fd70196afe2e571/elements - {"using":"xpath","value":"//button[@data-kt=\"addButton\"]"}
RESULT: {"using":"xpath","value":"//button[@data-kt=\"addButton\"]"}
COMMAND: POST /session/f2510c46535a82282fd70196afe2e571/elements - {"using":"xpath","value":"//button[@data-kt=\"addButton\"]"}
RESULT: {"using":"xpath","value":"//button[@data-kt=\"addButton\"]"}
COMMAND: POST /session/f2510c46535a82282fd70196afe2e571/elements - {"using":"xpath","value":"//button[@data-kt=\"addButton\"]"}
RESULT: {"using":"xpath","value":"//button[@data-kt=\"addButton\"]"}
COMMAND: POST /session/f2510c46535a82282fd70196afe2e571/elements - {"using":"xpath","value":"//button[@data-kt=\"addButton\"]"}
RESULT: {"using":"xpath","value":"//button[@data-kt=\"addButton\"]"}
COMMAND: POST /session/f2510c46535a82282fd70196afe2e571/elements - {"using":"xpath","value":"//button[@data-kt=\"addButton\"]"}
RESULT: {"using":"xpath","value":"//button[@data-kt=\"addButton\"]"}
COMMAND: POST /session/f2510c46535a82282fd70196afe2e571/elements - {"using":"xpath","value":"//button[@data-kt=\"addButton\"]"}
RESULT: {"using":"xpath","value":"//button[@data-kt=\"addButton\"]"}
COMMAND: POST /session/f2510c46535a82282fd70196afe2e571/elements - {"using":"xpath","value":"//button[@data-kt=\"addButton\"]"}
RESULT: {"using":"xpath","value":"//button[@data-kt=\"addButton\"]"}
COMMAND: POST /session/f2510c46535a82282fd70196afe2e571/elements - {"using":"xpath","value":"//button[@data-kt=\"addButton\"]"}
RESULT: {"using":"xpath","value":"//button[@data-kt=\"addButton\"]"}
COMMAND: POST /session/f2510c46535a82282fd70196afe2e571/elements - {"using":"xpath","value":"//button[@data-kt=\"addButton\"]"}
RESULT: {"using":"xpath","value":"//button[@data-kt=\"addButton\"]"}
COMMAND: POST /session/f2510c46535a82282fd70196afe2e571/elements - {"using":"xpath","value":"//button[@data-kt=\"addButton\"]"}
RESULT: {"using":"xpath","value":"//button[@data-kt=\"addButton\"]"}
COMMAND: POST /session/f2510c46535a82282fd70196afe2e571/elements - {"using":"xpath","value":"//button[@data-kt=\"addButton\"]"}
RESULT: {"using":"xpath","value":"//button[@data-kt=\"addButton\"]"}
COMMAND: POST /session/f2510c46535a82282fd70196afe2e571/elements - {"using":"xpath","value":"//button[@data-kt=\"addButton\"]"}
RESULT: {"using":"xpath","value":"//button[@data-kt=\"addButton\"]"}
COMMAND: POST /session/f2510c46535a82282fd70196afe2e571/elements - {"using":"xpath","value":"//button[@data-kt=\"addButton\"]"}
RESULT: {"using":"xpath","value":"//button[@data-kt=\"addButton\"]"}
COMMAND: POST /session/f2510c46535a82282fd70196afe2e571/elements - {"using":"xpath","value":"//button[@data-kt=\"addButton\"]"}
RESULT: {"using":"xpath","value":"//button[@data-kt=\"addButton\"]"}
COMMAND: POST /session/f2510c46535a82282fd70196afe2e571/elements - {"using":"xpath","value":"//button[@data-kt=\"addButton\"]"}
RESULT: {"using":"xpath","value":"//button[@data-kt=\"addButton\"]"}
COMMAND: POST /session/f2510c46535a82282fd70196afe2e571/elements - {"using":"xpath","value":"//button[@data-kt=\"addButton\"]"}
RESULT: {"using":"xpath","value":"//button[@data-kt=\"addButton\"]"}
COMMAND: POST /session/f2510c46535a82282fd70196afe2e571/elements - {"using":"xpath","value":"//button[@data-kt=\"addButton\"]"}
RESULT: {"using":"xpath","value":"//button[@data-kt=\"addButton\"]"}
COMMAND: POST /session/f2510c46535a82282fd70196afe2e571/elements - {"using":"xpath","value":"//button[@data-kt=\"addButton\"]"}
RESULT: {"using":"xpath","value":"//button[@data-kt=\"addButton\"]"}
COMMAND: POST /session/f2510c46535a82282fd70196afe2e571/elements - {"using":"xpath","value":"//button[@data-kt=\"addButton\"]"}
RESULT: {"using":"xpath","value":"//button[@data-kt=\"addButton\"]"}
COMMAND: POST /session/f2510c46535a82282fd70196afe2e571/elements - {"using":"xpath","value":"//button[@data-kt=\"addButton\"]"}
RESULT: {"using":"xpath","value":"//button[@data-kt=\"addButton\"]"}
COMMAND: POST /session/f2510c46535a82282fd70196afe2e571/elements - {"using":"xpath","value":"//button[@data-kt=\"addButton\"]"}
RESULT: {"using":"xpath","value":"//button[@data-kt=\"addButton\"]"}
COMMAND: POST /session/f2510c46535a82282fd70196afe2e571/elements - {"using":"xpath","value":"//button[@data-kt=\"addButton\"]"}
RESULT: {"using":"xpath","value":"//button[@data-kt=\"addButton\"]"}
COMMAND: POST /session/f2510c46535a82282fd70196afe2e571/elements - {"using":"xpath","value":"//button[@data-kt=\"addButton\"]"}
RESULT: {"using":"xpath","value":"//button[@data-kt=\"addButton\"]"}
COMMAND: POST /session/f2510c46535a82282fd70196afe2e571/elements - {"using":"xpath","value":"//button[@data-kt=\"addButton\"]"}
RESULT: {"using":"xpath","value":"//button[@data-kt=\"addButton\"]"}
COMMAND: POST /session/f2510c46535a82282fd70196afe2e571/elements - {"using":"xpath","value":"//button[@data-kt=\"addButton\"]"}
RESULT: {"using":"xpath","value":"//button[@data-kt=\"addButton\"]"}
COMMAND: POST /session/f2510c46535a82282fd70196afe2e571/elements - {"using":"xpath","value":"//button[@data-kt=\"addButton\"]"}
RESULT: {"using":"xpath","value":"//button[@data-kt=\"addButton\"]"}
COMMAND: POST /session/f2510c46535a82282fd70196afe2e571/elements - {"using":"xpath","value":"//button[@data-kt=\"addButton\"]"}
RESULT: {"using":"xpath","value":"//button[@data-kt=\"addButton\"]"}
COMMAND: POST /session/f2510c46535a82282fd70196afe2e571/elements - {"using":"xpath","value":"//button[@data-kt=\"addButton\"]"}
RESULT: {"using":"xpath","value":"//button[@data-kt=\"addButton\"]"}
COMMAND: POST /session/f2510c46535a82282fd70196afe2e571/elements - {"using":"xpath","value":"//button[@data-kt=\"addButton\"]"}
RESULT: {"using":"xpath","value":"//button[@data-kt=\"addButton\"]"}
COMMAND: POST /session/f2510c46535a82282fd70196afe2e571/elements - {"using":"xpath","value":"//button[@data-kt=\"addButton\"]"}
RESULT: {"using":"xpath","value":"//button[@data-kt=\"addButton\"]"}
COMMAND: POST /session/f2510c46535a82282fd70196afe2e571/elements - {"using":"xpath","value":"//button[@data-kt=\"addButton\"]"}
RESULT: {"using":"xpath","value":"//button[@data-kt=\"addButton\"]"}
COMMAND: POST /session/f2510c46535a82282fd70196afe2e571/elements - {"using":"xpath","value":"//button[@data-kt=\"addButton\"]"}
RESULT: {"using":"xpath","value":"//button[@data-kt=\"addButton\"]"}
COMMAND: POST /session/f2510c46535a82282fd70196afe2e571/elements - {"using":"xpath","value":"//button[@data-kt=\"addButton\"]"}
RESULT: {"using":"xpath","value":"//button[@data-kt=\"addButton\"]"}
COMMAND: POST /session/f2510c46535a82282fd70196afe2e571/elements - {"using":"xpath","value":"//button[@data-kt=\"addButton\"]"}
RESULT: {"using":"xpath","value":"//button[@data-kt=\"addButton\"]"}
COMMAND: POST /session/f2510c46535a82282fd70196afe2e571/elements - {"using":"xpath","value":"//button[@data-kt=\"addButton\"]"}
RESULT: {"using":"xpath","value":"//button[@data-kt=\"addButton\"]"}
COMMAND: POST /session/f2510c46535a82282fd70196afe2e571/elements - {"using":"xpath","value":"//button[@data-kt=\"addButton\"]"}
RESULT: {"using":"xpath","value":"//button[@data-kt=\"addButton\"]"}
COMMAND: POST /session/f2510c46535a82282fd70196afe2e571/elements - {"using":"xpath","value":"//button[@data-kt=\"addButton\"]"}
RESULT: {"using":"xpath","value":"//button[@data-kt=\"addButton\"]"}
COMMAND: POST /session/f2510c46535a82282fd70196afe2e571/elements - {"using":"xpath","value":"//button[@data-kt=\"addButton\"]"}
RESULT: {"using":"xpath","value":"//button[@data-kt=\"addButton\"]"}
COMMAND: POST /session/f2510c46535a82282fd70196afe2e571/elements - {"using":"xpath","value":"//button[@data-kt=\"addButton\"]"}
RESULT: {"using":"xpath","value":"//button[@data-kt=\"addButton\"]"}
COMMAND: POST /session/f2510c46535a82282fd70196afe2e571/elements - {"using":"xpath","value":"//button[@data-kt=\"addButton\"]"}
RESULT: {"using":"xpath","value":"//button[@data-kt=\"addButton\"]"}
COMMAND: POST /session/f2510c46535a82282fd70196afe2e571/elements - {"using":"xpath","value":"//button[@data-kt=\"addButton\"]"}
RESULT: {"using":"xpath","value":"//button[@data-kt=\"addButton\"]"}
COMMAND: POST /session/f2510c46535a82282fd70196afe2e571/elements - {"using":"xpath","value":"//button[@data-kt=\"addButton\"]"}
RESULT: {"using":"xpath","value":"//button[@data-kt=\"addButton\"]"}
COMMAND: POST /session/f2510c46535a82282fd70196afe2e571/elements - {"using":"xpath","value":"//button[@data-kt=\"addButton\"]"}
RESULT: {"using":"xpath","value":"//button[@data-kt=\"addButton\"]"}
COMMAND: POST /session/f2510c46535a82282fd70196afe2e571/elements - {"using":"xpath","value":"//button[@data-kt=\"addButton\"]"}
RESULT: {"using":"xpath","value":"//button[@data-kt=\"addButton\"]"}
COMMAND: POST /session/f2510c46535a82282fd70196afe2e571/elements - {"using":"xpath","value":"//button[@data-kt=\"addButton\"]"}
RESULT: {"using":"xpath","value":"//button[@data-kt=\"addButton\"]"}
COMMAND: POST /session/f2510c46535a82282fd70196afe2e571/elements - {"using":"xpath","value":"//button[@data-kt=\"addButton\"]"}
RESULT: {"using":"xpath","value":"//button[@data-kt=\"addButton\"]"}
COMMAND: POST /session/f2510c46535a82282fd70196afe2e571/elements - {"using":"xpath","value":"//button[@data-kt=\"addButton\"]"}
RESULT: {"using":"xpath","value":"//button[@data-kt=\"addButton\"]"}
COMMAND: POST /session/f2510c46535a82282fd70196afe2e571/elements - {"using":"xpath","value":"//button[@data-kt=\"addButton\"]"}
RESULT: {"using":"xpath","value":"//button[@data-kt=\"addButton\"]"}
COMMAND: POST /session/f2510c46535a82282fd70196afe2e571/elements - {"using":"xpath","value":"//button[@data-kt=\"addButton\"]"}
RESULT: {"using":"xpath","value":"//button[@data-kt=\"addButton\"]"}
COMMAND: POST /session/f2510c46535a82282fd70196afe2e571/elements - {"using":"xpath","value":"//button[@data-kt=\"addButton\"]"}
COMMAND: GET /session/f2510c46535a82282fd70196afe2e571/screenshot - {}
RESULT: {"using":"xpath","value":"//button[@data-kt=\"addButton\"]"}
RESULT: {}
]]></system-out>
      <system-err><![CDATA[
Error: element ("//button[@data-kt="addButton"]") still not existing after 45000ms
    at async UtilsPrerequisites.contractCreation (D:\a\1\s\test\specs\BTS\prerequisites-and-utils-functions.js:1741:9)
    at async Context.<anonymous> (D:\a\1\s\test\specs\BTS\billing-confirm.spec.js:63:45)
]]></system-err>
    </testcase>
    <testcase classname="chrome.136_0_7103_93.windows.Billing_confirm_US117289" name="Should add created equipment to contract" time="60.401">
      <failure/>
      <error message="Can't call click on element with selector &quot;//button[@data-kt=&quot;contractDetailEditBtnButton&quot;]&quot; because element wasn't found"/>
      <system-out><![CDATA[
COMMAND: POST /session/f2510c46535a82282fd70196afe2e571/element - {"using":"xpath","value":"//button[@data-kt=\"contractDetailEditBtnButton\"]"}
COMMAND: GET /session/f2510c46535a82282fd70196afe2e571/screenshot - {}
RESULT: {"using":"xpath","value":"//button[@data-kt=\"contractDetailEditBtnButton\"]"}
COMMAND: POST /session/f2510c46535a82282fd70196afe2e571/elements - {"using":"xpath","value":"//button[@data-kt=\"contractDetailEditBtnButton\"]"}
RESULT: {}
RESULT: {"using":"xpath","value":"//button[@data-kt=\"contractDetailEditBtnButton\"]"}
COMMAND: POST /session/f2510c46535a82282fd70196afe2e571/elements - {"using":"xpath","value":"//button[@data-kt=\"contractDetailEditBtnButton\"]"}
RESULT: {"using":"xpath","value":"//button[@data-kt=\"contractDetailEditBtnButton\"]"}
COMMAND: POST /session/f2510c46535a82282fd70196afe2e571/elements - {"using":"xpath","value":"//button[@data-kt=\"contractDetailEditBtnButton\"]"}
RESULT: {"using":"xpath","value":"//button[@data-kt=\"contractDetailEditBtnButton\"]"}
COMMAND: POST /session/f2510c46535a82282fd70196afe2e571/elements - {"using":"xpath","value":"//button[@data-kt=\"contractDetailEditBtnButton\"]"}
RESULT: {"using":"xpath","value":"//button[@data-kt=\"contractDetailEditBtnButton\"]"}
COMMAND: POST /session/f2510c46535a82282fd70196afe2e571/elements - {"using":"xpath","value":"//button[@data-kt=\"contractDetailEditBtnButton\"]"}
RESULT: {"using":"xpath","value":"//button[@data-kt=\"contractDetailEditBtnButton\"]"}
COMMAND: POST /session/f2510c46535a82282fd70196afe2e571/elements - {"using":"xpath","value":"//button[@data-kt=\"contractDetailEditBtnButton\"]"}
RESULT: {"using":"xpath","value":"//button[@data-kt=\"contractDetailEditBtnButton\"]"}
COMMAND: POST /session/f2510c46535a82282fd70196afe2e571/elements - {"using":"xpath","value":"//button[@data-kt=\"contractDetailEditBtnButton\"]"}
RESULT: {"using":"xpath","value":"//button[@data-kt=\"contractDetailEditBtnButton\"]"}
COMMAND: POST /session/f2510c46535a82282fd70196afe2e571/elements - {"using":"xpath","value":"//button[@data-kt=\"contractDetailEditBtnButton\"]"}
RESULT: {"using":"xpath","value":"//button[@data-kt=\"contractDetailEditBtnButton\"]"}
COMMAND: POST /session/f2510c46535a82282fd70196afe2e571/elements - {"using":"xpath","value":"//button[@data-kt=\"contractDetailEditBtnButton\"]"}
RESULT: {"using":"xpath","value":"//button[@data-kt=\"contractDetailEditBtnButton\"]"}
COMMAND: POST /session/f2510c46535a82282fd70196afe2e571/elements - {"using":"xpath","value":"//button[@data-kt=\"contractDetailEditBtnButton\"]"}
RESULT: {"using":"xpath","value":"//button[@data-kt=\"contractDetailEditBtnButton\"]"}
COMMAND: POST /session/f2510c46535a82282fd70196afe2e571/elements - {"using":"xpath","value":"//button[@data-kt=\"contractDetailEditBtnButton\"]"}
RESULT: {"using":"xpath","value":"//button[@data-kt=\"contractDetailEditBtnButton\"]"}
COMMAND: POST /session/f2510c46535a82282fd70196afe2e571/elements - {"using":"xpath","value":"//button[@data-kt=\"contractDetailEditBtnButton\"]"}
RESULT: {"using":"xpath","value":"//button[@data-kt=\"contractDetailEditBtnButton\"]"}
COMMAND: POST /session/f2510c46535a82282fd70196afe2e571/elements - {"using":"xpath","value":"//button[@data-kt=\"contractDetailEditBtnButton\"]"}
RESULT: {"using":"xpath","value":"//button[@data-kt=\"contractDetailEditBtnButton\"]"}
COMMAND: POST /session/f2510c46535a82282fd70196afe2e571/elements - {"using":"xpath","value":"//button[@data-kt=\"contractDetailEditBtnButton\"]"}
RESULT: {"using":"xpath","value":"//button[@data-kt=\"contractDetailEditBtnButton\"]"}
COMMAND: POST /session/f2510c46535a82282fd70196afe2e571/elements - {"using":"xpath","value":"//button[@data-kt=\"contractDetailEditBtnButton\"]"}
RESULT: {"using":"xpath","value":"//button[@data-kt=\"contractDetailEditBtnButton\"]"}
COMMAND: POST /session/f2510c46535a82282fd70196afe2e571/elements - {"using":"xpath","value":"//button[@data-kt=\"contractDetailEditBtnButton\"]"}
RESULT: {"using":"xpath","value":"//button[@data-kt=\"contractDetailEditBtnButton\"]"}
COMMAND: POST /session/f2510c46535a82282fd70196afe2e571/elements - {"using":"xpath","value":"//button[@data-kt=\"contractDetailEditBtnButton\"]"}
RESULT: {"using":"xpath","value":"//button[@data-kt=\"contractDetailEditBtnButton\"]"}
COMMAND: POST /session/f2510c46535a82282fd70196afe2e571/elements - {"using":"xpath","value":"//button[@data-kt=\"contractDetailEditBtnButton\"]"}
RESULT: {"using":"xpath","value":"//button[@data-kt=\"contractDetailEditBtnButton\"]"}
COMMAND: POST /session/f2510c46535a82282fd70196afe2e571/elements - {"using":"xpath","value":"//button[@data-kt=\"contractDetailEditBtnButton\"]"}
RESULT: {"using":"xpath","value":"//button[@data-kt=\"contractDetailEditBtnButton\"]"}
COMMAND: POST /session/f2510c46535a82282fd70196afe2e571/elements - {"using":"xpath","value":"//button[@data-kt=\"contractDetailEditBtnButton\"]"}
RESULT: {"using":"xpath","value":"//button[@data-kt=\"contractDetailEditBtnButton\"]"}
COMMAND: POST /session/f2510c46535a82282fd70196afe2e571/elements - {"using":"xpath","value":"//button[@data-kt=\"contractDetailEditBtnButton\"]"}
RESULT: {"using":"xpath","value":"//button[@data-kt=\"contractDetailEditBtnButton\"]"}
COMMAND: POST /session/f2510c46535a82282fd70196afe2e571/elements - {"using":"xpath","value":"//button[@data-kt=\"contractDetailEditBtnButton\"]"}
RESULT: {"using":"xpath","value":"//button[@data-kt=\"contractDetailEditBtnButton\"]"}
COMMAND: POST /session/f2510c46535a82282fd70196afe2e571/elements - {"using":"xpath","value":"//button[@data-kt=\"contractDetailEditBtnButton\"]"}
RESULT: {"using":"xpath","value":"//button[@data-kt=\"contractDetailEditBtnButton\"]"}
COMMAND: POST /session/f2510c46535a82282fd70196afe2e571/elements - {"using":"xpath","value":"//button[@data-kt=\"contractDetailEditBtnButton\"]"}
RESULT: {"using":"xpath","value":"//button[@data-kt=\"contractDetailEditBtnButton\"]"}
COMMAND: POST /session/f2510c46535a82282fd70196afe2e571/elements - {"using":"xpath","value":"//button[@data-kt=\"contractDetailEditBtnButton\"]"}
RESULT: {"using":"xpath","value":"//button[@data-kt=\"contractDetailEditBtnButton\"]"}
COMMAND: POST /session/f2510c46535a82282fd70196afe2e571/elements - {"using":"xpath","value":"//button[@data-kt=\"contractDetailEditBtnButton\"]"}
RESULT: {"using":"xpath","value":"//button[@data-kt=\"contractDetailEditBtnButton\"]"}
COMMAND: POST /session/f2510c46535a82282fd70196afe2e571/elements - {"using":"xpath","value":"//button[@data-kt=\"contractDetailEditBtnButton\"]"}
RESULT: {"using":"xpath","value":"//button[@data-kt=\"contractDetailEditBtnButton\"]"}
COMMAND: POST /session/f2510c46535a82282fd70196afe2e571/elements - {"using":"xpath","value":"//button[@data-kt=\"contractDetailEditBtnButton\"]"}
RESULT: {"using":"xpath","value":"//button[@data-kt=\"contractDetailEditBtnButton\"]"}
COMMAND: POST /session/f2510c46535a82282fd70196afe2e571/elements - {"using":"xpath","value":"//button[@data-kt=\"contractDetailEditBtnButton\"]"}
RESULT: {"using":"xpath","value":"//button[@data-kt=\"contractDetailEditBtnButton\"]"}
COMMAND: POST /session/f2510c46535a82282fd70196afe2e571/elements - {"using":"xpath","value":"//button[@data-kt=\"contractDetailEditBtnButton\"]"}
RESULT: {"using":"xpath","value":"//button[@data-kt=\"contractDetailEditBtnButton\"]"}
COMMAND: POST /session/f2510c46535a82282fd70196afe2e571/elements - {"using":"xpath","value":"//button[@data-kt=\"contractDetailEditBtnButton\"]"}
RESULT: {"using":"xpath","value":"//button[@data-kt=\"contractDetailEditBtnButton\"]"}
COMMAND: POST /session/f2510c46535a82282fd70196afe2e571/elements - {"using":"xpath","value":"//button[@data-kt=\"contractDetailEditBtnButton\"]"}
RESULT: {"using":"xpath","value":"//button[@data-kt=\"contractDetailEditBtnButton\"]"}
COMMAND: POST /session/f2510c46535a82282fd70196afe2e571/elements - {"using":"xpath","value":"//button[@data-kt=\"contractDetailEditBtnButton\"]"}
RESULT: {"using":"xpath","value":"//button[@data-kt=\"contractDetailEditBtnButton\"]"}
COMMAND: POST /session/f2510c46535a82282fd70196afe2e571/elements - {"using":"xpath","value":"//button[@data-kt=\"contractDetailEditBtnButton\"]"}
RESULT: {"using":"xpath","value":"//button[@data-kt=\"contractDetailEditBtnButton\"]"}
COMMAND: POST /session/f2510c46535a82282fd70196afe2e571/elements - {"using":"xpath","value":"//button[@data-kt=\"contractDetailEditBtnButton\"]"}
RESULT: {"using":"xpath","value":"//button[@data-kt=\"contractDetailEditBtnButton\"]"}
COMMAND: POST /session/f2510c46535a82282fd70196afe2e571/elements - {"using":"xpath","value":"//button[@data-kt=\"contractDetailEditBtnButton\"]"}
RESULT: {"using":"xpath","value":"//button[@data-kt=\"contractDetailEditBtnButton\"]"}
COMMAND: POST /session/f2510c46535a82282fd70196afe2e571/elements - {"using":"xpath","value":"//button[@data-kt=\"contractDetailEditBtnButton\"]"}
RESULT: {"using":"xpath","value":"//button[@data-kt=\"contractDetailEditBtnButton\"]"}
COMMAND: POST /session/f2510c46535a82282fd70196afe2e571/elements - {"using":"xpath","value":"//button[@data-kt=\"contractDetailEditBtnButton\"]"}
RESULT: {"using":"xpath","value":"//button[@data-kt=\"contractDetailEditBtnButton\"]"}
COMMAND: POST /session/f2510c46535a82282fd70196afe2e571/elements - {"using":"xpath","value":"//button[@data-kt=\"contractDetailEditBtnButton\"]"}
RESULT: {"using":"xpath","value":"//button[@data-kt=\"contractDetailEditBtnButton\"]"}
COMMAND: POST /session/f2510c46535a82282fd70196afe2e571/elements - {"using":"xpath","value":"//button[@data-kt=\"contractDetailEditBtnButton\"]"}
RESULT: {"using":"xpath","value":"//button[@data-kt=\"contractDetailEditBtnButton\"]"}
COMMAND: POST /session/f2510c46535a82282fd70196afe2e571/elements - {"using":"xpath","value":"//button[@data-kt=\"contractDetailEditBtnButton\"]"}
RESULT: {"using":"xpath","value":"//button[@data-kt=\"contractDetailEditBtnButton\"]"}
COMMAND: POST /session/f2510c46535a82282fd70196afe2e571/elements - {"using":"xpath","value":"//button[@data-kt=\"contractDetailEditBtnButton\"]"}
RESULT: {"using":"xpath","value":"//button[@data-kt=\"contractDetailEditBtnButton\"]"}
COMMAND: POST /session/f2510c46535a82282fd70196afe2e571/elements - {"using":"xpath","value":"//button[@data-kt=\"contractDetailEditBtnButton\"]"}
RESULT: {"using":"xpath","value":"//button[@data-kt=\"contractDetailEditBtnButton\"]"}
COMMAND: POST /session/f2510c46535a82282fd70196afe2e571/elements - {"using":"xpath","value":"//button[@data-kt=\"contractDetailEditBtnButton\"]"}
RESULT: {"using":"xpath","value":"//button[@data-kt=\"contractDetailEditBtnButton\"]"}
COMMAND: POST /session/f2510c46535a82282fd70196afe2e571/elements - {"using":"xpath","value":"//button[@data-kt=\"contractDetailEditBtnButton\"]"}
RESULT: {"using":"xpath","value":"//button[@data-kt=\"contractDetailEditBtnButton\"]"}
COMMAND: POST /session/f2510c46535a82282fd70196afe2e571/elements - {"using":"xpath","value":"//button[@data-kt=\"contractDetailEditBtnButton\"]"}
RESULT: {"using":"xpath","value":"//button[@data-kt=\"contractDetailEditBtnButton\"]"}
COMMAND: POST /session/f2510c46535a82282fd70196afe2e571/elements - {"using":"xpath","value":"//button[@data-kt=\"contractDetailEditBtnButton\"]"}
RESULT: {"using":"xpath","value":"//button[@data-kt=\"contractDetailEditBtnButton\"]"}
COMMAND: POST /session/f2510c46535a82282fd70196afe2e571/elements - {"using":"xpath","value":"//button[@data-kt=\"contractDetailEditBtnButton\"]"}
RESULT: {"using":"xpath","value":"//button[@data-kt=\"contractDetailEditBtnButton\"]"}
COMMAND: POST /session/f2510c46535a82282fd70196afe2e571/elements - {"using":"xpath","value":"//button[@data-kt=\"contractDetailEditBtnButton\"]"}
RESULT: {"using":"xpath","value":"//button[@data-kt=\"contractDetailEditBtnButton\"]"}
COMMAND: POST /session/f2510c46535a82282fd70196afe2e571/elements - {"using":"xpath","value":"//button[@data-kt=\"contractDetailEditBtnButton\"]"}
RESULT: {"using":"xpath","value":"//button[@data-kt=\"contractDetailEditBtnButton\"]"}
COMMAND: POST /session/f2510c46535a82282fd70196afe2e571/elements - {"using":"xpath","value":"//button[@data-kt=\"contractDetailEditBtnButton\"]"}
RESULT: {"using":"xpath","value":"//button[@data-kt=\"contractDetailEditBtnButton\"]"}
COMMAND: POST /session/f2510c46535a82282fd70196afe2e571/elements - {"using":"xpath","value":"//button[@data-kt=\"contractDetailEditBtnButton\"]"}
RESULT: {"using":"xpath","value":"//button[@data-kt=\"contractDetailEditBtnButton\"]"}
COMMAND: POST /session/f2510c46535a82282fd70196afe2e571/elements - {"using":"xpath","value":"//button[@data-kt=\"contractDetailEditBtnButton\"]"}
RESULT: {"using":"xpath","value":"//button[@data-kt=\"contractDetailEditBtnButton\"]"}
COMMAND: POST /session/f2510c46535a82282fd70196afe2e571/elements - {"using":"xpath","value":"//button[@data-kt=\"contractDetailEditBtnButton\"]"}
RESULT: {"using":"xpath","value":"//button[@data-kt=\"contractDetailEditBtnButton\"]"}
COMMAND: POST /session/f2510c46535a82282fd70196afe2e571/elements - {"using":"xpath","value":"//button[@data-kt=\"contractDetailEditBtnButton\"]"}
RESULT: {"using":"xpath","value":"//button[@data-kt=\"contractDetailEditBtnButton\"]"}
COMMAND: POST /session/f2510c46535a82282fd70196afe2e571/elements - {"using":"xpath","value":"//button[@data-kt=\"contractDetailEditBtnButton\"]"}
RESULT: {"using":"xpath","value":"//button[@data-kt=\"contractDetailEditBtnButton\"]"}
COMMAND: POST /session/f2510c46535a82282fd70196afe2e571/elements - {"using":"xpath","value":"//button[@data-kt=\"contractDetailEditBtnButton\"]"}
RESULT: {"using":"xpath","value":"//button[@data-kt=\"contractDetailEditBtnButton\"]"}
COMMAND: POST /session/f2510c46535a82282fd70196afe2e571/elements - {"using":"xpath","value":"//button[@data-kt=\"contractDetailEditBtnButton\"]"}
RESULT: {"using":"xpath","value":"//button[@data-kt=\"contractDetailEditBtnButton\"]"}
COMMAND: POST /session/f2510c46535a82282fd70196afe2e571/elements - {"using":"xpath","value":"//button[@data-kt=\"contractDetailEditBtnButton\"]"}
RESULT: {"using":"xpath","value":"//button[@data-kt=\"contractDetailEditBtnButton\"]"}
COMMAND: POST /session/f2510c46535a82282fd70196afe2e571/elements - {"using":"xpath","value":"//button[@data-kt=\"contractDetailEditBtnButton\"]"}
RESULT: {"using":"xpath","value":"//button[@data-kt=\"contractDetailEditBtnButton\"]"}
COMMAND: POST /session/f2510c46535a82282fd70196afe2e571/elements - {"using":"xpath","value":"//button[@data-kt=\"contractDetailEditBtnButton\"]"}
RESULT: {"using":"xpath","value":"//button[@data-kt=\"contractDetailEditBtnButton\"]"}
COMMAND: POST /session/f2510c46535a82282fd70196afe2e571/elements - {"using":"xpath","value":"//button[@data-kt=\"contractDetailEditBtnButton\"]"}
RESULT: {"using":"xpath","value":"//button[@data-kt=\"contractDetailEditBtnButton\"]"}
COMMAND: POST /session/f2510c46535a82282fd70196afe2e571/elements - {"using":"xpath","value":"//button[@data-kt=\"contractDetailEditBtnButton\"]"}
RESULT: {"using":"xpath","value":"//button[@data-kt=\"contractDetailEditBtnButton\"]"}
COMMAND: POST /session/f2510c46535a82282fd70196afe2e571/elements - {"using":"xpath","value":"//button[@data-kt=\"contractDetailEditBtnButton\"]"}
RESULT: {"using":"xpath","value":"//button[@data-kt=\"contractDetailEditBtnButton\"]"}
COMMAND: POST /session/f2510c46535a82282fd70196afe2e571/elements - {"using":"xpath","value":"//button[@data-kt=\"contractDetailEditBtnButton\"]"}
RESULT: {"using":"xpath","value":"//button[@data-kt=\"contractDetailEditBtnButton\"]"}
COMMAND: POST /session/f2510c46535a82282fd70196afe2e571/elements - {"using":"xpath","value":"//button[@data-kt=\"contractDetailEditBtnButton\"]"}
RESULT: {"using":"xpath","value":"//button[@data-kt=\"contractDetailEditBtnButton\"]"}
COMMAND: POST /session/f2510c46535a82282fd70196afe2e571/elements - {"using":"xpath","value":"//button[@data-kt=\"contractDetailEditBtnButton\"]"}
RESULT: {"using":"xpath","value":"//button[@data-kt=\"contractDetailEditBtnButton\"]"}
COMMAND: POST /session/f2510c46535a82282fd70196afe2e571/elements - {"using":"xpath","value":"//button[@data-kt=\"contractDetailEditBtnButton\"]"}
RESULT: {"using":"xpath","value":"//button[@data-kt=\"contractDetailEditBtnButton\"]"}
COMMAND: POST /session/f2510c46535a82282fd70196afe2e571/elements - {"using":"xpath","value":"//button[@data-kt=\"contractDetailEditBtnButton\"]"}
RESULT: {"using":"xpath","value":"//button[@data-kt=\"contractDetailEditBtnButton\"]"}
COMMAND: POST /session/f2510c46535a82282fd70196afe2e571/elements - {"using":"xpath","value":"//button[@data-kt=\"contractDetailEditBtnButton\"]"}
RESULT: {"using":"xpath","value":"//button[@data-kt=\"contractDetailEditBtnButton\"]"}
COMMAND: POST /session/f2510c46535a82282fd70196afe2e571/elements - {"using":"xpath","value":"//button[@data-kt=\"contractDetailEditBtnButton\"]"}
RESULT: {"using":"xpath","value":"//button[@data-kt=\"contractDetailEditBtnButton\"]"}
COMMAND: POST /session/f2510c46535a82282fd70196afe2e571/elements - {"using":"xpath","value":"//button[@data-kt=\"contractDetailEditBtnButton\"]"}
RESULT: {"using":"xpath","value":"//button[@data-kt=\"contractDetailEditBtnButton\"]"}
COMMAND: POST /session/f2510c46535a82282fd70196afe2e571/elements - {"using":"xpath","value":"//button[@data-kt=\"contractDetailEditBtnButton\"]"}
RESULT: {"using":"xpath","value":"//button[@data-kt=\"contractDetailEditBtnButton\"]"}
COMMAND: POST /session/f2510c46535a82282fd70196afe2e571/elements - {"using":"xpath","value":"//button[@data-kt=\"contractDetailEditBtnButton\"]"}
RESULT: {"using":"xpath","value":"//button[@data-kt=\"contractDetailEditBtnButton\"]"}
COMMAND: POST /session/f2510c46535a82282fd70196afe2e571/elements - {"using":"xpath","value":"//button[@data-kt=\"contractDetailEditBtnButton\"]"}
RESULT: {"using":"xpath","value":"//button[@data-kt=\"contractDetailEditBtnButton\"]"}
COMMAND: POST /session/f2510c46535a82282fd70196afe2e571/elements - {"using":"xpath","value":"//button[@data-kt=\"contractDetailEditBtnButton\"]"}
RESULT: {"using":"xpath","value":"//button[@data-kt=\"contractDetailEditBtnButton\"]"}
COMMAND: POST /session/f2510c46535a82282fd70196afe2e571/elements - {"using":"xpath","value":"//button[@data-kt=\"contractDetailEditBtnButton\"]"}
RESULT: {"using":"xpath","value":"//button[@data-kt=\"contractDetailEditBtnButton\"]"}
COMMAND: POST /session/f2510c46535a82282fd70196afe2e571/elements - {"using":"xpath","value":"//button[@data-kt=\"contractDetailEditBtnButton\"]"}
RESULT: {"using":"xpath","value":"//button[@data-kt=\"contractDetailEditBtnButton\"]"}
COMMAND: POST /session/f2510c46535a82282fd70196afe2e571/elements - {"using":"xpath","value":"//button[@data-kt=\"contractDetailEditBtnButton\"]"}
RESULT: {"using":"xpath","value":"//button[@data-kt=\"contractDetailEditBtnButton\"]"}
COMMAND: POST /session/f2510c46535a82282fd70196afe2e571/elements - {"using":"xpath","value":"//button[@data-kt=\"contractDetailEditBtnButton\"]"}
RESULT: {"using":"xpath","value":"//button[@data-kt=\"contractDetailEditBtnButton\"]"}
COMMAND: POST /session/f2510c46535a82282fd70196afe2e571/elements - {"using":"xpath","value":"//button[@data-kt=\"contractDetailEditBtnButton\"]"}
RESULT: {"using":"xpath","value":"//button[@data-kt=\"contractDetailEditBtnButton\"]"}
COMMAND: POST /session/f2510c46535a82282fd70196afe2e571/elements - {"using":"xpath","value":"//button[@data-kt=\"contractDetailEditBtnButton\"]"}
RESULT: {"using":"xpath","value":"//button[@data-kt=\"contractDetailEditBtnButton\"]"}
COMMAND: POST /session/f2510c46535a82282fd70196afe2e571/elements - {"using":"xpath","value":"//button[@data-kt=\"contractDetailEditBtnButton\"]"}
RESULT: {"using":"xpath","value":"//button[@data-kt=\"contractDetailEditBtnButton\"]"}
COMMAND: POST /session/f2510c46535a82282fd70196afe2e571/elements - {"using":"xpath","value":"//button[@data-kt=\"contractDetailEditBtnButton\"]"}
RESULT: {"using":"xpath","value":"//button[@data-kt=\"contractDetailEditBtnButton\"]"}
COMMAND: POST /session/f2510c46535a82282fd70196afe2e571/elements - {"using":"xpath","value":"//button[@data-kt=\"contractDetailEditBtnButton\"]"}
RESULT: {"using":"xpath","value":"//button[@data-kt=\"contractDetailEditBtnButton\"]"}
COMMAND: POST /session/f2510c46535a82282fd70196afe2e571/elements - {"using":"xpath","value":"//button[@data-kt=\"contractDetailEditBtnButton\"]"}
RESULT: {"using":"xpath","value":"//button[@data-kt=\"contractDetailEditBtnButton\"]"}
COMMAND: POST /session/f2510c46535a82282fd70196afe2e571/elements - {"using":"xpath","value":"//button[@data-kt=\"contractDetailEditBtnButton\"]"}
RESULT: {"using":"xpath","value":"//button[@data-kt=\"contractDetailEditBtnButton\"]"}
COMMAND: POST /session/f2510c46535a82282fd70196afe2e571/elements - {"using":"xpath","value":"//button[@data-kt=\"contractDetailEditBtnButton\"]"}
RESULT: {"using":"xpath","value":"//button[@data-kt=\"contractDetailEditBtnButton\"]"}
COMMAND: POST /session/f2510c46535a82282fd70196afe2e571/elements - {"using":"xpath","value":"//button[@data-kt=\"contractDetailEditBtnButton\"]"}
RESULT: {"using":"xpath","value":"//button[@data-kt=\"contractDetailEditBtnButton\"]"}
COMMAND: POST /session/f2510c46535a82282fd70196afe2e571/elements - {"using":"xpath","value":"//button[@data-kt=\"contractDetailEditBtnButton\"]"}
RESULT: {"using":"xpath","value":"//button[@data-kt=\"contractDetailEditBtnButton\"]"}
COMMAND: POST /session/f2510c46535a82282fd70196afe2e571/elements - {"using":"xpath","value":"//button[@data-kt=\"contractDetailEditBtnButton\"]"}
RESULT: {"using":"xpath","value":"//button[@data-kt=\"contractDetailEditBtnButton\"]"}
COMMAND: POST /session/f2510c46535a82282fd70196afe2e571/elements - {"using":"xpath","value":"//button[@data-kt=\"contractDetailEditBtnButton\"]"}
RESULT: {"using":"xpath","value":"//button[@data-kt=\"contractDetailEditBtnButton\"]"}
COMMAND: POST /session/f2510c46535a82282fd70196afe2e571/elements - {"using":"xpath","value":"//button[@data-kt=\"contractDetailEditBtnButton\"]"}
RESULT: {"using":"xpath","value":"//button[@data-kt=\"contractDetailEditBtnButton\"]"}
COMMAND: POST /session/f2510c46535a82282fd70196afe2e571/elements - {"using":"xpath","value":"//button[@data-kt=\"contractDetailEditBtnButton\"]"}
RESULT: {"using":"xpath","value":"//button[@data-kt=\"contractDetailEditBtnButton\"]"}
COMMAND: POST /session/f2510c46535a82282fd70196afe2e571/elements - {"using":"xpath","value":"//button[@data-kt=\"contractDetailEditBtnButton\"]"}
RESULT: {"using":"xpath","value":"//button[@data-kt=\"contractDetailEditBtnButton\"]"}
COMMAND: POST /session/f2510c46535a82282fd70196afe2e571/elements - {"using":"xpath","value":"//button[@data-kt=\"contractDetailEditBtnButton\"]"}
RESULT: {"using":"xpath","value":"//button[@data-kt=\"contractDetailEditBtnButton\"]"}
COMMAND: POST /session/f2510c46535a82282fd70196afe2e571/elements - {"using":"xpath","value":"//button[@data-kt=\"contractDetailEditBtnButton\"]"}
RESULT: {"using":"xpath","value":"//button[@data-kt=\"contractDetailEditBtnButton\"]"}
COMMAND: POST /session/f2510c46535a82282fd70196afe2e571/elements - {"using":"xpath","value":"//button[@data-kt=\"contractDetailEditBtnButton\"]"}
RESULT: {"using":"xpath","value":"//button[@data-kt=\"contractDetailEditBtnButton\"]"}
COMMAND: POST /session/f2510c46535a82282fd70196afe2e571/elements - {"using":"xpath","value":"//button[@data-kt=\"contractDetailEditBtnButton\"]"}
RESULT: {"using":"xpath","value":"//button[@data-kt=\"contractDetailEditBtnButton\"]"}
COMMAND: POST /session/f2510c46535a82282fd70196afe2e571/elements - {"using":"xpath","value":"//button[@data-kt=\"contractDetailEditBtnButton\"]"}
RESULT: {"using":"xpath","value":"//button[@data-kt=\"contractDetailEditBtnButton\"]"}
COMMAND: POST /session/f2510c46535a82282fd70196afe2e571/elements - {"using":"xpath","value":"//button[@data-kt=\"contractDetailEditBtnButton\"]"}
RESULT: {"using":"xpath","value":"//button[@data-kt=\"contractDetailEditBtnButton\"]"}
COMMAND: POST /session/f2510c46535a82282fd70196afe2e571/elements - {"using":"xpath","value":"//button[@data-kt=\"contractDetailEditBtnButton\"]"}
RESULT: {"using":"xpath","value":"//button[@data-kt=\"contractDetailEditBtnButton\"]"}
COMMAND: POST /session/f2510c46535a82282fd70196afe2e571/elements - {"using":"xpath","value":"//button[@data-kt=\"contractDetailEditBtnButton\"]"}
RESULT: {"using":"xpath","value":"//button[@data-kt=\"contractDetailEditBtnButton\"]"}
COMMAND: POST /session/f2510c46535a82282fd70196afe2e571/elements - {"using":"xpath","value":"//button[@data-kt=\"contractDetailEditBtnButton\"]"}
RESULT: {"using":"xpath","value":"//button[@data-kt=\"contractDetailEditBtnButton\"]"}
COMMAND: POST /session/f2510c46535a82282fd70196afe2e571/elements - {"using":"xpath","value":"//button[@data-kt=\"contractDetailEditBtnButton\"]"}
RESULT: {"using":"xpath","value":"//button[@data-kt=\"contractDetailEditBtnButton\"]"}
COMMAND: POST /session/f2510c46535a82282fd70196afe2e571/elements - {"using":"xpath","value":"//button[@data-kt=\"contractDetailEditBtnButton\"]"}
RESULT: {"using":"xpath","value":"//button[@data-kt=\"contractDetailEditBtnButton\"]"}
COMMAND: POST /session/f2510c46535a82282fd70196afe2e571/elements - {"using":"xpath","value":"//button[@data-kt=\"contractDetailEditBtnButton\"]"}
RESULT: {"using":"xpath","value":"//button[@data-kt=\"contractDetailEditBtnButton\"]"}
COMMAND: POST /session/f2510c46535a82282fd70196afe2e571/elements - {"using":"xpath","value":"//button[@data-kt=\"contractDetailEditBtnButton\"]"}
RESULT: {"using":"xpath","value":"//button[@data-kt=\"contractDetailEditBtnButton\"]"}
COMMAND: POST /session/f2510c46535a82282fd70196afe2e571/elements - {"using":"xpath","value":"//button[@data-kt=\"contractDetailEditBtnButton\"]"}
RESULT: {"using":"xpath","value":"//button[@data-kt=\"contractDetailEditBtnButton\"]"}
COMMAND: POST /session/f2510c46535a82282fd70196afe2e571/elements - {"using":"xpath","value":"//button[@data-kt=\"contractDetailEditBtnButton\"]"}
RESULT: {"using":"xpath","value":"//button[@data-kt=\"contractDetailEditBtnButton\"]"}
COMMAND: POST /session/f2510c46535a82282fd70196afe2e571/elements - {"using":"xpath","value":"//button[@data-kt=\"contractDetailEditBtnButton\"]"}
RESULT: {"using":"xpath","value":"//button[@data-kt=\"contractDetailEditBtnButton\"]"}
COMMAND: POST /session/f2510c46535a82282fd70196afe2e571/elements - {"using":"xpath","value":"//button[@data-kt=\"contractDetailEditBtnButton\"]"}
RESULT: {"using":"xpath","value":"//button[@data-kt=\"contractDetailEditBtnButton\"]"}
COMMAND: POST /session/f2510c46535a82282fd70196afe2e571/elements - {"using":"xpath","value":"//button[@data-kt=\"contractDetailEditBtnButton\"]"}
RESULT: {"using":"xpath","value":"//button[@data-kt=\"contractDetailEditBtnButton\"]"}
COMMAND: POST /session/f2510c46535a82282fd70196afe2e571/elements - {"using":"xpath","value":"//button[@data-kt=\"contractDetailEditBtnButton\"]"}
RESULT: {"using":"xpath","value":"//button[@data-kt=\"contractDetailEditBtnButton\"]"}
COMMAND: POST /session/f2510c46535a82282fd70196afe2e571/elements - {"using":"xpath","value":"//button[@data-kt=\"contractDetailEditBtnButton\"]"}
RESULT: {"using":"xpath","value":"//button[@data-kt=\"contractDetailEditBtnButton\"]"}
COMMAND: POST /session/f2510c46535a82282fd70196afe2e571/elements - {"using":"xpath","value":"//button[@data-kt=\"contractDetailEditBtnButton\"]"}
RESULT: {"using":"xpath","value":"//button[@data-kt=\"contractDetailEditBtnButton\"]"}
COMMAND: POST /session/f2510c46535a82282fd70196afe2e571/elements - {"using":"xpath","value":"//button[@data-kt=\"contractDetailEditBtnButton\"]"}
RESULT: {"using":"xpath","value":"//button[@data-kt=\"contractDetailEditBtnButton\"]"}
COMMAND: POST /session/f2510c46535a82282fd70196afe2e571/elements - {"using":"xpath","value":"//button[@data-kt=\"contractDetailEditBtnButton\"]"}
RESULT: {"using":"xpath","value":"//button[@data-kt=\"contractDetailEditBtnButton\"]"}
COMMAND: POST /session/f2510c46535a82282fd70196afe2e571/elements - {"using":"xpath","value":"//button[@data-kt=\"contractDetailEditBtnButton\"]"}
RESULT: {"using":"xpath","value":"//button[@data-kt=\"contractDetailEditBtnButton\"]"}
COMMAND: POST /session/f2510c46535a82282fd70196afe2e571/elements - {"using":"xpath","value":"//button[@data-kt=\"contractDetailEditBtnButton\"]"}
RESULT: {"using":"xpath","value":"//button[@data-kt=\"contractDetailEditBtnButton\"]"}
COMMAND: GET /session/f2510c46535a82282fd70196afe2e571/screenshot - {}
RESULT: {}
]]></system-out>
      <system-err><![CDATA[
Error: Can't call click on element with selector "//button[@data-kt="contractDetailEditBtnButton"]" because element wasn't found
    at async UtilsPrerequisites.addItemToContract (D:\a\1\s\test\specs\BTS\prerequisites-and-utils-functions.js:1852:9)
    at async Context.<anonymous> (D:\a\1\s\test\specs\BTS\billing-confirm.spec.js:67:9)
]]></system-err>
    </testcase>
    <testcase classname="chrome.136_0_7103_93.windows.Billing_confirm_US117289" name="Should do a provide to site handover" time="61.171">
      <failure/>
      <error message="Can't call click on element with selector &quot;//button[@data-kt=&quot;provideButton&quot;]&quot; because element wasn't found"/>
      <system-out><![CDATA[
COMMAND: POST /session/f2510c46535a82282fd70196afe2e571/element - {"using":"xpath","value":"//button[@data-kt=\"provideButton\"]"}
COMMAND: GET /session/f2510c46535a82282fd70196afe2e571/screenshot - {}
RESULT: {}
RESULT: {"using":"xpath","value":"//button[@data-kt=\"provideButton\"]"}
COMMAND: POST /session/f2510c46535a82282fd70196afe2e571/elements - {"using":"xpath","value":"//button[@data-kt=\"provideButton\"]"}
RESULT: {"using":"xpath","value":"//button[@data-kt=\"provideButton\"]"}
COMMAND: POST /session/f2510c46535a82282fd70196afe2e571/elements - {"using":"xpath","value":"//button[@data-kt=\"provideButton\"]"}
RESULT: {"using":"xpath","value":"//button[@data-kt=\"provideButton\"]"}
COMMAND: POST /session/f2510c46535a82282fd70196afe2e571/elements - {"using":"xpath","value":"//button[@data-kt=\"provideButton\"]"}
RESULT: {"using":"xpath","value":"//button[@data-kt=\"provideButton\"]"}
COMMAND: POST /session/f2510c46535a82282fd70196afe2e571/elements - {"using":"xpath","value":"//button[@data-kt=\"provideButton\"]"}
RESULT: {"using":"xpath","value":"//button[@data-kt=\"provideButton\"]"}
COMMAND: POST /session/f2510c46535a82282fd70196afe2e571/elements - {"using":"xpath","value":"//button[@data-kt=\"provideButton\"]"}
RESULT: {"using":"xpath","value":"//button[@data-kt=\"provideButton\"]"}
COMMAND: POST /session/f2510c46535a82282fd70196afe2e571/elements - {"using":"xpath","value":"//button[@data-kt=\"provideButton\"]"}
RESULT: {"using":"xpath","value":"//button[@data-kt=\"provideButton\"]"}
COMMAND: POST /session/f2510c46535a82282fd70196afe2e571/elements - {"using":"xpath","value":"//button[@data-kt=\"provideButton\"]"}
RESULT: {"using":"xpath","value":"//button[@data-kt=\"provideButton\"]"}
COMMAND: POST /session/f2510c46535a82282fd70196afe2e571/elements - {"using":"xpath","value":"//button[@data-kt=\"provideButton\"]"}
RESULT: {"using":"xpath","value":"//button[@data-kt=\"provideButton\"]"}
COMMAND: POST /session/f2510c46535a82282fd70196afe2e571/elements - {"using":"xpath","value":"//button[@data-kt=\"provideButton\"]"}
RESULT: {"using":"xpath","value":"//button[@data-kt=\"provideButton\"]"}
COMMAND: POST /session/f2510c46535a82282fd70196afe2e571/elements - {"using":"xpath","value":"//button[@data-kt=\"provideButton\"]"}
RESULT: {"using":"xpath","value":"//button[@data-kt=\"provideButton\"]"}
COMMAND: POST /session/f2510c46535a82282fd70196afe2e571/elements - {"using":"xpath","value":"//button[@data-kt=\"provideButton\"]"}
RESULT: {"using":"xpath","value":"//button[@data-kt=\"provideButton\"]"}
COMMAND: POST /session/f2510c46535a82282fd70196afe2e571/elements - {"using":"xpath","value":"//button[@data-kt=\"provideButton\"]"}
RESULT: {"using":"xpath","value":"//button[@data-kt=\"provideButton\"]"}
COMMAND: POST /session/f2510c46535a82282fd70196afe2e571/elements - {"using":"xpath","value":"//button[@data-kt=\"provideButton\"]"}
RESULT: {"using":"xpath","value":"//button[@data-kt=\"provideButton\"]"}
COMMAND: POST /session/f2510c46535a82282fd70196afe2e571/elements - {"using":"xpath","value":"//button[@data-kt=\"provideButton\"]"}
RESULT: {"using":"xpath","value":"//button[@data-kt=\"provideButton\"]"}
COMMAND: POST /session/f2510c46535a82282fd70196afe2e571/elements - {"using":"xpath","value":"//button[@data-kt=\"provideButton\"]"}
RESULT: {"using":"xpath","value":"//button[@data-kt=\"provideButton\"]"}
COMMAND: POST /session/f2510c46535a82282fd70196afe2e571/elements - {"using":"xpath","value":"//button[@data-kt=\"provideButton\"]"}
RESULT: {"using":"xpath","value":"//button[@data-kt=\"provideButton\"]"}
COMMAND: POST /session/f2510c46535a82282fd70196afe2e571/elements - {"using":"xpath","value":"//button[@data-kt=\"provideButton\"]"}
RESULT: {"using":"xpath","value":"//button[@data-kt=\"provideButton\"]"}
COMMAND: POST /session/f2510c46535a82282fd70196afe2e571/elements - {"using":"xpath","value":"//button[@data-kt=\"provideButton\"]"}
RESULT: {"using":"xpath","value":"//button[@data-kt=\"provideButton\"]"}
COMMAND: POST /session/f2510c46535a82282fd70196afe2e571/elements - {"using":"xpath","value":"//button[@data-kt=\"provideButton\"]"}
RESULT: {"using":"xpath","value":"//button[@data-kt=\"provideButton\"]"}
COMMAND: POST /session/f2510c46535a82282fd70196afe2e571/elements - {"using":"xpath","value":"//button[@data-kt=\"provideButton\"]"}
RESULT: {"using":"xpath","value":"//button[@data-kt=\"provideButton\"]"}
COMMAND: POST /session/f2510c46535a82282fd70196afe2e571/elements - {"using":"xpath","value":"//button[@data-kt=\"provideButton\"]"}
RESULT: {"using":"xpath","value":"//button[@data-kt=\"provideButton\"]"}
COMMAND: POST /session/f2510c46535a82282fd70196afe2e571/elements - {"using":"xpath","value":"//button[@data-kt=\"provideButton\"]"}
RESULT: {"using":"xpath","value":"//button[@data-kt=\"provideButton\"]"}
COMMAND: POST /session/f2510c46535a82282fd70196afe2e571/elements - {"using":"xpath","value":"//button[@data-kt=\"provideButton\"]"}
RESULT: {"using":"xpath","value":"//button[@data-kt=\"provideButton\"]"}
COMMAND: POST /session/f2510c46535a82282fd70196afe2e571/elements - {"using":"xpath","value":"//button[@data-kt=\"provideButton\"]"}
RESULT: {"using":"xpath","value":"//button[@data-kt=\"provideButton\"]"}
COMMAND: POST /session/f2510c46535a82282fd70196afe2e571/elements - {"using":"xpath","value":"//button[@data-kt=\"provideButton\"]"}
RESULT: {"using":"xpath","value":"//button[@data-kt=\"provideButton\"]"}
COMMAND: POST /session/f2510c46535a82282fd70196afe2e571/elements - {"using":"xpath","value":"//button[@data-kt=\"provideButton\"]"}
RESULT: {"using":"xpath","value":"//button[@data-kt=\"provideButton\"]"}
COMMAND: POST /session/f2510c46535a82282fd70196afe2e571/elements - {"using":"xpath","value":"//button[@data-kt=\"provideButton\"]"}
RESULT: {"using":"xpath","value":"//button[@data-kt=\"provideButton\"]"}
COMMAND: POST /session/f2510c46535a82282fd70196afe2e571/elements - {"using":"xpath","value":"//button[@data-kt=\"provideButton\"]"}
RESULT: {"using":"xpath","value":"//button[@data-kt=\"provideButton\"]"}
COMMAND: POST /session/f2510c46535a82282fd70196afe2e571/elements - {"using":"xpath","value":"//button[@data-kt=\"provideButton\"]"}
RESULT: {"using":"xpath","value":"//button[@data-kt=\"provideButton\"]"}
COMMAND: POST /session/f2510c46535a82282fd70196afe2e571/elements - {"using":"xpath","value":"//button[@data-kt=\"provideButton\"]"}
RESULT: {"using":"xpath","value":"//button[@data-kt=\"provideButton\"]"}
COMMAND: POST /session/f2510c46535a82282fd70196afe2e571/elements - {"using":"xpath","value":"//button[@data-kt=\"provideButton\"]"}
RESULT: {"using":"xpath","value":"//button[@data-kt=\"provideButton\"]"}
COMMAND: POST /session/f2510c46535a82282fd70196afe2e571/elements - {"using":"xpath","value":"//button[@data-kt=\"provideButton\"]"}
RESULT: {"using":"xpath","value":"//button[@data-kt=\"provideButton\"]"}
COMMAND: POST /session/f2510c46535a82282fd70196afe2e571/elements - {"using":"xpath","value":"//button[@data-kt=\"provideButton\"]"}
RESULT: {"using":"xpath","value":"//button[@data-kt=\"provideButton\"]"}
COMMAND: POST /session/f2510c46535a82282fd70196afe2e571/elements - {"using":"xpath","value":"//button[@data-kt=\"provideButton\"]"}
RESULT: {"using":"xpath","value":"//button[@data-kt=\"provideButton\"]"}
COMMAND: POST /session/f2510c46535a82282fd70196afe2e571/elements - {"using":"xpath","value":"//button[@data-kt=\"provideButton\"]"}
RESULT: {"using":"xpath","value":"//button[@data-kt=\"provideButton\"]"}
COMMAND: POST /session/f2510c46535a82282fd70196afe2e571/elements - {"using":"xpath","value":"//button[@data-kt=\"provideButton\"]"}
RESULT: {"using":"xpath","value":"//button[@data-kt=\"provideButton\"]"}
COMMAND: POST /session/f2510c46535a82282fd70196afe2e571/elements - {"using":"xpath","value":"//button[@data-kt=\"provideButton\"]"}
RESULT: {"using":"xpath","value":"//button[@data-kt=\"provideButton\"]"}
COMMAND: POST /session/f2510c46535a82282fd70196afe2e571/elements - {"using":"xpath","value":"//button[@data-kt=\"provideButton\"]"}
RESULT: {"using":"xpath","value":"//button[@data-kt=\"provideButton\"]"}
COMMAND: POST /session/f2510c46535a82282fd70196afe2e571/elements - {"using":"xpath","value":"//button[@data-kt=\"provideButton\"]"}
RESULT: {"using":"xpath","value":"//button[@data-kt=\"provideButton\"]"}
COMMAND: POST /session/f2510c46535a82282fd70196afe2e571/elements - {"using":"xpath","value":"//button[@data-kt=\"provideButton\"]"}
RESULT: {"using":"xpath","value":"//button[@data-kt=\"provideButton\"]"}
COMMAND: POST /session/f2510c46535a82282fd70196afe2e571/elements - {"using":"xpath","value":"//button[@data-kt=\"provideButton\"]"}
RESULT: {"using":"xpath","value":"//button[@data-kt=\"provideButton\"]"}
COMMAND: POST /session/f2510c46535a82282fd70196afe2e571/elements - {"using":"xpath","value":"//button[@data-kt=\"provideButton\"]"}
RESULT: {"using":"xpath","value":"//button[@data-kt=\"provideButton\"]"}
COMMAND: POST /session/f2510c46535a82282fd70196afe2e571/elements - {"using":"xpath","value":"//button[@data-kt=\"provideButton\"]"}
RESULT: {"using":"xpath","value":"//button[@data-kt=\"provideButton\"]"}
COMMAND: POST /session/f2510c46535a82282fd70196afe2e571/elements - {"using":"xpath","value":"//button[@data-kt=\"provideButton\"]"}
RESULT: {"using":"xpath","value":"//button[@data-kt=\"provideButton\"]"}
COMMAND: POST /session/f2510c46535a82282fd70196afe2e571/elements - {"using":"xpath","value":"//button[@data-kt=\"provideButton\"]"}
RESULT: {"using":"xpath","value":"//button[@data-kt=\"provideButton\"]"}
COMMAND: POST /session/f2510c46535a82282fd70196afe2e571/elements - {"using":"xpath","value":"//button[@data-kt=\"provideButton\"]"}
RESULT: {"using":"xpath","value":"//button[@data-kt=\"provideButton\"]"}
COMMAND: POST /session/f2510c46535a82282fd70196afe2e571/elements - {"using":"xpath","value":"//button[@data-kt=\"provideButton\"]"}
RESULT: {"using":"xpath","value":"//button[@data-kt=\"provideButton\"]"}
COMMAND: POST /session/f2510c46535a82282fd70196afe2e571/elements - {"using":"xpath","value":"//button[@data-kt=\"provideButton\"]"}
RESULT: {"using":"xpath","value":"//button[@data-kt=\"provideButton\"]"}
COMMAND: POST /session/f2510c46535a82282fd70196afe2e571/elements - {"using":"xpath","value":"//button[@data-kt=\"provideButton\"]"}
RESULT: {"using":"xpath","value":"//button[@data-kt=\"provideButton\"]"}
COMMAND: POST /session/f2510c46535a82282fd70196afe2e571/elements - {"using":"xpath","value":"//button[@data-kt=\"provideButton\"]"}
RESULT: {"using":"xpath","value":"//button[@data-kt=\"provideButton\"]"}
COMMAND: POST /session/f2510c46535a82282fd70196afe2e571/elements - {"using":"xpath","value":"//button[@data-kt=\"provideButton\"]"}
RESULT: {"using":"xpath","value":"//button[@data-kt=\"provideButton\"]"}
COMMAND: POST /session/f2510c46535a82282fd70196afe2e571/elements - {"using":"xpath","value":"//button[@data-kt=\"provideButton\"]"}
RESULT: {"using":"xpath","value":"//button[@data-kt=\"provideButton\"]"}
COMMAND: POST /session/f2510c46535a82282fd70196afe2e571/elements - {"using":"xpath","value":"//button[@data-kt=\"provideButton\"]"}
RESULT: {"using":"xpath","value":"//button[@data-kt=\"provideButton\"]"}
COMMAND: POST /session/f2510c46535a82282fd70196afe2e571/elements - {"using":"xpath","value":"//button[@data-kt=\"provideButton\"]"}
RESULT: {"using":"xpath","value":"//button[@data-kt=\"provideButton\"]"}
COMMAND: POST /session/f2510c46535a82282fd70196afe2e571/elements - {"using":"xpath","value":"//button[@data-kt=\"provideButton\"]"}
RESULT: {"using":"xpath","value":"//button[@data-kt=\"provideButton\"]"}
COMMAND: POST /session/f2510c46535a82282fd70196afe2e571/elements - {"using":"xpath","value":"//button[@data-kt=\"provideButton\"]"}
RESULT: {"using":"xpath","value":"//button[@data-kt=\"provideButton\"]"}
COMMAND: POST /session/f2510c46535a82282fd70196afe2e571/elements - {"using":"xpath","value":"//button[@data-kt=\"provideButton\"]"}
RESULT: {"using":"xpath","value":"//button[@data-kt=\"provideButton\"]"}
COMMAND: POST /session/f2510c46535a82282fd70196afe2e571/elements - {"using":"xpath","value":"//button[@data-kt=\"provideButton\"]"}
RESULT: {"using":"xpath","value":"//button[@data-kt=\"provideButton\"]"}
COMMAND: POST /session/f2510c46535a82282fd70196afe2e571/elements - {"using":"xpath","value":"//button[@data-kt=\"provideButton\"]"}
RESULT: {"using":"xpath","value":"//button[@data-kt=\"provideButton\"]"}
COMMAND: POST /session/f2510c46535a82282fd70196afe2e571/elements - {"using":"xpath","value":"//button[@data-kt=\"provideButton\"]"}
RESULT: {"using":"xpath","value":"//button[@data-kt=\"provideButton\"]"}
COMMAND: POST /session/f2510c46535a82282fd70196afe2e571/elements - {"using":"xpath","value":"//button[@data-kt=\"provideButton\"]"}
RESULT: {"using":"xpath","value":"//button[@data-kt=\"provideButton\"]"}
COMMAND: POST /session/f2510c46535a82282fd70196afe2e571/elements - {"using":"xpath","value":"//button[@data-kt=\"provideButton\"]"}
RESULT: {"using":"xpath","value":"//button[@data-kt=\"provideButton\"]"}
COMMAND: POST /session/f2510c46535a82282fd70196afe2e571/elements - {"using":"xpath","value":"//button[@data-kt=\"provideButton\"]"}
RESULT: {"using":"xpath","value":"//button[@data-kt=\"provideButton\"]"}
COMMAND: POST /session/f2510c46535a82282fd70196afe2e571/elements - {"using":"xpath","value":"//button[@data-kt=\"provideButton\"]"}
RESULT: {"using":"xpath","value":"//button[@data-kt=\"provideButton\"]"}
COMMAND: POST /session/f2510c46535a82282fd70196afe2e571/elements - {"using":"xpath","value":"//button[@data-kt=\"provideButton\"]"}
RESULT: {"using":"xpath","value":"//button[@data-kt=\"provideButton\"]"}
COMMAND: POST /session/f2510c46535a82282fd70196afe2e571/elements - {"using":"xpath","value":"//button[@data-kt=\"provideButton\"]"}
RESULT: {"using":"xpath","value":"//button[@data-kt=\"provideButton\"]"}
COMMAND: POST /session/f2510c46535a82282fd70196afe2e571/elements - {"using":"xpath","value":"//button[@data-kt=\"provideButton\"]"}
RESULT: {"using":"xpath","value":"//button[@data-kt=\"provideButton\"]"}
COMMAND: POST /session/f2510c46535a82282fd70196afe2e571/elements - {"using":"xpath","value":"//button[@data-kt=\"provideButton\"]"}
RESULT: {"using":"xpath","value":"//button[@data-kt=\"provideButton\"]"}
COMMAND: POST /session/f2510c46535a82282fd70196afe2e571/elements - {"using":"xpath","value":"//button[@data-kt=\"provideButton\"]"}
RESULT: {"using":"xpath","value":"//button[@data-kt=\"provideButton\"]"}
COMMAND: POST /session/f2510c46535a82282fd70196afe2e571/elements - {"using":"xpath","value":"//button[@data-kt=\"provideButton\"]"}
RESULT: {"using":"xpath","value":"//button[@data-kt=\"provideButton\"]"}
COMMAND: POST /session/f2510c46535a82282fd70196afe2e571/elements - {"using":"xpath","value":"//button[@data-kt=\"provideButton\"]"}
RESULT: {"using":"xpath","value":"//button[@data-kt=\"provideButton\"]"}
COMMAND: POST /session/f2510c46535a82282fd70196afe2e571/elements - {"using":"xpath","value":"//button[@data-kt=\"provideButton\"]"}
RESULT: {"using":"xpath","value":"//button[@data-kt=\"provideButton\"]"}
COMMAND: POST /session/f2510c46535a82282fd70196afe2e571/elements - {"using":"xpath","value":"//button[@data-kt=\"provideButton\"]"}
RESULT: {"using":"xpath","value":"//button[@data-kt=\"provideButton\"]"}
COMMAND: POST /session/f2510c46535a82282fd70196afe2e571/elements - {"using":"xpath","value":"//button[@data-kt=\"provideButton\"]"}
RESULT: {"using":"xpath","value":"//button[@data-kt=\"provideButton\"]"}
COMMAND: POST /session/f2510c46535a82282fd70196afe2e571/elements - {"using":"xpath","value":"//button[@data-kt=\"provideButton\"]"}
RESULT: {"using":"xpath","value":"//button[@data-kt=\"provideButton\"]"}
COMMAND: POST /session/f2510c46535a82282fd70196afe2e571/elements - {"using":"xpath","value":"//button[@data-kt=\"provideButton\"]"}
RESULT: {"using":"xpath","value":"//button[@data-kt=\"provideButton\"]"}
COMMAND: POST /session/f2510c46535a82282fd70196afe2e571/elements - {"using":"xpath","value":"//button[@data-kt=\"provideButton\"]"}
RESULT: {"using":"xpath","value":"//button[@data-kt=\"provideButton\"]"}
COMMAND: POST /session/f2510c46535a82282fd70196afe2e571/elements - {"using":"xpath","value":"//button[@data-kt=\"provideButton\"]"}
RESULT: {"using":"xpath","value":"//button[@data-kt=\"provideButton\"]"}
COMMAND: POST /session/f2510c46535a82282fd70196afe2e571/elements - {"using":"xpath","value":"//button[@data-kt=\"provideButton\"]"}
RESULT: {"using":"xpath","value":"//button[@data-kt=\"provideButton\"]"}
COMMAND: POST /session/f2510c46535a82282fd70196afe2e571/elements - {"using":"xpath","value":"//button[@data-kt=\"provideButton\"]"}
RESULT: {"using":"xpath","value":"//button[@data-kt=\"provideButton\"]"}
COMMAND: POST /session/f2510c46535a82282fd70196afe2e571/elements - {"using":"xpath","value":"//button[@data-kt=\"provideButton\"]"}
RESULT: {"using":"xpath","value":"//button[@data-kt=\"provideButton\"]"}
COMMAND: POST /session/f2510c46535a82282fd70196afe2e571/elements - {"using":"xpath","value":"//button[@data-kt=\"provideButton\"]"}
RESULT: {"using":"xpath","value":"//button[@data-kt=\"provideButton\"]"}
COMMAND: POST /session/f2510c46535a82282fd70196afe2e571/elements - {"using":"xpath","value":"//button[@data-kt=\"provideButton\"]"}
RESULT: {"using":"xpath","value":"//button[@data-kt=\"provideButton\"]"}
COMMAND: POST /session/f2510c46535a82282fd70196afe2e571/elements - {"using":"xpath","value":"//button[@data-kt=\"provideButton\"]"}
RESULT: {"using":"xpath","value":"//button[@data-kt=\"provideButton\"]"}
COMMAND: POST /session/f2510c46535a82282fd70196afe2e571/elements - {"using":"xpath","value":"//button[@data-kt=\"provideButton\"]"}
RESULT: {"using":"xpath","value":"//button[@data-kt=\"provideButton\"]"}
COMMAND: POST /session/f2510c46535a82282fd70196afe2e571/elements - {"using":"xpath","value":"//button[@data-kt=\"provideButton\"]"}
RESULT: {"using":"xpath","value":"//button[@data-kt=\"provideButton\"]"}
COMMAND: POST /session/f2510c46535a82282fd70196afe2e571/elements - {"using":"xpath","value":"//button[@data-kt=\"provideButton\"]"}
RESULT: {"using":"xpath","value":"//button[@data-kt=\"provideButton\"]"}
COMMAND: POST /session/f2510c46535a82282fd70196afe2e571/elements - {"using":"xpath","value":"//button[@data-kt=\"provideButton\"]"}
RESULT: {"using":"xpath","value":"//button[@data-kt=\"provideButton\"]"}
COMMAND: POST /session/f2510c46535a82282fd70196afe2e571/elements - {"using":"xpath","value":"//button[@data-kt=\"provideButton\"]"}
RESULT: {"using":"xpath","value":"//button[@data-kt=\"provideButton\"]"}
COMMAND: POST /session/f2510c46535a82282fd70196afe2e571/elements - {"using":"xpath","value":"//button[@data-kt=\"provideButton\"]"}
RESULT: {"using":"xpath","value":"//button[@data-kt=\"provideButton\"]"}
COMMAND: POST /session/f2510c46535a82282fd70196afe2e571/elements - {"using":"xpath","value":"//button[@data-kt=\"provideButton\"]"}
RESULT: {"using":"xpath","value":"//button[@data-kt=\"provideButton\"]"}
COMMAND: POST /session/f2510c46535a82282fd70196afe2e571/elements - {"using":"xpath","value":"//button[@data-kt=\"provideButton\"]"}
RESULT: {"using":"xpath","value":"//button[@data-kt=\"provideButton\"]"}
COMMAND: POST /session/f2510c46535a82282fd70196afe2e571/elements - {"using":"xpath","value":"//button[@data-kt=\"provideButton\"]"}
RESULT: {"using":"xpath","value":"//button[@data-kt=\"provideButton\"]"}
COMMAND: POST /session/f2510c46535a82282fd70196afe2e571/elements - {"using":"xpath","value":"//button[@data-kt=\"provideButton\"]"}
RESULT: {"using":"xpath","value":"//button[@data-kt=\"provideButton\"]"}
COMMAND: POST /session/f2510c46535a82282fd70196afe2e571/elements - {"using":"xpath","value":"//button[@data-kt=\"provideButton\"]"}
RESULT: {"using":"xpath","value":"//button[@data-kt=\"provideButton\"]"}
COMMAND: POST /session/f2510c46535a82282fd70196afe2e571/elements - {"using":"xpath","value":"//button[@data-kt=\"provideButton\"]"}
RESULT: {"using":"xpath","value":"//button[@data-kt=\"provideButton\"]"}
COMMAND: POST /session/f2510c46535a82282fd70196afe2e571/elements - {"using":"xpath","value":"//button[@data-kt=\"provideButton\"]"}
RESULT: {"using":"xpath","value":"//button[@data-kt=\"provideButton\"]"}
COMMAND: POST /session/f2510c46535a82282fd70196afe2e571/elements - {"using":"xpath","value":"//button[@data-kt=\"provideButton\"]"}
RESULT: {"using":"xpath","value":"//button[@data-kt=\"provideButton\"]"}
COMMAND: POST /session/f2510c46535a82282fd70196afe2e571/elements - {"using":"xpath","value":"//button[@data-kt=\"provideButton\"]"}
RESULT: {"using":"xpath","value":"//button[@data-kt=\"provideButton\"]"}
COMMAND: POST /session/f2510c46535a82282fd70196afe2e571/elements - {"using":"xpath","value":"//button[@data-kt=\"provideButton\"]"}
RESULT: {"using":"xpath","value":"//button[@data-kt=\"provideButton\"]"}
COMMAND: POST /session/f2510c46535a82282fd70196afe2e571/elements - {"using":"xpath","value":"//button[@data-kt=\"provideButton\"]"}
RESULT: {"using":"xpath","value":"//button[@data-kt=\"provideButton\"]"}
COMMAND: POST /session/f2510c46535a82282fd70196afe2e571/elements - {"using":"xpath","value":"//button[@data-kt=\"provideButton\"]"}
RESULT: {"using":"xpath","value":"//button[@data-kt=\"provideButton\"]"}
COMMAND: POST /session/f2510c46535a82282fd70196afe2e571/elements - {"using":"xpath","value":"//button[@data-kt=\"provideButton\"]"}
RESULT: {"using":"xpath","value":"//button[@data-kt=\"provideButton\"]"}
COMMAND: POST /session/f2510c46535a82282fd70196afe2e571/elements - {"using":"xpath","value":"//button[@data-kt=\"provideButton\"]"}
RESULT: {"using":"xpath","value":"//button[@data-kt=\"provideButton\"]"}
COMMAND: POST /session/f2510c46535a82282fd70196afe2e571/elements - {"using":"xpath","value":"//button[@data-kt=\"provideButton\"]"}
RESULT: {"using":"xpath","value":"//button[@data-kt=\"provideButton\"]"}
COMMAND: POST /session/f2510c46535a82282fd70196afe2e571/elements - {"using":"xpath","value":"//button[@data-kt=\"provideButton\"]"}
RESULT: {"using":"xpath","value":"//button[@data-kt=\"provideButton\"]"}
COMMAND: POST /session/f2510c46535a82282fd70196afe2e571/elements - {"using":"xpath","value":"//button[@data-kt=\"provideButton\"]"}
RESULT: {"using":"xpath","value":"//button[@data-kt=\"provideButton\"]"}
COMMAND: POST /session/f2510c46535a82282fd70196afe2e571/elements - {"using":"xpath","value":"//button[@data-kt=\"provideButton\"]"}
RESULT: {"using":"xpath","value":"//button[@data-kt=\"provideButton\"]"}
COMMAND: POST /session/f2510c46535a82282fd70196afe2e571/elements - {"using":"xpath","value":"//button[@data-kt=\"provideButton\"]"}
RESULT: {"using":"xpath","value":"//button[@data-kt=\"provideButton\"]"}
COMMAND: POST /session/f2510c46535a82282fd70196afe2e571/elements - {"using":"xpath","value":"//button[@data-kt=\"provideButton\"]"}
RESULT: {"using":"xpath","value":"//button[@data-kt=\"provideButton\"]"}
COMMAND: POST /session/f2510c46535a82282fd70196afe2e571/elements - {"using":"xpath","value":"//button[@data-kt=\"provideButton\"]"}
RESULT: {"using":"xpath","value":"//button[@data-kt=\"provideButton\"]"}
COMMAND: POST /session/f2510c46535a82282fd70196afe2e571/elements - {"using":"xpath","value":"//button[@data-kt=\"provideButton\"]"}
RESULT: {"using":"xpath","value":"//button[@data-kt=\"provideButton\"]"}
COMMAND: POST /session/f2510c46535a82282fd70196afe2e571/elements - {"using":"xpath","value":"//button[@data-kt=\"provideButton\"]"}
RESULT: {"using":"xpath","value":"//button[@data-kt=\"provideButton\"]"}
COMMAND: POST /session/f2510c46535a82282fd70196afe2e571/elements - {"using":"xpath","value":"//button[@data-kt=\"provideButton\"]"}
RESULT: {"using":"xpath","value":"//button[@data-kt=\"provideButton\"]"}
COMMAND: POST /session/f2510c46535a82282fd70196afe2e571/elements - {"using":"xpath","value":"//button[@data-kt=\"provideButton\"]"}
RESULT: {"using":"xpath","value":"//button[@data-kt=\"provideButton\"]"}
COMMAND: POST /session/f2510c46535a82282fd70196afe2e571/elements - {"using":"xpath","value":"//button[@data-kt=\"provideButton\"]"}
RESULT: {"using":"xpath","value":"//button[@data-kt=\"provideButton\"]"}
COMMAND: POST /session/f2510c46535a82282fd70196afe2e571/elements - {"using":"xpath","value":"//button[@data-kt=\"provideButton\"]"}
RESULT: {"using":"xpath","value":"//button[@data-kt=\"provideButton\"]"}
COMMAND: POST /session/f2510c46535a82282fd70196afe2e571/elements - {"using":"xpath","value":"//button[@data-kt=\"provideButton\"]"}
RESULT: {"using":"xpath","value":"//button[@data-kt=\"provideButton\"]"}
COMMAND: POST /session/f2510c46535a82282fd70196afe2e571/elements - {"using":"xpath","value":"//button[@data-kt=\"provideButton\"]"}
RESULT: {"using":"xpath","value":"//button[@data-kt=\"provideButton\"]"}
COMMAND: POST /session/f2510c46535a82282fd70196afe2e571/elements - {"using":"xpath","value":"//button[@data-kt=\"provideButton\"]"}
RESULT: {"using":"xpath","value":"//button[@data-kt=\"provideButton\"]"}
COMMAND: POST /session/f2510c46535a82282fd70196afe2e571/elements - {"using":"xpath","value":"//button[@data-kt=\"provideButton\"]"}
RESULT: {"using":"xpath","value":"//button[@data-kt=\"provideButton\"]"}
COMMAND: GET /session/f2510c46535a82282fd70196afe2e571/screenshot - {}
RESULT: {}
]]></system-out>
      <system-err><![CDATA[
Error: Can't call click on element with selector "//button[@data-kt="provideButton"]" because element wasn't found
    at async UtilsPrerequisites.provideToSiteHandoverFromContractDetails (D:\a\1\s\test\specs\BTS\prerequisites-and-utils-functions.js:1949:9)
    at async Context.<anonymous> (D:\a\1\s\test\specs\BTS\billing-confirm.spec.js:71:9)
]]></system-err>
    </testcase>
    <testcase classname="chrome.136_0_7103_93.windows.Billing_confirm_US117289" name="Should trigger calculation" time="80.134">
      <failure/>
      <error message="Can't call click on element with selector &quot;//td[@aria-colindex=&quot;1&quot;]/div/div[contains(@class, &quot;sapMCbBg&quot;)]&quot; because element wasn't found"/>
      <system-out><![CDATA[
COMMAND: GET /session/f2510c46535a82282fd70196afe2e571/screenshot - {}
COMMAND: POST /session/f2510c46535a82282fd70196afe2e571/execute/async - {"script":"<script> [1562 bytes]","args":[{"selector":{"controlType":"sap.m.GenericTile","properties":{"header":"Manage Billings"}},"wdio_ui5_key":"sapm.GenericTile{\"header\":\"Manage Billings\"}"}]}
RESULT: {}
RESULT: {"script":"<script> [1562 bytes]","args":[{"selector":{"controlType":"sap.m.GenericTile","properties":{"header":"Manage Billings"}},"wdio_ui5_key":"sapm.GenericTile{\"header\":\"Manage Billings\"}"}]}
RESULT: undefined
COMMAND: POST /session/f2510c46535a82282fd70196afe2e571/elements - {"using":"xpath","value":"//span[text()='Error']"}
RESULT: {"using":"xpath","value":"//span[text()='Error']"}
COMMAND: POST /session/f2510c46535a82282fd70196afe2e571/execute/async - {"script":"<script> [1562 bytes]","args":[{"selector":{"id":"application-managebillings-display-component---billRunCalcResult--smartFilterBar-btnBasicSearch","interaction":{"idSuffix":"I"}},"wdio_ui5_key":"applicationmanagebillings-display-component---billRunCalcResult--smartFilterBar-btnBasicSearch"}]}
RESULT: {"script":"<script> [1562 bytes]","args":[{"selector":{"id":"application-managebillings-display-component---billRunCalcResult--smartFilterBar-btnBasicSearch","interaction":{"idSuffix":"I"}},"wdio_ui5_key":"applicationmanagebillings-display-component---billRunCalcResult--smartFilterBar-btnBasicSearch"}]}
RESULT: undefined
COMMAND: POST /session/f2510c46535a82282fd70196afe2e571/actions - {"actions":[{"id":"action18","type":"key","parameters":{},"actions":[{"type":"keyDown","value":""},{"type":"pause","duration":10},{"type":"keyUp","value":""}]}]}
RESULT: {"actions":[{"id":"action18","type":"key","parameters":{},"actions":[{"type":"keyDown","value":""},{"type":"pause","duration":10},{"type":"keyUp","value":""}]}]}
COMMAND: GET /session/f2510c46535a82282fd70196afe2e571/screenshot - {}
RESULT: {}
COMMAND: POST /session/f2510c46535a82282fd70196afe2e571/element - {"using":"xpath","value":"//td[@aria-colindex=\"1\"]/div/div[contains(@class, \"sapMCbBg\")]"}
RESULT: {"using":"xpath","value":"//td[@aria-colindex=\"1\"]/div/div[contains(@class, \"sapMCbBg\")]"}
COMMAND: POST /session/f2510c46535a82282fd70196afe2e571/elements - {"using":"xpath","value":"//td[@aria-colindex=\"1\"]/div/div[contains(@class, \"sapMCbBg\")]"}
RESULT: {"using":"xpath","value":"//td[@aria-colindex=\"1\"]/div/div[contains(@class, \"sapMCbBg\")]"}
COMMAND: POST /session/f2510c46535a82282fd70196afe2e571/elements - {"using":"xpath","value":"//td[@aria-colindex=\"1\"]/div/div[contains(@class, \"sapMCbBg\")]"}
RESULT: {"using":"xpath","value":"//td[@aria-colindex=\"1\"]/div/div[contains(@class, \"sapMCbBg\")]"}
COMMAND: POST /session/f2510c46535a82282fd70196afe2e571/elements - {"using":"xpath","value":"//td[@aria-colindex=\"1\"]/div/div[contains(@class, \"sapMCbBg\")]"}
RESULT: {"using":"xpath","value":"//td[@aria-colindex=\"1\"]/div/div[contains(@class, \"sapMCbBg\")]"}
COMMAND: POST /session/f2510c46535a82282fd70196afe2e571/elements - {"using":"xpath","value":"//td[@aria-colindex=\"1\"]/div/div[contains(@class, \"sapMCbBg\")]"}
RESULT: {"using":"xpath","value":"//td[@aria-colindex=\"1\"]/div/div[contains(@class, \"sapMCbBg\")]"}
COMMAND: POST /session/f2510c46535a82282fd70196afe2e571/elements - {"using":"xpath","value":"//td[@aria-colindex=\"1\"]/div/div[contains(@class, \"sapMCbBg\")]"}
RESULT: {"using":"xpath","value":"//td[@aria-colindex=\"1\"]/div/div[contains(@class, \"sapMCbBg\")]"}
COMMAND: POST /session/f2510c46535a82282fd70196afe2e571/elements - {"using":"xpath","value":"//td[@aria-colindex=\"1\"]/div/div[contains(@class, \"sapMCbBg\")]"}
RESULT: {"using":"xpath","value":"//td[@aria-colindex=\"1\"]/div/div[contains(@class, \"sapMCbBg\")]"}
COMMAND: POST /session/f2510c46535a82282fd70196afe2e571/elements - {"using":"xpath","value":"//td[@aria-colindex=\"1\"]/div/div[contains(@class, \"sapMCbBg\")]"}
RESULT: {"using":"xpath","value":"//td[@aria-colindex=\"1\"]/div/div[contains(@class, \"sapMCbBg\")]"}
COMMAND: POST /session/f2510c46535a82282fd70196afe2e571/elements - {"using":"xpath","value":"//td[@aria-colindex=\"1\"]/div/div[contains(@class, \"sapMCbBg\")]"}
RESULT: {"using":"xpath","value":"//td[@aria-colindex=\"1\"]/div/div[contains(@class, \"sapMCbBg\")]"}
COMMAND: POST /session/f2510c46535a82282fd70196afe2e571/elements - {"using":"xpath","value":"//td[@aria-colindex=\"1\"]/div/div[contains(@class, \"sapMCbBg\")]"}
RESULT: {"using":"xpath","value":"//td[@aria-colindex=\"1\"]/div/div[contains(@class, \"sapMCbBg\")]"}
COMMAND: POST /session/f2510c46535a82282fd70196afe2e571/elements - {"using":"xpath","value":"//td[@aria-colindex=\"1\"]/div/div[contains(@class, \"sapMCbBg\")]"}
RESULT: {"using":"xpath","value":"//td[@aria-colindex=\"1\"]/div/div[contains(@class, \"sapMCbBg\")]"}
COMMAND: POST /session/f2510c46535a82282fd70196afe2e571/elements - {"using":"xpath","value":"//td[@aria-colindex=\"1\"]/div/div[contains(@class, \"sapMCbBg\")]"}
RESULT: {"using":"xpath","value":"//td[@aria-colindex=\"1\"]/div/div[contains(@class, \"sapMCbBg\")]"}
COMMAND: POST /session/f2510c46535a82282fd70196afe2e571/elements - {"using":"xpath","value":"//td[@aria-colindex=\"1\"]/div/div[contains(@class, \"sapMCbBg\")]"}
RESULT: {"using":"xpath","value":"//td[@aria-colindex=\"1\"]/div/div[contains(@class, \"sapMCbBg\")]"}
COMMAND: POST /session/f2510c46535a82282fd70196afe2e571/elements - {"using":"xpath","value":"//td[@aria-colindex=\"1\"]/div/div[contains(@class, \"sapMCbBg\")]"}
RESULT: {"using":"xpath","value":"//td[@aria-colindex=\"1\"]/div/div[contains(@class, \"sapMCbBg\")]"}
COMMAND: POST /session/f2510c46535a82282fd70196afe2e571/elements - {"using":"xpath","value":"//td[@aria-colindex=\"1\"]/div/div[contains(@class, \"sapMCbBg\")]"}
RESULT: {"using":"xpath","value":"//td[@aria-colindex=\"1\"]/div/div[contains(@class, \"sapMCbBg\")]"}
COMMAND: POST /session/f2510c46535a82282fd70196afe2e571/elements - {"using":"xpath","value":"//td[@aria-colindex=\"1\"]/div/div[contains(@class, \"sapMCbBg\")]"}
RESULT: {"using":"xpath","value":"//td[@aria-colindex=\"1\"]/div/div[contains(@class, \"sapMCbBg\")]"}
COMMAND: POST /session/f2510c46535a82282fd70196afe2e571/elements - {"using":"xpath","value":"//td[@aria-colindex=\"1\"]/div/div[contains(@class, \"sapMCbBg\")]"}
RESULT: {"using":"xpath","value":"//td[@aria-colindex=\"1\"]/div/div[contains(@class, \"sapMCbBg\")]"}
COMMAND: POST /session/f2510c46535a82282fd70196afe2e571/elements - {"using":"xpath","value":"//td[@aria-colindex=\"1\"]/div/div[contains(@class, \"sapMCbBg\")]"}
RESULT: {"using":"xpath","value":"//td[@aria-colindex=\"1\"]/div/div[contains(@class, \"sapMCbBg\")]"}
COMMAND: POST /session/f2510c46535a82282fd70196afe2e571/elements - {"using":"xpath","value":"//td[@aria-colindex=\"1\"]/div/div[contains(@class, \"sapMCbBg\")]"}
RESULT: {"using":"xpath","value":"//td[@aria-colindex=\"1\"]/div/div[contains(@class, \"sapMCbBg\")]"}
COMMAND: POST /session/f2510c46535a82282fd70196afe2e571/elements - {"using":"xpath","value":"//td[@aria-colindex=\"1\"]/div/div[contains(@class, \"sapMCbBg\")]"}
RESULT: {"using":"xpath","value":"//td[@aria-colindex=\"1\"]/div/div[contains(@class, \"sapMCbBg\")]"}
COMMAND: POST /session/f2510c46535a82282fd70196afe2e571/elements - {"using":"xpath","value":"//td[@aria-colindex=\"1\"]/div/div[contains(@class, \"sapMCbBg\")]"}
RESULT: {"using":"xpath","value":"//td[@aria-colindex=\"1\"]/div/div[contains(@class, \"sapMCbBg\")]"}
COMMAND: POST /session/f2510c46535a82282fd70196afe2e571/elements - {"using":"xpath","value":"//td[@aria-colindex=\"1\"]/div/div[contains(@class, \"sapMCbBg\")]"}
RESULT: {"using":"xpath","value":"//td[@aria-colindex=\"1\"]/div/div[contains(@class, \"sapMCbBg\")]"}
COMMAND: POST /session/f2510c46535a82282fd70196afe2e571/elements - {"using":"xpath","value":"//td[@aria-colindex=\"1\"]/div/div[contains(@class, \"sapMCbBg\")]"}
RESULT: {"using":"xpath","value":"//td[@aria-colindex=\"1\"]/div/div[contains(@class, \"sapMCbBg\")]"}
COMMAND: POST /session/f2510c46535a82282fd70196afe2e571/elements - {"using":"xpath","value":"//td[@aria-colindex=\"1\"]/div/div[contains(@class, \"sapMCbBg\")]"}
RESULT: {"using":"xpath","value":"//td[@aria-colindex=\"1\"]/div/div[contains(@class, \"sapMCbBg\")]"}
COMMAND: POST /session/f2510c46535a82282fd70196afe2e571/elements - {"using":"xpath","value":"//td[@aria-colindex=\"1\"]/div/div[contains(@class, \"sapMCbBg\")]"}
RESULT: {"using":"xpath","value":"//td[@aria-colindex=\"1\"]/div/div[contains(@class, \"sapMCbBg\")]"}
COMMAND: POST /session/f2510c46535a82282fd70196afe2e571/elements - {"using":"xpath","value":"//td[@aria-colindex=\"1\"]/div/div[contains(@class, \"sapMCbBg\")]"}
RESULT: {"using":"xpath","value":"//td[@aria-colindex=\"1\"]/div/div[contains(@class, \"sapMCbBg\")]"}
COMMAND: POST /session/f2510c46535a82282fd70196afe2e571/elements - {"using":"xpath","value":"//td[@aria-colindex=\"1\"]/div/div[contains(@class, \"sapMCbBg\")]"}
RESULT: {"using":"xpath","value":"//td[@aria-colindex=\"1\"]/div/div[contains(@class, \"sapMCbBg\")]"}
COMMAND: POST /session/f2510c46535a82282fd70196afe2e571/elements - {"using":"xpath","value":"//td[@aria-colindex=\"1\"]/div/div[contains(@class, \"sapMCbBg\")]"}
RESULT: {"using":"xpath","value":"//td[@aria-colindex=\"1\"]/div/div[contains(@class, \"sapMCbBg\")]"}
COMMAND: POST /session/f2510c46535a82282fd70196afe2e571/elements - {"using":"xpath","value":"//td[@aria-colindex=\"1\"]/div/div[contains(@class, \"sapMCbBg\")]"}
RESULT: {"using":"xpath","value":"//td[@aria-colindex=\"1\"]/div/div[contains(@class, \"sapMCbBg\")]"}
COMMAND: POST /session/f2510c46535a82282fd70196afe2e571/elements - {"using":"xpath","value":"//td[@aria-colindex=\"1\"]/div/div[contains(@class, \"sapMCbBg\")]"}
RESULT: {"using":"xpath","value":"//td[@aria-colindex=\"1\"]/div/div[contains(@class, \"sapMCbBg\")]"}
COMMAND: POST /session/f2510c46535a82282fd70196afe2e571/elements - {"using":"xpath","value":"//td[@aria-colindex=\"1\"]/div/div[contains(@class, \"sapMCbBg\")]"}
RESULT: {"using":"xpath","value":"//td[@aria-colindex=\"1\"]/div/div[contains(@class, \"sapMCbBg\")]"}
COMMAND: POST /session/f2510c46535a82282fd70196afe2e571/elements - {"using":"xpath","value":"//td[@aria-colindex=\"1\"]/div/div[contains(@class, \"sapMCbBg\")]"}
RESULT: {"using":"xpath","value":"//td[@aria-colindex=\"1\"]/div/div[contains(@class, \"sapMCbBg\")]"}
COMMAND: POST /session/f2510c46535a82282fd70196afe2e571/elements - {"using":"xpath","value":"//td[@aria-colindex=\"1\"]/div/div[contains(@class, \"sapMCbBg\")]"}
RESULT: {"using":"xpath","value":"//td[@aria-colindex=\"1\"]/div/div[contains(@class, \"sapMCbBg\")]"}
COMMAND: POST /session/f2510c46535a82282fd70196afe2e571/elements - {"using":"xpath","value":"//td[@aria-colindex=\"1\"]/div/div[contains(@class, \"sapMCbBg\")]"}
RESULT: {"using":"xpath","value":"//td[@aria-colindex=\"1\"]/div/div[contains(@class, \"sapMCbBg\")]"}
COMMAND: POST /session/f2510c46535a82282fd70196afe2e571/elements - {"using":"xpath","value":"//td[@aria-colindex=\"1\"]/div/div[contains(@class, \"sapMCbBg\")]"}
RESULT: {"using":"xpath","value":"//td[@aria-colindex=\"1\"]/div/div[contains(@class, \"sapMCbBg\")]"}
COMMAND: POST /session/f2510c46535a82282fd70196afe2e571/elements - {"using":"xpath","value":"//td[@aria-colindex=\"1\"]/div/div[contains(@class, \"sapMCbBg\")]"}
RESULT: {"using":"xpath","value":"//td[@aria-colindex=\"1\"]/div/div[contains(@class, \"sapMCbBg\")]"}
COMMAND: POST /session/f2510c46535a82282fd70196afe2e571/elements - {"using":"xpath","value":"//td[@aria-colindex=\"1\"]/div/div[contains(@class, \"sapMCbBg\")]"}
RESULT: {"using":"xpath","value":"//td[@aria-colindex=\"1\"]/div/div[contains(@class, \"sapMCbBg\")]"}
COMMAND: POST /session/f2510c46535a82282fd70196afe2e571/elements - {"using":"xpath","value":"//td[@aria-colindex=\"1\"]/div/div[contains(@class, \"sapMCbBg\")]"}
RESULT: {"using":"xpath","value":"//td[@aria-colindex=\"1\"]/div/div[contains(@class, \"sapMCbBg\")]"}
COMMAND: POST /session/f2510c46535a82282fd70196afe2e571/elements - {"using":"xpath","value":"//td[@aria-colindex=\"1\"]/div/div[contains(@class, \"sapMCbBg\")]"}
RESULT: {"using":"xpath","value":"//td[@aria-colindex=\"1\"]/div/div[contains(@class, \"sapMCbBg\")]"}
COMMAND: POST /session/f2510c46535a82282fd70196afe2e571/elements - {"using":"xpath","value":"//td[@aria-colindex=\"1\"]/div/div[contains(@class, \"sapMCbBg\")]"}
RESULT: {"using":"xpath","value":"//td[@aria-colindex=\"1\"]/div/div[contains(@class, \"sapMCbBg\")]"}
COMMAND: POST /session/f2510c46535a82282fd70196afe2e571/elements - {"using":"xpath","value":"//td[@aria-colindex=\"1\"]/div/div[contains(@class, \"sapMCbBg\")]"}
RESULT: {"using":"xpath","value":"//td[@aria-colindex=\"1\"]/div/div[contains(@class, \"sapMCbBg\")]"}
COMMAND: POST /session/f2510c46535a82282fd70196afe2e571/elements - {"using":"xpath","value":"//td[@aria-colindex=\"1\"]/div/div[contains(@class, \"sapMCbBg\")]"}
RESULT: {"using":"xpath","value":"//td[@aria-colindex=\"1\"]/div/div[contains(@class, \"sapMCbBg\")]"}
COMMAND: POST /session/f2510c46535a82282fd70196afe2e571/elements - {"using":"xpath","value":"//td[@aria-colindex=\"1\"]/div/div[contains(@class, \"sapMCbBg\")]"}
RESULT: {"using":"xpath","value":"//td[@aria-colindex=\"1\"]/div/div[contains(@class, \"sapMCbBg\")]"}
COMMAND: POST /session/f2510c46535a82282fd70196afe2e571/elements - {"using":"xpath","value":"//td[@aria-colindex=\"1\"]/div/div[contains(@class, \"sapMCbBg\")]"}
RESULT: {"using":"xpath","value":"//td[@aria-colindex=\"1\"]/div/div[contains(@class, \"sapMCbBg\")]"}
COMMAND: POST /session/f2510c46535a82282fd70196afe2e571/elements - {"using":"xpath","value":"//td[@aria-colindex=\"1\"]/div/div[contains(@class, \"sapMCbBg\")]"}
RESULT: {"using":"xpath","value":"//td[@aria-colindex=\"1\"]/div/div[contains(@class, \"sapMCbBg\")]"}
COMMAND: POST /session/f2510c46535a82282fd70196afe2e571/elements - {"using":"xpath","value":"//td[@aria-colindex=\"1\"]/div/div[contains(@class, \"sapMCbBg\")]"}
RESULT: {"using":"xpath","value":"//td[@aria-colindex=\"1\"]/div/div[contains(@class, \"sapMCbBg\")]"}
COMMAND: POST /session/f2510c46535a82282fd70196afe2e571/elements - {"using":"xpath","value":"//td[@aria-colindex=\"1\"]/div/div[contains(@class, \"sapMCbBg\")]"}
RESULT: {"using":"xpath","value":"//td[@aria-colindex=\"1\"]/div/div[contains(@class, \"sapMCbBg\")]"}
COMMAND: POST /session/f2510c46535a82282fd70196afe2e571/elements - {"using":"xpath","value":"//td[@aria-colindex=\"1\"]/div/div[contains(@class, \"sapMCbBg\")]"}
RESULT: {"using":"xpath","value":"//td[@aria-colindex=\"1\"]/div/div[contains(@class, \"sapMCbBg\")]"}
COMMAND: POST /session/f2510c46535a82282fd70196afe2e571/elements - {"using":"xpath","value":"//td[@aria-colindex=\"1\"]/div/div[contains(@class, \"sapMCbBg\")]"}
RESULT: {"using":"xpath","value":"//td[@aria-colindex=\"1\"]/div/div[contains(@class, \"sapMCbBg\")]"}
COMMAND: POST /session/f2510c46535a82282fd70196afe2e571/elements - {"using":"xpath","value":"//td[@aria-colindex=\"1\"]/div/div[contains(@class, \"sapMCbBg\")]"}
RESULT: {"using":"xpath","value":"//td[@aria-colindex=\"1\"]/div/div[contains(@class, \"sapMCbBg\")]"}
COMMAND: POST /session/f2510c46535a82282fd70196afe2e571/elements - {"using":"xpath","value":"//td[@aria-colindex=\"1\"]/div/div[contains(@class, \"sapMCbBg\")]"}
RESULT: {"using":"xpath","value":"//td[@aria-colindex=\"1\"]/div/div[contains(@class, \"sapMCbBg\")]"}
COMMAND: POST /session/f2510c46535a82282fd70196afe2e571/elements - {"using":"xpath","value":"//td[@aria-colindex=\"1\"]/div/div[contains(@class, \"sapMCbBg\")]"}
RESULT: {"using":"xpath","value":"//td[@aria-colindex=\"1\"]/div/div[contains(@class, \"sapMCbBg\")]"}
COMMAND: POST /session/f2510c46535a82282fd70196afe2e571/elements - {"using":"xpath","value":"//td[@aria-colindex=\"1\"]/div/div[contains(@class, \"sapMCbBg\")]"}
RESULT: {"using":"xpath","value":"//td[@aria-colindex=\"1\"]/div/div[contains(@class, \"sapMCbBg\")]"}
COMMAND: POST /session/f2510c46535a82282fd70196afe2e571/elements - {"using":"xpath","value":"//td[@aria-colindex=\"1\"]/div/div[contains(@class, \"sapMCbBg\")]"}
RESULT: {"using":"xpath","value":"//td[@aria-colindex=\"1\"]/div/div[contains(@class, \"sapMCbBg\")]"}
COMMAND: POST /session/f2510c46535a82282fd70196afe2e571/elements - {"using":"xpath","value":"//td[@aria-colindex=\"1\"]/div/div[contains(@class, \"sapMCbBg\")]"}
RESULT: {"using":"xpath","value":"//td[@aria-colindex=\"1\"]/div/div[contains(@class, \"sapMCbBg\")]"}
COMMAND: POST /session/f2510c46535a82282fd70196afe2e571/elements - {"using":"xpath","value":"//td[@aria-colindex=\"1\"]/div/div[contains(@class, \"sapMCbBg\")]"}
RESULT: {"using":"xpath","value":"//td[@aria-colindex=\"1\"]/div/div[contains(@class, \"sapMCbBg\")]"}
COMMAND: POST /session/f2510c46535a82282fd70196afe2e571/elements - {"using":"xpath","value":"//td[@aria-colindex=\"1\"]/div/div[contains(@class, \"sapMCbBg\")]"}
RESULT: {"using":"xpath","value":"//td[@aria-colindex=\"1\"]/div/div[contains(@class, \"sapMCbBg\")]"}
COMMAND: POST /session/f2510c46535a82282fd70196afe2e571/elements - {"using":"xpath","value":"//td[@aria-colindex=\"1\"]/div/div[contains(@class, \"sapMCbBg\")]"}
RESULT: {"using":"xpath","value":"//td[@aria-colindex=\"1\"]/div/div[contains(@class, \"sapMCbBg\")]"}
COMMAND: POST /session/f2510c46535a82282fd70196afe2e571/elements - {"using":"xpath","value":"//td[@aria-colindex=\"1\"]/div/div[contains(@class, \"sapMCbBg\")]"}
RESULT: {"using":"xpath","value":"//td[@aria-colindex=\"1\"]/div/div[contains(@class, \"sapMCbBg\")]"}
COMMAND: POST /session/f2510c46535a82282fd70196afe2e571/elements - {"using":"xpath","value":"//td[@aria-colindex=\"1\"]/div/div[contains(@class, \"sapMCbBg\")]"}
RESULT: {"using":"xpath","value":"//td[@aria-colindex=\"1\"]/div/div[contains(@class, \"sapMCbBg\")]"}
COMMAND: POST /session/f2510c46535a82282fd70196afe2e571/elements - {"using":"xpath","value":"//td[@aria-colindex=\"1\"]/div/div[contains(@class, \"sapMCbBg\")]"}
RESULT: {"using":"xpath","value":"//td[@aria-colindex=\"1\"]/div/div[contains(@class, \"sapMCbBg\")]"}
COMMAND: POST /session/f2510c46535a82282fd70196afe2e571/elements - {"using":"xpath","value":"//td[@aria-colindex=\"1\"]/div/div[contains(@class, \"sapMCbBg\")]"}
RESULT: {"using":"xpath","value":"//td[@aria-colindex=\"1\"]/div/div[contains(@class, \"sapMCbBg\")]"}
COMMAND: POST /session/f2510c46535a82282fd70196afe2e571/elements - {"using":"xpath","value":"//td[@aria-colindex=\"1\"]/div/div[contains(@class, \"sapMCbBg\")]"}
RESULT: {"using":"xpath","value":"//td[@aria-colindex=\"1\"]/div/div[contains(@class, \"sapMCbBg\")]"}
COMMAND: POST /session/f2510c46535a82282fd70196afe2e571/elements - {"using":"xpath","value":"//td[@aria-colindex=\"1\"]/div/div[contains(@class, \"sapMCbBg\")]"}
RESULT: {"using":"xpath","value":"//td[@aria-colindex=\"1\"]/div/div[contains(@class, \"sapMCbBg\")]"}
COMMAND: POST /session/f2510c46535a82282fd70196afe2e571/elements - {"using":"xpath","value":"//td[@aria-colindex=\"1\"]/div/div[contains(@class, \"sapMCbBg\")]"}
RESULT: {"using":"xpath","value":"//td[@aria-colindex=\"1\"]/div/div[contains(@class, \"sapMCbBg\")]"}
COMMAND: POST /session/f2510c46535a82282fd70196afe2e571/elements - {"using":"xpath","value":"//td[@aria-colindex=\"1\"]/div/div[contains(@class, \"sapMCbBg\")]"}
RESULT: {"using":"xpath","value":"//td[@aria-colindex=\"1\"]/div/div[contains(@class, \"sapMCbBg\")]"}
COMMAND: POST /session/f2510c46535a82282fd70196afe2e571/elements - {"using":"xpath","value":"//td[@aria-colindex=\"1\"]/div/div[contains(@class, \"sapMCbBg\")]"}
RESULT: {"using":"xpath","value":"//td[@aria-colindex=\"1\"]/div/div[contains(@class, \"sapMCbBg\")]"}
COMMAND: POST /session/f2510c46535a82282fd70196afe2e571/elements - {"using":"xpath","value":"//td[@aria-colindex=\"1\"]/div/div[contains(@class, \"sapMCbBg\")]"}
RESULT: {"using":"xpath","value":"//td[@aria-colindex=\"1\"]/div/div[contains(@class, \"sapMCbBg\")]"}
COMMAND: POST /session/f2510c46535a82282fd70196afe2e571/elements - {"using":"xpath","value":"//td[@aria-colindex=\"1\"]/div/div[contains(@class, \"sapMCbBg\")]"}
RESULT: {"using":"xpath","value":"//td[@aria-colindex=\"1\"]/div/div[contains(@class, \"sapMCbBg\")]"}
COMMAND: POST /session/f2510c46535a82282fd70196afe2e571/elements - {"using":"xpath","value":"//td[@aria-colindex=\"1\"]/div/div[contains(@class, \"sapMCbBg\")]"}
RESULT: {"using":"xpath","value":"//td[@aria-colindex=\"1\"]/div/div[contains(@class, \"sapMCbBg\")]"}
COMMAND: POST /session/f2510c46535a82282fd70196afe2e571/elements - {"using":"xpath","value":"//td[@aria-colindex=\"1\"]/div/div[contains(@class, \"sapMCbBg\")]"}
RESULT: {"using":"xpath","value":"//td[@aria-colindex=\"1\"]/div/div[contains(@class, \"sapMCbBg\")]"}
COMMAND: POST /session/f2510c46535a82282fd70196afe2e571/elements - {"using":"xpath","value":"//td[@aria-colindex=\"1\"]/div/div[contains(@class, \"sapMCbBg\")]"}
RESULT: {"using":"xpath","value":"//td[@aria-colindex=\"1\"]/div/div[contains(@class, \"sapMCbBg\")]"}
COMMAND: POST /session/f2510c46535a82282fd70196afe2e571/elements - {"using":"xpath","value":"//td[@aria-colindex=\"1\"]/div/div[contains(@class, \"sapMCbBg\")]"}
RESULT: {"using":"xpath","value":"//td[@aria-colindex=\"1\"]/div/div[contains(@class, \"sapMCbBg\")]"}
COMMAND: POST /session/f2510c46535a82282fd70196afe2e571/elements - {"using":"xpath","value":"//td[@aria-colindex=\"1\"]/div/div[contains(@class, \"sapMCbBg\")]"}
RESULT: {"using":"xpath","value":"//td[@aria-colindex=\"1\"]/div/div[contains(@class, \"sapMCbBg\")]"}
COMMAND: POST /session/f2510c46535a82282fd70196afe2e571/elements - {"using":"xpath","value":"//td[@aria-colindex=\"1\"]/div/div[contains(@class, \"sapMCbBg\")]"}
RESULT: {"using":"xpath","value":"//td[@aria-colindex=\"1\"]/div/div[contains(@class, \"sapMCbBg\")]"}
COMMAND: POST /session/f2510c46535a82282fd70196afe2e571/elements - {"using":"xpath","value":"//td[@aria-colindex=\"1\"]/div/div[contains(@class, \"sapMCbBg\")]"}
RESULT: {"using":"xpath","value":"//td[@aria-colindex=\"1\"]/div/div[contains(@class, \"sapMCbBg\")]"}
COMMAND: POST /session/f2510c46535a82282fd70196afe2e571/elements - {"using":"xpath","value":"//td[@aria-colindex=\"1\"]/div/div[contains(@class, \"sapMCbBg\")]"}
RESULT: {"using":"xpath","value":"//td[@aria-colindex=\"1\"]/div/div[contains(@class, \"sapMCbBg\")]"}
COMMAND: POST /session/f2510c46535a82282fd70196afe2e571/elements - {"using":"xpath","value":"//td[@aria-colindex=\"1\"]/div/div[contains(@class, \"sapMCbBg\")]"}
RESULT: {"using":"xpath","value":"//td[@aria-colindex=\"1\"]/div/div[contains(@class, \"sapMCbBg\")]"}
COMMAND: POST /session/f2510c46535a82282fd70196afe2e571/elements - {"using":"xpath","value":"//td[@aria-colindex=\"1\"]/div/div[contains(@class, \"sapMCbBg\")]"}
RESULT: {"using":"xpath","value":"//td[@aria-colindex=\"1\"]/div/div[contains(@class, \"sapMCbBg\")]"}
COMMAND: POST /session/f2510c46535a82282fd70196afe2e571/elements - {"using":"xpath","value":"//td[@aria-colindex=\"1\"]/div/div[contains(@class, \"sapMCbBg\")]"}
RESULT: {"using":"xpath","value":"//td[@aria-colindex=\"1\"]/div/div[contains(@class, \"sapMCbBg\")]"}
COMMAND: POST /session/f2510c46535a82282fd70196afe2e571/elements - {"using":"xpath","value":"//td[@aria-colindex=\"1\"]/div/div[contains(@class, \"sapMCbBg\")]"}
RESULT: {"using":"xpath","value":"//td[@aria-colindex=\"1\"]/div/div[contains(@class, \"sapMCbBg\")]"}
COMMAND: POST /session/f2510c46535a82282fd70196afe2e571/elements - {"using":"xpath","value":"//td[@aria-colindex=\"1\"]/div/div[contains(@class, \"sapMCbBg\")]"}
RESULT: {"using":"xpath","value":"//td[@aria-colindex=\"1\"]/div/div[contains(@class, \"sapMCbBg\")]"}
COMMAND: POST /session/f2510c46535a82282fd70196afe2e571/elements - {"using":"xpath","value":"//td[@aria-colindex=\"1\"]/div/div[contains(@class, \"sapMCbBg\")]"}
RESULT: {"using":"xpath","value":"//td[@aria-colindex=\"1\"]/div/div[contains(@class, \"sapMCbBg\")]"}
COMMAND: POST /session/f2510c46535a82282fd70196afe2e571/elements - {"using":"xpath","value":"//td[@aria-colindex=\"1\"]/div/div[contains(@class, \"sapMCbBg\")]"}
RESULT: {"using":"xpath","value":"//td[@aria-colindex=\"1\"]/div/div[contains(@class, \"sapMCbBg\")]"}
COMMAND: POST /session/f2510c46535a82282fd70196afe2e571/elements - {"using":"xpath","value":"//td[@aria-colindex=\"1\"]/div/div[contains(@class, \"sapMCbBg\")]"}
RESULT: {"using":"xpath","value":"//td[@aria-colindex=\"1\"]/div/div[contains(@class, \"sapMCbBg\")]"}
COMMAND: POST /session/f2510c46535a82282fd70196afe2e571/elements - {"using":"xpath","value":"//td[@aria-colindex=\"1\"]/div/div[contains(@class, \"sapMCbBg\")]"}
RESULT: {"using":"xpath","value":"//td[@aria-colindex=\"1\"]/div/div[contains(@class, \"sapMCbBg\")]"}
COMMAND: POST /session/f2510c46535a82282fd70196afe2e571/elements - {"using":"xpath","value":"//td[@aria-colindex=\"1\"]/div/div[contains(@class, \"sapMCbBg\")]"}
RESULT: {"using":"xpath","value":"//td[@aria-colindex=\"1\"]/div/div[contains(@class, \"sapMCbBg\")]"}
COMMAND: POST /session/f2510c46535a82282fd70196afe2e571/elements - {"using":"xpath","value":"//td[@aria-colindex=\"1\"]/div/div[contains(@class, \"sapMCbBg\")]"}
RESULT: {"using":"xpath","value":"//td[@aria-colindex=\"1\"]/div/div[contains(@class, \"sapMCbBg\")]"}
COMMAND: POST /session/f2510c46535a82282fd70196afe2e571/elements - {"using":"xpath","value":"//td[@aria-colindex=\"1\"]/div/div[contains(@class, \"sapMCbBg\")]"}
RESULT: {"using":"xpath","value":"//td[@aria-colindex=\"1\"]/div/div[contains(@class, \"sapMCbBg\")]"}
COMMAND: POST /session/f2510c46535a82282fd70196afe2e571/elements - {"using":"xpath","value":"//td[@aria-colindex=\"1\"]/div/div[contains(@class, \"sapMCbBg\")]"}
RESULT: {"using":"xpath","value":"//td[@aria-colindex=\"1\"]/div/div[contains(@class, \"sapMCbBg\")]"}
COMMAND: POST /session/f2510c46535a82282fd70196afe2e571/elements - {"using":"xpath","value":"//td[@aria-colindex=\"1\"]/div/div[contains(@class, \"sapMCbBg\")]"}
RESULT: {"using":"xpath","value":"//td[@aria-colindex=\"1\"]/div/div[contains(@class, \"sapMCbBg\")]"}
COMMAND: POST /session/f2510c46535a82282fd70196afe2e571/elements - {"using":"xpath","value":"//td[@aria-colindex=\"1\"]/div/div[contains(@class, \"sapMCbBg\")]"}
RESULT: {"using":"xpath","value":"//td[@aria-colindex=\"1\"]/div/div[contains(@class, \"sapMCbBg\")]"}
COMMAND: POST /session/f2510c46535a82282fd70196afe2e571/elements - {"using":"xpath","value":"//td[@aria-colindex=\"1\"]/div/div[contains(@class, \"sapMCbBg\")]"}
RESULT: {"using":"xpath","value":"//td[@aria-colindex=\"1\"]/div/div[contains(@class, \"sapMCbBg\")]"}
COMMAND: POST /session/f2510c46535a82282fd70196afe2e571/elements - {"using":"xpath","value":"//td[@aria-colindex=\"1\"]/div/div[contains(@class, \"sapMCbBg\")]"}
RESULT: {"using":"xpath","value":"//td[@aria-colindex=\"1\"]/div/div[contains(@class, \"sapMCbBg\")]"}
COMMAND: POST /session/f2510c46535a82282fd70196afe2e571/elements - {"using":"xpath","value":"//td[@aria-colindex=\"1\"]/div/div[contains(@class, \"sapMCbBg\")]"}
RESULT: {"using":"xpath","value":"//td[@aria-colindex=\"1\"]/div/div[contains(@class, \"sapMCbBg\")]"}
COMMAND: POST /session/f2510c46535a82282fd70196afe2e571/elements - {"using":"xpath","value":"//td[@aria-colindex=\"1\"]/div/div[contains(@class, \"sapMCbBg\")]"}
RESULT: {"using":"xpath","value":"//td[@aria-colindex=\"1\"]/div/div[contains(@class, \"sapMCbBg\")]"}
COMMAND: POST /session/f2510c46535a82282fd70196afe2e571/elements - {"using":"xpath","value":"//td[@aria-colindex=\"1\"]/div/div[contains(@class, \"sapMCbBg\")]"}
RESULT: {"using":"xpath","value":"//td[@aria-colindex=\"1\"]/div/div[contains(@class, \"sapMCbBg\")]"}
COMMAND: POST /session/f2510c46535a82282fd70196afe2e571/elements - {"using":"xpath","value":"//td[@aria-colindex=\"1\"]/div/div[contains(@class, \"sapMCbBg\")]"}
RESULT: {"using":"xpath","value":"//td[@aria-colindex=\"1\"]/div/div[contains(@class, \"sapMCbBg\")]"}
COMMAND: POST /session/f2510c46535a82282fd70196afe2e571/elements - {"using":"xpath","value":"//td[@aria-colindex=\"1\"]/div/div[contains(@class, \"sapMCbBg\")]"}
RESULT: {"using":"xpath","value":"//td[@aria-colindex=\"1\"]/div/div[contains(@class, \"sapMCbBg\")]"}
COMMAND: POST /session/f2510c46535a82282fd70196afe2e571/elements - {"using":"xpath","value":"//td[@aria-colindex=\"1\"]/div/div[contains(@class, \"sapMCbBg\")]"}
RESULT: {"using":"xpath","value":"//td[@aria-colindex=\"1\"]/div/div[contains(@class, \"sapMCbBg\")]"}
COMMAND: POST /session/f2510c46535a82282fd70196afe2e571/elements - {"using":"xpath","value":"//td[@aria-colindex=\"1\"]/div/div[contains(@class, \"sapMCbBg\")]"}
RESULT: {"using":"xpath","value":"//td[@aria-colindex=\"1\"]/div/div[contains(@class, \"sapMCbBg\")]"}
COMMAND: POST /session/f2510c46535a82282fd70196afe2e571/elements - {"using":"xpath","value":"//td[@aria-colindex=\"1\"]/div/div[contains(@class, \"sapMCbBg\")]"}
RESULT: {"using":"xpath","value":"//td[@aria-colindex=\"1\"]/div/div[contains(@class, \"sapMCbBg\")]"}
COMMAND: POST /session/f2510c46535a82282fd70196afe2e571/elements - {"using":"xpath","value":"//td[@aria-colindex=\"1\"]/div/div[contains(@class, \"sapMCbBg\")]"}
RESULT: {"using":"xpath","value":"//td[@aria-colindex=\"1\"]/div/div[contains(@class, \"sapMCbBg\")]"}
COMMAND: POST /session/f2510c46535a82282fd70196afe2e571/elements - {"using":"xpath","value":"//td[@aria-colindex=\"1\"]/div/div[contains(@class, \"sapMCbBg\")]"}
RESULT: {"using":"xpath","value":"//td[@aria-colindex=\"1\"]/div/div[contains(@class, \"sapMCbBg\")]"}
COMMAND: POST /session/f2510c46535a82282fd70196afe2e571/elements - {"using":"xpath","value":"//td[@aria-colindex=\"1\"]/div/div[contains(@class, \"sapMCbBg\")]"}
RESULT: {"using":"xpath","value":"//td[@aria-colindex=\"1\"]/div/div[contains(@class, \"sapMCbBg\")]"}
COMMAND: POST /session/f2510c46535a82282fd70196afe2e571/elements - {"using":"xpath","value":"//td[@aria-colindex=\"1\"]/div/div[contains(@class, \"sapMCbBg\")]"}
RESULT: {"using":"xpath","value":"//td[@aria-colindex=\"1\"]/div/div[contains(@class, \"sapMCbBg\")]"}
COMMAND: POST /session/f2510c46535a82282fd70196afe2e571/elements - {"using":"xpath","value":"//td[@aria-colindex=\"1\"]/div/div[contains(@class, \"sapMCbBg\")]"}
RESULT: {"using":"xpath","value":"//td[@aria-colindex=\"1\"]/div/div[contains(@class, \"sapMCbBg\")]"}
COMMAND: POST /session/f2510c46535a82282fd70196afe2e571/elements - {"using":"xpath","value":"//td[@aria-colindex=\"1\"]/div/div[contains(@class, \"sapMCbBg\")]"}
RESULT: {"using":"xpath","value":"//td[@aria-colindex=\"1\"]/div/div[contains(@class, \"sapMCbBg\")]"}
COMMAND: POST /session/f2510c46535a82282fd70196afe2e571/elements - {"using":"xpath","value":"//td[@aria-colindex=\"1\"]/div/div[contains(@class, \"sapMCbBg\")]"}
RESULT: {"using":"xpath","value":"//td[@aria-colindex=\"1\"]/div/div[contains(@class, \"sapMCbBg\")]"}
COMMAND: POST /session/f2510c46535a82282fd70196afe2e571/elements - {"using":"xpath","value":"//td[@aria-colindex=\"1\"]/div/div[contains(@class, \"sapMCbBg\")]"}
RESULT: {"using":"xpath","value":"//td[@aria-colindex=\"1\"]/div/div[contains(@class, \"sapMCbBg\")]"}
COMMAND: POST /session/f2510c46535a82282fd70196afe2e571/elements - {"using":"xpath","value":"//td[@aria-colindex=\"1\"]/div/div[contains(@class, \"sapMCbBg\")]"}
RESULT: {"using":"xpath","value":"//td[@aria-colindex=\"1\"]/div/div[contains(@class, \"sapMCbBg\")]"}
COMMAND: POST /session/f2510c46535a82282fd70196afe2e571/elements - {"using":"xpath","value":"//td[@aria-colindex=\"1\"]/div/div[contains(@class, \"sapMCbBg\")]"}
RESULT: {"using":"xpath","value":"//td[@aria-colindex=\"1\"]/div/div[contains(@class, \"sapMCbBg\")]"}
COMMAND: POST /session/f2510c46535a82282fd70196afe2e571/elements - {"using":"xpath","value":"//td[@aria-colindex=\"1\"]/div/div[contains(@class, \"sapMCbBg\")]"}
RESULT: {"using":"xpath","value":"//td[@aria-colindex=\"1\"]/div/div[contains(@class, \"sapMCbBg\")]"}
COMMAND: POST /session/f2510c46535a82282fd70196afe2e571/elements - {"using":"xpath","value":"//td[@aria-colindex=\"1\"]/div/div[contains(@class, \"sapMCbBg\")]"}
RESULT: {"using":"xpath","value":"//td[@aria-colindex=\"1\"]/div/div[contains(@class, \"sapMCbBg\")]"}
COMMAND: POST /session/f2510c46535a82282fd70196afe2e571/elements - {"using":"xpath","value":"//td[@aria-colindex=\"1\"]/div/div[contains(@class, \"sapMCbBg\")]"}
RESULT: {"using":"xpath","value":"//td[@aria-colindex=\"1\"]/div/div[contains(@class, \"sapMCbBg\")]"}
COMMAND: POST /session/f2510c46535a82282fd70196afe2e571/elements - {"using":"xpath","value":"//td[@aria-colindex=\"1\"]/div/div[contains(@class, \"sapMCbBg\")]"}
RESULT: {"using":"xpath","value":"//td[@aria-colindex=\"1\"]/div/div[contains(@class, \"sapMCbBg\")]"}
COMMAND: POST /session/f2510c46535a82282fd70196afe2e571/elements - {"using":"xpath","value":"//td[@aria-colindex=\"1\"]/div/div[contains(@class, \"sapMCbBg\")]"}
RESULT: {"using":"xpath","value":"//td[@aria-colindex=\"1\"]/div/div[contains(@class, \"sapMCbBg\")]"}
COMMAND: POST /session/f2510c46535a82282fd70196afe2e571/elements - {"using":"xpath","value":"//td[@aria-colindex=\"1\"]/div/div[contains(@class, \"sapMCbBg\")]"}
RESULT: {"using":"xpath","value":"//td[@aria-colindex=\"1\"]/div/div[contains(@class, \"sapMCbBg\")]"}
COMMAND: POST /session/f2510c46535a82282fd70196afe2e571/elements - {"using":"xpath","value":"//td[@aria-colindex=\"1\"]/div/div[contains(@class, \"sapMCbBg\")]"}
RESULT: {"using":"xpath","value":"//td[@aria-colindex=\"1\"]/div/div[contains(@class, \"sapMCbBg\")]"}
COMMAND: POST /session/f2510c46535a82282fd70196afe2e571/elements - {"using":"xpath","value":"//td[@aria-colindex=\"1\"]/div/div[contains(@class, \"sapMCbBg\")]"}
RESULT: {"using":"xpath","value":"//td[@aria-colindex=\"1\"]/div/div[contains(@class, \"sapMCbBg\")]"}
COMMAND: POST /session/f2510c46535a82282fd70196afe2e571/elements - {"using":"xpath","value":"//td[@aria-colindex=\"1\"]/div/div[contains(@class, \"sapMCbBg\")]"}
RESULT: {"using":"xpath","value":"//td[@aria-colindex=\"1\"]/div/div[contains(@class, \"sapMCbBg\")]"}
COMMAND: GET /session/f2510c46535a82282fd70196afe2e571/screenshot - {}
RESULT: {}
COMMAND: GET /session/f2510c46535a82282fd70196afe2e571/screenshot - {}
COMMAND: POST /session/f2510c46535a82282fd70196afe2e571/element - {"using":"css selector","value":"#j_username"}
COMMAND: POST /session/f2510c46535a82282fd70196afe2e571/url - {"url":"https://qa-testing-00-live-etm-ui.cfapps.eu10-004.hana.ondemand.com/"}
COMMAND: GET /session/f2510c46535a82282fd70196afe2e571/screenshot - {}
RESULT: {}
RESULT: {"using":"css selector","value":"#j_username"}
COMMAND: POST /session/f2510c46535a82282fd70196afe2e571/element - {"using":"css selector","value":"#j_username"}
RESULT: {"url":"https://qa-testing-00-live-etm-ui.cfapps.eu10-004.hana.ondemand.com/"}
RESULT: undefined
COMMAND: GET /session/f2510c46535a82282fd70196afe2e571/screenshot - {}
RESULT: {}
RESULT: {"using":"css selector","value":"#j_username"}
COMMAND: POST /session/f2510c46535a82282fd70196afe2e571/element - {"using":"css selector","value":"#shell-header-logo"}
RESULT: {}
RESULT: {"using":"css selector","value":"#shell-header-logo"}
COMMAND: POST /session/f2510c46535a82282fd70196afe2e571/execute/sync - {"script":"<script> [8489 bytes]","args":[{"element-6066-11e4-a52e-4f735466cecf":"f.F7DC0DCC1AEA5B11728C456D26A3F950.d.CDE0221EBB655CE8260FD63CC1AC1DE7.e.4513","ELEMENT":"f.F7DC0DCC1AEA5B11728C456D26A3F950.d.CDE0221EBB655CE8260FD63CC1AC1DE7.e.4513"}]}
RESULT: {"script":"<script> [8489 bytes]","args":[{"element-6066-11e4-a52e-4f735466cecf":"f.F7DC0DCC1AEA5B11728C456D26A3F950.d.CDE0221EBB655CE8260FD63CC1AC1DE7.e.4513","ELEMENT":"f.F7DC0DCC1AEA5B11728C456D26A3F950.d.CDE0221EBB655CE8260FD63CC1AC1DE7.e.4513"}]}
COMMAND: POST /session/f2510c46535a82282fd70196afe2e571/element - {"using":"css selector","value":"#shell-header-logo"}
COMMAND: GET /session/f2510c46535a82282fd70196afe2e571/screenshot - {}
RESULT: {"using":"css selector","value":"#shell-header-logo"}
COMMAND: POST /session/f2510c46535a82282fd70196afe2e571/execute/sync - {"script":"<script> [8489 bytes]","args":[{"element-6066-11e4-a52e-4f735466cecf":"f.F7DC0DCC1AEA5B11728C456D26A3F950.d.CDE0221EBB655CE8260FD63CC1AC1DE7.e.4513","ELEMENT":"f.F7DC0DCC1AEA5B11728C456D26A3F950.d.CDE0221EBB655CE8260FD63CC1AC1DE7.e.4513"}]}
RESULT: {}
RESULT: {"script":"<script> [8489 bytes]","args":[{"element-6066-11e4-a52e-4f735466cecf":"f.F7DC0DCC1AEA5B11728C456D26A3F950.d.CDE0221EBB655CE8260FD63CC1AC1DE7.e.4513","ELEMENT":"f.F7DC0DCC1AEA5B11728C456D26A3F950.d.CDE0221EBB655CE8260FD63CC1AC1DE7.e.4513"}]}
COMMAND: POST /session/f2510c46535a82282fd70196afe2e571/execute/sync - {"script":"<script> [5351 bytes]","args":[{"element-6066-11e4-a52e-4f735466cecf":"f.F7DC0DCC1AEA5B11728C456D26A3F950.d.CDE0221EBB655CE8260FD63CC1AC1DE7.e.4513","ELEMENT":"f.F7DC0DCC1AEA5B11728C456D26A3F950.d.CDE0221EBB655CE8260FD63CC1AC1DE7.e.4513"}]}
COMMAND: GET /session/f2510c46535a82282fd70196afe2e571/screenshot - {}
RESULT: {"script":"<script> [5351 bytes]","args":[{"element-6066-11e4-a52e-4f735466cecf":"f.F7DC0DCC1AEA5B11728C456D26A3F950.d.CDE0221EBB655CE8260FD63CC1AC1DE7.e.4513","ELEMENT":"f.F7DC0DCC1AEA5B11728C456D26A3F950.d.CDE0221EBB655CE8260FD63CC1AC1DE7.e.4513"}]}
COMMAND: POST /session/f2510c46535a82282fd70196afe2e571/element - {"using":"css selector","value":"#shell-header-logo"}
COMMAND: GET /session/f2510c46535a82282fd70196afe2e571/screenshot - {}
RESULT: {}
RESULT: {"using":"css selector","value":"#shell-header-logo"}
COMMAND: POST /session/f2510c46535a82282fd70196afe2e571/element/f.F7DC0DCC1AEA5B11728C456D26A3F950.d.CDE0221EBB655CE8260FD63CC1AC1DE7.e.4513/click - {}
RESULT: {}
RESULT: {}
COMMAND: GET /session/f2510c46535a82282fd70196afe2e571/screenshot - {}
RESULT: {}
COMMAND: POST /session/f2510c46535a82282fd70196afe2e571/execute/async - {"script":"<script> [189 bytes]","args":[]}
RESULT: {"script":"<script> [189 bytes]","args":[]}
COMMAND: POST /session/f2510c46535a82282fd70196afe2e571/execute/async - {"script":"<script> [123 bytes]","args":[]}
RESULT: {"script":"<script> [123 bytes]","args":[]}
COMMAND: POST /session/f2510c46535a82282fd70196afe2e571/timeouts - {"script":"<number>"}
RESULT: {"script":"<number>"}
COMMAND: GET /session/f2510c46535a82282fd70196afe2e571/timeouts - {}
RESULT: {}
RESULT: undefined
COMMAND: POST /session/f2510c46535a82282fd70196afe2e571/execute/async - {"script":"<script> [2676 bytes]","args":[]}
RESULT: {"script":"<script> [2676 bytes]","args":[]}
COMMAND: POST /session/f2510c46535a82282fd70196afe2e571/execute/async - {"script":"<script> [2342 bytes]","args":[{"protocol":"http","hostname":"0.0.0.0","path":"/","capabilities":{"browserName":"chrome","goog:chromeOptions":{"binary":"C:\\Program Files\\Google\\Chrome\\Application\\chrome.exe","args":["--start-maximized"]}},"logLevel":"warn","connectionRetryTimeout":120000,"connectionRetryCount":3,"logLevels":{},"enableDirectConnect":true,"strictSSL":true,"_":"65 more keys: [\"cacheDir\",\"port\",\"requestedCapabilities\",\"automationProtocol\",\"baseUrl\",\"waitforInterval\",\"waitforTimeout\",\"onReload\",\"beforeCommand\",\"afterCommand\",\"rootDir\",\"specs\",\"suites\",\"exclude\",\"groupLogsByTestSpec\",\"excludeDriverLogs\",\"bail\",\"framework\",\"reporters\",\"services\",\"maxInstances\",\"maxInstancesPerCapability\",\"injectGlobals\",\"filesToWatch\",\"execArgv\",\"runnerEnv\",\"runner\",\"shard\",\"specFileRetries\",\"specFileRetriesDelay\",\"specFileRetriesDeferred\",\"reporterSyncInterval\",\"reporterSyncTimeout\",\"cucumberFeaturesWithLineNumbers\",\"autoCompileOpts\",\"mochaOpts\",\"jasmineOpts\",\"cucumberOpts\",\"onPrepare\",\"onWorkerStart\",\"onWorkerEnd\",\"before\",\"beforeSession\",\"beforeSuite\",\"beforeHook\",\"beforeTest\",\"afterTest\",\"afterHook\",\"afterSuite\",\"afterSession\",\"after\",\"onComplete\",\"beforeAssertion\",\"afterAssertion\",\"beforeFeature\",\"beforeScenario\",\"beforeStep\",\"afterStep\",\"afterScenario\",\"afterFeature\",\"_\",\"suite\",\"$0\",\"ignoredWorkerServices\",\"wdi5\"]"}]}
RESULT: {"script":"<script> [2342 bytes]","args":[{"protocol":"http","hostname":"0.0.0.0","path":"/","capabilities":{"browserName":"chrome","goog:chromeOptions":{"binary":"C:\\Program Files\\Google\\Chrome\\Application\\chrome.exe","args":["--start-maximized"]}},"logLevel":"warn","connectionRetryTimeout":120000,"connectionRetryCount":3,"logLevels":{},"enableDirectConnect":true,"strictSSL":true,"_":"65 more keys: [\"cacheDir\",\"port\",\"requestedCapabilities\",\"automationProtocol\",\"baseUrl\",\"waitforInterval\",\"waitforTimeout\",\"onReload\",\"beforeCommand\",\"afterCommand\",\"rootDir\",\"specs\",\"suites\",\"exclude\",\"groupLogsByTestSpec\",\"excludeDriverLogs\",\"bail\",\"framework\",\"reporters\",\"services\",\"maxInstances\",\"maxInstancesPerCapability\",\"injectGlobals\",\"filesToWatch\",\"execArgv\",\"runnerEnv\",\"runner\",\"shard\",\"specFileRetries\",\"specFileRetriesDelay\",\"specFileRetriesDeferred\",\"reporterSyncInterval\",\"reporterSyncTimeout\",\"cucumberFeaturesWithLineNumbers\",\"autoCompileOpts\",\"mochaOpts\",\"jasmineOpts\",\"cucumberOpts\",\"onPrepare\",\"onWorkerStart\",\"onWorkerEnd\",\"before\",\"beforeSession\",\"beforeSuite\",\"beforeHook\",\"beforeTest\",\"afterTest\",\"afterHook\",\"afterSuite\",\"afterSession\",\"after\",\"onComplete\",\"beforeAssertion\",\"afterAssertion\",\"beforeFeature\",\"beforeScenario\",\"beforeStep\",\"afterStep\",\"afterScenario\",\"afterFeature\",\"_\",\"suite\",\"$0\",\"ignoredWorkerServices\",\"wdi5\"]"}]}
COMMAND: POST /session/f2510c46535a82282fd70196afe2e571/execute/async - {"script":"<script> [21126 bytes]","args":[35000]}
RESULT: undefined
RESULT: undefined
RESULT: {"script":"<script> [21126 bytes]","args":[35000]}
COMMAND: POST /session/f2510c46535a82282fd70196afe2e571/window/maximize - {}
RESULT: {}
COMMAND: POST /session/f2510c46535a82282fd70196afe2e571/execute/async - {"script":"<script> [1562 bytes]","args":[{"selector":{"id":"shell-header","interaction":{"idSuffix":"icon"}},"wdio_ui5_key":"shellheader"}]}
COMMAND: GET /session/f2510c46535a82282fd70196afe2e571/screenshot - {}
RESULT: {"script":"<script> [1562 bytes]","args":[{"selector":{"id":"shell-header","interaction":{"idSuffix":"icon"}},"wdio_ui5_key":"shellheader"}]}
RESULT: undefined
COMMAND: POST /session/f2510c46535a82282fd70196afe2e571/refresh - {}
RESULT: {}
RESULT: {}
COMMAND: GET /session/f2510c46535a82282fd70196afe2e571/screenshot - {}
RESULT: {}
COMMAND: POST /session/f2510c46535a82282fd70196afe2e571/refresh - {}
RESULT: {}
COMMAND: GET /session/f2510c46535a82282fd70196afe2e571/screenshot - {}
RESULT: {}
COMMAND: POST /session/f2510c46535a82282fd70196afe2e571/window/fullscreen - {}
RESULT: {}
COMMAND: POST /session/f2510c46535a82282fd70196afe2e571/execute/async - {"script":"<script> [189 bytes]","args":[]}
RESULT: {"script":"<script> [189 bytes]","args":[]}
COMMAND: POST /session/f2510c46535a82282fd70196afe2e571/execute/async - {"script":"<script> [123 bytes]","args":[]}
RESULT: {"script":"<script> [123 bytes]","args":[]}
COMMAND: POST /session/f2510c46535a82282fd70196afe2e571/timeouts - {"script":"<number>"}
RESULT: {"script":"<number>"}
COMMAND: GET /session/f2510c46535a82282fd70196afe2e571/timeouts - {}
RESULT: {}
RESULT: undefined
COMMAND: POST /session/f2510c46535a82282fd70196afe2e571/execute/async - {"script":"<script> [2676 bytes]","args":[]}
RESULT: {"script":"<script> [2676 bytes]","args":[]}
COMMAND: POST /session/f2510c46535a82282fd70196afe2e571/execute/async - {"script":"<script> [2342 bytes]","args":[{"protocol":"http","hostname":"0.0.0.0","path":"/","capabilities":{"browserName":"chrome","goog:chromeOptions":{"binary":"C:\\Program Files\\Google\\Chrome\\Application\\chrome.exe","args":["--start-maximized"]}},"logLevel":"warn","connectionRetryTimeout":120000,"connectionRetryCount":3,"logLevels":{},"enableDirectConnect":true,"strictSSL":true,"_":"65 more keys: [\"cacheDir\",\"port\",\"requestedCapabilities\",\"automationProtocol\",\"baseUrl\",\"waitforInterval\",\"waitforTimeout\",\"onReload\",\"beforeCommand\",\"afterCommand\",\"rootDir\",\"specs\",\"suites\",\"exclude\",\"groupLogsByTestSpec\",\"excludeDriverLogs\",\"bail\",\"framework\",\"reporters\",\"services\",\"maxInstances\",\"maxInstancesPerCapability\",\"injectGlobals\",\"filesToWatch\",\"execArgv\",\"runnerEnv\",\"runner\",\"shard\",\"specFileRetries\",\"specFileRetriesDelay\",\"specFileRetriesDeferred\",\"reporterSyncInterval\",\"reporterSyncTimeout\",\"cucumberFeaturesWithLineNumbers\",\"autoCompileOpts\",\"mochaOpts\",\"jasmineOpts\",\"cucumberOpts\",\"onPrepare\",\"onWorkerStart\",\"onWorkerEnd\",\"before\",\"beforeSession\",\"beforeSuite\",\"beforeHook\",\"beforeTest\",\"afterTest\",\"afterHook\",\"afterSuite\",\"afterSession\",\"after\",\"onComplete\",\"beforeAssertion\",\"afterAssertion\",\"beforeFeature\",\"beforeScenario\",\"beforeStep\",\"afterStep\",\"afterScenario\",\"afterFeature\",\"_\",\"suite\",\"$0\",\"ignoredWorkerServices\",\"wdi5\"]"}]}
RESULT: {"script":"<script> [2342 bytes]","args":[{"protocol":"http","hostname":"0.0.0.0","path":"/","capabilities":{"browserName":"chrome","goog:chromeOptions":{"binary":"C:\\Program Files\\Google\\Chrome\\Application\\chrome.exe","args":["--start-maximized"]}},"logLevel":"warn","connectionRetryTimeout":120000,"connectionRetryCount":3,"logLevels":{},"enableDirectConnect":true,"strictSSL":true,"_":"65 more keys: [\"cacheDir\",\"port\",\"requestedCapabilities\",\"automationProtocol\",\"baseUrl\",\"waitforInterval\",\"waitforTimeout\",\"onReload\",\"beforeCommand\",\"afterCommand\",\"rootDir\",\"specs\",\"suites\",\"exclude\",\"groupLogsByTestSpec\",\"excludeDriverLogs\",\"bail\",\"framework\",\"reporters\",\"services\",\"maxInstances\",\"maxInstancesPerCapability\",\"injectGlobals\",\"filesToWatch\",\"execArgv\",\"runnerEnv\",\"runner\",\"shard\",\"specFileRetries\",\"specFileRetriesDelay\",\"specFileRetriesDeferred\",\"reporterSyncInterval\",\"reporterSyncTimeout\",\"cucumberFeaturesWithLineNumbers\",\"autoCompileOpts\",\"mochaOpts\",\"jasmineOpts\",\"cucumberOpts\",\"onPrepare\",\"onWorkerStart\",\"onWorkerEnd\",\"before\",\"beforeSession\",\"beforeSuite\",\"beforeHook\",\"beforeTest\",\"afterTest\",\"afterHook\",\"afterSuite\",\"afterSession\",\"after\",\"onComplete\",\"beforeAssertion\",\"afterAssertion\",\"beforeFeature\",\"beforeScenario\",\"beforeStep\",\"afterStep\",\"afterScenario\",\"afterFeature\",\"_\",\"suite\",\"$0\",\"ignoredWorkerServices\",\"wdi5\"]"}]}
COMMAND: POST /session/f2510c46535a82282fd70196afe2e571/execute/async - {"script":"<script> [21126 bytes]","args":[35000]}
RESULT: {"script":"<script> [21126 bytes]","args":[35000]}
]]></system-out>
      <system-err><![CDATA[
Error: Can't call click on element with selector "//td[@aria-colindex="1"]/div/div[contains(@class, "sapMCbBg")]" because element wasn't found
    at async UtilsPrerequisites.manageBillingsTriggerCalculation (D:\a\1\s\test\specs\BTS\prerequisites-and-utils-functions.js:2750:9)
    at async Context.<anonymous> (D:\a\1\s\test\specs\BTS\billing-confirm.spec.js:75:9)
]]></system-err>
    </testcase>
  </testsuite>
  <testsuite timestamp="2025-05-31T17:23:24" time="1239.861" tests="14" failures="6" errors="6" skipped="0">
    <properties>
      <property name="specId" value="0"/>
      <property name="suiteName" value="Create master data for mixed billing &amp; do billing calculation US151661"/>
      <property name="capabilities" value="chrome.136_0_7103_93.windows"/>
      <property name="file" value="file:///D:/a/1/s/test/specs/BTS/billing-calculation-mixed.spec.js"/>
    </properties>
    <testcase classname="chrome.136_0_7103_93.windows.Create_master_data_for_mixed_billing_&amp;_do_billing_calculation_US151661" name="Should create a new yard" time="116.705">
      <system-out><![CDATA[
COMMAND: POST /session/f2510c46535a82282fd70196afe2e571/window/fullscreen - {}
RESULT: {}
COMMAND: POST /session/f2510c46535a82282fd70196afe2e571/execute/async - {"script":"<script> [1562 bytes]","args":[{"selector":{"controlType":"sap.m.GenericTile","properties":{"header":"Manage Yards"}},"wdio_ui5_key":"sapm.GenericTile{\"header\":\"Manage Yards\"}"}]}
RESULT: {"script":"<script> [1562 bytes]","args":[{"selector":{"controlType":"sap.m.GenericTile","properties":{"header":"Manage Yards"}},"wdio_ui5_key":"sapm.GenericTile{\"header\":\"Manage Yards\"}"}]}
RESULT: undefined
COMMAND: POST /session/f2510c46535a82282fd70196afe2e571/element - {"using":"xpath","value":"//*[@id=\"__tile41\"]"}
RESULT: {"using":"xpath","value":"//*[@id=\"__tile41\"]"}
COMMAND: POST /session/f2510c46535a82282fd70196afe2e571/element/f.F7DC0DCC1AEA5B11728C456D26A3F950.d.C6C2941E85EE934B9BA14FCBA6EBD4D8.e.4687/click - {}
RESULT: {}
COMMAND: GET /session/f2510c46535a82282fd70196afe2e571/screenshot - {}
RESULT: {}
COMMAND: POST /session/f2510c46535a82282fd70196afe2e571/elements - {"using":"xpath","value":"//span[text()='Error']"}
RESULT: {"using":"xpath","value":"//span[text()='Error']"}
COMMAND: POST /session/f2510c46535a82282fd70196afe2e571/element - {"using":"xpath","value":"//button[@data-kt=\"addNewYardOverflowToolbarButton\"]"}
RESULT: {"using":"xpath","value":"//button[@data-kt=\"addNewYardOverflowToolbarButton\"]"}
COMMAND: POST /session/f2510c46535a82282fd70196afe2e571/elements - {"using":"xpath","value":"//button[@data-kt=\"addNewYardOverflowToolbarButton\"]"}
RESULT: {"using":"xpath","value":"//button[@data-kt=\"addNewYardOverflowToolbarButton\"]"}
COMMAND: POST /session/f2510c46535a82282fd70196afe2e571/execute/sync - {"script":"<script> [8489 bytes]","args":[{"element-6066-11e4-a52e-4f735466cecf":"f.F7DC0DCC1AEA5B11728C456D26A3F950.d.C6C2941E85EE934B9BA14FCBA6EBD4D8.e.4814","ELEMENT":"f.F7DC0DCC1AEA5B11728C456D26A3F950.d.C6C2941E85EE934B9BA14FCBA6EBD4D8.e.4814"}]}
RESULT: {"script":"<script> [8489 bytes]","args":[{"element-6066-11e4-a52e-4f735466cecf":"f.F7DC0DCC1AEA5B11728C456D26A3F950.d.C6C2941E85EE934B9BA14FCBA6EBD4D8.e.4814","ELEMENT":"f.F7DC0DCC1AEA5B11728C456D26A3F950.d.C6C2941E85EE934B9BA14FCBA6EBD4D8.e.4814"}]}
COMMAND: GET /session/f2510c46535a82282fd70196afe2e571/element/f.F7DC0DCC1AEA5B11728C456D26A3F950.d.C6C2941E85EE934B9BA14FCBA6EBD4D8.e.4814/enabled - {}
COMMAND: GET /session/f2510c46535a82282fd70196afe2e571/screenshot - {}
RESULT: {}
COMMAND: POST /session/f2510c46535a82282fd70196afe2e571/execute/sync - {"script":"<script> [8489 bytes]","args":[{"element-6066-11e4-a52e-4f735466cecf":"f.F7DC0DCC1AEA5B11728C456D26A3F950.d.C6C2941E85EE934B9BA14FCBA6EBD4D8.e.4814","ELEMENT":"f.F7DC0DCC1AEA5B11728C456D26A3F950.d.C6C2941E85EE934B9BA14FCBA6EBD4D8.e.4814"}]}
COMMAND: GET /session/f2510c46535a82282fd70196afe2e571/screenshot - {}
RESULT: {}
RESULT: {"script":"<script> [8489 bytes]","args":[{"element-6066-11e4-a52e-4f735466cecf":"f.F7DC0DCC1AEA5B11728C456D26A3F950.d.C6C2941E85EE934B9BA14FCBA6EBD4D8.e.4814","ELEMENT":"f.F7DC0DCC1AEA5B11728C456D26A3F950.d.C6C2941E85EE934B9BA14FCBA6EBD4D8.e.4814"}]}
COMMAND: POST /session/f2510c46535a82282fd70196afe2e571/execute/sync - {"script":"<script> [5351 bytes]","args":[{"element-6066-11e4-a52e-4f735466cecf":"f.F7DC0DCC1AEA5B11728C456D26A3F950.d.C6C2941E85EE934B9BA14FCBA6EBD4D8.e.4814","ELEMENT":"f.F7DC0DCC1AEA5B11728C456D26A3F950.d.C6C2941E85EE934B9BA14FCBA6EBD4D8.e.4814"}]}
COMMAND: GET /session/f2510c46535a82282fd70196afe2e571/screenshot - {}
RESULT: {}
RESULT: {"script":"<script> [5351 bytes]","args":[{"element-6066-11e4-a52e-4f735466cecf":"f.F7DC0DCC1AEA5B11728C456D26A3F950.d.C6C2941E85EE934B9BA14FCBA6EBD4D8.e.4814","ELEMENT":"f.F7DC0DCC1AEA5B11728C456D26A3F950.d.C6C2941E85EE934B9BA14FCBA6EBD4D8.e.4814"}]}
COMMAND: POST /session/f2510c46535a82282fd70196afe2e571/element/f.F7DC0DCC1AEA5B11728C456D26A3F950.d.C6C2941E85EE934B9BA14FCBA6EBD4D8.e.4814/click - {}
COMMAND: GET /session/f2510c46535a82282fd70196afe2e571/screenshot - {}
RESULT: {}
RESULT: {}
COMMAND: GET /session/f2510c46535a82282fd70196afe2e571/screenshot - {}
RESULT: {}
COMMAND: POST /session/f2510c46535a82282fd70196afe2e571/element - {"using":"xpath","value":"//input[@id=\"application-manageyards-display-component---NewYard--yardId-inner\"]"}
RESULT: {}
RESULT: {"using":"xpath","value":"//input[@id=\"application-manageyards-display-component---NewYard--yardId-inner\"]"}
COMMAND: POST /session/f2510c46535a82282fd70196afe2e571/element - {"using":"xpath","value":"//input[@id=\"application-manageyards-display-component---NewYard--yardId-inner\"]"}
RESULT: {"using":"xpath","value":"//input[@id=\"application-manageyards-display-component---NewYard--yardId-inner\"]"}
COMMAND: POST /session/f2510c46535a82282fd70196afe2e571/execute/async - {"script":"<script> [1562 bytes]","args":[{"selector":{"id":"application-manageyards-display-component---NewYard--addressDetailDetailsName1","interaction":{"idSuffix":"inner"}},"wdio_ui5_key":"applicationmanageyards-display-component---NewYard--addressDetailDetailsName1"}]}
RESULT: {"script":"<script> [1562 bytes]","args":[{"selector":{"id":"application-manageyards-display-component---NewYard--addressDetailDetailsName1","interaction":{"idSuffix":"inner"}},"wdio_ui5_key":"applicationmanageyards-display-component---NewYard--addressDetailDetailsName1"}]}
RESULT: undefined
COMMAND: POST /session/f2510c46535a82282fd70196afe2e571/execute/async - {"script":"<script> [776 bytes]","args":[{"enterText":"Intercompany Yard wdIO","selector":{"id":"application-manageyards-display-component---NewYard--addressDetailDetailsName1","interaction":{"idSuffix":"inner"}},"clearTextFirst":true,"interactionType":"ENTER_TEXT"}]}
RESULT: {"script":"<script> [776 bytes]","args":[{"enterText":"Intercompany Yard wdIO","selector":{"id":"application-manageyards-display-component---NewYard--addressDetailDetailsName1","interaction":{"idSuffix":"inner"}},"clearTextFirst":true,"interactionType":"ENTER_TEXT"}]}
COMMAND: POST /session/f2510c46535a82282fd70196afe2e571/execute/async - {"script":"<script> [1562 bytes]","args":[{"selector":{"id":"application-manageyards-display-component---NewYard--addressDetailDetailsLanguage-arrow"},"wdio_ui5_key":"applicationmanageyards-display-component---NewYard--addressDetailDetailsLanguage-arrow"}]}
RESULT: {"script":"<script> [1562 bytes]","args":[{"selector":{"id":"application-manageyards-display-component---NewYard--addressDetailDetailsLanguage-arrow"},"wdio_ui5_key":"applicationmanageyards-display-component---NewYard--addressDetailDetailsLanguage-arrow"}]}
RESULT: undefined
COMMAND: POST /session/f2510c46535a82282fd70196afe2e571/element - {"using":"xpath","value":"//*[@id=\"application-manageyards-display-component---NewYard--addressDetailDetailsLanguage-arrow\"]"}
RESULT: {"using":"xpath","value":"//*[@id=\"application-manageyards-display-component---NewYard--addressDetailDetailsLanguage-arrow\"]"}
COMMAND: POST /session/f2510c46535a82282fd70196afe2e571/element/f.F7DC0DCC1AEA5B11728C456D26A3F950.d.C6C2941E85EE934B9BA14FCBA6EBD4D8.e.5246/click - {}
RESULT: {}
COMMAND: POST /session/f2510c46535a82282fd70196afe2e571/element - {"using":"xpath","value":"//span[contains(text(), \"English\")]"}
COMMAND: GET /session/f2510c46535a82282fd70196afe2e571/screenshot - {}
RESULT: {"using":"xpath","value":"//span[contains(text(), \"English\")]"}
COMMAND: POST /session/f2510c46535a82282fd70196afe2e571/element/f.F7DC0DCC1AEA5B11728C456D26A3F950.d.C6C2941E85EE934B9BA14FCBA6EBD4D8.e.5247/click - {}
RESULT: {}
RESULT: {}
COMMAND: POST /session/f2510c46535a82282fd70196afe2e571/execute/async - {"script":"<script> [1562 bytes]","args":[{"selector":{"id":"application-manageyards-display-component---NewYard--addressDetailDetailsCity1","interaction":{"idSuffix":"inner"}},"wdio_ui5_key":"applicationmanageyards-display-component---NewYard--addressDetailDetailsCity1"}]}
COMMAND: GET /session/f2510c46535a82282fd70196afe2e571/screenshot - {}
RESULT: {"script":"<script> [1562 bytes]","args":[{"selector":{"id":"application-manageyards-display-component---NewYard--addressDetailDetailsCity1","interaction":{"idSuffix":"inner"}},"wdio_ui5_key":"applicationmanageyards-display-component---NewYard--addressDetailDetailsCity1"}]}
RESULT: undefined
COMMAND: POST /session/f2510c46535a82282fd70196afe2e571/execute/async - {"script":"<script> [776 bytes]","args":[{"enterText":"Rosario","selector":{"id":"application-manageyards-display-component---NewYard--addressDetailDetailsCity1","interaction":{"idSuffix":"inner"}},"clearTextFirst":true,"interactionType":"ENTER_TEXT"}]}
RESULT: {}
RESULT: {"script":"<script> [776 bytes]","args":[{"enterText":"Rosario","selector":{"id":"application-manageyards-display-component---NewYard--addressDetailDetailsCity1","interaction":{"idSuffix":"inner"}},"clearTextFirst":true,"interactionType":"ENTER_TEXT"}]}
COMMAND: POST /session/f2510c46535a82282fd70196afe2e571/execute/async - {"script":"<script> [1562 bytes]","args":[{"selector":{"id":"application-manageyards-display-component---NewYard--addressDetailDetailsCountry-arrow"},"wdio_ui5_key":"applicationmanageyards-display-component---NewYard--addressDetailDetailsCountry-arrow"}]}
RESULT: {"script":"<script> [1562 bytes]","args":[{"selector":{"id":"application-manageyards-display-component---NewYard--addressDetailDetailsCountry-arrow"},"wdio_ui5_key":"applicationmanageyards-display-component---NewYard--addressDetailDetailsCountry-arrow"}]}
RESULT: undefined
COMMAND: POST /session/f2510c46535a82282fd70196afe2e571/element - {"using":"xpath","value":"//*[@id=\"application-manageyards-display-component---NewYard--addressDetailDetailsCountry-arrow\"]"}
RESULT: {"using":"xpath","value":"//*[@id=\"application-manageyards-display-component---NewYard--addressDetailDetailsCountry-arrow\"]"}
COMMAND: POST /session/f2510c46535a82282fd70196afe2e571/element/f.F7DC0DCC1AEA5B11728C456D26A3F950.d.C6C2941E85EE934B9BA14FCBA6EBD4D8.e.5249/click - {}
RESULT: {}
COMMAND: POST /session/f2510c46535a82282fd70196afe2e571/element - {"using":"xpath","value":"//span[contains(text(), \"Argentina\")]"}
COMMAND: GET /session/f2510c46535a82282fd70196afe2e571/screenshot - {}
RESULT: {"using":"xpath","value":"//span[contains(text(), \"Argentina\")]"}
COMMAND: POST /session/f2510c46535a82282fd70196afe2e571/element/f.F7DC0DCC1AEA5B11728C456D26A3F950.d.C6C2941E85EE934B9BA14FCBA6EBD4D8.e.5250/click - {}
RESULT: {}
RESULT: {}
COMMAND: POST /session/f2510c46535a82282fd70196afe2e571/execute/async - {"script":"<script> [1562 bytes]","args":[{"selector":{"id":"application-manageyards-display-component---NewYard--addressEditDetailsCostObjectCstType-arrow"},"wdio_ui5_key":"applicationmanageyards-display-component---NewYard--addressEditDetailsCostObjectCstType-arrow"}]}
COMMAND: GET /session/f2510c46535a82282fd70196afe2e571/screenshot - {}
RESULT: {"script":"<script> [1562 bytes]","args":[{"selector":{"id":"application-manageyards-display-component---NewYard--addressEditDetailsCostObjectCstType-arrow"},"wdio_ui5_key":"applicationmanageyards-display-component---NewYard--addressEditDetailsCostObjectCstType-arrow"}]}
RESULT: undefined
COMMAND: POST /session/f2510c46535a82282fd70196afe2e571/element - {"using":"xpath","value":"//*[@id=\"application-manageyards-display-component---NewYard--addressEditDetailsCostObjectCstType-arrow\"]"}
RESULT: {}
RESULT: {"using":"xpath","value":"//*[@id=\"application-manageyards-display-component---NewYard--addressEditDetailsCostObjectCstType-arrow\"]"}
COMMAND: POST /session/f2510c46535a82282fd70196afe2e571/element/f.F7DC0DCC1AEA5B11728C456D26A3F950.d.C6C2941E85EE934B9BA14FCBA6EBD4D8.e.5252/click - {}
RESULT: {}
COMMAND: POST /session/f2510c46535a82282fd70196afe2e571/element - {"using":"xpath","value":"//span[contains(text(), \"Cost Center\")]"}
COMMAND: GET /session/f2510c46535a82282fd70196afe2e571/screenshot - {}
RESULT: {"using":"xpath","value":"//span[contains(text(), \"Cost Center\")]"}
COMMAND: POST /session/f2510c46535a82282fd70196afe2e571/element/f.F7DC0DCC1AEA5B11728C456D26A3F950.d.C6C2941E85EE934B9BA14FCBA6EBD4D8.e.5253/click - {}
RESULT: {}
RESULT: {}
COMMAND: GET /session/f2510c46535a82282fd70196afe2e571/screenshot - {}
RESULT: {}
COMMAND: POST /session/f2510c46535a82282fd70196afe2e571/element - {"using":"xpath","value":"//span[@id=\"application-manageyards-display-component---NewYard--addressNewCostObjectCstID-vhi\"]"}
RESULT: {"using":"xpath","value":"//span[@id=\"application-manageyards-display-component---NewYard--addressNewCostObjectCstID-vhi\"]"}
COMMAND: POST /session/f2510c46535a82282fd70196afe2e571/execute/sync - {"script":"<script> [8489 bytes]","args":[{"element-6066-11e4-a52e-4f735466cecf":"f.F7DC0DCC1AEA5B11728C456D26A3F950.d.C6C2941E85EE934B9BA14FCBA6EBD4D8.e.5257","ELEMENT":"f.F7DC0DCC1AEA5B11728C456D26A3F950.d.C6C2941E85EE934B9BA14FCBA6EBD4D8.e.5257"}]}
RESULT: {"script":"<script> [8489 bytes]","args":[{"element-6066-11e4-a52e-4f735466cecf":"f.F7DC0DCC1AEA5B11728C456D26A3F950.d.C6C2941E85EE934B9BA14FCBA6EBD4D8.e.5257","ELEMENT":"f.F7DC0DCC1AEA5B11728C456D26A3F950.d.C6C2941E85EE934B9BA14FCBA6EBD4D8.e.5257"}]}
COMMAND: POST /session/f2510c46535a82282fd70196afe2e571/execute/async - {"script":"<script> [1562 bytes]","args":[{"selector":{"id":"application-manageyards-display-component---NewYard--addressNewCostObjectCstID-vhi"},"wdio_ui5_key":"applicationmanageyards-display-component---NewYard--addressNewCostObjectCstID-vhi"}]}
COMMAND: GET /session/f2510c46535a82282fd70196afe2e571/screenshot - {}
RESULT: {"script":"<script> [1562 bytes]","args":[{"selector":{"id":"application-manageyards-display-component---NewYard--addressNewCostObjectCstID-vhi"},"wdio_ui5_key":"applicationmanageyards-display-component---NewYard--addressNewCostObjectCstID-vhi"}]}
RESULT: undefined
COMMAND: POST /session/f2510c46535a82282fd70196afe2e571/element - {"using":"xpath","value":"//*[@id=\"application-manageyards-display-component---NewYard--addressNewCostObjectCstID-vhi\"]"}
RESULT: {}
RESULT: {"using":"xpath","value":"//*[@id=\"application-manageyards-display-component---NewYard--addressNewCostObjectCstID-vhi\"]"}
COMMAND: POST /session/f2510c46535a82282fd70196afe2e571/element/f.F7DC0DCC1AEA5B11728C456D26A3F950.d.C6C2941E85EE934B9BA14FCBA6EBD4D8.e.5257/click - {}
RESULT: {}
COMMAND: GET /session/f2510c46535a82282fd70196afe2e571/screenshot - {}
RESULT: {}
COMMAND: POST /session/f2510c46535a82282fd70196afe2e571/execute/async - {"script":"<script> [1562 bytes]","args":[{"selector":{"controlType":"sap.m.SearchField","properties":{"placeholder":"Search"},"searchOpenDialogs":true,"interaction":{"idSuffix":"I"}},"wdio_ui5_key":"sapm.SearchField{\"placeholder\":\"Search\"}"}]}
RESULT: {"script":"<script> [1562 bytes]","args":[{"selector":{"controlType":"sap.m.SearchField","properties":{"placeholder":"Search"},"searchOpenDialogs":true,"interaction":{"idSuffix":"I"}},"wdio_ui5_key":"sapm.SearchField{\"placeholder\":\"Search\"}"}]}
RESULT: undefined
COMMAND: POST /session/f2510c46535a82282fd70196afe2e571/execute/async - {"script":"<script> [776 bytes]","args":[{"enterText":"bauh_b","selector":{"controlType":"sap.m.SearchField","properties":{"placeholder":"Search"},"searchOpenDialogs":true,"interaction":{"idSuffix":"I"}},"clearTextFirst":true,"interactionType":"ENTER_TEXT"}]}
RESULT: {"script":"<script> [776 bytes]","args":[{"enterText":"bauh_b","selector":{"controlType":"sap.m.SearchField","properties":{"placeholder":"Search"},"searchOpenDialogs":true,"interaction":{"idSuffix":"I"}},"clearTextFirst":true,"interactionType":"ENTER_TEXT"}]}
COMMAND: POST /session/f2510c46535a82282fd70196afe2e571/actions - {"actions":[{"id":"action19","type":"key","parameters":{},"actions":[{"type":"keyDown","value":""},{"type":"pause","duration":10},{"type":"keyUp","value":""}]}]}
RESULT: {"actions":[{"id":"action19","type":"key","parameters":{},"actions":[{"type":"keyDown","value":""},{"type":"pause","duration":10},{"type":"keyUp","value":""}]}]}
COMMAND: GET /session/f2510c46535a82282fd70196afe2e571/screenshot - {}
RESULT: {}
COMMAND: POST /session/f2510c46535a82282fd70196afe2e571/element - {"using":"xpath","value":"//span[contains(text(), \"Demo Yard\")]"}
RESULT: {"using":"xpath","value":"//span[contains(text(), \"Demo Yard\")]"}
COMMAND: POST /session/f2510c46535a82282fd70196afe2e571/element/f.F7DC0DCC1AEA5B11728C456D26A3F950.d.C6C2941E85EE934B9BA14FCBA6EBD4D8.e.5298/click - {}
RESULT: {}
COMMAND: GET /session/f2510c46535a82282fd70196afe2e571/screenshot - {}
RESULT: {}
COMMAND: POST /session/f2510c46535a82282fd70196afe2e571/element - {"using":"xpath","value":"//bdi[contains(text(), \"OK\")]"}
RESULT: {"using":"xpath","value":"//bdi[contains(text(), \"OK\")]"}
COMMAND: POST /session/f2510c46535a82282fd70196afe2e571/element/f.F7DC0DCC1AEA5B11728C456D26A3F950.d.C6C2941E85EE934B9BA14FCBA6EBD4D8.e.5299/click - {}
RESULT: {}
COMMAND: GET /session/f2510c46535a82282fd70196afe2e571/screenshot - {}
RESULT: {}
COMMAND: POST /session/f2510c46535a82282fd70196afe2e571/execute/async - {"script":"<script> [1562 bytes]","args":[{"selector":{"id":"application-manageyards-display-component---NewYard--addressEditDetailsCurrency-arrow"},"wdio_ui5_key":"applicationmanageyards-display-component---NewYard--addressEditDetailsCurrency-arrow"}]}
RESULT: {"script":"<script> [1562 bytes]","args":[{"selector":{"id":"application-manageyards-display-component---NewYard--addressEditDetailsCurrency-arrow"},"wdio_ui5_key":"applicationmanageyards-display-component---NewYard--addressEditDetailsCurrency-arrow"}]}
RESULT: undefined
COMMAND: POST /session/f2510c46535a82282fd70196afe2e571/element - {"using":"xpath","value":"//*[@id=\"application-manageyards-display-component---NewYard--addressEditDetailsCurrency-arrow\"]"}
RESULT: {"using":"xpath","value":"//*[@id=\"application-manageyards-display-component---NewYard--addressEditDetailsCurrency-arrow\"]"}
COMMAND: POST /session/f2510c46535a82282fd70196afe2e571/element/f.F7DC0DCC1AEA5B11728C456D26A3F950.d.C6C2941E85EE934B9BA14FCBA6EBD4D8.e.5302/click - {}
RESULT: {}
COMMAND: POST /session/f2510c46535a82282fd70196afe2e571/element - {"using":"xpath","value":"//span[contains(text(), \"Euro\")]"}
COMMAND: GET /session/f2510c46535a82282fd70196afe2e571/screenshot - {}
RESULT: {"using":"xpath","value":"//span[contains(text(), \"Euro\")]"}
COMMAND: POST /session/f2510c46535a82282fd70196afe2e571/element/f.F7DC0DCC1AEA5B11728C456D26A3F950.d.C6C2941E85EE934B9BA14FCBA6EBD4D8.e.5303/click - {}
RESULT: {}
RESULT: {}
COMMAND: POST /session/f2510c46535a82282fd70196afe2e571/execute/async - {"script":"<script> [1562 bytes]","args":[{"selector":{"controlType":"sap.m.Input","viewName":"etm.portal.ui.manageyards.view.New","viewId":"application-manageyards-display-component---NewYard","bindingPath":{"path":"","propertyPath":"/CONTROLLING_AREA","modelName":"NewYardModel"},"interaction":{"idSuffix":"inner"}},"wdio_ui5_key":"etmportal.ui.manageyards.view.Newsap.m.Input{\"path\":\"\",\"propertyPath\":\"/CONTROLLING_AREA\",\"modelName\":\"NewYardModel\"}"}]}
COMMAND: GET /session/f2510c46535a82282fd70196afe2e571/screenshot - {}
RESULT: {"script":"<script> [1562 bytes]","args":[{"selector":{"controlType":"sap.m.Input","viewName":"etm.portal.ui.manageyards.view.New","viewId":"application-manageyards-display-component---NewYard","bindingPath":{"path":"","propertyPath":"/CONTROLLING_AREA","modelName":"NewYardModel"},"interaction":{"idSuffix":"inner"}},"wdio_ui5_key":"etmportal.ui.manageyards.view.Newsap.m.Input{\"path\":\"\",\"propertyPath\":\"/CONTROLLING_AREA\",\"modelName\":\"NewYardModel\"}"}]}
RESULT: undefined
COMMAND: POST /session/f2510c46535a82282fd70196afe2e571/execute/async - {"script":"<script> [776 bytes]","args":[{"enterText":"Z001","selector":{"controlType":"sap.m.Input","viewName":"etm.portal.ui.manageyards.view.New","viewId":"application-manageyards-display-component---NewYard","bindingPath":{"path":"","propertyPath":"/CONTROLLING_AREA","modelName":"NewYardModel"},"interaction":{"idSuffix":"inner"}},"clearTextFirst":true,"interactionType":"ENTER_TEXT"}]}
RESULT: {}
RESULT: {"script":"<script> [776 bytes]","args":[{"enterText":"Z001","selector":{"controlType":"sap.m.Input","viewName":"etm.portal.ui.manageyards.view.New","viewId":"application-manageyards-display-component---NewYard","bindingPath":{"path":"","propertyPath":"/CONTROLLING_AREA","modelName":"NewYardModel"},"interaction":{"idSuffix":"inner"}},"clearTextFirst":true,"interactionType":"ENTER_TEXT"}]}
COMMAND: POST /session/f2510c46535a82282fd70196afe2e571/execute/async - {"script":"<script> [1562 bytes]","args":[{"selector":{"id":"application-manageyards-display-component---NewYard--companyCodeComboBox","interaction":{"idSuffix":"inner"}},"wdio_ui5_key":"applicationmanageyards-display-component---NewYard--companyCodeComboBox"}]}
RESULT: {"script":"<script> [1562 bytes]","args":[{"selector":{"id":"application-manageyards-display-component---NewYard--companyCodeComboBox","interaction":{"idSuffix":"inner"}},"wdio_ui5_key":"applicationmanageyards-display-component---NewYard--companyCodeComboBox"}]}
RESULT: undefined
COMMAND: POST /session/f2510c46535a82282fd70196afe2e571/execute/async - {"script":"<script> [776 bytes]","args":[{"enterText":"1000","selector":{"id":"application-manageyards-display-component---NewYard--companyCodeComboBox","interaction":{"idSuffix":"inner"}},"clearTextFirst":true,"interactionType":"ENTER_TEXT"}]}
RESULT: {"script":"<script> [776 bytes]","args":[{"enterText":"1000","selector":{"id":"application-manageyards-display-component---NewYard--companyCodeComboBox","interaction":{"idSuffix":"inner"}},"clearTextFirst":true,"interactionType":"ENTER_TEXT"}]}
COMMAND: POST /session/f2510c46535a82282fd70196afe2e571/execute/async - {"script":"<script> [1562 bytes]","args":[{"selector":{"controlType":"sap.m.Input","viewName":"etm.portal.ui.manageyards.view.New","viewId":"application-manageyards-display-component---NewYard","bindingPath":{"path":"","propertyPath":"/PLANT","modelName":"NewYardModel"},"interaction":{"idSuffix":"inner"}},"wdio_ui5_key":"etmportal.ui.manageyards.view.Newsap.m.Input{\"path\":\"\",\"propertyPath\":\"/PLANT\",\"modelName\":\"NewYardModel\"}"}]}
RESULT: {"script":"<script> [1562 bytes]","args":[{"selector":{"controlType":"sap.m.Input","viewName":"etm.portal.ui.manageyards.view.New","viewId":"application-manageyards-display-component---NewYard","bindingPath":{"path":"","propertyPath":"/PLANT","modelName":"NewYardModel"},"interaction":{"idSuffix":"inner"}},"wdio_ui5_key":"etmportal.ui.manageyards.view.Newsap.m.Input{\"path\":\"\",\"propertyPath\":\"/PLANT\",\"modelName\":\"NewYardModel\"}"}]}
RESULT: undefined
COMMAND: POST /session/f2510c46535a82282fd70196afe2e571/execute/async - {"script":"<script> [776 bytes]","args":[{"enterText":"1001","selector":{"controlType":"sap.m.Input","viewName":"etm.portal.ui.manageyards.view.New","viewId":"application-manageyards-display-component---NewYard","bindingPath":{"path":"","propertyPath":"/PLANT","modelName":"NewYardModel"},"interaction":{"idSuffix":"inner"}},"clearTextFirst":true,"interactionType":"ENTER_TEXT"}]}
RESULT: {"script":"<script> [776 bytes]","args":[{"enterText":"1001","selector":{"controlType":"sap.m.Input","viewName":"etm.portal.ui.manageyards.view.New","viewId":"application-manageyards-display-component---NewYard","bindingPath":{"path":"","propertyPath":"/PLANT","modelName":"NewYardModel"},"interaction":{"idSuffix":"inner"}},"clearTextFirst":true,"interactionType":"ENTER_TEXT"}]}
COMMAND: POST /session/f2510c46535a82282fd70196afe2e571/execute/async - {"script":"<script> [1562 bytes]","args":[{"selector":{"controlType":"sap.m.Input","viewName":"etm.portal.ui.manageyards.view.New","viewId":"application-manageyards-display-component---NewYard","bindingPath":{"path":"","propertyPath":"/SALES_AREA_VKORG","modelName":"NewYardModel"},"interaction":{"idSuffix":"inner"}},"wdio_ui5_key":"etmportal.ui.manageyards.view.Newsap.m.Input{\"path\":\"\",\"propertyPath\":\"/SALES_AREA_VKORG\",\"modelName\":\"NewYardModel\"}"}]}
RESULT: {"script":"<script> [1562 bytes]","args":[{"selector":{"controlType":"sap.m.Input","viewName":"etm.portal.ui.manageyards.view.New","viewId":"application-manageyards-display-component---NewYard","bindingPath":{"path":"","propertyPath":"/SALES_AREA_VKORG","modelName":"NewYardModel"},"interaction":{"idSuffix":"inner"}},"wdio_ui5_key":"etmportal.ui.manageyards.view.Newsap.m.Input{\"path\":\"\",\"propertyPath\":\"/SALES_AREA_VKORG\",\"modelName\":\"NewYardModel\"}"}]}
RESULT: undefined
COMMAND: POST /session/f2510c46535a82282fd70196afe2e571/execute/async - {"script":"<script> [776 bytes]","args":[{"enterText":"C002","selector":{"controlType":"sap.m.Input","viewName":"etm.portal.ui.manageyards.view.New","viewId":"application-manageyards-display-component---NewYard","bindingPath":{"path":"","propertyPath":"/SALES_AREA_VKORG","modelName":"NewYardModel"},"interaction":{"idSuffix":"inner"}},"clearTextFirst":true,"interactionType":"ENTER_TEXT"}]}
RESULT: {"script":"<script> [776 bytes]","args":[{"enterText":"C002","selector":{"controlType":"sap.m.Input","viewName":"etm.portal.ui.manageyards.view.New","viewId":"application-manageyards-display-component---NewYard","bindingPath":{"path":"","propertyPath":"/SALES_AREA_VKORG","modelName":"NewYardModel"},"interaction":{"idSuffix":"inner"}},"clearTextFirst":true,"interactionType":"ENTER_TEXT"}]}
COMMAND: POST /session/f2510c46535a82282fd70196afe2e571/execute/async - {"script":"<script> [1562 bytes]","args":[{"selector":{"controlType":"sap.m.Input","viewName":"etm.portal.ui.manageyards.view.New","viewId":"application-manageyards-display-component---NewYard","bindingPath":{"path":"","propertyPath":"/SALES_AREA_VTWEG","modelName":"NewYardModel"},"interaction":{"idSuffix":"inner"}},"wdio_ui5_key":"etmportal.ui.manageyards.view.Newsap.m.Input{\"path\":\"\",\"propertyPath\":\"/SALES_AREA_VTWEG\",\"modelName\":\"NewYardModel\"}"}]}
RESULT: {"script":"<script> [1562 bytes]","args":[{"selector":{"controlType":"sap.m.Input","viewName":"etm.portal.ui.manageyards.view.New","viewId":"application-manageyards-display-component---NewYard","bindingPath":{"path":"","propertyPath":"/SALES_AREA_VTWEG","modelName":"NewYardModel"},"interaction":{"idSuffix":"inner"}},"wdio_ui5_key":"etmportal.ui.manageyards.view.Newsap.m.Input{\"path\":\"\",\"propertyPath\":\"/SALES_AREA_VTWEG\",\"modelName\":\"NewYardModel\"}"}]}
RESULT: undefined
COMMAND: POST /session/f2510c46535a82282fd70196afe2e571/execute/async - {"script":"<script> [776 bytes]","args":[{"enterText":"C2","selector":{"controlType":"sap.m.Input","viewName":"etm.portal.ui.manageyards.view.New","viewId":"application-manageyards-display-component---NewYard","bindingPath":{"path":"","propertyPath":"/SALES_AREA_VTWEG","modelName":"NewYardModel"},"interaction":{"idSuffix":"inner"}},"clearTextFirst":true,"interactionType":"ENTER_TEXT"}]}
RESULT: {"script":"<script> [776 bytes]","args":[{"enterText":"C2","selector":{"controlType":"sap.m.Input","viewName":"etm.portal.ui.manageyards.view.New","viewId":"application-manageyards-display-component---NewYard","bindingPath":{"path":"","propertyPath":"/SALES_AREA_VTWEG","modelName":"NewYardModel"},"interaction":{"idSuffix":"inner"}},"clearTextFirst":true,"interactionType":"ENTER_TEXT"}]}
COMMAND: POST /session/f2510c46535a82282fd70196afe2e571/execute/async - {"script":"<script> [1562 bytes]","args":[{"selector":{"controlType":"sap.m.Input","viewName":"etm.portal.ui.manageyards.view.New","viewId":"application-manageyards-display-component---NewYard","bindingPath":{"path":"","propertyPath":"/SALES_AREA_SPART","modelName":"NewYardModel"},"interaction":{"idSuffix":"inner"}},"wdio_ui5_key":"etmportal.ui.manageyards.view.Newsap.m.Input{\"path\":\"\",\"propertyPath\":\"/SALES_AREA_SPART\",\"modelName\":\"NewYardModel\"}"}]}
RESULT: {"script":"<script> [1562 bytes]","args":[{"selector":{"controlType":"sap.m.Input","viewName":"etm.portal.ui.manageyards.view.New","viewId":"application-manageyards-display-component---NewYard","bindingPath":{"path":"","propertyPath":"/SALES_AREA_SPART","modelName":"NewYardModel"},"interaction":{"idSuffix":"inner"}},"wdio_ui5_key":"etmportal.ui.manageyards.view.Newsap.m.Input{\"path\":\"\",\"propertyPath\":\"/SALES_AREA_SPART\",\"modelName\":\"NewYardModel\"}"}]}
RESULT: undefined
COMMAND: POST /session/f2510c46535a82282fd70196afe2e571/execute/async - {"script":"<script> [776 bytes]","args":[{"enterText":"C2","selector":{"controlType":"sap.m.Input","viewName":"etm.portal.ui.manageyards.view.New","viewId":"application-manageyards-display-component---NewYard","bindingPath":{"path":"","propertyPath":"/SALES_AREA_SPART","modelName":"NewYardModel"},"interaction":{"idSuffix":"inner"}},"clearTextFirst":true,"interactionType":"ENTER_TEXT"}]}
RESULT: {"script":"<script> [776 bytes]","args":[{"enterText":"C2","selector":{"controlType":"sap.m.Input","viewName":"etm.portal.ui.manageyards.view.New","viewId":"application-manageyards-display-component---NewYard","bindingPath":{"path":"","propertyPath":"/SALES_AREA_SPART","modelName":"NewYardModel"},"interaction":{"idSuffix":"inner"}},"clearTextFirst":true,"interactionType":"ENTER_TEXT"}]}
COMMAND: POST /session/f2510c46535a82282fd70196afe2e571/execute/async - {"script":"<script> [1562 bytes]","args":[{"selector":{"controlType":"sap.m.Input","viewName":"etm.portal.ui.manageyards.view.New","viewId":"application-manageyards-display-component---NewYard","bindingPath":{"path":"","propertyPath":"/SHIP_POINT","modelName":"NewYardModel"},"interaction":{"idSuffix":"inner"}},"wdio_ui5_key":"etmportal.ui.manageyards.view.Newsap.m.Input{\"path\":\"\",\"propertyPath\":\"/SHIP_POINT\",\"modelName\":\"NewYardModel\"}"}]}
RESULT: {"script":"<script> [1562 bytes]","args":[{"selector":{"controlType":"sap.m.Input","viewName":"etm.portal.ui.manageyards.view.New","viewId":"application-manageyards-display-component---NewYard","bindingPath":{"path":"","propertyPath":"/SHIP_POINT","modelName":"NewYardModel"},"interaction":{"idSuffix":"inner"}},"wdio_ui5_key":"etmportal.ui.manageyards.view.Newsap.m.Input{\"path\":\"\",\"propertyPath\":\"/SHIP_POINT\",\"modelName\":\"NewYardModel\"}"}]}
RESULT: undefined
COMMAND: POST /session/f2510c46535a82282fd70196afe2e571/execute/async - {"script":"<script> [776 bytes]","args":[{"enterText":"1710","selector":{"controlType":"sap.m.Input","viewName":"etm.portal.ui.manageyards.view.New","viewId":"application-manageyards-display-component---NewYard","bindingPath":{"path":"","propertyPath":"/SHIP_POINT","modelName":"NewYardModel"},"interaction":{"idSuffix":"inner"}},"clearTextFirst":true,"interactionType":"ENTER_TEXT"}]}
RESULT: {"script":"<script> [776 bytes]","args":[{"enterText":"1710","selector":{"controlType":"sap.m.Input","viewName":"etm.portal.ui.manageyards.view.New","viewId":"application-manageyards-display-component---NewYard","bindingPath":{"path":"","propertyPath":"/SHIP_POINT","modelName":"NewYardModel"},"interaction":{"idSuffix":"inner"}},"clearTextFirst":true,"interactionType":"ENTER_TEXT"}]}
COMMAND: POST /session/f2510c46535a82282fd70196afe2e571/execute/async - {"script":"<script> [1562 bytes]","args":[{"selector":{"controlType":"sap.m.Input","viewName":"etm.portal.ui.manageyards.view.New","viewId":"application-manageyards-display-component---NewYard","bindingPath":{"path":"","propertyPath":"/DELIVERY_TYPE","modelName":"NewYardModel"},"interaction":{"idSuffix":"inner"}},"wdio_ui5_key":"etmportal.ui.manageyards.view.Newsap.m.Input{\"path\":\"\",\"propertyPath\":\"/DELIVERY_TYPE\",\"modelName\":\"NewYardModel\"}"}]}
RESULT: {"script":"<script> [1562 bytes]","args":[{"selector":{"controlType":"sap.m.Input","viewName":"etm.portal.ui.manageyards.view.New","viewId":"application-manageyards-display-component---NewYard","bindingPath":{"path":"","propertyPath":"/DELIVERY_TYPE","modelName":"NewYardModel"},"interaction":{"idSuffix":"inner"}},"wdio_ui5_key":"etmportal.ui.manageyards.view.Newsap.m.Input{\"path\":\"\",\"propertyPath\":\"/DELIVERY_TYPE\",\"modelName\":\"NewYardModel\"}"}]}
RESULT: undefined
COMMAND: POST /session/f2510c46535a82282fd70196afe2e571/execute/async - {"script":"<script> [776 bytes]","args":[{"enterText":"ZL01","selector":{"controlType":"sap.m.Input","viewName":"etm.portal.ui.manageyards.view.New","viewId":"application-manageyards-display-component---NewYard","bindingPath":{"path":"","propertyPath":"/DELIVERY_TYPE","modelName":"NewYardModel"},"interaction":{"idSuffix":"inner"}},"clearTextFirst":true,"interactionType":"ENTER_TEXT"}]}
RESULT: {"script":"<script> [776 bytes]","args":[{"enterText":"ZL01","selector":{"controlType":"sap.m.Input","viewName":"etm.portal.ui.manageyards.view.New","viewId":"application-manageyards-display-component---NewYard","bindingPath":{"path":"","propertyPath":"/DELIVERY_TYPE","modelName":"NewYardModel"},"interaction":{"idSuffix":"inner"}},"clearTextFirst":true,"interactionType":"ENTER_TEXT"}]}
COMMAND: POST /session/f2510c46535a82282fd70196afe2e571/execute/async - {"script":"<script> [1562 bytes]","args":[{"selector":{"controlType":"sap.m.Input","viewName":"etm.portal.ui.manageyards.view.New","viewId":"application-manageyards-display-component---NewYard","bindingPath":{"path":"","propertyPath":"/AUART","modelName":"NewYardModel"},"interaction":{"idSuffix":"inner"}},"wdio_ui5_key":"etmportal.ui.manageyards.view.Newsap.m.Input{\"path\":\"\",\"propertyPath\":\"/AUART\",\"modelName\":\"NewYardModel\"}"}]}
RESULT: {"script":"<script> [1562 bytes]","args":[{"selector":{"controlType":"sap.m.Input","viewName":"etm.portal.ui.manageyards.view.New","viewId":"application-manageyards-display-component---NewYard","bindingPath":{"path":"","propertyPath":"/AUART","modelName":"NewYardModel"},"interaction":{"idSuffix":"inner"}},"wdio_ui5_key":"etmportal.ui.manageyards.view.Newsap.m.Input{\"path\":\"\",\"propertyPath\":\"/AUART\",\"modelName\":\"NewYardModel\"}"}]}
RESULT: undefined
COMMAND: POST /session/f2510c46535a82282fd70196afe2e571/execute/async - {"script":"<script> [776 bytes]","args":[{"enterText":"TA","selector":{"controlType":"sap.m.Input","viewName":"etm.portal.ui.manageyards.view.New","viewId":"application-manageyards-display-component---NewYard","bindingPath":{"path":"","propertyPath":"/AUART","modelName":"NewYardModel"},"interaction":{"idSuffix":"inner"}},"clearTextFirst":true,"interactionType":"ENTER_TEXT"}]}
RESULT: {"script":"<script> [776 bytes]","args":[{"enterText":"TA","selector":{"controlType":"sap.m.Input","viewName":"etm.portal.ui.manageyards.view.New","viewId":"application-manageyards-display-component---NewYard","bindingPath":{"path":"","propertyPath":"/AUART","modelName":"NewYardModel"},"interaction":{"idSuffix":"inner"}},"clearTextFirst":true,"interactionType":"ENTER_TEXT"}]}
COMMAND: POST /session/f2510c46535a82282fd70196afe2e571/element - {"using":"xpath","value":"//button[@data-kt=\"newYardSaveButton\"]"}
RESULT: {"using":"xpath","value":"//button[@data-kt=\"newYardSaveButton\"]"}
COMMAND: POST /session/f2510c46535a82282fd70196afe2e571/element/f.F7DC0DCC1AEA5B11728C456D26A3F950.d.C6C2941E85EE934B9BA14FCBA6EBD4D8.e.5213/click - {}
RESULT: {}
COMMAND: GET /session/f2510c46535a82282fd70196afe2e571/screenshot - {}
RESULT: {}
COMMAND: POST /session/f2510c46535a82282fd70196afe2e571/element - {"using":"xpath","value":"//header[contains(@id, 'ObjectPageLayout-headerTitle')]/div[1]/div[2]/div[1]/span[1]"}
RESULT: {"using":"xpath","value":"//header[contains(@id, 'ObjectPageLayout-headerTitle')]/div[1]/div[2]/div[1]/span[1]"}
COMMAND: POST /session/f2510c46535a82282fd70196afe2e571/elements - {"using":"xpath","value":"//header[contains(@id, 'ObjectPageLayout-headerTitle')]/div[1]/div[2]/div[1]/span[1]"}
RESULT: {"using":"xpath","value":"//header[contains(@id, 'ObjectPageLayout-headerTitle')]/div[1]/div[2]/div[1]/span[1]"}
COMMAND: POST /session/f2510c46535a82282fd70196afe2e571/execute/sync - {"script":"<script> [56 bytes]","args":[{"element-6066-11e4-a52e-4f735466cecf":"f.F7DC0DCC1AEA5B11728C456D26A3F950.d.C6C2941E85EE934B9BA14FCBA6EBD4D8.e.5521","ELEMENT":"f.F7DC0DCC1AEA5B11728C456D26A3F950.d.C6C2941E85EE934B9BA14FCBA6EBD4D8.e.5521"}]}
RESULT: {"script":"<script> [56 bytes]","args":[{"element-6066-11e4-a52e-4f735466cecf":"f.F7DC0DCC1AEA5B11728C456D26A3F950.d.C6C2941E85EE934B9BA14FCBA6EBD4D8.e.5521","ELEMENT":"f.F7DC0DCC1AEA5B11728C456D26A3F950.d.C6C2941E85EE934B9BA14FCBA6EBD4D8.e.5521"}]}
COMMAND: GET /session/f2510c46535a82282fd70196afe2e571/screenshot - {}
RESULT: {}
COMMAND: POST /session/f2510c46535a82282fd70196afe2e571/element - {"using":"css selector","value":"#shell-header-logo"}
RESULT: {"using":"css selector","value":"#shell-header-logo"}
COMMAND: POST /session/f2510c46535a82282fd70196afe2e571/element/f.F7DC0DCC1AEA5B11728C456D26A3F950.d.C6C2941E85EE934B9BA14FCBA6EBD4D8.e.4783/click - {}
RESULT: {}
COMMAND: GET /session/f2510c46535a82282fd70196afe2e571/screenshot - {}
RESULT: {}
COMMAND: POST /session/f2510c46535a82282fd70196afe2e571/execute/sync - {"script":"<script> [299 bytes]","args":[["getModel","getResource"]]}
RESULT: {"script":"<script> [299 bytes]","args":[["getModel","getResource"]]}
COMMAND: GET /session/f2510c46535a82282fd70196afe2e571/screenshot - {}
]]></system-out>
    </testcase>
    <testcase classname="chrome.136_0_7103_93.windows.Create_master_data_for_mixed_billing_&amp;_do_billing_calculation_US151661" name="Should create a new partner" time="130.419">
      <system-out><![CDATA[
COMMAND: POST /session/f2510c46535a82282fd70196afe2e571/window/fullscreen - {}
RESULT: {}
RESULT: {}
COMMAND: POST /session/f2510c46535a82282fd70196afe2e571/execute/async - {"script":"<script> [1562 bytes]","args":[{"selector":{"controlType":"sap.m.GenericTile","properties":{"header":"Manage Partners"}},"wdio_ui5_key":"sapm.GenericTile{\"header\":\"Manage Partners\"}"}]}
RESULT: {"script":"<script> [1562 bytes]","args":[{"selector":{"controlType":"sap.m.GenericTile","properties":{"header":"Manage Partners"}},"wdio_ui5_key":"sapm.GenericTile{\"header\":\"Manage Partners\"}"}]}
RESULT: undefined
COMMAND: POST /session/f2510c46535a82282fd70196afe2e571/element - {"using":"xpath","value":"//*[@id=\"__tile38\"]"}
RESULT: {"using":"xpath","value":"//*[@id=\"__tile38\"]"}
COMMAND: POST /session/f2510c46535a82282fd70196afe2e571/element/f.F7DC0DCC1AEA5B11728C456D26A3F950.d.C6C2941E85EE934B9BA14FCBA6EBD4D8.e.4678/click - {}
RESULT: {}
COMMAND: GET /session/f2510c46535a82282fd70196afe2e571/screenshot - {}
RESULT: {}
COMMAND: POST /session/f2510c46535a82282fd70196afe2e571/elements - {"using":"xpath","value":"//span[text()='Error']"}
RESULT: {"using":"xpath","value":"//span[text()='Error']"}
COMMAND: POST /session/f2510c46535a82282fd70196afe2e571/element - {"using":"xpath","value":"//button[@data-kt=\"addButton\"]"}
RESULT: {"using":"xpath","value":"//button[@data-kt=\"addButton\"]"}
COMMAND: POST /session/f2510c46535a82282fd70196afe2e571/elements - {"using":"xpath","value":"//button[@data-kt=\"addButton\"]"}
RESULT: {"using":"xpath","value":"//button[@data-kt=\"addButton\"]"}
COMMAND: POST /session/f2510c46535a82282fd70196afe2e571/execute/sync - {"script":"<script> [8489 bytes]","args":[{"element-6066-11e4-a52e-4f735466cecf":"f.F7DC0DCC1AEA5B11728C456D26A3F950.d.C6C2941E85EE934B9BA14FCBA6EBD4D8.e.5570","ELEMENT":"f.F7DC0DCC1AEA5B11728C456D26A3F950.d.C6C2941E85EE934B9BA14FCBA6EBD4D8.e.5570"}]}
RESULT: {"script":"<script> [8489 bytes]","args":[{"element-6066-11e4-a52e-4f735466cecf":"f.F7DC0DCC1AEA5B11728C456D26A3F950.d.C6C2941E85EE934B9BA14FCBA6EBD4D8.e.5570","ELEMENT":"f.F7DC0DCC1AEA5B11728C456D26A3F950.d.C6C2941E85EE934B9BA14FCBA6EBD4D8.e.5570"}]}
COMMAND: GET /session/f2510c46535a82282fd70196afe2e571/element/f.F7DC0DCC1AEA5B11728C456D26A3F950.d.C6C2941E85EE934B9BA14FCBA6EBD4D8.e.5570/enabled - {}
COMMAND: GET /session/f2510c46535a82282fd70196afe2e571/screenshot - {}
RESULT: {}
COMMAND: POST /session/f2510c46535a82282fd70196afe2e571/execute/sync - {"script":"<script> [8489 bytes]","args":[{"element-6066-11e4-a52e-4f735466cecf":"f.F7DC0DCC1AEA5B11728C456D26A3F950.d.C6C2941E85EE934B9BA14FCBA6EBD4D8.e.5570","ELEMENT":"f.F7DC0DCC1AEA5B11728C456D26A3F950.d.C6C2941E85EE934B9BA14FCBA6EBD4D8.e.5570"}]}
COMMAND: GET /session/f2510c46535a82282fd70196afe2e571/screenshot - {}
RESULT: {}
RESULT: {"script":"<script> [8489 bytes]","args":[{"element-6066-11e4-a52e-4f735466cecf":"f.F7DC0DCC1AEA5B11728C456D26A3F950.d.C6C2941E85EE934B9BA14FCBA6EBD4D8.e.5570","ELEMENT":"f.F7DC0DCC1AEA5B11728C456D26A3F950.d.C6C2941E85EE934B9BA14FCBA6EBD4D8.e.5570"}]}
COMMAND: POST /session/f2510c46535a82282fd70196afe2e571/execute/sync - {"script":"<script> [5351 bytes]","args":[{"element-6066-11e4-a52e-4f735466cecf":"f.F7DC0DCC1AEA5B11728C456D26A3F950.d.C6C2941E85EE934B9BA14FCBA6EBD4D8.e.5570","ELEMENT":"f.F7DC0DCC1AEA5B11728C456D26A3F950.d.C6C2941E85EE934B9BA14FCBA6EBD4D8.e.5570"}]}
COMMAND: GET /session/f2510c46535a82282fd70196afe2e571/screenshot - {}
RESULT: {}
RESULT: {"script":"<script> [5351 bytes]","args":[{"element-6066-11e4-a52e-4f735466cecf":"f.F7DC0DCC1AEA5B11728C456D26A3F950.d.C6C2941E85EE934B9BA14FCBA6EBD4D8.e.5570","ELEMENT":"f.F7DC0DCC1AEA5B11728C456D26A3F950.d.C6C2941E85EE934B9BA14FCBA6EBD4D8.e.5570"}]}
COMMAND: POST /session/f2510c46535a82282fd70196afe2e571/element/f.F7DC0DCC1AEA5B11728C456D26A3F950.d.C6C2941E85EE934B9BA14FCBA6EBD4D8.e.5570/click - {}
COMMAND: GET /session/f2510c46535a82282fd70196afe2e571/screenshot - {}
RESULT: {}
RESULT: {}
COMMAND: GET /session/f2510c46535a82282fd70196afe2e571/screenshot - {}
COMMAND: POST /session/f2510c46535a82282fd70196afe2e571/execute/async - {"script":"<script> [1562 bytes]","args":[{"selector":{"id":"application-managepartners-display-component---NewPartner--addressDetailDetailsName1","interaction":{"idSuffix":"inner"}},"wdio_ui5_key":"applicationmanagepartners-display-component---NewPartner--addressDetailDetailsName1"}]}
RESULT: {}
RESULT: {}
RESULT: {"script":"<script> [1562 bytes]","args":[{"selector":{"id":"application-managepartners-display-component---NewPartner--addressDetailDetailsName1","interaction":{"idSuffix":"inner"}},"wdio_ui5_key":"applicationmanagepartners-display-component---NewPartner--addressDetailDetailsName1"}]}
RESULT: undefined
COMMAND: POST /session/f2510c46535a82282fd70196afe2e571/execute/async - {"script":"<script> [776 bytes]","args":[{"enterText":"Intercompany Partner WDIO","selector":{"id":"application-managepartners-display-component---NewPartner--addressDetailDetailsName1","interaction":{"idSuffix":"inner"}},"clearTextFirst":true,"interactionType":"ENTER_TEXT"}]}
RESULT: {"script":"<script> [776 bytes]","args":[{"enterText":"Intercompany Partner WDIO","selector":{"id":"application-managepartners-display-component---NewPartner--addressDetailDetailsName1","interaction":{"idSuffix":"inner"}},"clearTextFirst":true,"interactionType":"ENTER_TEXT"}]}
COMMAND: POST /session/f2510c46535a82282fd70196afe2e571/execute/async - {"script":"<script> [1562 bytes]","args":[{"selector":{"id":"application-managepartners-display-component---NewPartner--addressDetailDetailsLanguage-arrow"},"wdio_ui5_key":"applicationmanagepartners-display-component---NewPartner--addressDetailDetailsLanguage-arrow"}]}
RESULT: {"script":"<script> [1562 bytes]","args":[{"selector":{"id":"application-managepartners-display-component---NewPartner--addressDetailDetailsLanguage-arrow"},"wdio_ui5_key":"applicationmanagepartners-display-component---NewPartner--addressDetailDetailsLanguage-arrow"}]}
RESULT: undefined
COMMAND: POST /session/f2510c46535a82282fd70196afe2e571/element - {"using":"xpath","value":"//*[@id=\"application-managepartners-display-component---NewPartner--addressDetailDetailsLanguage-arrow\"]"}
RESULT: {"using":"xpath","value":"//*[@id=\"application-managepartners-display-component---NewPartner--addressDetailDetailsLanguage-arrow\"]"}
COMMAND: POST /session/f2510c46535a82282fd70196afe2e571/element/f.F7DC0DCC1AEA5B11728C456D26A3F950.d.C6C2941E85EE934B9BA14FCBA6EBD4D8.e.6012/click - {}
RESULT: {}
COMMAND: POST /session/f2510c46535a82282fd70196afe2e571/element - {"using":"xpath","value":"//span[contains(text(), \"English\")]"}
COMMAND: GET /session/f2510c46535a82282fd70196afe2e571/screenshot - {}
RESULT: {"using":"xpath","value":"//span[contains(text(), \"English\")]"}
COMMAND: POST /session/f2510c46535a82282fd70196afe2e571/element/f.F7DC0DCC1AEA5B11728C456D26A3F950.d.C6C2941E85EE934B9BA14FCBA6EBD4D8.e.6013/click - {}
RESULT: {}
RESULT: {}
COMMAND: GET /session/f2510c46535a82282fd70196afe2e571/screenshot - {}
RESULT: {}
COMMAND: POST /session/f2510c46535a82282fd70196afe2e571/execute/async - {"script":"<script> [1562 bytes]","args":[{"selector":{"id":"application-managepartners-display-component---NewPartner--addressDetailDetailsCity1","interaction":{"idSuffix":"inner"}},"wdio_ui5_key":"applicationmanagepartners-display-component---NewPartner--addressDetailDetailsCity1"}]}
RESULT: {"script":"<script> [1562 bytes]","args":[{"selector":{"id":"application-managepartners-display-component---NewPartner--addressDetailDetailsCity1","interaction":{"idSuffix":"inner"}},"wdio_ui5_key":"applicationmanagepartners-display-component---NewPartner--addressDetailDetailsCity1"}]}
RESULT: undefined
COMMAND: POST /session/f2510c46535a82282fd70196afe2e571/execute/async - {"script":"<script> [776 bytes]","args":[{"enterText":"Rosario","selector":{"id":"application-managepartners-display-component---NewPartner--addressDetailDetailsCity1","interaction":{"idSuffix":"inner"}},"clearTextFirst":true,"interactionType":"ENTER_TEXT"}]}
RESULT: {"script":"<script> [776 bytes]","args":[{"enterText":"Rosario","selector":{"id":"application-managepartners-display-component---NewPartner--addressDetailDetailsCity1","interaction":{"idSuffix":"inner"}},"clearTextFirst":true,"interactionType":"ENTER_TEXT"}]}
COMMAND: POST /session/f2510c46535a82282fd70196afe2e571/execute/async - {"script":"<script> [1562 bytes]","args":[{"selector":{"id":"application-managepartners-display-component---NewPartner--addressDetailDetailsCountry-arrow"},"wdio_ui5_key":"applicationmanagepartners-display-component---NewPartner--addressDetailDetailsCountry-arrow"}]}
RESULT: {"script":"<script> [1562 bytes]","args":[{"selector":{"id":"application-managepartners-display-component---NewPartner--addressDetailDetailsCountry-arrow"},"wdio_ui5_key":"applicationmanagepartners-display-component---NewPartner--addressDetailDetailsCountry-arrow"}]}
RESULT: undefined
COMMAND: POST /session/f2510c46535a82282fd70196afe2e571/element - {"using":"xpath","value":"//*[@id=\"application-managepartners-display-component---NewPartner--addressDetailDetailsCountry-arrow\"]"}
RESULT: {"using":"xpath","value":"//*[@id=\"application-managepartners-display-component---NewPartner--addressDetailDetailsCountry-arrow\"]"}
COMMAND: POST /session/f2510c46535a82282fd70196afe2e571/element/f.F7DC0DCC1AEA5B11728C456D26A3F950.d.C6C2941E85EE934B9BA14FCBA6EBD4D8.e.5980/click - {}
RESULT: {}
COMMAND: POST /session/f2510c46535a82282fd70196afe2e571/element - {"using":"xpath","value":"//span[contains(text(), \"Argentina\")]"}
COMMAND: GET /session/f2510c46535a82282fd70196afe2e571/screenshot - {}
RESULT: {"using":"xpath","value":"//span[contains(text(), \"Argentina\")]"}
COMMAND: POST /session/f2510c46535a82282fd70196afe2e571/element/f.F7DC0DCC1AEA5B11728C456D26A3F950.d.C6C2941E85EE934B9BA14FCBA6EBD4D8.e.6015/click - {}
RESULT: {}
RESULT: {}
COMMAND: GET /session/f2510c46535a82282fd70196afe2e571/screenshot - {}
RESULT: {}
COMMAND: POST /session/f2510c46535a82282fd70196afe2e571/element - {"using":"xpath","value":"//bdi[contains(text(), \"Commercial\")]"}
RESULT: {"using":"xpath","value":"//bdi[contains(text(), \"Commercial\")]"}
COMMAND: POST /session/f2510c46535a82282fd70196afe2e571/element/f.F7DC0DCC1AEA5B11728C456D26A3F950.d.C6C2941E85EE934B9BA14FCBA6EBD4D8.e.6016/click - {}
RESULT: {}
COMMAND: GET /session/f2510c46535a82282fd70196afe2e571/screenshot - {}
RESULT: {}
COMMAND: POST /session/f2510c46535a82282fd70196afe2e571/execute/async - {"script":"<script> [1562 bytes]","args":[{"selector":{"id":"application-managepartners-display-component---NewPartner--partnerDetailInternal-arrow"},"wdio_ui5_key":"applicationmanagepartners-display-component---NewPartner--partnerDetailInternal-arrow"}]}
RESULT: {"script":"<script> [1562 bytes]","args":[{"selector":{"id":"application-managepartners-display-component---NewPartner--partnerDetailInternal-arrow"},"wdio_ui5_key":"applicationmanagepartners-display-component---NewPartner--partnerDetailInternal-arrow"}]}
RESULT: undefined
COMMAND: POST /session/f2510c46535a82282fd70196afe2e571/element - {"using":"xpath","value":"//*[@id=\"application-managepartners-display-component---NewPartner--partnerDetailInternal-arrow\"]"}
RESULT: {"using":"xpath","value":"//*[@id=\"application-managepartners-display-component---NewPartner--partnerDetailInternal-arrow\"]"}
COMMAND: POST /session/f2510c46535a82282fd70196afe2e571/element/f.F7DC0DCC1AEA5B11728C456D26A3F950.d.C6C2941E85EE934B9BA14FCBA6EBD4D8.e.6022/click - {}
RESULT: {}
COMMAND: POST /session/f2510c46535a82282fd70196afe2e571/element - {"using":"xpath","value":"//span[contains(text(), \"Affiliated company\")]"}
COMMAND: GET /session/f2510c46535a82282fd70196afe2e571/screenshot - {}
RESULT: {"using":"xpath","value":"//span[contains(text(), \"Affiliated company\")]"}
COMMAND: POST /session/f2510c46535a82282fd70196afe2e571/element/f.F7DC0DCC1AEA5B11728C456D26A3F950.d.C6C2941E85EE934B9BA14FCBA6EBD4D8.e.6024/click - {}
RESULT: {}
RESULT: {}
COMMAND: POST /session/f2510c46535a82282fd70196afe2e571/execute/async - {"script":"<script> [1562 bytes]","args":[{"selector":{"id":"application-managepartners-display-component---NewPartner--partnerDetailsCurrency-arrow"},"wdio_ui5_key":"applicationmanagepartners-display-component---NewPartner--partnerDetailsCurrency-arrow"}]}
COMMAND: GET /session/f2510c46535a82282fd70196afe2e571/screenshot - {}
RESULT: {"script":"<script> [1562 bytes]","args":[{"selector":{"id":"application-managepartners-display-component---NewPartner--partnerDetailsCurrency-arrow"},"wdio_ui5_key":"applicationmanagepartners-display-component---NewPartner--partnerDetailsCurrency-arrow"}]}
RESULT: undefined
COMMAND: POST /session/f2510c46535a82282fd70196afe2e571/element - {"using":"xpath","value":"//*[@id=\"application-managepartners-display-component---NewPartner--partnerDetailsCurrency-arrow\"]"}
RESULT: {}
RESULT: {"using":"xpath","value":"//*[@id=\"application-managepartners-display-component---NewPartner--partnerDetailsCurrency-arrow\"]"}
COMMAND: POST /session/f2510c46535a82282fd70196afe2e571/element/f.F7DC0DCC1AEA5B11728C456D26A3F950.d.C6C2941E85EE934B9BA14FCBA6EBD4D8.e.6031/click - {}
RESULT: {}
COMMAND: POST /session/f2510c46535a82282fd70196afe2e571/element - {"using":"xpath","value":"//span[contains(text(), \"Euro\")]"}
COMMAND: GET /session/f2510c46535a82282fd70196afe2e571/screenshot - {}
RESULT: {"using":"xpath","value":"//span[contains(text(), \"Euro\")]"}
COMMAND: POST /session/f2510c46535a82282fd70196afe2e571/element/f.F7DC0DCC1AEA5B11728C456D26A3F950.d.C6C2941E85EE934B9BA14FCBA6EBD4D8.e.6032/click - {}
RESULT: {}
RESULT: {}
COMMAND: POST /session/f2510c46535a82282fd70196afe2e571/execute/async - {"script":"<script> [1562 bytes]","args":[{"selector":{"id":"application-managepartners-display-component---NewPartner--addressEditDetailsCostObjectCstType-arrow"},"wdio_ui5_key":"applicationmanagepartners-display-component---NewPartner--addressEditDetailsCostObjectCstType-arrow"}]}
COMMAND: GET /session/f2510c46535a82282fd70196afe2e571/screenshot - {}
RESULT: {"script":"<script> [1562 bytes]","args":[{"selector":{"id":"application-managepartners-display-component---NewPartner--addressEditDetailsCostObjectCstType-arrow"},"wdio_ui5_key":"applicationmanagepartners-display-component---NewPartner--addressEditDetailsCostObjectCstType-arrow"}]}
RESULT: undefined
COMMAND: POST /session/f2510c46535a82282fd70196afe2e571/element - {"using":"xpath","value":"//*[@id=\"application-managepartners-display-component---NewPartner--addressEditDetailsCostObjectCstType-arrow\"]"}
RESULT: {}
RESULT: {"using":"xpath","value":"//*[@id=\"application-managepartners-display-component---NewPartner--addressEditDetailsCostObjectCstType-arrow\"]"}
COMMAND: POST /session/f2510c46535a82282fd70196afe2e571/element/f.F7DC0DCC1AEA5B11728C456D26A3F950.d.C6C2941E85EE934B9BA14FCBA6EBD4D8.e.6033/click - {}
RESULT: {}
COMMAND: POST /session/f2510c46535a82282fd70196afe2e571/element - {"using":"xpath","value":"//span[contains(text(), \"Cost Center\")]"}
COMMAND: GET /session/f2510c46535a82282fd70196afe2e571/screenshot - {}
RESULT: {"using":"xpath","value":"//span[contains(text(), \"Cost Center\")]"}
COMMAND: POST /session/f2510c46535a82282fd70196afe2e571/element/f.F7DC0DCC1AEA5B11728C456D26A3F950.d.C6C2941E85EE934B9BA14FCBA6EBD4D8.e.6034/click - {}
RESULT: {}
RESULT: {}
COMMAND: GET /session/f2510c46535a82282fd70196afe2e571/screenshot - {}
RESULT: {}
COMMAND: POST /session/f2510c46535a82282fd70196afe2e571/element - {"using":"xpath","value":"//span[@id=\"application-managepartners-display-component---NewPartner--addressNewCostObjectCstID-vhi\"]"}
RESULT: {"using":"xpath","value":"//span[@id=\"application-managepartners-display-component---NewPartner--addressNewCostObjectCstID-vhi\"]"}
COMMAND: POST /session/f2510c46535a82282fd70196afe2e571/execute/sync - {"script":"<script> [8489 bytes]","args":[{"element-6066-11e4-a52e-4f735466cecf":"f.F7DC0DCC1AEA5B11728C456D26A3F950.d.C6C2941E85EE934B9BA14FCBA6EBD4D8.e.6038","ELEMENT":"f.F7DC0DCC1AEA5B11728C456D26A3F950.d.C6C2941E85EE934B9BA14FCBA6EBD4D8.e.6038"}]}
RESULT: {"script":"<script> [8489 bytes]","args":[{"element-6066-11e4-a52e-4f735466cecf":"f.F7DC0DCC1AEA5B11728C456D26A3F950.d.C6C2941E85EE934B9BA14FCBA6EBD4D8.e.6038","ELEMENT":"f.F7DC0DCC1AEA5B11728C456D26A3F950.d.C6C2941E85EE934B9BA14FCBA6EBD4D8.e.6038"}]}
COMMAND: POST /session/f2510c46535a82282fd70196afe2e571/execute/async - {"script":"<script> [1562 bytes]","args":[{"selector":{"id":"application-managepartners-display-component---NewPartner--addressNewCostObjectCstID-vhi"},"wdio_ui5_key":"applicationmanagepartners-display-component---NewPartner--addressNewCostObjectCstID-vhi"}]}
COMMAND: GET /session/f2510c46535a82282fd70196afe2e571/screenshot - {}
RESULT: {"script":"<script> [1562 bytes]","args":[{"selector":{"id":"application-managepartners-display-component---NewPartner--addressNewCostObjectCstID-vhi"},"wdio_ui5_key":"applicationmanagepartners-display-component---NewPartner--addressNewCostObjectCstID-vhi"}]}
RESULT: undefined
COMMAND: POST /session/f2510c46535a82282fd70196afe2e571/element - {"using":"xpath","value":"//*[@id=\"application-managepartners-display-component---NewPartner--addressNewCostObjectCstID-vhi\"]"}
RESULT: {}
RESULT: {"using":"xpath","value":"//*[@id=\"application-managepartners-display-component---NewPartner--addressNewCostObjectCstID-vhi\"]"}
COMMAND: POST /session/f2510c46535a82282fd70196afe2e571/element/f.F7DC0DCC1AEA5B11728C456D26A3F950.d.C6C2941E85EE934B9BA14FCBA6EBD4D8.e.6038/click - {}
RESULT: {}
COMMAND: GET /session/f2510c46535a82282fd70196afe2e571/screenshot - {}
RESULT: {}
RESULT: undefined
COMMAND: POST /session/f2510c46535a82282fd70196afe2e571/execute/async - {"script":"<script> [776 bytes]","args":[{"enterText":"10001013","selector":{"controlType":"sap.m.SearchField","properties":{"placeholder":"Search"},"searchOpenDialogs":true,"interaction":{"idSuffix":"I"}},"clearTextFirst":true,"interactionType":"ENTER_TEXT"}]}
RESULT: {"script":"<script> [776 bytes]","args":[{"enterText":"10001013","selector":{"controlType":"sap.m.SearchField","properties":{"placeholder":"Search"},"searchOpenDialogs":true,"interaction":{"idSuffix":"I"}},"clearTextFirst":true,"interactionType":"ENTER_TEXT"}]}
COMMAND: POST /session/f2510c46535a82282fd70196afe2e571/actions - {"actions":[{"id":"action20","type":"key","parameters":{},"actions":[{"type":"keyDown","value":""},{"type":"pause","duration":10},{"type":"keyUp","value":""}]}]}
RESULT: {"actions":[{"id":"action20","type":"key","parameters":{},"actions":[{"type":"keyDown","value":""},{"type":"pause","duration":10},{"type":"keyUp","value":""}]}]}
COMMAND: GET /session/f2510c46535a82282fd70196afe2e571/screenshot - {}
RESULT: {}
COMMAND: POST /session/f2510c46535a82282fd70196afe2e571/element - {"using":"xpath","value":"//span[contains(text(), \"General Management\")]"}
RESULT: {"using":"xpath","value":"//span[contains(text(), \"General Management\")]"}
COMMAND: POST /session/f2510c46535a82282fd70196afe2e571/element/f.F7DC0DCC1AEA5B11728C456D26A3F950.d.C6C2941E85EE934B9BA14FCBA6EBD4D8.e.6077/click - {}
RESULT: {}
COMMAND: GET /session/f2510c46535a82282fd70196afe2e571/screenshot - {}
RESULT: {}
COMMAND: POST /session/f2510c46535a82282fd70196afe2e571/element - {"using":"xpath","value":"//bdi[contains(text(), \"OK\")]"}
RESULT: {"using":"xpath","value":"//bdi[contains(text(), \"OK\")]"}
COMMAND: POST /session/f2510c46535a82282fd70196afe2e571/element/f.F7DC0DCC1AEA5B11728C456D26A3F950.d.C6C2941E85EE934B9BA14FCBA6EBD4D8.e.6078/click - {}
RESULT: {}
COMMAND: GET /session/f2510c46535a82282fd70196afe2e571/screenshot - {}
RESULT: {}
COMMAND: POST /session/f2510c46535a82282fd70196afe2e571/element - {"using":"xpath","value":"//input[@id=\"application-managepartners-display-component---NewPartner--companyCodeComboBox-inner\"]"}
RESULT: {"using":"xpath","value":"//input[@id=\"application-managepartners-display-component---NewPartner--companyCodeComboBox-inner\"]"}
COMMAND: POST /session/f2510c46535a82282fd70196afe2e571/element/f.F7DC0DCC1AEA5B11728C456D26A3F950.d.C6C2941E85EE934B9BA14FCBA6EBD4D8.e.5971/clear - {}
RESULT: {}
COMMAND: POST /session/f2510c46535a82282fd70196afe2e571/element/f.F7DC0DCC1AEA5B11728C456D26A3F950.d.C6C2941E85EE934B9BA14FCBA6EBD4D8.e.5971/value - {"text":"C002"}
COMMAND: GET /session/f2510c46535a82282fd70196afe2e571/screenshot - {}
RESULT: {"text":"C002"}
COMMAND: GET /session/f2510c46535a82282fd70196afe2e571/screenshot - {}
RESULT: {}
RESULT: {}
COMMAND: POST /session/f2510c46535a82282fd70196afe2e571/element - {"using":"xpath","value":"//li[.//span[text()= \"C002\"]]"}
RESULT: {"using":"xpath","value":"//li[.//span[text()= \"C002\"]]"}
COMMAND: POST /session/f2510c46535a82282fd70196afe2e571/element/f.F7DC0DCC1AEA5B11728C456D26A3F950.d.C6C2941E85EE934B9BA14FCBA6EBD4D8.e.6084/click - {}
RESULT: {}
COMMAND: GET /session/f2510c46535a82282fd70196afe2e571/screenshot - {}
RESULT: {}
COMMAND: POST /session/f2510c46535a82282fd70196afe2e571/execute/async - {"script":"<script> [1562 bytes]","args":[{"selector":{"id":"application-managepartners-display-component---NewPartner--btnAddTableRow-img"},"wdio_ui5_key":"applicationmanagepartners-display-component---NewPartner--btnAddTableRow-img"}]}
RESULT: {"script":"<script> [1562 bytes]","args":[{"selector":{"id":"application-managepartners-display-component---NewPartner--btnAddTableRow-img"},"wdio_ui5_key":"applicationmanagepartners-display-component---NewPartner--btnAddTableRow-img"}]}
RESULT: undefined
COMMAND: POST /session/f2510c46535a82282fd70196afe2e571/element - {"using":"xpath","value":"//*[@id=\"application-managepartners-display-component---NewPartner--btnAddTableRow-img\"]"}
RESULT: {"using":"xpath","value":"//*[@id=\"application-managepartners-display-component---NewPartner--btnAddTableRow-img\"]"}
COMMAND: POST /session/f2510c46535a82282fd70196afe2e571/element/f.F7DC0DCC1AEA5B11728C456D26A3F950.d.C6C2941E85EE934B9BA14FCBA6EBD4D8.e.6085/click - {}
RESULT: {}
COMMAND: GET /session/f2510c46535a82282fd70196afe2e571/screenshot - {}
RESULT: {}
COMMAND: POST /session/f2510c46535a82282fd70196afe2e571/element - {"using":"xpath","value":"//input[@id=\"application-managepartners-display-component---NewPartner--assignmentYard-application-managepartners-display-component---NewPartner--assignmentsTable-0-inner\"]"}
RESULT: {"using":"xpath","value":"//input[@id=\"application-managepartners-display-component---NewPartner--assignmentYard-application-managepartners-display-component---NewPartner--assignmentsTable-0-inner\"]"}
COMMAND: POST /session/f2510c46535a82282fd70196afe2e571/element/f.F7DC0DCC1AEA5B11728C456D26A3F950.d.C6C2941E85EE934B9BA14FCBA6EBD4D8.e.6088/clear - {}
RESULT: {}
COMMAND: POST /session/f2510c46535a82282fd70196afe2e571/element/f.F7DC0DCC1AEA5B11728C456D26A3F950.d.C6C2941E85EE934B9BA14FCBA6EBD4D8.e.6088/value - {"text":"532"}
COMMAND: GET /session/f2510c46535a82282fd70196afe2e571/screenshot - {}
RESULT: {"text":"532"}
COMMAND: GET /session/f2510c46535a82282fd70196afe2e571/screenshot - {}
RESULT: {}
RESULT: {}
COMMAND: POST /session/f2510c46535a82282fd70196afe2e571/element - {"using":"xpath","value":"//li[.//span[text()='532']]"}
RESULT: {"using":"xpath","value":"//li[.//span[text()='532']]"}
COMMAND: POST /session/f2510c46535a82282fd70196afe2e571/element/f.F7DC0DCC1AEA5B11728C456D26A3F950.d.C6C2941E85EE934B9BA14FCBA6EBD4D8.e.6097/click - {}
RESULT: {}
COMMAND: GET /session/f2510c46535a82282fd70196afe2e571/screenshot - {}
RESULT: {}
COMMAND: POST /session/f2510c46535a82282fd70196afe2e571/actions - {"actions":[{"id":"action21","type":"key","parameters":{},"actions":[{"type":"keyDown","value":""},{"type":"pause","duration":10},{"type":"keyUp","value":""}]}]}
RESULT: {"actions":[{"id":"action21","type":"key","parameters":{},"actions":[{"type":"keyDown","value":""},{"type":"pause","duration":10},{"type":"keyUp","value":""}]}]}
COMMAND: POST /session/f2510c46535a82282fd70196afe2e571/execute/async - {"script":"<script> [1562 bytes]","args":[{"selector":{"id":"application-managepartners-display-component---NewPartner--externalCustomerComboBox-application-managepartners-display-component---NewPartner--assignmentsTable-0-vhi"},"wdio_ui5_key":"applicationmanagepartners-display-component---NewPartner--externalCustomerComboBox-application-managepartners-display-component---NewPartner--assignmentsTable-0-vhi"}]}
COMMAND: GET /session/f2510c46535a82282fd70196afe2e571/screenshot - {}
RESULT: {"script":"<script> [1562 bytes]","args":[{"selector":{"id":"application-managepartners-display-component---NewPartner--externalCustomerComboBox-application-managepartners-display-component---NewPartner--assignmentsTable-0-vhi"},"wdio_ui5_key":"applicationmanagepartners-display-component---NewPartner--externalCustomerComboBox-application-managepartners-display-component---NewPartner--assignmentsTable-0-vhi"}]}
RESULT: undefined
COMMAND: POST /session/f2510c46535a82282fd70196afe2e571/element - {"using":"xpath","value":"//*[@id=\"application-managepartners-display-component---NewPartner--externalCustomerComboBox-application-managepartners-display-component---NewPartner--assignmentsTable-0-vhi\"]"}
RESULT: {}
RESULT: {"using":"xpath","value":"//*[@id=\"application-managepartners-display-component---NewPartner--externalCustomerComboBox-application-managepartners-display-component---NewPartner--assignmentsTable-0-vhi\"]"}
COMMAND: POST /session/f2510c46535a82282fd70196afe2e571/element/f.F7DC0DCC1AEA5B11728C456D26A3F950.d.C6C2941E85EE934B9BA14FCBA6EBD4D8.e.6101/click - {}
RESULT: {}
RESULT: undefined
COMMAND: POST /session/f2510c46535a82282fd70196afe2e571/execute/async - {"script":"<script> [776 bytes]","args":[{"enterText":"300003","selector":{"controlType":"sap.m.SearchField","properties":{"placeholder":"Search"},"searchOpenDialogs":true,"interaction":{"idSuffix":"I"}},"clearTextFirst":true,"interactionType":"ENTER_TEXT"}]}
COMMAND: GET /session/f2510c46535a82282fd70196afe2e571/screenshot - {}
RESULT: {"script":"<script> [776 bytes]","args":[{"enterText":"300003","selector":{"controlType":"sap.m.SearchField","properties":{"placeholder":"Search"},"searchOpenDialogs":true,"interaction":{"idSuffix":"I"}},"clearTextFirst":true,"interactionType":"ENTER_TEXT"}]}
COMMAND: POST /session/f2510c46535a82282fd70196afe2e571/actions - {"actions":[{"id":"action22","type":"key","parameters":{},"actions":[{"type":"keyDown","value":""},{"type":"pause","duration":10},{"type":"keyUp","value":""}]}]}
RESULT: {}
RESULT: {"actions":[{"id":"action22","type":"key","parameters":{},"actions":[{"type":"keyDown","value":""},{"type":"pause","duration":10},{"type":"keyUp","value":""}]}]}
COMMAND: GET /session/f2510c46535a82282fd70196afe2e571/screenshot - {}
RESULT: {}
COMMAND: POST /session/f2510c46535a82282fd70196afe2e571/element - {"using":"xpath","value":"//span[contains(text(), \"300003\")]"}
RESULT: {"using":"xpath","value":"//span[contains(text(), \"300003\")]"}
COMMAND: POST /session/f2510c46535a82282fd70196afe2e571/element/f.F7DC0DCC1AEA5B11728C456D26A3F950.d.C6C2941E85EE934B9BA14FCBA6EBD4D8.e.6119/click - {}
RESULT: {}
COMMAND: GET /session/f2510c46535a82282fd70196afe2e571/screenshot - {}
RESULT: {}
COMMAND: POST /session/f2510c46535a82282fd70196afe2e571/element - {"using":"xpath","value":"//bdi[contains(text(), \"OK\")]"}
RESULT: {"using":"xpath","value":"//bdi[contains(text(), \"OK\")]"}
COMMAND: POST /session/f2510c46535a82282fd70196afe2e571/element/f.F7DC0DCC1AEA5B11728C456D26A3F950.d.C6C2941E85EE934B9BA14FCBA6EBD4D8.e.6121/click - {}
RESULT: {}
COMMAND: GET /session/f2510c46535a82282fd70196afe2e571/screenshot - {}
RESULT: {}
COMMAND: POST /session/f2510c46535a82282fd70196afe2e571/execute/async - {"script":"<script> [1562 bytes]","args":[{"selector":{"id":"application-managepartners-display-component---NewPartner--intercompVendorComboBox-application-managepartners-display-component---NewPartner--assignmentsTable-0-vhi"},"wdio_ui5_key":"applicationmanagepartners-display-component---NewPartner--intercompVendorComboBox-application-managepartners-display-component---NewPartner--assignmentsTable-0-vhi"}]}
RESULT: {"script":"<script> [1562 bytes]","args":[{"selector":{"id":"application-managepartners-display-component---NewPartner--intercompVendorComboBox-application-managepartners-display-component---NewPartner--assignmentsTable-0-vhi"},"wdio_ui5_key":"applicationmanagepartners-display-component---NewPartner--intercompVendorComboBox-application-managepartners-display-component---NewPartner--assignmentsTable-0-vhi"}]}
RESULT: undefined
COMMAND: POST /session/f2510c46535a82282fd70196afe2e571/element - {"using":"xpath","value":"//*[@id=\"application-managepartners-display-component---NewPartner--intercompVendorComboBox-application-managepartners-display-component---NewPartner--assignmentsTable-0-vhi\"]"}
RESULT: {"using":"xpath","value":"//*[@id=\"application-managepartners-display-component---NewPartner--intercompVendorComboBox-application-managepartners-display-component---NewPartner--assignmentsTable-0-vhi\"]"}
COMMAND: POST /session/f2510c46535a82282fd70196afe2e571/element/f.F7DC0DCC1AEA5B11728C456D26A3F950.d.C6C2941E85EE934B9BA14FCBA6EBD4D8.e.6125/click - {}
RESULT: {}
RESULT: undefined
COMMAND: POST /session/f2510c46535a82282fd70196afe2e571/execute/async - {"script":"<script> [776 bytes]","args":[{"enterText":"100005","selector":{"controlType":"sap.m.SearchField","properties":{"placeholder":"Search"},"searchOpenDialogs":true,"interaction":{"idSuffix":"I"}},"clearTextFirst":true,"interactionType":"ENTER_TEXT"}]}
COMMAND: GET /session/f2510c46535a82282fd70196afe2e571/screenshot - {}
RESULT: {"script":"<script> [776 bytes]","args":[{"enterText":"100005","selector":{"controlType":"sap.m.SearchField","properties":{"placeholder":"Search"},"searchOpenDialogs":true,"interaction":{"idSuffix":"I"}},"clearTextFirst":true,"interactionType":"ENTER_TEXT"}]}
COMMAND: POST /session/f2510c46535a82282fd70196afe2e571/actions - {"actions":[{"id":"action23","type":"key","parameters":{},"actions":[{"type":"keyDown","value":""},{"type":"pause","duration":10},{"type":"keyUp","value":""}]}]}
RESULT: {}
RESULT: {"actions":[{"id":"action23","type":"key","parameters":{},"actions":[{"type":"keyDown","value":""},{"type":"pause","duration":10},{"type":"keyUp","value":""}]}]}
COMMAND: GET /session/f2510c46535a82282fd70196afe2e571/screenshot - {}
RESULT: {}
COMMAND: POST /session/f2510c46535a82282fd70196afe2e571/element - {"using":"xpath","value":"//span[contains(text(), \"Penguins - Field/12345 Berlin\")]"}
RESULT: {"using":"xpath","value":"//span[contains(text(), \"Penguins - Field/12345 Berlin\")]"}
COMMAND: POST /session/f2510c46535a82282fd70196afe2e571/element/f.F7DC0DCC1AEA5B11728C456D26A3F950.d.C6C2941E85EE934B9BA14FCBA6EBD4D8.e.6142/click - {}
RESULT: {}
COMMAND: GET /session/f2510c46535a82282fd70196afe2e571/screenshot - {}
RESULT: {}
COMMAND: POST /session/f2510c46535a82282fd70196afe2e571/element - {"using":"xpath","value":"//bdi[contains(text(), \"OK\")]"}
RESULT: {"using":"xpath","value":"//bdi[contains(text(), \"OK\")]"}
COMMAND: POST /session/f2510c46535a82282fd70196afe2e571/element/f.F7DC0DCC1AEA5B11728C456D26A3F950.d.C6C2941E85EE934B9BA14FCBA6EBD4D8.e.6143/click - {}
RESULT: {}
COMMAND: GET /session/f2510c46535a82282fd70196afe2e571/screenshot - {}
RESULT: {}
COMMAND: POST /session/f2510c46535a82282fd70196afe2e571/element - {"using":"xpath","value":"//button[@data-kt=\"saveButton\"]"}
RESULT: {"using":"xpath","value":"//button[@data-kt=\"saveButton\"]"}
COMMAND: POST /session/f2510c46535a82282fd70196afe2e571/element/f.F7DC0DCC1AEA5B11728C456D26A3F950.d.C6C2941E85EE934B9BA14FCBA6EBD4D8.e.5976/click - {}
RESULT: {}
COMMAND: GET /session/f2510c46535a82282fd70196afe2e571/screenshot - {}
RESULT: {}
COMMAND: POST /session/f2510c46535a82282fd70196afe2e571/element - {"using":"xpath","value":"//header[contains(@id, 'ObjectPageLayout-headerTitle')]/div[1]/div[2]/div[2]/span[1]"}
RESULT: {"using":"xpath","value":"//header[contains(@id, 'ObjectPageLayout-headerTitle')]/div[1]/div[2]/div[2]/span[1]"}
COMMAND: POST /session/f2510c46535a82282fd70196afe2e571/elements - {"using":"xpath","value":"//header[contains(@id, 'ObjectPageLayout-headerTitle')]/div[1]/div[2]/div[2]/span[1]"}
RESULT: {"using":"xpath","value":"//header[contains(@id, 'ObjectPageLayout-headerTitle')]/div[1]/div[2]/div[2]/span[1]"}
COMMAND: POST /session/f2510c46535a82282fd70196afe2e571/execute/sync - {"script":"<script> [56 bytes]","args":[{"element-6066-11e4-a52e-4f735466cecf":"f.F7DC0DCC1AEA5B11728C456D26A3F950.d.C6C2941E85EE934B9BA14FCBA6EBD4D8.e.6310","ELEMENT":"f.F7DC0DCC1AEA5B11728C456D26A3F950.d.C6C2941E85EE934B9BA14FCBA6EBD4D8.e.6310"}]}
RESULT: {"script":"<script> [56 bytes]","args":[{"element-6066-11e4-a52e-4f735466cecf":"f.F7DC0DCC1AEA5B11728C456D26A3F950.d.C6C2941E85EE934B9BA14FCBA6EBD4D8.e.6310","ELEMENT":"f.F7DC0DCC1AEA5B11728C456D26A3F950.d.C6C2941E85EE934B9BA14FCBA6EBD4D8.e.6310"}]}
COMMAND: POST /session/f2510c46535a82282fd70196afe2e571/element - {"using":"css selector","value":"#shell-header-logo"}
COMMAND: GET /session/f2510c46535a82282fd70196afe2e571/screenshot - {}
RESULT: {"using":"css selector","value":"#shell-header-logo"}
COMMAND: POST /session/f2510c46535a82282fd70196afe2e571/element/f.F7DC0DCC1AEA5B11728C456D26A3F950.d.C6C2941E85EE934B9BA14FCBA6EBD4D8.e.5525/click - {}
RESULT: {}
RESULT: {}
COMMAND: GET /session/f2510c46535a82282fd70196afe2e571/screenshot - {}
RESULT: {}
COMMAND: POST /session/f2510c46535a82282fd70196afe2e571/execute/sync - {"script":"<script> [299 bytes]","args":[["getModel","getResource"]]}
RESULT: {"script":"<script> [299 bytes]","args":[["getModel","getResource"]]}
COMMAND: GET /session/f2510c46535a82282fd70196afe2e571/screenshot - {}
]]></system-out>
    </testcase>
    <testcase classname="chrome.136_0_7103_93.windows.Create_master_data_for_mixed_billing_&amp;_do_billing_calculation_US151661" name="Should create a new site" time="146.515">
      <system-out><![CDATA[
COMMAND: POST /session/f2510c46535a82282fd70196afe2e571/execute/async - {"script":"<script> [1562 bytes]","args":[{"selector":{"controlType":"sap.m.GenericTile","properties":{"header":"Manage Sites"}},"wdio_ui5_key":"sapm.GenericTile{\"header\":\"Manage Sites\"}"}]}
RESULT: {}
RESULT: {"script":"<script> [1562 bytes]","args":[{"selector":{"controlType":"sap.m.GenericTile","properties":{"header":"Manage Sites"}},"wdio_ui5_key":"sapm.GenericTile{\"header\":\"Manage Sites\"}"}]}
RESULT: undefined
COMMAND: POST /session/f2510c46535a82282fd70196afe2e571/element - {"using":"xpath","value":"//*[@id=\"__tile40\"]"}
RESULT: {"using":"xpath","value":"//*[@id=\"__tile40\"]"}
COMMAND: POST /session/f2510c46535a82282fd70196afe2e571/element/f.F7DC0DCC1AEA5B11728C456D26A3F950.d.C6C2941E85EE934B9BA14FCBA6EBD4D8.e.4684/click - {}
RESULT: {}
COMMAND: GET /session/f2510c46535a82282fd70196afe2e571/screenshot - {}
RESULT: {}
COMMAND: POST /session/f2510c46535a82282fd70196afe2e571/elements - {"using":"xpath","value":"//span[text()='Error']"}
RESULT: {"using":"xpath","value":"//span[text()='Error']"}
COMMAND: POST /session/f2510c46535a82282fd70196afe2e571/element - {"using":"xpath","value":"//button[@data-kt=\"addOverflowToolbarButton\"]"}
RESULT: {"using":"xpath","value":"//button[@data-kt=\"addOverflowToolbarButton\"]"}
COMMAND: POST /session/f2510c46535a82282fd70196afe2e571/elements - {"using":"xpath","value":"//button[@data-kt=\"addOverflowToolbarButton\"]"}
RESULT: {"using":"xpath","value":"//button[@data-kt=\"addOverflowToolbarButton\"]"}
COMMAND: POST /session/f2510c46535a82282fd70196afe2e571/execute/sync - {"script":"<script> [8489 bytes]","args":[{"element-6066-11e4-a52e-4f735466cecf":"f.F7DC0DCC1AEA5B11728C456D26A3F950.d.C6C2941E85EE934B9BA14FCBA6EBD4D8.e.6356","ELEMENT":"f.F7DC0DCC1AEA5B11728C456D26A3F950.d.C6C2941E85EE934B9BA14FCBA6EBD4D8.e.6356"}]}
RESULT: {"script":"<script> [8489 bytes]","args":[{"element-6066-11e4-a52e-4f735466cecf":"f.F7DC0DCC1AEA5B11728C456D26A3F950.d.C6C2941E85EE934B9BA14FCBA6EBD4D8.e.6356","ELEMENT":"f.F7DC0DCC1AEA5B11728C456D26A3F950.d.C6C2941E85EE934B9BA14FCBA6EBD4D8.e.6356"}]}
COMMAND: GET /session/f2510c46535a82282fd70196afe2e571/element/f.F7DC0DCC1AEA5B11728C456D26A3F950.d.C6C2941E85EE934B9BA14FCBA6EBD4D8.e.6356/enabled - {}
COMMAND: GET /session/f2510c46535a82282fd70196afe2e571/screenshot - {}
RESULT: {}
COMMAND: POST /session/f2510c46535a82282fd70196afe2e571/execute/sync - {"script":"<script> [8489 bytes]","args":[{"element-6066-11e4-a52e-4f735466cecf":"f.F7DC0DCC1AEA5B11728C456D26A3F950.d.C6C2941E85EE934B9BA14FCBA6EBD4D8.e.6356","ELEMENT":"f.F7DC0DCC1AEA5B11728C456D26A3F950.d.C6C2941E85EE934B9BA14FCBA6EBD4D8.e.6356"}]}
COMMAND: GET /session/f2510c46535a82282fd70196afe2e571/screenshot - {}
RESULT: {}
RESULT: {"script":"<script> [8489 bytes]","args":[{"element-6066-11e4-a52e-4f735466cecf":"f.F7DC0DCC1AEA5B11728C456D26A3F950.d.C6C2941E85EE934B9BA14FCBA6EBD4D8.e.6356","ELEMENT":"f.F7DC0DCC1AEA5B11728C456D26A3F950.d.C6C2941E85EE934B9BA14FCBA6EBD4D8.e.6356"}]}
COMMAND: POST /session/f2510c46535a82282fd70196afe2e571/execute/sync - {"script":"<script> [5351 bytes]","args":[{"element-6066-11e4-a52e-4f735466cecf":"f.F7DC0DCC1AEA5B11728C456D26A3F950.d.C6C2941E85EE934B9BA14FCBA6EBD4D8.e.6356","ELEMENT":"f.F7DC0DCC1AEA5B11728C456D26A3F950.d.C6C2941E85EE934B9BA14FCBA6EBD4D8.e.6356"}]}
COMMAND: GET /session/f2510c46535a82282fd70196afe2e571/screenshot - {}
RESULT: {}
RESULT: {"script":"<script> [5351 bytes]","args":[{"element-6066-11e4-a52e-4f735466cecf":"f.F7DC0DCC1AEA5B11728C456D26A3F950.d.C6C2941E85EE934B9BA14FCBA6EBD4D8.e.6356","ELEMENT":"f.F7DC0DCC1AEA5B11728C456D26A3F950.d.C6C2941E85EE934B9BA14FCBA6EBD4D8.e.6356"}]}
COMMAND: POST /session/f2510c46535a82282fd70196afe2e571/element/f.F7DC0DCC1AEA5B11728C456D26A3F950.d.C6C2941E85EE934B9BA14FCBA6EBD4D8.e.6356/click - {}
COMMAND: GET /session/f2510c46535a82282fd70196afe2e571/screenshot - {}
RESULT: {}
RESULT: {}
COMMAND: GET /session/f2510c46535a82282fd70196afe2e571/screenshot - {}
RESULT: {}
COMMAND: POST /session/f2510c46535a82282fd70196afe2e571/element - {"using":"xpath","value":"//input[@id=\"application-managesites-display-component---NewSite--siteId-inner\"]"}
RESULT: {}
RESULT: {"using":"xpath","value":"//input[@id=\"application-managesites-display-component---NewSite--siteId-inner\"]"}
COMMAND: POST /session/f2510c46535a82282fd70196afe2e571/element - {"using":"xpath","value":"//input[@id=\"application-managesites-display-component---NewSite--siteId-inner\"]"}
RESULT: {"using":"xpath","value":"//input[@id=\"application-managesites-display-component---NewSite--siteId-inner\"]"}
COMMAND: POST /session/f2510c46535a82282fd70196afe2e571/execute/async - {"script":"<script> [1562 bytes]","args":[{"selector":{"id":"application-managesites-display-component---NewSite--addressDetailDetailsName1","interaction":{"idSuffix":"inner"}},"wdio_ui5_key":"applicationmanagesites-display-component---NewSite--addressDetailDetailsName1"}]}
RESULT: {"script":"<script> [1562 bytes]","args":[{"selector":{"id":"application-managesites-display-component---NewSite--addressDetailDetailsName1","interaction":{"idSuffix":"inner"}},"wdio_ui5_key":"applicationmanagesites-display-component---NewSite--addressDetailDetailsName1"}]}
RESULT: undefined
COMMAND: POST /session/f2510c46535a82282fd70196afe2e571/execute/async - {"script":"<script> [776 bytes]","args":[{"enterText":"Intercompany Site wdIO","selector":{"id":"application-managesites-display-component---NewSite--addressDetailDetailsName1","interaction":{"idSuffix":"inner"}},"clearTextFirst":true,"interactionType":"ENTER_TEXT"}]}
RESULT: {"script":"<script> [776 bytes]","args":[{"enterText":"Intercompany Site wdIO","selector":{"id":"application-managesites-display-component---NewSite--addressDetailDetailsName1","interaction":{"idSuffix":"inner"}},"clearTextFirst":true,"interactionType":"ENTER_TEXT"}]}
COMMAND: POST /session/f2510c46535a82282fd70196afe2e571/execute/async - {"script":"<script> [1562 bytes]","args":[{"selector":{"id":"application-managesites-display-component---NewSite--addressDetailDetailsLanguage-arrow"},"wdio_ui5_key":"applicationmanagesites-display-component---NewSite--addressDetailDetailsLanguage-arrow"}]}
RESULT: {"script":"<script> [1562 bytes]","args":[{"selector":{"id":"application-managesites-display-component---NewSite--addressDetailDetailsLanguage-arrow"},"wdio_ui5_key":"applicationmanagesites-display-component---NewSite--addressDetailDetailsLanguage-arrow"}]}
RESULT: undefined
COMMAND: POST /session/f2510c46535a82282fd70196afe2e571/element - {"using":"xpath","value":"//*[@id=\"application-managesites-display-component---NewSite--addressDetailDetailsLanguage-arrow\"]"}
RESULT: {"using":"xpath","value":"//*[@id=\"application-managesites-display-component---NewSite--addressDetailDetailsLanguage-arrow\"]"}
COMMAND: POST /session/f2510c46535a82282fd70196afe2e571/element/f.F7DC0DCC1AEA5B11728C456D26A3F950.d.C6C2941E85EE934B9BA14FCBA6EBD4D8.e.6972/click - {}
RESULT: {}
COMMAND: POST /session/f2510c46535a82282fd70196afe2e571/element - {"using":"xpath","value":"//span[contains(text(), \"English\")]"}
COMMAND: GET /session/f2510c46535a82282fd70196afe2e571/screenshot - {}
RESULT: {"using":"xpath","value":"//span[contains(text(), \"English\")]"}
COMMAND: POST /session/f2510c46535a82282fd70196afe2e571/element/f.F7DC0DCC1AEA5B11728C456D26A3F950.d.C6C2941E85EE934B9BA14FCBA6EBD4D8.e.6973/click - {}
RESULT: {}
RESULT: {}
COMMAND: POST /session/f2510c46535a82282fd70196afe2e571/execute/async - {"script":"<script> [1562 bytes]","args":[{"selector":{"id":"application-managesites-display-component---NewSite--addressDetailDetailsCity1","interaction":{"idSuffix":"inner"}},"wdio_ui5_key":"applicationmanagesites-display-component---NewSite--addressDetailDetailsCity1"}]}
COMMAND: GET /session/f2510c46535a82282fd70196afe2e571/screenshot - {}
RESULT: {"script":"<script> [1562 bytes]","args":[{"selector":{"id":"application-managesites-display-component---NewSite--addressDetailDetailsCity1","interaction":{"idSuffix":"inner"}},"wdio_ui5_key":"applicationmanagesites-display-component---NewSite--addressDetailDetailsCity1"}]}
RESULT: undefined
COMMAND: POST /session/f2510c46535a82282fd70196afe2e571/execute/async - {"script":"<script> [776 bytes]","args":[{"enterText":"Rosario","selector":{"id":"application-managesites-display-component---NewSite--addressDetailDetailsCity1","interaction":{"idSuffix":"inner"}},"clearTextFirst":true,"interactionType":"ENTER_TEXT"}]}
RESULT: {}
RESULT: {"script":"<script> [776 bytes]","args":[{"enterText":"Rosario","selector":{"id":"application-managesites-display-component---NewSite--addressDetailDetailsCity1","interaction":{"idSuffix":"inner"}},"clearTextFirst":true,"interactionType":"ENTER_TEXT"}]}
COMMAND: POST /session/f2510c46535a82282fd70196afe2e571/execute/async - {"script":"<script> [1562 bytes]","args":[{"selector":{"id":"application-managesites-display-component---NewSite--addressDetailDetailsCountry-arrow"},"wdio_ui5_key":"applicationmanagesites-display-component---NewSite--addressDetailDetailsCountry-arrow"}]}
RESULT: {"script":"<script> [1562 bytes]","args":[{"selector":{"id":"application-managesites-display-component---NewSite--addressDetailDetailsCountry-arrow"},"wdio_ui5_key":"applicationmanagesites-display-component---NewSite--addressDetailDetailsCountry-arrow"}]}
RESULT: undefined
COMMAND: POST /session/f2510c46535a82282fd70196afe2e571/element - {"using":"xpath","value":"//*[@id=\"application-managesites-display-component---NewSite--addressDetailDetailsCountry-arrow\"]"}
RESULT: {"using":"xpath","value":"//*[@id=\"application-managesites-display-component---NewSite--addressDetailDetailsCountry-arrow\"]"}
COMMAND: POST /session/f2510c46535a82282fd70196afe2e571/element/f.F7DC0DCC1AEA5B11728C456D26A3F950.d.C6C2941E85EE934B9BA14FCBA6EBD4D8.e.6975/click - {}
RESULT: {}
COMMAND: POST /session/f2510c46535a82282fd70196afe2e571/element - {"using":"xpath","value":"//span[contains(text(), \"Argentina\")]"}
COMMAND: GET /session/f2510c46535a82282fd70196afe2e571/screenshot - {}
RESULT: {"using":"xpath","value":"//span[contains(text(), \"Argentina\")]"}
COMMAND: POST /session/f2510c46535a82282fd70196afe2e571/element/f.F7DC0DCC1AEA5B11728C456D26A3F950.d.C6C2941E85EE934B9BA14FCBA6EBD4D8.e.6977/click - {}
RESULT: {}
RESULT: {}
COMMAND: GET /session/f2510c46535a82282fd70196afe2e571/screenshot - {}
RESULT: {}
COMMAND: POST /session/f2510c46535a82282fd70196afe2e571/execute/async - {"script":"<script> [1562 bytes]","args":[{"selector":{"id":"application-managesites-display-component---NewSite--addressEditDetailsCostObjectCstType-arrow"},"wdio_ui5_key":"applicationmanagesites-display-component---NewSite--addressEditDetailsCostObjectCstType-arrow"}]}
RESULT: {"script":"<script> [1562 bytes]","args":[{"selector":{"id":"application-managesites-display-component---NewSite--addressEditDetailsCostObjectCstType-arrow"},"wdio_ui5_key":"applicationmanagesites-display-component---NewSite--addressEditDetailsCostObjectCstType-arrow"}]}
RESULT: undefined
COMMAND: POST /session/f2510c46535a82282fd70196afe2e571/element - {"using":"xpath","value":"//*[@id=\"application-managesites-display-component---NewSite--addressEditDetailsCostObjectCstType-arrow\"]"}
RESULT: {"using":"xpath","value":"//*[@id=\"application-managesites-display-component---NewSite--addressEditDetailsCostObjectCstType-arrow\"]"}
COMMAND: POST /session/f2510c46535a82282fd70196afe2e571/element/f.F7DC0DCC1AEA5B11728C456D26A3F950.d.C6C2941E85EE934B9BA14FCBA6EBD4D8.e.6978/click - {}
RESULT: {}
COMMAND: POST /session/f2510c46535a82282fd70196afe2e571/element - {"using":"xpath","value":"//span[contains(text(), \"Cost Center\")]"}
COMMAND: GET /session/f2510c46535a82282fd70196afe2e571/screenshot - {}
RESULT: {"using":"xpath","value":"//span[contains(text(), \"Cost Center\")]"}
COMMAND: POST /session/f2510c46535a82282fd70196afe2e571/element/f.F7DC0DCC1AEA5B11728C456D26A3F950.d.C6C2941E85EE934B9BA14FCBA6EBD4D8.e.6979/click - {}
RESULT: {}
RESULT: {}
COMMAND: GET /session/f2510c46535a82282fd70196afe2e571/screenshot - {}
RESULT: {}
COMMAND: POST /session/f2510c46535a82282fd70196afe2e571/element - {"using":"xpath","value":"//span[@id=\"application-managesites-display-component---NewSite--addressNewCostObjectCstID-vhi\"]"}
RESULT: {"using":"xpath","value":"//span[@id=\"application-managesites-display-component---NewSite--addressNewCostObjectCstID-vhi\"]"}
COMMAND: POST /session/f2510c46535a82282fd70196afe2e571/execute/sync - {"script":"<script> [8489 bytes]","args":[{"element-6066-11e4-a52e-4f735466cecf":"f.F7DC0DCC1AEA5B11728C456D26A3F950.d.C6C2941E85EE934B9BA14FCBA6EBD4D8.e.6984","ELEMENT":"f.F7DC0DCC1AEA5B11728C456D26A3F950.d.C6C2941E85EE934B9BA14FCBA6EBD4D8.e.6984"}]}
RESULT: {"script":"<script> [8489 bytes]","args":[{"element-6066-11e4-a52e-4f735466cecf":"f.F7DC0DCC1AEA5B11728C456D26A3F950.d.C6C2941E85EE934B9BA14FCBA6EBD4D8.e.6984","ELEMENT":"f.F7DC0DCC1AEA5B11728C456D26A3F950.d.C6C2941E85EE934B9BA14FCBA6EBD4D8.e.6984"}]}
COMMAND: POST /session/f2510c46535a82282fd70196afe2e571/execute/async - {"script":"<script> [1562 bytes]","args":[{"selector":{"id":"application-managesites-display-component---NewSite--addressNewCostObjectCstID-vhi"},"wdio_ui5_key":"applicationmanagesites-display-component---NewSite--addressNewCostObjectCstID-vhi"}]}
COMMAND: GET /session/f2510c46535a82282fd70196afe2e571/screenshot - {}
RESULT: {"script":"<script> [1562 bytes]","args":[{"selector":{"id":"application-managesites-display-component---NewSite--addressNewCostObjectCstID-vhi"},"wdio_ui5_key":"applicationmanagesites-display-component---NewSite--addressNewCostObjectCstID-vhi"}]}
RESULT: undefined
COMMAND: POST /session/f2510c46535a82282fd70196afe2e571/element - {"using":"xpath","value":"//*[@id=\"application-managesites-display-component---NewSite--addressNewCostObjectCstID-vhi\"]"}
RESULT: {}
RESULT: {"using":"xpath","value":"//*[@id=\"application-managesites-display-component---NewSite--addressNewCostObjectCstID-vhi\"]"}
COMMAND: POST /session/f2510c46535a82282fd70196afe2e571/element/f.F7DC0DCC1AEA5B11728C456D26A3F950.d.C6C2941E85EE934B9BA14FCBA6EBD4D8.e.6984/click - {}
RESULT: {}
COMMAND: GET /session/f2510c46535a82282fd70196afe2e571/screenshot - {}
RESULT: {}
RESULT: undefined
COMMAND: POST /session/f2510c46535a82282fd70196afe2e571/execute/async - {"script":"<script> [776 bytes]","args":[{"enterText":"10001013","selector":{"controlType":"sap.m.SearchField","properties":{"placeholder":"Search"},"searchOpenDialogs":true,"interaction":{"idSuffix":"I"}},"clearTextFirst":true,"interactionType":"ENTER_TEXT"}]}
RESULT: {"script":"<script> [776 bytes]","args":[{"enterText":"10001013","selector":{"controlType":"sap.m.SearchField","properties":{"placeholder":"Search"},"searchOpenDialogs":true,"interaction":{"idSuffix":"I"}},"clearTextFirst":true,"interactionType":"ENTER_TEXT"}]}
COMMAND: POST /session/f2510c46535a82282fd70196afe2e571/actions - {"actions":[{"id":"action24","type":"key","parameters":{},"actions":[{"type":"keyDown","value":""},{"type":"pause","duration":10},{"type":"keyUp","value":""}]}]}
RESULT: {"actions":[{"id":"action24","type":"key","parameters":{},"actions":[{"type":"keyDown","value":""},{"type":"pause","duration":10},{"type":"keyUp","value":""}]}]}
COMMAND: GET /session/f2510c46535a82282fd70196afe2e571/screenshot - {}
RESULT: {}
COMMAND: POST /session/f2510c46535a82282fd70196afe2e571/element - {"using":"xpath","value":"//span[contains(text(), \"General Management\")]"}
RESULT: {"using":"xpath","value":"//span[contains(text(), \"General Management\")]"}
COMMAND: POST /session/f2510c46535a82282fd70196afe2e571/element/f.F7DC0DCC1AEA5B11728C456D26A3F950.d.C6C2941E85EE934B9BA14FCBA6EBD4D8.e.7023/click - {}
RESULT: {}
COMMAND: GET /session/f2510c46535a82282fd70196afe2e571/screenshot - {}
RESULT: {}
COMMAND: POST /session/f2510c46535a82282fd70196afe2e571/element - {"using":"xpath","value":"//bdi[contains(text(), \"OK\")]"}
RESULT: {"using":"xpath","value":"//bdi[contains(text(), \"OK\")]"}
COMMAND: POST /session/f2510c46535a82282fd70196afe2e571/element/f.F7DC0DCC1AEA5B11728C456D26A3F950.d.C6C2941E85EE934B9BA14FCBA6EBD4D8.e.7024/click - {}
RESULT: {}
COMMAND: GET /session/f2510c46535a82282fd70196afe2e571/screenshot - {}
RESULT: {}
COMMAND: POST /session/f2510c46535a82282fd70196afe2e571/element - {"using":"xpath","value":"//input[@id=\"application-managesites-display-component---NewSite--addressDetailDetailsCalendar-inner\"]"}
RESULT: {"using":"xpath","value":"//input[@id=\"application-managesites-display-component---NewSite--addressDetailDetailsCalendar-inner\"]"}
COMMAND: POST /session/f2510c46535a82282fd70196afe2e571/element/f.F7DC0DCC1AEA5B11728C456D26A3F950.d.C6C2941E85EE934B9BA14FCBA6EBD4D8.e.6770/clear - {}
RESULT: {}
COMMAND: POST /session/f2510c46535a82282fd70196afe2e571/element/f.F7DC0DCC1AEA5B11728C456D26A3F950.d.C6C2941E85EE934B9BA14FCBA6EBD4D8.e.6770/value - {"text":"Unit"}
COMMAND: GET /session/f2510c46535a82282fd70196afe2e571/screenshot - {}
RESULT: {"text":"Unit"}
COMMAND: GET /session/f2510c46535a82282fd70196afe2e571/screenshot - {}
RESULT: {}
RESULT: {}
COMMAND: POST /session/f2510c46535a82282fd70196afe2e571/actions - {"actions":[{"id":"action25","type":"key","parameters":{},"actions":[{"type":"keyDown","value":""},{"type":"pause","duration":10},{"type":"keyUp","value":""}]}]}
RESULT: {"actions":[{"id":"action25","type":"key","parameters":{},"actions":[{"type":"keyDown","value":""},{"type":"pause","duration":10},{"type":"keyUp","value":""}]}]}
COMMAND: POST /session/f2510c46535a82282fd70196afe2e571/element - {"using":"xpath","value":"//input[@id=\"application-managesites-display-component---NewSite--addressDetailDetailsYard-inner\"]"}
COMMAND: GET /session/f2510c46535a82282fd70196afe2e571/screenshot - {}
RESULT: {"using":"xpath","value":"//input[@id=\"application-managesites-display-component---NewSite--addressDetailDetailsYard-inner\"]"}
COMMAND: POST /session/f2510c46535a82282fd70196afe2e571/element/f.F7DC0DCC1AEA5B11728C456D26A3F950.d.C6C2941E85EE934B9BA14FCBA6EBD4D8.e.6771/clear - {}
RESULT: {}
RESULT: {}
COMMAND: POST /session/f2510c46535a82282fd70196afe2e571/element/f.F7DC0DCC1AEA5B11728C456D26A3F950.d.C6C2941E85EE934B9BA14FCBA6EBD4D8.e.6771/value - {"text":"532"}
COMMAND: GET /session/f2510c46535a82282fd70196afe2e571/screenshot - {}
RESULT: {"text":"532"}
COMMAND: GET /session/f2510c46535a82282fd70196afe2e571/screenshot - {}
RESULT: {}
RESULT: {}
COMMAND: POST /session/f2510c46535a82282fd70196afe2e571/element - {"using":"xpath","value":"//li[.//span[text()='532']]"}
RESULT: {"using":"xpath","value":"//li[.//span[text()='532']]"}
COMMAND: POST /session/f2510c46535a82282fd70196afe2e571/element/f.F7DC0DCC1AEA5B11728C456D26A3F950.d.C6C2941E85EE934B9BA14FCBA6EBD4D8.e.7032/click - {}
RESULT: {}
COMMAND: GET /session/f2510c46535a82282fd70196afe2e571/screenshot - {}
RESULT: {}
COMMAND: POST /session/f2510c46535a82282fd70196afe2e571/element - {"using":"xpath","value":"//input[@id=\"application-managesites-display-component---NewSite--addressDetailDetailsPartner-inner\"]"}
RESULT: {"using":"xpath","value":"//input[@id=\"application-managesites-display-component---NewSite--addressDetailDetailsPartner-inner\"]"}
COMMAND: POST /session/f2510c46535a82282fd70196afe2e571/element - {"using":"xpath","value":"//input[@id=\"application-managesites-display-component---NewSite--addressDetailDetailsPartner-inner\"]"}
RESULT: {"using":"xpath","value":"//input[@id=\"application-managesites-display-component---NewSite--addressDetailDetailsPartner-inner\"]"}
COMMAND: POST /session/f2510c46535a82282fd70196afe2e571/element - {"using":"xpath","value":"//button[@data-kt=\"saveButton\"]"}
RESULT: {"using":"xpath","value":"//button[@data-kt=\"saveButton\"]"}
COMMAND: POST /session/f2510c46535a82282fd70196afe2e571/element/f.F7DC0DCC1AEA5B11728C456D26A3F950.d.C6C2941E85EE934B9BA14FCBA6EBD4D8.e.6958/click - {}
RESULT: {}
COMMAND: GET /session/f2510c46535a82282fd70196afe2e571/screenshot - {}
RESULT: {}
COMMAND: POST /session/f2510c46535a82282fd70196afe2e571/element - {"using":"xpath","value":"//header[contains(@id, 'ObjectPageLayout-headerTitle')]/div[1]/div[2]/div[2]/span[1]"}
RESULT: {"using":"xpath","value":"//header[contains(@id, 'ObjectPageLayout-headerTitle')]/div[1]/div[2]/div[2]/span[1]"}
COMMAND: POST /session/f2510c46535a82282fd70196afe2e571/elements - {"using":"xpath","value":"//header[contains(@id, 'ObjectPageLayout-headerTitle')]/div[1]/div[2]/div[2]/span[1]"}
RESULT: {"using":"xpath","value":"//header[contains(@id, 'ObjectPageLayout-headerTitle')]/div[1]/div[2]/div[2]/span[1]"}
COMMAND: POST /session/f2510c46535a82282fd70196afe2e571/execute/sync - {"script":"<script> [56 bytes]","args":[{"element-6066-11e4-a52e-4f735466cecf":"f.F7DC0DCC1AEA5B11728C456D26A3F950.d.C6C2941E85EE934B9BA14FCBA6EBD4D8.e.7245","ELEMENT":"f.F7DC0DCC1AEA5B11728C456D26A3F950.d.C6C2941E85EE934B9BA14FCBA6EBD4D8.e.7245"}]}
RESULT: {"script":"<script> [56 bytes]","args":[{"element-6066-11e4-a52e-4f735466cecf":"f.F7DC0DCC1AEA5B11728C456D26A3F950.d.C6C2941E85EE934B9BA14FCBA6EBD4D8.e.7245","ELEMENT":"f.F7DC0DCC1AEA5B11728C456D26A3F950.d.C6C2941E85EE934B9BA14FCBA6EBD4D8.e.7245"}]}
COMMAND: POST /session/f2510c46535a82282fd70196afe2e571/element - {"using":"css selector","value":"#shell-header-logo"}
COMMAND: GET /session/f2510c46535a82282fd70196afe2e571/screenshot - {}
RESULT: {"using":"css selector","value":"#shell-header-logo"}
COMMAND: POST /session/f2510c46535a82282fd70196afe2e571/element/f.F7DC0DCC1AEA5B11728C456D26A3F950.d.C6C2941E85EE934B9BA14FCBA6EBD4D8.e.6314/click - {}
RESULT: {}
RESULT: {}
COMMAND: GET /session/f2510c46535a82282fd70196afe2e571/screenshot - {}
RESULT: {}
COMMAND: POST /session/f2510c46535a82282fd70196afe2e571/execute/sync - {"script":"<script> [299 bytes]","args":[["getModel","getResource"]]}
RESULT: {"script":"<script> [299 bytes]","args":[["getModel","getResource"]]}
COMMAND: POST /session/f2510c46535a82282fd70196afe2e571/actions - {"actions":[{"id":"action26","type":"key","parameters":{},"actions":[{"type":"keyDown","value":""},{"type":"pause","duration":10},{"type":"keyUp","value":""}]}]}
COMMAND: GET /session/f2510c46535a82282fd70196afe2e571/screenshot - {}
RESULT: {"actions":[{"id":"action26","type":"key","parameters":{},"actions":[{"type":"keyDown","value":""},{"type":"pause","duration":10},{"type":"keyUp","value":""}]}]}
COMMAND: GET /session/f2510c46535a82282fd70196afe2e571/screenshot - {}
RESULT: {}
RESULT: {}
COMMAND: POST /session/f2510c46535a82282fd70196afe2e571/refresh - {}
RESULT: {}
COMMAND: GET /session/f2510c46535a82282fd70196afe2e571/screenshot - {}
RESULT: {}
COMMAND: POST /session/f2510c46535a82282fd70196afe2e571/refresh - {}
RESULT: {}
COMMAND: GET /session/f2510c46535a82282fd70196afe2e571/screenshot - {}
RESULT: {}
COMMAND: POST /session/f2510c46535a82282fd70196afe2e571/window/fullscreen - {}
RESULT: {}
COMMAND: POST /session/f2510c46535a82282fd70196afe2e571/execute/async - {"script":"<script> [189 bytes]","args":[]}
RESULT: {"script":"<script> [189 bytes]","args":[]}
COMMAND: POST /session/f2510c46535a82282fd70196afe2e571/execute/async - {"script":"<script> [123 bytes]","args":[]}
RESULT: {"script":"<script> [123 bytes]","args":[]}
COMMAND: POST /session/f2510c46535a82282fd70196afe2e571/timeouts - {"script":"<number>"}
RESULT: {"script":"<number>"}
COMMAND: GET /session/f2510c46535a82282fd70196afe2e571/timeouts - {}
RESULT: {}
RESULT: undefined
COMMAND: POST /session/f2510c46535a82282fd70196afe2e571/execute/async - {"script":"<script> [2676 bytes]","args":[]}
RESULT: {"script":"<script> [2676 bytes]","args":[]}
COMMAND: POST /session/f2510c46535a82282fd70196afe2e571/execute/async - {"script":"<script> [2342 bytes]","args":[{"protocol":"http","hostname":"0.0.0.0","path":"/","capabilities":{"browserName":"chrome","goog:chromeOptions":{"binary":"C:\\Program Files\\Google\\Chrome\\Application\\chrome.exe","args":["--start-maximized"]}},"logLevel":"warn","connectionRetryTimeout":120000,"connectionRetryCount":3,"logLevels":{},"enableDirectConnect":true,"strictSSL":true,"_":"65 more keys: [\"cacheDir\",\"port\",\"requestedCapabilities\",\"automationProtocol\",\"baseUrl\",\"waitforInterval\",\"waitforTimeout\",\"onReload\",\"beforeCommand\",\"afterCommand\",\"rootDir\",\"specs\",\"suites\",\"exclude\",\"groupLogsByTestSpec\",\"excludeDriverLogs\",\"bail\",\"framework\",\"reporters\",\"services\",\"maxInstances\",\"maxInstancesPerCapability\",\"injectGlobals\",\"filesToWatch\",\"execArgv\",\"runnerEnv\",\"runner\",\"shard\",\"specFileRetries\",\"specFileRetriesDelay\",\"specFileRetriesDeferred\",\"reporterSyncInterval\",\"reporterSyncTimeout\",\"cucumberFeaturesWithLineNumbers\",\"autoCompileOpts\",\"mochaOpts\",\"jasmineOpts\",\"cucumberOpts\",\"onPrepare\",\"onWorkerStart\",\"onWorkerEnd\",\"before\",\"beforeSession\",\"beforeSuite\",\"beforeHook\",\"beforeTest\",\"afterTest\",\"afterHook\",\"afterSuite\",\"afterSession\",\"after\",\"onComplete\",\"beforeAssertion\",\"afterAssertion\",\"beforeFeature\",\"beforeScenario\",\"beforeStep\",\"afterStep\",\"afterScenario\",\"afterFeature\",\"_\",\"suite\",\"$0\",\"ignoredWorkerServices\",\"wdi5\"]"}]}
RESULT: {"script":"<script> [2342 bytes]","args":[{"protocol":"http","hostname":"0.0.0.0","path":"/","capabilities":{"browserName":"chrome","goog:chromeOptions":{"binary":"C:\\Program Files\\Google\\Chrome\\Application\\chrome.exe","args":["--start-maximized"]}},"logLevel":"warn","connectionRetryTimeout":120000,"connectionRetryCount":3,"logLevels":{},"enableDirectConnect":true,"strictSSL":true,"_":"65 more keys: [\"cacheDir\",\"port\",\"requestedCapabilities\",\"automationProtocol\",\"baseUrl\",\"waitforInterval\",\"waitforTimeout\",\"onReload\",\"beforeCommand\",\"afterCommand\",\"rootDir\",\"specs\",\"suites\",\"exclude\",\"groupLogsByTestSpec\",\"excludeDriverLogs\",\"bail\",\"framework\",\"reporters\",\"services\",\"maxInstances\",\"maxInstancesPerCapability\",\"injectGlobals\",\"filesToWatch\",\"execArgv\",\"runnerEnv\",\"runner\",\"shard\",\"specFileRetries\",\"specFileRetriesDelay\",\"specFileRetriesDeferred\",\"reporterSyncInterval\",\"reporterSyncTimeout\",\"cucumberFeaturesWithLineNumbers\",\"autoCompileOpts\",\"mochaOpts\",\"jasmineOpts\",\"cucumberOpts\",\"onPrepare\",\"onWorkerStart\",\"onWorkerEnd\",\"before\",\"beforeSession\",\"beforeSuite\",\"beforeHook\",\"beforeTest\",\"afterTest\",\"afterHook\",\"afterSuite\",\"afterSession\",\"after\",\"onComplete\",\"beforeAssertion\",\"afterAssertion\",\"beforeFeature\",\"beforeScenario\",\"beforeStep\",\"afterStep\",\"afterScenario\",\"afterFeature\",\"_\",\"suite\",\"$0\",\"ignoredWorkerServices\",\"wdi5\"]"}]}
COMMAND: POST /session/f2510c46535a82282fd70196afe2e571/execute/async - {"script":"<script> [21126 bytes]","args":[35000]}
RESULT: {"script":"<script> [21126 bytes]","args":[35000]}
COMMAND: POST /session/f2510c46535a82282fd70196afe2e571/window/fullscreen - {}
RESULT: {}
]]></system-out>
    </testcase>
    <testcase classname="chrome.136_0_7103_93.windows.Create_master_data_for_mixed_billing_&amp;_do_billing_calculation_US151661" name="Should create a new equipment and add a counter to it" time="170.906">
      <system-out><![CDATA[
COMMAND: POST /session/f2510c46535a82282fd70196afe2e571/execute/async - {"script":"<script> [1562 bytes]","args":[{"selector":{"controlType":"sap.m.GenericTile","properties":{"header":"Manage Resources"}},"wdio_ui5_key":"sapm.GenericTile{\"header\":\"Manage Resources\"}"}]}
RESULT: {"script":"<script> [1562 bytes]","args":[{"selector":{"controlType":"sap.m.GenericTile","properties":{"header":"Manage Resources"}},"wdio_ui5_key":"sapm.GenericTile{\"header\":\"Manage Resources\"}"}]}
RESULT: undefined
COMMAND: POST /session/f2510c46535a82282fd70196afe2e571/element - {"using":"xpath","value":"//*[@id=\"__tile31\"]"}
RESULT: {"using":"xpath","value":"//*[@id=\"__tile31\"]"}
COMMAND: POST /session/f2510c46535a82282fd70196afe2e571/element/f.F7DC0DCC1AEA5B11728C456D26A3F950.d.B8059681E951F6768CC14B5597557649.e.7315/click - {}
RESULT: {}
COMMAND: GET /session/f2510c46535a82282fd70196afe2e571/screenshot - {}
RESULT: {}
COMMAND: POST /session/f2510c46535a82282fd70196afe2e571/elements - {"using":"xpath","value":"//span[text()='Error']"}
RESULT: {"using":"xpath","value":"//span[text()='Error']"}
COMMAND: POST /session/f2510c46535a82282fd70196afe2e571/element - {"using":"xpath","value":"//button[@data-kt=\"addNewRUOverflowToolbarButton\"]"}
RESULT: {"using":"xpath","value":"//button[@data-kt=\"addNewRUOverflowToolbarButton\"]"}
COMMAND: POST /session/f2510c46535a82282fd70196afe2e571/elements - {"using":"xpath","value":"//button[@data-kt=\"addNewRUOverflowToolbarButton\"]"}
RESULT: {"using":"xpath","value":"//button[@data-kt=\"addNewRUOverflowToolbarButton\"]"}
COMMAND: POST /session/f2510c46535a82282fd70196afe2e571/execute/sync - {"script":"<script> [8489 bytes]","args":[{"element-6066-11e4-a52e-4f735466cecf":"f.F7DC0DCC1AEA5B11728C456D26A3F950.d.B8059681E951F6768CC14B5597557649.e.7433","ELEMENT":"f.F7DC0DCC1AEA5B11728C456D26A3F950.d.B8059681E951F6768CC14B5597557649.e.7433"}]}
RESULT: {"script":"<script> [8489 bytes]","args":[{"element-6066-11e4-a52e-4f735466cecf":"f.F7DC0DCC1AEA5B11728C456D26A3F950.d.B8059681E951F6768CC14B5597557649.e.7433","ELEMENT":"f.F7DC0DCC1AEA5B11728C456D26A3F950.d.B8059681E951F6768CC14B5597557649.e.7433"}]}
COMMAND: GET /session/f2510c46535a82282fd70196afe2e571/element/f.F7DC0DCC1AEA5B11728C456D26A3F950.d.B8059681E951F6768CC14B5597557649.e.7433/enabled - {}
COMMAND: GET /session/f2510c46535a82282fd70196afe2e571/screenshot - {}
RESULT: {}
COMMAND: POST /session/f2510c46535a82282fd70196afe2e571/execute/sync - {"script":"<script> [8489 bytes]","args":[{"element-6066-11e4-a52e-4f735466cecf":"f.F7DC0DCC1AEA5B11728C456D26A3F950.d.B8059681E951F6768CC14B5597557649.e.7433","ELEMENT":"f.F7DC0DCC1AEA5B11728C456D26A3F950.d.B8059681E951F6768CC14B5597557649.e.7433"}]}
COMMAND: GET /session/f2510c46535a82282fd70196afe2e571/screenshot - {}
RESULT: {}
RESULT: {"script":"<script> [8489 bytes]","args":[{"element-6066-11e4-a52e-4f735466cecf":"f.F7DC0DCC1AEA5B11728C456D26A3F950.d.B8059681E951F6768CC14B5597557649.e.7433","ELEMENT":"f.F7DC0DCC1AEA5B11728C456D26A3F950.d.B8059681E951F6768CC14B5597557649.e.7433"}]}
COMMAND: POST /session/f2510c46535a82282fd70196afe2e571/execute/sync - {"script":"<script> [5351 bytes]","args":[{"element-6066-11e4-a52e-4f735466cecf":"f.F7DC0DCC1AEA5B11728C456D26A3F950.d.B8059681E951F6768CC14B5597557649.e.7433","ELEMENT":"f.F7DC0DCC1AEA5B11728C456D26A3F950.d.B8059681E951F6768CC14B5597557649.e.7433"}]}
COMMAND: GET /session/f2510c46535a82282fd70196afe2e571/screenshot - {}
RESULT: {}
RESULT: {"script":"<script> [5351 bytes]","args":[{"element-6066-11e4-a52e-4f735466cecf":"f.F7DC0DCC1AEA5B11728C456D26A3F950.d.B8059681E951F6768CC14B5597557649.e.7433","ELEMENT":"f.F7DC0DCC1AEA5B11728C456D26A3F950.d.B8059681E951F6768CC14B5597557649.e.7433"}]}
COMMAND: POST /session/f2510c46535a82282fd70196afe2e571/element/f.F7DC0DCC1AEA5B11728C456D26A3F950.d.B8059681E951F6768CC14B5597557649.e.7433/click - {}
COMMAND: GET /session/f2510c46535a82282fd70196afe2e571/screenshot - {}
RESULT: {}
RESULT: {}
COMMAND: GET /session/f2510c46535a82282fd70196afe2e571/screenshot - {}
COMMAND: POST /session/f2510c46535a82282fd70196afe2e571/execute/async - {"script":"<script> [1562 bytes]","args":[{"selector":{"id":"application-manageresources-display-component---newResourceUnit--TYPE-arrow"},"wdio_ui5_key":"applicationmanageresources-display-component---newResourceUnit--TYPE-arrow"}]}
RESULT: {}
RESULT: {}
RESULT: {"script":"<script> [1562 bytes]","args":[{"selector":{"id":"application-manageresources-display-component---newResourceUnit--TYPE-arrow"},"wdio_ui5_key":"applicationmanageresources-display-component---newResourceUnit--TYPE-arrow"}]}
RESULT: undefined
COMMAND: POST /session/f2510c46535a82282fd70196afe2e571/element - {"using":"xpath","value":"//*[@id=\"application-manageresources-display-component---newResourceUnit--TYPE-arrow\"]"}
RESULT: {"using":"xpath","value":"//*[@id=\"application-manageresources-display-component---newResourceUnit--TYPE-arrow\"]"}
COMMAND: POST /session/f2510c46535a82282fd70196afe2e571/element/f.F7DC0DCC1AEA5B11728C456D26A3F950.d.B8059681E951F6768CC14B5597557649.e.7797/click - {}
RESULT: {}
COMMAND: POST /session/f2510c46535a82282fd70196afe2e571/element - {"using":"xpath","value":"//input[@id=\"application-manageresources-display-component---newResourceUnit--TYPE-inner\"]"}
COMMAND: GET /session/f2510c46535a82282fd70196afe2e571/screenshot - {}
RESULT: {"using":"xpath","value":"//input[@id=\"application-manageresources-display-component---newResourceUnit--TYPE-inner\"]"}
COMMAND: POST /session/f2510c46535a82282fd70196afe2e571/element/f.F7DC0DCC1AEA5B11728C456D26A3F950.d.B8059681E951F6768CC14B5597557649.e.7773/clear - {}
RESULT: {}
RESULT: {}
COMMAND: POST /session/f2510c46535a82282fd70196afe2e571/element/f.F7DC0DCC1AEA5B11728C456D26A3F950.d.B8059681E951F6768CC14B5597557649.e.7773/value - {"text":"Equipment"}
COMMAND: GET /session/f2510c46535a82282fd70196afe2e571/screenshot - {}
RESULT: {"text":"Equipment"}
COMMAND: GET /session/f2510c46535a82282fd70196afe2e571/screenshot - {}
RESULT: {}
RESULT: {}
COMMAND: POST /session/f2510c46535a82282fd70196afe2e571/actions - {"actions":[{"id":"action27","type":"key","parameters":{},"actions":[{"type":"keyDown","value":""},{"type":"pause","duration":10},{"type":"keyUp","value":""}]}]}
RESULT: {"actions":[{"id":"action27","type":"key","parameters":{},"actions":[{"type":"keyDown","value":""},{"type":"pause","duration":10},{"type":"keyUp","value":""}]}]}
COMMAND: POST /session/f2510c46535a82282fd70196afe2e571/execute/async - {"script":"<script> [1562 bytes]","args":[{"selector":{"id":"application-manageresources-display-component---newResourceUnit--resourceId","interaction":{"idSuffix":"inner"}},"wdio_ui5_key":"applicationmanageresources-display-component---newResourceUnit--resourceId"}]}
COMMAND: GET /session/f2510c46535a82282fd70196afe2e571/screenshot - {}
RESULT: {"script":"<script> [1562 bytes]","args":[{"selector":{"id":"application-manageresources-display-component---newResourceUnit--resourceId","interaction":{"idSuffix":"inner"}},"wdio_ui5_key":"applicationmanageresources-display-component---newResourceUnit--resourceId"}]}
RESULT: undefined
COMMAND: POST /session/f2510c46535a82282fd70196afe2e571/execute/async - {"script":"<script> [776 bytes]","args":[{"enterText":"sX7aVKmXfa","selector":{"id":"application-manageresources-display-component---newResourceUnit--resourceId","interaction":{"idSuffix":"inner"}},"clearTextFirst":true,"interactionType":"ENTER_TEXT"}]}
RESULT: {}
RESULT: {"script":"<script> [776 bytes]","args":[{"enterText":"sX7aVKmXfa","selector":{"id":"application-manageresources-display-component---newResourceUnit--resourceId","interaction":{"idSuffix":"inner"}},"clearTextFirst":true,"interactionType":"ENTER_TEXT"}]}
COMMAND: POST /session/f2510c46535a82282fd70196afe2e571/execute/async - {"script":"<script> [1562 bytes]","args":[{"selector":{"id":"application-manageresources-display-component---newResourceUnit--SHORT_TEXT","interaction":{"idSuffix":"inner"}},"wdio_ui5_key":"applicationmanageresources-display-component---newResourceUnit--SHORT_TEXT"}]}
RESULT: {"script":"<script> [1562 bytes]","args":[{"selector":{"id":"application-manageresources-display-component---newResourceUnit--SHORT_TEXT","interaction":{"idSuffix":"inner"}},"wdio_ui5_key":"applicationmanageresources-display-component---newResourceUnit--SHORT_TEXT"}]}
RESULT: undefined
COMMAND: POST /session/f2510c46535a82282fd70196afe2e571/execute/async - {"script":"<script> [776 bytes]","args":[{"enterText":"Intercompany Equipment WDIO","selector":{"id":"application-manageresources-display-component---newResourceUnit--SHORT_TEXT","interaction":{"idSuffix":"inner"}},"clearTextFirst":true,"interactionType":"ENTER_TEXT"}]}
RESULT: {"script":"<script> [776 bytes]","args":[{"enterText":"Intercompany Equipment WDIO","selector":{"id":"application-manageresources-display-component---newResourceUnit--SHORT_TEXT","interaction":{"idSuffix":"inner"}},"clearTextFirst":true,"interactionType":"ENTER_TEXT"}]}
COMMAND: POST /session/f2510c46535a82282fd70196afe2e571/execute/async - {"script":"<script> [1562 bytes]","args":[{"selector":{"id":"application-manageresources-display-component---newResourceUnit--BASE_UNIT_OF_MEASURE","interaction":{"idSuffix":"inner"}},"wdio_ui5_key":"applicationmanageresources-display-component---newResourceUnit--BASE_UNIT_OF_MEASURE"}]}
RESULT: {"script":"<script> [1562 bytes]","args":[{"selector":{"id":"application-manageresources-display-component---newResourceUnit--BASE_UNIT_OF_MEASURE","interaction":{"idSuffix":"inner"}},"wdio_ui5_key":"applicationmanageresources-display-component---newResourceUnit--BASE_UNIT_OF_MEASURE"}]}
RESULT: undefined
COMMAND: POST /session/f2510c46535a82282fd70196afe2e571/execute/async - {"script":"<script> [776 bytes]","args":[{"enterText":"Piece","selector":{"id":"application-manageresources-display-component---newResourceUnit--BASE_UNIT_OF_MEASURE","interaction":{"idSuffix":"inner"}},"clearTextFirst":true,"interactionType":"ENTER_TEXT"}]}
RESULT: {"script":"<script> [776 bytes]","args":[{"enterText":"Piece","selector":{"id":"application-manageresources-display-component---newResourceUnit--BASE_UNIT_OF_MEASURE","interaction":{"idSuffix":"inner"}},"clearTextFirst":true,"interactionType":"ENTER_TEXT"}]}
COMMAND: POST /session/f2510c46535a82282fd70196afe2e571/execute/async - {"script":"<script> [1562 bytes]","args":[{"selector":{"id":"application-manageresources-display-component---newResourceUnit--WEIGHT_UNIT","interaction":{"idSuffix":"inner"}},"wdio_ui5_key":"applicationmanageresources-display-component---newResourceUnit--WEIGHT_UNIT"}]}
RESULT: {"script":"<script> [1562 bytes]","args":[{"selector":{"id":"application-manageresources-display-component---newResourceUnit--WEIGHT_UNIT","interaction":{"idSuffix":"inner"}},"wdio_ui5_key":"applicationmanageresources-display-component---newResourceUnit--WEIGHT_UNIT"}]}
RESULT: undefined
COMMAND: POST /session/f2510c46535a82282fd70196afe2e571/execute/async - {"script":"<script> [776 bytes]","args":[{"enterText":"Gram","selector":{"id":"application-manageresources-display-component---newResourceUnit--WEIGHT_UNIT","interaction":{"idSuffix":"inner"}},"clearTextFirst":true,"interactionType":"ENTER_TEXT"}]}
RESULT: {"script":"<script> [776 bytes]","args":[{"enterText":"Gram","selector":{"id":"application-manageresources-display-component---newResourceUnit--WEIGHT_UNIT","interaction":{"idSuffix":"inner"}},"clearTextFirst":true,"interactionType":"ENTER_TEXT"}]}
COMMAND: POST /session/f2510c46535a82282fd70196afe2e571/execute/async - {"script":"<script> [1562 bytes]","args":[{"selector":{"id":"application-manageresources-display-component---newResourceUnit--DIMENSION_UNIT","interaction":{"idSuffix":"inner"}},"wdio_ui5_key":"applicationmanageresources-display-component---newResourceUnit--DIMENSION_UNIT"}]}
RESULT: {"script":"<script> [1562 bytes]","args":[{"selector":{"id":"application-manageresources-display-component---newResourceUnit--DIMENSION_UNIT","interaction":{"idSuffix":"inner"}},"wdio_ui5_key":"applicationmanageresources-display-component---newResourceUnit--DIMENSION_UNIT"}]}
RESULT: undefined
COMMAND: POST /session/f2510c46535a82282fd70196afe2e571/execute/async - {"script":"<script> [776 bytes]","args":[{"enterText":"Meter","selector":{"id":"application-manageresources-display-component---newResourceUnit--DIMENSION_UNIT","interaction":{"idSuffix":"inner"}},"clearTextFirst":true,"interactionType":"ENTER_TEXT"}]}
RESULT: {"script":"<script> [776 bytes]","args":[{"enterText":"Meter","selector":{"id":"application-manageresources-display-component---newResourceUnit--DIMENSION_UNIT","interaction":{"idSuffix":"inner"}},"clearTextFirst":true,"interactionType":"ENTER_TEXT"}]}
COMMAND: POST /session/f2510c46535a82282fd70196afe2e571/execute/async - {"script":"<script> [1562 bytes]","args":[{"selector":{"id":"application-manageresources-display-component---newResourceUnit--newRRUPage-anchBar-application-manageresources-display-component---newResourceUnit--control-anchor","interaction":{"idSuffix":"BDI-content"}},"wdio_ui5_key":"applicationmanageresources-display-component---newResourceUnit--newRRUPage-anchBar-application-manageresources-display-component---newResourceUnit--control-anchor"}]}
RESULT: {"script":"<script> [1562 bytes]","args":[{"selector":{"id":"application-manageresources-display-component---newResourceUnit--newRRUPage-anchBar-application-manageresources-display-component---newResourceUnit--control-anchor","interaction":{"idSuffix":"BDI-content"}},"wdio_ui5_key":"applicationmanageresources-display-component---newResourceUnit--newRRUPage-anchBar-application-manageresources-display-component---newResourceUnit--control-anchor"}]}
RESULT: undefined
COMMAND: POST /session/f2510c46535a82282fd70196afe2e571/element - {"using":"xpath","value":"//*[@id=\"application-manageresources-display-component---newResourceUnit--newRRUPage-anchBar-application-manageresources-display-component---newResourceUnit--control-anchor\"]"}
RESULT: {"using":"xpath","value":"//*[@id=\"application-manageresources-display-component---newResourceUnit--newRRUPage-anchBar-application-manageresources-display-component---newResourceUnit--control-anchor\"]"}
COMMAND: POST /session/f2510c46535a82282fd70196afe2e571/element/f.F7DC0DCC1AEA5B11728C456D26A3F950.d.B8059681E951F6768CC14B5597557649.e.7957/click - {}
RESULT: {}
COMMAND: POST /session/f2510c46535a82282fd70196afe2e571/execute/async - {"script":"<script> [1562 bytes]","args":[{"selector":{"id":"application-manageresources-display-component---newResourceUnit--PLANNING_GROUP","interaction":{"idSuffix":"inner"}},"wdio_ui5_key":"applicationmanageresources-display-component---newResourceUnit--PLANNING_GROUP"}]}
COMMAND: GET /session/f2510c46535a82282fd70196afe2e571/screenshot - {}
RESULT: {"script":"<script> [1562 bytes]","args":[{"selector":{"id":"application-manageresources-display-component---newResourceUnit--PLANNING_GROUP","interaction":{"idSuffix":"inner"}},"wdio_ui5_key":"applicationmanageresources-display-component---newResourceUnit--PLANNING_GROUP"}]}
RESULT: undefined
COMMAND: POST /session/f2510c46535a82282fd70196afe2e571/execute/async - {"script":"<script> [776 bytes]","args":[{"enterText":"Heavy Equi","selector":{"id":"application-manageresources-display-component---newResourceUnit--PLANNING_GROUP","interaction":{"idSuffix":"inner"}},"clearTextFirst":true,"interactionType":"ENTER_TEXT"}]}
RESULT: {}
RESULT: {"script":"<script> [776 bytes]","args":[{"enterText":"Heavy Equi","selector":{"id":"application-manageresources-display-component---newResourceUnit--PLANNING_GROUP","interaction":{"idSuffix":"inner"}},"clearTextFirst":true,"interactionType":"ENTER_TEXT"}]}
COMMAND: POST /session/f2510c46535a82282fd70196afe2e571/execute/async - {"script":"<script> [1562 bytes]","args":[{"selector":{"id":"application-manageresources-display-component---newResourceUnit--ITEM_TYPE-arrow"},"wdio_ui5_key":"applicationmanageresources-display-component---newResourceUnit--ITEM_TYPE-arrow"}]}
RESULT: {"script":"<script> [1562 bytes]","args":[{"selector":{"id":"application-manageresources-display-component---newResourceUnit--ITEM_TYPE-arrow"},"wdio_ui5_key":"applicationmanageresources-display-component---newResourceUnit--ITEM_TYPE-arrow"}]}
RESULT: undefined
COMMAND: POST /session/f2510c46535a82282fd70196afe2e571/element - {"using":"xpath","value":"//*[@id=\"application-manageresources-display-component---newResourceUnit--ITEM_TYPE-arrow\"]"}
RESULT: {"using":"xpath","value":"//*[@id=\"application-manageresources-display-component---newResourceUnit--ITEM_TYPE-arrow\"]"}
COMMAND: POST /session/f2510c46535a82282fd70196afe2e571/element/f.F7DC0DCC1AEA5B11728C456D26A3F950.d.B8059681E951F6768CC14B5597557649.e.7964/click - {}
RESULT: {}
COMMAND: POST /session/f2510c46535a82282fd70196afe2e571/element - {"using":"xpath","value":"//ul[contains(@id,\"ITEM_TYPE-popup-list-listUl\")]//li[.//span[contains(text(),\"Resource Unit\")]]"}
COMMAND: GET /session/f2510c46535a82282fd70196afe2e571/screenshot - {}
RESULT: {"using":"xpath","value":"//ul[contains(@id,\"ITEM_TYPE-popup-list-listUl\")]//li[.//span[contains(text(),\"Resource Unit\")]]"}
COMMAND: POST /session/f2510c46535a82282fd70196afe2e571/element/f.F7DC0DCC1AEA5B11728C456D26A3F950.d.B8059681E951F6768CC14B5597557649.e.7965/click - {}
RESULT: {}
RESULT: {}
COMMAND: GET /session/f2510c46535a82282fd70196afe2e571/screenshot - {}
RESULT: {}
COMMAND: POST /session/f2510c46535a82282fd70196afe2e571/element - {"using":"css selector","value":"#application-manageresources-display-component---newResourceUnit--btnAddTimeSegment"}
RESULT: {"using":"css selector","value":"#application-manageresources-display-component---newResourceUnit--btnAddTimeSegment"}
COMMAND: GET /session/f2510c46535a82282fd70196afe2e571/element/f.F7DC0DCC1AEA5B11728C456D26A3F950.d.B8059681E951F6768CC14B5597557649.e.7973/rect - {}
RESULT: {}
COMMAND: GET /session/f2510c46535a82282fd70196afe2e571/window/rect - {}
RESULT: {}
COMMAND: POST /session/f2510c46535a82282fd70196afe2e571/execute/sync - {"script":"<script> [92 bytes]","args":[]}
RESULT: {"script":"<script> [92 bytes]","args":[]}
COMMAND: POST /session/f2510c46535a82282fd70196afe2e571/actions - {"actions":[{"id":"action28","type":"wheel","parameters":{},"actions":[{"type":"scroll","x":-1888,"y":-32,"deltaX":0,"deltaY":0,"duration":0,"origin":{"element-6066-11e4-a52e-4f735466cecf":"f.F7DC0DCC1AEA5B11728C456D26A3F950.d.B8059681E951F6768CC14B5597557649.e.7973"}}]}]}
COMMAND: GET /session/f2510c46535a82282fd70196afe2e571/screenshot - {}
RESULT: {}
COMMAND: POST /session/f2510c46535a82282fd70196afe2e571/execute/sync - {"script":"<script> [79 bytes]","args":[{"element-6066-11e4-a52e-4f735466cecf":"f.F7DC0DCC1AEA5B11728C456D26A3F950.d.B8059681E951F6768CC14B5597557649.e.7973","ELEMENT":"f.F7DC0DCC1AEA5B11728C456D26A3F950.d.B8059681E951F6768CC14B5597557649.e.7973"},{"block":"start","inline":"nearest"}]}
RESULT: {"script":"<script> [79 bytes]","args":[{"element-6066-11e4-a52e-4f735466cecf":"f.F7DC0DCC1AEA5B11728C456D26A3F950.d.B8059681E951F6768CC14B5597557649.e.7973","ELEMENT":"f.F7DC0DCC1AEA5B11728C456D26A3F950.d.B8059681E951F6768CC14B5597557649.e.7973"},{"block":"start","inline":"nearest"}]}
COMMAND: POST /session/f2510c46535a82282fd70196afe2e571/execute/async - {"script":"<script> [1562 bytes]","args":[{"selector":{"id":"application-manageresources-display-component---newResourceUnit--btnAddTimeSegment","interaction":{"idSuffix":"inner"}},"wdio_ui5_key":"applicationmanageresources-display-component---newResourceUnit--btnAddTimeSegment"}]}
COMMAND: GET /session/f2510c46535a82282fd70196afe2e571/screenshot - {}
RESULT: {"script":"<script> [1562 bytes]","args":[{"selector":{"id":"application-manageresources-display-component---newResourceUnit--btnAddTimeSegment","interaction":{"idSuffix":"inner"}},"wdio_ui5_key":"applicationmanageresources-display-component---newResourceUnit--btnAddTimeSegment"}]}
RESULT: undefined
COMMAND: POST /session/f2510c46535a82282fd70196afe2e571/element - {"using":"xpath","value":"//*[@id=\"application-manageresources-display-component---newResourceUnit--btnAddTimeSegment\"]"}
RESULT: {}
RESULT: {"using":"xpath","value":"//*[@id=\"application-manageresources-display-component---newResourceUnit--btnAddTimeSegment\"]"}
COMMAND: POST /session/f2510c46535a82282fd70196afe2e571/element/f.F7DC0DCC1AEA5B11728C456D26A3F950.d.B8059681E951F6768CC14B5597557649.e.7973/click - {}
RESULT: {}
COMMAND: GET /session/f2510c46535a82282fd70196afe2e571/screenshot - {}
RESULT: {}
COMMAND: POST /session/f2510c46535a82282fd70196afe2e571/element - {"using":"xpath","value":"//input[@id=\"application-manageresources-display-component---newResourceUnit--idRuTSAdmin-application-manageresources-display-component---newResourceUnit--RUTimeSegment-0-inner\"]"}
RESULT: {"using":"xpath","value":"//input[@id=\"application-manageresources-display-component---newResourceUnit--idRuTSAdmin-application-manageresources-display-component---newResourceUnit--RUTimeSegment-0-inner\"]"}
COMMAND: POST /session/f2510c46535a82282fd70196afe2e571/element/f.F7DC0DCC1AEA5B11728C456D26A3F950.d.B8059681E951F6768CC14B5597557649.e.7979/clear - {}
RESULT: {}
COMMAND: POST /session/f2510c46535a82282fd70196afe2e571/element/f.F7DC0DCC1AEA5B11728C456D26A3F950.d.B8059681E951F6768CC14B5597557649.e.7979/value - {"text":"532"}
COMMAND: GET /session/f2510c46535a82282fd70196afe2e571/screenshot - {}
RESULT: {"text":"532"}
COMMAND: GET /session/f2510c46535a82282fd70196afe2e571/screenshot - {}
RESULT: {}
RESULT: {}
COMMAND: POST /session/f2510c46535a82282fd70196afe2e571/element - {"using":"xpath","value":"//li[.//span[text()='532']]"}
RESULT: {"using":"xpath","value":"//li[.//span[text()='532']]"}
COMMAND: POST /session/f2510c46535a82282fd70196afe2e571/element/f.F7DC0DCC1AEA5B11728C456D26A3F950.d.B8059681E951F6768CC14B5597557649.e.7991/click - {}
RESULT: {}
COMMAND: GET /session/f2510c46535a82282fd70196afe2e571/screenshot - {}
RESULT: {}
COMMAND: POST /session/f2510c46535a82282fd70196afe2e571/element - {"using":"xpath","value":"(//span[contains(@id, \"-application-manageresources-display-component---newResourceUnit--RUTimeSegment-0-arrow\")])[6]"}
RESULT: {"using":"xpath","value":"(//span[contains(@id, \"-application-manageresources-display-component---newResourceUnit--RUTimeSegment-0-arrow\")])[6]"}
COMMAND: POST /session/f2510c46535a82282fd70196afe2e571/element/f.F7DC0DCC1AEA5B11728C456D26A3F950.d.B8059681E951F6768CC14B5597557649.e.7992/click - {}
RESULT: {}
COMMAND: GET /session/f2510c46535a82282fd70196afe2e571/screenshot - {}
RESULT: {}
COMMAND: POST /session/f2510c46535a82282fd70196afe2e571/element - {"using":"xpath","value":"//span[contains(text(), \"PM Order\")]"}
RESULT: {"using":"xpath","value":"//span[contains(text(), \"PM Order\")]"}
COMMAND: POST /session/f2510c46535a82282fd70196afe2e571/element/f.F7DC0DCC1AEA5B11728C456D26A3F950.d.B8059681E951F6768CC14B5597557649.e.7995/click - {}
RESULT: {}
COMMAND: GET /session/f2510c46535a82282fd70196afe2e571/screenshot - {}
RESULT: {}
COMMAND: POST /session/f2510c46535a82282fd70196afe2e571/element - {"using":"xpath","value":"(//span[contains(@id ,\"manageresources-display-component---newResourceUnit--RUTimeSegment-0-vhi\")])[1]"}
RESULT: {"using":"xpath","value":"(//span[contains(@id ,\"manageresources-display-component---newResourceUnit--RUTimeSegment-0-vhi\")])[1]"}
COMMAND: GET /session/f2510c46535a82282fd70196afe2e571/element/f.F7DC0DCC1AEA5B11728C456D26A3F950.d.B8059681E951F6768CC14B5597557649.e.7999/rect - {}
RESULT: {}
COMMAND: GET /session/f2510c46535a82282fd70196afe2e571/window/rect - {}
RESULT: {}
COMMAND: POST /session/f2510c46535a82282fd70196afe2e571/execute/sync - {"script":"<script> [92 bytes]","args":[]}
RESULT: {"script":"<script> [92 bytes]","args":[]}
COMMAND: POST /session/f2510c46535a82282fd70196afe2e571/actions - {"actions":[{"id":"action29","type":"wheel","parameters":{},"actions":[{"type":"scroll","x":-869,"y":-24,"deltaX":0,"deltaY":0,"duration":0,"origin":{"element-6066-11e4-a52e-4f735466cecf":"f.F7DC0DCC1AEA5B11728C456D26A3F950.d.B8059681E951F6768CC14B5597557649.e.7999"}}]}]}
COMMAND: GET /session/f2510c46535a82282fd70196afe2e571/screenshot - {}
RESULT: {"actions":[{"id":"action29","type":"wheel","parameters":{},"actions":[{"type":"scroll","x":-869,"y":-24,"deltaX":0,"deltaY":0,"duration":0,"origin":{"element-6066-11e4-a52e-4f735466cecf":"f.F7DC0DCC1AEA5B11728C456D26A3F950.d.B8059681E951F6768CC14B5597557649.e.7999"}}]}]}
COMMAND: DELETE /session/f2510c46535a82282fd70196afe2e571/actions - {}
COMMAND: GET /session/f2510c46535a82282fd70196afe2e571/screenshot - {}
RESULT: {}
RESULT: {}
COMMAND: GET /session/f2510c46535a82282fd70196afe2e571/screenshot - {}
RESULT: {}
RESULT: {}
COMMAND: POST /session/f2510c46535a82282fd70196afe2e571/element/f.F7DC0DCC1AEA5B11728C456D26A3F950.d.B8059681E951F6768CC14B5597557649.e.7999/click - {}
RESULT: {}
COMMAND: GET /session/f2510c46535a82282fd70196afe2e571/screenshot - {}
RESULT: {}
COMMAND: POST /session/f2510c46535a82282fd70196afe2e571/execute/async - {"script":"<script> [1562 bytes]","args":[{"selector":{"controlType":"sap.m.SearchField","properties":{"placeholder":"Search"},"searchOpenDialogs":true,"interaction":{"idSuffix":"I"}},"wdio_ui5_key":"sapm.SearchField{\"placeholder\":\"Search\"}"}]}
RESULT: {"script":"<script> [1562 bytes]","args":[{"selector":{"controlType":"sap.m.SearchField","properties":{"placeholder":"Search"},"searchOpenDialogs":true,"interaction":{"idSuffix":"I"}},"wdio_ui5_key":"sapm.SearchField{\"placeholder\":\"Search\"}"}]}
RESULT: undefined
COMMAND: POST /session/f2510c46535a82282fd70196afe2e571/execute/async - {"script":"<script> [776 bytes]","args":[{"enterText":"4000360","selector":{"controlType":"sap.m.SearchField","properties":{"placeholder":"Search"},"searchOpenDialogs":true,"interaction":{"idSuffix":"I"}},"clearTextFirst":true,"interactionType":"ENTER_TEXT"}]}
RESULT: {"script":"<script> [776 bytes]","args":[{"enterText":"4000360","selector":{"controlType":"sap.m.SearchField","properties":{"placeholder":"Search"},"searchOpenDialogs":true,"interaction":{"idSuffix":"I"}},"clearTextFirst":true,"interactionType":"ENTER_TEXT"}]}
COMMAND: POST /session/f2510c46535a82282fd70196afe2e571/actions - {"actions":[{"id":"action30","type":"key","parameters":{},"actions":[{"type":"keyDown","value":""},{"type":"pause","duration":10},{"type":"keyUp","value":""}]}]}
RESULT: {"actions":[{"id":"action30","type":"key","parameters":{},"actions":[{"type":"keyDown","value":""},{"type":"pause","duration":10},{"type":"keyUp","value":""}]}]}
COMMAND: GET /session/f2510c46535a82282fd70196afe2e571/screenshot - {}
RESULT: {}
COMMAND: POST /session/f2510c46535a82282fd70196afe2e571/element - {"using":"xpath","value":"//td/div/span[contains(text(), \"BGL Vehicles\")]"}
RESULT: {"using":"xpath","value":"//td/div/span[contains(text(), \"BGL Vehicles\")]"}
COMMAND: POST /session/f2510c46535a82282fd70196afe2e571/element/f.F7DC0DCC1AEA5B11728C456D26A3F950.d.B8059681E951F6768CC14B5597557649.e.8021/click - {}
RESULT: {}
COMMAND: GET /session/f2510c46535a82282fd70196afe2e571/screenshot - {}
RESULT: {}
COMMAND: POST /session/f2510c46535a82282fd70196afe2e571/element - {"using":"xpath","value":"//bdi[contains(text(), \"OK\")]"}
RESULT: {"using":"xpath","value":"//bdi[contains(text(), \"OK\")]"}
COMMAND: POST /session/f2510c46535a82282fd70196afe2e571/element/f.F7DC0DCC1AEA5B11728C456D26A3F950.d.B8059681E951F6768CC14B5597557649.e.8022/click - {}
RESULT: {}
COMMAND: GET /session/f2510c46535a82282fd70196afe2e571/screenshot - {}
RESULT: {}
COMMAND: POST /session/f2510c46535a82282fd70196afe2e571/execute/async - {"script":"<script> [1562 bytes]","args":[{"selector":{"id":"application-manageresources-display-component---newResourceUnit--newRRUPage-anchBar-application-manageresources-display-component---newResourceUnit--resource-anchor","interaction":{"idSuffix":"BDI-content"}},"wdio_ui5_key":"applicationmanageresources-display-component---newResourceUnit--newRRUPage-anchBar-application-manageresources-display-component---newResourceUnit--resource-anchor"}]}
RESULT: {"script":"<script> [1562 bytes]","args":[{"selector":{"id":"application-manageresources-display-component---newResourceUnit--newRRUPage-anchBar-application-manageresources-display-component---newResourceUnit--resource-anchor","interaction":{"idSuffix":"BDI-content"}},"wdio_ui5_key":"applicationmanageresources-display-component---newResourceUnit--newRRUPage-anchBar-application-manageresources-display-component---newResourceUnit--resource-anchor"}]}
RESULT: undefined
COMMAND: POST /session/f2510c46535a82282fd70196afe2e571/element - {"using":"xpath","value":"//*[@id=\"application-manageresources-display-component---newResourceUnit--newRRUPage-anchBar-application-manageresources-display-component---newResourceUnit--resource-anchor\"]"}
RESULT: {"using":"xpath","value":"//*[@id=\"application-manageresources-display-component---newResourceUnit--newRRUPage-anchBar-application-manageresources-display-component---newResourceUnit--resource-anchor\"]"}
COMMAND: POST /session/f2510c46535a82282fd70196afe2e571/element/f.F7DC0DCC1AEA5B11728C456D26A3F950.d.B8059681E951F6768CC14B5597557649.e.8026/click - {}
RESULT: {}
COMMAND: POST /session/f2510c46535a82282fd70196afe2e571/execute/async - {"script":"<script> [1562 bytes]","args":[{"selector":{"id":"application-manageresources-display-component---newResourceUnit--PLANNED_DELIVERY_DATE","interaction":{"idSuffix":"inner"}},"wdio_ui5_key":"applicationmanageresources-display-component---newResourceUnit--PLANNED_DELIVERY_DATE"}]}
COMMAND: GET /session/f2510c46535a82282fd70196afe2e571/screenshot - {}
RESULT: {}
RESULT: {"script":"<script> [1562 bytes]","args":[{"selector":{"id":"application-manageresources-display-component---newResourceUnit--PLANNED_DELIVERY_DATE","interaction":{"idSuffix":"inner"}},"wdio_ui5_key":"applicationmanageresources-display-component---newResourceUnit--PLANNED_DELIVERY_DATE"}]}
RESULT: undefined
COMMAND: POST /session/f2510c46535a82282fd70196afe2e571/execute/async - {"script":"<script> [6424 bytes]","args":[{"element-6066-11e4-a52e-4f735466cecf":"f.F7DC0DCC1AEA5B11728C456D26A3F950.d.B8059681E951F6768CC14B5597557649.e.7855"},"setValue",["5/31/25"]]}
RESULT: {"script":"<script> [6424 bytes]","args":[{"element-6066-11e4-a52e-4f735466cecf":"f.F7DC0DCC1AEA5B11728C456D26A3F950.d.B8059681E951F6768CC14B5597557649.e.7855"},"setValue",["5/31/25"]]}
COMMAND: POST /session/f2510c46535a82282fd70196afe2e571/element - {"using":"xpath","value":"//label[contains(@class, 'sapMLabelRequired') and .//bdi[contains(text(), 'Planned Retirement')]]"}
RESULT: {"using":"xpath","value":"//label[contains(@class, 'sapMLabelRequired') and .//bdi[contains(text(), 'Planned Retirement')]]"}
COMMAND: POST /session/f2510c46535a82282fd70196afe2e571/elements - {"using":"xpath","value":"//label[contains(@class, 'sapMLabelRequired') and .//bdi[contains(text(), 'Planned Retirement')]]"}
RESULT: {"using":"xpath","value":"//label[contains(@class, 'sapMLabelRequired') and .//bdi[contains(text(), 'Planned Retirement')]]"}
COMMAND: POST /session/f2510c46535a82282fd70196afe2e571/element - {"using":"xpath","value":"//button[@data-kt=\"resourceUnitSaveButton\"]"}
RESULT: {"using":"xpath","value":"//button[@data-kt=\"resourceUnitSaveButton\"]"}
COMMAND: POST /session/f2510c46535a82282fd70196afe2e571/element/f.F7DC0DCC1AEA5B11728C456D26A3F950.d.B8059681E951F6768CC14B5597557649.e.7814/click - {}
RESULT: {}
COMMAND: GET /session/f2510c46535a82282fd70196afe2e571/screenshot - {}
RESULT: {}
COMMAND: POST /session/f2510c46535a82282fd70196afe2e571/element - {"using":"xpath","value":"//bdi[contains(text(), \"Close\")]"}
RESULT: {"using":"xpath","value":"//bdi[contains(text(), \"Close\")]"}
COMMAND: POST /session/f2510c46535a82282fd70196afe2e571/element/f.F7DC0DCC1AEA5B11728C456D26A3F950.d.B8059681E951F6768CC14B5597557649.e.8036/click - {}
RESULT: {}
COMMAND: GET /session/f2510c46535a82282fd70196afe2e571/screenshot - {}
RESULT: {}
COMMAND: POST /session/f2510c46535a82282fd70196afe2e571/element - {"using":"xpath","value":"//bdi[contains(text(), \"Edit\")]"}
RESULT: {"using":"xpath","value":"//bdi[contains(text(), \"Edit\")]"}
COMMAND: POST /session/f2510c46535a82282fd70196afe2e571/execute/sync - {"script":"<script> [8489 bytes]","args":[{"element-6066-11e4-a52e-4f735466cecf":"f.F7DC0DCC1AEA5B11728C456D26A3F950.d.B8059681E951F6768CC14B5597557649.e.8092","ELEMENT":"f.F7DC0DCC1AEA5B11728C456D26A3F950.d.B8059681E951F6768CC14B5597557649.e.8092"}]}
RESULT: {"script":"<script> [8489 bytes]","args":[{"element-6066-11e4-a52e-4f735466cecf":"f.F7DC0DCC1AEA5B11728C456D26A3F950.d.B8059681E951F6768CC14B5597557649.e.8092","ELEMENT":"f.F7DC0DCC1AEA5B11728C456D26A3F950.d.B8059681E951F6768CC14B5597557649.e.8092"}]}
COMMAND: POST /session/f2510c46535a82282fd70196afe2e571/element/f.F7DC0DCC1AEA5B11728C456D26A3F950.d.B8059681E951F6768CC14B5597557649.e.8092/click - {}
COMMAND: GET /session/f2510c46535a82282fd70196afe2e571/screenshot - {}
RESULT: {}
COMMAND: GET /session/f2510c46535a82282fd70196afe2e571/screenshot - {}
COMMAND: POST /session/f2510c46535a82282fd70196afe2e571/execute/async - {"script":"<script> [1562 bytes]","args":[{"selector":{"id":"application-manageresources-display-component---editResource--editRruPage-anchBar-application-manageresources-display-component---editResource--counters-anchor","interaction":{"idSuffix":"BDI-content"}},"wdio_ui5_key":"applicationmanageresources-display-component---editResource--editRruPage-anchBar-application-manageresources-display-component---editResource--counters-anchor"}]}
RESULT: {}
RESULT: {}
RESULT: {"script":"<script> [1562 bytes]","args":[{"selector":{"id":"application-manageresources-display-component---editResource--editRruPage-anchBar-application-manageresources-display-component---editResource--counters-anchor","interaction":{"idSuffix":"BDI-content"}},"wdio_ui5_key":"applicationmanageresources-display-component---editResource--editRruPage-anchBar-application-manageresources-display-component---editResource--counters-anchor"}]}
RESULT: undefined
COMMAND: POST /session/f2510c46535a82282fd70196afe2e571/element - {"using":"xpath","value":"//*[@id=\"application-manageresources-display-component---editResource--editRruPage-anchBar-application-manageresources-display-component---editResource--counters-anchor\"]"}
RESULT: {"using":"xpath","value":"//*[@id=\"application-manageresources-display-component---editResource--editRruPage-anchBar-application-manageresources-display-component---editResource--counters-anchor\"]"}
COMMAND: POST /session/f2510c46535a82282fd70196afe2e571/element/f.F7DC0DCC1AEA5B11728C456D26A3F950.d.B8059681E951F6768CC14B5597557649.e.8228/click - {}
RESULT: {}
COMMAND: GET /session/f2510c46535a82282fd70196afe2e571/screenshot - {}
RESULT: {}
COMMAND: POST /session/f2510c46535a82282fd70196afe2e571/execute/async - {"script":"<script> [1562 bytes]","args":[{"selector":{"id":"application-manageresources-display-component---editResource--btnAddCounter-img"},"wdio_ui5_key":"applicationmanageresources-display-component---editResource--btnAddCounter-img"}]}
RESULT: {"script":"<script> [1562 bytes]","args":[{"selector":{"id":"application-manageresources-display-component---editResource--btnAddCounter-img"},"wdio_ui5_key":"applicationmanageresources-display-component---editResource--btnAddCounter-img"}]}
RESULT: undefined
COMMAND: POST /session/f2510c46535a82282fd70196afe2e571/element - {"using":"xpath","value":"//*[@id=\"application-manageresources-display-component---editResource--btnAddCounter-img\"]"}
RESULT: {"using":"xpath","value":"//*[@id=\"application-manageresources-display-component---editResource--btnAddCounter-img\"]"}
COMMAND: POST /session/f2510c46535a82282fd70196afe2e571/element/f.F7DC0DCC1AEA5B11728C456D26A3F950.d.B8059681E951F6768CC14B5597557649.e.8233/click - {}
RESULT: {}
COMMAND: POST /session/f2510c46535a82282fd70196afe2e571/execute/async - {"script":"<script> [1562 bytes]","args":[{"selector":{"id":"application-manageresources-display-component---editResource--COUNTER_ID-application-manageresources-display-component---editResource--RUCounters-0-arrow"},"wdio_ui5_key":"applicationmanageresources-display-component---editResource--COUNTER_ID-application-manageresources-display-component---editResource--RUCounters-0-arrow"}]}
COMMAND: GET /session/f2510c46535a82282fd70196afe2e571/screenshot - {}
RESULT: {"script":"<script> [1562 bytes]","args":[{"selector":{"id":"application-manageresources-display-component---editResource--COUNTER_ID-application-manageresources-display-component---editResource--RUCounters-0-arrow"},"wdio_ui5_key":"applicationmanageresources-display-component---editResource--COUNTER_ID-application-manageresources-display-component---editResource--RUCounters-0-arrow"}]}
RESULT: undefined
COMMAND: POST /session/f2510c46535a82282fd70196afe2e571/element - {"using":"xpath","value":"//*[@id=\"application-manageresources-display-component---editResource--COUNTER_ID-application-manageresources-display-component---editResource--RUCounters-0-arrow\"]"}
RESULT: {}
RESULT: {"using":"xpath","value":"//*[@id=\"application-manageresources-display-component---editResource--COUNTER_ID-application-manageresources-display-component---editResource--RUCounters-0-arrow\"]"}
COMMAND: POST /session/f2510c46535a82282fd70196afe2e571/element/f.F7DC0DCC1AEA5B11728C456D26A3F950.d.B8059681E951F6768CC14B5597557649.e.8240/click - {}
RESULT: {}
COMMAND: POST /session/f2510c46535a82282fd70196afe2e571/execute/async - {"script":"<script> [1562 bytes]","args":[{"selector":{"controlType":"sap.m.StandardListItem","viewName":"etm.portal.ui.manageresources.view.EditResource","viewId":"application-manageresources-display-component---editResource","properties":{"title":"fuel"},"searchOpenDialogs":true,"interaction":{"idSuffix":"content"}},"wdio_ui5_key":"etmportal.ui.manageresources.view.EditResourcesap.m.StandardListItem{\"title\":\"fuel\"}"}]}
COMMAND: GET /session/f2510c46535a82282fd70196afe2e571/screenshot - {}
RESULT: {"script":"<script> [1562 bytes]","args":[{"selector":{"controlType":"sap.m.StandardListItem","viewName":"etm.portal.ui.manageresources.view.EditResource","viewId":"application-manageresources-display-component---editResource","properties":{"title":"fuel"},"searchOpenDialogs":true,"interaction":{"idSuffix":"content"}},"wdio_ui5_key":"etmportal.ui.manageresources.view.EditResourcesap.m.StandardListItem{\"title\":\"fuel\"}"}]}
RESULT: undefined
COMMAND: POST /session/f2510c46535a82282fd70196afe2e571/element - {"using":"xpath","value":"//*[@id=\"__item1096\"]"}
RESULT: {}
RESULT: {"using":"xpath","value":"//*[@id=\"__item1096\"]"}
COMMAND: POST /session/f2510c46535a82282fd70196afe2e571/element/f.F7DC0DCC1AEA5B11728C456D26A3F950.d.B8059681E951F6768CC14B5597557649.e.8242/click - {}
RESULT: {}
COMMAND: GET /session/f2510c46535a82282fd70196afe2e571/screenshot - {}
RESULT: {}
COMMAND: POST /session/f2510c46535a82282fd70196afe2e571/element - {"using":"xpath","value":"//button[@data-kt=\"saveButton\"]"}
RESULT: {"using":"xpath","value":"//button[@data-kt=\"saveButton\"]"}
COMMAND: POST /session/f2510c46535a82282fd70196afe2e571/element/f.F7DC0DCC1AEA5B11728C456D26A3F950.d.B8059681E951F6768CC14B5597557649.e.8243/click - {}
RESULT: {}
COMMAND: GET /session/f2510c46535a82282fd70196afe2e571/screenshot - {}
RESULT: {}
COMMAND: POST /session/f2510c46535a82282fd70196afe2e571/element - {"using":"xpath","value":"(//button[contains(@id ,\"actionsToolbar-overflowButton\")])[1]"}
RESULT: {"using":"xpath","value":"(//button[contains(@id ,\"actionsToolbar-overflowButton\")])[1]"}
COMMAND: POST /session/f2510c46535a82282fd70196afe2e571/element/f.F7DC0DCC1AEA5B11728C456D26A3F950.d.B8059681E951F6768CC14B5597557649.e.8257/click - {}
RESULT: {}
COMMAND: GET /session/f2510c46535a82282fd70196afe2e571/screenshot - {}
RESULT: {}
COMMAND: POST /session/f2510c46535a82282fd70196afe2e571/element - {"using":"xpath","value":"//button[@data-kt=\"priceInfoButton\"]"}
RESULT: {"using":"xpath","value":"//button[@data-kt=\"priceInfoButton\"]"}
COMMAND: POST /session/f2510c46535a82282fd70196afe2e571/element/f.F7DC0DCC1AEA5B11728C456D26A3F950.d.B8059681E951F6768CC14B5597557649.e.8259/click - {}
RESULT: {}
COMMAND: GET /session/f2510c46535a82282fd70196afe2e571/screenshot - {}
RESULT: {}
]]></system-out>
    </testcase>
    <testcase classname="chrome.136_0_7103_93.windows.Create_master_data_for_mixed_billing_&amp;_do_billing_calculation_US151661" name="Should create a TB pricing procedure" time="52.232">
      <system-out><![CDATA[
COMMAND: POST /session/f2510c46535a82282fd70196afe2e571/element - {"using":"xpath","value":"//button[@data-kt=\"addButton\"]"}
RESULT: {"using":"xpath","value":"//button[@data-kt=\"addButton\"]"}
COMMAND: POST /session/f2510c46535a82282fd70196afe2e571/elements - {"using":"xpath","value":"//button[@data-kt=\"addButton\"]"}
RESULT: {"using":"xpath","value":"//button[@data-kt=\"addButton\"]"}
COMMAND: POST /session/f2510c46535a82282fd70196afe2e571/element - {"using":"xpath","value":"//button[@data-kt=\"addButton\"]"}
RESULT: {"using":"xpath","value":"//button[@data-kt=\"addButton\"]"}
COMMAND: POST /session/f2510c46535a82282fd70196afe2e571/execute/sync - {"script":"<script> [8489 bytes]","args":[{"element-6066-11e4-a52e-4f735466cecf":"f.F7DC0DCC1AEA5B11728C456D26A3F950.d.B8059681E951F6768CC14B5597557649.e.8295","ELEMENT":"f.F7DC0DCC1AEA5B11728C456D26A3F950.d.B8059681E951F6768CC14B5597557649.e.8295"}]}
RESULT: {"script":"<script> [8489 bytes]","args":[{"element-6066-11e4-a52e-4f735466cecf":"f.F7DC0DCC1AEA5B11728C456D26A3F950.d.B8059681E951F6768CC14B5597557649.e.8295","ELEMENT":"f.F7DC0DCC1AEA5B11728C456D26A3F950.d.B8059681E951F6768CC14B5597557649.e.8295"}]}
COMMAND: GET /session/f2510c46535a82282fd70196afe2e571/element/f.F7DC0DCC1AEA5B11728C456D26A3F950.d.B8059681E951F6768CC14B5597557649.e.8295/enabled - {}
COMMAND: GET /session/f2510c46535a82282fd70196afe2e571/screenshot - {}
RESULT: {}
COMMAND: POST /session/f2510c46535a82282fd70196afe2e571/execute/sync - {"script":"<script> [8489 bytes]","args":[{"element-6066-11e4-a52e-4f735466cecf":"f.F7DC0DCC1AEA5B11728C456D26A3F950.d.B8059681E951F6768CC14B5597557649.e.8295","ELEMENT":"f.F7DC0DCC1AEA5B11728C456D26A3F950.d.B8059681E951F6768CC14B5597557649.e.8295"}]}
COMMAND: GET /session/f2510c46535a82282fd70196afe2e571/screenshot - {}
RESULT: {}
RESULT: {"script":"<script> [8489 bytes]","args":[{"element-6066-11e4-a52e-4f735466cecf":"f.F7DC0DCC1AEA5B11728C456D26A3F950.d.B8059681E951F6768CC14B5597557649.e.8295","ELEMENT":"f.F7DC0DCC1AEA5B11728C456D26A3F950.d.B8059681E951F6768CC14B5597557649.e.8295"}]}
COMMAND: POST /session/f2510c46535a82282fd70196afe2e571/execute/sync - {"script":"<script> [5351 bytes]","args":[{"element-6066-11e4-a52e-4f735466cecf":"f.F7DC0DCC1AEA5B11728C456D26A3F950.d.B8059681E951F6768CC14B5597557649.e.8295","ELEMENT":"f.F7DC0DCC1AEA5B11728C456D26A3F950.d.B8059681E951F6768CC14B5597557649.e.8295"}]}
COMMAND: GET /session/f2510c46535a82282fd70196afe2e571/screenshot - {}
RESULT: {}
RESULT: {"script":"<script> [5351 bytes]","args":[{"element-6066-11e4-a52e-4f735466cecf":"f.F7DC0DCC1AEA5B11728C456D26A3F950.d.B8059681E951F6768CC14B5597557649.e.8295","ELEMENT":"f.F7DC0DCC1AEA5B11728C456D26A3F950.d.B8059681E951F6768CC14B5597557649.e.8295"}]}
COMMAND: POST /session/f2510c46535a82282fd70196afe2e571/element/f.F7DC0DCC1AEA5B11728C456D26A3F950.d.B8059681E951F6768CC14B5597557649.e.8295/click - {}
COMMAND: GET /session/f2510c46535a82282fd70196afe2e571/screenshot - {}
RESULT: {}
RESULT: {}
COMMAND: GET /session/f2510c46535a82282fd70196afe2e571/screenshot - {}
RESULT: {}
RESULT: {}
COMMAND: POST /session/f2510c46535a82282fd70196afe2e571/execute/async - {"script":"<script> [1562 bytes]","args":[{"selector":{"controlType":"sap.m.Title","viewName":"etm.portal.ui.managepricingrules.view.NewItem","viewId":"application-managepricingrules-display-component---newInfoPriceItem","properties":{"text":"New Pricing Rules - Item Level"}},"wdio_ui5_key":"etmportal.ui.managepricingrules.view.NewItemsap.m.Title{\"text\":\"New Pricing Rules - Item Level\"}"}]}
RESULT: {"script":"<script> [1562 bytes]","args":[{"selector":{"controlType":"sap.m.Title","viewName":"etm.portal.ui.managepricingrules.view.NewItem","viewId":"application-managepricingrules-display-component---newInfoPriceItem","properties":{"text":"New Pricing Rules - Item Level"}},"wdio_ui5_key":"etmportal.ui.managepricingrules.view.NewItemsap.m.Title{\"text\":\"New Pricing Rules - Item Level\"}"}]}
RESULT: undefined
COMMAND: POST /session/f2510c46535a82282fd70196afe2e571/execute/async - {"script":"<script> [6424 bytes]","args":[{"element-6066-11e4-a52e-4f735466cecf":"f.F7DC0DCC1AEA5B11728C456D26A3F950.d.B8059681E951F6768CC14B5597557649.e.8466"},"getText",[]]}
RESULT: {"script":"<script> [6424 bytes]","args":[{"element-6066-11e4-a52e-4f735466cecf":"f.F7DC0DCC1AEA5B11728C456D26A3F950.d.B8059681E951F6768CC14B5597557649.e.8466"},"getText",[]]}
COMMAND: POST /session/f2510c46535a82282fd70196afe2e571/execute/async - {"script":"<script> [1562 bytes]","args":[{"selector":{"id":"application-managepricingrules-display-component---newInfoPriceItem--condValidTo","interaction":{"idSuffix":"inner"}},"wdio_ui5_key":"applicationmanagepricingrules-display-component---newInfoPriceItem--condValidTo"}]}
RESULT: {"script":"<script> [1562 bytes]","args":[{"selector":{"id":"application-managepricingrules-display-component---newInfoPriceItem--condValidTo","interaction":{"idSuffix":"inner"}},"wdio_ui5_key":"applicationmanagepricingrules-display-component---newInfoPriceItem--condValidTo"}]}
RESULT: undefined
COMMAND: POST /session/f2510c46535a82282fd70196afe2e571/execute/async - {"script":"<script> [776 bytes]","args":[{"enterText":"1/31/26","selector":{"id":"application-managepricingrules-display-component---newInfoPriceItem--condValidTo","interaction":{"idSuffix":"inner"}},"clearTextFirst":true,"interactionType":"ENTER_TEXT"}]}
RESULT: {"script":"<script> [776 bytes]","args":[{"enterText":"1/31/26","selector":{"id":"application-managepricingrules-display-component---newInfoPriceItem--condValidTo","interaction":{"idSuffix":"inner"}},"clearTextFirst":true,"interactionType":"ENTER_TEXT"}]}
COMMAND: POST /session/f2510c46535a82282fd70196afe2e571/execute/async - {"script":"<script> [1562 bytes]","args":[{"selector":{"id":"application-managepricingrules-display-component---newInfoPriceItem--billType-arrow"},"wdio_ui5_key":"applicationmanagepricingrules-display-component---newInfoPriceItem--billType-arrow"}]}
RESULT: {"script":"<script> [1562 bytes]","args":[{"selector":{"id":"application-managepricingrules-display-component---newInfoPriceItem--billType-arrow"},"wdio_ui5_key":"applicationmanagepricingrules-display-component---newInfoPriceItem--billType-arrow"}]}
RESULT: undefined
COMMAND: POST /session/f2510c46535a82282fd70196afe2e571/element - {"using":"xpath","value":"//*[@id=\"application-managepricingrules-display-component---newInfoPriceItem--billType-arrow\"]"}
RESULT: {"using":"xpath","value":"//*[@id=\"application-managepricingrules-display-component---newInfoPriceItem--billType-arrow\"]"}
COMMAND: POST /session/f2510c46535a82282fd70196afe2e571/element/f.F7DC0DCC1AEA5B11728C456D26A3F950.d.B8059681E951F6768CC14B5597557649.e.8425/click - {}
RESULT: {}
COMMAND: POST /session/f2510c46535a82282fd70196afe2e571/element - {"using":"xpath","value":"//span[contains(text(), \"TB - Time based\")]"}
COMMAND: GET /session/f2510c46535a82282fd70196afe2e571/screenshot - {}
RESULT: {"using":"xpath","value":"//span[contains(text(), \"TB - Time based\")]"}
COMMAND: POST /session/f2510c46535a82282fd70196afe2e571/element/f.F7DC0DCC1AEA5B11728C456D26A3F950.d.B8059681E951F6768CC14B5597557649.e.8468/click - {}
RESULT: {}
RESULT: {}
COMMAND: POST /session/f2510c46535a82282fd70196afe2e571/execute/async - {"script":"<script> [1562 bytes]","args":[{"selector":{"id":"application-managepricingrules-display-component---newInfoPriceItem--priceProc-arrow"},"wdio_ui5_key":"applicationmanagepricingrules-display-component---newInfoPriceItem--priceProc-arrow"}]}
COMMAND: GET /session/f2510c46535a82282fd70196afe2e571/screenshot - {}
RESULT: {"script":"<script> [1562 bytes]","args":[{"selector":{"id":"application-managepricingrules-display-component---newInfoPriceItem--priceProc-arrow"},"wdio_ui5_key":"applicationmanagepricingrules-display-component---newInfoPriceItem--priceProc-arrow"}]}
RESULT: undefined
COMMAND: POST /session/f2510c46535a82282fd70196afe2e571/element - {"using":"xpath","value":"//*[@id=\"application-managepricingrules-display-component---newInfoPriceItem--priceProc-arrow\"]"}
RESULT: {}
RESULT: {"using":"xpath","value":"//*[@id=\"application-managepricingrules-display-component---newInfoPriceItem--priceProc-arrow\"]"}
COMMAND: POST /session/f2510c46535a82282fd70196afe2e571/element/f.F7DC0DCC1AEA5B11728C456D26A3F950.d.B8059681E951F6768CC14B5597557649.e.8432/click - {}
RESULT: {}
COMMAND: POST /session/f2510c46535a82282fd70196afe2e571/element - {"using":"xpath","value":"//span[contains(text(), \"TB - Time based BGL\")]"}
COMMAND: GET /session/f2510c46535a82282fd70196afe2e571/screenshot - {}
RESULT: {"using":"xpath","value":"//span[contains(text(), \"TB - Time based BGL\")]"}
COMMAND: POST /session/f2510c46535a82282fd70196afe2e571/element/f.F7DC0DCC1AEA5B11728C456D26A3F950.d.B8059681E951F6768CC14B5597557649.e.8469/click - {}
RESULT: {}
RESULT: {}
COMMAND: POST /session/f2510c46535a82282fd70196afe2e571/execute/async - {"script":"<script> [1562 bytes]","args":[{"selector":{"id":"application-managepricingrules-display-component---newInfoPriceItem--calcBase-arrow"},"wdio_ui5_key":"applicationmanagepricingrules-display-component---newInfoPriceItem--calcBase-arrow"}]}
COMMAND: GET /session/f2510c46535a82282fd70196afe2e571/screenshot - {}
RESULT: {"script":"<script> [1562 bytes]","args":[{"selector":{"id":"application-managepricingrules-display-component---newInfoPriceItem--calcBase-arrow"},"wdio_ui5_key":"applicationmanagepricingrules-display-component---newInfoPriceItem--calcBase-arrow"}]}
RESULT: undefined
COMMAND: POST /session/f2510c46535a82282fd70196afe2e571/element - {"using":"xpath","value":"//*[@id=\"application-managepricingrules-display-component---newInfoPriceItem--calcBase-arrow\"]"}
RESULT: {}
RESULT: {"using":"xpath","value":"//*[@id=\"application-managepricingrules-display-component---newInfoPriceItem--calcBase-arrow\"]"}
COMMAND: POST /session/f2510c46535a82282fd70196afe2e571/element/f.F7DC0DCC1AEA5B11728C456D26A3F950.d.B8059681E951F6768CC14B5597557649.e.8439/click - {}
RESULT: {}
COMMAND: GET /session/f2510c46535a82282fd70196afe2e571/screenshot - {}
RESULT: {}
COMMAND: POST /session/f2510c46535a82282fd70196afe2e571/element - {"using":"xpath","value":"//span[contains(text(), \"0006 - TB(calendar days)\")]"}
RESULT: {"using":"xpath","value":"//span[contains(text(), \"0006 - TB(calendar days)\")]"}
COMMAND: POST /session/f2510c46535a82282fd70196afe2e571/element/f.F7DC0DCC1AEA5B11728C456D26A3F950.d.B8059681E951F6768CC14B5597557649.e.8470/click - {}
RESULT: {}
COMMAND: GET /session/f2510c46535a82282fd70196afe2e571/screenshot - {}
RESULT: {}
COMMAND: POST /session/f2510c46535a82282fd70196afe2e571/execute/async - {"script":"<script> [1562 bytes]","args":[{"selector":{"id":"application-managepricingrules-display-component---newInfoPriceItem--hoursMonth","interaction":{"idSuffix":"inner"}},"wdio_ui5_key":"applicationmanagepricingrules-display-component---newInfoPriceItem--hoursMonth"}]}
RESULT: {"script":"<script> [1562 bytes]","args":[{"selector":{"id":"application-managepricingrules-display-component---newInfoPriceItem--hoursMonth","interaction":{"idSuffix":"inner"}},"wdio_ui5_key":"applicationmanagepricingrules-display-component---newInfoPriceItem--hoursMonth"}]}
RESULT: undefined
COMMAND: POST /session/f2510c46535a82282fd70196afe2e571/execute/async - {"script":"<script> [776 bytes]","args":[{"enterText":"160","selector":{"id":"application-managepricingrules-display-component---newInfoPriceItem--hoursMonth","interaction":{"idSuffix":"inner"}},"clearTextFirst":true,"interactionType":"ENTER_TEXT"}]}
RESULT: {"script":"<script> [776 bytes]","args":[{"enterText":"160","selector":{"id":"application-managepricingrules-display-component---newInfoPriceItem--hoursMonth","interaction":{"idSuffix":"inner"}},"clearTextFirst":true,"interactionType":"ENTER_TEXT"}]}
COMMAND: POST /session/f2510c46535a82282fd70196afe2e571/execute/async - {"script":"<script> [1562 bytes]","args":[{"selector":{"id":"application-managepricingrules-display-component---newInfoPriceItem--daysMonth","interaction":{"idSuffix":"inner"}},"wdio_ui5_key":"applicationmanagepricingrules-display-component---newInfoPriceItem--daysMonth"}]}
RESULT: {"script":"<script> [1562 bytes]","args":[{"selector":{"id":"application-managepricingrules-display-component---newInfoPriceItem--daysMonth","interaction":{"idSuffix":"inner"}},"wdio_ui5_key":"applicationmanagepricingrules-display-component---newInfoPriceItem--daysMonth"}]}
RESULT: undefined
COMMAND: POST /session/f2510c46535a82282fd70196afe2e571/execute/async - {"script":"<script> [776 bytes]","args":[{"enterText":"30","selector":{"id":"application-managepricingrules-display-component---newInfoPriceItem--daysMonth","interaction":{"idSuffix":"inner"}},"clearTextFirst":true,"interactionType":"ENTER_TEXT"}]}
RESULT: {"script":"<script> [776 bytes]","args":[{"enterText":"30","selector":{"id":"application-managepricingrules-display-component---newInfoPriceItem--daysMonth","interaction":{"idSuffix":"inner"}},"clearTextFirst":true,"interactionType":"ENTER_TEXT"}]}
COMMAND: POST /session/f2510c46535a82282fd70196afe2e571/element - {"using":"xpath","value":"//button[@data-kt=\"saveNewRuleButton\"]"}
RESULT: {"using":"xpath","value":"//button[@data-kt=\"saveNewRuleButton\"]"}
COMMAND: POST /session/f2510c46535a82282fd70196afe2e571/element/f.F7DC0DCC1AEA5B11728C456D26A3F950.d.B8059681E951F6768CC14B5597557649.e.8459/click - {}
RESULT: {}
COMMAND: GET /session/f2510c46535a82282fd70196afe2e571/screenshot - {}
RESULT: {}
COMMAND: POST /session/f2510c46535a82282fd70196afe2e571/execute/async - {"script":"<script> [1562 bytes]","args":[{"selector":{"id":"application-managepricingrules-display-component---priceInfoItem--smartFilterBar-btnBasicSearch","interaction":{"idSuffix":"I"}},"wdio_ui5_key":"applicationmanagepricingrules-display-component---priceInfoItem--smartFilterBar-btnBasicSearch"}]}
RESULT: {"script":"<script> [1562 bytes]","args":[{"selector":{"id":"application-managepricingrules-display-component---priceInfoItem--smartFilterBar-btnBasicSearch","interaction":{"idSuffix":"I"}},"wdio_ui5_key":"applicationmanagepricingrules-display-component---priceInfoItem--smartFilterBar-btnBasicSearch"}]}
RESULT: undefined
COMMAND: POST /session/f2510c46535a82282fd70196afe2e571/execute/async - {"script":"<script> [776 bytes]","args":[{"enterText":"sX7aVKmXfa","selector":{"id":"application-managepricingrules-display-component---priceInfoItem--smartFilterBar-btnBasicSearch","interaction":{"idSuffix":"I"}},"clearTextFirst":true,"interactionType":"ENTER_TEXT"}]}
RESULT: {"script":"<script> [776 bytes]","args":[{"enterText":"sX7aVKmXfa","selector":{"id":"application-managepricingrules-display-component---priceInfoItem--smartFilterBar-btnBasicSearch","interaction":{"idSuffix":"I"}},"clearTextFirst":true,"interactionType":"ENTER_TEXT"}]}
COMMAND: POST /session/f2510c46535a82282fd70196afe2e571/actions - {"actions":[{"id":"action31","type":"key","parameters":{},"actions":[{"type":"keyDown","value":""},{"type":"pause","duration":10},{"type":"keyUp","value":""}]}]}
RESULT: {"actions":[{"id":"action31","type":"key","parameters":{},"actions":[{"type":"keyDown","value":""},{"type":"pause","duration":10},{"type":"keyUp","value":""}]}]}
COMMAND: GET /session/f2510c46535a82282fd70196afe2e571/screenshot - {}
RESULT: {}
COMMAND: POST /session/f2510c46535a82282fd70196afe2e571/element - {"using":"xpath","value":"//span[@id=\"application-managepricingrules-display-component---priceInfoItem--smartTable-header-inner\"]"}
RESULT: {"using":"xpath","value":"//span[@id=\"application-managepricingrules-display-component---priceInfoItem--smartTable-header-inner\"]"}
COMMAND: POST /session/f2510c46535a82282fd70196afe2e571/elements - {"using":"xpath","value":"//span[@id=\"application-managepricingrules-display-component---priceInfoItem--smartTable-header-inner\"]"}
RESULT: {"using":"xpath","value":"//span[@id=\"application-managepricingrules-display-component---priceInfoItem--smartTable-header-inner\"]"}
COMMAND: POST /session/f2510c46535a82282fd70196afe2e571/execute/sync - {"script":"<script> [56 bytes]","args":[{"element-6066-11e4-a52e-4f735466cecf":"f.F7DC0DCC1AEA5B11728C456D26A3F950.d.B8059681E951F6768CC14B5597557649.e.8496","ELEMENT":"f.F7DC0DCC1AEA5B11728C456D26A3F950.d.B8059681E951F6768CC14B5597557649.e.8496"}]}
RESULT: {"script":"<script> [56 bytes]","args":[{"element-6066-11e4-a52e-4f735466cecf":"f.F7DC0DCC1AEA5B11728C456D26A3F950.d.B8059681E951F6768CC14B5597557649.e.8496","ELEMENT":"f.F7DC0DCC1AEA5B11728C456D26A3F950.d.B8059681E951F6768CC14B5597557649.e.8496"}]}
COMMAND: POST /session/f2510c46535a82282fd70196afe2e571/element - {"using":"css selector","value":"#shell-header-logo"}
COMMAND: GET /session/f2510c46535a82282fd70196afe2e571/screenshot - {}
RESULT: {"using":"css selector","value":"#shell-header-logo"}
COMMAND: POST /session/f2510c46535a82282fd70196afe2e571/element/f.F7DC0DCC1AEA5B11728C456D26A3F950.d.B8059681E951F6768CC14B5597557649.e.7392/click - {}
RESULT: {}
RESULT: {}
COMMAND: GET /session/f2510c46535a82282fd70196afe2e571/screenshot - {}
RESULT: {}
]]></system-out>
    </testcase>
    <testcase classname="chrome.136_0_7103_93.windows.Create_master_data_for_mixed_billing_&amp;_do_billing_calculation_US151661" name="Should add one time condition" time="64.775">
      <system-out><![CDATA[
COMMAND: POST /session/f2510c46535a82282fd70196afe2e571/execute/async - {"script":"<script> [1562 bytes]","args":[{"selector":{"controlType":"sap.m.GenericTile","properties":{"header":"Manage Conditions & Prices"}},"wdio_ui5_key":"sapm.GenericTile{\"header\":\"Manage Conditions & Prices\"}"}]}
RESULT: {"script":"<script> [1562 bytes]","args":[{"selector":{"controlType":"sap.m.GenericTile","properties":{"header":"Manage Conditions & Prices"}},"wdio_ui5_key":"sapm.GenericTile{\"header\":\"Manage Conditions & Prices\"}"}]}
RESULT: undefined
COMMAND: POST /session/f2510c46535a82282fd70196afe2e571/element - {"using":"xpath","value":"//*[@id=\"__tile93\"]"}
RESULT: {"using":"xpath","value":"//*[@id=\"__tile93\"]"}
COMMAND: POST /session/f2510c46535a82282fd70196afe2e571/element/f.F7DC0DCC1AEA5B11728C456D26A3F950.d.B8059681E951F6768CC14B5597557649.e.7378/click - {}
RESULT: {}
COMMAND: GET /session/f2510c46535a82282fd70196afe2e571/screenshot - {}
RESULT: {}
COMMAND: POST /session/f2510c46535a82282fd70196afe2e571/elements - {"using":"xpath","value":"//span[text()='Error']"}
RESULT: {"using":"xpath","value":"//span[text()='Error']"}
COMMAND: POST /session/f2510c46535a82282fd70196afe2e571/element - {"using":"xpath","value":"//button[@aria-label=\"Create\"]"}
RESULT: {"using":"xpath","value":"//button[@aria-label=\"Create\"]"}
COMMAND: POST /session/f2510c46535a82282fd70196afe2e571/elements - {"using":"xpath","value":"//button[@aria-label=\"Create\"]"}
RESULT: {"using":"xpath","value":"//button[@aria-label=\"Create\"]"}
COMMAND: POST /session/f2510c46535a82282fd70196afe2e571/execute/sync - {"script":"<script> [8489 bytes]","args":[{"element-6066-11e4-a52e-4f735466cecf":"f.F7DC0DCC1AEA5B11728C456D26A3F950.d.B8059681E951F6768CC14B5597557649.e.8531","ELEMENT":"f.F7DC0DCC1AEA5B11728C456D26A3F950.d.B8059681E951F6768CC14B5597557649.e.8531"}]}
RESULT: {"script":"<script> [8489 bytes]","args":[{"element-6066-11e4-a52e-4f735466cecf":"f.F7DC0DCC1AEA5B11728C456D26A3F950.d.B8059681E951F6768CC14B5597557649.e.8531","ELEMENT":"f.F7DC0DCC1AEA5B11728C456D26A3F950.d.B8059681E951F6768CC14B5597557649.e.8531"}]}
COMMAND: GET /session/f2510c46535a82282fd70196afe2e571/element/f.F7DC0DCC1AEA5B11728C456D26A3F950.d.B8059681E951F6768CC14B5597557649.e.8531/enabled - {}
COMMAND: GET /session/f2510c46535a82282fd70196afe2e571/screenshot - {}
RESULT: {}
COMMAND: POST /session/f2510c46535a82282fd70196afe2e571/execute/sync - {"script":"<script> [8489 bytes]","args":[{"element-6066-11e4-a52e-4f735466cecf":"f.F7DC0DCC1AEA5B11728C456D26A3F950.d.B8059681E951F6768CC14B5597557649.e.8531","ELEMENT":"f.F7DC0DCC1AEA5B11728C456D26A3F950.d.B8059681E951F6768CC14B5597557649.e.8531"}]}
COMMAND: GET /session/f2510c46535a82282fd70196afe2e571/screenshot - {}
RESULT: {}
RESULT: {"script":"<script> [8489 bytes]","args":[{"element-6066-11e4-a52e-4f735466cecf":"f.F7DC0DCC1AEA5B11728C456D26A3F950.d.B8059681E951F6768CC14B5597557649.e.8531","ELEMENT":"f.F7DC0DCC1AEA5B11728C456D26A3F950.d.B8059681E951F6768CC14B5597557649.e.8531"}]}
COMMAND: POST /session/f2510c46535a82282fd70196afe2e571/execute/sync - {"script":"<script> [5351 bytes]","args":[{"element-6066-11e4-a52e-4f735466cecf":"f.F7DC0DCC1AEA5B11728C456D26A3F950.d.B8059681E951F6768CC14B5597557649.e.8531","ELEMENT":"f.F7DC0DCC1AEA5B11728C456D26A3F950.d.B8059681E951F6768CC14B5597557649.e.8531"}]}
COMMAND: GET /session/f2510c46535a82282fd70196afe2e571/screenshot - {}
RESULT: {}
RESULT: {"script":"<script> [5351 bytes]","args":[{"element-6066-11e4-a52e-4f735466cecf":"f.F7DC0DCC1AEA5B11728C456D26A3F950.d.B8059681E951F6768CC14B5597557649.e.8531","ELEMENT":"f.F7DC0DCC1AEA5B11728C456D26A3F950.d.B8059681E951F6768CC14B5597557649.e.8531"}]}
COMMAND: POST /session/f2510c46535a82282fd70196afe2e571/element/f.F7DC0DCC1AEA5B11728C456D26A3F950.d.B8059681E951F6768CC14B5597557649.e.8531/click - {}
COMMAND: GET /session/f2510c46535a82282fd70196afe2e571/screenshot - {}
RESULT: {}
RESULT: {}
COMMAND: GET /session/f2510c46535a82282fd70196afe2e571/screenshot - {}
RESULT: {}
RESULT: {}
COMMAND: POST /session/f2510c46535a82282fd70196afe2e571/actions - {"actions":[{"id":"action32","type":"key","parameters":{},"actions":[{"type":"keyDown","value":""},{"type":"pause","duration":10},{"type":"keyUp","value":""}]}]}
RESULT: {"actions":[{"id":"action32","type":"key","parameters":{},"actions":[{"type":"keyDown","value":""},{"type":"pause","duration":10},{"type":"keyUp","value":""}]}]}
COMMAND: GET /session/f2510c46535a82282fd70196afe2e571/screenshot - {}
RESULT: {}
COMMAND: POST /session/f2510c46535a82282fd70196afe2e571/execute/async - {"script":"<script> [1562 bytes]","args":[{"selector":{"id":"application-manageconditionprice-display-component---newCondition--condBillCond-arrow"},"wdio_ui5_key":"applicationmanageconditionprice-display-component---newCondition--condBillCond-arrow"}]}
RESULT: {"script":"<script> [1562 bytes]","args":[{"selector":{"id":"application-manageconditionprice-display-component---newCondition--condBillCond-arrow"},"wdio_ui5_key":"applicationmanageconditionprice-display-component---newCondition--condBillCond-arrow"}]}
RESULT: undefined
COMMAND: POST /session/f2510c46535a82282fd70196afe2e571/element - {"using":"xpath","value":"//*[@id=\"application-manageconditionprice-display-component---newCondition--condBillCond-arrow\"]"}
RESULT: {"using":"xpath","value":"//*[@id=\"application-manageconditionprice-display-component---newCondition--condBillCond-arrow\"]"}
COMMAND: POST /session/f2510c46535a82282fd70196afe2e571/element/f.F7DC0DCC1AEA5B11728C456D26A3F950.d.B8059681E951F6768CC14B5597557649.e.8708/click - {}
RESULT: {}
COMMAND: GET /session/f2510c46535a82282fd70196afe2e571/screenshot - {}
RESULT: {}
COMMAND: POST /session/f2510c46535a82282fd70196afe2e571/element - {"using":"xpath","value":"//li[.//span[contains(text(), \"SAPR - Sales price\")]]"}
RESULT: {"using":"xpath","value":"//li[.//span[contains(text(), \"SAPR - Sales price\")]]"}
COMMAND: POST /session/f2510c46535a82282fd70196afe2e571/element/f.F7DC0DCC1AEA5B11728C456D26A3F950.d.B8059681E951F6768CC14B5597557649.e.8711/click - {}
RESULT: {}
COMMAND: GET /session/f2510c46535a82282fd70196afe2e571/screenshot - {}
RESULT: {}
COMMAND: POST /session/f2510c46535a82282fd70196afe2e571/execute/async - {"script":"<script> [1562 bytes]","args":[{"selector":{"id":"application-manageconditionprice-display-component---newCondition--condValidTo","interaction":{"idSuffix":"inner"}},"wdio_ui5_key":"applicationmanageconditionprice-display-component---newCondition--condValidTo"}]}
RESULT: {"script":"<script> [1562 bytes]","args":[{"selector":{"id":"application-manageconditionprice-display-component---newCondition--condValidTo","interaction":{"idSuffix":"inner"}},"wdio_ui5_key":"applicationmanageconditionprice-display-component---newCondition--condValidTo"}]}
RESULT: undefined
COMMAND: POST /session/f2510c46535a82282fd70196afe2e571/execute/async - {"script":"<script> [776 bytes]","args":[{"enterText":"1/31/26","selector":{"id":"application-manageconditionprice-display-component---newCondition--condValidTo","interaction":{"idSuffix":"inner"}},"clearTextFirst":true,"interactionType":"ENTER_TEXT"}]}
RESULT: {"script":"<script> [776 bytes]","args":[{"enterText":"1/31/26","selector":{"id":"application-manageconditionprice-display-component---newCondition--condValidTo","interaction":{"idSuffix":"inner"}},"clearTextFirst":true,"interactionType":"ENTER_TEXT"}]}
COMMAND: POST /session/f2510c46535a82282fd70196afe2e571/element - {"using":"xpath","value":"//input[@id=\"application-manageconditionprice-display-component---newCondition--condRU-inner\"]"}
RESULT: {"using":"xpath","value":"//input[@id=\"application-manageconditionprice-display-component---newCondition--condRU-inner\"]"}
COMMAND: POST /session/f2510c46535a82282fd70196afe2e571/element/f.F7DC0DCC1AEA5B11728C456D26A3F950.d.B8059681E951F6768CC14B5597557649.e.8573/clear - {}
RESULT: {}
COMMAND: POST /session/f2510c46535a82282fd70196afe2e571/element/f.F7DC0DCC1AEA5B11728C456D26A3F950.d.B8059681E951F6768CC14B5597557649.e.8573/value - {"text":"sX7aVKmXfa"}
COMMAND: GET /session/f2510c46535a82282fd70196afe2e571/screenshot - {}
RESULT: {"text":"sX7aVKmXfa"}
COMMAND: GET /session/f2510c46535a82282fd70196afe2e571/screenshot - {}
RESULT: {}
RESULT: {}
COMMAND: POST /session/f2510c46535a82282fd70196afe2e571/actions - {"actions":[{"id":"action33","type":"key","parameters":{},"actions":[{"type":"keyDown","value":""},{"type":"pause","duration":10},{"type":"keyUp","value":""}]}]}
RESULT: {"actions":[{"id":"action33","type":"key","parameters":{},"actions":[{"type":"keyDown","value":""},{"type":"pause","duration":10},{"type":"keyUp","value":""}]}]}
COMMAND: POST /session/f2510c46535a82282fd70196afe2e571/execute/async - {"script":"<script> [1562 bytes]","args":[{"selector":{"id":"application-manageconditionprice-display-component---newCondition--condBaseQty","interaction":{"idSuffix":"inner"}},"wdio_ui5_key":"applicationmanageconditionprice-display-component---newCondition--condBaseQty"}]}
COMMAND: GET /session/f2510c46535a82282fd70196afe2e571/screenshot - {}
RESULT: {"script":"<script> [1562 bytes]","args":[{"selector":{"id":"application-manageconditionprice-display-component---newCondition--condBaseQty","interaction":{"idSuffix":"inner"}},"wdio_ui5_key":"applicationmanageconditionprice-display-component---newCondition--condBaseQty"}]}
RESULT: undefined
COMMAND: POST /session/f2510c46535a82282fd70196afe2e571/execute/async - {"script":"<script> [776 bytes]","args":[{"enterText":"1","selector":{"id":"application-manageconditionprice-display-component---newCondition--condBaseQty","interaction":{"idSuffix":"inner"}},"clearTextFirst":true,"interactionType":"ENTER_TEXT"}]}
RESULT: {}
RESULT: {"script":"<script> [776 bytes]","args":[{"enterText":"1","selector":{"id":"application-manageconditionprice-display-component---newCondition--condBaseQty","interaction":{"idSuffix":"inner"}},"clearTextFirst":true,"interactionType":"ENTER_TEXT"}]}
COMMAND: POST /session/f2510c46535a82282fd70196afe2e571/execute/async - {"script":"<script> [1562 bytes]","args":[{"selector":{"id":"application-manageconditionprice-display-component---newCondition--condValue","interaction":{"idSuffix":"inner"}},"wdio_ui5_key":"applicationmanageconditionprice-display-component---newCondition--condValue"}]}
RESULT: {"script":"<script> [1562 bytes]","args":[{"selector":{"id":"application-manageconditionprice-display-component---newCondition--condValue","interaction":{"idSuffix":"inner"}},"wdio_ui5_key":"applicationmanageconditionprice-display-component---newCondition--condValue"}]}
RESULT: undefined
COMMAND: POST /session/f2510c46535a82282fd70196afe2e571/execute/async - {"script":"<script> [776 bytes]","args":[{"enterText":"200","selector":{"id":"application-manageconditionprice-display-component---newCondition--condValue","interaction":{"idSuffix":"inner"}},"clearTextFirst":true,"interactionType":"ENTER_TEXT"}]}
RESULT: {"script":"<script> [776 bytes]","args":[{"enterText":"200","selector":{"id":"application-manageconditionprice-display-component---newCondition--condValue","interaction":{"idSuffix":"inner"}},"clearTextFirst":true,"interactionType":"ENTER_TEXT"}]}
COMMAND: POST /session/f2510c46535a82282fd70196afe2e571/execute/async - {"script":"<script> [1562 bytes]","args":[{"selector":{"id":"application-manageconditionprice-display-component---newCondition--condCurr-arrow"},"wdio_ui5_key":"applicationmanageconditionprice-display-component---newCondition--condCurr-arrow"}]}
RESULT: {"script":"<script> [1562 bytes]","args":[{"selector":{"id":"application-manageconditionprice-display-component---newCondition--condCurr-arrow"},"wdio_ui5_key":"applicationmanageconditionprice-display-component---newCondition--condCurr-arrow"}]}
RESULT: undefined
COMMAND: POST /session/f2510c46535a82282fd70196afe2e571/element - {"using":"xpath","value":"//*[@id=\"application-manageconditionprice-display-component---newCondition--condCurr-arrow\"]"}
RESULT: {"using":"xpath","value":"//*[@id=\"application-manageconditionprice-display-component---newCondition--condCurr-arrow\"]"}
COMMAND: POST /session/f2510c46535a82282fd70196afe2e571/element/f.F7DC0DCC1AEA5B11728C456D26A3F950.d.B8059681E951F6768CC14B5597557649.e.8682/click - {}
RESULT: {}
COMMAND: POST /session/f2510c46535a82282fd70196afe2e571/element - {"using":"xpath","value":"//span[contains(text(), \"Euro\")]"}
COMMAND: GET /session/f2510c46535a82282fd70196afe2e571/screenshot - {}
RESULT: {"using":"xpath","value":"//span[contains(text(), \"Euro\")]"}
COMMAND: POST /session/f2510c46535a82282fd70196afe2e571/element/f.F7DC0DCC1AEA5B11728C456D26A3F950.d.B8059681E951F6768CC14B5597557649.e.8745/click - {}
RESULT: {}
RESULT: {}
COMMAND: POST /session/f2510c46535a82282fd70196afe2e571/element - {"using":"xpath","value":"//button[@data-kt=\"saveButton\"]"}
COMMAND: GET /session/f2510c46535a82282fd70196afe2e571/screenshot - {}
RESULT: {"using":"xpath","value":"//button[@data-kt=\"saveButton\"]"}
COMMAND: POST /session/f2510c46535a82282fd70196afe2e571/element/f.F7DC0DCC1AEA5B11728C456D26A3F950.d.B8059681E951F6768CC14B5597557649.e.8683/click - {}
RESULT: {}
RESULT: {}
COMMAND: GET /session/f2510c46535a82282fd70196afe2e571/screenshot - {}
RESULT: {}
COMMAND: POST /session/f2510c46535a82282fd70196afe2e571/execute/async - {"script":"<script> [1562 bytes]","args":[{"selector":{"id":"application-manageconditionprice-display-component---conditions--smartFilterBar-btnBasicSearch","interaction":{"idSuffix":"I"}},"wdio_ui5_key":"applicationmanageconditionprice-display-component---conditions--smartFilterBar-btnBasicSearch"}]}
RESULT: {"script":"<script> [1562 bytes]","args":[{"selector":{"id":"application-manageconditionprice-display-component---conditions--smartFilterBar-btnBasicSearch","interaction":{"idSuffix":"I"}},"wdio_ui5_key":"applicationmanageconditionprice-display-component---conditions--smartFilterBar-btnBasicSearch"}]}
RESULT: undefined
COMMAND: POST /session/f2510c46535a82282fd70196afe2e571/execute/async - {"script":"<script> [776 bytes]","args":[{"enterText":"sX7aVKmXfa","selector":{"id":"application-manageconditionprice-display-component---conditions--smartFilterBar-btnBasicSearch","interaction":{"idSuffix":"I"}},"clearTextFirst":true,"interactionType":"ENTER_TEXT"}]}
RESULT: {"script":"<script> [776 bytes]","args":[{"enterText":"sX7aVKmXfa","selector":{"id":"application-manageconditionprice-display-component---conditions--smartFilterBar-btnBasicSearch","interaction":{"idSuffix":"I"}},"clearTextFirst":true,"interactionType":"ENTER_TEXT"}]}
COMMAND: POST /session/f2510c46535a82282fd70196afe2e571/actions - {"actions":[{"id":"action34","type":"key","parameters":{},"actions":[{"type":"keyDown","value":""},{"type":"pause","duration":10},{"type":"keyUp","value":""}]}]}
RESULT: {"actions":[{"id":"action34","type":"key","parameters":{},"actions":[{"type":"keyDown","value":""},{"type":"pause","duration":10},{"type":"keyUp","value":""}]}]}
COMMAND: GET /session/f2510c46535a82282fd70196afe2e571/screenshot - {}
RESULT: {}
COMMAND: POST /session/f2510c46535a82282fd70196afe2e571/execute/async - {"script":"<script> [1562 bytes]","args":[{"selector":{"id":"application-manageconditionprice-display-component---conditions--smartFilterBar-filterItemControl_BASIC-BILL_TYPES-vhi"},"wdio_ui5_key":"applicationmanageconditionprice-display-component---conditions--smartFilterBar-filterItemControl_BASIC-BILL_TYPES-vhi"}]}
RESULT: {"script":"<script> [1562 bytes]","args":[{"selector":{"id":"application-manageconditionprice-display-component---conditions--smartFilterBar-filterItemControl_BASIC-BILL_TYPES-vhi"},"wdio_ui5_key":"applicationmanageconditionprice-display-component---conditions--smartFilterBar-filterItemControl_BASIC-BILL_TYPES-vhi"}]}
RESULT: undefined
COMMAND: POST /session/f2510c46535a82282fd70196afe2e571/element - {"using":"xpath","value":"//*[@id=\"application-manageconditionprice-display-component---conditions--smartFilterBar-filterItemControl_BASIC-BILL_TYPES-vhi\"]"}
RESULT: {"using":"xpath","value":"//*[@id=\"application-manageconditionprice-display-component---conditions--smartFilterBar-filterItemControl_BASIC-BILL_TYPES-vhi\"]"}
COMMAND: POST /session/f2510c46535a82282fd70196afe2e571/element/f.F7DC0DCC1AEA5B11728C456D26A3F950.d.B8059681E951F6768CC14B5597557649.e.8851/click - {}
RESULT: {}
COMMAND: POST /session/f2510c46535a82282fd70196afe2e571/execute/async - {"script":"<script> [1562 bytes]","args":[{"selector":{"id":"application-manageconditionprice-display-component---conditions--smartFilterBar-filterItemControl_BASIC-BILL_TYPES-valueHelpDialog-smartFilterBar-btnBasicSearch","searchOpenDialogs":true,"interaction":{"idSuffix":"I"}},"wdio_ui5_key":"applicationmanageconditionprice-display-component---conditions--smartFilterBar-filterItemControl_BASIC-BILL_TYPES-valueHelpDialog-smartFilterBar-btnBasicSearch"}]}
COMMAND: GET /session/f2510c46535a82282fd70196afe2e571/screenshot - {}
RESULT: {"script":"<script> [1562 bytes]","args":[{"selector":{"id":"application-manageconditionprice-display-component---conditions--smartFilterBar-filterItemControl_BASIC-BILL_TYPES-valueHelpDialog-smartFilterBar-btnBasicSearch","searchOpenDialogs":true,"interaction":{"idSuffix":"I"}},"wdio_ui5_key":"applicationmanageconditionprice-display-component---conditions--smartFilterBar-filterItemControl_BASIC-BILL_TYPES-valueHelpDialog-smartFilterBar-btnBasicSearch"}]}
RESULT: undefined
COMMAND: POST /session/f2510c46535a82282fd70196afe2e571/execute/async - {"script":"<script> [776 bytes]","args":[{"enterText":"one","selector":{"id":"application-manageconditionprice-display-component---conditions--smartFilterBar-filterItemControl_BASIC-BILL_TYPES-valueHelpDialog-smartFilterBar-btnBasicSearch","searchOpenDialogs":true,"interaction":{"idSuffix":"I"}},"clearTextFirst":true,"interactionType":"ENTER_TEXT"}]}
RESULT: {}
RESULT: {"script":"<script> [776 bytes]","args":[{"enterText":"one","selector":{"id":"application-manageconditionprice-display-component---conditions--smartFilterBar-filterItemControl_BASIC-BILL_TYPES-valueHelpDialog-smartFilterBar-btnBasicSearch","searchOpenDialogs":true,"interaction":{"idSuffix":"I"}},"clearTextFirst":true,"interactionType":"ENTER_TEXT"}]}
COMMAND: POST /session/f2510c46535a82282fd70196afe2e571/actions - {"actions":[{"id":"action35","type":"key","parameters":{},"actions":[{"type":"keyDown","value":""},{"type":"pause","duration":10},{"type":"keyUp","value":""}]}]}
RESULT: {"actions":[{"id":"action35","type":"key","parameters":{},"actions":[{"type":"keyDown","value":""},{"type":"pause","duration":10},{"type":"keyUp","value":""}]}]}
COMMAND: GET /session/f2510c46535a82282fd70196afe2e571/screenshot - {}
RESULT: {}
COMMAND: POST /session/f2510c46535a82282fd70196afe2e571/element - {"using":"xpath","value":"//div[contains(@id, 'application-manageconditionprice-display-component---conditions--smartFilterBar-filterItemControl_BASIC-BILL_TYPES-valueHelpDialog-table-rowsel0')]"}
RESULT: {"using":"xpath","value":"//div[contains(@id, 'application-manageconditionprice-display-component---conditions--smartFilterBar-filterItemControl_BASIC-BILL_TYPES-valueHelpDialog-table-rowsel0')]"}
COMMAND: POST /session/f2510c46535a82282fd70196afe2e571/element/f.F7DC0DCC1AEA5B11728C456D26A3F950.d.B8059681E951F6768CC14B5597557649.e.8860/click - {}
RESULT: {}
COMMAND: GET /session/f2510c46535a82282fd70196afe2e571/screenshot - {}
RESULT: {}
COMMAND: POST /session/f2510c46535a82282fd70196afe2e571/element - {"using":"xpath","value":"//bdi[contains(text(), \"OK\")]"}
RESULT: {"using":"xpath","value":"//bdi[contains(text(), \"OK\")]"}
COMMAND: POST /session/f2510c46535a82282fd70196afe2e571/element/f.F7DC0DCC1AEA5B11728C456D26A3F950.d.B8059681E951F6768CC14B5597557649.e.8862/click - {}
RESULT: {}
COMMAND: GET /session/f2510c46535a82282fd70196afe2e571/screenshot - {}
RESULT: {}
COMMAND: POST /session/f2510c46535a82282fd70196afe2e571/element - {"using":"xpath","value":"//span[@id=\"application-manageconditionprice-display-component---conditions--smartTable-header-inner\"]"}
RESULT: {"using":"xpath","value":"//span[@id=\"application-manageconditionprice-display-component---conditions--smartTable-header-inner\"]"}
COMMAND: POST /session/f2510c46535a82282fd70196afe2e571/elements - {"using":"xpath","value":"//span[@id=\"application-manageconditionprice-display-component---conditions--smartTable-header-inner\"]"}
RESULT: {"using":"xpath","value":"//span[@id=\"application-manageconditionprice-display-component---conditions--smartTable-header-inner\"]"}
COMMAND: POST /session/f2510c46535a82282fd70196afe2e571/execute/sync - {"script":"<script> [56 bytes]","args":[{"element-6066-11e4-a52e-4f735466cecf":"f.F7DC0DCC1AEA5B11728C456D26A3F950.d.B8059681E951F6768CC14B5597557649.e.8865","ELEMENT":"f.F7DC0DCC1AEA5B11728C456D26A3F950.d.B8059681E951F6768CC14B5597557649.e.8865"}]}
RESULT: {"script":"<script> [56 bytes]","args":[{"element-6066-11e4-a52e-4f735466cecf":"f.F7DC0DCC1AEA5B11728C456D26A3F950.d.B8059681E951F6768CC14B5597557649.e.8865","ELEMENT":"f.F7DC0DCC1AEA5B11728C456D26A3F950.d.B8059681E951F6768CC14B5597557649.e.8865"}]}
COMMAND: POST /session/f2510c46535a82282fd70196afe2e571/element - {"using":"css selector","value":"#shell-header-logo"}
COMMAND: GET /session/f2510c46535a82282fd70196afe2e571/screenshot - {}
RESULT: {"using":"css selector","value":"#shell-header-logo"}
COMMAND: POST /session/f2510c46535a82282fd70196afe2e571/element/f.F7DC0DCC1AEA5B11728C456D26A3F950.d.B8059681E951F6768CC14B5597557649.e.8499/click - {}
RESULT: {}
RESULT: {}
COMMAND: GET /session/f2510c46535a82282fd70196afe2e571/screenshot - {}
RESULT: {}
]]></system-out>
    </testcase>
    <testcase classname="chrome.136_0_7103_93.windows.Create_master_data_for_mixed_billing_&amp;_do_billing_calculation_US151661" name="Should add performance based condition" time="70.831">
      <system-out><![CDATA[
RESULT: undefined
COMMAND: POST /session/f2510c46535a82282fd70196afe2e571/element - {"using":"xpath","value":"//*[@id=\"__tile93\"]"}
RESULT: {"using":"xpath","value":"//*[@id=\"__tile93\"]"}
COMMAND: POST /session/f2510c46535a82282fd70196afe2e571/element/f.F7DC0DCC1AEA5B11728C456D26A3F950.d.B8059681E951F6768CC14B5597557649.e.7378/click - {}
RESULT: {}
COMMAND: GET /session/f2510c46535a82282fd70196afe2e571/screenshot - {}
RESULT: {}
COMMAND: POST /session/f2510c46535a82282fd70196afe2e571/elements - {"using":"xpath","value":"//span[text()='Error']"}
RESULT: {"using":"xpath","value":"//span[text()='Error']"}
COMMAND: POST /session/f2510c46535a82282fd70196afe2e571/element - {"using":"xpath","value":"//button[@aria-label=\"Create\"]"}
RESULT: {"using":"xpath","value":"//button[@aria-label=\"Create\"]"}
COMMAND: POST /session/f2510c46535a82282fd70196afe2e571/elements - {"using":"xpath","value":"//button[@aria-label=\"Create\"]"}
RESULT: {"using":"xpath","value":"//button[@aria-label=\"Create\"]"}
COMMAND: POST /session/f2510c46535a82282fd70196afe2e571/execute/sync - {"script":"<script> [8489 bytes]","args":[{"element-6066-11e4-a52e-4f735466cecf":"f.F7DC0DCC1AEA5B11728C456D26A3F950.d.B8059681E951F6768CC14B5597557649.e.8929","ELEMENT":"f.F7DC0DCC1AEA5B11728C456D26A3F950.d.B8059681E951F6768CC14B5597557649.e.8929"}]}
RESULT: {"script":"<script> [8489 bytes]","args":[{"element-6066-11e4-a52e-4f735466cecf":"f.F7DC0DCC1AEA5B11728C456D26A3F950.d.B8059681E951F6768CC14B5597557649.e.8929","ELEMENT":"f.F7DC0DCC1AEA5B11728C456D26A3F950.d.B8059681E951F6768CC14B5597557649.e.8929"}]}
COMMAND: GET /session/f2510c46535a82282fd70196afe2e571/element/f.F7DC0DCC1AEA5B11728C456D26A3F950.d.B8059681E951F6768CC14B5597557649.e.8929/enabled - {}
COMMAND: GET /session/f2510c46535a82282fd70196afe2e571/screenshot - {}
RESULT: {}
COMMAND: POST /session/f2510c46535a82282fd70196afe2e571/execute/sync - {"script":"<script> [8489 bytes]","args":[{"element-6066-11e4-a52e-4f735466cecf":"f.F7DC0DCC1AEA5B11728C456D26A3F950.d.B8059681E951F6768CC14B5597557649.e.8929","ELEMENT":"f.F7DC0DCC1AEA5B11728C456D26A3F950.d.B8059681E951F6768CC14B5597557649.e.8929"}]}
COMMAND: GET /session/f2510c46535a82282fd70196afe2e571/screenshot - {}
RESULT: {}
RESULT: {"script":"<script> [8489 bytes]","args":[{"element-6066-11e4-a52e-4f735466cecf":"f.F7DC0DCC1AEA5B11728C456D26A3F950.d.B8059681E951F6768CC14B5597557649.e.8929","ELEMENT":"f.F7DC0DCC1AEA5B11728C456D26A3F950.d.B8059681E951F6768CC14B5597557649.e.8929"}]}
COMMAND: POST /session/f2510c46535a82282fd70196afe2e571/execute/sync - {"script":"<script> [5351 bytes]","args":[{"element-6066-11e4-a52e-4f735466cecf":"f.F7DC0DCC1AEA5B11728C456D26A3F950.d.B8059681E951F6768CC14B5597557649.e.8929","ELEMENT":"f.F7DC0DCC1AEA5B11728C456D26A3F950.d.B8059681E951F6768CC14B5597557649.e.8929"}]}
COMMAND: GET /session/f2510c46535a82282fd70196afe2e571/screenshot - {}
RESULT: {}
RESULT: {"script":"<script> [5351 bytes]","args":[{"element-6066-11e4-a52e-4f735466cecf":"f.F7DC0DCC1AEA5B11728C456D26A3F950.d.B8059681E951F6768CC14B5597557649.e.8929","ELEMENT":"f.F7DC0DCC1AEA5B11728C456D26A3F950.d.B8059681E951F6768CC14B5597557649.e.8929"}]}
COMMAND: POST /session/f2510c46535a82282fd70196afe2e571/element/f.F7DC0DCC1AEA5B11728C456D26A3F950.d.B8059681E951F6768CC14B5597557649.e.8929/click - {}
COMMAND: GET /session/f2510c46535a82282fd70196afe2e571/screenshot - {}
RESULT: {}
RESULT: {}
COMMAND: GET /session/f2510c46535a82282fd70196afe2e571/screenshot - {}
RESULT: {}
RESULT: {}
COMMAND: POST /session/f2510c46535a82282fd70196afe2e571/actions - {"actions":[{"id":"action36","type":"key","parameters":{},"actions":[{"type":"keyDown","value":""},{"type":"pause","duration":10},{"type":"keyUp","value":""}]}]}
RESULT: {"actions":[{"id":"action36","type":"key","parameters":{},"actions":[{"type":"keyDown","value":""},{"type":"pause","duration":10},{"type":"keyUp","value":""}]}]}
COMMAND: GET /session/f2510c46535a82282fd70196afe2e571/screenshot - {}
RESULT: undefined
COMMAND: POST /session/f2510c46535a82282fd70196afe2e571/element - {"using":"xpath","value":"//*[@id=\"application-manageconditionprice-display-component---newCondition--condBillCond-arrow\"]"}
RESULT: {}
RESULT: {"using":"xpath","value":"//*[@id=\"application-manageconditionprice-display-component---newCondition--condBillCond-arrow\"]"}
COMMAND: POST /session/f2510c46535a82282fd70196afe2e571/element/f.F7DC0DCC1AEA5B11728C456D26A3F950.d.B8059681E951F6768CC14B5597557649.e.9726/click - {}
RESULT: {}
COMMAND: GET /session/f2510c46535a82282fd70196afe2e571/screenshot - {}
RESULT: {}
COMMAND: POST /session/f2510c46535a82282fd70196afe2e571/element - {"using":"xpath","value":"//li[.//span[contains(text(), \"PC06 - Performance Price - fuel\")]]"}
RESULT: {"using":"xpath","value":"//li[.//span[contains(text(), \"PC06 - Performance Price - fuel\")]]"}
COMMAND: POST /session/f2510c46535a82282fd70196afe2e571/element/f.F7DC0DCC1AEA5B11728C456D26A3F950.d.B8059681E951F6768CC14B5597557649.e.9729/click - {}
RESULT: {}
COMMAND: GET /session/f2510c46535a82282fd70196afe2e571/screenshot - {}
RESULT: {}
RESULT: undefined
COMMAND: POST /session/f2510c46535a82282fd70196afe2e571/execute/async - {"script":"<script> [776 bytes]","args":[{"enterText":"1/31/26","selector":{"id":"application-manageconditionprice-display-component---newCondition--condValidTo","interaction":{"idSuffix":"inner"}},"clearTextFirst":true,"interactionType":"ENTER_TEXT"}]}
RESULT: {"script":"<script> [776 bytes]","args":[{"enterText":"1/31/26","selector":{"id":"application-manageconditionprice-display-component---newCondition--condValidTo","interaction":{"idSuffix":"inner"}},"clearTextFirst":true,"interactionType":"ENTER_TEXT"}]}
COMMAND: POST /session/f2510c46535a82282fd70196afe2e571/element - {"using":"xpath","value":"//input[@id=\"application-manageconditionprice-display-component---newCondition--condRU-inner\"]"}
RESULT: {"using":"xpath","value":"//input[@id=\"application-manageconditionprice-display-component---newCondition--condRU-inner\"]"}
COMMAND: POST /session/f2510c46535a82282fd70196afe2e571/element/f.F7DC0DCC1AEA5B11728C456D26A3F950.d.B8059681E951F6768CC14B5597557649.e.9455/clear - {}
RESULT: {}
COMMAND: POST /session/f2510c46535a82282fd70196afe2e571/element/f.F7DC0DCC1AEA5B11728C456D26A3F950.d.B8059681E951F6768CC14B5597557649.e.9455/value - {"text":"sX7aVKmXfa"}
COMMAND: GET /session/f2510c46535a82282fd70196afe2e571/screenshot - {}
RESULT: {"text":"sX7aVKmXfa"}
COMMAND: GET /session/f2510c46535a82282fd70196afe2e571/screenshot - {}
RESULT: {}
RESULT: {}
COMMAND: POST /session/f2510c46535a82282fd70196afe2e571/actions - {"actions":[{"id":"action37","type":"key","parameters":{},"actions":[{"type":"keyDown","value":""},{"type":"pause","duration":10},{"type":"keyUp","value":""}]}]}
RESULT: {"actions":[{"id":"action37","type":"key","parameters":{},"actions":[{"type":"keyDown","value":""},{"type":"pause","duration":10},{"type":"keyUp","value":""}]}]}
RESULT: undefined
COMMAND: POST /session/f2510c46535a82282fd70196afe2e571/execute/async - {"script":"<script> [776 bytes]","args":[{"enterText":"1","selector":{"id":"application-manageconditionprice-display-component---newCondition--condBaseQty","interaction":{"idSuffix":"inner"}},"clearTextFirst":true,"interactionType":"ENTER_TEXT"}]}
COMMAND: GET /session/f2510c46535a82282fd70196afe2e571/screenshot - {}
RESULT: {"script":"<script> [776 bytes]","args":[{"enterText":"1","selector":{"id":"application-manageconditionprice-display-component---newCondition--condBaseQty","interaction":{"idSuffix":"inner"}},"clearTextFirst":true,"interactionType":"ENTER_TEXT"}]}
RESULT: undefined
COMMAND: POST /session/f2510c46535a82282fd70196afe2e571/execute/async - {"script":"<script> [776 bytes]","args":[{"enterText":"10","selector":{"id":"application-manageconditionprice-display-component---newCondition--condValue","interaction":{"idSuffix":"inner"}},"clearTextFirst":true,"interactionType":"ENTER_TEXT"}]}
RESULT: {}
RESULT: {"script":"<script> [776 bytes]","args":[{"enterText":"10","selector":{"id":"application-manageconditionprice-display-component---newCondition--condValue","interaction":{"idSuffix":"inner"}},"clearTextFirst":true,"interactionType":"ENTER_TEXT"}]}
RESULT: undefined
COMMAND: POST /session/f2510c46535a82282fd70196afe2e571/element - {"using":"xpath","value":"//*[@id=\"application-manageconditionprice-display-component---newCondition--condCurr-arrow\"]"}
RESULT: {"using":"xpath","value":"//*[@id=\"application-manageconditionprice-display-component---newCondition--condCurr-arrow\"]"}
COMMAND: POST /session/f2510c46535a82282fd70196afe2e571/element/f.F7DC0DCC1AEA5B11728C456D26A3F950.d.B8059681E951F6768CC14B5597557649.e.9687/click - {}
RESULT: {}
COMMAND: POST /session/f2510c46535a82282fd70196afe2e571/element - {"using":"xpath","value":"//span[contains(text(), \"Euro\")]"}
COMMAND: GET /session/f2510c46535a82282fd70196afe2e571/screenshot - {}
RESULT: {"using":"xpath","value":"//span[contains(text(), \"Euro\")]"}
COMMAND: POST /session/f2510c46535a82282fd70196afe2e571/element/f.F7DC0DCC1AEA5B11728C456D26A3F950.d.B8059681E951F6768CC14B5597557649.e.9762/click - {}
RESULT: {}
RESULT: {}
COMMAND: POST /session/f2510c46535a82282fd70196afe2e571/element - {"using":"xpath","value":"//button[@data-kt=\"saveButton\"]"}
COMMAND: GET /session/f2510c46535a82282fd70196afe2e571/screenshot - {}
RESULT: {"using":"xpath","value":"//button[@data-kt=\"saveButton\"]"}
COMMAND: POST /session/f2510c46535a82282fd70196afe2e571/element/f.F7DC0DCC1AEA5B11728C456D26A3F950.d.B8059681E951F6768CC14B5597557649.e.9688/click - {}
RESULT: {}
RESULT: {}
COMMAND: GET /session/f2510c46535a82282fd70196afe2e571/screenshot - {}
RESULT: {}
RESULT: undefined
COMMAND: POST /session/f2510c46535a82282fd70196afe2e571/execute/async - {"script":"<script> [776 bytes]","args":[{"enterText":"sX7aVKmXfa","selector":{"id":"application-manageconditionprice-display-component---conditions--smartFilterBar-btnBasicSearch","interaction":{"idSuffix":"I"}},"clearTextFirst":true,"interactionType":"ENTER_TEXT"}]}
RESULT: {"script":"<script> [776 bytes]","args":[{"enterText":"sX7aVKmXfa","selector":{"id":"application-manageconditionprice-display-component---conditions--smartFilterBar-btnBasicSearch","interaction":{"idSuffix":"I"}},"clearTextFirst":true,"interactionType":"ENTER_TEXT"}]}
COMMAND: POST /session/f2510c46535a82282fd70196afe2e571/actions - {"actions":[{"id":"action38","type":"key","parameters":{},"actions":[{"type":"keyDown","value":""},{"type":"pause","duration":10},{"type":"keyUp","value":""}]}]}
RESULT: {"actions":[{"id":"action38","type":"key","parameters":{},"actions":[{"type":"keyDown","value":""},{"type":"pause","duration":10},{"type":"keyUp","value":""}]}]}
COMMAND: GET /session/f2510c46535a82282fd70196afe2e571/screenshot - {}
RESULT: {}
RESULT: undefined
COMMAND: POST /session/f2510c46535a82282fd70196afe2e571/element - {"using":"xpath","value":"//*[@id=\"application-manageconditionprice-display-component---conditions--smartFilterBar-filterItemControl_BASIC-BILL_TYPES-vhi\"]"}
RESULT: {"using":"xpath","value":"//*[@id=\"application-manageconditionprice-display-component---conditions--smartFilterBar-filterItemControl_BASIC-BILL_TYPES-vhi\"]"}
COMMAND: POST /session/f2510c46535a82282fd70196afe2e571/element/f.F7DC0DCC1AEA5B11728C456D26A3F950.d.B8059681E951F6768CC14B5597557649.e.10018/click - {}
RESULT: {}
RESULT: undefined
COMMAND: POST /session/f2510c46535a82282fd70196afe2e571/execute/async - {"script":"<script> [776 bytes]","args":[{"enterText":"PB","selector":{"id":"application-manageconditionprice-display-component---conditions--smartFilterBar-filterItemControl_BASIC-BILL_TYPES-valueHelpDialog-smartFilterBar-btnBasicSearch","searchOpenDialogs":true,"interaction":{"idSuffix":"I"}},"clearTextFirst":true,"interactionType":"ENTER_TEXT"}]}
COMMAND: GET /session/f2510c46535a82282fd70196afe2e571/screenshot - {}
RESULT: {"script":"<script> [776 bytes]","args":[{"enterText":"PB","selector":{"id":"application-manageconditionprice-display-component---conditions--smartFilterBar-filterItemControl_BASIC-BILL_TYPES-valueHelpDialog-smartFilterBar-btnBasicSearch","searchOpenDialogs":true,"interaction":{"idSuffix":"I"}},"clearTextFirst":true,"interactionType":"ENTER_TEXT"}]}
COMMAND: POST /session/f2510c46535a82282fd70196afe2e571/actions - {"actions":[{"id":"action39","type":"key","parameters":{},"actions":[{"type":"keyDown","value":""},{"type":"pause","duration":10},{"type":"keyUp","value":""}]}]}
RESULT: {}
RESULT: {"actions":[{"id":"action39","type":"key","parameters":{},"actions":[{"type":"keyDown","value":""},{"type":"pause","duration":10},{"type":"keyUp","value":""}]}]}
COMMAND: GET /session/f2510c46535a82282fd70196afe2e571/screenshot - {}
RESULT: {}
COMMAND: POST /session/f2510c46535a82282fd70196afe2e571/element - {"using":"xpath","value":"//div[contains(@id, 'application-manageconditionprice-display-component---conditions--smartFilterBar-filterItemControl_BASIC-BILL_TYPES-valueHelpDialog-table-rowsel0')]"}
RESULT: {"using":"xpath","value":"//div[contains(@id, 'application-manageconditionprice-display-component---conditions--smartFilterBar-filterItemControl_BASIC-BILL_TYPES-valueHelpDialog-table-rowsel0')]"}
COMMAND: POST /session/f2510c46535a82282fd70196afe2e571/element/f.F7DC0DCC1AEA5B11728C456D26A3F950.d.B8059681E951F6768CC14B5597557649.e.10027/click - {}
RESULT: {}
COMMAND: GET /session/f2510c46535a82282fd70196afe2e571/screenshot - {}
RESULT: {}
COMMAND: POST /session/f2510c46535a82282fd70196afe2e571/element - {"using":"xpath","value":"//bdi[contains(text(), \"OK\")]"}
RESULT: {"using":"xpath","value":"//bdi[contains(text(), \"OK\")]"}
COMMAND: POST /session/f2510c46535a82282fd70196afe2e571/element/f.F7DC0DCC1AEA5B11728C456D26A3F950.d.B8059681E951F6768CC14B5597557649.e.10029/click - {}
RESULT: {}
COMMAND: GET /session/f2510c46535a82282fd70196afe2e571/screenshot - {}
RESULT: {}
COMMAND: POST /session/f2510c46535a82282fd70196afe2e571/element - {"using":"xpath","value":"//span[@id=\"application-manageconditionprice-display-component---conditions--smartTable-header-inner\"]"}
RESULT: {"using":"xpath","value":"//span[@id=\"application-manageconditionprice-display-component---conditions--smartTable-header-inner\"]"}
COMMAND: POST /session/f2510c46535a82282fd70196afe2e571/elements - {"using":"xpath","value":"//span[@id=\"application-manageconditionprice-display-component---conditions--smartTable-header-inner\"]"}
RESULT: {"using":"xpath","value":"//span[@id=\"application-manageconditionprice-display-component---conditions--smartTable-header-inner\"]"}
COMMAND: POST /session/f2510c46535a82282fd70196afe2e571/execute/sync - {"script":"<script> [56 bytes]","args":[{"element-6066-11e4-a52e-4f735466cecf":"f.F7DC0DCC1AEA5B11728C456D26A3F950.d.B8059681E951F6768CC14B5597557649.e.10032","ELEMENT":"f.F7DC0DCC1AEA5B11728C456D26A3F950.d.B8059681E951F6768CC14B5597557649.e.10032"}]}
RESULT: {"script":"<script> [56 bytes]","args":[{"element-6066-11e4-a52e-4f735466cecf":"f.F7DC0DCC1AEA5B11728C456D26A3F950.d.B8059681E951F6768CC14B5597557649.e.10032","ELEMENT":"f.F7DC0DCC1AEA5B11728C456D26A3F950.d.B8059681E951F6768CC14B5597557649.e.10032"}]}
COMMAND: POST /session/f2510c46535a82282fd70196afe2e571/element - {"using":"css selector","value":"#shell-header-logo"}
COMMAND: GET /session/f2510c46535a82282fd70196afe2e571/screenshot - {}
RESULT: {"using":"css selector","value":"#shell-header-logo"}
COMMAND: POST /session/f2510c46535a82282fd70196afe2e571/element/f.F7DC0DCC1AEA5B11728C456D26A3F950.d.B8059681E951F6768CC14B5597557649.e.8873/click - {}
RESULT: {}
RESULT: {}
COMMAND: GET /session/f2510c46535a82282fd70196afe2e571/screenshot - {}
RESULT: {}
]]></system-out>
    </testcase>
    <testcase classname="chrome.136_0_7103_93.windows.Create_master_data_for_mixed_billing_&amp;_do_billing_calculation_US151661" name="Should add time based condition" time="71.632">
      <system-out><![CDATA[
RESULT: undefined
COMMAND: POST /session/f2510c46535a82282fd70196afe2e571/element - {"using":"xpath","value":"//*[@id=\"__tile93\"]"}
RESULT: {"using":"xpath","value":"//*[@id=\"__tile93\"]"}
COMMAND: POST /session/f2510c46535a82282fd70196afe2e571/element/f.F7DC0DCC1AEA5B11728C456D26A3F950.d.B8059681E951F6768CC14B5597557649.e.7378/click - {}
RESULT: {}
COMMAND: GET /session/f2510c46535a82282fd70196afe2e571/screenshot - {}
RESULT: {}
COMMAND: POST /session/f2510c46535a82282fd70196afe2e571/elements - {"using":"xpath","value":"//span[text()='Error']"}
RESULT: {"using":"xpath","value":"//span[text()='Error']"}
COMMAND: POST /session/f2510c46535a82282fd70196afe2e571/element - {"using":"xpath","value":"//button[@aria-label=\"Create\"]"}
RESULT: {"using":"xpath","value":"//button[@aria-label=\"Create\"]"}
COMMAND: POST /session/f2510c46535a82282fd70196afe2e571/elements - {"using":"xpath","value":"//button[@aria-label=\"Create\"]"}
RESULT: {"using":"xpath","value":"//button[@aria-label=\"Create\"]"}
COMMAND: POST /session/f2510c46535a82282fd70196afe2e571/execute/sync - {"script":"<script> [8489 bytes]","args":[{"element-6066-11e4-a52e-4f735466cecf":"f.F7DC0DCC1AEA5B11728C456D26A3F950.d.B8059681E951F6768CC14B5597557649.e.10093","ELEMENT":"f.F7DC0DCC1AEA5B11728C456D26A3F950.d.B8059681E951F6768CC14B5597557649.e.10093"}]}
RESULT: {"script":"<script> [8489 bytes]","args":[{"element-6066-11e4-a52e-4f735466cecf":"f.F7DC0DCC1AEA5B11728C456D26A3F950.d.B8059681E951F6768CC14B5597557649.e.10093","ELEMENT":"f.F7DC0DCC1AEA5B11728C456D26A3F950.d.B8059681E951F6768CC14B5597557649.e.10093"}]}
COMMAND: GET /session/f2510c46535a82282fd70196afe2e571/element/f.F7DC0DCC1AEA5B11728C456D26A3F950.d.B8059681E951F6768CC14B5597557649.e.10093/enabled - {}
COMMAND: GET /session/f2510c46535a82282fd70196afe2e571/screenshot - {}
RESULT: {}
COMMAND: POST /session/f2510c46535a82282fd70196afe2e571/execute/sync - {"script":"<script> [8489 bytes]","args":[{"element-6066-11e4-a52e-4f735466cecf":"f.F7DC0DCC1AEA5B11728C456D26A3F950.d.B8059681E951F6768CC14B5597557649.e.10093","ELEMENT":"f.F7DC0DCC1AEA5B11728C456D26A3F950.d.B8059681E951F6768CC14B5597557649.e.10093"}]}
COMMAND: GET /session/f2510c46535a82282fd70196afe2e571/screenshot - {}
RESULT: {}
RESULT: {"script":"<script> [8489 bytes]","args":[{"element-6066-11e4-a52e-4f735466cecf":"f.F7DC0DCC1AEA5B11728C456D26A3F950.d.B8059681E951F6768CC14B5597557649.e.10093","ELEMENT":"f.F7DC0DCC1AEA5B11728C456D26A3F950.d.B8059681E951F6768CC14B5597557649.e.10093"}]}
COMMAND: POST /session/f2510c46535a82282fd70196afe2e571/execute/sync - {"script":"<script> [5351 bytes]","args":[{"element-6066-11e4-a52e-4f735466cecf":"f.F7DC0DCC1AEA5B11728C456D26A3F950.d.B8059681E951F6768CC14B5597557649.e.10093","ELEMENT":"f.F7DC0DCC1AEA5B11728C456D26A3F950.d.B8059681E951F6768CC14B5597557649.e.10093"}]}
COMMAND: GET /session/f2510c46535a82282fd70196afe2e571/screenshot - {}
RESULT: {}
RESULT: {"script":"<script> [5351 bytes]","args":[{"element-6066-11e4-a52e-4f735466cecf":"f.F7DC0DCC1AEA5B11728C456D26A3F950.d.B8059681E951F6768CC14B5597557649.e.10093","ELEMENT":"f.F7DC0DCC1AEA5B11728C456D26A3F950.d.B8059681E951F6768CC14B5597557649.e.10093"}]}
COMMAND: POST /session/f2510c46535a82282fd70196afe2e571/element/f.F7DC0DCC1AEA5B11728C456D26A3F950.d.B8059681E951F6768CC14B5597557649.e.10093/click - {}
COMMAND: GET /session/f2510c46535a82282fd70196afe2e571/screenshot - {}
RESULT: {}
RESULT: {}
COMMAND: GET /session/f2510c46535a82282fd70196afe2e571/screenshot - {}
RESULT: {}
RESULT: {}
COMMAND: POST /session/f2510c46535a82282fd70196afe2e571/actions - {"actions":[{"id":"action40","type":"key","parameters":{},"actions":[{"type":"keyDown","value":""},{"type":"pause","duration":10},{"type":"keyUp","value":""}]}]}
RESULT: {"actions":[{"id":"action40","type":"key","parameters":{},"actions":[{"type":"keyDown","value":""},{"type":"pause","duration":10},{"type":"keyUp","value":""}]}]}
COMMAND: GET /session/f2510c46535a82282fd70196afe2e571/screenshot - {}
RESULT: undefined
COMMAND: POST /session/f2510c46535a82282fd70196afe2e571/element - {"using":"xpath","value":"//*[@id=\"application-manageconditionprice-display-component---newCondition--condBillCond-arrow\"]"}
RESULT: {}
RESULT: {"using":"xpath","value":"//*[@id=\"application-manageconditionprice-display-component---newCondition--condBillCond-arrow\"]"}
COMMAND: POST /session/f2510c46535a82282fd70196afe2e571/element/f.F7DC0DCC1AEA5B11728C456D26A3F950.d.B8059681E951F6768CC14B5597557649.e.10895/click - {}
RESULT: {}
COMMAND: GET /session/f2510c46535a82282fd70196afe2e571/screenshot - {}
RESULT: {}
COMMAND: POST /session/f2510c46535a82282fd70196afe2e571/element - {"using":"xpath","value":"//li[.//span[contains(text(), \"DISP - D&I special price\")]]"}
RESULT: {"using":"xpath","value":"//li[.//span[contains(text(), \"DISP - D&I special price\")]]"}
COMMAND: POST /session/f2510c46535a82282fd70196afe2e571/element/f.F7DC0DCC1AEA5B11728C456D26A3F950.d.B8059681E951F6768CC14B5597557649.e.10898/click - {}
RESULT: {}
COMMAND: GET /session/f2510c46535a82282fd70196afe2e571/screenshot - {}
RESULT: {}
RESULT: undefined
COMMAND: POST /session/f2510c46535a82282fd70196afe2e571/execute/async - {"script":"<script> [776 bytes]","args":[{"enterText":"1/31/26","selector":{"id":"application-manageconditionprice-display-component---newCondition--condValidTo","interaction":{"idSuffix":"inner"}},"clearTextFirst":true,"interactionType":"ENTER_TEXT"}]}
RESULT: {"script":"<script> [776 bytes]","args":[{"enterText":"1/31/26","selector":{"id":"application-manageconditionprice-display-component---newCondition--condValidTo","interaction":{"idSuffix":"inner"}},"clearTextFirst":true,"interactionType":"ENTER_TEXT"}]}
COMMAND: POST /session/f2510c46535a82282fd70196afe2e571/element - {"using":"xpath","value":"//input[@id=\"application-manageconditionprice-display-component---newCondition--condRU-inner\"]"}
RESULT: {"using":"xpath","value":"//input[@id=\"application-manageconditionprice-display-component---newCondition--condRU-inner\"]"}
COMMAND: POST /session/f2510c46535a82282fd70196afe2e571/element/f.F7DC0DCC1AEA5B11728C456D26A3F950.d.B8059681E951F6768CC14B5597557649.e.10622/clear - {}
RESULT: {}
COMMAND: POST /session/f2510c46535a82282fd70196afe2e571/element/f.F7DC0DCC1AEA5B11728C456D26A3F950.d.B8059681E951F6768CC14B5597557649.e.10622/value - {"text":"sX7aVKmXfa"}
COMMAND: GET /session/f2510c46535a82282fd70196afe2e571/screenshot - {}
RESULT: {"text":"sX7aVKmXfa"}
COMMAND: GET /session/f2510c46535a82282fd70196afe2e571/screenshot - {}
RESULT: {}
RESULT: {}
COMMAND: POST /session/f2510c46535a82282fd70196afe2e571/actions - {"actions":[{"id":"action41","type":"key","parameters":{},"actions":[{"type":"keyDown","value":""},{"type":"pause","duration":10},{"type":"keyUp","value":""}]}]}
RESULT: {"actions":[{"id":"action41","type":"key","parameters":{},"actions":[{"type":"keyDown","value":""},{"type":"pause","duration":10},{"type":"keyUp","value":""}]}]}
RESULT: undefined
COMMAND: POST /session/f2510c46535a82282fd70196afe2e571/execute/async - {"script":"<script> [776 bytes]","args":[{"enterText":"1","selector":{"id":"application-manageconditionprice-display-component---newCondition--condBaseQty","interaction":{"idSuffix":"inner"}},"clearTextFirst":true,"interactionType":"ENTER_TEXT"}]}
COMMAND: GET /session/f2510c46535a82282fd70196afe2e571/screenshot - {}
RESULT: {"script":"<script> [776 bytes]","args":[{"enterText":"1","selector":{"id":"application-manageconditionprice-display-component---newCondition--condBaseQty","interaction":{"idSuffix":"inner"}},"clearTextFirst":true,"interactionType":"ENTER_TEXT"}]}
RESULT: undefined
COMMAND: POST /session/f2510c46535a82282fd70196afe2e571/execute/async - {"script":"<script> [776 bytes]","args":[{"enterText":"100","selector":{"id":"application-manageconditionprice-display-component---newCondition--condValue","interaction":{"idSuffix":"inner"}},"clearTextFirst":true,"interactionType":"ENTER_TEXT"}]}
RESULT: {}
RESULT: {"script":"<script> [776 bytes]","args":[{"enterText":"100","selector":{"id":"application-manageconditionprice-display-component---newCondition--condValue","interaction":{"idSuffix":"inner"}},"clearTextFirst":true,"interactionType":"ENTER_TEXT"}]}
RESULT: undefined
COMMAND: POST /session/f2510c46535a82282fd70196afe2e571/element - {"using":"xpath","value":"//*[@id=\"application-manageconditionprice-display-component---newCondition--condCurr-arrow\"]"}
RESULT: {"using":"xpath","value":"//*[@id=\"application-manageconditionprice-display-component---newCondition--condCurr-arrow\"]"}
COMMAND: POST /session/f2510c46535a82282fd70196afe2e571/element/f.F7DC0DCC1AEA5B11728C456D26A3F950.d.B8059681E951F6768CC14B5597557649.e.10855/click - {}
RESULT: {}
COMMAND: POST /session/f2510c46535a82282fd70196afe2e571/element - {"using":"xpath","value":"//span[contains(text(), \"Euro\")]"}
COMMAND: GET /session/f2510c46535a82282fd70196afe2e571/screenshot - {}
RESULT: {"using":"xpath","value":"//span[contains(text(), \"Euro\")]"}
COMMAND: POST /session/f2510c46535a82282fd70196afe2e571/element/f.F7DC0DCC1AEA5B11728C456D26A3F950.d.B8059681E951F6768CC14B5597557649.e.10933/click - {}
RESULT: {}
RESULT: {}
COMMAND: POST /session/f2510c46535a82282fd70196afe2e571/element - {"using":"xpath","value":"//button[@data-kt=\"saveButton\"]"}
COMMAND: GET /session/f2510c46535a82282fd70196afe2e571/screenshot - {}
RESULT: {"using":"xpath","value":"//button[@data-kt=\"saveButton\"]"}
COMMAND: POST /session/f2510c46535a82282fd70196afe2e571/element/f.F7DC0DCC1AEA5B11728C456D26A3F950.d.B8059681E951F6768CC14B5597557649.e.10856/click - {}
RESULT: {}
RESULT: {}
COMMAND: GET /session/f2510c46535a82282fd70196afe2e571/screenshot - {}
RESULT: {}
RESULT: undefined
COMMAND: POST /session/f2510c46535a82282fd70196afe2e571/execute/async - {"script":"<script> [776 bytes]","args":[{"enterText":"sX7aVKmXfa","selector":{"id":"application-manageconditionprice-display-component---conditions--smartFilterBar-btnBasicSearch","interaction":{"idSuffix":"I"}},"clearTextFirst":true,"interactionType":"ENTER_TEXT"}]}
RESULT: {"script":"<script> [776 bytes]","args":[{"enterText":"sX7aVKmXfa","selector":{"id":"application-manageconditionprice-display-component---conditions--smartFilterBar-btnBasicSearch","interaction":{"idSuffix":"I"}},"clearTextFirst":true,"interactionType":"ENTER_TEXT"}]}
COMMAND: POST /session/f2510c46535a82282fd70196afe2e571/actions - {"actions":[{"id":"action42","type":"key","parameters":{},"actions":[{"type":"keyDown","value":""},{"type":"pause","duration":10},{"type":"keyUp","value":""}]}]}
RESULT: {"actions":[{"id":"action42","type":"key","parameters":{},"actions":[{"type":"keyDown","value":""},{"type":"pause","duration":10},{"type":"keyUp","value":""}]}]}
COMMAND: GET /session/f2510c46535a82282fd70196afe2e571/screenshot - {}
RESULT: {}
RESULT: undefined
COMMAND: POST /session/f2510c46535a82282fd70196afe2e571/element - {"using":"xpath","value":"//*[@id=\"application-manageconditionprice-display-component---conditions--smartFilterBar-filterItemControl_BASIC-BILL_TYPES-vhi\"]"}
RESULT: {"using":"xpath","value":"//*[@id=\"application-manageconditionprice-display-component---conditions--smartFilterBar-filterItemControl_BASIC-BILL_TYPES-vhi\"]"}
COMMAND: POST /session/f2510c46535a82282fd70196afe2e571/element/f.F7DC0DCC1AEA5B11728C456D26A3F950.d.B8059681E951F6768CC14B5597557649.e.11166/click - {}
RESULT: {}
RESULT: undefined
COMMAND: POST /session/f2510c46535a82282fd70196afe2e571/execute/async - {"script":"<script> [776 bytes]","args":[{"enterText":"TB","selector":{"id":"application-manageconditionprice-display-component---conditions--smartFilterBar-filterItemControl_BASIC-BILL_TYPES-valueHelpDialog-smartFilterBar-btnBasicSearch","searchOpenDialogs":true,"interaction":{"idSuffix":"I"}},"clearTextFirst":true,"interactionType":"ENTER_TEXT"}]}
COMMAND: GET /session/f2510c46535a82282fd70196afe2e571/screenshot - {}
RESULT: {"script":"<script> [776 bytes]","args":[{"enterText":"TB","selector":{"id":"application-manageconditionprice-display-component---conditions--smartFilterBar-filterItemControl_BASIC-BILL_TYPES-valueHelpDialog-smartFilterBar-btnBasicSearch","searchOpenDialogs":true,"interaction":{"idSuffix":"I"}},"clearTextFirst":true,"interactionType":"ENTER_TEXT"}]}
COMMAND: POST /session/f2510c46535a82282fd70196afe2e571/actions - {"actions":[{"id":"action43","type":"key","parameters":{},"actions":[{"type":"keyDown","value":""},{"type":"pause","duration":10},{"type":"keyUp","value":""}]}]}
RESULT: {}
RESULT: {"actions":[{"id":"action43","type":"key","parameters":{},"actions":[{"type":"keyDown","value":""},{"type":"pause","duration":10},{"type":"keyUp","value":""}]}]}
COMMAND: GET /session/f2510c46535a82282fd70196afe2e571/screenshot - {}
RESULT: {}
COMMAND: POST /session/f2510c46535a82282fd70196afe2e571/element - {"using":"xpath","value":"//div[contains(@id, 'application-manageconditionprice-display-component---conditions--smartFilterBar-filterItemControl_BASIC-BILL_TYPES-valueHelpDialog-table-rowsel0')]"}
RESULT: {"using":"xpath","value":"//div[contains(@id, 'application-manageconditionprice-display-component---conditions--smartFilterBar-filterItemControl_BASIC-BILL_TYPES-valueHelpDialog-table-rowsel0')]"}
COMMAND: POST /session/f2510c46535a82282fd70196afe2e571/element/f.F7DC0DCC1AEA5B11728C456D26A3F950.d.B8059681E951F6768CC14B5597557649.e.11175/click - {}
RESULT: {}
COMMAND: GET /session/f2510c46535a82282fd70196afe2e571/screenshot - {}
RESULT: {}
COMMAND: POST /session/f2510c46535a82282fd70196afe2e571/element - {"using":"xpath","value":"//bdi[contains(text(), \"OK\")]"}
RESULT: {"using":"xpath","value":"//bdi[contains(text(), \"OK\")]"}
COMMAND: POST /session/f2510c46535a82282fd70196afe2e571/element/f.F7DC0DCC1AEA5B11728C456D26A3F950.d.B8059681E951F6768CC14B5597557649.e.11177/click - {}
RESULT: {}
COMMAND: GET /session/f2510c46535a82282fd70196afe2e571/screenshot - {}
RESULT: {}
COMMAND: POST /session/f2510c46535a82282fd70196afe2e571/element - {"using":"xpath","value":"//span[@id=\"application-manageconditionprice-display-component---conditions--smartTable-header-inner\"]"}
RESULT: {"using":"xpath","value":"//span[@id=\"application-manageconditionprice-display-component---conditions--smartTable-header-inner\"]"}
COMMAND: POST /session/f2510c46535a82282fd70196afe2e571/elements - {"using":"xpath","value":"//span[@id=\"application-manageconditionprice-display-component---conditions--smartTable-header-inner\"]"}
RESULT: {"using":"xpath","value":"//span[@id=\"application-manageconditionprice-display-component---conditions--smartTable-header-inner\"]"}
COMMAND: POST /session/f2510c46535a82282fd70196afe2e571/execute/sync - {"script":"<script> [56 bytes]","args":[{"element-6066-11e4-a52e-4f735466cecf":"f.F7DC0DCC1AEA5B11728C456D26A3F950.d.B8059681E951F6768CC14B5597557649.e.11214","ELEMENT":"f.F7DC0DCC1AEA5B11728C456D26A3F950.d.B8059681E951F6768CC14B5597557649.e.11214"}]}
RESULT: {"script":"<script> [56 bytes]","args":[{"element-6066-11e4-a52e-4f735466cecf":"f.F7DC0DCC1AEA5B11728C456D26A3F950.d.B8059681E951F6768CC14B5597557649.e.11214","ELEMENT":"f.F7DC0DCC1AEA5B11728C456D26A3F950.d.B8059681E951F6768CC14B5597557649.e.11214"}]}
COMMAND: POST /session/f2510c46535a82282fd70196afe2e571/element - {"using":"css selector","value":"#shell-header-logo"}
COMMAND: GET /session/f2510c46535a82282fd70196afe2e571/screenshot - {}
RESULT: {"using":"css selector","value":"#shell-header-logo"}
COMMAND: POST /session/f2510c46535a82282fd70196afe2e571/element/f.F7DC0DCC1AEA5B11728C456D26A3F950.d.B8059681E951F6768CC14B5597557649.e.10037/click - {}
RESULT: {}
RESULT: {}
COMMAND: GET /session/f2510c46535a82282fd70196afe2e571/screenshot - {}
RESULT: {}
]]></system-out>
    </testcase>
    <testcase classname="chrome.136_0_7103_93.windows.Create_master_data_for_mixed_billing_&amp;_do_billing_calculation_US151661" name="Should do a stock increase handover" time="90.233">
      <failure/>
      <error message="Can't call click on element with selector &quot;//li[.//span[contains(text(),'532 -')]]&quot; because element wasn't found"/>
      <system-out><![CDATA[
COMMAND: POST /session/f2510c46535a82282fd70196afe2e571/execute/async - {"script":"<script> [1562 bytes]","args":[{"selector":{"controlType":"sap.m.GenericTile","properties":{"header":"Manage Handovers"}},"wdio_ui5_key":"sapm.GenericTile{\"header\":\"Manage Handovers\"}"}]}
RESULT: {"script":"<script> [1562 bytes]","args":[{"selector":{"controlType":"sap.m.GenericTile","properties":{"header":"Manage Handovers"}},"wdio_ui5_key":"sapm.GenericTile{\"header\":\"Manage Handovers\"}"}]}
RESULT: undefined
COMMAND: POST /session/f2510c46535a82282fd70196afe2e571/element - {"using":"xpath","value":"//*[@id=\"__tile132\"]"}
RESULT: {"using":"xpath","value":"//*[@id=\"__tile132\"]"}
COMMAND: POST /session/f2510c46535a82282fd70196afe2e571/element/f.F7DC0DCC1AEA5B11728C456D26A3F950.d.B8059681E951F6768CC14B5597557649.e.7342/click - {}
RESULT: {}
COMMAND: GET /session/f2510c46535a82282fd70196afe2e571/screenshot - {}
RESULT: {}
COMMAND: POST /session/f2510c46535a82282fd70196afe2e571/elements - {"using":"xpath","value":"//span[text()='Error']"}
RESULT: {"using":"xpath","value":"//span[text()='Error']"}
COMMAND: POST /session/f2510c46535a82282fd70196afe2e571/element - {"using":"xpath","value":"//button[@data-kt=\"masterHOAddButton\"]"}
RESULT: {"using":"xpath","value":"//button[@data-kt=\"masterHOAddButton\"]"}
COMMAND: POST /session/f2510c46535a82282fd70196afe2e571/elements - {"using":"xpath","value":"//button[@data-kt=\"masterHOAddButton\"]"}
RESULT: {"using":"xpath","value":"//button[@data-kt=\"masterHOAddButton\"]"}
COMMAND: POST /session/f2510c46535a82282fd70196afe2e571/execute/sync - {"script":"<script> [8489 bytes]","args":[{"element-6066-11e4-a52e-4f735466cecf":"f.F7DC0DCC1AEA5B11728C456D26A3F950.d.B8059681E951F6768CC14B5597557649.e.11255","ELEMENT":"f.F7DC0DCC1AEA5B11728C456D26A3F950.d.B8059681E951F6768CC14B5597557649.e.11255"}]}
RESULT: {"script":"<script> [8489 bytes]","args":[{"element-6066-11e4-a52e-4f735466cecf":"f.F7DC0DCC1AEA5B11728C456D26A3F950.d.B8059681E951F6768CC14B5597557649.e.11255","ELEMENT":"f.F7DC0DCC1AEA5B11728C456D26A3F950.d.B8059681E951F6768CC14B5597557649.e.11255"}]}
COMMAND: GET /session/f2510c46535a82282fd70196afe2e571/element/f.F7DC0DCC1AEA5B11728C456D26A3F950.d.B8059681E951F6768CC14B5597557649.e.11255/enabled - {}
COMMAND: GET /session/f2510c46535a82282fd70196afe2e571/screenshot - {}
RESULT: {}
COMMAND: POST /session/f2510c46535a82282fd70196afe2e571/execute/sync - {"script":"<script> [8489 bytes]","args":[{"element-6066-11e4-a52e-4f735466cecf":"f.F7DC0DCC1AEA5B11728C456D26A3F950.d.B8059681E951F6768CC14B5597557649.e.11255","ELEMENT":"f.F7DC0DCC1AEA5B11728C456D26A3F950.d.B8059681E951F6768CC14B5597557649.e.11255"}]}
COMMAND: GET /session/f2510c46535a82282fd70196afe2e571/screenshot - {}
RESULT: {}
RESULT: {"script":"<script> [8489 bytes]","args":[{"element-6066-11e4-a52e-4f735466cecf":"f.F7DC0DCC1AEA5B11728C456D26A3F950.d.B8059681E951F6768CC14B5597557649.e.11255","ELEMENT":"f.F7DC0DCC1AEA5B11728C456D26A3F950.d.B8059681E951F6768CC14B5597557649.e.11255"}]}
COMMAND: POST /session/f2510c46535a82282fd70196afe2e571/execute/sync - {"script":"<script> [5351 bytes]","args":[{"element-6066-11e4-a52e-4f735466cecf":"f.F7DC0DCC1AEA5B11728C456D26A3F950.d.B8059681E951F6768CC14B5597557649.e.11255","ELEMENT":"f.F7DC0DCC1AEA5B11728C456D26A3F950.d.B8059681E951F6768CC14B5597557649.e.11255"}]}
COMMAND: GET /session/f2510c46535a82282fd70196afe2e571/screenshot - {}
RESULT: {}
RESULT: {"script":"<script> [5351 bytes]","args":[{"element-6066-11e4-a52e-4f735466cecf":"f.F7DC0DCC1AEA5B11728C456D26A3F950.d.B8059681E951F6768CC14B5597557649.e.11255","ELEMENT":"f.F7DC0DCC1AEA5B11728C456D26A3F950.d.B8059681E951F6768CC14B5597557649.e.11255"}]}
COMMAND: POST /session/f2510c46535a82282fd70196afe2e571/element/f.F7DC0DCC1AEA5B11728C456D26A3F950.d.B8059681E951F6768CC14B5597557649.e.11255/click - {}
COMMAND: GET /session/f2510c46535a82282fd70196afe2e571/screenshot - {}
RESULT: {}
RESULT: {}
COMMAND: GET /session/f2510c46535a82282fd70196afe2e571/screenshot - {}
RESULT: {}
COMMAND: POST /session/f2510c46535a82282fd70196afe2e571/element - {"using":"xpath","value":"//span[contains(@id ,\"AddNewHO--typeSelect-arrow\")]"}
RESULT: {}
RESULT: {"using":"xpath","value":"//span[contains(@id ,\"AddNewHO--typeSelect-arrow\")]"}
COMMAND: POST /session/f2510c46535a82282fd70196afe2e571/element/f.F7DC0DCC1AEA5B11728C456D26A3F950.d.B8059681E951F6768CC14B5597557649.e.11615/click - {}
RESULT: {}
COMMAND: GET /session/f2510c46535a82282fd70196afe2e571/screenshot - {}
RESULT: {}
COMMAND: POST /session/f2510c46535a82282fd70196afe2e571/element - {"using":"xpath","value":"(//li[contains(text(), \"stock increase yard\")])[1]"}
RESULT: {"using":"xpath","value":"(//li[contains(text(), \"stock increase yard\")])[1]"}
COMMAND: POST /session/f2510c46535a82282fd70196afe2e571/element/f.F7DC0DCC1AEA5B11728C456D26A3F950.d.B8059681E951F6768CC14B5597557649.e.11616/click - {}
RESULT: {}
COMMAND: GET /session/f2510c46535a82282fd70196afe2e571/screenshot - {}
RESULT: {}
COMMAND: POST /session/f2510c46535a82282fd70196afe2e571/execute/async - {"script":"<script> [1562 bytes]","args":[{"selector":{"id":"application-managehandovers-display-component---AddNewHO--dueDate","interaction":{"idSuffix":"inner"}},"wdio_ui5_key":"applicationmanagehandovers-display-component---AddNewHO--dueDate"}]}
RESULT: {"script":"<script> [1562 bytes]","args":[{"selector":{"id":"application-managehandovers-display-component---AddNewHO--dueDate","interaction":{"idSuffix":"inner"}},"wdio_ui5_key":"applicationmanagehandovers-display-component---AddNewHO--dueDate"}]}
RESULT: undefined
COMMAND: POST /session/f2510c46535a82282fd70196afe2e571/execute/async - {"script":"<script> [6424 bytes]","args":[{"element-6066-11e4-a52e-4f735466cecf":"f.F7DC0DCC1AEA5B11728C456D26A3F950.d.B8059681E951F6768CC14B5597557649.e.11618"},"setValue",["5/31/25"]]}
RESULT: {"script":"<script> [6424 bytes]","args":[{"element-6066-11e4-a52e-4f735466cecf":"f.F7DC0DCC1AEA5B11728C456D26A3F950.d.B8059681E951F6768CC14B5597557649.e.11618"},"setValue",["5/31/25"]]}
COMMAND: POST /session/f2510c46535a82282fd70196afe2e571/element - {"using":"xpath","value":"//input[@id=\"generalSectionFrg--receiveYard-inner\"]"}
RESULT: {"using":"xpath","value":"//input[@id=\"generalSectionFrg--receiveYard-inner\"]"}
COMMAND: POST /session/f2510c46535a82282fd70196afe2e571/element/f.F7DC0DCC1AEA5B11728C456D26A3F950.d.B8059681E951F6768CC14B5597557649.e.11624/clear - {}
RESULT: {}
COMMAND: POST /session/f2510c46535a82282fd70196afe2e571/element/f.F7DC0DCC1AEA5B11728C456D26A3F950.d.B8059681E951F6768CC14B5597557649.e.11624/value - {"text":"532"}
COMMAND: GET /session/f2510c46535a82282fd70196afe2e571/screenshot - {}
RESULT: {"text":"532"}
COMMAND: GET /session/f2510c46535a82282fd70196afe2e571/screenshot - {}
RESULT: {}
RESULT: {}
COMMAND: POST /session/f2510c46535a82282fd70196afe2e571/element - {"using":"xpath","value":"//li[.//span[contains(text(),'532 -')]]"}
RESULT: {"using":"xpath","value":"//li[.//span[contains(text(),'532 -')]]"}
COMMAND: POST /session/f2510c46535a82282fd70196afe2e571/elements - {"using":"xpath","value":"//li[.//span[contains(text(),'532 -')]]"}
RESULT: {"using":"xpath","value":"//li[.//span[contains(text(),'532 -')]]"}
COMMAND: POST /session/f2510c46535a82282fd70196afe2e571/elements - {"using":"xpath","value":"//li[.//span[contains(text(),'532 -')]]"}
RESULT: {"using":"xpath","value":"//li[.//span[contains(text(),'532 -')]]"}
COMMAND: POST /session/f2510c46535a82282fd70196afe2e571/elements - {"using":"xpath","value":"//li[.//span[contains(text(),'532 -')]]"}
RESULT: {"using":"xpath","value":"//li[.//span[contains(text(),'532 -')]]"}
COMMAND: POST /session/f2510c46535a82282fd70196afe2e571/elements - {"using":"xpath","value":"//li[.//span[contains(text(),'532 -')]]"}
RESULT: {"using":"xpath","value":"//li[.//span[contains(text(),'532 -')]]"}
COMMAND: POST /session/f2510c46535a82282fd70196afe2e571/elements - {"using":"xpath","value":"//li[.//span[contains(text(),'532 -')]]"}
RESULT: {"using":"xpath","value":"//li[.//span[contains(text(),'532 -')]]"}
COMMAND: POST /session/f2510c46535a82282fd70196afe2e571/elements - {"using":"xpath","value":"//li[.//span[contains(text(),'532 -')]]"}
RESULT: {"using":"xpath","value":"//li[.//span[contains(text(),'532 -')]]"}
COMMAND: POST /session/f2510c46535a82282fd70196afe2e571/elements - {"using":"xpath","value":"//li[.//span[contains(text(),'532 -')]]"}
RESULT: {"using":"xpath","value":"//li[.//span[contains(text(),'532 -')]]"}
COMMAND: POST /session/f2510c46535a82282fd70196afe2e571/elements - {"using":"xpath","value":"//li[.//span[contains(text(),'532 -')]]"}
RESULT: {"using":"xpath","value":"//li[.//span[contains(text(),'532 -')]]"}
COMMAND: POST /session/f2510c46535a82282fd70196afe2e571/elements - {"using":"xpath","value":"//li[.//span[contains(text(),'532 -')]]"}
RESULT: {"using":"xpath","value":"//li[.//span[contains(text(),'532 -')]]"}
COMMAND: POST /session/f2510c46535a82282fd70196afe2e571/elements - {"using":"xpath","value":"//li[.//span[contains(text(),'532 -')]]"}
RESULT: {"using":"xpath","value":"//li[.//span[contains(text(),'532 -')]]"}
COMMAND: POST /session/f2510c46535a82282fd70196afe2e571/elements - {"using":"xpath","value":"//li[.//span[contains(text(),'532 -')]]"}
RESULT: {"using":"xpath","value":"//li[.//span[contains(text(),'532 -')]]"}
COMMAND: POST /session/f2510c46535a82282fd70196afe2e571/elements - {"using":"xpath","value":"//li[.//span[contains(text(),'532 -')]]"}
RESULT: {"using":"xpath","value":"//li[.//span[contains(text(),'532 -')]]"}
COMMAND: POST /session/f2510c46535a82282fd70196afe2e571/elements - {"using":"xpath","value":"//li[.//span[contains(text(),'532 -')]]"}
RESULT: {"using":"xpath","value":"//li[.//span[contains(text(),'532 -')]]"}
COMMAND: POST /session/f2510c46535a82282fd70196afe2e571/elements - {"using":"xpath","value":"//li[.//span[contains(text(),'532 -')]]"}
RESULT: {"using":"xpath","value":"//li[.//span[contains(text(),'532 -')]]"}
COMMAND: POST /session/f2510c46535a82282fd70196afe2e571/elements - {"using":"xpath","value":"//li[.//span[contains(text(),'532 -')]]"}
RESULT: {"using":"xpath","value":"//li[.//span[contains(text(),'532 -')]]"}
COMMAND: POST /session/f2510c46535a82282fd70196afe2e571/elements - {"using":"xpath","value":"//li[.//span[contains(text(),'532 -')]]"}
RESULT: {"using":"xpath","value":"//li[.//span[contains(text(),'532 -')]]"}
COMMAND: POST /session/f2510c46535a82282fd70196afe2e571/elements - {"using":"xpath","value":"//li[.//span[contains(text(),'532 -')]]"}
RESULT: {"using":"xpath","value":"//li[.//span[contains(text(),'532 -')]]"}
COMMAND: POST /session/f2510c46535a82282fd70196afe2e571/elements - {"using":"xpath","value":"//li[.//span[contains(text(),'532 -')]]"}
RESULT: {"using":"xpath","value":"//li[.//span[contains(text(),'532 -')]]"}
COMMAND: POST /session/f2510c46535a82282fd70196afe2e571/elements - {"using":"xpath","value":"//li[.//span[contains(text(),'532 -')]]"}
RESULT: {"using":"xpath","value":"//li[.//span[contains(text(),'532 -')]]"}
COMMAND: POST /session/f2510c46535a82282fd70196afe2e571/elements - {"using":"xpath","value":"//li[.//span[contains(text(),'532 -')]]"}
RESULT: {"using":"xpath","value":"//li[.//span[contains(text(),'532 -')]]"}
COMMAND: POST /session/f2510c46535a82282fd70196afe2e571/elements - {"using":"xpath","value":"//li[.//span[contains(text(),'532 -')]]"}
RESULT: {"using":"xpath","value":"//li[.//span[contains(text(),'532 -')]]"}
COMMAND: POST /session/f2510c46535a82282fd70196afe2e571/elements - {"using":"xpath","value":"//li[.//span[contains(text(),'532 -')]]"}
RESULT: {"using":"xpath","value":"//li[.//span[contains(text(),'532 -')]]"}
COMMAND: POST /session/f2510c46535a82282fd70196afe2e571/elements - {"using":"xpath","value":"//li[.//span[contains(text(),'532 -')]]"}
RESULT: {"using":"xpath","value":"//li[.//span[contains(text(),'532 -')]]"}
COMMAND: POST /session/f2510c46535a82282fd70196afe2e571/elements - {"using":"xpath","value":"//li[.//span[contains(text(),'532 -')]]"}
RESULT: {"using":"xpath","value":"//li[.//span[contains(text(),'532 -')]]"}
COMMAND: POST /session/f2510c46535a82282fd70196afe2e571/elements - {"using":"xpath","value":"//li[.//span[contains(text(),'532 -')]]"}
RESULT: {"using":"xpath","value":"//li[.//span[contains(text(),'532 -')]]"}
COMMAND: POST /session/f2510c46535a82282fd70196afe2e571/elements - {"using":"xpath","value":"//li[.//span[contains(text(),'532 -')]]"}
RESULT: {"using":"xpath","value":"//li[.//span[contains(text(),'532 -')]]"}
COMMAND: POST /session/f2510c46535a82282fd70196afe2e571/elements - {"using":"xpath","value":"//li[.//span[contains(text(),'532 -')]]"}
RESULT: {"using":"xpath","value":"//li[.//span[contains(text(),'532 -')]]"}
COMMAND: POST /session/f2510c46535a82282fd70196afe2e571/elements - {"using":"xpath","value":"//li[.//span[contains(text(),'532 -')]]"}
RESULT: {"using":"xpath","value":"//li[.//span[contains(text(),'532 -')]]"}
COMMAND: POST /session/f2510c46535a82282fd70196afe2e571/elements - {"using":"xpath","value":"//li[.//span[contains(text(),'532 -')]]"}
RESULT: {"using":"xpath","value":"//li[.//span[contains(text(),'532 -')]]"}
COMMAND: POST /session/f2510c46535a82282fd70196afe2e571/elements - {"using":"xpath","value":"//li[.//span[contains(text(),'532 -')]]"}
RESULT: {"using":"xpath","value":"//li[.//span[contains(text(),'532 -')]]"}
COMMAND: POST /session/f2510c46535a82282fd70196afe2e571/elements - {"using":"xpath","value":"//li[.//span[contains(text(),'532 -')]]"}
RESULT: {"using":"xpath","value":"//li[.//span[contains(text(),'532 -')]]"}
COMMAND: POST /session/f2510c46535a82282fd70196afe2e571/elements - {"using":"xpath","value":"//li[.//span[contains(text(),'532 -')]]"}
RESULT: {"using":"xpath","value":"//li[.//span[contains(text(),'532 -')]]"}
COMMAND: POST /session/f2510c46535a82282fd70196afe2e571/elements - {"using":"xpath","value":"//li[.//span[contains(text(),'532 -')]]"}
RESULT: {"using":"xpath","value":"//li[.//span[contains(text(),'532 -')]]"}
COMMAND: POST /session/f2510c46535a82282fd70196afe2e571/elements - {"using":"xpath","value":"//li[.//span[contains(text(),'532 -')]]"}
RESULT: {"using":"xpath","value":"//li[.//span[contains(text(),'532 -')]]"}
COMMAND: POST /session/f2510c46535a82282fd70196afe2e571/elements - {"using":"xpath","value":"//li[.//span[contains(text(),'532 -')]]"}
RESULT: {"using":"xpath","value":"//li[.//span[contains(text(),'532 -')]]"}
COMMAND: POST /session/f2510c46535a82282fd70196afe2e571/elements - {"using":"xpath","value":"//li[.//span[contains(text(),'532 -')]]"}
RESULT: {"using":"xpath","value":"//li[.//span[contains(text(),'532 -')]]"}
COMMAND: POST /session/f2510c46535a82282fd70196afe2e571/elements - {"using":"xpath","value":"//li[.//span[contains(text(),'532 -')]]"}
RESULT: {"using":"xpath","value":"//li[.//span[contains(text(),'532 -')]]"}
COMMAND: POST /session/f2510c46535a82282fd70196afe2e571/elements - {"using":"xpath","value":"//li[.//span[contains(text(),'532 -')]]"}
RESULT: {"using":"xpath","value":"//li[.//span[contains(text(),'532 -')]]"}
COMMAND: POST /session/f2510c46535a82282fd70196afe2e571/elements - {"using":"xpath","value":"//li[.//span[contains(text(),'532 -')]]"}
RESULT: {"using":"xpath","value":"//li[.//span[contains(text(),'532 -')]]"}
COMMAND: POST /session/f2510c46535a82282fd70196afe2e571/elements - {"using":"xpath","value":"//li[.//span[contains(text(),'532 -')]]"}
RESULT: {"using":"xpath","value":"//li[.//span[contains(text(),'532 -')]]"}
COMMAND: POST /session/f2510c46535a82282fd70196afe2e571/elements - {"using":"xpath","value":"//li[.//span[contains(text(),'532 -')]]"}
RESULT: {"using":"xpath","value":"//li[.//span[contains(text(),'532 -')]]"}
COMMAND: POST /session/f2510c46535a82282fd70196afe2e571/elements - {"using":"xpath","value":"//li[.//span[contains(text(),'532 -')]]"}
RESULT: {"using":"xpath","value":"//li[.//span[contains(text(),'532 -')]]"}
COMMAND: POST /session/f2510c46535a82282fd70196afe2e571/elements - {"using":"xpath","value":"//li[.//span[contains(text(),'532 -')]]"}
RESULT: {"using":"xpath","value":"//li[.//span[contains(text(),'532 -')]]"}
COMMAND: POST /session/f2510c46535a82282fd70196afe2e571/elements - {"using":"xpath","value":"//li[.//span[contains(text(),'532 -')]]"}
RESULT: {"using":"xpath","value":"//li[.//span[contains(text(),'532 -')]]"}
COMMAND: POST /session/f2510c46535a82282fd70196afe2e571/elements - {"using":"xpath","value":"//li[.//span[contains(text(),'532 -')]]"}
RESULT: {"using":"xpath","value":"//li[.//span[contains(text(),'532 -')]]"}
COMMAND: POST /session/f2510c46535a82282fd70196afe2e571/elements - {"using":"xpath","value":"//li[.//span[contains(text(),'532 -')]]"}
RESULT: {"using":"xpath","value":"//li[.//span[contains(text(),'532 -')]]"}
COMMAND: POST /session/f2510c46535a82282fd70196afe2e571/elements - {"using":"xpath","value":"//li[.//span[contains(text(),'532 -')]]"}
RESULT: {"using":"xpath","value":"//li[.//span[contains(text(),'532 -')]]"}
COMMAND: POST /session/f2510c46535a82282fd70196afe2e571/elements - {"using":"xpath","value":"//li[.//span[contains(text(),'532 -')]]"}
RESULT: {"using":"xpath","value":"//li[.//span[contains(text(),'532 -')]]"}
COMMAND: POST /session/f2510c46535a82282fd70196afe2e571/elements - {"using":"xpath","value":"//li[.//span[contains(text(),'532 -')]]"}
RESULT: {"using":"xpath","value":"//li[.//span[contains(text(),'532 -')]]"}
COMMAND: POST /session/f2510c46535a82282fd70196afe2e571/elements - {"using":"xpath","value":"//li[.//span[contains(text(),'532 -')]]"}
RESULT: {"using":"xpath","value":"//li[.//span[contains(text(),'532 -')]]"}
COMMAND: POST /session/f2510c46535a82282fd70196afe2e571/elements - {"using":"xpath","value":"//li[.//span[contains(text(),'532 -')]]"}
RESULT: {"using":"xpath","value":"//li[.//span[contains(text(),'532 -')]]"}
COMMAND: POST /session/f2510c46535a82282fd70196afe2e571/elements - {"using":"xpath","value":"//li[.//span[contains(text(),'532 -')]]"}
RESULT: {"using":"xpath","value":"//li[.//span[contains(text(),'532 -')]]"}
COMMAND: POST /session/f2510c46535a82282fd70196afe2e571/elements - {"using":"xpath","value":"//li[.//span[contains(text(),'532 -')]]"}
RESULT: {"using":"xpath","value":"//li[.//span[contains(text(),'532 -')]]"}
COMMAND: POST /session/f2510c46535a82282fd70196afe2e571/elements - {"using":"xpath","value":"//li[.//span[contains(text(),'532 -')]]"}
RESULT: {"using":"xpath","value":"//li[.//span[contains(text(),'532 -')]]"}
COMMAND: POST /session/f2510c46535a82282fd70196afe2e571/elements - {"using":"xpath","value":"//li[.//span[contains(text(),'532 -')]]"}
RESULT: {"using":"xpath","value":"//li[.//span[contains(text(),'532 -')]]"}
COMMAND: POST /session/f2510c46535a82282fd70196afe2e571/elements - {"using":"xpath","value":"//li[.//span[contains(text(),'532 -')]]"}
RESULT: {"using":"xpath","value":"//li[.//span[contains(text(),'532 -')]]"}
COMMAND: POST /session/f2510c46535a82282fd70196afe2e571/elements - {"using":"xpath","value":"//li[.//span[contains(text(),'532 -')]]"}
RESULT: {"using":"xpath","value":"//li[.//span[contains(text(),'532 -')]]"}
COMMAND: POST /session/f2510c46535a82282fd70196afe2e571/elements - {"using":"xpath","value":"//li[.//span[contains(text(),'532 -')]]"}
RESULT: {"using":"xpath","value":"//li[.//span[contains(text(),'532 -')]]"}
COMMAND: POST /session/f2510c46535a82282fd70196afe2e571/elements - {"using":"xpath","value":"//li[.//span[contains(text(),'532 -')]]"}
RESULT: {"using":"xpath","value":"//li[.//span[contains(text(),'532 -')]]"}
COMMAND: POST /session/f2510c46535a82282fd70196afe2e571/elements - {"using":"xpath","value":"//li[.//span[contains(text(),'532 -')]]"}
RESULT: {"using":"xpath","value":"//li[.//span[contains(text(),'532 -')]]"}
COMMAND: POST /session/f2510c46535a82282fd70196afe2e571/elements - {"using":"xpath","value":"//li[.//span[contains(text(),'532 -')]]"}
RESULT: {"using":"xpath","value":"//li[.//span[contains(text(),'532 -')]]"}
COMMAND: POST /session/f2510c46535a82282fd70196afe2e571/elements - {"using":"xpath","value":"//li[.//span[contains(text(),'532 -')]]"}
RESULT: {"using":"xpath","value":"//li[.//span[contains(text(),'532 -')]]"}
COMMAND: POST /session/f2510c46535a82282fd70196afe2e571/elements - {"using":"xpath","value":"//li[.//span[contains(text(),'532 -')]]"}
RESULT: {"using":"xpath","value":"//li[.//span[contains(text(),'532 -')]]"}
COMMAND: POST /session/f2510c46535a82282fd70196afe2e571/elements - {"using":"xpath","value":"//li[.//span[contains(text(),'532 -')]]"}
RESULT: {"using":"xpath","value":"//li[.//span[contains(text(),'532 -')]]"}
COMMAND: POST /session/f2510c46535a82282fd70196afe2e571/elements - {"using":"xpath","value":"//li[.//span[contains(text(),'532 -')]]"}
RESULT: {"using":"xpath","value":"//li[.//span[contains(text(),'532 -')]]"}
COMMAND: POST /session/f2510c46535a82282fd70196afe2e571/elements - {"using":"xpath","value":"//li[.//span[contains(text(),'532 -')]]"}
RESULT: {"using":"xpath","value":"//li[.//span[contains(text(),'532 -')]]"}
COMMAND: POST /session/f2510c46535a82282fd70196afe2e571/elements - {"using":"xpath","value":"//li[.//span[contains(text(),'532 -')]]"}
RESULT: {"using":"xpath","value":"//li[.//span[contains(text(),'532 -')]]"}
COMMAND: POST /session/f2510c46535a82282fd70196afe2e571/elements - {"using":"xpath","value":"//li[.//span[contains(text(),'532 -')]]"}
RESULT: {"using":"xpath","value":"//li[.//span[contains(text(),'532 -')]]"}
COMMAND: POST /session/f2510c46535a82282fd70196afe2e571/elements - {"using":"xpath","value":"//li[.//span[contains(text(),'532 -')]]"}
RESULT: {"using":"xpath","value":"//li[.//span[contains(text(),'532 -')]]"}
COMMAND: POST /session/f2510c46535a82282fd70196afe2e571/elements - {"using":"xpath","value":"//li[.//span[contains(text(),'532 -')]]"}
RESULT: {"using":"xpath","value":"//li[.//span[contains(text(),'532 -')]]"}
COMMAND: POST /session/f2510c46535a82282fd70196afe2e571/elements - {"using":"xpath","value":"//li[.//span[contains(text(),'532 -')]]"}
RESULT: {"using":"xpath","value":"//li[.//span[contains(text(),'532 -')]]"}
COMMAND: POST /session/f2510c46535a82282fd70196afe2e571/elements - {"using":"xpath","value":"//li[.//span[contains(text(),'532 -')]]"}
RESULT: {"using":"xpath","value":"//li[.//span[contains(text(),'532 -')]]"}
COMMAND: POST /session/f2510c46535a82282fd70196afe2e571/elements - {"using":"xpath","value":"//li[.//span[contains(text(),'532 -')]]"}
RESULT: {"using":"xpath","value":"//li[.//span[contains(text(),'532 -')]]"}
COMMAND: POST /session/f2510c46535a82282fd70196afe2e571/elements - {"using":"xpath","value":"//li[.//span[contains(text(),'532 -')]]"}
RESULT: {"using":"xpath","value":"//li[.//span[contains(text(),'532 -')]]"}
COMMAND: POST /session/f2510c46535a82282fd70196afe2e571/elements - {"using":"xpath","value":"//li[.//span[contains(text(),'532 -')]]"}
RESULT: {"using":"xpath","value":"//li[.//span[contains(text(),'532 -')]]"}
COMMAND: POST /session/f2510c46535a82282fd70196afe2e571/elements - {"using":"xpath","value":"//li[.//span[contains(text(),'532 -')]]"}
RESULT: {"using":"xpath","value":"//li[.//span[contains(text(),'532 -')]]"}
COMMAND: POST /session/f2510c46535a82282fd70196afe2e571/elements - {"using":"xpath","value":"//li[.//span[contains(text(),'532 -')]]"}
RESULT: {"using":"xpath","value":"//li[.//span[contains(text(),'532 -')]]"}
COMMAND: POST /session/f2510c46535a82282fd70196afe2e571/elements - {"using":"xpath","value":"//li[.//span[contains(text(),'532 -')]]"}
RESULT: {"using":"xpath","value":"//li[.//span[contains(text(),'532 -')]]"}
COMMAND: POST /session/f2510c46535a82282fd70196afe2e571/elements - {"using":"xpath","value":"//li[.//span[contains(text(),'532 -')]]"}
RESULT: {"using":"xpath","value":"//li[.//span[contains(text(),'532 -')]]"}
COMMAND: POST /session/f2510c46535a82282fd70196afe2e571/elements - {"using":"xpath","value":"//li[.//span[contains(text(),'532 -')]]"}
RESULT: {"using":"xpath","value":"//li[.//span[contains(text(),'532 -')]]"}
COMMAND: POST /session/f2510c46535a82282fd70196afe2e571/elements - {"using":"xpath","value":"//li[.//span[contains(text(),'532 -')]]"}
RESULT: {"using":"xpath","value":"//li[.//span[contains(text(),'532 -')]]"}
COMMAND: POST /session/f2510c46535a82282fd70196afe2e571/elements - {"using":"xpath","value":"//li[.//span[contains(text(),'532 -')]]"}
RESULT: {"using":"xpath","value":"//li[.//span[contains(text(),'532 -')]]"}
COMMAND: POST /session/f2510c46535a82282fd70196afe2e571/elements - {"using":"xpath","value":"//li[.//span[contains(text(),'532 -')]]"}
RESULT: {"using":"xpath","value":"//li[.//span[contains(text(),'532 -')]]"}
COMMAND: POST /session/f2510c46535a82282fd70196afe2e571/elements - {"using":"xpath","value":"//li[.//span[contains(text(),'532 -')]]"}
RESULT: {"using":"xpath","value":"//li[.//span[contains(text(),'532 -')]]"}
COMMAND: POST /session/f2510c46535a82282fd70196afe2e571/elements - {"using":"xpath","value":"//li[.//span[contains(text(),'532 -')]]"}
RESULT: {"using":"xpath","value":"//li[.//span[contains(text(),'532 -')]]"}
COMMAND: POST /session/f2510c46535a82282fd70196afe2e571/elements - {"using":"xpath","value":"//li[.//span[contains(text(),'532 -')]]"}
RESULT: {"using":"xpath","value":"//li[.//span[contains(text(),'532 -')]]"}
COMMAND: POST /session/f2510c46535a82282fd70196afe2e571/elements - {"using":"xpath","value":"//li[.//span[contains(text(),'532 -')]]"}
RESULT: {"using":"xpath","value":"//li[.//span[contains(text(),'532 -')]]"}
COMMAND: POST /session/f2510c46535a82282fd70196afe2e571/elements - {"using":"xpath","value":"//li[.//span[contains(text(),'532 -')]]"}
RESULT: {"using":"xpath","value":"//li[.//span[contains(text(),'532 -')]]"}
COMMAND: POST /session/f2510c46535a82282fd70196afe2e571/elements - {"using":"xpath","value":"//li[.//span[contains(text(),'532 -')]]"}
RESULT: {"using":"xpath","value":"//li[.//span[contains(text(),'532 -')]]"}
COMMAND: POST /session/f2510c46535a82282fd70196afe2e571/elements - {"using":"xpath","value":"//li[.//span[contains(text(),'532 -')]]"}
RESULT: {"using":"xpath","value":"//li[.//span[contains(text(),'532 -')]]"}
COMMAND: POST /session/f2510c46535a82282fd70196afe2e571/elements - {"using":"xpath","value":"//li[.//span[contains(text(),'532 -')]]"}
RESULT: {"using":"xpath","value":"//li[.//span[contains(text(),'532 -')]]"}
COMMAND: POST /session/f2510c46535a82282fd70196afe2e571/elements - {"using":"xpath","value":"//li[.//span[contains(text(),'532 -')]]"}
RESULT: {"using":"xpath","value":"//li[.//span[contains(text(),'532 -')]]"}
COMMAND: POST /session/f2510c46535a82282fd70196afe2e571/elements - {"using":"xpath","value":"//li[.//span[contains(text(),'532 -')]]"}
RESULT: {"using":"xpath","value":"//li[.//span[contains(text(),'532 -')]]"}
COMMAND: POST /session/f2510c46535a82282fd70196afe2e571/elements - {"using":"xpath","value":"//li[.//span[contains(text(),'532 -')]]"}
RESULT: {"using":"xpath","value":"//li[.//span[contains(text(),'532 -')]]"}
COMMAND: POST /session/f2510c46535a82282fd70196afe2e571/elements - {"using":"xpath","value":"//li[.//span[contains(text(),'532 -')]]"}
RESULT: {"using":"xpath","value":"//li[.//span[contains(text(),'532 -')]]"}
COMMAND: POST /session/f2510c46535a82282fd70196afe2e571/elements - {"using":"xpath","value":"//li[.//span[contains(text(),'532 -')]]"}
RESULT: {"using":"xpath","value":"//li[.//span[contains(text(),'532 -')]]"}
COMMAND: POST /session/f2510c46535a82282fd70196afe2e571/elements - {"using":"xpath","value":"//li[.//span[contains(text(),'532 -')]]"}
RESULT: {"using":"xpath","value":"//li[.//span[contains(text(),'532 -')]]"}
COMMAND: POST /session/f2510c46535a82282fd70196afe2e571/elements - {"using":"xpath","value":"//li[.//span[contains(text(),'532 -')]]"}
RESULT: {"using":"xpath","value":"//li[.//span[contains(text(),'532 -')]]"}
COMMAND: POST /session/f2510c46535a82282fd70196afe2e571/elements - {"using":"xpath","value":"//li[.//span[contains(text(),'532 -')]]"}
RESULT: {"using":"xpath","value":"//li[.//span[contains(text(),'532 -')]]"}
COMMAND: POST /session/f2510c46535a82282fd70196afe2e571/elements - {"using":"xpath","value":"//li[.//span[contains(text(),'532 -')]]"}
RESULT: {"using":"xpath","value":"//li[.//span[contains(text(),'532 -')]]"}
COMMAND: POST /session/f2510c46535a82282fd70196afe2e571/elements - {"using":"xpath","value":"//li[.//span[contains(text(),'532 -')]]"}
RESULT: {"using":"xpath","value":"//li[.//span[contains(text(),'532 -')]]"}
COMMAND: POST /session/f2510c46535a82282fd70196afe2e571/elements - {"using":"xpath","value":"//li[.//span[contains(text(),'532 -')]]"}
RESULT: {"using":"xpath","value":"//li[.//span[contains(text(),'532 -')]]"}
COMMAND: POST /session/f2510c46535a82282fd70196afe2e571/elements - {"using":"xpath","value":"//li[.//span[contains(text(),'532 -')]]"}
RESULT: {"using":"xpath","value":"//li[.//span[contains(text(),'532 -')]]"}
COMMAND: POST /session/f2510c46535a82282fd70196afe2e571/elements - {"using":"xpath","value":"//li[.//span[contains(text(),'532 -')]]"}
RESULT: {"using":"xpath","value":"//li[.//span[contains(text(),'532 -')]]"}
COMMAND: POST /session/f2510c46535a82282fd70196afe2e571/elements - {"using":"xpath","value":"//li[.//span[contains(text(),'532 -')]]"}
RESULT: {"using":"xpath","value":"//li[.//span[contains(text(),'532 -')]]"}
COMMAND: POST /session/f2510c46535a82282fd70196afe2e571/elements - {"using":"xpath","value":"//li[.//span[contains(text(),'532 -')]]"}
RESULT: {"using":"xpath","value":"//li[.//span[contains(text(),'532 -')]]"}
COMMAND: POST /session/f2510c46535a82282fd70196afe2e571/elements - {"using":"xpath","value":"//li[.//span[contains(text(),'532 -')]]"}
RESULT: {"using":"xpath","value":"//li[.//span[contains(text(),'532 -')]]"}
COMMAND: POST /session/f2510c46535a82282fd70196afe2e571/elements - {"using":"xpath","value":"//li[.//span[contains(text(),'532 -')]]"}
RESULT: {"using":"xpath","value":"//li[.//span[contains(text(),'532 -')]]"}
COMMAND: POST /session/f2510c46535a82282fd70196afe2e571/elements - {"using":"xpath","value":"//li[.//span[contains(text(),'532 -')]]"}
RESULT: {"using":"xpath","value":"//li[.//span[contains(text(),'532 -')]]"}
COMMAND: POST /session/f2510c46535a82282fd70196afe2e571/elements - {"using":"xpath","value":"//li[.//span[contains(text(),'532 -')]]"}
RESULT: {"using":"xpath","value":"//li[.//span[contains(text(),'532 -')]]"}
COMMAND: POST /session/f2510c46535a82282fd70196afe2e571/elements - {"using":"xpath","value":"//li[.//span[contains(text(),'532 -')]]"}
RESULT: {"using":"xpath","value":"//li[.//span[contains(text(),'532 -')]]"}
COMMAND: POST /session/f2510c46535a82282fd70196afe2e571/elements - {"using":"xpath","value":"//li[.//span[contains(text(),'532 -')]]"}
RESULT: {"using":"xpath","value":"//li[.//span[contains(text(),'532 -')]]"}
COMMAND: POST /session/f2510c46535a82282fd70196afe2e571/elements - {"using":"xpath","value":"//li[.//span[contains(text(),'532 -')]]"}
RESULT: {"using":"xpath","value":"//li[.//span[contains(text(),'532 -')]]"}
COMMAND: POST /session/f2510c46535a82282fd70196afe2e571/elements - {"using":"xpath","value":"//li[.//span[contains(text(),'532 -')]]"}
RESULT: {"using":"xpath","value":"//li[.//span[contains(text(),'532 -')]]"}
COMMAND: POST /session/f2510c46535a82282fd70196afe2e571/elements - {"using":"xpath","value":"//li[.//span[contains(text(),'532 -')]]"}
RESULT: {"using":"xpath","value":"//li[.//span[contains(text(),'532 -')]]"}
COMMAND: POST /session/f2510c46535a82282fd70196afe2e571/elements - {"using":"xpath","value":"//li[.//span[contains(text(),'532 -')]]"}
RESULT: {"using":"xpath","value":"//li[.//span[contains(text(),'532 -')]]"}
COMMAND: POST /session/f2510c46535a82282fd70196afe2e571/elements - {"using":"xpath","value":"//li[.//span[contains(text(),'532 -')]]"}
RESULT: {"using":"xpath","value":"//li[.//span[contains(text(),'532 -')]]"}
COMMAND: POST /session/f2510c46535a82282fd70196afe2e571/elements - {"using":"xpath","value":"//li[.//span[contains(text(),'532 -')]]"}
RESULT: {"using":"xpath","value":"//li[.//span[contains(text(),'532 -')]]"}
COMMAND: POST /session/f2510c46535a82282fd70196afe2e571/elements - {"using":"xpath","value":"//li[.//span[contains(text(),'532 -')]]"}
RESULT: {"using":"xpath","value":"//li[.//span[contains(text(),'532 -')]]"}
COMMAND: POST /session/f2510c46535a82282fd70196afe2e571/elements - {"using":"xpath","value":"//li[.//span[contains(text(),'532 -')]]"}
RESULT: {"using":"xpath","value":"//li[.//span[contains(text(),'532 -')]]"}
COMMAND: POST /session/f2510c46535a82282fd70196afe2e571/elements - {"using":"xpath","value":"//li[.//span[contains(text(),'532 -')]]"}
COMMAND: GET /session/f2510c46535a82282fd70196afe2e571/screenshot - {}
RESULT: {"using":"xpath","value":"//li[.//span[contains(text(),'532 -')]]"}
RESULT: {}
]]></system-out>
      <system-err><![CDATA[
Error: Can't call click on element with selector "//li[.//span[contains(text(),'532 -')]]" because element wasn't found
    at async UtilsPrerequisites.stockIncrease (D:\a\1\s\test\specs\BTS\prerequisites-and-utils-functions.js:1638:9)
    at async Context.<anonymous> (D:\a\1\s\test\specs\BTS\billing-calculation-mixed.spec.js:69:9)
]]></system-err>
    </testcase>
    <testcase classname="chrome.136_0_7103_93.windows.Create_master_data_for_mixed_billing_&amp;_do_billing_calculation_US151661" name="Should create a new contract" time="60.033">
      <failure/>
      <error message="element (&quot;//button[@data-kt=&quot;addButton&quot;]&quot;) still not existing after 45000ms"/>
      <system-out><![CDATA[
COMMAND: POST /session/f2510c46535a82282fd70196afe2e571/execute/async - {"script":"<script> [1562 bytes]","args":[{"selector":{"controlType":"sap.m.GenericTile","properties":{"header":"Manage Contracts"}},"wdio_ui5_key":"sapm.GenericTile{\"header\":\"Manage Contracts\"}"}]}
COMMAND: GET /session/f2510c46535a82282fd70196afe2e571/screenshot - {}
RESULT: {"script":"<script> [1562 bytes]","args":[{"selector":{"controlType":"sap.m.GenericTile","properties":{"header":"Manage Contracts"}},"wdio_ui5_key":"sapm.GenericTile{\"header\":\"Manage Contracts\"}"}]}
RESULT: undefined
RESULT: {}
COMMAND: POST /session/f2510c46535a82282fd70196afe2e571/elements - {"using":"xpath","value":"//span[text()='Error']"}
RESULT: {"using":"xpath","value":"//span[text()='Error']"}
COMMAND: POST /session/f2510c46535a82282fd70196afe2e571/element - {"using":"xpath","value":"//button[@data-kt=\"addButton\"]"}
RESULT: {"using":"xpath","value":"//button[@data-kt=\"addButton\"]"}
COMMAND: POST /session/f2510c46535a82282fd70196afe2e571/elements - {"using":"xpath","value":"//button[@data-kt=\"addButton\"]"}
RESULT: {"using":"xpath","value":"//button[@data-kt=\"addButton\"]"}
COMMAND: POST /session/f2510c46535a82282fd70196afe2e571/elements - {"using":"xpath","value":"//button[@data-kt=\"addButton\"]"}
RESULT: {"using":"xpath","value":"//button[@data-kt=\"addButton\"]"}
COMMAND: POST /session/f2510c46535a82282fd70196afe2e571/elements - {"using":"xpath","value":"//button[@data-kt=\"addButton\"]"}
RESULT: {"using":"xpath","value":"//button[@data-kt=\"addButton\"]"}
COMMAND: POST /session/f2510c46535a82282fd70196afe2e571/elements - {"using":"xpath","value":"//button[@data-kt=\"addButton\"]"}
RESULT: {"using":"xpath","value":"//button[@data-kt=\"addButton\"]"}
COMMAND: POST /session/f2510c46535a82282fd70196afe2e571/elements - {"using":"xpath","value":"//button[@data-kt=\"addButton\"]"}
RESULT: {"using":"xpath","value":"//button[@data-kt=\"addButton\"]"}
COMMAND: POST /session/f2510c46535a82282fd70196afe2e571/elements - {"using":"xpath","value":"//button[@data-kt=\"addButton\"]"}
RESULT: {"using":"xpath","value":"//button[@data-kt=\"addButton\"]"}
COMMAND: POST /session/f2510c46535a82282fd70196afe2e571/elements - {"using":"xpath","value":"//button[@data-kt=\"addButton\"]"}
RESULT: {"using":"xpath","value":"//button[@data-kt=\"addButton\"]"}
COMMAND: POST /session/f2510c46535a82282fd70196afe2e571/elements - {"using":"xpath","value":"//button[@data-kt=\"addButton\"]"}
RESULT: {"using":"xpath","value":"//button[@data-kt=\"addButton\"]"}
COMMAND: POST /session/f2510c46535a82282fd70196afe2e571/elements - {"using":"xpath","value":"//button[@data-kt=\"addButton\"]"}
RESULT: {"using":"xpath","value":"//button[@data-kt=\"addButton\"]"}
COMMAND: POST /session/f2510c46535a82282fd70196afe2e571/elements - {"using":"xpath","value":"//button[@data-kt=\"addButton\"]"}
RESULT: {"using":"xpath","value":"//button[@data-kt=\"addButton\"]"}
COMMAND: POST /session/f2510c46535a82282fd70196afe2e571/elements - {"using":"xpath","value":"//button[@data-kt=\"addButton\"]"}
RESULT: {"using":"xpath","value":"//button[@data-kt=\"addButton\"]"}
COMMAND: POST /session/f2510c46535a82282fd70196afe2e571/elements - {"using":"xpath","value":"//button[@data-kt=\"addButton\"]"}
RESULT: {"using":"xpath","value":"//button[@data-kt=\"addButton\"]"}
COMMAND: POST /session/f2510c46535a82282fd70196afe2e571/elements - {"using":"xpath","value":"//button[@data-kt=\"addButton\"]"}
RESULT: {"using":"xpath","value":"//button[@data-kt=\"addButton\"]"}
COMMAND: POST /session/f2510c46535a82282fd70196afe2e571/elements - {"using":"xpath","value":"//button[@data-kt=\"addButton\"]"}
RESULT: {"using":"xpath","value":"//button[@data-kt=\"addButton\"]"}
COMMAND: POST /session/f2510c46535a82282fd70196afe2e571/elements - {"using":"xpath","value":"//button[@data-kt=\"addButton\"]"}
RESULT: {"using":"xpath","value":"//button[@data-kt=\"addButton\"]"}
COMMAND: POST /session/f2510c46535a82282fd70196afe2e571/elements - {"using":"xpath","value":"//button[@data-kt=\"addButton\"]"}
RESULT: {"using":"xpath","value":"//button[@data-kt=\"addButton\"]"}
COMMAND: POST /session/f2510c46535a82282fd70196afe2e571/elements - {"using":"xpath","value":"//button[@data-kt=\"addButton\"]"}
RESULT: {"using":"xpath","value":"//button[@data-kt=\"addButton\"]"}
COMMAND: POST /session/f2510c46535a82282fd70196afe2e571/elements - {"using":"xpath","value":"//button[@data-kt=\"addButton\"]"}
RESULT: {"using":"xpath","value":"//button[@data-kt=\"addButton\"]"}
COMMAND: POST /session/f2510c46535a82282fd70196afe2e571/elements - {"using":"xpath","value":"//button[@data-kt=\"addButton\"]"}
RESULT: {"using":"xpath","value":"//button[@data-kt=\"addButton\"]"}
COMMAND: POST /session/f2510c46535a82282fd70196afe2e571/elements - {"using":"xpath","value":"//button[@data-kt=\"addButton\"]"}
RESULT: {"using":"xpath","value":"//button[@data-kt=\"addButton\"]"}
COMMAND: POST /session/f2510c46535a82282fd70196afe2e571/elements - {"using":"xpath","value":"//button[@data-kt=\"addButton\"]"}
RESULT: {"using":"xpath","value":"//button[@data-kt=\"addButton\"]"}
COMMAND: POST /session/f2510c46535a82282fd70196afe2e571/elements - {"using":"xpath","value":"//button[@data-kt=\"addButton\"]"}
RESULT: {"using":"xpath","value":"//button[@data-kt=\"addButton\"]"}
COMMAND: POST /session/f2510c46535a82282fd70196afe2e571/elements - {"using":"xpath","value":"//button[@data-kt=\"addButton\"]"}
RESULT: {"using":"xpath","value":"//button[@data-kt=\"addButton\"]"}
COMMAND: POST /session/f2510c46535a82282fd70196afe2e571/elements - {"using":"xpath","value":"//button[@data-kt=\"addButton\"]"}
RESULT: {"using":"xpath","value":"//button[@data-kt=\"addButton\"]"}
COMMAND: POST /session/f2510c46535a82282fd70196afe2e571/elements - {"using":"xpath","value":"//button[@data-kt=\"addButton\"]"}
RESULT: {"using":"xpath","value":"//button[@data-kt=\"addButton\"]"}
COMMAND: POST /session/f2510c46535a82282fd70196afe2e571/elements - {"using":"xpath","value":"//button[@data-kt=\"addButton\"]"}
RESULT: {"using":"xpath","value":"//button[@data-kt=\"addButton\"]"}
COMMAND: POST /session/f2510c46535a82282fd70196afe2e571/elements - {"using":"xpath","value":"//button[@data-kt=\"addButton\"]"}
RESULT: {"using":"xpath","value":"//button[@data-kt=\"addButton\"]"}
COMMAND: POST /session/f2510c46535a82282fd70196afe2e571/elements - {"using":"xpath","value":"//button[@data-kt=\"addButton\"]"}
RESULT: {"using":"xpath","value":"//button[@data-kt=\"addButton\"]"}
COMMAND: POST /session/f2510c46535a82282fd70196afe2e571/elements - {"using":"xpath","value":"//button[@data-kt=\"addButton\"]"}
RESULT: {"using":"xpath","value":"//button[@data-kt=\"addButton\"]"}
COMMAND: POST /session/f2510c46535a82282fd70196afe2e571/elements - {"using":"xpath","value":"//button[@data-kt=\"addButton\"]"}
RESULT: {"using":"xpath","value":"//button[@data-kt=\"addButton\"]"}
COMMAND: POST /session/f2510c46535a82282fd70196afe2e571/elements - {"using":"xpath","value":"//button[@data-kt=\"addButton\"]"}
RESULT: {"using":"xpath","value":"//button[@data-kt=\"addButton\"]"}
COMMAND: POST /session/f2510c46535a82282fd70196afe2e571/elements - {"using":"xpath","value":"//button[@data-kt=\"addButton\"]"}
RESULT: {"using":"xpath","value":"//button[@data-kt=\"addButton\"]"}
COMMAND: POST /session/f2510c46535a82282fd70196afe2e571/elements - {"using":"xpath","value":"//button[@data-kt=\"addButton\"]"}
RESULT: {"using":"xpath","value":"//button[@data-kt=\"addButton\"]"}
COMMAND: POST /session/f2510c46535a82282fd70196afe2e571/elements - {"using":"xpath","value":"//button[@data-kt=\"addButton\"]"}
RESULT: {"using":"xpath","value":"//button[@data-kt=\"addButton\"]"}
COMMAND: POST /session/f2510c46535a82282fd70196afe2e571/elements - {"using":"xpath","value":"//button[@data-kt=\"addButton\"]"}
RESULT: {"using":"xpath","value":"//button[@data-kt=\"addButton\"]"}
COMMAND: POST /session/f2510c46535a82282fd70196afe2e571/elements - {"using":"xpath","value":"//button[@data-kt=\"addButton\"]"}
RESULT: {"using":"xpath","value":"//button[@data-kt=\"addButton\"]"}
COMMAND: POST /session/f2510c46535a82282fd70196afe2e571/elements - {"using":"xpath","value":"//button[@data-kt=\"addButton\"]"}
RESULT: {"using":"xpath","value":"//button[@data-kt=\"addButton\"]"}
COMMAND: POST /session/f2510c46535a82282fd70196afe2e571/elements - {"using":"xpath","value":"//button[@data-kt=\"addButton\"]"}
RESULT: {"using":"xpath","value":"//button[@data-kt=\"addButton\"]"}
COMMAND: POST /session/f2510c46535a82282fd70196afe2e571/elements - {"using":"xpath","value":"//button[@data-kt=\"addButton\"]"}
RESULT: {"using":"xpath","value":"//button[@data-kt=\"addButton\"]"}
COMMAND: POST /session/f2510c46535a82282fd70196afe2e571/elements - {"using":"xpath","value":"//button[@data-kt=\"addButton\"]"}
RESULT: {"using":"xpath","value":"//button[@data-kt=\"addButton\"]"}
COMMAND: POST /session/f2510c46535a82282fd70196afe2e571/elements - {"using":"xpath","value":"//button[@data-kt=\"addButton\"]"}
RESULT: {"using":"xpath","value":"//button[@data-kt=\"addButton\"]"}
COMMAND: POST /session/f2510c46535a82282fd70196afe2e571/elements - {"using":"xpath","value":"//button[@data-kt=\"addButton\"]"}
RESULT: {"using":"xpath","value":"//button[@data-kt=\"addButton\"]"}
COMMAND: POST /session/f2510c46535a82282fd70196afe2e571/elements - {"using":"xpath","value":"//button[@data-kt=\"addButton\"]"}
RESULT: {"using":"xpath","value":"//button[@data-kt=\"addButton\"]"}
COMMAND: POST /session/f2510c46535a82282fd70196afe2e571/elements - {"using":"xpath","value":"//button[@data-kt=\"addButton\"]"}
RESULT: {"using":"xpath","value":"//button[@data-kt=\"addButton\"]"}
COMMAND: POST /session/f2510c46535a82282fd70196afe2e571/elements - {"using":"xpath","value":"//button[@data-kt=\"addButton\"]"}
RESULT: {"using":"xpath","value":"//button[@data-kt=\"addButton\"]"}
COMMAND: POST /session/f2510c46535a82282fd70196afe2e571/elements - {"using":"xpath","value":"//button[@data-kt=\"addButton\"]"}
RESULT: {"using":"xpath","value":"//button[@data-kt=\"addButton\"]"}
COMMAND: POST /session/f2510c46535a82282fd70196afe2e571/elements - {"using":"xpath","value":"//button[@data-kt=\"addButton\"]"}
RESULT: {"using":"xpath","value":"//button[@data-kt=\"addButton\"]"}
COMMAND: POST /session/f2510c46535a82282fd70196afe2e571/elements - {"using":"xpath","value":"//button[@data-kt=\"addButton\"]"}
RESULT: {"using":"xpath","value":"//button[@data-kt=\"addButton\"]"}
COMMAND: POST /session/f2510c46535a82282fd70196afe2e571/elements - {"using":"xpath","value":"//button[@data-kt=\"addButton\"]"}
RESULT: {"using":"xpath","value":"//button[@data-kt=\"addButton\"]"}
COMMAND: POST /session/f2510c46535a82282fd70196afe2e571/elements - {"using":"xpath","value":"//button[@data-kt=\"addButton\"]"}
RESULT: {"using":"xpath","value":"//button[@data-kt=\"addButton\"]"}
COMMAND: POST /session/f2510c46535a82282fd70196afe2e571/elements - {"using":"xpath","value":"//button[@data-kt=\"addButton\"]"}
RESULT: {"using":"xpath","value":"//button[@data-kt=\"addButton\"]"}
COMMAND: POST /session/f2510c46535a82282fd70196afe2e571/elements - {"using":"xpath","value":"//button[@data-kt=\"addButton\"]"}
RESULT: {"using":"xpath","value":"//button[@data-kt=\"addButton\"]"}
COMMAND: POST /session/f2510c46535a82282fd70196afe2e571/elements - {"using":"xpath","value":"//button[@data-kt=\"addButton\"]"}
RESULT: {"using":"xpath","value":"//button[@data-kt=\"addButton\"]"}
COMMAND: POST /session/f2510c46535a82282fd70196afe2e571/elements - {"using":"xpath","value":"//button[@data-kt=\"addButton\"]"}
RESULT: {"using":"xpath","value":"//button[@data-kt=\"addButton\"]"}
COMMAND: POST /session/f2510c46535a82282fd70196afe2e571/elements - {"using":"xpath","value":"//button[@data-kt=\"addButton\"]"}
RESULT: {"using":"xpath","value":"//button[@data-kt=\"addButton\"]"}
COMMAND: POST /session/f2510c46535a82282fd70196afe2e571/elements - {"using":"xpath","value":"//button[@data-kt=\"addButton\"]"}
RESULT: {"using":"xpath","value":"//button[@data-kt=\"addButton\"]"}
COMMAND: POST /session/f2510c46535a82282fd70196afe2e571/elements - {"using":"xpath","value":"//button[@data-kt=\"addButton\"]"}
RESULT: {"using":"xpath","value":"//button[@data-kt=\"addButton\"]"}
COMMAND: POST /session/f2510c46535a82282fd70196afe2e571/elements - {"using":"xpath","value":"//button[@data-kt=\"addButton\"]"}
RESULT: {"using":"xpath","value":"//button[@data-kt=\"addButton\"]"}
COMMAND: POST /session/f2510c46535a82282fd70196afe2e571/elements - {"using":"xpath","value":"//button[@data-kt=\"addButton\"]"}
RESULT: {"using":"xpath","value":"//button[@data-kt=\"addButton\"]"}
COMMAND: POST /session/f2510c46535a82282fd70196afe2e571/elements - {"using":"xpath","value":"//button[@data-kt=\"addButton\"]"}
RESULT: {"using":"xpath","value":"//button[@data-kt=\"addButton\"]"}
COMMAND: POST /session/f2510c46535a82282fd70196afe2e571/elements - {"using":"xpath","value":"//button[@data-kt=\"addButton\"]"}
RESULT: {"using":"xpath","value":"//button[@data-kt=\"addButton\"]"}
COMMAND: POST /session/f2510c46535a82282fd70196afe2e571/elements - {"using":"xpath","value":"//button[@data-kt=\"addButton\"]"}
RESULT: {"using":"xpath","value":"//button[@data-kt=\"addButton\"]"}
COMMAND: POST /session/f2510c46535a82282fd70196afe2e571/elements - {"using":"xpath","value":"//button[@data-kt=\"addButton\"]"}
RESULT: {"using":"xpath","value":"//button[@data-kt=\"addButton\"]"}
COMMAND: POST /session/f2510c46535a82282fd70196afe2e571/elements - {"using":"xpath","value":"//button[@data-kt=\"addButton\"]"}
RESULT: {"using":"xpath","value":"//button[@data-kt=\"addButton\"]"}
COMMAND: POST /session/f2510c46535a82282fd70196afe2e571/elements - {"using":"xpath","value":"//button[@data-kt=\"addButton\"]"}
RESULT: {"using":"xpath","value":"//button[@data-kt=\"addButton\"]"}
COMMAND: POST /session/f2510c46535a82282fd70196afe2e571/elements - {"using":"xpath","value":"//button[@data-kt=\"addButton\"]"}
RESULT: {"using":"xpath","value":"//button[@data-kt=\"addButton\"]"}
COMMAND: POST /session/f2510c46535a82282fd70196afe2e571/elements - {"using":"xpath","value":"//button[@data-kt=\"addButton\"]"}
RESULT: {"using":"xpath","value":"//button[@data-kt=\"addButton\"]"}
COMMAND: POST /session/f2510c46535a82282fd70196afe2e571/elements - {"using":"xpath","value":"//button[@data-kt=\"addButton\"]"}
RESULT: {"using":"xpath","value":"//button[@data-kt=\"addButton\"]"}
COMMAND: POST /session/f2510c46535a82282fd70196afe2e571/elements - {"using":"xpath","value":"//button[@data-kt=\"addButton\"]"}
RESULT: {"using":"xpath","value":"//button[@data-kt=\"addButton\"]"}
COMMAND: POST /session/f2510c46535a82282fd70196afe2e571/elements - {"using":"xpath","value":"//button[@data-kt=\"addButton\"]"}
RESULT: {"using":"xpath","value":"//button[@data-kt=\"addButton\"]"}
COMMAND: POST /session/f2510c46535a82282fd70196afe2e571/elements - {"using":"xpath","value":"//button[@data-kt=\"addButton\"]"}
RESULT: {"using":"xpath","value":"//button[@data-kt=\"addButton\"]"}
COMMAND: POST /session/f2510c46535a82282fd70196afe2e571/elements - {"using":"xpath","value":"//button[@data-kt=\"addButton\"]"}
RESULT: {"using":"xpath","value":"//button[@data-kt=\"addButton\"]"}
COMMAND: POST /session/f2510c46535a82282fd70196afe2e571/elements - {"using":"xpath","value":"//button[@data-kt=\"addButton\"]"}
RESULT: {"using":"xpath","value":"//button[@data-kt=\"addButton\"]"}
COMMAND: POST /session/f2510c46535a82282fd70196afe2e571/elements - {"using":"xpath","value":"//button[@data-kt=\"addButton\"]"}
RESULT: {"using":"xpath","value":"//button[@data-kt=\"addButton\"]"}
COMMAND: POST /session/f2510c46535a82282fd70196afe2e571/elements - {"using":"xpath","value":"//button[@data-kt=\"addButton\"]"}
RESULT: {"using":"xpath","value":"//button[@data-kt=\"addButton\"]"}
COMMAND: POST /session/f2510c46535a82282fd70196afe2e571/elements - {"using":"xpath","value":"//button[@data-kt=\"addButton\"]"}
RESULT: {"using":"xpath","value":"//button[@data-kt=\"addButton\"]"}
COMMAND: POST /session/f2510c46535a82282fd70196afe2e571/elements - {"using":"xpath","value":"//button[@data-kt=\"addButton\"]"}
RESULT: {"using":"xpath","value":"//button[@data-kt=\"addButton\"]"}
COMMAND: POST /session/f2510c46535a82282fd70196afe2e571/elements - {"using":"xpath","value":"//button[@data-kt=\"addButton\"]"}
RESULT: {"using":"xpath","value":"//button[@data-kt=\"addButton\"]"}
COMMAND: POST /session/f2510c46535a82282fd70196afe2e571/elements - {"using":"xpath","value":"//button[@data-kt=\"addButton\"]"}
RESULT: {"using":"xpath","value":"//button[@data-kt=\"addButton\"]"}
COMMAND: POST /session/f2510c46535a82282fd70196afe2e571/elements - {"using":"xpath","value":"//button[@data-kt=\"addButton\"]"}
RESULT: {"using":"xpath","value":"//button[@data-kt=\"addButton\"]"}
COMMAND: POST /session/f2510c46535a82282fd70196afe2e571/elements - {"using":"xpath","value":"//button[@data-kt=\"addButton\"]"}
RESULT: {"using":"xpath","value":"//button[@data-kt=\"addButton\"]"}
COMMAND: POST /session/f2510c46535a82282fd70196afe2e571/elements - {"using":"xpath","value":"//button[@data-kt=\"addButton\"]"}
RESULT: {"using":"xpath","value":"//button[@data-kt=\"addButton\"]"}
COMMAND: POST /session/f2510c46535a82282fd70196afe2e571/elements - {"using":"xpath","value":"//button[@data-kt=\"addButton\"]"}
RESULT: {"using":"xpath","value":"//button[@data-kt=\"addButton\"]"}
COMMAND: POST /session/f2510c46535a82282fd70196afe2e571/elements - {"using":"xpath","value":"//button[@data-kt=\"addButton\"]"}
RESULT: {"using":"xpath","value":"//button[@data-kt=\"addButton\"]"}
COMMAND: POST /session/f2510c46535a82282fd70196afe2e571/elements - {"using":"xpath","value":"//button[@data-kt=\"addButton\"]"}
RESULT: {"using":"xpath","value":"//button[@data-kt=\"addButton\"]"}
COMMAND: POST /session/f2510c46535a82282fd70196afe2e571/elements - {"using":"xpath","value":"//button[@data-kt=\"addButton\"]"}
RESULT: {"using":"xpath","value":"//button[@data-kt=\"addButton\"]"}
COMMAND: POST /session/f2510c46535a82282fd70196afe2e571/elements - {"using":"xpath","value":"//button[@data-kt=\"addButton\"]"}
RESULT: {"using":"xpath","value":"//button[@data-kt=\"addButton\"]"}
COMMAND: POST /session/f2510c46535a82282fd70196afe2e571/elements - {"using":"xpath","value":"//button[@data-kt=\"addButton\"]"}
RESULT: {"using":"xpath","value":"//button[@data-kt=\"addButton\"]"}
COMMAND: POST /session/f2510c46535a82282fd70196afe2e571/elements - {"using":"xpath","value":"//button[@data-kt=\"addButton\"]"}
RESULT: {"using":"xpath","value":"//button[@data-kt=\"addButton\"]"}
COMMAND: POST /session/f2510c46535a82282fd70196afe2e571/elements - {"using":"xpath","value":"//button[@data-kt=\"addButton\"]"}
RESULT: {"using":"xpath","value":"//button[@data-kt=\"addButton\"]"}
COMMAND: GET /session/f2510c46535a82282fd70196afe2e571/screenshot - {}
RESULT: {}
]]></system-out>
      <system-err><![CDATA[
Error: element ("//button[@data-kt="addButton"]") still not existing after 45000ms
    at async UtilsPrerequisites.contractCreation (D:\a\1\s\test\specs\BTS\prerequisites-and-utils-functions.js:1741:9)
    at async Context.<anonymous> (D:\a\1\s\test\specs\BTS\billing-calculation-mixed.spec.js:73:45)
]]></system-err>
    </testcase>
    <testcase classname="chrome.136_0_7103_93.windows.Create_master_data_for_mixed_billing_&amp;_do_billing_calculation_US151661" name="Should add equipment to the contract" time="60.73">
      <failure/>
      <error message="Can't call click on element with selector &quot;//button[@data-kt=&quot;contractDetailEditBtnButton&quot;]&quot; because element wasn't found"/>
      <system-out><![CDATA[
COMMAND: GET /session/f2510c46535a82282fd70196afe2e571/screenshot - {}
COMMAND: POST /session/f2510c46535a82282fd70196afe2e571/element - {"using":"xpath","value":"//button[@data-kt=\"contractDetailEditBtnButton\"]"}
RESULT: {}
RESULT: {"using":"xpath","value":"//button[@data-kt=\"contractDetailEditBtnButton\"]"}
COMMAND: POST /session/f2510c46535a82282fd70196afe2e571/elements - {"using":"xpath","value":"//button[@data-kt=\"contractDetailEditBtnButton\"]"}
RESULT: {"using":"xpath","value":"//button[@data-kt=\"contractDetailEditBtnButton\"]"}
COMMAND: POST /session/f2510c46535a82282fd70196afe2e571/elements - {"using":"xpath","value":"//button[@data-kt=\"contractDetailEditBtnButton\"]"}
RESULT: {"using":"xpath","value":"//button[@data-kt=\"contractDetailEditBtnButton\"]"}
COMMAND: POST /session/f2510c46535a82282fd70196afe2e571/elements - {"using":"xpath","value":"//button[@data-kt=\"contractDetailEditBtnButton\"]"}
RESULT: {"using":"xpath","value":"//button[@data-kt=\"contractDetailEditBtnButton\"]"}
COMMAND: POST /session/f2510c46535a82282fd70196afe2e571/elements - {"using":"xpath","value":"//button[@data-kt=\"contractDetailEditBtnButton\"]"}
RESULT: {"using":"xpath","value":"//button[@data-kt=\"contractDetailEditBtnButton\"]"}
COMMAND: POST /session/f2510c46535a82282fd70196afe2e571/elements - {"using":"xpath","value":"//button[@data-kt=\"contractDetailEditBtnButton\"]"}
RESULT: {"using":"xpath","value":"//button[@data-kt=\"contractDetailEditBtnButton\"]"}
COMMAND: POST /session/f2510c46535a82282fd70196afe2e571/elements - {"using":"xpath","value":"//button[@data-kt=\"contractDetailEditBtnButton\"]"}
RESULT: {"using":"xpath","value":"//button[@data-kt=\"contractDetailEditBtnButton\"]"}
COMMAND: POST /session/f2510c46535a82282fd70196afe2e571/elements - {"using":"xpath","value":"//button[@data-kt=\"contractDetailEditBtnButton\"]"}
RESULT: {"using":"xpath","value":"//button[@data-kt=\"contractDetailEditBtnButton\"]"}
COMMAND: POST /session/f2510c46535a82282fd70196afe2e571/elements - {"using":"xpath","value":"//button[@data-kt=\"contractDetailEditBtnButton\"]"}
RESULT: {"using":"xpath","value":"//button[@data-kt=\"contractDetailEditBtnButton\"]"}
COMMAND: POST /session/f2510c46535a82282fd70196afe2e571/elements - {"using":"xpath","value":"//button[@data-kt=\"contractDetailEditBtnButton\"]"}
RESULT: {"using":"xpath","value":"//button[@data-kt=\"contractDetailEditBtnButton\"]"}
COMMAND: POST /session/f2510c46535a82282fd70196afe2e571/elements - {"using":"xpath","value":"//button[@data-kt=\"contractDetailEditBtnButton\"]"}
RESULT: {"using":"xpath","value":"//button[@data-kt=\"contractDetailEditBtnButton\"]"}
COMMAND: POST /session/f2510c46535a82282fd70196afe2e571/elements - {"using":"xpath","value":"//button[@data-kt=\"contractDetailEditBtnButton\"]"}
RESULT: {"using":"xpath","value":"//button[@data-kt=\"contractDetailEditBtnButton\"]"}
COMMAND: POST /session/f2510c46535a82282fd70196afe2e571/elements - {"using":"xpath","value":"//button[@data-kt=\"contractDetailEditBtnButton\"]"}
RESULT: {"using":"xpath","value":"//button[@data-kt=\"contractDetailEditBtnButton\"]"}
COMMAND: POST /session/f2510c46535a82282fd70196afe2e571/elements - {"using":"xpath","value":"//button[@data-kt=\"contractDetailEditBtnButton\"]"}
RESULT: {"using":"xpath","value":"//button[@data-kt=\"contractDetailEditBtnButton\"]"}
COMMAND: POST /session/f2510c46535a82282fd70196afe2e571/elements - {"using":"xpath","value":"//button[@data-kt=\"contractDetailEditBtnButton\"]"}
RESULT: {"using":"xpath","value":"//button[@data-kt=\"contractDetailEditBtnButton\"]"}
COMMAND: POST /session/f2510c46535a82282fd70196afe2e571/elements - {"using":"xpath","value":"//button[@data-kt=\"contractDetailEditBtnButton\"]"}
RESULT: {"using":"xpath","value":"//button[@data-kt=\"contractDetailEditBtnButton\"]"}
COMMAND: POST /session/f2510c46535a82282fd70196afe2e571/elements - {"using":"xpath","value":"//button[@data-kt=\"contractDetailEditBtnButton\"]"}
RESULT: {"using":"xpath","value":"//button[@data-kt=\"contractDetailEditBtnButton\"]"}
COMMAND: POST /session/f2510c46535a82282fd70196afe2e571/elements - {"using":"xpath","value":"//button[@data-kt=\"contractDetailEditBtnButton\"]"}
RESULT: {"using":"xpath","value":"//button[@data-kt=\"contractDetailEditBtnButton\"]"}
COMMAND: POST /session/f2510c46535a82282fd70196afe2e571/elements - {"using":"xpath","value":"//button[@data-kt=\"contractDetailEditBtnButton\"]"}
RESULT: {"using":"xpath","value":"//button[@data-kt=\"contractDetailEditBtnButton\"]"}
COMMAND: POST /session/f2510c46535a82282fd70196afe2e571/elements - {"using":"xpath","value":"//button[@data-kt=\"contractDetailEditBtnButton\"]"}
RESULT: {"using":"xpath","value":"//button[@data-kt=\"contractDetailEditBtnButton\"]"}
COMMAND: POST /session/f2510c46535a82282fd70196afe2e571/elements - {"using":"xpath","value":"//button[@data-kt=\"contractDetailEditBtnButton\"]"}
RESULT: {"using":"xpath","value":"//button[@data-kt=\"contractDetailEditBtnButton\"]"}
COMMAND: POST /session/f2510c46535a82282fd70196afe2e571/elements - {"using":"xpath","value":"//button[@data-kt=\"contractDetailEditBtnButton\"]"}
RESULT: {"using":"xpath","value":"//button[@data-kt=\"contractDetailEditBtnButton\"]"}
COMMAND: POST /session/f2510c46535a82282fd70196afe2e571/elements - {"using":"xpath","value":"//button[@data-kt=\"contractDetailEditBtnButton\"]"}
RESULT: {"using":"xpath","value":"//button[@data-kt=\"contractDetailEditBtnButton\"]"}
COMMAND: POST /session/f2510c46535a82282fd70196afe2e571/elements - {"using":"xpath","value":"//button[@data-kt=\"contractDetailEditBtnButton\"]"}
RESULT: {"using":"xpath","value":"//button[@data-kt=\"contractDetailEditBtnButton\"]"}
COMMAND: POST /session/f2510c46535a82282fd70196afe2e571/elements - {"using":"xpath","value":"//button[@data-kt=\"contractDetailEditBtnButton\"]"}
RESULT: {"using":"xpath","value":"//button[@data-kt=\"contractDetailEditBtnButton\"]"}
COMMAND: POST /session/f2510c46535a82282fd70196afe2e571/elements - {"using":"xpath","value":"//button[@data-kt=\"contractDetailEditBtnButton\"]"}
RESULT: {"using":"xpath","value":"//button[@data-kt=\"contractDetailEditBtnButton\"]"}
COMMAND: POST /session/f2510c46535a82282fd70196afe2e571/elements - {"using":"xpath","value":"//button[@data-kt=\"contractDetailEditBtnButton\"]"}
RESULT: {"using":"xpath","value":"//button[@data-kt=\"contractDetailEditBtnButton\"]"}
COMMAND: POST /session/f2510c46535a82282fd70196afe2e571/elements - {"using":"xpath","value":"//button[@data-kt=\"contractDetailEditBtnButton\"]"}
RESULT: {"using":"xpath","value":"//button[@data-kt=\"contractDetailEditBtnButton\"]"}
COMMAND: POST /session/f2510c46535a82282fd70196afe2e571/elements - {"using":"xpath","value":"//button[@data-kt=\"contractDetailEditBtnButton\"]"}
RESULT: {"using":"xpath","value":"//button[@data-kt=\"contractDetailEditBtnButton\"]"}
COMMAND: POST /session/f2510c46535a82282fd70196afe2e571/elements - {"using":"xpath","value":"//button[@data-kt=\"contractDetailEditBtnButton\"]"}
RESULT: {"using":"xpath","value":"//button[@data-kt=\"contractDetailEditBtnButton\"]"}
COMMAND: POST /session/f2510c46535a82282fd70196afe2e571/elements - {"using":"xpath","value":"//button[@data-kt=\"contractDetailEditBtnButton\"]"}
RESULT: {"using":"xpath","value":"//button[@data-kt=\"contractDetailEditBtnButton\"]"}
COMMAND: POST /session/f2510c46535a82282fd70196afe2e571/elements - {"using":"xpath","value":"//button[@data-kt=\"contractDetailEditBtnButton\"]"}
RESULT: {"using":"xpath","value":"//button[@data-kt=\"contractDetailEditBtnButton\"]"}
COMMAND: POST /session/f2510c46535a82282fd70196afe2e571/elements - {"using":"xpath","value":"//button[@data-kt=\"contractDetailEditBtnButton\"]"}
RESULT: {"using":"xpath","value":"//button[@data-kt=\"contractDetailEditBtnButton\"]"}
COMMAND: POST /session/f2510c46535a82282fd70196afe2e571/elements - {"using":"xpath","value":"//button[@data-kt=\"contractDetailEditBtnButton\"]"}
RESULT: {"using":"xpath","value":"//button[@data-kt=\"contractDetailEditBtnButton\"]"}
COMMAND: POST /session/f2510c46535a82282fd70196afe2e571/elements - {"using":"xpath","value":"//button[@data-kt=\"contractDetailEditBtnButton\"]"}
RESULT: {"using":"xpath","value":"//button[@data-kt=\"contractDetailEditBtnButton\"]"}
COMMAND: POST /session/f2510c46535a82282fd70196afe2e571/elements - {"using":"xpath","value":"//button[@data-kt=\"contractDetailEditBtnButton\"]"}
RESULT: {"using":"xpath","value":"//button[@data-kt=\"contractDetailEditBtnButton\"]"}
COMMAND: POST /session/f2510c46535a82282fd70196afe2e571/elements - {"using":"xpath","value":"//button[@data-kt=\"contractDetailEditBtnButton\"]"}
RESULT: {"using":"xpath","value":"//button[@data-kt=\"contractDetailEditBtnButton\"]"}
COMMAND: POST /session/f2510c46535a82282fd70196afe2e571/elements - {"using":"xpath","value":"//button[@data-kt=\"contractDetailEditBtnButton\"]"}
RESULT: {"using":"xpath","value":"//button[@data-kt=\"contractDetailEditBtnButton\"]"}
COMMAND: POST /session/f2510c46535a82282fd70196afe2e571/elements - {"using":"xpath","value":"//button[@data-kt=\"contractDetailEditBtnButton\"]"}
RESULT: {"using":"xpath","value":"//button[@data-kt=\"contractDetailEditBtnButton\"]"}
COMMAND: POST /session/f2510c46535a82282fd70196afe2e571/elements - {"using":"xpath","value":"//button[@data-kt=\"contractDetailEditBtnButton\"]"}
RESULT: {"using":"xpath","value":"//button[@data-kt=\"contractDetailEditBtnButton\"]"}
COMMAND: POST /session/f2510c46535a82282fd70196afe2e571/elements - {"using":"xpath","value":"//button[@data-kt=\"contractDetailEditBtnButton\"]"}
RESULT: {"using":"xpath","value":"//button[@data-kt=\"contractDetailEditBtnButton\"]"}
COMMAND: POST /session/f2510c46535a82282fd70196afe2e571/elements - {"using":"xpath","value":"//button[@data-kt=\"contractDetailEditBtnButton\"]"}
RESULT: {"using":"xpath","value":"//button[@data-kt=\"contractDetailEditBtnButton\"]"}
COMMAND: POST /session/f2510c46535a82282fd70196afe2e571/elements - {"using":"xpath","value":"//button[@data-kt=\"contractDetailEditBtnButton\"]"}
RESULT: {"using":"xpath","value":"//button[@data-kt=\"contractDetailEditBtnButton\"]"}
COMMAND: POST /session/f2510c46535a82282fd70196afe2e571/elements - {"using":"xpath","value":"//button[@data-kt=\"contractDetailEditBtnButton\"]"}
RESULT: {"using":"xpath","value":"//button[@data-kt=\"contractDetailEditBtnButton\"]"}
COMMAND: POST /session/f2510c46535a82282fd70196afe2e571/elements - {"using":"xpath","value":"//button[@data-kt=\"contractDetailEditBtnButton\"]"}
RESULT: {"using":"xpath","value":"//button[@data-kt=\"contractDetailEditBtnButton\"]"}
COMMAND: POST /session/f2510c46535a82282fd70196afe2e571/elements - {"using":"xpath","value":"//button[@data-kt=\"contractDetailEditBtnButton\"]"}
RESULT: {"using":"xpath","value":"//button[@data-kt=\"contractDetailEditBtnButton\"]"}
COMMAND: POST /session/f2510c46535a82282fd70196afe2e571/elements - {"using":"xpath","value":"//button[@data-kt=\"contractDetailEditBtnButton\"]"}
RESULT: {"using":"xpath","value":"//button[@data-kt=\"contractDetailEditBtnButton\"]"}
COMMAND: POST /session/f2510c46535a82282fd70196afe2e571/elements - {"using":"xpath","value":"//button[@data-kt=\"contractDetailEditBtnButton\"]"}
RESULT: {"using":"xpath","value":"//button[@data-kt=\"contractDetailEditBtnButton\"]"}
COMMAND: POST /session/f2510c46535a82282fd70196afe2e571/elements - {"using":"xpath","value":"//button[@data-kt=\"contractDetailEditBtnButton\"]"}
RESULT: {"using":"xpath","value":"//button[@data-kt=\"contractDetailEditBtnButton\"]"}
COMMAND: POST /session/f2510c46535a82282fd70196afe2e571/elements - {"using":"xpath","value":"//button[@data-kt=\"contractDetailEditBtnButton\"]"}
RESULT: {"using":"xpath","value":"//button[@data-kt=\"contractDetailEditBtnButton\"]"}
COMMAND: POST /session/f2510c46535a82282fd70196afe2e571/elements - {"using":"xpath","value":"//button[@data-kt=\"contractDetailEditBtnButton\"]"}
RESULT: {"using":"xpath","value":"//button[@data-kt=\"contractDetailEditBtnButton\"]"}
COMMAND: POST /session/f2510c46535a82282fd70196afe2e571/elements - {"using":"xpath","value":"//button[@data-kt=\"contractDetailEditBtnButton\"]"}
RESULT: {"using":"xpath","value":"//button[@data-kt=\"contractDetailEditBtnButton\"]"}
COMMAND: POST /session/f2510c46535a82282fd70196afe2e571/elements - {"using":"xpath","value":"//button[@data-kt=\"contractDetailEditBtnButton\"]"}
RESULT: {"using":"xpath","value":"//button[@data-kt=\"contractDetailEditBtnButton\"]"}
COMMAND: POST /session/f2510c46535a82282fd70196afe2e571/elements - {"using":"xpath","value":"//button[@data-kt=\"contractDetailEditBtnButton\"]"}
RESULT: {"using":"xpath","value":"//button[@data-kt=\"contractDetailEditBtnButton\"]"}
COMMAND: POST /session/f2510c46535a82282fd70196afe2e571/elements - {"using":"xpath","value":"//button[@data-kt=\"contractDetailEditBtnButton\"]"}
RESULT: {"using":"xpath","value":"//button[@data-kt=\"contractDetailEditBtnButton\"]"}
COMMAND: POST /session/f2510c46535a82282fd70196afe2e571/elements - {"using":"xpath","value":"//button[@data-kt=\"contractDetailEditBtnButton\"]"}
RESULT: {"using":"xpath","value":"//button[@data-kt=\"contractDetailEditBtnButton\"]"}
COMMAND: POST /session/f2510c46535a82282fd70196afe2e571/elements - {"using":"xpath","value":"//button[@data-kt=\"contractDetailEditBtnButton\"]"}
RESULT: {"using":"xpath","value":"//button[@data-kt=\"contractDetailEditBtnButton\"]"}
COMMAND: POST /session/f2510c46535a82282fd70196afe2e571/elements - {"using":"xpath","value":"//button[@data-kt=\"contractDetailEditBtnButton\"]"}
RESULT: {"using":"xpath","value":"//button[@data-kt=\"contractDetailEditBtnButton\"]"}
COMMAND: POST /session/f2510c46535a82282fd70196afe2e571/elements - {"using":"xpath","value":"//button[@data-kt=\"contractDetailEditBtnButton\"]"}
RESULT: {"using":"xpath","value":"//button[@data-kt=\"contractDetailEditBtnButton\"]"}
COMMAND: POST /session/f2510c46535a82282fd70196afe2e571/elements - {"using":"xpath","value":"//button[@data-kt=\"contractDetailEditBtnButton\"]"}
RESULT: {"using":"xpath","value":"//button[@data-kt=\"contractDetailEditBtnButton\"]"}
COMMAND: POST /session/f2510c46535a82282fd70196afe2e571/elements - {"using":"xpath","value":"//button[@data-kt=\"contractDetailEditBtnButton\"]"}
RESULT: {"using":"xpath","value":"//button[@data-kt=\"contractDetailEditBtnButton\"]"}
COMMAND: POST /session/f2510c46535a82282fd70196afe2e571/elements - {"using":"xpath","value":"//button[@data-kt=\"contractDetailEditBtnButton\"]"}
RESULT: {"using":"xpath","value":"//button[@data-kt=\"contractDetailEditBtnButton\"]"}
COMMAND: POST /session/f2510c46535a82282fd70196afe2e571/elements - {"using":"xpath","value":"//button[@data-kt=\"contractDetailEditBtnButton\"]"}
RESULT: {"using":"xpath","value":"//button[@data-kt=\"contractDetailEditBtnButton\"]"}
COMMAND: POST /session/f2510c46535a82282fd70196afe2e571/elements - {"using":"xpath","value":"//button[@data-kt=\"contractDetailEditBtnButton\"]"}
RESULT: {"using":"xpath","value":"//button[@data-kt=\"contractDetailEditBtnButton\"]"}
COMMAND: POST /session/f2510c46535a82282fd70196afe2e571/elements - {"using":"xpath","value":"//button[@data-kt=\"contractDetailEditBtnButton\"]"}
RESULT: {"using":"xpath","value":"//button[@data-kt=\"contractDetailEditBtnButton\"]"}
COMMAND: POST /session/f2510c46535a82282fd70196afe2e571/elements - {"using":"xpath","value":"//button[@data-kt=\"contractDetailEditBtnButton\"]"}
RESULT: {"using":"xpath","value":"//button[@data-kt=\"contractDetailEditBtnButton\"]"}
COMMAND: POST /session/f2510c46535a82282fd70196afe2e571/elements - {"using":"xpath","value":"//button[@data-kt=\"contractDetailEditBtnButton\"]"}
RESULT: {"using":"xpath","value":"//button[@data-kt=\"contractDetailEditBtnButton\"]"}
COMMAND: POST /session/f2510c46535a82282fd70196afe2e571/elements - {"using":"xpath","value":"//button[@data-kt=\"contractDetailEditBtnButton\"]"}
RESULT: {"using":"xpath","value":"//button[@data-kt=\"contractDetailEditBtnButton\"]"}
COMMAND: POST /session/f2510c46535a82282fd70196afe2e571/elements - {"using":"xpath","value":"//button[@data-kt=\"contractDetailEditBtnButton\"]"}
RESULT: {"using":"xpath","value":"//button[@data-kt=\"contractDetailEditBtnButton\"]"}
COMMAND: POST /session/f2510c46535a82282fd70196afe2e571/elements - {"using":"xpath","value":"//button[@data-kt=\"contractDetailEditBtnButton\"]"}
RESULT: {"using":"xpath","value":"//button[@data-kt=\"contractDetailEditBtnButton\"]"}
COMMAND: POST /session/f2510c46535a82282fd70196afe2e571/elements - {"using":"xpath","value":"//button[@data-kt=\"contractDetailEditBtnButton\"]"}
RESULT: {"using":"xpath","value":"//button[@data-kt=\"contractDetailEditBtnButton\"]"}
COMMAND: POST /session/f2510c46535a82282fd70196afe2e571/elements - {"using":"xpath","value":"//button[@data-kt=\"contractDetailEditBtnButton\"]"}
RESULT: {"using":"xpath","value":"//button[@data-kt=\"contractDetailEditBtnButton\"]"}
COMMAND: POST /session/f2510c46535a82282fd70196afe2e571/elements - {"using":"xpath","value":"//button[@data-kt=\"contractDetailEditBtnButton\"]"}
RESULT: {"using":"xpath","value":"//button[@data-kt=\"contractDetailEditBtnButton\"]"}
COMMAND: POST /session/f2510c46535a82282fd70196afe2e571/elements - {"using":"xpath","value":"//button[@data-kt=\"contractDetailEditBtnButton\"]"}
RESULT: {"using":"xpath","value":"//button[@data-kt=\"contractDetailEditBtnButton\"]"}
COMMAND: POST /session/f2510c46535a82282fd70196afe2e571/elements - {"using":"xpath","value":"//button[@data-kt=\"contractDetailEditBtnButton\"]"}
RESULT: {"using":"xpath","value":"//button[@data-kt=\"contractDetailEditBtnButton\"]"}
COMMAND: POST /session/f2510c46535a82282fd70196afe2e571/elements - {"using":"xpath","value":"//button[@data-kt=\"contractDetailEditBtnButton\"]"}
RESULT: {"using":"xpath","value":"//button[@data-kt=\"contractDetailEditBtnButton\"]"}
COMMAND: POST /session/f2510c46535a82282fd70196afe2e571/elements - {"using":"xpath","value":"//button[@data-kt=\"contractDetailEditBtnButton\"]"}
RESULT: {"using":"xpath","value":"//button[@data-kt=\"contractDetailEditBtnButton\"]"}
COMMAND: POST /session/f2510c46535a82282fd70196afe2e571/elements - {"using":"xpath","value":"//button[@data-kt=\"contractDetailEditBtnButton\"]"}
RESULT: {"using":"xpath","value":"//button[@data-kt=\"contractDetailEditBtnButton\"]"}
COMMAND: POST /session/f2510c46535a82282fd70196afe2e571/elements - {"using":"xpath","value":"//button[@data-kt=\"contractDetailEditBtnButton\"]"}
RESULT: {"using":"xpath","value":"//button[@data-kt=\"contractDetailEditBtnButton\"]"}
COMMAND: POST /session/f2510c46535a82282fd70196afe2e571/elements - {"using":"xpath","value":"//button[@data-kt=\"contractDetailEditBtnButton\"]"}
RESULT: {"using":"xpath","value":"//button[@data-kt=\"contractDetailEditBtnButton\"]"}
COMMAND: POST /session/f2510c46535a82282fd70196afe2e571/elements - {"using":"xpath","value":"//button[@data-kt=\"contractDetailEditBtnButton\"]"}
RESULT: {"using":"xpath","value":"//button[@data-kt=\"contractDetailEditBtnButton\"]"}
COMMAND: POST /session/f2510c46535a82282fd70196afe2e571/elements - {"using":"xpath","value":"//button[@data-kt=\"contractDetailEditBtnButton\"]"}
RESULT: {"using":"xpath","value":"//button[@data-kt=\"contractDetailEditBtnButton\"]"}
COMMAND: POST /session/f2510c46535a82282fd70196afe2e571/elements - {"using":"xpath","value":"//button[@data-kt=\"contractDetailEditBtnButton\"]"}
RESULT: {"using":"xpath","value":"//button[@data-kt=\"contractDetailEditBtnButton\"]"}
COMMAND: POST /session/f2510c46535a82282fd70196afe2e571/elements - {"using":"xpath","value":"//button[@data-kt=\"contractDetailEditBtnButton\"]"}
RESULT: {"using":"xpath","value":"//button[@data-kt=\"contractDetailEditBtnButton\"]"}
COMMAND: POST /session/f2510c46535a82282fd70196afe2e571/elements - {"using":"xpath","value":"//button[@data-kt=\"contractDetailEditBtnButton\"]"}
RESULT: {"using":"xpath","value":"//button[@data-kt=\"contractDetailEditBtnButton\"]"}
COMMAND: POST /session/f2510c46535a82282fd70196afe2e571/elements - {"using":"xpath","value":"//button[@data-kt=\"contractDetailEditBtnButton\"]"}
RESULT: {"using":"xpath","value":"//button[@data-kt=\"contractDetailEditBtnButton\"]"}
COMMAND: POST /session/f2510c46535a82282fd70196afe2e571/elements - {"using":"xpath","value":"//button[@data-kt=\"contractDetailEditBtnButton\"]"}
RESULT: {"using":"xpath","value":"//button[@data-kt=\"contractDetailEditBtnButton\"]"}
COMMAND: POST /session/f2510c46535a82282fd70196afe2e571/elements - {"using":"xpath","value":"//button[@data-kt=\"contractDetailEditBtnButton\"]"}
RESULT: {"using":"xpath","value":"//button[@data-kt=\"contractDetailEditBtnButton\"]"}
COMMAND: POST /session/f2510c46535a82282fd70196afe2e571/elements - {"using":"xpath","value":"//button[@data-kt=\"contractDetailEditBtnButton\"]"}
RESULT: {"using":"xpath","value":"//button[@data-kt=\"contractDetailEditBtnButton\"]"}
COMMAND: POST /session/f2510c46535a82282fd70196afe2e571/elements - {"using":"xpath","value":"//button[@data-kt=\"contractDetailEditBtnButton\"]"}
RESULT: {"using":"xpath","value":"//button[@data-kt=\"contractDetailEditBtnButton\"]"}
COMMAND: POST /session/f2510c46535a82282fd70196afe2e571/elements - {"using":"xpath","value":"//button[@data-kt=\"contractDetailEditBtnButton\"]"}
RESULT: {"using":"xpath","value":"//button[@data-kt=\"contractDetailEditBtnButton\"]"}
COMMAND: POST /session/f2510c46535a82282fd70196afe2e571/elements - {"using":"xpath","value":"//button[@data-kt=\"contractDetailEditBtnButton\"]"}
RESULT: {"using":"xpath","value":"//button[@data-kt=\"contractDetailEditBtnButton\"]"}
COMMAND: POST /session/f2510c46535a82282fd70196afe2e571/elements - {"using":"xpath","value":"//button[@data-kt=\"contractDetailEditBtnButton\"]"}
RESULT: {"using":"xpath","value":"//button[@data-kt=\"contractDetailEditBtnButton\"]"}
COMMAND: POST /session/f2510c46535a82282fd70196afe2e571/elements - {"using":"xpath","value":"//button[@data-kt=\"contractDetailEditBtnButton\"]"}
RESULT: {"using":"xpath","value":"//button[@data-kt=\"contractDetailEditBtnButton\"]"}
COMMAND: POST /session/f2510c46535a82282fd70196afe2e571/elements - {"using":"xpath","value":"//button[@data-kt=\"contractDetailEditBtnButton\"]"}
RESULT: {"using":"xpath","value":"//button[@data-kt=\"contractDetailEditBtnButton\"]"}
COMMAND: POST /session/f2510c46535a82282fd70196afe2e571/elements - {"using":"xpath","value":"//button[@data-kt=\"contractDetailEditBtnButton\"]"}
RESULT: {"using":"xpath","value":"//button[@data-kt=\"contractDetailEditBtnButton\"]"}
COMMAND: POST /session/f2510c46535a82282fd70196afe2e571/elements - {"using":"xpath","value":"//button[@data-kt=\"contractDetailEditBtnButton\"]"}
RESULT: {"using":"xpath","value":"//button[@data-kt=\"contractDetailEditBtnButton\"]"}
COMMAND: POST /session/f2510c46535a82282fd70196afe2e571/elements - {"using":"xpath","value":"//button[@data-kt=\"contractDetailEditBtnButton\"]"}
RESULT: {"using":"xpath","value":"//button[@data-kt=\"contractDetailEditBtnButton\"]"}
COMMAND: POST /session/f2510c46535a82282fd70196afe2e571/elements - {"using":"xpath","value":"//button[@data-kt=\"contractDetailEditBtnButton\"]"}
RESULT: {"using":"xpath","value":"//button[@data-kt=\"contractDetailEditBtnButton\"]"}
COMMAND: POST /session/f2510c46535a82282fd70196afe2e571/elements - {"using":"xpath","value":"//button[@data-kt=\"contractDetailEditBtnButton\"]"}
RESULT: {"using":"xpath","value":"//button[@data-kt=\"contractDetailEditBtnButton\"]"}
COMMAND: POST /session/f2510c46535a82282fd70196afe2e571/elements - {"using":"xpath","value":"//button[@data-kt=\"contractDetailEditBtnButton\"]"}
RESULT: {"using":"xpath","value":"//button[@data-kt=\"contractDetailEditBtnButton\"]"}
COMMAND: POST /session/f2510c46535a82282fd70196afe2e571/elements - {"using":"xpath","value":"//button[@data-kt=\"contractDetailEditBtnButton\"]"}
RESULT: {"using":"xpath","value":"//button[@data-kt=\"contractDetailEditBtnButton\"]"}
COMMAND: POST /session/f2510c46535a82282fd70196afe2e571/elements - {"using":"xpath","value":"//button[@data-kt=\"contractDetailEditBtnButton\"]"}
RESULT: {"using":"xpath","value":"//button[@data-kt=\"contractDetailEditBtnButton\"]"}
COMMAND: POST /session/f2510c46535a82282fd70196afe2e571/elements - {"using":"xpath","value":"//button[@data-kt=\"contractDetailEditBtnButton\"]"}
RESULT: {"using":"xpath","value":"//button[@data-kt=\"contractDetailEditBtnButton\"]"}
COMMAND: POST /session/f2510c46535a82282fd70196afe2e571/elements - {"using":"xpath","value":"//button[@data-kt=\"contractDetailEditBtnButton\"]"}
RESULT: {"using":"xpath","value":"//button[@data-kt=\"contractDetailEditBtnButton\"]"}
COMMAND: POST /session/f2510c46535a82282fd70196afe2e571/elements - {"using":"xpath","value":"//button[@data-kt=\"contractDetailEditBtnButton\"]"}
RESULT: {"using":"xpath","value":"//button[@data-kt=\"contractDetailEditBtnButton\"]"}
COMMAND: POST /session/f2510c46535a82282fd70196afe2e571/elements - {"using":"xpath","value":"//button[@data-kt=\"contractDetailEditBtnButton\"]"}
RESULT: {"using":"xpath","value":"//button[@data-kt=\"contractDetailEditBtnButton\"]"}
COMMAND: POST /session/f2510c46535a82282fd70196afe2e571/elements - {"using":"xpath","value":"//button[@data-kt=\"contractDetailEditBtnButton\"]"}
RESULT: {"using":"xpath","value":"//button[@data-kt=\"contractDetailEditBtnButton\"]"}
COMMAND: POST /session/f2510c46535a82282fd70196afe2e571/elements - {"using":"xpath","value":"//button[@data-kt=\"contractDetailEditBtnButton\"]"}
RESULT: {"using":"xpath","value":"//button[@data-kt=\"contractDetailEditBtnButton\"]"}
COMMAND: POST /session/f2510c46535a82282fd70196afe2e571/elements - {"using":"xpath","value":"//button[@data-kt=\"contractDetailEditBtnButton\"]"}
RESULT: {"using":"xpath","value":"//button[@data-kt=\"contractDetailEditBtnButton\"]"}
COMMAND: POST /session/f2510c46535a82282fd70196afe2e571/elements - {"using":"xpath","value":"//button[@data-kt=\"contractDetailEditBtnButton\"]"}
RESULT: {"using":"xpath","value":"//button[@data-kt=\"contractDetailEditBtnButton\"]"}
COMMAND: POST /session/f2510c46535a82282fd70196afe2e571/elements - {"using":"xpath","value":"//button[@data-kt=\"contractDetailEditBtnButton\"]"}
RESULT: {"using":"xpath","value":"//button[@data-kt=\"contractDetailEditBtnButton\"]"}
COMMAND: POST /session/f2510c46535a82282fd70196afe2e571/elements - {"using":"xpath","value":"//button[@data-kt=\"contractDetailEditBtnButton\"]"}
RESULT: {"using":"xpath","value":"//button[@data-kt=\"contractDetailEditBtnButton\"]"}
COMMAND: POST /session/f2510c46535a82282fd70196afe2e571/elements - {"using":"xpath","value":"//button[@data-kt=\"contractDetailEditBtnButton\"]"}
RESULT: {"using":"xpath","value":"//button[@data-kt=\"contractDetailEditBtnButton\"]"}
COMMAND: POST /session/f2510c46535a82282fd70196afe2e571/elements - {"using":"xpath","value":"//button[@data-kt=\"contractDetailEditBtnButton\"]"}
RESULT: {"using":"xpath","value":"//button[@data-kt=\"contractDetailEditBtnButton\"]"}
COMMAND: POST /session/f2510c46535a82282fd70196afe2e571/elements - {"using":"xpath","value":"//button[@data-kt=\"contractDetailEditBtnButton\"]"}
RESULT: {"using":"xpath","value":"//button[@data-kt=\"contractDetailEditBtnButton\"]"}
COMMAND: POST /session/f2510c46535a82282fd70196afe2e571/elements - {"using":"xpath","value":"//button[@data-kt=\"contractDetailEditBtnButton\"]"}
RESULT: {"using":"xpath","value":"//button[@data-kt=\"contractDetailEditBtnButton\"]"}
COMMAND: POST /session/f2510c46535a82282fd70196afe2e571/elements - {"using":"xpath","value":"//button[@data-kt=\"contractDetailEditBtnButton\"]"}
RESULT: {"using":"xpath","value":"//button[@data-kt=\"contractDetailEditBtnButton\"]"}
COMMAND: POST /session/f2510c46535a82282fd70196afe2e571/elements - {"using":"xpath","value":"//button[@data-kt=\"contractDetailEditBtnButton\"]"}
RESULT: {"using":"xpath","value":"//button[@data-kt=\"contractDetailEditBtnButton\"]"}
COMMAND: POST /session/f2510c46535a82282fd70196afe2e571/elements - {"using":"xpath","value":"//button[@data-kt=\"contractDetailEditBtnButton\"]"}
RESULT: {"using":"xpath","value":"//button[@data-kt=\"contractDetailEditBtnButton\"]"}
COMMAND: POST /session/f2510c46535a82282fd70196afe2e571/elements - {"using":"xpath","value":"//button[@data-kt=\"contractDetailEditBtnButton\"]"}
RESULT: {"using":"xpath","value":"//button[@data-kt=\"contractDetailEditBtnButton\"]"}
COMMAND: POST /session/f2510c46535a82282fd70196afe2e571/elements - {"using":"xpath","value":"//button[@data-kt=\"contractDetailEditBtnButton\"]"}
COMMAND: GET /session/f2510c46535a82282fd70196afe2e571/screenshot - {}
RESULT: {"using":"xpath","value":"//button[@data-kt=\"contractDetailEditBtnButton\"]"}
RESULT: {}
]]></system-out>
      <system-err><![CDATA[
Error: Can't call click on element with selector "//button[@data-kt="contractDetailEditBtnButton"]" because element wasn't found
    at async UtilsPrerequisites.addItemToContract (D:\a\1\s\test\specs\BTS\prerequisites-and-utils-functions.js:1852:9)
    at async Context.<anonymous> (D:\a\1\s\test\specs\BTS\billing-calculation-mixed.spec.js:77:9)
]]></system-err>
    </testcase>
    <testcase classname="chrome.136_0_7103_93.windows.Create_master_data_for_mixed_billing_&amp;_do_billing_calculation_US151661" name="Should do a provide to site handover" time="60.438">
      <failure/>
      <error message="Can't call click on element with selector &quot;//button[@data-kt=&quot;provideButton&quot;]&quot; because element wasn't found"/>
      <system-out><![CDATA[
COMMAND: POST /session/f2510c46535a82282fd70196afe2e571/element - {"using":"xpath","value":"//button[@data-kt=\"provideButton\"]"}
COMMAND: GET /session/f2510c46535a82282fd70196afe2e571/screenshot - {}
RESULT: {"using":"xpath","value":"//button[@data-kt=\"provideButton\"]"}
COMMAND: POST /session/f2510c46535a82282fd70196afe2e571/elements - {"using":"xpath","value":"//button[@data-kt=\"provideButton\"]"}
RESULT: {}
RESULT: {"using":"xpath","value":"//button[@data-kt=\"provideButton\"]"}
COMMAND: POST /session/f2510c46535a82282fd70196afe2e571/elements - {"using":"xpath","value":"//button[@data-kt=\"provideButton\"]"}
RESULT: {"using":"xpath","value":"//button[@data-kt=\"provideButton\"]"}
COMMAND: POST /session/f2510c46535a82282fd70196afe2e571/elements - {"using":"xpath","value":"//button[@data-kt=\"provideButton\"]"}
RESULT: {"using":"xpath","value":"//button[@data-kt=\"provideButton\"]"}
COMMAND: POST /session/f2510c46535a82282fd70196afe2e571/elements - {"using":"xpath","value":"//button[@data-kt=\"provideButton\"]"}
RESULT: {"using":"xpath","value":"//button[@data-kt=\"provideButton\"]"}
COMMAND: POST /session/f2510c46535a82282fd70196afe2e571/elements - {"using":"xpath","value":"//button[@data-kt=\"provideButton\"]"}
RESULT: {"using":"xpath","value":"//button[@data-kt=\"provideButton\"]"}
COMMAND: POST /session/f2510c46535a82282fd70196afe2e571/elements - {"using":"xpath","value":"//button[@data-kt=\"provideButton\"]"}
RESULT: {"using":"xpath","value":"//button[@data-kt=\"provideButton\"]"}
COMMAND: POST /session/f2510c46535a82282fd70196afe2e571/elements - {"using":"xpath","value":"//button[@data-kt=\"provideButton\"]"}
RESULT: {"using":"xpath","value":"//button[@data-kt=\"provideButton\"]"}
COMMAND: POST /session/f2510c46535a82282fd70196afe2e571/elements - {"using":"xpath","value":"//button[@data-kt=\"provideButton\"]"}
RESULT: {"using":"xpath","value":"//button[@data-kt=\"provideButton\"]"}
COMMAND: POST /session/f2510c46535a82282fd70196afe2e571/elements - {"using":"xpath","value":"//button[@data-kt=\"provideButton\"]"}
RESULT: {"using":"xpath","value":"//button[@data-kt=\"provideButton\"]"}
COMMAND: POST /session/f2510c46535a82282fd70196afe2e571/elements - {"using":"xpath","value":"//button[@data-kt=\"provideButton\"]"}
RESULT: {"using":"xpath","value":"//button[@data-kt=\"provideButton\"]"}
COMMAND: POST /session/f2510c46535a82282fd70196afe2e571/elements - {"using":"xpath","value":"//button[@data-kt=\"provideButton\"]"}
RESULT: {"using":"xpath","value":"//button[@data-kt=\"provideButton\"]"}
COMMAND: POST /session/f2510c46535a82282fd70196afe2e571/elements - {"using":"xpath","value":"//button[@data-kt=\"provideButton\"]"}
RESULT: {"using":"xpath","value":"//button[@data-kt=\"provideButton\"]"}
COMMAND: POST /session/f2510c46535a82282fd70196afe2e571/elements - {"using":"xpath","value":"//button[@data-kt=\"provideButton\"]"}
RESULT: {"using":"xpath","value":"//button[@data-kt=\"provideButton\"]"}
COMMAND: POST /session/f2510c46535a82282fd70196afe2e571/elements - {"using":"xpath","value":"//button[@data-kt=\"provideButton\"]"}
RESULT: {"using":"xpath","value":"//button[@data-kt=\"provideButton\"]"}
COMMAND: POST /session/f2510c46535a82282fd70196afe2e571/elements - {"using":"xpath","value":"//button[@data-kt=\"provideButton\"]"}
RESULT: {"using":"xpath","value":"//button[@data-kt=\"provideButton\"]"}
COMMAND: POST /session/f2510c46535a82282fd70196afe2e571/elements - {"using":"xpath","value":"//button[@data-kt=\"provideButton\"]"}
RESULT: {"using":"xpath","value":"//button[@data-kt=\"provideButton\"]"}
COMMAND: POST /session/f2510c46535a82282fd70196afe2e571/elements - {"using":"xpath","value":"//button[@data-kt=\"provideButton\"]"}
RESULT: {"using":"xpath","value":"//button[@data-kt=\"provideButton\"]"}
COMMAND: POST /session/f2510c46535a82282fd70196afe2e571/elements - {"using":"xpath","value":"//button[@data-kt=\"provideButton\"]"}
RESULT: {"using":"xpath","value":"//button[@data-kt=\"provideButton\"]"}
COMMAND: POST /session/f2510c46535a82282fd70196afe2e571/elements - {"using":"xpath","value":"//button[@data-kt=\"provideButton\"]"}
RESULT: {"using":"xpath","value":"//button[@data-kt=\"provideButton\"]"}
COMMAND: POST /session/f2510c46535a82282fd70196afe2e571/elements - {"using":"xpath","value":"//button[@data-kt=\"provideButton\"]"}
RESULT: {"using":"xpath","value":"//button[@data-kt=\"provideButton\"]"}
COMMAND: POST /session/f2510c46535a82282fd70196afe2e571/elements - {"using":"xpath","value":"//button[@data-kt=\"provideButton\"]"}
RESULT: {"using":"xpath","value":"//button[@data-kt=\"provideButton\"]"}
COMMAND: POST /session/f2510c46535a82282fd70196afe2e571/elements - {"using":"xpath","value":"//button[@data-kt=\"provideButton\"]"}
RESULT: {"using":"xpath","value":"//button[@data-kt=\"provideButton\"]"}
COMMAND: POST /session/f2510c46535a82282fd70196afe2e571/elements - {"using":"xpath","value":"//button[@data-kt=\"provideButton\"]"}
RESULT: {"using":"xpath","value":"//button[@data-kt=\"provideButton\"]"}
COMMAND: POST /session/f2510c46535a82282fd70196afe2e571/elements - {"using":"xpath","value":"//button[@data-kt=\"provideButton\"]"}
RESULT: {"using":"xpath","value":"//button[@data-kt=\"provideButton\"]"}
COMMAND: POST /session/f2510c46535a82282fd70196afe2e571/elements - {"using":"xpath","value":"//button[@data-kt=\"provideButton\"]"}
RESULT: {"using":"xpath","value":"//button[@data-kt=\"provideButton\"]"}
COMMAND: POST /session/f2510c46535a82282fd70196afe2e571/elements - {"using":"xpath","value":"//button[@data-kt=\"provideButton\"]"}
RESULT: {"using":"xpath","value":"//button[@data-kt=\"provideButton\"]"}
COMMAND: POST /session/f2510c46535a82282fd70196afe2e571/elements - {"using":"xpath","value":"//button[@data-kt=\"provideButton\"]"}
RESULT: {"using":"xpath","value":"//button[@data-kt=\"provideButton\"]"}
COMMAND: POST /session/f2510c46535a82282fd70196afe2e571/elements - {"using":"xpath","value":"//button[@data-kt=\"provideButton\"]"}
RESULT: {"using":"xpath","value":"//button[@data-kt=\"provideButton\"]"}
COMMAND: POST /session/f2510c46535a82282fd70196afe2e571/elements - {"using":"xpath","value":"//button[@data-kt=\"provideButton\"]"}
RESULT: {"using":"xpath","value":"//button[@data-kt=\"provideButton\"]"}
COMMAND: POST /session/f2510c46535a82282fd70196afe2e571/elements - {"using":"xpath","value":"//button[@data-kt=\"provideButton\"]"}
RESULT: {"using":"xpath","value":"//button[@data-kt=\"provideButton\"]"}
COMMAND: POST /session/f2510c46535a82282fd70196afe2e571/elements - {"using":"xpath","value":"//button[@data-kt=\"provideButton\"]"}
RESULT: {"using":"xpath","value":"//button[@data-kt=\"provideButton\"]"}
COMMAND: POST /session/f2510c46535a82282fd70196afe2e571/elements - {"using":"xpath","value":"//button[@data-kt=\"provideButton\"]"}
RESULT: {"using":"xpath","value":"//button[@data-kt=\"provideButton\"]"}
COMMAND: POST /session/f2510c46535a82282fd70196afe2e571/elements - {"using":"xpath","value":"//button[@data-kt=\"provideButton\"]"}
RESULT: {"using":"xpath","value":"//button[@data-kt=\"provideButton\"]"}
COMMAND: POST /session/f2510c46535a82282fd70196afe2e571/elements - {"using":"xpath","value":"//button[@data-kt=\"provideButton\"]"}
RESULT: {"using":"xpath","value":"//button[@data-kt=\"provideButton\"]"}
COMMAND: POST /session/f2510c46535a82282fd70196afe2e571/elements - {"using":"xpath","value":"//button[@data-kt=\"provideButton\"]"}
RESULT: {"using":"xpath","value":"//button[@data-kt=\"provideButton\"]"}
COMMAND: POST /session/f2510c46535a82282fd70196afe2e571/elements - {"using":"xpath","value":"//button[@data-kt=\"provideButton\"]"}
RESULT: {"using":"xpath","value":"//button[@data-kt=\"provideButton\"]"}
COMMAND: POST /session/f2510c46535a82282fd70196afe2e571/elements - {"using":"xpath","value":"//button[@data-kt=\"provideButton\"]"}
RESULT: {"using":"xpath","value":"//button[@data-kt=\"provideButton\"]"}
COMMAND: POST /session/f2510c46535a82282fd70196afe2e571/elements - {"using":"xpath","value":"//button[@data-kt=\"provideButton\"]"}
RESULT: {"using":"xpath","value":"//button[@data-kt=\"provideButton\"]"}
COMMAND: POST /session/f2510c46535a82282fd70196afe2e571/elements - {"using":"xpath","value":"//button[@data-kt=\"provideButton\"]"}
RESULT: {"using":"xpath","value":"//button[@data-kt=\"provideButton\"]"}
COMMAND: POST /session/f2510c46535a82282fd70196afe2e571/elements - {"using":"xpath","value":"//button[@data-kt=\"provideButton\"]"}
RESULT: {"using":"xpath","value":"//button[@data-kt=\"provideButton\"]"}
COMMAND: POST /session/f2510c46535a82282fd70196afe2e571/elements - {"using":"xpath","value":"//button[@data-kt=\"provideButton\"]"}
RESULT: {"using":"xpath","value":"//button[@data-kt=\"provideButton\"]"}
COMMAND: POST /session/f2510c46535a82282fd70196afe2e571/elements - {"using":"xpath","value":"//button[@data-kt=\"provideButton\"]"}
RESULT: {"using":"xpath","value":"//button[@data-kt=\"provideButton\"]"}
COMMAND: POST /session/f2510c46535a82282fd70196afe2e571/elements - {"using":"xpath","value":"//button[@data-kt=\"provideButton\"]"}
RESULT: {"using":"xpath","value":"//button[@data-kt=\"provideButton\"]"}
COMMAND: POST /session/f2510c46535a82282fd70196afe2e571/elements - {"using":"xpath","value":"//button[@data-kt=\"provideButton\"]"}
RESULT: {"using":"xpath","value":"//button[@data-kt=\"provideButton\"]"}
COMMAND: POST /session/f2510c46535a82282fd70196afe2e571/elements - {"using":"xpath","value":"//button[@data-kt=\"provideButton\"]"}
RESULT: {"using":"xpath","value":"//button[@data-kt=\"provideButton\"]"}
COMMAND: POST /session/f2510c46535a82282fd70196afe2e571/elements - {"using":"xpath","value":"//button[@data-kt=\"provideButton\"]"}
RESULT: {"using":"xpath","value":"//button[@data-kt=\"provideButton\"]"}
COMMAND: POST /session/f2510c46535a82282fd70196afe2e571/elements - {"using":"xpath","value":"//button[@data-kt=\"provideButton\"]"}
RESULT: {"using":"xpath","value":"//button[@data-kt=\"provideButton\"]"}
COMMAND: POST /session/f2510c46535a82282fd70196afe2e571/elements - {"using":"xpath","value":"//button[@data-kt=\"provideButton\"]"}
RESULT: {"using":"xpath","value":"//button[@data-kt=\"provideButton\"]"}
COMMAND: POST /session/f2510c46535a82282fd70196afe2e571/elements - {"using":"xpath","value":"//button[@data-kt=\"provideButton\"]"}
RESULT: {"using":"xpath","value":"//button[@data-kt=\"provideButton\"]"}
COMMAND: POST /session/f2510c46535a82282fd70196afe2e571/elements - {"using":"xpath","value":"//button[@data-kt=\"provideButton\"]"}
RESULT: {"using":"xpath","value":"//button[@data-kt=\"provideButton\"]"}
COMMAND: POST /session/f2510c46535a82282fd70196afe2e571/elements - {"using":"xpath","value":"//button[@data-kt=\"provideButton\"]"}
RESULT: {"using":"xpath","value":"//button[@data-kt=\"provideButton\"]"}
COMMAND: POST /session/f2510c46535a82282fd70196afe2e571/elements - {"using":"xpath","value":"//button[@data-kt=\"provideButton\"]"}
RESULT: {"using":"xpath","value":"//button[@data-kt=\"provideButton\"]"}
COMMAND: POST /session/f2510c46535a82282fd70196afe2e571/elements - {"using":"xpath","value":"//button[@data-kt=\"provideButton\"]"}
RESULT: {"using":"xpath","value":"//button[@data-kt=\"provideButton\"]"}
COMMAND: POST /session/f2510c46535a82282fd70196afe2e571/elements - {"using":"xpath","value":"//button[@data-kt=\"provideButton\"]"}
RESULT: {"using":"xpath","value":"//button[@data-kt=\"provideButton\"]"}
COMMAND: POST /session/f2510c46535a82282fd70196afe2e571/elements - {"using":"xpath","value":"//button[@data-kt=\"provideButton\"]"}
RESULT: {"using":"xpath","value":"//button[@data-kt=\"provideButton\"]"}
COMMAND: POST /session/f2510c46535a82282fd70196afe2e571/elements - {"using":"xpath","value":"//button[@data-kt=\"provideButton\"]"}
RESULT: {"using":"xpath","value":"//button[@data-kt=\"provideButton\"]"}
COMMAND: POST /session/f2510c46535a82282fd70196afe2e571/elements - {"using":"xpath","value":"//button[@data-kt=\"provideButton\"]"}
RESULT: {"using":"xpath","value":"//button[@data-kt=\"provideButton\"]"}
COMMAND: POST /session/f2510c46535a82282fd70196afe2e571/elements - {"using":"xpath","value":"//button[@data-kt=\"provideButton\"]"}
RESULT: {"using":"xpath","value":"//button[@data-kt=\"provideButton\"]"}
COMMAND: POST /session/f2510c46535a82282fd70196afe2e571/elements - {"using":"xpath","value":"//button[@data-kt=\"provideButton\"]"}
RESULT: {"using":"xpath","value":"//button[@data-kt=\"provideButton\"]"}
COMMAND: POST /session/f2510c46535a82282fd70196afe2e571/elements - {"using":"xpath","value":"//button[@data-kt=\"provideButton\"]"}
RESULT: {"using":"xpath","value":"//button[@data-kt=\"provideButton\"]"}
COMMAND: POST /session/f2510c46535a82282fd70196afe2e571/elements - {"using":"xpath","value":"//button[@data-kt=\"provideButton\"]"}
RESULT: {"using":"xpath","value":"//button[@data-kt=\"provideButton\"]"}
COMMAND: POST /session/f2510c46535a82282fd70196afe2e571/elements - {"using":"xpath","value":"//button[@data-kt=\"provideButton\"]"}
RESULT: {"using":"xpath","value":"//button[@data-kt=\"provideButton\"]"}
COMMAND: POST /session/f2510c46535a82282fd70196afe2e571/elements - {"using":"xpath","value":"//button[@data-kt=\"provideButton\"]"}
RESULT: {"using":"xpath","value":"//button[@data-kt=\"provideButton\"]"}
COMMAND: POST /session/f2510c46535a82282fd70196afe2e571/elements - {"using":"xpath","value":"//button[@data-kt=\"provideButton\"]"}
RESULT: {"using":"xpath","value":"//button[@data-kt=\"provideButton\"]"}
COMMAND: POST /session/f2510c46535a82282fd70196afe2e571/elements - {"using":"xpath","value":"//button[@data-kt=\"provideButton\"]"}
RESULT: {"using":"xpath","value":"//button[@data-kt=\"provideButton\"]"}
COMMAND: POST /session/f2510c46535a82282fd70196afe2e571/elements - {"using":"xpath","value":"//button[@data-kt=\"provideButton\"]"}
RESULT: {"using":"xpath","value":"//button[@data-kt=\"provideButton\"]"}
COMMAND: POST /session/f2510c46535a82282fd70196afe2e571/elements - {"using":"xpath","value":"//button[@data-kt=\"provideButton\"]"}
RESULT: {"using":"xpath","value":"//button[@data-kt=\"provideButton\"]"}
COMMAND: POST /session/f2510c46535a82282fd70196afe2e571/elements - {"using":"xpath","value":"//button[@data-kt=\"provideButton\"]"}
RESULT: {"using":"xpath","value":"//button[@data-kt=\"provideButton\"]"}
COMMAND: POST /session/f2510c46535a82282fd70196afe2e571/elements - {"using":"xpath","value":"//button[@data-kt=\"provideButton\"]"}
RESULT: {"using":"xpath","value":"//button[@data-kt=\"provideButton\"]"}
COMMAND: POST /session/f2510c46535a82282fd70196afe2e571/elements - {"using":"xpath","value":"//button[@data-kt=\"provideButton\"]"}
RESULT: {"using":"xpath","value":"//button[@data-kt=\"provideButton\"]"}
COMMAND: POST /session/f2510c46535a82282fd70196afe2e571/elements - {"using":"xpath","value":"//button[@data-kt=\"provideButton\"]"}
RESULT: {"using":"xpath","value":"//button[@data-kt=\"provideButton\"]"}
COMMAND: POST /session/f2510c46535a82282fd70196afe2e571/elements - {"using":"xpath","value":"//button[@data-kt=\"provideButton\"]"}
RESULT: {"using":"xpath","value":"//button[@data-kt=\"provideButton\"]"}
COMMAND: POST /session/f2510c46535a82282fd70196afe2e571/elements - {"using":"xpath","value":"//button[@data-kt=\"provideButton\"]"}
RESULT: {"using":"xpath","value":"//button[@data-kt=\"provideButton\"]"}
COMMAND: POST /session/f2510c46535a82282fd70196afe2e571/elements - {"using":"xpath","value":"//button[@data-kt=\"provideButton\"]"}
RESULT: {"using":"xpath","value":"//button[@data-kt=\"provideButton\"]"}
COMMAND: POST /session/f2510c46535a82282fd70196afe2e571/elements - {"using":"xpath","value":"//button[@data-kt=\"provideButton\"]"}
RESULT: {"using":"xpath","value":"//button[@data-kt=\"provideButton\"]"}
COMMAND: POST /session/f2510c46535a82282fd70196afe2e571/elements - {"using":"xpath","value":"//button[@data-kt=\"provideButton\"]"}
RESULT: {"using":"xpath","value":"//button[@data-kt=\"provideButton\"]"}
COMMAND: POST /session/f2510c46535a82282fd70196afe2e571/elements - {"using":"xpath","value":"//button[@data-kt=\"provideButton\"]"}
RESULT: {"using":"xpath","value":"//button[@data-kt=\"provideButton\"]"}
COMMAND: POST /session/f2510c46535a82282fd70196afe2e571/elements - {"using":"xpath","value":"//button[@data-kt=\"provideButton\"]"}
RESULT: {"using":"xpath","value":"//button[@data-kt=\"provideButton\"]"}
COMMAND: POST /session/f2510c46535a82282fd70196afe2e571/elements - {"using":"xpath","value":"//button[@data-kt=\"provideButton\"]"}
RESULT: {"using":"xpath","value":"//button[@data-kt=\"provideButton\"]"}
COMMAND: POST /session/f2510c46535a82282fd70196afe2e571/elements - {"using":"xpath","value":"//button[@data-kt=\"provideButton\"]"}
RESULT: {"using":"xpath","value":"//button[@data-kt=\"provideButton\"]"}
COMMAND: POST /session/f2510c46535a82282fd70196afe2e571/elements - {"using":"xpath","value":"//button[@data-kt=\"provideButton\"]"}
RESULT: {"using":"xpath","value":"//button[@data-kt=\"provideButton\"]"}
COMMAND: POST /session/f2510c46535a82282fd70196afe2e571/elements - {"using":"xpath","value":"//button[@data-kt=\"provideButton\"]"}
RESULT: {"using":"xpath","value":"//button[@data-kt=\"provideButton\"]"}
COMMAND: POST /session/f2510c46535a82282fd70196afe2e571/elements - {"using":"xpath","value":"//button[@data-kt=\"provideButton\"]"}
RESULT: {"using":"xpath","value":"//button[@data-kt=\"provideButton\"]"}
COMMAND: POST /session/f2510c46535a82282fd70196afe2e571/elements - {"using":"xpath","value":"//button[@data-kt=\"provideButton\"]"}
RESULT: {"using":"xpath","value":"//button[@data-kt=\"provideButton\"]"}
COMMAND: POST /session/f2510c46535a82282fd70196afe2e571/elements - {"using":"xpath","value":"//button[@data-kt=\"provideButton\"]"}
RESULT: {"using":"xpath","value":"//button[@data-kt=\"provideButton\"]"}
COMMAND: POST /session/f2510c46535a82282fd70196afe2e571/elements - {"using":"xpath","value":"//button[@data-kt=\"provideButton\"]"}
RESULT: {"using":"xpath","value":"//button[@data-kt=\"provideButton\"]"}
COMMAND: POST /session/f2510c46535a82282fd70196afe2e571/elements - {"using":"xpath","value":"//button[@data-kt=\"provideButton\"]"}
RESULT: {"using":"xpath","value":"//button[@data-kt=\"provideButton\"]"}
COMMAND: POST /session/f2510c46535a82282fd70196afe2e571/elements - {"using":"xpath","value":"//button[@data-kt=\"provideButton\"]"}
RESULT: {"using":"xpath","value":"//button[@data-kt=\"provideButton\"]"}
COMMAND: POST /session/f2510c46535a82282fd70196afe2e571/elements - {"using":"xpath","value":"//button[@data-kt=\"provideButton\"]"}
RESULT: {"using":"xpath","value":"//button[@data-kt=\"provideButton\"]"}
COMMAND: POST /session/f2510c46535a82282fd70196afe2e571/elements - {"using":"xpath","value":"//button[@data-kt=\"provideButton\"]"}
RESULT: {"using":"xpath","value":"//button[@data-kt=\"provideButton\"]"}
COMMAND: POST /session/f2510c46535a82282fd70196afe2e571/elements - {"using":"xpath","value":"//button[@data-kt=\"provideButton\"]"}
RESULT: {"using":"xpath","value":"//button[@data-kt=\"provideButton\"]"}
COMMAND: POST /session/f2510c46535a82282fd70196afe2e571/elements - {"using":"xpath","value":"//button[@data-kt=\"provideButton\"]"}
RESULT: {"using":"xpath","value":"//button[@data-kt=\"provideButton\"]"}
COMMAND: POST /session/f2510c46535a82282fd70196afe2e571/elements - {"using":"xpath","value":"//button[@data-kt=\"provideButton\"]"}
RESULT: {"using":"xpath","value":"//button[@data-kt=\"provideButton\"]"}
COMMAND: POST /session/f2510c46535a82282fd70196afe2e571/elements - {"using":"xpath","value":"//button[@data-kt=\"provideButton\"]"}
RESULT: {"using":"xpath","value":"//button[@data-kt=\"provideButton\"]"}
COMMAND: POST /session/f2510c46535a82282fd70196afe2e571/elements - {"using":"xpath","value":"//button[@data-kt=\"provideButton\"]"}
RESULT: {"using":"xpath","value":"//button[@data-kt=\"provideButton\"]"}
COMMAND: POST /session/f2510c46535a82282fd70196afe2e571/elements - {"using":"xpath","value":"//button[@data-kt=\"provideButton\"]"}
RESULT: {"using":"xpath","value":"//button[@data-kt=\"provideButton\"]"}
COMMAND: POST /session/f2510c46535a82282fd70196afe2e571/elements - {"using":"xpath","value":"//button[@data-kt=\"provideButton\"]"}
RESULT: {"using":"xpath","value":"//button[@data-kt=\"provideButton\"]"}
COMMAND: POST /session/f2510c46535a82282fd70196afe2e571/elements - {"using":"xpath","value":"//button[@data-kt=\"provideButton\"]"}
RESULT: {"using":"xpath","value":"//button[@data-kt=\"provideButton\"]"}
COMMAND: POST /session/f2510c46535a82282fd70196afe2e571/elements - {"using":"xpath","value":"//button[@data-kt=\"provideButton\"]"}
RESULT: {"using":"xpath","value":"//button[@data-kt=\"provideButton\"]"}
COMMAND: POST /session/f2510c46535a82282fd70196afe2e571/elements - {"using":"xpath","value":"//button[@data-kt=\"provideButton\"]"}
RESULT: {"using":"xpath","value":"//button[@data-kt=\"provideButton\"]"}
COMMAND: POST /session/f2510c46535a82282fd70196afe2e571/elements - {"using":"xpath","value":"//button[@data-kt=\"provideButton\"]"}
RESULT: {"using":"xpath","value":"//button[@data-kt=\"provideButton\"]"}
COMMAND: POST /session/f2510c46535a82282fd70196afe2e571/elements - {"using":"xpath","value":"//button[@data-kt=\"provideButton\"]"}
RESULT: {"using":"xpath","value":"//button[@data-kt=\"provideButton\"]"}
COMMAND: POST /session/f2510c46535a82282fd70196afe2e571/elements - {"using":"xpath","value":"//button[@data-kt=\"provideButton\"]"}
RESULT: {"using":"xpath","value":"//button[@data-kt=\"provideButton\"]"}
COMMAND: POST /session/f2510c46535a82282fd70196afe2e571/elements - {"using":"xpath","value":"//button[@data-kt=\"provideButton\"]"}
RESULT: {"using":"xpath","value":"//button[@data-kt=\"provideButton\"]"}
COMMAND: POST /session/f2510c46535a82282fd70196afe2e571/elements - {"using":"xpath","value":"//button[@data-kt=\"provideButton\"]"}
RESULT: {"using":"xpath","value":"//button[@data-kt=\"provideButton\"]"}
COMMAND: POST /session/f2510c46535a82282fd70196afe2e571/elements - {"using":"xpath","value":"//button[@data-kt=\"provideButton\"]"}
RESULT: {"using":"xpath","value":"//button[@data-kt=\"provideButton\"]"}
COMMAND: POST /session/f2510c46535a82282fd70196afe2e571/elements - {"using":"xpath","value":"//button[@data-kt=\"provideButton\"]"}
RESULT: {"using":"xpath","value":"//button[@data-kt=\"provideButton\"]"}
COMMAND: POST /session/f2510c46535a82282fd70196afe2e571/elements - {"using":"xpath","value":"//button[@data-kt=\"provideButton\"]"}
RESULT: {"using":"xpath","value":"//button[@data-kt=\"provideButton\"]"}
COMMAND: POST /session/f2510c46535a82282fd70196afe2e571/elements - {"using":"xpath","value":"//button[@data-kt=\"provideButton\"]"}
RESULT: {"using":"xpath","value":"//button[@data-kt=\"provideButton\"]"}
COMMAND: POST /session/f2510c46535a82282fd70196afe2e571/elements - {"using":"xpath","value":"//button[@data-kt=\"provideButton\"]"}
RESULT: {"using":"xpath","value":"//button[@data-kt=\"provideButton\"]"}
COMMAND: POST /session/f2510c46535a82282fd70196afe2e571/elements - {"using":"xpath","value":"//button[@data-kt=\"provideButton\"]"}
RESULT: {"using":"xpath","value":"//button[@data-kt=\"provideButton\"]"}
COMMAND: POST /session/f2510c46535a82282fd70196afe2e571/elements - {"using":"xpath","value":"//button[@data-kt=\"provideButton\"]"}
RESULT: {"using":"xpath","value":"//button[@data-kt=\"provideButton\"]"}
COMMAND: POST /session/f2510c46535a82282fd70196afe2e571/elements - {"using":"xpath","value":"//button[@data-kt=\"provideButton\"]"}
RESULT: {"using":"xpath","value":"//button[@data-kt=\"provideButton\"]"}
COMMAND: POST /session/f2510c46535a82282fd70196afe2e571/elements - {"using":"xpath","value":"//button[@data-kt=\"provideButton\"]"}
RESULT: {"using":"xpath","value":"//button[@data-kt=\"provideButton\"]"}
COMMAND: POST /session/f2510c46535a82282fd70196afe2e571/elements - {"using":"xpath","value":"//button[@data-kt=\"provideButton\"]"}
RESULT: {"using":"xpath","value":"//button[@data-kt=\"provideButton\"]"}
COMMAND: POST /session/f2510c46535a82282fd70196afe2e571/elements - {"using":"xpath","value":"//button[@data-kt=\"provideButton\"]"}
RESULT: {"using":"xpath","value":"//button[@data-kt=\"provideButton\"]"}
COMMAND: POST /session/f2510c46535a82282fd70196afe2e571/elements - {"using":"xpath","value":"//button[@data-kt=\"provideButton\"]"}
RESULT: {"using":"xpath","value":"//button[@data-kt=\"provideButton\"]"}
COMMAND: POST /session/f2510c46535a82282fd70196afe2e571/elements - {"using":"xpath","value":"//button[@data-kt=\"provideButton\"]"}
RESULT: {"using":"xpath","value":"//button[@data-kt=\"provideButton\"]"}
COMMAND: POST /session/f2510c46535a82282fd70196afe2e571/elements - {"using":"xpath","value":"//button[@data-kt=\"provideButton\"]"}
RESULT: {"using":"xpath","value":"//button[@data-kt=\"provideButton\"]"}
COMMAND: POST /session/f2510c46535a82282fd70196afe2e571/elements - {"using":"xpath","value":"//button[@data-kt=\"provideButton\"]"}
RESULT: {"using":"xpath","value":"//button[@data-kt=\"provideButton\"]"}
COMMAND: POST /session/f2510c46535a82282fd70196afe2e571/elements - {"using":"xpath","value":"//button[@data-kt=\"provideButton\"]"}
COMMAND: GET /session/f2510c46535a82282fd70196afe2e571/screenshot - {}
RESULT: {"using":"xpath","value":"//button[@data-kt=\"provideButton\"]"}
RESULT: {}
]]></system-out>
      <system-err><![CDATA[
Error: Can't call click on element with selector "//button[@data-kt="provideButton"]" because element wasn't found
    at async UtilsPrerequisites.provideToSiteHandoverFromContractDetails (D:\a\1\s\test\specs\BTS\prerequisites-and-utils-functions.js:1949:9)
    at async Context.<anonymous> (D:\a\1\s\test\specs\BTS\billing-calculation-mixed.spec.js:81:9)
]]></system-err>
    </testcase>
    <testcase classname="chrome.136_0_7103_93.windows.Create_master_data_for_mixed_billing_&amp;_do_billing_calculation_US151661" name="Should create a few performance documents" time="17.504">
      <failure/>
      <error message="expect(received).toEqual(expected) // deep equality&#xA;&#xA;Expected: &quot;Records (1)&quot;&#xA;Received: undefined"/>
      <system-out><![CDATA[
COMMAND: POST /session/f2510c46535a82282fd70196afe2e571/execute/async - {"script":"<script> [1562 bytes]","args":[{"selector":{"controlType":"sap.m.GenericTile","properties":{"header":"Manage States & Performance"}},"wdio_ui5_key":"sapm.GenericTile{\"header\":\"Manage States & Performance\"}"}]}
COMMAND: GET /session/f2510c46535a82282fd70196afe2e571/screenshot - {}
RESULT: {"script":"<script> [1562 bytes]","args":[{"selector":{"controlType":"sap.m.GenericTile","properties":{"header":"Manage States & Performance"}},"wdio_ui5_key":"sapm.GenericTile{\"header\":\"Manage States & Performance\"}"}]}
RESULT: undefined
RESULT: {}
COMMAND: POST /session/f2510c46535a82282fd70196afe2e571/elements - {"using":"xpath","value":"//span[text()='Error']"}
RESULT: {"using":"xpath","value":"//span[text()='Error']"}
COMMAND: POST /session/f2510c46535a82282fd70196afe2e571/execute/async - {"script":"<script> [1562 bytes]","args":[{"selector":{"id":"application-managestatesandperformance-display-component---stateAndPerform--smartFilterBarResources-btnBasicSearch","interaction":{"idSuffix":"I"}},"wdio_ui5_key":"applicationmanagestatesandperformance-display-component---stateAndPerform--smartFilterBarResources-btnBasicSearch"}]}
RESULT: {"script":"<script> [1562 bytes]","args":[{"selector":{"id":"application-managestatesandperformance-display-component---stateAndPerform--smartFilterBarResources-btnBasicSearch","interaction":{"idSuffix":"I"}},"wdio_ui5_key":"applicationmanagestatesandperformance-display-component---stateAndPerform--smartFilterBarResources-btnBasicSearch"}]}
RESULT: undefined
COMMAND: POST /session/f2510c46535a82282fd70196afe2e571/actions - {"actions":[{"id":"action44","type":"key","parameters":{},"actions":[{"type":"keyDown","value":""},{"type":"pause","duration":10},{"type":"keyUp","value":""}]}]}
RESULT: {"actions":[{"id":"action44","type":"key","parameters":{},"actions":[{"type":"keyDown","value":""},{"type":"pause","duration":10},{"type":"keyUp","value":""}]}]}
COMMAND: GET /session/f2510c46535a82282fd70196afe2e571/screenshot - {}
RESULT: {}
COMMAND: POST /session/f2510c46535a82282fd70196afe2e571/execute/async - {"script":"<script> [1562 bytes]","args":[{"selector":{"id":"application-managestatesandperformance-display-component---stateAndPerform--stateAndPerformResourcesSmartTable-header"},"wdio_ui5_key":"applicationmanagestatesandperformance-display-component---stateAndPerform--stateAndPerformResourcesSmartTable-header"}]}
RESULT: {"script":"<script> [1562 bytes]","args":[{"selector":{"id":"application-managestatesandperformance-display-component---stateAndPerform--stateAndPerformResourcesSmartTable-header"},"wdio_ui5_key":"applicationmanagestatesandperformance-display-component---stateAndPerform--stateAndPerformResourcesSmartTable-header"}]}
RESULT: undefined
COMMAND: GET /session/f2510c46535a82282fd70196afe2e571/screenshot - {}
RESULT: {}
COMMAND: GET /session/f2510c46535a82282fd70196afe2e571/screenshot - {}
]]></system-out>
      <system-err><![CDATA[
Error: expect(received).toEqual(expected) // deep equality

Expected: "Records (1)"
Received: undefined
    at Context.<anonymous> (D:\a\1\s\test\specs\BTS\billing-calculation-mixed.spec.js:102:22)
]]></system-err>
    </testcase>
    <testcase classname="chrome.136_0_7103_93.windows.Create_master_data_for_mixed_billing_&amp;_do_billing_calculation_US151661" name="Should go to Manage Billings and trigger calculation check the conditions applied" time="80.093">
      <failure/>
      <error message="Can't call click on element with selector &quot;//td[@aria-colindex=&quot;1&quot;]/div/div[contains(@class, &quot;sapMCbBg&quot;)]&quot; because element wasn't found"/>
      <system-out><![CDATA[
COMMAND: POST /session/f2510c46535a82282fd70196afe2e571/execute/async - {"script":"<script> [1562 bytes]","args":[{"selector":{"controlType":"sap.m.GenericTile","properties":{"header":"Manage Billings"}},"wdio_ui5_key":"sapm.GenericTile{\"header\":\"Manage Billings\"}"}]}
RESULT: {}
RESULT: {"script":"<script> [1562 bytes]","args":[{"selector":{"controlType":"sap.m.GenericTile","properties":{"header":"Manage Billings"}},"wdio_ui5_key":"sapm.GenericTile{\"header\":\"Manage Billings\"}"}]}
RESULT: undefined
COMMAND: POST /session/f2510c46535a82282fd70196afe2e571/elements - {"using":"xpath","value":"//span[text()='Error']"}
RESULT: {"using":"xpath","value":"//span[text()='Error']"}
COMMAND: POST /session/f2510c46535a82282fd70196afe2e571/execute/async - {"script":"<script> [1562 bytes]","args":[{"selector":{"id":"application-managebillings-display-component---billRunCalcResult--smartFilterBar-btnBasicSearch","interaction":{"idSuffix":"I"}},"wdio_ui5_key":"applicationmanagebillings-display-component---billRunCalcResult--smartFilterBar-btnBasicSearch"}]}
RESULT: {"script":"<script> [1562 bytes]","args":[{"selector":{"id":"application-managebillings-display-component---billRunCalcResult--smartFilterBar-btnBasicSearch","interaction":{"idSuffix":"I"}},"wdio_ui5_key":"applicationmanagebillings-display-component---billRunCalcResult--smartFilterBar-btnBasicSearch"}]}
RESULT: undefined
COMMAND: POST /session/f2510c46535a82282fd70196afe2e571/actions - {"actions":[{"id":"action45","type":"key","parameters":{},"actions":[{"type":"keyDown","value":""},{"type":"pause","duration":10},{"type":"keyUp","value":""}]}]}
RESULT: {"actions":[{"id":"action45","type":"key","parameters":{},"actions":[{"type":"keyDown","value":""},{"type":"pause","duration":10},{"type":"keyUp","value":""}]}]}
COMMAND: GET /session/f2510c46535a82282fd70196afe2e571/screenshot - {}
RESULT: {}
COMMAND: POST /session/f2510c46535a82282fd70196afe2e571/element - {"using":"xpath","value":"//td[@aria-colindex=\"1\"]/div/div[contains(@class, \"sapMCbBg\")]"}
RESULT: {"using":"xpath","value":"//td[@aria-colindex=\"1\"]/div/div[contains(@class, \"sapMCbBg\")]"}
COMMAND: POST /session/f2510c46535a82282fd70196afe2e571/elements - {"using":"xpath","value":"//td[@aria-colindex=\"1\"]/div/div[contains(@class, \"sapMCbBg\")]"}
RESULT: {"using":"xpath","value":"//td[@aria-colindex=\"1\"]/div/div[contains(@class, \"sapMCbBg\")]"}
COMMAND: POST /session/f2510c46535a82282fd70196afe2e571/elements - {"using":"xpath","value":"//td[@aria-colindex=\"1\"]/div/div[contains(@class, \"sapMCbBg\")]"}
RESULT: {"using":"xpath","value":"//td[@aria-colindex=\"1\"]/div/div[contains(@class, \"sapMCbBg\")]"}
COMMAND: POST /session/f2510c46535a82282fd70196afe2e571/elements - {"using":"xpath","value":"//td[@aria-colindex=\"1\"]/div/div[contains(@class, \"sapMCbBg\")]"}
RESULT: {"using":"xpath","value":"//td[@aria-colindex=\"1\"]/div/div[contains(@class, \"sapMCbBg\")]"}
COMMAND: POST /session/f2510c46535a82282fd70196afe2e571/elements - {"using":"xpath","value":"//td[@aria-colindex=\"1\"]/div/div[contains(@class, \"sapMCbBg\")]"}
RESULT: {"using":"xpath","value":"//td[@aria-colindex=\"1\"]/div/div[contains(@class, \"sapMCbBg\")]"}
COMMAND: POST /session/f2510c46535a82282fd70196afe2e571/elements - {"using":"xpath","value":"//td[@aria-colindex=\"1\"]/div/div[contains(@class, \"sapMCbBg\")]"}
RESULT: {"using":"xpath","value":"//td[@aria-colindex=\"1\"]/div/div[contains(@class, \"sapMCbBg\")]"}
COMMAND: POST /session/f2510c46535a82282fd70196afe2e571/elements - {"using":"xpath","value":"//td[@aria-colindex=\"1\"]/div/div[contains(@class, \"sapMCbBg\")]"}
RESULT: {"using":"xpath","value":"//td[@aria-colindex=\"1\"]/div/div[contains(@class, \"sapMCbBg\")]"}
COMMAND: POST /session/f2510c46535a82282fd70196afe2e571/elements - {"using":"xpath","value":"//td[@aria-colindex=\"1\"]/div/div[contains(@class, \"sapMCbBg\")]"}
RESULT: {"using":"xpath","value":"//td[@aria-colindex=\"1\"]/div/div[contains(@class, \"sapMCbBg\")]"}
COMMAND: POST /session/f2510c46535a82282fd70196afe2e571/elements - {"using":"xpath","value":"//td[@aria-colindex=\"1\"]/div/div[contains(@class, \"sapMCbBg\")]"}
RESULT: {"using":"xpath","value":"//td[@aria-colindex=\"1\"]/div/div[contains(@class, \"sapMCbBg\")]"}
COMMAND: POST /session/f2510c46535a82282fd70196afe2e571/elements - {"using":"xpath","value":"//td[@aria-colindex=\"1\"]/div/div[contains(@class, \"sapMCbBg\")]"}
RESULT: {"using":"xpath","value":"//td[@aria-colindex=\"1\"]/div/div[contains(@class, \"sapMCbBg\")]"}
COMMAND: POST /session/f2510c46535a82282fd70196afe2e571/elements - {"using":"xpath","value":"//td[@aria-colindex=\"1\"]/div/div[contains(@class, \"sapMCbBg\")]"}
RESULT: {"using":"xpath","value":"//td[@aria-colindex=\"1\"]/div/div[contains(@class, \"sapMCbBg\")]"}
COMMAND: POST /session/f2510c46535a82282fd70196afe2e571/elements - {"using":"xpath","value":"//td[@aria-colindex=\"1\"]/div/div[contains(@class, \"sapMCbBg\")]"}
RESULT: {"using":"xpath","value":"//td[@aria-colindex=\"1\"]/div/div[contains(@class, \"sapMCbBg\")]"}
COMMAND: POST /session/f2510c46535a82282fd70196afe2e571/elements - {"using":"xpath","value":"//td[@aria-colindex=\"1\"]/div/div[contains(@class, \"sapMCbBg\")]"}
RESULT: {"using":"xpath","value":"//td[@aria-colindex=\"1\"]/div/div[contains(@class, \"sapMCbBg\")]"}
COMMAND: POST /session/f2510c46535a82282fd70196afe2e571/elements - {"using":"xpath","value":"//td[@aria-colindex=\"1\"]/div/div[contains(@class, \"sapMCbBg\")]"}
RESULT: {"using":"xpath","value":"//td[@aria-colindex=\"1\"]/div/div[contains(@class, \"sapMCbBg\")]"}
COMMAND: POST /session/f2510c46535a82282fd70196afe2e571/elements - {"using":"xpath","value":"//td[@aria-colindex=\"1\"]/div/div[contains(@class, \"sapMCbBg\")]"}
RESULT: {"using":"xpath","value":"//td[@aria-colindex=\"1\"]/div/div[contains(@class, \"sapMCbBg\")]"}
COMMAND: POST /session/f2510c46535a82282fd70196afe2e571/elements - {"using":"xpath","value":"//td[@aria-colindex=\"1\"]/div/div[contains(@class, \"sapMCbBg\")]"}
RESULT: {"using":"xpath","value":"//td[@aria-colindex=\"1\"]/div/div[contains(@class, \"sapMCbBg\")]"}
COMMAND: POST /session/f2510c46535a82282fd70196afe2e571/elements - {"using":"xpath","value":"//td[@aria-colindex=\"1\"]/div/div[contains(@class, \"sapMCbBg\")]"}
RESULT: {"using":"xpath","value":"//td[@aria-colindex=\"1\"]/div/div[contains(@class, \"sapMCbBg\")]"}
COMMAND: POST /session/f2510c46535a82282fd70196afe2e571/elements - {"using":"xpath","value":"//td[@aria-colindex=\"1\"]/div/div[contains(@class, \"sapMCbBg\")]"}
RESULT: {"using":"xpath","value":"//td[@aria-colindex=\"1\"]/div/div[contains(@class, \"sapMCbBg\")]"}
COMMAND: POST /session/f2510c46535a82282fd70196afe2e571/elements - {"using":"xpath","value":"//td[@aria-colindex=\"1\"]/div/div[contains(@class, \"sapMCbBg\")]"}
RESULT: {"using":"xpath","value":"//td[@aria-colindex=\"1\"]/div/div[contains(@class, \"sapMCbBg\")]"}
COMMAND: POST /session/f2510c46535a82282fd70196afe2e571/elements - {"using":"xpath","value":"//td[@aria-colindex=\"1\"]/div/div[contains(@class, \"sapMCbBg\")]"}
RESULT: {"using":"xpath","value":"//td[@aria-colindex=\"1\"]/div/div[contains(@class, \"sapMCbBg\")]"}
COMMAND: POST /session/f2510c46535a82282fd70196afe2e571/elements - {"using":"xpath","value":"//td[@aria-colindex=\"1\"]/div/div[contains(@class, \"sapMCbBg\")]"}
RESULT: {"using":"xpath","value":"//td[@aria-colindex=\"1\"]/div/div[contains(@class, \"sapMCbBg\")]"}
COMMAND: POST /session/f2510c46535a82282fd70196afe2e571/elements - {"using":"xpath","value":"//td[@aria-colindex=\"1\"]/div/div[contains(@class, \"sapMCbBg\")]"}
RESULT: {"using":"xpath","value":"//td[@aria-colindex=\"1\"]/div/div[contains(@class, \"sapMCbBg\")]"}
COMMAND: POST /session/f2510c46535a82282fd70196afe2e571/elements - {"using":"xpath","value":"//td[@aria-colindex=\"1\"]/div/div[contains(@class, \"sapMCbBg\")]"}
RESULT: {"using":"xpath","value":"//td[@aria-colindex=\"1\"]/div/div[contains(@class, \"sapMCbBg\")]"}
COMMAND: POST /session/f2510c46535a82282fd70196afe2e571/elements - {"using":"xpath","value":"//td[@aria-colindex=\"1\"]/div/div[contains(@class, \"sapMCbBg\")]"}
RESULT: {"using":"xpath","value":"//td[@aria-colindex=\"1\"]/div/div[contains(@class, \"sapMCbBg\")]"}
COMMAND: POST /session/f2510c46535a82282fd70196afe2e571/elements - {"using":"xpath","value":"//td[@aria-colindex=\"1\"]/div/div[contains(@class, \"sapMCbBg\")]"}
RESULT: {"using":"xpath","value":"//td[@aria-colindex=\"1\"]/div/div[contains(@class, \"sapMCbBg\")]"}
COMMAND: POST /session/f2510c46535a82282fd70196afe2e571/elements - {"using":"xpath","value":"//td[@aria-colindex=\"1\"]/div/div[contains(@class, \"sapMCbBg\")]"}
RESULT: {"using":"xpath","value":"//td[@aria-colindex=\"1\"]/div/div[contains(@class, \"sapMCbBg\")]"}
COMMAND: POST /session/f2510c46535a82282fd70196afe2e571/elements - {"using":"xpath","value":"//td[@aria-colindex=\"1\"]/div/div[contains(@class, \"sapMCbBg\")]"}
RESULT: {"using":"xpath","value":"//td[@aria-colindex=\"1\"]/div/div[contains(@class, \"sapMCbBg\")]"}
COMMAND: POST /session/f2510c46535a82282fd70196afe2e571/elements - {"using":"xpath","value":"//td[@aria-colindex=\"1\"]/div/div[contains(@class, \"sapMCbBg\")]"}
RESULT: {"using":"xpath","value":"//td[@aria-colindex=\"1\"]/div/div[contains(@class, \"sapMCbBg\")]"}
COMMAND: POST /session/f2510c46535a82282fd70196afe2e571/elements - {"using":"xpath","value":"//td[@aria-colindex=\"1\"]/div/div[contains(@class, \"sapMCbBg\")]"}
RESULT: {"using":"xpath","value":"//td[@aria-colindex=\"1\"]/div/div[contains(@class, \"sapMCbBg\")]"}
COMMAND: POST /session/f2510c46535a82282fd70196afe2e571/elements - {"using":"xpath","value":"//td[@aria-colindex=\"1\"]/div/div[contains(@class, \"sapMCbBg\")]"}
RESULT: {"using":"xpath","value":"//td[@aria-colindex=\"1\"]/div/div[contains(@class, \"sapMCbBg\")]"}
COMMAND: POST /session/f2510c46535a82282fd70196afe2e571/elements - {"using":"xpath","value":"//td[@aria-colindex=\"1\"]/div/div[contains(@class, \"sapMCbBg\")]"}
RESULT: {"using":"xpath","value":"//td[@aria-colindex=\"1\"]/div/div[contains(@class, \"sapMCbBg\")]"}
COMMAND: POST /session/f2510c46535a82282fd70196afe2e571/elements - {"using":"xpath","value":"//td[@aria-colindex=\"1\"]/div/div[contains(@class, \"sapMCbBg\")]"}
RESULT: {"using":"xpath","value":"//td[@aria-colindex=\"1\"]/div/div[contains(@class, \"sapMCbBg\")]"}
COMMAND: POST /session/f2510c46535a82282fd70196afe2e571/elements - {"using":"xpath","value":"//td[@aria-colindex=\"1\"]/div/div[contains(@class, \"sapMCbBg\")]"}
RESULT: {"using":"xpath","value":"//td[@aria-colindex=\"1\"]/div/div[contains(@class, \"sapMCbBg\")]"}
COMMAND: POST /session/f2510c46535a82282fd70196afe2e571/elements - {"using":"xpath","value":"//td[@aria-colindex=\"1\"]/div/div[contains(@class, \"sapMCbBg\")]"}
RESULT: {"using":"xpath","value":"//td[@aria-colindex=\"1\"]/div/div[contains(@class, \"sapMCbBg\")]"}
COMMAND: POST /session/f2510c46535a82282fd70196afe2e571/elements - {"using":"xpath","value":"//td[@aria-colindex=\"1\"]/div/div[contains(@class, \"sapMCbBg\")]"}
RESULT: {"using":"xpath","value":"//td[@aria-colindex=\"1\"]/div/div[contains(@class, \"sapMCbBg\")]"}
COMMAND: POST /session/f2510c46535a82282fd70196afe2e571/elements - {"using":"xpath","value":"//td[@aria-colindex=\"1\"]/div/div[contains(@class, \"sapMCbBg\")]"}
RESULT: {"using":"xpath","value":"//td[@aria-colindex=\"1\"]/div/div[contains(@class, \"sapMCbBg\")]"}
COMMAND: POST /session/f2510c46535a82282fd70196afe2e571/elements - {"using":"xpath","value":"//td[@aria-colindex=\"1\"]/div/div[contains(@class, \"sapMCbBg\")]"}
RESULT: {"using":"xpath","value":"//td[@aria-colindex=\"1\"]/div/div[contains(@class, \"sapMCbBg\")]"}
COMMAND: POST /session/f2510c46535a82282fd70196afe2e571/elements - {"using":"xpath","value":"//td[@aria-colindex=\"1\"]/div/div[contains(@class, \"sapMCbBg\")]"}
RESULT: {"using":"xpath","value":"//td[@aria-colindex=\"1\"]/div/div[contains(@class, \"sapMCbBg\")]"}
COMMAND: POST /session/f2510c46535a82282fd70196afe2e571/elements - {"using":"xpath","value":"//td[@aria-colindex=\"1\"]/div/div[contains(@class, \"sapMCbBg\")]"}
RESULT: {"using":"xpath","value":"//td[@aria-colindex=\"1\"]/div/div[contains(@class, \"sapMCbBg\")]"}
COMMAND: POST /session/f2510c46535a82282fd70196afe2e571/elements - {"using":"xpath","value":"//td[@aria-colindex=\"1\"]/div/div[contains(@class, \"sapMCbBg\")]"}
RESULT: {"using":"xpath","value":"//td[@aria-colindex=\"1\"]/div/div[contains(@class, \"sapMCbBg\")]"}
COMMAND: POST /session/f2510c46535a82282fd70196afe2e571/elements - {"using":"xpath","value":"//td[@aria-colindex=\"1\"]/div/div[contains(@class, \"sapMCbBg\")]"}
RESULT: {"using":"xpath","value":"//td[@aria-colindex=\"1\"]/div/div[contains(@class, \"sapMCbBg\")]"}
COMMAND: POST /session/f2510c46535a82282fd70196afe2e571/elements - {"using":"xpath","value":"//td[@aria-colindex=\"1\"]/div/div[contains(@class, \"sapMCbBg\")]"}
RESULT: {"using":"xpath","value":"//td[@aria-colindex=\"1\"]/div/div[contains(@class, \"sapMCbBg\")]"}
COMMAND: POST /session/f2510c46535a82282fd70196afe2e571/elements - {"using":"xpath","value":"//td[@aria-colindex=\"1\"]/div/div[contains(@class, \"sapMCbBg\")]"}
RESULT: {"using":"xpath","value":"//td[@aria-colindex=\"1\"]/div/div[contains(@class, \"sapMCbBg\")]"}
COMMAND: POST /session/f2510c46535a82282fd70196afe2e571/elements - {"using":"xpath","value":"//td[@aria-colindex=\"1\"]/div/div[contains(@class, \"sapMCbBg\")]"}
RESULT: {"using":"xpath","value":"//td[@aria-colindex=\"1\"]/div/div[contains(@class, \"sapMCbBg\")]"}
COMMAND: POST /session/f2510c46535a82282fd70196afe2e571/elements - {"using":"xpath","value":"//td[@aria-colindex=\"1\"]/div/div[contains(@class, \"sapMCbBg\")]"}
RESULT: {"using":"xpath","value":"//td[@aria-colindex=\"1\"]/div/div[contains(@class, \"sapMCbBg\")]"}
COMMAND: POST /session/f2510c46535a82282fd70196afe2e571/elements - {"using":"xpath","value":"//td[@aria-colindex=\"1\"]/div/div[contains(@class, \"sapMCbBg\")]"}
RESULT: {"using":"xpath","value":"//td[@aria-colindex=\"1\"]/div/div[contains(@class, \"sapMCbBg\")]"}
COMMAND: POST /session/f2510c46535a82282fd70196afe2e571/elements - {"using":"xpath","value":"//td[@aria-colindex=\"1\"]/div/div[contains(@class, \"sapMCbBg\")]"}
RESULT: {"using":"xpath","value":"//td[@aria-colindex=\"1\"]/div/div[contains(@class, \"sapMCbBg\")]"}
COMMAND: POST /session/f2510c46535a82282fd70196afe2e571/elements - {"using":"xpath","value":"//td[@aria-colindex=\"1\"]/div/div[contains(@class, \"sapMCbBg\")]"}
RESULT: {"using":"xpath","value":"//td[@aria-colindex=\"1\"]/div/div[contains(@class, \"sapMCbBg\")]"}
COMMAND: POST /session/f2510c46535a82282fd70196afe2e571/elements - {"using":"xpath","value":"//td[@aria-colindex=\"1\"]/div/div[contains(@class, \"sapMCbBg\")]"}
RESULT: {"using":"xpath","value":"//td[@aria-colindex=\"1\"]/div/div[contains(@class, \"sapMCbBg\")]"}
COMMAND: POST /session/f2510c46535a82282fd70196afe2e571/elements - {"using":"xpath","value":"//td[@aria-colindex=\"1\"]/div/div[contains(@class, \"sapMCbBg\")]"}
RESULT: {"using":"xpath","value":"//td[@aria-colindex=\"1\"]/div/div[contains(@class, \"sapMCbBg\")]"}
COMMAND: POST /session/f2510c46535a82282fd70196afe2e571/elements - {"using":"xpath","value":"//td[@aria-colindex=\"1\"]/div/div[contains(@class, \"sapMCbBg\")]"}
RESULT: {"using":"xpath","value":"//td[@aria-colindex=\"1\"]/div/div[contains(@class, \"sapMCbBg\")]"}
COMMAND: POST /session/f2510c46535a82282fd70196afe2e571/elements - {"using":"xpath","value":"//td[@aria-colindex=\"1\"]/div/div[contains(@class, \"sapMCbBg\")]"}
RESULT: {"using":"xpath","value":"//td[@aria-colindex=\"1\"]/div/div[contains(@class, \"sapMCbBg\")]"}
COMMAND: POST /session/f2510c46535a82282fd70196afe2e571/elements - {"using":"xpath","value":"//td[@aria-colindex=\"1\"]/div/div[contains(@class, \"sapMCbBg\")]"}
RESULT: {"using":"xpath","value":"//td[@aria-colindex=\"1\"]/div/div[contains(@class, \"sapMCbBg\")]"}
COMMAND: POST /session/f2510c46535a82282fd70196afe2e571/elements - {"using":"xpath","value":"//td[@aria-colindex=\"1\"]/div/div[contains(@class, \"sapMCbBg\")]"}
RESULT: {"using":"xpath","value":"//td[@aria-colindex=\"1\"]/div/div[contains(@class, \"sapMCbBg\")]"}
COMMAND: POST /session/f2510c46535a82282fd70196afe2e571/elements - {"using":"xpath","value":"//td[@aria-colindex=\"1\"]/div/div[contains(@class, \"sapMCbBg\")]"}
RESULT: {"using":"xpath","value":"//td[@aria-colindex=\"1\"]/div/div[contains(@class, \"sapMCbBg\")]"}
COMMAND: POST /session/f2510c46535a82282fd70196afe2e571/elements - {"using":"xpath","value":"//td[@aria-colindex=\"1\"]/div/div[contains(@class, \"sapMCbBg\")]"}
RESULT: {"using":"xpath","value":"//td[@aria-colindex=\"1\"]/div/div[contains(@class, \"sapMCbBg\")]"}
COMMAND: POST /session/f2510c46535a82282fd70196afe2e571/elements - {"using":"xpath","value":"//td[@aria-colindex=\"1\"]/div/div[contains(@class, \"sapMCbBg\")]"}
RESULT: {"using":"xpath","value":"//td[@aria-colindex=\"1\"]/div/div[contains(@class, \"sapMCbBg\")]"}
COMMAND: POST /session/f2510c46535a82282fd70196afe2e571/elements - {"using":"xpath","value":"//td[@aria-colindex=\"1\"]/div/div[contains(@class, \"sapMCbBg\")]"}
RESULT: {"using":"xpath","value":"//td[@aria-colindex=\"1\"]/div/div[contains(@class, \"sapMCbBg\")]"}
COMMAND: POST /session/f2510c46535a82282fd70196afe2e571/elements - {"using":"xpath","value":"//td[@aria-colindex=\"1\"]/div/div[contains(@class, \"sapMCbBg\")]"}
RESULT: {"using":"xpath","value":"//td[@aria-colindex=\"1\"]/div/div[contains(@class, \"sapMCbBg\")]"}
COMMAND: POST /session/f2510c46535a82282fd70196afe2e571/elements - {"using":"xpath","value":"//td[@aria-colindex=\"1\"]/div/div[contains(@class, \"sapMCbBg\")]"}
RESULT: {"using":"xpath","value":"//td[@aria-colindex=\"1\"]/div/div[contains(@class, \"sapMCbBg\")]"}
COMMAND: POST /session/f2510c46535a82282fd70196afe2e571/elements - {"using":"xpath","value":"//td[@aria-colindex=\"1\"]/div/div[contains(@class, \"sapMCbBg\")]"}
RESULT: {"using":"xpath","value":"//td[@aria-colindex=\"1\"]/div/div[contains(@class, \"sapMCbBg\")]"}
COMMAND: POST /session/f2510c46535a82282fd70196afe2e571/elements - {"using":"xpath","value":"//td[@aria-colindex=\"1\"]/div/div[contains(@class, \"sapMCbBg\")]"}
RESULT: {"using":"xpath","value":"//td[@aria-colindex=\"1\"]/div/div[contains(@class, \"sapMCbBg\")]"}
COMMAND: POST /session/f2510c46535a82282fd70196afe2e571/elements - {"using":"xpath","value":"//td[@aria-colindex=\"1\"]/div/div[contains(@class, \"sapMCbBg\")]"}
RESULT: {"using":"xpath","value":"//td[@aria-colindex=\"1\"]/div/div[contains(@class, \"sapMCbBg\")]"}
COMMAND: POST /session/f2510c46535a82282fd70196afe2e571/elements - {"using":"xpath","value":"//td[@aria-colindex=\"1\"]/div/div[contains(@class, \"sapMCbBg\")]"}
RESULT: {"using":"xpath","value":"//td[@aria-colindex=\"1\"]/div/div[contains(@class, \"sapMCbBg\")]"}
COMMAND: POST /session/f2510c46535a82282fd70196afe2e571/elements - {"using":"xpath","value":"//td[@aria-colindex=\"1\"]/div/div[contains(@class, \"sapMCbBg\")]"}
RESULT: {"using":"xpath","value":"//td[@aria-colindex=\"1\"]/div/div[contains(@class, \"sapMCbBg\")]"}
COMMAND: POST /session/f2510c46535a82282fd70196afe2e571/elements - {"using":"xpath","value":"//td[@aria-colindex=\"1\"]/div/div[contains(@class, \"sapMCbBg\")]"}
RESULT: {"using":"xpath","value":"//td[@aria-colindex=\"1\"]/div/div[contains(@class, \"sapMCbBg\")]"}
COMMAND: POST /session/f2510c46535a82282fd70196afe2e571/elements - {"using":"xpath","value":"//td[@aria-colindex=\"1\"]/div/div[contains(@class, \"sapMCbBg\")]"}
RESULT: {"using":"xpath","value":"//td[@aria-colindex=\"1\"]/div/div[contains(@class, \"sapMCbBg\")]"}
COMMAND: POST /session/f2510c46535a82282fd70196afe2e571/elements - {"using":"xpath","value":"//td[@aria-colindex=\"1\"]/div/div[contains(@class, \"sapMCbBg\")]"}
RESULT: {"using":"xpath","value":"//td[@aria-colindex=\"1\"]/div/div[contains(@class, \"sapMCbBg\")]"}
COMMAND: POST /session/f2510c46535a82282fd70196afe2e571/elements - {"using":"xpath","value":"//td[@aria-colindex=\"1\"]/div/div[contains(@class, \"sapMCbBg\")]"}
RESULT: {"using":"xpath","value":"//td[@aria-colindex=\"1\"]/div/div[contains(@class, \"sapMCbBg\")]"}
COMMAND: POST /session/f2510c46535a82282fd70196afe2e571/elements - {"using":"xpath","value":"//td[@aria-colindex=\"1\"]/div/div[contains(@class, \"sapMCbBg\")]"}
RESULT: {"using":"xpath","value":"//td[@aria-colindex=\"1\"]/div/div[contains(@class, \"sapMCbBg\")]"}
COMMAND: POST /session/f2510c46535a82282fd70196afe2e571/elements - {"using":"xpath","value":"//td[@aria-colindex=\"1\"]/div/div[contains(@class, \"sapMCbBg\")]"}
RESULT: {"using":"xpath","value":"//td[@aria-colindex=\"1\"]/div/div[contains(@class, \"sapMCbBg\")]"}
COMMAND: POST /session/f2510c46535a82282fd70196afe2e571/elements - {"using":"xpath","value":"//td[@aria-colindex=\"1\"]/div/div[contains(@class, \"sapMCbBg\")]"}
RESULT: {"using":"xpath","value":"//td[@aria-colindex=\"1\"]/div/div[contains(@class, \"sapMCbBg\")]"}
COMMAND: POST /session/f2510c46535a82282fd70196afe2e571/elements - {"using":"xpath","value":"//td[@aria-colindex=\"1\"]/div/div[contains(@class, \"sapMCbBg\")]"}
RESULT: {"using":"xpath","value":"//td[@aria-colindex=\"1\"]/div/div[contains(@class, \"sapMCbBg\")]"}
COMMAND: POST /session/f2510c46535a82282fd70196afe2e571/elements - {"using":"xpath","value":"//td[@aria-colindex=\"1\"]/div/div[contains(@class, \"sapMCbBg\")]"}
RESULT: {"using":"xpath","value":"//td[@aria-colindex=\"1\"]/div/div[contains(@class, \"sapMCbBg\")]"}
COMMAND: POST /session/f2510c46535a82282fd70196afe2e571/elements - {"using":"xpath","value":"//td[@aria-colindex=\"1\"]/div/div[contains(@class, \"sapMCbBg\")]"}
RESULT: {"using":"xpath","value":"//td[@aria-colindex=\"1\"]/div/div[contains(@class, \"sapMCbBg\")]"}
COMMAND: POST /session/f2510c46535a82282fd70196afe2e571/elements - {"using":"xpath","value":"//td[@aria-colindex=\"1\"]/div/div[contains(@class, \"sapMCbBg\")]"}
RESULT: {"using":"xpath","value":"//td[@aria-colindex=\"1\"]/div/div[contains(@class, \"sapMCbBg\")]"}
COMMAND: POST /session/f2510c46535a82282fd70196afe2e571/elements - {"using":"xpath","value":"//td[@aria-colindex=\"1\"]/div/div[contains(@class, \"sapMCbBg\")]"}
RESULT: {"using":"xpath","value":"//td[@aria-colindex=\"1\"]/div/div[contains(@class, \"sapMCbBg\")]"}
COMMAND: POST /session/f2510c46535a82282fd70196afe2e571/elements - {"using":"xpath","value":"//td[@aria-colindex=\"1\"]/div/div[contains(@class, \"sapMCbBg\")]"}
RESULT: {"using":"xpath","value":"//td[@aria-colindex=\"1\"]/div/div[contains(@class, \"sapMCbBg\")]"}
COMMAND: POST /session/f2510c46535a82282fd70196afe2e571/elements - {"using":"xpath","value":"//td[@aria-colindex=\"1\"]/div/div[contains(@class, \"sapMCbBg\")]"}
RESULT: {"using":"xpath","value":"//td[@aria-colindex=\"1\"]/div/div[contains(@class, \"sapMCbBg\")]"}
COMMAND: POST /session/f2510c46535a82282fd70196afe2e571/elements - {"using":"xpath","value":"//td[@aria-colindex=\"1\"]/div/div[contains(@class, \"sapMCbBg\")]"}
RESULT: {"using":"xpath","value":"//td[@aria-colindex=\"1\"]/div/div[contains(@class, \"sapMCbBg\")]"}
COMMAND: POST /session/f2510c46535a82282fd70196afe2e571/elements - {"using":"xpath","value":"//td[@aria-colindex=\"1\"]/div/div[contains(@class, \"sapMCbBg\")]"}
RESULT: {"using":"xpath","value":"//td[@aria-colindex=\"1\"]/div/div[contains(@class, \"sapMCbBg\")]"}
COMMAND: POST /session/f2510c46535a82282fd70196afe2e571/elements - {"using":"xpath","value":"//td[@aria-colindex=\"1\"]/div/div[contains(@class, \"sapMCbBg\")]"}
RESULT: {"using":"xpath","value":"//td[@aria-colindex=\"1\"]/div/div[contains(@class, \"sapMCbBg\")]"}
COMMAND: POST /session/f2510c46535a82282fd70196afe2e571/elements - {"using":"xpath","value":"//td[@aria-colindex=\"1\"]/div/div[contains(@class, \"sapMCbBg\")]"}
RESULT: {"using":"xpath","value":"//td[@aria-colindex=\"1\"]/div/div[contains(@class, \"sapMCbBg\")]"}
COMMAND: POST /session/f2510c46535a82282fd70196afe2e571/elements - {"using":"xpath","value":"//td[@aria-colindex=\"1\"]/div/div[contains(@class, \"sapMCbBg\")]"}
RESULT: {"using":"xpath","value":"//td[@aria-colindex=\"1\"]/div/div[contains(@class, \"sapMCbBg\")]"}
COMMAND: POST /session/f2510c46535a82282fd70196afe2e571/elements - {"using":"xpath","value":"//td[@aria-colindex=\"1\"]/div/div[contains(@class, \"sapMCbBg\")]"}
RESULT: {"using":"xpath","value":"//td[@aria-colindex=\"1\"]/div/div[contains(@class, \"sapMCbBg\")]"}
COMMAND: POST /session/f2510c46535a82282fd70196afe2e571/elements - {"using":"xpath","value":"//td[@aria-colindex=\"1\"]/div/div[contains(@class, \"sapMCbBg\")]"}
RESULT: {"using":"xpath","value":"//td[@aria-colindex=\"1\"]/div/div[contains(@class, \"sapMCbBg\")]"}
COMMAND: POST /session/f2510c46535a82282fd70196afe2e571/elements - {"using":"xpath","value":"//td[@aria-colindex=\"1\"]/div/div[contains(@class, \"sapMCbBg\")]"}
RESULT: {"using":"xpath","value":"//td[@aria-colindex=\"1\"]/div/div[contains(@class, \"sapMCbBg\")]"}
COMMAND: POST /session/f2510c46535a82282fd70196afe2e571/elements - {"using":"xpath","value":"//td[@aria-colindex=\"1\"]/div/div[contains(@class, \"sapMCbBg\")]"}
RESULT: {"using":"xpath","value":"//td[@aria-colindex=\"1\"]/div/div[contains(@class, \"sapMCbBg\")]"}
COMMAND: POST /session/f2510c46535a82282fd70196afe2e571/elements - {"using":"xpath","value":"//td[@aria-colindex=\"1\"]/div/div[contains(@class, \"sapMCbBg\")]"}
RESULT: {"using":"xpath","value":"//td[@aria-colindex=\"1\"]/div/div[contains(@class, \"sapMCbBg\")]"}
COMMAND: POST /session/f2510c46535a82282fd70196afe2e571/elements - {"using":"xpath","value":"//td[@aria-colindex=\"1\"]/div/div[contains(@class, \"sapMCbBg\")]"}
RESULT: {"using":"xpath","value":"//td[@aria-colindex=\"1\"]/div/div[contains(@class, \"sapMCbBg\")]"}
COMMAND: POST /session/f2510c46535a82282fd70196afe2e571/elements - {"using":"xpath","value":"//td[@aria-colindex=\"1\"]/div/div[contains(@class, \"sapMCbBg\")]"}
RESULT: {"using":"xpath","value":"//td[@aria-colindex=\"1\"]/div/div[contains(@class, \"sapMCbBg\")]"}
COMMAND: POST /session/f2510c46535a82282fd70196afe2e571/elements - {"using":"xpath","value":"//td[@aria-colindex=\"1\"]/div/div[contains(@class, \"sapMCbBg\")]"}
RESULT: {"using":"xpath","value":"//td[@aria-colindex=\"1\"]/div/div[contains(@class, \"sapMCbBg\")]"}
COMMAND: POST /session/f2510c46535a82282fd70196afe2e571/elements - {"using":"xpath","value":"//td[@aria-colindex=\"1\"]/div/div[contains(@class, \"sapMCbBg\")]"}
RESULT: {"using":"xpath","value":"//td[@aria-colindex=\"1\"]/div/div[contains(@class, \"sapMCbBg\")]"}
COMMAND: POST /session/f2510c46535a82282fd70196afe2e571/elements - {"using":"xpath","value":"//td[@aria-colindex=\"1\"]/div/div[contains(@class, \"sapMCbBg\")]"}
RESULT: {"using":"xpath","value":"//td[@aria-colindex=\"1\"]/div/div[contains(@class, \"sapMCbBg\")]"}
COMMAND: POST /session/f2510c46535a82282fd70196afe2e571/elements - {"using":"xpath","value":"//td[@aria-colindex=\"1\"]/div/div[contains(@class, \"sapMCbBg\")]"}
RESULT: {"using":"xpath","value":"//td[@aria-colindex=\"1\"]/div/div[contains(@class, \"sapMCbBg\")]"}
COMMAND: POST /session/f2510c46535a82282fd70196afe2e571/elements - {"using":"xpath","value":"//td[@aria-colindex=\"1\"]/div/div[contains(@class, \"sapMCbBg\")]"}
RESULT: {"using":"xpath","value":"//td[@aria-colindex=\"1\"]/div/div[contains(@class, \"sapMCbBg\")]"}
COMMAND: POST /session/f2510c46535a82282fd70196afe2e571/elements - {"using":"xpath","value":"//td[@aria-colindex=\"1\"]/div/div[contains(@class, \"sapMCbBg\")]"}
RESULT: {"using":"xpath","value":"//td[@aria-colindex=\"1\"]/div/div[contains(@class, \"sapMCbBg\")]"}
COMMAND: POST /session/f2510c46535a82282fd70196afe2e571/elements - {"using":"xpath","value":"//td[@aria-colindex=\"1\"]/div/div[contains(@class, \"sapMCbBg\")]"}
RESULT: {"using":"xpath","value":"//td[@aria-colindex=\"1\"]/div/div[contains(@class, \"sapMCbBg\")]"}
COMMAND: POST /session/f2510c46535a82282fd70196afe2e571/elements - {"using":"xpath","value":"//td[@aria-colindex=\"1\"]/div/div[contains(@class, \"sapMCbBg\")]"}
RESULT: {"using":"xpath","value":"//td[@aria-colindex=\"1\"]/div/div[contains(@class, \"sapMCbBg\")]"}
COMMAND: POST /session/f2510c46535a82282fd70196afe2e571/elements - {"using":"xpath","value":"//td[@aria-colindex=\"1\"]/div/div[contains(@class, \"sapMCbBg\")]"}
RESULT: {"using":"xpath","value":"//td[@aria-colindex=\"1\"]/div/div[contains(@class, \"sapMCbBg\")]"}
COMMAND: POST /session/f2510c46535a82282fd70196afe2e571/elements - {"using":"xpath","value":"//td[@aria-colindex=\"1\"]/div/div[contains(@class, \"sapMCbBg\")]"}
RESULT: {"using":"xpath","value":"//td[@aria-colindex=\"1\"]/div/div[contains(@class, \"sapMCbBg\")]"}
COMMAND: POST /session/f2510c46535a82282fd70196afe2e571/elements - {"using":"xpath","value":"//td[@aria-colindex=\"1\"]/div/div[contains(@class, \"sapMCbBg\")]"}
RESULT: {"using":"xpath","value":"//td[@aria-colindex=\"1\"]/div/div[contains(@class, \"sapMCbBg\")]"}
COMMAND: POST /session/f2510c46535a82282fd70196afe2e571/elements - {"using":"xpath","value":"//td[@aria-colindex=\"1\"]/div/div[contains(@class, \"sapMCbBg\")]"}
RESULT: {"using":"xpath","value":"//td[@aria-colindex=\"1\"]/div/div[contains(@class, \"sapMCbBg\")]"}
COMMAND: POST /session/f2510c46535a82282fd70196afe2e571/elements - {"using":"xpath","value":"//td[@aria-colindex=\"1\"]/div/div[contains(@class, \"sapMCbBg\")]"}
RESULT: {"using":"xpath","value":"//td[@aria-colindex=\"1\"]/div/div[contains(@class, \"sapMCbBg\")]"}
COMMAND: POST /session/f2510c46535a82282fd70196afe2e571/elements - {"using":"xpath","value":"//td[@aria-colindex=\"1\"]/div/div[contains(@class, \"sapMCbBg\")]"}
RESULT: {"using":"xpath","value":"//td[@aria-colindex=\"1\"]/div/div[contains(@class, \"sapMCbBg\")]"}
COMMAND: POST /session/f2510c46535a82282fd70196afe2e571/elements - {"using":"xpath","value":"//td[@aria-colindex=\"1\"]/div/div[contains(@class, \"sapMCbBg\")]"}
RESULT: {"using":"xpath","value":"//td[@aria-colindex=\"1\"]/div/div[contains(@class, \"sapMCbBg\")]"}
COMMAND: POST /session/f2510c46535a82282fd70196afe2e571/elements - {"using":"xpath","value":"//td[@aria-colindex=\"1\"]/div/div[contains(@class, \"sapMCbBg\")]"}
RESULT: {"using":"xpath","value":"//td[@aria-colindex=\"1\"]/div/div[contains(@class, \"sapMCbBg\")]"}
COMMAND: POST /session/f2510c46535a82282fd70196afe2e571/elements - {"using":"xpath","value":"//td[@aria-colindex=\"1\"]/div/div[contains(@class, \"sapMCbBg\")]"}
RESULT: {"using":"xpath","value":"//td[@aria-colindex=\"1\"]/div/div[contains(@class, \"sapMCbBg\")]"}
COMMAND: POST /session/f2510c46535a82282fd70196afe2e571/elements - {"using":"xpath","value":"//td[@aria-colindex=\"1\"]/div/div[contains(@class, \"sapMCbBg\")]"}
RESULT: {"using":"xpath","value":"//td[@aria-colindex=\"1\"]/div/div[contains(@class, \"sapMCbBg\")]"}
COMMAND: POST /session/f2510c46535a82282fd70196afe2e571/elements - {"using":"xpath","value":"//td[@aria-colindex=\"1\"]/div/div[contains(@class, \"sapMCbBg\")]"}
RESULT: {"using":"xpath","value":"//td[@aria-colindex=\"1\"]/div/div[contains(@class, \"sapMCbBg\")]"}
COMMAND: POST /session/f2510c46535a82282fd70196afe2e571/elements - {"using":"xpath","value":"//td[@aria-colindex=\"1\"]/div/div[contains(@class, \"sapMCbBg\")]"}
RESULT: {"using":"xpath","value":"//td[@aria-colindex=\"1\"]/div/div[contains(@class, \"sapMCbBg\")]"}
COMMAND: POST /session/f2510c46535a82282fd70196afe2e571/elements - {"using":"xpath","value":"//td[@aria-colindex=\"1\"]/div/div[contains(@class, \"sapMCbBg\")]"}
RESULT: {"using":"xpath","value":"//td[@aria-colindex=\"1\"]/div/div[contains(@class, \"sapMCbBg\")]"}
COMMAND: POST /session/f2510c46535a82282fd70196afe2e571/elements - {"using":"xpath","value":"//td[@aria-colindex=\"1\"]/div/div[contains(@class, \"sapMCbBg\")]"}
RESULT: {"using":"xpath","value":"//td[@aria-colindex=\"1\"]/div/div[contains(@class, \"sapMCbBg\")]"}
COMMAND: POST /session/f2510c46535a82282fd70196afe2e571/elements - {"using":"xpath","value":"//td[@aria-colindex=\"1\"]/div/div[contains(@class, \"sapMCbBg\")]"}
RESULT: {"using":"xpath","value":"//td[@aria-colindex=\"1\"]/div/div[contains(@class, \"sapMCbBg\")]"}
COMMAND: POST /session/f2510c46535a82282fd70196afe2e571/elements - {"using":"xpath","value":"//td[@aria-colindex=\"1\"]/div/div[contains(@class, \"sapMCbBg\")]"}
RESULT: {"using":"xpath","value":"//td[@aria-colindex=\"1\"]/div/div[contains(@class, \"sapMCbBg\")]"}
COMMAND: POST /session/f2510c46535a82282fd70196afe2e571/elements - {"using":"xpath","value":"//td[@aria-colindex=\"1\"]/div/div[contains(@class, \"sapMCbBg\")]"}
RESULT: {"using":"xpath","value":"//td[@aria-colindex=\"1\"]/div/div[contains(@class, \"sapMCbBg\")]"}
COMMAND: POST /session/f2510c46535a82282fd70196afe2e571/elements - {"using":"xpath","value":"//td[@aria-colindex=\"1\"]/div/div[contains(@class, \"sapMCbBg\")]"}
RESULT: {"using":"xpath","value":"//td[@aria-colindex=\"1\"]/div/div[contains(@class, \"sapMCbBg\")]"}
COMMAND: POST /session/f2510c46535a82282fd70196afe2e571/elements - {"using":"xpath","value":"//td[@aria-colindex=\"1\"]/div/div[contains(@class, \"sapMCbBg\")]"}
RESULT: {"using":"xpath","value":"//td[@aria-colindex=\"1\"]/div/div[contains(@class, \"sapMCbBg\")]"}
COMMAND: POST /session/f2510c46535a82282fd70196afe2e571/elements - {"using":"xpath","value":"//td[@aria-colindex=\"1\"]/div/div[contains(@class, \"sapMCbBg\")]"}
RESULT: {"using":"xpath","value":"//td[@aria-colindex=\"1\"]/div/div[contains(@class, \"sapMCbBg\")]"}
COMMAND: POST /session/f2510c46535a82282fd70196afe2e571/elements - {"using":"xpath","value":"//td[@aria-colindex=\"1\"]/div/div[contains(@class, \"sapMCbBg\")]"}
RESULT: {"using":"xpath","value":"//td[@aria-colindex=\"1\"]/div/div[contains(@class, \"sapMCbBg\")]"}
COMMAND: POST /session/f2510c46535a82282fd70196afe2e571/elements - {"using":"xpath","value":"//td[@aria-colindex=\"1\"]/div/div[contains(@class, \"sapMCbBg\")]"}
RESULT: {"using":"xpath","value":"//td[@aria-colindex=\"1\"]/div/div[contains(@class, \"sapMCbBg\")]"}
COMMAND: POST /session/f2510c46535a82282fd70196afe2e571/elements - {"using":"xpath","value":"//td[@aria-colindex=\"1\"]/div/div[contains(@class, \"sapMCbBg\")]"}
COMMAND: GET /session/f2510c46535a82282fd70196afe2e571/screenshot - {}
RESULT: {"using":"xpath","value":"//td[@aria-colindex=\"1\"]/div/div[contains(@class, \"sapMCbBg\")]"}
RESULT: {}
COMMAND: GET /session/f2510c46535a82282fd70196afe2e571/screenshot - {}
COMMAND: POST /session/f2510c46535a82282fd70196afe2e571/element - {"using":"css selector","value":"#j_username"}
COMMAND: POST /session/f2510c46535a82282fd70196afe2e571/url - {"url":"https://qa-testing-00-live-etm-ui.cfapps.eu10-004.hana.ondemand.com/"}
COMMAND: GET /session/f2510c46535a82282fd70196afe2e571/screenshot - {}
RESULT: {}
RESULT: {"using":"css selector","value":"#j_username"}
COMMAND: POST /session/f2510c46535a82282fd70196afe2e571/element - {"using":"css selector","value":"#j_username"}
RESULT: {"url":"https://qa-testing-00-live-etm-ui.cfapps.eu10-004.hana.ondemand.com/"}
RESULT: undefined
COMMAND: GET /session/f2510c46535a82282fd70196afe2e571/screenshot - {}
RESULT: {}
RESULT: {"using":"css selector","value":"#j_username"}
COMMAND: POST /session/f2510c46535a82282fd70196afe2e571/element - {"using":"css selector","value":"#shell-header-logo"}
RESULT: {}
RESULT: {"using":"css selector","value":"#shell-header-logo"}
COMMAND: POST /session/f2510c46535a82282fd70196afe2e571/execute/sync - {"script":"<script> [8489 bytes]","args":[{"element-6066-11e4-a52e-4f735466cecf":"f.F7DC0DCC1AEA5B11728C456D26A3F950.d.4312BD461183C9EB250C6D51315E0A8D.e.11655","ELEMENT":"f.F7DC0DCC1AEA5B11728C456D26A3F950.d.4312BD461183C9EB250C6D51315E0A8D.e.11655"}]}
RESULT: {"script":"<script> [8489 bytes]","args":[{"element-6066-11e4-a52e-4f735466cecf":"f.F7DC0DCC1AEA5B11728C456D26A3F950.d.4312BD461183C9EB250C6D51315E0A8D.e.11655","ELEMENT":"f.F7DC0DCC1AEA5B11728C456D26A3F950.d.4312BD461183C9EB250C6D51315E0A8D.e.11655"}]}
COMMAND: POST /session/f2510c46535a82282fd70196afe2e571/element - {"using":"css selector","value":"#shell-header-logo"}
COMMAND: GET /session/f2510c46535a82282fd70196afe2e571/screenshot - {}
RESULT: {"using":"css selector","value":"#shell-header-logo"}
COMMAND: POST /session/f2510c46535a82282fd70196afe2e571/execute/sync - {"script":"<script> [8489 bytes]","args":[{"element-6066-11e4-a52e-4f735466cecf":"f.F7DC0DCC1AEA5B11728C456D26A3F950.d.4312BD461183C9EB250C6D51315E0A8D.e.11655","ELEMENT":"f.F7DC0DCC1AEA5B11728C456D26A3F950.d.4312BD461183C9EB250C6D51315E0A8D.e.11655"}]}
RESULT: {}
RESULT: {"script":"<script> [8489 bytes]","args":[{"element-6066-11e4-a52e-4f735466cecf":"f.F7DC0DCC1AEA5B11728C456D26A3F950.d.4312BD461183C9EB250C6D51315E0A8D.e.11655","ELEMENT":"f.F7DC0DCC1AEA5B11728C456D26A3F950.d.4312BD461183C9EB250C6D51315E0A8D.e.11655"}]}
COMMAND: POST /session/f2510c46535a82282fd70196afe2e571/execute/sync - {"script":"<script> [5351 bytes]","args":[{"element-6066-11e4-a52e-4f735466cecf":"f.F7DC0DCC1AEA5B11728C456D26A3F950.d.4312BD461183C9EB250C6D51315E0A8D.e.11655","ELEMENT":"f.F7DC0DCC1AEA5B11728C456D26A3F950.d.4312BD461183C9EB250C6D51315E0A8D.e.11655"}]}
COMMAND: GET /session/f2510c46535a82282fd70196afe2e571/screenshot - {}
RESULT: {"script":"<script> [5351 bytes]","args":[{"element-6066-11e4-a52e-4f735466cecf":"f.F7DC0DCC1AEA5B11728C456D26A3F950.d.4312BD461183C9EB250C6D51315E0A8D.e.11655","ELEMENT":"f.F7DC0DCC1AEA5B11728C456D26A3F950.d.4312BD461183C9EB250C6D51315E0A8D.e.11655"}]}
COMMAND: POST /session/f2510c46535a82282fd70196afe2e571/element - {"using":"css selector","value":"#shell-header-logo"}
COMMAND: GET /session/f2510c46535a82282fd70196afe2e571/screenshot - {}
RESULT: {}
RESULT: {"using":"css selector","value":"#shell-header-logo"}
COMMAND: POST /session/f2510c46535a82282fd70196afe2e571/element/f.F7DC0DCC1AEA5B11728C456D26A3F950.d.4312BD461183C9EB250C6D51315E0A8D.e.11655/click - {}
RESULT: {}
RESULT: {}
COMMAND: GET /session/f2510c46535a82282fd70196afe2e571/screenshot - {}
RESULT: {}
COMMAND: POST /session/f2510c46535a82282fd70196afe2e571/execute/async - {"script":"<script> [189 bytes]","args":[]}
RESULT: {"script":"<script> [189 bytes]","args":[]}
COMMAND: POST /session/f2510c46535a82282fd70196afe2e571/execute/async - {"script":"<script> [123 bytes]","args":[]}
RESULT: {"script":"<script> [123 bytes]","args":[]}
COMMAND: POST /session/f2510c46535a82282fd70196afe2e571/timeouts - {"script":"<number>"}
RESULT: {"script":"<number>"}
COMMAND: GET /session/f2510c46535a82282fd70196afe2e571/timeouts - {}
RESULT: {}
RESULT: undefined
COMMAND: POST /session/f2510c46535a82282fd70196afe2e571/execute/async - {"script":"<script> [2676 bytes]","args":[]}
RESULT: {"script":"<script> [2676 bytes]","args":[]}
COMMAND: POST /session/f2510c46535a82282fd70196afe2e571/execute/async - {"script":"<script> [2342 bytes]","args":[{"protocol":"http","hostname":"0.0.0.0","path":"/","capabilities":{"browserName":"chrome","goog:chromeOptions":{"binary":"C:\\Program Files\\Google\\Chrome\\Application\\chrome.exe","args":["--start-maximized"]}},"logLevel":"warn","connectionRetryTimeout":120000,"connectionRetryCount":3,"logLevels":{},"enableDirectConnect":true,"strictSSL":true,"_":"65 more keys: [\"cacheDir\",\"port\",\"requestedCapabilities\",\"automationProtocol\",\"baseUrl\",\"waitforInterval\",\"waitforTimeout\",\"onReload\",\"beforeCommand\",\"afterCommand\",\"rootDir\",\"specs\",\"suites\",\"exclude\",\"groupLogsByTestSpec\",\"excludeDriverLogs\",\"bail\",\"framework\",\"reporters\",\"services\",\"maxInstances\",\"maxInstancesPerCapability\",\"injectGlobals\",\"filesToWatch\",\"execArgv\",\"runnerEnv\",\"runner\",\"shard\",\"specFileRetries\",\"specFileRetriesDelay\",\"specFileRetriesDeferred\",\"reporterSyncInterval\",\"reporterSyncTimeout\",\"cucumberFeaturesWithLineNumbers\",\"autoCompileOpts\",\"mochaOpts\",\"jasmineOpts\",\"cucumberOpts\",\"onPrepare\",\"onWorkerStart\",\"onWorkerEnd\",\"before\",\"beforeSession\",\"beforeSuite\",\"beforeHook\",\"beforeTest\",\"afterTest\",\"afterHook\",\"afterSuite\",\"afterSession\",\"after\",\"onComplete\",\"beforeAssertion\",\"afterAssertion\",\"beforeFeature\",\"beforeScenario\",\"beforeStep\",\"afterStep\",\"afterScenario\",\"afterFeature\",\"_\",\"suite\",\"$0\",\"ignoredWorkerServices\",\"wdi5\"]"}]}
RESULT: {"script":"<script> [2342 bytes]","args":[{"protocol":"http","hostname":"0.0.0.0","path":"/","capabilities":{"browserName":"chrome","goog:chromeOptions":{"binary":"C:\\Program Files\\Google\\Chrome\\Application\\chrome.exe","args":["--start-maximized"]}},"logLevel":"warn","connectionRetryTimeout":120000,"connectionRetryCount":3,"logLevels":{},"enableDirectConnect":true,"strictSSL":true,"_":"65 more keys: [\"cacheDir\",\"port\",\"requestedCapabilities\",\"automationProtocol\",\"baseUrl\",\"waitforInterval\",\"waitforTimeout\",\"onReload\",\"beforeCommand\",\"afterCommand\",\"rootDir\",\"specs\",\"suites\",\"exclude\",\"groupLogsByTestSpec\",\"excludeDriverLogs\",\"bail\",\"framework\",\"reporters\",\"services\",\"maxInstances\",\"maxInstancesPerCapability\",\"injectGlobals\",\"filesToWatch\",\"execArgv\",\"runnerEnv\",\"runner\",\"shard\",\"specFileRetries\",\"specFileRetriesDelay\",\"specFileRetriesDeferred\",\"reporterSyncInterval\",\"reporterSyncTimeout\",\"cucumberFeaturesWithLineNumbers\",\"autoCompileOpts\",\"mochaOpts\",\"jasmineOpts\",\"cucumberOpts\",\"onPrepare\",\"onWorkerStart\",\"onWorkerEnd\",\"before\",\"beforeSession\",\"beforeSuite\",\"beforeHook\",\"beforeTest\",\"afterTest\",\"afterHook\",\"afterSuite\",\"afterSession\",\"after\",\"onComplete\",\"beforeAssertion\",\"afterAssertion\",\"beforeFeature\",\"beforeScenario\",\"beforeStep\",\"afterStep\",\"afterScenario\",\"afterFeature\",\"_\",\"suite\",\"$0\",\"ignoredWorkerServices\",\"wdi5\"]"}]}
COMMAND: POST /session/f2510c46535a82282fd70196afe2e571/execute/async - {"script":"<script> [21126 bytes]","args":[35000]}
RESULT: {"script":"<script> [21126 bytes]","args":[35000]}
COMMAND: POST /session/f2510c46535a82282fd70196afe2e571/window/maximize - {}
RESULT: {}
COMMAND: POST /session/f2510c46535a82282fd70196afe2e571/execute/async - {"script":"<script> [1562 bytes]","args":[{"selector":{"id":"shell-header","interaction":{"idSuffix":"icon"}},"wdio_ui5_key":"shellheader"}]}
COMMAND: GET /session/f2510c46535a82282fd70196afe2e571/screenshot - {}
RESULT: {"script":"<script> [1562 bytes]","args":[{"selector":{"id":"shell-header","interaction":{"idSuffix":"icon"}},"wdio_ui5_key":"shellheader"}]}
RESULT: undefined
COMMAND: POST /session/f2510c46535a82282fd70196afe2e571/refresh - {}
RESULT: {}
RESULT: {}
COMMAND: GET /session/f2510c46535a82282fd70196afe2e571/screenshot - {}
RESULT: {}
COMMAND: POST /session/f2510c46535a82282fd70196afe2e571/refresh - {}
RESULT: {}
COMMAND: GET /session/f2510c46535a82282fd70196afe2e571/screenshot - {}
RESULT: {}
COMMAND: POST /session/f2510c46535a82282fd70196afe2e571/window/fullscreen - {}
RESULT: {}
COMMAND: POST /session/f2510c46535a82282fd70196afe2e571/execute/async - {"script":"<script> [189 bytes]","args":[]}
RESULT: {"script":"<script> [189 bytes]","args":[]}
COMMAND: POST /session/f2510c46535a82282fd70196afe2e571/execute/async - {"script":"<script> [123 bytes]","args":[]}
RESULT: {"script":"<script> [123 bytes]","args":[]}
COMMAND: POST /session/f2510c46535a82282fd70196afe2e571/timeouts - {"script":"<number>"}
RESULT: {"script":"<number>"}
COMMAND: GET /session/f2510c46535a82282fd70196afe2e571/timeouts - {}
RESULT: {}
RESULT: undefined
COMMAND: POST /session/f2510c46535a82282fd70196afe2e571/execute/async - {"script":"<script> [2676 bytes]","args":[]}
RESULT: {"script":"<script> [2676 bytes]","args":[]}
COMMAND: POST /session/f2510c46535a82282fd70196afe2e571/execute/async - {"script":"<script> [2342 bytes]","args":[{"protocol":"http","hostname":"0.0.0.0","path":"/","capabilities":{"browserName":"chrome","goog:chromeOptions":{"binary":"C:\\Program Files\\Google\\Chrome\\Application\\chrome.exe","args":["--start-maximized"]}},"logLevel":"warn","connectionRetryTimeout":120000,"connectionRetryCount":3,"logLevels":{},"enableDirectConnect":true,"strictSSL":true,"_":"65 more keys: [\"cacheDir\",\"port\",\"requestedCapabilities\",\"automationProtocol\",\"baseUrl\",\"waitforInterval\",\"waitforTimeout\",\"onReload\",\"beforeCommand\",\"afterCommand\",\"rootDir\",\"specs\",\"suites\",\"exclude\",\"groupLogsByTestSpec\",\"excludeDriverLogs\",\"bail\",\"framework\",\"reporters\",\"services\",\"maxInstances\",\"maxInstancesPerCapability\",\"injectGlobals\",\"filesToWatch\",\"execArgv\",\"runnerEnv\",\"runner\",\"shard\",\"specFileRetries\",\"specFileRetriesDelay\",\"specFileRetriesDeferred\",\"reporterSyncInterval\",\"reporterSyncTimeout\",\"cucumberFeaturesWithLineNumbers\",\"autoCompileOpts\",\"mochaOpts\",\"jasmineOpts\",\"cucumberOpts\",\"onPrepare\",\"onWorkerStart\",\"onWorkerEnd\",\"before\",\"beforeSession\",\"beforeSuite\",\"beforeHook\",\"beforeTest\",\"afterTest\",\"afterHook\",\"afterSuite\",\"afterSession\",\"after\",\"onComplete\",\"beforeAssertion\",\"afterAssertion\",\"beforeFeature\",\"beforeScenario\",\"beforeStep\",\"afterStep\",\"afterScenario\",\"afterFeature\",\"_\",\"suite\",\"$0\",\"ignoredWorkerServices\",\"wdi5\"]"}]}
RESULT: {"script":"<script> [2342 bytes]","args":[{"protocol":"http","hostname":"0.0.0.0","path":"/","capabilities":{"browserName":"chrome","goog:chromeOptions":{"binary":"C:\\Program Files\\Google\\Chrome\\Application\\chrome.exe","args":["--start-maximized"]}},"logLevel":"warn","connectionRetryTimeout":120000,"connectionRetryCount":3,"logLevels":{},"enableDirectConnect":true,"strictSSL":true,"_":"65 more keys: [\"cacheDir\",\"port\",\"requestedCapabilities\",\"automationProtocol\",\"baseUrl\",\"waitforInterval\",\"waitforTimeout\",\"onReload\",\"beforeCommand\",\"afterCommand\",\"rootDir\",\"specs\",\"suites\",\"exclude\",\"groupLogsByTestSpec\",\"excludeDriverLogs\",\"bail\",\"framework\",\"reporters\",\"services\",\"maxInstances\",\"maxInstancesPerCapability\",\"injectGlobals\",\"filesToWatch\",\"execArgv\",\"runnerEnv\",\"runner\",\"shard\",\"specFileRetries\",\"specFileRetriesDelay\",\"specFileRetriesDeferred\",\"reporterSyncInterval\",\"reporterSyncTimeout\",\"cucumberFeaturesWithLineNumbers\",\"autoCompileOpts\",\"mochaOpts\",\"jasmineOpts\",\"cucumberOpts\",\"onPrepare\",\"onWorkerStart\",\"onWorkerEnd\",\"before\",\"beforeSession\",\"beforeSuite\",\"beforeHook\",\"beforeTest\",\"afterTest\",\"afterHook\",\"afterSuite\",\"afterSession\",\"after\",\"onComplete\",\"beforeAssertion\",\"afterAssertion\",\"beforeFeature\",\"beforeScenario\",\"beforeStep\",\"afterStep\",\"afterScenario\",\"afterFeature\",\"_\",\"suite\",\"$0\",\"ignoredWorkerServices\",\"wdi5\"]"}]}
COMMAND: POST /session/f2510c46535a82282fd70196afe2e571/execute/async - {"script":"<script> [21126 bytes]","args":[35000]}
RESULT: {"script":"<script> [21126 bytes]","args":[35000]}
]]></system-out>
      <system-err><![CDATA[
Error: Can't call click on element with selector "//td[@aria-colindex="1"]/div/div[contains(@class, "sapMCbBg")]" because element wasn't found
    at async UtilsPrerequisites.manageBillingsTriggerCalculation (D:\a\1\s\test\specs\BTS\prerequisites-and-utils-functions.js:2750:9)
    at async Context.<anonymous> (D:\a\1\s\test\specs\BTS\billing-calculation-mixed.spec.js:250:9)
]]></system-err>
    </testcase>
  </testsuite>
  <testsuite timestamp="2025-05-31T17:44:04" time="749.069" tests="13" failures="6" errors="6" skipped="0">
    <properties>
      <property name="specId" value="0"/>
      <property name="suiteName" value="Performance based billing (work days) US139742"/>
      <property name="capabilities" value="chrome.136_0_7103_93.windows"/>
      <property name="file" value="file:///D:/a/1/s/test/specs/BTS/billing-performance-workdays.spec.js"/>
    </properties>
    <testcase classname="chrome.136_0_7103_93.windows.Performance_based_billing_(work_days)_US139742" name="Should create a new yard" time="0.015">
      <system-out><![CDATA[
COMMAND: POST /session/f2510c46535a82282fd70196afe2e571/window/fullscreen - {}
RESULT: {}
]]></system-out>
    </testcase>
    <testcase classname="chrome.136_0_7103_93.windows.Performance_based_billing_(work_days)_US139742" name="Should create a new partner" time="0.003"/>
    <testcase classname="chrome.136_0_7103_93.windows.Performance_based_billing_(work_days)_US139742" name="Should create a new site" time="0.003"/>
    <testcase classname="chrome.136_0_7103_93.windows.Performance_based_billing_(work_days)_US139742" name="Should do prerequisite steps add equipment" time="136.931">
      <system-out><![CDATA[
COMMAND: POST /session/f2510c46535a82282fd70196afe2e571/execute/async - {"script":"<script> [1562 bytes]","args":[{"selector":{"controlType":"sap.m.GenericTile","properties":{"header":"Manage Resources"}},"wdio_ui5_key":"sapm.GenericTile{\"header\":\"Manage Resources\"}"}]}
RESULT: {"script":"<script> [1562 bytes]","args":[{"selector":{"controlType":"sap.m.GenericTile","properties":{"header":"Manage Resources"}},"wdio_ui5_key":"sapm.GenericTile{\"header\":\"Manage Resources\"}"}]}
RESULT: undefined
COMMAND: POST /session/f2510c46535a82282fd70196afe2e571/element - {"using":"xpath","value":"//*[@id=\"__tile39\"]"}
RESULT: {"using":"xpath","value":"//*[@id=\"__tile39\"]"}
COMMAND: POST /session/f2510c46535a82282fd70196afe2e571/element/f.F7DC0DCC1AEA5B11728C456D26A3F950.d.1250A0DBA4E2C1008705CB6605A531F9.e.11799/click - {}
RESULT: {}
COMMAND: GET /session/f2510c46535a82282fd70196afe2e571/screenshot - {}
RESULT: {}
COMMAND: POST /session/f2510c46535a82282fd70196afe2e571/elements - {"using":"xpath","value":"//span[text()='Error']"}
RESULT: {"using":"xpath","value":"//span[text()='Error']"}
COMMAND: POST /session/f2510c46535a82282fd70196afe2e571/element - {"using":"xpath","value":"//button[@data-kt=\"addNewRUOverflowToolbarButton\"]"}
RESULT: {"using":"xpath","value":"//button[@data-kt=\"addNewRUOverflowToolbarButton\"]"}
COMMAND: POST /session/f2510c46535a82282fd70196afe2e571/elements - {"using":"xpath","value":"//button[@data-kt=\"addNewRUOverflowToolbarButton\"]"}
RESULT: {"using":"xpath","value":"//button[@data-kt=\"addNewRUOverflowToolbarButton\"]"}
COMMAND: POST /session/f2510c46535a82282fd70196afe2e571/element - {"using":"xpath","value":"//button[@data-kt=\"addNewRUOverflowToolbarButton\"]"}
RESULT: {"using":"xpath","value":"//button[@data-kt=\"addNewRUOverflowToolbarButton\"]"}
COMMAND: POST /session/f2510c46535a82282fd70196afe2e571/execute/sync - {"script":"<script> [8489 bytes]","args":[{"element-6066-11e4-a52e-4f735466cecf":"f.F7DC0DCC1AEA5B11728C456D26A3F950.d.1250A0DBA4E2C1008705CB6605A531F9.e.11929","ELEMENT":"f.F7DC0DCC1AEA5B11728C456D26A3F950.d.1250A0DBA4E2C1008705CB6605A531F9.e.11929"}]}
RESULT: {"script":"<script> [8489 bytes]","args":[{"element-6066-11e4-a52e-4f735466cecf":"f.F7DC0DCC1AEA5B11728C456D26A3F950.d.1250A0DBA4E2C1008705CB6605A531F9.e.11929","ELEMENT":"f.F7DC0DCC1AEA5B11728C456D26A3F950.d.1250A0DBA4E2C1008705CB6605A531F9.e.11929"}]}
COMMAND: GET /session/f2510c46535a82282fd70196afe2e571/element/f.F7DC0DCC1AEA5B11728C456D26A3F950.d.1250A0DBA4E2C1008705CB6605A531F9.e.11929/enabled - {}
COMMAND: GET /session/f2510c46535a82282fd70196afe2e571/screenshot - {}
RESULT: {}
COMMAND: POST /session/f2510c46535a82282fd70196afe2e571/execute/sync - {"script":"<script> [8489 bytes]","args":[{"element-6066-11e4-a52e-4f735466cecf":"f.F7DC0DCC1AEA5B11728C456D26A3F950.d.1250A0DBA4E2C1008705CB6605A531F9.e.11929","ELEMENT":"f.F7DC0DCC1AEA5B11728C456D26A3F950.d.1250A0DBA4E2C1008705CB6605A531F9.e.11929"}]}
COMMAND: GET /session/f2510c46535a82282fd70196afe2e571/screenshot - {}
RESULT: {}
RESULT: {"script":"<script> [8489 bytes]","args":[{"element-6066-11e4-a52e-4f735466cecf":"f.F7DC0DCC1AEA5B11728C456D26A3F950.d.1250A0DBA4E2C1008705CB6605A531F9.e.11929","ELEMENT":"f.F7DC0DCC1AEA5B11728C456D26A3F950.d.1250A0DBA4E2C1008705CB6605A531F9.e.11929"}]}
COMMAND: POST /session/f2510c46535a82282fd70196afe2e571/execute/sync - {"script":"<script> [5351 bytes]","args":[{"element-6066-11e4-a52e-4f735466cecf":"f.F7DC0DCC1AEA5B11728C456D26A3F950.d.1250A0DBA4E2C1008705CB6605A531F9.e.11929","ELEMENT":"f.F7DC0DCC1AEA5B11728C456D26A3F950.d.1250A0DBA4E2C1008705CB6605A531F9.e.11929"}]}
COMMAND: GET /session/f2510c46535a82282fd70196afe2e571/screenshot - {}
RESULT: {}
RESULT: {"script":"<script> [5351 bytes]","args":[{"element-6066-11e4-a52e-4f735466cecf":"f.F7DC0DCC1AEA5B11728C456D26A3F950.d.1250A0DBA4E2C1008705CB6605A531F9.e.11929","ELEMENT":"f.F7DC0DCC1AEA5B11728C456D26A3F950.d.1250A0DBA4E2C1008705CB6605A531F9.e.11929"}]}
COMMAND: POST /session/f2510c46535a82282fd70196afe2e571/element/f.F7DC0DCC1AEA5B11728C456D26A3F950.d.1250A0DBA4E2C1008705CB6605A531F9.e.11929/click - {}
COMMAND: GET /session/f2510c46535a82282fd70196afe2e571/screenshot - {}
RESULT: {}
RESULT: {}
COMMAND: GET /session/f2510c46535a82282fd70196afe2e571/screenshot - {}
RESULT: {}
RESULT: {}
COMMAND: POST /session/f2510c46535a82282fd70196afe2e571/execute/async - {"script":"<script> [1562 bytes]","args":[{"selector":{"id":"application-manageresources-display-component---newResourceUnit--TYPE-arrow"},"wdio_ui5_key":"applicationmanageresources-display-component---newResourceUnit--TYPE-arrow"}]}
RESULT: {"script":"<script> [1562 bytes]","args":[{"selector":{"id":"application-manageresources-display-component---newResourceUnit--TYPE-arrow"},"wdio_ui5_key":"applicationmanageresources-display-component---newResourceUnit--TYPE-arrow"}]}
RESULT: undefined
COMMAND: POST /session/f2510c46535a82282fd70196afe2e571/element - {"using":"xpath","value":"//*[@id=\"application-manageresources-display-component---newResourceUnit--TYPE-arrow\"]"}
RESULT: {"using":"xpath","value":"//*[@id=\"application-manageresources-display-component---newResourceUnit--TYPE-arrow\"]"}
COMMAND: POST /session/f2510c46535a82282fd70196afe2e571/element/f.F7DC0DCC1AEA5B11728C456D26A3F950.d.1250A0DBA4E2C1008705CB6605A531F9.e.12301/click - {}
RESULT: {}
COMMAND: POST /session/f2510c46535a82282fd70196afe2e571/element - {"using":"xpath","value":"//input[@id=\"application-manageresources-display-component---newResourceUnit--TYPE-inner\"]"}
COMMAND: GET /session/f2510c46535a82282fd70196afe2e571/screenshot - {}
RESULT: {"using":"xpath","value":"//input[@id=\"application-manageresources-display-component---newResourceUnit--TYPE-inner\"]"}
COMMAND: POST /session/f2510c46535a82282fd70196afe2e571/element/f.F7DC0DCC1AEA5B11728C456D26A3F950.d.1250A0DBA4E2C1008705CB6605A531F9.e.12280/clear - {}
RESULT: {}
RESULT: {}
COMMAND: POST /session/f2510c46535a82282fd70196afe2e571/element/f.F7DC0DCC1AEA5B11728C456D26A3F950.d.1250A0DBA4E2C1008705CB6605A531F9.e.12280/value - {"text":"Equipment"}
COMMAND: GET /session/f2510c46535a82282fd70196afe2e571/screenshot - {}
RESULT: {"text":"Equipment"}
COMMAND: GET /session/f2510c46535a82282fd70196afe2e571/screenshot - {}
RESULT: {}
RESULT: {}
COMMAND: POST /session/f2510c46535a82282fd70196afe2e571/actions - {"actions":[{"id":"action46","type":"key","parameters":{},"actions":[{"type":"keyDown","value":""},{"type":"pause","duration":10},{"type":"keyUp","value":""}]}]}
RESULT: {"actions":[{"id":"action46","type":"key","parameters":{},"actions":[{"type":"keyDown","value":""},{"type":"pause","duration":10},{"type":"keyUp","value":""}]}]}
COMMAND: POST /session/f2510c46535a82282fd70196afe2e571/execute/async - {"script":"<script> [1562 bytes]","args":[{"selector":{"id":"application-manageresources-display-component---newResourceUnit--resourceId","interaction":{"idSuffix":"inner"}},"wdio_ui5_key":"applicationmanageresources-display-component---newResourceUnit--resourceId"}]}
COMMAND: GET /session/f2510c46535a82282fd70196afe2e571/screenshot - {}
RESULT: {"script":"<script> [1562 bytes]","args":[{"selector":{"id":"application-manageresources-display-component---newResourceUnit--resourceId","interaction":{"idSuffix":"inner"}},"wdio_ui5_key":"applicationmanageresources-display-component---newResourceUnit--resourceId"}]}
RESULT: undefined
COMMAND: POST /session/f2510c46535a82282fd70196afe2e571/execute/async - {"script":"<script> [776 bytes]","args":[{"enterText":"EMDdUbVCqM","selector":{"id":"application-manageresources-display-component---newResourceUnit--resourceId","interaction":{"idSuffix":"inner"}},"clearTextFirst":true,"interactionType":"ENTER_TEXT"}]}
RESULT: {}
RESULT: {"script":"<script> [776 bytes]","args":[{"enterText":"EMDdUbVCqM","selector":{"id":"application-manageresources-display-component---newResourceUnit--resourceId","interaction":{"idSuffix":"inner"}},"clearTextFirst":true,"interactionType":"ENTER_TEXT"}]}
COMMAND: POST /session/f2510c46535a82282fd70196afe2e571/execute/async - {"script":"<script> [1562 bytes]","args":[{"selector":{"id":"application-manageresources-display-component---newResourceUnit--SHORT_TEXT","interaction":{"idSuffix":"inner"}},"wdio_ui5_key":"applicationmanageresources-display-component---newResourceUnit--SHORT_TEXT"}]}
RESULT: {"script":"<script> [1562 bytes]","args":[{"selector":{"id":"application-manageresources-display-component---newResourceUnit--SHORT_TEXT","interaction":{"idSuffix":"inner"}},"wdio_ui5_key":"applicationmanageresources-display-component---newResourceUnit--SHORT_TEXT"}]}
RESULT: undefined
COMMAND: POST /session/f2510c46535a82282fd70196afe2e571/execute/async - {"script":"<script> [776 bytes]","args":[{"enterText":"Intercompany Equipment WDIO","selector":{"id":"application-manageresources-display-component---newResourceUnit--SHORT_TEXT","interaction":{"idSuffix":"inner"}},"clearTextFirst":true,"interactionType":"ENTER_TEXT"}]}
RESULT: {"script":"<script> [776 bytes]","args":[{"enterText":"Intercompany Equipment WDIO","selector":{"id":"application-manageresources-display-component---newResourceUnit--SHORT_TEXT","interaction":{"idSuffix":"inner"}},"clearTextFirst":true,"interactionType":"ENTER_TEXT"}]}
COMMAND: POST /session/f2510c46535a82282fd70196afe2e571/execute/async - {"script":"<script> [1562 bytes]","args":[{"selector":{"id":"application-manageresources-display-component---newResourceUnit--BASE_UNIT_OF_MEASURE","interaction":{"idSuffix":"inner"}},"wdio_ui5_key":"applicationmanageresources-display-component---newResourceUnit--BASE_UNIT_OF_MEASURE"}]}
RESULT: {"script":"<script> [1562 bytes]","args":[{"selector":{"id":"application-manageresources-display-component---newResourceUnit--BASE_UNIT_OF_MEASURE","interaction":{"idSuffix":"inner"}},"wdio_ui5_key":"applicationmanageresources-display-component---newResourceUnit--BASE_UNIT_OF_MEASURE"}]}
RESULT: undefined
COMMAND: POST /session/f2510c46535a82282fd70196afe2e571/execute/async - {"script":"<script> [776 bytes]","args":[{"enterText":"Piece","selector":{"id":"application-manageresources-display-component---newResourceUnit--BASE_UNIT_OF_MEASURE","interaction":{"idSuffix":"inner"}},"clearTextFirst":true,"interactionType":"ENTER_TEXT"}]}
RESULT: {"script":"<script> [776 bytes]","args":[{"enterText":"Piece","selector":{"id":"application-manageresources-display-component---newResourceUnit--BASE_UNIT_OF_MEASURE","interaction":{"idSuffix":"inner"}},"clearTextFirst":true,"interactionType":"ENTER_TEXT"}]}
COMMAND: POST /session/f2510c46535a82282fd70196afe2e571/execute/async - {"script":"<script> [1562 bytes]","args":[{"selector":{"id":"application-manageresources-display-component---newResourceUnit--WEIGHT_UNIT","interaction":{"idSuffix":"inner"}},"wdio_ui5_key":"applicationmanageresources-display-component---newResourceUnit--WEIGHT_UNIT"}]}
RESULT: {"script":"<script> [1562 bytes]","args":[{"selector":{"id":"application-manageresources-display-component---newResourceUnit--WEIGHT_UNIT","interaction":{"idSuffix":"inner"}},"wdio_ui5_key":"applicationmanageresources-display-component---newResourceUnit--WEIGHT_UNIT"}]}
RESULT: undefined
COMMAND: POST /session/f2510c46535a82282fd70196afe2e571/execute/async - {"script":"<script> [776 bytes]","args":[{"enterText":"Gram","selector":{"id":"application-manageresources-display-component---newResourceUnit--WEIGHT_UNIT","interaction":{"idSuffix":"inner"}},"clearTextFirst":true,"interactionType":"ENTER_TEXT"}]}
RESULT: {"script":"<script> [776 bytes]","args":[{"enterText":"Gram","selector":{"id":"application-manageresources-display-component---newResourceUnit--WEIGHT_UNIT","interaction":{"idSuffix":"inner"}},"clearTextFirst":true,"interactionType":"ENTER_TEXT"}]}
COMMAND: POST /session/f2510c46535a82282fd70196afe2e571/execute/async - {"script":"<script> [1562 bytes]","args":[{"selector":{"id":"application-manageresources-display-component---newResourceUnit--DIMENSION_UNIT","interaction":{"idSuffix":"inner"}},"wdio_ui5_key":"applicationmanageresources-display-component---newResourceUnit--DIMENSION_UNIT"}]}
RESULT: {"script":"<script> [1562 bytes]","args":[{"selector":{"id":"application-manageresources-display-component---newResourceUnit--DIMENSION_UNIT","interaction":{"idSuffix":"inner"}},"wdio_ui5_key":"applicationmanageresources-display-component---newResourceUnit--DIMENSION_UNIT"}]}
RESULT: undefined
COMMAND: POST /session/f2510c46535a82282fd70196afe2e571/execute/async - {"script":"<script> [776 bytes]","args":[{"enterText":"Meter","selector":{"id":"application-manageresources-display-component---newResourceUnit--DIMENSION_UNIT","interaction":{"idSuffix":"inner"}},"clearTextFirst":true,"interactionType":"ENTER_TEXT"}]}
RESULT: {"script":"<script> [776 bytes]","args":[{"enterText":"Meter","selector":{"id":"application-manageresources-display-component---newResourceUnit--DIMENSION_UNIT","interaction":{"idSuffix":"inner"}},"clearTextFirst":true,"interactionType":"ENTER_TEXT"}]}
COMMAND: POST /session/f2510c46535a82282fd70196afe2e571/execute/async - {"script":"<script> [1562 bytes]","args":[{"selector":{"id":"application-manageresources-display-component---newResourceUnit--newRRUPage-anchBar-application-manageresources-display-component---newResourceUnit--control-anchor","interaction":{"idSuffix":"BDI-content"}},"wdio_ui5_key":"applicationmanageresources-display-component---newResourceUnit--newRRUPage-anchBar-application-manageresources-display-component---newResourceUnit--control-anchor"}]}
RESULT: {"script":"<script> [1562 bytes]","args":[{"selector":{"id":"application-manageresources-display-component---newResourceUnit--newRRUPage-anchBar-application-manageresources-display-component---newResourceUnit--control-anchor","interaction":{"idSuffix":"BDI-content"}},"wdio_ui5_key":"applicationmanageresources-display-component---newResourceUnit--newRRUPage-anchBar-application-manageresources-display-component---newResourceUnit--control-anchor"}]}
RESULT: undefined
COMMAND: POST /session/f2510c46535a82282fd70196afe2e571/element - {"using":"xpath","value":"//*[@id=\"application-manageresources-display-component---newResourceUnit--newRRUPage-anchBar-application-manageresources-display-component---newResourceUnit--control-anchor\"]"}
RESULT: {"using":"xpath","value":"//*[@id=\"application-manageresources-display-component---newResourceUnit--newRRUPage-anchBar-application-manageresources-display-component---newResourceUnit--control-anchor\"]"}
COMMAND: POST /session/f2510c46535a82282fd70196afe2e571/element/f.F7DC0DCC1AEA5B11728C456D26A3F950.d.1250A0DBA4E2C1008705CB6605A531F9.e.12461/click - {}
RESULT: {}
COMMAND: POST /session/f2510c46535a82282fd70196afe2e571/execute/async - {"script":"<script> [1562 bytes]","args":[{"selector":{"id":"application-manageresources-display-component---newResourceUnit--PLANNING_GROUP","interaction":{"idSuffix":"inner"}},"wdio_ui5_key":"applicationmanageresources-display-component---newResourceUnit--PLANNING_GROUP"}]}
COMMAND: GET /session/f2510c46535a82282fd70196afe2e571/screenshot - {}
RESULT: {"script":"<script> [1562 bytes]","args":[{"selector":{"id":"application-manageresources-display-component---newResourceUnit--PLANNING_GROUP","interaction":{"idSuffix":"inner"}},"wdio_ui5_key":"applicationmanageresources-display-component---newResourceUnit--PLANNING_GROUP"}]}
RESULT: undefined
COMMAND: POST /session/f2510c46535a82282fd70196afe2e571/execute/async - {"script":"<script> [776 bytes]","args":[{"enterText":"Heavy Equi","selector":{"id":"application-manageresources-display-component---newResourceUnit--PLANNING_GROUP","interaction":{"idSuffix":"inner"}},"clearTextFirst":true,"interactionType":"ENTER_TEXT"}]}
RESULT: {}
RESULT: {"script":"<script> [776 bytes]","args":[{"enterText":"Heavy Equi","selector":{"id":"application-manageresources-display-component---newResourceUnit--PLANNING_GROUP","interaction":{"idSuffix":"inner"}},"clearTextFirst":true,"interactionType":"ENTER_TEXT"}]}
COMMAND: POST /session/f2510c46535a82282fd70196afe2e571/execute/async - {"script":"<script> [1562 bytes]","args":[{"selector":{"id":"application-manageresources-display-component---newResourceUnit--ITEM_TYPE-arrow"},"wdio_ui5_key":"applicationmanageresources-display-component---newResourceUnit--ITEM_TYPE-arrow"}]}
RESULT: {"script":"<script> [1562 bytes]","args":[{"selector":{"id":"application-manageresources-display-component---newResourceUnit--ITEM_TYPE-arrow"},"wdio_ui5_key":"applicationmanageresources-display-component---newResourceUnit--ITEM_TYPE-arrow"}]}
RESULT: undefined
COMMAND: POST /session/f2510c46535a82282fd70196afe2e571/element - {"using":"xpath","value":"//*[@id=\"application-manageresources-display-component---newResourceUnit--ITEM_TYPE-arrow\"]"}
RESULT: {"using":"xpath","value":"//*[@id=\"application-manageresources-display-component---newResourceUnit--ITEM_TYPE-arrow\"]"}
COMMAND: POST /session/f2510c46535a82282fd70196afe2e571/element/f.F7DC0DCC1AEA5B11728C456D26A3F950.d.1250A0DBA4E2C1008705CB6605A531F9.e.12468/click - {}
RESULT: {}
COMMAND: POST /session/f2510c46535a82282fd70196afe2e571/element - {"using":"xpath","value":"//ul[contains(@id,\"ITEM_TYPE-popup-list-listUl\")]//li[.//span[contains(text(),\"Resource Unit\")]]"}
COMMAND: GET /session/f2510c46535a82282fd70196afe2e571/screenshot - {}
RESULT: {"using":"xpath","value":"//ul[contains(@id,\"ITEM_TYPE-popup-list-listUl\")]//li[.//span[contains(text(),\"Resource Unit\")]]"}
COMMAND: POST /session/f2510c46535a82282fd70196afe2e571/element/f.F7DC0DCC1AEA5B11728C456D26A3F950.d.1250A0DBA4E2C1008705CB6605A531F9.e.12469/click - {}
RESULT: {}
RESULT: {}
COMMAND: GET /session/f2510c46535a82282fd70196afe2e571/screenshot - {}
RESULT: {}
COMMAND: POST /session/f2510c46535a82282fd70196afe2e571/element - {"using":"css selector","value":"#application-manageresources-display-component---newResourceUnit--btnAddTimeSegment"}
RESULT: {"using":"css selector","value":"#application-manageresources-display-component---newResourceUnit--btnAddTimeSegment"}
COMMAND: GET /session/f2510c46535a82282fd70196afe2e571/element/f.F7DC0DCC1AEA5B11728C456D26A3F950.d.1250A0DBA4E2C1008705CB6605A531F9.e.12476/rect - {}
RESULT: {}
COMMAND: GET /session/f2510c46535a82282fd70196afe2e571/window/rect - {}
RESULT: {}
COMMAND: POST /session/f2510c46535a82282fd70196afe2e571/execute/sync - {"script":"<script> [92 bytes]","args":[]}
RESULT: {"script":"<script> [92 bytes]","args":[]}
COMMAND: POST /session/f2510c46535a82282fd70196afe2e571/actions - {"actions":[{"id":"action47","type":"wheel","parameters":{},"actions":[{"type":"scroll","x":-1888,"y":-32,"deltaX":0,"deltaY":0,"duration":0,"origin":{"element-6066-11e4-a52e-4f735466cecf":"f.F7DC0DCC1AEA5B11728C456D26A3F950.d.1250A0DBA4E2C1008705CB6605A531F9.e.12476"}}]}]}
COMMAND: GET /session/f2510c46535a82282fd70196afe2e571/screenshot - {}
RESULT: {}
COMMAND: POST /session/f2510c46535a82282fd70196afe2e571/execute/sync - {"script":"<script> [79 bytes]","args":[{"element-6066-11e4-a52e-4f735466cecf":"f.F7DC0DCC1AEA5B11728C456D26A3F950.d.1250A0DBA4E2C1008705CB6605A531F9.e.12476","ELEMENT":"f.F7DC0DCC1AEA5B11728C456D26A3F950.d.1250A0DBA4E2C1008705CB6605A531F9.e.12476"},{"block":"start","inline":"nearest"}]}
RESULT: {"script":"<script> [79 bytes]","args":[{"element-6066-11e4-a52e-4f735466cecf":"f.F7DC0DCC1AEA5B11728C456D26A3F950.d.1250A0DBA4E2C1008705CB6605A531F9.e.12476","ELEMENT":"f.F7DC0DCC1AEA5B11728C456D26A3F950.d.1250A0DBA4E2C1008705CB6605A531F9.e.12476"},{"block":"start","inline":"nearest"}]}
COMMAND: POST /session/f2510c46535a82282fd70196afe2e571/execute/async - {"script":"<script> [1562 bytes]","args":[{"selector":{"id":"application-manageresources-display-component---newResourceUnit--btnAddTimeSegment","interaction":{"idSuffix":"inner"}},"wdio_ui5_key":"applicationmanageresources-display-component---newResourceUnit--btnAddTimeSegment"}]}
COMMAND: GET /session/f2510c46535a82282fd70196afe2e571/screenshot - {}
RESULT: {"script":"<script> [1562 bytes]","args":[{"selector":{"id":"application-manageresources-display-component---newResourceUnit--btnAddTimeSegment","interaction":{"idSuffix":"inner"}},"wdio_ui5_key":"applicationmanageresources-display-component---newResourceUnit--btnAddTimeSegment"}]}
RESULT: undefined
COMMAND: POST /session/f2510c46535a82282fd70196afe2e571/element - {"using":"xpath","value":"//*[@id=\"application-manageresources-display-component---newResourceUnit--btnAddTimeSegment\"]"}
RESULT: {}
RESULT: {"using":"xpath","value":"//*[@id=\"application-manageresources-display-component---newResourceUnit--btnAddTimeSegment\"]"}
COMMAND: POST /session/f2510c46535a82282fd70196afe2e571/element/f.F7DC0DCC1AEA5B11728C456D26A3F950.d.1250A0DBA4E2C1008705CB6605A531F9.e.12476/click - {}
RESULT: {}
COMMAND: GET /session/f2510c46535a82282fd70196afe2e571/screenshot - {}
RESULT: {}
COMMAND: POST /session/f2510c46535a82282fd70196afe2e571/element - {"using":"xpath","value":"//input[@id=\"application-manageresources-display-component---newResourceUnit--idRuTSAdmin-application-manageresources-display-component---newResourceUnit--RUTimeSegment-0-inner\"]"}
RESULT: {"using":"xpath","value":"//input[@id=\"application-manageresources-display-component---newResourceUnit--idRuTSAdmin-application-manageresources-display-component---newResourceUnit--RUTimeSegment-0-inner\"]"}
COMMAND: POST /session/f2510c46535a82282fd70196afe2e571/element/f.F7DC0DCC1AEA5B11728C456D26A3F950.d.1250A0DBA4E2C1008705CB6605A531F9.e.12482/clear - {}
RESULT: {}
COMMAND: POST /session/f2510c46535a82282fd70196afe2e571/element/f.F7DC0DCC1AEA5B11728C456D26A3F950.d.1250A0DBA4E2C1008705CB6605A531F9.e.12482/value - {"text":"532"}
COMMAND: GET /session/f2510c46535a82282fd70196afe2e571/screenshot - {}
RESULT: {"text":"532"}
COMMAND: GET /session/f2510c46535a82282fd70196afe2e571/screenshot - {}
RESULT: {}
RESULT: {}
COMMAND: POST /session/f2510c46535a82282fd70196afe2e571/element - {"using":"xpath","value":"//li[.//span[text()='532']]"}
RESULT: {"using":"xpath","value":"//li[.//span[text()='532']]"}
COMMAND: POST /session/f2510c46535a82282fd70196afe2e571/element/f.F7DC0DCC1AEA5B11728C456D26A3F950.d.1250A0DBA4E2C1008705CB6605A531F9.e.12494/click - {}
RESULT: {}
COMMAND: GET /session/f2510c46535a82282fd70196afe2e571/screenshot - {}
RESULT: {}
COMMAND: POST /session/f2510c46535a82282fd70196afe2e571/element - {"using":"xpath","value":"(//span[contains(@id, \"-application-manageresources-display-component---newResourceUnit--RUTimeSegment-0-arrow\")])[6]"}
RESULT: {"using":"xpath","value":"(//span[contains(@id, \"-application-manageresources-display-component---newResourceUnit--RUTimeSegment-0-arrow\")])[6]"}
COMMAND: POST /session/f2510c46535a82282fd70196afe2e571/element/f.F7DC0DCC1AEA5B11728C456D26A3F950.d.1250A0DBA4E2C1008705CB6605A531F9.e.12495/click - {}
RESULT: {}
COMMAND: GET /session/f2510c46535a82282fd70196afe2e571/screenshot - {}
RESULT: {}
COMMAND: POST /session/f2510c46535a82282fd70196afe2e571/element - {"using":"xpath","value":"//span[contains(text(), \"PM Order\")]"}
RESULT: {"using":"xpath","value":"//span[contains(text(), \"PM Order\")]"}
COMMAND: POST /session/f2510c46535a82282fd70196afe2e571/element/f.F7DC0DCC1AEA5B11728C456D26A3F950.d.1250A0DBA4E2C1008705CB6605A531F9.e.12498/click - {}
RESULT: {}
COMMAND: GET /session/f2510c46535a82282fd70196afe2e571/screenshot - {}
RESULT: {}
COMMAND: POST /session/f2510c46535a82282fd70196afe2e571/element - {"using":"xpath","value":"(//span[contains(@id ,\"manageresources-display-component---newResourceUnit--RUTimeSegment-0-vhi\")])[1]"}
RESULT: {"using":"xpath","value":"(//span[contains(@id ,\"manageresources-display-component---newResourceUnit--RUTimeSegment-0-vhi\")])[1]"}
COMMAND: GET /session/f2510c46535a82282fd70196afe2e571/element/f.F7DC0DCC1AEA5B11728C456D26A3F950.d.1250A0DBA4E2C1008705CB6605A531F9.e.12502/rect - {}
RESULT: {}
COMMAND: GET /session/f2510c46535a82282fd70196afe2e571/window/rect - {}
RESULT: {}
COMMAND: POST /session/f2510c46535a82282fd70196afe2e571/execute/sync - {"script":"<script> [92 bytes]","args":[]}
RESULT: {"script":"<script> [92 bytes]","args":[]}
COMMAND: POST /session/f2510c46535a82282fd70196afe2e571/actions - {"actions":[{"id":"action48","type":"wheel","parameters":{},"actions":[{"type":"scroll","x":-869,"y":-24,"deltaX":0,"deltaY":0,"duration":0,"origin":{"element-6066-11e4-a52e-4f735466cecf":"f.F7DC0DCC1AEA5B11728C456D26A3F950.d.1250A0DBA4E2C1008705CB6605A531F9.e.12502"}}]}]}
COMMAND: GET /session/f2510c46535a82282fd70196afe2e571/screenshot - {}
RESULT: {"actions":[{"id":"action48","type":"wheel","parameters":{},"actions":[{"type":"scroll","x":-869,"y":-24,"deltaX":0,"deltaY":0,"duration":0,"origin":{"element-6066-11e4-a52e-4f735466cecf":"f.F7DC0DCC1AEA5B11728C456D26A3F950.d.1250A0DBA4E2C1008705CB6605A531F9.e.12502"}}]}]}
COMMAND: DELETE /session/f2510c46535a82282fd70196afe2e571/actions - {}
COMMAND: GET /session/f2510c46535a82282fd70196afe2e571/screenshot - {}
RESULT: {}
RESULT: {}
COMMAND: GET /session/f2510c46535a82282fd70196afe2e571/screenshot - {}
RESULT: {}
RESULT: {}
COMMAND: POST /session/f2510c46535a82282fd70196afe2e571/element/f.F7DC0DCC1AEA5B11728C456D26A3F950.d.1250A0DBA4E2C1008705CB6605A531F9.e.12502/click - {}
RESULT: {}
COMMAND: GET /session/f2510c46535a82282fd70196afe2e571/screenshot - {}
RESULT: {}
COMMAND: POST /session/f2510c46535a82282fd70196afe2e571/execute/async - {"script":"<script> [1562 bytes]","args":[{"selector":{"controlType":"sap.m.SearchField","properties":{"placeholder":"Search"},"searchOpenDialogs":true,"interaction":{"idSuffix":"I"}},"wdio_ui5_key":"sapm.SearchField{\"placeholder\":\"Search\"}"}]}
RESULT: {"script":"<script> [1562 bytes]","args":[{"selector":{"controlType":"sap.m.SearchField","properties":{"placeholder":"Search"},"searchOpenDialogs":true,"interaction":{"idSuffix":"I"}},"wdio_ui5_key":"sapm.SearchField{\"placeholder\":\"Search\"}"}]}
RESULT: undefined
COMMAND: POST /session/f2510c46535a82282fd70196afe2e571/execute/async - {"script":"<script> [776 bytes]","args":[{"enterText":"4000360","selector":{"controlType":"sap.m.SearchField","properties":{"placeholder":"Search"},"searchOpenDialogs":true,"interaction":{"idSuffix":"I"}},"clearTextFirst":true,"interactionType":"ENTER_TEXT"}]}
RESULT: {"script":"<script> [776 bytes]","args":[{"enterText":"4000360","selector":{"controlType":"sap.m.SearchField","properties":{"placeholder":"Search"},"searchOpenDialogs":true,"interaction":{"idSuffix":"I"}},"clearTextFirst":true,"interactionType":"ENTER_TEXT"}]}
COMMAND: POST /session/f2510c46535a82282fd70196afe2e571/actions - {"actions":[{"id":"action49","type":"key","parameters":{},"actions":[{"type":"keyDown","value":""},{"type":"pause","duration":10},{"type":"keyUp","value":""}]}]}
RESULT: {"actions":[{"id":"action49","type":"key","parameters":{},"actions":[{"type":"keyDown","value":""},{"type":"pause","duration":10},{"type":"keyUp","value":""}]}]}
COMMAND: GET /session/f2510c46535a82282fd70196afe2e571/screenshot - {}
RESULT: {}
COMMAND: POST /session/f2510c46535a82282fd70196afe2e571/element - {"using":"xpath","value":"//td/div/span[contains(text(), \"BGL Vehicles\")]"}
RESULT: {"using":"xpath","value":"//td/div/span[contains(text(), \"BGL Vehicles\")]"}
COMMAND: POST /session/f2510c46535a82282fd70196afe2e571/element/f.F7DC0DCC1AEA5B11728C456D26A3F950.d.1250A0DBA4E2C1008705CB6605A531F9.e.12524/click - {}
RESULT: {}
COMMAND: GET /session/f2510c46535a82282fd70196afe2e571/screenshot - {}
RESULT: {}
COMMAND: POST /session/f2510c46535a82282fd70196afe2e571/element - {"using":"xpath","value":"//bdi[contains(text(), \"OK\")]"}
RESULT: {"using":"xpath","value":"//bdi[contains(text(), \"OK\")]"}
COMMAND: POST /session/f2510c46535a82282fd70196afe2e571/element/f.F7DC0DCC1AEA5B11728C456D26A3F950.d.1250A0DBA4E2C1008705CB6605A531F9.e.12525/click - {}
RESULT: {}
COMMAND: GET /session/f2510c46535a82282fd70196afe2e571/screenshot - {}
RESULT: {}
COMMAND: POST /session/f2510c46535a82282fd70196afe2e571/execute/async - {"script":"<script> [1562 bytes]","args":[{"selector":{"id":"application-manageresources-display-component---newResourceUnit--newRRUPage-anchBar-application-manageresources-display-component---newResourceUnit--resource-anchor","interaction":{"idSuffix":"BDI-content"}},"wdio_ui5_key":"applicationmanageresources-display-component---newResourceUnit--newRRUPage-anchBar-application-manageresources-display-component---newResourceUnit--resource-anchor"}]}
RESULT: {"script":"<script> [1562 bytes]","args":[{"selector":{"id":"application-manageresources-display-component---newResourceUnit--newRRUPage-anchBar-application-manageresources-display-component---newResourceUnit--resource-anchor","interaction":{"idSuffix":"BDI-content"}},"wdio_ui5_key":"applicationmanageresources-display-component---newResourceUnit--newRRUPage-anchBar-application-manageresources-display-component---newResourceUnit--resource-anchor"}]}
RESULT: undefined
COMMAND: POST /session/f2510c46535a82282fd70196afe2e571/element - {"using":"xpath","value":"//*[@id=\"application-manageresources-display-component---newResourceUnit--newRRUPage-anchBar-application-manageresources-display-component---newResourceUnit--resource-anchor\"]"}
RESULT: {"using":"xpath","value":"//*[@id=\"application-manageresources-display-component---newResourceUnit--newRRUPage-anchBar-application-manageresources-display-component---newResourceUnit--resource-anchor\"]"}
COMMAND: POST /session/f2510c46535a82282fd70196afe2e571/element/f.F7DC0DCC1AEA5B11728C456D26A3F950.d.1250A0DBA4E2C1008705CB6605A531F9.e.12529/click - {}
RESULT: {}
COMMAND: POST /session/f2510c46535a82282fd70196afe2e571/execute/async - {"script":"<script> [1562 bytes]","args":[{"selector":{"id":"application-manageresources-display-component---newResourceUnit--PLANNED_DELIVERY_DATE","interaction":{"idSuffix":"inner"}},"wdio_ui5_key":"applicationmanageresources-display-component---newResourceUnit--PLANNED_DELIVERY_DATE"}]}
COMMAND: GET /session/f2510c46535a82282fd70196afe2e571/screenshot - {}
RESULT: {"script":"<script> [1562 bytes]","args":[{"selector":{"id":"application-manageresources-display-component---newResourceUnit--PLANNED_DELIVERY_DATE","interaction":{"idSuffix":"inner"}},"wdio_ui5_key":"applicationmanageresources-display-component---newResourceUnit--PLANNED_DELIVERY_DATE"}]}
RESULT: undefined
COMMAND: POST /session/f2510c46535a82282fd70196afe2e571/execute/async - {"script":"<script> [6424 bytes]","args":[{"element-6066-11e4-a52e-4f735466cecf":"f.F7DC0DCC1AEA5B11728C456D26A3F950.d.1250A0DBA4E2C1008705CB6605A531F9.e.12359"},"setValue",["5/31/25"]]}
RESULT: {}
RESULT: {"script":"<script> [6424 bytes]","args":[{"element-6066-11e4-a52e-4f735466cecf":"f.F7DC0DCC1AEA5B11728C456D26A3F950.d.1250A0DBA4E2C1008705CB6605A531F9.e.12359"},"setValue",["5/31/25"]]}
COMMAND: POST /session/f2510c46535a82282fd70196afe2e571/element - {"using":"xpath","value":"//label[contains(@class, 'sapMLabelRequired') and .//bdi[contains(text(), 'Planned Retirement')]]"}
RESULT: {"using":"xpath","value":"//label[contains(@class, 'sapMLabelRequired') and .//bdi[contains(text(), 'Planned Retirement')]]"}
COMMAND: POST /session/f2510c46535a82282fd70196afe2e571/elements - {"using":"xpath","value":"//label[contains(@class, 'sapMLabelRequired') and .//bdi[contains(text(), 'Planned Retirement')]]"}
RESULT: {"using":"xpath","value":"//label[contains(@class, 'sapMLabelRequired') and .//bdi[contains(text(), 'Planned Retirement')]]"}
COMMAND: POST /session/f2510c46535a82282fd70196afe2e571/element - {"using":"xpath","value":"//button[@data-kt=\"resourceUnitSaveButton\"]"}
RESULT: {"using":"xpath","value":"//button[@data-kt=\"resourceUnitSaveButton\"]"}
COMMAND: POST /session/f2510c46535a82282fd70196afe2e571/element/f.F7DC0DCC1AEA5B11728C456D26A3F950.d.1250A0DBA4E2C1008705CB6605A531F9.e.12319/click - {}
RESULT: {}
COMMAND: GET /session/f2510c46535a82282fd70196afe2e571/screenshot - {}
RESULT: {}
COMMAND: POST /session/f2510c46535a82282fd70196afe2e571/element - {"using":"xpath","value":"//bdi[contains(text(), \"Close\")]"}
RESULT: {"using":"xpath","value":"//bdi[contains(text(), \"Close\")]"}
COMMAND: POST /session/f2510c46535a82282fd70196afe2e571/element/f.F7DC0DCC1AEA5B11728C456D26A3F950.d.1250A0DBA4E2C1008705CB6605A531F9.e.12537/click - {}
RESULT: {}
COMMAND: GET /session/f2510c46535a82282fd70196afe2e571/screenshot - {}
RESULT: {}
COMMAND: POST /session/f2510c46535a82282fd70196afe2e571/element - {"using":"xpath","value":"(//button[contains(@id ,\"actionsToolbar-overflowButton\")])[1]"}
RESULT: {"using":"xpath","value":"(//button[contains(@id ,\"actionsToolbar-overflowButton\")])[1]"}
COMMAND: POST /session/f2510c46535a82282fd70196afe2e571/element/f.F7DC0DCC1AEA5B11728C456D26A3F950.d.1250A0DBA4E2C1008705CB6605A531F9.e.12570/click - {}
RESULT: {}
COMMAND: GET /session/f2510c46535a82282fd70196afe2e571/screenshot - {}
RESULT: {}
COMMAND: POST /session/f2510c46535a82282fd70196afe2e571/element - {"using":"xpath","value":"//button[@data-kt=\"priceInfoButton\"]"}
RESULT: {"using":"xpath","value":"//button[@data-kt=\"priceInfoButton\"]"}
COMMAND: POST /session/f2510c46535a82282fd70196afe2e571/element/f.F7DC0DCC1AEA5B11728C456D26A3F950.d.1250A0DBA4E2C1008705CB6605A531F9.e.12572/click - {}
RESULT: {}
COMMAND: GET /session/f2510c46535a82282fd70196afe2e571/screenshot - {}
RESULT: {}
]]></system-out>
    </testcase>
    <testcase classname="chrome.136_0_7103_93.windows.Performance_based_billing_(work_days)_US139742" name="Should create a pricing rule perf based on the equipment" time="48.675">
      <system-out><![CDATA[
COMMAND: POST /session/f2510c46535a82282fd70196afe2e571/element - {"using":"xpath","value":"//button[@data-kt=\"addButton\"]"}
RESULT: {"using":"xpath","value":"//button[@data-kt=\"addButton\"]"}
COMMAND: POST /session/f2510c46535a82282fd70196afe2e571/elements - {"using":"xpath","value":"//button[@data-kt=\"addButton\"]"}
RESULT: {"using":"xpath","value":"//button[@data-kt=\"addButton\"]"}
COMMAND: POST /session/f2510c46535a82282fd70196afe2e571/elements - {"using":"xpath","value":"//button[@data-kt=\"addButton\"]"}
RESULT: {"using":"xpath","value":"//button[@data-kt=\"addButton\"]"}
COMMAND: POST /session/f2510c46535a82282fd70196afe2e571/element - {"using":"xpath","value":"//button[@data-kt=\"addButton\"]"}
RESULT: {"using":"xpath","value":"//button[@data-kt=\"addButton\"]"}
COMMAND: POST /session/f2510c46535a82282fd70196afe2e571/execute/sync - {"script":"<script> [8489 bytes]","args":[{"element-6066-11e4-a52e-4f735466cecf":"f.F7DC0DCC1AEA5B11728C456D26A3F950.d.1250A0DBA4E2C1008705CB6605A531F9.e.12608","ELEMENT":"f.F7DC0DCC1AEA5B11728C456D26A3F950.d.1250A0DBA4E2C1008705CB6605A531F9.e.12608"}]}
RESULT: {"script":"<script> [8489 bytes]","args":[{"element-6066-11e4-a52e-4f735466cecf":"f.F7DC0DCC1AEA5B11728C456D26A3F950.d.1250A0DBA4E2C1008705CB6605A531F9.e.12608","ELEMENT":"f.F7DC0DCC1AEA5B11728C456D26A3F950.d.1250A0DBA4E2C1008705CB6605A531F9.e.12608"}]}
COMMAND: GET /session/f2510c46535a82282fd70196afe2e571/element/f.F7DC0DCC1AEA5B11728C456D26A3F950.d.1250A0DBA4E2C1008705CB6605A531F9.e.12608/enabled - {}
COMMAND: GET /session/f2510c46535a82282fd70196afe2e571/screenshot - {}
RESULT: {}
COMMAND: POST /session/f2510c46535a82282fd70196afe2e571/execute/sync - {"script":"<script> [8489 bytes]","args":[{"element-6066-11e4-a52e-4f735466cecf":"f.F7DC0DCC1AEA5B11728C456D26A3F950.d.1250A0DBA4E2C1008705CB6605A531F9.e.12608","ELEMENT":"f.F7DC0DCC1AEA5B11728C456D26A3F950.d.1250A0DBA4E2C1008705CB6605A531F9.e.12608"}]}
COMMAND: GET /session/f2510c46535a82282fd70196afe2e571/screenshot - {}
RESULT: {}
RESULT: {"script":"<script> [8489 bytes]","args":[{"element-6066-11e4-a52e-4f735466cecf":"f.F7DC0DCC1AEA5B11728C456D26A3F950.d.1250A0DBA4E2C1008705CB6605A531F9.e.12608","ELEMENT":"f.F7DC0DCC1AEA5B11728C456D26A3F950.d.1250A0DBA4E2C1008705CB6605A531F9.e.12608"}]}
COMMAND: POST /session/f2510c46535a82282fd70196afe2e571/execute/sync - {"script":"<script> [5351 bytes]","args":[{"element-6066-11e4-a52e-4f735466cecf":"f.F7DC0DCC1AEA5B11728C456D26A3F950.d.1250A0DBA4E2C1008705CB6605A531F9.e.12608","ELEMENT":"f.F7DC0DCC1AEA5B11728C456D26A3F950.d.1250A0DBA4E2C1008705CB6605A531F9.e.12608"}]}
COMMAND: GET /session/f2510c46535a82282fd70196afe2e571/screenshot - {}
RESULT: {}
RESULT: {"script":"<script> [5351 bytes]","args":[{"element-6066-11e4-a52e-4f735466cecf":"f.F7DC0DCC1AEA5B11728C456D26A3F950.d.1250A0DBA4E2C1008705CB6605A531F9.e.12608","ELEMENT":"f.F7DC0DCC1AEA5B11728C456D26A3F950.d.1250A0DBA4E2C1008705CB6605A531F9.e.12608"}]}
COMMAND: POST /session/f2510c46535a82282fd70196afe2e571/element/f.F7DC0DCC1AEA5B11728C456D26A3F950.d.1250A0DBA4E2C1008705CB6605A531F9.e.12608/click - {}
COMMAND: GET /session/f2510c46535a82282fd70196afe2e571/screenshot - {}
RESULT: {}
RESULT: {}
COMMAND: GET /session/f2510c46535a82282fd70196afe2e571/screenshot - {}
RESULT: {}
RESULT: {}
COMMAND: POST /session/f2510c46535a82282fd70196afe2e571/execute/async - {"script":"<script> [1562 bytes]","args":[{"selector":{"controlType":"sap.m.Title","viewName":"etm.portal.ui.managepricingrules.view.NewItem","viewId":"application-managepricingrules-display-component---newInfoPriceItem","properties":{"text":"New Pricing Rules - Item Level"}},"wdio_ui5_key":"etmportal.ui.managepricingrules.view.NewItemsap.m.Title{\"text\":\"New Pricing Rules - Item Level\"}"}]}
RESULT: {"script":"<script> [1562 bytes]","args":[{"selector":{"controlType":"sap.m.Title","viewName":"etm.portal.ui.managepricingrules.view.NewItem","viewId":"application-managepricingrules-display-component---newInfoPriceItem","properties":{"text":"New Pricing Rules - Item Level"}},"wdio_ui5_key":"etmportal.ui.managepricingrules.view.NewItemsap.m.Title{\"text\":\"New Pricing Rules - Item Level\"}"}]}
RESULT: undefined
COMMAND: POST /session/f2510c46535a82282fd70196afe2e571/execute/async - {"script":"<script> [6424 bytes]","args":[{"element-6066-11e4-a52e-4f735466cecf":"f.F7DC0DCC1AEA5B11728C456D26A3F950.d.1250A0DBA4E2C1008705CB6605A531F9.e.12778"},"getText",[]]}
RESULT: {"script":"<script> [6424 bytes]","args":[{"element-6066-11e4-a52e-4f735466cecf":"f.F7DC0DCC1AEA5B11728C456D26A3F950.d.1250A0DBA4E2C1008705CB6605A531F9.e.12778"},"getText",[]]}
COMMAND: POST /session/f2510c46535a82282fd70196afe2e571/execute/async - {"script":"<script> [1562 bytes]","args":[{"selector":{"id":"application-managepricingrules-display-component---newInfoPriceItem--condValidTo","interaction":{"idSuffix":"inner"}},"wdio_ui5_key":"applicationmanagepricingrules-display-component---newInfoPriceItem--condValidTo"}]}
RESULT: {"script":"<script> [1562 bytes]","args":[{"selector":{"id":"application-managepricingrules-display-component---newInfoPriceItem--condValidTo","interaction":{"idSuffix":"inner"}},"wdio_ui5_key":"applicationmanagepricingrules-display-component---newInfoPriceItem--condValidTo"}]}
RESULT: undefined
COMMAND: POST /session/f2510c46535a82282fd70196afe2e571/execute/async - {"script":"<script> [776 bytes]","args":[{"enterText":"1/31/26","selector":{"id":"application-managepricingrules-display-component---newInfoPriceItem--condValidTo","interaction":{"idSuffix":"inner"}},"clearTextFirst":true,"interactionType":"ENTER_TEXT"}]}
RESULT: {"script":"<script> [776 bytes]","args":[{"enterText":"1/31/26","selector":{"id":"application-managepricingrules-display-component---newInfoPriceItem--condValidTo","interaction":{"idSuffix":"inner"}},"clearTextFirst":true,"interactionType":"ENTER_TEXT"}]}
COMMAND: POST /session/f2510c46535a82282fd70196afe2e571/execute/async - {"script":"<script> [1562 bytes]","args":[{"selector":{"id":"application-managepricingrules-display-component---newInfoPriceItem--billType-arrow"},"wdio_ui5_key":"applicationmanagepricingrules-display-component---newInfoPriceItem--billType-arrow"}]}
RESULT: {"script":"<script> [1562 bytes]","args":[{"selector":{"id":"application-managepricingrules-display-component---newInfoPriceItem--billType-arrow"},"wdio_ui5_key":"applicationmanagepricingrules-display-component---newInfoPriceItem--billType-arrow"}]}
RESULT: undefined
COMMAND: POST /session/f2510c46535a82282fd70196afe2e571/element - {"using":"xpath","value":"//*[@id=\"application-managepricingrules-display-component---newInfoPriceItem--billType-arrow\"]"}
RESULT: {"using":"xpath","value":"//*[@id=\"application-managepricingrules-display-component---newInfoPriceItem--billType-arrow\"]"}
COMMAND: POST /session/f2510c46535a82282fd70196afe2e571/element/f.F7DC0DCC1AEA5B11728C456D26A3F950.d.1250A0DBA4E2C1008705CB6605A531F9.e.12738/click - {}
RESULT: {}
COMMAND: POST /session/f2510c46535a82282fd70196afe2e571/element - {"using":"xpath","value":"//span[contains(text(), \"PB - Performance based\")]"}
COMMAND: GET /session/f2510c46535a82282fd70196afe2e571/screenshot - {}
RESULT: {"using":"xpath","value":"//span[contains(text(), \"PB - Performance based\")]"}
COMMAND: POST /session/f2510c46535a82282fd70196afe2e571/element/f.F7DC0DCC1AEA5B11728C456D26A3F950.d.1250A0DBA4E2C1008705CB6605A531F9.e.12780/click - {}
RESULT: {}
RESULT: {}
COMMAND: POST /session/f2510c46535a82282fd70196afe2e571/execute/async - {"script":"<script> [1562 bytes]","args":[{"selector":{"id":"application-managepricingrules-display-component---newInfoPriceItem--priceProc-arrow"},"wdio_ui5_key":"applicationmanagepricingrules-display-component---newInfoPriceItem--priceProc-arrow"}]}
COMMAND: GET /session/f2510c46535a82282fd70196afe2e571/screenshot - {}
RESULT: {"script":"<script> [1562 bytes]","args":[{"selector":{"id":"application-managepricingrules-display-component---newInfoPriceItem--priceProc-arrow"},"wdio_ui5_key":"applicationmanagepricingrules-display-component---newInfoPriceItem--priceProc-arrow"}]}
RESULT: undefined
COMMAND: POST /session/f2510c46535a82282fd70196afe2e571/element - {"using":"xpath","value":"//*[@id=\"application-managepricingrules-display-component---newInfoPriceItem--priceProc-arrow\"]"}
RESULT: {}
RESULT: {"using":"xpath","value":"//*[@id=\"application-managepricingrules-display-component---newInfoPriceItem--priceProc-arrow\"]"}
COMMAND: POST /session/f2510c46535a82282fd70196afe2e571/element/f.F7DC0DCC1AEA5B11728C456D26A3F950.d.1250A0DBA4E2C1008705CB6605A531F9.e.12745/click - {}
RESULT: {}
COMMAND: POST /session/f2510c46535a82282fd70196afe2e571/element - {"using":"xpath","value":"//span[contains(text(), \"PRF - Performance based\")]"}
COMMAND: GET /session/f2510c46535a82282fd70196afe2e571/screenshot - {}
RESULT: {"using":"xpath","value":"//span[contains(text(), \"PRF - Performance based\")]"}
COMMAND: POST /session/f2510c46535a82282fd70196afe2e571/element/f.F7DC0DCC1AEA5B11728C456D26A3F950.d.1250A0DBA4E2C1008705CB6605A531F9.e.12781/click - {}
RESULT: {}
RESULT: {}
COMMAND: POST /session/f2510c46535a82282fd70196afe2e571/execute/async - {"script":"<script> [1562 bytes]","args":[{"selector":{"id":"application-managepricingrules-display-component---newInfoPriceItem--calcBase-arrow"},"wdio_ui5_key":"applicationmanagepricingrules-display-component---newInfoPriceItem--calcBase-arrow"}]}
COMMAND: GET /session/f2510c46535a82282fd70196afe2e571/screenshot - {}
RESULT: {"script":"<script> [1562 bytes]","args":[{"selector":{"id":"application-managepricingrules-display-component---newInfoPriceItem--calcBase-arrow"},"wdio_ui5_key":"applicationmanagepricingrules-display-component---newInfoPriceItem--calcBase-arrow"}]}
RESULT: undefined
COMMAND: POST /session/f2510c46535a82282fd70196afe2e571/element - {"using":"xpath","value":"//*[@id=\"application-managepricingrules-display-component---newInfoPriceItem--calcBase-arrow\"]"}
RESULT: {}
RESULT: {"using":"xpath","value":"//*[@id=\"application-managepricingrules-display-component---newInfoPriceItem--calcBase-arrow\"]"}
COMMAND: POST /session/f2510c46535a82282fd70196afe2e571/element/f.F7DC0DCC1AEA5B11728C456D26A3F950.d.1250A0DBA4E2C1008705CB6605A531F9.e.12752/click - {}
RESULT: {}
COMMAND: GET /session/f2510c46535a82282fd70196afe2e571/screenshot - {}
RESULT: {}
COMMAND: POST /session/f2510c46535a82282fd70196afe2e571/element - {"using":"xpath","value":"//span[contains(text(), \"0007 - PB(work days)\")]"}
RESULT: {"using":"xpath","value":"//span[contains(text(), \"0007 - PB(work days)\")]"}
COMMAND: POST /session/f2510c46535a82282fd70196afe2e571/element/f.F7DC0DCC1AEA5B11728C456D26A3F950.d.1250A0DBA4E2C1008705CB6605A531F9.e.12782/click - {}
RESULT: {}
COMMAND: GET /session/f2510c46535a82282fd70196afe2e571/screenshot - {}
RESULT: {}
COMMAND: POST /session/f2510c46535a82282fd70196afe2e571/execute/async - {"script":"<script> [1562 bytes]","args":[{"selector":{"id":"application-managepricingrules-display-component---newInfoPriceItem--hoursMonth","interaction":{"idSuffix":"inner"}},"wdio_ui5_key":"applicationmanagepricingrules-display-component---newInfoPriceItem--hoursMonth"}]}
RESULT: {"script":"<script> [1562 bytes]","args":[{"selector":{"id":"application-managepricingrules-display-component---newInfoPriceItem--hoursMonth","interaction":{"idSuffix":"inner"}},"wdio_ui5_key":"applicationmanagepricingrules-display-component---newInfoPriceItem--hoursMonth"}]}
RESULT: undefined
COMMAND: POST /session/f2510c46535a82282fd70196afe2e571/execute/async - {"script":"<script> [776 bytes]","args":[{"enterText":"160","selector":{"id":"application-managepricingrules-display-component---newInfoPriceItem--hoursMonth","interaction":{"idSuffix":"inner"}},"clearTextFirst":true,"interactionType":"ENTER_TEXT"}]}
RESULT: {"script":"<script> [776 bytes]","args":[{"enterText":"160","selector":{"id":"application-managepricingrules-display-component---newInfoPriceItem--hoursMonth","interaction":{"idSuffix":"inner"}},"clearTextFirst":true,"interactionType":"ENTER_TEXT"}]}
COMMAND: POST /session/f2510c46535a82282fd70196afe2e571/element - {"using":"xpath","value":"//button[@data-kt=\"saveNewRuleButton\"]"}
RESULT: {"using":"xpath","value":"//button[@data-kt=\"saveNewRuleButton\"]"}
COMMAND: POST /session/f2510c46535a82282fd70196afe2e571/element/f.F7DC0DCC1AEA5B11728C456D26A3F950.d.1250A0DBA4E2C1008705CB6605A531F9.e.12772/click - {}
RESULT: {}
COMMAND: GET /session/f2510c46535a82282fd70196afe2e571/screenshot - {}
RESULT: {}
COMMAND: POST /session/f2510c46535a82282fd70196afe2e571/execute/async - {"script":"<script> [1562 bytes]","args":[{"selector":{"id":"application-managepricingrules-display-component---priceInfoItem--smartFilterBar-btnBasicSearch","interaction":{"idSuffix":"I"}},"wdio_ui5_key":"applicationmanagepricingrules-display-component---priceInfoItem--smartFilterBar-btnBasicSearch"}]}
RESULT: {"script":"<script> [1562 bytes]","args":[{"selector":{"id":"application-managepricingrules-display-component---priceInfoItem--smartFilterBar-btnBasicSearch","interaction":{"idSuffix":"I"}},"wdio_ui5_key":"applicationmanagepricingrules-display-component---priceInfoItem--smartFilterBar-btnBasicSearch"}]}
RESULT: undefined
COMMAND: POST /session/f2510c46535a82282fd70196afe2e571/execute/async - {"script":"<script> [776 bytes]","args":[{"enterText":"EMDdUbVCqM","selector":{"id":"application-managepricingrules-display-component---priceInfoItem--smartFilterBar-btnBasicSearch","interaction":{"idSuffix":"I"}},"clearTextFirst":true,"interactionType":"ENTER_TEXT"}]}
RESULT: {"script":"<script> [776 bytes]","args":[{"enterText":"EMDdUbVCqM","selector":{"id":"application-managepricingrules-display-component---priceInfoItem--smartFilterBar-btnBasicSearch","interaction":{"idSuffix":"I"}},"clearTextFirst":true,"interactionType":"ENTER_TEXT"}]}
COMMAND: POST /session/f2510c46535a82282fd70196afe2e571/actions - {"actions":[{"id":"action50","type":"key","parameters":{},"actions":[{"type":"keyDown","value":""},{"type":"pause","duration":10},{"type":"keyUp","value":""}]}]}
RESULT: {"actions":[{"id":"action50","type":"key","parameters":{},"actions":[{"type":"keyDown","value":""},{"type":"pause","duration":10},{"type":"keyUp","value":""}]}]}
COMMAND: GET /session/f2510c46535a82282fd70196afe2e571/screenshot - {}
RESULT: {}
COMMAND: POST /session/f2510c46535a82282fd70196afe2e571/element - {"using":"xpath","value":"//span[@id=\"application-managepricingrules-display-component---priceInfoItem--smartTable-header-inner\"]"}
RESULT: {"using":"xpath","value":"//span[@id=\"application-managepricingrules-display-component---priceInfoItem--smartTable-header-inner\"]"}
COMMAND: POST /session/f2510c46535a82282fd70196afe2e571/elements - {"using":"xpath","value":"//span[@id=\"application-managepricingrules-display-component---priceInfoItem--smartTable-header-inner\"]"}
RESULT: {"using":"xpath","value":"//span[@id=\"application-managepricingrules-display-component---priceInfoItem--smartTable-header-inner\"]"}
COMMAND: POST /session/f2510c46535a82282fd70196afe2e571/execute/sync - {"script":"<script> [56 bytes]","args":[{"element-6066-11e4-a52e-4f735466cecf":"f.F7DC0DCC1AEA5B11728C456D26A3F950.d.1250A0DBA4E2C1008705CB6605A531F9.e.12796","ELEMENT":"f.F7DC0DCC1AEA5B11728C456D26A3F950.d.1250A0DBA4E2C1008705CB6605A531F9.e.12796"}]}
RESULT: {"script":"<script> [56 bytes]","args":[{"element-6066-11e4-a52e-4f735466cecf":"f.F7DC0DCC1AEA5B11728C456D26A3F950.d.1250A0DBA4E2C1008705CB6605A531F9.e.12796","ELEMENT":"f.F7DC0DCC1AEA5B11728C456D26A3F950.d.1250A0DBA4E2C1008705CB6605A531F9.e.12796"}]}
COMMAND: POST /session/f2510c46535a82282fd70196afe2e571/element - {"using":"css selector","value":"#shell-header-logo"}
COMMAND: GET /session/f2510c46535a82282fd70196afe2e571/screenshot - {}
RESULT: {"using":"css selector","value":"#shell-header-logo"}
COMMAND: POST /session/f2510c46535a82282fd70196afe2e571/element/f.F7DC0DCC1AEA5B11728C456D26A3F950.d.1250A0DBA4E2C1008705CB6605A531F9.e.11899/click - {}
RESULT: {}
RESULT: {}
COMMAND: GET /session/f2510c46535a82282fd70196afe2e571/screenshot - {}
RESULT: {}
]]></system-out>
    </testcase>
    <testcase classname="chrome.136_0_7103_93.windows.Performance_based_billing_(work_days)_US139742" name="Should create a performance based billing condition on the equipment" time="64.305">
      <system-out><![CDATA[
COMMAND: POST /session/f2510c46535a82282fd70196afe2e571/execute/async - {"script":"<script> [1562 bytes]","args":[{"selector":{"controlType":"sap.m.GenericTile","properties":{"header":"Manage Conditions & Prices"}},"wdio_ui5_key":"sapm.GenericTile{\"header\":\"Manage Conditions & Prices\"}"}]}
RESULT: {"script":"<script> [1562 bytes]","args":[{"selector":{"controlType":"sap.m.GenericTile","properties":{"header":"Manage Conditions & Prices"}},"wdio_ui5_key":"sapm.GenericTile{\"header\":\"Manage Conditions & Prices\"}"}]}
RESULT: undefined
COMMAND: POST /session/f2510c46535a82282fd70196afe2e571/element - {"using":"xpath","value":"//*[@id=\"__tile53\"]"}
RESULT: {"using":"xpath","value":"//*[@id=\"__tile53\"]"}
COMMAND: POST /session/f2510c46535a82282fd70196afe2e571/element/f.F7DC0DCC1AEA5B11728C456D26A3F950.d.1250A0DBA4E2C1008705CB6605A531F9.e.11846/click - {}
RESULT: {}
COMMAND: GET /session/f2510c46535a82282fd70196afe2e571/screenshot - {}
RESULT: {}
COMMAND: POST /session/f2510c46535a82282fd70196afe2e571/elements - {"using":"xpath","value":"//span[text()='Error']"}
RESULT: {"using":"xpath","value":"//span[text()='Error']"}
COMMAND: POST /session/f2510c46535a82282fd70196afe2e571/element - {"using":"xpath","value":"//button[@aria-label=\"Create\"]"}
RESULT: {"using":"xpath","value":"//button[@aria-label=\"Create\"]"}
COMMAND: POST /session/f2510c46535a82282fd70196afe2e571/elements - {"using":"xpath","value":"//button[@aria-label=\"Create\"]"}
RESULT: {"using":"xpath","value":"//button[@aria-label=\"Create\"]"}
COMMAND: POST /session/f2510c46535a82282fd70196afe2e571/execute/sync - {"script":"<script> [8489 bytes]","args":[{"element-6066-11e4-a52e-4f735466cecf":"f.F7DC0DCC1AEA5B11728C456D26A3F950.d.1250A0DBA4E2C1008705CB6605A531F9.e.12831","ELEMENT":"f.F7DC0DCC1AEA5B11728C456D26A3F950.d.1250A0DBA4E2C1008705CB6605A531F9.e.12831"}]}
RESULT: {"script":"<script> [8489 bytes]","args":[{"element-6066-11e4-a52e-4f735466cecf":"f.F7DC0DCC1AEA5B11728C456D26A3F950.d.1250A0DBA4E2C1008705CB6605A531F9.e.12831","ELEMENT":"f.F7DC0DCC1AEA5B11728C456D26A3F950.d.1250A0DBA4E2C1008705CB6605A531F9.e.12831"}]}
COMMAND: GET /session/f2510c46535a82282fd70196afe2e571/element/f.F7DC0DCC1AEA5B11728C456D26A3F950.d.1250A0DBA4E2C1008705CB6605A531F9.e.12831/enabled - {}
COMMAND: GET /session/f2510c46535a82282fd70196afe2e571/screenshot - {}
RESULT: {}
COMMAND: POST /session/f2510c46535a82282fd70196afe2e571/execute/sync - {"script":"<script> [8489 bytes]","args":[{"element-6066-11e4-a52e-4f735466cecf":"f.F7DC0DCC1AEA5B11728C456D26A3F950.d.1250A0DBA4E2C1008705CB6605A531F9.e.12831","ELEMENT":"f.F7DC0DCC1AEA5B11728C456D26A3F950.d.1250A0DBA4E2C1008705CB6605A531F9.e.12831"}]}
COMMAND: GET /session/f2510c46535a82282fd70196afe2e571/screenshot - {}
RESULT: {}
RESULT: {"script":"<script> [8489 bytes]","args":[{"element-6066-11e4-a52e-4f735466cecf":"f.F7DC0DCC1AEA5B11728C456D26A3F950.d.1250A0DBA4E2C1008705CB6605A531F9.e.12831","ELEMENT":"f.F7DC0DCC1AEA5B11728C456D26A3F950.d.1250A0DBA4E2C1008705CB6605A531F9.e.12831"}]}
COMMAND: POST /session/f2510c46535a82282fd70196afe2e571/execute/sync - {"script":"<script> [5351 bytes]","args":[{"element-6066-11e4-a52e-4f735466cecf":"f.F7DC0DCC1AEA5B11728C456D26A3F950.d.1250A0DBA4E2C1008705CB6605A531F9.e.12831","ELEMENT":"f.F7DC0DCC1AEA5B11728C456D26A3F950.d.1250A0DBA4E2C1008705CB6605A531F9.e.12831"}]}
COMMAND: GET /session/f2510c46535a82282fd70196afe2e571/screenshot - {}
RESULT: {}
RESULT: {"script":"<script> [5351 bytes]","args":[{"element-6066-11e4-a52e-4f735466cecf":"f.F7DC0DCC1AEA5B11728C456D26A3F950.d.1250A0DBA4E2C1008705CB6605A531F9.e.12831","ELEMENT":"f.F7DC0DCC1AEA5B11728C456D26A3F950.d.1250A0DBA4E2C1008705CB6605A531F9.e.12831"}]}
COMMAND: POST /session/f2510c46535a82282fd70196afe2e571/element/f.F7DC0DCC1AEA5B11728C456D26A3F950.d.1250A0DBA4E2C1008705CB6605A531F9.e.12831/click - {}
COMMAND: GET /session/f2510c46535a82282fd70196afe2e571/screenshot - {}
RESULT: {}
RESULT: {}
COMMAND: GET /session/f2510c46535a82282fd70196afe2e571/screenshot - {}
RESULT: {}
RESULT: {}
COMMAND: POST /session/f2510c46535a82282fd70196afe2e571/actions - {"actions":[{"id":"action51","type":"key","parameters":{},"actions":[{"type":"keyDown","value":""},{"type":"pause","duration":10},{"type":"keyUp","value":""}]}]}
RESULT: {"actions":[{"id":"action51","type":"key","parameters":{},"actions":[{"type":"keyDown","value":""},{"type":"pause","duration":10},{"type":"keyUp","value":""}]}]}
COMMAND: GET /session/f2510c46535a82282fd70196afe2e571/screenshot - {}
RESULT: {}
COMMAND: POST /session/f2510c46535a82282fd70196afe2e571/execute/async - {"script":"<script> [1562 bytes]","args":[{"selector":{"id":"application-manageconditionprice-display-component---newCondition--condBillCond-arrow"},"wdio_ui5_key":"applicationmanageconditionprice-display-component---newCondition--condBillCond-arrow"}]}
RESULT: {"script":"<script> [1562 bytes]","args":[{"selector":{"id":"application-manageconditionprice-display-component---newCondition--condBillCond-arrow"},"wdio_ui5_key":"applicationmanageconditionprice-display-component---newCondition--condBillCond-arrow"}]}
RESULT: undefined
COMMAND: POST /session/f2510c46535a82282fd70196afe2e571/element - {"using":"xpath","value":"//*[@id=\"application-manageconditionprice-display-component---newCondition--condBillCond-arrow\"]"}
RESULT: {"using":"xpath","value":"//*[@id=\"application-manageconditionprice-display-component---newCondition--condBillCond-arrow\"]"}
COMMAND: POST /session/f2510c46535a82282fd70196afe2e571/element/f.F7DC0DCC1AEA5B11728C456D26A3F950.d.1250A0DBA4E2C1008705CB6605A531F9.e.13011/click - {}
RESULT: {}
COMMAND: GET /session/f2510c46535a82282fd70196afe2e571/screenshot - {}
RESULT: {}
COMMAND: POST /session/f2510c46535a82282fd70196afe2e571/element - {"using":"xpath","value":"//li[.//span[contains(text(), \"PC06 - Performance Price - fuel\")]]"}
RESULT: {"using":"xpath","value":"//li[.//span[contains(text(), \"PC06 - Performance Price - fuel\")]]"}
COMMAND: POST /session/f2510c46535a82282fd70196afe2e571/element/f.F7DC0DCC1AEA5B11728C456D26A3F950.d.1250A0DBA4E2C1008705CB6605A531F9.e.13014/click - {}
RESULT: {}
COMMAND: GET /session/f2510c46535a82282fd70196afe2e571/screenshot - {}
RESULT: {}
COMMAND: POST /session/f2510c46535a82282fd70196afe2e571/execute/async - {"script":"<script> [1562 bytes]","args":[{"selector":{"id":"application-manageconditionprice-display-component---newCondition--condValidTo","interaction":{"idSuffix":"inner"}},"wdio_ui5_key":"applicationmanageconditionprice-display-component---newCondition--condValidTo"}]}
RESULT: {"script":"<script> [1562 bytes]","args":[{"selector":{"id":"application-manageconditionprice-display-component---newCondition--condValidTo","interaction":{"idSuffix":"inner"}},"wdio_ui5_key":"applicationmanageconditionprice-display-component---newCondition--condValidTo"}]}
RESULT: undefined
COMMAND: POST /session/f2510c46535a82282fd70196afe2e571/execute/async - {"script":"<script> [776 bytes]","args":[{"enterText":"1/31/26","selector":{"id":"application-manageconditionprice-display-component---newCondition--condValidTo","interaction":{"idSuffix":"inner"}},"clearTextFirst":true,"interactionType":"ENTER_TEXT"}]}
RESULT: {"script":"<script> [776 bytes]","args":[{"enterText":"1/31/26","selector":{"id":"application-manageconditionprice-display-component---newCondition--condValidTo","interaction":{"idSuffix":"inner"}},"clearTextFirst":true,"interactionType":"ENTER_TEXT"}]}
COMMAND: POST /session/f2510c46535a82282fd70196afe2e571/element - {"using":"xpath","value":"//input[@id=\"application-manageconditionprice-display-component---newCondition--condRU-inner\"]"}
RESULT: {"using":"xpath","value":"//input[@id=\"application-manageconditionprice-display-component---newCondition--condRU-inner\"]"}
COMMAND: POST /session/f2510c46535a82282fd70196afe2e571/element/f.F7DC0DCC1AEA5B11728C456D26A3F950.d.1250A0DBA4E2C1008705CB6605A531F9.e.12847/clear - {}
RESULT: {}
COMMAND: POST /session/f2510c46535a82282fd70196afe2e571/element/f.F7DC0DCC1AEA5B11728C456D26A3F950.d.1250A0DBA4E2C1008705CB6605A531F9.e.12847/value - {"text":"EMDdUbVCqM"}
COMMAND: GET /session/f2510c46535a82282fd70196afe2e571/screenshot - {}
RESULT: {"text":"EMDdUbVCqM"}
COMMAND: GET /session/f2510c46535a82282fd70196afe2e571/screenshot - {}
RESULT: {}
RESULT: {}
COMMAND: POST /session/f2510c46535a82282fd70196afe2e571/actions - {"actions":[{"id":"action52","type":"key","parameters":{},"actions":[{"type":"keyDown","value":""},{"type":"pause","duration":10},{"type":"keyUp","value":""}]}]}
RESULT: {"actions":[{"id":"action52","type":"key","parameters":{},"actions":[{"type":"keyDown","value":""},{"type":"pause","duration":10},{"type":"keyUp","value":""}]}]}
COMMAND: POST /session/f2510c46535a82282fd70196afe2e571/execute/async - {"script":"<script> [1562 bytes]","args":[{"selector":{"id":"application-manageconditionprice-display-component---newCondition--condBaseQty","interaction":{"idSuffix":"inner"}},"wdio_ui5_key":"applicationmanageconditionprice-display-component---newCondition--condBaseQty"}]}
COMMAND: GET /session/f2510c46535a82282fd70196afe2e571/screenshot - {}
RESULT: {"script":"<script> [1562 bytes]","args":[{"selector":{"id":"application-manageconditionprice-display-component---newCondition--condBaseQty","interaction":{"idSuffix":"inner"}},"wdio_ui5_key":"applicationmanageconditionprice-display-component---newCondition--condBaseQty"}]}
RESULT: undefined
COMMAND: POST /session/f2510c46535a82282fd70196afe2e571/execute/async - {"script":"<script> [776 bytes]","args":[{"enterText":"1","selector":{"id":"application-manageconditionprice-display-component---newCondition--condBaseQty","interaction":{"idSuffix":"inner"}},"clearTextFirst":true,"interactionType":"ENTER_TEXT"}]}
RESULT: {}
RESULT: {"script":"<script> [776 bytes]","args":[{"enterText":"1","selector":{"id":"application-manageconditionprice-display-component---newCondition--condBaseQty","interaction":{"idSuffix":"inner"}},"clearTextFirst":true,"interactionType":"ENTER_TEXT"}]}
COMMAND: POST /session/f2510c46535a82282fd70196afe2e571/execute/async - {"script":"<script> [1562 bytes]","args":[{"selector":{"id":"application-manageconditionprice-display-component---newCondition--condValue","interaction":{"idSuffix":"inner"}},"wdio_ui5_key":"applicationmanageconditionprice-display-component---newCondition--condValue"}]}
RESULT: {"script":"<script> [1562 bytes]","args":[{"selector":{"id":"application-manageconditionprice-display-component---newCondition--condValue","interaction":{"idSuffix":"inner"}},"wdio_ui5_key":"applicationmanageconditionprice-display-component---newCondition--condValue"}]}
RESULT: undefined
COMMAND: POST /session/f2510c46535a82282fd70196afe2e571/execute/async - {"script":"<script> [776 bytes]","args":[{"enterText":"10","selector":{"id":"application-manageconditionprice-display-component---newCondition--condValue","interaction":{"idSuffix":"inner"}},"clearTextFirst":true,"interactionType":"ENTER_TEXT"}]}
RESULT: {"script":"<script> [776 bytes]","args":[{"enterText":"10","selector":{"id":"application-manageconditionprice-display-component---newCondition--condValue","interaction":{"idSuffix":"inner"}},"clearTextFirst":true,"interactionType":"ENTER_TEXT"}]}
COMMAND: POST /session/f2510c46535a82282fd70196afe2e571/execute/async - {"script":"<script> [1562 bytes]","args":[{"selector":{"id":"application-manageconditionprice-display-component---newCondition--condCurr-arrow"},"wdio_ui5_key":"applicationmanageconditionprice-display-component---newCondition--condCurr-arrow"}]}
RESULT: {"script":"<script> [1562 bytes]","args":[{"selector":{"id":"application-manageconditionprice-display-component---newCondition--condCurr-arrow"},"wdio_ui5_key":"applicationmanageconditionprice-display-component---newCondition--condCurr-arrow"}]}
RESULT: undefined
COMMAND: POST /session/f2510c46535a82282fd70196afe2e571/element - {"using":"xpath","value":"//*[@id=\"application-manageconditionprice-display-component---newCondition--condCurr-arrow\"]"}
RESULT: {"using":"xpath","value":"//*[@id=\"application-manageconditionprice-display-component---newCondition--condCurr-arrow\"]"}
COMMAND: POST /session/f2510c46535a82282fd70196afe2e571/element/f.F7DC0DCC1AEA5B11728C456D26A3F950.d.1250A0DBA4E2C1008705CB6605A531F9.e.12992/click - {}
RESULT: {}
COMMAND: POST /session/f2510c46535a82282fd70196afe2e571/element - {"using":"xpath","value":"//span[contains(text(), \"Euro\")]"}
COMMAND: GET /session/f2510c46535a82282fd70196afe2e571/screenshot - {}
RESULT: {"using":"xpath","value":"//span[contains(text(), \"Euro\")]"}
COMMAND: POST /session/f2510c46535a82282fd70196afe2e571/element/f.F7DC0DCC1AEA5B11728C456D26A3F950.d.1250A0DBA4E2C1008705CB6605A531F9.e.13051/click - {}
RESULT: {}
RESULT: {}
COMMAND: POST /session/f2510c46535a82282fd70196afe2e571/element - {"using":"xpath","value":"//button[@data-kt=\"saveButton\"]"}
COMMAND: GET /session/f2510c46535a82282fd70196afe2e571/screenshot - {}
RESULT: {"using":"xpath","value":"//button[@data-kt=\"saveButton\"]"}
COMMAND: POST /session/f2510c46535a82282fd70196afe2e571/element/f.F7DC0DCC1AEA5B11728C456D26A3F950.d.1250A0DBA4E2C1008705CB6605A531F9.e.12993/click - {}
RESULT: {}
RESULT: {}
COMMAND: GET /session/f2510c46535a82282fd70196afe2e571/screenshot - {}
RESULT: {}
COMMAND: POST /session/f2510c46535a82282fd70196afe2e571/execute/async - {"script":"<script> [1562 bytes]","args":[{"selector":{"id":"application-manageconditionprice-display-component---conditions--smartFilterBar-btnBasicSearch","interaction":{"idSuffix":"I"}},"wdio_ui5_key":"applicationmanageconditionprice-display-component---conditions--smartFilterBar-btnBasicSearch"}]}
RESULT: {"script":"<script> [1562 bytes]","args":[{"selector":{"id":"application-manageconditionprice-display-component---conditions--smartFilterBar-btnBasicSearch","interaction":{"idSuffix":"I"}},"wdio_ui5_key":"applicationmanageconditionprice-display-component---conditions--smartFilterBar-btnBasicSearch"}]}
RESULT: undefined
COMMAND: POST /session/f2510c46535a82282fd70196afe2e571/execute/async - {"script":"<script> [776 bytes]","args":[{"enterText":"EMDdUbVCqM","selector":{"id":"application-manageconditionprice-display-component---conditions--smartFilterBar-btnBasicSearch","interaction":{"idSuffix":"I"}},"clearTextFirst":true,"interactionType":"ENTER_TEXT"}]}
RESULT: {"script":"<script> [776 bytes]","args":[{"enterText":"EMDdUbVCqM","selector":{"id":"application-manageconditionprice-display-component---conditions--smartFilterBar-btnBasicSearch","interaction":{"idSuffix":"I"}},"clearTextFirst":true,"interactionType":"ENTER_TEXT"}]}
COMMAND: POST /session/f2510c46535a82282fd70196afe2e571/actions - {"actions":[{"id":"action53","type":"key","parameters":{},"actions":[{"type":"keyDown","value":""},{"type":"pause","duration":10},{"type":"keyUp","value":""}]}]}
RESULT: {"actions":[{"id":"action53","type":"key","parameters":{},"actions":[{"type":"keyDown","value":""},{"type":"pause","duration":10},{"type":"keyUp","value":""}]}]}
COMMAND: GET /session/f2510c46535a82282fd70196afe2e571/screenshot - {}
RESULT: {}
COMMAND: POST /session/f2510c46535a82282fd70196afe2e571/execute/async - {"script":"<script> [1562 bytes]","args":[{"selector":{"id":"application-manageconditionprice-display-component---conditions--smartFilterBar-filterItemControl_BASIC-BILL_TYPES-vhi"},"wdio_ui5_key":"applicationmanageconditionprice-display-component---conditions--smartFilterBar-filterItemControl_BASIC-BILL_TYPES-vhi"}]}
RESULT: {"script":"<script> [1562 bytes]","args":[{"selector":{"id":"application-manageconditionprice-display-component---conditions--smartFilterBar-filterItemControl_BASIC-BILL_TYPES-vhi"},"wdio_ui5_key":"applicationmanageconditionprice-display-component---conditions--smartFilterBar-filterItemControl_BASIC-BILL_TYPES-vhi"}]}
RESULT: undefined
COMMAND: POST /session/f2510c46535a82282fd70196afe2e571/element - {"using":"xpath","value":"//*[@id=\"application-manageconditionprice-display-component---conditions--smartFilterBar-filterItemControl_BASIC-BILL_TYPES-vhi\"]"}
RESULT: {"using":"xpath","value":"//*[@id=\"application-manageconditionprice-display-component---conditions--smartFilterBar-filterItemControl_BASIC-BILL_TYPES-vhi\"]"}
COMMAND: POST /session/f2510c46535a82282fd70196afe2e571/element/f.F7DC0DCC1AEA5B11728C456D26A3F950.d.1250A0DBA4E2C1008705CB6605A531F9.e.13146/click - {}
RESULT: {}
COMMAND: POST /session/f2510c46535a82282fd70196afe2e571/execute/async - {"script":"<script> [1562 bytes]","args":[{"selector":{"id":"application-manageconditionprice-display-component---conditions--smartFilterBar-filterItemControl_BASIC-BILL_TYPES-valueHelpDialog-smartFilterBar-btnBasicSearch","searchOpenDialogs":true,"interaction":{"idSuffix":"I"}},"wdio_ui5_key":"applicationmanageconditionprice-display-component---conditions--smartFilterBar-filterItemControl_BASIC-BILL_TYPES-valueHelpDialog-smartFilterBar-btnBasicSearch"}]}
COMMAND: GET /session/f2510c46535a82282fd70196afe2e571/screenshot - {}
RESULT: {"script":"<script> [1562 bytes]","args":[{"selector":{"id":"application-manageconditionprice-display-component---conditions--smartFilterBar-filterItemControl_BASIC-BILL_TYPES-valueHelpDialog-smartFilterBar-btnBasicSearch","searchOpenDialogs":true,"interaction":{"idSuffix":"I"}},"wdio_ui5_key":"applicationmanageconditionprice-display-component---conditions--smartFilterBar-filterItemControl_BASIC-BILL_TYPES-valueHelpDialog-smartFilterBar-btnBasicSearch"}]}
RESULT: undefined
COMMAND: POST /session/f2510c46535a82282fd70196afe2e571/execute/async - {"script":"<script> [776 bytes]","args":[{"enterText":"PB","selector":{"id":"application-manageconditionprice-display-component---conditions--smartFilterBar-filterItemControl_BASIC-BILL_TYPES-valueHelpDialog-smartFilterBar-btnBasicSearch","searchOpenDialogs":true,"interaction":{"idSuffix":"I"}},"clearTextFirst":true,"interactionType":"ENTER_TEXT"}]}
RESULT: {}
RESULT: {"script":"<script> [776 bytes]","args":[{"enterText":"PB","selector":{"id":"application-manageconditionprice-display-component---conditions--smartFilterBar-filterItemControl_BASIC-BILL_TYPES-valueHelpDialog-smartFilterBar-btnBasicSearch","searchOpenDialogs":true,"interaction":{"idSuffix":"I"}},"clearTextFirst":true,"interactionType":"ENTER_TEXT"}]}
COMMAND: POST /session/f2510c46535a82282fd70196afe2e571/actions - {"actions":[{"id":"action54","type":"key","parameters":{},"actions":[{"type":"keyDown","value":""},{"type":"pause","duration":10},{"type":"keyUp","value":""}]}]}
RESULT: {"actions":[{"id":"action54","type":"key","parameters":{},"actions":[{"type":"keyDown","value":""},{"type":"pause","duration":10},{"type":"keyUp","value":""}]}]}
COMMAND: GET /session/f2510c46535a82282fd70196afe2e571/screenshot - {}
RESULT: {}
COMMAND: POST /session/f2510c46535a82282fd70196afe2e571/element - {"using":"xpath","value":"//div[contains(@id, 'application-manageconditionprice-display-component---conditions--smartFilterBar-filterItemControl_BASIC-BILL_TYPES-valueHelpDialog-table-rowsel0')]"}
RESULT: {"using":"xpath","value":"//div[contains(@id, 'application-manageconditionprice-display-component---conditions--smartFilterBar-filterItemControl_BASIC-BILL_TYPES-valueHelpDialog-table-rowsel0')]"}
COMMAND: POST /session/f2510c46535a82282fd70196afe2e571/element/f.F7DC0DCC1AEA5B11728C456D26A3F950.d.1250A0DBA4E2C1008705CB6605A531F9.e.13155/click - {}
RESULT: {}
COMMAND: GET /session/f2510c46535a82282fd70196afe2e571/screenshot - {}
RESULT: {}
COMMAND: POST /session/f2510c46535a82282fd70196afe2e571/element - {"using":"xpath","value":"//bdi[contains(text(), \"OK\")]"}
RESULT: {"using":"xpath","value":"//bdi[contains(text(), \"OK\")]"}
COMMAND: POST /session/f2510c46535a82282fd70196afe2e571/element/f.F7DC0DCC1AEA5B11728C456D26A3F950.d.1250A0DBA4E2C1008705CB6605A531F9.e.13157/click - {}
RESULT: {}
COMMAND: GET /session/f2510c46535a82282fd70196afe2e571/screenshot - {}
RESULT: {}
COMMAND: POST /session/f2510c46535a82282fd70196afe2e571/element - {"using":"xpath","value":"//span[@id=\"application-manageconditionprice-display-component---conditions--smartTable-header-inner\"]"}
RESULT: {"using":"xpath","value":"//span[@id=\"application-manageconditionprice-display-component---conditions--smartTable-header-inner\"]"}
COMMAND: POST /session/f2510c46535a82282fd70196afe2e571/elements - {"using":"xpath","value":"//span[@id=\"application-manageconditionprice-display-component---conditions--smartTable-header-inner\"]"}
RESULT: {"using":"xpath","value":"//span[@id=\"application-manageconditionprice-display-component---conditions--smartTable-header-inner\"]"}
COMMAND: POST /session/f2510c46535a82282fd70196afe2e571/execute/sync - {"script":"<script> [56 bytes]","args":[{"element-6066-11e4-a52e-4f735466cecf":"f.F7DC0DCC1AEA5B11728C456D26A3F950.d.1250A0DBA4E2C1008705CB6605A531F9.e.13160","ELEMENT":"f.F7DC0DCC1AEA5B11728C456D26A3F950.d.1250A0DBA4E2C1008705CB6605A531F9.e.13160"}]}
RESULT: {"script":"<script> [56 bytes]","args":[{"element-6066-11e4-a52e-4f735466cecf":"f.F7DC0DCC1AEA5B11728C456D26A3F950.d.1250A0DBA4E2C1008705CB6605A531F9.e.13160","ELEMENT":"f.F7DC0DCC1AEA5B11728C456D26A3F950.d.1250A0DBA4E2C1008705CB6605A531F9.e.13160"}]}
COMMAND: POST /session/f2510c46535a82282fd70196afe2e571/element - {"using":"css selector","value":"#shell-header-logo"}
COMMAND: GET /session/f2510c46535a82282fd70196afe2e571/screenshot - {}
RESULT: {"using":"css selector","value":"#shell-header-logo"}
COMMAND: POST /session/f2510c46535a82282fd70196afe2e571/element/f.F7DC0DCC1AEA5B11728C456D26A3F950.d.1250A0DBA4E2C1008705CB6605A531F9.e.12799/click - {}
RESULT: {}
RESULT: {}
COMMAND: GET /session/f2510c46535a82282fd70196afe2e571/screenshot - {}
RESULT: {}
]]></system-out>
    </testcase>
    <testcase classname="chrome.136_0_7103_93.windows.Performance_based_billing_(work_days)_US139742" name="Should add a counter to the equipment" time="51.033">
      <system-out><![CDATA[
RESULT: undefined
COMMAND: POST /session/f2510c46535a82282fd70196afe2e571/element - {"using":"xpath","value":"//*[@id=\"__tile39\"]"}
RESULT: {"using":"xpath","value":"//*[@id=\"__tile39\"]"}
COMMAND: POST /session/f2510c46535a82282fd70196afe2e571/element/f.F7DC0DCC1AEA5B11728C456D26A3F950.d.1250A0DBA4E2C1008705CB6605A531F9.e.11799/click - {}
RESULT: {}
COMMAND: GET /session/f2510c46535a82282fd70196afe2e571/screenshot - {}
RESULT: {}
COMMAND: POST /session/f2510c46535a82282fd70196afe2e571/elements - {"using":"xpath","value":"//span[text()='Error']"}
RESULT: {"using":"xpath","value":"//span[text()='Error']"}
COMMAND: POST /session/f2510c46535a82282fd70196afe2e571/execute/async - {"script":"<script> [1562 bytes]","args":[{"selector":{"id":"application-manageresources-display-component---masterRU--smartFilterBar-btnBasicSearch","interaction":{"idSuffix":"I"}},"wdio_ui5_key":"applicationmanageresources-display-component---masterRU--smartFilterBar-btnBasicSearch"}]}
RESULT: {"script":"<script> [1562 bytes]","args":[{"selector":{"id":"application-manageresources-display-component---masterRU--smartFilterBar-btnBasicSearch","interaction":{"idSuffix":"I"}},"wdio_ui5_key":"applicationmanageresources-display-component---masterRU--smartFilterBar-btnBasicSearch"}]}
RESULT: undefined
COMMAND: POST /session/f2510c46535a82282fd70196afe2e571/execute/async - {"script":"<script> [776 bytes]","args":[{"enterText":"EMDdUbVCqM","selector":{"id":"application-manageresources-display-component---masterRU--smartFilterBar-btnBasicSearch","interaction":{"idSuffix":"I"}},"clearTextFirst":true,"interactionType":"ENTER_TEXT"}]}
RESULT: {"script":"<script> [776 bytes]","args":[{"enterText":"EMDdUbVCqM","selector":{"id":"application-manageresources-display-component---masterRU--smartFilterBar-btnBasicSearch","interaction":{"idSuffix":"I"}},"clearTextFirst":true,"interactionType":"ENTER_TEXT"}]}
COMMAND: POST /session/f2510c46535a82282fd70196afe2e571/actions - {"actions":[{"id":"action55","type":"key","parameters":{},"actions":[{"type":"keyDown","value":""},{"type":"pause","duration":10},{"type":"keyUp","value":""}]}]}
RESULT: {"actions":[{"id":"action55","type":"key","parameters":{},"actions":[{"type":"keyDown","value":""},{"type":"pause","duration":10},{"type":"keyUp","value":""}]}]}
COMMAND: GET /session/f2510c46535a82282fd70196afe2e571/screenshot - {}
RESULT: {}
COMMAND: POST /session/f2510c46535a82282fd70196afe2e571/execute/async - {"script":"<script> [1562 bytes]","args":[{"selector":{"id":"application-manageresources-display-component---masterRU--smartTable-header"},"wdio_ui5_key":"applicationmanageresources-display-component---masterRU--smartTable-header"}]}
RESULT: {"script":"<script> [1562 bytes]","args":[{"selector":{"id":"application-manageresources-display-component---masterRU--smartTable-header"},"wdio_ui5_key":"applicationmanageresources-display-component---masterRU--smartTable-header"}]}
RESULT: undefined
COMMAND: POST /session/f2510c46535a82282fd70196afe2e571/execute/async - {"script":"<script> [6424 bytes]","args":[{"element-6066-11e4-a52e-4f735466cecf":"f.F7DC0DCC1AEA5B11728C456D26A3F950.d.1250A0DBA4E2C1008705CB6605A531F9.e.13348"},"getText",[]]}
RESULT: {"script":"<script> [6424 bytes]","args":[{"element-6066-11e4-a52e-4f735466cecf":"f.F7DC0DCC1AEA5B11728C456D26A3F950.d.1250A0DBA4E2C1008705CB6605A531F9.e.13348"},"getText",[]]}
COMMAND: POST /session/f2510c46535a82282fd70196afe2e571/execute/async - {"script":"<script> [1562 bytes]","args":[{"selector":{"controlType":"sap.ui.core.Icon","viewName":"etm.portal.ui.manageresources.view.Master","viewId":"application-manageresources-display-component---masterRU","properties":{"src":{"regex":{"source":"slim\\-arrow\\-right"}}}},"wdio_ui5_key":"etmportal.ui.manageresources.view.Mastersap.ui.core.Icon{\"src\":{\"regex\":{\"source\":\"slim\\\\-arrow\\\\-right\"}}}"}]}
RESULT: {"script":"<script> [1562 bytes]","args":[{"selector":{"controlType":"sap.ui.core.Icon","viewName":"etm.portal.ui.manageresources.view.Master","viewId":"application-manageresources-display-component---masterRU","properties":{"src":{"regex":{"source":"slim\\-arrow\\-right"}}}},"wdio_ui5_key":"etmportal.ui.manageresources.view.Mastersap.ui.core.Icon{\"src\":{\"regex\":{\"source\":\"slim\\\\-arrow\\\\-right\"}}}"}]}
RESULT: undefined
COMMAND: POST /session/f2510c46535a82282fd70196afe2e571/element - {"using":"xpath","value":"//*[@id=\"__item1206-__clone2949-imgNav\"]"}
RESULT: {"using":"xpath","value":"//*[@id=\"__item1206-__clone2949-imgNav\"]"}
COMMAND: POST /session/f2510c46535a82282fd70196afe2e571/element/f.F7DC0DCC1AEA5B11728C456D26A3F950.d.1250A0DBA4E2C1008705CB6605A531F9.e.13345/click - {}
RESULT: {}
COMMAND: GET /session/f2510c46535a82282fd70196afe2e571/screenshot - {}
RESULT: {}
COMMAND: POST /session/f2510c46535a82282fd70196afe2e571/element - {"using":"xpath","value":"//bdi[contains(text(), \"Edit\")]"}
RESULT: {"using":"xpath","value":"//bdi[contains(text(), \"Edit\")]"}
COMMAND: POST /session/f2510c46535a82282fd70196afe2e571/execute/sync - {"script":"<script> [8489 bytes]","args":[{"element-6066-11e4-a52e-4f735466cecf":"f.F7DC0DCC1AEA5B11728C456D26A3F950.d.1250A0DBA4E2C1008705CB6605A531F9.e.13521","ELEMENT":"f.F7DC0DCC1AEA5B11728C456D26A3F950.d.1250A0DBA4E2C1008705CB6605A531F9.e.13521"}]}
RESULT: {"script":"<script> [8489 bytes]","args":[{"element-6066-11e4-a52e-4f735466cecf":"f.F7DC0DCC1AEA5B11728C456D26A3F950.d.1250A0DBA4E2C1008705CB6605A531F9.e.13521","ELEMENT":"f.F7DC0DCC1AEA5B11728C456D26A3F950.d.1250A0DBA4E2C1008705CB6605A531F9.e.13521"}]}
COMMAND: POST /session/f2510c46535a82282fd70196afe2e571/element/f.F7DC0DCC1AEA5B11728C456D26A3F950.d.1250A0DBA4E2C1008705CB6605A531F9.e.13521/click - {}
COMMAND: GET /session/f2510c46535a82282fd70196afe2e571/screenshot - {}
RESULT: {}
COMMAND: GET /session/f2510c46535a82282fd70196afe2e571/screenshot - {}
RESULT: {}
RESULT: {}
COMMAND: POST /session/f2510c46535a82282fd70196afe2e571/execute/async - {"script":"<script> [1562 bytes]","args":[{"selector":{"id":"application-manageresources-display-component---editResource--editRruPage-anchBar-application-manageresources-display-component---editResource--counters-anchor","interaction":{"idSuffix":"BDI-content"}},"wdio_ui5_key":"applicationmanageresources-display-component---editResource--editRruPage-anchBar-application-manageresources-display-component---editResource--counters-anchor"}]}
RESULT: {"script":"<script> [1562 bytes]","args":[{"selector":{"id":"application-manageresources-display-component---editResource--editRruPage-anchBar-application-manageresources-display-component---editResource--counters-anchor","interaction":{"idSuffix":"BDI-content"}},"wdio_ui5_key":"applicationmanageresources-display-component---editResource--editRruPage-anchBar-application-manageresources-display-component---editResource--counters-anchor"}]}
RESULT: undefined
COMMAND: POST /session/f2510c46535a82282fd70196afe2e571/element - {"using":"xpath","value":"//*[@id=\"application-manageresources-display-component---editResource--editRruPage-anchBar-application-manageresources-display-component---editResource--counters-anchor\"]"}
RESULT: {"using":"xpath","value":"//*[@id=\"application-manageresources-display-component---editResource--editRruPage-anchBar-application-manageresources-display-component---editResource--counters-anchor\"]"}
COMMAND: POST /session/f2510c46535a82282fd70196afe2e571/element/f.F7DC0DCC1AEA5B11728C456D26A3F950.d.1250A0DBA4E2C1008705CB6605A531F9.e.13715/click - {}
RESULT: {}
COMMAND: GET /session/f2510c46535a82282fd70196afe2e571/screenshot - {}
RESULT: {}
COMMAND: POST /session/f2510c46535a82282fd70196afe2e571/execute/async - {"script":"<script> [1562 bytes]","args":[{"selector":{"id":"application-manageresources-display-component---editResource--btnAddCounter-img"},"wdio_ui5_key":"applicationmanageresources-display-component---editResource--btnAddCounter-img"}]}
RESULT: {"script":"<script> [1562 bytes]","args":[{"selector":{"id":"application-manageresources-display-component---editResource--btnAddCounter-img"},"wdio_ui5_key":"applicationmanageresources-display-component---editResource--btnAddCounter-img"}]}
RESULT: undefined
COMMAND: POST /session/f2510c46535a82282fd70196afe2e571/element - {"using":"xpath","value":"//*[@id=\"application-manageresources-display-component---editResource--btnAddCounter-img\"]"}
RESULT: {"using":"xpath","value":"//*[@id=\"application-manageresources-display-component---editResource--btnAddCounter-img\"]"}
COMMAND: POST /session/f2510c46535a82282fd70196afe2e571/element/f.F7DC0DCC1AEA5B11728C456D26A3F950.d.1250A0DBA4E2C1008705CB6605A531F9.e.13720/click - {}
RESULT: {}
COMMAND: POST /session/f2510c46535a82282fd70196afe2e571/execute/async - {"script":"<script> [1562 bytes]","args":[{"selector":{"id":"application-manageresources-display-component---editResource--COUNTER_ID-application-manageresources-display-component---editResource--RUCounters-0-arrow"},"wdio_ui5_key":"applicationmanageresources-display-component---editResource--COUNTER_ID-application-manageresources-display-component---editResource--RUCounters-0-arrow"}]}
COMMAND: GET /session/f2510c46535a82282fd70196afe2e571/screenshot - {}
RESULT: {"script":"<script> [1562 bytes]","args":[{"selector":{"id":"application-manageresources-display-component---editResource--COUNTER_ID-application-manageresources-display-component---editResource--RUCounters-0-arrow"},"wdio_ui5_key":"applicationmanageresources-display-component---editResource--COUNTER_ID-application-manageresources-display-component---editResource--RUCounters-0-arrow"}]}
RESULT: undefined
COMMAND: POST /session/f2510c46535a82282fd70196afe2e571/element - {"using":"xpath","value":"//*[@id=\"application-manageresources-display-component---editResource--COUNTER_ID-application-manageresources-display-component---editResource--RUCounters-0-arrow\"]"}
RESULT: {}
RESULT: {"using":"xpath","value":"//*[@id=\"application-manageresources-display-component---editResource--COUNTER_ID-application-manageresources-display-component---editResource--RUCounters-0-arrow\"]"}
COMMAND: POST /session/f2510c46535a82282fd70196afe2e571/element/f.F7DC0DCC1AEA5B11728C456D26A3F950.d.1250A0DBA4E2C1008705CB6605A531F9.e.13733/click - {}
RESULT: {}
COMMAND: POST /session/f2510c46535a82282fd70196afe2e571/execute/async - {"script":"<script> [1562 bytes]","args":[{"selector":{"controlType":"sap.m.StandardListItem","viewName":"etm.portal.ui.manageresources.view.EditResource","viewId":"application-manageresources-display-component---editResource","properties":{"title":"fuel"},"searchOpenDialogs":true,"interaction":{"idSuffix":"content"}},"wdio_ui5_key":"etmportal.ui.manageresources.view.EditResourcesap.m.StandardListItem{\"title\":\"fuel\"}"}]}
COMMAND: GET /session/f2510c46535a82282fd70196afe2e571/screenshot - {}
RESULT: {"script":"<script> [1562 bytes]","args":[{"selector":{"controlType":"sap.m.StandardListItem","viewName":"etm.portal.ui.manageresources.view.EditResource","viewId":"application-manageresources-display-component---editResource","properties":{"title":"fuel"},"searchOpenDialogs":true,"interaction":{"idSuffix":"content"}},"wdio_ui5_key":"etmportal.ui.manageresources.view.EditResourcesap.m.StandardListItem{\"title\":\"fuel\"}"}]}
RESULT: undefined
COMMAND: POST /session/f2510c46535a82282fd70196afe2e571/element - {"using":"xpath","value":"//*[@id=\"__item1546\"]"}
RESULT: {}
RESULT: {"using":"xpath","value":"//*[@id=\"__item1546\"]"}
COMMAND: POST /session/f2510c46535a82282fd70196afe2e571/element/f.F7DC0DCC1AEA5B11728C456D26A3F950.d.1250A0DBA4E2C1008705CB6605A531F9.e.13735/click - {}
RESULT: {}
COMMAND: POST /session/f2510c46535a82282fd70196afe2e571/execute/async - {"script":"<script> [1562 bytes]","args":[{"selector":{"controlType":"sap.m.Button","viewName":"etm.portal.ui.manageresources.view.EditResource","viewId":"application-manageresources-display-component---editResource","i18NText":{"propertyName":"text","key":"save"},"interaction":{"idSuffix":"BDI-content"}},"wdio_ui5_key":"etmportal.ui.manageresources.view.EditResourcesap.m.Button{\"propertyName\":\"text\",\"key\":\"save\"}"}]}
COMMAND: GET /session/f2510c46535a82282fd70196afe2e571/screenshot - {}
RESULT: {"script":"<script> [1562 bytes]","args":[{"selector":{"controlType":"sap.m.Button","viewName":"etm.portal.ui.manageresources.view.EditResource","viewId":"application-manageresources-display-component---editResource","i18NText":{"propertyName":"text","key":"save"},"interaction":{"idSuffix":"BDI-content"}},"wdio_ui5_key":"etmportal.ui.manageresources.view.EditResourcesap.m.Button{\"propertyName\":\"text\",\"key\":\"save\"}"}]}
RESULT: undefined
COMMAND: POST /session/f2510c46535a82282fd70196afe2e571/element - {"using":"xpath","value":"//*[@id=\"__button200\"]"}
RESULT: {}
RESULT: {"using":"xpath","value":"//*[@id=\"__button200\"]"}
COMMAND: POST /session/f2510c46535a82282fd70196afe2e571/element/f.F7DC0DCC1AEA5B11728C456D26A3F950.d.1250A0DBA4E2C1008705CB6605A531F9.e.13737/click - {}
RESULT: {}
COMMAND: GET /session/f2510c46535a82282fd70196afe2e571/screenshot - {}
RESULT: {}
COMMAND: POST /session/f2510c46535a82282fd70196afe2e571/element - {"using":"css selector","value":"#shell-header-logo"}
RESULT: {"using":"css selector","value":"#shell-header-logo"}
COMMAND: POST /session/f2510c46535a82282fd70196afe2e571/element/f.F7DC0DCC1AEA5B11728C456D26A3F950.d.1250A0DBA4E2C1008705CB6605A531F9.e.13165/click - {}
RESULT: {}
COMMAND: GET /session/f2510c46535a82282fd70196afe2e571/screenshot - {}
RESULT: {}
]]></system-out>
    </testcase>
    <testcase classname="chrome.136_0_7103_93.windows.Performance_based_billing_(work_days)_US139742" name="Should do a stock increase on the yard for the equipment" time="90.768">
      <failure/>
      <error message="Can't call click on element with selector &quot;//li[.//span[contains(text(),'532 -')]]&quot; because element wasn't found"/>
      <system-out><![CDATA[
COMMAND: POST /session/f2510c46535a82282fd70196afe2e571/execute/async - {"script":"<script> [1562 bytes]","args":[{"selector":{"controlType":"sap.m.GenericTile","properties":{"header":"Manage Handovers"}},"wdio_ui5_key":"sapm.GenericTile{\"header\":\"Manage Handovers\"}"}]}
RESULT: {"script":"<script> [1562 bytes]","args":[{"selector":{"controlType":"sap.m.GenericTile","properties":{"header":"Manage Handovers"}},"wdio_ui5_key":"sapm.GenericTile{\"header\":\"Manage Handovers\"}"}]}
RESULT: undefined
COMMAND: POST /session/f2510c46535a82282fd70196afe2e571/element - {"using":"xpath","value":"//*[@id=\"__tile130\"]"}
RESULT: {"using":"xpath","value":"//*[@id=\"__tile130\"]"}
COMMAND: POST /session/f2510c46535a82282fd70196afe2e571/element/f.F7DC0DCC1AEA5B11728C456D26A3F950.d.1250A0DBA4E2C1008705CB6605A531F9.e.11875/click - {}
RESULT: {}
COMMAND: GET /session/f2510c46535a82282fd70196afe2e571/screenshot - {}
RESULT: {}
COMMAND: POST /session/f2510c46535a82282fd70196afe2e571/elements - {"using":"xpath","value":"//span[text()='Error']"}
RESULT: {"using":"xpath","value":"//span[text()='Error']"}
COMMAND: POST /session/f2510c46535a82282fd70196afe2e571/element - {"using":"xpath","value":"//button[@data-kt=\"masterHOAddButton\"]"}
RESULT: {"using":"xpath","value":"//button[@data-kt=\"masterHOAddButton\"]"}
COMMAND: POST /session/f2510c46535a82282fd70196afe2e571/elements - {"using":"xpath","value":"//button[@data-kt=\"masterHOAddButton\"]"}
RESULT: {"using":"xpath","value":"//button[@data-kt=\"masterHOAddButton\"]"}
COMMAND: POST /session/f2510c46535a82282fd70196afe2e571/execute/sync - {"script":"<script> [8489 bytes]","args":[{"element-6066-11e4-a52e-4f735466cecf":"f.F7DC0DCC1AEA5B11728C456D26A3F950.d.1250A0DBA4E2C1008705CB6605A531F9.e.13780","ELEMENT":"f.F7DC0DCC1AEA5B11728C456D26A3F950.d.1250A0DBA4E2C1008705CB6605A531F9.e.13780"}]}
RESULT: {"script":"<script> [8489 bytes]","args":[{"element-6066-11e4-a52e-4f735466cecf":"f.F7DC0DCC1AEA5B11728C456D26A3F950.d.1250A0DBA4E2C1008705CB6605A531F9.e.13780","ELEMENT":"f.F7DC0DCC1AEA5B11728C456D26A3F950.d.1250A0DBA4E2C1008705CB6605A531F9.e.13780"}]}
COMMAND: GET /session/f2510c46535a82282fd70196afe2e571/element/f.F7DC0DCC1AEA5B11728C456D26A3F950.d.1250A0DBA4E2C1008705CB6605A531F9.e.13780/enabled - {}
COMMAND: GET /session/f2510c46535a82282fd70196afe2e571/screenshot - {}
RESULT: {}
COMMAND: POST /session/f2510c46535a82282fd70196afe2e571/execute/sync - {"script":"<script> [8489 bytes]","args":[{"element-6066-11e4-a52e-4f735466cecf":"f.F7DC0DCC1AEA5B11728C456D26A3F950.d.1250A0DBA4E2C1008705CB6605A531F9.e.13780","ELEMENT":"f.F7DC0DCC1AEA5B11728C456D26A3F950.d.1250A0DBA4E2C1008705CB6605A531F9.e.13780"}]}
COMMAND: GET /session/f2510c46535a82282fd70196afe2e571/screenshot - {}
RESULT: {}
RESULT: {"script":"<script> [8489 bytes]","args":[{"element-6066-11e4-a52e-4f735466cecf":"f.F7DC0DCC1AEA5B11728C456D26A3F950.d.1250A0DBA4E2C1008705CB6605A531F9.e.13780","ELEMENT":"f.F7DC0DCC1AEA5B11728C456D26A3F950.d.1250A0DBA4E2C1008705CB6605A531F9.e.13780"}]}
COMMAND: POST /session/f2510c46535a82282fd70196afe2e571/execute/sync - {"script":"<script> [5351 bytes]","args":[{"element-6066-11e4-a52e-4f735466cecf":"f.F7DC0DCC1AEA5B11728C456D26A3F950.d.1250A0DBA4E2C1008705CB6605A531F9.e.13780","ELEMENT":"f.F7DC0DCC1AEA5B11728C456D26A3F950.d.1250A0DBA4E2C1008705CB6605A531F9.e.13780"}]}
COMMAND: GET /session/f2510c46535a82282fd70196afe2e571/screenshot - {}
RESULT: {}
RESULT: {"script":"<script> [5351 bytes]","args":[{"element-6066-11e4-a52e-4f735466cecf":"f.F7DC0DCC1AEA5B11728C456D26A3F950.d.1250A0DBA4E2C1008705CB6605A531F9.e.13780","ELEMENT":"f.F7DC0DCC1AEA5B11728C456D26A3F950.d.1250A0DBA4E2C1008705CB6605A531F9.e.13780"}]}
COMMAND: POST /session/f2510c46535a82282fd70196afe2e571/element/f.F7DC0DCC1AEA5B11728C456D26A3F950.d.1250A0DBA4E2C1008705CB6605A531F9.e.13780/click - {}
COMMAND: GET /session/f2510c46535a82282fd70196afe2e571/screenshot - {}
RESULT: {}
RESULT: {}
COMMAND: GET /session/f2510c46535a82282fd70196afe2e571/screenshot - {}
RESULT: {}
RESULT: {}
COMMAND: POST /session/f2510c46535a82282fd70196afe2e571/element - {"using":"xpath","value":"//span[contains(@id ,\"AddNewHO--typeSelect-arrow\")]"}
RESULT: {"using":"xpath","value":"//span[contains(@id ,\"AddNewHO--typeSelect-arrow\")]"}
COMMAND: POST /session/f2510c46535a82282fd70196afe2e571/element/f.F7DC0DCC1AEA5B11728C456D26A3F950.d.1250A0DBA4E2C1008705CB6605A531F9.e.14119/click - {}
RESULT: {}
COMMAND: GET /session/f2510c46535a82282fd70196afe2e571/screenshot - {}
RESULT: {}
COMMAND: POST /session/f2510c46535a82282fd70196afe2e571/element - {"using":"xpath","value":"(//li[contains(text(), \"stock increase yard\")])[1]"}
RESULT: {"using":"xpath","value":"(//li[contains(text(), \"stock increase yard\")])[1]"}
COMMAND: POST /session/f2510c46535a82282fd70196afe2e571/element/f.F7DC0DCC1AEA5B11728C456D26A3F950.d.1250A0DBA4E2C1008705CB6605A531F9.e.14120/click - {}
RESULT: {}
COMMAND: GET /session/f2510c46535a82282fd70196afe2e571/screenshot - {}
RESULT: {}
COMMAND: POST /session/f2510c46535a82282fd70196afe2e571/execute/async - {"script":"<script> [1562 bytes]","args":[{"selector":{"id":"application-managehandovers-display-component---AddNewHO--dueDate","interaction":{"idSuffix":"inner"}},"wdio_ui5_key":"applicationmanagehandovers-display-component---AddNewHO--dueDate"}]}
RESULT: {"script":"<script> [1562 bytes]","args":[{"selector":{"id":"application-managehandovers-display-component---AddNewHO--dueDate","interaction":{"idSuffix":"inner"}},"wdio_ui5_key":"applicationmanagehandovers-display-component---AddNewHO--dueDate"}]}
RESULT: undefined
COMMAND: POST /session/f2510c46535a82282fd70196afe2e571/execute/async - {"script":"<script> [6424 bytes]","args":[{"element-6066-11e4-a52e-4f735466cecf":"f.F7DC0DCC1AEA5B11728C456D26A3F950.d.1250A0DBA4E2C1008705CB6605A531F9.e.14122"},"setValue",["5/31/25"]]}
RESULT: {"script":"<script> [6424 bytes]","args":[{"element-6066-11e4-a52e-4f735466cecf":"f.F7DC0DCC1AEA5B11728C456D26A3F950.d.1250A0DBA4E2C1008705CB6605A531F9.e.14122"},"setValue",["5/31/25"]]}
COMMAND: POST /session/f2510c46535a82282fd70196afe2e571/element - {"using":"xpath","value":"//input[@id=\"generalSectionFrg--receiveYard-inner\"]"}
RESULT: {"using":"xpath","value":"//input[@id=\"generalSectionFrg--receiveYard-inner\"]"}
COMMAND: POST /session/f2510c46535a82282fd70196afe2e571/element/f.F7DC0DCC1AEA5B11728C456D26A3F950.d.1250A0DBA4E2C1008705CB6605A531F9.e.14128/clear - {}
RESULT: {}
COMMAND: POST /session/f2510c46535a82282fd70196afe2e571/element/f.F7DC0DCC1AEA5B11728C456D26A3F950.d.1250A0DBA4E2C1008705CB6605A531F9.e.14128/value - {"text":"532"}
COMMAND: GET /session/f2510c46535a82282fd70196afe2e571/screenshot - {}
RESULT: {"text":"532"}
COMMAND: GET /session/f2510c46535a82282fd70196afe2e571/screenshot - {}
RESULT: {}
RESULT: {}
COMMAND: POST /session/f2510c46535a82282fd70196afe2e571/element - {"using":"xpath","value":"//li[.//span[contains(text(),'532 -')]]"}
RESULT: {"using":"xpath","value":"//li[.//span[contains(text(),'532 -')]]"}
COMMAND: POST /session/f2510c46535a82282fd70196afe2e571/elements - {"using":"xpath","value":"//li[.//span[contains(text(),'532 -')]]"}
RESULT: {"using":"xpath","value":"//li[.//span[contains(text(),'532 -')]]"}
COMMAND: POST /session/f2510c46535a82282fd70196afe2e571/elements - {"using":"xpath","value":"//li[.//span[contains(text(),'532 -')]]"}
RESULT: {"using":"xpath","value":"//li[.//span[contains(text(),'532 -')]]"}
COMMAND: POST /session/f2510c46535a82282fd70196afe2e571/elements - {"using":"xpath","value":"//li[.//span[contains(text(),'532 -')]]"}
RESULT: {"using":"xpath","value":"//li[.//span[contains(text(),'532 -')]]"}
COMMAND: POST /session/f2510c46535a82282fd70196afe2e571/elements - {"using":"xpath","value":"//li[.//span[contains(text(),'532 -')]]"}
RESULT: {"using":"xpath","value":"//li[.//span[contains(text(),'532 -')]]"}
COMMAND: POST /session/f2510c46535a82282fd70196afe2e571/elements - {"using":"xpath","value":"//li[.//span[contains(text(),'532 -')]]"}
RESULT: {"using":"xpath","value":"//li[.//span[contains(text(),'532 -')]]"}
COMMAND: POST /session/f2510c46535a82282fd70196afe2e571/elements - {"using":"xpath","value":"//li[.//span[contains(text(),'532 -')]]"}
RESULT: {"using":"xpath","value":"//li[.//span[contains(text(),'532 -')]]"}
COMMAND: POST /session/f2510c46535a82282fd70196afe2e571/elements - {"using":"xpath","value":"//li[.//span[contains(text(),'532 -')]]"}
RESULT: {"using":"xpath","value":"//li[.//span[contains(text(),'532 -')]]"}
COMMAND: POST /session/f2510c46535a82282fd70196afe2e571/elements - {"using":"xpath","value":"//li[.//span[contains(text(),'532 -')]]"}
RESULT: {"using":"xpath","value":"//li[.//span[contains(text(),'532 -')]]"}
COMMAND: POST /session/f2510c46535a82282fd70196afe2e571/elements - {"using":"xpath","value":"//li[.//span[contains(text(),'532 -')]]"}
RESULT: {"using":"xpath","value":"//li[.//span[contains(text(),'532 -')]]"}
COMMAND: POST /session/f2510c46535a82282fd70196afe2e571/elements - {"using":"xpath","value":"//li[.//span[contains(text(),'532 -')]]"}
RESULT: {"using":"xpath","value":"//li[.//span[contains(text(),'532 -')]]"}
COMMAND: POST /session/f2510c46535a82282fd70196afe2e571/elements - {"using":"xpath","value":"//li[.//span[contains(text(),'532 -')]]"}
RESULT: {"using":"xpath","value":"//li[.//span[contains(text(),'532 -')]]"}
COMMAND: POST /session/f2510c46535a82282fd70196afe2e571/elements - {"using":"xpath","value":"//li[.//span[contains(text(),'532 -')]]"}
RESULT: {"using":"xpath","value":"//li[.//span[contains(text(),'532 -')]]"}
COMMAND: POST /session/f2510c46535a82282fd70196afe2e571/elements - {"using":"xpath","value":"//li[.//span[contains(text(),'532 -')]]"}
RESULT: {"using":"xpath","value":"//li[.//span[contains(text(),'532 -')]]"}
COMMAND: POST /session/f2510c46535a82282fd70196afe2e571/elements - {"using":"xpath","value":"//li[.//span[contains(text(),'532 -')]]"}
RESULT: {"using":"xpath","value":"//li[.//span[contains(text(),'532 -')]]"}
COMMAND: POST /session/f2510c46535a82282fd70196afe2e571/elements - {"using":"xpath","value":"//li[.//span[contains(text(),'532 -')]]"}
RESULT: {"using":"xpath","value":"//li[.//span[contains(text(),'532 -')]]"}
COMMAND: POST /session/f2510c46535a82282fd70196afe2e571/elements - {"using":"xpath","value":"//li[.//span[contains(text(),'532 -')]]"}
RESULT: {"using":"xpath","value":"//li[.//span[contains(text(),'532 -')]]"}
COMMAND: POST /session/f2510c46535a82282fd70196afe2e571/elements - {"using":"xpath","value":"//li[.//span[contains(text(),'532 -')]]"}
RESULT: {"using":"xpath","value":"//li[.//span[contains(text(),'532 -')]]"}
COMMAND: POST /session/f2510c46535a82282fd70196afe2e571/elements - {"using":"xpath","value":"//li[.//span[contains(text(),'532 -')]]"}
RESULT: {"using":"xpath","value":"//li[.//span[contains(text(),'532 -')]]"}
COMMAND: POST /session/f2510c46535a82282fd70196afe2e571/elements - {"using":"xpath","value":"//li[.//span[contains(text(),'532 -')]]"}
RESULT: {"using":"xpath","value":"//li[.//span[contains(text(),'532 -')]]"}
COMMAND: POST /session/f2510c46535a82282fd70196afe2e571/elements - {"using":"xpath","value":"//li[.//span[contains(text(),'532 -')]]"}
RESULT: {"using":"xpath","value":"//li[.//span[contains(text(),'532 -')]]"}
COMMAND: POST /session/f2510c46535a82282fd70196afe2e571/elements - {"using":"xpath","value":"//li[.//span[contains(text(),'532 -')]]"}
RESULT: {"using":"xpath","value":"//li[.//span[contains(text(),'532 -')]]"}
COMMAND: POST /session/f2510c46535a82282fd70196afe2e571/elements - {"using":"xpath","value":"//li[.//span[contains(text(),'532 -')]]"}
RESULT: {"using":"xpath","value":"//li[.//span[contains(text(),'532 -')]]"}
COMMAND: POST /session/f2510c46535a82282fd70196afe2e571/elements - {"using":"xpath","value":"//li[.//span[contains(text(),'532 -')]]"}
RESULT: {"using":"xpath","value":"//li[.//span[contains(text(),'532 -')]]"}
COMMAND: POST /session/f2510c46535a82282fd70196afe2e571/elements - {"using":"xpath","value":"//li[.//span[contains(text(),'532 -')]]"}
RESULT: {"using":"xpath","value":"//li[.//span[contains(text(),'532 -')]]"}
COMMAND: POST /session/f2510c46535a82282fd70196afe2e571/elements - {"using":"xpath","value":"//li[.//span[contains(text(),'532 -')]]"}
RESULT: {"using":"xpath","value":"//li[.//span[contains(text(),'532 -')]]"}
COMMAND: POST /session/f2510c46535a82282fd70196afe2e571/elements - {"using":"xpath","value":"//li[.//span[contains(text(),'532 -')]]"}
RESULT: {"using":"xpath","value":"//li[.//span[contains(text(),'532 -')]]"}
COMMAND: POST /session/f2510c46535a82282fd70196afe2e571/elements - {"using":"xpath","value":"//li[.//span[contains(text(),'532 -')]]"}
RESULT: {"using":"xpath","value":"//li[.//span[contains(text(),'532 -')]]"}
COMMAND: POST /session/f2510c46535a82282fd70196afe2e571/elements - {"using":"xpath","value":"//li[.//span[contains(text(),'532 -')]]"}
RESULT: {"using":"xpath","value":"//li[.//span[contains(text(),'532 -')]]"}
COMMAND: POST /session/f2510c46535a82282fd70196afe2e571/elements - {"using":"xpath","value":"//li[.//span[contains(text(),'532 -')]]"}
RESULT: {"using":"xpath","value":"//li[.//span[contains(text(),'532 -')]]"}
COMMAND: POST /session/f2510c46535a82282fd70196afe2e571/elements - {"using":"xpath","value":"//li[.//span[contains(text(),'532 -')]]"}
RESULT: {"using":"xpath","value":"//li[.//span[contains(text(),'532 -')]]"}
COMMAND: POST /session/f2510c46535a82282fd70196afe2e571/elements - {"using":"xpath","value":"//li[.//span[contains(text(),'532 -')]]"}
RESULT: {"using":"xpath","value":"//li[.//span[contains(text(),'532 -')]]"}
COMMAND: POST /session/f2510c46535a82282fd70196afe2e571/elements - {"using":"xpath","value":"//li[.//span[contains(text(),'532 -')]]"}
RESULT: {"using":"xpath","value":"//li[.//span[contains(text(),'532 -')]]"}
COMMAND: POST /session/f2510c46535a82282fd70196afe2e571/elements - {"using":"xpath","value":"//li[.//span[contains(text(),'532 -')]]"}
RESULT: {"using":"xpath","value":"//li[.//span[contains(text(),'532 -')]]"}
COMMAND: POST /session/f2510c46535a82282fd70196afe2e571/elements - {"using":"xpath","value":"//li[.//span[contains(text(),'532 -')]]"}
RESULT: {"using":"xpath","value":"//li[.//span[contains(text(),'532 -')]]"}
COMMAND: POST /session/f2510c46535a82282fd70196afe2e571/elements - {"using":"xpath","value":"//li[.//span[contains(text(),'532 -')]]"}
RESULT: {"using":"xpath","value":"//li[.//span[contains(text(),'532 -')]]"}
COMMAND: POST /session/f2510c46535a82282fd70196afe2e571/elements - {"using":"xpath","value":"//li[.//span[contains(text(),'532 -')]]"}
RESULT: {"using":"xpath","value":"//li[.//span[contains(text(),'532 -')]]"}
COMMAND: POST /session/f2510c46535a82282fd70196afe2e571/elements - {"using":"xpath","value":"//li[.//span[contains(text(),'532 -')]]"}
RESULT: {"using":"xpath","value":"//li[.//span[contains(text(),'532 -')]]"}
COMMAND: POST /session/f2510c46535a82282fd70196afe2e571/elements - {"using":"xpath","value":"//li[.//span[contains(text(),'532 -')]]"}
RESULT: {"using":"xpath","value":"//li[.//span[contains(text(),'532 -')]]"}
COMMAND: POST /session/f2510c46535a82282fd70196afe2e571/elements - {"using":"xpath","value":"//li[.//span[contains(text(),'532 -')]]"}
RESULT: {"using":"xpath","value":"//li[.//span[contains(text(),'532 -')]]"}
COMMAND: POST /session/f2510c46535a82282fd70196afe2e571/elements - {"using":"xpath","value":"//li[.//span[contains(text(),'532 -')]]"}
RESULT: {"using":"xpath","value":"//li[.//span[contains(text(),'532 -')]]"}
COMMAND: POST /session/f2510c46535a82282fd70196afe2e571/elements - {"using":"xpath","value":"//li[.//span[contains(text(),'532 -')]]"}
RESULT: {"using":"xpath","value":"//li[.//span[contains(text(),'532 -')]]"}
COMMAND: POST /session/f2510c46535a82282fd70196afe2e571/elements - {"using":"xpath","value":"//li[.//span[contains(text(),'532 -')]]"}
RESULT: {"using":"xpath","value":"//li[.//span[contains(text(),'532 -')]]"}
COMMAND: POST /session/f2510c46535a82282fd70196afe2e571/elements - {"using":"xpath","value":"//li[.//span[contains(text(),'532 -')]]"}
RESULT: {"using":"xpath","value":"//li[.//span[contains(text(),'532 -')]]"}
COMMAND: POST /session/f2510c46535a82282fd70196afe2e571/elements - {"using":"xpath","value":"//li[.//span[contains(text(),'532 -')]]"}
RESULT: {"using":"xpath","value":"//li[.//span[contains(text(),'532 -')]]"}
COMMAND: POST /session/f2510c46535a82282fd70196afe2e571/elements - {"using":"xpath","value":"//li[.//span[contains(text(),'532 -')]]"}
RESULT: {"using":"xpath","value":"//li[.//span[contains(text(),'532 -')]]"}
COMMAND: POST /session/f2510c46535a82282fd70196afe2e571/elements - {"using":"xpath","value":"//li[.//span[contains(text(),'532 -')]]"}
RESULT: {"using":"xpath","value":"//li[.//span[contains(text(),'532 -')]]"}
COMMAND: POST /session/f2510c46535a82282fd70196afe2e571/elements - {"using":"xpath","value":"//li[.//span[contains(text(),'532 -')]]"}
RESULT: {"using":"xpath","value":"//li[.//span[contains(text(),'532 -')]]"}
COMMAND: POST /session/f2510c46535a82282fd70196afe2e571/elements - {"using":"xpath","value":"//li[.//span[contains(text(),'532 -')]]"}
RESULT: {"using":"xpath","value":"//li[.//span[contains(text(),'532 -')]]"}
COMMAND: POST /session/f2510c46535a82282fd70196afe2e571/elements - {"using":"xpath","value":"//li[.//span[contains(text(),'532 -')]]"}
RESULT: {"using":"xpath","value":"//li[.//span[contains(text(),'532 -')]]"}
COMMAND: POST /session/f2510c46535a82282fd70196afe2e571/elements - {"using":"xpath","value":"//li[.//span[contains(text(),'532 -')]]"}
RESULT: {"using":"xpath","value":"//li[.//span[contains(text(),'532 -')]]"}
COMMAND: POST /session/f2510c46535a82282fd70196afe2e571/elements - {"using":"xpath","value":"//li[.//span[contains(text(),'532 -')]]"}
RESULT: {"using":"xpath","value":"//li[.//span[contains(text(),'532 -')]]"}
COMMAND: POST /session/f2510c46535a82282fd70196afe2e571/elements - {"using":"xpath","value":"//li[.//span[contains(text(),'532 -')]]"}
RESULT: {"using":"xpath","value":"//li[.//span[contains(text(),'532 -')]]"}
COMMAND: POST /session/f2510c46535a82282fd70196afe2e571/elements - {"using":"xpath","value":"//li[.//span[contains(text(),'532 -')]]"}
RESULT: {"using":"xpath","value":"//li[.//span[contains(text(),'532 -')]]"}
COMMAND: POST /session/f2510c46535a82282fd70196afe2e571/elements - {"using":"xpath","value":"//li[.//span[contains(text(),'532 -')]]"}
RESULT: {"using":"xpath","value":"//li[.//span[contains(text(),'532 -')]]"}
COMMAND: POST /session/f2510c46535a82282fd70196afe2e571/elements - {"using":"xpath","value":"//li[.//span[contains(text(),'532 -')]]"}
RESULT: {"using":"xpath","value":"//li[.//span[contains(text(),'532 -')]]"}
COMMAND: POST /session/f2510c46535a82282fd70196afe2e571/elements - {"using":"xpath","value":"//li[.//span[contains(text(),'532 -')]]"}
RESULT: {"using":"xpath","value":"//li[.//span[contains(text(),'532 -')]]"}
COMMAND: POST /session/f2510c46535a82282fd70196afe2e571/elements - {"using":"xpath","value":"//li[.//span[contains(text(),'532 -')]]"}
RESULT: {"using":"xpath","value":"//li[.//span[contains(text(),'532 -')]]"}
COMMAND: POST /session/f2510c46535a82282fd70196afe2e571/elements - {"using":"xpath","value":"//li[.//span[contains(text(),'532 -')]]"}
RESULT: {"using":"xpath","value":"//li[.//span[contains(text(),'532 -')]]"}
COMMAND: POST /session/f2510c46535a82282fd70196afe2e571/elements - {"using":"xpath","value":"//li[.//span[contains(text(),'532 -')]]"}
RESULT: {"using":"xpath","value":"//li[.//span[contains(text(),'532 -')]]"}
COMMAND: POST /session/f2510c46535a82282fd70196afe2e571/elements - {"using":"xpath","value":"//li[.//span[contains(text(),'532 -')]]"}
RESULT: {"using":"xpath","value":"//li[.//span[contains(text(),'532 -')]]"}
COMMAND: POST /session/f2510c46535a82282fd70196afe2e571/elements - {"using":"xpath","value":"//li[.//span[contains(text(),'532 -')]]"}
RESULT: {"using":"xpath","value":"//li[.//span[contains(text(),'532 -')]]"}
COMMAND: POST /session/f2510c46535a82282fd70196afe2e571/elements - {"using":"xpath","value":"//li[.//span[contains(text(),'532 -')]]"}
RESULT: {"using":"xpath","value":"//li[.//span[contains(text(),'532 -')]]"}
COMMAND: POST /session/f2510c46535a82282fd70196afe2e571/elements - {"using":"xpath","value":"//li[.//span[contains(text(),'532 -')]]"}
RESULT: {"using":"xpath","value":"//li[.//span[contains(text(),'532 -')]]"}
COMMAND: POST /session/f2510c46535a82282fd70196afe2e571/elements - {"using":"xpath","value":"//li[.//span[contains(text(),'532 -')]]"}
RESULT: {"using":"xpath","value":"//li[.//span[contains(text(),'532 -')]]"}
COMMAND: POST /session/f2510c46535a82282fd70196afe2e571/elements - {"using":"xpath","value":"//li[.//span[contains(text(),'532 -')]]"}
RESULT: {"using":"xpath","value":"//li[.//span[contains(text(),'532 -')]]"}
COMMAND: POST /session/f2510c46535a82282fd70196afe2e571/elements - {"using":"xpath","value":"//li[.//span[contains(text(),'532 -')]]"}
RESULT: {"using":"xpath","value":"//li[.//span[contains(text(),'532 -')]]"}
COMMAND: POST /session/f2510c46535a82282fd70196afe2e571/elements - {"using":"xpath","value":"//li[.//span[contains(text(),'532 -')]]"}
RESULT: {"using":"xpath","value":"//li[.//span[contains(text(),'532 -')]]"}
COMMAND: POST /session/f2510c46535a82282fd70196afe2e571/elements - {"using":"xpath","value":"//li[.//span[contains(text(),'532 -')]]"}
RESULT: {"using":"xpath","value":"//li[.//span[contains(text(),'532 -')]]"}
COMMAND: POST /session/f2510c46535a82282fd70196afe2e571/elements - {"using":"xpath","value":"//li[.//span[contains(text(),'532 -')]]"}
RESULT: {"using":"xpath","value":"//li[.//span[contains(text(),'532 -')]]"}
COMMAND: POST /session/f2510c46535a82282fd70196afe2e571/elements - {"using":"xpath","value":"//li[.//span[contains(text(),'532 -')]]"}
RESULT: {"using":"xpath","value":"//li[.//span[contains(text(),'532 -')]]"}
COMMAND: POST /session/f2510c46535a82282fd70196afe2e571/elements - {"using":"xpath","value":"//li[.//span[contains(text(),'532 -')]]"}
RESULT: {"using":"xpath","value":"//li[.//span[contains(text(),'532 -')]]"}
COMMAND: POST /session/f2510c46535a82282fd70196afe2e571/elements - {"using":"xpath","value":"//li[.//span[contains(text(),'532 -')]]"}
RESULT: {"using":"xpath","value":"//li[.//span[contains(text(),'532 -')]]"}
COMMAND: POST /session/f2510c46535a82282fd70196afe2e571/elements - {"using":"xpath","value":"//li[.//span[contains(text(),'532 -')]]"}
RESULT: {"using":"xpath","value":"//li[.//span[contains(text(),'532 -')]]"}
COMMAND: POST /session/f2510c46535a82282fd70196afe2e571/elements - {"using":"xpath","value":"//li[.//span[contains(text(),'532 -')]]"}
RESULT: {"using":"xpath","value":"//li[.//span[contains(text(),'532 -')]]"}
COMMAND: POST /session/f2510c46535a82282fd70196afe2e571/elements - {"using":"xpath","value":"//li[.//span[contains(text(),'532 -')]]"}
RESULT: {"using":"xpath","value":"//li[.//span[contains(text(),'532 -')]]"}
COMMAND: POST /session/f2510c46535a82282fd70196afe2e571/elements - {"using":"xpath","value":"//li[.//span[contains(text(),'532 -')]]"}
RESULT: {"using":"xpath","value":"//li[.//span[contains(text(),'532 -')]]"}
COMMAND: POST /session/f2510c46535a82282fd70196afe2e571/elements - {"using":"xpath","value":"//li[.//span[contains(text(),'532 -')]]"}
RESULT: {"using":"xpath","value":"//li[.//span[contains(text(),'532 -')]]"}
COMMAND: POST /session/f2510c46535a82282fd70196afe2e571/elements - {"using":"xpath","value":"//li[.//span[contains(text(),'532 -')]]"}
RESULT: {"using":"xpath","value":"//li[.//span[contains(text(),'532 -')]]"}
COMMAND: POST /session/f2510c46535a82282fd70196afe2e571/elements - {"using":"xpath","value":"//li[.//span[contains(text(),'532 -')]]"}
RESULT: {"using":"xpath","value":"//li[.//span[contains(text(),'532 -')]]"}
COMMAND: POST /session/f2510c46535a82282fd70196afe2e571/elements - {"using":"xpath","value":"//li[.//span[contains(text(),'532 -')]]"}
RESULT: {"using":"xpath","value":"//li[.//span[contains(text(),'532 -')]]"}
COMMAND: POST /session/f2510c46535a82282fd70196afe2e571/elements - {"using":"xpath","value":"//li[.//span[contains(text(),'532 -')]]"}
RESULT: {"using":"xpath","value":"//li[.//span[contains(text(),'532 -')]]"}
COMMAND: POST /session/f2510c46535a82282fd70196afe2e571/elements - {"using":"xpath","value":"//li[.//span[contains(text(),'532 -')]]"}
RESULT: {"using":"xpath","value":"//li[.//span[contains(text(),'532 -')]]"}
COMMAND: POST /session/f2510c46535a82282fd70196afe2e571/elements - {"using":"xpath","value":"//li[.//span[contains(text(),'532 -')]]"}
RESULT: {"using":"xpath","value":"//li[.//span[contains(text(),'532 -')]]"}
COMMAND: POST /session/f2510c46535a82282fd70196afe2e571/elements - {"using":"xpath","value":"//li[.//span[contains(text(),'532 -')]]"}
RESULT: {"using":"xpath","value":"//li[.//span[contains(text(),'532 -')]]"}
COMMAND: POST /session/f2510c46535a82282fd70196afe2e571/elements - {"using":"xpath","value":"//li[.//span[contains(text(),'532 -')]]"}
RESULT: {"using":"xpath","value":"//li[.//span[contains(text(),'532 -')]]"}
COMMAND: POST /session/f2510c46535a82282fd70196afe2e571/elements - {"using":"xpath","value":"//li[.//span[contains(text(),'532 -')]]"}
RESULT: {"using":"xpath","value":"//li[.//span[contains(text(),'532 -')]]"}
COMMAND: POST /session/f2510c46535a82282fd70196afe2e571/elements - {"using":"xpath","value":"//li[.//span[contains(text(),'532 -')]]"}
RESULT: {"using":"xpath","value":"//li[.//span[contains(text(),'532 -')]]"}
COMMAND: POST /session/f2510c46535a82282fd70196afe2e571/elements - {"using":"xpath","value":"//li[.//span[contains(text(),'532 -')]]"}
RESULT: {"using":"xpath","value":"//li[.//span[contains(text(),'532 -')]]"}
COMMAND: POST /session/f2510c46535a82282fd70196afe2e571/elements - {"using":"xpath","value":"//li[.//span[contains(text(),'532 -')]]"}
RESULT: {"using":"xpath","value":"//li[.//span[contains(text(),'532 -')]]"}
COMMAND: POST /session/f2510c46535a82282fd70196afe2e571/elements - {"using":"xpath","value":"//li[.//span[contains(text(),'532 -')]]"}
RESULT: {"using":"xpath","value":"//li[.//span[contains(text(),'532 -')]]"}
COMMAND: POST /session/f2510c46535a82282fd70196afe2e571/elements - {"using":"xpath","value":"//li[.//span[contains(text(),'532 -')]]"}
RESULT: {"using":"xpath","value":"//li[.//span[contains(text(),'532 -')]]"}
COMMAND: POST /session/f2510c46535a82282fd70196afe2e571/elements - {"using":"xpath","value":"//li[.//span[contains(text(),'532 -')]]"}
RESULT: {"using":"xpath","value":"//li[.//span[contains(text(),'532 -')]]"}
COMMAND: POST /session/f2510c46535a82282fd70196afe2e571/elements - {"using":"xpath","value":"//li[.//span[contains(text(),'532 -')]]"}
RESULT: {"using":"xpath","value":"//li[.//span[contains(text(),'532 -')]]"}
COMMAND: POST /session/f2510c46535a82282fd70196afe2e571/elements - {"using":"xpath","value":"//li[.//span[contains(text(),'532 -')]]"}
RESULT: {"using":"xpath","value":"//li[.//span[contains(text(),'532 -')]]"}
COMMAND: POST /session/f2510c46535a82282fd70196afe2e571/elements - {"using":"xpath","value":"//li[.//span[contains(text(),'532 -')]]"}
RESULT: {"using":"xpath","value":"//li[.//span[contains(text(),'532 -')]]"}
COMMAND: POST /session/f2510c46535a82282fd70196afe2e571/elements - {"using":"xpath","value":"//li[.//span[contains(text(),'532 -')]]"}
RESULT: {"using":"xpath","value":"//li[.//span[contains(text(),'532 -')]]"}
COMMAND: POST /session/f2510c46535a82282fd70196afe2e571/elements - {"using":"xpath","value":"//li[.//span[contains(text(),'532 -')]]"}
RESULT: {"using":"xpath","value":"//li[.//span[contains(text(),'532 -')]]"}
COMMAND: POST /session/f2510c46535a82282fd70196afe2e571/elements - {"using":"xpath","value":"//li[.//span[contains(text(),'532 -')]]"}
RESULT: {"using":"xpath","value":"//li[.//span[contains(text(),'532 -')]]"}
COMMAND: POST /session/f2510c46535a82282fd70196afe2e571/elements - {"using":"xpath","value":"//li[.//span[contains(text(),'532 -')]]"}
RESULT: {"using":"xpath","value":"//li[.//span[contains(text(),'532 -')]]"}
COMMAND: POST /session/f2510c46535a82282fd70196afe2e571/elements - {"using":"xpath","value":"//li[.//span[contains(text(),'532 -')]]"}
RESULT: {"using":"xpath","value":"//li[.//span[contains(text(),'532 -')]]"}
COMMAND: POST /session/f2510c46535a82282fd70196afe2e571/elements - {"using":"xpath","value":"//li[.//span[contains(text(),'532 -')]]"}
RESULT: {"using":"xpath","value":"//li[.//span[contains(text(),'532 -')]]"}
COMMAND: POST /session/f2510c46535a82282fd70196afe2e571/elements - {"using":"xpath","value":"//li[.//span[contains(text(),'532 -')]]"}
RESULT: {"using":"xpath","value":"//li[.//span[contains(text(),'532 -')]]"}
COMMAND: POST /session/f2510c46535a82282fd70196afe2e571/elements - {"using":"xpath","value":"//li[.//span[contains(text(),'532 -')]]"}
RESULT: {"using":"xpath","value":"//li[.//span[contains(text(),'532 -')]]"}
COMMAND: POST /session/f2510c46535a82282fd70196afe2e571/elements - {"using":"xpath","value":"//li[.//span[contains(text(),'532 -')]]"}
RESULT: {"using":"xpath","value":"//li[.//span[contains(text(),'532 -')]]"}
COMMAND: POST /session/f2510c46535a82282fd70196afe2e571/elements - {"using":"xpath","value":"//li[.//span[contains(text(),'532 -')]]"}
RESULT: {"using":"xpath","value":"//li[.//span[contains(text(),'532 -')]]"}
COMMAND: POST /session/f2510c46535a82282fd70196afe2e571/elements - {"using":"xpath","value":"//li[.//span[contains(text(),'532 -')]]"}
RESULT: {"using":"xpath","value":"//li[.//span[contains(text(),'532 -')]]"}
COMMAND: POST /session/f2510c46535a82282fd70196afe2e571/elements - {"using":"xpath","value":"//li[.//span[contains(text(),'532 -')]]"}
RESULT: {"using":"xpath","value":"//li[.//span[contains(text(),'532 -')]]"}
COMMAND: POST /session/f2510c46535a82282fd70196afe2e571/elements - {"using":"xpath","value":"//li[.//span[contains(text(),'532 -')]]"}
RESULT: {"using":"xpath","value":"//li[.//span[contains(text(),'532 -')]]"}
COMMAND: POST /session/f2510c46535a82282fd70196afe2e571/elements - {"using":"xpath","value":"//li[.//span[contains(text(),'532 -')]]"}
RESULT: {"using":"xpath","value":"//li[.//span[contains(text(),'532 -')]]"}
COMMAND: POST /session/f2510c46535a82282fd70196afe2e571/elements - {"using":"xpath","value":"//li[.//span[contains(text(),'532 -')]]"}
RESULT: {"using":"xpath","value":"//li[.//span[contains(text(),'532 -')]]"}
COMMAND: POST /session/f2510c46535a82282fd70196afe2e571/elements - {"using":"xpath","value":"//li[.//span[contains(text(),'532 -')]]"}
RESULT: {"using":"xpath","value":"//li[.//span[contains(text(),'532 -')]]"}
COMMAND: POST /session/f2510c46535a82282fd70196afe2e571/elements - {"using":"xpath","value":"//li[.//span[contains(text(),'532 -')]]"}
RESULT: {"using":"xpath","value":"//li[.//span[contains(text(),'532 -')]]"}
COMMAND: POST /session/f2510c46535a82282fd70196afe2e571/elements - {"using":"xpath","value":"//li[.//span[contains(text(),'532 -')]]"}
RESULT: {"using":"xpath","value":"//li[.//span[contains(text(),'532 -')]]"}
COMMAND: POST /session/f2510c46535a82282fd70196afe2e571/elements - {"using":"xpath","value":"//li[.//span[contains(text(),'532 -')]]"}
RESULT: {"using":"xpath","value":"//li[.//span[contains(text(),'532 -')]]"}
COMMAND: POST /session/f2510c46535a82282fd70196afe2e571/elements - {"using":"xpath","value":"//li[.//span[contains(text(),'532 -')]]"}
RESULT: {"using":"xpath","value":"//li[.//span[contains(text(),'532 -')]]"}
COMMAND: POST /session/f2510c46535a82282fd70196afe2e571/elements - {"using":"xpath","value":"//li[.//span[contains(text(),'532 -')]]"}
RESULT: {"using":"xpath","value":"//li[.//span[contains(text(),'532 -')]]"}
COMMAND: POST /session/f2510c46535a82282fd70196afe2e571/elements - {"using":"xpath","value":"//li[.//span[contains(text(),'532 -')]]"}
RESULT: {"using":"xpath","value":"//li[.//span[contains(text(),'532 -')]]"}
COMMAND: POST /session/f2510c46535a82282fd70196afe2e571/elements - {"using":"xpath","value":"//li[.//span[contains(text(),'532 -')]]"}
RESULT: {"using":"xpath","value":"//li[.//span[contains(text(),'532 -')]]"}
COMMAND: POST /session/f2510c46535a82282fd70196afe2e571/elements - {"using":"xpath","value":"//li[.//span[contains(text(),'532 -')]]"}
RESULT: {"using":"xpath","value":"//li[.//span[contains(text(),'532 -')]]"}
COMMAND: POST /session/f2510c46535a82282fd70196afe2e571/elements - {"using":"xpath","value":"//li[.//span[contains(text(),'532 -')]]"}
RESULT: {"using":"xpath","value":"//li[.//span[contains(text(),'532 -')]]"}
COMMAND: POST /session/f2510c46535a82282fd70196afe2e571/elements - {"using":"xpath","value":"//li[.//span[contains(text(),'532 -')]]"}
COMMAND: GET /session/f2510c46535a82282fd70196afe2e571/screenshot - {}
RESULT: {"using":"xpath","value":"//li[.//span[contains(text(),'532 -')]]"}
RESULT: {}
COMMAND: GET /session/f2510c46535a82282fd70196afe2e571/screenshot - {}
]]></system-out>
      <system-err><![CDATA[
Error: Can't call click on element with selector "//li[.//span[contains(text(),'532 -')]]" because element wasn't found
    at async UtilsPrerequisites.stockIncrease (D:\a\1\s\test\specs\BTS\prerequisites-and-utils-functions.js:1638:9)
    at async Context.<anonymous> (D:\a\1\s\test\specs\BTS\billing-performance-workdays.spec.js:188:9)
]]></system-err>
    </testcase>
    <testcase classname="chrome.136_0_7103_93.windows.Performance_based_billing_(work_days)_US139742" name="Should create a new contract" time="60.932">
      <failure/>
      <error message="element (&quot;//button[@data-kt=&quot;addButton&quot;]&quot;) still not existing after 45000ms"/>
      <system-out><![CDATA[
COMMAND: POST /session/f2510c46535a82282fd70196afe2e571/execute/async - {"script":"<script> [1562 bytes]","args":[{"selector":{"controlType":"sap.m.GenericTile","properties":{"header":"Manage Contracts"}},"wdio_ui5_key":"sapm.GenericTile{\"header\":\"Manage Contracts\"}"}]}
RESULT: {}
RESULT: {"script":"<script> [1562 bytes]","args":[{"selector":{"controlType":"sap.m.GenericTile","properties":{"header":"Manage Contracts"}},"wdio_ui5_key":"sapm.GenericTile{\"header\":\"Manage Contracts\"}"}]}
RESULT: undefined
COMMAND: POST /session/f2510c46535a82282fd70196afe2e571/elements - {"using":"xpath","value":"//span[text()='Error']"}
RESULT: {"using":"xpath","value":"//span[text()='Error']"}
COMMAND: POST /session/f2510c46535a82282fd70196afe2e571/element - {"using":"xpath","value":"//button[@data-kt=\"addButton\"]"}
RESULT: {"using":"xpath","value":"//button[@data-kt=\"addButton\"]"}
COMMAND: POST /session/f2510c46535a82282fd70196afe2e571/elements - {"using":"xpath","value":"//button[@data-kt=\"addButton\"]"}
RESULT: {"using":"xpath","value":"//button[@data-kt=\"addButton\"]"}
COMMAND: POST /session/f2510c46535a82282fd70196afe2e571/elements - {"using":"xpath","value":"//button[@data-kt=\"addButton\"]"}
RESULT: {"using":"xpath","value":"//button[@data-kt=\"addButton\"]"}
COMMAND: POST /session/f2510c46535a82282fd70196afe2e571/elements - {"using":"xpath","value":"//button[@data-kt=\"addButton\"]"}
RESULT: {"using":"xpath","value":"//button[@data-kt=\"addButton\"]"}
COMMAND: POST /session/f2510c46535a82282fd70196afe2e571/elements - {"using":"xpath","value":"//button[@data-kt=\"addButton\"]"}
RESULT: {"using":"xpath","value":"//button[@data-kt=\"addButton\"]"}
COMMAND: POST /session/f2510c46535a82282fd70196afe2e571/elements - {"using":"xpath","value":"//button[@data-kt=\"addButton\"]"}
RESULT: {"using":"xpath","value":"//button[@data-kt=\"addButton\"]"}
COMMAND: POST /session/f2510c46535a82282fd70196afe2e571/elements - {"using":"xpath","value":"//button[@data-kt=\"addButton\"]"}
RESULT: {"using":"xpath","value":"//button[@data-kt=\"addButton\"]"}
COMMAND: POST /session/f2510c46535a82282fd70196afe2e571/elements - {"using":"xpath","value":"//button[@data-kt=\"addButton\"]"}
RESULT: {"using":"xpath","value":"//button[@data-kt=\"addButton\"]"}
COMMAND: POST /session/f2510c46535a82282fd70196afe2e571/elements - {"using":"xpath","value":"//button[@data-kt=\"addButton\"]"}
RESULT: {"using":"xpath","value":"//button[@data-kt=\"addButton\"]"}
COMMAND: POST /session/f2510c46535a82282fd70196afe2e571/elements - {"using":"xpath","value":"//button[@data-kt=\"addButton\"]"}
RESULT: {"using":"xpath","value":"//button[@data-kt=\"addButton\"]"}
COMMAND: POST /session/f2510c46535a82282fd70196afe2e571/elements - {"using":"xpath","value":"//button[@data-kt=\"addButton\"]"}
RESULT: {"using":"xpath","value":"//button[@data-kt=\"addButton\"]"}
COMMAND: POST /session/f2510c46535a82282fd70196afe2e571/elements - {"using":"xpath","value":"//button[@data-kt=\"addButton\"]"}
RESULT: {"using":"xpath","value":"//button[@data-kt=\"addButton\"]"}
COMMAND: POST /session/f2510c46535a82282fd70196afe2e571/elements - {"using":"xpath","value":"//button[@data-kt=\"addButton\"]"}
RESULT: {"using":"xpath","value":"//button[@data-kt=\"addButton\"]"}
COMMAND: POST /session/f2510c46535a82282fd70196afe2e571/elements - {"using":"xpath","value":"//button[@data-kt=\"addButton\"]"}
RESULT: {"using":"xpath","value":"//button[@data-kt=\"addButton\"]"}
COMMAND: POST /session/f2510c46535a82282fd70196afe2e571/elements - {"using":"xpath","value":"//button[@data-kt=\"addButton\"]"}
RESULT: {"using":"xpath","value":"//button[@data-kt=\"addButton\"]"}
COMMAND: POST /session/f2510c46535a82282fd70196afe2e571/elements - {"using":"xpath","value":"//button[@data-kt=\"addButton\"]"}
RESULT: {"using":"xpath","value":"//button[@data-kt=\"addButton\"]"}
COMMAND: POST /session/f2510c46535a82282fd70196afe2e571/elements - {"using":"xpath","value":"//button[@data-kt=\"addButton\"]"}
RESULT: {"using":"xpath","value":"//button[@data-kt=\"addButton\"]"}
COMMAND: POST /session/f2510c46535a82282fd70196afe2e571/elements - {"using":"xpath","value":"//button[@data-kt=\"addButton\"]"}
RESULT: {"using":"xpath","value":"//button[@data-kt=\"addButton\"]"}
COMMAND: POST /session/f2510c46535a82282fd70196afe2e571/elements - {"using":"xpath","value":"//button[@data-kt=\"addButton\"]"}
RESULT: {"using":"xpath","value":"//button[@data-kt=\"addButton\"]"}
COMMAND: POST /session/f2510c46535a82282fd70196afe2e571/elements - {"using":"xpath","value":"//button[@data-kt=\"addButton\"]"}
RESULT: {"using":"xpath","value":"//button[@data-kt=\"addButton\"]"}
COMMAND: POST /session/f2510c46535a82282fd70196afe2e571/elements - {"using":"xpath","value":"//button[@data-kt=\"addButton\"]"}
RESULT: {"using":"xpath","value":"//button[@data-kt=\"addButton\"]"}
COMMAND: POST /session/f2510c46535a82282fd70196afe2e571/elements - {"using":"xpath","value":"//button[@data-kt=\"addButton\"]"}
RESULT: {"using":"xpath","value":"//button[@data-kt=\"addButton\"]"}
COMMAND: POST /session/f2510c46535a82282fd70196afe2e571/elements - {"using":"xpath","value":"//button[@data-kt=\"addButton\"]"}
RESULT: {"using":"xpath","value":"//button[@data-kt=\"addButton\"]"}
COMMAND: POST /session/f2510c46535a82282fd70196afe2e571/elements - {"using":"xpath","value":"//button[@data-kt=\"addButton\"]"}
RESULT: {"using":"xpath","value":"//button[@data-kt=\"addButton\"]"}
COMMAND: POST /session/f2510c46535a82282fd70196afe2e571/elements - {"using":"xpath","value":"//button[@data-kt=\"addButton\"]"}
RESULT: {"using":"xpath","value":"//button[@data-kt=\"addButton\"]"}
COMMAND: POST /session/f2510c46535a82282fd70196afe2e571/elements - {"using":"xpath","value":"//button[@data-kt=\"addButton\"]"}
RESULT: {"using":"xpath","value":"//button[@data-kt=\"addButton\"]"}
COMMAND: POST /session/f2510c46535a82282fd70196afe2e571/elements - {"using":"xpath","value":"//button[@data-kt=\"addButton\"]"}
RESULT: {"using":"xpath","value":"//button[@data-kt=\"addButton\"]"}
COMMAND: POST /session/f2510c46535a82282fd70196afe2e571/elements - {"using":"xpath","value":"//button[@data-kt=\"addButton\"]"}
RESULT: {"using":"xpath","value":"//button[@data-kt=\"addButton\"]"}
COMMAND: POST /session/f2510c46535a82282fd70196afe2e571/elements - {"using":"xpath","value":"//button[@data-kt=\"addButton\"]"}
RESULT: {"using":"xpath","value":"//button[@data-kt=\"addButton\"]"}
COMMAND: POST /session/f2510c46535a82282fd70196afe2e571/elements - {"using":"xpath","value":"//button[@data-kt=\"addButton\"]"}
RESULT: {"using":"xpath","value":"//button[@data-kt=\"addButton\"]"}
COMMAND: POST /session/f2510c46535a82282fd70196afe2e571/elements - {"using":"xpath","value":"//button[@data-kt=\"addButton\"]"}
RESULT: {"using":"xpath","value":"//button[@data-kt=\"addButton\"]"}
COMMAND: POST /session/f2510c46535a82282fd70196afe2e571/elements - {"using":"xpath","value":"//button[@data-kt=\"addButton\"]"}
RESULT: {"using":"xpath","value":"//button[@data-kt=\"addButton\"]"}
COMMAND: POST /session/f2510c46535a82282fd70196afe2e571/elements - {"using":"xpath","value":"//button[@data-kt=\"addButton\"]"}
RESULT: {"using":"xpath","value":"//button[@data-kt=\"addButton\"]"}
COMMAND: POST /session/f2510c46535a82282fd70196afe2e571/elements - {"using":"xpath","value":"//button[@data-kt=\"addButton\"]"}
RESULT: {"using":"xpath","value":"//button[@data-kt=\"addButton\"]"}
COMMAND: POST /session/f2510c46535a82282fd70196afe2e571/elements - {"using":"xpath","value":"//button[@data-kt=\"addButton\"]"}
RESULT: {"using":"xpath","value":"//button[@data-kt=\"addButton\"]"}
COMMAND: POST /session/f2510c46535a82282fd70196afe2e571/elements - {"using":"xpath","value":"//button[@data-kt=\"addButton\"]"}
RESULT: {"using":"xpath","value":"//button[@data-kt=\"addButton\"]"}
COMMAND: POST /session/f2510c46535a82282fd70196afe2e571/elements - {"using":"xpath","value":"//button[@data-kt=\"addButton\"]"}
RESULT: {"using":"xpath","value":"//button[@data-kt=\"addButton\"]"}
COMMAND: POST /session/f2510c46535a82282fd70196afe2e571/elements - {"using":"xpath","value":"//button[@data-kt=\"addButton\"]"}
RESULT: {"using":"xpath","value":"//button[@data-kt=\"addButton\"]"}
COMMAND: POST /session/f2510c46535a82282fd70196afe2e571/elements - {"using":"xpath","value":"//button[@data-kt=\"addButton\"]"}
RESULT: {"using":"xpath","value":"//button[@data-kt=\"addButton\"]"}
COMMAND: POST /session/f2510c46535a82282fd70196afe2e571/elements - {"using":"xpath","value":"//button[@data-kt=\"addButton\"]"}
RESULT: {"using":"xpath","value":"//button[@data-kt=\"addButton\"]"}
COMMAND: POST /session/f2510c46535a82282fd70196afe2e571/elements - {"using":"xpath","value":"//button[@data-kt=\"addButton\"]"}
RESULT: {"using":"xpath","value":"//button[@data-kt=\"addButton\"]"}
COMMAND: POST /session/f2510c46535a82282fd70196afe2e571/elements - {"using":"xpath","value":"//button[@data-kt=\"addButton\"]"}
RESULT: {"using":"xpath","value":"//button[@data-kt=\"addButton\"]"}
COMMAND: POST /session/f2510c46535a82282fd70196afe2e571/elements - {"using":"xpath","value":"//button[@data-kt=\"addButton\"]"}
RESULT: {"using":"xpath","value":"//button[@data-kt=\"addButton\"]"}
COMMAND: POST /session/f2510c46535a82282fd70196afe2e571/elements - {"using":"xpath","value":"//button[@data-kt=\"addButton\"]"}
RESULT: {"using":"xpath","value":"//button[@data-kt=\"addButton\"]"}
COMMAND: POST /session/f2510c46535a82282fd70196afe2e571/elements - {"using":"xpath","value":"//button[@data-kt=\"addButton\"]"}
RESULT: {"using":"xpath","value":"//button[@data-kt=\"addButton\"]"}
COMMAND: POST /session/f2510c46535a82282fd70196afe2e571/elements - {"using":"xpath","value":"//button[@data-kt=\"addButton\"]"}
RESULT: {"using":"xpath","value":"//button[@data-kt=\"addButton\"]"}
COMMAND: POST /session/f2510c46535a82282fd70196afe2e571/elements - {"using":"xpath","value":"//button[@data-kt=\"addButton\"]"}
RESULT: {"using":"xpath","value":"//button[@data-kt=\"addButton\"]"}
COMMAND: POST /session/f2510c46535a82282fd70196afe2e571/elements - {"using":"xpath","value":"//button[@data-kt=\"addButton\"]"}
RESULT: {"using":"xpath","value":"//button[@data-kt=\"addButton\"]"}
COMMAND: POST /session/f2510c46535a82282fd70196afe2e571/elements - {"using":"xpath","value":"//button[@data-kt=\"addButton\"]"}
RESULT: {"using":"xpath","value":"//button[@data-kt=\"addButton\"]"}
COMMAND: POST /session/f2510c46535a82282fd70196afe2e571/elements - {"using":"xpath","value":"//button[@data-kt=\"addButton\"]"}
RESULT: {"using":"xpath","value":"//button[@data-kt=\"addButton\"]"}
COMMAND: POST /session/f2510c46535a82282fd70196afe2e571/elements - {"using":"xpath","value":"//button[@data-kt=\"addButton\"]"}
RESULT: {"using":"xpath","value":"//button[@data-kt=\"addButton\"]"}
COMMAND: POST /session/f2510c46535a82282fd70196afe2e571/elements - {"using":"xpath","value":"//button[@data-kt=\"addButton\"]"}
RESULT: {"using":"xpath","value":"//button[@data-kt=\"addButton\"]"}
COMMAND: POST /session/f2510c46535a82282fd70196afe2e571/elements - {"using":"xpath","value":"//button[@data-kt=\"addButton\"]"}
RESULT: {"using":"xpath","value":"//button[@data-kt=\"addButton\"]"}
COMMAND: POST /session/f2510c46535a82282fd70196afe2e571/elements - {"using":"xpath","value":"//button[@data-kt=\"addButton\"]"}
RESULT: {"using":"xpath","value":"//button[@data-kt=\"addButton\"]"}
COMMAND: POST /session/f2510c46535a82282fd70196afe2e571/elements - {"using":"xpath","value":"//button[@data-kt=\"addButton\"]"}
RESULT: {"using":"xpath","value":"//button[@data-kt=\"addButton\"]"}
COMMAND: POST /session/f2510c46535a82282fd70196afe2e571/elements - {"using":"xpath","value":"//button[@data-kt=\"addButton\"]"}
RESULT: {"using":"xpath","value":"//button[@data-kt=\"addButton\"]"}
COMMAND: POST /session/f2510c46535a82282fd70196afe2e571/elements - {"using":"xpath","value":"//button[@data-kt=\"addButton\"]"}
RESULT: {"using":"xpath","value":"//button[@data-kt=\"addButton\"]"}
COMMAND: POST /session/f2510c46535a82282fd70196afe2e571/elements - {"using":"xpath","value":"//button[@data-kt=\"addButton\"]"}
RESULT: {"using":"xpath","value":"//button[@data-kt=\"addButton\"]"}
COMMAND: POST /session/f2510c46535a82282fd70196afe2e571/elements - {"using":"xpath","value":"//button[@data-kt=\"addButton\"]"}
RESULT: {"using":"xpath","value":"//button[@data-kt=\"addButton\"]"}
COMMAND: POST /session/f2510c46535a82282fd70196afe2e571/elements - {"using":"xpath","value":"//button[@data-kt=\"addButton\"]"}
RESULT: {"using":"xpath","value":"//button[@data-kt=\"addButton\"]"}
COMMAND: POST /session/f2510c46535a82282fd70196afe2e571/elements - {"using":"xpath","value":"//button[@data-kt=\"addButton\"]"}
RESULT: {"using":"xpath","value":"//button[@data-kt=\"addButton\"]"}
COMMAND: POST /session/f2510c46535a82282fd70196afe2e571/elements - {"using":"xpath","value":"//button[@data-kt=\"addButton\"]"}
RESULT: {"using":"xpath","value":"//button[@data-kt=\"addButton\"]"}
COMMAND: POST /session/f2510c46535a82282fd70196afe2e571/elements - {"using":"xpath","value":"//button[@data-kt=\"addButton\"]"}
RESULT: {"using":"xpath","value":"//button[@data-kt=\"addButton\"]"}
COMMAND: POST /session/f2510c46535a82282fd70196afe2e571/elements - {"using":"xpath","value":"//button[@data-kt=\"addButton\"]"}
RESULT: {"using":"xpath","value":"//button[@data-kt=\"addButton\"]"}
COMMAND: POST /session/f2510c46535a82282fd70196afe2e571/elements - {"using":"xpath","value":"//button[@data-kt=\"addButton\"]"}
RESULT: {"using":"xpath","value":"//button[@data-kt=\"addButton\"]"}
COMMAND: POST /session/f2510c46535a82282fd70196afe2e571/elements - {"using":"xpath","value":"//button[@data-kt=\"addButton\"]"}
RESULT: {"using":"xpath","value":"//button[@data-kt=\"addButton\"]"}
COMMAND: POST /session/f2510c46535a82282fd70196afe2e571/elements - {"using":"xpath","value":"//button[@data-kt=\"addButton\"]"}
RESULT: {"using":"xpath","value":"//button[@data-kt=\"addButton\"]"}
COMMAND: POST /session/f2510c46535a82282fd70196afe2e571/elements - {"using":"xpath","value":"//button[@data-kt=\"addButton\"]"}
RESULT: {"using":"xpath","value":"//button[@data-kt=\"addButton\"]"}
COMMAND: POST /session/f2510c46535a82282fd70196afe2e571/elements - {"using":"xpath","value":"//button[@data-kt=\"addButton\"]"}
RESULT: {"using":"xpath","value":"//button[@data-kt=\"addButton\"]"}
COMMAND: POST /session/f2510c46535a82282fd70196afe2e571/elements - {"using":"xpath","value":"//button[@data-kt=\"addButton\"]"}
RESULT: {"using":"xpath","value":"//button[@data-kt=\"addButton\"]"}
COMMAND: POST /session/f2510c46535a82282fd70196afe2e571/elements - {"using":"xpath","value":"//button[@data-kt=\"addButton\"]"}
RESULT: {"using":"xpath","value":"//button[@data-kt=\"addButton\"]"}
COMMAND: POST /session/f2510c46535a82282fd70196afe2e571/elements - {"using":"xpath","value":"//button[@data-kt=\"addButton\"]"}
RESULT: {"using":"xpath","value":"//button[@data-kt=\"addButton\"]"}
COMMAND: POST /session/f2510c46535a82282fd70196afe2e571/elements - {"using":"xpath","value":"//button[@data-kt=\"addButton\"]"}
RESULT: {"using":"xpath","value":"//button[@data-kt=\"addButton\"]"}
COMMAND: POST /session/f2510c46535a82282fd70196afe2e571/elements - {"using":"xpath","value":"//button[@data-kt=\"addButton\"]"}
RESULT: {"using":"xpath","value":"//button[@data-kt=\"addButton\"]"}
COMMAND: POST /session/f2510c46535a82282fd70196afe2e571/elements - {"using":"xpath","value":"//button[@data-kt=\"addButton\"]"}
RESULT: {"using":"xpath","value":"//button[@data-kt=\"addButton\"]"}
COMMAND: POST /session/f2510c46535a82282fd70196afe2e571/elements - {"using":"xpath","value":"//button[@data-kt=\"addButton\"]"}
RESULT: {"using":"xpath","value":"//button[@data-kt=\"addButton\"]"}
COMMAND: POST /session/f2510c46535a82282fd70196afe2e571/elements - {"using":"xpath","value":"//button[@data-kt=\"addButton\"]"}
RESULT: {"using":"xpath","value":"//button[@data-kt=\"addButton\"]"}
COMMAND: POST /session/f2510c46535a82282fd70196afe2e571/elements - {"using":"xpath","value":"//button[@data-kt=\"addButton\"]"}
RESULT: {"using":"xpath","value":"//button[@data-kt=\"addButton\"]"}
COMMAND: POST /session/f2510c46535a82282fd70196afe2e571/elements - {"using":"xpath","value":"//button[@data-kt=\"addButton\"]"}
RESULT: {"using":"xpath","value":"//button[@data-kt=\"addButton\"]"}
COMMAND: POST /session/f2510c46535a82282fd70196afe2e571/elements - {"using":"xpath","value":"//button[@data-kt=\"addButton\"]"}
RESULT: {"using":"xpath","value":"//button[@data-kt=\"addButton\"]"}
COMMAND: POST /session/f2510c46535a82282fd70196afe2e571/elements - {"using":"xpath","value":"//button[@data-kt=\"addButton\"]"}
RESULT: {"using":"xpath","value":"//button[@data-kt=\"addButton\"]"}
COMMAND: POST /session/f2510c46535a82282fd70196afe2e571/elements - {"using":"xpath","value":"//button[@data-kt=\"addButton\"]"}
RESULT: {"using":"xpath","value":"//button[@data-kt=\"addButton\"]"}
COMMAND: POST /session/f2510c46535a82282fd70196afe2e571/elements - {"using":"xpath","value":"//button[@data-kt=\"addButton\"]"}
RESULT: {"using":"xpath","value":"//button[@data-kt=\"addButton\"]"}
COMMAND: POST /session/f2510c46535a82282fd70196afe2e571/elements - {"using":"xpath","value":"//button[@data-kt=\"addButton\"]"}
RESULT: {"using":"xpath","value":"//button[@data-kt=\"addButton\"]"}
COMMAND: POST /session/f2510c46535a82282fd70196afe2e571/elements - {"using":"xpath","value":"//button[@data-kt=\"addButton\"]"}
RESULT: {"using":"xpath","value":"//button[@data-kt=\"addButton\"]"}
COMMAND: POST /session/f2510c46535a82282fd70196afe2e571/elements - {"using":"xpath","value":"//button[@data-kt=\"addButton\"]"}
RESULT: {"using":"xpath","value":"//button[@data-kt=\"addButton\"]"}
COMMAND: POST /session/f2510c46535a82282fd70196afe2e571/elements - {"using":"xpath","value":"//button[@data-kt=\"addButton\"]"}
RESULT: {"using":"xpath","value":"//button[@data-kt=\"addButton\"]"}
COMMAND: POST /session/f2510c46535a82282fd70196afe2e571/elements - {"using":"xpath","value":"//button[@data-kt=\"addButton\"]"}
RESULT: {"using":"xpath","value":"//button[@data-kt=\"addButton\"]"}
COMMAND: POST /session/f2510c46535a82282fd70196afe2e571/elements - {"using":"xpath","value":"//button[@data-kt=\"addButton\"]"}
RESULT: {"using":"xpath","value":"//button[@data-kt=\"addButton\"]"}
COMMAND: POST /session/f2510c46535a82282fd70196afe2e571/elements - {"using":"xpath","value":"//button[@data-kt=\"addButton\"]"}
RESULT: {"using":"xpath","value":"//button[@data-kt=\"addButton\"]"}
COMMAND: POST /session/f2510c46535a82282fd70196afe2e571/elements - {"using":"xpath","value":"//button[@data-kt=\"addButton\"]"}
RESULT: {"using":"xpath","value":"//button[@data-kt=\"addButton\"]"}
COMMAND: GET /session/f2510c46535a82282fd70196afe2e571/screenshot - {}
RESULT: {}
]]></system-out>
      <system-err><![CDATA[
Error: element ("//button[@data-kt="addButton"]") still not existing after 45000ms
    at async UtilsPrerequisites.contractCreation (D:\a\1\s\test\specs\BTS\prerequisites-and-utils-functions.js:1741:9)
    at async Context.<anonymous> (D:\a\1\s\test\specs\BTS\billing-performance-workdays.spec.js:192:44)
]]></system-err>
    </testcase>
    <testcase classname="chrome.136_0_7103_93.windows.Performance_based_billing_(work_days)_US139742" name="Should add equipment to the contract" time="60.6">
      <failure/>
      <error message="Can't call click on element with selector &quot;//button[@data-kt=&quot;contractDetailEditBtnButton&quot;]&quot; because element wasn't found"/>
      <system-out><![CDATA[
COMMAND: GET /session/f2510c46535a82282fd70196afe2e571/screenshot - {}
COMMAND: POST /session/f2510c46535a82282fd70196afe2e571/element - {"using":"xpath","value":"//button[@data-kt=\"contractDetailEditBtnButton\"]"}
RESULT: {"using":"xpath","value":"//button[@data-kt=\"contractDetailEditBtnButton\"]"}
COMMAND: POST /session/f2510c46535a82282fd70196afe2e571/elements - {"using":"xpath","value":"//button[@data-kt=\"contractDetailEditBtnButton\"]"}
RESULT: {}
RESULT: {"using":"xpath","value":"//button[@data-kt=\"contractDetailEditBtnButton\"]"}
COMMAND: POST /session/f2510c46535a82282fd70196afe2e571/elements - {"using":"xpath","value":"//button[@data-kt=\"contractDetailEditBtnButton\"]"}
RESULT: {"using":"xpath","value":"//button[@data-kt=\"contractDetailEditBtnButton\"]"}
COMMAND: POST /session/f2510c46535a82282fd70196afe2e571/elements - {"using":"xpath","value":"//button[@data-kt=\"contractDetailEditBtnButton\"]"}
RESULT: {"using":"xpath","value":"//button[@data-kt=\"contractDetailEditBtnButton\"]"}
COMMAND: POST /session/f2510c46535a82282fd70196afe2e571/elements - {"using":"xpath","value":"//button[@data-kt=\"contractDetailEditBtnButton\"]"}
RESULT: {"using":"xpath","value":"//button[@data-kt=\"contractDetailEditBtnButton\"]"}
COMMAND: POST /session/f2510c46535a82282fd70196afe2e571/elements - {"using":"xpath","value":"//button[@data-kt=\"contractDetailEditBtnButton\"]"}
RESULT: {"using":"xpath","value":"//button[@data-kt=\"contractDetailEditBtnButton\"]"}
COMMAND: POST /session/f2510c46535a82282fd70196afe2e571/elements - {"using":"xpath","value":"//button[@data-kt=\"contractDetailEditBtnButton\"]"}
RESULT: {"using":"xpath","value":"//button[@data-kt=\"contractDetailEditBtnButton\"]"}
COMMAND: POST /session/f2510c46535a82282fd70196afe2e571/elements - {"using":"xpath","value":"//button[@data-kt=\"contractDetailEditBtnButton\"]"}
RESULT: {"using":"xpath","value":"//button[@data-kt=\"contractDetailEditBtnButton\"]"}
COMMAND: POST /session/f2510c46535a82282fd70196afe2e571/elements - {"using":"xpath","value":"//button[@data-kt=\"contractDetailEditBtnButton\"]"}
RESULT: {"using":"xpath","value":"//button[@data-kt=\"contractDetailEditBtnButton\"]"}
COMMAND: POST /session/f2510c46535a82282fd70196afe2e571/elements - {"using":"xpath","value":"//button[@data-kt=\"contractDetailEditBtnButton\"]"}
RESULT: {"using":"xpath","value":"//button[@data-kt=\"contractDetailEditBtnButton\"]"}
COMMAND: POST /session/f2510c46535a82282fd70196afe2e571/elements - {"using":"xpath","value":"//button[@data-kt=\"contractDetailEditBtnButton\"]"}
RESULT: {"using":"xpath","value":"//button[@data-kt=\"contractDetailEditBtnButton\"]"}
COMMAND: POST /session/f2510c46535a82282fd70196afe2e571/elements - {"using":"xpath","value":"//button[@data-kt=\"contractDetailEditBtnButton\"]"}
RESULT: {"using":"xpath","value":"//button[@data-kt=\"contractDetailEditBtnButton\"]"}
COMMAND: POST /session/f2510c46535a82282fd70196afe2e571/elements - {"using":"xpath","value":"//button[@data-kt=\"contractDetailEditBtnButton\"]"}
RESULT: {"using":"xpath","value":"//button[@data-kt=\"contractDetailEditBtnButton\"]"}
COMMAND: POST /session/f2510c46535a82282fd70196afe2e571/elements - {"using":"xpath","value":"//button[@data-kt=\"contractDetailEditBtnButton\"]"}
RESULT: {"using":"xpath","value":"//button[@data-kt=\"contractDetailEditBtnButton\"]"}
COMMAND: POST /session/f2510c46535a82282fd70196afe2e571/elements - {"using":"xpath","value":"//button[@data-kt=\"contractDetailEditBtnButton\"]"}
RESULT: {"using":"xpath","value":"//button[@data-kt=\"contractDetailEditBtnButton\"]"}
COMMAND: POST /session/f2510c46535a82282fd70196afe2e571/elements - {"using":"xpath","value":"//button[@data-kt=\"contractDetailEditBtnButton\"]"}
RESULT: {"using":"xpath","value":"//button[@data-kt=\"contractDetailEditBtnButton\"]"}
COMMAND: POST /session/f2510c46535a82282fd70196afe2e571/elements - {"using":"xpath","value":"//button[@data-kt=\"contractDetailEditBtnButton\"]"}
RESULT: {"using":"xpath","value":"//button[@data-kt=\"contractDetailEditBtnButton\"]"}
COMMAND: POST /session/f2510c46535a82282fd70196afe2e571/elements - {"using":"xpath","value":"//button[@data-kt=\"contractDetailEditBtnButton\"]"}
RESULT: {"using":"xpath","value":"//button[@data-kt=\"contractDetailEditBtnButton\"]"}
COMMAND: POST /session/f2510c46535a82282fd70196afe2e571/elements - {"using":"xpath","value":"//button[@data-kt=\"contractDetailEditBtnButton\"]"}
RESULT: {"using":"xpath","value":"//button[@data-kt=\"contractDetailEditBtnButton\"]"}
COMMAND: POST /session/f2510c46535a82282fd70196afe2e571/elements - {"using":"xpath","value":"//button[@data-kt=\"contractDetailEditBtnButton\"]"}
RESULT: {"using":"xpath","value":"//button[@data-kt=\"contractDetailEditBtnButton\"]"}
COMMAND: POST /session/f2510c46535a82282fd70196afe2e571/elements - {"using":"xpath","value":"//button[@data-kt=\"contractDetailEditBtnButton\"]"}
RESULT: {"using":"xpath","value":"//button[@data-kt=\"contractDetailEditBtnButton\"]"}
COMMAND: POST /session/f2510c46535a82282fd70196afe2e571/elements - {"using":"xpath","value":"//button[@data-kt=\"contractDetailEditBtnButton\"]"}
RESULT: {"using":"xpath","value":"//button[@data-kt=\"contractDetailEditBtnButton\"]"}
COMMAND: POST /session/f2510c46535a82282fd70196afe2e571/elements - {"using":"xpath","value":"//button[@data-kt=\"contractDetailEditBtnButton\"]"}
RESULT: {"using":"xpath","value":"//button[@data-kt=\"contractDetailEditBtnButton\"]"}
COMMAND: POST /session/f2510c46535a82282fd70196afe2e571/elements - {"using":"xpath","value":"//button[@data-kt=\"contractDetailEditBtnButton\"]"}
RESULT: {"using":"xpath","value":"//button[@data-kt=\"contractDetailEditBtnButton\"]"}
COMMAND: POST /session/f2510c46535a82282fd70196afe2e571/elements - {"using":"xpath","value":"//button[@data-kt=\"contractDetailEditBtnButton\"]"}
RESULT: {"using":"xpath","value":"//button[@data-kt=\"contractDetailEditBtnButton\"]"}
COMMAND: POST /session/f2510c46535a82282fd70196afe2e571/elements - {"using":"xpath","value":"//button[@data-kt=\"contractDetailEditBtnButton\"]"}
RESULT: {"using":"xpath","value":"//button[@data-kt=\"contractDetailEditBtnButton\"]"}
COMMAND: POST /session/f2510c46535a82282fd70196afe2e571/elements - {"using":"xpath","value":"//button[@data-kt=\"contractDetailEditBtnButton\"]"}
RESULT: {"using":"xpath","value":"//button[@data-kt=\"contractDetailEditBtnButton\"]"}
COMMAND: POST /session/f2510c46535a82282fd70196afe2e571/elements - {"using":"xpath","value":"//button[@data-kt=\"contractDetailEditBtnButton\"]"}
RESULT: {"using":"xpath","value":"//button[@data-kt=\"contractDetailEditBtnButton\"]"}
COMMAND: POST /session/f2510c46535a82282fd70196afe2e571/elements - {"using":"xpath","value":"//button[@data-kt=\"contractDetailEditBtnButton\"]"}
RESULT: {"using":"xpath","value":"//button[@data-kt=\"contractDetailEditBtnButton\"]"}
COMMAND: POST /session/f2510c46535a82282fd70196afe2e571/elements - {"using":"xpath","value":"//button[@data-kt=\"contractDetailEditBtnButton\"]"}
RESULT: {"using":"xpath","value":"//button[@data-kt=\"contractDetailEditBtnButton\"]"}
COMMAND: POST /session/f2510c46535a82282fd70196afe2e571/elements - {"using":"xpath","value":"//button[@data-kt=\"contractDetailEditBtnButton\"]"}
RESULT: {"using":"xpath","value":"//button[@data-kt=\"contractDetailEditBtnButton\"]"}
COMMAND: POST /session/f2510c46535a82282fd70196afe2e571/elements - {"using":"xpath","value":"//button[@data-kt=\"contractDetailEditBtnButton\"]"}
RESULT: {"using":"xpath","value":"//button[@data-kt=\"contractDetailEditBtnButton\"]"}
COMMAND: POST /session/f2510c46535a82282fd70196afe2e571/elements - {"using":"xpath","value":"//button[@data-kt=\"contractDetailEditBtnButton\"]"}
RESULT: {"using":"xpath","value":"//button[@data-kt=\"contractDetailEditBtnButton\"]"}
COMMAND: POST /session/f2510c46535a82282fd70196afe2e571/elements - {"using":"xpath","value":"//button[@data-kt=\"contractDetailEditBtnButton\"]"}
RESULT: {"using":"xpath","value":"//button[@data-kt=\"contractDetailEditBtnButton\"]"}
COMMAND: POST /session/f2510c46535a82282fd70196afe2e571/elements - {"using":"xpath","value":"//button[@data-kt=\"contractDetailEditBtnButton\"]"}
RESULT: {"using":"xpath","value":"//button[@data-kt=\"contractDetailEditBtnButton\"]"}
COMMAND: POST /session/f2510c46535a82282fd70196afe2e571/elements - {"using":"xpath","value":"//button[@data-kt=\"contractDetailEditBtnButton\"]"}
RESULT: {"using":"xpath","value":"//button[@data-kt=\"contractDetailEditBtnButton\"]"}
COMMAND: POST /session/f2510c46535a82282fd70196afe2e571/elements - {"using":"xpath","value":"//button[@data-kt=\"contractDetailEditBtnButton\"]"}
RESULT: {"using":"xpath","value":"//button[@data-kt=\"contractDetailEditBtnButton\"]"}
COMMAND: POST /session/f2510c46535a82282fd70196afe2e571/elements - {"using":"xpath","value":"//button[@data-kt=\"contractDetailEditBtnButton\"]"}
RESULT: {"using":"xpath","value":"//button[@data-kt=\"contractDetailEditBtnButton\"]"}
COMMAND: POST /session/f2510c46535a82282fd70196afe2e571/elements - {"using":"xpath","value":"//button[@data-kt=\"contractDetailEditBtnButton\"]"}
RESULT: {"using":"xpath","value":"//button[@data-kt=\"contractDetailEditBtnButton\"]"}
COMMAND: POST /session/f2510c46535a82282fd70196afe2e571/elements - {"using":"xpath","value":"//button[@data-kt=\"contractDetailEditBtnButton\"]"}
RESULT: {"using":"xpath","value":"//button[@data-kt=\"contractDetailEditBtnButton\"]"}
COMMAND: POST /session/f2510c46535a82282fd70196afe2e571/elements - {"using":"xpath","value":"//button[@data-kt=\"contractDetailEditBtnButton\"]"}
RESULT: {"using":"xpath","value":"//button[@data-kt=\"contractDetailEditBtnButton\"]"}
COMMAND: POST /session/f2510c46535a82282fd70196afe2e571/elements - {"using":"xpath","value":"//button[@data-kt=\"contractDetailEditBtnButton\"]"}
RESULT: {"using":"xpath","value":"//button[@data-kt=\"contractDetailEditBtnButton\"]"}
COMMAND: POST /session/f2510c46535a82282fd70196afe2e571/elements - {"using":"xpath","value":"//button[@data-kt=\"contractDetailEditBtnButton\"]"}
RESULT: {"using":"xpath","value":"//button[@data-kt=\"contractDetailEditBtnButton\"]"}
COMMAND: POST /session/f2510c46535a82282fd70196afe2e571/elements - {"using":"xpath","value":"//button[@data-kt=\"contractDetailEditBtnButton\"]"}
RESULT: {"using":"xpath","value":"//button[@data-kt=\"contractDetailEditBtnButton\"]"}
COMMAND: POST /session/f2510c46535a82282fd70196afe2e571/elements - {"using":"xpath","value":"//button[@data-kt=\"contractDetailEditBtnButton\"]"}
RESULT: {"using":"xpath","value":"//button[@data-kt=\"contractDetailEditBtnButton\"]"}
COMMAND: POST /session/f2510c46535a82282fd70196afe2e571/elements - {"using":"xpath","value":"//button[@data-kt=\"contractDetailEditBtnButton\"]"}
RESULT: {"using":"xpath","value":"//button[@data-kt=\"contractDetailEditBtnButton\"]"}
COMMAND: POST /session/f2510c46535a82282fd70196afe2e571/elements - {"using":"xpath","value":"//button[@data-kt=\"contractDetailEditBtnButton\"]"}
RESULT: {"using":"xpath","value":"//button[@data-kt=\"contractDetailEditBtnButton\"]"}
COMMAND: POST /session/f2510c46535a82282fd70196afe2e571/elements - {"using":"xpath","value":"//button[@data-kt=\"contractDetailEditBtnButton\"]"}
RESULT: {"using":"xpath","value":"//button[@data-kt=\"contractDetailEditBtnButton\"]"}
COMMAND: POST /session/f2510c46535a82282fd70196afe2e571/elements - {"using":"xpath","value":"//button[@data-kt=\"contractDetailEditBtnButton\"]"}
RESULT: {"using":"xpath","value":"//button[@data-kt=\"contractDetailEditBtnButton\"]"}
COMMAND: POST /session/f2510c46535a82282fd70196afe2e571/elements - {"using":"xpath","value":"//button[@data-kt=\"contractDetailEditBtnButton\"]"}
RESULT: {"using":"xpath","value":"//button[@data-kt=\"contractDetailEditBtnButton\"]"}
COMMAND: POST /session/f2510c46535a82282fd70196afe2e571/elements - {"using":"xpath","value":"//button[@data-kt=\"contractDetailEditBtnButton\"]"}
RESULT: {"using":"xpath","value":"//button[@data-kt=\"contractDetailEditBtnButton\"]"}
COMMAND: POST /session/f2510c46535a82282fd70196afe2e571/elements - {"using":"xpath","value":"//button[@data-kt=\"contractDetailEditBtnButton\"]"}
RESULT: {"using":"xpath","value":"//button[@data-kt=\"contractDetailEditBtnButton\"]"}
COMMAND: POST /session/f2510c46535a82282fd70196afe2e571/elements - {"using":"xpath","value":"//button[@data-kt=\"contractDetailEditBtnButton\"]"}
RESULT: {"using":"xpath","value":"//button[@data-kt=\"contractDetailEditBtnButton\"]"}
COMMAND: POST /session/f2510c46535a82282fd70196afe2e571/elements - {"using":"xpath","value":"//button[@data-kt=\"contractDetailEditBtnButton\"]"}
RESULT: {"using":"xpath","value":"//button[@data-kt=\"contractDetailEditBtnButton\"]"}
COMMAND: POST /session/f2510c46535a82282fd70196afe2e571/elements - {"using":"xpath","value":"//button[@data-kt=\"contractDetailEditBtnButton\"]"}
RESULT: {"using":"xpath","value":"//button[@data-kt=\"contractDetailEditBtnButton\"]"}
COMMAND: POST /session/f2510c46535a82282fd70196afe2e571/elements - {"using":"xpath","value":"//button[@data-kt=\"contractDetailEditBtnButton\"]"}
RESULT: {"using":"xpath","value":"//button[@data-kt=\"contractDetailEditBtnButton\"]"}
COMMAND: POST /session/f2510c46535a82282fd70196afe2e571/elements - {"using":"xpath","value":"//button[@data-kt=\"contractDetailEditBtnButton\"]"}
RESULT: {"using":"xpath","value":"//button[@data-kt=\"contractDetailEditBtnButton\"]"}
COMMAND: POST /session/f2510c46535a82282fd70196afe2e571/elements - {"using":"xpath","value":"//button[@data-kt=\"contractDetailEditBtnButton\"]"}
RESULT: {"using":"xpath","value":"//button[@data-kt=\"contractDetailEditBtnButton\"]"}
COMMAND: POST /session/f2510c46535a82282fd70196afe2e571/elements - {"using":"xpath","value":"//button[@data-kt=\"contractDetailEditBtnButton\"]"}
RESULT: {"using":"xpath","value":"//button[@data-kt=\"contractDetailEditBtnButton\"]"}
COMMAND: POST /session/f2510c46535a82282fd70196afe2e571/elements - {"using":"xpath","value":"//button[@data-kt=\"contractDetailEditBtnButton\"]"}
RESULT: {"using":"xpath","value":"//button[@data-kt=\"contractDetailEditBtnButton\"]"}
COMMAND: POST /session/f2510c46535a82282fd70196afe2e571/elements - {"using":"xpath","value":"//button[@data-kt=\"contractDetailEditBtnButton\"]"}
RESULT: {"using":"xpath","value":"//button[@data-kt=\"contractDetailEditBtnButton\"]"}
COMMAND: POST /session/f2510c46535a82282fd70196afe2e571/elements - {"using":"xpath","value":"//button[@data-kt=\"contractDetailEditBtnButton\"]"}
RESULT: {"using":"xpath","value":"//button[@data-kt=\"contractDetailEditBtnButton\"]"}
COMMAND: POST /session/f2510c46535a82282fd70196afe2e571/elements - {"using":"xpath","value":"//button[@data-kt=\"contractDetailEditBtnButton\"]"}
RESULT: {"using":"xpath","value":"//button[@data-kt=\"contractDetailEditBtnButton\"]"}
COMMAND: POST /session/f2510c46535a82282fd70196afe2e571/elements - {"using":"xpath","value":"//button[@data-kt=\"contractDetailEditBtnButton\"]"}
RESULT: {"using":"xpath","value":"//button[@data-kt=\"contractDetailEditBtnButton\"]"}
COMMAND: POST /session/f2510c46535a82282fd70196afe2e571/elements - {"using":"xpath","value":"//button[@data-kt=\"contractDetailEditBtnButton\"]"}
RESULT: {"using":"xpath","value":"//button[@data-kt=\"contractDetailEditBtnButton\"]"}
COMMAND: POST /session/f2510c46535a82282fd70196afe2e571/elements - {"using":"xpath","value":"//button[@data-kt=\"contractDetailEditBtnButton\"]"}
RESULT: {"using":"xpath","value":"//button[@data-kt=\"contractDetailEditBtnButton\"]"}
COMMAND: POST /session/f2510c46535a82282fd70196afe2e571/elements - {"using":"xpath","value":"//button[@data-kt=\"contractDetailEditBtnButton\"]"}
RESULT: {"using":"xpath","value":"//button[@data-kt=\"contractDetailEditBtnButton\"]"}
COMMAND: POST /session/f2510c46535a82282fd70196afe2e571/elements - {"using":"xpath","value":"//button[@data-kt=\"contractDetailEditBtnButton\"]"}
RESULT: {"using":"xpath","value":"//button[@data-kt=\"contractDetailEditBtnButton\"]"}
COMMAND: POST /session/f2510c46535a82282fd70196afe2e571/elements - {"using":"xpath","value":"//button[@data-kt=\"contractDetailEditBtnButton\"]"}
RESULT: {"using":"xpath","value":"//button[@data-kt=\"contractDetailEditBtnButton\"]"}
COMMAND: POST /session/f2510c46535a82282fd70196afe2e571/elements - {"using":"xpath","value":"//button[@data-kt=\"contractDetailEditBtnButton\"]"}
RESULT: {"using":"xpath","value":"//button[@data-kt=\"contractDetailEditBtnButton\"]"}
COMMAND: POST /session/f2510c46535a82282fd70196afe2e571/elements - {"using":"xpath","value":"//button[@data-kt=\"contractDetailEditBtnButton\"]"}
RESULT: {"using":"xpath","value":"//button[@data-kt=\"contractDetailEditBtnButton\"]"}
COMMAND: POST /session/f2510c46535a82282fd70196afe2e571/elements - {"using":"xpath","value":"//button[@data-kt=\"contractDetailEditBtnButton\"]"}
RESULT: {"using":"xpath","value":"//button[@data-kt=\"contractDetailEditBtnButton\"]"}
COMMAND: POST /session/f2510c46535a82282fd70196afe2e571/elements - {"using":"xpath","value":"//button[@data-kt=\"contractDetailEditBtnButton\"]"}
RESULT: {"using":"xpath","value":"//button[@data-kt=\"contractDetailEditBtnButton\"]"}
COMMAND: POST /session/f2510c46535a82282fd70196afe2e571/elements - {"using":"xpath","value":"//button[@data-kt=\"contractDetailEditBtnButton\"]"}
RESULT: {"using":"xpath","value":"//button[@data-kt=\"contractDetailEditBtnButton\"]"}
COMMAND: POST /session/f2510c46535a82282fd70196afe2e571/elements - {"using":"xpath","value":"//button[@data-kt=\"contractDetailEditBtnButton\"]"}
RESULT: {"using":"xpath","value":"//button[@data-kt=\"contractDetailEditBtnButton\"]"}
COMMAND: POST /session/f2510c46535a82282fd70196afe2e571/elements - {"using":"xpath","value":"//button[@data-kt=\"contractDetailEditBtnButton\"]"}
RESULT: {"using":"xpath","value":"//button[@data-kt=\"contractDetailEditBtnButton\"]"}
COMMAND: POST /session/f2510c46535a82282fd70196afe2e571/elements - {"using":"xpath","value":"//button[@data-kt=\"contractDetailEditBtnButton\"]"}
RESULT: {"using":"xpath","value":"//button[@data-kt=\"contractDetailEditBtnButton\"]"}
COMMAND: POST /session/f2510c46535a82282fd70196afe2e571/elements - {"using":"xpath","value":"//button[@data-kt=\"contractDetailEditBtnButton\"]"}
RESULT: {"using":"xpath","value":"//button[@data-kt=\"contractDetailEditBtnButton\"]"}
COMMAND: POST /session/f2510c46535a82282fd70196afe2e571/elements - {"using":"xpath","value":"//button[@data-kt=\"contractDetailEditBtnButton\"]"}
RESULT: {"using":"xpath","value":"//button[@data-kt=\"contractDetailEditBtnButton\"]"}
COMMAND: POST /session/f2510c46535a82282fd70196afe2e571/elements - {"using":"xpath","value":"//button[@data-kt=\"contractDetailEditBtnButton\"]"}
RESULT: {"using":"xpath","value":"//button[@data-kt=\"contractDetailEditBtnButton\"]"}
COMMAND: POST /session/f2510c46535a82282fd70196afe2e571/elements - {"using":"xpath","value":"//button[@data-kt=\"contractDetailEditBtnButton\"]"}
RESULT: {"using":"xpath","value":"//button[@data-kt=\"contractDetailEditBtnButton\"]"}
COMMAND: POST /session/f2510c46535a82282fd70196afe2e571/elements - {"using":"xpath","value":"//button[@data-kt=\"contractDetailEditBtnButton\"]"}
RESULT: {"using":"xpath","value":"//button[@data-kt=\"contractDetailEditBtnButton\"]"}
COMMAND: POST /session/f2510c46535a82282fd70196afe2e571/elements - {"using":"xpath","value":"//button[@data-kt=\"contractDetailEditBtnButton\"]"}
RESULT: {"using":"xpath","value":"//button[@data-kt=\"contractDetailEditBtnButton\"]"}
COMMAND: POST /session/f2510c46535a82282fd70196afe2e571/elements - {"using":"xpath","value":"//button[@data-kt=\"contractDetailEditBtnButton\"]"}
RESULT: {"using":"xpath","value":"//button[@data-kt=\"contractDetailEditBtnButton\"]"}
COMMAND: POST /session/f2510c46535a82282fd70196afe2e571/elements - {"using":"xpath","value":"//button[@data-kt=\"contractDetailEditBtnButton\"]"}
RESULT: {"using":"xpath","value":"//button[@data-kt=\"contractDetailEditBtnButton\"]"}
COMMAND: POST /session/f2510c46535a82282fd70196afe2e571/elements - {"using":"xpath","value":"//button[@data-kt=\"contractDetailEditBtnButton\"]"}
RESULT: {"using":"xpath","value":"//button[@data-kt=\"contractDetailEditBtnButton\"]"}
COMMAND: POST /session/f2510c46535a82282fd70196afe2e571/elements - {"using":"xpath","value":"//button[@data-kt=\"contractDetailEditBtnButton\"]"}
RESULT: {"using":"xpath","value":"//button[@data-kt=\"contractDetailEditBtnButton\"]"}
COMMAND: POST /session/f2510c46535a82282fd70196afe2e571/elements - {"using":"xpath","value":"//button[@data-kt=\"contractDetailEditBtnButton\"]"}
RESULT: {"using":"xpath","value":"//button[@data-kt=\"contractDetailEditBtnButton\"]"}
COMMAND: POST /session/f2510c46535a82282fd70196afe2e571/elements - {"using":"xpath","value":"//button[@data-kt=\"contractDetailEditBtnButton\"]"}
RESULT: {"using":"xpath","value":"//button[@data-kt=\"contractDetailEditBtnButton\"]"}
COMMAND: POST /session/f2510c46535a82282fd70196afe2e571/elements - {"using":"xpath","value":"//button[@data-kt=\"contractDetailEditBtnButton\"]"}
RESULT: {"using":"xpath","value":"//button[@data-kt=\"contractDetailEditBtnButton\"]"}
COMMAND: POST /session/f2510c46535a82282fd70196afe2e571/elements - {"using":"xpath","value":"//button[@data-kt=\"contractDetailEditBtnButton\"]"}
RESULT: {"using":"xpath","value":"//button[@data-kt=\"contractDetailEditBtnButton\"]"}
COMMAND: POST /session/f2510c46535a82282fd70196afe2e571/elements - {"using":"xpath","value":"//button[@data-kt=\"contractDetailEditBtnButton\"]"}
RESULT: {"using":"xpath","value":"//button[@data-kt=\"contractDetailEditBtnButton\"]"}
COMMAND: POST /session/f2510c46535a82282fd70196afe2e571/elements - {"using":"xpath","value":"//button[@data-kt=\"contractDetailEditBtnButton\"]"}
RESULT: {"using":"xpath","value":"//button[@data-kt=\"contractDetailEditBtnButton\"]"}
COMMAND: POST /session/f2510c46535a82282fd70196afe2e571/elements - {"using":"xpath","value":"//button[@data-kt=\"contractDetailEditBtnButton\"]"}
RESULT: {"using":"xpath","value":"//button[@data-kt=\"contractDetailEditBtnButton\"]"}
COMMAND: POST /session/f2510c46535a82282fd70196afe2e571/elements - {"using":"xpath","value":"//button[@data-kt=\"contractDetailEditBtnButton\"]"}
RESULT: {"using":"xpath","value":"//button[@data-kt=\"contractDetailEditBtnButton\"]"}
COMMAND: POST /session/f2510c46535a82282fd70196afe2e571/elements - {"using":"xpath","value":"//button[@data-kt=\"contractDetailEditBtnButton\"]"}
RESULT: {"using":"xpath","value":"//button[@data-kt=\"contractDetailEditBtnButton\"]"}
COMMAND: POST /session/f2510c46535a82282fd70196afe2e571/elements - {"using":"xpath","value":"//button[@data-kt=\"contractDetailEditBtnButton\"]"}
RESULT: {"using":"xpath","value":"//button[@data-kt=\"contractDetailEditBtnButton\"]"}
COMMAND: POST /session/f2510c46535a82282fd70196afe2e571/elements - {"using":"xpath","value":"//button[@data-kt=\"contractDetailEditBtnButton\"]"}
RESULT: {"using":"xpath","value":"//button[@data-kt=\"contractDetailEditBtnButton\"]"}
COMMAND: POST /session/f2510c46535a82282fd70196afe2e571/elements - {"using":"xpath","value":"//button[@data-kt=\"contractDetailEditBtnButton\"]"}
RESULT: {"using":"xpath","value":"//button[@data-kt=\"contractDetailEditBtnButton\"]"}
COMMAND: POST /session/f2510c46535a82282fd70196afe2e571/elements - {"using":"xpath","value":"//button[@data-kt=\"contractDetailEditBtnButton\"]"}
RESULT: {"using":"xpath","value":"//button[@data-kt=\"contractDetailEditBtnButton\"]"}
COMMAND: POST /session/f2510c46535a82282fd70196afe2e571/elements - {"using":"xpath","value":"//button[@data-kt=\"contractDetailEditBtnButton\"]"}
RESULT: {"using":"xpath","value":"//button[@data-kt=\"contractDetailEditBtnButton\"]"}
COMMAND: POST /session/f2510c46535a82282fd70196afe2e571/elements - {"using":"xpath","value":"//button[@data-kt=\"contractDetailEditBtnButton\"]"}
RESULT: {"using":"xpath","value":"//button[@data-kt=\"contractDetailEditBtnButton\"]"}
COMMAND: POST /session/f2510c46535a82282fd70196afe2e571/elements - {"using":"xpath","value":"//button[@data-kt=\"contractDetailEditBtnButton\"]"}
RESULT: {"using":"xpath","value":"//button[@data-kt=\"contractDetailEditBtnButton\"]"}
COMMAND: POST /session/f2510c46535a82282fd70196afe2e571/elements - {"using":"xpath","value":"//button[@data-kt=\"contractDetailEditBtnButton\"]"}
RESULT: {"using":"xpath","value":"//button[@data-kt=\"contractDetailEditBtnButton\"]"}
COMMAND: POST /session/f2510c46535a82282fd70196afe2e571/elements - {"using":"xpath","value":"//button[@data-kt=\"contractDetailEditBtnButton\"]"}
RESULT: {"using":"xpath","value":"//button[@data-kt=\"contractDetailEditBtnButton\"]"}
COMMAND: POST /session/f2510c46535a82282fd70196afe2e571/elements - {"using":"xpath","value":"//button[@data-kt=\"contractDetailEditBtnButton\"]"}
RESULT: {"using":"xpath","value":"//button[@data-kt=\"contractDetailEditBtnButton\"]"}
COMMAND: POST /session/f2510c46535a82282fd70196afe2e571/elements - {"using":"xpath","value":"//button[@data-kt=\"contractDetailEditBtnButton\"]"}
RESULT: {"using":"xpath","value":"//button[@data-kt=\"contractDetailEditBtnButton\"]"}
COMMAND: POST /session/f2510c46535a82282fd70196afe2e571/elements - {"using":"xpath","value":"//button[@data-kt=\"contractDetailEditBtnButton\"]"}
RESULT: {"using":"xpath","value":"//button[@data-kt=\"contractDetailEditBtnButton\"]"}
COMMAND: POST /session/f2510c46535a82282fd70196afe2e571/elements - {"using":"xpath","value":"//button[@data-kt=\"contractDetailEditBtnButton\"]"}
RESULT: {"using":"xpath","value":"//button[@data-kt=\"contractDetailEditBtnButton\"]"}
COMMAND: POST /session/f2510c46535a82282fd70196afe2e571/elements - {"using":"xpath","value":"//button[@data-kt=\"contractDetailEditBtnButton\"]"}
RESULT: {"using":"xpath","value":"//button[@data-kt=\"contractDetailEditBtnButton\"]"}
COMMAND: POST /session/f2510c46535a82282fd70196afe2e571/elements - {"using":"xpath","value":"//button[@data-kt=\"contractDetailEditBtnButton\"]"}
RESULT: {"using":"xpath","value":"//button[@data-kt=\"contractDetailEditBtnButton\"]"}
COMMAND: POST /session/f2510c46535a82282fd70196afe2e571/elements - {"using":"xpath","value":"//button[@data-kt=\"contractDetailEditBtnButton\"]"}
RESULT: {"using":"xpath","value":"//button[@data-kt=\"contractDetailEditBtnButton\"]"}
COMMAND: POST /session/f2510c46535a82282fd70196afe2e571/elements - {"using":"xpath","value":"//button[@data-kt=\"contractDetailEditBtnButton\"]"}
RESULT: {"using":"xpath","value":"//button[@data-kt=\"contractDetailEditBtnButton\"]"}
COMMAND: POST /session/f2510c46535a82282fd70196afe2e571/elements - {"using":"xpath","value":"//button[@data-kt=\"contractDetailEditBtnButton\"]"}
RESULT: {"using":"xpath","value":"//button[@data-kt=\"contractDetailEditBtnButton\"]"}
COMMAND: POST /session/f2510c46535a82282fd70196afe2e571/elements - {"using":"xpath","value":"//button[@data-kt=\"contractDetailEditBtnButton\"]"}
RESULT: {"using":"xpath","value":"//button[@data-kt=\"contractDetailEditBtnButton\"]"}
COMMAND: POST /session/f2510c46535a82282fd70196afe2e571/elements - {"using":"xpath","value":"//button[@data-kt=\"contractDetailEditBtnButton\"]"}
RESULT: {"using":"xpath","value":"//button[@data-kt=\"contractDetailEditBtnButton\"]"}
COMMAND: POST /session/f2510c46535a82282fd70196afe2e571/elements - {"using":"xpath","value":"//button[@data-kt=\"contractDetailEditBtnButton\"]"}
RESULT: {"using":"xpath","value":"//button[@data-kt=\"contractDetailEditBtnButton\"]"}
COMMAND: POST /session/f2510c46535a82282fd70196afe2e571/elements - {"using":"xpath","value":"//button[@data-kt=\"contractDetailEditBtnButton\"]"}
RESULT: {"using":"xpath","value":"//button[@data-kt=\"contractDetailEditBtnButton\"]"}
COMMAND: POST /session/f2510c46535a82282fd70196afe2e571/elements - {"using":"xpath","value":"//button[@data-kt=\"contractDetailEditBtnButton\"]"}
RESULT: {"using":"xpath","value":"//button[@data-kt=\"contractDetailEditBtnButton\"]"}
COMMAND: POST /session/f2510c46535a82282fd70196afe2e571/elements - {"using":"xpath","value":"//button[@data-kt=\"contractDetailEditBtnButton\"]"}
RESULT: {"using":"xpath","value":"//button[@data-kt=\"contractDetailEditBtnButton\"]"}
COMMAND: POST /session/f2510c46535a82282fd70196afe2e571/elements - {"using":"xpath","value":"//button[@data-kt=\"contractDetailEditBtnButton\"]"}
RESULT: {"using":"xpath","value":"//button[@data-kt=\"contractDetailEditBtnButton\"]"}
COMMAND: GET /session/f2510c46535a82282fd70196afe2e571/screenshot - {}
RESULT: {}
]]></system-out>
      <system-err><![CDATA[
Error: Can't call click on element with selector "//button[@data-kt="contractDetailEditBtnButton"]" because element wasn't found
    at async UtilsPrerequisites.addItemToContract (D:\a\1\s\test\specs\BTS\prerequisites-and-utils-functions.js:1852:9)
    at async Context.<anonymous> (D:\a\1\s\test\specs\BTS\billing-performance-workdays.spec.js:196:9)
]]></system-err>
    </testcase>
    <testcase classname="chrome.136_0_7103_93.windows.Performance_based_billing_(work_days)_US139742" name="Should do a provide to site handover" time="60.429">
      <failure/>
      <error message="Can't call click on element with selector &quot;//button[@data-kt=&quot;provideButton&quot;]&quot; because element wasn't found"/>
      <system-out><![CDATA[
COMMAND: POST /session/f2510c46535a82282fd70196afe2e571/element - {"using":"xpath","value":"//button[@data-kt=\"provideButton\"]"}
COMMAND: GET /session/f2510c46535a82282fd70196afe2e571/screenshot - {}
RESULT: {"using":"xpath","value":"//button[@data-kt=\"provideButton\"]"}
COMMAND: POST /session/f2510c46535a82282fd70196afe2e571/elements - {"using":"xpath","value":"//button[@data-kt=\"provideButton\"]"}
RESULT: {}
RESULT: {"using":"xpath","value":"//button[@data-kt=\"provideButton\"]"}
COMMAND: POST /session/f2510c46535a82282fd70196afe2e571/elements - {"using":"xpath","value":"//button[@data-kt=\"provideButton\"]"}
RESULT: {"using":"xpath","value":"//button[@data-kt=\"provideButton\"]"}
COMMAND: POST /session/f2510c46535a82282fd70196afe2e571/elements - {"using":"xpath","value":"//button[@data-kt=\"provideButton\"]"}
RESULT: {"using":"xpath","value":"//button[@data-kt=\"provideButton\"]"}
COMMAND: POST /session/f2510c46535a82282fd70196afe2e571/elements - {"using":"xpath","value":"//button[@data-kt=\"provideButton\"]"}
RESULT: {"using":"xpath","value":"//button[@data-kt=\"provideButton\"]"}
COMMAND: POST /session/f2510c46535a82282fd70196afe2e571/elements - {"using":"xpath","value":"//button[@data-kt=\"provideButton\"]"}
RESULT: {"using":"xpath","value":"//button[@data-kt=\"provideButton\"]"}
COMMAND: POST /session/f2510c46535a82282fd70196afe2e571/elements - {"using":"xpath","value":"//button[@data-kt=\"provideButton\"]"}
RESULT: {"using":"xpath","value":"//button[@data-kt=\"provideButton\"]"}
COMMAND: POST /session/f2510c46535a82282fd70196afe2e571/elements - {"using":"xpath","value":"//button[@data-kt=\"provideButton\"]"}
RESULT: {"using":"xpath","value":"//button[@data-kt=\"provideButton\"]"}
COMMAND: POST /session/f2510c46535a82282fd70196afe2e571/elements - {"using":"xpath","value":"//button[@data-kt=\"provideButton\"]"}
RESULT: {"using":"xpath","value":"//button[@data-kt=\"provideButton\"]"}
COMMAND: POST /session/f2510c46535a82282fd70196afe2e571/elements - {"using":"xpath","value":"//button[@data-kt=\"provideButton\"]"}
RESULT: {"using":"xpath","value":"//button[@data-kt=\"provideButton\"]"}
COMMAND: POST /session/f2510c46535a82282fd70196afe2e571/elements - {"using":"xpath","value":"//button[@data-kt=\"provideButton\"]"}
RESULT: {"using":"xpath","value":"//button[@data-kt=\"provideButton\"]"}
COMMAND: POST /session/f2510c46535a82282fd70196afe2e571/elements - {"using":"xpath","value":"//button[@data-kt=\"provideButton\"]"}
RESULT: {"using":"xpath","value":"//button[@data-kt=\"provideButton\"]"}
COMMAND: POST /session/f2510c46535a82282fd70196afe2e571/elements - {"using":"xpath","value":"//button[@data-kt=\"provideButton\"]"}
RESULT: {"using":"xpath","value":"//button[@data-kt=\"provideButton\"]"}
COMMAND: POST /session/f2510c46535a82282fd70196afe2e571/elements - {"using":"xpath","value":"//button[@data-kt=\"provideButton\"]"}
RESULT: {"using":"xpath","value":"//button[@data-kt=\"provideButton\"]"}
COMMAND: POST /session/f2510c46535a82282fd70196afe2e571/elements - {"using":"xpath","value":"//button[@data-kt=\"provideButton\"]"}
RESULT: {"using":"xpath","value":"//button[@data-kt=\"provideButton\"]"}
COMMAND: POST /session/f2510c46535a82282fd70196afe2e571/elements - {"using":"xpath","value":"//button[@data-kt=\"provideButton\"]"}
RESULT: {"using":"xpath","value":"//button[@data-kt=\"provideButton\"]"}
COMMAND: POST /session/f2510c46535a82282fd70196afe2e571/elements - {"using":"xpath","value":"//button[@data-kt=\"provideButton\"]"}
RESULT: {"using":"xpath","value":"//button[@data-kt=\"provideButton\"]"}
COMMAND: POST /session/f2510c46535a82282fd70196afe2e571/elements - {"using":"xpath","value":"//button[@data-kt=\"provideButton\"]"}
RESULT: {"using":"xpath","value":"//button[@data-kt=\"provideButton\"]"}
COMMAND: POST /session/f2510c46535a82282fd70196afe2e571/elements - {"using":"xpath","value":"//button[@data-kt=\"provideButton\"]"}
RESULT: {"using":"xpath","value":"//button[@data-kt=\"provideButton\"]"}
COMMAND: POST /session/f2510c46535a82282fd70196afe2e571/elements - {"using":"xpath","value":"//button[@data-kt=\"provideButton\"]"}
RESULT: {"using":"xpath","value":"//button[@data-kt=\"provideButton\"]"}
COMMAND: POST /session/f2510c46535a82282fd70196afe2e571/elements - {"using":"xpath","value":"//button[@data-kt=\"provideButton\"]"}
RESULT: {"using":"xpath","value":"//button[@data-kt=\"provideButton\"]"}
COMMAND: POST /session/f2510c46535a82282fd70196afe2e571/elements - {"using":"xpath","value":"//button[@data-kt=\"provideButton\"]"}
RESULT: {"using":"xpath","value":"//button[@data-kt=\"provideButton\"]"}
COMMAND: POST /session/f2510c46535a82282fd70196afe2e571/elements - {"using":"xpath","value":"//button[@data-kt=\"provideButton\"]"}
RESULT: {"using":"xpath","value":"//button[@data-kt=\"provideButton\"]"}
COMMAND: POST /session/f2510c46535a82282fd70196afe2e571/elements - {"using":"xpath","value":"//button[@data-kt=\"provideButton\"]"}
RESULT: {"using":"xpath","value":"//button[@data-kt=\"provideButton\"]"}
COMMAND: POST /session/f2510c46535a82282fd70196afe2e571/elements - {"using":"xpath","value":"//button[@data-kt=\"provideButton\"]"}
RESULT: {"using":"xpath","value":"//button[@data-kt=\"provideButton\"]"}
COMMAND: POST /session/f2510c46535a82282fd70196afe2e571/elements - {"using":"xpath","value":"//button[@data-kt=\"provideButton\"]"}
RESULT: {"using":"xpath","value":"//button[@data-kt=\"provideButton\"]"}
COMMAND: POST /session/f2510c46535a82282fd70196afe2e571/elements - {"using":"xpath","value":"//button[@data-kt=\"provideButton\"]"}
RESULT: {"using":"xpath","value":"//button[@data-kt=\"provideButton\"]"}
COMMAND: POST /session/f2510c46535a82282fd70196afe2e571/elements - {"using":"xpath","value":"//button[@data-kt=\"provideButton\"]"}
RESULT: {"using":"xpath","value":"//button[@data-kt=\"provideButton\"]"}
COMMAND: POST /session/f2510c46535a82282fd70196afe2e571/elements - {"using":"xpath","value":"//button[@data-kt=\"provideButton\"]"}
RESULT: {"using":"xpath","value":"//button[@data-kt=\"provideButton\"]"}
COMMAND: POST /session/f2510c46535a82282fd70196afe2e571/elements - {"using":"xpath","value":"//button[@data-kt=\"provideButton\"]"}
RESULT: {"using":"xpath","value":"//button[@data-kt=\"provideButton\"]"}
COMMAND: POST /session/f2510c46535a82282fd70196afe2e571/elements - {"using":"xpath","value":"//button[@data-kt=\"provideButton\"]"}
RESULT: {"using":"xpath","value":"//button[@data-kt=\"provideButton\"]"}
COMMAND: POST /session/f2510c46535a82282fd70196afe2e571/elements - {"using":"xpath","value":"//button[@data-kt=\"provideButton\"]"}
RESULT: {"using":"xpath","value":"//button[@data-kt=\"provideButton\"]"}
COMMAND: POST /session/f2510c46535a82282fd70196afe2e571/elements - {"using":"xpath","value":"//button[@data-kt=\"provideButton\"]"}
RESULT: {"using":"xpath","value":"//button[@data-kt=\"provideButton\"]"}
COMMAND: POST /session/f2510c46535a82282fd70196afe2e571/elements - {"using":"xpath","value":"//button[@data-kt=\"provideButton\"]"}
RESULT: {"using":"xpath","value":"//button[@data-kt=\"provideButton\"]"}
COMMAND: POST /session/f2510c46535a82282fd70196afe2e571/elements - {"using":"xpath","value":"//button[@data-kt=\"provideButton\"]"}
RESULT: {"using":"xpath","value":"//button[@data-kt=\"provideButton\"]"}
COMMAND: POST /session/f2510c46535a82282fd70196afe2e571/elements - {"using":"xpath","value":"//button[@data-kt=\"provideButton\"]"}
RESULT: {"using":"xpath","value":"//button[@data-kt=\"provideButton\"]"}
COMMAND: POST /session/f2510c46535a82282fd70196afe2e571/elements - {"using":"xpath","value":"//button[@data-kt=\"provideButton\"]"}
RESULT: {"using":"xpath","value":"//button[@data-kt=\"provideButton\"]"}
COMMAND: POST /session/f2510c46535a82282fd70196afe2e571/elements - {"using":"xpath","value":"//button[@data-kt=\"provideButton\"]"}
RESULT: {"using":"xpath","value":"//button[@data-kt=\"provideButton\"]"}
COMMAND: POST /session/f2510c46535a82282fd70196afe2e571/elements - {"using":"xpath","value":"//button[@data-kt=\"provideButton\"]"}
RESULT: {"using":"xpath","value":"//button[@data-kt=\"provideButton\"]"}
COMMAND: POST /session/f2510c46535a82282fd70196afe2e571/elements - {"using":"xpath","value":"//button[@data-kt=\"provideButton\"]"}
RESULT: {"using":"xpath","value":"//button[@data-kt=\"provideButton\"]"}
COMMAND: POST /session/f2510c46535a82282fd70196afe2e571/elements - {"using":"xpath","value":"//button[@data-kt=\"provideButton\"]"}
RESULT: {"using":"xpath","value":"//button[@data-kt=\"provideButton\"]"}
COMMAND: POST /session/f2510c46535a82282fd70196afe2e571/elements - {"using":"xpath","value":"//button[@data-kt=\"provideButton\"]"}
RESULT: {"using":"xpath","value":"//button[@data-kt=\"provideButton\"]"}
COMMAND: POST /session/f2510c46535a82282fd70196afe2e571/elements - {"using":"xpath","value":"//button[@data-kt=\"provideButton\"]"}
RESULT: {"using":"xpath","value":"//button[@data-kt=\"provideButton\"]"}
COMMAND: POST /session/f2510c46535a82282fd70196afe2e571/elements - {"using":"xpath","value":"//button[@data-kt=\"provideButton\"]"}
RESULT: {"using":"xpath","value":"//button[@data-kt=\"provideButton\"]"}
COMMAND: POST /session/f2510c46535a82282fd70196afe2e571/elements - {"using":"xpath","value":"//button[@data-kt=\"provideButton\"]"}
RESULT: {"using":"xpath","value":"//button[@data-kt=\"provideButton\"]"}
COMMAND: POST /session/f2510c46535a82282fd70196afe2e571/elements - {"using":"xpath","value":"//button[@data-kt=\"provideButton\"]"}
RESULT: {"using":"xpath","value":"//button[@data-kt=\"provideButton\"]"}
COMMAND: POST /session/f2510c46535a82282fd70196afe2e571/elements - {"using":"xpath","value":"//button[@data-kt=\"provideButton\"]"}
RESULT: {"using":"xpath","value":"//button[@data-kt=\"provideButton\"]"}
COMMAND: POST /session/f2510c46535a82282fd70196afe2e571/elements - {"using":"xpath","value":"//button[@data-kt=\"provideButton\"]"}
RESULT: {"using":"xpath","value":"//button[@data-kt=\"provideButton\"]"}
COMMAND: POST /session/f2510c46535a82282fd70196afe2e571/elements - {"using":"xpath","value":"//button[@data-kt=\"provideButton\"]"}
RESULT: {"using":"xpath","value":"//button[@data-kt=\"provideButton\"]"}
COMMAND: POST /session/f2510c46535a82282fd70196afe2e571/elements - {"using":"xpath","value":"//button[@data-kt=\"provideButton\"]"}
RESULT: {"using":"xpath","value":"//button[@data-kt=\"provideButton\"]"}
COMMAND: POST /session/f2510c46535a82282fd70196afe2e571/elements - {"using":"xpath","value":"//button[@data-kt=\"provideButton\"]"}
RESULT: {"using":"xpath","value":"//button[@data-kt=\"provideButton\"]"}
COMMAND: POST /session/f2510c46535a82282fd70196afe2e571/elements - {"using":"xpath","value":"//button[@data-kt=\"provideButton\"]"}
RESULT: {"using":"xpath","value":"//button[@data-kt=\"provideButton\"]"}
COMMAND: POST /session/f2510c46535a82282fd70196afe2e571/elements - {"using":"xpath","value":"//button[@data-kt=\"provideButton\"]"}
RESULT: {"using":"xpath","value":"//button[@data-kt=\"provideButton\"]"}
COMMAND: POST /session/f2510c46535a82282fd70196afe2e571/elements - {"using":"xpath","value":"//button[@data-kt=\"provideButton\"]"}
RESULT: {"using":"xpath","value":"//button[@data-kt=\"provideButton\"]"}
COMMAND: POST /session/f2510c46535a82282fd70196afe2e571/elements - {"using":"xpath","value":"//button[@data-kt=\"provideButton\"]"}
RESULT: {"using":"xpath","value":"//button[@data-kt=\"provideButton\"]"}
COMMAND: POST /session/f2510c46535a82282fd70196afe2e571/elements - {"using":"xpath","value":"//button[@data-kt=\"provideButton\"]"}
RESULT: {"using":"xpath","value":"//button[@data-kt=\"provideButton\"]"}
COMMAND: POST /session/f2510c46535a82282fd70196afe2e571/elements - {"using":"xpath","value":"//button[@data-kt=\"provideButton\"]"}
RESULT: {"using":"xpath","value":"//button[@data-kt=\"provideButton\"]"}
COMMAND: POST /session/f2510c46535a82282fd70196afe2e571/elements - {"using":"xpath","value":"//button[@data-kt=\"provideButton\"]"}
RESULT: {"using":"xpath","value":"//button[@data-kt=\"provideButton\"]"}
COMMAND: POST /session/f2510c46535a82282fd70196afe2e571/elements - {"using":"xpath","value":"//button[@data-kt=\"provideButton\"]"}
RESULT: {"using":"xpath","value":"//button[@data-kt=\"provideButton\"]"}
COMMAND: POST /session/f2510c46535a82282fd70196afe2e571/elements - {"using":"xpath","value":"//button[@data-kt=\"provideButton\"]"}
RESULT: {"using":"xpath","value":"//button[@data-kt=\"provideButton\"]"}
COMMAND: POST /session/f2510c46535a82282fd70196afe2e571/elements - {"using":"xpath","value":"//button[@data-kt=\"provideButton\"]"}
RESULT: {"using":"xpath","value":"//button[@data-kt=\"provideButton\"]"}
COMMAND: POST /session/f2510c46535a82282fd70196afe2e571/elements - {"using":"xpath","value":"//button[@data-kt=\"provideButton\"]"}
RESULT: {"using":"xpath","value":"//button[@data-kt=\"provideButton\"]"}
COMMAND: POST /session/f2510c46535a82282fd70196afe2e571/elements - {"using":"xpath","value":"//button[@data-kt=\"provideButton\"]"}
RESULT: {"using":"xpath","value":"//button[@data-kt=\"provideButton\"]"}
COMMAND: POST /session/f2510c46535a82282fd70196afe2e571/elements - {"using":"xpath","value":"//button[@data-kt=\"provideButton\"]"}
RESULT: {"using":"xpath","value":"//button[@data-kt=\"provideButton\"]"}
COMMAND: POST /session/f2510c46535a82282fd70196afe2e571/elements - {"using":"xpath","value":"//button[@data-kt=\"provideButton\"]"}
RESULT: {"using":"xpath","value":"//button[@data-kt=\"provideButton\"]"}
COMMAND: POST /session/f2510c46535a82282fd70196afe2e571/elements - {"using":"xpath","value":"//button[@data-kt=\"provideButton\"]"}
RESULT: {"using":"xpath","value":"//button[@data-kt=\"provideButton\"]"}
COMMAND: POST /session/f2510c46535a82282fd70196afe2e571/elements - {"using":"xpath","value":"//button[@data-kt=\"provideButton\"]"}
RESULT: {"using":"xpath","value":"//button[@data-kt=\"provideButton\"]"}
COMMAND: POST /session/f2510c46535a82282fd70196afe2e571/elements - {"using":"xpath","value":"//button[@data-kt=\"provideButton\"]"}
RESULT: {"using":"xpath","value":"//button[@data-kt=\"provideButton\"]"}
COMMAND: POST /session/f2510c46535a82282fd70196afe2e571/elements - {"using":"xpath","value":"//button[@data-kt=\"provideButton\"]"}
RESULT: {"using":"xpath","value":"//button[@data-kt=\"provideButton\"]"}
COMMAND: POST /session/f2510c46535a82282fd70196afe2e571/elements - {"using":"xpath","value":"//button[@data-kt=\"provideButton\"]"}
RESULT: {"using":"xpath","value":"//button[@data-kt=\"provideButton\"]"}
COMMAND: POST /session/f2510c46535a82282fd70196afe2e571/elements - {"using":"xpath","value":"//button[@data-kt=\"provideButton\"]"}
RESULT: {"using":"xpath","value":"//button[@data-kt=\"provideButton\"]"}
COMMAND: POST /session/f2510c46535a82282fd70196afe2e571/elements - {"using":"xpath","value":"//button[@data-kt=\"provideButton\"]"}
RESULT: {"using":"xpath","value":"//button[@data-kt=\"provideButton\"]"}
COMMAND: POST /session/f2510c46535a82282fd70196afe2e571/elements - {"using":"xpath","value":"//button[@data-kt=\"provideButton\"]"}
RESULT: {"using":"xpath","value":"//button[@data-kt=\"provideButton\"]"}
COMMAND: POST /session/f2510c46535a82282fd70196afe2e571/elements - {"using":"xpath","value":"//button[@data-kt=\"provideButton\"]"}
RESULT: {"using":"xpath","value":"//button[@data-kt=\"provideButton\"]"}
COMMAND: POST /session/f2510c46535a82282fd70196afe2e571/elements - {"using":"xpath","value":"//button[@data-kt=\"provideButton\"]"}
RESULT: {"using":"xpath","value":"//button[@data-kt=\"provideButton\"]"}
COMMAND: POST /session/f2510c46535a82282fd70196afe2e571/elements - {"using":"xpath","value":"//button[@data-kt=\"provideButton\"]"}
RESULT: {"using":"xpath","value":"//button[@data-kt=\"provideButton\"]"}
COMMAND: POST /session/f2510c46535a82282fd70196afe2e571/elements - {"using":"xpath","value":"//button[@data-kt=\"provideButton\"]"}
RESULT: {"using":"xpath","value":"//button[@data-kt=\"provideButton\"]"}
COMMAND: POST /session/f2510c46535a82282fd70196afe2e571/elements - {"using":"xpath","value":"//button[@data-kt=\"provideButton\"]"}
RESULT: {"using":"xpath","value":"//button[@data-kt=\"provideButton\"]"}
COMMAND: POST /session/f2510c46535a82282fd70196afe2e571/elements - {"using":"xpath","value":"//button[@data-kt=\"provideButton\"]"}
RESULT: {"using":"xpath","value":"//button[@data-kt=\"provideButton\"]"}
COMMAND: POST /session/f2510c46535a82282fd70196afe2e571/elements - {"using":"xpath","value":"//button[@data-kt=\"provideButton\"]"}
RESULT: {"using":"xpath","value":"//button[@data-kt=\"provideButton\"]"}
COMMAND: POST /session/f2510c46535a82282fd70196afe2e571/elements - {"using":"xpath","value":"//button[@data-kt=\"provideButton\"]"}
RESULT: {"using":"xpath","value":"//button[@data-kt=\"provideButton\"]"}
COMMAND: POST /session/f2510c46535a82282fd70196afe2e571/elements - {"using":"xpath","value":"//button[@data-kt=\"provideButton\"]"}
RESULT: {"using":"xpath","value":"//button[@data-kt=\"provideButton\"]"}
COMMAND: POST /session/f2510c46535a82282fd70196afe2e571/elements - {"using":"xpath","value":"//button[@data-kt=\"provideButton\"]"}
RESULT: {"using":"xpath","value":"//button[@data-kt=\"provideButton\"]"}
COMMAND: POST /session/f2510c46535a82282fd70196afe2e571/elements - {"using":"xpath","value":"//button[@data-kt=\"provideButton\"]"}
RESULT: {"using":"xpath","value":"//button[@data-kt=\"provideButton\"]"}
COMMAND: POST /session/f2510c46535a82282fd70196afe2e571/elements - {"using":"xpath","value":"//button[@data-kt=\"provideButton\"]"}
RESULT: {"using":"xpath","value":"//button[@data-kt=\"provideButton\"]"}
COMMAND: POST /session/f2510c46535a82282fd70196afe2e571/elements - {"using":"xpath","value":"//button[@data-kt=\"provideButton\"]"}
RESULT: {"using":"xpath","value":"//button[@data-kt=\"provideButton\"]"}
COMMAND: POST /session/f2510c46535a82282fd70196afe2e571/elements - {"using":"xpath","value":"//button[@data-kt=\"provideButton\"]"}
RESULT: {"using":"xpath","value":"//button[@data-kt=\"provideButton\"]"}
COMMAND: POST /session/f2510c46535a82282fd70196afe2e571/elements - {"using":"xpath","value":"//button[@data-kt=\"provideButton\"]"}
RESULT: {"using":"xpath","value":"//button[@data-kt=\"provideButton\"]"}
COMMAND: POST /session/f2510c46535a82282fd70196afe2e571/elements - {"using":"xpath","value":"//button[@data-kt=\"provideButton\"]"}
RESULT: {"using":"xpath","value":"//button[@data-kt=\"provideButton\"]"}
COMMAND: POST /session/f2510c46535a82282fd70196afe2e571/elements - {"using":"xpath","value":"//button[@data-kt=\"provideButton\"]"}
RESULT: {"using":"xpath","value":"//button[@data-kt=\"provideButton\"]"}
COMMAND: POST /session/f2510c46535a82282fd70196afe2e571/elements - {"using":"xpath","value":"//button[@data-kt=\"provideButton\"]"}
RESULT: {"using":"xpath","value":"//button[@data-kt=\"provideButton\"]"}
COMMAND: POST /session/f2510c46535a82282fd70196afe2e571/elements - {"using":"xpath","value":"//button[@data-kt=\"provideButton\"]"}
RESULT: {"using":"xpath","value":"//button[@data-kt=\"provideButton\"]"}
COMMAND: POST /session/f2510c46535a82282fd70196afe2e571/elements - {"using":"xpath","value":"//button[@data-kt=\"provideButton\"]"}
RESULT: {"using":"xpath","value":"//button[@data-kt=\"provideButton\"]"}
COMMAND: POST /session/f2510c46535a82282fd70196afe2e571/elements - {"using":"xpath","value":"//button[@data-kt=\"provideButton\"]"}
RESULT: {"using":"xpath","value":"//button[@data-kt=\"provideButton\"]"}
COMMAND: POST /session/f2510c46535a82282fd70196afe2e571/elements - {"using":"xpath","value":"//button[@data-kt=\"provideButton\"]"}
RESULT: {"using":"xpath","value":"//button[@data-kt=\"provideButton\"]"}
COMMAND: POST /session/f2510c46535a82282fd70196afe2e571/elements - {"using":"xpath","value":"//button[@data-kt=\"provideButton\"]"}
RESULT: {"using":"xpath","value":"//button[@data-kt=\"provideButton\"]"}
COMMAND: POST /session/f2510c46535a82282fd70196afe2e571/elements - {"using":"xpath","value":"//button[@data-kt=\"provideButton\"]"}
RESULT: {"using":"xpath","value":"//button[@data-kt=\"provideButton\"]"}
COMMAND: POST /session/f2510c46535a82282fd70196afe2e571/elements - {"using":"xpath","value":"//button[@data-kt=\"provideButton\"]"}
RESULT: {"using":"xpath","value":"//button[@data-kt=\"provideButton\"]"}
COMMAND: POST /session/f2510c46535a82282fd70196afe2e571/elements - {"using":"xpath","value":"//button[@data-kt=\"provideButton\"]"}
RESULT: {"using":"xpath","value":"//button[@data-kt=\"provideButton\"]"}
COMMAND: POST /session/f2510c46535a82282fd70196afe2e571/elements - {"using":"xpath","value":"//button[@data-kt=\"provideButton\"]"}
RESULT: {"using":"xpath","value":"//button[@data-kt=\"provideButton\"]"}
COMMAND: POST /session/f2510c46535a82282fd70196afe2e571/elements - {"using":"xpath","value":"//button[@data-kt=\"provideButton\"]"}
RESULT: {"using":"xpath","value":"//button[@data-kt=\"provideButton\"]"}
COMMAND: POST /session/f2510c46535a82282fd70196afe2e571/elements - {"using":"xpath","value":"//button[@data-kt=\"provideButton\"]"}
RESULT: {"using":"xpath","value":"//button[@data-kt=\"provideButton\"]"}
COMMAND: POST /session/f2510c46535a82282fd70196afe2e571/elements - {"using":"xpath","value":"//button[@data-kt=\"provideButton\"]"}
RESULT: {"using":"xpath","value":"//button[@data-kt=\"provideButton\"]"}
COMMAND: POST /session/f2510c46535a82282fd70196afe2e571/elements - {"using":"xpath","value":"//button[@data-kt=\"provideButton\"]"}
RESULT: {"using":"xpath","value":"//button[@data-kt=\"provideButton\"]"}
COMMAND: POST /session/f2510c46535a82282fd70196afe2e571/elements - {"using":"xpath","value":"//button[@data-kt=\"provideButton\"]"}
RESULT: {"using":"xpath","value":"//button[@data-kt=\"provideButton\"]"}
COMMAND: POST /session/f2510c46535a82282fd70196afe2e571/elements - {"using":"xpath","value":"//button[@data-kt=\"provideButton\"]"}
RESULT: {"using":"xpath","value":"//button[@data-kt=\"provideButton\"]"}
COMMAND: POST /session/f2510c46535a82282fd70196afe2e571/elements - {"using":"xpath","value":"//button[@data-kt=\"provideButton\"]"}
RESULT: {"using":"xpath","value":"//button[@data-kt=\"provideButton\"]"}
COMMAND: POST /session/f2510c46535a82282fd70196afe2e571/elements - {"using":"xpath","value":"//button[@data-kt=\"provideButton\"]"}
RESULT: {"using":"xpath","value":"//button[@data-kt=\"provideButton\"]"}
COMMAND: POST /session/f2510c46535a82282fd70196afe2e571/elements - {"using":"xpath","value":"//button[@data-kt=\"provideButton\"]"}
RESULT: {"using":"xpath","value":"//button[@data-kt=\"provideButton\"]"}
COMMAND: POST /session/f2510c46535a82282fd70196afe2e571/elements - {"using":"xpath","value":"//button[@data-kt=\"provideButton\"]"}
RESULT: {"using":"xpath","value":"//button[@data-kt=\"provideButton\"]"}
COMMAND: POST /session/f2510c46535a82282fd70196afe2e571/elements - {"using":"xpath","value":"//button[@data-kt=\"provideButton\"]"}
RESULT: {"using":"xpath","value":"//button[@data-kt=\"provideButton\"]"}
COMMAND: POST /session/f2510c46535a82282fd70196afe2e571/elements - {"using":"xpath","value":"//button[@data-kt=\"provideButton\"]"}
RESULT: {"using":"xpath","value":"//button[@data-kt=\"provideButton\"]"}
COMMAND: POST /session/f2510c46535a82282fd70196afe2e571/elements - {"using":"xpath","value":"//button[@data-kt=\"provideButton\"]"}
RESULT: {"using":"xpath","value":"//button[@data-kt=\"provideButton\"]"}
COMMAND: POST /session/f2510c46535a82282fd70196afe2e571/elements - {"using":"xpath","value":"//button[@data-kt=\"provideButton\"]"}
RESULT: {"using":"xpath","value":"//button[@data-kt=\"provideButton\"]"}
COMMAND: POST /session/f2510c46535a82282fd70196afe2e571/elements - {"using":"xpath","value":"//button[@data-kt=\"provideButton\"]"}
RESULT: {"using":"xpath","value":"//button[@data-kt=\"provideButton\"]"}
COMMAND: POST /session/f2510c46535a82282fd70196afe2e571/elements - {"using":"xpath","value":"//button[@data-kt=\"provideButton\"]"}
RESULT: {"using":"xpath","value":"//button[@data-kt=\"provideButton\"]"}
COMMAND: POST /session/f2510c46535a82282fd70196afe2e571/elements - {"using":"xpath","value":"//button[@data-kt=\"provideButton\"]"}
RESULT: {"using":"xpath","value":"//button[@data-kt=\"provideButton\"]"}
COMMAND: POST /session/f2510c46535a82282fd70196afe2e571/elements - {"using":"xpath","value":"//button[@data-kt=\"provideButton\"]"}
RESULT: {"using":"xpath","value":"//button[@data-kt=\"provideButton\"]"}
COMMAND: POST /session/f2510c46535a82282fd70196afe2e571/elements - {"using":"xpath","value":"//button[@data-kt=\"provideButton\"]"}
RESULT: {"using":"xpath","value":"//button[@data-kt=\"provideButton\"]"}
COMMAND: POST /session/f2510c46535a82282fd70196afe2e571/elements - {"using":"xpath","value":"//button[@data-kt=\"provideButton\"]"}
RESULT: {"using":"xpath","value":"//button[@data-kt=\"provideButton\"]"}
COMMAND: POST /session/f2510c46535a82282fd70196afe2e571/elements - {"using":"xpath","value":"//button[@data-kt=\"provideButton\"]"}
RESULT: {"using":"xpath","value":"//button[@data-kt=\"provideButton\"]"}
COMMAND: POST /session/f2510c46535a82282fd70196afe2e571/elements - {"using":"xpath","value":"//button[@data-kt=\"provideButton\"]"}
COMMAND: GET /session/f2510c46535a82282fd70196afe2e571/screenshot - {}
RESULT: {"using":"xpath","value":"//button[@data-kt=\"provideButton\"]"}
RESULT: {}
]]></system-out>
      <system-err><![CDATA[
Error: Can't call click on element with selector "//button[@data-kt="provideButton"]" because element wasn't found
    at async UtilsPrerequisites.provideToSiteHandoverFromContractDetails (D:\a\1\s\test\specs\BTS\prerequisites-and-utils-functions.js:1949:9)
    at async Context.<anonymous> (D:\a\1\s\test\specs\BTS\billing-performance-workdays.spec.js:200:9)
]]></system-err>
    </testcase>
    <testcase classname="chrome.136_0_7103_93.windows.Performance_based_billing_(work_days)_US139742" name="Should create a few performance documents" time="40.972">
      <failure/>
      <error message="element (&quot;//div[@id=&quot;application-managestatesandperformance-display-component---stateAndPerform--smartFilterBarResources-btnBasicSearch&quot;]&quot;) still not existing after 30000ms"/>
      <system-out><![CDATA[
COMMAND: POST /session/f2510c46535a82282fd70196afe2e571/execute/async - {"script":"<script> [1562 bytes]","args":[{"selector":{"controlType":"sap.m.GenericTile","properties":{"header":"Manage States & Performance"}},"wdio_ui5_key":"sapm.GenericTile{\"header\":\"Manage States & Performance\"}"}]}
COMMAND: GET /session/f2510c46535a82282fd70196afe2e571/screenshot - {}
RESULT: {"script":"<script> [1562 bytes]","args":[{"selector":{"controlType":"sap.m.GenericTile","properties":{"header":"Manage States & Performance"}},"wdio_ui5_key":"sapm.GenericTile{\"header\":\"Manage States & Performance\"}"}]}
RESULT: undefined
RESULT: {}
COMMAND: POST /session/f2510c46535a82282fd70196afe2e571/elements - {"using":"xpath","value":"//span[text()='Error']"}
RESULT: {"using":"xpath","value":"//span[text()='Error']"}
COMMAND: POST /session/f2510c46535a82282fd70196afe2e571/element - {"using":"xpath","value":"//div[@id=\"application-managestatesandperformance-display-component---stateAndPerform--smartFilterBarResources-btnBasicSearch\"]"}
RESULT: {"using":"xpath","value":"//div[@id=\"application-managestatesandperformance-display-component---stateAndPerform--smartFilterBarResources-btnBasicSearch\"]"}
COMMAND: POST /session/f2510c46535a82282fd70196afe2e571/elements - {"using":"xpath","value":"//div[@id=\"application-managestatesandperformance-display-component---stateAndPerform--smartFilterBarResources-btnBasicSearch\"]"}
RESULT: {"using":"xpath","value":"//div[@id=\"application-managestatesandperformance-display-component---stateAndPerform--smartFilterBarResources-btnBasicSearch\"]"}
COMMAND: POST /session/f2510c46535a82282fd70196afe2e571/elements - {"using":"xpath","value":"//div[@id=\"application-managestatesandperformance-display-component---stateAndPerform--smartFilterBarResources-btnBasicSearch\"]"}
RESULT: {"using":"xpath","value":"//div[@id=\"application-managestatesandperformance-display-component---stateAndPerform--smartFilterBarResources-btnBasicSearch\"]"}
COMMAND: POST /session/f2510c46535a82282fd70196afe2e571/elements - {"using":"xpath","value":"//div[@id=\"application-managestatesandperformance-display-component---stateAndPerform--smartFilterBarResources-btnBasicSearch\"]"}
RESULT: {"using":"xpath","value":"//div[@id=\"application-managestatesandperformance-display-component---stateAndPerform--smartFilterBarResources-btnBasicSearch\"]"}
COMMAND: POST /session/f2510c46535a82282fd70196afe2e571/elements - {"using":"xpath","value":"//div[@id=\"application-managestatesandperformance-display-component---stateAndPerform--smartFilterBarResources-btnBasicSearch\"]"}
RESULT: {"using":"xpath","value":"//div[@id=\"application-managestatesandperformance-display-component---stateAndPerform--smartFilterBarResources-btnBasicSearch\"]"}
COMMAND: POST /session/f2510c46535a82282fd70196afe2e571/elements - {"using":"xpath","value":"//div[@id=\"application-managestatesandperformance-display-component---stateAndPerform--smartFilterBarResources-btnBasicSearch\"]"}
RESULT: {"using":"xpath","value":"//div[@id=\"application-managestatesandperformance-display-component---stateAndPerform--smartFilterBarResources-btnBasicSearch\"]"}
COMMAND: POST /session/f2510c46535a82282fd70196afe2e571/elements - {"using":"xpath","value":"//div[@id=\"application-managestatesandperformance-display-component---stateAndPerform--smartFilterBarResources-btnBasicSearch\"]"}
RESULT: {"using":"xpath","value":"//div[@id=\"application-managestatesandperformance-display-component---stateAndPerform--smartFilterBarResources-btnBasicSearch\"]"}
COMMAND: POST /session/f2510c46535a82282fd70196afe2e571/elements - {"using":"xpath","value":"//div[@id=\"application-managestatesandperformance-display-component---stateAndPerform--smartFilterBarResources-btnBasicSearch\"]"}
RESULT: {"using":"xpath","value":"//div[@id=\"application-managestatesandperformance-display-component---stateAndPerform--smartFilterBarResources-btnBasicSearch\"]"}
COMMAND: POST /session/f2510c46535a82282fd70196afe2e571/elements - {"using":"xpath","value":"//div[@id=\"application-managestatesandperformance-display-component---stateAndPerform--smartFilterBarResources-btnBasicSearch\"]"}
RESULT: {"using":"xpath","value":"//div[@id=\"application-managestatesandperformance-display-component---stateAndPerform--smartFilterBarResources-btnBasicSearch\"]"}
COMMAND: POST /session/f2510c46535a82282fd70196afe2e571/elements - {"using":"xpath","value":"//div[@id=\"application-managestatesandperformance-display-component---stateAndPerform--smartFilterBarResources-btnBasicSearch\"]"}
RESULT: {"using":"xpath","value":"//div[@id=\"application-managestatesandperformance-display-component---stateAndPerform--smartFilterBarResources-btnBasicSearch\"]"}
COMMAND: POST /session/f2510c46535a82282fd70196afe2e571/elements - {"using":"xpath","value":"//div[@id=\"application-managestatesandperformance-display-component---stateAndPerform--smartFilterBarResources-btnBasicSearch\"]"}
RESULT: {"using":"xpath","value":"//div[@id=\"application-managestatesandperformance-display-component---stateAndPerform--smartFilterBarResources-btnBasicSearch\"]"}
COMMAND: POST /session/f2510c46535a82282fd70196afe2e571/elements - {"using":"xpath","value":"//div[@id=\"application-managestatesandperformance-display-component---stateAndPerform--smartFilterBarResources-btnBasicSearch\"]"}
RESULT: {"using":"xpath","value":"//div[@id=\"application-managestatesandperformance-display-component---stateAndPerform--smartFilterBarResources-btnBasicSearch\"]"}
COMMAND: POST /session/f2510c46535a82282fd70196afe2e571/elements - {"using":"xpath","value":"//div[@id=\"application-managestatesandperformance-display-component---stateAndPerform--smartFilterBarResources-btnBasicSearch\"]"}
RESULT: {"using":"xpath","value":"//div[@id=\"application-managestatesandperformance-display-component---stateAndPerform--smartFilterBarResources-btnBasicSearch\"]"}
COMMAND: POST /session/f2510c46535a82282fd70196afe2e571/elements - {"using":"xpath","value":"//div[@id=\"application-managestatesandperformance-display-component---stateAndPerform--smartFilterBarResources-btnBasicSearch\"]"}
RESULT: {"using":"xpath","value":"//div[@id=\"application-managestatesandperformance-display-component---stateAndPerform--smartFilterBarResources-btnBasicSearch\"]"}
COMMAND: POST /session/f2510c46535a82282fd70196afe2e571/elements - {"using":"xpath","value":"//div[@id=\"application-managestatesandperformance-display-component---stateAndPerform--smartFilterBarResources-btnBasicSearch\"]"}
RESULT: {"using":"xpath","value":"//div[@id=\"application-managestatesandperformance-display-component---stateAndPerform--smartFilterBarResources-btnBasicSearch\"]"}
COMMAND: POST /session/f2510c46535a82282fd70196afe2e571/elements - {"using":"xpath","value":"//div[@id=\"application-managestatesandperformance-display-component---stateAndPerform--smartFilterBarResources-btnBasicSearch\"]"}
RESULT: {"using":"xpath","value":"//div[@id=\"application-managestatesandperformance-display-component---stateAndPerform--smartFilterBarResources-btnBasicSearch\"]"}
COMMAND: POST /session/f2510c46535a82282fd70196afe2e571/elements - {"using":"xpath","value":"//div[@id=\"application-managestatesandperformance-display-component---stateAndPerform--smartFilterBarResources-btnBasicSearch\"]"}
RESULT: {"using":"xpath","value":"//div[@id=\"application-managestatesandperformance-display-component---stateAndPerform--smartFilterBarResources-btnBasicSearch\"]"}
COMMAND: POST /session/f2510c46535a82282fd70196afe2e571/elements - {"using":"xpath","value":"//div[@id=\"application-managestatesandperformance-display-component---stateAndPerform--smartFilterBarResources-btnBasicSearch\"]"}
RESULT: {"using":"xpath","value":"//div[@id=\"application-managestatesandperformance-display-component---stateAndPerform--smartFilterBarResources-btnBasicSearch\"]"}
COMMAND: POST /session/f2510c46535a82282fd70196afe2e571/elements - {"using":"xpath","value":"//div[@id=\"application-managestatesandperformance-display-component---stateAndPerform--smartFilterBarResources-btnBasicSearch\"]"}
RESULT: {"using":"xpath","value":"//div[@id=\"application-managestatesandperformance-display-component---stateAndPerform--smartFilterBarResources-btnBasicSearch\"]"}
COMMAND: POST /session/f2510c46535a82282fd70196afe2e571/elements - {"using":"xpath","value":"//div[@id=\"application-managestatesandperformance-display-component---stateAndPerform--smartFilterBarResources-btnBasicSearch\"]"}
RESULT: {"using":"xpath","value":"//div[@id=\"application-managestatesandperformance-display-component---stateAndPerform--smartFilterBarResources-btnBasicSearch\"]"}
COMMAND: POST /session/f2510c46535a82282fd70196afe2e571/elements - {"using":"xpath","value":"//div[@id=\"application-managestatesandperformance-display-component---stateAndPerform--smartFilterBarResources-btnBasicSearch\"]"}
RESULT: {"using":"xpath","value":"//div[@id=\"application-managestatesandperformance-display-component---stateAndPerform--smartFilterBarResources-btnBasicSearch\"]"}
COMMAND: POST /session/f2510c46535a82282fd70196afe2e571/elements - {"using":"xpath","value":"//div[@id=\"application-managestatesandperformance-display-component---stateAndPerform--smartFilterBarResources-btnBasicSearch\"]"}
RESULT: {"using":"xpath","value":"//div[@id=\"application-managestatesandperformance-display-component---stateAndPerform--smartFilterBarResources-btnBasicSearch\"]"}
COMMAND: POST /session/f2510c46535a82282fd70196afe2e571/elements - {"using":"xpath","value":"//div[@id=\"application-managestatesandperformance-display-component---stateAndPerform--smartFilterBarResources-btnBasicSearch\"]"}
RESULT: {"using":"xpath","value":"//div[@id=\"application-managestatesandperformance-display-component---stateAndPerform--smartFilterBarResources-btnBasicSearch\"]"}
COMMAND: POST /session/f2510c46535a82282fd70196afe2e571/elements - {"using":"xpath","value":"//div[@id=\"application-managestatesandperformance-display-component---stateAndPerform--smartFilterBarResources-btnBasicSearch\"]"}
RESULT: {"using":"xpath","value":"//div[@id=\"application-managestatesandperformance-display-component---stateAndPerform--smartFilterBarResources-btnBasicSearch\"]"}
COMMAND: POST /session/f2510c46535a82282fd70196afe2e571/elements - {"using":"xpath","value":"//div[@id=\"application-managestatesandperformance-display-component---stateAndPerform--smartFilterBarResources-btnBasicSearch\"]"}
RESULT: {"using":"xpath","value":"//div[@id=\"application-managestatesandperformance-display-component---stateAndPerform--smartFilterBarResources-btnBasicSearch\"]"}
COMMAND: POST /session/f2510c46535a82282fd70196afe2e571/elements - {"using":"xpath","value":"//div[@id=\"application-managestatesandperformance-display-component---stateAndPerform--smartFilterBarResources-btnBasicSearch\"]"}
RESULT: {"using":"xpath","value":"//div[@id=\"application-managestatesandperformance-display-component---stateAndPerform--smartFilterBarResources-btnBasicSearch\"]"}
COMMAND: POST /session/f2510c46535a82282fd70196afe2e571/elements - {"using":"xpath","value":"//div[@id=\"application-managestatesandperformance-display-component---stateAndPerform--smartFilterBarResources-btnBasicSearch\"]"}
RESULT: {"using":"xpath","value":"//div[@id=\"application-managestatesandperformance-display-component---stateAndPerform--smartFilterBarResources-btnBasicSearch\"]"}
COMMAND: POST /session/f2510c46535a82282fd70196afe2e571/elements - {"using":"xpath","value":"//div[@id=\"application-managestatesandperformance-display-component---stateAndPerform--smartFilterBarResources-btnBasicSearch\"]"}
RESULT: {"using":"xpath","value":"//div[@id=\"application-managestatesandperformance-display-component---stateAndPerform--smartFilterBarResources-btnBasicSearch\"]"}
COMMAND: POST /session/f2510c46535a82282fd70196afe2e571/elements - {"using":"xpath","value":"//div[@id=\"application-managestatesandperformance-display-component---stateAndPerform--smartFilterBarResources-btnBasicSearch\"]"}
RESULT: {"using":"xpath","value":"//div[@id=\"application-managestatesandperformance-display-component---stateAndPerform--smartFilterBarResources-btnBasicSearch\"]"}
COMMAND: POST /session/f2510c46535a82282fd70196afe2e571/elements - {"using":"xpath","value":"//div[@id=\"application-managestatesandperformance-display-component---stateAndPerform--smartFilterBarResources-btnBasicSearch\"]"}
RESULT: {"using":"xpath","value":"//div[@id=\"application-managestatesandperformance-display-component---stateAndPerform--smartFilterBarResources-btnBasicSearch\"]"}
COMMAND: POST /session/f2510c46535a82282fd70196afe2e571/elements - {"using":"xpath","value":"//div[@id=\"application-managestatesandperformance-display-component---stateAndPerform--smartFilterBarResources-btnBasicSearch\"]"}
RESULT: {"using":"xpath","value":"//div[@id=\"application-managestatesandperformance-display-component---stateAndPerform--smartFilterBarResources-btnBasicSearch\"]"}
COMMAND: POST /session/f2510c46535a82282fd70196afe2e571/elements - {"using":"xpath","value":"//div[@id=\"application-managestatesandperformance-display-component---stateAndPerform--smartFilterBarResources-btnBasicSearch\"]"}
RESULT: {"using":"xpath","value":"//div[@id=\"application-managestatesandperformance-display-component---stateAndPerform--smartFilterBarResources-btnBasicSearch\"]"}
COMMAND: POST /session/f2510c46535a82282fd70196afe2e571/elements - {"using":"xpath","value":"//div[@id=\"application-managestatesandperformance-display-component---stateAndPerform--smartFilterBarResources-btnBasicSearch\"]"}
RESULT: {"using":"xpath","value":"//div[@id=\"application-managestatesandperformance-display-component---stateAndPerform--smartFilterBarResources-btnBasicSearch\"]"}
COMMAND: POST /session/f2510c46535a82282fd70196afe2e571/elements - {"using":"xpath","value":"//div[@id=\"application-managestatesandperformance-display-component---stateAndPerform--smartFilterBarResources-btnBasicSearch\"]"}
RESULT: {"using":"xpath","value":"//div[@id=\"application-managestatesandperformance-display-component---stateAndPerform--smartFilterBarResources-btnBasicSearch\"]"}
COMMAND: POST /session/f2510c46535a82282fd70196afe2e571/elements - {"using":"xpath","value":"//div[@id=\"application-managestatesandperformance-display-component---stateAndPerform--smartFilterBarResources-btnBasicSearch\"]"}
RESULT: {"using":"xpath","value":"//div[@id=\"application-managestatesandperformance-display-component---stateAndPerform--smartFilterBarResources-btnBasicSearch\"]"}
COMMAND: POST /session/f2510c46535a82282fd70196afe2e571/elements - {"using":"xpath","value":"//div[@id=\"application-managestatesandperformance-display-component---stateAndPerform--smartFilterBarResources-btnBasicSearch\"]"}
RESULT: {"using":"xpath","value":"//div[@id=\"application-managestatesandperformance-display-component---stateAndPerform--smartFilterBarResources-btnBasicSearch\"]"}
COMMAND: POST /session/f2510c46535a82282fd70196afe2e571/elements - {"using":"xpath","value":"//div[@id=\"application-managestatesandperformance-display-component---stateAndPerform--smartFilterBarResources-btnBasicSearch\"]"}
RESULT: {"using":"xpath","value":"//div[@id=\"application-managestatesandperformance-display-component---stateAndPerform--smartFilterBarResources-btnBasicSearch\"]"}
COMMAND: POST /session/f2510c46535a82282fd70196afe2e571/elements - {"using":"xpath","value":"//div[@id=\"application-managestatesandperformance-display-component---stateAndPerform--smartFilterBarResources-btnBasicSearch\"]"}
RESULT: {"using":"xpath","value":"//div[@id=\"application-managestatesandperformance-display-component---stateAndPerform--smartFilterBarResources-btnBasicSearch\"]"}
COMMAND: POST /session/f2510c46535a82282fd70196afe2e571/elements - {"using":"xpath","value":"//div[@id=\"application-managestatesandperformance-display-component---stateAndPerform--smartFilterBarResources-btnBasicSearch\"]"}
RESULT: {"using":"xpath","value":"//div[@id=\"application-managestatesandperformance-display-component---stateAndPerform--smartFilterBarResources-btnBasicSearch\"]"}
COMMAND: POST /session/f2510c46535a82282fd70196afe2e571/elements - {"using":"xpath","value":"//div[@id=\"application-managestatesandperformance-display-component---stateAndPerform--smartFilterBarResources-btnBasicSearch\"]"}
RESULT: {"using":"xpath","value":"//div[@id=\"application-managestatesandperformance-display-component---stateAndPerform--smartFilterBarResources-btnBasicSearch\"]"}
COMMAND: POST /session/f2510c46535a82282fd70196afe2e571/elements - {"using":"xpath","value":"//div[@id=\"application-managestatesandperformance-display-component---stateAndPerform--smartFilterBarResources-btnBasicSearch\"]"}
RESULT: {"using":"xpath","value":"//div[@id=\"application-managestatesandperformance-display-component---stateAndPerform--smartFilterBarResources-btnBasicSearch\"]"}
COMMAND: POST /session/f2510c46535a82282fd70196afe2e571/elements - {"using":"xpath","value":"//div[@id=\"application-managestatesandperformance-display-component---stateAndPerform--smartFilterBarResources-btnBasicSearch\"]"}
RESULT: {"using":"xpath","value":"//div[@id=\"application-managestatesandperformance-display-component---stateAndPerform--smartFilterBarResources-btnBasicSearch\"]"}
COMMAND: POST /session/f2510c46535a82282fd70196afe2e571/elements - {"using":"xpath","value":"//div[@id=\"application-managestatesandperformance-display-component---stateAndPerform--smartFilterBarResources-btnBasicSearch\"]"}
RESULT: {"using":"xpath","value":"//div[@id=\"application-managestatesandperformance-display-component---stateAndPerform--smartFilterBarResources-btnBasicSearch\"]"}
COMMAND: POST /session/f2510c46535a82282fd70196afe2e571/elements - {"using":"xpath","value":"//div[@id=\"application-managestatesandperformance-display-component---stateAndPerform--smartFilterBarResources-btnBasicSearch\"]"}
RESULT: {"using":"xpath","value":"//div[@id=\"application-managestatesandperformance-display-component---stateAndPerform--smartFilterBarResources-btnBasicSearch\"]"}
COMMAND: POST /session/f2510c46535a82282fd70196afe2e571/elements - {"using":"xpath","value":"//div[@id=\"application-managestatesandperformance-display-component---stateAndPerform--smartFilterBarResources-btnBasicSearch\"]"}
RESULT: {"using":"xpath","value":"//div[@id=\"application-managestatesandperformance-display-component---stateAndPerform--smartFilterBarResources-btnBasicSearch\"]"}
COMMAND: POST /session/f2510c46535a82282fd70196afe2e571/elements - {"using":"xpath","value":"//div[@id=\"application-managestatesandperformance-display-component---stateAndPerform--smartFilterBarResources-btnBasicSearch\"]"}
RESULT: {"using":"xpath","value":"//div[@id=\"application-managestatesandperformance-display-component---stateAndPerform--smartFilterBarResources-btnBasicSearch\"]"}
COMMAND: POST /session/f2510c46535a82282fd70196afe2e571/elements - {"using":"xpath","value":"//div[@id=\"application-managestatesandperformance-display-component---stateAndPerform--smartFilterBarResources-btnBasicSearch\"]"}
RESULT: {"using":"xpath","value":"//div[@id=\"application-managestatesandperformance-display-component---stateAndPerform--smartFilterBarResources-btnBasicSearch\"]"}
COMMAND: POST /session/f2510c46535a82282fd70196afe2e571/elements - {"using":"xpath","value":"//div[@id=\"application-managestatesandperformance-display-component---stateAndPerform--smartFilterBarResources-btnBasicSearch\"]"}
RESULT: {"using":"xpath","value":"//div[@id=\"application-managestatesandperformance-display-component---stateAndPerform--smartFilterBarResources-btnBasicSearch\"]"}
COMMAND: POST /session/f2510c46535a82282fd70196afe2e571/elements - {"using":"xpath","value":"//div[@id=\"application-managestatesandperformance-display-component---stateAndPerform--smartFilterBarResources-btnBasicSearch\"]"}
RESULT: {"using":"xpath","value":"//div[@id=\"application-managestatesandperformance-display-component---stateAndPerform--smartFilterBarResources-btnBasicSearch\"]"}
COMMAND: POST /session/f2510c46535a82282fd70196afe2e571/elements - {"using":"xpath","value":"//div[@id=\"application-managestatesandperformance-display-component---stateAndPerform--smartFilterBarResources-btnBasicSearch\"]"}
RESULT: {"using":"xpath","value":"//div[@id=\"application-managestatesandperformance-display-component---stateAndPerform--smartFilterBarResources-btnBasicSearch\"]"}
COMMAND: POST /session/f2510c46535a82282fd70196afe2e571/elements - {"using":"xpath","value":"//div[@id=\"application-managestatesandperformance-display-component---stateAndPerform--smartFilterBarResources-btnBasicSearch\"]"}
RESULT: {"using":"xpath","value":"//div[@id=\"application-managestatesandperformance-display-component---stateAndPerform--smartFilterBarResources-btnBasicSearch\"]"}
COMMAND: POST /session/f2510c46535a82282fd70196afe2e571/elements - {"using":"xpath","value":"//div[@id=\"application-managestatesandperformance-display-component---stateAndPerform--smartFilterBarResources-btnBasicSearch\"]"}
RESULT: {"using":"xpath","value":"//div[@id=\"application-managestatesandperformance-display-component---stateAndPerform--smartFilterBarResources-btnBasicSearch\"]"}
COMMAND: POST /session/f2510c46535a82282fd70196afe2e571/elements - {"using":"xpath","value":"//div[@id=\"application-managestatesandperformance-display-component---stateAndPerform--smartFilterBarResources-btnBasicSearch\"]"}
RESULT: {"using":"xpath","value":"//div[@id=\"application-managestatesandperformance-display-component---stateAndPerform--smartFilterBarResources-btnBasicSearch\"]"}
COMMAND: POST /session/f2510c46535a82282fd70196afe2e571/elements - {"using":"xpath","value":"//div[@id=\"application-managestatesandperformance-display-component---stateAndPerform--smartFilterBarResources-btnBasicSearch\"]"}
RESULT: {"using":"xpath","value":"//div[@id=\"application-managestatesandperformance-display-component---stateAndPerform--smartFilterBarResources-btnBasicSearch\"]"}
COMMAND: POST /session/f2510c46535a82282fd70196afe2e571/elements - {"using":"xpath","value":"//div[@id=\"application-managestatesandperformance-display-component---stateAndPerform--smartFilterBarResources-btnBasicSearch\"]"}
RESULT: {"using":"xpath","value":"//div[@id=\"application-managestatesandperformance-display-component---stateAndPerform--smartFilterBarResources-btnBasicSearch\"]"}
COMMAND: POST /session/f2510c46535a82282fd70196afe2e571/elements - {"using":"xpath","value":"//div[@id=\"application-managestatesandperformance-display-component---stateAndPerform--smartFilterBarResources-btnBasicSearch\"]"}
RESULT: {"using":"xpath","value":"//div[@id=\"application-managestatesandperformance-display-component---stateAndPerform--smartFilterBarResources-btnBasicSearch\"]"}
COMMAND: POST /session/f2510c46535a82282fd70196afe2e571/elements - {"using":"xpath","value":"//div[@id=\"application-managestatesandperformance-display-component---stateAndPerform--smartFilterBarResources-btnBasicSearch\"]"}
RESULT: {"using":"xpath","value":"//div[@id=\"application-managestatesandperformance-display-component---stateAndPerform--smartFilterBarResources-btnBasicSearch\"]"}
COMMAND: POST /session/f2510c46535a82282fd70196afe2e571/elements - {"using":"xpath","value":"//div[@id=\"application-managestatesandperformance-display-component---stateAndPerform--smartFilterBarResources-btnBasicSearch\"]"}
RESULT: {"using":"xpath","value":"//div[@id=\"application-managestatesandperformance-display-component---stateAndPerform--smartFilterBarResources-btnBasicSearch\"]"}
COMMAND: POST /session/f2510c46535a82282fd70196afe2e571/elements - {"using":"xpath","value":"//div[@id=\"application-managestatesandperformance-display-component---stateAndPerform--smartFilterBarResources-btnBasicSearch\"]"}
RESULT: {"using":"xpath","value":"//div[@id=\"application-managestatesandperformance-display-component---stateAndPerform--smartFilterBarResources-btnBasicSearch\"]"}
COMMAND: POST /session/f2510c46535a82282fd70196afe2e571/elements - {"using":"xpath","value":"//div[@id=\"application-managestatesandperformance-display-component---stateAndPerform--smartFilterBarResources-btnBasicSearch\"]"}
RESULT: {"using":"xpath","value":"//div[@id=\"application-managestatesandperformance-display-component---stateAndPerform--smartFilterBarResources-btnBasicSearch\"]"}
COMMAND: POST /session/f2510c46535a82282fd70196afe2e571/elements - {"using":"xpath","value":"//div[@id=\"application-managestatesandperformance-display-component---stateAndPerform--smartFilterBarResources-btnBasicSearch\"]"}
RESULT: {"using":"xpath","value":"//div[@id=\"application-managestatesandperformance-display-component---stateAndPerform--smartFilterBarResources-btnBasicSearch\"]"}
COMMAND: GET /session/f2510c46535a82282fd70196afe2e571/screenshot - {}
RESULT: {}
COMMAND: GET /session/f2510c46535a82282fd70196afe2e571/screenshot - {}
]]></system-out>
      <system-err><![CDATA[
Error: element ("//div[@id="application-managestatesandperformance-display-component---stateAndPerform--smartFilterBarResources-btnBasicSearch"]") still not existing after 30000ms
    at async Context.<anonymous> (D:\a\1\s\test\specs\BTS\billing-performance-workdays.spec.js:211:9)
]]></system-err>
    </testcase>
    <testcase classname="chrome.136_0_7103_93.windows.Performance_based_billing_(work_days)_US139742" name="Should go to Manage Billings and trigger calculation check the conditions applied" time="80.072">
      <failure/>
      <error message="Can't call click on element with selector &quot;//td[@aria-colindex=&quot;1&quot;]/div/div[contains(@class, &quot;sapMCbBg&quot;)]&quot; because element wasn't found"/>
      <system-out><![CDATA[
COMMAND: POST /session/f2510c46535a82282fd70196afe2e571/execute/async - {"script":"<script> [1562 bytes]","args":[{"selector":{"controlType":"sap.m.GenericTile","properties":{"header":"Manage Billings"}},"wdio_ui5_key":"sapm.GenericTile{\"header\":\"Manage Billings\"}"}]}
RESULT: {}
RESULT: {"script":"<script> [1562 bytes]","args":[{"selector":{"controlType":"sap.m.GenericTile","properties":{"header":"Manage Billings"}},"wdio_ui5_key":"sapm.GenericTile{\"header\":\"Manage Billings\"}"}]}
RESULT: undefined
COMMAND: POST /session/f2510c46535a82282fd70196afe2e571/elements - {"using":"xpath","value":"//span[text()='Error']"}
RESULT: {"using":"xpath","value":"//span[text()='Error']"}
COMMAND: POST /session/f2510c46535a82282fd70196afe2e571/execute/async - {"script":"<script> [1562 bytes]","args":[{"selector":{"id":"application-managebillings-display-component---billRunCalcResult--smartFilterBar-btnBasicSearch","interaction":{"idSuffix":"I"}},"wdio_ui5_key":"applicationmanagebillings-display-component---billRunCalcResult--smartFilterBar-btnBasicSearch"}]}
RESULT: {"script":"<script> [1562 bytes]","args":[{"selector":{"id":"application-managebillings-display-component---billRunCalcResult--smartFilterBar-btnBasicSearch","interaction":{"idSuffix":"I"}},"wdio_ui5_key":"applicationmanagebillings-display-component---billRunCalcResult--smartFilterBar-btnBasicSearch"}]}
RESULT: undefined
COMMAND: POST /session/f2510c46535a82282fd70196afe2e571/actions - {"actions":[{"id":"action56","type":"key","parameters":{},"actions":[{"type":"keyDown","value":""},{"type":"pause","duration":10},{"type":"keyUp","value":""}]}]}
RESULT: {"actions":[{"id":"action56","type":"key","parameters":{},"actions":[{"type":"keyDown","value":""},{"type":"pause","duration":10},{"type":"keyUp","value":""}]}]}
COMMAND: GET /session/f2510c46535a82282fd70196afe2e571/screenshot - {}
RESULT: {}
COMMAND: POST /session/f2510c46535a82282fd70196afe2e571/element - {"using":"xpath","value":"//td[@aria-colindex=\"1\"]/div/div[contains(@class, \"sapMCbBg\")]"}
RESULT: {"using":"xpath","value":"//td[@aria-colindex=\"1\"]/div/div[contains(@class, \"sapMCbBg\")]"}
COMMAND: POST /session/f2510c46535a82282fd70196afe2e571/elements - {"using":"xpath","value":"//td[@aria-colindex=\"1\"]/div/div[contains(@class, \"sapMCbBg\")]"}
RESULT: {"using":"xpath","value":"//td[@aria-colindex=\"1\"]/div/div[contains(@class, \"sapMCbBg\")]"}
COMMAND: POST /session/f2510c46535a82282fd70196afe2e571/elements - {"using":"xpath","value":"//td[@aria-colindex=\"1\"]/div/div[contains(@class, \"sapMCbBg\")]"}
RESULT: {"using":"xpath","value":"//td[@aria-colindex=\"1\"]/div/div[contains(@class, \"sapMCbBg\")]"}
COMMAND: POST /session/f2510c46535a82282fd70196afe2e571/elements - {"using":"xpath","value":"//td[@aria-colindex=\"1\"]/div/div[contains(@class, \"sapMCbBg\")]"}
RESULT: {"using":"xpath","value":"//td[@aria-colindex=\"1\"]/div/div[contains(@class, \"sapMCbBg\")]"}
COMMAND: POST /session/f2510c46535a82282fd70196afe2e571/elements - {"using":"xpath","value":"//td[@aria-colindex=\"1\"]/div/div[contains(@class, \"sapMCbBg\")]"}
RESULT: {"using":"xpath","value":"//td[@aria-colindex=\"1\"]/div/div[contains(@class, \"sapMCbBg\")]"}
COMMAND: POST /session/f2510c46535a82282fd70196afe2e571/elements - {"using":"xpath","value":"//td[@aria-colindex=\"1\"]/div/div[contains(@class, \"sapMCbBg\")]"}
RESULT: {"using":"xpath","value":"//td[@aria-colindex=\"1\"]/div/div[contains(@class, \"sapMCbBg\")]"}
COMMAND: POST /session/f2510c46535a82282fd70196afe2e571/elements - {"using":"xpath","value":"//td[@aria-colindex=\"1\"]/div/div[contains(@class, \"sapMCbBg\")]"}
RESULT: {"using":"xpath","value":"//td[@aria-colindex=\"1\"]/div/div[contains(@class, \"sapMCbBg\")]"}
COMMAND: POST /session/f2510c46535a82282fd70196afe2e571/elements - {"using":"xpath","value":"//td[@aria-colindex=\"1\"]/div/div[contains(@class, \"sapMCbBg\")]"}
RESULT: {"using":"xpath","value":"//td[@aria-colindex=\"1\"]/div/div[contains(@class, \"sapMCbBg\")]"}
COMMAND: POST /session/f2510c46535a82282fd70196afe2e571/elements - {"using":"xpath","value":"//td[@aria-colindex=\"1\"]/div/div[contains(@class, \"sapMCbBg\")]"}
RESULT: {"using":"xpath","value":"//td[@aria-colindex=\"1\"]/div/div[contains(@class, \"sapMCbBg\")]"}
COMMAND: POST /session/f2510c46535a82282fd70196afe2e571/elements - {"using":"xpath","value":"//td[@aria-colindex=\"1\"]/div/div[contains(@class, \"sapMCbBg\")]"}
RESULT: {"using":"xpath","value":"//td[@aria-colindex=\"1\"]/div/div[contains(@class, \"sapMCbBg\")]"}
COMMAND: POST /session/f2510c46535a82282fd70196afe2e571/elements - {"using":"xpath","value":"//td[@aria-colindex=\"1\"]/div/div[contains(@class, \"sapMCbBg\")]"}
RESULT: {"using":"xpath","value":"//td[@aria-colindex=\"1\"]/div/div[contains(@class, \"sapMCbBg\")]"}
COMMAND: POST /session/f2510c46535a82282fd70196afe2e571/elements - {"using":"xpath","value":"//td[@aria-colindex=\"1\"]/div/div[contains(@class, \"sapMCbBg\")]"}
RESULT: {"using":"xpath","value":"//td[@aria-colindex=\"1\"]/div/div[contains(@class, \"sapMCbBg\")]"}
COMMAND: POST /session/f2510c46535a82282fd70196afe2e571/elements - {"using":"xpath","value":"//td[@aria-colindex=\"1\"]/div/div[contains(@class, \"sapMCbBg\")]"}
RESULT: {"using":"xpath","value":"//td[@aria-colindex=\"1\"]/div/div[contains(@class, \"sapMCbBg\")]"}
COMMAND: POST /session/f2510c46535a82282fd70196afe2e571/elements - {"using":"xpath","value":"//td[@aria-colindex=\"1\"]/div/div[contains(@class, \"sapMCbBg\")]"}
RESULT: {"using":"xpath","value":"//td[@aria-colindex=\"1\"]/div/div[contains(@class, \"sapMCbBg\")]"}
COMMAND: POST /session/f2510c46535a82282fd70196afe2e571/elements - {"using":"xpath","value":"//td[@aria-colindex=\"1\"]/div/div[contains(@class, \"sapMCbBg\")]"}
RESULT: {"using":"xpath","value":"//td[@aria-colindex=\"1\"]/div/div[contains(@class, \"sapMCbBg\")]"}
COMMAND: POST /session/f2510c46535a82282fd70196afe2e571/elements - {"using":"xpath","value":"//td[@aria-colindex=\"1\"]/div/div[contains(@class, \"sapMCbBg\")]"}
RESULT: {"using":"xpath","value":"//td[@aria-colindex=\"1\"]/div/div[contains(@class, \"sapMCbBg\")]"}
COMMAND: POST /session/f2510c46535a82282fd70196afe2e571/elements - {"using":"xpath","value":"//td[@aria-colindex=\"1\"]/div/div[contains(@class, \"sapMCbBg\")]"}
RESULT: {"using":"xpath","value":"//td[@aria-colindex=\"1\"]/div/div[contains(@class, \"sapMCbBg\")]"}
COMMAND: POST /session/f2510c46535a82282fd70196afe2e571/elements - {"using":"xpath","value":"//td[@aria-colindex=\"1\"]/div/div[contains(@class, \"sapMCbBg\")]"}
RESULT: {"using":"xpath","value":"//td[@aria-colindex=\"1\"]/div/div[contains(@class, \"sapMCbBg\")]"}
COMMAND: POST /session/f2510c46535a82282fd70196afe2e571/elements - {"using":"xpath","value":"//td[@aria-colindex=\"1\"]/div/div[contains(@class, \"sapMCbBg\")]"}
RESULT: {"using":"xpath","value":"//td[@aria-colindex=\"1\"]/div/div[contains(@class, \"sapMCbBg\")]"}
COMMAND: POST /session/f2510c46535a82282fd70196afe2e571/elements - {"using":"xpath","value":"//td[@aria-colindex=\"1\"]/div/div[contains(@class, \"sapMCbBg\")]"}
RESULT: {"using":"xpath","value":"//td[@aria-colindex=\"1\"]/div/div[contains(@class, \"sapMCbBg\")]"}
COMMAND: POST /session/f2510c46535a82282fd70196afe2e571/elements - {"using":"xpath","value":"//td[@aria-colindex=\"1\"]/div/div[contains(@class, \"sapMCbBg\")]"}
RESULT: {"using":"xpath","value":"//td[@aria-colindex=\"1\"]/div/div[contains(@class, \"sapMCbBg\")]"}
COMMAND: POST /session/f2510c46535a82282fd70196afe2e571/elements - {"using":"xpath","value":"//td[@aria-colindex=\"1\"]/div/div[contains(@class, \"sapMCbBg\")]"}
RESULT: {"using":"xpath","value":"//td[@aria-colindex=\"1\"]/div/div[contains(@class, \"sapMCbBg\")]"}
COMMAND: POST /session/f2510c46535a82282fd70196afe2e571/elements - {"using":"xpath","value":"//td[@aria-colindex=\"1\"]/div/div[contains(@class, \"sapMCbBg\")]"}
RESULT: {"using":"xpath","value":"//td[@aria-colindex=\"1\"]/div/div[contains(@class, \"sapMCbBg\")]"}
COMMAND: POST /session/f2510c46535a82282fd70196afe2e571/elements - {"using":"xpath","value":"//td[@aria-colindex=\"1\"]/div/div[contains(@class, \"sapMCbBg\")]"}
RESULT: {"using":"xpath","value":"//td[@aria-colindex=\"1\"]/div/div[contains(@class, \"sapMCbBg\")]"}
COMMAND: POST /session/f2510c46535a82282fd70196afe2e571/elements - {"using":"xpath","value":"//td[@aria-colindex=\"1\"]/div/div[contains(@class, \"sapMCbBg\")]"}
RESULT: {"using":"xpath","value":"//td[@aria-colindex=\"1\"]/div/div[contains(@class, \"sapMCbBg\")]"}
COMMAND: POST /session/f2510c46535a82282fd70196afe2e571/elements - {"using":"xpath","value":"//td[@aria-colindex=\"1\"]/div/div[contains(@class, \"sapMCbBg\")]"}
RESULT: {"using":"xpath","value":"//td[@aria-colindex=\"1\"]/div/div[contains(@class, \"sapMCbBg\")]"}
COMMAND: POST /session/f2510c46535a82282fd70196afe2e571/elements - {"using":"xpath","value":"//td[@aria-colindex=\"1\"]/div/div[contains(@class, \"sapMCbBg\")]"}
RESULT: {"using":"xpath","value":"//td[@aria-colindex=\"1\"]/div/div[contains(@class, \"sapMCbBg\")]"}
COMMAND: POST /session/f2510c46535a82282fd70196afe2e571/elements - {"using":"xpath","value":"//td[@aria-colindex=\"1\"]/div/div[contains(@class, \"sapMCbBg\")]"}
RESULT: {"using":"xpath","value":"//td[@aria-colindex=\"1\"]/div/div[contains(@class, \"sapMCbBg\")]"}
COMMAND: POST /session/f2510c46535a82282fd70196afe2e571/elements - {"using":"xpath","value":"//td[@aria-colindex=\"1\"]/div/div[contains(@class, \"sapMCbBg\")]"}
RESULT: {"using":"xpath","value":"//td[@aria-colindex=\"1\"]/div/div[contains(@class, \"sapMCbBg\")]"}
COMMAND: POST /session/f2510c46535a82282fd70196afe2e571/elements - {"using":"xpath","value":"//td[@aria-colindex=\"1\"]/div/div[contains(@class, \"sapMCbBg\")]"}
RESULT: {"using":"xpath","value":"//td[@aria-colindex=\"1\"]/div/div[contains(@class, \"sapMCbBg\")]"}
COMMAND: POST /session/f2510c46535a82282fd70196afe2e571/elements - {"using":"xpath","value":"//td[@aria-colindex=\"1\"]/div/div[contains(@class, \"sapMCbBg\")]"}
RESULT: {"using":"xpath","value":"//td[@aria-colindex=\"1\"]/div/div[contains(@class, \"sapMCbBg\")]"}
COMMAND: POST /session/f2510c46535a82282fd70196afe2e571/elements - {"using":"xpath","value":"//td[@aria-colindex=\"1\"]/div/div[contains(@class, \"sapMCbBg\")]"}
RESULT: {"using":"xpath","value":"//td[@aria-colindex=\"1\"]/div/div[contains(@class, \"sapMCbBg\")]"}
COMMAND: POST /session/f2510c46535a82282fd70196afe2e571/elements - {"using":"xpath","value":"//td[@aria-colindex=\"1\"]/div/div[contains(@class, \"sapMCbBg\")]"}
RESULT: {"using":"xpath","value":"//td[@aria-colindex=\"1\"]/div/div[contains(@class, \"sapMCbBg\")]"}
COMMAND: POST /session/f2510c46535a82282fd70196afe2e571/elements - {"using":"xpath","value":"//td[@aria-colindex=\"1\"]/div/div[contains(@class, \"sapMCbBg\")]"}
RESULT: {"using":"xpath","value":"//td[@aria-colindex=\"1\"]/div/div[contains(@class, \"sapMCbBg\")]"}
COMMAND: POST /session/f2510c46535a82282fd70196afe2e571/elements - {"using":"xpath","value":"//td[@aria-colindex=\"1\"]/div/div[contains(@class, \"sapMCbBg\")]"}
RESULT: {"using":"xpath","value":"//td[@aria-colindex=\"1\"]/div/div[contains(@class, \"sapMCbBg\")]"}
COMMAND: POST /session/f2510c46535a82282fd70196afe2e571/elements - {"using":"xpath","value":"//td[@aria-colindex=\"1\"]/div/div[contains(@class, \"sapMCbBg\")]"}
RESULT: {"using":"xpath","value":"//td[@aria-colindex=\"1\"]/div/div[contains(@class, \"sapMCbBg\")]"}
COMMAND: POST /session/f2510c46535a82282fd70196afe2e571/elements - {"using":"xpath","value":"//td[@aria-colindex=\"1\"]/div/div[contains(@class, \"sapMCbBg\")]"}
RESULT: {"using":"xpath","value":"//td[@aria-colindex=\"1\"]/div/div[contains(@class, \"sapMCbBg\")]"}
COMMAND: POST /session/f2510c46535a82282fd70196afe2e571/elements - {"using":"xpath","value":"//td[@aria-colindex=\"1\"]/div/div[contains(@class, \"sapMCbBg\")]"}
RESULT: {"using":"xpath","value":"//td[@aria-colindex=\"1\"]/div/div[contains(@class, \"sapMCbBg\")]"}
COMMAND: POST /session/f2510c46535a82282fd70196afe2e571/elements - {"using":"xpath","value":"//td[@aria-colindex=\"1\"]/div/div[contains(@class, \"sapMCbBg\")]"}
RESULT: {"using":"xpath","value":"//td[@aria-colindex=\"1\"]/div/div[contains(@class, \"sapMCbBg\")]"}
COMMAND: POST /session/f2510c46535a82282fd70196afe2e571/elements - {"using":"xpath","value":"//td[@aria-colindex=\"1\"]/div/div[contains(@class, \"sapMCbBg\")]"}
RESULT: {"using":"xpath","value":"//td[@aria-colindex=\"1\"]/div/div[contains(@class, \"sapMCbBg\")]"}
COMMAND: POST /session/f2510c46535a82282fd70196afe2e571/elements - {"using":"xpath","value":"//td[@aria-colindex=\"1\"]/div/div[contains(@class, \"sapMCbBg\")]"}
RESULT: {"using":"xpath","value":"//td[@aria-colindex=\"1\"]/div/div[contains(@class, \"sapMCbBg\")]"}
COMMAND: POST /session/f2510c46535a82282fd70196afe2e571/elements - {"using":"xpath","value":"//td[@aria-colindex=\"1\"]/div/div[contains(@class, \"sapMCbBg\")]"}
RESULT: {"using":"xpath","value":"//td[@aria-colindex=\"1\"]/div/div[contains(@class, \"sapMCbBg\")]"}
COMMAND: POST /session/f2510c46535a82282fd70196afe2e571/elements - {"using":"xpath","value":"//td[@aria-colindex=\"1\"]/div/div[contains(@class, \"sapMCbBg\")]"}
RESULT: {"using":"xpath","value":"//td[@aria-colindex=\"1\"]/div/div[contains(@class, \"sapMCbBg\")]"}
COMMAND: POST /session/f2510c46535a82282fd70196afe2e571/elements - {"using":"xpath","value":"//td[@aria-colindex=\"1\"]/div/div[contains(@class, \"sapMCbBg\")]"}
RESULT: {"using":"xpath","value":"//td[@aria-colindex=\"1\"]/div/div[contains(@class, \"sapMCbBg\")]"}
COMMAND: POST /session/f2510c46535a82282fd70196afe2e571/elements - {"using":"xpath","value":"//td[@aria-colindex=\"1\"]/div/div[contains(@class, \"sapMCbBg\")]"}
RESULT: {"using":"xpath","value":"//td[@aria-colindex=\"1\"]/div/div[contains(@class, \"sapMCbBg\")]"}
COMMAND: POST /session/f2510c46535a82282fd70196afe2e571/elements - {"using":"xpath","value":"//td[@aria-colindex=\"1\"]/div/div[contains(@class, \"sapMCbBg\")]"}
RESULT: {"using":"xpath","value":"//td[@aria-colindex=\"1\"]/div/div[contains(@class, \"sapMCbBg\")]"}
COMMAND: POST /session/f2510c46535a82282fd70196afe2e571/elements - {"using":"xpath","value":"//td[@aria-colindex=\"1\"]/div/div[contains(@class, \"sapMCbBg\")]"}
RESULT: {"using":"xpath","value":"//td[@aria-colindex=\"1\"]/div/div[contains(@class, \"sapMCbBg\")]"}
COMMAND: POST /session/f2510c46535a82282fd70196afe2e571/elements - {"using":"xpath","value":"//td[@aria-colindex=\"1\"]/div/div[contains(@class, \"sapMCbBg\")]"}
RESULT: {"using":"xpath","value":"//td[@aria-colindex=\"1\"]/div/div[contains(@class, \"sapMCbBg\")]"}
COMMAND: POST /session/f2510c46535a82282fd70196afe2e571/elements - {"using":"xpath","value":"//td[@aria-colindex=\"1\"]/div/div[contains(@class, \"sapMCbBg\")]"}
RESULT: {"using":"xpath","value":"//td[@aria-colindex=\"1\"]/div/div[contains(@class, \"sapMCbBg\")]"}
COMMAND: POST /session/f2510c46535a82282fd70196afe2e571/elements - {"using":"xpath","value":"//td[@aria-colindex=\"1\"]/div/div[contains(@class, \"sapMCbBg\")]"}
RESULT: {"using":"xpath","value":"//td[@aria-colindex=\"1\"]/div/div[contains(@class, \"sapMCbBg\")]"}
COMMAND: POST /session/f2510c46535a82282fd70196afe2e571/elements - {"using":"xpath","value":"//td[@aria-colindex=\"1\"]/div/div[contains(@class, \"sapMCbBg\")]"}
RESULT: {"using":"xpath","value":"//td[@aria-colindex=\"1\"]/div/div[contains(@class, \"sapMCbBg\")]"}
COMMAND: POST /session/f2510c46535a82282fd70196afe2e571/elements - {"using":"xpath","value":"//td[@aria-colindex=\"1\"]/div/div[contains(@class, \"sapMCbBg\")]"}
RESULT: {"using":"xpath","value":"//td[@aria-colindex=\"1\"]/div/div[contains(@class, \"sapMCbBg\")]"}
COMMAND: POST /session/f2510c46535a82282fd70196afe2e571/elements - {"using":"xpath","value":"//td[@aria-colindex=\"1\"]/div/div[contains(@class, \"sapMCbBg\")]"}
RESULT: {"using":"xpath","value":"//td[@aria-colindex=\"1\"]/div/div[contains(@class, \"sapMCbBg\")]"}
COMMAND: POST /session/f2510c46535a82282fd70196afe2e571/elements - {"using":"xpath","value":"//td[@aria-colindex=\"1\"]/div/div[contains(@class, \"sapMCbBg\")]"}
RESULT: {"using":"xpath","value":"//td[@aria-colindex=\"1\"]/div/div[contains(@class, \"sapMCbBg\")]"}
COMMAND: POST /session/f2510c46535a82282fd70196afe2e571/elements - {"using":"xpath","value":"//td[@aria-colindex=\"1\"]/div/div[contains(@class, \"sapMCbBg\")]"}
RESULT: {"using":"xpath","value":"//td[@aria-colindex=\"1\"]/div/div[contains(@class, \"sapMCbBg\")]"}
COMMAND: POST /session/f2510c46535a82282fd70196afe2e571/elements - {"using":"xpath","value":"//td[@aria-colindex=\"1\"]/div/div[contains(@class, \"sapMCbBg\")]"}
RESULT: {"using":"xpath","value":"//td[@aria-colindex=\"1\"]/div/div[contains(@class, \"sapMCbBg\")]"}
COMMAND: POST /session/f2510c46535a82282fd70196afe2e571/elements - {"using":"xpath","value":"//td[@aria-colindex=\"1\"]/div/div[contains(@class, \"sapMCbBg\")]"}
RESULT: {"using":"xpath","value":"//td[@aria-colindex=\"1\"]/div/div[contains(@class, \"sapMCbBg\")]"}
COMMAND: POST /session/f2510c46535a82282fd70196afe2e571/elements - {"using":"xpath","value":"//td[@aria-colindex=\"1\"]/div/div[contains(@class, \"sapMCbBg\")]"}
RESULT: {"using":"xpath","value":"//td[@aria-colindex=\"1\"]/div/div[contains(@class, \"sapMCbBg\")]"}
COMMAND: POST /session/f2510c46535a82282fd70196afe2e571/elements - {"using":"xpath","value":"//td[@aria-colindex=\"1\"]/div/div[contains(@class, \"sapMCbBg\")]"}
RESULT: {"using":"xpath","value":"//td[@aria-colindex=\"1\"]/div/div[contains(@class, \"sapMCbBg\")]"}
COMMAND: POST /session/f2510c46535a82282fd70196afe2e571/elements - {"using":"xpath","value":"//td[@aria-colindex=\"1\"]/div/div[contains(@class, \"sapMCbBg\")]"}
RESULT: {"using":"xpath","value":"//td[@aria-colindex=\"1\"]/div/div[contains(@class, \"sapMCbBg\")]"}
COMMAND: POST /session/f2510c46535a82282fd70196afe2e571/elements - {"using":"xpath","value":"//td[@aria-colindex=\"1\"]/div/div[contains(@class, \"sapMCbBg\")]"}
RESULT: {"using":"xpath","value":"//td[@aria-colindex=\"1\"]/div/div[contains(@class, \"sapMCbBg\")]"}
COMMAND: POST /session/f2510c46535a82282fd70196afe2e571/elements - {"using":"xpath","value":"//td[@aria-colindex=\"1\"]/div/div[contains(@class, \"sapMCbBg\")]"}
RESULT: {"using":"xpath","value":"//td[@aria-colindex=\"1\"]/div/div[contains(@class, \"sapMCbBg\")]"}
COMMAND: POST /session/f2510c46535a82282fd70196afe2e571/elements - {"using":"xpath","value":"//td[@aria-colindex=\"1\"]/div/div[contains(@class, \"sapMCbBg\")]"}
RESULT: {"using":"xpath","value":"//td[@aria-colindex=\"1\"]/div/div[contains(@class, \"sapMCbBg\")]"}
COMMAND: POST /session/f2510c46535a82282fd70196afe2e571/elements - {"using":"xpath","value":"//td[@aria-colindex=\"1\"]/div/div[contains(@class, \"sapMCbBg\")]"}
RESULT: {"using":"xpath","value":"//td[@aria-colindex=\"1\"]/div/div[contains(@class, \"sapMCbBg\")]"}
COMMAND: POST /session/f2510c46535a82282fd70196afe2e571/elements - {"using":"xpath","value":"//td[@aria-colindex=\"1\"]/div/div[contains(@class, \"sapMCbBg\")]"}
RESULT: {"using":"xpath","value":"//td[@aria-colindex=\"1\"]/div/div[contains(@class, \"sapMCbBg\")]"}
COMMAND: POST /session/f2510c46535a82282fd70196afe2e571/elements - {"using":"xpath","value":"//td[@aria-colindex=\"1\"]/div/div[contains(@class, \"sapMCbBg\")]"}
RESULT: {"using":"xpath","value":"//td[@aria-colindex=\"1\"]/div/div[contains(@class, \"sapMCbBg\")]"}
COMMAND: POST /session/f2510c46535a82282fd70196afe2e571/elements - {"using":"xpath","value":"//td[@aria-colindex=\"1\"]/div/div[contains(@class, \"sapMCbBg\")]"}
RESULT: {"using":"xpath","value":"//td[@aria-colindex=\"1\"]/div/div[contains(@class, \"sapMCbBg\")]"}
COMMAND: POST /session/f2510c46535a82282fd70196afe2e571/elements - {"using":"xpath","value":"//td[@aria-colindex=\"1\"]/div/div[contains(@class, \"sapMCbBg\")]"}
RESULT: {"using":"xpath","value":"//td[@aria-colindex=\"1\"]/div/div[contains(@class, \"sapMCbBg\")]"}
COMMAND: POST /session/f2510c46535a82282fd70196afe2e571/elements - {"using":"xpath","value":"//td[@aria-colindex=\"1\"]/div/div[contains(@class, \"sapMCbBg\")]"}
RESULT: {"using":"xpath","value":"//td[@aria-colindex=\"1\"]/div/div[contains(@class, \"sapMCbBg\")]"}
COMMAND: POST /session/f2510c46535a82282fd70196afe2e571/elements - {"using":"xpath","value":"//td[@aria-colindex=\"1\"]/div/div[contains(@class, \"sapMCbBg\")]"}
RESULT: {"using":"xpath","value":"//td[@aria-colindex=\"1\"]/div/div[contains(@class, \"sapMCbBg\")]"}
COMMAND: POST /session/f2510c46535a82282fd70196afe2e571/elements - {"using":"xpath","value":"//td[@aria-colindex=\"1\"]/div/div[contains(@class, \"sapMCbBg\")]"}
RESULT: {"using":"xpath","value":"//td[@aria-colindex=\"1\"]/div/div[contains(@class, \"sapMCbBg\")]"}
COMMAND: POST /session/f2510c46535a82282fd70196afe2e571/elements - {"using":"xpath","value":"//td[@aria-colindex=\"1\"]/div/div[contains(@class, \"sapMCbBg\")]"}
RESULT: {"using":"xpath","value":"//td[@aria-colindex=\"1\"]/div/div[contains(@class, \"sapMCbBg\")]"}
COMMAND: POST /session/f2510c46535a82282fd70196afe2e571/elements - {"using":"xpath","value":"//td[@aria-colindex=\"1\"]/div/div[contains(@class, \"sapMCbBg\")]"}
RESULT: {"using":"xpath","value":"//td[@aria-colindex=\"1\"]/div/div[contains(@class, \"sapMCbBg\")]"}
COMMAND: POST /session/f2510c46535a82282fd70196afe2e571/elements - {"using":"xpath","value":"//td[@aria-colindex=\"1\"]/div/div[contains(@class, \"sapMCbBg\")]"}
RESULT: {"using":"xpath","value":"//td[@aria-colindex=\"1\"]/div/div[contains(@class, \"sapMCbBg\")]"}
COMMAND: POST /session/f2510c46535a82282fd70196afe2e571/elements - {"using":"xpath","value":"//td[@aria-colindex=\"1\"]/div/div[contains(@class, \"sapMCbBg\")]"}
RESULT: {"using":"xpath","value":"//td[@aria-colindex=\"1\"]/div/div[contains(@class, \"sapMCbBg\")]"}
COMMAND: POST /session/f2510c46535a82282fd70196afe2e571/elements - {"using":"xpath","value":"//td[@aria-colindex=\"1\"]/div/div[contains(@class, \"sapMCbBg\")]"}
RESULT: {"using":"xpath","value":"//td[@aria-colindex=\"1\"]/div/div[contains(@class, \"sapMCbBg\")]"}
COMMAND: POST /session/f2510c46535a82282fd70196afe2e571/elements - {"using":"xpath","value":"//td[@aria-colindex=\"1\"]/div/div[contains(@class, \"sapMCbBg\")]"}
RESULT: {"using":"xpath","value":"//td[@aria-colindex=\"1\"]/div/div[contains(@class, \"sapMCbBg\")]"}
COMMAND: POST /session/f2510c46535a82282fd70196afe2e571/elements - {"using":"xpath","value":"//td[@aria-colindex=\"1\"]/div/div[contains(@class, \"sapMCbBg\")]"}
RESULT: {"using":"xpath","value":"//td[@aria-colindex=\"1\"]/div/div[contains(@class, \"sapMCbBg\")]"}
COMMAND: POST /session/f2510c46535a82282fd70196afe2e571/elements - {"using":"xpath","value":"//td[@aria-colindex=\"1\"]/div/div[contains(@class, \"sapMCbBg\")]"}
RESULT: {"using":"xpath","value":"//td[@aria-colindex=\"1\"]/div/div[contains(@class, \"sapMCbBg\")]"}
COMMAND: POST /session/f2510c46535a82282fd70196afe2e571/elements - {"using":"xpath","value":"//td[@aria-colindex=\"1\"]/div/div[contains(@class, \"sapMCbBg\")]"}
RESULT: {"using":"xpath","value":"//td[@aria-colindex=\"1\"]/div/div[contains(@class, \"sapMCbBg\")]"}
COMMAND: POST /session/f2510c46535a82282fd70196afe2e571/elements - {"using":"xpath","value":"//td[@aria-colindex=\"1\"]/div/div[contains(@class, \"sapMCbBg\")]"}
RESULT: {"using":"xpath","value":"//td[@aria-colindex=\"1\"]/div/div[contains(@class, \"sapMCbBg\")]"}
COMMAND: POST /session/f2510c46535a82282fd70196afe2e571/elements - {"using":"xpath","value":"//td[@aria-colindex=\"1\"]/div/div[contains(@class, \"sapMCbBg\")]"}
RESULT: {"using":"xpath","value":"//td[@aria-colindex=\"1\"]/div/div[contains(@class, \"sapMCbBg\")]"}
COMMAND: POST /session/f2510c46535a82282fd70196afe2e571/elements - {"using":"xpath","value":"//td[@aria-colindex=\"1\"]/div/div[contains(@class, \"sapMCbBg\")]"}
RESULT: {"using":"xpath","value":"//td[@aria-colindex=\"1\"]/div/div[contains(@class, \"sapMCbBg\")]"}
COMMAND: POST /session/f2510c46535a82282fd70196afe2e571/elements - {"using":"xpath","value":"//td[@aria-colindex=\"1\"]/div/div[contains(@class, \"sapMCbBg\")]"}
RESULT: {"using":"xpath","value":"//td[@aria-colindex=\"1\"]/div/div[contains(@class, \"sapMCbBg\")]"}
COMMAND: POST /session/f2510c46535a82282fd70196afe2e571/elements - {"using":"xpath","value":"//td[@aria-colindex=\"1\"]/div/div[contains(@class, \"sapMCbBg\")]"}
RESULT: {"using":"xpath","value":"//td[@aria-colindex=\"1\"]/div/div[contains(@class, \"sapMCbBg\")]"}
COMMAND: POST /session/f2510c46535a82282fd70196afe2e571/elements - {"using":"xpath","value":"//td[@aria-colindex=\"1\"]/div/div[contains(@class, \"sapMCbBg\")]"}
RESULT: {"using":"xpath","value":"//td[@aria-colindex=\"1\"]/div/div[contains(@class, \"sapMCbBg\")]"}
COMMAND: POST /session/f2510c46535a82282fd70196afe2e571/elements - {"using":"xpath","value":"//td[@aria-colindex=\"1\"]/div/div[contains(@class, \"sapMCbBg\")]"}
RESULT: {"using":"xpath","value":"//td[@aria-colindex=\"1\"]/div/div[contains(@class, \"sapMCbBg\")]"}
COMMAND: POST /session/f2510c46535a82282fd70196afe2e571/elements - {"using":"xpath","value":"//td[@aria-colindex=\"1\"]/div/div[contains(@class, \"sapMCbBg\")]"}
RESULT: {"using":"xpath","value":"//td[@aria-colindex=\"1\"]/div/div[contains(@class, \"sapMCbBg\")]"}
COMMAND: POST /session/f2510c46535a82282fd70196afe2e571/elements - {"using":"xpath","value":"//td[@aria-colindex=\"1\"]/div/div[contains(@class, \"sapMCbBg\")]"}
RESULT: {"using":"xpath","value":"//td[@aria-colindex=\"1\"]/div/div[contains(@class, \"sapMCbBg\")]"}
COMMAND: POST /session/f2510c46535a82282fd70196afe2e571/elements - {"using":"xpath","value":"//td[@aria-colindex=\"1\"]/div/div[contains(@class, \"sapMCbBg\")]"}
RESULT: {"using":"xpath","value":"//td[@aria-colindex=\"1\"]/div/div[contains(@class, \"sapMCbBg\")]"}
COMMAND: POST /session/f2510c46535a82282fd70196afe2e571/elements - {"using":"xpath","value":"//td[@aria-colindex=\"1\"]/div/div[contains(@class, \"sapMCbBg\")]"}
RESULT: {"using":"xpath","value":"//td[@aria-colindex=\"1\"]/div/div[contains(@class, \"sapMCbBg\")]"}
COMMAND: POST /session/f2510c46535a82282fd70196afe2e571/elements - {"using":"xpath","value":"//td[@aria-colindex=\"1\"]/div/div[contains(@class, \"sapMCbBg\")]"}
RESULT: {"using":"xpath","value":"//td[@aria-colindex=\"1\"]/div/div[contains(@class, \"sapMCbBg\")]"}
COMMAND: POST /session/f2510c46535a82282fd70196afe2e571/elements - {"using":"xpath","value":"//td[@aria-colindex=\"1\"]/div/div[contains(@class, \"sapMCbBg\")]"}
RESULT: {"using":"xpath","value":"//td[@aria-colindex=\"1\"]/div/div[contains(@class, \"sapMCbBg\")]"}
COMMAND: POST /session/f2510c46535a82282fd70196afe2e571/elements - {"using":"xpath","value":"//td[@aria-colindex=\"1\"]/div/div[contains(@class, \"sapMCbBg\")]"}
RESULT: {"using":"xpath","value":"//td[@aria-colindex=\"1\"]/div/div[contains(@class, \"sapMCbBg\")]"}
COMMAND: POST /session/f2510c46535a82282fd70196afe2e571/elements - {"using":"xpath","value":"//td[@aria-colindex=\"1\"]/div/div[contains(@class, \"sapMCbBg\")]"}
RESULT: {"using":"xpath","value":"//td[@aria-colindex=\"1\"]/div/div[contains(@class, \"sapMCbBg\")]"}
COMMAND: POST /session/f2510c46535a82282fd70196afe2e571/elements - {"using":"xpath","value":"//td[@aria-colindex=\"1\"]/div/div[contains(@class, \"sapMCbBg\")]"}
RESULT: {"using":"xpath","value":"//td[@aria-colindex=\"1\"]/div/div[contains(@class, \"sapMCbBg\")]"}
COMMAND: POST /session/f2510c46535a82282fd70196afe2e571/elements - {"using":"xpath","value":"//td[@aria-colindex=\"1\"]/div/div[contains(@class, \"sapMCbBg\")]"}
RESULT: {"using":"xpath","value":"//td[@aria-colindex=\"1\"]/div/div[contains(@class, \"sapMCbBg\")]"}
COMMAND: POST /session/f2510c46535a82282fd70196afe2e571/elements - {"using":"xpath","value":"//td[@aria-colindex=\"1\"]/div/div[contains(@class, \"sapMCbBg\")]"}
RESULT: {"using":"xpath","value":"//td[@aria-colindex=\"1\"]/div/div[contains(@class, \"sapMCbBg\")]"}
COMMAND: POST /session/f2510c46535a82282fd70196afe2e571/elements - {"using":"xpath","value":"//td[@aria-colindex=\"1\"]/div/div[contains(@class, \"sapMCbBg\")]"}
RESULT: {"using":"xpath","value":"//td[@aria-colindex=\"1\"]/div/div[contains(@class, \"sapMCbBg\")]"}
COMMAND: POST /session/f2510c46535a82282fd70196afe2e571/elements - {"using":"xpath","value":"//td[@aria-colindex=\"1\"]/div/div[contains(@class, \"sapMCbBg\")]"}
RESULT: {"using":"xpath","value":"//td[@aria-colindex=\"1\"]/div/div[contains(@class, \"sapMCbBg\")]"}
COMMAND: POST /session/f2510c46535a82282fd70196afe2e571/elements - {"using":"xpath","value":"//td[@aria-colindex=\"1\"]/div/div[contains(@class, \"sapMCbBg\")]"}
RESULT: {"using":"xpath","value":"//td[@aria-colindex=\"1\"]/div/div[contains(@class, \"sapMCbBg\")]"}
COMMAND: POST /session/f2510c46535a82282fd70196afe2e571/elements - {"using":"xpath","value":"//td[@aria-colindex=\"1\"]/div/div[contains(@class, \"sapMCbBg\")]"}
RESULT: {"using":"xpath","value":"//td[@aria-colindex=\"1\"]/div/div[contains(@class, \"sapMCbBg\")]"}
COMMAND: POST /session/f2510c46535a82282fd70196afe2e571/elements - {"using":"xpath","value":"//td[@aria-colindex=\"1\"]/div/div[contains(@class, \"sapMCbBg\")]"}
RESULT: {"using":"xpath","value":"//td[@aria-colindex=\"1\"]/div/div[contains(@class, \"sapMCbBg\")]"}
COMMAND: POST /session/f2510c46535a82282fd70196afe2e571/elements - {"using":"xpath","value":"//td[@aria-colindex=\"1\"]/div/div[contains(@class, \"sapMCbBg\")]"}
RESULT: {"using":"xpath","value":"//td[@aria-colindex=\"1\"]/div/div[contains(@class, \"sapMCbBg\")]"}
COMMAND: POST /session/f2510c46535a82282fd70196afe2e571/elements - {"using":"xpath","value":"//td[@aria-colindex=\"1\"]/div/div[contains(@class, \"sapMCbBg\")]"}
RESULT: {"using":"xpath","value":"//td[@aria-colindex=\"1\"]/div/div[contains(@class, \"sapMCbBg\")]"}
COMMAND: POST /session/f2510c46535a82282fd70196afe2e571/elements - {"using":"xpath","value":"//td[@aria-colindex=\"1\"]/div/div[contains(@class, \"sapMCbBg\")]"}
RESULT: {"using":"xpath","value":"//td[@aria-colindex=\"1\"]/div/div[contains(@class, \"sapMCbBg\")]"}
COMMAND: POST /session/f2510c46535a82282fd70196afe2e571/elements - {"using":"xpath","value":"//td[@aria-colindex=\"1\"]/div/div[contains(@class, \"sapMCbBg\")]"}
RESULT: {"using":"xpath","value":"//td[@aria-colindex=\"1\"]/div/div[contains(@class, \"sapMCbBg\")]"}
COMMAND: POST /session/f2510c46535a82282fd70196afe2e571/elements - {"using":"xpath","value":"//td[@aria-colindex=\"1\"]/div/div[contains(@class, \"sapMCbBg\")]"}
RESULT: {"using":"xpath","value":"//td[@aria-colindex=\"1\"]/div/div[contains(@class, \"sapMCbBg\")]"}
COMMAND: POST /session/f2510c46535a82282fd70196afe2e571/elements - {"using":"xpath","value":"//td[@aria-colindex=\"1\"]/div/div[contains(@class, \"sapMCbBg\")]"}
RESULT: {"using":"xpath","value":"//td[@aria-colindex=\"1\"]/div/div[contains(@class, \"sapMCbBg\")]"}
COMMAND: POST /session/f2510c46535a82282fd70196afe2e571/elements - {"using":"xpath","value":"//td[@aria-colindex=\"1\"]/div/div[contains(@class, \"sapMCbBg\")]"}
RESULT: {"using":"xpath","value":"//td[@aria-colindex=\"1\"]/div/div[contains(@class, \"sapMCbBg\")]"}
COMMAND: POST /session/f2510c46535a82282fd70196afe2e571/elements - {"using":"xpath","value":"//td[@aria-colindex=\"1\"]/div/div[contains(@class, \"sapMCbBg\")]"}
RESULT: {"using":"xpath","value":"//td[@aria-colindex=\"1\"]/div/div[contains(@class, \"sapMCbBg\")]"}
COMMAND: POST /session/f2510c46535a82282fd70196afe2e571/elements - {"using":"xpath","value":"//td[@aria-colindex=\"1\"]/div/div[contains(@class, \"sapMCbBg\")]"}
RESULT: {"using":"xpath","value":"//td[@aria-colindex=\"1\"]/div/div[contains(@class, \"sapMCbBg\")]"}
COMMAND: POST /session/f2510c46535a82282fd70196afe2e571/elements - {"using":"xpath","value":"//td[@aria-colindex=\"1\"]/div/div[contains(@class, \"sapMCbBg\")]"}
RESULT: {"using":"xpath","value":"//td[@aria-colindex=\"1\"]/div/div[contains(@class, \"sapMCbBg\")]"}
COMMAND: POST /session/f2510c46535a82282fd70196afe2e571/elements - {"using":"xpath","value":"//td[@aria-colindex=\"1\"]/div/div[contains(@class, \"sapMCbBg\")]"}
RESULT: {"using":"xpath","value":"//td[@aria-colindex=\"1\"]/div/div[contains(@class, \"sapMCbBg\")]"}
COMMAND: POST /session/f2510c46535a82282fd70196afe2e571/elements - {"using":"xpath","value":"//td[@aria-colindex=\"1\"]/div/div[contains(@class, \"sapMCbBg\")]"}
RESULT: {"using":"xpath","value":"//td[@aria-colindex=\"1\"]/div/div[contains(@class, \"sapMCbBg\")]"}
COMMAND: POST /session/f2510c46535a82282fd70196afe2e571/elements - {"using":"xpath","value":"//td[@aria-colindex=\"1\"]/div/div[contains(@class, \"sapMCbBg\")]"}
RESULT: {"using":"xpath","value":"//td[@aria-colindex=\"1\"]/div/div[contains(@class, \"sapMCbBg\")]"}
COMMAND: POST /session/f2510c46535a82282fd70196afe2e571/elements - {"using":"xpath","value":"//td[@aria-colindex=\"1\"]/div/div[contains(@class, \"sapMCbBg\")]"}
RESULT: {"using":"xpath","value":"//td[@aria-colindex=\"1\"]/div/div[contains(@class, \"sapMCbBg\")]"}
COMMAND: POST /session/f2510c46535a82282fd70196afe2e571/elements - {"using":"xpath","value":"//td[@aria-colindex=\"1\"]/div/div[contains(@class, \"sapMCbBg\")]"}
RESULT: {"using":"xpath","value":"//td[@aria-colindex=\"1\"]/div/div[contains(@class, \"sapMCbBg\")]"}
COMMAND: POST /session/f2510c46535a82282fd70196afe2e571/elements - {"using":"xpath","value":"//td[@aria-colindex=\"1\"]/div/div[contains(@class, \"sapMCbBg\")]"}
RESULT: {"using":"xpath","value":"//td[@aria-colindex=\"1\"]/div/div[contains(@class, \"sapMCbBg\")]"}
COMMAND: POST /session/f2510c46535a82282fd70196afe2e571/elements - {"using":"xpath","value":"//td[@aria-colindex=\"1\"]/div/div[contains(@class, \"sapMCbBg\")]"}
RESULT: {"using":"xpath","value":"//td[@aria-colindex=\"1\"]/div/div[contains(@class, \"sapMCbBg\")]"}
COMMAND: POST /session/f2510c46535a82282fd70196afe2e571/elements - {"using":"xpath","value":"//td[@aria-colindex=\"1\"]/div/div[contains(@class, \"sapMCbBg\")]"}
RESULT: {"using":"xpath","value":"//td[@aria-colindex=\"1\"]/div/div[contains(@class, \"sapMCbBg\")]"}
COMMAND: GET /session/f2510c46535a82282fd70196afe2e571/screenshot - {}
RESULT: {}
COMMAND: GET /session/f2510c46535a82282fd70196afe2e571/screenshot - {}
COMMAND: POST /session/f2510c46535a82282fd70196afe2e571/element - {"using":"css selector","value":"#j_username"}
COMMAND: POST /session/f2510c46535a82282fd70196afe2e571/url - {"url":"https://qa-testing-00-live-etm-ui.cfapps.eu10-004.hana.ondemand.com/"}
COMMAND: GET /session/f2510c46535a82282fd70196afe2e571/screenshot - {}
RESULT: {}
RESULT: {}
RESULT: {"url":"https://qa-testing-00-live-etm-ui.cfapps.eu10-004.hana.ondemand.com/"}
RESULT: undefined
COMMAND: GET /session/f2510c46535a82282fd70196afe2e571/screenshot - {}
RESULT: {"using":"css selector","value":"#j_username"}
COMMAND: POST /session/f2510c46535a82282fd70196afe2e571/element - {"using":"css selector","value":"#j_username"}
RESULT: {}
RESULT: {"using":"css selector","value":"#j_username"}
COMMAND: POST /session/f2510c46535a82282fd70196afe2e571/element - {"using":"css selector","value":"#shell-header-logo"}
RESULT: {"using":"css selector","value":"#shell-header-logo"}
COMMAND: POST /session/f2510c46535a82282fd70196afe2e571/execute/sync - {"script":"<script> [8489 bytes]","args":[{"element-6066-11e4-a52e-4f735466cecf":"f.F7DC0DCC1AEA5B11728C456D26A3F950.d.3C46E5C543A6549C3A7D4A65EF0DD4C9.e.14153","ELEMENT":"f.F7DC0DCC1AEA5B11728C456D26A3F950.d.3C46E5C543A6549C3A7D4A65EF0DD4C9.e.14153"}]}
RESULT: {"script":"<script> [8489 bytes]","args":[{"element-6066-11e4-a52e-4f735466cecf":"f.F7DC0DCC1AEA5B11728C456D26A3F950.d.3C46E5C543A6549C3A7D4A65EF0DD4C9.e.14153","ELEMENT":"f.F7DC0DCC1AEA5B11728C456D26A3F950.d.3C46E5C543A6549C3A7D4A65EF0DD4C9.e.14153"}]}
COMMAND: POST /session/f2510c46535a82282fd70196afe2e571/element - {"using":"css selector","value":"#shell-header-logo"}
COMMAND: GET /session/f2510c46535a82282fd70196afe2e571/screenshot - {}
RESULT: {"using":"css selector","value":"#shell-header-logo"}
COMMAND: POST /session/f2510c46535a82282fd70196afe2e571/execute/sync - {"script":"<script> [8489 bytes]","args":[{"element-6066-11e4-a52e-4f735466cecf":"f.F7DC0DCC1AEA5B11728C456D26A3F950.d.3C46E5C543A6549C3A7D4A65EF0DD4C9.e.14153","ELEMENT":"f.F7DC0DCC1AEA5B11728C456D26A3F950.d.3C46E5C543A6549C3A7D4A65EF0DD4C9.e.14153"}]}
RESULT: {}
RESULT: {"script":"<script> [8489 bytes]","args":[{"element-6066-11e4-a52e-4f735466cecf":"f.F7DC0DCC1AEA5B11728C456D26A3F950.d.3C46E5C543A6549C3A7D4A65EF0DD4C9.e.14153","ELEMENT":"f.F7DC0DCC1AEA5B11728C456D26A3F950.d.3C46E5C543A6549C3A7D4A65EF0DD4C9.e.14153"}]}
COMMAND: POST /session/f2510c46535a82282fd70196afe2e571/execute/sync - {"script":"<script> [5351 bytes]","args":[{"element-6066-11e4-a52e-4f735466cecf":"f.F7DC0DCC1AEA5B11728C456D26A3F950.d.3C46E5C543A6549C3A7D4A65EF0DD4C9.e.14153","ELEMENT":"f.F7DC0DCC1AEA5B11728C456D26A3F950.d.3C46E5C543A6549C3A7D4A65EF0DD4C9.e.14153"}]}
COMMAND: GET /session/f2510c46535a82282fd70196afe2e571/screenshot - {}
RESULT: {"script":"<script> [5351 bytes]","args":[{"element-6066-11e4-a52e-4f735466cecf":"f.F7DC0DCC1AEA5B11728C456D26A3F950.d.3C46E5C543A6549C3A7D4A65EF0DD4C9.e.14153","ELEMENT":"f.F7DC0DCC1AEA5B11728C456D26A3F950.d.3C46E5C543A6549C3A7D4A65EF0DD4C9.e.14153"}]}
COMMAND: POST /session/f2510c46535a82282fd70196afe2e571/element - {"using":"css selector","value":"#shell-header-logo"}
COMMAND: GET /session/f2510c46535a82282fd70196afe2e571/screenshot - {}
RESULT: {}
RESULT: {"using":"css selector","value":"#shell-header-logo"}
COMMAND: POST /session/f2510c46535a82282fd70196afe2e571/element/f.F7DC0DCC1AEA5B11728C456D26A3F950.d.3C46E5C543A6549C3A7D4A65EF0DD4C9.e.14153/click - {}
RESULT: {}
RESULT: {}
COMMAND: GET /session/f2510c46535a82282fd70196afe2e571/screenshot - {}
RESULT: {}
COMMAND: POST /session/f2510c46535a82282fd70196afe2e571/execute/async - {"script":"<script> [189 bytes]","args":[]}
RESULT: {"script":"<script> [189 bytes]","args":[]}
COMMAND: POST /session/f2510c46535a82282fd70196afe2e571/execute/async - {"script":"<script> [123 bytes]","args":[]}
RESULT: {"script":"<script> [123 bytes]","args":[]}
COMMAND: POST /session/f2510c46535a82282fd70196afe2e571/timeouts - {"script":"<number>"}
RESULT: {"script":"<number>"}
COMMAND: GET /session/f2510c46535a82282fd70196afe2e571/timeouts - {}
RESULT: {}
RESULT: undefined
COMMAND: POST /session/f2510c46535a82282fd70196afe2e571/execute/async - {"script":"<script> [2676 bytes]","args":[]}
RESULT: {"script":"<script> [2676 bytes]","args":[]}
COMMAND: POST /session/f2510c46535a82282fd70196afe2e571/execute/async - {"script":"<script> [2342 bytes]","args":[{"protocol":"http","hostname":"0.0.0.0","path":"/","capabilities":{"browserName":"chrome","goog:chromeOptions":{"binary":"C:\\Program Files\\Google\\Chrome\\Application\\chrome.exe","args":["--start-maximized"]}},"logLevel":"warn","connectionRetryTimeout":120000,"connectionRetryCount":3,"logLevels":{},"enableDirectConnect":true,"strictSSL":true,"_":"65 more keys: [\"cacheDir\",\"port\",\"requestedCapabilities\",\"automationProtocol\",\"baseUrl\",\"waitforInterval\",\"waitforTimeout\",\"onReload\",\"beforeCommand\",\"afterCommand\",\"rootDir\",\"specs\",\"suites\",\"exclude\",\"groupLogsByTestSpec\",\"excludeDriverLogs\",\"bail\",\"framework\",\"reporters\",\"services\",\"maxInstances\",\"maxInstancesPerCapability\",\"injectGlobals\",\"filesToWatch\",\"execArgv\",\"runnerEnv\",\"runner\",\"shard\",\"specFileRetries\",\"specFileRetriesDelay\",\"specFileRetriesDeferred\",\"reporterSyncInterval\",\"reporterSyncTimeout\",\"cucumberFeaturesWithLineNumbers\",\"autoCompileOpts\",\"mochaOpts\",\"jasmineOpts\",\"cucumberOpts\",\"onPrepare\",\"onWorkerStart\",\"onWorkerEnd\",\"before\",\"beforeSession\",\"beforeSuite\",\"beforeHook\",\"beforeTest\",\"afterTest\",\"afterHook\",\"afterSuite\",\"afterSession\",\"after\",\"onComplete\",\"beforeAssertion\",\"afterAssertion\",\"beforeFeature\",\"beforeScenario\",\"beforeStep\",\"afterStep\",\"afterScenario\",\"afterFeature\",\"_\",\"suite\",\"$0\",\"ignoredWorkerServices\",\"wdi5\"]"}]}
RESULT: {"script":"<script> [2342 bytes]","args":[{"protocol":"http","hostname":"0.0.0.0","path":"/","capabilities":{"browserName":"chrome","goog:chromeOptions":{"binary":"C:\\Program Files\\Google\\Chrome\\Application\\chrome.exe","args":["--start-maximized"]}},"logLevel":"warn","connectionRetryTimeout":120000,"connectionRetryCount":3,"logLevels":{},"enableDirectConnect":true,"strictSSL":true,"_":"65 more keys: [\"cacheDir\",\"port\",\"requestedCapabilities\",\"automationProtocol\",\"baseUrl\",\"waitforInterval\",\"waitforTimeout\",\"onReload\",\"beforeCommand\",\"afterCommand\",\"rootDir\",\"specs\",\"suites\",\"exclude\",\"groupLogsByTestSpec\",\"excludeDriverLogs\",\"bail\",\"framework\",\"reporters\",\"services\",\"maxInstances\",\"maxInstancesPerCapability\",\"injectGlobals\",\"filesToWatch\",\"execArgv\",\"runnerEnv\",\"runner\",\"shard\",\"specFileRetries\",\"specFileRetriesDelay\",\"specFileRetriesDeferred\",\"reporterSyncInterval\",\"reporterSyncTimeout\",\"cucumberFeaturesWithLineNumbers\",\"autoCompileOpts\",\"mochaOpts\",\"jasmineOpts\",\"cucumberOpts\",\"onPrepare\",\"onWorkerStart\",\"onWorkerEnd\",\"before\",\"beforeSession\",\"beforeSuite\",\"beforeHook\",\"beforeTest\",\"afterTest\",\"afterHook\",\"afterSuite\",\"afterSession\",\"after\",\"onComplete\",\"beforeAssertion\",\"afterAssertion\",\"beforeFeature\",\"beforeScenario\",\"beforeStep\",\"afterStep\",\"afterScenario\",\"afterFeature\",\"_\",\"suite\",\"$0\",\"ignoredWorkerServices\",\"wdi5\"]"}]}
COMMAND: POST /session/f2510c46535a82282fd70196afe2e571/execute/async - {"script":"<script> [21126 bytes]","args":[35000]}
RESULT: {"script":"<script> [21126 bytes]","args":[35000]}
COMMAND: POST /session/f2510c46535a82282fd70196afe2e571/window/maximize - {}
RESULT: {}
COMMAND: POST /session/f2510c46535a82282fd70196afe2e571/execute/async - {"script":"<script> [1562 bytes]","args":[{"selector":{"id":"shell-header","interaction":{"idSuffix":"icon"}},"wdio_ui5_key":"shellheader"}]}
COMMAND: GET /session/f2510c46535a82282fd70196afe2e571/screenshot - {}
RESULT: {"script":"<script> [1562 bytes]","args":[{"selector":{"id":"shell-header","interaction":{"idSuffix":"icon"}},"wdio_ui5_key":"shellheader"}]}
RESULT: undefined
COMMAND: POST /session/f2510c46535a82282fd70196afe2e571/refresh - {}
RESULT: {}
RESULT: {}
COMMAND: GET /session/f2510c46535a82282fd70196afe2e571/screenshot - {}
RESULT: {}
COMMAND: POST /session/f2510c46535a82282fd70196afe2e571/refresh - {}
RESULT: {}
COMMAND: GET /session/f2510c46535a82282fd70196afe2e571/screenshot - {}
RESULT: {}
COMMAND: POST /session/f2510c46535a82282fd70196afe2e571/window/fullscreen - {}
RESULT: {}
COMMAND: POST /session/f2510c46535a82282fd70196afe2e571/execute/async - {"script":"<script> [189 bytes]","args":[]}
RESULT: {"script":"<script> [189 bytes]","args":[]}
COMMAND: POST /session/f2510c46535a82282fd70196afe2e571/execute/async - {"script":"<script> [123 bytes]","args":[]}
RESULT: {"script":"<script> [123 bytes]","args":[]}
COMMAND: POST /session/f2510c46535a82282fd70196afe2e571/timeouts - {"script":"<number>"}
RESULT: {"script":"<number>"}
COMMAND: GET /session/f2510c46535a82282fd70196afe2e571/timeouts - {}
RESULT: {}
RESULT: undefined
COMMAND: POST /session/f2510c46535a82282fd70196afe2e571/execute/async - {"script":"<script> [2676 bytes]","args":[]}
RESULT: {"script":"<script> [2676 bytes]","args":[]}
COMMAND: POST /session/f2510c46535a82282fd70196afe2e571/execute/async - {"script":"<script> [2342 bytes]","args":[{"protocol":"http","hostname":"0.0.0.0","path":"/","capabilities":{"browserName":"chrome","goog:chromeOptions":{"binary":"C:\\Program Files\\Google\\Chrome\\Application\\chrome.exe","args":["--start-maximized"]}},"logLevel":"warn","connectionRetryTimeout":120000,"connectionRetryCount":3,"logLevels":{},"enableDirectConnect":true,"strictSSL":true,"_":"65 more keys: [\"cacheDir\",\"port\",\"requestedCapabilities\",\"automationProtocol\",\"baseUrl\",\"waitforInterval\",\"waitforTimeout\",\"onReload\",\"beforeCommand\",\"afterCommand\",\"rootDir\",\"specs\",\"suites\",\"exclude\",\"groupLogsByTestSpec\",\"excludeDriverLogs\",\"bail\",\"framework\",\"reporters\",\"services\",\"maxInstances\",\"maxInstancesPerCapability\",\"injectGlobals\",\"filesToWatch\",\"execArgv\",\"runnerEnv\",\"runner\",\"shard\",\"specFileRetries\",\"specFileRetriesDelay\",\"specFileRetriesDeferred\",\"reporterSyncInterval\",\"reporterSyncTimeout\",\"cucumberFeaturesWithLineNumbers\",\"autoCompileOpts\",\"mochaOpts\",\"jasmineOpts\",\"cucumberOpts\",\"onPrepare\",\"onWorkerStart\",\"onWorkerEnd\",\"before\",\"beforeSession\",\"beforeSuite\",\"beforeHook\",\"beforeTest\",\"afterTest\",\"afterHook\",\"afterSuite\",\"afterSession\",\"after\",\"onComplete\",\"beforeAssertion\",\"afterAssertion\",\"beforeFeature\",\"beforeScenario\",\"beforeStep\",\"afterStep\",\"afterScenario\",\"afterFeature\",\"_\",\"suite\",\"$0\",\"ignoredWorkerServices\",\"wdi5\"]"}]}
RESULT: {"script":"<script> [2342 bytes]","args":[{"protocol":"http","hostname":"0.0.0.0","path":"/","capabilities":{"browserName":"chrome","goog:chromeOptions":{"binary":"C:\\Program Files\\Google\\Chrome\\Application\\chrome.exe","args":["--start-maximized"]}},"logLevel":"warn","connectionRetryTimeout":120000,"connectionRetryCount":3,"logLevels":{},"enableDirectConnect":true,"strictSSL":true,"_":"65 more keys: [\"cacheDir\",\"port\",\"requestedCapabilities\",\"automationProtocol\",\"baseUrl\",\"waitforInterval\",\"waitforTimeout\",\"onReload\",\"beforeCommand\",\"afterCommand\",\"rootDir\",\"specs\",\"suites\",\"exclude\",\"groupLogsByTestSpec\",\"excludeDriverLogs\",\"bail\",\"framework\",\"reporters\",\"services\",\"maxInstances\",\"maxInstancesPerCapability\",\"injectGlobals\",\"filesToWatch\",\"execArgv\",\"runnerEnv\",\"runner\",\"shard\",\"specFileRetries\",\"specFileRetriesDelay\",\"specFileRetriesDeferred\",\"reporterSyncInterval\",\"reporterSyncTimeout\",\"cucumberFeaturesWithLineNumbers\",\"autoCompileOpts\",\"mochaOpts\",\"jasmineOpts\",\"cucumberOpts\",\"onPrepare\",\"onWorkerStart\",\"onWorkerEnd\",\"before\",\"beforeSession\",\"beforeSuite\",\"beforeHook\",\"beforeTest\",\"afterTest\",\"afterHook\",\"afterSuite\",\"afterSession\",\"after\",\"onComplete\",\"beforeAssertion\",\"afterAssertion\",\"beforeFeature\",\"beforeScenario\",\"beforeStep\",\"afterStep\",\"afterScenario\",\"afterFeature\",\"_\",\"suite\",\"$0\",\"ignoredWorkerServices\",\"wdi5\"]"}]}
COMMAND: POST /session/f2510c46535a82282fd70196afe2e571/execute/async - {"script":"<script> [21126 bytes]","args":[35000]}
RESULT: {"script":"<script> [21126 bytes]","args":[35000]}
]]></system-out>
      <system-err><![CDATA[
Error: Can't call click on element with selector "//td[@aria-colindex="1"]/div/div[contains(@class, "sapMCbBg")]" because element wasn't found
    at async UtilsPrerequisites.manageBillingsTriggerCalculation (D:\a\1\s\test\specs\BTS\prerequisites-and-utils-functions.js:2750:9)
    at async Context.<anonymous> (D:\a\1\s\test\specs\BTS\billing-performance-workdays.spec.js:381:9)
]]></system-err>
    </testcase>
  </testsuite>
  <testsuite timestamp="2025-05-31T17:56:33" time="1207.652" tests="20" failures="14" errors="14" skipped="0">
    <properties>
      <property name="specId" value="0"/>
      <property name="suiteName" value="Billing Calculation - Time based (considering transport times) US139738"/>
      <property name="capabilities" value="chrome.136_0_7103_93.windows"/>
      <property name="file" value="file:///D:/a/1/s/test/specs/BTS/billing-calculation-transp-times.spec.js"/>
    </properties>
    <testcase classname="chrome.136_0_7103_93.windows.Billing_Calculation_-_Time_based_(considering_transport_times)_US139738" name="Should create a new yard" time="0.013">
      <system-out><![CDATA[
COMMAND: POST /session/f2510c46535a82282fd70196afe2e571/window/fullscreen - {}
RESULT: {}
]]></system-out>
    </testcase>
    <testcase classname="chrome.136_0_7103_93.windows.Billing_Calculation_-_Time_based_(considering_transport_times)_US139738" name="Should create a new partner" time="0.003"/>
    <testcase classname="chrome.136_0_7103_93.windows.Billing_Calculation_-_Time_based_(considering_transport_times)_US139738" name="Should create a new site" time="0.004"/>
    <testcase classname="chrome.136_0_7103_93.windows.Billing_Calculation_-_Time_based_(considering_transport_times)_US139738" name="Should create the equipment" time="129.933">
      <system-out><![CDATA[
COMMAND: POST /session/f2510c46535a82282fd70196afe2e571/execute/async - {"script":"<script> [1562 bytes]","args":[{"selector":{"controlType":"sap.m.GenericTile","properties":{"header":"Manage Resources"}},"wdio_ui5_key":"sapm.GenericTile{\"header\":\"Manage Resources\"}"}]}
RESULT: {"script":"<script> [1562 bytes]","args":[{"selector":{"controlType":"sap.m.GenericTile","properties":{"header":"Manage Resources"}},"wdio_ui5_key":"sapm.GenericTile{\"header\":\"Manage Resources\"}"}]}
RESULT: undefined
COMMAND: POST /session/f2510c46535a82282fd70196afe2e571/element - {"using":"xpath","value":"//*[@id=\"__tile39\"]"}
RESULT: {"using":"xpath","value":"//*[@id=\"__tile39\"]"}
COMMAND: POST /session/f2510c46535a82282fd70196afe2e571/element/f.F7DC0DCC1AEA5B11728C456D26A3F950.d.4BF18E3C3FA1DE29FEF136E1E5432F84.e.14314/click - {}
RESULT: {}
COMMAND: GET /session/f2510c46535a82282fd70196afe2e571/screenshot - {}
RESULT: {}
COMMAND: POST /session/f2510c46535a82282fd70196afe2e571/elements - {"using":"xpath","value":"//span[text()='Error']"}
RESULT: {"using":"xpath","value":"//span[text()='Error']"}
COMMAND: POST /session/f2510c46535a82282fd70196afe2e571/element - {"using":"xpath","value":"//button[@data-kt=\"addNewRUOverflowToolbarButton\"]"}
RESULT: {"using":"xpath","value":"//button[@data-kt=\"addNewRUOverflowToolbarButton\"]"}
COMMAND: POST /session/f2510c46535a82282fd70196afe2e571/elements - {"using":"xpath","value":"//button[@data-kt=\"addNewRUOverflowToolbarButton\"]"}
RESULT: {"using":"xpath","value":"//button[@data-kt=\"addNewRUOverflowToolbarButton\"]"}
COMMAND: POST /session/f2510c46535a82282fd70196afe2e571/execute/sync - {"script":"<script> [8489 bytes]","args":[{"element-6066-11e4-a52e-4f735466cecf":"f.F7DC0DCC1AEA5B11728C456D26A3F950.d.4BF18E3C3FA1DE29FEF136E1E5432F84.e.14453","ELEMENT":"f.F7DC0DCC1AEA5B11728C456D26A3F950.d.4BF18E3C3FA1DE29FEF136E1E5432F84.e.14453"}]}
RESULT: {"script":"<script> [8489 bytes]","args":[{"element-6066-11e4-a52e-4f735466cecf":"f.F7DC0DCC1AEA5B11728C456D26A3F950.d.4BF18E3C3FA1DE29FEF136E1E5432F84.e.14453","ELEMENT":"f.F7DC0DCC1AEA5B11728C456D26A3F950.d.4BF18E3C3FA1DE29FEF136E1E5432F84.e.14453"}]}
COMMAND: GET /session/f2510c46535a82282fd70196afe2e571/element/f.F7DC0DCC1AEA5B11728C456D26A3F950.d.4BF18E3C3FA1DE29FEF136E1E5432F84.e.14453/enabled - {}
COMMAND: GET /session/f2510c46535a82282fd70196afe2e571/screenshot - {}
RESULT: {}
COMMAND: POST /session/f2510c46535a82282fd70196afe2e571/execute/sync - {"script":"<script> [8489 bytes]","args":[{"element-6066-11e4-a52e-4f735466cecf":"f.F7DC0DCC1AEA5B11728C456D26A3F950.d.4BF18E3C3FA1DE29FEF136E1E5432F84.e.14453","ELEMENT":"f.F7DC0DCC1AEA5B11728C456D26A3F950.d.4BF18E3C3FA1DE29FEF136E1E5432F84.e.14453"}]}
COMMAND: GET /session/f2510c46535a82282fd70196afe2e571/screenshot - {}
RESULT: {}
RESULT: {"script":"<script> [8489 bytes]","args":[{"element-6066-11e4-a52e-4f735466cecf":"f.F7DC0DCC1AEA5B11728C456D26A3F950.d.4BF18E3C3FA1DE29FEF136E1E5432F84.e.14453","ELEMENT":"f.F7DC0DCC1AEA5B11728C456D26A3F950.d.4BF18E3C3FA1DE29FEF136E1E5432F84.e.14453"}]}
COMMAND: POST /session/f2510c46535a82282fd70196afe2e571/execute/sync - {"script":"<script> [5351 bytes]","args":[{"element-6066-11e4-a52e-4f735466cecf":"f.F7DC0DCC1AEA5B11728C456D26A3F950.d.4BF18E3C3FA1DE29FEF136E1E5432F84.e.14453","ELEMENT":"f.F7DC0DCC1AEA5B11728C456D26A3F950.d.4BF18E3C3FA1DE29FEF136E1E5432F84.e.14453"}]}
COMMAND: GET /session/f2510c46535a82282fd70196afe2e571/screenshot - {}
RESULT: {}
RESULT: {"script":"<script> [5351 bytes]","args":[{"element-6066-11e4-a52e-4f735466cecf":"f.F7DC0DCC1AEA5B11728C456D26A3F950.d.4BF18E3C3FA1DE29FEF136E1E5432F84.e.14453","ELEMENT":"f.F7DC0DCC1AEA5B11728C456D26A3F950.d.4BF18E3C3FA1DE29FEF136E1E5432F84.e.14453"}]}
COMMAND: POST /session/f2510c46535a82282fd70196afe2e571/element/f.F7DC0DCC1AEA5B11728C456D26A3F950.d.4BF18E3C3FA1DE29FEF136E1E5432F84.e.14453/click - {}
COMMAND: GET /session/f2510c46535a82282fd70196afe2e571/screenshot - {}
RESULT: {}
RESULT: {}
COMMAND: GET /session/f2510c46535a82282fd70196afe2e571/screenshot - {}
RESULT: {}
COMMAND: POST /session/f2510c46535a82282fd70196afe2e571/execute/async - {"script":"<script> [1562 bytes]","args":[{"selector":{"id":"application-manageresources-display-component---newResourceUnit--TYPE-arrow"},"wdio_ui5_key":"applicationmanageresources-display-component---newResourceUnit--TYPE-arrow"}]}
RESULT: {}
RESULT: {"script":"<script> [1562 bytes]","args":[{"selector":{"id":"application-manageresources-display-component---newResourceUnit--TYPE-arrow"},"wdio_ui5_key":"applicationmanageresources-display-component---newResourceUnit--TYPE-arrow"}]}
RESULT: undefined
COMMAND: POST /session/f2510c46535a82282fd70196afe2e571/element - {"using":"xpath","value":"//*[@id=\"application-manageresources-display-component---newResourceUnit--TYPE-arrow\"]"}
RESULT: {"using":"xpath","value":"//*[@id=\"application-manageresources-display-component---newResourceUnit--TYPE-arrow\"]"}
COMMAND: POST /session/f2510c46535a82282fd70196afe2e571/element/f.F7DC0DCC1AEA5B11728C456D26A3F950.d.4BF18E3C3FA1DE29FEF136E1E5432F84.e.14825/click - {}
RESULT: {}
COMMAND: POST /session/f2510c46535a82282fd70196afe2e571/element - {"using":"xpath","value":"//input[@id=\"application-manageresources-display-component---newResourceUnit--TYPE-inner\"]"}
COMMAND: GET /session/f2510c46535a82282fd70196afe2e571/screenshot - {}
RESULT: {"using":"xpath","value":"//input[@id=\"application-manageresources-display-component---newResourceUnit--TYPE-inner\"]"}
COMMAND: POST /session/f2510c46535a82282fd70196afe2e571/element/f.F7DC0DCC1AEA5B11728C456D26A3F950.d.4BF18E3C3FA1DE29FEF136E1E5432F84.e.14806/clear - {}
RESULT: {}
RESULT: {}
COMMAND: POST /session/f2510c46535a82282fd70196afe2e571/element/f.F7DC0DCC1AEA5B11728C456D26A3F950.d.4BF18E3C3FA1DE29FEF136E1E5432F84.e.14806/value - {"text":"Equipment"}
COMMAND: GET /session/f2510c46535a82282fd70196afe2e571/screenshot - {}
RESULT: {"text":"Equipment"}
COMMAND: GET /session/f2510c46535a82282fd70196afe2e571/screenshot - {}
RESULT: {}
RESULT: {}
COMMAND: POST /session/f2510c46535a82282fd70196afe2e571/actions - {"actions":[{"id":"action57","type":"key","parameters":{},"actions":[{"type":"keyDown","value":""},{"type":"pause","duration":10},{"type":"keyUp","value":""}]}]}
RESULT: {"actions":[{"id":"action57","type":"key","parameters":{},"actions":[{"type":"keyDown","value":""},{"type":"pause","duration":10},{"type":"keyUp","value":""}]}]}
COMMAND: POST /session/f2510c46535a82282fd70196afe2e571/execute/async - {"script":"<script> [1562 bytes]","args":[{"selector":{"id":"application-manageresources-display-component---newResourceUnit--resourceId","interaction":{"idSuffix":"inner"}},"wdio_ui5_key":"applicationmanageresources-display-component---newResourceUnit--resourceId"}]}
COMMAND: GET /session/f2510c46535a82282fd70196afe2e571/screenshot - {}
RESULT: {"script":"<script> [1562 bytes]","args":[{"selector":{"id":"application-manageresources-display-component---newResourceUnit--resourceId","interaction":{"idSuffix":"inner"}},"wdio_ui5_key":"applicationmanageresources-display-component---newResourceUnit--resourceId"}]}
RESULT: undefined
COMMAND: POST /session/f2510c46535a82282fd70196afe2e571/execute/async - {"script":"<script> [776 bytes]","args":[{"enterText":"eAOkuOZwDL","selector":{"id":"application-manageresources-display-component---newResourceUnit--resourceId","interaction":{"idSuffix":"inner"}},"clearTextFirst":true,"interactionType":"ENTER_TEXT"}]}
RESULT: {}
RESULT: {"script":"<script> [776 bytes]","args":[{"enterText":"eAOkuOZwDL","selector":{"id":"application-manageresources-display-component---newResourceUnit--resourceId","interaction":{"idSuffix":"inner"}},"clearTextFirst":true,"interactionType":"ENTER_TEXT"}]}
COMMAND: POST /session/f2510c46535a82282fd70196afe2e571/execute/async - {"script":"<script> [1562 bytes]","args":[{"selector":{"id":"application-manageresources-display-component---newResourceUnit--SHORT_TEXT","interaction":{"idSuffix":"inner"}},"wdio_ui5_key":"applicationmanageresources-display-component---newResourceUnit--SHORT_TEXT"}]}
RESULT: {"script":"<script> [1562 bytes]","args":[{"selector":{"id":"application-manageresources-display-component---newResourceUnit--SHORT_TEXT","interaction":{"idSuffix":"inner"}},"wdio_ui5_key":"applicationmanageresources-display-component---newResourceUnit--SHORT_TEXT"}]}
RESULT: undefined
COMMAND: POST /session/f2510c46535a82282fd70196afe2e571/execute/async - {"script":"<script> [776 bytes]","args":[{"enterText":"Intercompany Equipment WDIO","selector":{"id":"application-manageresources-display-component---newResourceUnit--SHORT_TEXT","interaction":{"idSuffix":"inner"}},"clearTextFirst":true,"interactionType":"ENTER_TEXT"}]}
RESULT: {"script":"<script> [776 bytes]","args":[{"enterText":"Intercompany Equipment WDIO","selector":{"id":"application-manageresources-display-component---newResourceUnit--SHORT_TEXT","interaction":{"idSuffix":"inner"}},"clearTextFirst":true,"interactionType":"ENTER_TEXT"}]}
COMMAND: POST /session/f2510c46535a82282fd70196afe2e571/execute/async - {"script":"<script> [1562 bytes]","args":[{"selector":{"id":"application-manageresources-display-component---newResourceUnit--BASE_UNIT_OF_MEASURE","interaction":{"idSuffix":"inner"}},"wdio_ui5_key":"applicationmanageresources-display-component---newResourceUnit--BASE_UNIT_OF_MEASURE"}]}
RESULT: {"script":"<script> [1562 bytes]","args":[{"selector":{"id":"application-manageresources-display-component---newResourceUnit--BASE_UNIT_OF_MEASURE","interaction":{"idSuffix":"inner"}},"wdio_ui5_key":"applicationmanageresources-display-component---newResourceUnit--BASE_UNIT_OF_MEASURE"}]}
RESULT: undefined
COMMAND: POST /session/f2510c46535a82282fd70196afe2e571/execute/async - {"script":"<script> [776 bytes]","args":[{"enterText":"Piece","selector":{"id":"application-manageresources-display-component---newResourceUnit--BASE_UNIT_OF_MEASURE","interaction":{"idSuffix":"inner"}},"clearTextFirst":true,"interactionType":"ENTER_TEXT"}]}
RESULT: {"script":"<script> [776 bytes]","args":[{"enterText":"Piece","selector":{"id":"application-manageresources-display-component---newResourceUnit--BASE_UNIT_OF_MEASURE","interaction":{"idSuffix":"inner"}},"clearTextFirst":true,"interactionType":"ENTER_TEXT"}]}
COMMAND: POST /session/f2510c46535a82282fd70196afe2e571/execute/async - {"script":"<script> [1562 bytes]","args":[{"selector":{"id":"application-manageresources-display-component---newResourceUnit--WEIGHT_UNIT","interaction":{"idSuffix":"inner"}},"wdio_ui5_key":"applicationmanageresources-display-component---newResourceUnit--WEIGHT_UNIT"}]}
RESULT: {"script":"<script> [1562 bytes]","args":[{"selector":{"id":"application-manageresources-display-component---newResourceUnit--WEIGHT_UNIT","interaction":{"idSuffix":"inner"}},"wdio_ui5_key":"applicationmanageresources-display-component---newResourceUnit--WEIGHT_UNIT"}]}
RESULT: undefined
COMMAND: POST /session/f2510c46535a82282fd70196afe2e571/execute/async - {"script":"<script> [776 bytes]","args":[{"enterText":"Gram","selector":{"id":"application-manageresources-display-component---newResourceUnit--WEIGHT_UNIT","interaction":{"idSuffix":"inner"}},"clearTextFirst":true,"interactionType":"ENTER_TEXT"}]}
RESULT: {"script":"<script> [776 bytes]","args":[{"enterText":"Gram","selector":{"id":"application-manageresources-display-component---newResourceUnit--WEIGHT_UNIT","interaction":{"idSuffix":"inner"}},"clearTextFirst":true,"interactionType":"ENTER_TEXT"}]}
COMMAND: POST /session/f2510c46535a82282fd70196afe2e571/execute/async - {"script":"<script> [1562 bytes]","args":[{"selector":{"id":"application-manageresources-display-component---newResourceUnit--DIMENSION_UNIT","interaction":{"idSuffix":"inner"}},"wdio_ui5_key":"applicationmanageresources-display-component---newResourceUnit--DIMENSION_UNIT"}]}
RESULT: {"script":"<script> [1562 bytes]","args":[{"selector":{"id":"application-manageresources-display-component---newResourceUnit--DIMENSION_UNIT","interaction":{"idSuffix":"inner"}},"wdio_ui5_key":"applicationmanageresources-display-component---newResourceUnit--DIMENSION_UNIT"}]}
RESULT: undefined
COMMAND: POST /session/f2510c46535a82282fd70196afe2e571/execute/async - {"script":"<script> [776 bytes]","args":[{"enterText":"Meter","selector":{"id":"application-manageresources-display-component---newResourceUnit--DIMENSION_UNIT","interaction":{"idSuffix":"inner"}},"clearTextFirst":true,"interactionType":"ENTER_TEXT"}]}
RESULT: {"script":"<script> [776 bytes]","args":[{"enterText":"Meter","selector":{"id":"application-manageresources-display-component---newResourceUnit--DIMENSION_UNIT","interaction":{"idSuffix":"inner"}},"clearTextFirst":true,"interactionType":"ENTER_TEXT"}]}
COMMAND: POST /session/f2510c46535a82282fd70196afe2e571/execute/async - {"script":"<script> [1562 bytes]","args":[{"selector":{"id":"application-manageresources-display-component---newResourceUnit--newRRUPage-anchBar-application-manageresources-display-component---newResourceUnit--control-anchor","interaction":{"idSuffix":"BDI-content"}},"wdio_ui5_key":"applicationmanageresources-display-component---newResourceUnit--newRRUPage-anchBar-application-manageresources-display-component---newResourceUnit--control-anchor"}]}
RESULT: {"script":"<script> [1562 bytes]","args":[{"selector":{"id":"application-manageresources-display-component---newResourceUnit--newRRUPage-anchBar-application-manageresources-display-component---newResourceUnit--control-anchor","interaction":{"idSuffix":"BDI-content"}},"wdio_ui5_key":"applicationmanageresources-display-component---newResourceUnit--newRRUPage-anchBar-application-manageresources-display-component---newResourceUnit--control-anchor"}]}
RESULT: undefined
COMMAND: POST /session/f2510c46535a82282fd70196afe2e571/element - {"using":"xpath","value":"//*[@id=\"application-manageresources-display-component---newResourceUnit--newRRUPage-anchBar-application-manageresources-display-component---newResourceUnit--control-anchor\"]"}
RESULT: {"using":"xpath","value":"//*[@id=\"application-manageresources-display-component---newResourceUnit--newRRUPage-anchBar-application-manageresources-display-component---newResourceUnit--control-anchor\"]"}
COMMAND: POST /session/f2510c46535a82282fd70196afe2e571/element/f.F7DC0DCC1AEA5B11728C456D26A3F950.d.4BF18E3C3FA1DE29FEF136E1E5432F84.e.14985/click - {}
RESULT: {}
COMMAND: POST /session/f2510c46535a82282fd70196afe2e571/execute/async - {"script":"<script> [1562 bytes]","args":[{"selector":{"id":"application-manageresources-display-component---newResourceUnit--PLANNING_GROUP","interaction":{"idSuffix":"inner"}},"wdio_ui5_key":"applicationmanageresources-display-component---newResourceUnit--PLANNING_GROUP"}]}
COMMAND: GET /session/f2510c46535a82282fd70196afe2e571/screenshot - {}
RESULT: {"script":"<script> [1562 bytes]","args":[{"selector":{"id":"application-manageresources-display-component---newResourceUnit--PLANNING_GROUP","interaction":{"idSuffix":"inner"}},"wdio_ui5_key":"applicationmanageresources-display-component---newResourceUnit--PLANNING_GROUP"}]}
RESULT: undefined
COMMAND: POST /session/f2510c46535a82282fd70196afe2e571/execute/async - {"script":"<script> [776 bytes]","args":[{"enterText":"Heavy Equi","selector":{"id":"application-manageresources-display-component---newResourceUnit--PLANNING_GROUP","interaction":{"idSuffix":"inner"}},"clearTextFirst":true,"interactionType":"ENTER_TEXT"}]}
RESULT: {}
RESULT: {"script":"<script> [776 bytes]","args":[{"enterText":"Heavy Equi","selector":{"id":"application-manageresources-display-component---newResourceUnit--PLANNING_GROUP","interaction":{"idSuffix":"inner"}},"clearTextFirst":true,"interactionType":"ENTER_TEXT"}]}
COMMAND: POST /session/f2510c46535a82282fd70196afe2e571/execute/async - {"script":"<script> [1562 bytes]","args":[{"selector":{"id":"application-manageresources-display-component---newResourceUnit--ITEM_TYPE-arrow"},"wdio_ui5_key":"applicationmanageresources-display-component---newResourceUnit--ITEM_TYPE-arrow"}]}
RESULT: {"script":"<script> [1562 bytes]","args":[{"selector":{"id":"application-manageresources-display-component---newResourceUnit--ITEM_TYPE-arrow"},"wdio_ui5_key":"applicationmanageresources-display-component---newResourceUnit--ITEM_TYPE-arrow"}]}
RESULT: undefined
COMMAND: POST /session/f2510c46535a82282fd70196afe2e571/element - {"using":"xpath","value":"//*[@id=\"application-manageresources-display-component---newResourceUnit--ITEM_TYPE-arrow\"]"}
RESULT: {"using":"xpath","value":"//*[@id=\"application-manageresources-display-component---newResourceUnit--ITEM_TYPE-arrow\"]"}
COMMAND: POST /session/f2510c46535a82282fd70196afe2e571/element/f.F7DC0DCC1AEA5B11728C456D26A3F950.d.4BF18E3C3FA1DE29FEF136E1E5432F84.e.14994/click - {}
RESULT: {}
COMMAND: POST /session/f2510c46535a82282fd70196afe2e571/element - {"using":"xpath","value":"//ul[contains(@id,\"ITEM_TYPE-popup-list-listUl\")]//li[.//span[contains(text(),\"Resource Unit\")]]"}
COMMAND: GET /session/f2510c46535a82282fd70196afe2e571/screenshot - {}
RESULT: {"using":"xpath","value":"//ul[contains(@id,\"ITEM_TYPE-popup-list-listUl\")]//li[.//span[contains(text(),\"Resource Unit\")]]"}
COMMAND: POST /session/f2510c46535a82282fd70196afe2e571/element/f.F7DC0DCC1AEA5B11728C456D26A3F950.d.4BF18E3C3FA1DE29FEF136E1E5432F84.e.14995/click - {}
RESULT: {}
RESULT: {}
COMMAND: GET /session/f2510c46535a82282fd70196afe2e571/screenshot - {}
RESULT: {}
COMMAND: POST /session/f2510c46535a82282fd70196afe2e571/element - {"using":"css selector","value":"#application-manageresources-display-component---newResourceUnit--btnAddTimeSegment"}
RESULT: {"using":"css selector","value":"#application-manageresources-display-component---newResourceUnit--btnAddTimeSegment"}
COMMAND: GET /session/f2510c46535a82282fd70196afe2e571/element/f.F7DC0DCC1AEA5B11728C456D26A3F950.d.4BF18E3C3FA1DE29FEF136E1E5432F84.e.15002/rect - {}
RESULT: {}
COMMAND: GET /session/f2510c46535a82282fd70196afe2e571/window/rect - {}
RESULT: {}
COMMAND: POST /session/f2510c46535a82282fd70196afe2e571/execute/sync - {"script":"<script> [92 bytes]","args":[]}
RESULT: {"script":"<script> [92 bytes]","args":[]}
COMMAND: POST /session/f2510c46535a82282fd70196afe2e571/actions - {"actions":[{"id":"action58","type":"wheel","parameters":{},"actions":[{"type":"scroll","x":-1888,"y":-32,"deltaX":0,"deltaY":0,"duration":0,"origin":{"element-6066-11e4-a52e-4f735466cecf":"f.F7DC0DCC1AEA5B11728C456D26A3F950.d.4BF18E3C3FA1DE29FEF136E1E5432F84.e.15002"}}]}]}
COMMAND: GET /session/f2510c46535a82282fd70196afe2e571/screenshot - {}
RESULT: {}
COMMAND: POST /session/f2510c46535a82282fd70196afe2e571/execute/sync - {"script":"<script> [79 bytes]","args":[{"element-6066-11e4-a52e-4f735466cecf":"f.F7DC0DCC1AEA5B11728C456D26A3F950.d.4BF18E3C3FA1DE29FEF136E1E5432F84.e.15002","ELEMENT":"f.F7DC0DCC1AEA5B11728C456D26A3F950.d.4BF18E3C3FA1DE29FEF136E1E5432F84.e.15002"},{"block":"start","inline":"nearest"}]}
RESULT: {"script":"<script> [79 bytes]","args":[{"element-6066-11e4-a52e-4f735466cecf":"f.F7DC0DCC1AEA5B11728C456D26A3F950.d.4BF18E3C3FA1DE29FEF136E1E5432F84.e.15002","ELEMENT":"f.F7DC0DCC1AEA5B11728C456D26A3F950.d.4BF18E3C3FA1DE29FEF136E1E5432F84.e.15002"},{"block":"start","inline":"nearest"}]}
COMMAND: POST /session/f2510c46535a82282fd70196afe2e571/execute/async - {"script":"<script> [1562 bytes]","args":[{"selector":{"id":"application-manageresources-display-component---newResourceUnit--btnAddTimeSegment","interaction":{"idSuffix":"inner"}},"wdio_ui5_key":"applicationmanageresources-display-component---newResourceUnit--btnAddTimeSegment"}]}
COMMAND: GET /session/f2510c46535a82282fd70196afe2e571/screenshot - {}
RESULT: {"script":"<script> [1562 bytes]","args":[{"selector":{"id":"application-manageresources-display-component---newResourceUnit--btnAddTimeSegment","interaction":{"idSuffix":"inner"}},"wdio_ui5_key":"applicationmanageresources-display-component---newResourceUnit--btnAddTimeSegment"}]}
RESULT: undefined
COMMAND: POST /session/f2510c46535a82282fd70196afe2e571/element - {"using":"xpath","value":"//*[@id=\"application-manageresources-display-component---newResourceUnit--btnAddTimeSegment\"]"}
RESULT: {}
RESULT: {"using":"xpath","value":"//*[@id=\"application-manageresources-display-component---newResourceUnit--btnAddTimeSegment\"]"}
COMMAND: POST /session/f2510c46535a82282fd70196afe2e571/element/f.F7DC0DCC1AEA5B11728C456D26A3F950.d.4BF18E3C3FA1DE29FEF136E1E5432F84.e.15002/click - {}
RESULT: {}
COMMAND: GET /session/f2510c46535a82282fd70196afe2e571/screenshot - {}
RESULT: {}
COMMAND: POST /session/f2510c46535a82282fd70196afe2e571/element - {"using":"xpath","value":"//input[@id=\"application-manageresources-display-component---newResourceUnit--idRuTSAdmin-application-manageresources-display-component---newResourceUnit--RUTimeSegment-0-inner\"]"}
RESULT: {"using":"xpath","value":"//input[@id=\"application-manageresources-display-component---newResourceUnit--idRuTSAdmin-application-manageresources-display-component---newResourceUnit--RUTimeSegment-0-inner\"]"}
COMMAND: POST /session/f2510c46535a82282fd70196afe2e571/element/f.F7DC0DCC1AEA5B11728C456D26A3F950.d.4BF18E3C3FA1DE29FEF136E1E5432F84.e.15008/clear - {}
RESULT: {}
COMMAND: POST /session/f2510c46535a82282fd70196afe2e571/element/f.F7DC0DCC1AEA5B11728C456D26A3F950.d.4BF18E3C3FA1DE29FEF136E1E5432F84.e.15008/value - {"text":"530"}
COMMAND: GET /session/f2510c46535a82282fd70196afe2e571/screenshot - {}
RESULT: {"text":"530"}
COMMAND: GET /session/f2510c46535a82282fd70196afe2e571/screenshot - {}
RESULT: {}
RESULT: {}
COMMAND: POST /session/f2510c46535a82282fd70196afe2e571/element - {"using":"xpath","value":"//li[.//span[text()='530']]"}
RESULT: {"using":"xpath","value":"//li[.//span[text()='530']]"}
COMMAND: POST /session/f2510c46535a82282fd70196afe2e571/element/f.F7DC0DCC1AEA5B11728C456D26A3F950.d.4BF18E3C3FA1DE29FEF136E1E5432F84.e.15020/click - {}
RESULT: {}
COMMAND: GET /session/f2510c46535a82282fd70196afe2e571/screenshot - {}
RESULT: {}
COMMAND: POST /session/f2510c46535a82282fd70196afe2e571/element - {"using":"xpath","value":"(//span[contains(@id, \"-application-manageresources-display-component---newResourceUnit--RUTimeSegment-0-arrow\")])[6]"}
RESULT: {"using":"xpath","value":"(//span[contains(@id, \"-application-manageresources-display-component---newResourceUnit--RUTimeSegment-0-arrow\")])[6]"}
COMMAND: POST /session/f2510c46535a82282fd70196afe2e571/element/f.F7DC0DCC1AEA5B11728C456D26A3F950.d.4BF18E3C3FA1DE29FEF136E1E5432F84.e.15021/click - {}
RESULT: {}
COMMAND: GET /session/f2510c46535a82282fd70196afe2e571/screenshot - {}
RESULT: {}
COMMAND: POST /session/f2510c46535a82282fd70196afe2e571/element - {"using":"xpath","value":"//span[contains(text(), \"PM Order\")]"}
RESULT: {"using":"xpath","value":"//span[contains(text(), \"PM Order\")]"}
COMMAND: POST /session/f2510c46535a82282fd70196afe2e571/element/f.F7DC0DCC1AEA5B11728C456D26A3F950.d.4BF18E3C3FA1DE29FEF136E1E5432F84.e.15024/click - {}
RESULT: {}
COMMAND: GET /session/f2510c46535a82282fd70196afe2e571/screenshot - {}
RESULT: {}
COMMAND: POST /session/f2510c46535a82282fd70196afe2e571/element - {"using":"xpath","value":"(//span[contains(@id ,\"manageresources-display-component---newResourceUnit--RUTimeSegment-0-vhi\")])[1]"}
RESULT: {"using":"xpath","value":"(//span[contains(@id ,\"manageresources-display-component---newResourceUnit--RUTimeSegment-0-vhi\")])[1]"}
COMMAND: GET /session/f2510c46535a82282fd70196afe2e571/element/f.F7DC0DCC1AEA5B11728C456D26A3F950.d.4BF18E3C3FA1DE29FEF136E1E5432F84.e.15028/rect - {}
RESULT: {}
COMMAND: GET /session/f2510c46535a82282fd70196afe2e571/window/rect - {}
RESULT: {}
COMMAND: POST /session/f2510c46535a82282fd70196afe2e571/execute/sync - {"script":"<script> [92 bytes]","args":[]}
RESULT: {"script":"<script> [92 bytes]","args":[]}
COMMAND: POST /session/f2510c46535a82282fd70196afe2e571/actions - {"actions":[{"id":"action59","type":"wheel","parameters":{},"actions":[{"type":"scroll","x":-869,"y":-24,"deltaX":0,"deltaY":0,"duration":0,"origin":{"element-6066-11e4-a52e-4f735466cecf":"f.F7DC0DCC1AEA5B11728C456D26A3F950.d.4BF18E3C3FA1DE29FEF136E1E5432F84.e.15028"}}]}]}
COMMAND: GET /session/f2510c46535a82282fd70196afe2e571/screenshot - {}
RESULT: {"actions":[{"id":"action59","type":"wheel","parameters":{},"actions":[{"type":"scroll","x":-869,"y":-24,"deltaX":0,"deltaY":0,"duration":0,"origin":{"element-6066-11e4-a52e-4f735466cecf":"f.F7DC0DCC1AEA5B11728C456D26A3F950.d.4BF18E3C3FA1DE29FEF136E1E5432F84.e.15028"}}]}]}
COMMAND: DELETE /session/f2510c46535a82282fd70196afe2e571/actions - {}
COMMAND: GET /session/f2510c46535a82282fd70196afe2e571/screenshot - {}
RESULT: {}
RESULT: {}
COMMAND: GET /session/f2510c46535a82282fd70196afe2e571/screenshot - {}
RESULT: {}
RESULT: {}
COMMAND: POST /session/f2510c46535a82282fd70196afe2e571/element/f.F7DC0DCC1AEA5B11728C456D26A3F950.d.4BF18E3C3FA1DE29FEF136E1E5432F84.e.15028/click - {}
RESULT: {}
COMMAND: GET /session/f2510c46535a82282fd70196afe2e571/screenshot - {}
RESULT: {}
COMMAND: POST /session/f2510c46535a82282fd70196afe2e571/execute/async - {"script":"<script> [1562 bytes]","args":[{"selector":{"controlType":"sap.m.SearchField","properties":{"placeholder":"Search"},"searchOpenDialogs":true,"interaction":{"idSuffix":"I"}},"wdio_ui5_key":"sapm.SearchField{\"placeholder\":\"Search\"}"}]}
RESULT: {"script":"<script> [1562 bytes]","args":[{"selector":{"controlType":"sap.m.SearchField","properties":{"placeholder":"Search"},"searchOpenDialogs":true,"interaction":{"idSuffix":"I"}},"wdio_ui5_key":"sapm.SearchField{\"placeholder\":\"Search\"}"}]}
RESULT: undefined
COMMAND: POST /session/f2510c46535a82282fd70196afe2e571/execute/async - {"script":"<script> [776 bytes]","args":[{"enterText":"4000360","selector":{"controlType":"sap.m.SearchField","properties":{"placeholder":"Search"},"searchOpenDialogs":true,"interaction":{"idSuffix":"I"}},"clearTextFirst":true,"interactionType":"ENTER_TEXT"}]}
RESULT: {"script":"<script> [776 bytes]","args":[{"enterText":"4000360","selector":{"controlType":"sap.m.SearchField","properties":{"placeholder":"Search"},"searchOpenDialogs":true,"interaction":{"idSuffix":"I"}},"clearTextFirst":true,"interactionType":"ENTER_TEXT"}]}
COMMAND: POST /session/f2510c46535a82282fd70196afe2e571/actions - {"actions":[{"id":"action60","type":"key","parameters":{},"actions":[{"type":"keyDown","value":""},{"type":"pause","duration":10},{"type":"keyUp","value":""}]}]}
RESULT: {"actions":[{"id":"action60","type":"key","parameters":{},"actions":[{"type":"keyDown","value":""},{"type":"pause","duration":10},{"type":"keyUp","value":""}]}]}
COMMAND: GET /session/f2510c46535a82282fd70196afe2e571/screenshot - {}
RESULT: {}
COMMAND: POST /session/f2510c46535a82282fd70196afe2e571/element - {"using":"xpath","value":"//td/div/span[contains(text(), \"BGL Vehicles\")]"}
RESULT: {"using":"xpath","value":"//td/div/span[contains(text(), \"BGL Vehicles\")]"}
COMMAND: POST /session/f2510c46535a82282fd70196afe2e571/element/f.F7DC0DCC1AEA5B11728C456D26A3F950.d.4BF18E3C3FA1DE29FEF136E1E5432F84.e.15050/click - {}
RESULT: {}
COMMAND: GET /session/f2510c46535a82282fd70196afe2e571/screenshot - {}
RESULT: {}
COMMAND: POST /session/f2510c46535a82282fd70196afe2e571/element - {"using":"xpath","value":"//bdi[contains(text(), \"OK\")]"}
RESULT: {"using":"xpath","value":"//bdi[contains(text(), \"OK\")]"}
COMMAND: POST /session/f2510c46535a82282fd70196afe2e571/element/f.F7DC0DCC1AEA5B11728C456D26A3F950.d.4BF18E3C3FA1DE29FEF136E1E5432F84.e.15051/click - {}
RESULT: {}
COMMAND: GET /session/f2510c46535a82282fd70196afe2e571/screenshot - {}
RESULT: {}
COMMAND: POST /session/f2510c46535a82282fd70196afe2e571/execute/async - {"script":"<script> [1562 bytes]","args":[{"selector":{"id":"application-manageresources-display-component---newResourceUnit--newRRUPage-anchBar-application-manageresources-display-component---newResourceUnit--resource-anchor","interaction":{"idSuffix":"BDI-content"}},"wdio_ui5_key":"applicationmanageresources-display-component---newResourceUnit--newRRUPage-anchBar-application-manageresources-display-component---newResourceUnit--resource-anchor"}]}
RESULT: {"script":"<script> [1562 bytes]","args":[{"selector":{"id":"application-manageresources-display-component---newResourceUnit--newRRUPage-anchBar-application-manageresources-display-component---newResourceUnit--resource-anchor","interaction":{"idSuffix":"BDI-content"}},"wdio_ui5_key":"applicationmanageresources-display-component---newResourceUnit--newRRUPage-anchBar-application-manageresources-display-component---newResourceUnit--resource-anchor"}]}
RESULT: undefined
COMMAND: POST /session/f2510c46535a82282fd70196afe2e571/element - {"using":"xpath","value":"//*[@id=\"application-manageresources-display-component---newResourceUnit--newRRUPage-anchBar-application-manageresources-display-component---newResourceUnit--resource-anchor\"]"}
RESULT: {"using":"xpath","value":"//*[@id=\"application-manageresources-display-component---newResourceUnit--newRRUPage-anchBar-application-manageresources-display-component---newResourceUnit--resource-anchor\"]"}
COMMAND: POST /session/f2510c46535a82282fd70196afe2e571/element/f.F7DC0DCC1AEA5B11728C456D26A3F950.d.4BF18E3C3FA1DE29FEF136E1E5432F84.e.15055/click - {}
RESULT: {}
COMMAND: POST /session/f2510c46535a82282fd70196afe2e571/execute/async - {"script":"<script> [1562 bytes]","args":[{"selector":{"id":"application-manageresources-display-component---newResourceUnit--PLANNED_DELIVERY_DATE","interaction":{"idSuffix":"inner"}},"wdio_ui5_key":"applicationmanageresources-display-component---newResourceUnit--PLANNED_DELIVERY_DATE"}]}
COMMAND: GET /session/f2510c46535a82282fd70196afe2e571/screenshot - {}
RESULT: {"script":"<script> [1562 bytes]","args":[{"selector":{"id":"application-manageresources-display-component---newResourceUnit--PLANNED_DELIVERY_DATE","interaction":{"idSuffix":"inner"}},"wdio_ui5_key":"applicationmanageresources-display-component---newResourceUnit--PLANNED_DELIVERY_DATE"}]}
RESULT: undefined
COMMAND: POST /session/f2510c46535a82282fd70196afe2e571/execute/async - {"script":"<script> [6424 bytes]","args":[{"element-6066-11e4-a52e-4f735466cecf":"f.F7DC0DCC1AEA5B11728C456D26A3F950.d.4BF18E3C3FA1DE29FEF136E1E5432F84.e.14884"},"setValue",["5/31/25"]]}
RESULT: {}
RESULT: {"script":"<script> [6424 bytes]","args":[{"element-6066-11e4-a52e-4f735466cecf":"f.F7DC0DCC1AEA5B11728C456D26A3F950.d.4BF18E3C3FA1DE29FEF136E1E5432F84.e.14884"},"setValue",["5/31/25"]]}
COMMAND: POST /session/f2510c46535a82282fd70196afe2e571/element - {"using":"xpath","value":"//label[contains(@class, 'sapMLabelRequired') and .//bdi[contains(text(), 'Planned Retirement')]]"}
RESULT: {"using":"xpath","value":"//label[contains(@class, 'sapMLabelRequired') and .//bdi[contains(text(), 'Planned Retirement')]]"}
COMMAND: POST /session/f2510c46535a82282fd70196afe2e571/elements - {"using":"xpath","value":"//label[contains(@class, 'sapMLabelRequired') and .//bdi[contains(text(), 'Planned Retirement')]]"}
RESULT: {"using":"xpath","value":"//label[contains(@class, 'sapMLabelRequired') and .//bdi[contains(text(), 'Planned Retirement')]]"}
COMMAND: POST /session/f2510c46535a82282fd70196afe2e571/element - {"using":"xpath","value":"//button[@data-kt=\"resourceUnitSaveButton\"]"}
RESULT: {"using":"xpath","value":"//button[@data-kt=\"resourceUnitSaveButton\"]"}
COMMAND: POST /session/f2510c46535a82282fd70196afe2e571/element/f.F7DC0DCC1AEA5B11728C456D26A3F950.d.4BF18E3C3FA1DE29FEF136E1E5432F84.e.14843/click - {}
RESULT: {}
COMMAND: GET /session/f2510c46535a82282fd70196afe2e571/screenshot - {}
RESULT: {}
COMMAND: POST /session/f2510c46535a82282fd70196afe2e571/element - {"using":"xpath","value":"//bdi[contains(text(), \"Close\")]"}
RESULT: {"using":"xpath","value":"//bdi[contains(text(), \"Close\")]"}
COMMAND: POST /session/f2510c46535a82282fd70196afe2e571/element/f.F7DC0DCC1AEA5B11728C456D26A3F950.d.4BF18E3C3FA1DE29FEF136E1E5432F84.e.15063/click - {}
RESULT: {}
COMMAND: GET /session/f2510c46535a82282fd70196afe2e571/screenshot - {}
RESULT: {}
COMMAND: POST /session/f2510c46535a82282fd70196afe2e571/element - {"using":"xpath","value":"(//button[contains(@id ,\"actionsToolbar-overflowButton\")])[1]"}
RESULT: {"using":"xpath","value":"(//button[contains(@id ,\"actionsToolbar-overflowButton\")])[1]"}
COMMAND: POST /session/f2510c46535a82282fd70196afe2e571/element/f.F7DC0DCC1AEA5B11728C456D26A3F950.d.4BF18E3C3FA1DE29FEF136E1E5432F84.e.15094/click - {}
RESULT: {}
COMMAND: GET /session/f2510c46535a82282fd70196afe2e571/screenshot - {}
RESULT: {}
COMMAND: POST /session/f2510c46535a82282fd70196afe2e571/element - {"using":"xpath","value":"//button[@data-kt=\"priceInfoButton\"]"}
RESULT: {"using":"xpath","value":"//button[@data-kt=\"priceInfoButton\"]"}
COMMAND: POST /session/f2510c46535a82282fd70196afe2e571/element/f.F7DC0DCC1AEA5B11728C456D26A3F950.d.4BF18E3C3FA1DE29FEF136E1E5432F84.e.15096/click - {}
RESULT: {}
COMMAND: GET /session/f2510c46535a82282fd70196afe2e571/screenshot - {}
RESULT: {}
]]></system-out>
    </testcase>
    <testcase classname="chrome.136_0_7103_93.windows.Billing_Calculation_-_Time_based_(considering_transport_times)_US139738" name="Should create new pricing rule for the equipment" time="49.063">
      <system-out><![CDATA[
COMMAND: POST /session/f2510c46535a82282fd70196afe2e571/element - {"using":"xpath","value":"//button[@data-kt=\"addButton\"]"}
RESULT: {"using":"xpath","value":"//button[@data-kt=\"addButton\"]"}
COMMAND: POST /session/f2510c46535a82282fd70196afe2e571/elements - {"using":"xpath","value":"//button[@data-kt=\"addButton\"]"}
RESULT: {"using":"xpath","value":"//button[@data-kt=\"addButton\"]"}
COMMAND: POST /session/f2510c46535a82282fd70196afe2e571/elements - {"using":"xpath","value":"//button[@data-kt=\"addButton\"]"}
RESULT: {"using":"xpath","value":"//button[@data-kt=\"addButton\"]"}
COMMAND: POST /session/f2510c46535a82282fd70196afe2e571/element - {"using":"xpath","value":"//button[@data-kt=\"addButton\"]"}
RESULT: {"using":"xpath","value":"//button[@data-kt=\"addButton\"]"}
COMMAND: POST /session/f2510c46535a82282fd70196afe2e571/execute/sync - {"script":"<script> [8489 bytes]","args":[{"element-6066-11e4-a52e-4f735466cecf":"f.F7DC0DCC1AEA5B11728C456D26A3F950.d.4BF18E3C3FA1DE29FEF136E1E5432F84.e.15132","ELEMENT":"f.F7DC0DCC1AEA5B11728C456D26A3F950.d.4BF18E3C3FA1DE29FEF136E1E5432F84.e.15132"}]}
RESULT: {"script":"<script> [8489 bytes]","args":[{"element-6066-11e4-a52e-4f735466cecf":"f.F7DC0DCC1AEA5B11728C456D26A3F950.d.4BF18E3C3FA1DE29FEF136E1E5432F84.e.15132","ELEMENT":"f.F7DC0DCC1AEA5B11728C456D26A3F950.d.4BF18E3C3FA1DE29FEF136E1E5432F84.e.15132"}]}
COMMAND: GET /session/f2510c46535a82282fd70196afe2e571/element/f.F7DC0DCC1AEA5B11728C456D26A3F950.d.4BF18E3C3FA1DE29FEF136E1E5432F84.e.15132/enabled - {}
COMMAND: GET /session/f2510c46535a82282fd70196afe2e571/screenshot - {}
RESULT: {}
COMMAND: POST /session/f2510c46535a82282fd70196afe2e571/execute/sync - {"script":"<script> [8489 bytes]","args":[{"element-6066-11e4-a52e-4f735466cecf":"f.F7DC0DCC1AEA5B11728C456D26A3F950.d.4BF18E3C3FA1DE29FEF136E1E5432F84.e.15132","ELEMENT":"f.F7DC0DCC1AEA5B11728C456D26A3F950.d.4BF18E3C3FA1DE29FEF136E1E5432F84.e.15132"}]}
COMMAND: GET /session/f2510c46535a82282fd70196afe2e571/screenshot - {}
RESULT: {}
RESULT: {"script":"<script> [8489 bytes]","args":[{"element-6066-11e4-a52e-4f735466cecf":"f.F7DC0DCC1AEA5B11728C456D26A3F950.d.4BF18E3C3FA1DE29FEF136E1E5432F84.e.15132","ELEMENT":"f.F7DC0DCC1AEA5B11728C456D26A3F950.d.4BF18E3C3FA1DE29FEF136E1E5432F84.e.15132"}]}
COMMAND: POST /session/f2510c46535a82282fd70196afe2e571/execute/sync - {"script":"<script> [5351 bytes]","args":[{"element-6066-11e4-a52e-4f735466cecf":"f.F7DC0DCC1AEA5B11728C456D26A3F950.d.4BF18E3C3FA1DE29FEF136E1E5432F84.e.15132","ELEMENT":"f.F7DC0DCC1AEA5B11728C456D26A3F950.d.4BF18E3C3FA1DE29FEF136E1E5432F84.e.15132"}]}
COMMAND: GET /session/f2510c46535a82282fd70196afe2e571/screenshot - {}
RESULT: {}
RESULT: {"script":"<script> [5351 bytes]","args":[{"element-6066-11e4-a52e-4f735466cecf":"f.F7DC0DCC1AEA5B11728C456D26A3F950.d.4BF18E3C3FA1DE29FEF136E1E5432F84.e.15132","ELEMENT":"f.F7DC0DCC1AEA5B11728C456D26A3F950.d.4BF18E3C3FA1DE29FEF136E1E5432F84.e.15132"}]}
COMMAND: POST /session/f2510c46535a82282fd70196afe2e571/element/f.F7DC0DCC1AEA5B11728C456D26A3F950.d.4BF18E3C3FA1DE29FEF136E1E5432F84.e.15132/click - {}
COMMAND: GET /session/f2510c46535a82282fd70196afe2e571/screenshot - {}
RESULT: {}
RESULT: {}
COMMAND: GET /session/f2510c46535a82282fd70196afe2e571/screenshot - {}
RESULT: {}
RESULT: {}
COMMAND: POST /session/f2510c46535a82282fd70196afe2e571/execute/async - {"script":"<script> [1562 bytes]","args":[{"selector":{"controlType":"sap.m.Title","viewName":"etm.portal.ui.managepricingrules.view.NewItem","viewId":"application-managepricingrules-display-component---newInfoPriceItem","properties":{"text":"New Pricing Rules - Item Level"}},"wdio_ui5_key":"etmportal.ui.managepricingrules.view.NewItemsap.m.Title{\"text\":\"New Pricing Rules - Item Level\"}"}]}
RESULT: {"script":"<script> [1562 bytes]","args":[{"selector":{"controlType":"sap.m.Title","viewName":"etm.portal.ui.managepricingrules.view.NewItem","viewId":"application-managepricingrules-display-component---newInfoPriceItem","properties":{"text":"New Pricing Rules - Item Level"}},"wdio_ui5_key":"etmportal.ui.managepricingrules.view.NewItemsap.m.Title{\"text\":\"New Pricing Rules - Item Level\"}"}]}
RESULT: undefined
COMMAND: POST /session/f2510c46535a82282fd70196afe2e571/execute/async - {"script":"<script> [6424 bytes]","args":[{"element-6066-11e4-a52e-4f735466cecf":"f.F7DC0DCC1AEA5B11728C456D26A3F950.d.4BF18E3C3FA1DE29FEF136E1E5432F84.e.15304"},"getText",[]]}
RESULT: {"script":"<script> [6424 bytes]","args":[{"element-6066-11e4-a52e-4f735466cecf":"f.F7DC0DCC1AEA5B11728C456D26A3F950.d.4BF18E3C3FA1DE29FEF136E1E5432F84.e.15304"},"getText",[]]}
COMMAND: POST /session/f2510c46535a82282fd70196afe2e571/execute/async - {"script":"<script> [1562 bytes]","args":[{"selector":{"id":"application-managepricingrules-display-component---newInfoPriceItem--condValidTo","interaction":{"idSuffix":"inner"}},"wdio_ui5_key":"applicationmanagepricingrules-display-component---newInfoPriceItem--condValidTo"}]}
RESULT: {"script":"<script> [1562 bytes]","args":[{"selector":{"id":"application-managepricingrules-display-component---newInfoPriceItem--condValidTo","interaction":{"idSuffix":"inner"}},"wdio_ui5_key":"applicationmanagepricingrules-display-component---newInfoPriceItem--condValidTo"}]}
RESULT: undefined
COMMAND: POST /session/f2510c46535a82282fd70196afe2e571/execute/async - {"script":"<script> [776 bytes]","args":[{"enterText":"1/31/26","selector":{"id":"application-managepricingrules-display-component---newInfoPriceItem--condValidTo","interaction":{"idSuffix":"inner"}},"clearTextFirst":true,"interactionType":"ENTER_TEXT"}]}
RESULT: {"script":"<script> [776 bytes]","args":[{"enterText":"1/31/26","selector":{"id":"application-managepricingrules-display-component---newInfoPriceItem--condValidTo","interaction":{"idSuffix":"inner"}},"clearTextFirst":true,"interactionType":"ENTER_TEXT"}]}
COMMAND: POST /session/f2510c46535a82282fd70196afe2e571/execute/async - {"script":"<script> [1562 bytes]","args":[{"selector":{"id":"application-managepricingrules-display-component---newInfoPriceItem--billType-arrow"},"wdio_ui5_key":"applicationmanagepricingrules-display-component---newInfoPriceItem--billType-arrow"}]}
RESULT: {"script":"<script> [1562 bytes]","args":[{"selector":{"id":"application-managepricingrules-display-component---newInfoPriceItem--billType-arrow"},"wdio_ui5_key":"applicationmanagepricingrules-display-component---newInfoPriceItem--billType-arrow"}]}
RESULT: undefined
COMMAND: POST /session/f2510c46535a82282fd70196afe2e571/element - {"using":"xpath","value":"//*[@id=\"application-managepricingrules-display-component---newInfoPriceItem--billType-arrow\"]"}
RESULT: {"using":"xpath","value":"//*[@id=\"application-managepricingrules-display-component---newInfoPriceItem--billType-arrow\"]"}
COMMAND: POST /session/f2510c46535a82282fd70196afe2e571/element/f.F7DC0DCC1AEA5B11728C456D26A3F950.d.4BF18E3C3FA1DE29FEF136E1E5432F84.e.15264/click - {}
RESULT: {}
COMMAND: POST /session/f2510c46535a82282fd70196afe2e571/element - {"using":"xpath","value":"//span[contains(text(), \"TB - Time based\")]"}
COMMAND: GET /session/f2510c46535a82282fd70196afe2e571/screenshot - {}
RESULT: {"using":"xpath","value":"//span[contains(text(), \"TB - Time based\")]"}
COMMAND: POST /session/f2510c46535a82282fd70196afe2e571/element/f.F7DC0DCC1AEA5B11728C456D26A3F950.d.4BF18E3C3FA1DE29FEF136E1E5432F84.e.15306/click - {}
RESULT: {}
RESULT: {}
COMMAND: POST /session/f2510c46535a82282fd70196afe2e571/execute/async - {"script":"<script> [1562 bytes]","args":[{"selector":{"id":"application-managepricingrules-display-component---newInfoPriceItem--priceProc-arrow"},"wdio_ui5_key":"applicationmanagepricingrules-display-component---newInfoPriceItem--priceProc-arrow"}]}
COMMAND: GET /session/f2510c46535a82282fd70196afe2e571/screenshot - {}
RESULT: {"script":"<script> [1562 bytes]","args":[{"selector":{"id":"application-managepricingrules-display-component---newInfoPriceItem--priceProc-arrow"},"wdio_ui5_key":"applicationmanagepricingrules-display-component---newInfoPriceItem--priceProc-arrow"}]}
RESULT: undefined
COMMAND: POST /session/f2510c46535a82282fd70196afe2e571/element - {"using":"xpath","value":"//*[@id=\"application-managepricingrules-display-component---newInfoPriceItem--priceProc-arrow\"]"}
RESULT: {}
RESULT: {"using":"xpath","value":"//*[@id=\"application-managepricingrules-display-component---newInfoPriceItem--priceProc-arrow\"]"}
COMMAND: POST /session/f2510c46535a82282fd70196afe2e571/element/f.F7DC0DCC1AEA5B11728C456D26A3F950.d.4BF18E3C3FA1DE29FEF136E1E5432F84.e.15271/click - {}
RESULT: {}
COMMAND: POST /session/f2510c46535a82282fd70196afe2e571/element - {"using":"xpath","value":"//span[contains(text(), \"TBS - Time based standard\")]"}
COMMAND: GET /session/f2510c46535a82282fd70196afe2e571/screenshot - {}
RESULT: {"using":"xpath","value":"//span[contains(text(), \"TBS - Time based standard\")]"}
COMMAND: POST /session/f2510c46535a82282fd70196afe2e571/element/f.F7DC0DCC1AEA5B11728C456D26A3F950.d.4BF18E3C3FA1DE29FEF136E1E5432F84.e.15307/click - {}
RESULT: {}
RESULT: {}
COMMAND: POST /session/f2510c46535a82282fd70196afe2e571/execute/async - {"script":"<script> [1562 bytes]","args":[{"selector":{"id":"application-managepricingrules-display-component---newInfoPriceItem--calcBase-arrow"},"wdio_ui5_key":"applicationmanagepricingrules-display-component---newInfoPriceItem--calcBase-arrow"}]}
COMMAND: GET /session/f2510c46535a82282fd70196afe2e571/screenshot - {}
RESULT: {"script":"<script> [1562 bytes]","args":[{"selector":{"id":"application-managepricingrules-display-component---newInfoPriceItem--calcBase-arrow"},"wdio_ui5_key":"applicationmanagepricingrules-display-component---newInfoPriceItem--calcBase-arrow"}]}
RESULT: undefined
COMMAND: POST /session/f2510c46535a82282fd70196afe2e571/element - {"using":"xpath","value":"//*[@id=\"application-managepricingrules-display-component---newInfoPriceItem--calcBase-arrow\"]"}
RESULT: {}
RESULT: {"using":"xpath","value":"//*[@id=\"application-managepricingrules-display-component---newInfoPriceItem--calcBase-arrow\"]"}
COMMAND: POST /session/f2510c46535a82282fd70196afe2e571/element/f.F7DC0DCC1AEA5B11728C456D26A3F950.d.4BF18E3C3FA1DE29FEF136E1E5432F84.e.15278/click - {}
RESULT: {}
COMMAND: GET /session/f2510c46535a82282fd70196afe2e571/screenshot - {}
RESULT: {}
COMMAND: POST /session/f2510c46535a82282fd70196afe2e571/element - {"using":"xpath","value":"//span[contains(text(), \"0006 - TB(calendar days)\")]"}
RESULT: {"using":"xpath","value":"//span[contains(text(), \"0006 - TB(calendar days)\")]"}
COMMAND: POST /session/f2510c46535a82282fd70196afe2e571/element/f.F7DC0DCC1AEA5B11728C456D26A3F950.d.4BF18E3C3FA1DE29FEF136E1E5432F84.e.15308/click - {}
RESULT: {}
COMMAND: GET /session/f2510c46535a82282fd70196afe2e571/screenshot - {}
RESULT: {}
COMMAND: POST /session/f2510c46535a82282fd70196afe2e571/execute/async - {"script":"<script> [1562 bytes]","args":[{"selector":{"id":"application-managepricingrules-display-component---newInfoPriceItem--daysMonth","interaction":{"idSuffix":"inner"}},"wdio_ui5_key":"applicationmanagepricingrules-display-component---newInfoPriceItem--daysMonth"}]}
RESULT: {"script":"<script> [1562 bytes]","args":[{"selector":{"id":"application-managepricingrules-display-component---newInfoPriceItem--daysMonth","interaction":{"idSuffix":"inner"}},"wdio_ui5_key":"applicationmanagepricingrules-display-component---newInfoPriceItem--daysMonth"}]}
RESULT: undefined
COMMAND: POST /session/f2510c46535a82282fd70196afe2e571/execute/async - {"script":"<script> [776 bytes]","args":[{"enterText":"30","selector":{"id":"application-managepricingrules-display-component---newInfoPriceItem--daysMonth","interaction":{"idSuffix":"inner"}},"clearTextFirst":true,"interactionType":"ENTER_TEXT"}]}
RESULT: {"script":"<script> [776 bytes]","args":[{"enterText":"30","selector":{"id":"application-managepricingrules-display-component---newInfoPriceItem--daysMonth","interaction":{"idSuffix":"inner"}},"clearTextFirst":true,"interactionType":"ENTER_TEXT"}]}
COMMAND: POST /session/f2510c46535a82282fd70196afe2e571/element - {"using":"xpath","value":"//button[@data-kt=\"saveNewRuleButton\"]"}
RESULT: {"using":"xpath","value":"//button[@data-kt=\"saveNewRuleButton\"]"}
COMMAND: POST /session/f2510c46535a82282fd70196afe2e571/element/f.F7DC0DCC1AEA5B11728C456D26A3F950.d.4BF18E3C3FA1DE29FEF136E1E5432F84.e.15298/click - {}
RESULT: {}
COMMAND: GET /session/f2510c46535a82282fd70196afe2e571/screenshot - {}
RESULT: {}
COMMAND: POST /session/f2510c46535a82282fd70196afe2e571/execute/async - {"script":"<script> [1562 bytes]","args":[{"selector":{"id":"application-managepricingrules-display-component---priceInfoItem--smartFilterBar-btnBasicSearch","interaction":{"idSuffix":"I"}},"wdio_ui5_key":"applicationmanagepricingrules-display-component---priceInfoItem--smartFilterBar-btnBasicSearch"}]}
RESULT: {"script":"<script> [1562 bytes]","args":[{"selector":{"id":"application-managepricingrules-display-component---priceInfoItem--smartFilterBar-btnBasicSearch","interaction":{"idSuffix":"I"}},"wdio_ui5_key":"applicationmanagepricingrules-display-component---priceInfoItem--smartFilterBar-btnBasicSearch"}]}
RESULT: undefined
COMMAND: POST /session/f2510c46535a82282fd70196afe2e571/execute/async - {"script":"<script> [776 bytes]","args":[{"enterText":"eAOkuOZwDL","selector":{"id":"application-managepricingrules-display-component---priceInfoItem--smartFilterBar-btnBasicSearch","interaction":{"idSuffix":"I"}},"clearTextFirst":true,"interactionType":"ENTER_TEXT"}]}
RESULT: {"script":"<script> [776 bytes]","args":[{"enterText":"eAOkuOZwDL","selector":{"id":"application-managepricingrules-display-component---priceInfoItem--smartFilterBar-btnBasicSearch","interaction":{"idSuffix":"I"}},"clearTextFirst":true,"interactionType":"ENTER_TEXT"}]}
COMMAND: POST /session/f2510c46535a82282fd70196afe2e571/actions - {"actions":[{"id":"action61","type":"key","parameters":{},"actions":[{"type":"keyDown","value":""},{"type":"pause","duration":10},{"type":"keyUp","value":""}]}]}
RESULT: {"actions":[{"id":"action61","type":"key","parameters":{},"actions":[{"type":"keyDown","value":""},{"type":"pause","duration":10},{"type":"keyUp","value":""}]}]}
COMMAND: GET /session/f2510c46535a82282fd70196afe2e571/screenshot - {}
RESULT: {}
COMMAND: POST /session/f2510c46535a82282fd70196afe2e571/element - {"using":"xpath","value":"//span[@id=\"application-managepricingrules-display-component---priceInfoItem--smartTable-header-inner\"]"}
RESULT: {"using":"xpath","value":"//span[@id=\"application-managepricingrules-display-component---priceInfoItem--smartTable-header-inner\"]"}
COMMAND: POST /session/f2510c46535a82282fd70196afe2e571/elements - {"using":"xpath","value":"//span[@id=\"application-managepricingrules-display-component---priceInfoItem--smartTable-header-inner\"]"}
RESULT: {"using":"xpath","value":"//span[@id=\"application-managepricingrules-display-component---priceInfoItem--smartTable-header-inner\"]"}
COMMAND: POST /session/f2510c46535a82282fd70196afe2e571/execute/sync - {"script":"<script> [56 bytes]","args":[{"element-6066-11e4-a52e-4f735466cecf":"f.F7DC0DCC1AEA5B11728C456D26A3F950.d.4BF18E3C3FA1DE29FEF136E1E5432F84.e.15322","ELEMENT":"f.F7DC0DCC1AEA5B11728C456D26A3F950.d.4BF18E3C3FA1DE29FEF136E1E5432F84.e.15322"}]}
RESULT: {"script":"<script> [56 bytes]","args":[{"element-6066-11e4-a52e-4f735466cecf":"f.F7DC0DCC1AEA5B11728C456D26A3F950.d.4BF18E3C3FA1DE29FEF136E1E5432F84.e.15322","ELEMENT":"f.F7DC0DCC1AEA5B11728C456D26A3F950.d.4BF18E3C3FA1DE29FEF136E1E5432F84.e.15322"}]}
COMMAND: POST /session/f2510c46535a82282fd70196afe2e571/element - {"using":"css selector","value":"#shell-header-logo"}
COMMAND: GET /session/f2510c46535a82282fd70196afe2e571/screenshot - {}
RESULT: {"using":"css selector","value":"#shell-header-logo"}
COMMAND: POST /session/f2510c46535a82282fd70196afe2e571/element/f.F7DC0DCC1AEA5B11728C456D26A3F950.d.4BF18E3C3FA1DE29FEF136E1E5432F84.e.14423/click - {}
RESULT: {}
RESULT: {}
COMMAND: GET /session/f2510c46535a82282fd70196afe2e571/screenshot - {}
RESULT: {}
]]></system-out>
    </testcase>
    <testcase classname="chrome.136_0_7103_93.windows.Billing_Calculation_-_Time_based_(considering_transport_times)_US139738" name="Should create new pricing condition for the equipment" time="64.338">
      <system-out><![CDATA[
COMMAND: POST /session/f2510c46535a82282fd70196afe2e571/execute/async - {"script":"<script> [1562 bytes]","args":[{"selector":{"controlType":"sap.m.GenericTile","properties":{"header":"Manage Conditions & Prices"}},"wdio_ui5_key":"sapm.GenericTile{\"header\":\"Manage Conditions & Prices\"}"}]}
RESULT: {"script":"<script> [1562 bytes]","args":[{"selector":{"controlType":"sap.m.GenericTile","properties":{"header":"Manage Conditions & Prices"}},"wdio_ui5_key":"sapm.GenericTile{\"header\":\"Manage Conditions & Prices\"}"}]}
RESULT: undefined
COMMAND: POST /session/f2510c46535a82282fd70196afe2e571/element - {"using":"xpath","value":"//*[@id=\"__tile53\"]"}
RESULT: {"using":"xpath","value":"//*[@id=\"__tile53\"]"}
COMMAND: POST /session/f2510c46535a82282fd70196afe2e571/element/f.F7DC0DCC1AEA5B11728C456D26A3F950.d.4BF18E3C3FA1DE29FEF136E1E5432F84.e.14361/click - {}
RESULT: {}
COMMAND: GET /session/f2510c46535a82282fd70196afe2e571/screenshot - {}
RESULT: {}
COMMAND: POST /session/f2510c46535a82282fd70196afe2e571/elements - {"using":"xpath","value":"//span[text()='Error']"}
RESULT: {"using":"xpath","value":"//span[text()='Error']"}
COMMAND: POST /session/f2510c46535a82282fd70196afe2e571/element - {"using":"xpath","value":"//button[@aria-label=\"Create\"]"}
RESULT: {"using":"xpath","value":"//button[@aria-label=\"Create\"]"}
COMMAND: POST /session/f2510c46535a82282fd70196afe2e571/elements - {"using":"xpath","value":"//button[@aria-label=\"Create\"]"}
RESULT: {"using":"xpath","value":"//button[@aria-label=\"Create\"]"}
COMMAND: POST /session/f2510c46535a82282fd70196afe2e571/execute/sync - {"script":"<script> [8489 bytes]","args":[{"element-6066-11e4-a52e-4f735466cecf":"f.F7DC0DCC1AEA5B11728C456D26A3F950.d.4BF18E3C3FA1DE29FEF136E1E5432F84.e.15357","ELEMENT":"f.F7DC0DCC1AEA5B11728C456D26A3F950.d.4BF18E3C3FA1DE29FEF136E1E5432F84.e.15357"}]}
RESULT: {"script":"<script> [8489 bytes]","args":[{"element-6066-11e4-a52e-4f735466cecf":"f.F7DC0DCC1AEA5B11728C456D26A3F950.d.4BF18E3C3FA1DE29FEF136E1E5432F84.e.15357","ELEMENT":"f.F7DC0DCC1AEA5B11728C456D26A3F950.d.4BF18E3C3FA1DE29FEF136E1E5432F84.e.15357"}]}
COMMAND: GET /session/f2510c46535a82282fd70196afe2e571/element/f.F7DC0DCC1AEA5B11728C456D26A3F950.d.4BF18E3C3FA1DE29FEF136E1E5432F84.e.15357/enabled - {}
COMMAND: GET /session/f2510c46535a82282fd70196afe2e571/screenshot - {}
RESULT: {}
COMMAND: POST /session/f2510c46535a82282fd70196afe2e571/execute/sync - {"script":"<script> [8489 bytes]","args":[{"element-6066-11e4-a52e-4f735466cecf":"f.F7DC0DCC1AEA5B11728C456D26A3F950.d.4BF18E3C3FA1DE29FEF136E1E5432F84.e.15357","ELEMENT":"f.F7DC0DCC1AEA5B11728C456D26A3F950.d.4BF18E3C3FA1DE29FEF136E1E5432F84.e.15357"}]}
COMMAND: GET /session/f2510c46535a82282fd70196afe2e571/screenshot - {}
RESULT: {}
RESULT: {"script":"<script> [8489 bytes]","args":[{"element-6066-11e4-a52e-4f735466cecf":"f.F7DC0DCC1AEA5B11728C456D26A3F950.d.4BF18E3C3FA1DE29FEF136E1E5432F84.e.15357","ELEMENT":"f.F7DC0DCC1AEA5B11728C456D26A3F950.d.4BF18E3C3FA1DE29FEF136E1E5432F84.e.15357"}]}
COMMAND: POST /session/f2510c46535a82282fd70196afe2e571/execute/sync - {"script":"<script> [5351 bytes]","args":[{"element-6066-11e4-a52e-4f735466cecf":"f.F7DC0DCC1AEA5B11728C456D26A3F950.d.4BF18E3C3FA1DE29FEF136E1E5432F84.e.15357","ELEMENT":"f.F7DC0DCC1AEA5B11728C456D26A3F950.d.4BF18E3C3FA1DE29FEF136E1E5432F84.e.15357"}]}
COMMAND: GET /session/f2510c46535a82282fd70196afe2e571/screenshot - {}
RESULT: {}
RESULT: {"script":"<script> [5351 bytes]","args":[{"element-6066-11e4-a52e-4f735466cecf":"f.F7DC0DCC1AEA5B11728C456D26A3F950.d.4BF18E3C3FA1DE29FEF136E1E5432F84.e.15357","ELEMENT":"f.F7DC0DCC1AEA5B11728C456D26A3F950.d.4BF18E3C3FA1DE29FEF136E1E5432F84.e.15357"}]}
COMMAND: POST /session/f2510c46535a82282fd70196afe2e571/element/f.F7DC0DCC1AEA5B11728C456D26A3F950.d.4BF18E3C3FA1DE29FEF136E1E5432F84.e.15357/click - {}
COMMAND: GET /session/f2510c46535a82282fd70196afe2e571/screenshot - {}
RESULT: {}
RESULT: {}
COMMAND: GET /session/f2510c46535a82282fd70196afe2e571/screenshot - {}
RESULT: {}
RESULT: {}
COMMAND: POST /session/f2510c46535a82282fd70196afe2e571/actions - {"actions":[{"id":"action62","type":"key","parameters":{},"actions":[{"type":"keyDown","value":""},{"type":"pause","duration":10},{"type":"keyUp","value":""}]}]}
RESULT: {"actions":[{"id":"action62","type":"key","parameters":{},"actions":[{"type":"keyDown","value":""},{"type":"pause","duration":10},{"type":"keyUp","value":""}]}]}
COMMAND: GET /session/f2510c46535a82282fd70196afe2e571/screenshot - {}
RESULT: {}
COMMAND: POST /session/f2510c46535a82282fd70196afe2e571/execute/async - {"script":"<script> [1562 bytes]","args":[{"selector":{"id":"application-manageconditionprice-display-component---newCondition--condBillCond-arrow"},"wdio_ui5_key":"applicationmanageconditionprice-display-component---newCondition--condBillCond-arrow"}]}
RESULT: {"script":"<script> [1562 bytes]","args":[{"selector":{"id":"application-manageconditionprice-display-component---newCondition--condBillCond-arrow"},"wdio_ui5_key":"applicationmanageconditionprice-display-component---newCondition--condBillCond-arrow"}]}
RESULT: undefined
COMMAND: POST /session/f2510c46535a82282fd70196afe2e571/element - {"using":"xpath","value":"//*[@id=\"application-manageconditionprice-display-component---newCondition--condBillCond-arrow\"]"}
RESULT: {"using":"xpath","value":"//*[@id=\"application-manageconditionprice-display-component---newCondition--condBillCond-arrow\"]"}
COMMAND: POST /session/f2510c46535a82282fd70196afe2e571/element/f.F7DC0DCC1AEA5B11728C456D26A3F950.d.4BF18E3C3FA1DE29FEF136E1E5432F84.e.15533/click - {}
RESULT: {}
COMMAND: GET /session/f2510c46535a82282fd70196afe2e571/screenshot - {}
RESULT: {}
COMMAND: POST /session/f2510c46535a82282fd70196afe2e571/element - {"using":"xpath","value":"//li[.//span[contains(text(), \"DISP - D&I special price\")]]"}
RESULT: {"using":"xpath","value":"//li[.//span[contains(text(), \"DISP - D&I special price\")]]"}
COMMAND: POST /session/f2510c46535a82282fd70196afe2e571/element/f.F7DC0DCC1AEA5B11728C456D26A3F950.d.4BF18E3C3FA1DE29FEF136E1E5432F84.e.15537/click - {}
RESULT: {}
COMMAND: GET /session/f2510c46535a82282fd70196afe2e571/screenshot - {}
RESULT: {}
COMMAND: POST /session/f2510c46535a82282fd70196afe2e571/execute/async - {"script":"<script> [1562 bytes]","args":[{"selector":{"id":"application-manageconditionprice-display-component---newCondition--condValidTo","interaction":{"idSuffix":"inner"}},"wdio_ui5_key":"applicationmanageconditionprice-display-component---newCondition--condValidTo"}]}
RESULT: {"script":"<script> [1562 bytes]","args":[{"selector":{"id":"application-manageconditionprice-display-component---newCondition--condValidTo","interaction":{"idSuffix":"inner"}},"wdio_ui5_key":"applicationmanageconditionprice-display-component---newCondition--condValidTo"}]}
RESULT: undefined
COMMAND: POST /session/f2510c46535a82282fd70196afe2e571/execute/async - {"script":"<script> [776 bytes]","args":[{"enterText":"1/31/26","selector":{"id":"application-manageconditionprice-display-component---newCondition--condValidTo","interaction":{"idSuffix":"inner"}},"clearTextFirst":true,"interactionType":"ENTER_TEXT"}]}
RESULT: {"script":"<script> [776 bytes]","args":[{"enterText":"1/31/26","selector":{"id":"application-manageconditionprice-display-component---newCondition--condValidTo","interaction":{"idSuffix":"inner"}},"clearTextFirst":true,"interactionType":"ENTER_TEXT"}]}
COMMAND: POST /session/f2510c46535a82282fd70196afe2e571/element - {"using":"xpath","value":"//input[@id=\"application-manageconditionprice-display-component---newCondition--condRU-inner\"]"}
RESULT: {"using":"xpath","value":"//input[@id=\"application-manageconditionprice-display-component---newCondition--condRU-inner\"]"}
COMMAND: POST /session/f2510c46535a82282fd70196afe2e571/element/f.F7DC0DCC1AEA5B11728C456D26A3F950.d.4BF18E3C3FA1DE29FEF136E1E5432F84.e.15398/clear - {}
RESULT: {}
COMMAND: POST /session/f2510c46535a82282fd70196afe2e571/element/f.F7DC0DCC1AEA5B11728C456D26A3F950.d.4BF18E3C3FA1DE29FEF136E1E5432F84.e.15398/value - {"text":"eAOkuOZwDL"}
COMMAND: GET /session/f2510c46535a82282fd70196afe2e571/screenshot - {}
RESULT: {"text":"eAOkuOZwDL"}
COMMAND: GET /session/f2510c46535a82282fd70196afe2e571/screenshot - {}
RESULT: {}
RESULT: {}
COMMAND: POST /session/f2510c46535a82282fd70196afe2e571/actions - {"actions":[{"id":"action63","type":"key","parameters":{},"actions":[{"type":"keyDown","value":""},{"type":"pause","duration":10},{"type":"keyUp","value":""}]}]}
RESULT: {"actions":[{"id":"action63","type":"key","parameters":{},"actions":[{"type":"keyDown","value":""},{"type":"pause","duration":10},{"type":"keyUp","value":""}]}]}
COMMAND: POST /session/f2510c46535a82282fd70196afe2e571/execute/async - {"script":"<script> [1562 bytes]","args":[{"selector":{"id":"application-manageconditionprice-display-component---newCondition--condBaseQty","interaction":{"idSuffix":"inner"}},"wdio_ui5_key":"applicationmanageconditionprice-display-component---newCondition--condBaseQty"}]}
COMMAND: GET /session/f2510c46535a82282fd70196afe2e571/screenshot - {}
RESULT: {"script":"<script> [1562 bytes]","args":[{"selector":{"id":"application-manageconditionprice-display-component---newCondition--condBaseQty","interaction":{"idSuffix":"inner"}},"wdio_ui5_key":"applicationmanageconditionprice-display-component---newCondition--condBaseQty"}]}
RESULT: undefined
COMMAND: POST /session/f2510c46535a82282fd70196afe2e571/execute/async - {"script":"<script> [776 bytes]","args":[{"enterText":"1","selector":{"id":"application-manageconditionprice-display-component---newCondition--condBaseQty","interaction":{"idSuffix":"inner"}},"clearTextFirst":true,"interactionType":"ENTER_TEXT"}]}
RESULT: {}
RESULT: {"script":"<script> [776 bytes]","args":[{"enterText":"1","selector":{"id":"application-manageconditionprice-display-component---newCondition--condBaseQty","interaction":{"idSuffix":"inner"}},"clearTextFirst":true,"interactionType":"ENTER_TEXT"}]}
COMMAND: POST /session/f2510c46535a82282fd70196afe2e571/execute/async - {"script":"<script> [1562 bytes]","args":[{"selector":{"id":"application-manageconditionprice-display-component---newCondition--condValue","interaction":{"idSuffix":"inner"}},"wdio_ui5_key":"applicationmanageconditionprice-display-component---newCondition--condValue"}]}
RESULT: {"script":"<script> [1562 bytes]","args":[{"selector":{"id":"application-manageconditionprice-display-component---newCondition--condValue","interaction":{"idSuffix":"inner"}},"wdio_ui5_key":"applicationmanageconditionprice-display-component---newCondition--condValue"}]}
RESULT: undefined
COMMAND: POST /session/f2510c46535a82282fd70196afe2e571/execute/async - {"script":"<script> [776 bytes]","args":[{"enterText":"100","selector":{"id":"application-manageconditionprice-display-component---newCondition--condValue","interaction":{"idSuffix":"inner"}},"clearTextFirst":true,"interactionType":"ENTER_TEXT"}]}
RESULT: {"script":"<script> [776 bytes]","args":[{"enterText":"100","selector":{"id":"application-manageconditionprice-display-component---newCondition--condValue","interaction":{"idSuffix":"inner"}},"clearTextFirst":true,"interactionType":"ENTER_TEXT"}]}
COMMAND: POST /session/f2510c46535a82282fd70196afe2e571/execute/async - {"script":"<script> [1562 bytes]","args":[{"selector":{"id":"application-manageconditionprice-display-component---newCondition--condCurr-arrow"},"wdio_ui5_key":"applicationmanageconditionprice-display-component---newCondition--condCurr-arrow"}]}
RESULT: {"script":"<script> [1562 bytes]","args":[{"selector":{"id":"application-manageconditionprice-display-component---newCondition--condCurr-arrow"},"wdio_ui5_key":"applicationmanageconditionprice-display-component---newCondition--condCurr-arrow"}]}
RESULT: undefined
COMMAND: POST /session/f2510c46535a82282fd70196afe2e571/element - {"using":"xpath","value":"//*[@id=\"application-manageconditionprice-display-component---newCondition--condCurr-arrow\"]"}
RESULT: {"using":"xpath","value":"//*[@id=\"application-manageconditionprice-display-component---newCondition--condCurr-arrow\"]"}
COMMAND: POST /session/f2510c46535a82282fd70196afe2e571/element/f.F7DC0DCC1AEA5B11728C456D26A3F950.d.4BF18E3C3FA1DE29FEF136E1E5432F84.e.15517/click - {}
RESULT: {}
COMMAND: POST /session/f2510c46535a82282fd70196afe2e571/element - {"using":"xpath","value":"//span[contains(text(), \"Euro\")]"}
COMMAND: GET /session/f2510c46535a82282fd70196afe2e571/screenshot - {}
RESULT: {"using":"xpath","value":"//span[contains(text(), \"Euro\")]"}
COMMAND: POST /session/f2510c46535a82282fd70196afe2e571/element/f.F7DC0DCC1AEA5B11728C456D26A3F950.d.4BF18E3C3FA1DE29FEF136E1E5432F84.e.15574/click - {}
RESULT: {}
RESULT: {}
COMMAND: POST /session/f2510c46535a82282fd70196afe2e571/element - {"using":"xpath","value":"//button[@data-kt=\"saveButton\"]"}
COMMAND: GET /session/f2510c46535a82282fd70196afe2e571/screenshot - {}
RESULT: {"using":"xpath","value":"//button[@data-kt=\"saveButton\"]"}
COMMAND: POST /session/f2510c46535a82282fd70196afe2e571/element/f.F7DC0DCC1AEA5B11728C456D26A3F950.d.4BF18E3C3FA1DE29FEF136E1E5432F84.e.15518/click - {}
RESULT: {}
RESULT: {}
COMMAND: GET /session/f2510c46535a82282fd70196afe2e571/screenshot - {}
RESULT: {}
COMMAND: POST /session/f2510c46535a82282fd70196afe2e571/execute/async - {"script":"<script> [1562 bytes]","args":[{"selector":{"id":"application-manageconditionprice-display-component---conditions--smartFilterBar-btnBasicSearch","interaction":{"idSuffix":"I"}},"wdio_ui5_key":"applicationmanageconditionprice-display-component---conditions--smartFilterBar-btnBasicSearch"}]}
RESULT: {"script":"<script> [1562 bytes]","args":[{"selector":{"id":"application-manageconditionprice-display-component---conditions--smartFilterBar-btnBasicSearch","interaction":{"idSuffix":"I"}},"wdio_ui5_key":"applicationmanageconditionprice-display-component---conditions--smartFilterBar-btnBasicSearch"}]}
RESULT: undefined
COMMAND: POST /session/f2510c46535a82282fd70196afe2e571/execute/async - {"script":"<script> [776 bytes]","args":[{"enterText":"eAOkuOZwDL","selector":{"id":"application-manageconditionprice-display-component---conditions--smartFilterBar-btnBasicSearch","interaction":{"idSuffix":"I"}},"clearTextFirst":true,"interactionType":"ENTER_TEXT"}]}
RESULT: {"script":"<script> [776 bytes]","args":[{"enterText":"eAOkuOZwDL","selector":{"id":"application-manageconditionprice-display-component---conditions--smartFilterBar-btnBasicSearch","interaction":{"idSuffix":"I"}},"clearTextFirst":true,"interactionType":"ENTER_TEXT"}]}
COMMAND: POST /session/f2510c46535a82282fd70196afe2e571/actions - {"actions":[{"id":"action64","type":"key","parameters":{},"actions":[{"type":"keyDown","value":""},{"type":"pause","duration":10},{"type":"keyUp","value":""}]}]}
RESULT: {"actions":[{"id":"action64","type":"key","parameters":{},"actions":[{"type":"keyDown","value":""},{"type":"pause","duration":10},{"type":"keyUp","value":""}]}]}
COMMAND: GET /session/f2510c46535a82282fd70196afe2e571/screenshot - {}
RESULT: {}
COMMAND: POST /session/f2510c46535a82282fd70196afe2e571/execute/async - {"script":"<script> [1562 bytes]","args":[{"selector":{"id":"application-manageconditionprice-display-component---conditions--smartFilterBar-filterItemControl_BASIC-BILL_TYPES-vhi"},"wdio_ui5_key":"applicationmanageconditionprice-display-component---conditions--smartFilterBar-filterItemControl_BASIC-BILL_TYPES-vhi"}]}
RESULT: {"script":"<script> [1562 bytes]","args":[{"selector":{"id":"application-manageconditionprice-display-component---conditions--smartFilterBar-filterItemControl_BASIC-BILL_TYPES-vhi"},"wdio_ui5_key":"applicationmanageconditionprice-display-component---conditions--smartFilterBar-filterItemControl_BASIC-BILL_TYPES-vhi"}]}
RESULT: undefined
COMMAND: POST /session/f2510c46535a82282fd70196afe2e571/element - {"using":"xpath","value":"//*[@id=\"application-manageconditionprice-display-component---conditions--smartFilterBar-filterItemControl_BASIC-BILL_TYPES-vhi\"]"}
RESULT: {"using":"xpath","value":"//*[@id=\"application-manageconditionprice-display-component---conditions--smartFilterBar-filterItemControl_BASIC-BILL_TYPES-vhi\"]"}
COMMAND: POST /session/f2510c46535a82282fd70196afe2e571/element/f.F7DC0DCC1AEA5B11728C456D26A3F950.d.4BF18E3C3FA1DE29FEF136E1E5432F84.e.15590/click - {}
RESULT: {}
COMMAND: POST /session/f2510c46535a82282fd70196afe2e571/execute/async - {"script":"<script> [1562 bytes]","args":[{"selector":{"id":"application-manageconditionprice-display-component---conditions--smartFilterBar-filterItemControl_BASIC-BILL_TYPES-valueHelpDialog-smartFilterBar-btnBasicSearch","searchOpenDialogs":true,"interaction":{"idSuffix":"I"}},"wdio_ui5_key":"applicationmanageconditionprice-display-component---conditions--smartFilterBar-filterItemControl_BASIC-BILL_TYPES-valueHelpDialog-smartFilterBar-btnBasicSearch"}]}
COMMAND: GET /session/f2510c46535a82282fd70196afe2e571/screenshot - {}
RESULT: {"script":"<script> [1562 bytes]","args":[{"selector":{"id":"application-manageconditionprice-display-component---conditions--smartFilterBar-filterItemControl_BASIC-BILL_TYPES-valueHelpDialog-smartFilterBar-btnBasicSearch","searchOpenDialogs":true,"interaction":{"idSuffix":"I"}},"wdio_ui5_key":"applicationmanageconditionprice-display-component---conditions--smartFilterBar-filterItemControl_BASIC-BILL_TYPES-valueHelpDialog-smartFilterBar-btnBasicSearch"}]}
RESULT: undefined
COMMAND: POST /session/f2510c46535a82282fd70196afe2e571/execute/async - {"script":"<script> [776 bytes]","args":[{"enterText":"TB","selector":{"id":"application-manageconditionprice-display-component---conditions--smartFilterBar-filterItemControl_BASIC-BILL_TYPES-valueHelpDialog-smartFilterBar-btnBasicSearch","searchOpenDialogs":true,"interaction":{"idSuffix":"I"}},"clearTextFirst":true,"interactionType":"ENTER_TEXT"}]}
RESULT: {}
RESULT: {"script":"<script> [776 bytes]","args":[{"enterText":"TB","selector":{"id":"application-manageconditionprice-display-component---conditions--smartFilterBar-filterItemControl_BASIC-BILL_TYPES-valueHelpDialog-smartFilterBar-btnBasicSearch","searchOpenDialogs":true,"interaction":{"idSuffix":"I"}},"clearTextFirst":true,"interactionType":"ENTER_TEXT"}]}
COMMAND: POST /session/f2510c46535a82282fd70196afe2e571/actions - {"actions":[{"id":"action65","type":"key","parameters":{},"actions":[{"type":"keyDown","value":""},{"type":"pause","duration":10},{"type":"keyUp","value":""}]}]}
RESULT: {"actions":[{"id":"action65","type":"key","parameters":{},"actions":[{"type":"keyDown","value":""},{"type":"pause","duration":10},{"type":"keyUp","value":""}]}]}
COMMAND: GET /session/f2510c46535a82282fd70196afe2e571/screenshot - {}
RESULT: {}
COMMAND: POST /session/f2510c46535a82282fd70196afe2e571/element - {"using":"xpath","value":"//div[contains(@id, 'application-manageconditionprice-display-component---conditions--smartFilterBar-filterItemControl_BASIC-BILL_TYPES-valueHelpDialog-table-rowsel0')]"}
RESULT: {"using":"xpath","value":"//div[contains(@id, 'application-manageconditionprice-display-component---conditions--smartFilterBar-filterItemControl_BASIC-BILL_TYPES-valueHelpDialog-table-rowsel0')]"}
COMMAND: POST /session/f2510c46535a82282fd70196afe2e571/element/f.F7DC0DCC1AEA5B11728C456D26A3F950.d.4BF18E3C3FA1DE29FEF136E1E5432F84.e.15600/click - {}
RESULT: {}
COMMAND: GET /session/f2510c46535a82282fd70196afe2e571/screenshot - {}
RESULT: {}
COMMAND: POST /session/f2510c46535a82282fd70196afe2e571/element - {"using":"xpath","value":"//bdi[contains(text(), \"OK\")]"}
RESULT: {"using":"xpath","value":"//bdi[contains(text(), \"OK\")]"}
COMMAND: POST /session/f2510c46535a82282fd70196afe2e571/element/f.F7DC0DCC1AEA5B11728C456D26A3F950.d.4BF18E3C3FA1DE29FEF136E1E5432F84.e.15602/click - {}
RESULT: {}
COMMAND: GET /session/f2510c46535a82282fd70196afe2e571/screenshot - {}
RESULT: {}
COMMAND: POST /session/f2510c46535a82282fd70196afe2e571/element - {"using":"xpath","value":"//span[@id=\"application-manageconditionprice-display-component---conditions--smartTable-header-inner\"]"}
RESULT: {"using":"xpath","value":"//span[@id=\"application-manageconditionprice-display-component---conditions--smartTable-header-inner\"]"}
COMMAND: POST /session/f2510c46535a82282fd70196afe2e571/elements - {"using":"xpath","value":"//span[@id=\"application-manageconditionprice-display-component---conditions--smartTable-header-inner\"]"}
RESULT: {"using":"xpath","value":"//span[@id=\"application-manageconditionprice-display-component---conditions--smartTable-header-inner\"]"}
COMMAND: POST /session/f2510c46535a82282fd70196afe2e571/execute/sync - {"script":"<script> [56 bytes]","args":[{"element-6066-11e4-a52e-4f735466cecf":"f.F7DC0DCC1AEA5B11728C456D26A3F950.d.4BF18E3C3FA1DE29FEF136E1E5432F84.e.15605","ELEMENT":"f.F7DC0DCC1AEA5B11728C456D26A3F950.d.4BF18E3C3FA1DE29FEF136E1E5432F84.e.15605"}]}
RESULT: {"script":"<script> [56 bytes]","args":[{"element-6066-11e4-a52e-4f735466cecf":"f.F7DC0DCC1AEA5B11728C456D26A3F950.d.4BF18E3C3FA1DE29FEF136E1E5432F84.e.15605","ELEMENT":"f.F7DC0DCC1AEA5B11728C456D26A3F950.d.4BF18E3C3FA1DE29FEF136E1E5432F84.e.15605"}]}
COMMAND: POST /session/f2510c46535a82282fd70196afe2e571/element - {"using":"css selector","value":"#shell-header-logo"}
COMMAND: GET /session/f2510c46535a82282fd70196afe2e571/screenshot - {}
RESULT: {"using":"css selector","value":"#shell-header-logo"}
COMMAND: POST /session/f2510c46535a82282fd70196afe2e571/element/f.F7DC0DCC1AEA5B11728C456D26A3F950.d.4BF18E3C3FA1DE29FEF136E1E5432F84.e.15325/click - {}
RESULT: {}
RESULT: {}
COMMAND: GET /session/f2510c46535a82282fd70196afe2e571/screenshot - {}
RESULT: {}
]]></system-out>
    </testcase>
    <testcase classname="chrome.136_0_7103_93.windows.Billing_Calculation_-_Time_based_(considering_transport_times)_US139738" name="Should do a stock increase for the equipment" time="90.444">
      <failure/>
      <error message="Can't call click on element with selector &quot;//li[.//span[contains(text(),'530 -')]]&quot; because element wasn't found"/>
      <system-out><![CDATA[
COMMAND: POST /session/f2510c46535a82282fd70196afe2e571/execute/async - {"script":"<script> [1562 bytes]","args":[{"selector":{"controlType":"sap.m.GenericTile","properties":{"header":"Manage Handovers"}},"wdio_ui5_key":"sapm.GenericTile{\"header\":\"Manage Handovers\"}"}]}
RESULT: {"script":"<script> [1562 bytes]","args":[{"selector":{"controlType":"sap.m.GenericTile","properties":{"header":"Manage Handovers"}},"wdio_ui5_key":"sapm.GenericTile{\"header\":\"Manage Handovers\"}"}]}
RESULT: undefined
COMMAND: POST /session/f2510c46535a82282fd70196afe2e571/element - {"using":"xpath","value":"//*[@id=\"__tile132\"]"}
RESULT: {"using":"xpath","value":"//*[@id=\"__tile132\"]"}
COMMAND: POST /session/f2510c46535a82282fd70196afe2e571/element/f.F7DC0DCC1AEA5B11728C456D26A3F950.d.4BF18E3C3FA1DE29FEF136E1E5432F84.e.14399/click - {}
RESULT: {}
COMMAND: GET /session/f2510c46535a82282fd70196afe2e571/screenshot - {}
RESULT: {}
COMMAND: POST /session/f2510c46535a82282fd70196afe2e571/elements - {"using":"xpath","value":"//span[text()='Error']"}
RESULT: {"using":"xpath","value":"//span[text()='Error']"}
COMMAND: POST /session/f2510c46535a82282fd70196afe2e571/element - {"using":"xpath","value":"//button[@data-kt=\"masterHOAddButton\"]"}
RESULT: {"using":"xpath","value":"//button[@data-kt=\"masterHOAddButton\"]"}
COMMAND: POST /session/f2510c46535a82282fd70196afe2e571/elements - {"using":"xpath","value":"//button[@data-kt=\"masterHOAddButton\"]"}
RESULT: {"using":"xpath","value":"//button[@data-kt=\"masterHOAddButton\"]"}
COMMAND: POST /session/f2510c46535a82282fd70196afe2e571/execute/sync - {"script":"<script> [8489 bytes]","args":[{"element-6066-11e4-a52e-4f735466cecf":"f.F7DC0DCC1AEA5B11728C456D26A3F950.d.4BF18E3C3FA1DE29FEF136E1E5432F84.e.15650","ELEMENT":"f.F7DC0DCC1AEA5B11728C456D26A3F950.d.4BF18E3C3FA1DE29FEF136E1E5432F84.e.15650"}]}
RESULT: {"script":"<script> [8489 bytes]","args":[{"element-6066-11e4-a52e-4f735466cecf":"f.F7DC0DCC1AEA5B11728C456D26A3F950.d.4BF18E3C3FA1DE29FEF136E1E5432F84.e.15650","ELEMENT":"f.F7DC0DCC1AEA5B11728C456D26A3F950.d.4BF18E3C3FA1DE29FEF136E1E5432F84.e.15650"}]}
COMMAND: GET /session/f2510c46535a82282fd70196afe2e571/element/f.F7DC0DCC1AEA5B11728C456D26A3F950.d.4BF18E3C3FA1DE29FEF136E1E5432F84.e.15650/enabled - {}
COMMAND: GET /session/f2510c46535a82282fd70196afe2e571/screenshot - {}
RESULT: {}
COMMAND: POST /session/f2510c46535a82282fd70196afe2e571/execute/sync - {"script":"<script> [8489 bytes]","args":[{"element-6066-11e4-a52e-4f735466cecf":"f.F7DC0DCC1AEA5B11728C456D26A3F950.d.4BF18E3C3FA1DE29FEF136E1E5432F84.e.15650","ELEMENT":"f.F7DC0DCC1AEA5B11728C456D26A3F950.d.4BF18E3C3FA1DE29FEF136E1E5432F84.e.15650"}]}
COMMAND: GET /session/f2510c46535a82282fd70196afe2e571/screenshot - {}
RESULT: {}
RESULT: {"script":"<script> [8489 bytes]","args":[{"element-6066-11e4-a52e-4f735466cecf":"f.F7DC0DCC1AEA5B11728C456D26A3F950.d.4BF18E3C3FA1DE29FEF136E1E5432F84.e.15650","ELEMENT":"f.F7DC0DCC1AEA5B11728C456D26A3F950.d.4BF18E3C3FA1DE29FEF136E1E5432F84.e.15650"}]}
COMMAND: POST /session/f2510c46535a82282fd70196afe2e571/execute/sync - {"script":"<script> [5351 bytes]","args":[{"element-6066-11e4-a52e-4f735466cecf":"f.F7DC0DCC1AEA5B11728C456D26A3F950.d.4BF18E3C3FA1DE29FEF136E1E5432F84.e.15650","ELEMENT":"f.F7DC0DCC1AEA5B11728C456D26A3F950.d.4BF18E3C3FA1DE29FEF136E1E5432F84.e.15650"}]}
COMMAND: GET /session/f2510c46535a82282fd70196afe2e571/screenshot - {}
RESULT: {}
RESULT: {"script":"<script> [5351 bytes]","args":[{"element-6066-11e4-a52e-4f735466cecf":"f.F7DC0DCC1AEA5B11728C456D26A3F950.d.4BF18E3C3FA1DE29FEF136E1E5432F84.e.15650","ELEMENT":"f.F7DC0DCC1AEA5B11728C456D26A3F950.d.4BF18E3C3FA1DE29FEF136E1E5432F84.e.15650"}]}
COMMAND: POST /session/f2510c46535a82282fd70196afe2e571/element/f.F7DC0DCC1AEA5B11728C456D26A3F950.d.4BF18E3C3FA1DE29FEF136E1E5432F84.e.15650/click - {}
COMMAND: GET /session/f2510c46535a82282fd70196afe2e571/screenshot - {}
RESULT: {}
RESULT: {}
COMMAND: GET /session/f2510c46535a82282fd70196afe2e571/screenshot - {}
RESULT: {}
RESULT: {}
COMMAND: POST /session/f2510c46535a82282fd70196afe2e571/element - {"using":"xpath","value":"//span[contains(@id ,\"AddNewHO--typeSelect-arrow\")]"}
RESULT: {"using":"xpath","value":"//span[contains(@id ,\"AddNewHO--typeSelect-arrow\")]"}
COMMAND: POST /session/f2510c46535a82282fd70196afe2e571/element/f.F7DC0DCC1AEA5B11728C456D26A3F950.d.4BF18E3C3FA1DE29FEF136E1E5432F84.e.16009/click - {}
RESULT: {}
COMMAND: GET /session/f2510c46535a82282fd70196afe2e571/screenshot - {}
RESULT: {}
COMMAND: POST /session/f2510c46535a82282fd70196afe2e571/element - {"using":"xpath","value":"(//li[contains(text(), \"stock increase yard\")])[1]"}
RESULT: {"using":"xpath","value":"(//li[contains(text(), \"stock increase yard\")])[1]"}
COMMAND: POST /session/f2510c46535a82282fd70196afe2e571/element/f.F7DC0DCC1AEA5B11728C456D26A3F950.d.4BF18E3C3FA1DE29FEF136E1E5432F84.e.16010/click - {}
RESULT: {}
COMMAND: GET /session/f2510c46535a82282fd70196afe2e571/screenshot - {}
RESULT: {}
COMMAND: POST /session/f2510c46535a82282fd70196afe2e571/execute/async - {"script":"<script> [1562 bytes]","args":[{"selector":{"id":"application-managehandovers-display-component---AddNewHO--dueDate","interaction":{"idSuffix":"inner"}},"wdio_ui5_key":"applicationmanagehandovers-display-component---AddNewHO--dueDate"}]}
RESULT: {"script":"<script> [1562 bytes]","args":[{"selector":{"id":"application-managehandovers-display-component---AddNewHO--dueDate","interaction":{"idSuffix":"inner"}},"wdio_ui5_key":"applicationmanagehandovers-display-component---AddNewHO--dueDate"}]}
RESULT: undefined
COMMAND: POST /session/f2510c46535a82282fd70196afe2e571/execute/async - {"script":"<script> [6424 bytes]","args":[{"element-6066-11e4-a52e-4f735466cecf":"f.F7DC0DCC1AEA5B11728C456D26A3F950.d.4BF18E3C3FA1DE29FEF136E1E5432F84.e.16012"},"setValue",["5/31/25"]]}
RESULT: {"script":"<script> [6424 bytes]","args":[{"element-6066-11e4-a52e-4f735466cecf":"f.F7DC0DCC1AEA5B11728C456D26A3F950.d.4BF18E3C3FA1DE29FEF136E1E5432F84.e.16012"},"setValue",["5/31/25"]]}
COMMAND: POST /session/f2510c46535a82282fd70196afe2e571/element - {"using":"xpath","value":"//input[@id=\"generalSectionFrg--receiveYard-inner\"]"}
RESULT: {"using":"xpath","value":"//input[@id=\"generalSectionFrg--receiveYard-inner\"]"}
COMMAND: POST /session/f2510c46535a82282fd70196afe2e571/element/f.F7DC0DCC1AEA5B11728C456D26A3F950.d.4BF18E3C3FA1DE29FEF136E1E5432F84.e.16018/clear - {}
RESULT: {}
COMMAND: POST /session/f2510c46535a82282fd70196afe2e571/element/f.F7DC0DCC1AEA5B11728C456D26A3F950.d.4BF18E3C3FA1DE29FEF136E1E5432F84.e.16018/value - {"text":"530"}
COMMAND: GET /session/f2510c46535a82282fd70196afe2e571/screenshot - {}
RESULT: {"text":"530"}
COMMAND: GET /session/f2510c46535a82282fd70196afe2e571/screenshot - {}
RESULT: {}
RESULT: {}
COMMAND: POST /session/f2510c46535a82282fd70196afe2e571/element - {"using":"xpath","value":"//li[.//span[contains(text(),'530 -')]]"}
RESULT: {"using":"xpath","value":"//li[.//span[contains(text(),'530 -')]]"}
COMMAND: POST /session/f2510c46535a82282fd70196afe2e571/elements - {"using":"xpath","value":"//li[.//span[contains(text(),'530 -')]]"}
RESULT: {"using":"xpath","value":"//li[.//span[contains(text(),'530 -')]]"}
COMMAND: POST /session/f2510c46535a82282fd70196afe2e571/elements - {"using":"xpath","value":"//li[.//span[contains(text(),'530 -')]]"}
RESULT: {"using":"xpath","value":"//li[.//span[contains(text(),'530 -')]]"}
COMMAND: POST /session/f2510c46535a82282fd70196afe2e571/elements - {"using":"xpath","value":"//li[.//span[contains(text(),'530 -')]]"}
RESULT: {"using":"xpath","value":"//li[.//span[contains(text(),'530 -')]]"}
COMMAND: POST /session/f2510c46535a82282fd70196afe2e571/elements - {"using":"xpath","value":"//li[.//span[contains(text(),'530 -')]]"}
RESULT: {"using":"xpath","value":"//li[.//span[contains(text(),'530 -')]]"}
COMMAND: POST /session/f2510c46535a82282fd70196afe2e571/elements - {"using":"xpath","value":"//li[.//span[contains(text(),'530 -')]]"}
RESULT: {"using":"xpath","value":"//li[.//span[contains(text(),'530 -')]]"}
COMMAND: POST /session/f2510c46535a82282fd70196afe2e571/elements - {"using":"xpath","value":"//li[.//span[contains(text(),'530 -')]]"}
RESULT: {"using":"xpath","value":"//li[.//span[contains(text(),'530 -')]]"}
COMMAND: POST /session/f2510c46535a82282fd70196afe2e571/elements - {"using":"xpath","value":"//li[.//span[contains(text(),'530 -')]]"}
RESULT: {"using":"xpath","value":"//li[.//span[contains(text(),'530 -')]]"}
COMMAND: POST /session/f2510c46535a82282fd70196afe2e571/elements - {"using":"xpath","value":"//li[.//span[contains(text(),'530 -')]]"}
RESULT: {"using":"xpath","value":"//li[.//span[contains(text(),'530 -')]]"}
COMMAND: POST /session/f2510c46535a82282fd70196afe2e571/elements - {"using":"xpath","value":"//li[.//span[contains(text(),'530 -')]]"}
RESULT: {"using":"xpath","value":"//li[.//span[contains(text(),'530 -')]]"}
COMMAND: POST /session/f2510c46535a82282fd70196afe2e571/elements - {"using":"xpath","value":"//li[.//span[contains(text(),'530 -')]]"}
RESULT: {"using":"xpath","value":"//li[.//span[contains(text(),'530 -')]]"}
COMMAND: POST /session/f2510c46535a82282fd70196afe2e571/elements - {"using":"xpath","value":"//li[.//span[contains(text(),'530 -')]]"}
RESULT: {"using":"xpath","value":"//li[.//span[contains(text(),'530 -')]]"}
COMMAND: POST /session/f2510c46535a82282fd70196afe2e571/elements - {"using":"xpath","value":"//li[.//span[contains(text(),'530 -')]]"}
RESULT: {"using":"xpath","value":"//li[.//span[contains(text(),'530 -')]]"}
COMMAND: POST /session/f2510c46535a82282fd70196afe2e571/elements - {"using":"xpath","value":"//li[.//span[contains(text(),'530 -')]]"}
RESULT: {"using":"xpath","value":"//li[.//span[contains(text(),'530 -')]]"}
COMMAND: POST /session/f2510c46535a82282fd70196afe2e571/elements - {"using":"xpath","value":"//li[.//span[contains(text(),'530 -')]]"}
RESULT: {"using":"xpath","value":"//li[.//span[contains(text(),'530 -')]]"}
COMMAND: POST /session/f2510c46535a82282fd70196afe2e571/elements - {"using":"xpath","value":"//li[.//span[contains(text(),'530 -')]]"}
RESULT: {"using":"xpath","value":"//li[.//span[contains(text(),'530 -')]]"}
COMMAND: POST /session/f2510c46535a82282fd70196afe2e571/elements - {"using":"xpath","value":"//li[.//span[contains(text(),'530 -')]]"}
RESULT: {"using":"xpath","value":"//li[.//span[contains(text(),'530 -')]]"}
COMMAND: POST /session/f2510c46535a82282fd70196afe2e571/elements - {"using":"xpath","value":"//li[.//span[contains(text(),'530 -')]]"}
RESULT: {"using":"xpath","value":"//li[.//span[contains(text(),'530 -')]]"}
COMMAND: POST /session/f2510c46535a82282fd70196afe2e571/elements - {"using":"xpath","value":"//li[.//span[contains(text(),'530 -')]]"}
RESULT: {"using":"xpath","value":"//li[.//span[contains(text(),'530 -')]]"}
COMMAND: POST /session/f2510c46535a82282fd70196afe2e571/elements - {"using":"xpath","value":"//li[.//span[contains(text(),'530 -')]]"}
RESULT: {"using":"xpath","value":"//li[.//span[contains(text(),'530 -')]]"}
COMMAND: POST /session/f2510c46535a82282fd70196afe2e571/elements - {"using":"xpath","value":"//li[.//span[contains(text(),'530 -')]]"}
RESULT: {"using":"xpath","value":"//li[.//span[contains(text(),'530 -')]]"}
COMMAND: POST /session/f2510c46535a82282fd70196afe2e571/elements - {"using":"xpath","value":"//li[.//span[contains(text(),'530 -')]]"}
RESULT: {"using":"xpath","value":"//li[.//span[contains(text(),'530 -')]]"}
COMMAND: POST /session/f2510c46535a82282fd70196afe2e571/elements - {"using":"xpath","value":"//li[.//span[contains(text(),'530 -')]]"}
RESULT: {"using":"xpath","value":"//li[.//span[contains(text(),'530 -')]]"}
COMMAND: POST /session/f2510c46535a82282fd70196afe2e571/elements - {"using":"xpath","value":"//li[.//span[contains(text(),'530 -')]]"}
RESULT: {"using":"xpath","value":"//li[.//span[contains(text(),'530 -')]]"}
COMMAND: POST /session/f2510c46535a82282fd70196afe2e571/elements - {"using":"xpath","value":"//li[.//span[contains(text(),'530 -')]]"}
RESULT: {"using":"xpath","value":"//li[.//span[contains(text(),'530 -')]]"}
COMMAND: POST /session/f2510c46535a82282fd70196afe2e571/elements - {"using":"xpath","value":"//li[.//span[contains(text(),'530 -')]]"}
RESULT: {"using":"xpath","value":"//li[.//span[contains(text(),'530 -')]]"}
COMMAND: POST /session/f2510c46535a82282fd70196afe2e571/elements - {"using":"xpath","value":"//li[.//span[contains(text(),'530 -')]]"}
RESULT: {"using":"xpath","value":"//li[.//span[contains(text(),'530 -')]]"}
COMMAND: POST /session/f2510c46535a82282fd70196afe2e571/elements - {"using":"xpath","value":"//li[.//span[contains(text(),'530 -')]]"}
RESULT: {"using":"xpath","value":"//li[.//span[contains(text(),'530 -')]]"}
COMMAND: POST /session/f2510c46535a82282fd70196afe2e571/elements - {"using":"xpath","value":"//li[.//span[contains(text(),'530 -')]]"}
RESULT: {"using":"xpath","value":"//li[.//span[contains(text(),'530 -')]]"}
COMMAND: POST /session/f2510c46535a82282fd70196afe2e571/elements - {"using":"xpath","value":"//li[.//span[contains(text(),'530 -')]]"}
RESULT: {"using":"xpath","value":"//li[.//span[contains(text(),'530 -')]]"}
COMMAND: POST /session/f2510c46535a82282fd70196afe2e571/elements - {"using":"xpath","value":"//li[.//span[contains(text(),'530 -')]]"}
RESULT: {"using":"xpath","value":"//li[.//span[contains(text(),'530 -')]]"}
COMMAND: POST /session/f2510c46535a82282fd70196afe2e571/elements - {"using":"xpath","value":"//li[.//span[contains(text(),'530 -')]]"}
RESULT: {"using":"xpath","value":"//li[.//span[contains(text(),'530 -')]]"}
COMMAND: POST /session/f2510c46535a82282fd70196afe2e571/elements - {"using":"xpath","value":"//li[.//span[contains(text(),'530 -')]]"}
RESULT: {"using":"xpath","value":"//li[.//span[contains(text(),'530 -')]]"}
COMMAND: POST /session/f2510c46535a82282fd70196afe2e571/elements - {"using":"xpath","value":"//li[.//span[contains(text(),'530 -')]]"}
RESULT: {"using":"xpath","value":"//li[.//span[contains(text(),'530 -')]]"}
COMMAND: POST /session/f2510c46535a82282fd70196afe2e571/elements - {"using":"xpath","value":"//li[.//span[contains(text(),'530 -')]]"}
RESULT: {"using":"xpath","value":"//li[.//span[contains(text(),'530 -')]]"}
COMMAND: POST /session/f2510c46535a82282fd70196afe2e571/elements - {"using":"xpath","value":"//li[.//span[contains(text(),'530 -')]]"}
RESULT: {"using":"xpath","value":"//li[.//span[contains(text(),'530 -')]]"}
COMMAND: POST /session/f2510c46535a82282fd70196afe2e571/elements - {"using":"xpath","value":"//li[.//span[contains(text(),'530 -')]]"}
RESULT: {"using":"xpath","value":"//li[.//span[contains(text(),'530 -')]]"}
COMMAND: POST /session/f2510c46535a82282fd70196afe2e571/elements - {"using":"xpath","value":"//li[.//span[contains(text(),'530 -')]]"}
RESULT: {"using":"xpath","value":"//li[.//span[contains(text(),'530 -')]]"}
COMMAND: POST /session/f2510c46535a82282fd70196afe2e571/elements - {"using":"xpath","value":"//li[.//span[contains(text(),'530 -')]]"}
RESULT: {"using":"xpath","value":"//li[.//span[contains(text(),'530 -')]]"}
COMMAND: POST /session/f2510c46535a82282fd70196afe2e571/elements - {"using":"xpath","value":"//li[.//span[contains(text(),'530 -')]]"}
RESULT: {"using":"xpath","value":"//li[.//span[contains(text(),'530 -')]]"}
COMMAND: POST /session/f2510c46535a82282fd70196afe2e571/elements - {"using":"xpath","value":"//li[.//span[contains(text(),'530 -')]]"}
RESULT: {"using":"xpath","value":"//li[.//span[contains(text(),'530 -')]]"}
COMMAND: POST /session/f2510c46535a82282fd70196afe2e571/elements - {"using":"xpath","value":"//li[.//span[contains(text(),'530 -')]]"}
RESULT: {"using":"xpath","value":"//li[.//span[contains(text(),'530 -')]]"}
COMMAND: POST /session/f2510c46535a82282fd70196afe2e571/elements - {"using":"xpath","value":"//li[.//span[contains(text(),'530 -')]]"}
RESULT: {"using":"xpath","value":"//li[.//span[contains(text(),'530 -')]]"}
COMMAND: POST /session/f2510c46535a82282fd70196afe2e571/elements - {"using":"xpath","value":"//li[.//span[contains(text(),'530 -')]]"}
RESULT: {"using":"xpath","value":"//li[.//span[contains(text(),'530 -')]]"}
COMMAND: POST /session/f2510c46535a82282fd70196afe2e571/elements - {"using":"xpath","value":"//li[.//span[contains(text(),'530 -')]]"}
RESULT: {"using":"xpath","value":"//li[.//span[contains(text(),'530 -')]]"}
COMMAND: POST /session/f2510c46535a82282fd70196afe2e571/elements - {"using":"xpath","value":"//li[.//span[contains(text(),'530 -')]]"}
RESULT: {"using":"xpath","value":"//li[.//span[contains(text(),'530 -')]]"}
COMMAND: POST /session/f2510c46535a82282fd70196afe2e571/elements - {"using":"xpath","value":"//li[.//span[contains(text(),'530 -')]]"}
RESULT: {"using":"xpath","value":"//li[.//span[contains(text(),'530 -')]]"}
COMMAND: POST /session/f2510c46535a82282fd70196afe2e571/elements - {"using":"xpath","value":"//li[.//span[contains(text(),'530 -')]]"}
RESULT: {"using":"xpath","value":"//li[.//span[contains(text(),'530 -')]]"}
COMMAND: POST /session/f2510c46535a82282fd70196afe2e571/elements - {"using":"xpath","value":"//li[.//span[contains(text(),'530 -')]]"}
RESULT: {"using":"xpath","value":"//li[.//span[contains(text(),'530 -')]]"}
COMMAND: POST /session/f2510c46535a82282fd70196afe2e571/elements - {"using":"xpath","value":"//li[.//span[contains(text(),'530 -')]]"}
RESULT: {"using":"xpath","value":"//li[.//span[contains(text(),'530 -')]]"}
COMMAND: POST /session/f2510c46535a82282fd70196afe2e571/elements - {"using":"xpath","value":"//li[.//span[contains(text(),'530 -')]]"}
RESULT: {"using":"xpath","value":"//li[.//span[contains(text(),'530 -')]]"}
COMMAND: POST /session/f2510c46535a82282fd70196afe2e571/elements - {"using":"xpath","value":"//li[.//span[contains(text(),'530 -')]]"}
RESULT: {"using":"xpath","value":"//li[.//span[contains(text(),'530 -')]]"}
COMMAND: POST /session/f2510c46535a82282fd70196afe2e571/elements - {"using":"xpath","value":"//li[.//span[contains(text(),'530 -')]]"}
RESULT: {"using":"xpath","value":"//li[.//span[contains(text(),'530 -')]]"}
COMMAND: POST /session/f2510c46535a82282fd70196afe2e571/elements - {"using":"xpath","value":"//li[.//span[contains(text(),'530 -')]]"}
RESULT: {"using":"xpath","value":"//li[.//span[contains(text(),'530 -')]]"}
COMMAND: POST /session/f2510c46535a82282fd70196afe2e571/elements - {"using":"xpath","value":"//li[.//span[contains(text(),'530 -')]]"}
RESULT: {"using":"xpath","value":"//li[.//span[contains(text(),'530 -')]]"}
COMMAND: POST /session/f2510c46535a82282fd70196afe2e571/elements - {"using":"xpath","value":"//li[.//span[contains(text(),'530 -')]]"}
RESULT: {"using":"xpath","value":"//li[.//span[contains(text(),'530 -')]]"}
COMMAND: POST /session/f2510c46535a82282fd70196afe2e571/elements - {"using":"xpath","value":"//li[.//span[contains(text(),'530 -')]]"}
RESULT: {"using":"xpath","value":"//li[.//span[contains(text(),'530 -')]]"}
COMMAND: POST /session/f2510c46535a82282fd70196afe2e571/elements - {"using":"xpath","value":"//li[.//span[contains(text(),'530 -')]]"}
RESULT: {"using":"xpath","value":"//li[.//span[contains(text(),'530 -')]]"}
COMMAND: POST /session/f2510c46535a82282fd70196afe2e571/elements - {"using":"xpath","value":"//li[.//span[contains(text(),'530 -')]]"}
RESULT: {"using":"xpath","value":"//li[.//span[contains(text(),'530 -')]]"}
COMMAND: POST /session/f2510c46535a82282fd70196afe2e571/elements - {"using":"xpath","value":"//li[.//span[contains(text(),'530 -')]]"}
RESULT: {"using":"xpath","value":"//li[.//span[contains(text(),'530 -')]]"}
COMMAND: POST /session/f2510c46535a82282fd70196afe2e571/elements - {"using":"xpath","value":"//li[.//span[contains(text(),'530 -')]]"}
RESULT: {"using":"xpath","value":"//li[.//span[contains(text(),'530 -')]]"}
COMMAND: POST /session/f2510c46535a82282fd70196afe2e571/elements - {"using":"xpath","value":"//li[.//span[contains(text(),'530 -')]]"}
RESULT: {"using":"xpath","value":"//li[.//span[contains(text(),'530 -')]]"}
COMMAND: POST /session/f2510c46535a82282fd70196afe2e571/elements - {"using":"xpath","value":"//li[.//span[contains(text(),'530 -')]]"}
RESULT: {"using":"xpath","value":"//li[.//span[contains(text(),'530 -')]]"}
COMMAND: POST /session/f2510c46535a82282fd70196afe2e571/elements - {"using":"xpath","value":"//li[.//span[contains(text(),'530 -')]]"}
RESULT: {"using":"xpath","value":"//li[.//span[contains(text(),'530 -')]]"}
COMMAND: POST /session/f2510c46535a82282fd70196afe2e571/elements - {"using":"xpath","value":"//li[.//span[contains(text(),'530 -')]]"}
RESULT: {"using":"xpath","value":"//li[.//span[contains(text(),'530 -')]]"}
COMMAND: POST /session/f2510c46535a82282fd70196afe2e571/elements - {"using":"xpath","value":"//li[.//span[contains(text(),'530 -')]]"}
RESULT: {"using":"xpath","value":"//li[.//span[contains(text(),'530 -')]]"}
COMMAND: POST /session/f2510c46535a82282fd70196afe2e571/elements - {"using":"xpath","value":"//li[.//span[contains(text(),'530 -')]]"}
RESULT: {"using":"xpath","value":"//li[.//span[contains(text(),'530 -')]]"}
COMMAND: POST /session/f2510c46535a82282fd70196afe2e571/elements - {"using":"xpath","value":"//li[.//span[contains(text(),'530 -')]]"}
RESULT: {"using":"xpath","value":"//li[.//span[contains(text(),'530 -')]]"}
COMMAND: POST /session/f2510c46535a82282fd70196afe2e571/elements - {"using":"xpath","value":"//li[.//span[contains(text(),'530 -')]]"}
RESULT: {"using":"xpath","value":"//li[.//span[contains(text(),'530 -')]]"}
COMMAND: POST /session/f2510c46535a82282fd70196afe2e571/elements - {"using":"xpath","value":"//li[.//span[contains(text(),'530 -')]]"}
RESULT: {"using":"xpath","value":"//li[.//span[contains(text(),'530 -')]]"}
COMMAND: POST /session/f2510c46535a82282fd70196afe2e571/elements - {"using":"xpath","value":"//li[.//span[contains(text(),'530 -')]]"}
RESULT: {"using":"xpath","value":"//li[.//span[contains(text(),'530 -')]]"}
COMMAND: POST /session/f2510c46535a82282fd70196afe2e571/elements - {"using":"xpath","value":"//li[.//span[contains(text(),'530 -')]]"}
RESULT: {"using":"xpath","value":"//li[.//span[contains(text(),'530 -')]]"}
COMMAND: POST /session/f2510c46535a82282fd70196afe2e571/elements - {"using":"xpath","value":"//li[.//span[contains(text(),'530 -')]]"}
RESULT: {"using":"xpath","value":"//li[.//span[contains(text(),'530 -')]]"}
COMMAND: POST /session/f2510c46535a82282fd70196afe2e571/elements - {"using":"xpath","value":"//li[.//span[contains(text(),'530 -')]]"}
RESULT: {"using":"xpath","value":"//li[.//span[contains(text(),'530 -')]]"}
COMMAND: POST /session/f2510c46535a82282fd70196afe2e571/elements - {"using":"xpath","value":"//li[.//span[contains(text(),'530 -')]]"}
RESULT: {"using":"xpath","value":"//li[.//span[contains(text(),'530 -')]]"}
COMMAND: POST /session/f2510c46535a82282fd70196afe2e571/elements - {"using":"xpath","value":"//li[.//span[contains(text(),'530 -')]]"}
RESULT: {"using":"xpath","value":"//li[.//span[contains(text(),'530 -')]]"}
COMMAND: POST /session/f2510c46535a82282fd70196afe2e571/elements - {"using":"xpath","value":"//li[.//span[contains(text(),'530 -')]]"}
RESULT: {"using":"xpath","value":"//li[.//span[contains(text(),'530 -')]]"}
COMMAND: POST /session/f2510c46535a82282fd70196afe2e571/elements - {"using":"xpath","value":"//li[.//span[contains(text(),'530 -')]]"}
RESULT: {"using":"xpath","value":"//li[.//span[contains(text(),'530 -')]]"}
COMMAND: POST /session/f2510c46535a82282fd70196afe2e571/elements - {"using":"xpath","value":"//li[.//span[contains(text(),'530 -')]]"}
RESULT: {"using":"xpath","value":"//li[.//span[contains(text(),'530 -')]]"}
COMMAND: POST /session/f2510c46535a82282fd70196afe2e571/elements - {"using":"xpath","value":"//li[.//span[contains(text(),'530 -')]]"}
RESULT: {"using":"xpath","value":"//li[.//span[contains(text(),'530 -')]]"}
COMMAND: POST /session/f2510c46535a82282fd70196afe2e571/elements - {"using":"xpath","value":"//li[.//span[contains(text(),'530 -')]]"}
RESULT: {"using":"xpath","value":"//li[.//span[contains(text(),'530 -')]]"}
COMMAND: POST /session/f2510c46535a82282fd70196afe2e571/elements - {"using":"xpath","value":"//li[.//span[contains(text(),'530 -')]]"}
RESULT: {"using":"xpath","value":"//li[.//span[contains(text(),'530 -')]]"}
COMMAND: POST /session/f2510c46535a82282fd70196afe2e571/elements - {"using":"xpath","value":"//li[.//span[contains(text(),'530 -')]]"}
RESULT: {"using":"xpath","value":"//li[.//span[contains(text(),'530 -')]]"}
COMMAND: POST /session/f2510c46535a82282fd70196afe2e571/elements - {"using":"xpath","value":"//li[.//span[contains(text(),'530 -')]]"}
RESULT: {"using":"xpath","value":"//li[.//span[contains(text(),'530 -')]]"}
COMMAND: POST /session/f2510c46535a82282fd70196afe2e571/elements - {"using":"xpath","value":"//li[.//span[contains(text(),'530 -')]]"}
RESULT: {"using":"xpath","value":"//li[.//span[contains(text(),'530 -')]]"}
COMMAND: POST /session/f2510c46535a82282fd70196afe2e571/elements - {"using":"xpath","value":"//li[.//span[contains(text(),'530 -')]]"}
RESULT: {"using":"xpath","value":"//li[.//span[contains(text(),'530 -')]]"}
COMMAND: POST /session/f2510c46535a82282fd70196afe2e571/elements - {"using":"xpath","value":"//li[.//span[contains(text(),'530 -')]]"}
RESULT: {"using":"xpath","value":"//li[.//span[contains(text(),'530 -')]]"}
COMMAND: POST /session/f2510c46535a82282fd70196afe2e571/elements - {"using":"xpath","value":"//li[.//span[contains(text(),'530 -')]]"}
RESULT: {"using":"xpath","value":"//li[.//span[contains(text(),'530 -')]]"}
COMMAND: POST /session/f2510c46535a82282fd70196afe2e571/elements - {"using":"xpath","value":"//li[.//span[contains(text(),'530 -')]]"}
RESULT: {"using":"xpath","value":"//li[.//span[contains(text(),'530 -')]]"}
COMMAND: POST /session/f2510c46535a82282fd70196afe2e571/elements - {"using":"xpath","value":"//li[.//span[contains(text(),'530 -')]]"}
RESULT: {"using":"xpath","value":"//li[.//span[contains(text(),'530 -')]]"}
COMMAND: POST /session/f2510c46535a82282fd70196afe2e571/elements - {"using":"xpath","value":"//li[.//span[contains(text(),'530 -')]]"}
RESULT: {"using":"xpath","value":"//li[.//span[contains(text(),'530 -')]]"}
COMMAND: POST /session/f2510c46535a82282fd70196afe2e571/elements - {"using":"xpath","value":"//li[.//span[contains(text(),'530 -')]]"}
RESULT: {"using":"xpath","value":"//li[.//span[contains(text(),'530 -')]]"}
COMMAND: POST /session/f2510c46535a82282fd70196afe2e571/elements - {"using":"xpath","value":"//li[.//span[contains(text(),'530 -')]]"}
RESULT: {"using":"xpath","value":"//li[.//span[contains(text(),'530 -')]]"}
COMMAND: POST /session/f2510c46535a82282fd70196afe2e571/elements - {"using":"xpath","value":"//li[.//span[contains(text(),'530 -')]]"}
RESULT: {"using":"xpath","value":"//li[.//span[contains(text(),'530 -')]]"}
COMMAND: POST /session/f2510c46535a82282fd70196afe2e571/elements - {"using":"xpath","value":"//li[.//span[contains(text(),'530 -')]]"}
RESULT: {"using":"xpath","value":"//li[.//span[contains(text(),'530 -')]]"}
COMMAND: POST /session/f2510c46535a82282fd70196afe2e571/elements - {"using":"xpath","value":"//li[.//span[contains(text(),'530 -')]]"}
RESULT: {"using":"xpath","value":"//li[.//span[contains(text(),'530 -')]]"}
COMMAND: POST /session/f2510c46535a82282fd70196afe2e571/elements - {"using":"xpath","value":"//li[.//span[contains(text(),'530 -')]]"}
RESULT: {"using":"xpath","value":"//li[.//span[contains(text(),'530 -')]]"}
COMMAND: POST /session/f2510c46535a82282fd70196afe2e571/elements - {"using":"xpath","value":"//li[.//span[contains(text(),'530 -')]]"}
RESULT: {"using":"xpath","value":"//li[.//span[contains(text(),'530 -')]]"}
COMMAND: POST /session/f2510c46535a82282fd70196afe2e571/elements - {"using":"xpath","value":"//li[.//span[contains(text(),'530 -')]]"}
RESULT: {"using":"xpath","value":"//li[.//span[contains(text(),'530 -')]]"}
COMMAND: POST /session/f2510c46535a82282fd70196afe2e571/elements - {"using":"xpath","value":"//li[.//span[contains(text(),'530 -')]]"}
RESULT: {"using":"xpath","value":"//li[.//span[contains(text(),'530 -')]]"}
COMMAND: POST /session/f2510c46535a82282fd70196afe2e571/elements - {"using":"xpath","value":"//li[.//span[contains(text(),'530 -')]]"}
RESULT: {"using":"xpath","value":"//li[.//span[contains(text(),'530 -')]]"}
COMMAND: POST /session/f2510c46535a82282fd70196afe2e571/elements - {"using":"xpath","value":"//li[.//span[contains(text(),'530 -')]]"}
RESULT: {"using":"xpath","value":"//li[.//span[contains(text(),'530 -')]]"}
COMMAND: POST /session/f2510c46535a82282fd70196afe2e571/elements - {"using":"xpath","value":"//li[.//span[contains(text(),'530 -')]]"}
RESULT: {"using":"xpath","value":"//li[.//span[contains(text(),'530 -')]]"}
COMMAND: POST /session/f2510c46535a82282fd70196afe2e571/elements - {"using":"xpath","value":"//li[.//span[contains(text(),'530 -')]]"}
RESULT: {"using":"xpath","value":"//li[.//span[contains(text(),'530 -')]]"}
COMMAND: POST /session/f2510c46535a82282fd70196afe2e571/elements - {"using":"xpath","value":"//li[.//span[contains(text(),'530 -')]]"}
RESULT: {"using":"xpath","value":"//li[.//span[contains(text(),'530 -')]]"}
COMMAND: POST /session/f2510c46535a82282fd70196afe2e571/elements - {"using":"xpath","value":"//li[.//span[contains(text(),'530 -')]]"}
RESULT: {"using":"xpath","value":"//li[.//span[contains(text(),'530 -')]]"}
COMMAND: POST /session/f2510c46535a82282fd70196afe2e571/elements - {"using":"xpath","value":"//li[.//span[contains(text(),'530 -')]]"}
RESULT: {"using":"xpath","value":"//li[.//span[contains(text(),'530 -')]]"}
COMMAND: POST /session/f2510c46535a82282fd70196afe2e571/elements - {"using":"xpath","value":"//li[.//span[contains(text(),'530 -')]]"}
RESULT: {"using":"xpath","value":"//li[.//span[contains(text(),'530 -')]]"}
COMMAND: POST /session/f2510c46535a82282fd70196afe2e571/elements - {"using":"xpath","value":"//li[.//span[contains(text(),'530 -')]]"}
RESULT: {"using":"xpath","value":"//li[.//span[contains(text(),'530 -')]]"}
COMMAND: POST /session/f2510c46535a82282fd70196afe2e571/elements - {"using":"xpath","value":"//li[.//span[contains(text(),'530 -')]]"}
RESULT: {"using":"xpath","value":"//li[.//span[contains(text(),'530 -')]]"}
COMMAND: POST /session/f2510c46535a82282fd70196afe2e571/elements - {"using":"xpath","value":"//li[.//span[contains(text(),'530 -')]]"}
RESULT: {"using":"xpath","value":"//li[.//span[contains(text(),'530 -')]]"}
COMMAND: POST /session/f2510c46535a82282fd70196afe2e571/elements - {"using":"xpath","value":"//li[.//span[contains(text(),'530 -')]]"}
RESULT: {"using":"xpath","value":"//li[.//span[contains(text(),'530 -')]]"}
COMMAND: POST /session/f2510c46535a82282fd70196afe2e571/elements - {"using":"xpath","value":"//li[.//span[contains(text(),'530 -')]]"}
RESULT: {"using":"xpath","value":"//li[.//span[contains(text(),'530 -')]]"}
COMMAND: POST /session/f2510c46535a82282fd70196afe2e571/elements - {"using":"xpath","value":"//li[.//span[contains(text(),'530 -')]]"}
RESULT: {"using":"xpath","value":"//li[.//span[contains(text(),'530 -')]]"}
COMMAND: POST /session/f2510c46535a82282fd70196afe2e571/elements - {"using":"xpath","value":"//li[.//span[contains(text(),'530 -')]]"}
RESULT: {"using":"xpath","value":"//li[.//span[contains(text(),'530 -')]]"}
COMMAND: POST /session/f2510c46535a82282fd70196afe2e571/elements - {"using":"xpath","value":"//li[.//span[contains(text(),'530 -')]]"}
RESULT: {"using":"xpath","value":"//li[.//span[contains(text(),'530 -')]]"}
COMMAND: POST /session/f2510c46535a82282fd70196afe2e571/elements - {"using":"xpath","value":"//li[.//span[contains(text(),'530 -')]]"}
RESULT: {"using":"xpath","value":"//li[.//span[contains(text(),'530 -')]]"}
COMMAND: POST /session/f2510c46535a82282fd70196afe2e571/elements - {"using":"xpath","value":"//li[.//span[contains(text(),'530 -')]]"}
RESULT: {"using":"xpath","value":"//li[.//span[contains(text(),'530 -')]]"}
COMMAND: POST /session/f2510c46535a82282fd70196afe2e571/elements - {"using":"xpath","value":"//li[.//span[contains(text(),'530 -')]]"}
RESULT: {"using":"xpath","value":"//li[.//span[contains(text(),'530 -')]]"}
COMMAND: POST /session/f2510c46535a82282fd70196afe2e571/elements - {"using":"xpath","value":"//li[.//span[contains(text(),'530 -')]]"}
RESULT: {"using":"xpath","value":"//li[.//span[contains(text(),'530 -')]]"}
COMMAND: POST /session/f2510c46535a82282fd70196afe2e571/elements - {"using":"xpath","value":"//li[.//span[contains(text(),'530 -')]]"}
RESULT: {"using":"xpath","value":"//li[.//span[contains(text(),'530 -')]]"}
COMMAND: POST /session/f2510c46535a82282fd70196afe2e571/elements - {"using":"xpath","value":"//li[.//span[contains(text(),'530 -')]]"}
COMMAND: GET /session/f2510c46535a82282fd70196afe2e571/screenshot - {}
RESULT: {"using":"xpath","value":"//li[.//span[contains(text(),'530 -')]]"}
RESULT: {}
]]></system-out>
      <system-err><![CDATA[
Error: Can't call click on element with selector "//li[.//span[contains(text(),'530 -')]]" because element wasn't found
    at async UtilsPrerequisites.stockIncrease (D:\a\1\s\test\specs\BTS\prerequisites-and-utils-functions.js:1638:9)
    at async Context.<anonymous> (D:\a\1\s\test\specs\BTS\billing-calculation-transp-times.spec.js:57:9)
]]></system-err>
    </testcase>
    <testcase classname="chrome.136_0_7103_93.windows.Billing_Calculation_-_Time_based_(considering_transport_times)_US139738" name="Should create a new contract" time="60.438">
      <failure/>
      <error message="element (&quot;//button[@data-kt=&quot;addButton&quot;]&quot;) still not existing after 45000ms"/>
      <system-out><![CDATA[
COMMAND: GET /session/f2510c46535a82282fd70196afe2e571/screenshot - {}
COMMAND: POST /session/f2510c46535a82282fd70196afe2e571/execute/async - {"script":"<script> [1562 bytes]","args":[{"selector":{"controlType":"sap.m.GenericTile","properties":{"header":"Manage Contracts"}},"wdio_ui5_key":"sapm.GenericTile{\"header\":\"Manage Contracts\"}"}]}
RESULT: {}
RESULT: {"script":"<script> [1562 bytes]","args":[{"selector":{"controlType":"sap.m.GenericTile","properties":{"header":"Manage Contracts"}},"wdio_ui5_key":"sapm.GenericTile{\"header\":\"Manage Contracts\"}"}]}
RESULT: undefined
COMMAND: POST /session/f2510c46535a82282fd70196afe2e571/elements - {"using":"xpath","value":"//span[text()='Error']"}
RESULT: {"using":"xpath","value":"//span[text()='Error']"}
COMMAND: POST /session/f2510c46535a82282fd70196afe2e571/element - {"using":"xpath","value":"//button[@data-kt=\"addButton\"]"}
RESULT: {"using":"xpath","value":"//button[@data-kt=\"addButton\"]"}
COMMAND: POST /session/f2510c46535a82282fd70196afe2e571/elements - {"using":"xpath","value":"//button[@data-kt=\"addButton\"]"}
RESULT: {"using":"xpath","value":"//button[@data-kt=\"addButton\"]"}
COMMAND: POST /session/f2510c46535a82282fd70196afe2e571/elements - {"using":"xpath","value":"//button[@data-kt=\"addButton\"]"}
RESULT: {"using":"xpath","value":"//button[@data-kt=\"addButton\"]"}
COMMAND: POST /session/f2510c46535a82282fd70196afe2e571/elements - {"using":"xpath","value":"//button[@data-kt=\"addButton\"]"}
RESULT: {"using":"xpath","value":"//button[@data-kt=\"addButton\"]"}
COMMAND: POST /session/f2510c46535a82282fd70196afe2e571/elements - {"using":"xpath","value":"//button[@data-kt=\"addButton\"]"}
RESULT: {"using":"xpath","value":"//button[@data-kt=\"addButton\"]"}
COMMAND: POST /session/f2510c46535a82282fd70196afe2e571/elements - {"using":"xpath","value":"//button[@data-kt=\"addButton\"]"}
RESULT: {"using":"xpath","value":"//button[@data-kt=\"addButton\"]"}
COMMAND: POST /session/f2510c46535a82282fd70196afe2e571/elements - {"using":"xpath","value":"//button[@data-kt=\"addButton\"]"}
RESULT: {"using":"xpath","value":"//button[@data-kt=\"addButton\"]"}
COMMAND: POST /session/f2510c46535a82282fd70196afe2e571/elements - {"using":"xpath","value":"//button[@data-kt=\"addButton\"]"}
RESULT: {"using":"xpath","value":"//button[@data-kt=\"addButton\"]"}
COMMAND: POST /session/f2510c46535a82282fd70196afe2e571/elements - {"using":"xpath","value":"//button[@data-kt=\"addButton\"]"}
RESULT: {"using":"xpath","value":"//button[@data-kt=\"addButton\"]"}
COMMAND: POST /session/f2510c46535a82282fd70196afe2e571/elements - {"using":"xpath","value":"//button[@data-kt=\"addButton\"]"}
RESULT: {"using":"xpath","value":"//button[@data-kt=\"addButton\"]"}
COMMAND: POST /session/f2510c46535a82282fd70196afe2e571/elements - {"using":"xpath","value":"//button[@data-kt=\"addButton\"]"}
RESULT: {"using":"xpath","value":"//button[@data-kt=\"addButton\"]"}
COMMAND: POST /session/f2510c46535a82282fd70196afe2e571/elements - {"using":"xpath","value":"//button[@data-kt=\"addButton\"]"}
RESULT: {"using":"xpath","value":"//button[@data-kt=\"addButton\"]"}
COMMAND: POST /session/f2510c46535a82282fd70196afe2e571/elements - {"using":"xpath","value":"//button[@data-kt=\"addButton\"]"}
RESULT: {"using":"xpath","value":"//button[@data-kt=\"addButton\"]"}
COMMAND: POST /session/f2510c46535a82282fd70196afe2e571/elements - {"using":"xpath","value":"//button[@data-kt=\"addButton\"]"}
RESULT: {"using":"xpath","value":"//button[@data-kt=\"addButton\"]"}
COMMAND: POST /session/f2510c46535a82282fd70196afe2e571/elements - {"using":"xpath","value":"//button[@data-kt=\"addButton\"]"}
RESULT: {"using":"xpath","value":"//button[@data-kt=\"addButton\"]"}
COMMAND: POST /session/f2510c46535a82282fd70196afe2e571/elements - {"using":"xpath","value":"//button[@data-kt=\"addButton\"]"}
RESULT: {"using":"xpath","value":"//button[@data-kt=\"addButton\"]"}
COMMAND: POST /session/f2510c46535a82282fd70196afe2e571/elements - {"using":"xpath","value":"//button[@data-kt=\"addButton\"]"}
RESULT: {"using":"xpath","value":"//button[@data-kt=\"addButton\"]"}
COMMAND: POST /session/f2510c46535a82282fd70196afe2e571/elements - {"using":"xpath","value":"//button[@data-kt=\"addButton\"]"}
RESULT: {"using":"xpath","value":"//button[@data-kt=\"addButton\"]"}
COMMAND: POST /session/f2510c46535a82282fd70196afe2e571/elements - {"using":"xpath","value":"//button[@data-kt=\"addButton\"]"}
RESULT: {"using":"xpath","value":"//button[@data-kt=\"addButton\"]"}
COMMAND: POST /session/f2510c46535a82282fd70196afe2e571/elements - {"using":"xpath","value":"//button[@data-kt=\"addButton\"]"}
RESULT: {"using":"xpath","value":"//button[@data-kt=\"addButton\"]"}
COMMAND: POST /session/f2510c46535a82282fd70196afe2e571/elements - {"using":"xpath","value":"//button[@data-kt=\"addButton\"]"}
RESULT: {"using":"xpath","value":"//button[@data-kt=\"addButton\"]"}
COMMAND: POST /session/f2510c46535a82282fd70196afe2e571/elements - {"using":"xpath","value":"//button[@data-kt=\"addButton\"]"}
RESULT: {"using":"xpath","value":"//button[@data-kt=\"addButton\"]"}
COMMAND: POST /session/f2510c46535a82282fd70196afe2e571/elements - {"using":"xpath","value":"//button[@data-kt=\"addButton\"]"}
RESULT: {"using":"xpath","value":"//button[@data-kt=\"addButton\"]"}
COMMAND: POST /session/f2510c46535a82282fd70196afe2e571/elements - {"using":"xpath","value":"//button[@data-kt=\"addButton\"]"}
RESULT: {"using":"xpath","value":"//button[@data-kt=\"addButton\"]"}
COMMAND: POST /session/f2510c46535a82282fd70196afe2e571/elements - {"using":"xpath","value":"//button[@data-kt=\"addButton\"]"}
RESULT: {"using":"xpath","value":"//button[@data-kt=\"addButton\"]"}
COMMAND: POST /session/f2510c46535a82282fd70196afe2e571/elements - {"using":"xpath","value":"//button[@data-kt=\"addButton\"]"}
RESULT: {"using":"xpath","value":"//button[@data-kt=\"addButton\"]"}
COMMAND: POST /session/f2510c46535a82282fd70196afe2e571/elements - {"using":"xpath","value":"//button[@data-kt=\"addButton\"]"}
RESULT: {"using":"xpath","value":"//button[@data-kt=\"addButton\"]"}
COMMAND: POST /session/f2510c46535a82282fd70196afe2e571/elements - {"using":"xpath","value":"//button[@data-kt=\"addButton\"]"}
RESULT: {"using":"xpath","value":"//button[@data-kt=\"addButton\"]"}
COMMAND: POST /session/f2510c46535a82282fd70196afe2e571/elements - {"using":"xpath","value":"//button[@data-kt=\"addButton\"]"}
RESULT: {"using":"xpath","value":"//button[@data-kt=\"addButton\"]"}
COMMAND: POST /session/f2510c46535a82282fd70196afe2e571/elements - {"using":"xpath","value":"//button[@data-kt=\"addButton\"]"}
RESULT: {"using":"xpath","value":"//button[@data-kt=\"addButton\"]"}
COMMAND: POST /session/f2510c46535a82282fd70196afe2e571/elements - {"using":"xpath","value":"//button[@data-kt=\"addButton\"]"}
RESULT: {"using":"xpath","value":"//button[@data-kt=\"addButton\"]"}
COMMAND: POST /session/f2510c46535a82282fd70196afe2e571/elements - {"using":"xpath","value":"//button[@data-kt=\"addButton\"]"}
RESULT: {"using":"xpath","value":"//button[@data-kt=\"addButton\"]"}
COMMAND: POST /session/f2510c46535a82282fd70196afe2e571/elements - {"using":"xpath","value":"//button[@data-kt=\"addButton\"]"}
RESULT: {"using":"xpath","value":"//button[@data-kt=\"addButton\"]"}
COMMAND: POST /session/f2510c46535a82282fd70196afe2e571/elements - {"using":"xpath","value":"//button[@data-kt=\"addButton\"]"}
RESULT: {"using":"xpath","value":"//button[@data-kt=\"addButton\"]"}
COMMAND: POST /session/f2510c46535a82282fd70196afe2e571/elements - {"using":"xpath","value":"//button[@data-kt=\"addButton\"]"}
RESULT: {"using":"xpath","value":"//button[@data-kt=\"addButton\"]"}
COMMAND: POST /session/f2510c46535a82282fd70196afe2e571/elements - {"using":"xpath","value":"//button[@data-kt=\"addButton\"]"}
RESULT: {"using":"xpath","value":"//button[@data-kt=\"addButton\"]"}
COMMAND: POST /session/f2510c46535a82282fd70196afe2e571/elements - {"using":"xpath","value":"//button[@data-kt=\"addButton\"]"}
RESULT: {"using":"xpath","value":"//button[@data-kt=\"addButton\"]"}
COMMAND: POST /session/f2510c46535a82282fd70196afe2e571/elements - {"using":"xpath","value":"//button[@data-kt=\"addButton\"]"}
RESULT: {"using":"xpath","value":"//button[@data-kt=\"addButton\"]"}
COMMAND: POST /session/f2510c46535a82282fd70196afe2e571/elements - {"using":"xpath","value":"//button[@data-kt=\"addButton\"]"}
RESULT: {"using":"xpath","value":"//button[@data-kt=\"addButton\"]"}
COMMAND: POST /session/f2510c46535a82282fd70196afe2e571/elements - {"using":"xpath","value":"//button[@data-kt=\"addButton\"]"}
RESULT: {"using":"xpath","value":"//button[@data-kt=\"addButton\"]"}
COMMAND: POST /session/f2510c46535a82282fd70196afe2e571/elements - {"using":"xpath","value":"//button[@data-kt=\"addButton\"]"}
RESULT: {"using":"xpath","value":"//button[@data-kt=\"addButton\"]"}
COMMAND: POST /session/f2510c46535a82282fd70196afe2e571/elements - {"using":"xpath","value":"//button[@data-kt=\"addButton\"]"}
RESULT: {"using":"xpath","value":"//button[@data-kt=\"addButton\"]"}
COMMAND: POST /session/f2510c46535a82282fd70196afe2e571/elements - {"using":"xpath","value":"//button[@data-kt=\"addButton\"]"}
RESULT: {"using":"xpath","value":"//button[@data-kt=\"addButton\"]"}
COMMAND: POST /session/f2510c46535a82282fd70196afe2e571/elements - {"using":"xpath","value":"//button[@data-kt=\"addButton\"]"}
RESULT: {"using":"xpath","value":"//button[@data-kt=\"addButton\"]"}
COMMAND: POST /session/f2510c46535a82282fd70196afe2e571/elements - {"using":"xpath","value":"//button[@data-kt=\"addButton\"]"}
RESULT: {"using":"xpath","value":"//button[@data-kt=\"addButton\"]"}
COMMAND: POST /session/f2510c46535a82282fd70196afe2e571/elements - {"using":"xpath","value":"//button[@data-kt=\"addButton\"]"}
RESULT: {"using":"xpath","value":"//button[@data-kt=\"addButton\"]"}
COMMAND: POST /session/f2510c46535a82282fd70196afe2e571/elements - {"using":"xpath","value":"//button[@data-kt=\"addButton\"]"}
RESULT: {"using":"xpath","value":"//button[@data-kt=\"addButton\"]"}
COMMAND: POST /session/f2510c46535a82282fd70196afe2e571/elements - {"using":"xpath","value":"//button[@data-kt=\"addButton\"]"}
RESULT: {"using":"xpath","value":"//button[@data-kt=\"addButton\"]"}
COMMAND: POST /session/f2510c46535a82282fd70196afe2e571/elements - {"using":"xpath","value":"//button[@data-kt=\"addButton\"]"}
RESULT: {"using":"xpath","value":"//button[@data-kt=\"addButton\"]"}
COMMAND: POST /session/f2510c46535a82282fd70196afe2e571/elements - {"using":"xpath","value":"//button[@data-kt=\"addButton\"]"}
RESULT: {"using":"xpath","value":"//button[@data-kt=\"addButton\"]"}
COMMAND: POST /session/f2510c46535a82282fd70196afe2e571/elements - {"using":"xpath","value":"//button[@data-kt=\"addButton\"]"}
RESULT: {"using":"xpath","value":"//button[@data-kt=\"addButton\"]"}
COMMAND: POST /session/f2510c46535a82282fd70196afe2e571/elements - {"using":"xpath","value":"//button[@data-kt=\"addButton\"]"}
RESULT: {"using":"xpath","value":"//button[@data-kt=\"addButton\"]"}
COMMAND: POST /session/f2510c46535a82282fd70196afe2e571/elements - {"using":"xpath","value":"//button[@data-kt=\"addButton\"]"}
RESULT: {"using":"xpath","value":"//button[@data-kt=\"addButton\"]"}
COMMAND: POST /session/f2510c46535a82282fd70196afe2e571/elements - {"using":"xpath","value":"//button[@data-kt=\"addButton\"]"}
RESULT: {"using":"xpath","value":"//button[@data-kt=\"addButton\"]"}
COMMAND: POST /session/f2510c46535a82282fd70196afe2e571/elements - {"using":"xpath","value":"//button[@data-kt=\"addButton\"]"}
RESULT: {"using":"xpath","value":"//button[@data-kt=\"addButton\"]"}
COMMAND: POST /session/f2510c46535a82282fd70196afe2e571/elements - {"using":"xpath","value":"//button[@data-kt=\"addButton\"]"}
RESULT: {"using":"xpath","value":"//button[@data-kt=\"addButton\"]"}
COMMAND: POST /session/f2510c46535a82282fd70196afe2e571/elements - {"using":"xpath","value":"//button[@data-kt=\"addButton\"]"}
RESULT: {"using":"xpath","value":"//button[@data-kt=\"addButton\"]"}
COMMAND: POST /session/f2510c46535a82282fd70196afe2e571/elements - {"using":"xpath","value":"//button[@data-kt=\"addButton\"]"}
RESULT: {"using":"xpath","value":"//button[@data-kt=\"addButton\"]"}
COMMAND: POST /session/f2510c46535a82282fd70196afe2e571/elements - {"using":"xpath","value":"//button[@data-kt=\"addButton\"]"}
RESULT: {"using":"xpath","value":"//button[@data-kt=\"addButton\"]"}
COMMAND: POST /session/f2510c46535a82282fd70196afe2e571/elements - {"using":"xpath","value":"//button[@data-kt=\"addButton\"]"}
RESULT: {"using":"xpath","value":"//button[@data-kt=\"addButton\"]"}
COMMAND: POST /session/f2510c46535a82282fd70196afe2e571/elements - {"using":"xpath","value":"//button[@data-kt=\"addButton\"]"}
RESULT: {"using":"xpath","value":"//button[@data-kt=\"addButton\"]"}
COMMAND: POST /session/f2510c46535a82282fd70196afe2e571/elements - {"using":"xpath","value":"//button[@data-kt=\"addButton\"]"}
RESULT: {"using":"xpath","value":"//button[@data-kt=\"addButton\"]"}
COMMAND: POST /session/f2510c46535a82282fd70196afe2e571/elements - {"using":"xpath","value":"//button[@data-kt=\"addButton\"]"}
RESULT: {"using":"xpath","value":"//button[@data-kt=\"addButton\"]"}
COMMAND: POST /session/f2510c46535a82282fd70196afe2e571/elements - {"using":"xpath","value":"//button[@data-kt=\"addButton\"]"}
RESULT: {"using":"xpath","value":"//button[@data-kt=\"addButton\"]"}
COMMAND: POST /session/f2510c46535a82282fd70196afe2e571/elements - {"using":"xpath","value":"//button[@data-kt=\"addButton\"]"}
RESULT: {"using":"xpath","value":"//button[@data-kt=\"addButton\"]"}
COMMAND: POST /session/f2510c46535a82282fd70196afe2e571/elements - {"using":"xpath","value":"//button[@data-kt=\"addButton\"]"}
RESULT: {"using":"xpath","value":"//button[@data-kt=\"addButton\"]"}
COMMAND: POST /session/f2510c46535a82282fd70196afe2e571/elements - {"using":"xpath","value":"//button[@data-kt=\"addButton\"]"}
RESULT: {"using":"xpath","value":"//button[@data-kt=\"addButton\"]"}
COMMAND: POST /session/f2510c46535a82282fd70196afe2e571/elements - {"using":"xpath","value":"//button[@data-kt=\"addButton\"]"}
RESULT: {"using":"xpath","value":"//button[@data-kt=\"addButton\"]"}
COMMAND: POST /session/f2510c46535a82282fd70196afe2e571/elements - {"using":"xpath","value":"//button[@data-kt=\"addButton\"]"}
RESULT: {"using":"xpath","value":"//button[@data-kt=\"addButton\"]"}
COMMAND: POST /session/f2510c46535a82282fd70196afe2e571/elements - {"using":"xpath","value":"//button[@data-kt=\"addButton\"]"}
RESULT: {"using":"xpath","value":"//button[@data-kt=\"addButton\"]"}
COMMAND: POST /session/f2510c46535a82282fd70196afe2e571/elements - {"using":"xpath","value":"//button[@data-kt=\"addButton\"]"}
RESULT: {"using":"xpath","value":"//button[@data-kt=\"addButton\"]"}
COMMAND: POST /session/f2510c46535a82282fd70196afe2e571/elements - {"using":"xpath","value":"//button[@data-kt=\"addButton\"]"}
RESULT: {"using":"xpath","value":"//button[@data-kt=\"addButton\"]"}
COMMAND: POST /session/f2510c46535a82282fd70196afe2e571/elements - {"using":"xpath","value":"//button[@data-kt=\"addButton\"]"}
RESULT: {"using":"xpath","value":"//button[@data-kt=\"addButton\"]"}
COMMAND: POST /session/f2510c46535a82282fd70196afe2e571/elements - {"using":"xpath","value":"//button[@data-kt=\"addButton\"]"}
RESULT: {"using":"xpath","value":"//button[@data-kt=\"addButton\"]"}
COMMAND: POST /session/f2510c46535a82282fd70196afe2e571/elements - {"using":"xpath","value":"//button[@data-kt=\"addButton\"]"}
RESULT: {"using":"xpath","value":"//button[@data-kt=\"addButton\"]"}
COMMAND: POST /session/f2510c46535a82282fd70196afe2e571/elements - {"using":"xpath","value":"//button[@data-kt=\"addButton\"]"}
RESULT: {"using":"xpath","value":"//button[@data-kt=\"addButton\"]"}
COMMAND: POST /session/f2510c46535a82282fd70196afe2e571/elements - {"using":"xpath","value":"//button[@data-kt=\"addButton\"]"}
RESULT: {"using":"xpath","value":"//button[@data-kt=\"addButton\"]"}
COMMAND: POST /session/f2510c46535a82282fd70196afe2e571/elements - {"using":"xpath","value":"//button[@data-kt=\"addButton\"]"}
RESULT: {"using":"xpath","value":"//button[@data-kt=\"addButton\"]"}
COMMAND: POST /session/f2510c46535a82282fd70196afe2e571/elements - {"using":"xpath","value":"//button[@data-kt=\"addButton\"]"}
RESULT: {"using":"xpath","value":"//button[@data-kt=\"addButton\"]"}
COMMAND: POST /session/f2510c46535a82282fd70196afe2e571/elements - {"using":"xpath","value":"//button[@data-kt=\"addButton\"]"}
RESULT: {"using":"xpath","value":"//button[@data-kt=\"addButton\"]"}
COMMAND: POST /session/f2510c46535a82282fd70196afe2e571/elements - {"using":"xpath","value":"//button[@data-kt=\"addButton\"]"}
RESULT: {"using":"xpath","value":"//button[@data-kt=\"addButton\"]"}
COMMAND: POST /session/f2510c46535a82282fd70196afe2e571/elements - {"using":"xpath","value":"//button[@data-kt=\"addButton\"]"}
RESULT: {"using":"xpath","value":"//button[@data-kt=\"addButton\"]"}
COMMAND: POST /session/f2510c46535a82282fd70196afe2e571/elements - {"using":"xpath","value":"//button[@data-kt=\"addButton\"]"}
RESULT: {"using":"xpath","value":"//button[@data-kt=\"addButton\"]"}
COMMAND: POST /session/f2510c46535a82282fd70196afe2e571/elements - {"using":"xpath","value":"//button[@data-kt=\"addButton\"]"}
RESULT: {"using":"xpath","value":"//button[@data-kt=\"addButton\"]"}
COMMAND: POST /session/f2510c46535a82282fd70196afe2e571/elements - {"using":"xpath","value":"//button[@data-kt=\"addButton\"]"}
RESULT: {"using":"xpath","value":"//button[@data-kt=\"addButton\"]"}
COMMAND: POST /session/f2510c46535a82282fd70196afe2e571/elements - {"using":"xpath","value":"//button[@data-kt=\"addButton\"]"}
RESULT: {"using":"xpath","value":"//button[@data-kt=\"addButton\"]"}
COMMAND: POST /session/f2510c46535a82282fd70196afe2e571/elements - {"using":"xpath","value":"//button[@data-kt=\"addButton\"]"}
RESULT: {"using":"xpath","value":"//button[@data-kt=\"addButton\"]"}
COMMAND: POST /session/f2510c46535a82282fd70196afe2e571/elements - {"using":"xpath","value":"//button[@data-kt=\"addButton\"]"}
RESULT: {"using":"xpath","value":"//button[@data-kt=\"addButton\"]"}
COMMAND: POST /session/f2510c46535a82282fd70196afe2e571/elements - {"using":"xpath","value":"//button[@data-kt=\"addButton\"]"}
RESULT: {"using":"xpath","value":"//button[@data-kt=\"addButton\"]"}
COMMAND: POST /session/f2510c46535a82282fd70196afe2e571/elements - {"using":"xpath","value":"//button[@data-kt=\"addButton\"]"}
RESULT: {"using":"xpath","value":"//button[@data-kt=\"addButton\"]"}
COMMAND: POST /session/f2510c46535a82282fd70196afe2e571/elements - {"using":"xpath","value":"//button[@data-kt=\"addButton\"]"}
RESULT: {"using":"xpath","value":"//button[@data-kt=\"addButton\"]"}
COMMAND: POST /session/f2510c46535a82282fd70196afe2e571/elements - {"using":"xpath","value":"//button[@data-kt=\"addButton\"]"}
COMMAND: GET /session/f2510c46535a82282fd70196afe2e571/screenshot - {}
RESULT: {"using":"xpath","value":"//button[@data-kt=\"addButton\"]"}
RESULT: {}
]]></system-out>
      <system-err><![CDATA[
Error: element ("//button[@data-kt="addButton"]") still not existing after 45000ms
    at async UtilsPrerequisites.contractCreation (D:\a\1\s\test\specs\BTS\prerequisites-and-utils-functions.js:1741:9)
    at async Context.<anonymous> (D:\a\1\s\test\specs\BTS\billing-calculation-transp-times.spec.js:61:45)
]]></system-err>
    </testcase>
    <testcase classname="chrome.136_0_7103_93.windows.Billing_Calculation_-_Time_based_(considering_transport_times)_US139738" name="Should add transport time checkbox on contract details" time="60.375">
      <failure/>
      <error message="Can't call click on element with selector &quot;//button[@data-kt=&quot;contractDetailEditBtnButton&quot;]&quot; because element wasn't found"/>
      <system-out><![CDATA[
COMMAND: POST /session/f2510c46535a82282fd70196afe2e571/element - {"using":"xpath","value":"//button[@data-kt=\"contractDetailEditBtnButton\"]"}
COMMAND: GET /session/f2510c46535a82282fd70196afe2e571/screenshot - {}
RESULT: {"using":"xpath","value":"//button[@data-kt=\"contractDetailEditBtnButton\"]"}
COMMAND: POST /session/f2510c46535a82282fd70196afe2e571/elements - {"using":"xpath","value":"//button[@data-kt=\"contractDetailEditBtnButton\"]"}
RESULT: {}
RESULT: {"using":"xpath","value":"//button[@data-kt=\"contractDetailEditBtnButton\"]"}
COMMAND: POST /session/f2510c46535a82282fd70196afe2e571/elements - {"using":"xpath","value":"//button[@data-kt=\"contractDetailEditBtnButton\"]"}
RESULT: {"using":"xpath","value":"//button[@data-kt=\"contractDetailEditBtnButton\"]"}
COMMAND: POST /session/f2510c46535a82282fd70196afe2e571/elements - {"using":"xpath","value":"//button[@data-kt=\"contractDetailEditBtnButton\"]"}
RESULT: {"using":"xpath","value":"//button[@data-kt=\"contractDetailEditBtnButton\"]"}
COMMAND: POST /session/f2510c46535a82282fd70196afe2e571/elements - {"using":"xpath","value":"//button[@data-kt=\"contractDetailEditBtnButton\"]"}
RESULT: {"using":"xpath","value":"//button[@data-kt=\"contractDetailEditBtnButton\"]"}
COMMAND: POST /session/f2510c46535a82282fd70196afe2e571/elements - {"using":"xpath","value":"//button[@data-kt=\"contractDetailEditBtnButton\"]"}
RESULT: {"using":"xpath","value":"//button[@data-kt=\"contractDetailEditBtnButton\"]"}
COMMAND: POST /session/f2510c46535a82282fd70196afe2e571/elements - {"using":"xpath","value":"//button[@data-kt=\"contractDetailEditBtnButton\"]"}
RESULT: {"using":"xpath","value":"//button[@data-kt=\"contractDetailEditBtnButton\"]"}
COMMAND: POST /session/f2510c46535a82282fd70196afe2e571/elements - {"using":"xpath","value":"//button[@data-kt=\"contractDetailEditBtnButton\"]"}
RESULT: {"using":"xpath","value":"//button[@data-kt=\"contractDetailEditBtnButton\"]"}
COMMAND: POST /session/f2510c46535a82282fd70196afe2e571/elements - {"using":"xpath","value":"//button[@data-kt=\"contractDetailEditBtnButton\"]"}
RESULT: {"using":"xpath","value":"//button[@data-kt=\"contractDetailEditBtnButton\"]"}
COMMAND: POST /session/f2510c46535a82282fd70196afe2e571/elements - {"using":"xpath","value":"//button[@data-kt=\"contractDetailEditBtnButton\"]"}
RESULT: {"using":"xpath","value":"//button[@data-kt=\"contractDetailEditBtnButton\"]"}
COMMAND: POST /session/f2510c46535a82282fd70196afe2e571/elements - {"using":"xpath","value":"//button[@data-kt=\"contractDetailEditBtnButton\"]"}
RESULT: {"using":"xpath","value":"//button[@data-kt=\"contractDetailEditBtnButton\"]"}
COMMAND: POST /session/f2510c46535a82282fd70196afe2e571/elements - {"using":"xpath","value":"//button[@data-kt=\"contractDetailEditBtnButton\"]"}
RESULT: {"using":"xpath","value":"//button[@data-kt=\"contractDetailEditBtnButton\"]"}
COMMAND: POST /session/f2510c46535a82282fd70196afe2e571/elements - {"using":"xpath","value":"//button[@data-kt=\"contractDetailEditBtnButton\"]"}
RESULT: {"using":"xpath","value":"//button[@data-kt=\"contractDetailEditBtnButton\"]"}
COMMAND: POST /session/f2510c46535a82282fd70196afe2e571/elements - {"using":"xpath","value":"//button[@data-kt=\"contractDetailEditBtnButton\"]"}
RESULT: {"using":"xpath","value":"//button[@data-kt=\"contractDetailEditBtnButton\"]"}
COMMAND: POST /session/f2510c46535a82282fd70196afe2e571/elements - {"using":"xpath","value":"//button[@data-kt=\"contractDetailEditBtnButton\"]"}
RESULT: {"using":"xpath","value":"//button[@data-kt=\"contractDetailEditBtnButton\"]"}
COMMAND: POST /session/f2510c46535a82282fd70196afe2e571/elements - {"using":"xpath","value":"//button[@data-kt=\"contractDetailEditBtnButton\"]"}
RESULT: {"using":"xpath","value":"//button[@data-kt=\"contractDetailEditBtnButton\"]"}
COMMAND: POST /session/f2510c46535a82282fd70196afe2e571/elements - {"using":"xpath","value":"//button[@data-kt=\"contractDetailEditBtnButton\"]"}
RESULT: {"using":"xpath","value":"//button[@data-kt=\"contractDetailEditBtnButton\"]"}
COMMAND: POST /session/f2510c46535a82282fd70196afe2e571/elements - {"using":"xpath","value":"//button[@data-kt=\"contractDetailEditBtnButton\"]"}
RESULT: {"using":"xpath","value":"//button[@data-kt=\"contractDetailEditBtnButton\"]"}
COMMAND: POST /session/f2510c46535a82282fd70196afe2e571/elements - {"using":"xpath","value":"//button[@data-kt=\"contractDetailEditBtnButton\"]"}
RESULT: {"using":"xpath","value":"//button[@data-kt=\"contractDetailEditBtnButton\"]"}
COMMAND: POST /session/f2510c46535a82282fd70196afe2e571/elements - {"using":"xpath","value":"//button[@data-kt=\"contractDetailEditBtnButton\"]"}
RESULT: {"using":"xpath","value":"//button[@data-kt=\"contractDetailEditBtnButton\"]"}
COMMAND: POST /session/f2510c46535a82282fd70196afe2e571/elements - {"using":"xpath","value":"//button[@data-kt=\"contractDetailEditBtnButton\"]"}
RESULT: {"using":"xpath","value":"//button[@data-kt=\"contractDetailEditBtnButton\"]"}
COMMAND: POST /session/f2510c46535a82282fd70196afe2e571/elements - {"using":"xpath","value":"//button[@data-kt=\"contractDetailEditBtnButton\"]"}
RESULT: {"using":"xpath","value":"//button[@data-kt=\"contractDetailEditBtnButton\"]"}
COMMAND: POST /session/f2510c46535a82282fd70196afe2e571/elements - {"using":"xpath","value":"//button[@data-kt=\"contractDetailEditBtnButton\"]"}
RESULT: {"using":"xpath","value":"//button[@data-kt=\"contractDetailEditBtnButton\"]"}
COMMAND: POST /session/f2510c46535a82282fd70196afe2e571/elements - {"using":"xpath","value":"//button[@data-kt=\"contractDetailEditBtnButton\"]"}
RESULT: {"using":"xpath","value":"//button[@data-kt=\"contractDetailEditBtnButton\"]"}
COMMAND: POST /session/f2510c46535a82282fd70196afe2e571/elements - {"using":"xpath","value":"//button[@data-kt=\"contractDetailEditBtnButton\"]"}
RESULT: {"using":"xpath","value":"//button[@data-kt=\"contractDetailEditBtnButton\"]"}
COMMAND: POST /session/f2510c46535a82282fd70196afe2e571/elements - {"using":"xpath","value":"//button[@data-kt=\"contractDetailEditBtnButton\"]"}
RESULT: {"using":"xpath","value":"//button[@data-kt=\"contractDetailEditBtnButton\"]"}
COMMAND: POST /session/f2510c46535a82282fd70196afe2e571/elements - {"using":"xpath","value":"//button[@data-kt=\"contractDetailEditBtnButton\"]"}
RESULT: {"using":"xpath","value":"//button[@data-kt=\"contractDetailEditBtnButton\"]"}
COMMAND: POST /session/f2510c46535a82282fd70196afe2e571/elements - {"using":"xpath","value":"//button[@data-kt=\"contractDetailEditBtnButton\"]"}
RESULT: {"using":"xpath","value":"//button[@data-kt=\"contractDetailEditBtnButton\"]"}
COMMAND: POST /session/f2510c46535a82282fd70196afe2e571/elements - {"using":"xpath","value":"//button[@data-kt=\"contractDetailEditBtnButton\"]"}
RESULT: {"using":"xpath","value":"//button[@data-kt=\"contractDetailEditBtnButton\"]"}
COMMAND: POST /session/f2510c46535a82282fd70196afe2e571/elements - {"using":"xpath","value":"//button[@data-kt=\"contractDetailEditBtnButton\"]"}
RESULT: {"using":"xpath","value":"//button[@data-kt=\"contractDetailEditBtnButton\"]"}
COMMAND: POST /session/f2510c46535a82282fd70196afe2e571/elements - {"using":"xpath","value":"//button[@data-kt=\"contractDetailEditBtnButton\"]"}
RESULT: {"using":"xpath","value":"//button[@data-kt=\"contractDetailEditBtnButton\"]"}
COMMAND: POST /session/f2510c46535a82282fd70196afe2e571/elements - {"using":"xpath","value":"//button[@data-kt=\"contractDetailEditBtnButton\"]"}
RESULT: {"using":"xpath","value":"//button[@data-kt=\"contractDetailEditBtnButton\"]"}
COMMAND: POST /session/f2510c46535a82282fd70196afe2e571/elements - {"using":"xpath","value":"//button[@data-kt=\"contractDetailEditBtnButton\"]"}
RESULT: {"using":"xpath","value":"//button[@data-kt=\"contractDetailEditBtnButton\"]"}
COMMAND: POST /session/f2510c46535a82282fd70196afe2e571/elements - {"using":"xpath","value":"//button[@data-kt=\"contractDetailEditBtnButton\"]"}
RESULT: {"using":"xpath","value":"//button[@data-kt=\"contractDetailEditBtnButton\"]"}
COMMAND: POST /session/f2510c46535a82282fd70196afe2e571/elements - {"using":"xpath","value":"//button[@data-kt=\"contractDetailEditBtnButton\"]"}
RESULT: {"using":"xpath","value":"//button[@data-kt=\"contractDetailEditBtnButton\"]"}
COMMAND: POST /session/f2510c46535a82282fd70196afe2e571/elements - {"using":"xpath","value":"//button[@data-kt=\"contractDetailEditBtnButton\"]"}
RESULT: {"using":"xpath","value":"//button[@data-kt=\"contractDetailEditBtnButton\"]"}
COMMAND: POST /session/f2510c46535a82282fd70196afe2e571/elements - {"using":"xpath","value":"//button[@data-kt=\"contractDetailEditBtnButton\"]"}
RESULT: {"using":"xpath","value":"//button[@data-kt=\"contractDetailEditBtnButton\"]"}
COMMAND: POST /session/f2510c46535a82282fd70196afe2e571/elements - {"using":"xpath","value":"//button[@data-kt=\"contractDetailEditBtnButton\"]"}
RESULT: {"using":"xpath","value":"//button[@data-kt=\"contractDetailEditBtnButton\"]"}
COMMAND: POST /session/f2510c46535a82282fd70196afe2e571/elements - {"using":"xpath","value":"//button[@data-kt=\"contractDetailEditBtnButton\"]"}
RESULT: {"using":"xpath","value":"//button[@data-kt=\"contractDetailEditBtnButton\"]"}
COMMAND: POST /session/f2510c46535a82282fd70196afe2e571/elements - {"using":"xpath","value":"//button[@data-kt=\"contractDetailEditBtnButton\"]"}
RESULT: {"using":"xpath","value":"//button[@data-kt=\"contractDetailEditBtnButton\"]"}
COMMAND: POST /session/f2510c46535a82282fd70196afe2e571/elements - {"using":"xpath","value":"//button[@data-kt=\"contractDetailEditBtnButton\"]"}
RESULT: {"using":"xpath","value":"//button[@data-kt=\"contractDetailEditBtnButton\"]"}
COMMAND: POST /session/f2510c46535a82282fd70196afe2e571/elements - {"using":"xpath","value":"//button[@data-kt=\"contractDetailEditBtnButton\"]"}
RESULT: {"using":"xpath","value":"//button[@data-kt=\"contractDetailEditBtnButton\"]"}
COMMAND: POST /session/f2510c46535a82282fd70196afe2e571/elements - {"using":"xpath","value":"//button[@data-kt=\"contractDetailEditBtnButton\"]"}
RESULT: {"using":"xpath","value":"//button[@data-kt=\"contractDetailEditBtnButton\"]"}
COMMAND: POST /session/f2510c46535a82282fd70196afe2e571/elements - {"using":"xpath","value":"//button[@data-kt=\"contractDetailEditBtnButton\"]"}
RESULT: {"using":"xpath","value":"//button[@data-kt=\"contractDetailEditBtnButton\"]"}
COMMAND: POST /session/f2510c46535a82282fd70196afe2e571/elements - {"using":"xpath","value":"//button[@data-kt=\"contractDetailEditBtnButton\"]"}
RESULT: {"using":"xpath","value":"//button[@data-kt=\"contractDetailEditBtnButton\"]"}
COMMAND: POST /session/f2510c46535a82282fd70196afe2e571/elements - {"using":"xpath","value":"//button[@data-kt=\"contractDetailEditBtnButton\"]"}
RESULT: {"using":"xpath","value":"//button[@data-kt=\"contractDetailEditBtnButton\"]"}
COMMAND: POST /session/f2510c46535a82282fd70196afe2e571/elements - {"using":"xpath","value":"//button[@data-kt=\"contractDetailEditBtnButton\"]"}
RESULT: {"using":"xpath","value":"//button[@data-kt=\"contractDetailEditBtnButton\"]"}
COMMAND: POST /session/f2510c46535a82282fd70196afe2e571/elements - {"using":"xpath","value":"//button[@data-kt=\"contractDetailEditBtnButton\"]"}
RESULT: {"using":"xpath","value":"//button[@data-kt=\"contractDetailEditBtnButton\"]"}
COMMAND: POST /session/f2510c46535a82282fd70196afe2e571/elements - {"using":"xpath","value":"//button[@data-kt=\"contractDetailEditBtnButton\"]"}
RESULT: {"using":"xpath","value":"//button[@data-kt=\"contractDetailEditBtnButton\"]"}
COMMAND: POST /session/f2510c46535a82282fd70196afe2e571/elements - {"using":"xpath","value":"//button[@data-kt=\"contractDetailEditBtnButton\"]"}
RESULT: {"using":"xpath","value":"//button[@data-kt=\"contractDetailEditBtnButton\"]"}
COMMAND: POST /session/f2510c46535a82282fd70196afe2e571/elements - {"using":"xpath","value":"//button[@data-kt=\"contractDetailEditBtnButton\"]"}
RESULT: {"using":"xpath","value":"//button[@data-kt=\"contractDetailEditBtnButton\"]"}
COMMAND: POST /session/f2510c46535a82282fd70196afe2e571/elements - {"using":"xpath","value":"//button[@data-kt=\"contractDetailEditBtnButton\"]"}
RESULT: {"using":"xpath","value":"//button[@data-kt=\"contractDetailEditBtnButton\"]"}
COMMAND: POST /session/f2510c46535a82282fd70196afe2e571/elements - {"using":"xpath","value":"//button[@data-kt=\"contractDetailEditBtnButton\"]"}
RESULT: {"using":"xpath","value":"//button[@data-kt=\"contractDetailEditBtnButton\"]"}
COMMAND: POST /session/f2510c46535a82282fd70196afe2e571/elements - {"using":"xpath","value":"//button[@data-kt=\"contractDetailEditBtnButton\"]"}
RESULT: {"using":"xpath","value":"//button[@data-kt=\"contractDetailEditBtnButton\"]"}
COMMAND: POST /session/f2510c46535a82282fd70196afe2e571/elements - {"using":"xpath","value":"//button[@data-kt=\"contractDetailEditBtnButton\"]"}
RESULT: {"using":"xpath","value":"//button[@data-kt=\"contractDetailEditBtnButton\"]"}
COMMAND: POST /session/f2510c46535a82282fd70196afe2e571/elements - {"using":"xpath","value":"//button[@data-kt=\"contractDetailEditBtnButton\"]"}
RESULT: {"using":"xpath","value":"//button[@data-kt=\"contractDetailEditBtnButton\"]"}
COMMAND: POST /session/f2510c46535a82282fd70196afe2e571/elements - {"using":"xpath","value":"//button[@data-kt=\"contractDetailEditBtnButton\"]"}
RESULT: {"using":"xpath","value":"//button[@data-kt=\"contractDetailEditBtnButton\"]"}
COMMAND: POST /session/f2510c46535a82282fd70196afe2e571/elements - {"using":"xpath","value":"//button[@data-kt=\"contractDetailEditBtnButton\"]"}
RESULT: {"using":"xpath","value":"//button[@data-kt=\"contractDetailEditBtnButton\"]"}
COMMAND: POST /session/f2510c46535a82282fd70196afe2e571/elements - {"using":"xpath","value":"//button[@data-kt=\"contractDetailEditBtnButton\"]"}
RESULT: {"using":"xpath","value":"//button[@data-kt=\"contractDetailEditBtnButton\"]"}
COMMAND: POST /session/f2510c46535a82282fd70196afe2e571/elements - {"using":"xpath","value":"//button[@data-kt=\"contractDetailEditBtnButton\"]"}
RESULT: {"using":"xpath","value":"//button[@data-kt=\"contractDetailEditBtnButton\"]"}
COMMAND: POST /session/f2510c46535a82282fd70196afe2e571/elements - {"using":"xpath","value":"//button[@data-kt=\"contractDetailEditBtnButton\"]"}
RESULT: {"using":"xpath","value":"//button[@data-kt=\"contractDetailEditBtnButton\"]"}
COMMAND: POST /session/f2510c46535a82282fd70196afe2e571/elements - {"using":"xpath","value":"//button[@data-kt=\"contractDetailEditBtnButton\"]"}
RESULT: {"using":"xpath","value":"//button[@data-kt=\"contractDetailEditBtnButton\"]"}
COMMAND: POST /session/f2510c46535a82282fd70196afe2e571/elements - {"using":"xpath","value":"//button[@data-kt=\"contractDetailEditBtnButton\"]"}
RESULT: {"using":"xpath","value":"//button[@data-kt=\"contractDetailEditBtnButton\"]"}
COMMAND: POST /session/f2510c46535a82282fd70196afe2e571/elements - {"using":"xpath","value":"//button[@data-kt=\"contractDetailEditBtnButton\"]"}
RESULT: {"using":"xpath","value":"//button[@data-kt=\"contractDetailEditBtnButton\"]"}
COMMAND: POST /session/f2510c46535a82282fd70196afe2e571/elements - {"using":"xpath","value":"//button[@data-kt=\"contractDetailEditBtnButton\"]"}
RESULT: {"using":"xpath","value":"//button[@data-kt=\"contractDetailEditBtnButton\"]"}
COMMAND: POST /session/f2510c46535a82282fd70196afe2e571/elements - {"using":"xpath","value":"//button[@data-kt=\"contractDetailEditBtnButton\"]"}
RESULT: {"using":"xpath","value":"//button[@data-kt=\"contractDetailEditBtnButton\"]"}
COMMAND: POST /session/f2510c46535a82282fd70196afe2e571/elements - {"using":"xpath","value":"//button[@data-kt=\"contractDetailEditBtnButton\"]"}
RESULT: {"using":"xpath","value":"//button[@data-kt=\"contractDetailEditBtnButton\"]"}
COMMAND: POST /session/f2510c46535a82282fd70196afe2e571/elements - {"using":"xpath","value":"//button[@data-kt=\"contractDetailEditBtnButton\"]"}
RESULT: {"using":"xpath","value":"//button[@data-kt=\"contractDetailEditBtnButton\"]"}
COMMAND: POST /session/f2510c46535a82282fd70196afe2e571/elements - {"using":"xpath","value":"//button[@data-kt=\"contractDetailEditBtnButton\"]"}
RESULT: {"using":"xpath","value":"//button[@data-kt=\"contractDetailEditBtnButton\"]"}
COMMAND: POST /session/f2510c46535a82282fd70196afe2e571/elements - {"using":"xpath","value":"//button[@data-kt=\"contractDetailEditBtnButton\"]"}
RESULT: {"using":"xpath","value":"//button[@data-kt=\"contractDetailEditBtnButton\"]"}
COMMAND: POST /session/f2510c46535a82282fd70196afe2e571/elements - {"using":"xpath","value":"//button[@data-kt=\"contractDetailEditBtnButton\"]"}
RESULT: {"using":"xpath","value":"//button[@data-kt=\"contractDetailEditBtnButton\"]"}
COMMAND: POST /session/f2510c46535a82282fd70196afe2e571/elements - {"using":"xpath","value":"//button[@data-kt=\"contractDetailEditBtnButton\"]"}
RESULT: {"using":"xpath","value":"//button[@data-kt=\"contractDetailEditBtnButton\"]"}
COMMAND: POST /session/f2510c46535a82282fd70196afe2e571/elements - {"using":"xpath","value":"//button[@data-kt=\"contractDetailEditBtnButton\"]"}
RESULT: {"using":"xpath","value":"//button[@data-kt=\"contractDetailEditBtnButton\"]"}
COMMAND: POST /session/f2510c46535a82282fd70196afe2e571/elements - {"using":"xpath","value":"//button[@data-kt=\"contractDetailEditBtnButton\"]"}
RESULT: {"using":"xpath","value":"//button[@data-kt=\"contractDetailEditBtnButton\"]"}
COMMAND: POST /session/f2510c46535a82282fd70196afe2e571/elements - {"using":"xpath","value":"//button[@data-kt=\"contractDetailEditBtnButton\"]"}
RESULT: {"using":"xpath","value":"//button[@data-kt=\"contractDetailEditBtnButton\"]"}
COMMAND: POST /session/f2510c46535a82282fd70196afe2e571/elements - {"using":"xpath","value":"//button[@data-kt=\"contractDetailEditBtnButton\"]"}
RESULT: {"using":"xpath","value":"//button[@data-kt=\"contractDetailEditBtnButton\"]"}
COMMAND: POST /session/f2510c46535a82282fd70196afe2e571/elements - {"using":"xpath","value":"//button[@data-kt=\"contractDetailEditBtnButton\"]"}
RESULT: {"using":"xpath","value":"//button[@data-kt=\"contractDetailEditBtnButton\"]"}
COMMAND: POST /session/f2510c46535a82282fd70196afe2e571/elements - {"using":"xpath","value":"//button[@data-kt=\"contractDetailEditBtnButton\"]"}
RESULT: {"using":"xpath","value":"//button[@data-kt=\"contractDetailEditBtnButton\"]"}
COMMAND: POST /session/f2510c46535a82282fd70196afe2e571/elements - {"using":"xpath","value":"//button[@data-kt=\"contractDetailEditBtnButton\"]"}
RESULT: {"using":"xpath","value":"//button[@data-kt=\"contractDetailEditBtnButton\"]"}
COMMAND: POST /session/f2510c46535a82282fd70196afe2e571/elements - {"using":"xpath","value":"//button[@data-kt=\"contractDetailEditBtnButton\"]"}
RESULT: {"using":"xpath","value":"//button[@data-kt=\"contractDetailEditBtnButton\"]"}
COMMAND: POST /session/f2510c46535a82282fd70196afe2e571/elements - {"using":"xpath","value":"//button[@data-kt=\"contractDetailEditBtnButton\"]"}
RESULT: {"using":"xpath","value":"//button[@data-kt=\"contractDetailEditBtnButton\"]"}
COMMAND: POST /session/f2510c46535a82282fd70196afe2e571/elements - {"using":"xpath","value":"//button[@data-kt=\"contractDetailEditBtnButton\"]"}
RESULT: {"using":"xpath","value":"//button[@data-kt=\"contractDetailEditBtnButton\"]"}
COMMAND: POST /session/f2510c46535a82282fd70196afe2e571/elements - {"using":"xpath","value":"//button[@data-kt=\"contractDetailEditBtnButton\"]"}
RESULT: {"using":"xpath","value":"//button[@data-kt=\"contractDetailEditBtnButton\"]"}
COMMAND: POST /session/f2510c46535a82282fd70196afe2e571/elements - {"using":"xpath","value":"//button[@data-kt=\"contractDetailEditBtnButton\"]"}
RESULT: {"using":"xpath","value":"//button[@data-kt=\"contractDetailEditBtnButton\"]"}
COMMAND: POST /session/f2510c46535a82282fd70196afe2e571/elements - {"using":"xpath","value":"//button[@data-kt=\"contractDetailEditBtnButton\"]"}
RESULT: {"using":"xpath","value":"//button[@data-kt=\"contractDetailEditBtnButton\"]"}
COMMAND: POST /session/f2510c46535a82282fd70196afe2e571/elements - {"using":"xpath","value":"//button[@data-kt=\"contractDetailEditBtnButton\"]"}
RESULT: {"using":"xpath","value":"//button[@data-kt=\"contractDetailEditBtnButton\"]"}
COMMAND: POST /session/f2510c46535a82282fd70196afe2e571/elements - {"using":"xpath","value":"//button[@data-kt=\"contractDetailEditBtnButton\"]"}
RESULT: {"using":"xpath","value":"//button[@data-kt=\"contractDetailEditBtnButton\"]"}
COMMAND: POST /session/f2510c46535a82282fd70196afe2e571/elements - {"using":"xpath","value":"//button[@data-kt=\"contractDetailEditBtnButton\"]"}
RESULT: {"using":"xpath","value":"//button[@data-kt=\"contractDetailEditBtnButton\"]"}
COMMAND: POST /session/f2510c46535a82282fd70196afe2e571/elements - {"using":"xpath","value":"//button[@data-kt=\"contractDetailEditBtnButton\"]"}
RESULT: {"using":"xpath","value":"//button[@data-kt=\"contractDetailEditBtnButton\"]"}
COMMAND: POST /session/f2510c46535a82282fd70196afe2e571/elements - {"using":"xpath","value":"//button[@data-kt=\"contractDetailEditBtnButton\"]"}
RESULT: {"using":"xpath","value":"//button[@data-kt=\"contractDetailEditBtnButton\"]"}
COMMAND: POST /session/f2510c46535a82282fd70196afe2e571/elements - {"using":"xpath","value":"//button[@data-kt=\"contractDetailEditBtnButton\"]"}
RESULT: {"using":"xpath","value":"//button[@data-kt=\"contractDetailEditBtnButton\"]"}
COMMAND: POST /session/f2510c46535a82282fd70196afe2e571/elements - {"using":"xpath","value":"//button[@data-kt=\"contractDetailEditBtnButton\"]"}
RESULT: {"using":"xpath","value":"//button[@data-kt=\"contractDetailEditBtnButton\"]"}
COMMAND: POST /session/f2510c46535a82282fd70196afe2e571/elements - {"using":"xpath","value":"//button[@data-kt=\"contractDetailEditBtnButton\"]"}
RESULT: {"using":"xpath","value":"//button[@data-kt=\"contractDetailEditBtnButton\"]"}
COMMAND: POST /session/f2510c46535a82282fd70196afe2e571/elements - {"using":"xpath","value":"//button[@data-kt=\"contractDetailEditBtnButton\"]"}
RESULT: {"using":"xpath","value":"//button[@data-kt=\"contractDetailEditBtnButton\"]"}
COMMAND: POST /session/f2510c46535a82282fd70196afe2e571/elements - {"using":"xpath","value":"//button[@data-kt=\"contractDetailEditBtnButton\"]"}
RESULT: {"using":"xpath","value":"//button[@data-kt=\"contractDetailEditBtnButton\"]"}
COMMAND: POST /session/f2510c46535a82282fd70196afe2e571/elements - {"using":"xpath","value":"//button[@data-kt=\"contractDetailEditBtnButton\"]"}
RESULT: {"using":"xpath","value":"//button[@data-kt=\"contractDetailEditBtnButton\"]"}
COMMAND: POST /session/f2510c46535a82282fd70196afe2e571/elements - {"using":"xpath","value":"//button[@data-kt=\"contractDetailEditBtnButton\"]"}
RESULT: {"using":"xpath","value":"//button[@data-kt=\"contractDetailEditBtnButton\"]"}
COMMAND: POST /session/f2510c46535a82282fd70196afe2e571/elements - {"using":"xpath","value":"//button[@data-kt=\"contractDetailEditBtnButton\"]"}
RESULT: {"using":"xpath","value":"//button[@data-kt=\"contractDetailEditBtnButton\"]"}
COMMAND: POST /session/f2510c46535a82282fd70196afe2e571/elements - {"using":"xpath","value":"//button[@data-kt=\"contractDetailEditBtnButton\"]"}
RESULT: {"using":"xpath","value":"//button[@data-kt=\"contractDetailEditBtnButton\"]"}
COMMAND: POST /session/f2510c46535a82282fd70196afe2e571/elements - {"using":"xpath","value":"//button[@data-kt=\"contractDetailEditBtnButton\"]"}
RESULT: {"using":"xpath","value":"//button[@data-kt=\"contractDetailEditBtnButton\"]"}
COMMAND: POST /session/f2510c46535a82282fd70196afe2e571/elements - {"using":"xpath","value":"//button[@data-kt=\"contractDetailEditBtnButton\"]"}
RESULT: {"using":"xpath","value":"//button[@data-kt=\"contractDetailEditBtnButton\"]"}
COMMAND: POST /session/f2510c46535a82282fd70196afe2e571/elements - {"using":"xpath","value":"//button[@data-kt=\"contractDetailEditBtnButton\"]"}
RESULT: {"using":"xpath","value":"//button[@data-kt=\"contractDetailEditBtnButton\"]"}
COMMAND: POST /session/f2510c46535a82282fd70196afe2e571/elements - {"using":"xpath","value":"//button[@data-kt=\"contractDetailEditBtnButton\"]"}
RESULT: {"using":"xpath","value":"//button[@data-kt=\"contractDetailEditBtnButton\"]"}
COMMAND: POST /session/f2510c46535a82282fd70196afe2e571/elements - {"using":"xpath","value":"//button[@data-kt=\"contractDetailEditBtnButton\"]"}
RESULT: {"using":"xpath","value":"//button[@data-kt=\"contractDetailEditBtnButton\"]"}
COMMAND: POST /session/f2510c46535a82282fd70196afe2e571/elements - {"using":"xpath","value":"//button[@data-kt=\"contractDetailEditBtnButton\"]"}
RESULT: {"using":"xpath","value":"//button[@data-kt=\"contractDetailEditBtnButton\"]"}
COMMAND: POST /session/f2510c46535a82282fd70196afe2e571/elements - {"using":"xpath","value":"//button[@data-kt=\"contractDetailEditBtnButton\"]"}
RESULT: {"using":"xpath","value":"//button[@data-kt=\"contractDetailEditBtnButton\"]"}
COMMAND: POST /session/f2510c46535a82282fd70196afe2e571/elements - {"using":"xpath","value":"//button[@data-kt=\"contractDetailEditBtnButton\"]"}
RESULT: {"using":"xpath","value":"//button[@data-kt=\"contractDetailEditBtnButton\"]"}
COMMAND: POST /session/f2510c46535a82282fd70196afe2e571/elements - {"using":"xpath","value":"//button[@data-kt=\"contractDetailEditBtnButton\"]"}
RESULT: {"using":"xpath","value":"//button[@data-kt=\"contractDetailEditBtnButton\"]"}
COMMAND: POST /session/f2510c46535a82282fd70196afe2e571/elements - {"using":"xpath","value":"//button[@data-kt=\"contractDetailEditBtnButton\"]"}
RESULT: {"using":"xpath","value":"//button[@data-kt=\"contractDetailEditBtnButton\"]"}
COMMAND: POST /session/f2510c46535a82282fd70196afe2e571/elements - {"using":"xpath","value":"//button[@data-kt=\"contractDetailEditBtnButton\"]"}
RESULT: {"using":"xpath","value":"//button[@data-kt=\"contractDetailEditBtnButton\"]"}
COMMAND: POST /session/f2510c46535a82282fd70196afe2e571/elements - {"using":"xpath","value":"//button[@data-kt=\"contractDetailEditBtnButton\"]"}
RESULT: {"using":"xpath","value":"//button[@data-kt=\"contractDetailEditBtnButton\"]"}
COMMAND: POST /session/f2510c46535a82282fd70196afe2e571/elements - {"using":"xpath","value":"//button[@data-kt=\"contractDetailEditBtnButton\"]"}
RESULT: {"using":"xpath","value":"//button[@data-kt=\"contractDetailEditBtnButton\"]"}
COMMAND: POST /session/f2510c46535a82282fd70196afe2e571/elements - {"using":"xpath","value":"//button[@data-kt=\"contractDetailEditBtnButton\"]"}
RESULT: {"using":"xpath","value":"//button[@data-kt=\"contractDetailEditBtnButton\"]"}
COMMAND: POST /session/f2510c46535a82282fd70196afe2e571/elements - {"using":"xpath","value":"//button[@data-kt=\"contractDetailEditBtnButton\"]"}
RESULT: {"using":"xpath","value":"//button[@data-kt=\"contractDetailEditBtnButton\"]"}
COMMAND: POST /session/f2510c46535a82282fd70196afe2e571/elements - {"using":"xpath","value":"//button[@data-kt=\"contractDetailEditBtnButton\"]"}
RESULT: {"using":"xpath","value":"//button[@data-kt=\"contractDetailEditBtnButton\"]"}
COMMAND: POST /session/f2510c46535a82282fd70196afe2e571/elements - {"using":"xpath","value":"//button[@data-kt=\"contractDetailEditBtnButton\"]"}
RESULT: {"using":"xpath","value":"//button[@data-kt=\"contractDetailEditBtnButton\"]"}
COMMAND: POST /session/f2510c46535a82282fd70196afe2e571/elements - {"using":"xpath","value":"//button[@data-kt=\"contractDetailEditBtnButton\"]"}
RESULT: {"using":"xpath","value":"//button[@data-kt=\"contractDetailEditBtnButton\"]"}
COMMAND: POST /session/f2510c46535a82282fd70196afe2e571/elements - {"using":"xpath","value":"//button[@data-kt=\"contractDetailEditBtnButton\"]"}
RESULT: {"using":"xpath","value":"//button[@data-kt=\"contractDetailEditBtnButton\"]"}
COMMAND: POST /session/f2510c46535a82282fd70196afe2e571/elements - {"using":"xpath","value":"//button[@data-kt=\"contractDetailEditBtnButton\"]"}
RESULT: {"using":"xpath","value":"//button[@data-kt=\"contractDetailEditBtnButton\"]"}
COMMAND: POST /session/f2510c46535a82282fd70196afe2e571/elements - {"using":"xpath","value":"//button[@data-kt=\"contractDetailEditBtnButton\"]"}
RESULT: {"using":"xpath","value":"//button[@data-kt=\"contractDetailEditBtnButton\"]"}
COMMAND: POST /session/f2510c46535a82282fd70196afe2e571/elements - {"using":"xpath","value":"//button[@data-kt=\"contractDetailEditBtnButton\"]"}
RESULT: {"using":"xpath","value":"//button[@data-kt=\"contractDetailEditBtnButton\"]"}
COMMAND: GET /session/f2510c46535a82282fd70196afe2e571/screenshot - {}
RESULT: {}
]]></system-out>
      <system-err><![CDATA[
Error: Can't call click on element with selector "//button[@data-kt="contractDetailEditBtnButton"]" because element wasn't found
    at async UtilsPrerequisites.addTransportTimeInContractDetail (D:\a\1\s\test\specs\BTS\prerequisites-and-utils-functions.js:1829:9)
    at async Context.<anonymous> (D:\a\1\s\test\specs\BTS\billing-calculation-transp-times.spec.js:65:9)
]]></system-err>
    </testcase>
    <testcase classname="chrome.136_0_7103_93.windows.Billing_Calculation_-_Time_based_(considering_transport_times)_US139738" name="Should add created equipment to contract" time="60.77">
      <failure/>
      <error message="Can't call click on element with selector &quot;//button[@data-kt=&quot;contractDetailEditBtnButton&quot;]&quot; because element wasn't found"/>
      <system-out><![CDATA[
COMMAND: GET /session/f2510c46535a82282fd70196afe2e571/screenshot - {}
COMMAND: POST /session/f2510c46535a82282fd70196afe2e571/element - {"using":"xpath","value":"//button[@data-kt=\"contractDetailEditBtnButton\"]"}
RESULT: {}
RESULT: {"using":"xpath","value":"//button[@data-kt=\"contractDetailEditBtnButton\"]"}
COMMAND: POST /session/f2510c46535a82282fd70196afe2e571/elements - {"using":"xpath","value":"//button[@data-kt=\"contractDetailEditBtnButton\"]"}
RESULT: {"using":"xpath","value":"//button[@data-kt=\"contractDetailEditBtnButton\"]"}
COMMAND: POST /session/f2510c46535a82282fd70196afe2e571/elements - {"using":"xpath","value":"//button[@data-kt=\"contractDetailEditBtnButton\"]"}
RESULT: {"using":"xpath","value":"//button[@data-kt=\"contractDetailEditBtnButton\"]"}
COMMAND: POST /session/f2510c46535a82282fd70196afe2e571/elements - {"using":"xpath","value":"//button[@data-kt=\"contractDetailEditBtnButton\"]"}
RESULT: {"using":"xpath","value":"//button[@data-kt=\"contractDetailEditBtnButton\"]"}
COMMAND: POST /session/f2510c46535a82282fd70196afe2e571/elements - {"using":"xpath","value":"//button[@data-kt=\"contractDetailEditBtnButton\"]"}
RESULT: {"using":"xpath","value":"//button[@data-kt=\"contractDetailEditBtnButton\"]"}
COMMAND: POST /session/f2510c46535a82282fd70196afe2e571/elements - {"using":"xpath","value":"//button[@data-kt=\"contractDetailEditBtnButton\"]"}
RESULT: {"using":"xpath","value":"//button[@data-kt=\"contractDetailEditBtnButton\"]"}
COMMAND: POST /session/f2510c46535a82282fd70196afe2e571/elements - {"using":"xpath","value":"//button[@data-kt=\"contractDetailEditBtnButton\"]"}
RESULT: {"using":"xpath","value":"//button[@data-kt=\"contractDetailEditBtnButton\"]"}
COMMAND: POST /session/f2510c46535a82282fd70196afe2e571/elements - {"using":"xpath","value":"//button[@data-kt=\"contractDetailEditBtnButton\"]"}
RESULT: {"using":"xpath","value":"//button[@data-kt=\"contractDetailEditBtnButton\"]"}
COMMAND: POST /session/f2510c46535a82282fd70196afe2e571/elements - {"using":"xpath","value":"//button[@data-kt=\"contractDetailEditBtnButton\"]"}
RESULT: {"using":"xpath","value":"//button[@data-kt=\"contractDetailEditBtnButton\"]"}
COMMAND: POST /session/f2510c46535a82282fd70196afe2e571/elements - {"using":"xpath","value":"//button[@data-kt=\"contractDetailEditBtnButton\"]"}
RESULT: {"using":"xpath","value":"//button[@data-kt=\"contractDetailEditBtnButton\"]"}
COMMAND: POST /session/f2510c46535a82282fd70196afe2e571/elements - {"using":"xpath","value":"//button[@data-kt=\"contractDetailEditBtnButton\"]"}
RESULT: {"using":"xpath","value":"//button[@data-kt=\"contractDetailEditBtnButton\"]"}
COMMAND: POST /session/f2510c46535a82282fd70196afe2e571/elements - {"using":"xpath","value":"//button[@data-kt=\"contractDetailEditBtnButton\"]"}
RESULT: {"using":"xpath","value":"//button[@data-kt=\"contractDetailEditBtnButton\"]"}
COMMAND: POST /session/f2510c46535a82282fd70196afe2e571/elements - {"using":"xpath","value":"//button[@data-kt=\"contractDetailEditBtnButton\"]"}
RESULT: {"using":"xpath","value":"//button[@data-kt=\"contractDetailEditBtnButton\"]"}
COMMAND: POST /session/f2510c46535a82282fd70196afe2e571/elements - {"using":"xpath","value":"//button[@data-kt=\"contractDetailEditBtnButton\"]"}
RESULT: {"using":"xpath","value":"//button[@data-kt=\"contractDetailEditBtnButton\"]"}
COMMAND: POST /session/f2510c46535a82282fd70196afe2e571/elements - {"using":"xpath","value":"//button[@data-kt=\"contractDetailEditBtnButton\"]"}
RESULT: {"using":"xpath","value":"//button[@data-kt=\"contractDetailEditBtnButton\"]"}
COMMAND: POST /session/f2510c46535a82282fd70196afe2e571/elements - {"using":"xpath","value":"//button[@data-kt=\"contractDetailEditBtnButton\"]"}
RESULT: {"using":"xpath","value":"//button[@data-kt=\"contractDetailEditBtnButton\"]"}
COMMAND: POST /session/f2510c46535a82282fd70196afe2e571/elements - {"using":"xpath","value":"//button[@data-kt=\"contractDetailEditBtnButton\"]"}
RESULT: {"using":"xpath","value":"//button[@data-kt=\"contractDetailEditBtnButton\"]"}
COMMAND: POST /session/f2510c46535a82282fd70196afe2e571/elements - {"using":"xpath","value":"//button[@data-kt=\"contractDetailEditBtnButton\"]"}
RESULT: {"using":"xpath","value":"//button[@data-kt=\"contractDetailEditBtnButton\"]"}
COMMAND: POST /session/f2510c46535a82282fd70196afe2e571/elements - {"using":"xpath","value":"//button[@data-kt=\"contractDetailEditBtnButton\"]"}
RESULT: {"using":"xpath","value":"//button[@data-kt=\"contractDetailEditBtnButton\"]"}
COMMAND: POST /session/f2510c46535a82282fd70196afe2e571/elements - {"using":"xpath","value":"//button[@data-kt=\"contractDetailEditBtnButton\"]"}
RESULT: {"using":"xpath","value":"//button[@data-kt=\"contractDetailEditBtnButton\"]"}
COMMAND: POST /session/f2510c46535a82282fd70196afe2e571/elements - {"using":"xpath","value":"//button[@data-kt=\"contractDetailEditBtnButton\"]"}
RESULT: {"using":"xpath","value":"//button[@data-kt=\"contractDetailEditBtnButton\"]"}
COMMAND: POST /session/f2510c46535a82282fd70196afe2e571/elements - {"using":"xpath","value":"//button[@data-kt=\"contractDetailEditBtnButton\"]"}
RESULT: {"using":"xpath","value":"//button[@data-kt=\"contractDetailEditBtnButton\"]"}
COMMAND: POST /session/f2510c46535a82282fd70196afe2e571/elements - {"using":"xpath","value":"//button[@data-kt=\"contractDetailEditBtnButton\"]"}
RESULT: {"using":"xpath","value":"//button[@data-kt=\"contractDetailEditBtnButton\"]"}
COMMAND: POST /session/f2510c46535a82282fd70196afe2e571/elements - {"using":"xpath","value":"//button[@data-kt=\"contractDetailEditBtnButton\"]"}
RESULT: {"using":"xpath","value":"//button[@data-kt=\"contractDetailEditBtnButton\"]"}
COMMAND: POST /session/f2510c46535a82282fd70196afe2e571/elements - {"using":"xpath","value":"//button[@data-kt=\"contractDetailEditBtnButton\"]"}
RESULT: {"using":"xpath","value":"//button[@data-kt=\"contractDetailEditBtnButton\"]"}
COMMAND: POST /session/f2510c46535a82282fd70196afe2e571/elements - {"using":"xpath","value":"//button[@data-kt=\"contractDetailEditBtnButton\"]"}
RESULT: {"using":"xpath","value":"//button[@data-kt=\"contractDetailEditBtnButton\"]"}
COMMAND: POST /session/f2510c46535a82282fd70196afe2e571/elements - {"using":"xpath","value":"//button[@data-kt=\"contractDetailEditBtnButton\"]"}
RESULT: {"using":"xpath","value":"//button[@data-kt=\"contractDetailEditBtnButton\"]"}
COMMAND: POST /session/f2510c46535a82282fd70196afe2e571/elements - {"using":"xpath","value":"//button[@data-kt=\"contractDetailEditBtnButton\"]"}
RESULT: {"using":"xpath","value":"//button[@data-kt=\"contractDetailEditBtnButton\"]"}
COMMAND: POST /session/f2510c46535a82282fd70196afe2e571/elements - {"using":"xpath","value":"//button[@data-kt=\"contractDetailEditBtnButton\"]"}
RESULT: {"using":"xpath","value":"//button[@data-kt=\"contractDetailEditBtnButton\"]"}
COMMAND: POST /session/f2510c46535a82282fd70196afe2e571/elements - {"using":"xpath","value":"//button[@data-kt=\"contractDetailEditBtnButton\"]"}
RESULT: {"using":"xpath","value":"//button[@data-kt=\"contractDetailEditBtnButton\"]"}
COMMAND: POST /session/f2510c46535a82282fd70196afe2e571/elements - {"using":"xpath","value":"//button[@data-kt=\"contractDetailEditBtnButton\"]"}
RESULT: {"using":"xpath","value":"//button[@data-kt=\"contractDetailEditBtnButton\"]"}
COMMAND: POST /session/f2510c46535a82282fd70196afe2e571/elements - {"using":"xpath","value":"//button[@data-kt=\"contractDetailEditBtnButton\"]"}
RESULT: {"using":"xpath","value":"//button[@data-kt=\"contractDetailEditBtnButton\"]"}
COMMAND: POST /session/f2510c46535a82282fd70196afe2e571/elements - {"using":"xpath","value":"//button[@data-kt=\"contractDetailEditBtnButton\"]"}
RESULT: {"using":"xpath","value":"//button[@data-kt=\"contractDetailEditBtnButton\"]"}
COMMAND: POST /session/f2510c46535a82282fd70196afe2e571/elements - {"using":"xpath","value":"//button[@data-kt=\"contractDetailEditBtnButton\"]"}
RESULT: {"using":"xpath","value":"//button[@data-kt=\"contractDetailEditBtnButton\"]"}
COMMAND: POST /session/f2510c46535a82282fd70196afe2e571/elements - {"using":"xpath","value":"//button[@data-kt=\"contractDetailEditBtnButton\"]"}
RESULT: {"using":"xpath","value":"//button[@data-kt=\"contractDetailEditBtnButton\"]"}
COMMAND: POST /session/f2510c46535a82282fd70196afe2e571/elements - {"using":"xpath","value":"//button[@data-kt=\"contractDetailEditBtnButton\"]"}
RESULT: {"using":"xpath","value":"//button[@data-kt=\"contractDetailEditBtnButton\"]"}
COMMAND: POST /session/f2510c46535a82282fd70196afe2e571/elements - {"using":"xpath","value":"//button[@data-kt=\"contractDetailEditBtnButton\"]"}
RESULT: {"using":"xpath","value":"//button[@data-kt=\"contractDetailEditBtnButton\"]"}
COMMAND: POST /session/f2510c46535a82282fd70196afe2e571/elements - {"using":"xpath","value":"//button[@data-kt=\"contractDetailEditBtnButton\"]"}
RESULT: {"using":"xpath","value":"//button[@data-kt=\"contractDetailEditBtnButton\"]"}
COMMAND: POST /session/f2510c46535a82282fd70196afe2e571/elements - {"using":"xpath","value":"//button[@data-kt=\"contractDetailEditBtnButton\"]"}
RESULT: {"using":"xpath","value":"//button[@data-kt=\"contractDetailEditBtnButton\"]"}
COMMAND: POST /session/f2510c46535a82282fd70196afe2e571/elements - {"using":"xpath","value":"//button[@data-kt=\"contractDetailEditBtnButton\"]"}
RESULT: {"using":"xpath","value":"//button[@data-kt=\"contractDetailEditBtnButton\"]"}
COMMAND: POST /session/f2510c46535a82282fd70196afe2e571/elements - {"using":"xpath","value":"//button[@data-kt=\"contractDetailEditBtnButton\"]"}
RESULT: {"using":"xpath","value":"//button[@data-kt=\"contractDetailEditBtnButton\"]"}
COMMAND: POST /session/f2510c46535a82282fd70196afe2e571/elements - {"using":"xpath","value":"//button[@data-kt=\"contractDetailEditBtnButton\"]"}
RESULT: {"using":"xpath","value":"//button[@data-kt=\"contractDetailEditBtnButton\"]"}
COMMAND: POST /session/f2510c46535a82282fd70196afe2e571/elements - {"using":"xpath","value":"//button[@data-kt=\"contractDetailEditBtnButton\"]"}
RESULT: {"using":"xpath","value":"//button[@data-kt=\"contractDetailEditBtnButton\"]"}
COMMAND: POST /session/f2510c46535a82282fd70196afe2e571/elements - {"using":"xpath","value":"//button[@data-kt=\"contractDetailEditBtnButton\"]"}
RESULT: {"using":"xpath","value":"//button[@data-kt=\"contractDetailEditBtnButton\"]"}
COMMAND: POST /session/f2510c46535a82282fd70196afe2e571/elements - {"using":"xpath","value":"//button[@data-kt=\"contractDetailEditBtnButton\"]"}
RESULT: {"using":"xpath","value":"//button[@data-kt=\"contractDetailEditBtnButton\"]"}
COMMAND: POST /session/f2510c46535a82282fd70196afe2e571/elements - {"using":"xpath","value":"//button[@data-kt=\"contractDetailEditBtnButton\"]"}
RESULT: {"using":"xpath","value":"//button[@data-kt=\"contractDetailEditBtnButton\"]"}
COMMAND: POST /session/f2510c46535a82282fd70196afe2e571/elements - {"using":"xpath","value":"//button[@data-kt=\"contractDetailEditBtnButton\"]"}
RESULT: {"using":"xpath","value":"//button[@data-kt=\"contractDetailEditBtnButton\"]"}
COMMAND: POST /session/f2510c46535a82282fd70196afe2e571/elements - {"using":"xpath","value":"//button[@data-kt=\"contractDetailEditBtnButton\"]"}
RESULT: {"using":"xpath","value":"//button[@data-kt=\"contractDetailEditBtnButton\"]"}
COMMAND: POST /session/f2510c46535a82282fd70196afe2e571/elements - {"using":"xpath","value":"//button[@data-kt=\"contractDetailEditBtnButton\"]"}
RESULT: {"using":"xpath","value":"//button[@data-kt=\"contractDetailEditBtnButton\"]"}
COMMAND: POST /session/f2510c46535a82282fd70196afe2e571/elements - {"using":"xpath","value":"//button[@data-kt=\"contractDetailEditBtnButton\"]"}
RESULT: {"using":"xpath","value":"//button[@data-kt=\"contractDetailEditBtnButton\"]"}
COMMAND: POST /session/f2510c46535a82282fd70196afe2e571/elements - {"using":"xpath","value":"//button[@data-kt=\"contractDetailEditBtnButton\"]"}
RESULT: {"using":"xpath","value":"//button[@data-kt=\"contractDetailEditBtnButton\"]"}
COMMAND: POST /session/f2510c46535a82282fd70196afe2e571/elements - {"using":"xpath","value":"//button[@data-kt=\"contractDetailEditBtnButton\"]"}
RESULT: {"using":"xpath","value":"//button[@data-kt=\"contractDetailEditBtnButton\"]"}
COMMAND: POST /session/f2510c46535a82282fd70196afe2e571/elements - {"using":"xpath","value":"//button[@data-kt=\"contractDetailEditBtnButton\"]"}
RESULT: {"using":"xpath","value":"//button[@data-kt=\"contractDetailEditBtnButton\"]"}
COMMAND: POST /session/f2510c46535a82282fd70196afe2e571/elements - {"using":"xpath","value":"//button[@data-kt=\"contractDetailEditBtnButton\"]"}
RESULT: {"using":"xpath","value":"//button[@data-kt=\"contractDetailEditBtnButton\"]"}
COMMAND: POST /session/f2510c46535a82282fd70196afe2e571/elements - {"using":"xpath","value":"//button[@data-kt=\"contractDetailEditBtnButton\"]"}
RESULT: {"using":"xpath","value":"//button[@data-kt=\"contractDetailEditBtnButton\"]"}
COMMAND: POST /session/f2510c46535a82282fd70196afe2e571/elements - {"using":"xpath","value":"//button[@data-kt=\"contractDetailEditBtnButton\"]"}
RESULT: {"using":"xpath","value":"//button[@data-kt=\"contractDetailEditBtnButton\"]"}
COMMAND: POST /session/f2510c46535a82282fd70196afe2e571/elements - {"using":"xpath","value":"//button[@data-kt=\"contractDetailEditBtnButton\"]"}
RESULT: {"using":"xpath","value":"//button[@data-kt=\"contractDetailEditBtnButton\"]"}
COMMAND: POST /session/f2510c46535a82282fd70196afe2e571/elements - {"using":"xpath","value":"//button[@data-kt=\"contractDetailEditBtnButton\"]"}
RESULT: {"using":"xpath","value":"//button[@data-kt=\"contractDetailEditBtnButton\"]"}
COMMAND: POST /session/f2510c46535a82282fd70196afe2e571/elements - {"using":"xpath","value":"//button[@data-kt=\"contractDetailEditBtnButton\"]"}
RESULT: {"using":"xpath","value":"//button[@data-kt=\"contractDetailEditBtnButton\"]"}
COMMAND: POST /session/f2510c46535a82282fd70196afe2e571/elements - {"using":"xpath","value":"//button[@data-kt=\"contractDetailEditBtnButton\"]"}
RESULT: {"using":"xpath","value":"//button[@data-kt=\"contractDetailEditBtnButton\"]"}
COMMAND: POST /session/f2510c46535a82282fd70196afe2e571/elements - {"using":"xpath","value":"//button[@data-kt=\"contractDetailEditBtnButton\"]"}
RESULT: {"using":"xpath","value":"//button[@data-kt=\"contractDetailEditBtnButton\"]"}
COMMAND: POST /session/f2510c46535a82282fd70196afe2e571/elements - {"using":"xpath","value":"//button[@data-kt=\"contractDetailEditBtnButton\"]"}
RESULT: {"using":"xpath","value":"//button[@data-kt=\"contractDetailEditBtnButton\"]"}
COMMAND: POST /session/f2510c46535a82282fd70196afe2e571/elements - {"using":"xpath","value":"//button[@data-kt=\"contractDetailEditBtnButton\"]"}
RESULT: {"using":"xpath","value":"//button[@data-kt=\"contractDetailEditBtnButton\"]"}
COMMAND: POST /session/f2510c46535a82282fd70196afe2e571/elements - {"using":"xpath","value":"//button[@data-kt=\"contractDetailEditBtnButton\"]"}
RESULT: {"using":"xpath","value":"//button[@data-kt=\"contractDetailEditBtnButton\"]"}
COMMAND: POST /session/f2510c46535a82282fd70196afe2e571/elements - {"using":"xpath","value":"//button[@data-kt=\"contractDetailEditBtnButton\"]"}
RESULT: {"using":"xpath","value":"//button[@data-kt=\"contractDetailEditBtnButton\"]"}
COMMAND: POST /session/f2510c46535a82282fd70196afe2e571/elements - {"using":"xpath","value":"//button[@data-kt=\"contractDetailEditBtnButton\"]"}
RESULT: {"using":"xpath","value":"//button[@data-kt=\"contractDetailEditBtnButton\"]"}
COMMAND: POST /session/f2510c46535a82282fd70196afe2e571/elements - {"using":"xpath","value":"//button[@data-kt=\"contractDetailEditBtnButton\"]"}
RESULT: {"using":"xpath","value":"//button[@data-kt=\"contractDetailEditBtnButton\"]"}
COMMAND: POST /session/f2510c46535a82282fd70196afe2e571/elements - {"using":"xpath","value":"//button[@data-kt=\"contractDetailEditBtnButton\"]"}
RESULT: {"using":"xpath","value":"//button[@data-kt=\"contractDetailEditBtnButton\"]"}
COMMAND: POST /session/f2510c46535a82282fd70196afe2e571/elements - {"using":"xpath","value":"//button[@data-kt=\"contractDetailEditBtnButton\"]"}
RESULT: {"using":"xpath","value":"//button[@data-kt=\"contractDetailEditBtnButton\"]"}
COMMAND: POST /session/f2510c46535a82282fd70196afe2e571/elements - {"using":"xpath","value":"//button[@data-kt=\"contractDetailEditBtnButton\"]"}
RESULT: {"using":"xpath","value":"//button[@data-kt=\"contractDetailEditBtnButton\"]"}
COMMAND: POST /session/f2510c46535a82282fd70196afe2e571/elements - {"using":"xpath","value":"//button[@data-kt=\"contractDetailEditBtnButton\"]"}
RESULT: {"using":"xpath","value":"//button[@data-kt=\"contractDetailEditBtnButton\"]"}
COMMAND: POST /session/f2510c46535a82282fd70196afe2e571/elements - {"using":"xpath","value":"//button[@data-kt=\"contractDetailEditBtnButton\"]"}
RESULT: {"using":"xpath","value":"//button[@data-kt=\"contractDetailEditBtnButton\"]"}
COMMAND: POST /session/f2510c46535a82282fd70196afe2e571/elements - {"using":"xpath","value":"//button[@data-kt=\"contractDetailEditBtnButton\"]"}
RESULT: {"using":"xpath","value":"//button[@data-kt=\"contractDetailEditBtnButton\"]"}
COMMAND: POST /session/f2510c46535a82282fd70196afe2e571/elements - {"using":"xpath","value":"//button[@data-kt=\"contractDetailEditBtnButton\"]"}
RESULT: {"using":"xpath","value":"//button[@data-kt=\"contractDetailEditBtnButton\"]"}
COMMAND: POST /session/f2510c46535a82282fd70196afe2e571/elements - {"using":"xpath","value":"//button[@data-kt=\"contractDetailEditBtnButton\"]"}
RESULT: {"using":"xpath","value":"//button[@data-kt=\"contractDetailEditBtnButton\"]"}
COMMAND: POST /session/f2510c46535a82282fd70196afe2e571/elements - {"using":"xpath","value":"//button[@data-kt=\"contractDetailEditBtnButton\"]"}
RESULT: {"using":"xpath","value":"//button[@data-kt=\"contractDetailEditBtnButton\"]"}
COMMAND: POST /session/f2510c46535a82282fd70196afe2e571/elements - {"using":"xpath","value":"//button[@data-kt=\"contractDetailEditBtnButton\"]"}
RESULT: {"using":"xpath","value":"//button[@data-kt=\"contractDetailEditBtnButton\"]"}
COMMAND: POST /session/f2510c46535a82282fd70196afe2e571/elements - {"using":"xpath","value":"//button[@data-kt=\"contractDetailEditBtnButton\"]"}
RESULT: {"using":"xpath","value":"//button[@data-kt=\"contractDetailEditBtnButton\"]"}
COMMAND: POST /session/f2510c46535a82282fd70196afe2e571/elements - {"using":"xpath","value":"//button[@data-kt=\"contractDetailEditBtnButton\"]"}
RESULT: {"using":"xpath","value":"//button[@data-kt=\"contractDetailEditBtnButton\"]"}
COMMAND: POST /session/f2510c46535a82282fd70196afe2e571/elements - {"using":"xpath","value":"//button[@data-kt=\"contractDetailEditBtnButton\"]"}
RESULT: {"using":"xpath","value":"//button[@data-kt=\"contractDetailEditBtnButton\"]"}
COMMAND: POST /session/f2510c46535a82282fd70196afe2e571/elements - {"using":"xpath","value":"//button[@data-kt=\"contractDetailEditBtnButton\"]"}
RESULT: {"using":"xpath","value":"//button[@data-kt=\"contractDetailEditBtnButton\"]"}
COMMAND: POST /session/f2510c46535a82282fd70196afe2e571/elements - {"using":"xpath","value":"//button[@data-kt=\"contractDetailEditBtnButton\"]"}
RESULT: {"using":"xpath","value":"//button[@data-kt=\"contractDetailEditBtnButton\"]"}
COMMAND: POST /session/f2510c46535a82282fd70196afe2e571/elements - {"using":"xpath","value":"//button[@data-kt=\"contractDetailEditBtnButton\"]"}
RESULT: {"using":"xpath","value":"//button[@data-kt=\"contractDetailEditBtnButton\"]"}
COMMAND: POST /session/f2510c46535a82282fd70196afe2e571/elements - {"using":"xpath","value":"//button[@data-kt=\"contractDetailEditBtnButton\"]"}
RESULT: {"using":"xpath","value":"//button[@data-kt=\"contractDetailEditBtnButton\"]"}
COMMAND: POST /session/f2510c46535a82282fd70196afe2e571/elements - {"using":"xpath","value":"//button[@data-kt=\"contractDetailEditBtnButton\"]"}
RESULT: {"using":"xpath","value":"//button[@data-kt=\"contractDetailEditBtnButton\"]"}
COMMAND: POST /session/f2510c46535a82282fd70196afe2e571/elements - {"using":"xpath","value":"//button[@data-kt=\"contractDetailEditBtnButton\"]"}
RESULT: {"using":"xpath","value":"//button[@data-kt=\"contractDetailEditBtnButton\"]"}
COMMAND: POST /session/f2510c46535a82282fd70196afe2e571/elements - {"using":"xpath","value":"//button[@data-kt=\"contractDetailEditBtnButton\"]"}
RESULT: {"using":"xpath","value":"//button[@data-kt=\"contractDetailEditBtnButton\"]"}
COMMAND: POST /session/f2510c46535a82282fd70196afe2e571/elements - {"using":"xpath","value":"//button[@data-kt=\"contractDetailEditBtnButton\"]"}
RESULT: {"using":"xpath","value":"//button[@data-kt=\"contractDetailEditBtnButton\"]"}
COMMAND: POST /session/f2510c46535a82282fd70196afe2e571/elements - {"using":"xpath","value":"//button[@data-kt=\"contractDetailEditBtnButton\"]"}
RESULT: {"using":"xpath","value":"//button[@data-kt=\"contractDetailEditBtnButton\"]"}
COMMAND: POST /session/f2510c46535a82282fd70196afe2e571/elements - {"using":"xpath","value":"//button[@data-kt=\"contractDetailEditBtnButton\"]"}
RESULT: {"using":"xpath","value":"//button[@data-kt=\"contractDetailEditBtnButton\"]"}
COMMAND: POST /session/f2510c46535a82282fd70196afe2e571/elements - {"using":"xpath","value":"//button[@data-kt=\"contractDetailEditBtnButton\"]"}
RESULT: {"using":"xpath","value":"//button[@data-kt=\"contractDetailEditBtnButton\"]"}
COMMAND: POST /session/f2510c46535a82282fd70196afe2e571/elements - {"using":"xpath","value":"//button[@data-kt=\"contractDetailEditBtnButton\"]"}
RESULT: {"using":"xpath","value":"//button[@data-kt=\"contractDetailEditBtnButton\"]"}
COMMAND: POST /session/f2510c46535a82282fd70196afe2e571/elements - {"using":"xpath","value":"//button[@data-kt=\"contractDetailEditBtnButton\"]"}
RESULT: {"using":"xpath","value":"//button[@data-kt=\"contractDetailEditBtnButton\"]"}
COMMAND: POST /session/f2510c46535a82282fd70196afe2e571/elements - {"using":"xpath","value":"//button[@data-kt=\"contractDetailEditBtnButton\"]"}
RESULT: {"using":"xpath","value":"//button[@data-kt=\"contractDetailEditBtnButton\"]"}
COMMAND: POST /session/f2510c46535a82282fd70196afe2e571/elements - {"using":"xpath","value":"//button[@data-kt=\"contractDetailEditBtnButton\"]"}
RESULT: {"using":"xpath","value":"//button[@data-kt=\"contractDetailEditBtnButton\"]"}
COMMAND: POST /session/f2510c46535a82282fd70196afe2e571/elements - {"using":"xpath","value":"//button[@data-kt=\"contractDetailEditBtnButton\"]"}
RESULT: {"using":"xpath","value":"//button[@data-kt=\"contractDetailEditBtnButton\"]"}
COMMAND: POST /session/f2510c46535a82282fd70196afe2e571/elements - {"using":"xpath","value":"//button[@data-kt=\"contractDetailEditBtnButton\"]"}
RESULT: {"using":"xpath","value":"//button[@data-kt=\"contractDetailEditBtnButton\"]"}
COMMAND: POST /session/f2510c46535a82282fd70196afe2e571/elements - {"using":"xpath","value":"//button[@data-kt=\"contractDetailEditBtnButton\"]"}
RESULT: {"using":"xpath","value":"//button[@data-kt=\"contractDetailEditBtnButton\"]"}
COMMAND: POST /session/f2510c46535a82282fd70196afe2e571/elements - {"using":"xpath","value":"//button[@data-kt=\"contractDetailEditBtnButton\"]"}
RESULT: {"using":"xpath","value":"//button[@data-kt=\"contractDetailEditBtnButton\"]"}
COMMAND: POST /session/f2510c46535a82282fd70196afe2e571/elements - {"using":"xpath","value":"//button[@data-kt=\"contractDetailEditBtnButton\"]"}
RESULT: {"using":"xpath","value":"//button[@data-kt=\"contractDetailEditBtnButton\"]"}
COMMAND: POST /session/f2510c46535a82282fd70196afe2e571/elements - {"using":"xpath","value":"//button[@data-kt=\"contractDetailEditBtnButton\"]"}
RESULT: {"using":"xpath","value":"//button[@data-kt=\"contractDetailEditBtnButton\"]"}
COMMAND: POST /session/f2510c46535a82282fd70196afe2e571/elements - {"using":"xpath","value":"//button[@data-kt=\"contractDetailEditBtnButton\"]"}
RESULT: {"using":"xpath","value":"//button[@data-kt=\"contractDetailEditBtnButton\"]"}
COMMAND: POST /session/f2510c46535a82282fd70196afe2e571/elements - {"using":"xpath","value":"//button[@data-kt=\"contractDetailEditBtnButton\"]"}
RESULT: {"using":"xpath","value":"//button[@data-kt=\"contractDetailEditBtnButton\"]"}
COMMAND: POST /session/f2510c46535a82282fd70196afe2e571/elements - {"using":"xpath","value":"//button[@data-kt=\"contractDetailEditBtnButton\"]"}
RESULT: {"using":"xpath","value":"//button[@data-kt=\"contractDetailEditBtnButton\"]"}
COMMAND: POST /session/f2510c46535a82282fd70196afe2e571/elements - {"using":"xpath","value":"//button[@data-kt=\"contractDetailEditBtnButton\"]"}
RESULT: {"using":"xpath","value":"//button[@data-kt=\"contractDetailEditBtnButton\"]"}
COMMAND: POST /session/f2510c46535a82282fd70196afe2e571/elements - {"using":"xpath","value":"//button[@data-kt=\"contractDetailEditBtnButton\"]"}
RESULT: {"using":"xpath","value":"//button[@data-kt=\"contractDetailEditBtnButton\"]"}
COMMAND: POST /session/f2510c46535a82282fd70196afe2e571/elements - {"using":"xpath","value":"//button[@data-kt=\"contractDetailEditBtnButton\"]"}
RESULT: {"using":"xpath","value":"//button[@data-kt=\"contractDetailEditBtnButton\"]"}
COMMAND: POST /session/f2510c46535a82282fd70196afe2e571/elements - {"using":"xpath","value":"//button[@data-kt=\"contractDetailEditBtnButton\"]"}
RESULT: {"using":"xpath","value":"//button[@data-kt=\"contractDetailEditBtnButton\"]"}
COMMAND: POST /session/f2510c46535a82282fd70196afe2e571/elements - {"using":"xpath","value":"//button[@data-kt=\"contractDetailEditBtnButton\"]"}
RESULT: {"using":"xpath","value":"//button[@data-kt=\"contractDetailEditBtnButton\"]"}
COMMAND: POST /session/f2510c46535a82282fd70196afe2e571/elements - {"using":"xpath","value":"//button[@data-kt=\"contractDetailEditBtnButton\"]"}
RESULT: {"using":"xpath","value":"//button[@data-kt=\"contractDetailEditBtnButton\"]"}
COMMAND: POST /session/f2510c46535a82282fd70196afe2e571/elements - {"using":"xpath","value":"//button[@data-kt=\"contractDetailEditBtnButton\"]"}
RESULT: {"using":"xpath","value":"//button[@data-kt=\"contractDetailEditBtnButton\"]"}
COMMAND: POST /session/f2510c46535a82282fd70196afe2e571/elements - {"using":"xpath","value":"//button[@data-kt=\"contractDetailEditBtnButton\"]"}
RESULT: {"using":"xpath","value":"//button[@data-kt=\"contractDetailEditBtnButton\"]"}
COMMAND: POST /session/f2510c46535a82282fd70196afe2e571/elements - {"using":"xpath","value":"//button[@data-kt=\"contractDetailEditBtnButton\"]"}
RESULT: {"using":"xpath","value":"//button[@data-kt=\"contractDetailEditBtnButton\"]"}
COMMAND: POST /session/f2510c46535a82282fd70196afe2e571/elements - {"using":"xpath","value":"//button[@data-kt=\"contractDetailEditBtnButton\"]"}
RESULT: {"using":"xpath","value":"//button[@data-kt=\"contractDetailEditBtnButton\"]"}
COMMAND: POST /session/f2510c46535a82282fd70196afe2e571/elements - {"using":"xpath","value":"//button[@data-kt=\"contractDetailEditBtnButton\"]"}
RESULT: {"using":"xpath","value":"//button[@data-kt=\"contractDetailEditBtnButton\"]"}
COMMAND: POST /session/f2510c46535a82282fd70196afe2e571/elements - {"using":"xpath","value":"//button[@data-kt=\"contractDetailEditBtnButton\"]"}
RESULT: {"using":"xpath","value":"//button[@data-kt=\"contractDetailEditBtnButton\"]"}
COMMAND: POST /session/f2510c46535a82282fd70196afe2e571/elements - {"using":"xpath","value":"//button[@data-kt=\"contractDetailEditBtnButton\"]"}
RESULT: {"using":"xpath","value":"//button[@data-kt=\"contractDetailEditBtnButton\"]"}
COMMAND: POST /session/f2510c46535a82282fd70196afe2e571/elements - {"using":"xpath","value":"//button[@data-kt=\"contractDetailEditBtnButton\"]"}
RESULT: {"using":"xpath","value":"//button[@data-kt=\"contractDetailEditBtnButton\"]"}
COMMAND: POST /session/f2510c46535a82282fd70196afe2e571/elements - {"using":"xpath","value":"//button[@data-kt=\"contractDetailEditBtnButton\"]"}
RESULT: {"using":"xpath","value":"//button[@data-kt=\"contractDetailEditBtnButton\"]"}
COMMAND: POST /session/f2510c46535a82282fd70196afe2e571/elements - {"using":"xpath","value":"//button[@data-kt=\"contractDetailEditBtnButton\"]"}
RESULT: {"using":"xpath","value":"//button[@data-kt=\"contractDetailEditBtnButton\"]"}
COMMAND: POST /session/f2510c46535a82282fd70196afe2e571/elements - {"using":"xpath","value":"//button[@data-kt=\"contractDetailEditBtnButton\"]"}
RESULT: {"using":"xpath","value":"//button[@data-kt=\"contractDetailEditBtnButton\"]"}
COMMAND: GET /session/f2510c46535a82282fd70196afe2e571/screenshot - {}
RESULT: {}
]]></system-out>
      <system-err><![CDATA[
Error: Can't call click on element with selector "//button[@data-kt="contractDetailEditBtnButton"]" because element wasn't found
    at async UtilsPrerequisites.addItemToContract (D:\a\1\s\test\specs\BTS\prerequisites-and-utils-functions.js:1852:9)
    at async Context.<anonymous> (D:\a\1\s\test\specs\BTS\billing-calculation-transp-times.spec.js:69:9)
]]></system-err>
    </testcase>
    <testcase classname="chrome.136_0_7103_93.windows.Billing_Calculation_-_Time_based_(considering_transport_times)_US139738" name="Should do a provide to site 2 step" time="60.431">
      <failure/>
      <error message="Can't call click on element with selector &quot;//button[@data-kt=&quot;provideButton&quot;]&quot; because element wasn't found"/>
      <system-out><![CDATA[
COMMAND: POST /session/f2510c46535a82282fd70196afe2e571/element - {"using":"xpath","value":"//button[@data-kt=\"provideButton\"]"}
COMMAND: GET /session/f2510c46535a82282fd70196afe2e571/screenshot - {}
RESULT: {"using":"xpath","value":"//button[@data-kt=\"provideButton\"]"}
COMMAND: POST /session/f2510c46535a82282fd70196afe2e571/elements - {"using":"xpath","value":"//button[@data-kt=\"provideButton\"]"}
RESULT: {}
RESULT: {"using":"xpath","value":"//button[@data-kt=\"provideButton\"]"}
COMMAND: POST /session/f2510c46535a82282fd70196afe2e571/elements - {"using":"xpath","value":"//button[@data-kt=\"provideButton\"]"}
RESULT: {"using":"xpath","value":"//button[@data-kt=\"provideButton\"]"}
COMMAND: POST /session/f2510c46535a82282fd70196afe2e571/elements - {"using":"xpath","value":"//button[@data-kt=\"provideButton\"]"}
RESULT: {"using":"xpath","value":"//button[@data-kt=\"provideButton\"]"}
COMMAND: POST /session/f2510c46535a82282fd70196afe2e571/elements - {"using":"xpath","value":"//button[@data-kt=\"provideButton\"]"}
RESULT: {"using":"xpath","value":"//button[@data-kt=\"provideButton\"]"}
COMMAND: POST /session/f2510c46535a82282fd70196afe2e571/elements - {"using":"xpath","value":"//button[@data-kt=\"provideButton\"]"}
RESULT: {"using":"xpath","value":"//button[@data-kt=\"provideButton\"]"}
COMMAND: POST /session/f2510c46535a82282fd70196afe2e571/elements - {"using":"xpath","value":"//button[@data-kt=\"provideButton\"]"}
RESULT: {"using":"xpath","value":"//button[@data-kt=\"provideButton\"]"}
COMMAND: POST /session/f2510c46535a82282fd70196afe2e571/elements - {"using":"xpath","value":"//button[@data-kt=\"provideButton\"]"}
RESULT: {"using":"xpath","value":"//button[@data-kt=\"provideButton\"]"}
COMMAND: POST /session/f2510c46535a82282fd70196afe2e571/elements - {"using":"xpath","value":"//button[@data-kt=\"provideButton\"]"}
RESULT: {"using":"xpath","value":"//button[@data-kt=\"provideButton\"]"}
COMMAND: POST /session/f2510c46535a82282fd70196afe2e571/elements - {"using":"xpath","value":"//button[@data-kt=\"provideButton\"]"}
RESULT: {"using":"xpath","value":"//button[@data-kt=\"provideButton\"]"}
COMMAND: POST /session/f2510c46535a82282fd70196afe2e571/elements - {"using":"xpath","value":"//button[@data-kt=\"provideButton\"]"}
RESULT: {"using":"xpath","value":"//button[@data-kt=\"provideButton\"]"}
COMMAND: POST /session/f2510c46535a82282fd70196afe2e571/elements - {"using":"xpath","value":"//button[@data-kt=\"provideButton\"]"}
RESULT: {"using":"xpath","value":"//button[@data-kt=\"provideButton\"]"}
COMMAND: POST /session/f2510c46535a82282fd70196afe2e571/elements - {"using":"xpath","value":"//button[@data-kt=\"provideButton\"]"}
RESULT: {"using":"xpath","value":"//button[@data-kt=\"provideButton\"]"}
COMMAND: POST /session/f2510c46535a82282fd70196afe2e571/elements - {"using":"xpath","value":"//button[@data-kt=\"provideButton\"]"}
RESULT: {"using":"xpath","value":"//button[@data-kt=\"provideButton\"]"}
COMMAND: POST /session/f2510c46535a82282fd70196afe2e571/elements - {"using":"xpath","value":"//button[@data-kt=\"provideButton\"]"}
RESULT: {"using":"xpath","value":"//button[@data-kt=\"provideButton\"]"}
COMMAND: POST /session/f2510c46535a82282fd70196afe2e571/elements - {"using":"xpath","value":"//button[@data-kt=\"provideButton\"]"}
RESULT: {"using":"xpath","value":"//button[@data-kt=\"provideButton\"]"}
COMMAND: POST /session/f2510c46535a82282fd70196afe2e571/elements - {"using":"xpath","value":"//button[@data-kt=\"provideButton\"]"}
RESULT: {"using":"xpath","value":"//button[@data-kt=\"provideButton\"]"}
COMMAND: POST /session/f2510c46535a82282fd70196afe2e571/elements - {"using":"xpath","value":"//button[@data-kt=\"provideButton\"]"}
RESULT: {"using":"xpath","value":"//button[@data-kt=\"provideButton\"]"}
COMMAND: POST /session/f2510c46535a82282fd70196afe2e571/elements - {"using":"xpath","value":"//button[@data-kt=\"provideButton\"]"}
RESULT: {"using":"xpath","value":"//button[@data-kt=\"provideButton\"]"}
COMMAND: POST /session/f2510c46535a82282fd70196afe2e571/elements - {"using":"xpath","value":"//button[@data-kt=\"provideButton\"]"}
RESULT: {"using":"xpath","value":"//button[@data-kt=\"provideButton\"]"}
COMMAND: POST /session/f2510c46535a82282fd70196afe2e571/elements - {"using":"xpath","value":"//button[@data-kt=\"provideButton\"]"}
RESULT: {"using":"xpath","value":"//button[@data-kt=\"provideButton\"]"}
COMMAND: POST /session/f2510c46535a82282fd70196afe2e571/elements - {"using":"xpath","value":"//button[@data-kt=\"provideButton\"]"}
RESULT: {"using":"xpath","value":"//button[@data-kt=\"provideButton\"]"}
COMMAND: POST /session/f2510c46535a82282fd70196afe2e571/elements - {"using":"xpath","value":"//button[@data-kt=\"provideButton\"]"}
RESULT: {"using":"xpath","value":"//button[@data-kt=\"provideButton\"]"}
COMMAND: POST /session/f2510c46535a82282fd70196afe2e571/elements - {"using":"xpath","value":"//button[@data-kt=\"provideButton\"]"}
RESULT: {"using":"xpath","value":"//button[@data-kt=\"provideButton\"]"}
COMMAND: POST /session/f2510c46535a82282fd70196afe2e571/elements - {"using":"xpath","value":"//button[@data-kt=\"provideButton\"]"}
RESULT: {"using":"xpath","value":"//button[@data-kt=\"provideButton\"]"}
COMMAND: POST /session/f2510c46535a82282fd70196afe2e571/elements - {"using":"xpath","value":"//button[@data-kt=\"provideButton\"]"}
RESULT: {"using":"xpath","value":"//button[@data-kt=\"provideButton\"]"}
COMMAND: POST /session/f2510c46535a82282fd70196afe2e571/elements - {"using":"xpath","value":"//button[@data-kt=\"provideButton\"]"}
RESULT: {"using":"xpath","value":"//button[@data-kt=\"provideButton\"]"}
COMMAND: POST /session/f2510c46535a82282fd70196afe2e571/elements - {"using":"xpath","value":"//button[@data-kt=\"provideButton\"]"}
RESULT: {"using":"xpath","value":"//button[@data-kt=\"provideButton\"]"}
COMMAND: POST /session/f2510c46535a82282fd70196afe2e571/elements - {"using":"xpath","value":"//button[@data-kt=\"provideButton\"]"}
RESULT: {"using":"xpath","value":"//button[@data-kt=\"provideButton\"]"}
COMMAND: POST /session/f2510c46535a82282fd70196afe2e571/elements - {"using":"xpath","value":"//button[@data-kt=\"provideButton\"]"}
RESULT: {"using":"xpath","value":"//button[@data-kt=\"provideButton\"]"}
COMMAND: POST /session/f2510c46535a82282fd70196afe2e571/elements - {"using":"xpath","value":"//button[@data-kt=\"provideButton\"]"}
RESULT: {"using":"xpath","value":"//button[@data-kt=\"provideButton\"]"}
COMMAND: POST /session/f2510c46535a82282fd70196afe2e571/elements - {"using":"xpath","value":"//button[@data-kt=\"provideButton\"]"}
RESULT: {"using":"xpath","value":"//button[@data-kt=\"provideButton\"]"}
COMMAND: POST /session/f2510c46535a82282fd70196afe2e571/elements - {"using":"xpath","value":"//button[@data-kt=\"provideButton\"]"}
RESULT: {"using":"xpath","value":"//button[@data-kt=\"provideButton\"]"}
COMMAND: POST /session/f2510c46535a82282fd70196afe2e571/elements - {"using":"xpath","value":"//button[@data-kt=\"provideButton\"]"}
RESULT: {"using":"xpath","value":"//button[@data-kt=\"provideButton\"]"}
COMMAND: POST /session/f2510c46535a82282fd70196afe2e571/elements - {"using":"xpath","value":"//button[@data-kt=\"provideButton\"]"}
RESULT: {"using":"xpath","value":"//button[@data-kt=\"provideButton\"]"}
COMMAND: POST /session/f2510c46535a82282fd70196afe2e571/elements - {"using":"xpath","value":"//button[@data-kt=\"provideButton\"]"}
RESULT: {"using":"xpath","value":"//button[@data-kt=\"provideButton\"]"}
COMMAND: POST /session/f2510c46535a82282fd70196afe2e571/elements - {"using":"xpath","value":"//button[@data-kt=\"provideButton\"]"}
RESULT: {"using":"xpath","value":"//button[@data-kt=\"provideButton\"]"}
COMMAND: POST /session/f2510c46535a82282fd70196afe2e571/elements - {"using":"xpath","value":"//button[@data-kt=\"provideButton\"]"}
RESULT: {"using":"xpath","value":"//button[@data-kt=\"provideButton\"]"}
COMMAND: POST /session/f2510c46535a82282fd70196afe2e571/elements - {"using":"xpath","value":"//button[@data-kt=\"provideButton\"]"}
RESULT: {"using":"xpath","value":"//button[@data-kt=\"provideButton\"]"}
COMMAND: POST /session/f2510c46535a82282fd70196afe2e571/elements - {"using":"xpath","value":"//button[@data-kt=\"provideButton\"]"}
RESULT: {"using":"xpath","value":"//button[@data-kt=\"provideButton\"]"}
COMMAND: POST /session/f2510c46535a82282fd70196afe2e571/elements - {"using":"xpath","value":"//button[@data-kt=\"provideButton\"]"}
RESULT: {"using":"xpath","value":"//button[@data-kt=\"provideButton\"]"}
COMMAND: POST /session/f2510c46535a82282fd70196afe2e571/elements - {"using":"xpath","value":"//button[@data-kt=\"provideButton\"]"}
RESULT: {"using":"xpath","value":"//button[@data-kt=\"provideButton\"]"}
COMMAND: POST /session/f2510c46535a82282fd70196afe2e571/elements - {"using":"xpath","value":"//button[@data-kt=\"provideButton\"]"}
RESULT: {"using":"xpath","value":"//button[@data-kt=\"provideButton\"]"}
COMMAND: POST /session/f2510c46535a82282fd70196afe2e571/elements - {"using":"xpath","value":"//button[@data-kt=\"provideButton\"]"}
RESULT: {"using":"xpath","value":"//button[@data-kt=\"provideButton\"]"}
COMMAND: POST /session/f2510c46535a82282fd70196afe2e571/elements - {"using":"xpath","value":"//button[@data-kt=\"provideButton\"]"}
RESULT: {"using":"xpath","value":"//button[@data-kt=\"provideButton\"]"}
COMMAND: POST /session/f2510c46535a82282fd70196afe2e571/elements - {"using":"xpath","value":"//button[@data-kt=\"provideButton\"]"}
RESULT: {"using":"xpath","value":"//button[@data-kt=\"provideButton\"]"}
COMMAND: POST /session/f2510c46535a82282fd70196afe2e571/elements - {"using":"xpath","value":"//button[@data-kt=\"provideButton\"]"}
RESULT: {"using":"xpath","value":"//button[@data-kt=\"provideButton\"]"}
COMMAND: POST /session/f2510c46535a82282fd70196afe2e571/elements - {"using":"xpath","value":"//button[@data-kt=\"provideButton\"]"}
RESULT: {"using":"xpath","value":"//button[@data-kt=\"provideButton\"]"}
COMMAND: POST /session/f2510c46535a82282fd70196afe2e571/elements - {"using":"xpath","value":"//button[@data-kt=\"provideButton\"]"}
RESULT: {"using":"xpath","value":"//button[@data-kt=\"provideButton\"]"}
COMMAND: POST /session/f2510c46535a82282fd70196afe2e571/elements - {"using":"xpath","value":"//button[@data-kt=\"provideButton\"]"}
RESULT: {"using":"xpath","value":"//button[@data-kt=\"provideButton\"]"}
COMMAND: POST /session/f2510c46535a82282fd70196afe2e571/elements - {"using":"xpath","value":"//button[@data-kt=\"provideButton\"]"}
RESULT: {"using":"xpath","value":"//button[@data-kt=\"provideButton\"]"}
COMMAND: POST /session/f2510c46535a82282fd70196afe2e571/elements - {"using":"xpath","value":"//button[@data-kt=\"provideButton\"]"}
RESULT: {"using":"xpath","value":"//button[@data-kt=\"provideButton\"]"}
COMMAND: POST /session/f2510c46535a82282fd70196afe2e571/elements - {"using":"xpath","value":"//button[@data-kt=\"provideButton\"]"}
RESULT: {"using":"xpath","value":"//button[@data-kt=\"provideButton\"]"}
COMMAND: POST /session/f2510c46535a82282fd70196afe2e571/elements - {"using":"xpath","value":"//button[@data-kt=\"provideButton\"]"}
RESULT: {"using":"xpath","value":"//button[@data-kt=\"provideButton\"]"}
COMMAND: POST /session/f2510c46535a82282fd70196afe2e571/elements - {"using":"xpath","value":"//button[@data-kt=\"provideButton\"]"}
RESULT: {"using":"xpath","value":"//button[@data-kt=\"provideButton\"]"}
COMMAND: POST /session/f2510c46535a82282fd70196afe2e571/elements - {"using":"xpath","value":"//button[@data-kt=\"provideButton\"]"}
RESULT: {"using":"xpath","value":"//button[@data-kt=\"provideButton\"]"}
COMMAND: POST /session/f2510c46535a82282fd70196afe2e571/elements - {"using":"xpath","value":"//button[@data-kt=\"provideButton\"]"}
RESULT: {"using":"xpath","value":"//button[@data-kt=\"provideButton\"]"}
COMMAND: POST /session/f2510c46535a82282fd70196afe2e571/elements - {"using":"xpath","value":"//button[@data-kt=\"provideButton\"]"}
RESULT: {"using":"xpath","value":"//button[@data-kt=\"provideButton\"]"}
COMMAND: POST /session/f2510c46535a82282fd70196afe2e571/elements - {"using":"xpath","value":"//button[@data-kt=\"provideButton\"]"}
RESULT: {"using":"xpath","value":"//button[@data-kt=\"provideButton\"]"}
COMMAND: POST /session/f2510c46535a82282fd70196afe2e571/elements - {"using":"xpath","value":"//button[@data-kt=\"provideButton\"]"}
RESULT: {"using":"xpath","value":"//button[@data-kt=\"provideButton\"]"}
COMMAND: POST /session/f2510c46535a82282fd70196afe2e571/elements - {"using":"xpath","value":"//button[@data-kt=\"provideButton\"]"}
RESULT: {"using":"xpath","value":"//button[@data-kt=\"provideButton\"]"}
COMMAND: POST /session/f2510c46535a82282fd70196afe2e571/elements - {"using":"xpath","value":"//button[@data-kt=\"provideButton\"]"}
RESULT: {"using":"xpath","value":"//button[@data-kt=\"provideButton\"]"}
COMMAND: POST /session/f2510c46535a82282fd70196afe2e571/elements - {"using":"xpath","value":"//button[@data-kt=\"provideButton\"]"}
RESULT: {"using":"xpath","value":"//button[@data-kt=\"provideButton\"]"}
COMMAND: POST /session/f2510c46535a82282fd70196afe2e571/elements - {"using":"xpath","value":"//button[@data-kt=\"provideButton\"]"}
RESULT: {"using":"xpath","value":"//button[@data-kt=\"provideButton\"]"}
COMMAND: POST /session/f2510c46535a82282fd70196afe2e571/elements - {"using":"xpath","value":"//button[@data-kt=\"provideButton\"]"}
RESULT: {"using":"xpath","value":"//button[@data-kt=\"provideButton\"]"}
COMMAND: POST /session/f2510c46535a82282fd70196afe2e571/elements - {"using":"xpath","value":"//button[@data-kt=\"provideButton\"]"}
RESULT: {"using":"xpath","value":"//button[@data-kt=\"provideButton\"]"}
COMMAND: POST /session/f2510c46535a82282fd70196afe2e571/elements - {"using":"xpath","value":"//button[@data-kt=\"provideButton\"]"}
RESULT: {"using":"xpath","value":"//button[@data-kt=\"provideButton\"]"}
COMMAND: POST /session/f2510c46535a82282fd70196afe2e571/elements - {"using":"xpath","value":"//button[@data-kt=\"provideButton\"]"}
RESULT: {"using":"xpath","value":"//button[@data-kt=\"provideButton\"]"}
COMMAND: POST /session/f2510c46535a82282fd70196afe2e571/elements - {"using":"xpath","value":"//button[@data-kt=\"provideButton\"]"}
RESULT: {"using":"xpath","value":"//button[@data-kt=\"provideButton\"]"}
COMMAND: POST /session/f2510c46535a82282fd70196afe2e571/elements - {"using":"xpath","value":"//button[@data-kt=\"provideButton\"]"}
RESULT: {"using":"xpath","value":"//button[@data-kt=\"provideButton\"]"}
COMMAND: POST /session/f2510c46535a82282fd70196afe2e571/elements - {"using":"xpath","value":"//button[@data-kt=\"provideButton\"]"}
RESULT: {"using":"xpath","value":"//button[@data-kt=\"provideButton\"]"}
COMMAND: POST /session/f2510c46535a82282fd70196afe2e571/elements - {"using":"xpath","value":"//button[@data-kt=\"provideButton\"]"}
RESULT: {"using":"xpath","value":"//button[@data-kt=\"provideButton\"]"}
COMMAND: POST /session/f2510c46535a82282fd70196afe2e571/elements - {"using":"xpath","value":"//button[@data-kt=\"provideButton\"]"}
RESULT: {"using":"xpath","value":"//button[@data-kt=\"provideButton\"]"}
COMMAND: POST /session/f2510c46535a82282fd70196afe2e571/elements - {"using":"xpath","value":"//button[@data-kt=\"provideButton\"]"}
RESULT: {"using":"xpath","value":"//button[@data-kt=\"provideButton\"]"}
COMMAND: POST /session/f2510c46535a82282fd70196afe2e571/elements - {"using":"xpath","value":"//button[@data-kt=\"provideButton\"]"}
RESULT: {"using":"xpath","value":"//button[@data-kt=\"provideButton\"]"}
COMMAND: POST /session/f2510c46535a82282fd70196afe2e571/elements - {"using":"xpath","value":"//button[@data-kt=\"provideButton\"]"}
RESULT: {"using":"xpath","value":"//button[@data-kt=\"provideButton\"]"}
COMMAND: POST /session/f2510c46535a82282fd70196afe2e571/elements - {"using":"xpath","value":"//button[@data-kt=\"provideButton\"]"}
RESULT: {"using":"xpath","value":"//button[@data-kt=\"provideButton\"]"}
COMMAND: POST /session/f2510c46535a82282fd70196afe2e571/elements - {"using":"xpath","value":"//button[@data-kt=\"provideButton\"]"}
RESULT: {"using":"xpath","value":"//button[@data-kt=\"provideButton\"]"}
COMMAND: POST /session/f2510c46535a82282fd70196afe2e571/elements - {"using":"xpath","value":"//button[@data-kt=\"provideButton\"]"}
RESULT: {"using":"xpath","value":"//button[@data-kt=\"provideButton\"]"}
COMMAND: POST /session/f2510c46535a82282fd70196afe2e571/elements - {"using":"xpath","value":"//button[@data-kt=\"provideButton\"]"}
RESULT: {"using":"xpath","value":"//button[@data-kt=\"provideButton\"]"}
COMMAND: POST /session/f2510c46535a82282fd70196afe2e571/elements - {"using":"xpath","value":"//button[@data-kt=\"provideButton\"]"}
RESULT: {"using":"xpath","value":"//button[@data-kt=\"provideButton\"]"}
COMMAND: POST /session/f2510c46535a82282fd70196afe2e571/elements - {"using":"xpath","value":"//button[@data-kt=\"provideButton\"]"}
RESULT: {"using":"xpath","value":"//button[@data-kt=\"provideButton\"]"}
COMMAND: POST /session/f2510c46535a82282fd70196afe2e571/elements - {"using":"xpath","value":"//button[@data-kt=\"provideButton\"]"}
RESULT: {"using":"xpath","value":"//button[@data-kt=\"provideButton\"]"}
COMMAND: POST /session/f2510c46535a82282fd70196afe2e571/elements - {"using":"xpath","value":"//button[@data-kt=\"provideButton\"]"}
RESULT: {"using":"xpath","value":"//button[@data-kt=\"provideButton\"]"}
COMMAND: POST /session/f2510c46535a82282fd70196afe2e571/elements - {"using":"xpath","value":"//button[@data-kt=\"provideButton\"]"}
RESULT: {"using":"xpath","value":"//button[@data-kt=\"provideButton\"]"}
COMMAND: POST /session/f2510c46535a82282fd70196afe2e571/elements - {"using":"xpath","value":"//button[@data-kt=\"provideButton\"]"}
RESULT: {"using":"xpath","value":"//button[@data-kt=\"provideButton\"]"}
COMMAND: POST /session/f2510c46535a82282fd70196afe2e571/elements - {"using":"xpath","value":"//button[@data-kt=\"provideButton\"]"}
RESULT: {"using":"xpath","value":"//button[@data-kt=\"provideButton\"]"}
COMMAND: POST /session/f2510c46535a82282fd70196afe2e571/elements - {"using":"xpath","value":"//button[@data-kt=\"provideButton\"]"}
RESULT: {"using":"xpath","value":"//button[@data-kt=\"provideButton\"]"}
COMMAND: POST /session/f2510c46535a82282fd70196afe2e571/elements - {"using":"xpath","value":"//button[@data-kt=\"provideButton\"]"}
RESULT: {"using":"xpath","value":"//button[@data-kt=\"provideButton\"]"}
COMMAND: POST /session/f2510c46535a82282fd70196afe2e571/elements - {"using":"xpath","value":"//button[@data-kt=\"provideButton\"]"}
RESULT: {"using":"xpath","value":"//button[@data-kt=\"provideButton\"]"}
COMMAND: POST /session/f2510c46535a82282fd70196afe2e571/elements - {"using":"xpath","value":"//button[@data-kt=\"provideButton\"]"}
RESULT: {"using":"xpath","value":"//button[@data-kt=\"provideButton\"]"}
COMMAND: POST /session/f2510c46535a82282fd70196afe2e571/elements - {"using":"xpath","value":"//button[@data-kt=\"provideButton\"]"}
RESULT: {"using":"xpath","value":"//button[@data-kt=\"provideButton\"]"}
COMMAND: POST /session/f2510c46535a82282fd70196afe2e571/elements - {"using":"xpath","value":"//button[@data-kt=\"provideButton\"]"}
RESULT: {"using":"xpath","value":"//button[@data-kt=\"provideButton\"]"}
COMMAND: POST /session/f2510c46535a82282fd70196afe2e571/elements - {"using":"xpath","value":"//button[@data-kt=\"provideButton\"]"}
RESULT: {"using":"xpath","value":"//button[@data-kt=\"provideButton\"]"}
COMMAND: POST /session/f2510c46535a82282fd70196afe2e571/elements - {"using":"xpath","value":"//button[@data-kt=\"provideButton\"]"}
RESULT: {"using":"xpath","value":"//button[@data-kt=\"provideButton\"]"}
COMMAND: POST /session/f2510c46535a82282fd70196afe2e571/elements - {"using":"xpath","value":"//button[@data-kt=\"provideButton\"]"}
RESULT: {"using":"xpath","value":"//button[@data-kt=\"provideButton\"]"}
COMMAND: POST /session/f2510c46535a82282fd70196afe2e571/elements - {"using":"xpath","value":"//button[@data-kt=\"provideButton\"]"}
RESULT: {"using":"xpath","value":"//button[@data-kt=\"provideButton\"]"}
COMMAND: POST /session/f2510c46535a82282fd70196afe2e571/elements - {"using":"xpath","value":"//button[@data-kt=\"provideButton\"]"}
RESULT: {"using":"xpath","value":"//button[@data-kt=\"provideButton\"]"}
COMMAND: POST /session/f2510c46535a82282fd70196afe2e571/elements - {"using":"xpath","value":"//button[@data-kt=\"provideButton\"]"}
RESULT: {"using":"xpath","value":"//button[@data-kt=\"provideButton\"]"}
COMMAND: POST /session/f2510c46535a82282fd70196afe2e571/elements - {"using":"xpath","value":"//button[@data-kt=\"provideButton\"]"}
RESULT: {"using":"xpath","value":"//button[@data-kt=\"provideButton\"]"}
COMMAND: POST /session/f2510c46535a82282fd70196afe2e571/elements - {"using":"xpath","value":"//button[@data-kt=\"provideButton\"]"}
RESULT: {"using":"xpath","value":"//button[@data-kt=\"provideButton\"]"}
COMMAND: POST /session/f2510c46535a82282fd70196afe2e571/elements - {"using":"xpath","value":"//button[@data-kt=\"provideButton\"]"}
RESULT: {"using":"xpath","value":"//button[@data-kt=\"provideButton\"]"}
COMMAND: POST /session/f2510c46535a82282fd70196afe2e571/elements - {"using":"xpath","value":"//button[@data-kt=\"provideButton\"]"}
RESULT: {"using":"xpath","value":"//button[@data-kt=\"provideButton\"]"}
COMMAND: POST /session/f2510c46535a82282fd70196afe2e571/elements - {"using":"xpath","value":"//button[@data-kt=\"provideButton\"]"}
RESULT: {"using":"xpath","value":"//button[@data-kt=\"provideButton\"]"}
COMMAND: POST /session/f2510c46535a82282fd70196afe2e571/elements - {"using":"xpath","value":"//button[@data-kt=\"provideButton\"]"}
RESULT: {"using":"xpath","value":"//button[@data-kt=\"provideButton\"]"}
COMMAND: POST /session/f2510c46535a82282fd70196afe2e571/elements - {"using":"xpath","value":"//button[@data-kt=\"provideButton\"]"}
RESULT: {"using":"xpath","value":"//button[@data-kt=\"provideButton\"]"}
COMMAND: POST /session/f2510c46535a82282fd70196afe2e571/elements - {"using":"xpath","value":"//button[@data-kt=\"provideButton\"]"}
RESULT: {"using":"xpath","value":"//button[@data-kt=\"provideButton\"]"}
COMMAND: POST /session/f2510c46535a82282fd70196afe2e571/elements - {"using":"xpath","value":"//button[@data-kt=\"provideButton\"]"}
RESULT: {"using":"xpath","value":"//button[@data-kt=\"provideButton\"]"}
COMMAND: POST /session/f2510c46535a82282fd70196afe2e571/elements - {"using":"xpath","value":"//button[@data-kt=\"provideButton\"]"}
RESULT: {"using":"xpath","value":"//button[@data-kt=\"provideButton\"]"}
COMMAND: POST /session/f2510c46535a82282fd70196afe2e571/elements - {"using":"xpath","value":"//button[@data-kt=\"provideButton\"]"}
RESULT: {"using":"xpath","value":"//button[@data-kt=\"provideButton\"]"}
COMMAND: POST /session/f2510c46535a82282fd70196afe2e571/elements - {"using":"xpath","value":"//button[@data-kt=\"provideButton\"]"}
RESULT: {"using":"xpath","value":"//button[@data-kt=\"provideButton\"]"}
COMMAND: POST /session/f2510c46535a82282fd70196afe2e571/elements - {"using":"xpath","value":"//button[@data-kt=\"provideButton\"]"}
RESULT: {"using":"xpath","value":"//button[@data-kt=\"provideButton\"]"}
COMMAND: POST /session/f2510c46535a82282fd70196afe2e571/elements - {"using":"xpath","value":"//button[@data-kt=\"provideButton\"]"}
RESULT: {"using":"xpath","value":"//button[@data-kt=\"provideButton\"]"}
COMMAND: POST /session/f2510c46535a82282fd70196afe2e571/elements - {"using":"xpath","value":"//button[@data-kt=\"provideButton\"]"}
RESULT: {"using":"xpath","value":"//button[@data-kt=\"provideButton\"]"}
COMMAND: POST /session/f2510c46535a82282fd70196afe2e571/elements - {"using":"xpath","value":"//button[@data-kt=\"provideButton\"]"}
RESULT: {"using":"xpath","value":"//button[@data-kt=\"provideButton\"]"}
COMMAND: POST /session/f2510c46535a82282fd70196afe2e571/elements - {"using":"xpath","value":"//button[@data-kt=\"provideButton\"]"}
RESULT: {"using":"xpath","value":"//button[@data-kt=\"provideButton\"]"}
COMMAND: POST /session/f2510c46535a82282fd70196afe2e571/elements - {"using":"xpath","value":"//button[@data-kt=\"provideButton\"]"}
RESULT: {"using":"xpath","value":"//button[@data-kt=\"provideButton\"]"}
COMMAND: POST /session/f2510c46535a82282fd70196afe2e571/elements - {"using":"xpath","value":"//button[@data-kt=\"provideButton\"]"}
RESULT: {"using":"xpath","value":"//button[@data-kt=\"provideButton\"]"}
COMMAND: POST /session/f2510c46535a82282fd70196afe2e571/elements - {"using":"xpath","value":"//button[@data-kt=\"provideButton\"]"}
RESULT: {"using":"xpath","value":"//button[@data-kt=\"provideButton\"]"}
COMMAND: POST /session/f2510c46535a82282fd70196afe2e571/elements - {"using":"xpath","value":"//button[@data-kt=\"provideButton\"]"}
RESULT: {"using":"xpath","value":"//button[@data-kt=\"provideButton\"]"}
COMMAND: POST /session/f2510c46535a82282fd70196afe2e571/elements - {"using":"xpath","value":"//button[@data-kt=\"provideButton\"]"}
RESULT: {"using":"xpath","value":"//button[@data-kt=\"provideButton\"]"}
COMMAND: POST /session/f2510c46535a82282fd70196afe2e571/elements - {"using":"xpath","value":"//button[@data-kt=\"provideButton\"]"}
COMMAND: GET /session/f2510c46535a82282fd70196afe2e571/screenshot - {}
RESULT: {"using":"xpath","value":"//button[@data-kt=\"provideButton\"]"}
RESULT: {}
]]></system-out>
      <system-err><![CDATA[
Error: Can't call click on element with selector "//button[@data-kt="provideButton"]" because element wasn't found
    at async UtilsPrerequisites.provideToSiteTwoStepHandoverFromContractDetails (D:\a\1\s\test\specs\BTS\prerequisites-and-utils-functions.js:2048:9)
    at async Context.<anonymous> (D:\a\1\s\test\specs\BTS\billing-calculation-transp-times.spec.js:73:9)
]]></system-err>
    </testcase>
    <testcase classname="chrome.136_0_7103_93.windows.Billing_Calculation_-_Time_based_(considering_transport_times)_US139738" name="Should navigate to Manage Billings and trigger contract calculation business confirm it" time="79.715">
      <failure/>
      <error message="Can't call click on element with selector &quot;//td[@aria-colindex=&quot;1&quot;]/div/div[contains(@class, &quot;sapMCbBg&quot;)]&quot; because element wasn't found"/>
      <system-out><![CDATA[
COMMAND: POST /session/f2510c46535a82282fd70196afe2e571/execute/async - {"script":"<script> [1562 bytes]","args":[{"selector":{"controlType":"sap.m.GenericTile","properties":{"header":"Manage Billings"}},"wdio_ui5_key":"sapm.GenericTile{\"header\":\"Manage Billings\"}"}]}
COMMAND: GET /session/f2510c46535a82282fd70196afe2e571/screenshot - {}
RESULT: {"script":"<script> [1562 bytes]","args":[{"selector":{"controlType":"sap.m.GenericTile","properties":{"header":"Manage Billings"}},"wdio_ui5_key":"sapm.GenericTile{\"header\":\"Manage Billings\"}"}]}
RESULT: undefined
RESULT: {}
COMMAND: POST /session/f2510c46535a82282fd70196afe2e571/elements - {"using":"xpath","value":"//span[text()='Error']"}
RESULT: {"using":"xpath","value":"//span[text()='Error']"}
COMMAND: POST /session/f2510c46535a82282fd70196afe2e571/execute/async - {"script":"<script> [1562 bytes]","args":[{"selector":{"id":"application-managebillings-display-component---billRunCalcResult--smartFilterBar-btnBasicSearch","interaction":{"idSuffix":"I"}},"wdio_ui5_key":"applicationmanagebillings-display-component---billRunCalcResult--smartFilterBar-btnBasicSearch"}]}
RESULT: {"script":"<script> [1562 bytes]","args":[{"selector":{"id":"application-managebillings-display-component---billRunCalcResult--smartFilterBar-btnBasicSearch","interaction":{"idSuffix":"I"}},"wdio_ui5_key":"applicationmanagebillings-display-component---billRunCalcResult--smartFilterBar-btnBasicSearch"}]}
RESULT: undefined
COMMAND: POST /session/f2510c46535a82282fd70196afe2e571/actions - {"actions":[{"id":"action66","type":"key","parameters":{},"actions":[{"type":"keyDown","value":""},{"type":"pause","duration":10},{"type":"keyUp","value":""}]}]}
RESULT: {"actions":[{"id":"action66","type":"key","parameters":{},"actions":[{"type":"keyDown","value":""},{"type":"pause","duration":10},{"type":"keyUp","value":""}]}]}
COMMAND: GET /session/f2510c46535a82282fd70196afe2e571/screenshot - {}
RESULT: {}
COMMAND: POST /session/f2510c46535a82282fd70196afe2e571/element - {"using":"xpath","value":"//td[@aria-colindex=\"1\"]/div/div[contains(@class, \"sapMCbBg\")]"}
RESULT: {"using":"xpath","value":"//td[@aria-colindex=\"1\"]/div/div[contains(@class, \"sapMCbBg\")]"}
COMMAND: POST /session/f2510c46535a82282fd70196afe2e571/elements - {"using":"xpath","value":"//td[@aria-colindex=\"1\"]/div/div[contains(@class, \"sapMCbBg\")]"}
RESULT: {"using":"xpath","value":"//td[@aria-colindex=\"1\"]/div/div[contains(@class, \"sapMCbBg\")]"}
COMMAND: POST /session/f2510c46535a82282fd70196afe2e571/elements - {"using":"xpath","value":"//td[@aria-colindex=\"1\"]/div/div[contains(@class, \"sapMCbBg\")]"}
RESULT: {"using":"xpath","value":"//td[@aria-colindex=\"1\"]/div/div[contains(@class, \"sapMCbBg\")]"}
COMMAND: POST /session/f2510c46535a82282fd70196afe2e571/elements - {"using":"xpath","value":"//td[@aria-colindex=\"1\"]/div/div[contains(@class, \"sapMCbBg\")]"}
RESULT: {"using":"xpath","value":"//td[@aria-colindex=\"1\"]/div/div[contains(@class, \"sapMCbBg\")]"}
COMMAND: POST /session/f2510c46535a82282fd70196afe2e571/elements - {"using":"xpath","value":"//td[@aria-colindex=\"1\"]/div/div[contains(@class, \"sapMCbBg\")]"}
RESULT: {"using":"xpath","value":"//td[@aria-colindex=\"1\"]/div/div[contains(@class, \"sapMCbBg\")]"}
COMMAND: POST /session/f2510c46535a82282fd70196afe2e571/elements - {"using":"xpath","value":"//td[@aria-colindex=\"1\"]/div/div[contains(@class, \"sapMCbBg\")]"}
RESULT: {"using":"xpath","value":"//td[@aria-colindex=\"1\"]/div/div[contains(@class, \"sapMCbBg\")]"}
COMMAND: POST /session/f2510c46535a82282fd70196afe2e571/elements - {"using":"xpath","value":"//td[@aria-colindex=\"1\"]/div/div[contains(@class, \"sapMCbBg\")]"}
RESULT: {"using":"xpath","value":"//td[@aria-colindex=\"1\"]/div/div[contains(@class, \"sapMCbBg\")]"}
COMMAND: POST /session/f2510c46535a82282fd70196afe2e571/elements - {"using":"xpath","value":"//td[@aria-colindex=\"1\"]/div/div[contains(@class, \"sapMCbBg\")]"}
RESULT: {"using":"xpath","value":"//td[@aria-colindex=\"1\"]/div/div[contains(@class, \"sapMCbBg\")]"}
COMMAND: POST /session/f2510c46535a82282fd70196afe2e571/elements - {"using":"xpath","value":"//td[@aria-colindex=\"1\"]/div/div[contains(@class, \"sapMCbBg\")]"}
RESULT: {"using":"xpath","value":"//td[@aria-colindex=\"1\"]/div/div[contains(@class, \"sapMCbBg\")]"}
COMMAND: POST /session/f2510c46535a82282fd70196afe2e571/elements - {"using":"xpath","value":"//td[@aria-colindex=\"1\"]/div/div[contains(@class, \"sapMCbBg\")]"}
RESULT: {"using":"xpath","value":"//td[@aria-colindex=\"1\"]/div/div[contains(@class, \"sapMCbBg\")]"}
COMMAND: POST /session/f2510c46535a82282fd70196afe2e571/elements - {"using":"xpath","value":"//td[@aria-colindex=\"1\"]/div/div[contains(@class, \"sapMCbBg\")]"}
RESULT: {"using":"xpath","value":"//td[@aria-colindex=\"1\"]/div/div[contains(@class, \"sapMCbBg\")]"}
COMMAND: POST /session/f2510c46535a82282fd70196afe2e571/elements - {"using":"xpath","value":"//td[@aria-colindex=\"1\"]/div/div[contains(@class, \"sapMCbBg\")]"}
RESULT: {"using":"xpath","value":"//td[@aria-colindex=\"1\"]/div/div[contains(@class, \"sapMCbBg\")]"}
COMMAND: POST /session/f2510c46535a82282fd70196afe2e571/elements - {"using":"xpath","value":"//td[@aria-colindex=\"1\"]/div/div[contains(@class, \"sapMCbBg\")]"}
RESULT: {"using":"xpath","value":"//td[@aria-colindex=\"1\"]/div/div[contains(@class, \"sapMCbBg\")]"}
COMMAND: POST /session/f2510c46535a82282fd70196afe2e571/elements - {"using":"xpath","value":"//td[@aria-colindex=\"1\"]/div/div[contains(@class, \"sapMCbBg\")]"}
RESULT: {"using":"xpath","value":"//td[@aria-colindex=\"1\"]/div/div[contains(@class, \"sapMCbBg\")]"}
COMMAND: POST /session/f2510c46535a82282fd70196afe2e571/elements - {"using":"xpath","value":"//td[@aria-colindex=\"1\"]/div/div[contains(@class, \"sapMCbBg\")]"}
RESULT: {"using":"xpath","value":"//td[@aria-colindex=\"1\"]/div/div[contains(@class, \"sapMCbBg\")]"}
COMMAND: POST /session/f2510c46535a82282fd70196afe2e571/elements - {"using":"xpath","value":"//td[@aria-colindex=\"1\"]/div/div[contains(@class, \"sapMCbBg\")]"}
RESULT: {"using":"xpath","value":"//td[@aria-colindex=\"1\"]/div/div[contains(@class, \"sapMCbBg\")]"}
COMMAND: POST /session/f2510c46535a82282fd70196afe2e571/elements - {"using":"xpath","value":"//td[@aria-colindex=\"1\"]/div/div[contains(@class, \"sapMCbBg\")]"}
RESULT: {"using":"xpath","value":"//td[@aria-colindex=\"1\"]/div/div[contains(@class, \"sapMCbBg\")]"}
COMMAND: POST /session/f2510c46535a82282fd70196afe2e571/elements - {"using":"xpath","value":"//td[@aria-colindex=\"1\"]/div/div[contains(@class, \"sapMCbBg\")]"}
RESULT: {"using":"xpath","value":"//td[@aria-colindex=\"1\"]/div/div[contains(@class, \"sapMCbBg\")]"}
COMMAND: POST /session/f2510c46535a82282fd70196afe2e571/elements - {"using":"xpath","value":"//td[@aria-colindex=\"1\"]/div/div[contains(@class, \"sapMCbBg\")]"}
RESULT: {"using":"xpath","value":"//td[@aria-colindex=\"1\"]/div/div[contains(@class, \"sapMCbBg\")]"}
COMMAND: POST /session/f2510c46535a82282fd70196afe2e571/elements - {"using":"xpath","value":"//td[@aria-colindex=\"1\"]/div/div[contains(@class, \"sapMCbBg\")]"}
RESULT: {"using":"xpath","value":"//td[@aria-colindex=\"1\"]/div/div[contains(@class, \"sapMCbBg\")]"}
COMMAND: POST /session/f2510c46535a82282fd70196afe2e571/elements - {"using":"xpath","value":"//td[@aria-colindex=\"1\"]/div/div[contains(@class, \"sapMCbBg\")]"}
RESULT: {"using":"xpath","value":"//td[@aria-colindex=\"1\"]/div/div[contains(@class, \"sapMCbBg\")]"}
COMMAND: POST /session/f2510c46535a82282fd70196afe2e571/elements - {"using":"xpath","value":"//td[@aria-colindex=\"1\"]/div/div[contains(@class, \"sapMCbBg\")]"}
RESULT: {"using":"xpath","value":"//td[@aria-colindex=\"1\"]/div/div[contains(@class, \"sapMCbBg\")]"}
COMMAND: POST /session/f2510c46535a82282fd70196afe2e571/elements - {"using":"xpath","value":"//td[@aria-colindex=\"1\"]/div/div[contains(@class, \"sapMCbBg\")]"}
RESULT: {"using":"xpath","value":"//td[@aria-colindex=\"1\"]/div/div[contains(@class, \"sapMCbBg\")]"}
COMMAND: POST /session/f2510c46535a82282fd70196afe2e571/elements - {"using":"xpath","value":"//td[@aria-colindex=\"1\"]/div/div[contains(@class, \"sapMCbBg\")]"}
RESULT: {"using":"xpath","value":"//td[@aria-colindex=\"1\"]/div/div[contains(@class, \"sapMCbBg\")]"}
COMMAND: POST /session/f2510c46535a82282fd70196afe2e571/elements - {"using":"xpath","value":"//td[@aria-colindex=\"1\"]/div/div[contains(@class, \"sapMCbBg\")]"}
RESULT: {"using":"xpath","value":"//td[@aria-colindex=\"1\"]/div/div[contains(@class, \"sapMCbBg\")]"}
COMMAND: POST /session/f2510c46535a82282fd70196afe2e571/elements - {"using":"xpath","value":"//td[@aria-colindex=\"1\"]/div/div[contains(@class, \"sapMCbBg\")]"}
RESULT: {"using":"xpath","value":"//td[@aria-colindex=\"1\"]/div/div[contains(@class, \"sapMCbBg\")]"}
COMMAND: POST /session/f2510c46535a82282fd70196afe2e571/elements - {"using":"xpath","value":"//td[@aria-colindex=\"1\"]/div/div[contains(@class, \"sapMCbBg\")]"}
RESULT: {"using":"xpath","value":"//td[@aria-colindex=\"1\"]/div/div[contains(@class, \"sapMCbBg\")]"}
COMMAND: POST /session/f2510c46535a82282fd70196afe2e571/elements - {"using":"xpath","value":"//td[@aria-colindex=\"1\"]/div/div[contains(@class, \"sapMCbBg\")]"}
RESULT: {"using":"xpath","value":"//td[@aria-colindex=\"1\"]/div/div[contains(@class, \"sapMCbBg\")]"}
COMMAND: POST /session/f2510c46535a82282fd70196afe2e571/elements - {"using":"xpath","value":"//td[@aria-colindex=\"1\"]/div/div[contains(@class, \"sapMCbBg\")]"}
RESULT: {"using":"xpath","value":"//td[@aria-colindex=\"1\"]/div/div[contains(@class, \"sapMCbBg\")]"}
COMMAND: POST /session/f2510c46535a82282fd70196afe2e571/elements - {"using":"xpath","value":"//td[@aria-colindex=\"1\"]/div/div[contains(@class, \"sapMCbBg\")]"}
RESULT: {"using":"xpath","value":"//td[@aria-colindex=\"1\"]/div/div[contains(@class, \"sapMCbBg\")]"}
COMMAND: POST /session/f2510c46535a82282fd70196afe2e571/elements - {"using":"xpath","value":"//td[@aria-colindex=\"1\"]/div/div[contains(@class, \"sapMCbBg\")]"}
RESULT: {"using":"xpath","value":"//td[@aria-colindex=\"1\"]/div/div[contains(@class, \"sapMCbBg\")]"}
COMMAND: POST /session/f2510c46535a82282fd70196afe2e571/elements - {"using":"xpath","value":"//td[@aria-colindex=\"1\"]/div/div[contains(@class, \"sapMCbBg\")]"}
RESULT: {"using":"xpath","value":"//td[@aria-colindex=\"1\"]/div/div[contains(@class, \"sapMCbBg\")]"}
COMMAND: POST /session/f2510c46535a82282fd70196afe2e571/elements - {"using":"xpath","value":"//td[@aria-colindex=\"1\"]/div/div[contains(@class, \"sapMCbBg\")]"}
RESULT: {"using":"xpath","value":"//td[@aria-colindex=\"1\"]/div/div[contains(@class, \"sapMCbBg\")]"}
COMMAND: POST /session/f2510c46535a82282fd70196afe2e571/elements - {"using":"xpath","value":"//td[@aria-colindex=\"1\"]/div/div[contains(@class, \"sapMCbBg\")]"}
RESULT: {"using":"xpath","value":"//td[@aria-colindex=\"1\"]/div/div[contains(@class, \"sapMCbBg\")]"}
COMMAND: POST /session/f2510c46535a82282fd70196afe2e571/elements - {"using":"xpath","value":"//td[@aria-colindex=\"1\"]/div/div[contains(@class, \"sapMCbBg\")]"}
RESULT: {"using":"xpath","value":"//td[@aria-colindex=\"1\"]/div/div[contains(@class, \"sapMCbBg\")]"}
COMMAND: POST /session/f2510c46535a82282fd70196afe2e571/elements - {"using":"xpath","value":"//td[@aria-colindex=\"1\"]/div/div[contains(@class, \"sapMCbBg\")]"}
RESULT: {"using":"xpath","value":"//td[@aria-colindex=\"1\"]/div/div[contains(@class, \"sapMCbBg\")]"}
COMMAND: POST /session/f2510c46535a82282fd70196afe2e571/elements - {"using":"xpath","value":"//td[@aria-colindex=\"1\"]/div/div[contains(@class, \"sapMCbBg\")]"}
RESULT: {"using":"xpath","value":"//td[@aria-colindex=\"1\"]/div/div[contains(@class, \"sapMCbBg\")]"}
COMMAND: POST /session/f2510c46535a82282fd70196afe2e571/elements - {"using":"xpath","value":"//td[@aria-colindex=\"1\"]/div/div[contains(@class, \"sapMCbBg\")]"}
RESULT: {"using":"xpath","value":"//td[@aria-colindex=\"1\"]/div/div[contains(@class, \"sapMCbBg\")]"}
COMMAND: POST /session/f2510c46535a82282fd70196afe2e571/elements - {"using":"xpath","value":"//td[@aria-colindex=\"1\"]/div/div[contains(@class, \"sapMCbBg\")]"}
RESULT: {"using":"xpath","value":"//td[@aria-colindex=\"1\"]/div/div[contains(@class, \"sapMCbBg\")]"}
COMMAND: POST /session/f2510c46535a82282fd70196afe2e571/elements - {"using":"xpath","value":"//td[@aria-colindex=\"1\"]/div/div[contains(@class, \"sapMCbBg\")]"}
RESULT: {"using":"xpath","value":"//td[@aria-colindex=\"1\"]/div/div[contains(@class, \"sapMCbBg\")]"}
COMMAND: POST /session/f2510c46535a82282fd70196afe2e571/elements - {"using":"xpath","value":"//td[@aria-colindex=\"1\"]/div/div[contains(@class, \"sapMCbBg\")]"}
RESULT: {"using":"xpath","value":"//td[@aria-colindex=\"1\"]/div/div[contains(@class, \"sapMCbBg\")]"}
COMMAND: POST /session/f2510c46535a82282fd70196afe2e571/elements - {"using":"xpath","value":"//td[@aria-colindex=\"1\"]/div/div[contains(@class, \"sapMCbBg\")]"}
RESULT: {"using":"xpath","value":"//td[@aria-colindex=\"1\"]/div/div[contains(@class, \"sapMCbBg\")]"}
COMMAND: POST /session/f2510c46535a82282fd70196afe2e571/elements - {"using":"xpath","value":"//td[@aria-colindex=\"1\"]/div/div[contains(@class, \"sapMCbBg\")]"}
RESULT: {"using":"xpath","value":"//td[@aria-colindex=\"1\"]/div/div[contains(@class, \"sapMCbBg\")]"}
COMMAND: POST /session/f2510c46535a82282fd70196afe2e571/elements - {"using":"xpath","value":"//td[@aria-colindex=\"1\"]/div/div[contains(@class, \"sapMCbBg\")]"}
RESULT: {"using":"xpath","value":"//td[@aria-colindex=\"1\"]/div/div[contains(@class, \"sapMCbBg\")]"}
COMMAND: POST /session/f2510c46535a82282fd70196afe2e571/elements - {"using":"xpath","value":"//td[@aria-colindex=\"1\"]/div/div[contains(@class, \"sapMCbBg\")]"}
RESULT: {"using":"xpath","value":"//td[@aria-colindex=\"1\"]/div/div[contains(@class, \"sapMCbBg\")]"}
COMMAND: POST /session/f2510c46535a82282fd70196afe2e571/elements - {"using":"xpath","value":"//td[@aria-colindex=\"1\"]/div/div[contains(@class, \"sapMCbBg\")]"}
RESULT: {"using":"xpath","value":"//td[@aria-colindex=\"1\"]/div/div[contains(@class, \"sapMCbBg\")]"}
COMMAND: POST /session/f2510c46535a82282fd70196afe2e571/elements - {"using":"xpath","value":"//td[@aria-colindex=\"1\"]/div/div[contains(@class, \"sapMCbBg\")]"}
RESULT: {"using":"xpath","value":"//td[@aria-colindex=\"1\"]/div/div[contains(@class, \"sapMCbBg\")]"}
COMMAND: POST /session/f2510c46535a82282fd70196afe2e571/elements - {"using":"xpath","value":"//td[@aria-colindex=\"1\"]/div/div[contains(@class, \"sapMCbBg\")]"}
RESULT: {"using":"xpath","value":"//td[@aria-colindex=\"1\"]/div/div[contains(@class, \"sapMCbBg\")]"}
COMMAND: POST /session/f2510c46535a82282fd70196afe2e571/elements - {"using":"xpath","value":"//td[@aria-colindex=\"1\"]/div/div[contains(@class, \"sapMCbBg\")]"}
RESULT: {"using":"xpath","value":"//td[@aria-colindex=\"1\"]/div/div[contains(@class, \"sapMCbBg\")]"}
COMMAND: POST /session/f2510c46535a82282fd70196afe2e571/elements - {"using":"xpath","value":"//td[@aria-colindex=\"1\"]/div/div[contains(@class, \"sapMCbBg\")]"}
RESULT: {"using":"xpath","value":"//td[@aria-colindex=\"1\"]/div/div[contains(@class, \"sapMCbBg\")]"}
COMMAND: POST /session/f2510c46535a82282fd70196afe2e571/elements - {"using":"xpath","value":"//td[@aria-colindex=\"1\"]/div/div[contains(@class, \"sapMCbBg\")]"}
RESULT: {"using":"xpath","value":"//td[@aria-colindex=\"1\"]/div/div[contains(@class, \"sapMCbBg\")]"}
COMMAND: POST /session/f2510c46535a82282fd70196afe2e571/elements - {"using":"xpath","value":"//td[@aria-colindex=\"1\"]/div/div[contains(@class, \"sapMCbBg\")]"}
RESULT: {"using":"xpath","value":"//td[@aria-colindex=\"1\"]/div/div[contains(@class, \"sapMCbBg\")]"}
COMMAND: POST /session/f2510c46535a82282fd70196afe2e571/elements - {"using":"xpath","value":"//td[@aria-colindex=\"1\"]/div/div[contains(@class, \"sapMCbBg\")]"}
RESULT: {"using":"xpath","value":"//td[@aria-colindex=\"1\"]/div/div[contains(@class, \"sapMCbBg\")]"}
COMMAND: POST /session/f2510c46535a82282fd70196afe2e571/elements - {"using":"xpath","value":"//td[@aria-colindex=\"1\"]/div/div[contains(@class, \"sapMCbBg\")]"}
RESULT: {"using":"xpath","value":"//td[@aria-colindex=\"1\"]/div/div[contains(@class, \"sapMCbBg\")]"}
COMMAND: POST /session/f2510c46535a82282fd70196afe2e571/elements - {"using":"xpath","value":"//td[@aria-colindex=\"1\"]/div/div[contains(@class, \"sapMCbBg\")]"}
RESULT: {"using":"xpath","value":"//td[@aria-colindex=\"1\"]/div/div[contains(@class, \"sapMCbBg\")]"}
COMMAND: POST /session/f2510c46535a82282fd70196afe2e571/elements - {"using":"xpath","value":"//td[@aria-colindex=\"1\"]/div/div[contains(@class, \"sapMCbBg\")]"}
RESULT: {"using":"xpath","value":"//td[@aria-colindex=\"1\"]/div/div[contains(@class, \"sapMCbBg\")]"}
COMMAND: POST /session/f2510c46535a82282fd70196afe2e571/elements - {"using":"xpath","value":"//td[@aria-colindex=\"1\"]/div/div[contains(@class, \"sapMCbBg\")]"}
RESULT: {"using":"xpath","value":"//td[@aria-colindex=\"1\"]/div/div[contains(@class, \"sapMCbBg\")]"}
COMMAND: POST /session/f2510c46535a82282fd70196afe2e571/elements - {"using":"xpath","value":"//td[@aria-colindex=\"1\"]/div/div[contains(@class, \"sapMCbBg\")]"}
RESULT: {"using":"xpath","value":"//td[@aria-colindex=\"1\"]/div/div[contains(@class, \"sapMCbBg\")]"}
COMMAND: POST /session/f2510c46535a82282fd70196afe2e571/elements - {"using":"xpath","value":"//td[@aria-colindex=\"1\"]/div/div[contains(@class, \"sapMCbBg\")]"}
RESULT: {"using":"xpath","value":"//td[@aria-colindex=\"1\"]/div/div[contains(@class, \"sapMCbBg\")]"}
COMMAND: POST /session/f2510c46535a82282fd70196afe2e571/elements - {"using":"xpath","value":"//td[@aria-colindex=\"1\"]/div/div[contains(@class, \"sapMCbBg\")]"}
RESULT: {"using":"xpath","value":"//td[@aria-colindex=\"1\"]/div/div[contains(@class, \"sapMCbBg\")]"}
COMMAND: POST /session/f2510c46535a82282fd70196afe2e571/elements - {"using":"xpath","value":"//td[@aria-colindex=\"1\"]/div/div[contains(@class, \"sapMCbBg\")]"}
RESULT: {"using":"xpath","value":"//td[@aria-colindex=\"1\"]/div/div[contains(@class, \"sapMCbBg\")]"}
COMMAND: POST /session/f2510c46535a82282fd70196afe2e571/elements - {"using":"xpath","value":"//td[@aria-colindex=\"1\"]/div/div[contains(@class, \"sapMCbBg\")]"}
RESULT: {"using":"xpath","value":"//td[@aria-colindex=\"1\"]/div/div[contains(@class, \"sapMCbBg\")]"}
COMMAND: POST /session/f2510c46535a82282fd70196afe2e571/elements - {"using":"xpath","value":"//td[@aria-colindex=\"1\"]/div/div[contains(@class, \"sapMCbBg\")]"}
RESULT: {"using":"xpath","value":"//td[@aria-colindex=\"1\"]/div/div[contains(@class, \"sapMCbBg\")]"}
COMMAND: POST /session/f2510c46535a82282fd70196afe2e571/elements - {"using":"xpath","value":"//td[@aria-colindex=\"1\"]/div/div[contains(@class, \"sapMCbBg\")]"}
RESULT: {"using":"xpath","value":"//td[@aria-colindex=\"1\"]/div/div[contains(@class, \"sapMCbBg\")]"}
COMMAND: POST /session/f2510c46535a82282fd70196afe2e571/elements - {"using":"xpath","value":"//td[@aria-colindex=\"1\"]/div/div[contains(@class, \"sapMCbBg\")]"}
RESULT: {"using":"xpath","value":"//td[@aria-colindex=\"1\"]/div/div[contains(@class, \"sapMCbBg\")]"}
COMMAND: POST /session/f2510c46535a82282fd70196afe2e571/elements - {"using":"xpath","value":"//td[@aria-colindex=\"1\"]/div/div[contains(@class, \"sapMCbBg\")]"}
RESULT: {"using":"xpath","value":"//td[@aria-colindex=\"1\"]/div/div[contains(@class, \"sapMCbBg\")]"}
COMMAND: POST /session/f2510c46535a82282fd70196afe2e571/elements - {"using":"xpath","value":"//td[@aria-colindex=\"1\"]/div/div[contains(@class, \"sapMCbBg\")]"}
RESULT: {"using":"xpath","value":"//td[@aria-colindex=\"1\"]/div/div[contains(@class, \"sapMCbBg\")]"}
COMMAND: POST /session/f2510c46535a82282fd70196afe2e571/elements - {"using":"xpath","value":"//td[@aria-colindex=\"1\"]/div/div[contains(@class, \"sapMCbBg\")]"}
RESULT: {"using":"xpath","value":"//td[@aria-colindex=\"1\"]/div/div[contains(@class, \"sapMCbBg\")]"}
COMMAND: POST /session/f2510c46535a82282fd70196afe2e571/elements - {"using":"xpath","value":"//td[@aria-colindex=\"1\"]/div/div[contains(@class, \"sapMCbBg\")]"}
RESULT: {"using":"xpath","value":"//td[@aria-colindex=\"1\"]/div/div[contains(@class, \"sapMCbBg\")]"}
COMMAND: POST /session/f2510c46535a82282fd70196afe2e571/elements - {"using":"xpath","value":"//td[@aria-colindex=\"1\"]/div/div[contains(@class, \"sapMCbBg\")]"}
RESULT: {"using":"xpath","value":"//td[@aria-colindex=\"1\"]/div/div[contains(@class, \"sapMCbBg\")]"}
COMMAND: POST /session/f2510c46535a82282fd70196afe2e571/elements - {"using":"xpath","value":"//td[@aria-colindex=\"1\"]/div/div[contains(@class, \"sapMCbBg\")]"}
RESULT: {"using":"xpath","value":"//td[@aria-colindex=\"1\"]/div/div[contains(@class, \"sapMCbBg\")]"}
COMMAND: POST /session/f2510c46535a82282fd70196afe2e571/elements - {"using":"xpath","value":"//td[@aria-colindex=\"1\"]/div/div[contains(@class, \"sapMCbBg\")]"}
RESULT: {"using":"xpath","value":"//td[@aria-colindex=\"1\"]/div/div[contains(@class, \"sapMCbBg\")]"}
COMMAND: POST /session/f2510c46535a82282fd70196afe2e571/elements - {"using":"xpath","value":"//td[@aria-colindex=\"1\"]/div/div[contains(@class, \"sapMCbBg\")]"}
RESULT: {"using":"xpath","value":"//td[@aria-colindex=\"1\"]/div/div[contains(@class, \"sapMCbBg\")]"}
COMMAND: POST /session/f2510c46535a82282fd70196afe2e571/elements - {"using":"xpath","value":"//td[@aria-colindex=\"1\"]/div/div[contains(@class, \"sapMCbBg\")]"}
RESULT: {"using":"xpath","value":"//td[@aria-colindex=\"1\"]/div/div[contains(@class, \"sapMCbBg\")]"}
COMMAND: POST /session/f2510c46535a82282fd70196afe2e571/elements - {"using":"xpath","value":"//td[@aria-colindex=\"1\"]/div/div[contains(@class, \"sapMCbBg\")]"}
RESULT: {"using":"xpath","value":"//td[@aria-colindex=\"1\"]/div/div[contains(@class, \"sapMCbBg\")]"}
COMMAND: POST /session/f2510c46535a82282fd70196afe2e571/elements - {"using":"xpath","value":"//td[@aria-colindex=\"1\"]/div/div[contains(@class, \"sapMCbBg\")]"}
RESULT: {"using":"xpath","value":"//td[@aria-colindex=\"1\"]/div/div[contains(@class, \"sapMCbBg\")]"}
COMMAND: POST /session/f2510c46535a82282fd70196afe2e571/elements - {"using":"xpath","value":"//td[@aria-colindex=\"1\"]/div/div[contains(@class, \"sapMCbBg\")]"}
RESULT: {"using":"xpath","value":"//td[@aria-colindex=\"1\"]/div/div[contains(@class, \"sapMCbBg\")]"}
COMMAND: POST /session/f2510c46535a82282fd70196afe2e571/elements - {"using":"xpath","value":"//td[@aria-colindex=\"1\"]/div/div[contains(@class, \"sapMCbBg\")]"}
RESULT: {"using":"xpath","value":"//td[@aria-colindex=\"1\"]/div/div[contains(@class, \"sapMCbBg\")]"}
COMMAND: POST /session/f2510c46535a82282fd70196afe2e571/elements - {"using":"xpath","value":"//td[@aria-colindex=\"1\"]/div/div[contains(@class, \"sapMCbBg\")]"}
RESULT: {"using":"xpath","value":"//td[@aria-colindex=\"1\"]/div/div[contains(@class, \"sapMCbBg\")]"}
COMMAND: POST /session/f2510c46535a82282fd70196afe2e571/elements - {"using":"xpath","value":"//td[@aria-colindex=\"1\"]/div/div[contains(@class, \"sapMCbBg\")]"}
RESULT: {"using":"xpath","value":"//td[@aria-colindex=\"1\"]/div/div[contains(@class, \"sapMCbBg\")]"}
COMMAND: POST /session/f2510c46535a82282fd70196afe2e571/elements - {"using":"xpath","value":"//td[@aria-colindex=\"1\"]/div/div[contains(@class, \"sapMCbBg\")]"}
RESULT: {"using":"xpath","value":"//td[@aria-colindex=\"1\"]/div/div[contains(@class, \"sapMCbBg\")]"}
COMMAND: POST /session/f2510c46535a82282fd70196afe2e571/elements - {"using":"xpath","value":"//td[@aria-colindex=\"1\"]/div/div[contains(@class, \"sapMCbBg\")]"}
RESULT: {"using":"xpath","value":"//td[@aria-colindex=\"1\"]/div/div[contains(@class, \"sapMCbBg\")]"}
COMMAND: POST /session/f2510c46535a82282fd70196afe2e571/elements - {"using":"xpath","value":"//td[@aria-colindex=\"1\"]/div/div[contains(@class, \"sapMCbBg\")]"}
RESULT: {"using":"xpath","value":"//td[@aria-colindex=\"1\"]/div/div[contains(@class, \"sapMCbBg\")]"}
COMMAND: POST /session/f2510c46535a82282fd70196afe2e571/elements - {"using":"xpath","value":"//td[@aria-colindex=\"1\"]/div/div[contains(@class, \"sapMCbBg\")]"}
RESULT: {"using":"xpath","value":"//td[@aria-colindex=\"1\"]/div/div[contains(@class, \"sapMCbBg\")]"}
COMMAND: POST /session/f2510c46535a82282fd70196afe2e571/elements - {"using":"xpath","value":"//td[@aria-colindex=\"1\"]/div/div[contains(@class, \"sapMCbBg\")]"}
RESULT: {"using":"xpath","value":"//td[@aria-colindex=\"1\"]/div/div[contains(@class, \"sapMCbBg\")]"}
COMMAND: POST /session/f2510c46535a82282fd70196afe2e571/elements - {"using":"xpath","value":"//td[@aria-colindex=\"1\"]/div/div[contains(@class, \"sapMCbBg\")]"}
RESULT: {"using":"xpath","value":"//td[@aria-colindex=\"1\"]/div/div[contains(@class, \"sapMCbBg\")]"}
COMMAND: POST /session/f2510c46535a82282fd70196afe2e571/elements - {"using":"xpath","value":"//td[@aria-colindex=\"1\"]/div/div[contains(@class, \"sapMCbBg\")]"}
RESULT: {"using":"xpath","value":"//td[@aria-colindex=\"1\"]/div/div[contains(@class, \"sapMCbBg\")]"}
COMMAND: POST /session/f2510c46535a82282fd70196afe2e571/elements - {"using":"xpath","value":"//td[@aria-colindex=\"1\"]/div/div[contains(@class, \"sapMCbBg\")]"}
RESULT: {"using":"xpath","value":"//td[@aria-colindex=\"1\"]/div/div[contains(@class, \"sapMCbBg\")]"}
COMMAND: POST /session/f2510c46535a82282fd70196afe2e571/elements - {"using":"xpath","value":"//td[@aria-colindex=\"1\"]/div/div[contains(@class, \"sapMCbBg\")]"}
RESULT: {"using":"xpath","value":"//td[@aria-colindex=\"1\"]/div/div[contains(@class, \"sapMCbBg\")]"}
COMMAND: POST /session/f2510c46535a82282fd70196afe2e571/elements - {"using":"xpath","value":"//td[@aria-colindex=\"1\"]/div/div[contains(@class, \"sapMCbBg\")]"}
RESULT: {"using":"xpath","value":"//td[@aria-colindex=\"1\"]/div/div[contains(@class, \"sapMCbBg\")]"}
COMMAND: POST /session/f2510c46535a82282fd70196afe2e571/elements - {"using":"xpath","value":"//td[@aria-colindex=\"1\"]/div/div[contains(@class, \"sapMCbBg\")]"}
RESULT: {"using":"xpath","value":"//td[@aria-colindex=\"1\"]/div/div[contains(@class, \"sapMCbBg\")]"}
COMMAND: POST /session/f2510c46535a82282fd70196afe2e571/elements - {"using":"xpath","value":"//td[@aria-colindex=\"1\"]/div/div[contains(@class, \"sapMCbBg\")]"}
RESULT: {"using":"xpath","value":"//td[@aria-colindex=\"1\"]/div/div[contains(@class, \"sapMCbBg\")]"}
COMMAND: POST /session/f2510c46535a82282fd70196afe2e571/elements - {"using":"xpath","value":"//td[@aria-colindex=\"1\"]/div/div[contains(@class, \"sapMCbBg\")]"}
RESULT: {"using":"xpath","value":"//td[@aria-colindex=\"1\"]/div/div[contains(@class, \"sapMCbBg\")]"}
COMMAND: POST /session/f2510c46535a82282fd70196afe2e571/elements - {"using":"xpath","value":"//td[@aria-colindex=\"1\"]/div/div[contains(@class, \"sapMCbBg\")]"}
RESULT: {"using":"xpath","value":"//td[@aria-colindex=\"1\"]/div/div[contains(@class, \"sapMCbBg\")]"}
COMMAND: POST /session/f2510c46535a82282fd70196afe2e571/elements - {"using":"xpath","value":"//td[@aria-colindex=\"1\"]/div/div[contains(@class, \"sapMCbBg\")]"}
RESULT: {"using":"xpath","value":"//td[@aria-colindex=\"1\"]/div/div[contains(@class, \"sapMCbBg\")]"}
COMMAND: POST /session/f2510c46535a82282fd70196afe2e571/elements - {"using":"xpath","value":"//td[@aria-colindex=\"1\"]/div/div[contains(@class, \"sapMCbBg\")]"}
RESULT: {"using":"xpath","value":"//td[@aria-colindex=\"1\"]/div/div[contains(@class, \"sapMCbBg\")]"}
COMMAND: POST /session/f2510c46535a82282fd70196afe2e571/elements - {"using":"xpath","value":"//td[@aria-colindex=\"1\"]/div/div[contains(@class, \"sapMCbBg\")]"}
RESULT: {"using":"xpath","value":"//td[@aria-colindex=\"1\"]/div/div[contains(@class, \"sapMCbBg\")]"}
COMMAND: POST /session/f2510c46535a82282fd70196afe2e571/elements - {"using":"xpath","value":"//td[@aria-colindex=\"1\"]/div/div[contains(@class, \"sapMCbBg\")]"}
RESULT: {"using":"xpath","value":"//td[@aria-colindex=\"1\"]/div/div[contains(@class, \"sapMCbBg\")]"}
COMMAND: POST /session/f2510c46535a82282fd70196afe2e571/elements - {"using":"xpath","value":"//td[@aria-colindex=\"1\"]/div/div[contains(@class, \"sapMCbBg\")]"}
RESULT: {"using":"xpath","value":"//td[@aria-colindex=\"1\"]/div/div[contains(@class, \"sapMCbBg\")]"}
COMMAND: POST /session/f2510c46535a82282fd70196afe2e571/elements - {"using":"xpath","value":"//td[@aria-colindex=\"1\"]/div/div[contains(@class, \"sapMCbBg\")]"}
RESULT: {"using":"xpath","value":"//td[@aria-colindex=\"1\"]/div/div[contains(@class, \"sapMCbBg\")]"}
COMMAND: POST /session/f2510c46535a82282fd70196afe2e571/elements - {"using":"xpath","value":"//td[@aria-colindex=\"1\"]/div/div[contains(@class, \"sapMCbBg\")]"}
RESULT: {"using":"xpath","value":"//td[@aria-colindex=\"1\"]/div/div[contains(@class, \"sapMCbBg\")]"}
COMMAND: POST /session/f2510c46535a82282fd70196afe2e571/elements - {"using":"xpath","value":"//td[@aria-colindex=\"1\"]/div/div[contains(@class, \"sapMCbBg\")]"}
RESULT: {"using":"xpath","value":"//td[@aria-colindex=\"1\"]/div/div[contains(@class, \"sapMCbBg\")]"}
COMMAND: POST /session/f2510c46535a82282fd70196afe2e571/elements - {"using":"xpath","value":"//td[@aria-colindex=\"1\"]/div/div[contains(@class, \"sapMCbBg\")]"}
RESULT: {"using":"xpath","value":"//td[@aria-colindex=\"1\"]/div/div[contains(@class, \"sapMCbBg\")]"}
COMMAND: POST /session/f2510c46535a82282fd70196afe2e571/elements - {"using":"xpath","value":"//td[@aria-colindex=\"1\"]/div/div[contains(@class, \"sapMCbBg\")]"}
RESULT: {"using":"xpath","value":"//td[@aria-colindex=\"1\"]/div/div[contains(@class, \"sapMCbBg\")]"}
COMMAND: POST /session/f2510c46535a82282fd70196afe2e571/elements - {"using":"xpath","value":"//td[@aria-colindex=\"1\"]/div/div[contains(@class, \"sapMCbBg\")]"}
RESULT: {"using":"xpath","value":"//td[@aria-colindex=\"1\"]/div/div[contains(@class, \"sapMCbBg\")]"}
COMMAND: POST /session/f2510c46535a82282fd70196afe2e571/elements - {"using":"xpath","value":"//td[@aria-colindex=\"1\"]/div/div[contains(@class, \"sapMCbBg\")]"}
RESULT: {"using":"xpath","value":"//td[@aria-colindex=\"1\"]/div/div[contains(@class, \"sapMCbBg\")]"}
COMMAND: POST /session/f2510c46535a82282fd70196afe2e571/elements - {"using":"xpath","value":"//td[@aria-colindex=\"1\"]/div/div[contains(@class, \"sapMCbBg\")]"}
RESULT: {"using":"xpath","value":"//td[@aria-colindex=\"1\"]/div/div[contains(@class, \"sapMCbBg\")]"}
COMMAND: POST /session/f2510c46535a82282fd70196afe2e571/elements - {"using":"xpath","value":"//td[@aria-colindex=\"1\"]/div/div[contains(@class, \"sapMCbBg\")]"}
RESULT: {"using":"xpath","value":"//td[@aria-colindex=\"1\"]/div/div[contains(@class, \"sapMCbBg\")]"}
COMMAND: POST /session/f2510c46535a82282fd70196afe2e571/elements - {"using":"xpath","value":"//td[@aria-colindex=\"1\"]/div/div[contains(@class, \"sapMCbBg\")]"}
RESULT: {"using":"xpath","value":"//td[@aria-colindex=\"1\"]/div/div[contains(@class, \"sapMCbBg\")]"}
COMMAND: POST /session/f2510c46535a82282fd70196afe2e571/elements - {"using":"xpath","value":"//td[@aria-colindex=\"1\"]/div/div[contains(@class, \"sapMCbBg\")]"}
RESULT: {"using":"xpath","value":"//td[@aria-colindex=\"1\"]/div/div[contains(@class, \"sapMCbBg\")]"}
COMMAND: POST /session/f2510c46535a82282fd70196afe2e571/elements - {"using":"xpath","value":"//td[@aria-colindex=\"1\"]/div/div[contains(@class, \"sapMCbBg\")]"}
RESULT: {"using":"xpath","value":"//td[@aria-colindex=\"1\"]/div/div[contains(@class, \"sapMCbBg\")]"}
COMMAND: POST /session/f2510c46535a82282fd70196afe2e571/elements - {"using":"xpath","value":"//td[@aria-colindex=\"1\"]/div/div[contains(@class, \"sapMCbBg\")]"}
RESULT: {"using":"xpath","value":"//td[@aria-colindex=\"1\"]/div/div[contains(@class, \"sapMCbBg\")]"}
COMMAND: POST /session/f2510c46535a82282fd70196afe2e571/elements - {"using":"xpath","value":"//td[@aria-colindex=\"1\"]/div/div[contains(@class, \"sapMCbBg\")]"}
RESULT: {"using":"xpath","value":"//td[@aria-colindex=\"1\"]/div/div[contains(@class, \"sapMCbBg\")]"}
COMMAND: POST /session/f2510c46535a82282fd70196afe2e571/elements - {"using":"xpath","value":"//td[@aria-colindex=\"1\"]/div/div[contains(@class, \"sapMCbBg\")]"}
RESULT: {"using":"xpath","value":"//td[@aria-colindex=\"1\"]/div/div[contains(@class, \"sapMCbBg\")]"}
COMMAND: POST /session/f2510c46535a82282fd70196afe2e571/elements - {"using":"xpath","value":"//td[@aria-colindex=\"1\"]/div/div[contains(@class, \"sapMCbBg\")]"}
RESULT: {"using":"xpath","value":"//td[@aria-colindex=\"1\"]/div/div[contains(@class, \"sapMCbBg\")]"}
COMMAND: POST /session/f2510c46535a82282fd70196afe2e571/elements - {"using":"xpath","value":"//td[@aria-colindex=\"1\"]/div/div[contains(@class, \"sapMCbBg\")]"}
RESULT: {"using":"xpath","value":"//td[@aria-colindex=\"1\"]/div/div[contains(@class, \"sapMCbBg\")]"}
COMMAND: POST /session/f2510c46535a82282fd70196afe2e571/elements - {"using":"xpath","value":"//td[@aria-colindex=\"1\"]/div/div[contains(@class, \"sapMCbBg\")]"}
RESULT: {"using":"xpath","value":"//td[@aria-colindex=\"1\"]/div/div[contains(@class, \"sapMCbBg\")]"}
COMMAND: POST /session/f2510c46535a82282fd70196afe2e571/elements - {"using":"xpath","value":"//td[@aria-colindex=\"1\"]/div/div[contains(@class, \"sapMCbBg\")]"}
RESULT: {"using":"xpath","value":"//td[@aria-colindex=\"1\"]/div/div[contains(@class, \"sapMCbBg\")]"}
COMMAND: POST /session/f2510c46535a82282fd70196afe2e571/elements - {"using":"xpath","value":"//td[@aria-colindex=\"1\"]/div/div[contains(@class, \"sapMCbBg\")]"}
RESULT: {"using":"xpath","value":"//td[@aria-colindex=\"1\"]/div/div[contains(@class, \"sapMCbBg\")]"}
COMMAND: POST /session/f2510c46535a82282fd70196afe2e571/elements - {"using":"xpath","value":"//td[@aria-colindex=\"1\"]/div/div[contains(@class, \"sapMCbBg\")]"}
RESULT: {"using":"xpath","value":"//td[@aria-colindex=\"1\"]/div/div[contains(@class, \"sapMCbBg\")]"}
COMMAND: POST /session/f2510c46535a82282fd70196afe2e571/elements - {"using":"xpath","value":"//td[@aria-colindex=\"1\"]/div/div[contains(@class, \"sapMCbBg\")]"}
RESULT: {"using":"xpath","value":"//td[@aria-colindex=\"1\"]/div/div[contains(@class, \"sapMCbBg\")]"}
COMMAND: POST /session/f2510c46535a82282fd70196afe2e571/elements - {"using":"xpath","value":"//td[@aria-colindex=\"1\"]/div/div[contains(@class, \"sapMCbBg\")]"}
COMMAND: GET /session/f2510c46535a82282fd70196afe2e571/screenshot - {}
RESULT: {"using":"xpath","value":"//td[@aria-colindex=\"1\"]/div/div[contains(@class, \"sapMCbBg\")]"}
RESULT: {}
]]></system-out>
      <system-err><![CDATA[
Error: Can't call click on element with selector "//td[@aria-colindex="1"]/div/div[contains(@class, "sapMCbBg")]" because element wasn't found
    at async UtilsPrerequisites.manageBillingsTriggerCalculation (D:\a\1\s\test\specs\BTS\prerequisites-and-utils-functions.js:2750:9)
    at async Context.<anonymous> (D:\a\1\s\test\specs\BTS\billing-calculation-transp-times.spec.js:77:9)
]]></system-err>
    </testcase>
    <testcase classname="chrome.136_0_7103_93.windows.Billing_Calculation_-_Time_based_(considering_transport_times)_US139738" name="Should transfer the billing all the way to completion" time="55.991">
      <failure/>
      <error message="element (&quot;//input[contains(@id ,&quot;application-billingtransfer-display-component---billingWorkbench--smartFilterBar-btnBasicSearch&quot;)]&quot;) still not existing after 45000ms"/>
      <system-out><![CDATA[
COMMAND: GET /session/f2510c46535a82282fd70196afe2e571/screenshot - {}
COMMAND: POST /session/f2510c46535a82282fd70196afe2e571/execute/async - {"script":"<script> [1562 bytes]","args":[{"selector":{"controlType":"sap.m.GenericTile","properties":{"header":"Billing Transfer"}},"wdio_ui5_key":"sapm.GenericTile{\"header\":\"Billing Transfer\"}"}]}
RESULT: {"script":"<script> [1562 bytes]","args":[{"selector":{"controlType":"sap.m.GenericTile","properties":{"header":"Billing Transfer"}},"wdio_ui5_key":"sapm.GenericTile{\"header\":\"Billing Transfer\"}"}]}
RESULT: undefined
RESULT: {}
COMMAND: POST /session/f2510c46535a82282fd70196afe2e571/elements - {"using":"xpath","value":"//span[text()='Error']"}
RESULT: {"using":"xpath","value":"//span[text()='Error']"}
COMMAND: POST /session/f2510c46535a82282fd70196afe2e571/element - {"using":"xpath","value":"//input[contains(@id ,\"application-billingtransfer-display-component---billingWorkbench--smartFilterBar-btnBasicSearch\")]"}
RESULT: {"using":"xpath","value":"//input[contains(@id ,\"application-billingtransfer-display-component---billingWorkbench--smartFilterBar-btnBasicSearch\")]"}
COMMAND: POST /session/f2510c46535a82282fd70196afe2e571/elements - {"using":"xpath","value":"//input[contains(@id ,\"application-billingtransfer-display-component---billingWorkbench--smartFilterBar-btnBasicSearch\")]"}
RESULT: {"using":"xpath","value":"//input[contains(@id ,\"application-billingtransfer-display-component---billingWorkbench--smartFilterBar-btnBasicSearch\")]"}
COMMAND: POST /session/f2510c46535a82282fd70196afe2e571/elements - {"using":"xpath","value":"//input[contains(@id ,\"application-billingtransfer-display-component---billingWorkbench--smartFilterBar-btnBasicSearch\")]"}
RESULT: {"using":"xpath","value":"//input[contains(@id ,\"application-billingtransfer-display-component---billingWorkbench--smartFilterBar-btnBasicSearch\")]"}
COMMAND: POST /session/f2510c46535a82282fd70196afe2e571/elements - {"using":"xpath","value":"//input[contains(@id ,\"application-billingtransfer-display-component---billingWorkbench--smartFilterBar-btnBasicSearch\")]"}
RESULT: {"using":"xpath","value":"//input[contains(@id ,\"application-billingtransfer-display-component---billingWorkbench--smartFilterBar-btnBasicSearch\")]"}
COMMAND: POST /session/f2510c46535a82282fd70196afe2e571/elements - {"using":"xpath","value":"//input[contains(@id ,\"application-billingtransfer-display-component---billingWorkbench--smartFilterBar-btnBasicSearch\")]"}
RESULT: {"using":"xpath","value":"//input[contains(@id ,\"application-billingtransfer-display-component---billingWorkbench--smartFilterBar-btnBasicSearch\")]"}
COMMAND: POST /session/f2510c46535a82282fd70196afe2e571/elements - {"using":"xpath","value":"//input[contains(@id ,\"application-billingtransfer-display-component---billingWorkbench--smartFilterBar-btnBasicSearch\")]"}
RESULT: {"using":"xpath","value":"//input[contains(@id ,\"application-billingtransfer-display-component---billingWorkbench--smartFilterBar-btnBasicSearch\")]"}
COMMAND: POST /session/f2510c46535a82282fd70196afe2e571/elements - {"using":"xpath","value":"//input[contains(@id ,\"application-billingtransfer-display-component---billingWorkbench--smartFilterBar-btnBasicSearch\")]"}
RESULT: {"using":"xpath","value":"//input[contains(@id ,\"application-billingtransfer-display-component---billingWorkbench--smartFilterBar-btnBasicSearch\")]"}
COMMAND: POST /session/f2510c46535a82282fd70196afe2e571/elements - {"using":"xpath","value":"//input[contains(@id ,\"application-billingtransfer-display-component---billingWorkbench--smartFilterBar-btnBasicSearch\")]"}
RESULT: {"using":"xpath","value":"//input[contains(@id ,\"application-billingtransfer-display-component---billingWorkbench--smartFilterBar-btnBasicSearch\")]"}
COMMAND: POST /session/f2510c46535a82282fd70196afe2e571/elements - {"using":"xpath","value":"//input[contains(@id ,\"application-billingtransfer-display-component---billingWorkbench--smartFilterBar-btnBasicSearch\")]"}
RESULT: {"using":"xpath","value":"//input[contains(@id ,\"application-billingtransfer-display-component---billingWorkbench--smartFilterBar-btnBasicSearch\")]"}
COMMAND: POST /session/f2510c46535a82282fd70196afe2e571/elements - {"using":"xpath","value":"//input[contains(@id ,\"application-billingtransfer-display-component---billingWorkbench--smartFilterBar-btnBasicSearch\")]"}
RESULT: {"using":"xpath","value":"//input[contains(@id ,\"application-billingtransfer-display-component---billingWorkbench--smartFilterBar-btnBasicSearch\")]"}
COMMAND: POST /session/f2510c46535a82282fd70196afe2e571/elements - {"using":"xpath","value":"//input[contains(@id ,\"application-billingtransfer-display-component---billingWorkbench--smartFilterBar-btnBasicSearch\")]"}
RESULT: {"using":"xpath","value":"//input[contains(@id ,\"application-billingtransfer-display-component---billingWorkbench--smartFilterBar-btnBasicSearch\")]"}
COMMAND: POST /session/f2510c46535a82282fd70196afe2e571/elements - {"using":"xpath","value":"//input[contains(@id ,\"application-billingtransfer-display-component---billingWorkbench--smartFilterBar-btnBasicSearch\")]"}
RESULT: {"using":"xpath","value":"//input[contains(@id ,\"application-billingtransfer-display-component---billingWorkbench--smartFilterBar-btnBasicSearch\")]"}
COMMAND: POST /session/f2510c46535a82282fd70196afe2e571/elements - {"using":"xpath","value":"//input[contains(@id ,\"application-billingtransfer-display-component---billingWorkbench--smartFilterBar-btnBasicSearch\")]"}
RESULT: {"using":"xpath","value":"//input[contains(@id ,\"application-billingtransfer-display-component---billingWorkbench--smartFilterBar-btnBasicSearch\")]"}
COMMAND: POST /session/f2510c46535a82282fd70196afe2e571/elements - {"using":"xpath","value":"//input[contains(@id ,\"application-billingtransfer-display-component---billingWorkbench--smartFilterBar-btnBasicSearch\")]"}
RESULT: {"using":"xpath","value":"//input[contains(@id ,\"application-billingtransfer-display-component---billingWorkbench--smartFilterBar-btnBasicSearch\")]"}
COMMAND: POST /session/f2510c46535a82282fd70196afe2e571/elements - {"using":"xpath","value":"//input[contains(@id ,\"application-billingtransfer-display-component---billingWorkbench--smartFilterBar-btnBasicSearch\")]"}
RESULT: {"using":"xpath","value":"//input[contains(@id ,\"application-billingtransfer-display-component---billingWorkbench--smartFilterBar-btnBasicSearch\")]"}
COMMAND: POST /session/f2510c46535a82282fd70196afe2e571/elements - {"using":"xpath","value":"//input[contains(@id ,\"application-billingtransfer-display-component---billingWorkbench--smartFilterBar-btnBasicSearch\")]"}
RESULT: {"using":"xpath","value":"//input[contains(@id ,\"application-billingtransfer-display-component---billingWorkbench--smartFilterBar-btnBasicSearch\")]"}
COMMAND: POST /session/f2510c46535a82282fd70196afe2e571/elements - {"using":"xpath","value":"//input[contains(@id ,\"application-billingtransfer-display-component---billingWorkbench--smartFilterBar-btnBasicSearch\")]"}
RESULT: {"using":"xpath","value":"//input[contains(@id ,\"application-billingtransfer-display-component---billingWorkbench--smartFilterBar-btnBasicSearch\")]"}
COMMAND: POST /session/f2510c46535a82282fd70196afe2e571/elements - {"using":"xpath","value":"//input[contains(@id ,\"application-billingtransfer-display-component---billingWorkbench--smartFilterBar-btnBasicSearch\")]"}
RESULT: {"using":"xpath","value":"//input[contains(@id ,\"application-billingtransfer-display-component---billingWorkbench--smartFilterBar-btnBasicSearch\")]"}
COMMAND: POST /session/f2510c46535a82282fd70196afe2e571/elements - {"using":"xpath","value":"//input[contains(@id ,\"application-billingtransfer-display-component---billingWorkbench--smartFilterBar-btnBasicSearch\")]"}
RESULT: {"using":"xpath","value":"//input[contains(@id ,\"application-billingtransfer-display-component---billingWorkbench--smartFilterBar-btnBasicSearch\")]"}
COMMAND: POST /session/f2510c46535a82282fd70196afe2e571/elements - {"using":"xpath","value":"//input[contains(@id ,\"application-billingtransfer-display-component---billingWorkbench--smartFilterBar-btnBasicSearch\")]"}
RESULT: {"using":"xpath","value":"//input[contains(@id ,\"application-billingtransfer-display-component---billingWorkbench--smartFilterBar-btnBasicSearch\")]"}
COMMAND: POST /session/f2510c46535a82282fd70196afe2e571/elements - {"using":"xpath","value":"//input[contains(@id ,\"application-billingtransfer-display-component---billingWorkbench--smartFilterBar-btnBasicSearch\")]"}
RESULT: {"using":"xpath","value":"//input[contains(@id ,\"application-billingtransfer-display-component---billingWorkbench--smartFilterBar-btnBasicSearch\")]"}
COMMAND: POST /session/f2510c46535a82282fd70196afe2e571/elements - {"using":"xpath","value":"//input[contains(@id ,\"application-billingtransfer-display-component---billingWorkbench--smartFilterBar-btnBasicSearch\")]"}
RESULT: {"using":"xpath","value":"//input[contains(@id ,\"application-billingtransfer-display-component---billingWorkbench--smartFilterBar-btnBasicSearch\")]"}
COMMAND: POST /session/f2510c46535a82282fd70196afe2e571/elements - {"using":"xpath","value":"//input[contains(@id ,\"application-billingtransfer-display-component---billingWorkbench--smartFilterBar-btnBasicSearch\")]"}
RESULT: {"using":"xpath","value":"//input[contains(@id ,\"application-billingtransfer-display-component---billingWorkbench--smartFilterBar-btnBasicSearch\")]"}
COMMAND: POST /session/f2510c46535a82282fd70196afe2e571/elements - {"using":"xpath","value":"//input[contains(@id ,\"application-billingtransfer-display-component---billingWorkbench--smartFilterBar-btnBasicSearch\")]"}
RESULT: {"using":"xpath","value":"//input[contains(@id ,\"application-billingtransfer-display-component---billingWorkbench--smartFilterBar-btnBasicSearch\")]"}
COMMAND: POST /session/f2510c46535a82282fd70196afe2e571/elements - {"using":"xpath","value":"//input[contains(@id ,\"application-billingtransfer-display-component---billingWorkbench--smartFilterBar-btnBasicSearch\")]"}
RESULT: {"using":"xpath","value":"//input[contains(@id ,\"application-billingtransfer-display-component---billingWorkbench--smartFilterBar-btnBasicSearch\")]"}
COMMAND: POST /session/f2510c46535a82282fd70196afe2e571/elements - {"using":"xpath","value":"//input[contains(@id ,\"application-billingtransfer-display-component---billingWorkbench--smartFilterBar-btnBasicSearch\")]"}
RESULT: {"using":"xpath","value":"//input[contains(@id ,\"application-billingtransfer-display-component---billingWorkbench--smartFilterBar-btnBasicSearch\")]"}
COMMAND: POST /session/f2510c46535a82282fd70196afe2e571/elements - {"using":"xpath","value":"//input[contains(@id ,\"application-billingtransfer-display-component---billingWorkbench--smartFilterBar-btnBasicSearch\")]"}
RESULT: {"using":"xpath","value":"//input[contains(@id ,\"application-billingtransfer-display-component---billingWorkbench--smartFilterBar-btnBasicSearch\")]"}
COMMAND: POST /session/f2510c46535a82282fd70196afe2e571/elements - {"using":"xpath","value":"//input[contains(@id ,\"application-billingtransfer-display-component---billingWorkbench--smartFilterBar-btnBasicSearch\")]"}
RESULT: {"using":"xpath","value":"//input[contains(@id ,\"application-billingtransfer-display-component---billingWorkbench--smartFilterBar-btnBasicSearch\")]"}
COMMAND: POST /session/f2510c46535a82282fd70196afe2e571/elements - {"using":"xpath","value":"//input[contains(@id ,\"application-billingtransfer-display-component---billingWorkbench--smartFilterBar-btnBasicSearch\")]"}
RESULT: {"using":"xpath","value":"//input[contains(@id ,\"application-billingtransfer-display-component---billingWorkbench--smartFilterBar-btnBasicSearch\")]"}
COMMAND: POST /session/f2510c46535a82282fd70196afe2e571/elements - {"using":"xpath","value":"//input[contains(@id ,\"application-billingtransfer-display-component---billingWorkbench--smartFilterBar-btnBasicSearch\")]"}
RESULT: {"using":"xpath","value":"//input[contains(@id ,\"application-billingtransfer-display-component---billingWorkbench--smartFilterBar-btnBasicSearch\")]"}
COMMAND: POST /session/f2510c46535a82282fd70196afe2e571/elements - {"using":"xpath","value":"//input[contains(@id ,\"application-billingtransfer-display-component---billingWorkbench--smartFilterBar-btnBasicSearch\")]"}
RESULT: {"using":"xpath","value":"//input[contains(@id ,\"application-billingtransfer-display-component---billingWorkbench--smartFilterBar-btnBasicSearch\")]"}
COMMAND: POST /session/f2510c46535a82282fd70196afe2e571/elements - {"using":"xpath","value":"//input[contains(@id ,\"application-billingtransfer-display-component---billingWorkbench--smartFilterBar-btnBasicSearch\")]"}
RESULT: {"using":"xpath","value":"//input[contains(@id ,\"application-billingtransfer-display-component---billingWorkbench--smartFilterBar-btnBasicSearch\")]"}
COMMAND: POST /session/f2510c46535a82282fd70196afe2e571/elements - {"using":"xpath","value":"//input[contains(@id ,\"application-billingtransfer-display-component---billingWorkbench--smartFilterBar-btnBasicSearch\")]"}
RESULT: {"using":"xpath","value":"//input[contains(@id ,\"application-billingtransfer-display-component---billingWorkbench--smartFilterBar-btnBasicSearch\")]"}
COMMAND: POST /session/f2510c46535a82282fd70196afe2e571/elements - {"using":"xpath","value":"//input[contains(@id ,\"application-billingtransfer-display-component---billingWorkbench--smartFilterBar-btnBasicSearch\")]"}
RESULT: {"using":"xpath","value":"//input[contains(@id ,\"application-billingtransfer-display-component---billingWorkbench--smartFilterBar-btnBasicSearch\")]"}
COMMAND: POST /session/f2510c46535a82282fd70196afe2e571/elements - {"using":"xpath","value":"//input[contains(@id ,\"application-billingtransfer-display-component---billingWorkbench--smartFilterBar-btnBasicSearch\")]"}
RESULT: {"using":"xpath","value":"//input[contains(@id ,\"application-billingtransfer-display-component---billingWorkbench--smartFilterBar-btnBasicSearch\")]"}
COMMAND: POST /session/f2510c46535a82282fd70196afe2e571/elements - {"using":"xpath","value":"//input[contains(@id ,\"application-billingtransfer-display-component---billingWorkbench--smartFilterBar-btnBasicSearch\")]"}
RESULT: {"using":"xpath","value":"//input[contains(@id ,\"application-billingtransfer-display-component---billingWorkbench--smartFilterBar-btnBasicSearch\")]"}
COMMAND: POST /session/f2510c46535a82282fd70196afe2e571/elements - {"using":"xpath","value":"//input[contains(@id ,\"application-billingtransfer-display-component---billingWorkbench--smartFilterBar-btnBasicSearch\")]"}
RESULT: {"using":"xpath","value":"//input[contains(@id ,\"application-billingtransfer-display-component---billingWorkbench--smartFilterBar-btnBasicSearch\")]"}
COMMAND: POST /session/f2510c46535a82282fd70196afe2e571/elements - {"using":"xpath","value":"//input[contains(@id ,\"application-billingtransfer-display-component---billingWorkbench--smartFilterBar-btnBasicSearch\")]"}
RESULT: {"using":"xpath","value":"//input[contains(@id ,\"application-billingtransfer-display-component---billingWorkbench--smartFilterBar-btnBasicSearch\")]"}
COMMAND: POST /session/f2510c46535a82282fd70196afe2e571/elements - {"using":"xpath","value":"//input[contains(@id ,\"application-billingtransfer-display-component---billingWorkbench--smartFilterBar-btnBasicSearch\")]"}
RESULT: {"using":"xpath","value":"//input[contains(@id ,\"application-billingtransfer-display-component---billingWorkbench--smartFilterBar-btnBasicSearch\")]"}
COMMAND: POST /session/f2510c46535a82282fd70196afe2e571/elements - {"using":"xpath","value":"//input[contains(@id ,\"application-billingtransfer-display-component---billingWorkbench--smartFilterBar-btnBasicSearch\")]"}
RESULT: {"using":"xpath","value":"//input[contains(@id ,\"application-billingtransfer-display-component---billingWorkbench--smartFilterBar-btnBasicSearch\")]"}
COMMAND: POST /session/f2510c46535a82282fd70196afe2e571/elements - {"using":"xpath","value":"//input[contains(@id ,\"application-billingtransfer-display-component---billingWorkbench--smartFilterBar-btnBasicSearch\")]"}
RESULT: {"using":"xpath","value":"//input[contains(@id ,\"application-billingtransfer-display-component---billingWorkbench--smartFilterBar-btnBasicSearch\")]"}
COMMAND: POST /session/f2510c46535a82282fd70196afe2e571/elements - {"using":"xpath","value":"//input[contains(@id ,\"application-billingtransfer-display-component---billingWorkbench--smartFilterBar-btnBasicSearch\")]"}
RESULT: {"using":"xpath","value":"//input[contains(@id ,\"application-billingtransfer-display-component---billingWorkbench--smartFilterBar-btnBasicSearch\")]"}
COMMAND: POST /session/f2510c46535a82282fd70196afe2e571/elements - {"using":"xpath","value":"//input[contains(@id ,\"application-billingtransfer-display-component---billingWorkbench--smartFilterBar-btnBasicSearch\")]"}
RESULT: {"using":"xpath","value":"//input[contains(@id ,\"application-billingtransfer-display-component---billingWorkbench--smartFilterBar-btnBasicSearch\")]"}
COMMAND: POST /session/f2510c46535a82282fd70196afe2e571/elements - {"using":"xpath","value":"//input[contains(@id ,\"application-billingtransfer-display-component---billingWorkbench--smartFilterBar-btnBasicSearch\")]"}
RESULT: {"using":"xpath","value":"//input[contains(@id ,\"application-billingtransfer-display-component---billingWorkbench--smartFilterBar-btnBasicSearch\")]"}
COMMAND: POST /session/f2510c46535a82282fd70196afe2e571/elements - {"using":"xpath","value":"//input[contains(@id ,\"application-billingtransfer-display-component---billingWorkbench--smartFilterBar-btnBasicSearch\")]"}
RESULT: {"using":"xpath","value":"//input[contains(@id ,\"application-billingtransfer-display-component---billingWorkbench--smartFilterBar-btnBasicSearch\")]"}
COMMAND: POST /session/f2510c46535a82282fd70196afe2e571/elements - {"using":"xpath","value":"//input[contains(@id ,\"application-billingtransfer-display-component---billingWorkbench--smartFilterBar-btnBasicSearch\")]"}
RESULT: {"using":"xpath","value":"//input[contains(@id ,\"application-billingtransfer-display-component---billingWorkbench--smartFilterBar-btnBasicSearch\")]"}
COMMAND: POST /session/f2510c46535a82282fd70196afe2e571/elements - {"using":"xpath","value":"//input[contains(@id ,\"application-billingtransfer-display-component---billingWorkbench--smartFilterBar-btnBasicSearch\")]"}
RESULT: {"using":"xpath","value":"//input[contains(@id ,\"application-billingtransfer-display-component---billingWorkbench--smartFilterBar-btnBasicSearch\")]"}
COMMAND: POST /session/f2510c46535a82282fd70196afe2e571/elements - {"using":"xpath","value":"//input[contains(@id ,\"application-billingtransfer-display-component---billingWorkbench--smartFilterBar-btnBasicSearch\")]"}
RESULT: {"using":"xpath","value":"//input[contains(@id ,\"application-billingtransfer-display-component---billingWorkbench--smartFilterBar-btnBasicSearch\")]"}
COMMAND: POST /session/f2510c46535a82282fd70196afe2e571/elements - {"using":"xpath","value":"//input[contains(@id ,\"application-billingtransfer-display-component---billingWorkbench--smartFilterBar-btnBasicSearch\")]"}
RESULT: {"using":"xpath","value":"//input[contains(@id ,\"application-billingtransfer-display-component---billingWorkbench--smartFilterBar-btnBasicSearch\")]"}
COMMAND: POST /session/f2510c46535a82282fd70196afe2e571/elements - {"using":"xpath","value":"//input[contains(@id ,\"application-billingtransfer-display-component---billingWorkbench--smartFilterBar-btnBasicSearch\")]"}
RESULT: {"using":"xpath","value":"//input[contains(@id ,\"application-billingtransfer-display-component---billingWorkbench--smartFilterBar-btnBasicSearch\")]"}
COMMAND: POST /session/f2510c46535a82282fd70196afe2e571/elements - {"using":"xpath","value":"//input[contains(@id ,\"application-billingtransfer-display-component---billingWorkbench--smartFilterBar-btnBasicSearch\")]"}
RESULT: {"using":"xpath","value":"//input[contains(@id ,\"application-billingtransfer-display-component---billingWorkbench--smartFilterBar-btnBasicSearch\")]"}
COMMAND: POST /session/f2510c46535a82282fd70196afe2e571/elements - {"using":"xpath","value":"//input[contains(@id ,\"application-billingtransfer-display-component---billingWorkbench--smartFilterBar-btnBasicSearch\")]"}
RESULT: {"using":"xpath","value":"//input[contains(@id ,\"application-billingtransfer-display-component---billingWorkbench--smartFilterBar-btnBasicSearch\")]"}
COMMAND: POST /session/f2510c46535a82282fd70196afe2e571/elements - {"using":"xpath","value":"//input[contains(@id ,\"application-billingtransfer-display-component---billingWorkbench--smartFilterBar-btnBasicSearch\")]"}
RESULT: {"using":"xpath","value":"//input[contains(@id ,\"application-billingtransfer-display-component---billingWorkbench--smartFilterBar-btnBasicSearch\")]"}
COMMAND: POST /session/f2510c46535a82282fd70196afe2e571/elements - {"using":"xpath","value":"//input[contains(@id ,\"application-billingtransfer-display-component---billingWorkbench--smartFilterBar-btnBasicSearch\")]"}
RESULT: {"using":"xpath","value":"//input[contains(@id ,\"application-billingtransfer-display-component---billingWorkbench--smartFilterBar-btnBasicSearch\")]"}
COMMAND: POST /session/f2510c46535a82282fd70196afe2e571/elements - {"using":"xpath","value":"//input[contains(@id ,\"application-billingtransfer-display-component---billingWorkbench--smartFilterBar-btnBasicSearch\")]"}
RESULT: {"using":"xpath","value":"//input[contains(@id ,\"application-billingtransfer-display-component---billingWorkbench--smartFilterBar-btnBasicSearch\")]"}
COMMAND: POST /session/f2510c46535a82282fd70196afe2e571/elements - {"using":"xpath","value":"//input[contains(@id ,\"application-billingtransfer-display-component---billingWorkbench--smartFilterBar-btnBasicSearch\")]"}
RESULT: {"using":"xpath","value":"//input[contains(@id ,\"application-billingtransfer-display-component---billingWorkbench--smartFilterBar-btnBasicSearch\")]"}
COMMAND: POST /session/f2510c46535a82282fd70196afe2e571/elements - {"using":"xpath","value":"//input[contains(@id ,\"application-billingtransfer-display-component---billingWorkbench--smartFilterBar-btnBasicSearch\")]"}
RESULT: {"using":"xpath","value":"//input[contains(@id ,\"application-billingtransfer-display-component---billingWorkbench--smartFilterBar-btnBasicSearch\")]"}
COMMAND: POST /session/f2510c46535a82282fd70196afe2e571/elements - {"using":"xpath","value":"//input[contains(@id ,\"application-billingtransfer-display-component---billingWorkbench--smartFilterBar-btnBasicSearch\")]"}
RESULT: {"using":"xpath","value":"//input[contains(@id ,\"application-billingtransfer-display-component---billingWorkbench--smartFilterBar-btnBasicSearch\")]"}
COMMAND: POST /session/f2510c46535a82282fd70196afe2e571/elements - {"using":"xpath","value":"//input[contains(@id ,\"application-billingtransfer-display-component---billingWorkbench--smartFilterBar-btnBasicSearch\")]"}
RESULT: {"using":"xpath","value":"//input[contains(@id ,\"application-billingtransfer-display-component---billingWorkbench--smartFilterBar-btnBasicSearch\")]"}
COMMAND: POST /session/f2510c46535a82282fd70196afe2e571/elements - {"using":"xpath","value":"//input[contains(@id ,\"application-billingtransfer-display-component---billingWorkbench--smartFilterBar-btnBasicSearch\")]"}
RESULT: {"using":"xpath","value":"//input[contains(@id ,\"application-billingtransfer-display-component---billingWorkbench--smartFilterBar-btnBasicSearch\")]"}
COMMAND: POST /session/f2510c46535a82282fd70196afe2e571/elements - {"using":"xpath","value":"//input[contains(@id ,\"application-billingtransfer-display-component---billingWorkbench--smartFilterBar-btnBasicSearch\")]"}
RESULT: {"using":"xpath","value":"//input[contains(@id ,\"application-billingtransfer-display-component---billingWorkbench--smartFilterBar-btnBasicSearch\")]"}
COMMAND: POST /session/f2510c46535a82282fd70196afe2e571/elements - {"using":"xpath","value":"//input[contains(@id ,\"application-billingtransfer-display-component---billingWorkbench--smartFilterBar-btnBasicSearch\")]"}
RESULT: {"using":"xpath","value":"//input[contains(@id ,\"application-billingtransfer-display-component---billingWorkbench--smartFilterBar-btnBasicSearch\")]"}
COMMAND: POST /session/f2510c46535a82282fd70196afe2e571/elements - {"using":"xpath","value":"//input[contains(@id ,\"application-billingtransfer-display-component---billingWorkbench--smartFilterBar-btnBasicSearch\")]"}
RESULT: {"using":"xpath","value":"//input[contains(@id ,\"application-billingtransfer-display-component---billingWorkbench--smartFilterBar-btnBasicSearch\")]"}
COMMAND: POST /session/f2510c46535a82282fd70196afe2e571/elements - {"using":"xpath","value":"//input[contains(@id ,\"application-billingtransfer-display-component---billingWorkbench--smartFilterBar-btnBasicSearch\")]"}
RESULT: {"using":"xpath","value":"//input[contains(@id ,\"application-billingtransfer-display-component---billingWorkbench--smartFilterBar-btnBasicSearch\")]"}
COMMAND: POST /session/f2510c46535a82282fd70196afe2e571/elements - {"using":"xpath","value":"//input[contains(@id ,\"application-billingtransfer-display-component---billingWorkbench--smartFilterBar-btnBasicSearch\")]"}
RESULT: {"using":"xpath","value":"//input[contains(@id ,\"application-billingtransfer-display-component---billingWorkbench--smartFilterBar-btnBasicSearch\")]"}
COMMAND: POST /session/f2510c46535a82282fd70196afe2e571/elements - {"using":"xpath","value":"//input[contains(@id ,\"application-billingtransfer-display-component---billingWorkbench--smartFilterBar-btnBasicSearch\")]"}
RESULT: {"using":"xpath","value":"//input[contains(@id ,\"application-billingtransfer-display-component---billingWorkbench--smartFilterBar-btnBasicSearch\")]"}
COMMAND: POST /session/f2510c46535a82282fd70196afe2e571/elements - {"using":"xpath","value":"//input[contains(@id ,\"application-billingtransfer-display-component---billingWorkbench--smartFilterBar-btnBasicSearch\")]"}
RESULT: {"using":"xpath","value":"//input[contains(@id ,\"application-billingtransfer-display-component---billingWorkbench--smartFilterBar-btnBasicSearch\")]"}
COMMAND: POST /session/f2510c46535a82282fd70196afe2e571/elements - {"using":"xpath","value":"//input[contains(@id ,\"application-billingtransfer-display-component---billingWorkbench--smartFilterBar-btnBasicSearch\")]"}
RESULT: {"using":"xpath","value":"//input[contains(@id ,\"application-billingtransfer-display-component---billingWorkbench--smartFilterBar-btnBasicSearch\")]"}
COMMAND: POST /session/f2510c46535a82282fd70196afe2e571/elements - {"using":"xpath","value":"//input[contains(@id ,\"application-billingtransfer-display-component---billingWorkbench--smartFilterBar-btnBasicSearch\")]"}
RESULT: {"using":"xpath","value":"//input[contains(@id ,\"application-billingtransfer-display-component---billingWorkbench--smartFilterBar-btnBasicSearch\")]"}
COMMAND: POST /session/f2510c46535a82282fd70196afe2e571/elements - {"using":"xpath","value":"//input[contains(@id ,\"application-billingtransfer-display-component---billingWorkbench--smartFilterBar-btnBasicSearch\")]"}
RESULT: {"using":"xpath","value":"//input[contains(@id ,\"application-billingtransfer-display-component---billingWorkbench--smartFilterBar-btnBasicSearch\")]"}
COMMAND: POST /session/f2510c46535a82282fd70196afe2e571/elements - {"using":"xpath","value":"//input[contains(@id ,\"application-billingtransfer-display-component---billingWorkbench--smartFilterBar-btnBasicSearch\")]"}
RESULT: {"using":"xpath","value":"//input[contains(@id ,\"application-billingtransfer-display-component---billingWorkbench--smartFilterBar-btnBasicSearch\")]"}
COMMAND: POST /session/f2510c46535a82282fd70196afe2e571/elements - {"using":"xpath","value":"//input[contains(@id ,\"application-billingtransfer-display-component---billingWorkbench--smartFilterBar-btnBasicSearch\")]"}
RESULT: {"using":"xpath","value":"//input[contains(@id ,\"application-billingtransfer-display-component---billingWorkbench--smartFilterBar-btnBasicSearch\")]"}
COMMAND: POST /session/f2510c46535a82282fd70196afe2e571/elements - {"using":"xpath","value":"//input[contains(@id ,\"application-billingtransfer-display-component---billingWorkbench--smartFilterBar-btnBasicSearch\")]"}
RESULT: {"using":"xpath","value":"//input[contains(@id ,\"application-billingtransfer-display-component---billingWorkbench--smartFilterBar-btnBasicSearch\")]"}
COMMAND: POST /session/f2510c46535a82282fd70196afe2e571/elements - {"using":"xpath","value":"//input[contains(@id ,\"application-billingtransfer-display-component---billingWorkbench--smartFilterBar-btnBasicSearch\")]"}
RESULT: {"using":"xpath","value":"//input[contains(@id ,\"application-billingtransfer-display-component---billingWorkbench--smartFilterBar-btnBasicSearch\")]"}
COMMAND: POST /session/f2510c46535a82282fd70196afe2e571/elements - {"using":"xpath","value":"//input[contains(@id ,\"application-billingtransfer-display-component---billingWorkbench--smartFilterBar-btnBasicSearch\")]"}
RESULT: {"using":"xpath","value":"//input[contains(@id ,\"application-billingtransfer-display-component---billingWorkbench--smartFilterBar-btnBasicSearch\")]"}
COMMAND: POST /session/f2510c46535a82282fd70196afe2e571/elements - {"using":"xpath","value":"//input[contains(@id ,\"application-billingtransfer-display-component---billingWorkbench--smartFilterBar-btnBasicSearch\")]"}
RESULT: {"using":"xpath","value":"//input[contains(@id ,\"application-billingtransfer-display-component---billingWorkbench--smartFilterBar-btnBasicSearch\")]"}
COMMAND: POST /session/f2510c46535a82282fd70196afe2e571/elements - {"using":"xpath","value":"//input[contains(@id ,\"application-billingtransfer-display-component---billingWorkbench--smartFilterBar-btnBasicSearch\")]"}
RESULT: {"using":"xpath","value":"//input[contains(@id ,\"application-billingtransfer-display-component---billingWorkbench--smartFilterBar-btnBasicSearch\")]"}
COMMAND: POST /session/f2510c46535a82282fd70196afe2e571/elements - {"using":"xpath","value":"//input[contains(@id ,\"application-billingtransfer-display-component---billingWorkbench--smartFilterBar-btnBasicSearch\")]"}
RESULT: {"using":"xpath","value":"//input[contains(@id ,\"application-billingtransfer-display-component---billingWorkbench--smartFilterBar-btnBasicSearch\")]"}
COMMAND: POST /session/f2510c46535a82282fd70196afe2e571/elements - {"using":"xpath","value":"//input[contains(@id ,\"application-billingtransfer-display-component---billingWorkbench--smartFilterBar-btnBasicSearch\")]"}
RESULT: {"using":"xpath","value":"//input[contains(@id ,\"application-billingtransfer-display-component---billingWorkbench--smartFilterBar-btnBasicSearch\")]"}
COMMAND: POST /session/f2510c46535a82282fd70196afe2e571/elements - {"using":"xpath","value":"//input[contains(@id ,\"application-billingtransfer-display-component---billingWorkbench--smartFilterBar-btnBasicSearch\")]"}
RESULT: {"using":"xpath","value":"//input[contains(@id ,\"application-billingtransfer-display-component---billingWorkbench--smartFilterBar-btnBasicSearch\")]"}
COMMAND: POST /session/f2510c46535a82282fd70196afe2e571/elements - {"using":"xpath","value":"//input[contains(@id ,\"application-billingtransfer-display-component---billingWorkbench--smartFilterBar-btnBasicSearch\")]"}
RESULT: {"using":"xpath","value":"//input[contains(@id ,\"application-billingtransfer-display-component---billingWorkbench--smartFilterBar-btnBasicSearch\")]"}
COMMAND: POST /session/f2510c46535a82282fd70196afe2e571/elements - {"using":"xpath","value":"//input[contains(@id ,\"application-billingtransfer-display-component---billingWorkbench--smartFilterBar-btnBasicSearch\")]"}
RESULT: {"using":"xpath","value":"//input[contains(@id ,\"application-billingtransfer-display-component---billingWorkbench--smartFilterBar-btnBasicSearch\")]"}
COMMAND: POST /session/f2510c46535a82282fd70196afe2e571/elements - {"using":"xpath","value":"//input[contains(@id ,\"application-billingtransfer-display-component---billingWorkbench--smartFilterBar-btnBasicSearch\")]"}
RESULT: {"using":"xpath","value":"//input[contains(@id ,\"application-billingtransfer-display-component---billingWorkbench--smartFilterBar-btnBasicSearch\")]"}
COMMAND: POST /session/f2510c46535a82282fd70196afe2e571/elements - {"using":"xpath","value":"//input[contains(@id ,\"application-billingtransfer-display-component---billingWorkbench--smartFilterBar-btnBasicSearch\")]"}
RESULT: {"using":"xpath","value":"//input[contains(@id ,\"application-billingtransfer-display-component---billingWorkbench--smartFilterBar-btnBasicSearch\")]"}
COMMAND: POST /session/f2510c46535a82282fd70196afe2e571/elements - {"using":"xpath","value":"//input[contains(@id ,\"application-billingtransfer-display-component---billingWorkbench--smartFilterBar-btnBasicSearch\")]"}
RESULT: {"using":"xpath","value":"//input[contains(@id ,\"application-billingtransfer-display-component---billingWorkbench--smartFilterBar-btnBasicSearch\")]"}
COMMAND: POST /session/f2510c46535a82282fd70196afe2e571/elements - {"using":"xpath","value":"//input[contains(@id ,\"application-billingtransfer-display-component---billingWorkbench--smartFilterBar-btnBasicSearch\")]"}
RESULT: {"using":"xpath","value":"//input[contains(@id ,\"application-billingtransfer-display-component---billingWorkbench--smartFilterBar-btnBasicSearch\")]"}
COMMAND: POST /session/f2510c46535a82282fd70196afe2e571/elements - {"using":"xpath","value":"//input[contains(@id ,\"application-billingtransfer-display-component---billingWorkbench--smartFilterBar-btnBasicSearch\")]"}
RESULT: {"using":"xpath","value":"//input[contains(@id ,\"application-billingtransfer-display-component---billingWorkbench--smartFilterBar-btnBasicSearch\")]"}
COMMAND: POST /session/f2510c46535a82282fd70196afe2e571/elements - {"using":"xpath","value":"//input[contains(@id ,\"application-billingtransfer-display-component---billingWorkbench--smartFilterBar-btnBasicSearch\")]"}
RESULT: {"using":"xpath","value":"//input[contains(@id ,\"application-billingtransfer-display-component---billingWorkbench--smartFilterBar-btnBasicSearch\")]"}
COMMAND: POST /session/f2510c46535a82282fd70196afe2e571/elements - {"using":"xpath","value":"//input[contains(@id ,\"application-billingtransfer-display-component---billingWorkbench--smartFilterBar-btnBasicSearch\")]"}
RESULT: {"using":"xpath","value":"//input[contains(@id ,\"application-billingtransfer-display-component---billingWorkbench--smartFilterBar-btnBasicSearch\")]"}
COMMAND: POST /session/f2510c46535a82282fd70196afe2e571/elements - {"using":"xpath","value":"//input[contains(@id ,\"application-billingtransfer-display-component---billingWorkbench--smartFilterBar-btnBasicSearch\")]"}
RESULT: {"using":"xpath","value":"//input[contains(@id ,\"application-billingtransfer-display-component---billingWorkbench--smartFilterBar-btnBasicSearch\")]"}
COMMAND: POST /session/f2510c46535a82282fd70196afe2e571/elements - {"using":"xpath","value":"//input[contains(@id ,\"application-billingtransfer-display-component---billingWorkbench--smartFilterBar-btnBasicSearch\")]"}
RESULT: {"using":"xpath","value":"//input[contains(@id ,\"application-billingtransfer-display-component---billingWorkbench--smartFilterBar-btnBasicSearch\")]"}
COMMAND: POST /session/f2510c46535a82282fd70196afe2e571/elements - {"using":"xpath","value":"//input[contains(@id ,\"application-billingtransfer-display-component---billingWorkbench--smartFilterBar-btnBasicSearch\")]"}
COMMAND: GET /session/f2510c46535a82282fd70196afe2e571/screenshot - {}
RESULT: {"using":"xpath","value":"//input[contains(@id ,\"application-billingtransfer-display-component---billingWorkbench--smartFilterBar-btnBasicSearch\")]"}
RESULT: {}
COMMAND: GET /session/f2510c46535a82282fd70196afe2e571/screenshot - {}
]]></system-out>
      <system-err><![CDATA[
Error: element ("//input[contains(@id ,"application-billingtransfer-display-component---billingWorkbench--smartFilterBar-btnBasicSearch")]") still not existing after 45000ms
    at async UtilsPrerequisites.narrowDownSearchBT (D:\a\1\s\test\specs\BTS\prerequisites-and-utils-functions.js:2882:9)
    at async UtilsPrerequisites.billingTransfer (D:\a\1\s\test\specs\BTS\prerequisites-and-utils-functions.js:2807:9)
    at async Context.<anonymous> (D:\a\1\s\test\specs\BTS\billing-calculation-transp-times.spec.js:94:9)
]]></system-err>
    </testcase>
    <testcase classname="chrome.136_0_7103_93.windows.Billing_Calculation_-_Time_based_(considering_transport_times)_US139738" name="Should navigate to the contract item check the billed until field value" time="59.417">
      <failure/>
      <error message="element (&quot;//button[@data-kt=&quot;addButton&quot;]&quot;) still not existing after 45000ms"/>
      <system-out><![CDATA[
RESULT: undefined
RESULT: {}
COMMAND: POST /session/f2510c46535a82282fd70196afe2e571/elements - {"using":"xpath","value":"//span[text()='Error']"}
RESULT: {"using":"xpath","value":"//span[text()='Error']"}
COMMAND: POST /session/f2510c46535a82282fd70196afe2e571/element - {"using":"xpath","value":"//button[@data-kt=\"addButton\"]"}
RESULT: {"using":"xpath","value":"//button[@data-kt=\"addButton\"]"}
COMMAND: POST /session/f2510c46535a82282fd70196afe2e571/elements - {"using":"xpath","value":"//button[@data-kt=\"addButton\"]"}
RESULT: {"using":"xpath","value":"//button[@data-kt=\"addButton\"]"}
COMMAND: POST /session/f2510c46535a82282fd70196afe2e571/elements - {"using":"xpath","value":"//button[@data-kt=\"addButton\"]"}
RESULT: {"using":"xpath","value":"//button[@data-kt=\"addButton\"]"}
COMMAND: POST /session/f2510c46535a82282fd70196afe2e571/elements - {"using":"xpath","value":"//button[@data-kt=\"addButton\"]"}
RESULT: {"using":"xpath","value":"//button[@data-kt=\"addButton\"]"}
COMMAND: POST /session/f2510c46535a82282fd70196afe2e571/elements - {"using":"xpath","value":"//button[@data-kt=\"addButton\"]"}
RESULT: {"using":"xpath","value":"//button[@data-kt=\"addButton\"]"}
COMMAND: POST /session/f2510c46535a82282fd70196afe2e571/elements - {"using":"xpath","value":"//button[@data-kt=\"addButton\"]"}
RESULT: {"using":"xpath","value":"//button[@data-kt=\"addButton\"]"}
COMMAND: POST /session/f2510c46535a82282fd70196afe2e571/elements - {"using":"xpath","value":"//button[@data-kt=\"addButton\"]"}
RESULT: {"using":"xpath","value":"//button[@data-kt=\"addButton\"]"}
COMMAND: POST /session/f2510c46535a82282fd70196afe2e571/elements - {"using":"xpath","value":"//button[@data-kt=\"addButton\"]"}
RESULT: {"using":"xpath","value":"//button[@data-kt=\"addButton\"]"}
COMMAND: POST /session/f2510c46535a82282fd70196afe2e571/elements - {"using":"xpath","value":"//button[@data-kt=\"addButton\"]"}
RESULT: {"using":"xpath","value":"//button[@data-kt=\"addButton\"]"}
COMMAND: POST /session/f2510c46535a82282fd70196afe2e571/elements - {"using":"xpath","value":"//button[@data-kt=\"addButton\"]"}
RESULT: {"using":"xpath","value":"//button[@data-kt=\"addButton\"]"}
COMMAND: POST /session/f2510c46535a82282fd70196afe2e571/elements - {"using":"xpath","value":"//button[@data-kt=\"addButton\"]"}
RESULT: {"using":"xpath","value":"//button[@data-kt=\"addButton\"]"}
COMMAND: POST /session/f2510c46535a82282fd70196afe2e571/elements - {"using":"xpath","value":"//button[@data-kt=\"addButton\"]"}
RESULT: {"using":"xpath","value":"//button[@data-kt=\"addButton\"]"}
COMMAND: POST /session/f2510c46535a82282fd70196afe2e571/elements - {"using":"xpath","value":"//button[@data-kt=\"addButton\"]"}
RESULT: {"using":"xpath","value":"//button[@data-kt=\"addButton\"]"}
COMMAND: POST /session/f2510c46535a82282fd70196afe2e571/elements - {"using":"xpath","value":"//button[@data-kt=\"addButton\"]"}
RESULT: {"using":"xpath","value":"//button[@data-kt=\"addButton\"]"}
COMMAND: POST /session/f2510c46535a82282fd70196afe2e571/elements - {"using":"xpath","value":"//button[@data-kt=\"addButton\"]"}
RESULT: {"using":"xpath","value":"//button[@data-kt=\"addButton\"]"}
COMMAND: POST /session/f2510c46535a82282fd70196afe2e571/elements - {"using":"xpath","value":"//button[@data-kt=\"addButton\"]"}
RESULT: {"using":"xpath","value":"//button[@data-kt=\"addButton\"]"}
COMMAND: POST /session/f2510c46535a82282fd70196afe2e571/elements - {"using":"xpath","value":"//button[@data-kt=\"addButton\"]"}
RESULT: {"using":"xpath","value":"//button[@data-kt=\"addButton\"]"}
COMMAND: POST /session/f2510c46535a82282fd70196afe2e571/elements - {"using":"xpath","value":"//button[@data-kt=\"addButton\"]"}
RESULT: {"using":"xpath","value":"//button[@data-kt=\"addButton\"]"}
COMMAND: POST /session/f2510c46535a82282fd70196afe2e571/elements - {"using":"xpath","value":"//button[@data-kt=\"addButton\"]"}
RESULT: {"using":"xpath","value":"//button[@data-kt=\"addButton\"]"}
COMMAND: POST /session/f2510c46535a82282fd70196afe2e571/elements - {"using":"xpath","value":"//button[@data-kt=\"addButton\"]"}
RESULT: {"using":"xpath","value":"//button[@data-kt=\"addButton\"]"}
COMMAND: POST /session/f2510c46535a82282fd70196afe2e571/elements - {"using":"xpath","value":"//button[@data-kt=\"addButton\"]"}
RESULT: {"using":"xpath","value":"//button[@data-kt=\"addButton\"]"}
COMMAND: POST /session/f2510c46535a82282fd70196afe2e571/elements - {"using":"xpath","value":"//button[@data-kt=\"addButton\"]"}
RESULT: {"using":"xpath","value":"//button[@data-kt=\"addButton\"]"}
COMMAND: POST /session/f2510c46535a82282fd70196afe2e571/elements - {"using":"xpath","value":"//button[@data-kt=\"addButton\"]"}
RESULT: {"using":"xpath","value":"//button[@data-kt=\"addButton\"]"}
COMMAND: POST /session/f2510c46535a82282fd70196afe2e571/elements - {"using":"xpath","value":"//button[@data-kt=\"addButton\"]"}
RESULT: {"using":"xpath","value":"//button[@data-kt=\"addButton\"]"}
COMMAND: POST /session/f2510c46535a82282fd70196afe2e571/elements - {"using":"xpath","value":"//button[@data-kt=\"addButton\"]"}
RESULT: {"using":"xpath","value":"//button[@data-kt=\"addButton\"]"}
COMMAND: POST /session/f2510c46535a82282fd70196afe2e571/elements - {"using":"xpath","value":"//button[@data-kt=\"addButton\"]"}
RESULT: {"using":"xpath","value":"//button[@data-kt=\"addButton\"]"}
COMMAND: POST /session/f2510c46535a82282fd70196afe2e571/elements - {"using":"xpath","value":"//button[@data-kt=\"addButton\"]"}
RESULT: {"using":"xpath","value":"//button[@data-kt=\"addButton\"]"}
COMMAND: POST /session/f2510c46535a82282fd70196afe2e571/elements - {"using":"xpath","value":"//button[@data-kt=\"addButton\"]"}
RESULT: {"using":"xpath","value":"//button[@data-kt=\"addButton\"]"}
COMMAND: POST /session/f2510c46535a82282fd70196afe2e571/elements - {"using":"xpath","value":"//button[@data-kt=\"addButton\"]"}
RESULT: {"using":"xpath","value":"//button[@data-kt=\"addButton\"]"}
COMMAND: POST /session/f2510c46535a82282fd70196afe2e571/elements - {"using":"xpath","value":"//button[@data-kt=\"addButton\"]"}
RESULT: {"using":"xpath","value":"//button[@data-kt=\"addButton\"]"}
COMMAND: POST /session/f2510c46535a82282fd70196afe2e571/elements - {"using":"xpath","value":"//button[@data-kt=\"addButton\"]"}
RESULT: {"using":"xpath","value":"//button[@data-kt=\"addButton\"]"}
COMMAND: POST /session/f2510c46535a82282fd70196afe2e571/elements - {"using":"xpath","value":"//button[@data-kt=\"addButton\"]"}
RESULT: {"using":"xpath","value":"//button[@data-kt=\"addButton\"]"}
COMMAND: POST /session/f2510c46535a82282fd70196afe2e571/elements - {"using":"xpath","value":"//button[@data-kt=\"addButton\"]"}
RESULT: {"using":"xpath","value":"//button[@data-kt=\"addButton\"]"}
COMMAND: POST /session/f2510c46535a82282fd70196afe2e571/elements - {"using":"xpath","value":"//button[@data-kt=\"addButton\"]"}
RESULT: {"using":"xpath","value":"//button[@data-kt=\"addButton\"]"}
COMMAND: POST /session/f2510c46535a82282fd70196afe2e571/elements - {"using":"xpath","value":"//button[@data-kt=\"addButton\"]"}
RESULT: {"using":"xpath","value":"//button[@data-kt=\"addButton\"]"}
COMMAND: POST /session/f2510c46535a82282fd70196afe2e571/elements - {"using":"xpath","value":"//button[@data-kt=\"addButton\"]"}
RESULT: {"using":"xpath","value":"//button[@data-kt=\"addButton\"]"}
COMMAND: POST /session/f2510c46535a82282fd70196afe2e571/elements - {"using":"xpath","value":"//button[@data-kt=\"addButton\"]"}
RESULT: {"using":"xpath","value":"//button[@data-kt=\"addButton\"]"}
COMMAND: POST /session/f2510c46535a82282fd70196afe2e571/elements - {"using":"xpath","value":"//button[@data-kt=\"addButton\"]"}
RESULT: {"using":"xpath","value":"//button[@data-kt=\"addButton\"]"}
COMMAND: POST /session/f2510c46535a82282fd70196afe2e571/elements - {"using":"xpath","value":"//button[@data-kt=\"addButton\"]"}
RESULT: {"using":"xpath","value":"//button[@data-kt=\"addButton\"]"}
COMMAND: POST /session/f2510c46535a82282fd70196afe2e571/elements - {"using":"xpath","value":"//button[@data-kt=\"addButton\"]"}
RESULT: {"using":"xpath","value":"//button[@data-kt=\"addButton\"]"}
COMMAND: POST /session/f2510c46535a82282fd70196afe2e571/elements - {"using":"xpath","value":"//button[@data-kt=\"addButton\"]"}
RESULT: {"using":"xpath","value":"//button[@data-kt=\"addButton\"]"}
COMMAND: POST /session/f2510c46535a82282fd70196afe2e571/elements - {"using":"xpath","value":"//button[@data-kt=\"addButton\"]"}
RESULT: {"using":"xpath","value":"//button[@data-kt=\"addButton\"]"}
COMMAND: POST /session/f2510c46535a82282fd70196afe2e571/elements - {"using":"xpath","value":"//button[@data-kt=\"addButton\"]"}
RESULT: {"using":"xpath","value":"//button[@data-kt=\"addButton\"]"}
COMMAND: POST /session/f2510c46535a82282fd70196afe2e571/elements - {"using":"xpath","value":"//button[@data-kt=\"addButton\"]"}
RESULT: {"using":"xpath","value":"//button[@data-kt=\"addButton\"]"}
COMMAND: POST /session/f2510c46535a82282fd70196afe2e571/elements - {"using":"xpath","value":"//button[@data-kt=\"addButton\"]"}
RESULT: {"using":"xpath","value":"//button[@data-kt=\"addButton\"]"}
COMMAND: POST /session/f2510c46535a82282fd70196afe2e571/elements - {"using":"xpath","value":"//button[@data-kt=\"addButton\"]"}
RESULT: {"using":"xpath","value":"//button[@data-kt=\"addButton\"]"}
COMMAND: POST /session/f2510c46535a82282fd70196afe2e571/elements - {"using":"xpath","value":"//button[@data-kt=\"addButton\"]"}
RESULT: {"using":"xpath","value":"//button[@data-kt=\"addButton\"]"}
COMMAND: POST /session/f2510c46535a82282fd70196afe2e571/elements - {"using":"xpath","value":"//button[@data-kt=\"addButton\"]"}
RESULT: {"using":"xpath","value":"//button[@data-kt=\"addButton\"]"}
COMMAND: POST /session/f2510c46535a82282fd70196afe2e571/elements - {"using":"xpath","value":"//button[@data-kt=\"addButton\"]"}
RESULT: {"using":"xpath","value":"//button[@data-kt=\"addButton\"]"}
COMMAND: POST /session/f2510c46535a82282fd70196afe2e571/elements - {"using":"xpath","value":"//button[@data-kt=\"addButton\"]"}
RESULT: {"using":"xpath","value":"//button[@data-kt=\"addButton\"]"}
COMMAND: POST /session/f2510c46535a82282fd70196afe2e571/elements - {"using":"xpath","value":"//button[@data-kt=\"addButton\"]"}
RESULT: {"using":"xpath","value":"//button[@data-kt=\"addButton\"]"}
COMMAND: POST /session/f2510c46535a82282fd70196afe2e571/elements - {"using":"xpath","value":"//button[@data-kt=\"addButton\"]"}
RESULT: {"using":"xpath","value":"//button[@data-kt=\"addButton\"]"}
COMMAND: POST /session/f2510c46535a82282fd70196afe2e571/elements - {"using":"xpath","value":"//button[@data-kt=\"addButton\"]"}
RESULT: {"using":"xpath","value":"//button[@data-kt=\"addButton\"]"}
COMMAND: POST /session/f2510c46535a82282fd70196afe2e571/elements - {"using":"xpath","value":"//button[@data-kt=\"addButton\"]"}
RESULT: {"using":"xpath","value":"//button[@data-kt=\"addButton\"]"}
COMMAND: POST /session/f2510c46535a82282fd70196afe2e571/elements - {"using":"xpath","value":"//button[@data-kt=\"addButton\"]"}
RESULT: {"using":"xpath","value":"//button[@data-kt=\"addButton\"]"}
COMMAND: POST /session/f2510c46535a82282fd70196afe2e571/elements - {"using":"xpath","value":"//button[@data-kt=\"addButton\"]"}
RESULT: {"using":"xpath","value":"//button[@data-kt=\"addButton\"]"}
COMMAND: POST /session/f2510c46535a82282fd70196afe2e571/elements - {"using":"xpath","value":"//button[@data-kt=\"addButton\"]"}
RESULT: {"using":"xpath","value":"//button[@data-kt=\"addButton\"]"}
COMMAND: POST /session/f2510c46535a82282fd70196afe2e571/elements - {"using":"xpath","value":"//button[@data-kt=\"addButton\"]"}
RESULT: {"using":"xpath","value":"//button[@data-kt=\"addButton\"]"}
COMMAND: POST /session/f2510c46535a82282fd70196afe2e571/elements - {"using":"xpath","value":"//button[@data-kt=\"addButton\"]"}
RESULT: {"using":"xpath","value":"//button[@data-kt=\"addButton\"]"}
COMMAND: POST /session/f2510c46535a82282fd70196afe2e571/elements - {"using":"xpath","value":"//button[@data-kt=\"addButton\"]"}
RESULT: {"using":"xpath","value":"//button[@data-kt=\"addButton\"]"}
COMMAND: POST /session/f2510c46535a82282fd70196afe2e571/elements - {"using":"xpath","value":"//button[@data-kt=\"addButton\"]"}
RESULT: {"using":"xpath","value":"//button[@data-kt=\"addButton\"]"}
COMMAND: POST /session/f2510c46535a82282fd70196afe2e571/elements - {"using":"xpath","value":"//button[@data-kt=\"addButton\"]"}
RESULT: {"using":"xpath","value":"//button[@data-kt=\"addButton\"]"}
COMMAND: POST /session/f2510c46535a82282fd70196afe2e571/elements - {"using":"xpath","value":"//button[@data-kt=\"addButton\"]"}
RESULT: {"using":"xpath","value":"//button[@data-kt=\"addButton\"]"}
COMMAND: POST /session/f2510c46535a82282fd70196afe2e571/elements - {"using":"xpath","value":"//button[@data-kt=\"addButton\"]"}
RESULT: {"using":"xpath","value":"//button[@data-kt=\"addButton\"]"}
COMMAND: POST /session/f2510c46535a82282fd70196afe2e571/elements - {"using":"xpath","value":"//button[@data-kt=\"addButton\"]"}
RESULT: {"using":"xpath","value":"//button[@data-kt=\"addButton\"]"}
COMMAND: POST /session/f2510c46535a82282fd70196afe2e571/elements - {"using":"xpath","value":"//button[@data-kt=\"addButton\"]"}
RESULT: {"using":"xpath","value":"//button[@data-kt=\"addButton\"]"}
COMMAND: POST /session/f2510c46535a82282fd70196afe2e571/elements - {"using":"xpath","value":"//button[@data-kt=\"addButton\"]"}
RESULT: {"using":"xpath","value":"//button[@data-kt=\"addButton\"]"}
COMMAND: POST /session/f2510c46535a82282fd70196afe2e571/elements - {"using":"xpath","value":"//button[@data-kt=\"addButton\"]"}
RESULT: {"using":"xpath","value":"//button[@data-kt=\"addButton\"]"}
COMMAND: POST /session/f2510c46535a82282fd70196afe2e571/elements - {"using":"xpath","value":"//button[@data-kt=\"addButton\"]"}
RESULT: {"using":"xpath","value":"//button[@data-kt=\"addButton\"]"}
COMMAND: POST /session/f2510c46535a82282fd70196afe2e571/elements - {"using":"xpath","value":"//button[@data-kt=\"addButton\"]"}
RESULT: {"using":"xpath","value":"//button[@data-kt=\"addButton\"]"}
COMMAND: POST /session/f2510c46535a82282fd70196afe2e571/elements - {"using":"xpath","value":"//button[@data-kt=\"addButton\"]"}
RESULT: {"using":"xpath","value":"//button[@data-kt=\"addButton\"]"}
COMMAND: POST /session/f2510c46535a82282fd70196afe2e571/elements - {"using":"xpath","value":"//button[@data-kt=\"addButton\"]"}
RESULT: {"using":"xpath","value":"//button[@data-kt=\"addButton\"]"}
COMMAND: POST /session/f2510c46535a82282fd70196afe2e571/elements - {"using":"xpath","value":"//button[@data-kt=\"addButton\"]"}
RESULT: {"using":"xpath","value":"//button[@data-kt=\"addButton\"]"}
COMMAND: POST /session/f2510c46535a82282fd70196afe2e571/elements - {"using":"xpath","value":"//button[@data-kt=\"addButton\"]"}
RESULT: {"using":"xpath","value":"//button[@data-kt=\"addButton\"]"}
COMMAND: POST /session/f2510c46535a82282fd70196afe2e571/elements - {"using":"xpath","value":"//button[@data-kt=\"addButton\"]"}
RESULT: {"using":"xpath","value":"//button[@data-kt=\"addButton\"]"}
COMMAND: POST /session/f2510c46535a82282fd70196afe2e571/elements - {"using":"xpath","value":"//button[@data-kt=\"addButton\"]"}
RESULT: {"using":"xpath","value":"//button[@data-kt=\"addButton\"]"}
COMMAND: POST /session/f2510c46535a82282fd70196afe2e571/elements - {"using":"xpath","value":"//button[@data-kt=\"addButton\"]"}
RESULT: {"using":"xpath","value":"//button[@data-kt=\"addButton\"]"}
COMMAND: POST /session/f2510c46535a82282fd70196afe2e571/elements - {"using":"xpath","value":"//button[@data-kt=\"addButton\"]"}
RESULT: {"using":"xpath","value":"//button[@data-kt=\"addButton\"]"}
COMMAND: POST /session/f2510c46535a82282fd70196afe2e571/elements - {"using":"xpath","value":"//button[@data-kt=\"addButton\"]"}
RESULT: {"using":"xpath","value":"//button[@data-kt=\"addButton\"]"}
COMMAND: POST /session/f2510c46535a82282fd70196afe2e571/elements - {"using":"xpath","value":"//button[@data-kt=\"addButton\"]"}
RESULT: {"using":"xpath","value":"//button[@data-kt=\"addButton\"]"}
COMMAND: POST /session/f2510c46535a82282fd70196afe2e571/elements - {"using":"xpath","value":"//button[@data-kt=\"addButton\"]"}
RESULT: {"using":"xpath","value":"//button[@data-kt=\"addButton\"]"}
COMMAND: POST /session/f2510c46535a82282fd70196afe2e571/elements - {"using":"xpath","value":"//button[@data-kt=\"addButton\"]"}
RESULT: {"using":"xpath","value":"//button[@data-kt=\"addButton\"]"}
COMMAND: POST /session/f2510c46535a82282fd70196afe2e571/elements - {"using":"xpath","value":"//button[@data-kt=\"addButton\"]"}
RESULT: {"using":"xpath","value":"//button[@data-kt=\"addButton\"]"}
COMMAND: POST /session/f2510c46535a82282fd70196afe2e571/elements - {"using":"xpath","value":"//button[@data-kt=\"addButton\"]"}
RESULT: {"using":"xpath","value":"//button[@data-kt=\"addButton\"]"}
COMMAND: POST /session/f2510c46535a82282fd70196afe2e571/elements - {"using":"xpath","value":"//button[@data-kt=\"addButton\"]"}
RESULT: {"using":"xpath","value":"//button[@data-kt=\"addButton\"]"}
COMMAND: POST /session/f2510c46535a82282fd70196afe2e571/elements - {"using":"xpath","value":"//button[@data-kt=\"addButton\"]"}
RESULT: {"using":"xpath","value":"//button[@data-kt=\"addButton\"]"}
COMMAND: POST /session/f2510c46535a82282fd70196afe2e571/elements - {"using":"xpath","value":"//button[@data-kt=\"addButton\"]"}
RESULT: {"using":"xpath","value":"//button[@data-kt=\"addButton\"]"}
COMMAND: POST /session/f2510c46535a82282fd70196afe2e571/elements - {"using":"xpath","value":"//button[@data-kt=\"addButton\"]"}
RESULT: {"using":"xpath","value":"//button[@data-kt=\"addButton\"]"}
COMMAND: POST /session/f2510c46535a82282fd70196afe2e571/elements - {"using":"xpath","value":"//button[@data-kt=\"addButton\"]"}
RESULT: {"using":"xpath","value":"//button[@data-kt=\"addButton\"]"}
COMMAND: POST /session/f2510c46535a82282fd70196afe2e571/elements - {"using":"xpath","value":"//button[@data-kt=\"addButton\"]"}
RESULT: {"using":"xpath","value":"//button[@data-kt=\"addButton\"]"}
COMMAND: POST /session/f2510c46535a82282fd70196afe2e571/elements - {"using":"xpath","value":"//button[@data-kt=\"addButton\"]"}
RESULT: {"using":"xpath","value":"//button[@data-kt=\"addButton\"]"}
COMMAND: GET /session/f2510c46535a82282fd70196afe2e571/screenshot - {}
RESULT: {}
]]></system-out>
      <system-err><![CDATA[
Error: element ("//button[@data-kt="addButton"]") still not existing after 45000ms
    at async UtilsPrerequisites.checkBilledUntilDate (D:\a\1\s\test\specs\BTS\prerequisites-and-utils-functions.js:2343:9)
    at async Context.<anonymous> (D:\a\1\s\test\specs\BTS\billing-calculation-transp-times.spec.js:104:9)
]]></system-err>
    </testcase>
    <testcase classname="chrome.136_0_7103_93.windows.Billing_Calculation_-_Time_based_(considering_transport_times)_US139738" name="Should do a handover return 2 step 7 days after provide or 14 days from today receive it in 21 days" time="59.456">
      <failure/>
      <error message="element (&quot;//button[@data-kt=&quot;addButton&quot;]&quot;) still not existing after 45000ms"/>
      <system-out><![CDATA[
RESULT: undefined
COMMAND: GET /session/f2510c46535a82282fd70196afe2e571/screenshot - {}
RESULT: {}
COMMAND: POST /session/f2510c46535a82282fd70196afe2e571/elements - {"using":"xpath","value":"//span[text()='Error']"}
RESULT: {"using":"xpath","value":"//span[text()='Error']"}
COMMAND: POST /session/f2510c46535a82282fd70196afe2e571/element - {"using":"xpath","value":"//button[@data-kt=\"addButton\"]"}
RESULT: {"using":"xpath","value":"//button[@data-kt=\"addButton\"]"}
COMMAND: POST /session/f2510c46535a82282fd70196afe2e571/elements - {"using":"xpath","value":"//button[@data-kt=\"addButton\"]"}
RESULT: {"using":"xpath","value":"//button[@data-kt=\"addButton\"]"}
COMMAND: POST /session/f2510c46535a82282fd70196afe2e571/elements - {"using":"xpath","value":"//button[@data-kt=\"addButton\"]"}
RESULT: {"using":"xpath","value":"//button[@data-kt=\"addButton\"]"}
COMMAND: POST /session/f2510c46535a82282fd70196afe2e571/elements - {"using":"xpath","value":"//button[@data-kt=\"addButton\"]"}
RESULT: {"using":"xpath","value":"//button[@data-kt=\"addButton\"]"}
COMMAND: POST /session/f2510c46535a82282fd70196afe2e571/elements - {"using":"xpath","value":"//button[@data-kt=\"addButton\"]"}
RESULT: {"using":"xpath","value":"//button[@data-kt=\"addButton\"]"}
COMMAND: POST /session/f2510c46535a82282fd70196afe2e571/elements - {"using":"xpath","value":"//button[@data-kt=\"addButton\"]"}
RESULT: {"using":"xpath","value":"//button[@data-kt=\"addButton\"]"}
COMMAND: POST /session/f2510c46535a82282fd70196afe2e571/elements - {"using":"xpath","value":"//button[@data-kt=\"addButton\"]"}
RESULT: {"using":"xpath","value":"//button[@data-kt=\"addButton\"]"}
COMMAND: POST /session/f2510c46535a82282fd70196afe2e571/elements - {"using":"xpath","value":"//button[@data-kt=\"addButton\"]"}
RESULT: {"using":"xpath","value":"//button[@data-kt=\"addButton\"]"}
COMMAND: POST /session/f2510c46535a82282fd70196afe2e571/elements - {"using":"xpath","value":"//button[@data-kt=\"addButton\"]"}
RESULT: {"using":"xpath","value":"//button[@data-kt=\"addButton\"]"}
COMMAND: POST /session/f2510c46535a82282fd70196afe2e571/elements - {"using":"xpath","value":"//button[@data-kt=\"addButton\"]"}
RESULT: {"using":"xpath","value":"//button[@data-kt=\"addButton\"]"}
COMMAND: POST /session/f2510c46535a82282fd70196afe2e571/elements - {"using":"xpath","value":"//button[@data-kt=\"addButton\"]"}
RESULT: {"using":"xpath","value":"//button[@data-kt=\"addButton\"]"}
COMMAND: POST /session/f2510c46535a82282fd70196afe2e571/elements - {"using":"xpath","value":"//button[@data-kt=\"addButton\"]"}
RESULT: {"using":"xpath","value":"//button[@data-kt=\"addButton\"]"}
COMMAND: POST /session/f2510c46535a82282fd70196afe2e571/elements - {"using":"xpath","value":"//button[@data-kt=\"addButton\"]"}
RESULT: {"using":"xpath","value":"//button[@data-kt=\"addButton\"]"}
COMMAND: POST /session/f2510c46535a82282fd70196afe2e571/elements - {"using":"xpath","value":"//button[@data-kt=\"addButton\"]"}
RESULT: {"using":"xpath","value":"//button[@data-kt=\"addButton\"]"}
COMMAND: POST /session/f2510c46535a82282fd70196afe2e571/elements - {"using":"xpath","value":"//button[@data-kt=\"addButton\"]"}
RESULT: {"using":"xpath","value":"//button[@data-kt=\"addButton\"]"}
COMMAND: POST /session/f2510c46535a82282fd70196afe2e571/elements - {"using":"xpath","value":"//button[@data-kt=\"addButton\"]"}
RESULT: {"using":"xpath","value":"//button[@data-kt=\"addButton\"]"}
COMMAND: POST /session/f2510c46535a82282fd70196afe2e571/elements - {"using":"xpath","value":"//button[@data-kt=\"addButton\"]"}
RESULT: {"using":"xpath","value":"//button[@data-kt=\"addButton\"]"}
COMMAND: POST /session/f2510c46535a82282fd70196afe2e571/elements - {"using":"xpath","value":"//button[@data-kt=\"addButton\"]"}
RESULT: {"using":"xpath","value":"//button[@data-kt=\"addButton\"]"}
COMMAND: POST /session/f2510c46535a82282fd70196afe2e571/elements - {"using":"xpath","value":"//button[@data-kt=\"addButton\"]"}
RESULT: {"using":"xpath","value":"//button[@data-kt=\"addButton\"]"}
COMMAND: POST /session/f2510c46535a82282fd70196afe2e571/elements - {"using":"xpath","value":"//button[@data-kt=\"addButton\"]"}
RESULT: {"using":"xpath","value":"//button[@data-kt=\"addButton\"]"}
COMMAND: POST /session/f2510c46535a82282fd70196afe2e571/elements - {"using":"xpath","value":"//button[@data-kt=\"addButton\"]"}
RESULT: {"using":"xpath","value":"//button[@data-kt=\"addButton\"]"}
COMMAND: POST /session/f2510c46535a82282fd70196afe2e571/elements - {"using":"xpath","value":"//button[@data-kt=\"addButton\"]"}
RESULT: {"using":"xpath","value":"//button[@data-kt=\"addButton\"]"}
COMMAND: POST /session/f2510c46535a82282fd70196afe2e571/elements - {"using":"xpath","value":"//button[@data-kt=\"addButton\"]"}
RESULT: {"using":"xpath","value":"//button[@data-kt=\"addButton\"]"}
COMMAND: POST /session/f2510c46535a82282fd70196afe2e571/elements - {"using":"xpath","value":"//button[@data-kt=\"addButton\"]"}
RESULT: {"using":"xpath","value":"//button[@data-kt=\"addButton\"]"}
COMMAND: POST /session/f2510c46535a82282fd70196afe2e571/elements - {"using":"xpath","value":"//button[@data-kt=\"addButton\"]"}
RESULT: {"using":"xpath","value":"//button[@data-kt=\"addButton\"]"}
COMMAND: POST /session/f2510c46535a82282fd70196afe2e571/elements - {"using":"xpath","value":"//button[@data-kt=\"addButton\"]"}
RESULT: {"using":"xpath","value":"//button[@data-kt=\"addButton\"]"}
COMMAND: POST /session/f2510c46535a82282fd70196afe2e571/elements - {"using":"xpath","value":"//button[@data-kt=\"addButton\"]"}
RESULT: {"using":"xpath","value":"//button[@data-kt=\"addButton\"]"}
COMMAND: POST /session/f2510c46535a82282fd70196afe2e571/elements - {"using":"xpath","value":"//button[@data-kt=\"addButton\"]"}
RESULT: {"using":"xpath","value":"//button[@data-kt=\"addButton\"]"}
COMMAND: POST /session/f2510c46535a82282fd70196afe2e571/elements - {"using":"xpath","value":"//button[@data-kt=\"addButton\"]"}
RESULT: {"using":"xpath","value":"//button[@data-kt=\"addButton\"]"}
COMMAND: POST /session/f2510c46535a82282fd70196afe2e571/elements - {"using":"xpath","value":"//button[@data-kt=\"addButton\"]"}
RESULT: {"using":"xpath","value":"//button[@data-kt=\"addButton\"]"}
COMMAND: POST /session/f2510c46535a82282fd70196afe2e571/elements - {"using":"xpath","value":"//button[@data-kt=\"addButton\"]"}
RESULT: {"using":"xpath","value":"//button[@data-kt=\"addButton\"]"}
COMMAND: POST /session/f2510c46535a82282fd70196afe2e571/elements - {"using":"xpath","value":"//button[@data-kt=\"addButton\"]"}
RESULT: {"using":"xpath","value":"//button[@data-kt=\"addButton\"]"}
COMMAND: POST /session/f2510c46535a82282fd70196afe2e571/elements - {"using":"xpath","value":"//button[@data-kt=\"addButton\"]"}
RESULT: {"using":"xpath","value":"//button[@data-kt=\"addButton\"]"}
COMMAND: POST /session/f2510c46535a82282fd70196afe2e571/elements - {"using":"xpath","value":"//button[@data-kt=\"addButton\"]"}
RESULT: {"using":"xpath","value":"//button[@data-kt=\"addButton\"]"}
COMMAND: POST /session/f2510c46535a82282fd70196afe2e571/elements - {"using":"xpath","value":"//button[@data-kt=\"addButton\"]"}
RESULT: {"using":"xpath","value":"//button[@data-kt=\"addButton\"]"}
COMMAND: POST /session/f2510c46535a82282fd70196afe2e571/elements - {"using":"xpath","value":"//button[@data-kt=\"addButton\"]"}
RESULT: {"using":"xpath","value":"//button[@data-kt=\"addButton\"]"}
COMMAND: POST /session/f2510c46535a82282fd70196afe2e571/elements - {"using":"xpath","value":"//button[@data-kt=\"addButton\"]"}
RESULT: {"using":"xpath","value":"//button[@data-kt=\"addButton\"]"}
COMMAND: POST /session/f2510c46535a82282fd70196afe2e571/elements - {"using":"xpath","value":"//button[@data-kt=\"addButton\"]"}
RESULT: {"using":"xpath","value":"//button[@data-kt=\"addButton\"]"}
COMMAND: POST /session/f2510c46535a82282fd70196afe2e571/elements - {"using":"xpath","value":"//button[@data-kt=\"addButton\"]"}
RESULT: {"using":"xpath","value":"//button[@data-kt=\"addButton\"]"}
COMMAND: POST /session/f2510c46535a82282fd70196afe2e571/elements - {"using":"xpath","value":"//button[@data-kt=\"addButton\"]"}
RESULT: {"using":"xpath","value":"//button[@data-kt=\"addButton\"]"}
COMMAND: POST /session/f2510c46535a82282fd70196afe2e571/elements - {"using":"xpath","value":"//button[@data-kt=\"addButton\"]"}
RESULT: {"using":"xpath","value":"//button[@data-kt=\"addButton\"]"}
COMMAND: POST /session/f2510c46535a82282fd70196afe2e571/elements - {"using":"xpath","value":"//button[@data-kt=\"addButton\"]"}
RESULT: {"using":"xpath","value":"//button[@data-kt=\"addButton\"]"}
COMMAND: POST /session/f2510c46535a82282fd70196afe2e571/elements - {"using":"xpath","value":"//button[@data-kt=\"addButton\"]"}
RESULT: {"using":"xpath","value":"//button[@data-kt=\"addButton\"]"}
COMMAND: POST /session/f2510c46535a82282fd70196afe2e571/elements - {"using":"xpath","value":"//button[@data-kt=\"addButton\"]"}
RESULT: {"using":"xpath","value":"//button[@data-kt=\"addButton\"]"}
COMMAND: POST /session/f2510c46535a82282fd70196afe2e571/elements - {"using":"xpath","value":"//button[@data-kt=\"addButton\"]"}
RESULT: {"using":"xpath","value":"//button[@data-kt=\"addButton\"]"}
COMMAND: POST /session/f2510c46535a82282fd70196afe2e571/elements - {"using":"xpath","value":"//button[@data-kt=\"addButton\"]"}
RESULT: {"using":"xpath","value":"//button[@data-kt=\"addButton\"]"}
COMMAND: POST /session/f2510c46535a82282fd70196afe2e571/elements - {"using":"xpath","value":"//button[@data-kt=\"addButton\"]"}
RESULT: {"using":"xpath","value":"//button[@data-kt=\"addButton\"]"}
COMMAND: POST /session/f2510c46535a82282fd70196afe2e571/elements - {"using":"xpath","value":"//button[@data-kt=\"addButton\"]"}
RESULT: {"using":"xpath","value":"//button[@data-kt=\"addButton\"]"}
COMMAND: POST /session/f2510c46535a82282fd70196afe2e571/elements - {"using":"xpath","value":"//button[@data-kt=\"addButton\"]"}
RESULT: {"using":"xpath","value":"//button[@data-kt=\"addButton\"]"}
COMMAND: POST /session/f2510c46535a82282fd70196afe2e571/elements - {"using":"xpath","value":"//button[@data-kt=\"addButton\"]"}
RESULT: {"using":"xpath","value":"//button[@data-kt=\"addButton\"]"}
COMMAND: POST /session/f2510c46535a82282fd70196afe2e571/elements - {"using":"xpath","value":"//button[@data-kt=\"addButton\"]"}
RESULT: {"using":"xpath","value":"//button[@data-kt=\"addButton\"]"}
COMMAND: POST /session/f2510c46535a82282fd70196afe2e571/elements - {"using":"xpath","value":"//button[@data-kt=\"addButton\"]"}
RESULT: {"using":"xpath","value":"//button[@data-kt=\"addButton\"]"}
COMMAND: POST /session/f2510c46535a82282fd70196afe2e571/elements - {"using":"xpath","value":"//button[@data-kt=\"addButton\"]"}
RESULT: {"using":"xpath","value":"//button[@data-kt=\"addButton\"]"}
COMMAND: POST /session/f2510c46535a82282fd70196afe2e571/elements - {"using":"xpath","value":"//button[@data-kt=\"addButton\"]"}
RESULT: {"using":"xpath","value":"//button[@data-kt=\"addButton\"]"}
COMMAND: POST /session/f2510c46535a82282fd70196afe2e571/elements - {"using":"xpath","value":"//button[@data-kt=\"addButton\"]"}
RESULT: {"using":"xpath","value":"//button[@data-kt=\"addButton\"]"}
COMMAND: POST /session/f2510c46535a82282fd70196afe2e571/elements - {"using":"xpath","value":"//button[@data-kt=\"addButton\"]"}
RESULT: {"using":"xpath","value":"//button[@data-kt=\"addButton\"]"}
COMMAND: POST /session/f2510c46535a82282fd70196afe2e571/elements - {"using":"xpath","value":"//button[@data-kt=\"addButton\"]"}
RESULT: {"using":"xpath","value":"//button[@data-kt=\"addButton\"]"}
COMMAND: POST /session/f2510c46535a82282fd70196afe2e571/elements - {"using":"xpath","value":"//button[@data-kt=\"addButton\"]"}
RESULT: {"using":"xpath","value":"//button[@data-kt=\"addButton\"]"}
COMMAND: POST /session/f2510c46535a82282fd70196afe2e571/elements - {"using":"xpath","value":"//button[@data-kt=\"addButton\"]"}
RESULT: {"using":"xpath","value":"//button[@data-kt=\"addButton\"]"}
COMMAND: POST /session/f2510c46535a82282fd70196afe2e571/elements - {"using":"xpath","value":"//button[@data-kt=\"addButton\"]"}
RESULT: {"using":"xpath","value":"//button[@data-kt=\"addButton\"]"}
COMMAND: POST /session/f2510c46535a82282fd70196afe2e571/elements - {"using":"xpath","value":"//button[@data-kt=\"addButton\"]"}
RESULT: {"using":"xpath","value":"//button[@data-kt=\"addButton\"]"}
COMMAND: POST /session/f2510c46535a82282fd70196afe2e571/elements - {"using":"xpath","value":"//button[@data-kt=\"addButton\"]"}
RESULT: {"using":"xpath","value":"//button[@data-kt=\"addButton\"]"}
COMMAND: POST /session/f2510c46535a82282fd70196afe2e571/elements - {"using":"xpath","value":"//button[@data-kt=\"addButton\"]"}
RESULT: {"using":"xpath","value":"//button[@data-kt=\"addButton\"]"}
COMMAND: POST /session/f2510c46535a82282fd70196afe2e571/elements - {"using":"xpath","value":"//button[@data-kt=\"addButton\"]"}
RESULT: {"using":"xpath","value":"//button[@data-kt=\"addButton\"]"}
COMMAND: POST /session/f2510c46535a82282fd70196afe2e571/elements - {"using":"xpath","value":"//button[@data-kt=\"addButton\"]"}
RESULT: {"using":"xpath","value":"//button[@data-kt=\"addButton\"]"}
COMMAND: POST /session/f2510c46535a82282fd70196afe2e571/elements - {"using":"xpath","value":"//button[@data-kt=\"addButton\"]"}
RESULT: {"using":"xpath","value":"//button[@data-kt=\"addButton\"]"}
COMMAND: POST /session/f2510c46535a82282fd70196afe2e571/elements - {"using":"xpath","value":"//button[@data-kt=\"addButton\"]"}
RESULT: {"using":"xpath","value":"//button[@data-kt=\"addButton\"]"}
COMMAND: POST /session/f2510c46535a82282fd70196afe2e571/elements - {"using":"xpath","value":"//button[@data-kt=\"addButton\"]"}
RESULT: {"using":"xpath","value":"//button[@data-kt=\"addButton\"]"}
COMMAND: POST /session/f2510c46535a82282fd70196afe2e571/elements - {"using":"xpath","value":"//button[@data-kt=\"addButton\"]"}
RESULT: {"using":"xpath","value":"//button[@data-kt=\"addButton\"]"}
COMMAND: POST /session/f2510c46535a82282fd70196afe2e571/elements - {"using":"xpath","value":"//button[@data-kt=\"addButton\"]"}
RESULT: {"using":"xpath","value":"//button[@data-kt=\"addButton\"]"}
COMMAND: POST /session/f2510c46535a82282fd70196afe2e571/elements - {"using":"xpath","value":"//button[@data-kt=\"addButton\"]"}
RESULT: {"using":"xpath","value":"//button[@data-kt=\"addButton\"]"}
COMMAND: POST /session/f2510c46535a82282fd70196afe2e571/elements - {"using":"xpath","value":"//button[@data-kt=\"addButton\"]"}
RESULT: {"using":"xpath","value":"//button[@data-kt=\"addButton\"]"}
COMMAND: POST /session/f2510c46535a82282fd70196afe2e571/elements - {"using":"xpath","value":"//button[@data-kt=\"addButton\"]"}
RESULT: {"using":"xpath","value":"//button[@data-kt=\"addButton\"]"}
COMMAND: POST /session/f2510c46535a82282fd70196afe2e571/elements - {"using":"xpath","value":"//button[@data-kt=\"addButton\"]"}
RESULT: {"using":"xpath","value":"//button[@data-kt=\"addButton\"]"}
COMMAND: POST /session/f2510c46535a82282fd70196afe2e571/elements - {"using":"xpath","value":"//button[@data-kt=\"addButton\"]"}
RESULT: {"using":"xpath","value":"//button[@data-kt=\"addButton\"]"}
COMMAND: POST /session/f2510c46535a82282fd70196afe2e571/elements - {"using":"xpath","value":"//button[@data-kt=\"addButton\"]"}
RESULT: {"using":"xpath","value":"//button[@data-kt=\"addButton\"]"}
COMMAND: POST /session/f2510c46535a82282fd70196afe2e571/elements - {"using":"xpath","value":"//button[@data-kt=\"addButton\"]"}
RESULT: {"using":"xpath","value":"//button[@data-kt=\"addButton\"]"}
COMMAND: POST /session/f2510c46535a82282fd70196afe2e571/elements - {"using":"xpath","value":"//button[@data-kt=\"addButton\"]"}
RESULT: {"using":"xpath","value":"//button[@data-kt=\"addButton\"]"}
COMMAND: POST /session/f2510c46535a82282fd70196afe2e571/elements - {"using":"xpath","value":"//button[@data-kt=\"addButton\"]"}
RESULT: {"using":"xpath","value":"//button[@data-kt=\"addButton\"]"}
COMMAND: POST /session/f2510c46535a82282fd70196afe2e571/elements - {"using":"xpath","value":"//button[@data-kt=\"addButton\"]"}
RESULT: {"using":"xpath","value":"//button[@data-kt=\"addButton\"]"}
COMMAND: POST /session/f2510c46535a82282fd70196afe2e571/elements - {"using":"xpath","value":"//button[@data-kt=\"addButton\"]"}
RESULT: {"using":"xpath","value":"//button[@data-kt=\"addButton\"]"}
COMMAND: POST /session/f2510c46535a82282fd70196afe2e571/elements - {"using":"xpath","value":"//button[@data-kt=\"addButton\"]"}
RESULT: {"using":"xpath","value":"//button[@data-kt=\"addButton\"]"}
COMMAND: POST /session/f2510c46535a82282fd70196afe2e571/elements - {"using":"xpath","value":"//button[@data-kt=\"addButton\"]"}
RESULT: {"using":"xpath","value":"//button[@data-kt=\"addButton\"]"}
COMMAND: POST /session/f2510c46535a82282fd70196afe2e571/elements - {"using":"xpath","value":"//button[@data-kt=\"addButton\"]"}
RESULT: {"using":"xpath","value":"//button[@data-kt=\"addButton\"]"}
COMMAND: POST /session/f2510c46535a82282fd70196afe2e571/elements - {"using":"xpath","value":"//button[@data-kt=\"addButton\"]"}
RESULT: {"using":"xpath","value":"//button[@data-kt=\"addButton\"]"}
COMMAND: POST /session/f2510c46535a82282fd70196afe2e571/elements - {"using":"xpath","value":"//button[@data-kt=\"addButton\"]"}
RESULT: {"using":"xpath","value":"//button[@data-kt=\"addButton\"]"}
COMMAND: POST /session/f2510c46535a82282fd70196afe2e571/elements - {"using":"xpath","value":"//button[@data-kt=\"addButton\"]"}
RESULT: {"using":"xpath","value":"//button[@data-kt=\"addButton\"]"}
COMMAND: POST /session/f2510c46535a82282fd70196afe2e571/elements - {"using":"xpath","value":"//button[@data-kt=\"addButton\"]"}
RESULT: {"using":"xpath","value":"//button[@data-kt=\"addButton\"]"}
COMMAND: POST /session/f2510c46535a82282fd70196afe2e571/elements - {"using":"xpath","value":"//button[@data-kt=\"addButton\"]"}
RESULT: {"using":"xpath","value":"//button[@data-kt=\"addButton\"]"}
COMMAND: POST /session/f2510c46535a82282fd70196afe2e571/elements - {"using":"xpath","value":"//button[@data-kt=\"addButton\"]"}
RESULT: {"using":"xpath","value":"//button[@data-kt=\"addButton\"]"}
COMMAND: POST /session/f2510c46535a82282fd70196afe2e571/elements - {"using":"xpath","value":"//button[@data-kt=\"addButton\"]"}
RESULT: {"using":"xpath","value":"//button[@data-kt=\"addButton\"]"}
COMMAND: GET /session/f2510c46535a82282fd70196afe2e571/screenshot - {}
RESULT: {}
COMMAND: GET /session/f2510c46535a82282fd70196afe2e571/screenshot - {}
]]></system-out>
      <system-err><![CDATA[
Error: element ("//button[@data-kt="addButton"]") still not existing after 45000ms
    at async UtilsPrerequisites.returnTwoStep (D:\a\1\s\test\specs\BTS\prerequisites-and-utils-functions.js:2412:9)
    at async Context.<anonymous> (D:\a\1\s\test\specs\BTS\billing-calculation-transp-times.spec.js:108:9)
]]></system-err>
    </testcase>
    <testcase classname="chrome.136_0_7103_93.windows.Billing_Calculation_-_Time_based_(considering_transport_times)_US139738" name="Should do another billing run but in around 17 days from today" time="78.487">
      <failure/>
      <error message="Can't call click on element with selector &quot;//td[@aria-colindex=&quot;1&quot;]/div/div[contains(@class, &quot;sapMCbBg&quot;)]&quot; because element wasn't found"/>
      <system-out><![CDATA[
RESULT: undefined
RESULT: {}
COMMAND: POST /session/f2510c46535a82282fd70196afe2e571/elements - {"using":"xpath","value":"//span[text()='Error']"}
RESULT: {"using":"xpath","value":"//span[text()='Error']"}
RESULT: undefined
COMMAND: POST /session/f2510c46535a82282fd70196afe2e571/actions - {"actions":[{"id":"action67","type":"key","parameters":{},"actions":[{"type":"keyDown","value":""},{"type":"pause","duration":10},{"type":"keyUp","value":""}]}]}
RESULT: {"actions":[{"id":"action67","type":"key","parameters":{},"actions":[{"type":"keyDown","value":""},{"type":"pause","duration":10},{"type":"keyUp","value":""}]}]}
COMMAND: GET /session/f2510c46535a82282fd70196afe2e571/screenshot - {}
RESULT: {}
COMMAND: POST /session/f2510c46535a82282fd70196afe2e571/element - {"using":"xpath","value":"//td[@aria-colindex=\"1\"]/div/div[contains(@class, \"sapMCbBg\")]"}
RESULT: {"using":"xpath","value":"//td[@aria-colindex=\"1\"]/div/div[contains(@class, \"sapMCbBg\")]"}
COMMAND: POST /session/f2510c46535a82282fd70196afe2e571/elements - {"using":"xpath","value":"//td[@aria-colindex=\"1\"]/div/div[contains(@class, \"sapMCbBg\")]"}
RESULT: {"using":"xpath","value":"//td[@aria-colindex=\"1\"]/div/div[contains(@class, \"sapMCbBg\")]"}
COMMAND: POST /session/f2510c46535a82282fd70196afe2e571/elements - {"using":"xpath","value":"//td[@aria-colindex=\"1\"]/div/div[contains(@class, \"sapMCbBg\")]"}
RESULT: {"using":"xpath","value":"//td[@aria-colindex=\"1\"]/div/div[contains(@class, \"sapMCbBg\")]"}
COMMAND: POST /session/f2510c46535a82282fd70196afe2e571/elements - {"using":"xpath","value":"//td[@aria-colindex=\"1\"]/div/div[contains(@class, \"sapMCbBg\")]"}
RESULT: {"using":"xpath","value":"//td[@aria-colindex=\"1\"]/div/div[contains(@class, \"sapMCbBg\")]"}
COMMAND: POST /session/f2510c46535a82282fd70196afe2e571/elements - {"using":"xpath","value":"//td[@aria-colindex=\"1\"]/div/div[contains(@class, \"sapMCbBg\")]"}
RESULT: {"using":"xpath","value":"//td[@aria-colindex=\"1\"]/div/div[contains(@class, \"sapMCbBg\")]"}
COMMAND: POST /session/f2510c46535a82282fd70196afe2e571/elements - {"using":"xpath","value":"//td[@aria-colindex=\"1\"]/div/div[contains(@class, \"sapMCbBg\")]"}
RESULT: {"using":"xpath","value":"//td[@aria-colindex=\"1\"]/div/div[contains(@class, \"sapMCbBg\")]"}
COMMAND: POST /session/f2510c46535a82282fd70196afe2e571/elements - {"using":"xpath","value":"//td[@aria-colindex=\"1\"]/div/div[contains(@class, \"sapMCbBg\")]"}
RESULT: {"using":"xpath","value":"//td[@aria-colindex=\"1\"]/div/div[contains(@class, \"sapMCbBg\")]"}
COMMAND: POST /session/f2510c46535a82282fd70196afe2e571/elements - {"using":"xpath","value":"//td[@aria-colindex=\"1\"]/div/div[contains(@class, \"sapMCbBg\")]"}
RESULT: {"using":"xpath","value":"//td[@aria-colindex=\"1\"]/div/div[contains(@class, \"sapMCbBg\")]"}
COMMAND: POST /session/f2510c46535a82282fd70196afe2e571/elements - {"using":"xpath","value":"//td[@aria-colindex=\"1\"]/div/div[contains(@class, \"sapMCbBg\")]"}
RESULT: {"using":"xpath","value":"//td[@aria-colindex=\"1\"]/div/div[contains(@class, \"sapMCbBg\")]"}
COMMAND: POST /session/f2510c46535a82282fd70196afe2e571/elements - {"using":"xpath","value":"//td[@aria-colindex=\"1\"]/div/div[contains(@class, \"sapMCbBg\")]"}
RESULT: {"using":"xpath","value":"//td[@aria-colindex=\"1\"]/div/div[contains(@class, \"sapMCbBg\")]"}
COMMAND: POST /session/f2510c46535a82282fd70196afe2e571/elements - {"using":"xpath","value":"//td[@aria-colindex=\"1\"]/div/div[contains(@class, \"sapMCbBg\")]"}
RESULT: {"using":"xpath","value":"//td[@aria-colindex=\"1\"]/div/div[contains(@class, \"sapMCbBg\")]"}
COMMAND: POST /session/f2510c46535a82282fd70196afe2e571/elements - {"using":"xpath","value":"//td[@aria-colindex=\"1\"]/div/div[contains(@class, \"sapMCbBg\")]"}
RESULT: {"using":"xpath","value":"//td[@aria-colindex=\"1\"]/div/div[contains(@class, \"sapMCbBg\")]"}
COMMAND: POST /session/f2510c46535a82282fd70196afe2e571/elements - {"using":"xpath","value":"//td[@aria-colindex=\"1\"]/div/div[contains(@class, \"sapMCbBg\")]"}
RESULT: {"using":"xpath","value":"//td[@aria-colindex=\"1\"]/div/div[contains(@class, \"sapMCbBg\")]"}
COMMAND: POST /session/f2510c46535a82282fd70196afe2e571/elements - {"using":"xpath","value":"//td[@aria-colindex=\"1\"]/div/div[contains(@class, \"sapMCbBg\")]"}
RESULT: {"using":"xpath","value":"//td[@aria-colindex=\"1\"]/div/div[contains(@class, \"sapMCbBg\")]"}
COMMAND: POST /session/f2510c46535a82282fd70196afe2e571/elements - {"using":"xpath","value":"//td[@aria-colindex=\"1\"]/div/div[contains(@class, \"sapMCbBg\")]"}
RESULT: {"using":"xpath","value":"//td[@aria-colindex=\"1\"]/div/div[contains(@class, \"sapMCbBg\")]"}
COMMAND: POST /session/f2510c46535a82282fd70196afe2e571/elements - {"using":"xpath","value":"//td[@aria-colindex=\"1\"]/div/div[contains(@class, \"sapMCbBg\")]"}
RESULT: {"using":"xpath","value":"//td[@aria-colindex=\"1\"]/div/div[contains(@class, \"sapMCbBg\")]"}
COMMAND: POST /session/f2510c46535a82282fd70196afe2e571/elements - {"using":"xpath","value":"//td[@aria-colindex=\"1\"]/div/div[contains(@class, \"sapMCbBg\")]"}
RESULT: {"using":"xpath","value":"//td[@aria-colindex=\"1\"]/div/div[contains(@class, \"sapMCbBg\")]"}
COMMAND: POST /session/f2510c46535a82282fd70196afe2e571/elements - {"using":"xpath","value":"//td[@aria-colindex=\"1\"]/div/div[contains(@class, \"sapMCbBg\")]"}
RESULT: {"using":"xpath","value":"//td[@aria-colindex=\"1\"]/div/div[contains(@class, \"sapMCbBg\")]"}
COMMAND: POST /session/f2510c46535a82282fd70196afe2e571/elements - {"using":"xpath","value":"//td[@aria-colindex=\"1\"]/div/div[contains(@class, \"sapMCbBg\")]"}
RESULT: {"using":"xpath","value":"//td[@aria-colindex=\"1\"]/div/div[contains(@class, \"sapMCbBg\")]"}
COMMAND: POST /session/f2510c46535a82282fd70196afe2e571/elements - {"using":"xpath","value":"//td[@aria-colindex=\"1\"]/div/div[contains(@class, \"sapMCbBg\")]"}
RESULT: {"using":"xpath","value":"//td[@aria-colindex=\"1\"]/div/div[contains(@class, \"sapMCbBg\")]"}
COMMAND: POST /session/f2510c46535a82282fd70196afe2e571/elements - {"using":"xpath","value":"//td[@aria-colindex=\"1\"]/div/div[contains(@class, \"sapMCbBg\")]"}
RESULT: {"using":"xpath","value":"//td[@aria-colindex=\"1\"]/div/div[contains(@class, \"sapMCbBg\")]"}
COMMAND: POST /session/f2510c46535a82282fd70196afe2e571/elements - {"using":"xpath","value":"//td[@aria-colindex=\"1\"]/div/div[contains(@class, \"sapMCbBg\")]"}
RESULT: {"using":"xpath","value":"//td[@aria-colindex=\"1\"]/div/div[contains(@class, \"sapMCbBg\")]"}
COMMAND: POST /session/f2510c46535a82282fd70196afe2e571/elements - {"using":"xpath","value":"//td[@aria-colindex=\"1\"]/div/div[contains(@class, \"sapMCbBg\")]"}
RESULT: {"using":"xpath","value":"//td[@aria-colindex=\"1\"]/div/div[contains(@class, \"sapMCbBg\")]"}
COMMAND: POST /session/f2510c46535a82282fd70196afe2e571/elements - {"using":"xpath","value":"//td[@aria-colindex=\"1\"]/div/div[contains(@class, \"sapMCbBg\")]"}
RESULT: {"using":"xpath","value":"//td[@aria-colindex=\"1\"]/div/div[contains(@class, \"sapMCbBg\")]"}
COMMAND: POST /session/f2510c46535a82282fd70196afe2e571/elements - {"using":"xpath","value":"//td[@aria-colindex=\"1\"]/div/div[contains(@class, \"sapMCbBg\")]"}
RESULT: {"using":"xpath","value":"//td[@aria-colindex=\"1\"]/div/div[contains(@class, \"sapMCbBg\")]"}
COMMAND: POST /session/f2510c46535a82282fd70196afe2e571/elements - {"using":"xpath","value":"//td[@aria-colindex=\"1\"]/div/div[contains(@class, \"sapMCbBg\")]"}
RESULT: {"using":"xpath","value":"//td[@aria-colindex=\"1\"]/div/div[contains(@class, \"sapMCbBg\")]"}
COMMAND: POST /session/f2510c46535a82282fd70196afe2e571/elements - {"using":"xpath","value":"//td[@aria-colindex=\"1\"]/div/div[contains(@class, \"sapMCbBg\")]"}
RESULT: {"using":"xpath","value":"//td[@aria-colindex=\"1\"]/div/div[contains(@class, \"sapMCbBg\")]"}
COMMAND: POST /session/f2510c46535a82282fd70196afe2e571/elements - {"using":"xpath","value":"//td[@aria-colindex=\"1\"]/div/div[contains(@class, \"sapMCbBg\")]"}
RESULT: {"using":"xpath","value":"//td[@aria-colindex=\"1\"]/div/div[contains(@class, \"sapMCbBg\")]"}
COMMAND: POST /session/f2510c46535a82282fd70196afe2e571/elements - {"using":"xpath","value":"//td[@aria-colindex=\"1\"]/div/div[contains(@class, \"sapMCbBg\")]"}
RESULT: {"using":"xpath","value":"//td[@aria-colindex=\"1\"]/div/div[contains(@class, \"sapMCbBg\")]"}
COMMAND: POST /session/f2510c46535a82282fd70196afe2e571/elements - {"using":"xpath","value":"//td[@aria-colindex=\"1\"]/div/div[contains(@class, \"sapMCbBg\")]"}
RESULT: {"using":"xpath","value":"//td[@aria-colindex=\"1\"]/div/div[contains(@class, \"sapMCbBg\")]"}
COMMAND: POST /session/f2510c46535a82282fd70196afe2e571/elements - {"using":"xpath","value":"//td[@aria-colindex=\"1\"]/div/div[contains(@class, \"sapMCbBg\")]"}
RESULT: {"using":"xpath","value":"//td[@aria-colindex=\"1\"]/div/div[contains(@class, \"sapMCbBg\")]"}
COMMAND: POST /session/f2510c46535a82282fd70196afe2e571/elements - {"using":"xpath","value":"//td[@aria-colindex=\"1\"]/div/div[contains(@class, \"sapMCbBg\")]"}
RESULT: {"using":"xpath","value":"//td[@aria-colindex=\"1\"]/div/div[contains(@class, \"sapMCbBg\")]"}
COMMAND: POST /session/f2510c46535a82282fd70196afe2e571/elements - {"using":"xpath","value":"//td[@aria-colindex=\"1\"]/div/div[contains(@class, \"sapMCbBg\")]"}
RESULT: {"using":"xpath","value":"//td[@aria-colindex=\"1\"]/div/div[contains(@class, \"sapMCbBg\")]"}
COMMAND: POST /session/f2510c46535a82282fd70196afe2e571/elements - {"using":"xpath","value":"//td[@aria-colindex=\"1\"]/div/div[contains(@class, \"sapMCbBg\")]"}
RESULT: {"using":"xpath","value":"//td[@aria-colindex=\"1\"]/div/div[contains(@class, \"sapMCbBg\")]"}
COMMAND: POST /session/f2510c46535a82282fd70196afe2e571/elements - {"using":"xpath","value":"//td[@aria-colindex=\"1\"]/div/div[contains(@class, \"sapMCbBg\")]"}
RESULT: {"using":"xpath","value":"//td[@aria-colindex=\"1\"]/div/div[contains(@class, \"sapMCbBg\")]"}
COMMAND: POST /session/f2510c46535a82282fd70196afe2e571/elements - {"using":"xpath","value":"//td[@aria-colindex=\"1\"]/div/div[contains(@class, \"sapMCbBg\")]"}
RESULT: {"using":"xpath","value":"//td[@aria-colindex=\"1\"]/div/div[contains(@class, \"sapMCbBg\")]"}
COMMAND: POST /session/f2510c46535a82282fd70196afe2e571/elements - {"using":"xpath","value":"//td[@aria-colindex=\"1\"]/div/div[contains(@class, \"sapMCbBg\")]"}
RESULT: {"using":"xpath","value":"//td[@aria-colindex=\"1\"]/div/div[contains(@class, \"sapMCbBg\")]"}
COMMAND: POST /session/f2510c46535a82282fd70196afe2e571/elements - {"using":"xpath","value":"//td[@aria-colindex=\"1\"]/div/div[contains(@class, \"sapMCbBg\")]"}
RESULT: {"using":"xpath","value":"//td[@aria-colindex=\"1\"]/div/div[contains(@class, \"sapMCbBg\")]"}
COMMAND: POST /session/f2510c46535a82282fd70196afe2e571/elements - {"using":"xpath","value":"//td[@aria-colindex=\"1\"]/div/div[contains(@class, \"sapMCbBg\")]"}
RESULT: {"using":"xpath","value":"//td[@aria-colindex=\"1\"]/div/div[contains(@class, \"sapMCbBg\")]"}
COMMAND: POST /session/f2510c46535a82282fd70196afe2e571/elements - {"using":"xpath","value":"//td[@aria-colindex=\"1\"]/div/div[contains(@class, \"sapMCbBg\")]"}
RESULT: {"using":"xpath","value":"//td[@aria-colindex=\"1\"]/div/div[contains(@class, \"sapMCbBg\")]"}
COMMAND: POST /session/f2510c46535a82282fd70196afe2e571/elements - {"using":"xpath","value":"//td[@aria-colindex=\"1\"]/div/div[contains(@class, \"sapMCbBg\")]"}
RESULT: {"using":"xpath","value":"//td[@aria-colindex=\"1\"]/div/div[contains(@class, \"sapMCbBg\")]"}
COMMAND: POST /session/f2510c46535a82282fd70196afe2e571/elements - {"using":"xpath","value":"//td[@aria-colindex=\"1\"]/div/div[contains(@class, \"sapMCbBg\")]"}
RESULT: {"using":"xpath","value":"//td[@aria-colindex=\"1\"]/div/div[contains(@class, \"sapMCbBg\")]"}
COMMAND: POST /session/f2510c46535a82282fd70196afe2e571/elements - {"using":"xpath","value":"//td[@aria-colindex=\"1\"]/div/div[contains(@class, \"sapMCbBg\")]"}
RESULT: {"using":"xpath","value":"//td[@aria-colindex=\"1\"]/div/div[contains(@class, \"sapMCbBg\")]"}
COMMAND: POST /session/f2510c46535a82282fd70196afe2e571/elements - {"using":"xpath","value":"//td[@aria-colindex=\"1\"]/div/div[contains(@class, \"sapMCbBg\")]"}
RESULT: {"using":"xpath","value":"//td[@aria-colindex=\"1\"]/div/div[contains(@class, \"sapMCbBg\")]"}
COMMAND: POST /session/f2510c46535a82282fd70196afe2e571/elements - {"using":"xpath","value":"//td[@aria-colindex=\"1\"]/div/div[contains(@class, \"sapMCbBg\")]"}
RESULT: {"using":"xpath","value":"//td[@aria-colindex=\"1\"]/div/div[contains(@class, \"sapMCbBg\")]"}
COMMAND: POST /session/f2510c46535a82282fd70196afe2e571/elements - {"using":"xpath","value":"//td[@aria-colindex=\"1\"]/div/div[contains(@class, \"sapMCbBg\")]"}
RESULT: {"using":"xpath","value":"//td[@aria-colindex=\"1\"]/div/div[contains(@class, \"sapMCbBg\")]"}
COMMAND: POST /session/f2510c46535a82282fd70196afe2e571/elements - {"using":"xpath","value":"//td[@aria-colindex=\"1\"]/div/div[contains(@class, \"sapMCbBg\")]"}
RESULT: {"using":"xpath","value":"//td[@aria-colindex=\"1\"]/div/div[contains(@class, \"sapMCbBg\")]"}
COMMAND: POST /session/f2510c46535a82282fd70196afe2e571/elements - {"using":"xpath","value":"//td[@aria-colindex=\"1\"]/div/div[contains(@class, \"sapMCbBg\")]"}
RESULT: {"using":"xpath","value":"//td[@aria-colindex=\"1\"]/div/div[contains(@class, \"sapMCbBg\")]"}
COMMAND: POST /session/f2510c46535a82282fd70196afe2e571/elements - {"using":"xpath","value":"//td[@aria-colindex=\"1\"]/div/div[contains(@class, \"sapMCbBg\")]"}
RESULT: {"using":"xpath","value":"//td[@aria-colindex=\"1\"]/div/div[contains(@class, \"sapMCbBg\")]"}
COMMAND: POST /session/f2510c46535a82282fd70196afe2e571/elements - {"using":"xpath","value":"//td[@aria-colindex=\"1\"]/div/div[contains(@class, \"sapMCbBg\")]"}
RESULT: {"using":"xpath","value":"//td[@aria-colindex=\"1\"]/div/div[contains(@class, \"sapMCbBg\")]"}
COMMAND: POST /session/f2510c46535a82282fd70196afe2e571/elements - {"using":"xpath","value":"//td[@aria-colindex=\"1\"]/div/div[contains(@class, \"sapMCbBg\")]"}
RESULT: {"using":"xpath","value":"//td[@aria-colindex=\"1\"]/div/div[contains(@class, \"sapMCbBg\")]"}
COMMAND: POST /session/f2510c46535a82282fd70196afe2e571/elements - {"using":"xpath","value":"//td[@aria-colindex=\"1\"]/div/div[contains(@class, \"sapMCbBg\")]"}
RESULT: {"using":"xpath","value":"//td[@aria-colindex=\"1\"]/div/div[contains(@class, \"sapMCbBg\")]"}
COMMAND: POST /session/f2510c46535a82282fd70196afe2e571/elements - {"using":"xpath","value":"//td[@aria-colindex=\"1\"]/div/div[contains(@class, \"sapMCbBg\")]"}
RESULT: {"using":"xpath","value":"//td[@aria-colindex=\"1\"]/div/div[contains(@class, \"sapMCbBg\")]"}
COMMAND: POST /session/f2510c46535a82282fd70196afe2e571/elements - {"using":"xpath","value":"//td[@aria-colindex=\"1\"]/div/div[contains(@class, \"sapMCbBg\")]"}
RESULT: {"using":"xpath","value":"//td[@aria-colindex=\"1\"]/div/div[contains(@class, \"sapMCbBg\")]"}
COMMAND: POST /session/f2510c46535a82282fd70196afe2e571/elements - {"using":"xpath","value":"//td[@aria-colindex=\"1\"]/div/div[contains(@class, \"sapMCbBg\")]"}
RESULT: {"using":"xpath","value":"//td[@aria-colindex=\"1\"]/div/div[contains(@class, \"sapMCbBg\")]"}
COMMAND: POST /session/f2510c46535a82282fd70196afe2e571/elements - {"using":"xpath","value":"//td[@aria-colindex=\"1\"]/div/div[contains(@class, \"sapMCbBg\")]"}
RESULT: {"using":"xpath","value":"//td[@aria-colindex=\"1\"]/div/div[contains(@class, \"sapMCbBg\")]"}
COMMAND: POST /session/f2510c46535a82282fd70196afe2e571/elements - {"using":"xpath","value":"//td[@aria-colindex=\"1\"]/div/div[contains(@class, \"sapMCbBg\")]"}
RESULT: {"using":"xpath","value":"//td[@aria-colindex=\"1\"]/div/div[contains(@class, \"sapMCbBg\")]"}
COMMAND: POST /session/f2510c46535a82282fd70196afe2e571/elements - {"using":"xpath","value":"//td[@aria-colindex=\"1\"]/div/div[contains(@class, \"sapMCbBg\")]"}
RESULT: {"using":"xpath","value":"//td[@aria-colindex=\"1\"]/div/div[contains(@class, \"sapMCbBg\")]"}
COMMAND: POST /session/f2510c46535a82282fd70196afe2e571/elements - {"using":"xpath","value":"//td[@aria-colindex=\"1\"]/div/div[contains(@class, \"sapMCbBg\")]"}
RESULT: {"using":"xpath","value":"//td[@aria-colindex=\"1\"]/div/div[contains(@class, \"sapMCbBg\")]"}
COMMAND: POST /session/f2510c46535a82282fd70196afe2e571/elements - {"using":"xpath","value":"//td[@aria-colindex=\"1\"]/div/div[contains(@class, \"sapMCbBg\")]"}
RESULT: {"using":"xpath","value":"//td[@aria-colindex=\"1\"]/div/div[contains(@class, \"sapMCbBg\")]"}
COMMAND: POST /session/f2510c46535a82282fd70196afe2e571/elements - {"using":"xpath","value":"//td[@aria-colindex=\"1\"]/div/div[contains(@class, \"sapMCbBg\")]"}
RESULT: {"using":"xpath","value":"//td[@aria-colindex=\"1\"]/div/div[contains(@class, \"sapMCbBg\")]"}
COMMAND: POST /session/f2510c46535a82282fd70196afe2e571/elements - {"using":"xpath","value":"//td[@aria-colindex=\"1\"]/div/div[contains(@class, \"sapMCbBg\")]"}
RESULT: {"using":"xpath","value":"//td[@aria-colindex=\"1\"]/div/div[contains(@class, \"sapMCbBg\")]"}
COMMAND: POST /session/f2510c46535a82282fd70196afe2e571/elements - {"using":"xpath","value":"//td[@aria-colindex=\"1\"]/div/div[contains(@class, \"sapMCbBg\")]"}
RESULT: {"using":"xpath","value":"//td[@aria-colindex=\"1\"]/div/div[contains(@class, \"sapMCbBg\")]"}
COMMAND: POST /session/f2510c46535a82282fd70196afe2e571/elements - {"using":"xpath","value":"//td[@aria-colindex=\"1\"]/div/div[contains(@class, \"sapMCbBg\")]"}
RESULT: {"using":"xpath","value":"//td[@aria-colindex=\"1\"]/div/div[contains(@class, \"sapMCbBg\")]"}
COMMAND: POST /session/f2510c46535a82282fd70196afe2e571/elements - {"using":"xpath","value":"//td[@aria-colindex=\"1\"]/div/div[contains(@class, \"sapMCbBg\")]"}
RESULT: {"using":"xpath","value":"//td[@aria-colindex=\"1\"]/div/div[contains(@class, \"sapMCbBg\")]"}
COMMAND: POST /session/f2510c46535a82282fd70196afe2e571/elements - {"using":"xpath","value":"//td[@aria-colindex=\"1\"]/div/div[contains(@class, \"sapMCbBg\")]"}
RESULT: {"using":"xpath","value":"//td[@aria-colindex=\"1\"]/div/div[contains(@class, \"sapMCbBg\")]"}
COMMAND: POST /session/f2510c46535a82282fd70196afe2e571/elements - {"using":"xpath","value":"//td[@aria-colindex=\"1\"]/div/div[contains(@class, \"sapMCbBg\")]"}
RESULT: {"using":"xpath","value":"//td[@aria-colindex=\"1\"]/div/div[contains(@class, \"sapMCbBg\")]"}
COMMAND: POST /session/f2510c46535a82282fd70196afe2e571/elements - {"using":"xpath","value":"//td[@aria-colindex=\"1\"]/div/div[contains(@class, \"sapMCbBg\")]"}
RESULT: {"using":"xpath","value":"//td[@aria-colindex=\"1\"]/div/div[contains(@class, \"sapMCbBg\")]"}
COMMAND: POST /session/f2510c46535a82282fd70196afe2e571/elements - {"using":"xpath","value":"//td[@aria-colindex=\"1\"]/div/div[contains(@class, \"sapMCbBg\")]"}
RESULT: {"using":"xpath","value":"//td[@aria-colindex=\"1\"]/div/div[contains(@class, \"sapMCbBg\")]"}
COMMAND: POST /session/f2510c46535a82282fd70196afe2e571/elements - {"using":"xpath","value":"//td[@aria-colindex=\"1\"]/div/div[contains(@class, \"sapMCbBg\")]"}
RESULT: {"using":"xpath","value":"//td[@aria-colindex=\"1\"]/div/div[contains(@class, \"sapMCbBg\")]"}
COMMAND: POST /session/f2510c46535a82282fd70196afe2e571/elements - {"using":"xpath","value":"//td[@aria-colindex=\"1\"]/div/div[contains(@class, \"sapMCbBg\")]"}
RESULT: {"using":"xpath","value":"//td[@aria-colindex=\"1\"]/div/div[contains(@class, \"sapMCbBg\")]"}
COMMAND: POST /session/f2510c46535a82282fd70196afe2e571/elements - {"using":"xpath","value":"//td[@aria-colindex=\"1\"]/div/div[contains(@class, \"sapMCbBg\")]"}
RESULT: {"using":"xpath","value":"//td[@aria-colindex=\"1\"]/div/div[contains(@class, \"sapMCbBg\")]"}
COMMAND: POST /session/f2510c46535a82282fd70196afe2e571/elements - {"using":"xpath","value":"//td[@aria-colindex=\"1\"]/div/div[contains(@class, \"sapMCbBg\")]"}
RESULT: {"using":"xpath","value":"//td[@aria-colindex=\"1\"]/div/div[contains(@class, \"sapMCbBg\")]"}
COMMAND: POST /session/f2510c46535a82282fd70196afe2e571/elements - {"using":"xpath","value":"//td[@aria-colindex=\"1\"]/div/div[contains(@class, \"sapMCbBg\")]"}
RESULT: {"using":"xpath","value":"//td[@aria-colindex=\"1\"]/div/div[contains(@class, \"sapMCbBg\")]"}
COMMAND: POST /session/f2510c46535a82282fd70196afe2e571/elements - {"using":"xpath","value":"//td[@aria-colindex=\"1\"]/div/div[contains(@class, \"sapMCbBg\")]"}
RESULT: {"using":"xpath","value":"//td[@aria-colindex=\"1\"]/div/div[contains(@class, \"sapMCbBg\")]"}
COMMAND: POST /session/f2510c46535a82282fd70196afe2e571/elements - {"using":"xpath","value":"//td[@aria-colindex=\"1\"]/div/div[contains(@class, \"sapMCbBg\")]"}
RESULT: {"using":"xpath","value":"//td[@aria-colindex=\"1\"]/div/div[contains(@class, \"sapMCbBg\")]"}
COMMAND: POST /session/f2510c46535a82282fd70196afe2e571/elements - {"using":"xpath","value":"//td[@aria-colindex=\"1\"]/div/div[contains(@class, \"sapMCbBg\")]"}
RESULT: {"using":"xpath","value":"//td[@aria-colindex=\"1\"]/div/div[contains(@class, \"sapMCbBg\")]"}
COMMAND: POST /session/f2510c46535a82282fd70196afe2e571/elements - {"using":"xpath","value":"//td[@aria-colindex=\"1\"]/div/div[contains(@class, \"sapMCbBg\")]"}
RESULT: {"using":"xpath","value":"//td[@aria-colindex=\"1\"]/div/div[contains(@class, \"sapMCbBg\")]"}
COMMAND: POST /session/f2510c46535a82282fd70196afe2e571/elements - {"using":"xpath","value":"//td[@aria-colindex=\"1\"]/div/div[contains(@class, \"sapMCbBg\")]"}
RESULT: {"using":"xpath","value":"//td[@aria-colindex=\"1\"]/div/div[contains(@class, \"sapMCbBg\")]"}
COMMAND: POST /session/f2510c46535a82282fd70196afe2e571/elements - {"using":"xpath","value":"//td[@aria-colindex=\"1\"]/div/div[contains(@class, \"sapMCbBg\")]"}
RESULT: {"using":"xpath","value":"//td[@aria-colindex=\"1\"]/div/div[contains(@class, \"sapMCbBg\")]"}
COMMAND: POST /session/f2510c46535a82282fd70196afe2e571/elements - {"using":"xpath","value":"//td[@aria-colindex=\"1\"]/div/div[contains(@class, \"sapMCbBg\")]"}
RESULT: {"using":"xpath","value":"//td[@aria-colindex=\"1\"]/div/div[contains(@class, \"sapMCbBg\")]"}
COMMAND: POST /session/f2510c46535a82282fd70196afe2e571/elements - {"using":"xpath","value":"//td[@aria-colindex=\"1\"]/div/div[contains(@class, \"sapMCbBg\")]"}
RESULT: {"using":"xpath","value":"//td[@aria-colindex=\"1\"]/div/div[contains(@class, \"sapMCbBg\")]"}
COMMAND: POST /session/f2510c46535a82282fd70196afe2e571/elements - {"using":"xpath","value":"//td[@aria-colindex=\"1\"]/div/div[contains(@class, \"sapMCbBg\")]"}
RESULT: {"using":"xpath","value":"//td[@aria-colindex=\"1\"]/div/div[contains(@class, \"sapMCbBg\")]"}
COMMAND: POST /session/f2510c46535a82282fd70196afe2e571/elements - {"using":"xpath","value":"//td[@aria-colindex=\"1\"]/div/div[contains(@class, \"sapMCbBg\")]"}
RESULT: {"using":"xpath","value":"//td[@aria-colindex=\"1\"]/div/div[contains(@class, \"sapMCbBg\")]"}
COMMAND: POST /session/f2510c46535a82282fd70196afe2e571/elements - {"using":"xpath","value":"//td[@aria-colindex=\"1\"]/div/div[contains(@class, \"sapMCbBg\")]"}
RESULT: {"using":"xpath","value":"//td[@aria-colindex=\"1\"]/div/div[contains(@class, \"sapMCbBg\")]"}
COMMAND: POST /session/f2510c46535a82282fd70196afe2e571/elements - {"using":"xpath","value":"//td[@aria-colindex=\"1\"]/div/div[contains(@class, \"sapMCbBg\")]"}
RESULT: {"using":"xpath","value":"//td[@aria-colindex=\"1\"]/div/div[contains(@class, \"sapMCbBg\")]"}
COMMAND: POST /session/f2510c46535a82282fd70196afe2e571/elements - {"using":"xpath","value":"//td[@aria-colindex=\"1\"]/div/div[contains(@class, \"sapMCbBg\")]"}
RESULT: {"using":"xpath","value":"//td[@aria-colindex=\"1\"]/div/div[contains(@class, \"sapMCbBg\")]"}
COMMAND: POST /session/f2510c46535a82282fd70196afe2e571/elements - {"using":"xpath","value":"//td[@aria-colindex=\"1\"]/div/div[contains(@class, \"sapMCbBg\")]"}
RESULT: {"using":"xpath","value":"//td[@aria-colindex=\"1\"]/div/div[contains(@class, \"sapMCbBg\")]"}
COMMAND: POST /session/f2510c46535a82282fd70196afe2e571/elements - {"using":"xpath","value":"//td[@aria-colindex=\"1\"]/div/div[contains(@class, \"sapMCbBg\")]"}
RESULT: {"using":"xpath","value":"//td[@aria-colindex=\"1\"]/div/div[contains(@class, \"sapMCbBg\")]"}
COMMAND: POST /session/f2510c46535a82282fd70196afe2e571/elements - {"using":"xpath","value":"//td[@aria-colindex=\"1\"]/div/div[contains(@class, \"sapMCbBg\")]"}
RESULT: {"using":"xpath","value":"//td[@aria-colindex=\"1\"]/div/div[contains(@class, \"sapMCbBg\")]"}
COMMAND: POST /session/f2510c46535a82282fd70196afe2e571/elements - {"using":"xpath","value":"//td[@aria-colindex=\"1\"]/div/div[contains(@class, \"sapMCbBg\")]"}
RESULT: {"using":"xpath","value":"//td[@aria-colindex=\"1\"]/div/div[contains(@class, \"sapMCbBg\")]"}
COMMAND: POST /session/f2510c46535a82282fd70196afe2e571/elements - {"using":"xpath","value":"//td[@aria-colindex=\"1\"]/div/div[contains(@class, \"sapMCbBg\")]"}
RESULT: {"using":"xpath","value":"//td[@aria-colindex=\"1\"]/div/div[contains(@class, \"sapMCbBg\")]"}
COMMAND: POST /session/f2510c46535a82282fd70196afe2e571/elements - {"using":"xpath","value":"//td[@aria-colindex=\"1\"]/div/div[contains(@class, \"sapMCbBg\")]"}
RESULT: {"using":"xpath","value":"//td[@aria-colindex=\"1\"]/div/div[contains(@class, \"sapMCbBg\")]"}
COMMAND: POST /session/f2510c46535a82282fd70196afe2e571/elements - {"using":"xpath","value":"//td[@aria-colindex=\"1\"]/div/div[contains(@class, \"sapMCbBg\")]"}
RESULT: {"using":"xpath","value":"//td[@aria-colindex=\"1\"]/div/div[contains(@class, \"sapMCbBg\")]"}
COMMAND: POST /session/f2510c46535a82282fd70196afe2e571/elements - {"using":"xpath","value":"//td[@aria-colindex=\"1\"]/div/div[contains(@class, \"sapMCbBg\")]"}
RESULT: {"using":"xpath","value":"//td[@aria-colindex=\"1\"]/div/div[contains(@class, \"sapMCbBg\")]"}
COMMAND: POST /session/f2510c46535a82282fd70196afe2e571/elements - {"using":"xpath","value":"//td[@aria-colindex=\"1\"]/div/div[contains(@class, \"sapMCbBg\")]"}
RESULT: {"using":"xpath","value":"//td[@aria-colindex=\"1\"]/div/div[contains(@class, \"sapMCbBg\")]"}
COMMAND: POST /session/f2510c46535a82282fd70196afe2e571/elements - {"using":"xpath","value":"//td[@aria-colindex=\"1\"]/div/div[contains(@class, \"sapMCbBg\")]"}
RESULT: {"using":"xpath","value":"//td[@aria-colindex=\"1\"]/div/div[contains(@class, \"sapMCbBg\")]"}
COMMAND: POST /session/f2510c46535a82282fd70196afe2e571/elements - {"using":"xpath","value":"//td[@aria-colindex=\"1\"]/div/div[contains(@class, \"sapMCbBg\")]"}
RESULT: {"using":"xpath","value":"//td[@aria-colindex=\"1\"]/div/div[contains(@class, \"sapMCbBg\")]"}
COMMAND: POST /session/f2510c46535a82282fd70196afe2e571/elements - {"using":"xpath","value":"//td[@aria-colindex=\"1\"]/div/div[contains(@class, \"sapMCbBg\")]"}
RESULT: {"using":"xpath","value":"//td[@aria-colindex=\"1\"]/div/div[contains(@class, \"sapMCbBg\")]"}
COMMAND: POST /session/f2510c46535a82282fd70196afe2e571/elements - {"using":"xpath","value":"//td[@aria-colindex=\"1\"]/div/div[contains(@class, \"sapMCbBg\")]"}
RESULT: {"using":"xpath","value":"//td[@aria-colindex=\"1\"]/div/div[contains(@class, \"sapMCbBg\")]"}
COMMAND: POST /session/f2510c46535a82282fd70196afe2e571/elements - {"using":"xpath","value":"//td[@aria-colindex=\"1\"]/div/div[contains(@class, \"sapMCbBg\")]"}
RESULT: {"using":"xpath","value":"//td[@aria-colindex=\"1\"]/div/div[contains(@class, \"sapMCbBg\")]"}
COMMAND: POST /session/f2510c46535a82282fd70196afe2e571/elements - {"using":"xpath","value":"//td[@aria-colindex=\"1\"]/div/div[contains(@class, \"sapMCbBg\")]"}
RESULT: {"using":"xpath","value":"//td[@aria-colindex=\"1\"]/div/div[contains(@class, \"sapMCbBg\")]"}
COMMAND: POST /session/f2510c46535a82282fd70196afe2e571/elements - {"using":"xpath","value":"//td[@aria-colindex=\"1\"]/div/div[contains(@class, \"sapMCbBg\")]"}
RESULT: {"using":"xpath","value":"//td[@aria-colindex=\"1\"]/div/div[contains(@class, \"sapMCbBg\")]"}
COMMAND: POST /session/f2510c46535a82282fd70196afe2e571/elements - {"using":"xpath","value":"//td[@aria-colindex=\"1\"]/div/div[contains(@class, \"sapMCbBg\")]"}
RESULT: {"using":"xpath","value":"//td[@aria-colindex=\"1\"]/div/div[contains(@class, \"sapMCbBg\")]"}
COMMAND: POST /session/f2510c46535a82282fd70196afe2e571/elements - {"using":"xpath","value":"//td[@aria-colindex=\"1\"]/div/div[contains(@class, \"sapMCbBg\")]"}
RESULT: {"using":"xpath","value":"//td[@aria-colindex=\"1\"]/div/div[contains(@class, \"sapMCbBg\")]"}
COMMAND: POST /session/f2510c46535a82282fd70196afe2e571/elements - {"using":"xpath","value":"//td[@aria-colindex=\"1\"]/div/div[contains(@class, \"sapMCbBg\")]"}
RESULT: {"using":"xpath","value":"//td[@aria-colindex=\"1\"]/div/div[contains(@class, \"sapMCbBg\")]"}
COMMAND: POST /session/f2510c46535a82282fd70196afe2e571/elements - {"using":"xpath","value":"//td[@aria-colindex=\"1\"]/div/div[contains(@class, \"sapMCbBg\")]"}
RESULT: {"using":"xpath","value":"//td[@aria-colindex=\"1\"]/div/div[contains(@class, \"sapMCbBg\")]"}
COMMAND: POST /session/f2510c46535a82282fd70196afe2e571/elements - {"using":"xpath","value":"//td[@aria-colindex=\"1\"]/div/div[contains(@class, \"sapMCbBg\")]"}
RESULT: {"using":"xpath","value":"//td[@aria-colindex=\"1\"]/div/div[contains(@class, \"sapMCbBg\")]"}
COMMAND: POST /session/f2510c46535a82282fd70196afe2e571/elements - {"using":"xpath","value":"//td[@aria-colindex=\"1\"]/div/div[contains(@class, \"sapMCbBg\")]"}
RESULT: {"using":"xpath","value":"//td[@aria-colindex=\"1\"]/div/div[contains(@class, \"sapMCbBg\")]"}
COMMAND: POST /session/f2510c46535a82282fd70196afe2e571/elements - {"using":"xpath","value":"//td[@aria-colindex=\"1\"]/div/div[contains(@class, \"sapMCbBg\")]"}
RESULT: {"using":"xpath","value":"//td[@aria-colindex=\"1\"]/div/div[contains(@class, \"sapMCbBg\")]"}
COMMAND: POST /session/f2510c46535a82282fd70196afe2e571/elements - {"using":"xpath","value":"//td[@aria-colindex=\"1\"]/div/div[contains(@class, \"sapMCbBg\")]"}
RESULT: {"using":"xpath","value":"//td[@aria-colindex=\"1\"]/div/div[contains(@class, \"sapMCbBg\")]"}
COMMAND: POST /session/f2510c46535a82282fd70196afe2e571/elements - {"using":"xpath","value":"//td[@aria-colindex=\"1\"]/div/div[contains(@class, \"sapMCbBg\")]"}
RESULT: {"using":"xpath","value":"//td[@aria-colindex=\"1\"]/div/div[contains(@class, \"sapMCbBg\")]"}
COMMAND: POST /session/f2510c46535a82282fd70196afe2e571/elements - {"using":"xpath","value":"//td[@aria-colindex=\"1\"]/div/div[contains(@class, \"sapMCbBg\")]"}
RESULT: {"using":"xpath","value":"//td[@aria-colindex=\"1\"]/div/div[contains(@class, \"sapMCbBg\")]"}
COMMAND: POST /session/f2510c46535a82282fd70196afe2e571/elements - {"using":"xpath","value":"//td[@aria-colindex=\"1\"]/div/div[contains(@class, \"sapMCbBg\")]"}
RESULT: {"using":"xpath","value":"//td[@aria-colindex=\"1\"]/div/div[contains(@class, \"sapMCbBg\")]"}
COMMAND: POST /session/f2510c46535a82282fd70196afe2e571/elements - {"using":"xpath","value":"//td[@aria-colindex=\"1\"]/div/div[contains(@class, \"sapMCbBg\")]"}
RESULT: {"using":"xpath","value":"//td[@aria-colindex=\"1\"]/div/div[contains(@class, \"sapMCbBg\")]"}
COMMAND: POST /session/f2510c46535a82282fd70196afe2e571/elements - {"using":"xpath","value":"//td[@aria-colindex=\"1\"]/div/div[contains(@class, \"sapMCbBg\")]"}
RESULT: {"using":"xpath","value":"//td[@aria-colindex=\"1\"]/div/div[contains(@class, \"sapMCbBg\")]"}
COMMAND: POST /session/f2510c46535a82282fd70196afe2e571/elements - {"using":"xpath","value":"//td[@aria-colindex=\"1\"]/div/div[contains(@class, \"sapMCbBg\")]"}
RESULT: {"using":"xpath","value":"//td[@aria-colindex=\"1\"]/div/div[contains(@class, \"sapMCbBg\")]"}
COMMAND: POST /session/f2510c46535a82282fd70196afe2e571/elements - {"using":"xpath","value":"//td[@aria-colindex=\"1\"]/div/div[contains(@class, \"sapMCbBg\")]"}
RESULT: {"using":"xpath","value":"//td[@aria-colindex=\"1\"]/div/div[contains(@class, \"sapMCbBg\")]"}
COMMAND: POST /session/f2510c46535a82282fd70196afe2e571/elements - {"using":"xpath","value":"//td[@aria-colindex=\"1\"]/div/div[contains(@class, \"sapMCbBg\")]"}
RESULT: {"using":"xpath","value":"//td[@aria-colindex=\"1\"]/div/div[contains(@class, \"sapMCbBg\")]"}
COMMAND: POST /session/f2510c46535a82282fd70196afe2e571/elements - {"using":"xpath","value":"//td[@aria-colindex=\"1\"]/div/div[contains(@class, \"sapMCbBg\")]"}
RESULT: {"using":"xpath","value":"//td[@aria-colindex=\"1\"]/div/div[contains(@class, \"sapMCbBg\")]"}
COMMAND: POST /session/f2510c46535a82282fd70196afe2e571/elements - {"using":"xpath","value":"//td[@aria-colindex=\"1\"]/div/div[contains(@class, \"sapMCbBg\")]"}
RESULT: {"using":"xpath","value":"//td[@aria-colindex=\"1\"]/div/div[contains(@class, \"sapMCbBg\")]"}
COMMAND: GET /session/f2510c46535a82282fd70196afe2e571/screenshot - {}
RESULT: {}
]]></system-out>
      <system-err><![CDATA[
Error: Can't call click on element with selector "//td[@aria-colindex="1"]/div/div[contains(@class, "sapMCbBg")]" because element wasn't found
    at async UtilsPrerequisites.manageBillingsTriggerCalculation (D:\a\1\s\test\specs\BTS\prerequisites-and-utils-functions.js:2750:9)
    at async Context.<anonymous> (D:\a\1\s\test\specs\BTS\billing-calculation-transp-times.spec.js:112:9)
]]></system-err>
    </testcase>
    <testcase classname="chrome.136_0_7103_93.windows.Billing_Calculation_-_Time_based_(considering_transport_times)_US139738" name="Should transfer the billing all the way to completion" time="55.401">
      <failure/>
      <error message="element (&quot;//input[contains(@id ,&quot;application-billingtransfer-display-component---billingWorkbench--smartFilterBar-btnBasicSearch&quot;)]&quot;) still not existing after 45000ms"/>
      <system-out><![CDATA[
RESULT: undefined
COMMAND: GET /session/f2510c46535a82282fd70196afe2e571/screenshot - {}
RESULT: {}
COMMAND: POST /session/f2510c46535a82282fd70196afe2e571/elements - {"using":"xpath","value":"//span[text()='Error']"}
RESULT: {"using":"xpath","value":"//span[text()='Error']"}
COMMAND: POST /session/f2510c46535a82282fd70196afe2e571/element - {"using":"xpath","value":"//input[contains(@id ,\"application-billingtransfer-display-component---billingWorkbench--smartFilterBar-btnBasicSearch\")]"}
RESULT: {"using":"xpath","value":"//input[contains(@id ,\"application-billingtransfer-display-component---billingWorkbench--smartFilterBar-btnBasicSearch\")]"}
COMMAND: POST /session/f2510c46535a82282fd70196afe2e571/elements - {"using":"xpath","value":"//input[contains(@id ,\"application-billingtransfer-display-component---billingWorkbench--smartFilterBar-btnBasicSearch\")]"}
RESULT: {"using":"xpath","value":"//input[contains(@id ,\"application-billingtransfer-display-component---billingWorkbench--smartFilterBar-btnBasicSearch\")]"}
COMMAND: POST /session/f2510c46535a82282fd70196afe2e571/elements - {"using":"xpath","value":"//input[contains(@id ,\"application-billingtransfer-display-component---billingWorkbench--smartFilterBar-btnBasicSearch\")]"}
RESULT: {"using":"xpath","value":"//input[contains(@id ,\"application-billingtransfer-display-component---billingWorkbench--smartFilterBar-btnBasicSearch\")]"}
COMMAND: POST /session/f2510c46535a82282fd70196afe2e571/elements - {"using":"xpath","value":"//input[contains(@id ,\"application-billingtransfer-display-component---billingWorkbench--smartFilterBar-btnBasicSearch\")]"}
RESULT: {"using":"xpath","value":"//input[contains(@id ,\"application-billingtransfer-display-component---billingWorkbench--smartFilterBar-btnBasicSearch\")]"}
COMMAND: POST /session/f2510c46535a82282fd70196afe2e571/elements - {"using":"xpath","value":"//input[contains(@id ,\"application-billingtransfer-display-component---billingWorkbench--smartFilterBar-btnBasicSearch\")]"}
RESULT: {"using":"xpath","value":"//input[contains(@id ,\"application-billingtransfer-display-component---billingWorkbench--smartFilterBar-btnBasicSearch\")]"}
COMMAND: POST /session/f2510c46535a82282fd70196afe2e571/elements - {"using":"xpath","value":"//input[contains(@id ,\"application-billingtransfer-display-component---billingWorkbench--smartFilterBar-btnBasicSearch\")]"}
RESULT: {"using":"xpath","value":"//input[contains(@id ,\"application-billingtransfer-display-component---billingWorkbench--smartFilterBar-btnBasicSearch\")]"}
COMMAND: POST /session/f2510c46535a82282fd70196afe2e571/elements - {"using":"xpath","value":"//input[contains(@id ,\"application-billingtransfer-display-component---billingWorkbench--smartFilterBar-btnBasicSearch\")]"}
RESULT: {"using":"xpath","value":"//input[contains(@id ,\"application-billingtransfer-display-component---billingWorkbench--smartFilterBar-btnBasicSearch\")]"}
COMMAND: POST /session/f2510c46535a82282fd70196afe2e571/elements - {"using":"xpath","value":"//input[contains(@id ,\"application-billingtransfer-display-component---billingWorkbench--smartFilterBar-btnBasicSearch\")]"}
RESULT: {"using":"xpath","value":"//input[contains(@id ,\"application-billingtransfer-display-component---billingWorkbench--smartFilterBar-btnBasicSearch\")]"}
COMMAND: POST /session/f2510c46535a82282fd70196afe2e571/elements - {"using":"xpath","value":"//input[contains(@id ,\"application-billingtransfer-display-component---billingWorkbench--smartFilterBar-btnBasicSearch\")]"}
RESULT: {"using":"xpath","value":"//input[contains(@id ,\"application-billingtransfer-display-component---billingWorkbench--smartFilterBar-btnBasicSearch\")]"}
COMMAND: POST /session/f2510c46535a82282fd70196afe2e571/elements - {"using":"xpath","value":"//input[contains(@id ,\"application-billingtransfer-display-component---billingWorkbench--smartFilterBar-btnBasicSearch\")]"}
RESULT: {"using":"xpath","value":"//input[contains(@id ,\"application-billingtransfer-display-component---billingWorkbench--smartFilterBar-btnBasicSearch\")]"}
COMMAND: POST /session/f2510c46535a82282fd70196afe2e571/elements - {"using":"xpath","value":"//input[contains(@id ,\"application-billingtransfer-display-component---billingWorkbench--smartFilterBar-btnBasicSearch\")]"}
RESULT: {"using":"xpath","value":"//input[contains(@id ,\"application-billingtransfer-display-component---billingWorkbench--smartFilterBar-btnBasicSearch\")]"}
COMMAND: POST /session/f2510c46535a82282fd70196afe2e571/elements - {"using":"xpath","value":"//input[contains(@id ,\"application-billingtransfer-display-component---billingWorkbench--smartFilterBar-btnBasicSearch\")]"}
RESULT: {"using":"xpath","value":"//input[contains(@id ,\"application-billingtransfer-display-component---billingWorkbench--smartFilterBar-btnBasicSearch\")]"}
COMMAND: POST /session/f2510c46535a82282fd70196afe2e571/elements - {"using":"xpath","value":"//input[contains(@id ,\"application-billingtransfer-display-component---billingWorkbench--smartFilterBar-btnBasicSearch\")]"}
RESULT: {"using":"xpath","value":"//input[contains(@id ,\"application-billingtransfer-display-component---billingWorkbench--smartFilterBar-btnBasicSearch\")]"}
COMMAND: POST /session/f2510c46535a82282fd70196afe2e571/elements - {"using":"xpath","value":"//input[contains(@id ,\"application-billingtransfer-display-component---billingWorkbench--smartFilterBar-btnBasicSearch\")]"}
RESULT: {"using":"xpath","value":"//input[contains(@id ,\"application-billingtransfer-display-component---billingWorkbench--smartFilterBar-btnBasicSearch\")]"}
COMMAND: POST /session/f2510c46535a82282fd70196afe2e571/elements - {"using":"xpath","value":"//input[contains(@id ,\"application-billingtransfer-display-component---billingWorkbench--smartFilterBar-btnBasicSearch\")]"}
RESULT: {"using":"xpath","value":"//input[contains(@id ,\"application-billingtransfer-display-component---billingWorkbench--smartFilterBar-btnBasicSearch\")]"}
COMMAND: POST /session/f2510c46535a82282fd70196afe2e571/elements - {"using":"xpath","value":"//input[contains(@id ,\"application-billingtransfer-display-component---billingWorkbench--smartFilterBar-btnBasicSearch\")]"}
RESULT: {"using":"xpath","value":"//input[contains(@id ,\"application-billingtransfer-display-component---billingWorkbench--smartFilterBar-btnBasicSearch\")]"}
COMMAND: POST /session/f2510c46535a82282fd70196afe2e571/elements - {"using":"xpath","value":"//input[contains(@id ,\"application-billingtransfer-display-component---billingWorkbench--smartFilterBar-btnBasicSearch\")]"}
RESULT: {"using":"xpath","value":"//input[contains(@id ,\"application-billingtransfer-display-component---billingWorkbench--smartFilterBar-btnBasicSearch\")]"}
COMMAND: POST /session/f2510c46535a82282fd70196afe2e571/elements - {"using":"xpath","value":"//input[contains(@id ,\"application-billingtransfer-display-component---billingWorkbench--smartFilterBar-btnBasicSearch\")]"}
RESULT: {"using":"xpath","value":"//input[contains(@id ,\"application-billingtransfer-display-component---billingWorkbench--smartFilterBar-btnBasicSearch\")]"}
COMMAND: POST /session/f2510c46535a82282fd70196afe2e571/elements - {"using":"xpath","value":"//input[contains(@id ,\"application-billingtransfer-display-component---billingWorkbench--smartFilterBar-btnBasicSearch\")]"}
RESULT: {"using":"xpath","value":"//input[contains(@id ,\"application-billingtransfer-display-component---billingWorkbench--smartFilterBar-btnBasicSearch\")]"}
COMMAND: POST /session/f2510c46535a82282fd70196afe2e571/elements - {"using":"xpath","value":"//input[contains(@id ,\"application-billingtransfer-display-component---billingWorkbench--smartFilterBar-btnBasicSearch\")]"}
RESULT: {"using":"xpath","value":"//input[contains(@id ,\"application-billingtransfer-display-component---billingWorkbench--smartFilterBar-btnBasicSearch\")]"}
COMMAND: POST /session/f2510c46535a82282fd70196afe2e571/elements - {"using":"xpath","value":"//input[contains(@id ,\"application-billingtransfer-display-component---billingWorkbench--smartFilterBar-btnBasicSearch\")]"}
RESULT: {"using":"xpath","value":"//input[contains(@id ,\"application-billingtransfer-display-component---billingWorkbench--smartFilterBar-btnBasicSearch\")]"}
COMMAND: POST /session/f2510c46535a82282fd70196afe2e571/elements - {"using":"xpath","value":"//input[contains(@id ,\"application-billingtransfer-display-component---billingWorkbench--smartFilterBar-btnBasicSearch\")]"}
RESULT: {"using":"xpath","value":"//input[contains(@id ,\"application-billingtransfer-display-component---billingWorkbench--smartFilterBar-btnBasicSearch\")]"}
COMMAND: POST /session/f2510c46535a82282fd70196afe2e571/elements - {"using":"xpath","value":"//input[contains(@id ,\"application-billingtransfer-display-component---billingWorkbench--smartFilterBar-btnBasicSearch\")]"}
RESULT: {"using":"xpath","value":"//input[contains(@id ,\"application-billingtransfer-display-component---billingWorkbench--smartFilterBar-btnBasicSearch\")]"}
COMMAND: POST /session/f2510c46535a82282fd70196afe2e571/elements - {"using":"xpath","value":"//input[contains(@id ,\"application-billingtransfer-display-component---billingWorkbench--smartFilterBar-btnBasicSearch\")]"}
RESULT: {"using":"xpath","value":"//input[contains(@id ,\"application-billingtransfer-display-component---billingWorkbench--smartFilterBar-btnBasicSearch\")]"}
COMMAND: POST /session/f2510c46535a82282fd70196afe2e571/elements - {"using":"xpath","value":"//input[contains(@id ,\"application-billingtransfer-display-component---billingWorkbench--smartFilterBar-btnBasicSearch\")]"}
RESULT: {"using":"xpath","value":"//input[contains(@id ,\"application-billingtransfer-display-component---billingWorkbench--smartFilterBar-btnBasicSearch\")]"}
COMMAND: POST /session/f2510c46535a82282fd70196afe2e571/elements - {"using":"xpath","value":"//input[contains(@id ,\"application-billingtransfer-display-component---billingWorkbench--smartFilterBar-btnBasicSearch\")]"}
RESULT: {"using":"xpath","value":"//input[contains(@id ,\"application-billingtransfer-display-component---billingWorkbench--smartFilterBar-btnBasicSearch\")]"}
COMMAND: POST /session/f2510c46535a82282fd70196afe2e571/elements - {"using":"xpath","value":"//input[contains(@id ,\"application-billingtransfer-display-component---billingWorkbench--smartFilterBar-btnBasicSearch\")]"}
RESULT: {"using":"xpath","value":"//input[contains(@id ,\"application-billingtransfer-display-component---billingWorkbench--smartFilterBar-btnBasicSearch\")]"}
COMMAND: POST /session/f2510c46535a82282fd70196afe2e571/elements - {"using":"xpath","value":"//input[contains(@id ,\"application-billingtransfer-display-component---billingWorkbench--smartFilterBar-btnBasicSearch\")]"}
RESULT: {"using":"xpath","value":"//input[contains(@id ,\"application-billingtransfer-display-component---billingWorkbench--smartFilterBar-btnBasicSearch\")]"}
COMMAND: POST /session/f2510c46535a82282fd70196afe2e571/elements - {"using":"xpath","value":"//input[contains(@id ,\"application-billingtransfer-display-component---billingWorkbench--smartFilterBar-btnBasicSearch\")]"}
RESULT: {"using":"xpath","value":"//input[contains(@id ,\"application-billingtransfer-display-component---billingWorkbench--smartFilterBar-btnBasicSearch\")]"}
COMMAND: POST /session/f2510c46535a82282fd70196afe2e571/elements - {"using":"xpath","value":"//input[contains(@id ,\"application-billingtransfer-display-component---billingWorkbench--smartFilterBar-btnBasicSearch\")]"}
RESULT: {"using":"xpath","value":"//input[contains(@id ,\"application-billingtransfer-display-component---billingWorkbench--smartFilterBar-btnBasicSearch\")]"}
COMMAND: POST /session/f2510c46535a82282fd70196afe2e571/elements - {"using":"xpath","value":"//input[contains(@id ,\"application-billingtransfer-display-component---billingWorkbench--smartFilterBar-btnBasicSearch\")]"}
RESULT: {"using":"xpath","value":"//input[contains(@id ,\"application-billingtransfer-display-component---billingWorkbench--smartFilterBar-btnBasicSearch\")]"}
COMMAND: POST /session/f2510c46535a82282fd70196afe2e571/elements - {"using":"xpath","value":"//input[contains(@id ,\"application-billingtransfer-display-component---billingWorkbench--smartFilterBar-btnBasicSearch\")]"}
RESULT: {"using":"xpath","value":"//input[contains(@id ,\"application-billingtransfer-display-component---billingWorkbench--smartFilterBar-btnBasicSearch\")]"}
COMMAND: POST /session/f2510c46535a82282fd70196afe2e571/elements - {"using":"xpath","value":"//input[contains(@id ,\"application-billingtransfer-display-component---billingWorkbench--smartFilterBar-btnBasicSearch\")]"}
RESULT: {"using":"xpath","value":"//input[contains(@id ,\"application-billingtransfer-display-component---billingWorkbench--smartFilterBar-btnBasicSearch\")]"}
COMMAND: POST /session/f2510c46535a82282fd70196afe2e571/elements - {"using":"xpath","value":"//input[contains(@id ,\"application-billingtransfer-display-component---billingWorkbench--smartFilterBar-btnBasicSearch\")]"}
RESULT: {"using":"xpath","value":"//input[contains(@id ,\"application-billingtransfer-display-component---billingWorkbench--smartFilterBar-btnBasicSearch\")]"}
COMMAND: POST /session/f2510c46535a82282fd70196afe2e571/elements - {"using":"xpath","value":"//input[contains(@id ,\"application-billingtransfer-display-component---billingWorkbench--smartFilterBar-btnBasicSearch\")]"}
RESULT: {"using":"xpath","value":"//input[contains(@id ,\"application-billingtransfer-display-component---billingWorkbench--smartFilterBar-btnBasicSearch\")]"}
COMMAND: POST /session/f2510c46535a82282fd70196afe2e571/elements - {"using":"xpath","value":"//input[contains(@id ,\"application-billingtransfer-display-component---billingWorkbench--smartFilterBar-btnBasicSearch\")]"}
RESULT: {"using":"xpath","value":"//input[contains(@id ,\"application-billingtransfer-display-component---billingWorkbench--smartFilterBar-btnBasicSearch\")]"}
COMMAND: POST /session/f2510c46535a82282fd70196afe2e571/elements - {"using":"xpath","value":"//input[contains(@id ,\"application-billingtransfer-display-component---billingWorkbench--smartFilterBar-btnBasicSearch\")]"}
RESULT: {"using":"xpath","value":"//input[contains(@id ,\"application-billingtransfer-display-component---billingWorkbench--smartFilterBar-btnBasicSearch\")]"}
COMMAND: POST /session/f2510c46535a82282fd70196afe2e571/elements - {"using":"xpath","value":"//input[contains(@id ,\"application-billingtransfer-display-component---billingWorkbench--smartFilterBar-btnBasicSearch\")]"}
RESULT: {"using":"xpath","value":"//input[contains(@id ,\"application-billingtransfer-display-component---billingWorkbench--smartFilterBar-btnBasicSearch\")]"}
COMMAND: POST /session/f2510c46535a82282fd70196afe2e571/elements - {"using":"xpath","value":"//input[contains(@id ,\"application-billingtransfer-display-component---billingWorkbench--smartFilterBar-btnBasicSearch\")]"}
RESULT: {"using":"xpath","value":"//input[contains(@id ,\"application-billingtransfer-display-component---billingWorkbench--smartFilterBar-btnBasicSearch\")]"}
COMMAND: POST /session/f2510c46535a82282fd70196afe2e571/elements - {"using":"xpath","value":"//input[contains(@id ,\"application-billingtransfer-display-component---billingWorkbench--smartFilterBar-btnBasicSearch\")]"}
RESULT: {"using":"xpath","value":"//input[contains(@id ,\"application-billingtransfer-display-component---billingWorkbench--smartFilterBar-btnBasicSearch\")]"}
COMMAND: POST /session/f2510c46535a82282fd70196afe2e571/elements - {"using":"xpath","value":"//input[contains(@id ,\"application-billingtransfer-display-component---billingWorkbench--smartFilterBar-btnBasicSearch\")]"}
RESULT: {"using":"xpath","value":"//input[contains(@id ,\"application-billingtransfer-display-component---billingWorkbench--smartFilterBar-btnBasicSearch\")]"}
COMMAND: POST /session/f2510c46535a82282fd70196afe2e571/elements - {"using":"xpath","value":"//input[contains(@id ,\"application-billingtransfer-display-component---billingWorkbench--smartFilterBar-btnBasicSearch\")]"}
RESULT: {"using":"xpath","value":"//input[contains(@id ,\"application-billingtransfer-display-component---billingWorkbench--smartFilterBar-btnBasicSearch\")]"}
COMMAND: POST /session/f2510c46535a82282fd70196afe2e571/elements - {"using":"xpath","value":"//input[contains(@id ,\"application-billingtransfer-display-component---billingWorkbench--smartFilterBar-btnBasicSearch\")]"}
RESULT: {"using":"xpath","value":"//input[contains(@id ,\"application-billingtransfer-display-component---billingWorkbench--smartFilterBar-btnBasicSearch\")]"}
COMMAND: POST /session/f2510c46535a82282fd70196afe2e571/elements - {"using":"xpath","value":"//input[contains(@id ,\"application-billingtransfer-display-component---billingWorkbench--smartFilterBar-btnBasicSearch\")]"}
RESULT: {"using":"xpath","value":"//input[contains(@id ,\"application-billingtransfer-display-component---billingWorkbench--smartFilterBar-btnBasicSearch\")]"}
COMMAND: POST /session/f2510c46535a82282fd70196afe2e571/elements - {"using":"xpath","value":"//input[contains(@id ,\"application-billingtransfer-display-component---billingWorkbench--smartFilterBar-btnBasicSearch\")]"}
RESULT: {"using":"xpath","value":"//input[contains(@id ,\"application-billingtransfer-display-component---billingWorkbench--smartFilterBar-btnBasicSearch\")]"}
COMMAND: POST /session/f2510c46535a82282fd70196afe2e571/elements - {"using":"xpath","value":"//input[contains(@id ,\"application-billingtransfer-display-component---billingWorkbench--smartFilterBar-btnBasicSearch\")]"}
RESULT: {"using":"xpath","value":"//input[contains(@id ,\"application-billingtransfer-display-component---billingWorkbench--smartFilterBar-btnBasicSearch\")]"}
COMMAND: POST /session/f2510c46535a82282fd70196afe2e571/elements - {"using":"xpath","value":"//input[contains(@id ,\"application-billingtransfer-display-component---billingWorkbench--smartFilterBar-btnBasicSearch\")]"}
RESULT: {"using":"xpath","value":"//input[contains(@id ,\"application-billingtransfer-display-component---billingWorkbench--smartFilterBar-btnBasicSearch\")]"}
COMMAND: POST /session/f2510c46535a82282fd70196afe2e571/elements - {"using":"xpath","value":"//input[contains(@id ,\"application-billingtransfer-display-component---billingWorkbench--smartFilterBar-btnBasicSearch\")]"}
RESULT: {"using":"xpath","value":"//input[contains(@id ,\"application-billingtransfer-display-component---billingWorkbench--smartFilterBar-btnBasicSearch\")]"}
COMMAND: POST /session/f2510c46535a82282fd70196afe2e571/elements - {"using":"xpath","value":"//input[contains(@id ,\"application-billingtransfer-display-component---billingWorkbench--smartFilterBar-btnBasicSearch\")]"}
RESULT: {"using":"xpath","value":"//input[contains(@id ,\"application-billingtransfer-display-component---billingWorkbench--smartFilterBar-btnBasicSearch\")]"}
COMMAND: POST /session/f2510c46535a82282fd70196afe2e571/elements - {"using":"xpath","value":"//input[contains(@id ,\"application-billingtransfer-display-component---billingWorkbench--smartFilterBar-btnBasicSearch\")]"}
RESULT: {"using":"xpath","value":"//input[contains(@id ,\"application-billingtransfer-display-component---billingWorkbench--smartFilterBar-btnBasicSearch\")]"}
COMMAND: POST /session/f2510c46535a82282fd70196afe2e571/elements - {"using":"xpath","value":"//input[contains(@id ,\"application-billingtransfer-display-component---billingWorkbench--smartFilterBar-btnBasicSearch\")]"}
RESULT: {"using":"xpath","value":"//input[contains(@id ,\"application-billingtransfer-display-component---billingWorkbench--smartFilterBar-btnBasicSearch\")]"}
COMMAND: POST /session/f2510c46535a82282fd70196afe2e571/elements - {"using":"xpath","value":"//input[contains(@id ,\"application-billingtransfer-display-component---billingWorkbench--smartFilterBar-btnBasicSearch\")]"}
RESULT: {"using":"xpath","value":"//input[contains(@id ,\"application-billingtransfer-display-component---billingWorkbench--smartFilterBar-btnBasicSearch\")]"}
COMMAND: POST /session/f2510c46535a82282fd70196afe2e571/elements - {"using":"xpath","value":"//input[contains(@id ,\"application-billingtransfer-display-component---billingWorkbench--smartFilterBar-btnBasicSearch\")]"}
RESULT: {"using":"xpath","value":"//input[contains(@id ,\"application-billingtransfer-display-component---billingWorkbench--smartFilterBar-btnBasicSearch\")]"}
COMMAND: POST /session/f2510c46535a82282fd70196afe2e571/elements - {"using":"xpath","value":"//input[contains(@id ,\"application-billingtransfer-display-component---billingWorkbench--smartFilterBar-btnBasicSearch\")]"}
RESULT: {"using":"xpath","value":"//input[contains(@id ,\"application-billingtransfer-display-component---billingWorkbench--smartFilterBar-btnBasicSearch\")]"}
COMMAND: POST /session/f2510c46535a82282fd70196afe2e571/elements - {"using":"xpath","value":"//input[contains(@id ,\"application-billingtransfer-display-component---billingWorkbench--smartFilterBar-btnBasicSearch\")]"}
RESULT: {"using":"xpath","value":"//input[contains(@id ,\"application-billingtransfer-display-component---billingWorkbench--smartFilterBar-btnBasicSearch\")]"}
COMMAND: POST /session/f2510c46535a82282fd70196afe2e571/elements - {"using":"xpath","value":"//input[contains(@id ,\"application-billingtransfer-display-component---billingWorkbench--smartFilterBar-btnBasicSearch\")]"}
RESULT: {"using":"xpath","value":"//input[contains(@id ,\"application-billingtransfer-display-component---billingWorkbench--smartFilterBar-btnBasicSearch\")]"}
COMMAND: POST /session/f2510c46535a82282fd70196afe2e571/elements - {"using":"xpath","value":"//input[contains(@id ,\"application-billingtransfer-display-component---billingWorkbench--smartFilterBar-btnBasicSearch\")]"}
RESULT: {"using":"xpath","value":"//input[contains(@id ,\"application-billingtransfer-display-component---billingWorkbench--smartFilterBar-btnBasicSearch\")]"}
COMMAND: POST /session/f2510c46535a82282fd70196afe2e571/elements - {"using":"xpath","value":"//input[contains(@id ,\"application-billingtransfer-display-component---billingWorkbench--smartFilterBar-btnBasicSearch\")]"}
RESULT: {"using":"xpath","value":"//input[contains(@id ,\"application-billingtransfer-display-component---billingWorkbench--smartFilterBar-btnBasicSearch\")]"}
COMMAND: POST /session/f2510c46535a82282fd70196afe2e571/elements - {"using":"xpath","value":"//input[contains(@id ,\"application-billingtransfer-display-component---billingWorkbench--smartFilterBar-btnBasicSearch\")]"}
RESULT: {"using":"xpath","value":"//input[contains(@id ,\"application-billingtransfer-display-component---billingWorkbench--smartFilterBar-btnBasicSearch\")]"}
COMMAND: POST /session/f2510c46535a82282fd70196afe2e571/elements - {"using":"xpath","value":"//input[contains(@id ,\"application-billingtransfer-display-component---billingWorkbench--smartFilterBar-btnBasicSearch\")]"}
RESULT: {"using":"xpath","value":"//input[contains(@id ,\"application-billingtransfer-display-component---billingWorkbench--smartFilterBar-btnBasicSearch\")]"}
COMMAND: POST /session/f2510c46535a82282fd70196afe2e571/elements - {"using":"xpath","value":"//input[contains(@id ,\"application-billingtransfer-display-component---billingWorkbench--smartFilterBar-btnBasicSearch\")]"}
RESULT: {"using":"xpath","value":"//input[contains(@id ,\"application-billingtransfer-display-component---billingWorkbench--smartFilterBar-btnBasicSearch\")]"}
COMMAND: POST /session/f2510c46535a82282fd70196afe2e571/elements - {"using":"xpath","value":"//input[contains(@id ,\"application-billingtransfer-display-component---billingWorkbench--smartFilterBar-btnBasicSearch\")]"}
RESULT: {"using":"xpath","value":"//input[contains(@id ,\"application-billingtransfer-display-component---billingWorkbench--smartFilterBar-btnBasicSearch\")]"}
COMMAND: POST /session/f2510c46535a82282fd70196afe2e571/elements - {"using":"xpath","value":"//input[contains(@id ,\"application-billingtransfer-display-component---billingWorkbench--smartFilterBar-btnBasicSearch\")]"}
RESULT: {"using":"xpath","value":"//input[contains(@id ,\"application-billingtransfer-display-component---billingWorkbench--smartFilterBar-btnBasicSearch\")]"}
COMMAND: POST /session/f2510c46535a82282fd70196afe2e571/elements - {"using":"xpath","value":"//input[contains(@id ,\"application-billingtransfer-display-component---billingWorkbench--smartFilterBar-btnBasicSearch\")]"}
RESULT: {"using":"xpath","value":"//input[contains(@id ,\"application-billingtransfer-display-component---billingWorkbench--smartFilterBar-btnBasicSearch\")]"}
COMMAND: POST /session/f2510c46535a82282fd70196afe2e571/elements - {"using":"xpath","value":"//input[contains(@id ,\"application-billingtransfer-display-component---billingWorkbench--smartFilterBar-btnBasicSearch\")]"}
RESULT: {"using":"xpath","value":"//input[contains(@id ,\"application-billingtransfer-display-component---billingWorkbench--smartFilterBar-btnBasicSearch\")]"}
COMMAND: POST /session/f2510c46535a82282fd70196afe2e571/elements - {"using":"xpath","value":"//input[contains(@id ,\"application-billingtransfer-display-component---billingWorkbench--smartFilterBar-btnBasicSearch\")]"}
RESULT: {"using":"xpath","value":"//input[contains(@id ,\"application-billingtransfer-display-component---billingWorkbench--smartFilterBar-btnBasicSearch\")]"}
COMMAND: POST /session/f2510c46535a82282fd70196afe2e571/elements - {"using":"xpath","value":"//input[contains(@id ,\"application-billingtransfer-display-component---billingWorkbench--smartFilterBar-btnBasicSearch\")]"}
RESULT: {"using":"xpath","value":"//input[contains(@id ,\"application-billingtransfer-display-component---billingWorkbench--smartFilterBar-btnBasicSearch\")]"}
COMMAND: POST /session/f2510c46535a82282fd70196afe2e571/elements - {"using":"xpath","value":"//input[contains(@id ,\"application-billingtransfer-display-component---billingWorkbench--smartFilterBar-btnBasicSearch\")]"}
RESULT: {"using":"xpath","value":"//input[contains(@id ,\"application-billingtransfer-display-component---billingWorkbench--smartFilterBar-btnBasicSearch\")]"}
COMMAND: POST /session/f2510c46535a82282fd70196afe2e571/elements - {"using":"xpath","value":"//input[contains(@id ,\"application-billingtransfer-display-component---billingWorkbench--smartFilterBar-btnBasicSearch\")]"}
RESULT: {"using":"xpath","value":"//input[contains(@id ,\"application-billingtransfer-display-component---billingWorkbench--smartFilterBar-btnBasicSearch\")]"}
COMMAND: POST /session/f2510c46535a82282fd70196afe2e571/elements - {"using":"xpath","value":"//input[contains(@id ,\"application-billingtransfer-display-component---billingWorkbench--smartFilterBar-btnBasicSearch\")]"}
RESULT: {"using":"xpath","value":"//input[contains(@id ,\"application-billingtransfer-display-component---billingWorkbench--smartFilterBar-btnBasicSearch\")]"}
COMMAND: POST /session/f2510c46535a82282fd70196afe2e571/elements - {"using":"xpath","value":"//input[contains(@id ,\"application-billingtransfer-display-component---billingWorkbench--smartFilterBar-btnBasicSearch\")]"}
RESULT: {"using":"xpath","value":"//input[contains(@id ,\"application-billingtransfer-display-component---billingWorkbench--smartFilterBar-btnBasicSearch\")]"}
COMMAND: POST /session/f2510c46535a82282fd70196afe2e571/elements - {"using":"xpath","value":"//input[contains(@id ,\"application-billingtransfer-display-component---billingWorkbench--smartFilterBar-btnBasicSearch\")]"}
RESULT: {"using":"xpath","value":"//input[contains(@id ,\"application-billingtransfer-display-component---billingWorkbench--smartFilterBar-btnBasicSearch\")]"}
COMMAND: POST /session/f2510c46535a82282fd70196afe2e571/elements - {"using":"xpath","value":"//input[contains(@id ,\"application-billingtransfer-display-component---billingWorkbench--smartFilterBar-btnBasicSearch\")]"}
RESULT: {"using":"xpath","value":"//input[contains(@id ,\"application-billingtransfer-display-component---billingWorkbench--smartFilterBar-btnBasicSearch\")]"}
COMMAND: POST /session/f2510c46535a82282fd70196afe2e571/elements - {"using":"xpath","value":"//input[contains(@id ,\"application-billingtransfer-display-component---billingWorkbench--smartFilterBar-btnBasicSearch\")]"}
RESULT: {"using":"xpath","value":"//input[contains(@id ,\"application-billingtransfer-display-component---billingWorkbench--smartFilterBar-btnBasicSearch\")]"}
COMMAND: POST /session/f2510c46535a82282fd70196afe2e571/elements - {"using":"xpath","value":"//input[contains(@id ,\"application-billingtransfer-display-component---billingWorkbench--smartFilterBar-btnBasicSearch\")]"}
RESULT: {"using":"xpath","value":"//input[contains(@id ,\"application-billingtransfer-display-component---billingWorkbench--smartFilterBar-btnBasicSearch\")]"}
COMMAND: POST /session/f2510c46535a82282fd70196afe2e571/elements - {"using":"xpath","value":"//input[contains(@id ,\"application-billingtransfer-display-component---billingWorkbench--smartFilterBar-btnBasicSearch\")]"}
RESULT: {"using":"xpath","value":"//input[contains(@id ,\"application-billingtransfer-display-component---billingWorkbench--smartFilterBar-btnBasicSearch\")]"}
COMMAND: POST /session/f2510c46535a82282fd70196afe2e571/elements - {"using":"xpath","value":"//input[contains(@id ,\"application-billingtransfer-display-component---billingWorkbench--smartFilterBar-btnBasicSearch\")]"}
RESULT: {"using":"xpath","value":"//input[contains(@id ,\"application-billingtransfer-display-component---billingWorkbench--smartFilterBar-btnBasicSearch\")]"}
COMMAND: POST /session/f2510c46535a82282fd70196afe2e571/elements - {"using":"xpath","value":"//input[contains(@id ,\"application-billingtransfer-display-component---billingWorkbench--smartFilterBar-btnBasicSearch\")]"}
RESULT: {"using":"xpath","value":"//input[contains(@id ,\"application-billingtransfer-display-component---billingWorkbench--smartFilterBar-btnBasicSearch\")]"}
COMMAND: POST /session/f2510c46535a82282fd70196afe2e571/elements - {"using":"xpath","value":"//input[contains(@id ,\"application-billingtransfer-display-component---billingWorkbench--smartFilterBar-btnBasicSearch\")]"}
RESULT: {"using":"xpath","value":"//input[contains(@id ,\"application-billingtransfer-display-component---billingWorkbench--smartFilterBar-btnBasicSearch\")]"}
COMMAND: POST /session/f2510c46535a82282fd70196afe2e571/elements - {"using":"xpath","value":"//input[contains(@id ,\"application-billingtransfer-display-component---billingWorkbench--smartFilterBar-btnBasicSearch\")]"}
RESULT: {"using":"xpath","value":"//input[contains(@id ,\"application-billingtransfer-display-component---billingWorkbench--smartFilterBar-btnBasicSearch\")]"}
COMMAND: POST /session/f2510c46535a82282fd70196afe2e571/elements - {"using":"xpath","value":"//input[contains(@id ,\"application-billingtransfer-display-component---billingWorkbench--smartFilterBar-btnBasicSearch\")]"}
RESULT: {"using":"xpath","value":"//input[contains(@id ,\"application-billingtransfer-display-component---billingWorkbench--smartFilterBar-btnBasicSearch\")]"}
COMMAND: POST /session/f2510c46535a82282fd70196afe2e571/elements - {"using":"xpath","value":"//input[contains(@id ,\"application-billingtransfer-display-component---billingWorkbench--smartFilterBar-btnBasicSearch\")]"}
RESULT: {"using":"xpath","value":"//input[contains(@id ,\"application-billingtransfer-display-component---billingWorkbench--smartFilterBar-btnBasicSearch\")]"}
COMMAND: POST /session/f2510c46535a82282fd70196afe2e571/elements - {"using":"xpath","value":"//input[contains(@id ,\"application-billingtransfer-display-component---billingWorkbench--smartFilterBar-btnBasicSearch\")]"}
RESULT: {"using":"xpath","value":"//input[contains(@id ,\"application-billingtransfer-display-component---billingWorkbench--smartFilterBar-btnBasicSearch\")]"}
COMMAND: POST /session/f2510c46535a82282fd70196afe2e571/elements - {"using":"xpath","value":"//input[contains(@id ,\"application-billingtransfer-display-component---billingWorkbench--smartFilterBar-btnBasicSearch\")]"}
RESULT: {"using":"xpath","value":"//input[contains(@id ,\"application-billingtransfer-display-component---billingWorkbench--smartFilterBar-btnBasicSearch\")]"}
COMMAND: POST /session/f2510c46535a82282fd70196afe2e571/elements - {"using":"xpath","value":"//input[contains(@id ,\"application-billingtransfer-display-component---billingWorkbench--smartFilterBar-btnBasicSearch\")]"}
RESULT: {"using":"xpath","value":"//input[contains(@id ,\"application-billingtransfer-display-component---billingWorkbench--smartFilterBar-btnBasicSearch\")]"}
COMMAND: POST /session/f2510c46535a82282fd70196afe2e571/elements - {"using":"xpath","value":"//input[contains(@id ,\"application-billingtransfer-display-component---billingWorkbench--smartFilterBar-btnBasicSearch\")]"}
RESULT: {"using":"xpath","value":"//input[contains(@id ,\"application-billingtransfer-display-component---billingWorkbench--smartFilterBar-btnBasicSearch\")]"}
COMMAND: POST /session/f2510c46535a82282fd70196afe2e571/elements - {"using":"xpath","value":"//input[contains(@id ,\"application-billingtransfer-display-component---billingWorkbench--smartFilterBar-btnBasicSearch\")]"}
RESULT: {"using":"xpath","value":"//input[contains(@id ,\"application-billingtransfer-display-component---billingWorkbench--smartFilterBar-btnBasicSearch\")]"}
COMMAND: POST /session/f2510c46535a82282fd70196afe2e571/elements - {"using":"xpath","value":"//input[contains(@id ,\"application-billingtransfer-display-component---billingWorkbench--smartFilterBar-btnBasicSearch\")]"}
RESULT: {"using":"xpath","value":"//input[contains(@id ,\"application-billingtransfer-display-component---billingWorkbench--smartFilterBar-btnBasicSearch\")]"}
COMMAND: POST /session/f2510c46535a82282fd70196afe2e571/elements - {"using":"xpath","value":"//input[contains(@id ,\"application-billingtransfer-display-component---billingWorkbench--smartFilterBar-btnBasicSearch\")]"}
RESULT: {"using":"xpath","value":"//input[contains(@id ,\"application-billingtransfer-display-component---billingWorkbench--smartFilterBar-btnBasicSearch\")]"}
COMMAND: POST /session/f2510c46535a82282fd70196afe2e571/elements - {"using":"xpath","value":"//input[contains(@id ,\"application-billingtransfer-display-component---billingWorkbench--smartFilterBar-btnBasicSearch\")]"}
RESULT: {"using":"xpath","value":"//input[contains(@id ,\"application-billingtransfer-display-component---billingWorkbench--smartFilterBar-btnBasicSearch\")]"}
COMMAND: POST /session/f2510c46535a82282fd70196afe2e571/elements - {"using":"xpath","value":"//input[contains(@id ,\"application-billingtransfer-display-component---billingWorkbench--smartFilterBar-btnBasicSearch\")]"}
RESULT: {"using":"xpath","value":"//input[contains(@id ,\"application-billingtransfer-display-component---billingWorkbench--smartFilterBar-btnBasicSearch\")]"}
COMMAND: POST /session/f2510c46535a82282fd70196afe2e571/elements - {"using":"xpath","value":"//input[contains(@id ,\"application-billingtransfer-display-component---billingWorkbench--smartFilterBar-btnBasicSearch\")]"}
COMMAND: GET /session/f2510c46535a82282fd70196afe2e571/screenshot - {}
RESULT: {"using":"xpath","value":"//input[contains(@id ,\"application-billingtransfer-display-component---billingWorkbench--smartFilterBar-btnBasicSearch\")]"}
RESULT: {}
]]></system-out>
      <system-err><![CDATA[
Error: element ("//input[contains(@id ,"application-billingtransfer-display-component---billingWorkbench--smartFilterBar-btnBasicSearch")]") still not existing after 45000ms
    at async UtilsPrerequisites.narrowDownSearchBT (D:\a\1\s\test\specs\BTS\prerequisites-and-utils-functions.js:2882:9)
    at async UtilsPrerequisites.billingTransfer (D:\a\1\s\test\specs\BTS\prerequisites-and-utils-functions.js:2807:9)
    at async Context.<anonymous> (D:\a\1\s\test\specs\BTS\billing-calculation-transp-times.spec.js:129:9)
]]></system-err>
    </testcase>
    <testcase classname="chrome.136_0_7103_93.windows.Billing_Calculation_-_Time_based_(considering_transport_times)_US139738" name="Should do another billing run but in around 25 days from today" time="78.464">
      <failure/>
      <error message="Can't call click on element with selector &quot;//td[@aria-colindex=&quot;1&quot;]/div/div[contains(@class, &quot;sapMCbBg&quot;)]&quot; because element wasn't found"/>
      <system-out><![CDATA[
COMMAND: GET /session/f2510c46535a82282fd70196afe2e571/screenshot - {}
RESULT: undefined
RESULT: {}
COMMAND: POST /session/f2510c46535a82282fd70196afe2e571/elements - {"using":"xpath","value":"//span[text()='Error']"}
RESULT: {"using":"xpath","value":"//span[text()='Error']"}
RESULT: undefined
COMMAND: POST /session/f2510c46535a82282fd70196afe2e571/actions - {"actions":[{"id":"action68","type":"key","parameters":{},"actions":[{"type":"keyDown","value":""},{"type":"pause","duration":10},{"type":"keyUp","value":""}]}]}
RESULT: {"actions":[{"id":"action68","type":"key","parameters":{},"actions":[{"type":"keyDown","value":""},{"type":"pause","duration":10},{"type":"keyUp","value":""}]}]}
COMMAND: GET /session/f2510c46535a82282fd70196afe2e571/screenshot - {}
RESULT: {}
COMMAND: POST /session/f2510c46535a82282fd70196afe2e571/element - {"using":"xpath","value":"//td[@aria-colindex=\"1\"]/div/div[contains(@class, \"sapMCbBg\")]"}
RESULT: {"using":"xpath","value":"//td[@aria-colindex=\"1\"]/div/div[contains(@class, \"sapMCbBg\")]"}
COMMAND: POST /session/f2510c46535a82282fd70196afe2e571/elements - {"using":"xpath","value":"//td[@aria-colindex=\"1\"]/div/div[contains(@class, \"sapMCbBg\")]"}
RESULT: {"using":"xpath","value":"//td[@aria-colindex=\"1\"]/div/div[contains(@class, \"sapMCbBg\")]"}
COMMAND: POST /session/f2510c46535a82282fd70196afe2e571/elements - {"using":"xpath","value":"//td[@aria-colindex=\"1\"]/div/div[contains(@class, \"sapMCbBg\")]"}
RESULT: {"using":"xpath","value":"//td[@aria-colindex=\"1\"]/div/div[contains(@class, \"sapMCbBg\")]"}
COMMAND: POST /session/f2510c46535a82282fd70196afe2e571/elements - {"using":"xpath","value":"//td[@aria-colindex=\"1\"]/div/div[contains(@class, \"sapMCbBg\")]"}
RESULT: {"using":"xpath","value":"//td[@aria-colindex=\"1\"]/div/div[contains(@class, \"sapMCbBg\")]"}
COMMAND: POST /session/f2510c46535a82282fd70196afe2e571/elements - {"using":"xpath","value":"//td[@aria-colindex=\"1\"]/div/div[contains(@class, \"sapMCbBg\")]"}
RESULT: {"using":"xpath","value":"//td[@aria-colindex=\"1\"]/div/div[contains(@class, \"sapMCbBg\")]"}
COMMAND: POST /session/f2510c46535a82282fd70196afe2e571/elements - {"using":"xpath","value":"//td[@aria-colindex=\"1\"]/div/div[contains(@class, \"sapMCbBg\")]"}
RESULT: {"using":"xpath","value":"//td[@aria-colindex=\"1\"]/div/div[contains(@class, \"sapMCbBg\")]"}
COMMAND: POST /session/f2510c46535a82282fd70196afe2e571/elements - {"using":"xpath","value":"//td[@aria-colindex=\"1\"]/div/div[contains(@class, \"sapMCbBg\")]"}
RESULT: {"using":"xpath","value":"//td[@aria-colindex=\"1\"]/div/div[contains(@class, \"sapMCbBg\")]"}
COMMAND: POST /session/f2510c46535a82282fd70196afe2e571/elements - {"using":"xpath","value":"//td[@aria-colindex=\"1\"]/div/div[contains(@class, \"sapMCbBg\")]"}
RESULT: {"using":"xpath","value":"//td[@aria-colindex=\"1\"]/div/div[contains(@class, \"sapMCbBg\")]"}
COMMAND: POST /session/f2510c46535a82282fd70196afe2e571/elements - {"using":"xpath","value":"//td[@aria-colindex=\"1\"]/div/div[contains(@class, \"sapMCbBg\")]"}
RESULT: {"using":"xpath","value":"//td[@aria-colindex=\"1\"]/div/div[contains(@class, \"sapMCbBg\")]"}
COMMAND: POST /session/f2510c46535a82282fd70196afe2e571/elements - {"using":"xpath","value":"//td[@aria-colindex=\"1\"]/div/div[contains(@class, \"sapMCbBg\")]"}
RESULT: {"using":"xpath","value":"//td[@aria-colindex=\"1\"]/div/div[contains(@class, \"sapMCbBg\")]"}
COMMAND: POST /session/f2510c46535a82282fd70196afe2e571/elements - {"using":"xpath","value":"//td[@aria-colindex=\"1\"]/div/div[contains(@class, \"sapMCbBg\")]"}
RESULT: {"using":"xpath","value":"//td[@aria-colindex=\"1\"]/div/div[contains(@class, \"sapMCbBg\")]"}
COMMAND: POST /session/f2510c46535a82282fd70196afe2e571/elements - {"using":"xpath","value":"//td[@aria-colindex=\"1\"]/div/div[contains(@class, \"sapMCbBg\")]"}
RESULT: {"using":"xpath","value":"//td[@aria-colindex=\"1\"]/div/div[contains(@class, \"sapMCbBg\")]"}
COMMAND: POST /session/f2510c46535a82282fd70196afe2e571/elements - {"using":"xpath","value":"//td[@aria-colindex=\"1\"]/div/div[contains(@class, \"sapMCbBg\")]"}
RESULT: {"using":"xpath","value":"//td[@aria-colindex=\"1\"]/div/div[contains(@class, \"sapMCbBg\")]"}
COMMAND: POST /session/f2510c46535a82282fd70196afe2e571/elements - {"using":"xpath","value":"//td[@aria-colindex=\"1\"]/div/div[contains(@class, \"sapMCbBg\")]"}
RESULT: {"using":"xpath","value":"//td[@aria-colindex=\"1\"]/div/div[contains(@class, \"sapMCbBg\")]"}
COMMAND: POST /session/f2510c46535a82282fd70196afe2e571/elements - {"using":"xpath","value":"//td[@aria-colindex=\"1\"]/div/div[contains(@class, \"sapMCbBg\")]"}
RESULT: {"using":"xpath","value":"//td[@aria-colindex=\"1\"]/div/div[contains(@class, \"sapMCbBg\")]"}
COMMAND: POST /session/f2510c46535a82282fd70196afe2e571/elements - {"using":"xpath","value":"//td[@aria-colindex=\"1\"]/div/div[contains(@class, \"sapMCbBg\")]"}
RESULT: {"using":"xpath","value":"//td[@aria-colindex=\"1\"]/div/div[contains(@class, \"sapMCbBg\")]"}
COMMAND: POST /session/f2510c46535a82282fd70196afe2e571/elements - {"using":"xpath","value":"//td[@aria-colindex=\"1\"]/div/div[contains(@class, \"sapMCbBg\")]"}
RESULT: {"using":"xpath","value":"//td[@aria-colindex=\"1\"]/div/div[contains(@class, \"sapMCbBg\")]"}
COMMAND: POST /session/f2510c46535a82282fd70196afe2e571/elements - {"using":"xpath","value":"//td[@aria-colindex=\"1\"]/div/div[contains(@class, \"sapMCbBg\")]"}
RESULT: {"using":"xpath","value":"//td[@aria-colindex=\"1\"]/div/div[contains(@class, \"sapMCbBg\")]"}
COMMAND: POST /session/f2510c46535a82282fd70196afe2e571/elements - {"using":"xpath","value":"//td[@aria-colindex=\"1\"]/div/div[contains(@class, \"sapMCbBg\")]"}
RESULT: {"using":"xpath","value":"//td[@aria-colindex=\"1\"]/div/div[contains(@class, \"sapMCbBg\")]"}
COMMAND: POST /session/f2510c46535a82282fd70196afe2e571/elements - {"using":"xpath","value":"//td[@aria-colindex=\"1\"]/div/div[contains(@class, \"sapMCbBg\")]"}
RESULT: {"using":"xpath","value":"//td[@aria-colindex=\"1\"]/div/div[contains(@class, \"sapMCbBg\")]"}
COMMAND: POST /session/f2510c46535a82282fd70196afe2e571/elements - {"using":"xpath","value":"//td[@aria-colindex=\"1\"]/div/div[contains(@class, \"sapMCbBg\")]"}
RESULT: {"using":"xpath","value":"//td[@aria-colindex=\"1\"]/div/div[contains(@class, \"sapMCbBg\")]"}
COMMAND: POST /session/f2510c46535a82282fd70196afe2e571/elements - {"using":"xpath","value":"//td[@aria-colindex=\"1\"]/div/div[contains(@class, \"sapMCbBg\")]"}
RESULT: {"using":"xpath","value":"//td[@aria-colindex=\"1\"]/div/div[contains(@class, \"sapMCbBg\")]"}
COMMAND: POST /session/f2510c46535a82282fd70196afe2e571/elements - {"using":"xpath","value":"//td[@aria-colindex=\"1\"]/div/div[contains(@class, \"sapMCbBg\")]"}
RESULT: {"using":"xpath","value":"//td[@aria-colindex=\"1\"]/div/div[contains(@class, \"sapMCbBg\")]"}
COMMAND: POST /session/f2510c46535a82282fd70196afe2e571/elements - {"using":"xpath","value":"//td[@aria-colindex=\"1\"]/div/div[contains(@class, \"sapMCbBg\")]"}
RESULT: {"using":"xpath","value":"//td[@aria-colindex=\"1\"]/div/div[contains(@class, \"sapMCbBg\")]"}
COMMAND: POST /session/f2510c46535a82282fd70196afe2e571/elements - {"using":"xpath","value":"//td[@aria-colindex=\"1\"]/div/div[contains(@class, \"sapMCbBg\")]"}
RESULT: {"using":"xpath","value":"//td[@aria-colindex=\"1\"]/div/div[contains(@class, \"sapMCbBg\")]"}
COMMAND: POST /session/f2510c46535a82282fd70196afe2e571/elements - {"using":"xpath","value":"//td[@aria-colindex=\"1\"]/div/div[contains(@class, \"sapMCbBg\")]"}
RESULT: {"using":"xpath","value":"//td[@aria-colindex=\"1\"]/div/div[contains(@class, \"sapMCbBg\")]"}
COMMAND: POST /session/f2510c46535a82282fd70196afe2e571/elements - {"using":"xpath","value":"//td[@aria-colindex=\"1\"]/div/div[contains(@class, \"sapMCbBg\")]"}
RESULT: {"using":"xpath","value":"//td[@aria-colindex=\"1\"]/div/div[contains(@class, \"sapMCbBg\")]"}
COMMAND: POST /session/f2510c46535a82282fd70196afe2e571/elements - {"using":"xpath","value":"//td[@aria-colindex=\"1\"]/div/div[contains(@class, \"sapMCbBg\")]"}
RESULT: {"using":"xpath","value":"//td[@aria-colindex=\"1\"]/div/div[contains(@class, \"sapMCbBg\")]"}
COMMAND: POST /session/f2510c46535a82282fd70196afe2e571/elements - {"using":"xpath","value":"//td[@aria-colindex=\"1\"]/div/div[contains(@class, \"sapMCbBg\")]"}
RESULT: {"using":"xpath","value":"//td[@aria-colindex=\"1\"]/div/div[contains(@class, \"sapMCbBg\")]"}
COMMAND: POST /session/f2510c46535a82282fd70196afe2e571/elements - {"using":"xpath","value":"//td[@aria-colindex=\"1\"]/div/div[contains(@class, \"sapMCbBg\")]"}
RESULT: {"using":"xpath","value":"//td[@aria-colindex=\"1\"]/div/div[contains(@class, \"sapMCbBg\")]"}
COMMAND: POST /session/f2510c46535a82282fd70196afe2e571/elements - {"using":"xpath","value":"//td[@aria-colindex=\"1\"]/div/div[contains(@class, \"sapMCbBg\")]"}
RESULT: {"using":"xpath","value":"//td[@aria-colindex=\"1\"]/div/div[contains(@class, \"sapMCbBg\")]"}
COMMAND: POST /session/f2510c46535a82282fd70196afe2e571/elements - {"using":"xpath","value":"//td[@aria-colindex=\"1\"]/div/div[contains(@class, \"sapMCbBg\")]"}
RESULT: {"using":"xpath","value":"//td[@aria-colindex=\"1\"]/div/div[contains(@class, \"sapMCbBg\")]"}
COMMAND: POST /session/f2510c46535a82282fd70196afe2e571/elements - {"using":"xpath","value":"//td[@aria-colindex=\"1\"]/div/div[contains(@class, \"sapMCbBg\")]"}
RESULT: {"using":"xpath","value":"//td[@aria-colindex=\"1\"]/div/div[contains(@class, \"sapMCbBg\")]"}
COMMAND: POST /session/f2510c46535a82282fd70196afe2e571/elements - {"using":"xpath","value":"//td[@aria-colindex=\"1\"]/div/div[contains(@class, \"sapMCbBg\")]"}
RESULT: {"using":"xpath","value":"//td[@aria-colindex=\"1\"]/div/div[contains(@class, \"sapMCbBg\")]"}
COMMAND: POST /session/f2510c46535a82282fd70196afe2e571/elements - {"using":"xpath","value":"//td[@aria-colindex=\"1\"]/div/div[contains(@class, \"sapMCbBg\")]"}
RESULT: {"using":"xpath","value":"//td[@aria-colindex=\"1\"]/div/div[contains(@class, \"sapMCbBg\")]"}
COMMAND: POST /session/f2510c46535a82282fd70196afe2e571/elements - {"using":"xpath","value":"//td[@aria-colindex=\"1\"]/div/div[contains(@class, \"sapMCbBg\")]"}
RESULT: {"using":"xpath","value":"//td[@aria-colindex=\"1\"]/div/div[contains(@class, \"sapMCbBg\")]"}
COMMAND: POST /session/f2510c46535a82282fd70196afe2e571/elements - {"using":"xpath","value":"//td[@aria-colindex=\"1\"]/div/div[contains(@class, \"sapMCbBg\")]"}
RESULT: {"using":"xpath","value":"//td[@aria-colindex=\"1\"]/div/div[contains(@class, \"sapMCbBg\")]"}
COMMAND: POST /session/f2510c46535a82282fd70196afe2e571/elements - {"using":"xpath","value":"//td[@aria-colindex=\"1\"]/div/div[contains(@class, \"sapMCbBg\")]"}
RESULT: {"using":"xpath","value":"//td[@aria-colindex=\"1\"]/div/div[contains(@class, \"sapMCbBg\")]"}
COMMAND: POST /session/f2510c46535a82282fd70196afe2e571/elements - {"using":"xpath","value":"//td[@aria-colindex=\"1\"]/div/div[contains(@class, \"sapMCbBg\")]"}
RESULT: {"using":"xpath","value":"//td[@aria-colindex=\"1\"]/div/div[contains(@class, \"sapMCbBg\")]"}
COMMAND: POST /session/f2510c46535a82282fd70196afe2e571/elements - {"using":"xpath","value":"//td[@aria-colindex=\"1\"]/div/div[contains(@class, \"sapMCbBg\")]"}
RESULT: {"using":"xpath","value":"//td[@aria-colindex=\"1\"]/div/div[contains(@class, \"sapMCbBg\")]"}
COMMAND: POST /session/f2510c46535a82282fd70196afe2e571/elements - {"using":"xpath","value":"//td[@aria-colindex=\"1\"]/div/div[contains(@class, \"sapMCbBg\")]"}
RESULT: {"using":"xpath","value":"//td[@aria-colindex=\"1\"]/div/div[contains(@class, \"sapMCbBg\")]"}
COMMAND: POST /session/f2510c46535a82282fd70196afe2e571/elements - {"using":"xpath","value":"//td[@aria-colindex=\"1\"]/div/div[contains(@class, \"sapMCbBg\")]"}
RESULT: {"using":"xpath","value":"//td[@aria-colindex=\"1\"]/div/div[contains(@class, \"sapMCbBg\")]"}
COMMAND: POST /session/f2510c46535a82282fd70196afe2e571/elements - {"using":"xpath","value":"//td[@aria-colindex=\"1\"]/div/div[contains(@class, \"sapMCbBg\")]"}
RESULT: {"using":"xpath","value":"//td[@aria-colindex=\"1\"]/div/div[contains(@class, \"sapMCbBg\")]"}
COMMAND: POST /session/f2510c46535a82282fd70196afe2e571/elements - {"using":"xpath","value":"//td[@aria-colindex=\"1\"]/div/div[contains(@class, \"sapMCbBg\")]"}
RESULT: {"using":"xpath","value":"//td[@aria-colindex=\"1\"]/div/div[contains(@class, \"sapMCbBg\")]"}
COMMAND: POST /session/f2510c46535a82282fd70196afe2e571/elements - {"using":"xpath","value":"//td[@aria-colindex=\"1\"]/div/div[contains(@class, \"sapMCbBg\")]"}
RESULT: {"using":"xpath","value":"//td[@aria-colindex=\"1\"]/div/div[contains(@class, \"sapMCbBg\")]"}
COMMAND: POST /session/f2510c46535a82282fd70196afe2e571/elements - {"using":"xpath","value":"//td[@aria-colindex=\"1\"]/div/div[contains(@class, \"sapMCbBg\")]"}
RESULT: {"using":"xpath","value":"//td[@aria-colindex=\"1\"]/div/div[contains(@class, \"sapMCbBg\")]"}
COMMAND: POST /session/f2510c46535a82282fd70196afe2e571/elements - {"using":"xpath","value":"//td[@aria-colindex=\"1\"]/div/div[contains(@class, \"sapMCbBg\")]"}
RESULT: {"using":"xpath","value":"//td[@aria-colindex=\"1\"]/div/div[contains(@class, \"sapMCbBg\")]"}
COMMAND: POST /session/f2510c46535a82282fd70196afe2e571/elements - {"using":"xpath","value":"//td[@aria-colindex=\"1\"]/div/div[contains(@class, \"sapMCbBg\")]"}
RESULT: {"using":"xpath","value":"//td[@aria-colindex=\"1\"]/div/div[contains(@class, \"sapMCbBg\")]"}
COMMAND: POST /session/f2510c46535a82282fd70196afe2e571/elements - {"using":"xpath","value":"//td[@aria-colindex=\"1\"]/div/div[contains(@class, \"sapMCbBg\")]"}
RESULT: {"using":"xpath","value":"//td[@aria-colindex=\"1\"]/div/div[contains(@class, \"sapMCbBg\")]"}
COMMAND: POST /session/f2510c46535a82282fd70196afe2e571/elements - {"using":"xpath","value":"//td[@aria-colindex=\"1\"]/div/div[contains(@class, \"sapMCbBg\")]"}
RESULT: {"using":"xpath","value":"//td[@aria-colindex=\"1\"]/div/div[contains(@class, \"sapMCbBg\")]"}
COMMAND: POST /session/f2510c46535a82282fd70196afe2e571/elements - {"using":"xpath","value":"//td[@aria-colindex=\"1\"]/div/div[contains(@class, \"sapMCbBg\")]"}
RESULT: {"using":"xpath","value":"//td[@aria-colindex=\"1\"]/div/div[contains(@class, \"sapMCbBg\")]"}
COMMAND: POST /session/f2510c46535a82282fd70196afe2e571/elements - {"using":"xpath","value":"//td[@aria-colindex=\"1\"]/div/div[contains(@class, \"sapMCbBg\")]"}
RESULT: {"using":"xpath","value":"//td[@aria-colindex=\"1\"]/div/div[contains(@class, \"sapMCbBg\")]"}
COMMAND: POST /session/f2510c46535a82282fd70196afe2e571/elements - {"using":"xpath","value":"//td[@aria-colindex=\"1\"]/div/div[contains(@class, \"sapMCbBg\")]"}
RESULT: {"using":"xpath","value":"//td[@aria-colindex=\"1\"]/div/div[contains(@class, \"sapMCbBg\")]"}
COMMAND: POST /session/f2510c46535a82282fd70196afe2e571/elements - {"using":"xpath","value":"//td[@aria-colindex=\"1\"]/div/div[contains(@class, \"sapMCbBg\")]"}
RESULT: {"using":"xpath","value":"//td[@aria-colindex=\"1\"]/div/div[contains(@class, \"sapMCbBg\")]"}
COMMAND: POST /session/f2510c46535a82282fd70196afe2e571/elements - {"using":"xpath","value":"//td[@aria-colindex=\"1\"]/div/div[contains(@class, \"sapMCbBg\")]"}
RESULT: {"using":"xpath","value":"//td[@aria-colindex=\"1\"]/div/div[contains(@class, \"sapMCbBg\")]"}
COMMAND: POST /session/f2510c46535a82282fd70196afe2e571/elements - {"using":"xpath","value":"//td[@aria-colindex=\"1\"]/div/div[contains(@class, \"sapMCbBg\")]"}
RESULT: {"using":"xpath","value":"//td[@aria-colindex=\"1\"]/div/div[contains(@class, \"sapMCbBg\")]"}
COMMAND: POST /session/f2510c46535a82282fd70196afe2e571/elements - {"using":"xpath","value":"//td[@aria-colindex=\"1\"]/div/div[contains(@class, \"sapMCbBg\")]"}
RESULT: {"using":"xpath","value":"//td[@aria-colindex=\"1\"]/div/div[contains(@class, \"sapMCbBg\")]"}
COMMAND: POST /session/f2510c46535a82282fd70196afe2e571/elements - {"using":"xpath","value":"//td[@aria-colindex=\"1\"]/div/div[contains(@class, \"sapMCbBg\")]"}
RESULT: {"using":"xpath","value":"//td[@aria-colindex=\"1\"]/div/div[contains(@class, \"sapMCbBg\")]"}
COMMAND: POST /session/f2510c46535a82282fd70196afe2e571/elements - {"using":"xpath","value":"//td[@aria-colindex=\"1\"]/div/div[contains(@class, \"sapMCbBg\")]"}
RESULT: {"using":"xpath","value":"//td[@aria-colindex=\"1\"]/div/div[contains(@class, \"sapMCbBg\")]"}
COMMAND: POST /session/f2510c46535a82282fd70196afe2e571/elements - {"using":"xpath","value":"//td[@aria-colindex=\"1\"]/div/div[contains(@class, \"sapMCbBg\")]"}
RESULT: {"using":"xpath","value":"//td[@aria-colindex=\"1\"]/div/div[contains(@class, \"sapMCbBg\")]"}
COMMAND: POST /session/f2510c46535a82282fd70196afe2e571/elements - {"using":"xpath","value":"//td[@aria-colindex=\"1\"]/div/div[contains(@class, \"sapMCbBg\")]"}
RESULT: {"using":"xpath","value":"//td[@aria-colindex=\"1\"]/div/div[contains(@class, \"sapMCbBg\")]"}
COMMAND: POST /session/f2510c46535a82282fd70196afe2e571/elements - {"using":"xpath","value":"//td[@aria-colindex=\"1\"]/div/div[contains(@class, \"sapMCbBg\")]"}
RESULT: {"using":"xpath","value":"//td[@aria-colindex=\"1\"]/div/div[contains(@class, \"sapMCbBg\")]"}
COMMAND: POST /session/f2510c46535a82282fd70196afe2e571/elements - {"using":"xpath","value":"//td[@aria-colindex=\"1\"]/div/div[contains(@class, \"sapMCbBg\")]"}
RESULT: {"using":"xpath","value":"//td[@aria-colindex=\"1\"]/div/div[contains(@class, \"sapMCbBg\")]"}
COMMAND: POST /session/f2510c46535a82282fd70196afe2e571/elements - {"using":"xpath","value":"//td[@aria-colindex=\"1\"]/div/div[contains(@class, \"sapMCbBg\")]"}
RESULT: {"using":"xpath","value":"//td[@aria-colindex=\"1\"]/div/div[contains(@class, \"sapMCbBg\")]"}
COMMAND: POST /session/f2510c46535a82282fd70196afe2e571/elements - {"using":"xpath","value":"//td[@aria-colindex=\"1\"]/div/div[contains(@class, \"sapMCbBg\")]"}
RESULT: {"using":"xpath","value":"//td[@aria-colindex=\"1\"]/div/div[contains(@class, \"sapMCbBg\")]"}
COMMAND: POST /session/f2510c46535a82282fd70196afe2e571/elements - {"using":"xpath","value":"//td[@aria-colindex=\"1\"]/div/div[contains(@class, \"sapMCbBg\")]"}
RESULT: {"using":"xpath","value":"//td[@aria-colindex=\"1\"]/div/div[contains(@class, \"sapMCbBg\")]"}
COMMAND: POST /session/f2510c46535a82282fd70196afe2e571/elements - {"using":"xpath","value":"//td[@aria-colindex=\"1\"]/div/div[contains(@class, \"sapMCbBg\")]"}
RESULT: {"using":"xpath","value":"//td[@aria-colindex=\"1\"]/div/div[contains(@class, \"sapMCbBg\")]"}
COMMAND: POST /session/f2510c46535a82282fd70196afe2e571/elements - {"using":"xpath","value":"//td[@aria-colindex=\"1\"]/div/div[contains(@class, \"sapMCbBg\")]"}
RESULT: {"using":"xpath","value":"//td[@aria-colindex=\"1\"]/div/div[contains(@class, \"sapMCbBg\")]"}
COMMAND: POST /session/f2510c46535a82282fd70196afe2e571/elements - {"using":"xpath","value":"//td[@aria-colindex=\"1\"]/div/div[contains(@class, \"sapMCbBg\")]"}
RESULT: {"using":"xpath","value":"//td[@aria-colindex=\"1\"]/div/div[contains(@class, \"sapMCbBg\")]"}
COMMAND: POST /session/f2510c46535a82282fd70196afe2e571/elements - {"using":"xpath","value":"//td[@aria-colindex=\"1\"]/div/div[contains(@class, \"sapMCbBg\")]"}
RESULT: {"using":"xpath","value":"//td[@aria-colindex=\"1\"]/div/div[contains(@class, \"sapMCbBg\")]"}
COMMAND: POST /session/f2510c46535a82282fd70196afe2e571/elements - {"using":"xpath","value":"//td[@aria-colindex=\"1\"]/div/div[contains(@class, \"sapMCbBg\")]"}
RESULT: {"using":"xpath","value":"//td[@aria-colindex=\"1\"]/div/div[contains(@class, \"sapMCbBg\")]"}
COMMAND: POST /session/f2510c46535a82282fd70196afe2e571/elements - {"using":"xpath","value":"//td[@aria-colindex=\"1\"]/div/div[contains(@class, \"sapMCbBg\")]"}
RESULT: {"using":"xpath","value":"//td[@aria-colindex=\"1\"]/div/div[contains(@class, \"sapMCbBg\")]"}
COMMAND: POST /session/f2510c46535a82282fd70196afe2e571/elements - {"using":"xpath","value":"//td[@aria-colindex=\"1\"]/div/div[contains(@class, \"sapMCbBg\")]"}
RESULT: {"using":"xpath","value":"//td[@aria-colindex=\"1\"]/div/div[contains(@class, \"sapMCbBg\")]"}
COMMAND: POST /session/f2510c46535a82282fd70196afe2e571/elements - {"using":"xpath","value":"//td[@aria-colindex=\"1\"]/div/div[contains(@class, \"sapMCbBg\")]"}
RESULT: {"using":"xpath","value":"//td[@aria-colindex=\"1\"]/div/div[contains(@class, \"sapMCbBg\")]"}
COMMAND: POST /session/f2510c46535a82282fd70196afe2e571/elements - {"using":"xpath","value":"//td[@aria-colindex=\"1\"]/div/div[contains(@class, \"sapMCbBg\")]"}
RESULT: {"using":"xpath","value":"//td[@aria-colindex=\"1\"]/div/div[contains(@class, \"sapMCbBg\")]"}
COMMAND: POST /session/f2510c46535a82282fd70196afe2e571/elements - {"using":"xpath","value":"//td[@aria-colindex=\"1\"]/div/div[contains(@class, \"sapMCbBg\")]"}
RESULT: {"using":"xpath","value":"//td[@aria-colindex=\"1\"]/div/div[contains(@class, \"sapMCbBg\")]"}
COMMAND: POST /session/f2510c46535a82282fd70196afe2e571/elements - {"using":"xpath","value":"//td[@aria-colindex=\"1\"]/div/div[contains(@class, \"sapMCbBg\")]"}
RESULT: {"using":"xpath","value":"//td[@aria-colindex=\"1\"]/div/div[contains(@class, \"sapMCbBg\")]"}
COMMAND: POST /session/f2510c46535a82282fd70196afe2e571/elements - {"using":"xpath","value":"//td[@aria-colindex=\"1\"]/div/div[contains(@class, \"sapMCbBg\")]"}
RESULT: {"using":"xpath","value":"//td[@aria-colindex=\"1\"]/div/div[contains(@class, \"sapMCbBg\")]"}
COMMAND: POST /session/f2510c46535a82282fd70196afe2e571/elements - {"using":"xpath","value":"//td[@aria-colindex=\"1\"]/div/div[contains(@class, \"sapMCbBg\")]"}
RESULT: {"using":"xpath","value":"//td[@aria-colindex=\"1\"]/div/div[contains(@class, \"sapMCbBg\")]"}
COMMAND: POST /session/f2510c46535a82282fd70196afe2e571/elements - {"using":"xpath","value":"//td[@aria-colindex=\"1\"]/div/div[contains(@class, \"sapMCbBg\")]"}
RESULT: {"using":"xpath","value":"//td[@aria-colindex=\"1\"]/div/div[contains(@class, \"sapMCbBg\")]"}
COMMAND: POST /session/f2510c46535a82282fd70196afe2e571/elements - {"using":"xpath","value":"//td[@aria-colindex=\"1\"]/div/div[contains(@class, \"sapMCbBg\")]"}
RESULT: {"using":"xpath","value":"//td[@aria-colindex=\"1\"]/div/div[contains(@class, \"sapMCbBg\")]"}
COMMAND: POST /session/f2510c46535a82282fd70196afe2e571/elements - {"using":"xpath","value":"//td[@aria-colindex=\"1\"]/div/div[contains(@class, \"sapMCbBg\")]"}
RESULT: {"using":"xpath","value":"//td[@aria-colindex=\"1\"]/div/div[contains(@class, \"sapMCbBg\")]"}
COMMAND: POST /session/f2510c46535a82282fd70196afe2e571/elements - {"using":"xpath","value":"//td[@aria-colindex=\"1\"]/div/div[contains(@class, \"sapMCbBg\")]"}
RESULT: {"using":"xpath","value":"//td[@aria-colindex=\"1\"]/div/div[contains(@class, \"sapMCbBg\")]"}
COMMAND: POST /session/f2510c46535a82282fd70196afe2e571/elements - {"using":"xpath","value":"//td[@aria-colindex=\"1\"]/div/div[contains(@class, \"sapMCbBg\")]"}
RESULT: {"using":"xpath","value":"//td[@aria-colindex=\"1\"]/div/div[contains(@class, \"sapMCbBg\")]"}
COMMAND: POST /session/f2510c46535a82282fd70196afe2e571/elements - {"using":"xpath","value":"//td[@aria-colindex=\"1\"]/div/div[contains(@class, \"sapMCbBg\")]"}
RESULT: {"using":"xpath","value":"//td[@aria-colindex=\"1\"]/div/div[contains(@class, \"sapMCbBg\")]"}
COMMAND: POST /session/f2510c46535a82282fd70196afe2e571/elements - {"using":"xpath","value":"//td[@aria-colindex=\"1\"]/div/div[contains(@class, \"sapMCbBg\")]"}
RESULT: {"using":"xpath","value":"//td[@aria-colindex=\"1\"]/div/div[contains(@class, \"sapMCbBg\")]"}
COMMAND: POST /session/f2510c46535a82282fd70196afe2e571/elements - {"using":"xpath","value":"//td[@aria-colindex=\"1\"]/div/div[contains(@class, \"sapMCbBg\")]"}
RESULT: {"using":"xpath","value":"//td[@aria-colindex=\"1\"]/div/div[contains(@class, \"sapMCbBg\")]"}
COMMAND: POST /session/f2510c46535a82282fd70196afe2e571/elements - {"using":"xpath","value":"//td[@aria-colindex=\"1\"]/div/div[contains(@class, \"sapMCbBg\")]"}
RESULT: {"using":"xpath","value":"//td[@aria-colindex=\"1\"]/div/div[contains(@class, \"sapMCbBg\")]"}
COMMAND: POST /session/f2510c46535a82282fd70196afe2e571/elements - {"using":"xpath","value":"//td[@aria-colindex=\"1\"]/div/div[contains(@class, \"sapMCbBg\")]"}
RESULT: {"using":"xpath","value":"//td[@aria-colindex=\"1\"]/div/div[contains(@class, \"sapMCbBg\")]"}
COMMAND: POST /session/f2510c46535a82282fd70196afe2e571/elements - {"using":"xpath","value":"//td[@aria-colindex=\"1\"]/div/div[contains(@class, \"sapMCbBg\")]"}
RESULT: {"using":"xpath","value":"//td[@aria-colindex=\"1\"]/div/div[contains(@class, \"sapMCbBg\")]"}
COMMAND: POST /session/f2510c46535a82282fd70196afe2e571/elements - {"using":"xpath","value":"//td[@aria-colindex=\"1\"]/div/div[contains(@class, \"sapMCbBg\")]"}
RESULT: {"using":"xpath","value":"//td[@aria-colindex=\"1\"]/div/div[contains(@class, \"sapMCbBg\")]"}
COMMAND: POST /session/f2510c46535a82282fd70196afe2e571/elements - {"using":"xpath","value":"//td[@aria-colindex=\"1\"]/div/div[contains(@class, \"sapMCbBg\")]"}
RESULT: {"using":"xpath","value":"//td[@aria-colindex=\"1\"]/div/div[contains(@class, \"sapMCbBg\")]"}
COMMAND: POST /session/f2510c46535a82282fd70196afe2e571/elements - {"using":"xpath","value":"//td[@aria-colindex=\"1\"]/div/div[contains(@class, \"sapMCbBg\")]"}
RESULT: {"using":"xpath","value":"//td[@aria-colindex=\"1\"]/div/div[contains(@class, \"sapMCbBg\")]"}
COMMAND: POST /session/f2510c46535a82282fd70196afe2e571/elements - {"using":"xpath","value":"//td[@aria-colindex=\"1\"]/div/div[contains(@class, \"sapMCbBg\")]"}
RESULT: {"using":"xpath","value":"//td[@aria-colindex=\"1\"]/div/div[contains(@class, \"sapMCbBg\")]"}
COMMAND: POST /session/f2510c46535a82282fd70196afe2e571/elements - {"using":"xpath","value":"//td[@aria-colindex=\"1\"]/div/div[contains(@class, \"sapMCbBg\")]"}
RESULT: {"using":"xpath","value":"//td[@aria-colindex=\"1\"]/div/div[contains(@class, \"sapMCbBg\")]"}
COMMAND: POST /session/f2510c46535a82282fd70196afe2e571/elements - {"using":"xpath","value":"//td[@aria-colindex=\"1\"]/div/div[contains(@class, \"sapMCbBg\")]"}
RESULT: {"using":"xpath","value":"//td[@aria-colindex=\"1\"]/div/div[contains(@class, \"sapMCbBg\")]"}
COMMAND: POST /session/f2510c46535a82282fd70196afe2e571/elements - {"using":"xpath","value":"//td[@aria-colindex=\"1\"]/div/div[contains(@class, \"sapMCbBg\")]"}
RESULT: {"using":"xpath","value":"//td[@aria-colindex=\"1\"]/div/div[contains(@class, \"sapMCbBg\")]"}
COMMAND: POST /session/f2510c46535a82282fd70196afe2e571/elements - {"using":"xpath","value":"//td[@aria-colindex=\"1\"]/div/div[contains(@class, \"sapMCbBg\")]"}
RESULT: {"using":"xpath","value":"//td[@aria-colindex=\"1\"]/div/div[contains(@class, \"sapMCbBg\")]"}
COMMAND: POST /session/f2510c46535a82282fd70196afe2e571/elements - {"using":"xpath","value":"//td[@aria-colindex=\"1\"]/div/div[contains(@class, \"sapMCbBg\")]"}
RESULT: {"using":"xpath","value":"//td[@aria-colindex=\"1\"]/div/div[contains(@class, \"sapMCbBg\")]"}
COMMAND: POST /session/f2510c46535a82282fd70196afe2e571/elements - {"using":"xpath","value":"//td[@aria-colindex=\"1\"]/div/div[contains(@class, \"sapMCbBg\")]"}
RESULT: {"using":"xpath","value":"//td[@aria-colindex=\"1\"]/div/div[contains(@class, \"sapMCbBg\")]"}
COMMAND: POST /session/f2510c46535a82282fd70196afe2e571/elements - {"using":"xpath","value":"//td[@aria-colindex=\"1\"]/div/div[contains(@class, \"sapMCbBg\")]"}
RESULT: {"using":"xpath","value":"//td[@aria-colindex=\"1\"]/div/div[contains(@class, \"sapMCbBg\")]"}
COMMAND: POST /session/f2510c46535a82282fd70196afe2e571/elements - {"using":"xpath","value":"//td[@aria-colindex=\"1\"]/div/div[contains(@class, \"sapMCbBg\")]"}
RESULT: {"using":"xpath","value":"//td[@aria-colindex=\"1\"]/div/div[contains(@class, \"sapMCbBg\")]"}
COMMAND: POST /session/f2510c46535a82282fd70196afe2e571/elements - {"using":"xpath","value":"//td[@aria-colindex=\"1\"]/div/div[contains(@class, \"sapMCbBg\")]"}
RESULT: {"using":"xpath","value":"//td[@aria-colindex=\"1\"]/div/div[contains(@class, \"sapMCbBg\")]"}
COMMAND: POST /session/f2510c46535a82282fd70196afe2e571/elements - {"using":"xpath","value":"//td[@aria-colindex=\"1\"]/div/div[contains(@class, \"sapMCbBg\")]"}
RESULT: {"using":"xpath","value":"//td[@aria-colindex=\"1\"]/div/div[contains(@class, \"sapMCbBg\")]"}
COMMAND: POST /session/f2510c46535a82282fd70196afe2e571/elements - {"using":"xpath","value":"//td[@aria-colindex=\"1\"]/div/div[contains(@class, \"sapMCbBg\")]"}
RESULT: {"using":"xpath","value":"//td[@aria-colindex=\"1\"]/div/div[contains(@class, \"sapMCbBg\")]"}
COMMAND: POST /session/f2510c46535a82282fd70196afe2e571/elements - {"using":"xpath","value":"//td[@aria-colindex=\"1\"]/div/div[contains(@class, \"sapMCbBg\")]"}
RESULT: {"using":"xpath","value":"//td[@aria-colindex=\"1\"]/div/div[contains(@class, \"sapMCbBg\")]"}
COMMAND: POST /session/f2510c46535a82282fd70196afe2e571/elements - {"using":"xpath","value":"//td[@aria-colindex=\"1\"]/div/div[contains(@class, \"sapMCbBg\")]"}
RESULT: {"using":"xpath","value":"//td[@aria-colindex=\"1\"]/div/div[contains(@class, \"sapMCbBg\")]"}
COMMAND: POST /session/f2510c46535a82282fd70196afe2e571/elements - {"using":"xpath","value":"//td[@aria-colindex=\"1\"]/div/div[contains(@class, \"sapMCbBg\")]"}
RESULT: {"using":"xpath","value":"//td[@aria-colindex=\"1\"]/div/div[contains(@class, \"sapMCbBg\")]"}
COMMAND: POST /session/f2510c46535a82282fd70196afe2e571/elements - {"using":"xpath","value":"//td[@aria-colindex=\"1\"]/div/div[contains(@class, \"sapMCbBg\")]"}
RESULT: {"using":"xpath","value":"//td[@aria-colindex=\"1\"]/div/div[contains(@class, \"sapMCbBg\")]"}
COMMAND: POST /session/f2510c46535a82282fd70196afe2e571/elements - {"using":"xpath","value":"//td[@aria-colindex=\"1\"]/div/div[contains(@class, \"sapMCbBg\")]"}
RESULT: {"using":"xpath","value":"//td[@aria-colindex=\"1\"]/div/div[contains(@class, \"sapMCbBg\")]"}
COMMAND: POST /session/f2510c46535a82282fd70196afe2e571/elements - {"using":"xpath","value":"//td[@aria-colindex=\"1\"]/div/div[contains(@class, \"sapMCbBg\")]"}
RESULT: {"using":"xpath","value":"//td[@aria-colindex=\"1\"]/div/div[contains(@class, \"sapMCbBg\")]"}
COMMAND: POST /session/f2510c46535a82282fd70196afe2e571/elements - {"using":"xpath","value":"//td[@aria-colindex=\"1\"]/div/div[contains(@class, \"sapMCbBg\")]"}
RESULT: {"using":"xpath","value":"//td[@aria-colindex=\"1\"]/div/div[contains(@class, \"sapMCbBg\")]"}
COMMAND: POST /session/f2510c46535a82282fd70196afe2e571/elements - {"using":"xpath","value":"//td[@aria-colindex=\"1\"]/div/div[contains(@class, \"sapMCbBg\")]"}
RESULT: {"using":"xpath","value":"//td[@aria-colindex=\"1\"]/div/div[contains(@class, \"sapMCbBg\")]"}
COMMAND: POST /session/f2510c46535a82282fd70196afe2e571/elements - {"using":"xpath","value":"//td[@aria-colindex=\"1\"]/div/div[contains(@class, \"sapMCbBg\")]"}
RESULT: {"using":"xpath","value":"//td[@aria-colindex=\"1\"]/div/div[contains(@class, \"sapMCbBg\")]"}
COMMAND: POST /session/f2510c46535a82282fd70196afe2e571/elements - {"using":"xpath","value":"//td[@aria-colindex=\"1\"]/div/div[contains(@class, \"sapMCbBg\")]"}
RESULT: {"using":"xpath","value":"//td[@aria-colindex=\"1\"]/div/div[contains(@class, \"sapMCbBg\")]"}
COMMAND: POST /session/f2510c46535a82282fd70196afe2e571/elements - {"using":"xpath","value":"//td[@aria-colindex=\"1\"]/div/div[contains(@class, \"sapMCbBg\")]"}
RESULT: {"using":"xpath","value":"//td[@aria-colindex=\"1\"]/div/div[contains(@class, \"sapMCbBg\")]"}
COMMAND: POST /session/f2510c46535a82282fd70196afe2e571/elements - {"using":"xpath","value":"//td[@aria-colindex=\"1\"]/div/div[contains(@class, \"sapMCbBg\")]"}
RESULT: {"using":"xpath","value":"//td[@aria-colindex=\"1\"]/div/div[contains(@class, \"sapMCbBg\")]"}
COMMAND: POST /session/f2510c46535a82282fd70196afe2e571/elements - {"using":"xpath","value":"//td[@aria-colindex=\"1\"]/div/div[contains(@class, \"sapMCbBg\")]"}
RESULT: {"using":"xpath","value":"//td[@aria-colindex=\"1\"]/div/div[contains(@class, \"sapMCbBg\")]"}
COMMAND: POST /session/f2510c46535a82282fd70196afe2e571/elements - {"using":"xpath","value":"//td[@aria-colindex=\"1\"]/div/div[contains(@class, \"sapMCbBg\")]"}
RESULT: {"using":"xpath","value":"//td[@aria-colindex=\"1\"]/div/div[contains(@class, \"sapMCbBg\")]"}
COMMAND: POST /session/f2510c46535a82282fd70196afe2e571/elements - {"using":"xpath","value":"//td[@aria-colindex=\"1\"]/div/div[contains(@class, \"sapMCbBg\")]"}
RESULT: {"using":"xpath","value":"//td[@aria-colindex=\"1\"]/div/div[contains(@class, \"sapMCbBg\")]"}
COMMAND: POST /session/f2510c46535a82282fd70196afe2e571/elements - {"using":"xpath","value":"//td[@aria-colindex=\"1\"]/div/div[contains(@class, \"sapMCbBg\")]"}
RESULT: {"using":"xpath","value":"//td[@aria-colindex=\"1\"]/div/div[contains(@class, \"sapMCbBg\")]"}
COMMAND: GET /session/f2510c46535a82282fd70196afe2e571/screenshot - {}
RESULT: {}
]]></system-out>
      <system-err><![CDATA[
Error: Can't call click on element with selector "//td[@aria-colindex="1"]/div/div[contains(@class, "sapMCbBg")]" because element wasn't found
    at async UtilsPrerequisites.manageBillingsTriggerCalculation (D:\a\1\s\test\specs\BTS\prerequisites-and-utils-functions.js:2750:9)
    at async Context.<anonymous> (D:\a\1\s\test\specs\BTS\billing-calculation-transp-times.spec.js:133:9)
]]></system-err>
    </testcase>
    <testcase classname="chrome.136_0_7103_93.windows.Billing_Calculation_-_Time_based_(considering_transport_times)_US139738" name="Should transfer the billing all the way to completion" time="55.419">
      <failure/>
      <error message="element (&quot;//input[contains(@id ,&quot;application-billingtransfer-display-component---billingWorkbench--smartFilterBar-btnBasicSearch&quot;)]&quot;) still not existing after 45000ms"/>
      <system-out><![CDATA[
COMMAND: GET /session/f2510c46535a82282fd70196afe2e571/screenshot - {}
RESULT: undefined
RESULT: {}
COMMAND: POST /session/f2510c46535a82282fd70196afe2e571/elements - {"using":"xpath","value":"//span[text()='Error']"}
RESULT: {"using":"xpath","value":"//span[text()='Error']"}
COMMAND: POST /session/f2510c46535a82282fd70196afe2e571/element - {"using":"xpath","value":"//input[contains(@id ,\"application-billingtransfer-display-component---billingWorkbench--smartFilterBar-btnBasicSearch\")]"}
RESULT: {"using":"xpath","value":"//input[contains(@id ,\"application-billingtransfer-display-component---billingWorkbench--smartFilterBar-btnBasicSearch\")]"}
COMMAND: POST /session/f2510c46535a82282fd70196afe2e571/elements - {"using":"xpath","value":"//input[contains(@id ,\"application-billingtransfer-display-component---billingWorkbench--smartFilterBar-btnBasicSearch\")]"}
RESULT: {"using":"xpath","value":"//input[contains(@id ,\"application-billingtransfer-display-component---billingWorkbench--smartFilterBar-btnBasicSearch\")]"}
COMMAND: POST /session/f2510c46535a82282fd70196afe2e571/elements - {"using":"xpath","value":"//input[contains(@id ,\"application-billingtransfer-display-component---billingWorkbench--smartFilterBar-btnBasicSearch\")]"}
RESULT: {"using":"xpath","value":"//input[contains(@id ,\"application-billingtransfer-display-component---billingWorkbench--smartFilterBar-btnBasicSearch\")]"}
COMMAND: POST /session/f2510c46535a82282fd70196afe2e571/elements - {"using":"xpath","value":"//input[contains(@id ,\"application-billingtransfer-display-component---billingWorkbench--smartFilterBar-btnBasicSearch\")]"}
RESULT: {"using":"xpath","value":"//input[contains(@id ,\"application-billingtransfer-display-component---billingWorkbench--smartFilterBar-btnBasicSearch\")]"}
COMMAND: POST /session/f2510c46535a82282fd70196afe2e571/elements - {"using":"xpath","value":"//input[contains(@id ,\"application-billingtransfer-display-component---billingWorkbench--smartFilterBar-btnBasicSearch\")]"}
RESULT: {"using":"xpath","value":"//input[contains(@id ,\"application-billingtransfer-display-component---billingWorkbench--smartFilterBar-btnBasicSearch\")]"}
COMMAND: POST /session/f2510c46535a82282fd70196afe2e571/elements - {"using":"xpath","value":"//input[contains(@id ,\"application-billingtransfer-display-component---billingWorkbench--smartFilterBar-btnBasicSearch\")]"}
RESULT: {"using":"xpath","value":"//input[contains(@id ,\"application-billingtransfer-display-component---billingWorkbench--smartFilterBar-btnBasicSearch\")]"}
COMMAND: POST /session/f2510c46535a82282fd70196afe2e571/elements - {"using":"xpath","value":"//input[contains(@id ,\"application-billingtransfer-display-component---billingWorkbench--smartFilterBar-btnBasicSearch\")]"}
RESULT: {"using":"xpath","value":"//input[contains(@id ,\"application-billingtransfer-display-component---billingWorkbench--smartFilterBar-btnBasicSearch\")]"}
COMMAND: POST /session/f2510c46535a82282fd70196afe2e571/elements - {"using":"xpath","value":"//input[contains(@id ,\"application-billingtransfer-display-component---billingWorkbench--smartFilterBar-btnBasicSearch\")]"}
RESULT: {"using":"xpath","value":"//input[contains(@id ,\"application-billingtransfer-display-component---billingWorkbench--smartFilterBar-btnBasicSearch\")]"}
COMMAND: POST /session/f2510c46535a82282fd70196afe2e571/elements - {"using":"xpath","value":"//input[contains(@id ,\"application-billingtransfer-display-component---billingWorkbench--smartFilterBar-btnBasicSearch\")]"}
RESULT: {"using":"xpath","value":"//input[contains(@id ,\"application-billingtransfer-display-component---billingWorkbench--smartFilterBar-btnBasicSearch\")]"}
COMMAND: POST /session/f2510c46535a82282fd70196afe2e571/elements - {"using":"xpath","value":"//input[contains(@id ,\"application-billingtransfer-display-component---billingWorkbench--smartFilterBar-btnBasicSearch\")]"}
RESULT: {"using":"xpath","value":"//input[contains(@id ,\"application-billingtransfer-display-component---billingWorkbench--smartFilterBar-btnBasicSearch\")]"}
COMMAND: POST /session/f2510c46535a82282fd70196afe2e571/elements - {"using":"xpath","value":"//input[contains(@id ,\"application-billingtransfer-display-component---billingWorkbench--smartFilterBar-btnBasicSearch\")]"}
RESULT: {"using":"xpath","value":"//input[contains(@id ,\"application-billingtransfer-display-component---billingWorkbench--smartFilterBar-btnBasicSearch\")]"}
COMMAND: POST /session/f2510c46535a82282fd70196afe2e571/elements - {"using":"xpath","value":"//input[contains(@id ,\"application-billingtransfer-display-component---billingWorkbench--smartFilterBar-btnBasicSearch\")]"}
RESULT: {"using":"xpath","value":"//input[contains(@id ,\"application-billingtransfer-display-component---billingWorkbench--smartFilterBar-btnBasicSearch\")]"}
COMMAND: POST /session/f2510c46535a82282fd70196afe2e571/elements - {"using":"xpath","value":"//input[contains(@id ,\"application-billingtransfer-display-component---billingWorkbench--smartFilterBar-btnBasicSearch\")]"}
RESULT: {"using":"xpath","value":"//input[contains(@id ,\"application-billingtransfer-display-component---billingWorkbench--smartFilterBar-btnBasicSearch\")]"}
COMMAND: POST /session/f2510c46535a82282fd70196afe2e571/elements - {"using":"xpath","value":"//input[contains(@id ,\"application-billingtransfer-display-component---billingWorkbench--smartFilterBar-btnBasicSearch\")]"}
RESULT: {"using":"xpath","value":"//input[contains(@id ,\"application-billingtransfer-display-component---billingWorkbench--smartFilterBar-btnBasicSearch\")]"}
COMMAND: POST /session/f2510c46535a82282fd70196afe2e571/elements - {"using":"xpath","value":"//input[contains(@id ,\"application-billingtransfer-display-component---billingWorkbench--smartFilterBar-btnBasicSearch\")]"}
RESULT: {"using":"xpath","value":"//input[contains(@id ,\"application-billingtransfer-display-component---billingWorkbench--smartFilterBar-btnBasicSearch\")]"}
COMMAND: POST /session/f2510c46535a82282fd70196afe2e571/elements - {"using":"xpath","value":"//input[contains(@id ,\"application-billingtransfer-display-component---billingWorkbench--smartFilterBar-btnBasicSearch\")]"}
RESULT: {"using":"xpath","value":"//input[contains(@id ,\"application-billingtransfer-display-component---billingWorkbench--smartFilterBar-btnBasicSearch\")]"}
COMMAND: POST /session/f2510c46535a82282fd70196afe2e571/elements - {"using":"xpath","value":"//input[contains(@id ,\"application-billingtransfer-display-component---billingWorkbench--smartFilterBar-btnBasicSearch\")]"}
RESULT: {"using":"xpath","value":"//input[contains(@id ,\"application-billingtransfer-display-component---billingWorkbench--smartFilterBar-btnBasicSearch\")]"}
COMMAND: POST /session/f2510c46535a82282fd70196afe2e571/elements - {"using":"xpath","value":"//input[contains(@id ,\"application-billingtransfer-display-component---billingWorkbench--smartFilterBar-btnBasicSearch\")]"}
RESULT: {"using":"xpath","value":"//input[contains(@id ,\"application-billingtransfer-display-component---billingWorkbench--smartFilterBar-btnBasicSearch\")]"}
COMMAND: POST /session/f2510c46535a82282fd70196afe2e571/elements - {"using":"xpath","value":"//input[contains(@id ,\"application-billingtransfer-display-component---billingWorkbench--smartFilterBar-btnBasicSearch\")]"}
RESULT: {"using":"xpath","value":"//input[contains(@id ,\"application-billingtransfer-display-component---billingWorkbench--smartFilterBar-btnBasicSearch\")]"}
COMMAND: POST /session/f2510c46535a82282fd70196afe2e571/elements - {"using":"xpath","value":"//input[contains(@id ,\"application-billingtransfer-display-component---billingWorkbench--smartFilterBar-btnBasicSearch\")]"}
RESULT: {"using":"xpath","value":"//input[contains(@id ,\"application-billingtransfer-display-component---billingWorkbench--smartFilterBar-btnBasicSearch\")]"}
COMMAND: POST /session/f2510c46535a82282fd70196afe2e571/elements - {"using":"xpath","value":"//input[contains(@id ,\"application-billingtransfer-display-component---billingWorkbench--smartFilterBar-btnBasicSearch\")]"}
RESULT: {"using":"xpath","value":"//input[contains(@id ,\"application-billingtransfer-display-component---billingWorkbench--smartFilterBar-btnBasicSearch\")]"}
COMMAND: POST /session/f2510c46535a82282fd70196afe2e571/elements - {"using":"xpath","value":"//input[contains(@id ,\"application-billingtransfer-display-component---billingWorkbench--smartFilterBar-btnBasicSearch\")]"}
RESULT: {"using":"xpath","value":"//input[contains(@id ,\"application-billingtransfer-display-component---billingWorkbench--smartFilterBar-btnBasicSearch\")]"}
COMMAND: POST /session/f2510c46535a82282fd70196afe2e571/elements - {"using":"xpath","value":"//input[contains(@id ,\"application-billingtransfer-display-component---billingWorkbench--smartFilterBar-btnBasicSearch\")]"}
RESULT: {"using":"xpath","value":"//input[contains(@id ,\"application-billingtransfer-display-component---billingWorkbench--smartFilterBar-btnBasicSearch\")]"}
COMMAND: POST /session/f2510c46535a82282fd70196afe2e571/elements - {"using":"xpath","value":"//input[contains(@id ,\"application-billingtransfer-display-component---billingWorkbench--smartFilterBar-btnBasicSearch\")]"}
RESULT: {"using":"xpath","value":"//input[contains(@id ,\"application-billingtransfer-display-component---billingWorkbench--smartFilterBar-btnBasicSearch\")]"}
COMMAND: POST /session/f2510c46535a82282fd70196afe2e571/elements - {"using":"xpath","value":"//input[contains(@id ,\"application-billingtransfer-display-component---billingWorkbench--smartFilterBar-btnBasicSearch\")]"}
RESULT: {"using":"xpath","value":"//input[contains(@id ,\"application-billingtransfer-display-component---billingWorkbench--smartFilterBar-btnBasicSearch\")]"}
COMMAND: POST /session/f2510c46535a82282fd70196afe2e571/elements - {"using":"xpath","value":"//input[contains(@id ,\"application-billingtransfer-display-component---billingWorkbench--smartFilterBar-btnBasicSearch\")]"}
RESULT: {"using":"xpath","value":"//input[contains(@id ,\"application-billingtransfer-display-component---billingWorkbench--smartFilterBar-btnBasicSearch\")]"}
COMMAND: POST /session/f2510c46535a82282fd70196afe2e571/elements - {"using":"xpath","value":"//input[contains(@id ,\"application-billingtransfer-display-component---billingWorkbench--smartFilterBar-btnBasicSearch\")]"}
RESULT: {"using":"xpath","value":"//input[contains(@id ,\"application-billingtransfer-display-component---billingWorkbench--smartFilterBar-btnBasicSearch\")]"}
COMMAND: POST /session/f2510c46535a82282fd70196afe2e571/elements - {"using":"xpath","value":"//input[contains(@id ,\"application-billingtransfer-display-component---billingWorkbench--smartFilterBar-btnBasicSearch\")]"}
RESULT: {"using":"xpath","value":"//input[contains(@id ,\"application-billingtransfer-display-component---billingWorkbench--smartFilterBar-btnBasicSearch\")]"}
COMMAND: POST /session/f2510c46535a82282fd70196afe2e571/elements - {"using":"xpath","value":"//input[contains(@id ,\"application-billingtransfer-display-component---billingWorkbench--smartFilterBar-btnBasicSearch\")]"}
RESULT: {"using":"xpath","value":"//input[contains(@id ,\"application-billingtransfer-display-component---billingWorkbench--smartFilterBar-btnBasicSearch\")]"}
COMMAND: POST /session/f2510c46535a82282fd70196afe2e571/elements - {"using":"xpath","value":"//input[contains(@id ,\"application-billingtransfer-display-component---billingWorkbench--smartFilterBar-btnBasicSearch\")]"}
RESULT: {"using":"xpath","value":"//input[contains(@id ,\"application-billingtransfer-display-component---billingWorkbench--smartFilterBar-btnBasicSearch\")]"}
COMMAND: POST /session/f2510c46535a82282fd70196afe2e571/elements - {"using":"xpath","value":"//input[contains(@id ,\"application-billingtransfer-display-component---billingWorkbench--smartFilterBar-btnBasicSearch\")]"}
RESULT: {"using":"xpath","value":"//input[contains(@id ,\"application-billingtransfer-display-component---billingWorkbench--smartFilterBar-btnBasicSearch\")]"}
COMMAND: POST /session/f2510c46535a82282fd70196afe2e571/elements - {"using":"xpath","value":"//input[contains(@id ,\"application-billingtransfer-display-component---billingWorkbench--smartFilterBar-btnBasicSearch\")]"}
RESULT: {"using":"xpath","value":"//input[contains(@id ,\"application-billingtransfer-display-component---billingWorkbench--smartFilterBar-btnBasicSearch\")]"}
COMMAND: POST /session/f2510c46535a82282fd70196afe2e571/elements - {"using":"xpath","value":"//input[contains(@id ,\"application-billingtransfer-display-component---billingWorkbench--smartFilterBar-btnBasicSearch\")]"}
RESULT: {"using":"xpath","value":"//input[contains(@id ,\"application-billingtransfer-display-component---billingWorkbench--smartFilterBar-btnBasicSearch\")]"}
COMMAND: POST /session/f2510c46535a82282fd70196afe2e571/elements - {"using":"xpath","value":"//input[contains(@id ,\"application-billingtransfer-display-component---billingWorkbench--smartFilterBar-btnBasicSearch\")]"}
RESULT: {"using":"xpath","value":"//input[contains(@id ,\"application-billingtransfer-display-component---billingWorkbench--smartFilterBar-btnBasicSearch\")]"}
COMMAND: POST /session/f2510c46535a82282fd70196afe2e571/elements - {"using":"xpath","value":"//input[contains(@id ,\"application-billingtransfer-display-component---billingWorkbench--smartFilterBar-btnBasicSearch\")]"}
RESULT: {"using":"xpath","value":"//input[contains(@id ,\"application-billingtransfer-display-component---billingWorkbench--smartFilterBar-btnBasicSearch\")]"}
COMMAND: POST /session/f2510c46535a82282fd70196afe2e571/elements - {"using":"xpath","value":"//input[contains(@id ,\"application-billingtransfer-display-component---billingWorkbench--smartFilterBar-btnBasicSearch\")]"}
RESULT: {"using":"xpath","value":"//input[contains(@id ,\"application-billingtransfer-display-component---billingWorkbench--smartFilterBar-btnBasicSearch\")]"}
COMMAND: POST /session/f2510c46535a82282fd70196afe2e571/elements - {"using":"xpath","value":"//input[contains(@id ,\"application-billingtransfer-display-component---billingWorkbench--smartFilterBar-btnBasicSearch\")]"}
RESULT: {"using":"xpath","value":"//input[contains(@id ,\"application-billingtransfer-display-component---billingWorkbench--smartFilterBar-btnBasicSearch\")]"}
COMMAND: POST /session/f2510c46535a82282fd70196afe2e571/elements - {"using":"xpath","value":"//input[contains(@id ,\"application-billingtransfer-display-component---billingWorkbench--smartFilterBar-btnBasicSearch\")]"}
RESULT: {"using":"xpath","value":"//input[contains(@id ,\"application-billingtransfer-display-component---billingWorkbench--smartFilterBar-btnBasicSearch\")]"}
COMMAND: POST /session/f2510c46535a82282fd70196afe2e571/elements - {"using":"xpath","value":"//input[contains(@id ,\"application-billingtransfer-display-component---billingWorkbench--smartFilterBar-btnBasicSearch\")]"}
RESULT: {"using":"xpath","value":"//input[contains(@id ,\"application-billingtransfer-display-component---billingWorkbench--smartFilterBar-btnBasicSearch\")]"}
COMMAND: POST /session/f2510c46535a82282fd70196afe2e571/elements - {"using":"xpath","value":"//input[contains(@id ,\"application-billingtransfer-display-component---billingWorkbench--smartFilterBar-btnBasicSearch\")]"}
RESULT: {"using":"xpath","value":"//input[contains(@id ,\"application-billingtransfer-display-component---billingWorkbench--smartFilterBar-btnBasicSearch\")]"}
COMMAND: POST /session/f2510c46535a82282fd70196afe2e571/elements - {"using":"xpath","value":"//input[contains(@id ,\"application-billingtransfer-display-component---billingWorkbench--smartFilterBar-btnBasicSearch\")]"}
RESULT: {"using":"xpath","value":"//input[contains(@id ,\"application-billingtransfer-display-component---billingWorkbench--smartFilterBar-btnBasicSearch\")]"}
COMMAND: POST /session/f2510c46535a82282fd70196afe2e571/elements - {"using":"xpath","value":"//input[contains(@id ,\"application-billingtransfer-display-component---billingWorkbench--smartFilterBar-btnBasicSearch\")]"}
RESULT: {"using":"xpath","value":"//input[contains(@id ,\"application-billingtransfer-display-component---billingWorkbench--smartFilterBar-btnBasicSearch\")]"}
COMMAND: POST /session/f2510c46535a82282fd70196afe2e571/elements - {"using":"xpath","value":"//input[contains(@id ,\"application-billingtransfer-display-component---billingWorkbench--smartFilterBar-btnBasicSearch\")]"}
RESULT: {"using":"xpath","value":"//input[contains(@id ,\"application-billingtransfer-display-component---billingWorkbench--smartFilterBar-btnBasicSearch\")]"}
COMMAND: POST /session/f2510c46535a82282fd70196afe2e571/elements - {"using":"xpath","value":"//input[contains(@id ,\"application-billingtransfer-display-component---billingWorkbench--smartFilterBar-btnBasicSearch\")]"}
RESULT: {"using":"xpath","value":"//input[contains(@id ,\"application-billingtransfer-display-component---billingWorkbench--smartFilterBar-btnBasicSearch\")]"}
COMMAND: POST /session/f2510c46535a82282fd70196afe2e571/elements - {"using":"xpath","value":"//input[contains(@id ,\"application-billingtransfer-display-component---billingWorkbench--smartFilterBar-btnBasicSearch\")]"}
RESULT: {"using":"xpath","value":"//input[contains(@id ,\"application-billingtransfer-display-component---billingWorkbench--smartFilterBar-btnBasicSearch\")]"}
COMMAND: POST /session/f2510c46535a82282fd70196afe2e571/elements - {"using":"xpath","value":"//input[contains(@id ,\"application-billingtransfer-display-component---billingWorkbench--smartFilterBar-btnBasicSearch\")]"}
RESULT: {"using":"xpath","value":"//input[contains(@id ,\"application-billingtransfer-display-component---billingWorkbench--smartFilterBar-btnBasicSearch\")]"}
COMMAND: POST /session/f2510c46535a82282fd70196afe2e571/elements - {"using":"xpath","value":"//input[contains(@id ,\"application-billingtransfer-display-component---billingWorkbench--smartFilterBar-btnBasicSearch\")]"}
RESULT: {"using":"xpath","value":"//input[contains(@id ,\"application-billingtransfer-display-component---billingWorkbench--smartFilterBar-btnBasicSearch\")]"}
COMMAND: POST /session/f2510c46535a82282fd70196afe2e571/elements - {"using":"xpath","value":"//input[contains(@id ,\"application-billingtransfer-display-component---billingWorkbench--smartFilterBar-btnBasicSearch\")]"}
RESULT: {"using":"xpath","value":"//input[contains(@id ,\"application-billingtransfer-display-component---billingWorkbench--smartFilterBar-btnBasicSearch\")]"}
COMMAND: POST /session/f2510c46535a82282fd70196afe2e571/elements - {"using":"xpath","value":"//input[contains(@id ,\"application-billingtransfer-display-component---billingWorkbench--smartFilterBar-btnBasicSearch\")]"}
RESULT: {"using":"xpath","value":"//input[contains(@id ,\"application-billingtransfer-display-component---billingWorkbench--smartFilterBar-btnBasicSearch\")]"}
COMMAND: POST /session/f2510c46535a82282fd70196afe2e571/elements - {"using":"xpath","value":"//input[contains(@id ,\"application-billingtransfer-display-component---billingWorkbench--smartFilterBar-btnBasicSearch\")]"}
RESULT: {"using":"xpath","value":"//input[contains(@id ,\"application-billingtransfer-display-component---billingWorkbench--smartFilterBar-btnBasicSearch\")]"}
COMMAND: POST /session/f2510c46535a82282fd70196afe2e571/elements - {"using":"xpath","value":"//input[contains(@id ,\"application-billingtransfer-display-component---billingWorkbench--smartFilterBar-btnBasicSearch\")]"}
RESULT: {"using":"xpath","value":"//input[contains(@id ,\"application-billingtransfer-display-component---billingWorkbench--smartFilterBar-btnBasicSearch\")]"}
COMMAND: POST /session/f2510c46535a82282fd70196afe2e571/elements - {"using":"xpath","value":"//input[contains(@id ,\"application-billingtransfer-display-component---billingWorkbench--smartFilterBar-btnBasicSearch\")]"}
RESULT: {"using":"xpath","value":"//input[contains(@id ,\"application-billingtransfer-display-component---billingWorkbench--smartFilterBar-btnBasicSearch\")]"}
COMMAND: POST /session/f2510c46535a82282fd70196afe2e571/elements - {"using":"xpath","value":"//input[contains(@id ,\"application-billingtransfer-display-component---billingWorkbench--smartFilterBar-btnBasicSearch\")]"}
RESULT: {"using":"xpath","value":"//input[contains(@id ,\"application-billingtransfer-display-component---billingWorkbench--smartFilterBar-btnBasicSearch\")]"}
COMMAND: POST /session/f2510c46535a82282fd70196afe2e571/elements - {"using":"xpath","value":"//input[contains(@id ,\"application-billingtransfer-display-component---billingWorkbench--smartFilterBar-btnBasicSearch\")]"}
RESULT: {"using":"xpath","value":"//input[contains(@id ,\"application-billingtransfer-display-component---billingWorkbench--smartFilterBar-btnBasicSearch\")]"}
COMMAND: POST /session/f2510c46535a82282fd70196afe2e571/elements - {"using":"xpath","value":"//input[contains(@id ,\"application-billingtransfer-display-component---billingWorkbench--smartFilterBar-btnBasicSearch\")]"}
RESULT: {"using":"xpath","value":"//input[contains(@id ,\"application-billingtransfer-display-component---billingWorkbench--smartFilterBar-btnBasicSearch\")]"}
COMMAND: POST /session/f2510c46535a82282fd70196afe2e571/elements - {"using":"xpath","value":"//input[contains(@id ,\"application-billingtransfer-display-component---billingWorkbench--smartFilterBar-btnBasicSearch\")]"}
RESULT: {"using":"xpath","value":"//input[contains(@id ,\"application-billingtransfer-display-component---billingWorkbench--smartFilterBar-btnBasicSearch\")]"}
COMMAND: POST /session/f2510c46535a82282fd70196afe2e571/elements - {"using":"xpath","value":"//input[contains(@id ,\"application-billingtransfer-display-component---billingWorkbench--smartFilterBar-btnBasicSearch\")]"}
RESULT: {"using":"xpath","value":"//input[contains(@id ,\"application-billingtransfer-display-component---billingWorkbench--smartFilterBar-btnBasicSearch\")]"}
COMMAND: POST /session/f2510c46535a82282fd70196afe2e571/elements - {"using":"xpath","value":"//input[contains(@id ,\"application-billingtransfer-display-component---billingWorkbench--smartFilterBar-btnBasicSearch\")]"}
RESULT: {"using":"xpath","value":"//input[contains(@id ,\"application-billingtransfer-display-component---billingWorkbench--smartFilterBar-btnBasicSearch\")]"}
COMMAND: POST /session/f2510c46535a82282fd70196afe2e571/elements - {"using":"xpath","value":"//input[contains(@id ,\"application-billingtransfer-display-component---billingWorkbench--smartFilterBar-btnBasicSearch\")]"}
RESULT: {"using":"xpath","value":"//input[contains(@id ,\"application-billingtransfer-display-component---billingWorkbench--smartFilterBar-btnBasicSearch\")]"}
COMMAND: POST /session/f2510c46535a82282fd70196afe2e571/elements - {"using":"xpath","value":"//input[contains(@id ,\"application-billingtransfer-display-component---billingWorkbench--smartFilterBar-btnBasicSearch\")]"}
RESULT: {"using":"xpath","value":"//input[contains(@id ,\"application-billingtransfer-display-component---billingWorkbench--smartFilterBar-btnBasicSearch\")]"}
COMMAND: POST /session/f2510c46535a82282fd70196afe2e571/elements - {"using":"xpath","value":"//input[contains(@id ,\"application-billingtransfer-display-component---billingWorkbench--smartFilterBar-btnBasicSearch\")]"}
RESULT: {"using":"xpath","value":"//input[contains(@id ,\"application-billingtransfer-display-component---billingWorkbench--smartFilterBar-btnBasicSearch\")]"}
COMMAND: POST /session/f2510c46535a82282fd70196afe2e571/elements - {"using":"xpath","value":"//input[contains(@id ,\"application-billingtransfer-display-component---billingWorkbench--smartFilterBar-btnBasicSearch\")]"}
RESULT: {"using":"xpath","value":"//input[contains(@id ,\"application-billingtransfer-display-component---billingWorkbench--smartFilterBar-btnBasicSearch\")]"}
COMMAND: POST /session/f2510c46535a82282fd70196afe2e571/elements - {"using":"xpath","value":"//input[contains(@id ,\"application-billingtransfer-display-component---billingWorkbench--smartFilterBar-btnBasicSearch\")]"}
RESULT: {"using":"xpath","value":"//input[contains(@id ,\"application-billingtransfer-display-component---billingWorkbench--smartFilterBar-btnBasicSearch\")]"}
COMMAND: POST /session/f2510c46535a82282fd70196afe2e571/elements - {"using":"xpath","value":"//input[contains(@id ,\"application-billingtransfer-display-component---billingWorkbench--smartFilterBar-btnBasicSearch\")]"}
RESULT: {"using":"xpath","value":"//input[contains(@id ,\"application-billingtransfer-display-component---billingWorkbench--smartFilterBar-btnBasicSearch\")]"}
COMMAND: POST /session/f2510c46535a82282fd70196afe2e571/elements - {"using":"xpath","value":"//input[contains(@id ,\"application-billingtransfer-display-component---billingWorkbench--smartFilterBar-btnBasicSearch\")]"}
RESULT: {"using":"xpath","value":"//input[contains(@id ,\"application-billingtransfer-display-component---billingWorkbench--smartFilterBar-btnBasicSearch\")]"}
COMMAND: POST /session/f2510c46535a82282fd70196afe2e571/elements - {"using":"xpath","value":"//input[contains(@id ,\"application-billingtransfer-display-component---billingWorkbench--smartFilterBar-btnBasicSearch\")]"}
RESULT: {"using":"xpath","value":"//input[contains(@id ,\"application-billingtransfer-display-component---billingWorkbench--smartFilterBar-btnBasicSearch\")]"}
COMMAND: POST /session/f2510c46535a82282fd70196afe2e571/elements - {"using":"xpath","value":"//input[contains(@id ,\"application-billingtransfer-display-component---billingWorkbench--smartFilterBar-btnBasicSearch\")]"}
RESULT: {"using":"xpath","value":"//input[contains(@id ,\"application-billingtransfer-display-component---billingWorkbench--smartFilterBar-btnBasicSearch\")]"}
COMMAND: POST /session/f2510c46535a82282fd70196afe2e571/elements - {"using":"xpath","value":"//input[contains(@id ,\"application-billingtransfer-display-component---billingWorkbench--smartFilterBar-btnBasicSearch\")]"}
RESULT: {"using":"xpath","value":"//input[contains(@id ,\"application-billingtransfer-display-component---billingWorkbench--smartFilterBar-btnBasicSearch\")]"}
COMMAND: POST /session/f2510c46535a82282fd70196afe2e571/elements - {"using":"xpath","value":"//input[contains(@id ,\"application-billingtransfer-display-component---billingWorkbench--smartFilterBar-btnBasicSearch\")]"}
RESULT: {"using":"xpath","value":"//input[contains(@id ,\"application-billingtransfer-display-component---billingWorkbench--smartFilterBar-btnBasicSearch\")]"}
COMMAND: POST /session/f2510c46535a82282fd70196afe2e571/elements - {"using":"xpath","value":"//input[contains(@id ,\"application-billingtransfer-display-component---billingWorkbench--smartFilterBar-btnBasicSearch\")]"}
RESULT: {"using":"xpath","value":"//input[contains(@id ,\"application-billingtransfer-display-component---billingWorkbench--smartFilterBar-btnBasicSearch\")]"}
COMMAND: POST /session/f2510c46535a82282fd70196afe2e571/elements - {"using":"xpath","value":"//input[contains(@id ,\"application-billingtransfer-display-component---billingWorkbench--smartFilterBar-btnBasicSearch\")]"}
RESULT: {"using":"xpath","value":"//input[contains(@id ,\"application-billingtransfer-display-component---billingWorkbench--smartFilterBar-btnBasicSearch\")]"}
COMMAND: POST /session/f2510c46535a82282fd70196afe2e571/elements - {"using":"xpath","value":"//input[contains(@id ,\"application-billingtransfer-display-component---billingWorkbench--smartFilterBar-btnBasicSearch\")]"}
RESULT: {"using":"xpath","value":"//input[contains(@id ,\"application-billingtransfer-display-component---billingWorkbench--smartFilterBar-btnBasicSearch\")]"}
COMMAND: POST /session/f2510c46535a82282fd70196afe2e571/elements - {"using":"xpath","value":"//input[contains(@id ,\"application-billingtransfer-display-component---billingWorkbench--smartFilterBar-btnBasicSearch\")]"}
RESULT: {"using":"xpath","value":"//input[contains(@id ,\"application-billingtransfer-display-component---billingWorkbench--smartFilterBar-btnBasicSearch\")]"}
COMMAND: POST /session/f2510c46535a82282fd70196afe2e571/elements - {"using":"xpath","value":"//input[contains(@id ,\"application-billingtransfer-display-component---billingWorkbench--smartFilterBar-btnBasicSearch\")]"}
RESULT: {"using":"xpath","value":"//input[contains(@id ,\"application-billingtransfer-display-component---billingWorkbench--smartFilterBar-btnBasicSearch\")]"}
COMMAND: POST /session/f2510c46535a82282fd70196afe2e571/elements - {"using":"xpath","value":"//input[contains(@id ,\"application-billingtransfer-display-component---billingWorkbench--smartFilterBar-btnBasicSearch\")]"}
RESULT: {"using":"xpath","value":"//input[contains(@id ,\"application-billingtransfer-display-component---billingWorkbench--smartFilterBar-btnBasicSearch\")]"}
COMMAND: POST /session/f2510c46535a82282fd70196afe2e571/elements - {"using":"xpath","value":"//input[contains(@id ,\"application-billingtransfer-display-component---billingWorkbench--smartFilterBar-btnBasicSearch\")]"}
RESULT: {"using":"xpath","value":"//input[contains(@id ,\"application-billingtransfer-display-component---billingWorkbench--smartFilterBar-btnBasicSearch\")]"}
COMMAND: POST /session/f2510c46535a82282fd70196afe2e571/elements - {"using":"xpath","value":"//input[contains(@id ,\"application-billingtransfer-display-component---billingWorkbench--smartFilterBar-btnBasicSearch\")]"}
RESULT: {"using":"xpath","value":"//input[contains(@id ,\"application-billingtransfer-display-component---billingWorkbench--smartFilterBar-btnBasicSearch\")]"}
COMMAND: POST /session/f2510c46535a82282fd70196afe2e571/elements - {"using":"xpath","value":"//input[contains(@id ,\"application-billingtransfer-display-component---billingWorkbench--smartFilterBar-btnBasicSearch\")]"}
RESULT: {"using":"xpath","value":"//input[contains(@id ,\"application-billingtransfer-display-component---billingWorkbench--smartFilterBar-btnBasicSearch\")]"}
COMMAND: POST /session/f2510c46535a82282fd70196afe2e571/elements - {"using":"xpath","value":"//input[contains(@id ,\"application-billingtransfer-display-component---billingWorkbench--smartFilterBar-btnBasicSearch\")]"}
RESULT: {"using":"xpath","value":"//input[contains(@id ,\"application-billingtransfer-display-component---billingWorkbench--smartFilterBar-btnBasicSearch\")]"}
COMMAND: POST /session/f2510c46535a82282fd70196afe2e571/elements - {"using":"xpath","value":"//input[contains(@id ,\"application-billingtransfer-display-component---billingWorkbench--smartFilterBar-btnBasicSearch\")]"}
RESULT: {"using":"xpath","value":"//input[contains(@id ,\"application-billingtransfer-display-component---billingWorkbench--smartFilterBar-btnBasicSearch\")]"}
COMMAND: POST /session/f2510c46535a82282fd70196afe2e571/elements - {"using":"xpath","value":"//input[contains(@id ,\"application-billingtransfer-display-component---billingWorkbench--smartFilterBar-btnBasicSearch\")]"}
RESULT: {"using":"xpath","value":"//input[contains(@id ,\"application-billingtransfer-display-component---billingWorkbench--smartFilterBar-btnBasicSearch\")]"}
COMMAND: POST /session/f2510c46535a82282fd70196afe2e571/elements - {"using":"xpath","value":"//input[contains(@id ,\"application-billingtransfer-display-component---billingWorkbench--smartFilterBar-btnBasicSearch\")]"}
RESULT: {"using":"xpath","value":"//input[contains(@id ,\"application-billingtransfer-display-component---billingWorkbench--smartFilterBar-btnBasicSearch\")]"}
COMMAND: POST /session/f2510c46535a82282fd70196afe2e571/elements - {"using":"xpath","value":"//input[contains(@id ,\"application-billingtransfer-display-component---billingWorkbench--smartFilterBar-btnBasicSearch\")]"}
RESULT: {"using":"xpath","value":"//input[contains(@id ,\"application-billingtransfer-display-component---billingWorkbench--smartFilterBar-btnBasicSearch\")]"}
COMMAND: POST /session/f2510c46535a82282fd70196afe2e571/elements - {"using":"xpath","value":"//input[contains(@id ,\"application-billingtransfer-display-component---billingWorkbench--smartFilterBar-btnBasicSearch\")]"}
RESULT: {"using":"xpath","value":"//input[contains(@id ,\"application-billingtransfer-display-component---billingWorkbench--smartFilterBar-btnBasicSearch\")]"}
COMMAND: POST /session/f2510c46535a82282fd70196afe2e571/elements - {"using":"xpath","value":"//input[contains(@id ,\"application-billingtransfer-display-component---billingWorkbench--smartFilterBar-btnBasicSearch\")]"}
RESULT: {"using":"xpath","value":"//input[contains(@id ,\"application-billingtransfer-display-component---billingWorkbench--smartFilterBar-btnBasicSearch\")]"}
COMMAND: POST /session/f2510c46535a82282fd70196afe2e571/elements - {"using":"xpath","value":"//input[contains(@id ,\"application-billingtransfer-display-component---billingWorkbench--smartFilterBar-btnBasicSearch\")]"}
RESULT: {"using":"xpath","value":"//input[contains(@id ,\"application-billingtransfer-display-component---billingWorkbench--smartFilterBar-btnBasicSearch\")]"}
COMMAND: POST /session/f2510c46535a82282fd70196afe2e571/elements - {"using":"xpath","value":"//input[contains(@id ,\"application-billingtransfer-display-component---billingWorkbench--smartFilterBar-btnBasicSearch\")]"}
RESULT: {"using":"xpath","value":"//input[contains(@id ,\"application-billingtransfer-display-component---billingWorkbench--smartFilterBar-btnBasicSearch\")]"}
COMMAND: POST /session/f2510c46535a82282fd70196afe2e571/elements - {"using":"xpath","value":"//input[contains(@id ,\"application-billingtransfer-display-component---billingWorkbench--smartFilterBar-btnBasicSearch\")]"}
RESULT: {"using":"xpath","value":"//input[contains(@id ,\"application-billingtransfer-display-component---billingWorkbench--smartFilterBar-btnBasicSearch\")]"}
COMMAND: POST /session/f2510c46535a82282fd70196afe2e571/elements - {"using":"xpath","value":"//input[contains(@id ,\"application-billingtransfer-display-component---billingWorkbench--smartFilterBar-btnBasicSearch\")]"}
RESULT: {"using":"xpath","value":"//input[contains(@id ,\"application-billingtransfer-display-component---billingWorkbench--smartFilterBar-btnBasicSearch\")]"}
COMMAND: POST /session/f2510c46535a82282fd70196afe2e571/elements - {"using":"xpath","value":"//input[contains(@id ,\"application-billingtransfer-display-component---billingWorkbench--smartFilterBar-btnBasicSearch\")]"}
RESULT: {"using":"xpath","value":"//input[contains(@id ,\"application-billingtransfer-display-component---billingWorkbench--smartFilterBar-btnBasicSearch\")]"}
COMMAND: POST /session/f2510c46535a82282fd70196afe2e571/elements - {"using":"xpath","value":"//input[contains(@id ,\"application-billingtransfer-display-component---billingWorkbench--smartFilterBar-btnBasicSearch\")]"}
RESULT: {"using":"xpath","value":"//input[contains(@id ,\"application-billingtransfer-display-component---billingWorkbench--smartFilterBar-btnBasicSearch\")]"}
COMMAND: GET /session/f2510c46535a82282fd70196afe2e571/screenshot - {}
RESULT: {}
]]></system-out>
      <system-err><![CDATA[
Error: element ("//input[contains(@id ,"application-billingtransfer-display-component---billingWorkbench--smartFilterBar-btnBasicSearch")]") still not existing after 45000ms
    at async UtilsPrerequisites.narrowDownSearchBT (D:\a\1\s\test\specs\BTS\prerequisites-and-utils-functions.js:2882:9)
    at async UtilsPrerequisites.billingTransfer (D:\a\1\s\test\specs\BTS\prerequisites-and-utils-functions.js:2807:9)
    at async Context.<anonymous> (D:\a\1\s\test\specs\BTS\billing-calculation-transp-times.spec.js:150:9)
]]></system-err>
    </testcase>
    <testcase classname="chrome.136_0_7103_93.windows.Billing_Calculation_-_Time_based_(considering_transport_times)_US139738" name="Should navigate to the contract item check the billed until field value" time="59.407">
      <failure/>
      <error message="element (&quot;//button[@data-kt=&quot;addButton&quot;]&quot;) still not existing after 45000ms"/>
      <system-out><![CDATA[
COMMAND: GET /session/f2510c46535a82282fd70196afe2e571/screenshot - {}
RESULT: undefined
RESULT: {}
COMMAND: POST /session/f2510c46535a82282fd70196afe2e571/elements - {"using":"xpath","value":"//span[text()='Error']"}
RESULT: {"using":"xpath","value":"//span[text()='Error']"}
COMMAND: POST /session/f2510c46535a82282fd70196afe2e571/element - {"using":"xpath","value":"//button[@data-kt=\"addButton\"]"}
RESULT: {"using":"xpath","value":"//button[@data-kt=\"addButton\"]"}
COMMAND: POST /session/f2510c46535a82282fd70196afe2e571/elements - {"using":"xpath","value":"//button[@data-kt=\"addButton\"]"}
RESULT: {"using":"xpath","value":"//button[@data-kt=\"addButton\"]"}
COMMAND: POST /session/f2510c46535a82282fd70196afe2e571/elements - {"using":"xpath","value":"//button[@data-kt=\"addButton\"]"}
RESULT: {"using":"xpath","value":"//button[@data-kt=\"addButton\"]"}
COMMAND: POST /session/f2510c46535a82282fd70196afe2e571/elements - {"using":"xpath","value":"//button[@data-kt=\"addButton\"]"}
RESULT: {"using":"xpath","value":"//button[@data-kt=\"addButton\"]"}
COMMAND: POST /session/f2510c46535a82282fd70196afe2e571/elements - {"using":"xpath","value":"//button[@data-kt=\"addButton\"]"}
RESULT: {"using":"xpath","value":"//button[@data-kt=\"addButton\"]"}
COMMAND: POST /session/f2510c46535a82282fd70196afe2e571/elements - {"using":"xpath","value":"//button[@data-kt=\"addButton\"]"}
RESULT: {"using":"xpath","value":"//button[@data-kt=\"addButton\"]"}
COMMAND: POST /session/f2510c46535a82282fd70196afe2e571/elements - {"using":"xpath","value":"//button[@data-kt=\"addButton\"]"}
RESULT: {"using":"xpath","value":"//button[@data-kt=\"addButton\"]"}
COMMAND: POST /session/f2510c46535a82282fd70196afe2e571/elements - {"using":"xpath","value":"//button[@data-kt=\"addButton\"]"}
RESULT: {"using":"xpath","value":"//button[@data-kt=\"addButton\"]"}
COMMAND: POST /session/f2510c46535a82282fd70196afe2e571/elements - {"using":"xpath","value":"//button[@data-kt=\"addButton\"]"}
RESULT: {"using":"xpath","value":"//button[@data-kt=\"addButton\"]"}
COMMAND: POST /session/f2510c46535a82282fd70196afe2e571/elements - {"using":"xpath","value":"//button[@data-kt=\"addButton\"]"}
RESULT: {"using":"xpath","value":"//button[@data-kt=\"addButton\"]"}
COMMAND: POST /session/f2510c46535a82282fd70196afe2e571/elements - {"using":"xpath","value":"//button[@data-kt=\"addButton\"]"}
RESULT: {"using":"xpath","value":"//button[@data-kt=\"addButton\"]"}
COMMAND: POST /session/f2510c46535a82282fd70196afe2e571/elements - {"using":"xpath","value":"//button[@data-kt=\"addButton\"]"}
RESULT: {"using":"xpath","value":"//button[@data-kt=\"addButton\"]"}
COMMAND: POST /session/f2510c46535a82282fd70196afe2e571/elements - {"using":"xpath","value":"//button[@data-kt=\"addButton\"]"}
RESULT: {"using":"xpath","value":"//button[@data-kt=\"addButton\"]"}
COMMAND: POST /session/f2510c46535a82282fd70196afe2e571/elements - {"using":"xpath","value":"//button[@data-kt=\"addButton\"]"}
RESULT: {"using":"xpath","value":"//button[@data-kt=\"addButton\"]"}
COMMAND: POST /session/f2510c46535a82282fd70196afe2e571/elements - {"using":"xpath","value":"//button[@data-kt=\"addButton\"]"}
RESULT: {"using":"xpath","value":"//button[@data-kt=\"addButton\"]"}
COMMAND: POST /session/f2510c46535a82282fd70196afe2e571/elements - {"using":"xpath","value":"//button[@data-kt=\"addButton\"]"}
RESULT: {"using":"xpath","value":"//button[@data-kt=\"addButton\"]"}
COMMAND: POST /session/f2510c46535a82282fd70196afe2e571/elements - {"using":"xpath","value":"//button[@data-kt=\"addButton\"]"}
RESULT: {"using":"xpath","value":"//button[@data-kt=\"addButton\"]"}
COMMAND: POST /session/f2510c46535a82282fd70196afe2e571/elements - {"using":"xpath","value":"//button[@data-kt=\"addButton\"]"}
RESULT: {"using":"xpath","value":"//button[@data-kt=\"addButton\"]"}
COMMAND: POST /session/f2510c46535a82282fd70196afe2e571/elements - {"using":"xpath","value":"//button[@data-kt=\"addButton\"]"}
RESULT: {"using":"xpath","value":"//button[@data-kt=\"addButton\"]"}
COMMAND: POST /session/f2510c46535a82282fd70196afe2e571/elements - {"using":"xpath","value":"//button[@data-kt=\"addButton\"]"}
RESULT: {"using":"xpath","value":"//button[@data-kt=\"addButton\"]"}
COMMAND: POST /session/f2510c46535a82282fd70196afe2e571/elements - {"using":"xpath","value":"//button[@data-kt=\"addButton\"]"}
RESULT: {"using":"xpath","value":"//button[@data-kt=\"addButton\"]"}
COMMAND: POST /session/f2510c46535a82282fd70196afe2e571/elements - {"using":"xpath","value":"//button[@data-kt=\"addButton\"]"}
RESULT: {"using":"xpath","value":"//button[@data-kt=\"addButton\"]"}
COMMAND: POST /session/f2510c46535a82282fd70196afe2e571/elements - {"using":"xpath","value":"//button[@data-kt=\"addButton\"]"}
RESULT: {"using":"xpath","value":"//button[@data-kt=\"addButton\"]"}
COMMAND: POST /session/f2510c46535a82282fd70196afe2e571/elements - {"using":"xpath","value":"//button[@data-kt=\"addButton\"]"}
RESULT: {"using":"xpath","value":"//button[@data-kt=\"addButton\"]"}
COMMAND: POST /session/f2510c46535a82282fd70196afe2e571/elements - {"using":"xpath","value":"//button[@data-kt=\"addButton\"]"}
RESULT: {"using":"xpath","value":"//button[@data-kt=\"addButton\"]"}
COMMAND: POST /session/f2510c46535a82282fd70196afe2e571/elements - {"using":"xpath","value":"//button[@data-kt=\"addButton\"]"}
RESULT: {"using":"xpath","value":"//button[@data-kt=\"addButton\"]"}
COMMAND: POST /session/f2510c46535a82282fd70196afe2e571/elements - {"using":"xpath","value":"//button[@data-kt=\"addButton\"]"}
RESULT: {"using":"xpath","value":"//button[@data-kt=\"addButton\"]"}
COMMAND: POST /session/f2510c46535a82282fd70196afe2e571/elements - {"using":"xpath","value":"//button[@data-kt=\"addButton\"]"}
RESULT: {"using":"xpath","value":"//button[@data-kt=\"addButton\"]"}
COMMAND: POST /session/f2510c46535a82282fd70196afe2e571/elements - {"using":"xpath","value":"//button[@data-kt=\"addButton\"]"}
RESULT: {"using":"xpath","value":"//button[@data-kt=\"addButton\"]"}
COMMAND: POST /session/f2510c46535a82282fd70196afe2e571/elements - {"using":"xpath","value":"//button[@data-kt=\"addButton\"]"}
RESULT: {"using":"xpath","value":"//button[@data-kt=\"addButton\"]"}
COMMAND: POST /session/f2510c46535a82282fd70196afe2e571/elements - {"using":"xpath","value":"//button[@data-kt=\"addButton\"]"}
RESULT: {"using":"xpath","value":"//button[@data-kt=\"addButton\"]"}
COMMAND: POST /session/f2510c46535a82282fd70196afe2e571/elements - {"using":"xpath","value":"//button[@data-kt=\"addButton\"]"}
RESULT: {"using":"xpath","value":"//button[@data-kt=\"addButton\"]"}
COMMAND: POST /session/f2510c46535a82282fd70196afe2e571/elements - {"using":"xpath","value":"//button[@data-kt=\"addButton\"]"}
RESULT: {"using":"xpath","value":"//button[@data-kt=\"addButton\"]"}
COMMAND: POST /session/f2510c46535a82282fd70196afe2e571/elements - {"using":"xpath","value":"//button[@data-kt=\"addButton\"]"}
RESULT: {"using":"xpath","value":"//button[@data-kt=\"addButton\"]"}
COMMAND: POST /session/f2510c46535a82282fd70196afe2e571/elements - {"using":"xpath","value":"//button[@data-kt=\"addButton\"]"}
RESULT: {"using":"xpath","value":"//button[@data-kt=\"addButton\"]"}
COMMAND: POST /session/f2510c46535a82282fd70196afe2e571/elements - {"using":"xpath","value":"//button[@data-kt=\"addButton\"]"}
RESULT: {"using":"xpath","value":"//button[@data-kt=\"addButton\"]"}
COMMAND: POST /session/f2510c46535a82282fd70196afe2e571/elements - {"using":"xpath","value":"//button[@data-kt=\"addButton\"]"}
RESULT: {"using":"xpath","value":"//button[@data-kt=\"addButton\"]"}
COMMAND: POST /session/f2510c46535a82282fd70196afe2e571/elements - {"using":"xpath","value":"//button[@data-kt=\"addButton\"]"}
RESULT: {"using":"xpath","value":"//button[@data-kt=\"addButton\"]"}
COMMAND: POST /session/f2510c46535a82282fd70196afe2e571/elements - {"using":"xpath","value":"//button[@data-kt=\"addButton\"]"}
RESULT: {"using":"xpath","value":"//button[@data-kt=\"addButton\"]"}
COMMAND: POST /session/f2510c46535a82282fd70196afe2e571/elements - {"using":"xpath","value":"//button[@data-kt=\"addButton\"]"}
RESULT: {"using":"xpath","value":"//button[@data-kt=\"addButton\"]"}
COMMAND: POST /session/f2510c46535a82282fd70196afe2e571/elements - {"using":"xpath","value":"//button[@data-kt=\"addButton\"]"}
RESULT: {"using":"xpath","value":"//button[@data-kt=\"addButton\"]"}
COMMAND: POST /session/f2510c46535a82282fd70196afe2e571/elements - {"using":"xpath","value":"//button[@data-kt=\"addButton\"]"}
RESULT: {"using":"xpath","value":"//button[@data-kt=\"addButton\"]"}
COMMAND: POST /session/f2510c46535a82282fd70196afe2e571/elements - {"using":"xpath","value":"//button[@data-kt=\"addButton\"]"}
RESULT: {"using":"xpath","value":"//button[@data-kt=\"addButton\"]"}
COMMAND: POST /session/f2510c46535a82282fd70196afe2e571/elements - {"using":"xpath","value":"//button[@data-kt=\"addButton\"]"}
RESULT: {"using":"xpath","value":"//button[@data-kt=\"addButton\"]"}
COMMAND: POST /session/f2510c46535a82282fd70196afe2e571/elements - {"using":"xpath","value":"//button[@data-kt=\"addButton\"]"}
RESULT: {"using":"xpath","value":"//button[@data-kt=\"addButton\"]"}
COMMAND: POST /session/f2510c46535a82282fd70196afe2e571/elements - {"using":"xpath","value":"//button[@data-kt=\"addButton\"]"}
RESULT: {"using":"xpath","value":"//button[@data-kt=\"addButton\"]"}
COMMAND: POST /session/f2510c46535a82282fd70196afe2e571/elements - {"using":"xpath","value":"//button[@data-kt=\"addButton\"]"}
RESULT: {"using":"xpath","value":"//button[@data-kt=\"addButton\"]"}
COMMAND: POST /session/f2510c46535a82282fd70196afe2e571/elements - {"using":"xpath","value":"//button[@data-kt=\"addButton\"]"}
RESULT: {"using":"xpath","value":"//button[@data-kt=\"addButton\"]"}
COMMAND: POST /session/f2510c46535a82282fd70196afe2e571/elements - {"using":"xpath","value":"//button[@data-kt=\"addButton\"]"}
RESULT: {"using":"xpath","value":"//button[@data-kt=\"addButton\"]"}
COMMAND: POST /session/f2510c46535a82282fd70196afe2e571/elements - {"using":"xpath","value":"//button[@data-kt=\"addButton\"]"}
RESULT: {"using":"xpath","value":"//button[@data-kt=\"addButton\"]"}
COMMAND: POST /session/f2510c46535a82282fd70196afe2e571/elements - {"using":"xpath","value":"//button[@data-kt=\"addButton\"]"}
RESULT: {"using":"xpath","value":"//button[@data-kt=\"addButton\"]"}
COMMAND: POST /session/f2510c46535a82282fd70196afe2e571/elements - {"using":"xpath","value":"//button[@data-kt=\"addButton\"]"}
RESULT: {"using":"xpath","value":"//button[@data-kt=\"addButton\"]"}
COMMAND: POST /session/f2510c46535a82282fd70196afe2e571/elements - {"using":"xpath","value":"//button[@data-kt=\"addButton\"]"}
RESULT: {"using":"xpath","value":"//button[@data-kt=\"addButton\"]"}
COMMAND: POST /session/f2510c46535a82282fd70196afe2e571/elements - {"using":"xpath","value":"//button[@data-kt=\"addButton\"]"}
RESULT: {"using":"xpath","value":"//button[@data-kt=\"addButton\"]"}
COMMAND: POST /session/f2510c46535a82282fd70196afe2e571/elements - {"using":"xpath","value":"//button[@data-kt=\"addButton\"]"}
RESULT: {"using":"xpath","value":"//button[@data-kt=\"addButton\"]"}
COMMAND: POST /session/f2510c46535a82282fd70196afe2e571/elements - {"using":"xpath","value":"//button[@data-kt=\"addButton\"]"}
RESULT: {"using":"xpath","value":"//button[@data-kt=\"addButton\"]"}
COMMAND: POST /session/f2510c46535a82282fd70196afe2e571/elements - {"using":"xpath","value":"//button[@data-kt=\"addButton\"]"}
RESULT: {"using":"xpath","value":"//button[@data-kt=\"addButton\"]"}
COMMAND: POST /session/f2510c46535a82282fd70196afe2e571/elements - {"using":"xpath","value":"//button[@data-kt=\"addButton\"]"}
RESULT: {"using":"xpath","value":"//button[@data-kt=\"addButton\"]"}
COMMAND: POST /session/f2510c46535a82282fd70196afe2e571/elements - {"using":"xpath","value":"//button[@data-kt=\"addButton\"]"}
RESULT: {"using":"xpath","value":"//button[@data-kt=\"addButton\"]"}
COMMAND: POST /session/f2510c46535a82282fd70196afe2e571/elements - {"using":"xpath","value":"//button[@data-kt=\"addButton\"]"}
RESULT: {"using":"xpath","value":"//button[@data-kt=\"addButton\"]"}
COMMAND: POST /session/f2510c46535a82282fd70196afe2e571/elements - {"using":"xpath","value":"//button[@data-kt=\"addButton\"]"}
RESULT: {"using":"xpath","value":"//button[@data-kt=\"addButton\"]"}
COMMAND: POST /session/f2510c46535a82282fd70196afe2e571/elements - {"using":"xpath","value":"//button[@data-kt=\"addButton\"]"}
RESULT: {"using":"xpath","value":"//button[@data-kt=\"addButton\"]"}
COMMAND: POST /session/f2510c46535a82282fd70196afe2e571/elements - {"using":"xpath","value":"//button[@data-kt=\"addButton\"]"}
RESULT: {"using":"xpath","value":"//button[@data-kt=\"addButton\"]"}
COMMAND: POST /session/f2510c46535a82282fd70196afe2e571/elements - {"using":"xpath","value":"//button[@data-kt=\"addButton\"]"}
RESULT: {"using":"xpath","value":"//button[@data-kt=\"addButton\"]"}
COMMAND: POST /session/f2510c46535a82282fd70196afe2e571/elements - {"using":"xpath","value":"//button[@data-kt=\"addButton\"]"}
RESULT: {"using":"xpath","value":"//button[@data-kt=\"addButton\"]"}
COMMAND: POST /session/f2510c46535a82282fd70196afe2e571/elements - {"using":"xpath","value":"//button[@data-kt=\"addButton\"]"}
RESULT: {"using":"xpath","value":"//button[@data-kt=\"addButton\"]"}
COMMAND: POST /session/f2510c46535a82282fd70196afe2e571/elements - {"using":"xpath","value":"//button[@data-kt=\"addButton\"]"}
RESULT: {"using":"xpath","value":"//button[@data-kt=\"addButton\"]"}
COMMAND: POST /session/f2510c46535a82282fd70196afe2e571/elements - {"using":"xpath","value":"//button[@data-kt=\"addButton\"]"}
RESULT: {"using":"xpath","value":"//button[@data-kt=\"addButton\"]"}
COMMAND: POST /session/f2510c46535a82282fd70196afe2e571/elements - {"using":"xpath","value":"//button[@data-kt=\"addButton\"]"}
RESULT: {"using":"xpath","value":"//button[@data-kt=\"addButton\"]"}
COMMAND: POST /session/f2510c46535a82282fd70196afe2e571/elements - {"using":"xpath","value":"//button[@data-kt=\"addButton\"]"}
RESULT: {"using":"xpath","value":"//button[@data-kt=\"addButton\"]"}
COMMAND: POST /session/f2510c46535a82282fd70196afe2e571/elements - {"using":"xpath","value":"//button[@data-kt=\"addButton\"]"}
RESULT: {"using":"xpath","value":"//button[@data-kt=\"addButton\"]"}
COMMAND: POST /session/f2510c46535a82282fd70196afe2e571/elements - {"using":"xpath","value":"//button[@data-kt=\"addButton\"]"}
RESULT: {"using":"xpath","value":"//button[@data-kt=\"addButton\"]"}
COMMAND: POST /session/f2510c46535a82282fd70196afe2e571/elements - {"using":"xpath","value":"//button[@data-kt=\"addButton\"]"}
RESULT: {"using":"xpath","value":"//button[@data-kt=\"addButton\"]"}
COMMAND: POST /session/f2510c46535a82282fd70196afe2e571/elements - {"using":"xpath","value":"//button[@data-kt=\"addButton\"]"}
RESULT: {"using":"xpath","value":"//button[@data-kt=\"addButton\"]"}
COMMAND: POST /session/f2510c46535a82282fd70196afe2e571/elements - {"using":"xpath","value":"//button[@data-kt=\"addButton\"]"}
RESULT: {"using":"xpath","value":"//button[@data-kt=\"addButton\"]"}
COMMAND: POST /session/f2510c46535a82282fd70196afe2e571/elements - {"using":"xpath","value":"//button[@data-kt=\"addButton\"]"}
RESULT: {"using":"xpath","value":"//button[@data-kt=\"addButton\"]"}
COMMAND: POST /session/f2510c46535a82282fd70196afe2e571/elements - {"using":"xpath","value":"//button[@data-kt=\"addButton\"]"}
RESULT: {"using":"xpath","value":"//button[@data-kt=\"addButton\"]"}
COMMAND: POST /session/f2510c46535a82282fd70196afe2e571/elements - {"using":"xpath","value":"//button[@data-kt=\"addButton\"]"}
RESULT: {"using":"xpath","value":"//button[@data-kt=\"addButton\"]"}
COMMAND: POST /session/f2510c46535a82282fd70196afe2e571/elements - {"using":"xpath","value":"//button[@data-kt=\"addButton\"]"}
RESULT: {"using":"xpath","value":"//button[@data-kt=\"addButton\"]"}
COMMAND: POST /session/f2510c46535a82282fd70196afe2e571/elements - {"using":"xpath","value":"//button[@data-kt=\"addButton\"]"}
RESULT: {"using":"xpath","value":"//button[@data-kt=\"addButton\"]"}
COMMAND: POST /session/f2510c46535a82282fd70196afe2e571/elements - {"using":"xpath","value":"//button[@data-kt=\"addButton\"]"}
RESULT: {"using":"xpath","value":"//button[@data-kt=\"addButton\"]"}
COMMAND: POST /session/f2510c46535a82282fd70196afe2e571/elements - {"using":"xpath","value":"//button[@data-kt=\"addButton\"]"}
RESULT: {"using":"xpath","value":"//button[@data-kt=\"addButton\"]"}
COMMAND: POST /session/f2510c46535a82282fd70196afe2e571/elements - {"using":"xpath","value":"//button[@data-kt=\"addButton\"]"}
RESULT: {"using":"xpath","value":"//button[@data-kt=\"addButton\"]"}
COMMAND: POST /session/f2510c46535a82282fd70196afe2e571/elements - {"using":"xpath","value":"//button[@data-kt=\"addButton\"]"}
RESULT: {"using":"xpath","value":"//button[@data-kt=\"addButton\"]"}
COMMAND: POST /session/f2510c46535a82282fd70196afe2e571/elements - {"using":"xpath","value":"//button[@data-kt=\"addButton\"]"}
RESULT: {"using":"xpath","value":"//button[@data-kt=\"addButton\"]"}
COMMAND: POST /session/f2510c46535a82282fd70196afe2e571/elements - {"using":"xpath","value":"//button[@data-kt=\"addButton\"]"}
RESULT: {"using":"xpath","value":"//button[@data-kt=\"addButton\"]"}
COMMAND: POST /session/f2510c46535a82282fd70196afe2e571/elements - {"using":"xpath","value":"//button[@data-kt=\"addButton\"]"}
RESULT: {"using":"xpath","value":"//button[@data-kt=\"addButton\"]"}
COMMAND: POST /session/f2510c46535a82282fd70196afe2e571/elements - {"using":"xpath","value":"//button[@data-kt=\"addButton\"]"}
RESULT: {"using":"xpath","value":"//button[@data-kt=\"addButton\"]"}
COMMAND: POST /session/f2510c46535a82282fd70196afe2e571/elements - {"using":"xpath","value":"//button[@data-kt=\"addButton\"]"}
RESULT: {"using":"xpath","value":"//button[@data-kt=\"addButton\"]"}
COMMAND: POST /session/f2510c46535a82282fd70196afe2e571/elements - {"using":"xpath","value":"//button[@data-kt=\"addButton\"]"}
RESULT: {"using":"xpath","value":"//button[@data-kt=\"addButton\"]"}
COMMAND: POST /session/f2510c46535a82282fd70196afe2e571/elements - {"using":"xpath","value":"//button[@data-kt=\"addButton\"]"}
RESULT: {"using":"xpath","value":"//button[@data-kt=\"addButton\"]"}
COMMAND: GET /session/f2510c46535a82282fd70196afe2e571/screenshot - {}
RESULT: {}
COMMAND: GET /session/f2510c46535a82282fd70196afe2e571/screenshot - {}
COMMAND: GET /session/f2510c46535a82282fd70196afe2e571/screenshot - {}
RESULT: {}
RESULT: {}
COMMAND: DELETE /session/f2510c46535a82282fd70196afe2e571 - {}
RESULT: {}
]]></system-out>
      <system-err><![CDATA[
Error: element ("//button[@data-kt="addButton"]") still not existing after 45000ms
    at async UtilsPrerequisites.checkBilledUntilDate (D:\a\1\s\test\specs\BTS\prerequisites-and-utils-functions.js:2343:9)
    at async Context.<anonymous> (D:\a\1\s\test\specs\BTS\billing-calculation-transp-times.spec.js:161:9)
]]></system-err>
    </testcase>
  </testsuite>
</testsuites>