<?xml version="1.0" encoding="UTF-8"?>
<testsuites tests="4" failures="3" errors="3" skipped="0">
  <testsuite timestamp="2025-05-22T16:49:44" time="409.319" tests="4" failures="3" errors="3" skipped="0">
    <properties>
      <property name="specId" value="0"/>
      <property name="suiteName" value="ISC Create schedule with time schedule with counter US138269"/>
      <property name="capabilities" value="chrome.136_0_7103_93.windows"/>
      <property name="file" value="file:///D:/a/1/s/test/specs/ISC/create-schedule-with-time-schedule-with-counter.spec.js"/>
    </properties>
    <testcase classname="chrome.136_0_7103_93.windows.ISC_Create_schedule_with_time_schedule_with_counter_US138269" name="Should create a new RU with counter" time="146.692">
      <system-out><![CDATA[
COMMAND: POST /session/f23c62a335ede65311f3d1fa5a6085ab/execute/async - {"script":"<script> [1562 bytes]","args":[{"selector":{"controlType":"sap.m.GenericTile","properties":{"header":"Manage Resources"}},"wdio_ui5_key":"sapm.GenericTile{\"header\":\"Manage Resources\"}"}]}
RESULT: {"script":"<script> [1562 bytes]","args":[{"selector":{"controlType":"sap.m.GenericTile","properties":{"header":"Manage Resources"}},"wdio_ui5_key":"sapm.GenericTile{\"header\":\"Manage Resources\"}"}]}
RESULT: undefined
COMMAND: POST /session/f23c62a335ede65311f3d1fa5a6085ab/element - {"using":"xpath","value":"//*[@id=\"__tile39\"]"}
RESULT: {"using":"xpath","value":"//*[@id=\"__tile39\"]"}
COMMAND: POST /session/f23c62a335ede65311f3d1fa5a6085ab/element/f.EECC5A59339153F4E32AADCFCAFC18E9.d.15CA22CB8AFCB668A3722B8407F99264.e.118/click - {}
RESULT: {}
COMMAND: GET /session/f23c62a335ede65311f3d1fa5a6085ab/screenshot - {}
RESULT: {}
COMMAND: POST /session/f23c62a335ede65311f3d1fa5a6085ab/elements - {"using":"xpath","value":"//span[text()='Error']"}
RESULT: {"using":"xpath","value":"//span[text()='Error']"}
COMMAND: POST /session/f23c62a335ede65311f3d1fa5a6085ab/execute/async - {"script":"<script> [1562 bytes]","args":[{"selector":{"controlType":"sap.ui.core.Icon","viewName":"etm.portal.ui.manageresources.view.Master","viewId":"application-manageresources-display-component---masterRU","properties":{"src":{"regex":{"source":"add"}}}},"wdio_ui5_key":"etmportal.ui.manageresources.view.Mastersap.ui.core.Icon{\"src\":{\"regex\":{\"source\":\"add\"}}}"}]}
RESULT: {"script":"<script> [1562 bytes]","args":[{"selector":{"controlType":"sap.ui.core.Icon","viewName":"etm.portal.ui.manageresources.view.Master","viewId":"application-manageresources-display-component---masterRU","properties":{"src":{"regex":{"source":"add"}}}},"wdio_ui5_key":"etmportal.ui.manageresources.view.Mastersap.ui.core.Icon{\"src\":{\"regex\":{\"source\":\"add\"}}}"}]}
RESULT: undefined
COMMAND: POST /session/f23c62a335ede65311f3d1fa5a6085ab/element - {"using":"xpath","value":"//*[@id=\"__button5-img\"]"}
RESULT: {"using":"xpath","value":"//*[@id=\"__button5-img\"]"}
COMMAND: POST /session/f23c62a335ede65311f3d1fa5a6085ab/element/f.EECC5A59339153F4E32AADCFCAFC18E9.d.15CA22CB8AFCB668A3722B8407F99264.e.165/click - {}
RESULT: {}
COMMAND: GET /session/f23c62a335ede65311f3d1fa5a6085ab/screenshot - {}
RESULT: {}
COMMAND: POST /session/f23c62a335ede65311f3d1fa5a6085ab/execute/async - {"script":"<script> [1562 bytes]","args":[{"selector":{"id":"application-manageresources-display-component---newResourceUnit--TYPE-arrow"},"wdio_ui5_key":"applicationmanageresources-display-component---newResourceUnit--TYPE-arrow"}]}
RESULT: {"script":"<script> [1562 bytes]","args":[{"selector":{"id":"application-manageresources-display-component---newResourceUnit--TYPE-arrow"},"wdio_ui5_key":"applicationmanageresources-display-component---newResourceUnit--TYPE-arrow"}]}
RESULT: undefined
COMMAND: POST /session/f23c62a335ede65311f3d1fa5a6085ab/element - {"using":"xpath","value":"//*[@id=\"application-manageresources-display-component---newResourceUnit--TYPE-arrow\"]"}
RESULT: {"using":"xpath","value":"//*[@id=\"application-manageresources-display-component---newResourceUnit--TYPE-arrow\"]"}
COMMAND: POST /session/f23c62a335ede65311f3d1fa5a6085ab/element/f.EECC5A59339153F4E32AADCFCAFC18E9.d.15CA22CB8AFCB668A3722B8407F99264.e.484/click - {}
RESULT: {}
COMMAND: POST /session/f23c62a335ede65311f3d1fa5a6085ab/execute/async - {"script":"<script> [1562 bytes]","args":[{"selector":{"controlType":"sap.m.StandardListItem","viewName":"reusables.view.manageresources.NewResourceUnit","viewId":"application-manageresources-display-component---newResourceUnit","properties":{"title":"Equipment"},"searchOpenDialogs":true,"interaction":{"idSuffix":"content"}},"wdio_ui5_key":"reusablesview.manageresources.NewResourceUnitsap.m.StandardListItem{\"title\":\"Equipment\"}"}]}
COMMAND: GET /session/f23c62a335ede65311f3d1fa5a6085ab/screenshot - {}
RESULT: {"script":"<script> [1562 bytes]","args":[{"selector":{"controlType":"sap.m.StandardListItem","viewName":"reusables.view.manageresources.NewResourceUnit","viewId":"application-manageresources-display-component---newResourceUnit","properties":{"title":"Equipment"},"searchOpenDialogs":true,"interaction":{"idSuffix":"content"}},"wdio_ui5_key":"reusablesview.manageresources.NewResourceUnitsap.m.StandardListItem{\"title\":\"Equipment\"}"}]}
RESULT: undefined
COMMAND: POST /session/f23c62a335ede65311f3d1fa5a6085ab/element - {"using":"xpath","value":"//*[@id=\"__item140\"]"}
RESULT: {}
RESULT: {"using":"xpath","value":"//*[@id=\"__item140\"]"}
COMMAND: POST /session/f23c62a335ede65311f3d1fa5a6085ab/element/f.EECC5A59339153F4E32AADCFCAFC18E9.d.15CA22CB8AFCB668A3722B8407F99264.e.487/click - {}
RESULT: {}
COMMAND: POST /session/f23c62a335ede65311f3d1fa5a6085ab/execute/async - {"script":"<script> [1562 bytes]","args":[{"selector":{"id":"application-manageresources-display-component---newResourceUnit--resourceId","interaction":{"idSuffix":"inner"}},"wdio_ui5_key":"applicationmanageresources-display-component---newResourceUnit--resourceId"}]}
COMMAND: GET /session/f23c62a335ede65311f3d1fa5a6085ab/screenshot - {}
RESULT: {"script":"<script> [1562 bytes]","args":[{"selector":{"id":"application-manageresources-display-component---newResourceUnit--resourceId","interaction":{"idSuffix":"inner"}},"wdio_ui5_key":"applicationmanageresources-display-component---newResourceUnit--resourceId"}]}
RESULT: undefined
COMMAND: POST /session/f23c62a335ede65311f3d1fa5a6085ab/execute/async - {"script":"<script> [776 bytes]","args":[{"enterText":"EquipmentCounterbwn8z","selector":{"id":"application-manageresources-display-component---newResourceUnit--resourceId","interaction":{"idSuffix":"inner"}},"clearTextFirst":true,"interactionType":"ENTER_TEXT"}]}
RESULT: {}
RESULT: {"script":"<script> [776 bytes]","args":[{"enterText":"EquipmentCounterbwn8z","selector":{"id":"application-manageresources-display-component---newResourceUnit--resourceId","interaction":{"idSuffix":"inner"}},"clearTextFirst":true,"interactionType":"ENTER_TEXT"}]}
COMMAND: POST /session/f23c62a335ede65311f3d1fa5a6085ab/execute/async - {"script":"<script> [1562 bytes]","args":[{"selector":{"id":"application-manageresources-display-component---newResourceUnit--SHORT_TEXT","interaction":{"idSuffix":"inner"}},"wdio_ui5_key":"applicationmanageresources-display-component---newResourceUnit--SHORT_TEXT"}]}
RESULT: {"script":"<script> [1562 bytes]","args":[{"selector":{"id":"application-manageresources-display-component---newResourceUnit--SHORT_TEXT","interaction":{"idSuffix":"inner"}},"wdio_ui5_key":"applicationmanageresources-display-component---newResourceUnit--SHORT_TEXT"}]}
RESULT: undefined
COMMAND: POST /session/f23c62a335ede65311f3d1fa5a6085ab/execute/async - {"script":"<script> [776 bytes]","args":[{"enterText":"EquipmentCounterbwn8z","selector":{"id":"application-manageresources-display-component---newResourceUnit--SHORT_TEXT","interaction":{"idSuffix":"inner"}},"clearTextFirst":true,"interactionType":"ENTER_TEXT"}]}
RESULT: {"script":"<script> [776 bytes]","args":[{"enterText":"EquipmentCounterbwn8z","selector":{"id":"application-manageresources-display-component---newResourceUnit--SHORT_TEXT","interaction":{"idSuffix":"inner"}},"clearTextFirst":true,"interactionType":"ENTER_TEXT"}]}
COMMAND: POST /session/f23c62a335ede65311f3d1fa5a6085ab/execute/async - {"script":"<script> [1562 bytes]","args":[{"selector":{"id":"application-manageresources-display-component---newResourceUnit--BASE_UNIT_OF_MEASURE","interaction":{"idSuffix":"inner"}},"wdio_ui5_key":"applicationmanageresources-display-component---newResourceUnit--BASE_UNIT_OF_MEASURE"}]}
RESULT: {"script":"<script> [1562 bytes]","args":[{"selector":{"id":"application-manageresources-display-component---newResourceUnit--BASE_UNIT_OF_MEASURE","interaction":{"idSuffix":"inner"}},"wdio_ui5_key":"applicationmanageresources-display-component---newResourceUnit--BASE_UNIT_OF_MEASURE"}]}
RESULT: undefined
COMMAND: POST /session/f23c62a335ede65311f3d1fa5a6085ab/execute/async - {"script":"<script> [776 bytes]","args":[{"enterText":"Piece","selector":{"id":"application-manageresources-display-component---newResourceUnit--BASE_UNIT_OF_MEASURE","interaction":{"idSuffix":"inner"}},"clearTextFirst":true,"interactionType":"ENTER_TEXT"}]}
RESULT: {"script":"<script> [776 bytes]","args":[{"enterText":"Piece","selector":{"id":"application-manageresources-display-component---newResourceUnit--BASE_UNIT_OF_MEASURE","interaction":{"idSuffix":"inner"}},"clearTextFirst":true,"interactionType":"ENTER_TEXT"}]}
COMMAND: POST /session/f23c62a335ede65311f3d1fa5a6085ab/execute/async - {"script":"<script> [1562 bytes]","args":[{"selector":{"id":"application-manageresources-display-component---newResourceUnit--WEIGHT_UNIT","interaction":{"idSuffix":"inner"}},"wdio_ui5_key":"applicationmanageresources-display-component---newResourceUnit--WEIGHT_UNIT"}]}
RESULT: {"script":"<script> [1562 bytes]","args":[{"selector":{"id":"application-manageresources-display-component---newResourceUnit--WEIGHT_UNIT","interaction":{"idSuffix":"inner"}},"wdio_ui5_key":"applicationmanageresources-display-component---newResourceUnit--WEIGHT_UNIT"}]}
RESULT: undefined
COMMAND: POST /session/f23c62a335ede65311f3d1fa5a6085ab/execute/async - {"script":"<script> [776 bytes]","args":[{"enterText":"Gram","selector":{"id":"application-manageresources-display-component---newResourceUnit--WEIGHT_UNIT","interaction":{"idSuffix":"inner"}},"clearTextFirst":true,"interactionType":"ENTER_TEXT"}]}
RESULT: {"script":"<script> [776 bytes]","args":[{"enterText":"Gram","selector":{"id":"application-manageresources-display-component---newResourceUnit--WEIGHT_UNIT","interaction":{"idSuffix":"inner"}},"clearTextFirst":true,"interactionType":"ENTER_TEXT"}]}
COMMAND: POST /session/f23c62a335ede65311f3d1fa5a6085ab/execute/async - {"script":"<script> [1562 bytes]","args":[{"selector":{"id":"application-manageresources-display-component---newResourceUnit--newRRUPage-OPHeaderContent-collapseBtn-img"},"wdio_ui5_key":"applicationmanageresources-display-component---newResourceUnit--newRRUPage-OPHeaderContent-collapseBtn-img"}]}
RESULT: {"script":"<script> [1562 bytes]","args":[{"selector":{"id":"application-manageresources-display-component---newResourceUnit--newRRUPage-OPHeaderContent-collapseBtn-img"},"wdio_ui5_key":"applicationmanageresources-display-component---newResourceUnit--newRRUPage-OPHeaderContent-collapseBtn-img"}]}
RESULT: undefined
COMMAND: POST /session/f23c62a335ede65311f3d1fa5a6085ab/element - {"using":"xpath","value":"//*[@id=\"application-manageresources-display-component---newResourceUnit--newRRUPage-OPHeaderContent-collapseBtn-img\"]"}
RESULT: {"using":"xpath","value":"//*[@id=\"application-manageresources-display-component---newResourceUnit--newRRUPage-OPHeaderContent-collapseBtn-img\"]"}
COMMAND: POST /session/f23c62a335ede65311f3d1fa5a6085ab/element/f.EECC5A59339153F4E32AADCFCAFC18E9.d.15CA22CB8AFCB668A3722B8407F99264.e.495/click - {}
RESULT: {}
COMMAND: GET /session/f23c62a335ede65311f3d1fa5a6085ab/screenshot - {}
RESULT: {}
COMMAND: POST /session/f23c62a335ede65311f3d1fa5a6085ab/element - {"using":"xpath","value":"(//span[contains(@id ,\"application-manageresources-display-component---newResourceUnit--DIMENSION_UNIT-arrow\")])[1]"}
RESULT: {"using":"xpath","value":"(//span[contains(@id ,\"application-manageresources-display-component---newResourceUnit--DIMENSION_UNIT-arrow\")])[1]"}
COMMAND: POST /session/f23c62a335ede65311f3d1fa5a6085ab/element/f.EECC5A59339153F4E32AADCFCAFC18E9.d.15CA22CB8AFCB668A3722B8407F99264.e.616/click - {}
RESULT: {}
COMMAND: GET /session/f23c62a335ede65311f3d1fa5a6085ab/screenshot - {}
RESULT: {}
COMMAND: POST /session/f23c62a335ede65311f3d1fa5a6085ab/execute/async - {"script":"<script> [1562 bytes]","args":[{"selector":{"controlType":"sap.m.StandardListItem","viewName":"reusables.view.manageresources.NewResourceUnit","viewId":"application-manageresources-display-component---newResourceUnit","properties":{"title":"Centimeter"},"searchOpenDialogs":true,"interaction":{"idSuffix":"titleText"}},"wdio_ui5_key":"reusablesview.manageresources.NewResourceUnitsap.m.StandardListItem{\"title\":\"Centimeter\"}"}]}
RESULT: {"script":"<script> [1562 bytes]","args":[{"selector":{"controlType":"sap.m.StandardListItem","viewName":"reusables.view.manageresources.NewResourceUnit","viewId":"application-manageresources-display-component---newResourceUnit","properties":{"title":"Centimeter"},"searchOpenDialogs":true,"interaction":{"idSuffix":"titleText"}},"wdio_ui5_key":"reusablesview.manageresources.NewResourceUnitsap.m.StandardListItem{\"title\":\"Centimeter\"}"}]}
RESULT: undefined
COMMAND: POST /session/f23c62a335ede65311f3d1fa5a6085ab/element - {"using":"xpath","value":"//*[@id=\"__item181\"]"}
RESULT: {"using":"xpath","value":"//*[@id=\"__item181\"]"}
COMMAND: POST /session/f23c62a335ede65311f3d1fa5a6085ab/element/f.EECC5A59339153F4E32AADCFCAFC18E9.d.15CA22CB8AFCB668A3722B8407F99264.e.620/click - {}
RESULT: {}
COMMAND: GET /session/f23c62a335ede65311f3d1fa5a6085ab/screenshot - {}
RESULT: {}
COMMAND: POST /session/f23c62a335ede65311f3d1fa5a6085ab/execute/async - {"script":"<script> [1562 bytes]","args":[{"selector":{"id":"application-manageresources-display-component---newResourceUnit--newRRUPage-anchBar-application-manageresources-display-component---newResourceUnit--control-anchor","interaction":{"idSuffix":"BDI-content"}},"wdio_ui5_key":"applicationmanageresources-display-component---newResourceUnit--newRRUPage-anchBar-application-manageresources-display-component---newResourceUnit--control-anchor"}]}
RESULT: {"script":"<script> [1562 bytes]","args":[{"selector":{"id":"application-manageresources-display-component---newResourceUnit--newRRUPage-anchBar-application-manageresources-display-component---newResourceUnit--control-anchor","interaction":{"idSuffix":"BDI-content"}},"wdio_ui5_key":"applicationmanageresources-display-component---newResourceUnit--newRRUPage-anchBar-application-manageresources-display-component---newResourceUnit--control-anchor"}]}
RESULT: undefined
COMMAND: POST /session/f23c62a335ede65311f3d1fa5a6085ab/element - {"using":"xpath","value":"//*[@id=\"application-manageresources-display-component---newResourceUnit--newRRUPage-anchBar-application-manageresources-display-component---newResourceUnit--control-anchor\"]"}
RESULT: {"using":"xpath","value":"//*[@id=\"application-manageresources-display-component---newResourceUnit--newRRUPage-anchBar-application-manageresources-display-component---newResourceUnit--control-anchor\"]"}
COMMAND: POST /session/f23c62a335ede65311f3d1fa5a6085ab/element/f.EECC5A59339153F4E32AADCFCAFC18E9.d.15CA22CB8AFCB668A3722B8407F99264.e.622/click - {}
RESULT: {}
COMMAND: POST /session/f23c62a335ede65311f3d1fa5a6085ab/execute/async - {"script":"<script> [1562 bytes]","args":[{"selector":{"id":"application-manageresources-display-component---newResourceUnit--PLANNING_GROUP","interaction":{"idSuffix":"inner"}},"wdio_ui5_key":"applicationmanageresources-display-component---newResourceUnit--PLANNING_GROUP"}]}
COMMAND: GET /session/f23c62a335ede65311f3d1fa5a6085ab/screenshot - {}
RESULT: {"script":"<script> [1562 bytes]","args":[{"selector":{"id":"application-manageresources-display-component---newResourceUnit--PLANNING_GROUP","interaction":{"idSuffix":"inner"}},"wdio_ui5_key":"applicationmanageresources-display-component---newResourceUnit--PLANNING_GROUP"}]}
RESULT: undefined
COMMAND: POST /session/f23c62a335ede65311f3d1fa5a6085ab/execute/async - {"script":"<script> [776 bytes]","args":[{"enterText":"Heavy Equi","selector":{"id":"application-manageresources-display-component---newResourceUnit--PLANNING_GROUP","interaction":{"idSuffix":"inner"}},"clearTextFirst":true,"interactionType":"ENTER_TEXT"}]}
RESULT: {}
RESULT: {"script":"<script> [776 bytes]","args":[{"enterText":"Heavy Equi","selector":{"id":"application-manageresources-display-component---newResourceUnit--PLANNING_GROUP","interaction":{"idSuffix":"inner"}},"clearTextFirst":true,"interactionType":"ENTER_TEXT"}]}
COMMAND: POST /session/f23c62a335ede65311f3d1fa5a6085ab/execute/async - {"script":"<script> [1562 bytes]","args":[{"selector":{"id":"application-manageresources-display-component---newResourceUnit--ITEM_TYPE-arrow"},"wdio_ui5_key":"applicationmanageresources-display-component---newResourceUnit--ITEM_TYPE-arrow"}]}
RESULT: {"script":"<script> [1562 bytes]","args":[{"selector":{"id":"application-manageresources-display-component---newResourceUnit--ITEM_TYPE-arrow"},"wdio_ui5_key":"applicationmanageresources-display-component---newResourceUnit--ITEM_TYPE-arrow"}]}
RESULT: undefined
COMMAND: POST /session/f23c62a335ede65311f3d1fa5a6085ab/element - {"using":"xpath","value":"//*[@id=\"application-manageresources-display-component---newResourceUnit--ITEM_TYPE-arrow\"]"}
RESULT: {"using":"xpath","value":"//*[@id=\"application-manageresources-display-component---newResourceUnit--ITEM_TYPE-arrow\"]"}
COMMAND: POST /session/f23c62a335ede65311f3d1fa5a6085ab/element/f.EECC5A59339153F4E32AADCFCAFC18E9.d.15CA22CB8AFCB668A3722B8407F99264.e.627/click - {}
RESULT: {}
COMMAND: POST /session/f23c62a335ede65311f3d1fa5a6085ab/execute/async - {"script":"<script> [1562 bytes]","args":[{"selector":{"controlType":"sap.m.StandardListItem","viewName":"reusables.view.manageresources.NewResourceUnit","viewId":"application-manageresources-display-component---newResourceUnit","properties":{"title":"Resource Unit"},"searchOpenDialogs":true,"interaction":{"idSuffix":"titleText"}},"wdio_ui5_key":"reusablesview.manageresources.NewResourceUnitsap.m.StandardListItem{\"title\":\"Resource Unit\"}"}]}
COMMAND: GET /session/f23c62a335ede65311f3d1fa5a6085ab/screenshot - {}
RESULT: {"script":"<script> [1562 bytes]","args":[{"selector":{"controlType":"sap.m.StandardListItem","viewName":"reusables.view.manageresources.NewResourceUnit","viewId":"application-manageresources-display-component---newResourceUnit","properties":{"title":"Resource Unit"},"searchOpenDialogs":true,"interaction":{"idSuffix":"titleText"}},"wdio_ui5_key":"reusablesview.manageresources.NewResourceUnitsap.m.StandardListItem{\"title\":\"Resource Unit\"}"}]}
RESULT: undefined
COMMAND: POST /session/f23c62a335ede65311f3d1fa5a6085ab/element - {"using":"xpath","value":"//*[@id=\"__item203\"]"}
RESULT: {}
RESULT: {"using":"xpath","value":"//*[@id=\"__item203\"]"}
COMMAND: POST /session/f23c62a335ede65311f3d1fa5a6085ab/element/f.EECC5A59339153F4E32AADCFCAFC18E9.d.15CA22CB8AFCB668A3722B8407F99264.e.629/click - {}
RESULT: {}
COMMAND: POST /session/f23c62a335ede65311f3d1fa5a6085ab/element - {"using":"xpath","value":"//bdi[contains(text(), \"Time Segment\")]"}
COMMAND: GET /session/f23c62a335ede65311f3d1fa5a6085ab/screenshot - {}
RESULT: {"using":"xpath","value":"//bdi[contains(text(), \"Time Segment\")]"}
COMMAND: GET /session/f23c62a335ede65311f3d1fa5a6085ab/element/f.EECC5A59339153F4E32AADCFCAFC18E9.d.15CA22CB8AFCB668A3722B8407F99264.e.630/rect - {}
RESULT: {}
RESULT: {}
COMMAND: GET /session/f23c62a335ede65311f3d1fa5a6085ab/window/rect - {}
RESULT: {}
COMMAND: POST /session/f23c62a335ede65311f3d1fa5a6085ab/execute/sync - {"script":"<script> [92 bytes]","args":[]}
RESULT: {"script":"<script> [92 bytes]","args":[]}
COMMAND: POST /session/f23c62a335ede65311f3d1fa5a6085ab/actions - {"actions":[{"id":"action1","type":"wheel","parameters":{},"actions":[{"type":"scroll","x":-1820,"y":-21,"deltaX":0,"deltaY":0,"duration":0,"origin":{"element-6066-11e4-a52e-4f735466cecf":"f.EECC5A59339153F4E32AADCFCAFC18E9.d.15CA22CB8AFCB668A3722B8407F99264.e.630"}}]}]}
COMMAND: GET /session/f23c62a335ede65311f3d1fa5a6085ab/screenshot - {}
RESULT: {}
COMMAND: POST /session/f23c62a335ede65311f3d1fa5a6085ab/execute/sync - {"script":"<script> [79 bytes]","args":[{"element-6066-11e4-a52e-4f735466cecf":"f.EECC5A59339153F4E32AADCFCAFC18E9.d.15CA22CB8AFCB668A3722B8407F99264.e.630","ELEMENT":"f.EECC5A59339153F4E32AADCFCAFC18E9.d.15CA22CB8AFCB668A3722B8407F99264.e.630"},{"block":"start","inline":"nearest"}]}
RESULT: {"script":"<script> [79 bytes]","args":[{"element-6066-11e4-a52e-4f735466cecf":"f.EECC5A59339153F4E32AADCFCAFC18E9.d.15CA22CB8AFCB668A3722B8407F99264.e.630","ELEMENT":"f.EECC5A59339153F4E32AADCFCAFC18E9.d.15CA22CB8AFCB668A3722B8407F99264.e.630"},{"block":"start","inline":"nearest"}]}
COMMAND: POST /session/f23c62a335ede65311f3d1fa5a6085ab/execute/async - {"script":"<script> [1562 bytes]","args":[{"selector":{"id":"application-manageresources-display-component---newResourceUnit--btnAddTimeSegment-img"},"wdio_ui5_key":"applicationmanageresources-display-component---newResourceUnit--btnAddTimeSegment-img"}]}
COMMAND: GET /session/f23c62a335ede65311f3d1fa5a6085ab/screenshot - {}
RESULT: {"script":"<script> [1562 bytes]","args":[{"selector":{"id":"application-manageresources-display-component---newResourceUnit--btnAddTimeSegment-img"},"wdio_ui5_key":"applicationmanageresources-display-component---newResourceUnit--btnAddTimeSegment-img"}]}
RESULT: undefined
COMMAND: POST /session/f23c62a335ede65311f3d1fa5a6085ab/element - {"using":"xpath","value":"//*[@id=\"application-manageresources-display-component---newResourceUnit--btnAddTimeSegment-img\"]"}
RESULT: {}
RESULT: {"using":"xpath","value":"//*[@id=\"application-manageresources-display-component---newResourceUnit--btnAddTimeSegment-img\"]"}
COMMAND: POST /session/f23c62a335ede65311f3d1fa5a6085ab/element/f.EECC5A59339153F4E32AADCFCAFC18E9.d.15CA22CB8AFCB668A3722B8407F99264.e.633/click - {}
RESULT: {}
COMMAND: POST /session/f23c62a335ede65311f3d1fa5a6085ab/element - {"using":"xpath","value":"//input[@id=\"application-manageresources-display-component---newResourceUnit--idRuTSAdmin-application-manageresources-display-component---newResourceUnit--RUTimeSegment-0-inner\"]"}
COMMAND: GET /session/f23c62a335ede65311f3d1fa5a6085ab/screenshot - {}
RESULT: {"using":"xpath","value":"//input[@id=\"application-manageresources-display-component---newResourceUnit--idRuTSAdmin-application-manageresources-display-component---newResourceUnit--RUTimeSegment-0-inner\"]"}
COMMAND: POST /session/f23c62a335ede65311f3d1fa5a6085ab/element/f.EECC5A59339153F4E32AADCFCAFC18E9.d.15CA22CB8AFCB668A3722B8407F99264.e.636/clear - {}
RESULT: {}
RESULT: {}
COMMAND: POST /session/f23c62a335ede65311f3d1fa5a6085ab/element/f.EECC5A59339153F4E32AADCFCAFC18E9.d.15CA22CB8AFCB668A3722B8407F99264.e.636/value - {"text":"Webdriver Yard"}
COMMAND: GET /session/f23c62a335ede65311f3d1fa5a6085ab/screenshot - {}
RESULT: {"text":"Webdriver Yard"}
COMMAND: GET /session/f23c62a335ede65311f3d1fa5a6085ab/screenshot - {}
RESULT: {}
RESULT: {}
COMMAND: POST /session/f23c62a335ede65311f3d1fa5a6085ab/actions - {"actions":[{"id":"action2","type":"key","parameters":{},"actions":[{"type":"keyDown","value":""},{"type":"pause","duration":10},{"type":"keyUp","value":""}]}]}
RESULT: {"actions":[{"id":"action2","type":"key","parameters":{},"actions":[{"type":"keyDown","value":""},{"type":"pause","duration":10},{"type":"keyUp","value":""}]}]}
COMMAND: POST /session/f23c62a335ede65311f3d1fa5a6085ab/execute/async - {"script":"<script> [1562 bytes]","args":[{"selector":{"controlType":"sap.ui.core.Icon","viewName":"reusables.view.manageresources.NewResourceUnit","viewId":"application-manageresources-display-component---newResourceUnit","properties":{"src":{"regex":{"source":"slim\\-arrow\\-down"}}},"ancestor":{"controlType":"sap.m.ComboBox","viewName":"reusables.view.manageresources.NewResourceUnit","viewId":"application-manageresources-display-component---newResourceUnit","bindingPath":{"path":"/RESOURCE_UNIT_TIME_SEQUENCES/0","propertyPath":"COST_OBJECT_ADMIN_CST_TYPE","modelName":"oNewRruModel"}}},"wdio_ui5_key":"reusablesview.manageresources.NewResourceUnitsap.ui.core.Icon{\"src\":{\"regex\":{\"source\":\"slim\\\\-arrow\\\\-down\"}}}{\"controlType\":\"sap.m.ComboBox\",\"viewName\":\"reusables.view.manageresources.NewResourceUnit\",\"viewId\":\"application-manageresources-display-component---newResourceUnit\",\"bindingPath\":{\"path\":\"/RESOURCE_UNIT_TIME_SEQUENCES/0\",\"propertyPath\":\"COST_OBJECT_ADMIN_CST_TYPE\",\"modelName\":\"oNewRruModel\"}}"}]}
COMMAND: GET /session/f23c62a335ede65311f3d1fa5a6085ab/screenshot - {}
RESULT: {"script":"<script> [1562 bytes]","args":[{"selector":{"controlType":"sap.ui.core.Icon","viewName":"reusables.view.manageresources.NewResourceUnit","viewId":"application-manageresources-display-component---newResourceUnit","properties":{"src":{"regex":{"source":"slim\\-arrow\\-down"}}},"ancestor":{"controlType":"sap.m.ComboBox","viewName":"reusables.view.manageresources.NewResourceUnit","viewId":"application-manageresources-display-component---newResourceUnit","bindingPath":{"path":"/RESOURCE_UNIT_TIME_SEQUENCES/0","propertyPath":"COST_OBJECT_ADMIN_CST_TYPE","modelName":"oNewRruModel"}}},"wdio_ui5_key":"reusablesview.manageresources.NewResourceUnitsap.ui.core.Icon{\"src\":{\"regex\":{\"source\":\"slim\\\\-arrow\\\\-down\"}}}{\"controlType\":\"sap.m.ComboBox\",\"viewName\":\"reusables.view.manageresources.NewResourceUnit\",\"viewId\":\"application-manageresources-display-component---newResourceUnit\",\"bindingPath\":{\"path\":\"/RESOURCE_UNIT_TIME_SEQUENCES/0\",\"propertyPath\":\"COST_OBJECT_ADMIN_CST_TYPE\",\"modelName\":\"oNewRruModel\"}}"}]}
RESULT: undefined
COMMAND: POST /session/f23c62a335ede65311f3d1fa5a6085ab/element - {"using":"xpath","value":"//*[@id=\"__box5-application-manageresources-display-component---newResourceUnit--RUTimeSegment-0-arrow\"]"}
RESULT: {}
RESULT: {"using":"xpath","value":"//*[@id=\"__box5-application-manageresources-display-component---newResourceUnit--RUTimeSegment-0-arrow\"]"}
COMMAND: POST /session/f23c62a335ede65311f3d1fa5a6085ab/element/f.EECC5A59339153F4E32AADCFCAFC18E9.d.15CA22CB8AFCB668A3722B8407F99264.e.650/click - {}
RESULT: {}
COMMAND: POST /session/f23c62a335ede65311f3d1fa5a6085ab/execute/async - {"script":"<script> [1562 bytes]","args":[{"selector":{"controlType":"sap.m.StandardListItem","viewName":"reusables.view.manageresources.NewResourceUnit","viewId":"application-manageresources-display-component---newResourceUnit","properties":{"title":"PM Order"},"searchOpenDialogs":true,"interaction":{"idSuffix":"titleText"}},"wdio_ui5_key":"reusablesview.manageresources.NewResourceUnitsap.m.StandardListItem{\"title\":\"PM Order\"}"}]}
COMMAND: GET /session/f23c62a335ede65311f3d1fa5a6085ab/screenshot - {}
RESULT: {"script":"<script> [1562 bytes]","args":[{"selector":{"controlType":"sap.m.StandardListItem","viewName":"reusables.view.manageresources.NewResourceUnit","viewId":"application-manageresources-display-component---newResourceUnit","properties":{"title":"PM Order"},"searchOpenDialogs":true,"interaction":{"idSuffix":"titleText"}},"wdio_ui5_key":"reusablesview.manageresources.NewResourceUnitsap.m.StandardListItem{\"title\":\"PM Order\"}"}]}
RESULT: undefined
COMMAND: POST /session/f23c62a335ede65311f3d1fa5a6085ab/element - {"using":"xpath","value":"//*[@id=\"__item806\"]"}
RESULT: {}
RESULT: {"using":"xpath","value":"//*[@id=\"__item806\"]"}
COMMAND: POST /session/f23c62a335ede65311f3d1fa5a6085ab/element/f.EECC5A59339153F4E32AADCFCAFC18E9.d.15CA22CB8AFCB668A3722B8407F99264.e.654/click - {}
RESULT: {}
COMMAND: GET /session/f23c62a335ede65311f3d1fa5a6085ab/screenshot - {}
RESULT: {}
COMMAND: POST /session/f23c62a335ede65311f3d1fa5a6085ab/element - {"using":"xpath","value":"(//input[contains(@id ,\"-application-manageresources-display-component---newResourceUnit--RUTimeSegment-0-inner\")])[8]"}
RESULT: {"using":"xpath","value":"(//input[contains(@id ,\"-application-manageresources-display-component---newResourceUnit--RUTimeSegment-0-inner\")])[8]"}
COMMAND: POST /session/f23c62a335ede65311f3d1fa5a6085ab/element/f.EECC5A59339153F4E32AADCFCAFC18E9.d.15CA22CB8AFCB668A3722B8407F99264.e.657/clear - {}
RESULT: {}
COMMAND: POST /session/f23c62a335ede65311f3d1fa5a6085ab/element/f.EECC5A59339153F4E32AADCFCAFC18E9.d.15CA22CB8AFCB668A3722B8407F99264.e.657/value - {"text":"4000360"}
COMMAND: GET /session/f23c62a335ede65311f3d1fa5a6085ab/screenshot - {}
RESULT: {"text":"4000360"}
COMMAND: GET /session/f23c62a335ede65311f3d1fa5a6085ab/screenshot - {}
RESULT: {}
RESULT: {}
COMMAND: POST /session/f23c62a335ede65311f3d1fa5a6085ab/actions - {"actions":[{"id":"action3","type":"key","parameters":{},"actions":[{"type":"keyDown","value":""},{"type":"pause","duration":10},{"type":"keyUp","value":""}]}]}
RESULT: {"actions":[{"id":"action3","type":"key","parameters":{},"actions":[{"type":"keyDown","value":""},{"type":"pause","duration":10},{"type":"keyUp","value":""}]}]}
COMMAND: GET /session/f23c62a335ede65311f3d1fa5a6085ab/screenshot - {}
RESULT: {}
COMMAND: POST /session/f23c62a335ede65311f3d1fa5a6085ab/element - {"using":"xpath","value":"//input[contains(@id ,\"application-manageresources-display-component---newResourceUnit--newTimeSegmentFromDatePicker-application-manageresources-display-component---newResourceUnit--RUTimeSegment-0-inner\")]"}
RESULT: {"using":"xpath","value":"//input[contains(@id ,\"application-manageresources-display-component---newResourceUnit--newTimeSegmentFromDatePicker-application-manageresources-display-component---newResourceUnit--RUTimeSegment-0-inner\")]"}
COMMAND: POST /session/f23c62a335ede65311f3d1fa5a6085ab/element/f.EECC5A59339153F4E32AADCFCAFC18E9.d.15CA22CB8AFCB668A3722B8407F99264.e.645/clear - {}
RESULT: {}
COMMAND: POST /session/f23c62a335ede65311f3d1fa5a6085ab/element/f.EECC5A59339153F4E32AADCFCAFC18E9.d.15CA22CB8AFCB668A3722B8407F99264.e.645/clear - {}
COMMAND: GET /session/f23c62a335ede65311f3d1fa5a6085ab/screenshot - {}
RESULT: {}
COMMAND: POST /session/f23c62a335ede65311f3d1fa5a6085ab/element/f.EECC5A59339153F4E32AADCFCAFC18E9.d.15CA22CB8AFCB668A3722B8407F99264.e.645/value - {"text":"06/27/24"}
COMMAND: GET /session/f23c62a335ede65311f3d1fa5a6085ab/screenshot - {}
RESULT: {}
RESULT: {"text":"06/27/24"}
COMMAND: POST /session/f23c62a335ede65311f3d1fa5a6085ab/execute/async - {"script":"<script> [1562 bytes]","args":[{"selector":{"id":"application-manageresources-display-component---newResourceUnit--newRRUPage-anchBar-application-manageresources-display-component---newResourceUnit--resource-anchor","interaction":{"idSuffix":"BDI-content"}},"wdio_ui5_key":"applicationmanageresources-display-component---newResourceUnit--newRRUPage-anchBar-application-manageresources-display-component---newResourceUnit--resource-anchor"}]}
COMMAND: GET /session/f23c62a335ede65311f3d1fa5a6085ab/screenshot - {}
RESULT: {}
RESULT: {"script":"<script> [1562 bytes]","args":[{"selector":{"id":"application-manageresources-display-component---newResourceUnit--newRRUPage-anchBar-application-manageresources-display-component---newResourceUnit--resource-anchor","interaction":{"idSuffix":"BDI-content"}},"wdio_ui5_key":"applicationmanageresources-display-component---newResourceUnit--newRRUPage-anchBar-application-manageresources-display-component---newResourceUnit--resource-anchor"}]}
RESULT: undefined
COMMAND: POST /session/f23c62a335ede65311f3d1fa5a6085ab/element - {"using":"xpath","value":"//*[@id=\"application-manageresources-display-component---newResourceUnit--newRRUPage-anchBar-application-manageresources-display-component---newResourceUnit--resource-anchor\"]"}
RESULT: {}
RESULT: {"using":"xpath","value":"//*[@id=\"application-manageresources-display-component---newResourceUnit--newRRUPage-anchBar-application-manageresources-display-component---newResourceUnit--resource-anchor\"]"}
COMMAND: POST /session/f23c62a335ede65311f3d1fa5a6085ab/element/f.EECC5A59339153F4E32AADCFCAFC18E9.d.15CA22CB8AFCB668A3722B8407F99264.e.678/click - {}
RESULT: {}
COMMAND: POST /session/f23c62a335ede65311f3d1fa5a6085ab/execute/async - {"script":"<script> [1562 bytes]","args":[{"selector":{"id":"application-manageresources-display-component---newResourceUnit--PLANNED_DELIVERY_DATE","interaction":{"idSuffix":"inner"}},"wdio_ui5_key":"applicationmanageresources-display-component---newResourceUnit--PLANNED_DELIVERY_DATE"}]}
COMMAND: GET /session/f23c62a335ede65311f3d1fa5a6085ab/screenshot - {}
RESULT: {"script":"<script> [1562 bytes]","args":[{"selector":{"id":"application-manageresources-display-component---newResourceUnit--PLANNED_DELIVERY_DATE","interaction":{"idSuffix":"inner"}},"wdio_ui5_key":"applicationmanageresources-display-component---newResourceUnit--PLANNED_DELIVERY_DATE"}]}
RESULT: undefined
COMMAND: POST /session/f23c62a335ede65311f3d1fa5a6085ab/execute/async - {"script":"<script> [6424 bytes]","args":[{"element-6066-11e4-a52e-4f735466cecf":"f.EECC5A59339153F4E32AADCFCAFC18E9.d.15CA22CB8AFCB668A3722B8407F99264.e.541"},"setValue",["06/27/24"]]}
RESULT: {}
RESULT: {"script":"<script> [6424 bytes]","args":[{"element-6066-11e4-a52e-4f735466cecf":"f.EECC5A59339153F4E32AADCFCAFC18E9.d.15CA22CB8AFCB668A3722B8407F99264.e.541"},"setValue",["06/27/24"]]}
COMMAND: POST /session/f23c62a335ede65311f3d1fa5a6085ab/execute/async - {"script":"<script> [1562 bytes]","args":[{"selector":{"id":"application-manageresources-display-component---newResourceUnit--RETIRE_PLANNED_DATE","interaction":{"idSuffix":"inner"}},"wdio_ui5_key":"applicationmanageresources-display-component---newResourceUnit--RETIRE_PLANNED_DATE"}]}
RESULT: {"script":"<script> [1562 bytes]","args":[{"selector":{"id":"application-manageresources-display-component---newResourceUnit--RETIRE_PLANNED_DATE","interaction":{"idSuffix":"inner"}},"wdio_ui5_key":"applicationmanageresources-display-component---newResourceUnit--RETIRE_PLANNED_DATE"}]}
RESULT: undefined
COMMAND: POST /session/f23c62a335ede65311f3d1fa5a6085ab/execute/async - {"script":"<script> [776 bytes]","args":[{"enterText":"3/14/29","selector":{"id":"application-manageresources-display-component---newResourceUnit--RETIRE_PLANNED_DATE","interaction":{"idSuffix":"inner"}},"clearTextFirst":true,"interactionType":"ENTER_TEXT"}]}
RESULT: {"script":"<script> [776 bytes]","args":[{"enterText":"3/14/29","selector":{"id":"application-manageresources-display-component---newResourceUnit--RETIRE_PLANNED_DATE","interaction":{"idSuffix":"inner"}},"clearTextFirst":true,"interactionType":"ENTER_TEXT"}]}
COMMAND: POST /session/f23c62a335ede65311f3d1fa5a6085ab/execute/async - {"script":"<script> [1562 bytes]","args":[{"selector":{"controlType":"sap.m.Button","viewName":"reusables.view.manageresources.NewResourceUnit","viewId":"application-manageresources-display-component---newResourceUnit","i18NText":{"propertyName":"tooltip","key":"save"},"interaction":{"idSuffix":"BDI-content"}},"wdio_ui5_key":"reusablesview.manageresources.NewResourceUnitsap.m.Button{\"propertyName\":\"tooltip\",\"key\":\"save\"}"}]}
RESULT: {"script":"<script> [1562 bytes]","args":[{"selector":{"controlType":"sap.m.Button","viewName":"reusables.view.manageresources.NewResourceUnit","viewId":"application-manageresources-display-component---newResourceUnit","i18NText":{"propertyName":"tooltip","key":"save"},"interaction":{"idSuffix":"BDI-content"}},"wdio_ui5_key":"reusablesview.manageresources.NewResourceUnitsap.m.Button{\"propertyName\":\"tooltip\",\"key\":\"save\"}"}]}
RESULT: undefined
COMMAND: POST /session/f23c62a335ede65311f3d1fa5a6085ab/element - {"using":"xpath","value":"//*[@id=\"application-manageresources-display-component---newResourceUnit--createRuButton\"]"}
RESULT: {"using":"xpath","value":"//*[@id=\"application-manageresources-display-component---newResourceUnit--createRuButton\"]"}
COMMAND: POST /session/f23c62a335ede65311f3d1fa5a6085ab/element/f.EECC5A59339153F4E32AADCFCAFC18E9.d.15CA22CB8AFCB668A3722B8407F99264.e.501/click - {}
RESULT: {}
COMMAND: GET /session/f23c62a335ede65311f3d1fa5a6085ab/screenshot - {}
RESULT: {}
COMMAND: POST /session/f23c62a335ede65311f3d1fa5a6085ab/execute/async - {"script":"<script> [1562 bytes]","args":[{"selector":{"controlType":"sap.m.Button","properties":{"text":"Close"},"searchOpenDialogs":true,"interaction":{"idSuffix":"inner"}},"wdio_ui5_key":"sapm.Button{\"text\":\"Close\"}"}]}
RESULT: {"script":"<script> [1562 bytes]","args":[{"selector":{"controlType":"sap.m.Button","properties":{"text":"Close"},"searchOpenDialogs":true,"interaction":{"idSuffix":"inner"}},"wdio_ui5_key":"sapm.Button{\"text\":\"Close\"}"}]}
RESULT: undefined
COMMAND: POST /session/f23c62a335ede65311f3d1fa5a6085ab/element - {"using":"xpath","value":"//*[@id=\"__mbox-btn-0\"]"}
RESULT: {"using":"xpath","value":"//*[@id=\"__mbox-btn-0\"]"}
COMMAND: POST /session/f23c62a335ede65311f3d1fa5a6085ab/element/f.EECC5A59339153F4E32AADCFCAFC18E9.d.15CA22CB8AFCB668A3722B8407F99264.e.686/click - {}
RESULT: {}
COMMAND: GET /session/f23c62a335ede65311f3d1fa5a6085ab/screenshot - {}
RESULT: {}
COMMAND: POST /session/f23c62a335ede65311f3d1fa5a6085ab/execute/async - {"script":"<script> [1562 bytes]","args":[{"selector":{"controlType":"sap.m.Text","viewName":"etm.portal.ui.manageresources.view.Detail","viewId":"application-manageresources-display-component---detailRU","bindingPath":{"propertyPath":"ID","modelName":"catalogModel"}},"wdio_ui5_key":"etmportal.ui.manageresources.view.Detailsap.m.Text{\"propertyPath\":\"ID\",\"modelName\":\"catalogModel\"}"}]}
RESULT: {"script":"<script> [1562 bytes]","args":[{"selector":{"controlType":"sap.m.Text","viewName":"etm.portal.ui.manageresources.view.Detail","viewId":"application-manageresources-display-component---detailRU","bindingPath":{"propertyPath":"ID","modelName":"catalogModel"}},"wdio_ui5_key":"etmportal.ui.manageresources.view.Detailsap.m.Text{\"propertyPath\":\"ID\",\"modelName\":\"catalogModel\"}"}]}
RESULT: undefined
COMMAND: POST /session/f23c62a335ede65311f3d1fa5a6085ab/execute/async - {"script":"<script> [6424 bytes]","args":[{"element-6066-11e4-a52e-4f735466cecf":"f.EECC5A59339153F4E32AADCFCAFC18E9.d.15CA22CB8AFCB668A3722B8407F99264.e.743"},"getText",[]]}
RESULT: {"script":"<script> [6424 bytes]","args":[{"element-6066-11e4-a52e-4f735466cecf":"f.EECC5A59339153F4E32AADCFCAFC18E9.d.15CA22CB8AFCB668A3722B8407F99264.e.743"},"getText",[]]}
COMMAND: POST /session/f23c62a335ede65311f3d1fa5a6085ab/element - {"using":"xpath","value":"//*[text()=\"Edit\"]"}
RESULT: {"using":"xpath","value":"//*[text()=\"Edit\"]"}
COMMAND: POST /session/f23c62a335ede65311f3d1fa5a6085ab/execute/sync - {"script":"<script> [8489 bytes]","args":[{"element-6066-11e4-a52e-4f735466cecf":"f.EECC5A59339153F4E32AADCFCAFC18E9.d.15CA22CB8AFCB668A3722B8407F99264.e.744","ELEMENT":"f.EECC5A59339153F4E32AADCFCAFC18E9.d.15CA22CB8AFCB668A3722B8407F99264.e.744"}]}
RESULT: {"script":"<script> [8489 bytes]","args":[{"element-6066-11e4-a52e-4f735466cecf":"f.EECC5A59339153F4E32AADCFCAFC18E9.d.15CA22CB8AFCB668A3722B8407F99264.e.744","ELEMENT":"f.EECC5A59339153F4E32AADCFCAFC18E9.d.15CA22CB8AFCB668A3722B8407F99264.e.744"}]}
COMMAND: POST /session/f23c62a335ede65311f3d1fa5a6085ab/execute/sync - {"script":"<script> [5351 bytes]","args":[{"element-6066-11e4-a52e-4f735466cecf":"f.EECC5A59339153F4E32AADCFCAFC18E9.d.15CA22CB8AFCB668A3722B8407F99264.e.744","ELEMENT":"f.EECC5A59339153F4E32AADCFCAFC18E9.d.15CA22CB8AFCB668A3722B8407F99264.e.744"}]}
COMMAND: GET /session/f23c62a335ede65311f3d1fa5a6085ab/screenshot - {}
RESULT: {"script":"<script> [5351 bytes]","args":[{"element-6066-11e4-a52e-4f735466cecf":"f.EECC5A59339153F4E32AADCFCAFC18E9.d.15CA22CB8AFCB668A3722B8407F99264.e.744","ELEMENT":"f.EECC5A59339153F4E32AADCFCAFC18E9.d.15CA22CB8AFCB668A3722B8407F99264.e.744"}]}
COMMAND: POST /session/f23c62a335ede65311f3d1fa5a6085ab/element/f.EECC5A59339153F4E32AADCFCAFC18E9.d.15CA22CB8AFCB668A3722B8407F99264.e.744/click - {}
COMMAND: GET /session/f23c62a335ede65311f3d1fa5a6085ab/screenshot - {}
RESULT: {}
RESULT: {}
COMMAND: GET /session/f23c62a335ede65311f3d1fa5a6085ab/screenshot - {}
RESULT: {}
RESULT: {}
COMMAND: POST /session/f23c62a335ede65311f3d1fa5a6085ab/element - {"using":"xpath","value":"//div[contains(@id ,\"application-manageresources-display-component---editResource--counters-title\")]"}
RESULT: {"using":"xpath","value":"//div[contains(@id ,\"application-manageresources-display-component---editResource--counters-title\")]"}
COMMAND: GET /session/f23c62a335ede65311f3d1fa5a6085ab/element/f.EECC5A59339153F4E32AADCFCAFC18E9.d.15CA22CB8AFCB668A3722B8407F99264.e.831/rect - {}
RESULT: {}
COMMAND: GET /session/f23c62a335ede65311f3d1fa5a6085ab/window/rect - {}
RESULT: {}
COMMAND: POST /session/f23c62a335ede65311f3d1fa5a6085ab/execute/sync - {"script":"<script> [92 bytes]","args":[]}
RESULT: {"script":"<script> [92 bytes]","args":[]}
COMMAND: POST /session/f23c62a335ede65311f3d1fa5a6085ab/actions - {"actions":[{"id":"action4","type":"wheel","parameters":{},"actions":[{"type":"scroll","x":-1864,"y":2107,"deltaX":0,"deltaY":0,"duration":0,"origin":{"element-6066-11e4-a52e-4f735466cecf":"f.EECC5A59339153F4E32AADCFCAFC18E9.d.15CA22CB8AFCB668A3722B8407F99264.e.831"}}]}]}
COMMAND: GET /session/f23c62a335ede65311f3d1fa5a6085ab/screenshot - {}
RESULT: {}
COMMAND: POST /session/f23c62a335ede65311f3d1fa5a6085ab/execute/sync - {"script":"<script> [79 bytes]","args":[{"element-6066-11e4-a52e-4f735466cecf":"f.EECC5A59339153F4E32AADCFCAFC18E9.d.15CA22CB8AFCB668A3722B8407F99264.e.831","ELEMENT":"f.EECC5A59339153F4E32AADCFCAFC18E9.d.15CA22CB8AFCB668A3722B8407F99264.e.831"},{"block":"start","inline":"nearest"}]}
RESULT: {"script":"<script> [79 bytes]","args":[{"element-6066-11e4-a52e-4f735466cecf":"f.EECC5A59339153F4E32AADCFCAFC18E9.d.15CA22CB8AFCB668A3722B8407F99264.e.831","ELEMENT":"f.EECC5A59339153F4E32AADCFCAFC18E9.d.15CA22CB8AFCB668A3722B8407F99264.e.831"},{"block":"start","inline":"nearest"}]}
COMMAND: POST /session/f23c62a335ede65311f3d1fa5a6085ab/execute/async - {"script":"<script> [1562 bytes]","args":[{"selector":{"id":"application-manageresources-display-component---editResource--btnAddCounter-img"},"wdio_ui5_key":"applicationmanageresources-display-component---editResource--btnAddCounter-img"}]}
COMMAND: GET /session/f23c62a335ede65311f3d1fa5a6085ab/screenshot - {}
RESULT: {"script":"<script> [1562 bytes]","args":[{"selector":{"id":"application-manageresources-display-component---editResource--btnAddCounter-img"},"wdio_ui5_key":"applicationmanageresources-display-component---editResource--btnAddCounter-img"}]}
RESULT: undefined
COMMAND: POST /session/f23c62a335ede65311f3d1fa5a6085ab/element - {"using":"xpath","value":"//*[@id=\"application-manageresources-display-component---editResource--btnAddCounter-img\"]"}
RESULT: {}
RESULT: {"using":"xpath","value":"//*[@id=\"application-manageresources-display-component---editResource--btnAddCounter-img\"]"}
COMMAND: POST /session/f23c62a335ede65311f3d1fa5a6085ab/element/f.EECC5A59339153F4E32AADCFCAFC18E9.d.15CA22CB8AFCB668A3722B8407F99264.e.885/click - {}
COMMAND: POST /session/f23c62a335ede65311f3d1fa5a6085ab/execute/async - {"script":"<script> [1562 bytes]","args":[{"selector":{"id":"application-manageresources-display-component---editResource--HAND_OVER_TYPE-application-manageresources-display-component---editResource--RUCounters-0","interaction":{"idSuffix":"CbBg"}},"wdio_ui5_key":"applicationmanageresources-display-component---editResource--HAND_OVER_TYPE-application-manageresources-display-component---editResource--RUCounters-0"}]}
RESULT: {"script":"<script> [1562 bytes]","args":[{"selector":{"id":"application-manageresources-display-component---editResource--HAND_OVER_TYPE-application-manageresources-display-component---editResource--RUCounters-0","interaction":{"idSuffix":"CbBg"}},"wdio_ui5_key":"applicationmanageresources-display-component---editResource--HAND_OVER_TYPE-application-manageresources-display-component---editResource--RUCounters-0"}]}
RESULT: undefined
COMMAND: POST /session/f23c62a335ede65311f3d1fa5a6085ab/execute/async - {"script":"<script> [1562 bytes]","args":[{"selector":{"controlType":"sap.m.Button","viewName":"etm.portal.ui.manageresources.view.EditResource","viewId":"application-manageresources-display-component---editResource","i18NText":{"propertyName":"text","key":"save"},"interaction":{"idSuffix":"BDI-content"}},"wdio_ui5_key":"etmportal.ui.manageresources.view.EditResourcesap.m.Button{\"propertyName\":\"text\",\"key\":\"save\"}"}]}
RESULT: {"script":"<script> [1562 bytes]","args":[{"selector":{"controlType":"sap.m.Button","viewName":"etm.portal.ui.manageresources.view.EditResource","viewId":"application-manageresources-display-component---editResource","i18NText":{"propertyName":"text","key":"save"},"interaction":{"idSuffix":"BDI-content"}},"wdio_ui5_key":"etmportal.ui.manageresources.view.EditResourcesap.m.Button{\"propertyName\":\"text\",\"key\":\"save\"}"}]}
RESULT: undefined
COMMAND: POST /session/f23c62a335ede65311f3d1fa5a6085ab/element - {"using":"xpath","value":"//*[@id=\"__button86\"]"}
RESULT: {"using":"xpath","value":"//*[@id=\"__button86\"]"}
COMMAND: POST /session/f23c62a335ede65311f3d1fa5a6085ab/element/f.EECC5A59339153F4E32AADCFCAFC18E9.d.15CA22CB8AFCB668A3722B8407F99264.e.888/click - {}
RESULT: {}
COMMAND: GET /session/f23c62a335ede65311f3d1fa5a6085ab/screenshot - {}
RESULT: {}
COMMAND: POST /session/f23c62a335ede65311f3d1fa5a6085ab/element - {"using":"css selector","value":"#shell-header-logo"}
RESULT: {"using":"css selector","value":"#shell-header-logo"}
COMMAND: POST /session/f23c62a335ede65311f3d1fa5a6085ab/element/f.EECC5A59339153F4E32AADCFCAFC18E9.d.15CA22CB8AFCB668A3722B8407F99264.e.120/click - {}
RESULT: {}
COMMAND: GET /session/f23c62a335ede65311f3d1fa5a6085ab/screenshot - {}
RESULT: {}
]]></system-out>
    </testcase>
    <testcase classname="chrome.136_0_7103_93.windows.ISC_Create_schedule_with_time_schedule_with_counter_US138269" name="Should do a stock increase and add the first counter" time="46.003">
      <failure/>
      <error message="receiptDate.setValue is not a function"/>
      <system-out><![CDATA[
COMMAND: POST /session/f23c62a335ede65311f3d1fa5a6085ab/execute/async - {"script":"<script> [1562 bytes]","args":[{"selector":{"controlType":"sap.m.Text","viewName":"etm.portal.ui.managehandoverstile.view.Master","properties":{"text":"Manage Handovers"},"interaction":{"idSuffix":"inner"}},"wdio_ui5_key":"etmportal.ui.managehandoverstile.view.Mastersap.m.Text{\"text\":\"Manage Handovers\"}"}]}
RESULT: {"script":"<script> [1562 bytes]","args":[{"selector":{"controlType":"sap.m.Text","viewName":"etm.portal.ui.managehandoverstile.view.Master","properties":{"text":"Manage Handovers"},"interaction":{"idSuffix":"inner"}},"wdio_ui5_key":"etmportal.ui.managehandoverstile.view.Mastersap.m.Text{\"text\":\"Manage Handovers\"}"}]}
RESULT: undefined
COMMAND: POST /session/f23c62a335ede65311f3d1fa5a6085ab/element - {"using":"xpath","value":"//*[@id=\"__tile133-title\"]"}
RESULT: {"using":"xpath","value":"//*[@id=\"__tile133-title\"]"}
COMMAND: POST /session/f23c62a335ede65311f3d1fa5a6085ab/element/f.EECC5A59339153F4E32AADCFCAFC18E9.d.15CA22CB8AFCB668A3722B8407F99264.e.900/click - {}
RESULT: {}
COMMAND: GET /session/f23c62a335ede65311f3d1fa5a6085ab/screenshot - {}
RESULT: {}
COMMAND: POST /session/f23c62a335ede65311f3d1fa5a6085ab/execute/async - {"script":"<script> [1562 bytes]","args":[{"selector":{"controlType":"sap.ui.core.Icon","viewName":"etm.portal.ui.managehandovers.view.MasterHO","properties":{"src":{"regex":{"source":"add"}}}},"wdio_ui5_key":"etmportal.ui.managehandovers.view.MasterHOsap.ui.core.Icon{\"src\":{\"regex\":{\"source\":\"add\"}}}"}]}
RESULT: {"script":"<script> [1562 bytes]","args":[{"selector":{"controlType":"sap.ui.core.Icon","viewName":"etm.portal.ui.managehandovers.view.MasterHO","properties":{"src":{"regex":{"source":"add"}}}},"wdio_ui5_key":"etmportal.ui.managehandovers.view.MasterHOsap.ui.core.Icon{\"src\":{\"regex\":{\"source\":\"add\"}}}"}]}
RESULT: undefined
COMMAND: POST /session/f23c62a335ede65311f3d1fa5a6085ab/element - {"using":"xpath","value":"//*[@id=\"__button121-img\"]"}
RESULT: {"using":"xpath","value":"//*[@id=\"__button121-img\"]"}
COMMAND: POST /session/f23c62a335ede65311f3d1fa5a6085ab/element/f.EECC5A59339153F4E32AADCFCAFC18E9.d.15CA22CB8AFCB668A3722B8407F99264.e.947/click - {}
RESULT: {}
COMMAND: POST /session/f23c62a335ede65311f3d1fa5a6085ab/execute/async - {"script":"<script> [1562 bytes]","args":[{"selector":{"id":"application-managehandovers-display-component---AddNewHO--typeSelect","interaction":{"idSuffix":"arrow"}},"wdio_ui5_key":"applicationmanagehandovers-display-component---AddNewHO--typeSelect"}]}
COMMAND: GET /session/f23c62a335ede65311f3d1fa5a6085ab/screenshot - {}
RESULT: {"script":"<script> [1562 bytes]","args":[{"selector":{"id":"application-managehandovers-display-component---AddNewHO--typeSelect","interaction":{"idSuffix":"arrow"}},"wdio_ui5_key":"applicationmanagehandovers-display-component---AddNewHO--typeSelect"}]}
RESULT: undefined
COMMAND: POST /session/f23c62a335ede65311f3d1fa5a6085ab/element - {"using":"xpath","value":"//*[@id=\"application-managehandovers-display-component---AddNewHO--typeSelect\"]"}
RESULT: {}
RESULT: {"using":"xpath","value":"//*[@id=\"application-managehandovers-display-component---AddNewHO--typeSelect\"]"}
COMMAND: POST /session/f23c62a335ede65311f3d1fa5a6085ab/element/f.EECC5A59339153F4E32AADCFCAFC18E9.d.15CA22CB8AFCB668A3722B8407F99264.e.1243/click - {}
RESULT: {}
COMMAND: POST /session/f23c62a335ede65311f3d1fa5a6085ab/execute/async - {"script":"<script> [1562 bytes]","args":[{"selector":{"controlType":"sap.ui.core.Item","viewName":"etm.portal.ui.managehandovers.view.AddNewHO","viewId":"application-managehandovers-display-component---AddNewHO","bindingPath":{"path":"/HandOverTypes('100')","propertyPath":"ID","modelName":"catalogModel"},"searchOpenDialogs":true},"wdio_ui5_key":"etmportal.ui.managehandovers.view.AddNewHOsap.ui.core.Item{\"path\":\"/HandOverTypes('100')\",\"propertyPath\":\"ID\",\"modelName\":\"catalogModel\"}"}]}
COMMAND: GET /session/f23c62a335ede65311f3d1fa5a6085ab/screenshot - {}
RESULT: {"script":"<script> [1562 bytes]","args":[{"selector":{"controlType":"sap.ui.core.Item","viewName":"etm.portal.ui.managehandovers.view.AddNewHO","viewId":"application-managehandovers-display-component---AddNewHO","bindingPath":{"path":"/HandOverTypes('100')","propertyPath":"ID","modelName":"catalogModel"},"searchOpenDialogs":true},"wdio_ui5_key":"etmportal.ui.managehandovers.view.AddNewHOsap.ui.core.Item{\"path\":\"/HandOverTypes('100')\",\"propertyPath\":\"ID\",\"modelName\":\"catalogModel\"}"}]}
RESULT: undefined
COMMAND: POST /session/f23c62a335ede65311f3d1fa5a6085ab/element - {"using":"xpath","value":"//*[@id=\"__item1244-application-managehandovers-display-component---AddNewHO--typeSelect-1\"]"}
RESULT: {}
RESULT: {"using":"xpath","value":"//*[@id=\"__item1244-application-managehandovers-display-component---AddNewHO--typeSelect-1\"]"}
COMMAND: POST /session/f23c62a335ede65311f3d1fa5a6085ab/element/f.EECC5A59339153F4E32AADCFCAFC18E9.d.15CA22CB8AFCB668A3722B8407F99264.e.1244/click - {}
RESULT: {}
COMMAND: POST /session/f23c62a335ede65311f3d1fa5a6085ab/execute/async - {"script":"<script> [1562 bytes]","args":[{"selector":{"id":"application-managehandovers-display-component---AddNewHO--dueDate","interaction":{"idSuffix":"inner"}},"wdio_ui5_key":"applicationmanagehandovers-display-component---AddNewHO--dueDate"}]}
COMMAND: GET /session/f23c62a335ede65311f3d1fa5a6085ab/screenshot - {}
RESULT: {"script":"<script> [1562 bytes]","args":[{"selector":{"id":"application-managehandovers-display-component---AddNewHO--dueDate","interaction":{"idSuffix":"inner"}},"wdio_ui5_key":"applicationmanagehandovers-display-component---AddNewHO--dueDate"}]}
RESULT: undefined
COMMAND: POST /session/f23c62a335ede65311f3d1fa5a6085ab/execute/async - {"script":"<script> [6424 bytes]","args":[{"element-6066-11e4-a52e-4f735466cecf":"f.EECC5A59339153F4E32AADCFCAFC18E9.d.15CA22CB8AFCB668A3722B8407F99264.e.1246"},"setValue",["06/27/24"]]}
RESULT: {}
RESULT: {"script":"<script> [6424 bytes]","args":[{"element-6066-11e4-a52e-4f735466cecf":"f.EECC5A59339153F4E32AADCFCAFC18E9.d.15CA22CB8AFCB668A3722B8407F99264.e.1246"},"setValue",["06/27/24"]]}
COMMAND: POST /session/f23c62a335ede65311f3d1fa5a6085ab/element - {"using":"xpath","value":"//input[@id=\"generalSectionFrg--receiveYard-inner\"]"}
RESULT: {"using":"xpath","value":"//input[@id=\"generalSectionFrg--receiveYard-inner\"]"}
COMMAND: POST /session/f23c62a335ede65311f3d1fa5a6085ab/element/f.EECC5A59339153F4E32AADCFCAFC18E9.d.15CA22CB8AFCB668A3722B8407F99264.e.1250/clear - {}
RESULT: {}
COMMAND: POST /session/f23c62a335ede65311f3d1fa5a6085ab/element/f.EECC5A59339153F4E32AADCFCAFC18E9.d.15CA22CB8AFCB668A3722B8407F99264.e.1250/value - {"text":"Webdriver Yard"}
COMMAND: GET /session/f23c62a335ede65311f3d1fa5a6085ab/screenshot - {}
RESULT: {"text":"Webdriver Yard"}
COMMAND: GET /session/f23c62a335ede65311f3d1fa5a6085ab/screenshot - {}
RESULT: {}
RESULT: {}
COMMAND: POST /session/f23c62a335ede65311f3d1fa5a6085ab/execute/async - {"script":"<script> [1562 bytes]","args":[{"selector":{"id":"application-managehandovers-display-component---AddNewHO--ObjectPageLayout-anchBar-application-managehandovers-display-component---AddNewHO--section4-anchor","interaction":{"idSuffix":"BDI-content"}},"wdio_ui5_key":"applicationmanagehandovers-display-component---AddNewHO--ObjectPageLayout-anchBar-application-managehandovers-display-component---AddNewHO--section4-anchor"}]}
RESULT: {"script":"<script> [1562 bytes]","args":[{"selector":{"id":"application-managehandovers-display-component---AddNewHO--ObjectPageLayout-anchBar-application-managehandovers-display-component---AddNewHO--section4-anchor","interaction":{"idSuffix":"BDI-content"}},"wdio_ui5_key":"applicationmanagehandovers-display-component---AddNewHO--ObjectPageLayout-anchBar-application-managehandovers-display-component---AddNewHO--section4-anchor"}]}
RESULT: undefined
COMMAND: POST /session/f23c62a335ede65311f3d1fa5a6085ab/element - {"using":"xpath","value":"//*[@id=\"application-managehandovers-display-component---AddNewHO--ObjectPageLayout-anchBar-application-managehandovers-display-component---AddNewHO--section4-anchor\"]"}
RESULT: {"using":"xpath","value":"//*[@id=\"application-managehandovers-display-component---AddNewHO--ObjectPageLayout-anchBar-application-managehandovers-display-component---AddNewHO--section4-anchor\"]"}
COMMAND: POST /session/f23c62a335ede65311f3d1fa5a6085ab/element/f.EECC5A59339153F4E32AADCFCAFC18E9.d.15CA22CB8AFCB668A3722B8407F99264.e.1269/click - {}
RESULT: {}
COMMAND: POST /session/f23c62a335ede65311f3d1fa5a6085ab/execute/async - {"script":"<script> [1562 bytes]","args":[{"selector":{"controlType":"sap.ui.core.Icon","viewName":"etm.portal.ui.managehandovers.view.AddNewHO","viewId":"application-managehandovers-display-component---AddNewHO","properties":{"src":{"regex":{"source":"add"}}}},"wdio_ui5_key":"etmportal.ui.managehandovers.view.AddNewHOsap.ui.core.Icon{\"src\":{\"regex\":{\"source\":\"add\"}}}"}]}
COMMAND: GET /session/f23c62a335ede65311f3d1fa5a6085ab/screenshot - {}
RESULT: {"script":"<script> [1562 bytes]","args":[{"selector":{"controlType":"sap.ui.core.Icon","viewName":"etm.portal.ui.managehandovers.view.AddNewHO","viewId":"application-managehandovers-display-component---AddNewHO","properties":{"src":{"regex":{"source":"add"}}}},"wdio_ui5_key":"etmportal.ui.managehandovers.view.AddNewHOsap.ui.core.Icon{\"src\":{\"regex\":{\"source\":\"add\"}}}"}]}
RESULT: undefined
COMMAND: POST /session/f23c62a335ede65311f3d1fa5a6085ab/element - {"using":"xpath","value":"//*[@id=\"__button138-img\"]"}
RESULT: {}
RESULT: {"using":"xpath","value":"//*[@id=\"__button138-img\"]"}
COMMAND: POST /session/f23c62a335ede65311f3d1fa5a6085ab/element/f.EECC5A59339153F4E32AADCFCAFC18E9.d.15CA22CB8AFCB668A3722B8407F99264.e.1273/click - {}
RESULT: {}
COMMAND: POST /session/f23c62a335ede65311f3d1fa5a6085ab/execute/async - {"script":"<script> [1562 bytes]","args":[{"selector":{"id":"application-managehandovers-display-component---AddNewHO--smartFilterBar-btnBasicSearch","searchOpenDialogs":true,"interaction":{"idSuffix":"I"}},"wdio_ui5_key":"applicationmanagehandovers-display-component---AddNewHO--smartFilterBar-btnBasicSearch"}]}
COMMAND: GET /session/f23c62a335ede65311f3d1fa5a6085ab/screenshot - {}
RESULT: {"script":"<script> [1562 bytes]","args":[{"selector":{"id":"application-managehandovers-display-component---AddNewHO--smartFilterBar-btnBasicSearch","searchOpenDialogs":true,"interaction":{"idSuffix":"I"}},"wdio_ui5_key":"applicationmanagehandovers-display-component---AddNewHO--smartFilterBar-btnBasicSearch"}]}
RESULT: undefined
COMMAND: POST /session/f23c62a335ede65311f3d1fa5a6085ab/execute/async - {"script":"<script> [776 bytes]","args":[{"enterText":"EquipmentCounterbwn8z","selector":{"id":"application-managehandovers-display-component---AddNewHO--smartFilterBar-btnBasicSearch","searchOpenDialogs":true,"interaction":{"idSuffix":"I"}},"clearTextFirst":true,"interactionType":"ENTER_TEXT"}]}
RESULT: {}
RESULT: {"script":"<script> [776 bytes]","args":[{"enterText":"EquipmentCounterbwn8z","selector":{"id":"application-managehandovers-display-component---AddNewHO--smartFilterBar-btnBasicSearch","searchOpenDialogs":true,"interaction":{"idSuffix":"I"}},"clearTextFirst":true,"interactionType":"ENTER_TEXT"}]}
COMMAND: POST /session/f23c62a335ede65311f3d1fa5a6085ab/actions - {"actions":[{"id":"action5","type":"key","parameters":{},"actions":[{"type":"keyDown","value":""},{"type":"pause","duration":10},{"type":"keyUp","value":""}]}]}
RESULT: {"actions":[{"id":"action5","type":"key","parameters":{},"actions":[{"type":"keyDown","value":""},{"type":"pause","duration":10},{"type":"keyUp","value":""}]}]}
COMMAND: POST /session/f23c62a335ede65311f3d1fa5a6085ab/execute/async - {"script":"<script> [1562 bytes]","args":[{"selector":{"id":"application-managehandovers-display-component---AddNewHO--popup-sa","searchOpenDialogs":true,"interaction":{"idSuffix":"CbBg"}},"wdio_ui5_key":"applicationmanagehandovers-display-component---AddNewHO--popup-sa"}]}
COMMAND: GET /session/f23c62a335ede65311f3d1fa5a6085ab/screenshot - {}
RESULT: {"script":"<script> [1562 bytes]","args":[{"selector":{"id":"application-managehandovers-display-component---AddNewHO--popup-sa","searchOpenDialogs":true,"interaction":{"idSuffix":"CbBg"}},"wdio_ui5_key":"applicationmanagehandovers-display-component---AddNewHO--popup-sa"}]}
RESULT: undefined
COMMAND: POST /session/f23c62a335ede65311f3d1fa5a6085ab/element - {"using":"xpath","value":"//*[@id=\"application-managehandovers-display-component---AddNewHO--popup-sa\"]"}
RESULT: {}
RESULT: {"using":"xpath","value":"//*[@id=\"application-managehandovers-display-component---AddNewHO--popup-sa\"]"}
COMMAND: POST /session/f23c62a335ede65311f3d1fa5a6085ab/element/f.EECC5A59339153F4E32AADCFCAFC18E9.d.15CA22CB8AFCB668A3722B8407F99264.e.1424/click - {}
RESULT: {}
COMMAND: POST /session/f23c62a335ede65311f3d1fa5a6085ab/execute/async - {"script":"<script> [1562 bytes]","args":[{"selector":{"controlType":"sap.m.Button","viewName":"etm.portal.ui.managehandovers.view.AddNewHO","viewId":"application-managehandovers-display-component---AddNewHO","i18NText":{"propertyName":"text","key":"select"},"searchOpenDialogs":true,"interaction":{"idSuffix":"BDI-content"}},"wdio_ui5_key":"etmportal.ui.managehandovers.view.AddNewHOsap.m.Button{\"propertyName\":\"text\",\"key\":\"select\"}"}]}
COMMAND: GET /session/f23c62a335ede65311f3d1fa5a6085ab/screenshot - {}
RESULT: {"script":"<script> [1562 bytes]","args":[{"selector":{"controlType":"sap.m.Button","viewName":"etm.portal.ui.managehandovers.view.AddNewHO","viewId":"application-managehandovers-display-component---AddNewHO","i18NText":{"propertyName":"text","key":"select"},"searchOpenDialogs":true,"interaction":{"idSuffix":"BDI-content"}},"wdio_ui5_key":"etmportal.ui.managehandovers.view.AddNewHOsap.m.Button{\"propertyName\":\"text\",\"key\":\"select\"}"}]}
RESULT: undefined
COMMAND: POST /session/f23c62a335ede65311f3d1fa5a6085ab/element - {"using":"xpath","value":"//*[@id=\"__button141\"]"}
RESULT: {}
RESULT: {"using":"xpath","value":"//*[@id=\"__button141\"]"}
COMMAND: POST /session/f23c62a335ede65311f3d1fa5a6085ab/element/f.EECC5A59339153F4E32AADCFCAFC18E9.d.15CA22CB8AFCB668A3722B8407F99264.e.1426/click - {}
RESULT: {}
COMMAND: POST /session/f23c62a335ede65311f3d1fa5a6085ab/execute/async - {"script":"<script> [1562 bytes]","args":[{"selector":{"id":"application-managehandovers-display-component---AddNewHO--confirmCreationButton","interaction":{"idSuffix":"BDI-content"}},"wdio_ui5_key":"applicationmanagehandovers-display-component---AddNewHO--confirmCreationButton"}]}
COMMAND: GET /session/f23c62a335ede65311f3d1fa5a6085ab/screenshot - {}
RESULT: {"script":"<script> [1562 bytes]","args":[{"selector":{"id":"application-managehandovers-display-component---AddNewHO--confirmCreationButton","interaction":{"idSuffix":"BDI-content"}},"wdio_ui5_key":"applicationmanagehandovers-display-component---AddNewHO--confirmCreationButton"}]}
RESULT: undefined
COMMAND: POST /session/f23c62a335ede65311f3d1fa5a6085ab/element - {"using":"xpath","value":"//*[@id=\"application-managehandovers-display-component---AddNewHO--confirmCreationButton\"]"}
RESULT: {}
RESULT: {"using":"xpath","value":"//*[@id=\"application-managehandovers-display-component---AddNewHO--confirmCreationButton\"]"}
COMMAND: POST /session/f23c62a335ede65311f3d1fa5a6085ab/element/f.EECC5A59339153F4E32AADCFCAFC18E9.d.15CA22CB8AFCB668A3722B8407F99264.e.1430/click - {}
RESULT: {}
COMMAND: GET /session/f23c62a335ede65311f3d1fa5a6085ab/screenshot - {}
RESULT: {}
COMMAND: POST /session/f23c62a335ede65311f3d1fa5a6085ab/execute/async - {"script":"<script> [1562 bytes]","args":[{"selector":{"id":"receiptDatePicker","viewName":"etm.portal.ui.managehandovers.view.DetailExecuteHO","interaction":{"idSuffix":"inner"}},"wdio_ui5_key":"receiptDatePickeretmportal.ui.managehandovers.view.DetailExecuteHO"}]}
RESULT: {"script":"<script> [1562 bytes]","args":[{"selector":{"id":"receiptDatePicker","viewName":"etm.portal.ui.managehandovers.view.DetailExecuteHO","interaction":{"idSuffix":"inner"}},"wdio_ui5_key":"receiptDatePickeretmportal.ui.managehandovers.view.DetailExecuteHO"}]}
RESULT: undefined
COMMAND: GET /session/f23c62a335ede65311f3d1fa5a6085ab/screenshot - {}
RESULT: {}
]]></system-out>
      <system-err><![CDATA[
TypeError: receiptDate.setValue is not a function
    at Context.<anonymous> (D:\a\1\s\test\specs\ISC\create-schedule-with-time-schedule-with-counter.spec.js:571:27)
]]></system-err>
    </testcase>
    <testcase classname="chrome.136_0_7103_93.windows.ISC_Create_schedule_with_time_schedule_with_counter_US138269" name="Should create a new schedule with counter" time="77.405">
      <failure/>
      <error message="Can't call setValue on element with selector &quot;//input[contains(@id ,&quot;application-iscschedules-display-component---createSchedule--resourceValue-valueHelpDialog-smartFilterBar-btnBasicSearch-I&quot;)]&quot; because element wasn't found"/>
      <system-out><![CDATA[
COMMAND: POST /session/f23c62a335ede65311f3d1fa5a6085ab/execute/async - {"script":"<script> [1562 bytes]","args":[{"selector":{"controlType":"sap.m.Text","properties":{"text":"ISC Schedules"},"interaction":{"idSuffix":"inner"}},"wdio_ui5_key":"sapm.Text{\"text\":\"ISC Schedules\"}"}]}
COMMAND: GET /session/f23c62a335ede65311f3d1fa5a6085ab/screenshot - {}
RESULT: {"script":"<script> [1562 bytes]","args":[{"selector":{"controlType":"sap.m.Text","properties":{"text":"ISC Schedules"},"interaction":{"idSuffix":"inner"}},"wdio_ui5_key":"sapm.Text{\"text\":\"ISC Schedules\"}"}]}
RESULT: undefined
RESULT: {}
COMMAND: POST /session/f23c62a335ede65311f3d1fa5a6085ab/execute/async - {"script":"<script> [1562 bytes]","args":[{"selector":{"controlType":"sap.ui.core.Icon","viewName":"etm.portal.ui.iscschedules.view.Master","viewId":"application-iscschedules-display-component---scheduleList","properties":{"src":{"regex":{"source":"add"}}}},"wdio_ui5_key":"etmportal.ui.iscschedules.view.Mastersap.ui.core.Icon{\"src\":{\"regex\":{\"source\":\"add\"}}}"}]}
RESULT: {"script":"<script> [1562 bytes]","args":[{"selector":{"controlType":"sap.ui.core.Icon","viewName":"etm.portal.ui.iscschedules.view.Master","viewId":"application-iscschedules-display-component---scheduleList","properties":{"src":{"regex":{"source":"add"}}}},"wdio_ui5_key":"etmportal.ui.iscschedules.view.Mastersap.ui.core.Icon{\"src\":{\"regex\":{\"source\":\"add\"}}}"}]}
RESULT: undefined
COMMAND: POST /session/f23c62a335ede65311f3d1fa5a6085ab/execute/async - {"script":"<script> [1562 bytes]","args":[{"selector":{"id":"application-iscschedules-display-component---createSchedule--inputTitle","interaction":{"idSuffix":"inner"}},"wdio_ui5_key":"applicationiscschedules-display-component---createSchedule--inputTitle"}]}
RESULT: {"script":"<script> [1562 bytes]","args":[{"selector":{"id":"application-iscschedules-display-component---createSchedule--inputTitle","interaction":{"idSuffix":"inner"}},"wdio_ui5_key":"applicationiscschedules-display-component---createSchedule--inputTitle"}]}
RESULT: undefined
COMMAND: POST /session/f23c62a335ede65311f3d1fa5a6085ab/execute/async - {"script":"<script> [1562 bytes]","args":[{"selector":{"id":"application-iscschedules-display-component---createSchedule--inputDesc","interaction":{"idSuffix":"inner"}},"wdio_ui5_key":"applicationiscschedules-display-component---createSchedule--inputDesc"}]}
RESULT: {"script":"<script> [1562 bytes]","args":[{"selector":{"id":"application-iscschedules-display-component---createSchedule--inputDesc","interaction":{"idSuffix":"inner"}},"wdio_ui5_key":"applicationiscschedules-display-component---createSchedule--inputDesc"}]}
RESULT: undefined
COMMAND: POST /session/f23c62a335ede65311f3d1fa5a6085ab/execute/async - {"script":"<script> [1562 bytes]","args":[{"selector":{"id":"application-iscschedules-display-component---createSchedule--resourceValue-vhi"},"wdio_ui5_key":"applicationiscschedules-display-component---createSchedule--resourceValue-vhi"}]}
RESULT: {"script":"<script> [1562 bytes]","args":[{"selector":{"id":"application-iscschedules-display-component---createSchedule--resourceValue-vhi"},"wdio_ui5_key":"applicationiscschedules-display-component---createSchedule--resourceValue-vhi"}]}
RESULT: undefined
COMMAND: POST /session/f23c62a335ede65311f3d1fa5a6085ab/element - {"using":"xpath","value":"//input[contains(@id ,\"application-iscschedules-display-component---createSchedule--resourceValue-valueHelpDialog-smartFilterBar-btnBasicSearch-I\")]"}
RESULT: {"using":"xpath","value":"//input[contains(@id ,\"application-iscschedules-display-component---createSchedule--resourceValue-valueHelpDialog-smartFilterBar-btnBasicSearch-I\")]"}
COMMAND: POST /session/f23c62a335ede65311f3d1fa5a6085ab/elements - {"using":"xpath","value":"//input[contains(@id ,\"application-iscschedules-display-component---createSchedule--resourceValue-valueHelpDialog-smartFilterBar-btnBasicSearch-I\")]"}
RESULT: {"using":"xpath","value":"//input[contains(@id ,\"application-iscschedules-display-component---createSchedule--resourceValue-valueHelpDialog-smartFilterBar-btnBasicSearch-I\")]"}
COMMAND: POST /session/f23c62a335ede65311f3d1fa5a6085ab/elements - {"using":"xpath","value":"//input[contains(@id ,\"application-iscschedules-display-component---createSchedule--resourceValue-valueHelpDialog-smartFilterBar-btnBasicSearch-I\")]"}
RESULT: {"using":"xpath","value":"//input[contains(@id ,\"application-iscschedules-display-component---createSchedule--resourceValue-valueHelpDialog-smartFilterBar-btnBasicSearch-I\")]"}
COMMAND: POST /session/f23c62a335ede65311f3d1fa5a6085ab/elements - {"using":"xpath","value":"//input[contains(@id ,\"application-iscschedules-display-component---createSchedule--resourceValue-valueHelpDialog-smartFilterBar-btnBasicSearch-I\")]"}
RESULT: {"using":"xpath","value":"//input[contains(@id ,\"application-iscschedules-display-component---createSchedule--resourceValue-valueHelpDialog-smartFilterBar-btnBasicSearch-I\")]"}
COMMAND: POST /session/f23c62a335ede65311f3d1fa5a6085ab/elements - {"using":"xpath","value":"//input[contains(@id ,\"application-iscschedules-display-component---createSchedule--resourceValue-valueHelpDialog-smartFilterBar-btnBasicSearch-I\")]"}
RESULT: {"using":"xpath","value":"//input[contains(@id ,\"application-iscschedules-display-component---createSchedule--resourceValue-valueHelpDialog-smartFilterBar-btnBasicSearch-I\")]"}
COMMAND: POST /session/f23c62a335ede65311f3d1fa5a6085ab/elements - {"using":"xpath","value":"//input[contains(@id ,\"application-iscschedules-display-component---createSchedule--resourceValue-valueHelpDialog-smartFilterBar-btnBasicSearch-I\")]"}
RESULT: {"using":"xpath","value":"//input[contains(@id ,\"application-iscschedules-display-component---createSchedule--resourceValue-valueHelpDialog-smartFilterBar-btnBasicSearch-I\")]"}
COMMAND: POST /session/f23c62a335ede65311f3d1fa5a6085ab/elements - {"using":"xpath","value":"//input[contains(@id ,\"application-iscschedules-display-component---createSchedule--resourceValue-valueHelpDialog-smartFilterBar-btnBasicSearch-I\")]"}
RESULT: {"using":"xpath","value":"//input[contains(@id ,\"application-iscschedules-display-component---createSchedule--resourceValue-valueHelpDialog-smartFilterBar-btnBasicSearch-I\")]"}
COMMAND: POST /session/f23c62a335ede65311f3d1fa5a6085ab/elements - {"using":"xpath","value":"//input[contains(@id ,\"application-iscschedules-display-component---createSchedule--resourceValue-valueHelpDialog-smartFilterBar-btnBasicSearch-I\")]"}
RESULT: {"using":"xpath","value":"//input[contains(@id ,\"application-iscschedules-display-component---createSchedule--resourceValue-valueHelpDialog-smartFilterBar-btnBasicSearch-I\")]"}
COMMAND: POST /session/f23c62a335ede65311f3d1fa5a6085ab/elements - {"using":"xpath","value":"//input[contains(@id ,\"application-iscschedules-display-component---createSchedule--resourceValue-valueHelpDialog-smartFilterBar-btnBasicSearch-I\")]"}
RESULT: {"using":"xpath","value":"//input[contains(@id ,\"application-iscschedules-display-component---createSchedule--resourceValue-valueHelpDialog-smartFilterBar-btnBasicSearch-I\")]"}
COMMAND: POST /session/f23c62a335ede65311f3d1fa5a6085ab/elements - {"using":"xpath","value":"//input[contains(@id ,\"application-iscschedules-display-component---createSchedule--resourceValue-valueHelpDialog-smartFilterBar-btnBasicSearch-I\")]"}
RESULT: {"using":"xpath","value":"//input[contains(@id ,\"application-iscschedules-display-component---createSchedule--resourceValue-valueHelpDialog-smartFilterBar-btnBasicSearch-I\")]"}
COMMAND: POST /session/f23c62a335ede65311f3d1fa5a6085ab/elements - {"using":"xpath","value":"//input[contains(@id ,\"application-iscschedules-display-component---createSchedule--resourceValue-valueHelpDialog-smartFilterBar-btnBasicSearch-I\")]"}
RESULT: {"using":"xpath","value":"//input[contains(@id ,\"application-iscschedules-display-component---createSchedule--resourceValue-valueHelpDialog-smartFilterBar-btnBasicSearch-I\")]"}
COMMAND: POST /session/f23c62a335ede65311f3d1fa5a6085ab/elements - {"using":"xpath","value":"//input[contains(@id ,\"application-iscschedules-display-component---createSchedule--resourceValue-valueHelpDialog-smartFilterBar-btnBasicSearch-I\")]"}
RESULT: {"using":"xpath","value":"//input[contains(@id ,\"application-iscschedules-display-component---createSchedule--resourceValue-valueHelpDialog-smartFilterBar-btnBasicSearch-I\")]"}
COMMAND: POST /session/f23c62a335ede65311f3d1fa5a6085ab/elements - {"using":"xpath","value":"//input[contains(@id ,\"application-iscschedules-display-component---createSchedule--resourceValue-valueHelpDialog-smartFilterBar-btnBasicSearch-I\")]"}
RESULT: {"using":"xpath","value":"//input[contains(@id ,\"application-iscschedules-display-component---createSchedule--resourceValue-valueHelpDialog-smartFilterBar-btnBasicSearch-I\")]"}
COMMAND: POST /session/f23c62a335ede65311f3d1fa5a6085ab/elements - {"using":"xpath","value":"//input[contains(@id ,\"application-iscschedules-display-component---createSchedule--resourceValue-valueHelpDialog-smartFilterBar-btnBasicSearch-I\")]"}
RESULT: {"using":"xpath","value":"//input[contains(@id ,\"application-iscschedules-display-component---createSchedule--resourceValue-valueHelpDialog-smartFilterBar-btnBasicSearch-I\")]"}
COMMAND: POST /session/f23c62a335ede65311f3d1fa5a6085ab/elements - {"using":"xpath","value":"//input[contains(@id ,\"application-iscschedules-display-component---createSchedule--resourceValue-valueHelpDialog-smartFilterBar-btnBasicSearch-I\")]"}
RESULT: {"using":"xpath","value":"//input[contains(@id ,\"application-iscschedules-display-component---createSchedule--resourceValue-valueHelpDialog-smartFilterBar-btnBasicSearch-I\")]"}
COMMAND: POST /session/f23c62a335ede65311f3d1fa5a6085ab/elements - {"using":"xpath","value":"//input[contains(@id ,\"application-iscschedules-display-component---createSchedule--resourceValue-valueHelpDialog-smartFilterBar-btnBasicSearch-I\")]"}
RESULT: {"using":"xpath","value":"//input[contains(@id ,\"application-iscschedules-display-component---createSchedule--resourceValue-valueHelpDialog-smartFilterBar-btnBasicSearch-I\")]"}
COMMAND: POST /session/f23c62a335ede65311f3d1fa5a6085ab/elements - {"using":"xpath","value":"//input[contains(@id ,\"application-iscschedules-display-component---createSchedule--resourceValue-valueHelpDialog-smartFilterBar-btnBasicSearch-I\")]"}
RESULT: {"using":"xpath","value":"//input[contains(@id ,\"application-iscschedules-display-component---createSchedule--resourceValue-valueHelpDialog-smartFilterBar-btnBasicSearch-I\")]"}
COMMAND: POST /session/f23c62a335ede65311f3d1fa5a6085ab/elements - {"using":"xpath","value":"//input[contains(@id ,\"application-iscschedules-display-component---createSchedule--resourceValue-valueHelpDialog-smartFilterBar-btnBasicSearch-I\")]"}
RESULT: {"using":"xpath","value":"//input[contains(@id ,\"application-iscschedules-display-component---createSchedule--resourceValue-valueHelpDialog-smartFilterBar-btnBasicSearch-I\")]"}
COMMAND: POST /session/f23c62a335ede65311f3d1fa5a6085ab/elements - {"using":"xpath","value":"//input[contains(@id ,\"application-iscschedules-display-component---createSchedule--resourceValue-valueHelpDialog-smartFilterBar-btnBasicSearch-I\")]"}
RESULT: {"using":"xpath","value":"//input[contains(@id ,\"application-iscschedules-display-component---createSchedule--resourceValue-valueHelpDialog-smartFilterBar-btnBasicSearch-I\")]"}
COMMAND: POST /session/f23c62a335ede65311f3d1fa5a6085ab/elements - {"using":"xpath","value":"//input[contains(@id ,\"application-iscschedules-display-component---createSchedule--resourceValue-valueHelpDialog-smartFilterBar-btnBasicSearch-I\")]"}
RESULT: {"using":"xpath","value":"//input[contains(@id ,\"application-iscschedules-display-component---createSchedule--resourceValue-valueHelpDialog-smartFilterBar-btnBasicSearch-I\")]"}
COMMAND: POST /session/f23c62a335ede65311f3d1fa5a6085ab/elements - {"using":"xpath","value":"//input[contains(@id ,\"application-iscschedules-display-component---createSchedule--resourceValue-valueHelpDialog-smartFilterBar-btnBasicSearch-I\")]"}
RESULT: {"using":"xpath","value":"//input[contains(@id ,\"application-iscschedules-display-component---createSchedule--resourceValue-valueHelpDialog-smartFilterBar-btnBasicSearch-I\")]"}
COMMAND: POST /session/f23c62a335ede65311f3d1fa5a6085ab/elements - {"using":"xpath","value":"//input[contains(@id ,\"application-iscschedules-display-component---createSchedule--resourceValue-valueHelpDialog-smartFilterBar-btnBasicSearch-I\")]"}
RESULT: {"using":"xpath","value":"//input[contains(@id ,\"application-iscschedules-display-component---createSchedule--resourceValue-valueHelpDialog-smartFilterBar-btnBasicSearch-I\")]"}
COMMAND: POST /session/f23c62a335ede65311f3d1fa5a6085ab/elements - {"using":"xpath","value":"//input[contains(@id ,\"application-iscschedules-display-component---createSchedule--resourceValue-valueHelpDialog-smartFilterBar-btnBasicSearch-I\")]"}
RESULT: {"using":"xpath","value":"//input[contains(@id ,\"application-iscschedules-display-component---createSchedule--resourceValue-valueHelpDialog-smartFilterBar-btnBasicSearch-I\")]"}
COMMAND: POST /session/f23c62a335ede65311f3d1fa5a6085ab/elements - {"using":"xpath","value":"//input[contains(@id ,\"application-iscschedules-display-component---createSchedule--resourceValue-valueHelpDialog-smartFilterBar-btnBasicSearch-I\")]"}
RESULT: {"using":"xpath","value":"//input[contains(@id ,\"application-iscschedules-display-component---createSchedule--resourceValue-valueHelpDialog-smartFilterBar-btnBasicSearch-I\")]"}
COMMAND: POST /session/f23c62a335ede65311f3d1fa5a6085ab/elements - {"using":"xpath","value":"//input[contains(@id ,\"application-iscschedules-display-component---createSchedule--resourceValue-valueHelpDialog-smartFilterBar-btnBasicSearch-I\")]"}
RESULT: {"using":"xpath","value":"//input[contains(@id ,\"application-iscschedules-display-component---createSchedule--resourceValue-valueHelpDialog-smartFilterBar-btnBasicSearch-I\")]"}
COMMAND: POST /session/f23c62a335ede65311f3d1fa5a6085ab/elements - {"using":"xpath","value":"//input[contains(@id ,\"application-iscschedules-display-component---createSchedule--resourceValue-valueHelpDialog-smartFilterBar-btnBasicSearch-I\")]"}
RESULT: {"using":"xpath","value":"//input[contains(@id ,\"application-iscschedules-display-component---createSchedule--resourceValue-valueHelpDialog-smartFilterBar-btnBasicSearch-I\")]"}
COMMAND: POST /session/f23c62a335ede65311f3d1fa5a6085ab/elements - {"using":"xpath","value":"//input[contains(@id ,\"application-iscschedules-display-component---createSchedule--resourceValue-valueHelpDialog-smartFilterBar-btnBasicSearch-I\")]"}
RESULT: {"using":"xpath","value":"//input[contains(@id ,\"application-iscschedules-display-component---createSchedule--resourceValue-valueHelpDialog-smartFilterBar-btnBasicSearch-I\")]"}
COMMAND: POST /session/f23c62a335ede65311f3d1fa5a6085ab/elements - {"using":"xpath","value":"//input[contains(@id ,\"application-iscschedules-display-component---createSchedule--resourceValue-valueHelpDialog-smartFilterBar-btnBasicSearch-I\")]"}
RESULT: {"using":"xpath","value":"//input[contains(@id ,\"application-iscschedules-display-component---createSchedule--resourceValue-valueHelpDialog-smartFilterBar-btnBasicSearch-I\")]"}
COMMAND: POST /session/f23c62a335ede65311f3d1fa5a6085ab/elements - {"using":"xpath","value":"//input[contains(@id ,\"application-iscschedules-display-component---createSchedule--resourceValue-valueHelpDialog-smartFilterBar-btnBasicSearch-I\")]"}
RESULT: {"using":"xpath","value":"//input[contains(@id ,\"application-iscschedules-display-component---createSchedule--resourceValue-valueHelpDialog-smartFilterBar-btnBasicSearch-I\")]"}
COMMAND: POST /session/f23c62a335ede65311f3d1fa5a6085ab/elements - {"using":"xpath","value":"//input[contains(@id ,\"application-iscschedules-display-component---createSchedule--resourceValue-valueHelpDialog-smartFilterBar-btnBasicSearch-I\")]"}
RESULT: {"using":"xpath","value":"//input[contains(@id ,\"application-iscschedules-display-component---createSchedule--resourceValue-valueHelpDialog-smartFilterBar-btnBasicSearch-I\")]"}
COMMAND: POST /session/f23c62a335ede65311f3d1fa5a6085ab/elements - {"using":"xpath","value":"//input[contains(@id ,\"application-iscschedules-display-component---createSchedule--resourceValue-valueHelpDialog-smartFilterBar-btnBasicSearch-I\")]"}
RESULT: {"using":"xpath","value":"//input[contains(@id ,\"application-iscschedules-display-component---createSchedule--resourceValue-valueHelpDialog-smartFilterBar-btnBasicSearch-I\")]"}
COMMAND: POST /session/f23c62a335ede65311f3d1fa5a6085ab/elements - {"using":"xpath","value":"//input[contains(@id ,\"application-iscschedules-display-component---createSchedule--resourceValue-valueHelpDialog-smartFilterBar-btnBasicSearch-I\")]"}
RESULT: {"using":"xpath","value":"//input[contains(@id ,\"application-iscschedules-display-component---createSchedule--resourceValue-valueHelpDialog-smartFilterBar-btnBasicSearch-I\")]"}
COMMAND: POST /session/f23c62a335ede65311f3d1fa5a6085ab/elements - {"using":"xpath","value":"//input[contains(@id ,\"application-iscschedules-display-component---createSchedule--resourceValue-valueHelpDialog-smartFilterBar-btnBasicSearch-I\")]"}
RESULT: {"using":"xpath","value":"//input[contains(@id ,\"application-iscschedules-display-component---createSchedule--resourceValue-valueHelpDialog-smartFilterBar-btnBasicSearch-I\")]"}
COMMAND: POST /session/f23c62a335ede65311f3d1fa5a6085ab/elements - {"using":"xpath","value":"//input[contains(@id ,\"application-iscschedules-display-component---createSchedule--resourceValue-valueHelpDialog-smartFilterBar-btnBasicSearch-I\")]"}
RESULT: {"using":"xpath","value":"//input[contains(@id ,\"application-iscschedules-display-component---createSchedule--resourceValue-valueHelpDialog-smartFilterBar-btnBasicSearch-I\")]"}
COMMAND: POST /session/f23c62a335ede65311f3d1fa5a6085ab/elements - {"using":"xpath","value":"//input[contains(@id ,\"application-iscschedules-display-component---createSchedule--resourceValue-valueHelpDialog-smartFilterBar-btnBasicSearch-I\")]"}
RESULT: {"using":"xpath","value":"//input[contains(@id ,\"application-iscschedules-display-component---createSchedule--resourceValue-valueHelpDialog-smartFilterBar-btnBasicSearch-I\")]"}
COMMAND: POST /session/f23c62a335ede65311f3d1fa5a6085ab/elements - {"using":"xpath","value":"//input[contains(@id ,\"application-iscschedules-display-component---createSchedule--resourceValue-valueHelpDialog-smartFilterBar-btnBasicSearch-I\")]"}
RESULT: {"using":"xpath","value":"//input[contains(@id ,\"application-iscschedules-display-component---createSchedule--resourceValue-valueHelpDialog-smartFilterBar-btnBasicSearch-I\")]"}
COMMAND: POST /session/f23c62a335ede65311f3d1fa5a6085ab/elements - {"using":"xpath","value":"//input[contains(@id ,\"application-iscschedules-display-component---createSchedule--resourceValue-valueHelpDialog-smartFilterBar-btnBasicSearch-I\")]"}
RESULT: {"using":"xpath","value":"//input[contains(@id ,\"application-iscschedules-display-component---createSchedule--resourceValue-valueHelpDialog-smartFilterBar-btnBasicSearch-I\")]"}
COMMAND: POST /session/f23c62a335ede65311f3d1fa5a6085ab/elements - {"using":"xpath","value":"//input[contains(@id ,\"application-iscschedules-display-component---createSchedule--resourceValue-valueHelpDialog-smartFilterBar-btnBasicSearch-I\")]"}
RESULT: {"using":"xpath","value":"//input[contains(@id ,\"application-iscschedules-display-component---createSchedule--resourceValue-valueHelpDialog-smartFilterBar-btnBasicSearch-I\")]"}
COMMAND: POST /session/f23c62a335ede65311f3d1fa5a6085ab/elements - {"using":"xpath","value":"//input[contains(@id ,\"application-iscschedules-display-component---createSchedule--resourceValue-valueHelpDialog-smartFilterBar-btnBasicSearch-I\")]"}
RESULT: {"using":"xpath","value":"//input[contains(@id ,\"application-iscschedules-display-component---createSchedule--resourceValue-valueHelpDialog-smartFilterBar-btnBasicSearch-I\")]"}
COMMAND: POST /session/f23c62a335ede65311f3d1fa5a6085ab/elements - {"using":"xpath","value":"//input[contains(@id ,\"application-iscschedules-display-component---createSchedule--resourceValue-valueHelpDialog-smartFilterBar-btnBasicSearch-I\")]"}
RESULT: {"using":"xpath","value":"//input[contains(@id ,\"application-iscschedules-display-component---createSchedule--resourceValue-valueHelpDialog-smartFilterBar-btnBasicSearch-I\")]"}
COMMAND: POST /session/f23c62a335ede65311f3d1fa5a6085ab/elements - {"using":"xpath","value":"//input[contains(@id ,\"application-iscschedules-display-component---createSchedule--resourceValue-valueHelpDialog-smartFilterBar-btnBasicSearch-I\")]"}
RESULT: {"using":"xpath","value":"//input[contains(@id ,\"application-iscschedules-display-component---createSchedule--resourceValue-valueHelpDialog-smartFilterBar-btnBasicSearch-I\")]"}
COMMAND: POST /session/f23c62a335ede65311f3d1fa5a6085ab/elements - {"using":"xpath","value":"//input[contains(@id ,\"application-iscschedules-display-component---createSchedule--resourceValue-valueHelpDialog-smartFilterBar-btnBasicSearch-I\")]"}
RESULT: {"using":"xpath","value":"//input[contains(@id ,\"application-iscschedules-display-component---createSchedule--resourceValue-valueHelpDialog-smartFilterBar-btnBasicSearch-I\")]"}
COMMAND: POST /session/f23c62a335ede65311f3d1fa5a6085ab/elements - {"using":"xpath","value":"//input[contains(@id ,\"application-iscschedules-display-component---createSchedule--resourceValue-valueHelpDialog-smartFilterBar-btnBasicSearch-I\")]"}
RESULT: {"using":"xpath","value":"//input[contains(@id ,\"application-iscschedules-display-component---createSchedule--resourceValue-valueHelpDialog-smartFilterBar-btnBasicSearch-I\")]"}
COMMAND: POST /session/f23c62a335ede65311f3d1fa5a6085ab/elements - {"using":"xpath","value":"//input[contains(@id ,\"application-iscschedules-display-component---createSchedule--resourceValue-valueHelpDialog-smartFilterBar-btnBasicSearch-I\")]"}
RESULT: {"using":"xpath","value":"//input[contains(@id ,\"application-iscschedules-display-component---createSchedule--resourceValue-valueHelpDialog-smartFilterBar-btnBasicSearch-I\")]"}
COMMAND: POST /session/f23c62a335ede65311f3d1fa5a6085ab/elements - {"using":"xpath","value":"//input[contains(@id ,\"application-iscschedules-display-component---createSchedule--resourceValue-valueHelpDialog-smartFilterBar-btnBasicSearch-I\")]"}
RESULT: {"using":"xpath","value":"//input[contains(@id ,\"application-iscschedules-display-component---createSchedule--resourceValue-valueHelpDialog-smartFilterBar-btnBasicSearch-I\")]"}
COMMAND: POST /session/f23c62a335ede65311f3d1fa5a6085ab/elements - {"using":"xpath","value":"//input[contains(@id ,\"application-iscschedules-display-component---createSchedule--resourceValue-valueHelpDialog-smartFilterBar-btnBasicSearch-I\")]"}
RESULT: {"using":"xpath","value":"//input[contains(@id ,\"application-iscschedules-display-component---createSchedule--resourceValue-valueHelpDialog-smartFilterBar-btnBasicSearch-I\")]"}
COMMAND: POST /session/f23c62a335ede65311f3d1fa5a6085ab/elements - {"using":"xpath","value":"//input[contains(@id ,\"application-iscschedules-display-component---createSchedule--resourceValue-valueHelpDialog-smartFilterBar-btnBasicSearch-I\")]"}
RESULT: {"using":"xpath","value":"//input[contains(@id ,\"application-iscschedules-display-component---createSchedule--resourceValue-valueHelpDialog-smartFilterBar-btnBasicSearch-I\")]"}
COMMAND: POST /session/f23c62a335ede65311f3d1fa5a6085ab/elements - {"using":"xpath","value":"//input[contains(@id ,\"application-iscschedules-display-component---createSchedule--resourceValue-valueHelpDialog-smartFilterBar-btnBasicSearch-I\")]"}
RESULT: {"using":"xpath","value":"//input[contains(@id ,\"application-iscschedules-display-component---createSchedule--resourceValue-valueHelpDialog-smartFilterBar-btnBasicSearch-I\")]"}
COMMAND: POST /session/f23c62a335ede65311f3d1fa5a6085ab/elements - {"using":"xpath","value":"//input[contains(@id ,\"application-iscschedules-display-component---createSchedule--resourceValue-valueHelpDialog-smartFilterBar-btnBasicSearch-I\")]"}
RESULT: {"using":"xpath","value":"//input[contains(@id ,\"application-iscschedules-display-component---createSchedule--resourceValue-valueHelpDialog-smartFilterBar-btnBasicSearch-I\")]"}
COMMAND: POST /session/f23c62a335ede65311f3d1fa5a6085ab/elements - {"using":"xpath","value":"//input[contains(@id ,\"application-iscschedules-display-component---createSchedule--resourceValue-valueHelpDialog-smartFilterBar-btnBasicSearch-I\")]"}
RESULT: {"using":"xpath","value":"//input[contains(@id ,\"application-iscschedules-display-component---createSchedule--resourceValue-valueHelpDialog-smartFilterBar-btnBasicSearch-I\")]"}
COMMAND: POST /session/f23c62a335ede65311f3d1fa5a6085ab/elements - {"using":"xpath","value":"//input[contains(@id ,\"application-iscschedules-display-component---createSchedule--resourceValue-valueHelpDialog-smartFilterBar-btnBasicSearch-I\")]"}
RESULT: {"using":"xpath","value":"//input[contains(@id ,\"application-iscschedules-display-component---createSchedule--resourceValue-valueHelpDialog-smartFilterBar-btnBasicSearch-I\")]"}
COMMAND: POST /session/f23c62a335ede65311f3d1fa5a6085ab/elements - {"using":"xpath","value":"//input[contains(@id ,\"application-iscschedules-display-component---createSchedule--resourceValue-valueHelpDialog-smartFilterBar-btnBasicSearch-I\")]"}
RESULT: {"using":"xpath","value":"//input[contains(@id ,\"application-iscschedules-display-component---createSchedule--resourceValue-valueHelpDialog-smartFilterBar-btnBasicSearch-I\")]"}
COMMAND: POST /session/f23c62a335ede65311f3d1fa5a6085ab/elements - {"using":"xpath","value":"//input[contains(@id ,\"application-iscschedules-display-component---createSchedule--resourceValue-valueHelpDialog-smartFilterBar-btnBasicSearch-I\")]"}
RESULT: {"using":"xpath","value":"//input[contains(@id ,\"application-iscschedules-display-component---createSchedule--resourceValue-valueHelpDialog-smartFilterBar-btnBasicSearch-I\")]"}
COMMAND: POST /session/f23c62a335ede65311f3d1fa5a6085ab/elements - {"using":"xpath","value":"//input[contains(@id ,\"application-iscschedules-display-component---createSchedule--resourceValue-valueHelpDialog-smartFilterBar-btnBasicSearch-I\")]"}
RESULT: {"using":"xpath","value":"//input[contains(@id ,\"application-iscschedules-display-component---createSchedule--resourceValue-valueHelpDialog-smartFilterBar-btnBasicSearch-I\")]"}
COMMAND: POST /session/f23c62a335ede65311f3d1fa5a6085ab/elements - {"using":"xpath","value":"//input[contains(@id ,\"application-iscschedules-display-component---createSchedule--resourceValue-valueHelpDialog-smartFilterBar-btnBasicSearch-I\")]"}
RESULT: {"using":"xpath","value":"//input[contains(@id ,\"application-iscschedules-display-component---createSchedule--resourceValue-valueHelpDialog-smartFilterBar-btnBasicSearch-I\")]"}
COMMAND: POST /session/f23c62a335ede65311f3d1fa5a6085ab/elements - {"using":"xpath","value":"//input[contains(@id ,\"application-iscschedules-display-component---createSchedule--resourceValue-valueHelpDialog-smartFilterBar-btnBasicSearch-I\")]"}
RESULT: {"using":"xpath","value":"//input[contains(@id ,\"application-iscschedules-display-component---createSchedule--resourceValue-valueHelpDialog-smartFilterBar-btnBasicSearch-I\")]"}
COMMAND: POST /session/f23c62a335ede65311f3d1fa5a6085ab/elements - {"using":"xpath","value":"//input[contains(@id ,\"application-iscschedules-display-component---createSchedule--resourceValue-valueHelpDialog-smartFilterBar-btnBasicSearch-I\")]"}
RESULT: {"using":"xpath","value":"//input[contains(@id ,\"application-iscschedules-display-component---createSchedule--resourceValue-valueHelpDialog-smartFilterBar-btnBasicSearch-I\")]"}
COMMAND: POST /session/f23c62a335ede65311f3d1fa5a6085ab/elements - {"using":"xpath","value":"//input[contains(@id ,\"application-iscschedules-display-component---createSchedule--resourceValue-valueHelpDialog-smartFilterBar-btnBasicSearch-I\")]"}
RESULT: {"using":"xpath","value":"//input[contains(@id ,\"application-iscschedules-display-component---createSchedule--resourceValue-valueHelpDialog-smartFilterBar-btnBasicSearch-I\")]"}
COMMAND: POST /session/f23c62a335ede65311f3d1fa5a6085ab/elements - {"using":"xpath","value":"//input[contains(@id ,\"application-iscschedules-display-component---createSchedule--resourceValue-valueHelpDialog-smartFilterBar-btnBasicSearch-I\")]"}
RESULT: {"using":"xpath","value":"//input[contains(@id ,\"application-iscschedules-display-component---createSchedule--resourceValue-valueHelpDialog-smartFilterBar-btnBasicSearch-I\")]"}
COMMAND: POST /session/f23c62a335ede65311f3d1fa5a6085ab/elements - {"using":"xpath","value":"//input[contains(@id ,\"application-iscschedules-display-component---createSchedule--resourceValue-valueHelpDialog-smartFilterBar-btnBasicSearch-I\")]"}
RESULT: {"using":"xpath","value":"//input[contains(@id ,\"application-iscschedules-display-component---createSchedule--resourceValue-valueHelpDialog-smartFilterBar-btnBasicSearch-I\")]"}
COMMAND: POST /session/f23c62a335ede65311f3d1fa5a6085ab/elements - {"using":"xpath","value":"//input[contains(@id ,\"application-iscschedules-display-component---createSchedule--resourceValue-valueHelpDialog-smartFilterBar-btnBasicSearch-I\")]"}
RESULT: {"using":"xpath","value":"//input[contains(@id ,\"application-iscschedules-display-component---createSchedule--resourceValue-valueHelpDialog-smartFilterBar-btnBasicSearch-I\")]"}
COMMAND: POST /session/f23c62a335ede65311f3d1fa5a6085ab/elements - {"using":"xpath","value":"//input[contains(@id ,\"application-iscschedules-display-component---createSchedule--resourceValue-valueHelpDialog-smartFilterBar-btnBasicSearch-I\")]"}
RESULT: {"using":"xpath","value":"//input[contains(@id ,\"application-iscschedules-display-component---createSchedule--resourceValue-valueHelpDialog-smartFilterBar-btnBasicSearch-I\")]"}
COMMAND: POST /session/f23c62a335ede65311f3d1fa5a6085ab/elements - {"using":"xpath","value":"//input[contains(@id ,\"application-iscschedules-display-component---createSchedule--resourceValue-valueHelpDialog-smartFilterBar-btnBasicSearch-I\")]"}
RESULT: {"using":"xpath","value":"//input[contains(@id ,\"application-iscschedules-display-component---createSchedule--resourceValue-valueHelpDialog-smartFilterBar-btnBasicSearch-I\")]"}
COMMAND: POST /session/f23c62a335ede65311f3d1fa5a6085ab/elements - {"using":"xpath","value":"//input[contains(@id ,\"application-iscschedules-display-component---createSchedule--resourceValue-valueHelpDialog-smartFilterBar-btnBasicSearch-I\")]"}
RESULT: {"using":"xpath","value":"//input[contains(@id ,\"application-iscschedules-display-component---createSchedule--resourceValue-valueHelpDialog-smartFilterBar-btnBasicSearch-I\")]"}
COMMAND: POST /session/f23c62a335ede65311f3d1fa5a6085ab/elements - {"using":"xpath","value":"//input[contains(@id ,\"application-iscschedules-display-component---createSchedule--resourceValue-valueHelpDialog-smartFilterBar-btnBasicSearch-I\")]"}
RESULT: {"using":"xpath","value":"//input[contains(@id ,\"application-iscschedules-display-component---createSchedule--resourceValue-valueHelpDialog-smartFilterBar-btnBasicSearch-I\")]"}
COMMAND: POST /session/f23c62a335ede65311f3d1fa5a6085ab/elements - {"using":"xpath","value":"//input[contains(@id ,\"application-iscschedules-display-component---createSchedule--resourceValue-valueHelpDialog-smartFilterBar-btnBasicSearch-I\")]"}
RESULT: {"using":"xpath","value":"//input[contains(@id ,\"application-iscschedules-display-component---createSchedule--resourceValue-valueHelpDialog-smartFilterBar-btnBasicSearch-I\")]"}
COMMAND: POST /session/f23c62a335ede65311f3d1fa5a6085ab/elements - {"using":"xpath","value":"//input[contains(@id ,\"application-iscschedules-display-component---createSchedule--resourceValue-valueHelpDialog-smartFilterBar-btnBasicSearch-I\")]"}
RESULT: {"using":"xpath","value":"//input[contains(@id ,\"application-iscschedules-display-component---createSchedule--resourceValue-valueHelpDialog-smartFilterBar-btnBasicSearch-I\")]"}
COMMAND: POST /session/f23c62a335ede65311f3d1fa5a6085ab/elements - {"using":"xpath","value":"//input[contains(@id ,\"application-iscschedules-display-component---createSchedule--resourceValue-valueHelpDialog-smartFilterBar-btnBasicSearch-I\")]"}
RESULT: {"using":"xpath","value":"//input[contains(@id ,\"application-iscschedules-display-component---createSchedule--resourceValue-valueHelpDialog-smartFilterBar-btnBasicSearch-I\")]"}
COMMAND: POST /session/f23c62a335ede65311f3d1fa5a6085ab/elements - {"using":"xpath","value":"//input[contains(@id ,\"application-iscschedules-display-component---createSchedule--resourceValue-valueHelpDialog-smartFilterBar-btnBasicSearch-I\")]"}
RESULT: {"using":"xpath","value":"//input[contains(@id ,\"application-iscschedules-display-component---createSchedule--resourceValue-valueHelpDialog-smartFilterBar-btnBasicSearch-I\")]"}
COMMAND: POST /session/f23c62a335ede65311f3d1fa5a6085ab/elements - {"using":"xpath","value":"//input[contains(@id ,\"application-iscschedules-display-component---createSchedule--resourceValue-valueHelpDialog-smartFilterBar-btnBasicSearch-I\")]"}
RESULT: {"using":"xpath","value":"//input[contains(@id ,\"application-iscschedules-display-component---createSchedule--resourceValue-valueHelpDialog-smartFilterBar-btnBasicSearch-I\")]"}
COMMAND: POST /session/f23c62a335ede65311f3d1fa5a6085ab/elements - {"using":"xpath","value":"//input[contains(@id ,\"application-iscschedules-display-component---createSchedule--resourceValue-valueHelpDialog-smartFilterBar-btnBasicSearch-I\")]"}
RESULT: {"using":"xpath","value":"//input[contains(@id ,\"application-iscschedules-display-component---createSchedule--resourceValue-valueHelpDialog-smartFilterBar-btnBasicSearch-I\")]"}
COMMAND: POST /session/f23c62a335ede65311f3d1fa5a6085ab/elements - {"using":"xpath","value":"//input[contains(@id ,\"application-iscschedules-display-component---createSchedule--resourceValue-valueHelpDialog-smartFilterBar-btnBasicSearch-I\")]"}
RESULT: {"using":"xpath","value":"//input[contains(@id ,\"application-iscschedules-display-component---createSchedule--resourceValue-valueHelpDialog-smartFilterBar-btnBasicSearch-I\")]"}
COMMAND: POST /session/f23c62a335ede65311f3d1fa5a6085ab/elements - {"using":"xpath","value":"//input[contains(@id ,\"application-iscschedules-display-component---createSchedule--resourceValue-valueHelpDialog-smartFilterBar-btnBasicSearch-I\")]"}
RESULT: {"using":"xpath","value":"//input[contains(@id ,\"application-iscschedules-display-component---createSchedule--resourceValue-valueHelpDialog-smartFilterBar-btnBasicSearch-I\")]"}
COMMAND: POST /session/f23c62a335ede65311f3d1fa5a6085ab/elements - {"using":"xpath","value":"//input[contains(@id ,\"application-iscschedules-display-component---createSchedule--resourceValue-valueHelpDialog-smartFilterBar-btnBasicSearch-I\")]"}
RESULT: {"using":"xpath","value":"//input[contains(@id ,\"application-iscschedules-display-component---createSchedule--resourceValue-valueHelpDialog-smartFilterBar-btnBasicSearch-I\")]"}
COMMAND: POST /session/f23c62a335ede65311f3d1fa5a6085ab/elements - {"using":"xpath","value":"//input[contains(@id ,\"application-iscschedules-display-component---createSchedule--resourceValue-valueHelpDialog-smartFilterBar-btnBasicSearch-I\")]"}
RESULT: {"using":"xpath","value":"//input[contains(@id ,\"application-iscschedules-display-component---createSchedule--resourceValue-valueHelpDialog-smartFilterBar-btnBasicSearch-I\")]"}
COMMAND: POST /session/f23c62a335ede65311f3d1fa5a6085ab/elements - {"using":"xpath","value":"//input[contains(@id ,\"application-iscschedules-display-component---createSchedule--resourceValue-valueHelpDialog-smartFilterBar-btnBasicSearch-I\")]"}
RESULT: {"using":"xpath","value":"//input[contains(@id ,\"application-iscschedules-display-component---createSchedule--resourceValue-valueHelpDialog-smartFilterBar-btnBasicSearch-I\")]"}
COMMAND: POST /session/f23c62a335ede65311f3d1fa5a6085ab/elements - {"using":"xpath","value":"//input[contains(@id ,\"application-iscschedules-display-component---createSchedule--resourceValue-valueHelpDialog-smartFilterBar-btnBasicSearch-I\")]"}
RESULT: {"using":"xpath","value":"//input[contains(@id ,\"application-iscschedules-display-component---createSchedule--resourceValue-valueHelpDialog-smartFilterBar-btnBasicSearch-I\")]"}
COMMAND: POST /session/f23c62a335ede65311f3d1fa5a6085ab/elements - {"using":"xpath","value":"//input[contains(@id ,\"application-iscschedules-display-component---createSchedule--resourceValue-valueHelpDialog-smartFilterBar-btnBasicSearch-I\")]"}
RESULT: {"using":"xpath","value":"//input[contains(@id ,\"application-iscschedules-display-component---createSchedule--resourceValue-valueHelpDialog-smartFilterBar-btnBasicSearch-I\")]"}
COMMAND: POST /session/f23c62a335ede65311f3d1fa5a6085ab/elements - {"using":"xpath","value":"//input[contains(@id ,\"application-iscschedules-display-component---createSchedule--resourceValue-valueHelpDialog-smartFilterBar-btnBasicSearch-I\")]"}
RESULT: {"using":"xpath","value":"//input[contains(@id ,\"application-iscschedules-display-component---createSchedule--resourceValue-valueHelpDialog-smartFilterBar-btnBasicSearch-I\")]"}
COMMAND: POST /session/f23c62a335ede65311f3d1fa5a6085ab/elements - {"using":"xpath","value":"//input[contains(@id ,\"application-iscschedules-display-component---createSchedule--resourceValue-valueHelpDialog-smartFilterBar-btnBasicSearch-I\")]"}
RESULT: {"using":"xpath","value":"//input[contains(@id ,\"application-iscschedules-display-component---createSchedule--resourceValue-valueHelpDialog-smartFilterBar-btnBasicSearch-I\")]"}
COMMAND: POST /session/f23c62a335ede65311f3d1fa5a6085ab/elements - {"using":"xpath","value":"//input[contains(@id ,\"application-iscschedules-display-component---createSchedule--resourceValue-valueHelpDialog-smartFilterBar-btnBasicSearch-I\")]"}
RESULT: {"using":"xpath","value":"//input[contains(@id ,\"application-iscschedules-display-component---createSchedule--resourceValue-valueHelpDialog-smartFilterBar-btnBasicSearch-I\")]"}
COMMAND: POST /session/f23c62a335ede65311f3d1fa5a6085ab/elements - {"using":"xpath","value":"//input[contains(@id ,\"application-iscschedules-display-component---createSchedule--resourceValue-valueHelpDialog-smartFilterBar-btnBasicSearch-I\")]"}
RESULT: {"using":"xpath","value":"//input[contains(@id ,\"application-iscschedules-display-component---createSchedule--resourceValue-valueHelpDialog-smartFilterBar-btnBasicSearch-I\")]"}
COMMAND: POST /session/f23c62a335ede65311f3d1fa5a6085ab/elements - {"using":"xpath","value":"//input[contains(@id ,\"application-iscschedules-display-component---createSchedule--resourceValue-valueHelpDialog-smartFilterBar-btnBasicSearch-I\")]"}
RESULT: {"using":"xpath","value":"//input[contains(@id ,\"application-iscschedules-display-component---createSchedule--resourceValue-valueHelpDialog-smartFilterBar-btnBasicSearch-I\")]"}
COMMAND: POST /session/f23c62a335ede65311f3d1fa5a6085ab/elements - {"using":"xpath","value":"//input[contains(@id ,\"application-iscschedules-display-component---createSchedule--resourceValue-valueHelpDialog-smartFilterBar-btnBasicSearch-I\")]"}
RESULT: {"using":"xpath","value":"//input[contains(@id ,\"application-iscschedules-display-component---createSchedule--resourceValue-valueHelpDialog-smartFilterBar-btnBasicSearch-I\")]"}
COMMAND: POST /session/f23c62a335ede65311f3d1fa5a6085ab/elements - {"using":"xpath","value":"//input[contains(@id ,\"application-iscschedules-display-component---createSchedule--resourceValue-valueHelpDialog-smartFilterBar-btnBasicSearch-I\")]"}
RESULT: {"using":"xpath","value":"//input[contains(@id ,\"application-iscschedules-display-component---createSchedule--resourceValue-valueHelpDialog-smartFilterBar-btnBasicSearch-I\")]"}
COMMAND: POST /session/f23c62a335ede65311f3d1fa5a6085ab/elements - {"using":"xpath","value":"//input[contains(@id ,\"application-iscschedules-display-component---createSchedule--resourceValue-valueHelpDialog-smartFilterBar-btnBasicSearch-I\")]"}
RESULT: {"using":"xpath","value":"//input[contains(@id ,\"application-iscschedules-display-component---createSchedule--resourceValue-valueHelpDialog-smartFilterBar-btnBasicSearch-I\")]"}
COMMAND: POST /session/f23c62a335ede65311f3d1fa5a6085ab/elements - {"using":"xpath","value":"//input[contains(@id ,\"application-iscschedules-display-component---createSchedule--resourceValue-valueHelpDialog-smartFilterBar-btnBasicSearch-I\")]"}
RESULT: {"using":"xpath","value":"//input[contains(@id ,\"application-iscschedules-display-component---createSchedule--resourceValue-valueHelpDialog-smartFilterBar-btnBasicSearch-I\")]"}
COMMAND: POST /session/f23c62a335ede65311f3d1fa5a6085ab/elements - {"using":"xpath","value":"//input[contains(@id ,\"application-iscschedules-display-component---createSchedule--resourceValue-valueHelpDialog-smartFilterBar-btnBasicSearch-I\")]"}
RESULT: {"using":"xpath","value":"//input[contains(@id ,\"application-iscschedules-display-component---createSchedule--resourceValue-valueHelpDialog-smartFilterBar-btnBasicSearch-I\")]"}
COMMAND: POST /session/f23c62a335ede65311f3d1fa5a6085ab/elements - {"using":"xpath","value":"//input[contains(@id ,\"application-iscschedules-display-component---createSchedule--resourceValue-valueHelpDialog-smartFilterBar-btnBasicSearch-I\")]"}
RESULT: {"using":"xpath","value":"//input[contains(@id ,\"application-iscschedules-display-component---createSchedule--resourceValue-valueHelpDialog-smartFilterBar-btnBasicSearch-I\")]"}
COMMAND: POST /session/f23c62a335ede65311f3d1fa5a6085ab/elements - {"using":"xpath","value":"//input[contains(@id ,\"application-iscschedules-display-component---createSchedule--resourceValue-valueHelpDialog-smartFilterBar-btnBasicSearch-I\")]"}
RESULT: {"using":"xpath","value":"//input[contains(@id ,\"application-iscschedules-display-component---createSchedule--resourceValue-valueHelpDialog-smartFilterBar-btnBasicSearch-I\")]"}
COMMAND: POST /session/f23c62a335ede65311f3d1fa5a6085ab/elements - {"using":"xpath","value":"//input[contains(@id ,\"application-iscschedules-display-component---createSchedule--resourceValue-valueHelpDialog-smartFilterBar-btnBasicSearch-I\")]"}
RESULT: {"using":"xpath","value":"//input[contains(@id ,\"application-iscschedules-display-component---createSchedule--resourceValue-valueHelpDialog-smartFilterBar-btnBasicSearch-I\")]"}
COMMAND: POST /session/f23c62a335ede65311f3d1fa5a6085ab/elements - {"using":"xpath","value":"//input[contains(@id ,\"application-iscschedules-display-component---createSchedule--resourceValue-valueHelpDialog-smartFilterBar-btnBasicSearch-I\")]"}
RESULT: {"using":"xpath","value":"//input[contains(@id ,\"application-iscschedules-display-component---createSchedule--resourceValue-valueHelpDialog-smartFilterBar-btnBasicSearch-I\")]"}
COMMAND: POST /session/f23c62a335ede65311f3d1fa5a6085ab/elements - {"using":"xpath","value":"//input[contains(@id ,\"application-iscschedules-display-component---createSchedule--resourceValue-valueHelpDialog-smartFilterBar-btnBasicSearch-I\")]"}
RESULT: {"using":"xpath","value":"//input[contains(@id ,\"application-iscschedules-display-component---createSchedule--resourceValue-valueHelpDialog-smartFilterBar-btnBasicSearch-I\")]"}
COMMAND: POST /session/f23c62a335ede65311f3d1fa5a6085ab/elements - {"using":"xpath","value":"//input[contains(@id ,\"application-iscschedules-display-component---createSchedule--resourceValue-valueHelpDialog-smartFilterBar-btnBasicSearch-I\")]"}
RESULT: {"using":"xpath","value":"//input[contains(@id ,\"application-iscschedules-display-component---createSchedule--resourceValue-valueHelpDialog-smartFilterBar-btnBasicSearch-I\")]"}
COMMAND: POST /session/f23c62a335ede65311f3d1fa5a6085ab/elements - {"using":"xpath","value":"//input[contains(@id ,\"application-iscschedules-display-component---createSchedule--resourceValue-valueHelpDialog-smartFilterBar-btnBasicSearch-I\")]"}
RESULT: {"using":"xpath","value":"//input[contains(@id ,\"application-iscschedules-display-component---createSchedule--resourceValue-valueHelpDialog-smartFilterBar-btnBasicSearch-I\")]"}
COMMAND: POST /session/f23c62a335ede65311f3d1fa5a6085ab/elements - {"using":"xpath","value":"//input[contains(@id ,\"application-iscschedules-display-component---createSchedule--resourceValue-valueHelpDialog-smartFilterBar-btnBasicSearch-I\")]"}
RESULT: {"using":"xpath","value":"//input[contains(@id ,\"application-iscschedules-display-component---createSchedule--resourceValue-valueHelpDialog-smartFilterBar-btnBasicSearch-I\")]"}
COMMAND: POST /session/f23c62a335ede65311f3d1fa5a6085ab/elements - {"using":"xpath","value":"//input[contains(@id ,\"application-iscschedules-display-component---createSchedule--resourceValue-valueHelpDialog-smartFilterBar-btnBasicSearch-I\")]"}
RESULT: {"using":"xpath","value":"//input[contains(@id ,\"application-iscschedules-display-component---createSchedule--resourceValue-valueHelpDialog-smartFilterBar-btnBasicSearch-I\")]"}
COMMAND: POST /session/f23c62a335ede65311f3d1fa5a6085ab/elements - {"using":"xpath","value":"//input[contains(@id ,\"application-iscschedules-display-component---createSchedule--resourceValue-valueHelpDialog-smartFilterBar-btnBasicSearch-I\")]"}
RESULT: {"using":"xpath","value":"//input[contains(@id ,\"application-iscschedules-display-component---createSchedule--resourceValue-valueHelpDialog-smartFilterBar-btnBasicSearch-I\")]"}
COMMAND: POST /session/f23c62a335ede65311f3d1fa5a6085ab/elements - {"using":"xpath","value":"//input[contains(@id ,\"application-iscschedules-display-component---createSchedule--resourceValue-valueHelpDialog-smartFilterBar-btnBasicSearch-I\")]"}
RESULT: {"using":"xpath","value":"//input[contains(@id ,\"application-iscschedules-display-component---createSchedule--resourceValue-valueHelpDialog-smartFilterBar-btnBasicSearch-I\")]"}
COMMAND: POST /session/f23c62a335ede65311f3d1fa5a6085ab/elements - {"using":"xpath","value":"//input[contains(@id ,\"application-iscschedules-display-component---createSchedule--resourceValue-valueHelpDialog-smartFilterBar-btnBasicSearch-I\")]"}
RESULT: {"using":"xpath","value":"//input[contains(@id ,\"application-iscschedules-display-component---createSchedule--resourceValue-valueHelpDialog-smartFilterBar-btnBasicSearch-I\")]"}
COMMAND: POST /session/f23c62a335ede65311f3d1fa5a6085ab/elements - {"using":"xpath","value":"//input[contains(@id ,\"application-iscschedules-display-component---createSchedule--resourceValue-valueHelpDialog-smartFilterBar-btnBasicSearch-I\")]"}
RESULT: {"using":"xpath","value":"//input[contains(@id ,\"application-iscschedules-display-component---createSchedule--resourceValue-valueHelpDialog-smartFilterBar-btnBasicSearch-I\")]"}
COMMAND: POST /session/f23c62a335ede65311f3d1fa5a6085ab/elements - {"using":"xpath","value":"//input[contains(@id ,\"application-iscschedules-display-component---createSchedule--resourceValue-valueHelpDialog-smartFilterBar-btnBasicSearch-I\")]"}
RESULT: {"using":"xpath","value":"//input[contains(@id ,\"application-iscschedules-display-component---createSchedule--resourceValue-valueHelpDialog-smartFilterBar-btnBasicSearch-I\")]"}
COMMAND: POST /session/f23c62a335ede65311f3d1fa5a6085ab/elements - {"using":"xpath","value":"//input[contains(@id ,\"application-iscschedules-display-component---createSchedule--resourceValue-valueHelpDialog-smartFilterBar-btnBasicSearch-I\")]"}
RESULT: {"using":"xpath","value":"//input[contains(@id ,\"application-iscschedules-display-component---createSchedule--resourceValue-valueHelpDialog-smartFilterBar-btnBasicSearch-I\")]"}
COMMAND: POST /session/f23c62a335ede65311f3d1fa5a6085ab/elements - {"using":"xpath","value":"//input[contains(@id ,\"application-iscschedules-display-component---createSchedule--resourceValue-valueHelpDialog-smartFilterBar-btnBasicSearch-I\")]"}
RESULT: {"using":"xpath","value":"//input[contains(@id ,\"application-iscschedules-display-component---createSchedule--resourceValue-valueHelpDialog-smartFilterBar-btnBasicSearch-I\")]"}
COMMAND: POST /session/f23c62a335ede65311f3d1fa5a6085ab/elements - {"using":"xpath","value":"//input[contains(@id ,\"application-iscschedules-display-component---createSchedule--resourceValue-valueHelpDialog-smartFilterBar-btnBasicSearch-I\")]"}
RESULT: {"using":"xpath","value":"//input[contains(@id ,\"application-iscschedules-display-component---createSchedule--resourceValue-valueHelpDialog-smartFilterBar-btnBasicSearch-I\")]"}
COMMAND: POST /session/f23c62a335ede65311f3d1fa5a6085ab/elements - {"using":"xpath","value":"//input[contains(@id ,\"application-iscschedules-display-component---createSchedule--resourceValue-valueHelpDialog-smartFilterBar-btnBasicSearch-I\")]"}
RESULT: {"using":"xpath","value":"//input[contains(@id ,\"application-iscschedules-display-component---createSchedule--resourceValue-valueHelpDialog-smartFilterBar-btnBasicSearch-I\")]"}
COMMAND: POST /session/f23c62a335ede65311f3d1fa5a6085ab/elements - {"using":"xpath","value":"//input[contains(@id ,\"application-iscschedules-display-component---createSchedule--resourceValue-valueHelpDialog-smartFilterBar-btnBasicSearch-I\")]"}
RESULT: {"using":"xpath","value":"//input[contains(@id ,\"application-iscschedules-display-component---createSchedule--resourceValue-valueHelpDialog-smartFilterBar-btnBasicSearch-I\")]"}
COMMAND: POST /session/f23c62a335ede65311f3d1fa5a6085ab/elements - {"using":"xpath","value":"//input[contains(@id ,\"application-iscschedules-display-component---createSchedule--resourceValue-valueHelpDialog-smartFilterBar-btnBasicSearch-I\")]"}
RESULT: {"using":"xpath","value":"//input[contains(@id ,\"application-iscschedules-display-component---createSchedule--resourceValue-valueHelpDialog-smartFilterBar-btnBasicSearch-I\")]"}
COMMAND: POST /session/f23c62a335ede65311f3d1fa5a6085ab/elements - {"using":"xpath","value":"//input[contains(@id ,\"application-iscschedules-display-component---createSchedule--resourceValue-valueHelpDialog-smartFilterBar-btnBasicSearch-I\")]"}
RESULT: {"using":"xpath","value":"//input[contains(@id ,\"application-iscschedules-display-component---createSchedule--resourceValue-valueHelpDialog-smartFilterBar-btnBasicSearch-I\")]"}
COMMAND: POST /session/f23c62a335ede65311f3d1fa5a6085ab/elements - {"using":"xpath","value":"//input[contains(@id ,\"application-iscschedules-display-component---createSchedule--resourceValue-valueHelpDialog-smartFilterBar-btnBasicSearch-I\")]"}
RESULT: {"using":"xpath","value":"//input[contains(@id ,\"application-iscschedules-display-component---createSchedule--resourceValue-valueHelpDialog-smartFilterBar-btnBasicSearch-I\")]"}
COMMAND: POST /session/f23c62a335ede65311f3d1fa5a6085ab/elements - {"using":"xpath","value":"//input[contains(@id ,\"application-iscschedules-display-component---createSchedule--resourceValue-valueHelpDialog-smartFilterBar-btnBasicSearch-I\")]"}
RESULT: {"using":"xpath","value":"//input[contains(@id ,\"application-iscschedules-display-component---createSchedule--resourceValue-valueHelpDialog-smartFilterBar-btnBasicSearch-I\")]"}
COMMAND: POST /session/f23c62a335ede65311f3d1fa5a6085ab/elements - {"using":"xpath","value":"//input[contains(@id ,\"application-iscschedules-display-component---createSchedule--resourceValue-valueHelpDialog-smartFilterBar-btnBasicSearch-I\")]"}
RESULT: {"using":"xpath","value":"//input[contains(@id ,\"application-iscschedules-display-component---createSchedule--resourceValue-valueHelpDialog-smartFilterBar-btnBasicSearch-I\")]"}
COMMAND: POST /session/f23c62a335ede65311f3d1fa5a6085ab/elements - {"using":"xpath","value":"//input[contains(@id ,\"application-iscschedules-display-component---createSchedule--resourceValue-valueHelpDialog-smartFilterBar-btnBasicSearch-I\")]"}
RESULT: {"using":"xpath","value":"//input[contains(@id ,\"application-iscschedules-display-component---createSchedule--resourceValue-valueHelpDialog-smartFilterBar-btnBasicSearch-I\")]"}
COMMAND: POST /session/f23c62a335ede65311f3d1fa5a6085ab/elements - {"using":"xpath","value":"//input[contains(@id ,\"application-iscschedules-display-component---createSchedule--resourceValue-valueHelpDialog-smartFilterBar-btnBasicSearch-I\")]"}
RESULT: {"using":"xpath","value":"//input[contains(@id ,\"application-iscschedules-display-component---createSchedule--resourceValue-valueHelpDialog-smartFilterBar-btnBasicSearch-I\")]"}
COMMAND: POST /session/f23c62a335ede65311f3d1fa5a6085ab/elements - {"using":"xpath","value":"//input[contains(@id ,\"application-iscschedules-display-component---createSchedule--resourceValue-valueHelpDialog-smartFilterBar-btnBasicSearch-I\")]"}
RESULT: {"using":"xpath","value":"//input[contains(@id ,\"application-iscschedules-display-component---createSchedule--resourceValue-valueHelpDialog-smartFilterBar-btnBasicSearch-I\")]"}
COMMAND: POST /session/f23c62a335ede65311f3d1fa5a6085ab/elements - {"using":"xpath","value":"//input[contains(@id ,\"application-iscschedules-display-component---createSchedule--resourceValue-valueHelpDialog-smartFilterBar-btnBasicSearch-I\")]"}
RESULT: {"using":"xpath","value":"//input[contains(@id ,\"application-iscschedules-display-component---createSchedule--resourceValue-valueHelpDialog-smartFilterBar-btnBasicSearch-I\")]"}
COMMAND: POST /session/f23c62a335ede65311f3d1fa5a6085ab/elements - {"using":"xpath","value":"//input[contains(@id ,\"application-iscschedules-display-component---createSchedule--resourceValue-valueHelpDialog-smartFilterBar-btnBasicSearch-I\")]"}
RESULT: {"using":"xpath","value":"//input[contains(@id ,\"application-iscschedules-display-component---createSchedule--resourceValue-valueHelpDialog-smartFilterBar-btnBasicSearch-I\")]"}
COMMAND: POST /session/f23c62a335ede65311f3d1fa5a6085ab/elements - {"using":"xpath","value":"//input[contains(@id ,\"application-iscschedules-display-component---createSchedule--resourceValue-valueHelpDialog-smartFilterBar-btnBasicSearch-I\")]"}
RESULT: {"using":"xpath","value":"//input[contains(@id ,\"application-iscschedules-display-component---createSchedule--resourceValue-valueHelpDialog-smartFilterBar-btnBasicSearch-I\")]"}
COMMAND: POST /session/f23c62a335ede65311f3d1fa5a6085ab/elements - {"using":"xpath","value":"//input[contains(@id ,\"application-iscschedules-display-component---createSchedule--resourceValue-valueHelpDialog-smartFilterBar-btnBasicSearch-I\")]"}
RESULT: {"using":"xpath","value":"//input[contains(@id ,\"application-iscschedules-display-component---createSchedule--resourceValue-valueHelpDialog-smartFilterBar-btnBasicSearch-I\")]"}
COMMAND: POST /session/f23c62a335ede65311f3d1fa5a6085ab/elements - {"using":"xpath","value":"//input[contains(@id ,\"application-iscschedules-display-component---createSchedule--resourceValue-valueHelpDialog-smartFilterBar-btnBasicSearch-I\")]"}
RESULT: {"using":"xpath","value":"//input[contains(@id ,\"application-iscschedules-display-component---createSchedule--resourceValue-valueHelpDialog-smartFilterBar-btnBasicSearch-I\")]"}
COMMAND: POST /session/f23c62a335ede65311f3d1fa5a6085ab/elements - {"using":"xpath","value":"//input[contains(@id ,\"application-iscschedules-display-component---createSchedule--resourceValue-valueHelpDialog-smartFilterBar-btnBasicSearch-I\")]"}
RESULT: {"using":"xpath","value":"//input[contains(@id ,\"application-iscschedules-display-component---createSchedule--resourceValue-valueHelpDialog-smartFilterBar-btnBasicSearch-I\")]"}
COMMAND: POST /session/f23c62a335ede65311f3d1fa5a6085ab/elements - {"using":"xpath","value":"//input[contains(@id ,\"application-iscschedules-display-component---createSchedule--resourceValue-valueHelpDialog-smartFilterBar-btnBasicSearch-I\")]"}
RESULT: {"using":"xpath","value":"//input[contains(@id ,\"application-iscschedules-display-component---createSchedule--resourceValue-valueHelpDialog-smartFilterBar-btnBasicSearch-I\")]"}
COMMAND: GET /session/f23c62a335ede65311f3d1fa5a6085ab/screenshot - {}
RESULT: {}
]]></system-out>
      <system-err><![CDATA[
Error: Can't call setValue on element with selector "//input[contains(@id ,"application-iscschedules-display-component---createSchedule--resourceValue-valueHelpDialog-smartFilterBar-btnBasicSearch-I")]" because element wasn't found
    at async Context.<anonymous> (D:\a\1\s\test\specs\ISC\create-schedule-with-time-schedule-with-counter.spec.js:737:9)
]]></system-err>
    </testcase>
    <testcase classname="chrome.136_0_7103_93.windows.ISC_Create_schedule_with_time_schedule_with_counter_US138269" name="Update the counter in states and perf and verify if the changes are reflected in the schedule" time="115.309">
      <failure/>
      <error message="Can't call click on element with selector &quot;//bdi[contains(@id ,&quot;anchBar-application-iscschedules-display-component---displaySchedule--templateUnitSection-anchor-BDI-content&quot;)]&quot; because element wasn't found"/>
      <system-out><![CDATA[
COMMAND: POST /session/f23c62a335ede65311f3d1fa5a6085ab/execute/async - {"script":"<script> [1562 bytes]","args":[{"selector":{"controlType":"sap.m.GenericTile","properties":{"header":"Manage States & Performance"}},"wdio_ui5_key":"sapm.GenericTile{\"header\":\"Manage States & Performance\"}"}]}
COMMAND: GET /session/f23c62a335ede65311f3d1fa5a6085ab/screenshot - {}
RESULT: {"script":"<script> [1562 bytes]","args":[{"selector":{"controlType":"sap.m.GenericTile","properties":{"header":"Manage States & Performance"}},"wdio_ui5_key":"sapm.GenericTile{\"header\":\"Manage States & Performance\"}"}]}
RESULT: undefined
RESULT: {}
COMMAND: POST /session/f23c62a335ede65311f3d1fa5a6085ab/elements - {"using":"xpath","value":"//span[text()='Error']"}
RESULT: {"using":"xpath","value":"//span[text()='Error']"}
COMMAND: POST /session/f23c62a335ede65311f3d1fa5a6085ab/elements - {"using":"xpath","value":"//*[text()='Close']"}
RESULT: {"using":"xpath","value":"//*[text()='Close']"}
COMMAND: GET /session/f23c62a335ede65311f3d1fa5a6085ab/element/f.EECC5A59339153F4E32AADCFCAFC18E9.d.15CA22CB8AFCB668A3722B8407F99264.e.1434/enabled - {}
RESULT: {}
COMMAND: POST /session/f23c62a335ede65311f3d1fa5a6085ab/execute/sync - {"script":"<script> [8489 bytes]","args":[{"element-6066-11e4-a52e-4f735466cecf":"f.EECC5A59339153F4E32AADCFCAFC18E9.d.15CA22CB8AFCB668A3722B8407F99264.e.1434","ELEMENT":"f.EECC5A59339153F4E32AADCFCAFC18E9.d.15CA22CB8AFCB668A3722B8407F99264.e.1434"}]}
COMMAND: GET /session/f23c62a335ede65311f3d1fa5a6085ab/screenshot - {}
RESULT: {"script":"<script> [8489 bytes]","args":[{"element-6066-11e4-a52e-4f735466cecf":"f.EECC5A59339153F4E32AADCFCAFC18E9.d.15CA22CB8AFCB668A3722B8407F99264.e.1434","ELEMENT":"f.EECC5A59339153F4E32AADCFCAFC18E9.d.15CA22CB8AFCB668A3722B8407F99264.e.1434"}]}
COMMAND: POST /session/f23c62a335ede65311f3d1fa5a6085ab/execute/sync - {"script":"<script> [5351 bytes]","args":[{"element-6066-11e4-a52e-4f735466cecf":"f.EECC5A59339153F4E32AADCFCAFC18E9.d.15CA22CB8AFCB668A3722B8407F99264.e.1434","ELEMENT":"f.EECC5A59339153F4E32AADCFCAFC18E9.d.15CA22CB8AFCB668A3722B8407F99264.e.1434"}]}
COMMAND: GET /session/f23c62a335ede65311f3d1fa5a6085ab/screenshot - {}
RESULT: {}
RESULT: {"script":"<script> [5351 bytes]","args":[{"element-6066-11e4-a52e-4f735466cecf":"f.EECC5A59339153F4E32AADCFCAFC18E9.d.15CA22CB8AFCB668A3722B8407F99264.e.1434","ELEMENT":"f.EECC5A59339153F4E32AADCFCAFC18E9.d.15CA22CB8AFCB668A3722B8407F99264.e.1434"}]}
COMMAND: POST /session/f23c62a335ede65311f3d1fa5a6085ab/element/f.EECC5A59339153F4E32AADCFCAFC18E9.d.15CA22CB8AFCB668A3722B8407F99264.e.1434/click - {}
COMMAND: GET /session/f23c62a335ede65311f3d1fa5a6085ab/screenshot - {}
RESULT: {}
RESULT: {}
COMMAND: POST /session/f23c62a335ede65311f3d1fa5a6085ab/elements - {"using":"xpath","value":"//*[text()='OK']"}
COMMAND: GET /session/f23c62a335ede65311f3d1fa5a6085ab/screenshot - {}
RESULT: {}
RESULT: {"using":"xpath","value":"//*[text()='OK']"}
RESULT: {}
COMMAND: POST /session/f23c62a335ede65311f3d1fa5a6085ab/execute/async - {"script":"<script> [1562 bytes]","args":[{"selector":{"id":"application-managestatesandperformance-display-component---stateAndPerform--smartFilterBarResources-btnBasicSearch","interaction":{"idSuffix":"I"}},"wdio_ui5_key":"applicationmanagestatesandperformance-display-component---stateAndPerform--smartFilterBarResources-btnBasicSearch"}]}
RESULT: {"script":"<script> [1562 bytes]","args":[{"selector":{"id":"application-managestatesandperformance-display-component---stateAndPerform--smartFilterBarResources-btnBasicSearch","interaction":{"idSuffix":"I"}},"wdio_ui5_key":"applicationmanagestatesandperformance-display-component---stateAndPerform--smartFilterBarResources-btnBasicSearch"}]}
RESULT: undefined
COMMAND: POST /session/f23c62a335ede65311f3d1fa5a6085ab/actions - {"actions":[{"id":"action6","type":"key","parameters":{},"actions":[{"type":"keyDown","value":""},{"type":"pause","duration":10},{"type":"keyUp","value":""}]}]}
RESULT: {"actions":[{"id":"action6","type":"key","parameters":{},"actions":[{"type":"keyDown","value":""},{"type":"pause","duration":10},{"type":"keyUp","value":""}]}]}
COMMAND: POST /session/f23c62a335ede65311f3d1fa5a6085ab/execute/async - {"script":"<script> [1562 bytes]","args":[{"selector":{"controlType":"sap.ui.core.Icon","viewName":"etm.portal.ui.managestatesandperformance.view.Master","viewId":"application-managestatesandperformance-display-component---stateAndPerform","properties":{"src":{"regex":{"source":"slim\\-arrow\\-right"}}}},"wdio_ui5_key":"etmportal.ui.managestatesandperformance.view.Mastersap.ui.core.Icon{\"src\":{\"regex\":{\"source\":\"slim\\\\-arrow\\\\-right\"}}}"}]}
COMMAND: GET /session/f23c62a335ede65311f3d1fa5a6085ab/screenshot - {}
RESULT: {"script":"<script> [1562 bytes]","args":[{"selector":{"controlType":"sap.ui.core.Icon","viewName":"etm.portal.ui.managestatesandperformance.view.Master","viewId":"application-managestatesandperformance-display-component---stateAndPerform","properties":{"src":{"regex":{"source":"slim\\-arrow\\-right"}}}},"wdio_ui5_key":"etmportal.ui.managestatesandperformance.view.Mastersap.ui.core.Icon{\"src\":{\"regex\":{\"source\":\"slim\\\\-arrow\\\\-right\"}}}"}]}
RESULT: undefined
COMMAND: POST /session/f23c62a335ede65311f3d1fa5a6085ab/execute/async - {"script":"<script> [1562 bytes]","args":[{"selector":{"controlType":"sap.m.Button","viewName":"etm.portal.ui.managestatesandperformance.view.Detail","viewId":"application-managestatesandperformance-display-component---detailStateAndPerform","properties":{"text":"Performance Documents"}},"wdio_ui5_key":"etmportal.ui.managestatesandperformance.view.Detailsap.m.Button{\"text\":\"Performance Documents\"}"}]}
RESULT: {}
RESULT: {"script":"<script> [1562 bytes]","args":[{"selector":{"controlType":"sap.m.Button","viewName":"etm.portal.ui.managestatesandperformance.view.Detail","viewId":"application-managestatesandperformance-display-component---detailStateAndPerform","properties":{"text":"Performance Documents"}},"wdio_ui5_key":"etmportal.ui.managestatesandperformance.view.Detailsap.m.Button{\"text\":\"Performance Documents\"}"}]}
RESULT: undefined
COMMAND: POST /session/f23c62a335ede65311f3d1fa5a6085ab/execute/async - {"script":"<script> [1562 bytes]","args":[{"selector":{"controlType":"sap.m.Button","viewName":"etm.portal.ui.managestatesandperformance.view.Detail","viewId":"application-managestatesandperformance-display-component---detailStateAndPerform","i18NText":{"propertyName":"text","key":"createPerformanceDoc"},"interaction":{"idSuffix":"BDI-content"}},"wdio_ui5_key":"etmportal.ui.managestatesandperformance.view.Detailsap.m.Button{\"propertyName\":\"text\",\"key\":\"createPerformanceDoc\"}"}]}
RESULT: {"script":"<script> [1562 bytes]","args":[{"selector":{"controlType":"sap.m.Button","viewName":"etm.portal.ui.managestatesandperformance.view.Detail","viewId":"application-managestatesandperformance-display-component---detailStateAndPerform","i18NText":{"propertyName":"text","key":"createPerformanceDoc"},"interaction":{"idSuffix":"BDI-content"}},"wdio_ui5_key":"etmportal.ui.managestatesandperformance.view.Detailsap.m.Button{\"propertyName\":\"text\",\"key\":\"createPerformanceDoc\"}"}]}
RESULT: undefined
COMMAND: POST /session/f23c62a335ede65311f3d1fa5a6085ab/execute/async - {"script":"<script> [1562 bytes]","args":[{"selector":{"id":"application-managestatesandperformance-display-component---detailStateAndPerform--perfDocDatePicker","searchOpenDialogs":true,"interaction":{"idSuffix":"inner"}},"wdio_ui5_key":"applicationmanagestatesandperformance-display-component---detailStateAndPerform--perfDocDatePicker"}]}
RESULT: {"script":"<script> [1562 bytes]","args":[{"selector":{"id":"application-managestatesandperformance-display-component---detailStateAndPerform--perfDocDatePicker","searchOpenDialogs":true,"interaction":{"idSuffix":"inner"}},"wdio_ui5_key":"applicationmanagestatesandperformance-display-component---detailStateAndPerform--perfDocDatePicker"}]}
RESULT: undefined
COMMAND: POST /session/f23c62a335ede65311f3d1fa5a6085ab/execute/async - {"script":"<script> [1562 bytes]","args":[{"selector":{"id":"application-managestatesandperformance-display-component---detailStateAndPerform--counterValue-input","searchOpenDialogs":true,"interaction":{"idSuffix":"inner"}},"wdio_ui5_key":"applicationmanagestatesandperformance-display-component---detailStateAndPerform--counterValue-input"}]}
RESULT: {"script":"<script> [1562 bytes]","args":[{"selector":{"id":"application-managestatesandperformance-display-component---detailStateAndPerform--counterValue-input","searchOpenDialogs":true,"interaction":{"idSuffix":"inner"}},"wdio_ui5_key":"applicationmanagestatesandperformance-display-component---detailStateAndPerform--counterValue-input"}]}
RESULT: undefined
COMMAND: POST /session/f23c62a335ede65311f3d1fa5a6085ab/execute/async - {"script":"<script> [1562 bytes]","args":[{"selector":{"controlType":"sap.m.Button","viewName":"etm.portal.ui.managestatesandperformance.view.Detail","viewId":"application-managestatesandperformance-display-component---detailStateAndPerform","bindingPath":{"path":"","propertyPath":"/allowAddEdit","modelName":"oScreenModel"},"searchOpenDialogs":true,"interaction":{"idSuffix":"BDI-content"}},"wdio_ui5_key":"etmportal.ui.managestatesandperformance.view.Detailsap.m.Button{\"path\":\"\",\"propertyPath\":\"/allowAddEdit\",\"modelName\":\"oScreenModel\"}"}]}
RESULT: {"script":"<script> [1562 bytes]","args":[{"selector":{"controlType":"sap.m.Button","viewName":"etm.portal.ui.managestatesandperformance.view.Detail","viewId":"application-managestatesandperformance-display-component---detailStateAndPerform","bindingPath":{"path":"","propertyPath":"/allowAddEdit","modelName":"oScreenModel"},"searchOpenDialogs":true,"interaction":{"idSuffix":"BDI-content"}},"wdio_ui5_key":"etmportal.ui.managestatesandperformance.view.Detailsap.m.Button{\"path\":\"\",\"propertyPath\":\"/allowAddEdit\",\"modelName\":\"oScreenModel\"}"}]}
RESULT: undefined
COMMAND: POST /session/f23c62a335ede65311f3d1fa5a6085ab/element - {"using":"css selector","value":"#shell-header-logo"}
RESULT: {"using":"css selector","value":"#shell-header-logo"}
COMMAND: POST /session/f23c62a335ede65311f3d1fa5a6085ab/element/f.EECC5A59339153F4E32AADCFCAFC18E9.d.15CA22CB8AFCB668A3722B8407F99264.e.903/click - {}
RESULT: {}
COMMAND: GET /session/f23c62a335ede65311f3d1fa5a6085ab/screenshot - {}
RESULT: {}
COMMAND: POST /session/f23c62a335ede65311f3d1fa5a6085ab/execute/async - {"script":"<script> [1562 bytes]","args":[{"selector":{"controlType":"sap.m.GenericTile","properties":{"header":"ISC Schedules"}},"wdio_ui5_key":"sapm.GenericTile{\"header\":\"ISC Schedules\"}"}]}
RESULT: {"script":"<script> [1562 bytes]","args":[{"selector":{"controlType":"sap.m.GenericTile","properties":{"header":"ISC Schedules"}},"wdio_ui5_key":"sapm.GenericTile{\"header\":\"ISC Schedules\"}"}]}
RESULT: undefined
COMMAND: POST /session/f23c62a335ede65311f3d1fa5a6085ab/element - {"using":"xpath","value":"//*[@id=\"__tile109\"]"}
RESULT: {"using":"xpath","value":"//*[@id=\"__tile109\"]"}
COMMAND: POST /session/f23c62a335ede65311f3d1fa5a6085ab/element/f.EECC5A59339153F4E32AADCFCAFC18E9.d.15CA22CB8AFCB668A3722B8407F99264.e.1438/click - {}
RESULT: {}
COMMAND: GET /session/f23c62a335ede65311f3d1fa5a6085ab/screenshot - {}
RESULT: {}
COMMAND: POST /session/f23c62a335ede65311f3d1fa5a6085ab/elements - {"using":"xpath","value":"//span[text()='Error']"}
RESULT: {"using":"xpath","value":"//span[text()='Error']"}
COMMAND: POST /session/f23c62a335ede65311f3d1fa5a6085ab/execute/async - {"script":"<script> [1562 bytes]","args":[{"selector":{"id":"application-iscschedules-display-component---scheduleList--smartFilterBar-btnBasicSearch","interaction":{"idSuffix":"I"}},"wdio_ui5_key":"applicationiscschedules-display-component---scheduleList--smartFilterBar-btnBasicSearch"}]}
RESULT: {"script":"<script> [1562 bytes]","args":[{"selector":{"id":"application-iscschedules-display-component---scheduleList--smartFilterBar-btnBasicSearch","interaction":{"idSuffix":"I"}},"wdio_ui5_key":"applicationiscschedules-display-component---scheduleList--smartFilterBar-btnBasicSearch"}]}
RESULT: undefined
COMMAND: POST /session/f23c62a335ede65311f3d1fa5a6085ab/execute/async - {"script":"<script> [776 bytes]","args":[{"enterText":"CounterSchedulebwn8z","selector":{"id":"application-iscschedules-display-component---scheduleList--smartFilterBar-btnBasicSearch","interaction":{"idSuffix":"I"}},"clearTextFirst":true,"interactionType":"ENTER_TEXT"}]}
RESULT: {"script":"<script> [776 bytes]","args":[{"enterText":"CounterSchedulebwn8z","selector":{"id":"application-iscschedules-display-component---scheduleList--smartFilterBar-btnBasicSearch","interaction":{"idSuffix":"I"}},"clearTextFirst":true,"interactionType":"ENTER_TEXT"}]}
COMMAND: POST /session/f23c62a335ede65311f3d1fa5a6085ab/actions - {"actions":[{"id":"action7","type":"key","parameters":{},"actions":[{"type":"keyDown","value":""},{"type":"pause","duration":10},{"type":"keyUp","value":""}]}]}
RESULT: {"actions":[{"id":"action7","type":"key","parameters":{},"actions":[{"type":"keyDown","value":""},{"type":"pause","duration":10},{"type":"keyUp","value":""}]}]}
COMMAND: POST /session/f23c62a335ede65311f3d1fa5a6085ab/execute/async - {"script":"<script> [1562 bytes]","args":[{"selector":{"controlType":"sap.ui.core.Icon","viewName":"etm.portal.ui.iscschedules.view.Master","viewId":"application-iscschedules-display-component---scheduleList","properties":{"src":{"regex":{"source":"slim\\-arrow\\-right"}}}},"wdio_ui5_key":"etmportal.ui.iscschedules.view.Mastersap.ui.core.Icon{\"src\":{\"regex\":{\"source\":\"slim\\\\-arrow\\\\-right\"}}}"}]}
COMMAND: GET /session/f23c62a335ede65311f3d1fa5a6085ab/screenshot - {}
RESULT: {"script":"<script> [1562 bytes]","args":[{"selector":{"controlType":"sap.ui.core.Icon","viewName":"etm.portal.ui.iscschedules.view.Master","viewId":"application-iscschedules-display-component---scheduleList","properties":{"src":{"regex":{"source":"slim\\-arrow\\-right"}}}},"wdio_ui5_key":"etmportal.ui.iscschedules.view.Mastersap.ui.core.Icon{\"src\":{\"regex\":{\"source\":\"slim\\\\-arrow\\\\-right\"}}}"}]}
RESULT: undefined
RESULT: {}
COMMAND: POST /session/f23c62a335ede65311f3d1fa5a6085ab/element - {"using":"xpath","value":"//bdi[contains(@id ,\"anchBar-application-iscschedules-display-component---displaySchedule--templateUnitSection-anchor-BDI-content\")]"}
RESULT: {"using":"xpath","value":"//bdi[contains(@id ,\"anchBar-application-iscschedules-display-component---displaySchedule--templateUnitSection-anchor-BDI-content\")]"}
COMMAND: POST /session/f23c62a335ede65311f3d1fa5a6085ab/elements - {"using":"xpath","value":"//bdi[contains(@id ,\"anchBar-application-iscschedules-display-component---displaySchedule--templateUnitSection-anchor-BDI-content\")]"}
RESULT: {"using":"xpath","value":"//bdi[contains(@id ,\"anchBar-application-iscschedules-display-component---displaySchedule--templateUnitSection-anchor-BDI-content\")]"}
COMMAND: POST /session/f23c62a335ede65311f3d1fa5a6085ab/elements - {"using":"xpath","value":"//bdi[contains(@id ,\"anchBar-application-iscschedules-display-component---displaySchedule--templateUnitSection-anchor-BDI-content\")]"}
RESULT: {"using":"xpath","value":"//bdi[contains(@id ,\"anchBar-application-iscschedules-display-component---displaySchedule--templateUnitSection-anchor-BDI-content\")]"}
COMMAND: POST /session/f23c62a335ede65311f3d1fa5a6085ab/elements - {"using":"xpath","value":"//bdi[contains(@id ,\"anchBar-application-iscschedules-display-component---displaySchedule--templateUnitSection-anchor-BDI-content\")]"}
RESULT: {"using":"xpath","value":"//bdi[contains(@id ,\"anchBar-application-iscschedules-display-component---displaySchedule--templateUnitSection-anchor-BDI-content\")]"}
COMMAND: POST /session/f23c62a335ede65311f3d1fa5a6085ab/elements - {"using":"xpath","value":"//bdi[contains(@id ,\"anchBar-application-iscschedules-display-component---displaySchedule--templateUnitSection-anchor-BDI-content\")]"}
RESULT: {"using":"xpath","value":"//bdi[contains(@id ,\"anchBar-application-iscschedules-display-component---displaySchedule--templateUnitSection-anchor-BDI-content\")]"}
COMMAND: POST /session/f23c62a335ede65311f3d1fa5a6085ab/elements - {"using":"xpath","value":"//bdi[contains(@id ,\"anchBar-application-iscschedules-display-component---displaySchedule--templateUnitSection-anchor-BDI-content\")]"}
RESULT: {"using":"xpath","value":"//bdi[contains(@id ,\"anchBar-application-iscschedules-display-component---displaySchedule--templateUnitSection-anchor-BDI-content\")]"}
COMMAND: POST /session/f23c62a335ede65311f3d1fa5a6085ab/elements - {"using":"xpath","value":"//bdi[contains(@id ,\"anchBar-application-iscschedules-display-component---displaySchedule--templateUnitSection-anchor-BDI-content\")]"}
RESULT: {"using":"xpath","value":"//bdi[contains(@id ,\"anchBar-application-iscschedules-display-component---displaySchedule--templateUnitSection-anchor-BDI-content\")]"}
COMMAND: POST /session/f23c62a335ede65311f3d1fa5a6085ab/elements - {"using":"xpath","value":"//bdi[contains(@id ,\"anchBar-application-iscschedules-display-component---displaySchedule--templateUnitSection-anchor-BDI-content\")]"}
RESULT: {"using":"xpath","value":"//bdi[contains(@id ,\"anchBar-application-iscschedules-display-component---displaySchedule--templateUnitSection-anchor-BDI-content\")]"}
COMMAND: POST /session/f23c62a335ede65311f3d1fa5a6085ab/elements - {"using":"xpath","value":"//bdi[contains(@id ,\"anchBar-application-iscschedules-display-component---displaySchedule--templateUnitSection-anchor-BDI-content\")]"}
RESULT: {"using":"xpath","value":"//bdi[contains(@id ,\"anchBar-application-iscschedules-display-component---displaySchedule--templateUnitSection-anchor-BDI-content\")]"}
COMMAND: POST /session/f23c62a335ede65311f3d1fa5a6085ab/elements - {"using":"xpath","value":"//bdi[contains(@id ,\"anchBar-application-iscschedules-display-component---displaySchedule--templateUnitSection-anchor-BDI-content\")]"}
RESULT: {"using":"xpath","value":"//bdi[contains(@id ,\"anchBar-application-iscschedules-display-component---displaySchedule--templateUnitSection-anchor-BDI-content\")]"}
COMMAND: POST /session/f23c62a335ede65311f3d1fa5a6085ab/elements - {"using":"xpath","value":"//bdi[contains(@id ,\"anchBar-application-iscschedules-display-component---displaySchedule--templateUnitSection-anchor-BDI-content\")]"}
RESULT: {"using":"xpath","value":"//bdi[contains(@id ,\"anchBar-application-iscschedules-display-component---displaySchedule--templateUnitSection-anchor-BDI-content\")]"}
COMMAND: POST /session/f23c62a335ede65311f3d1fa5a6085ab/elements - {"using":"xpath","value":"//bdi[contains(@id ,\"anchBar-application-iscschedules-display-component---displaySchedule--templateUnitSection-anchor-BDI-content\")]"}
RESULT: {"using":"xpath","value":"//bdi[contains(@id ,\"anchBar-application-iscschedules-display-component---displaySchedule--templateUnitSection-anchor-BDI-content\")]"}
COMMAND: POST /session/f23c62a335ede65311f3d1fa5a6085ab/elements - {"using":"xpath","value":"//bdi[contains(@id ,\"anchBar-application-iscschedules-display-component---displaySchedule--templateUnitSection-anchor-BDI-content\")]"}
RESULT: {"using":"xpath","value":"//bdi[contains(@id ,\"anchBar-application-iscschedules-display-component---displaySchedule--templateUnitSection-anchor-BDI-content\")]"}
COMMAND: POST /session/f23c62a335ede65311f3d1fa5a6085ab/elements - {"using":"xpath","value":"//bdi[contains(@id ,\"anchBar-application-iscschedules-display-component---displaySchedule--templateUnitSection-anchor-BDI-content\")]"}
RESULT: {"using":"xpath","value":"//bdi[contains(@id ,\"anchBar-application-iscschedules-display-component---displaySchedule--templateUnitSection-anchor-BDI-content\")]"}
COMMAND: POST /session/f23c62a335ede65311f3d1fa5a6085ab/elements - {"using":"xpath","value":"//bdi[contains(@id ,\"anchBar-application-iscschedules-display-component---displaySchedule--templateUnitSection-anchor-BDI-content\")]"}
RESULT: {"using":"xpath","value":"//bdi[contains(@id ,\"anchBar-application-iscschedules-display-component---displaySchedule--templateUnitSection-anchor-BDI-content\")]"}
COMMAND: POST /session/f23c62a335ede65311f3d1fa5a6085ab/elements - {"using":"xpath","value":"//bdi[contains(@id ,\"anchBar-application-iscschedules-display-component---displaySchedule--templateUnitSection-anchor-BDI-content\")]"}
RESULT: {"using":"xpath","value":"//bdi[contains(@id ,\"anchBar-application-iscschedules-display-component---displaySchedule--templateUnitSection-anchor-BDI-content\")]"}
COMMAND: POST /session/f23c62a335ede65311f3d1fa5a6085ab/elements - {"using":"xpath","value":"//bdi[contains(@id ,\"anchBar-application-iscschedules-display-component---displaySchedule--templateUnitSection-anchor-BDI-content\")]"}
RESULT: {"using":"xpath","value":"//bdi[contains(@id ,\"anchBar-application-iscschedules-display-component---displaySchedule--templateUnitSection-anchor-BDI-content\")]"}
COMMAND: POST /session/f23c62a335ede65311f3d1fa5a6085ab/elements - {"using":"xpath","value":"//bdi[contains(@id ,\"anchBar-application-iscschedules-display-component---displaySchedule--templateUnitSection-anchor-BDI-content\")]"}
RESULT: {"using":"xpath","value":"//bdi[contains(@id ,\"anchBar-application-iscschedules-display-component---displaySchedule--templateUnitSection-anchor-BDI-content\")]"}
COMMAND: POST /session/f23c62a335ede65311f3d1fa5a6085ab/elements - {"using":"xpath","value":"//bdi[contains(@id ,\"anchBar-application-iscschedules-display-component---displaySchedule--templateUnitSection-anchor-BDI-content\")]"}
RESULT: {"using":"xpath","value":"//bdi[contains(@id ,\"anchBar-application-iscschedules-display-component---displaySchedule--templateUnitSection-anchor-BDI-content\")]"}
COMMAND: POST /session/f23c62a335ede65311f3d1fa5a6085ab/elements - {"using":"xpath","value":"//bdi[contains(@id ,\"anchBar-application-iscschedules-display-component---displaySchedule--templateUnitSection-anchor-BDI-content\")]"}
RESULT: {"using":"xpath","value":"//bdi[contains(@id ,\"anchBar-application-iscschedules-display-component---displaySchedule--templateUnitSection-anchor-BDI-content\")]"}
COMMAND: POST /session/f23c62a335ede65311f3d1fa5a6085ab/elements - {"using":"xpath","value":"//bdi[contains(@id ,\"anchBar-application-iscschedules-display-component---displaySchedule--templateUnitSection-anchor-BDI-content\")]"}
RESULT: {"using":"xpath","value":"//bdi[contains(@id ,\"anchBar-application-iscschedules-display-component---displaySchedule--templateUnitSection-anchor-BDI-content\")]"}
COMMAND: POST /session/f23c62a335ede65311f3d1fa5a6085ab/elements - {"using":"xpath","value":"//bdi[contains(@id ,\"anchBar-application-iscschedules-display-component---displaySchedule--templateUnitSection-anchor-BDI-content\")]"}
RESULT: {"using":"xpath","value":"//bdi[contains(@id ,\"anchBar-application-iscschedules-display-component---displaySchedule--templateUnitSection-anchor-BDI-content\")]"}
COMMAND: POST /session/f23c62a335ede65311f3d1fa5a6085ab/elements - {"using":"xpath","value":"//bdi[contains(@id ,\"anchBar-application-iscschedules-display-component---displaySchedule--templateUnitSection-anchor-BDI-content\")]"}
RESULT: {"using":"xpath","value":"//bdi[contains(@id ,\"anchBar-application-iscschedules-display-component---displaySchedule--templateUnitSection-anchor-BDI-content\")]"}
COMMAND: POST /session/f23c62a335ede65311f3d1fa5a6085ab/elements - {"using":"xpath","value":"//bdi[contains(@id ,\"anchBar-application-iscschedules-display-component---displaySchedule--templateUnitSection-anchor-BDI-content\")]"}
RESULT: {"using":"xpath","value":"//bdi[contains(@id ,\"anchBar-application-iscschedules-display-component---displaySchedule--templateUnitSection-anchor-BDI-content\")]"}
COMMAND: POST /session/f23c62a335ede65311f3d1fa5a6085ab/elements - {"using":"xpath","value":"//bdi[contains(@id ,\"anchBar-application-iscschedules-display-component---displaySchedule--templateUnitSection-anchor-BDI-content\")]"}
RESULT: {"using":"xpath","value":"//bdi[contains(@id ,\"anchBar-application-iscschedules-display-component---displaySchedule--templateUnitSection-anchor-BDI-content\")]"}
COMMAND: POST /session/f23c62a335ede65311f3d1fa5a6085ab/elements - {"using":"xpath","value":"//bdi[contains(@id ,\"anchBar-application-iscschedules-display-component---displaySchedule--templateUnitSection-anchor-BDI-content\")]"}
RESULT: {"using":"xpath","value":"//bdi[contains(@id ,\"anchBar-application-iscschedules-display-component---displaySchedule--templateUnitSection-anchor-BDI-content\")]"}
COMMAND: POST /session/f23c62a335ede65311f3d1fa5a6085ab/elements - {"using":"xpath","value":"//bdi[contains(@id ,\"anchBar-application-iscschedules-display-component---displaySchedule--templateUnitSection-anchor-BDI-content\")]"}
RESULT: {"using":"xpath","value":"//bdi[contains(@id ,\"anchBar-application-iscschedules-display-component---displaySchedule--templateUnitSection-anchor-BDI-content\")]"}
COMMAND: POST /session/f23c62a335ede65311f3d1fa5a6085ab/elements - {"using":"xpath","value":"//bdi[contains(@id ,\"anchBar-application-iscschedules-display-component---displaySchedule--templateUnitSection-anchor-BDI-content\")]"}
RESULT: {"using":"xpath","value":"//bdi[contains(@id ,\"anchBar-application-iscschedules-display-component---displaySchedule--templateUnitSection-anchor-BDI-content\")]"}
COMMAND: POST /session/f23c62a335ede65311f3d1fa5a6085ab/elements - {"using":"xpath","value":"//bdi[contains(@id ,\"anchBar-application-iscschedules-display-component---displaySchedule--templateUnitSection-anchor-BDI-content\")]"}
RESULT: {"using":"xpath","value":"//bdi[contains(@id ,\"anchBar-application-iscschedules-display-component---displaySchedule--templateUnitSection-anchor-BDI-content\")]"}
COMMAND: POST /session/f23c62a335ede65311f3d1fa5a6085ab/elements - {"using":"xpath","value":"//bdi[contains(@id ,\"anchBar-application-iscschedules-display-component---displaySchedule--templateUnitSection-anchor-BDI-content\")]"}
RESULT: {"using":"xpath","value":"//bdi[contains(@id ,\"anchBar-application-iscschedules-display-component---displaySchedule--templateUnitSection-anchor-BDI-content\")]"}
COMMAND: POST /session/f23c62a335ede65311f3d1fa5a6085ab/elements - {"using":"xpath","value":"//bdi[contains(@id ,\"anchBar-application-iscschedules-display-component---displaySchedule--templateUnitSection-anchor-BDI-content\")]"}
RESULT: {"using":"xpath","value":"//bdi[contains(@id ,\"anchBar-application-iscschedules-display-component---displaySchedule--templateUnitSection-anchor-BDI-content\")]"}
COMMAND: POST /session/f23c62a335ede65311f3d1fa5a6085ab/elements - {"using":"xpath","value":"//bdi[contains(@id ,\"anchBar-application-iscschedules-display-component---displaySchedule--templateUnitSection-anchor-BDI-content\")]"}
RESULT: {"using":"xpath","value":"//bdi[contains(@id ,\"anchBar-application-iscschedules-display-component---displaySchedule--templateUnitSection-anchor-BDI-content\")]"}
COMMAND: POST /session/f23c62a335ede65311f3d1fa5a6085ab/elements - {"using":"xpath","value":"//bdi[contains(@id ,\"anchBar-application-iscschedules-display-component---displaySchedule--templateUnitSection-anchor-BDI-content\")]"}
RESULT: {"using":"xpath","value":"//bdi[contains(@id ,\"anchBar-application-iscschedules-display-component---displaySchedule--templateUnitSection-anchor-BDI-content\")]"}
COMMAND: POST /session/f23c62a335ede65311f3d1fa5a6085ab/elements - {"using":"xpath","value":"//bdi[contains(@id ,\"anchBar-application-iscschedules-display-component---displaySchedule--templateUnitSection-anchor-BDI-content\")]"}
RESULT: {"using":"xpath","value":"//bdi[contains(@id ,\"anchBar-application-iscschedules-display-component---displaySchedule--templateUnitSection-anchor-BDI-content\")]"}
COMMAND: POST /session/f23c62a335ede65311f3d1fa5a6085ab/elements - {"using":"xpath","value":"//bdi[contains(@id ,\"anchBar-application-iscschedules-display-component---displaySchedule--templateUnitSection-anchor-BDI-content\")]"}
RESULT: {"using":"xpath","value":"//bdi[contains(@id ,\"anchBar-application-iscschedules-display-component---displaySchedule--templateUnitSection-anchor-BDI-content\")]"}
COMMAND: POST /session/f23c62a335ede65311f3d1fa5a6085ab/elements - {"using":"xpath","value":"//bdi[contains(@id ,\"anchBar-application-iscschedules-display-component---displaySchedule--templateUnitSection-anchor-BDI-content\")]"}
RESULT: {"using":"xpath","value":"//bdi[contains(@id ,\"anchBar-application-iscschedules-display-component---displaySchedule--templateUnitSection-anchor-BDI-content\")]"}
COMMAND: POST /session/f23c62a335ede65311f3d1fa5a6085ab/elements - {"using":"xpath","value":"//bdi[contains(@id ,\"anchBar-application-iscschedules-display-component---displaySchedule--templateUnitSection-anchor-BDI-content\")]"}
RESULT: {"using":"xpath","value":"//bdi[contains(@id ,\"anchBar-application-iscschedules-display-component---displaySchedule--templateUnitSection-anchor-BDI-content\")]"}
COMMAND: POST /session/f23c62a335ede65311f3d1fa5a6085ab/elements - {"using":"xpath","value":"//bdi[contains(@id ,\"anchBar-application-iscschedules-display-component---displaySchedule--templateUnitSection-anchor-BDI-content\")]"}
RESULT: {"using":"xpath","value":"//bdi[contains(@id ,\"anchBar-application-iscschedules-display-component---displaySchedule--templateUnitSection-anchor-BDI-content\")]"}
COMMAND: POST /session/f23c62a335ede65311f3d1fa5a6085ab/elements - {"using":"xpath","value":"//bdi[contains(@id ,\"anchBar-application-iscschedules-display-component---displaySchedule--templateUnitSection-anchor-BDI-content\")]"}
RESULT: {"using":"xpath","value":"//bdi[contains(@id ,\"anchBar-application-iscschedules-display-component---displaySchedule--templateUnitSection-anchor-BDI-content\")]"}
COMMAND: POST /session/f23c62a335ede65311f3d1fa5a6085ab/elements - {"using":"xpath","value":"//bdi[contains(@id ,\"anchBar-application-iscschedules-display-component---displaySchedule--templateUnitSection-anchor-BDI-content\")]"}
RESULT: {"using":"xpath","value":"//bdi[contains(@id ,\"anchBar-application-iscschedules-display-component---displaySchedule--templateUnitSection-anchor-BDI-content\")]"}
COMMAND: POST /session/f23c62a335ede65311f3d1fa5a6085ab/elements - {"using":"xpath","value":"//bdi[contains(@id ,\"anchBar-application-iscschedules-display-component---displaySchedule--templateUnitSection-anchor-BDI-content\")]"}
RESULT: {"using":"xpath","value":"//bdi[contains(@id ,\"anchBar-application-iscschedules-display-component---displaySchedule--templateUnitSection-anchor-BDI-content\")]"}
COMMAND: POST /session/f23c62a335ede65311f3d1fa5a6085ab/elements - {"using":"xpath","value":"//bdi[contains(@id ,\"anchBar-application-iscschedules-display-component---displaySchedule--templateUnitSection-anchor-BDI-content\")]"}
RESULT: {"using":"xpath","value":"//bdi[contains(@id ,\"anchBar-application-iscschedules-display-component---displaySchedule--templateUnitSection-anchor-BDI-content\")]"}
COMMAND: POST /session/f23c62a335ede65311f3d1fa5a6085ab/elements - {"using":"xpath","value":"//bdi[contains(@id ,\"anchBar-application-iscschedules-display-component---displaySchedule--templateUnitSection-anchor-BDI-content\")]"}
RESULT: {"using":"xpath","value":"//bdi[contains(@id ,\"anchBar-application-iscschedules-display-component---displaySchedule--templateUnitSection-anchor-BDI-content\")]"}
COMMAND: POST /session/f23c62a335ede65311f3d1fa5a6085ab/elements - {"using":"xpath","value":"//bdi[contains(@id ,\"anchBar-application-iscschedules-display-component---displaySchedule--templateUnitSection-anchor-BDI-content\")]"}
RESULT: {"using":"xpath","value":"//bdi[contains(@id ,\"anchBar-application-iscschedules-display-component---displaySchedule--templateUnitSection-anchor-BDI-content\")]"}
COMMAND: POST /session/f23c62a335ede65311f3d1fa5a6085ab/elements - {"using":"xpath","value":"//bdi[contains(@id ,\"anchBar-application-iscschedules-display-component---displaySchedule--templateUnitSection-anchor-BDI-content\")]"}
RESULT: {"using":"xpath","value":"//bdi[contains(@id ,\"anchBar-application-iscschedules-display-component---displaySchedule--templateUnitSection-anchor-BDI-content\")]"}
COMMAND: POST /session/f23c62a335ede65311f3d1fa5a6085ab/elements - {"using":"xpath","value":"//bdi[contains(@id ,\"anchBar-application-iscschedules-display-component---displaySchedule--templateUnitSection-anchor-BDI-content\")]"}
RESULT: {"using":"xpath","value":"//bdi[contains(@id ,\"anchBar-application-iscschedules-display-component---displaySchedule--templateUnitSection-anchor-BDI-content\")]"}
COMMAND: POST /session/f23c62a335ede65311f3d1fa5a6085ab/elements - {"using":"xpath","value":"//bdi[contains(@id ,\"anchBar-application-iscschedules-display-component---displaySchedule--templateUnitSection-anchor-BDI-content\")]"}
RESULT: {"using":"xpath","value":"//bdi[contains(@id ,\"anchBar-application-iscschedules-display-component---displaySchedule--templateUnitSection-anchor-BDI-content\")]"}
COMMAND: POST /session/f23c62a335ede65311f3d1fa5a6085ab/elements - {"using":"xpath","value":"//bdi[contains(@id ,\"anchBar-application-iscschedules-display-component---displaySchedule--templateUnitSection-anchor-BDI-content\")]"}
RESULT: {"using":"xpath","value":"//bdi[contains(@id ,\"anchBar-application-iscschedules-display-component---displaySchedule--templateUnitSection-anchor-BDI-content\")]"}
COMMAND: POST /session/f23c62a335ede65311f3d1fa5a6085ab/elements - {"using":"xpath","value":"//bdi[contains(@id ,\"anchBar-application-iscschedules-display-component---displaySchedule--templateUnitSection-anchor-BDI-content\")]"}
RESULT: {"using":"xpath","value":"//bdi[contains(@id ,\"anchBar-application-iscschedules-display-component---displaySchedule--templateUnitSection-anchor-BDI-content\")]"}
COMMAND: POST /session/f23c62a335ede65311f3d1fa5a6085ab/elements - {"using":"xpath","value":"//bdi[contains(@id ,\"anchBar-application-iscschedules-display-component---displaySchedule--templateUnitSection-anchor-BDI-content\")]"}
RESULT: {"using":"xpath","value":"//bdi[contains(@id ,\"anchBar-application-iscschedules-display-component---displaySchedule--templateUnitSection-anchor-BDI-content\")]"}
COMMAND: POST /session/f23c62a335ede65311f3d1fa5a6085ab/elements - {"using":"xpath","value":"//bdi[contains(@id ,\"anchBar-application-iscschedules-display-component---displaySchedule--templateUnitSection-anchor-BDI-content\")]"}
RESULT: {"using":"xpath","value":"//bdi[contains(@id ,\"anchBar-application-iscschedules-display-component---displaySchedule--templateUnitSection-anchor-BDI-content\")]"}
COMMAND: POST /session/f23c62a335ede65311f3d1fa5a6085ab/elements - {"using":"xpath","value":"//bdi[contains(@id ,\"anchBar-application-iscschedules-display-component---displaySchedule--templateUnitSection-anchor-BDI-content\")]"}
RESULT: {"using":"xpath","value":"//bdi[contains(@id ,\"anchBar-application-iscschedules-display-component---displaySchedule--templateUnitSection-anchor-BDI-content\")]"}
COMMAND: POST /session/f23c62a335ede65311f3d1fa5a6085ab/elements - {"using":"xpath","value":"//bdi[contains(@id ,\"anchBar-application-iscschedules-display-component---displaySchedule--templateUnitSection-anchor-BDI-content\")]"}
RESULT: {"using":"xpath","value":"//bdi[contains(@id ,\"anchBar-application-iscschedules-display-component---displaySchedule--templateUnitSection-anchor-BDI-content\")]"}
COMMAND: POST /session/f23c62a335ede65311f3d1fa5a6085ab/elements - {"using":"xpath","value":"//bdi[contains(@id ,\"anchBar-application-iscschedules-display-component---displaySchedule--templateUnitSection-anchor-BDI-content\")]"}
RESULT: {"using":"xpath","value":"//bdi[contains(@id ,\"anchBar-application-iscschedules-display-component---displaySchedule--templateUnitSection-anchor-BDI-content\")]"}
COMMAND: POST /session/f23c62a335ede65311f3d1fa5a6085ab/elements - {"using":"xpath","value":"//bdi[contains(@id ,\"anchBar-application-iscschedules-display-component---displaySchedule--templateUnitSection-anchor-BDI-content\")]"}
RESULT: {"using":"xpath","value":"//bdi[contains(@id ,\"anchBar-application-iscschedules-display-component---displaySchedule--templateUnitSection-anchor-BDI-content\")]"}
COMMAND: POST /session/f23c62a335ede65311f3d1fa5a6085ab/elements - {"using":"xpath","value":"//bdi[contains(@id ,\"anchBar-application-iscschedules-display-component---displaySchedule--templateUnitSection-anchor-BDI-content\")]"}
RESULT: {"using":"xpath","value":"//bdi[contains(@id ,\"anchBar-application-iscschedules-display-component---displaySchedule--templateUnitSection-anchor-BDI-content\")]"}
COMMAND: POST /session/f23c62a335ede65311f3d1fa5a6085ab/elements - {"using":"xpath","value":"//bdi[contains(@id ,\"anchBar-application-iscschedules-display-component---displaySchedule--templateUnitSection-anchor-BDI-content\")]"}
RESULT: {"using":"xpath","value":"//bdi[contains(@id ,\"anchBar-application-iscschedules-display-component---displaySchedule--templateUnitSection-anchor-BDI-content\")]"}
COMMAND: POST /session/f23c62a335ede65311f3d1fa5a6085ab/elements - {"using":"xpath","value":"//bdi[contains(@id ,\"anchBar-application-iscschedules-display-component---displaySchedule--templateUnitSection-anchor-BDI-content\")]"}
RESULT: {"using":"xpath","value":"//bdi[contains(@id ,\"anchBar-application-iscschedules-display-component---displaySchedule--templateUnitSection-anchor-BDI-content\")]"}
COMMAND: POST /session/f23c62a335ede65311f3d1fa5a6085ab/elements - {"using":"xpath","value":"//bdi[contains(@id ,\"anchBar-application-iscschedules-display-component---displaySchedule--templateUnitSection-anchor-BDI-content\")]"}
RESULT: {"using":"xpath","value":"//bdi[contains(@id ,\"anchBar-application-iscschedules-display-component---displaySchedule--templateUnitSection-anchor-BDI-content\")]"}
COMMAND: POST /session/f23c62a335ede65311f3d1fa5a6085ab/elements - {"using":"xpath","value":"//bdi[contains(@id ,\"anchBar-application-iscschedules-display-component---displaySchedule--templateUnitSection-anchor-BDI-content\")]"}
RESULT: {"using":"xpath","value":"//bdi[contains(@id ,\"anchBar-application-iscschedules-display-component---displaySchedule--templateUnitSection-anchor-BDI-content\")]"}
COMMAND: POST /session/f23c62a335ede65311f3d1fa5a6085ab/elements - {"using":"xpath","value":"//bdi[contains(@id ,\"anchBar-application-iscschedules-display-component---displaySchedule--templateUnitSection-anchor-BDI-content\")]"}
RESULT: {"using":"xpath","value":"//bdi[contains(@id ,\"anchBar-application-iscschedules-display-component---displaySchedule--templateUnitSection-anchor-BDI-content\")]"}
COMMAND: POST /session/f23c62a335ede65311f3d1fa5a6085ab/elements - {"using":"xpath","value":"//bdi[contains(@id ,\"anchBar-application-iscschedules-display-component---displaySchedule--templateUnitSection-anchor-BDI-content\")]"}
RESULT: {"using":"xpath","value":"//bdi[contains(@id ,\"anchBar-application-iscschedules-display-component---displaySchedule--templateUnitSection-anchor-BDI-content\")]"}
COMMAND: POST /session/f23c62a335ede65311f3d1fa5a6085ab/elements - {"using":"xpath","value":"//bdi[contains(@id ,\"anchBar-application-iscschedules-display-component---displaySchedule--templateUnitSection-anchor-BDI-content\")]"}
RESULT: {"using":"xpath","value":"//bdi[contains(@id ,\"anchBar-application-iscschedules-display-component---displaySchedule--templateUnitSection-anchor-BDI-content\")]"}
COMMAND: POST /session/f23c62a335ede65311f3d1fa5a6085ab/elements - {"using":"xpath","value":"//bdi[contains(@id ,\"anchBar-application-iscschedules-display-component---displaySchedule--templateUnitSection-anchor-BDI-content\")]"}
RESULT: {"using":"xpath","value":"//bdi[contains(@id ,\"anchBar-application-iscschedules-display-component---displaySchedule--templateUnitSection-anchor-BDI-content\")]"}
COMMAND: POST /session/f23c62a335ede65311f3d1fa5a6085ab/elements - {"using":"xpath","value":"//bdi[contains(@id ,\"anchBar-application-iscschedules-display-component---displaySchedule--templateUnitSection-anchor-BDI-content\")]"}
RESULT: {"using":"xpath","value":"//bdi[contains(@id ,\"anchBar-application-iscschedules-display-component---displaySchedule--templateUnitSection-anchor-BDI-content\")]"}
COMMAND: POST /session/f23c62a335ede65311f3d1fa5a6085ab/elements - {"using":"xpath","value":"//bdi[contains(@id ,\"anchBar-application-iscschedules-display-component---displaySchedule--templateUnitSection-anchor-BDI-content\")]"}
RESULT: {"using":"xpath","value":"//bdi[contains(@id ,\"anchBar-application-iscschedules-display-component---displaySchedule--templateUnitSection-anchor-BDI-content\")]"}
COMMAND: POST /session/f23c62a335ede65311f3d1fa5a6085ab/elements - {"using":"xpath","value":"//bdi[contains(@id ,\"anchBar-application-iscschedules-display-component---displaySchedule--templateUnitSection-anchor-BDI-content\")]"}
RESULT: {"using":"xpath","value":"//bdi[contains(@id ,\"anchBar-application-iscschedules-display-component---displaySchedule--templateUnitSection-anchor-BDI-content\")]"}
COMMAND: POST /session/f23c62a335ede65311f3d1fa5a6085ab/elements - {"using":"xpath","value":"//bdi[contains(@id ,\"anchBar-application-iscschedules-display-component---displaySchedule--templateUnitSection-anchor-BDI-content\")]"}
RESULT: {"using":"xpath","value":"//bdi[contains(@id ,\"anchBar-application-iscschedules-display-component---displaySchedule--templateUnitSection-anchor-BDI-content\")]"}
COMMAND: POST /session/f23c62a335ede65311f3d1fa5a6085ab/elements - {"using":"xpath","value":"//bdi[contains(@id ,\"anchBar-application-iscschedules-display-component---displaySchedule--templateUnitSection-anchor-BDI-content\")]"}
RESULT: {"using":"xpath","value":"//bdi[contains(@id ,\"anchBar-application-iscschedules-display-component---displaySchedule--templateUnitSection-anchor-BDI-content\")]"}
COMMAND: POST /session/f23c62a335ede65311f3d1fa5a6085ab/elements - {"using":"xpath","value":"//bdi[contains(@id ,\"anchBar-application-iscschedules-display-component---displaySchedule--templateUnitSection-anchor-BDI-content\")]"}
RESULT: {"using":"xpath","value":"//bdi[contains(@id ,\"anchBar-application-iscschedules-display-component---displaySchedule--templateUnitSection-anchor-BDI-content\")]"}
COMMAND: POST /session/f23c62a335ede65311f3d1fa5a6085ab/elements - {"using":"xpath","value":"//bdi[contains(@id ,\"anchBar-application-iscschedules-display-component---displaySchedule--templateUnitSection-anchor-BDI-content\")]"}
RESULT: {"using":"xpath","value":"//bdi[contains(@id ,\"anchBar-application-iscschedules-display-component---displaySchedule--templateUnitSection-anchor-BDI-content\")]"}
COMMAND: POST /session/f23c62a335ede65311f3d1fa5a6085ab/elements - {"using":"xpath","value":"//bdi[contains(@id ,\"anchBar-application-iscschedules-display-component---displaySchedule--templateUnitSection-anchor-BDI-content\")]"}
RESULT: {"using":"xpath","value":"//bdi[contains(@id ,\"anchBar-application-iscschedules-display-component---displaySchedule--templateUnitSection-anchor-BDI-content\")]"}
COMMAND: POST /session/f23c62a335ede65311f3d1fa5a6085ab/elements - {"using":"xpath","value":"//bdi[contains(@id ,\"anchBar-application-iscschedules-display-component---displaySchedule--templateUnitSection-anchor-BDI-content\")]"}
RESULT: {"using":"xpath","value":"//bdi[contains(@id ,\"anchBar-application-iscschedules-display-component---displaySchedule--templateUnitSection-anchor-BDI-content\")]"}
COMMAND: POST /session/f23c62a335ede65311f3d1fa5a6085ab/elements - {"using":"xpath","value":"//bdi[contains(@id ,\"anchBar-application-iscschedules-display-component---displaySchedule--templateUnitSection-anchor-BDI-content\")]"}
RESULT: {"using":"xpath","value":"//bdi[contains(@id ,\"anchBar-application-iscschedules-display-component---displaySchedule--templateUnitSection-anchor-BDI-content\")]"}
COMMAND: POST /session/f23c62a335ede65311f3d1fa5a6085ab/elements - {"using":"xpath","value":"//bdi[contains(@id ,\"anchBar-application-iscschedules-display-component---displaySchedule--templateUnitSection-anchor-BDI-content\")]"}
RESULT: {"using":"xpath","value":"//bdi[contains(@id ,\"anchBar-application-iscschedules-display-component---displaySchedule--templateUnitSection-anchor-BDI-content\")]"}
COMMAND: POST /session/f23c62a335ede65311f3d1fa5a6085ab/elements - {"using":"xpath","value":"//bdi[contains(@id ,\"anchBar-application-iscschedules-display-component---displaySchedule--templateUnitSection-anchor-BDI-content\")]"}
RESULT: {"using":"xpath","value":"//bdi[contains(@id ,\"anchBar-application-iscschedules-display-component---displaySchedule--templateUnitSection-anchor-BDI-content\")]"}
COMMAND: POST /session/f23c62a335ede65311f3d1fa5a6085ab/elements - {"using":"xpath","value":"//bdi[contains(@id ,\"anchBar-application-iscschedules-display-component---displaySchedule--templateUnitSection-anchor-BDI-content\")]"}
RESULT: {"using":"xpath","value":"//bdi[contains(@id ,\"anchBar-application-iscschedules-display-component---displaySchedule--templateUnitSection-anchor-BDI-content\")]"}
COMMAND: POST /session/f23c62a335ede65311f3d1fa5a6085ab/elements - {"using":"xpath","value":"//bdi[contains(@id ,\"anchBar-application-iscschedules-display-component---displaySchedule--templateUnitSection-anchor-BDI-content\")]"}
RESULT: {"using":"xpath","value":"//bdi[contains(@id ,\"anchBar-application-iscschedules-display-component---displaySchedule--templateUnitSection-anchor-BDI-content\")]"}
COMMAND: POST /session/f23c62a335ede65311f3d1fa5a6085ab/elements - {"using":"xpath","value":"//bdi[contains(@id ,\"anchBar-application-iscschedules-display-component---displaySchedule--templateUnitSection-anchor-BDI-content\")]"}
RESULT: {"using":"xpath","value":"//bdi[contains(@id ,\"anchBar-application-iscschedules-display-component---displaySchedule--templateUnitSection-anchor-BDI-content\")]"}
COMMAND: POST /session/f23c62a335ede65311f3d1fa5a6085ab/elements - {"using":"xpath","value":"//bdi[contains(@id ,\"anchBar-application-iscschedules-display-component---displaySchedule--templateUnitSection-anchor-BDI-content\")]"}
RESULT: {"using":"xpath","value":"//bdi[contains(@id ,\"anchBar-application-iscschedules-display-component---displaySchedule--templateUnitSection-anchor-BDI-content\")]"}
COMMAND: POST /session/f23c62a335ede65311f3d1fa5a6085ab/elements - {"using":"xpath","value":"//bdi[contains(@id ,\"anchBar-application-iscschedules-display-component---displaySchedule--templateUnitSection-anchor-BDI-content\")]"}
RESULT: {"using":"xpath","value":"//bdi[contains(@id ,\"anchBar-application-iscschedules-display-component---displaySchedule--templateUnitSection-anchor-BDI-content\")]"}
COMMAND: POST /session/f23c62a335ede65311f3d1fa5a6085ab/elements - {"using":"xpath","value":"//bdi[contains(@id ,\"anchBar-application-iscschedules-display-component---displaySchedule--templateUnitSection-anchor-BDI-content\")]"}
RESULT: {"using":"xpath","value":"//bdi[contains(@id ,\"anchBar-application-iscschedules-display-component---displaySchedule--templateUnitSection-anchor-BDI-content\")]"}
COMMAND: POST /session/f23c62a335ede65311f3d1fa5a6085ab/elements - {"using":"xpath","value":"//bdi[contains(@id ,\"anchBar-application-iscschedules-display-component---displaySchedule--templateUnitSection-anchor-BDI-content\")]"}
RESULT: {"using":"xpath","value":"//bdi[contains(@id ,\"anchBar-application-iscschedules-display-component---displaySchedule--templateUnitSection-anchor-BDI-content\")]"}
COMMAND: POST /session/f23c62a335ede65311f3d1fa5a6085ab/elements - {"using":"xpath","value":"//bdi[contains(@id ,\"anchBar-application-iscschedules-display-component---displaySchedule--templateUnitSection-anchor-BDI-content\")]"}
RESULT: {"using":"xpath","value":"//bdi[contains(@id ,\"anchBar-application-iscschedules-display-component---displaySchedule--templateUnitSection-anchor-BDI-content\")]"}
COMMAND: POST /session/f23c62a335ede65311f3d1fa5a6085ab/elements - {"using":"xpath","value":"//bdi[contains(@id ,\"anchBar-application-iscschedules-display-component---displaySchedule--templateUnitSection-anchor-BDI-content\")]"}
RESULT: {"using":"xpath","value":"//bdi[contains(@id ,\"anchBar-application-iscschedules-display-component---displaySchedule--templateUnitSection-anchor-BDI-content\")]"}
COMMAND: POST /session/f23c62a335ede65311f3d1fa5a6085ab/elements - {"using":"xpath","value":"//bdi[contains(@id ,\"anchBar-application-iscschedules-display-component---displaySchedule--templateUnitSection-anchor-BDI-content\")]"}
RESULT: {"using":"xpath","value":"//bdi[contains(@id ,\"anchBar-application-iscschedules-display-component---displaySchedule--templateUnitSection-anchor-BDI-content\")]"}
COMMAND: POST /session/f23c62a335ede65311f3d1fa5a6085ab/elements - {"using":"xpath","value":"//bdi[contains(@id ,\"anchBar-application-iscschedules-display-component---displaySchedule--templateUnitSection-anchor-BDI-content\")]"}
RESULT: {"using":"xpath","value":"//bdi[contains(@id ,\"anchBar-application-iscschedules-display-component---displaySchedule--templateUnitSection-anchor-BDI-content\")]"}
COMMAND: POST /session/f23c62a335ede65311f3d1fa5a6085ab/elements - {"using":"xpath","value":"//bdi[contains(@id ,\"anchBar-application-iscschedules-display-component---displaySchedule--templateUnitSection-anchor-BDI-content\")]"}
RESULT: {"using":"xpath","value":"//bdi[contains(@id ,\"anchBar-application-iscschedules-display-component---displaySchedule--templateUnitSection-anchor-BDI-content\")]"}
COMMAND: POST /session/f23c62a335ede65311f3d1fa5a6085ab/elements - {"using":"xpath","value":"//bdi[contains(@id ,\"anchBar-application-iscschedules-display-component---displaySchedule--templateUnitSection-anchor-BDI-content\")]"}
RESULT: {"using":"xpath","value":"//bdi[contains(@id ,\"anchBar-application-iscschedules-display-component---displaySchedule--templateUnitSection-anchor-BDI-content\")]"}
COMMAND: POST /session/f23c62a335ede65311f3d1fa5a6085ab/elements - {"using":"xpath","value":"//bdi[contains(@id ,\"anchBar-application-iscschedules-display-component---displaySchedule--templateUnitSection-anchor-BDI-content\")]"}
RESULT: {"using":"xpath","value":"//bdi[contains(@id ,\"anchBar-application-iscschedules-display-component---displaySchedule--templateUnitSection-anchor-BDI-content\")]"}
COMMAND: POST /session/f23c62a335ede65311f3d1fa5a6085ab/elements - {"using":"xpath","value":"//bdi[contains(@id ,\"anchBar-application-iscschedules-display-component---displaySchedule--templateUnitSection-anchor-BDI-content\")]"}
RESULT: {"using":"xpath","value":"//bdi[contains(@id ,\"anchBar-application-iscschedules-display-component---displaySchedule--templateUnitSection-anchor-BDI-content\")]"}
COMMAND: POST /session/f23c62a335ede65311f3d1fa5a6085ab/elements - {"using":"xpath","value":"//bdi[contains(@id ,\"anchBar-application-iscschedules-display-component---displaySchedule--templateUnitSection-anchor-BDI-content\")]"}
RESULT: {"using":"xpath","value":"//bdi[contains(@id ,\"anchBar-application-iscschedules-display-component---displaySchedule--templateUnitSection-anchor-BDI-content\")]"}
COMMAND: POST /session/f23c62a335ede65311f3d1fa5a6085ab/elements - {"using":"xpath","value":"//bdi[contains(@id ,\"anchBar-application-iscschedules-display-component---displaySchedule--templateUnitSection-anchor-BDI-content\")]"}
RESULT: {"using":"xpath","value":"//bdi[contains(@id ,\"anchBar-application-iscschedules-display-component---displaySchedule--templateUnitSection-anchor-BDI-content\")]"}
COMMAND: POST /session/f23c62a335ede65311f3d1fa5a6085ab/elements - {"using":"xpath","value":"//bdi[contains(@id ,\"anchBar-application-iscschedules-display-component---displaySchedule--templateUnitSection-anchor-BDI-content\")]"}
RESULT: {"using":"xpath","value":"//bdi[contains(@id ,\"anchBar-application-iscschedules-display-component---displaySchedule--templateUnitSection-anchor-BDI-content\")]"}
COMMAND: POST /session/f23c62a335ede65311f3d1fa5a6085ab/elements - {"using":"xpath","value":"//bdi[contains(@id ,\"anchBar-application-iscschedules-display-component---displaySchedule--templateUnitSection-anchor-BDI-content\")]"}
RESULT: {"using":"xpath","value":"//bdi[contains(@id ,\"anchBar-application-iscschedules-display-component---displaySchedule--templateUnitSection-anchor-BDI-content\")]"}
COMMAND: POST /session/f23c62a335ede65311f3d1fa5a6085ab/elements - {"using":"xpath","value":"//bdi[contains(@id ,\"anchBar-application-iscschedules-display-component---displaySchedule--templateUnitSection-anchor-BDI-content\")]"}
RESULT: {"using":"xpath","value":"//bdi[contains(@id ,\"anchBar-application-iscschedules-display-component---displaySchedule--templateUnitSection-anchor-BDI-content\")]"}
COMMAND: POST /session/f23c62a335ede65311f3d1fa5a6085ab/elements - {"using":"xpath","value":"//bdi[contains(@id ,\"anchBar-application-iscschedules-display-component---displaySchedule--templateUnitSection-anchor-BDI-content\")]"}
RESULT: {"using":"xpath","value":"//bdi[contains(@id ,\"anchBar-application-iscschedules-display-component---displaySchedule--templateUnitSection-anchor-BDI-content\")]"}
COMMAND: POST /session/f23c62a335ede65311f3d1fa5a6085ab/elements - {"using":"xpath","value":"//bdi[contains(@id ,\"anchBar-application-iscschedules-display-component---displaySchedule--templateUnitSection-anchor-BDI-content\")]"}
RESULT: {"using":"xpath","value":"//bdi[contains(@id ,\"anchBar-application-iscschedules-display-component---displaySchedule--templateUnitSection-anchor-BDI-content\")]"}
COMMAND: POST /session/f23c62a335ede65311f3d1fa5a6085ab/elements - {"using":"xpath","value":"//bdi[contains(@id ,\"anchBar-application-iscschedules-display-component---displaySchedule--templateUnitSection-anchor-BDI-content\")]"}
RESULT: {"using":"xpath","value":"//bdi[contains(@id ,\"anchBar-application-iscschedules-display-component---displaySchedule--templateUnitSection-anchor-BDI-content\")]"}
COMMAND: POST /session/f23c62a335ede65311f3d1fa5a6085ab/elements - {"using":"xpath","value":"//bdi[contains(@id ,\"anchBar-application-iscschedules-display-component---displaySchedule--templateUnitSection-anchor-BDI-content\")]"}
RESULT: {"using":"xpath","value":"//bdi[contains(@id ,\"anchBar-application-iscschedules-display-component---displaySchedule--templateUnitSection-anchor-BDI-content\")]"}
COMMAND: POST /session/f23c62a335ede65311f3d1fa5a6085ab/elements - {"using":"xpath","value":"//bdi[contains(@id ,\"anchBar-application-iscschedules-display-component---displaySchedule--templateUnitSection-anchor-BDI-content\")]"}
RESULT: {"using":"xpath","value":"//bdi[contains(@id ,\"anchBar-application-iscschedules-display-component---displaySchedule--templateUnitSection-anchor-BDI-content\")]"}
COMMAND: POST /session/f23c62a335ede65311f3d1fa5a6085ab/elements - {"using":"xpath","value":"//bdi[contains(@id ,\"anchBar-application-iscschedules-display-component---displaySchedule--templateUnitSection-anchor-BDI-content\")]"}
RESULT: {"using":"xpath","value":"//bdi[contains(@id ,\"anchBar-application-iscschedules-display-component---displaySchedule--templateUnitSection-anchor-BDI-content\")]"}
COMMAND: POST /session/f23c62a335ede65311f3d1fa5a6085ab/elements - {"using":"xpath","value":"//bdi[contains(@id ,\"anchBar-application-iscschedules-display-component---displaySchedule--templateUnitSection-anchor-BDI-content\")]"}
RESULT: {"using":"xpath","value":"//bdi[contains(@id ,\"anchBar-application-iscschedules-display-component---displaySchedule--templateUnitSection-anchor-BDI-content\")]"}
COMMAND: POST /session/f23c62a335ede65311f3d1fa5a6085ab/elements - {"using":"xpath","value":"//bdi[contains(@id ,\"anchBar-application-iscschedules-display-component---displaySchedule--templateUnitSection-anchor-BDI-content\")]"}
RESULT: {"using":"xpath","value":"//bdi[contains(@id ,\"anchBar-application-iscschedules-display-component---displaySchedule--templateUnitSection-anchor-BDI-content\")]"}
COMMAND: POST /session/f23c62a335ede65311f3d1fa5a6085ab/elements - {"using":"xpath","value":"//bdi[contains(@id ,\"anchBar-application-iscschedules-display-component---displaySchedule--templateUnitSection-anchor-BDI-content\")]"}
RESULT: {"using":"xpath","value":"//bdi[contains(@id ,\"anchBar-application-iscschedules-display-component---displaySchedule--templateUnitSection-anchor-BDI-content\")]"}
COMMAND: POST /session/f23c62a335ede65311f3d1fa5a6085ab/elements - {"using":"xpath","value":"//bdi[contains(@id ,\"anchBar-application-iscschedules-display-component---displaySchedule--templateUnitSection-anchor-BDI-content\")]"}
RESULT: {"using":"xpath","value":"//bdi[contains(@id ,\"anchBar-application-iscschedules-display-component---displaySchedule--templateUnitSection-anchor-BDI-content\")]"}
COMMAND: POST /session/f23c62a335ede65311f3d1fa5a6085ab/elements - {"using":"xpath","value":"//bdi[contains(@id ,\"anchBar-application-iscschedules-display-component---displaySchedule--templateUnitSection-anchor-BDI-content\")]"}
RESULT: {"using":"xpath","value":"//bdi[contains(@id ,\"anchBar-application-iscschedules-display-component---displaySchedule--templateUnitSection-anchor-BDI-content\")]"}
COMMAND: POST /session/f23c62a335ede65311f3d1fa5a6085ab/elements - {"using":"xpath","value":"//bdi[contains(@id ,\"anchBar-application-iscschedules-display-component---displaySchedule--templateUnitSection-anchor-BDI-content\")]"}
RESULT: {"using":"xpath","value":"//bdi[contains(@id ,\"anchBar-application-iscschedules-display-component---displaySchedule--templateUnitSection-anchor-BDI-content\")]"}
COMMAND: POST /session/f23c62a335ede65311f3d1fa5a6085ab/elements - {"using":"xpath","value":"//bdi[contains(@id ,\"anchBar-application-iscschedules-display-component---displaySchedule--templateUnitSection-anchor-BDI-content\")]"}
RESULT: {"using":"xpath","value":"//bdi[contains(@id ,\"anchBar-application-iscschedules-display-component---displaySchedule--templateUnitSection-anchor-BDI-content\")]"}
COMMAND: POST /session/f23c62a335ede65311f3d1fa5a6085ab/elements - {"using":"xpath","value":"//bdi[contains(@id ,\"anchBar-application-iscschedules-display-component---displaySchedule--templateUnitSection-anchor-BDI-content\")]"}
RESULT: {"using":"xpath","value":"//bdi[contains(@id ,\"anchBar-application-iscschedules-display-component---displaySchedule--templateUnitSection-anchor-BDI-content\")]"}
COMMAND: POST /session/f23c62a335ede65311f3d1fa5a6085ab/elements - {"using":"xpath","value":"//bdi[contains(@id ,\"anchBar-application-iscschedules-display-component---displaySchedule--templateUnitSection-anchor-BDI-content\")]"}
RESULT: {"using":"xpath","value":"//bdi[contains(@id ,\"anchBar-application-iscschedules-display-component---displaySchedule--templateUnitSection-anchor-BDI-content\")]"}
COMMAND: POST /session/f23c62a335ede65311f3d1fa5a6085ab/elements - {"using":"xpath","value":"//bdi[contains(@id ,\"anchBar-application-iscschedules-display-component---displaySchedule--templateUnitSection-anchor-BDI-content\")]"}
RESULT: {"using":"xpath","value":"//bdi[contains(@id ,\"anchBar-application-iscschedules-display-component---displaySchedule--templateUnitSection-anchor-BDI-content\")]"}
COMMAND: POST /session/f23c62a335ede65311f3d1fa5a6085ab/elements - {"using":"xpath","value":"//bdi[contains(@id ,\"anchBar-application-iscschedules-display-component---displaySchedule--templateUnitSection-anchor-BDI-content\")]"}
RESULT: {"using":"xpath","value":"//bdi[contains(@id ,\"anchBar-application-iscschedules-display-component---displaySchedule--templateUnitSection-anchor-BDI-content\")]"}
COMMAND: POST /session/f23c62a335ede65311f3d1fa5a6085ab/elements - {"using":"xpath","value":"//bdi[contains(@id ,\"anchBar-application-iscschedules-display-component---displaySchedule--templateUnitSection-anchor-BDI-content\")]"}
RESULT: {"using":"xpath","value":"//bdi[contains(@id ,\"anchBar-application-iscschedules-display-component---displaySchedule--templateUnitSection-anchor-BDI-content\")]"}
COMMAND: POST /session/f23c62a335ede65311f3d1fa5a6085ab/elements - {"using":"xpath","value":"//bdi[contains(@id ,\"anchBar-application-iscschedules-display-component---displaySchedule--templateUnitSection-anchor-BDI-content\")]"}
RESULT: {"using":"xpath","value":"//bdi[contains(@id ,\"anchBar-application-iscschedules-display-component---displaySchedule--templateUnitSection-anchor-BDI-content\")]"}
COMMAND: POST /session/f23c62a335ede65311f3d1fa5a6085ab/elements - {"using":"xpath","value":"//bdi[contains(@id ,\"anchBar-application-iscschedules-display-component---displaySchedule--templateUnitSection-anchor-BDI-content\")]"}
RESULT: {"using":"xpath","value":"//bdi[contains(@id ,\"anchBar-application-iscschedules-display-component---displaySchedule--templateUnitSection-anchor-BDI-content\")]"}
COMMAND: POST /session/f23c62a335ede65311f3d1fa5a6085ab/elements - {"using":"xpath","value":"//bdi[contains(@id ,\"anchBar-application-iscschedules-display-component---displaySchedule--templateUnitSection-anchor-BDI-content\")]"}
RESULT: {"using":"xpath","value":"//bdi[contains(@id ,\"anchBar-application-iscschedules-display-component---displaySchedule--templateUnitSection-anchor-BDI-content\")]"}
COMMAND: POST /session/f23c62a335ede65311f3d1fa5a6085ab/elements - {"using":"xpath","value":"//bdi[contains(@id ,\"anchBar-application-iscschedules-display-component---displaySchedule--templateUnitSection-anchor-BDI-content\")]"}
RESULT: {"using":"xpath","value":"//bdi[contains(@id ,\"anchBar-application-iscschedules-display-component---displaySchedule--templateUnitSection-anchor-BDI-content\")]"}
COMMAND: POST /session/f23c62a335ede65311f3d1fa5a6085ab/elements - {"using":"xpath","value":"//bdi[contains(@id ,\"anchBar-application-iscschedules-display-component---displaySchedule--templateUnitSection-anchor-BDI-content\")]"}
RESULT: {"using":"xpath","value":"//bdi[contains(@id ,\"anchBar-application-iscschedules-display-component---displaySchedule--templateUnitSection-anchor-BDI-content\")]"}
COMMAND: POST /session/f23c62a335ede65311f3d1fa5a6085ab/elements - {"using":"xpath","value":"//bdi[contains(@id ,\"anchBar-application-iscschedules-display-component---displaySchedule--templateUnitSection-anchor-BDI-content\")]"}
RESULT: {"using":"xpath","value":"//bdi[contains(@id ,\"anchBar-application-iscschedules-display-component---displaySchedule--templateUnitSection-anchor-BDI-content\")]"}
COMMAND: POST /session/f23c62a335ede65311f3d1fa5a6085ab/elements - {"using":"xpath","value":"//bdi[contains(@id ,\"anchBar-application-iscschedules-display-component---displaySchedule--templateUnitSection-anchor-BDI-content\")]"}
RESULT: {"using":"xpath","value":"//bdi[contains(@id ,\"anchBar-application-iscschedules-display-component---displaySchedule--templateUnitSection-anchor-BDI-content\")]"}
COMMAND: POST /session/f23c62a335ede65311f3d1fa5a6085ab/elements - {"using":"xpath","value":"//bdi[contains(@id ,\"anchBar-application-iscschedules-display-component---displaySchedule--templateUnitSection-anchor-BDI-content\")]"}
COMMAND: GET /session/f23c62a335ede65311f3d1fa5a6085ab/screenshot - {}
RESULT: {"using":"xpath","value":"//bdi[contains(@id ,\"anchBar-application-iscschedules-display-component---displaySchedule--templateUnitSection-anchor-BDI-content\")]"}
RESULT: {}
COMMAND: GET /session/f23c62a335ede65311f3d1fa5a6085ab/screenshot - {}
COMMAND: GET /session/f23c62a335ede65311f3d1fa5a6085ab/screenshot - {}
RESULT: {}
RESULT: {}
COMMAND: DELETE /session/f23c62a335ede65311f3d1fa5a6085ab - {}
RESULT: {}
]]></system-out>
      <system-err><![CDATA[
Error: Can't call click on element with selector "//bdi[contains(@id ,"anchBar-application-iscschedules-display-component---displaySchedule--templateUnitSection-anchor-BDI-content")]" because element wasn't found
    at async Context.<anonymous> (D:\a\1\s\test\specs\ISC\create-schedule-with-time-schedule-with-counter.spec.js:989:9)
]]></system-err>
    </testcase>
  </testsuite>
</testsuites>