<?xml version="1.0" encoding="UTF-8"?>
<testsuites tests="14" failures="0" errors="0" skipped="0">
  <testsuite timestamp="2025-04-18T17:49:27" time="911.783" tests="6" failures="0" errors="0" skipped="0">
    <properties>
      <property name="specId" value="0"/>
      <property name="suiteName" value="Standard contract - add contract items by Insert Request US118222"/>
      <property name="capabilities" value="chrome.135_0_7049_42.windows"/>
      <property name="file" value="file:///D:/a/1/s/test/specs/R2C/standard-contract-add-contract-items-by-insert-request.spec.js"/>
    </properties>
    <testcase classname="chrome.135_0_7049_42.windows.Standard_contract_-_add_contract_items_by_Insert_Request_US118222" name="Should create prerequisites yard partner site material and equipment" time="269.459">
      <system-out><![CDATA[
COMMAND: POST /session/72d3ab1ba266f930a2b6a477712043f2/execute/async - {"script":"<script> [1562 bytes]","args":[{"selector":{"controlType":"sap.m.GenericTile","properties":{"header":"Manage Yards"}},"wdio_ui5_key":"sapm.GenericTile{\"header\":\"Manage Yards\"}"}]}
RESULT: {"script":"<script> [1562 bytes]","args":[{"selector":{"controlType":"sap.m.GenericTile","properties":{"header":"Manage Yards"}},"wdio_ui5_key":"sapm.GenericTile{\"header\":\"Manage Yards\"}"}]}
RESULT: undefined
COMMAND: POST /session/72d3ab1ba266f930a2b6a477712043f2/element - {"using":"xpath","value":"//*[@id=\"__tile41\"]"}
RESULT: {"using":"xpath","value":"//*[@id=\"__tile41\"]"}
COMMAND: POST /session/72d3ab1ba266f930a2b6a477712043f2/element/f.EBB5C2C2381EC3CAEE229267ABEC6EDB.d.356CFAE179B045B718E3E418A02D35C3.e.111/click - {}
RESULT: {}
COMMAND: GET /session/72d3ab1ba266f930a2b6a477712043f2/screenshot - {}
RESULT: {}
COMMAND: POST /session/72d3ab1ba266f930a2b6a477712043f2/execute/async - {"script":"<script> [1562 bytes]","args":[{"selector":{"controlType":"sap.ui.core.Icon","viewName":"etm.portal.ui.manageyards.view.Master","viewId":"application-manageyards-display-component---masterYard","properties":{"src":{"regex":{"source":"add"}}}},"wdio_ui5_key":"etmportal.ui.manageyards.view.Mastersap.ui.core.Icon{\"src\":{\"regex\":{\"source\":\"add\"}}}"}]}
RESULT: {"script":"<script> [1562 bytes]","args":[{"selector":{"controlType":"sap.ui.core.Icon","viewName":"etm.portal.ui.manageyards.view.Master","viewId":"application-manageyards-display-component---masterYard","properties":{"src":{"regex":{"source":"add"}}}},"wdio_ui5_key":"etmportal.ui.manageyards.view.Mastersap.ui.core.Icon{\"src\":{\"regex\":{\"source\":\"add\"}}}"}]}
RESULT: undefined
COMMAND: POST /session/72d3ab1ba266f930a2b6a477712043f2/element - {"using":"xpath","value":"//*[@id=\"__button4-img\"]"}
RESULT: {"using":"xpath","value":"//*[@id=\"__button4-img\"]"}
COMMAND: POST /session/72d3ab1ba266f930a2b6a477712043f2/element/f.EBB5C2C2381EC3CAEE229267ABEC6EDB.d.356CFAE179B045B718E3E418A02D35C3.e.157/click - {}
RESULT: {}
COMMAND: GET /session/72d3ab1ba266f930a2b6a477712043f2/screenshot - {}
RESULT: {}
COMMAND: POST /session/72d3ab1ba266f930a2b6a477712043f2/execute/async - {"script":"<script> [1562 bytes]","args":[{"selector":{"id":"application-manageyards-display-component---NewYard--yardId","interaction":{"idSuffix":"inner"}},"wdio_ui5_key":"applicationmanageyards-display-component---NewYard--yardId"}]}
RESULT: {"script":"<script> [1562 bytes]","args":[{"selector":{"id":"application-manageyards-display-component---NewYard--yardId","interaction":{"idSuffix":"inner"}},"wdio_ui5_key":"applicationmanageyards-display-component---NewYard--yardId"}]}
RESULT: undefined
COMMAND: POST /session/72d3ab1ba266f930a2b6a477712043f2/element - {"using":"xpath","value":"//*[@id=\"application-manageyards-display-component---NewYard--addressDetailDetailsName1-inner\"]"}
RESULT: {"using":"xpath","value":"//*[@id=\"application-manageyards-display-component---NewYard--addressDetailDetailsName1-inner\"]"}
COMMAND: POST /session/72d3ab1ba266f930a2b6a477712043f2/element/f.EBB5C2C2381EC3CAEE229267ABEC6EDB.d.356CFAE179B045B718E3E418A02D35C3.e.371/clear - {}
RESULT: {}
COMMAND: POST /session/72d3ab1ba266f930a2b6a477712043f2/element/f.EBB5C2C2381EC3CAEE229267ABEC6EDB.d.356CFAE179B045B718E3E418A02D35C3.e.371/value - {"text":"WebdriverYardl7cbck"}
COMMAND: GET /session/72d3ab1ba266f930a2b6a477712043f2/screenshot - {}
RESULT: {"text":"WebdriverYardl7cbck"}
COMMAND: POST /session/72d3ab1ba266f930a2b6a477712043f2/element - {"using":"xpath","value":"//*[@id=\"application-manageyards-display-component---NewYard--addressDetailDetailsLanguage-inner\"]"}
COMMAND: GET /session/72d3ab1ba266f930a2b6a477712043f2/screenshot - {}
RESULT: {}
RESULT: {}
RESULT: {"using":"xpath","value":"//*[@id=\"application-manageyards-display-component---NewYard--addressDetailDetailsLanguage-inner\"]"}
COMMAND: POST /session/72d3ab1ba266f930a2b6a477712043f2/element/f.EBB5C2C2381EC3CAEE229267ABEC6EDB.d.356CFAE179B045B718E3E418A02D35C3.e.372/clear - {}
RESULT: {}
COMMAND: POST /session/72d3ab1ba266f930a2b6a477712043f2/element/f.EBB5C2C2381EC3CAEE229267ABEC6EDB.d.356CFAE179B045B718E3E418A02D35C3.e.372/value - {"text":"Romanian"}
COMMAND: GET /session/72d3ab1ba266f930a2b6a477712043f2/screenshot - {}
RESULT: {"text":"Romanian"}
COMMAND: POST /session/72d3ab1ba266f930a2b6a477712043f2/element - {"using":"xpath","value":"//input[contains(@id ,\"application-manageyards-display-component---NewYard--addressDetailDetailsName1-inner\")]"}
COMMAND: GET /session/72d3ab1ba266f930a2b6a477712043f2/screenshot - {}
RESULT: {}
RESULT: {"using":"xpath","value":"//input[contains(@id ,\"application-manageyards-display-component---NewYard--addressDetailDetailsName1-inner\")]"}
COMMAND: GET /session/72d3ab1ba266f930a2b6a477712043f2/element/f.EBB5C2C2381EC3CAEE229267ABEC6EDB.d.356CFAE179B045B718E3E418A02D35C3.e.371/property/value - {}
RESULT: {}
RESULT: {}
COMMAND: GET /session/72d3ab1ba266f930a2b6a477712043f2/screenshot - {}
RESULT: {}
COMMAND: POST /session/72d3ab1ba266f930a2b6a477712043f2/element - {"using":"xpath","value":"//*[@id=\"application-manageyards-display-component---NewYard--addressDetailDetailsCity1-inner\"]"}
RESULT: {"using":"xpath","value":"//*[@id=\"application-manageyards-display-component---NewYard--addressDetailDetailsCity1-inner\"]"}
COMMAND: POST /session/72d3ab1ba266f930a2b6a477712043f2/element/f.EBB5C2C2381EC3CAEE229267ABEC6EDB.d.356CFAE179B045B718E3E418A02D35C3.e.374/clear - {}
RESULT: {}
COMMAND: POST /session/72d3ab1ba266f930a2b6a477712043f2/element/f.EBB5C2C2381EC3CAEE229267ABEC6EDB.d.356CFAE179B045B718E3E418A02D35C3.e.374/value - {"text":"Bucuresti"}
COMMAND: GET /session/72d3ab1ba266f930a2b6a477712043f2/screenshot - {}
RESULT: {"text":"Bucuresti"}
COMMAND: GET /session/72d3ab1ba266f930a2b6a477712043f2/screenshot - {}
RESULT: {}
RESULT: {}
COMMAND: POST /session/72d3ab1ba266f930a2b6a477712043f2/element - {"using":"xpath","value":"//*[@id=\"application-manageyards-display-component---NewYard--addressDetailDetailsCountry-inner\"]"}
RESULT: {"using":"xpath","value":"//*[@id=\"application-manageyards-display-component---NewYard--addressDetailDetailsCountry-inner\"]"}
COMMAND: POST /session/72d3ab1ba266f930a2b6a477712043f2/element/f.EBB5C2C2381EC3CAEE229267ABEC6EDB.d.356CFAE179B045B718E3E418A02D35C3.e.378/clear - {}
RESULT: {}
COMMAND: POST /session/72d3ab1ba266f930a2b6a477712043f2/element/f.EBB5C2C2381EC3CAEE229267ABEC6EDB.d.356CFAE179B045B718E3E418A02D35C3.e.378/value - {"text":"Romania"}
COMMAND: GET /session/72d3ab1ba266f930a2b6a477712043f2/screenshot - {}
RESULT: {"text":"Romania"}
COMMAND: GET /session/72d3ab1ba266f930a2b6a477712043f2/screenshot - {}
RESULT: {}
RESULT: {}
COMMAND: POST /session/72d3ab1ba266f930a2b6a477712043f2/element - {"using":"xpath","value":"//div[contains(text(), \"Commercial\")]"}
RESULT: {"using":"xpath","value":"//div[contains(text(), \"Commercial\")]"}
COMMAND: GET /session/72d3ab1ba266f930a2b6a477712043f2/element/f.EBB5C2C2381EC3CAEE229267ABEC6EDB.d.356CFAE179B045B718E3E418A02D35C3.e.569/rect - {}
RESULT: {}
COMMAND: GET /session/72d3ab1ba266f930a2b6a477712043f2/window/rect - {}
RESULT: {}
COMMAND: POST /session/72d3ab1ba266f930a2b6a477712043f2/execute/sync - {"script":"<script> [92 bytes]","args":[]}
RESULT: {"script":"<script> [92 bytes]","args":[]}
COMMAND: POST /session/72d3ab1ba266f930a2b6a477712043f2/actions - {"actions":[{"id":"action1","type":"wheel","parameters":{},"actions":[{"type":"scroll","x":-1841,"y":-44,"deltaX":0,"deltaY":0,"duration":0,"origin":{"element-6066-11e4-a52e-4f735466cecf":"f.EBB5C2C2381EC3CAEE229267ABEC6EDB.d.356CFAE179B045B718E3E418A02D35C3.e.569"}}]}]}
COMMAND: GET /session/72d3ab1ba266f930a2b6a477712043f2/screenshot - {}
RESULT: {}
COMMAND: POST /session/72d3ab1ba266f930a2b6a477712043f2/execute/sync - {"script":"<script> [79 bytes]","args":[{"element-6066-11e4-a52e-4f735466cecf":"f.EBB5C2C2381EC3CAEE229267ABEC6EDB.d.356CFAE179B045B718E3E418A02D35C3.e.569","ELEMENT":"f.EBB5C2C2381EC3CAEE229267ABEC6EDB.d.356CFAE179B045B718E3E418A02D35C3.e.569"},{"block":"start","inline":"nearest"}]}
RESULT: {"script":"<script> [79 bytes]","args":[{"element-6066-11e4-a52e-4f735466cecf":"f.EBB5C2C2381EC3CAEE229267ABEC6EDB.d.356CFAE179B045B718E3E418A02D35C3.e.569","ELEMENT":"f.EBB5C2C2381EC3CAEE229267ABEC6EDB.d.356CFAE179B045B718E3E418A02D35C3.e.569"},{"block":"start","inline":"nearest"}]}
COMMAND: GET /session/72d3ab1ba266f930a2b6a477712043f2/screenshot - {}
RESULT: {}
COMMAND: POST /session/72d3ab1ba266f930a2b6a477712043f2/execute/async - {"script":"<script> [1562 bytes]","args":[{"selector":{"id":"application-manageyards-display-component---NewYard--addressEditDetailsCostObjectCstType-arrow"},"wdio_ui5_key":"applicationmanageyards-display-component---NewYard--addressEditDetailsCostObjectCstType-arrow"}]}
RESULT: {"script":"<script> [1562 bytes]","args":[{"selector":{"id":"application-manageyards-display-component---NewYard--addressEditDetailsCostObjectCstType-arrow"},"wdio_ui5_key":"applicationmanageyards-display-component---NewYard--addressEditDetailsCostObjectCstType-arrow"}]}
RESULT: undefined
COMMAND: POST /session/72d3ab1ba266f930a2b6a477712043f2/element - {"using":"xpath","value":"//*[@id=\"application-manageyards-display-component---NewYard--addressEditDetailsCostObjectCstType-arrow\"]"}
RESULT: {"using":"xpath","value":"//*[@id=\"application-manageyards-display-component---NewYard--addressEditDetailsCostObjectCstType-arrow\"]"}
COMMAND: POST /session/72d3ab1ba266f930a2b6a477712043f2/element/f.EBB5C2C2381EC3CAEE229267ABEC6EDB.d.356CFAE179B045B718E3E418A02D35C3.e.578/click - {}
RESULT: {}
COMMAND: POST /session/72d3ab1ba266f930a2b6a477712043f2/element - {"using":"xpath","value":"//span[contains(text(), \"Cost Center\")]"}
COMMAND: GET /session/72d3ab1ba266f930a2b6a477712043f2/screenshot - {}
RESULT: {"using":"xpath","value":"//span[contains(text(), \"Cost Center\")]"}
COMMAND: POST /session/72d3ab1ba266f930a2b6a477712043f2/element/f.EBB5C2C2381EC3CAEE229267ABEC6EDB.d.356CFAE179B045B718E3E418A02D35C3.e.579/click - {}
RESULT: {}
RESULT: {}
COMMAND: GET /session/72d3ab1ba266f930a2b6a477712043f2/screenshot - {}
RESULT: {}
COMMAND: POST /session/72d3ab1ba266f930a2b6a477712043f2/execute/async - {"script":"<script> [1562 bytes]","args":[{"selector":{"id":"application-manageyards-display-component---NewYard--addressNewCostObjectCstID-vhi"},"wdio_ui5_key":"applicationmanageyards-display-component---NewYard--addressNewCostObjectCstID-vhi"}]}
RESULT: {"script":"<script> [1562 bytes]","args":[{"selector":{"id":"application-manageyards-display-component---NewYard--addressNewCostObjectCstID-vhi"},"wdio_ui5_key":"applicationmanageyards-display-component---NewYard--addressNewCostObjectCstID-vhi"}]}
RESULT: undefined
COMMAND: POST /session/72d3ab1ba266f930a2b6a477712043f2/element - {"using":"xpath","value":"//*[@id=\"application-manageyards-display-component---NewYard--addressNewCostObjectCstID-vhi\"]"}
RESULT: {"using":"xpath","value":"//*[@id=\"application-manageyards-display-component---NewYard--addressNewCostObjectCstID-vhi\"]"}
COMMAND: POST /session/72d3ab1ba266f930a2b6a477712043f2/element/f.EBB5C2C2381EC3CAEE229267ABEC6EDB.d.356CFAE179B045B718E3E418A02D35C3.e.593/click - {}
RESULT: {}
COMMAND: GET /session/72d3ab1ba266f930a2b6a477712043f2/screenshot - {}
RESULT: {}
COMMAND: POST /session/72d3ab1ba266f930a2b6a477712043f2/execute/async - {"script":"<script> [1562 bytes]","args":[{"selector":{"controlType":"sap.m.SearchField","properties":{"placeholder":"Search"},"searchOpenDialogs":true,"interaction":{"idSuffix":"I"}},"wdio_ui5_key":"sapm.SearchField{\"placeholder\":\"Search\"}"}]}
RESULT: {"script":"<script> [1562 bytes]","args":[{"selector":{"controlType":"sap.m.SearchField","properties":{"placeholder":"Search"},"searchOpenDialogs":true,"interaction":{"idSuffix":"I"}},"wdio_ui5_key":"sapm.SearchField{\"placeholder\":\"Search\"}"}]}
RESULT: undefined
COMMAND: POST /session/72d3ab1ba266f930a2b6a477712043f2/execute/async - {"script":"<script> [776 bytes]","args":[{"enterText":"10001013","selector":{"controlType":"sap.m.SearchField","properties":{"placeholder":"Search"},"searchOpenDialogs":true,"interaction":{"idSuffix":"I"}},"clearTextFirst":true,"interactionType":"ENTER_TEXT"}]}
RESULT: {"script":"<script> [776 bytes]","args":[{"enterText":"10001013","selector":{"controlType":"sap.m.SearchField","properties":{"placeholder":"Search"},"searchOpenDialogs":true,"interaction":{"idSuffix":"I"}},"clearTextFirst":true,"interactionType":"ENTER_TEXT"}]}
COMMAND: POST /session/72d3ab1ba266f930a2b6a477712043f2/actions - {"actions":[{"id":"action2","type":"key","parameters":{},"actions":[{"type":"keyDown","value":""},{"type":"pause","duration":10},{"type":"keyUp","value":""}]}]}
RESULT: {"actions":[{"id":"action2","type":"key","parameters":{},"actions":[{"type":"keyDown","value":""},{"type":"pause","duration":10},{"type":"keyUp","value":""}]}]}
COMMAND: GET /session/72d3ab1ba266f930a2b6a477712043f2/screenshot - {}
RESULT: {}
COMMAND: POST /session/72d3ab1ba266f930a2b6a477712043f2/element - {"using":"xpath","value":"//span[contains(text(), \"General Management\")]"}
RESULT: {"using":"xpath","value":"//span[contains(text(), \"General Management\")]"}
COMMAND: POST /session/72d3ab1ba266f930a2b6a477712043f2/element/f.EBB5C2C2381EC3CAEE229267ABEC6EDB.d.356CFAE179B045B718E3E418A02D35C3.e.634/click - {}
RESULT: {}
COMMAND: GET /session/72d3ab1ba266f930a2b6a477712043f2/screenshot - {}
RESULT: {}
COMMAND: POST /session/72d3ab1ba266f930a2b6a477712043f2/element - {"using":"xpath","value":"//bdi[contains(text(), \"OK\")]"}
RESULT: {"using":"xpath","value":"//bdi[contains(text(), \"OK\")]"}
COMMAND: POST /session/72d3ab1ba266f930a2b6a477712043f2/element/f.EBB5C2C2381EC3CAEE229267ABEC6EDB.d.356CFAE179B045B718E3E418A02D35C3.e.635/click - {}
RESULT: {}
COMMAND: GET /session/72d3ab1ba266f930a2b6a477712043f2/screenshot - {}
RESULT: {}
COMMAND: POST /session/72d3ab1ba266f930a2b6a477712043f2/execute/async - {"script":"<script> [1562 bytes]","args":[{"selector":{"controlType":"sap.m.Button","viewName":"etm.portal.ui.manageyards.view.New","viewId":"application-manageyards-display-component---NewYard","i18NText":{"propertyName":"text","key":"save"},"interaction":{"idSuffix":"inner"}},"wdio_ui5_key":"etmportal.ui.manageyards.view.Newsap.m.Button{\"propertyName\":\"text\",\"key\":\"save\"}"}]}
RESULT: {"script":"<script> [1562 bytes]","args":[{"selector":{"controlType":"sap.m.Button","viewName":"etm.portal.ui.manageyards.view.New","viewId":"application-manageyards-display-component---NewYard","i18NText":{"propertyName":"text","key":"save"},"interaction":{"idSuffix":"inner"}},"wdio_ui5_key":"etmportal.ui.manageyards.view.Newsap.m.Button{\"propertyName\":\"text\",\"key\":\"save\"}"}]}
RESULT: undefined
COMMAND: POST /session/72d3ab1ba266f930a2b6a477712043f2/element - {"using":"xpath","value":"//*[@id=\"__button18\"]"}
RESULT: {"using":"xpath","value":"//*[@id=\"__button18\"]"}
COMMAND: POST /session/72d3ab1ba266f930a2b6a477712043f2/element/f.EBB5C2C2381EC3CAEE229267ABEC6EDB.d.356CFAE179B045B718E3E418A02D35C3.e.530/click - {}
RESULT: {}
COMMAND: GET /session/72d3ab1ba266f930a2b6a477712043f2/screenshot - {}
RESULT: {}
COMMAND: POST /session/72d3ab1ba266f930a2b6a477712043f2/element - {"using":"xpath","value":"//header/div/div[2]/div[2]/span"}
RESULT: {"using":"xpath","value":"//header/div/div[2]/div[2]/span"}
COMMAND: GET /session/72d3ab1ba266f930a2b6a477712043f2/element/f.EBB5C2C2381EC3CAEE229267ABEC6EDB.d.356CFAE179B045B718E3E418A02D35C3.e.833/text - {}
RESULT: {}
COMMAND: POST /session/72d3ab1ba266f930a2b6a477712043f2/execute/async - {"script":"<script> [1562 bytes]","args":[{"selector":{"controlType":"sap.m.OverflowToolbarButton","viewName":"etm.portal.ui.manageyards.view.Detail","viewId":"application-manageyards-display-component---detailYard","i18NText":{"propertyName":"tooltip","key":"closeColumn"},"interaction":{"idSuffix":"inner"}},"wdio_ui5_key":"etmportal.ui.manageyards.view.Detailsap.m.OverflowToolbarButton{\"propertyName\":\"tooltip\",\"key\":\"closeColumn\"}"}]}
RESULT: {"script":"<script> [1562 bytes]","args":[{"selector":{"controlType":"sap.m.OverflowToolbarButton","viewName":"etm.portal.ui.manageyards.view.Detail","viewId":"application-manageyards-display-component---detailYard","i18NText":{"propertyName":"tooltip","key":"closeColumn"},"interaction":{"idSuffix":"inner"}},"wdio_ui5_key":"etmportal.ui.manageyards.view.Detailsap.m.OverflowToolbarButton{\"propertyName\":\"tooltip\",\"key\":\"closeColumn\"}"}]}
RESULT: undefined
COMMAND: POST /session/72d3ab1ba266f930a2b6a477712043f2/element - {"using":"xpath","value":"//*[@id=\"__button42\"]"}
RESULT: {"using":"xpath","value":"//*[@id=\"__button42\"]"}
COMMAND: POST /session/72d3ab1ba266f930a2b6a477712043f2/element/f.EBB5C2C2381EC3CAEE229267ABEC6EDB.d.356CFAE179B045B718E3E418A02D35C3.e.835/click - {}
RESULT: {}
COMMAND: GET /session/72d3ab1ba266f930a2b6a477712043f2/screenshot - {}
RESULT: {}
COMMAND: POST /session/72d3ab1ba266f930a2b6a477712043f2/element - {"using":"css selector","value":"#shell-header-logo"}
RESULT: {"using":"css selector","value":"#shell-header-logo"}
COMMAND: POST /session/72d3ab1ba266f930a2b6a477712043f2/element/f.EBB5C2C2381EC3CAEE229267ABEC6EDB.d.356CFAE179B045B718E3E418A02D35C3.e.113/click - {}
RESULT: {}
COMMAND: GET /session/72d3ab1ba266f930a2b6a477712043f2/screenshot - {}
RESULT: {}
COMMAND: POST /session/72d3ab1ba266f930a2b6a477712043f2/refresh - {}
RESULT: {}
COMMAND: GET /session/72d3ab1ba266f930a2b6a477712043f2/screenshot - {}
RESULT: {}
COMMAND: POST /session/72d3ab1ba266f930a2b6a477712043f2/execute/async - {"script":"<script> [189 bytes]","args":[]}
RESULT: {"script":"<script> [189 bytes]","args":[]}
COMMAND: POST /session/72d3ab1ba266f930a2b6a477712043f2/execute/async - {"script":"<script> [123 bytes]","args":[]}
RESULT: {"script":"<script> [123 bytes]","args":[]}
COMMAND: POST /session/72d3ab1ba266f930a2b6a477712043f2/timeouts - {"script":"<number>"}
RESULT: {"script":"<number>"}
COMMAND: GET /session/72d3ab1ba266f930a2b6a477712043f2/timeouts - {}
RESULT: {}
RESULT: undefined
COMMAND: POST /session/72d3ab1ba266f930a2b6a477712043f2/execute/async - {"script":"<script> [2676 bytes]","args":[]}
RESULT: {"script":"<script> [2676 bytes]","args":[]}
COMMAND: POST /session/72d3ab1ba266f930a2b6a477712043f2/execute/async - {"script":"<script> [2342 bytes]","args":[{"protocol":"http","hostname":"0.0.0.0","path":"/","capabilities":{"browserName":"chrome","goog:chromeOptions":{"binary":"C:\\Program Files\\Google\\Chrome\\Application\\chrome.exe","args":["--start-maximized"]}},"logLevel":"warn","connectionRetryTimeout":120000,"connectionRetryCount":3,"logLevels":{},"enableDirectConnect":true,"strictSSL":true,"_":"65 more keys: [\"cacheDir\",\"port\",\"requestedCapabilities\",\"automationProtocol\",\"baseUrl\",\"waitforInterval\",\"waitforTimeout\",\"onReload\",\"beforeCommand\",\"afterCommand\",\"rootDir\",\"specs\",\"suites\",\"exclude\",\"groupLogsByTestSpec\",\"excludeDriverLogs\",\"bail\",\"framework\",\"reporters\",\"services\",\"maxInstances\",\"maxInstancesPerCapability\",\"injectGlobals\",\"filesToWatch\",\"execArgv\",\"runnerEnv\",\"runner\",\"shard\",\"specFileRetries\",\"specFileRetriesDelay\",\"specFileRetriesDeferred\",\"reporterSyncInterval\",\"reporterSyncTimeout\",\"cucumberFeaturesWithLineNumbers\",\"autoCompileOpts\",\"mochaOpts\",\"jasmineOpts\",\"cucumberOpts\",\"onPrepare\",\"onWorkerStart\",\"onWorkerEnd\",\"before\",\"beforeSession\",\"beforeSuite\",\"beforeHook\",\"beforeTest\",\"afterTest\",\"afterHook\",\"afterSuite\",\"afterSession\",\"after\",\"onComplete\",\"beforeAssertion\",\"afterAssertion\",\"beforeFeature\",\"beforeScenario\",\"beforeStep\",\"afterStep\",\"afterScenario\",\"afterFeature\",\"_\",\"suite\",\"$0\",\"ignoredWorkerServices\",\"wdi5\"]"}]}
RESULT: {"script":"<script> [2342 bytes]","args":[{"protocol":"http","hostname":"0.0.0.0","path":"/","capabilities":{"browserName":"chrome","goog:chromeOptions":{"binary":"C:\\Program Files\\Google\\Chrome\\Application\\chrome.exe","args":["--start-maximized"]}},"logLevel":"warn","connectionRetryTimeout":120000,"connectionRetryCount":3,"logLevels":{},"enableDirectConnect":true,"strictSSL":true,"_":"65 more keys: [\"cacheDir\",\"port\",\"requestedCapabilities\",\"automationProtocol\",\"baseUrl\",\"waitforInterval\",\"waitforTimeout\",\"onReload\",\"beforeCommand\",\"afterCommand\",\"rootDir\",\"specs\",\"suites\",\"exclude\",\"groupLogsByTestSpec\",\"excludeDriverLogs\",\"bail\",\"framework\",\"reporters\",\"services\",\"maxInstances\",\"maxInstancesPerCapability\",\"injectGlobals\",\"filesToWatch\",\"execArgv\",\"runnerEnv\",\"runner\",\"shard\",\"specFileRetries\",\"specFileRetriesDelay\",\"specFileRetriesDeferred\",\"reporterSyncInterval\",\"reporterSyncTimeout\",\"cucumberFeaturesWithLineNumbers\",\"autoCompileOpts\",\"mochaOpts\",\"jasmineOpts\",\"cucumberOpts\",\"onPrepare\",\"onWorkerStart\",\"onWorkerEnd\",\"before\",\"beforeSession\",\"beforeSuite\",\"beforeHook\",\"beforeTest\",\"afterTest\",\"afterHook\",\"afterSuite\",\"afterSession\",\"after\",\"onComplete\",\"beforeAssertion\",\"afterAssertion\",\"beforeFeature\",\"beforeScenario\",\"beforeStep\",\"afterStep\",\"afterScenario\",\"afterFeature\",\"_\",\"suite\",\"$0\",\"ignoredWorkerServices\",\"wdi5\"]"}]}
COMMAND: POST /session/72d3ab1ba266f930a2b6a477712043f2/execute/async - {"script":"<script> [21126 bytes]","args":[35000]}
RESULT: {"script":"<script> [21126 bytes]","args":[35000]}
COMMAND: POST /session/72d3ab1ba266f930a2b6a477712043f2/execute/async - {"script":"<script> [1562 bytes]","args":[{"selector":{"controlType":"sap.m.GenericTile","properties":{"header":"Manage Partners"}},"wdio_ui5_key":"sapm.GenericTile{\"header\":\"Manage Partners\"}"}]}
RESULT: {"script":"<script> [1562 bytes]","args":[{"selector":{"controlType":"sap.m.GenericTile","properties":{"header":"Manage Partners"}},"wdio_ui5_key":"sapm.GenericTile{\"header\":\"Manage Partners\"}"}]}
RESULT: undefined
COMMAND: POST /session/72d3ab1ba266f930a2b6a477712043f2/element - {"using":"xpath","value":"//*[@id=\"__tile38\"]"}
RESULT: {"using":"xpath","value":"//*[@id=\"__tile38\"]"}
COMMAND: POST /session/72d3ab1ba266f930a2b6a477712043f2/element/f.EBB5C2C2381EC3CAEE229267ABEC6EDB.d.2F41DB36CFD5D9F446C3B9FB246A9CEB.e.1185/click - {}
RESULT: {}
COMMAND: GET /session/72d3ab1ba266f930a2b6a477712043f2/screenshot - {}
RESULT: {}
COMMAND: POST /session/72d3ab1ba266f930a2b6a477712043f2/execute/async - {"script":"<script> [1562 bytes]","args":[{"selector":{"controlType":"sap.ui.core.Icon","viewName":"etm.portal.ui.managepartners.view.Master","viewId":"application-managepartners-display-component---masterPtm","properties":{"src":{"regex":{"source":"add"}}}},"wdio_ui5_key":"etmportal.ui.managepartners.view.Mastersap.ui.core.Icon{\"src\":{\"regex\":{\"source\":\"add\"}}}"}]}
RESULT: {"script":"<script> [1562 bytes]","args":[{"selector":{"controlType":"sap.ui.core.Icon","viewName":"etm.portal.ui.managepartners.view.Master","viewId":"application-managepartners-display-component---masterPtm","properties":{"src":{"regex":{"source":"add"}}}},"wdio_ui5_key":"etmportal.ui.managepartners.view.Mastersap.ui.core.Icon{\"src\":{\"regex\":{\"source\":\"add\"}}}"}]}
RESULT: undefined
COMMAND: POST /session/72d3ab1ba266f930a2b6a477712043f2/element - {"using":"xpath","value":"//*[@id=\"__button4-img\"]"}
RESULT: {"using":"xpath","value":"//*[@id=\"__button4-img\"]"}
COMMAND: POST /session/72d3ab1ba266f930a2b6a477712043f2/element/f.EBB5C2C2381EC3CAEE229267ABEC6EDB.d.2F41DB36CFD5D9F446C3B9FB246A9CEB.e.1236/click - {}
RESULT: {}
COMMAND: GET /session/72d3ab1ba266f930a2b6a477712043f2/screenshot - {}
RESULT: {}
COMMAND: POST /session/72d3ab1ba266f930a2b6a477712043f2/execute/async - {"script":"<script> [1562 bytes]","args":[{"selector":{"id":"application-managepartners-display-component---NewPartner--partnerId","interaction":{"idSuffix":"inner"}},"wdio_ui5_key":"applicationmanagepartners-display-component---NewPartner--partnerId"}]}
RESULT: {"script":"<script> [1562 bytes]","args":[{"selector":{"id":"application-managepartners-display-component---NewPartner--partnerId","interaction":{"idSuffix":"inner"}},"wdio_ui5_key":"applicationmanagepartners-display-component---NewPartner--partnerId"}]}
RESULT: undefined
COMMAND: POST /session/72d3ab1ba266f930a2b6a477712043f2/execute/async - {"script":"<script> [1562 bytes]","args":[{"selector":{"id":"application-managepartners-display-component---NewPartner--addressDetailDetailsName1","interaction":{"idSuffix":"inner"}},"wdio_ui5_key":"applicationmanagepartners-display-component---NewPartner--addressDetailDetailsName1"}]}
RESULT: {"script":"<script> [1562 bytes]","args":[{"selector":{"id":"application-managepartners-display-component---NewPartner--addressDetailDetailsName1","interaction":{"idSuffix":"inner"}},"wdio_ui5_key":"applicationmanagepartners-display-component---NewPartner--addressDetailDetailsName1"}]}
RESULT: undefined
COMMAND: POST /session/72d3ab1ba266f930a2b6a477712043f2/execute/async - {"script":"<script> [776 bytes]","args":[{"enterText":"WebdriverPartnera9gdek","selector":{"id":"application-managepartners-display-component---NewPartner--addressDetailDetailsName1","interaction":{"idSuffix":"inner"}},"clearTextFirst":true,"interactionType":"ENTER_TEXT"}]}
RESULT: {"script":"<script> [776 bytes]","args":[{"enterText":"WebdriverPartnera9gdek","selector":{"id":"application-managepartners-display-component---NewPartner--addressDetailDetailsName1","interaction":{"idSuffix":"inner"}},"clearTextFirst":true,"interactionType":"ENTER_TEXT"}]}
COMMAND: POST /session/72d3ab1ba266f930a2b6a477712043f2/execute/async - {"script":"<script> [1562 bytes]","args":[{"selector":{"id":"application-managepartners-display-component---NewPartner--addressDetailDetailsLanguage","interaction":{"idSuffix":"inner"}},"wdio_ui5_key":"applicationmanagepartners-display-component---NewPartner--addressDetailDetailsLanguage"}]}
RESULT: {"script":"<script> [1562 bytes]","args":[{"selector":{"id":"application-managepartners-display-component---NewPartner--addressDetailDetailsLanguage","interaction":{"idSuffix":"inner"}},"wdio_ui5_key":"applicationmanagepartners-display-component---NewPartner--addressDetailDetailsLanguage"}]}
RESULT: undefined
COMMAND: POST /session/72d3ab1ba266f930a2b6a477712043f2/execute/async - {"script":"<script> [776 bytes]","args":[{"enterText":"Romanian","selector":{"id":"application-managepartners-display-component---NewPartner--addressDetailDetailsLanguage","interaction":{"idSuffix":"inner"}},"clearTextFirst":true,"interactionType":"ENTER_TEXT"}]}
RESULT: {"script":"<script> [776 bytes]","args":[{"enterText":"Romanian","selector":{"id":"application-managepartners-display-component---NewPartner--addressDetailDetailsLanguage","interaction":{"idSuffix":"inner"}},"clearTextFirst":true,"interactionType":"ENTER_TEXT"}]}
COMMAND: POST /session/72d3ab1ba266f930a2b6a477712043f2/element - {"using":"xpath","value":"//input[contains(@id ,\"application-managepartners-display-component---NewPartner--addressDetailDetailsName1-inner\")]"}
RESULT: {"using":"xpath","value":"//input[contains(@id ,\"application-managepartners-display-component---NewPartner--addressDetailDetailsName1-inner\")]"}
COMMAND: GET /session/72d3ab1ba266f930a2b6a477712043f2/element/f.EBB5C2C2381EC3CAEE229267ABEC6EDB.d.2F41DB36CFD5D9F446C3B9FB246A9CEB.e.1408/property/value - {}
RESULT: {}
COMMAND: POST /session/72d3ab1ba266f930a2b6a477712043f2/execute/async - {"script":"<script> [1562 bytes]","args":[{"selector":{"id":"application-managepartners-display-component---NewPartner--addressDetailDetailsCity1","interaction":{"idSuffix":"inner"}},"wdio_ui5_key":"applicationmanagepartners-display-component---NewPartner--addressDetailDetailsCity1"}]}
COMMAND: GET /session/72d3ab1ba266f930a2b6a477712043f2/screenshot - {}
RESULT: {"script":"<script> [1562 bytes]","args":[{"selector":{"id":"application-managepartners-display-component---NewPartner--addressDetailDetailsCity1","interaction":{"idSuffix":"inner"}},"wdio_ui5_key":"applicationmanagepartners-display-component---NewPartner--addressDetailDetailsCity1"}]}
RESULT: undefined
COMMAND: POST /session/72d3ab1ba266f930a2b6a477712043f2/execute/async - {"script":"<script> [776 bytes]","args":[{"enterText":"Bucharest","selector":{"id":"application-managepartners-display-component---NewPartner--addressDetailDetailsCity1","interaction":{"idSuffix":"inner"}},"clearTextFirst":true,"interactionType":"ENTER_TEXT"}]}
RESULT: {}
RESULT: {"script":"<script> [776 bytes]","args":[{"enterText":"Bucharest","selector":{"id":"application-managepartners-display-component---NewPartner--addressDetailDetailsCity1","interaction":{"idSuffix":"inner"}},"clearTextFirst":true,"interactionType":"ENTER_TEXT"}]}
COMMAND: POST /session/72d3ab1ba266f930a2b6a477712043f2/execute/async - {"script":"<script> [1562 bytes]","args":[{"selector":{"id":"application-managepartners-display-component---NewPartner--addressDetailDetailsCountry","interaction":{"idSuffix":"inner"}},"wdio_ui5_key":"applicationmanagepartners-display-component---NewPartner--addressDetailDetailsCountry"}]}
RESULT: {"script":"<script> [1562 bytes]","args":[{"selector":{"id":"application-managepartners-display-component---NewPartner--addressDetailDetailsCountry","interaction":{"idSuffix":"inner"}},"wdio_ui5_key":"applicationmanagepartners-display-component---NewPartner--addressDetailDetailsCountry"}]}
RESULT: undefined
COMMAND: POST /session/72d3ab1ba266f930a2b6a477712043f2/execute/async - {"script":"<script> [6424 bytes]","args":[{"element-6066-11e4-a52e-4f735466cecf":"f.EBB5C2C2381EC3CAEE229267ABEC6EDB.d.2F41DB36CFD5D9F446C3B9FB246A9CEB.e.1415"},"setValue",["Romania"]]}
RESULT: {"script":"<script> [6424 bytes]","args":[{"element-6066-11e4-a52e-4f735466cecf":"f.EBB5C2C2381EC3CAEE229267ABEC6EDB.d.2F41DB36CFD5D9F446C3B9FB246A9CEB.e.1415"},"setValue",["Romania"]]}
COMMAND: POST /session/72d3ab1ba266f930a2b6a477712043f2/execute/async - {"script":"<script> [1562 bytes]","args":[{"selector":{"id":"application-managepartners-display-component---NewPartner--partnerDetailInternal","interaction":{"idSuffix":"inner"}},"wdio_ui5_key":"applicationmanagepartners-display-component---NewPartner--partnerDetailInternal"}]}
RESULT: {"script":"<script> [1562 bytes]","args":[{"selector":{"id":"application-managepartners-display-component---NewPartner--partnerDetailInternal","interaction":{"idSuffix":"inner"}},"wdio_ui5_key":"applicationmanagepartners-display-component---NewPartner--partnerDetailInternal"}]}
RESULT: undefined
COMMAND: POST /session/72d3ab1ba266f930a2b6a477712043f2/execute/async - {"script":"<script> [776 bytes]","args":[{"enterText":"External partner","selector":{"id":"application-managepartners-display-component---NewPartner--partnerDetailInternal","interaction":{"idSuffix":"inner"}},"clearTextFirst":true,"interactionType":"ENTER_TEXT"}]}
RESULT: {"script":"<script> [776 bytes]","args":[{"enterText":"External partner","selector":{"id":"application-managepartners-display-component---NewPartner--partnerDetailInternal","interaction":{"idSuffix":"inner"}},"clearTextFirst":true,"interactionType":"ENTER_TEXT"}]}
COMMAND: POST /session/72d3ab1ba266f930a2b6a477712043f2/execute/async - {"script":"<script> [1562 bytes]","args":[{"selector":{"id":"application-managepartners-display-component---NewPartner--partnerDetailsCurrency","interaction":{"idSuffix":"inner"}},"wdio_ui5_key":"applicationmanagepartners-display-component---NewPartner--partnerDetailsCurrency"}]}
RESULT: {"script":"<script> [1562 bytes]","args":[{"selector":{"id":"application-managepartners-display-component---NewPartner--partnerDetailsCurrency","interaction":{"idSuffix":"inner"}},"wdio_ui5_key":"applicationmanagepartners-display-component---NewPartner--partnerDetailsCurrency"}]}
RESULT: undefined
COMMAND: POST /session/72d3ab1ba266f930a2b6a477712043f2/execute/async - {"script":"<script> [776 bytes]","args":[{"enterText":"Euro","selector":{"id":"application-managepartners-display-component---NewPartner--partnerDetailsCurrency","interaction":{"idSuffix":"inner"}},"clearTextFirst":true,"interactionType":"ENTER_TEXT"}]}
RESULT: {"script":"<script> [776 bytes]","args":[{"enterText":"Euro","selector":{"id":"application-managepartners-display-component---NewPartner--partnerDetailsCurrency","interaction":{"idSuffix":"inner"}},"clearTextFirst":true,"interactionType":"ENTER_TEXT"}]}
COMMAND: POST /session/72d3ab1ba266f930a2b6a477712043f2/execute/async - {"script":"<script> [1562 bytes]","args":[{"selector":{"controlType":"sap.m.Button","viewName":"etm.portal.ui.managepartners.view.NewPartner","viewId":"application-managepartners-display-component---NewPartner","properties":{"text":"Commercial"},"interaction":{"idSuffix":"BDI-content"}},"wdio_ui5_key":"etmportal.ui.managepartners.view.NewPartnersap.m.Button{\"text\":\"Commercial\"}"}]}
RESULT: {"script":"<script> [1562 bytes]","args":[{"selector":{"controlType":"sap.m.Button","viewName":"etm.portal.ui.managepartners.view.NewPartner","viewId":"application-managepartners-display-component---NewPartner","properties":{"text":"Commercial"},"interaction":{"idSuffix":"BDI-content"}},"wdio_ui5_key":"etmportal.ui.managepartners.view.NewPartnersap.m.Button{\"text\":\"Commercial\"}"}]}
RESULT: undefined
COMMAND: POST /session/72d3ab1ba266f930a2b6a477712043f2/element - {"using":"xpath","value":"//*[@id=\"application-managepartners-display-component---NewPartner--ObjectPageLayout-anchBar-__section5-anchor\"]"}
RESULT: {"using":"xpath","value":"//*[@id=\"application-managepartners-display-component---NewPartner--ObjectPageLayout-anchBar-__section5-anchor\"]"}
COMMAND: POST /session/72d3ab1ba266f930a2b6a477712043f2/element/f.EBB5C2C2381EC3CAEE229267ABEC6EDB.d.2F41DB36CFD5D9F446C3B9FB246A9CEB.e.1666/click - {}
RESULT: {}
COMMAND: GET /session/72d3ab1ba266f930a2b6a477712043f2/screenshot - {}
RESULT: {}
COMMAND: POST /session/72d3ab1ba266f930a2b6a477712043f2/execute/async - {"script":"<script> [1562 bytes]","args":[{"selector":{"id":"application-managepartners-display-component---NewPartner--btnAddTableRow-img"},"wdio_ui5_key":"applicationmanagepartners-display-component---NewPartner--btnAddTableRow-img"}]}
RESULT: {"script":"<script> [1562 bytes]","args":[{"selector":{"id":"application-managepartners-display-component---NewPartner--btnAddTableRow-img"},"wdio_ui5_key":"applicationmanagepartners-display-component---NewPartner--btnAddTableRow-img"}]}
RESULT: undefined
COMMAND: POST /session/72d3ab1ba266f930a2b6a477712043f2/element - {"using":"xpath","value":"//*[@id=\"application-managepartners-display-component---NewPartner--btnAddTableRow-img\"]"}
RESULT: {"using":"xpath","value":"//*[@id=\"application-managepartners-display-component---NewPartner--btnAddTableRow-img\"]"}
COMMAND: POST /session/72d3ab1ba266f930a2b6a477712043f2/element/f.EBB5C2C2381EC3CAEE229267ABEC6EDB.d.2F41DB36CFD5D9F446C3B9FB246A9CEB.e.1672/click - {}
RESULT: {}
COMMAND: POST /session/72d3ab1ba266f930a2b6a477712043f2/element - {"using":"xpath","value":"//input[contains(@id ,\"application-managepartners-display-component---NewPartner--assignmentYard-application-managepartners-display-component---NewPartner\")]"}
COMMAND: GET /session/72d3ab1ba266f930a2b6a477712043f2/screenshot - {}
RESULT: {"using":"xpath","value":"//input[contains(@id ,\"application-managepartners-display-component---NewPartner--assignmentYard-application-managepartners-display-component---NewPartner\")]"}
COMMAND: POST /session/72d3ab1ba266f930a2b6a477712043f2/element/f.EBB5C2C2381EC3CAEE229267ABEC6EDB.d.2F41DB36CFD5D9F446C3B9FB246A9CEB.e.1675/clear - {}
RESULT: {}
RESULT: {}
COMMAND: POST /session/72d3ab1ba266f930a2b6a477712043f2/element/f.EBB5C2C2381EC3CAEE229267ABEC6EDB.d.2F41DB36CFD5D9F446C3B9FB246A9CEB.e.1675/value - {"text":"579"}
COMMAND: GET /session/72d3ab1ba266f930a2b6a477712043f2/screenshot - {}
RESULT: {"text":"579"}
COMMAND: GET /session/72d3ab1ba266f930a2b6a477712043f2/screenshot - {}
RESULT: {}
RESULT: {}
COMMAND: POST /session/72d3ab1ba266f930a2b6a477712043f2/execute/async - {"script":"<script> [1562 bytes]","args":[{"selector":{"controlType":"sap.m.Button","viewName":"etm.portal.ui.managepartners.view.NewPartner","viewId":"application-managepartners-display-component---NewPartner","i18NText":{"propertyName":"text","key":"save"},"interaction":{"idSuffix":"BDI-content"}},"wdio_ui5_key":"etmportal.ui.managepartners.view.NewPartnersap.m.Button{\"propertyName\":\"text\",\"key\":\"save\"}"}]}
RESULT: {"script":"<script> [1562 bytes]","args":[{"selector":{"controlType":"sap.m.Button","viewName":"etm.portal.ui.managepartners.view.NewPartner","viewId":"application-managepartners-display-component---NewPartner","i18NText":{"propertyName":"text","key":"save"},"interaction":{"idSuffix":"BDI-content"}},"wdio_ui5_key":"etmportal.ui.managepartners.view.NewPartnersap.m.Button{\"propertyName\":\"text\",\"key\":\"save\"}"}]}
RESULT: undefined
COMMAND: POST /session/72d3ab1ba266f930a2b6a477712043f2/element - {"using":"xpath","value":"//*[@id=\"__button12\"]"}
RESULT: {"using":"xpath","value":"//*[@id=\"__button12\"]"}
COMMAND: POST /session/72d3ab1ba266f930a2b6a477712043f2/element/f.EBB5C2C2381EC3CAEE229267ABEC6EDB.d.2F41DB36CFD5D9F446C3B9FB246A9CEB.e.1606/click - {}
RESULT: {}
COMMAND: GET /session/72d3ab1ba266f930a2b6a477712043f2/screenshot - {}
RESULT: {}
COMMAND: POST /session/72d3ab1ba266f930a2b6a477712043f2/element - {"using":"xpath","value":"//header/div/div[2]/div[2]/span"}
RESULT: {"using":"xpath","value":"//header/div/div[2]/div[2]/span"}
COMMAND: GET /session/72d3ab1ba266f930a2b6a477712043f2/element/f.EBB5C2C2381EC3CAEE229267ABEC6EDB.d.2F41DB36CFD5D9F446C3B9FB246A9CEB.e.1846/text - {}
RESULT: {}
COMMAND: POST /session/72d3ab1ba266f930a2b6a477712043f2/element - {"using":"xpath","value":"//header/div/div/div/div/div/div[2]/div/span"}
RESULT: {"using":"xpath","value":"//header/div/div/div/div/div/div[2]/div/span"}
COMMAND: GET /session/72d3ab1ba266f930a2b6a477712043f2/element/f.EBB5C2C2381EC3CAEE229267ABEC6EDB.d.2F41DB36CFD5D9F446C3B9FB246A9CEB.e.1847/text - {}
RESULT: {}
COMMAND: POST /session/72d3ab1ba266f930a2b6a477712043f2/execute/async - {"script":"<script> [1562 bytes]","args":[{"selector":{"id":"application-managepartners-display-component---detailPtm--partnerType"},"wdio_ui5_key":"applicationmanagepartners-display-component---detailPtm--partnerType"}]}
RESULT: {"script":"<script> [1562 bytes]","args":[{"selector":{"id":"application-managepartners-display-component---detailPtm--partnerType"},"wdio_ui5_key":"applicationmanagepartners-display-component---detailPtm--partnerType"}]}
RESULT: undefined
COMMAND: POST /session/72d3ab1ba266f930a2b6a477712043f2/execute/async - {"script":"<script> [6424 bytes]","args":[{"element-6066-11e4-a52e-4f735466cecf":"f.EBB5C2C2381EC3CAEE229267ABEC6EDB.d.2F41DB36CFD5D9F446C3B9FB246A9CEB.e.1848"},"getText",[]]}
RESULT: {"script":"<script> [6424 bytes]","args":[{"element-6066-11e4-a52e-4f735466cecf":"f.EBB5C2C2381EC3CAEE229267ABEC6EDB.d.2F41DB36CFD5D9F446C3B9FB246A9CEB.e.1848"},"getText",[]]}
COMMAND: POST /session/72d3ab1ba266f930a2b6a477712043f2/element - {"using":"css selector","value":"#shell-header-logo"}
RESULT: {"using":"css selector","value":"#shell-header-logo"}
COMMAND: POST /session/72d3ab1ba266f930a2b6a477712043f2/element/f.EBB5C2C2381EC3CAEE229267ABEC6EDB.d.2F41DB36CFD5D9F446C3B9FB246A9CEB.e.1188/click - {}
RESULT: {}
COMMAND: GET /session/72d3ab1ba266f930a2b6a477712043f2/screenshot - {}
RESULT: {}
COMMAND: POST /session/72d3ab1ba266f930a2b6a477712043f2/execute/async - {"script":"<script> [1562 bytes]","args":[{"selector":{"controlType":"sap.m.GenericTile","properties":{"header":"Manage Sites"}},"wdio_ui5_key":"sapm.GenericTile{\"header\":\"Manage Sites\"}"}]}
RESULT: {"script":"<script> [1562 bytes]","args":[{"selector":{"controlType":"sap.m.GenericTile","properties":{"header":"Manage Sites"}},"wdio_ui5_key":"sapm.GenericTile{\"header\":\"Manage Sites\"}"}]}
RESULT: undefined
COMMAND: POST /session/72d3ab1ba266f930a2b6a477712043f2/element - {"using":"xpath","value":"//*[@id=\"__tile40\"]"}
RESULT: {"using":"xpath","value":"//*[@id=\"__tile40\"]"}
COMMAND: POST /session/72d3ab1ba266f930a2b6a477712043f2/element/f.EBB5C2C2381EC3CAEE229267ABEC6EDB.d.2F41DB36CFD5D9F446C3B9FB246A9CEB.e.1850/click - {}
RESULT: {}
COMMAND: GET /session/72d3ab1ba266f930a2b6a477712043f2/screenshot - {}
RESULT: {}
COMMAND: POST /session/72d3ab1ba266f930a2b6a477712043f2/execute/async - {"script":"<script> [1562 bytes]","args":[{"selector":{"controlType":"sap.ui.core.Icon","viewName":"etm.portal.ui.managesites.view.Master","viewId":"application-managesites-display-component---masterSite","properties":{"src":{"regex":{"source":"add"}}}},"wdio_ui5_key":"etmportal.ui.managesites.view.Mastersap.ui.core.Icon{\"src\":{\"regex\":{\"source\":\"add\"}}}"}]}
RESULT: {"script":"<script> [1562 bytes]","args":[{"selector":{"controlType":"sap.ui.core.Icon","viewName":"etm.portal.ui.managesites.view.Master","viewId":"application-managesites-display-component---masterSite","properties":{"src":{"regex":{"source":"add"}}}},"wdio_ui5_key":"etmportal.ui.managesites.view.Mastersap.ui.core.Icon{\"src\":{\"regex\":{\"source\":\"add\"}}}"}]}
RESULT: undefined
COMMAND: POST /session/72d3ab1ba266f930a2b6a477712043f2/element - {"using":"xpath","value":"//*[@id=\"__button52-img\"]"}
RESULT: {"using":"xpath","value":"//*[@id=\"__button52-img\"]"}
COMMAND: POST /session/72d3ab1ba266f930a2b6a477712043f2/element/f.EBB5C2C2381EC3CAEE229267ABEC6EDB.d.2F41DB36CFD5D9F446C3B9FB246A9CEB.e.1899/click - {}
RESULT: {}
COMMAND: POST /session/72d3ab1ba266f930a2b6a477712043f2/execute/async - {"script":"<script> [1562 bytes]","args":[{"selector":{"id":"application-managesites-display-component---NewSite--siteId","interaction":{"idSuffix":"inner"}},"wdio_ui5_key":"applicationmanagesites-display-component---NewSite--siteId"}]}
COMMAND: GET /session/72d3ab1ba266f930a2b6a477712043f2/screenshot - {}
RESULT: {"script":"<script> [1562 bytes]","args":[{"selector":{"id":"application-managesites-display-component---NewSite--siteId","interaction":{"idSuffix":"inner"}},"wdio_ui5_key":"applicationmanagesites-display-component---NewSite--siteId"}]}
RESULT: undefined
COMMAND: POST /session/72d3ab1ba266f930a2b6a477712043f2/execute/async - {"script":"<script> [1562 bytes]","args":[{"selector":{"id":"application-managesites-display-component---NewSite--addressDetailDetailsName1","interaction":{"idSuffix":"inner"}},"wdio_ui5_key":"applicationmanagesites-display-component---NewSite--addressDetailDetailsName1"}]}
RESULT: {}
RESULT: {"script":"<script> [1562 bytes]","args":[{"selector":{"id":"application-managesites-display-component---NewSite--addressDetailDetailsName1","interaction":{"idSuffix":"inner"}},"wdio_ui5_key":"applicationmanagesites-display-component---NewSite--addressDetailDetailsName1"}]}
RESULT: undefined
COMMAND: POST /session/72d3ab1ba266f930a2b6a477712043f2/execute/async - {"script":"<script> [776 bytes]","args":[{"enterText":"WebdriverSiten9h5f","selector":{"id":"application-managesites-display-component---NewSite--addressDetailDetailsName1","interaction":{"idSuffix":"inner"}},"clearTextFirst":true,"interactionType":"ENTER_TEXT"}]}
RESULT: {"script":"<script> [776 bytes]","args":[{"enterText":"WebdriverSiten9h5f","selector":{"id":"application-managesites-display-component---NewSite--addressDetailDetailsName1","interaction":{"idSuffix":"inner"}},"clearTextFirst":true,"interactionType":"ENTER_TEXT"}]}
COMMAND: POST /session/72d3ab1ba266f930a2b6a477712043f2/execute/async - {"script":"<script> [1562 bytes]","args":[{"selector":{"id":"application-managesites-display-component---NewSite--addressDetailDetailsLanguage","interaction":{"idSuffix":"inner"}},"wdio_ui5_key":"applicationmanagesites-display-component---NewSite--addressDetailDetailsLanguage"}]}
RESULT: {"script":"<script> [1562 bytes]","args":[{"selector":{"id":"application-managesites-display-component---NewSite--addressDetailDetailsLanguage","interaction":{"idSuffix":"inner"}},"wdio_ui5_key":"applicationmanagesites-display-component---NewSite--addressDetailDetailsLanguage"}]}
RESULT: undefined
COMMAND: POST /session/72d3ab1ba266f930a2b6a477712043f2/execute/async - {"script":"<script> [776 bytes]","args":[{"enterText":"Romanian","selector":{"id":"application-managesites-display-component---NewSite--addressDetailDetailsLanguage","interaction":{"idSuffix":"inner"}},"clearTextFirst":true,"interactionType":"ENTER_TEXT"}]}
RESULT: {"script":"<script> [776 bytes]","args":[{"enterText":"Romanian","selector":{"id":"application-managesites-display-component---NewSite--addressDetailDetailsLanguage","interaction":{"idSuffix":"inner"}},"clearTextFirst":true,"interactionType":"ENTER_TEXT"}]}
COMMAND: POST /session/72d3ab1ba266f930a2b6a477712043f2/execute/async - {"script":"<script> [1562 bytes]","args":[{"selector":{"id":"application-managesites-display-component---NewSite--addressDetailDetailsCity1","interaction":{"idSuffix":"inner"}},"wdio_ui5_key":"applicationmanagesites-display-component---NewSite--addressDetailDetailsCity1"}]}
RESULT: {"script":"<script> [1562 bytes]","args":[{"selector":{"id":"application-managesites-display-component---NewSite--addressDetailDetailsCity1","interaction":{"idSuffix":"inner"}},"wdio_ui5_key":"applicationmanagesites-display-component---NewSite--addressDetailDetailsCity1"}]}
RESULT: undefined
COMMAND: POST /session/72d3ab1ba266f930a2b6a477712043f2/execute/async - {"script":"<script> [776 bytes]","args":[{"enterText":"Bucharest","selector":{"id":"application-managesites-display-component---NewSite--addressDetailDetailsCity1","interaction":{"idSuffix":"inner"}},"clearTextFirst":true,"interactionType":"ENTER_TEXT"}]}
RESULT: {"script":"<script> [776 bytes]","args":[{"enterText":"Bucharest","selector":{"id":"application-managesites-display-component---NewSite--addressDetailDetailsCity1","interaction":{"idSuffix":"inner"}},"clearTextFirst":true,"interactionType":"ENTER_TEXT"}]}
COMMAND: POST /session/72d3ab1ba266f930a2b6a477712043f2/execute/async - {"script":"<script> [1562 bytes]","args":[{"selector":{"id":"application-managesites-display-component---NewSite--addressDetailDetailsCountry","interaction":{"idSuffix":"inner"}},"wdio_ui5_key":"applicationmanagesites-display-component---NewSite--addressDetailDetailsCountry"}]}
RESULT: {"script":"<script> [1562 bytes]","args":[{"selector":{"id":"application-managesites-display-component---NewSite--addressDetailDetailsCountry","interaction":{"idSuffix":"inner"}},"wdio_ui5_key":"applicationmanagesites-display-component---NewSite--addressDetailDetailsCountry"}]}
RESULT: undefined
COMMAND: POST /session/72d3ab1ba266f930a2b6a477712043f2/execute/async - {"script":"<script> [776 bytes]","args":[{"enterText":"Romania","selector":{"id":"application-managesites-display-component---NewSite--addressDetailDetailsCountry","interaction":{"idSuffix":"inner"}},"clearTextFirst":true,"interactionType":"ENTER_TEXT"}]}
RESULT: {"script":"<script> [776 bytes]","args":[{"enterText":"Romania","selector":{"id":"application-managesites-display-component---NewSite--addressDetailDetailsCountry","interaction":{"idSuffix":"inner"}},"clearTextFirst":true,"interactionType":"ENTER_TEXT"}]}
COMMAND: POST /session/72d3ab1ba266f930a2b6a477712043f2/element - {"using":"css selector","value":"#application-managesites-display-component---NewSite--addressDetailDetailsCalendar-inner"}
RESULT: {"using":"css selector","value":"#application-managesites-display-component---NewSite--addressDetailDetailsCalendar-inner"}
COMMAND: POST /session/72d3ab1ba266f930a2b6a477712043f2/element/f.EBB5C2C2381EC3CAEE229267ABEC6EDB.d.2F41DB36CFD5D9F446C3B9FB246A9CEB.e.2280/clear - {}
RESULT: {}
COMMAND: POST /session/72d3ab1ba266f930a2b6a477712043f2/element/f.EBB5C2C2381EC3CAEE229267ABEC6EDB.d.2F41DB36CFD5D9F446C3B9FB246A9CEB.e.2280/value - {"text":"Germany"}
COMMAND: GET /session/72d3ab1ba266f930a2b6a477712043f2/screenshot - {}
RESULT: {"text":"Germany"}
COMMAND: POST /session/72d3ab1ba266f930a2b6a477712043f2/execute/async - {"script":"<script> [1562 bytes]","args":[{"selector":{"id":"application-managesites-display-component---NewSite--addressEditDetailsCostObjectCstType-arrow"},"wdio_ui5_key":"applicationmanagesites-display-component---NewSite--addressEditDetailsCostObjectCstType-arrow"}]}
COMMAND: GET /session/72d3ab1ba266f930a2b6a477712043f2/screenshot - {}
RESULT: {}
RESULT: {"script":"<script> [1562 bytes]","args":[{"selector":{"id":"application-managesites-display-component---NewSite--addressEditDetailsCostObjectCstType-arrow"},"wdio_ui5_key":"applicationmanagesites-display-component---NewSite--addressEditDetailsCostObjectCstType-arrow"}]}
RESULT: undefined
COMMAND: POST /session/72d3ab1ba266f930a2b6a477712043f2/element - {"using":"xpath","value":"//*[@id=\"application-managesites-display-component---NewSite--addressEditDetailsCostObjectCstType-arrow\"]"}
RESULT: {}
RESULT: {"using":"xpath","value":"//*[@id=\"application-managesites-display-component---NewSite--addressEditDetailsCostObjectCstType-arrow\"]"}
COMMAND: POST /session/72d3ab1ba266f930a2b6a477712043f2/element/f.EBB5C2C2381EC3CAEE229267ABEC6EDB.d.2F41DB36CFD5D9F446C3B9FB246A9CEB.e.2480/click - {}
RESULT: {}
COMMAND: POST /session/72d3ab1ba266f930a2b6a477712043f2/element - {"using":"xpath","value":"//span[contains(text(), \"Work Breakdown Structure\")]"}
COMMAND: GET /session/72d3ab1ba266f930a2b6a477712043f2/screenshot - {}
RESULT: {"using":"xpath","value":"//span[contains(text(), \"Work Breakdown Structure\")]"}
COMMAND: POST /session/72d3ab1ba266f930a2b6a477712043f2/element/f.EBB5C2C2381EC3CAEE229267ABEC6EDB.d.2F41DB36CFD5D9F446C3B9FB246A9CEB.e.2481/click - {}
RESULT: {}
RESULT: {}
COMMAND: GET /session/72d3ab1ba266f930a2b6a477712043f2/screenshot - {}
RESULT: {}
COMMAND: POST /session/72d3ab1ba266f930a2b6a477712043f2/execute/async - {"script":"<script> [1562 bytes]","args":[{"selector":{"id":"application-managesites-display-component---NewSite--addressNewCostObjectCstID-vhi"},"wdio_ui5_key":"applicationmanagesites-display-component---NewSite--addressNewCostObjectCstID-vhi"}]}
RESULT: {"script":"<script> [1562 bytes]","args":[{"selector":{"id":"application-managesites-display-component---NewSite--addressNewCostObjectCstID-vhi"},"wdio_ui5_key":"applicationmanagesites-display-component---NewSite--addressNewCostObjectCstID-vhi"}]}
RESULT: undefined
COMMAND: POST /session/72d3ab1ba266f930a2b6a477712043f2/element - {"using":"xpath","value":"//*[@id=\"application-managesites-display-component---NewSite--addressNewCostObjectCstID-vhi\"]"}
RESULT: {"using":"xpath","value":"//*[@id=\"application-managesites-display-component---NewSite--addressNewCostObjectCstID-vhi\"]"}
COMMAND: POST /session/72d3ab1ba266f930a2b6a477712043f2/element/f.EBB5C2C2381EC3CAEE229267ABEC6EDB.d.2F41DB36CFD5D9F446C3B9FB246A9CEB.e.2485/click - {}
RESULT: {}
COMMAND: GET /session/72d3ab1ba266f930a2b6a477712043f2/screenshot - {}
RESULT: {}
COMMAND: POST /session/72d3ab1ba266f930a2b6a477712043f2/execute/async - {"script":"<script> [1562 bytes]","args":[{"selector":{"controlType":"sap.m.SearchField","properties":{"placeholder":"Search"},"searchOpenDialogs":true,"interaction":{"idSuffix":"I"}},"wdio_ui5_key":"sapm.SearchField{\"placeholder\":\"Search\"}"}]}
RESULT: {"script":"<script> [1562 bytes]","args":[{"selector":{"controlType":"sap.m.SearchField","properties":{"placeholder":"Search"},"searchOpenDialogs":true,"interaction":{"idSuffix":"I"}},"wdio_ui5_key":"sapm.SearchField{\"placeholder\":\"Search\"}"}]}
RESULT: undefined
COMMAND: POST /session/72d3ab1ba266f930a2b6a477712043f2/execute/async - {"script":"<script> [776 bytes]","args":[{"enterText":"A1-000100-01","selector":{"controlType":"sap.m.SearchField","properties":{"placeholder":"Search"},"searchOpenDialogs":true,"interaction":{"idSuffix":"I"}},"clearTextFirst":true,"interactionType":"ENTER_TEXT"}]}
RESULT: {"script":"<script> [776 bytes]","args":[{"enterText":"A1-000100-01","selector":{"controlType":"sap.m.SearchField","properties":{"placeholder":"Search"},"searchOpenDialogs":true,"interaction":{"idSuffix":"I"}},"clearTextFirst":true,"interactionType":"ENTER_TEXT"}]}
COMMAND: POST /session/72d3ab1ba266f930a2b6a477712043f2/actions - {"actions":[{"id":"action3","type":"key","parameters":{},"actions":[{"type":"keyDown","value":""},{"type":"pause","duration":10},{"type":"keyUp","value":""}]}]}
RESULT: {"actions":[{"id":"action3","type":"key","parameters":{},"actions":[{"type":"keyDown","value":""},{"type":"pause","duration":10},{"type":"keyUp","value":""}]}]}
COMMAND: GET /session/72d3ab1ba266f930a2b6a477712043f2/screenshot - {}
RESULT: {}
COMMAND: POST /session/72d3ab1ba266f930a2b6a477712043f2/element - {"using":"xpath","value":"//span[contains(text(), \"Template for ETO-Process\")]"}
RESULT: {"using":"xpath","value":"//span[contains(text(), \"Template for ETO-Process\")]"}
COMMAND: POST /session/72d3ab1ba266f930a2b6a477712043f2/element/f.EBB5C2C2381EC3CAEE229267ABEC6EDB.d.2F41DB36CFD5D9F446C3B9FB246A9CEB.e.2504/click - {}
RESULT: {}
COMMAND: GET /session/72d3ab1ba266f930a2b6a477712043f2/screenshot - {}
RESULT: {}
COMMAND: POST /session/72d3ab1ba266f930a2b6a477712043f2/element - {"using":"xpath","value":"//bdi[contains(text(), \"OK\")]"}
RESULT: {"using":"xpath","value":"//bdi[contains(text(), \"OK\")]"}
COMMAND: POST /session/72d3ab1ba266f930a2b6a477712043f2/element/f.EBB5C2C2381EC3CAEE229267ABEC6EDB.d.2F41DB36CFD5D9F446C3B9FB246A9CEB.e.2505/click - {}
RESULT: {}
COMMAND: GET /session/72d3ab1ba266f930a2b6a477712043f2/screenshot - {}
RESULT: {}
COMMAND: POST /session/72d3ab1ba266f930a2b6a477712043f2/element - {"using":"xpath","value":"//input[@id=\"application-managesites-display-component---NewSite--addressDetailDetailsYard-inner\"]"}
RESULT: {"using":"xpath","value":"//input[@id=\"application-managesites-display-component---NewSite--addressDetailDetailsYard-inner\"]"}
COMMAND: POST /session/72d3ab1ba266f930a2b6a477712043f2/element/f.EBB5C2C2381EC3CAEE229267ABEC6EDB.d.2F41DB36CFD5D9F446C3B9FB246A9CEB.e.2281/value - {"text":"579"}
RESULT: {"text":"579"}
COMMAND: GET /session/72d3ab1ba266f930a2b6a477712043f2/screenshot - {}
RESULT: {}
COMMAND: POST /session/72d3ab1ba266f930a2b6a477712043f2/actions - {"actions":[{"id":"action4","type":"key","parameters":{},"actions":[{"type":"keyDown","value":""},{"type":"pause","duration":10},{"type":"keyUp","value":""}]}]}
RESULT: {"actions":[{"id":"action4","type":"key","parameters":{},"actions":[{"type":"keyDown","value":""},{"type":"pause","duration":10},{"type":"keyUp","value":""}]}]}
COMMAND: GET /session/72d3ab1ba266f930a2b6a477712043f2/screenshot - {}
RESULT: {}
COMMAND: POST /session/72d3ab1ba266f930a2b6a477712043f2/element - {"using":"xpath","value":"//input[@id=\"application-managesites-display-component---NewSite--addressDetailDetailsPartner-inner\"]"}
RESULT: {"using":"xpath","value":"//input[@id=\"application-managesites-display-component---NewSite--addressDetailDetailsPartner-inner\"]"}
COMMAND: POST /session/72d3ab1ba266f930a2b6a477712043f2/elements - {"using":"xpath","value":"//input[@id=\"application-managesites-display-component---NewSite--addressDetailDetailsPartner-inner\"]"}
RESULT: {"using":"xpath","value":"//input[@id=\"application-managesites-display-component---NewSite--addressDetailDetailsPartner-inner\"]"}
COMMAND: POST /session/72d3ab1ba266f930a2b6a477712043f2/execute/async - {"script":"<script> [1562 bytes]","args":[{"selector":{"controlType":"sap.m.Button","viewName":"etm.portal.ui.managesites.view.NewSmartSite","viewId":"application-managesites-display-component---NewSite","properties":{"text":"Commercial"},"interaction":{"idSuffix":"BDI-content"}},"wdio_ui5_key":"etmportal.ui.managesites.view.NewSmartSitesap.m.Button{\"text\":\"Commercial\"}"}]}
RESULT: {"script":"<script> [1562 bytes]","args":[{"selector":{"controlType":"sap.m.Button","viewName":"etm.portal.ui.managesites.view.NewSmartSite","viewId":"application-managesites-display-component---NewSite","properties":{"text":"Commercial"},"interaction":{"idSuffix":"BDI-content"}},"wdio_ui5_key":"etmportal.ui.managesites.view.NewSmartSitesap.m.Button{\"text\":\"Commercial\"}"}]}
RESULT: undefined
COMMAND: POST /session/72d3ab1ba266f930a2b6a477712043f2/element - {"using":"xpath","value":"//*[@id=\"application-managesites-display-component---NewSite--ObjectPageLayout-anchBar-__section31-anchor\"]"}
RESULT: {"using":"xpath","value":"//*[@id=\"application-managesites-display-component---NewSite--ObjectPageLayout-anchBar-__section31-anchor\"]"}
COMMAND: POST /session/72d3ab1ba266f930a2b6a477712043f2/element/f.EBB5C2C2381EC3CAEE229267ABEC6EDB.d.2F41DB36CFD5D9F446C3B9FB246A9CEB.e.2512/click - {}
RESULT: {}
COMMAND: POST /session/72d3ab1ba266f930a2b6a477712043f2/execute/async - {"script":"<script> [1562 bytes]","args":[{"selector":{"controlType":"sap.m.Button","viewName":"etm.portal.ui.managesites.view.NewSmartSite","viewId":"application-managesites-display-component---NewSite","i18NText":{"propertyName":"text","key":"save"},"interaction":{"idSuffix":"BDI-content"}},"wdio_ui5_key":"etmportal.ui.managesites.view.NewSmartSitesap.m.Button{\"propertyName\":\"text\",\"key\":\"save\"}"}]}
COMMAND: GET /session/72d3ab1ba266f930a2b6a477712043f2/screenshot - {}
RESULT: {"script":"<script> [1562 bytes]","args":[{"selector":{"controlType":"sap.m.Button","viewName":"etm.portal.ui.managesites.view.NewSmartSite","viewId":"application-managesites-display-component---NewSite","i18NText":{"propertyName":"text","key":"save"},"interaction":{"idSuffix":"BDI-content"}},"wdio_ui5_key":"etmportal.ui.managesites.view.NewSmartSitesap.m.Button{\"propertyName\":\"text\",\"key\":\"save\"}"}]}
RESULT: undefined
COMMAND: POST /session/72d3ab1ba266f930a2b6a477712043f2/element - {"using":"xpath","value":"//*[@id=\"__button64\"]"}
RESULT: {}
RESULT: {"using":"xpath","value":"//*[@id=\"__button64\"]"}
COMMAND: POST /session/72d3ab1ba266f930a2b6a477712043f2/element/f.EBB5C2C2381EC3CAEE229267ABEC6EDB.d.2F41DB36CFD5D9F446C3B9FB246A9CEB.e.2454/click - {}
RESULT: {}
COMMAND: GET /session/72d3ab1ba266f930a2b6a477712043f2/screenshot - {}
RESULT: {}
COMMAND: POST /session/72d3ab1ba266f930a2b6a477712043f2/execute/async - {"script":"<script> [1562 bytes]","args":[{"selector":{"id":"application-managesites-display-component---detailSite--addressDetailDetailsYardText"},"wdio_ui5_key":"applicationmanagesites-display-component---detailSite--addressDetailDetailsYardText"}]}
RESULT: {"script":"<script> [1562 bytes]","args":[{"selector":{"id":"application-managesites-display-component---detailSite--addressDetailDetailsYardText"},"wdio_ui5_key":"applicationmanagesites-display-component---detailSite--addressDetailDetailsYardText"}]}
RESULT: undefined
COMMAND: POST /session/72d3ab1ba266f930a2b6a477712043f2/element - {"using":"xpath","value":"//header/div/div[2]/div[2]/span"}
RESULT: {"using":"xpath","value":"//header/div/div[2]/div[2]/span"}
COMMAND: GET /session/72d3ab1ba266f930a2b6a477712043f2/element/f.EBB5C2C2381EC3CAEE229267ABEC6EDB.d.2F41DB36CFD5D9F446C3B9FB246A9CEB.e.2721/text - {}
RESULT: {}
COMMAND: POST /session/72d3ab1ba266f930a2b6a477712043f2/element - {"using":"xpath","value":"//header/div/div/div/div/div/div[2]/div/span"}
RESULT: {"using":"xpath","value":"//header/div/div/div/div/div/div[2]/div/span"}
COMMAND: GET /session/72d3ab1ba266f930a2b6a477712043f2/element/f.EBB5C2C2381EC3CAEE229267ABEC6EDB.d.2F41DB36CFD5D9F446C3B9FB246A9CEB.e.2722/text - {}
RESULT: {}
COMMAND: POST /session/72d3ab1ba266f930a2b6a477712043f2/element - {"using":"css selector","value":"#shell-header-logo"}
RESULT: {"using":"css selector","value":"#shell-header-logo"}
COMMAND: POST /session/72d3ab1ba266f930a2b6a477712043f2/element/f.EBB5C2C2381EC3CAEE229267ABEC6EDB.d.2F41DB36CFD5D9F446C3B9FB246A9CEB.e.1853/click - {}
RESULT: {}
COMMAND: GET /session/72d3ab1ba266f930a2b6a477712043f2/screenshot - {}
RESULT: {}
]]></system-out>
    </testcase>
    <testcase classname="chrome.135_0_7049_42.windows.Standard_contract_-_add_contract_items_by_Insert_Request_US118222" name="Should create 2 new resources and a catalog item" time="323.535">
      <system-out><![CDATA[
COMMAND: POST /session/72d3ab1ba266f930a2b6a477712043f2/execute/async - {"script":"<script> [1562 bytes]","args":[{"selector":{"controlType":"sap.m.GenericTile","properties":{"header":"Manage Resources"}},"wdio_ui5_key":"sapm.GenericTile{\"header\":\"Manage Resources\"}"}]}
RESULT: {"script":"<script> [1562 bytes]","args":[{"selector":{"controlType":"sap.m.GenericTile","properties":{"header":"Manage Resources"}},"wdio_ui5_key":"sapm.GenericTile{\"header\":\"Manage Resources\"}"}]}
RESULT: undefined
COMMAND: POST /session/72d3ab1ba266f930a2b6a477712043f2/element - {"using":"xpath","value":"//*[@id=\"__tile39\"]"}
RESULT: {"using":"xpath","value":"//*[@id=\"__tile39\"]"}
COMMAND: POST /session/72d3ab1ba266f930a2b6a477712043f2/element/f.EBB5C2C2381EC3CAEE229267ABEC6EDB.d.2F41DB36CFD5D9F446C3B9FB246A9CEB.e.2724/click - {}
RESULT: {}
COMMAND: GET /session/72d3ab1ba266f930a2b6a477712043f2/screenshot - {}
RESULT: {}
RESULT: undefined
RESULT: undefined
COMMAND: POST /session/72d3ab1ba266f930a2b6a477712043f2/element - {"using":"xpath","value":"//button[@data-kt=\"addNewRUOverflowToolbarButton\"]"}
RESULT: {"using":"xpath","value":"//button[@data-kt=\"addNewRUOverflowToolbarButton\"]"}
COMMAND: POST /session/72d3ab1ba266f930a2b6a477712043f2/execute/sync - {"script":"<script> [8489 bytes]","args":[{"element-6066-11e4-a52e-4f735466cecf":"f.EBB5C2C2381EC3CAEE229267ABEC6EDB.d.2F41DB36CFD5D9F446C3B9FB246A9CEB.e.2766","ELEMENT":"f.EBB5C2C2381EC3CAEE229267ABEC6EDB.d.2F41DB36CFD5D9F446C3B9FB246A9CEB.e.2766"}]}
RESULT: {"script":"<script> [8489 bytes]","args":[{"element-6066-11e4-a52e-4f735466cecf":"f.EBB5C2C2381EC3CAEE229267ABEC6EDB.d.2F41DB36CFD5D9F446C3B9FB246A9CEB.e.2766","ELEMENT":"f.EBB5C2C2381EC3CAEE229267ABEC6EDB.d.2F41DB36CFD5D9F446C3B9FB246A9CEB.e.2766"}]}
COMMAND: POST /session/72d3ab1ba266f930a2b6a477712043f2/element/f.EBB5C2C2381EC3CAEE229267ABEC6EDB.d.2F41DB36CFD5D9F446C3B9FB246A9CEB.e.2766/click - {}
COMMAND: GET /session/72d3ab1ba266f930a2b6a477712043f2/screenshot - {}
RESULT: {}
COMMAND: POST /session/72d3ab1ba266f930a2b6a477712043f2/execute/async - {"script":"<script> [1562 bytes]","args":[{"selector":{"id":"application-manageresources-display-component---newResourceUnit--TYPE-arrow"},"wdio_ui5_key":"applicationmanageresources-display-component---newResourceUnit--TYPE-arrow"}]}
COMMAND: GET /session/72d3ab1ba266f930a2b6a477712043f2/screenshot - {}
RESULT: {}
RESULT: {"script":"<script> [1562 bytes]","args":[{"selector":{"id":"application-manageresources-display-component---newResourceUnit--TYPE-arrow"},"wdio_ui5_key":"applicationmanageresources-display-component---newResourceUnit--TYPE-arrow"}]}
RESULT: undefined
COMMAND: POST /session/72d3ab1ba266f930a2b6a477712043f2/element - {"using":"xpath","value":"//*[@id=\"application-manageresources-display-component---newResourceUnit--TYPE-arrow\"]"}
RESULT: {}
RESULT: {"using":"xpath","value":"//*[@id=\"application-manageresources-display-component---newResourceUnit--TYPE-arrow\"]"}
COMMAND: POST /session/72d3ab1ba266f930a2b6a477712043f2/element/f.EBB5C2C2381EC3CAEE229267ABEC6EDB.d.2F41DB36CFD5D9F446C3B9FB246A9CEB.e.3086/click - {}
RESULT: {}
COMMAND: POST /session/72d3ab1ba266f930a2b6a477712043f2/execute/async - {"script":"<script> [1562 bytes]","args":[{"selector":{"controlType":"sap.m.StandardListItem","viewName":"reusables.view.manageresources.NewResourceUnit","viewId":"application-manageresources-display-component---newResourceUnit","properties":{"title":"Material"},"searchOpenDialogs":true,"interaction":{"idSuffix":"titleText"}},"wdio_ui5_key":"reusablesview.manageresources.NewResourceUnitsap.m.StandardListItem{\"title\":\"Material\"}"}]}
COMMAND: GET /session/72d3ab1ba266f930a2b6a477712043f2/screenshot - {}
RESULT: {"script":"<script> [1562 bytes]","args":[{"selector":{"controlType":"sap.m.StandardListItem","viewName":"reusables.view.manageresources.NewResourceUnit","viewId":"application-manageresources-display-component---newResourceUnit","properties":{"title":"Material"},"searchOpenDialogs":true,"interaction":{"idSuffix":"titleText"}},"wdio_ui5_key":"reusablesview.manageresources.NewResourceUnitsap.m.StandardListItem{\"title\":\"Material\"}"}]}
RESULT: undefined
COMMAND: POST /session/72d3ab1ba266f930a2b6a477712043f2/element - {"using":"xpath","value":"//*[@id=\"__item1178\"]"}
RESULT: {}
RESULT: {"using":"xpath","value":"//*[@id=\"__item1178\"]"}
COMMAND: POST /session/72d3ab1ba266f930a2b6a477712043f2/element/f.EBB5C2C2381EC3CAEE229267ABEC6EDB.d.2F41DB36CFD5D9F446C3B9FB246A9CEB.e.3089/click - {}
RESULT: {}
COMMAND: POST /session/72d3ab1ba266f930a2b6a477712043f2/execute/async - {"script":"<script> [1562 bytes]","args":[{"selector":{"id":"application-manageresources-display-component---newResourceUnit--SHORT_TEXT","interaction":{"idSuffix":"inner"}},"wdio_ui5_key":"applicationmanageresources-display-component---newResourceUnit--SHORT_TEXT"}]}
COMMAND: GET /session/72d3ab1ba266f930a2b6a477712043f2/screenshot - {}
RESULT: {"script":"<script> [1562 bytes]","args":[{"selector":{"id":"application-manageresources-display-component---newResourceUnit--SHORT_TEXT","interaction":{"idSuffix":"inner"}},"wdio_ui5_key":"applicationmanageresources-display-component---newResourceUnit--SHORT_TEXT"}]}
RESULT: undefined
COMMAND: POST /session/72d3ab1ba266f930a2b6a477712043f2/execute/async - {"script":"<script> [776 bytes]","args":[{"enterText":"WebdriverRUR2Coirpdh","selector":{"id":"application-manageresources-display-component---newResourceUnit--SHORT_TEXT","interaction":{"idSuffix":"inner"}},"clearTextFirst":true,"interactionType":"ENTER_TEXT"}]}
RESULT: {}
RESULT: {"script":"<script> [776 bytes]","args":[{"enterText":"WebdriverRUR2Coirpdh","selector":{"id":"application-manageresources-display-component---newResourceUnit--SHORT_TEXT","interaction":{"idSuffix":"inner"}},"clearTextFirst":true,"interactionType":"ENTER_TEXT"}]}
COMMAND: POST /session/72d3ab1ba266f930a2b6a477712043f2/execute/async - {"script":"<script> [1562 bytes]","args":[{"selector":{"id":"application-manageresources-display-component---newResourceUnit--BASE_UNIT_OF_MEASURE-arrow"},"wdio_ui5_key":"applicationmanageresources-display-component---newResourceUnit--BASE_UNIT_OF_MEASURE-arrow"}]}
RESULT: {"script":"<script> [1562 bytes]","args":[{"selector":{"id":"application-manageresources-display-component---newResourceUnit--BASE_UNIT_OF_MEASURE-arrow"},"wdio_ui5_key":"applicationmanageresources-display-component---newResourceUnit--BASE_UNIT_OF_MEASURE-arrow"}]}
RESULT: undefined
COMMAND: POST /session/72d3ab1ba266f930a2b6a477712043f2/element - {"using":"xpath","value":"//*[@id=\"application-manageresources-display-component---newResourceUnit--BASE_UNIT_OF_MEASURE-arrow\"]"}
RESULT: {"using":"xpath","value":"//*[@id=\"application-manageresources-display-component---newResourceUnit--BASE_UNIT_OF_MEASURE-arrow\"]"}
COMMAND: POST /session/72d3ab1ba266f930a2b6a477712043f2/element/f.EBB5C2C2381EC3CAEE229267ABEC6EDB.d.2F41DB36CFD5D9F446C3B9FB246A9CEB.e.3146/click - {}
RESULT: {}
COMMAND: POST /session/72d3ab1ba266f930a2b6a477712043f2/execute/async - {"script":"<script> [1562 bytes]","args":[{"selector":{"controlType":"sap.m.StandardListItem","viewName":"reusables.view.manageresources.NewResourceUnit","viewId":"application-manageresources-display-component---newResourceUnit","properties":{"title":"Piece"},"searchOpenDialogs":true,"interaction":{"idSuffix":"titleText"}},"wdio_ui5_key":"reusablesview.manageresources.NewResourceUnitsap.m.StandardListItem{\"title\":\"Piece\"}"}]}
COMMAND: GET /session/72d3ab1ba266f930a2b6a477712043f2/screenshot - {}
RESULT: {"script":"<script> [1562 bytes]","args":[{"selector":{"controlType":"sap.m.StandardListItem","viewName":"reusables.view.manageresources.NewResourceUnit","viewId":"application-manageresources-display-component---newResourceUnit","properties":{"title":"Piece"},"searchOpenDialogs":true,"interaction":{"idSuffix":"titleText"}},"wdio_ui5_key":"reusablesview.manageresources.NewResourceUnitsap.m.StandardListItem{\"title\":\"Piece\"}"}]}
RESULT: undefined
COMMAND: POST /session/72d3ab1ba266f930a2b6a477712043f2/element - {"using":"xpath","value":"//*[@id=\"__item1222\"]"}
RESULT: {}
RESULT: {"using":"xpath","value":"//*[@id=\"__item1222\"]"}
COMMAND: POST /session/72d3ab1ba266f930a2b6a477712043f2/element/f.EBB5C2C2381EC3CAEE229267ABEC6EDB.d.2F41DB36CFD5D9F446C3B9FB246A9CEB.e.3148/click - {}
RESULT: {}
COMMAND: POST /session/72d3ab1ba266f930a2b6a477712043f2/element - {"using":"xpath","value":"//input[contains(@id ,\"application-manageresources-display-component---newResourceUnit--SHORT_TEXT-inner\")]"}
COMMAND: GET /session/72d3ab1ba266f930a2b6a477712043f2/screenshot - {}
RESULT: {"using":"xpath","value":"//input[contains(@id ,\"application-manageresources-display-component---newResourceUnit--SHORT_TEXT-inner\")]"}
COMMAND: GET /session/72d3ab1ba266f930a2b6a477712043f2/element/f.EBB5C2C2381EC3CAEE229267ABEC6EDB.d.2F41DB36CFD5D9F446C3B9FB246A9CEB.e.3107/property/value - {}
RESULT: {}
RESULT: {}
COMMAND: POST /session/72d3ab1ba266f930a2b6a477712043f2/execute/async - {"script":"<script> [1562 bytes]","args":[{"selector":{"id":"application-manageresources-display-component---newResourceUnit--WEIGHT_UNIT-arrow"},"wdio_ui5_key":"applicationmanageresources-display-component---newResourceUnit--WEIGHT_UNIT-arrow"}]}
COMMAND: GET /session/72d3ab1ba266f930a2b6a477712043f2/screenshot - {}
RESULT: {"script":"<script> [1562 bytes]","args":[{"selector":{"id":"application-manageresources-display-component---newResourceUnit--WEIGHT_UNIT-arrow"},"wdio_ui5_key":"applicationmanageresources-display-component---newResourceUnit--WEIGHT_UNIT-arrow"}]}
RESULT: undefined
COMMAND: POST /session/72d3ab1ba266f930a2b6a477712043f2/element - {"using":"xpath","value":"//*[@id=\"application-manageresources-display-component---newResourceUnit--WEIGHT_UNIT-arrow\"]"}
RESULT: {}
RESULT: {"using":"xpath","value":"//*[@id=\"application-manageresources-display-component---newResourceUnit--WEIGHT_UNIT-arrow\"]"}
COMMAND: POST /session/72d3ab1ba266f930a2b6a477712043f2/element/f.EBB5C2C2381EC3CAEE229267ABEC6EDB.d.2F41DB36CFD5D9F446C3B9FB246A9CEB.e.3149/click - {}
RESULT: {}
COMMAND: POST /session/72d3ab1ba266f930a2b6a477712043f2/execute/async - {"script":"<script> [1562 bytes]","args":[{"selector":{"controlType":"sap.m.StandardListItem","viewName":"reusables.view.manageresources.NewResourceUnit","viewId":"application-manageresources-display-component---newResourceUnit","properties":{"title":"Gram"},"searchOpenDialogs":true,"interaction":{"idSuffix":"content"}},"wdio_ui5_key":"reusablesview.manageresources.NewResourceUnitsap.m.StandardListItem{\"title\":\"Gram\"}"}]}
COMMAND: GET /session/72d3ab1ba266f930a2b6a477712043f2/screenshot - {}
RESULT: {"script":"<script> [1562 bytes]","args":[{"selector":{"controlType":"sap.m.StandardListItem","viewName":"reusables.view.manageresources.NewResourceUnit","viewId":"application-manageresources-display-component---newResourceUnit","properties":{"title":"Gram"},"searchOpenDialogs":true,"interaction":{"idSuffix":"content"}},"wdio_ui5_key":"reusablesview.manageresources.NewResourceUnitsap.m.StandardListItem{\"title\":\"Gram\"}"}]}
RESULT: undefined
COMMAND: POST /session/72d3ab1ba266f930a2b6a477712043f2/element - {"using":"xpath","value":"//*[@id=\"__item1287\"]"}
RESULT: {}
RESULT: {"using":"xpath","value":"//*[@id=\"__item1287\"]"}
COMMAND: POST /session/72d3ab1ba266f930a2b6a477712043f2/element/f.EBB5C2C2381EC3CAEE229267ABEC6EDB.d.2F41DB36CFD5D9F446C3B9FB246A9CEB.e.3151/click - {}
RESULT: {}
COMMAND: POST /session/72d3ab1ba266f930a2b6a477712043f2/execute/async - {"script":"<script> [1562 bytes]","args":[{"selector":{"id":"application-manageresources-display-component---newResourceUnit--newRRUPage-OPHeaderContent-collapseBtn-img"},"wdio_ui5_key":"applicationmanageresources-display-component---newResourceUnit--newRRUPage-OPHeaderContent-collapseBtn-img"}]}
COMMAND: GET /session/72d3ab1ba266f930a2b6a477712043f2/screenshot - {}
RESULT: {"script":"<script> [1562 bytes]","args":[{"selector":{"id":"application-manageresources-display-component---newResourceUnit--newRRUPage-OPHeaderContent-collapseBtn-img"},"wdio_ui5_key":"applicationmanageresources-display-component---newResourceUnit--newRRUPage-OPHeaderContent-collapseBtn-img"}]}
RESULT: undefined
COMMAND: POST /session/72d3ab1ba266f930a2b6a477712043f2/element - {"using":"xpath","value":"//*[@id=\"application-manageresources-display-component---newResourceUnit--newRRUPage-OPHeaderContent-collapseBtn-img\"]"}
RESULT: {}
RESULT: {"using":"xpath","value":"//*[@id=\"application-manageresources-display-component---newResourceUnit--newRRUPage-OPHeaderContent-collapseBtn-img\"]"}
COMMAND: POST /session/72d3ab1ba266f930a2b6a477712043f2/element/f.EBB5C2C2381EC3CAEE229267ABEC6EDB.d.2F41DB36CFD5D9F446C3B9FB246A9CEB.e.3096/click - {}
RESULT: {}
COMMAND: GET /session/72d3ab1ba266f930a2b6a477712043f2/screenshot - {}
RESULT: {}
COMMAND: POST /session/72d3ab1ba266f930a2b6a477712043f2/element - {"using":"xpath","value":"(//span[contains(@id ,\"application-manageresources-display-component---newResourceUnit--DIMENSION_UNIT-arrow\")])[1]"}
RESULT: {"using":"xpath","value":"(//span[contains(@id ,\"application-manageresources-display-component---newResourceUnit--DIMENSION_UNIT-arrow\")])[1]"}
COMMAND: POST /session/72d3ab1ba266f930a2b6a477712043f2/element/f.EBB5C2C2381EC3CAEE229267ABEC6EDB.d.2F41DB36CFD5D9F446C3B9FB246A9CEB.e.3157/click - {}
RESULT: {}
COMMAND: GET /session/72d3ab1ba266f930a2b6a477712043f2/screenshot - {}
RESULT: {}
COMMAND: POST /session/72d3ab1ba266f930a2b6a477712043f2/execute/async - {"script":"<script> [1562 bytes]","args":[{"selector":{"controlType":"sap.m.StandardListItem","viewName":"reusables.view.manageresources.NewResourceUnit","viewId":"application-manageresources-display-component---newResourceUnit","properties":{"title":"Centimeter"},"searchOpenDialogs":true,"interaction":{"idSuffix":"titleText"}},"wdio_ui5_key":"reusablesview.manageresources.NewResourceUnitsap.m.StandardListItem{\"title\":\"Centimeter\"}"}]}
RESULT: {"script":"<script> [1562 bytes]","args":[{"selector":{"controlType":"sap.m.StandardListItem","viewName":"reusables.view.manageresources.NewResourceUnit","viewId":"application-manageresources-display-component---newResourceUnit","properties":{"title":"Centimeter"},"searchOpenDialogs":true,"interaction":{"idSuffix":"titleText"}},"wdio_ui5_key":"reusablesview.manageresources.NewResourceUnitsap.m.StandardListItem{\"title\":\"Centimeter\"}"}]}
RESULT: undefined
COMMAND: POST /session/72d3ab1ba266f930a2b6a477712043f2/element - {"using":"xpath","value":"//*[@id=\"__item1290\"]"}
RESULT: {"using":"xpath","value":"//*[@id=\"__item1290\"]"}
COMMAND: POST /session/72d3ab1ba266f930a2b6a477712043f2/element/f.EBB5C2C2381EC3CAEE229267ABEC6EDB.d.2F41DB36CFD5D9F446C3B9FB246A9CEB.e.3159/click - {}
RESULT: {}
COMMAND: POST /session/72d3ab1ba266f930a2b6a477712043f2/execute/async - {"script":"<script> [1562 bytes]","args":[{"selector":{"id":"application-manageresources-display-component---newResourceUnit--newRRUPage-anchBar-application-manageresources-display-component---newResourceUnit--reference-anchor","interaction":{"idSuffix":"BDI-content"}},"wdio_ui5_key":"applicationmanageresources-display-component---newResourceUnit--newRRUPage-anchBar-application-manageresources-display-component---newResourceUnit--reference-anchor"}]}
COMMAND: GET /session/72d3ab1ba266f930a2b6a477712043f2/screenshot - {}
RESULT: {"script":"<script> [1562 bytes]","args":[{"selector":{"id":"application-manageresources-display-component---newResourceUnit--newRRUPage-anchBar-application-manageresources-display-component---newResourceUnit--reference-anchor","interaction":{"idSuffix":"BDI-content"}},"wdio_ui5_key":"applicationmanageresources-display-component---newResourceUnit--newRRUPage-anchBar-application-manageresources-display-component---newResourceUnit--reference-anchor"}]}
RESULT: undefined
COMMAND: POST /session/72d3ab1ba266f930a2b6a477712043f2/element - {"using":"xpath","value":"//*[@id=\"application-manageresources-display-component---newResourceUnit--newRRUPage-anchBar-application-manageresources-display-component---newResourceUnit--reference-anchor\"]"}
RESULT: {}
RESULT: {"using":"xpath","value":"//*[@id=\"application-manageresources-display-component---newResourceUnit--newRRUPage-anchBar-application-manageresources-display-component---newResourceUnit--reference-anchor\"]"}
COMMAND: POST /session/72d3ab1ba266f930a2b6a477712043f2/element/f.EBB5C2C2381EC3CAEE229267ABEC6EDB.d.2F41DB36CFD5D9F446C3B9FB246A9CEB.e.3161/click - {}
RESULT: {}
COMMAND: POST /session/72d3ab1ba266f930a2b6a477712043f2/execute/async - {"script":"<script> [1562 bytes]","args":[{"selector":{"id":"application-manageresources-display-component---newResourceUnit--PLANNING_GROUP-arrow"},"wdio_ui5_key":"applicationmanageresources-display-component---newResourceUnit--PLANNING_GROUP-arrow"}]}
COMMAND: GET /session/72d3ab1ba266f930a2b6a477712043f2/screenshot - {}
RESULT: {"script":"<script> [1562 bytes]","args":[{"selector":{"id":"application-manageresources-display-component---newResourceUnit--PLANNING_GROUP-arrow"},"wdio_ui5_key":"applicationmanageresources-display-component---newResourceUnit--PLANNING_GROUP-arrow"}]}
RESULT: undefined
COMMAND: POST /session/72d3ab1ba266f930a2b6a477712043f2/element - {"using":"xpath","value":"//*[@id=\"application-manageresources-display-component---newResourceUnit--PLANNING_GROUP-arrow\"]"}
RESULT: {}
RESULT: {"using":"xpath","value":"//*[@id=\"application-manageresources-display-component---newResourceUnit--PLANNING_GROUP-arrow\"]"}
COMMAND: POST /session/72d3ab1ba266f930a2b6a477712043f2/element/f.EBB5C2C2381EC3CAEE229267ABEC6EDB.d.2F41DB36CFD5D9F446C3B9FB246A9CEB.e.3165/click - {}
RESULT: {}
COMMAND: POST /session/72d3ab1ba266f930a2b6a477712043f2/execute/async - {"script":"<script> [1562 bytes]","args":[{"selector":{"controlType":"sap.m.StandardListItem","viewName":"reusables.view.manageresources.NewResourceUnit","viewId":"application-manageresources-display-component---newResourceUnit","properties":{"title":"Heavy Equi"},"searchOpenDialogs":true,"interaction":{"idSuffix":"content"}},"wdio_ui5_key":"reusablesview.manageresources.NewResourceUnitsap.m.StandardListItem{\"title\":\"Heavy Equi\"}"}]}
COMMAND: GET /session/72d3ab1ba266f930a2b6a477712043f2/screenshot - {}
RESULT: {"script":"<script> [1562 bytes]","args":[{"selector":{"controlType":"sap.m.StandardListItem","viewName":"reusables.view.manageresources.NewResourceUnit","viewId":"application-manageresources-display-component---newResourceUnit","properties":{"title":"Heavy Equi"},"searchOpenDialogs":true,"interaction":{"idSuffix":"content"}},"wdio_ui5_key":"reusablesview.manageresources.NewResourceUnitsap.m.StandardListItem{\"title\":\"Heavy Equi\"}"}]}
RESULT: undefined
COMMAND: POST /session/72d3ab1ba266f930a2b6a477712043f2/element - {"using":"xpath","value":"//*[@id=\"__item1298\"]"}
RESULT: {}
RESULT: {"using":"xpath","value":"//*[@id=\"__item1298\"]"}
COMMAND: POST /session/72d3ab1ba266f930a2b6a477712043f2/element/f.EBB5C2C2381EC3CAEE229267ABEC6EDB.d.2F41DB36CFD5D9F446C3B9FB246A9CEB.e.3167/click - {}
RESULT: {}
COMMAND: GET /session/72d3ab1ba266f930a2b6a477712043f2/screenshot - {}
RESULT: {}
COMMAND: POST /session/72d3ab1ba266f930a2b6a477712043f2/execute/async - {"script":"<script> [1562 bytes]","args":[{"selector":{"id":"application-manageresources-display-component---newResourceUnit--PLANNING_INDICATOR-arrow"},"wdio_ui5_key":"applicationmanageresources-display-component---newResourceUnit--PLANNING_INDICATOR-arrow"}]}
RESULT: {"script":"<script> [1562 bytes]","args":[{"selector":{"id":"application-manageresources-display-component---newResourceUnit--PLANNING_INDICATOR-arrow"},"wdio_ui5_key":"applicationmanageresources-display-component---newResourceUnit--PLANNING_INDICATOR-arrow"}]}
RESULT: undefined
COMMAND: POST /session/72d3ab1ba266f930a2b6a477712043f2/element - {"using":"xpath","value":"//*[@id=\"application-manageresources-display-component---newResourceUnit--PLANNING_INDICATOR-arrow\"]"}
RESULT: {"using":"xpath","value":"//*[@id=\"application-manageresources-display-component---newResourceUnit--PLANNING_INDICATOR-arrow\"]"}
COMMAND: POST /session/72d3ab1ba266f930a2b6a477712043f2/element/f.EBB5C2C2381EC3CAEE229267ABEC6EDB.d.2F41DB36CFD5D9F446C3B9FB246A9CEB.e.3168/click - {}
RESULT: {}
COMMAND: POST /session/72d3ab1ba266f930a2b6a477712043f2/execute/async - {"script":"<script> [1562 bytes]","args":[{"selector":{"controlType":"sap.m.StandardListItem","viewName":"reusables.view.manageresources.NewResourceUnit","viewId":"application-manageresources-display-component---newResourceUnit","properties":{"title":"10 - infinite"},"searchOpenDialogs":true,"interaction":{"idSuffix":"content"}},"wdio_ui5_key":"reusablesview.manageresources.NewResourceUnitsap.m.StandardListItem{\"title\":\"10 - infinite\"}"}]}
COMMAND: GET /session/72d3ab1ba266f930a2b6a477712043f2/screenshot - {}
RESULT: {"script":"<script> [1562 bytes]","args":[{"selector":{"controlType":"sap.m.StandardListItem","viewName":"reusables.view.manageresources.NewResourceUnit","viewId":"application-manageresources-display-component---newResourceUnit","properties":{"title":"10 - infinite"},"searchOpenDialogs":true,"interaction":{"idSuffix":"content"}},"wdio_ui5_key":"reusablesview.manageresources.NewResourceUnitsap.m.StandardListItem{\"title\":\"10 - infinite\"}"}]}
RESULT: undefined
COMMAND: POST /session/72d3ab1ba266f930a2b6a477712043f2/element - {"using":"xpath","value":"//*[@id=\"__item1308\"]"}
RESULT: {}
RESULT: {"using":"xpath","value":"//*[@id=\"__item1308\"]"}
COMMAND: POST /session/72d3ab1ba266f930a2b6a477712043f2/element/f.EBB5C2C2381EC3CAEE229267ABEC6EDB.d.2F41DB36CFD5D9F446C3B9FB246A9CEB.e.3170/click - {}
RESULT: {}
COMMAND: GET /session/72d3ab1ba266f930a2b6a477712043f2/screenshot - {}
RESULT: {}
COMMAND: POST /session/72d3ab1ba266f930a2b6a477712043f2/element - {"using":"xpath","value":"//bdi[contains(text(), \"Time Segment\")]"}
RESULT: {"using":"xpath","value":"//bdi[contains(text(), \"Time Segment\")]"}
COMMAND: GET /session/72d3ab1ba266f930a2b6a477712043f2/element/f.EBB5C2C2381EC3CAEE229267ABEC6EDB.d.2F41DB36CFD5D9F446C3B9FB246A9CEB.e.3171/rect - {}
RESULT: {}
COMMAND: GET /session/72d3ab1ba266f930a2b6a477712043f2/window/rect - {}
RESULT: {}
COMMAND: POST /session/72d3ab1ba266f930a2b6a477712043f2/execute/sync - {"script":"<script> [92 bytes]","args":[]}
RESULT: {"script":"<script> [92 bytes]","args":[]}
COMMAND: POST /session/72d3ab1ba266f930a2b6a477712043f2/actions - {"actions":[{"id":"action5","type":"wheel","parameters":{},"actions":[{"type":"scroll","x":-1820,"y":-21,"deltaX":0,"deltaY":0,"duration":0,"origin":{"element-6066-11e4-a52e-4f735466cecf":"f.EBB5C2C2381EC3CAEE229267ABEC6EDB.d.2F41DB36CFD5D9F446C3B9FB246A9CEB.e.3171"}}]}]}
COMMAND: GET /session/72d3ab1ba266f930a2b6a477712043f2/screenshot - {}
RESULT: {}
COMMAND: POST /session/72d3ab1ba266f930a2b6a477712043f2/execute/sync - {"script":"<script> [79 bytes]","args":[{"element-6066-11e4-a52e-4f735466cecf":"f.EBB5C2C2381EC3CAEE229267ABEC6EDB.d.2F41DB36CFD5D9F446C3B9FB246A9CEB.e.3171","ELEMENT":"f.EBB5C2C2381EC3CAEE229267ABEC6EDB.d.2F41DB36CFD5D9F446C3B9FB246A9CEB.e.3171"},{"block":"start","inline":"nearest"}]}
RESULT: {"script":"<script> [79 bytes]","args":[{"element-6066-11e4-a52e-4f735466cecf":"f.EBB5C2C2381EC3CAEE229267ABEC6EDB.d.2F41DB36CFD5D9F446C3B9FB246A9CEB.e.3171","ELEMENT":"f.EBB5C2C2381EC3CAEE229267ABEC6EDB.d.2F41DB36CFD5D9F446C3B9FB246A9CEB.e.3171"},{"block":"start","inline":"nearest"}]}
COMMAND: GET /session/72d3ab1ba266f930a2b6a477712043f2/screenshot - {}
RESULT: {}
COMMAND: POST /session/72d3ab1ba266f930a2b6a477712043f2/element - {"using":"xpath","value":"//span[@id=\"application-manageresources-display-component---newResourceUnit--btnAddTimeSegment-img\"]"}
RESULT: {"using":"xpath","value":"//span[@id=\"application-manageresources-display-component---newResourceUnit--btnAddTimeSegment-img\"]"}
COMMAND: POST /session/72d3ab1ba266f930a2b6a477712043f2/execute/sync - {"script":"<script> [8489 bytes]","args":[{"element-6066-11e4-a52e-4f735466cecf":"f.EBB5C2C2381EC3CAEE229267ABEC6EDB.d.2F41DB36CFD5D9F446C3B9FB246A9CEB.e.3174","ELEMENT":"f.EBB5C2C2381EC3CAEE229267ABEC6EDB.d.2F41DB36CFD5D9F446C3B9FB246A9CEB.e.3174"}]}
RESULT: {"script":"<script> [8489 bytes]","args":[{"element-6066-11e4-a52e-4f735466cecf":"f.EBB5C2C2381EC3CAEE229267ABEC6EDB.d.2F41DB36CFD5D9F446C3B9FB246A9CEB.e.3174","ELEMENT":"f.EBB5C2C2381EC3CAEE229267ABEC6EDB.d.2F41DB36CFD5D9F446C3B9FB246A9CEB.e.3174"}]}
COMMAND: POST /session/72d3ab1ba266f930a2b6a477712043f2/element/f.EBB5C2C2381EC3CAEE229267ABEC6EDB.d.2F41DB36CFD5D9F446C3B9FB246A9CEB.e.3174/click - {}
COMMAND: GET /session/72d3ab1ba266f930a2b6a477712043f2/screenshot - {}
RESULT: {}
COMMAND: GET /session/72d3ab1ba266f930a2b6a477712043f2/screenshot - {}
RESULT: {}
COMMAND: POST /session/72d3ab1ba266f930a2b6a477712043f2/element - {"using":"xpath","value":"//input[@id=\"application-manageresources-display-component---newResourceUnit--idRuTSAdmin-application-manageresources-display-component---newResourceUnit--RUTimeSegment-0-inner\"]"}
RESULT: {}
RESULT: {"using":"xpath","value":"//input[@id=\"application-manageresources-display-component---newResourceUnit--idRuTSAdmin-application-manageresources-display-component---newResourceUnit--RUTimeSegment-0-inner\"]"}
COMMAND: POST /session/72d3ab1ba266f930a2b6a477712043f2/element/f.EBB5C2C2381EC3CAEE229267ABEC6EDB.d.2F41DB36CFD5D9F446C3B9FB246A9CEB.e.3177/clear - {}
RESULT: {}
COMMAND: POST /session/72d3ab1ba266f930a2b6a477712043f2/element/f.EBB5C2C2381EC3CAEE229267ABEC6EDB.d.2F41DB36CFD5D9F446C3B9FB246A9CEB.e.3177/value - {"text":"WebdriverYardl7cbck"}
COMMAND: GET /session/72d3ab1ba266f930a2b6a477712043f2/screenshot - {}
RESULT: {"text":"WebdriverYardl7cbck"}
COMMAND: GET /session/72d3ab1ba266f930a2b6a477712043f2/screenshot - {}
RESULT: {}
RESULT: {}
COMMAND: POST /session/72d3ab1ba266f930a2b6a477712043f2/actions - {"actions":[{"id":"action6","type":"key","parameters":{},"actions":[{"type":"keyDown","value":""},{"type":"pause","duration":10},{"type":"keyUp","value":""}]}]}
RESULT: {"actions":[{"id":"action6","type":"key","parameters":{},"actions":[{"type":"keyDown","value":""},{"type":"pause","duration":10},{"type":"keyUp","value":""}]}]}
COMMAND: GET /session/72d3ab1ba266f930a2b6a477712043f2/screenshot - {}
RESULT: {}
COMMAND: POST /session/72d3ab1ba266f930a2b6a477712043f2/execute/async - {"script":"<script> [1562 bytes]","args":[{"selector":{"controlType":"sap.m.Button","viewName":"reusables.view.manageresources.NewResourceUnit","viewId":"application-manageresources-display-component---newResourceUnit","i18NText":{"propertyName":"tooltip","key":"save"},"interaction":{"idSuffix":"BDI-content"}},"wdio_ui5_key":"reusablesview.manageresources.NewResourceUnitsap.m.Button{\"propertyName\":\"tooltip\",\"key\":\"save\"}"}]}
RESULT: {"script":"<script> [1562 bytes]","args":[{"selector":{"controlType":"sap.m.Button","viewName":"reusables.view.manageresources.NewResourceUnit","viewId":"application-manageresources-display-component---newResourceUnit","i18NText":{"propertyName":"tooltip","key":"save"},"interaction":{"idSuffix":"BDI-content"}},"wdio_ui5_key":"reusablesview.manageresources.NewResourceUnitsap.m.Button{\"propertyName\":\"tooltip\",\"key\":\"save\"}"}]}
RESULT: undefined
COMMAND: POST /session/72d3ab1ba266f930a2b6a477712043f2/element - {"using":"xpath","value":"//*[@id=\"application-manageresources-display-component---newResourceUnit--createRuButton\"]"}
RESULT: {"using":"xpath","value":"//*[@id=\"application-manageresources-display-component---newResourceUnit--createRuButton\"]"}
COMMAND: POST /session/72d3ab1ba266f930a2b6a477712043f2/element/f.EBB5C2C2381EC3CAEE229267ABEC6EDB.d.2F41DB36CFD5D9F446C3B9FB246A9CEB.e.3102/click - {}
RESULT: {}
COMMAND: GET /session/72d3ab1ba266f930a2b6a477712043f2/screenshot - {}
RESULT: {}
COMMAND: POST /session/72d3ab1ba266f930a2b6a477712043f2/execute/async - {"script":"<script> [1562 bytes]","args":[{"selector":{"controlType":"sap.m.Title","properties":{"text":"Success"},"searchOpenDialogs":true},"wdio_ui5_key":"sapm.Title{\"text\":\"Success\"}"}]}
RESULT: {"script":"<script> [1562 bytes]","args":[{"selector":{"controlType":"sap.m.Title","properties":{"text":"Success"},"searchOpenDialogs":true},"wdio_ui5_key":"sapm.Title{\"text\":\"Success\"}"}]}
RESULT: undefined
COMMAND: POST /session/72d3ab1ba266f930a2b6a477712043f2/execute/async - {"script":"<script> [6424 bytes]","args":[{"element-6066-11e4-a52e-4f735466cecf":"f.EBB5C2C2381EC3CAEE229267ABEC6EDB.d.2F41DB36CFD5D9F446C3B9FB246A9CEB.e.3191"},"getText",[]]}
RESULT: {"script":"<script> [6424 bytes]","args":[{"element-6066-11e4-a52e-4f735466cecf":"f.EBB5C2C2381EC3CAEE229267ABEC6EDB.d.2F41DB36CFD5D9F446C3B9FB246A9CEB.e.3191"},"getText",[]]}
COMMAND: POST /session/72d3ab1ba266f930a2b6a477712043f2/element - {"using":"xpath","value":"//*[contains(@id, '__text') and (contains(text(), 'successfully created') or contains(., 'successfully created'))]"}
RESULT: {"using":"xpath","value":"//*[contains(@id, '__text') and (contains(text(), 'successfully created') or contains(., 'successfully created'))]"}
COMMAND: GET /session/72d3ab1ba266f930a2b6a477712043f2/element/f.EBB5C2C2381EC3CAEE229267ABEC6EDB.d.2F41DB36CFD5D9F446C3B9FB246A9CEB.e.3190/text - {}
RESULT: {}
COMMAND: POST /session/72d3ab1ba266f930a2b6a477712043f2/execute/async - {"script":"<script> [1562 bytes]","args":[{"selector":{"controlType":"sap.m.Button","properties":{"text":"Close"},"searchOpenDialogs":true,"interaction":{"idSuffix":"BDI-content"}},"wdio_ui5_key":"sapm.Button{\"text\":\"Close\"}"}]}
RESULT: {"script":"<script> [1562 bytes]","args":[{"selector":{"controlType":"sap.m.Button","properties":{"text":"Close"},"searchOpenDialogs":true,"interaction":{"idSuffix":"BDI-content"}},"wdio_ui5_key":"sapm.Button{\"text\":\"Close\"}"}]}
RESULT: undefined
COMMAND: POST /session/72d3ab1ba266f930a2b6a477712043f2/element - {"using":"xpath","value":"//*[@id=\"__mbox-btn-0\"]"}
RESULT: {"using":"xpath","value":"//*[@id=\"__mbox-btn-0\"]"}
COMMAND: POST /session/72d3ab1ba266f930a2b6a477712043f2/element/f.EBB5C2C2381EC3CAEE229267ABEC6EDB.d.2F41DB36CFD5D9F446C3B9FB246A9CEB.e.3188/click - {}
RESULT: {}
COMMAND: GET /session/72d3ab1ba266f930a2b6a477712043f2/screenshot - {}
RESULT: {}
COMMAND: POST /session/72d3ab1ba266f930a2b6a477712043f2/execute/async - {"script":"<script> [1562 bytes]","args":[{"selector":{"controlType":"sap.ui.core.Icon","viewName":"etm.portal.ui.manageresources.view.Detail","viewId":"application-manageresources-display-component---detailRU","properties":{"src":{"regex":{"source":"overflow"}}}},"wdio_ui5_key":"etmportal.ui.manageresources.view.Detailsap.ui.core.Icon{\"src\":{\"regex\":{\"source\":\"overflow\"}}}"}]}
RESULT: {"script":"<script> [1562 bytes]","args":[{"selector":{"controlType":"sap.ui.core.Icon","viewName":"etm.portal.ui.manageresources.view.Detail","viewId":"application-manageresources-display-component---detailRU","properties":{"src":{"regex":{"source":"overflow"}}}},"wdio_ui5_key":"etmportal.ui.manageresources.view.Detailsap.ui.core.Icon{\"src\":{\"regex\":{\"source\":\"overflow\"}}}"}]}
RESULT: undefined
COMMAND: POST /session/72d3ab1ba266f930a2b6a477712043f2/element - {"using":"xpath","value":"//*[@id=\"__title36-_actionsToolbar-overflowButton-img\"]"}
RESULT: {"using":"xpath","value":"//*[@id=\"__title36-_actionsToolbar-overflowButton-img\"]"}
COMMAND: POST /session/72d3ab1ba266f930a2b6a477712043f2/element/f.EBB5C2C2381EC3CAEE229267ABEC6EDB.d.2F41DB36CFD5D9F446C3B9FB246A9CEB.e.3222/click - {}
RESULT: {}
COMMAND: POST /session/72d3ab1ba266f930a2b6a477712043f2/execute/async - {"script":"<script> [1562 bytes]","args":[{"selector":{"controlType":"sap.m.Button","viewName":"etm.portal.ui.manageresources.view.Detail","viewId":"application-manageresources-display-component---detailRU","i18NText":{"propertyName":"tooltip","key":"closeColumn"},"searchOpenDialogs":true,"interaction":{"idSuffix":"inner"}},"wdio_ui5_key":"etmportal.ui.manageresources.view.Detailsap.m.Button{\"propertyName\":\"tooltip\",\"key\":\"closeColumn\"}"}]}
COMMAND: GET /session/72d3ab1ba266f930a2b6a477712043f2/screenshot - {}
RESULT: {"script":"<script> [1562 bytes]","args":[{"selector":{"controlType":"sap.m.Button","viewName":"etm.portal.ui.manageresources.view.Detail","viewId":"application-manageresources-display-component---detailRU","i18NText":{"propertyName":"tooltip","key":"closeColumn"},"searchOpenDialogs":true,"interaction":{"idSuffix":"inner"}},"wdio_ui5_key":"etmportal.ui.manageresources.view.Detailsap.m.Button{\"propertyName\":\"tooltip\",\"key\":\"closeColumn\"}"}]}
RESULT: undefined
COMMAND: POST /session/72d3ab1ba266f930a2b6a477712043f2/element - {"using":"xpath","value":"//*[@id=\"__button147\"]"}
RESULT: {}
RESULT: {"using":"xpath","value":"//*[@id=\"__button147\"]"}
COMMAND: POST /session/72d3ab1ba266f930a2b6a477712043f2/element/f.EBB5C2C2381EC3CAEE229267ABEC6EDB.d.2F41DB36CFD5D9F446C3B9FB246A9CEB.e.3226/click - {}
RESULT: {}
COMMAND: GET /session/72d3ab1ba266f930a2b6a477712043f2/screenshot - {}
RESULT: {}
COMMAND: POST /session/72d3ab1ba266f930a2b6a477712043f2/refresh - {}
RESULT: {}
COMMAND: GET /session/72d3ab1ba266f930a2b6a477712043f2/screenshot - {}
RESULT: {}
RESULT: undefined
RESULT: undefined
COMMAND: POST /session/72d3ab1ba266f930a2b6a477712043f2/execute/async - {"script":"<script> [189 bytes]","args":[]}
RESULT: {"script":"<script> [189 bytes]","args":[]}
COMMAND: POST /session/72d3ab1ba266f930a2b6a477712043f2/execute/async - {"script":"<script> [123 bytes]","args":[]}
RESULT: {"script":"<script> [123 bytes]","args":[]}
COMMAND: POST /session/72d3ab1ba266f930a2b6a477712043f2/timeouts - {"script":"<number>"}
RESULT: {"script":"<number>"}
COMMAND: GET /session/72d3ab1ba266f930a2b6a477712043f2/timeouts - {}
RESULT: {}
RESULT: undefined
COMMAND: POST /session/72d3ab1ba266f930a2b6a477712043f2/execute/async - {"script":"<script> [2676 bytes]","args":[]}
RESULT: {"script":"<script> [2676 bytes]","args":[]}
COMMAND: POST /session/72d3ab1ba266f930a2b6a477712043f2/execute/async - {"script":"<script> [2342 bytes]","args":[{"protocol":"http","hostname":"0.0.0.0","path":"/","capabilities":{"browserName":"chrome","goog:chromeOptions":{"binary":"C:\\Program Files\\Google\\Chrome\\Application\\chrome.exe","args":["--start-maximized"]}},"logLevel":"warn","connectionRetryTimeout":120000,"connectionRetryCount":3,"logLevels":{},"enableDirectConnect":true,"strictSSL":true,"_":"65 more keys: [\"cacheDir\",\"port\",\"requestedCapabilities\",\"automationProtocol\",\"baseUrl\",\"waitforInterval\",\"waitforTimeout\",\"onReload\",\"beforeCommand\",\"afterCommand\",\"rootDir\",\"specs\",\"suites\",\"exclude\",\"groupLogsByTestSpec\",\"excludeDriverLogs\",\"bail\",\"framework\",\"reporters\",\"services\",\"maxInstances\",\"maxInstancesPerCapability\",\"injectGlobals\",\"filesToWatch\",\"execArgv\",\"runnerEnv\",\"runner\",\"shard\",\"specFileRetries\",\"specFileRetriesDelay\",\"specFileRetriesDeferred\",\"reporterSyncInterval\",\"reporterSyncTimeout\",\"cucumberFeaturesWithLineNumbers\",\"autoCompileOpts\",\"mochaOpts\",\"jasmineOpts\",\"cucumberOpts\",\"onPrepare\",\"onWorkerStart\",\"onWorkerEnd\",\"before\",\"beforeSession\",\"beforeSuite\",\"beforeHook\",\"beforeTest\",\"afterTest\",\"afterHook\",\"afterSuite\",\"afterSession\",\"after\",\"onComplete\",\"beforeAssertion\",\"afterAssertion\",\"beforeFeature\",\"beforeScenario\",\"beforeStep\",\"afterStep\",\"afterScenario\",\"afterFeature\",\"_\",\"suite\",\"$0\",\"ignoredWorkerServices\",\"wdi5\"]"}]}
RESULT: {"script":"<script> [2342 bytes]","args":[{"protocol":"http","hostname":"0.0.0.0","path":"/","capabilities":{"browserName":"chrome","goog:chromeOptions":{"binary":"C:\\Program Files\\Google\\Chrome\\Application\\chrome.exe","args":["--start-maximized"]}},"logLevel":"warn","connectionRetryTimeout":120000,"connectionRetryCount":3,"logLevels":{},"enableDirectConnect":true,"strictSSL":true,"_":"65 more keys: [\"cacheDir\",\"port\",\"requestedCapabilities\",\"automationProtocol\",\"baseUrl\",\"waitforInterval\",\"waitforTimeout\",\"onReload\",\"beforeCommand\",\"afterCommand\",\"rootDir\",\"specs\",\"suites\",\"exclude\",\"groupLogsByTestSpec\",\"excludeDriverLogs\",\"bail\",\"framework\",\"reporters\",\"services\",\"maxInstances\",\"maxInstancesPerCapability\",\"injectGlobals\",\"filesToWatch\",\"execArgv\",\"runnerEnv\",\"runner\",\"shard\",\"specFileRetries\",\"specFileRetriesDelay\",\"specFileRetriesDeferred\",\"reporterSyncInterval\",\"reporterSyncTimeout\",\"cucumberFeaturesWithLineNumbers\",\"autoCompileOpts\",\"mochaOpts\",\"jasmineOpts\",\"cucumberOpts\",\"onPrepare\",\"onWorkerStart\",\"onWorkerEnd\",\"before\",\"beforeSession\",\"beforeSuite\",\"beforeHook\",\"beforeTest\",\"afterTest\",\"afterHook\",\"afterSuite\",\"afterSession\",\"after\",\"onComplete\",\"beforeAssertion\",\"afterAssertion\",\"beforeFeature\",\"beforeScenario\",\"beforeStep\",\"afterStep\",\"afterScenario\",\"afterFeature\",\"_\",\"suite\",\"$0\",\"ignoredWorkerServices\",\"wdi5\"]"}]}
COMMAND: POST /session/72d3ab1ba266f930a2b6a477712043f2/execute/async - {"script":"<script> [21126 bytes]","args":[35000]}
RESULT: {"script":"<script> [21126 bytes]","args":[35000]}
COMMAND: POST /session/72d3ab1ba266f930a2b6a477712043f2/element - {"using":"css selector","value":"#shell-header-logo"}
RESULT: {"using":"css selector","value":"#shell-header-logo"}
COMMAND: POST /session/72d3ab1ba266f930a2b6a477712043f2/element/f.EBB5C2C2381EC3CAEE229267ABEC6EDB.d.39DA1F75375259A1EC3F95FB02FADC18.e.3400/click - {}
RESULT: {}
COMMAND: GET /session/72d3ab1ba266f930a2b6a477712043f2/screenshot - {}
RESULT: {}
COMMAND: POST /session/72d3ab1ba266f930a2b6a477712043f2/execute/async - {"script":"<script> [1562 bytes]","args":[{"selector":{"controlType":"sap.m.GenericTile","properties":{"header":"Manage Resources"}},"wdio_ui5_key":"sapm.GenericTile{\"header\":\"Manage Resources\"}"}]}
RESULT: {"script":"<script> [1562 bytes]","args":[{"selector":{"controlType":"sap.m.GenericTile","properties":{"header":"Manage Resources"}},"wdio_ui5_key":"sapm.GenericTile{\"header\":\"Manage Resources\"}"}]}
RESULT: undefined
COMMAND: POST /session/72d3ab1ba266f930a2b6a477712043f2/element - {"using":"xpath","value":"//*[@id=\"__tile39\"]"}
RESULT: {"using":"xpath","value":"//*[@id=\"__tile39\"]"}
COMMAND: POST /session/72d3ab1ba266f930a2b6a477712043f2/element/f.EBB5C2C2381EC3CAEE229267ABEC6EDB.d.39DA1F75375259A1EC3F95FB02FADC18.e.3584/click - {}
RESULT: {}
COMMAND: GET /session/72d3ab1ba266f930a2b6a477712043f2/screenshot - {}
RESULT: {}
COMMAND: POST /session/72d3ab1ba266f930a2b6a477712043f2/element - {"using":"xpath","value":"//button[@data-kt=\"addNewRUOverflowToolbarButton\"]"}
RESULT: {"using":"xpath","value":"//button[@data-kt=\"addNewRUOverflowToolbarButton\"]"}
COMMAND: POST /session/72d3ab1ba266f930a2b6a477712043f2/element - {"using":"xpath","value":"//button[@data-kt=\"addNewRUOverflowToolbarButton\"]"}
RESULT: {"using":"xpath","value":"//button[@data-kt=\"addNewRUOverflowToolbarButton\"]"}
COMMAND: POST /session/72d3ab1ba266f930a2b6a477712043f2/element - {"using":"xpath","value":"//button[@data-kt=\"addNewRUOverflowToolbarButton\"]"}
RESULT: {"using":"xpath","value":"//button[@data-kt=\"addNewRUOverflowToolbarButton\"]"}
COMMAND: POST /session/72d3ab1ba266f930a2b6a477712043f2/element - {"using":"xpath","value":"//button[@data-kt=\"addNewRUOverflowToolbarButton\"]"}
RESULT: {"using":"xpath","value":"//button[@data-kt=\"addNewRUOverflowToolbarButton\"]"}
RESULT: undefined
COMMAND: POST /session/72d3ab1ba266f930a2b6a477712043f2/element - {"using":"xpath","value":"//button[@data-kt=\"addNewRUOverflowToolbarButton\"]"}
RESULT: {"using":"xpath","value":"//button[@data-kt=\"addNewRUOverflowToolbarButton\"]"}
COMMAND: POST /session/72d3ab1ba266f930a2b6a477712043f2/execute/sync - {"script":"<script> [8489 bytes]","args":[{"element-6066-11e4-a52e-4f735466cecf":"f.EBB5C2C2381EC3CAEE229267ABEC6EDB.d.39DA1F75375259A1EC3F95FB02FADC18.e.3613","ELEMENT":"f.EBB5C2C2381EC3CAEE229267ABEC6EDB.d.39DA1F75375259A1EC3F95FB02FADC18.e.3613"}]}
RESULT: {"script":"<script> [8489 bytes]","args":[{"element-6066-11e4-a52e-4f735466cecf":"f.EBB5C2C2381EC3CAEE229267ABEC6EDB.d.39DA1F75375259A1EC3F95FB02FADC18.e.3613","ELEMENT":"f.EBB5C2C2381EC3CAEE229267ABEC6EDB.d.39DA1F75375259A1EC3F95FB02FADC18.e.3613"}]}
COMMAND: POST /session/72d3ab1ba266f930a2b6a477712043f2/element/f.EBB5C2C2381EC3CAEE229267ABEC6EDB.d.39DA1F75375259A1EC3F95FB02FADC18.e.3613/click - {}
COMMAND: GET /session/72d3ab1ba266f930a2b6a477712043f2/screenshot - {}
RESULT: {}
COMMAND: GET /session/72d3ab1ba266f930a2b6a477712043f2/screenshot - {}
RESULT: {}
RESULT: {}
COMMAND: POST /session/72d3ab1ba266f930a2b6a477712043f2/execute/async - {"script":"<script> [1562 bytes]","args":[{"selector":{"id":"application-manageresources-display-component---newResourceUnit--TYPE-arrow"},"wdio_ui5_key":"applicationmanageresources-display-component---newResourceUnit--TYPE-arrow"}]}
RESULT: {"script":"<script> [1562 bytes]","args":[{"selector":{"id":"application-manageresources-display-component---newResourceUnit--TYPE-arrow"},"wdio_ui5_key":"applicationmanageresources-display-component---newResourceUnit--TYPE-arrow"}]}
RESULT: undefined
COMMAND: POST /session/72d3ab1ba266f930a2b6a477712043f2/element - {"using":"xpath","value":"//*[@id=\"application-manageresources-display-component---newResourceUnit--TYPE-arrow\"]"}
RESULT: {"using":"xpath","value":"//*[@id=\"application-manageresources-display-component---newResourceUnit--TYPE-arrow\"]"}
COMMAND: POST /session/72d3ab1ba266f930a2b6a477712043f2/element/f.EBB5C2C2381EC3CAEE229267ABEC6EDB.d.39DA1F75375259A1EC3F95FB02FADC18.e.3782/click - {}
RESULT: {}
COMMAND: POST /session/72d3ab1ba266f930a2b6a477712043f2/execute/async - {"script":"<script> [1562 bytes]","args":[{"selector":{"controlType":"sap.m.StandardListItem","viewName":"reusables.view.manageresources.NewResourceUnit","viewId":"application-manageresources-display-component---newResourceUnit","properties":{"title":"Equipment"},"searchOpenDialogs":true,"interaction":{"idSuffix":"content"}},"wdio_ui5_key":"reusablesview.manageresources.NewResourceUnitsap.m.StandardListItem{\"title\":\"Equipment\"}"}]}
COMMAND: GET /session/72d3ab1ba266f930a2b6a477712043f2/screenshot - {}
RESULT: {"script":"<script> [1562 bytes]","args":[{"selector":{"controlType":"sap.m.StandardListItem","viewName":"reusables.view.manageresources.NewResourceUnit","viewId":"application-manageresources-display-component---newResourceUnit","properties":{"title":"Equipment"},"searchOpenDialogs":true,"interaction":{"idSuffix":"content"}},"wdio_ui5_key":"reusablesview.manageresources.NewResourceUnitsap.m.StandardListItem{\"title\":\"Equipment\"}"}]}
RESULT: undefined
COMMAND: POST /session/72d3ab1ba266f930a2b6a477712043f2/element - {"using":"xpath","value":"//*[@id=\"__item181\"]"}
RESULT: {}
RESULT: {"using":"xpath","value":"//*[@id=\"__item181\"]"}
COMMAND: POST /session/72d3ab1ba266f930a2b6a477712043f2/element/f.EBB5C2C2381EC3CAEE229267ABEC6EDB.d.39DA1F75375259A1EC3F95FB02FADC18.e.3785/click - {}
RESULT: {}
COMMAND: POST /session/72d3ab1ba266f930a2b6a477712043f2/execute/async - {"script":"<script> [1562 bytes]","args":[{"selector":{"id":"application-manageresources-display-component---newResourceUnit--resourceId","interaction":{"idSuffix":"inner"}},"wdio_ui5_key":"applicationmanageresources-display-component---newResourceUnit--resourceId"}]}
COMMAND: GET /session/72d3ab1ba266f930a2b6a477712043f2/screenshot - {}
RESULT: {"script":"<script> [1562 bytes]","args":[{"selector":{"id":"application-manageresources-display-component---newResourceUnit--resourceId","interaction":{"idSuffix":"inner"}},"wdio_ui5_key":"applicationmanageresources-display-component---newResourceUnit--resourceId"}]}
RESULT: undefined
COMMAND: POST /session/72d3ab1ba266f930a2b6a477712043f2/execute/async - {"script":"<script> [776 bytes]","args":[{"enterText":"WdIOR2cEquip66bqz","selector":{"id":"application-manageresources-display-component---newResourceUnit--resourceId","interaction":{"idSuffix":"inner"}},"clearTextFirst":true,"interactionType":"ENTER_TEXT"}]}
RESULT: {}
RESULT: {"script":"<script> [776 bytes]","args":[{"enterText":"WdIOR2cEquip66bqz","selector":{"id":"application-manageresources-display-component---newResourceUnit--resourceId","interaction":{"idSuffix":"inner"}},"clearTextFirst":true,"interactionType":"ENTER_TEXT"}]}
COMMAND: POST /session/72d3ab1ba266f930a2b6a477712043f2/execute/async - {"script":"<script> [1562 bytes]","args":[{"selector":{"id":"application-manageresources-display-component---newResourceUnit--SHORT_TEXT","interaction":{"idSuffix":"inner"}},"wdio_ui5_key":"applicationmanageresources-display-component---newResourceUnit--SHORT_TEXT"}]}
RESULT: {"script":"<script> [1562 bytes]","args":[{"selector":{"id":"application-manageresources-display-component---newResourceUnit--SHORT_TEXT","interaction":{"idSuffix":"inner"}},"wdio_ui5_key":"applicationmanageresources-display-component---newResourceUnit--SHORT_TEXT"}]}
RESULT: undefined
COMMAND: POST /session/72d3ab1ba266f930a2b6a477712043f2/execute/async - {"script":"<script> [776 bytes]","args":[{"enterText":"WdIOR2cEquip66bqz","selector":{"id":"application-manageresources-display-component---newResourceUnit--SHORT_TEXT","interaction":{"idSuffix":"inner"}},"clearTextFirst":true,"interactionType":"ENTER_TEXT"}]}
RESULT: {"script":"<script> [776 bytes]","args":[{"enterText":"WdIOR2cEquip66bqz","selector":{"id":"application-manageresources-display-component---newResourceUnit--SHORT_TEXT","interaction":{"idSuffix":"inner"}},"clearTextFirst":true,"interactionType":"ENTER_TEXT"}]}
COMMAND: POST /session/72d3ab1ba266f930a2b6a477712043f2/execute/async - {"script":"<script> [1562 bytes]","args":[{"selector":{"id":"application-manageresources-display-component---newResourceUnit--BASE_UNIT_OF_MEASURE","interaction":{"idSuffix":"inner"}},"wdio_ui5_key":"applicationmanageresources-display-component---newResourceUnit--BASE_UNIT_OF_MEASURE"}]}
RESULT: {"script":"<script> [1562 bytes]","args":[{"selector":{"id":"application-manageresources-display-component---newResourceUnit--BASE_UNIT_OF_MEASURE","interaction":{"idSuffix":"inner"}},"wdio_ui5_key":"applicationmanageresources-display-component---newResourceUnit--BASE_UNIT_OF_MEASURE"}]}
RESULT: undefined
COMMAND: POST /session/72d3ab1ba266f930a2b6a477712043f2/execute/async - {"script":"<script> [776 bytes]","args":[{"enterText":"Piece","selector":{"id":"application-manageresources-display-component---newResourceUnit--BASE_UNIT_OF_MEASURE","interaction":{"idSuffix":"inner"}},"clearTextFirst":true,"interactionType":"ENTER_TEXT"}]}
RESULT: {"script":"<script> [776 bytes]","args":[{"enterText":"Piece","selector":{"id":"application-manageresources-display-component---newResourceUnit--BASE_UNIT_OF_MEASURE","interaction":{"idSuffix":"inner"}},"clearTextFirst":true,"interactionType":"ENTER_TEXT"}]}
COMMAND: POST /session/72d3ab1ba266f930a2b6a477712043f2/execute/async - {"script":"<script> [1562 bytes]","args":[{"selector":{"id":"application-manageresources-display-component---newResourceUnit--WEIGHT_UNIT","interaction":{"idSuffix":"inner"}},"wdio_ui5_key":"applicationmanageresources-display-component---newResourceUnit--WEIGHT_UNIT"}]}
RESULT: {"script":"<script> [1562 bytes]","args":[{"selector":{"id":"application-manageresources-display-component---newResourceUnit--WEIGHT_UNIT","interaction":{"idSuffix":"inner"}},"wdio_ui5_key":"applicationmanageresources-display-component---newResourceUnit--WEIGHT_UNIT"}]}
RESULT: undefined
COMMAND: POST /session/72d3ab1ba266f930a2b6a477712043f2/execute/async - {"script":"<script> [776 bytes]","args":[{"enterText":"Gram","selector":{"id":"application-manageresources-display-component---newResourceUnit--WEIGHT_UNIT","interaction":{"idSuffix":"inner"}},"clearTextFirst":true,"interactionType":"ENTER_TEXT"}]}
RESULT: {"script":"<script> [776 bytes]","args":[{"enterText":"Gram","selector":{"id":"application-manageresources-display-component---newResourceUnit--WEIGHT_UNIT","interaction":{"idSuffix":"inner"}},"clearTextFirst":true,"interactionType":"ENTER_TEXT"}]}
COMMAND: POST /session/72d3ab1ba266f930a2b6a477712043f2/execute/async - {"script":"<script> [1562 bytes]","args":[{"selector":{"id":"application-manageresources-display-component---newResourceUnit--newRRUPage-OPHeaderContent-collapseBtn-img"},"wdio_ui5_key":"applicationmanageresources-display-component---newResourceUnit--newRRUPage-OPHeaderContent-collapseBtn-img"}]}
RESULT: {"script":"<script> [1562 bytes]","args":[{"selector":{"id":"application-manageresources-display-component---newResourceUnit--newRRUPage-OPHeaderContent-collapseBtn-img"},"wdio_ui5_key":"applicationmanageresources-display-component---newResourceUnit--newRRUPage-OPHeaderContent-collapseBtn-img"}]}
RESULT: undefined
COMMAND: POST /session/72d3ab1ba266f930a2b6a477712043f2/element - {"using":"xpath","value":"//*[@id=\"application-manageresources-display-component---newResourceUnit--newRRUPage-OPHeaderContent-collapseBtn-img\"]"}
RESULT: {"using":"xpath","value":"//*[@id=\"application-manageresources-display-component---newResourceUnit--newRRUPage-OPHeaderContent-collapseBtn-img\"]"}
COMMAND: POST /session/72d3ab1ba266f930a2b6a477712043f2/element/f.EBB5C2C2381EC3CAEE229267ABEC6EDB.d.39DA1F75375259A1EC3F95FB02FADC18.e.3793/click - {}
RESULT: {}
COMMAND: GET /session/72d3ab1ba266f930a2b6a477712043f2/screenshot - {}
RESULT: {}
COMMAND: POST /session/72d3ab1ba266f930a2b6a477712043f2/element - {"using":"xpath","value":"(//span[contains(@id ,\"application-manageresources-display-component---newResourceUnit--DIMENSION_UNIT-arrow\")])[1]"}
RESULT: {"using":"xpath","value":"(//span[contains(@id ,\"application-manageresources-display-component---newResourceUnit--DIMENSION_UNIT-arrow\")])[1]"}
COMMAND: POST /session/72d3ab1ba266f930a2b6a477712043f2/element/f.EBB5C2C2381EC3CAEE229267ABEC6EDB.d.39DA1F75375259A1EC3F95FB02FADC18.e.3916/click - {}
RESULT: {}
COMMAND: GET /session/72d3ab1ba266f930a2b6a477712043f2/screenshot - {}
RESULT: {}
COMMAND: POST /session/72d3ab1ba266f930a2b6a477712043f2/execute/async - {"script":"<script> [1562 bytes]","args":[{"selector":{"controlType":"sap.m.StandardListItem","viewName":"reusables.view.manageresources.NewResourceUnit","viewId":"application-manageresources-display-component---newResourceUnit","properties":{"title":"Centimeter"},"searchOpenDialogs":true,"interaction":{"idSuffix":"titleText"}},"wdio_ui5_key":"reusablesview.manageresources.NewResourceUnitsap.m.StandardListItem{\"title\":\"Centimeter\"}"}]}
RESULT: {"script":"<script> [1562 bytes]","args":[{"selector":{"controlType":"sap.m.StandardListItem","viewName":"reusables.view.manageresources.NewResourceUnit","viewId":"application-manageresources-display-component---newResourceUnit","properties":{"title":"Centimeter"},"searchOpenDialogs":true,"interaction":{"idSuffix":"titleText"}},"wdio_ui5_key":"reusablesview.manageresources.NewResourceUnitsap.m.StandardListItem{\"title\":\"Centimeter\"}"}]}
RESULT: undefined
COMMAND: POST /session/72d3ab1ba266f930a2b6a477712043f2/element - {"using":"xpath","value":"//*[@id=\"__item224\"]"}
RESULT: {"using":"xpath","value":"//*[@id=\"__item224\"]"}
COMMAND: POST /session/72d3ab1ba266f930a2b6a477712043f2/element/f.EBB5C2C2381EC3CAEE229267ABEC6EDB.d.39DA1F75375259A1EC3F95FB02FADC18.e.3920/click - {}
RESULT: {}
COMMAND: GET /session/72d3ab1ba266f930a2b6a477712043f2/screenshot - {}
RESULT: {}
COMMAND: POST /session/72d3ab1ba266f930a2b6a477712043f2/execute/async - {"script":"<script> [1562 bytes]","args":[{"selector":{"id":"application-manageresources-display-component---newResourceUnit--newRRUPage-anchBar-application-manageresources-display-component---newResourceUnit--control-anchor","interaction":{"idSuffix":"BDI-content"}},"wdio_ui5_key":"applicationmanageresources-display-component---newResourceUnit--newRRUPage-anchBar-application-manageresources-display-component---newResourceUnit--control-anchor"}]}
RESULT: {"script":"<script> [1562 bytes]","args":[{"selector":{"id":"application-manageresources-display-component---newResourceUnit--newRRUPage-anchBar-application-manageresources-display-component---newResourceUnit--control-anchor","interaction":{"idSuffix":"BDI-content"}},"wdio_ui5_key":"applicationmanageresources-display-component---newResourceUnit--newRRUPage-anchBar-application-manageresources-display-component---newResourceUnit--control-anchor"}]}
RESULT: undefined
COMMAND: POST /session/72d3ab1ba266f930a2b6a477712043f2/element - {"using":"xpath","value":"//*[@id=\"application-manageresources-display-component---newResourceUnit--newRRUPage-anchBar-application-manageresources-display-component---newResourceUnit--control-anchor\"]"}
RESULT: {"using":"xpath","value":"//*[@id=\"application-manageresources-display-component---newResourceUnit--newRRUPage-anchBar-application-manageresources-display-component---newResourceUnit--control-anchor\"]"}
COMMAND: POST /session/72d3ab1ba266f930a2b6a477712043f2/element/f.EBB5C2C2381EC3CAEE229267ABEC6EDB.d.39DA1F75375259A1EC3F95FB02FADC18.e.3922/click - {}
RESULT: {}
COMMAND: POST /session/72d3ab1ba266f930a2b6a477712043f2/execute/async - {"script":"<script> [1562 bytes]","args":[{"selector":{"id":"application-manageresources-display-component---newResourceUnit--PLANNING_GROUP","interaction":{"idSuffix":"inner"}},"wdio_ui5_key":"applicationmanageresources-display-component---newResourceUnit--PLANNING_GROUP"}]}
COMMAND: GET /session/72d3ab1ba266f930a2b6a477712043f2/screenshot - {}
RESULT: {"script":"<script> [1562 bytes]","args":[{"selector":{"id":"application-manageresources-display-component---newResourceUnit--PLANNING_GROUP","interaction":{"idSuffix":"inner"}},"wdio_ui5_key":"applicationmanageresources-display-component---newResourceUnit--PLANNING_GROUP"}]}
RESULT: undefined
COMMAND: POST /session/72d3ab1ba266f930a2b6a477712043f2/execute/async - {"script":"<script> [776 bytes]","args":[{"enterText":"Heavy Equi","selector":{"id":"application-manageresources-display-component---newResourceUnit--PLANNING_GROUP","interaction":{"idSuffix":"inner"}},"clearTextFirst":true,"interactionType":"ENTER_TEXT"}]}
RESULT: {}
RESULT: {"script":"<script> [776 bytes]","args":[{"enterText":"Heavy Equi","selector":{"id":"application-manageresources-display-component---newResourceUnit--PLANNING_GROUP","interaction":{"idSuffix":"inner"}},"clearTextFirst":true,"interactionType":"ENTER_TEXT"}]}
COMMAND: POST /session/72d3ab1ba266f930a2b6a477712043f2/execute/async - {"script":"<script> [1562 bytes]","args":[{"selector":{"id":"application-manageresources-display-component---newResourceUnit--ITEM_TYPE-arrow"},"wdio_ui5_key":"applicationmanageresources-display-component---newResourceUnit--ITEM_TYPE-arrow"}]}
RESULT: {"script":"<script> [1562 bytes]","args":[{"selector":{"id":"application-manageresources-display-component---newResourceUnit--ITEM_TYPE-arrow"},"wdio_ui5_key":"applicationmanageresources-display-component---newResourceUnit--ITEM_TYPE-arrow"}]}
RESULT: undefined
COMMAND: POST /session/72d3ab1ba266f930a2b6a477712043f2/element - {"using":"xpath","value":"//*[@id=\"application-manageresources-display-component---newResourceUnit--ITEM_TYPE-arrow\"]"}
RESULT: {"using":"xpath","value":"//*[@id=\"application-manageresources-display-component---newResourceUnit--ITEM_TYPE-arrow\"]"}
COMMAND: POST /session/72d3ab1ba266f930a2b6a477712043f2/element/f.EBB5C2C2381EC3CAEE229267ABEC6EDB.d.39DA1F75375259A1EC3F95FB02FADC18.e.3927/click - {}
RESULT: {}
COMMAND: POST /session/72d3ab1ba266f930a2b6a477712043f2/execute/async - {"script":"<script> [1562 bytes]","args":[{"selector":{"controlType":"sap.m.StandardListItem","viewName":"reusables.view.manageresources.NewResourceUnit","viewId":"application-manageresources-display-component---newResourceUnit","properties":{"title":"Resource Unit"},"searchOpenDialogs":true,"interaction":{"idSuffix":"titleText"}},"wdio_ui5_key":"reusablesview.manageresources.NewResourceUnitsap.m.StandardListItem{\"title\":\"Resource Unit\"}"}]}
COMMAND: GET /session/72d3ab1ba266f930a2b6a477712043f2/screenshot - {}
RESULT: {"script":"<script> [1562 bytes]","args":[{"selector":{"controlType":"sap.m.StandardListItem","viewName":"reusables.view.manageresources.NewResourceUnit","viewId":"application-manageresources-display-component---newResourceUnit","properties":{"title":"Resource Unit"},"searchOpenDialogs":true,"interaction":{"idSuffix":"titleText"}},"wdio_ui5_key":"reusablesview.manageresources.NewResourceUnitsap.m.StandardListItem{\"title\":\"Resource Unit\"}"}]}
RESULT: undefined
COMMAND: POST /session/72d3ab1ba266f930a2b6a477712043f2/element - {"using":"xpath","value":"//*[@id=\"__item246\"]"}
RESULT: {}
RESULT: {"using":"xpath","value":"//*[@id=\"__item246\"]"}
COMMAND: POST /session/72d3ab1ba266f930a2b6a477712043f2/element/f.EBB5C2C2381EC3CAEE229267ABEC6EDB.d.39DA1F75375259A1EC3F95FB02FADC18.e.3929/click - {}
RESULT: {}
COMMAND: POST /session/72d3ab1ba266f930a2b6a477712043f2/element - {"using":"xpath","value":"//bdi[contains(text(), \"Time Segment\")]"}
COMMAND: GET /session/72d3ab1ba266f930a2b6a477712043f2/screenshot - {}
RESULT: {"using":"xpath","value":"//bdi[contains(text(), \"Time Segment\")]"}
COMMAND: GET /session/72d3ab1ba266f930a2b6a477712043f2/element/f.EBB5C2C2381EC3CAEE229267ABEC6EDB.d.39DA1F75375259A1EC3F95FB02FADC18.e.3930/rect - {}
RESULT: {}
RESULT: {}
COMMAND: GET /session/72d3ab1ba266f930a2b6a477712043f2/window/rect - {}
RESULT: {}
COMMAND: POST /session/72d3ab1ba266f930a2b6a477712043f2/execute/sync - {"script":"<script> [92 bytes]","args":[]}
RESULT: {"script":"<script> [92 bytes]","args":[]}
COMMAND: POST /session/72d3ab1ba266f930a2b6a477712043f2/actions - {"actions":[{"id":"action7","type":"wheel","parameters":{},"actions":[{"type":"scroll","x":-1820,"y":-21,"deltaX":0,"deltaY":0,"duration":0,"origin":{"element-6066-11e4-a52e-4f735466cecf":"f.EBB5C2C2381EC3CAEE229267ABEC6EDB.d.39DA1F75375259A1EC3F95FB02FADC18.e.3930"}}]}]}
COMMAND: GET /session/72d3ab1ba266f930a2b6a477712043f2/screenshot - {}
RESULT: {}
COMMAND: POST /session/72d3ab1ba266f930a2b6a477712043f2/execute/sync - {"script":"<script> [79 bytes]","args":[{"element-6066-11e4-a52e-4f735466cecf":"f.EBB5C2C2381EC3CAEE229267ABEC6EDB.d.39DA1F75375259A1EC3F95FB02FADC18.e.3930","ELEMENT":"f.EBB5C2C2381EC3CAEE229267ABEC6EDB.d.39DA1F75375259A1EC3F95FB02FADC18.e.3930"},{"block":"start","inline":"nearest"}]}
RESULT: {"script":"<script> [79 bytes]","args":[{"element-6066-11e4-a52e-4f735466cecf":"f.EBB5C2C2381EC3CAEE229267ABEC6EDB.d.39DA1F75375259A1EC3F95FB02FADC18.e.3930","ELEMENT":"f.EBB5C2C2381EC3CAEE229267ABEC6EDB.d.39DA1F75375259A1EC3F95FB02FADC18.e.3930"},{"block":"start","inline":"nearest"}]}
COMMAND: POST /session/72d3ab1ba266f930a2b6a477712043f2/execute/async - {"script":"<script> [1562 bytes]","args":[{"selector":{"id":"application-manageresources-display-component---newResourceUnit--btnAddTimeSegment-img"},"wdio_ui5_key":"applicationmanageresources-display-component---newResourceUnit--btnAddTimeSegment-img"}]}
COMMAND: GET /session/72d3ab1ba266f930a2b6a477712043f2/screenshot - {}
RESULT: {"script":"<script> [1562 bytes]","args":[{"selector":{"id":"application-manageresources-display-component---newResourceUnit--btnAddTimeSegment-img"},"wdio_ui5_key":"applicationmanageresources-display-component---newResourceUnit--btnAddTimeSegment-img"}]}
RESULT: undefined
COMMAND: POST /session/72d3ab1ba266f930a2b6a477712043f2/element - {"using":"xpath","value":"//*[@id=\"application-manageresources-display-component---newResourceUnit--btnAddTimeSegment-img\"]"}
RESULT: {}
RESULT: {"using":"xpath","value":"//*[@id=\"application-manageresources-display-component---newResourceUnit--btnAddTimeSegment-img\"]"}
COMMAND: POST /session/72d3ab1ba266f930a2b6a477712043f2/element/f.EBB5C2C2381EC3CAEE229267ABEC6EDB.d.39DA1F75375259A1EC3F95FB02FADC18.e.3933/click - {}
RESULT: {}
COMMAND: GET /session/72d3ab1ba266f930a2b6a477712043f2/screenshot - {}
RESULT: {}
COMMAND: POST /session/72d3ab1ba266f930a2b6a477712043f2/element - {"using":"xpath","value":"//input[@id=\"application-manageresources-display-component---newResourceUnit--idRuTSAdmin-application-manageresources-display-component---newResourceUnit--RUTimeSegment-0-inner\"]"}
RESULT: {"using":"xpath","value":"//input[@id=\"application-manageresources-display-component---newResourceUnit--idRuTSAdmin-application-manageresources-display-component---newResourceUnit--RUTimeSegment-0-inner\"]"}
COMMAND: POST /session/72d3ab1ba266f930a2b6a477712043f2/element/f.EBB5C2C2381EC3CAEE229267ABEC6EDB.d.39DA1F75375259A1EC3F95FB02FADC18.e.3937/clear - {}
RESULT: {}
COMMAND: POST /session/72d3ab1ba266f930a2b6a477712043f2/element/f.EBB5C2C2381EC3CAEE229267ABEC6EDB.d.39DA1F75375259A1EC3F95FB02FADC18.e.3937/value - {"text":"WebdriverYardl7cbck"}
COMMAND: GET /session/72d3ab1ba266f930a2b6a477712043f2/screenshot - {}
RESULT: {"text":"WebdriverYardl7cbck"}
COMMAND: GET /session/72d3ab1ba266f930a2b6a477712043f2/screenshot - {}
RESULT: {}
RESULT: {}
COMMAND: POST /session/72d3ab1ba266f930a2b6a477712043f2/actions - {"actions":[{"id":"action8","type":"key","parameters":{},"actions":[{"type":"keyDown","value":""},{"type":"pause","duration":10},{"type":"keyUp","value":""}]}]}
RESULT: {"actions":[{"id":"action8","type":"key","parameters":{},"actions":[{"type":"keyDown","value":""},{"type":"pause","duration":10},{"type":"keyUp","value":""}]}]}
COMMAND: POST /session/72d3ab1ba266f930a2b6a477712043f2/execute/async - {"script":"<script> [1562 bytes]","args":[{"selector":{"controlType":"sap.ui.core.Icon","viewName":"reusables.view.manageresources.NewResourceUnit","viewId":"application-manageresources-display-component---newResourceUnit","properties":{"src":{"regex":{"source":"slim\\-arrow\\-down"}}},"ancestor":{"controlType":"sap.m.ComboBox","viewName":"reusables.view.manageresources.NewResourceUnit","viewId":"application-manageresources-display-component---newResourceUnit","bindingPath":{"path":"/RESOURCE_UNIT_TIME_SEQUENCES/0","propertyPath":"COST_OBJECT_ADMIN_CST_TYPE","modelName":"oNewRruModel"}}},"wdio_ui5_key":"reusablesview.manageresources.NewResourceUnitsap.ui.core.Icon{\"src\":{\"regex\":{\"source\":\"slim\\\\-arrow\\\\-down\"}}}{\"controlType\":\"sap.m.ComboBox\",\"viewName\":\"reusables.view.manageresources.NewResourceUnit\",\"viewId\":\"application-manageresources-display-component---newResourceUnit\",\"bindingPath\":{\"path\":\"/RESOURCE_UNIT_TIME_SEQUENCES/0\",\"propertyPath\":\"COST_OBJECT_ADMIN_CST_TYPE\",\"modelName\":\"oNewRruModel\"}}"}]}
COMMAND: GET /session/72d3ab1ba266f930a2b6a477712043f2/screenshot - {}
RESULT: {"script":"<script> [1562 bytes]","args":[{"selector":{"controlType":"sap.ui.core.Icon","viewName":"reusables.view.manageresources.NewResourceUnit","viewId":"application-manageresources-display-component---newResourceUnit","properties":{"src":{"regex":{"source":"slim\\-arrow\\-down"}}},"ancestor":{"controlType":"sap.m.ComboBox","viewName":"reusables.view.manageresources.NewResourceUnit","viewId":"application-manageresources-display-component---newResourceUnit","bindingPath":{"path":"/RESOURCE_UNIT_TIME_SEQUENCES/0","propertyPath":"COST_OBJECT_ADMIN_CST_TYPE","modelName":"oNewRruModel"}}},"wdio_ui5_key":"reusablesview.manageresources.NewResourceUnitsap.ui.core.Icon{\"src\":{\"regex\":{\"source\":\"slim\\\\-arrow\\\\-down\"}}}{\"controlType\":\"sap.m.ComboBox\",\"viewName\":\"reusables.view.manageresources.NewResourceUnit\",\"viewId\":\"application-manageresources-display-component---newResourceUnit\",\"bindingPath\":{\"path\":\"/RESOURCE_UNIT_TIME_SEQUENCES/0\",\"propertyPath\":\"COST_OBJECT_ADMIN_CST_TYPE\",\"modelName\":\"oNewRruModel\"}}"}]}
RESULT: undefined
COMMAND: POST /session/72d3ab1ba266f930a2b6a477712043f2/element - {"using":"xpath","value":"//*[@id=\"__box7-application-manageresources-display-component---newResourceUnit--RUTimeSegment-0-arrow\"]"}
RESULT: {}
RESULT: {"using":"xpath","value":"//*[@id=\"__box7-application-manageresources-display-component---newResourceUnit--RUTimeSegment-0-arrow\"]"}
COMMAND: POST /session/72d3ab1ba266f930a2b6a477712043f2/element/f.EBB5C2C2381EC3CAEE229267ABEC6EDB.d.39DA1F75375259A1EC3F95FB02FADC18.e.3950/click - {}
RESULT: {}
COMMAND: POST /session/72d3ab1ba266f930a2b6a477712043f2/execute/async - {"script":"<script> [1562 bytes]","args":[{"selector":{"controlType":"sap.m.StandardListItem","viewName":"reusables.view.manageresources.NewResourceUnit","viewId":"application-manageresources-display-component---newResourceUnit","properties":{"title":"PM Order"},"searchOpenDialogs":true,"interaction":{"idSuffix":"titleText"}},"wdio_ui5_key":"reusablesview.manageresources.NewResourceUnitsap.m.StandardListItem{\"title\":\"PM Order\"}"}]}
COMMAND: GET /session/72d3ab1ba266f930a2b6a477712043f2/screenshot - {}
RESULT: {"script":"<script> [1562 bytes]","args":[{"selector":{"controlType":"sap.m.StandardListItem","viewName":"reusables.view.manageresources.NewResourceUnit","viewId":"application-manageresources-display-component---newResourceUnit","properties":{"title":"PM Order"},"searchOpenDialogs":true,"interaction":{"idSuffix":"titleText"}},"wdio_ui5_key":"reusablesview.manageresources.NewResourceUnitsap.m.StandardListItem{\"title\":\"PM Order\"}"}]}
RESULT: undefined
COMMAND: POST /session/72d3ab1ba266f930a2b6a477712043f2/element - {"using":"xpath","value":"//*[@id=\"__item812\"]"}
RESULT: {}
RESULT: {"using":"xpath","value":"//*[@id=\"__item812\"]"}
COMMAND: POST /session/72d3ab1ba266f930a2b6a477712043f2/element/f.EBB5C2C2381EC3CAEE229267ABEC6EDB.d.39DA1F75375259A1EC3F95FB02FADC18.e.3954/click - {}
RESULT: {}
COMMAND: POST /session/72d3ab1ba266f930a2b6a477712043f2/element - {"using":"xpath","value":"(//input[contains(@id ,\"-application-manageresources-display-component---newResourceUnit--RUTimeSegment-0-inner\")])[8]"}
COMMAND: GET /session/72d3ab1ba266f930a2b6a477712043f2/screenshot - {}
RESULT: {"using":"xpath","value":"(//input[contains(@id ,\"-application-manageresources-display-component---newResourceUnit--RUTimeSegment-0-inner\")])[8]"}
COMMAND: POST /session/72d3ab1ba266f930a2b6a477712043f2/element/f.EBB5C2C2381EC3CAEE229267ABEC6EDB.d.39DA1F75375259A1EC3F95FB02FADC18.e.3943/clear - {}
RESULT: {}
RESULT: {}
COMMAND: POST /session/72d3ab1ba266f930a2b6a477712043f2/element/f.EBB5C2C2381EC3CAEE229267ABEC6EDB.d.39DA1F75375259A1EC3F95FB02FADC18.e.3943/value - {"text":"4000360"}
COMMAND: GET /session/72d3ab1ba266f930a2b6a477712043f2/screenshot - {}
RESULT: {"text":"4000360"}
COMMAND: GET /session/72d3ab1ba266f930a2b6a477712043f2/screenshot - {}
RESULT: {}
RESULT: {}
COMMAND: POST /session/72d3ab1ba266f930a2b6a477712043f2/actions - {"actions":[{"id":"action9","type":"key","parameters":{},"actions":[{"type":"keyDown","value":""},{"type":"pause","duration":10},{"type":"keyUp","value":""}]}]}
RESULT: {"actions":[{"id":"action9","type":"key","parameters":{},"actions":[{"type":"keyDown","value":""},{"type":"pause","duration":10},{"type":"keyUp","value":""}]}]}
COMMAND: GET /session/72d3ab1ba266f930a2b6a477712043f2/screenshot - {}
RESULT: {}
COMMAND: POST /session/72d3ab1ba266f930a2b6a477712043f2/element - {"using":"xpath","value":"//input[contains(@id ,\"application-manageresources-display-component---newResourceUnit--newTimeSegmentFromDatePicker-application-manageresources-display-component---newResourceUnit--RUTimeSegment-0-inner\")]"}
RESULT: {"using":"xpath","value":"//input[contains(@id ,\"application-manageresources-display-component---newResourceUnit--newTimeSegmentFromDatePicker-application-manageresources-display-component---newResourceUnit--RUTimeSegment-0-inner\")]"}
COMMAND: POST /session/72d3ab1ba266f930a2b6a477712043f2/element/f.EBB5C2C2381EC3CAEE229267ABEC6EDB.d.39DA1F75375259A1EC3F95FB02FADC18.e.3944/clear - {}
RESULT: {}
COMMAND: POST /session/72d3ab1ba266f930a2b6a477712043f2/element/f.EBB5C2C2381EC3CAEE229267ABEC6EDB.d.39DA1F75375259A1EC3F95FB02FADC18.e.3944/clear - {}
COMMAND: GET /session/72d3ab1ba266f930a2b6a477712043f2/screenshot - {}
RESULT: {}
COMMAND: POST /session/72d3ab1ba266f930a2b6a477712043f2/element/f.EBB5C2C2381EC3CAEE229267ABEC6EDB.d.39DA1F75375259A1EC3F95FB02FADC18.e.3944/value - {"text":"05/18/24"}
COMMAND: GET /session/72d3ab1ba266f930a2b6a477712043f2/screenshot - {}
RESULT: {}
RESULT: {"text":"05/18/24"}
COMMAND: POST /session/72d3ab1ba266f930a2b6a477712043f2/execute/async - {"script":"<script> [1562 bytes]","args":[{"selector":{"id":"application-manageresources-display-component---newResourceUnit--newRRUPage-anchBar-application-manageresources-display-component---newResourceUnit--resource-anchor","interaction":{"idSuffix":"BDI-content"}},"wdio_ui5_key":"applicationmanageresources-display-component---newResourceUnit--newRRUPage-anchBar-application-manageresources-display-component---newResourceUnit--resource-anchor"}]}
COMMAND: GET /session/72d3ab1ba266f930a2b6a477712043f2/screenshot - {}
RESULT: {}
RESULT: {"script":"<script> [1562 bytes]","args":[{"selector":{"id":"application-manageresources-display-component---newResourceUnit--newRRUPage-anchBar-application-manageresources-display-component---newResourceUnit--resource-anchor","interaction":{"idSuffix":"BDI-content"}},"wdio_ui5_key":"applicationmanageresources-display-component---newResourceUnit--newRRUPage-anchBar-application-manageresources-display-component---newResourceUnit--resource-anchor"}]}
RESULT: undefined
COMMAND: POST /session/72d3ab1ba266f930a2b6a477712043f2/element - {"using":"xpath","value":"//*[@id=\"application-manageresources-display-component---newResourceUnit--newRRUPage-anchBar-application-manageresources-display-component---newResourceUnit--resource-anchor\"]"}
RESULT: {}
RESULT: {"using":"xpath","value":"//*[@id=\"application-manageresources-display-component---newResourceUnit--newRRUPage-anchBar-application-manageresources-display-component---newResourceUnit--resource-anchor\"]"}
COMMAND: POST /session/72d3ab1ba266f930a2b6a477712043f2/element/f.EBB5C2C2381EC3CAEE229267ABEC6EDB.d.39DA1F75375259A1EC3F95FB02FADC18.e.3963/click - {}
RESULT: {}
COMMAND: POST /session/72d3ab1ba266f930a2b6a477712043f2/execute/async - {"script":"<script> [1562 bytes]","args":[{"selector":{"id":"application-manageresources-display-component---newResourceUnit--PLANNED_DELIVERY_DATE","interaction":{"idSuffix":"inner"}},"wdio_ui5_key":"applicationmanageresources-display-component---newResourceUnit--PLANNED_DELIVERY_DATE"}]}
COMMAND: GET /session/72d3ab1ba266f930a2b6a477712043f2/screenshot - {}
RESULT: {"script":"<script> [1562 bytes]","args":[{"selector":{"id":"application-manageresources-display-component---newResourceUnit--PLANNED_DELIVERY_DATE","interaction":{"idSuffix":"inner"}},"wdio_ui5_key":"applicationmanageresources-display-component---newResourceUnit--PLANNED_DELIVERY_DATE"}]}
RESULT: undefined
COMMAND: POST /session/72d3ab1ba266f930a2b6a477712043f2/execute/async - {"script":"<script> [6424 bytes]","args":[{"element-6066-11e4-a52e-4f735466cecf":"f.EBB5C2C2381EC3CAEE229267ABEC6EDB.d.39DA1F75375259A1EC3F95FB02FADC18.e.3838"},"setValue",["05/18/24"]]}
RESULT: {}
RESULT: {"script":"<script> [6424 bytes]","args":[{"element-6066-11e4-a52e-4f735466cecf":"f.EBB5C2C2381EC3CAEE229267ABEC6EDB.d.39DA1F75375259A1EC3F95FB02FADC18.e.3838"},"setValue",["05/18/24"]]}
COMMAND: POST /session/72d3ab1ba266f930a2b6a477712043f2/execute/async - {"script":"<script> [1562 bytes]","args":[{"selector":{"id":"application-manageresources-display-component---newResourceUnit--RETIRE_PLANNED_DATE","interaction":{"idSuffix":"inner"}},"wdio_ui5_key":"applicationmanageresources-display-component---newResourceUnit--RETIRE_PLANNED_DATE"}]}
RESULT: {"script":"<script> [1562 bytes]","args":[{"selector":{"id":"application-manageresources-display-component---newResourceUnit--RETIRE_PLANNED_DATE","interaction":{"idSuffix":"inner"}},"wdio_ui5_key":"applicationmanageresources-display-component---newResourceUnit--RETIRE_PLANNED_DATE"}]}
RESULT: undefined
COMMAND: POST /session/72d3ab1ba266f930a2b6a477712043f2/execute/async - {"script":"<script> [776 bytes]","args":[{"enterText":"3/14/29","selector":{"id":"application-manageresources-display-component---newResourceUnit--RETIRE_PLANNED_DATE","interaction":{"idSuffix":"inner"}},"clearTextFirst":true,"interactionType":"ENTER_TEXT"}]}
RESULT: {"script":"<script> [776 bytes]","args":[{"enterText":"3/14/29","selector":{"id":"application-manageresources-display-component---newResourceUnit--RETIRE_PLANNED_DATE","interaction":{"idSuffix":"inner"}},"clearTextFirst":true,"interactionType":"ENTER_TEXT"}]}
COMMAND: POST /session/72d3ab1ba266f930a2b6a477712043f2/execute/async - {"script":"<script> [1562 bytes]","args":[{"selector":{"controlType":"sap.m.Button","viewName":"reusables.view.manageresources.NewResourceUnit","viewId":"application-manageresources-display-component---newResourceUnit","i18NText":{"propertyName":"tooltip","key":"save"},"interaction":{"idSuffix":"BDI-content"}},"wdio_ui5_key":"reusablesview.manageresources.NewResourceUnitsap.m.Button{\"propertyName\":\"tooltip\",\"key\":\"save\"}"}]}
RESULT: {"script":"<script> [1562 bytes]","args":[{"selector":{"controlType":"sap.m.Button","viewName":"reusables.view.manageresources.NewResourceUnit","viewId":"application-manageresources-display-component---newResourceUnit","i18NText":{"propertyName":"tooltip","key":"save"},"interaction":{"idSuffix":"BDI-content"}},"wdio_ui5_key":"reusablesview.manageresources.NewResourceUnitsap.m.Button{\"propertyName\":\"tooltip\",\"key\":\"save\"}"}]}
RESULT: undefined
COMMAND: POST /session/72d3ab1ba266f930a2b6a477712043f2/element - {"using":"xpath","value":"//*[@id=\"application-manageresources-display-component---newResourceUnit--createRuButton\"]"}
RESULT: {"using":"xpath","value":"//*[@id=\"application-manageresources-display-component---newResourceUnit--createRuButton\"]"}
COMMAND: POST /session/72d3ab1ba266f930a2b6a477712043f2/element/f.EBB5C2C2381EC3CAEE229267ABEC6EDB.d.39DA1F75375259A1EC3F95FB02FADC18.e.3799/click - {}
RESULT: {}
COMMAND: GET /session/72d3ab1ba266f930a2b6a477712043f2/screenshot - {}
RESULT: {}
COMMAND: POST /session/72d3ab1ba266f930a2b6a477712043f2/execute/async - {"script":"<script> [1562 bytes]","args":[{"selector":{"controlType":"sap.m.Button","properties":{"text":"Close"},"searchOpenDialogs":true,"interaction":{"idSuffix":"inner"}},"wdio_ui5_key":"sapm.Button{\"text\":\"Close\"}"}]}
RESULT: {"script":"<script> [1562 bytes]","args":[{"selector":{"controlType":"sap.m.Button","properties":{"text":"Close"},"searchOpenDialogs":true,"interaction":{"idSuffix":"inner"}},"wdio_ui5_key":"sapm.Button{\"text\":\"Close\"}"}]}
RESULT: undefined
COMMAND: POST /session/72d3ab1ba266f930a2b6a477712043f2/element - {"using":"xpath","value":"//*[@id=\"__mbox-btn-0\"]"}
RESULT: {"using":"xpath","value":"//*[@id=\"__mbox-btn-0\"]"}
COMMAND: POST /session/72d3ab1ba266f930a2b6a477712043f2/element/f.EBB5C2C2381EC3CAEE229267ABEC6EDB.d.39DA1F75375259A1EC3F95FB02FADC18.e.3973/click - {}
RESULT: {}
COMMAND: GET /session/72d3ab1ba266f930a2b6a477712043f2/screenshot - {}
RESULT: {}
COMMAND: POST /session/72d3ab1ba266f930a2b6a477712043f2/execute/async - {"script":"<script> [1562 bytes]","args":[{"selector":{"controlType":"sap.m.Text","viewName":"etm.portal.ui.manageresources.view.Detail","viewId":"application-manageresources-display-component---detailRU","bindingPath":{"propertyPath":"ID","modelName":"catalogModel"}},"wdio_ui5_key":"etmportal.ui.manageresources.view.Detailsap.m.Text{\"propertyPath\":\"ID\",\"modelName\":\"catalogModel\"}"}]}
RESULT: {"script":"<script> [1562 bytes]","args":[{"selector":{"controlType":"sap.m.Text","viewName":"etm.portal.ui.manageresources.view.Detail","viewId":"application-manageresources-display-component---detailRU","bindingPath":{"propertyPath":"ID","modelName":"catalogModel"}},"wdio_ui5_key":"etmportal.ui.manageresources.view.Detailsap.m.Text{\"propertyPath\":\"ID\",\"modelName\":\"catalogModel\"}"}]}
RESULT: undefined
COMMAND: POST /session/72d3ab1ba266f930a2b6a477712043f2/execute/async - {"script":"<script> [6424 bytes]","args":[{"element-6066-11e4-a52e-4f735466cecf":"f.EBB5C2C2381EC3CAEE229267ABEC6EDB.d.39DA1F75375259A1EC3F95FB02FADC18.e.4030"},"getText",[]]}
RESULT: {"script":"<script> [6424 bytes]","args":[{"element-6066-11e4-a52e-4f735466cecf":"f.EBB5C2C2381EC3CAEE229267ABEC6EDB.d.39DA1F75375259A1EC3F95FB02FADC18.e.4030"},"getText",[]]}
COMMAND: POST /session/72d3ab1ba266f930a2b6a477712043f2/element - {"using":"css selector","value":"#shell-header-logo"}
RESULT: {"using":"css selector","value":"#shell-header-logo"}
COMMAND: POST /session/72d3ab1ba266f930a2b6a477712043f2/element/f.EBB5C2C2381EC3CAEE229267ABEC6EDB.d.39DA1F75375259A1EC3F95FB02FADC18.e.3586/click - {}
RESULT: {}
COMMAND: GET /session/72d3ab1ba266f930a2b6a477712043f2/screenshot - {}
RESULT: {}
COMMAND: POST /session/72d3ab1ba266f930a2b6a477712043f2/execute/async - {"script":"<script> [1562 bytes]","args":[{"selector":{"controlType":"sap.m.GenericTile","properties":{"header":"Manage Catalogs"}},"wdio_ui5_key":"sapm.GenericTile{\"header\":\"Manage Catalogs\"}"}]}
RESULT: {"script":"<script> [1562 bytes]","args":[{"selector":{"controlType":"sap.m.GenericTile","properties":{"header":"Manage Catalogs"}},"wdio_ui5_key":"sapm.GenericTile{\"header\":\"Manage Catalogs\"}"}]}
RESULT: undefined
COMMAND: POST /session/72d3ab1ba266f930a2b6a477712043f2/element - {"using":"xpath","value":"//*[@id=\"__tile37\"]"}
RESULT: {"using":"xpath","value":"//*[@id=\"__tile37\"]"}
COMMAND: POST /session/72d3ab1ba266f930a2b6a477712043f2/element/f.EBB5C2C2381EC3CAEE229267ABEC6EDB.d.39DA1F75375259A1EC3F95FB02FADC18.e.4032/click - {}
RESULT: {}
COMMAND: GET /session/72d3ab1ba266f930a2b6a477712043f2/screenshot - {}
RESULT: {}
COMMAND: POST /session/72d3ab1ba266f930a2b6a477712043f2/execute/async - {"script":"<script> [1562 bytes]","args":[{"selector":{"controlType":"sap.m.Text","viewName":"etm.portal.ui.managecatalogs.view.MasterCatalogs","viewId":"application-managecatalogs-display-component---masterCatalogs","bindingPath":{"path":"/Catalogs('0D7502D073D53A0F1700BE067B89AFF9')","propertyPath":"DESCRIPTION","modelName":"catalogModel"}},"wdio_ui5_key":"etmportal.ui.managecatalogs.view.MasterCatalogssap.m.Text{\"path\":\"/Catalogs('0D7502D073D53A0F1700BE067B89AFF9')\",\"propertyPath\":\"DESCRIPTION\",\"modelName\":\"catalogModel\"}"}]}
RESULT: {"script":"<script> [1562 bytes]","args":[{"selector":{"controlType":"sap.m.Text","viewName":"etm.portal.ui.managecatalogs.view.MasterCatalogs","viewId":"application-managecatalogs-display-component---masterCatalogs","bindingPath":{"path":"/Catalogs('0D7502D073D53A0F1700BE067B89AFF9')","propertyPath":"DESCRIPTION","modelName":"catalogModel"}},"wdio_ui5_key":"etmportal.ui.managecatalogs.view.MasterCatalogssap.m.Text{\"path\":\"/Catalogs('0D7502D073D53A0F1700BE067B89AFF9')\",\"propertyPath\":\"DESCRIPTION\",\"modelName\":\"catalogModel\"}"}]}
RESULT: undefined
COMMAND: POST /session/72d3ab1ba266f930a2b6a477712043f2/element - {"using":"xpath","value":"//*[@id=\"__text939-application-managecatalogs-display-component---masterCatalogs--CatalogsTable-11\"]"}
RESULT: {"using":"xpath","value":"//*[@id=\"__text939-application-managecatalogs-display-component---masterCatalogs--CatalogsTable-11\"]"}
COMMAND: POST /session/72d3ab1ba266f930a2b6a477712043f2/element/f.EBB5C2C2381EC3CAEE229267ABEC6EDB.d.39DA1F75375259A1EC3F95FB02FADC18.e.4102/click - {}
RESULT: {}
COMMAND: POST /session/72d3ab1ba266f930a2b6a477712043f2/execute/async - {"script":"<script> [1562 bytes]","args":[{"selector":{"controlType":"sap.ui.layout.HorizontalLayout","viewName":"etm.portal.ui.managecatalogs.view.MasterItems","viewId":"application-managecatalogs-display-component---masterCatalogItems","ancestor":{"id":"application-managecatalogs-display-component---masterCatalogItems--idCatalogItemsTree-rows-row0"}},"wdio_ui5_key":"etmportal.ui.managecatalogs.view.MasterItemssap.ui.layout.HorizontalLayout{\"id\":\"application-managecatalogs-display-component---masterCatalogItems--idCatalogItemsTree-rows-row0\"}"}]}
COMMAND: GET /session/72d3ab1ba266f930a2b6a477712043f2/screenshot - {}
RESULT: {"script":"<script> [1562 bytes]","args":[{"selector":{"controlType":"sap.ui.layout.HorizontalLayout","viewName":"etm.portal.ui.managecatalogs.view.MasterItems","viewId":"application-managecatalogs-display-component---masterCatalogItems","ancestor":{"id":"application-managecatalogs-display-component---masterCatalogItems--idCatalogItemsTree-rows-row0"}},"wdio_ui5_key":"etmportal.ui.managecatalogs.view.MasterItemssap.ui.layout.HorizontalLayout{\"id\":\"application-managecatalogs-display-component---masterCatalogItems--idCatalogItemsTree-rows-row0\"}"}]}
RESULT: undefined
COMMAND: POST /session/72d3ab1ba266f930a2b6a477712043f2/element - {"using":"xpath","value":"//*[@id=\"__layout280-__clone2337\"]"}
RESULT: {}
RESULT: {"using":"xpath","value":"//*[@id=\"__layout280-__clone2337\"]"}
COMMAND: POST /session/72d3ab1ba266f930a2b6a477712043f2/element/f.EBB5C2C2381EC3CAEE229267ABEC6EDB.d.39DA1F75375259A1EC3F95FB02FADC18.e.4137/click - {}
RESULT: {}
COMMAND: GET /session/72d3ab1ba266f930a2b6a477712043f2/screenshot - {}
RESULT: {}
COMMAND: POST /session/72d3ab1ba266f930a2b6a477712043f2/execute/async - {"script":"<script> [1562 bytes]","args":[{"selector":{"controlType":"sap.m.Button","viewName":"etm.portal.ui.managecatalogs.view.Detail","viewId":"application-managecatalogs-display-component---detailCatalog","i18NText":{"propertyName":"text","key":"edit"},"interaction":{"idSuffix":"BDI-content"}},"wdio_ui5_key":"etmportal.ui.managecatalogs.view.Detailsap.m.Button{\"propertyName\":\"text\",\"key\":\"edit\"}"}]}
RESULT: {"script":"<script> [1562 bytes]","args":[{"selector":{"controlType":"sap.m.Button","viewName":"etm.portal.ui.managecatalogs.view.Detail","viewId":"application-managecatalogs-display-component---detailCatalog","i18NText":{"propertyName":"text","key":"edit"},"interaction":{"idSuffix":"BDI-content"}},"wdio_ui5_key":"etmportal.ui.managecatalogs.view.Detailsap.m.Button{\"propertyName\":\"text\",\"key\":\"edit\"}"}]}
RESULT: undefined
COMMAND: POST /session/72d3ab1ba266f930a2b6a477712043f2/element - {"using":"xpath","value":"//*[@id=\"__button122\"]"}
RESULT: {"using":"xpath","value":"//*[@id=\"__button122\"]"}
COMMAND: POST /session/72d3ab1ba266f930a2b6a477712043f2/element/f.EBB5C2C2381EC3CAEE229267ABEC6EDB.d.39DA1F75375259A1EC3F95FB02FADC18.e.4264/click - {}
RESULT: {}
COMMAND: GET /session/72d3ab1ba266f930a2b6a477712043f2/screenshot - {}
RESULT: {}
COMMAND: POST /session/72d3ab1ba266f930a2b6a477712043f2/element - {"using":"xpath","value":"//bdi[contains(text(), \"Unlock\")]"}
RESULT: {"using":"xpath","value":"//bdi[contains(text(), \"Unlock\")]"}
COMMAND: POST /session/72d3ab1ba266f930a2b6a477712043f2/elements - {"using":"xpath","value":"//bdi[contains(text(), \"Unlock\")]"}
RESULT: {"using":"xpath","value":"//bdi[contains(text(), \"Unlock\")]"}
COMMAND: POST /session/72d3ab1ba266f930a2b6a477712043f2/execute/async - {"script":"<script> [1562 bytes]","args":[{"selector":{"controlType":"sap.ui.core.Icon","viewName":"etm.portal.ui.managecatalogs.view.Detail","viewId":"application-managecatalogs-display-component---detailCatalog","properties":{"src":{"regex":{"source":"add\\-folder"}}}},"wdio_ui5_key":"etmportal.ui.managecatalogs.view.Detailsap.ui.core.Icon{\"src\":{\"regex\":{\"source\":\"add\\\\-folder\"}}}"}]}
RESULT: {"script":"<script> [1562 bytes]","args":[{"selector":{"controlType":"sap.ui.core.Icon","viewName":"etm.portal.ui.managecatalogs.view.Detail","viewId":"application-managecatalogs-display-component---detailCatalog","properties":{"src":{"regex":{"source":"add\\-folder"}}}},"wdio_ui5_key":"etmportal.ui.managecatalogs.view.Detailsap.ui.core.Icon{\"src\":{\"regex\":{\"source\":\"add\\\\-folder\"}}}"}]}
RESULT: undefined
COMMAND: POST /session/72d3ab1ba266f930a2b6a477712043f2/element - {"using":"xpath","value":"//*[@id=\"__button130-img\"]"}
RESULT: {"using":"xpath","value":"//*[@id=\"__button130-img\"]"}
COMMAND: POST /session/72d3ab1ba266f930a2b6a477712043f2/element/f.EBB5C2C2381EC3CAEE229267ABEC6EDB.d.39DA1F75375259A1EC3F95FB02FADC18.e.4279/click - {}
RESULT: {}
COMMAND: GET /session/72d3ab1ba266f930a2b6a477712043f2/screenshot - {}
RESULT: {}
COMMAND: POST /session/72d3ab1ba266f930a2b6a477712043f2/execute/async - {"script":"<script> [1562 bytes]","args":[{"selector":{"id":"application-managecatalogs-display-component---detailCatalog--numberInput","searchOpenDialogs":true,"interaction":{"idSuffix":"inner"}},"wdio_ui5_key":"applicationmanagecatalogs-display-component---detailCatalog--numberInput"}]}
RESULT: {"script":"<script> [1562 bytes]","args":[{"selector":{"id":"application-managecatalogs-display-component---detailCatalog--numberInput","searchOpenDialogs":true,"interaction":{"idSuffix":"inner"}},"wdio_ui5_key":"applicationmanagecatalogs-display-component---detailCatalog--numberInput"}]}
RESULT: undefined
COMMAND: POST /session/72d3ab1ba266f930a2b6a477712043f2/execute/async - {"script":"<script> [776 bytes]","args":[{"enterText":"Sectionu1n0s","selector":{"id":"application-managecatalogs-display-component---detailCatalog--numberInput","searchOpenDialogs":true,"interaction":{"idSuffix":"inner"}},"clearTextFirst":true,"interactionType":"ENTER_TEXT"}]}
RESULT: {"script":"<script> [776 bytes]","args":[{"enterText":"Sectionu1n0s","selector":{"id":"application-managecatalogs-display-component---detailCatalog--numberInput","searchOpenDialogs":true,"interaction":{"idSuffix":"inner"}},"clearTextFirst":true,"interactionType":"ENTER_TEXT"}]}
COMMAND: POST /session/72d3ab1ba266f930a2b6a477712043f2/element - {"using":"css selector","value":"#application-managecatalogs-display-component---detailCatalog--nameInput-inner"}
RESULT: {"using":"css selector","value":"#application-managecatalogs-display-component---detailCatalog--nameInput-inner"}
COMMAND: POST /session/72d3ab1ba266f930a2b6a477712043f2/elements - {"using":"css selector","value":"#application-managecatalogs-display-component---detailCatalog--nameInput-inner"}
RESULT: {"using":"css selector","value":"#application-managecatalogs-display-component---detailCatalog--nameInput-inner"}
COMMAND: POST /session/72d3ab1ba266f930a2b6a477712043f2/element/f.EBB5C2C2381EC3CAEE229267ABEC6EDB.d.39DA1F75375259A1EC3F95FB02FADC18.e.4283/clear - {}
RESULT: {}
COMMAND: POST /session/72d3ab1ba266f930a2b6a477712043f2/element/f.EBB5C2C2381EC3CAEE229267ABEC6EDB.d.39DA1F75375259A1EC3F95FB02FADC18.e.4283/value - {"text":"Webdrivers223o"}
COMMAND: GET /session/72d3ab1ba266f930a2b6a477712043f2/screenshot - {}
RESULT: {"text":"Webdrivers223o"}
COMMAND: POST /session/72d3ab1ba266f930a2b6a477712043f2/execute/async - {"script":"<script> [1562 bytes]","args":[{"selector":{"controlType":"sap.m.Button","viewName":"etm.portal.ui.managecatalogs.view.Detail","viewId":"application-managecatalogs-display-component---detailCatalog","i18NText":{"propertyName":"text","key":"create"},"searchOpenDialogs":true,"interaction":{"idSuffix":"BDI-content"}},"wdio_ui5_key":"etmportal.ui.managecatalogs.view.Detailsap.m.Button{\"propertyName\":\"text\",\"key\":\"create\"}"}]}
COMMAND: GET /session/72d3ab1ba266f930a2b6a477712043f2/screenshot - {}
RESULT: {}
RESULT: {"script":"<script> [1562 bytes]","args":[{"selector":{"controlType":"sap.m.Button","viewName":"etm.portal.ui.managecatalogs.view.Detail","viewId":"application-managecatalogs-display-component---detailCatalog","i18NText":{"propertyName":"text","key":"create"},"searchOpenDialogs":true,"interaction":{"idSuffix":"BDI-content"}},"wdio_ui5_key":"etmportal.ui.managecatalogs.view.Detailsap.m.Button{\"propertyName\":\"text\",\"key\":\"create\"}"}]}
RESULT: undefined
COMMAND: POST /session/72d3ab1ba266f930a2b6a477712043f2/element - {"using":"xpath","value":"//*[@id=\"__button100\"]"}
RESULT: {}
RESULT: {"using":"xpath","value":"//*[@id=\"__button100\"]"}
COMMAND: POST /session/72d3ab1ba266f930a2b6a477712043f2/element/f.EBB5C2C2381EC3CAEE229267ABEC6EDB.d.39DA1F75375259A1EC3F95FB02FADC18.e.4288/click - {}
RESULT: {}
COMMAND: GET /session/72d3ab1ba266f930a2b6a477712043f2/screenshot - {}
RESULT: {}
COMMAND: POST /session/72d3ab1ba266f930a2b6a477712043f2/element - {"using":"xpath","value":"//button[@title=\"Save\"]"}
RESULT: {"using":"xpath","value":"//button[@title=\"Save\"]"}
COMMAND: POST /session/72d3ab1ba266f930a2b6a477712043f2/element/f.EBB5C2C2381EC3CAEE229267ABEC6EDB.d.39DA1F75375259A1EC3F95FB02FADC18.e.4289/click - {}
RESULT: {}
COMMAND: POST /session/72d3ab1ba266f930a2b6a477712043f2/execute/async - {"script":"<script> [1562 bytes]","args":[{"selector":{"controlType":"sap.ui.core.Icon","viewName":"etm.portal.ui.managecatalogs.view.Detail","viewId":"application-managecatalogs-display-component---detailCatalog","properties":{"src":{"regex":{"source":"decline"}}}},"wdio_ui5_key":"etmportal.ui.managecatalogs.view.Detailsap.ui.core.Icon{\"src\":{\"regex\":{\"source\":\"decline\"}}}"}]}
COMMAND: GET /session/72d3ab1ba266f930a2b6a477712043f2/screenshot - {}
RESULT: {"script":"<script> [1562 bytes]","args":[{"selector":{"controlType":"sap.ui.core.Icon","viewName":"etm.portal.ui.managecatalogs.view.Detail","viewId":"application-managecatalogs-display-component---detailCatalog","properties":{"src":{"regex":{"source":"decline"}}}},"wdio_ui5_key":"etmportal.ui.managecatalogs.view.Detailsap.ui.core.Icon{\"src\":{\"regex\":{\"source\":\"decline\"}}}"}]}
RESULT: undefined
COMMAND: POST /session/72d3ab1ba266f930a2b6a477712043f2/element - {"using":"xpath","value":"//*[@id=\"__button125-img\"]"}
RESULT: {}
RESULT: {"using":"xpath","value":"//*[@id=\"__button125-img\"]"}
COMMAND: POST /session/72d3ab1ba266f930a2b6a477712043f2/element/f.EBB5C2C2381EC3CAEE229267ABEC6EDB.d.39DA1F75375259A1EC3F95FB02FADC18.e.4302/click - {}
RESULT: {}
COMMAND: GET /session/72d3ab1ba266f930a2b6a477712043f2/screenshot - {}
RESULT: {}
COMMAND: POST /session/72d3ab1ba266f930a2b6a477712043f2/execute/async - {"script":"<script> [1562 bytes]","args":[{"selector":{"controlType":"sap.ui.core.Icon","viewName":"etm.portal.ui.managecatalogs.view.MasterItems","viewId":"application-managecatalogs-display-component---masterCatalogItems","properties":{"src":{"regex":{"source":"refresh"}}}},"wdio_ui5_key":"etmportal.ui.managecatalogs.view.MasterItemssap.ui.core.Icon{\"src\":{\"regex\":{\"source\":\"refresh\"}}}"}]}
RESULT: {"script":"<script> [1562 bytes]","args":[{"selector":{"controlType":"sap.ui.core.Icon","viewName":"etm.portal.ui.managecatalogs.view.MasterItems","viewId":"application-managecatalogs-display-component---masterCatalogItems","properties":{"src":{"regex":{"source":"refresh"}}}},"wdio_ui5_key":"etmportal.ui.managecatalogs.view.MasterItemssap.ui.core.Icon{\"src\":{\"regex\":{\"source\":\"refresh\"}}}"}]}
RESULT: undefined
COMMAND: POST /session/72d3ab1ba266f930a2b6a477712043f2/element - {"using":"xpath","value":"//*[@id=\"__button98-img\"]"}
RESULT: {"using":"xpath","value":"//*[@id=\"__button98-img\"]"}
COMMAND: POST /session/72d3ab1ba266f930a2b6a477712043f2/element/f.EBB5C2C2381EC3CAEE229267ABEC6EDB.d.39DA1F75375259A1EC3F95FB02FADC18.e.4336/click - {}
RESULT: {}
COMMAND: POST /session/72d3ab1ba266f930a2b6a477712043f2/execute/async - {"script":"<script> [1562 bytes]","args":[{"selector":{"id":"application-managecatalogs-display-component---masterCatalogItems--searchItemsField","interaction":{"idSuffix":"I"}},"wdio_ui5_key":"applicationmanagecatalogs-display-component---masterCatalogItems--searchItemsField"}]}
COMMAND: GET /session/72d3ab1ba266f930a2b6a477712043f2/screenshot - {}
RESULT: {"script":"<script> [1562 bytes]","args":[{"selector":{"id":"application-managecatalogs-display-component---masterCatalogItems--searchItemsField","interaction":{"idSuffix":"I"}},"wdio_ui5_key":"applicationmanagecatalogs-display-component---masterCatalogItems--searchItemsField"}]}
RESULT: undefined
COMMAND: POST /session/72d3ab1ba266f930a2b6a477712043f2/execute/async - {"script":"<script> [776 bytes]","args":[{"enterText":"Webdrivers223o","selector":{"id":"application-managecatalogs-display-component---masterCatalogItems--searchItemsField","interaction":{"idSuffix":"I"}},"clearTextFirst":true,"interactionType":"ENTER_TEXT"}]}
RESULT: {}
RESULT: {"script":"<script> [776 bytes]","args":[{"enterText":"Webdrivers223o","selector":{"id":"application-managecatalogs-display-component---masterCatalogItems--searchItemsField","interaction":{"idSuffix":"I"}},"clearTextFirst":true,"interactionType":"ENTER_TEXT"}]}
COMMAND: POST /session/72d3ab1ba266f930a2b6a477712043f2/actions - {"actions":[{"id":"action10","type":"key","parameters":{},"actions":[{"type":"keyDown","value":""},{"type":"pause","duration":10},{"type":"keyUp","value":""}]}]}
RESULT: {"actions":[{"id":"action10","type":"key","parameters":{},"actions":[{"type":"keyDown","value":""},{"type":"pause","duration":10},{"type":"keyUp","value":""}]}]}
COMMAND: POST /session/72d3ab1ba266f930a2b6a477712043f2/element - {"using":"xpath","value":"(//span[contains(text(), \"Webdrivers223o\")])[1]"}
COMMAND: GET /session/72d3ab1ba266f930a2b6a477712043f2/screenshot - {}
RESULT: {"using":"xpath","value":"(//span[contains(text(), \"Webdrivers223o\")])[1]"}
COMMAND: POST /session/72d3ab1ba266f930a2b6a477712043f2/element/f.EBB5C2C2381EC3CAEE229267ABEC6EDB.d.39DA1F75375259A1EC3F95FB02FADC18.e.4339/click - {}
RESULT: {}
RESULT: {}
COMMAND: GET /session/72d3ab1ba266f930a2b6a477712043f2/screenshot - {}
RESULT: {}
RESULT: undefined
COMMAND: POST /session/72d3ab1ba266f930a2b6a477712043f2/element - {"using":"xpath","value":"//*[@id=\"__button122\"]"}
RESULT: {"using":"xpath","value":"//*[@id=\"__button122\"]"}
COMMAND: POST /session/72d3ab1ba266f930a2b6a477712043f2/element/f.EBB5C2C2381EC3CAEE229267ABEC6EDB.d.39DA1F75375259A1EC3F95FB02FADC18.e.4376/click - {}
RESULT: {}
COMMAND: GET /session/72d3ab1ba266f930a2b6a477712043f2/screenshot - {}
RESULT: {}
RESULT: undefined
COMMAND: POST /session/72d3ab1ba266f930a2b6a477712043f2/element - {"using":"xpath","value":"//*[@id=\"__button130-img\"]"}
RESULT: {"using":"xpath","value":"//*[@id=\"__button130-img\"]"}
COMMAND: POST /session/72d3ab1ba266f930a2b6a477712043f2/element/f.EBB5C2C2381EC3CAEE229267ABEC6EDB.d.39DA1F75375259A1EC3F95FB02FADC18.e.4419/click - {}
RESULT: {}
COMMAND: GET /session/72d3ab1ba266f930a2b6a477712043f2/screenshot - {}
RESULT: {}
RESULT: undefined
COMMAND: POST /session/72d3ab1ba266f930a2b6a477712043f2/execute/async - {"script":"<script> [776 bytes]","args":[{"enterText":"SecondSection1gjl","selector":{"id":"application-managecatalogs-display-component---detailCatalog--numberInput","searchOpenDialogs":true,"interaction":{"idSuffix":"inner"}},"clearTextFirst":true,"interactionType":"ENTER_TEXT"}]}
RESULT: {"script":"<script> [776 bytes]","args":[{"enterText":"SecondSection1gjl","selector":{"id":"application-managecatalogs-display-component---detailCatalog--numberInput","searchOpenDialogs":true,"interaction":{"idSuffix":"inner"}},"clearTextFirst":true,"interactionType":"ENTER_TEXT"}]}
COMMAND: POST /session/72d3ab1ba266f930a2b6a477712043f2/element - {"using":"xpath","value":"//input[contains(@id ,\"application-managecatalogs-display-component---detailCatalog--nameInput-inner\")]"}
RESULT: {"using":"xpath","value":"//input[contains(@id ,\"application-managecatalogs-display-component---detailCatalog--nameInput-inner\")]"}
COMMAND: POST /session/72d3ab1ba266f930a2b6a477712043f2/elements - {"using":"xpath","value":"//input[contains(@id ,\"application-managecatalogs-display-component---detailCatalog--nameInput-inner\")]"}
RESULT: {"using":"xpath","value":"//input[contains(@id ,\"application-managecatalogs-display-component---detailCatalog--nameInput-inner\")]"}
COMMAND: POST /session/72d3ab1ba266f930a2b6a477712043f2/element/f.EBB5C2C2381EC3CAEE229267ABEC6EDB.d.39DA1F75375259A1EC3F95FB02FADC18.e.4423/clear - {}
RESULT: {}
COMMAND: POST /session/72d3ab1ba266f930a2b6a477712043f2/element/f.EBB5C2C2381EC3CAEE229267ABEC6EDB.d.39DA1F75375259A1EC3F95FB02FADC18.e.4423/value - {"text":"webdriversecondualso"}
COMMAND: GET /session/72d3ab1ba266f930a2b6a477712043f2/screenshot - {}
RESULT: {"text":"webdriversecondualso"}
RESULT: undefined
COMMAND: POST /session/72d3ab1ba266f930a2b6a477712043f2/element - {"using":"xpath","value":"//*[@id=\"__button100\"]"}
COMMAND: GET /session/72d3ab1ba266f930a2b6a477712043f2/screenshot - {}
RESULT: {}
RESULT: {"using":"xpath","value":"//*[@id=\"__button100\"]"}
COMMAND: POST /session/72d3ab1ba266f930a2b6a477712043f2/element/f.EBB5C2C2381EC3CAEE229267ABEC6EDB.d.39DA1F75375259A1EC3F95FB02FADC18.e.4427/click - {}
RESULT: {}
RESULT: {}
COMMAND: GET /session/72d3ab1ba266f930a2b6a477712043f2/screenshot - {}
RESULT: {}
COMMAND: POST /session/72d3ab1ba266f930a2b6a477712043f2/element - {"using":"xpath","value":"//button[@title=\"Save\"]"}
RESULT: {"using":"xpath","value":"//button[@title=\"Save\"]"}
COMMAND: POST /session/72d3ab1ba266f930a2b6a477712043f2/element/f.EBB5C2C2381EC3CAEE229267ABEC6EDB.d.39DA1F75375259A1EC3F95FB02FADC18.e.4405/click - {}
RESULT: {}
COMMAND: GET /session/72d3ab1ba266f930a2b6a477712043f2/screenshot - {}
RESULT: {}
RESULT: undefined
COMMAND: POST /session/72d3ab1ba266f930a2b6a477712043f2/element - {"using":"xpath","value":"//*[@id=\"__button125-img\"]"}
RESULT: {"using":"xpath","value":"//*[@id=\"__button125-img\"]"}
COMMAND: POST /session/72d3ab1ba266f930a2b6a477712043f2/element/f.EBB5C2C2381EC3CAEE229267ABEC6EDB.d.39DA1F75375259A1EC3F95FB02FADC18.e.4383/click - {}
RESULT: {}
COMMAND: GET /session/72d3ab1ba266f930a2b6a477712043f2/screenshot - {}
RESULT: {}
RESULT: undefined
COMMAND: POST /session/72d3ab1ba266f930a2b6a477712043f2/element - {"using":"xpath","value":"//*[@id=\"__button98-img\"]"}
RESULT: {"using":"xpath","value":"//*[@id=\"__button98-img\"]"}
COMMAND: POST /session/72d3ab1ba266f930a2b6a477712043f2/element/f.EBB5C2C2381EC3CAEE229267ABEC6EDB.d.39DA1F75375259A1EC3F95FB02FADC18.e.4465/click - {}
RESULT: {}
COMMAND: GET /session/72d3ab1ba266f930a2b6a477712043f2/screenshot - {}
RESULT: {}
RESULT: undefined
COMMAND: POST /session/72d3ab1ba266f930a2b6a477712043f2/execute/async - {"script":"<script> [776 bytes]","args":[{"enterText":"SecondSection1gjl","selector":{"id":"application-managecatalogs-display-component---masterCatalogItems--searchItemsField","interaction":{"idSuffix":"I"}},"clearTextFirst":true,"interactionType":"ENTER_TEXT"}]}
RESULT: {"script":"<script> [776 bytes]","args":[{"enterText":"SecondSection1gjl","selector":{"id":"application-managecatalogs-display-component---masterCatalogItems--searchItemsField","interaction":{"idSuffix":"I"}},"clearTextFirst":true,"interactionType":"ENTER_TEXT"}]}
COMMAND: POST /session/72d3ab1ba266f930a2b6a477712043f2/actions - {"actions":[{"id":"action11","type":"key","parameters":{},"actions":[{"type":"keyDown","value":""},{"type":"pause","duration":10},{"type":"keyUp","value":""}]}]}
RESULT: {"actions":[{"id":"action11","type":"key","parameters":{},"actions":[{"type":"keyDown","value":""},{"type":"pause","duration":10},{"type":"keyUp","value":""}]}]}
COMMAND: POST /session/72d3ab1ba266f930a2b6a477712043f2/element - {"using":"xpath","value":"(//span[contains(text(), \"SecondSection1gjl\")])[1]"}
COMMAND: GET /session/72d3ab1ba266f930a2b6a477712043f2/screenshot - {}
RESULT: {"using":"xpath","value":"(//span[contains(text(), \"SecondSection1gjl\")])[1]"}
COMMAND: POST /session/72d3ab1ba266f930a2b6a477712043f2/element/f.EBB5C2C2381EC3CAEE229267ABEC6EDB.d.39DA1F75375259A1EC3F95FB02FADC18.e.4468/click - {}
RESULT: {}
RESULT: {}
COMMAND: POST /session/72d3ab1ba266f930a2b6a477712043f2/element - {"using":"xpath","value":"(//span[contains(text(), \"SecondSection1gjl\")])[1]"}
COMMAND: GET /session/72d3ab1ba266f930a2b6a477712043f2/screenshot - {}
RESULT: {"using":"xpath","value":"(//span[contains(text(), \"SecondSection1gjl\")])[1]"}
COMMAND: GET /session/72d3ab1ba266f930a2b6a477712043f2/element/f.EBB5C2C2381EC3CAEE229267ABEC6EDB.d.39DA1F75375259A1EC3F95FB02FADC18.e.4468/text - {}
RESULT: {}
RESULT: {}
COMMAND: POST /session/72d3ab1ba266f930a2b6a477712043f2/refresh - {}
RESULT: {}
COMMAND: GET /session/72d3ab1ba266f930a2b6a477712043f2/screenshot - {}
RESULT: {}
COMMAND: POST /session/72d3ab1ba266f930a2b6a477712043f2/execute/async - {"script":"<script> [189 bytes]","args":[]}
RESULT: {"script":"<script> [189 bytes]","args":[]}
COMMAND: POST /session/72d3ab1ba266f930a2b6a477712043f2/execute/async - {"script":"<script> [123 bytes]","args":[]}
RESULT: {"script":"<script> [123 bytes]","args":[]}
COMMAND: POST /session/72d3ab1ba266f930a2b6a477712043f2/timeouts - {"script":"<number>"}
RESULT: {"script":"<number>"}
COMMAND: GET /session/72d3ab1ba266f930a2b6a477712043f2/timeouts - {}
RESULT: {}
RESULT: undefined
COMMAND: POST /session/72d3ab1ba266f930a2b6a477712043f2/execute/async - {"script":"<script> [2676 bytes]","args":[]}
RESULT: {"script":"<script> [2676 bytes]","args":[]}
COMMAND: POST /session/72d3ab1ba266f930a2b6a477712043f2/execute/async - {"script":"<script> [2342 bytes]","args":[{"protocol":"http","hostname":"0.0.0.0","path":"/","capabilities":{"browserName":"chrome","goog:chromeOptions":{"binary":"C:\\Program Files\\Google\\Chrome\\Application\\chrome.exe","args":["--start-maximized"]}},"logLevel":"warn","connectionRetryTimeout":120000,"connectionRetryCount":3,"logLevels":{},"enableDirectConnect":true,"strictSSL":true,"_":"65 more keys: [\"cacheDir\",\"port\",\"requestedCapabilities\",\"automationProtocol\",\"baseUrl\",\"waitforInterval\",\"waitforTimeout\",\"onReload\",\"beforeCommand\",\"afterCommand\",\"rootDir\",\"specs\",\"suites\",\"exclude\",\"groupLogsByTestSpec\",\"excludeDriverLogs\",\"bail\",\"framework\",\"reporters\",\"services\",\"maxInstances\",\"maxInstancesPerCapability\",\"injectGlobals\",\"filesToWatch\",\"execArgv\",\"runnerEnv\",\"runner\",\"shard\",\"specFileRetries\",\"specFileRetriesDelay\",\"specFileRetriesDeferred\",\"reporterSyncInterval\",\"reporterSyncTimeout\",\"cucumberFeaturesWithLineNumbers\",\"autoCompileOpts\",\"mochaOpts\",\"jasmineOpts\",\"cucumberOpts\",\"onPrepare\",\"onWorkerStart\",\"onWorkerEnd\",\"before\",\"beforeSession\",\"beforeSuite\",\"beforeHook\",\"beforeTest\",\"afterTest\",\"afterHook\",\"afterSuite\",\"afterSession\",\"after\",\"onComplete\",\"beforeAssertion\",\"afterAssertion\",\"beforeFeature\",\"beforeScenario\",\"beforeStep\",\"afterStep\",\"afterScenario\",\"afterFeature\",\"_\",\"suite\",\"$0\",\"ignoredWorkerServices\",\"wdi5\"]"}]}
RESULT: {"script":"<script> [2342 bytes]","args":[{"protocol":"http","hostname":"0.0.0.0","path":"/","capabilities":{"browserName":"chrome","goog:chromeOptions":{"binary":"C:\\Program Files\\Google\\Chrome\\Application\\chrome.exe","args":["--start-maximized"]}},"logLevel":"warn","connectionRetryTimeout":120000,"connectionRetryCount":3,"logLevels":{},"enableDirectConnect":true,"strictSSL":true,"_":"65 more keys: [\"cacheDir\",\"port\",\"requestedCapabilities\",\"automationProtocol\",\"baseUrl\",\"waitforInterval\",\"waitforTimeout\",\"onReload\",\"beforeCommand\",\"afterCommand\",\"rootDir\",\"specs\",\"suites\",\"exclude\",\"groupLogsByTestSpec\",\"excludeDriverLogs\",\"bail\",\"framework\",\"reporters\",\"services\",\"maxInstances\",\"maxInstancesPerCapability\",\"injectGlobals\",\"filesToWatch\",\"execArgv\",\"runnerEnv\",\"runner\",\"shard\",\"specFileRetries\",\"specFileRetriesDelay\",\"specFileRetriesDeferred\",\"reporterSyncInterval\",\"reporterSyncTimeout\",\"cucumberFeaturesWithLineNumbers\",\"autoCompileOpts\",\"mochaOpts\",\"jasmineOpts\",\"cucumberOpts\",\"onPrepare\",\"onWorkerStart\",\"onWorkerEnd\",\"before\",\"beforeSession\",\"beforeSuite\",\"beforeHook\",\"beforeTest\",\"afterTest\",\"afterHook\",\"afterSuite\",\"afterSession\",\"after\",\"onComplete\",\"beforeAssertion\",\"afterAssertion\",\"beforeFeature\",\"beforeScenario\",\"beforeStep\",\"afterStep\",\"afterScenario\",\"afterFeature\",\"_\",\"suite\",\"$0\",\"ignoredWorkerServices\",\"wdi5\"]"}]}
COMMAND: POST /session/72d3ab1ba266f930a2b6a477712043f2/execute/async - {"script":"<script> [21126 bytes]","args":[35000]}
RESULT: {"script":"<script> [21126 bytes]","args":[35000]}
COMMAND: POST /session/72d3ab1ba266f930a2b6a477712043f2/execute/async - {"script":"<script> [1562 bytes]","args":[{"selector":{"controlType":"sap.m.Button","viewName":"etm.portal.ui.managecatalogs.view.Detail","viewId":"application-managecatalogs-display-component---detailCatalog","i18NText":{"propertyName":"text","key":"edit"},"interaction":{"idSuffix":"BDI-content"}},"wdio_ui5_key":"etmportal.ui.managecatalogs.view.Detailsap.m.Button{\"propertyName\":\"text\",\"key\":\"edit\"}"}]}
RESULT: {"script":"<script> [1562 bytes]","args":[{"selector":{"controlType":"sap.m.Button","viewName":"etm.portal.ui.managecatalogs.view.Detail","viewId":"application-managecatalogs-display-component---detailCatalog","i18NText":{"propertyName":"text","key":"edit"},"interaction":{"idSuffix":"BDI-content"}},"wdio_ui5_key":"etmportal.ui.managecatalogs.view.Detailsap.m.Button{\"propertyName\":\"text\",\"key\":\"edit\"}"}]}
RESULT: undefined
COMMAND: POST /session/72d3ab1ba266f930a2b6a477712043f2/element - {"using":"xpath","value":"//*[@id=\"__button25\"]"}
RESULT: {"using":"xpath","value":"//*[@id=\"__button25\"]"}
COMMAND: POST /session/72d3ab1ba266f930a2b6a477712043f2/element/f.EBB5C2C2381EC3CAEE229267ABEC6EDB.d.ADE96231D84C99EA95ADD5AA5FCBEB9C.e.4645/click - {}
RESULT: {}
COMMAND: GET /session/72d3ab1ba266f930a2b6a477712043f2/screenshot - {}
RESULT: {}
COMMAND: POST /session/72d3ab1ba266f930a2b6a477712043f2/element - {"using":"xpath","value":"//button[contains(@title ,\"Create Catalog Item\")]"}
RESULT: {"using":"xpath","value":"//button[contains(@title ,\"Create Catalog Item\")]"}
COMMAND: POST /session/72d3ab1ba266f930a2b6a477712043f2/element/f.EBB5C2C2381EC3CAEE229267ABEC6EDB.d.ADE96231D84C99EA95ADD5AA5FCBEB9C.e.4652/click - {}
RESULT: {}
COMMAND: POST /session/72d3ab1ba266f930a2b6a477712043f2/execute/async - {"script":"<script> [1562 bytes]","args":[{"selector":{"id":"application-managecatalogs-display-component---detailCatalog--newItemNumberInput","searchOpenDialogs":true,"interaction":{"idSuffix":"inner"}},"wdio_ui5_key":"applicationmanagecatalogs-display-component---detailCatalog--newItemNumberInput"}]}
COMMAND: GET /session/72d3ab1ba266f930a2b6a477712043f2/screenshot - {}
RESULT: {"script":"<script> [1562 bytes]","args":[{"selector":{"id":"application-managecatalogs-display-component---detailCatalog--newItemNumberInput","searchOpenDialogs":true,"interaction":{"idSuffix":"inner"}},"wdio_ui5_key":"applicationmanagecatalogs-display-component---detailCatalog--newItemNumberInput"}]}
RESULT: undefined
COMMAND: POST /session/72d3ab1ba266f930a2b6a477712043f2/execute/async - {"script":"<script> [776 bytes]","args":[{"enterText":"catalogItemx5xa4","selector":{"id":"application-managecatalogs-display-component---detailCatalog--newItemNumberInput","searchOpenDialogs":true,"interaction":{"idSuffix":"inner"}},"clearTextFirst":true,"interactionType":"ENTER_TEXT"}]}
RESULT: {}
RESULT: {"script":"<script> [776 bytes]","args":[{"enterText":"catalogItemx5xa4","selector":{"id":"application-managecatalogs-display-component---detailCatalog--newItemNumberInput","searchOpenDialogs":true,"interaction":{"idSuffix":"inner"}},"clearTextFirst":true,"interactionType":"ENTER_TEXT"}]}
COMMAND: POST /session/72d3ab1ba266f930a2b6a477712043f2/execute/async - {"script":"<script> [1562 bytes]","args":[{"selector":{"controlType":"sap.m.Input","viewName":"etm.portal.ui.managecatalogs.view.Detail","viewId":"application-managecatalogs-display-component---detailCatalog","bindingPath":{"path":"","propertyPath":"/DESCRIPTION"},"searchOpenDialogs":true,"interaction":{"idSuffix":"inner"}},"wdio_ui5_key":"etmportal.ui.managecatalogs.view.Detailsap.m.Input{\"path\":\"\",\"propertyPath\":\"/DESCRIPTION\"}"}]}
RESULT: {"script":"<script> [1562 bytes]","args":[{"selector":{"controlType":"sap.m.Input","viewName":"etm.portal.ui.managecatalogs.view.Detail","viewId":"application-managecatalogs-display-component---detailCatalog","bindingPath":{"path":"","propertyPath":"/DESCRIPTION"},"searchOpenDialogs":true,"interaction":{"idSuffix":"inner"}},"wdio_ui5_key":"etmportal.ui.managecatalogs.view.Detailsap.m.Input{\"path\":\"\",\"propertyPath\":\"/DESCRIPTION\"}"}]}
RESULT: undefined
COMMAND: POST /session/72d3ab1ba266f930a2b6a477712043f2/execute/async - {"script":"<script> [776 bytes]","args":[{"enterText":"catalogItemName7atecj","selector":{"controlType":"sap.m.Input","viewName":"etm.portal.ui.managecatalogs.view.Detail","viewId":"application-managecatalogs-display-component---detailCatalog","bindingPath":{"path":"","propertyPath":"/DESCRIPTION"},"searchOpenDialogs":true,"interaction":{"idSuffix":"inner"}},"clearTextFirst":true,"interactionType":"ENTER_TEXT"}]}
RESULT: {"script":"<script> [776 bytes]","args":[{"enterText":"catalogItemName7atecj","selector":{"controlType":"sap.m.Input","viewName":"etm.portal.ui.managecatalogs.view.Detail","viewId":"application-managecatalogs-display-component---detailCatalog","bindingPath":{"path":"","propertyPath":"/DESCRIPTION"},"searchOpenDialogs":true,"interaction":{"idSuffix":"inner"}},"clearTextFirst":true,"interactionType":"ENTER_TEXT"}]}
COMMAND: POST /session/72d3ab1ba266f930a2b6a477712043f2/actions - {"actions":[{"id":"action12","type":"key","parameters":{},"actions":[{"type":"keyDown","value":""},{"type":"pause","duration":10},{"type":"keyUp","value":""}]}]}
RESULT: {"actions":[{"id":"action12","type":"key","parameters":{},"actions":[{"type":"keyDown","value":""},{"type":"pause","duration":10},{"type":"keyUp","value":""}]}]}
COMMAND: GET /session/72d3ab1ba266f930a2b6a477712043f2/screenshot - {}
RESULT: {}
COMMAND: POST /session/72d3ab1ba266f930a2b6a477712043f2/actions - {"actions":[{"id":"action13","type":"key","parameters":{},"actions":[{"type":"keyDown","value":""},{"type":"pause","duration":10},{"type":"keyUp","value":""}]}]}
RESULT: {"actions":[{"id":"action13","type":"key","parameters":{},"actions":[{"type":"keyDown","value":""},{"type":"pause","duration":10},{"type":"keyUp","value":""}]}]}
COMMAND: GET /session/72d3ab1ba266f930a2b6a477712043f2/screenshot - {}
RESULT: {}
COMMAND: POST /session/72d3ab1ba266f930a2b6a477712043f2/element - {"using":"xpath","value":"//button[@title=\"Save\"]"}
RESULT: {"using":"xpath","value":"//button[@title=\"Save\"]"}
COMMAND: POST /session/72d3ab1ba266f930a2b6a477712043f2/element/f.EBB5C2C2381EC3CAEE229267ABEC6EDB.d.ADE96231D84C99EA95ADD5AA5FCBEB9C.e.4661/click - {}
RESULT: {}
COMMAND: GET /session/72d3ab1ba266f930a2b6a477712043f2/screenshot - {}
RESULT: {}
COMMAND: POST /session/72d3ab1ba266f930a2b6a477712043f2/execute/async - {"script":"<script> [1562 bytes]","args":[{"selector":{"controlType":"sap.ui.core.Icon","viewName":"etm.portal.ui.managecatalogs.view.Detail","viewId":"application-managecatalogs-display-component---detailCatalog","properties":{"src":{"regex":{"source":"decline"}}}},"wdio_ui5_key":"etmportal.ui.managecatalogs.view.Detailsap.ui.core.Icon{\"src\":{\"regex\":{\"source\":\"decline\"}}}"}]}
RESULT: {"script":"<script> [1562 bytes]","args":[{"selector":{"controlType":"sap.ui.core.Icon","viewName":"etm.portal.ui.managecatalogs.view.Detail","viewId":"application-managecatalogs-display-component---detailCatalog","properties":{"src":{"regex":{"source":"decline"}}}},"wdio_ui5_key":"etmportal.ui.managecatalogs.view.Detailsap.ui.core.Icon{\"src\":{\"regex\":{\"source\":\"decline\"}}}"}]}
RESULT: undefined
COMMAND: POST /session/72d3ab1ba266f930a2b6a477712043f2/element - {"using":"xpath","value":"//*[@id=\"__button28-img\"]"}
RESULT: {"using":"xpath","value":"//*[@id=\"__button28-img\"]"}
COMMAND: POST /session/72d3ab1ba266f930a2b6a477712043f2/element/f.EBB5C2C2381EC3CAEE229267ABEC6EDB.d.ADE96231D84C99EA95ADD5AA5FCBEB9C.e.4666/click - {}
RESULT: {}
COMMAND: GET /session/72d3ab1ba266f930a2b6a477712043f2/screenshot - {}
RESULT: {}
COMMAND: POST /session/72d3ab1ba266f930a2b6a477712043f2/execute/async - {"script":"<script> [1562 bytes]","args":[{"selector":{"controlType":"sap.ui.core.Icon","viewName":"etm.portal.ui.managecatalogs.view.MasterItems","viewId":"application-managecatalogs-display-component---masterCatalogItems","properties":{"src":{"regex":{"source":"refresh"}}}},"wdio_ui5_key":"etmportal.ui.managecatalogs.view.MasterItemssap.ui.core.Icon{\"src\":{\"regex\":{\"source\":\"refresh\"}}}"}]}
RESULT: {"script":"<script> [1562 bytes]","args":[{"selector":{"controlType":"sap.ui.core.Icon","viewName":"etm.portal.ui.managecatalogs.view.MasterItems","viewId":"application-managecatalogs-display-component---masterCatalogItems","properties":{"src":{"regex":{"source":"refresh"}}}},"wdio_ui5_key":"etmportal.ui.managecatalogs.view.MasterItemssap.ui.core.Icon{\"src\":{\"regex\":{\"source\":\"refresh\"}}}"}]}
RESULT: undefined
COMMAND: POST /session/72d3ab1ba266f930a2b6a477712043f2/element - {"using":"xpath","value":"//*[@id=\"__button1-img\"]"}
RESULT: {"using":"xpath","value":"//*[@id=\"__button1-img\"]"}
COMMAND: POST /session/72d3ab1ba266f930a2b6a477712043f2/element/f.EBB5C2C2381EC3CAEE229267ABEC6EDB.d.ADE96231D84C99EA95ADD5AA5FCBEB9C.e.4701/click - {}
RESULT: {}
COMMAND: GET /session/72d3ab1ba266f930a2b6a477712043f2/screenshot - {}
RESULT: {}
COMMAND: POST /session/72d3ab1ba266f930a2b6a477712043f2/execute/async - {"script":"<script> [1562 bytes]","args":[{"selector":{"id":"application-managecatalogs-display-component---masterCatalogItems--searchItemsField","interaction":{"idSuffix":"I"}},"wdio_ui5_key":"applicationmanagecatalogs-display-component---masterCatalogItems--searchItemsField"}]}
RESULT: {"script":"<script> [1562 bytes]","args":[{"selector":{"id":"application-managecatalogs-display-component---masterCatalogItems--searchItemsField","interaction":{"idSuffix":"I"}},"wdio_ui5_key":"applicationmanagecatalogs-display-component---masterCatalogItems--searchItemsField"}]}
RESULT: undefined
COMMAND: POST /session/72d3ab1ba266f930a2b6a477712043f2/execute/async - {"script":"<script> [776 bytes]","args":[{"enterText":"catalogItemName7atecj","selector":{"id":"application-managecatalogs-display-component---masterCatalogItems--searchItemsField","interaction":{"idSuffix":"I"}},"clearTextFirst":true,"interactionType":"ENTER_TEXT"}]}
RESULT: {"script":"<script> [776 bytes]","args":[{"enterText":"catalogItemName7atecj","selector":{"id":"application-managecatalogs-display-component---masterCatalogItems--searchItemsField","interaction":{"idSuffix":"I"}},"clearTextFirst":true,"interactionType":"ENTER_TEXT"}]}
COMMAND: POST /session/72d3ab1ba266f930a2b6a477712043f2/actions - {"actions":[{"id":"action14","type":"key","parameters":{},"actions":[{"type":"keyDown","value":""},{"type":"pause","duration":10},{"type":"keyUp","value":""}]}]}
RESULT: {"actions":[{"id":"action14","type":"key","parameters":{},"actions":[{"type":"keyDown","value":""},{"type":"pause","duration":10},{"type":"keyUp","value":""}]}]}
COMMAND: POST /session/72d3ab1ba266f930a2b6a477712043f2/element - {"using":"xpath","value":"(//span[contains(text(), \"catalogItemName7atecj\")])[1]"}
COMMAND: GET /session/72d3ab1ba266f930a2b6a477712043f2/screenshot - {}
RESULT: {"using":"xpath","value":"(//span[contains(text(), \"catalogItemName7atecj\")])[1]"}
COMMAND: POST /session/72d3ab1ba266f930a2b6a477712043f2/element/f.EBB5C2C2381EC3CAEE229267ABEC6EDB.d.ADE96231D84C99EA95ADD5AA5FCBEB9C.e.4708/click - {}
RESULT: {}
RESULT: {}
COMMAND: GET /session/72d3ab1ba266f930a2b6a477712043f2/screenshot - {}
RESULT: {}
COMMAND: POST /session/72d3ab1ba266f930a2b6a477712043f2/element - {"using":"xpath","value":"//span[contains(text(), \"catalogItemx5xa4\")]"}
RESULT: {"using":"xpath","value":"//span[contains(text(), \"catalogItemx5xa4\")]"}
COMMAND: GET /session/72d3ab1ba266f930a2b6a477712043f2/element/f.EBB5C2C2381EC3CAEE229267ABEC6EDB.d.ADE96231D84C99EA95ADD5AA5FCBEB9C.e.4767/text - {}
RESULT: {}
]]></system-out>
    </testcase>
    <testcase classname="chrome.135_0_7049_42.windows.Standard_contract_-_add_contract_items_by_Insert_Request_US118222" name="Should assign resources to the catalog item" time="52.807">
      <system-out><![CDATA[
RESULT: undefined
COMMAND: POST /session/72d3ab1ba266f930a2b6a477712043f2/element - {"using":"xpath","value":"//*[@id=\"__button25\"]"}
RESULT: {"using":"xpath","value":"//*[@id=\"__button25\"]"}
COMMAND: POST /session/72d3ab1ba266f930a2b6a477712043f2/element/f.EBB5C2C2381EC3CAEE229267ABEC6EDB.d.ADE96231D84C99EA95ADD5AA5FCBEB9C.e.4768/click - {}
RESULT: {}
COMMAND: GET /session/72d3ab1ba266f930a2b6a477712043f2/screenshot - {}
RESULT: {}
COMMAND: POST /session/72d3ab1ba266f930a2b6a477712043f2/execute/async - {"script":"<script> [1562 bytes]","args":[{"selector":{"id":"application-managecatalogs-display-component---detailCatalog--BASE_UNIT_OF_MEASURE-arrow"},"wdio_ui5_key":"applicationmanagecatalogs-display-component---detailCatalog--BASE_UNIT_OF_MEASURE-arrow"}]}
RESULT: {"script":"<script> [1562 bytes]","args":[{"selector":{"id":"application-managecatalogs-display-component---detailCatalog--BASE_UNIT_OF_MEASURE-arrow"},"wdio_ui5_key":"applicationmanagecatalogs-display-component---detailCatalog--BASE_UNIT_OF_MEASURE-arrow"}]}
RESULT: undefined
COMMAND: POST /session/72d3ab1ba266f930a2b6a477712043f2/element - {"using":"xpath","value":"//*[@id=\"application-managecatalogs-display-component---detailCatalog--BASE_UNIT_OF_MEASURE-arrow\"]"}
RESULT: {"using":"xpath","value":"//*[@id=\"application-managecatalogs-display-component---detailCatalog--BASE_UNIT_OF_MEASURE-arrow\"]"}
COMMAND: POST /session/72d3ab1ba266f930a2b6a477712043f2/element/f.EBB5C2C2381EC3CAEE229267ABEC6EDB.d.ADE96231D84C99EA95ADD5AA5FCBEB9C.e.4788/click - {}
RESULT: {}
COMMAND: POST /session/72d3ab1ba266f930a2b6a477712043f2/execute/async - {"script":"<script> [1562 bytes]","args":[{"selector":{"controlType":"sap.m.StandardListItem","viewName":"etm.portal.ui.managecatalogs.view.Detail","viewId":"application-managecatalogs-display-component---detailCatalog","properties":{"title":"Piece"},"searchOpenDialogs":true,"interaction":{"idSuffix":"titleText"}},"wdio_ui5_key":"etmportal.ui.managecatalogs.view.Detailsap.m.StandardListItem{\"title\":\"Piece\"}"}]}
COMMAND: GET /session/72d3ab1ba266f930a2b6a477712043f2/screenshot - {}
RESULT: {"script":"<script> [1562 bytes]","args":[{"selector":{"controlType":"sap.m.StandardListItem","viewName":"etm.portal.ui.managecatalogs.view.Detail","viewId":"application-managecatalogs-display-component---detailCatalog","properties":{"title":"Piece"},"searchOpenDialogs":true,"interaction":{"idSuffix":"titleText"}},"wdio_ui5_key":"etmportal.ui.managecatalogs.view.Detailsap.m.StandardListItem{\"title\":\"Piece\"}"}]}
RESULT: undefined
COMMAND: POST /session/72d3ab1ba266f930a2b6a477712043f2/element - {"using":"xpath","value":"//*[@id=\"__item245\"]"}
RESULT: {}
RESULT: {"using":"xpath","value":"//*[@id=\"__item245\"]"}
COMMAND: POST /session/72d3ab1ba266f930a2b6a477712043f2/element/f.EBB5C2C2381EC3CAEE229267ABEC6EDB.d.ADE96231D84C99EA95ADD5AA5FCBEB9C.e.4792/click - {}
RESULT: {}
COMMAND: POST /session/72d3ab1ba266f930a2b6a477712043f2/execute/async - {"script":"<script> [1562 bytes]","args":[{"selector":{"id":"application-managecatalogs-display-component---detailCatalog--ObjectPageLayout-anchBar-application-managecatalogs-display-component---detailCatalog--sectionRUs-anchor","interaction":{"idSuffix":"BDI-content"}},"wdio_ui5_key":"applicationmanagecatalogs-display-component---detailCatalog--ObjectPageLayout-anchBar-application-managecatalogs-display-component---detailCatalog--sectionRUs-anchor"}]}
COMMAND: GET /session/72d3ab1ba266f930a2b6a477712043f2/screenshot - {}
RESULT: {"script":"<script> [1562 bytes]","args":[{"selector":{"id":"application-managecatalogs-display-component---detailCatalog--ObjectPageLayout-anchBar-application-managecatalogs-display-component---detailCatalog--sectionRUs-anchor","interaction":{"idSuffix":"BDI-content"}},"wdio_ui5_key":"applicationmanagecatalogs-display-component---detailCatalog--ObjectPageLayout-anchBar-application-managecatalogs-display-component---detailCatalog--sectionRUs-anchor"}]}
RESULT: undefined
COMMAND: POST /session/72d3ab1ba266f930a2b6a477712043f2/element - {"using":"xpath","value":"//*[@id=\"application-managecatalogs-display-component---detailCatalog--ObjectPageLayout-anchBar-application-managecatalogs-display-component---detailCatalog--sectionRUs-anchor\"]"}
RESULT: {}
RESULT: {"using":"xpath","value":"//*[@id=\"application-managecatalogs-display-component---detailCatalog--ObjectPageLayout-anchBar-application-managecatalogs-display-component---detailCatalog--sectionRUs-anchor\"]"}
COMMAND: POST /session/72d3ab1ba266f930a2b6a477712043f2/element/f.EBB5C2C2381EC3CAEE229267ABEC6EDB.d.ADE96231D84C99EA95ADD5AA5FCBEB9C.e.4794/click - {}
RESULT: {}
COMMAND: POST /session/72d3ab1ba266f930a2b6a477712043f2/element - {"using":"xpath","value":"//button[contains(@data-kt ,\"catalogItemAssignRuButton\")]"}
COMMAND: GET /session/72d3ab1ba266f930a2b6a477712043f2/screenshot - {}
RESULT: {"using":"xpath","value":"//button[contains(@data-kt ,\"catalogItemAssignRuButton\")]"}
COMMAND: POST /session/72d3ab1ba266f930a2b6a477712043f2/element/f.EBB5C2C2381EC3CAEE229267ABEC6EDB.d.ADE96231D84C99EA95ADD5AA5FCBEB9C.e.4800/click - {}
RESULT: {}
RESULT: {}
COMMAND: GET /session/72d3ab1ba266f930a2b6a477712043f2/screenshot - {}
RESULT: {}
COMMAND: POST /session/72d3ab1ba266f930a2b6a477712043f2/actions - {"actions":[{"id":"action15","type":"key","parameters":{},"actions":[{"type":"keyDown","value":""},{"type":"pause","duration":10},{"type":"keyUp","value":""}]}]}
RESULT: {"actions":[{"id":"action15","type":"key","parameters":{},"actions":[{"type":"keyDown","value":""},{"type":"pause","duration":10},{"type":"keyUp","value":""}]}]}
COMMAND: POST /session/72d3ab1ba266f930a2b6a477712043f2/execute/async - {"script":"<script> [1562 bytes]","args":[{"selector":{"id":"application-managecatalogs-display-component---detailCatalog--assignRUSearchField-vhi","searchOpenDialogs":true},"wdio_ui5_key":"applicationmanagecatalogs-display-component---detailCatalog--assignRUSearchField-vhi"}]}
COMMAND: GET /session/72d3ab1ba266f930a2b6a477712043f2/screenshot - {}
RESULT: {"script":"<script> [1562 bytes]","args":[{"selector":{"id":"application-managecatalogs-display-component---detailCatalog--assignRUSearchField-vhi","searchOpenDialogs":true},"wdio_ui5_key":"applicationmanagecatalogs-display-component---detailCatalog--assignRUSearchField-vhi"}]}
RESULT: undefined
COMMAND: POST /session/72d3ab1ba266f930a2b6a477712043f2/element - {"using":"xpath","value":"//*[@id=\"application-managecatalogs-display-component---detailCatalog--assignRUSearchField-vhi\"]"}
RESULT: {}
RESULT: {"using":"xpath","value":"//*[@id=\"application-managecatalogs-display-component---detailCatalog--assignRUSearchField-vhi\"]"}
COMMAND: POST /session/72d3ab1ba266f930a2b6a477712043f2/element/f.EBB5C2C2381EC3CAEE229267ABEC6EDB.d.ADE96231D84C99EA95ADD5AA5FCBEB9C.e.4819/click - {}
RESULT: {}
COMMAND: GET /session/72d3ab1ba266f930a2b6a477712043f2/screenshot - {}
RESULT: {}
COMMAND: POST /session/72d3ab1ba266f930a2b6a477712043f2/element - {"using":"xpath","value":"//input[contains(@id ,\"searchField-I\")]"}
RESULT: {"using":"xpath","value":"//input[contains(@id ,\"searchField-I\")]"}
COMMAND: POST /session/72d3ab1ba266f930a2b6a477712043f2/element/f.EBB5C2C2381EC3CAEE229267ABEC6EDB.d.ADE96231D84C99EA95ADD5AA5FCBEB9C.e.4823/clear - {}
RESULT: {}
COMMAND: POST /session/72d3ab1ba266f930a2b6a477712043f2/element/f.EBB5C2C2381EC3CAEE229267ABEC6EDB.d.ADE96231D84C99EA95ADD5AA5FCBEB9C.e.4823/value - {"text":"WdIOR2cEquip66bqz"}
COMMAND: GET /session/72d3ab1ba266f930a2b6a477712043f2/screenshot - {}
RESULT: {"text":"WdIOR2cEquip66bqz"}
COMMAND: GET /session/72d3ab1ba266f930a2b6a477712043f2/screenshot - {}
RESULT: {}
RESULT: {}
COMMAND: POST /session/72d3ab1ba266f930a2b6a477712043f2/actions - {"actions":[{"id":"action16","type":"key","parameters":{},"actions":[{"type":"keyDown","value":""},{"type":"pause","duration":10},{"type":"keyUp","value":""}]}]}
RESULT: {"actions":[{"id":"action16","type":"key","parameters":{},"actions":[{"type":"keyDown","value":""},{"type":"pause","duration":10},{"type":"keyUp","value":""}]}]}
COMMAND: GET /session/72d3ab1ba266f930a2b6a477712043f2/screenshot - {}
RESULT: {}
COMMAND: POST /session/72d3ab1ba266f930a2b6a477712043f2/actions - {"actions":[{"id":"action17","type":"key","parameters":{},"actions":[{"type":"keyDown","value":""},{"type":"pause","duration":10},{"type":"keyUp","value":""}]}]}
RESULT: {"actions":[{"id":"action17","type":"key","parameters":{},"actions":[{"type":"keyDown","value":""},{"type":"pause","duration":10},{"type":"keyUp","value":""}]}]}
COMMAND: GET /session/72d3ab1ba266f930a2b6a477712043f2/screenshot - {}
RESULT: {}
COMMAND: POST /session/72d3ab1ba266f930a2b6a477712043f2/actions - {"actions":[{"id":"action18","type":"key","parameters":{},"actions":[{"type":"keyDown","value":""},{"type":"pause","duration":10},{"type":"keyUp","value":""}]}]}
RESULT: {"actions":[{"id":"action18","type":"key","parameters":{},"actions":[{"type":"keyDown","value":""},{"type":"pause","duration":10},{"type":"keyUp","value":""}]}]}
COMMAND: GET /session/72d3ab1ba266f930a2b6a477712043f2/screenshot - {}
RESULT: {}
COMMAND: POST /session/72d3ab1ba266f930a2b6a477712043f2/element - {"using":"xpath","value":"//bdi[contains(@id ,\"application-managecatalogs-display-component---detailCatalog--RUAssignmentSaveButton-BDI-content\")]"}
RESULT: {"using":"xpath","value":"//bdi[contains(@id ,\"application-managecatalogs-display-component---detailCatalog--RUAssignmentSaveButton-BDI-content\")]"}
COMMAND: POST /session/72d3ab1ba266f930a2b6a477712043f2/element/f.EBB5C2C2381EC3CAEE229267ABEC6EDB.d.ADE96231D84C99EA95ADD5AA5FCBEB9C.e.4856/click - {}
RESULT: {}
COMMAND: GET /session/72d3ab1ba266f930a2b6a477712043f2/screenshot - {}
RESULT: {}
RESULT: undefined
COMMAND: POST /session/72d3ab1ba266f930a2b6a477712043f2/element - {"using":"xpath","value":"//*[@id=\"application-managecatalogs-display-component---detailCatalog--ObjectPageLayout-anchBar-application-managecatalogs-display-component---detailCatalog--sectionRUs-anchor\"]"}
RESULT: {"using":"xpath","value":"//*[@id=\"application-managecatalogs-display-component---detailCatalog--ObjectPageLayout-anchBar-application-managecatalogs-display-component---detailCatalog--sectionRUs-anchor\"]"}
COMMAND: POST /session/72d3ab1ba266f930a2b6a477712043f2/element/f.EBB5C2C2381EC3CAEE229267ABEC6EDB.d.ADE96231D84C99EA95ADD5AA5FCBEB9C.e.4885/click - {}
RESULT: {}
COMMAND: GET /session/72d3ab1ba266f930a2b6a477712043f2/screenshot - {}
RESULT: {}
COMMAND: POST /session/72d3ab1ba266f930a2b6a477712043f2/element - {"using":"xpath","value":"//button[contains(@data-kt ,\"catalogItemAssignRuButton\")]"}
RESULT: {"using":"xpath","value":"//button[contains(@data-kt ,\"catalogItemAssignRuButton\")]"}
COMMAND: POST /session/72d3ab1ba266f930a2b6a477712043f2/element/f.EBB5C2C2381EC3CAEE229267ABEC6EDB.d.ADE96231D84C99EA95ADD5AA5FCBEB9C.e.4896/click - {}
RESULT: {}
COMMAND: GET /session/72d3ab1ba266f930a2b6a477712043f2/screenshot - {}
RESULT: {}
COMMAND: POST /session/72d3ab1ba266f930a2b6a477712043f2/actions - {"actions":[{"id":"action19","type":"key","parameters":{},"actions":[{"type":"keyDown","value":""},{"type":"pause","duration":10},{"type":"keyUp","value":""}]}]}
RESULT: {"actions":[{"id":"action19","type":"key","parameters":{},"actions":[{"type":"keyDown","value":""},{"type":"pause","duration":10},{"type":"keyUp","value":""}]}]}
RESULT: undefined
COMMAND: POST /session/72d3ab1ba266f930a2b6a477712043f2/element - {"using":"xpath","value":"//*[@id=\"application-managecatalogs-display-component---detailCatalog--assignRUSearchField-vhi\"]"}
COMMAND: GET /session/72d3ab1ba266f930a2b6a477712043f2/screenshot - {}
RESULT: {"using":"xpath","value":"//*[@id=\"application-managecatalogs-display-component---detailCatalog--assignRUSearchField-vhi\"]"}
COMMAND: POST /session/72d3ab1ba266f930a2b6a477712043f2/elements - {"using":"xpath","value":"//*[@id=\"application-managecatalogs-display-component---detailCatalog--assignRUSearchField-vhi\"]"}
RESULT: {}
RESULT: {"using":"xpath","value":"//*[@id=\"application-managecatalogs-display-component---detailCatalog--assignRUSearchField-vhi\"]"}
COMMAND: POST /session/72d3ab1ba266f930a2b6a477712043f2/element - {"using":"xpath","value":"//*[@id=\"application-managecatalogs-display-component---detailCatalog--assignRUSearchField-vhi\"]"}
RESULT: {"using":"xpath","value":"//*[@id=\"application-managecatalogs-display-component---detailCatalog--assignRUSearchField-vhi\"]"}
COMMAND: POST /session/72d3ab1ba266f930a2b6a477712043f2/element/f.EBB5C2C2381EC3CAEE229267ABEC6EDB.d.ADE96231D84C99EA95ADD5AA5FCBEB9C.e.4912/click - {}
RESULT: {}
COMMAND: POST /session/72d3ab1ba266f930a2b6a477712043f2/execute/async - {"script":"<script> [1562 bytes]","args":[{"selector":{"controlType":"sap.m.SearchField","viewName":"etm.portal.ui.managecatalogs.view.Detail","viewId":"application-managecatalogs-display-component---detailCatalog","searchOpenDialogs":true,"interaction":{"idSuffix":"I"}},"wdio_ui5_key":"etmportal.ui.managecatalogs.view.Detailsap.m.SearchField"}]}
COMMAND: GET /session/72d3ab1ba266f930a2b6a477712043f2/screenshot - {}
RESULT: {"script":"<script> [1562 bytes]","args":[{"selector":{"controlType":"sap.m.SearchField","viewName":"etm.portal.ui.managecatalogs.view.Detail","viewId":"application-managecatalogs-display-component---detailCatalog","searchOpenDialogs":true,"interaction":{"idSuffix":"I"}},"wdio_ui5_key":"etmportal.ui.managecatalogs.view.Detailsap.m.SearchField"}]}
RESULT: undefined
COMMAND: POST /session/72d3ab1ba266f930a2b6a477712043f2/execute/async - {"script":"<script> [776 bytes]","args":[{"enterText":"WebdriverRUR2Coirpdh","selector":{"controlType":"sap.m.SearchField","viewName":"etm.portal.ui.managecatalogs.view.Detail","viewId":"application-managecatalogs-display-component---detailCatalog","searchOpenDialogs":true,"interaction":{"idSuffix":"I"}},"clearTextFirst":true,"interactionType":"ENTER_TEXT"}]}
RESULT: {}
RESULT: {"script":"<script> [776 bytes]","args":[{"enterText":"WebdriverRUR2Coirpdh","selector":{"controlType":"sap.m.SearchField","viewName":"etm.portal.ui.managecatalogs.view.Detail","viewId":"application-managecatalogs-display-component---detailCatalog","searchOpenDialogs":true,"interaction":{"idSuffix":"I"}},"clearTextFirst":true,"interactionType":"ENTER_TEXT"}]}
COMMAND: POST /session/72d3ab1ba266f930a2b6a477712043f2/actions - {"actions":[{"id":"action20","type":"key","parameters":{},"actions":[{"type":"keyDown","value":""},{"type":"pause","duration":10},{"type":"keyUp","value":""}]}]}
RESULT: {"actions":[{"id":"action20","type":"key","parameters":{},"actions":[{"type":"keyDown","value":""},{"type":"pause","duration":10},{"type":"keyUp","value":""}]}]}
COMMAND: GET /session/72d3ab1ba266f930a2b6a477712043f2/screenshot - {}
RESULT: {}
COMMAND: POST /session/72d3ab1ba266f930a2b6a477712043f2/element - {"using":"xpath","value":"(//span[contains(text(), \"WebdriverRUR2Coirpdh\")])[1]"}
RESULT: {"using":"xpath","value":"(//span[contains(text(), \"WebdriverRUR2Coirpdh\")])[1]"}
COMMAND: POST /session/72d3ab1ba266f930a2b6a477712043f2/element/f.EBB5C2C2381EC3CAEE229267ABEC6EDB.d.ADE96231D84C99EA95ADD5AA5FCBEB9C.e.4944/click - {}
RESULT: {}
COMMAND: POST /session/72d3ab1ba266f930a2b6a477712043f2/execute/async - {"script":"<script> [1562 bytes]","args":[{"selector":{"id":"application-managecatalogs-display-component---detailCatalog--RUAssignmentSaveButton","searchOpenDialogs":true,"interaction":{"idSuffix":"BDI-content"}},"wdio_ui5_key":"applicationmanagecatalogs-display-component---detailCatalog--RUAssignmentSaveButton"}]}
COMMAND: GET /session/72d3ab1ba266f930a2b6a477712043f2/screenshot - {}
RESULT: {"script":"<script> [1562 bytes]","args":[{"selector":{"id":"application-managecatalogs-display-component---detailCatalog--RUAssignmentSaveButton","searchOpenDialogs":true,"interaction":{"idSuffix":"BDI-content"}},"wdio_ui5_key":"applicationmanagecatalogs-display-component---detailCatalog--RUAssignmentSaveButton"}]}
RESULT: undefined
COMMAND: POST /session/72d3ab1ba266f930a2b6a477712043f2/element - {"using":"xpath","value":"//*[@id=\"application-managecatalogs-display-component---detailCatalog--RUAssignmentSaveButton\"]"}
RESULT: {}
RESULT: {"using":"xpath","value":"//*[@id=\"application-managecatalogs-display-component---detailCatalog--RUAssignmentSaveButton\"]"}
COMMAND: POST /session/72d3ab1ba266f930a2b6a477712043f2/element/f.EBB5C2C2381EC3CAEE229267ABEC6EDB.d.ADE96231D84C99EA95ADD5AA5FCBEB9C.e.4947/click - {}
RESULT: {}
COMMAND: GET /session/72d3ab1ba266f930a2b6a477712043f2/screenshot - {}
RESULT: {}
COMMAND: POST /session/72d3ab1ba266f930a2b6a477712043f2/element - {"using":"xpath","value":"//bdi[contains(text(), \"Save\")]"}
RESULT: {"using":"xpath","value":"//bdi[contains(text(), \"Save\")]"}
COMMAND: POST /session/72d3ab1ba266f930a2b6a477712043f2/element/f.EBB5C2C2381EC3CAEE229267ABEC6EDB.d.ADE96231D84C99EA95ADD5AA5FCBEB9C.e.4968/click - {}
RESULT: {}
COMMAND: GET /session/72d3ab1ba266f930a2b6a477712043f2/screenshot - {}
RESULT: {}
COMMAND: POST /session/72d3ab1ba266f930a2b6a477712043f2/element - {"using":"css selector","value":"#shell-header-logo"}
RESULT: {"using":"css selector","value":"#shell-header-logo"}
COMMAND: POST /session/72d3ab1ba266f930a2b6a477712043f2/element/f.EBB5C2C2381EC3CAEE229267ABEC6EDB.d.ADE96231D84C99EA95ADD5AA5FCBEB9C.e.4591/click - {}
RESULT: {}
COMMAND: GET /session/72d3ab1ba266f930a2b6a477712043f2/screenshot - {}
RESULT: {}
]]></system-out>
    </testcase>
    <testcase classname="chrome.135_0_7049_42.windows.Standard_contract_-_add_contract_items_by_Insert_Request_US118222" name="Should create a new contract" time="62.884">
      <system-out><![CDATA[
COMMAND: POST /session/72d3ab1ba266f930a2b6a477712043f2/execute/async - {"script":"<script> [1562 bytes]","args":[{"selector":{"controlType":"sap.m.Text","viewName":"etm.portal.ui.managecontractstile.view.Master","properties":{"text":"Manage Contracts"},"interaction":{"idSuffix":"inner"}},"wdio_ui5_key":"etmportal.ui.managecontractstile.view.Mastersap.m.Text{\"text\":\"Manage Contracts\"}"}]}
RESULT: {"script":"<script> [1562 bytes]","args":[{"selector":{"controlType":"sap.m.Text","viewName":"etm.portal.ui.managecontractstile.view.Master","properties":{"text":"Manage Contracts"},"interaction":{"idSuffix":"inner"}},"wdio_ui5_key":"etmportal.ui.managecontractstile.view.Mastersap.m.Text{\"text\":\"Manage Contracts\"}"}]}
RESULT: undefined
COMMAND: POST /session/72d3ab1ba266f930a2b6a477712043f2/element - {"using":"xpath","value":"//*[@id=\"__tile130-title\"]"}
RESULT: {"using":"xpath","value":"//*[@id=\"__tile130-title\"]"}
COMMAND: POST /session/72d3ab1ba266f930a2b6a477712043f2/element/f.EBB5C2C2381EC3CAEE229267ABEC6EDB.d.ADE96231D84C99EA95ADD5AA5FCBEB9C.e.5013/click - {}
RESULT: {}
COMMAND: GET /session/72d3ab1ba266f930a2b6a477712043f2/screenshot - {}
RESULT: {}
RESULT: undefined
RESULT: undefined
COMMAND: POST /session/72d3ab1ba266f930a2b6a477712043f2/element - {"using":"xpath","value":"//button[@data-kt=\"addButton\"]"}
RESULT: {"using":"xpath","value":"//button[@data-kt=\"addButton\"]"}
COMMAND: POST /session/72d3ab1ba266f930a2b6a477712043f2/element/f.EBB5C2C2381EC3CAEE229267ABEC6EDB.d.ADE96231D84C99EA95ADD5AA5FCBEB9C.e.5058/click - {}
RESULT: {}
COMMAND: GET /session/72d3ab1ba266f930a2b6a477712043f2/screenshot - {}
RESULT: {}
COMMAND: POST /session/72d3ab1ba266f930a2b6a477712043f2/execute/async - {"script":"<script> [1562 bytes]","args":[{"selector":{"id":"application-managecontracts-display-component---AddNewContract--projectDescription","interaction":{"idSuffix":"inner"}},"wdio_ui5_key":"applicationmanagecontracts-display-component---AddNewContract--projectDescription"}]}
RESULT: {"script":"<script> [1562 bytes]","args":[{"selector":{"id":"application-managecontracts-display-component---AddNewContract--projectDescription","interaction":{"idSuffix":"inner"}},"wdio_ui5_key":"applicationmanagecontracts-display-component---AddNewContract--projectDescription"}]}
RESULT: undefined
COMMAND: POST /session/72d3ab1ba266f930a2b6a477712043f2/execute/async - {"script":"<script> [776 bytes]","args":[{"enterText":"WdIOR2cb3exf","selector":{"id":"application-managecontracts-display-component---AddNewContract--projectDescription","interaction":{"idSuffix":"inner"}},"clearTextFirst":true,"interactionType":"ENTER_TEXT"}]}
RESULT: {"script":"<script> [776 bytes]","args":[{"enterText":"WdIOR2cb3exf","selector":{"id":"application-managecontracts-display-component---AddNewContract--projectDescription","interaction":{"idSuffix":"inner"}},"clearTextFirst":true,"interactionType":"ENTER_TEXT"}]}
COMMAND: POST /session/72d3ab1ba266f930a2b6a477712043f2/element - {"using":"xpath","value":"//input[@id=\"application-managecontracts-display-component---AddNewContract--yardId-inner\"]"}
RESULT: {"using":"xpath","value":"//input[@id=\"application-managecontracts-display-component---AddNewContract--yardId-inner\"]"}
COMMAND: POST /session/72d3ab1ba266f930a2b6a477712043f2/element/f.EBB5C2C2381EC3CAEE229267ABEC6EDB.d.ADE96231D84C99EA95ADD5AA5FCBEB9C.e.5348/clear - {}
RESULT: {}
COMMAND: POST /session/72d3ab1ba266f930a2b6a477712043f2/element/f.EBB5C2C2381EC3CAEE229267ABEC6EDB.d.ADE96231D84C99EA95ADD5AA5FCBEB9C.e.5348/value - {"text":"WebdriverYardl7cbck"}
COMMAND: GET /session/72d3ab1ba266f930a2b6a477712043f2/screenshot - {}
RESULT: {}
RESULT: {"text":"WebdriverYardl7cbck"}
COMMAND: GET /session/72d3ab1ba266f930a2b6a477712043f2/screenshot - {}
RESULT: {}
COMMAND: POST /session/72d3ab1ba266f930a2b6a477712043f2/actions - {"actions":[{"id":"action21","type":"key","parameters":{},"actions":[{"type":"keyDown","value":""},{"type":"pause","duration":10},{"type":"keyUp","value":""}]}]}
RESULT: {"actions":[{"id":"action21","type":"key","parameters":{},"actions":[{"type":"keyDown","value":""},{"type":"pause","duration":10},{"type":"keyUp","value":""}]}]}
COMMAND: GET /session/72d3ab1ba266f930a2b6a477712043f2/screenshot - {}
RESULT: {}
COMMAND: POST /session/72d3ab1ba266f930a2b6a477712043f2/element - {"using":"xpath","value":"//input[@id=\"application-managecontracts-display-component---AddNewContract--customerSelect-inner\"]"}
RESULT: {"using":"xpath","value":"//input[@id=\"application-managecontracts-display-component---AddNewContract--customerSelect-inner\"]"}
COMMAND: POST /session/72d3ab1ba266f930a2b6a477712043f2/element/f.EBB5C2C2381EC3CAEE229267ABEC6EDB.d.ADE96231D84C99EA95ADD5AA5FCBEB9C.e.5346/clear - {}
RESULT: {}
COMMAND: POST /session/72d3ab1ba266f930a2b6a477712043f2/element/f.EBB5C2C2381EC3CAEE229267ABEC6EDB.d.ADE96231D84C99EA95ADD5AA5FCBEB9C.e.5346/value - {"text":"WebdriverPartnera9gdek"}
COMMAND: GET /session/72d3ab1ba266f930a2b6a477712043f2/screenshot - {}
RESULT: {"text":"WebdriverPartnera9gdek"}
COMMAND: GET /session/72d3ab1ba266f930a2b6a477712043f2/screenshot - {}
RESULT: {}
RESULT: {}
COMMAND: POST /session/72d3ab1ba266f930a2b6a477712043f2/actions - {"actions":[{"id":"action22","type":"key","parameters":{},"actions":[{"type":"keyDown","value":""},{"type":"pause","duration":10},{"type":"keyUp","value":""}]}]}
RESULT: {"actions":[{"id":"action22","type":"key","parameters":{},"actions":[{"type":"keyDown","value":""},{"type":"pause","duration":10},{"type":"keyUp","value":""}]}]}
COMMAND: GET /session/72d3ab1ba266f930a2b6a477712043f2/screenshot - {}
RESULT: {}
COMMAND: POST /session/72d3ab1ba266f930a2b6a477712043f2/element - {"using":"xpath","value":"//input[@id=\"application-managecontracts-display-component---AddNewContract--site-inner\"]"}
RESULT: {"using":"xpath","value":"//input[@id=\"application-managecontracts-display-component---AddNewContract--site-inner\"]"}
COMMAND: POST /session/72d3ab1ba266f930a2b6a477712043f2/element/f.EBB5C2C2381EC3CAEE229267ABEC6EDB.d.ADE96231D84C99EA95ADD5AA5FCBEB9C.e.5347/clear - {}
RESULT: {}
COMMAND: POST /session/72d3ab1ba266f930a2b6a477712043f2/element/f.EBB5C2C2381EC3CAEE229267ABEC6EDB.d.ADE96231D84C99EA95ADD5AA5FCBEB9C.e.5347/value - {"text":"WebdriverSiten9h5f"}
COMMAND: GET /session/72d3ab1ba266f930a2b6a477712043f2/screenshot - {}
RESULT: {"text":"WebdriverSiten9h5f"}
COMMAND: GET /session/72d3ab1ba266f930a2b6a477712043f2/screenshot - {}
RESULT: {}
RESULT: {}
COMMAND: POST /session/72d3ab1ba266f930a2b6a477712043f2/actions - {"actions":[{"id":"action23","type":"key","parameters":{},"actions":[{"type":"keyDown","value":""},{"type":"pause","duration":10},{"type":"keyUp","value":""}]}]}
RESULT: {"actions":[{"id":"action23","type":"key","parameters":{},"actions":[{"type":"keyDown","value":""},{"type":"pause","duration":10},{"type":"keyUp","value":""}]}]}
COMMAND: POST /session/72d3ab1ba266f930a2b6a477712043f2/element - {"using":"xpath","value":"//button[@data-kt=\"saveButton\"]"}
COMMAND: GET /session/72d3ab1ba266f930a2b6a477712043f2/screenshot - {}
RESULT: {"using":"xpath","value":"//button[@data-kt=\"saveButton\"]"}
COMMAND: POST /session/72d3ab1ba266f930a2b6a477712043f2/element/f.EBB5C2C2381EC3CAEE229267ABEC6EDB.d.ADE96231D84C99EA95ADD5AA5FCBEB9C.e.5364/click - {}
RESULT: {}
RESULT: {}
COMMAND: GET /session/72d3ab1ba266f930a2b6a477712043f2/screenshot - {}
RESULT: {}
COMMAND: POST /session/72d3ab1ba266f930a2b6a477712043f2/execute/async - {"script":"<script> [1562 bytes]","args":[{"selector":{"id":"contractDetailTitleNoExpanded","viewName":"etm.portal.ui.managecontracts.view.Detail"},"wdio_ui5_key":"contractDetailTitleNoExpandedetmportal.ui.managecontracts.view.Detail"}]}
RESULT: {"script":"<script> [1562 bytes]","args":[{"selector":{"id":"contractDetailTitleNoExpanded","viewName":"etm.portal.ui.managecontracts.view.Detail"},"wdio_ui5_key":"contractDetailTitleNoExpandedetmportal.ui.managecontracts.view.Detail"}]}
RESULT: undefined
COMMAND: POST /session/72d3ab1ba266f930a2b6a477712043f2/execute/async - {"script":"<script> [6424 bytes]","args":[{"element-6066-11e4-a52e-4f735466cecf":"f.EBB5C2C2381EC3CAEE229267ABEC6EDB.d.ADE96231D84C99EA95ADD5AA5FCBEB9C.e.5444"},"getText",[]]}
RESULT: {"script":"<script> [6424 bytes]","args":[{"element-6066-11e4-a52e-4f735466cecf":"f.EBB5C2C2381EC3CAEE229267ABEC6EDB.d.ADE96231D84C99EA95ADD5AA5FCBEB9C.e.5444"},"getText",[]]}
]]></system-out>
    </testcase>
    <testcase classname="chrome.135_0_7049_42.windows.Standard_contract_-_add_contract_items_by_Insert_Request_US118222" name="Should create a new request and plan it" time="120.843">
      <system-out><![CDATA[
COMMAND: POST /session/72d3ab1ba266f930a2b6a477712043f2/element - {"using":"css selector","value":"#shell-header-logo"}
RESULT: {"using":"css selector","value":"#shell-header-logo"}
COMMAND: POST /session/72d3ab1ba266f930a2b6a477712043f2/element/f.EBB5C2C2381EC3CAEE229267ABEC6EDB.d.ADE96231D84C99EA95ADD5AA5FCBEB9C.e.5015/click - {}
RESULT: {}
COMMAND: GET /session/72d3ab1ba266f930a2b6a477712043f2/screenshot - {}
RESULT: {}
COMMAND: POST /session/72d3ab1ba266f930a2b6a477712043f2/execute/async - {"script":"<script> [1562 bytes]","args":[{"selector":{"controlType":"sap.m.GenericTile","properties":{"header":"Manage Requests"}},"wdio_ui5_key":"sapm.GenericTile{\"header\":\"Manage Requests\"}"}]}
RESULT: {"script":"<script> [1562 bytes]","args":[{"selector":{"controlType":"sap.m.GenericTile","properties":{"header":"Manage Requests"}},"wdio_ui5_key":"sapm.GenericTile{\"header\":\"Manage Requests\"}"}]}
RESULT: undefined
COMMAND: POST /session/72d3ab1ba266f930a2b6a477712043f2/element - {"using":"xpath","value":"//*[@id=\"__tile47\"]"}
RESULT: {"using":"xpath","value":"//*[@id=\"__tile47\"]"}
COMMAND: POST /session/72d3ab1ba266f930a2b6a477712043f2/element/f.EBB5C2C2381EC3CAEE229267ABEC6EDB.d.ADE96231D84C99EA95ADD5AA5FCBEB9C.e.5447/click - {}
RESULT: {}
COMMAND: GET /session/72d3ab1ba266f930a2b6a477712043f2/screenshot - {}
RESULT: {}
COMMAND: POST /session/72d3ab1ba266f930a2b6a477712043f2/element - {"using":"xpath","value":"//button[contains(@data-kt ,\"btnCreateNewOverflowToolbarButton\")]"}
COMMAND: POST /session/72d3ab1ba266f930a2b6a477712043f2/element - {"using":"xpath","value":"(//span[contains(@class ,\"sapMObjStatusText\")])[1]"}
RESULT: {"using":"xpath","value":"//button[contains(@data-kt ,\"btnCreateNewOverflowToolbarButton\")]"}
COMMAND: POST /session/72d3ab1ba266f930a2b6a477712043f2/element/f.EBB5C2C2381EC3CAEE229267ABEC6EDB.d.ADE96231D84C99EA95ADD5AA5FCBEB9C.e.5519/click - {}
RESULT: {"using":"xpath","value":"(//span[contains(@class ,\"sapMObjStatusText\")])[1]"}
COMMAND: POST /session/72d3ab1ba266f930a2b6a477712043f2/execute/sync - {"script":"<script> [8489 bytes]","args":[{"element-6066-11e4-a52e-4f735466cecf":"f.EBB5C2C2381EC3CAEE229267ABEC6EDB.d.ADE96231D84C99EA95ADD5AA5FCBEB9C.e.5559","ELEMENT":"f.EBB5C2C2381EC3CAEE229267ABEC6EDB.d.ADE96231D84C99EA95ADD5AA5FCBEB9C.e.5559"}]}
RESULT: {}
COMMAND: GET /session/72d3ab1ba266f930a2b6a477712043f2/screenshot - {}
RESULT: {"script":"<script> [8489 bytes]","args":[{"element-6066-11e4-a52e-4f735466cecf":"f.EBB5C2C2381EC3CAEE229267ABEC6EDB.d.ADE96231D84C99EA95ADD5AA5FCBEB9C.e.5559","ELEMENT":"f.EBB5C2C2381EC3CAEE229267ABEC6EDB.d.ADE96231D84C99EA95ADD5AA5FCBEB9C.e.5559"}]}
COMMAND: GET /session/72d3ab1ba266f930a2b6a477712043f2/screenshot - {}
RESULT: {}
RESULT: {}
COMMAND: POST /session/72d3ab1ba266f930a2b6a477712043f2/element - {"using":"xpath","value":"//input[contains(@id ,\"requestContractNo-inner\")]"}
COMMAND: POST /session/72d3ab1ba266f930a2b6a477712043f2/element - {"using":"xpath","value":"//input[contains(@id ,\"yardId-inner\")]"}
RESULT: {"using":"xpath","value":"//input[contains(@id ,\"requestContractNo-inner\")]"}
COMMAND: POST /session/72d3ab1ba266f930a2b6a477712043f2/element/f.EBB5C2C2381EC3CAEE229267ABEC6EDB.d.ADE96231D84C99EA95ADD5AA5FCBEB9C.e.5748/value - {"text":"10463"}
RESULT: {"using":"xpath","value":"//input[contains(@id ,\"yardId-inner\")]"}
COMMAND: GET /session/72d3ab1ba266f930a2b6a477712043f2/element/f.EBB5C2C2381EC3CAEE229267ABEC6EDB.d.ADE96231D84C99EA95ADD5AA5FCBEB9C.e.5753/enabled - {}
RESULT: {"text":"10463"}
COMMAND: GET /session/72d3ab1ba266f930a2b6a477712043f2/screenshot - {}
RESULT: {}
COMMAND: GET /session/72d3ab1ba266f930a2b6a477712043f2/screenshot - {}
RESULT: {}
RESULT: {}
COMMAND: POST /session/72d3ab1ba266f930a2b6a477712043f2/actions - {"actions":[{"id":"action24","type":"key","parameters":{},"actions":[{"type":"keyDown","value":""},{"type":"pause","duration":10},{"type":"keyUp","value":""}]}]}
RESULT: {"actions":[{"id":"action24","type":"key","parameters":{},"actions":[{"type":"keyDown","value":""},{"type":"pause","duration":10},{"type":"keyUp","value":""}]}]}
COMMAND: GET /session/72d3ab1ba266f930a2b6a477712043f2/screenshot - {}
RESULT: {}
COMMAND: POST /session/72d3ab1ba266f930a2b6a477712043f2/execute/async - {"script":"<script> [1562 bytes]","args":[{"selector":{"controlType":"sap.ui.core.Icon","viewName":"etm.portal.ui.managerequests.view.NewRequest","properties":{"src":{"regex":{"source":"add"}}}},"wdio_ui5_key":"etmportal.ui.managerequests.view.NewRequestsap.ui.core.Icon{\"src\":{\"regex\":{\"source\":\"add\"}}}"}]}
RESULT: {"script":"<script> [1562 bytes]","args":[{"selector":{"controlType":"sap.ui.core.Icon","viewName":"etm.portal.ui.managerequests.view.NewRequest","properties":{"src":{"regex":{"source":"add"}}}},"wdio_ui5_key":"etmportal.ui.managerequests.view.NewRequestsap.ui.core.Icon{\"src\":{\"regex\":{\"source\":\"add\"}}}"}]}
RESULT: undefined
COMMAND: POST /session/72d3ab1ba266f930a2b6a477712043f2/element - {"using":"xpath","value":"//*[@id=\"__xmlview61--btnAddTableRow-img\"]"}
RESULT: {"using":"xpath","value":"//*[@id=\"__xmlview61--btnAddTableRow-img\"]"}
COMMAND: POST /session/72d3ab1ba266f930a2b6a477712043f2/element/f.EBB5C2C2381EC3CAEE229267ABEC6EDB.d.ADE96231D84C99EA95ADD5AA5FCBEB9C.e.5727/click - {}
RESULT: {}
COMMAND: GET /session/72d3ab1ba266f930a2b6a477712043f2/screenshot - {}
RESULT: {}
COMMAND: POST /session/72d3ab1ba266f930a2b6a477712043f2/execute/async - {"script":"<script> [1562 bytes]","args":[{"selector":{"controlType":"sap.ui.unified.MenuItem","viewName":"etm.portal.ui.managerequests.view.NewRequest","i18NText":{"propertyName":"text","key":"standardEntry"},"searchOpenDialogs":true,"interaction":{"idSuffix":"txt"}},"wdio_ui5_key":"etmportal.ui.managerequests.view.NewRequestsap.ui.unified.MenuItem{\"propertyName\":\"text\",\"key\":\"standardEntry\"}"}]}
RESULT: {"script":"<script> [1562 bytes]","args":[{"selector":{"controlType":"sap.ui.unified.MenuItem","viewName":"etm.portal.ui.managerequests.view.NewRequest","i18NText":{"propertyName":"text","key":"standardEntry"},"searchOpenDialogs":true,"interaction":{"idSuffix":"txt"}},"wdio_ui5_key":"etmportal.ui.managerequests.view.NewRequestsap.ui.unified.MenuItem{\"propertyName\":\"text\",\"key\":\"standardEntry\"}"}]}
RESULT: undefined
COMMAND: POST /session/72d3ab1ba266f930a2b6a477712043f2/element - {"using":"xpath","value":"//*[@id=\"__item2395\"]"}
RESULT: {"using":"xpath","value":"//*[@id=\"__item2395\"]"}
COMMAND: POST /session/72d3ab1ba266f930a2b6a477712043f2/element/f.EBB5C2C2381EC3CAEE229267ABEC6EDB.d.ADE96231D84C99EA95ADD5AA5FCBEB9C.e.5921/click - {}
RESULT: {}
COMMAND: GET /session/72d3ab1ba266f930a2b6a477712043f2/screenshot - {}
RESULT: {}
RESULT: undefined
COMMAND: POST /session/72d3ab1ba266f930a2b6a477712043f2/element - {"using":"xpath","value":"//*[@id=\"__xmlview61--btnAddTableRow-img\"]"}
RESULT: {"using":"xpath","value":"//*[@id=\"__xmlview61--btnAddTableRow-img\"]"}
COMMAND: POST /session/72d3ab1ba266f930a2b6a477712043f2/element/f.EBB5C2C2381EC3CAEE229267ABEC6EDB.d.ADE96231D84C99EA95ADD5AA5FCBEB9C.e.5727/click - {}
RESULT: {}
COMMAND: GET /session/72d3ab1ba266f930a2b6a477712043f2/screenshot - {}
RESULT: {}
RESULT: undefined
COMMAND: POST /session/72d3ab1ba266f930a2b6a477712043f2/element - {"using":"xpath","value":"//*[@id=\"__item2395\"]"}
RESULT: {"using":"xpath","value":"//*[@id=\"__item2395\"]"}
COMMAND: POST /session/72d3ab1ba266f930a2b6a477712043f2/element/f.EBB5C2C2381EC3CAEE229267ABEC6EDB.d.ADE96231D84C99EA95ADD5AA5FCBEB9C.e.5933/click - {}
RESULT: {}
COMMAND: GET /session/72d3ab1ba266f930a2b6a477712043f2/screenshot - {}
RESULT: {}
COMMAND: POST /session/72d3ab1ba266f930a2b6a477712043f2/element - {"using":"xpath","value":"(//input[contains(@id ,\"requestItemsTable-0-inner\")])[1]"}
RESULT: {"using":"xpath","value":"(//input[contains(@id ,\"requestItemsTable-0-inner\")])[1]"}
COMMAND: POST /session/72d3ab1ba266f930a2b6a477712043f2/element/f.EBB5C2C2381EC3CAEE229267ABEC6EDB.d.ADE96231D84C99EA95ADD5AA5FCBEB9C.e.5923/clear - {}
RESULT: {}
COMMAND: POST /session/72d3ab1ba266f930a2b6a477712043f2/element/f.EBB5C2C2381EC3CAEE229267ABEC6EDB.d.ADE96231D84C99EA95ADD5AA5FCBEB9C.e.5923/value - {"text":"catalogItemx5xa4"}
COMMAND: GET /session/72d3ab1ba266f930a2b6a477712043f2/screenshot - {}
RESULT: {"text":"catalogItemx5xa4"}
COMMAND: GET /session/72d3ab1ba266f930a2b6a477712043f2/screenshot - {}
RESULT: {}
RESULT: {}
COMMAND: POST /session/72d3ab1ba266f930a2b6a477712043f2/actions - {"actions":[{"id":"action25","type":"key","parameters":{},"actions":[{"type":"keyDown","value":""},{"type":"pause","duration":10},{"type":"keyUp","value":""}]}]}
RESULT: {"actions":[{"id":"action25","type":"key","parameters":{},"actions":[{"type":"keyDown","value":""},{"type":"pause","duration":10},{"type":"keyUp","value":""}]}]}
COMMAND: POST /session/72d3ab1ba266f930a2b6a477712043f2/element - {"using":"xpath","value":"(//input[contains(@id ,\"requestItemsTable-1-inner\")])[1]"}
COMMAND: GET /session/72d3ab1ba266f930a2b6a477712043f2/screenshot - {}
RESULT: {"using":"xpath","value":"(//input[contains(@id ,\"requestItemsTable-1-inner\")])[1]"}
COMMAND: POST /session/72d3ab1ba266f930a2b6a477712043f2/element/f.EBB5C2C2381EC3CAEE229267ABEC6EDB.d.ADE96231D84C99EA95ADD5AA5FCBEB9C.e.5935/clear - {}
RESULT: {}
RESULT: {}
COMMAND: POST /session/72d3ab1ba266f930a2b6a477712043f2/element/f.EBB5C2C2381EC3CAEE229267ABEC6EDB.d.ADE96231D84C99EA95ADD5AA5FCBEB9C.e.5935/value - {"text":"catalogItemx5xa4"}
COMMAND: GET /session/72d3ab1ba266f930a2b6a477712043f2/screenshot - {}
RESULT: {"text":"catalogItemx5xa4"}
COMMAND: GET /session/72d3ab1ba266f930a2b6a477712043f2/screenshot - {}
RESULT: {}
RESULT: {}
COMMAND: POST /session/72d3ab1ba266f930a2b6a477712043f2/actions - {"actions":[{"id":"action26","type":"key","parameters":{},"actions":[{"type":"keyDown","value":""},{"type":"pause","duration":10},{"type":"keyUp","value":""}]}]}
RESULT: {"actions":[{"id":"action26","type":"key","parameters":{},"actions":[{"type":"keyDown","value":""},{"type":"pause","duration":10},{"type":"keyUp","value":""}]}]}
COMMAND: GET /session/72d3ab1ba266f930a2b6a477712043f2/screenshot - {}
RESULT: {}
COMMAND: POST /session/72d3ab1ba266f930a2b6a477712043f2/execute/async - {"script":"<script> [1562 bytes]","args":[{"selector":{"controlType":"sap.ui.core.Icon","viewName":"etm.portal.ui.managerequests.view.NewRequest","properties":{"src":{"regex":{"source":"slim\\-arrow\\-down"}}},"ancestor":{"controlType":"sap.m.Button","viewName":"etm.portal.ui.managerequests.view.NewRequest","properties":{"icon":"sap-icon://slim-arrow-down"}}},"wdio_ui5_key":"etmportal.ui.managerequests.view.NewRequestsap.ui.core.Icon{\"src\":{\"regex\":{\"source\":\"slim\\\\-arrow\\\\-down\"}}}{\"controlType\":\"sap.m.Button\",\"viewName\":\"etm.portal.ui.managerequests.view.NewRequest\",\"properties\":{\"icon\":\"sap-icon://slim-arrow-down\"}}"}]}
RESULT: {"script":"<script> [1562 bytes]","args":[{"selector":{"controlType":"sap.ui.core.Icon","viewName":"etm.portal.ui.managerequests.view.NewRequest","properties":{"src":{"regex":{"source":"slim\\-arrow\\-down"}}},"ancestor":{"controlType":"sap.m.Button","viewName":"etm.portal.ui.managerequests.view.NewRequest","properties":{"icon":"sap-icon://slim-arrow-down"}}},"wdio_ui5_key":"etmportal.ui.managerequests.view.NewRequestsap.ui.core.Icon{\"src\":{\"regex\":{\"source\":\"slim\\\\-arrow\\\\-down\"}}}{\"controlType\":\"sap.m.Button\",\"viewName\":\"etm.portal.ui.managerequests.view.NewRequest\",\"properties\":{\"icon\":\"sap-icon://slim-arrow-down\"}}"}]}
RESULT: undefined
COMMAND: POST /session/72d3ab1ba266f930a2b6a477712043f2/element - {"using":"xpath","value":"//*[@id=\"__title48-expandBtn-img\"]"}
RESULT: {"using":"xpath","value":"//*[@id=\"__title48-expandBtn-img\"]"}
COMMAND: POST /session/72d3ab1ba266f930a2b6a477712043f2/element/f.EBB5C2C2381EC3CAEE229267ABEC6EDB.d.ADE96231D84C99EA95ADD5AA5FCBEB9C.e.5955/click - {}
RESULT: {}
COMMAND: POST /session/72d3ab1ba266f930a2b6a477712043f2/element - {"using":"xpath","value":"//div[contains(@data-kt ,\"splitAllocationObjectStatus\")]"}
COMMAND: GET /session/72d3ab1ba266f930a2b6a477712043f2/screenshot - {}
RESULT: {"using":"xpath","value":"//div[contains(@data-kt ,\"splitAllocationObjectStatus\")]"}
COMMAND: POST /session/72d3ab1ba266f930a2b6a477712043f2/elements - {"using":"xpath","value":"//div[contains(@data-kt ,\"splitAllocationObjectStatus\")]"}
RESULT: {}
RESULT: {"using":"xpath","value":"//div[contains(@data-kt ,\"splitAllocationObjectStatus\")]"}
COMMAND: POST /session/72d3ab1ba266f930a2b6a477712043f2/execute/async - {"script":"<script> [1562 bytes]","args":[{"selector":{"controlType":"sap.ui.core.Icon","viewName":"etm.portal.ui.managerequests.view.NewRequest","properties":{"src":{"regex":{"source":"message\\-error"}}},"ancestor":{"controlType":"sap.m.ColumnListItem","viewName":"etm.portal.ui.managerequests.view.NewRequest","bindingPath":{"modelName":"newRequestItems","path":"/RequestItems/0"},"ancestor":{"id":"requestItemsTable","viewName":"etm.portal.ui.managerequests.view.NewRequest"}}},"wdio_ui5_key":"etmportal.ui.managerequests.view.NewRequestsap.ui.core.Icon{\"src\":{\"regex\":{\"source\":\"message\\\\-error\"}}}{\"controlType\":\"sap.m.ColumnListItem\",\"viewName\":\"etm.portal.ui.managerequests.view.NewRequest\",\"bindingPath\":{\"modelName\":\"newRequestItems\",\"path\":\"/RequestItems/0\"},\"ancestor\":{\"id\":\"requestItemsTable\",\"viewName\":\"etm.portal.ui.managerequests.view.NewRequest\"}}"}]}
RESULT: {"script":"<script> [1562 bytes]","args":[{"selector":{"controlType":"sap.ui.core.Icon","viewName":"etm.portal.ui.managerequests.view.NewRequest","properties":{"src":{"regex":{"source":"message\\-error"}}},"ancestor":{"controlType":"sap.m.ColumnListItem","viewName":"etm.portal.ui.managerequests.view.NewRequest","bindingPath":{"modelName":"newRequestItems","path":"/RequestItems/0"},"ancestor":{"id":"requestItemsTable","viewName":"etm.portal.ui.managerequests.view.NewRequest"}}},"wdio_ui5_key":"etmportal.ui.managerequests.view.NewRequestsap.ui.core.Icon{\"src\":{\"regex\":{\"source\":\"message\\\\-error\"}}}{\"controlType\":\"sap.m.ColumnListItem\",\"viewName\":\"etm.portal.ui.managerequests.view.NewRequest\",\"bindingPath\":{\"modelName\":\"newRequestItems\",\"path\":\"/RequestItems/0\"},\"ancestor\":{\"id\":\"requestItemsTable\",\"viewName\":\"etm.portal.ui.managerequests.view.NewRequest\"}}"}]}
RESULT: undefined
COMMAND: POST /session/72d3ab1ba266f930a2b6a477712043f2/element - {"using":"xpath","value":"//*[@id=\"__status15-__xmlview61--requestItemsTable-0-icon\"]"}
RESULT: {"using":"xpath","value":"//*[@id=\"__status15-__xmlview61--requestItemsTable-0-icon\"]"}
COMMAND: POST /session/72d3ab1ba266f930a2b6a477712043f2/element/f.EBB5C2C2381EC3CAEE229267ABEC6EDB.d.ADE96231D84C99EA95ADD5AA5FCBEB9C.e.5960/click - {}
RESULT: {}
COMMAND: GET /session/72d3ab1ba266f930a2b6a477712043f2/screenshot - {}
RESULT: {}
COMMAND: POST /session/72d3ab1ba266f930a2b6a477712043f2/execute/async - {"script":"<script> [1562 bytes]","args":[{"selector":{"id":"costObjectAdminTypeComboBox","viewName":"etm.portal.ui.managerequests.view.NewRequest","searchOpenDialogs":true,"interaction":{"idSuffix":"inner"}},"wdio_ui5_key":"costObjectAdminTypeComboBoxetmportal.ui.managerequests.view.NewRequest"}]}
RESULT: {"script":"<script> [1562 bytes]","args":[{"selector":{"id":"costObjectAdminTypeComboBox","viewName":"etm.portal.ui.managerequests.view.NewRequest","searchOpenDialogs":true,"interaction":{"idSuffix":"inner"}},"wdio_ui5_key":"costObjectAdminTypeComboBoxetmportal.ui.managerequests.view.NewRequest"}]}
RESULT: undefined
COMMAND: POST /session/72d3ab1ba266f930a2b6a477712043f2/execute/async - {"script":"<script> [776 bytes]","args":[{"enterText":"Cost Center","selector":{"id":"costObjectAdminTypeComboBox","viewName":"etm.portal.ui.managerequests.view.NewRequest","searchOpenDialogs":true,"interaction":{"idSuffix":"inner"}},"clearTextFirst":true,"interactionType":"ENTER_TEXT"}]}
RESULT: {"script":"<script> [776 bytes]","args":[{"enterText":"Cost Center","selector":{"id":"costObjectAdminTypeComboBox","viewName":"etm.portal.ui.managerequests.view.NewRequest","searchOpenDialogs":true,"interaction":{"idSuffix":"inner"}},"clearTextFirst":true,"interactionType":"ENTER_TEXT"}]}
COMMAND: POST /session/72d3ab1ba266f930a2b6a477712043f2/actions - {"actions":[{"id":"action27","type":"key","parameters":{},"actions":[{"type":"keyDown","value":""},{"type":"pause","duration":10},{"type":"keyUp","value":""}]}]}
RESULT: {"actions":[{"id":"action27","type":"key","parameters":{},"actions":[{"type":"keyDown","value":""},{"type":"pause","duration":10},{"type":"keyUp","value":""}]}]}
COMMAND: GET /session/72d3ab1ba266f930a2b6a477712043f2/screenshot - {}
RESULT: {}
COMMAND: POST /session/72d3ab1ba266f930a2b6a477712043f2/execute/async - {"script":"<script> [1562 bytes]","args":[{"selector":{"controlType":"sap.ui.core.Icon","viewName":"etm.portal.ui.managerequests.view.NewRequest","properties":{"src":{"regex":{"source":"value\\-help"}}},"searchOpenDialogs":true},"wdio_ui5_key":"etmportal.ui.managerequests.view.NewRequestsap.ui.core.Icon{\"src\":{\"regex\":{\"source\":\"value\\\\-help\"}}}"}]}
RESULT: {"script":"<script> [1562 bytes]","args":[{"selector":{"controlType":"sap.ui.core.Icon","viewName":"etm.portal.ui.managerequests.view.NewRequest","properties":{"src":{"regex":{"source":"value\\-help"}}},"searchOpenDialogs":true},"wdio_ui5_key":"etmportal.ui.managerequests.view.NewRequestsap.ui.core.Icon{\"src\":{\"regex\":{\"source\":\"value\\\\-help\"}}}"}]}
RESULT: undefined
COMMAND: POST /session/72d3ab1ba266f930a2b6a477712043f2/element - {"using":"xpath","value":"//*[@id=\"__xmlview61--costObjectIdComboBox-vhi\"]"}
RESULT: {"using":"xpath","value":"//*[@id=\"__xmlview61--costObjectIdComboBox-vhi\"]"}
COMMAND: POST /session/72d3ab1ba266f930a2b6a477712043f2/element/f.EBB5C2C2381EC3CAEE229267ABEC6EDB.d.ADE96231D84C99EA95ADD5AA5FCBEB9C.e.5973/click - {}
RESULT: {}
COMMAND: POST /session/72d3ab1ba266f930a2b6a477712043f2/execute/async - {"script":"<script> [1562 bytes]","args":[{"selector":{"controlType":"sap.m.SearchField","properties":{"placeholder":"Search"},"searchOpenDialogs":true,"interaction":{"idSuffix":"I"}},"wdio_ui5_key":"sapm.SearchField{\"placeholder\":\"Search\"}"}]}
COMMAND: GET /session/72d3ab1ba266f930a2b6a477712043f2/screenshot - {}
RESULT: {"script":"<script> [1562 bytes]","args":[{"selector":{"controlType":"sap.m.SearchField","properties":{"placeholder":"Search"},"searchOpenDialogs":true,"interaction":{"idSuffix":"I"}},"wdio_ui5_key":"sapm.SearchField{\"placeholder\":\"Search\"}"}]}
RESULT: undefined
COMMAND: POST /session/72d3ab1ba266f930a2b6a477712043f2/execute/async - {"script":"<script> [776 bytes]","args":[{"enterText":"10001013","selector":{"controlType":"sap.m.SearchField","properties":{"placeholder":"Search"},"searchOpenDialogs":true,"interaction":{"idSuffix":"I"}},"clearTextFirst":true,"interactionType":"ENTER_TEXT"}]}
RESULT: {}
RESULT: {"script":"<script> [776 bytes]","args":[{"enterText":"10001013","selector":{"controlType":"sap.m.SearchField","properties":{"placeholder":"Search"},"searchOpenDialogs":true,"interaction":{"idSuffix":"I"}},"clearTextFirst":true,"interactionType":"ENTER_TEXT"}]}
COMMAND: POST /session/72d3ab1ba266f930a2b6a477712043f2/actions - {"actions":[{"id":"action28","type":"key","parameters":{},"actions":[{"type":"keyDown","value":""},{"type":"pause","duration":10},{"type":"keyUp","value":""}]}]}
RESULT: {"actions":[{"id":"action28","type":"key","parameters":{},"actions":[{"type":"keyDown","value":""},{"type":"pause","duration":10},{"type":"keyUp","value":""}]}]}
COMMAND: GET /session/72d3ab1ba266f930a2b6a477712043f2/screenshot - {}
RESULT: {}
COMMAND: POST /session/72d3ab1ba266f930a2b6a477712043f2/element - {"using":"xpath","value":"//span[contains(text(), \"General Management\")]"}
RESULT: {"using":"xpath","value":"//span[contains(text(), \"General Management\")]"}
COMMAND: POST /session/72d3ab1ba266f930a2b6a477712043f2/element/f.EBB5C2C2381EC3CAEE229267ABEC6EDB.d.ADE96231D84C99EA95ADD5AA5FCBEB9C.e.6013/click - {}
RESULT: {}
COMMAND: GET /session/72d3ab1ba266f930a2b6a477712043f2/screenshot - {}
RESULT: {}
COMMAND: POST /session/72d3ab1ba266f930a2b6a477712043f2/element - {"using":"xpath","value":"//bdi[contains(text(), \"OK\")]"}
RESULT: {"using":"xpath","value":"//bdi[contains(text(), \"OK\")]"}
COMMAND: POST /session/72d3ab1ba266f930a2b6a477712043f2/element/f.EBB5C2C2381EC3CAEE229267ABEC6EDB.d.ADE96231D84C99EA95ADD5AA5FCBEB9C.e.6014/click - {}
RESULT: {}
COMMAND: GET /session/72d3ab1ba266f930a2b6a477712043f2/screenshot - {}
RESULT: {}
COMMAND: POST /session/72d3ab1ba266f930a2b6a477712043f2/element - {"using":"xpath","value":"(//bdi[contains(@id ,\"BDI-content\")][contains(text(), \"Save\")])[1]"}
RESULT: {"using":"xpath","value":"(//bdi[contains(@id ,\"BDI-content\")][contains(text(), \"Save\")])[1]"}
COMMAND: POST /session/72d3ab1ba266f930a2b6a477712043f2/element/f.EBB5C2C2381EC3CAEE229267ABEC6EDB.d.ADE96231D84C99EA95ADD5AA5FCBEB9C.e.6018/click - {}
RESULT: {}
COMMAND: GET /session/72d3ab1ba266f930a2b6a477712043f2/screenshot - {}
RESULT: {}
COMMAND: POST /session/72d3ab1ba266f930a2b6a477712043f2/execute/async - {"script":"<script> [1562 bytes]","args":[{"selector":{"controlType":"sap.ui.core.Icon","viewName":"etm.portal.ui.managerequests.view.NewRequest","properties":{"src":{"regex":{"source":"message\\-error"}}},"ancestor":{"controlType":"sap.m.ColumnListItem","viewName":"etm.portal.ui.managerequests.view.NewRequest","bindingPath":{"modelName":"newRequestItems","path":"/RequestItems/1"},"ancestor":{"id":"requestItemsTable","viewName":"etm.portal.ui.managerequests.view.NewRequest"}}},"wdio_ui5_key":"etmportal.ui.managerequests.view.NewRequestsap.ui.core.Icon{\"src\":{\"regex\":{\"source\":\"message\\\\-error\"}}}{\"controlType\":\"sap.m.ColumnListItem\",\"viewName\":\"etm.portal.ui.managerequests.view.NewRequest\",\"bindingPath\":{\"modelName\":\"newRequestItems\",\"path\":\"/RequestItems/1\"},\"ancestor\":{\"id\":\"requestItemsTable\",\"viewName\":\"etm.portal.ui.managerequests.view.NewRequest\"}}"}]}
RESULT: {"script":"<script> [1562 bytes]","args":[{"selector":{"controlType":"sap.ui.core.Icon","viewName":"etm.portal.ui.managerequests.view.NewRequest","properties":{"src":{"regex":{"source":"message\\-error"}}},"ancestor":{"controlType":"sap.m.ColumnListItem","viewName":"etm.portal.ui.managerequests.view.NewRequest","bindingPath":{"modelName":"newRequestItems","path":"/RequestItems/1"},"ancestor":{"id":"requestItemsTable","viewName":"etm.portal.ui.managerequests.view.NewRequest"}}},"wdio_ui5_key":"etmportal.ui.managerequests.view.NewRequestsap.ui.core.Icon{\"src\":{\"regex\":{\"source\":\"message\\\\-error\"}}}{\"controlType\":\"sap.m.ColumnListItem\",\"viewName\":\"etm.portal.ui.managerequests.view.NewRequest\",\"bindingPath\":{\"modelName\":\"newRequestItems\",\"path\":\"/RequestItems/1\"},\"ancestor\":{\"id\":\"requestItemsTable\",\"viewName\":\"etm.portal.ui.managerequests.view.NewRequest\"}}"}]}
RESULT: undefined
COMMAND: POST /session/72d3ab1ba266f930a2b6a477712043f2/element - {"using":"xpath","value":"//*[@id=\"__status15-__xmlview61--requestItemsTable-1-icon\"]"}
RESULT: {"using":"xpath","value":"//*[@id=\"__status15-__xmlview61--requestItemsTable-1-icon\"]"}
COMMAND: POST /session/72d3ab1ba266f930a2b6a477712043f2/element/f.EBB5C2C2381EC3CAEE229267ABEC6EDB.d.ADE96231D84C99EA95ADD5AA5FCBEB9C.e.6021/click - {}
RESULT: {}
COMMAND: GET /session/72d3ab1ba266f930a2b6a477712043f2/screenshot - {}
RESULT: {}
RESULT: undefined
COMMAND: POST /session/72d3ab1ba266f930a2b6a477712043f2/execute/async - {"script":"<script> [776 bytes]","args":[{"enterText":"Cost Center","selector":{"id":"costObjectAdminTypeComboBox","viewName":"etm.portal.ui.managerequests.view.NewRequest","searchOpenDialogs":true,"interaction":{"idSuffix":"inner"}},"clearTextFirst":true,"interactionType":"ENTER_TEXT"}]}
RESULT: {"script":"<script> [776 bytes]","args":[{"enterText":"Cost Center","selector":{"id":"costObjectAdminTypeComboBox","viewName":"etm.portal.ui.managerequests.view.NewRequest","searchOpenDialogs":true,"interaction":{"idSuffix":"inner"}},"clearTextFirst":true,"interactionType":"ENTER_TEXT"}]}
COMMAND: POST /session/72d3ab1ba266f930a2b6a477712043f2/actions - {"actions":[{"id":"action29","type":"key","parameters":{},"actions":[{"type":"keyDown","value":""},{"type":"pause","duration":10},{"type":"keyUp","value":""}]}]}
RESULT: {"actions":[{"id":"action29","type":"key","parameters":{},"actions":[{"type":"keyDown","value":""},{"type":"pause","duration":10},{"type":"keyUp","value":""}]}]}
COMMAND: GET /session/72d3ab1ba266f930a2b6a477712043f2/screenshot - {}
RESULT: {}
RESULT: undefined
COMMAND: POST /session/72d3ab1ba266f930a2b6a477712043f2/element - {"using":"xpath","value":"//*[@id=\"__xmlview61--costObjectIdComboBox-vhi\"]"}
RESULT: {"using":"xpath","value":"//*[@id=\"__xmlview61--costObjectIdComboBox-vhi\"]"}
COMMAND: POST /session/72d3ab1ba266f930a2b6a477712043f2/element/f.EBB5C2C2381EC3CAEE229267ABEC6EDB.d.ADE96231D84C99EA95ADD5AA5FCBEB9C.e.6030/click - {}
RESULT: {}
RESULT: undefined
COMMAND: POST /session/72d3ab1ba266f930a2b6a477712043f2/execute/async - {"script":"<script> [776 bytes]","args":[{"enterText":"10001013","selector":{"controlType":"sap.m.SearchField","properties":{"placeholder":"Search"},"searchOpenDialogs":true,"interaction":{"idSuffix":"I"}},"clearTextFirst":true,"interactionType":"ENTER_TEXT"}]}
COMMAND: GET /session/72d3ab1ba266f930a2b6a477712043f2/screenshot - {}
RESULT: {"script":"<script> [776 bytes]","args":[{"enterText":"10001013","selector":{"controlType":"sap.m.SearchField","properties":{"placeholder":"Search"},"searchOpenDialogs":true,"interaction":{"idSuffix":"I"}},"clearTextFirst":true,"interactionType":"ENTER_TEXT"}]}
COMMAND: POST /session/72d3ab1ba266f930a2b6a477712043f2/actions - {"actions":[{"id":"action30","type":"key","parameters":{},"actions":[{"type":"keyDown","value":""},{"type":"pause","duration":10},{"type":"keyUp","value":""}]}]}
RESULT: {}
RESULT: {"actions":[{"id":"action30","type":"key","parameters":{},"actions":[{"type":"keyDown","value":""},{"type":"pause","duration":10},{"type":"keyUp","value":""}]}]}
COMMAND: GET /session/72d3ab1ba266f930a2b6a477712043f2/screenshot - {}
RESULT: {}
COMMAND: POST /session/72d3ab1ba266f930a2b6a477712043f2/element - {"using":"xpath","value":"//span[contains(text(), \"General Management\")]"}
RESULT: {"using":"xpath","value":"//span[contains(text(), \"General Management\")]"}
COMMAND: POST /session/72d3ab1ba266f930a2b6a477712043f2/element/f.EBB5C2C2381EC3CAEE229267ABEC6EDB.d.ADE96231D84C99EA95ADD5AA5FCBEB9C.e.6068/click - {}
RESULT: {}
COMMAND: GET /session/72d3ab1ba266f930a2b6a477712043f2/screenshot - {}
RESULT: {}
COMMAND: POST /session/72d3ab1ba266f930a2b6a477712043f2/element - {"using":"xpath","value":"//bdi[contains(text(), \"OK\")]"}
RESULT: {"using":"xpath","value":"//bdi[contains(text(), \"OK\")]"}
COMMAND: POST /session/72d3ab1ba266f930a2b6a477712043f2/element/f.EBB5C2C2381EC3CAEE229267ABEC6EDB.d.ADE96231D84C99EA95ADD5AA5FCBEB9C.e.6069/click - {}
RESULT: {}
COMMAND: GET /session/72d3ab1ba266f930a2b6a477712043f2/screenshot - {}
RESULT: {}
COMMAND: POST /session/72d3ab1ba266f930a2b6a477712043f2/element - {"using":"xpath","value":"(//bdi[contains(@id ,\"BDI-content\")][contains(text(), \"Save\")])[1]"}
RESULT: {"using":"xpath","value":"(//bdi[contains(@id ,\"BDI-content\")][contains(text(), \"Save\")])[1]"}
COMMAND: POST /session/72d3ab1ba266f930a2b6a477712043f2/element/f.EBB5C2C2381EC3CAEE229267ABEC6EDB.d.ADE96231D84C99EA95ADD5AA5FCBEB9C.e.6073/click - {}
RESULT: {}
COMMAND: GET /session/72d3ab1ba266f930a2b6a477712043f2/screenshot - {}
RESULT: {}
COMMAND: POST /session/72d3ab1ba266f930a2b6a477712043f2/execute/async - {"script":"<script> [1562 bytes]","args":[{"selector":{"controlType":"sap.m.Button","viewName":"etm.portal.ui.managerequests.view.NewRequest","i18NText":{"propertyName":"tooltip","key":"save"},"interaction":{"idSuffix":"content"}},"wdio_ui5_key":"etmportal.ui.managerequests.view.NewRequestsap.m.Button{\"propertyName\":\"tooltip\",\"key\":\"save\"}"}]}
RESULT: {"script":"<script> [1562 bytes]","args":[{"selector":{"controlType":"sap.m.Button","viewName":"etm.portal.ui.managerequests.view.NewRequest","i18NText":{"propertyName":"tooltip","key":"save"},"interaction":{"idSuffix":"content"}},"wdio_ui5_key":"etmportal.ui.managerequests.view.NewRequestsap.m.Button{\"propertyName\":\"tooltip\",\"key\":\"save\"}"}]}
RESULT: undefined
COMMAND: POST /session/72d3ab1ba266f930a2b6a477712043f2/element - {"using":"xpath","value":"//*[@id=\"__button105\"]"}
RESULT: {"using":"xpath","value":"//*[@id=\"__button105\"]"}
COMMAND: POST /session/72d3ab1ba266f930a2b6a477712043f2/element/f.EBB5C2C2381EC3CAEE229267ABEC6EDB.d.ADE96231D84C99EA95ADD5AA5FCBEB9C.e.5861/click - {}
RESULT: {}
COMMAND: GET /session/72d3ab1ba266f930a2b6a477712043f2/screenshot - {}
RESULT: {}
COMMAND: POST /session/72d3ab1ba266f930a2b6a477712043f2/execute/async - {"script":"<script> [1562 bytes]","args":[{"selector":{"controlType":"sap.m.Title","properties":{"text":"Success"},"searchOpenDialogs":true},"wdio_ui5_key":"sapm.Title{\"text\":\"Success\"}"}]}
RESULT: {"script":"<script> [1562 bytes]","args":[{"selector":{"controlType":"sap.m.Title","properties":{"text":"Success"},"searchOpenDialogs":true},"wdio_ui5_key":"sapm.Title{\"text\":\"Success\"}"}]}
RESULT: undefined
COMMAND: POST /session/72d3ab1ba266f930a2b6a477712043f2/execute/async - {"script":"<script> [6424 bytes]","args":[{"element-6066-11e4-a52e-4f735466cecf":"f.EBB5C2C2381EC3CAEE229267ABEC6EDB.d.ADE96231D84C99EA95ADD5AA5FCBEB9C.e.6079"},"getText",[]]}
RESULT: {"script":"<script> [6424 bytes]","args":[{"element-6066-11e4-a52e-4f735466cecf":"f.EBB5C2C2381EC3CAEE229267ABEC6EDB.d.ADE96231D84C99EA95ADD5AA5FCBEB9C.e.6079"},"getText",[]]}
COMMAND: POST /session/72d3ab1ba266f930a2b6a477712043f2/execute/async - {"script":"<script> [1562 bytes]","args":[{"selector":{"controlType":"sap.m.Button","properties":{"text":"Close"},"searchOpenDialogs":true,"interaction":{"idSuffix":"BDI-content"}},"wdio_ui5_key":"sapm.Button{\"text\":\"Close\"}"}]}
RESULT: {"script":"<script> [1562 bytes]","args":[{"selector":{"controlType":"sap.m.Button","properties":{"text":"Close"},"searchOpenDialogs":true,"interaction":{"idSuffix":"BDI-content"}},"wdio_ui5_key":"sapm.Button{\"text\":\"Close\"}"}]}
RESULT: undefined
COMMAND: POST /session/72d3ab1ba266f930a2b6a477712043f2/element - {"using":"xpath","value":"//*[@id=\"__mbox-btn-4\"]"}
RESULT: {"using":"xpath","value":"//*[@id=\"__mbox-btn-4\"]"}
COMMAND: POST /session/72d3ab1ba266f930a2b6a477712043f2/element/f.EBB5C2C2381EC3CAEE229267ABEC6EDB.d.ADE96231D84C99EA95ADD5AA5FCBEB9C.e.6078/click - {}
RESULT: {}
COMMAND: GET /session/72d3ab1ba266f930a2b6a477712043f2/screenshot - {}
RESULT: {}
COMMAND: POST /session/72d3ab1ba266f930a2b6a477712043f2/execute/async - {"script":"<script> [1562 bytes]","args":[{"selector":{"controlType":"sap.m.Text","viewName":"etm.portal.ui.managerequests.view.Detail","bindingPath":{"propertyPath":"NO","modelName":"catalogModel"}},"wdio_ui5_key":"etmportal.ui.managerequests.view.Detailsap.m.Text{\"propertyPath\":\"NO\",\"modelName\":\"catalogModel\"}"}]}
RESULT: {"script":"<script> [1562 bytes]","args":[{"selector":{"controlType":"sap.m.Text","viewName":"etm.portal.ui.managerequests.view.Detail","bindingPath":{"propertyPath":"NO","modelName":"catalogModel"}},"wdio_ui5_key":"etmportal.ui.managerequests.view.Detailsap.m.Text{\"propertyPath\":\"NO\",\"modelName\":\"catalogModel\"}"}]}
RESULT: undefined
COMMAND: POST /session/72d3ab1ba266f930a2b6a477712043f2/execute/async - {"script":"<script> [6424 bytes]","args":[{"element-6066-11e4-a52e-4f735466cecf":"f.EBB5C2C2381EC3CAEE229267ABEC6EDB.d.ADE96231D84C99EA95ADD5AA5FCBEB9C.e.6210"},"getText",[]]}
RESULT: {"script":"<script> [6424 bytes]","args":[{"element-6066-11e4-a52e-4f735466cecf":"f.EBB5C2C2381EC3CAEE229267ABEC6EDB.d.ADE96231D84C99EA95ADD5AA5FCBEB9C.e.6210"},"getText",[]]}
COMMAND: POST /session/72d3ab1ba266f930a2b6a477712043f2/execute/async - {"script":"<script> [1562 bytes]","args":[{"selector":{"controlType":"sap.ui.core.Icon","viewName":"etm.portal.ui.managerequests.view.Detail","properties":{"src":{"regex":{"source":"date\\-time"}}},"ancestor":{"controlType":"sap.m.ColumnListItem","viewName":"etm.portal.ui.managerequests.view.Detail","bindingPath":{"path":"/SmartRequestItemsPlanningBoard(ITEM=10m,REQUEST='20251')"},"ancestor":{"id":"requestItemsTable","viewName":"etm.portal.ui.managerequests.view.Detail"}}},"wdio_ui5_key":"etmportal.ui.managerequests.view.Detailsap.ui.core.Icon{\"src\":{\"regex\":{\"source\":\"date\\\\-time\"}}}{\"controlType\":\"sap.m.ColumnListItem\",\"viewName\":\"etm.portal.ui.managerequests.view.Detail\",\"bindingPath\":{\"path\":\"/SmartRequestItemsPlanningBoard(ITEM=10m,REQUEST='20251')\"},\"ancestor\":{\"id\":\"requestItemsTable\",\"viewName\":\"etm.portal.ui.managerequests.view.Detail\"}}"}]}
RESULT: {"script":"<script> [1562 bytes]","args":[{"selector":{"controlType":"sap.ui.core.Icon","viewName":"etm.portal.ui.managerequests.view.Detail","properties":{"src":{"regex":{"source":"date\\-time"}}},"ancestor":{"controlType":"sap.m.ColumnListItem","viewName":"etm.portal.ui.managerequests.view.Detail","bindingPath":{"path":"/SmartRequestItemsPlanningBoard(ITEM=10m,REQUEST='20251')"},"ancestor":{"id":"requestItemsTable","viewName":"etm.portal.ui.managerequests.view.Detail"}}},"wdio_ui5_key":"etmportal.ui.managerequests.view.Detailsap.ui.core.Icon{\"src\":{\"regex\":{\"source\":\"date\\\\-time\"}}}{\"controlType\":\"sap.m.ColumnListItem\",\"viewName\":\"etm.portal.ui.managerequests.view.Detail\",\"bindingPath\":{\"path\":\"/SmartRequestItemsPlanningBoard(ITEM=10m,REQUEST='20251')\"},\"ancestor\":{\"id\":\"requestItemsTable\",\"viewName\":\"etm.portal.ui.managerequests.view.Detail\"}}"}]}
RESULT: undefined
COMMAND: POST /session/72d3ab1ba266f930a2b6a477712043f2/element - {"using":"xpath","value":"//*[@id=\"__button135-__clone8283-img\"]"}
RESULT: {"using":"xpath","value":"//*[@id=\"__button135-__clone8283-img\"]"}
COMMAND: POST /session/72d3ab1ba266f930a2b6a477712043f2/element/f.EBB5C2C2381EC3CAEE229267ABEC6EDB.d.ADE96231D84C99EA95ADD5AA5FCBEB9C.e.6211/click - {}
RESULT: {}
COMMAND: POST /session/72d3ab1ba266f930a2b6a477712043f2/execute/async - {"script":"<script> [1562 bytes]","args":[{"selector":{"controlType":"sap.m.Button","viewName":"etm.portal.ui.managerequests.view.Detail","properties":{"text":"Close"},"searchOpenDialogs":true,"interaction":{"idSuffix":"BDI-content"}},"wdio_ui5_key":"etmportal.ui.managerequests.view.Detailsap.m.Button{\"text\":\"Close\"}"}]}
COMMAND: GET /session/72d3ab1ba266f930a2b6a477712043f2/screenshot - {}
RESULT: {"script":"<script> [1562 bytes]","args":[{"selector":{"controlType":"sap.m.Button","viewName":"etm.portal.ui.managerequests.view.Detail","properties":{"text":"Close"},"searchOpenDialogs":true,"interaction":{"idSuffix":"BDI-content"}},"wdio_ui5_key":"etmportal.ui.managerequests.view.Detailsap.m.Button{\"text\":\"Close\"}"}]}
RESULT: undefined
COMMAND: POST /session/72d3ab1ba266f930a2b6a477712043f2/element - {"using":"xpath","value":"//*[@id=\"__button145\"]"}
RESULT: {}
RESULT: {"using":"xpath","value":"//*[@id=\"__button145\"]"}
COMMAND: POST /session/72d3ab1ba266f930a2b6a477712043f2/element/f.EBB5C2C2381EC3CAEE229267ABEC6EDB.d.ADE96231D84C99EA95ADD5AA5FCBEB9C.e.6214/click - {}
RESULT: {}
COMMAND: POST /session/72d3ab1ba266f930a2b6a477712043f2/execute/async - {"script":"<script> [1562 bytes]","args":[{"selector":{"controlType":"sap.ui.core.Icon","viewName":"etm.portal.ui.managerequests.view.Detail","properties":{"src":{"regex":{"source":"date\\-time"}}},"ancestor":{"controlType":"sap.m.ColumnListItem","viewName":"etm.portal.ui.managerequests.view.Detail","bindingPath":{"path":"/SmartRequestItemsPlanningBoard(ITEM=20m,REQUEST='20251')"},"ancestor":{"id":"requestItemsTable","viewName":"etm.portal.ui.managerequests.view.Detail"}}},"wdio_ui5_key":"etmportal.ui.managerequests.view.Detailsap.ui.core.Icon{\"src\":{\"regex\":{\"source\":\"date\\\\-time\"}}}{\"controlType\":\"sap.m.ColumnListItem\",\"viewName\":\"etm.portal.ui.managerequests.view.Detail\",\"bindingPath\":{\"path\":\"/SmartRequestItemsPlanningBoard(ITEM=20m,REQUEST='20251')\"},\"ancestor\":{\"id\":\"requestItemsTable\",\"viewName\":\"etm.portal.ui.managerequests.view.Detail\"}}"}]}
COMMAND: GET /session/72d3ab1ba266f930a2b6a477712043f2/screenshot - {}
RESULT: {"script":"<script> [1562 bytes]","args":[{"selector":{"controlType":"sap.ui.core.Icon","viewName":"etm.portal.ui.managerequests.view.Detail","properties":{"src":{"regex":{"source":"date\\-time"}}},"ancestor":{"controlType":"sap.m.ColumnListItem","viewName":"etm.portal.ui.managerequests.view.Detail","bindingPath":{"path":"/SmartRequestItemsPlanningBoard(ITEM=20m,REQUEST='20251')"},"ancestor":{"id":"requestItemsTable","viewName":"etm.portal.ui.managerequests.view.Detail"}}},"wdio_ui5_key":"etmportal.ui.managerequests.view.Detailsap.ui.core.Icon{\"src\":{\"regex\":{\"source\":\"date\\\\-time\"}}}{\"controlType\":\"sap.m.ColumnListItem\",\"viewName\":\"etm.portal.ui.managerequests.view.Detail\",\"bindingPath\":{\"path\":\"/SmartRequestItemsPlanningBoard(ITEM=20m,REQUEST='20251')\"},\"ancestor\":{\"id\":\"requestItemsTable\",\"viewName\":\"etm.portal.ui.managerequests.view.Detail\"}}"}]}
RESULT: undefined
COMMAND: POST /session/72d3ab1ba266f930a2b6a477712043f2/element - {"using":"xpath","value":"//*[@id=\"__button135-__clone8284-img\"]"}
RESULT: {}
RESULT: {"using":"xpath","value":"//*[@id=\"__button135-__clone8284-img\"]"}
COMMAND: POST /session/72d3ab1ba266f930a2b6a477712043f2/element/f.EBB5C2C2381EC3CAEE229267ABEC6EDB.d.ADE96231D84C99EA95ADD5AA5FCBEB9C.e.6221/click - {}
RESULT: {}
RESULT: undefined
COMMAND: POST /session/72d3ab1ba266f930a2b6a477712043f2/element - {"using":"xpath","value":"//*[@id=\"__button145\"]"}
COMMAND: GET /session/72d3ab1ba266f930a2b6a477712043f2/screenshot - {}
RESULT: {"using":"xpath","value":"//*[@id=\"__button145\"]"}
COMMAND: POST /session/72d3ab1ba266f930a2b6a477712043f2/elements - {"using":"xpath","value":"//*[@id=\"__button145\"]"}
RESULT: {}
RESULT: {"using":"xpath","value":"//*[@id=\"__button145\"]"}
COMMAND: POST /session/72d3ab1ba266f930a2b6a477712043f2/element - {"using":"xpath","value":"//*[@id=\"__button145\"]"}
RESULT: {"using":"xpath","value":"//*[@id=\"__button145\"]"}
COMMAND: POST /session/72d3ab1ba266f930a2b6a477712043f2/element/f.EBB5C2C2381EC3CAEE229267ABEC6EDB.d.ADE96231D84C99EA95ADD5AA5FCBEB9C.e.6226/click - {}
RESULT: {}
COMMAND: POST /session/72d3ab1ba266f930a2b6a477712043f2/element - {"using":"css selector","value":"#shell-header-logo"}
COMMAND: GET /session/72d3ab1ba266f930a2b6a477712043f2/screenshot - {}
RESULT: {"using":"css selector","value":"#shell-header-logo"}
COMMAND: POST /session/72d3ab1ba266f930a2b6a477712043f2/element/f.EBB5C2C2381EC3CAEE229267ABEC6EDB.d.ADE96231D84C99EA95ADD5AA5FCBEB9C.e.5452/click - {}
RESULT: {}
RESULT: {}
COMMAND: GET /session/72d3ab1ba266f930a2b6a477712043f2/screenshot - {}
RESULT: {}
]]></system-out>
    </testcase>
    <testcase classname="chrome.135_0_7049_42.windows.Standard_contract_-_add_contract_items_by_Insert_Request_US118222" name="Should insert the request into the contract" time="51.426">
      <system-out><![CDATA[
COMMAND: POST /session/72d3ab1ba266f930a2b6a477712043f2/execute/async - {"script":"<script> [1562 bytes]","args":[{"selector":{"controlType":"sap.m.GenericTile","properties":{"header":"Manage Contracts"}},"wdio_ui5_key":"sapm.GenericTile{\"header\":\"Manage Contracts\"}"}]}
RESULT: {"script":"<script> [1562 bytes]","args":[{"selector":{"controlType":"sap.m.GenericTile","properties":{"header":"Manage Contracts"}},"wdio_ui5_key":"sapm.GenericTile{\"header\":\"Manage Contracts\"}"}]}
RESULT: undefined
COMMAND: POST /session/72d3ab1ba266f930a2b6a477712043f2/element - {"using":"xpath","value":"//*[@id=\"__tile130\"]"}
RESULT: {"using":"xpath","value":"//*[@id=\"__tile130\"]"}
COMMAND: POST /session/72d3ab1ba266f930a2b6a477712043f2/element/f.EBB5C2C2381EC3CAEE229267ABEC6EDB.d.ADE96231D84C99EA95ADD5AA5FCBEB9C.e.6239/click - {}
RESULT: {}
COMMAND: GET /session/72d3ab1ba266f930a2b6a477712043f2/screenshot - {}
RESULT: undefined
RESULT: {}
COMMAND: POST /session/72d3ab1ba266f930a2b6a477712043f2/execute/async - {"script":"<script> [1562 bytes]","args":[{"selector":{"controlType":"sap.m.SearchField","viewName":"etm.portal.ui.managecontracts.view.Master","bindingPath":{"path":"","propertyPath":"/_BASIC_SEARCH_FIELD","modelName":"fi1t3rM0d31"},"interaction":{"idSuffix":"I"}},"wdio_ui5_key":"etmportal.ui.managecontracts.view.Mastersap.m.SearchField{\"path\":\"\",\"propertyPath\":\"/_BASIC_SEARCH_FIELD\",\"modelName\":\"fi1t3rM0d31\"}"}]}
RESULT: {"script":"<script> [1562 bytes]","args":[{"selector":{"controlType":"sap.m.SearchField","viewName":"etm.portal.ui.managecontracts.view.Master","bindingPath":{"path":"","propertyPath":"/_BASIC_SEARCH_FIELD","modelName":"fi1t3rM0d31"},"interaction":{"idSuffix":"I"}},"wdio_ui5_key":"etmportal.ui.managecontracts.view.Mastersap.m.SearchField{\"path\":\"\",\"propertyPath\":\"/_BASIC_SEARCH_FIELD\",\"modelName\":\"fi1t3rM0d31\"}"}]}
RESULT: undefined
COMMAND: POST /session/72d3ab1ba266f930a2b6a477712043f2/execute/async - {"script":"<script> [776 bytes]","args":[{"enterText":"10463","selector":{"controlType":"sap.m.SearchField","viewName":"etm.portal.ui.managecontracts.view.Master","bindingPath":{"path":"","propertyPath":"/_BASIC_SEARCH_FIELD","modelName":"fi1t3rM0d31"},"interaction":{"idSuffix":"I"}},"clearTextFirst":true,"interactionType":"ENTER_TEXT"}]}
RESULT: {"script":"<script> [776 bytes]","args":[{"enterText":"10463","selector":{"controlType":"sap.m.SearchField","viewName":"etm.portal.ui.managecontracts.view.Master","bindingPath":{"path":"","propertyPath":"/_BASIC_SEARCH_FIELD","modelName":"fi1t3rM0d31"},"interaction":{"idSuffix":"I"}},"clearTextFirst":true,"interactionType":"ENTER_TEXT"}]}
COMMAND: POST /session/72d3ab1ba266f930a2b6a477712043f2/actions - {"actions":[{"id":"action31","type":"key","parameters":{},"actions":[{"type":"keyDown","value":""},{"type":"pause","duration":10},{"type":"keyUp","value":""}]}]}
RESULT: {"actions":[{"id":"action31","type":"key","parameters":{},"actions":[{"type":"keyDown","value":""},{"type":"pause","duration":10},{"type":"keyUp","value":""}]}]}
COMMAND: GET /session/72d3ab1ba266f930a2b6a477712043f2/screenshot - {}
RESULT: {}
COMMAND: POST /session/72d3ab1ba266f930a2b6a477712043f2/execute/async - {"script":"<script> [1562 bytes]","args":[{"selector":{"controlType":"sap.ui.core.Icon","viewName":"etm.portal.ui.managecontracts.view.Master","properties":{"src":{"regex":{"source":"slim\\-arrow\\-right"}}}},"wdio_ui5_key":"etmportal.ui.managecontracts.view.Mastersap.ui.core.Icon{\"src\":{\"regex\":{\"source\":\"slim\\\\-arrow\\\\-right\"}}}"}]}
RESULT: {"script":"<script> [1562 bytes]","args":[{"selector":{"controlType":"sap.ui.core.Icon","viewName":"etm.portal.ui.managecontracts.view.Master","properties":{"src":{"regex":{"source":"slim\\-arrow\\-right"}}}},"wdio_ui5_key":"etmportal.ui.managecontracts.view.Mastersap.ui.core.Icon{\"src\":{\"regex\":{\"source\":\"slim\\\\-arrow\\\\-right\"}}}"}]}
RESULT: undefined
COMMAND: POST /session/72d3ab1ba266f930a2b6a477712043f2/element - {"using":"xpath","value":"//*[@id=\"__item2683-__clone8392-imgNav\"]"}
RESULT: {"using":"xpath","value":"//*[@id=\"__item2683-__clone8392-imgNav\"]"}
COMMAND: POST /session/72d3ab1ba266f930a2b6a477712043f2/element/f.EBB5C2C2381EC3CAEE229267ABEC6EDB.d.ADE96231D84C99EA95ADD5AA5FCBEB9C.e.6349/click - {}
RESULT: {}
COMMAND: POST /session/72d3ab1ba266f930a2b6a477712043f2/execute/async - {"script":"<script> [1562 bytes]","args":[{"selector":{"id":"addRequestItemBtn","viewName":"etm.portal.ui.managecontracts.view.Detail","interaction":{"idSuffix":"BDI-content"}},"wdio_ui5_key":"addRequestItemBtnetmportal.ui.managecontracts.view.Detail"}]}
COMMAND: GET /session/72d3ab1ba266f930a2b6a477712043f2/screenshot - {}
RESULT: {"script":"<script> [1562 bytes]","args":[{"selector":{"id":"addRequestItemBtn","viewName":"etm.portal.ui.managecontracts.view.Detail","interaction":{"idSuffix":"BDI-content"}},"wdio_ui5_key":"addRequestItemBtnetmportal.ui.managecontracts.view.Detail"}]}
RESULT: undefined
COMMAND: POST /session/72d3ab1ba266f930a2b6a477712043f2/element - {"using":"xpath","value":"//*[@id=\"__xmlview64--addRequestItemBtn\"]"}
RESULT: {}
RESULT: {"using":"xpath","value":"//*[@id=\"__xmlview64--addRequestItemBtn\"]"}
COMMAND: POST /session/72d3ab1ba266f930a2b6a477712043f2/element/f.EBB5C2C2381EC3CAEE229267ABEC6EDB.d.ADE96231D84C99EA95ADD5AA5FCBEB9C.e.6420/click - {}
RESULT: {}
COMMAND: GET /session/72d3ab1ba266f930a2b6a477712043f2/screenshot - {}
RESULT: {}
COMMAND: POST /session/72d3ab1ba266f930a2b6a477712043f2/element - {"using":"xpath","value":"//div[contains(@id ,\"popupRequestTable-sa-CbBg\")]"}
RESULT: {"using":"xpath","value":"//div[contains(@id ,\"popupRequestTable-sa-CbBg\")]"}
COMMAND: POST /session/72d3ab1ba266f930a2b6a477712043f2/element/f.EBB5C2C2381EC3CAEE229267ABEC6EDB.d.ADE96231D84C99EA95ADD5AA5FCBEB9C.e.6536/click - {}
RESULT: {}
COMMAND: GET /session/72d3ab1ba266f930a2b6a477712043f2/screenshot - {}
RESULT: {}
COMMAND: POST /session/72d3ab1ba266f930a2b6a477712043f2/execute/async - {"script":"<script> [1562 bytes]","args":[{"selector":{"controlType":"sap.m.Button","viewName":"etm.portal.ui.managecontracts.view.Detail","i18NText":{"propertyName":"text","key":"selectionDone"},"searchOpenDialogs":true,"interaction":{"idSuffix":"BDI-content"}},"wdio_ui5_key":"etmportal.ui.managecontracts.view.Detailsap.m.Button{\"propertyName\":\"text\",\"key\":\"selectionDone\"}"}]}
RESULT: {"script":"<script> [1562 bytes]","args":[{"selector":{"controlType":"sap.m.Button","viewName":"etm.portal.ui.managecontracts.view.Detail","i18NText":{"propertyName":"text","key":"selectionDone"},"searchOpenDialogs":true,"interaction":{"idSuffix":"BDI-content"}},"wdio_ui5_key":"etmportal.ui.managecontracts.view.Detailsap.m.Button{\"propertyName\":\"text\",\"key\":\"selectionDone\"}"}]}
RESULT: undefined
COMMAND: POST /session/72d3ab1ba266f930a2b6a477712043f2/element - {"using":"xpath","value":"//*[@id=\"__button157\"]"}
RESULT: {"using":"xpath","value":"//*[@id=\"__button157\"]"}
COMMAND: POST /session/72d3ab1ba266f930a2b6a477712043f2/element/f.EBB5C2C2381EC3CAEE229267ABEC6EDB.d.ADE96231D84C99EA95ADD5AA5FCBEB9C.e.6539/click - {}
RESULT: {}
COMMAND: POST /session/72d3ab1ba266f930a2b6a477712043f2/execute/async - {"script":"<script> [1562 bytes]","args":[{"selector":{"controlType":"sap.m.Text","properties":{"text":"Started processing request items into the contract."},"searchOpenDialogs":true},"wdio_ui5_key":"sapm.Text{\"text\":\"Started processing request items into the contract.\"}"}]}
COMMAND: GET /session/72d3ab1ba266f930a2b6a477712043f2/screenshot - {}
RESULT: {"script":"<script> [1562 bytes]","args":[{"selector":{"controlType":"sap.m.Text","properties":{"text":"Started processing request items into the contract."},"searchOpenDialogs":true},"wdio_ui5_key":"sapm.Text{\"text\":\"Started processing request items into the contract.\"}"}]}
RESULT: undefined
COMMAND: POST /session/72d3ab1ba266f930a2b6a477712043f2/execute/async - {"script":"<script> [6424 bytes]","args":[{"element-6066-11e4-a52e-4f735466cecf":"f.EBB5C2C2381EC3CAEE229267ABEC6EDB.d.ADE96231D84C99EA95ADD5AA5FCBEB9C.e.6541"},"getText",[]]}
RESULT: {}
RESULT: {"script":"<script> [6424 bytes]","args":[{"element-6066-11e4-a52e-4f735466cecf":"f.EBB5C2C2381EC3CAEE229267ABEC6EDB.d.ADE96231D84C99EA95ADD5AA5FCBEB9C.e.6541"},"getText",[]]}
COMMAND: POST /session/72d3ab1ba266f930a2b6a477712043f2/execute/async - {"script":"<script> [1562 bytes]","args":[{"selector":{"controlType":"sap.m.Button","properties":{"text":"OK"},"searchOpenDialogs":true,"interaction":{"idSuffix":"inner"}},"wdio_ui5_key":"sapm.Button{\"text\":\"OK\"}"}]}
RESULT: {"script":"<script> [1562 bytes]","args":[{"selector":{"controlType":"sap.m.Button","properties":{"text":"OK"},"searchOpenDialogs":true,"interaction":{"idSuffix":"inner"}},"wdio_ui5_key":"sapm.Button{\"text\":\"OK\"}"}]}
RESULT: undefined
COMMAND: POST /session/72d3ab1ba266f930a2b6a477712043f2/element - {"using":"xpath","value":"//*[@id=\"__mbox-btn-5\"]"}
RESULT: {"using":"xpath","value":"//*[@id=\"__mbox-btn-5\"]"}
COMMAND: POST /session/72d3ab1ba266f930a2b6a477712043f2/element/f.EBB5C2C2381EC3CAEE229267ABEC6EDB.d.ADE96231D84C99EA95ADD5AA5FCBEB9C.e.6540/click - {}
RESULT: {}
COMMAND: POST /session/72d3ab1ba266f930a2b6a477712043f2/execute/async - {"script":"<script> [1562 bytes]","args":[{"selector":{"id":"headerBillingItemsTabFilter","viewName":"etm.portal.ui.managecontracts.view.Detail","interaction":{"idSuffix":"text"}},"wdio_ui5_key":"headerBillingItemsTabFilteretmportal.ui.managecontracts.view.Detail"}]}
COMMAND: GET /session/72d3ab1ba266f930a2b6a477712043f2/screenshot - {}
RESULT: {"script":"<script> [1562 bytes]","args":[{"selector":{"id":"headerBillingItemsTabFilter","viewName":"etm.portal.ui.managecontracts.view.Detail","interaction":{"idSuffix":"text"}},"wdio_ui5_key":"headerBillingItemsTabFilteretmportal.ui.managecontracts.view.Detail"}]}
RESULT: undefined
COMMAND: POST /session/72d3ab1ba266f930a2b6a477712043f2/element - {"using":"xpath","value":"//*[@id=\"__xmlview64--headerBillingItemsTabFilter\"]"}
RESULT: {}
RESULT: {"using":"xpath","value":"//*[@id=\"__xmlview64--headerBillingItemsTabFilter\"]"}
COMMAND: POST /session/72d3ab1ba266f930a2b6a477712043f2/element/f.EBB5C2C2381EC3CAEE229267ABEC6EDB.d.ADE96231D84C99EA95ADD5AA5FCBEB9C.e.6553/click - {}
RESULT: {}
COMMAND: GET /session/72d3ab1ba266f930a2b6a477712043f2/screenshot - {}
RESULT: {}
COMMAND: POST /session/72d3ab1ba266f930a2b6a477712043f2/execute/async - {"script":"<script> [1562 bytes]","args":[{"selector":{"controlType":"sap.ui.core.Icon","viewName":"etm.portal.ui.managecontracts.view.Detail","properties":{"src":{"regex":{"source":"synchronize"}}}},"wdio_ui5_key":"etmportal.ui.managecontracts.view.Detailsap.ui.core.Icon{\"src\":{\"regex\":{\"source\":\"synchronize\"}}}"}]}
RESULT: {"script":"<script> [1562 bytes]","args":[{"selector":{"controlType":"sap.ui.core.Icon","viewName":"etm.portal.ui.managecontracts.view.Detail","properties":{"src":{"regex":{"source":"synchronize"}}}},"wdio_ui5_key":"etmportal.ui.managecontracts.view.Detailsap.ui.core.Icon{\"src\":{\"regex\":{\"source\":\"synchronize\"}}}"}]}
RESULT: undefined
COMMAND: POST /session/72d3ab1ba266f930a2b6a477712043f2/element - {"using":"xpath","value":"//*[@id=\"__xmlview64--btnToggleUpdate-img\"]"}
RESULT: {"using":"xpath","value":"//*[@id=\"__xmlview64--btnToggleUpdate-img\"]"}
COMMAND: POST /session/72d3ab1ba266f930a2b6a477712043f2/element/f.EBB5C2C2381EC3CAEE229267ABEC6EDB.d.ADE96231D84C99EA95ADD5AA5FCBEB9C.e.6419/click - {}
RESULT: {}
COMMAND: GET /session/72d3ab1ba266f930a2b6a477712043f2/screenshot - {}
RESULT: {}
RESULT: undefined
COMMAND: POST /session/72d3ab1ba266f930a2b6a477712043f2/element - {"using":"xpath","value":"//*[@id=\"__xmlview64--headerBillingItemsTabFilter\"]"}
RESULT: {"using":"xpath","value":"//*[@id=\"__xmlview64--headerBillingItemsTabFilter\"]"}
COMMAND: POST /session/72d3ab1ba266f930a2b6a477712043f2/element/f.EBB5C2C2381EC3CAEE229267ABEC6EDB.d.ADE96231D84C99EA95ADD5AA5FCBEB9C.e.6553/click - {}
RESULT: {}
COMMAND: POST /session/72d3ab1ba266f930a2b6a477712043f2/execute/async - {"script":"<script> [1562 bytes]","args":[{"selector":{"controlType":"sap.m.Title","viewName":"etm.portal.ui.managecontracts.view.Detail","properties":{"text":"Contract Items (2)"}},"wdio_ui5_key":"etmportal.ui.managecontracts.view.Detailsap.m.Title{\"text\":\"Contract Items (2)\"}"}]}
COMMAND: GET /session/72d3ab1ba266f930a2b6a477712043f2/screenshot - {}
RESULT: {"script":"<script> [1562 bytes]","args":[{"selector":{"controlType":"sap.m.Title","viewName":"etm.portal.ui.managecontracts.view.Detail","properties":{"text":"Contract Items (2)"}},"wdio_ui5_key":"etmportal.ui.managecontracts.view.Detailsap.m.Title{\"text\":\"Contract Items (2)\"}"}]}
RESULT: undefined
COMMAND: POST /session/72d3ab1ba266f930a2b6a477712043f2/execute/async - {"script":"<script> [6424 bytes]","args":[{"element-6066-11e4-a52e-4f735466cecf":"f.EBB5C2C2381EC3CAEE229267ABEC6EDB.d.ADE96231D84C99EA95ADD5AA5FCBEB9C.e.6561"},"getText",[]]}
RESULT: {}
RESULT: {"script":"<script> [6424 bytes]","args":[{"element-6066-11e4-a52e-4f735466cecf":"f.EBB5C2C2381EC3CAEE229267ABEC6EDB.d.ADE96231D84C99EA95ADD5AA5FCBEB9C.e.6561"},"getText",[]]}
COMMAND: POST /session/72d3ab1ba266f930a2b6a477712043f2/execute/async - {"script":"<script> [1562 bytes]","args":[{"selector":{"controlType":"sap.m.ObjectStatus","viewName":"etm.portal.ui.managecontracts.view.Detail","bindingPath":{"path":"/SmartContractItems(CONTRACT='10463',ITEM=10m,SUB_ITEM=0m)","propertyPath":"STATUS"}},"wdio_ui5_key":"etmportal.ui.managecontracts.view.Detailsap.m.ObjectStatus{\"path\":\"/SmartContractItems(CONTRACT='10463',ITEM=10m,SUB_ITEM=0m)\",\"propertyPath\":\"STATUS\"}"}]}
RESULT: {"script":"<script> [1562 bytes]","args":[{"selector":{"controlType":"sap.m.ObjectStatus","viewName":"etm.portal.ui.managecontracts.view.Detail","bindingPath":{"path":"/SmartContractItems(CONTRACT='10463',ITEM=10m,SUB_ITEM=0m)","propertyPath":"STATUS"}},"wdio_ui5_key":"etmportal.ui.managecontracts.view.Detailsap.m.ObjectStatus{\"path\":\"/SmartContractItems(CONTRACT='10463',ITEM=10m,SUB_ITEM=0m)\",\"propertyPath\":\"STATUS\"}"}]}
RESULT: undefined
COMMAND: POST /session/72d3ab1ba266f930a2b6a477712043f2/execute/async - {"script":"<script> [6424 bytes]","args":[{"element-6066-11e4-a52e-4f735466cecf":"f.EBB5C2C2381EC3CAEE229267ABEC6EDB.d.ADE96231D84C99EA95ADD5AA5FCBEB9C.e.6563"},"getText",[]]}
RESULT: {"script":"<script> [6424 bytes]","args":[{"element-6066-11e4-a52e-4f735466cecf":"f.EBB5C2C2381EC3CAEE229267ABEC6EDB.d.ADE96231D84C99EA95ADD5AA5FCBEB9C.e.6563"},"getText",[]]}
COMMAND: POST /session/72d3ab1ba266f930a2b6a477712043f2/execute/async - {"script":"<script> [1562 bytes]","args":[{"selector":{"controlType":"sap.m.ObjectStatus","viewName":"etm.portal.ui.managecontracts.view.Detail","bindingPath":{"path":"/SmartContractItems(CONTRACT='10463',ITEM=20m,SUB_ITEM=0m)","propertyPath":"STATUS"}},"wdio_ui5_key":"etmportal.ui.managecontracts.view.Detailsap.m.ObjectStatus{\"path\":\"/SmartContractItems(CONTRACT='10463',ITEM=20m,SUB_ITEM=0m)\",\"propertyPath\":\"STATUS\"}"}]}
RESULT: {"script":"<script> [1562 bytes]","args":[{"selector":{"controlType":"sap.m.ObjectStatus","viewName":"etm.portal.ui.managecontracts.view.Detail","bindingPath":{"path":"/SmartContractItems(CONTRACT='10463',ITEM=20m,SUB_ITEM=0m)","propertyPath":"STATUS"}},"wdio_ui5_key":"etmportal.ui.managecontracts.view.Detailsap.m.ObjectStatus{\"path\":\"/SmartContractItems(CONTRACT='10463',ITEM=20m,SUB_ITEM=0m)\",\"propertyPath\":\"STATUS\"}"}]}
RESULT: undefined
COMMAND: POST /session/72d3ab1ba266f930a2b6a477712043f2/execute/async - {"script":"<script> [6424 bytes]","args":[{"element-6066-11e4-a52e-4f735466cecf":"f.EBB5C2C2381EC3CAEE229267ABEC6EDB.d.ADE96231D84C99EA95ADD5AA5FCBEB9C.e.6564"},"getText",[]]}
RESULT: {"script":"<script> [6424 bytes]","args":[{"element-6066-11e4-a52e-4f735466cecf":"f.EBB5C2C2381EC3CAEE229267ABEC6EDB.d.ADE96231D84C99EA95ADD5AA5FCBEB9C.e.6564"},"getText",[]]}
]]></system-out>
    </testcase>
  </testsuite>
  <testsuite timestamp="2025-04-18T18:04:39" time="79.7" tests="1" failures="0" errors="0" skipped="0">
    <properties>
      <property name="specId" value="0"/>
      <property name="suiteName" value="Manage contracts - revert request US152962"/>
      <property name="capabilities" value="chrome.135_0_7049_42.windows"/>
      <property name="file" value="file:///D:/a/1/s/test/specs/R2C/manage-contracts-revert-request.spec.js"/>
    </properties>
    <testcase classname="chrome.135_0_7049_42.windows.Manage_contracts_-_revert_request_US152962" name="Should revert the request" time="79.698">
      <system-out><![CDATA[
COMMAND: POST /session/72d3ab1ba266f930a2b6a477712043f2/execute/async - {"script":"<script> [1562 bytes]","args":[{"selector":{"id":"revertPlanningBtn","viewName":"etm.portal.ui.managecontracts.view.Detail","interaction":{"idSuffix":"BDI-content"}},"wdio_ui5_key":"revertPlanningBtnetmportal.ui.managecontracts.view.Detail"}]}
RESULT: {"script":"<script> [1562 bytes]","args":[{"selector":{"id":"revertPlanningBtn","viewName":"etm.portal.ui.managecontracts.view.Detail","interaction":{"idSuffix":"BDI-content"}},"wdio_ui5_key":"revertPlanningBtnetmportal.ui.managecontracts.view.Detail"}]}
RESULT: undefined
COMMAND: POST /session/72d3ab1ba266f930a2b6a477712043f2/element - {"using":"xpath","value":"//*[@id=\"__xmlview64--revertPlanningBtn\"]"}
RESULT: {"using":"xpath","value":"//*[@id=\"__xmlview64--revertPlanningBtn\"]"}
COMMAND: POST /session/72d3ab1ba266f930a2b6a477712043f2/element/f.EBB5C2C2381EC3CAEE229267ABEC6EDB.d.ADE96231D84C99EA95ADD5AA5FCBEB9C.e.6423/click - {}
RESULT: {}
COMMAND: POST /session/72d3ab1ba266f930a2b6a477712043f2/element - {"using":"xpath","value":"(//div[contains(@id ,\"selectMulti-CbBg\")])[2]"}
COMMAND: GET /session/72d3ab1ba266f930a2b6a477712043f2/screenshot - {}
RESULT: {"using":"xpath","value":"(//div[contains(@id ,\"selectMulti-CbBg\")])[2]"}
COMMAND: POST /session/72d3ab1ba266f930a2b6a477712043f2/element/f.EBB5C2C2381EC3CAEE229267ABEC6EDB.d.ADE96231D84C99EA95ADD5AA5FCBEB9C.e.6610/click - {}
RESULT: {}
RESULT: {}
COMMAND: GET /session/72d3ab1ba266f930a2b6a477712043f2/screenshot - {}
RESULT: {}
COMMAND: POST /session/72d3ab1ba266f930a2b6a477712043f2/element - {"using":"xpath","value":"//span[contains(@id ,\"executeRevertPlanningBtn-content\")]"}
RESULT: {"using":"xpath","value":"//span[contains(@id ,\"executeRevertPlanningBtn-content\")]"}
COMMAND: POST /session/72d3ab1ba266f930a2b6a477712043f2/element/f.EBB5C2C2381EC3CAEE229267ABEC6EDB.d.ADE96231D84C99EA95ADD5AA5FCBEB9C.e.6612/click - {}
RESULT: {}
COMMAND: GET /session/72d3ab1ba266f930a2b6a477712043f2/screenshot - {}
RESULT: {}
COMMAND: POST /session/72d3ab1ba266f930a2b6a477712043f2/actions - {"actions":[{"id":"action32","type":"key","parameters":{},"actions":[{"type":"keyDown","value":""},{"type":"pause","duration":10},{"type":"keyUp","value":""}]}]}
RESULT: {"actions":[{"id":"action32","type":"key","parameters":{},"actions":[{"type":"keyDown","value":""},{"type":"pause","duration":10},{"type":"keyUp","value":""}]}]}
COMMAND: GET /session/72d3ab1ba266f930a2b6a477712043f2/screenshot - {}
RESULT: {}
COMMAND: POST /session/72d3ab1ba266f930a2b6a477712043f2/refresh - {}
RESULT: {}
COMMAND: GET /session/72d3ab1ba266f930a2b6a477712043f2/screenshot - {}
RESULT: {}
RESULT: undefined
COMMAND: POST /session/72d3ab1ba266f930a2b6a477712043f2/execute/async - {"script":"<script> [189 bytes]","args":[]}
RESULT: {"script":"<script> [189 bytes]","args":[]}
COMMAND: POST /session/72d3ab1ba266f930a2b6a477712043f2/execute/async - {"script":"<script> [123 bytes]","args":[]}
RESULT: {"script":"<script> [123 bytes]","args":[]}
COMMAND: POST /session/72d3ab1ba266f930a2b6a477712043f2/timeouts - {"script":"<number>"}
RESULT: {"script":"<number>"}
COMMAND: GET /session/72d3ab1ba266f930a2b6a477712043f2/timeouts - {}
RESULT: {}
RESULT: undefined
COMMAND: POST /session/72d3ab1ba266f930a2b6a477712043f2/execute/async - {"script":"<script> [2676 bytes]","args":[]}
RESULT: {"script":"<script> [2676 bytes]","args":[]}
COMMAND: POST /session/72d3ab1ba266f930a2b6a477712043f2/execute/async - {"script":"<script> [2342 bytes]","args":[{"protocol":"http","hostname":"0.0.0.0","path":"/","capabilities":{"browserName":"chrome","goog:chromeOptions":{"binary":"C:\\Program Files\\Google\\Chrome\\Application\\chrome.exe","args":["--start-maximized"]}},"logLevel":"warn","connectionRetryTimeout":120000,"connectionRetryCount":3,"logLevels":{},"enableDirectConnect":true,"strictSSL":true,"_":"65 more keys: [\"cacheDir\",\"port\",\"requestedCapabilities\",\"automationProtocol\",\"baseUrl\",\"waitforInterval\",\"waitforTimeout\",\"onReload\",\"beforeCommand\",\"afterCommand\",\"rootDir\",\"specs\",\"suites\",\"exclude\",\"groupLogsByTestSpec\",\"excludeDriverLogs\",\"bail\",\"framework\",\"reporters\",\"services\",\"maxInstances\",\"maxInstancesPerCapability\",\"injectGlobals\",\"filesToWatch\",\"execArgv\",\"runnerEnv\",\"runner\",\"shard\",\"specFileRetries\",\"specFileRetriesDelay\",\"specFileRetriesDeferred\",\"reporterSyncInterval\",\"reporterSyncTimeout\",\"cucumberFeaturesWithLineNumbers\",\"autoCompileOpts\",\"mochaOpts\",\"jasmineOpts\",\"cucumberOpts\",\"onPrepare\",\"onWorkerStart\",\"onWorkerEnd\",\"before\",\"beforeSession\",\"beforeSuite\",\"beforeHook\",\"beforeTest\",\"afterTest\",\"afterHook\",\"afterSuite\",\"afterSession\",\"after\",\"onComplete\",\"beforeAssertion\",\"afterAssertion\",\"beforeFeature\",\"beforeScenario\",\"beforeStep\",\"afterStep\",\"afterScenario\",\"afterFeature\",\"_\",\"suite\",\"$0\",\"ignoredWorkerServices\",\"wdi5\"]"}]}
RESULT: {"script":"<script> [2342 bytes]","args":[{"protocol":"http","hostname":"0.0.0.0","path":"/","capabilities":{"browserName":"chrome","goog:chromeOptions":{"binary":"C:\\Program Files\\Google\\Chrome\\Application\\chrome.exe","args":["--start-maximized"]}},"logLevel":"warn","connectionRetryTimeout":120000,"connectionRetryCount":3,"logLevels":{},"enableDirectConnect":true,"strictSSL":true,"_":"65 more keys: [\"cacheDir\",\"port\",\"requestedCapabilities\",\"automationProtocol\",\"baseUrl\",\"waitforInterval\",\"waitforTimeout\",\"onReload\",\"beforeCommand\",\"afterCommand\",\"rootDir\",\"specs\",\"suites\",\"exclude\",\"groupLogsByTestSpec\",\"excludeDriverLogs\",\"bail\",\"framework\",\"reporters\",\"services\",\"maxInstances\",\"maxInstancesPerCapability\",\"injectGlobals\",\"filesToWatch\",\"execArgv\",\"runnerEnv\",\"runner\",\"shard\",\"specFileRetries\",\"specFileRetriesDelay\",\"specFileRetriesDeferred\",\"reporterSyncInterval\",\"reporterSyncTimeout\",\"cucumberFeaturesWithLineNumbers\",\"autoCompileOpts\",\"mochaOpts\",\"jasmineOpts\",\"cucumberOpts\",\"onPrepare\",\"onWorkerStart\",\"onWorkerEnd\",\"before\",\"beforeSession\",\"beforeSuite\",\"beforeHook\",\"beforeTest\",\"afterTest\",\"afterHook\",\"afterSuite\",\"afterSession\",\"after\",\"onComplete\",\"beforeAssertion\",\"afterAssertion\",\"beforeFeature\",\"beforeScenario\",\"beforeStep\",\"afterStep\",\"afterScenario\",\"afterFeature\",\"_\",\"suite\",\"$0\",\"ignoredWorkerServices\",\"wdi5\"]"}]}
COMMAND: POST /session/72d3ab1ba266f930a2b6a477712043f2/execute/async - {"script":"<script> [21126 bytes]","args":[35000]}
RESULT: {"script":"<script> [21126 bytes]","args":[35000]}
COMMAND: POST /session/72d3ab1ba266f930a2b6a477712043f2/execute/async - {"script":"<script> [1562 bytes]","args":[{"selector":{"controlType":"sap.m.Title","viewName":"etm.portal.ui.managecontracts.view.Detail","properties":{"text":"Contract Items (1)"}},"wdio_ui5_key":"etmportal.ui.managecontracts.view.Detailsap.m.Title{\"text\":\"Contract Items (1)\"}"}]}
RESULT: {"script":"<script> [1562 bytes]","args":[{"selector":{"controlType":"sap.m.Title","viewName":"etm.portal.ui.managecontracts.view.Detail","properties":{"text":"Contract Items (1)"}},"wdio_ui5_key":"etmportal.ui.managecontracts.view.Detailsap.m.Title{\"text\":\"Contract Items (1)\"}"}]}
RESULT: undefined
COMMAND: POST /session/72d3ab1ba266f930a2b6a477712043f2/execute/async - {"script":"<script> [6424 bytes]","args":[{"element-6066-11e4-a52e-4f735466cecf":"f.EBB5C2C2381EC3CAEE229267ABEC6EDB.d.AA4E87211F7E299F9FFA37F439A809B7.e.6847"},"getText",[]]}
RESULT: {"script":"<script> [6424 bytes]","args":[{"element-6066-11e4-a52e-4f735466cecf":"f.EBB5C2C2381EC3CAEE229267ABEC6EDB.d.AA4E87211F7E299F9FFA37F439A809B7.e.6847"},"getText",[]]}
COMMAND: POST /session/72d3ab1ba266f930a2b6a477712043f2/execute/async - {"script":"<script> [1562 bytes]","args":[{"selector":{"id":"contractDetailEditBtn","viewName":"etm.portal.ui.managecontracts.view.Detail","interaction":{"idSuffix":"inner"}},"wdio_ui5_key":"contractDetailEditBtnetmportal.ui.managecontracts.view.Detail"}]}
RESULT: {"script":"<script> [1562 bytes]","args":[{"selector":{"id":"contractDetailEditBtn","viewName":"etm.portal.ui.managecontracts.view.Detail","interaction":{"idSuffix":"inner"}},"wdio_ui5_key":"contractDetailEditBtnetmportal.ui.managecontracts.view.Detail"}]}
RESULT: undefined
COMMAND: POST /session/72d3ab1ba266f930a2b6a477712043f2/element - {"using":"xpath","value":"//*[@id=\"__xmlview1--contractDetailEditBtn\"]"}
RESULT: {"using":"xpath","value":"//*[@id=\"__xmlview1--contractDetailEditBtn\"]"}
COMMAND: POST /session/72d3ab1ba266f930a2b6a477712043f2/element/f.EBB5C2C2381EC3CAEE229267ABEC6EDB.d.AA4E87211F7E299F9FFA37F439A809B7.e.6849/click - {}
RESULT: {}
COMMAND: GET /session/72d3ab1ba266f930a2b6a477712043f2/screenshot - {}
RESULT: {}
COMMAND: POST /session/72d3ab1ba266f930a2b6a477712043f2/element - {"using":"xpath","value":"(//span[contains(text(), \"Header Billing Items\")])[2]"}
RESULT: {"using":"xpath","value":"(//span[contains(text(), \"Header Billing Items\")])[2]"}
COMMAND: POST /session/72d3ab1ba266f930a2b6a477712043f2/element/f.EBB5C2C2381EC3CAEE229267ABEC6EDB.d.AA4E87211F7E299F9FFA37F439A809B7.e.6915/click - {}
RESULT: {}
COMMAND: GET /session/72d3ab1ba266f930a2b6a477712043f2/screenshot - {}
RESULT: {}
COMMAND: POST /session/72d3ab1ba266f930a2b6a477712043f2/element - {"using":"xpath","value":"//div[contains(@id ,\"ProductsTable-sa-CbBg\")]"}
RESULT: {"using":"xpath","value":"//div[contains(@id ,\"ProductsTable-sa-CbBg\")]"}
COMMAND: POST /session/72d3ab1ba266f930a2b6a477712043f2/element/f.EBB5C2C2381EC3CAEE229267ABEC6EDB.d.AA4E87211F7E299F9FFA37F439A809B7.e.6918/click - {}
RESULT: {}
COMMAND: GET /session/72d3ab1ba266f930a2b6a477712043f2/screenshot - {}
RESULT: {}
COMMAND: POST /session/72d3ab1ba266f930a2b6a477712043f2/execute/async - {"script":"<script> [1562 bytes]","args":[{"selector":{"id":"deleteBtn","viewName":"etm.portal.ui.managecontracts.view.EditContract","interaction":{"idSuffix":"BDI-content"}},"wdio_ui5_key":"deleteBtnetmportal.ui.managecontracts.view.EditContract"}]}
RESULT: {"script":"<script> [1562 bytes]","args":[{"selector":{"id":"deleteBtn","viewName":"etm.portal.ui.managecontracts.view.EditContract","interaction":{"idSuffix":"BDI-content"}},"wdio_ui5_key":"deleteBtnetmportal.ui.managecontracts.view.EditContract"}]}
RESULT: undefined
COMMAND: POST /session/72d3ab1ba266f930a2b6a477712043f2/element - {"using":"xpath","value":"//*[@id=\"__xmlview2--deleteBtn\"]"}
RESULT: {"using":"xpath","value":"//*[@id=\"__xmlview2--deleteBtn\"]"}
COMMAND: POST /session/72d3ab1ba266f930a2b6a477712043f2/element/f.EBB5C2C2381EC3CAEE229267ABEC6EDB.d.AA4E87211F7E299F9FFA37F439A809B7.e.6921/click - {}
RESULT: {}
COMMAND: POST /session/72d3ab1ba266f930a2b6a477712043f2/element - {"using":"xpath","value":"//bdi[contains(@id ,\"BDI-content\")][contains(text(), \"OK\")]"}
COMMAND: GET /session/72d3ab1ba266f930a2b6a477712043f2/screenshot - {}
RESULT: {"using":"xpath","value":"//bdi[contains(@id ,\"BDI-content\")][contains(text(), \"OK\")]"}
COMMAND: POST /session/72d3ab1ba266f930a2b6a477712043f2/element/f.EBB5C2C2381EC3CAEE229267ABEC6EDB.d.AA4E87211F7E299F9FFA37F439A809B7.e.6923/click - {}
RESULT: {}
RESULT: {}
COMMAND: GET /session/72d3ab1ba266f930a2b6a477712043f2/screenshot - {}
RESULT: {}
COMMAND: POST /session/72d3ab1ba266f930a2b6a477712043f2/element - {"using":"xpath","value":"//bdi[contains(@id ,\"BDI-content\")][contains(text(), \"Save\")]"}
RESULT: {"using":"xpath","value":"//bdi[contains(@id ,\"BDI-content\")][contains(text(), \"Save\")]"}
COMMAND: POST /session/72d3ab1ba266f930a2b6a477712043f2/element/f.EBB5C2C2381EC3CAEE229267ABEC6EDB.d.AA4E87211F7E299F9FFA37F439A809B7.e.6924/click - {}
RESULT: {}
COMMAND: GET /session/72d3ab1ba266f930a2b6a477712043f2/screenshot - {}
RESULT: {}
COMMAND: POST /session/72d3ab1ba266f930a2b6a477712043f2/element - {"using":"xpath","value":"(//span[contains(text(), \"Header Billing Items\")])[1]"}
RESULT: {"using":"xpath","value":"(//span[contains(text(), \"Header Billing Items\")])[1]"}
COMMAND: POST /session/72d3ab1ba266f930a2b6a477712043f2/element/f.EBB5C2C2381EC3CAEE229267ABEC6EDB.d.AA4E87211F7E299F9FFA37F439A809B7.e.6927/click - {}
RESULT: {}
COMMAND: GET /session/72d3ab1ba266f930a2b6a477712043f2/screenshot - {}
RESULT: {}
COMMAND: POST /session/72d3ab1ba266f930a2b6a477712043f2/execute/async - {"script":"<script> [1562 bytes]","args":[{"selector":{"controlType":"sap.m.ObjectStatus","viewName":"etm.portal.ui.managecontracts.view.Detail","bindingPath":{"path":"/SmartContractItems(CONTRACT='10463',ITEM=10m,SUB_ITEM=0m)","propertyPath":"STATUS"}},"wdio_ui5_key":"etmportal.ui.managecontracts.view.Detailsap.m.ObjectStatus{\"path\":\"/SmartContractItems(CONTRACT='10463',ITEM=10m,SUB_ITEM=0m)\",\"propertyPath\":\"STATUS\"}"}]}
RESULT: {"script":"<script> [1562 bytes]","args":[{"selector":{"controlType":"sap.m.ObjectStatus","viewName":"etm.portal.ui.managecontracts.view.Detail","bindingPath":{"path":"/SmartContractItems(CONTRACT='10463',ITEM=10m,SUB_ITEM=0m)","propertyPath":"STATUS"}},"wdio_ui5_key":"etmportal.ui.managecontracts.view.Detailsap.m.ObjectStatus{\"path\":\"/SmartContractItems(CONTRACT='10463',ITEM=10m,SUB_ITEM=0m)\",\"propertyPath\":\"STATUS\"}"}]}
RESULT: undefined
COMMAND: POST /session/72d3ab1ba266f930a2b6a477712043f2/execute/async - {"script":"<script> [6424 bytes]","args":[{"element-6066-11e4-a52e-4f735466cecf":"f.EBB5C2C2381EC3CAEE229267ABEC6EDB.d.AA4E87211F7E299F9FFA37F439A809B7.e.6931"},"getText",[]]}
RESULT: {"script":"<script> [6424 bytes]","args":[{"element-6066-11e4-a52e-4f735466cecf":"f.EBB5C2C2381EC3CAEE229267ABEC6EDB.d.AA4E87211F7E299F9FFA37F439A809B7.e.6931"},"getText",[]]}
COMMAND: POST /session/72d3ab1ba266f930a2b6a477712043f2/element - {"using":"css selector","value":"#shell-header-logo"}
RESULT: {"using":"css selector","value":"#shell-header-logo"}
COMMAND: POST /session/72d3ab1ba266f930a2b6a477712043f2/element/f.EBB5C2C2381EC3CAEE229267ABEC6EDB.d.AA4E87211F7E299F9FFA37F439A809B7.e.6815/click - {}
RESULT: {}
COMMAND: GET /session/72d3ab1ba266f930a2b6a477712043f2/screenshot - {}
RESULT: {}
COMMAND: POST /session/72d3ab1ba266f930a2b6a477712043f2/execute/async - {"script":"<script> [1562 bytes]","args":[{"selector":{"controlType":"sap.m.GenericTile","properties":{"header":"Manage Requests"}},"wdio_ui5_key":"sapm.GenericTile{\"header\":\"Manage Requests\"}"}]}
RESULT: {"script":"<script> [1562 bytes]","args":[{"selector":{"controlType":"sap.m.GenericTile","properties":{"header":"Manage Requests"}},"wdio_ui5_key":"sapm.GenericTile{\"header\":\"Manage Requests\"}"}]}
RESULT: undefined
COMMAND: POST /session/72d3ab1ba266f930a2b6a477712043f2/element - {"using":"xpath","value":"//*[@id=\"__tile47\"]"}
RESULT: {"using":"xpath","value":"//*[@id=\"__tile47\"]"}
COMMAND: POST /session/72d3ab1ba266f930a2b6a477712043f2/element/f.EBB5C2C2381EC3CAEE229267ABEC6EDB.d.AA4E87211F7E299F9FFA37F439A809B7.e.6948/click - {}
RESULT: {}
COMMAND: GET /session/72d3ab1ba266f930a2b6a477712043f2/screenshot - {}
RESULT: {}
COMMAND: POST /session/72d3ab1ba266f930a2b6a477712043f2/execute/async - {"script":"<script> [1562 bytes]","args":[{"selector":{"controlType":"sap.m.SearchField","viewName":"etm.portal.ui.managerequests.view.Master","bindingPath":{"path":"","propertyPath":"/_BASIC_SEARCH_FIELD","modelName":"fi1t3rM0d31"},"interaction":{"idSuffix":"I"}},"wdio_ui5_key":"etmportal.ui.managerequests.view.Mastersap.m.SearchField{\"path\":\"\",\"propertyPath\":\"/_BASIC_SEARCH_FIELD\",\"modelName\":\"fi1t3rM0d31\"}"}]}
RESULT: {"script":"<script> [1562 bytes]","args":[{"selector":{"controlType":"sap.m.SearchField","viewName":"etm.portal.ui.managerequests.view.Master","bindingPath":{"path":"","propertyPath":"/_BASIC_SEARCH_FIELD","modelName":"fi1t3rM0d31"},"interaction":{"idSuffix":"I"}},"wdio_ui5_key":"etmportal.ui.managerequests.view.Mastersap.m.SearchField{\"path\":\"\",\"propertyPath\":\"/_BASIC_SEARCH_FIELD\",\"modelName\":\"fi1t3rM0d31\"}"}]}
RESULT: undefined
COMMAND: POST /session/72d3ab1ba266f930a2b6a477712043f2/execute/async - {"script":"<script> [776 bytes]","args":[{"enterText":"20251","selector":{"controlType":"sap.m.SearchField","viewName":"etm.portal.ui.managerequests.view.Master","bindingPath":{"path":"","propertyPath":"/_BASIC_SEARCH_FIELD","modelName":"fi1t3rM0d31"},"interaction":{"idSuffix":"I"}},"clearTextFirst":true,"interactionType":"ENTER_TEXT"}]}
RESULT: {"script":"<script> [776 bytes]","args":[{"enterText":"20251","selector":{"controlType":"sap.m.SearchField","viewName":"etm.portal.ui.managerequests.view.Master","bindingPath":{"path":"","propertyPath":"/_BASIC_SEARCH_FIELD","modelName":"fi1t3rM0d31"},"interaction":{"idSuffix":"I"}},"clearTextFirst":true,"interactionType":"ENTER_TEXT"}]}
COMMAND: POST /session/72d3ab1ba266f930a2b6a477712043f2/actions - {"actions":[{"id":"action33","type":"key","parameters":{},"actions":[{"type":"keyDown","value":""},{"type":"pause","duration":10},{"type":"keyUp","value":""}]}]}
RESULT: {"actions":[{"id":"action33","type":"key","parameters":{},"actions":[{"type":"keyDown","value":""},{"type":"pause","duration":10},{"type":"keyUp","value":""}]}]}
COMMAND: GET /session/72d3ab1ba266f930a2b6a477712043f2/screenshot - {}
RESULT: {}
COMMAND: POST /session/72d3ab1ba266f930a2b6a477712043f2/execute/async - {"script":"<script> [1562 bytes]","args":[{"selector":{"controlType":"sap.m.Text","viewName":"etm.portal.ui.managerequests.view.Master","bindingPath":{"path":"/SmartManageRequests('20251')","propertyPath":"NO"}},"wdio_ui5_key":"etmportal.ui.managerequests.view.Mastersap.m.Text{\"path\":\"/SmartManageRequests('20251')\",\"propertyPath\":\"NO\"}"}]}
RESULT: {"script":"<script> [1562 bytes]","args":[{"selector":{"controlType":"sap.m.Text","viewName":"etm.portal.ui.managerequests.view.Master","bindingPath":{"path":"/SmartManageRequests('20251')","propertyPath":"NO"}},"wdio_ui5_key":"etmportal.ui.managerequests.view.Mastersap.m.Text{\"path\":\"/SmartManageRequests('20251')\",\"propertyPath\":\"NO\"}"}]}
RESULT: undefined
COMMAND: POST /session/72d3ab1ba266f930a2b6a477712043f2/element - {"using":"xpath","value":"//*[@id=\"__text464-__clone172\"]"}
RESULT: {"using":"xpath","value":"//*[@id=\"__text464-__clone172\"]"}
COMMAND: POST /session/72d3ab1ba266f930a2b6a477712043f2/element/f.EBB5C2C2381EC3CAEE229267ABEC6EDB.d.AA4E87211F7E299F9FFA37F439A809B7.e.7080/click - {}
RESULT: {}
COMMAND: GET /session/72d3ab1ba266f930a2b6a477712043f2/screenshot - {}
RESULT: {}
COMMAND: POST /session/72d3ab1ba266f930a2b6a477712043f2/execute/async - {"script":"<script> [1562 bytes]","args":[{"selector":{"controlType":"sap.ui.core.Icon","viewName":"etm.portal.ui.managerequests.view.Detail","properties":{"src":{"regex":{"source":"slim\\-arrow\\-up"}}}},"wdio_ui5_key":"etmportal.ui.managerequests.view.Detailsap.ui.core.Icon{\"src\":{\"regex\":{\"source\":\"slim\\\\-arrow\\\\-up\"}}}"}]}
RESULT: {"script":"<script> [1562 bytes]","args":[{"selector":{"controlType":"sap.ui.core.Icon","viewName":"etm.portal.ui.managerequests.view.Detail","properties":{"src":{"regex":{"source":"slim\\-arrow\\-up"}}}},"wdio_ui5_key":"etmportal.ui.managerequests.view.Detailsap.ui.core.Icon{\"src\":{\"regex\":{\"source\":\"slim\\\\-arrow\\\\-up\"}}}"}]}
RESULT: undefined
COMMAND: POST /session/72d3ab1ba266f930a2b6a477712043f2/element - {"using":"xpath","value":"//*[@id=\"__xmlview62--detailRequestPage-OPHeaderContent-collapseBtn-img\"]"}
RESULT: {"using":"xpath","value":"//*[@id=\"__xmlview62--detailRequestPage-OPHeaderContent-collapseBtn-img\"]"}
COMMAND: POST /session/72d3ab1ba266f930a2b6a477712043f2/element/f.EBB5C2C2381EC3CAEE229267ABEC6EDB.d.AA4E87211F7E299F9FFA37F439A809B7.e.7229/click - {}
RESULT: {}
COMMAND: GET /session/72d3ab1ba266f930a2b6a477712043f2/screenshot - {}
RESULT: {}
COMMAND: POST /session/72d3ab1ba266f930a2b6a477712043f2/execute/async - {"script":"<script> [1562 bytes]","args":[{"selector":{"controlType":"sap.m.Text","viewName":"etm.portal.ui.managerequests.view.Detail","bindingPath":{"path":"/SmartRequestItemsPlanningBoard(ITEM=20m,REQUEST='20251')","propertyPath":"STATUS_DESC"}},"wdio_ui5_key":"etmportal.ui.managerequests.view.Detailsap.m.Text{\"path\":\"/SmartRequestItemsPlanningBoard(ITEM=20m,REQUEST='20251')\",\"propertyPath\":\"STATUS_DESC\"}"}]}
RESULT: {"script":"<script> [1562 bytes]","args":[{"selector":{"controlType":"sap.m.Text","viewName":"etm.portal.ui.managerequests.view.Detail","bindingPath":{"path":"/SmartRequestItemsPlanningBoard(ITEM=20m,REQUEST='20251')","propertyPath":"STATUS_DESC"}},"wdio_ui5_key":"etmportal.ui.managerequests.view.Detailsap.m.Text{\"path\":\"/SmartRequestItemsPlanningBoard(ITEM=20m,REQUEST='20251')\",\"propertyPath\":\"STATUS_DESC\"}"}]}
RESULT: undefined
COMMAND: POST /session/72d3ab1ba266f930a2b6a477712043f2/execute/async - {"script":"<script> [6424 bytes]","args":[{"element-6066-11e4-a52e-4f735466cecf":"f.EBB5C2C2381EC3CAEE229267ABEC6EDB.d.AA4E87211F7E299F9FFA37F439A809B7.e.7284"},"getText",[]]}
RESULT: {"script":"<script> [6424 bytes]","args":[{"element-6066-11e4-a52e-4f735466cecf":"f.EBB5C2C2381EC3CAEE229267ABEC6EDB.d.AA4E87211F7E299F9FFA37F439A809B7.e.7284"},"getText",[]]}
COMMAND: POST /session/72d3ab1ba266f930a2b6a477712043f2/element - {"using":"css selector","value":"#shell-header-logo"}
RESULT: {"using":"css selector","value":"#shell-header-logo"}
COMMAND: POST /session/72d3ab1ba266f930a2b6a477712043f2/element/f.EBB5C2C2381EC3CAEE229267ABEC6EDB.d.AA4E87211F7E299F9FFA37F439A809B7.e.6952/click - {}
RESULT: {}
COMMAND: GET /session/72d3ab1ba266f930a2b6a477712043f2/screenshot - {}
RESULT: {}
]]></system-out>
    </testcase>
  </testsuite>
  <testsuite timestamp="2025-04-18T18:05:58" time="207.184" tests="4" failures="0" errors="0" skipped="0">
    <properties>
      <property name="specId" value="0"/>
      <property name="suiteName" value="Standard contract close-reopen US111278"/>
      <property name="capabilities" value="chrome.135_0_7049_42.windows"/>
      <property name="file" value="file:///D:/a/1/s/test/specs/R2C/standard-contract-close-reopen.spec.js"/>
    </properties>
    <testcase classname="chrome.135_0_7049_42.windows.Standard_contract_close-reopen_US111278" name="Should create a new contract and add an item" time="114.551">
      <system-out><![CDATA[
COMMAND: POST /session/72d3ab1ba266f930a2b6a477712043f2/execute/async - {"script":"<script> [1562 bytes]","args":[{"selector":{"controlType":"sap.m.Text","viewName":"etm.portal.ui.managecontractstile.view.Master","properties":{"text":"Manage Contracts"},"interaction":{"idSuffix":"inner"}},"wdio_ui5_key":"etmportal.ui.managecontractstile.view.Mastersap.m.Text{\"text\":\"Manage Contracts\"}"}]}
RESULT: {"script":"<script> [1562 bytes]","args":[{"selector":{"controlType":"sap.m.Text","viewName":"etm.portal.ui.managecontractstile.view.Master","properties":{"text":"Manage Contracts"},"interaction":{"idSuffix":"inner"}},"wdio_ui5_key":"etmportal.ui.managecontractstile.view.Mastersap.m.Text{\"text\":\"Manage Contracts\"}"}]}
RESULT: undefined
COMMAND: POST /session/72d3ab1ba266f930a2b6a477712043f2/element - {"using":"xpath","value":"//*[@id=\"__tile131-title\"]"}
RESULT: {"using":"xpath","value":"//*[@id=\"__tile131-title\"]"}
COMMAND: POST /session/72d3ab1ba266f930a2b6a477712043f2/element/f.EBB5C2C2381EC3CAEE229267ABEC6EDB.d.AA4E87211F7E299F9FFA37F439A809B7.e.7290/click - {}
RESULT: {}
COMMAND: GET /session/72d3ab1ba266f930a2b6a477712043f2/screenshot - {}
RESULT: undefined
RESULT: {}
COMMAND: POST /session/72d3ab1ba266f930a2b6a477712043f2/element - {"using":"xpath","value":"//button[@data-kt=\"addButton\"]"}
RESULT: {"using":"xpath","value":"//button[@data-kt=\"addButton\"]"}
COMMAND: POST /session/72d3ab1ba266f930a2b6a477712043f2/element/f.EBB5C2C2381EC3CAEE229267ABEC6EDB.d.AA4E87211F7E299F9FFA37F439A809B7.e.7335/click - {}
RESULT: {}
COMMAND: GET /session/72d3ab1ba266f930a2b6a477712043f2/screenshot - {}
RESULT: {}
COMMAND: POST /session/72d3ab1ba266f930a2b6a477712043f2/execute/async - {"script":"<script> [1562 bytes]","args":[{"selector":{"id":"application-managecontracts-display-component---AddNewContract--projectDescription","interaction":{"idSuffix":"inner"}},"wdio_ui5_key":"applicationmanagecontracts-display-component---AddNewContract--projectDescription"}]}
RESULT: {"script":"<script> [1562 bytes]","args":[{"selector":{"id":"application-managecontracts-display-component---AddNewContract--projectDescription","interaction":{"idSuffix":"inner"}},"wdio_ui5_key":"applicationmanagecontracts-display-component---AddNewContract--projectDescription"}]}
RESULT: undefined
COMMAND: POST /session/72d3ab1ba266f930a2b6a477712043f2/execute/async - {"script":"<script> [776 bytes]","args":[{"enterText":"WdIOR2cvxut5i","selector":{"id":"application-managecontracts-display-component---AddNewContract--projectDescription","interaction":{"idSuffix":"inner"}},"clearTextFirst":true,"interactionType":"ENTER_TEXT"}]}
RESULT: {"script":"<script> [776 bytes]","args":[{"enterText":"WdIOR2cvxut5i","selector":{"id":"application-managecontracts-display-component---AddNewContract--projectDescription","interaction":{"idSuffix":"inner"}},"clearTextFirst":true,"interactionType":"ENTER_TEXT"}]}
COMMAND: POST /session/72d3ab1ba266f930a2b6a477712043f2/element - {"using":"xpath","value":"//input[@id=\"application-managecontracts-display-component---AddNewContract--yardId-inner\"]"}
RESULT: {"using":"xpath","value":"//input[@id=\"application-managecontracts-display-component---AddNewContract--yardId-inner\"]"}
COMMAND: POST /session/72d3ab1ba266f930a2b6a477712043f2/element/f.EBB5C2C2381EC3CAEE229267ABEC6EDB.d.AA4E87211F7E299F9FFA37F439A809B7.e.7624/clear - {}
RESULT: {}
COMMAND: POST /session/72d3ab1ba266f930a2b6a477712043f2/element/f.EBB5C2C2381EC3CAEE229267ABEC6EDB.d.AA4E87211F7E299F9FFA37F439A809B7.e.7624/value - {"text":"WebdriverYardl7cbck"}
COMMAND: GET /session/72d3ab1ba266f930a2b6a477712043f2/screenshot - {}
RESULT: {"text":"WebdriverYardl7cbck"}
COMMAND: GET /session/72d3ab1ba266f930a2b6a477712043f2/screenshot - {}
RESULT: {}
RESULT: {}
COMMAND: POST /session/72d3ab1ba266f930a2b6a477712043f2/actions - {"actions":[{"id":"action34","type":"key","parameters":{},"actions":[{"type":"keyDown","value":""},{"type":"pause","duration":10},{"type":"keyUp","value":""}]}]}
RESULT: {"actions":[{"id":"action34","type":"key","parameters":{},"actions":[{"type":"keyDown","value":""},{"type":"pause","duration":10},{"type":"keyUp","value":""}]}]}
COMMAND: GET /session/72d3ab1ba266f930a2b6a477712043f2/screenshot - {}
RESULT: {}
COMMAND: POST /session/72d3ab1ba266f930a2b6a477712043f2/element - {"using":"xpath","value":"//input[@id=\"application-managecontracts-display-component---AddNewContract--customerSelect-inner\"]"}
RESULT: {"using":"xpath","value":"//input[@id=\"application-managecontracts-display-component---AddNewContract--customerSelect-inner\"]"}
COMMAND: POST /session/72d3ab1ba266f930a2b6a477712043f2/element/f.EBB5C2C2381EC3CAEE229267ABEC6EDB.d.AA4E87211F7E299F9FFA37F439A809B7.e.7622/clear - {}
RESULT: {}
COMMAND: POST /session/72d3ab1ba266f930a2b6a477712043f2/element/f.EBB5C2C2381EC3CAEE229267ABEC6EDB.d.AA4E87211F7E299F9FFA37F439A809B7.e.7622/value - {"text":"WebdriverPartnera9gdek"}
COMMAND: GET /session/72d3ab1ba266f930a2b6a477712043f2/screenshot - {}
RESULT: {"text":"WebdriverPartnera9gdek"}
COMMAND: GET /session/72d3ab1ba266f930a2b6a477712043f2/screenshot - {}
RESULT: {}
RESULT: {}
COMMAND: POST /session/72d3ab1ba266f930a2b6a477712043f2/actions - {"actions":[{"id":"action35","type":"key","parameters":{},"actions":[{"type":"keyDown","value":""},{"type":"pause","duration":10},{"type":"keyUp","value":""}]}]}
RESULT: {"actions":[{"id":"action35","type":"key","parameters":{},"actions":[{"type":"keyDown","value":""},{"type":"pause","duration":10},{"type":"keyUp","value":""}]}]}
COMMAND: GET /session/72d3ab1ba266f930a2b6a477712043f2/screenshot - {}
RESULT: {}
COMMAND: POST /session/72d3ab1ba266f930a2b6a477712043f2/element - {"using":"xpath","value":"//input[@id=\"application-managecontracts-display-component---AddNewContract--site-inner\"]"}
RESULT: {"using":"xpath","value":"//input[@id=\"application-managecontracts-display-component---AddNewContract--site-inner\"]"}
COMMAND: POST /session/72d3ab1ba266f930a2b6a477712043f2/element/f.EBB5C2C2381EC3CAEE229267ABEC6EDB.d.AA4E87211F7E299F9FFA37F439A809B7.e.7623/clear - {}
RESULT: {}
COMMAND: POST /session/72d3ab1ba266f930a2b6a477712043f2/element/f.EBB5C2C2381EC3CAEE229267ABEC6EDB.d.AA4E87211F7E299F9FFA37F439A809B7.e.7623/value - {"text":"WebdriverSiten9h5f"}
COMMAND: GET /session/72d3ab1ba266f930a2b6a477712043f2/screenshot - {}
RESULT: {"text":"WebdriverSiten9h5f"}
COMMAND: GET /session/72d3ab1ba266f930a2b6a477712043f2/screenshot - {}
RESULT: {}
RESULT: {}
COMMAND: POST /session/72d3ab1ba266f930a2b6a477712043f2/actions - {"actions":[{"id":"action36","type":"key","parameters":{},"actions":[{"type":"keyDown","value":""},{"type":"pause","duration":10},{"type":"keyUp","value":""}]}]}
RESULT: {"actions":[{"id":"action36","type":"key","parameters":{},"actions":[{"type":"keyDown","value":""},{"type":"pause","duration":10},{"type":"keyUp","value":""}]}]}
COMMAND: POST /session/72d3ab1ba266f930a2b6a477712043f2/element - {"using":"xpath","value":"//button[@data-kt=\"saveButton\"]"}
COMMAND: GET /session/72d3ab1ba266f930a2b6a477712043f2/screenshot - {}
RESULT: {"using":"xpath","value":"//button[@data-kt=\"saveButton\"]"}
COMMAND: POST /session/72d3ab1ba266f930a2b6a477712043f2/element/f.EBB5C2C2381EC3CAEE229267ABEC6EDB.d.AA4E87211F7E299F9FFA37F439A809B7.e.7639/click - {}
RESULT: {}
RESULT: {}
COMMAND: GET /session/72d3ab1ba266f930a2b6a477712043f2/screenshot - {}
RESULT: {}
COMMAND: POST /session/72d3ab1ba266f930a2b6a477712043f2/execute/async - {"script":"<script> [1562 bytes]","args":[{"selector":{"id":"contractDetailTitleNoExpanded","viewName":"etm.portal.ui.managecontracts.view.Detail"},"wdio_ui5_key":"contractDetailTitleNoExpandedetmportal.ui.managecontracts.view.Detail"}]}
RESULT: {"script":"<script> [1562 bytes]","args":[{"selector":{"id":"contractDetailTitleNoExpanded","viewName":"etm.portal.ui.managecontracts.view.Detail"},"wdio_ui5_key":"contractDetailTitleNoExpandedetmportal.ui.managecontracts.view.Detail"}]}
RESULT: undefined
COMMAND: POST /session/72d3ab1ba266f930a2b6a477712043f2/execute/async - {"script":"<script> [6424 bytes]","args":[{"element-6066-11e4-a52e-4f735466cecf":"f.EBB5C2C2381EC3CAEE229267ABEC6EDB.d.AA4E87211F7E299F9FFA37F439A809B7.e.7720"},"getText",[]]}
RESULT: {"script":"<script> [6424 bytes]","args":[{"element-6066-11e4-a52e-4f735466cecf":"f.EBB5C2C2381EC3CAEE229267ABEC6EDB.d.AA4E87211F7E299F9FFA37F439A809B7.e.7720"},"getText",[]]}
COMMAND: POST /session/72d3ab1ba266f930a2b6a477712043f2/execute/async - {"script":"<script> [1562 bytes]","args":[{"selector":{"id":"closeContractBtn","viewName":"etm.portal.ui.managecontracts.view.Detail"},"wdio_ui5_key":"closeContractBtnetmportal.ui.managecontracts.view.Detail"}]}
RESULT: {"script":"<script> [1562 bytes]","args":[{"selector":{"id":"closeContractBtn","viewName":"etm.portal.ui.managecontracts.view.Detail"},"wdio_ui5_key":"closeContractBtnetmportal.ui.managecontracts.view.Detail"}]}
RESULT: undefined
COMMAND: POST /session/72d3ab1ba266f930a2b6a477712043f2/execute/async - {"script":"<script> [6424 bytes]","args":[{"element-6066-11e4-a52e-4f735466cecf":"f.EBB5C2C2381EC3CAEE229267ABEC6EDB.d.AA4E87211F7E299F9FFA37F439A809B7.e.7721"},"getEnabled",[]]}
RESULT: {"script":"<script> [6424 bytes]","args":[{"element-6066-11e4-a52e-4f735466cecf":"f.EBB5C2C2381EC3CAEE229267ABEC6EDB.d.AA4E87211F7E299F9FFA37F439A809B7.e.7721"},"getEnabled",[]]}
COMMAND: POST /session/72d3ab1ba266f930a2b6a477712043f2/element - {"using":"xpath","value":"//button[@data-kt=\"contractDetailEditBtnButton\"]"}
RESULT: {"using":"xpath","value":"//button[@data-kt=\"contractDetailEditBtnButton\"]"}
COMMAND: POST /session/72d3ab1ba266f930a2b6a477712043f2/element/f.EBB5C2C2381EC3CAEE229267ABEC6EDB.d.AA4E87211F7E299F9FFA37F439A809B7.e.7722/click - {}
RESULT: {}
COMMAND: GET /session/72d3ab1ba266f930a2b6a477712043f2/screenshot - {}
RESULT: {}
COMMAND: POST /session/72d3ab1ba266f930a2b6a477712043f2/element - {"using":"xpath","value":"(//span[contains(text(), \"Additional Addresses\")])[2]"}
RESULT: {"using":"xpath","value":"(//span[contains(text(), \"Additional Addresses\")])[2]"}
COMMAND: POST /session/72d3ab1ba266f930a2b6a477712043f2/element/f.EBB5C2C2381EC3CAEE229267ABEC6EDB.d.AA4E87211F7E299F9FFA37F439A809B7.e.7781/click - {}
RESULT: {}
COMMAND: GET /session/72d3ab1ba266f930a2b6a477712043f2/screenshot - {}
RESULT: {}
COMMAND: POST /session/72d3ab1ba266f930a2b6a477712043f2/element - {"using":"xpath","value":"//button[@data-kt=\"btnAddTableRowOverflowToolbarButton\"]"}
RESULT: {"using":"xpath","value":"//button[@data-kt=\"btnAddTableRowOverflowToolbarButton\"]"}
COMMAND: POST /session/72d3ab1ba266f930a2b6a477712043f2/element/f.EBB5C2C2381EC3CAEE229267ABEC6EDB.d.AA4E87211F7E299F9FFA37F439A809B7.e.7783/click - {}
RESULT: {}
COMMAND: GET /session/72d3ab1ba266f930a2b6a477712043f2/screenshot - {}
RESULT: {}
COMMAND: POST /session/72d3ab1ba266f930a2b6a477712043f2/element - {"using":"xpath","value":"//div[(text() = 'Standard Entry' or . = 'Standard Entry')]"}
RESULT: {"using":"xpath","value":"//div[(text() = 'Standard Entry' or . = 'Standard Entry')]"}
COMMAND: POST /session/72d3ab1ba266f930a2b6a477712043f2/element/f.EBB5C2C2381EC3CAEE229267ABEC6EDB.d.AA4E87211F7E299F9FFA37F439A809B7.e.7785/click - {}
RESULT: {}
COMMAND: POST /session/72d3ab1ba266f930a2b6a477712043f2/element - {"using":"xpath","value":"//td[6]/div/div/input[1]"}
COMMAND: GET /session/72d3ab1ba266f930a2b6a477712043f2/screenshot - {}
RESULT: {"using":"xpath","value":"//td[6]/div/div/input[1]"}
COMMAND: POST /session/72d3ab1ba266f930a2b6a477712043f2/element/f.EBB5C2C2381EC3CAEE229267ABEC6EDB.d.AA4E87211F7E299F9FFA37F439A809B7.e.7787/click - {}
RESULT: {}
RESULT: {}
COMMAND: POST /session/72d3ab1ba266f930a2b6a477712043f2/actions - {"actions":[{"id":"action37","type":"key","parameters":{},"actions":[{"type":"keyDown","value":""},{"type":"pause","duration":10},{"type":"keyUp","value":""}]}]}
COMMAND: GET /session/72d3ab1ba266f930a2b6a477712043f2/screenshot - {}
RESULT: {"actions":[{"id":"action37","type":"key","parameters":{},"actions":[{"type":"keyDown","value":""},{"type":"pause","duration":10},{"type":"keyUp","value":""}]}]}
COMMAND: POST /session/72d3ab1ba266f930a2b6a477712043f2/element - {"using":"xpath","value":"//td[6]/div/div/input[1]"}
COMMAND: GET /session/72d3ab1ba266f930a2b6a477712043f2/screenshot - {}
RESULT: {}
RESULT: {"using":"xpath","value":"//td[6]/div/div/input[1]"}
COMMAND: POST /session/72d3ab1ba266f930a2b6a477712043f2/element/f.EBB5C2C2381EC3CAEE229267ABEC6EDB.d.AA4E87211F7E299F9FFA37F439A809B7.e.7787/clear - {}
RESULT: {}
RESULT: {}
COMMAND: POST /session/72d3ab1ba266f930a2b6a477712043f2/element/f.EBB5C2C2381EC3CAEE229267ABEC6EDB.d.AA4E87211F7E299F9FFA37F439A809B7.e.7787/value - {"text":"Material"}
COMMAND: GET /session/72d3ab1ba266f930a2b6a477712043f2/screenshot - {}
RESULT: {"text":"Material"}
COMMAND: GET /session/72d3ab1ba266f930a2b6a477712043f2/screenshot - {}
RESULT: {}
RESULT: {}
COMMAND: POST /session/72d3ab1ba266f930a2b6a477712043f2/actions - {"actions":[{"id":"action38","type":"key","parameters":{},"actions":[{"type":"keyDown","value":""},{"type":"pause","duration":10},{"type":"keyUp","value":""}]}]}
RESULT: {"actions":[{"id":"action38","type":"key","parameters":{},"actions":[{"type":"keyDown","value":""},{"type":"pause","duration":10},{"type":"keyUp","value":""}]}]}
COMMAND: GET /session/72d3ab1ba266f930a2b6a477712043f2/screenshot - {}
RESULT: {}
COMMAND: POST /session/72d3ab1ba266f930a2b6a477712043f2/actions - {"actions":[{"id":"action39","type":"key","parameters":{},"actions":[{"type":"keyDown","value":""},{"type":"pause","duration":10},{"type":"keyUp","value":""}]}]}
RESULT: {"actions":[{"id":"action39","type":"key","parameters":{},"actions":[{"type":"keyDown","value":""},{"type":"pause","duration":10},{"type":"keyUp","value":""}]}]}
COMMAND: POST /session/72d3ab1ba266f930a2b6a477712043f2/element - {"using":"xpath","value":"//td[7]/div/div/input"}
COMMAND: GET /session/72d3ab1ba266f930a2b6a477712043f2/screenshot - {}
RESULT: {"using":"xpath","value":"//td[7]/div/div/input"}
COMMAND: POST /session/72d3ab1ba266f930a2b6a477712043f2/element/f.EBB5C2C2381EC3CAEE229267ABEC6EDB.d.AA4E87211F7E299F9FFA37F439A809B7.e.7800/clear - {}
RESULT: {}
RESULT: {}
COMMAND: POST /session/72d3ab1ba266f930a2b6a477712043f2/element/f.EBB5C2C2381EC3CAEE229267ABEC6EDB.d.AA4E87211F7E299F9FFA37F439A809B7.e.7800/value - {"text":"WebdriverRUR2Coirpdh"}
COMMAND: GET /session/72d3ab1ba266f930a2b6a477712043f2/screenshot - {}
RESULT: {"text":"WebdriverRUR2Coirpdh"}
COMMAND: GET /session/72d3ab1ba266f930a2b6a477712043f2/screenshot - {}
RESULT: {}
RESULT: {}
COMMAND: POST /session/72d3ab1ba266f930a2b6a477712043f2/actions - {"actions":[{"id":"action40","type":"key","parameters":{},"actions":[{"type":"keyDown","value":""},{"type":"pause","duration":10},{"type":"keyUp","value":""}]}]}
RESULT: {"actions":[{"id":"action40","type":"key","parameters":{},"actions":[{"type":"keyDown","value":""},{"type":"pause","duration":10},{"type":"keyUp","value":""}]}]}
COMMAND: GET /session/72d3ab1ba266f930a2b6a477712043f2/screenshot - {}
RESULT: {}
COMMAND: POST /session/72d3ab1ba266f930a2b6a477712043f2/actions - {"actions":[{"id":"action41","type":"key","parameters":{},"actions":[{"type":"keyDown","value":""},{"type":"pause","duration":10},{"type":"keyUp","value":""}]}]}
RESULT: {"actions":[{"id":"action41","type":"key","parameters":{},"actions":[{"type":"keyDown","value":""},{"type":"pause","duration":10},{"type":"keyUp","value":""}]}]}
COMMAND: GET /session/72d3ab1ba266f930a2b6a477712043f2/screenshot - {}
RESULT: {}
COMMAND: POST /session/72d3ab1ba266f930a2b6a477712043f2/element - {"using":"xpath","value":"(//button[@data-kt=\"saveButton\"])[2]"}
RESULT: {"using":"xpath","value":"(//button[@data-kt=\"saveButton\"])[2]"}
COMMAND: POST /session/72d3ab1ba266f930a2b6a477712043f2/element/f.EBB5C2C2381EC3CAEE229267ABEC6EDB.d.AA4E87211F7E299F9FFA37F439A809B7.e.7826/click - {}
RESULT: {}
COMMAND: GET /session/72d3ab1ba266f930a2b6a477712043f2/screenshot - {}
RESULT: {}
]]></system-out>
    </testcase>
    <testcase classname="chrome.135_0_7049_42.windows.Standard_contract_close-reopen_US111278" name="It should close the contract" time="21.067">
      <system-out><![CDATA[
RESULT: undefined
COMMAND: POST /session/72d3ab1ba266f930a2b6a477712043f2/element - {"using":"xpath","value":"//*[@id=\"__xmlview64--closeContractBtn\"]"}
RESULT: {"using":"xpath","value":"//*[@id=\"__xmlview64--closeContractBtn\"]"}
COMMAND: POST /session/72d3ab1ba266f930a2b6a477712043f2/element/f.EBB5C2C2381EC3CAEE229267ABEC6EDB.d.AA4E87211F7E299F9FFA37F439A809B7.e.7721/click - {}
RESULT: {}
COMMAND: GET /session/72d3ab1ba266f930a2b6a477712043f2/screenshot - {}
RESULT: {}
COMMAND: POST /session/72d3ab1ba266f930a2b6a477712043f2/element - {"using":"xpath","value":"//span[contains(text(), \"Do you want to close the whole contract?\")]"}
RESULT: {"using":"xpath","value":"//span[contains(text(), \"Do you want to close the whole contract?\")]"}
COMMAND: POST /session/72d3ab1ba266f930a2b6a477712043f2/execute/sync - {"script":"<script> [8489 bytes]","args":[{"element-6066-11e4-a52e-4f735466cecf":"f.EBB5C2C2381EC3CAEE229267ABEC6EDB.d.AA4E87211F7E299F9FFA37F439A809B7.e.7830","ELEMENT":"f.EBB5C2C2381EC3CAEE229267ABEC6EDB.d.AA4E87211F7E299F9FFA37F439A809B7.e.7830"}]}
RESULT: {"script":"<script> [8489 bytes]","args":[{"element-6066-11e4-a52e-4f735466cecf":"f.EBB5C2C2381EC3CAEE229267ABEC6EDB.d.AA4E87211F7E299F9FFA37F439A809B7.e.7830","ELEMENT":"f.EBB5C2C2381EC3CAEE229267ABEC6EDB.d.AA4E87211F7E299F9FFA37F439A809B7.e.7830"}]}
COMMAND: POST /session/72d3ab1ba266f930a2b6a477712043f2/element - {"using":"xpath","value":"//bdi[contains(text(), \"OK\")]"}
COMMAND: GET /session/72d3ab1ba266f930a2b6a477712043f2/screenshot - {}
RESULT: {"using":"xpath","value":"//bdi[contains(text(), \"OK\")]"}
COMMAND: POST /session/72d3ab1ba266f930a2b6a477712043f2/element/f.EBB5C2C2381EC3CAEE229267ABEC6EDB.d.AA4E87211F7E299F9FFA37F439A809B7.e.7831/click - {}
RESULT: {}
RESULT: {}
COMMAND: GET /session/72d3ab1ba266f930a2b6a477712043f2/screenshot - {}
RESULT: {}
COMMAND: POST /session/72d3ab1ba266f930a2b6a477712043f2/element - {"using":"xpath","value":"//input[contains(@id ,\"smartContractFilterBar-btnBasicSearch-I\")]"}
RESULT: {"using":"xpath","value":"//input[contains(@id ,\"smartContractFilterBar-btnBasicSearch-I\")]"}
COMMAND: POST /session/72d3ab1ba266f930a2b6a477712043f2/element/f.EBB5C2C2381EC3CAEE229267ABEC6EDB.d.AA4E87211F7E299F9FFA37F439A809B7.e.7296/clear - {}
RESULT: {}
COMMAND: POST /session/72d3ab1ba266f930a2b6a477712043f2/element/f.EBB5C2C2381EC3CAEE229267ABEC6EDB.d.AA4E87211F7E299F9FFA37F439A809B7.e.7296/value - {"text":"10464"}
COMMAND: GET /session/72d3ab1ba266f930a2b6a477712043f2/screenshot - {}
RESULT: {"text":"10464"}
COMMAND: POST /session/72d3ab1ba266f930a2b6a477712043f2/actions - {"actions":[{"id":"action42","type":"key","parameters":{},"actions":[{"type":"keyDown","value":""},{"type":"pause","duration":10},{"type":"keyUp","value":""}]}]}
COMMAND: GET /session/72d3ab1ba266f930a2b6a477712043f2/screenshot - {}
RESULT: {}
RESULT: {"actions":[{"id":"action42","type":"key","parameters":{},"actions":[{"type":"keyDown","value":""},{"type":"pause","duration":10},{"type":"keyUp","value":""}]}]}
COMMAND: GET /session/72d3ab1ba266f930a2b6a477712043f2/screenshot - {}
RESULT: {}
RESULT: {}
COMMAND: POST /session/72d3ab1ba266f930a2b6a477712043f2/execute/async - {"script":"<script> [1562 bytes]","args":[{"selector":{"controlType":"sap.ui.core.Icon","viewName":"etm.portal.ui.managecontracts.view.Master","properties":{"src":{"regex":{"source":"slim\\-arrow\\-right"}}}},"wdio_ui5_key":"etmportal.ui.managecontracts.view.Mastersap.ui.core.Icon{\"src\":{\"regex\":{\"source\":\"slim\\\\-arrow\\\\-right\"}}}"}]}
RESULT: {"script":"<script> [1562 bytes]","args":[{"selector":{"controlType":"sap.ui.core.Icon","viewName":"etm.portal.ui.managecontracts.view.Master","properties":{"src":{"regex":{"source":"slim\\-arrow\\-right"}}}},"wdio_ui5_key":"etmportal.ui.managecontracts.view.Mastersap.ui.core.Icon{\"src\":{\"regex\":{\"source\":\"slim\\\\-arrow\\\\-right\"}}}"}]}
RESULT: undefined
COMMAND: POST /session/72d3ab1ba266f930a2b6a477712043f2/element - {"using":"xpath","value":"//*[@id=\"__item130-__clone6279-imgNav\"]"}
RESULT: {"using":"xpath","value":"//*[@id=\"__item130-__clone6279-imgNav\"]"}
COMMAND: POST /session/72d3ab1ba266f930a2b6a477712043f2/element/f.EBB5C2C2381EC3CAEE229267ABEC6EDB.d.AA4E87211F7E299F9FFA37F439A809B7.e.8009/click - {}
RESULT: {}
COMMAND: POST /session/72d3ab1ba266f930a2b6a477712043f2/execute/async - {"script":"<script> [1562 bytes]","args":[{"selector":{"controlType":"sap.m.ObjectStatus","viewName":"etm.portal.ui.managecontracts.view.Detail","bindingPath":{"propertyPath":"LINK_TO_LOGISTICAL_STATUS/DESCRIPTION","modelName":"catalogModel"}},"wdio_ui5_key":"etmportal.ui.managecontracts.view.Detailsap.m.ObjectStatus{\"propertyPath\":\"LINK_TO_LOGISTICAL_STATUS/DESCRIPTION\",\"modelName\":\"catalogModel\"}"}]}
COMMAND: GET /session/72d3ab1ba266f930a2b6a477712043f2/screenshot - {}
RESULT: {"script":"<script> [1562 bytes]","args":[{"selector":{"controlType":"sap.m.ObjectStatus","viewName":"etm.portal.ui.managecontracts.view.Detail","bindingPath":{"propertyPath":"LINK_TO_LOGISTICAL_STATUS/DESCRIPTION","modelName":"catalogModel"}},"wdio_ui5_key":"etmportal.ui.managecontracts.view.Detailsap.m.ObjectStatus{\"propertyPath\":\"LINK_TO_LOGISTICAL_STATUS/DESCRIPTION\",\"modelName\":\"catalogModel\"}"}]}
RESULT: undefined
COMMAND: POST /session/72d3ab1ba266f930a2b6a477712043f2/execute/async - {"script":"<script> [6424 bytes]","args":[{"element-6066-11e4-a52e-4f735466cecf":"f.EBB5C2C2381EC3CAEE229267ABEC6EDB.d.AA4E87211F7E299F9FFA37F439A809B7.e.8039"},"getText",[]]}
RESULT: {}
RESULT: {"script":"<script> [6424 bytes]","args":[{"element-6066-11e4-a52e-4f735466cecf":"f.EBB5C2C2381EC3CAEE229267ABEC6EDB.d.AA4E87211F7E299F9FFA37F439A809B7.e.8039"},"getText",[]]}
]]></system-out>
    </testcase>
    <testcase classname="chrome.135_0_7049_42.windows.Standard_contract_close-reopen_US111278" name="Should reopen the contract" time="9.985">
      <system-out><![CDATA[
COMMAND: POST /session/72d3ab1ba266f930a2b6a477712043f2/execute/async - {"script":"<script> [1562 bytes]","args":[{"selector":{"id":"openContractBtn","viewName":"etm.portal.ui.managecontracts.view.Detail"},"wdio_ui5_key":"openContractBtnetmportal.ui.managecontracts.view.Detail"}]}
RESULT: {"script":"<script> [1562 bytes]","args":[{"selector":{"id":"openContractBtn","viewName":"etm.portal.ui.managecontracts.view.Detail"},"wdio_ui5_key":"openContractBtnetmportal.ui.managecontracts.view.Detail"}]}
RESULT: undefined
COMMAND: POST /session/72d3ab1ba266f930a2b6a477712043f2/execute/async - {"script":"<script> [6424 bytes]","args":[{"element-6066-11e4-a52e-4f735466cecf":"f.EBB5C2C2381EC3CAEE229267ABEC6EDB.d.AA4E87211F7E299F9FFA37F439A809B7.e.8028"},"getEnabled",[]]}
RESULT: {"script":"<script> [6424 bytes]","args":[{"element-6066-11e4-a52e-4f735466cecf":"f.EBB5C2C2381EC3CAEE229267ABEC6EDB.d.AA4E87211F7E299F9FFA37F439A809B7.e.8028"},"getEnabled",[]]}
COMMAND: POST /session/72d3ab1ba266f930a2b6a477712043f2/element - {"using":"xpath","value":"//bdi[contains(text(), \"Edit\")]"}
RESULT: {"using":"xpath","value":"//bdi[contains(text(), \"Edit\")]"}
COMMAND: POST /session/72d3ab1ba266f930a2b6a477712043f2/element - {"using":"xpath","value":"//bdi[contains(text(), \"Edit\")]"}
RESULT: undefined
COMMAND: POST /session/72d3ab1ba266f930a2b6a477712043f2/element - {"using":"xpath","value":"//*[@id=\"__xmlview64--openContractBtn\"]"}
RESULT: {"using":"xpath","value":"//bdi[contains(text(), \"Edit\")]"}
RESULT: {"using":"xpath","value":"//*[@id=\"__xmlview64--openContractBtn\"]"}
COMMAND: POST /session/72d3ab1ba266f930a2b6a477712043f2/element/f.EBB5C2C2381EC3CAEE229267ABEC6EDB.d.AA4E87211F7E299F9FFA37F439A809B7.e.8028/click - {}
RESULT: {}
COMMAND: POST /session/72d3ab1ba266f930a2b6a477712043f2/execute/async - {"script":"<script> [1562 bytes]","args":[{"selector":{"controlType":"sap.m.Text","properties":{"text":"Contract has been reopened successfully"},"searchOpenDialogs":true},"wdio_ui5_key":"sapm.Text{\"text\":\"Contract has been reopened successfully\"}"}]}
COMMAND: GET /session/72d3ab1ba266f930a2b6a477712043f2/screenshot - {}
RESULT: {"script":"<script> [1562 bytes]","args":[{"selector":{"controlType":"sap.m.Text","properties":{"text":"Contract has been reopened successfully"},"searchOpenDialogs":true},"wdio_ui5_key":"sapm.Text{\"text\":\"Contract has been reopened successfully\"}"}]}
RESULT: undefined
COMMAND: POST /session/72d3ab1ba266f930a2b6a477712043f2/execute/async - {"script":"<script> [6424 bytes]","args":[{"element-6066-11e4-a52e-4f735466cecf":"f.EBB5C2C2381EC3CAEE229267ABEC6EDB.d.AA4E87211F7E299F9FFA37F439A809B7.e.8042"},"getText",[]]}
RESULT: {}
RESULT: {"script":"<script> [6424 bytes]","args":[{"element-6066-11e4-a52e-4f735466cecf":"f.EBB5C2C2381EC3CAEE229267ABEC6EDB.d.AA4E87211F7E299F9FFA37F439A809B7.e.8042"},"getText",[]]}
COMMAND: POST /session/72d3ab1ba266f930a2b6a477712043f2/element - {"using":"xpath","value":"//bdi[contains(text(), \"OK\")]"}
RESULT: {"using":"xpath","value":"//bdi[contains(text(), \"OK\")]"}
COMMAND: POST /session/72d3ab1ba266f930a2b6a477712043f2/element/f.EBB5C2C2381EC3CAEE229267ABEC6EDB.d.AA4E87211F7E299F9FFA37F439A809B7.e.8043/click - {}
RESULT: {}
COMMAND: GET /session/72d3ab1ba266f930a2b6a477712043f2/screenshot - {}
RESULT: {}
COMMAND: POST /session/72d3ab1ba266f930a2b6a477712043f2/element - {"using":"xpath","value":"//bdi[contains(text(), \"Edit\")]"}
RESULT: undefined
COMMAND: POST /session/72d3ab1ba266f930a2b6a477712043f2/execute/async - {"script":"<script> [6424 bytes]","args":[{"element-6066-11e4-a52e-4f735466cecf":"f.EBB5C2C2381EC3CAEE229267ABEC6EDB.d.AA4E87211F7E299F9FFA37F439A809B7.e.7721"},"getEnabled",[]]}
RESULT: {"using":"xpath","value":"//bdi[contains(text(), \"Edit\")]"}
COMMAND: POST /session/72d3ab1ba266f930a2b6a477712043f2/execute/sync - {"script":"<script> [8489 bytes]","args":[{"element-6066-11e4-a52e-4f735466cecf":"f.EBB5C2C2381EC3CAEE229267ABEC6EDB.d.AA4E87211F7E299F9FFA37F439A809B7.e.8044","ELEMENT":"f.EBB5C2C2381EC3CAEE229267ABEC6EDB.d.AA4E87211F7E299F9FFA37F439A809B7.e.8044"}]}
COMMAND: POST /session/72d3ab1ba266f930a2b6a477712043f2/execute/async - {"script":"<script> [1562 bytes]","args":[{"selector":{"id":"closeContractBtn","viewName":"etm.portal.ui.managecontracts.view.Detail"},"wdio_ui5_key":"closeContractBtnetmportal.ui.managecontracts.view.Detail"}]}
RESULT: {"script":"<script> [8489 bytes]","args":[{"element-6066-11e4-a52e-4f735466cecf":"f.EBB5C2C2381EC3CAEE229267ABEC6EDB.d.AA4E87211F7E299F9FFA37F439A809B7.e.8044","ELEMENT":"f.EBB5C2C2381EC3CAEE229267ABEC6EDB.d.AA4E87211F7E299F9FFA37F439A809B7.e.8044"}]}
COMMAND: GET /session/72d3ab1ba266f930a2b6a477712043f2/screenshot - {}
RESULT: {"script":"<script> [1562 bytes]","args":[{"selector":{"id":"closeContractBtn","viewName":"etm.portal.ui.managecontracts.view.Detail"},"wdio_ui5_key":"closeContractBtnetmportal.ui.managecontracts.view.Detail"}]}
COMMAND: POST /session/72d3ab1ba266f930a2b6a477712043f2/execute/async - {"script":"<script> [6424 bytes]","args":[{"element-6066-11e4-a52e-4f735466cecf":"f.EBB5C2C2381EC3CAEE229267ABEC6EDB.d.AA4E87211F7E299F9FFA37F439A809B7.e.8045"},"getEnabled",[]]}
RESULT: {}
RESULT: {"script":"<script> [6424 bytes]","args":[{"element-6066-11e4-a52e-4f735466cecf":"f.EBB5C2C2381EC3CAEE229267ABEC6EDB.d.AA4E87211F7E299F9FFA37F439A809B7.e.8045"},"getEnabled",[]]}
]]></system-out>
    </testcase>
    <testcase classname="chrome.135_0_7049_42.windows.Standard_contract_close-reopen_US111278" name="Should verify for multiple statuses that open button is not visible" time="58.007">
      <system-out><![CDATA[
COMMAND: POST /session/72d3ab1ba266f930a2b6a477712043f2/execute/async - {"script":"<script> [1562 bytes]","args":[{"selector":{"controlType":"sap.ui.core.Icon","viewName":"etm.portal.ui.managecontracts.view.Detail","properties":{"src":{"regex":{"source":"decline"}}}},"wdio_ui5_key":"etmportal.ui.managecontracts.view.Detailsap.ui.core.Icon{\"src\":{\"regex\":{\"source\":\"decline\"}}}"}]}
RESULT: {"script":"<script> [1562 bytes]","args":[{"selector":{"controlType":"sap.ui.core.Icon","viewName":"etm.portal.ui.managecontracts.view.Detail","properties":{"src":{"regex":{"source":"decline"}}}},"wdio_ui5_key":"etmportal.ui.managecontracts.view.Detailsap.ui.core.Icon{\"src\":{\"regex\":{\"source\":\"decline\"}}}"}]}
RESULT: undefined
COMMAND: POST /session/72d3ab1ba266f930a2b6a477712043f2/element - {"using":"xpath","value":"//*[@id=\"__xmlview64--closeColumnBtn-img\"]"}
RESULT: {"using":"xpath","value":"//*[@id=\"__xmlview64--closeColumnBtn-img\"]"}
COMMAND: POST /session/72d3ab1ba266f930a2b6a477712043f2/element/f.EBB5C2C2381EC3CAEE229267ABEC6EDB.d.AA4E87211F7E299F9FFA37F439A809B7.e.8026/click - {}
RESULT: {}
COMMAND: GET /session/72d3ab1ba266f930a2b6a477712043f2/screenshot - {}
COMMAND: POST /session/72d3ab1ba266f930a2b6a477712043f2/element - {"using":"xpath","value":"//div[contains(@id ,\"smartContractFilterBar-btnBasicSearch-reset\")]"}
RESULT: {}
RESULT: {"using":"xpath","value":"//div[contains(@id ,\"smartContractFilterBar-btnBasicSearch-reset\")]"}
COMMAND: POST /session/72d3ab1ba266f930a2b6a477712043f2/element/f.EBB5C2C2381EC3CAEE229267ABEC6EDB.d.AA4E87211F7E299F9FFA37F439A809B7.e.8055/click - {}
RESULT: {}
COMMAND: GET /session/72d3ab1ba266f930a2b6a477712043f2/screenshot - {}
COMMAND: POST /session/72d3ab1ba266f930a2b6a477712043f2/execute/async - {"script":"<script> [1562 bytes]","args":[{"selector":{"controlType":"sap.ui.core.Icon","viewName":"etm.portal.ui.managecontracts.view.Master","properties":{"src":{"regex":{"source":"slim\\-arrow\\-down"}}},"ancestor":{"id":"smartContractStatusFilter","viewName":"etm.portal.ui.managecontracts.view.Master"}},"wdio_ui5_key":"etmportal.ui.managecontracts.view.Mastersap.ui.core.Icon{\"src\":{\"regex\":{\"source\":\"slim\\\\-arrow\\\\-down\"}}}{\"id\":\"smartContractStatusFilter\",\"viewName\":\"etm.portal.ui.managecontracts.view.Master\"}"}]}
RESULT: {}
RESULT: {"script":"<script> [1562 bytes]","args":[{"selector":{"controlType":"sap.ui.core.Icon","viewName":"etm.portal.ui.managecontracts.view.Master","properties":{"src":{"regex":{"source":"slim\\-arrow\\-down"}}},"ancestor":{"id":"smartContractStatusFilter","viewName":"etm.portal.ui.managecontracts.view.Master"}},"wdio_ui5_key":"etmportal.ui.managecontracts.view.Mastersap.ui.core.Icon{\"src\":{\"regex\":{\"source\":\"slim\\\\-arrow\\\\-down\"}}}{\"id\":\"smartContractStatusFilter\",\"viewName\":\"etm.portal.ui.managecontracts.view.Master\"}"}]}
RESULT: undefined
COMMAND: POST /session/72d3ab1ba266f930a2b6a477712043f2/element - {"using":"xpath","value":"//*[@id=\"__xmlview63--smartContractStatusFilter-arrow\"]"}
RESULT: {"using":"xpath","value":"//*[@id=\"__xmlview63--smartContractStatusFilter-arrow\"]"}
COMMAND: POST /session/72d3ab1ba266f930a2b6a477712043f2/element/f.EBB5C2C2381EC3CAEE229267ABEC6EDB.d.AA4E87211F7E299F9FFA37F439A809B7.e.8093/click - {}
RESULT: {}
COMMAND: POST /session/72d3ab1ba266f930a2b6a477712043f2/execute/async - {"script":"<script> [1562 bytes]","args":[{"selector":{"controlType":"sap.m.CheckBox","viewName":"etm.portal.ui.managecontracts.view.Master","properties":{"editable":true},"searchOpenDialogs":true,"ancestor":{"controlType":"sap.m.StandardListItem","viewName":"etm.portal.ui.managecontracts.view.Master","properties":{"title":"partial provided"},"searchOpenDialogs":true},"interaction":{"idSuffix":"CbBg"}},"wdio_ui5_key":"etmportal.ui.managecontracts.view.Mastersap.m.CheckBox{\"editable\":true}{\"controlType\":\"sap.m.StandardListItem\",\"viewName\":\"etm.portal.ui.managecontracts.view.Master\",\"properties\":{\"title\":\"partial provided\"},\"searchOpenDialogs\":true}"}]}
COMMAND: GET /session/72d3ab1ba266f930a2b6a477712043f2/screenshot - {}
RESULT: {"script":"<script> [1562 bytes]","args":[{"selector":{"controlType":"sap.m.CheckBox","viewName":"etm.portal.ui.managecontracts.view.Master","properties":{"editable":true},"searchOpenDialogs":true,"ancestor":{"controlType":"sap.m.StandardListItem","viewName":"etm.portal.ui.managecontracts.view.Master","properties":{"title":"partial provided"},"searchOpenDialogs":true},"interaction":{"idSuffix":"CbBg"}},"wdio_ui5_key":"etmportal.ui.managecontracts.view.Mastersap.m.CheckBox{\"editable\":true}{\"controlType\":\"sap.m.StandardListItem\",\"viewName\":\"etm.portal.ui.managecontracts.view.Master\",\"properties\":{\"title\":\"partial provided\"},\"searchOpenDialogs\":true}"}]}
RESULT: undefined
COMMAND: POST /session/72d3ab1ba266f930a2b6a477712043f2/element - {"using":"xpath","value":"//*[@id=\"__item2385-selectMulti\"]"}
RESULT: {}
RESULT: {"using":"xpath","value":"//*[@id=\"__item2385-selectMulti\"]"}
COMMAND: POST /session/72d3ab1ba266f930a2b6a477712043f2/element/f.EBB5C2C2381EC3CAEE229267ABEC6EDB.d.AA4E87211F7E299F9FFA37F439A809B7.e.8104/click - {}
RESULT: {}
COMMAND: GET /session/72d3ab1ba266f930a2b6a477712043f2/screenshot - {}
RESULT: {}
COMMAND: POST /session/72d3ab1ba266f930a2b6a477712043f2/element - {"using":"xpath","value":"(//span[contains(@title ,\"Navigation\")])[2]"}
RESULT: {"using":"xpath","value":"(//span[contains(@title ,\"Navigation\")])[2]"}
COMMAND: POST /session/72d3ab1ba266f930a2b6a477712043f2/element/f.EBB5C2C2381EC3CAEE229267ABEC6EDB.d.AA4E87211F7E299F9FFA37F439A809B7.e.8124/click - {}
RESULT: {}
COMMAND: GET /session/72d3ab1ba266f930a2b6a477712043f2/screenshot - {}
RESULT: {}
COMMAND: POST /session/72d3ab1ba266f930a2b6a477712043f2/element - {"using":"xpath","value":"//bdi[contains(@id ,\"closeContractBtn-BDI-content\")]"}
RESULT: {"using":"xpath","value":"//bdi[contains(@id ,\"closeContractBtn-BDI-content\")]"}
COMMAND: POST /session/72d3ab1ba266f930a2b6a477712043f2/element - {"using":"xpath","value":"//bdi[contains(@id ,\"closeContractBtn-BDI-content\")]"}
RESULT: undefined
COMMAND: POST /session/72d3ab1ba266f930a2b6a477712043f2/element - {"using":"xpath","value":"//*[@id=\"__xmlview64--closeColumnBtn-img\"]"}
RESULT: {"using":"xpath","value":"//bdi[contains(@id ,\"closeContractBtn-BDI-content\")]"}
RESULT: {"using":"xpath","value":"//*[@id=\"__xmlview64--closeColumnBtn-img\"]"}
COMMAND: POST /session/72d3ab1ba266f930a2b6a477712043f2/element/f.EBB5C2C2381EC3CAEE229267ABEC6EDB.d.AA4E87211F7E299F9FFA37F439A809B7.e.8026/click - {}
RESULT: {}
COMMAND: GET /session/72d3ab1ba266f930a2b6a477712043f2/screenshot - {}
COMMAND: POST /session/72d3ab1ba266f930a2b6a477712043f2/refresh - {}
RESULT: {}
RESULT: {}
COMMAND: GET /session/72d3ab1ba266f930a2b6a477712043f2/screenshot - {}
RESULT: {}
RESULT: undefined
RESULT: undefined
COMMAND: POST /session/72d3ab1ba266f930a2b6a477712043f2/execute/async - {"script":"<script> [189 bytes]","args":[]}
RESULT: {"script":"<script> [189 bytes]","args":[]}
COMMAND: POST /session/72d3ab1ba266f930a2b6a477712043f2/execute/async - {"script":"<script> [123 bytes]","args":[]}
RESULT: {"script":"<script> [123 bytes]","args":[]}
COMMAND: POST /session/72d3ab1ba266f930a2b6a477712043f2/timeouts - {"script":"<number>"}
RESULT: {"script":"<number>"}
COMMAND: GET /session/72d3ab1ba266f930a2b6a477712043f2/timeouts - {}
RESULT: {}
RESULT: undefined
COMMAND: POST /session/72d3ab1ba266f930a2b6a477712043f2/execute/async - {"script":"<script> [2676 bytes]","args":[]}
RESULT: {"script":"<script> [2676 bytes]","args":[]}
COMMAND: POST /session/72d3ab1ba266f930a2b6a477712043f2/execute/async - {"script":"<script> [2342 bytes]","args":[{"protocol":"http","hostname":"0.0.0.0","path":"/","capabilities":{"browserName":"chrome","goog:chromeOptions":{"binary":"C:\\Program Files\\Google\\Chrome\\Application\\chrome.exe","args":["--start-maximized"]}},"logLevel":"warn","connectionRetryTimeout":120000,"connectionRetryCount":3,"logLevels":{},"enableDirectConnect":true,"strictSSL":true,"_":"65 more keys: [\"cacheDir\",\"port\",\"requestedCapabilities\",\"automationProtocol\",\"baseUrl\",\"waitforInterval\",\"waitforTimeout\",\"onReload\",\"beforeCommand\",\"afterCommand\",\"rootDir\",\"specs\",\"suites\",\"exclude\",\"groupLogsByTestSpec\",\"excludeDriverLogs\",\"bail\",\"framework\",\"reporters\",\"services\",\"maxInstances\",\"maxInstancesPerCapability\",\"injectGlobals\",\"filesToWatch\",\"execArgv\",\"runnerEnv\",\"runner\",\"shard\",\"specFileRetries\",\"specFileRetriesDelay\",\"specFileRetriesDeferred\",\"reporterSyncInterval\",\"reporterSyncTimeout\",\"cucumberFeaturesWithLineNumbers\",\"autoCompileOpts\",\"mochaOpts\",\"jasmineOpts\",\"cucumberOpts\",\"onPrepare\",\"onWorkerStart\",\"onWorkerEnd\",\"before\",\"beforeSession\",\"beforeSuite\",\"beforeHook\",\"beforeTest\",\"afterTest\",\"afterHook\",\"afterSuite\",\"afterSession\",\"after\",\"onComplete\",\"beforeAssertion\",\"afterAssertion\",\"beforeFeature\",\"beforeScenario\",\"beforeStep\",\"afterStep\",\"afterScenario\",\"afterFeature\",\"_\",\"suite\",\"$0\",\"ignoredWorkerServices\",\"wdi5\"]"}]}
RESULT: {"script":"<script> [2342 bytes]","args":[{"protocol":"http","hostname":"0.0.0.0","path":"/","capabilities":{"browserName":"chrome","goog:chromeOptions":{"binary":"C:\\Program Files\\Google\\Chrome\\Application\\chrome.exe","args":["--start-maximized"]}},"logLevel":"warn","connectionRetryTimeout":120000,"connectionRetryCount":3,"logLevels":{},"enableDirectConnect":true,"strictSSL":true,"_":"65 more keys: [\"cacheDir\",\"port\",\"requestedCapabilities\",\"automationProtocol\",\"baseUrl\",\"waitforInterval\",\"waitforTimeout\",\"onReload\",\"beforeCommand\",\"afterCommand\",\"rootDir\",\"specs\",\"suites\",\"exclude\",\"groupLogsByTestSpec\",\"excludeDriverLogs\",\"bail\",\"framework\",\"reporters\",\"services\",\"maxInstances\",\"maxInstancesPerCapability\",\"injectGlobals\",\"filesToWatch\",\"execArgv\",\"runnerEnv\",\"runner\",\"shard\",\"specFileRetries\",\"specFileRetriesDelay\",\"specFileRetriesDeferred\",\"reporterSyncInterval\",\"reporterSyncTimeout\",\"cucumberFeaturesWithLineNumbers\",\"autoCompileOpts\",\"mochaOpts\",\"jasmineOpts\",\"cucumberOpts\",\"onPrepare\",\"onWorkerStart\",\"onWorkerEnd\",\"before\",\"beforeSession\",\"beforeSuite\",\"beforeHook\",\"beforeTest\",\"afterTest\",\"afterHook\",\"afterSuite\",\"afterSession\",\"after\",\"onComplete\",\"beforeAssertion\",\"afterAssertion\",\"beforeFeature\",\"beforeScenario\",\"beforeStep\",\"afterStep\",\"afterScenario\",\"afterFeature\",\"_\",\"suite\",\"$0\",\"ignoredWorkerServices\",\"wdi5\"]"}]}
COMMAND: POST /session/72d3ab1ba266f930a2b6a477712043f2/execute/async - {"script":"<script> [21126 bytes]","args":[35000]}
RESULT: {"script":"<script> [21126 bytes]","args":[35000]}
COMMAND: POST /session/72d3ab1ba266f930a2b6a477712043f2/execute/async - {"script":"<script> [1562 bytes]","args":[{"selector":{"controlType":"sap.ui.core.Icon","viewName":"etm.portal.ui.managecontracts.view.Master","properties":{"src":{"regex":{"source":"slim\\-arrow\\-down"}}},"ancestor":{"id":"smartContractStatusFilter","viewName":"etm.portal.ui.managecontracts.view.Master"}},"wdio_ui5_key":"etmportal.ui.managecontracts.view.Mastersap.ui.core.Icon{\"src\":{\"regex\":{\"source\":\"slim\\\\-arrow\\\\-down\"}}}{\"id\":\"smartContractStatusFilter\",\"viewName\":\"etm.portal.ui.managecontracts.view.Master\"}"}]}
RESULT: {"script":"<script> [1562 bytes]","args":[{"selector":{"controlType":"sap.ui.core.Icon","viewName":"etm.portal.ui.managecontracts.view.Master","properties":{"src":{"regex":{"source":"slim\\-arrow\\-down"}}},"ancestor":{"id":"smartContractStatusFilter","viewName":"etm.portal.ui.managecontracts.view.Master"}},"wdio_ui5_key":"etmportal.ui.managecontracts.view.Mastersap.ui.core.Icon{\"src\":{\"regex\":{\"source\":\"slim\\\\-arrow\\\\-down\"}}}{\"id\":\"smartContractStatusFilter\",\"viewName\":\"etm.portal.ui.managecontracts.view.Master\"}"}]}
RESULT: undefined
COMMAND: POST /session/72d3ab1ba266f930a2b6a477712043f2/element - {"using":"xpath","value":"//*[@id=\"__xmlview0--smartContractStatusFilter-arrow\"]"}
RESULT: {"using":"xpath","value":"//*[@id=\"__xmlview0--smartContractStatusFilter-arrow\"]"}
COMMAND: POST /session/72d3ab1ba266f930a2b6a477712043f2/element/f.EBB5C2C2381EC3CAEE229267ABEC6EDB.d.637DFEC67A1C365262D449E8200ABD31.e.8507/click - {}
RESULT: {}
COMMAND: GET /session/72d3ab1ba266f930a2b6a477712043f2/screenshot - {}
RESULT: {}
COMMAND: POST /session/72d3ab1ba266f930a2b6a477712043f2/execute/async - {"script":"<script> [1562 bytes]","args":[{"selector":{"controlType":"sap.m.CheckBox","viewName":"etm.portal.ui.managecontracts.view.Master","properties":{"editable":true},"searchOpenDialogs":true,"ancestor":{"controlType":"sap.m.StandardListItem","viewName":"etm.portal.ui.managecontracts.view.Master","properties":{"title":"partial billed"},"searchOpenDialogs":true},"interaction":{"idSuffix":"CbBg"}},"wdio_ui5_key":"etmportal.ui.managecontracts.view.Mastersap.m.CheckBox{\"editable\":true}{\"controlType\":\"sap.m.StandardListItem\",\"viewName\":\"etm.portal.ui.managecontracts.view.Master\",\"properties\":{\"title\":\"partial billed\"},\"searchOpenDialogs\":true}"}]}
RESULT: {"script":"<script> [1562 bytes]","args":[{"selector":{"controlType":"sap.m.CheckBox","viewName":"etm.portal.ui.managecontracts.view.Master","properties":{"editable":true},"searchOpenDialogs":true,"ancestor":{"controlType":"sap.m.StandardListItem","viewName":"etm.portal.ui.managecontracts.view.Master","properties":{"title":"partial billed"},"searchOpenDialogs":true},"interaction":{"idSuffix":"CbBg"}},"wdio_ui5_key":"etmportal.ui.managecontracts.view.Mastersap.m.CheckBox{\"editable\":true}{\"controlType\":\"sap.m.StandardListItem\",\"viewName\":\"etm.portal.ui.managecontracts.view.Master\",\"properties\":{\"title\":\"partial billed\"},\"searchOpenDialogs\":true}"}]}
RESULT: undefined
COMMAND: POST /session/72d3ab1ba266f930a2b6a477712043f2/element - {"using":"xpath","value":"//*[@id=\"__item41-selectMulti\"]"}
RESULT: {"using":"xpath","value":"//*[@id=\"__item41-selectMulti\"]"}
COMMAND: POST /session/72d3ab1ba266f930a2b6a477712043f2/element/f.EBB5C2C2381EC3CAEE229267ABEC6EDB.d.637DFEC67A1C365262D449E8200ABD31.e.8517/click - {}
RESULT: {}
COMMAND: GET /session/72d3ab1ba266f930a2b6a477712043f2/screenshot - {}
RESULT: {}
COMMAND: POST /session/72d3ab1ba266f930a2b6a477712043f2/element - {"using":"xpath","value":"(//span[contains(@title ,\"Navigation\")])[2]"}
RESULT: {"using":"xpath","value":"(//span[contains(@title ,\"Navigation\")])[2]"}
COMMAND: POST /session/72d3ab1ba266f930a2b6a477712043f2/element/f.EBB5C2C2381EC3CAEE229267ABEC6EDB.d.637DFEC67A1C365262D449E8200ABD31.e.8554/click - {}
RESULT: {}
COMMAND: GET /session/72d3ab1ba266f930a2b6a477712043f2/screenshot - {}
RESULT: {}
COMMAND: POST /session/72d3ab1ba266f930a2b6a477712043f2/element - {"using":"xpath","value":"//bdi[contains(@id ,\"closeContractBtn-BDI-content\")]"}
COMMAND: POST /session/72d3ab1ba266f930a2b6a477712043f2/element - {"using":"css selector","value":"#shell-header-logo"}
RESULT: {"using":"xpath","value":"//bdi[contains(@id ,\"closeContractBtn-BDI-content\")]"}
RESULT: {"using":"css selector","value":"#shell-header-logo"}
COMMAND: POST /session/72d3ab1ba266f930a2b6a477712043f2/element/f.EBB5C2C2381EC3CAEE229267ABEC6EDB.d.637DFEC67A1C365262D449E8200ABD31.e.8482/click - {}
RESULT: {}
COMMAND: GET /session/72d3ab1ba266f930a2b6a477712043f2/screenshot - {}
RESULT: {}
]]></system-out>
    </testcase>
  </testsuite>
  <testsuite timestamp="2025-04-18T18:09:25" time="49.01" tests="1" failures="0" errors="0" skipped="0">
    <properties>
      <property name="specId" value="0"/>
      <property name="suiteName" value="Standard contract decline US151279"/>
      <property name="capabilities" value="chrome.135_0_7049_42.windows"/>
      <property name="file" value="file:///D:/a/1/s/test/specs/R2C/standard-contract-decline.spec.js"/>
    </properties>
    <testcase classname="chrome.135_0_7049_42.windows.Standard_contract_decline_US151279" name="Should decline a contract" time="45.677">
      <system-out><![CDATA[
COMMAND: POST /session/72d3ab1ba266f930a2b6a477712043f2/execute/async - {"script":"<script> [1562 bytes]","args":[{"selector":{"controlType":"sap.m.GenericTile","properties":{"header":"Manage Contracts"}},"wdio_ui5_key":"sapm.GenericTile{\"header\":\"Manage Contracts\"}"}]}
RESULT: {"script":"<script> [1562 bytes]","args":[{"selector":{"controlType":"sap.m.GenericTile","properties":{"header":"Manage Contracts"}},"wdio_ui5_key":"sapm.GenericTile{\"header\":\"Manage Contracts\"}"}]}
RESULT: undefined
COMMAND: POST /session/72d3ab1ba266f930a2b6a477712043f2/element - {"using":"xpath","value":"//*[@id=\"__tile133\"]"}
RESULT: {"using":"xpath","value":"//*[@id=\"__tile133\"]"}
COMMAND: POST /session/72d3ab1ba266f930a2b6a477712043f2/element/f.EBB5C2C2381EC3CAEE229267ABEC6EDB.d.637DFEC67A1C365262D449E8200ABD31.e.8928/click - {}
RESULT: {}
COMMAND: GET /session/72d3ab1ba266f930a2b6a477712043f2/screenshot - {}
RESULT: undefined
RESULT: {}
COMMAND: POST /session/72d3ab1ba266f930a2b6a477712043f2/element - {"using":"xpath","value":"//input[contains(@id ,\"smartContractFilterBar-btnBasicSearch-I\")]"}
RESULT: {"using":"xpath","value":"//input[contains(@id ,\"smartContractFilterBar-btnBasicSearch-I\")]"}
COMMAND: POST /session/72d3ab1ba266f930a2b6a477712043f2/element/f.EBB5C2C2381EC3CAEE229267ABEC6EDB.d.637DFEC67A1C365262D449E8200ABD31.e.8934/clear - {}
RESULT: {}
COMMAND: POST /session/72d3ab1ba266f930a2b6a477712043f2/element/f.EBB5C2C2381EC3CAEE229267ABEC6EDB.d.637DFEC67A1C365262D449E8200ABD31.e.8934/value - {"text":"10464"}
COMMAND: GET /session/72d3ab1ba266f930a2b6a477712043f2/screenshot - {}
RESULT: {"text":"10464"}
COMMAND: POST /session/72d3ab1ba266f930a2b6a477712043f2/actions - {"actions":[{"id":"action43","type":"key","parameters":{},"actions":[{"type":"keyDown","value":""},{"type":"pause","duration":10},{"type":"keyUp","value":""}]}]}
COMMAND: GET /session/72d3ab1ba266f930a2b6a477712043f2/screenshot - {}
RESULT: {}
RESULT: {"actions":[{"id":"action43","type":"key","parameters":{},"actions":[{"type":"keyDown","value":""},{"type":"pause","duration":10},{"type":"keyUp","value":""}]}]}
COMMAND: GET /session/72d3ab1ba266f930a2b6a477712043f2/screenshot - {}
RESULT: {}
RESULT: {}
COMMAND: POST /session/72d3ab1ba266f930a2b6a477712043f2/execute/async - {"script":"<script> [1562 bytes]","args":[{"selector":{"controlType":"sap.ui.core.Icon","viewName":"etm.portal.ui.managecontracts.view.Master","properties":{"src":{"regex":{"source":"slim\\-arrow\\-right"}}}},"wdio_ui5_key":"etmportal.ui.managecontracts.view.Mastersap.ui.core.Icon{\"src\":{\"regex\":{\"source\":\"slim\\\\-arrow\\\\-right\"}}}"}]}
RESULT: {"script":"<script> [1562 bytes]","args":[{"selector":{"controlType":"sap.ui.core.Icon","viewName":"etm.portal.ui.managecontracts.view.Master","properties":{"src":{"regex":{"source":"slim\\-arrow\\-right"}}}},"wdio_ui5_key":"etmportal.ui.managecontracts.view.Mastersap.ui.core.Icon{\"src\":{\"regex\":{\"source\":\"slim\\\\-arrow\\\\-right\"}}}"}]}
RESULT: undefined
COMMAND: POST /session/72d3ab1ba266f930a2b6a477712043f2/element - {"using":"xpath","value":"//*[@id=\"__item80-__clone221-imgNav\"]"}
RESULT: {"using":"xpath","value":"//*[@id=\"__item80-__clone221-imgNav\"]"}
COMMAND: POST /session/72d3ab1ba266f930a2b6a477712043f2/element/f.EBB5C2C2381EC3CAEE229267ABEC6EDB.d.637DFEC67A1C365262D449E8200ABD31.e.9036/click - {}
RESULT: {}
COMMAND: GET /session/72d3ab1ba266f930a2b6a477712043f2/screenshot - {}
RESULT: {}
COMMAND: POST /session/72d3ab1ba266f930a2b6a477712043f2/execute/async - {"script":"<script> [1562 bytes]","args":[{"selector":{"id":"cancelContractBtn","viewName":"etm.portal.ui.managecontracts.view.Detail","interaction":{"idSuffix":"BDI-content"}},"wdio_ui5_key":"cancelContractBtnetmportal.ui.managecontracts.view.Detail"}]}
RESULT: {"script":"<script> [1562 bytes]","args":[{"selector":{"id":"cancelContractBtn","viewName":"etm.portal.ui.managecontracts.view.Detail","interaction":{"idSuffix":"BDI-content"}},"wdio_ui5_key":"cancelContractBtnetmportal.ui.managecontracts.view.Detail"}]}
RESULT: undefined
COMMAND: POST /session/72d3ab1ba266f930a2b6a477712043f2/element - {"using":"xpath","value":"//*[@id=\"__xmlview61--cancelContractBtn\"]"}
RESULT: {"using":"xpath","value":"//*[@id=\"__xmlview61--cancelContractBtn\"]"}
COMMAND: POST /session/72d3ab1ba266f930a2b6a477712043f2/element/f.EBB5C2C2381EC3CAEE229267ABEC6EDB.d.637DFEC67A1C365262D449E8200ABD31.e.9156/click - {}
RESULT: {}
COMMAND: GET /session/72d3ab1ba266f930a2b6a477712043f2/screenshot - {}
RESULT: {}
COMMAND: POST /session/72d3ab1ba266f930a2b6a477712043f2/execute/async - {"script":"<script> [1562 bytes]","args":[{"selector":{"controlType":"sap.m.Text","properties":{"text":"Do you want to cancel the whole contract?"},"searchOpenDialogs":true},"wdio_ui5_key":"sapm.Text{\"text\":\"Do you want to cancel the whole contract?\"}"}]}
RESULT: {"script":"<script> [1562 bytes]","args":[{"selector":{"controlType":"sap.m.Text","properties":{"text":"Do you want to cancel the whole contract?"},"searchOpenDialogs":true},"wdio_ui5_key":"sapm.Text{\"text\":\"Do you want to cancel the whole contract?\"}"}]}
RESULT: undefined
COMMAND: POST /session/72d3ab1ba266f930a2b6a477712043f2/execute/async - {"script":"<script> [6424 bytes]","args":[{"element-6066-11e4-a52e-4f735466cecf":"f.EBB5C2C2381EC3CAEE229267ABEC6EDB.d.637DFEC67A1C365262D449E8200ABD31.e.9201"},"getText",[]]}
RESULT: {"script":"<script> [6424 bytes]","args":[{"element-6066-11e4-a52e-4f735466cecf":"f.EBB5C2C2381EC3CAEE229267ABEC6EDB.d.637DFEC67A1C365262D449E8200ABD31.e.9201"},"getText",[]]}
COMMAND: POST /session/72d3ab1ba266f930a2b6a477712043f2/element - {"using":"xpath","value":"//bdi[contains(text(), \"OK\")]"}
RESULT: {"using":"xpath","value":"//bdi[contains(text(), \"OK\")]"}
COMMAND: POST /session/72d3ab1ba266f930a2b6a477712043f2/element/f.EBB5C2C2381EC3CAEE229267ABEC6EDB.d.637DFEC67A1C365262D449E8200ABD31.e.9202/click - {}
RESULT: {}
COMMAND: GET /session/72d3ab1ba266f930a2b6a477712043f2/screenshot - {}
RESULT: {}
COMMAND: POST /session/72d3ab1ba266f930a2b6a477712043f2/element - {"using":"xpath","value":"//input[contains(@id ,\"smartContractFilterBar-btnBasicSearch-I\")]"}
RESULT: {"using":"xpath","value":"//input[contains(@id ,\"smartContractFilterBar-btnBasicSearch-I\")]"}
COMMAND: POST /session/72d3ab1ba266f930a2b6a477712043f2/element/f.EBB5C2C2381EC3CAEE229267ABEC6EDB.d.637DFEC67A1C365262D449E8200ABD31.e.8934/clear - {}
RESULT: {}
COMMAND: POST /session/72d3ab1ba266f930a2b6a477712043f2/element/f.EBB5C2C2381EC3CAEE229267ABEC6EDB.d.637DFEC67A1C365262D449E8200ABD31.e.8934/value - {"text":"10464"}
COMMAND: GET /session/72d3ab1ba266f930a2b6a477712043f2/screenshot - {}
RESULT: {"text":"10464"}
COMMAND: POST /session/72d3ab1ba266f930a2b6a477712043f2/actions - {"actions":[{"id":"action44","type":"key","parameters":{},"actions":[{"type":"keyDown","value":""},{"type":"pause","duration":10},{"type":"keyUp","value":""}]}]}
COMMAND: GET /session/72d3ab1ba266f930a2b6a477712043f2/screenshot - {}
RESULT: {}
RESULT: {"actions":[{"id":"action44","type":"key","parameters":{},"actions":[{"type":"keyDown","value":""},{"type":"pause","duration":10},{"type":"keyUp","value":""}]}]}
COMMAND: GET /session/72d3ab1ba266f930a2b6a477712043f2/screenshot - {}
RESULT: {}
RESULT: {}
COMMAND: POST /session/72d3ab1ba266f930a2b6a477712043f2/execute/async - {"script":"<script> [1562 bytes]","args":[{"selector":{"controlType":"sap.m.ObjectStatus","viewName":"etm.portal.ui.managecontracts.view.Master","bindingPath":{"path":"/SmartContractHeaders('10464')","propertyPath":"STATUS_DESCRIPTION"}},"wdio_ui5_key":"etmportal.ui.managecontracts.view.Mastersap.m.ObjectStatus{\"path\":\"/SmartContractHeaders('10464')\",\"propertyPath\":\"STATUS_DESCRIPTION\"}"}]}
RESULT: {"script":"<script> [1562 bytes]","args":[{"selector":{"controlType":"sap.m.ObjectStatus","viewName":"etm.portal.ui.managecontracts.view.Master","bindingPath":{"path":"/SmartContractHeaders('10464')","propertyPath":"STATUS_DESCRIPTION"}},"wdio_ui5_key":"etmportal.ui.managecontracts.view.Mastersap.m.ObjectStatus{\"path\":\"/SmartContractHeaders('10464')\",\"propertyPath\":\"STATUS_DESCRIPTION\"}"}]}
RESULT: undefined
COMMAND: POST /session/72d3ab1ba266f930a2b6a477712043f2/execute/async - {"script":"<script> [6424 bytes]","args":[{"element-6066-11e4-a52e-4f735466cecf":"f.EBB5C2C2381EC3CAEE229267ABEC6EDB.d.637DFEC67A1C365262D449E8200ABD31.e.9258"},"getText",[]]}
RESULT: {"script":"<script> [6424 bytes]","args":[{"element-6066-11e4-a52e-4f735466cecf":"f.EBB5C2C2381EC3CAEE229267ABEC6EDB.d.637DFEC67A1C365262D449E8200ABD31.e.9258"},"getText",[]]}
RESULT: undefined
COMMAND: POST /session/72d3ab1ba266f930a2b6a477712043f2/element - {"using":"xpath","value":"//*[@id=\"__item80-__clone221-imgNav\"]"}
RESULT: {"using":"xpath","value":"//*[@id=\"__item80-__clone221-imgNav\"]"}
COMMAND: POST /session/72d3ab1ba266f930a2b6a477712043f2/element/f.EBB5C2C2381EC3CAEE229267ABEC6EDB.d.637DFEC67A1C365262D449E8200ABD31.e.9036/click - {}
RESULT: {}
COMMAND: GET /session/72d3ab1ba266f930a2b6a477712043f2/screenshot - {}
RESULT: {}
COMMAND: POST /session/72d3ab1ba266f930a2b6a477712043f2/execute/async - {"script":"<script> [1562 bytes]","args":[{"selector":{"controlType":"sap.m.ObjectStatus","viewName":"etm.portal.ui.managecontracts.view.Detail","bindingPath":{"path":"/SmartContractItems(CONTRACT='10464',ITEM=10m,SUB_ITEM=0m)","propertyPath":"STATUS"}},"wdio_ui5_key":"etmportal.ui.managecontracts.view.Detailsap.m.ObjectStatus{\"path\":\"/SmartContractItems(CONTRACT='10464',ITEM=10m,SUB_ITEM=0m)\",\"propertyPath\":\"STATUS\"}"}]}
RESULT: {"script":"<script> [1562 bytes]","args":[{"selector":{"controlType":"sap.m.ObjectStatus","viewName":"etm.portal.ui.managecontracts.view.Detail","bindingPath":{"path":"/SmartContractItems(CONTRACT='10464',ITEM=10m,SUB_ITEM=0m)","propertyPath":"STATUS"}},"wdio_ui5_key":"etmportal.ui.managecontracts.view.Detailsap.m.ObjectStatus{\"path\":\"/SmartContractItems(CONTRACT='10464',ITEM=10m,SUB_ITEM=0m)\",\"propertyPath\":\"STATUS\"}"}]}
RESULT: undefined
COMMAND: POST /session/72d3ab1ba266f930a2b6a477712043f2/execute/async - {"script":"<script> [6424 bytes]","args":[{"element-6066-11e4-a52e-4f735466cecf":"f.EBB5C2C2381EC3CAEE229267ABEC6EDB.d.637DFEC67A1C365262D449E8200ABD31.e.9280"},"getText",[]]}
RESULT: {"script":"<script> [6424 bytes]","args":[{"element-6066-11e4-a52e-4f735466cecf":"f.EBB5C2C2381EC3CAEE229267ABEC6EDB.d.637DFEC67A1C365262D449E8200ABD31.e.9280"},"getText",[]]}
COMMAND: POST /session/72d3ab1ba266f930a2b6a477712043f2/element - {"using":"css selector","value":"#shell-header-logo"}
RESULT: {"using":"css selector","value":"#shell-header-logo"}
COMMAND: POST /session/72d3ab1ba266f930a2b6a477712043f2/element/f.EBB5C2C2381EC3CAEE229267ABEC6EDB.d.637DFEC67A1C365262D449E8200ABD31.e.8930/click - {}
RESULT: {}
COMMAND: GET /session/72d3ab1ba266f930a2b6a477712043f2/screenshot - {}
RESULT: {}
]]></system-out>
    </testcase>
  </testsuite>
  <testsuite timestamp="2025-04-18T18:10:14" time="116.073" tests="2" failures="0" errors="0" skipped="0">
    <properties>
      <property name="specId" value="0"/>
      <property name="suiteName" value="Insert service into a contract US152956"/>
      <property name="capabilities" value="chrome.135_0_7049_42.windows"/>
      <property name="file" value="file:///D:/a/1/s/test/specs/R2C/insert-service-into-a-contract.spec.js"/>
    </properties>
    <testcase classname="chrome.135_0_7049_42.windows.Insert_service_into_a_contract_US152956" name="Should create a new contract" time="0.005">
      <system-out><![CDATA[
COMMAND: POST /session/72d3ab1ba266f930a2b6a477712043f2/execute/async - {"script":"<script> [1562 bytes]","args":[{"selector":{"controlType":"sap.m.Text","viewName":"etm.portal.ui.managecontractstile.view.Master","properties":{"text":"Manage Contracts"},"interaction":{"idSuffix":"inner"}},"wdio_ui5_key":"etmportal.ui.managecontractstile.view.Mastersap.m.Text{\"text\":\"Manage Contracts\"}"}]}
]]></system-out>
    </testcase>
    <testcase classname="chrome.135_0_7049_42.windows.Insert_service_into_a_contract_US152956" name="Should add a service unit and a service group to the contract" time="112.102">
      <system-out><![CDATA[
RESULT: {"script":"<script> [1562 bytes]","args":[{"selector":{"controlType":"sap.m.Text","viewName":"etm.portal.ui.managecontractstile.view.Master","properties":{"text":"Manage Contracts"},"interaction":{"idSuffix":"inner"}},"wdio_ui5_key":"etmportal.ui.managecontractstile.view.Mastersap.m.Text{\"text\":\"Manage Contracts\"}"}]}
RESULT: undefined
COMMAND: POST /session/72d3ab1ba266f930a2b6a477712043f2/element - {"using":"xpath","value":"//*[@id=\"__tile133-title\"]"}
RESULT: {"using":"xpath","value":"//*[@id=\"__tile133-title\"]"}
COMMAND: POST /session/72d3ab1ba266f930a2b6a477712043f2/element/f.EBB5C2C2381EC3CAEE229267ABEC6EDB.d.637DFEC67A1C365262D449E8200ABD31.e.9284/click - {}
RESULT: {}
COMMAND: GET /session/72d3ab1ba266f930a2b6a477712043f2/screenshot - {}
RESULT: {}
RESULT: undefined
COMMAND: POST /session/72d3ab1ba266f930a2b6a477712043f2/element - {"using":"xpath","value":"//button[@data-kt=\"contractDetailEditBtnButton\"]"}
RESULT: {"using":"xpath","value":"//button[@data-kt=\"contractDetailEditBtnButton\"]"}
COMMAND: POST /session/72d3ab1ba266f930a2b6a477712043f2/elements - {"using":"xpath","value":"//button[@data-kt=\"contractDetailEditBtnButton\"]"}
RESULT: {"using":"xpath","value":"//button[@data-kt=\"contractDetailEditBtnButton\"]"}
COMMAND: POST /session/72d3ab1ba266f930a2b6a477712043f2/elements - {"using":"xpath","value":"//button[@data-kt=\"contractDetailEditBtnButton\"]"}
RESULT: {"using":"xpath","value":"//button[@data-kt=\"contractDetailEditBtnButton\"]"}
COMMAND: POST /session/72d3ab1ba266f930a2b6a477712043f2/elements - {"using":"xpath","value":"//button[@data-kt=\"contractDetailEditBtnButton\"]"}
RESULT: {"using":"xpath","value":"//button[@data-kt=\"contractDetailEditBtnButton\"]"}
COMMAND: POST /session/72d3ab1ba266f930a2b6a477712043f2/elements - {"using":"xpath","value":"//button[@data-kt=\"contractDetailEditBtnButton\"]"}
RESULT: {"using":"xpath","value":"//button[@data-kt=\"contractDetailEditBtnButton\"]"}
COMMAND: POST /session/72d3ab1ba266f930a2b6a477712043f2/elements - {"using":"xpath","value":"//button[@data-kt=\"contractDetailEditBtnButton\"]"}
RESULT: {"using":"xpath","value":"//button[@data-kt=\"contractDetailEditBtnButton\"]"}
COMMAND: POST /session/72d3ab1ba266f930a2b6a477712043f2/elements - {"using":"xpath","value":"//button[@data-kt=\"contractDetailEditBtnButton\"]"}
RESULT: {"using":"xpath","value":"//button[@data-kt=\"contractDetailEditBtnButton\"]"}
COMMAND: POST /session/72d3ab1ba266f930a2b6a477712043f2/elements - {"using":"xpath","value":"//button[@data-kt=\"contractDetailEditBtnButton\"]"}
RESULT: {"using":"xpath","value":"//button[@data-kt=\"contractDetailEditBtnButton\"]"}
COMMAND: POST /session/72d3ab1ba266f930a2b6a477712043f2/element - {"using":"xpath","value":"//button[@data-kt=\"addButton\"]"}
RESULT: {"using":"xpath","value":"//button[@data-kt=\"addButton\"]"}
COMMAND: POST /session/72d3ab1ba266f930a2b6a477712043f2/element/f.EBB5C2C2381EC3CAEE229267ABEC6EDB.d.637DFEC67A1C365262D449E8200ABD31.e.9312/click - {}
RESULT: {}
COMMAND: GET /session/72d3ab1ba266f930a2b6a477712043f2/screenshot - {}
COMMAND: POST /session/72d3ab1ba266f930a2b6a477712043f2/elements - {"using":"xpath","value":"//button[@data-kt=\"contractDetailEditBtnButton\"]"}
RESULT: {}
RESULT: {"using":"xpath","value":"//button[@data-kt=\"contractDetailEditBtnButton\"]"}
COMMAND: POST /session/72d3ab1ba266f930a2b6a477712043f2/elements - {"using":"xpath","value":"//button[@data-kt=\"contractDetailEditBtnButton\"]"}
RESULT: {"using":"xpath","value":"//button[@data-kt=\"contractDetailEditBtnButton\"]"}
COMMAND: POST /session/72d3ab1ba266f930a2b6a477712043f2/elements - {"using":"xpath","value":"//button[@data-kt=\"contractDetailEditBtnButton\"]"}
RESULT: {"using":"xpath","value":"//button[@data-kt=\"contractDetailEditBtnButton\"]"}
COMMAND: POST /session/72d3ab1ba266f930a2b6a477712043f2/elements - {"using":"xpath","value":"//button[@data-kt=\"contractDetailEditBtnButton\"]"}
RESULT: {"using":"xpath","value":"//button[@data-kt=\"contractDetailEditBtnButton\"]"}
COMMAND: POST /session/72d3ab1ba266f930a2b6a477712043f2/elements - {"using":"xpath","value":"//button[@data-kt=\"contractDetailEditBtnButton\"]"}
RESULT: {"using":"xpath","value":"//button[@data-kt=\"contractDetailEditBtnButton\"]"}
COMMAND: POST /session/72d3ab1ba266f930a2b6a477712043f2/elements - {"using":"xpath","value":"//button[@data-kt=\"contractDetailEditBtnButton\"]"}
RESULT: {"using":"xpath","value":"//button[@data-kt=\"contractDetailEditBtnButton\"]"}
COMMAND: POST /session/72d3ab1ba266f930a2b6a477712043f2/elements - {"using":"xpath","value":"//button[@data-kt=\"contractDetailEditBtnButton\"]"}
RESULT: {"using":"xpath","value":"//button[@data-kt=\"contractDetailEditBtnButton\"]"}
COMMAND: POST /session/72d3ab1ba266f930a2b6a477712043f2/elements - {"using":"xpath","value":"//button[@data-kt=\"contractDetailEditBtnButton\"]"}
RESULT: {"using":"xpath","value":"//button[@data-kt=\"contractDetailEditBtnButton\"]"}
COMMAND: POST /session/72d3ab1ba266f930a2b6a477712043f2/elements - {"using":"xpath","value":"//button[@data-kt=\"contractDetailEditBtnButton\"]"}
RESULT: {"using":"xpath","value":"//button[@data-kt=\"contractDetailEditBtnButton\"]"}
COMMAND: POST /session/72d3ab1ba266f930a2b6a477712043f2/elements - {"using":"xpath","value":"//button[@data-kt=\"contractDetailEditBtnButton\"]"}
RESULT: {"using":"xpath","value":"//button[@data-kt=\"contractDetailEditBtnButton\"]"}
COMMAND: POST /session/72d3ab1ba266f930a2b6a477712043f2/elements - {"using":"xpath","value":"//button[@data-kt=\"contractDetailEditBtnButton\"]"}
RESULT: {"using":"xpath","value":"//button[@data-kt=\"contractDetailEditBtnButton\"]"}
COMMAND: POST /session/72d3ab1ba266f930a2b6a477712043f2/elements - {"using":"xpath","value":"//button[@data-kt=\"contractDetailEditBtnButton\"]"}
RESULT: {"using":"xpath","value":"//button[@data-kt=\"contractDetailEditBtnButton\"]"}
COMMAND: POST /session/72d3ab1ba266f930a2b6a477712043f2/elements - {"using":"xpath","value":"//button[@data-kt=\"contractDetailEditBtnButton\"]"}
RESULT: {"using":"xpath","value":"//button[@data-kt=\"contractDetailEditBtnButton\"]"}
COMMAND: POST /session/72d3ab1ba266f930a2b6a477712043f2/elements - {"using":"xpath","value":"//button[@data-kt=\"contractDetailEditBtnButton\"]"}
RESULT: {"using":"xpath","value":"//button[@data-kt=\"contractDetailEditBtnButton\"]"}
COMMAND: POST /session/72d3ab1ba266f930a2b6a477712043f2/elements - {"using":"xpath","value":"//button[@data-kt=\"contractDetailEditBtnButton\"]"}
RESULT: {"using":"xpath","value":"//button[@data-kt=\"contractDetailEditBtnButton\"]"}
COMMAND: POST /session/72d3ab1ba266f930a2b6a477712043f2/elements - {"using":"xpath","value":"//button[@data-kt=\"contractDetailEditBtnButton\"]"}
RESULT: {"using":"xpath","value":"//button[@data-kt=\"contractDetailEditBtnButton\"]"}
COMMAND: POST /session/72d3ab1ba266f930a2b6a477712043f2/elements - {"using":"xpath","value":"//button[@data-kt=\"contractDetailEditBtnButton\"]"}
RESULT: {"using":"xpath","value":"//button[@data-kt=\"contractDetailEditBtnButton\"]"}
COMMAND: POST /session/72d3ab1ba266f930a2b6a477712043f2/elements - {"using":"xpath","value":"//button[@data-kt=\"contractDetailEditBtnButton\"]"}
RESULT: {"using":"xpath","value":"//button[@data-kt=\"contractDetailEditBtnButton\"]"}
COMMAND: POST /session/72d3ab1ba266f930a2b6a477712043f2/elements - {"using":"xpath","value":"//button[@data-kt=\"contractDetailEditBtnButton\"]"}
RESULT: {"using":"xpath","value":"//button[@data-kt=\"contractDetailEditBtnButton\"]"}
COMMAND: POST /session/72d3ab1ba266f930a2b6a477712043f2/elements - {"using":"xpath","value":"//button[@data-kt=\"contractDetailEditBtnButton\"]"}
RESULT: {"using":"xpath","value":"//button[@data-kt=\"contractDetailEditBtnButton\"]"}
COMMAND: POST /session/72d3ab1ba266f930a2b6a477712043f2/execute/async - {"script":"<script> [1562 bytes]","args":[{"selector":{"id":"application-managecontracts-display-component---AddNewContract--projectDescription","interaction":{"idSuffix":"inner"}},"wdio_ui5_key":"applicationmanagecontracts-display-component---AddNewContract--projectDescription"}]}
COMMAND: POST /session/72d3ab1ba266f930a2b6a477712043f2/elements - {"using":"xpath","value":"//button[@data-kt=\"contractDetailEditBtnButton\"]"}
RESULT: {"script":"<script> [1562 bytes]","args":[{"selector":{"id":"application-managecontracts-display-component---AddNewContract--projectDescription","interaction":{"idSuffix":"inner"}},"wdio_ui5_key":"applicationmanagecontracts-display-component---AddNewContract--projectDescription"}]}
RESULT: undefined
COMMAND: POST /session/72d3ab1ba266f930a2b6a477712043f2/execute/async - {"script":"<script> [776 bytes]","args":[{"enterText":"WdIOR2ctfs6z","selector":{"id":"application-managecontracts-display-component---AddNewContract--projectDescription","interaction":{"idSuffix":"inner"}},"clearTextFirst":true,"interactionType":"ENTER_TEXT"}]}
RESULT: {"using":"xpath","value":"//button[@data-kt=\"contractDetailEditBtnButton\"]"}
COMMAND: POST /session/72d3ab1ba266f930a2b6a477712043f2/elements - {"using":"xpath","value":"//button[@data-kt=\"contractDetailEditBtnButton\"]"}
RESULT: {"script":"<script> [776 bytes]","args":[{"enterText":"WdIOR2ctfs6z","selector":{"id":"application-managecontracts-display-component---AddNewContract--projectDescription","interaction":{"idSuffix":"inner"}},"clearTextFirst":true,"interactionType":"ENTER_TEXT"}]}
COMMAND: POST /session/72d3ab1ba266f930a2b6a477712043f2/element - {"using":"xpath","value":"//input[@id=\"application-managecontracts-display-component---AddNewContract--yardId-inner\"]"}
RESULT: {"using":"xpath","value":"//button[@data-kt=\"contractDetailEditBtnButton\"]"}
RESULT: {"using":"xpath","value":"//input[@id=\"application-managecontracts-display-component---AddNewContract--yardId-inner\"]"}
COMMAND: POST /session/72d3ab1ba266f930a2b6a477712043f2/element/f.EBB5C2C2381EC3CAEE229267ABEC6EDB.d.637DFEC67A1C365262D449E8200ABD31.e.9623/clear - {}
RESULT: {}
COMMAND: POST /session/72d3ab1ba266f930a2b6a477712043f2/element/f.EBB5C2C2381EC3CAEE229267ABEC6EDB.d.637DFEC67A1C365262D449E8200ABD31.e.9623/value - {"text":"WebdriverYardl7cbck"}
COMMAND: GET /session/72d3ab1ba266f930a2b6a477712043f2/screenshot - {}
COMMAND: POST /session/72d3ab1ba266f930a2b6a477712043f2/elements - {"using":"xpath","value":"//button[@data-kt=\"contractDetailEditBtnButton\"]"}
RESULT: {"text":"WebdriverYardl7cbck"}
COMMAND: GET /session/72d3ab1ba266f930a2b6a477712043f2/screenshot - {}
RESULT: {}
RESULT: {"using":"xpath","value":"//button[@data-kt=\"contractDetailEditBtnButton\"]"}
COMMAND: POST /session/72d3ab1ba266f930a2b6a477712043f2/elements - {"using":"xpath","value":"//button[@data-kt=\"contractDetailEditBtnButton\"]"}
RESULT: {}
RESULT: {"using":"xpath","value":"//button[@data-kt=\"contractDetailEditBtnButton\"]"}
COMMAND: POST /session/72d3ab1ba266f930a2b6a477712043f2/elements - {"using":"xpath","value":"//button[@data-kt=\"contractDetailEditBtnButton\"]"}
RESULT: {"using":"xpath","value":"//button[@data-kt=\"contractDetailEditBtnButton\"]"}
COMMAND: POST /session/72d3ab1ba266f930a2b6a477712043f2/elements - {"using":"xpath","value":"//button[@data-kt=\"contractDetailEditBtnButton\"]"}
RESULT: {"using":"xpath","value":"//button[@data-kt=\"contractDetailEditBtnButton\"]"}
COMMAND: POST /session/72d3ab1ba266f930a2b6a477712043f2/elements - {"using":"xpath","value":"//button[@data-kt=\"contractDetailEditBtnButton\"]"}
RESULT: {"using":"xpath","value":"//button[@data-kt=\"contractDetailEditBtnButton\"]"}
COMMAND: POST /session/72d3ab1ba266f930a2b6a477712043f2/elements - {"using":"xpath","value":"//button[@data-kt=\"contractDetailEditBtnButton\"]"}
RESULT: {"using":"xpath","value":"//button[@data-kt=\"contractDetailEditBtnButton\"]"}
COMMAND: POST /session/72d3ab1ba266f930a2b6a477712043f2/elements - {"using":"xpath","value":"//button[@data-kt=\"contractDetailEditBtnButton\"]"}
RESULT: {"using":"xpath","value":"//button[@data-kt=\"contractDetailEditBtnButton\"]"}
COMMAND: POST /session/72d3ab1ba266f930a2b6a477712043f2/elements - {"using":"xpath","value":"//button[@data-kt=\"contractDetailEditBtnButton\"]"}
RESULT: {"using":"xpath","value":"//button[@data-kt=\"contractDetailEditBtnButton\"]"}
COMMAND: POST /session/72d3ab1ba266f930a2b6a477712043f2/actions - {"actions":[{"id":"action45","type":"key","parameters":{},"actions":[{"type":"keyDown","value":""},{"type":"pause","duration":10},{"type":"keyUp","value":""}]}]}
COMMAND: POST /session/72d3ab1ba266f930a2b6a477712043f2/elements - {"using":"xpath","value":"//button[@data-kt=\"contractDetailEditBtnButton\"]"}
RESULT: {"actions":[{"id":"action45","type":"key","parameters":{},"actions":[{"type":"keyDown","value":""},{"type":"pause","duration":10},{"type":"keyUp","value":""}]}]}
RESULT: {"using":"xpath","value":"//button[@data-kt=\"contractDetailEditBtnButton\"]"}
COMMAND: GET /session/72d3ab1ba266f930a2b6a477712043f2/screenshot - {}
RESULT: {}
COMMAND: POST /session/72d3ab1ba266f930a2b6a477712043f2/elements - {"using":"xpath","value":"//button[@data-kt=\"contractDetailEditBtnButton\"]"}
RESULT: {"using":"xpath","value":"//button[@data-kt=\"contractDetailEditBtnButton\"]"}
COMMAND: POST /session/72d3ab1ba266f930a2b6a477712043f2/elements - {"using":"xpath","value":"//button[@data-kt=\"contractDetailEditBtnButton\"]"}
RESULT: {"using":"xpath","value":"//button[@data-kt=\"contractDetailEditBtnButton\"]"}
COMMAND: POST /session/72d3ab1ba266f930a2b6a477712043f2/elements - {"using":"xpath","value":"//button[@data-kt=\"contractDetailEditBtnButton\"]"}
RESULT: {"using":"xpath","value":"//button[@data-kt=\"contractDetailEditBtnButton\"]"}
COMMAND: POST /session/72d3ab1ba266f930a2b6a477712043f2/elements - {"using":"xpath","value":"//button[@data-kt=\"contractDetailEditBtnButton\"]"}
RESULT: {"using":"xpath","value":"//button[@data-kt=\"contractDetailEditBtnButton\"]"}
COMMAND: POST /session/72d3ab1ba266f930a2b6a477712043f2/element - {"using":"xpath","value":"//input[@id=\"application-managecontracts-display-component---AddNewContract--customerSelect-inner\"]"}
RESULT: {"using":"xpath","value":"//input[@id=\"application-managecontracts-display-component---AddNewContract--customerSelect-inner\"]"}
COMMAND: POST /session/72d3ab1ba266f930a2b6a477712043f2/element/f.EBB5C2C2381EC3CAEE229267ABEC6EDB.d.637DFEC67A1C365262D449E8200ABD31.e.9621/clear - {}
RESULT: {}
COMMAND: POST /session/72d3ab1ba266f930a2b6a477712043f2/element/f.EBB5C2C2381EC3CAEE229267ABEC6EDB.d.637DFEC67A1C365262D449E8200ABD31.e.9621/value - {"text":"WebdriverPartnera9gdek"}
COMMAND: GET /session/72d3ab1ba266f930a2b6a477712043f2/screenshot - {}
COMMAND: POST /session/72d3ab1ba266f930a2b6a477712043f2/elements - {"using":"xpath","value":"//button[@data-kt=\"contractDetailEditBtnButton\"]"}
RESULT: {"text":"WebdriverPartnera9gdek"}
COMMAND: GET /session/72d3ab1ba266f930a2b6a477712043f2/screenshot - {}
RESULT: {}
RESULT: {"using":"xpath","value":"//button[@data-kt=\"contractDetailEditBtnButton\"]"}
COMMAND: POST /session/72d3ab1ba266f930a2b6a477712043f2/elements - {"using":"xpath","value":"//button[@data-kt=\"contractDetailEditBtnButton\"]"}
RESULT: {}
RESULT: {"using":"xpath","value":"//button[@data-kt=\"contractDetailEditBtnButton\"]"}
COMMAND: POST /session/72d3ab1ba266f930a2b6a477712043f2/elements - {"using":"xpath","value":"//button[@data-kt=\"contractDetailEditBtnButton\"]"}
RESULT: {"using":"xpath","value":"//button[@data-kt=\"contractDetailEditBtnButton\"]"}
COMMAND: POST /session/72d3ab1ba266f930a2b6a477712043f2/elements - {"using":"xpath","value":"//button[@data-kt=\"contractDetailEditBtnButton\"]"}
RESULT: {"using":"xpath","value":"//button[@data-kt=\"contractDetailEditBtnButton\"]"}
COMMAND: POST /session/72d3ab1ba266f930a2b6a477712043f2/elements - {"using":"xpath","value":"//button[@data-kt=\"contractDetailEditBtnButton\"]"}
RESULT: {"using":"xpath","value":"//button[@data-kt=\"contractDetailEditBtnButton\"]"}
COMMAND: POST /session/72d3ab1ba266f930a2b6a477712043f2/elements - {"using":"xpath","value":"//button[@data-kt=\"contractDetailEditBtnButton\"]"}
RESULT: {"using":"xpath","value":"//button[@data-kt=\"contractDetailEditBtnButton\"]"}
COMMAND: POST /session/72d3ab1ba266f930a2b6a477712043f2/elements - {"using":"xpath","value":"//button[@data-kt=\"contractDetailEditBtnButton\"]"}
RESULT: {"using":"xpath","value":"//button[@data-kt=\"contractDetailEditBtnButton\"]"}
COMMAND: POST /session/72d3ab1ba266f930a2b6a477712043f2/elements - {"using":"xpath","value":"//button[@data-kt=\"contractDetailEditBtnButton\"]"}
RESULT: {"using":"xpath","value":"//button[@data-kt=\"contractDetailEditBtnButton\"]"}
COMMAND: POST /session/72d3ab1ba266f930a2b6a477712043f2/actions - {"actions":[{"id":"action46","type":"key","parameters":{},"actions":[{"type":"keyDown","value":""},{"type":"pause","duration":10},{"type":"keyUp","value":""}]}]}
RESULT: {"actions":[{"id":"action46","type":"key","parameters":{},"actions":[{"type":"keyDown","value":""},{"type":"pause","duration":10},{"type":"keyUp","value":""}]}]}
COMMAND: GET /session/72d3ab1ba266f930a2b6a477712043f2/screenshot - {}
COMMAND: POST /session/72d3ab1ba266f930a2b6a477712043f2/elements - {"using":"xpath","value":"//button[@data-kt=\"contractDetailEditBtnButton\"]"}
RESULT: {}
RESULT: {"using":"xpath","value":"//button[@data-kt=\"contractDetailEditBtnButton\"]"}
COMMAND: POST /session/72d3ab1ba266f930a2b6a477712043f2/elements - {"using":"xpath","value":"//button[@data-kt=\"contractDetailEditBtnButton\"]"}
RESULT: {"using":"xpath","value":"//button[@data-kt=\"contractDetailEditBtnButton\"]"}
COMMAND: POST /session/72d3ab1ba266f930a2b6a477712043f2/elements - {"using":"xpath","value":"//button[@data-kt=\"contractDetailEditBtnButton\"]"}
RESULT: {"using":"xpath","value":"//button[@data-kt=\"contractDetailEditBtnButton\"]"}
COMMAND: POST /session/72d3ab1ba266f930a2b6a477712043f2/elements - {"using":"xpath","value":"//button[@data-kt=\"contractDetailEditBtnButton\"]"}
RESULT: {"using":"xpath","value":"//button[@data-kt=\"contractDetailEditBtnButton\"]"}
COMMAND: POST /session/72d3ab1ba266f930a2b6a477712043f2/element - {"using":"xpath","value":"//input[@id=\"application-managecontracts-display-component---AddNewContract--site-inner\"]"}
RESULT: {"using":"xpath","value":"//input[@id=\"application-managecontracts-display-component---AddNewContract--site-inner\"]"}
COMMAND: POST /session/72d3ab1ba266f930a2b6a477712043f2/element/f.EBB5C2C2381EC3CAEE229267ABEC6EDB.d.637DFEC67A1C365262D449E8200ABD31.e.9622/clear - {}
RESULT: {}
COMMAND: POST /session/72d3ab1ba266f930a2b6a477712043f2/element/f.EBB5C2C2381EC3CAEE229267ABEC6EDB.d.637DFEC67A1C365262D449E8200ABD31.e.9622/value - {"text":"WebdriverSiten9h5f"}
COMMAND: POST /session/72d3ab1ba266f930a2b6a477712043f2/elements - {"using":"xpath","value":"//button[@data-kt=\"contractDetailEditBtnButton\"]"}
COMMAND: GET /session/72d3ab1ba266f930a2b6a477712043f2/screenshot - {}
RESULT: {"text":"WebdriverSiten9h5f"}
COMMAND: GET /session/72d3ab1ba266f930a2b6a477712043f2/screenshot - {}
RESULT: {"using":"xpath","value":"//button[@data-kt=\"contractDetailEditBtnButton\"]"}
COMMAND: POST /session/72d3ab1ba266f930a2b6a477712043f2/elements - {"using":"xpath","value":"//button[@data-kt=\"contractDetailEditBtnButton\"]"}
RESULT: {}
RESULT: {}
RESULT: {"using":"xpath","value":"//button[@data-kt=\"contractDetailEditBtnButton\"]"}
COMMAND: POST /session/72d3ab1ba266f930a2b6a477712043f2/elements - {"using":"xpath","value":"//button[@data-kt=\"contractDetailEditBtnButton\"]"}
RESULT: {"using":"xpath","value":"//button[@data-kt=\"contractDetailEditBtnButton\"]"}
COMMAND: POST /session/72d3ab1ba266f930a2b6a477712043f2/elements - {"using":"xpath","value":"//button[@data-kt=\"contractDetailEditBtnButton\"]"}
RESULT: {"using":"xpath","value":"//button[@data-kt=\"contractDetailEditBtnButton\"]"}
COMMAND: POST /session/72d3ab1ba266f930a2b6a477712043f2/elements - {"using":"xpath","value":"//button[@data-kt=\"contractDetailEditBtnButton\"]"}
RESULT: {"using":"xpath","value":"//button[@data-kt=\"contractDetailEditBtnButton\"]"}
COMMAND: POST /session/72d3ab1ba266f930a2b6a477712043f2/elements - {"using":"xpath","value":"//button[@data-kt=\"contractDetailEditBtnButton\"]"}
RESULT: {"using":"xpath","value":"//button[@data-kt=\"contractDetailEditBtnButton\"]"}
COMMAND: POST /session/72d3ab1ba266f930a2b6a477712043f2/elements - {"using":"xpath","value":"//button[@data-kt=\"contractDetailEditBtnButton\"]"}
RESULT: {"using":"xpath","value":"//button[@data-kt=\"contractDetailEditBtnButton\"]"}
COMMAND: POST /session/72d3ab1ba266f930a2b6a477712043f2/elements - {"using":"xpath","value":"//button[@data-kt=\"contractDetailEditBtnButton\"]"}
RESULT: {"using":"xpath","value":"//button[@data-kt=\"contractDetailEditBtnButton\"]"}
COMMAND: POST /session/72d3ab1ba266f930a2b6a477712043f2/elements - {"using":"xpath","value":"//button[@data-kt=\"contractDetailEditBtnButton\"]"}
RESULT: {"using":"xpath","value":"//button[@data-kt=\"contractDetailEditBtnButton\"]"}
COMMAND: POST /session/72d3ab1ba266f930a2b6a477712043f2/actions - {"actions":[{"id":"action47","type":"key","parameters":{},"actions":[{"type":"keyDown","value":""},{"type":"pause","duration":10},{"type":"keyUp","value":""}]}]}
RESULT: {"actions":[{"id":"action47","type":"key","parameters":{},"actions":[{"type":"keyDown","value":""},{"type":"pause","duration":10},{"type":"keyUp","value":""}]}]}
COMMAND: POST /session/72d3ab1ba266f930a2b6a477712043f2/element - {"using":"xpath","value":"//button[@data-kt=\"saveButton\"]"}
COMMAND: GET /session/72d3ab1ba266f930a2b6a477712043f2/screenshot - {}
RESULT: {"using":"xpath","value":"//button[@data-kt=\"saveButton\"]"}
COMMAND: POST /session/72d3ab1ba266f930a2b6a477712043f2/element/f.EBB5C2C2381EC3CAEE229267ABEC6EDB.d.637DFEC67A1C365262D449E8200ABD31.e.9639/click - {}
COMMAND: POST /session/72d3ab1ba266f930a2b6a477712043f2/elements - {"using":"xpath","value":"//button[@data-kt=\"contractDetailEditBtnButton\"]"}
RESULT: {}
RESULT: {}
RESULT: {"using":"xpath","value":"//button[@data-kt=\"contractDetailEditBtnButton\"]"}
COMMAND: GET /session/72d3ab1ba266f930a2b6a477712043f2/screenshot - {}
COMMAND: POST /session/72d3ab1ba266f930a2b6a477712043f2/elements - {"using":"xpath","value":"//button[@data-kt=\"contractDetailEditBtnButton\"]"}
RESULT: {}
RESULT: {"using":"xpath","value":"//button[@data-kt=\"contractDetailEditBtnButton\"]"}
COMMAND: POST /session/72d3ab1ba266f930a2b6a477712043f2/elements - {"using":"xpath","value":"//button[@data-kt=\"contractDetailEditBtnButton\"]"}
RESULT: {"using":"xpath","value":"//button[@data-kt=\"contractDetailEditBtnButton\"]"}
COMMAND: POST /session/72d3ab1ba266f930a2b6a477712043f2/elements - {"using":"xpath","value":"//button[@data-kt=\"contractDetailEditBtnButton\"]"}
RESULT: {"using":"xpath","value":"//button[@data-kt=\"contractDetailEditBtnButton\"]"}
COMMAND: POST /session/72d3ab1ba266f930a2b6a477712043f2/elements - {"using":"xpath","value":"//button[@data-kt=\"contractDetailEditBtnButton\"]"}
RESULT: {"using":"xpath","value":"//button[@data-kt=\"contractDetailEditBtnButton\"]"}
COMMAND: POST /session/72d3ab1ba266f930a2b6a477712043f2/elements - {"using":"xpath","value":"//button[@data-kt=\"contractDetailEditBtnButton\"]"}
RESULT: {"using":"xpath","value":"//button[@data-kt=\"contractDetailEditBtnButton\"]"}
COMMAND: POST /session/72d3ab1ba266f930a2b6a477712043f2/element - {"using":"xpath","value":"//button[@data-kt=\"contractDetailEditBtnButton\"]"}
RESULT: {"using":"xpath","value":"//button[@data-kt=\"contractDetailEditBtnButton\"]"}
COMMAND: POST /session/72d3ab1ba266f930a2b6a477712043f2/element/f.EBB5C2C2381EC3CAEE229267ABEC6EDB.d.637DFEC67A1C365262D449E8200ABD31.e.9656/click - {}
RESULT: {}
COMMAND: GET /session/72d3ab1ba266f930a2b6a477712043f2/screenshot - {}
RESULT: {}
COMMAND: POST /session/72d3ab1ba266f930a2b6a477712043f2/element - {"using":"xpath","value":"(//span[contains(text(), \"Additional Addresses\")])[2]"}
RESULT: {"using":"xpath","value":"(//span[contains(text(), \"Additional Addresses\")])[2]"}
COMMAND: POST /session/72d3ab1ba266f930a2b6a477712043f2/element/f.EBB5C2C2381EC3CAEE229267ABEC6EDB.d.637DFEC67A1C365262D449E8200ABD31.e.9773/click - {}
RESULT: {}
COMMAND: GET /session/72d3ab1ba266f930a2b6a477712043f2/screenshot - {}
RESULT: {}
COMMAND: POST /session/72d3ab1ba266f930a2b6a477712043f2/element - {"using":"xpath","value":"//button[@data-kt=\"btnAddTableRowOverflowToolbarButton\"]"}
RESULT: {"using":"xpath","value":"//button[@data-kt=\"btnAddTableRowOverflowToolbarButton\"]"}
COMMAND: POST /session/72d3ab1ba266f930a2b6a477712043f2/element/f.EBB5C2C2381EC3CAEE229267ABEC6EDB.d.637DFEC67A1C365262D449E8200ABD31.e.9777/click - {}
RESULT: {}
COMMAND: GET /session/72d3ab1ba266f930a2b6a477712043f2/screenshot - {}
RESULT: {}
COMMAND: POST /session/72d3ab1ba266f930a2b6a477712043f2/element - {"using":"xpath","value":"//div[(text() = 'Standard Entry' or . = 'Standard Entry')]"}
RESULT: {"using":"xpath","value":"//div[(text() = 'Standard Entry' or . = 'Standard Entry')]"}
COMMAND: POST /session/72d3ab1ba266f930a2b6a477712043f2/element/f.EBB5C2C2381EC3CAEE229267ABEC6EDB.d.637DFEC67A1C365262D449E8200ABD31.e.9779/click - {}
RESULT: {}
COMMAND: POST /session/72d3ab1ba266f930a2b6a477712043f2/element - {"using":"xpath","value":"//button[@data-kt=\"btnAddTableRowOverflowToolbarButton\"]"}
COMMAND: GET /session/72d3ab1ba266f930a2b6a477712043f2/screenshot - {}
RESULT: {"using":"xpath","value":"//button[@data-kt=\"btnAddTableRowOverflowToolbarButton\"]"}
COMMAND: POST /session/72d3ab1ba266f930a2b6a477712043f2/element/f.EBB5C2C2381EC3CAEE229267ABEC6EDB.d.637DFEC67A1C365262D449E8200ABD31.e.9777/click - {}
RESULT: {}
RESULT: {}
COMMAND: GET /session/72d3ab1ba266f930a2b6a477712043f2/screenshot - {}
RESULT: {}
COMMAND: POST /session/72d3ab1ba266f930a2b6a477712043f2/execute/async - {"script":"<script> [1562 bytes]","args":[{"selector":{"id":"contractDetailTitleNoExpanded","viewName":"etm.portal.ui.managecontracts.view.Detail"},"wdio_ui5_key":"contractDetailTitleNoExpandedetmportal.ui.managecontracts.view.Detail"}]}
COMMAND: POST /session/72d3ab1ba266f930a2b6a477712043f2/element - {"using":"xpath","value":"//div[(text() = 'Standard Entry' or . = 'Standard Entry')]"}
RESULT: {"script":"<script> [1562 bytes]","args":[{"selector":{"id":"contractDetailTitleNoExpanded","viewName":"etm.portal.ui.managecontracts.view.Detail"},"wdio_ui5_key":"contractDetailTitleNoExpandedetmportal.ui.managecontracts.view.Detail"}]}
RESULT: undefined
RESULT: {"using":"xpath","value":"//div[(text() = 'Standard Entry' or . = 'Standard Entry')]"}
COMMAND: POST /session/72d3ab1ba266f930a2b6a477712043f2/element/f.EBB5C2C2381EC3CAEE229267ABEC6EDB.d.637DFEC67A1C365262D449E8200ABD31.e.9791/click - {}
RESULT: {}
COMMAND: POST /session/72d3ab1ba266f930a2b6a477712043f2/element - {"using":"xpath","value":"(//td[6]/div/div/input)[1]"}
COMMAND: GET /session/72d3ab1ba266f930a2b6a477712043f2/screenshot - {}
RESULT: {"using":"xpath","value":"(//td[6]/div/div/input)[1]"}
COMMAND: POST /session/72d3ab1ba266f930a2b6a477712043f2/element/f.EBB5C2C2381EC3CAEE229267ABEC6EDB.d.637DFEC67A1C365262D449E8200ABD31.e.9793/click - {}
RESULT: {}
RESULT: {}
COMMAND: POST /session/72d3ab1ba266f930a2b6a477712043f2/actions - {"actions":[{"id":"action48","type":"key","parameters":{},"actions":[{"type":"keyDown","value":""},{"type":"pause","duration":10},{"type":"keyUp","value":""}]}]}
COMMAND: GET /session/72d3ab1ba266f930a2b6a477712043f2/screenshot - {}
RESULT: {"actions":[{"id":"action48","type":"key","parameters":{},"actions":[{"type":"keyDown","value":""},{"type":"pause","duration":10},{"type":"keyUp","value":""}]}]}
COMMAND: POST /session/72d3ab1ba266f930a2b6a477712043f2/element - {"using":"xpath","value":"(//td[6]/div/div/input)[1]"}
COMMAND: GET /session/72d3ab1ba266f930a2b6a477712043f2/screenshot - {}
RESULT: {}
RESULT: {"using":"xpath","value":"(//td[6]/div/div/input)[1]"}
COMMAND: POST /session/72d3ab1ba266f930a2b6a477712043f2/element/f.EBB5C2C2381EC3CAEE229267ABEC6EDB.d.637DFEC67A1C365262D449E8200ABD31.e.9793/clear - {}
RESULT: {}
RESULT: {}
COMMAND: POST /session/72d3ab1ba266f930a2b6a477712043f2/element/f.EBB5C2C2381EC3CAEE229267ABEC6EDB.d.637DFEC67A1C365262D449E8200ABD31.e.9793/value - {"text":"Service Unit"}
COMMAND: GET /session/72d3ab1ba266f930a2b6a477712043f2/screenshot - {}
RESULT: {"text":"Service Unit"}
COMMAND: GET /session/72d3ab1ba266f930a2b6a477712043f2/screenshot - {}
RESULT: {}
RESULT: {}
COMMAND: POST /session/72d3ab1ba266f930a2b6a477712043f2/actions - {"actions":[{"id":"action49","type":"key","parameters":{},"actions":[{"type":"keyDown","value":""},{"type":"pause","duration":10},{"type":"keyUp","value":""}]}]}
RESULT: {"actions":[{"id":"action49","type":"key","parameters":{},"actions":[{"type":"keyDown","value":""},{"type":"pause","duration":10},{"type":"keyUp","value":""}]}]}
COMMAND: GET /session/72d3ab1ba266f930a2b6a477712043f2/screenshot - {}
RESULT: {}
COMMAND: POST /session/72d3ab1ba266f930a2b6a477712043f2/actions - {"actions":[{"id":"action50","type":"key","parameters":{},"actions":[{"type":"keyDown","value":""},{"type":"pause","duration":10},{"type":"keyUp","value":""}]}]}
RESULT: {"actions":[{"id":"action50","type":"key","parameters":{},"actions":[{"type":"keyDown","value":""},{"type":"pause","duration":10},{"type":"keyUp","value":""}]}]}
COMMAND: POST /session/72d3ab1ba266f930a2b6a477712043f2/element - {"using":"xpath","value":"(//td[7]/div/div/input)[1]"}
COMMAND: GET /session/72d3ab1ba266f930a2b6a477712043f2/screenshot - {}
RESULT: {"using":"xpath","value":"(//td[7]/div/div/input)[1]"}
COMMAND: POST /session/72d3ab1ba266f930a2b6a477712043f2/element/f.EBB5C2C2381EC3CAEE229267ABEC6EDB.d.637DFEC67A1C365262D449E8200ABD31.e.9809/clear - {}
RESULT: {}
RESULT: {}
COMMAND: POST /session/72d3ab1ba266f930a2b6a477712043f2/element/f.EBB5C2C2381EC3CAEE229267ABEC6EDB.d.637DFEC67A1C365262D449E8200ABD31.e.9809/value - {"text":"1000001"}
COMMAND: GET /session/72d3ab1ba266f930a2b6a477712043f2/screenshot - {}
RESULT: {"text":"1000001"}
COMMAND: GET /session/72d3ab1ba266f930a2b6a477712043f2/screenshot - {}
RESULT: {}
RESULT: {}
COMMAND: POST /session/72d3ab1ba266f930a2b6a477712043f2/actions - {"actions":[{"id":"action51","type":"key","parameters":{},"actions":[{"type":"keyDown","value":""},{"type":"pause","duration":10},{"type":"keyUp","value":""}]}]}
RESULT: {"actions":[{"id":"action51","type":"key","parameters":{},"actions":[{"type":"keyDown","value":""},{"type":"pause","duration":10},{"type":"keyUp","value":""}]}]}
COMMAND: GET /session/72d3ab1ba266f930a2b6a477712043f2/screenshot - {}
RESULT: {}
COMMAND: POST /session/72d3ab1ba266f930a2b6a477712043f2/actions - {"actions":[{"id":"action52","type":"key","parameters":{},"actions":[{"type":"keyDown","value":""},{"type":"pause","duration":10},{"type":"keyUp","value":""}]}]}
RESULT: {"actions":[{"id":"action52","type":"key","parameters":{},"actions":[{"type":"keyDown","value":""},{"type":"pause","duration":10},{"type":"keyUp","value":""}]}]}
COMMAND: GET /session/72d3ab1ba266f930a2b6a477712043f2/screenshot - {}
RESULT: {}
COMMAND: POST /session/72d3ab1ba266f930a2b6a477712043f2/element - {"using":"xpath","value":"(//td[6]/div/div/input)[2]"}
RESULT: {"using":"xpath","value":"(//td[6]/div/div/input)[2]"}
COMMAND: POST /session/72d3ab1ba266f930a2b6a477712043f2/element/f.EBB5C2C2381EC3CAEE229267ABEC6EDB.d.637DFEC67A1C365262D449E8200ABD31.e.9781/click - {}
RESULT: {}
COMMAND: POST /session/72d3ab1ba266f930a2b6a477712043f2/actions - {"actions":[{"id":"action53","type":"key","parameters":{},"actions":[{"type":"keyDown","value":""},{"type":"pause","duration":10},{"type":"keyUp","value":""}]}]}
COMMAND: GET /session/72d3ab1ba266f930a2b6a477712043f2/screenshot - {}
RESULT: {"actions":[{"id":"action53","type":"key","parameters":{},"actions":[{"type":"keyDown","value":""},{"type":"pause","duration":10},{"type":"keyUp","value":""}]}]}
COMMAND: POST /session/72d3ab1ba266f930a2b6a477712043f2/element - {"using":"xpath","value":"(//td[6]/div/div/input)[2]"}
COMMAND: GET /session/72d3ab1ba266f930a2b6a477712043f2/screenshot - {}
RESULT: {}
RESULT: {"using":"xpath","value":"(//td[6]/div/div/input)[2]"}
COMMAND: POST /session/72d3ab1ba266f930a2b6a477712043f2/element/f.EBB5C2C2381EC3CAEE229267ABEC6EDB.d.637DFEC67A1C365262D449E8200ABD31.e.9781/clear - {}
RESULT: {}
RESULT: {}
COMMAND: POST /session/72d3ab1ba266f930a2b6a477712043f2/element/f.EBB5C2C2381EC3CAEE229267ABEC6EDB.d.637DFEC67A1C365262D449E8200ABD31.e.9781/value - {"text":"Service Unit Group"}
COMMAND: GET /session/72d3ab1ba266f930a2b6a477712043f2/screenshot - {}
RESULT: {"text":"Service Unit Group"}
COMMAND: GET /session/72d3ab1ba266f930a2b6a477712043f2/screenshot - {}
RESULT: {}
RESULT: {}
COMMAND: POST /session/72d3ab1ba266f930a2b6a477712043f2/actions - {"actions":[{"id":"action54","type":"key","parameters":{},"actions":[{"type":"keyDown","value":""},{"type":"pause","duration":10},{"type":"keyUp","value":""}]}]}
RESULT: {"actions":[{"id":"action54","type":"key","parameters":{},"actions":[{"type":"keyDown","value":""},{"type":"pause","duration":10},{"type":"keyUp","value":""}]}]}
COMMAND: GET /session/72d3ab1ba266f930a2b6a477712043f2/screenshot - {}
RESULT: {}
COMMAND: POST /session/72d3ab1ba266f930a2b6a477712043f2/actions - {"actions":[{"id":"action55","type":"key","parameters":{},"actions":[{"type":"keyDown","value":""},{"type":"pause","duration":10},{"type":"keyUp","value":""}]}]}
RESULT: {"actions":[{"id":"action55","type":"key","parameters":{},"actions":[{"type":"keyDown","value":""},{"type":"pause","duration":10},{"type":"keyUp","value":""}]}]}
COMMAND: POST /session/72d3ab1ba266f930a2b6a477712043f2/element - {"using":"xpath","value":"(//td[7]/div/div/input)[2]"}
COMMAND: GET /session/72d3ab1ba266f930a2b6a477712043f2/screenshot - {}
RESULT: {"using":"xpath","value":"(//td[7]/div/div/input)[2]"}
COMMAND: POST /session/72d3ab1ba266f930a2b6a477712043f2/element/f.EBB5C2C2381EC3CAEE229267ABEC6EDB.d.637DFEC67A1C365262D449E8200ABD31.e.9838/clear - {}
RESULT: {}
RESULT: {}
COMMAND: POST /session/72d3ab1ba266f930a2b6a477712043f2/element/f.EBB5C2C2381EC3CAEE229267ABEC6EDB.d.637DFEC67A1C365262D449E8200ABD31.e.9838/value - {"text":"1100001"}
COMMAND: GET /session/72d3ab1ba266f930a2b6a477712043f2/screenshot - {}
RESULT: {"text":"1100001"}
COMMAND: GET /session/72d3ab1ba266f930a2b6a477712043f2/screenshot - {}
RESULT: {}
RESULT: {}
COMMAND: POST /session/72d3ab1ba266f930a2b6a477712043f2/actions - {"actions":[{"id":"action56","type":"key","parameters":{},"actions":[{"type":"keyDown","value":""},{"type":"pause","duration":10},{"type":"keyUp","value":""}]}]}
RESULT: {"actions":[{"id":"action56","type":"key","parameters":{},"actions":[{"type":"keyDown","value":""},{"type":"pause","duration":10},{"type":"keyUp","value":""}]}]}
COMMAND: GET /session/72d3ab1ba266f930a2b6a477712043f2/screenshot - {}
RESULT: {}
COMMAND: POST /session/72d3ab1ba266f930a2b6a477712043f2/actions - {"actions":[{"id":"action57","type":"key","parameters":{},"actions":[{"type":"keyDown","value":""},{"type":"pause","duration":10},{"type":"keyUp","value":""}]}]}
RESULT: {"actions":[{"id":"action57","type":"key","parameters":{},"actions":[{"type":"keyDown","value":""},{"type":"pause","duration":10},{"type":"keyUp","value":""}]}]}
COMMAND: GET /session/72d3ab1ba266f930a2b6a477712043f2/screenshot - {}
RESULT: {}
COMMAND: POST /session/72d3ab1ba266f930a2b6a477712043f2/element - {"using":"xpath","value":"(//button[@data-kt=\"saveButton\"])[2]"}
RESULT: {"using":"xpath","value":"(//button[@data-kt=\"saveButton\"])[2]"}
COMMAND: POST /session/72d3ab1ba266f930a2b6a477712043f2/element/f.EBB5C2C2381EC3CAEE229267ABEC6EDB.d.637DFEC67A1C365262D449E8200ABD31.e.9862/click - {}
RESULT: {}
COMMAND: GET /session/72d3ab1ba266f930a2b6a477712043f2/screenshot - {}
RESULT: {}
COMMAND: POST /session/72d3ab1ba266f930a2b6a477712043f2/element - {"using":"xpath","value":"(//span[contains(text(), \"Additional Addresses\")])[1]"}
RESULT: {"using":"xpath","value":"(//span[contains(text(), \"Additional Addresses\")])[1]"}
COMMAND: POST /session/72d3ab1ba266f930a2b6a477712043f2/element/f.EBB5C2C2381EC3CAEE229267ABEC6EDB.d.637DFEC67A1C365262D449E8200ABD31.e.9867/click - {}
RESULT: {}
COMMAND: GET /session/72d3ab1ba266f930a2b6a477712043f2/screenshot - {}
RESULT: {}
COMMAND: POST /session/72d3ab1ba266f930a2b6a477712043f2/execute/async - {"script":"<script> [1562 bytes]","args":[{"selector":{"controlType":"sap.m.Title","viewName":"etm.portal.ui.managecontracts.view.Detail","properties":{"text":"Contract Items (2)"}},"wdio_ui5_key":"etmportal.ui.managecontracts.view.Detailsap.m.Title{\"text\":\"Contract Items (2)\"}"}]}
RESULT: {"script":"<script> [1562 bytes]","args":[{"selector":{"controlType":"sap.m.Title","viewName":"etm.portal.ui.managecontracts.view.Detail","properties":{"text":"Contract Items (2)"}},"wdio_ui5_key":"etmportal.ui.managecontracts.view.Detailsap.m.Title{\"text\":\"Contract Items (2)\"}"}]}
RESULT: undefined
COMMAND: POST /session/72d3ab1ba266f930a2b6a477712043f2/execute/async - {"script":"<script> [6424 bytes]","args":[{"element-6066-11e4-a52e-4f735466cecf":"f.EBB5C2C2381EC3CAEE229267ABEC6EDB.d.637DFEC67A1C365262D449E8200ABD31.e.9869"},"getText",[]]}
RESULT: {"script":"<script> [6424 bytes]","args":[{"element-6066-11e4-a52e-4f735466cecf":"f.EBB5C2C2381EC3CAEE229267ABEC6EDB.d.637DFEC67A1C365262D449E8200ABD31.e.9869"},"getText",[]]}
COMMAND: POST /session/72d3ab1ba266f930a2b6a477712043f2/element - {"using":"xpath","value":"(//span[contains(@class ,\"sapMObjStatusText\")])[1]"}
RESULT: {"using":"xpath","value":"(//span[contains(@class ,\"sapMObjStatusText\")])[1]"}
COMMAND: GET /session/72d3ab1ba266f930a2b6a477712043f2/element/f.EBB5C2C2381EC3CAEE229267ABEC6EDB.d.637DFEC67A1C365262D449E8200ABD31.e.9870/text - {}
RESULT: {}
COMMAND: POST /session/72d3ab1ba266f930a2b6a477712043f2/element - {"using":"xpath","value":"(//span[contains(@class ,\"sapMObjStatusText\")])[4]"}
RESULT: {"using":"xpath","value":"(//span[contains(@class ,\"sapMObjStatusText\")])[4]"}
COMMAND: GET /session/72d3ab1ba266f930a2b6a477712043f2/element/f.EBB5C2C2381EC3CAEE229267ABEC6EDB.d.637DFEC67A1C365262D449E8200ABD31.e.9871/text - {}
RESULT: {}
COMMAND: DELETE /session/72d3ab1ba266f930a2b6a477712043f2 - {}
RESULT: {}
]]></system-out>
    </testcase>
  </testsuite>
</testsuites>