<?xml version="1.0" encoding="UTF-8"?>
<testsuites tests="20" failures="2" errors="2" skipped="0">
  <testsuite timestamp="2025-05-13T07:27:09" time="83.806" tests="2" failures="0" errors="0" skipped="0">
    <properties>
      <property name="specId" value="0" />
      <property name="suiteName" value="Assign the user test user id to an address" />
      <property name="capabilities" value="chrome.136_0_7103_49.windows" />
      <property name="file" value="file:///D:/a/1/s/test/specs/R2C/assign-user-id-to-an-address.spec.js" />
    </properties>
    <testcase classname="chrome.136_0_7103_49.windows.Assign_the_user_test_user_id_to_an_address" name="Should search for test1ETM create only if not present" time="10.399">
      <system-out><![CDATA[
COMMAND: POST /session/c3abc88c4085a1d56746dc5a5008fa37/execute/async - {"script":"<script> [1562 bytes]","args":[{"selector":{"id":"application-addressmanagement-display-component---masterAdm--smartFilterBar-filterItemControl_BASIC-NAME-vhi"},"wdio_ui5_key":"applicationaddressmanagement-display-component---masterAdm--smartFilterBar-filterItemControl_BASIC-NAME-vhi"}]}
RESULT: {"script":"<script> [1562 bytes]","args":[{"selector":{"id":"application-addressmanagement-display-component---masterAdm--smartFilterBar-filterItemControl_BASIC-NAME-vhi"},"wdio_ui5_key":"applicationaddressmanagement-display-component---masterAdm--smartFilterBar-filterItemControl_BASIC-NAME-vhi"}]}
RESULT: undefined
COMMAND: POST /session/c3abc88c4085a1d56746dc5a5008fa37/element - {"using":"xpath","value":"//*[@id=\"application-addressmanagement-display-component---masterAdm--smartFilterBar-filterItemControl_BASIC-NAME-vhi\"]"}
RESULT: {"using":"xpath","value":"//*[@id=\"application-addressmanagement-display-component---masterAdm--smartFilterBar-filterItemControl_BASIC-NAME-vhi\"]"}
COMMAND: POST /session/c3abc88c4085a1d56746dc5a5008fa37/element/f.AF2E6E2CD8BF2B753D9461224F8C2D7E.d.8F07FA416FB8C4A29FC5553FF8D52D75.e.292/click - {}
RESULT: {}
COMMAND: POST /session/c3abc88c4085a1d56746dc5a5008fa37/execute/async - {"script":"<script> [1562 bytes]","args":[{"selector":{"controlType":"sap.m.Input","viewName":"etm.portal.ui.addressmanagement.view.Master","viewId":"application-addressmanagement-display-component---masterAdm","properties":{"valueState":"None"},"searchOpenDialogs":true,"interaction":{"idSuffix":"inner"}},"wdio_ui5_key":"etmportal.ui.addressmanagement.view.Mastersap.m.Input{\"valueState\":\"None\"}"}]}
COMMAND: GET /session/c3abc88c4085a1d56746dc5a5008fa37/screenshot - {}
RESULT: {"script":"<script> [1562 bytes]","args":[{"selector":{"controlType":"sap.m.Input","viewName":"etm.portal.ui.addressmanagement.view.Master","viewId":"application-addressmanagement-display-component---masterAdm","properties":{"valueState":"None"},"searchOpenDialogs":true,"interaction":{"idSuffix":"inner"}},"wdio_ui5_key":"etmportal.ui.addressmanagement.view.Mastersap.m.Input{\"valueState\":\"None\"}"}]}
RESULT: undefined
COMMAND: POST /session/c3abc88c4085a1d56746dc5a5008fa37/execute/async - {"script":"<script> [776 bytes]","args":[{"enterText":"Test1ETM","selector":{"controlType":"sap.m.Input","viewName":"etm.portal.ui.addressmanagement.view.Master","viewId":"application-addressmanagement-display-component---masterAdm","properties":{"valueState":"None"},"searchOpenDialogs":true,"interaction":{"idSuffix":"inner"}},"clearTextFirst":true,"interactionType":"ENTER_TEXT"}]}
RESULT: {}
RESULT: {"script":"<script> [776 bytes]","args":[{"enterText":"Test1ETM","selector":{"controlType":"sap.m.Input","viewName":"etm.portal.ui.addressmanagement.view.Master","viewId":"application-addressmanagement-display-component---masterAdm","properties":{"valueState":"None"},"searchOpenDialogs":true,"interaction":{"idSuffix":"inner"}},"clearTextFirst":true,"interactionType":"ENTER_TEXT"}]}
COMMAND: POST /session/c3abc88c4085a1d56746dc5a5008fa37/actions - {"actions":[{"id":"action1","type":"key","parameters":{},"actions":[{"type":"keyDown","value":"î€‡"},{"type":"pause","duration":10},{"type":"keyUp","value":"î€‡"}]}]}
RESULT: {"actions":[{"id":"action1","type":"key","parameters":{},"actions":[{"type":"keyDown","value":"î€‡"},{"type":"pause","duration":10},{"type":"keyUp","value":"î€‡"}]}]}
COMMAND: POST /session/c3abc88c4085a1d56746dc5a5008fa37/execute/async - {"script":"<script> [1562 bytes]","args":[{"selector":{"id":"application-addressmanagement-display-component---masterAdm--smartFilterBar-filterItemControl_BASIC-NAME-valueHelpDialog-ok","searchOpenDialogs":true,"interaction":{"idSuffix":"BDI-content"}},"wdio_ui5_key":"applicationaddressmanagement-display-component---masterAdm--smartFilterBar-filterItemControl_BASIC-NAME-valueHelpDialog-ok"}]}
COMMAND: GET /session/c3abc88c4085a1d56746dc5a5008fa37/screenshot - {}
RESULT: {"script":"<script> [1562 bytes]","args":[{"selector":{"id":"application-addressmanagement-display-component---masterAdm--smartFilterBar-filterItemControl_BASIC-NAME-valueHelpDialog-ok","searchOpenDialogs":true,"interaction":{"idSuffix":"BDI-content"}},"wdio_ui5_key":"applicationaddressmanagement-display-component---masterAdm--smartFilterBar-filterItemControl_BASIC-NAME-valueHelpDialog-ok"}]}
RESULT: undefined
COMMAND: POST /session/c3abc88c4085a1d56746dc5a5008fa37/element - {"using":"xpath","value":"//*[@id=\"application-addressmanagement-display-component---masterAdm--smartFilterBar-filterItemControl_BASIC-NAME-valueHelpDialog-ok\"]"}
RESULT: {}
RESULT: {"using":"xpath","value":"//*[@id=\"application-addressmanagement-display-component---masterAdm--smartFilterBar-filterItemControl_BASIC-NAME-valueHelpDialog-ok\"]"}
COMMAND: POST /session/c3abc88c4085a1d56746dc5a5008fa37/element/f.AF2E6E2CD8BF2B753D9461224F8C2D7E.d.8F07FA416FB8C4A29FC5553FF8D52D75.e.301/click - {}
RESULT: {}
COMMAND: GET /session/c3abc88c4085a1d56746dc5a5008fa37/screenshot - {}
RESULT: {}
COMMAND: POST /session/c3abc88c4085a1d56746dc5a5008fa37/element - {"using":"xpath","value":"(//span[text()=\"Active\"])[1]"}
RESULT: {"using":"xpath","value":"(//span[text()=\"Active\"])[1]"}
COMMAND: POST /session/c3abc88c4085a1d56746dc5a5008fa37/elements - {"using":"xpath","value":"(//span[text()=\"Active\"])[1]"}
RESULT: {"using":"xpath","value":"(//span[text()=\"Active\"])[1]"}
COMMAND: POST /session/c3abc88c4085a1d56746dc5a5008fa37/execute/sync - {"script":"<script> [8489 bytes]","args":[{"element-6066-11e4-a52e-4f735466cecf":"f.AF2E6E2CD8BF2B753D9461224F8C2D7E.d.8F07FA416FB8C4A29FC5553FF8D52D75.e.320","ELEMENT":"f.AF2E6E2CD8BF2B753D9461224F8C2D7E.d.8F07FA416FB8C4A29FC5553FF8D52D75.e.320"}]}
RESULT: {"script":"<script> [8489 bytes]","args":[{"element-6066-11e4-a52e-4f735466cecf":"f.AF2E6E2CD8BF2B753D9461224F8C2D7E.d.8F07FA416FB8C4A29FC5553FF8D52D75.e.320","ELEMENT":"f.AF2E6E2CD8BF2B753D9461224F8C2D7E.d.8F07FA416FB8C4A29FC5553FF8D52D75.e.320"}]}
COMMAND: POST /session/c3abc88c4085a1d56746dc5a5008fa37/execute/sync - {"script":"<script> [5351 bytes]","args":[{"element-6066-11e4-a52e-4f735466cecf":"f.AF2E6E2CD8BF2B753D9461224F8C2D7E.d.8F07FA416FB8C4A29FC5553FF8D52D75.e.320","ELEMENT":"f.AF2E6E2CD8BF2B753D9461224F8C2D7E.d.8F07FA416FB8C4A29FC5553FF8D52D75.e.320"}]}
COMMAND: GET /session/c3abc88c4085a1d56746dc5a5008fa37/screenshot - {}
RESULT: {"script":"<script> [5351 bytes]","args":[{"element-6066-11e4-a52e-4f735466cecf":"f.AF2E6E2CD8BF2B753D9461224F8C2D7E.d.8F07FA416FB8C4A29FC5553FF8D52D75.e.320","ELEMENT":"f.AF2E6E2CD8BF2B753D9461224F8C2D7E.d.8F07FA416FB8C4A29FC5553FF8D52D75.e.320"}]}
COMMAND: POST /session/c3abc88c4085a1d56746dc5a5008fa37/element/f.AF2E6E2CD8BF2B753D9461224F8C2D7E.d.8F07FA416FB8C4A29FC5553FF8D52D75.e.320/click - {}
COMMAND: GET /session/c3abc88c4085a1d56746dc5a5008fa37/screenshot - {}
RESULT: {}
RESULT: {}
COMMAND: POST /session/c3abc88c4085a1d56746dc5a5008fa37/element - {"using":"xpath","value":"//span[@id=\"application-addressmanagement-display-component---detailAdm--addressDetailDetailsName1\"]"}
COMMAND: GET /session/c3abc88c4085a1d56746dc5a5008fa37/screenshot - {}
RESULT: {}
RESULT: {"using":"xpath","value":"//span[@id=\"application-addressmanagement-display-component---detailAdm--addressDetailDetailsName1\"]"}
COMMAND: POST /session/c3abc88c4085a1d56746dc5a5008fa37/execute/sync - {"script":"<script> [8489 bytes]","args":[{"element-6066-11e4-a52e-4f735466cecf":"f.AF2E6E2CD8BF2B753D9461224F8C2D7E.d.8F07FA416FB8C4A29FC5553FF8D52D75.e.402","ELEMENT":"f.AF2E6E2CD8BF2B753D9461224F8C2D7E.d.8F07FA416FB8C4A29FC5553FF8D52D75.e.402"}]}
RESULT: {}
RESULT: {"script":"<script> [8489 bytes]","args":[{"element-6066-11e4-a52e-4f735466cecf":"f.AF2E6E2CD8BF2B753D9461224F8C2D7E.d.8F07FA416FB8C4A29FC5553FF8D52D75.e.402","ELEMENT":"f.AF2E6E2CD8BF2B753D9461224F8C2D7E.d.8F07FA416FB8C4A29FC5553FF8D52D75.e.402"}]}
]]></system-out>
    </testcase>
    <testcase classname="chrome.136_0_7103_49.windows.Assign_the_user_test_user_id_to_an_address" name="Should edit the title of the created found address" time="13.366">
      <system-out><![CDATA[
COMMAND: POST /session/c3abc88c4085a1d56746dc5a5008fa37/execute/async - {"script":"<script> [1562 bytes]","args":[{"selector":{"controlType":"sap.m.Button","viewName":"etm.portal.ui.addressmanagement.view.Detail","viewId":"application-addressmanagement-display-component---detailAdm","i18NText":{"propertyName":"text","key":"edit"}},"wdio_ui5_key":"etmportal.ui.addressmanagement.view.Detailsap.m.Button{\"propertyName\":\"text\",\"key\":\"edit\"}"}]}
COMMAND: GET /session/c3abc88c4085a1d56746dc5a5008fa37/screenshot - {}
RESULT: {"script":"<script> [1562 bytes]","args":[{"selector":{"controlType":"sap.m.Button","viewName":"etm.portal.ui.addressmanagement.view.Detail","viewId":"application-addressmanagement-display-component---detailAdm","i18NText":{"propertyName":"text","key":"edit"}},"wdio_ui5_key":"etmportal.ui.addressmanagement.view.Detailsap.m.Button{\"propertyName\":\"text\",\"key\":\"edit\"}"}]}
RESULT: undefined
COMMAND: POST /session/c3abc88c4085a1d56746dc5a5008fa37/element - {"using":"xpath","value":"//*[@id=\"__button16\"]"}
RESULT: {}
RESULT: {"using":"xpath","value":"//*[@id=\"__button16\"]"}
COMMAND: POST /session/c3abc88c4085a1d56746dc5a5008fa37/element/f.AF2E6E2CD8BF2B753D9461224F8C2D7E.d.8F07FA416FB8C4A29FC5553FF8D52D75.e.406/click - {}
RESULT: {}
COMMAND: POST /session/c3abc88c4085a1d56746dc5a5008fa37/execute/async - {"script":"<script> [1562 bytes]","args":[{"selector":{"controlType":"sap.ui.core.Icon","viewName":"etm.portal.ui.addressmanagement.view.EditDetail","properties":{"src":{"regex":{"source":"slim\\-arrow\\-down"}}},"ancestor":{"id":"addressTitle","viewName":"etm.portal.ui.addressmanagement.view.EditDetail"}},"wdio_ui5_key":"etmportal.ui.addressmanagement.view.EditDetailsap.ui.core.Icon{\"src\":{\"regex\":{\"source\":\"slim\\\\-arrow\\\\-down\"}}}{\"id\":\"addressTitle\",\"viewName\":\"etm.portal.ui.addressmanagement.view.EditDetail\"}"}]}
COMMAND: GET /session/c3abc88c4085a1d56746dc5a5008fa37/screenshot - {}
RESULT: {"script":"<script> [1562 bytes]","args":[{"selector":{"controlType":"sap.ui.core.Icon","viewName":"etm.portal.ui.addressmanagement.view.EditDetail","properties":{"src":{"regex":{"source":"slim\\-arrow\\-down"}}},"ancestor":{"id":"addressTitle","viewName":"etm.portal.ui.addressmanagement.view.EditDetail"}},"wdio_ui5_key":"etmportal.ui.addressmanagement.view.EditDetailsap.ui.core.Icon{\"src\":{\"regex\":{\"source\":\"slim\\\\-arrow\\\\-down\"}}}{\"id\":\"addressTitle\",\"viewName\":\"etm.portal.ui.addressmanagement.view.EditDetail\"}"}]}
RESULT: undefined
COMMAND: POST /session/c3abc88c4085a1d56746dc5a5008fa37/element - {"using":"xpath","value":"//*[@id=\"__xmlview58--addressTitle-arrow\"]"}
RESULT: {}
RESULT: {"using":"xpath","value":"//*[@id=\"__xmlview58--addressTitle-arrow\"]"}
COMMAND: POST /session/c3abc88c4085a1d56746dc5a5008fa37/element/f.AF2E6E2CD8BF2B753D9461224F8C2D7E.d.8F07FA416FB8C4A29FC5553FF8D52D75.e.449/click - {}
RESULT: {}
COMMAND: POST /session/c3abc88c4085a1d56746dc5a5008fa37/execute/async - {"script":"<script> [1562 bytes]","args":[{"selector":{"controlType":"sap.m.StandardListItem","viewName":"etm.portal.ui.addressmanagement.view.EditDetail","properties":{"title":"Dr."},"searchOpenDialogs":true},"wdio_ui5_key":"etmportal.ui.addressmanagement.view.EditDetailsap.m.StandardListItem{\"title\":\"Dr.\"}"}]}
COMMAND: GET /session/c3abc88c4085a1d56746dc5a5008fa37/screenshot - {}
RESULT: {"script":"<script> [1562 bytes]","args":[{"selector":{"controlType":"sap.m.StandardListItem","viewName":"etm.portal.ui.addressmanagement.view.EditDetail","properties":{"title":"Dr."},"searchOpenDialogs":true},"wdio_ui5_key":"etmportal.ui.addressmanagement.view.EditDetailsap.m.StandardListItem{\"title\":\"Dr.\"}"}]}
RESULT: undefined
COMMAND: POST /session/c3abc88c4085a1d56746dc5a5008fa37/element - {"using":"xpath","value":"//*[@id=\"__item219\"]"}
RESULT: {}
RESULT: {"using":"xpath","value":"//*[@id=\"__item219\"]"}
COMMAND: POST /session/c3abc88c4085a1d56746dc5a5008fa37/element/f.AF2E6E2CD8BF2B753D9461224F8C2D7E.d.8F07FA416FB8C4A29FC5553FF8D52D75.e.451/click - {}
RESULT: {}
COMMAND: POST /session/c3abc88c4085a1d56746dc5a5008fa37/execute/async - {"script":"<script> [1562 bytes]","args":[{"selector":{"controlType":"sap.m.Button","viewName":"etm.portal.ui.addressmanagement.view.EditDetail","i18NText":{"propertyName":"text","key":"save"}},"wdio_ui5_key":"etmportal.ui.addressmanagement.view.EditDetailsap.m.Button{\"propertyName\":\"text\",\"key\":\"save\"}"}]}
COMMAND: GET /session/c3abc88c4085a1d56746dc5a5008fa37/screenshot - {}
RESULT: {"script":"<script> [1562 bytes]","args":[{"selector":{"controlType":"sap.m.Button","viewName":"etm.portal.ui.addressmanagement.view.EditDetail","i18NText":{"propertyName":"text","key":"save"}},"wdio_ui5_key":"etmportal.ui.addressmanagement.view.EditDetailsap.m.Button{\"propertyName\":\"text\",\"key\":\"save\"}"}]}
RESULT: undefined
COMMAND: POST /session/c3abc88c4085a1d56746dc5a5008fa37/element - {"using":"xpath","value":"//*[@id=\"__button37\"]"}
RESULT: {}
RESULT: {"using":"xpath","value":"//*[@id=\"__button37\"]"}
COMMAND: POST /session/c3abc88c4085a1d56746dc5a5008fa37/element/f.AF2E6E2CD8BF2B753D9461224F8C2D7E.d.8F07FA416FB8C4A29FC5553FF8D52D75.e.452/click - {}
RESULT: {}
COMMAND: GET /session/c3abc88c4085a1d56746dc5a5008fa37/screenshot - {}
RESULT: {}
COMMAND: POST /session/c3abc88c4085a1d56746dc5a5008fa37/element - {"using":"xpath","value":"//span[@id=\"application-addressmanagement-display-component---detailAdm--addressTitle\"]"}
RESULT: {"using":"xpath","value":"//span[@id=\"application-addressmanagement-display-component---detailAdm--addressTitle\"]"}
COMMAND: GET /session/c3abc88c4085a1d56746dc5a5008fa37/element/f.AF2E6E2CD8BF2B753D9461224F8C2D7E.d.8F07FA416FB8C4A29FC5553FF8D52D75.e.464/text - {}
RESULT: {}
COMMAND: POST /session/c3abc88c4085a1d56746dc5a5008fa37/element - {"using":"xpath","value":"//span[@id=\"application-addressmanagement-display-component---detailAdm--addressDetailDetailsName1\"]"}
RESULT: {"using":"xpath","value":"//span[@id=\"application-addressmanagement-display-component---detailAdm--addressDetailDetailsName1\"]"}
COMMAND: GET /session/c3abc88c4085a1d56746dc5a5008fa37/element/f.AF2E6E2CD8BF2B753D9461224F8C2D7E.d.8F07FA416FB8C4A29FC5553FF8D52D75.e.402/text - {}
RESULT: {}
COMMAND: POST /session/c3abc88c4085a1d56746dc5a5008fa37/refresh - {}
RESULT: {}
COMMAND: GET /session/c3abc88c4085a1d56746dc5a5008fa37/screenshot - {}
RESULT: {}
COMMAND: POST /session/c3abc88c4085a1d56746dc5a5008fa37/refresh - {}
RESULT: {}
COMMAND: GET /session/c3abc88c4085a1d56746dc5a5008fa37/screenshot - {}
RESULT: {}
COMMAND: POST /session/c3abc88c4085a1d56746dc5a5008fa37/window/fullscreen - {}
RESULT: {}
COMMAND: POST /session/c3abc88c4085a1d56746dc5a5008fa37/execute/async - {"script":"<script> [189 bytes]","args":[]}
RESULT: {"script":"<script> [189 bytes]","args":[]}
COMMAND: POST /session/c3abc88c4085a1d56746dc5a5008fa37/execute/async - {"script":"<script> [123 bytes]","args":[]}
RESULT: {"script":"<script> [123 bytes]","args":[]}
COMMAND: POST /session/c3abc88c4085a1d56746dc5a5008fa37/timeouts - {"script":"<number>"}
RESULT: {"script":"<number>"}
COMMAND: GET /session/c3abc88c4085a1d56746dc5a5008fa37/timeouts - {}
RESULT: {}
RESULT: undefined
COMMAND: POST /session/c3abc88c4085a1d56746dc5a5008fa37/execute/async - {"script":"<script> [2676 bytes]","args":[]}
RESULT: {"script":"<script> [2676 bytes]","args":[]}
COMMAND: POST /session/c3abc88c4085a1d56746dc5a5008fa37/execute/async - {"script":"<script> [2342 bytes]","args":[{"protocol":"http","hostname":"0.0.0.0","path":"/","capabilities":{"browserName":"chrome","goog:chromeOptions":{"binary":"C:\\Program Files\\Google\\Chrome\\Application\\chrome.exe","args":["--start-maximized"]}},"logLevel":"warn","connectionRetryTimeout":120000,"connectionRetryCount":3,"logLevels":{},"enableDirectConnect":true,"strictSSL":true,"_":"65 more keys: [\"cacheDir\",\"port\",\"requestedCapabilities\",\"automationProtocol\",\"baseUrl\",\"waitforInterval\",\"waitforTimeout\",\"onReload\",\"beforeCommand\",\"afterCommand\",\"rootDir\",\"specs\",\"suites\",\"exclude\",\"groupLogsByTestSpec\",\"excludeDriverLogs\",\"bail\",\"framework\",\"reporters\",\"services\",\"maxInstances\",\"maxInstancesPerCapability\",\"injectGlobals\",\"filesToWatch\",\"execArgv\",\"runnerEnv\",\"runner\",\"shard\",\"specFileRetries\",\"specFileRetriesDelay\",\"specFileRetriesDeferred\",\"reporterSyncInterval\",\"reporterSyncTimeout\",\"cucumberFeaturesWithLineNumbers\",\"autoCompileOpts\",\"mochaOpts\",\"jasmineOpts\",\"cucumberOpts\",\"onPrepare\",\"onWorkerStart\",\"onWorkerEnd\",\"before\",\"beforeSession\",\"beforeSuite\",\"beforeHook\",\"beforeTest\",\"afterTest\",\"afterHook\",\"afterSuite\",\"afterSession\",\"after\",\"onComplete\",\"beforeAssertion\",\"afterAssertion\",\"beforeFeature\",\"beforeScenario\",\"beforeStep\",\"afterStep\",\"afterScenario\",\"afterFeature\",\"_\",\"suite\",\"$0\",\"ignoredWorkerServices\",\"wdi5\"]"}]}
RESULT: {"script":"<script> [2342 bytes]","args":[{"protocol":"http","hostname":"0.0.0.0","path":"/","capabilities":{"browserName":"chrome","goog:chromeOptions":{"binary":"C:\\Program Files\\Google\\Chrome\\Application\\chrome.exe","args":["--start-maximized"]}},"logLevel":"warn","connectionRetryTimeout":120000,"connectionRetryCount":3,"logLevels":{},"enableDirectConnect":true,"strictSSL":true,"_":"65 more keys: [\"cacheDir\",\"port\",\"requestedCapabilities\",\"automationProtocol\",\"baseUrl\",\"waitforInterval\",\"waitforTimeout\",\"onReload\",\"beforeCommand\",\"afterCommand\",\"rootDir\",\"specs\",\"suites\",\"exclude\",\"groupLogsByTestSpec\",\"excludeDriverLogs\",\"bail\",\"framework\",\"reporters\",\"services\",\"maxInstances\",\"maxInstancesPerCapability\",\"injectGlobals\",\"filesToWatch\",\"execArgv\",\"runnerEnv\",\"runner\",\"shard\",\"specFileRetries\",\"specFileRetriesDelay\",\"specFileRetriesDeferred\",\"reporterSyncInterval\",\"reporterSyncTimeout\",\"cucumberFeaturesWithLineNumbers\",\"autoCompileOpts\",\"mochaOpts\",\"jasmineOpts\",\"cucumberOpts\",\"onPrepare\",\"onWorkerStart\",\"onWorkerEnd\",\"before\",\"beforeSession\",\"beforeSuite\",\"beforeHook\",\"beforeTest\",\"afterTest\",\"afterHook\",\"afterSuite\",\"afterSession\",\"after\",\"onComplete\",\"beforeAssertion\",\"afterAssertion\",\"beforeFeature\",\"beforeScenario\",\"beforeStep\",\"afterStep\",\"afterScenario\",\"afterFeature\",\"_\",\"suite\",\"$0\",\"ignoredWorkerServices\",\"wdi5\"]"}]}
COMMAND: POST /session/c3abc88c4085a1d56746dc5a5008fa37/execute/async - {"script":"<script> [21126 bytes]","args":[35000]}
RESULT: {"script":"<script> [21126 bytes]","args":[35000]}
COMMAND: POST /session/c3abc88c4085a1d56746dc5a5008fa37/element - {"using":"css selector","value":"#shell-header-logo"}
RESULT: {"using":"css selector","value":"#shell-header-logo"}
COMMAND: POST /session/c3abc88c4085a1d56746dc5a5008fa37/element/f.AF2E6E2CD8BF2B753D9461224F8C2D7E.d.6ACD9DFB0A5A720EE08BBFC1CAAD5364.e.479/click - {}
RESULT: {}
COMMAND: GET /session/c3abc88c4085a1d56746dc5a5008fa37/screenshot - {}
RESULT: {}
COMMAND: POST /session/c3abc88c4085a1d56746dc5a5008fa37/execute/async - {"script":"<script> [1562 bytes]","args":[{"selector":{"controlType":"sap.m.GenericTile","properties":{"header":"Manage Yards"}},"wdio_ui5_key":"sapm.GenericTile{\"header\":\"Manage Yards\"}"}]}
RESULT: {"script":"<script> [1562 bytes]","args":[{"selector":{"controlType":"sap.m.GenericTile","properties":{"header":"Manage Yards"}},"wdio_ui5_key":"sapm.GenericTile{\"header\":\"Manage Yards\"}"}]}
RESULT: undefined
COMMAND: POST /session/c3abc88c4085a1d56746dc5a5008fa37/element - {"using":"xpath","value":"//*[@id=\"__tile52\"]"}
RESULT: {"using":"xpath","value":"//*[@id=\"__tile52\"]"}
COMMAND: POST /session/c3abc88c4085a1d56746dc5a5008fa37/element/f.AF2E6E2CD8BF2B753D9461224F8C2D7E.d.6ACD9DFB0A5A720EE08BBFC1CAAD5364.e.780/click - {}
RESULT: {}
COMMAND: GET /session/c3abc88c4085a1d56746dc5a5008fa37/screenshot - {}
RESULT: {}
COMMAND: POST /session/c3abc88c4085a1d56746dc5a5008fa37/elements - {"using":"xpath","value":"//span[text()='Error']"}
RESULT: {"using":"xpath","value":"//span[text()='Error']"}
]]></system-out>
    </testcase>
  </testsuite>
  <testsuite timestamp="2025-05-13T07:28:33" time="329.466" tests="2" failures="0" errors="0" skipped="0">
    <properties>
      <property name="specId" value="0" />
      <property name="suiteName" value="Create 2 Yards US112496" />
      <property name="capabilities" value="chrome.136_0_7103_49.windows" />
      <property name="file" value="file:///D:/a/1/s/test/specs/R2C/create-yard.spec.js" />
    </properties>
    <testcase classname="chrome.136_0_7103_49.windows.Create_2_Yards_US112496" name="Should create a new simple yard" time="144.734">
      <system-out><![CDATA[
COMMAND: POST /session/c3abc88c4085a1d56746dc5a5008fa37/execute/async - {"script":"<script> [1562 bytes]","args":[{"selector":{"controlType":"sap.ui.core.Icon","viewName":"etm.portal.ui.manageyards.view.Master","viewId":"application-manageyards-display-component---masterYard","properties":{"src":{"regex":{"source":"add"}}}},"wdio_ui5_key":"etmportal.ui.manageyards.view.Mastersap.ui.core.Icon{\"src\":{\"regex\":{\"source\":\"add\"}}}"}]}
RESULT: {"script":"<script> [1562 bytes]","args":[{"selector":{"controlType":"sap.ui.core.Icon","viewName":"etm.portal.ui.manageyards.view.Master","viewId":"application-manageyards-display-component---masterYard","properties":{"src":{"regex":{"source":"add"}}}},"wdio_ui5_key":"etmportal.ui.manageyards.view.Mastersap.ui.core.Icon{\"src\":{\"regex\":{\"source\":\"add\"}}}"}]}
RESULT: undefined
COMMAND: POST /session/c3abc88c4085a1d56746dc5a5008fa37/element - {"using":"xpath","value":"//*[@id=\"__button23-img\"]"}
RESULT: {"using":"xpath","value":"//*[@id=\"__button23-img\"]"}
COMMAND: POST /session/c3abc88c4085a1d56746dc5a5008fa37/element/f.AF2E6E2CD8BF2B753D9461224F8C2D7E.d.6ACD9DFB0A5A720EE08BBFC1CAAD5364.e.825/click - {}
RESULT: {}
COMMAND: GET /session/c3abc88c4085a1d56746dc5a5008fa37/screenshot - {}
RESULT: {}
COMMAND: POST /session/c3abc88c4085a1d56746dc5a5008fa37/execute/async - {"script":"<script> [1562 bytes]","args":[{"selector":{"id":"application-manageyards-display-component---NewYard--yardId","interaction":{"idSuffix":"inner"}},"wdio_ui5_key":"applicationmanageyards-display-component---NewYard--yardId"}]}
RESULT: {"script":"<script> [1562 bytes]","args":[{"selector":{"id":"application-manageyards-display-component---NewYard--yardId","interaction":{"idSuffix":"inner"}},"wdio_ui5_key":"applicationmanageyards-display-component---NewYard--yardId"}]}
RESULT: undefined
COMMAND: POST /session/c3abc88c4085a1d56746dc5a5008fa37/element - {"using":"xpath","value":"//*[@id=\"application-manageyards-display-component---NewYard--addressDetailDetailsName1-inner\"]"}
RESULT: {"using":"xpath","value":"//*[@id=\"application-manageyards-display-component---NewYard--addressDetailDetailsName1-inner\"]"}
COMMAND: POST /session/c3abc88c4085a1d56746dc5a5008fa37/element/f.AF2E6E2CD8BF2B753D9461224F8C2D7E.d.6ACD9DFB0A5A720EE08BBFC1CAAD5364.e.1000/clear - {}
RESULT: {}
COMMAND: POST /session/c3abc88c4085a1d56746dc5a5008fa37/element/f.AF2E6E2CD8BF2B753D9461224F8C2D7E.d.6ACD9DFB0A5A720EE08BBFC1CAAD5364.e.1000/value - {"text":"Webdriver Yard cisrz"}
COMMAND: GET /session/c3abc88c4085a1d56746dc5a5008fa37/screenshot - {}
RESULT: {"text":"Webdriver Yard cisrz"}
COMMAND: POST /session/c3abc88c4085a1d56746dc5a5008fa37/element - {"using":"xpath","value":"//*[@id=\"application-manageyards-display-component---NewYard--addressDetailDetailsLanguage-inner\"]"}
COMMAND: GET /session/c3abc88c4085a1d56746dc5a5008fa37/screenshot - {}
RESULT: {}
RESULT: {"using":"xpath","value":"//*[@id=\"application-manageyards-display-component---NewYard--addressDetailDetailsLanguage-inner\"]"}
COMMAND: POST /session/c3abc88c4085a1d56746dc5a5008fa37/element/f.AF2E6E2CD8BF2B753D9461224F8C2D7E.d.6ACD9DFB0A5A720EE08BBFC1CAAD5364.e.1001/clear - {}
RESULT: {}
RESULT: {}
COMMAND: POST /session/c3abc88c4085a1d56746dc5a5008fa37/element/f.AF2E6E2CD8BF2B753D9461224F8C2D7E.d.6ACD9DFB0A5A720EE08BBFC1CAAD5364.e.1001/value - {"text":"Romanian"}
COMMAND: GET /session/c3abc88c4085a1d56746dc5a5008fa37/screenshot - {}
RESULT: {"text":"Romanian"}
COMMAND: GET /session/c3abc88c4085a1d56746dc5a5008fa37/screenshot - {}
RESULT: {}
RESULT: {}
COMMAND: POST /session/c3abc88c4085a1d56746dc5a5008fa37/element - {"using":"xpath","value":"//*[@id=\"application-manageyards-display-component---NewYard--addressDetailDetailsCity1-inner\"]"}
RESULT: {"using":"xpath","value":"//*[@id=\"application-manageyards-display-component---NewYard--addressDetailDetailsCity1-inner\"]"}
COMMAND: POST /session/c3abc88c4085a1d56746dc5a5008fa37/element/f.AF2E6E2CD8BF2B753D9461224F8C2D7E.d.6ACD9DFB0A5A720EE08BBFC1CAAD5364.e.1003/clear - {}
RESULT: {}
COMMAND: POST /session/c3abc88c4085a1d56746dc5a5008fa37/element/f.AF2E6E2CD8BF2B753D9461224F8C2D7E.d.6ACD9DFB0A5A720EE08BBFC1CAAD5364.e.1003/value - {"text":"Bucuresti"}
COMMAND: GET /session/c3abc88c4085a1d56746dc5a5008fa37/screenshot - {}
RESULT: {"text":"Bucuresti"}
COMMAND: GET /session/c3abc88c4085a1d56746dc5a5008fa37/screenshot - {}
RESULT: {}
RESULT: {}
COMMAND: POST /session/c3abc88c4085a1d56746dc5a5008fa37/element - {"using":"xpath","value":"//*[@id=\"application-manageyards-display-component---NewYard--addressDetailDetailsCountry-inner\"]"}
RESULT: {"using":"xpath","value":"//*[@id=\"application-manageyards-display-component---NewYard--addressDetailDetailsCountry-inner\"]"}
COMMAND: POST /session/c3abc88c4085a1d56746dc5a5008fa37/element/f.AF2E6E2CD8BF2B753D9461224F8C2D7E.d.6ACD9DFB0A5A720EE08BBFC1CAAD5364.e.1007/clear - {}
RESULT: {}
COMMAND: POST /session/c3abc88c4085a1d56746dc5a5008fa37/element/f.AF2E6E2CD8BF2B753D9461224F8C2D7E.d.6ACD9DFB0A5A720EE08BBFC1CAAD5364.e.1007/value - {"text":"Romania"}
COMMAND: GET /session/c3abc88c4085a1d56746dc5a5008fa37/screenshot - {}
RESULT: {"text":"Romania"}
COMMAND: GET /session/c3abc88c4085a1d56746dc5a5008fa37/screenshot - {}
RESULT: {}
RESULT: {}
COMMAND: POST /session/c3abc88c4085a1d56746dc5a5008fa37/element - {"using":"xpath","value":"//div[contains(text(), \"Commercial\")]"}
RESULT: {"using":"xpath","value":"//div[contains(text(), \"Commercial\")]"}
COMMAND: GET /session/c3abc88c4085a1d56746dc5a5008fa37/element/f.AF2E6E2CD8BF2B753D9461224F8C2D7E.d.6ACD9DFB0A5A720EE08BBFC1CAAD5364.e.1255/rect - {}
RESULT: {}
COMMAND: GET /session/c3abc88c4085a1d56746dc5a5008fa37/window/rect - {}
RESULT: {}
COMMAND: POST /session/c3abc88c4085a1d56746dc5a5008fa37/execute/sync - {"script":"<script> [92 bytes]","args":[]}
RESULT: {"script":"<script> [92 bytes]","args":[]}
COMMAND: POST /session/c3abc88c4085a1d56746dc5a5008fa37/actions - {"actions":[{"id":"action2","type":"wheel","parameters":{},"actions":[{"type":"scroll","x":-1825,"y":-44,"deltaX":0,"deltaY":0,"duration":0,"origin":{"element-6066-11e4-a52e-4f735466cecf":"f.AF2E6E2CD8BF2B753D9461224F8C2D7E.d.6ACD9DFB0A5A720EE08BBFC1CAAD5364.e.1255"}}]}]}
COMMAND: GET /session/c3abc88c4085a1d56746dc5a5008fa37/screenshot - {}
RESULT: {}
COMMAND: POST /session/c3abc88c4085a1d56746dc5a5008fa37/execute/sync - {"script":"<script> [79 bytes]","args":[{"element-6066-11e4-a52e-4f735466cecf":"f.AF2E6E2CD8BF2B753D9461224F8C2D7E.d.6ACD9DFB0A5A720EE08BBFC1CAAD5364.e.1255","ELEMENT":"f.AF2E6E2CD8BF2B753D9461224F8C2D7E.d.6ACD9DFB0A5A720EE08BBFC1CAAD5364.e.1255"},{"block":"start","inline":"nearest"}]}
RESULT: {"script":"<script> [79 bytes]","args":[{"element-6066-11e4-a52e-4f735466cecf":"f.AF2E6E2CD8BF2B753D9461224F8C2D7E.d.6ACD9DFB0A5A720EE08BBFC1CAAD5364.e.1255","ELEMENT":"f.AF2E6E2CD8BF2B753D9461224F8C2D7E.d.6ACD9DFB0A5A720EE08BBFC1CAAD5364.e.1255"},{"block":"start","inline":"nearest"}]}
COMMAND: GET /session/c3abc88c4085a1d56746dc5a5008fa37/screenshot - {}
RESULT: {}
COMMAND: POST /session/c3abc88c4085a1d56746dc5a5008fa37/element - {"using":"xpath","value":"//input[@id='application-manageyards-display-component---NewYard--addressEditDetailsCostObjectCstType-inner']"}
RESULT: {"using":"xpath","value":"//input[@id='application-manageyards-display-component---NewYard--addressEditDetailsCostObjectCstType-inner']"}
COMMAND: POST /session/c3abc88c4085a1d56746dc5a5008fa37/execute/sync - {"script":"<script> [8489 bytes]","args":[{"element-6066-11e4-a52e-4f735466cecf":"f.AF2E6E2CD8BF2B753D9461224F8C2D7E.d.6ACD9DFB0A5A720EE08BBFC1CAAD5364.e.1013","ELEMENT":"f.AF2E6E2CD8BF2B753D9461224F8C2D7E.d.6ACD9DFB0A5A720EE08BBFC1CAAD5364.e.1013"}]}
RESULT: {"script":"<script> [8489 bytes]","args":[{"element-6066-11e4-a52e-4f735466cecf":"f.AF2E6E2CD8BF2B753D9461224F8C2D7E.d.6ACD9DFB0A5A720EE08BBFC1CAAD5364.e.1013","ELEMENT":"f.AF2E6E2CD8BF2B753D9461224F8C2D7E.d.6ACD9DFB0A5A720EE08BBFC1CAAD5364.e.1013"}]}
COMMAND: POST /session/c3abc88c4085a1d56746dc5a5008fa37/element/f.AF2E6E2CD8BF2B753D9461224F8C2D7E.d.6ACD9DFB0A5A720EE08BBFC1CAAD5364.e.1013/clear - {}
COMMAND: GET /session/c3abc88c4085a1d56746dc5a5008fa37/screenshot - {}
RESULT: {}
COMMAND: POST /session/c3abc88c4085a1d56746dc5a5008fa37/element/f.AF2E6E2CD8BF2B753D9461224F8C2D7E.d.6ACD9DFB0A5A720EE08BBFC1CAAD5364.e.1013/value - {"text":"Cost"}
COMMAND: GET /session/c3abc88c4085a1d56746dc5a5008fa37/screenshot - {}
RESULT: {}
RESULT: {"text":"Cost"}
COMMAND: GET /session/c3abc88c4085a1d56746dc5a5008fa37/screenshot - {}
RESULT: {}
RESULT: {}
COMMAND: POST /session/c3abc88c4085a1d56746dc5a5008fa37/execute/async - {"script":"<script> [1562 bytes]","args":[{"selector":{"id":"application-manageyards-display-component---NewYard--addressNewCostObjectCstID","interaction":{"idSuffix":"inner"}},"wdio_ui5_key":"applicationmanageyards-display-component---NewYard--addressNewCostObjectCstID"}]}
RESULT: {"script":"<script> [1562 bytes]","args":[{"selector":{"id":"application-manageyards-display-component---NewYard--addressNewCostObjectCstID","interaction":{"idSuffix":"inner"}},"wdio_ui5_key":"applicationmanageyards-display-component---NewYard--addressNewCostObjectCstID"}]}
RESULT: undefined
COMMAND: POST /session/c3abc88c4085a1d56746dc5a5008fa37/execute/async - {"script":"<script> [776 bytes]","args":[{"enterText":"10001013","selector":{"id":"application-manageyards-display-component---NewYard--addressNewCostObjectCstID","interaction":{"idSuffix":"inner"}},"clearTextFirst":true,"interactionType":"ENTER_TEXT"}]}
RESULT: {"script":"<script> [776 bytes]","args":[{"enterText":"10001013","selector":{"id":"application-manageyards-display-component---NewYard--addressNewCostObjectCstID","interaction":{"idSuffix":"inner"}},"clearTextFirst":true,"interactionType":"ENTER_TEXT"}]}
COMMAND: POST /session/c3abc88c4085a1d56746dc5a5008fa37/actions - {"actions":[{"id":"action3","type":"key","parameters":{},"actions":[{"type":"keyDown","value":"î€‡"},{"type":"pause","duration":10},{"type":"keyUp","value":"î€‡"}]}]}
RESULT: {"actions":[{"id":"action3","type":"key","parameters":{},"actions":[{"type":"keyDown","value":"î€‡"},{"type":"pause","duration":10},{"type":"keyUp","value":"î€‡"}]}]}
COMMAND: GET /session/c3abc88c4085a1d56746dc5a5008fa37/screenshot - {}
RESULT: {}
COMMAND: POST /session/c3abc88c4085a1d56746dc5a5008fa37/execute/async - {"script":"<script> [1562 bytes]","args":[{"selector":{"controlType":"sap.m.Button","viewName":"etm.portal.ui.manageyards.view.New","viewId":"application-manageyards-display-component---NewYard","i18NText":{"propertyName":"text","key":"save"},"interaction":{"idSuffix":"inner"}},"wdio_ui5_key":"etmportal.ui.manageyards.view.Newsap.m.Button{\"propertyName\":\"text\",\"key\":\"save\"}"}]}
RESULT: {"script":"<script> [1562 bytes]","args":[{"selector":{"controlType":"sap.m.Button","viewName":"etm.portal.ui.manageyards.view.New","viewId":"application-manageyards-display-component---NewYard","i18NText":{"propertyName":"text","key":"save"},"interaction":{"idSuffix":"inner"}},"wdio_ui5_key":"etmportal.ui.manageyards.view.Newsap.m.Button{\"propertyName\":\"text\",\"key\":\"save\"}"}]}
RESULT: undefined
COMMAND: POST /session/c3abc88c4085a1d56746dc5a5008fa37/element - {"using":"xpath","value":"//*[@id=\"__button37\"]"}
RESULT: {"using":"xpath","value":"//*[@id=\"__button37\"]"}
COMMAND: POST /session/c3abc88c4085a1d56746dc5a5008fa37/element/f.AF2E6E2CD8BF2B753D9461224F8C2D7E.d.6ACD9DFB0A5A720EE08BBFC1CAAD5364.e.1216/click - {}
RESULT: {}
COMMAND: GET /session/c3abc88c4085a1d56746dc5a5008fa37/screenshot - {}
RESULT: {}
COMMAND: POST /session/c3abc88c4085a1d56746dc5a5008fa37/element - {"using":"xpath","value":"//header/div/div/div/div/div/div[2]/div/span"}
RESULT: {"using":"xpath","value":"//header/div/div/div/div/div/div[2]/div/span"}
COMMAND: GET /session/c3abc88c4085a1d56746dc5a5008fa37/element/f.AF2E6E2CD8BF2B753D9461224F8C2D7E.d.6ACD9DFB0A5A720EE08BBFC1CAAD5364.e.1471/text - {}
RESULT: {}
COMMAND: POST /session/c3abc88c4085a1d56746dc5a5008fa37/element - {"using":"xpath","value":"//header/div/div[2]/div[2]/span"}
RESULT: {"using":"xpath","value":"//header/div/div[2]/div[2]/span"}
COMMAND: GET /session/c3abc88c4085a1d56746dc5a5008fa37/element/f.AF2E6E2CD8BF2B753D9461224F8C2D7E.d.6ACD9DFB0A5A720EE08BBFC1CAAD5364.e.1472/text - {}
RESULT: {}
COMMAND: POST /session/c3abc88c4085a1d56746dc5a5008fa37/execute/async - {"script":"<script> [1562 bytes]","args":[{"selector":{"controlType":"sap.m.OverflowToolbarButton","viewName":"etm.portal.ui.manageyards.view.Detail","viewId":"application-manageyards-display-component---detailYard","i18NText":{"propertyName":"tooltip","key":"closeColumn"},"interaction":{"idSuffix":"inner"}},"wdio_ui5_key":"etmportal.ui.manageyards.view.Detailsap.m.OverflowToolbarButton{\"propertyName\":\"tooltip\",\"key\":\"closeColumn\"}"}]}
RESULT: {"script":"<script> [1562 bytes]","args":[{"selector":{"controlType":"sap.m.OverflowToolbarButton","viewName":"etm.portal.ui.manageyards.view.Detail","viewId":"application-manageyards-display-component---detailYard","i18NText":{"propertyName":"tooltip","key":"closeColumn"},"interaction":{"idSuffix":"inner"}},"wdio_ui5_key":"etmportal.ui.manageyards.view.Detailsap.m.OverflowToolbarButton{\"propertyName\":\"tooltip\",\"key\":\"closeColumn\"}"}]}
RESULT: undefined
COMMAND: POST /session/c3abc88c4085a1d56746dc5a5008fa37/element - {"using":"xpath","value":"//*[@id=\"__button58\"]"}
RESULT: {"using":"xpath","value":"//*[@id=\"__button58\"]"}
COMMAND: POST /session/c3abc88c4085a1d56746dc5a5008fa37/element/f.AF2E6E2CD8BF2B753D9461224F8C2D7E.d.6ACD9DFB0A5A720EE08BBFC1CAAD5364.e.1474/click - {}
RESULT: {}
COMMAND: POST /session/c3abc88c4085a1d56746dc5a5008fa37/refresh - {}
COMMAND: GET /session/c3abc88c4085a1d56746dc5a5008fa37/screenshot - {}
RESULT: {}
COMMAND: GET /session/c3abc88c4085a1d56746dc5a5008fa37/screenshot - {}
RESULT: {}
RESULT: {}
COMMAND: POST /session/c3abc88c4085a1d56746dc5a5008fa37/refresh - {}
RESULT: {}
COMMAND: GET /session/c3abc88c4085a1d56746dc5a5008fa37/screenshot - {}
RESULT: {}
COMMAND: POST /session/c3abc88c4085a1d56746dc5a5008fa37/window/fullscreen - {}
RESULT: {}
COMMAND: POST /session/c3abc88c4085a1d56746dc5a5008fa37/execute/async - {"script":"<script> [189 bytes]","args":[]}
RESULT: {"script":"<script> [189 bytes]","args":[]}
COMMAND: POST /session/c3abc88c4085a1d56746dc5a5008fa37/execute/async - {"script":"<script> [123 bytes]","args":[]}
RESULT: {"script":"<script> [123 bytes]","args":[]}
COMMAND: POST /session/c3abc88c4085a1d56746dc5a5008fa37/timeouts - {"script":"<number>"}
RESULT: {"script":"<number>"}
COMMAND: GET /session/c3abc88c4085a1d56746dc5a5008fa37/timeouts - {}
RESULT: {}
RESULT: undefined
COMMAND: POST /session/c3abc88c4085a1d56746dc5a5008fa37/execute/async - {"script":"<script> [2676 bytes]","args":[]}
RESULT: {"script":"<script> [2676 bytes]","args":[]}
COMMAND: POST /session/c3abc88c4085a1d56746dc5a5008fa37/execute/async - {"script":"<script> [2342 bytes]","args":[{"protocol":"http","hostname":"0.0.0.0","path":"/","capabilities":{"browserName":"chrome","goog:chromeOptions":{"binary":"C:\\Program Files\\Google\\Chrome\\Application\\chrome.exe","args":["--start-maximized"]}},"logLevel":"warn","connectionRetryTimeout":120000,"connectionRetryCount":3,"logLevels":{},"enableDirectConnect":true,"strictSSL":true,"_":"65 more keys: [\"cacheDir\",\"port\",\"requestedCapabilities\",\"automationProtocol\",\"baseUrl\",\"waitforInterval\",\"waitforTimeout\",\"onReload\",\"beforeCommand\",\"afterCommand\",\"rootDir\",\"specs\",\"suites\",\"exclude\",\"groupLogsByTestSpec\",\"excludeDriverLogs\",\"bail\",\"framework\",\"reporters\",\"services\",\"maxInstances\",\"maxInstancesPerCapability\",\"injectGlobals\",\"filesToWatch\",\"execArgv\",\"runnerEnv\",\"runner\",\"shard\",\"specFileRetries\",\"specFileRetriesDelay\",\"specFileRetriesDeferred\",\"reporterSyncInterval\",\"reporterSyncTimeout\",\"cucumberFeaturesWithLineNumbers\",\"autoCompileOpts\",\"mochaOpts\",\"jasmineOpts\",\"cucumberOpts\",\"onPrepare\",\"onWorkerStart\",\"onWorkerEnd\",\"before\",\"beforeSession\",\"beforeSuite\",\"beforeHook\",\"beforeTest\",\"afterTest\",\"afterHook\",\"afterSuite\",\"afterSession\",\"after\",\"onComplete\",\"beforeAssertion\",\"afterAssertion\",\"beforeFeature\",\"beforeScenario\",\"beforeStep\",\"afterStep\",\"afterScenario\",\"afterFeature\",\"_\",\"suite\",\"$0\",\"ignoredWorkerServices\",\"wdi5\"]"}]}
RESULT: {"script":"<script> [2342 bytes]","args":[{"protocol":"http","hostname":"0.0.0.0","path":"/","capabilities":{"browserName":"chrome","goog:chromeOptions":{"binary":"C:\\Program Files\\Google\\Chrome\\Application\\chrome.exe","args":["--start-maximized"]}},"logLevel":"warn","connectionRetryTimeout":120000,"connectionRetryCount":3,"logLevels":{},"enableDirectConnect":true,"strictSSL":true,"_":"65 more keys: [\"cacheDir\",\"port\",\"requestedCapabilities\",\"automationProtocol\",\"baseUrl\",\"waitforInterval\",\"waitforTimeout\",\"onReload\",\"beforeCommand\",\"afterCommand\",\"rootDir\",\"specs\",\"suites\",\"exclude\",\"groupLogsByTestSpec\",\"excludeDriverLogs\",\"bail\",\"framework\",\"reporters\",\"services\",\"maxInstances\",\"maxInstancesPerCapability\",\"injectGlobals\",\"filesToWatch\",\"execArgv\",\"runnerEnv\",\"runner\",\"shard\",\"specFileRetries\",\"specFileRetriesDelay\",\"specFileRetriesDeferred\",\"reporterSyncInterval\",\"reporterSyncTimeout\",\"cucumberFeaturesWithLineNumbers\",\"autoCompileOpts\",\"mochaOpts\",\"jasmineOpts\",\"cucumberOpts\",\"onPrepare\",\"onWorkerStart\",\"onWorkerEnd\",\"before\",\"beforeSession\",\"beforeSuite\",\"beforeHook\",\"beforeTest\",\"afterTest\",\"afterHook\",\"afterSuite\",\"afterSession\",\"after\",\"onComplete\",\"beforeAssertion\",\"afterAssertion\",\"beforeFeature\",\"beforeScenario\",\"beforeStep\",\"afterStep\",\"afterScenario\",\"afterFeature\",\"_\",\"suite\",\"$0\",\"ignoredWorkerServices\",\"wdi5\"]"}]}
COMMAND: POST /session/c3abc88c4085a1d56746dc5a5008fa37/execute/async - {"script":"<script> [21126 bytes]","args":[35000]}
RESULT: {"script":"<script> [21126 bytes]","args":[35000]}
]]></system-out>
    </testcase>
    <testcase classname="chrome.136_0_7103_49.windows.Create_2_Yards_US112496" name="Should create a WHM yard" time="73.684">
      <system-out><![CDATA[
COMMAND: POST /session/c3abc88c4085a1d56746dc5a5008fa37/execute/async - {"script":"<script> [1562 bytes]","args":[{"selector":{"controlType":"sap.ui.core.Icon","viewName":"etm.portal.ui.manageyards.view.Master","viewId":"application-manageyards-display-component---masterYard","properties":{"src":{"regex":{"source":"add"}}}},"wdio_ui5_key":"etmportal.ui.manageyards.view.Mastersap.ui.core.Icon{\"src\":{\"regex\":{\"source\":\"add\"}}}"}]}
RESULT: {"script":"<script> [1562 bytes]","args":[{"selector":{"controlType":"sap.ui.core.Icon","viewName":"etm.portal.ui.manageyards.view.Master","viewId":"application-manageyards-display-component---masterYard","properties":{"src":{"regex":{"source":"add"}}}},"wdio_ui5_key":"etmportal.ui.manageyards.view.Mastersap.ui.core.Icon{\"src\":{\"regex\":{\"source\":\"add\"}}}"}]}
RESULT: undefined
COMMAND: POST /session/c3abc88c4085a1d56746dc5a5008fa37/element - {"using":"xpath","value":"//*[@id=\"__button9-img\"]"}
RESULT: {"using":"xpath","value":"//*[@id=\"__button9-img\"]"}
COMMAND: POST /session/c3abc88c4085a1d56746dc5a5008fa37/element/f.AF2E6E2CD8BF2B753D9461224F8C2D7E.d.108E84BD222D8725485CAE4555FA8F23.e.1579/click - {}
RESULT: {}
COMMAND: GET /session/c3abc88c4085a1d56746dc5a5008fa37/screenshot - {}
RESULT: {}
COMMAND: POST /session/c3abc88c4085a1d56746dc5a5008fa37/execute/async - {"script":"<script> [1562 bytes]","args":[{"selector":{"id":"application-manageyards-display-component---NewYard--yardId","interaction":{"idSuffix":"inner"}},"wdio_ui5_key":"applicationmanageyards-display-component---NewYard--yardId"}]}
RESULT: {"script":"<script> [1562 bytes]","args":[{"selector":{"id":"application-manageyards-display-component---NewYard--yardId","interaction":{"idSuffix":"inner"}},"wdio_ui5_key":"applicationmanageyards-display-component---NewYard--yardId"}]}
RESULT: undefined
COMMAND: POST /session/c3abc88c4085a1d56746dc5a5008fa37/element - {"using":"xpath","value":"//*[@id=\"application-manageyards-display-component---NewYard--addressDetailDetailsName1-inner\"]"}
RESULT: {"using":"xpath","value":"//*[@id=\"application-manageyards-display-component---NewYard--addressDetailDetailsName1-inner\"]"}
COMMAND: POST /session/c3abc88c4085a1d56746dc5a5008fa37/element/f.AF2E6E2CD8BF2B753D9461224F8C2D7E.d.108E84BD222D8725485CAE4555FA8F23.e.1717/clear - {}
RESULT: {}
COMMAND: POST /session/c3abc88c4085a1d56746dc5a5008fa37/element/f.AF2E6E2CD8BF2B753D9461224F8C2D7E.d.108E84BD222D8725485CAE4555FA8F23.e.1717/value - {"text":"Webdriver WHM Yard at8xgh"}
COMMAND: GET /session/c3abc88c4085a1d56746dc5a5008fa37/screenshot - {}
RESULT: {"text":"Webdriver WHM Yard at8xgh"}
COMMAND: POST /session/c3abc88c4085a1d56746dc5a5008fa37/element - {"using":"xpath","value":"//*[@id=\"application-manageyards-display-component---NewYard--addressDetailDetailsLanguage-inner\"]"}
COMMAND: GET /session/c3abc88c4085a1d56746dc5a5008fa37/screenshot - {}
RESULT: {}
RESULT: {"using":"xpath","value":"//*[@id=\"application-manageyards-display-component---NewYard--addressDetailDetailsLanguage-inner\"]"}
COMMAND: POST /session/c3abc88c4085a1d56746dc5a5008fa37/element/f.AF2E6E2CD8BF2B753D9461224F8C2D7E.d.108E84BD222D8725485CAE4555FA8F23.e.1718/clear - {}
RESULT: {}
RESULT: {}
COMMAND: POST /session/c3abc88c4085a1d56746dc5a5008fa37/element/f.AF2E6E2CD8BF2B753D9461224F8C2D7E.d.108E84BD222D8725485CAE4555FA8F23.e.1718/value - {"text":"Romanian"}
COMMAND: GET /session/c3abc88c4085a1d56746dc5a5008fa37/screenshot - {}
RESULT: {"text":"Romanian"}
COMMAND: GET /session/c3abc88c4085a1d56746dc5a5008fa37/screenshot - {}
RESULT: {}
RESULT: {}
COMMAND: POST /session/c3abc88c4085a1d56746dc5a5008fa37/element - {"using":"xpath","value":"//*[@id=\"application-manageyards-display-component---NewYard--addressDetailDetailsCity1-inner\"]"}
RESULT: {"using":"xpath","value":"//*[@id=\"application-manageyards-display-component---NewYard--addressDetailDetailsCity1-inner\"]"}
COMMAND: POST /session/c3abc88c4085a1d56746dc5a5008fa37/element/f.AF2E6E2CD8BF2B753D9461224F8C2D7E.d.108E84BD222D8725485CAE4555FA8F23.e.1720/clear - {}
RESULT: {}
COMMAND: POST /session/c3abc88c4085a1d56746dc5a5008fa37/element/f.AF2E6E2CD8BF2B753D9461224F8C2D7E.d.108E84BD222D8725485CAE4555FA8F23.e.1720/value - {"text":"Bucuresti"}
COMMAND: GET /session/c3abc88c4085a1d56746dc5a5008fa37/screenshot - {}
RESULT: {"text":"Bucuresti"}
COMMAND: GET /session/c3abc88c4085a1d56746dc5a5008fa37/screenshot - {}
RESULT: {}
RESULT: {}
COMMAND: POST /session/c3abc88c4085a1d56746dc5a5008fa37/element - {"using":"xpath","value":"//*[@id=\"application-manageyards-display-component---NewYard--addressDetailDetailsCountry-inner\"]"}
RESULT: {"using":"xpath","value":"//*[@id=\"application-manageyards-display-component---NewYard--addressDetailDetailsCountry-inner\"]"}
COMMAND: POST /session/c3abc88c4085a1d56746dc5a5008fa37/element/f.AF2E6E2CD8BF2B753D9461224F8C2D7E.d.108E84BD222D8725485CAE4555FA8F23.e.1724/clear - {}
RESULT: {}
COMMAND: POST /session/c3abc88c4085a1d56746dc5a5008fa37/element/f.AF2E6E2CD8BF2B753D9461224F8C2D7E.d.108E84BD222D8725485CAE4555FA8F23.e.1724/value - {"text":"Romania"}
COMMAND: GET /session/c3abc88c4085a1d56746dc5a5008fa37/screenshot - {}
RESULT: {"text":"Romania"}
COMMAND: GET /session/c3abc88c4085a1d56746dc5a5008fa37/screenshot - {}
RESULT: {}
RESULT: {}
COMMAND: POST /session/c3abc88c4085a1d56746dc5a5008fa37/execute/async - {"script":"<script> [1562 bytes]","args":[{"selector":{"controlType":"sap.m.Button","viewName":"etm.portal.ui.manageyards.view.New","viewId":"application-manageyards-display-component---NewYard","properties":{"text":"Commercial"},"interaction":{"idSuffix":"BDI-content"}},"wdio_ui5_key":"etmportal.ui.manageyards.view.Newsap.m.Button{\"text\":\"Commercial\"}"}]}
RESULT: {"script":"<script> [1562 bytes]","args":[{"selector":{"controlType":"sap.m.Button","viewName":"etm.portal.ui.manageyards.view.New","viewId":"application-manageyards-display-component---NewYard","properties":{"text":"Commercial"},"interaction":{"idSuffix":"BDI-content"}},"wdio_ui5_key":"etmportal.ui.manageyards.view.Newsap.m.Button{\"text\":\"Commercial\"}"}]}
RESULT: undefined
COMMAND: POST /session/c3abc88c4085a1d56746dc5a5008fa37/element - {"using":"xpath","value":"//*[@id=\"application-manageyards-display-component---NewYard--ObjectPageLayout-anchBar-__section17-anchor\"]"}
RESULT: {"using":"xpath","value":"//*[@id=\"application-manageyards-display-component---NewYard--ObjectPageLayout-anchBar-__section17-anchor\"]"}
COMMAND: POST /session/c3abc88c4085a1d56746dc5a5008fa37/element/f.AF2E6E2CD8BF2B753D9461224F8C2D7E.d.108E84BD222D8725485CAE4555FA8F23.e.1862/click - {}
RESULT: {}
COMMAND: GET /session/c3abc88c4085a1d56746dc5a5008fa37/screenshot - {}
RESULT: {}
COMMAND: POST /session/c3abc88c4085a1d56746dc5a5008fa37/element - {"using":"xpath","value":"//input[@id='application-manageyards-display-component---NewYard--addressEditDetailsCostObjectCstType-inner']"}
RESULT: {"using":"xpath","value":"//input[@id='application-manageyards-display-component---NewYard--addressEditDetailsCostObjectCstType-inner']"}
COMMAND: POST /session/c3abc88c4085a1d56746dc5a5008fa37/execute/sync - {"script":"<script> [8489 bytes]","args":[{"element-6066-11e4-a52e-4f735466cecf":"f.AF2E6E2CD8BF2B753D9461224F8C2D7E.d.108E84BD222D8725485CAE4555FA8F23.e.1730","ELEMENT":"f.AF2E6E2CD8BF2B753D9461224F8C2D7E.d.108E84BD222D8725485CAE4555FA8F23.e.1730"}]}
RESULT: {"script":"<script> [8489 bytes]","args":[{"element-6066-11e4-a52e-4f735466cecf":"f.AF2E6E2CD8BF2B753D9461224F8C2D7E.d.108E84BD222D8725485CAE4555FA8F23.e.1730","ELEMENT":"f.AF2E6E2CD8BF2B753D9461224F8C2D7E.d.108E84BD222D8725485CAE4555FA8F23.e.1730"}]}
COMMAND: POST /session/c3abc88c4085a1d56746dc5a5008fa37/element/f.AF2E6E2CD8BF2B753D9461224F8C2D7E.d.108E84BD222D8725485CAE4555FA8F23.e.1730/clear - {}
COMMAND: GET /session/c3abc88c4085a1d56746dc5a5008fa37/screenshot - {}
RESULT: {}
COMMAND: POST /session/c3abc88c4085a1d56746dc5a5008fa37/element/f.AF2E6E2CD8BF2B753D9461224F8C2D7E.d.108E84BD222D8725485CAE4555FA8F23.e.1730/value - {"text":"Cost"}
RESULT: {}
RESULT: {"text":"Cost"}
COMMAND: GET /session/c3abc88c4085a1d56746dc5a5008fa37/screenshot - {}
COMMAND: GET /session/c3abc88c4085a1d56746dc5a5008fa37/screenshot - {}
RESULT: {}
RESULT: {}
COMMAND: POST /session/c3abc88c4085a1d56746dc5a5008fa37/execute/async - {"script":"<script> [1562 bytes]","args":[{"selector":{"id":"application-manageyards-display-component---NewYard--addressNewCostObjectCstID","interaction":{"idSuffix":"inner"}},"wdio_ui5_key":"applicationmanageyards-display-component---NewYard--addressNewCostObjectCstID"}]}
RESULT: {"script":"<script> [1562 bytes]","args":[{"selector":{"id":"application-manageyards-display-component---NewYard--addressNewCostObjectCstID","interaction":{"idSuffix":"inner"}},"wdio_ui5_key":"applicationmanageyards-display-component---NewYard--addressNewCostObjectCstID"}]}
RESULT: undefined
COMMAND: POST /session/c3abc88c4085a1d56746dc5a5008fa37/execute/async - {"script":"<script> [776 bytes]","args":[{"enterText":"10001013","selector":{"id":"application-manageyards-display-component---NewYard--addressNewCostObjectCstID","interaction":{"idSuffix":"inner"}},"clearTextFirst":true,"interactionType":"ENTER_TEXT"}]}
RESULT: {"script":"<script> [776 bytes]","args":[{"enterText":"10001013","selector":{"id":"application-manageyards-display-component---NewYard--addressNewCostObjectCstID","interaction":{"idSuffix":"inner"}},"clearTextFirst":true,"interactionType":"ENTER_TEXT"}]}
COMMAND: POST /session/c3abc88c4085a1d56746dc5a5008fa37/actions - {"actions":[{"id":"action4","type":"key","parameters":{},"actions":[{"type":"keyDown","value":"î€‡"},{"type":"pause","duration":10},{"type":"keyUp","value":"î€‡"}]}]}
RESULT: {"actions":[{"id":"action4","type":"key","parameters":{},"actions":[{"type":"keyDown","value":"î€‡"},{"type":"pause","duration":10},{"type":"keyUp","value":"î€‡"}]}]}
COMMAND: POST /session/c3abc88c4085a1d56746dc5a5008fa37/execute/async - {"script":"<script> [1562 bytes]","args":[{"selector":{"id":"application-manageyards-display-component---NewYard--addressEditDetailsCurrency","interaction":{"idSuffix":"inner"}},"wdio_ui5_key":"applicationmanageyards-display-component---NewYard--addressEditDetailsCurrency"}]}
COMMAND: GET /session/c3abc88c4085a1d56746dc5a5008fa37/screenshot - {}
RESULT: {"script":"<script> [1562 bytes]","args":[{"selector":{"id":"application-manageyards-display-component---NewYard--addressEditDetailsCurrency","interaction":{"idSuffix":"inner"}},"wdio_ui5_key":"applicationmanageyards-display-component---NewYard--addressEditDetailsCurrency"}]}
RESULT: undefined
COMMAND: POST /session/c3abc88c4085a1d56746dc5a5008fa37/execute/async - {"script":"<script> [776 bytes]","args":[{"enterText":"Euro","selector":{"id":"application-manageyards-display-component---NewYard--addressEditDetailsCurrency","interaction":{"idSuffix":"inner"}},"clearTextFirst":true,"interactionType":"ENTER_TEXT"}]}
RESULT: {}
RESULT: {"script":"<script> [776 bytes]","args":[{"enterText":"Euro","selector":{"id":"application-manageyards-display-component---NewYard--addressEditDetailsCurrency","interaction":{"idSuffix":"inner"}},"clearTextFirst":true,"interactionType":"ENTER_TEXT"}]}
COMMAND: POST /session/c3abc88c4085a1d56746dc5a5008fa37/execute/async - {"script":"<script> [1562 bytes]","args":[{"selector":{"controlType":"sap.m.Input","viewName":"etm.portal.ui.manageyards.view.New","viewId":"application-manageyards-display-component---NewYard","bindingPath":{"path":"","propertyPath":"/CONTROLLING_AREA","modelName":"NewYardModel"},"interaction":{"idSuffix":"inner"}},"wdio_ui5_key":"etmportal.ui.manageyards.view.Newsap.m.Input{\"path\":\"\",\"propertyPath\":\"/CONTROLLING_AREA\",\"modelName\":\"NewYardModel\"}"}]}
RESULT: {"script":"<script> [1562 bytes]","args":[{"selector":{"controlType":"sap.m.Input","viewName":"etm.portal.ui.manageyards.view.New","viewId":"application-manageyards-display-component---NewYard","bindingPath":{"path":"","propertyPath":"/CONTROLLING_AREA","modelName":"NewYardModel"},"interaction":{"idSuffix":"inner"}},"wdio_ui5_key":"etmportal.ui.manageyards.view.Newsap.m.Input{\"path\":\"\",\"propertyPath\":\"/CONTROLLING_AREA\",\"modelName\":\"NewYardModel\"}"}]}
RESULT: undefined
COMMAND: POST /session/c3abc88c4085a1d56746dc5a5008fa37/execute/async - {"script":"<script> [776 bytes]","args":[{"enterText":"Z001","selector":{"controlType":"sap.m.Input","viewName":"etm.portal.ui.manageyards.view.New","viewId":"application-manageyards-display-component---NewYard","bindingPath":{"path":"","propertyPath":"/CONTROLLING_AREA","modelName":"NewYardModel"},"interaction":{"idSuffix":"inner"}},"clearTextFirst":true,"interactionType":"ENTER_TEXT"}]}
RESULT: {"script":"<script> [776 bytes]","args":[{"enterText":"Z001","selector":{"controlType":"sap.m.Input","viewName":"etm.portal.ui.manageyards.view.New","viewId":"application-manageyards-display-component---NewYard","bindingPath":{"path":"","propertyPath":"/CONTROLLING_AREA","modelName":"NewYardModel"},"interaction":{"idSuffix":"inner"}},"clearTextFirst":true,"interactionType":"ENTER_TEXT"}]}
COMMAND: POST /session/c3abc88c4085a1d56746dc5a5008fa37/execute/async - {"script":"<script> [1562 bytes]","args":[{"selector":{"id":"application-manageyards-display-component---NewYard--companyCodeComboBox","interaction":{"idSuffix":"inner"}},"wdio_ui5_key":"applicationmanageyards-display-component---NewYard--companyCodeComboBox"}]}
RESULT: {"script":"<script> [1562 bytes]","args":[{"selector":{"id":"application-manageyards-display-component---NewYard--companyCodeComboBox","interaction":{"idSuffix":"inner"}},"wdio_ui5_key":"applicationmanageyards-display-component---NewYard--companyCodeComboBox"}]}
RESULT: undefined
COMMAND: POST /session/c3abc88c4085a1d56746dc5a5008fa37/execute/async - {"script":"<script> [776 bytes]","args":[{"enterText":"1000","selector":{"id":"application-manageyards-display-component---NewYard--companyCodeComboBox","interaction":{"idSuffix":"inner"}},"clearTextFirst":true,"interactionType":"ENTER_TEXT"}]}
RESULT: {"script":"<script> [776 bytes]","args":[{"enterText":"1000","selector":{"id":"application-manageyards-display-component---NewYard--companyCodeComboBox","interaction":{"idSuffix":"inner"}},"clearTextFirst":true,"interactionType":"ENTER_TEXT"}]}
COMMAND: POST /session/c3abc88c4085a1d56746dc5a5008fa37/actions - {"actions":[{"id":"action5","type":"key","parameters":{},"actions":[{"type":"keyDown","value":"î€‡"},{"type":"pause","duration":10},{"type":"keyUp","value":"î€‡"}]}]}
RESULT: {"actions":[{"id":"action5","type":"key","parameters":{},"actions":[{"type":"keyDown","value":"î€‡"},{"type":"pause","duration":10},{"type":"keyUp","value":"î€‡"}]}]}
COMMAND: POST /session/c3abc88c4085a1d56746dc5a5008fa37/execute/async - {"script":"<script> [1562 bytes]","args":[{"selector":{"controlType":"sap.m.Input","viewName":"etm.portal.ui.manageyards.view.New","viewId":"application-manageyards-display-component---NewYard","bindingPath":{"path":"","propertyPath":"/PLANT","modelName":"NewYardModel"},"interaction":{"idSuffix":"inner"}},"wdio_ui5_key":"etmportal.ui.manageyards.view.Newsap.m.Input{\"path\":\"\",\"propertyPath\":\"/PLANT\",\"modelName\":\"NewYardModel\"}"}]}
COMMAND: GET /session/c3abc88c4085a1d56746dc5a5008fa37/screenshot - {}
RESULT: {"script":"<script> [1562 bytes]","args":[{"selector":{"controlType":"sap.m.Input","viewName":"etm.portal.ui.manageyards.view.New","viewId":"application-manageyards-display-component---NewYard","bindingPath":{"path":"","propertyPath":"/PLANT","modelName":"NewYardModel"},"interaction":{"idSuffix":"inner"}},"wdio_ui5_key":"etmportal.ui.manageyards.view.Newsap.m.Input{\"path\":\"\",\"propertyPath\":\"/PLANT\",\"modelName\":\"NewYardModel\"}"}]}
RESULT: undefined
COMMAND: POST /session/c3abc88c4085a1d56746dc5a5008fa37/execute/async - {"script":"<script> [776 bytes]","args":[{"enterText":"1001","selector":{"controlType":"sap.m.Input","viewName":"etm.portal.ui.manageyards.view.New","viewId":"application-manageyards-display-component---NewYard","bindingPath":{"path":"","propertyPath":"/PLANT","modelName":"NewYardModel"},"interaction":{"idSuffix":"inner"}},"clearTextFirst":true,"interactionType":"ENTER_TEXT"}]}
RESULT: {}
RESULT: {"script":"<script> [776 bytes]","args":[{"enterText":"1001","selector":{"controlType":"sap.m.Input","viewName":"etm.portal.ui.manageyards.view.New","viewId":"application-manageyards-display-component---NewYard","bindingPath":{"path":"","propertyPath":"/PLANT","modelName":"NewYardModel"},"interaction":{"idSuffix":"inner"}},"clearTextFirst":true,"interactionType":"ENTER_TEXT"}]}
COMMAND: POST /session/c3abc88c4085a1d56746dc5a5008fa37/execute/async - {"script":"<script> [1562 bytes]","args":[{"selector":{"controlType":"sap.m.Input","viewName":"etm.portal.ui.manageyards.view.New","viewId":"application-manageyards-display-component---NewYard","bindingPath":{"path":"","propertyPath":"/SALES_AREA_VKORG","modelName":"NewYardModel"},"interaction":{"idSuffix":"inner"}},"wdio_ui5_key":"etmportal.ui.manageyards.view.Newsap.m.Input{\"path\":\"\",\"propertyPath\":\"/SALES_AREA_VKORG\",\"modelName\":\"NewYardModel\"}"}]}
RESULT: {"script":"<script> [1562 bytes]","args":[{"selector":{"controlType":"sap.m.Input","viewName":"etm.portal.ui.manageyards.view.New","viewId":"application-manageyards-display-component---NewYard","bindingPath":{"path":"","propertyPath":"/SALES_AREA_VKORG","modelName":"NewYardModel"},"interaction":{"idSuffix":"inner"}},"wdio_ui5_key":"etmportal.ui.manageyards.view.Newsap.m.Input{\"path\":\"\",\"propertyPath\":\"/SALES_AREA_VKORG\",\"modelName\":\"NewYardModel\"}"}]}
RESULT: undefined
COMMAND: POST /session/c3abc88c4085a1d56746dc5a5008fa37/execute/async - {"script":"<script> [776 bytes]","args":[{"enterText":"C002","selector":{"controlType":"sap.m.Input","viewName":"etm.portal.ui.manageyards.view.New","viewId":"application-manageyards-display-component---NewYard","bindingPath":{"path":"","propertyPath":"/SALES_AREA_VKORG","modelName":"NewYardModel"},"interaction":{"idSuffix":"inner"}},"clearTextFirst":true,"interactionType":"ENTER_TEXT"}]}
RESULT: {"script":"<script> [776 bytes]","args":[{"enterText":"C002","selector":{"controlType":"sap.m.Input","viewName":"etm.portal.ui.manageyards.view.New","viewId":"application-manageyards-display-component---NewYard","bindingPath":{"path":"","propertyPath":"/SALES_AREA_VKORG","modelName":"NewYardModel"},"interaction":{"idSuffix":"inner"}},"clearTextFirst":true,"interactionType":"ENTER_TEXT"}]}
COMMAND: POST /session/c3abc88c4085a1d56746dc5a5008fa37/execute/async - {"script":"<script> [1562 bytes]","args":[{"selector":{"controlType":"sap.m.Input","viewName":"etm.portal.ui.manageyards.view.New","viewId":"application-manageyards-display-component---NewYard","bindingPath":{"path":"","propertyPath":"/SALES_AREA_VTWEG","modelName":"NewYardModel"},"interaction":{"idSuffix":"inner"}},"wdio_ui5_key":"etmportal.ui.manageyards.view.Newsap.m.Input{\"path\":\"\",\"propertyPath\":\"/SALES_AREA_VTWEG\",\"modelName\":\"NewYardModel\"}"}]}
RESULT: {"script":"<script> [1562 bytes]","args":[{"selector":{"controlType":"sap.m.Input","viewName":"etm.portal.ui.manageyards.view.New","viewId":"application-manageyards-display-component---NewYard","bindingPath":{"path":"","propertyPath":"/SALES_AREA_VTWEG","modelName":"NewYardModel"},"interaction":{"idSuffix":"inner"}},"wdio_ui5_key":"etmportal.ui.manageyards.view.Newsap.m.Input{\"path\":\"\",\"propertyPath\":\"/SALES_AREA_VTWEG\",\"modelName\":\"NewYardModel\"}"}]}
RESULT: undefined
COMMAND: POST /session/c3abc88c4085a1d56746dc5a5008fa37/execute/async - {"script":"<script> [776 bytes]","args":[{"enterText":"C2","selector":{"controlType":"sap.m.Input","viewName":"etm.portal.ui.manageyards.view.New","viewId":"application-manageyards-display-component---NewYard","bindingPath":{"path":"","propertyPath":"/SALES_AREA_VTWEG","modelName":"NewYardModel"},"interaction":{"idSuffix":"inner"}},"clearTextFirst":true,"interactionType":"ENTER_TEXT"}]}
RESULT: {"script":"<script> [776 bytes]","args":[{"enterText":"C2","selector":{"controlType":"sap.m.Input","viewName":"etm.portal.ui.manageyards.view.New","viewId":"application-manageyards-display-component---NewYard","bindingPath":{"path":"","propertyPath":"/SALES_AREA_VTWEG","modelName":"NewYardModel"},"interaction":{"idSuffix":"inner"}},"clearTextFirst":true,"interactionType":"ENTER_TEXT"}]}
COMMAND: POST /session/c3abc88c4085a1d56746dc5a5008fa37/execute/async - {"script":"<script> [1562 bytes]","args":[{"selector":{"controlType":"sap.m.Input","viewName":"etm.portal.ui.manageyards.view.New","viewId":"application-manageyards-display-component---NewYard","bindingPath":{"path":"","propertyPath":"/SALES_AREA_SPART","modelName":"NewYardModel"},"interaction":{"idSuffix":"inner"}},"wdio_ui5_key":"etmportal.ui.manageyards.view.Newsap.m.Input{\"path\":\"\",\"propertyPath\":\"/SALES_AREA_SPART\",\"modelName\":\"NewYardModel\"}"}]}
RESULT: {"script":"<script> [1562 bytes]","args":[{"selector":{"controlType":"sap.m.Input","viewName":"etm.portal.ui.manageyards.view.New","viewId":"application-manageyards-display-component---NewYard","bindingPath":{"path":"","propertyPath":"/SALES_AREA_SPART","modelName":"NewYardModel"},"interaction":{"idSuffix":"inner"}},"wdio_ui5_key":"etmportal.ui.manageyards.view.Newsap.m.Input{\"path\":\"\",\"propertyPath\":\"/SALES_AREA_SPART\",\"modelName\":\"NewYardModel\"}"}]}
RESULT: undefined
COMMAND: POST /session/c3abc88c4085a1d56746dc5a5008fa37/execute/async - {"script":"<script> [776 bytes]","args":[{"enterText":"C2","selector":{"controlType":"sap.m.Input","viewName":"etm.portal.ui.manageyards.view.New","viewId":"application-manageyards-display-component---NewYard","bindingPath":{"path":"","propertyPath":"/SALES_AREA_SPART","modelName":"NewYardModel"},"interaction":{"idSuffix":"inner"}},"clearTextFirst":true,"interactionType":"ENTER_TEXT"}]}
RESULT: {"script":"<script> [776 bytes]","args":[{"enterText":"C2","selector":{"controlType":"sap.m.Input","viewName":"etm.portal.ui.manageyards.view.New","viewId":"application-manageyards-display-component---NewYard","bindingPath":{"path":"","propertyPath":"/SALES_AREA_SPART","modelName":"NewYardModel"},"interaction":{"idSuffix":"inner"}},"clearTextFirst":true,"interactionType":"ENTER_TEXT"}]}
COMMAND: POST /session/c3abc88c4085a1d56746dc5a5008fa37/execute/async - {"script":"<script> [1562 bytes]","args":[{"selector":{"id":"application-manageyards-display-component---NewYard--whmCheckBox","interaction":{"idSuffix":"CbBg"}},"wdio_ui5_key":"applicationmanageyards-display-component---NewYard--whmCheckBox"}]}
RESULT: {"script":"<script> [1562 bytes]","args":[{"selector":{"id":"application-manageyards-display-component---NewYard--whmCheckBox","interaction":{"idSuffix":"CbBg"}},"wdio_ui5_key":"applicationmanageyards-display-component---NewYard--whmCheckBox"}]}
RESULT: undefined
COMMAND: POST /session/c3abc88c4085a1d56746dc5a5008fa37/element - {"using":"xpath","value":"//*[@id=\"application-manageyards-display-component---NewYard--whmCheckBox\"]"}
RESULT: {"using":"xpath","value":"//*[@id=\"application-manageyards-display-component---NewYard--whmCheckBox\"]"}
COMMAND: POST /session/c3abc88c4085a1d56746dc5a5008fa37/element/f.AF2E6E2CD8BF2B753D9461224F8C2D7E.d.108E84BD222D8725485CAE4555FA8F23.e.1891/click - {}
RESULT: {}
COMMAND: POST /session/c3abc88c4085a1d56746dc5a5008fa37/execute/async - {"script":"<script> [1562 bytes]","args":[{"selector":{"controlType":"sap.m.Button","viewName":"etm.portal.ui.manageyards.view.New","viewId":"application-manageyards-display-component---NewYard","i18NText":{"propertyName":"text","key":"save"},"interaction":{"idSuffix":"inner"}},"wdio_ui5_key":"etmportal.ui.manageyards.view.Newsap.m.Button{\"propertyName\":\"text\",\"key\":\"save\"}"}]}
COMMAND: GET /session/c3abc88c4085a1d56746dc5a5008fa37/screenshot - {}
RESULT: {"script":"<script> [1562 bytes]","args":[{"selector":{"controlType":"sap.m.Button","viewName":"etm.portal.ui.manageyards.view.New","viewId":"application-manageyards-display-component---NewYard","i18NText":{"propertyName":"text","key":"save"},"interaction":{"idSuffix":"inner"}},"wdio_ui5_key":"etmportal.ui.manageyards.view.Newsap.m.Button{\"propertyName\":\"text\",\"key\":\"save\"}"}]}
RESULT: undefined
COMMAND: POST /session/c3abc88c4085a1d56746dc5a5008fa37/element - {"using":"xpath","value":"//*[@id=\"__button41\"]"}
RESULT: {}
RESULT: {"using":"xpath","value":"//*[@id=\"__button41\"]"}
COMMAND: POST /session/c3abc88c4085a1d56746dc5a5008fa37/element/f.AF2E6E2CD8BF2B753D9461224F8C2D7E.d.108E84BD222D8725485CAE4555FA8F23.e.1846/click - {}
RESULT: {}
COMMAND: GET /session/c3abc88c4085a1d56746dc5a5008fa37/screenshot - {}
RESULT: {}
COMMAND: POST /session/c3abc88c4085a1d56746dc5a5008fa37/element - {"using":"xpath","value":"//header/div/div/div/div/div/div[2]/div/span"}
RESULT: {"using":"xpath","value":"//header/div/div/div/div/div/div[2]/div/span"}
COMMAND: GET /session/c3abc88c4085a1d56746dc5a5008fa37/element/f.AF2E6E2CD8BF2B753D9461224F8C2D7E.d.108E84BD222D8725485CAE4555FA8F23.e.2095/text - {}
RESULT: {}
COMMAND: POST /session/c3abc88c4085a1d56746dc5a5008fa37/element - {"using":"xpath","value":"//header/div/div[2]/div[2]/span"}
RESULT: {"using":"xpath","value":"//header/div/div[2]/div[2]/span"}
COMMAND: GET /session/c3abc88c4085a1d56746dc5a5008fa37/element/f.AF2E6E2CD8BF2B753D9461224F8C2D7E.d.108E84BD222D8725485CAE4555FA8F23.e.2096/text - {}
RESULT: {}
COMMAND: POST /session/c3abc88c4085a1d56746dc5a5008fa37/element - {"using":"css selector","value":"#j_username"}
COMMAND: POST /session/c3abc88c4085a1d56746dc5a5008fa37/url - {"url":"https://qa-testing-00-live-etm-ui.cfapps.eu10-004.hana.ondemand.com/"}
RESULT: {"using":"css selector","value":"#j_username"}
COMMAND: POST /session/c3abc88c4085a1d56746dc5a5008fa37/element - {"using":"css selector","value":"#j_username"}
RESULT: {"url":"https://qa-testing-00-live-etm-ui.cfapps.eu10-004.hana.ondemand.com/"}
RESULT: undefined
COMMAND: GET /session/c3abc88c4085a1d56746dc5a5008fa37/screenshot - {}
RESULT: {"using":"css selector","value":"#j_username"}
COMMAND: POST /session/c3abc88c4085a1d56746dc5a5008fa37/element - {"using":"css selector","value":"#shell-header-logo"}
RESULT: {}
RESULT: {"using":"css selector","value":"#shell-header-logo"}
COMMAND: POST /session/c3abc88c4085a1d56746dc5a5008fa37/execute/sync - {"script":"<script> [8489 bytes]","args":[{"element-6066-11e4-a52e-4f735466cecf":"f.AF2E6E2CD8BF2B753D9461224F8C2D7E.d.6B25FF1598CDF103B60FD73F6335676F.e.2107","ELEMENT":"f.AF2E6E2CD8BF2B753D9461224F8C2D7E.d.6B25FF1598CDF103B60FD73F6335676F.e.2107"}]}
RESULT: {"script":"<script> [8489 bytes]","args":[{"element-6066-11e4-a52e-4f735466cecf":"f.AF2E6E2CD8BF2B753D9461224F8C2D7E.d.6B25FF1598CDF103B60FD73F6335676F.e.2107","ELEMENT":"f.AF2E6E2CD8BF2B753D9461224F8C2D7E.d.6B25FF1598CDF103B60FD73F6335676F.e.2107"}]}
COMMAND: POST /session/c3abc88c4085a1d56746dc5a5008fa37/element - {"using":"css selector","value":"#shell-header-logo"}
COMMAND: GET /session/c3abc88c4085a1d56746dc5a5008fa37/screenshot - {}
RESULT: {"using":"css selector","value":"#shell-header-logo"}
COMMAND: POST /session/c3abc88c4085a1d56746dc5a5008fa37/execute/sync - {"script":"<script> [8489 bytes]","args":[{"element-6066-11e4-a52e-4f735466cecf":"f.AF2E6E2CD8BF2B753D9461224F8C2D7E.d.6B25FF1598CDF103B60FD73F6335676F.e.2107","ELEMENT":"f.AF2E6E2CD8BF2B753D9461224F8C2D7E.d.6B25FF1598CDF103B60FD73F6335676F.e.2107"}]}
RESULT: {}
RESULT: {"script":"<script> [8489 bytes]","args":[{"element-6066-11e4-a52e-4f735466cecf":"f.AF2E6E2CD8BF2B753D9461224F8C2D7E.d.6B25FF1598CDF103B60FD73F6335676F.e.2107","ELEMENT":"f.AF2E6E2CD8BF2B753D9461224F8C2D7E.d.6B25FF1598CDF103B60FD73F6335676F.e.2107"}]}
COMMAND: POST /session/c3abc88c4085a1d56746dc5a5008fa37/execute/sync - {"script":"<script> [5351 bytes]","args":[{"element-6066-11e4-a52e-4f735466cecf":"f.AF2E6E2CD8BF2B753D9461224F8C2D7E.d.6B25FF1598CDF103B60FD73F6335676F.e.2107","ELEMENT":"f.AF2E6E2CD8BF2B753D9461224F8C2D7E.d.6B25FF1598CDF103B60FD73F6335676F.e.2107"}]}
COMMAND: GET /session/c3abc88c4085a1d56746dc5a5008fa37/screenshot - {}
RESULT: {"script":"<script> [5351 bytes]","args":[{"element-6066-11e4-a52e-4f735466cecf":"f.AF2E6E2CD8BF2B753D9461224F8C2D7E.d.6B25FF1598CDF103B60FD73F6335676F.e.2107","ELEMENT":"f.AF2E6E2CD8BF2B753D9461224F8C2D7E.d.6B25FF1598CDF103B60FD73F6335676F.e.2107"}]}
COMMAND: POST /session/c3abc88c4085a1d56746dc5a5008fa37/element - {"using":"css selector","value":"#shell-header-logo"}
COMMAND: GET /session/c3abc88c4085a1d56746dc5a5008fa37/screenshot - {}
RESULT: {}
RESULT: {"using":"css selector","value":"#shell-header-logo"}
COMMAND: POST /session/c3abc88c4085a1d56746dc5a5008fa37/element/f.AF2E6E2CD8BF2B753D9461224F8C2D7E.d.6B25FF1598CDF103B60FD73F6335676F.e.2107/click - {}
RESULT: {}
RESULT: {}
COMMAND: GET /session/c3abc88c4085a1d56746dc5a5008fa37/screenshot - {}
RESULT: {}
COMMAND: POST /session/c3abc88c4085a1d56746dc5a5008fa37/execute/async - {"script":"<script> [189 bytes]","args":[]}
RESULT: {"script":"<script> [189 bytes]","args":[]}
COMMAND: POST /session/c3abc88c4085a1d56746dc5a5008fa37/execute/async - {"script":"<script> [123 bytes]","args":[]}
RESULT: {"script":"<script> [123 bytes]","args":[]}
COMMAND: POST /session/c3abc88c4085a1d56746dc5a5008fa37/timeouts - {"script":"<number>"}
RESULT: {"script":"<number>"}
COMMAND: GET /session/c3abc88c4085a1d56746dc5a5008fa37/timeouts - {}
RESULT: {}
RESULT: undefined
COMMAND: POST /session/c3abc88c4085a1d56746dc5a5008fa37/execute/async - {"script":"<script> [2676 bytes]","args":[]}
RESULT: {"script":"<script> [2676 bytes]","args":[]}
COMMAND: POST /session/c3abc88c4085a1d56746dc5a5008fa37/execute/async - {"script":"<script> [2342 bytes]","args":[{"protocol":"http","hostname":"0.0.0.0","path":"/","capabilities":{"browserName":"chrome","goog:chromeOptions":{"binary":"C:\\Program Files\\Google\\Chrome\\Application\\chrome.exe","args":["--start-maximized"]}},"logLevel":"warn","connectionRetryTimeout":120000,"connectionRetryCount":3,"logLevels":{},"enableDirectConnect":true,"strictSSL":true,"_":"65 more keys: [\"cacheDir\",\"port\",\"requestedCapabilities\",\"automationProtocol\",\"baseUrl\",\"waitforInterval\",\"waitforTimeout\",\"onReload\",\"beforeCommand\",\"afterCommand\",\"rootDir\",\"specs\",\"suites\",\"exclude\",\"groupLogsByTestSpec\",\"excludeDriverLogs\",\"bail\",\"framework\",\"reporters\",\"services\",\"maxInstances\",\"maxInstancesPerCapability\",\"injectGlobals\",\"filesToWatch\",\"execArgv\",\"runnerEnv\",\"runner\",\"shard\",\"specFileRetries\",\"specFileRetriesDelay\",\"specFileRetriesDeferred\",\"reporterSyncInterval\",\"reporterSyncTimeout\",\"cucumberFeaturesWithLineNumbers\",\"autoCompileOpts\",\"mochaOpts\",\"jasmineOpts\",\"cucumberOpts\",\"onPrepare\",\"onWorkerStart\",\"onWorkerEnd\",\"before\",\"beforeSession\",\"beforeSuite\",\"beforeHook\",\"beforeTest\",\"afterTest\",\"afterHook\",\"afterSuite\",\"afterSession\",\"after\",\"onComplete\",\"beforeAssertion\",\"afterAssertion\",\"beforeFeature\",\"beforeScenario\",\"beforeStep\",\"afterStep\",\"afterScenario\",\"afterFeature\",\"_\",\"suite\",\"$0\",\"ignoredWorkerServices\",\"wdi5\"]"}]}
RESULT: {"script":"<script> [2342 bytes]","args":[{"protocol":"http","hostname":"0.0.0.0","path":"/","capabilities":{"browserName":"chrome","goog:chromeOptions":{"binary":"C:\\Program Files\\Google\\Chrome\\Application\\chrome.exe","args":["--start-maximized"]}},"logLevel":"warn","connectionRetryTimeout":120000,"connectionRetryCount":3,"logLevels":{},"enableDirectConnect":true,"strictSSL":true,"_":"65 more keys: [\"cacheDir\",\"port\",\"requestedCapabilities\",\"automationProtocol\",\"baseUrl\",\"waitforInterval\",\"waitforTimeout\",\"onReload\",\"beforeCommand\",\"afterCommand\",\"rootDir\",\"specs\",\"suites\",\"exclude\",\"groupLogsByTestSpec\",\"excludeDriverLogs\",\"bail\",\"framework\",\"reporters\",\"services\",\"maxInstances\",\"maxInstancesPerCapability\",\"injectGlobals\",\"filesToWatch\",\"execArgv\",\"runnerEnv\",\"runner\",\"shard\",\"specFileRetries\",\"specFileRetriesDelay\",\"specFileRetriesDeferred\",\"reporterSyncInterval\",\"reporterSyncTimeout\",\"cucumberFeaturesWithLineNumbers\",\"autoCompileOpts\",\"mochaOpts\",\"jasmineOpts\",\"cucumberOpts\",\"onPrepare\",\"onWorkerStart\",\"onWorkerEnd\",\"before\",\"beforeSession\",\"beforeSuite\",\"beforeHook\",\"beforeTest\",\"afterTest\",\"afterHook\",\"afterSuite\",\"afterSession\",\"after\",\"onComplete\",\"beforeAssertion\",\"afterAssertion\",\"beforeFeature\",\"beforeScenario\",\"beforeStep\",\"afterStep\",\"afterScenario\",\"afterFeature\",\"_\",\"suite\",\"$0\",\"ignoredWorkerServices\",\"wdi5\"]"}]}
COMMAND: POST /session/c3abc88c4085a1d56746dc5a5008fa37/execute/async - {"script":"<script> [21126 bytes]","args":[35000]}
RESULT: {"script":"<script> [21126 bytes]","args":[35000]}
COMMAND: POST /session/c3abc88c4085a1d56746dc5a5008fa37/window/maximize - {}
RESULT: {}
COMMAND: POST /session/c3abc88c4085a1d56746dc5a5008fa37/execute/async - {"script":"<script> [1562 bytes]","args":[{"selector":{"id":"shell-header","interaction":{"idSuffix":"icon"}},"wdio_ui5_key":"shellheader"}]}
COMMAND: GET /session/c3abc88c4085a1d56746dc5a5008fa37/screenshot - {}
RESULT: {"script":"<script> [1562 bytes]","args":[{"selector":{"id":"shell-header","interaction":{"idSuffix":"icon"}},"wdio_ui5_key":"shellheader"}]}
RESULT: undefined
COMMAND: POST /session/c3abc88c4085a1d56746dc5a5008fa37/refresh - {}
RESULT: {}
RESULT: {}
COMMAND: GET /session/c3abc88c4085a1d56746dc5a5008fa37/screenshot - {}
RESULT: {}
COMMAND: POST /session/c3abc88c4085a1d56746dc5a5008fa37/refresh - {}
RESULT: {}
COMMAND: GET /session/c3abc88c4085a1d56746dc5a5008fa37/screenshot - {}
RESULT: {}
RESULT: undefined
RESULT: undefined
COMMAND: POST /session/c3abc88c4085a1d56746dc5a5008fa37/window/fullscreen - {}
RESULT: {}
COMMAND: POST /session/c3abc88c4085a1d56746dc5a5008fa37/execute/async - {"script":"<script> [189 bytes]","args":[]}
RESULT: {"script":"<script> [189 bytes]","args":[]}
COMMAND: POST /session/c3abc88c4085a1d56746dc5a5008fa37/execute/async - {"script":"<script> [123 bytes]","args":[]}
RESULT: {"script":"<script> [123 bytes]","args":[]}
COMMAND: POST /session/c3abc88c4085a1d56746dc5a5008fa37/timeouts - {"script":"<number>"}
RESULT: {"script":"<number>"}
COMMAND: GET /session/c3abc88c4085a1d56746dc5a5008fa37/timeouts - {}
RESULT: {}
RESULT: undefined
COMMAND: POST /session/c3abc88c4085a1d56746dc5a5008fa37/execute/async - {"script":"<script> [2676 bytes]","args":[]}
RESULT: {"script":"<script> [2676 bytes]","args":[]}
COMMAND: POST /session/c3abc88c4085a1d56746dc5a5008fa37/execute/async - {"script":"<script> [2342 bytes]","args":[{"protocol":"http","hostname":"0.0.0.0","path":"/","capabilities":{"browserName":"chrome","goog:chromeOptions":{"binary":"C:\\Program Files\\Google\\Chrome\\Application\\chrome.exe","args":["--start-maximized"]}},"logLevel":"warn","connectionRetryTimeout":120000,"connectionRetryCount":3,"logLevels":{},"enableDirectConnect":true,"strictSSL":true,"_":"65 more keys: [\"cacheDir\",\"port\",\"requestedCapabilities\",\"automationProtocol\",\"baseUrl\",\"waitforInterval\",\"waitforTimeout\",\"onReload\",\"beforeCommand\",\"afterCommand\",\"rootDir\",\"specs\",\"suites\",\"exclude\",\"groupLogsByTestSpec\",\"excludeDriverLogs\",\"bail\",\"framework\",\"reporters\",\"services\",\"maxInstances\",\"maxInstancesPerCapability\",\"injectGlobals\",\"filesToWatch\",\"execArgv\",\"runnerEnv\",\"runner\",\"shard\",\"specFileRetries\",\"specFileRetriesDelay\",\"specFileRetriesDeferred\",\"reporterSyncInterval\",\"reporterSyncTimeout\",\"cucumberFeaturesWithLineNumbers\",\"autoCompileOpts\",\"mochaOpts\",\"jasmineOpts\",\"cucumberOpts\",\"onPrepare\",\"onWorkerStart\",\"onWorkerEnd\",\"before\",\"beforeSession\",\"beforeSuite\",\"beforeHook\",\"beforeTest\",\"afterTest\",\"afterHook\",\"afterSuite\",\"afterSession\",\"after\",\"onComplete\",\"beforeAssertion\",\"afterAssertion\",\"beforeFeature\",\"beforeScenario\",\"beforeStep\",\"afterStep\",\"afterScenario\",\"afterFeature\",\"_\",\"suite\",\"$0\",\"ignoredWorkerServices\",\"wdi5\"]"}]}
RESULT: {"script":"<script> [2342 bytes]","args":[{"protocol":"http","hostname":"0.0.0.0","path":"/","capabilities":{"browserName":"chrome","goog:chromeOptions":{"binary":"C:\\Program Files\\Google\\Chrome\\Application\\chrome.exe","args":["--start-maximized"]}},"logLevel":"warn","connectionRetryTimeout":120000,"connectionRetryCount":3,"logLevels":{},"enableDirectConnect":true,"strictSSL":true,"_":"65 more keys: [\"cacheDir\",\"port\",\"requestedCapabilities\",\"automationProtocol\",\"baseUrl\",\"waitforInterval\",\"waitforTimeout\",\"onReload\",\"beforeCommand\",\"afterCommand\",\"rootDir\",\"specs\",\"suites\",\"exclude\",\"groupLogsByTestSpec\",\"excludeDriverLogs\",\"bail\",\"framework\",\"reporters\",\"services\",\"maxInstances\",\"maxInstancesPerCapability\",\"injectGlobals\",\"filesToWatch\",\"execArgv\",\"runnerEnv\",\"runner\",\"shard\",\"specFileRetries\",\"specFileRetriesDelay\",\"specFileRetriesDeferred\",\"reporterSyncInterval\",\"reporterSyncTimeout\",\"cucumberFeaturesWithLineNumbers\",\"autoCompileOpts\",\"mochaOpts\",\"jasmineOpts\",\"cucumberOpts\",\"onPrepare\",\"onWorkerStart\",\"onWorkerEnd\",\"before\",\"beforeSession\",\"beforeSuite\",\"beforeHook\",\"beforeTest\",\"afterTest\",\"afterHook\",\"afterSuite\",\"afterSession\",\"after\",\"onComplete\",\"beforeAssertion\",\"afterAssertion\",\"beforeFeature\",\"beforeScenario\",\"beforeStep\",\"afterStep\",\"afterScenario\",\"afterFeature\",\"_\",\"suite\",\"$0\",\"ignoredWorkerServices\",\"wdi5\"]"}]}
COMMAND: POST /session/c3abc88c4085a1d56746dc5a5008fa37/execute/async - {"script":"<script> [21126 bytes]","args":[35000]}
RESULT: {"script":"<script> [21126 bytes]","args":[35000]}
]]></system-out>
    </testcase>
  </testsuite>
  <testsuite timestamp="2025-05-13T07:34:03" time="246.561" tests="4" failures="0" errors="0" skipped="0">
    <properties>
      <property name="specId" value="0" />
      <property name="suiteName" value="Create partner US118246" />
      <property name="capabilities" value="chrome.136_0_7103_49.windows" />
      <property name="file" value="file:///D:/a/1/s/test/specs/BTS/create-partner.spec.js" />
    </properties>
    <testcase classname="chrome.136_0_7103_49.windows.Create_partner_US118246" name="Should create a new yard in case create yard failed" time="0.022">
      <system-out><![CDATA[
COMMAND: POST /session/c3abc88c4085a1d56746dc5a5008fa37/window/fullscreen - {}
RESULT: {}
]]></system-out>
    </testcase>
    <testcase classname="chrome.136_0_7103_49.windows.Create_partner_US118246" name="Should create new external partner" time="101.506">
      <system-out><![CDATA[
COMMAND: POST /session/c3abc88c4085a1d56746dc5a5008fa37/window/fullscreen - {}
RESULT: {}
COMMAND: POST /session/c3abc88c4085a1d56746dc5a5008fa37/execute/async - {"script":"<script> [1562 bytes]","args":[{"selector":{"controlType":"sap.m.GenericTile","properties":{"header":"Manage Partners"}},"wdio_ui5_key":"sapm.GenericTile{\"header\":\"Manage Partners\"}"}]}
RESULT: {"script":"<script> [1562 bytes]","args":[{"selector":{"controlType":"sap.m.GenericTile","properties":{"header":"Manage Partners"}},"wdio_ui5_key":"sapm.GenericTile{\"header\":\"Manage Partners\"}"}]}
RESULT: undefined
COMMAND: POST /session/c3abc88c4085a1d56746dc5a5008fa37/element - {"using":"xpath","value":"//*[@id=\"__tile38\"]"}
RESULT: {"using":"xpath","value":"//*[@id=\"__tile38\"]"}
COMMAND: POST /session/c3abc88c4085a1d56746dc5a5008fa37/element/f.AF2E6E2CD8BF2B753D9461224F8C2D7E.d.907E71A80B0AD57EDCD285E9FED6B20B.e.2262/click - {}
RESULT: {}
COMMAND: POST /session/c3abc88c4085a1d56746dc5a5008fa37/element - {"using":"xpath","value":"//button[@data-kt=\"addButton\"]"}
COMMAND: GET /session/c3abc88c4085a1d56746dc5a5008fa37/screenshot - {}
RESULT: {"using":"xpath","value":"//button[@data-kt=\"addButton\"]"}
COMMAND: POST /session/c3abc88c4085a1d56746dc5a5008fa37/elements - {"using":"xpath","value":"//button[@data-kt=\"addButton\"]"}
RESULT: {}
RESULT: {"using":"xpath","value":"//button[@data-kt=\"addButton\"]"}
COMMAND: POST /session/c3abc88c4085a1d56746dc5a5008fa37/elements - {"using":"xpath","value":"//button[@data-kt=\"addButton\"]"}
RESULT: {"using":"xpath","value":"//button[@data-kt=\"addButton\"]"}
COMMAND: POST /session/c3abc88c4085a1d56746dc5a5008fa37/elements - {"using":"xpath","value":"//button[@data-kt=\"addButton\"]"}
RESULT: {"using":"xpath","value":"//button[@data-kt=\"addButton\"]"}
COMMAND: POST /session/c3abc88c4085a1d56746dc5a5008fa37/elements - {"using":"xpath","value":"//button[@data-kt=\"addButton\"]"}
RESULT: {"using":"xpath","value":"//button[@data-kt=\"addButton\"]"}
COMMAND: POST /session/c3abc88c4085a1d56746dc5a5008fa37/elements - {"using":"xpath","value":"//button[@data-kt=\"addButton\"]"}
RESULT: {"using":"xpath","value":"//button[@data-kt=\"addButton\"]"}
COMMAND: POST /session/c3abc88c4085a1d56746dc5a5008fa37/elements - {"using":"xpath","value":"//button[@data-kt=\"addButton\"]"}
RESULT: {"using":"xpath","value":"//button[@data-kt=\"addButton\"]"}
COMMAND: POST /session/c3abc88c4085a1d56746dc5a5008fa37/elements - {"using":"xpath","value":"//button[@data-kt=\"addButton\"]"}
RESULT: {"using":"xpath","value":"//button[@data-kt=\"addButton\"]"}
COMMAND: POST /session/c3abc88c4085a1d56746dc5a5008fa37/elements - {"using":"xpath","value":"//button[@data-kt=\"addButton\"]"}
RESULT: {"using":"xpath","value":"//button[@data-kt=\"addButton\"]"}
COMMAND: POST /session/c3abc88c4085a1d56746dc5a5008fa37/elements - {"using":"xpath","value":"//button[@data-kt=\"addButton\"]"}
RESULT: {"using":"xpath","value":"//button[@data-kt=\"addButton\"]"}
COMMAND: POST /session/c3abc88c4085a1d56746dc5a5008fa37/elements - {"using":"xpath","value":"//button[@data-kt=\"addButton\"]"}
RESULT: {"using":"xpath","value":"//button[@data-kt=\"addButton\"]"}
COMMAND: POST /session/c3abc88c4085a1d56746dc5a5008fa37/elements - {"using":"xpath","value":"//button[@data-kt=\"addButton\"]"}
RESULT: {"using":"xpath","value":"//button[@data-kt=\"addButton\"]"}
COMMAND: POST /session/c3abc88c4085a1d56746dc5a5008fa37/elements - {"using":"xpath","value":"//button[@data-kt=\"addButton\"]"}
RESULT: {"using":"xpath","value":"//button[@data-kt=\"addButton\"]"}
COMMAND: POST /session/c3abc88c4085a1d56746dc5a5008fa37/elements - {"using":"xpath","value":"//button[@data-kt=\"addButton\"]"}
RESULT: {"using":"xpath","value":"//button[@data-kt=\"addButton\"]"}
COMMAND: POST /session/c3abc88c4085a1d56746dc5a5008fa37/elements - {"using":"xpath","value":"//button[@data-kt=\"addButton\"]"}
RESULT: {"using":"xpath","value":"//button[@data-kt=\"addButton\"]"}
COMMAND: POST /session/c3abc88c4085a1d56746dc5a5008fa37/elements - {"using":"xpath","value":"//button[@data-kt=\"addButton\"]"}
RESULT: {"using":"xpath","value":"//button[@data-kt=\"addButton\"]"}
COMMAND: POST /session/c3abc88c4085a1d56746dc5a5008fa37/elements - {"using":"xpath","value":"//button[@data-kt=\"addButton\"]"}
RESULT: {"using":"xpath","value":"//button[@data-kt=\"addButton\"]"}
COMMAND: POST /session/c3abc88c4085a1d56746dc5a5008fa37/elements - {"using":"xpath","value":"//button[@data-kt=\"addButton\"]"}
RESULT: {"using":"xpath","value":"//button[@data-kt=\"addButton\"]"}
COMMAND: POST /session/c3abc88c4085a1d56746dc5a5008fa37/elements - {"using":"xpath","value":"//button[@data-kt=\"addButton\"]"}
RESULT: {"using":"xpath","value":"//button[@data-kt=\"addButton\"]"}
COMMAND: POST /session/c3abc88c4085a1d56746dc5a5008fa37/elements - {"using":"xpath","value":"//button[@data-kt=\"addButton\"]"}
RESULT: {"using":"xpath","value":"//button[@data-kt=\"addButton\"]"}
COMMAND: POST /session/c3abc88c4085a1d56746dc5a5008fa37/elements - {"using":"xpath","value":"//button[@data-kt=\"addButton\"]"}
RESULT: {"using":"xpath","value":"//button[@data-kt=\"addButton\"]"}
COMMAND: POST /session/c3abc88c4085a1d56746dc5a5008fa37/elements - {"using":"xpath","value":"//button[@data-kt=\"addButton\"]"}
RESULT: {"using":"xpath","value":"//button[@data-kt=\"addButton\"]"}
COMMAND: POST /session/c3abc88c4085a1d56746dc5a5008fa37/elements - {"using":"xpath","value":"//button[@data-kt=\"addButton\"]"}
RESULT: {"using":"xpath","value":"//button[@data-kt=\"addButton\"]"}
COMMAND: POST /session/c3abc88c4085a1d56746dc5a5008fa37/elements - {"using":"xpath","value":"//button[@data-kt=\"addButton\"]"}
RESULT: {"using":"xpath","value":"//button[@data-kt=\"addButton\"]"}
COMMAND: POST /session/c3abc88c4085a1d56746dc5a5008fa37/elements - {"using":"xpath","value":"//button[@data-kt=\"addButton\"]"}
RESULT: {"using":"xpath","value":"//button[@data-kt=\"addButton\"]"}
COMMAND: POST /session/c3abc88c4085a1d56746dc5a5008fa37/elements - {"using":"xpath","value":"//button[@data-kt=\"addButton\"]"}
RESULT: {"using":"xpath","value":"//button[@data-kt=\"addButton\"]"}
COMMAND: POST /session/c3abc88c4085a1d56746dc5a5008fa37/elements - {"using":"xpath","value":"//button[@data-kt=\"addButton\"]"}
RESULT: {"using":"xpath","value":"//button[@data-kt=\"addButton\"]"}
COMMAND: POST /session/c3abc88c4085a1d56746dc5a5008fa37/elements - {"using":"xpath","value":"//button[@data-kt=\"addButton\"]"}
RESULT: {"using":"xpath","value":"//button[@data-kt=\"addButton\"]"}
COMMAND: POST /session/c3abc88c4085a1d56746dc5a5008fa37/elements - {"using":"xpath","value":"//button[@data-kt=\"addButton\"]"}
RESULT: {"using":"xpath","value":"//button[@data-kt=\"addButton\"]"}
COMMAND: POST /session/c3abc88c4085a1d56746dc5a5008fa37/elements - {"using":"xpath","value":"//button[@data-kt=\"addButton\"]"}
RESULT: {"using":"xpath","value":"//button[@data-kt=\"addButton\"]"}
COMMAND: POST /session/c3abc88c4085a1d56746dc5a5008fa37/elements - {"using":"xpath","value":"//button[@data-kt=\"addButton\"]"}
RESULT: {"using":"xpath","value":"//button[@data-kt=\"addButton\"]"}
COMMAND: POST /session/c3abc88c4085a1d56746dc5a5008fa37/elements - {"using":"xpath","value":"//button[@data-kt=\"addButton\"]"}
RESULT: {"using":"xpath","value":"//button[@data-kt=\"addButton\"]"}
COMMAND: POST /session/c3abc88c4085a1d56746dc5a5008fa37/elements - {"using":"xpath","value":"//button[@data-kt=\"addButton\"]"}
RESULT: {"using":"xpath","value":"//button[@data-kt=\"addButton\"]"}
COMMAND: POST /session/c3abc88c4085a1d56746dc5a5008fa37/elements - {"using":"xpath","value":"//button[@data-kt=\"addButton\"]"}
RESULT: {"using":"xpath","value":"//button[@data-kt=\"addButton\"]"}
COMMAND: POST /session/c3abc88c4085a1d56746dc5a5008fa37/elements - {"using":"xpath","value":"//button[@data-kt=\"addButton\"]"}
RESULT: {"using":"xpath","value":"//button[@data-kt=\"addButton\"]"}
COMMAND: POST /session/c3abc88c4085a1d56746dc5a5008fa37/elements - {"using":"xpath","value":"//button[@data-kt=\"addButton\"]"}
RESULT: {"using":"xpath","value":"//button[@data-kt=\"addButton\"]"}
COMMAND: POST /session/c3abc88c4085a1d56746dc5a5008fa37/elements - {"using":"xpath","value":"//button[@data-kt=\"addButton\"]"}
RESULT: {"using":"xpath","value":"//button[@data-kt=\"addButton\"]"}
COMMAND: POST /session/c3abc88c4085a1d56746dc5a5008fa37/elements - {"using":"xpath","value":"//button[@data-kt=\"addButton\"]"}
RESULT: {"using":"xpath","value":"//button[@data-kt=\"addButton\"]"}
COMMAND: POST /session/c3abc88c4085a1d56746dc5a5008fa37/elements - {"using":"xpath","value":"//button[@data-kt=\"addButton\"]"}
RESULT: {"using":"xpath","value":"//button[@data-kt=\"addButton\"]"}
COMMAND: POST /session/c3abc88c4085a1d56746dc5a5008fa37/elements - {"using":"xpath","value":"//button[@data-kt=\"addButton\"]"}
RESULT: {"using":"xpath","value":"//button[@data-kt=\"addButton\"]"}
COMMAND: POST /session/c3abc88c4085a1d56746dc5a5008fa37/elements - {"using":"xpath","value":"//button[@data-kt=\"addButton\"]"}
RESULT: {"using":"xpath","value":"//button[@data-kt=\"addButton\"]"}
COMMAND: POST /session/c3abc88c4085a1d56746dc5a5008fa37/elements - {"using":"xpath","value":"//button[@data-kt=\"addButton\"]"}
RESULT: {"using":"xpath","value":"//button[@data-kt=\"addButton\"]"}
COMMAND: POST /session/c3abc88c4085a1d56746dc5a5008fa37/elements - {"using":"xpath","value":"//button[@data-kt=\"addButton\"]"}
RESULT: {"using":"xpath","value":"//button[@data-kt=\"addButton\"]"}
COMMAND: POST /session/c3abc88c4085a1d56746dc5a5008fa37/elements - {"using":"xpath","value":"//button[@data-kt=\"addButton\"]"}
RESULT: {"using":"xpath","value":"//button[@data-kt=\"addButton\"]"}
COMMAND: POST /session/c3abc88c4085a1d56746dc5a5008fa37/element - {"using":"xpath","value":"//button[@data-kt=\"addButton\"]"}
RESULT: {"using":"xpath","value":"//button[@data-kt=\"addButton\"]"}
COMMAND: POST /session/c3abc88c4085a1d56746dc5a5008fa37/execute/sync - {"script":"<script> [8489 bytes]","args":[{"element-6066-11e4-a52e-4f735466cecf":"f.AF2E6E2CD8BF2B753D9461224F8C2D7E.d.907E71A80B0AD57EDCD285E9FED6B20B.e.2411","ELEMENT":"f.AF2E6E2CD8BF2B753D9461224F8C2D7E.d.907E71A80B0AD57EDCD285E9FED6B20B.e.2411"}]}
RESULT: {"script":"<script> [8489 bytes]","args":[{"element-6066-11e4-a52e-4f735466cecf":"f.AF2E6E2CD8BF2B753D9461224F8C2D7E.d.907E71A80B0AD57EDCD285E9FED6B20B.e.2411","ELEMENT":"f.AF2E6E2CD8BF2B753D9461224F8C2D7E.d.907E71A80B0AD57EDCD285E9FED6B20B.e.2411"}]}
COMMAND: GET /session/c3abc88c4085a1d56746dc5a5008fa37/element/f.AF2E6E2CD8BF2B753D9461224F8C2D7E.d.907E71A80B0AD57EDCD285E9FED6B20B.e.2411/enabled - {}
COMMAND: GET /session/c3abc88c4085a1d56746dc5a5008fa37/screenshot - {}
RESULT: {}
COMMAND: POST /session/c3abc88c4085a1d56746dc5a5008fa37/execute/sync - {"script":"<script> [8489 bytes]","args":[{"element-6066-11e4-a52e-4f735466cecf":"f.AF2E6E2CD8BF2B753D9461224F8C2D7E.d.907E71A80B0AD57EDCD285E9FED6B20B.e.2411","ELEMENT":"f.AF2E6E2CD8BF2B753D9461224F8C2D7E.d.907E71A80B0AD57EDCD285E9FED6B20B.e.2411"}]}
COMMAND: GET /session/c3abc88c4085a1d56746dc5a5008fa37/screenshot - {}
RESULT: {}
RESULT: {"script":"<script> [8489 bytes]","args":[{"element-6066-11e4-a52e-4f735466cecf":"f.AF2E6E2CD8BF2B753D9461224F8C2D7E.d.907E71A80B0AD57EDCD285E9FED6B20B.e.2411","ELEMENT":"f.AF2E6E2CD8BF2B753D9461224F8C2D7E.d.907E71A80B0AD57EDCD285E9FED6B20B.e.2411"}]}
COMMAND: POST /session/c3abc88c4085a1d56746dc5a5008fa37/execute/sync - {"script":"<script> [5351 bytes]","args":[{"element-6066-11e4-a52e-4f735466cecf":"f.AF2E6E2CD8BF2B753D9461224F8C2D7E.d.907E71A80B0AD57EDCD285E9FED6B20B.e.2411","ELEMENT":"f.AF2E6E2CD8BF2B753D9461224F8C2D7E.d.907E71A80B0AD57EDCD285E9FED6B20B.e.2411"}]}
COMMAND: GET /session/c3abc88c4085a1d56746dc5a5008fa37/screenshot - {}
RESULT: {}
RESULT: {"script":"<script> [5351 bytes]","args":[{"element-6066-11e4-a52e-4f735466cecf":"f.AF2E6E2CD8BF2B753D9461224F8C2D7E.d.907E71A80B0AD57EDCD285E9FED6B20B.e.2411","ELEMENT":"f.AF2E6E2CD8BF2B753D9461224F8C2D7E.d.907E71A80B0AD57EDCD285E9FED6B20B.e.2411"}]}
COMMAND: POST /session/c3abc88c4085a1d56746dc5a5008fa37/element/f.AF2E6E2CD8BF2B753D9461224F8C2D7E.d.907E71A80B0AD57EDCD285E9FED6B20B.e.2411/click - {}
RESULT: {}
RESULT: {}
COMMAND: GET /session/c3abc88c4085a1d56746dc5a5008fa37/screenshot - {}
COMMAND: GET /session/c3abc88c4085a1d56746dc5a5008fa37/screenshot - {}
RESULT: {}
RESULT: {}
COMMAND: POST /session/c3abc88c4085a1d56746dc5a5008fa37/execute/async - {"script":"<script> [1562 bytes]","args":[{"selector":{"id":"application-managepartners-display-component---NewPartner--addressDetailDetailsName1","interaction":{"idSuffix":"inner"}},"wdio_ui5_key":"applicationmanagepartners-display-component---NewPartner--addressDetailDetailsName1"}]}
RESULT: {"script":"<script> [1562 bytes]","args":[{"selector":{"id":"application-managepartners-display-component---NewPartner--addressDetailDetailsName1","interaction":{"idSuffix":"inner"}},"wdio_ui5_key":"applicationmanagepartners-display-component---NewPartner--addressDetailDetailsName1"}]}
RESULT: undefined
COMMAND: POST /session/c3abc88c4085a1d56746dc5a5008fa37/execute/async - {"script":"<script> [776 bytes]","args":[{"enterText":"External Partner WDIO","selector":{"id":"application-managepartners-display-component---NewPartner--addressDetailDetailsName1","interaction":{"idSuffix":"inner"}},"clearTextFirst":true,"interactionType":"ENTER_TEXT"}]}
RESULT: {"script":"<script> [776 bytes]","args":[{"enterText":"External Partner WDIO","selector":{"id":"application-managepartners-display-component---NewPartner--addressDetailDetailsName1","interaction":{"idSuffix":"inner"}},"clearTextFirst":true,"interactionType":"ENTER_TEXT"}]}
COMMAND: POST /session/c3abc88c4085a1d56746dc5a5008fa37/execute/async - {"script":"<script> [1562 bytes]","args":[{"selector":{"id":"application-managepartners-display-component---NewPartner--addressDetailDetailsLanguage-arrow"},"wdio_ui5_key":"applicationmanagepartners-display-component---NewPartner--addressDetailDetailsLanguage-arrow"}]}
RESULT: {"script":"<script> [1562 bytes]","args":[{"selector":{"id":"application-managepartners-display-component---NewPartner--addressDetailDetailsLanguage-arrow"},"wdio_ui5_key":"applicationmanagepartners-display-component---NewPartner--addressDetailDetailsLanguage-arrow"}]}
RESULT: undefined
COMMAND: POST /session/c3abc88c4085a1d56746dc5a5008fa37/element - {"using":"xpath","value":"//*[@id=\"application-managepartners-display-component---NewPartner--addressDetailDetailsLanguage-arrow\"]"}
RESULT: {"using":"xpath","value":"//*[@id=\"application-managepartners-display-component---NewPartner--addressDetailDetailsLanguage-arrow\"]"}
COMMAND: POST /session/c3abc88c4085a1d56746dc5a5008fa37/element/f.AF2E6E2CD8BF2B753D9461224F8C2D7E.d.907E71A80B0AD57EDCD285E9FED6B20B.e.2760/click - {}
RESULT: {}
COMMAND: POST /session/c3abc88c4085a1d56746dc5a5008fa37/element - {"using":"xpath","value":"//span[contains(text(), \"English\")]"}
COMMAND: GET /session/c3abc88c4085a1d56746dc5a5008fa37/screenshot - {}
RESULT: {"using":"xpath","value":"//span[contains(text(), \"English\")]"}
COMMAND: POST /session/c3abc88c4085a1d56746dc5a5008fa37/element/f.AF2E6E2CD8BF2B753D9461224F8C2D7E.d.907E71A80B0AD57EDCD285E9FED6B20B.e.2761/click - {}
RESULT: {}
RESULT: {}
COMMAND: GET /session/c3abc88c4085a1d56746dc5a5008fa37/screenshot - {}
RESULT: {}
COMMAND: POST /session/c3abc88c4085a1d56746dc5a5008fa37/execute/async - {"script":"<script> [1562 bytes]","args":[{"selector":{"id":"application-managepartners-display-component---NewPartner--addressDetailDetailsCity1","interaction":{"idSuffix":"inner"}},"wdio_ui5_key":"applicationmanagepartners-display-component---NewPartner--addressDetailDetailsCity1"}]}
RESULT: {"script":"<script> [1562 bytes]","args":[{"selector":{"id":"application-managepartners-display-component---NewPartner--addressDetailDetailsCity1","interaction":{"idSuffix":"inner"}},"wdio_ui5_key":"applicationmanagepartners-display-component---NewPartner--addressDetailDetailsCity1"}]}
RESULT: undefined
COMMAND: POST /session/c3abc88c4085a1d56746dc5a5008fa37/execute/async - {"script":"<script> [776 bytes]","args":[{"enterText":"Rosario","selector":{"id":"application-managepartners-display-component---NewPartner--addressDetailDetailsCity1","interaction":{"idSuffix":"inner"}},"clearTextFirst":true,"interactionType":"ENTER_TEXT"}]}
RESULT: {"script":"<script> [776 bytes]","args":[{"enterText":"Rosario","selector":{"id":"application-managepartners-display-component---NewPartner--addressDetailDetailsCity1","interaction":{"idSuffix":"inner"}},"clearTextFirst":true,"interactionType":"ENTER_TEXT"}]}
COMMAND: POST /session/c3abc88c4085a1d56746dc5a5008fa37/execute/async - {"script":"<script> [1562 bytes]","args":[{"selector":{"id":"application-managepartners-display-component---NewPartner--addressDetailDetailsCountry-arrow"},"wdio_ui5_key":"applicationmanagepartners-display-component---NewPartner--addressDetailDetailsCountry-arrow"}]}
RESULT: {"script":"<script> [1562 bytes]","args":[{"selector":{"id":"application-managepartners-display-component---NewPartner--addressDetailDetailsCountry-arrow"},"wdio_ui5_key":"applicationmanagepartners-display-component---NewPartner--addressDetailDetailsCountry-arrow"}]}
RESULT: undefined
COMMAND: POST /session/c3abc88c4085a1d56746dc5a5008fa37/element - {"using":"xpath","value":"//*[@id=\"application-managepartners-display-component---NewPartner--addressDetailDetailsCountry-arrow\"]"}
RESULT: {"using":"xpath","value":"//*[@id=\"application-managepartners-display-component---NewPartner--addressDetailDetailsCountry-arrow\"]"}
COMMAND: POST /session/c3abc88c4085a1d56746dc5a5008fa37/element/f.AF2E6E2CD8BF2B753D9461224F8C2D7E.d.907E71A80B0AD57EDCD285E9FED6B20B.e.2747/click - {}
RESULT: {}
COMMAND: POST /session/c3abc88c4085a1d56746dc5a5008fa37/element - {"using":"xpath","value":"//span[contains(text(), \"Argentina\")]"}
COMMAND: GET /session/c3abc88c4085a1d56746dc5a5008fa37/screenshot - {}
RESULT: {"using":"xpath","value":"//span[contains(text(), \"Argentina\")]"}
COMMAND: POST /session/c3abc88c4085a1d56746dc5a5008fa37/element/f.AF2E6E2CD8BF2B753D9461224F8C2D7E.d.907E71A80B0AD57EDCD285E9FED6B20B.e.2763/click - {}
RESULT: {}
RESULT: {}
COMMAND: GET /session/c3abc88c4085a1d56746dc5a5008fa37/screenshot - {}
RESULT: {}
COMMAND: POST /session/c3abc88c4085a1d56746dc5a5008fa37/element - {"using":"xpath","value":"//bdi[contains(text(), \"Commercial\")]"}
RESULT: {"using":"xpath","value":"//bdi[contains(text(), \"Commercial\")]"}
COMMAND: POST /session/c3abc88c4085a1d56746dc5a5008fa37/element/f.AF2E6E2CD8BF2B753D9461224F8C2D7E.d.907E71A80B0AD57EDCD285E9FED6B20B.e.2764/click - {}
RESULT: {}
COMMAND: GET /session/c3abc88c4085a1d56746dc5a5008fa37/screenshot - {}
RESULT: {}
COMMAND: POST /session/c3abc88c4085a1d56746dc5a5008fa37/execute/async - {"script":"<script> [1562 bytes]","args":[{"selector":{"id":"application-managepartners-display-component---NewPartner--partnerDetailInternal-arrow"},"wdio_ui5_key":"applicationmanagepartners-display-component---NewPartner--partnerDetailInternal-arrow"}]}
RESULT: {"script":"<script> [1562 bytes]","args":[{"selector":{"id":"application-managepartners-display-component---NewPartner--partnerDetailInternal-arrow"},"wdio_ui5_key":"applicationmanagepartners-display-component---NewPartner--partnerDetailInternal-arrow"}]}
RESULT: undefined
COMMAND: POST /session/c3abc88c4085a1d56746dc5a5008fa37/element - {"using":"xpath","value":"//*[@id=\"application-managepartners-display-component---NewPartner--partnerDetailInternal-arrow\"]"}
RESULT: {"using":"xpath","value":"//*[@id=\"application-managepartners-display-component---NewPartner--partnerDetailInternal-arrow\"]"}
COMMAND: POST /session/c3abc88c4085a1d56746dc5a5008fa37/element/f.AF2E6E2CD8BF2B753D9461224F8C2D7E.d.907E71A80B0AD57EDCD285E9FED6B20B.e.2770/click - {}
RESULT: {}
COMMAND: POST /session/c3abc88c4085a1d56746dc5a5008fa37/element - {"using":"xpath","value":"//span[contains(text(), \"External partner\")]"}
COMMAND: GET /session/c3abc88c4085a1d56746dc5a5008fa37/screenshot - {}
RESULT: {"using":"xpath","value":"//span[contains(text(), \"External partner\")]"}
COMMAND: POST /session/c3abc88c4085a1d56746dc5a5008fa37/element/f.AF2E6E2CD8BF2B753D9461224F8C2D7E.d.907E71A80B0AD57EDCD285E9FED6B20B.e.2771/click - {}
RESULT: {}
RESULT: {}
COMMAND: POST /session/c3abc88c4085a1d56746dc5a5008fa37/execute/async - {"script":"<script> [1562 bytes]","args":[{"selector":{"id":"application-managepartners-display-component---NewPartner--partnerDetailsCurrency-arrow"},"wdio_ui5_key":"applicationmanagepartners-display-component---NewPartner--partnerDetailsCurrency-arrow"}]}
COMMAND: GET /session/c3abc88c4085a1d56746dc5a5008fa37/screenshot - {}
RESULT: {"script":"<script> [1562 bytes]","args":[{"selector":{"id":"application-managepartners-display-component---NewPartner--partnerDetailsCurrency-arrow"},"wdio_ui5_key":"applicationmanagepartners-display-component---NewPartner--partnerDetailsCurrency-arrow"}]}
RESULT: undefined
COMMAND: POST /session/c3abc88c4085a1d56746dc5a5008fa37/element - {"using":"xpath","value":"//*[@id=\"application-managepartners-display-component---NewPartner--partnerDetailsCurrency-arrow\"]"}
RESULT: {}
RESULT: {"using":"xpath","value":"//*[@id=\"application-managepartners-display-component---NewPartner--partnerDetailsCurrency-arrow\"]"}
COMMAND: POST /session/c3abc88c4085a1d56746dc5a5008fa37/element/f.AF2E6E2CD8BF2B753D9461224F8C2D7E.d.907E71A80B0AD57EDCD285E9FED6B20B.e.2776/click - {}
RESULT: {}
COMMAND: POST /session/c3abc88c4085a1d56746dc5a5008fa37/element - {"using":"xpath","value":"//span[contains(text(), \"US Dollar\")]"}
COMMAND: GET /session/c3abc88c4085a1d56746dc5a5008fa37/screenshot - {}
RESULT: {"using":"xpath","value":"//span[contains(text(), \"US Dollar\")]"}
COMMAND: POST /session/c3abc88c4085a1d56746dc5a5008fa37/element/f.AF2E6E2CD8BF2B753D9461224F8C2D7E.d.907E71A80B0AD57EDCD285E9FED6B20B.e.2777/click - {}
RESULT: {}
RESULT: {}
COMMAND: GET /session/c3abc88c4085a1d56746dc5a5008fa37/screenshot - {}
RESULT: {}
COMMAND: POST /session/c3abc88c4085a1d56746dc5a5008fa37/element - {"using":"xpath","value":"//input[@id=\"application-managepartners-display-component---NewPartner--companyCodeComboBox-inner\"]"}
RESULT: {"using":"xpath","value":"//input[@id=\"application-managepartners-display-component---NewPartner--companyCodeComboBox-inner\"]"}
COMMAND: POST /session/c3abc88c4085a1d56746dc5a5008fa37/element/f.AF2E6E2CD8BF2B753D9461224F8C2D7E.d.907E71A80B0AD57EDCD285E9FED6B20B.e.2629/clear - {}
RESULT: {}
COMMAND: POST /session/c3abc88c4085a1d56746dc5a5008fa37/element/f.AF2E6E2CD8BF2B753D9461224F8C2D7E.d.907E71A80B0AD57EDCD285E9FED6B20B.e.2629/value - {"text":"C002"}
COMMAND: GET /session/c3abc88c4085a1d56746dc5a5008fa37/screenshot - {}
RESULT: {"text":"C002"}
COMMAND: GET /session/c3abc88c4085a1d56746dc5a5008fa37/screenshot - {}
RESULT: {}
RESULT: {}
COMMAND: POST /session/c3abc88c4085a1d56746dc5a5008fa37/element - {"using":"xpath","value":"//li[.//span[text()= \"C002\"]]"}
RESULT: {"using":"xpath","value":"//li[.//span[text()= \"C002\"]]"}
COMMAND: POST /session/c3abc88c4085a1d56746dc5a5008fa37/element/f.AF2E6E2CD8BF2B753D9461224F8C2D7E.d.907E71A80B0AD57EDCD285E9FED6B20B.e.2781/click - {}
RESULT: {}
COMMAND: GET /session/c3abc88c4085a1d56746dc5a5008fa37/screenshot - {}
RESULT: {}
COMMAND: POST /session/c3abc88c4085a1d56746dc5a5008fa37/execute/async - {"script":"<script> [1562 bytes]","args":[{"selector":{"id":"application-managepartners-display-component---NewPartner--btnAddTableRow-img"},"wdio_ui5_key":"applicationmanagepartners-display-component---NewPartner--btnAddTableRow-img"}]}
RESULT: {"script":"<script> [1562 bytes]","args":[{"selector":{"id":"application-managepartners-display-component---NewPartner--btnAddTableRow-img"},"wdio_ui5_key":"applicationmanagepartners-display-component---NewPartner--btnAddTableRow-img"}]}
RESULT: undefined
COMMAND: POST /session/c3abc88c4085a1d56746dc5a5008fa37/element - {"using":"xpath","value":"//*[@id=\"application-managepartners-display-component---NewPartner--btnAddTableRow-img\"]"}
RESULT: {"using":"xpath","value":"//*[@id=\"application-managepartners-display-component---NewPartner--btnAddTableRow-img\"]"}
COMMAND: POST /session/c3abc88c4085a1d56746dc5a5008fa37/element/f.AF2E6E2CD8BF2B753D9461224F8C2D7E.d.907E71A80B0AD57EDCD285E9FED6B20B.e.2782/click - {}
RESULT: {}
COMMAND: GET /session/c3abc88c4085a1d56746dc5a5008fa37/screenshot - {}
RESULT: {}
COMMAND: POST /session/c3abc88c4085a1d56746dc5a5008fa37/element - {"using":"xpath","value":"//input[@id=\"application-managepartners-display-component---NewPartner--assignmentYard-application-managepartners-display-component---NewPartner--assignmentsTable-0-inner\"]"}
RESULT: {"using":"xpath","value":"//input[@id=\"application-managepartners-display-component---NewPartner--assignmentYard-application-managepartners-display-component---NewPartner--assignmentsTable-0-inner\"]"}
COMMAND: POST /session/c3abc88c4085a1d56746dc5a5008fa37/element/f.AF2E6E2CD8BF2B753D9461224F8C2D7E.d.907E71A80B0AD57EDCD285E9FED6B20B.e.2785/clear - {}
RESULT: {}
COMMAND: POST /session/c3abc88c4085a1d56746dc5a5008fa37/element/f.AF2E6E2CD8BF2B753D9461224F8C2D7E.d.907E71A80B0AD57EDCD285E9FED6B20B.e.2785/value - {"text":"196"}
COMMAND: GET /session/c3abc88c4085a1d56746dc5a5008fa37/screenshot - {}
RESULT: {"text":"196"}
COMMAND: GET /session/c3abc88c4085a1d56746dc5a5008fa37/screenshot - {}
RESULT: {}
RESULT: {}
COMMAND: POST /session/c3abc88c4085a1d56746dc5a5008fa37/element - {"using":"xpath","value":"//li[.//span[text()='196']]"}
RESULT: {"using":"xpath","value":"//li[.//span[text()='196']]"}
COMMAND: POST /session/c3abc88c4085a1d56746dc5a5008fa37/element/f.AF2E6E2CD8BF2B753D9461224F8C2D7E.d.907E71A80B0AD57EDCD285E9FED6B20B.e.2794/click - {}
RESULT: {}
COMMAND: GET /session/c3abc88c4085a1d56746dc5a5008fa37/screenshot - {}
RESULT: {}
COMMAND: POST /session/c3abc88c4085a1d56746dc5a5008fa37/actions - {"actions":[{"id":"action6","type":"key","parameters":{},"actions":[{"type":"keyDown","value":"î€‡"},{"type":"pause","duration":10},{"type":"keyUp","value":"î€‡"}]}]}
RESULT: {"actions":[{"id":"action6","type":"key","parameters":{},"actions":[{"type":"keyDown","value":"î€‡"},{"type":"pause","duration":10},{"type":"keyUp","value":"î€‡"}]}]}
COMMAND: POST /session/c3abc88c4085a1d56746dc5a5008fa37/element - {"using":"xpath","value":"//td[contains(@id, \"assignmentsTable-0-cell2\")]/div/div"}
COMMAND: GET /session/c3abc88c4085a1d56746dc5a5008fa37/screenshot - {}
RESULT: {"using":"xpath","value":"//td[contains(@id, \"assignmentsTable-0-cell2\")]/div/div"}
COMMAND: POST /session/c3abc88c4085a1d56746dc5a5008fa37/element/f.AF2E6E2CD8BF2B753D9461224F8C2D7E.d.907E71A80B0AD57EDCD285E9FED6B20B.e.2797/click - {}
RESULT: {}
RESULT: {}
COMMAND: GET /session/c3abc88c4085a1d56746dc5a5008fa37/screenshot - {}
RESULT: {}
COMMAND: POST /session/c3abc88c4085a1d56746dc5a5008fa37/element - {"using":"xpath","value":"//button[@data-kt=\"saveButton\"]"}
RESULT: {"using":"xpath","value":"//button[@data-kt=\"saveButton\"]"}
COMMAND: POST /session/c3abc88c4085a1d56746dc5a5008fa37/element/f.AF2E6E2CD8BF2B753D9461224F8C2D7E.d.907E71A80B0AD57EDCD285E9FED6B20B.e.2662/click - {}
RESULT: {}
COMMAND: GET /session/c3abc88c4085a1d56746dc5a5008fa37/screenshot - {}
RESULT: {}
COMMAND: POST /session/c3abc88c4085a1d56746dc5a5008fa37/element - {"using":"xpath","value":"//header[contains(@id, 'ObjectPageLayout-headerTitle')]/div[1]/div[2]/div[2]/span[1]"}
RESULT: {"using":"xpath","value":"//header[contains(@id, 'ObjectPageLayout-headerTitle')]/div[1]/div[2]/div[2]/span[1]"}
COMMAND: POST /session/c3abc88c4085a1d56746dc5a5008fa37/elements - {"using":"xpath","value":"//header[contains(@id, 'ObjectPageLayout-headerTitle')]/div[1]/div[2]/div[2]/span[1]"}
RESULT: {"using":"xpath","value":"//header[contains(@id, 'ObjectPageLayout-headerTitle')]/div[1]/div[2]/div[2]/span[1]"}
COMMAND: POST /session/c3abc88c4085a1d56746dc5a5008fa37/execute/sync - {"script":"<script> [56 bytes]","args":[{"element-6066-11e4-a52e-4f735466cecf":"f.AF2E6E2CD8BF2B753D9461224F8C2D7E.d.907E71A80B0AD57EDCD285E9FED6B20B.e.2908","ELEMENT":"f.AF2E6E2CD8BF2B753D9461224F8C2D7E.d.907E71A80B0AD57EDCD285E9FED6B20B.e.2908"}]}
RESULT: {"script":"<script> [56 bytes]","args":[{"element-6066-11e4-a52e-4f735466cecf":"f.AF2E6E2CD8BF2B753D9461224F8C2D7E.d.907E71A80B0AD57EDCD285E9FED6B20B.e.2908","ELEMENT":"f.AF2E6E2CD8BF2B753D9461224F8C2D7E.d.907E71A80B0AD57EDCD285E9FED6B20B.e.2908"}]}
COMMAND: POST /session/c3abc88c4085a1d56746dc5a5008fa37/element - {"using":"css selector","value":"#shell-header-logo"}
COMMAND: GET /session/c3abc88c4085a1d56746dc5a5008fa37/screenshot - {}
RESULT: {"using":"css selector","value":"#shell-header-logo"}
COMMAND: POST /session/c3abc88c4085a1d56746dc5a5008fa37/element/f.AF2E6E2CD8BF2B753D9461224F8C2D7E.d.907E71A80B0AD57EDCD285E9FED6B20B.e.2376/click - {}
RESULT: {}
RESULT: {}
COMMAND: GET /session/c3abc88c4085a1d56746dc5a5008fa37/screenshot - {}
RESULT: {}
COMMAND: POST /session/c3abc88c4085a1d56746dc5a5008fa37/execute/sync - {"script":"<script> [299 bytes]","args":[["getModel","getResource"]]}
RESULT: {"script":"<script> [299 bytes]","args":[["getModel","getResource"]]}
COMMAND: GET /session/c3abc88c4085a1d56746dc5a5008fa37/screenshot - {}
]]></system-out>
    </testcase>
    <testcase classname="chrome.136_0_7103_49.windows.Create_partner_US118246" name="Should create a new yard in case create yard failed" time="0.006" />
    <testcase classname="chrome.136_0_7103_49.windows.Create_partner_US118246" name="Should create new external WHM partner" time="87.115">
      <system-out><![CDATA[
COMMAND: POST /session/c3abc88c4085a1d56746dc5a5008fa37/window/fullscreen - {}
RESULT: {}
RESULT: {}
RESULT: undefined
COMMAND: POST /session/c3abc88c4085a1d56746dc5a5008fa37/element - {"using":"xpath","value":"//*[@id=\"__tile38\"]"}
RESULT: {"using":"xpath","value":"//*[@id=\"__tile38\"]"}
COMMAND: POST /session/c3abc88c4085a1d56746dc5a5008fa37/element/f.AF2E6E2CD8BF2B753D9461224F8C2D7E.d.907E71A80B0AD57EDCD285E9FED6B20B.e.2262/click - {}
RESULT: {}
COMMAND: POST /session/c3abc88c4085a1d56746dc5a5008fa37/element - {"using":"xpath","value":"//button[@data-kt=\"addButton\"]"}
COMMAND: GET /session/c3abc88c4085a1d56746dc5a5008fa37/screenshot - {}
RESULT: {"using":"xpath","value":"//button[@data-kt=\"addButton\"]"}
COMMAND: POST /session/c3abc88c4085a1d56746dc5a5008fa37/elements - {"using":"xpath","value":"//button[@data-kt=\"addButton\"]"}
RESULT: {}
RESULT: {"using":"xpath","value":"//button[@data-kt=\"addButton\"]"}
COMMAND: POST /session/c3abc88c4085a1d56746dc5a5008fa37/element - {"using":"xpath","value":"//button[@data-kt=\"addButton\"]"}
RESULT: {"using":"xpath","value":"//button[@data-kt=\"addButton\"]"}
COMMAND: POST /session/c3abc88c4085a1d56746dc5a5008fa37/execute/sync - {"script":"<script> [8489 bytes]","args":[{"element-6066-11e4-a52e-4f735466cecf":"f.AF2E6E2CD8BF2B753D9461224F8C2D7E.d.907E71A80B0AD57EDCD285E9FED6B20B.e.2945","ELEMENT":"f.AF2E6E2CD8BF2B753D9461224F8C2D7E.d.907E71A80B0AD57EDCD285E9FED6B20B.e.2945"}]}
RESULT: {"script":"<script> [8489 bytes]","args":[{"element-6066-11e4-a52e-4f735466cecf":"f.AF2E6E2CD8BF2B753D9461224F8C2D7E.d.907E71A80B0AD57EDCD285E9FED6B20B.e.2945","ELEMENT":"f.AF2E6E2CD8BF2B753D9461224F8C2D7E.d.907E71A80B0AD57EDCD285E9FED6B20B.e.2945"}]}
COMMAND: GET /session/c3abc88c4085a1d56746dc5a5008fa37/element/f.AF2E6E2CD8BF2B753D9461224F8C2D7E.d.907E71A80B0AD57EDCD285E9FED6B20B.e.2945/enabled - {}
COMMAND: GET /session/c3abc88c4085a1d56746dc5a5008fa37/screenshot - {}
RESULT: {}
COMMAND: POST /session/c3abc88c4085a1d56746dc5a5008fa37/execute/sync - {"script":"<script> [8489 bytes]","args":[{"element-6066-11e4-a52e-4f735466cecf":"f.AF2E6E2CD8BF2B753D9461224F8C2D7E.d.907E71A80B0AD57EDCD285E9FED6B20B.e.2945","ELEMENT":"f.AF2E6E2CD8BF2B753D9461224F8C2D7E.d.907E71A80B0AD57EDCD285E9FED6B20B.e.2945"}]}
COMMAND: GET /session/c3abc88c4085a1d56746dc5a5008fa37/screenshot - {}
RESULT: {}
RESULT: {"script":"<script> [8489 bytes]","args":[{"element-6066-11e4-a52e-4f735466cecf":"f.AF2E6E2CD8BF2B753D9461224F8C2D7E.d.907E71A80B0AD57EDCD285E9FED6B20B.e.2945","ELEMENT":"f.AF2E6E2CD8BF2B753D9461224F8C2D7E.d.907E71A80B0AD57EDCD285E9FED6B20B.e.2945"}]}
COMMAND: POST /session/c3abc88c4085a1d56746dc5a5008fa37/execute/sync - {"script":"<script> [5351 bytes]","args":[{"element-6066-11e4-a52e-4f735466cecf":"f.AF2E6E2CD8BF2B753D9461224F8C2D7E.d.907E71A80B0AD57EDCD285E9FED6B20B.e.2945","ELEMENT":"f.AF2E6E2CD8BF2B753D9461224F8C2D7E.d.907E71A80B0AD57EDCD285E9FED6B20B.e.2945"}]}
COMMAND: GET /session/c3abc88c4085a1d56746dc5a5008fa37/screenshot - {}
RESULT: {}
RESULT: {"script":"<script> [5351 bytes]","args":[{"element-6066-11e4-a52e-4f735466cecf":"f.AF2E6E2CD8BF2B753D9461224F8C2D7E.d.907E71A80B0AD57EDCD285E9FED6B20B.e.2945","ELEMENT":"f.AF2E6E2CD8BF2B753D9461224F8C2D7E.d.907E71A80B0AD57EDCD285E9FED6B20B.e.2945"}]}
COMMAND: POST /session/c3abc88c4085a1d56746dc5a5008fa37/element/f.AF2E6E2CD8BF2B753D9461224F8C2D7E.d.907E71A80B0AD57EDCD285E9FED6B20B.e.2945/click - {}
COMMAND: GET /session/c3abc88c4085a1d56746dc5a5008fa37/screenshot - {}
RESULT: {}
RESULT: {}
COMMAND: GET /session/c3abc88c4085a1d56746dc5a5008fa37/screenshot - {}
RESULT: undefined
COMMAND: POST /session/c3abc88c4085a1d56746dc5a5008fa37/execute/async - {"script":"<script> [776 bytes]","args":[{"enterText":"External Partner WDIO","selector":{"id":"application-managepartners-display-component---NewPartner--addressDetailDetailsName1","interaction":{"idSuffix":"inner"}},"clearTextFirst":true,"interactionType":"ENTER_TEXT"}]}
RESULT: {}
RESULT: {}
RESULT: {"script":"<script> [776 bytes]","args":[{"enterText":"External Partner WDIO","selector":{"id":"application-managepartners-display-component---NewPartner--addressDetailDetailsName1","interaction":{"idSuffix":"inner"}},"clearTextFirst":true,"interactionType":"ENTER_TEXT"}]}
RESULT: undefined
COMMAND: POST /session/c3abc88c4085a1d56746dc5a5008fa37/element - {"using":"xpath","value":"//*[@id=\"application-managepartners-display-component---NewPartner--addressDetailDetailsLanguage-arrow\"]"}
RESULT: {"using":"xpath","value":"//*[@id=\"application-managepartners-display-component---NewPartner--addressDetailDetailsLanguage-arrow\"]"}
COMMAND: POST /session/c3abc88c4085a1d56746dc5a5008fa37/element/f.AF2E6E2CD8BF2B753D9461224F8C2D7E.d.907E71A80B0AD57EDCD285E9FED6B20B.e.3289/click - {}
RESULT: {}
COMMAND: POST /session/c3abc88c4085a1d56746dc5a5008fa37/element - {"using":"xpath","value":"//span[contains(text(), \"English\")]"}
COMMAND: GET /session/c3abc88c4085a1d56746dc5a5008fa37/screenshot - {}
RESULT: {"using":"xpath","value":"//span[contains(text(), \"English\")]"}
COMMAND: POST /session/c3abc88c4085a1d56746dc5a5008fa37/element/f.AF2E6E2CD8BF2B753D9461224F8C2D7E.d.907E71A80B0AD57EDCD285E9FED6B20B.e.3290/click - {}
RESULT: {}
RESULT: {}
COMMAND: GET /session/c3abc88c4085a1d56746dc5a5008fa37/screenshot - {}
RESULT: {}
RESULT: undefined
COMMAND: POST /session/c3abc88c4085a1d56746dc5a5008fa37/execute/async - {"script":"<script> [776 bytes]","args":[{"enterText":"Rosario","selector":{"id":"application-managepartners-display-component---NewPartner--addressDetailDetailsCity1","interaction":{"idSuffix":"inner"}},"clearTextFirst":true,"interactionType":"ENTER_TEXT"}]}
RESULT: {"script":"<script> [776 bytes]","args":[{"enterText":"Rosario","selector":{"id":"application-managepartners-display-component---NewPartner--addressDetailDetailsCity1","interaction":{"idSuffix":"inner"}},"clearTextFirst":true,"interactionType":"ENTER_TEXT"}]}
RESULT: undefined
COMMAND: POST /session/c3abc88c4085a1d56746dc5a5008fa37/element - {"using":"xpath","value":"//*[@id=\"application-managepartners-display-component---NewPartner--addressDetailDetailsCountry-arrow\"]"}
RESULT: {"using":"xpath","value":"//*[@id=\"application-managepartners-display-component---NewPartner--addressDetailDetailsCountry-arrow\"]"}
COMMAND: POST /session/c3abc88c4085a1d56746dc5a5008fa37/element/f.AF2E6E2CD8BF2B753D9461224F8C2D7E.d.907E71A80B0AD57EDCD285E9FED6B20B.e.3248/click - {}
RESULT: {}
COMMAND: POST /session/c3abc88c4085a1d56746dc5a5008fa37/element - {"using":"xpath","value":"//span[contains(text(), \"Argentina\")]"}
COMMAND: GET /session/c3abc88c4085a1d56746dc5a5008fa37/screenshot - {}
RESULT: {"using":"xpath","value":"//span[contains(text(), \"Argentina\")]"}
COMMAND: POST /session/c3abc88c4085a1d56746dc5a5008fa37/element/f.AF2E6E2CD8BF2B753D9461224F8C2D7E.d.907E71A80B0AD57EDCD285E9FED6B20B.e.3291/click - {}
RESULT: {}
RESULT: {}
COMMAND: GET /session/c3abc88c4085a1d56746dc5a5008fa37/screenshot - {}
RESULT: {}
COMMAND: POST /session/c3abc88c4085a1d56746dc5a5008fa37/element - {"using":"xpath","value":"//bdi[contains(text(), \"Commercial\")]"}
RESULT: {"using":"xpath","value":"//bdi[contains(text(), \"Commercial\")]"}
COMMAND: POST /session/c3abc88c4085a1d56746dc5a5008fa37/element/f.AF2E6E2CD8BF2B753D9461224F8C2D7E.d.907E71A80B0AD57EDCD285E9FED6B20B.e.3292/click - {}
RESULT: {}
COMMAND: GET /session/c3abc88c4085a1d56746dc5a5008fa37/screenshot - {}
RESULT: {}
RESULT: undefined
COMMAND: POST /session/c3abc88c4085a1d56746dc5a5008fa37/element - {"using":"xpath","value":"//*[@id=\"application-managepartners-display-component---NewPartner--partnerDetailInternal-arrow\"]"}
RESULT: {"using":"xpath","value":"//*[@id=\"application-managepartners-display-component---NewPartner--partnerDetailInternal-arrow\"]"}
COMMAND: POST /session/c3abc88c4085a1d56746dc5a5008fa37/element/f.AF2E6E2CD8BF2B753D9461224F8C2D7E.d.907E71A80B0AD57EDCD285E9FED6B20B.e.3298/click - {}
RESULT: {}
COMMAND: POST /session/c3abc88c4085a1d56746dc5a5008fa37/element - {"using":"xpath","value":"//span[contains(text(), \"External partner\")]"}
COMMAND: GET /session/c3abc88c4085a1d56746dc5a5008fa37/screenshot - {}
RESULT: {"using":"xpath","value":"//span[contains(text(), \"External partner\")]"}
COMMAND: POST /session/c3abc88c4085a1d56746dc5a5008fa37/element/f.AF2E6E2CD8BF2B753D9461224F8C2D7E.d.907E71A80B0AD57EDCD285E9FED6B20B.e.3299/click - {}
RESULT: {}
RESULT: {}
RESULT: undefined
COMMAND: POST /session/c3abc88c4085a1d56746dc5a5008fa37/element - {"using":"xpath","value":"//*[@id=\"application-managepartners-display-component---NewPartner--partnerDetailsCurrency-arrow\"]"}
COMMAND: GET /session/c3abc88c4085a1d56746dc5a5008fa37/screenshot - {}
RESULT: {"using":"xpath","value":"//*[@id=\"application-managepartners-display-component---NewPartner--partnerDetailsCurrency-arrow\"]"}
COMMAND: POST /session/c3abc88c4085a1d56746dc5a5008fa37/element/f.AF2E6E2CD8BF2B753D9461224F8C2D7E.d.907E71A80B0AD57EDCD285E9FED6B20B.e.3304/click - {}
RESULT: {}
RESULT: {}
COMMAND: POST /session/c3abc88c4085a1d56746dc5a5008fa37/element - {"using":"xpath","value":"//span[contains(text(), \"US Dollar\")]"}
COMMAND: GET /session/c3abc88c4085a1d56746dc5a5008fa37/screenshot - {}
RESULT: {"using":"xpath","value":"//span[contains(text(), \"US Dollar\")]"}
COMMAND: POST /session/c3abc88c4085a1d56746dc5a5008fa37/element/f.AF2E6E2CD8BF2B753D9461224F8C2D7E.d.907E71A80B0AD57EDCD285E9FED6B20B.e.3305/click - {}
RESULT: {}
RESULT: {}
COMMAND: GET /session/c3abc88c4085a1d56746dc5a5008fa37/screenshot - {}
RESULT: {}
COMMAND: POST /session/c3abc88c4085a1d56746dc5a5008fa37/element - {"using":"xpath","value":"//input[@id=\"application-managepartners-display-component---NewPartner--companyCodeComboBox-inner\"]"}
RESULT: {"using":"xpath","value":"//input[@id=\"application-managepartners-display-component---NewPartner--companyCodeComboBox-inner\"]"}
COMMAND: POST /session/c3abc88c4085a1d56746dc5a5008fa37/element/f.AF2E6E2CD8BF2B753D9461224F8C2D7E.d.907E71A80B0AD57EDCD285E9FED6B20B.e.3118/clear - {}
RESULT: {}
COMMAND: POST /session/c3abc88c4085a1d56746dc5a5008fa37/element/f.AF2E6E2CD8BF2B753D9461224F8C2D7E.d.907E71A80B0AD57EDCD285E9FED6B20B.e.3118/value - {"text":"C002"}
COMMAND: GET /session/c3abc88c4085a1d56746dc5a5008fa37/screenshot - {}
RESULT: {"text":"C002"}
COMMAND: GET /session/c3abc88c4085a1d56746dc5a5008fa37/screenshot - {}
RESULT: {}
RESULT: {}
COMMAND: POST /session/c3abc88c4085a1d56746dc5a5008fa37/element - {"using":"xpath","value":"//li[.//span[text()= \"C002\"]]"}
RESULT: {"using":"xpath","value":"//li[.//span[text()= \"C002\"]]"}
COMMAND: POST /session/c3abc88c4085a1d56746dc5a5008fa37/element/f.AF2E6E2CD8BF2B753D9461224F8C2D7E.d.907E71A80B0AD57EDCD285E9FED6B20B.e.3309/click - {}
RESULT: {}
COMMAND: GET /session/c3abc88c4085a1d56746dc5a5008fa37/screenshot - {}
RESULT: {}
RESULT: undefined
COMMAND: POST /session/c3abc88c4085a1d56746dc5a5008fa37/element - {"using":"xpath","value":"//*[@id=\"application-managepartners-display-component---NewPartner--btnAddTableRow-img\"]"}
RESULT: {"using":"xpath","value":"//*[@id=\"application-managepartners-display-component---NewPartner--btnAddTableRow-img\"]"}
COMMAND: POST /session/c3abc88c4085a1d56746dc5a5008fa37/element/f.AF2E6E2CD8BF2B753D9461224F8C2D7E.d.907E71A80B0AD57EDCD285E9FED6B20B.e.3310/click - {}
RESULT: {}
COMMAND: GET /session/c3abc88c4085a1d56746dc5a5008fa37/screenshot - {}
COMMAND: POST /session/c3abc88c4085a1d56746dc5a5008fa37/element - {"using":"xpath","value":"//input[@id=\"application-managepartners-display-component---NewPartner--assignmentYard-application-managepartners-display-component---NewPartner--assignmentsTable-0-inner\"]"}
RESULT: {}
RESULT: {"using":"xpath","value":"//input[@id=\"application-managepartners-display-component---NewPartner--assignmentYard-application-managepartners-display-component---NewPartner--assignmentsTable-0-inner\"]"}
COMMAND: POST /session/c3abc88c4085a1d56746dc5a5008fa37/element/f.AF2E6E2CD8BF2B753D9461224F8C2D7E.d.907E71A80B0AD57EDCD285E9FED6B20B.e.3313/clear - {}
RESULT: {}
COMMAND: POST /session/c3abc88c4085a1d56746dc5a5008fa37/element/f.AF2E6E2CD8BF2B753D9461224F8C2D7E.d.907E71A80B0AD57EDCD285E9FED6B20B.e.3313/value - {"text":"197"}
COMMAND: GET /session/c3abc88c4085a1d56746dc5a5008fa37/screenshot - {}
RESULT: {"text":"197"}
COMMAND: GET /session/c3abc88c4085a1d56746dc5a5008fa37/screenshot - {}
RESULT: {}
RESULT: {}
COMMAND: POST /session/c3abc88c4085a1d56746dc5a5008fa37/element - {"using":"xpath","value":"//li[.//span[text()='197']]"}
RESULT: {"using":"xpath","value":"//li[.//span[text()='197']]"}
COMMAND: POST /session/c3abc88c4085a1d56746dc5a5008fa37/element/f.AF2E6E2CD8BF2B753D9461224F8C2D7E.d.907E71A80B0AD57EDCD285E9FED6B20B.e.3321/click - {}
RESULT: {}
COMMAND: GET /session/c3abc88c4085a1d56746dc5a5008fa37/screenshot - {}
RESULT: {}
COMMAND: POST /session/c3abc88c4085a1d56746dc5a5008fa37/actions - {"actions":[{"id":"action7","type":"key","parameters":{},"actions":[{"type":"keyDown","value":"î€‡"},{"type":"pause","duration":10},{"type":"keyUp","value":"î€‡"}]}]}
RESULT: {"actions":[{"id":"action7","type":"key","parameters":{},"actions":[{"type":"keyDown","value":"î€‡"},{"type":"pause","duration":10},{"type":"keyUp","value":"î€‡"}]}]}
COMMAND: POST /session/c3abc88c4085a1d56746dc5a5008fa37/element - {"using":"xpath","value":"//td[contains(@id, \"assignmentsTable-0-cell2\")]/div/div"}
COMMAND: GET /session/c3abc88c4085a1d56746dc5a5008fa37/screenshot - {}
RESULT: {"using":"xpath","value":"//td[contains(@id, \"assignmentsTable-0-cell2\")]/div/div"}
COMMAND: POST /session/c3abc88c4085a1d56746dc5a5008fa37/element/f.AF2E6E2CD8BF2B753D9461224F8C2D7E.d.907E71A80B0AD57EDCD285E9FED6B20B.e.3324/click - {}
RESULT: {}
RESULT: {}
COMMAND: GET /session/c3abc88c4085a1d56746dc5a5008fa37/screenshot - {}
RESULT: {}
COMMAND: POST /session/c3abc88c4085a1d56746dc5a5008fa37/element - {"using":"xpath","value":"//button[@data-kt=\"saveButton\"]"}
RESULT: {"using":"xpath","value":"//button[@data-kt=\"saveButton\"]"}
COMMAND: POST /session/c3abc88c4085a1d56746dc5a5008fa37/element/f.AF2E6E2CD8BF2B753D9461224F8C2D7E.d.907E71A80B0AD57EDCD285E9FED6B20B.e.3163/click - {}
RESULT: {}
COMMAND: GET /session/c3abc88c4085a1d56746dc5a5008fa37/screenshot - {}
RESULT: {}
COMMAND: POST /session/c3abc88c4085a1d56746dc5a5008fa37/element - {"using":"xpath","value":"//header[contains(@id, 'ObjectPageLayout-headerTitle')]/div[1]/div[2]/div[2]/span[1]"}
RESULT: {"using":"xpath","value":"//header[contains(@id, 'ObjectPageLayout-headerTitle')]/div[1]/div[2]/div[2]/span[1]"}
COMMAND: POST /session/c3abc88c4085a1d56746dc5a5008fa37/elements - {"using":"xpath","value":"//header[contains(@id, 'ObjectPageLayout-headerTitle')]/div[1]/div[2]/div[2]/span[1]"}
RESULT: {"using":"xpath","value":"//header[contains(@id, 'ObjectPageLayout-headerTitle')]/div[1]/div[2]/div[2]/span[1]"}
COMMAND: POST /session/c3abc88c4085a1d56746dc5a5008fa37/execute/sync - {"script":"<script> [56 bytes]","args":[{"element-6066-11e4-a52e-4f735466cecf":"f.AF2E6E2CD8BF2B753D9461224F8C2D7E.d.907E71A80B0AD57EDCD285E9FED6B20B.e.3437","ELEMENT":"f.AF2E6E2CD8BF2B753D9461224F8C2D7E.d.907E71A80B0AD57EDCD285E9FED6B20B.e.3437"}]}
RESULT: {"script":"<script> [56 bytes]","args":[{"element-6066-11e4-a52e-4f735466cecf":"f.AF2E6E2CD8BF2B753D9461224F8C2D7E.d.907E71A80B0AD57EDCD285E9FED6B20B.e.3437","ELEMENT":"f.AF2E6E2CD8BF2B753D9461224F8C2D7E.d.907E71A80B0AD57EDCD285E9FED6B20B.e.3437"}]}
COMMAND: POST /session/c3abc88c4085a1d56746dc5a5008fa37/element - {"using":"css selector","value":"#shell-header-logo"}
COMMAND: GET /session/c3abc88c4085a1d56746dc5a5008fa37/screenshot - {}
RESULT: {"using":"css selector","value":"#shell-header-logo"}
COMMAND: POST /session/c3abc88c4085a1d56746dc5a5008fa37/element/f.AF2E6E2CD8BF2B753D9461224F8C2D7E.d.907E71A80B0AD57EDCD285E9FED6B20B.e.2911/click - {}
RESULT: {}
RESULT: {}
COMMAND: GET /session/c3abc88c4085a1d56746dc5a5008fa37/screenshot - {}
RESULT: {}
COMMAND: POST /session/c3abc88c4085a1d56746dc5a5008fa37/execute/sync - {"script":"<script> [299 bytes]","args":[["getModel","getResource"]]}
RESULT: {"script":"<script> [299 bytes]","args":[["getModel","getResource"]]}
COMMAND: POST /session/c3abc88c4085a1d56746dc5a5008fa37/refresh - {}
COMMAND: GET /session/c3abc88c4085a1d56746dc5a5008fa37/screenshot - {}
RESULT: {}
COMMAND: GET /session/c3abc88c4085a1d56746dc5a5008fa37/screenshot - {}
RESULT: {}
RESULT: {}
COMMAND: POST /session/c3abc88c4085a1d56746dc5a5008fa37/refresh - {}
RESULT: {}
COMMAND: GET /session/c3abc88c4085a1d56746dc5a5008fa37/screenshot - {}
RESULT: {}
COMMAND: POST /session/c3abc88c4085a1d56746dc5a5008fa37/window/fullscreen - {}
RESULT: {}
COMMAND: POST /session/c3abc88c4085a1d56746dc5a5008fa37/execute/async - {"script":"<script> [189 bytes]","args":[]}
RESULT: {"script":"<script> [189 bytes]","args":[]}
COMMAND: POST /session/c3abc88c4085a1d56746dc5a5008fa37/execute/async - {"script":"<script> [123 bytes]","args":[]}
RESULT: {"script":"<script> [123 bytes]","args":[]}
COMMAND: POST /session/c3abc88c4085a1d56746dc5a5008fa37/timeouts - {"script":"<number>"}
RESULT: {"script":"<number>"}
COMMAND: GET /session/c3abc88c4085a1d56746dc5a5008fa37/timeouts - {}
RESULT: {}
RESULT: undefined
COMMAND: POST /session/c3abc88c4085a1d56746dc5a5008fa37/execute/async - {"script":"<script> [2676 bytes]","args":[]}
RESULT: {"script":"<script> [2676 bytes]","args":[]}
COMMAND: POST /session/c3abc88c4085a1d56746dc5a5008fa37/execute/async - {"script":"<script> [2342 bytes]","args":[{"protocol":"http","hostname":"0.0.0.0","path":"/","capabilities":{"browserName":"chrome","goog:chromeOptions":{"binary":"C:\\Program Files\\Google\\Chrome\\Application\\chrome.exe","args":["--start-maximized"]}},"logLevel":"warn","connectionRetryTimeout":120000,"connectionRetryCount":3,"logLevels":{},"enableDirectConnect":true,"strictSSL":true,"_":"65 more keys: [\"cacheDir\",\"port\",\"requestedCapabilities\",\"automationProtocol\",\"baseUrl\",\"waitforInterval\",\"waitforTimeout\",\"onReload\",\"beforeCommand\",\"afterCommand\",\"rootDir\",\"specs\",\"suites\",\"exclude\",\"groupLogsByTestSpec\",\"excludeDriverLogs\",\"bail\",\"framework\",\"reporters\",\"services\",\"maxInstances\",\"maxInstancesPerCapability\",\"injectGlobals\",\"filesToWatch\",\"execArgv\",\"runnerEnv\",\"runner\",\"shard\",\"specFileRetries\",\"specFileRetriesDelay\",\"specFileRetriesDeferred\",\"reporterSyncInterval\",\"reporterSyncTimeout\",\"cucumberFeaturesWithLineNumbers\",\"autoCompileOpts\",\"mochaOpts\",\"jasmineOpts\",\"cucumberOpts\",\"onPrepare\",\"onWorkerStart\",\"onWorkerEnd\",\"before\",\"beforeSession\",\"beforeSuite\",\"beforeHook\",\"beforeTest\",\"afterTest\",\"afterHook\",\"afterSuite\",\"afterSession\",\"after\",\"onComplete\",\"beforeAssertion\",\"afterAssertion\",\"beforeFeature\",\"beforeScenario\",\"beforeStep\",\"afterStep\",\"afterScenario\",\"afterFeature\",\"_\",\"suite\",\"$0\",\"ignoredWorkerServices\",\"wdi5\"]"}]}
RESULT: {"script":"<script> [2342 bytes]","args":[{"protocol":"http","hostname":"0.0.0.0","path":"/","capabilities":{"browserName":"chrome","goog:chromeOptions":{"binary":"C:\\Program Files\\Google\\Chrome\\Application\\chrome.exe","args":["--start-maximized"]}},"logLevel":"warn","connectionRetryTimeout":120000,"connectionRetryCount":3,"logLevels":{},"enableDirectConnect":true,"strictSSL":true,"_":"65 more keys: [\"cacheDir\",\"port\",\"requestedCapabilities\",\"automationProtocol\",\"baseUrl\",\"waitforInterval\",\"waitforTimeout\",\"onReload\",\"beforeCommand\",\"afterCommand\",\"rootDir\",\"specs\",\"suites\",\"exclude\",\"groupLogsByTestSpec\",\"excludeDriverLogs\",\"bail\",\"framework\",\"reporters\",\"services\",\"maxInstances\",\"maxInstancesPerCapability\",\"injectGlobals\",\"filesToWatch\",\"execArgv\",\"runnerEnv\",\"runner\",\"shard\",\"specFileRetries\",\"specFileRetriesDelay\",\"specFileRetriesDeferred\",\"reporterSyncInterval\",\"reporterSyncTimeout\",\"cucumberFeaturesWithLineNumbers\",\"autoCompileOpts\",\"mochaOpts\",\"jasmineOpts\",\"cucumberOpts\",\"onPrepare\",\"onWorkerStart\",\"onWorkerEnd\",\"before\",\"beforeSession\",\"beforeSuite\",\"beforeHook\",\"beforeTest\",\"afterTest\",\"afterHook\",\"afterSuite\",\"afterSession\",\"after\",\"onComplete\",\"beforeAssertion\",\"afterAssertion\",\"beforeFeature\",\"beforeScenario\",\"beforeStep\",\"afterStep\",\"afterScenario\",\"afterFeature\",\"_\",\"suite\",\"$0\",\"ignoredWorkerServices\",\"wdi5\"]"}]}
COMMAND: POST /session/c3abc88c4085a1d56746dc5a5008fa37/execute/async - {"script":"<script> [21126 bytes]","args":[35000]}
RESULT: {"script":"<script> [21126 bytes]","args":[35000]}
COMMAND: POST /session/c3abc88c4085a1d56746dc5a5008fa37/element - {"using":"css selector","value":"#shell-header-logo"}
RESULT: {"using":"css selector","value":"#shell-header-logo"}
COMMAND: POST /session/c3abc88c4085a1d56746dc5a5008fa37/element/f.AF2E6E2CD8BF2B753D9461224F8C2D7E.d.1C2DF0D6924676E00EFBA7BF78F35D21.e.3584/click - {}
RESULT: {}
COMMAND: GET /session/c3abc88c4085a1d56746dc5a5008fa37/screenshot - {}
RESULT: {}
COMMAND: POST /session/c3abc88c4085a1d56746dc5a5008fa37/execute/async - {"script":"<script> [1562 bytes]","args":[{"selector":{"controlType":"sap.m.GenericTile","properties":{"header":"Manage Sites"}},"wdio_ui5_key":"sapm.GenericTile{\"header\":\"Manage Sites\"}"}]}
RESULT: {"script":"<script> [1562 bytes]","args":[{"selector":{"controlType":"sap.m.GenericTile","properties":{"header":"Manage Sites"}},"wdio_ui5_key":"sapm.GenericTile{\"header\":\"Manage Sites\"}"}]}
RESULT: undefined
COMMAND: POST /session/c3abc88c4085a1d56746dc5a5008fa37/element - {"using":"xpath","value":"//*[@id=\"__tile32\"]"}
RESULT: {"using":"xpath","value":"//*[@id=\"__tile32\"]"}
COMMAND: POST /session/c3abc88c4085a1d56746dc5a5008fa37/element/f.AF2E6E2CD8BF2B753D9461224F8C2D7E.d.1C2DF0D6924676E00EFBA7BF78F35D21.e.3513/click - {}
RESULT: {}
COMMAND: GET /session/c3abc88c4085a1d56746dc5a5008fa37/screenshot - {}
RESULT: {}
COMMAND: POST /session/c3abc88c4085a1d56746dc5a5008fa37/elements - {"using":"xpath","value":"//span[text()='Error']"}
RESULT: {"using":"xpath","value":"//span[text()='Error']"}
]]></system-out>
    </testcase>
  </testsuite>
  <testsuite timestamp="2025-05-13T07:38:09" time="198.609" tests="2" failures="0" errors="0" skipped="0">
    <properties>
      <property name="specId" value="0" />
      <property name="suiteName" value="Create 2 sites US118246" />
      <property name="capabilities" value="chrome.136_0_7103_49.windows" />
      <property name="file" value="file:///D:/a/1/s/test/specs/R2C/create-site.spec.js" />
    </properties>
    <testcase classname="chrome.136_0_7103_49.windows.Create_2_sites_US118246" name="Should create new site" time="80.113">
      <system-out><![CDATA[
COMMAND: POST /session/c3abc88c4085a1d56746dc5a5008fa37/execute/async - {"script":"<script> [1562 bytes]","args":[{"selector":{"controlType":"sap.m.Title","viewName":"etm.portal.ui.managesites.view.Master","viewId":"application-managesites-display-component---masterSite","i18NText":{"propertyName":"text","key":"sites"}},"wdio_ui5_key":"etmportal.ui.managesites.view.Mastersap.m.Title{\"propertyName\":\"text\",\"key\":\"sites\"}"}]}
RESULT: {"script":"<script> [1562 bytes]","args":[{"selector":{"controlType":"sap.m.Title","viewName":"etm.portal.ui.managesites.view.Master","viewId":"application-managesites-display-component---masterSite","i18NText":{"propertyName":"text","key":"sites"}},"wdio_ui5_key":"etmportal.ui.managesites.view.Mastersap.m.Title{\"propertyName\":\"text\",\"key\":\"sites\"}"}]}
RESULT: undefined
COMMAND: POST /session/c3abc88c4085a1d56746dc5a5008fa37/execute/async - {"script":"<script> [6424 bytes]","args":[{"element-6066-11e4-a52e-4f735466cecf":"f.AF2E6E2CD8BF2B753D9461224F8C2D7E.d.1C2DF0D6924676E00EFBA7BF78F35D21.e.3710"},"getText",[]]}
RESULT: {"script":"<script> [6424 bytes]","args":[{"element-6066-11e4-a52e-4f735466cecf":"f.AF2E6E2CD8BF2B753D9461224F8C2D7E.d.1C2DF0D6924676E00EFBA7BF78F35D21.e.3710"},"getText",[]]}
COMMAND: POST /session/c3abc88c4085a1d56746dc5a5008fa37/execute/async - {"script":"<script> [1562 bytes]","args":[{"selector":{"controlType":"sap.ui.core.Icon","viewName":"etm.portal.ui.managesites.view.Master","viewId":"application-managesites-display-component---masterSite","properties":{"src":{"regex":{"source":"add"}}}},"wdio_ui5_key":"etmportal.ui.managesites.view.Mastersap.ui.core.Icon{\"src\":{\"regex\":{\"source\":\"add\"}}}"}]}
RESULT: {"script":"<script> [1562 bytes]","args":[{"selector":{"controlType":"sap.ui.core.Icon","viewName":"etm.portal.ui.managesites.view.Master","viewId":"application-managesites-display-component---masterSite","properties":{"src":{"regex":{"source":"add"}}}},"wdio_ui5_key":"etmportal.ui.managesites.view.Mastersap.ui.core.Icon{\"src\":{\"regex\":{\"source\":\"add\"}}}"}]}
RESULT: undefined
COMMAND: POST /session/c3abc88c4085a1d56746dc5a5008fa37/element - {"using":"xpath","value":"//*[@id=\"__button4-img\"]"}
RESULT: {"using":"xpath","value":"//*[@id=\"__button4-img\"]"}
COMMAND: POST /session/c3abc88c4085a1d56746dc5a5008fa37/element/f.AF2E6E2CD8BF2B753D9461224F8C2D7E.d.1C2DF0D6924676E00EFBA7BF78F35D21.e.3634/click - {}
RESULT: {}
COMMAND: POST /session/c3abc88c4085a1d56746dc5a5008fa37/execute/async - {"script":"<script> [1562 bytes]","args":[{"selector":{"id":"application-managesites-display-component---NewSite--siteId","interaction":{"idSuffix":"inner"}},"wdio_ui5_key":"applicationmanagesites-display-component---NewSite--siteId"}]}
COMMAND: GET /session/c3abc88c4085a1d56746dc5a5008fa37/screenshot - {}
RESULT: {"script":"<script> [1562 bytes]","args":[{"selector":{"id":"application-managesites-display-component---NewSite--siteId","interaction":{"idSuffix":"inner"}},"wdio_ui5_key":"applicationmanagesites-display-component---NewSite--siteId"}]}
RESULT: undefined
COMMAND: POST /session/c3abc88c4085a1d56746dc5a5008fa37/execute/async - {"script":"<script> [1562 bytes]","args":[{"selector":{"id":"application-managesites-display-component---NewSite--addressDetailDetailsName1","interaction":{"idSuffix":"inner"}},"wdio_ui5_key":"applicationmanagesites-display-component---NewSite--addressDetailDetailsName1"}]}
RESULT: {}
RESULT: {"script":"<script> [1562 bytes]","args":[{"selector":{"id":"application-managesites-display-component---NewSite--addressDetailDetailsName1","interaction":{"idSuffix":"inner"}},"wdio_ui5_key":"applicationmanagesites-display-component---NewSite--addressDetailDetailsName1"}]}
RESULT: undefined
COMMAND: POST /session/c3abc88c4085a1d56746dc5a5008fa37/execute/async - {"script":"<script> [776 bytes]","args":[{"enterText":"Webdriver Site dxsef","selector":{"id":"application-managesites-display-component---NewSite--addressDetailDetailsName1","interaction":{"idSuffix":"inner"}},"clearTextFirst":true,"interactionType":"ENTER_TEXT"}]}
RESULT: {"script":"<script> [776 bytes]","args":[{"enterText":"Webdriver Site dxsef","selector":{"id":"application-managesites-display-component---NewSite--addressDetailDetailsName1","interaction":{"idSuffix":"inner"}},"clearTextFirst":true,"interactionType":"ENTER_TEXT"}]}
COMMAND: POST /session/c3abc88c4085a1d56746dc5a5008fa37/execute/async - {"script":"<script> [1562 bytes]","args":[{"selector":{"id":"application-managesites-display-component---NewSite--addressDetailDetailsLanguage","interaction":{"idSuffix":"inner"}},"wdio_ui5_key":"applicationmanagesites-display-component---NewSite--addressDetailDetailsLanguage"}]}
RESULT: {"script":"<script> [1562 bytes]","args":[{"selector":{"id":"application-managesites-display-component---NewSite--addressDetailDetailsLanguage","interaction":{"idSuffix":"inner"}},"wdio_ui5_key":"applicationmanagesites-display-component---NewSite--addressDetailDetailsLanguage"}]}
RESULT: undefined
COMMAND: POST /session/c3abc88c4085a1d56746dc5a5008fa37/execute/async - {"script":"<script> [776 bytes]","args":[{"enterText":"Romanian","selector":{"id":"application-managesites-display-component---NewSite--addressDetailDetailsLanguage","interaction":{"idSuffix":"inner"}},"clearTextFirst":true,"interactionType":"ENTER_TEXT"}]}
RESULT: {"script":"<script> [776 bytes]","args":[{"enterText":"Romanian","selector":{"id":"application-managesites-display-component---NewSite--addressDetailDetailsLanguage","interaction":{"idSuffix":"inner"}},"clearTextFirst":true,"interactionType":"ENTER_TEXT"}]}
COMMAND: POST /session/c3abc88c4085a1d56746dc5a5008fa37/execute/async - {"script":"<script> [1562 bytes]","args":[{"selector":{"id":"application-managesites-display-component---NewSite--addressDetailDetailsCity1","interaction":{"idSuffix":"inner"}},"wdio_ui5_key":"applicationmanagesites-display-component---NewSite--addressDetailDetailsCity1"}]}
RESULT: {"script":"<script> [1562 bytes]","args":[{"selector":{"id":"application-managesites-display-component---NewSite--addressDetailDetailsCity1","interaction":{"idSuffix":"inner"}},"wdio_ui5_key":"applicationmanagesites-display-component---NewSite--addressDetailDetailsCity1"}]}
RESULT: undefined
COMMAND: POST /session/c3abc88c4085a1d56746dc5a5008fa37/execute/async - {"script":"<script> [776 bytes]","args":[{"enterText":"Bucharest","selector":{"id":"application-managesites-display-component---NewSite--addressDetailDetailsCity1","interaction":{"idSuffix":"inner"}},"clearTextFirst":true,"interactionType":"ENTER_TEXT"}]}
RESULT: {"script":"<script> [776 bytes]","args":[{"enterText":"Bucharest","selector":{"id":"application-managesites-display-component---NewSite--addressDetailDetailsCity1","interaction":{"idSuffix":"inner"}},"clearTextFirst":true,"interactionType":"ENTER_TEXT"}]}
COMMAND: POST /session/c3abc88c4085a1d56746dc5a5008fa37/execute/async - {"script":"<script> [1562 bytes]","args":[{"selector":{"id":"application-managesites-display-component---NewSite--addressDetailDetailsCountry","interaction":{"idSuffix":"inner"}},"wdio_ui5_key":"applicationmanagesites-display-component---NewSite--addressDetailDetailsCountry"}]}
RESULT: {"script":"<script> [1562 bytes]","args":[{"selector":{"id":"application-managesites-display-component---NewSite--addressDetailDetailsCountry","interaction":{"idSuffix":"inner"}},"wdio_ui5_key":"applicationmanagesites-display-component---NewSite--addressDetailDetailsCountry"}]}
RESULT: undefined
COMMAND: POST /session/c3abc88c4085a1d56746dc5a5008fa37/execute/async - {"script":"<script> [776 bytes]","args":[{"enterText":"Romania","selector":{"id":"application-managesites-display-component---NewSite--addressDetailDetailsCountry","interaction":{"idSuffix":"inner"}},"clearTextFirst":true,"interactionType":"ENTER_TEXT"}]}
RESULT: {"script":"<script> [776 bytes]","args":[{"enterText":"Romania","selector":{"id":"application-managesites-display-component---NewSite--addressDetailDetailsCountry","interaction":{"idSuffix":"inner"}},"clearTextFirst":true,"interactionType":"ENTER_TEXT"}]}
COMMAND: POST /session/c3abc88c4085a1d56746dc5a5008fa37/execute/async - {"script":"<script> [1562 bytes]","args":[{"selector":{"id":"application-managesites-display-component---NewSite--addressDetailDetailsCalendar","interaction":{"idSuffix":"inner"}},"wdio_ui5_key":"applicationmanagesites-display-component---NewSite--addressDetailDetailsCalendar"}]}
RESULT: {"script":"<script> [1562 bytes]","args":[{"selector":{"id":"application-managesites-display-component---NewSite--addressDetailDetailsCalendar","interaction":{"idSuffix":"inner"}},"wdio_ui5_key":"applicationmanagesites-display-component---NewSite--addressDetailDetailsCalendar"}]}
RESULT: undefined
COMMAND: POST /session/c3abc88c4085a1d56746dc5a5008fa37/execute/async - {"script":"<script> [776 bytes]","args":[{"enterText":"Germany","selector":{"id":"application-managesites-display-component---NewSite--addressDetailDetailsCalendar","interaction":{"idSuffix":"inner"}},"clearTextFirst":true,"interactionType":"ENTER_TEXT"}]}
RESULT: {"script":"<script> [776 bytes]","args":[{"enterText":"Germany","selector":{"id":"application-managesites-display-component---NewSite--addressDetailDetailsCalendar","interaction":{"idSuffix":"inner"}},"clearTextFirst":true,"interactionType":"ENTER_TEXT"}]}
COMMAND: POST /session/c3abc88c4085a1d56746dc5a5008fa37/execute/async - {"script":"<script> [1562 bytes]","args":[{"selector":{"id":"application-managesites-display-component---NewSite--addressEditDetailsCostObjectCstType-arrow"},"wdio_ui5_key":"applicationmanagesites-display-component---NewSite--addressEditDetailsCostObjectCstType-arrow"}]}
RESULT: {"script":"<script> [1562 bytes]","args":[{"selector":{"id":"application-managesites-display-component---NewSite--addressEditDetailsCostObjectCstType-arrow"},"wdio_ui5_key":"applicationmanagesites-display-component---NewSite--addressEditDetailsCostObjectCstType-arrow"}]}
RESULT: undefined
COMMAND: POST /session/c3abc88c4085a1d56746dc5a5008fa37/element - {"using":"xpath","value":"//*[@id=\"application-managesites-display-component---NewSite--addressEditDetailsCostObjectCstType-arrow\"]"}
RESULT: {"using":"xpath","value":"//*[@id=\"application-managesites-display-component---NewSite--addressEditDetailsCostObjectCstType-arrow\"]"}
COMMAND: POST /session/c3abc88c4085a1d56746dc5a5008fa37/element/f.AF2E6E2CD8BF2B753D9461224F8C2D7E.d.1C2DF0D6924676E00EFBA7BF78F35D21.e.3936/click - {}
RESULT: {}
COMMAND: POST /session/c3abc88c4085a1d56746dc5a5008fa37/element - {"using":"xpath","value":"//span[contains(text(), \"Work Breakdown Structure\")]"}
COMMAND: GET /session/c3abc88c4085a1d56746dc5a5008fa37/screenshot - {}
RESULT: {"using":"xpath","value":"//span[contains(text(), \"Work Breakdown Structure\")]"}
COMMAND: POST /session/c3abc88c4085a1d56746dc5a5008fa37/element/f.AF2E6E2CD8BF2B753D9461224F8C2D7E.d.1C2DF0D6924676E00EFBA7BF78F35D21.e.3937/click - {}
RESULT: {}
RESULT: {}
COMMAND: GET /session/c3abc88c4085a1d56746dc5a5008fa37/screenshot - {}
RESULT: {}
COMMAND: POST /session/c3abc88c4085a1d56746dc5a5008fa37/execute/async - {"script":"<script> [1562 bytes]","args":[{"selector":{"id":"application-managesites-display-component---NewSite--addressNewCostObjectCstID-vhi"},"wdio_ui5_key":"applicationmanagesites-display-component---NewSite--addressNewCostObjectCstID-vhi"}]}
RESULT: {"script":"<script> [1562 bytes]","args":[{"selector":{"id":"application-managesites-display-component---NewSite--addressNewCostObjectCstID-vhi"},"wdio_ui5_key":"applicationmanagesites-display-component---NewSite--addressNewCostObjectCstID-vhi"}]}
RESULT: undefined
COMMAND: POST /session/c3abc88c4085a1d56746dc5a5008fa37/element - {"using":"xpath","value":"//*[@id=\"application-managesites-display-component---NewSite--addressNewCostObjectCstID-vhi\"]"}
RESULT: {"using":"xpath","value":"//*[@id=\"application-managesites-display-component---NewSite--addressNewCostObjectCstID-vhi\"]"}
COMMAND: POST /session/c3abc88c4085a1d56746dc5a5008fa37/element/f.AF2E6E2CD8BF2B753D9461224F8C2D7E.d.1C2DF0D6924676E00EFBA7BF78F35D21.e.3941/click - {}
RESULT: {}
COMMAND: GET /session/c3abc88c4085a1d56746dc5a5008fa37/screenshot - {}
RESULT: {}
COMMAND: POST /session/c3abc88c4085a1d56746dc5a5008fa37/execute/async - {"script":"<script> [1562 bytes]","args":[{"selector":{"controlType":"sap.m.SearchField","properties":{"placeholder":"Search"},"searchOpenDialogs":true,"interaction":{"idSuffix":"I"}},"wdio_ui5_key":"sapm.SearchField{\"placeholder\":\"Search\"}"}]}
RESULT: {"script":"<script> [1562 bytes]","args":[{"selector":{"controlType":"sap.m.SearchField","properties":{"placeholder":"Search"},"searchOpenDialogs":true,"interaction":{"idSuffix":"I"}},"wdio_ui5_key":"sapm.SearchField{\"placeholder\":\"Search\"}"}]}
RESULT: undefined
COMMAND: POST /session/c3abc88c4085a1d56746dc5a5008fa37/execute/async - {"script":"<script> [776 bytes]","args":[{"enterText":"A1-000100-01","selector":{"controlType":"sap.m.SearchField","properties":{"placeholder":"Search"},"searchOpenDialogs":true,"interaction":{"idSuffix":"I"}},"clearTextFirst":true,"interactionType":"ENTER_TEXT"}]}
RESULT: {"script":"<script> [776 bytes]","args":[{"enterText":"A1-000100-01","selector":{"controlType":"sap.m.SearchField","properties":{"placeholder":"Search"},"searchOpenDialogs":true,"interaction":{"idSuffix":"I"}},"clearTextFirst":true,"interactionType":"ENTER_TEXT"}]}
COMMAND: POST /session/c3abc88c4085a1d56746dc5a5008fa37/actions - {"actions":[{"id":"action8","type":"key","parameters":{},"actions":[{"type":"keyDown","value":"î€‡"},{"type":"pause","duration":10},{"type":"keyUp","value":"î€‡"}]}]}
RESULT: {"actions":[{"id":"action8","type":"key","parameters":{},"actions":[{"type":"keyDown","value":"î€‡"},{"type":"pause","duration":10},{"type":"keyUp","value":"î€‡"}]}]}
COMMAND: GET /session/c3abc88c4085a1d56746dc5a5008fa37/screenshot - {}
RESULT: {}
COMMAND: POST /session/c3abc88c4085a1d56746dc5a5008fa37/element - {"using":"xpath","value":"//span[contains(text(), \"Template for ETO-Process\")]"}
RESULT: {"using":"xpath","value":"//span[contains(text(), \"Template for ETO-Process\")]"}
COMMAND: POST /session/c3abc88c4085a1d56746dc5a5008fa37/element/f.AF2E6E2CD8BF2B753D9461224F8C2D7E.d.1C2DF0D6924676E00EFBA7BF78F35D21.e.3960/click - {}
RESULT: {}
COMMAND: GET /session/c3abc88c4085a1d56746dc5a5008fa37/screenshot - {}
RESULT: {}
COMMAND: POST /session/c3abc88c4085a1d56746dc5a5008fa37/element - {"using":"xpath","value":"//bdi[contains(text(), \"OK\")]"}
RESULT: {"using":"xpath","value":"//bdi[contains(text(), \"OK\")]"}
COMMAND: POST /session/c3abc88c4085a1d56746dc5a5008fa37/element/f.AF2E6E2CD8BF2B753D9461224F8C2D7E.d.1C2DF0D6924676E00EFBA7BF78F35D21.e.3961/click - {}
RESULT: {}
COMMAND: GET /session/c3abc88c4085a1d56746dc5a5008fa37/screenshot - {}
RESULT: {}
COMMAND: POST /session/c3abc88c4085a1d56746dc5a5008fa37/element - {"using":"xpath","value":"//input[@id=\"application-managesites-display-component---NewSite--addressDetailDetailsYard-inner\"]"}
RESULT: {"using":"xpath","value":"//input[@id=\"application-managesites-display-component---NewSite--addressDetailDetailsYard-inner\"]"}
COMMAND: POST /session/c3abc88c4085a1d56746dc5a5008fa37/element/f.AF2E6E2CD8BF2B753D9461224F8C2D7E.d.1C2DF0D6924676E00EFBA7BF78F35D21.e.3779/value - {"text":"196"}
RESULT: {"text":"196"}
COMMAND: GET /session/c3abc88c4085a1d56746dc5a5008fa37/screenshot - {}
RESULT: {}
COMMAND: POST /session/c3abc88c4085a1d56746dc5a5008fa37/actions - {"actions":[{"id":"action9","type":"key","parameters":{},"actions":[{"type":"keyDown","value":"î€‡"},{"type":"pause","duration":10},{"type":"keyUp","value":"î€‡"}]}]}
RESULT: {"actions":[{"id":"action9","type":"key","parameters":{},"actions":[{"type":"keyDown","value":"î€‡"},{"type":"pause","duration":10},{"type":"keyUp","value":"î€‡"}]}]}
COMMAND: GET /session/c3abc88c4085a1d56746dc5a5008fa37/screenshot - {}
RESULT: {}
COMMAND: POST /session/c3abc88c4085a1d56746dc5a5008fa37/element - {"using":"xpath","value":"//input[@id=\"application-managesites-display-component---NewSite--addressDetailDetailsPartner-inner\"]"}
RESULT: {"using":"xpath","value":"//input[@id=\"application-managesites-display-component---NewSite--addressDetailDetailsPartner-inner\"]"}
COMMAND: POST /session/c3abc88c4085a1d56746dc5a5008fa37/elements - {"using":"xpath","value":"//input[@id=\"application-managesites-display-component---NewSite--addressDetailDetailsPartner-inner\"]"}
RESULT: {"using":"xpath","value":"//input[@id=\"application-managesites-display-component---NewSite--addressDetailDetailsPartner-inner\"]"}
COMMAND: POST /session/c3abc88c4085a1d56746dc5a5008fa37/execute/async - {"script":"<script> [1562 bytes]","args":[{"selector":{"controlType":"sap.m.Button","viewName":"etm.portal.ui.managesites.view.NewSmartSite","viewId":"application-managesites-display-component---NewSite","properties":{"text":"Commercial"},"interaction":{"idSuffix":"BDI-content"}},"wdio_ui5_key":"etmportal.ui.managesites.view.NewSmartSitesap.m.Button{\"text\":\"Commercial\"}"}]}
RESULT: {"script":"<script> [1562 bytes]","args":[{"selector":{"controlType":"sap.m.Button","viewName":"etm.portal.ui.managesites.view.NewSmartSite","viewId":"application-managesites-display-component---NewSite","properties":{"text":"Commercial"},"interaction":{"idSuffix":"BDI-content"}},"wdio_ui5_key":"etmportal.ui.managesites.view.NewSmartSitesap.m.Button{\"text\":\"Commercial\"}"}]}
RESULT: undefined
COMMAND: POST /session/c3abc88c4085a1d56746dc5a5008fa37/element - {"using":"xpath","value":"//*[@id=\"application-managesites-display-component---NewSite--ObjectPageLayout-anchBar-__section5-anchor\"]"}
RESULT: {"using":"xpath","value":"//*[@id=\"application-managesites-display-component---NewSite--ObjectPageLayout-anchBar-__section5-anchor\"]"}
COMMAND: POST /session/c3abc88c4085a1d56746dc5a5008fa37/element/f.AF2E6E2CD8BF2B753D9461224F8C2D7E.d.1C2DF0D6924676E00EFBA7BF78F35D21.e.3968/click - {}
RESULT: {}
COMMAND: POST /session/c3abc88c4085a1d56746dc5a5008fa37/execute/async - {"script":"<script> [1562 bytes]","args":[{"selector":{"controlType":"sap.m.Button","viewName":"etm.portal.ui.managesites.view.NewSmartSite","viewId":"application-managesites-display-component---NewSite","i18NText":{"propertyName":"text","key":"save"},"interaction":{"idSuffix":"BDI-content"}},"wdio_ui5_key":"etmportal.ui.managesites.view.NewSmartSitesap.m.Button{\"propertyName\":\"text\",\"key\":\"save\"}"}]}
COMMAND: GET /session/c3abc88c4085a1d56746dc5a5008fa37/screenshot - {}
RESULT: {"script":"<script> [1562 bytes]","args":[{"selector":{"controlType":"sap.m.Button","viewName":"etm.portal.ui.managesites.view.NewSmartSite","viewId":"application-managesites-display-component---NewSite","i18NText":{"propertyName":"text","key":"save"},"interaction":{"idSuffix":"BDI-content"}},"wdio_ui5_key":"etmportal.ui.managesites.view.NewSmartSitesap.m.Button{\"propertyName\":\"text\",\"key\":\"save\"}"}]}
RESULT: undefined
COMMAND: POST /session/c3abc88c4085a1d56746dc5a5008fa37/element - {"using":"xpath","value":"//*[@id=\"__button16\"]"}
RESULT: {}
RESULT: {"using":"xpath","value":"//*[@id=\"__button16\"]"}
COMMAND: POST /session/c3abc88c4085a1d56746dc5a5008fa37/element/f.AF2E6E2CD8BF2B753D9461224F8C2D7E.d.1C2DF0D6924676E00EFBA7BF78F35D21.e.3867/click - {}
RESULT: {}
COMMAND: GET /session/c3abc88c4085a1d56746dc5a5008fa37/screenshot - {}
RESULT: {}
COMMAND: POST /session/c3abc88c4085a1d56746dc5a5008fa37/execute/async - {"script":"<script> [1562 bytes]","args":[{"selector":{"id":"application-managesites-display-component---detailSite--addressDetailDetailsYardText"},"wdio_ui5_key":"applicationmanagesites-display-component---detailSite--addressDetailDetailsYardText"}]}
RESULT: {"script":"<script> [1562 bytes]","args":[{"selector":{"id":"application-managesites-display-component---detailSite--addressDetailDetailsYardText"},"wdio_ui5_key":"applicationmanagesites-display-component---detailSite--addressDetailDetailsYardText"}]}
RESULT: undefined
COMMAND: POST /session/c3abc88c4085a1d56746dc5a5008fa37/element - {"using":"xpath","value":"//header/div/div[2]/div[2]/span"}
RESULT: {"using":"xpath","value":"//header/div/div[2]/div[2]/span"}
COMMAND: GET /session/c3abc88c4085a1d56746dc5a5008fa37/element/f.AF2E6E2CD8BF2B753D9461224F8C2D7E.d.1C2DF0D6924676E00EFBA7BF78F35D21.e.4134/text - {}
RESULT: {}
COMMAND: POST /session/c3abc88c4085a1d56746dc5a5008fa37/execute/async - {"script":"<script> [1562 bytes]","args":[{"selector":{"controlType":"sap.m.Label","viewName":"etm.portal.ui.managesites.view.Detail","viewId":"application-managesites-display-component---detailSite","i18NText":{"propertyName":"text","key":"status"}},"wdio_ui5_key":"etmportal.ui.managesites.view.Detailsap.m.Label{\"propertyName\":\"text\",\"key\":\"status\"}"}]}
RESULT: {"script":"<script> [1562 bytes]","args":[{"selector":{"controlType":"sap.m.Label","viewName":"etm.portal.ui.managesites.view.Detail","viewId":"application-managesites-display-component---detailSite","i18NText":{"propertyName":"text","key":"status"}},"wdio_ui5_key":"etmportal.ui.managesites.view.Detailsap.m.Label{\"propertyName\":\"text\",\"key\":\"status\"}"}]}
RESULT: undefined
COMMAND: POST /session/c3abc88c4085a1d56746dc5a5008fa37/execute/async - {"script":"<script> [6424 bytes]","args":[{"element-6066-11e4-a52e-4f735466cecf":"f.AF2E6E2CD8BF2B753D9461224F8C2D7E.d.1C2DF0D6924676E00EFBA7BF78F35D21.e.4119"},"getText",[]]}
RESULT: {"script":"<script> [6424 bytes]","args":[{"element-6066-11e4-a52e-4f735466cecf":"f.AF2E6E2CD8BF2B753D9461224F8C2D7E.d.1C2DF0D6924676E00EFBA7BF78F35D21.e.4119"},"getText",[]]}
]]></system-out>
    </testcase>
    <testcase classname="chrome.136_0_7103_49.windows.Create_2_sites_US118246" name="Should create WHM site" time="57.306">
      <system-out><![CDATA[
RESULT: undefined
COMMAND: POST /session/c3abc88c4085a1d56746dc5a5008fa37/element - {"using":"xpath","value":"//*[@id=\"__button4-img\"]"}
RESULT: {"using":"xpath","value":"//*[@id=\"__button4-img\"]"}
COMMAND: POST /session/c3abc88c4085a1d56746dc5a5008fa37/element/f.AF2E6E2CD8BF2B753D9461224F8C2D7E.d.1C2DF0D6924676E00EFBA7BF78F35D21.e.4135/click - {}
RESULT: {}
COMMAND: GET /session/c3abc88c4085a1d56746dc5a5008fa37/screenshot - {}
RESULT: {}
RESULT: undefined
COMMAND: POST /session/c3abc88c4085a1d56746dc5a5008fa37/execute/async - {"script":"<script> [1562 bytes]","args":[{"selector":{"controlType":"sap.m.Button","viewName":"etm.portal.ui.managesites.view.NewSmartSite","viewId":"application-managesites-display-component---NewSite","properties":{"text":"General Information"},"interaction":{"idSuffix":"BDI-content"}},"wdio_ui5_key":"etmportal.ui.managesites.view.NewSmartSitesap.m.Button{\"text\":\"General Information\"}"}]}
RESULT: {"script":"<script> [1562 bytes]","args":[{"selector":{"controlType":"sap.m.Button","viewName":"etm.portal.ui.managesites.view.NewSmartSite","viewId":"application-managesites-display-component---NewSite","properties":{"text":"General Information"},"interaction":{"idSuffix":"BDI-content"}},"wdio_ui5_key":"etmportal.ui.managesites.view.NewSmartSitesap.m.Button{\"text\":\"General Information\"}"}]}
RESULT: undefined
COMMAND: POST /session/c3abc88c4085a1d56746dc5a5008fa37/element - {"using":"xpath","value":"//*[@id=\"application-managesites-display-component---NewSite--ObjectPageLayout-anchBar-__section3-anchor\"]"}
RESULT: {"using":"xpath","value":"//*[@id=\"application-managesites-display-component---NewSite--ObjectPageLayout-anchBar-__section3-anchor\"]"}
COMMAND: POST /session/c3abc88c4085a1d56746dc5a5008fa37/element/f.AF2E6E2CD8BF2B753D9461224F8C2D7E.d.1C2DF0D6924676E00EFBA7BF78F35D21.e.4268/click - {}
RESULT: {}
RESULT: undefined
COMMAND: POST /session/c3abc88c4085a1d56746dc5a5008fa37/execute/async - {"script":"<script> [776 bytes]","args":[{"enterText":"Webdriver WHM Site wahm8","selector":{"id":"application-managesites-display-component---NewSite--addressDetailDetailsName1","interaction":{"idSuffix":"inner"}},"clearTextFirst":true,"interactionType":"ENTER_TEXT"}]}
COMMAND: GET /session/c3abc88c4085a1d56746dc5a5008fa37/screenshot - {}
RESULT: {"script":"<script> [776 bytes]","args":[{"enterText":"Webdriver WHM Site wahm8","selector":{"id":"application-managesites-display-component---NewSite--addressDetailDetailsName1","interaction":{"idSuffix":"inner"}},"clearTextFirst":true,"interactionType":"ENTER_TEXT"}]}
RESULT: {}
RESULT: undefined
COMMAND: POST /session/c3abc88c4085a1d56746dc5a5008fa37/execute/async - {"script":"<script> [776 bytes]","args":[{"enterText":"Romanian","selector":{"id":"application-managesites-display-component---NewSite--addressDetailDetailsLanguage","interaction":{"idSuffix":"inner"}},"clearTextFirst":true,"interactionType":"ENTER_TEXT"}]}
RESULT: {"script":"<script> [776 bytes]","args":[{"enterText":"Romanian","selector":{"id":"application-managesites-display-component---NewSite--addressDetailDetailsLanguage","interaction":{"idSuffix":"inner"}},"clearTextFirst":true,"interactionType":"ENTER_TEXT"}]}
COMMAND: POST /session/c3abc88c4085a1d56746dc5a5008fa37/actions - {"actions":[{"id":"action10","type":"key","parameters":{},"actions":[{"type":"keyDown","value":"î€‡"},{"type":"pause","duration":10},{"type":"keyUp","value":"î€‡"}]}]}
RESULT: {"actions":[{"id":"action10","type":"key","parameters":{},"actions":[{"type":"keyDown","value":"î€‡"},{"type":"pause","duration":10},{"type":"keyUp","value":"î€‡"}]}]}
RESULT: undefined
COMMAND: POST /session/c3abc88c4085a1d56746dc5a5008fa37/execute/async - {"script":"<script> [776 bytes]","args":[{"enterText":"Bucharest","selector":{"id":"application-managesites-display-component---NewSite--addressDetailDetailsCity1","interaction":{"idSuffix":"inner"}},"clearTextFirst":true,"interactionType":"ENTER_TEXT"}]}
COMMAND: GET /session/c3abc88c4085a1d56746dc5a5008fa37/screenshot - {}
RESULT: {"script":"<script> [776 bytes]","args":[{"enterText":"Bucharest","selector":{"id":"application-managesites-display-component---NewSite--addressDetailDetailsCity1","interaction":{"idSuffix":"inner"}},"clearTextFirst":true,"interactionType":"ENTER_TEXT"}]}
RESULT: {}
COMMAND: POST /session/c3abc88c4085a1d56746dc5a5008fa37/actions - {"actions":[{"id":"action11","type":"key","parameters":{},"actions":[{"type":"keyDown","value":"î€‡"},{"type":"pause","duration":10},{"type":"keyUp","value":"î€‡"}]}]}
RESULT: {"actions":[{"id":"action11","type":"key","parameters":{},"actions":[{"type":"keyDown","value":"î€‡"},{"type":"pause","duration":10},{"type":"keyUp","value":"î€‡"}]}]}
RESULT: undefined
COMMAND: POST /session/c3abc88c4085a1d56746dc5a5008fa37/execute/async - {"script":"<script> [6424 bytes]","args":[{"element-6066-11e4-a52e-4f735466cecf":"f.AF2E6E2CD8BF2B753D9461224F8C2D7E.d.1C2DF0D6924676E00EFBA7BF78F35D21.e.3768"},"setValue",["Romania"]]}
COMMAND: GET /session/c3abc88c4085a1d56746dc5a5008fa37/screenshot - {}
COMMAND: POST /session/c3abc88c4085a1d56746dc5a5008fa37/execute/async - {"script":"<script> [1562 bytes]","args":[{"selector":{"id":"application-managesites-display-component---NewSite--addressDetailDetailsCountry","interaction":{"idSuffix":"inner"}},"wdio_ui5_key":"applicationmanagesites-display-component---NewSite--addressDetailDetailsCountry"}]}
RESULT: {}
RESULT: {"script":"<script> [1562 bytes]","args":[{"selector":{"id":"application-managesites-display-component---NewSite--addressDetailDetailsCountry","interaction":{"idSuffix":"inner"}},"wdio_ui5_key":"applicationmanagesites-display-component---NewSite--addressDetailDetailsCountry"}]}
COMMAND: POST /session/c3abc88c4085a1d56746dc5a5008fa37/execute/async - {"script":"<script> [6424 bytes]","args":[{"element-6066-11e4-a52e-4f735466cecf":"f.AF2E6E2CD8BF2B753D9461224F8C2D7E.d.1C2DF0D6924676E00EFBA7BF78F35D21.e.4189"},"setValue",["Romania"]]}
RESULT: {"script":"<script> [6424 bytes]","args":[{"element-6066-11e4-a52e-4f735466cecf":"f.AF2E6E2CD8BF2B753D9461224F8C2D7E.d.1C2DF0D6924676E00EFBA7BF78F35D21.e.4189"},"setValue",["Romania"]]}
COMMAND: POST /session/c3abc88c4085a1d56746dc5a5008fa37/actions - {"actions":[{"id":"action12","type":"key","parameters":{},"actions":[{"type":"keyDown","value":"î€‡"},{"type":"pause","duration":10},{"type":"keyUp","value":"î€‡"}]}]}
RESULT: {"actions":[{"id":"action12","type":"key","parameters":{},"actions":[{"type":"keyDown","value":"î€‡"},{"type":"pause","duration":10},{"type":"keyUp","value":"î€‡"}]}]}
RESULT: undefined
COMMAND: POST /session/c3abc88c4085a1d56746dc5a5008fa37/execute/async - {"script":"<script> [776 bytes]","args":[{"enterText":"Germany","selector":{"id":"application-managesites-display-component---NewSite--addressDetailDetailsCalendar","interaction":{"idSuffix":"inner"}},"clearTextFirst":true,"interactionType":"ENTER_TEXT"}]}
COMMAND: GET /session/c3abc88c4085a1d56746dc5a5008fa37/screenshot - {}
RESULT: {"script":"<script> [776 bytes]","args":[{"enterText":"Germany","selector":{"id":"application-managesites-display-component---NewSite--addressDetailDetailsCalendar","interaction":{"idSuffix":"inner"}},"clearTextFirst":true,"interactionType":"ENTER_TEXT"}]}
RESULT: {}
COMMAND: POST /session/c3abc88c4085a1d56746dc5a5008fa37/actions - {"actions":[{"id":"action13","type":"key","parameters":{},"actions":[{"type":"keyDown","value":"î€‡"},{"type":"pause","duration":10},{"type":"keyUp","value":"î€‡"}]}]}
RESULT: {"actions":[{"id":"action13","type":"key","parameters":{},"actions":[{"type":"keyDown","value":"î€‡"},{"type":"pause","duration":10},{"type":"keyUp","value":"î€‡"}]}]}
COMMAND: POST /session/c3abc88c4085a1d56746dc5a5008fa37/execute/async - {"script":"<script> [1562 bytes]","args":[{"selector":{"id":"application-managesites-display-component---NewSite--addressEditDetailsCostObjectCstType","interaction":{"idSuffix":"inner"}},"wdio_ui5_key":"applicationmanagesites-display-component---NewSite--addressEditDetailsCostObjectCstType"}]}
COMMAND: GET /session/c3abc88c4085a1d56746dc5a5008fa37/screenshot - {}
RESULT: {"script":"<script> [1562 bytes]","args":[{"selector":{"id":"application-managesites-display-component---NewSite--addressEditDetailsCostObjectCstType","interaction":{"idSuffix":"inner"}},"wdio_ui5_key":"applicationmanagesites-display-component---NewSite--addressEditDetailsCostObjectCstType"}]}
RESULT: undefined
COMMAND: POST /session/c3abc88c4085a1d56746dc5a5008fa37/execute/async - {"script":"<script> [776 bytes]","args":[{"enterText":"Cost","selector":{"id":"application-managesites-display-component---NewSite--addressEditDetailsCostObjectCstType","interaction":{"idSuffix":"inner"}},"clearTextFirst":true,"interactionType":"ENTER_TEXT"}]}
RESULT: {}
RESULT: {"script":"<script> [776 bytes]","args":[{"enterText":"Cost","selector":{"id":"application-managesites-display-component---NewSite--addressEditDetailsCostObjectCstType","interaction":{"idSuffix":"inner"}},"clearTextFirst":true,"interactionType":"ENTER_TEXT"}]}
COMMAND: POST /session/c3abc88c4085a1d56746dc5a5008fa37/actions - {"actions":[{"id":"action14","type":"key","parameters":{},"actions":[{"type":"keyDown","value":"î€‡"},{"type":"pause","duration":10},{"type":"keyUp","value":"î€‡"}]}]}
RESULT: {"actions":[{"id":"action14","type":"key","parameters":{},"actions":[{"type":"keyDown","value":"î€‡"},{"type":"pause","duration":10},{"type":"keyUp","value":"î€‡"}]}]}
COMMAND: POST /session/c3abc88c4085a1d56746dc5a5008fa37/execute/async - {"script":"<script> [1562 bytes]","args":[{"selector":{"id":"application-managesites-display-component---NewSite--addressNewCostObjectCstID","interaction":{"idSuffix":"inner"}},"wdio_ui5_key":"applicationmanagesites-display-component---NewSite--addressNewCostObjectCstID"}]}
COMMAND: GET /session/c3abc88c4085a1d56746dc5a5008fa37/screenshot - {}
RESULT: {"script":"<script> [1562 bytes]","args":[{"selector":{"id":"application-managesites-display-component---NewSite--addressNewCostObjectCstID","interaction":{"idSuffix":"inner"}},"wdio_ui5_key":"applicationmanagesites-display-component---NewSite--addressNewCostObjectCstID"}]}
RESULT: undefined
COMMAND: POST /session/c3abc88c4085a1d56746dc5a5008fa37/execute/async - {"script":"<script> [776 bytes]","args":[{"enterText":"1001","selector":{"id":"application-managesites-display-component---NewSite--addressNewCostObjectCstID","interaction":{"idSuffix":"inner"}},"clearTextFirst":true,"interactionType":"ENTER_TEXT"}]}
RESULT: {}
RESULT: {"script":"<script> [776 bytes]","args":[{"enterText":"1001","selector":{"id":"application-managesites-display-component---NewSite--addressNewCostObjectCstID","interaction":{"idSuffix":"inner"}},"clearTextFirst":true,"interactionType":"ENTER_TEXT"}]}
COMMAND: POST /session/c3abc88c4085a1d56746dc5a5008fa37/actions - {"actions":[{"id":"action15","type":"key","parameters":{},"actions":[{"type":"keyDown","value":"î€‡"},{"type":"pause","duration":10},{"type":"keyUp","value":"î€‡"}]}]}
RESULT: {"actions":[{"id":"action15","type":"key","parameters":{},"actions":[{"type":"keyDown","value":"î€‡"},{"type":"pause","duration":10},{"type":"keyUp","value":"î€‡"}]}]}
COMMAND: POST /session/c3abc88c4085a1d56746dc5a5008fa37/element - {"using":"xpath","value":"//input[@id=\"application-managesites-display-component---NewSite--addressDetailDetailsYard-inner\"]"}
COMMAND: GET /session/c3abc88c4085a1d56746dc5a5008fa37/screenshot - {}
RESULT: {"using":"xpath","value":"//input[@id=\"application-managesites-display-component---NewSite--addressDetailDetailsYard-inner\"]"}
COMMAND: POST /session/c3abc88c4085a1d56746dc5a5008fa37/element/f.AF2E6E2CD8BF2B753D9461224F8C2D7E.d.1C2DF0D6924676E00EFBA7BF78F35D21.e.4200/value - {"text":"197"}
RESULT: {}
RESULT: {"text":"197"}
COMMAND: GET /session/c3abc88c4085a1d56746dc5a5008fa37/screenshot - {}
RESULT: {}
COMMAND: POST /session/c3abc88c4085a1d56746dc5a5008fa37/actions - {"actions":[{"id":"action16","type":"key","parameters":{},"actions":[{"type":"keyDown","value":"î€‡"},{"type":"pause","duration":10},{"type":"keyUp","value":"î€‡"}]}]}
RESULT: {"actions":[{"id":"action16","type":"key","parameters":{},"actions":[{"type":"keyDown","value":"î€‡"},{"type":"pause","duration":10},{"type":"keyUp","value":"î€‡"}]}]}
COMMAND: GET /session/c3abc88c4085a1d56746dc5a5008fa37/screenshot - {}
RESULT: {}
COMMAND: POST /session/c3abc88c4085a1d56746dc5a5008fa37/element - {"using":"xpath","value":"//input[@id=\"application-managesites-display-component---NewSite--addressDetailDetailsPartner-inner\"]"}
RESULT: {"using":"xpath","value":"//input[@id=\"application-managesites-display-component---NewSite--addressDetailDetailsPartner-inner\"]"}
COMMAND: POST /session/c3abc88c4085a1d56746dc5a5008fa37/elements - {"using":"xpath","value":"//input[@id=\"application-managesites-display-component---NewSite--addressDetailDetailsPartner-inner\"]"}
RESULT: {"using":"xpath","value":"//input[@id=\"application-managesites-display-component---NewSite--addressDetailDetailsPartner-inner\"]"}
RESULT: undefined
COMMAND: POST /session/c3abc88c4085a1d56746dc5a5008fa37/element - {"using":"xpath","value":"//*[@id=\"application-managesites-display-component---NewSite--ObjectPageLayout-anchBar-__section5-anchor\"]"}
RESULT: {"using":"xpath","value":"//*[@id=\"application-managesites-display-component---NewSite--ObjectPageLayout-anchBar-__section5-anchor\"]"}
COMMAND: POST /session/c3abc88c4085a1d56746dc5a5008fa37/element/f.AF2E6E2CD8BF2B753D9461224F8C2D7E.d.1C2DF0D6924676E00EFBA7BF78F35D21.e.4275/click - {}
RESULT: {}
COMMAND: POST /session/c3abc88c4085a1d56746dc5a5008fa37/execute/async - {"script":"<script> [1562 bytes]","args":[{"selector":{"id":"application-managesites-display-component---NewSite--siteWhmCheckBox-label","interaction":{"idSuffix":"bdi"}},"wdio_ui5_key":"applicationmanagesites-display-component---NewSite--siteWhmCheckBox-label"}]}
COMMAND: GET /session/c3abc88c4085a1d56746dc5a5008fa37/screenshot - {}
RESULT: {"script":"<script> [1562 bytes]","args":[{"selector":{"id":"application-managesites-display-component---NewSite--siteWhmCheckBox-label","interaction":{"idSuffix":"bdi"}},"wdio_ui5_key":"applicationmanagesites-display-component---NewSite--siteWhmCheckBox-label"}]}
RESULT: undefined
COMMAND: POST /session/c3abc88c4085a1d56746dc5a5008fa37/element - {"using":"xpath","value":"//*[@id=\"application-managesites-display-component---NewSite--siteWhmCheckBox-label\"]"}
RESULT: {}
RESULT: {"using":"xpath","value":"//*[@id=\"application-managesites-display-component---NewSite--siteWhmCheckBox-label\"]"}
COMMAND: POST /session/c3abc88c4085a1d56746dc5a5008fa37/element/f.AF2E6E2CD8BF2B753D9461224F8C2D7E.d.1C2DF0D6924676E00EFBA7BF78F35D21.e.4279/click - {}
RESULT: {}
RESULT: undefined
COMMAND: POST /session/c3abc88c4085a1d56746dc5a5008fa37/element - {"using":"xpath","value":"//*[@id=\"__button16\"]"}
COMMAND: GET /session/c3abc88c4085a1d56746dc5a5008fa37/screenshot - {}
RESULT: {"using":"xpath","value":"//*[@id=\"__button16\"]"}
COMMAND: POST /session/c3abc88c4085a1d56746dc5a5008fa37/element/f.AF2E6E2CD8BF2B753D9461224F8C2D7E.d.1C2DF0D6924676E00EFBA7BF78F35D21.e.4280/click - {}
RESULT: {}
RESULT: {}
COMMAND: GET /session/c3abc88c4085a1d56746dc5a5008fa37/screenshot - {}
RESULT: {}
COMMAND: POST /session/c3abc88c4085a1d56746dc5a5008fa37/element - {"using":"xpath","value":"//header/div/div[2]/div[2]/span"}
RESULT: {"using":"xpath","value":"//header/div/div[2]/div[2]/span"}
COMMAND: GET /session/c3abc88c4085a1d56746dc5a5008fa37/element/f.AF2E6E2CD8BF2B753D9461224F8C2D7E.d.1C2DF0D6924676E00EFBA7BF78F35D21.e.4433/text - {}
RESULT: {}
RESULT: undefined
RESULT: undefined
COMMAND: POST /session/c3abc88c4085a1d56746dc5a5008fa37/execute/async - {"script":"<script> [6424 bytes]","args":[{"element-6066-11e4-a52e-4f735466cecf":"f.AF2E6E2CD8BF2B753D9461224F8C2D7E.d.1C2DF0D6924676E00EFBA7BF78F35D21.e.4119"},"getText",[]]}
COMMAND: POST /session/c3abc88c4085a1d56746dc5a5008fa37/execute/async - {"script":"<script> [1562 bytes]","args":[{"selector":{"controlType":"sap.m.Label","viewName":"etm.portal.ui.managesites.view.Detail","viewId":"application-managesites-display-component---detailSite","i18NText":{"propertyName":"text","key":"status"}},"wdio_ui5_key":"etmportal.ui.managesites.view.Detailsap.m.Label{\"propertyName\":\"text\",\"key\":\"status\"}"}]}
RESULT: {"script":"<script> [1562 bytes]","args":[{"selector":{"controlType":"sap.m.Label","viewName":"etm.portal.ui.managesites.view.Detail","viewId":"application-managesites-display-component---detailSite","i18NText":{"propertyName":"text","key":"status"}},"wdio_ui5_key":"etmportal.ui.managesites.view.Detailsap.m.Label{\"propertyName\":\"text\",\"key\":\"status\"}"}]}
COMMAND: POST /session/c3abc88c4085a1d56746dc5a5008fa37/execute/async - {"script":"<script> [6424 bytes]","args":[{"element-6066-11e4-a52e-4f735466cecf":"f.AF2E6E2CD8BF2B753D9461224F8C2D7E.d.1C2DF0D6924676E00EFBA7BF78F35D21.e.4421"},"getText",[]]}
RESULT: {"script":"<script> [6424 bytes]","args":[{"element-6066-11e4-a52e-4f735466cecf":"f.AF2E6E2CD8BF2B753D9461224F8C2D7E.d.1C2DF0D6924676E00EFBA7BF78F35D21.e.4421"},"getText",[]]}
COMMAND: POST /session/c3abc88c4085a1d56746dc5a5008fa37/execute/async - {"script":"<script> [1562 bytes]","args":[{"selector":{"id":"shell-header","interaction":{"idSuffix":"icon"}},"wdio_ui5_key":"shellheader"}]}
RESULT: {"script":"<script> [1562 bytes]","args":[{"selector":{"id":"shell-header","interaction":{"idSuffix":"icon"}},"wdio_ui5_key":"shellheader"}]}
RESULT: undefined
COMMAND: POST /session/c3abc88c4085a1d56746dc5a5008fa37/element - {"using":"xpath","value":"//*[@id=\"shell-header\"]"}
RESULT: {"using":"xpath","value":"//*[@id=\"shell-header\"]"}
COMMAND: POST /session/c3abc88c4085a1d56746dc5a5008fa37/element/f.AF2E6E2CD8BF2B753D9461224F8C2D7E.d.1C2DF0D6924676E00EFBA7BF78F35D21.e.4435/click - {}
RESULT: {}
COMMAND: GET /session/c3abc88c4085a1d56746dc5a5008fa37/screenshot - {}
COMMAND: POST /session/c3abc88c4085a1d56746dc5a5008fa37/refresh - {}
RESULT: {}
RESULT: {}
COMMAND: GET /session/c3abc88c4085a1d56746dc5a5008fa37/screenshot - {}
RESULT: {}
COMMAND: POST /session/c3abc88c4085a1d56746dc5a5008fa37/refresh - {}
RESULT: {}
COMMAND: GET /session/c3abc88c4085a1d56746dc5a5008fa37/screenshot - {}
RESULT: {}
COMMAND: POST /session/c3abc88c4085a1d56746dc5a5008fa37/window/fullscreen - {}
RESULT: {}
COMMAND: POST /session/c3abc88c4085a1d56746dc5a5008fa37/execute/async - {"script":"<script> [189 bytes]","args":[]}
RESULT: {"script":"<script> [189 bytes]","args":[]}
COMMAND: POST /session/c3abc88c4085a1d56746dc5a5008fa37/execute/async - {"script":"<script> [123 bytes]","args":[]}
RESULT: {"script":"<script> [123 bytes]","args":[]}
COMMAND: POST /session/c3abc88c4085a1d56746dc5a5008fa37/timeouts - {"script":"<number>"}
RESULT: {"script":"<number>"}
COMMAND: GET /session/c3abc88c4085a1d56746dc5a5008fa37/timeouts - {}
RESULT: {}
RESULT: undefined
COMMAND: POST /session/c3abc88c4085a1d56746dc5a5008fa37/execute/async - {"script":"<script> [2676 bytes]","args":[]}
RESULT: {"script":"<script> [2676 bytes]","args":[]}
COMMAND: POST /session/c3abc88c4085a1d56746dc5a5008fa37/execute/async - {"script":"<script> [2342 bytes]","args":[{"protocol":"http","hostname":"0.0.0.0","path":"/","capabilities":{"browserName":"chrome","goog:chromeOptions":{"binary":"C:\\Program Files\\Google\\Chrome\\Application\\chrome.exe","args":["--start-maximized"]}},"logLevel":"warn","connectionRetryTimeout":120000,"connectionRetryCount":3,"logLevels":{},"enableDirectConnect":true,"strictSSL":true,"_":"65 more keys: [\"cacheDir\",\"port\",\"requestedCapabilities\",\"automationProtocol\",\"baseUrl\",\"waitforInterval\",\"waitforTimeout\",\"onReload\",\"beforeCommand\",\"afterCommand\",\"rootDir\",\"specs\",\"suites\",\"exclude\",\"groupLogsByTestSpec\",\"excludeDriverLogs\",\"bail\",\"framework\",\"reporters\",\"services\",\"maxInstances\",\"maxInstancesPerCapability\",\"injectGlobals\",\"filesToWatch\",\"execArgv\",\"runnerEnv\",\"runner\",\"shard\",\"specFileRetries\",\"specFileRetriesDelay\",\"specFileRetriesDeferred\",\"reporterSyncInterval\",\"reporterSyncTimeout\",\"cucumberFeaturesWithLineNumbers\",\"autoCompileOpts\",\"mochaOpts\",\"jasmineOpts\",\"cucumberOpts\",\"onPrepare\",\"onWorkerStart\",\"onWorkerEnd\",\"before\",\"beforeSession\",\"beforeSuite\",\"beforeHook\",\"beforeTest\",\"afterTest\",\"afterHook\",\"afterSuite\",\"afterSession\",\"after\",\"onComplete\",\"beforeAssertion\",\"afterAssertion\",\"beforeFeature\",\"beforeScenario\",\"beforeStep\",\"afterStep\",\"afterScenario\",\"afterFeature\",\"_\",\"suite\",\"$0\",\"ignoredWorkerServices\",\"wdi5\"]"}]}
RESULT: {"script":"<script> [2342 bytes]","args":[{"protocol":"http","hostname":"0.0.0.0","path":"/","capabilities":{"browserName":"chrome","goog:chromeOptions":{"binary":"C:\\Program Files\\Google\\Chrome\\Application\\chrome.exe","args":["--start-maximized"]}},"logLevel":"warn","connectionRetryTimeout":120000,"connectionRetryCount":3,"logLevels":{},"enableDirectConnect":true,"strictSSL":true,"_":"65 more keys: [\"cacheDir\",\"port\",\"requestedCapabilities\",\"automationProtocol\",\"baseUrl\",\"waitforInterval\",\"waitforTimeout\",\"onReload\",\"beforeCommand\",\"afterCommand\",\"rootDir\",\"specs\",\"suites\",\"exclude\",\"groupLogsByTestSpec\",\"excludeDriverLogs\",\"bail\",\"framework\",\"reporters\",\"services\",\"maxInstances\",\"maxInstancesPerCapability\",\"injectGlobals\",\"filesToWatch\",\"execArgv\",\"runnerEnv\",\"runner\",\"shard\",\"specFileRetries\",\"specFileRetriesDelay\",\"specFileRetriesDeferred\",\"reporterSyncInterval\",\"reporterSyncTimeout\",\"cucumberFeaturesWithLineNumbers\",\"autoCompileOpts\",\"mochaOpts\",\"jasmineOpts\",\"cucumberOpts\",\"onPrepare\",\"onWorkerStart\",\"onWorkerEnd\",\"before\",\"beforeSession\",\"beforeSuite\",\"beforeHook\",\"beforeTest\",\"afterTest\",\"afterHook\",\"afterSuite\",\"afterSession\",\"after\",\"onComplete\",\"beforeAssertion\",\"afterAssertion\",\"beforeFeature\",\"beforeScenario\",\"beforeStep\",\"afterStep\",\"afterScenario\",\"afterFeature\",\"_\",\"suite\",\"$0\",\"ignoredWorkerServices\",\"wdi5\"]"}]}
COMMAND: POST /session/c3abc88c4085a1d56746dc5a5008fa37/execute/async - {"script":"<script> [21126 bytes]","args":[35000]}
RESULT: {"script":"<script> [21126 bytes]","args":[35000]}
COMMAND: POST /session/c3abc88c4085a1d56746dc5a5008fa37/element - {"using":"css selector","value":"#j_username"}
COMMAND: POST /session/c3abc88c4085a1d56746dc5a5008fa37/url - {"url":"https://qa-testing-00-live-etm-ui.cfapps.eu10-004.hana.ondemand.com/"}
RESULT: {"using":"css selector","value":"#j_username"}
COMMAND: POST /session/c3abc88c4085a1d56746dc5a5008fa37/element - {"using":"css selector","value":"#j_username"}
RESULT: {"url":"https://qa-testing-00-live-etm-ui.cfapps.eu10-004.hana.ondemand.com/"}
RESULT: undefined
COMMAND: GET /session/c3abc88c4085a1d56746dc5a5008fa37/screenshot - {}
RESULT: {"using":"css selector","value":"#j_username"}
COMMAND: POST /session/c3abc88c4085a1d56746dc5a5008fa37/element - {"using":"css selector","value":"#shell-header-logo"}
RESULT: {}
RESULT: {"using":"css selector","value":"#shell-header-logo"}
COMMAND: POST /session/c3abc88c4085a1d56746dc5a5008fa37/execute/sync - {"script":"<script> [8489 bytes]","args":[{"element-6066-11e4-a52e-4f735466cecf":"f.AF2E6E2CD8BF2B753D9461224F8C2D7E.d.8CFEF33486F3FC3A5F408FC46A52BC20.e.4758","ELEMENT":"f.AF2E6E2CD8BF2B753D9461224F8C2D7E.d.8CFEF33486F3FC3A5F408FC46A52BC20.e.4758"}]}
RESULT: {"script":"<script> [8489 bytes]","args":[{"element-6066-11e4-a52e-4f735466cecf":"f.AF2E6E2CD8BF2B753D9461224F8C2D7E.d.8CFEF33486F3FC3A5F408FC46A52BC20.e.4758","ELEMENT":"f.AF2E6E2CD8BF2B753D9461224F8C2D7E.d.8CFEF33486F3FC3A5F408FC46A52BC20.e.4758"}]}
COMMAND: POST /session/c3abc88c4085a1d56746dc5a5008fa37/element - {"using":"css selector","value":"#shell-header-logo"}
COMMAND: GET /session/c3abc88c4085a1d56746dc5a5008fa37/screenshot - {}
RESULT: {"using":"css selector","value":"#shell-header-logo"}
COMMAND: POST /session/c3abc88c4085a1d56746dc5a5008fa37/execute/sync - {"script":"<script> [8489 bytes]","args":[{"element-6066-11e4-a52e-4f735466cecf":"f.AF2E6E2CD8BF2B753D9461224F8C2D7E.d.8CFEF33486F3FC3A5F408FC46A52BC20.e.4758","ELEMENT":"f.AF2E6E2CD8BF2B753D9461224F8C2D7E.d.8CFEF33486F3FC3A5F408FC46A52BC20.e.4758"}]}
RESULT: {}
RESULT: {"script":"<script> [8489 bytes]","args":[{"element-6066-11e4-a52e-4f735466cecf":"f.AF2E6E2CD8BF2B753D9461224F8C2D7E.d.8CFEF33486F3FC3A5F408FC46A52BC20.e.4758","ELEMENT":"f.AF2E6E2CD8BF2B753D9461224F8C2D7E.d.8CFEF33486F3FC3A5F408FC46A52BC20.e.4758"}]}
COMMAND: POST /session/c3abc88c4085a1d56746dc5a5008fa37/execute/sync - {"script":"<script> [5351 bytes]","args":[{"element-6066-11e4-a52e-4f735466cecf":"f.AF2E6E2CD8BF2B753D9461224F8C2D7E.d.8CFEF33486F3FC3A5F408FC46A52BC20.e.4758","ELEMENT":"f.AF2E6E2CD8BF2B753D9461224F8C2D7E.d.8CFEF33486F3FC3A5F408FC46A52BC20.e.4758"}]}
COMMAND: GET /session/c3abc88c4085a1d56746dc5a5008fa37/screenshot - {}
RESULT: {"script":"<script> [5351 bytes]","args":[{"element-6066-11e4-a52e-4f735466cecf":"f.AF2E6E2CD8BF2B753D9461224F8C2D7E.d.8CFEF33486F3FC3A5F408FC46A52BC20.e.4758","ELEMENT":"f.AF2E6E2CD8BF2B753D9461224F8C2D7E.d.8CFEF33486F3FC3A5F408FC46A52BC20.e.4758"}]}
COMMAND: POST /session/c3abc88c4085a1d56746dc5a5008fa37/element - {"using":"css selector","value":"#shell-header-logo"}
COMMAND: GET /session/c3abc88c4085a1d56746dc5a5008fa37/screenshot - {}
RESULT: {}
RESULT: {"using":"css selector","value":"#shell-header-logo"}
COMMAND: POST /session/c3abc88c4085a1d56746dc5a5008fa37/element/f.AF2E6E2CD8BF2B753D9461224F8C2D7E.d.8CFEF33486F3FC3A5F408FC46A52BC20.e.4758/click - {}
RESULT: {}
RESULT: {}
COMMAND: GET /session/c3abc88c4085a1d56746dc5a5008fa37/screenshot - {}
RESULT: {}
COMMAND: POST /session/c3abc88c4085a1d56746dc5a5008fa37/execute/async - {"script":"<script> [189 bytes]","args":[]}
RESULT: {"script":"<script> [189 bytes]","args":[]}
COMMAND: POST /session/c3abc88c4085a1d56746dc5a5008fa37/execute/async - {"script":"<script> [123 bytes]","args":[]}
RESULT: {"script":"<script> [123 bytes]","args":[]}
COMMAND: POST /session/c3abc88c4085a1d56746dc5a5008fa37/timeouts - {"script":"<number>"}
RESULT: {"script":"<number>"}
COMMAND: GET /session/c3abc88c4085a1d56746dc5a5008fa37/timeouts - {}
RESULT: {}
RESULT: undefined
COMMAND: POST /session/c3abc88c4085a1d56746dc5a5008fa37/execute/async - {"script":"<script> [2676 bytes]","args":[]}
RESULT: {"script":"<script> [2676 bytes]","args":[]}
COMMAND: POST /session/c3abc88c4085a1d56746dc5a5008fa37/execute/async - {"script":"<script> [2342 bytes]","args":[{"protocol":"http","hostname":"0.0.0.0","path":"/","capabilities":{"browserName":"chrome","goog:chromeOptions":{"binary":"C:\\Program Files\\Google\\Chrome\\Application\\chrome.exe","args":["--start-maximized"]}},"logLevel":"warn","connectionRetryTimeout":120000,"connectionRetryCount":3,"logLevels":{},"enableDirectConnect":true,"strictSSL":true,"_":"65 more keys: [\"cacheDir\",\"port\",\"requestedCapabilities\",\"automationProtocol\",\"baseUrl\",\"waitforInterval\",\"waitforTimeout\",\"onReload\",\"beforeCommand\",\"afterCommand\",\"rootDir\",\"specs\",\"suites\",\"exclude\",\"groupLogsByTestSpec\",\"excludeDriverLogs\",\"bail\",\"framework\",\"reporters\",\"services\",\"maxInstances\",\"maxInstancesPerCapability\",\"injectGlobals\",\"filesToWatch\",\"execArgv\",\"runnerEnv\",\"runner\",\"shard\",\"specFileRetries\",\"specFileRetriesDelay\",\"specFileRetriesDeferred\",\"reporterSyncInterval\",\"reporterSyncTimeout\",\"cucumberFeaturesWithLineNumbers\",\"autoCompileOpts\",\"mochaOpts\",\"jasmineOpts\",\"cucumberOpts\",\"onPrepare\",\"onWorkerStart\",\"onWorkerEnd\",\"before\",\"beforeSession\",\"beforeSuite\",\"beforeHook\",\"beforeTest\",\"afterTest\",\"afterHook\",\"afterSuite\",\"afterSession\",\"after\",\"onComplete\",\"beforeAssertion\",\"afterAssertion\",\"beforeFeature\",\"beforeScenario\",\"beforeStep\",\"afterStep\",\"afterScenario\",\"afterFeature\",\"_\",\"suite\",\"$0\",\"ignoredWorkerServices\",\"wdi5\"]"}]}
RESULT: {"script":"<script> [2342 bytes]","args":[{"protocol":"http","hostname":"0.0.0.0","path":"/","capabilities":{"browserName":"chrome","goog:chromeOptions":{"binary":"C:\\Program Files\\Google\\Chrome\\Application\\chrome.exe","args":["--start-maximized"]}},"logLevel":"warn","connectionRetryTimeout":120000,"connectionRetryCount":3,"logLevels":{},"enableDirectConnect":true,"strictSSL":true,"_":"65 more keys: [\"cacheDir\",\"port\",\"requestedCapabilities\",\"automationProtocol\",\"baseUrl\",\"waitforInterval\",\"waitforTimeout\",\"onReload\",\"beforeCommand\",\"afterCommand\",\"rootDir\",\"specs\",\"suites\",\"exclude\",\"groupLogsByTestSpec\",\"excludeDriverLogs\",\"bail\",\"framework\",\"reporters\",\"services\",\"maxInstances\",\"maxInstancesPerCapability\",\"injectGlobals\",\"filesToWatch\",\"execArgv\",\"runnerEnv\",\"runner\",\"shard\",\"specFileRetries\",\"specFileRetriesDelay\",\"specFileRetriesDeferred\",\"reporterSyncInterval\",\"reporterSyncTimeout\",\"cucumberFeaturesWithLineNumbers\",\"autoCompileOpts\",\"mochaOpts\",\"jasmineOpts\",\"cucumberOpts\",\"onPrepare\",\"onWorkerStart\",\"onWorkerEnd\",\"before\",\"beforeSession\",\"beforeSuite\",\"beforeHook\",\"beforeTest\",\"afterTest\",\"afterHook\",\"afterSuite\",\"afterSession\",\"after\",\"onComplete\",\"beforeAssertion\",\"afterAssertion\",\"beforeFeature\",\"beforeScenario\",\"beforeStep\",\"afterStep\",\"afterScenario\",\"afterFeature\",\"_\",\"suite\",\"$0\",\"ignoredWorkerServices\",\"wdi5\"]"}]}
COMMAND: POST /session/c3abc88c4085a1d56746dc5a5008fa37/execute/async - {"script":"<script> [21126 bytes]","args":[35000]}
RESULT: {"script":"<script> [21126 bytes]","args":[35000]}
COMMAND: POST /session/c3abc88c4085a1d56746dc5a5008fa37/window/maximize - {}
RESULT: {}
COMMAND: POST /session/c3abc88c4085a1d56746dc5a5008fa37/execute/async - {"script":"<script> [1562 bytes]","args":[{"selector":{"id":"shell-header","interaction":{"idSuffix":"icon"}},"wdio_ui5_key":"shellheader"}]}
COMMAND: GET /session/c3abc88c4085a1d56746dc5a5008fa37/screenshot - {}
RESULT: {"script":"<script> [1562 bytes]","args":[{"selector":{"id":"shell-header","interaction":{"idSuffix":"icon"}},"wdio_ui5_key":"shellheader"}]}
RESULT: undefined
RESULT: {}
COMMAND: POST /session/c3abc88c4085a1d56746dc5a5008fa37/execute/async - {"script":"<script> [1562 bytes]","args":[{"selector":{"controlType":"sap.m.Title","i18NText":{"propertyName":"text","key":"dataCollectionAgreement"},"searchOpenDialogs":true},"wdio_ui5_key":"sapm.Title{\"propertyName\":\"text\",\"key\":\"dataCollectionAgreement\"}"}]}
RESULT: {"script":"<script> [1562 bytes]","args":[{"selector":{"controlType":"sap.m.Title","i18NText":{"propertyName":"text","key":"dataCollectionAgreement"},"searchOpenDialogs":true},"wdio_ui5_key":"sapm.Title{\"propertyName\":\"text\",\"key\":\"dataCollectionAgreement\"}"}]}
RESULT: undefined
COMMAND: POST /session/c3abc88c4085a1d56746dc5a5008fa37/execute/async - {"script":"<script> [1562 bytes]","args":[{"selector":{"controlType":"sap.m.GenericTile","properties":{"header":"Manage Resources"}},"wdio_ui5_key":"sapm.GenericTile{\"header\":\"Manage Resources\"}"}]}
RESULT: {"script":"<script> [1562 bytes]","args":[{"selector":{"controlType":"sap.m.GenericTile","properties":{"header":"Manage Resources"}},"wdio_ui5_key":"sapm.GenericTile{\"header\":\"Manage Resources\"}"}]}
RESULT: undefined
COMMAND: POST /session/c3abc88c4085a1d56746dc5a5008fa37/element - {"using":"xpath","value":"//*[@id=\"__tile31\"]"}
RESULT: {"using":"xpath","value":"//*[@id=\"__tile31\"]"}
COMMAND: POST /session/c3abc88c4085a1d56746dc5a5008fa37/element/f.AF2E6E2CD8BF2B753D9461224F8C2D7E.d.8CFEF33486F3FC3A5F408FC46A52BC20.e.4779/click - {}
RESULT: {}
COMMAND: GET /session/c3abc88c4085a1d56746dc5a5008fa37/screenshot - {}
RESULT: {}
COMMAND: POST /session/c3abc88c4085a1d56746dc5a5008fa37/elements - {"using":"xpath","value":"//span[text()='Error']"}
RESULT: {"using":"xpath","value":"//span[text()='Error']"}
]]></system-out>
    </testcase>
  </testsuite>
  <testsuite timestamp="2025-05-13T07:41:28" time="578.663" tests="2" failures="0" errors="0" skipped="0">
    <properties>
      <property name="specId" value="0" />
      <property name="suiteName" value="Create 2 RU material US118246" />
      <property name="capabilities" value="chrome.136_0_7103_49.windows" />
      <property name="file" value="file:///D:/a/1/s/test/specs/R2C/create-material.spec.js" />
    </properties>
    <testcase classname="chrome.136_0_7103_49.windows.Create_2_RU_material_US118246" name="Create material" time="256.713">
      <system-out><![CDATA[
COMMAND: POST /session/c3abc88c4085a1d56746dc5a5008fa37/element - {"using":"xpath","value":"//button[@data-kt=\"addNewRUOverflowToolbarButton\"]"}
RESULT: {"using":"xpath","value":"//button[@data-kt=\"addNewRUOverflowToolbarButton\"]"}
COMMAND: POST /session/c3abc88c4085a1d56746dc5a5008fa37/execute/sync - {"script":"<script> [8489 bytes]","args":[{"element-6066-11e4-a52e-4f735466cecf":"f.AF2E6E2CD8BF2B753D9461224F8C2D7E.d.8CFEF33486F3FC3A5F408FC46A52BC20.e.4909","ELEMENT":"f.AF2E6E2CD8BF2B753D9461224F8C2D7E.d.8CFEF33486F3FC3A5F408FC46A52BC20.e.4909"}]}
RESULT: {"script":"<script> [8489 bytes]","args":[{"element-6066-11e4-a52e-4f735466cecf":"f.AF2E6E2CD8BF2B753D9461224F8C2D7E.d.8CFEF33486F3FC3A5F408FC46A52BC20.e.4909","ELEMENT":"f.AF2E6E2CD8BF2B753D9461224F8C2D7E.d.8CFEF33486F3FC3A5F408FC46A52BC20.e.4909"}]}
COMMAND: POST /session/c3abc88c4085a1d56746dc5a5008fa37/element/f.AF2E6E2CD8BF2B753D9461224F8C2D7E.d.8CFEF33486F3FC3A5F408FC46A52BC20.e.4909/click - {}
COMMAND: GET /session/c3abc88c4085a1d56746dc5a5008fa37/screenshot - {}
RESULT: {}
COMMAND: GET /session/c3abc88c4085a1d56746dc5a5008fa37/screenshot - {}
RESULT: {}
RESULT: {}
COMMAND: POST /session/c3abc88c4085a1d56746dc5a5008fa37/execute/async - {"script":"<script> [1562 bytes]","args":[{"selector":{"controlType":"sap.m.ComboBox","viewName":"reusables.view.manageresources.NewResourceUnit","viewId":"application-manageresources-display-component---newResourceUnit","bindingPath":{"path":"","propertyPath":"/RuTypes","modelName":"catalogModel"},"searchOpenDialogs":true},"wdio_ui5_key":"reusablesview.manageresources.NewResourceUnitsap.m.ComboBox{\"path\":\"\",\"propertyPath\":\"/RuTypes\",\"modelName\":\"catalogModel\"}"}]}
RESULT: {"script":"<script> [1562 bytes]","args":[{"selector":{"controlType":"sap.m.ComboBox","viewName":"reusables.view.manageresources.NewResourceUnit","viewId":"application-manageresources-display-component---newResourceUnit","bindingPath":{"path":"","propertyPath":"/RuTypes","modelName":"catalogModel"},"searchOpenDialogs":true},"wdio_ui5_key":"reusablesview.manageresources.NewResourceUnitsap.m.ComboBox{\"path\":\"\",\"propertyPath\":\"/RuTypes\",\"modelName\":\"catalogModel\"}"}]}
RESULT: undefined
COMMAND: POST /session/c3abc88c4085a1d56746dc5a5008fa37/execute/async - {"script":"<script> [1562 bytes]","args":[{"selector":{"controlType":"sap.m.ComboBox","viewName":"reusables.view.manageresources.NewResourceUnit","viewId":"application-manageresources-display-component---newResourceUnit","bindingPath":{"path":"","propertyPath":"/Yards","modelName":"catalogModel"},"searchOpenDialogs":true},"wdio_ui5_key":"reusablesview.manageresources.NewResourceUnitsap.m.ComboBox{\"path\":\"\",\"propertyPath\":\"/Yards\",\"modelName\":\"catalogModel\"}"}]}
RESULT: {"script":"<script> [1562 bytes]","args":[{"selector":{"controlType":"sap.m.ComboBox","viewName":"reusables.view.manageresources.NewResourceUnit","viewId":"application-manageresources-display-component---newResourceUnit","bindingPath":{"path":"","propertyPath":"/Yards","modelName":"catalogModel"},"searchOpenDialogs":true},"wdio_ui5_key":"reusablesview.manageresources.NewResourceUnitsap.m.ComboBox{\"path\":\"\",\"propertyPath\":\"/Yards\",\"modelName\":\"catalogModel\"}"}]}
RESULT: undefined
COMMAND: POST /session/c3abc88c4085a1d56746dc5a5008fa37/execute/async - {"script":"<script> [1562 bytes]","args":[{"selector":{"controlType":"etm.portal.ui.reusables.customControls.LiveSearchComboBox","viewName":"reusables.view.manageresources.NewResourceUnit","viewId":"application-manageresources-display-component---newResourceUnit","bindingPath":{"path":"","propertyPath":"/CatalogItems","modelName":"catalogModel"},"searchOpenDialogs":true},"wdio_ui5_key":"reusablesview.manageresources.NewResourceUnitetm.portal.ui.reusables.customControls.LiveSearchComboBox{\"path\":\"\",\"propertyPath\":\"/CatalogItems\",\"modelName\":\"catalogModel\"}"}]}
RESULT: {"script":"<script> [1562 bytes]","args":[{"selector":{"controlType":"etm.portal.ui.reusables.customControls.LiveSearchComboBox","viewName":"reusables.view.manageresources.NewResourceUnit","viewId":"application-manageresources-display-component---newResourceUnit","bindingPath":{"path":"","propertyPath":"/CatalogItems","modelName":"catalogModel"},"searchOpenDialogs":true},"wdio_ui5_key":"reusablesview.manageresources.NewResourceUnitetm.portal.ui.reusables.customControls.LiveSearchComboBox{\"path\":\"\",\"propertyPath\":\"/CatalogItems\",\"modelName\":\"catalogModel\"}"}]}
RESULT: undefined
COMMAND: POST /session/c3abc88c4085a1d56746dc5a5008fa37/element - {"using":"xpath","value":"//bdi[text()=\"OK\"]"}
RESULT: {"using":"xpath","value":"//bdi[text()=\"OK\"]"}
COMMAND: POST /session/c3abc88c4085a1d56746dc5a5008fa37/elements - {"using":"xpath","value":"//bdi[text()=\"OK\"]"}
RESULT: {"using":"xpath","value":"//bdi[text()=\"OK\"]"}
COMMAND: POST /session/c3abc88c4085a1d56746dc5a5008fa37/elements - {"using":"xpath","value":"//bdi[text()=\"OK\"]"}
RESULT: {"using":"xpath","value":"//bdi[text()=\"OK\"]"}
COMMAND: POST /session/c3abc88c4085a1d56746dc5a5008fa37/elements - {"using":"xpath","value":"//bdi[text()=\"OK\"]"}
RESULT: {"using":"xpath","value":"//bdi[text()=\"OK\"]"}
COMMAND: POST /session/c3abc88c4085a1d56746dc5a5008fa37/elements - {"using":"xpath","value":"//bdi[text()=\"OK\"]"}
RESULT: {"using":"xpath","value":"//bdi[text()=\"OK\"]"}
COMMAND: POST /session/c3abc88c4085a1d56746dc5a5008fa37/elements - {"using":"xpath","value":"//bdi[text()=\"OK\"]"}
RESULT: {"using":"xpath","value":"//bdi[text()=\"OK\"]"}
COMMAND: POST /session/c3abc88c4085a1d56746dc5a5008fa37/elements - {"using":"xpath","value":"//bdi[text()=\"OK\"]"}
RESULT: {"using":"xpath","value":"//bdi[text()=\"OK\"]"}
COMMAND: POST /session/c3abc88c4085a1d56746dc5a5008fa37/elements - {"using":"xpath","value":"//bdi[text()=\"OK\"]"}
RESULT: {"using":"xpath","value":"//bdi[text()=\"OK\"]"}
COMMAND: POST /session/c3abc88c4085a1d56746dc5a5008fa37/elements - {"using":"xpath","value":"//bdi[text()=\"OK\"]"}
RESULT: {"using":"xpath","value":"//bdi[text()=\"OK\"]"}
COMMAND: POST /session/c3abc88c4085a1d56746dc5a5008fa37/elements - {"using":"xpath","value":"//bdi[text()=\"OK\"]"}
RESULT: {"using":"xpath","value":"//bdi[text()=\"OK\"]"}
COMMAND: POST /session/c3abc88c4085a1d56746dc5a5008fa37/elements - {"using":"xpath","value":"//bdi[text()=\"OK\"]"}
RESULT: {"using":"xpath","value":"//bdi[text()=\"OK\"]"}
COMMAND: POST /session/c3abc88c4085a1d56746dc5a5008fa37/elements - {"using":"xpath","value":"//bdi[text()=\"OK\"]"}
RESULT: {"using":"xpath","value":"//bdi[text()=\"OK\"]"}
COMMAND: POST /session/c3abc88c4085a1d56746dc5a5008fa37/elements - {"using":"xpath","value":"//bdi[text()=\"OK\"]"}
RESULT: {"using":"xpath","value":"//bdi[text()=\"OK\"]"}
COMMAND: POST /session/c3abc88c4085a1d56746dc5a5008fa37/elements - {"using":"xpath","value":"//bdi[text()=\"OK\"]"}
RESULT: {"using":"xpath","value":"//bdi[text()=\"OK\"]"}
COMMAND: POST /session/c3abc88c4085a1d56746dc5a5008fa37/elements - {"using":"xpath","value":"//bdi[text()=\"OK\"]"}
RESULT: {"using":"xpath","value":"//bdi[text()=\"OK\"]"}
COMMAND: POST /session/c3abc88c4085a1d56746dc5a5008fa37/elements - {"using":"xpath","value":"//bdi[text()=\"OK\"]"}
RESULT: {"using":"xpath","value":"//bdi[text()=\"OK\"]"}
COMMAND: POST /session/c3abc88c4085a1d56746dc5a5008fa37/elements - {"using":"xpath","value":"//bdi[text()=\"OK\"]"}
RESULT: {"using":"xpath","value":"//bdi[text()=\"OK\"]"}
COMMAND: POST /session/c3abc88c4085a1d56746dc5a5008fa37/elements - {"using":"xpath","value":"//bdi[text()=\"OK\"]"}
RESULT: {"using":"xpath","value":"//bdi[text()=\"OK\"]"}
COMMAND: POST /session/c3abc88c4085a1d56746dc5a5008fa37/elements - {"using":"xpath","value":"//bdi[text()=\"OK\"]"}
RESULT: {"using":"xpath","value":"//bdi[text()=\"OK\"]"}
COMMAND: POST /session/c3abc88c4085a1d56746dc5a5008fa37/elements - {"using":"xpath","value":"//bdi[text()=\"OK\"]"}
RESULT: {"using":"xpath","value":"//bdi[text()=\"OK\"]"}
COMMAND: POST /session/c3abc88c4085a1d56746dc5a5008fa37/elements - {"using":"xpath","value":"//bdi[text()=\"OK\"]"}
RESULT: {"using":"xpath","value":"//bdi[text()=\"OK\"]"}
COMMAND: POST /session/c3abc88c4085a1d56746dc5a5008fa37/elements - {"using":"xpath","value":"//bdi[text()=\"OK\"]"}
RESULT: {"using":"xpath","value":"//bdi[text()=\"OK\"]"}
COMMAND: POST /session/c3abc88c4085a1d56746dc5a5008fa37/elements - {"using":"xpath","value":"//bdi[text()=\"OK\"]"}
RESULT: {"using":"xpath","value":"//bdi[text()=\"OK\"]"}
COMMAND: POST /session/c3abc88c4085a1d56746dc5a5008fa37/elements - {"using":"xpath","value":"//bdi[text()=\"OK\"]"}
RESULT: {"using":"xpath","value":"//bdi[text()=\"OK\"]"}
COMMAND: POST /session/c3abc88c4085a1d56746dc5a5008fa37/elements - {"using":"xpath","value":"//bdi[text()=\"OK\"]"}
RESULT: {"using":"xpath","value":"//bdi[text()=\"OK\"]"}
COMMAND: POST /session/c3abc88c4085a1d56746dc5a5008fa37/elements - {"using":"xpath","value":"//bdi[text()=\"OK\"]"}
RESULT: {"using":"xpath","value":"//bdi[text()=\"OK\"]"}
COMMAND: POST /session/c3abc88c4085a1d56746dc5a5008fa37/elements - {"using":"xpath","value":"//bdi[text()=\"OK\"]"}
RESULT: {"using":"xpath","value":"//bdi[text()=\"OK\"]"}
COMMAND: POST /session/c3abc88c4085a1d56746dc5a5008fa37/elements - {"using":"xpath","value":"//bdi[text()=\"OK\"]"}
RESULT: {"using":"xpath","value":"//bdi[text()=\"OK\"]"}
COMMAND: POST /session/c3abc88c4085a1d56746dc5a5008fa37/elements - {"using":"xpath","value":"//bdi[text()=\"OK\"]"}
RESULT: {"using":"xpath","value":"//bdi[text()=\"OK\"]"}
COMMAND: POST /session/c3abc88c4085a1d56746dc5a5008fa37/elements - {"using":"xpath","value":"//bdi[text()=\"OK\"]"}
RESULT: {"using":"xpath","value":"//bdi[text()=\"OK\"]"}
COMMAND: POST /session/c3abc88c4085a1d56746dc5a5008fa37/elements - {"using":"xpath","value":"//bdi[text()=\"OK\"]"}
RESULT: {"using":"xpath","value":"//bdi[text()=\"OK\"]"}
COMMAND: POST /session/c3abc88c4085a1d56746dc5a5008fa37/elements - {"using":"xpath","value":"//bdi[text()=\"OK\"]"}
RESULT: {"using":"xpath","value":"//bdi[text()=\"OK\"]"}
COMMAND: POST /session/c3abc88c4085a1d56746dc5a5008fa37/elements - {"using":"xpath","value":"//bdi[text()=\"OK\"]"}
RESULT: {"using":"xpath","value":"//bdi[text()=\"OK\"]"}
COMMAND: POST /session/c3abc88c4085a1d56746dc5a5008fa37/elements - {"using":"xpath","value":"//bdi[text()=\"OK\"]"}
RESULT: {"using":"xpath","value":"//bdi[text()=\"OK\"]"}
COMMAND: POST /session/c3abc88c4085a1d56746dc5a5008fa37/elements - {"using":"xpath","value":"//bdi[text()=\"OK\"]"}
RESULT: {"using":"xpath","value":"//bdi[text()=\"OK\"]"}
COMMAND: POST /session/c3abc88c4085a1d56746dc5a5008fa37/elements - {"using":"xpath","value":"//bdi[text()=\"OK\"]"}
RESULT: {"using":"xpath","value":"//bdi[text()=\"OK\"]"}
COMMAND: POST /session/c3abc88c4085a1d56746dc5a5008fa37/elements - {"using":"xpath","value":"//bdi[text()=\"OK\"]"}
RESULT: {"using":"xpath","value":"//bdi[text()=\"OK\"]"}
COMMAND: POST /session/c3abc88c4085a1d56746dc5a5008fa37/elements - {"using":"xpath","value":"//bdi[text()=\"OK\"]"}
RESULT: {"using":"xpath","value":"//bdi[text()=\"OK\"]"}
COMMAND: POST /session/c3abc88c4085a1d56746dc5a5008fa37/elements - {"using":"xpath","value":"//bdi[text()=\"OK\"]"}
RESULT: {"using":"xpath","value":"//bdi[text()=\"OK\"]"}
COMMAND: POST /session/c3abc88c4085a1d56746dc5a5008fa37/elements - {"using":"xpath","value":"//bdi[text()=\"OK\"]"}
RESULT: {"using":"xpath","value":"//bdi[text()=\"OK\"]"}
COMMAND: POST /session/c3abc88c4085a1d56746dc5a5008fa37/elements - {"using":"xpath","value":"//bdi[text()=\"OK\"]"}
RESULT: {"using":"xpath","value":"//bdi[text()=\"OK\"]"}
COMMAND: POST /session/c3abc88c4085a1d56746dc5a5008fa37/elements - {"using":"xpath","value":"//bdi[text()=\"OK\"]"}
RESULT: {"using":"xpath","value":"//bdi[text()=\"OK\"]"}
COMMAND: POST /session/c3abc88c4085a1d56746dc5a5008fa37/elements - {"using":"xpath","value":"//bdi[text()=\"OK\"]"}
RESULT: {"using":"xpath","value":"//bdi[text()=\"OK\"]"}
COMMAND: POST /session/c3abc88c4085a1d56746dc5a5008fa37/elements - {"using":"xpath","value":"//bdi[text()=\"OK\"]"}
RESULT: {"using":"xpath","value":"//bdi[text()=\"OK\"]"}
COMMAND: POST /session/c3abc88c4085a1d56746dc5a5008fa37/elements - {"using":"xpath","value":"//bdi[text()=\"OK\"]"}
RESULT: {"using":"xpath","value":"//bdi[text()=\"OK\"]"}
COMMAND: POST /session/c3abc88c4085a1d56746dc5a5008fa37/elements - {"using":"xpath","value":"//bdi[text()=\"OK\"]"}
RESULT: {"using":"xpath","value":"//bdi[text()=\"OK\"]"}
COMMAND: POST /session/c3abc88c4085a1d56746dc5a5008fa37/elements - {"using":"xpath","value":"//bdi[text()=\"OK\"]"}
RESULT: {"using":"xpath","value":"//bdi[text()=\"OK\"]"}
COMMAND: POST /session/c3abc88c4085a1d56746dc5a5008fa37/elements - {"using":"xpath","value":"//bdi[text()=\"OK\"]"}
RESULT: {"using":"xpath","value":"//bdi[text()=\"OK\"]"}
COMMAND: POST /session/c3abc88c4085a1d56746dc5a5008fa37/elements - {"using":"xpath","value":"//bdi[text()=\"OK\"]"}
RESULT: {"using":"xpath","value":"//bdi[text()=\"OK\"]"}
COMMAND: POST /session/c3abc88c4085a1d56746dc5a5008fa37/elements - {"using":"xpath","value":"//bdi[text()=\"OK\"]"}
RESULT: {"using":"xpath","value":"//bdi[text()=\"OK\"]"}
COMMAND: POST /session/c3abc88c4085a1d56746dc5a5008fa37/elements - {"using":"xpath","value":"//bdi[text()=\"OK\"]"}
RESULT: {"using":"xpath","value":"//bdi[text()=\"OK\"]"}
COMMAND: POST /session/c3abc88c4085a1d56746dc5a5008fa37/elements - {"using":"xpath","value":"//bdi[text()=\"OK\"]"}
RESULT: {"using":"xpath","value":"//bdi[text()=\"OK\"]"}
COMMAND: POST /session/c3abc88c4085a1d56746dc5a5008fa37/elements - {"using":"xpath","value":"//bdi[text()=\"OK\"]"}
RESULT: {"using":"xpath","value":"//bdi[text()=\"OK\"]"}
COMMAND: POST /session/c3abc88c4085a1d56746dc5a5008fa37/elements - {"using":"xpath","value":"//bdi[text()=\"OK\"]"}
RESULT: {"using":"xpath","value":"//bdi[text()=\"OK\"]"}
COMMAND: POST /session/c3abc88c4085a1d56746dc5a5008fa37/elements - {"using":"xpath","value":"//bdi[text()=\"OK\"]"}
RESULT: {"using":"xpath","value":"//bdi[text()=\"OK\"]"}
COMMAND: POST /session/c3abc88c4085a1d56746dc5a5008fa37/elements - {"using":"xpath","value":"//bdi[text()=\"OK\"]"}
RESULT: {"using":"xpath","value":"//bdi[text()=\"OK\"]"}
COMMAND: POST /session/c3abc88c4085a1d56746dc5a5008fa37/elements - {"using":"xpath","value":"//bdi[text()=\"OK\"]"}
RESULT: {"using":"xpath","value":"//bdi[text()=\"OK\"]"}
COMMAND: POST /session/c3abc88c4085a1d56746dc5a5008fa37/elements - {"using":"xpath","value":"//bdi[text()=\"OK\"]"}
RESULT: {"using":"xpath","value":"//bdi[text()=\"OK\"]"}
COMMAND: POST /session/c3abc88c4085a1d56746dc5a5008fa37/elements - {"using":"xpath","value":"//bdi[text()=\"OK\"]"}
RESULT: {"using":"xpath","value":"//bdi[text()=\"OK\"]"}
COMMAND: POST /session/c3abc88c4085a1d56746dc5a5008fa37/elements - {"using":"xpath","value":"//bdi[text()=\"OK\"]"}
RESULT: {"using":"xpath","value":"//bdi[text()=\"OK\"]"}
COMMAND: POST /session/c3abc88c4085a1d56746dc5a5008fa37/elements - {"using":"xpath","value":"//bdi[text()=\"OK\"]"}
RESULT: {"using":"xpath","value":"//bdi[text()=\"OK\"]"}
COMMAND: POST /session/c3abc88c4085a1d56746dc5a5008fa37/elements - {"using":"xpath","value":"//bdi[text()=\"OK\"]"}
RESULT: {"using":"xpath","value":"//bdi[text()=\"OK\"]"}
COMMAND: POST /session/c3abc88c4085a1d56746dc5a5008fa37/elements - {"using":"xpath","value":"//bdi[text()=\"OK\"]"}
RESULT: {"using":"xpath","value":"//bdi[text()=\"OK\"]"}
COMMAND: POST /session/c3abc88c4085a1d56746dc5a5008fa37/elements - {"using":"xpath","value":"//bdi[text()=\"OK\"]"}
RESULT: {"using":"xpath","value":"//bdi[text()=\"OK\"]"}
COMMAND: POST /session/c3abc88c4085a1d56746dc5a5008fa37/elements - {"using":"xpath","value":"//bdi[text()=\"OK\"]"}
RESULT: {"using":"xpath","value":"//bdi[text()=\"OK\"]"}
COMMAND: POST /session/c3abc88c4085a1d56746dc5a5008fa37/elements - {"using":"xpath","value":"//bdi[text()=\"OK\"]"}
RESULT: {"using":"xpath","value":"//bdi[text()=\"OK\"]"}
COMMAND: POST /session/c3abc88c4085a1d56746dc5a5008fa37/elements - {"using":"xpath","value":"//bdi[text()=\"OK\"]"}
RESULT: {"using":"xpath","value":"//bdi[text()=\"OK\"]"}
COMMAND: POST /session/c3abc88c4085a1d56746dc5a5008fa37/elements - {"using":"xpath","value":"//bdi[text()=\"OK\"]"}
RESULT: {"using":"xpath","value":"//bdi[text()=\"OK\"]"}
COMMAND: POST /session/c3abc88c4085a1d56746dc5a5008fa37/elements - {"using":"xpath","value":"//bdi[text()=\"OK\"]"}
RESULT: {"using":"xpath","value":"//bdi[text()=\"OK\"]"}
COMMAND: POST /session/c3abc88c4085a1d56746dc5a5008fa37/elements - {"using":"xpath","value":"//bdi[text()=\"OK\"]"}
RESULT: {"using":"xpath","value":"//bdi[text()=\"OK\"]"}
COMMAND: POST /session/c3abc88c4085a1d56746dc5a5008fa37/elements - {"using":"xpath","value":"//bdi[text()=\"OK\"]"}
RESULT: {"using":"xpath","value":"//bdi[text()=\"OK\"]"}
COMMAND: POST /session/c3abc88c4085a1d56746dc5a5008fa37/elements - {"using":"xpath","value":"//bdi[text()=\"OK\"]"}
RESULT: {"using":"xpath","value":"//bdi[text()=\"OK\"]"}
COMMAND: POST /session/c3abc88c4085a1d56746dc5a5008fa37/elements - {"using":"xpath","value":"//bdi[text()=\"OK\"]"}
RESULT: {"using":"xpath","value":"//bdi[text()=\"OK\"]"}
COMMAND: POST /session/c3abc88c4085a1d56746dc5a5008fa37/elements - {"using":"xpath","value":"//bdi[text()=\"OK\"]"}
RESULT: {"using":"xpath","value":"//bdi[text()=\"OK\"]"}
COMMAND: POST /session/c3abc88c4085a1d56746dc5a5008fa37/elements - {"using":"xpath","value":"//bdi[text()=\"OK\"]"}
RESULT: {"using":"xpath","value":"//bdi[text()=\"OK\"]"}
COMMAND: POST /session/c3abc88c4085a1d56746dc5a5008fa37/elements - {"using":"xpath","value":"//bdi[text()=\"OK\"]"}
RESULT: {"using":"xpath","value":"//bdi[text()=\"OK\"]"}
COMMAND: POST /session/c3abc88c4085a1d56746dc5a5008fa37/elements - {"using":"xpath","value":"//bdi[text()=\"OK\"]"}
RESULT: {"using":"xpath","value":"//bdi[text()=\"OK\"]"}
COMMAND: POST /session/c3abc88c4085a1d56746dc5a5008fa37/elements - {"using":"xpath","value":"//bdi[text()=\"OK\"]"}
RESULT: {"using":"xpath","value":"//bdi[text()=\"OK\"]"}
COMMAND: POST /session/c3abc88c4085a1d56746dc5a5008fa37/elements - {"using":"xpath","value":"//bdi[text()=\"OK\"]"}
RESULT: {"using":"xpath","value":"//bdi[text()=\"OK\"]"}
COMMAND: POST /session/c3abc88c4085a1d56746dc5a5008fa37/elements - {"using":"xpath","value":"//bdi[text()=\"OK\"]"}
RESULT: {"using":"xpath","value":"//bdi[text()=\"OK\"]"}
COMMAND: POST /session/c3abc88c4085a1d56746dc5a5008fa37/elements - {"using":"xpath","value":"//bdi[text()=\"OK\"]"}
RESULT: {"using":"xpath","value":"//bdi[text()=\"OK\"]"}
COMMAND: POST /session/c3abc88c4085a1d56746dc5a5008fa37/elements - {"using":"xpath","value":"//bdi[text()=\"OK\"]"}
RESULT: {"using":"xpath","value":"//bdi[text()=\"OK\"]"}
COMMAND: POST /session/c3abc88c4085a1d56746dc5a5008fa37/elements - {"using":"xpath","value":"//bdi[text()=\"OK\"]"}
RESULT: {"using":"xpath","value":"//bdi[text()=\"OK\"]"}
COMMAND: POST /session/c3abc88c4085a1d56746dc5a5008fa37/elements - {"using":"xpath","value":"//bdi[text()=\"OK\"]"}
RESULT: {"using":"xpath","value":"//bdi[text()=\"OK\"]"}
COMMAND: POST /session/c3abc88c4085a1d56746dc5a5008fa37/elements - {"using":"xpath","value":"//bdi[text()=\"OK\"]"}
RESULT: {"using":"xpath","value":"//bdi[text()=\"OK\"]"}
COMMAND: POST /session/c3abc88c4085a1d56746dc5a5008fa37/elements - {"using":"xpath","value":"//bdi[text()=\"OK\"]"}
RESULT: {"using":"xpath","value":"//bdi[text()=\"OK\"]"}
COMMAND: POST /session/c3abc88c4085a1d56746dc5a5008fa37/elements - {"using":"xpath","value":"//bdi[text()=\"OK\"]"}
RESULT: {"using":"xpath","value":"//bdi[text()=\"OK\"]"}
COMMAND: POST /session/c3abc88c4085a1d56746dc5a5008fa37/elements - {"using":"xpath","value":"//bdi[text()=\"OK\"]"}
RESULT: {"using":"xpath","value":"//bdi[text()=\"OK\"]"}
COMMAND: POST /session/c3abc88c4085a1d56746dc5a5008fa37/elements - {"using":"xpath","value":"//bdi[text()=\"OK\"]"}
RESULT: {"using":"xpath","value":"//bdi[text()=\"OK\"]"}
COMMAND: POST /session/c3abc88c4085a1d56746dc5a5008fa37/elements - {"using":"xpath","value":"//bdi[text()=\"OK\"]"}
RESULT: {"using":"xpath","value":"//bdi[text()=\"OK\"]"}
COMMAND: POST /session/c3abc88c4085a1d56746dc5a5008fa37/elements - {"using":"xpath","value":"//bdi[text()=\"OK\"]"}
RESULT: {"using":"xpath","value":"//bdi[text()=\"OK\"]"}
COMMAND: POST /session/c3abc88c4085a1d56746dc5a5008fa37/elements - {"using":"xpath","value":"//bdi[text()=\"OK\"]"}
RESULT: {"using":"xpath","value":"//bdi[text()=\"OK\"]"}
COMMAND: POST /session/c3abc88c4085a1d56746dc5a5008fa37/elements - {"using":"xpath","value":"//bdi[text()=\"OK\"]"}
RESULT: {"using":"xpath","value":"//bdi[text()=\"OK\"]"}
COMMAND: POST /session/c3abc88c4085a1d56746dc5a5008fa37/elements - {"using":"xpath","value":"//bdi[text()=\"OK\"]"}
RESULT: {"using":"xpath","value":"//bdi[text()=\"OK\"]"}
COMMAND: POST /session/c3abc88c4085a1d56746dc5a5008fa37/elements - {"using":"xpath","value":"//bdi[text()=\"OK\"]"}
RESULT: {"using":"xpath","value":"//bdi[text()=\"OK\"]"}
COMMAND: POST /session/c3abc88c4085a1d56746dc5a5008fa37/elements - {"using":"xpath","value":"//bdi[text()=\"OK\"]"}
RESULT: {"using":"xpath","value":"//bdi[text()=\"OK\"]"}
COMMAND: POST /session/c3abc88c4085a1d56746dc5a5008fa37/elements - {"using":"xpath","value":"//bdi[text()=\"OK\"]"}
RESULT: {"using":"xpath","value":"//bdi[text()=\"OK\"]"}
COMMAND: POST /session/c3abc88c4085a1d56746dc5a5008fa37/elements - {"using":"xpath","value":"//bdi[text()=\"OK\"]"}
RESULT: {"using":"xpath","value":"//bdi[text()=\"OK\"]"}
COMMAND: POST /session/c3abc88c4085a1d56746dc5a5008fa37/elements - {"using":"xpath","value":"//bdi[text()=\"OK\"]"}
RESULT: {"using":"xpath","value":"//bdi[text()=\"OK\"]"}
COMMAND: POST /session/c3abc88c4085a1d56746dc5a5008fa37/elements - {"using":"xpath","value":"//bdi[text()=\"OK\"]"}
RESULT: {"using":"xpath","value":"//bdi[text()=\"OK\"]"}
COMMAND: POST /session/c3abc88c4085a1d56746dc5a5008fa37/elements - {"using":"xpath","value":"//bdi[text()=\"OK\"]"}
RESULT: {"using":"xpath","value":"//bdi[text()=\"OK\"]"}
COMMAND: POST /session/c3abc88c4085a1d56746dc5a5008fa37/elements - {"using":"xpath","value":"//bdi[text()=\"OK\"]"}
RESULT: {"using":"xpath","value":"//bdi[text()=\"OK\"]"}
COMMAND: POST /session/c3abc88c4085a1d56746dc5a5008fa37/elements - {"using":"xpath","value":"//bdi[text()=\"OK\"]"}
RESULT: {"using":"xpath","value":"//bdi[text()=\"OK\"]"}
COMMAND: POST /session/c3abc88c4085a1d56746dc5a5008fa37/elements - {"using":"xpath","value":"//bdi[text()=\"OK\"]"}
RESULT: {"using":"xpath","value":"//bdi[text()=\"OK\"]"}
COMMAND: POST /session/c3abc88c4085a1d56746dc5a5008fa37/elements - {"using":"xpath","value":"//bdi[text()=\"OK\"]"}
RESULT: {"using":"xpath","value":"//bdi[text()=\"OK\"]"}
COMMAND: POST /session/c3abc88c4085a1d56746dc5a5008fa37/elements - {"using":"xpath","value":"//bdi[text()=\"OK\"]"}
RESULT: {"using":"xpath","value":"//bdi[text()=\"OK\"]"}
COMMAND: POST /session/c3abc88c4085a1d56746dc5a5008fa37/elements - {"using":"xpath","value":"//bdi[text()=\"OK\"]"}
RESULT: {"using":"xpath","value":"//bdi[text()=\"OK\"]"}
COMMAND: POST /session/c3abc88c4085a1d56746dc5a5008fa37/elements - {"using":"xpath","value":"//bdi[text()=\"OK\"]"}
RESULT: {"using":"xpath","value":"//bdi[text()=\"OK\"]"}
COMMAND: POST /session/c3abc88c4085a1d56746dc5a5008fa37/elements - {"using":"xpath","value":"//bdi[text()=\"OK\"]"}
RESULT: {"using":"xpath","value":"//bdi[text()=\"OK\"]"}
COMMAND: POST /session/c3abc88c4085a1d56746dc5a5008fa37/elements - {"using":"xpath","value":"//bdi[text()=\"OK\"]"}
RESULT: {"using":"xpath","value":"//bdi[text()=\"OK\"]"}
COMMAND: POST /session/c3abc88c4085a1d56746dc5a5008fa37/elements - {"using":"xpath","value":"//bdi[text()=\"OK\"]"}
RESULT: {"using":"xpath","value":"//bdi[text()=\"OK\"]"}
COMMAND: POST /session/c3abc88c4085a1d56746dc5a5008fa37/elements - {"using":"xpath","value":"//bdi[text()=\"OK\"]"}
RESULT: {"using":"xpath","value":"//bdi[text()=\"OK\"]"}
COMMAND: POST /session/c3abc88c4085a1d56746dc5a5008fa37/elements - {"using":"xpath","value":"//bdi[text()=\"OK\"]"}
RESULT: {"using":"xpath","value":"//bdi[text()=\"OK\"]"}
COMMAND: POST /session/c3abc88c4085a1d56746dc5a5008fa37/elements - {"using":"xpath","value":"//bdi[text()=\"OK\"]"}
RESULT: {"using":"xpath","value":"//bdi[text()=\"OK\"]"}
COMMAND: POST /session/c3abc88c4085a1d56746dc5a5008fa37/elements - {"using":"xpath","value":"//bdi[text()=\"OK\"]"}
RESULT: {"using":"xpath","value":"//bdi[text()=\"OK\"]"}
COMMAND: POST /session/c3abc88c4085a1d56746dc5a5008fa37/elements - {"using":"xpath","value":"//bdi[text()=\"OK\"]"}
RESULT: {"using":"xpath","value":"//bdi[text()=\"OK\"]"}
COMMAND: POST /session/c3abc88c4085a1d56746dc5a5008fa37/elements - {"using":"xpath","value":"//bdi[text()=\"OK\"]"}
RESULT: {"using":"xpath","value":"//bdi[text()=\"OK\"]"}
COMMAND: POST /session/c3abc88c4085a1d56746dc5a5008fa37/elements - {"using":"xpath","value":"//bdi[text()=\"OK\"]"}
RESULT: {"using":"xpath","value":"//bdi[text()=\"OK\"]"}
COMMAND: POST /session/c3abc88c4085a1d56746dc5a5008fa37/elements - {"using":"xpath","value":"//bdi[text()=\"OK\"]"}
RESULT: {"using":"xpath","value":"//bdi[text()=\"OK\"]"}
COMMAND: POST /session/c3abc88c4085a1d56746dc5a5008fa37/elements - {"using":"xpath","value":"//bdi[text()=\"OK\"]"}
RESULT: {"using":"xpath","value":"//bdi[text()=\"OK\"]"}
COMMAND: POST /session/c3abc88c4085a1d56746dc5a5008fa37/elements - {"using":"xpath","value":"//bdi[text()=\"OK\"]"}
RESULT: {"using":"xpath","value":"//bdi[text()=\"OK\"]"}
COMMAND: POST /session/c3abc88c4085a1d56746dc5a5008fa37/element - {"using":"xpath","value":"//bdi[text()=\"OK\"]"}
RESULT: {"using":"xpath","value":"//bdi[text()=\"OK\"]"}
COMMAND: POST /session/c3abc88c4085a1d56746dc5a5008fa37/elements - {"using":"xpath","value":"//bdi[text()=\"OK\"]"}
RESULT: {"using":"xpath","value":"//bdi[text()=\"OK\"]"}
COMMAND: POST /session/c3abc88c4085a1d56746dc5a5008fa37/elements - {"using":"xpath","value":"//bdi[text()=\"OK\"]"}
RESULT: {"using":"xpath","value":"//bdi[text()=\"OK\"]"}
COMMAND: POST /session/c3abc88c4085a1d56746dc5a5008fa37/elements - {"using":"xpath","value":"//bdi[text()=\"OK\"]"}
RESULT: {"using":"xpath","value":"//bdi[text()=\"OK\"]"}
COMMAND: POST /session/c3abc88c4085a1d56746dc5a5008fa37/elements - {"using":"xpath","value":"//bdi[text()=\"OK\"]"}
RESULT: {"using":"xpath","value":"//bdi[text()=\"OK\"]"}
COMMAND: POST /session/c3abc88c4085a1d56746dc5a5008fa37/elements - {"using":"xpath","value":"//bdi[text()=\"OK\"]"}
RESULT: {"using":"xpath","value":"//bdi[text()=\"OK\"]"}
COMMAND: POST /session/c3abc88c4085a1d56746dc5a5008fa37/elements - {"using":"xpath","value":"//bdi[text()=\"OK\"]"}
RESULT: {"using":"xpath","value":"//bdi[text()=\"OK\"]"}
COMMAND: POST /session/c3abc88c4085a1d56746dc5a5008fa37/elements - {"using":"xpath","value":"//bdi[text()=\"OK\"]"}
RESULT: {"using":"xpath","value":"//bdi[text()=\"OK\"]"}
COMMAND: POST /session/c3abc88c4085a1d56746dc5a5008fa37/elements - {"using":"xpath","value":"//bdi[text()=\"OK\"]"}
RESULT: {"using":"xpath","value":"//bdi[text()=\"OK\"]"}
COMMAND: POST /session/c3abc88c4085a1d56746dc5a5008fa37/elements - {"using":"xpath","value":"//bdi[text()=\"OK\"]"}
RESULT: {"using":"xpath","value":"//bdi[text()=\"OK\"]"}
COMMAND: POST /session/c3abc88c4085a1d56746dc5a5008fa37/elements - {"using":"xpath","value":"//bdi[text()=\"OK\"]"}
RESULT: {"using":"xpath","value":"//bdi[text()=\"OK\"]"}
COMMAND: POST /session/c3abc88c4085a1d56746dc5a5008fa37/elements - {"using":"xpath","value":"//bdi[text()=\"OK\"]"}
RESULT: {"using":"xpath","value":"//bdi[text()=\"OK\"]"}
COMMAND: POST /session/c3abc88c4085a1d56746dc5a5008fa37/elements - {"using":"xpath","value":"//bdi[text()=\"OK\"]"}
RESULT: {"using":"xpath","value":"//bdi[text()=\"OK\"]"}
COMMAND: POST /session/c3abc88c4085a1d56746dc5a5008fa37/elements - {"using":"xpath","value":"//bdi[text()=\"OK\"]"}
RESULT: {"using":"xpath","value":"//bdi[text()=\"OK\"]"}
COMMAND: POST /session/c3abc88c4085a1d56746dc5a5008fa37/elements - {"using":"xpath","value":"//bdi[text()=\"OK\"]"}
RESULT: {"using":"xpath","value":"//bdi[text()=\"OK\"]"}
COMMAND: POST /session/c3abc88c4085a1d56746dc5a5008fa37/elements - {"using":"xpath","value":"//bdi[text()=\"OK\"]"}
RESULT: {"using":"xpath","value":"//bdi[text()=\"OK\"]"}
COMMAND: POST /session/c3abc88c4085a1d56746dc5a5008fa37/elements - {"using":"xpath","value":"//bdi[text()=\"OK\"]"}
RESULT: {"using":"xpath","value":"//bdi[text()=\"OK\"]"}
COMMAND: POST /session/c3abc88c4085a1d56746dc5a5008fa37/elements - {"using":"xpath","value":"//bdi[text()=\"OK\"]"}
RESULT: {"using":"xpath","value":"//bdi[text()=\"OK\"]"}
COMMAND: POST /session/c3abc88c4085a1d56746dc5a5008fa37/elements - {"using":"xpath","value":"//bdi[text()=\"OK\"]"}
RESULT: {"using":"xpath","value":"//bdi[text()=\"OK\"]"}
COMMAND: POST /session/c3abc88c4085a1d56746dc5a5008fa37/elements - {"using":"xpath","value":"//bdi[text()=\"OK\"]"}
RESULT: {"using":"xpath","value":"//bdi[text()=\"OK\"]"}
COMMAND: POST /session/c3abc88c4085a1d56746dc5a5008fa37/elements - {"using":"xpath","value":"//bdi[text()=\"OK\"]"}
RESULT: {"using":"xpath","value":"//bdi[text()=\"OK\"]"}
COMMAND: POST /session/c3abc88c4085a1d56746dc5a5008fa37/elements - {"using":"xpath","value":"//bdi[text()=\"OK\"]"}
RESULT: {"using":"xpath","value":"//bdi[text()=\"OK\"]"}
COMMAND: POST /session/c3abc88c4085a1d56746dc5a5008fa37/elements - {"using":"xpath","value":"//bdi[text()=\"OK\"]"}
RESULT: {"using":"xpath","value":"//bdi[text()=\"OK\"]"}
COMMAND: POST /session/c3abc88c4085a1d56746dc5a5008fa37/elements - {"using":"xpath","value":"//bdi[text()=\"OK\"]"}
RESULT: {"using":"xpath","value":"//bdi[text()=\"OK\"]"}
COMMAND: POST /session/c3abc88c4085a1d56746dc5a5008fa37/elements - {"using":"xpath","value":"//bdi[text()=\"OK\"]"}
RESULT: {"using":"xpath","value":"//bdi[text()=\"OK\"]"}
COMMAND: POST /session/c3abc88c4085a1d56746dc5a5008fa37/elements - {"using":"xpath","value":"//bdi[text()=\"OK\"]"}
RESULT: {"using":"xpath","value":"//bdi[text()=\"OK\"]"}
COMMAND: POST /session/c3abc88c4085a1d56746dc5a5008fa37/elements - {"using":"xpath","value":"//bdi[text()=\"OK\"]"}
RESULT: {"using":"xpath","value":"//bdi[text()=\"OK\"]"}
COMMAND: POST /session/c3abc88c4085a1d56746dc5a5008fa37/elements - {"using":"xpath","value":"//bdi[text()=\"OK\"]"}
RESULT: {"using":"xpath","value":"//bdi[text()=\"OK\"]"}
COMMAND: POST /session/c3abc88c4085a1d56746dc5a5008fa37/elements - {"using":"xpath","value":"//bdi[text()=\"OK\"]"}
RESULT: {"using":"xpath","value":"//bdi[text()=\"OK\"]"}
COMMAND: POST /session/c3abc88c4085a1d56746dc5a5008fa37/elements - {"using":"xpath","value":"//bdi[text()=\"OK\"]"}
RESULT: {"using":"xpath","value":"//bdi[text()=\"OK\"]"}
COMMAND: POST /session/c3abc88c4085a1d56746dc5a5008fa37/elements - {"using":"xpath","value":"//bdi[text()=\"OK\"]"}
RESULT: {"using":"xpath","value":"//bdi[text()=\"OK\"]"}
COMMAND: POST /session/c3abc88c4085a1d56746dc5a5008fa37/elements - {"using":"xpath","value":"//bdi[text()=\"OK\"]"}
RESULT: {"using":"xpath","value":"//bdi[text()=\"OK\"]"}
COMMAND: POST /session/c3abc88c4085a1d56746dc5a5008fa37/elements - {"using":"xpath","value":"//bdi[text()=\"OK\"]"}
RESULT: {"using":"xpath","value":"//bdi[text()=\"OK\"]"}
COMMAND: POST /session/c3abc88c4085a1d56746dc5a5008fa37/elements - {"using":"xpath","value":"//bdi[text()=\"OK\"]"}
RESULT: {"using":"xpath","value":"//bdi[text()=\"OK\"]"}
COMMAND: POST /session/c3abc88c4085a1d56746dc5a5008fa37/elements - {"using":"xpath","value":"//bdi[text()=\"OK\"]"}
RESULT: {"using":"xpath","value":"//bdi[text()=\"OK\"]"}
COMMAND: POST /session/c3abc88c4085a1d56746dc5a5008fa37/elements - {"using":"xpath","value":"//bdi[text()=\"OK\"]"}
RESULT: {"using":"xpath","value":"//bdi[text()=\"OK\"]"}
COMMAND: POST /session/c3abc88c4085a1d56746dc5a5008fa37/elements - {"using":"xpath","value":"//bdi[text()=\"OK\"]"}
RESULT: {"using":"xpath","value":"//bdi[text()=\"OK\"]"}
COMMAND: POST /session/c3abc88c4085a1d56746dc5a5008fa37/elements - {"using":"xpath","value":"//bdi[text()=\"OK\"]"}
RESULT: {"using":"xpath","value":"//bdi[text()=\"OK\"]"}
COMMAND: POST /session/c3abc88c4085a1d56746dc5a5008fa37/elements - {"using":"xpath","value":"//bdi[text()=\"OK\"]"}
RESULT: {"using":"xpath","value":"//bdi[text()=\"OK\"]"}
COMMAND: POST /session/c3abc88c4085a1d56746dc5a5008fa37/elements - {"using":"xpath","value":"//bdi[text()=\"OK\"]"}
RESULT: {"using":"xpath","value":"//bdi[text()=\"OK\"]"}
COMMAND: POST /session/c3abc88c4085a1d56746dc5a5008fa37/elements - {"using":"xpath","value":"//bdi[text()=\"OK\"]"}
RESULT: {"using":"xpath","value":"//bdi[text()=\"OK\"]"}
COMMAND: POST /session/c3abc88c4085a1d56746dc5a5008fa37/elements - {"using":"xpath","value":"//bdi[text()=\"OK\"]"}
RESULT: {"using":"xpath","value":"//bdi[text()=\"OK\"]"}
COMMAND: POST /session/c3abc88c4085a1d56746dc5a5008fa37/elements - {"using":"xpath","value":"//bdi[text()=\"OK\"]"}
RESULT: {"using":"xpath","value":"//bdi[text()=\"OK\"]"}
COMMAND: POST /session/c3abc88c4085a1d56746dc5a5008fa37/elements - {"using":"xpath","value":"//bdi[text()=\"OK\"]"}
RESULT: {"using":"xpath","value":"//bdi[text()=\"OK\"]"}
COMMAND: POST /session/c3abc88c4085a1d56746dc5a5008fa37/elements - {"using":"xpath","value":"//bdi[text()=\"OK\"]"}
RESULT: {"using":"xpath","value":"//bdi[text()=\"OK\"]"}
COMMAND: POST /session/c3abc88c4085a1d56746dc5a5008fa37/elements - {"using":"xpath","value":"//bdi[text()=\"OK\"]"}
RESULT: {"using":"xpath","value":"//bdi[text()=\"OK\"]"}
COMMAND: POST /session/c3abc88c4085a1d56746dc5a5008fa37/elements - {"using":"xpath","value":"//bdi[text()=\"OK\"]"}
RESULT: {"using":"xpath","value":"//bdi[text()=\"OK\"]"}
COMMAND: POST /session/c3abc88c4085a1d56746dc5a5008fa37/elements - {"using":"xpath","value":"//bdi[text()=\"OK\"]"}
RESULT: {"using":"xpath","value":"//bdi[text()=\"OK\"]"}
COMMAND: POST /session/c3abc88c4085a1d56746dc5a5008fa37/elements - {"using":"xpath","value":"//bdi[text()=\"OK\"]"}
RESULT: {"using":"xpath","value":"//bdi[text()=\"OK\"]"}
COMMAND: POST /session/c3abc88c4085a1d56746dc5a5008fa37/elements - {"using":"xpath","value":"//bdi[text()=\"OK\"]"}
RESULT: {"using":"xpath","value":"//bdi[text()=\"OK\"]"}
COMMAND: POST /session/c3abc88c4085a1d56746dc5a5008fa37/elements - {"using":"xpath","value":"//bdi[text()=\"OK\"]"}
RESULT: {"using":"xpath","value":"//bdi[text()=\"OK\"]"}
COMMAND: POST /session/c3abc88c4085a1d56746dc5a5008fa37/elements - {"using":"xpath","value":"//bdi[text()=\"OK\"]"}
RESULT: {"using":"xpath","value":"//bdi[text()=\"OK\"]"}
COMMAND: POST /session/c3abc88c4085a1d56746dc5a5008fa37/elements - {"using":"xpath","value":"//bdi[text()=\"OK\"]"}
RESULT: {"using":"xpath","value":"//bdi[text()=\"OK\"]"}
COMMAND: POST /session/c3abc88c4085a1d56746dc5a5008fa37/elements - {"using":"xpath","value":"//bdi[text()=\"OK\"]"}
RESULT: {"using":"xpath","value":"//bdi[text()=\"OK\"]"}
COMMAND: POST /session/c3abc88c4085a1d56746dc5a5008fa37/elements - {"using":"xpath","value":"//bdi[text()=\"OK\"]"}
RESULT: {"using":"xpath","value":"//bdi[text()=\"OK\"]"}
COMMAND: POST /session/c3abc88c4085a1d56746dc5a5008fa37/elements - {"using":"xpath","value":"//bdi[text()=\"OK\"]"}
RESULT: {"using":"xpath","value":"//bdi[text()=\"OK\"]"}
COMMAND: POST /session/c3abc88c4085a1d56746dc5a5008fa37/elements - {"using":"xpath","value":"//bdi[text()=\"OK\"]"}
RESULT: {"using":"xpath","value":"//bdi[text()=\"OK\"]"}
COMMAND: POST /session/c3abc88c4085a1d56746dc5a5008fa37/elements - {"using":"xpath","value":"//bdi[text()=\"OK\"]"}
RESULT: {"using":"xpath","value":"//bdi[text()=\"OK\"]"}
COMMAND: POST /session/c3abc88c4085a1d56746dc5a5008fa37/elements - {"using":"xpath","value":"//bdi[text()=\"OK\"]"}
RESULT: {"using":"xpath","value":"//bdi[text()=\"OK\"]"}
COMMAND: POST /session/c3abc88c4085a1d56746dc5a5008fa37/elements - {"using":"xpath","value":"//bdi[text()=\"OK\"]"}
RESULT: {"using":"xpath","value":"//bdi[text()=\"OK\"]"}
COMMAND: POST /session/c3abc88c4085a1d56746dc5a5008fa37/elements - {"using":"xpath","value":"//bdi[text()=\"OK\"]"}
RESULT: {"using":"xpath","value":"//bdi[text()=\"OK\"]"}
COMMAND: POST /session/c3abc88c4085a1d56746dc5a5008fa37/elements - {"using":"xpath","value":"//bdi[text()=\"OK\"]"}
RESULT: {"using":"xpath","value":"//bdi[text()=\"OK\"]"}
COMMAND: POST /session/c3abc88c4085a1d56746dc5a5008fa37/elements - {"using":"xpath","value":"//bdi[text()=\"OK\"]"}
RESULT: {"using":"xpath","value":"//bdi[text()=\"OK\"]"}
COMMAND: POST /session/c3abc88c4085a1d56746dc5a5008fa37/elements - {"using":"xpath","value":"//bdi[text()=\"OK\"]"}
RESULT: {"using":"xpath","value":"//bdi[text()=\"OK\"]"}
COMMAND: POST /session/c3abc88c4085a1d56746dc5a5008fa37/elements - {"using":"xpath","value":"//bdi[text()=\"OK\"]"}
RESULT: {"using":"xpath","value":"//bdi[text()=\"OK\"]"}
COMMAND: POST /session/c3abc88c4085a1d56746dc5a5008fa37/elements - {"using":"xpath","value":"//bdi[text()=\"OK\"]"}
RESULT: {"using":"xpath","value":"//bdi[text()=\"OK\"]"}
COMMAND: POST /session/c3abc88c4085a1d56746dc5a5008fa37/elements - {"using":"xpath","value":"//bdi[text()=\"OK\"]"}
RESULT: {"using":"xpath","value":"//bdi[text()=\"OK\"]"}
COMMAND: POST /session/c3abc88c4085a1d56746dc5a5008fa37/elements - {"using":"xpath","value":"//bdi[text()=\"OK\"]"}
RESULT: {"using":"xpath","value":"//bdi[text()=\"OK\"]"}
COMMAND: POST /session/c3abc88c4085a1d56746dc5a5008fa37/elements - {"using":"xpath","value":"//bdi[text()=\"OK\"]"}
RESULT: {"using":"xpath","value":"//bdi[text()=\"OK\"]"}
COMMAND: POST /session/c3abc88c4085a1d56746dc5a5008fa37/elements - {"using":"xpath","value":"//bdi[text()=\"OK\"]"}
RESULT: {"using":"xpath","value":"//bdi[text()=\"OK\"]"}
COMMAND: POST /session/c3abc88c4085a1d56746dc5a5008fa37/elements - {"using":"xpath","value":"//bdi[text()=\"OK\"]"}
RESULT: {"using":"xpath","value":"//bdi[text()=\"OK\"]"}
COMMAND: POST /session/c3abc88c4085a1d56746dc5a5008fa37/elements - {"using":"xpath","value":"//bdi[text()=\"OK\"]"}
RESULT: {"using":"xpath","value":"//bdi[text()=\"OK\"]"}
COMMAND: POST /session/c3abc88c4085a1d56746dc5a5008fa37/elements - {"using":"xpath","value":"//bdi[text()=\"OK\"]"}
RESULT: {"using":"xpath","value":"//bdi[text()=\"OK\"]"}
COMMAND: POST /session/c3abc88c4085a1d56746dc5a5008fa37/elements - {"using":"xpath","value":"//bdi[text()=\"OK\"]"}
RESULT: {"using":"xpath","value":"//bdi[text()=\"OK\"]"}
COMMAND: POST /session/c3abc88c4085a1d56746dc5a5008fa37/elements - {"using":"xpath","value":"//bdi[text()=\"OK\"]"}
RESULT: {"using":"xpath","value":"//bdi[text()=\"OK\"]"}
COMMAND: POST /session/c3abc88c4085a1d56746dc5a5008fa37/elements - {"using":"xpath","value":"//bdi[text()=\"OK\"]"}
RESULT: {"using":"xpath","value":"//bdi[text()=\"OK\"]"}
COMMAND: POST /session/c3abc88c4085a1d56746dc5a5008fa37/elements - {"using":"xpath","value":"//bdi[text()=\"OK\"]"}
RESULT: {"using":"xpath","value":"//bdi[text()=\"OK\"]"}
COMMAND: POST /session/c3abc88c4085a1d56746dc5a5008fa37/elements - {"using":"xpath","value":"//bdi[text()=\"OK\"]"}
RESULT: {"using":"xpath","value":"//bdi[text()=\"OK\"]"}
COMMAND: POST /session/c3abc88c4085a1d56746dc5a5008fa37/elements - {"using":"xpath","value":"//bdi[text()=\"OK\"]"}
RESULT: {"using":"xpath","value":"//bdi[text()=\"OK\"]"}
COMMAND: POST /session/c3abc88c4085a1d56746dc5a5008fa37/elements - {"using":"xpath","value":"//bdi[text()=\"OK\"]"}
RESULT: {"using":"xpath","value":"//bdi[text()=\"OK\"]"}
COMMAND: POST /session/c3abc88c4085a1d56746dc5a5008fa37/elements - {"using":"xpath","value":"//bdi[text()=\"OK\"]"}
RESULT: {"using":"xpath","value":"//bdi[text()=\"OK\"]"}
COMMAND: POST /session/c3abc88c4085a1d56746dc5a5008fa37/elements - {"using":"xpath","value":"//bdi[text()=\"OK\"]"}
RESULT: {"using":"xpath","value":"//bdi[text()=\"OK\"]"}
COMMAND: POST /session/c3abc88c4085a1d56746dc5a5008fa37/elements - {"using":"xpath","value":"//bdi[text()=\"OK\"]"}
RESULT: {"using":"xpath","value":"//bdi[text()=\"OK\"]"}
COMMAND: POST /session/c3abc88c4085a1d56746dc5a5008fa37/elements - {"using":"xpath","value":"//bdi[text()=\"OK\"]"}
RESULT: {"using":"xpath","value":"//bdi[text()=\"OK\"]"}
COMMAND: POST /session/c3abc88c4085a1d56746dc5a5008fa37/elements - {"using":"xpath","value":"//bdi[text()=\"OK\"]"}
RESULT: {"using":"xpath","value":"//bdi[text()=\"OK\"]"}
COMMAND: POST /session/c3abc88c4085a1d56746dc5a5008fa37/elements - {"using":"xpath","value":"//bdi[text()=\"OK\"]"}
RESULT: {"using":"xpath","value":"//bdi[text()=\"OK\"]"}
COMMAND: POST /session/c3abc88c4085a1d56746dc5a5008fa37/elements - {"using":"xpath","value":"//bdi[text()=\"OK\"]"}
RESULT: {"using":"xpath","value":"//bdi[text()=\"OK\"]"}
COMMAND: POST /session/c3abc88c4085a1d56746dc5a5008fa37/elements - {"using":"xpath","value":"//bdi[text()=\"OK\"]"}
RESULT: {"using":"xpath","value":"//bdi[text()=\"OK\"]"}
COMMAND: POST /session/c3abc88c4085a1d56746dc5a5008fa37/elements - {"using":"xpath","value":"//bdi[text()=\"OK\"]"}
RESULT: {"using":"xpath","value":"//bdi[text()=\"OK\"]"}
COMMAND: POST /session/c3abc88c4085a1d56746dc5a5008fa37/elements - {"using":"xpath","value":"//bdi[text()=\"OK\"]"}
RESULT: {"using":"xpath","value":"//bdi[text()=\"OK\"]"}
COMMAND: POST /session/c3abc88c4085a1d56746dc5a5008fa37/elements - {"using":"xpath","value":"//bdi[text()=\"OK\"]"}
RESULT: {"using":"xpath","value":"//bdi[text()=\"OK\"]"}
COMMAND: POST /session/c3abc88c4085a1d56746dc5a5008fa37/elements - {"using":"xpath","value":"//bdi[text()=\"OK\"]"}
RESULT: {"using":"xpath","value":"//bdi[text()=\"OK\"]"}
COMMAND: POST /session/c3abc88c4085a1d56746dc5a5008fa37/elements - {"using":"xpath","value":"//bdi[text()=\"OK\"]"}
RESULT: {"using":"xpath","value":"//bdi[text()=\"OK\"]"}
COMMAND: POST /session/c3abc88c4085a1d56746dc5a5008fa37/elements - {"using":"xpath","value":"//bdi[text()=\"OK\"]"}
RESULT: {"using":"xpath","value":"//bdi[text()=\"OK\"]"}
COMMAND: POST /session/c3abc88c4085a1d56746dc5a5008fa37/elements - {"using":"xpath","value":"//bdi[text()=\"OK\"]"}
RESULT: {"using":"xpath","value":"//bdi[text()=\"OK\"]"}
COMMAND: POST /session/c3abc88c4085a1d56746dc5a5008fa37/elements - {"using":"xpath","value":"//bdi[text()=\"OK\"]"}
RESULT: {"using":"xpath","value":"//bdi[text()=\"OK\"]"}
COMMAND: POST /session/c3abc88c4085a1d56746dc5a5008fa37/elements - {"using":"xpath","value":"//bdi[text()=\"OK\"]"}
RESULT: {"using":"xpath","value":"//bdi[text()=\"OK\"]"}
COMMAND: POST /session/c3abc88c4085a1d56746dc5a5008fa37/elements - {"using":"xpath","value":"//bdi[text()=\"OK\"]"}
RESULT: {"using":"xpath","value":"//bdi[text()=\"OK\"]"}
COMMAND: POST /session/c3abc88c4085a1d56746dc5a5008fa37/elements - {"using":"xpath","value":"//bdi[text()=\"OK\"]"}
RESULT: {"using":"xpath","value":"//bdi[text()=\"OK\"]"}
COMMAND: POST /session/c3abc88c4085a1d56746dc5a5008fa37/elements - {"using":"xpath","value":"//bdi[text()=\"OK\"]"}
RESULT: {"using":"xpath","value":"//bdi[text()=\"OK\"]"}
COMMAND: POST /session/c3abc88c4085a1d56746dc5a5008fa37/elements - {"using":"xpath","value":"//bdi[text()=\"OK\"]"}
RESULT: {"using":"xpath","value":"//bdi[text()=\"OK\"]"}
COMMAND: POST /session/c3abc88c4085a1d56746dc5a5008fa37/elements - {"using":"xpath","value":"//bdi[text()=\"OK\"]"}
RESULT: {"using":"xpath","value":"//bdi[text()=\"OK\"]"}
COMMAND: POST /session/c3abc88c4085a1d56746dc5a5008fa37/elements - {"using":"xpath","value":"//bdi[text()=\"OK\"]"}
RESULT: {"using":"xpath","value":"//bdi[text()=\"OK\"]"}
COMMAND: POST /session/c3abc88c4085a1d56746dc5a5008fa37/elements - {"using":"xpath","value":"//bdi[text()=\"OK\"]"}
RESULT: {"using":"xpath","value":"//bdi[text()=\"OK\"]"}
COMMAND: POST /session/c3abc88c4085a1d56746dc5a5008fa37/elements - {"using":"xpath","value":"//bdi[text()=\"OK\"]"}
RESULT: {"using":"xpath","value":"//bdi[text()=\"OK\"]"}
COMMAND: POST /session/c3abc88c4085a1d56746dc5a5008fa37/elements - {"using":"xpath","value":"//bdi[text()=\"OK\"]"}
RESULT: {"using":"xpath","value":"//bdi[text()=\"OK\"]"}
COMMAND: POST /session/c3abc88c4085a1d56746dc5a5008fa37/elements - {"using":"xpath","value":"//bdi[text()=\"OK\"]"}
RESULT: {"using":"xpath","value":"//bdi[text()=\"OK\"]"}
COMMAND: POST /session/c3abc88c4085a1d56746dc5a5008fa37/elements - {"using":"xpath","value":"//bdi[text()=\"OK\"]"}
RESULT: {"using":"xpath","value":"//bdi[text()=\"OK\"]"}
COMMAND: POST /session/c3abc88c4085a1d56746dc5a5008fa37/elements - {"using":"xpath","value":"//bdi[text()=\"OK\"]"}
RESULT: {"using":"xpath","value":"//bdi[text()=\"OK\"]"}
COMMAND: POST /session/c3abc88c4085a1d56746dc5a5008fa37/elements - {"using":"xpath","value":"//bdi[text()=\"OK\"]"}
RESULT: {"using":"xpath","value":"//bdi[text()=\"OK\"]"}
COMMAND: POST /session/c3abc88c4085a1d56746dc5a5008fa37/elements - {"using":"xpath","value":"//bdi[text()=\"OK\"]"}
RESULT: {"using":"xpath","value":"//bdi[text()=\"OK\"]"}
COMMAND: POST /session/c3abc88c4085a1d56746dc5a5008fa37/elements - {"using":"xpath","value":"//bdi[text()=\"OK\"]"}
RESULT: {"using":"xpath","value":"//bdi[text()=\"OK\"]"}
COMMAND: POST /session/c3abc88c4085a1d56746dc5a5008fa37/elements - {"using":"xpath","value":"//bdi[text()=\"OK\"]"}
RESULT: {"using":"xpath","value":"//bdi[text()=\"OK\"]"}
COMMAND: POST /session/c3abc88c4085a1d56746dc5a5008fa37/elements - {"using":"xpath","value":"//bdi[text()=\"OK\"]"}
RESULT: {"using":"xpath","value":"//bdi[text()=\"OK\"]"}
COMMAND: POST /session/c3abc88c4085a1d56746dc5a5008fa37/elements - {"using":"xpath","value":"//bdi[text()=\"OK\"]"}
RESULT: {"using":"xpath","value":"//bdi[text()=\"OK\"]"}
COMMAND: POST /session/c3abc88c4085a1d56746dc5a5008fa37/elements - {"using":"xpath","value":"//bdi[text()=\"OK\"]"}
RESULT: {"using":"xpath","value":"//bdi[text()=\"OK\"]"}
COMMAND: POST /session/c3abc88c4085a1d56746dc5a5008fa37/elements - {"using":"xpath","value":"//bdi[text()=\"OK\"]"}
RESULT: {"using":"xpath","value":"//bdi[text()=\"OK\"]"}
COMMAND: POST /session/c3abc88c4085a1d56746dc5a5008fa37/elements - {"using":"xpath","value":"//bdi[text()=\"OK\"]"}
RESULT: {"using":"xpath","value":"//bdi[text()=\"OK\"]"}
COMMAND: POST /session/c3abc88c4085a1d56746dc5a5008fa37/elements - {"using":"xpath","value":"//bdi[text()=\"OK\"]"}
RESULT: {"using":"xpath","value":"//bdi[text()=\"OK\"]"}
COMMAND: POST /session/c3abc88c4085a1d56746dc5a5008fa37/elements - {"using":"xpath","value":"//bdi[text()=\"OK\"]"}
RESULT: {"using":"xpath","value":"//bdi[text()=\"OK\"]"}
COMMAND: POST /session/c3abc88c4085a1d56746dc5a5008fa37/elements - {"using":"xpath","value":"//bdi[text()=\"OK\"]"}
RESULT: {"using":"xpath","value":"//bdi[text()=\"OK\"]"}
COMMAND: POST /session/c3abc88c4085a1d56746dc5a5008fa37/elements - {"using":"xpath","value":"//bdi[text()=\"OK\"]"}
COMMAND: POST /session/c3abc88c4085a1d56746dc5a5008fa37/execute/async - {"script":"<script> [1562 bytes]","args":[{"selector":{"id":"application-manageresources-display-component---newResourceUnit--TYPE-arrow"},"wdio_ui5_key":"applicationmanageresources-display-component---newResourceUnit--TYPE-arrow"}]}
RESULT: {"using":"xpath","value":"//bdi[text()=\"OK\"]"}
RESULT: {"script":"<script> [1562 bytes]","args":[{"selector":{"id":"application-manageresources-display-component---newResourceUnit--TYPE-arrow"},"wdio_ui5_key":"applicationmanageresources-display-component---newResourceUnit--TYPE-arrow"}]}
RESULT: undefined
COMMAND: POST /session/c3abc88c4085a1d56746dc5a5008fa37/element - {"using":"xpath","value":"//*[@id=\"application-manageresources-display-component---newResourceUnit--TYPE-arrow\"]"}
RESULT: {"using":"xpath","value":"//*[@id=\"application-manageresources-display-component---newResourceUnit--TYPE-arrow\"]"}
COMMAND: POST /session/c3abc88c4085a1d56746dc5a5008fa37/element/f.AF2E6E2CD8BF2B753D9461224F8C2D7E.d.8CFEF33486F3FC3A5F408FC46A52BC20.e.5226/click - {}
RESULT: {}
COMMAND: POST /session/c3abc88c4085a1d56746dc5a5008fa37/execute/async - {"script":"<script> [1562 bytes]","args":[{"selector":{"controlType":"sap.m.StandardListItem","viewName":"reusables.view.manageresources.NewResourceUnit","viewId":"application-manageresources-display-component---newResourceUnit","properties":{"title":"Material"},"searchOpenDialogs":true,"interaction":{"idSuffix":"titleText"}},"wdio_ui5_key":"reusablesview.manageresources.NewResourceUnitsap.m.StandardListItem{\"title\":\"Material\"}"}]}
COMMAND: GET /session/c3abc88c4085a1d56746dc5a5008fa37/screenshot - {}
RESULT: {"script":"<script> [1562 bytes]","args":[{"selector":{"controlType":"sap.m.StandardListItem","viewName":"reusables.view.manageresources.NewResourceUnit","viewId":"application-manageresources-display-component---newResourceUnit","properties":{"title":"Material"},"searchOpenDialogs":true,"interaction":{"idSuffix":"titleText"}},"wdio_ui5_key":"reusablesview.manageresources.NewResourceUnitsap.m.StandardListItem{\"title\":\"Material\"}"}]}
RESULT: undefined
COMMAND: POST /session/c3abc88c4085a1d56746dc5a5008fa37/element - {"using":"xpath","value":"//*[@id=\"__item141\"]"}
RESULT: {}
RESULT: {"using":"xpath","value":"//*[@id=\"__item141\"]"}
COMMAND: POST /session/c3abc88c4085a1d56746dc5a5008fa37/element/f.AF2E6E2CD8BF2B753D9461224F8C2D7E.d.8CFEF33486F3FC3A5F408FC46A52BC20.e.5229/click - {}
RESULT: {}
COMMAND: POST /session/c3abc88c4085a1d56746dc5a5008fa37/execute/async - {"script":"<script> [1562 bytes]","args":[{"selector":{"id":"application-manageresources-display-component---newResourceUnit--SHORT_TEXT","interaction":{"idSuffix":"inner"}},"wdio_ui5_key":"applicationmanageresources-display-component---newResourceUnit--SHORT_TEXT"}]}
COMMAND: GET /session/c3abc88c4085a1d56746dc5a5008fa37/screenshot - {}
RESULT: {"script":"<script> [1562 bytes]","args":[{"selector":{"id":"application-manageresources-display-component---newResourceUnit--SHORT_TEXT","interaction":{"idSuffix":"inner"}},"wdio_ui5_key":"applicationmanageresources-display-component---newResourceUnit--SHORT_TEXT"}]}
RESULT: undefined
COMMAND: POST /session/c3abc88c4085a1d56746dc5a5008fa37/execute/async - {"script":"<script> [776 bytes]","args":[{"enterText":"WebdriverRU R2Cj9lphl","selector":{"id":"application-manageresources-display-component---newResourceUnit--SHORT_TEXT","interaction":{"idSuffix":"inner"}},"clearTextFirst":true,"interactionType":"ENTER_TEXT"}]}
RESULT: {}
RESULT: {"script":"<script> [776 bytes]","args":[{"enterText":"WebdriverRU R2Cj9lphl","selector":{"id":"application-manageresources-display-component---newResourceUnit--SHORT_TEXT","interaction":{"idSuffix":"inner"}},"clearTextFirst":true,"interactionType":"ENTER_TEXT"}]}
COMMAND: POST /session/c3abc88c4085a1d56746dc5a5008fa37/execute/async - {"script":"<script> [1562 bytes]","args":[{"selector":{"id":"application-manageresources-display-component---newResourceUnit--BASE_UNIT_OF_MEASURE-arrow"},"wdio_ui5_key":"applicationmanageresources-display-component---newResourceUnit--BASE_UNIT_OF_MEASURE-arrow"}]}
RESULT: {"script":"<script> [1562 bytes]","args":[{"selector":{"id":"application-manageresources-display-component---newResourceUnit--BASE_UNIT_OF_MEASURE-arrow"},"wdio_ui5_key":"applicationmanageresources-display-component---newResourceUnit--BASE_UNIT_OF_MEASURE-arrow"}]}
RESULT: undefined
COMMAND: POST /session/c3abc88c4085a1d56746dc5a5008fa37/element - {"using":"xpath","value":"//*[@id=\"application-manageresources-display-component---newResourceUnit--BASE_UNIT_OF_MEASURE-arrow\"]"}
RESULT: {"using":"xpath","value":"//*[@id=\"application-manageresources-display-component---newResourceUnit--BASE_UNIT_OF_MEASURE-arrow\"]"}
COMMAND: POST /session/c3abc88c4085a1d56746dc5a5008fa37/element/f.AF2E6E2CD8BF2B753D9461224F8C2D7E.d.8CFEF33486F3FC3A5F408FC46A52BC20.e.5285/click - {}
RESULT: {}
COMMAND: POST /session/c3abc88c4085a1d56746dc5a5008fa37/execute/async - {"script":"<script> [1562 bytes]","args":[{"selector":{"controlType":"sap.m.StandardListItem","viewName":"reusables.view.manageresources.NewResourceUnit","viewId":"application-manageresources-display-component---newResourceUnit","properties":{"title":"Piece"},"searchOpenDialogs":true,"interaction":{"idSuffix":"titleText"}},"wdio_ui5_key":"reusablesview.manageresources.NewResourceUnitsap.m.StandardListItem{\"title\":\"Piece\"}"}]}
COMMAND: GET /session/c3abc88c4085a1d56746dc5a5008fa37/screenshot - {}
RESULT: {"script":"<script> [1562 bytes]","args":[{"selector":{"controlType":"sap.m.StandardListItem","viewName":"reusables.view.manageresources.NewResourceUnit","viewId":"application-manageresources-display-component---newResourceUnit","properties":{"title":"Piece"},"searchOpenDialogs":true,"interaction":{"idSuffix":"titleText"}},"wdio_ui5_key":"reusablesview.manageresources.NewResourceUnitsap.m.StandardListItem{\"title\":\"Piece\"}"}]}
RESULT: undefined
COMMAND: POST /session/c3abc88c4085a1d56746dc5a5008fa37/element - {"using":"xpath","value":"//*[@id=\"__item183\"]"}
RESULT: {}
RESULT: {"using":"xpath","value":"//*[@id=\"__item183\"]"}
COMMAND: POST /session/c3abc88c4085a1d56746dc5a5008fa37/element/f.AF2E6E2CD8BF2B753D9461224F8C2D7E.d.8CFEF33486F3FC3A5F408FC46A52BC20.e.5287/click - {}
RESULT: {}
COMMAND: POST /session/c3abc88c4085a1d56746dc5a5008fa37/execute/async - {"script":"<script> [1562 bytes]","args":[{"selector":{"id":"application-manageresources-display-component---newResourceUnit--WEIGHT_UNIT-arrow"},"wdio_ui5_key":"applicationmanageresources-display-component---newResourceUnit--WEIGHT_UNIT-arrow"}]}
COMMAND: GET /session/c3abc88c4085a1d56746dc5a5008fa37/screenshot - {}
RESULT: {"script":"<script> [1562 bytes]","args":[{"selector":{"id":"application-manageresources-display-component---newResourceUnit--WEIGHT_UNIT-arrow"},"wdio_ui5_key":"applicationmanageresources-display-component---newResourceUnit--WEIGHT_UNIT-arrow"}]}
RESULT: undefined
COMMAND: POST /session/c3abc88c4085a1d56746dc5a5008fa37/element - {"using":"xpath","value":"//*[@id=\"application-manageresources-display-component---newResourceUnit--WEIGHT_UNIT-arrow\"]"}
RESULT: {}
RESULT: {"using":"xpath","value":"//*[@id=\"application-manageresources-display-component---newResourceUnit--WEIGHT_UNIT-arrow\"]"}
COMMAND: POST /session/c3abc88c4085a1d56746dc5a5008fa37/element/f.AF2E6E2CD8BF2B753D9461224F8C2D7E.d.8CFEF33486F3FC3A5F408FC46A52BC20.e.5288/click - {}
RESULT: {}
COMMAND: POST /session/c3abc88c4085a1d56746dc5a5008fa37/execute/async - {"script":"<script> [1562 bytes]","args":[{"selector":{"controlType":"sap.m.StandardListItem","viewName":"reusables.view.manageresources.NewResourceUnit","viewId":"application-manageresources-display-component---newResourceUnit","properties":{"title":"Gram"},"searchOpenDialogs":true,"interaction":{"idSuffix":"content"}},"wdio_ui5_key":"reusablesview.manageresources.NewResourceUnitsap.m.StandardListItem{\"title\":\"Gram\"}"}]}
COMMAND: GET /session/c3abc88c4085a1d56746dc5a5008fa37/screenshot - {}
RESULT: {"script":"<script> [1562 bytes]","args":[{"selector":{"controlType":"sap.m.StandardListItem","viewName":"reusables.view.manageresources.NewResourceUnit","viewId":"application-manageresources-display-component---newResourceUnit","properties":{"title":"Gram"},"searchOpenDialogs":true,"interaction":{"idSuffix":"content"}},"wdio_ui5_key":"reusablesview.manageresources.NewResourceUnitsap.m.StandardListItem{\"title\":\"Gram\"}"}]}
RESULT: undefined
COMMAND: POST /session/c3abc88c4085a1d56746dc5a5008fa37/element - {"using":"xpath","value":"//*[@id=\"__item248\"]"}
RESULT: {}
RESULT: {"using":"xpath","value":"//*[@id=\"__item248\"]"}
COMMAND: POST /session/c3abc88c4085a1d56746dc5a5008fa37/element/f.AF2E6E2CD8BF2B753D9461224F8C2D7E.d.8CFEF33486F3FC3A5F408FC46A52BC20.e.5290/click - {}
RESULT: {}
COMMAND: GET /session/c3abc88c4085a1d56746dc5a5008fa37/screenshot - {}
RESULT: {}
COMMAND: POST /session/c3abc88c4085a1d56746dc5a5008fa37/execute/async - {"script":"<script> [1562 bytes]","args":[{"selector":{"id":"application-manageresources-display-component---newResourceUnit--newRRUPage-OPHeaderContent-collapseBtn-img"},"wdio_ui5_key":"applicationmanageresources-display-component---newResourceUnit--newRRUPage-OPHeaderContent-collapseBtn-img"}]}
RESULT: {"script":"<script> [1562 bytes]","args":[{"selector":{"id":"application-manageresources-display-component---newResourceUnit--newRRUPage-OPHeaderContent-collapseBtn-img"},"wdio_ui5_key":"applicationmanageresources-display-component---newResourceUnit--newRRUPage-OPHeaderContent-collapseBtn-img"}]}
RESULT: undefined
COMMAND: POST /session/c3abc88c4085a1d56746dc5a5008fa37/element - {"using":"xpath","value":"//*[@id=\"application-manageresources-display-component---newResourceUnit--newRRUPage-OPHeaderContent-collapseBtn-img\"]"}
RESULT: {"using":"xpath","value":"//*[@id=\"application-manageresources-display-component---newResourceUnit--newRRUPage-OPHeaderContent-collapseBtn-img\"]"}
COMMAND: POST /session/c3abc88c4085a1d56746dc5a5008fa37/element/f.AF2E6E2CD8BF2B753D9461224F8C2D7E.d.8CFEF33486F3FC3A5F408FC46A52BC20.e.5237/click - {}
RESULT: {}
COMMAND: GET /session/c3abc88c4085a1d56746dc5a5008fa37/screenshot - {}
RESULT: {}
COMMAND: POST /session/c3abc88c4085a1d56746dc5a5008fa37/element - {"using":"xpath","value":"(//span[contains(@id ,\"application-manageresources-display-component---newResourceUnit--DIMENSION_UNIT-arrow\")])[1]"}
RESULT: {"using":"xpath","value":"(//span[contains(@id ,\"application-manageresources-display-component---newResourceUnit--DIMENSION_UNIT-arrow\")])[1]"}
COMMAND: POST /session/c3abc88c4085a1d56746dc5a5008fa37/element/f.AF2E6E2CD8BF2B753D9461224F8C2D7E.d.8CFEF33486F3FC3A5F408FC46A52BC20.e.5296/click - {}
RESULT: {}
COMMAND: GET /session/c3abc88c4085a1d56746dc5a5008fa37/screenshot - {}
RESULT: {}
COMMAND: POST /session/c3abc88c4085a1d56746dc5a5008fa37/execute/async - {"script":"<script> [1562 bytes]","args":[{"selector":{"controlType":"sap.m.StandardListItem","viewName":"reusables.view.manageresources.NewResourceUnit","viewId":"application-manageresources-display-component---newResourceUnit","properties":{"title":"Centimeter"},"searchOpenDialogs":true,"interaction":{"idSuffix":"titleText"}},"wdio_ui5_key":"reusablesview.manageresources.NewResourceUnitsap.m.StandardListItem{\"title\":\"Centimeter\"}"}]}
RESULT: {"script":"<script> [1562 bytes]","args":[{"selector":{"controlType":"sap.m.StandardListItem","viewName":"reusables.view.manageresources.NewResourceUnit","viewId":"application-manageresources-display-component---newResourceUnit","properties":{"title":"Centimeter"},"searchOpenDialogs":true,"interaction":{"idSuffix":"titleText"}},"wdio_ui5_key":"reusablesview.manageresources.NewResourceUnitsap.m.StandardListItem{\"title\":\"Centimeter\"}"}]}
RESULT: undefined
COMMAND: POST /session/c3abc88c4085a1d56746dc5a5008fa37/element - {"using":"xpath","value":"//*[@id=\"__item251\"]"}
RESULT: {"using":"xpath","value":"//*[@id=\"__item251\"]"}
COMMAND: POST /session/c3abc88c4085a1d56746dc5a5008fa37/element/f.AF2E6E2CD8BF2B753D9461224F8C2D7E.d.8CFEF33486F3FC3A5F408FC46A52BC20.e.5298/click - {}
RESULT: {}
COMMAND: GET /session/c3abc88c4085a1d56746dc5a5008fa37/screenshot - {}
RESULT: {}
COMMAND: POST /session/c3abc88c4085a1d56746dc5a5008fa37/execute/async - {"script":"<script> [1562 bytes]","args":[{"selector":{"id":"application-manageresources-display-component---newResourceUnit--newRRUPage-anchBar-application-manageresources-display-component---newResourceUnit--reference-anchor","interaction":{"idSuffix":"BDI-content"}},"wdio_ui5_key":"applicationmanageresources-display-component---newResourceUnit--newRRUPage-anchBar-application-manageresources-display-component---newResourceUnit--reference-anchor"}]}
RESULT: {"script":"<script> [1562 bytes]","args":[{"selector":{"id":"application-manageresources-display-component---newResourceUnit--newRRUPage-anchBar-application-manageresources-display-component---newResourceUnit--reference-anchor","interaction":{"idSuffix":"BDI-content"}},"wdio_ui5_key":"applicationmanageresources-display-component---newResourceUnit--newRRUPage-anchBar-application-manageresources-display-component---newResourceUnit--reference-anchor"}]}
RESULT: undefined
COMMAND: POST /session/c3abc88c4085a1d56746dc5a5008fa37/element - {"using":"xpath","value":"//*[@id=\"application-manageresources-display-component---newResourceUnit--newRRUPage-anchBar-application-manageresources-display-component---newResourceUnit--reference-anchor\"]"}
RESULT: {"using":"xpath","value":"//*[@id=\"application-manageresources-display-component---newResourceUnit--newRRUPage-anchBar-application-manageresources-display-component---newResourceUnit--reference-anchor\"]"}
COMMAND: POST /session/c3abc88c4085a1d56746dc5a5008fa37/element/f.AF2E6E2CD8BF2B753D9461224F8C2D7E.d.8CFEF33486F3FC3A5F408FC46A52BC20.e.5300/click - {}
RESULT: {}
COMMAND: POST /session/c3abc88c4085a1d56746dc5a5008fa37/execute/async - {"script":"<script> [1562 bytes]","args":[{"selector":{"id":"application-manageresources-display-component---newResourceUnit--PLANNING_GROUP-arrow"},"wdio_ui5_key":"applicationmanageresources-display-component---newResourceUnit--PLANNING_GROUP-arrow"}]}
COMMAND: GET /session/c3abc88c4085a1d56746dc5a5008fa37/screenshot - {}
RESULT: {"script":"<script> [1562 bytes]","args":[{"selector":{"id":"application-manageresources-display-component---newResourceUnit--PLANNING_GROUP-arrow"},"wdio_ui5_key":"applicationmanageresources-display-component---newResourceUnit--PLANNING_GROUP-arrow"}]}
RESULT: undefined
COMMAND: POST /session/c3abc88c4085a1d56746dc5a5008fa37/element - {"using":"xpath","value":"//*[@id=\"application-manageresources-display-component---newResourceUnit--PLANNING_GROUP-arrow\"]"}
RESULT: {}
RESULT: {"using":"xpath","value":"//*[@id=\"application-manageresources-display-component---newResourceUnit--PLANNING_GROUP-arrow\"]"}
COMMAND: POST /session/c3abc88c4085a1d56746dc5a5008fa37/element/f.AF2E6E2CD8BF2B753D9461224F8C2D7E.d.8CFEF33486F3FC3A5F408FC46A52BC20.e.5304/click - {}
RESULT: {}
COMMAND: POST /session/c3abc88c4085a1d56746dc5a5008fa37/execute/async - {"script":"<script> [1562 bytes]","args":[{"selector":{"controlType":"sap.m.StandardListItem","viewName":"reusables.view.manageresources.NewResourceUnit","viewId":"application-manageresources-display-component---newResourceUnit","properties":{"title":"Heavy Equi"},"searchOpenDialogs":true,"interaction":{"idSuffix":"content"}},"wdio_ui5_key":"reusablesview.manageresources.NewResourceUnitsap.m.StandardListItem{\"title\":\"Heavy Equi\"}"}]}
COMMAND: GET /session/c3abc88c4085a1d56746dc5a5008fa37/screenshot - {}
RESULT: {"script":"<script> [1562 bytes]","args":[{"selector":{"controlType":"sap.m.StandardListItem","viewName":"reusables.view.manageresources.NewResourceUnit","viewId":"application-manageresources-display-component---newResourceUnit","properties":{"title":"Heavy Equi"},"searchOpenDialogs":true,"interaction":{"idSuffix":"content"}},"wdio_ui5_key":"reusablesview.manageresources.NewResourceUnitsap.m.StandardListItem{\"title\":\"Heavy Equi\"}"}]}
RESULT: undefined
COMMAND: POST /session/c3abc88c4085a1d56746dc5a5008fa37/element - {"using":"xpath","value":"//*[@id=\"__item259\"]"}
RESULT: {}
RESULT: {"using":"xpath","value":"//*[@id=\"__item259\"]"}
COMMAND: POST /session/c3abc88c4085a1d56746dc5a5008fa37/element/f.AF2E6E2CD8BF2B753D9461224F8C2D7E.d.8CFEF33486F3FC3A5F408FC46A52BC20.e.5306/click - {}
RESULT: {}
COMMAND: GET /session/c3abc88c4085a1d56746dc5a5008fa37/screenshot - {}
RESULT: {}
COMMAND: POST /session/c3abc88c4085a1d56746dc5a5008fa37/execute/async - {"script":"<script> [1562 bytes]","args":[{"selector":{"id":"application-manageresources-display-component---newResourceUnit--PLANNING_INDICATOR-arrow"},"wdio_ui5_key":"applicationmanageresources-display-component---newResourceUnit--PLANNING_INDICATOR-arrow"}]}
RESULT: {"script":"<script> [1562 bytes]","args":[{"selector":{"id":"application-manageresources-display-component---newResourceUnit--PLANNING_INDICATOR-arrow"},"wdio_ui5_key":"applicationmanageresources-display-component---newResourceUnit--PLANNING_INDICATOR-arrow"}]}
RESULT: undefined
COMMAND: POST /session/c3abc88c4085a1d56746dc5a5008fa37/element - {"using":"xpath","value":"//*[@id=\"application-manageresources-display-component---newResourceUnit--PLANNING_INDICATOR-arrow\"]"}
RESULT: {"using":"xpath","value":"//*[@id=\"application-manageresources-display-component---newResourceUnit--PLANNING_INDICATOR-arrow\"]"}
COMMAND: POST /session/c3abc88c4085a1d56746dc5a5008fa37/element/f.AF2E6E2CD8BF2B753D9461224F8C2D7E.d.8CFEF33486F3FC3A5F408FC46A52BC20.e.5307/click - {}
RESULT: {}
COMMAND: POST /session/c3abc88c4085a1d56746dc5a5008fa37/execute/async - {"script":"<script> [1562 bytes]","args":[{"selector":{"controlType":"sap.m.StandardListItem","viewName":"reusables.view.manageresources.NewResourceUnit","viewId":"application-manageresources-display-component---newResourceUnit","properties":{"title":"10 - infinite"},"searchOpenDialogs":true,"interaction":{"idSuffix":"content"}},"wdio_ui5_key":"reusablesview.manageresources.NewResourceUnitsap.m.StandardListItem{\"title\":\"10 - infinite\"}"}]}
COMMAND: GET /session/c3abc88c4085a1d56746dc5a5008fa37/screenshot - {}
RESULT: {"script":"<script> [1562 bytes]","args":[{"selector":{"controlType":"sap.m.StandardListItem","viewName":"reusables.view.manageresources.NewResourceUnit","viewId":"application-manageresources-display-component---newResourceUnit","properties":{"title":"10 - infinite"},"searchOpenDialogs":true,"interaction":{"idSuffix":"content"}},"wdio_ui5_key":"reusablesview.manageresources.NewResourceUnitsap.m.StandardListItem{\"title\":\"10 - infinite\"}"}]}
RESULT: undefined
COMMAND: POST /session/c3abc88c4085a1d56746dc5a5008fa37/element - {"using":"xpath","value":"//*[@id=\"__item269\"]"}
RESULT: {}
RESULT: {"using":"xpath","value":"//*[@id=\"__item269\"]"}
COMMAND: POST /session/c3abc88c4085a1d56746dc5a5008fa37/element/f.AF2E6E2CD8BF2B753D9461224F8C2D7E.d.8CFEF33486F3FC3A5F408FC46A52BC20.e.5309/click - {}
RESULT: {}
COMMAND: GET /session/c3abc88c4085a1d56746dc5a5008fa37/screenshot - {}
RESULT: {}
COMMAND: POST /session/c3abc88c4085a1d56746dc5a5008fa37/element - {"using":"xpath","value":"//bdi[contains(text(), \"Time Segment\")]"}
RESULT: {"using":"xpath","value":"//bdi[contains(text(), \"Time Segment\")]"}
COMMAND: GET /session/c3abc88c4085a1d56746dc5a5008fa37/element/f.AF2E6E2CD8BF2B753D9461224F8C2D7E.d.8CFEF33486F3FC3A5F408FC46A52BC20.e.5310/rect - {}
RESULT: {}
COMMAND: GET /session/c3abc88c4085a1d56746dc5a5008fa37/window/rect - {}
RESULT: {}
COMMAND: POST /session/c3abc88c4085a1d56746dc5a5008fa37/execute/sync - {"script":"<script> [92 bytes]","args":[]}
RESULT: {"script":"<script> [92 bytes]","args":[]}
COMMAND: POST /session/c3abc88c4085a1d56746dc5a5008fa37/actions - {"actions":[{"id":"action17","type":"wheel","parameters":{},"actions":[{"type":"scroll","x":-1820,"y":-21,"deltaX":0,"deltaY":0,"duration":0,"origin":{"element-6066-11e4-a52e-4f735466cecf":"f.AF2E6E2CD8BF2B753D9461224F8C2D7E.d.8CFEF33486F3FC3A5F408FC46A52BC20.e.5310"}}]}]}
COMMAND: GET /session/c3abc88c4085a1d56746dc5a5008fa37/screenshot - {}
RESULT: {}
COMMAND: POST /session/c3abc88c4085a1d56746dc5a5008fa37/execute/sync - {"script":"<script> [79 bytes]","args":[{"element-6066-11e4-a52e-4f735466cecf":"f.AF2E6E2CD8BF2B753D9461224F8C2D7E.d.8CFEF33486F3FC3A5F408FC46A52BC20.e.5310","ELEMENT":"f.AF2E6E2CD8BF2B753D9461224F8C2D7E.d.8CFEF33486F3FC3A5F408FC46A52BC20.e.5310"},{"block":"start","inline":"nearest"}]}
RESULT: {"script":"<script> [79 bytes]","args":[{"element-6066-11e4-a52e-4f735466cecf":"f.AF2E6E2CD8BF2B753D9461224F8C2D7E.d.8CFEF33486F3FC3A5F408FC46A52BC20.e.5310","ELEMENT":"f.AF2E6E2CD8BF2B753D9461224F8C2D7E.d.8CFEF33486F3FC3A5F408FC46A52BC20.e.5310"},{"block":"start","inline":"nearest"}]}
COMMAND: GET /session/c3abc88c4085a1d56746dc5a5008fa37/screenshot - {}
RESULT: {}
COMMAND: POST /session/c3abc88c4085a1d56746dc5a5008fa37/element - {"using":"xpath","value":"//span[@id=\"application-manageresources-display-component---newResourceUnit--btnAddTimeSegment-img\"]"}
RESULT: {"using":"xpath","value":"//span[@id=\"application-manageresources-display-component---newResourceUnit--btnAddTimeSegment-img\"]"}
COMMAND: POST /session/c3abc88c4085a1d56746dc5a5008fa37/execute/sync - {"script":"<script> [8489 bytes]","args":[{"element-6066-11e4-a52e-4f735466cecf":"f.AF2E6E2CD8BF2B753D9461224F8C2D7E.d.8CFEF33486F3FC3A5F408FC46A52BC20.e.5313","ELEMENT":"f.AF2E6E2CD8BF2B753D9461224F8C2D7E.d.8CFEF33486F3FC3A5F408FC46A52BC20.e.5313"}]}
RESULT: {"script":"<script> [8489 bytes]","args":[{"element-6066-11e4-a52e-4f735466cecf":"f.AF2E6E2CD8BF2B753D9461224F8C2D7E.d.8CFEF33486F3FC3A5F408FC46A52BC20.e.5313","ELEMENT":"f.AF2E6E2CD8BF2B753D9461224F8C2D7E.d.8CFEF33486F3FC3A5F408FC46A52BC20.e.5313"}]}
COMMAND: POST /session/c3abc88c4085a1d56746dc5a5008fa37/element/f.AF2E6E2CD8BF2B753D9461224F8C2D7E.d.8CFEF33486F3FC3A5F408FC46A52BC20.e.5313/click - {}
COMMAND: GET /session/c3abc88c4085a1d56746dc5a5008fa37/screenshot - {}
RESULT: {}
COMMAND: GET /session/c3abc88c4085a1d56746dc5a5008fa37/screenshot - {}
RESULT: {}
RESULT: {}
COMMAND: POST /session/c3abc88c4085a1d56746dc5a5008fa37/element - {"using":"xpath","value":"//input[@id=\"application-manageresources-display-component---newResourceUnit--idRuTSAdmin-application-manageresources-display-component---newResourceUnit--RUTimeSegment-0-inner\"]"}
RESULT: {"using":"xpath","value":"//input[@id=\"application-manageresources-display-component---newResourceUnit--idRuTSAdmin-application-manageresources-display-component---newResourceUnit--RUTimeSegment-0-inner\"]"}
COMMAND: POST /session/c3abc88c4085a1d56746dc5a5008fa37/element/f.AF2E6E2CD8BF2B753D9461224F8C2D7E.d.8CFEF33486F3FC3A5F408FC46A52BC20.e.5316/clear - {}
RESULT: {}
COMMAND: POST /session/c3abc88c4085a1d56746dc5a5008fa37/element/f.AF2E6E2CD8BF2B753D9461224F8C2D7E.d.8CFEF33486F3FC3A5F408FC46A52BC20.e.5316/value - {"text":"196"}
COMMAND: GET /session/c3abc88c4085a1d56746dc5a5008fa37/screenshot - {}
RESULT: {"text":"196"}
COMMAND: GET /session/c3abc88c4085a1d56746dc5a5008fa37/screenshot - {}
RESULT: {}
RESULT: {}
COMMAND: POST /session/c3abc88c4085a1d56746dc5a5008fa37/actions - {"actions":[{"id":"action18","type":"key","parameters":{},"actions":[{"type":"keyDown","value":"î€‡"},{"type":"pause","duration":10},{"type":"keyUp","value":"î€‡"}]}]}
RESULT: {"actions":[{"id":"action18","type":"key","parameters":{},"actions":[{"type":"keyDown","value":"î€‡"},{"type":"pause","duration":10},{"type":"keyUp","value":"î€‡"}]}]}
COMMAND: GET /session/c3abc88c4085a1d56746dc5a5008fa37/screenshot - {}
RESULT: {}
COMMAND: POST /session/c3abc88c4085a1d56746dc5a5008fa37/execute/async - {"script":"<script> [1562 bytes]","args":[{"selector":{"controlType":"sap.m.Button","viewName":"reusables.view.manageresources.NewResourceUnit","viewId":"application-manageresources-display-component---newResourceUnit","i18NText":{"propertyName":"tooltip","key":"save"},"interaction":{"idSuffix":"BDI-content"}},"wdio_ui5_key":"reusablesview.manageresources.NewResourceUnitsap.m.Button{\"propertyName\":\"tooltip\",\"key\":\"save\"}"}]}
RESULT: {"script":"<script> [1562 bytes]","args":[{"selector":{"controlType":"sap.m.Button","viewName":"reusables.view.manageresources.NewResourceUnit","viewId":"application-manageresources-display-component---newResourceUnit","i18NText":{"propertyName":"tooltip","key":"save"},"interaction":{"idSuffix":"BDI-content"}},"wdio_ui5_key":"reusablesview.manageresources.NewResourceUnitsap.m.Button{\"propertyName\":\"tooltip\",\"key\":\"save\"}"}]}
RESULT: undefined
COMMAND: POST /session/c3abc88c4085a1d56746dc5a5008fa37/element - {"using":"xpath","value":"//*[@id=\"application-manageresources-display-component---newResourceUnit--createRuButton\"]"}
RESULT: {"using":"xpath","value":"//*[@id=\"application-manageresources-display-component---newResourceUnit--createRuButton\"]"}
COMMAND: POST /session/c3abc88c4085a1d56746dc5a5008fa37/element/f.AF2E6E2CD8BF2B753D9461224F8C2D7E.d.8CFEF33486F3FC3A5F408FC46A52BC20.e.5243/click - {}
RESULT: {}
COMMAND: GET /session/c3abc88c4085a1d56746dc5a5008fa37/screenshot - {}
RESULT: {}
COMMAND: POST /session/c3abc88c4085a1d56746dc5a5008fa37/execute/async - {"script":"<script> [1562 bytes]","args":[{"selector":{"controlType":"sap.m.Title","properties":{"text":"Success"},"searchOpenDialogs":true},"wdio_ui5_key":"sapm.Title{\"text\":\"Success\"}"}]}
RESULT: {"script":"<script> [1562 bytes]","args":[{"selector":{"controlType":"sap.m.Title","properties":{"text":"Success"},"searchOpenDialogs":true},"wdio_ui5_key":"sapm.Title{\"text\":\"Success\"}"}]}
RESULT: undefined
COMMAND: POST /session/c3abc88c4085a1d56746dc5a5008fa37/execute/async - {"script":"<script> [6424 bytes]","args":[{"element-6066-11e4-a52e-4f735466cecf":"f.AF2E6E2CD8BF2B753D9461224F8C2D7E.d.8CFEF33486F3FC3A5F408FC46A52BC20.e.5330"},"getText",[]]}
RESULT: {"script":"<script> [6424 bytes]","args":[{"element-6066-11e4-a52e-4f735466cecf":"f.AF2E6E2CD8BF2B753D9461224F8C2D7E.d.8CFEF33486F3FC3A5F408FC46A52BC20.e.5330"},"getText",[]]}
COMMAND: POST /session/c3abc88c4085a1d56746dc5a5008fa37/element - {"using":"xpath","value":"//*[contains(@id, '__text') and (contains(text(), 'successfully created') or contains(., 'successfully created'))]"}
RESULT: {"using":"xpath","value":"//*[contains(@id, '__text') and (contains(text(), 'successfully created') or contains(., 'successfully created'))]"}
COMMAND: GET /session/c3abc88c4085a1d56746dc5a5008fa37/element/f.AF2E6E2CD8BF2B753D9461224F8C2D7E.d.8CFEF33486F3FC3A5F408FC46A52BC20.e.5328/text - {}
RESULT: {}
COMMAND: POST /session/c3abc88c4085a1d56746dc5a5008fa37/execute/async - {"script":"<script> [1562 bytes]","args":[{"selector":{"controlType":"sap.m.Button","properties":{"text":"Close"},"searchOpenDialogs":true,"interaction":{"idSuffix":"BDI-content"}},"wdio_ui5_key":"sapm.Button{\"text\":\"Close\"}"}]}
RESULT: {"script":"<script> [1562 bytes]","args":[{"selector":{"controlType":"sap.m.Button","properties":{"text":"Close"},"searchOpenDialogs":true,"interaction":{"idSuffix":"BDI-content"}},"wdio_ui5_key":"sapm.Button{\"text\":\"Close\"}"}]}
RESULT: undefined
COMMAND: POST /session/c3abc88c4085a1d56746dc5a5008fa37/element - {"using":"xpath","value":"//*[@id=\"__mbox-btn-0\"]"}
RESULT: {"using":"xpath","value":"//*[@id=\"__mbox-btn-0\"]"}
COMMAND: POST /session/c3abc88c4085a1d56746dc5a5008fa37/element/f.AF2E6E2CD8BF2B753D9461224F8C2D7E.d.8CFEF33486F3FC3A5F408FC46A52BC20.e.5326/click - {}
RESULT: {}
COMMAND: GET /session/c3abc88c4085a1d56746dc5a5008fa37/screenshot - {}
COMMAND: POST /session/c3abc88c4085a1d56746dc5a5008fa37/execute/async - {"script":"<script> [1562 bytes]","args":[{"selector":{"controlType":"sap.ui.core.Icon","viewName":"etm.portal.ui.manageresources.view.Detail","viewId":"application-manageresources-display-component---detailRU","properties":{"src":{"regex":{"source":"overflow"}}}},"wdio_ui5_key":"etmportal.ui.manageresources.view.Detailsap.ui.core.Icon{\"src\":{\"regex\":{\"source\":\"overflow\"}}}"}]}
RESULT: {}
RESULT: {"script":"<script> [1562 bytes]","args":[{"selector":{"controlType":"sap.ui.core.Icon","viewName":"etm.portal.ui.manageresources.view.Detail","viewId":"application-manageresources-display-component---detailRU","properties":{"src":{"regex":{"source":"overflow"}}}},"wdio_ui5_key":"etmportal.ui.manageresources.view.Detailsap.ui.core.Icon{\"src\":{\"regex\":{\"source\":\"overflow\"}}}"}]}
RESULT: undefined
COMMAND: POST /session/c3abc88c4085a1d56746dc5a5008fa37/element - {"using":"xpath","value":"//*[@id=\"__title14-_actionsToolbar-overflowButton-img\"]"}
RESULT: {"using":"xpath","value":"//*[@id=\"__title14-_actionsToolbar-overflowButton-img\"]"}
COMMAND: POST /session/c3abc88c4085a1d56746dc5a5008fa37/element/f.AF2E6E2CD8BF2B753D9461224F8C2D7E.d.8CFEF33486F3FC3A5F408FC46A52BC20.e.5365/click - {}
RESULT: {}
COMMAND: POST /session/c3abc88c4085a1d56746dc5a5008fa37/execute/async - {"script":"<script> [1562 bytes]","args":[{"selector":{"controlType":"sap.m.Button","viewName":"etm.portal.ui.manageresources.view.Detail","viewId":"application-manageresources-display-component---detailRU","i18NText":{"propertyName":"tooltip","key":"closeColumn"},"searchOpenDialogs":true,"interaction":{"idSuffix":"inner"}},"wdio_ui5_key":"etmportal.ui.manageresources.view.Detailsap.m.Button{\"propertyName\":\"tooltip\",\"key\":\"closeColumn\"}"}]}
COMMAND: GET /session/c3abc88c4085a1d56746dc5a5008fa37/screenshot - {}
RESULT: {"script":"<script> [1562 bytes]","args":[{"selector":{"controlType":"sap.m.Button","viewName":"etm.portal.ui.manageresources.view.Detail","viewId":"application-manageresources-display-component---detailRU","i18NText":{"propertyName":"tooltip","key":"closeColumn"},"searchOpenDialogs":true,"interaction":{"idSuffix":"inner"}},"wdio_ui5_key":"etmportal.ui.manageresources.view.Detailsap.m.Button{\"propertyName\":\"tooltip\",\"key\":\"closeColumn\"}"}]}
RESULT: undefined
COMMAND: POST /session/c3abc88c4085a1d56746dc5a5008fa37/element - {"using":"xpath","value":"//*[@id=\"__button41\"]"}
RESULT: {}
RESULT: {"using":"xpath","value":"//*[@id=\"__button41\"]"}
COMMAND: POST /session/c3abc88c4085a1d56746dc5a5008fa37/element/f.AF2E6E2CD8BF2B753D9461224F8C2D7E.d.8CFEF33486F3FC3A5F408FC46A52BC20.e.5367/click - {}
RESULT: {}
COMMAND: GET /session/c3abc88c4085a1d56746dc5a5008fa37/screenshot - {}
RESULT: {}
COMMAND: POST /session/c3abc88c4085a1d56746dc5a5008fa37/refresh - {}
RESULT: {}
COMMAND: GET /session/c3abc88c4085a1d56746dc5a5008fa37/screenshot - {}
RESULT: {}
COMMAND: POST /session/c3abc88c4085a1d56746dc5a5008fa37/refresh - {}
RESULT: {}
COMMAND: GET /session/c3abc88c4085a1d56746dc5a5008fa37/screenshot - {}
RESULT: {}
COMMAND: POST /session/c3abc88c4085a1d56746dc5a5008fa37/window/fullscreen - {}
RESULT: {}
COMMAND: POST /session/c3abc88c4085a1d56746dc5a5008fa37/execute/async - {"script":"<script> [189 bytes]","args":[]}
RESULT: {"script":"<script> [189 bytes]","args":[]}
COMMAND: POST /session/c3abc88c4085a1d56746dc5a5008fa37/execute/async - {"script":"<script> [123 bytes]","args":[]}
RESULT: {"script":"<script> [123 bytes]","args":[]}
COMMAND: POST /session/c3abc88c4085a1d56746dc5a5008fa37/timeouts - {"script":"<number>"}
RESULT: {"script":"<number>"}
COMMAND: GET /session/c3abc88c4085a1d56746dc5a5008fa37/timeouts - {}
RESULT: {}
RESULT: undefined
COMMAND: POST /session/c3abc88c4085a1d56746dc5a5008fa37/execute/async - {"script":"<script> [2676 bytes]","args":[]}
RESULT: {"script":"<script> [2676 bytes]","args":[]}
COMMAND: POST /session/c3abc88c4085a1d56746dc5a5008fa37/execute/async - {"script":"<script> [2342 bytes]","args":[{"protocol":"http","hostname":"0.0.0.0","path":"/","capabilities":{"browserName":"chrome","goog:chromeOptions":{"binary":"C:\\Program Files\\Google\\Chrome\\Application\\chrome.exe","args":["--start-maximized"]}},"logLevel":"warn","connectionRetryTimeout":120000,"connectionRetryCount":3,"logLevels":{},"enableDirectConnect":true,"strictSSL":true,"_":"65 more keys: [\"cacheDir\",\"port\",\"requestedCapabilities\",\"automationProtocol\",\"baseUrl\",\"waitforInterval\",\"waitforTimeout\",\"onReload\",\"beforeCommand\",\"afterCommand\",\"rootDir\",\"specs\",\"suites\",\"exclude\",\"groupLogsByTestSpec\",\"excludeDriverLogs\",\"bail\",\"framework\",\"reporters\",\"services\",\"maxInstances\",\"maxInstancesPerCapability\",\"injectGlobals\",\"filesToWatch\",\"execArgv\",\"runnerEnv\",\"runner\",\"shard\",\"specFileRetries\",\"specFileRetriesDelay\",\"specFileRetriesDeferred\",\"reporterSyncInterval\",\"reporterSyncTimeout\",\"cucumberFeaturesWithLineNumbers\",\"autoCompileOpts\",\"mochaOpts\",\"jasmineOpts\",\"cucumberOpts\",\"onPrepare\",\"onWorkerStart\",\"onWorkerEnd\",\"before\",\"beforeSession\",\"beforeSuite\",\"beforeHook\",\"beforeTest\",\"afterTest\",\"afterHook\",\"afterSuite\",\"afterSession\",\"after\",\"onComplete\",\"beforeAssertion\",\"afterAssertion\",\"beforeFeature\",\"beforeScenario\",\"beforeStep\",\"afterStep\",\"afterScenario\",\"afterFeature\",\"_\",\"suite\",\"$0\",\"ignoredWorkerServices\",\"wdi5\"]"}]}
RESULT: {"script":"<script> [2342 bytes]","args":[{"protocol":"http","hostname":"0.0.0.0","path":"/","capabilities":{"browserName":"chrome","goog:chromeOptions":{"binary":"C:\\Program Files\\Google\\Chrome\\Application\\chrome.exe","args":["--start-maximized"]}},"logLevel":"warn","connectionRetryTimeout":120000,"connectionRetryCount":3,"logLevels":{},"enableDirectConnect":true,"strictSSL":true,"_":"65 more keys: [\"cacheDir\",\"port\",\"requestedCapabilities\",\"automationProtocol\",\"baseUrl\",\"waitforInterval\",\"waitforTimeout\",\"onReload\",\"beforeCommand\",\"afterCommand\",\"rootDir\",\"specs\",\"suites\",\"exclude\",\"groupLogsByTestSpec\",\"excludeDriverLogs\",\"bail\",\"framework\",\"reporters\",\"services\",\"maxInstances\",\"maxInstancesPerCapability\",\"injectGlobals\",\"filesToWatch\",\"execArgv\",\"runnerEnv\",\"runner\",\"shard\",\"specFileRetries\",\"specFileRetriesDelay\",\"specFileRetriesDeferred\",\"reporterSyncInterval\",\"reporterSyncTimeout\",\"cucumberFeaturesWithLineNumbers\",\"autoCompileOpts\",\"mochaOpts\",\"jasmineOpts\",\"cucumberOpts\",\"onPrepare\",\"onWorkerStart\",\"onWorkerEnd\",\"before\",\"beforeSession\",\"beforeSuite\",\"beforeHook\",\"beforeTest\",\"afterTest\",\"afterHook\",\"afterSuite\",\"afterSession\",\"after\",\"onComplete\",\"beforeAssertion\",\"afterAssertion\",\"beforeFeature\",\"beforeScenario\",\"beforeStep\",\"afterStep\",\"afterScenario\",\"afterFeature\",\"_\",\"suite\",\"$0\",\"ignoredWorkerServices\",\"wdi5\"]"}]}
COMMAND: POST /session/c3abc88c4085a1d56746dc5a5008fa37/execute/async - {"script":"<script> [21126 bytes]","args":[35000]}
RESULT: {"script":"<script> [21126 bytes]","args":[35000]}
]]></system-out>
    </testcase>
    <testcase classname="chrome.136_0_7103_49.windows.Create_2_RU_material_US118246" name="Create WHM material" time="196.867">
      <system-out><![CDATA[
COMMAND: POST /session/c3abc88c4085a1d56746dc5a5008fa37/element - {"using":"xpath","value":"//button[@data-kt=\"addNewRUOverflowToolbarButton\"]"}
RESULT: {"using":"xpath","value":"//button[@data-kt=\"addNewRUOverflowToolbarButton\"]"}
COMMAND: POST /session/c3abc88c4085a1d56746dc5a5008fa37/execute/sync - {"script":"<script> [8489 bytes]","args":[{"element-6066-11e4-a52e-4f735466cecf":"f.AF2E6E2CD8BF2B753D9461224F8C2D7E.d.A0C24C56AA0C931E1423964418D665BA.e.5519","ELEMENT":"f.AF2E6E2CD8BF2B753D9461224F8C2D7E.d.A0C24C56AA0C931E1423964418D665BA.e.5519"}]}
RESULT: {"script":"<script> [8489 bytes]","args":[{"element-6066-11e4-a52e-4f735466cecf":"f.AF2E6E2CD8BF2B753D9461224F8C2D7E.d.A0C24C56AA0C931E1423964418D665BA.e.5519","ELEMENT":"f.AF2E6E2CD8BF2B753D9461224F8C2D7E.d.A0C24C56AA0C931E1423964418D665BA.e.5519"}]}
COMMAND: POST /session/c3abc88c4085a1d56746dc5a5008fa37/element/f.AF2E6E2CD8BF2B753D9461224F8C2D7E.d.A0C24C56AA0C931E1423964418D665BA.e.5519/click - {}
COMMAND: GET /session/c3abc88c4085a1d56746dc5a5008fa37/screenshot - {}
RESULT: {}
COMMAND: GET /session/c3abc88c4085a1d56746dc5a5008fa37/screenshot - {}
RESULT: {}
RESULT: {}
COMMAND: POST /session/c3abc88c4085a1d56746dc5a5008fa37/execute/async - {"script":"<script> [1562 bytes]","args":[{"selector":{"controlType":"sap.m.ComboBox","viewName":"reusables.view.manageresources.NewResourceUnit","viewId":"application-manageresources-display-component---newResourceUnit","bindingPath":{"path":"","propertyPath":"/RuTypes","modelName":"catalogModel"},"searchOpenDialogs":true},"wdio_ui5_key":"reusablesview.manageresources.NewResourceUnitsap.m.ComboBox{\"path\":\"\",\"propertyPath\":\"/RuTypes\",\"modelName\":\"catalogModel\"}"}]}
RESULT: {"script":"<script> [1562 bytes]","args":[{"selector":{"controlType":"sap.m.ComboBox","viewName":"reusables.view.manageresources.NewResourceUnit","viewId":"application-manageresources-display-component---newResourceUnit","bindingPath":{"path":"","propertyPath":"/RuTypes","modelName":"catalogModel"},"searchOpenDialogs":true},"wdio_ui5_key":"reusablesview.manageresources.NewResourceUnitsap.m.ComboBox{\"path\":\"\",\"propertyPath\":\"/RuTypes\",\"modelName\":\"catalogModel\"}"}]}
RESULT: undefined
COMMAND: POST /session/c3abc88c4085a1d56746dc5a5008fa37/execute/async - {"script":"<script> [1562 bytes]","args":[{"selector":{"controlType":"sap.m.ComboBox","viewName":"reusables.view.manageresources.NewResourceUnit","viewId":"application-manageresources-display-component---newResourceUnit","bindingPath":{"path":"","propertyPath":"/Yards","modelName":"catalogModel"},"searchOpenDialogs":true},"wdio_ui5_key":"reusablesview.manageresources.NewResourceUnitsap.m.ComboBox{\"path\":\"\",\"propertyPath\":\"/Yards\",\"modelName\":\"catalogModel\"}"}]}
RESULT: {"script":"<script> [1562 bytes]","args":[{"selector":{"controlType":"sap.m.ComboBox","viewName":"reusables.view.manageresources.NewResourceUnit","viewId":"application-manageresources-display-component---newResourceUnit","bindingPath":{"path":"","propertyPath":"/Yards","modelName":"catalogModel"},"searchOpenDialogs":true},"wdio_ui5_key":"reusablesview.manageresources.NewResourceUnitsap.m.ComboBox{\"path\":\"\",\"propertyPath\":\"/Yards\",\"modelName\":\"catalogModel\"}"}]}
RESULT: undefined
COMMAND: POST /session/c3abc88c4085a1d56746dc5a5008fa37/execute/async - {"script":"<script> [1562 bytes]","args":[{"selector":{"controlType":"etm.portal.ui.reusables.customControls.LiveSearchComboBox","viewName":"reusables.view.manageresources.NewResourceUnit","viewId":"application-manageresources-display-component---newResourceUnit","bindingPath":{"path":"","propertyPath":"/CatalogItems","modelName":"catalogModel"},"searchOpenDialogs":true},"wdio_ui5_key":"reusablesview.manageresources.NewResourceUnitetm.portal.ui.reusables.customControls.LiveSearchComboBox{\"path\":\"\",\"propertyPath\":\"/CatalogItems\",\"modelName\":\"catalogModel\"}"}]}
RESULT: {"script":"<script> [1562 bytes]","args":[{"selector":{"controlType":"etm.portal.ui.reusables.customControls.LiveSearchComboBox","viewName":"reusables.view.manageresources.NewResourceUnit","viewId":"application-manageresources-display-component---newResourceUnit","bindingPath":{"path":"","propertyPath":"/CatalogItems","modelName":"catalogModel"},"searchOpenDialogs":true},"wdio_ui5_key":"reusablesview.manageresources.NewResourceUnitetm.portal.ui.reusables.customControls.LiveSearchComboBox{\"path\":\"\",\"propertyPath\":\"/CatalogItems\",\"modelName\":\"catalogModel\"}"}]}
RESULT: undefined
COMMAND: POST /session/c3abc88c4085a1d56746dc5a5008fa37/element - {"using":"xpath","value":"//bdi[text()=\"OK\"]"}
RESULT: {"using":"xpath","value":"//bdi[text()=\"OK\"]"}
COMMAND: POST /session/c3abc88c4085a1d56746dc5a5008fa37/elements - {"using":"xpath","value":"//bdi[text()=\"OK\"]"}
RESULT: {"using":"xpath","value":"//bdi[text()=\"OK\"]"}
COMMAND: POST /session/c3abc88c4085a1d56746dc5a5008fa37/elements - {"using":"xpath","value":"//bdi[text()=\"OK\"]"}
RESULT: {"using":"xpath","value":"//bdi[text()=\"OK\"]"}
COMMAND: POST /session/c3abc88c4085a1d56746dc5a5008fa37/elements - {"using":"xpath","value":"//bdi[text()=\"OK\"]"}
RESULT: {"using":"xpath","value":"//bdi[text()=\"OK\"]"}
COMMAND: POST /session/c3abc88c4085a1d56746dc5a5008fa37/elements - {"using":"xpath","value":"//bdi[text()=\"OK\"]"}
RESULT: {"using":"xpath","value":"//bdi[text()=\"OK\"]"}
COMMAND: POST /session/c3abc88c4085a1d56746dc5a5008fa37/elements - {"using":"xpath","value":"//bdi[text()=\"OK\"]"}
RESULT: {"using":"xpath","value":"//bdi[text()=\"OK\"]"}
COMMAND: POST /session/c3abc88c4085a1d56746dc5a5008fa37/elements - {"using":"xpath","value":"//bdi[text()=\"OK\"]"}
RESULT: {"using":"xpath","value":"//bdi[text()=\"OK\"]"}
COMMAND: POST /session/c3abc88c4085a1d56746dc5a5008fa37/elements - {"using":"xpath","value":"//bdi[text()=\"OK\"]"}
RESULT: {"using":"xpath","value":"//bdi[text()=\"OK\"]"}
COMMAND: POST /session/c3abc88c4085a1d56746dc5a5008fa37/elements - {"using":"xpath","value":"//bdi[text()=\"OK\"]"}
RESULT: {"using":"xpath","value":"//bdi[text()=\"OK\"]"}
COMMAND: POST /session/c3abc88c4085a1d56746dc5a5008fa37/elements - {"using":"xpath","value":"//bdi[text()=\"OK\"]"}
RESULT: {"using":"xpath","value":"//bdi[text()=\"OK\"]"}
COMMAND: POST /session/c3abc88c4085a1d56746dc5a5008fa37/elements - {"using":"xpath","value":"//bdi[text()=\"OK\"]"}
RESULT: {"using":"xpath","value":"//bdi[text()=\"OK\"]"}
COMMAND: POST /session/c3abc88c4085a1d56746dc5a5008fa37/elements - {"using":"xpath","value":"//bdi[text()=\"OK\"]"}
RESULT: {"using":"xpath","value":"//bdi[text()=\"OK\"]"}
COMMAND: POST /session/c3abc88c4085a1d56746dc5a5008fa37/elements - {"using":"xpath","value":"//bdi[text()=\"OK\"]"}
RESULT: {"using":"xpath","value":"//bdi[text()=\"OK\"]"}
COMMAND: POST /session/c3abc88c4085a1d56746dc5a5008fa37/elements - {"using":"xpath","value":"//bdi[text()=\"OK\"]"}
RESULT: {"using":"xpath","value":"//bdi[text()=\"OK\"]"}
COMMAND: POST /session/c3abc88c4085a1d56746dc5a5008fa37/elements - {"using":"xpath","value":"//bdi[text()=\"OK\"]"}
RESULT: {"using":"xpath","value":"//bdi[text()=\"OK\"]"}
COMMAND: POST /session/c3abc88c4085a1d56746dc5a5008fa37/elements - {"using":"xpath","value":"//bdi[text()=\"OK\"]"}
RESULT: {"using":"xpath","value":"//bdi[text()=\"OK\"]"}
COMMAND: POST /session/c3abc88c4085a1d56746dc5a5008fa37/elements - {"using":"xpath","value":"//bdi[text()=\"OK\"]"}
RESULT: {"using":"xpath","value":"//bdi[text()=\"OK\"]"}
COMMAND: POST /session/c3abc88c4085a1d56746dc5a5008fa37/elements - {"using":"xpath","value":"//bdi[text()=\"OK\"]"}
RESULT: {"using":"xpath","value":"//bdi[text()=\"OK\"]"}
COMMAND: POST /session/c3abc88c4085a1d56746dc5a5008fa37/elements - {"using":"xpath","value":"//bdi[text()=\"OK\"]"}
RESULT: {"using":"xpath","value":"//bdi[text()=\"OK\"]"}
COMMAND: POST /session/c3abc88c4085a1d56746dc5a5008fa37/elements - {"using":"xpath","value":"//bdi[text()=\"OK\"]"}
RESULT: {"using":"xpath","value":"//bdi[text()=\"OK\"]"}
COMMAND: POST /session/c3abc88c4085a1d56746dc5a5008fa37/elements - {"using":"xpath","value":"//bdi[text()=\"OK\"]"}
RESULT: {"using":"xpath","value":"//bdi[text()=\"OK\"]"}
COMMAND: POST /session/c3abc88c4085a1d56746dc5a5008fa37/elements - {"using":"xpath","value":"//bdi[text()=\"OK\"]"}
RESULT: {"using":"xpath","value":"//bdi[text()=\"OK\"]"}
COMMAND: POST /session/c3abc88c4085a1d56746dc5a5008fa37/elements - {"using":"xpath","value":"//bdi[text()=\"OK\"]"}
RESULT: {"using":"xpath","value":"//bdi[text()=\"OK\"]"}
COMMAND: POST /session/c3abc88c4085a1d56746dc5a5008fa37/elements - {"using":"xpath","value":"//bdi[text()=\"OK\"]"}
RESULT: {"using":"xpath","value":"//bdi[text()=\"OK\"]"}
COMMAND: POST /session/c3abc88c4085a1d56746dc5a5008fa37/elements - {"using":"xpath","value":"//bdi[text()=\"OK\"]"}
RESULT: {"using":"xpath","value":"//bdi[text()=\"OK\"]"}
COMMAND: POST /session/c3abc88c4085a1d56746dc5a5008fa37/elements - {"using":"xpath","value":"//bdi[text()=\"OK\"]"}
RESULT: {"using":"xpath","value":"//bdi[text()=\"OK\"]"}
COMMAND: POST /session/c3abc88c4085a1d56746dc5a5008fa37/elements - {"using":"xpath","value":"//bdi[text()=\"OK\"]"}
RESULT: {"using":"xpath","value":"//bdi[text()=\"OK\"]"}
COMMAND: POST /session/c3abc88c4085a1d56746dc5a5008fa37/elements - {"using":"xpath","value":"//bdi[text()=\"OK\"]"}
RESULT: {"using":"xpath","value":"//bdi[text()=\"OK\"]"}
COMMAND: POST /session/c3abc88c4085a1d56746dc5a5008fa37/elements - {"using":"xpath","value":"//bdi[text()=\"OK\"]"}
RESULT: {"using":"xpath","value":"//bdi[text()=\"OK\"]"}
COMMAND: POST /session/c3abc88c4085a1d56746dc5a5008fa37/elements - {"using":"xpath","value":"//bdi[text()=\"OK\"]"}
RESULT: {"using":"xpath","value":"//bdi[text()=\"OK\"]"}
COMMAND: POST /session/c3abc88c4085a1d56746dc5a5008fa37/elements - {"using":"xpath","value":"//bdi[text()=\"OK\"]"}
RESULT: {"using":"xpath","value":"//bdi[text()=\"OK\"]"}
COMMAND: POST /session/c3abc88c4085a1d56746dc5a5008fa37/elements - {"using":"xpath","value":"//bdi[text()=\"OK\"]"}
RESULT: {"using":"xpath","value":"//bdi[text()=\"OK\"]"}
COMMAND: POST /session/c3abc88c4085a1d56746dc5a5008fa37/elements - {"using":"xpath","value":"//bdi[text()=\"OK\"]"}
RESULT: {"using":"xpath","value":"//bdi[text()=\"OK\"]"}
COMMAND: POST /session/c3abc88c4085a1d56746dc5a5008fa37/elements - {"using":"xpath","value":"//bdi[text()=\"OK\"]"}
RESULT: {"using":"xpath","value":"//bdi[text()=\"OK\"]"}
COMMAND: POST /session/c3abc88c4085a1d56746dc5a5008fa37/elements - {"using":"xpath","value":"//bdi[text()=\"OK\"]"}
RESULT: {"using":"xpath","value":"//bdi[text()=\"OK\"]"}
COMMAND: POST /session/c3abc88c4085a1d56746dc5a5008fa37/elements - {"using":"xpath","value":"//bdi[text()=\"OK\"]"}
RESULT: {"using":"xpath","value":"//bdi[text()=\"OK\"]"}
COMMAND: POST /session/c3abc88c4085a1d56746dc5a5008fa37/elements - {"using":"xpath","value":"//bdi[text()=\"OK\"]"}
RESULT: {"using":"xpath","value":"//bdi[text()=\"OK\"]"}
COMMAND: POST /session/c3abc88c4085a1d56746dc5a5008fa37/elements - {"using":"xpath","value":"//bdi[text()=\"OK\"]"}
RESULT: {"using":"xpath","value":"//bdi[text()=\"OK\"]"}
COMMAND: POST /session/c3abc88c4085a1d56746dc5a5008fa37/elements - {"using":"xpath","value":"//bdi[text()=\"OK\"]"}
RESULT: {"using":"xpath","value":"//bdi[text()=\"OK\"]"}
COMMAND: POST /session/c3abc88c4085a1d56746dc5a5008fa37/elements - {"using":"xpath","value":"//bdi[text()=\"OK\"]"}
RESULT: {"using":"xpath","value":"//bdi[text()=\"OK\"]"}
COMMAND: POST /session/c3abc88c4085a1d56746dc5a5008fa37/elements - {"using":"xpath","value":"//bdi[text()=\"OK\"]"}
RESULT: {"using":"xpath","value":"//bdi[text()=\"OK\"]"}
COMMAND: POST /session/c3abc88c4085a1d56746dc5a5008fa37/elements - {"using":"xpath","value":"//bdi[text()=\"OK\"]"}
RESULT: {"using":"xpath","value":"//bdi[text()=\"OK\"]"}
COMMAND: POST /session/c3abc88c4085a1d56746dc5a5008fa37/elements - {"using":"xpath","value":"//bdi[text()=\"OK\"]"}
RESULT: {"using":"xpath","value":"//bdi[text()=\"OK\"]"}
COMMAND: POST /session/c3abc88c4085a1d56746dc5a5008fa37/elements - {"using":"xpath","value":"//bdi[text()=\"OK\"]"}
RESULT: {"using":"xpath","value":"//bdi[text()=\"OK\"]"}
COMMAND: POST /session/c3abc88c4085a1d56746dc5a5008fa37/elements - {"using":"xpath","value":"//bdi[text()=\"OK\"]"}
RESULT: {"using":"xpath","value":"//bdi[text()=\"OK\"]"}
COMMAND: POST /session/c3abc88c4085a1d56746dc5a5008fa37/elements - {"using":"xpath","value":"//bdi[text()=\"OK\"]"}
RESULT: {"using":"xpath","value":"//bdi[text()=\"OK\"]"}
COMMAND: POST /session/c3abc88c4085a1d56746dc5a5008fa37/elements - {"using":"xpath","value":"//bdi[text()=\"OK\"]"}
RESULT: {"using":"xpath","value":"//bdi[text()=\"OK\"]"}
COMMAND: POST /session/c3abc88c4085a1d56746dc5a5008fa37/elements - {"using":"xpath","value":"//bdi[text()=\"OK\"]"}
RESULT: {"using":"xpath","value":"//bdi[text()=\"OK\"]"}
COMMAND: POST /session/c3abc88c4085a1d56746dc5a5008fa37/elements - {"using":"xpath","value":"//bdi[text()=\"OK\"]"}
RESULT: {"using":"xpath","value":"//bdi[text()=\"OK\"]"}
COMMAND: POST /session/c3abc88c4085a1d56746dc5a5008fa37/elements - {"using":"xpath","value":"//bdi[text()=\"OK\"]"}
RESULT: {"using":"xpath","value":"//bdi[text()=\"OK\"]"}
COMMAND: POST /session/c3abc88c4085a1d56746dc5a5008fa37/elements - {"using":"xpath","value":"//bdi[text()=\"OK\"]"}
RESULT: {"using":"xpath","value":"//bdi[text()=\"OK\"]"}
COMMAND: POST /session/c3abc88c4085a1d56746dc5a5008fa37/elements - {"using":"xpath","value":"//bdi[text()=\"OK\"]"}
RESULT: {"using":"xpath","value":"//bdi[text()=\"OK\"]"}
COMMAND: POST /session/c3abc88c4085a1d56746dc5a5008fa37/elements - {"using":"xpath","value":"//bdi[text()=\"OK\"]"}
RESULT: {"using":"xpath","value":"//bdi[text()=\"OK\"]"}
COMMAND: POST /session/c3abc88c4085a1d56746dc5a5008fa37/elements - {"using":"xpath","value":"//bdi[text()=\"OK\"]"}
RESULT: {"using":"xpath","value":"//bdi[text()=\"OK\"]"}
COMMAND: POST /session/c3abc88c4085a1d56746dc5a5008fa37/elements - {"using":"xpath","value":"//bdi[text()=\"OK\"]"}
RESULT: {"using":"xpath","value":"//bdi[text()=\"OK\"]"}
COMMAND: POST /session/c3abc88c4085a1d56746dc5a5008fa37/elements - {"using":"xpath","value":"//bdi[text()=\"OK\"]"}
RESULT: {"using":"xpath","value":"//bdi[text()=\"OK\"]"}
COMMAND: POST /session/c3abc88c4085a1d56746dc5a5008fa37/elements - {"using":"xpath","value":"//bdi[text()=\"OK\"]"}
RESULT: {"using":"xpath","value":"//bdi[text()=\"OK\"]"}
COMMAND: POST /session/c3abc88c4085a1d56746dc5a5008fa37/elements - {"using":"xpath","value":"//bdi[text()=\"OK\"]"}
RESULT: {"using":"xpath","value":"//bdi[text()=\"OK\"]"}
COMMAND: POST /session/c3abc88c4085a1d56746dc5a5008fa37/elements - {"using":"xpath","value":"//bdi[text()=\"OK\"]"}
RESULT: {"using":"xpath","value":"//bdi[text()=\"OK\"]"}
COMMAND: POST /session/c3abc88c4085a1d56746dc5a5008fa37/elements - {"using":"xpath","value":"//bdi[text()=\"OK\"]"}
RESULT: {"using":"xpath","value":"//bdi[text()=\"OK\"]"}
COMMAND: POST /session/c3abc88c4085a1d56746dc5a5008fa37/elements - {"using":"xpath","value":"//bdi[text()=\"OK\"]"}
RESULT: {"using":"xpath","value":"//bdi[text()=\"OK\"]"}
COMMAND: POST /session/c3abc88c4085a1d56746dc5a5008fa37/elements - {"using":"xpath","value":"//bdi[text()=\"OK\"]"}
RESULT: {"using":"xpath","value":"//bdi[text()=\"OK\"]"}
COMMAND: POST /session/c3abc88c4085a1d56746dc5a5008fa37/elements - {"using":"xpath","value":"//bdi[text()=\"OK\"]"}
RESULT: {"using":"xpath","value":"//bdi[text()=\"OK\"]"}
COMMAND: POST /session/c3abc88c4085a1d56746dc5a5008fa37/elements - {"using":"xpath","value":"//bdi[text()=\"OK\"]"}
RESULT: {"using":"xpath","value":"//bdi[text()=\"OK\"]"}
COMMAND: POST /session/c3abc88c4085a1d56746dc5a5008fa37/elements - {"using":"xpath","value":"//bdi[text()=\"OK\"]"}
RESULT: {"using":"xpath","value":"//bdi[text()=\"OK\"]"}
COMMAND: POST /session/c3abc88c4085a1d56746dc5a5008fa37/elements - {"using":"xpath","value":"//bdi[text()=\"OK\"]"}
RESULT: {"using":"xpath","value":"//bdi[text()=\"OK\"]"}
COMMAND: POST /session/c3abc88c4085a1d56746dc5a5008fa37/elements - {"using":"xpath","value":"//bdi[text()=\"OK\"]"}
RESULT: {"using":"xpath","value":"//bdi[text()=\"OK\"]"}
COMMAND: POST /session/c3abc88c4085a1d56746dc5a5008fa37/elements - {"using":"xpath","value":"//bdi[text()=\"OK\"]"}
RESULT: {"using":"xpath","value":"//bdi[text()=\"OK\"]"}
COMMAND: POST /session/c3abc88c4085a1d56746dc5a5008fa37/elements - {"using":"xpath","value":"//bdi[text()=\"OK\"]"}
RESULT: {"using":"xpath","value":"//bdi[text()=\"OK\"]"}
COMMAND: POST /session/c3abc88c4085a1d56746dc5a5008fa37/elements - {"using":"xpath","value":"//bdi[text()=\"OK\"]"}
RESULT: {"using":"xpath","value":"//bdi[text()=\"OK\"]"}
COMMAND: POST /session/c3abc88c4085a1d56746dc5a5008fa37/elements - {"using":"xpath","value":"//bdi[text()=\"OK\"]"}
RESULT: {"using":"xpath","value":"//bdi[text()=\"OK\"]"}
COMMAND: POST /session/c3abc88c4085a1d56746dc5a5008fa37/elements - {"using":"xpath","value":"//bdi[text()=\"OK\"]"}
RESULT: {"using":"xpath","value":"//bdi[text()=\"OK\"]"}
COMMAND: POST /session/c3abc88c4085a1d56746dc5a5008fa37/elements - {"using":"xpath","value":"//bdi[text()=\"OK\"]"}
RESULT: {"using":"xpath","value":"//bdi[text()=\"OK\"]"}
COMMAND: POST /session/c3abc88c4085a1d56746dc5a5008fa37/elements - {"using":"xpath","value":"//bdi[text()=\"OK\"]"}
RESULT: {"using":"xpath","value":"//bdi[text()=\"OK\"]"}
COMMAND: POST /session/c3abc88c4085a1d56746dc5a5008fa37/elements - {"using":"xpath","value":"//bdi[text()=\"OK\"]"}
RESULT: {"using":"xpath","value":"//bdi[text()=\"OK\"]"}
COMMAND: POST /session/c3abc88c4085a1d56746dc5a5008fa37/elements - {"using":"xpath","value":"//bdi[text()=\"OK\"]"}
RESULT: {"using":"xpath","value":"//bdi[text()=\"OK\"]"}
COMMAND: POST /session/c3abc88c4085a1d56746dc5a5008fa37/elements - {"using":"xpath","value":"//bdi[text()=\"OK\"]"}
RESULT: {"using":"xpath","value":"//bdi[text()=\"OK\"]"}
COMMAND: POST /session/c3abc88c4085a1d56746dc5a5008fa37/elements - {"using":"xpath","value":"//bdi[text()=\"OK\"]"}
RESULT: {"using":"xpath","value":"//bdi[text()=\"OK\"]"}
COMMAND: POST /session/c3abc88c4085a1d56746dc5a5008fa37/elements - {"using":"xpath","value":"//bdi[text()=\"OK\"]"}
RESULT: {"using":"xpath","value":"//bdi[text()=\"OK\"]"}
COMMAND: POST /session/c3abc88c4085a1d56746dc5a5008fa37/elements - {"using":"xpath","value":"//bdi[text()=\"OK\"]"}
RESULT: {"using":"xpath","value":"//bdi[text()=\"OK\"]"}
COMMAND: POST /session/c3abc88c4085a1d56746dc5a5008fa37/elements - {"using":"xpath","value":"//bdi[text()=\"OK\"]"}
RESULT: {"using":"xpath","value":"//bdi[text()=\"OK\"]"}
COMMAND: POST /session/c3abc88c4085a1d56746dc5a5008fa37/elements - {"using":"xpath","value":"//bdi[text()=\"OK\"]"}
RESULT: {"using":"xpath","value":"//bdi[text()=\"OK\"]"}
COMMAND: POST /session/c3abc88c4085a1d56746dc5a5008fa37/elements - {"using":"xpath","value":"//bdi[text()=\"OK\"]"}
RESULT: {"using":"xpath","value":"//bdi[text()=\"OK\"]"}
COMMAND: POST /session/c3abc88c4085a1d56746dc5a5008fa37/elements - {"using":"xpath","value":"//bdi[text()=\"OK\"]"}
RESULT: {"using":"xpath","value":"//bdi[text()=\"OK\"]"}
COMMAND: POST /session/c3abc88c4085a1d56746dc5a5008fa37/elements - {"using":"xpath","value":"//bdi[text()=\"OK\"]"}
RESULT: {"using":"xpath","value":"//bdi[text()=\"OK\"]"}
COMMAND: POST /session/c3abc88c4085a1d56746dc5a5008fa37/elements - {"using":"xpath","value":"//bdi[text()=\"OK\"]"}
RESULT: {"using":"xpath","value":"//bdi[text()=\"OK\"]"}
COMMAND: POST /session/c3abc88c4085a1d56746dc5a5008fa37/elements - {"using":"xpath","value":"//bdi[text()=\"OK\"]"}
RESULT: {"using":"xpath","value":"//bdi[text()=\"OK\"]"}
COMMAND: POST /session/c3abc88c4085a1d56746dc5a5008fa37/elements - {"using":"xpath","value":"//bdi[text()=\"OK\"]"}
RESULT: {"using":"xpath","value":"//bdi[text()=\"OK\"]"}
COMMAND: POST /session/c3abc88c4085a1d56746dc5a5008fa37/elements - {"using":"xpath","value":"//bdi[text()=\"OK\"]"}
RESULT: {"using":"xpath","value":"//bdi[text()=\"OK\"]"}
COMMAND: POST /session/c3abc88c4085a1d56746dc5a5008fa37/elements - {"using":"xpath","value":"//bdi[text()=\"OK\"]"}
RESULT: {"using":"xpath","value":"//bdi[text()=\"OK\"]"}
COMMAND: POST /session/c3abc88c4085a1d56746dc5a5008fa37/elements - {"using":"xpath","value":"//bdi[text()=\"OK\"]"}
RESULT: {"using":"xpath","value":"//bdi[text()=\"OK\"]"}
COMMAND: POST /session/c3abc88c4085a1d56746dc5a5008fa37/elements - {"using":"xpath","value":"//bdi[text()=\"OK\"]"}
RESULT: {"using":"xpath","value":"//bdi[text()=\"OK\"]"}
COMMAND: POST /session/c3abc88c4085a1d56746dc5a5008fa37/elements - {"using":"xpath","value":"//bdi[text()=\"OK\"]"}
RESULT: {"using":"xpath","value":"//bdi[text()=\"OK\"]"}
COMMAND: POST /session/c3abc88c4085a1d56746dc5a5008fa37/elements - {"using":"xpath","value":"//bdi[text()=\"OK\"]"}
RESULT: {"using":"xpath","value":"//bdi[text()=\"OK\"]"}
COMMAND: POST /session/c3abc88c4085a1d56746dc5a5008fa37/elements - {"using":"xpath","value":"//bdi[text()=\"OK\"]"}
RESULT: {"using":"xpath","value":"//bdi[text()=\"OK\"]"}
COMMAND: POST /session/c3abc88c4085a1d56746dc5a5008fa37/elements - {"using":"xpath","value":"//bdi[text()=\"OK\"]"}
RESULT: {"using":"xpath","value":"//bdi[text()=\"OK\"]"}
COMMAND: POST /session/c3abc88c4085a1d56746dc5a5008fa37/elements - {"using":"xpath","value":"//bdi[text()=\"OK\"]"}
RESULT: {"using":"xpath","value":"//bdi[text()=\"OK\"]"}
COMMAND: POST /session/c3abc88c4085a1d56746dc5a5008fa37/elements - {"using":"xpath","value":"//bdi[text()=\"OK\"]"}
RESULT: {"using":"xpath","value":"//bdi[text()=\"OK\"]"}
COMMAND: POST /session/c3abc88c4085a1d56746dc5a5008fa37/elements - {"using":"xpath","value":"//bdi[text()=\"OK\"]"}
RESULT: {"using":"xpath","value":"//bdi[text()=\"OK\"]"}
COMMAND: POST /session/c3abc88c4085a1d56746dc5a5008fa37/elements - {"using":"xpath","value":"//bdi[text()=\"OK\"]"}
RESULT: {"using":"xpath","value":"//bdi[text()=\"OK\"]"}
COMMAND: POST /session/c3abc88c4085a1d56746dc5a5008fa37/elements - {"using":"xpath","value":"//bdi[text()=\"OK\"]"}
RESULT: {"using":"xpath","value":"//bdi[text()=\"OK\"]"}
COMMAND: POST /session/c3abc88c4085a1d56746dc5a5008fa37/elements - {"using":"xpath","value":"//bdi[text()=\"OK\"]"}
RESULT: {"using":"xpath","value":"//bdi[text()=\"OK\"]"}
COMMAND: POST /session/c3abc88c4085a1d56746dc5a5008fa37/elements - {"using":"xpath","value":"//bdi[text()=\"OK\"]"}
RESULT: {"using":"xpath","value":"//bdi[text()=\"OK\"]"}
COMMAND: POST /session/c3abc88c4085a1d56746dc5a5008fa37/elements - {"using":"xpath","value":"//bdi[text()=\"OK\"]"}
RESULT: {"using":"xpath","value":"//bdi[text()=\"OK\"]"}
COMMAND: POST /session/c3abc88c4085a1d56746dc5a5008fa37/elements - {"using":"xpath","value":"//bdi[text()=\"OK\"]"}
RESULT: {"using":"xpath","value":"//bdi[text()=\"OK\"]"}
COMMAND: POST /session/c3abc88c4085a1d56746dc5a5008fa37/elements - {"using":"xpath","value":"//bdi[text()=\"OK\"]"}
RESULT: {"using":"xpath","value":"//bdi[text()=\"OK\"]"}
COMMAND: POST /session/c3abc88c4085a1d56746dc5a5008fa37/elements - {"using":"xpath","value":"//bdi[text()=\"OK\"]"}
RESULT: {"using":"xpath","value":"//bdi[text()=\"OK\"]"}
COMMAND: POST /session/c3abc88c4085a1d56746dc5a5008fa37/elements - {"using":"xpath","value":"//bdi[text()=\"OK\"]"}
RESULT: {"using":"xpath","value":"//bdi[text()=\"OK\"]"}
COMMAND: POST /session/c3abc88c4085a1d56746dc5a5008fa37/elements - {"using":"xpath","value":"//bdi[text()=\"OK\"]"}
RESULT: {"using":"xpath","value":"//bdi[text()=\"OK\"]"}
COMMAND: POST /session/c3abc88c4085a1d56746dc5a5008fa37/elements - {"using":"xpath","value":"//bdi[text()=\"OK\"]"}
RESULT: {"using":"xpath","value":"//bdi[text()=\"OK\"]"}
COMMAND: POST /session/c3abc88c4085a1d56746dc5a5008fa37/elements - {"using":"xpath","value":"//bdi[text()=\"OK\"]"}
RESULT: {"using":"xpath","value":"//bdi[text()=\"OK\"]"}
COMMAND: POST /session/c3abc88c4085a1d56746dc5a5008fa37/elements - {"using":"xpath","value":"//bdi[text()=\"OK\"]"}
RESULT: {"using":"xpath","value":"//bdi[text()=\"OK\"]"}
COMMAND: POST /session/c3abc88c4085a1d56746dc5a5008fa37/elements - {"using":"xpath","value":"//bdi[text()=\"OK\"]"}
RESULT: {"using":"xpath","value":"//bdi[text()=\"OK\"]"}
COMMAND: POST /session/c3abc88c4085a1d56746dc5a5008fa37/elements - {"using":"xpath","value":"//bdi[text()=\"OK\"]"}
RESULT: {"using":"xpath","value":"//bdi[text()=\"OK\"]"}
COMMAND: POST /session/c3abc88c4085a1d56746dc5a5008fa37/elements - {"using":"xpath","value":"//bdi[text()=\"OK\"]"}
RESULT: {"using":"xpath","value":"//bdi[text()=\"OK\"]"}
COMMAND: POST /session/c3abc88c4085a1d56746dc5a5008fa37/elements - {"using":"xpath","value":"//bdi[text()=\"OK\"]"}
RESULT: {"using":"xpath","value":"//bdi[text()=\"OK\"]"}
COMMAND: POST /session/c3abc88c4085a1d56746dc5a5008fa37/elements - {"using":"xpath","value":"//bdi[text()=\"OK\"]"}
RESULT: {"using":"xpath","value":"//bdi[text()=\"OK\"]"}
COMMAND: POST /session/c3abc88c4085a1d56746dc5a5008fa37/elements - {"using":"xpath","value":"//bdi[text()=\"OK\"]"}
RESULT: {"using":"xpath","value":"//bdi[text()=\"OK\"]"}
COMMAND: POST /session/c3abc88c4085a1d56746dc5a5008fa37/elements - {"using":"xpath","value":"//bdi[text()=\"OK\"]"}
RESULT: {"using":"xpath","value":"//bdi[text()=\"OK\"]"}
COMMAND: POST /session/c3abc88c4085a1d56746dc5a5008fa37/elements - {"using":"xpath","value":"//bdi[text()=\"OK\"]"}
RESULT: {"using":"xpath","value":"//bdi[text()=\"OK\"]"}
COMMAND: POST /session/c3abc88c4085a1d56746dc5a5008fa37/elements - {"using":"xpath","value":"//bdi[text()=\"OK\"]"}
RESULT: {"using":"xpath","value":"//bdi[text()=\"OK\"]"}
COMMAND: POST /session/c3abc88c4085a1d56746dc5a5008fa37/element - {"using":"xpath","value":"//bdi[text()=\"OK\"]"}
RESULT: {"using":"xpath","value":"//bdi[text()=\"OK\"]"}
COMMAND: POST /session/c3abc88c4085a1d56746dc5a5008fa37/elements - {"using":"xpath","value":"//bdi[text()=\"OK\"]"}
RESULT: {"using":"xpath","value":"//bdi[text()=\"OK\"]"}
COMMAND: POST /session/c3abc88c4085a1d56746dc5a5008fa37/elements - {"using":"xpath","value":"//bdi[text()=\"OK\"]"}
RESULT: {"using":"xpath","value":"//bdi[text()=\"OK\"]"}
COMMAND: POST /session/c3abc88c4085a1d56746dc5a5008fa37/elements - {"using":"xpath","value":"//bdi[text()=\"OK\"]"}
RESULT: {"using":"xpath","value":"//bdi[text()=\"OK\"]"}
COMMAND: POST /session/c3abc88c4085a1d56746dc5a5008fa37/elements - {"using":"xpath","value":"//bdi[text()=\"OK\"]"}
RESULT: {"using":"xpath","value":"//bdi[text()=\"OK\"]"}
COMMAND: POST /session/c3abc88c4085a1d56746dc5a5008fa37/elements - {"using":"xpath","value":"//bdi[text()=\"OK\"]"}
RESULT: {"using":"xpath","value":"//bdi[text()=\"OK\"]"}
COMMAND: POST /session/c3abc88c4085a1d56746dc5a5008fa37/elements - {"using":"xpath","value":"//bdi[text()=\"OK\"]"}
RESULT: {"using":"xpath","value":"//bdi[text()=\"OK\"]"}
COMMAND: POST /session/c3abc88c4085a1d56746dc5a5008fa37/elements - {"using":"xpath","value":"//bdi[text()=\"OK\"]"}
RESULT: {"using":"xpath","value":"//bdi[text()=\"OK\"]"}
COMMAND: POST /session/c3abc88c4085a1d56746dc5a5008fa37/elements - {"using":"xpath","value":"//bdi[text()=\"OK\"]"}
RESULT: {"using":"xpath","value":"//bdi[text()=\"OK\"]"}
COMMAND: POST /session/c3abc88c4085a1d56746dc5a5008fa37/elements - {"using":"xpath","value":"//bdi[text()=\"OK\"]"}
RESULT: {"using":"xpath","value":"//bdi[text()=\"OK\"]"}
COMMAND: POST /session/c3abc88c4085a1d56746dc5a5008fa37/elements - {"using":"xpath","value":"//bdi[text()=\"OK\"]"}
RESULT: {"using":"xpath","value":"//bdi[text()=\"OK\"]"}
COMMAND: POST /session/c3abc88c4085a1d56746dc5a5008fa37/elements - {"using":"xpath","value":"//bdi[text()=\"OK\"]"}
RESULT: {"using":"xpath","value":"//bdi[text()=\"OK\"]"}
COMMAND: POST /session/c3abc88c4085a1d56746dc5a5008fa37/elements - {"using":"xpath","value":"//bdi[text()=\"OK\"]"}
RESULT: {"using":"xpath","value":"//bdi[text()=\"OK\"]"}
COMMAND: POST /session/c3abc88c4085a1d56746dc5a5008fa37/elements - {"using":"xpath","value":"//bdi[text()=\"OK\"]"}
RESULT: {"using":"xpath","value":"//bdi[text()=\"OK\"]"}
COMMAND: POST /session/c3abc88c4085a1d56746dc5a5008fa37/elements - {"using":"xpath","value":"//bdi[text()=\"OK\"]"}
RESULT: {"using":"xpath","value":"//bdi[text()=\"OK\"]"}
COMMAND: POST /session/c3abc88c4085a1d56746dc5a5008fa37/elements - {"using":"xpath","value":"//bdi[text()=\"OK\"]"}
RESULT: {"using":"xpath","value":"//bdi[text()=\"OK\"]"}
COMMAND: POST /session/c3abc88c4085a1d56746dc5a5008fa37/elements - {"using":"xpath","value":"//bdi[text()=\"OK\"]"}
RESULT: {"using":"xpath","value":"//bdi[text()=\"OK\"]"}
COMMAND: POST /session/c3abc88c4085a1d56746dc5a5008fa37/elements - {"using":"xpath","value":"//bdi[text()=\"OK\"]"}
RESULT: {"using":"xpath","value":"//bdi[text()=\"OK\"]"}
COMMAND: POST /session/c3abc88c4085a1d56746dc5a5008fa37/elements - {"using":"xpath","value":"//bdi[text()=\"OK\"]"}
RESULT: {"using":"xpath","value":"//bdi[text()=\"OK\"]"}
COMMAND: POST /session/c3abc88c4085a1d56746dc5a5008fa37/elements - {"using":"xpath","value":"//bdi[text()=\"OK\"]"}
RESULT: {"using":"xpath","value":"//bdi[text()=\"OK\"]"}
COMMAND: POST /session/c3abc88c4085a1d56746dc5a5008fa37/elements - {"using":"xpath","value":"//bdi[text()=\"OK\"]"}
RESULT: {"using":"xpath","value":"//bdi[text()=\"OK\"]"}
COMMAND: POST /session/c3abc88c4085a1d56746dc5a5008fa37/elements - {"using":"xpath","value":"//bdi[text()=\"OK\"]"}
RESULT: {"using":"xpath","value":"//bdi[text()=\"OK\"]"}
COMMAND: POST /session/c3abc88c4085a1d56746dc5a5008fa37/elements - {"using":"xpath","value":"//bdi[text()=\"OK\"]"}
RESULT: {"using":"xpath","value":"//bdi[text()=\"OK\"]"}
COMMAND: POST /session/c3abc88c4085a1d56746dc5a5008fa37/elements - {"using":"xpath","value":"//bdi[text()=\"OK\"]"}
RESULT: {"using":"xpath","value":"//bdi[text()=\"OK\"]"}
COMMAND: POST /session/c3abc88c4085a1d56746dc5a5008fa37/elements - {"using":"xpath","value":"//bdi[text()=\"OK\"]"}
RESULT: {"using":"xpath","value":"//bdi[text()=\"OK\"]"}
COMMAND: POST /session/c3abc88c4085a1d56746dc5a5008fa37/elements - {"using":"xpath","value":"//bdi[text()=\"OK\"]"}
RESULT: {"using":"xpath","value":"//bdi[text()=\"OK\"]"}
COMMAND: POST /session/c3abc88c4085a1d56746dc5a5008fa37/elements - {"using":"xpath","value":"//bdi[text()=\"OK\"]"}
RESULT: {"using":"xpath","value":"//bdi[text()=\"OK\"]"}
COMMAND: POST /session/c3abc88c4085a1d56746dc5a5008fa37/elements - {"using":"xpath","value":"//bdi[text()=\"OK\"]"}
RESULT: {"using":"xpath","value":"//bdi[text()=\"OK\"]"}
COMMAND: POST /session/c3abc88c4085a1d56746dc5a5008fa37/elements - {"using":"xpath","value":"//bdi[text()=\"OK\"]"}
RESULT: {"using":"xpath","value":"//bdi[text()=\"OK\"]"}
COMMAND: POST /session/c3abc88c4085a1d56746dc5a5008fa37/elements - {"using":"xpath","value":"//bdi[text()=\"OK\"]"}
RESULT: {"using":"xpath","value":"//bdi[text()=\"OK\"]"}
COMMAND: POST /session/c3abc88c4085a1d56746dc5a5008fa37/elements - {"using":"xpath","value":"//bdi[text()=\"OK\"]"}
RESULT: {"using":"xpath","value":"//bdi[text()=\"OK\"]"}
COMMAND: POST /session/c3abc88c4085a1d56746dc5a5008fa37/elements - {"using":"xpath","value":"//bdi[text()=\"OK\"]"}
RESULT: {"using":"xpath","value":"//bdi[text()=\"OK\"]"}
COMMAND: POST /session/c3abc88c4085a1d56746dc5a5008fa37/elements - {"using":"xpath","value":"//bdi[text()=\"OK\"]"}
RESULT: {"using":"xpath","value":"//bdi[text()=\"OK\"]"}
COMMAND: POST /session/c3abc88c4085a1d56746dc5a5008fa37/elements - {"using":"xpath","value":"//bdi[text()=\"OK\"]"}
RESULT: {"using":"xpath","value":"//bdi[text()=\"OK\"]"}
COMMAND: POST /session/c3abc88c4085a1d56746dc5a5008fa37/elements - {"using":"xpath","value":"//bdi[text()=\"OK\"]"}
RESULT: {"using":"xpath","value":"//bdi[text()=\"OK\"]"}
COMMAND: POST /session/c3abc88c4085a1d56746dc5a5008fa37/elements - {"using":"xpath","value":"//bdi[text()=\"OK\"]"}
RESULT: {"using":"xpath","value":"//bdi[text()=\"OK\"]"}
COMMAND: POST /session/c3abc88c4085a1d56746dc5a5008fa37/elements - {"using":"xpath","value":"//bdi[text()=\"OK\"]"}
RESULT: {"using":"xpath","value":"//bdi[text()=\"OK\"]"}
COMMAND: POST /session/c3abc88c4085a1d56746dc5a5008fa37/elements - {"using":"xpath","value":"//bdi[text()=\"OK\"]"}
RESULT: {"using":"xpath","value":"//bdi[text()=\"OK\"]"}
COMMAND: POST /session/c3abc88c4085a1d56746dc5a5008fa37/elements - {"using":"xpath","value":"//bdi[text()=\"OK\"]"}
RESULT: {"using":"xpath","value":"//bdi[text()=\"OK\"]"}
COMMAND: POST /session/c3abc88c4085a1d56746dc5a5008fa37/elements - {"using":"xpath","value":"//bdi[text()=\"OK\"]"}
RESULT: {"using":"xpath","value":"//bdi[text()=\"OK\"]"}
COMMAND: POST /session/c3abc88c4085a1d56746dc5a5008fa37/elements - {"using":"xpath","value":"//bdi[text()=\"OK\"]"}
RESULT: {"using":"xpath","value":"//bdi[text()=\"OK\"]"}
COMMAND: POST /session/c3abc88c4085a1d56746dc5a5008fa37/elements - {"using":"xpath","value":"//bdi[text()=\"OK\"]"}
RESULT: {"using":"xpath","value":"//bdi[text()=\"OK\"]"}
COMMAND: POST /session/c3abc88c4085a1d56746dc5a5008fa37/elements - {"using":"xpath","value":"//bdi[text()=\"OK\"]"}
RESULT: {"using":"xpath","value":"//bdi[text()=\"OK\"]"}
COMMAND: POST /session/c3abc88c4085a1d56746dc5a5008fa37/elements - {"using":"xpath","value":"//bdi[text()=\"OK\"]"}
RESULT: {"using":"xpath","value":"//bdi[text()=\"OK\"]"}
COMMAND: POST /session/c3abc88c4085a1d56746dc5a5008fa37/elements - {"using":"xpath","value":"//bdi[text()=\"OK\"]"}
RESULT: {"using":"xpath","value":"//bdi[text()=\"OK\"]"}
COMMAND: POST /session/c3abc88c4085a1d56746dc5a5008fa37/elements - {"using":"xpath","value":"//bdi[text()=\"OK\"]"}
RESULT: {"using":"xpath","value":"//bdi[text()=\"OK\"]"}
COMMAND: POST /session/c3abc88c4085a1d56746dc5a5008fa37/elements - {"using":"xpath","value":"//bdi[text()=\"OK\"]"}
RESULT: {"using":"xpath","value":"//bdi[text()=\"OK\"]"}
COMMAND: POST /session/c3abc88c4085a1d56746dc5a5008fa37/elements - {"using":"xpath","value":"//bdi[text()=\"OK\"]"}
RESULT: {"using":"xpath","value":"//bdi[text()=\"OK\"]"}
COMMAND: POST /session/c3abc88c4085a1d56746dc5a5008fa37/elements - {"using":"xpath","value":"//bdi[text()=\"OK\"]"}
RESULT: {"using":"xpath","value":"//bdi[text()=\"OK\"]"}
COMMAND: POST /session/c3abc88c4085a1d56746dc5a5008fa37/elements - {"using":"xpath","value":"//bdi[text()=\"OK\"]"}
RESULT: {"using":"xpath","value":"//bdi[text()=\"OK\"]"}
COMMAND: POST /session/c3abc88c4085a1d56746dc5a5008fa37/elements - {"using":"xpath","value":"//bdi[text()=\"OK\"]"}
RESULT: {"using":"xpath","value":"//bdi[text()=\"OK\"]"}
COMMAND: POST /session/c3abc88c4085a1d56746dc5a5008fa37/elements - {"using":"xpath","value":"//bdi[text()=\"OK\"]"}
RESULT: {"using":"xpath","value":"//bdi[text()=\"OK\"]"}
COMMAND: POST /session/c3abc88c4085a1d56746dc5a5008fa37/elements - {"using":"xpath","value":"//bdi[text()=\"OK\"]"}
RESULT: {"using":"xpath","value":"//bdi[text()=\"OK\"]"}
COMMAND: POST /session/c3abc88c4085a1d56746dc5a5008fa37/elements - {"using":"xpath","value":"//bdi[text()=\"OK\"]"}
RESULT: {"using":"xpath","value":"//bdi[text()=\"OK\"]"}
COMMAND: POST /session/c3abc88c4085a1d56746dc5a5008fa37/elements - {"using":"xpath","value":"//bdi[text()=\"OK\"]"}
RESULT: {"using":"xpath","value":"//bdi[text()=\"OK\"]"}
COMMAND: POST /session/c3abc88c4085a1d56746dc5a5008fa37/elements - {"using":"xpath","value":"//bdi[text()=\"OK\"]"}
RESULT: {"using":"xpath","value":"//bdi[text()=\"OK\"]"}
COMMAND: POST /session/c3abc88c4085a1d56746dc5a5008fa37/elements - {"using":"xpath","value":"//bdi[text()=\"OK\"]"}
RESULT: {"using":"xpath","value":"//bdi[text()=\"OK\"]"}
COMMAND: POST /session/c3abc88c4085a1d56746dc5a5008fa37/elements - {"using":"xpath","value":"//bdi[text()=\"OK\"]"}
RESULT: {"using":"xpath","value":"//bdi[text()=\"OK\"]"}
COMMAND: POST /session/c3abc88c4085a1d56746dc5a5008fa37/elements - {"using":"xpath","value":"//bdi[text()=\"OK\"]"}
RESULT: {"using":"xpath","value":"//bdi[text()=\"OK\"]"}
COMMAND: POST /session/c3abc88c4085a1d56746dc5a5008fa37/elements - {"using":"xpath","value":"//bdi[text()=\"OK\"]"}
RESULT: {"using":"xpath","value":"//bdi[text()=\"OK\"]"}
COMMAND: POST /session/c3abc88c4085a1d56746dc5a5008fa37/elements - {"using":"xpath","value":"//bdi[text()=\"OK\"]"}
RESULT: {"using":"xpath","value":"//bdi[text()=\"OK\"]"}
COMMAND: POST /session/c3abc88c4085a1d56746dc5a5008fa37/elements - {"using":"xpath","value":"//bdi[text()=\"OK\"]"}
RESULT: {"using":"xpath","value":"//bdi[text()=\"OK\"]"}
COMMAND: POST /session/c3abc88c4085a1d56746dc5a5008fa37/elements - {"using":"xpath","value":"//bdi[text()=\"OK\"]"}
RESULT: {"using":"xpath","value":"//bdi[text()=\"OK\"]"}
COMMAND: POST /session/c3abc88c4085a1d56746dc5a5008fa37/elements - {"using":"xpath","value":"//bdi[text()=\"OK\"]"}
RESULT: {"using":"xpath","value":"//bdi[text()=\"OK\"]"}
COMMAND: POST /session/c3abc88c4085a1d56746dc5a5008fa37/elements - {"using":"xpath","value":"//bdi[text()=\"OK\"]"}
RESULT: {"using":"xpath","value":"//bdi[text()=\"OK\"]"}
COMMAND: POST /session/c3abc88c4085a1d56746dc5a5008fa37/elements - {"using":"xpath","value":"//bdi[text()=\"OK\"]"}
RESULT: {"using":"xpath","value":"//bdi[text()=\"OK\"]"}
COMMAND: POST /session/c3abc88c4085a1d56746dc5a5008fa37/elements - {"using":"xpath","value":"//bdi[text()=\"OK\"]"}
RESULT: {"using":"xpath","value":"//bdi[text()=\"OK\"]"}
COMMAND: POST /session/c3abc88c4085a1d56746dc5a5008fa37/elements - {"using":"xpath","value":"//bdi[text()=\"OK\"]"}
RESULT: {"using":"xpath","value":"//bdi[text()=\"OK\"]"}
COMMAND: POST /session/c3abc88c4085a1d56746dc5a5008fa37/elements - {"using":"xpath","value":"//bdi[text()=\"OK\"]"}
RESULT: {"using":"xpath","value":"//bdi[text()=\"OK\"]"}
COMMAND: POST /session/c3abc88c4085a1d56746dc5a5008fa37/elements - {"using":"xpath","value":"//bdi[text()=\"OK\"]"}
RESULT: {"using":"xpath","value":"//bdi[text()=\"OK\"]"}
COMMAND: POST /session/c3abc88c4085a1d56746dc5a5008fa37/elements - {"using":"xpath","value":"//bdi[text()=\"OK\"]"}
RESULT: {"using":"xpath","value":"//bdi[text()=\"OK\"]"}
COMMAND: POST /session/c3abc88c4085a1d56746dc5a5008fa37/elements - {"using":"xpath","value":"//bdi[text()=\"OK\"]"}
RESULT: {"using":"xpath","value":"//bdi[text()=\"OK\"]"}
COMMAND: POST /session/c3abc88c4085a1d56746dc5a5008fa37/elements - {"using":"xpath","value":"//bdi[text()=\"OK\"]"}
RESULT: {"using":"xpath","value":"//bdi[text()=\"OK\"]"}
COMMAND: POST /session/c3abc88c4085a1d56746dc5a5008fa37/elements - {"using":"xpath","value":"//bdi[text()=\"OK\"]"}
RESULT: {"using":"xpath","value":"//bdi[text()=\"OK\"]"}
COMMAND: POST /session/c3abc88c4085a1d56746dc5a5008fa37/elements - {"using":"xpath","value":"//bdi[text()=\"OK\"]"}
RESULT: {"using":"xpath","value":"//bdi[text()=\"OK\"]"}
COMMAND: POST /session/c3abc88c4085a1d56746dc5a5008fa37/elements - {"using":"xpath","value":"//bdi[text()=\"OK\"]"}
RESULT: {"using":"xpath","value":"//bdi[text()=\"OK\"]"}
COMMAND: POST /session/c3abc88c4085a1d56746dc5a5008fa37/elements - {"using":"xpath","value":"//bdi[text()=\"OK\"]"}
RESULT: {"using":"xpath","value":"//bdi[text()=\"OK\"]"}
COMMAND: POST /session/c3abc88c4085a1d56746dc5a5008fa37/elements - {"using":"xpath","value":"//bdi[text()=\"OK\"]"}
RESULT: {"using":"xpath","value":"//bdi[text()=\"OK\"]"}
COMMAND: POST /session/c3abc88c4085a1d56746dc5a5008fa37/elements - {"using":"xpath","value":"//bdi[text()=\"OK\"]"}
RESULT: {"using":"xpath","value":"//bdi[text()=\"OK\"]"}
COMMAND: POST /session/c3abc88c4085a1d56746dc5a5008fa37/elements - {"using":"xpath","value":"//bdi[text()=\"OK\"]"}
RESULT: {"using":"xpath","value":"//bdi[text()=\"OK\"]"}
COMMAND: POST /session/c3abc88c4085a1d56746dc5a5008fa37/elements - {"using":"xpath","value":"//bdi[text()=\"OK\"]"}
RESULT: {"using":"xpath","value":"//bdi[text()=\"OK\"]"}
COMMAND: POST /session/c3abc88c4085a1d56746dc5a5008fa37/elements - {"using":"xpath","value":"//bdi[text()=\"OK\"]"}
RESULT: {"using":"xpath","value":"//bdi[text()=\"OK\"]"}
COMMAND: POST /session/c3abc88c4085a1d56746dc5a5008fa37/elements - {"using":"xpath","value":"//bdi[text()=\"OK\"]"}
RESULT: {"using":"xpath","value":"//bdi[text()=\"OK\"]"}
COMMAND: POST /session/c3abc88c4085a1d56746dc5a5008fa37/elements - {"using":"xpath","value":"//bdi[text()=\"OK\"]"}
RESULT: {"using":"xpath","value":"//bdi[text()=\"OK\"]"}
COMMAND: POST /session/c3abc88c4085a1d56746dc5a5008fa37/elements - {"using":"xpath","value":"//bdi[text()=\"OK\"]"}
RESULT: {"using":"xpath","value":"//bdi[text()=\"OK\"]"}
COMMAND: POST /session/c3abc88c4085a1d56746dc5a5008fa37/elements - {"using":"xpath","value":"//bdi[text()=\"OK\"]"}
RESULT: {"using":"xpath","value":"//bdi[text()=\"OK\"]"}
COMMAND: POST /session/c3abc88c4085a1d56746dc5a5008fa37/elements - {"using":"xpath","value":"//bdi[text()=\"OK\"]"}
RESULT: {"using":"xpath","value":"//bdi[text()=\"OK\"]"}
COMMAND: POST /session/c3abc88c4085a1d56746dc5a5008fa37/elements - {"using":"xpath","value":"//bdi[text()=\"OK\"]"}
RESULT: {"using":"xpath","value":"//bdi[text()=\"OK\"]"}
COMMAND: POST /session/c3abc88c4085a1d56746dc5a5008fa37/elements - {"using":"xpath","value":"//bdi[text()=\"OK\"]"}
RESULT: {"using":"xpath","value":"//bdi[text()=\"OK\"]"}
COMMAND: POST /session/c3abc88c4085a1d56746dc5a5008fa37/elements - {"using":"xpath","value":"//bdi[text()=\"OK\"]"}
RESULT: {"using":"xpath","value":"//bdi[text()=\"OK\"]"}
COMMAND: POST /session/c3abc88c4085a1d56746dc5a5008fa37/elements - {"using":"xpath","value":"//bdi[text()=\"OK\"]"}
RESULT: {"using":"xpath","value":"//bdi[text()=\"OK\"]"}
COMMAND: POST /session/c3abc88c4085a1d56746dc5a5008fa37/elements - {"using":"xpath","value":"//bdi[text()=\"OK\"]"}
RESULT: {"using":"xpath","value":"//bdi[text()=\"OK\"]"}
COMMAND: POST /session/c3abc88c4085a1d56746dc5a5008fa37/elements - {"using":"xpath","value":"//bdi[text()=\"OK\"]"}
RESULT: {"using":"xpath","value":"//bdi[text()=\"OK\"]"}
COMMAND: POST /session/c3abc88c4085a1d56746dc5a5008fa37/elements - {"using":"xpath","value":"//bdi[text()=\"OK\"]"}
RESULT: {"using":"xpath","value":"//bdi[text()=\"OK\"]"}
COMMAND: POST /session/c3abc88c4085a1d56746dc5a5008fa37/elements - {"using":"xpath","value":"//bdi[text()=\"OK\"]"}
RESULT: {"using":"xpath","value":"//bdi[text()=\"OK\"]"}
COMMAND: POST /session/c3abc88c4085a1d56746dc5a5008fa37/elements - {"using":"xpath","value":"//bdi[text()=\"OK\"]"}
RESULT: {"using":"xpath","value":"//bdi[text()=\"OK\"]"}
COMMAND: POST /session/c3abc88c4085a1d56746dc5a5008fa37/elements - {"using":"xpath","value":"//bdi[text()=\"OK\"]"}
RESULT: {"using":"xpath","value":"//bdi[text()=\"OK\"]"}
COMMAND: POST /session/c3abc88c4085a1d56746dc5a5008fa37/elements - {"using":"xpath","value":"//bdi[text()=\"OK\"]"}
RESULT: {"using":"xpath","value":"//bdi[text()=\"OK\"]"}
COMMAND: POST /session/c3abc88c4085a1d56746dc5a5008fa37/elements - {"using":"xpath","value":"//bdi[text()=\"OK\"]"}
RESULT: {"using":"xpath","value":"//bdi[text()=\"OK\"]"}
COMMAND: POST /session/c3abc88c4085a1d56746dc5a5008fa37/elements - {"using":"xpath","value":"//bdi[text()=\"OK\"]"}
RESULT: {"using":"xpath","value":"//bdi[text()=\"OK\"]"}
COMMAND: POST /session/c3abc88c4085a1d56746dc5a5008fa37/elements - {"using":"xpath","value":"//bdi[text()=\"OK\"]"}
RESULT: {"using":"xpath","value":"//bdi[text()=\"OK\"]"}
COMMAND: POST /session/c3abc88c4085a1d56746dc5a5008fa37/elements - {"using":"xpath","value":"//bdi[text()=\"OK\"]"}
RESULT: {"using":"xpath","value":"//bdi[text()=\"OK\"]"}
COMMAND: POST /session/c3abc88c4085a1d56746dc5a5008fa37/elements - {"using":"xpath","value":"//bdi[text()=\"OK\"]"}
RESULT: {"using":"xpath","value":"//bdi[text()=\"OK\"]"}
COMMAND: POST /session/c3abc88c4085a1d56746dc5a5008fa37/elements - {"using":"xpath","value":"//bdi[text()=\"OK\"]"}
RESULT: {"using":"xpath","value":"//bdi[text()=\"OK\"]"}
COMMAND: POST /session/c3abc88c4085a1d56746dc5a5008fa37/elements - {"using":"xpath","value":"//bdi[text()=\"OK\"]"}
RESULT: {"using":"xpath","value":"//bdi[text()=\"OK\"]"}
COMMAND: POST /session/c3abc88c4085a1d56746dc5a5008fa37/elements - {"using":"xpath","value":"//bdi[text()=\"OK\"]"}
RESULT: {"using":"xpath","value":"//bdi[text()=\"OK\"]"}
COMMAND: POST /session/c3abc88c4085a1d56746dc5a5008fa37/elements - {"using":"xpath","value":"//bdi[text()=\"OK\"]"}
RESULT: {"using":"xpath","value":"//bdi[text()=\"OK\"]"}
COMMAND: POST /session/c3abc88c4085a1d56746dc5a5008fa37/elements - {"using":"xpath","value":"//bdi[text()=\"OK\"]"}
RESULT: {"using":"xpath","value":"//bdi[text()=\"OK\"]"}
COMMAND: POST /session/c3abc88c4085a1d56746dc5a5008fa37/elements - {"using":"xpath","value":"//bdi[text()=\"OK\"]"}
RESULT: {"using":"xpath","value":"//bdi[text()=\"OK\"]"}
COMMAND: POST /session/c3abc88c4085a1d56746dc5a5008fa37/elements - {"using":"xpath","value":"//bdi[text()=\"OK\"]"}
RESULT: {"using":"xpath","value":"//bdi[text()=\"OK\"]"}
COMMAND: POST /session/c3abc88c4085a1d56746dc5a5008fa37/elements - {"using":"xpath","value":"//bdi[text()=\"OK\"]"}
RESULT: {"using":"xpath","value":"//bdi[text()=\"OK\"]"}
COMMAND: POST /session/c3abc88c4085a1d56746dc5a5008fa37/elements - {"using":"xpath","value":"//bdi[text()=\"OK\"]"}
RESULT: {"using":"xpath","value":"//bdi[text()=\"OK\"]"}
COMMAND: POST /session/c3abc88c4085a1d56746dc5a5008fa37/elements - {"using":"xpath","value":"//bdi[text()=\"OK\"]"}
RESULT: {"using":"xpath","value":"//bdi[text()=\"OK\"]"}
COMMAND: POST /session/c3abc88c4085a1d56746dc5a5008fa37/elements - {"using":"xpath","value":"//bdi[text()=\"OK\"]"}
RESULT: {"using":"xpath","value":"//bdi[text()=\"OK\"]"}
COMMAND: POST /session/c3abc88c4085a1d56746dc5a5008fa37/elements - {"using":"xpath","value":"//bdi[text()=\"OK\"]"}
RESULT: {"using":"xpath","value":"//bdi[text()=\"OK\"]"}
COMMAND: POST /session/c3abc88c4085a1d56746dc5a5008fa37/elements - {"using":"xpath","value":"//bdi[text()=\"OK\"]"}
RESULT: {"using":"xpath","value":"//bdi[text()=\"OK\"]"}
COMMAND: POST /session/c3abc88c4085a1d56746dc5a5008fa37/elements - {"using":"xpath","value":"//bdi[text()=\"OK\"]"}
RESULT: {"using":"xpath","value":"//bdi[text()=\"OK\"]"}
COMMAND: POST /session/c3abc88c4085a1d56746dc5a5008fa37/elements - {"using":"xpath","value":"//bdi[text()=\"OK\"]"}
RESULT: {"using":"xpath","value":"//bdi[text()=\"OK\"]"}
COMMAND: POST /session/c3abc88c4085a1d56746dc5a5008fa37/elements - {"using":"xpath","value":"//bdi[text()=\"OK\"]"}
RESULT: {"using":"xpath","value":"//bdi[text()=\"OK\"]"}
COMMAND: POST /session/c3abc88c4085a1d56746dc5a5008fa37/elements - {"using":"xpath","value":"//bdi[text()=\"OK\"]"}
RESULT: {"using":"xpath","value":"//bdi[text()=\"OK\"]"}
COMMAND: POST /session/c3abc88c4085a1d56746dc5a5008fa37/elements - {"using":"xpath","value":"//bdi[text()=\"OK\"]"}
RESULT: {"using":"xpath","value":"//bdi[text()=\"OK\"]"}
COMMAND: POST /session/c3abc88c4085a1d56746dc5a5008fa37/execute/async - {"script":"<script> [1562 bytes]","args":[{"selector":{"id":"application-manageresources-display-component---newResourceUnit--TYPE-arrow"},"wdio_ui5_key":"applicationmanageresources-display-component---newResourceUnit--TYPE-arrow"}]}
RESULT: {"script":"<script> [1562 bytes]","args":[{"selector":{"id":"application-manageresources-display-component---newResourceUnit--TYPE-arrow"},"wdio_ui5_key":"applicationmanageresources-display-component---newResourceUnit--TYPE-arrow"}]}
RESULT: undefined
COMMAND: POST /session/c3abc88c4085a1d56746dc5a5008fa37/element - {"using":"xpath","value":"//*[@id=\"application-manageresources-display-component---newResourceUnit--TYPE-arrow\"]"}
RESULT: {"using":"xpath","value":"//*[@id=\"application-manageresources-display-component---newResourceUnit--TYPE-arrow\"]"}
COMMAND: POST /session/c3abc88c4085a1d56746dc5a5008fa37/element/f.AF2E6E2CD8BF2B753D9461224F8C2D7E.d.A0C24C56AA0C931E1423964418D665BA.e.5864/click - {}
RESULT: {}
COMMAND: POST /session/c3abc88c4085a1d56746dc5a5008fa37/execute/async - {"script":"<script> [1562 bytes]","args":[{"selector":{"controlType":"sap.m.StandardListItem","viewName":"reusables.view.manageresources.NewResourceUnit","viewId":"application-manageresources-display-component---newResourceUnit","properties":{"title":"Material"},"searchOpenDialogs":true,"interaction":{"idSuffix":"titleText"}},"wdio_ui5_key":"reusablesview.manageresources.NewResourceUnitsap.m.StandardListItem{\"title\":\"Material\"}"}]}
COMMAND: GET /session/c3abc88c4085a1d56746dc5a5008fa37/screenshot - {}
RESULT: {"script":"<script> [1562 bytes]","args":[{"selector":{"controlType":"sap.m.StandardListItem","viewName":"reusables.view.manageresources.NewResourceUnit","viewId":"application-manageresources-display-component---newResourceUnit","properties":{"title":"Material"},"searchOpenDialogs":true,"interaction":{"idSuffix":"titleText"}},"wdio_ui5_key":"reusablesview.manageresources.NewResourceUnitsap.m.StandardListItem{\"title\":\"Material\"}"}]}
RESULT: undefined
COMMAND: POST /session/c3abc88c4085a1d56746dc5a5008fa37/element - {"using":"xpath","value":"//*[@id=\"__item142\"]"}
RESULT: {}
RESULT: {"using":"xpath","value":"//*[@id=\"__item142\"]"}
COMMAND: POST /session/c3abc88c4085a1d56746dc5a5008fa37/element/f.AF2E6E2CD8BF2B753D9461224F8C2D7E.d.A0C24C56AA0C931E1423964418D665BA.e.5867/click - {}
RESULT: {}
COMMAND: POST /session/c3abc88c4085a1d56746dc5a5008fa37/execute/async - {"script":"<script> [1562 bytes]","args":[{"selector":{"id":"application-manageresources-display-component---newResourceUnit--SHORT_TEXT","interaction":{"idSuffix":"inner"}},"wdio_ui5_key":"applicationmanageresources-display-component---newResourceUnit--SHORT_TEXT"}]}
COMMAND: GET /session/c3abc88c4085a1d56746dc5a5008fa37/screenshot - {}
RESULT: {"script":"<script> [1562 bytes]","args":[{"selector":{"id":"application-manageresources-display-component---newResourceUnit--SHORT_TEXT","interaction":{"idSuffix":"inner"}},"wdio_ui5_key":"applicationmanageresources-display-component---newResourceUnit--SHORT_TEXT"}]}
RESULT: undefined
COMMAND: POST /session/c3abc88c4085a1d56746dc5a5008fa37/execute/async - {"script":"<script> [776 bytes]","args":[{"enterText":"WebdriverWHM_RU R2Cg20h7","selector":{"id":"application-manageresources-display-component---newResourceUnit--SHORT_TEXT","interaction":{"idSuffix":"inner"}},"clearTextFirst":true,"interactionType":"ENTER_TEXT"}]}
RESULT: {}
RESULT: {"script":"<script> [776 bytes]","args":[{"enterText":"WebdriverWHM_RU R2Cg20h7","selector":{"id":"application-manageresources-display-component---newResourceUnit--SHORT_TEXT","interaction":{"idSuffix":"inner"}},"clearTextFirst":true,"interactionType":"ENTER_TEXT"}]}
COMMAND: POST /session/c3abc88c4085a1d56746dc5a5008fa37/execute/async - {"script":"<script> [1562 bytes]","args":[{"selector":{"id":"application-manageresources-display-component---newResourceUnit--BASE_UNIT_OF_MEASURE-arrow"},"wdio_ui5_key":"applicationmanageresources-display-component---newResourceUnit--BASE_UNIT_OF_MEASURE-arrow"}]}
RESULT: {"script":"<script> [1562 bytes]","args":[{"selector":{"id":"application-manageresources-display-component---newResourceUnit--BASE_UNIT_OF_MEASURE-arrow"},"wdio_ui5_key":"applicationmanageresources-display-component---newResourceUnit--BASE_UNIT_OF_MEASURE-arrow"}]}
RESULT: undefined
COMMAND: POST /session/c3abc88c4085a1d56746dc5a5008fa37/element - {"using":"xpath","value":"//*[@id=\"application-manageresources-display-component---newResourceUnit--BASE_UNIT_OF_MEASURE-arrow\"]"}
RESULT: {"using":"xpath","value":"//*[@id=\"application-manageresources-display-component---newResourceUnit--BASE_UNIT_OF_MEASURE-arrow\"]"}
COMMAND: POST /session/c3abc88c4085a1d56746dc5a5008fa37/element/f.AF2E6E2CD8BF2B753D9461224F8C2D7E.d.A0C24C56AA0C931E1423964418D665BA.e.5923/click - {}
RESULT: {}
COMMAND: POST /session/c3abc88c4085a1d56746dc5a5008fa37/execute/async - {"script":"<script> [1562 bytes]","args":[{"selector":{"controlType":"sap.m.StandardListItem","viewName":"reusables.view.manageresources.NewResourceUnit","viewId":"application-manageresources-display-component---newResourceUnit","properties":{"title":"Piece"},"searchOpenDialogs":true,"interaction":{"idSuffix":"content"}},"wdio_ui5_key":"reusablesview.manageresources.NewResourceUnitsap.m.StandardListItem{\"title\":\"Piece\"}"}]}
COMMAND: GET /session/c3abc88c4085a1d56746dc5a5008fa37/screenshot - {}
RESULT: {"script":"<script> [1562 bytes]","args":[{"selector":{"controlType":"sap.m.StandardListItem","viewName":"reusables.view.manageresources.NewResourceUnit","viewId":"application-manageresources-display-component---newResourceUnit","properties":{"title":"Piece"},"searchOpenDialogs":true,"interaction":{"idSuffix":"content"}},"wdio_ui5_key":"reusablesview.manageresources.NewResourceUnitsap.m.StandardListItem{\"title\":\"Piece\"}"}]}
RESULT: undefined
COMMAND: POST /session/c3abc88c4085a1d56746dc5a5008fa37/element - {"using":"xpath","value":"//*[@id=\"__item184\"]"}
RESULT: {}
RESULT: {"using":"xpath","value":"//*[@id=\"__item184\"]"}
COMMAND: POST /session/c3abc88c4085a1d56746dc5a5008fa37/element/f.AF2E6E2CD8BF2B753D9461224F8C2D7E.d.A0C24C56AA0C931E1423964418D665BA.e.5925/click - {}
RESULT: {}
COMMAND: POST /session/c3abc88c4085a1d56746dc5a5008fa37/execute/async - {"script":"<script> [1562 bytes]","args":[{"selector":{"id":"application-manageresources-display-component---newResourceUnit--WEIGHT_UNIT-arrow"},"wdio_ui5_key":"applicationmanageresources-display-component---newResourceUnit--WEIGHT_UNIT-arrow"}]}
COMMAND: GET /session/c3abc88c4085a1d56746dc5a5008fa37/screenshot - {}
RESULT: {"script":"<script> [1562 bytes]","args":[{"selector":{"id":"application-manageresources-display-component---newResourceUnit--WEIGHT_UNIT-arrow"},"wdio_ui5_key":"applicationmanageresources-display-component---newResourceUnit--WEIGHT_UNIT-arrow"}]}
RESULT: undefined
COMMAND: POST /session/c3abc88c4085a1d56746dc5a5008fa37/element - {"using":"xpath","value":"//*[@id=\"application-manageresources-display-component---newResourceUnit--WEIGHT_UNIT-arrow\"]"}
RESULT: {}
RESULT: {"using":"xpath","value":"//*[@id=\"application-manageresources-display-component---newResourceUnit--WEIGHT_UNIT-arrow\"]"}
COMMAND: POST /session/c3abc88c4085a1d56746dc5a5008fa37/element/f.AF2E6E2CD8BF2B753D9461224F8C2D7E.d.A0C24C56AA0C931E1423964418D665BA.e.5926/click - {}
RESULT: {}
COMMAND: POST /session/c3abc88c4085a1d56746dc5a5008fa37/execute/async - {"script":"<script> [1562 bytes]","args":[{"selector":{"controlType":"sap.m.StandardListItem","viewName":"reusables.view.manageresources.NewResourceUnit","viewId":"application-manageresources-display-component---newResourceUnit","properties":{"title":"Gram"},"searchOpenDialogs":true,"interaction":{"idSuffix":"content"}},"wdio_ui5_key":"reusablesview.manageresources.NewResourceUnitsap.m.StandardListItem{\"title\":\"Gram\"}"}]}
COMMAND: GET /session/c3abc88c4085a1d56746dc5a5008fa37/screenshot - {}
RESULT: {"script":"<script> [1562 bytes]","args":[{"selector":{"controlType":"sap.m.StandardListItem","viewName":"reusables.view.manageresources.NewResourceUnit","viewId":"application-manageresources-display-component---newResourceUnit","properties":{"title":"Gram"},"searchOpenDialogs":true,"interaction":{"idSuffix":"content"}},"wdio_ui5_key":"reusablesview.manageresources.NewResourceUnitsap.m.StandardListItem{\"title\":\"Gram\"}"}]}
RESULT: undefined
COMMAND: POST /session/c3abc88c4085a1d56746dc5a5008fa37/element - {"using":"xpath","value":"//*[@id=\"__item249\"]"}
RESULT: {}
RESULT: {"using":"xpath","value":"//*[@id=\"__item249\"]"}
COMMAND: POST /session/c3abc88c4085a1d56746dc5a5008fa37/element/f.AF2E6E2CD8BF2B753D9461224F8C2D7E.d.A0C24C56AA0C931E1423964418D665BA.e.5928/click - {}
RESULT: {}
COMMAND: GET /session/c3abc88c4085a1d56746dc5a5008fa37/screenshot - {}
RESULT: {}
COMMAND: POST /session/c3abc88c4085a1d56746dc5a5008fa37/execute/async - {"script":"<script> [1562 bytes]","args":[{"selector":{"id":"application-manageresources-display-component---newResourceUnit--newRRUPage-OPHeaderContent-collapseBtn-img"},"wdio_ui5_key":"applicationmanageresources-display-component---newResourceUnit--newRRUPage-OPHeaderContent-collapseBtn-img"}]}
RESULT: {"script":"<script> [1562 bytes]","args":[{"selector":{"id":"application-manageresources-display-component---newResourceUnit--newRRUPage-OPHeaderContent-collapseBtn-img"},"wdio_ui5_key":"applicationmanageresources-display-component---newResourceUnit--newRRUPage-OPHeaderContent-collapseBtn-img"}]}
RESULT: undefined
COMMAND: POST /session/c3abc88c4085a1d56746dc5a5008fa37/element - {"using":"xpath","value":"//*[@id=\"application-manageresources-display-component---newResourceUnit--newRRUPage-OPHeaderContent-collapseBtn-img\"]"}
RESULT: {"using":"xpath","value":"//*[@id=\"application-manageresources-display-component---newResourceUnit--newRRUPage-OPHeaderContent-collapseBtn-img\"]"}
COMMAND: POST /session/c3abc88c4085a1d56746dc5a5008fa37/element/f.AF2E6E2CD8BF2B753D9461224F8C2D7E.d.A0C24C56AA0C931E1423964418D665BA.e.5875/click - {}
RESULT: {}
COMMAND: GET /session/c3abc88c4085a1d56746dc5a5008fa37/screenshot - {}
RESULT: {}
COMMAND: POST /session/c3abc88c4085a1d56746dc5a5008fa37/element - {"using":"xpath","value":"(//span[contains(@id ,\"application-manageresources-display-component---newResourceUnit--DIMENSION_UNIT-arrow\")])[1]"}
RESULT: {"using":"xpath","value":"(//span[contains(@id ,\"application-manageresources-display-component---newResourceUnit--DIMENSION_UNIT-arrow\")])[1]"}
COMMAND: POST /session/c3abc88c4085a1d56746dc5a5008fa37/element/f.AF2E6E2CD8BF2B753D9461224F8C2D7E.d.A0C24C56AA0C931E1423964418D665BA.e.5932/click - {}
RESULT: {}
COMMAND: GET /session/c3abc88c4085a1d56746dc5a5008fa37/screenshot - {}
RESULT: {}
COMMAND: POST /session/c3abc88c4085a1d56746dc5a5008fa37/execute/async - {"script":"<script> [1562 bytes]","args":[{"selector":{"controlType":"sap.m.StandardListItem","viewName":"reusables.view.manageresources.NewResourceUnit","viewId":"application-manageresources-display-component---newResourceUnit","properties":{"title":"Centimeter"},"searchOpenDialogs":true,"interaction":{"idSuffix":"titleText"}},"wdio_ui5_key":"reusablesview.manageresources.NewResourceUnitsap.m.StandardListItem{\"title\":\"Centimeter\"}"}]}
RESULT: {"script":"<script> [1562 bytes]","args":[{"selector":{"controlType":"sap.m.StandardListItem","viewName":"reusables.view.manageresources.NewResourceUnit","viewId":"application-manageresources-display-component---newResourceUnit","properties":{"title":"Centimeter"},"searchOpenDialogs":true,"interaction":{"idSuffix":"titleText"}},"wdio_ui5_key":"reusablesview.manageresources.NewResourceUnitsap.m.StandardListItem{\"title\":\"Centimeter\"}"}]}
RESULT: undefined
COMMAND: POST /session/c3abc88c4085a1d56746dc5a5008fa37/element - {"using":"xpath","value":"//*[@id=\"__item252\"]"}
RESULT: {"using":"xpath","value":"//*[@id=\"__item252\"]"}
COMMAND: POST /session/c3abc88c4085a1d56746dc5a5008fa37/element/f.AF2E6E2CD8BF2B753D9461224F8C2D7E.d.A0C24C56AA0C931E1423964418D665BA.e.5936/click - {}
RESULT: {}
COMMAND: GET /session/c3abc88c4085a1d56746dc5a5008fa37/screenshot - {}
RESULT: {}
COMMAND: POST /session/c3abc88c4085a1d56746dc5a5008fa37/execute/async - {"script":"<script> [1562 bytes]","args":[{"selector":{"id":"application-manageresources-display-component---newResourceUnit--newRRUPage-anchBar-application-manageresources-display-component---newResourceUnit--reference-anchor","interaction":{"idSuffix":"BDI-content"}},"wdio_ui5_key":"applicationmanageresources-display-component---newResourceUnit--newRRUPage-anchBar-application-manageresources-display-component---newResourceUnit--reference-anchor"}]}
RESULT: {"script":"<script> [1562 bytes]","args":[{"selector":{"id":"application-manageresources-display-component---newResourceUnit--newRRUPage-anchBar-application-manageresources-display-component---newResourceUnit--reference-anchor","interaction":{"idSuffix":"BDI-content"}},"wdio_ui5_key":"applicationmanageresources-display-component---newResourceUnit--newRRUPage-anchBar-application-manageresources-display-component---newResourceUnit--reference-anchor"}]}
RESULT: undefined
COMMAND: POST /session/c3abc88c4085a1d56746dc5a5008fa37/element - {"using":"xpath","value":"//*[@id=\"application-manageresources-display-component---newResourceUnit--newRRUPage-anchBar-application-manageresources-display-component---newResourceUnit--reference-anchor\"]"}
RESULT: {"using":"xpath","value":"//*[@id=\"application-manageresources-display-component---newResourceUnit--newRRUPage-anchBar-application-manageresources-display-component---newResourceUnit--reference-anchor\"]"}
COMMAND: POST /session/c3abc88c4085a1d56746dc5a5008fa37/element/f.AF2E6E2CD8BF2B753D9461224F8C2D7E.d.A0C24C56AA0C931E1423964418D665BA.e.5938/click - {}
RESULT: {}
COMMAND: POST /session/c3abc88c4085a1d56746dc5a5008fa37/execute/async - {"script":"<script> [1562 bytes]","args":[{"selector":{"id":"application-manageresources-display-component---newResourceUnit--PLANNING_GROUP-arrow"},"wdio_ui5_key":"applicationmanageresources-display-component---newResourceUnit--PLANNING_GROUP-arrow"}]}
COMMAND: GET /session/c3abc88c4085a1d56746dc5a5008fa37/screenshot - {}
RESULT: {"script":"<script> [1562 bytes]","args":[{"selector":{"id":"application-manageresources-display-component---newResourceUnit--PLANNING_GROUP-arrow"},"wdio_ui5_key":"applicationmanageresources-display-component---newResourceUnit--PLANNING_GROUP-arrow"}]}
RESULT: undefined
COMMAND: POST /session/c3abc88c4085a1d56746dc5a5008fa37/element - {"using":"xpath","value":"//*[@id=\"application-manageresources-display-component---newResourceUnit--PLANNING_GROUP-arrow\"]"}
RESULT: {}
RESULT: {"using":"xpath","value":"//*[@id=\"application-manageresources-display-component---newResourceUnit--PLANNING_GROUP-arrow\"]"}
COMMAND: POST /session/c3abc88c4085a1d56746dc5a5008fa37/element/f.AF2E6E2CD8BF2B753D9461224F8C2D7E.d.A0C24C56AA0C931E1423964418D665BA.e.5942/click - {}
RESULT: {}
COMMAND: POST /session/c3abc88c4085a1d56746dc5a5008fa37/execute/async - {"script":"<script> [1562 bytes]","args":[{"selector":{"controlType":"sap.m.StandardListItem","viewName":"reusables.view.manageresources.NewResourceUnit","viewId":"application-manageresources-display-component---newResourceUnit","properties":{"title":"Heavy Equi"},"searchOpenDialogs":true,"interaction":{"idSuffix":"content"}},"wdio_ui5_key":"reusablesview.manageresources.NewResourceUnitsap.m.StandardListItem{\"title\":\"Heavy Equi\"}"}]}
COMMAND: GET /session/c3abc88c4085a1d56746dc5a5008fa37/screenshot - {}
RESULT: {"script":"<script> [1562 bytes]","args":[{"selector":{"controlType":"sap.m.StandardListItem","viewName":"reusables.view.manageresources.NewResourceUnit","viewId":"application-manageresources-display-component---newResourceUnit","properties":{"title":"Heavy Equi"},"searchOpenDialogs":true,"interaction":{"idSuffix":"content"}},"wdio_ui5_key":"reusablesview.manageresources.NewResourceUnitsap.m.StandardListItem{\"title\":\"Heavy Equi\"}"}]}
RESULT: undefined
COMMAND: POST /session/c3abc88c4085a1d56746dc5a5008fa37/element - {"using":"xpath","value":"//*[@id=\"__item260\"]"}
RESULT: {}
RESULT: {"using":"xpath","value":"//*[@id=\"__item260\"]"}
COMMAND: POST /session/c3abc88c4085a1d56746dc5a5008fa37/element/f.AF2E6E2CD8BF2B753D9461224F8C2D7E.d.A0C24C56AA0C931E1423964418D665BA.e.5944/click - {}
RESULT: {}
COMMAND: GET /session/c3abc88c4085a1d56746dc5a5008fa37/screenshot - {}
RESULT: {}
COMMAND: POST /session/c3abc88c4085a1d56746dc5a5008fa37/execute/async - {"script":"<script> [1562 bytes]","args":[{"selector":{"id":"application-manageresources-display-component---newResourceUnit--PLANNING_INDICATOR-arrow"},"wdio_ui5_key":"applicationmanageresources-display-component---newResourceUnit--PLANNING_INDICATOR-arrow"}]}
RESULT: {"script":"<script> [1562 bytes]","args":[{"selector":{"id":"application-manageresources-display-component---newResourceUnit--PLANNING_INDICATOR-arrow"},"wdio_ui5_key":"applicationmanageresources-display-component---newResourceUnit--PLANNING_INDICATOR-arrow"}]}
RESULT: undefined
COMMAND: POST /session/c3abc88c4085a1d56746dc5a5008fa37/element - {"using":"xpath","value":"//*[@id=\"application-manageresources-display-component---newResourceUnit--PLANNING_INDICATOR-arrow\"]"}
RESULT: {"using":"xpath","value":"//*[@id=\"application-manageresources-display-component---newResourceUnit--PLANNING_INDICATOR-arrow\"]"}
COMMAND: POST /session/c3abc88c4085a1d56746dc5a5008fa37/element/f.AF2E6E2CD8BF2B753D9461224F8C2D7E.d.A0C24C56AA0C931E1423964418D665BA.e.5945/click - {}
RESULT: {}
COMMAND: POST /session/c3abc88c4085a1d56746dc5a5008fa37/execute/async - {"script":"<script> [1562 bytes]","args":[{"selector":{"controlType":"sap.m.StandardListItem","viewName":"reusables.view.manageresources.NewResourceUnit","viewId":"application-manageresources-display-component---newResourceUnit","properties":{"title":"10 - infinite"},"searchOpenDialogs":true,"interaction":{"idSuffix":"content"}},"wdio_ui5_key":"reusablesview.manageresources.NewResourceUnitsap.m.StandardListItem{\"title\":\"10 - infinite\"}"}]}
COMMAND: GET /session/c3abc88c4085a1d56746dc5a5008fa37/screenshot - {}
RESULT: {"script":"<script> [1562 bytes]","args":[{"selector":{"controlType":"sap.m.StandardListItem","viewName":"reusables.view.manageresources.NewResourceUnit","viewId":"application-manageresources-display-component---newResourceUnit","properties":{"title":"10 - infinite"},"searchOpenDialogs":true,"interaction":{"idSuffix":"content"}},"wdio_ui5_key":"reusablesview.manageresources.NewResourceUnitsap.m.StandardListItem{\"title\":\"10 - infinite\"}"}]}
RESULT: undefined
COMMAND: POST /session/c3abc88c4085a1d56746dc5a5008fa37/element - {"using":"xpath","value":"//*[@id=\"__item270\"]"}
RESULT: {}
RESULT: {"using":"xpath","value":"//*[@id=\"__item270\"]"}
COMMAND: POST /session/c3abc88c4085a1d56746dc5a5008fa37/element/f.AF2E6E2CD8BF2B753D9461224F8C2D7E.d.A0C24C56AA0C931E1423964418D665BA.e.5947/click - {}
RESULT: {}
COMMAND: GET /session/c3abc88c4085a1d56746dc5a5008fa37/screenshot - {}
RESULT: {}
COMMAND: POST /session/c3abc88c4085a1d56746dc5a5008fa37/element - {"using":"xpath","value":"//bdi[contains(text(), \"Time Segment\")]"}
RESULT: {"using":"xpath","value":"//bdi[contains(text(), \"Time Segment\")]"}
COMMAND: GET /session/c3abc88c4085a1d56746dc5a5008fa37/element/f.AF2E6E2CD8BF2B753D9461224F8C2D7E.d.A0C24C56AA0C931E1423964418D665BA.e.5948/rect - {}
RESULT: {}
COMMAND: GET /session/c3abc88c4085a1d56746dc5a5008fa37/window/rect - {}
RESULT: {}
COMMAND: POST /session/c3abc88c4085a1d56746dc5a5008fa37/execute/sync - {"script":"<script> [92 bytes]","args":[]}
RESULT: {"script":"<script> [92 bytes]","args":[]}
COMMAND: POST /session/c3abc88c4085a1d56746dc5a5008fa37/actions - {"actions":[{"id":"action19","type":"wheel","parameters":{},"actions":[{"type":"scroll","x":-1804,"y":-21,"deltaX":0,"deltaY":0,"duration":0,"origin":{"element-6066-11e4-a52e-4f735466cecf":"f.AF2E6E2CD8BF2B753D9461224F8C2D7E.d.A0C24C56AA0C931E1423964418D665BA.e.5948"}}]}]}
COMMAND: GET /session/c3abc88c4085a1d56746dc5a5008fa37/screenshot - {}
RESULT: {}
COMMAND: POST /session/c3abc88c4085a1d56746dc5a5008fa37/execute/sync - {"script":"<script> [79 bytes]","args":[{"element-6066-11e4-a52e-4f735466cecf":"f.AF2E6E2CD8BF2B753D9461224F8C2D7E.d.A0C24C56AA0C931E1423964418D665BA.e.5948","ELEMENT":"f.AF2E6E2CD8BF2B753D9461224F8C2D7E.d.A0C24C56AA0C931E1423964418D665BA.e.5948"},{"block":"start","inline":"nearest"}]}
RESULT: {"script":"<script> [79 bytes]","args":[{"element-6066-11e4-a52e-4f735466cecf":"f.AF2E6E2CD8BF2B753D9461224F8C2D7E.d.A0C24C56AA0C931E1423964418D665BA.e.5948","ELEMENT":"f.AF2E6E2CD8BF2B753D9461224F8C2D7E.d.A0C24C56AA0C931E1423964418D665BA.e.5948"},{"block":"start","inline":"nearest"}]}
COMMAND: GET /session/c3abc88c4085a1d56746dc5a5008fa37/screenshot - {}
RESULT: {}
COMMAND: POST /session/c3abc88c4085a1d56746dc5a5008fa37/element - {"using":"xpath","value":"//span[@id=\"application-manageresources-display-component---newResourceUnit--btnAddTimeSegment-img\"]"}
RESULT: {"using":"xpath","value":"//span[@id=\"application-manageresources-display-component---newResourceUnit--btnAddTimeSegment-img\"]"}
COMMAND: POST /session/c3abc88c4085a1d56746dc5a5008fa37/execute/sync - {"script":"<script> [8489 bytes]","args":[{"element-6066-11e4-a52e-4f735466cecf":"f.AF2E6E2CD8BF2B753D9461224F8C2D7E.d.A0C24C56AA0C931E1423964418D665BA.e.5951","ELEMENT":"f.AF2E6E2CD8BF2B753D9461224F8C2D7E.d.A0C24C56AA0C931E1423964418D665BA.e.5951"}]}
RESULT: {"script":"<script> [8489 bytes]","args":[{"element-6066-11e4-a52e-4f735466cecf":"f.AF2E6E2CD8BF2B753D9461224F8C2D7E.d.A0C24C56AA0C931E1423964418D665BA.e.5951","ELEMENT":"f.AF2E6E2CD8BF2B753D9461224F8C2D7E.d.A0C24C56AA0C931E1423964418D665BA.e.5951"}]}
COMMAND: POST /session/c3abc88c4085a1d56746dc5a5008fa37/element/f.AF2E6E2CD8BF2B753D9461224F8C2D7E.d.A0C24C56AA0C931E1423964418D665BA.e.5951/click - {}
COMMAND: GET /session/c3abc88c4085a1d56746dc5a5008fa37/screenshot - {}
RESULT: {}
COMMAND: GET /session/c3abc88c4085a1d56746dc5a5008fa37/screenshot - {}
COMMAND: POST /session/c3abc88c4085a1d56746dc5a5008fa37/element - {"using":"xpath","value":"//input[@id=\"application-manageresources-display-component---newResourceUnit--idRuTSAdmin-application-manageresources-display-component---newResourceUnit--RUTimeSegment-0-inner\"]"}
RESULT: {}
RESULT: {}
RESULT: {"using":"xpath","value":"//input[@id=\"application-manageresources-display-component---newResourceUnit--idRuTSAdmin-application-manageresources-display-component---newResourceUnit--RUTimeSegment-0-inner\"]"}
COMMAND: POST /session/c3abc88c4085a1d56746dc5a5008fa37/element/f.AF2E6E2CD8BF2B753D9461224F8C2D7E.d.A0C24C56AA0C931E1423964418D665BA.e.5954/clear - {}
RESULT: {}
COMMAND: POST /session/c3abc88c4085a1d56746dc5a5008fa37/element/f.AF2E6E2CD8BF2B753D9461224F8C2D7E.d.A0C24C56AA0C931E1423964418D665BA.e.5954/value - {"text":"197"}
COMMAND: GET /session/c3abc88c4085a1d56746dc5a5008fa37/screenshot - {}
RESULT: {"text":"197"}
COMMAND: GET /session/c3abc88c4085a1d56746dc5a5008fa37/screenshot - {}
RESULT: {}
RESULT: {}
COMMAND: POST /session/c3abc88c4085a1d56746dc5a5008fa37/actions - {"actions":[{"id":"action20","type":"key","parameters":{},"actions":[{"type":"keyDown","value":"î€‡"},{"type":"pause","duration":10},{"type":"keyUp","value":"î€‡"}]}]}
RESULT: {"actions":[{"id":"action20","type":"key","parameters":{},"actions":[{"type":"keyDown","value":"î€‡"},{"type":"pause","duration":10},{"type":"keyUp","value":"î€‡"}]}]}
COMMAND: POST /session/c3abc88c4085a1d56746dc5a5008fa37/execute/async - {"script":"<script> [1562 bytes]","args":[{"selector":{"controlType":"sap.m.Button","viewName":"reusables.view.manageresources.NewResourceUnit","viewId":"application-manageresources-display-component---newResourceUnit","i18NText":{"propertyName":"tooltip","key":"save"},"interaction":{"idSuffix":"BDI-content"}},"wdio_ui5_key":"reusablesview.manageresources.NewResourceUnitsap.m.Button{\"propertyName\":\"tooltip\",\"key\":\"save\"}"}]}
COMMAND: GET /session/c3abc88c4085a1d56746dc5a5008fa37/screenshot - {}
RESULT: {"script":"<script> [1562 bytes]","args":[{"selector":{"controlType":"sap.m.Button","viewName":"reusables.view.manageresources.NewResourceUnit","viewId":"application-manageresources-display-component---newResourceUnit","i18NText":{"propertyName":"tooltip","key":"save"},"interaction":{"idSuffix":"BDI-content"}},"wdio_ui5_key":"reusablesview.manageresources.NewResourceUnitsap.m.Button{\"propertyName\":\"tooltip\",\"key\":\"save\"}"}]}
RESULT: undefined
COMMAND: POST /session/c3abc88c4085a1d56746dc5a5008fa37/element - {"using":"xpath","value":"//*[@id=\"application-manageresources-display-component---newResourceUnit--createRuButton\"]"}
RESULT: {}
RESULT: {"using":"xpath","value":"//*[@id=\"application-manageresources-display-component---newResourceUnit--createRuButton\"]"}
COMMAND: POST /session/c3abc88c4085a1d56746dc5a5008fa37/element/f.AF2E6E2CD8BF2B753D9461224F8C2D7E.d.A0C24C56AA0C931E1423964418D665BA.e.5881/click - {}
RESULT: {}
COMMAND: GET /session/c3abc88c4085a1d56746dc5a5008fa37/screenshot - {}
RESULT: {}
COMMAND: POST /session/c3abc88c4085a1d56746dc5a5008fa37/execute/async - {"script":"<script> [1562 bytes]","args":[{"selector":{"controlType":"sap.m.Title","properties":{"text":"Success"},"searchOpenDialogs":true},"wdio_ui5_key":"sapm.Title{\"text\":\"Success\"}"}]}
RESULT: {"script":"<script> [1562 bytes]","args":[{"selector":{"controlType":"sap.m.Title","properties":{"text":"Success"},"searchOpenDialogs":true},"wdio_ui5_key":"sapm.Title{\"text\":\"Success\"}"}]}
RESULT: undefined
COMMAND: POST /session/c3abc88c4085a1d56746dc5a5008fa37/execute/async - {"script":"<script> [6424 bytes]","args":[{"element-6066-11e4-a52e-4f735466cecf":"f.AF2E6E2CD8BF2B753D9461224F8C2D7E.d.A0C24C56AA0C931E1423964418D665BA.e.5968"},"getText",[]]}
RESULT: {"script":"<script> [6424 bytes]","args":[{"element-6066-11e4-a52e-4f735466cecf":"f.AF2E6E2CD8BF2B753D9461224F8C2D7E.d.A0C24C56AA0C931E1423964418D665BA.e.5968"},"getText",[]]}
COMMAND: POST /session/c3abc88c4085a1d56746dc5a5008fa37/element - {"using":"xpath","value":"//*[contains(@id, '__text') and (contains(text(), 'successfully created') or contains(., 'successfully created'))]"}
RESULT: {"using":"xpath","value":"//*[contains(@id, '__text') and (contains(text(), 'successfully created') or contains(., 'successfully created'))]"}
COMMAND: GET /session/c3abc88c4085a1d56746dc5a5008fa37/element/f.AF2E6E2CD8BF2B753D9461224F8C2D7E.d.A0C24C56AA0C931E1423964418D665BA.e.5966/text - {}
RESULT: {}
COMMAND: POST /session/c3abc88c4085a1d56746dc5a5008fa37/execute/async - {"script":"<script> [1562 bytes]","args":[{"selector":{"controlType":"sap.m.Button","properties":{"text":"Close"},"searchOpenDialogs":true,"interaction":{"idSuffix":"BDI-content"}},"wdio_ui5_key":"sapm.Button{\"text\":\"Close\"}"}]}
RESULT: {"script":"<script> [1562 bytes]","args":[{"selector":{"controlType":"sap.m.Button","properties":{"text":"Close"},"searchOpenDialogs":true,"interaction":{"idSuffix":"BDI-content"}},"wdio_ui5_key":"sapm.Button{\"text\":\"Close\"}"}]}
RESULT: undefined
COMMAND: POST /session/c3abc88c4085a1d56746dc5a5008fa37/element - {"using":"xpath","value":"//*[@id=\"__mbox-btn-0\"]"}
RESULT: {"using":"xpath","value":"//*[@id=\"__mbox-btn-0\"]"}
COMMAND: POST /session/c3abc88c4085a1d56746dc5a5008fa37/element/f.AF2E6E2CD8BF2B753D9461224F8C2D7E.d.A0C24C56AA0C931E1423964418D665BA.e.5964/click - {}
RESULT: {}
COMMAND: GET /session/c3abc88c4085a1d56746dc5a5008fa37/screenshot - {}
RESULT: {}
COMMAND: POST /session/c3abc88c4085a1d56746dc5a5008fa37/execute/async - {"script":"<script> [1562 bytes]","args":[{"selector":{"controlType":"sap.ui.core.Icon","viewName":"etm.portal.ui.manageresources.view.Detail","viewId":"application-manageresources-display-component---detailRU","properties":{"src":{"regex":{"source":"overflow"}}}},"wdio_ui5_key":"etmportal.ui.manageresources.view.Detailsap.ui.core.Icon{\"src\":{\"regex\":{\"source\":\"overflow\"}}}"}]}
RESULT: {"script":"<script> [1562 bytes]","args":[{"selector":{"controlType":"sap.ui.core.Icon","viewName":"etm.portal.ui.manageresources.view.Detail","viewId":"application-manageresources-display-component---detailRU","properties":{"src":{"regex":{"source":"overflow"}}}},"wdio_ui5_key":"etmportal.ui.manageresources.view.Detailsap.ui.core.Icon{\"src\":{\"regex\":{\"source\":\"overflow\"}}}"}]}
RESULT: undefined
COMMAND: POST /session/c3abc88c4085a1d56746dc5a5008fa37/element - {"using":"xpath","value":"//*[@id=\"__title14-_actionsToolbar-overflowButton-img\"]"}
RESULT: {"using":"xpath","value":"//*[@id=\"__title14-_actionsToolbar-overflowButton-img\"]"}
COMMAND: POST /session/c3abc88c4085a1d56746dc5a5008fa37/element/f.AF2E6E2CD8BF2B753D9461224F8C2D7E.d.A0C24C56AA0C931E1423964418D665BA.e.5998/click - {}
RESULT: {}
COMMAND: POST /session/c3abc88c4085a1d56746dc5a5008fa37/execute/async - {"script":"<script> [1562 bytes]","args":[{"selector":{"controlType":"sap.m.Button","viewName":"etm.portal.ui.manageresources.view.Detail","viewId":"application-manageresources-display-component---detailRU","i18NText":{"propertyName":"tooltip","key":"closeColumn"},"searchOpenDialogs":true,"interaction":{"idSuffix":"inner"}},"wdio_ui5_key":"etmportal.ui.manageresources.view.Detailsap.m.Button{\"propertyName\":\"tooltip\",\"key\":\"closeColumn\"}"}]}
COMMAND: GET /session/c3abc88c4085a1d56746dc5a5008fa37/screenshot - {}
RESULT: {"script":"<script> [1562 bytes]","args":[{"selector":{"controlType":"sap.m.Button","viewName":"etm.portal.ui.manageresources.view.Detail","viewId":"application-manageresources-display-component---detailRU","i18NText":{"propertyName":"tooltip","key":"closeColumn"},"searchOpenDialogs":true,"interaction":{"idSuffix":"inner"}},"wdio_ui5_key":"etmportal.ui.manageresources.view.Detailsap.m.Button{\"propertyName\":\"tooltip\",\"key\":\"closeColumn\"}"}]}
RESULT: undefined
COMMAND: POST /session/c3abc88c4085a1d56746dc5a5008fa37/element - {"using":"xpath","value":"//*[@id=\"__button39\"]"}
RESULT: {}
RESULT: {"using":"xpath","value":"//*[@id=\"__button39\"]"}
COMMAND: POST /session/c3abc88c4085a1d56746dc5a5008fa37/element/f.AF2E6E2CD8BF2B753D9461224F8C2D7E.d.A0C24C56AA0C931E1423964418D665BA.e.6000/click - {}
RESULT: {}
COMMAND: POST /session/c3abc88c4085a1d56746dc5a5008fa37/element - {"using":"css selector","value":"#j_username"}
COMMAND: POST /session/c3abc88c4085a1d56746dc5a5008fa37/url - {"url":"https://qa-testing-00-live-etm-ui.cfapps.eu10-004.hana.ondemand.com/"}
COMMAND: GET /session/c3abc88c4085a1d56746dc5a5008fa37/screenshot - {}
RESULT: {"using":"css selector","value":"#j_username"}
COMMAND: POST /session/c3abc88c4085a1d56746dc5a5008fa37/element - {"using":"css selector","value":"#j_username"}
RESULT: {"url":"https://qa-testing-00-live-etm-ui.cfapps.eu10-004.hana.ondemand.com/"}
RESULT: undefined
COMMAND: GET /session/c3abc88c4085a1d56746dc5a5008fa37/screenshot - {}
RESULT: {}
RESULT: {"using":"css selector","value":"#j_username"}
COMMAND: POST /session/c3abc88c4085a1d56746dc5a5008fa37/element - {"using":"css selector","value":"#shell-header-logo"}
RESULT: {}
RESULT: {"using":"css selector","value":"#shell-header-logo"}
COMMAND: POST /session/c3abc88c4085a1d56746dc5a5008fa37/execute/sync - {"script":"<script> [8489 bytes]","args":[{"element-6066-11e4-a52e-4f735466cecf":"f.AF2E6E2CD8BF2B753D9461224F8C2D7E.d.277CF3ED8918466B9D55A837A361A17F.e.6074","ELEMENT":"f.AF2E6E2CD8BF2B753D9461224F8C2D7E.d.277CF3ED8918466B9D55A837A361A17F.e.6074"}]}
RESULT: {"script":"<script> [8489 bytes]","args":[{"element-6066-11e4-a52e-4f735466cecf":"f.AF2E6E2CD8BF2B753D9461224F8C2D7E.d.277CF3ED8918466B9D55A837A361A17F.e.6074","ELEMENT":"f.AF2E6E2CD8BF2B753D9461224F8C2D7E.d.277CF3ED8918466B9D55A837A361A17F.e.6074"}]}
COMMAND: POST /session/c3abc88c4085a1d56746dc5a5008fa37/element - {"using":"css selector","value":"#shell-header-logo"}
COMMAND: GET /session/c3abc88c4085a1d56746dc5a5008fa37/screenshot - {}
RESULT: {"using":"css selector","value":"#shell-header-logo"}
COMMAND: POST /session/c3abc88c4085a1d56746dc5a5008fa37/execute/sync - {"script":"<script> [8489 bytes]","args":[{"element-6066-11e4-a52e-4f735466cecf":"f.AF2E6E2CD8BF2B753D9461224F8C2D7E.d.277CF3ED8918466B9D55A837A361A17F.e.6074","ELEMENT":"f.AF2E6E2CD8BF2B753D9461224F8C2D7E.d.277CF3ED8918466B9D55A837A361A17F.e.6074"}]}
RESULT: {}
RESULT: {"script":"<script> [8489 bytes]","args":[{"element-6066-11e4-a52e-4f735466cecf":"f.AF2E6E2CD8BF2B753D9461224F8C2D7E.d.277CF3ED8918466B9D55A837A361A17F.e.6074","ELEMENT":"f.AF2E6E2CD8BF2B753D9461224F8C2D7E.d.277CF3ED8918466B9D55A837A361A17F.e.6074"}]}
COMMAND: POST /session/c3abc88c4085a1d56746dc5a5008fa37/execute/sync - {"script":"<script> [5351 bytes]","args":[{"element-6066-11e4-a52e-4f735466cecf":"f.AF2E6E2CD8BF2B753D9461224F8C2D7E.d.277CF3ED8918466B9D55A837A361A17F.e.6074","ELEMENT":"f.AF2E6E2CD8BF2B753D9461224F8C2D7E.d.277CF3ED8918466B9D55A837A361A17F.e.6074"}]}
COMMAND: GET /session/c3abc88c4085a1d56746dc5a5008fa37/screenshot - {}
RESULT: {"script":"<script> [5351 bytes]","args":[{"element-6066-11e4-a52e-4f735466cecf":"f.AF2E6E2CD8BF2B753D9461224F8C2D7E.d.277CF3ED8918466B9D55A837A361A17F.e.6074","ELEMENT":"f.AF2E6E2CD8BF2B753D9461224F8C2D7E.d.277CF3ED8918466B9D55A837A361A17F.e.6074"}]}
COMMAND: POST /session/c3abc88c4085a1d56746dc5a5008fa37/element - {"using":"css selector","value":"#shell-header-logo"}
COMMAND: GET /session/c3abc88c4085a1d56746dc5a5008fa37/screenshot - {}
RESULT: {}
RESULT: {"using":"css selector","value":"#shell-header-logo"}
COMMAND: POST /session/c3abc88c4085a1d56746dc5a5008fa37/element/f.AF2E6E2CD8BF2B753D9461224F8C2D7E.d.277CF3ED8918466B9D55A837A361A17F.e.6074/click - {}
RESULT: {}
RESULT: {}
COMMAND: GET /session/c3abc88c4085a1d56746dc5a5008fa37/screenshot - {}
RESULT: {}
COMMAND: POST /session/c3abc88c4085a1d56746dc5a5008fa37/execute/async - {"script":"<script> [189 bytes]","args":[]}
RESULT: {"script":"<script> [189 bytes]","args":[]}
COMMAND: POST /session/c3abc88c4085a1d56746dc5a5008fa37/execute/async - {"script":"<script> [123 bytes]","args":[]}
RESULT: {"script":"<script> [123 bytes]","args":[]}
COMMAND: POST /session/c3abc88c4085a1d56746dc5a5008fa37/timeouts - {"script":"<number>"}
RESULT: {"script":"<number>"}
COMMAND: GET /session/c3abc88c4085a1d56746dc5a5008fa37/timeouts - {}
RESULT: {}
RESULT: undefined
COMMAND: POST /session/c3abc88c4085a1d56746dc5a5008fa37/execute/async - {"script":"<script> [2676 bytes]","args":[]}
RESULT: {"script":"<script> [2676 bytes]","args":[]}
COMMAND: POST /session/c3abc88c4085a1d56746dc5a5008fa37/execute/async - {"script":"<script> [2342 bytes]","args":[{"protocol":"http","hostname":"0.0.0.0","path":"/","capabilities":{"browserName":"chrome","goog:chromeOptions":{"binary":"C:\\Program Files\\Google\\Chrome\\Application\\chrome.exe","args":["--start-maximized"]}},"logLevel":"warn","connectionRetryTimeout":120000,"connectionRetryCount":3,"logLevels":{},"enableDirectConnect":true,"strictSSL":true,"_":"65 more keys: [\"cacheDir\",\"port\",\"requestedCapabilities\",\"automationProtocol\",\"baseUrl\",\"waitforInterval\",\"waitforTimeout\",\"onReload\",\"beforeCommand\",\"afterCommand\",\"rootDir\",\"specs\",\"suites\",\"exclude\",\"groupLogsByTestSpec\",\"excludeDriverLogs\",\"bail\",\"framework\",\"reporters\",\"services\",\"maxInstances\",\"maxInstancesPerCapability\",\"injectGlobals\",\"filesToWatch\",\"execArgv\",\"runnerEnv\",\"runner\",\"shard\",\"specFileRetries\",\"specFileRetriesDelay\",\"specFileRetriesDeferred\",\"reporterSyncInterval\",\"reporterSyncTimeout\",\"cucumberFeaturesWithLineNumbers\",\"autoCompileOpts\",\"mochaOpts\",\"jasmineOpts\",\"cucumberOpts\",\"onPrepare\",\"onWorkerStart\",\"onWorkerEnd\",\"before\",\"beforeSession\",\"beforeSuite\",\"beforeHook\",\"beforeTest\",\"afterTest\",\"afterHook\",\"afterSuite\",\"afterSession\",\"after\",\"onComplete\",\"beforeAssertion\",\"afterAssertion\",\"beforeFeature\",\"beforeScenario\",\"beforeStep\",\"afterStep\",\"afterScenario\",\"afterFeature\",\"_\",\"suite\",\"$0\",\"ignoredWorkerServices\",\"wdi5\"]"}]}
RESULT: {"script":"<script> [2342 bytes]","args":[{"protocol":"http","hostname":"0.0.0.0","path":"/","capabilities":{"browserName":"chrome","goog:chromeOptions":{"binary":"C:\\Program Files\\Google\\Chrome\\Application\\chrome.exe","args":["--start-maximized"]}},"logLevel":"warn","connectionRetryTimeout":120000,"connectionRetryCount":3,"logLevels":{},"enableDirectConnect":true,"strictSSL":true,"_":"65 more keys: [\"cacheDir\",\"port\",\"requestedCapabilities\",\"automationProtocol\",\"baseUrl\",\"waitforInterval\",\"waitforTimeout\",\"onReload\",\"beforeCommand\",\"afterCommand\",\"rootDir\",\"specs\",\"suites\",\"exclude\",\"groupLogsByTestSpec\",\"excludeDriverLogs\",\"bail\",\"framework\",\"reporters\",\"services\",\"maxInstances\",\"maxInstancesPerCapability\",\"injectGlobals\",\"filesToWatch\",\"execArgv\",\"runnerEnv\",\"runner\",\"shard\",\"specFileRetries\",\"specFileRetriesDelay\",\"specFileRetriesDeferred\",\"reporterSyncInterval\",\"reporterSyncTimeout\",\"cucumberFeaturesWithLineNumbers\",\"autoCompileOpts\",\"mochaOpts\",\"jasmineOpts\",\"cucumberOpts\",\"onPrepare\",\"onWorkerStart\",\"onWorkerEnd\",\"before\",\"beforeSession\",\"beforeSuite\",\"beforeHook\",\"beforeTest\",\"afterTest\",\"afterHook\",\"afterSuite\",\"afterSession\",\"after\",\"onComplete\",\"beforeAssertion\",\"afterAssertion\",\"beforeFeature\",\"beforeScenario\",\"beforeStep\",\"afterStep\",\"afterScenario\",\"afterFeature\",\"_\",\"suite\",\"$0\",\"ignoredWorkerServices\",\"wdi5\"]"}]}
COMMAND: POST /session/c3abc88c4085a1d56746dc5a5008fa37/execute/async - {"script":"<script> [21126 bytes]","args":[35000]}
RESULT: {"script":"<script> [21126 bytes]","args":[35000]}
COMMAND: POST /session/c3abc88c4085a1d56746dc5a5008fa37/window/maximize - {}
RESULT: {}
COMMAND: POST /session/c3abc88c4085a1d56746dc5a5008fa37/execute/async - {"script":"<script> [1562 bytes]","args":[{"selector":{"id":"shell-header","interaction":{"idSuffix":"icon"}},"wdio_ui5_key":"shellheader"}]}
COMMAND: GET /session/c3abc88c4085a1d56746dc5a5008fa37/screenshot - {}
RESULT: {"script":"<script> [1562 bytes]","args":[{"selector":{"id":"shell-header","interaction":{"idSuffix":"icon"}},"wdio_ui5_key":"shellheader"}]}
RESULT: undefined
]]></system-out>
    </testcase>
  </testsuite>
  <testsuite timestamp="2025-05-13T07:51:06" time="310.449" tests="1" failures="0" errors="0" skipped="0">
    <properties>
      <property name="specId" value="0" />
      <property name="suiteName" value="create-equipment" />
      <property name="capabilities" value="chrome.136_0_7103_49.windows" />
      <property name="file" value="file:///D:/a/1/s/test/specs/R2C/create-equipment.spec.js" />
    </properties>
    <testcase classname="chrome.136_0_7103_49.windows.create-equipment" name="create equipment" time="291.971">
      <system-out><![CDATA[
COMMAND: POST /session/c3abc88c4085a1d56746dc5a5008fa37/execute/async - {"script":"<script> [1562 bytes]","args":[{"selector":{"controlType":"sap.m.GenericTile","properties":{"header":"Manage Resources"}},"wdio_ui5_key":"sapm.GenericTile{\"header\":\"Manage Resources\"}"}]}
RESULT: {}
RESULT: {"script":"<script> [1562 bytes]","args":[{"selector":{"controlType":"sap.m.GenericTile","properties":{"header":"Manage Resources"}},"wdio_ui5_key":"sapm.GenericTile{\"header\":\"Manage Resources\"}"}]}
RESULT: undefined
COMMAND: POST /session/c3abc88c4085a1d56746dc5a5008fa37/element - {"using":"xpath","value":"//*[@id=\"__tile31\"]"}
RESULT: {"using":"xpath","value":"//*[@id=\"__tile31\"]"}
COMMAND: POST /session/c3abc88c4085a1d56746dc5a5008fa37/element/f.AF2E6E2CD8BF2B753D9461224F8C2D7E.d.277CF3ED8918466B9D55A837A361A17F.e.6091/click - {}
RESULT: {}
COMMAND: GET /session/c3abc88c4085a1d56746dc5a5008fa37/screenshot - {}
RESULT: {}
COMMAND: POST /session/c3abc88c4085a1d56746dc5a5008fa37/elements - {"using":"xpath","value":"//span[text()='Error']"}
RESULT: {"using":"xpath","value":"//span[text()='Error']"}
COMMAND: POST /session/c3abc88c4085a1d56746dc5a5008fa37/element - {"using":"xpath","value":"//button[@data-kt=\"addNewRUOverflowToolbarButton\"]"}
RESULT: {"using":"xpath","value":"//button[@data-kt=\"addNewRUOverflowToolbarButton\"]"}
COMMAND: POST /session/c3abc88c4085a1d56746dc5a5008fa37/element - {"using":"xpath","value":"//button[@data-kt=\"addNewRUOverflowToolbarButton\"]"}
RESULT: {"using":"xpath","value":"//button[@data-kt=\"addNewRUOverflowToolbarButton\"]"}
COMMAND: POST /session/c3abc88c4085a1d56746dc5a5008fa37/execute/async - {"script":"<script> [1562 bytes]","args":[{"selector":{"controlType":"sap.ui.core.Icon","viewName":"etm.portal.ui.manageresources.view.Master","viewId":"application-manageresources-display-component---masterRU","properties":{"src":{"regex":{"source":"add"}}}},"wdio_ui5_key":"etmportal.ui.manageresources.view.Mastersap.ui.core.Icon{\"src\":{\"regex\":{\"source\":\"add\"}}}"}]}
RESULT: {"script":"<script> [1562 bytes]","args":[{"selector":{"controlType":"sap.ui.core.Icon","viewName":"etm.portal.ui.manageresources.view.Master","viewId":"application-manageresources-display-component---masterRU","properties":{"src":{"regex":{"source":"add"}}}},"wdio_ui5_key":"etmportal.ui.manageresources.view.Mastersap.ui.core.Icon{\"src\":{\"regex\":{\"source\":\"add\"}}}"}]}
RESULT: undefined
COMMAND: POST /session/c3abc88c4085a1d56746dc5a5008fa37/element - {"using":"xpath","value":"//*[@id=\"__button5-img\"]"}
RESULT: {"using":"xpath","value":"//*[@id=\"__button5-img\"]"}
COMMAND: POST /session/c3abc88c4085a1d56746dc5a5008fa37/element/f.AF2E6E2CD8BF2B753D9461224F8C2D7E.d.277CF3ED8918466B9D55A837A361A17F.e.6231/click - {}
RESULT: {}
COMMAND: GET /session/c3abc88c4085a1d56746dc5a5008fa37/screenshot - {}
RESULT: {}
COMMAND: POST /session/c3abc88c4085a1d56746dc5a5008fa37/execute/async - {"script":"<script> [1562 bytes]","args":[{"selector":{"controlType":"sap.m.ComboBox","viewName":"reusables.view.manageresources.NewResourceUnit","viewId":"application-manageresources-display-component---newResourceUnit","bindingPath":{"path":"","propertyPath":"/RuTypes","modelName":"catalogModel"},"searchOpenDialogs":true},"wdio_ui5_key":"reusablesview.manageresources.NewResourceUnitsap.m.ComboBox{\"path\":\"\",\"propertyPath\":\"/RuTypes\",\"modelName\":\"catalogModel\"}"}]}
RESULT: {"script":"<script> [1562 bytes]","args":[{"selector":{"controlType":"sap.m.ComboBox","viewName":"reusables.view.manageresources.NewResourceUnit","viewId":"application-manageresources-display-component---newResourceUnit","bindingPath":{"path":"","propertyPath":"/RuTypes","modelName":"catalogModel"},"searchOpenDialogs":true},"wdio_ui5_key":"reusablesview.manageresources.NewResourceUnitsap.m.ComboBox{\"path\":\"\",\"propertyPath\":\"/RuTypes\",\"modelName\":\"catalogModel\"}"}]}
RESULT: undefined
COMMAND: POST /session/c3abc88c4085a1d56746dc5a5008fa37/execute/async - {"script":"<script> [1562 bytes]","args":[{"selector":{"controlType":"sap.m.ComboBox","viewName":"reusables.view.manageresources.NewResourceUnit","viewId":"application-manageresources-display-component---newResourceUnit","bindingPath":{"path":"","propertyPath":"/Yards","modelName":"catalogModel"},"searchOpenDialogs":true},"wdio_ui5_key":"reusablesview.manageresources.NewResourceUnitsap.m.ComboBox{\"path\":\"\",\"propertyPath\":\"/Yards\",\"modelName\":\"catalogModel\"}"}]}
RESULT: {"script":"<script> [1562 bytes]","args":[{"selector":{"controlType":"sap.m.ComboBox","viewName":"reusables.view.manageresources.NewResourceUnit","viewId":"application-manageresources-display-component---newResourceUnit","bindingPath":{"path":"","propertyPath":"/Yards","modelName":"catalogModel"},"searchOpenDialogs":true},"wdio_ui5_key":"reusablesview.manageresources.NewResourceUnitsap.m.ComboBox{\"path\":\"\",\"propertyPath\":\"/Yards\",\"modelName\":\"catalogModel\"}"}]}
RESULT: undefined
COMMAND: POST /session/c3abc88c4085a1d56746dc5a5008fa37/execute/async - {"script":"<script> [1562 bytes]","args":[{"selector":{"controlType":"etm.portal.ui.reusables.customControls.LiveSearchComboBox","viewName":"reusables.view.manageresources.NewResourceUnit","viewId":"application-manageresources-display-component---newResourceUnit","bindingPath":{"path":"","propertyPath":"/CatalogItems","modelName":"catalogModel"},"searchOpenDialogs":true},"wdio_ui5_key":"reusablesview.manageresources.NewResourceUnitetm.portal.ui.reusables.customControls.LiveSearchComboBox{\"path\":\"\",\"propertyPath\":\"/CatalogItems\",\"modelName\":\"catalogModel\"}"}]}
RESULT: {"script":"<script> [1562 bytes]","args":[{"selector":{"controlType":"etm.portal.ui.reusables.customControls.LiveSearchComboBox","viewName":"reusables.view.manageresources.NewResourceUnit","viewId":"application-manageresources-display-component---newResourceUnit","bindingPath":{"path":"","propertyPath":"/CatalogItems","modelName":"catalogModel"},"searchOpenDialogs":true},"wdio_ui5_key":"reusablesview.manageresources.NewResourceUnitetm.portal.ui.reusables.customControls.LiveSearchComboBox{\"path\":\"\",\"propertyPath\":\"/CatalogItems\",\"modelName\":\"catalogModel\"}"}]}
RESULT: undefined
COMMAND: POST /session/c3abc88c4085a1d56746dc5a5008fa37/element - {"using":"xpath","value":"//bdi[text()=\"OK\"]"}
RESULT: {"using":"xpath","value":"//bdi[text()=\"OK\"]"}
COMMAND: POST /session/c3abc88c4085a1d56746dc5a5008fa37/elements - {"using":"xpath","value":"//bdi[text()=\"OK\"]"}
RESULT: {"using":"xpath","value":"//bdi[text()=\"OK\"]"}
COMMAND: POST /session/c3abc88c4085a1d56746dc5a5008fa37/elements - {"using":"xpath","value":"//bdi[text()=\"OK\"]"}
RESULT: {"using":"xpath","value":"//bdi[text()=\"OK\"]"}
COMMAND: POST /session/c3abc88c4085a1d56746dc5a5008fa37/elements - {"using":"xpath","value":"//bdi[text()=\"OK\"]"}
RESULT: {"using":"xpath","value":"//bdi[text()=\"OK\"]"}
COMMAND: POST /session/c3abc88c4085a1d56746dc5a5008fa37/elements - {"using":"xpath","value":"//bdi[text()=\"OK\"]"}
RESULT: {"using":"xpath","value":"//bdi[text()=\"OK\"]"}
COMMAND: POST /session/c3abc88c4085a1d56746dc5a5008fa37/elements - {"using":"xpath","value":"//bdi[text()=\"OK\"]"}
RESULT: {"using":"xpath","value":"//bdi[text()=\"OK\"]"}
COMMAND: POST /session/c3abc88c4085a1d56746dc5a5008fa37/elements - {"using":"xpath","value":"//bdi[text()=\"OK\"]"}
RESULT: {"using":"xpath","value":"//bdi[text()=\"OK\"]"}
COMMAND: POST /session/c3abc88c4085a1d56746dc5a5008fa37/elements - {"using":"xpath","value":"//bdi[text()=\"OK\"]"}
RESULT: {"using":"xpath","value":"//bdi[text()=\"OK\"]"}
COMMAND: POST /session/c3abc88c4085a1d56746dc5a5008fa37/elements - {"using":"xpath","value":"//bdi[text()=\"OK\"]"}
RESULT: {"using":"xpath","value":"//bdi[text()=\"OK\"]"}
COMMAND: POST /session/c3abc88c4085a1d56746dc5a5008fa37/elements - {"using":"xpath","value":"//bdi[text()=\"OK\"]"}
RESULT: {"using":"xpath","value":"//bdi[text()=\"OK\"]"}
COMMAND: POST /session/c3abc88c4085a1d56746dc5a5008fa37/elements - {"using":"xpath","value":"//bdi[text()=\"OK\"]"}
RESULT: {"using":"xpath","value":"//bdi[text()=\"OK\"]"}
COMMAND: POST /session/c3abc88c4085a1d56746dc5a5008fa37/elements - {"using":"xpath","value":"//bdi[text()=\"OK\"]"}
RESULT: {"using":"xpath","value":"//bdi[text()=\"OK\"]"}
COMMAND: POST /session/c3abc88c4085a1d56746dc5a5008fa37/elements - {"using":"xpath","value":"//bdi[text()=\"OK\"]"}
RESULT: {"using":"xpath","value":"//bdi[text()=\"OK\"]"}
COMMAND: POST /session/c3abc88c4085a1d56746dc5a5008fa37/elements - {"using":"xpath","value":"//bdi[text()=\"OK\"]"}
RESULT: {"using":"xpath","value":"//bdi[text()=\"OK\"]"}
COMMAND: POST /session/c3abc88c4085a1d56746dc5a5008fa37/elements - {"using":"xpath","value":"//bdi[text()=\"OK\"]"}
RESULT: {"using":"xpath","value":"//bdi[text()=\"OK\"]"}
COMMAND: POST /session/c3abc88c4085a1d56746dc5a5008fa37/elements - {"using":"xpath","value":"//bdi[text()=\"OK\"]"}
RESULT: {"using":"xpath","value":"//bdi[text()=\"OK\"]"}
COMMAND: POST /session/c3abc88c4085a1d56746dc5a5008fa37/elements - {"using":"xpath","value":"//bdi[text()=\"OK\"]"}
RESULT: {"using":"xpath","value":"//bdi[text()=\"OK\"]"}
COMMAND: POST /session/c3abc88c4085a1d56746dc5a5008fa37/elements - {"using":"xpath","value":"//bdi[text()=\"OK\"]"}
RESULT: {"using":"xpath","value":"//bdi[text()=\"OK\"]"}
COMMAND: POST /session/c3abc88c4085a1d56746dc5a5008fa37/elements - {"using":"xpath","value":"//bdi[text()=\"OK\"]"}
RESULT: {"using":"xpath","value":"//bdi[text()=\"OK\"]"}
COMMAND: POST /session/c3abc88c4085a1d56746dc5a5008fa37/elements - {"using":"xpath","value":"//bdi[text()=\"OK\"]"}
RESULT: {"using":"xpath","value":"//bdi[text()=\"OK\"]"}
COMMAND: POST /session/c3abc88c4085a1d56746dc5a5008fa37/elements - {"using":"xpath","value":"//bdi[text()=\"OK\"]"}
RESULT: {"using":"xpath","value":"//bdi[text()=\"OK\"]"}
COMMAND: POST /session/c3abc88c4085a1d56746dc5a5008fa37/elements - {"using":"xpath","value":"//bdi[text()=\"OK\"]"}
RESULT: {"using":"xpath","value":"//bdi[text()=\"OK\"]"}
COMMAND: POST /session/c3abc88c4085a1d56746dc5a5008fa37/elements - {"using":"xpath","value":"//bdi[text()=\"OK\"]"}
RESULT: {"using":"xpath","value":"//bdi[text()=\"OK\"]"}
COMMAND: POST /session/c3abc88c4085a1d56746dc5a5008fa37/elements - {"using":"xpath","value":"//bdi[text()=\"OK\"]"}
RESULT: {"using":"xpath","value":"//bdi[text()=\"OK\"]"}
COMMAND: POST /session/c3abc88c4085a1d56746dc5a5008fa37/elements - {"using":"xpath","value":"//bdi[text()=\"OK\"]"}
RESULT: {"using":"xpath","value":"//bdi[text()=\"OK\"]"}
COMMAND: POST /session/c3abc88c4085a1d56746dc5a5008fa37/elements - {"using":"xpath","value":"//bdi[text()=\"OK\"]"}
RESULT: {"using":"xpath","value":"//bdi[text()=\"OK\"]"}
COMMAND: POST /session/c3abc88c4085a1d56746dc5a5008fa37/elements - {"using":"xpath","value":"//bdi[text()=\"OK\"]"}
RESULT: {"using":"xpath","value":"//bdi[text()=\"OK\"]"}
COMMAND: POST /session/c3abc88c4085a1d56746dc5a5008fa37/elements - {"using":"xpath","value":"//bdi[text()=\"OK\"]"}
RESULT: {"using":"xpath","value":"//bdi[text()=\"OK\"]"}
COMMAND: POST /session/c3abc88c4085a1d56746dc5a5008fa37/elements - {"using":"xpath","value":"//bdi[text()=\"OK\"]"}
RESULT: {"using":"xpath","value":"//bdi[text()=\"OK\"]"}
COMMAND: POST /session/c3abc88c4085a1d56746dc5a5008fa37/elements - {"using":"xpath","value":"//bdi[text()=\"OK\"]"}
RESULT: {"using":"xpath","value":"//bdi[text()=\"OK\"]"}
COMMAND: POST /session/c3abc88c4085a1d56746dc5a5008fa37/elements - {"using":"xpath","value":"//bdi[text()=\"OK\"]"}
RESULT: {"using":"xpath","value":"//bdi[text()=\"OK\"]"}
COMMAND: POST /session/c3abc88c4085a1d56746dc5a5008fa37/elements - {"using":"xpath","value":"//bdi[text()=\"OK\"]"}
RESULT: {"using":"xpath","value":"//bdi[text()=\"OK\"]"}
COMMAND: POST /session/c3abc88c4085a1d56746dc5a5008fa37/elements - {"using":"xpath","value":"//bdi[text()=\"OK\"]"}
RESULT: {"using":"xpath","value":"//bdi[text()=\"OK\"]"}
COMMAND: POST /session/c3abc88c4085a1d56746dc5a5008fa37/elements - {"using":"xpath","value":"//bdi[text()=\"OK\"]"}
RESULT: {"using":"xpath","value":"//bdi[text()=\"OK\"]"}
COMMAND: POST /session/c3abc88c4085a1d56746dc5a5008fa37/elements - {"using":"xpath","value":"//bdi[text()=\"OK\"]"}
RESULT: {"using":"xpath","value":"//bdi[text()=\"OK\"]"}
COMMAND: POST /session/c3abc88c4085a1d56746dc5a5008fa37/elements - {"using":"xpath","value":"//bdi[text()=\"OK\"]"}
RESULT: {"using":"xpath","value":"//bdi[text()=\"OK\"]"}
COMMAND: POST /session/c3abc88c4085a1d56746dc5a5008fa37/elements - {"using":"xpath","value":"//bdi[text()=\"OK\"]"}
RESULT: {"using":"xpath","value":"//bdi[text()=\"OK\"]"}
COMMAND: POST /session/c3abc88c4085a1d56746dc5a5008fa37/elements - {"using":"xpath","value":"//bdi[text()=\"OK\"]"}
RESULT: {"using":"xpath","value":"//bdi[text()=\"OK\"]"}
COMMAND: POST /session/c3abc88c4085a1d56746dc5a5008fa37/elements - {"using":"xpath","value":"//bdi[text()=\"OK\"]"}
RESULT: {"using":"xpath","value":"//bdi[text()=\"OK\"]"}
COMMAND: POST /session/c3abc88c4085a1d56746dc5a5008fa37/elements - {"using":"xpath","value":"//bdi[text()=\"OK\"]"}
RESULT: {"using":"xpath","value":"//bdi[text()=\"OK\"]"}
COMMAND: POST /session/c3abc88c4085a1d56746dc5a5008fa37/elements - {"using":"xpath","value":"//bdi[text()=\"OK\"]"}
RESULT: {"using":"xpath","value":"//bdi[text()=\"OK\"]"}
COMMAND: POST /session/c3abc88c4085a1d56746dc5a5008fa37/elements - {"using":"xpath","value":"//bdi[text()=\"OK\"]"}
RESULT: {"using":"xpath","value":"//bdi[text()=\"OK\"]"}
COMMAND: POST /session/c3abc88c4085a1d56746dc5a5008fa37/elements - {"using":"xpath","value":"//bdi[text()=\"OK\"]"}
RESULT: {"using":"xpath","value":"//bdi[text()=\"OK\"]"}
COMMAND: POST /session/c3abc88c4085a1d56746dc5a5008fa37/elements - {"using":"xpath","value":"//bdi[text()=\"OK\"]"}
RESULT: {"using":"xpath","value":"//bdi[text()=\"OK\"]"}
COMMAND: POST /session/c3abc88c4085a1d56746dc5a5008fa37/elements - {"using":"xpath","value":"//bdi[text()=\"OK\"]"}
RESULT: {"using":"xpath","value":"//bdi[text()=\"OK\"]"}
COMMAND: POST /session/c3abc88c4085a1d56746dc5a5008fa37/elements - {"using":"xpath","value":"//bdi[text()=\"OK\"]"}
RESULT: {"using":"xpath","value":"//bdi[text()=\"OK\"]"}
COMMAND: POST /session/c3abc88c4085a1d56746dc5a5008fa37/elements - {"using":"xpath","value":"//bdi[text()=\"OK\"]"}
RESULT: {"using":"xpath","value":"//bdi[text()=\"OK\"]"}
COMMAND: POST /session/c3abc88c4085a1d56746dc5a5008fa37/elements - {"using":"xpath","value":"//bdi[text()=\"OK\"]"}
RESULT: {"using":"xpath","value":"//bdi[text()=\"OK\"]"}
COMMAND: POST /session/c3abc88c4085a1d56746dc5a5008fa37/elements - {"using":"xpath","value":"//bdi[text()=\"OK\"]"}
RESULT: {"using":"xpath","value":"//bdi[text()=\"OK\"]"}
COMMAND: POST /session/c3abc88c4085a1d56746dc5a5008fa37/elements - {"using":"xpath","value":"//bdi[text()=\"OK\"]"}
RESULT: {"using":"xpath","value":"//bdi[text()=\"OK\"]"}
COMMAND: POST /session/c3abc88c4085a1d56746dc5a5008fa37/elements - {"using":"xpath","value":"//bdi[text()=\"OK\"]"}
RESULT: {"using":"xpath","value":"//bdi[text()=\"OK\"]"}
COMMAND: POST /session/c3abc88c4085a1d56746dc5a5008fa37/elements - {"using":"xpath","value":"//bdi[text()=\"OK\"]"}
RESULT: {"using":"xpath","value":"//bdi[text()=\"OK\"]"}
COMMAND: POST /session/c3abc88c4085a1d56746dc5a5008fa37/elements - {"using":"xpath","value":"//bdi[text()=\"OK\"]"}
RESULT: {"using":"xpath","value":"//bdi[text()=\"OK\"]"}
COMMAND: POST /session/c3abc88c4085a1d56746dc5a5008fa37/elements - {"using":"xpath","value":"//bdi[text()=\"OK\"]"}
RESULT: {"using":"xpath","value":"//bdi[text()=\"OK\"]"}
COMMAND: POST /session/c3abc88c4085a1d56746dc5a5008fa37/elements - {"using":"xpath","value":"//bdi[text()=\"OK\"]"}
RESULT: {"using":"xpath","value":"//bdi[text()=\"OK\"]"}
COMMAND: POST /session/c3abc88c4085a1d56746dc5a5008fa37/elements - {"using":"xpath","value":"//bdi[text()=\"OK\"]"}
RESULT: {"using":"xpath","value":"//bdi[text()=\"OK\"]"}
COMMAND: POST /session/c3abc88c4085a1d56746dc5a5008fa37/elements - {"using":"xpath","value":"//bdi[text()=\"OK\"]"}
RESULT: {"using":"xpath","value":"//bdi[text()=\"OK\"]"}
COMMAND: POST /session/c3abc88c4085a1d56746dc5a5008fa37/elements - {"using":"xpath","value":"//bdi[text()=\"OK\"]"}
RESULT: {"using":"xpath","value":"//bdi[text()=\"OK\"]"}
COMMAND: POST /session/c3abc88c4085a1d56746dc5a5008fa37/elements - {"using":"xpath","value":"//bdi[text()=\"OK\"]"}
RESULT: {"using":"xpath","value":"//bdi[text()=\"OK\"]"}
COMMAND: POST /session/c3abc88c4085a1d56746dc5a5008fa37/elements - {"using":"xpath","value":"//bdi[text()=\"OK\"]"}
RESULT: {"using":"xpath","value":"//bdi[text()=\"OK\"]"}
COMMAND: POST /session/c3abc88c4085a1d56746dc5a5008fa37/elements - {"using":"xpath","value":"//bdi[text()=\"OK\"]"}
RESULT: {"using":"xpath","value":"//bdi[text()=\"OK\"]"}
COMMAND: POST /session/c3abc88c4085a1d56746dc5a5008fa37/elements - {"using":"xpath","value":"//bdi[text()=\"OK\"]"}
RESULT: {"using":"xpath","value":"//bdi[text()=\"OK\"]"}
COMMAND: POST /session/c3abc88c4085a1d56746dc5a5008fa37/elements - {"using":"xpath","value":"//bdi[text()=\"OK\"]"}
RESULT: {"using":"xpath","value":"//bdi[text()=\"OK\"]"}
COMMAND: POST /session/c3abc88c4085a1d56746dc5a5008fa37/elements - {"using":"xpath","value":"//bdi[text()=\"OK\"]"}
RESULT: {"using":"xpath","value":"//bdi[text()=\"OK\"]"}
COMMAND: POST /session/c3abc88c4085a1d56746dc5a5008fa37/elements - {"using":"xpath","value":"//bdi[text()=\"OK\"]"}
RESULT: {"using":"xpath","value":"//bdi[text()=\"OK\"]"}
COMMAND: POST /session/c3abc88c4085a1d56746dc5a5008fa37/elements - {"using":"xpath","value":"//bdi[text()=\"OK\"]"}
RESULT: {"using":"xpath","value":"//bdi[text()=\"OK\"]"}
COMMAND: POST /session/c3abc88c4085a1d56746dc5a5008fa37/elements - {"using":"xpath","value":"//bdi[text()=\"OK\"]"}
RESULT: {"using":"xpath","value":"//bdi[text()=\"OK\"]"}
COMMAND: POST /session/c3abc88c4085a1d56746dc5a5008fa37/elements - {"using":"xpath","value":"//bdi[text()=\"OK\"]"}
RESULT: {"using":"xpath","value":"//bdi[text()=\"OK\"]"}
COMMAND: POST /session/c3abc88c4085a1d56746dc5a5008fa37/elements - {"using":"xpath","value":"//bdi[text()=\"OK\"]"}
RESULT: {"using":"xpath","value":"//bdi[text()=\"OK\"]"}
COMMAND: POST /session/c3abc88c4085a1d56746dc5a5008fa37/elements - {"using":"xpath","value":"//bdi[text()=\"OK\"]"}
RESULT: {"using":"xpath","value":"//bdi[text()=\"OK\"]"}
COMMAND: POST /session/c3abc88c4085a1d56746dc5a5008fa37/elements - {"using":"xpath","value":"//bdi[text()=\"OK\"]"}
RESULT: {"using":"xpath","value":"//bdi[text()=\"OK\"]"}
COMMAND: POST /session/c3abc88c4085a1d56746dc5a5008fa37/elements - {"using":"xpath","value":"//bdi[text()=\"OK\"]"}
RESULT: {"using":"xpath","value":"//bdi[text()=\"OK\"]"}
COMMAND: POST /session/c3abc88c4085a1d56746dc5a5008fa37/elements - {"using":"xpath","value":"//bdi[text()=\"OK\"]"}
RESULT: {"using":"xpath","value":"//bdi[text()=\"OK\"]"}
COMMAND: POST /session/c3abc88c4085a1d56746dc5a5008fa37/elements - {"using":"xpath","value":"//bdi[text()=\"OK\"]"}
RESULT: {"using":"xpath","value":"//bdi[text()=\"OK\"]"}
COMMAND: POST /session/c3abc88c4085a1d56746dc5a5008fa37/elements - {"using":"xpath","value":"//bdi[text()=\"OK\"]"}
RESULT: {"using":"xpath","value":"//bdi[text()=\"OK\"]"}
COMMAND: POST /session/c3abc88c4085a1d56746dc5a5008fa37/elements - {"using":"xpath","value":"//bdi[text()=\"OK\"]"}
RESULT: {"using":"xpath","value":"//bdi[text()=\"OK\"]"}
COMMAND: POST /session/c3abc88c4085a1d56746dc5a5008fa37/elements - {"using":"xpath","value":"//bdi[text()=\"OK\"]"}
RESULT: {"using":"xpath","value":"//bdi[text()=\"OK\"]"}
COMMAND: POST /session/c3abc88c4085a1d56746dc5a5008fa37/elements - {"using":"xpath","value":"//bdi[text()=\"OK\"]"}
RESULT: {"using":"xpath","value":"//bdi[text()=\"OK\"]"}
COMMAND: POST /session/c3abc88c4085a1d56746dc5a5008fa37/elements - {"using":"xpath","value":"//bdi[text()=\"OK\"]"}
RESULT: {"using":"xpath","value":"//bdi[text()=\"OK\"]"}
COMMAND: POST /session/c3abc88c4085a1d56746dc5a5008fa37/elements - {"using":"xpath","value":"//bdi[text()=\"OK\"]"}
RESULT: {"using":"xpath","value":"//bdi[text()=\"OK\"]"}
COMMAND: POST /session/c3abc88c4085a1d56746dc5a5008fa37/elements - {"using":"xpath","value":"//bdi[text()=\"OK\"]"}
RESULT: {"using":"xpath","value":"//bdi[text()=\"OK\"]"}
COMMAND: POST /session/c3abc88c4085a1d56746dc5a5008fa37/elements - {"using":"xpath","value":"//bdi[text()=\"OK\"]"}
RESULT: {"using":"xpath","value":"//bdi[text()=\"OK\"]"}
COMMAND: POST /session/c3abc88c4085a1d56746dc5a5008fa37/elements - {"using":"xpath","value":"//bdi[text()=\"OK\"]"}
RESULT: {"using":"xpath","value":"//bdi[text()=\"OK\"]"}
COMMAND: POST /session/c3abc88c4085a1d56746dc5a5008fa37/elements - {"using":"xpath","value":"//bdi[text()=\"OK\"]"}
RESULT: {"using":"xpath","value":"//bdi[text()=\"OK\"]"}
COMMAND: POST /session/c3abc88c4085a1d56746dc5a5008fa37/elements - {"using":"xpath","value":"//bdi[text()=\"OK\"]"}
RESULT: {"using":"xpath","value":"//bdi[text()=\"OK\"]"}
COMMAND: POST /session/c3abc88c4085a1d56746dc5a5008fa37/elements - {"using":"xpath","value":"//bdi[text()=\"OK\"]"}
RESULT: {"using":"xpath","value":"//bdi[text()=\"OK\"]"}
COMMAND: POST /session/c3abc88c4085a1d56746dc5a5008fa37/elements - {"using":"xpath","value":"//bdi[text()=\"OK\"]"}
RESULT: {"using":"xpath","value":"//bdi[text()=\"OK\"]"}
COMMAND: POST /session/c3abc88c4085a1d56746dc5a5008fa37/elements - {"using":"xpath","value":"//bdi[text()=\"OK\"]"}
RESULT: {"using":"xpath","value":"//bdi[text()=\"OK\"]"}
COMMAND: POST /session/c3abc88c4085a1d56746dc5a5008fa37/elements - {"using":"xpath","value":"//bdi[text()=\"OK\"]"}
RESULT: {"using":"xpath","value":"//bdi[text()=\"OK\"]"}
COMMAND: POST /session/c3abc88c4085a1d56746dc5a5008fa37/elements - {"using":"xpath","value":"//bdi[text()=\"OK\"]"}
RESULT: {"using":"xpath","value":"//bdi[text()=\"OK\"]"}
COMMAND: POST /session/c3abc88c4085a1d56746dc5a5008fa37/elements - {"using":"xpath","value":"//bdi[text()=\"OK\"]"}
RESULT: {"using":"xpath","value":"//bdi[text()=\"OK\"]"}
COMMAND: POST /session/c3abc88c4085a1d56746dc5a5008fa37/elements - {"using":"xpath","value":"//bdi[text()=\"OK\"]"}
RESULT: {"using":"xpath","value":"//bdi[text()=\"OK\"]"}
COMMAND: POST /session/c3abc88c4085a1d56746dc5a5008fa37/elements - {"using":"xpath","value":"//bdi[text()=\"OK\"]"}
RESULT: {"using":"xpath","value":"//bdi[text()=\"OK\"]"}
COMMAND: POST /session/c3abc88c4085a1d56746dc5a5008fa37/elements - {"using":"xpath","value":"//bdi[text()=\"OK\"]"}
RESULT: {"using":"xpath","value":"//bdi[text()=\"OK\"]"}
COMMAND: POST /session/c3abc88c4085a1d56746dc5a5008fa37/elements - {"using":"xpath","value":"//bdi[text()=\"OK\"]"}
RESULT: {"using":"xpath","value":"//bdi[text()=\"OK\"]"}
COMMAND: POST /session/c3abc88c4085a1d56746dc5a5008fa37/elements - {"using":"xpath","value":"//bdi[text()=\"OK\"]"}
RESULT: {"using":"xpath","value":"//bdi[text()=\"OK\"]"}
COMMAND: POST /session/c3abc88c4085a1d56746dc5a5008fa37/elements - {"using":"xpath","value":"//bdi[text()=\"OK\"]"}
RESULT: {"using":"xpath","value":"//bdi[text()=\"OK\"]"}
COMMAND: POST /session/c3abc88c4085a1d56746dc5a5008fa37/elements - {"using":"xpath","value":"//bdi[text()=\"OK\"]"}
RESULT: {"using":"xpath","value":"//bdi[text()=\"OK\"]"}
COMMAND: POST /session/c3abc88c4085a1d56746dc5a5008fa37/elements - {"using":"xpath","value":"//bdi[text()=\"OK\"]"}
RESULT: {"using":"xpath","value":"//bdi[text()=\"OK\"]"}
COMMAND: POST /session/c3abc88c4085a1d56746dc5a5008fa37/elements - {"using":"xpath","value":"//bdi[text()=\"OK\"]"}
RESULT: {"using":"xpath","value":"//bdi[text()=\"OK\"]"}
COMMAND: POST /session/c3abc88c4085a1d56746dc5a5008fa37/elements - {"using":"xpath","value":"//bdi[text()=\"OK\"]"}
RESULT: {"using":"xpath","value":"//bdi[text()=\"OK\"]"}
COMMAND: POST /session/c3abc88c4085a1d56746dc5a5008fa37/elements - {"using":"xpath","value":"//bdi[text()=\"OK\"]"}
RESULT: {"using":"xpath","value":"//bdi[text()=\"OK\"]"}
COMMAND: POST /session/c3abc88c4085a1d56746dc5a5008fa37/elements - {"using":"xpath","value":"//bdi[text()=\"OK\"]"}
RESULT: {"using":"xpath","value":"//bdi[text()=\"OK\"]"}
COMMAND: POST /session/c3abc88c4085a1d56746dc5a5008fa37/elements - {"using":"xpath","value":"//bdi[text()=\"OK\"]"}
RESULT: {"using":"xpath","value":"//bdi[text()=\"OK\"]"}
COMMAND: POST /session/c3abc88c4085a1d56746dc5a5008fa37/elements - {"using":"xpath","value":"//bdi[text()=\"OK\"]"}
RESULT: {"using":"xpath","value":"//bdi[text()=\"OK\"]"}
COMMAND: POST /session/c3abc88c4085a1d56746dc5a5008fa37/elements - {"using":"xpath","value":"//bdi[text()=\"OK\"]"}
RESULT: {"using":"xpath","value":"//bdi[text()=\"OK\"]"}
COMMAND: POST /session/c3abc88c4085a1d56746dc5a5008fa37/elements - {"using":"xpath","value":"//bdi[text()=\"OK\"]"}
RESULT: {"using":"xpath","value":"//bdi[text()=\"OK\"]"}
COMMAND: POST /session/c3abc88c4085a1d56746dc5a5008fa37/elements - {"using":"xpath","value":"//bdi[text()=\"OK\"]"}
RESULT: {"using":"xpath","value":"//bdi[text()=\"OK\"]"}
COMMAND: POST /session/c3abc88c4085a1d56746dc5a5008fa37/elements - {"using":"xpath","value":"//bdi[text()=\"OK\"]"}
RESULT: {"using":"xpath","value":"//bdi[text()=\"OK\"]"}
COMMAND: POST /session/c3abc88c4085a1d56746dc5a5008fa37/elements - {"using":"xpath","value":"//bdi[text()=\"OK\"]"}
RESULT: {"using":"xpath","value":"//bdi[text()=\"OK\"]"}
COMMAND: POST /session/c3abc88c4085a1d56746dc5a5008fa37/elements - {"using":"xpath","value":"//bdi[text()=\"OK\"]"}
RESULT: {"using":"xpath","value":"//bdi[text()=\"OK\"]"}
COMMAND: POST /session/c3abc88c4085a1d56746dc5a5008fa37/elements - {"using":"xpath","value":"//bdi[text()=\"OK\"]"}
RESULT: {"using":"xpath","value":"//bdi[text()=\"OK\"]"}
COMMAND: POST /session/c3abc88c4085a1d56746dc5a5008fa37/elements - {"using":"xpath","value":"//bdi[text()=\"OK\"]"}
RESULT: {"using":"xpath","value":"//bdi[text()=\"OK\"]"}
COMMAND: POST /session/c3abc88c4085a1d56746dc5a5008fa37/elements - {"using":"xpath","value":"//bdi[text()=\"OK\"]"}
RESULT: {"using":"xpath","value":"//bdi[text()=\"OK\"]"}
COMMAND: POST /session/c3abc88c4085a1d56746dc5a5008fa37/elements - {"using":"xpath","value":"//bdi[text()=\"OK\"]"}
RESULT: {"using":"xpath","value":"//bdi[text()=\"OK\"]"}
COMMAND: POST /session/c3abc88c4085a1d56746dc5a5008fa37/elements - {"using":"xpath","value":"//bdi[text()=\"OK\"]"}
RESULT: {"using":"xpath","value":"//bdi[text()=\"OK\"]"}
COMMAND: POST /session/c3abc88c4085a1d56746dc5a5008fa37/elements - {"using":"xpath","value":"//bdi[text()=\"OK\"]"}
RESULT: {"using":"xpath","value":"//bdi[text()=\"OK\"]"}
COMMAND: POST /session/c3abc88c4085a1d56746dc5a5008fa37/elements - {"using":"xpath","value":"//bdi[text()=\"OK\"]"}
RESULT: {"using":"xpath","value":"//bdi[text()=\"OK\"]"}
COMMAND: POST /session/c3abc88c4085a1d56746dc5a5008fa37/elements - {"using":"xpath","value":"//bdi[text()=\"OK\"]"}
RESULT: {"using":"xpath","value":"//bdi[text()=\"OK\"]"}
COMMAND: POST /session/c3abc88c4085a1d56746dc5a5008fa37/elements - {"using":"xpath","value":"//bdi[text()=\"OK\"]"}
RESULT: {"using":"xpath","value":"//bdi[text()=\"OK\"]"}
COMMAND: POST /session/c3abc88c4085a1d56746dc5a5008fa37/elements - {"using":"xpath","value":"//bdi[text()=\"OK\"]"}
RESULT: {"using":"xpath","value":"//bdi[text()=\"OK\"]"}
COMMAND: POST /session/c3abc88c4085a1d56746dc5a5008fa37/element - {"using":"xpath","value":"//bdi[text()=\"OK\"]"}
RESULT: {"using":"xpath","value":"//bdi[text()=\"OK\"]"}
COMMAND: POST /session/c3abc88c4085a1d56746dc5a5008fa37/elements - {"using":"xpath","value":"//bdi[text()=\"OK\"]"}
RESULT: {"using":"xpath","value":"//bdi[text()=\"OK\"]"}
COMMAND: POST /session/c3abc88c4085a1d56746dc5a5008fa37/elements - {"using":"xpath","value":"//bdi[text()=\"OK\"]"}
RESULT: {"using":"xpath","value":"//bdi[text()=\"OK\"]"}
COMMAND: POST /session/c3abc88c4085a1d56746dc5a5008fa37/elements - {"using":"xpath","value":"//bdi[text()=\"OK\"]"}
RESULT: {"using":"xpath","value":"//bdi[text()=\"OK\"]"}
COMMAND: POST /session/c3abc88c4085a1d56746dc5a5008fa37/elements - {"using":"xpath","value":"//bdi[text()=\"OK\"]"}
RESULT: {"using":"xpath","value":"//bdi[text()=\"OK\"]"}
COMMAND: POST /session/c3abc88c4085a1d56746dc5a5008fa37/elements - {"using":"xpath","value":"//bdi[text()=\"OK\"]"}
RESULT: {"using":"xpath","value":"//bdi[text()=\"OK\"]"}
COMMAND: POST /session/c3abc88c4085a1d56746dc5a5008fa37/elements - {"using":"xpath","value":"//bdi[text()=\"OK\"]"}
RESULT: {"using":"xpath","value":"//bdi[text()=\"OK\"]"}
COMMAND: POST /session/c3abc88c4085a1d56746dc5a5008fa37/elements - {"using":"xpath","value":"//bdi[text()=\"OK\"]"}
RESULT: {"using":"xpath","value":"//bdi[text()=\"OK\"]"}
COMMAND: POST /session/c3abc88c4085a1d56746dc5a5008fa37/elements - {"using":"xpath","value":"//bdi[text()=\"OK\"]"}
RESULT: {"using":"xpath","value":"//bdi[text()=\"OK\"]"}
COMMAND: POST /session/c3abc88c4085a1d56746dc5a5008fa37/elements - {"using":"xpath","value":"//bdi[text()=\"OK\"]"}
RESULT: {"using":"xpath","value":"//bdi[text()=\"OK\"]"}
COMMAND: POST /session/c3abc88c4085a1d56746dc5a5008fa37/elements - {"using":"xpath","value":"//bdi[text()=\"OK\"]"}
RESULT: {"using":"xpath","value":"//bdi[text()=\"OK\"]"}
COMMAND: POST /session/c3abc88c4085a1d56746dc5a5008fa37/elements - {"using":"xpath","value":"//bdi[text()=\"OK\"]"}
RESULT: {"using":"xpath","value":"//bdi[text()=\"OK\"]"}
COMMAND: POST /session/c3abc88c4085a1d56746dc5a5008fa37/elements - {"using":"xpath","value":"//bdi[text()=\"OK\"]"}
RESULT: {"using":"xpath","value":"//bdi[text()=\"OK\"]"}
COMMAND: POST /session/c3abc88c4085a1d56746dc5a5008fa37/elements - {"using":"xpath","value":"//bdi[text()=\"OK\"]"}
RESULT: {"using":"xpath","value":"//bdi[text()=\"OK\"]"}
COMMAND: POST /session/c3abc88c4085a1d56746dc5a5008fa37/elements - {"using":"xpath","value":"//bdi[text()=\"OK\"]"}
RESULT: {"using":"xpath","value":"//bdi[text()=\"OK\"]"}
COMMAND: POST /session/c3abc88c4085a1d56746dc5a5008fa37/elements - {"using":"xpath","value":"//bdi[text()=\"OK\"]"}
RESULT: {"using":"xpath","value":"//bdi[text()=\"OK\"]"}
COMMAND: POST /session/c3abc88c4085a1d56746dc5a5008fa37/elements - {"using":"xpath","value":"//bdi[text()=\"OK\"]"}
RESULT: {"using":"xpath","value":"//bdi[text()=\"OK\"]"}
COMMAND: POST /session/c3abc88c4085a1d56746dc5a5008fa37/elements - {"using":"xpath","value":"//bdi[text()=\"OK\"]"}
RESULT: {"using":"xpath","value":"//bdi[text()=\"OK\"]"}
COMMAND: POST /session/c3abc88c4085a1d56746dc5a5008fa37/elements - {"using":"xpath","value":"//bdi[text()=\"OK\"]"}
RESULT: {"using":"xpath","value":"//bdi[text()=\"OK\"]"}
COMMAND: POST /session/c3abc88c4085a1d56746dc5a5008fa37/elements - {"using":"xpath","value":"//bdi[text()=\"OK\"]"}
RESULT: {"using":"xpath","value":"//bdi[text()=\"OK\"]"}
COMMAND: POST /session/c3abc88c4085a1d56746dc5a5008fa37/elements - {"using":"xpath","value":"//bdi[text()=\"OK\"]"}
RESULT: {"using":"xpath","value":"//bdi[text()=\"OK\"]"}
COMMAND: POST /session/c3abc88c4085a1d56746dc5a5008fa37/elements - {"using":"xpath","value":"//bdi[text()=\"OK\"]"}
RESULT: {"using":"xpath","value":"//bdi[text()=\"OK\"]"}
COMMAND: POST /session/c3abc88c4085a1d56746dc5a5008fa37/elements - {"using":"xpath","value":"//bdi[text()=\"OK\"]"}
RESULT: {"using":"xpath","value":"//bdi[text()=\"OK\"]"}
COMMAND: POST /session/c3abc88c4085a1d56746dc5a5008fa37/elements - {"using":"xpath","value":"//bdi[text()=\"OK\"]"}
RESULT: {"using":"xpath","value":"//bdi[text()=\"OK\"]"}
COMMAND: POST /session/c3abc88c4085a1d56746dc5a5008fa37/elements - {"using":"xpath","value":"//bdi[text()=\"OK\"]"}
RESULT: {"using":"xpath","value":"//bdi[text()=\"OK\"]"}
COMMAND: POST /session/c3abc88c4085a1d56746dc5a5008fa37/elements - {"using":"xpath","value":"//bdi[text()=\"OK\"]"}
RESULT: {"using":"xpath","value":"//bdi[text()=\"OK\"]"}
COMMAND: POST /session/c3abc88c4085a1d56746dc5a5008fa37/elements - {"using":"xpath","value":"//bdi[text()=\"OK\"]"}
RESULT: {"using":"xpath","value":"//bdi[text()=\"OK\"]"}
COMMAND: POST /session/c3abc88c4085a1d56746dc5a5008fa37/elements - {"using":"xpath","value":"//bdi[text()=\"OK\"]"}
RESULT: {"using":"xpath","value":"//bdi[text()=\"OK\"]"}
COMMAND: POST /session/c3abc88c4085a1d56746dc5a5008fa37/elements - {"using":"xpath","value":"//bdi[text()=\"OK\"]"}
RESULT: {"using":"xpath","value":"//bdi[text()=\"OK\"]"}
COMMAND: POST /session/c3abc88c4085a1d56746dc5a5008fa37/elements - {"using":"xpath","value":"//bdi[text()=\"OK\"]"}
RESULT: {"using":"xpath","value":"//bdi[text()=\"OK\"]"}
COMMAND: POST /session/c3abc88c4085a1d56746dc5a5008fa37/elements - {"using":"xpath","value":"//bdi[text()=\"OK\"]"}
RESULT: {"using":"xpath","value":"//bdi[text()=\"OK\"]"}
COMMAND: POST /session/c3abc88c4085a1d56746dc5a5008fa37/elements - {"using":"xpath","value":"//bdi[text()=\"OK\"]"}
RESULT: {"using":"xpath","value":"//bdi[text()=\"OK\"]"}
COMMAND: POST /session/c3abc88c4085a1d56746dc5a5008fa37/elements - {"using":"xpath","value":"//bdi[text()=\"OK\"]"}
RESULT: {"using":"xpath","value":"//bdi[text()=\"OK\"]"}
COMMAND: POST /session/c3abc88c4085a1d56746dc5a5008fa37/elements - {"using":"xpath","value":"//bdi[text()=\"OK\"]"}
RESULT: {"using":"xpath","value":"//bdi[text()=\"OK\"]"}
COMMAND: POST /session/c3abc88c4085a1d56746dc5a5008fa37/elements - {"using":"xpath","value":"//bdi[text()=\"OK\"]"}
RESULT: {"using":"xpath","value":"//bdi[text()=\"OK\"]"}
COMMAND: POST /session/c3abc88c4085a1d56746dc5a5008fa37/elements - {"using":"xpath","value":"//bdi[text()=\"OK\"]"}
RESULT: {"using":"xpath","value":"//bdi[text()=\"OK\"]"}
COMMAND: POST /session/c3abc88c4085a1d56746dc5a5008fa37/elements - {"using":"xpath","value":"//bdi[text()=\"OK\"]"}
RESULT: {"using":"xpath","value":"//bdi[text()=\"OK\"]"}
COMMAND: POST /session/c3abc88c4085a1d56746dc5a5008fa37/elements - {"using":"xpath","value":"//bdi[text()=\"OK\"]"}
RESULT: {"using":"xpath","value":"//bdi[text()=\"OK\"]"}
COMMAND: POST /session/c3abc88c4085a1d56746dc5a5008fa37/elements - {"using":"xpath","value":"//bdi[text()=\"OK\"]"}
RESULT: {"using":"xpath","value":"//bdi[text()=\"OK\"]"}
COMMAND: POST /session/c3abc88c4085a1d56746dc5a5008fa37/elements - {"using":"xpath","value":"//bdi[text()=\"OK\"]"}
RESULT: {"using":"xpath","value":"//bdi[text()=\"OK\"]"}
COMMAND: POST /session/c3abc88c4085a1d56746dc5a5008fa37/elements - {"using":"xpath","value":"//bdi[text()=\"OK\"]"}
RESULT: {"using":"xpath","value":"//bdi[text()=\"OK\"]"}
COMMAND: POST /session/c3abc88c4085a1d56746dc5a5008fa37/elements - {"using":"xpath","value":"//bdi[text()=\"OK\"]"}
RESULT: {"using":"xpath","value":"//bdi[text()=\"OK\"]"}
COMMAND: POST /session/c3abc88c4085a1d56746dc5a5008fa37/elements - {"using":"xpath","value":"//bdi[text()=\"OK\"]"}
RESULT: {"using":"xpath","value":"//bdi[text()=\"OK\"]"}
COMMAND: POST /session/c3abc88c4085a1d56746dc5a5008fa37/elements - {"using":"xpath","value":"//bdi[text()=\"OK\"]"}
RESULT: {"using":"xpath","value":"//bdi[text()=\"OK\"]"}
COMMAND: POST /session/c3abc88c4085a1d56746dc5a5008fa37/elements - {"using":"xpath","value":"//bdi[text()=\"OK\"]"}
RESULT: {"using":"xpath","value":"//bdi[text()=\"OK\"]"}
COMMAND: POST /session/c3abc88c4085a1d56746dc5a5008fa37/elements - {"using":"xpath","value":"//bdi[text()=\"OK\"]"}
RESULT: {"using":"xpath","value":"//bdi[text()=\"OK\"]"}
COMMAND: POST /session/c3abc88c4085a1d56746dc5a5008fa37/elements - {"using":"xpath","value":"//bdi[text()=\"OK\"]"}
RESULT: {"using":"xpath","value":"//bdi[text()=\"OK\"]"}
COMMAND: POST /session/c3abc88c4085a1d56746dc5a5008fa37/elements - {"using":"xpath","value":"//bdi[text()=\"OK\"]"}
RESULT: {"using":"xpath","value":"//bdi[text()=\"OK\"]"}
COMMAND: POST /session/c3abc88c4085a1d56746dc5a5008fa37/elements - {"using":"xpath","value":"//bdi[text()=\"OK\"]"}
RESULT: {"using":"xpath","value":"//bdi[text()=\"OK\"]"}
COMMAND: POST /session/c3abc88c4085a1d56746dc5a5008fa37/elements - {"using":"xpath","value":"//bdi[text()=\"OK\"]"}
RESULT: {"using":"xpath","value":"//bdi[text()=\"OK\"]"}
COMMAND: POST /session/c3abc88c4085a1d56746dc5a5008fa37/elements - {"using":"xpath","value":"//bdi[text()=\"OK\"]"}
RESULT: {"using":"xpath","value":"//bdi[text()=\"OK\"]"}
COMMAND: POST /session/c3abc88c4085a1d56746dc5a5008fa37/elements - {"using":"xpath","value":"//bdi[text()=\"OK\"]"}
RESULT: {"using":"xpath","value":"//bdi[text()=\"OK\"]"}
COMMAND: POST /session/c3abc88c4085a1d56746dc5a5008fa37/elements - {"using":"xpath","value":"//bdi[text()=\"OK\"]"}
RESULT: {"using":"xpath","value":"//bdi[text()=\"OK\"]"}
COMMAND: POST /session/c3abc88c4085a1d56746dc5a5008fa37/elements - {"using":"xpath","value":"//bdi[text()=\"OK\"]"}
RESULT: {"using":"xpath","value":"//bdi[text()=\"OK\"]"}
COMMAND: POST /session/c3abc88c4085a1d56746dc5a5008fa37/elements - {"using":"xpath","value":"//bdi[text()=\"OK\"]"}
RESULT: {"using":"xpath","value":"//bdi[text()=\"OK\"]"}
COMMAND: POST /session/c3abc88c4085a1d56746dc5a5008fa37/elements - {"using":"xpath","value":"//bdi[text()=\"OK\"]"}
RESULT: {"using":"xpath","value":"//bdi[text()=\"OK\"]"}
COMMAND: POST /session/c3abc88c4085a1d56746dc5a5008fa37/elements - {"using":"xpath","value":"//bdi[text()=\"OK\"]"}
RESULT: {"using":"xpath","value":"//bdi[text()=\"OK\"]"}
COMMAND: POST /session/c3abc88c4085a1d56746dc5a5008fa37/elements - {"using":"xpath","value":"//bdi[text()=\"OK\"]"}
RESULT: {"using":"xpath","value":"//bdi[text()=\"OK\"]"}
COMMAND: POST /session/c3abc88c4085a1d56746dc5a5008fa37/elements - {"using":"xpath","value":"//bdi[text()=\"OK\"]"}
RESULT: {"using":"xpath","value":"//bdi[text()=\"OK\"]"}
COMMAND: POST /session/c3abc88c4085a1d56746dc5a5008fa37/elements - {"using":"xpath","value":"//bdi[text()=\"OK\"]"}
RESULT: {"using":"xpath","value":"//bdi[text()=\"OK\"]"}
COMMAND: POST /session/c3abc88c4085a1d56746dc5a5008fa37/elements - {"using":"xpath","value":"//bdi[text()=\"OK\"]"}
RESULT: {"using":"xpath","value":"//bdi[text()=\"OK\"]"}
COMMAND: POST /session/c3abc88c4085a1d56746dc5a5008fa37/elements - {"using":"xpath","value":"//bdi[text()=\"OK\"]"}
RESULT: {"using":"xpath","value":"//bdi[text()=\"OK\"]"}
COMMAND: POST /session/c3abc88c4085a1d56746dc5a5008fa37/elements - {"using":"xpath","value":"//bdi[text()=\"OK\"]"}
RESULT: {"using":"xpath","value":"//bdi[text()=\"OK\"]"}
COMMAND: POST /session/c3abc88c4085a1d56746dc5a5008fa37/elements - {"using":"xpath","value":"//bdi[text()=\"OK\"]"}
RESULT: {"using":"xpath","value":"//bdi[text()=\"OK\"]"}
COMMAND: POST /session/c3abc88c4085a1d56746dc5a5008fa37/elements - {"using":"xpath","value":"//bdi[text()=\"OK\"]"}
RESULT: {"using":"xpath","value":"//bdi[text()=\"OK\"]"}
COMMAND: POST /session/c3abc88c4085a1d56746dc5a5008fa37/elements - {"using":"xpath","value":"//bdi[text()=\"OK\"]"}
RESULT: {"using":"xpath","value":"//bdi[text()=\"OK\"]"}
COMMAND: POST /session/c3abc88c4085a1d56746dc5a5008fa37/elements - {"using":"xpath","value":"//bdi[text()=\"OK\"]"}
RESULT: {"using":"xpath","value":"//bdi[text()=\"OK\"]"}
COMMAND: POST /session/c3abc88c4085a1d56746dc5a5008fa37/elements - {"using":"xpath","value":"//bdi[text()=\"OK\"]"}
RESULT: {"using":"xpath","value":"//bdi[text()=\"OK\"]"}
COMMAND: POST /session/c3abc88c4085a1d56746dc5a5008fa37/elements - {"using":"xpath","value":"//bdi[text()=\"OK\"]"}
RESULT: {"using":"xpath","value":"//bdi[text()=\"OK\"]"}
COMMAND: POST /session/c3abc88c4085a1d56746dc5a5008fa37/elements - {"using":"xpath","value":"//bdi[text()=\"OK\"]"}
RESULT: {"using":"xpath","value":"//bdi[text()=\"OK\"]"}
COMMAND: POST /session/c3abc88c4085a1d56746dc5a5008fa37/elements - {"using":"xpath","value":"//bdi[text()=\"OK\"]"}
RESULT: {"using":"xpath","value":"//bdi[text()=\"OK\"]"}
COMMAND: POST /session/c3abc88c4085a1d56746dc5a5008fa37/elements - {"using":"xpath","value":"//bdi[text()=\"OK\"]"}
RESULT: {"using":"xpath","value":"//bdi[text()=\"OK\"]"}
COMMAND: POST /session/c3abc88c4085a1d56746dc5a5008fa37/elements - {"using":"xpath","value":"//bdi[text()=\"OK\"]"}
RESULT: {"using":"xpath","value":"//bdi[text()=\"OK\"]"}
COMMAND: POST /session/c3abc88c4085a1d56746dc5a5008fa37/elements - {"using":"xpath","value":"//bdi[text()=\"OK\"]"}
RESULT: {"using":"xpath","value":"//bdi[text()=\"OK\"]"}
COMMAND: POST /session/c3abc88c4085a1d56746dc5a5008fa37/elements - {"using":"xpath","value":"//bdi[text()=\"OK\"]"}
RESULT: {"using":"xpath","value":"//bdi[text()=\"OK\"]"}
COMMAND: POST /session/c3abc88c4085a1d56746dc5a5008fa37/elements - {"using":"xpath","value":"//bdi[text()=\"OK\"]"}
RESULT: {"using":"xpath","value":"//bdi[text()=\"OK\"]"}
COMMAND: POST /session/c3abc88c4085a1d56746dc5a5008fa37/elements - {"using":"xpath","value":"//bdi[text()=\"OK\"]"}
RESULT: {"using":"xpath","value":"//bdi[text()=\"OK\"]"}
COMMAND: POST /session/c3abc88c4085a1d56746dc5a5008fa37/elements - {"using":"xpath","value":"//bdi[text()=\"OK\"]"}
RESULT: {"using":"xpath","value":"//bdi[text()=\"OK\"]"}
COMMAND: POST /session/c3abc88c4085a1d56746dc5a5008fa37/elements - {"using":"xpath","value":"//bdi[text()=\"OK\"]"}
RESULT: {"using":"xpath","value":"//bdi[text()=\"OK\"]"}
COMMAND: POST /session/c3abc88c4085a1d56746dc5a5008fa37/elements - {"using":"xpath","value":"//bdi[text()=\"OK\"]"}
RESULT: {"using":"xpath","value":"//bdi[text()=\"OK\"]"}
COMMAND: POST /session/c3abc88c4085a1d56746dc5a5008fa37/elements - {"using":"xpath","value":"//bdi[text()=\"OK\"]"}
RESULT: {"using":"xpath","value":"//bdi[text()=\"OK\"]"}
COMMAND: POST /session/c3abc88c4085a1d56746dc5a5008fa37/elements - {"using":"xpath","value":"//bdi[text()=\"OK\"]"}
RESULT: {"using":"xpath","value":"//bdi[text()=\"OK\"]"}
COMMAND: POST /session/c3abc88c4085a1d56746dc5a5008fa37/elements - {"using":"xpath","value":"//bdi[text()=\"OK\"]"}
RESULT: {"using":"xpath","value":"//bdi[text()=\"OK\"]"}
COMMAND: POST /session/c3abc88c4085a1d56746dc5a5008fa37/elements - {"using":"xpath","value":"//bdi[text()=\"OK\"]"}
RESULT: {"using":"xpath","value":"//bdi[text()=\"OK\"]"}
COMMAND: POST /session/c3abc88c4085a1d56746dc5a5008fa37/elements - {"using":"xpath","value":"//bdi[text()=\"OK\"]"}
RESULT: {"using":"xpath","value":"//bdi[text()=\"OK\"]"}
COMMAND: POST /session/c3abc88c4085a1d56746dc5a5008fa37/elements - {"using":"xpath","value":"//bdi[text()=\"OK\"]"}
RESULT: {"using":"xpath","value":"//bdi[text()=\"OK\"]"}
COMMAND: POST /session/c3abc88c4085a1d56746dc5a5008fa37/elements - {"using":"xpath","value":"//bdi[text()=\"OK\"]"}
RESULT: {"using":"xpath","value":"//bdi[text()=\"OK\"]"}
COMMAND: POST /session/c3abc88c4085a1d56746dc5a5008fa37/elements - {"using":"xpath","value":"//bdi[text()=\"OK\"]"}
RESULT: {"using":"xpath","value":"//bdi[text()=\"OK\"]"}
COMMAND: POST /session/c3abc88c4085a1d56746dc5a5008fa37/elements - {"using":"xpath","value":"//bdi[text()=\"OK\"]"}
RESULT: {"using":"xpath","value":"//bdi[text()=\"OK\"]"}
COMMAND: POST /session/c3abc88c4085a1d56746dc5a5008fa37/elements - {"using":"xpath","value":"//bdi[text()=\"OK\"]"}
RESULT: {"using":"xpath","value":"//bdi[text()=\"OK\"]"}
COMMAND: POST /session/c3abc88c4085a1d56746dc5a5008fa37/elements - {"using":"xpath","value":"//bdi[text()=\"OK\"]"}
RESULT: {"using":"xpath","value":"//bdi[text()=\"OK\"]"}
COMMAND: POST /session/c3abc88c4085a1d56746dc5a5008fa37/elements - {"using":"xpath","value":"//bdi[text()=\"OK\"]"}
RESULT: {"using":"xpath","value":"//bdi[text()=\"OK\"]"}
COMMAND: POST /session/c3abc88c4085a1d56746dc5a5008fa37/elements - {"using":"xpath","value":"//bdi[text()=\"OK\"]"}
RESULT: {"using":"xpath","value":"//bdi[text()=\"OK\"]"}
COMMAND: POST /session/c3abc88c4085a1d56746dc5a5008fa37/elements - {"using":"xpath","value":"//bdi[text()=\"OK\"]"}
RESULT: {"using":"xpath","value":"//bdi[text()=\"OK\"]"}
COMMAND: POST /session/c3abc88c4085a1d56746dc5a5008fa37/elements - {"using":"xpath","value":"//bdi[text()=\"OK\"]"}
RESULT: {"using":"xpath","value":"//bdi[text()=\"OK\"]"}
COMMAND: POST /session/c3abc88c4085a1d56746dc5a5008fa37/elements - {"using":"xpath","value":"//bdi[text()=\"OK\"]"}
RESULT: {"using":"xpath","value":"//bdi[text()=\"OK\"]"}
COMMAND: POST /session/c3abc88c4085a1d56746dc5a5008fa37/elements - {"using":"xpath","value":"//bdi[text()=\"OK\"]"}
RESULT: {"using":"xpath","value":"//bdi[text()=\"OK\"]"}
COMMAND: POST /session/c3abc88c4085a1d56746dc5a5008fa37/elements - {"using":"xpath","value":"//bdi[text()=\"OK\"]"}
RESULT: {"using":"xpath","value":"//bdi[text()=\"OK\"]"}
COMMAND: POST /session/c3abc88c4085a1d56746dc5a5008fa37/elements - {"using":"xpath","value":"//bdi[text()=\"OK\"]"}
RESULT: {"using":"xpath","value":"//bdi[text()=\"OK\"]"}
COMMAND: POST /session/c3abc88c4085a1d56746dc5a5008fa37/elements - {"using":"xpath","value":"//bdi[text()=\"OK\"]"}
RESULT: {"using":"xpath","value":"//bdi[text()=\"OK\"]"}
COMMAND: POST /session/c3abc88c4085a1d56746dc5a5008fa37/elements - {"using":"xpath","value":"//bdi[text()=\"OK\"]"}
RESULT: {"using":"xpath","value":"//bdi[text()=\"OK\"]"}
COMMAND: POST /session/c3abc88c4085a1d56746dc5a5008fa37/elements - {"using":"xpath","value":"//bdi[text()=\"OK\"]"}
RESULT: {"using":"xpath","value":"//bdi[text()=\"OK\"]"}
COMMAND: POST /session/c3abc88c4085a1d56746dc5a5008fa37/elements - {"using":"xpath","value":"//bdi[text()=\"OK\"]"}
RESULT: {"using":"xpath","value":"//bdi[text()=\"OK\"]"}
COMMAND: POST /session/c3abc88c4085a1d56746dc5a5008fa37/elements - {"using":"xpath","value":"//bdi[text()=\"OK\"]"}
RESULT: {"using":"xpath","value":"//bdi[text()=\"OK\"]"}
COMMAND: POST /session/c3abc88c4085a1d56746dc5a5008fa37/elements - {"using":"xpath","value":"//bdi[text()=\"OK\"]"}
RESULT: {"using":"xpath","value":"//bdi[text()=\"OK\"]"}
COMMAND: POST /session/c3abc88c4085a1d56746dc5a5008fa37/elements - {"using":"xpath","value":"//bdi[text()=\"OK\"]"}
RESULT: {"using":"xpath","value":"//bdi[text()=\"OK\"]"}
COMMAND: POST /session/c3abc88c4085a1d56746dc5a5008fa37/elements - {"using":"xpath","value":"//bdi[text()=\"OK\"]"}
RESULT: {"using":"xpath","value":"//bdi[text()=\"OK\"]"}
COMMAND: POST /session/c3abc88c4085a1d56746dc5a5008fa37/elements - {"using":"xpath","value":"//bdi[text()=\"OK\"]"}
RESULT: {"using":"xpath","value":"//bdi[text()=\"OK\"]"}
COMMAND: POST /session/c3abc88c4085a1d56746dc5a5008fa37/elements - {"using":"xpath","value":"//bdi[text()=\"OK\"]"}
RESULT: {"using":"xpath","value":"//bdi[text()=\"OK\"]"}
COMMAND: POST /session/c3abc88c4085a1d56746dc5a5008fa37/elements - {"using":"xpath","value":"//bdi[text()=\"OK\"]"}
RESULT: {"using":"xpath","value":"//bdi[text()=\"OK\"]"}
COMMAND: POST /session/c3abc88c4085a1d56746dc5a5008fa37/elements - {"using":"xpath","value":"//bdi[text()=\"OK\"]"}
RESULT: {"using":"xpath","value":"//bdi[text()=\"OK\"]"}
COMMAND: POST /session/c3abc88c4085a1d56746dc5a5008fa37/elements - {"using":"xpath","value":"//bdi[text()=\"OK\"]"}
RESULT: {"using":"xpath","value":"//bdi[text()=\"OK\"]"}
COMMAND: POST /session/c3abc88c4085a1d56746dc5a5008fa37/elements - {"using":"xpath","value":"//bdi[text()=\"OK\"]"}
RESULT: {"using":"xpath","value":"//bdi[text()=\"OK\"]"}
COMMAND: POST /session/c3abc88c4085a1d56746dc5a5008fa37/elements - {"using":"xpath","value":"//bdi[text()=\"OK\"]"}
RESULT: {"using":"xpath","value":"//bdi[text()=\"OK\"]"}
COMMAND: POST /session/c3abc88c4085a1d56746dc5a5008fa37/elements - {"using":"xpath","value":"//bdi[text()=\"OK\"]"}
RESULT: {"using":"xpath","value":"//bdi[text()=\"OK\"]"}
COMMAND: POST /session/c3abc88c4085a1d56746dc5a5008fa37/elements - {"using":"xpath","value":"//bdi[text()=\"OK\"]"}
RESULT: {"using":"xpath","value":"//bdi[text()=\"OK\"]"}
COMMAND: POST /session/c3abc88c4085a1d56746dc5a5008fa37/elements - {"using":"xpath","value":"//bdi[text()=\"OK\"]"}
RESULT: {"using":"xpath","value":"//bdi[text()=\"OK\"]"}
COMMAND: POST /session/c3abc88c4085a1d56746dc5a5008fa37/elements - {"using":"xpath","value":"//bdi[text()=\"OK\"]"}
RESULT: {"using":"xpath","value":"//bdi[text()=\"OK\"]"}
COMMAND: POST /session/c3abc88c4085a1d56746dc5a5008fa37/elements - {"using":"xpath","value":"//bdi[text()=\"OK\"]"}
RESULT: {"using":"xpath","value":"//bdi[text()=\"OK\"]"}
COMMAND: POST /session/c3abc88c4085a1d56746dc5a5008fa37/elements - {"using":"xpath","value":"//bdi[text()=\"OK\"]"}
RESULT: {"using":"xpath","value":"//bdi[text()=\"OK\"]"}
COMMAND: POST /session/c3abc88c4085a1d56746dc5a5008fa37/elements - {"using":"xpath","value":"//bdi[text()=\"OK\"]"}
RESULT: {"using":"xpath","value":"//bdi[text()=\"OK\"]"}
COMMAND: POST /session/c3abc88c4085a1d56746dc5a5008fa37/execute/async - {"script":"<script> [1562 bytes]","args":[{"selector":{"id":"application-manageresources-display-component---newResourceUnit--TYPE-arrow"},"wdio_ui5_key":"applicationmanageresources-display-component---newResourceUnit--TYPE-arrow"}]}
RESULT: {"script":"<script> [1562 bytes]","args":[{"selector":{"id":"application-manageresources-display-component---newResourceUnit--TYPE-arrow"},"wdio_ui5_key":"applicationmanageresources-display-component---newResourceUnit--TYPE-arrow"}]}
RESULT: undefined
COMMAND: POST /session/c3abc88c4085a1d56746dc5a5008fa37/element - {"using":"xpath","value":"//*[@id=\"application-manageresources-display-component---newResourceUnit--TYPE-arrow\"]"}
RESULT: {"using":"xpath","value":"//*[@id=\"application-manageresources-display-component---newResourceUnit--TYPE-arrow\"]"}
COMMAND: POST /session/c3abc88c4085a1d56746dc5a5008fa37/element/f.AF2E6E2CD8BF2B753D9461224F8C2D7E.d.277CF3ED8918466B9D55A837A361A17F.e.6546/click - {}
RESULT: {}
COMMAND: POST /session/c3abc88c4085a1d56746dc5a5008fa37/execute/async - {"script":"<script> [1562 bytes]","args":[{"selector":{"controlType":"sap.m.StandardListItem","viewName":"reusables.view.manageresources.NewResourceUnit","viewId":"application-manageresources-display-component---newResourceUnit","properties":{"title":"Equipment"},"searchOpenDialogs":true,"interaction":{"idSuffix":"content"}},"wdio_ui5_key":"reusablesview.manageresources.NewResourceUnitsap.m.StandardListItem{\"title\":\"Equipment\"}"}]}
COMMAND: GET /session/c3abc88c4085a1d56746dc5a5008fa37/screenshot - {}
RESULT: {"script":"<script> [1562 bytes]","args":[{"selector":{"controlType":"sap.m.StandardListItem","viewName":"reusables.view.manageresources.NewResourceUnit","viewId":"application-manageresources-display-component---newResourceUnit","properties":{"title":"Equipment"},"searchOpenDialogs":true,"interaction":{"idSuffix":"content"}},"wdio_ui5_key":"reusablesview.manageresources.NewResourceUnitsap.m.StandardListItem{\"title\":\"Equipment\"}"}]}
RESULT: undefined
COMMAND: POST /session/c3abc88c4085a1d56746dc5a5008fa37/element - {"using":"xpath","value":"//*[@id=\"__item138\"]"}
RESULT: {}
RESULT: {"using":"xpath","value":"//*[@id=\"__item138\"]"}
COMMAND: POST /session/c3abc88c4085a1d56746dc5a5008fa37/element/f.AF2E6E2CD8BF2B753D9461224F8C2D7E.d.277CF3ED8918466B9D55A837A361A17F.e.6549/click - {}
RESULT: {}
COMMAND: POST /session/c3abc88c4085a1d56746dc5a5008fa37/execute/async - {"script":"<script> [1562 bytes]","args":[{"selector":{"id":"application-manageresources-display-component---newResourceUnit--resourceId","interaction":{"idSuffix":"inner"}},"wdio_ui5_key":"applicationmanageresources-display-component---newResourceUnit--resourceId"}]}
COMMAND: GET /session/c3abc88c4085a1d56746dc5a5008fa37/screenshot - {}
RESULT: {"script":"<script> [1562 bytes]","args":[{"selector":{"id":"application-manageresources-display-component---newResourceUnit--resourceId","interaction":{"idSuffix":"inner"}},"wdio_ui5_key":"applicationmanageresources-display-component---newResourceUnit--resourceId"}]}
RESULT: undefined
COMMAND: POST /session/c3abc88c4085a1d56746dc5a5008fa37/execute/async - {"script":"<script> [776 bytes]","args":[{"enterText":"EquipmentCounter ixn8qk","selector":{"id":"application-manageresources-display-component---newResourceUnit--resourceId","interaction":{"idSuffix":"inner"}},"clearTextFirst":true,"interactionType":"ENTER_TEXT"}]}
RESULT: {}
RESULT: {"script":"<script> [776 bytes]","args":[{"enterText":"EquipmentCounter ixn8qk","selector":{"id":"application-manageresources-display-component---newResourceUnit--resourceId","interaction":{"idSuffix":"inner"}},"clearTextFirst":true,"interactionType":"ENTER_TEXT"}]}
COMMAND: POST /session/c3abc88c4085a1d56746dc5a5008fa37/execute/async - {"script":"<script> [1562 bytes]","args":[{"selector":{"id":"application-manageresources-display-component---newResourceUnit--SHORT_TEXT","interaction":{"idSuffix":"inner"}},"wdio_ui5_key":"applicationmanageresources-display-component---newResourceUnit--SHORT_TEXT"}]}
RESULT: {"script":"<script> [1562 bytes]","args":[{"selector":{"id":"application-manageresources-display-component---newResourceUnit--SHORT_TEXT","interaction":{"idSuffix":"inner"}},"wdio_ui5_key":"applicationmanageresources-display-component---newResourceUnit--SHORT_TEXT"}]}
RESULT: undefined
COMMAND: POST /session/c3abc88c4085a1d56746dc5a5008fa37/execute/async - {"script":"<script> [776 bytes]","args":[{"enterText":"EquipmentCounter ixn8qk","selector":{"id":"application-manageresources-display-component---newResourceUnit--SHORT_TEXT","interaction":{"idSuffix":"inner"}},"clearTextFirst":true,"interactionType":"ENTER_TEXT"}]}
RESULT: {"script":"<script> [776 bytes]","args":[{"enterText":"EquipmentCounter ixn8qk","selector":{"id":"application-manageresources-display-component---newResourceUnit--SHORT_TEXT","interaction":{"idSuffix":"inner"}},"clearTextFirst":true,"interactionType":"ENTER_TEXT"}]}
COMMAND: POST /session/c3abc88c4085a1d56746dc5a5008fa37/execute/async - {"script":"<script> [1562 bytes]","args":[{"selector":{"id":"application-manageresources-display-component---newResourceUnit--BASE_UNIT_OF_MEASURE","interaction":{"idSuffix":"inner"}},"wdio_ui5_key":"applicationmanageresources-display-component---newResourceUnit--BASE_UNIT_OF_MEASURE"}]}
RESULT: {"script":"<script> [1562 bytes]","args":[{"selector":{"id":"application-manageresources-display-component---newResourceUnit--BASE_UNIT_OF_MEASURE","interaction":{"idSuffix":"inner"}},"wdio_ui5_key":"applicationmanageresources-display-component---newResourceUnit--BASE_UNIT_OF_MEASURE"}]}
RESULT: undefined
COMMAND: POST /session/c3abc88c4085a1d56746dc5a5008fa37/execute/async - {"script":"<script> [776 bytes]","args":[{"enterText":"Piece","selector":{"id":"application-manageresources-display-component---newResourceUnit--BASE_UNIT_OF_MEASURE","interaction":{"idSuffix":"inner"}},"clearTextFirst":true,"interactionType":"ENTER_TEXT"}]}
RESULT: {"script":"<script> [776 bytes]","args":[{"enterText":"Piece","selector":{"id":"application-manageresources-display-component---newResourceUnit--BASE_UNIT_OF_MEASURE","interaction":{"idSuffix":"inner"}},"clearTextFirst":true,"interactionType":"ENTER_TEXT"}]}
COMMAND: POST /session/c3abc88c4085a1d56746dc5a5008fa37/execute/async - {"script":"<script> [1562 bytes]","args":[{"selector":{"id":"application-manageresources-display-component---newResourceUnit--WEIGHT_UNIT","interaction":{"idSuffix":"inner"}},"wdio_ui5_key":"applicationmanageresources-display-component---newResourceUnit--WEIGHT_UNIT"}]}
RESULT: {"script":"<script> [1562 bytes]","args":[{"selector":{"id":"application-manageresources-display-component---newResourceUnit--WEIGHT_UNIT","interaction":{"idSuffix":"inner"}},"wdio_ui5_key":"applicationmanageresources-display-component---newResourceUnit--WEIGHT_UNIT"}]}
RESULT: undefined
COMMAND: POST /session/c3abc88c4085a1d56746dc5a5008fa37/execute/async - {"script":"<script> [776 bytes]","args":[{"enterText":"Gram","selector":{"id":"application-manageresources-display-component---newResourceUnit--WEIGHT_UNIT","interaction":{"idSuffix":"inner"}},"clearTextFirst":true,"interactionType":"ENTER_TEXT"}]}
RESULT: {"script":"<script> [776 bytes]","args":[{"enterText":"Gram","selector":{"id":"application-manageresources-display-component---newResourceUnit--WEIGHT_UNIT","interaction":{"idSuffix":"inner"}},"clearTextFirst":true,"interactionType":"ENTER_TEXT"}]}
COMMAND: POST /session/c3abc88c4085a1d56746dc5a5008fa37/execute/async - {"script":"<script> [1562 bytes]","args":[{"selector":{"id":"application-manageresources-display-component---newResourceUnit--newRRUPage-OPHeaderContent-collapseBtn-img"},"wdio_ui5_key":"applicationmanageresources-display-component---newResourceUnit--newRRUPage-OPHeaderContent-collapseBtn-img"}]}
RESULT: {"script":"<script> [1562 bytes]","args":[{"selector":{"id":"application-manageresources-display-component---newResourceUnit--newRRUPage-OPHeaderContent-collapseBtn-img"},"wdio_ui5_key":"applicationmanageresources-display-component---newResourceUnit--newRRUPage-OPHeaderContent-collapseBtn-img"}]}
RESULT: undefined
COMMAND: POST /session/c3abc88c4085a1d56746dc5a5008fa37/element - {"using":"xpath","value":"//*[@id=\"application-manageresources-display-component---newResourceUnit--newRRUPage-OPHeaderContent-collapseBtn-img\"]"}
RESULT: {"using":"xpath","value":"//*[@id=\"application-manageresources-display-component---newResourceUnit--newRRUPage-OPHeaderContent-collapseBtn-img\"]"}
COMMAND: POST /session/c3abc88c4085a1d56746dc5a5008fa37/element/f.AF2E6E2CD8BF2B753D9461224F8C2D7E.d.277CF3ED8918466B9D55A837A361A17F.e.6558/click - {}
RESULT: {}
COMMAND: GET /session/c3abc88c4085a1d56746dc5a5008fa37/screenshot - {}
RESULT: {}
COMMAND: POST /session/c3abc88c4085a1d56746dc5a5008fa37/element - {"using":"xpath","value":"(//span[contains(@id ,\"application-manageresources-display-component---newResourceUnit--DIMENSION_UNIT-arrow\")])[1]"}
RESULT: {"using":"xpath","value":"(//span[contains(@id ,\"application-manageresources-display-component---newResourceUnit--DIMENSION_UNIT-arrow\")])[1]"}
COMMAND: POST /session/c3abc88c4085a1d56746dc5a5008fa37/element/f.AF2E6E2CD8BF2B753D9461224F8C2D7E.d.277CF3ED8918466B9D55A837A361A17F.e.6680/click - {}
RESULT: {}
COMMAND: GET /session/c3abc88c4085a1d56746dc5a5008fa37/screenshot - {}
RESULT: {}
COMMAND: POST /session/c3abc88c4085a1d56746dc5a5008fa37/execute/async - {"script":"<script> [1562 bytes]","args":[{"selector":{"controlType":"sap.m.StandardListItem","viewName":"reusables.view.manageresources.NewResourceUnit","viewId":"application-manageresources-display-component---newResourceUnit","properties":{"title":"Centimeter"},"searchOpenDialogs":true,"interaction":{"idSuffix":"titleText"}},"wdio_ui5_key":"reusablesview.manageresources.NewResourceUnitsap.m.StandardListItem{\"title\":\"Centimeter\"}"}]}
RESULT: {"script":"<script> [1562 bytes]","args":[{"selector":{"controlType":"sap.m.StandardListItem","viewName":"reusables.view.manageresources.NewResourceUnit","viewId":"application-manageresources-display-component---newResourceUnit","properties":{"title":"Centimeter"},"searchOpenDialogs":true,"interaction":{"idSuffix":"titleText"}},"wdio_ui5_key":"reusablesview.manageresources.NewResourceUnitsap.m.StandardListItem{\"title\":\"Centimeter\"}"}]}
RESULT: undefined
COMMAND: POST /session/c3abc88c4085a1d56746dc5a5008fa37/element - {"using":"xpath","value":"//*[@id=\"__item179\"]"}
RESULT: {"using":"xpath","value":"//*[@id=\"__item179\"]"}
COMMAND: POST /session/c3abc88c4085a1d56746dc5a5008fa37/element/f.AF2E6E2CD8BF2B753D9461224F8C2D7E.d.277CF3ED8918466B9D55A837A361A17F.e.6682/click - {}
RESULT: {}
COMMAND: GET /session/c3abc88c4085a1d56746dc5a5008fa37/screenshot - {}
RESULT: {}
COMMAND: POST /session/c3abc88c4085a1d56746dc5a5008fa37/execute/async - {"script":"<script> [1562 bytes]","args":[{"selector":{"id":"application-manageresources-display-component---newResourceUnit--newRRUPage-anchBar-application-manageresources-display-component---newResourceUnit--control-anchor","interaction":{"idSuffix":"BDI-content"}},"wdio_ui5_key":"applicationmanageresources-display-component---newResourceUnit--newRRUPage-anchBar-application-manageresources-display-component---newResourceUnit--control-anchor"}]}
RESULT: {"script":"<script> [1562 bytes]","args":[{"selector":{"id":"application-manageresources-display-component---newResourceUnit--newRRUPage-anchBar-application-manageresources-display-component---newResourceUnit--control-anchor","interaction":{"idSuffix":"BDI-content"}},"wdio_ui5_key":"applicationmanageresources-display-component---newResourceUnit--newRRUPage-anchBar-application-manageresources-display-component---newResourceUnit--control-anchor"}]}
RESULT: undefined
COMMAND: POST /session/c3abc88c4085a1d56746dc5a5008fa37/element - {"using":"xpath","value":"//*[@id=\"application-manageresources-display-component---newResourceUnit--newRRUPage-anchBar-application-manageresources-display-component---newResourceUnit--control-anchor\"]"}
RESULT: {"using":"xpath","value":"//*[@id=\"application-manageresources-display-component---newResourceUnit--newRRUPage-anchBar-application-manageresources-display-component---newResourceUnit--control-anchor\"]"}
COMMAND: POST /session/c3abc88c4085a1d56746dc5a5008fa37/element/f.AF2E6E2CD8BF2B753D9461224F8C2D7E.d.277CF3ED8918466B9D55A837A361A17F.e.6684/click - {}
RESULT: {}
COMMAND: POST /session/c3abc88c4085a1d56746dc5a5008fa37/execute/async - {"script":"<script> [1562 bytes]","args":[{"selector":{"id":"application-manageresources-display-component---newResourceUnit--PLANNING_GROUP","interaction":{"idSuffix":"inner"}},"wdio_ui5_key":"applicationmanageresources-display-component---newResourceUnit--PLANNING_GROUP"}]}
COMMAND: GET /session/c3abc88c4085a1d56746dc5a5008fa37/screenshot - {}
RESULT: {"script":"<script> [1562 bytes]","args":[{"selector":{"id":"application-manageresources-display-component---newResourceUnit--PLANNING_GROUP","interaction":{"idSuffix":"inner"}},"wdio_ui5_key":"applicationmanageresources-display-component---newResourceUnit--PLANNING_GROUP"}]}
RESULT: undefined
COMMAND: POST /session/c3abc88c4085a1d56746dc5a5008fa37/execute/async - {"script":"<script> [776 bytes]","args":[{"enterText":"Heavy Equi","selector":{"id":"application-manageresources-display-component---newResourceUnit--PLANNING_GROUP","interaction":{"idSuffix":"inner"}},"clearTextFirst":true,"interactionType":"ENTER_TEXT"}]}
RESULT: {}
RESULT: {"script":"<script> [776 bytes]","args":[{"enterText":"Heavy Equi","selector":{"id":"application-manageresources-display-component---newResourceUnit--PLANNING_GROUP","interaction":{"idSuffix":"inner"}},"clearTextFirst":true,"interactionType":"ENTER_TEXT"}]}
COMMAND: POST /session/c3abc88c4085a1d56746dc5a5008fa37/execute/async - {"script":"<script> [1562 bytes]","args":[{"selector":{"id":"application-manageresources-display-component---newResourceUnit--ITEM_TYPE-arrow"},"wdio_ui5_key":"applicationmanageresources-display-component---newResourceUnit--ITEM_TYPE-arrow"}]}
RESULT: {"script":"<script> [1562 bytes]","args":[{"selector":{"id":"application-manageresources-display-component---newResourceUnit--ITEM_TYPE-arrow"},"wdio_ui5_key":"applicationmanageresources-display-component---newResourceUnit--ITEM_TYPE-arrow"}]}
RESULT: undefined
COMMAND: POST /session/c3abc88c4085a1d56746dc5a5008fa37/element - {"using":"xpath","value":"//*[@id=\"application-manageresources-display-component---newResourceUnit--ITEM_TYPE-arrow\"]"}
RESULT: {"using":"xpath","value":"//*[@id=\"application-manageresources-display-component---newResourceUnit--ITEM_TYPE-arrow\"]"}
COMMAND: POST /session/c3abc88c4085a1d56746dc5a5008fa37/element/f.AF2E6E2CD8BF2B753D9461224F8C2D7E.d.277CF3ED8918466B9D55A837A361A17F.e.6690/click - {}
RESULT: {}
COMMAND: POST /session/c3abc88c4085a1d56746dc5a5008fa37/execute/async - {"script":"<script> [1562 bytes]","args":[{"selector":{"controlType":"sap.m.StandardListItem","viewName":"reusables.view.manageresources.NewResourceUnit","viewId":"application-manageresources-display-component---newResourceUnit","properties":{"title":"Resource Unit"},"searchOpenDialogs":true,"interaction":{"idSuffix":"titleText"}},"wdio_ui5_key":"reusablesview.manageresources.NewResourceUnitsap.m.StandardListItem{\"title\":\"Resource Unit\"}"}]}
COMMAND: GET /session/c3abc88c4085a1d56746dc5a5008fa37/screenshot - {}
RESULT: {"script":"<script> [1562 bytes]","args":[{"selector":{"controlType":"sap.m.StandardListItem","viewName":"reusables.view.manageresources.NewResourceUnit","viewId":"application-manageresources-display-component---newResourceUnit","properties":{"title":"Resource Unit"},"searchOpenDialogs":true,"interaction":{"idSuffix":"titleText"}},"wdio_ui5_key":"reusablesview.manageresources.NewResourceUnitsap.m.StandardListItem{\"title\":\"Resource Unit\"}"}]}
RESULT: undefined
COMMAND: POST /session/c3abc88c4085a1d56746dc5a5008fa37/element - {"using":"xpath","value":"//*[@id=\"__item201\"]"}
RESULT: {}
RESULT: {"using":"xpath","value":"//*[@id=\"__item201\"]"}
COMMAND: POST /session/c3abc88c4085a1d56746dc5a5008fa37/element/f.AF2E6E2CD8BF2B753D9461224F8C2D7E.d.277CF3ED8918466B9D55A837A361A17F.e.6692/click - {}
RESULT: {}
COMMAND: POST /session/c3abc88c4085a1d56746dc5a5008fa37/element - {"using":"xpath","value":"//bdi[contains(text(), \"Time Segment\")]"}
COMMAND: GET /session/c3abc88c4085a1d56746dc5a5008fa37/screenshot - {}
RESULT: {"using":"xpath","value":"//bdi[contains(text(), \"Time Segment\")]"}
COMMAND: GET /session/c3abc88c4085a1d56746dc5a5008fa37/element/f.AF2E6E2CD8BF2B753D9461224F8C2D7E.d.277CF3ED8918466B9D55A837A361A17F.e.6693/rect - {}
RESULT: {}
RESULT: {}
COMMAND: GET /session/c3abc88c4085a1d56746dc5a5008fa37/window/rect - {}
RESULT: {}
COMMAND: POST /session/c3abc88c4085a1d56746dc5a5008fa37/execute/sync - {"script":"<script> [92 bytes]","args":[]}
RESULT: {"script":"<script> [92 bytes]","args":[]}
COMMAND: POST /session/c3abc88c4085a1d56746dc5a5008fa37/actions - {"actions":[{"id":"action21","type":"wheel","parameters":{},"actions":[{"type":"scroll","x":-1820,"y":-21,"deltaX":0,"deltaY":0,"duration":0,"origin":{"element-6066-11e4-a52e-4f735466cecf":"f.AF2E6E2CD8BF2B753D9461224F8C2D7E.d.277CF3ED8918466B9D55A837A361A17F.e.6693"}}]}]}
COMMAND: GET /session/c3abc88c4085a1d56746dc5a5008fa37/screenshot - {}
RESULT: {}
COMMAND: POST /session/c3abc88c4085a1d56746dc5a5008fa37/execute/sync - {"script":"<script> [79 bytes]","args":[{"element-6066-11e4-a52e-4f735466cecf":"f.AF2E6E2CD8BF2B753D9461224F8C2D7E.d.277CF3ED8918466B9D55A837A361A17F.e.6693","ELEMENT":"f.AF2E6E2CD8BF2B753D9461224F8C2D7E.d.277CF3ED8918466B9D55A837A361A17F.e.6693"},{"block":"start","inline":"nearest"}]}
RESULT: {"script":"<script> [79 bytes]","args":[{"element-6066-11e4-a52e-4f735466cecf":"f.AF2E6E2CD8BF2B753D9461224F8C2D7E.d.277CF3ED8918466B9D55A837A361A17F.e.6693","ELEMENT":"f.AF2E6E2CD8BF2B753D9461224F8C2D7E.d.277CF3ED8918466B9D55A837A361A17F.e.6693"},{"block":"start","inline":"nearest"}]}
COMMAND: POST /session/c3abc88c4085a1d56746dc5a5008fa37/execute/async - {"script":"<script> [1562 bytes]","args":[{"selector":{"id":"application-manageresources-display-component---newResourceUnit--btnAddTimeSegment-img"},"wdio_ui5_key":"applicationmanageresources-display-component---newResourceUnit--btnAddTimeSegment-img"}]}
COMMAND: GET /session/c3abc88c4085a1d56746dc5a5008fa37/screenshot - {}
RESULT: {"script":"<script> [1562 bytes]","args":[{"selector":{"id":"application-manageresources-display-component---newResourceUnit--btnAddTimeSegment-img"},"wdio_ui5_key":"applicationmanageresources-display-component---newResourceUnit--btnAddTimeSegment-img"}]}
RESULT: undefined
COMMAND: POST /session/c3abc88c4085a1d56746dc5a5008fa37/element - {"using":"xpath","value":"//*[@id=\"application-manageresources-display-component---newResourceUnit--btnAddTimeSegment-img\"]"}
RESULT: {}
RESULT: {"using":"xpath","value":"//*[@id=\"application-manageresources-display-component---newResourceUnit--btnAddTimeSegment-img\"]"}
COMMAND: POST /session/c3abc88c4085a1d56746dc5a5008fa37/element/f.AF2E6E2CD8BF2B753D9461224F8C2D7E.d.277CF3ED8918466B9D55A837A361A17F.e.6694/click - {}
RESULT: {}
COMMAND: POST /session/c3abc88c4085a1d56746dc5a5008fa37/element - {"using":"xpath","value":"//input[@id=\"application-manageresources-display-component---newResourceUnit--idRuTSAdmin-application-manageresources-display-component---newResourceUnit--RUTimeSegment-0-inner\"]"}
COMMAND: GET /session/c3abc88c4085a1d56746dc5a5008fa37/screenshot - {}
RESULT: {"using":"xpath","value":"//input[@id=\"application-manageresources-display-component---newResourceUnit--idRuTSAdmin-application-manageresources-display-component---newResourceUnit--RUTimeSegment-0-inner\"]"}
COMMAND: POST /session/c3abc88c4085a1d56746dc5a5008fa37/element/f.AF2E6E2CD8BF2B753D9461224F8C2D7E.d.277CF3ED8918466B9D55A837A361A17F.e.6699/clear - {}
RESULT: {}
RESULT: {}
COMMAND: POST /session/c3abc88c4085a1d56746dc5a5008fa37/element/f.AF2E6E2CD8BF2B753D9461224F8C2D7E.d.277CF3ED8918466B9D55A837A361A17F.e.6699/value - {"text":"Webdriver Yard"}
COMMAND: GET /session/c3abc88c4085a1d56746dc5a5008fa37/screenshot - {}
RESULT: {"text":"Webdriver Yard"}
COMMAND: GET /session/c3abc88c4085a1d56746dc5a5008fa37/screenshot - {}
RESULT: {}
RESULT: {}
COMMAND: POST /session/c3abc88c4085a1d56746dc5a5008fa37/actions - {"actions":[{"id":"action22","type":"key","parameters":{},"actions":[{"type":"keyDown","value":"î€‡"},{"type":"pause","duration":10},{"type":"keyUp","value":"î€‡"}]}]}
RESULT: {"actions":[{"id":"action22","type":"key","parameters":{},"actions":[{"type":"keyDown","value":"î€‡"},{"type":"pause","duration":10},{"type":"keyUp","value":"î€‡"}]}]}
COMMAND: POST /session/c3abc88c4085a1d56746dc5a5008fa37/execute/async - {"script":"<script> [1562 bytes]","args":[{"selector":{"controlType":"sap.ui.core.Icon","viewName":"reusables.view.manageresources.NewResourceUnit","viewId":"application-manageresources-display-component---newResourceUnit","properties":{"src":{"regex":{"source":"slim\\-arrow\\-down"}}},"ancestor":{"controlType":"sap.m.ComboBox","viewName":"reusables.view.manageresources.NewResourceUnit","viewId":"application-manageresources-display-component---newResourceUnit","bindingPath":{"path":"/RESOURCE_UNIT_TIME_SEQUENCES/0","propertyPath":"COST_OBJECT_ADMIN_CST_TYPE","modelName":"oNewRruModel"}}},"wdio_ui5_key":"reusablesview.manageresources.NewResourceUnitsap.ui.core.Icon{\"src\":{\"regex\":{\"source\":\"slim\\\\-arrow\\\\-down\"}}}{\"controlType\":\"sap.m.ComboBox\",\"viewName\":\"reusables.view.manageresources.NewResourceUnit\",\"viewId\":\"application-manageresources-display-component---newResourceUnit\",\"bindingPath\":{\"path\":\"/RESOURCE_UNIT_TIME_SEQUENCES/0\",\"propertyPath\":\"COST_OBJECT_ADMIN_CST_TYPE\",\"modelName\":\"oNewRruModel\"}}"}]}
COMMAND: GET /session/c3abc88c4085a1d56746dc5a5008fa37/screenshot - {}
RESULT: {"script":"<script> [1562 bytes]","args":[{"selector":{"controlType":"sap.ui.core.Icon","viewName":"reusables.view.manageresources.NewResourceUnit","viewId":"application-manageresources-display-component---newResourceUnit","properties":{"src":{"regex":{"source":"slim\\-arrow\\-down"}}},"ancestor":{"controlType":"sap.m.ComboBox","viewName":"reusables.view.manageresources.NewResourceUnit","viewId":"application-manageresources-display-component---newResourceUnit","bindingPath":{"path":"/RESOURCE_UNIT_TIME_SEQUENCES/0","propertyPath":"COST_OBJECT_ADMIN_CST_TYPE","modelName":"oNewRruModel"}}},"wdio_ui5_key":"reusablesview.manageresources.NewResourceUnitsap.ui.core.Icon{\"src\":{\"regex\":{\"source\":\"slim\\\\-arrow\\\\-down\"}}}{\"controlType\":\"sap.m.ComboBox\",\"viewName\":\"reusables.view.manageresources.NewResourceUnit\",\"viewId\":\"application-manageresources-display-component---newResourceUnit\",\"bindingPath\":{\"path\":\"/RESOURCE_UNIT_TIME_SEQUENCES/0\",\"propertyPath\":\"COST_OBJECT_ADMIN_CST_TYPE\",\"modelName\":\"oNewRruModel\"}}"}]}
RESULT: undefined
COMMAND: POST /session/c3abc88c4085a1d56746dc5a5008fa37/element - {"using":"xpath","value":"//*[@id=\"__box4-application-manageresources-display-component---newResourceUnit--RUTimeSegment-0-arrow\"]"}
RESULT: {}
RESULT: {"using":"xpath","value":"//*[@id=\"__box4-application-manageresources-display-component---newResourceUnit--RUTimeSegment-0-arrow\"]"}
COMMAND: POST /session/c3abc88c4085a1d56746dc5a5008fa37/element/f.AF2E6E2CD8BF2B753D9461224F8C2D7E.d.277CF3ED8918466B9D55A837A361A17F.e.6713/click - {}
RESULT: {}
COMMAND: POST /session/c3abc88c4085a1d56746dc5a5008fa37/execute/async - {"script":"<script> [1562 bytes]","args":[{"selector":{"controlType":"sap.m.StandardListItem","viewName":"reusables.view.manageresources.NewResourceUnit","viewId":"application-manageresources-display-component---newResourceUnit","properties":{"title":"PM Order"},"searchOpenDialogs":true,"interaction":{"idSuffix":"titleText"}},"wdio_ui5_key":"reusablesview.manageresources.NewResourceUnitsap.m.StandardListItem{\"title\":\"PM Order\"}"}]}
COMMAND: GET /session/c3abc88c4085a1d56746dc5a5008fa37/screenshot - {}
RESULT: {"script":"<script> [1562 bytes]","args":[{"selector":{"controlType":"sap.m.StandardListItem","viewName":"reusables.view.manageresources.NewResourceUnit","viewId":"application-manageresources-display-component---newResourceUnit","properties":{"title":"PM Order"},"searchOpenDialogs":true,"interaction":{"idSuffix":"titleText"}},"wdio_ui5_key":"reusablesview.manageresources.NewResourceUnitsap.m.StandardListItem{\"title\":\"PM Order\"}"}]}
RESULT: undefined
COMMAND: POST /session/c3abc88c4085a1d56746dc5a5008fa37/element - {"using":"xpath","value":"//*[@id=\"__item303\"]"}
RESULT: {}
RESULT: {"using":"xpath","value":"//*[@id=\"__item303\"]"}
COMMAND: POST /session/c3abc88c4085a1d56746dc5a5008fa37/element/f.AF2E6E2CD8BF2B753D9461224F8C2D7E.d.277CF3ED8918466B9D55A837A361A17F.e.6717/click - {}
RESULT: {}
COMMAND: GET /session/c3abc88c4085a1d56746dc5a5008fa37/screenshot - {}
RESULT: {}
COMMAND: POST /session/c3abc88c4085a1d56746dc5a5008fa37/element - {"using":"xpath","value":"(//input[contains(@id ,\"-application-manageresources-display-component---newResourceUnit--RUTimeSegment-0-inner\")])[8]"}
RESULT: {"using":"xpath","value":"(//input[contains(@id ,\"-application-manageresources-display-component---newResourceUnit--RUTimeSegment-0-inner\")])[8]"}
COMMAND: POST /session/c3abc88c4085a1d56746dc5a5008fa37/element/f.AF2E6E2CD8BF2B753D9461224F8C2D7E.d.277CF3ED8918466B9D55A837A361A17F.e.6720/clear - {}
RESULT: {}
COMMAND: POST /session/c3abc88c4085a1d56746dc5a5008fa37/element/f.AF2E6E2CD8BF2B753D9461224F8C2D7E.d.277CF3ED8918466B9D55A837A361A17F.e.6720/value - {"text":"4000360"}
COMMAND: GET /session/c3abc88c4085a1d56746dc5a5008fa37/screenshot - {}
RESULT: {"text":"4000360"}
COMMAND: GET /session/c3abc88c4085a1d56746dc5a5008fa37/screenshot - {}
RESULT: {}
RESULT: {}
COMMAND: POST /session/c3abc88c4085a1d56746dc5a5008fa37/actions - {"actions":[{"id":"action23","type":"key","parameters":{},"actions":[{"type":"keyDown","value":"î€‡"},{"type":"pause","duration":10},{"type":"keyUp","value":"î€‡"}]}]}
RESULT: {"actions":[{"id":"action23","type":"key","parameters":{},"actions":[{"type":"keyDown","value":"î€‡"},{"type":"pause","duration":10},{"type":"keyUp","value":"î€‡"}]}]}
COMMAND: GET /session/c3abc88c4085a1d56746dc5a5008fa37/screenshot - {}
RESULT: {}
COMMAND: POST /session/c3abc88c4085a1d56746dc5a5008fa37/execute/async - {"script":"<script> [1562 bytes]","args":[{"selector":{"id":"application-manageresources-display-component---newResourceUnit--newTimeSegmentDateRangePicker-application-manageresources-display-component---newResourceUnit--RUTimeSegment-0","interaction":{"idSuffix":"inner"}},"wdio_ui5_key":"applicationmanageresources-display-component---newResourceUnit--newTimeSegmentDateRangePicker-application-manageresources-display-component---newResourceUnit--RUTimeSegment-0"}]}
RESULT: {"script":"<script> [1562 bytes]","args":[{"selector":{"id":"application-manageresources-display-component---newResourceUnit--newTimeSegmentDateRangePicker-application-manageresources-display-component---newResourceUnit--RUTimeSegment-0","interaction":{"idSuffix":"inner"}},"wdio_ui5_key":"applicationmanageresources-display-component---newResourceUnit--newTimeSegmentDateRangePicker-application-manageresources-display-component---newResourceUnit--RUTimeSegment-0"}]}
RESULT: undefined
COMMAND: POST /session/c3abc88c4085a1d56746dc5a5008fa37/execute/async - {"script":"<script> [1562 bytes]","args":[{"selector":{"id":"application-manageresources-display-component---newResourceUnit--newRRUPage-anchBar-application-manageresources-display-component---newResourceUnit--resource-anchor","interaction":{"idSuffix":"BDI-content"}},"wdio_ui5_key":"applicationmanageresources-display-component---newResourceUnit--newRRUPage-anchBar-application-manageresources-display-component---newResourceUnit--resource-anchor"}]}
RESULT: {"script":"<script> [1562 bytes]","args":[{"selector":{"id":"application-manageresources-display-component---newResourceUnit--newRRUPage-anchBar-application-manageresources-display-component---newResourceUnit--resource-anchor","interaction":{"idSuffix":"BDI-content"}},"wdio_ui5_key":"applicationmanageresources-display-component---newResourceUnit--newRRUPage-anchBar-application-manageresources-display-component---newResourceUnit--resource-anchor"}]}
RESULT: undefined
COMMAND: POST /session/c3abc88c4085a1d56746dc5a5008fa37/element - {"using":"xpath","value":"//*[@id=\"application-manageresources-display-component---newResourceUnit--newRRUPage-anchBar-application-manageresources-display-component---newResourceUnit--resource-anchor\"]"}
RESULT: {"using":"xpath","value":"//*[@id=\"application-manageresources-display-component---newResourceUnit--newRRUPage-anchBar-application-manageresources-display-component---newResourceUnit--resource-anchor\"]"}
COMMAND: POST /session/c3abc88c4085a1d56746dc5a5008fa37/element/f.AF2E6E2CD8BF2B753D9461224F8C2D7E.d.277CF3ED8918466B9D55A837A361A17F.e.6739/click - {}
RESULT: {}
COMMAND: POST /session/c3abc88c4085a1d56746dc5a5008fa37/execute/async - {"script":"<script> [1562 bytes]","args":[{"selector":{"id":"application-manageresources-display-component---newResourceUnit--PLANNED_DELIVERY_DATE","interaction":{"idSuffix":"inner"}},"wdio_ui5_key":"applicationmanageresources-display-component---newResourceUnit--PLANNED_DELIVERY_DATE"}]}
COMMAND: GET /session/c3abc88c4085a1d56746dc5a5008fa37/screenshot - {}
RESULT: {"script":"<script> [1562 bytes]","args":[{"selector":{"id":"application-manageresources-display-component---newResourceUnit--PLANNED_DELIVERY_DATE","interaction":{"idSuffix":"inner"}},"wdio_ui5_key":"applicationmanageresources-display-component---newResourceUnit--PLANNED_DELIVERY_DATE"}]}
RESULT: undefined
COMMAND: POST /session/c3abc88c4085a1d56746dc5a5008fa37/execute/async - {"script":"<script> [6424 bytes]","args":[{"element-6066-11e4-a52e-4f735466cecf":"f.AF2E6E2CD8BF2B753D9461224F8C2D7E.d.277CF3ED8918466B9D55A837A361A17F.e.6603"},"setValue",["06/13/24"]]}
RESULT: {}
RESULT: {"script":"<script> [6424 bytes]","args":[{"element-6066-11e4-a52e-4f735466cecf":"f.AF2E6E2CD8BF2B753D9461224F8C2D7E.d.277CF3ED8918466B9D55A837A361A17F.e.6603"},"setValue",["06/13/24"]]}
COMMAND: POST /session/c3abc88c4085a1d56746dc5a5008fa37/execute/async - {"script":"<script> [1562 bytes]","args":[{"selector":{"controlType":"sap.m.Button","viewName":"reusables.view.manageresources.NewResourceUnit","viewId":"application-manageresources-display-component---newResourceUnit","i18NText":{"propertyName":"tooltip","key":"save"},"interaction":{"idSuffix":"BDI-content"}},"wdio_ui5_key":"reusablesview.manageresources.NewResourceUnitsap.m.Button{\"propertyName\":\"tooltip\",\"key\":\"save\"}"}]}
RESULT: {"script":"<script> [1562 bytes]","args":[{"selector":{"controlType":"sap.m.Button","viewName":"reusables.view.manageresources.NewResourceUnit","viewId":"application-manageresources-display-component---newResourceUnit","i18NText":{"propertyName":"tooltip","key":"save"},"interaction":{"idSuffix":"BDI-content"}},"wdio_ui5_key":"reusablesview.manageresources.NewResourceUnitsap.m.Button{\"propertyName\":\"tooltip\",\"key\":\"save\"}"}]}
RESULT: undefined
COMMAND: POST /session/c3abc88c4085a1d56746dc5a5008fa37/element - {"using":"xpath","value":"//*[@id=\"application-manageresources-display-component---newResourceUnit--createRuButton\"]"}
RESULT: {"using":"xpath","value":"//*[@id=\"application-manageresources-display-component---newResourceUnit--createRuButton\"]"}
COMMAND: POST /session/c3abc88c4085a1d56746dc5a5008fa37/element/f.AF2E6E2CD8BF2B753D9461224F8C2D7E.d.277CF3ED8918466B9D55A837A361A17F.e.6564/click - {}
RESULT: {}
COMMAND: GET /session/c3abc88c4085a1d56746dc5a5008fa37/screenshot - {}
RESULT: {}
COMMAND: POST /session/c3abc88c4085a1d56746dc5a5008fa37/execute/async - {"script":"<script> [1562 bytes]","args":[{"selector":{"controlType":"sap.m.Button","properties":{"text":"Close"},"searchOpenDialogs":true,"interaction":{"idSuffix":"inner"}},"wdio_ui5_key":"sapm.Button{\"text\":\"Close\"}"}]}
RESULT: {"script":"<script> [1562 bytes]","args":[{"selector":{"controlType":"sap.m.Button","properties":{"text":"Close"},"searchOpenDialogs":true,"interaction":{"idSuffix":"inner"}},"wdio_ui5_key":"sapm.Button{\"text\":\"Close\"}"}]}
RESULT: undefined
COMMAND: POST /session/c3abc88c4085a1d56746dc5a5008fa37/element - {"using":"xpath","value":"//*[@id=\"__mbox-btn-0\"]"}
RESULT: {"using":"xpath","value":"//*[@id=\"__mbox-btn-0\"]"}
COMMAND: POST /session/c3abc88c4085a1d56746dc5a5008fa37/element/f.AF2E6E2CD8BF2B753D9461224F8C2D7E.d.277CF3ED8918466B9D55A837A361A17F.e.6747/click - {}
RESULT: {}
COMMAND: GET /session/c3abc88c4085a1d56746dc5a5008fa37/screenshot - {}
COMMAND: POST /session/c3abc88c4085a1d56746dc5a5008fa37/execute/async - {"script":"<script> [1562 bytes]","args":[{"selector":{"controlType":"sap.m.Text","viewName":"etm.portal.ui.manageresources.view.Detail","viewId":"application-manageresources-display-component---detailRU","bindingPath":{"propertyPath":"ID","modelName":"catalogModel"}},"wdio_ui5_key":"etmportal.ui.manageresources.view.Detailsap.m.Text{\"propertyPath\":\"ID\",\"modelName\":\"catalogModel\"}"}]}
RESULT: {}
RESULT: {"script":"<script> [1562 bytes]","args":[{"selector":{"controlType":"sap.m.Text","viewName":"etm.portal.ui.manageresources.view.Detail","viewId":"application-manageresources-display-component---detailRU","bindingPath":{"propertyPath":"ID","modelName":"catalogModel"}},"wdio_ui5_key":"etmportal.ui.manageresources.view.Detailsap.m.Text{\"propertyPath\":\"ID\",\"modelName\":\"catalogModel\"}"}]}
RESULT: undefined
COMMAND: POST /session/c3abc88c4085a1d56746dc5a5008fa37/execute/async - {"script":"<script> [6424 bytes]","args":[{"element-6066-11e4-a52e-4f735466cecf":"f.AF2E6E2CD8BF2B753D9461224F8C2D7E.d.277CF3ED8918466B9D55A837A361A17F.e.6806"},"getText",[]]}
RESULT: {"script":"<script> [6424 bytes]","args":[{"element-6066-11e4-a52e-4f735466cecf":"f.AF2E6E2CD8BF2B753D9461224F8C2D7E.d.277CF3ED8918466B9D55A837A361A17F.e.6806"},"getText",[]]}
COMMAND: POST /session/c3abc88c4085a1d56746dc5a5008fa37/element - {"using":"xpath","value":"//bdi[text()=\"Edit\"]"}
RESULT: {"using":"xpath","value":"//bdi[text()=\"Edit\"]"}
COMMAND: GET /session/c3abc88c4085a1d56746dc5a5008fa37/element/f.AF2E6E2CD8BF2B753D9461224F8C2D7E.d.277CF3ED8918466B9D55A837A361A17F.e.6807/enabled - {}
RESULT: {}
COMMAND: POST /session/c3abc88c4085a1d56746dc5a5008fa37/execute/sync - {"script":"<script> [8489 bytes]","args":[{"element-6066-11e4-a52e-4f735466cecf":"f.AF2E6E2CD8BF2B753D9461224F8C2D7E.d.277CF3ED8918466B9D55A837A361A17F.e.6807","ELEMENT":"f.AF2E6E2CD8BF2B753D9461224F8C2D7E.d.277CF3ED8918466B9D55A837A361A17F.e.6807"}]}
COMMAND: GET /session/c3abc88c4085a1d56746dc5a5008fa37/screenshot - {}
RESULT: {"script":"<script> [8489 bytes]","args":[{"element-6066-11e4-a52e-4f735466cecf":"f.AF2E6E2CD8BF2B753D9461224F8C2D7E.d.277CF3ED8918466B9D55A837A361A17F.e.6807","ELEMENT":"f.AF2E6E2CD8BF2B753D9461224F8C2D7E.d.277CF3ED8918466B9D55A837A361A17F.e.6807"}]}
COMMAND: POST /session/c3abc88c4085a1d56746dc5a5008fa37/execute/sync - {"script":"<script> [5351 bytes]","args":[{"element-6066-11e4-a52e-4f735466cecf":"f.AF2E6E2CD8BF2B753D9461224F8C2D7E.d.277CF3ED8918466B9D55A837A361A17F.e.6807","ELEMENT":"f.AF2E6E2CD8BF2B753D9461224F8C2D7E.d.277CF3ED8918466B9D55A837A361A17F.e.6807"}]}
COMMAND: GET /session/c3abc88c4085a1d56746dc5a5008fa37/screenshot - {}
RESULT: {}
RESULT: {"script":"<script> [5351 bytes]","args":[{"element-6066-11e4-a52e-4f735466cecf":"f.AF2E6E2CD8BF2B753D9461224F8C2D7E.d.277CF3ED8918466B9D55A837A361A17F.e.6807","ELEMENT":"f.AF2E6E2CD8BF2B753D9461224F8C2D7E.d.277CF3ED8918466B9D55A837A361A17F.e.6807"}]}
COMMAND: POST /session/c3abc88c4085a1d56746dc5a5008fa37/element/f.AF2E6E2CD8BF2B753D9461224F8C2D7E.d.277CF3ED8918466B9D55A837A361A17F.e.6807/click - {}
COMMAND: GET /session/c3abc88c4085a1d56746dc5a5008fa37/screenshot - {}
RESULT: {}
RESULT: {}
COMMAND: GET /session/c3abc88c4085a1d56746dc5a5008fa37/screenshot - {}
RESULT: {}
RESULT: {}
COMMAND: POST /session/c3abc88c4085a1d56746dc5a5008fa37/element - {"using":"xpath","value":"//bdi[@id=\"application-manageresources-display-component---editResource--editRruPage-anchBar-application-manageresources-display-component---editResource--counters-anchor-BDI-content\"]"}
RESULT: {"using":"xpath","value":"//bdi[@id=\"application-manageresources-display-component---editResource--editRruPage-anchBar-application-manageresources-display-component---editResource--counters-anchor-BDI-content\"]"}
COMMAND: POST /session/c3abc88c4085a1d56746dc5a5008fa37/execute/sync - {"script":"<script> [8489 bytes]","args":[{"element-6066-11e4-a52e-4f735466cecf":"f.AF2E6E2CD8BF2B753D9461224F8C2D7E.d.277CF3ED8918466B9D55A837A361A17F.e.6913","ELEMENT":"f.AF2E6E2CD8BF2B753D9461224F8C2D7E.d.277CF3ED8918466B9D55A837A361A17F.e.6913"}]}
RESULT: {"script":"<script> [8489 bytes]","args":[{"element-6066-11e4-a52e-4f735466cecf":"f.AF2E6E2CD8BF2B753D9461224F8C2D7E.d.277CF3ED8918466B9D55A837A361A17F.e.6913","ELEMENT":"f.AF2E6E2CD8BF2B753D9461224F8C2D7E.d.277CF3ED8918466B9D55A837A361A17F.e.6913"}]}
COMMAND: POST /session/c3abc88c4085a1d56746dc5a5008fa37/element/f.AF2E6E2CD8BF2B753D9461224F8C2D7E.d.277CF3ED8918466B9D55A837A361A17F.e.6913/click - {}
COMMAND: GET /session/c3abc88c4085a1d56746dc5a5008fa37/screenshot - {}
RESULT: {}
COMMAND: GET /session/c3abc88c4085a1d56746dc5a5008fa37/screenshot - {}
RESULT: {}
RESULT: {}
COMMAND: POST /session/c3abc88c4085a1d56746dc5a5008fa37/execute/async - {"script":"<script> [1562 bytes]","args":[{"selector":{"id":"application-manageresources-display-component---editResource--btnAddCounter-img"},"wdio_ui5_key":"applicationmanageresources-display-component---editResource--btnAddCounter-img"}]}
RESULT: {"script":"<script> [1562 bytes]","args":[{"selector":{"id":"application-manageresources-display-component---editResource--btnAddCounter-img"},"wdio_ui5_key":"applicationmanageresources-display-component---editResource--btnAddCounter-img"}]}
RESULT: undefined
COMMAND: POST /session/c3abc88c4085a1d56746dc5a5008fa37/element - {"using":"xpath","value":"//*[@id=\"application-manageresources-display-component---editResource--btnAddCounter-img\"]"}
RESULT: {"using":"xpath","value":"//*[@id=\"application-manageresources-display-component---editResource--btnAddCounter-img\"]"}
COMMAND: POST /session/c3abc88c4085a1d56746dc5a5008fa37/element/f.AF2E6E2CD8BF2B753D9461224F8C2D7E.d.277CF3ED8918466B9D55A837A361A17F.e.6953/click - {}
RESULT: {}
COMMAND: GET /session/c3abc88c4085a1d56746dc5a5008fa37/screenshot - {}
RESULT: {}
COMMAND: POST /session/c3abc88c4085a1d56746dc5a5008fa37/execute/async - {"script":"<script> [1562 bytes]","args":[{"selector":{"id":"application-manageresources-display-component---editResource--HAND_OVER_TYPE-application-manageresources-display-component---editResource--RUCounters-0","interaction":{"idSuffix":"CbBg"}},"wdio_ui5_key":"applicationmanageresources-display-component---editResource--HAND_OVER_TYPE-application-manageresources-display-component---editResource--RUCounters-0"}]}
RESULT: {"script":"<script> [1562 bytes]","args":[{"selector":{"id":"application-manageresources-display-component---editResource--HAND_OVER_TYPE-application-manageresources-display-component---editResource--RUCounters-0","interaction":{"idSuffix":"CbBg"}},"wdio_ui5_key":"applicationmanageresources-display-component---editResource--HAND_OVER_TYPE-application-manageresources-display-component---editResource--RUCounters-0"}]}
RESULT: undefined
COMMAND: POST /session/c3abc88c4085a1d56746dc5a5008fa37/element - {"using":"xpath","value":"//*[@id=\"application-manageresources-display-component---editResource--HAND_OVER_TYPE-application-manageresources-display-component---editResource--RUCounters-0\"]"}
RESULT: {"using":"xpath","value":"//*[@id=\"application-manageresources-display-component---editResource--HAND_OVER_TYPE-application-manageresources-display-component---editResource--RUCounters-0\"]"}
COMMAND: POST /session/c3abc88c4085a1d56746dc5a5008fa37/element/f.AF2E6E2CD8BF2B753D9461224F8C2D7E.d.277CF3ED8918466B9D55A837A361A17F.e.6958/click - {}
RESULT: {}
COMMAND: POST /session/c3abc88c4085a1d56746dc5a5008fa37/execute/async - {"script":"<script> [1562 bytes]","args":[{"selector":{"controlType":"sap.m.Button","viewName":"etm.portal.ui.manageresources.view.EditResource","viewId":"application-manageresources-display-component---editResource","i18NText":{"propertyName":"text","key":"save"},"interaction":{"idSuffix":"BDI-content"}},"wdio_ui5_key":"etmportal.ui.manageresources.view.EditResourcesap.m.Button{\"propertyName\":\"text\",\"key\":\"save\"}"}]}
COMMAND: GET /session/c3abc88c4085a1d56746dc5a5008fa37/screenshot - {}
RESULT: {"script":"<script> [1562 bytes]","args":[{"selector":{"controlType":"sap.m.Button","viewName":"etm.portal.ui.manageresources.view.EditResource","viewId":"application-manageresources-display-component---editResource","i18NText":{"propertyName":"text","key":"save"},"interaction":{"idSuffix":"BDI-content"}},"wdio_ui5_key":"etmportal.ui.manageresources.view.EditResourcesap.m.Button{\"propertyName\":\"text\",\"key\":\"save\"}"}]}
RESULT: undefined
COMMAND: POST /session/c3abc88c4085a1d56746dc5a5008fa37/element - {"using":"xpath","value":"//*[@id=\"__button86\"]"}
RESULT: {}
RESULT: {"using":"xpath","value":"//*[@id=\"__button86\"]"}
COMMAND: POST /session/c3abc88c4085a1d56746dc5a5008fa37/element/f.AF2E6E2CD8BF2B753D9461224F8C2D7E.d.277CF3ED8918466B9D55A837A361A17F.e.6960/click - {}
RESULT: {}
COMMAND: GET /session/c3abc88c4085a1d56746dc5a5008fa37/screenshot - {}
RESULT: {}
COMMAND: POST /session/c3abc88c4085a1d56746dc5a5008fa37/element - {"using":"css selector","value":"#shell-header-logo"}
RESULT: {"using":"css selector","value":"#shell-header-logo"}
COMMAND: POST /session/c3abc88c4085a1d56746dc5a5008fa37/elements - {"using":"css selector","value":"#shell-header-logo"}
RESULT: {"using":"css selector","value":"#shell-header-logo"}
COMMAND: POST /session/c3abc88c4085a1d56746dc5a5008fa37/execute/sync - {"script":"<script> [8489 bytes]","args":[{"element-6066-11e4-a52e-4f735466cecf":"f.AF2E6E2CD8BF2B753D9461224F8C2D7E.d.277CF3ED8918466B9D55A837A361A17F.e.6074","ELEMENT":"f.AF2E6E2CD8BF2B753D9461224F8C2D7E.d.277CF3ED8918466B9D55A837A361A17F.e.6074"}]}
RESULT: {"script":"<script> [8489 bytes]","args":[{"element-6066-11e4-a52e-4f735466cecf":"f.AF2E6E2CD8BF2B753D9461224F8C2D7E.d.277CF3ED8918466B9D55A837A361A17F.e.6074","ELEMENT":"f.AF2E6E2CD8BF2B753D9461224F8C2D7E.d.277CF3ED8918466B9D55A837A361A17F.e.6074"}]}
COMMAND: POST /session/c3abc88c4085a1d56746dc5a5008fa37/execute/sync - {"script":"<script> [5351 bytes]","args":[{"element-6066-11e4-a52e-4f735466cecf":"f.AF2E6E2CD8BF2B753D9461224F8C2D7E.d.277CF3ED8918466B9D55A837A361A17F.e.6074","ELEMENT":"f.AF2E6E2CD8BF2B753D9461224F8C2D7E.d.277CF3ED8918466B9D55A837A361A17F.e.6074"}]}
COMMAND: GET /session/c3abc88c4085a1d56746dc5a5008fa37/screenshot - {}
RESULT: {"script":"<script> [5351 bytes]","args":[{"element-6066-11e4-a52e-4f735466cecf":"f.AF2E6E2CD8BF2B753D9461224F8C2D7E.d.277CF3ED8918466B9D55A837A361A17F.e.6074","ELEMENT":"f.AF2E6E2CD8BF2B753D9461224F8C2D7E.d.277CF3ED8918466B9D55A837A361A17F.e.6074"}]}
COMMAND: POST /session/c3abc88c4085a1d56746dc5a5008fa37/element/f.AF2E6E2CD8BF2B753D9461224F8C2D7E.d.277CF3ED8918466B9D55A837A361A17F.e.6074/click - {}
COMMAND: GET /session/c3abc88c4085a1d56746dc5a5008fa37/screenshot - {}
RESULT: {}
RESULT: {}
COMMAND: GET /session/c3abc88c4085a1d56746dc5a5008fa37/screenshot - {}
RESULT: {}
RESULT: {}
COMMAND: POST /session/c3abc88c4085a1d56746dc5a5008fa37/element - {"using":"css selector","value":"#shell-header-logo"}
RESULT: {"using":"css selector","value":"#shell-header-logo"}
COMMAND: POST /session/c3abc88c4085a1d56746dc5a5008fa37/element/f.AF2E6E2CD8BF2B753D9461224F8C2D7E.d.277CF3ED8918466B9D55A837A361A17F.e.6974/click - {}
RESULT: {}
COMMAND: GET /session/c3abc88c4085a1d56746dc5a5008fa37/screenshot - {}
RESULT: {}
]]></system-out>
    </testcase>
  </testsuite>
  <testsuite timestamp="2025-05-13T07:56:17" time="91.807" tests="2" failures="0" errors="0" skipped="0">
    <properties>
      <property name="specId" value="0" />
      <property name="suiteName" value="Personnel creation and reference material verification  US120163" />
      <property name="capabilities" value="chrome.136_0_7103_49.windows" />
      <property name="file" value="file:///D:/a/1/s/test/specs/R2C/create-personnel-no-material-reference.spec.js" />
    </properties>
    <testcase classname="chrome.136_0_7103_49.windows.Personnel_creation_and_reference_material_verification__US120163" name="Should create a new personnel and verify if the material reference is visible" time="72.988">
      <system-out><![CDATA[
RESULT: undefined
COMMAND: POST /session/c3abc88c4085a1d56746dc5a5008fa37/element - {"using":"xpath","value":"//*[@id=\"__tile31\"]"}
RESULT: {"using":"xpath","value":"//*[@id=\"__tile31\"]"}
COMMAND: POST /session/c3abc88c4085a1d56746dc5a5008fa37/element/f.AF2E6E2CD8BF2B753D9461224F8C2D7E.d.277CF3ED8918466B9D55A837A361A17F.e.6091/click - {}
RESULT: {}
COMMAND: GET /session/c3abc88c4085a1d56746dc5a5008fa37/screenshot - {}
RESULT: {}
COMMAND: POST /session/c3abc88c4085a1d56746dc5a5008fa37/elements - {"using":"xpath","value":"//span[text()='Error']"}
RESULT: {"using":"xpath","value":"//span[text()='Error']"}
COMMAND: POST /session/c3abc88c4085a1d56746dc5a5008fa37/element - {"using":"xpath","value":"//button[@data-kt=\"addNewRUOverflowToolbarButton\"]"}
RESULT: {"using":"xpath","value":"//button[@data-kt=\"addNewRUOverflowToolbarButton\"]"}
COMMAND: POST /session/c3abc88c4085a1d56746dc5a5008fa37/execute/sync - {"script":"<script> [8489 bytes]","args":[{"element-6066-11e4-a52e-4f735466cecf":"f.AF2E6E2CD8BF2B753D9461224F8C2D7E.d.277CF3ED8918466B9D55A837A361A17F.e.7116","ELEMENT":"f.AF2E6E2CD8BF2B753D9461224F8C2D7E.d.277CF3ED8918466B9D55A837A361A17F.e.7116"}]}
RESULT: {"script":"<script> [8489 bytes]","args":[{"element-6066-11e4-a52e-4f735466cecf":"f.AF2E6E2CD8BF2B753D9461224F8C2D7E.d.277CF3ED8918466B9D55A837A361A17F.e.7116","ELEMENT":"f.AF2E6E2CD8BF2B753D9461224F8C2D7E.d.277CF3ED8918466B9D55A837A361A17F.e.7116"}]}
COMMAND: POST /session/c3abc88c4085a1d56746dc5a5008fa37/element/f.AF2E6E2CD8BF2B753D9461224F8C2D7E.d.277CF3ED8918466B9D55A837A361A17F.e.7116/click - {}
COMMAND: GET /session/c3abc88c4085a1d56746dc5a5008fa37/screenshot - {}
RESULT: {}
RESULT: undefined
COMMAND: POST /session/c3abc88c4085a1d56746dc5a5008fa37/element - {"using":"xpath","value":"//*[@id=\"application-manageresources-display-component---newResourceUnit--TYPE-arrow\"]"}
COMMAND: GET /session/c3abc88c4085a1d56746dc5a5008fa37/screenshot - {}
RESULT: {}
RESULT: {"using":"xpath","value":"//*[@id=\"application-manageresources-display-component---newResourceUnit--TYPE-arrow\"]"}
COMMAND: POST /session/c3abc88c4085a1d56746dc5a5008fa37/element/f.AF2E6E2CD8BF2B753D9461224F8C2D7E.d.277CF3ED8918466B9D55A837A361A17F.e.7329/click - {}
RESULT: {}
RESULT: {}
COMMAND: POST /session/c3abc88c4085a1d56746dc5a5008fa37/execute/async - {"script":"<script> [1562 bytes]","args":[{"selector":{"controlType":"sap.m.StandardListItem","viewName":"reusables.view.manageresources.NewResourceUnit","viewId":"application-manageresources-display-component---newResourceUnit","properties":{"title":"Personnel"},"searchOpenDialogs":true,"interaction":{"idSuffix":"titleText"}},"wdio_ui5_key":"reusablesview.manageresources.NewResourceUnitsap.m.StandardListItem{\"title\":\"Personnel\"}"}]}
COMMAND: GET /session/c3abc88c4085a1d56746dc5a5008fa37/screenshot - {}
RESULT: {"script":"<script> [1562 bytes]","args":[{"selector":{"controlType":"sap.m.StandardListItem","viewName":"reusables.view.manageresources.NewResourceUnit","viewId":"application-manageresources-display-component---newResourceUnit","properties":{"title":"Personnel"},"searchOpenDialogs":true,"interaction":{"idSuffix":"titleText"}},"wdio_ui5_key":"reusablesview.manageresources.NewResourceUnitsap.m.StandardListItem{\"title\":\"Personnel\"}"}]}
RESULT: undefined
COMMAND: POST /session/c3abc88c4085a1d56746dc5a5008fa37/element - {"using":"xpath","value":"//*[@id=\"__item862\"]"}
RESULT: {}
RESULT: {"using":"xpath","value":"//*[@id=\"__item862\"]"}
COMMAND: POST /session/c3abc88c4085a1d56746dc5a5008fa37/element/f.AF2E6E2CD8BF2B753D9461224F8C2D7E.d.277CF3ED8918466B9D55A837A361A17F.e.7332/click - {}
RESULT: {}
RESULT: undefined
COMMAND: POST /session/c3abc88c4085a1d56746dc5a5008fa37/execute/async - {"script":"<script> [776 bytes]","args":[{"enterText":"WdIOPersonnelydrmf","selector":{"id":"application-manageresources-display-component---newResourceUnit--SHORT_TEXT","interaction":{"idSuffix":"inner"}},"clearTextFirst":true,"interactionType":"ENTER_TEXT"}]}
COMMAND: GET /session/c3abc88c4085a1d56746dc5a5008fa37/screenshot - {}
RESULT: {"script":"<script> [776 bytes]","args":[{"enterText":"WdIOPersonnelydrmf","selector":{"id":"application-manageresources-display-component---newResourceUnit--SHORT_TEXT","interaction":{"idSuffix":"inner"}},"clearTextFirst":true,"interactionType":"ENTER_TEXT"}]}
COMMAND: POST /session/c3abc88c4085a1d56746dc5a5008fa37/element - {"using":"xpath","value":"//bdi[contains(text(), \"Material\")]"}
RESULT: {}
RESULT: {"using":"xpath","value":"//bdi[contains(text(), \"Material\")]"}
COMMAND: POST /session/c3abc88c4085a1d56746dc5a5008fa37/element - {"using":"xpath","value":"//bdi[contains(text(), \"Material\")]"}
RESULT: {"using":"xpath","value":"//bdi[contains(text(), \"Material\")]"}
COMMAND: POST /session/c3abc88c4085a1d56746dc5a5008fa37/execute/async - {"script":"<script> [1562 bytes]","args":[{"selector":{"id":"application-manageresources-display-component---newResourceUnit--BASE_UNIT_OF_MEASURE-arrow"},"wdio_ui5_key":"applicationmanageresources-display-component---newResourceUnit--BASE_UNIT_OF_MEASURE-arrow"}]}
RESULT: {"script":"<script> [1562 bytes]","args":[{"selector":{"id":"application-manageresources-display-component---newResourceUnit--BASE_UNIT_OF_MEASURE-arrow"},"wdio_ui5_key":"applicationmanageresources-display-component---newResourceUnit--BASE_UNIT_OF_MEASURE-arrow"}]}
RESULT: undefined
COMMAND: POST /session/c3abc88c4085a1d56746dc5a5008fa37/element - {"using":"xpath","value":"//*[@id=\"application-manageresources-display-component---newResourceUnit--BASE_UNIT_OF_MEASURE-arrow\"]"}
RESULT: {"using":"xpath","value":"//*[@id=\"application-manageresources-display-component---newResourceUnit--BASE_UNIT_OF_MEASURE-arrow\"]"}
COMMAND: POST /session/c3abc88c4085a1d56746dc5a5008fa37/element/f.AF2E6E2CD8BF2B753D9461224F8C2D7E.d.277CF3ED8918466B9D55A837A361A17F.e.7372/click - {}
RESULT: {}
COMMAND: POST /session/c3abc88c4085a1d56746dc5a5008fa37/execute/async - {"script":"<script> [1562 bytes]","args":[{"selector":{"controlType":"sap.m.StandardListItem","viewName":"reusables.view.manageresources.NewResourceUnit","viewId":"application-manageresources-display-component---newResourceUnit","properties":{"title":"Percent"},"searchOpenDialogs":true,"interaction":{"idSuffix":"titleText"}},"wdio_ui5_key":"reusablesview.manageresources.NewResourceUnitsap.m.StandardListItem{\"title\":\"Percent\"}"}]}
COMMAND: GET /session/c3abc88c4085a1d56746dc5a5008fa37/screenshot - {}
RESULT: {"script":"<script> [1562 bytes]","args":[{"selector":{"controlType":"sap.m.StandardListItem","viewName":"reusables.view.manageresources.NewResourceUnit","viewId":"application-manageresources-display-component---newResourceUnit","properties":{"title":"Percent"},"searchOpenDialogs":true,"interaction":{"idSuffix":"titleText"}},"wdio_ui5_key":"reusablesview.manageresources.NewResourceUnitsap.m.StandardListItem{\"title\":\"Percent\"}"}]}
RESULT: undefined
COMMAND: POST /session/c3abc88c4085a1d56746dc5a5008fa37/element - {"using":"xpath","value":"//*[@id=\"__item882\"]"}
RESULT: {}
RESULT: {"using":"xpath","value":"//*[@id=\"__item882\"]"}
COMMAND: POST /session/c3abc88c4085a1d56746dc5a5008fa37/element/f.AF2E6E2CD8BF2B753D9461224F8C2D7E.d.277CF3ED8918466B9D55A837A361A17F.e.7374/click - {}
RESULT: {}
COMMAND: POST /session/c3abc88c4085a1d56746dc5a5008fa37/execute/async - {"script":"<script> [1562 bytes]","args":[{"selector":{"id":"application-manageresources-display-component---newResourceUnit--PLANNING_GROUP-arrow"},"wdio_ui5_key":"applicationmanageresources-display-component---newResourceUnit--PLANNING_GROUP-arrow"}]}
COMMAND: GET /session/c3abc88c4085a1d56746dc5a5008fa37/screenshot - {}
RESULT: {"script":"<script> [1562 bytes]","args":[{"selector":{"id":"application-manageresources-display-component---newResourceUnit--PLANNING_GROUP-arrow"},"wdio_ui5_key":"applicationmanageresources-display-component---newResourceUnit--PLANNING_GROUP-arrow"}]}
RESULT: undefined
COMMAND: POST /session/c3abc88c4085a1d56746dc5a5008fa37/element - {"using":"xpath","value":"//*[@id=\"application-manageresources-display-component---newResourceUnit--PLANNING_GROUP-arrow\"]"}
RESULT: {}
RESULT: {"using":"xpath","value":"//*[@id=\"application-manageresources-display-component---newResourceUnit--PLANNING_GROUP-arrow\"]"}
COMMAND: POST /session/c3abc88c4085a1d56746dc5a5008fa37/element/f.AF2E6E2CD8BF2B753D9461224F8C2D7E.d.277CF3ED8918466B9D55A837A361A17F.e.7375/click - {}
RESULT: {}
COMMAND: GET /session/c3abc88c4085a1d56746dc5a5008fa37/screenshot - {}
RESULT: {}
COMMAND: POST /session/c3abc88c4085a1d56746dc5a5008fa37/execute/async - {"script":"<script> [1562 bytes]","args":[{"selector":{"controlType":"sap.m.StandardListItem","viewName":"reusables.view.manageresources.NewResourceUnit","viewId":"application-manageresources-display-component---newResourceUnit","properties":{"title":"Operating personnel"},"searchOpenDialogs":true,"interaction":{"idSuffix":"titleText"}},"wdio_ui5_key":"reusablesview.manageresources.NewResourceUnitsap.m.StandardListItem{\"title\":\"Operating personnel\"}"}]}
RESULT: {"script":"<script> [1562 bytes]","args":[{"selector":{"controlType":"sap.m.StandardListItem","viewName":"reusables.view.manageresources.NewResourceUnit","viewId":"application-manageresources-display-component---newResourceUnit","properties":{"title":"Operating personnel"},"searchOpenDialogs":true,"interaction":{"idSuffix":"titleText"}},"wdio_ui5_key":"reusablesview.manageresources.NewResourceUnitsap.m.StandardListItem{\"title\":\"Operating personnel\"}"}]}
RESULT: undefined
COMMAND: POST /session/c3abc88c4085a1d56746dc5a5008fa37/element - {"using":"xpath","value":"//*[@id=\"__item891\"]"}
RESULT: {"using":"xpath","value":"//*[@id=\"__item891\"]"}
COMMAND: POST /session/c3abc88c4085a1d56746dc5a5008fa37/element/f.AF2E6E2CD8BF2B753D9461224F8C2D7E.d.277CF3ED8918466B9D55A837A361A17F.e.7377/click - {}
RESULT: {}
COMMAND: GET /session/c3abc88c4085a1d56746dc5a5008fa37/screenshot - {}
RESULT: {}
COMMAND: POST /session/c3abc88c4085a1d56746dc5a5008fa37/element - {"using":"xpath","value":"//bdi[contains(text(), \"Time Segment\")]"}
RESULT: {"using":"xpath","value":"//bdi[contains(text(), \"Time Segment\")]"}
COMMAND: GET /session/c3abc88c4085a1d56746dc5a5008fa37/element/f.AF2E6E2CD8BF2B753D9461224F8C2D7E.d.277CF3ED8918466B9D55A837A361A17F.e.7378/rect - {}
RESULT: {}
COMMAND: GET /session/c3abc88c4085a1d56746dc5a5008fa37/window/rect - {}
RESULT: {}
COMMAND: POST /session/c3abc88c4085a1d56746dc5a5008fa37/execute/sync - {"script":"<script> [92 bytes]","args":[]}
RESULT: {"script":"<script> [92 bytes]","args":[]}
COMMAND: POST /session/c3abc88c4085a1d56746dc5a5008fa37/actions - {"actions":[{"id":"action24","type":"wheel","parameters":{},"actions":[{"type":"scroll","x":-1820,"y":804,"deltaX":0,"deltaY":0,"duration":0,"origin":{"element-6066-11e4-a52e-4f735466cecf":"f.AF2E6E2CD8BF2B753D9461224F8C2D7E.d.277CF3ED8918466B9D55A837A361A17F.e.7378"}}]}]}
COMMAND: GET /session/c3abc88c4085a1d56746dc5a5008fa37/screenshot - {}
RESULT: {}
COMMAND: POST /session/c3abc88c4085a1d56746dc5a5008fa37/execute/sync - {"script":"<script> [79 bytes]","args":[{"element-6066-11e4-a52e-4f735466cecf":"f.AF2E6E2CD8BF2B753D9461224F8C2D7E.d.277CF3ED8918466B9D55A837A361A17F.e.7378","ELEMENT":"f.AF2E6E2CD8BF2B753D9461224F8C2D7E.d.277CF3ED8918466B9D55A837A361A17F.e.7378"},{"block":"start","inline":"nearest"}]}
RESULT: {"script":"<script> [79 bytes]","args":[{"element-6066-11e4-a52e-4f735466cecf":"f.AF2E6E2CD8BF2B753D9461224F8C2D7E.d.277CF3ED8918466B9D55A837A361A17F.e.7378","ELEMENT":"f.AF2E6E2CD8BF2B753D9461224F8C2D7E.d.277CF3ED8918466B9D55A837A361A17F.e.7378"},{"block":"start","inline":"nearest"}]}
COMMAND: GET /session/c3abc88c4085a1d56746dc5a5008fa37/screenshot - {}
RESULT: {}
COMMAND: POST /session/c3abc88c4085a1d56746dc5a5008fa37/element - {"using":"xpath","value":"//span[@id=\"application-manageresources-display-component---newResourceUnit--btnAddTimeSegment-img\"]"}
RESULT: {"using":"xpath","value":"//span[@id=\"application-manageresources-display-component---newResourceUnit--btnAddTimeSegment-img\"]"}
COMMAND: POST /session/c3abc88c4085a1d56746dc5a5008fa37/execute/sync - {"script":"<script> [8489 bytes]","args":[{"element-6066-11e4-a52e-4f735466cecf":"f.AF2E6E2CD8BF2B753D9461224F8C2D7E.d.277CF3ED8918466B9D55A837A361A17F.e.7383","ELEMENT":"f.AF2E6E2CD8BF2B753D9461224F8C2D7E.d.277CF3ED8918466B9D55A837A361A17F.e.7383"}]}
RESULT: {"script":"<script> [8489 bytes]","args":[{"element-6066-11e4-a52e-4f735466cecf":"f.AF2E6E2CD8BF2B753D9461224F8C2D7E.d.277CF3ED8918466B9D55A837A361A17F.e.7383","ELEMENT":"f.AF2E6E2CD8BF2B753D9461224F8C2D7E.d.277CF3ED8918466B9D55A837A361A17F.e.7383"}]}
COMMAND: POST /session/c3abc88c4085a1d56746dc5a5008fa37/element/f.AF2E6E2CD8BF2B753D9461224F8C2D7E.d.277CF3ED8918466B9D55A837A361A17F.e.7383/click - {}
COMMAND: GET /session/c3abc88c4085a1d56746dc5a5008fa37/screenshot - {}
RESULT: {}
COMMAND: GET /session/c3abc88c4085a1d56746dc5a5008fa37/screenshot - {}
RESULT: {}
RESULT: {}
COMMAND: POST /session/c3abc88c4085a1d56746dc5a5008fa37/element - {"using":"xpath","value":"//input[@id=\"application-manageresources-display-component---newResourceUnit--idRuTSAdmin-application-manageresources-display-component---newResourceUnit--RUTimeSegment-0-inner\"]"}
RESULT: {"using":"xpath","value":"//input[@id=\"application-manageresources-display-component---newResourceUnit--idRuTSAdmin-application-manageresources-display-component---newResourceUnit--RUTimeSegment-0-inner\"]"}
COMMAND: POST /session/c3abc88c4085a1d56746dc5a5008fa37/element/f.AF2E6E2CD8BF2B753D9461224F8C2D7E.d.277CF3ED8918466B9D55A837A361A17F.e.7386/clear - {}
RESULT: {}
COMMAND: POST /session/c3abc88c4085a1d56746dc5a5008fa37/element/f.AF2E6E2CD8BF2B753D9461224F8C2D7E.d.277CF3ED8918466B9D55A837A361A17F.e.7386/value - {"text":"webdriveryard"}
COMMAND: GET /session/c3abc88c4085a1d56746dc5a5008fa37/screenshot - {}
RESULT: {"text":"webdriveryard"}
COMMAND: GET /session/c3abc88c4085a1d56746dc5a5008fa37/screenshot - {}
RESULT: {}
RESULT: {}
COMMAND: POST /session/c3abc88c4085a1d56746dc5a5008fa37/actions - {"actions":[{"id":"action25","type":"key","parameters":{},"actions":[{"type":"keyDown","value":"î€‡"},{"type":"pause","duration":10},{"type":"keyUp","value":"î€‡"}]}]}
RESULT: {"actions":[{"id":"action25","type":"key","parameters":{},"actions":[{"type":"keyDown","value":"î€‡"},{"type":"pause","duration":10},{"type":"keyUp","value":"î€‡"}]}]}
COMMAND: GET /session/c3abc88c4085a1d56746dc5a5008fa37/screenshot - {}
RESULT: {}
COMMAND: POST /session/c3abc88c4085a1d56746dc5a5008fa37/element - {"using":"xpath","value":"//input[contains(@id, \"application-manageresources-display-component---newResourceUnit--newControlDataDateRangePicker-inner\")]"}
RESULT: {"using":"xpath","value":"//input[contains(@id, \"application-manageresources-display-component---newResourceUnit--newControlDataDateRangePicker-inner\")]"}
COMMAND: POST /session/c3abc88c4085a1d56746dc5a5008fa37/element/f.AF2E6E2CD8BF2B753D9461224F8C2D7E.d.277CF3ED8918466B9D55A837A361A17F.e.7362/clear - {}
RESULT: {}
COMMAND: POST /session/c3abc88c4085a1d56746dc5a5008fa37/element/f.AF2E6E2CD8BF2B753D9461224F8C2D7E.d.277CF3ED8918466B9D55A837A361A17F.e.7362/value - {"text":"12/17/26 - 2/18/27"}
COMMAND: GET /session/c3abc88c4085a1d56746dc5a5008fa37/screenshot - {}
RESULT: {"text":"12/17/26 - 2/18/27"}
COMMAND: POST /session/c3abc88c4085a1d56746dc5a5008fa37/element - {"using":"xpath","value":"//bdi[contains(@id, \"application-manageresources-display-component---newResourceUnit--createRuButton-BDI-content\")]"}
COMMAND: GET /session/c3abc88c4085a1d56746dc5a5008fa37/screenshot - {}
RESULT: {}
RESULT: {"using":"xpath","value":"//bdi[contains(@id, \"application-manageresources-display-component---newResourceUnit--createRuButton-BDI-content\")]"}
COMMAND: POST /session/c3abc88c4085a1d56746dc5a5008fa37/element/f.AF2E6E2CD8BF2B753D9461224F8C2D7E.d.277CF3ED8918466B9D55A837A361A17F.e.7398/click - {}
RESULT: {}
RESULT: {}
COMMAND: GET /session/c3abc88c4085a1d56746dc5a5008fa37/screenshot - {}
RESULT: {}
COMMAND: POST /session/c3abc88c4085a1d56746dc5a5008fa37/actions - {"actions":[{"id":"action26","type":"key","parameters":{},"actions":[{"type":"keyDown","value":"î€‡"},{"type":"pause","duration":10},{"type":"keyUp","value":"î€‡"}]}]}
RESULT: {"actions":[{"id":"action26","type":"key","parameters":{},"actions":[{"type":"keyDown","value":"î€‡"},{"type":"pause","duration":10},{"type":"keyUp","value":"î€‡"}]}]}
COMMAND: GET /session/c3abc88c4085a1d56746dc5a5008fa37/screenshot - {}
RESULT: {}
]]></system-out>
    </testcase>
    <testcase classname="chrome.136_0_7103_49.windows.Personnel_creation_and_reference_material_verification__US120163" name="Should verify if the reference material is visible in edit and detail mode" time="15.627">
      <system-out><![CDATA[
COMMAND: POST /session/c3abc88c4085a1d56746dc5a5008fa37/element - {"using":"xpath","value":"//bdi[contains(text(), \"Edit\")]"}
RESULT: {"using":"xpath","value":"//bdi[contains(text(), \"Edit\")]"}
COMMAND: POST /session/c3abc88c4085a1d56746dc5a5008fa37/element/f.AF2E6E2CD8BF2B753D9461224F8C2D7E.d.277CF3ED8918466B9D55A837A361A17F.e.7427/click - {}
RESULT: {}
COMMAND: GET /session/c3abc88c4085a1d56746dc5a5008fa37/screenshot - {}
RESULT: {}
COMMAND: POST /session/c3abc88c4085a1d56746dc5a5008fa37/element - {"using":"xpath","value":"//bdi[contains(text(), \"Material\")]"}
RESULT: {"using":"xpath","value":"//bdi[contains(text(), \"Material\")]"}
COMMAND: POST /session/c3abc88c4085a1d56746dc5a5008fa37/element - {"using":"xpath","value":"//bdi[contains(text(), \"Material\")]"}
RESULT: {"using":"xpath","value":"//bdi[contains(text(), \"Material\")]"}
COMMAND: POST /session/c3abc88c4085a1d56746dc5a5008fa37/element - {"using":"xpath","value":"(//bdi[contains(text(), \"Save\")])[2]"}
RESULT: {"using":"xpath","value":"(//bdi[contains(text(), \"Save\")])[2]"}
COMMAND: POST /session/c3abc88c4085a1d56746dc5a5008fa37/element/f.AF2E6E2CD8BF2B753D9461224F8C2D7E.d.277CF3ED8918466B9D55A837A361A17F.e.7477/click - {}
RESULT: {}
COMMAND: GET /session/c3abc88c4085a1d56746dc5a5008fa37/screenshot - {}
RESULT: {}
COMMAND: POST /session/c3abc88c4085a1d56746dc5a5008fa37/element - {"using":"css selector","value":"#j_username"}
COMMAND: POST /session/c3abc88c4085a1d56746dc5a5008fa37/url - {"url":"https://qa-testing-00-live-etm-ui.cfapps.eu10-004.hana.ondemand.com/"}
RESULT: {"using":"css selector","value":"#j_username"}
COMMAND: POST /session/c3abc88c4085a1d56746dc5a5008fa37/element - {"using":"css selector","value":"#j_username"}
RESULT: {"url":"https://qa-testing-00-live-etm-ui.cfapps.eu10-004.hana.ondemand.com/"}
RESULT: undefined
COMMAND: GET /session/c3abc88c4085a1d56746dc5a5008fa37/screenshot - {}
RESULT: {"using":"css selector","value":"#j_username"}
COMMAND: POST /session/c3abc88c4085a1d56746dc5a5008fa37/element - {"using":"css selector","value":"#shell-header-logo"}
RESULT: {}
RESULT: {"using":"css selector","value":"#shell-header-logo"}
COMMAND: POST /session/c3abc88c4085a1d56746dc5a5008fa37/execute/sync - {"script":"<script> [8489 bytes]","args":[{"element-6066-11e4-a52e-4f735466cecf":"f.AF2E6E2CD8BF2B753D9461224F8C2D7E.d.E7E1A5F29C2B5A06CC8D379498DD4C1D.e.7493","ELEMENT":"f.AF2E6E2CD8BF2B753D9461224F8C2D7E.d.E7E1A5F29C2B5A06CC8D379498DD4C1D.e.7493"}]}
RESULT: {"script":"<script> [8489 bytes]","args":[{"element-6066-11e4-a52e-4f735466cecf":"f.AF2E6E2CD8BF2B753D9461224F8C2D7E.d.E7E1A5F29C2B5A06CC8D379498DD4C1D.e.7493","ELEMENT":"f.AF2E6E2CD8BF2B753D9461224F8C2D7E.d.E7E1A5F29C2B5A06CC8D379498DD4C1D.e.7493"}]}
COMMAND: POST /session/c3abc88c4085a1d56746dc5a5008fa37/element - {"using":"css selector","value":"#shell-header-logo"}
COMMAND: GET /session/c3abc88c4085a1d56746dc5a5008fa37/screenshot - {}
RESULT: {"using":"css selector","value":"#shell-header-logo"}
COMMAND: POST /session/c3abc88c4085a1d56746dc5a5008fa37/execute/sync - {"script":"<script> [8489 bytes]","args":[{"element-6066-11e4-a52e-4f735466cecf":"f.AF2E6E2CD8BF2B753D9461224F8C2D7E.d.E7E1A5F29C2B5A06CC8D379498DD4C1D.e.7493","ELEMENT":"f.AF2E6E2CD8BF2B753D9461224F8C2D7E.d.E7E1A5F29C2B5A06CC8D379498DD4C1D.e.7493"}]}
RESULT: {}
RESULT: {"script":"<script> [8489 bytes]","args":[{"element-6066-11e4-a52e-4f735466cecf":"f.AF2E6E2CD8BF2B753D9461224F8C2D7E.d.E7E1A5F29C2B5A06CC8D379498DD4C1D.e.7493","ELEMENT":"f.AF2E6E2CD8BF2B753D9461224F8C2D7E.d.E7E1A5F29C2B5A06CC8D379498DD4C1D.e.7493"}]}
COMMAND: POST /session/c3abc88c4085a1d56746dc5a5008fa37/execute/sync - {"script":"<script> [5351 bytes]","args":[{"element-6066-11e4-a52e-4f735466cecf":"f.AF2E6E2CD8BF2B753D9461224F8C2D7E.d.E7E1A5F29C2B5A06CC8D379498DD4C1D.e.7493","ELEMENT":"f.AF2E6E2CD8BF2B753D9461224F8C2D7E.d.E7E1A5F29C2B5A06CC8D379498DD4C1D.e.7493"}]}
COMMAND: GET /session/c3abc88c4085a1d56746dc5a5008fa37/screenshot - {}
RESULT: {"script":"<script> [5351 bytes]","args":[{"element-6066-11e4-a52e-4f735466cecf":"f.AF2E6E2CD8BF2B753D9461224F8C2D7E.d.E7E1A5F29C2B5A06CC8D379498DD4C1D.e.7493","ELEMENT":"f.AF2E6E2CD8BF2B753D9461224F8C2D7E.d.E7E1A5F29C2B5A06CC8D379498DD4C1D.e.7493"}]}
COMMAND: POST /session/c3abc88c4085a1d56746dc5a5008fa37/element - {"using":"css selector","value":"#shell-header-logo"}
COMMAND: GET /session/c3abc88c4085a1d56746dc5a5008fa37/screenshot - {}
RESULT: {}
RESULT: {"using":"css selector","value":"#shell-header-logo"}
COMMAND: POST /session/c3abc88c4085a1d56746dc5a5008fa37/element/f.AF2E6E2CD8BF2B753D9461224F8C2D7E.d.E7E1A5F29C2B5A06CC8D379498DD4C1D.e.7493/click - {}
RESULT: {}
RESULT: {}
COMMAND: GET /session/c3abc88c4085a1d56746dc5a5008fa37/screenshot - {}
RESULT: {}
COMMAND: POST /session/c3abc88c4085a1d56746dc5a5008fa37/execute/async - {"script":"<script> [189 bytes]","args":[]}
RESULT: {"script":"<script> [189 bytes]","args":[]}
COMMAND: POST /session/c3abc88c4085a1d56746dc5a5008fa37/execute/async - {"script":"<script> [123 bytes]","args":[]}
RESULT: {"script":"<script> [123 bytes]","args":[]}
COMMAND: POST /session/c3abc88c4085a1d56746dc5a5008fa37/timeouts - {"script":"<number>"}
RESULT: {"script":"<number>"}
COMMAND: GET /session/c3abc88c4085a1d56746dc5a5008fa37/timeouts - {}
RESULT: {}
RESULT: undefined
COMMAND: POST /session/c3abc88c4085a1d56746dc5a5008fa37/execute/async - {"script":"<script> [2676 bytes]","args":[]}
RESULT: {"script":"<script> [2676 bytes]","args":[]}
COMMAND: POST /session/c3abc88c4085a1d56746dc5a5008fa37/execute/async - {"script":"<script> [2342 bytes]","args":[{"protocol":"http","hostname":"0.0.0.0","path":"/","capabilities":{"browserName":"chrome","goog:chromeOptions":{"binary":"C:\\Program Files\\Google\\Chrome\\Application\\chrome.exe","args":["--start-maximized"]}},"logLevel":"warn","connectionRetryTimeout":120000,"connectionRetryCount":3,"logLevels":{},"enableDirectConnect":true,"strictSSL":true,"_":"65 more keys: [\"cacheDir\",\"port\",\"requestedCapabilities\",\"automationProtocol\",\"baseUrl\",\"waitforInterval\",\"waitforTimeout\",\"onReload\",\"beforeCommand\",\"afterCommand\",\"rootDir\",\"specs\",\"suites\",\"exclude\",\"groupLogsByTestSpec\",\"excludeDriverLogs\",\"bail\",\"framework\",\"reporters\",\"services\",\"maxInstances\",\"maxInstancesPerCapability\",\"injectGlobals\",\"filesToWatch\",\"execArgv\",\"runnerEnv\",\"runner\",\"shard\",\"specFileRetries\",\"specFileRetriesDelay\",\"specFileRetriesDeferred\",\"reporterSyncInterval\",\"reporterSyncTimeout\",\"cucumberFeaturesWithLineNumbers\",\"autoCompileOpts\",\"mochaOpts\",\"jasmineOpts\",\"cucumberOpts\",\"onPrepare\",\"onWorkerStart\",\"onWorkerEnd\",\"before\",\"beforeSession\",\"beforeSuite\",\"beforeHook\",\"beforeTest\",\"afterTest\",\"afterHook\",\"afterSuite\",\"afterSession\",\"after\",\"onComplete\",\"beforeAssertion\",\"afterAssertion\",\"beforeFeature\",\"beforeScenario\",\"beforeStep\",\"afterStep\",\"afterScenario\",\"afterFeature\",\"_\",\"suite\",\"$0\",\"ignoredWorkerServices\",\"wdi5\"]"}]}
RESULT: {"script":"<script> [2342 bytes]","args":[{"protocol":"http","hostname":"0.0.0.0","path":"/","capabilities":{"browserName":"chrome","goog:chromeOptions":{"binary":"C:\\Program Files\\Google\\Chrome\\Application\\chrome.exe","args":["--start-maximized"]}},"logLevel":"warn","connectionRetryTimeout":120000,"connectionRetryCount":3,"logLevels":{},"enableDirectConnect":true,"strictSSL":true,"_":"65 more keys: [\"cacheDir\",\"port\",\"requestedCapabilities\",\"automationProtocol\",\"baseUrl\",\"waitforInterval\",\"waitforTimeout\",\"onReload\",\"beforeCommand\",\"afterCommand\",\"rootDir\",\"specs\",\"suites\",\"exclude\",\"groupLogsByTestSpec\",\"excludeDriverLogs\",\"bail\",\"framework\",\"reporters\",\"services\",\"maxInstances\",\"maxInstancesPerCapability\",\"injectGlobals\",\"filesToWatch\",\"execArgv\",\"runnerEnv\",\"runner\",\"shard\",\"specFileRetries\",\"specFileRetriesDelay\",\"specFileRetriesDeferred\",\"reporterSyncInterval\",\"reporterSyncTimeout\",\"cucumberFeaturesWithLineNumbers\",\"autoCompileOpts\",\"mochaOpts\",\"jasmineOpts\",\"cucumberOpts\",\"onPrepare\",\"onWorkerStart\",\"onWorkerEnd\",\"before\",\"beforeSession\",\"beforeSuite\",\"beforeHook\",\"beforeTest\",\"afterTest\",\"afterHook\",\"afterSuite\",\"afterSession\",\"after\",\"onComplete\",\"beforeAssertion\",\"afterAssertion\",\"beforeFeature\",\"beforeScenario\",\"beforeStep\",\"afterStep\",\"afterScenario\",\"afterFeature\",\"_\",\"suite\",\"$0\",\"ignoredWorkerServices\",\"wdi5\"]"}]}
COMMAND: POST /session/c3abc88c4085a1d56746dc5a5008fa37/execute/async - {"script":"<script> [21126 bytes]","args":[35000]}
RESULT: {"script":"<script> [21126 bytes]","args":[35000]}
COMMAND: POST /session/c3abc88c4085a1d56746dc5a5008fa37/window/maximize - {}
RESULT: {}
COMMAND: POST /session/c3abc88c4085a1d56746dc5a5008fa37/execute/async - {"script":"<script> [1562 bytes]","args":[{"selector":{"id":"shell-header","interaction":{"idSuffix":"icon"}},"wdio_ui5_key":"shellheader"}]}
COMMAND: GET /session/c3abc88c4085a1d56746dc5a5008fa37/screenshot - {}
RESULT: {"script":"<script> [1562 bytes]","args":[{"selector":{"id":"shell-header","interaction":{"idSuffix":"icon"}},"wdio_ui5_key":"shellheader"}]}
RESULT: undefined
RESULT: {}
]]></system-out>
    </testcase>
  </testsuite>
  <testsuite timestamp="2025-05-13T07:57:49" time="537.722" tests="5" failures="2" errors="2" skipped="0">
    <properties>
      <property name="specId" value="0" />
      <property name="suiteName" value="Warehouse movements inventory test" />
      <property name="capabilities" value="chrome.136_0_7103_49.windows" />
      <property name="file" value="file:///D:/a/1/s/test/specs/R2C/create-resource.spec.js" />
    </properties>
    <testcase classname="chrome.136_0_7103_49.windows.Warehouse_movements_inventory_test" name="Should create a new WHM yard" time="139.146">
      <system-out><![CDATA[
COMMAND: POST /session/c3abc88c4085a1d56746dc5a5008fa37/execute/async - {"script":"<script> [1562 bytes]","args":[{"selector":{"controlType":"sap.m.GenericTile","properties":{"header":"Manage Yards"}},"wdio_ui5_key":"sapm.GenericTile{\"header\":\"Manage Yards\"}"}]}
RESULT: {"script":"<script> [1562 bytes]","args":[{"selector":{"controlType":"sap.m.GenericTile","properties":{"header":"Manage Yards"}},"wdio_ui5_key":"sapm.GenericTile{\"header\":\"Manage Yards\"}"}]}
RESULT: undefined
COMMAND: POST /session/c3abc88c4085a1d56746dc5a5008fa37/element - {"using":"xpath","value":"//*[@id=\"__tile41\"]"}
RESULT: {"using":"xpath","value":"//*[@id=\"__tile41\"]"}
COMMAND: POST /session/c3abc88c4085a1d56746dc5a5008fa37/element/f.AF2E6E2CD8BF2B753D9461224F8C2D7E.d.E7E1A5F29C2B5A06CC8D379498DD4C1D.e.7506/click - {}
RESULT: {}
COMMAND: GET /session/c3abc88c4085a1d56746dc5a5008fa37/screenshot - {}
RESULT: {}
COMMAND: POST /session/c3abc88c4085a1d56746dc5a5008fa37/elements - {"using":"xpath","value":"//span[text()='Error']"}
RESULT: {"using":"xpath","value":"//span[text()='Error']"}
COMMAND: POST /session/c3abc88c4085a1d56746dc5a5008fa37/execute/async - {"script":"<script> [1562 bytes]","args":[{"selector":{"controlType":"sap.ui.core.Icon","viewName":"etm.portal.ui.manageyards.view.Master","viewId":"application-manageyards-display-component---masterYard","properties":{"src":{"regex":{"source":"add"}}}},"wdio_ui5_key":"etmportal.ui.manageyards.view.Mastersap.ui.core.Icon{\"src\":{\"regex\":{\"source\":\"add\"}}}"}]}
RESULT: {"script":"<script> [1562 bytes]","args":[{"selector":{"controlType":"sap.ui.core.Icon","viewName":"etm.portal.ui.manageyards.view.Master","viewId":"application-manageyards-display-component---masterYard","properties":{"src":{"regex":{"source":"add"}}}},"wdio_ui5_key":"etmportal.ui.manageyards.view.Mastersap.ui.core.Icon{\"src\":{\"regex\":{\"source\":\"add\"}}}"}]}
RESULT: undefined
COMMAND: POST /session/c3abc88c4085a1d56746dc5a5008fa37/element - {"using":"xpath","value":"//*[@id=\"__button4-img\"]"}
RESULT: {"using":"xpath","value":"//*[@id=\"__button4-img\"]"}
COMMAND: POST /session/c3abc88c4085a1d56746dc5a5008fa37/element/f.AF2E6E2CD8BF2B753D9461224F8C2D7E.d.E7E1A5F29C2B5A06CC8D379498DD4C1D.e.7551/click - {}
RESULT: {}
COMMAND: GET /session/c3abc88c4085a1d56746dc5a5008fa37/screenshot - {}
RESULT: {}
COMMAND: POST /session/c3abc88c4085a1d56746dc5a5008fa37/execute/async - {"script":"<script> [1562 bytes]","args":[{"selector":{"id":"application-manageyards-display-component---NewYard--yardId","interaction":{"idSuffix":"inner"}},"wdio_ui5_key":"applicationmanageyards-display-component---NewYard--yardId"}]}
RESULT: {"script":"<script> [1562 bytes]","args":[{"selector":{"id":"application-manageyards-display-component---NewYard--yardId","interaction":{"idSuffix":"inner"}},"wdio_ui5_key":"applicationmanageyards-display-component---NewYard--yardId"}]}
RESULT: undefined
COMMAND: POST /session/c3abc88c4085a1d56746dc5a5008fa37/element - {"using":"xpath","value":"//*[@id=\"application-manageyards-display-component---NewYard--addressDetailDetailsName1-inner\"]"}
RESULT: {"using":"xpath","value":"//*[@id=\"application-manageyards-display-component---NewYard--addressDetailDetailsName1-inner\"]"}
COMMAND: POST /session/c3abc88c4085a1d56746dc5a5008fa37/element/f.AF2E6E2CD8BF2B753D9461224F8C2D7E.d.E7E1A5F29C2B5A06CC8D379498DD4C1D.e.7722/clear - {}
RESULT: {}
COMMAND: POST /session/c3abc88c4085a1d56746dc5a5008fa37/element/f.AF2E6E2CD8BF2B753D9461224F8C2D7E.d.E7E1A5F29C2B5A06CC8D379498DD4C1D.e.7722/value - {"text":"WebdriverWHMYard0w874"}
COMMAND: GET /session/c3abc88c4085a1d56746dc5a5008fa37/screenshot - {}
RESULT: {}
RESULT: {"text":"WebdriverWHMYard0w874"}
COMMAND: POST /session/c3abc88c4085a1d56746dc5a5008fa37/element - {"using":"xpath","value":"//*[@id=\"application-manageyards-display-component---NewYard--addressDetailDetailsLanguage-inner\"]"}
COMMAND: GET /session/c3abc88c4085a1d56746dc5a5008fa37/screenshot - {}
RESULT: {"using":"xpath","value":"//*[@id=\"application-manageyards-display-component---NewYard--addressDetailDetailsLanguage-inner\"]"}
COMMAND: POST /session/c3abc88c4085a1d56746dc5a5008fa37/element/f.AF2E6E2CD8BF2B753D9461224F8C2D7E.d.E7E1A5F29C2B5A06CC8D379498DD4C1D.e.7723/clear - {}
RESULT: {}
RESULT: {}
COMMAND: POST /session/c3abc88c4085a1d56746dc5a5008fa37/element/f.AF2E6E2CD8BF2B753D9461224F8C2D7E.d.E7E1A5F29C2B5A06CC8D379498DD4C1D.e.7723/value - {"text":"Romanian"}
COMMAND: GET /session/c3abc88c4085a1d56746dc5a5008fa37/screenshot - {}
RESULT: {"text":"Romanian"}
COMMAND: POST /session/c3abc88c4085a1d56746dc5a5008fa37/element - {"using":"xpath","value":"//input[contains(@id ,\"application-manageyards-display-component---NewYard--addressDetailDetailsName1-inner\")]"}
COMMAND: GET /session/c3abc88c4085a1d56746dc5a5008fa37/screenshot - {}
RESULT: {}
RESULT: {"using":"xpath","value":"//input[contains(@id ,\"application-manageyards-display-component---NewYard--addressDetailDetailsName1-inner\")]"}
COMMAND: GET /session/c3abc88c4085a1d56746dc5a5008fa37/element/f.AF2E6E2CD8BF2B753D9461224F8C2D7E.d.E7E1A5F29C2B5A06CC8D379498DD4C1D.e.7722/property/value - {}
RESULT: {}
RESULT: {}
COMMAND: GET /session/c3abc88c4085a1d56746dc5a5008fa37/screenshot - {}
RESULT: {}
COMMAND: POST /session/c3abc88c4085a1d56746dc5a5008fa37/element - {"using":"xpath","value":"//*[@id=\"application-manageyards-display-component---NewYard--addressDetailDetailsCity1-inner\"]"}
RESULT: {"using":"xpath","value":"//*[@id=\"application-manageyards-display-component---NewYard--addressDetailDetailsCity1-inner\"]"}
COMMAND: POST /session/c3abc88c4085a1d56746dc5a5008fa37/element/f.AF2E6E2CD8BF2B753D9461224F8C2D7E.d.E7E1A5F29C2B5A06CC8D379498DD4C1D.e.7725/clear - {}
RESULT: {}
COMMAND: POST /session/c3abc88c4085a1d56746dc5a5008fa37/element/f.AF2E6E2CD8BF2B753D9461224F8C2D7E.d.E7E1A5F29C2B5A06CC8D379498DD4C1D.e.7725/value - {"text":"Bucuresti"}
COMMAND: GET /session/c3abc88c4085a1d56746dc5a5008fa37/screenshot - {}
RESULT: {"text":"Bucuresti"}
COMMAND: GET /session/c3abc88c4085a1d56746dc5a5008fa37/screenshot - {}
RESULT: {}
RESULT: {}
COMMAND: POST /session/c3abc88c4085a1d56746dc5a5008fa37/element - {"using":"xpath","value":"//*[@id=\"application-manageyards-display-component---NewYard--addressDetailDetailsCountry-inner\"]"}
RESULT: {"using":"xpath","value":"//*[@id=\"application-manageyards-display-component---NewYard--addressDetailDetailsCountry-inner\"]"}
COMMAND: POST /session/c3abc88c4085a1d56746dc5a5008fa37/element/f.AF2E6E2CD8BF2B753D9461224F8C2D7E.d.E7E1A5F29C2B5A06CC8D379498DD4C1D.e.7729/clear - {}
RESULT: {}
COMMAND: POST /session/c3abc88c4085a1d56746dc5a5008fa37/element/f.AF2E6E2CD8BF2B753D9461224F8C2D7E.d.E7E1A5F29C2B5A06CC8D379498DD4C1D.e.7729/value - {"text":"Romania"}
COMMAND: GET /session/c3abc88c4085a1d56746dc5a5008fa37/screenshot - {}
RESULT: {"text":"Romania"}
COMMAND: GET /session/c3abc88c4085a1d56746dc5a5008fa37/screenshot - {}
RESULT: {}
RESULT: {}
COMMAND: POST /session/c3abc88c4085a1d56746dc5a5008fa37/execute/async - {"script":"<script> [1562 bytes]","args":[{"selector":{"controlType":"sap.m.Button","viewName":"etm.portal.ui.manageyards.view.New","viewId":"application-manageyards-display-component---NewYard","properties":{"text":"Commercial"},"interaction":{"idSuffix":"BDI-content"}},"wdio_ui5_key":"etmportal.ui.manageyards.view.Newsap.m.Button{\"text\":\"Commercial\"}"}]}
RESULT: {"script":"<script> [1562 bytes]","args":[{"selector":{"controlType":"sap.m.Button","viewName":"etm.portal.ui.manageyards.view.New","viewId":"application-manageyards-display-component---NewYard","properties":{"text":"Commercial"},"interaction":{"idSuffix":"BDI-content"}},"wdio_ui5_key":"etmportal.ui.manageyards.view.Newsap.m.Button{\"text\":\"Commercial\"}"}]}
RESULT: undefined
COMMAND: POST /session/c3abc88c4085a1d56746dc5a5008fa37/element - {"using":"xpath","value":"//*[@id=\"application-manageyards-display-component---NewYard--ObjectPageLayout-anchBar-__section5-anchor\"]"}
RESULT: {"using":"xpath","value":"//*[@id=\"application-manageyards-display-component---NewYard--ObjectPageLayout-anchBar-__section5-anchor\"]"}
COMMAND: POST /session/c3abc88c4085a1d56746dc5a5008fa37/element/f.AF2E6E2CD8BF2B753D9461224F8C2D7E.d.E7E1A5F29C2B5A06CC8D379498DD4C1D.e.7973/click - {}
RESULT: {}
COMMAND: GET /session/c3abc88c4085a1d56746dc5a5008fa37/screenshot - {}
RESULT: {}
COMMAND: POST /session/c3abc88c4085a1d56746dc5a5008fa37/element - {"using":"xpath","value":"//div[contains(text(), \"Commercial\")]"}
RESULT: {"using":"xpath","value":"//div[contains(text(), \"Commercial\")]"}
COMMAND: GET /session/c3abc88c4085a1d56746dc5a5008fa37/element/f.AF2E6E2CD8BF2B753D9461224F8C2D7E.d.E7E1A5F29C2B5A06CC8D379498DD4C1D.e.7982/rect - {}
RESULT: {}
COMMAND: GET /session/c3abc88c4085a1d56746dc5a5008fa37/window/rect - {}
RESULT: {}
COMMAND: POST /session/c3abc88c4085a1d56746dc5a5008fa37/execute/sync - {"script":"<script> [92 bytes]","args":[]}
RESULT: {"script":"<script> [92 bytes]","args":[]}
COMMAND: POST /session/c3abc88c4085a1d56746dc5a5008fa37/actions - {"actions":[{"id":"action27","type":"wheel","parameters":{},"actions":[{"type":"scroll","x":-1841,"y":-44,"deltaX":0,"deltaY":0,"duration":0,"origin":{"element-6066-11e4-a52e-4f735466cecf":"f.AF2E6E2CD8BF2B753D9461224F8C2D7E.d.E7E1A5F29C2B5A06CC8D379498DD4C1D.e.7982"}}]}]}
COMMAND: GET /session/c3abc88c4085a1d56746dc5a5008fa37/screenshot - {}
RESULT: {}
COMMAND: POST /session/c3abc88c4085a1d56746dc5a5008fa37/execute/sync - {"script":"<script> [79 bytes]","args":[{"element-6066-11e4-a52e-4f735466cecf":"f.AF2E6E2CD8BF2B753D9461224F8C2D7E.d.E7E1A5F29C2B5A06CC8D379498DD4C1D.e.7982","ELEMENT":"f.AF2E6E2CD8BF2B753D9461224F8C2D7E.d.E7E1A5F29C2B5A06CC8D379498DD4C1D.e.7982"},{"block":"start","inline":"nearest"}]}
RESULT: {"script":"<script> [79 bytes]","args":[{"element-6066-11e4-a52e-4f735466cecf":"f.AF2E6E2CD8BF2B753D9461224F8C2D7E.d.E7E1A5F29C2B5A06CC8D379498DD4C1D.e.7982","ELEMENT":"f.AF2E6E2CD8BF2B753D9461224F8C2D7E.d.E7E1A5F29C2B5A06CC8D379498DD4C1D.e.7982"},{"block":"start","inline":"nearest"}]}
COMMAND: GET /session/c3abc88c4085a1d56746dc5a5008fa37/screenshot - {}
RESULT: {}
COMMAND: POST /session/c3abc88c4085a1d56746dc5a5008fa37/execute/async - {"script":"<script> [1562 bytes]","args":[{"selector":{"id":"application-manageyards-display-component---NewYard--addressEditDetailsCostObjectCstType-arrow"},"wdio_ui5_key":"applicationmanageyards-display-component---NewYard--addressEditDetailsCostObjectCstType-arrow"}]}
RESULT: {"script":"<script> [1562 bytes]","args":[{"selector":{"id":"application-manageyards-display-component---NewYard--addressEditDetailsCostObjectCstType-arrow"},"wdio_ui5_key":"applicationmanageyards-display-component---NewYard--addressEditDetailsCostObjectCstType-arrow"}]}
RESULT: undefined
COMMAND: POST /session/c3abc88c4085a1d56746dc5a5008fa37/element - {"using":"xpath","value":"//*[@id=\"application-manageyards-display-component---NewYard--addressEditDetailsCostObjectCstType-arrow\"]"}
RESULT: {"using":"xpath","value":"//*[@id=\"application-manageyards-display-component---NewYard--addressEditDetailsCostObjectCstType-arrow\"]"}
COMMAND: POST /session/c3abc88c4085a1d56746dc5a5008fa37/element/f.AF2E6E2CD8BF2B753D9461224F8C2D7E.d.E7E1A5F29C2B5A06CC8D379498DD4C1D.e.7983/click - {}
RESULT: {}
COMMAND: POST /session/c3abc88c4085a1d56746dc5a5008fa37/element - {"using":"xpath","value":"//span[contains(text(), \"Cost Center\")]"}
COMMAND: GET /session/c3abc88c4085a1d56746dc5a5008fa37/screenshot - {}
RESULT: {"using":"xpath","value":"//span[contains(text(), \"Cost Center\")]"}
COMMAND: POST /session/c3abc88c4085a1d56746dc5a5008fa37/element/f.AF2E6E2CD8BF2B753D9461224F8C2D7E.d.E7E1A5F29C2B5A06CC8D379498DD4C1D.e.7984/click - {}
RESULT: {}
RESULT: {}
COMMAND: GET /session/c3abc88c4085a1d56746dc5a5008fa37/screenshot - {}
RESULT: {}
COMMAND: POST /session/c3abc88c4085a1d56746dc5a5008fa37/execute/async - {"script":"<script> [1562 bytes]","args":[{"selector":{"id":"application-manageyards-display-component---NewYard--addressNewCostObjectCstID-vhi"},"wdio_ui5_key":"applicationmanageyards-display-component---NewYard--addressNewCostObjectCstID-vhi"}]}
RESULT: {"script":"<script> [1562 bytes]","args":[{"selector":{"id":"application-manageyards-display-component---NewYard--addressNewCostObjectCstID-vhi"},"wdio_ui5_key":"applicationmanageyards-display-component---NewYard--addressNewCostObjectCstID-vhi"}]}
RESULT: undefined
COMMAND: POST /session/c3abc88c4085a1d56746dc5a5008fa37/element - {"using":"xpath","value":"//*[@id=\"application-manageyards-display-component---NewYard--addressNewCostObjectCstID-vhi\"]"}
RESULT: {"using":"xpath","value":"//*[@id=\"application-manageyards-display-component---NewYard--addressNewCostObjectCstID-vhi\"]"}
COMMAND: POST /session/c3abc88c4085a1d56746dc5a5008fa37/element/f.AF2E6E2CD8BF2B753D9461224F8C2D7E.d.E7E1A5F29C2B5A06CC8D379498DD4C1D.e.7988/click - {}
RESULT: {}
COMMAND: GET /session/c3abc88c4085a1d56746dc5a5008fa37/screenshot - {}
RESULT: {}
COMMAND: POST /session/c3abc88c4085a1d56746dc5a5008fa37/execute/async - {"script":"<script> [1562 bytes]","args":[{"selector":{"controlType":"sap.m.SearchField","properties":{"placeholder":"Search"},"searchOpenDialogs":true,"interaction":{"idSuffix":"I"}},"wdio_ui5_key":"sapm.SearchField{\"placeholder\":\"Search\"}"}]}
RESULT: {"script":"<script> [1562 bytes]","args":[{"selector":{"controlType":"sap.m.SearchField","properties":{"placeholder":"Search"},"searchOpenDialogs":true,"interaction":{"idSuffix":"I"}},"wdio_ui5_key":"sapm.SearchField{\"placeholder\":\"Search\"}"}]}
RESULT: undefined
COMMAND: POST /session/c3abc88c4085a1d56746dc5a5008fa37/execute/async - {"script":"<script> [776 bytes]","args":[{"enterText":"10001013","selector":{"controlType":"sap.m.SearchField","properties":{"placeholder":"Search"},"searchOpenDialogs":true,"interaction":{"idSuffix":"I"}},"clearTextFirst":true,"interactionType":"ENTER_TEXT"}]}
RESULT: {"script":"<script> [776 bytes]","args":[{"enterText":"10001013","selector":{"controlType":"sap.m.SearchField","properties":{"placeholder":"Search"},"searchOpenDialogs":true,"interaction":{"idSuffix":"I"}},"clearTextFirst":true,"interactionType":"ENTER_TEXT"}]}
COMMAND: POST /session/c3abc88c4085a1d56746dc5a5008fa37/actions - {"actions":[{"id":"action28","type":"key","parameters":{},"actions":[{"type":"keyDown","value":"î€‡"},{"type":"pause","duration":10},{"type":"keyUp","value":"î€‡"}]}]}
RESULT: {"actions":[{"id":"action28","type":"key","parameters":{},"actions":[{"type":"keyDown","value":"î€‡"},{"type":"pause","duration":10},{"type":"keyUp","value":"î€‡"}]}]}
COMMAND: GET /session/c3abc88c4085a1d56746dc5a5008fa37/screenshot - {}
RESULT: {}
COMMAND: POST /session/c3abc88c4085a1d56746dc5a5008fa37/element - {"using":"xpath","value":"//span[contains(text(), \"General Management\")]"}
RESULT: {"using":"xpath","value":"//span[contains(text(), \"General Management\")]"}
COMMAND: POST /session/c3abc88c4085a1d56746dc5a5008fa37/element/f.AF2E6E2CD8BF2B753D9461224F8C2D7E.d.E7E1A5F29C2B5A06CC8D379498DD4C1D.e.8029/click - {}
RESULT: {}
COMMAND: GET /session/c3abc88c4085a1d56746dc5a5008fa37/screenshot - {}
RESULT: {}
COMMAND: POST /session/c3abc88c4085a1d56746dc5a5008fa37/element - {"using":"xpath","value":"//bdi[contains(text(), \"OK\")]"}
RESULT: {"using":"xpath","value":"//bdi[contains(text(), \"OK\")]"}
COMMAND: POST /session/c3abc88c4085a1d56746dc5a5008fa37/element/f.AF2E6E2CD8BF2B753D9461224F8C2D7E.d.E7E1A5F29C2B5A06CC8D379498DD4C1D.e.8030/click - {}
RESULT: {}
COMMAND: GET /session/c3abc88c4085a1d56746dc5a5008fa37/screenshot - {}
RESULT: {}
COMMAND: POST /session/c3abc88c4085a1d56746dc5a5008fa37/execute/async - {"script":"<script> [1562 bytes]","args":[{"selector":{"id":"application-manageyards-display-component---NewYard--addressEditDetailsCurrency","interaction":{"idSuffix":"inner"}},"wdio_ui5_key":"applicationmanageyards-display-component---NewYard--addressEditDetailsCurrency"}]}
RESULT: {"script":"<script> [1562 bytes]","args":[{"selector":{"id":"application-manageyards-display-component---NewYard--addressEditDetailsCurrency","interaction":{"idSuffix":"inner"}},"wdio_ui5_key":"applicationmanageyards-display-component---NewYard--addressEditDetailsCurrency"}]}
RESULT: undefined
COMMAND: POST /session/c3abc88c4085a1d56746dc5a5008fa37/execute/async - {"script":"<script> [776 bytes]","args":[{"enterText":"Euro","selector":{"id":"application-manageyards-display-component---NewYard--addressEditDetailsCurrency","interaction":{"idSuffix":"inner"}},"clearTextFirst":true,"interactionType":"ENTER_TEXT"}]}
RESULT: {"script":"<script> [776 bytes]","args":[{"enterText":"Euro","selector":{"id":"application-manageyards-display-component---NewYard--addressEditDetailsCurrency","interaction":{"idSuffix":"inner"}},"clearTextFirst":true,"interactionType":"ENTER_TEXT"}]}
COMMAND: POST /session/c3abc88c4085a1d56746dc5a5008fa37/execute/async - {"script":"<script> [1562 bytes]","args":[{"selector":{"controlType":"sap.m.Input","viewName":"etm.portal.ui.manageyards.view.New","viewId":"application-manageyards-display-component---NewYard","bindingPath":{"path":"","propertyPath":"/CONTROLLING_AREA","modelName":"NewYardModel"},"interaction":{"idSuffix":"inner"}},"wdio_ui5_key":"etmportal.ui.manageyards.view.Newsap.m.Input{\"path\":\"\",\"propertyPath\":\"/CONTROLLING_AREA\",\"modelName\":\"NewYardModel\"}"}]}
RESULT: {"script":"<script> [1562 bytes]","args":[{"selector":{"controlType":"sap.m.Input","viewName":"etm.portal.ui.manageyards.view.New","viewId":"application-manageyards-display-component---NewYard","bindingPath":{"path":"","propertyPath":"/CONTROLLING_AREA","modelName":"NewYardModel"},"interaction":{"idSuffix":"inner"}},"wdio_ui5_key":"etmportal.ui.manageyards.view.Newsap.m.Input{\"path\":\"\",\"propertyPath\":\"/CONTROLLING_AREA\",\"modelName\":\"NewYardModel\"}"}]}
RESULT: undefined
COMMAND: POST /session/c3abc88c4085a1d56746dc5a5008fa37/execute/async - {"script":"<script> [776 bytes]","args":[{"enterText":"Z001","selector":{"controlType":"sap.m.Input","viewName":"etm.portal.ui.manageyards.view.New","viewId":"application-manageyards-display-component---NewYard","bindingPath":{"path":"","propertyPath":"/CONTROLLING_AREA","modelName":"NewYardModel"},"interaction":{"idSuffix":"inner"}},"clearTextFirst":true,"interactionType":"ENTER_TEXT"}]}
RESULT: {"script":"<script> [776 bytes]","args":[{"enterText":"Z001","selector":{"controlType":"sap.m.Input","viewName":"etm.portal.ui.manageyards.view.New","viewId":"application-manageyards-display-component---NewYard","bindingPath":{"path":"","propertyPath":"/CONTROLLING_AREA","modelName":"NewYardModel"},"interaction":{"idSuffix":"inner"}},"clearTextFirst":true,"interactionType":"ENTER_TEXT"}]}
COMMAND: POST /session/c3abc88c4085a1d56746dc5a5008fa37/execute/async - {"script":"<script> [1562 bytes]","args":[{"selector":{"id":"application-manageyards-display-component---NewYard--companyCodeComboBox","interaction":{"idSuffix":"inner"}},"wdio_ui5_key":"applicationmanageyards-display-component---NewYard--companyCodeComboBox"}]}
RESULT: {"script":"<script> [1562 bytes]","args":[{"selector":{"id":"application-manageyards-display-component---NewYard--companyCodeComboBox","interaction":{"idSuffix":"inner"}},"wdio_ui5_key":"applicationmanageyards-display-component---NewYard--companyCodeComboBox"}]}
RESULT: undefined
COMMAND: POST /session/c3abc88c4085a1d56746dc5a5008fa37/execute/async - {"script":"<script> [776 bytes]","args":[{"enterText":"1000","selector":{"id":"application-manageyards-display-component---NewYard--companyCodeComboBox","interaction":{"idSuffix":"inner"}},"clearTextFirst":true,"interactionType":"ENTER_TEXT"}]}
RESULT: {"script":"<script> [776 bytes]","args":[{"enterText":"1000","selector":{"id":"application-manageyards-display-component---NewYard--companyCodeComboBox","interaction":{"idSuffix":"inner"}},"clearTextFirst":true,"interactionType":"ENTER_TEXT"}]}
COMMAND: POST /session/c3abc88c4085a1d56746dc5a5008fa37/actions - {"actions":[{"id":"action29","type":"key","parameters":{},"actions":[{"type":"keyDown","value":"î€‡"},{"type":"pause","duration":10},{"type":"keyUp","value":"î€‡"}]}]}
RESULT: {"actions":[{"id":"action29","type":"key","parameters":{},"actions":[{"type":"keyDown","value":"î€‡"},{"type":"pause","duration":10},{"type":"keyUp","value":"î€‡"}]}]}
COMMAND: POST /session/c3abc88c4085a1d56746dc5a5008fa37/execute/async - {"script":"<script> [1562 bytes]","args":[{"selector":{"controlType":"sap.m.Input","viewName":"etm.portal.ui.manageyards.view.New","viewId":"application-manageyards-display-component---NewYard","bindingPath":{"path":"","propertyPath":"/PLANT","modelName":"NewYardModel"},"interaction":{"idSuffix":"inner"}},"wdio_ui5_key":"etmportal.ui.manageyards.view.Newsap.m.Input{\"path\":\"\",\"propertyPath\":\"/PLANT\",\"modelName\":\"NewYardModel\"}"}]}
COMMAND: GET /session/c3abc88c4085a1d56746dc5a5008fa37/screenshot - {}
RESULT: {"script":"<script> [1562 bytes]","args":[{"selector":{"controlType":"sap.m.Input","viewName":"etm.portal.ui.manageyards.view.New","viewId":"application-manageyards-display-component---NewYard","bindingPath":{"path":"","propertyPath":"/PLANT","modelName":"NewYardModel"},"interaction":{"idSuffix":"inner"}},"wdio_ui5_key":"etmportal.ui.manageyards.view.Newsap.m.Input{\"path\":\"\",\"propertyPath\":\"/PLANT\",\"modelName\":\"NewYardModel\"}"}]}
RESULT: undefined
COMMAND: POST /session/c3abc88c4085a1d56746dc5a5008fa37/execute/async - {"script":"<script> [776 bytes]","args":[{"enterText":"1001","selector":{"controlType":"sap.m.Input","viewName":"etm.portal.ui.manageyards.view.New","viewId":"application-manageyards-display-component---NewYard","bindingPath":{"path":"","propertyPath":"/PLANT","modelName":"NewYardModel"},"interaction":{"idSuffix":"inner"}},"clearTextFirst":true,"interactionType":"ENTER_TEXT"}]}
RESULT: {}
RESULT: {"script":"<script> [776 bytes]","args":[{"enterText":"1001","selector":{"controlType":"sap.m.Input","viewName":"etm.portal.ui.manageyards.view.New","viewId":"application-manageyards-display-component---NewYard","bindingPath":{"path":"","propertyPath":"/PLANT","modelName":"NewYardModel"},"interaction":{"idSuffix":"inner"}},"clearTextFirst":true,"interactionType":"ENTER_TEXT"}]}
COMMAND: POST /session/c3abc88c4085a1d56746dc5a5008fa37/execute/async - {"script":"<script> [1562 bytes]","args":[{"selector":{"controlType":"sap.m.Input","viewName":"etm.portal.ui.manageyards.view.New","viewId":"application-manageyards-display-component---NewYard","bindingPath":{"path":"","propertyPath":"/SALES_AREA_VKORG","modelName":"NewYardModel"},"interaction":{"idSuffix":"inner"}},"wdio_ui5_key":"etmportal.ui.manageyards.view.Newsap.m.Input{\"path\":\"\",\"propertyPath\":\"/SALES_AREA_VKORG\",\"modelName\":\"NewYardModel\"}"}]}
RESULT: {"script":"<script> [1562 bytes]","args":[{"selector":{"controlType":"sap.m.Input","viewName":"etm.portal.ui.manageyards.view.New","viewId":"application-manageyards-display-component---NewYard","bindingPath":{"path":"","propertyPath":"/SALES_AREA_VKORG","modelName":"NewYardModel"},"interaction":{"idSuffix":"inner"}},"wdio_ui5_key":"etmportal.ui.manageyards.view.Newsap.m.Input{\"path\":\"\",\"propertyPath\":\"/SALES_AREA_VKORG\",\"modelName\":\"NewYardModel\"}"}]}
RESULT: undefined
COMMAND: POST /session/c3abc88c4085a1d56746dc5a5008fa37/execute/async - {"script":"<script> [776 bytes]","args":[{"enterText":"C002","selector":{"controlType":"sap.m.Input","viewName":"etm.portal.ui.manageyards.view.New","viewId":"application-manageyards-display-component---NewYard","bindingPath":{"path":"","propertyPath":"/SALES_AREA_VKORG","modelName":"NewYardModel"},"interaction":{"idSuffix":"inner"}},"clearTextFirst":true,"interactionType":"ENTER_TEXT"}]}
RESULT: {"script":"<script> [776 bytes]","args":[{"enterText":"C002","selector":{"controlType":"sap.m.Input","viewName":"etm.portal.ui.manageyards.view.New","viewId":"application-manageyards-display-component---NewYard","bindingPath":{"path":"","propertyPath":"/SALES_AREA_VKORG","modelName":"NewYardModel"},"interaction":{"idSuffix":"inner"}},"clearTextFirst":true,"interactionType":"ENTER_TEXT"}]}
COMMAND: POST /session/c3abc88c4085a1d56746dc5a5008fa37/execute/async - {"script":"<script> [1562 bytes]","args":[{"selector":{"controlType":"sap.m.Input","viewName":"etm.portal.ui.manageyards.view.New","viewId":"application-manageyards-display-component---NewYard","bindingPath":{"path":"","propertyPath":"/SALES_AREA_VTWEG","modelName":"NewYardModel"},"interaction":{"idSuffix":"inner"}},"wdio_ui5_key":"etmportal.ui.manageyards.view.Newsap.m.Input{\"path\":\"\",\"propertyPath\":\"/SALES_AREA_VTWEG\",\"modelName\":\"NewYardModel\"}"}]}
RESULT: {"script":"<script> [1562 bytes]","args":[{"selector":{"controlType":"sap.m.Input","viewName":"etm.portal.ui.manageyards.view.New","viewId":"application-manageyards-display-component---NewYard","bindingPath":{"path":"","propertyPath":"/SALES_AREA_VTWEG","modelName":"NewYardModel"},"interaction":{"idSuffix":"inner"}},"wdio_ui5_key":"etmportal.ui.manageyards.view.Newsap.m.Input{\"path\":\"\",\"propertyPath\":\"/SALES_AREA_VTWEG\",\"modelName\":\"NewYardModel\"}"}]}
RESULT: undefined
COMMAND: POST /session/c3abc88c4085a1d56746dc5a5008fa37/execute/async - {"script":"<script> [776 bytes]","args":[{"enterText":"C2","selector":{"controlType":"sap.m.Input","viewName":"etm.portal.ui.manageyards.view.New","viewId":"application-manageyards-display-component---NewYard","bindingPath":{"path":"","propertyPath":"/SALES_AREA_VTWEG","modelName":"NewYardModel"},"interaction":{"idSuffix":"inner"}},"clearTextFirst":true,"interactionType":"ENTER_TEXT"}]}
RESULT: {"script":"<script> [776 bytes]","args":[{"enterText":"C2","selector":{"controlType":"sap.m.Input","viewName":"etm.portal.ui.manageyards.view.New","viewId":"application-manageyards-display-component---NewYard","bindingPath":{"path":"","propertyPath":"/SALES_AREA_VTWEG","modelName":"NewYardModel"},"interaction":{"idSuffix":"inner"}},"clearTextFirst":true,"interactionType":"ENTER_TEXT"}]}
COMMAND: POST /session/c3abc88c4085a1d56746dc5a5008fa37/execute/async - {"script":"<script> [1562 bytes]","args":[{"selector":{"controlType":"sap.m.Input","viewName":"etm.portal.ui.manageyards.view.New","viewId":"application-manageyards-display-component---NewYard","bindingPath":{"path":"","propertyPath":"/SALES_AREA_SPART","modelName":"NewYardModel"},"interaction":{"idSuffix":"inner"}},"wdio_ui5_key":"etmportal.ui.manageyards.view.Newsap.m.Input{\"path\":\"\",\"propertyPath\":\"/SALES_AREA_SPART\",\"modelName\":\"NewYardModel\"}"}]}
RESULT: {"script":"<script> [1562 bytes]","args":[{"selector":{"controlType":"sap.m.Input","viewName":"etm.portal.ui.manageyards.view.New","viewId":"application-manageyards-display-component---NewYard","bindingPath":{"path":"","propertyPath":"/SALES_AREA_SPART","modelName":"NewYardModel"},"interaction":{"idSuffix":"inner"}},"wdio_ui5_key":"etmportal.ui.manageyards.view.Newsap.m.Input{\"path\":\"\",\"propertyPath\":\"/SALES_AREA_SPART\",\"modelName\":\"NewYardModel\"}"}]}
RESULT: undefined
COMMAND: POST /session/c3abc88c4085a1d56746dc5a5008fa37/execute/async - {"script":"<script> [776 bytes]","args":[{"enterText":"C2","selector":{"controlType":"sap.m.Input","viewName":"etm.portal.ui.manageyards.view.New","viewId":"application-manageyards-display-component---NewYard","bindingPath":{"path":"","propertyPath":"/SALES_AREA_SPART","modelName":"NewYardModel"},"interaction":{"idSuffix":"inner"}},"clearTextFirst":true,"interactionType":"ENTER_TEXT"}]}
RESULT: {"script":"<script> [776 bytes]","args":[{"enterText":"C2","selector":{"controlType":"sap.m.Input","viewName":"etm.portal.ui.manageyards.view.New","viewId":"application-manageyards-display-component---NewYard","bindingPath":{"path":"","propertyPath":"/SALES_AREA_SPART","modelName":"NewYardModel"},"interaction":{"idSuffix":"inner"}},"clearTextFirst":true,"interactionType":"ENTER_TEXT"}]}
COMMAND: POST /session/c3abc88c4085a1d56746dc5a5008fa37/execute/async - {"script":"<script> [1562 bytes]","args":[{"selector":{"id":"application-manageyards-display-component---NewYard--whmCheckBox","interaction":{"idSuffix":"CbBg"}},"wdio_ui5_key":"applicationmanageyards-display-component---NewYard--whmCheckBox"}]}
RESULT: {"script":"<script> [1562 bytes]","args":[{"selector":{"id":"application-manageyards-display-component---NewYard--whmCheckBox","interaction":{"idSuffix":"CbBg"}},"wdio_ui5_key":"applicationmanageyards-display-component---NewYard--whmCheckBox"}]}
RESULT: undefined
COMMAND: POST /session/c3abc88c4085a1d56746dc5a5008fa37/element - {"using":"xpath","value":"//*[@id=\"application-manageyards-display-component---NewYard--whmCheckBox\"]"}
RESULT: {"using":"xpath","value":"//*[@id=\"application-manageyards-display-component---NewYard--whmCheckBox\"]"}
COMMAND: POST /session/c3abc88c4085a1d56746dc5a5008fa37/element/f.AF2E6E2CD8BF2B753D9461224F8C2D7E.d.E7E1A5F29C2B5A06CC8D379498DD4C1D.e.8041/click - {}
RESULT: {}
COMMAND: POST /session/c3abc88c4085a1d56746dc5a5008fa37/execute/async - {"script":"<script> [1562 bytes]","args":[{"selector":{"controlType":"sap.m.Button","viewName":"etm.portal.ui.manageyards.view.New","viewId":"application-manageyards-display-component---NewYard","i18NText":{"propertyName":"text","key":"save"},"interaction":{"idSuffix":"inner"}},"wdio_ui5_key":"etmportal.ui.manageyards.view.Newsap.m.Button{\"propertyName\":\"text\",\"key\":\"save\"}"}]}
COMMAND: GET /session/c3abc88c4085a1d56746dc5a5008fa37/screenshot - {}
RESULT: {"script":"<script> [1562 bytes]","args":[{"selector":{"controlType":"sap.m.Button","viewName":"etm.portal.ui.manageyards.view.New","viewId":"application-manageyards-display-component---NewYard","i18NText":{"propertyName":"text","key":"save"},"interaction":{"idSuffix":"inner"}},"wdio_ui5_key":"etmportal.ui.manageyards.view.Newsap.m.Button{\"propertyName\":\"text\",\"key\":\"save\"}"}]}
RESULT: undefined
COMMAND: POST /session/c3abc88c4085a1d56746dc5a5008fa37/element - {"using":"xpath","value":"//*[@id=\"__button18\"]"}
RESULT: {}
RESULT: {"using":"xpath","value":"//*[@id=\"__button18\"]"}
COMMAND: POST /session/c3abc88c4085a1d56746dc5a5008fa37/element/f.AF2E6E2CD8BF2B753D9461224F8C2D7E.d.E7E1A5F29C2B5A06CC8D379498DD4C1D.e.7935/click - {}
RESULT: {}
COMMAND: GET /session/c3abc88c4085a1d56746dc5a5008fa37/screenshot - {}
RESULT: {}
COMMAND: POST /session/c3abc88c4085a1d56746dc5a5008fa37/element - {"using":"css selector","value":"#shell-header-logo"}
RESULT: {"using":"css selector","value":"#shell-header-logo"}
COMMAND: POST /session/c3abc88c4085a1d56746dc5a5008fa37/element/f.AF2E6E2CD8BF2B753D9461224F8C2D7E.d.E7E1A5F29C2B5A06CC8D379498DD4C1D.e.7493/click - {}
RESULT: {}
COMMAND: GET /session/c3abc88c4085a1d56746dc5a5008fa37/screenshot - {}
RESULT: {}
COMMAND: POST /session/c3abc88c4085a1d56746dc5a5008fa37/refresh - {}
RESULT: {}
COMMAND: GET /session/c3abc88c4085a1d56746dc5a5008fa37/screenshot - {}
RESULT: {}
COMMAND: POST /session/c3abc88c4085a1d56746dc5a5008fa37/execute/async - {"script":"<script> [189 bytes]","args":[]}
RESULT: {"script":"<script> [189 bytes]","args":[]}
COMMAND: POST /session/c3abc88c4085a1d56746dc5a5008fa37/execute/async - {"script":"<script> [123 bytes]","args":[]}
RESULT: {"script":"<script> [123 bytes]","args":[]}
COMMAND: POST /session/c3abc88c4085a1d56746dc5a5008fa37/timeouts - {"script":"<number>"}
RESULT: {"script":"<number>"}
COMMAND: GET /session/c3abc88c4085a1d56746dc5a5008fa37/timeouts - {}
RESULT: {}
RESULT: undefined
COMMAND: POST /session/c3abc88c4085a1d56746dc5a5008fa37/execute/async - {"script":"<script> [2676 bytes]","args":[]}
RESULT: {"script":"<script> [2676 bytes]","args":[]}
COMMAND: POST /session/c3abc88c4085a1d56746dc5a5008fa37/execute/async - {"script":"<script> [2342 bytes]","args":[{"protocol":"http","hostname":"0.0.0.0","path":"/","capabilities":{"browserName":"chrome","goog:chromeOptions":{"binary":"C:\\Program Files\\Google\\Chrome\\Application\\chrome.exe","args":["--start-maximized"]}},"logLevel":"warn","connectionRetryTimeout":120000,"connectionRetryCount":3,"logLevels":{},"enableDirectConnect":true,"strictSSL":true,"_":"65 more keys: [\"cacheDir\",\"port\",\"requestedCapabilities\",\"automationProtocol\",\"baseUrl\",\"waitforInterval\",\"waitforTimeout\",\"onReload\",\"beforeCommand\",\"afterCommand\",\"rootDir\",\"specs\",\"suites\",\"exclude\",\"groupLogsByTestSpec\",\"excludeDriverLogs\",\"bail\",\"framework\",\"reporters\",\"services\",\"maxInstances\",\"maxInstancesPerCapability\",\"injectGlobals\",\"filesToWatch\",\"execArgv\",\"runnerEnv\",\"runner\",\"shard\",\"specFileRetries\",\"specFileRetriesDelay\",\"specFileRetriesDeferred\",\"reporterSyncInterval\",\"reporterSyncTimeout\",\"cucumberFeaturesWithLineNumbers\",\"autoCompileOpts\",\"mochaOpts\",\"jasmineOpts\",\"cucumberOpts\",\"onPrepare\",\"onWorkerStart\",\"onWorkerEnd\",\"before\",\"beforeSession\",\"beforeSuite\",\"beforeHook\",\"beforeTest\",\"afterTest\",\"afterHook\",\"afterSuite\",\"afterSession\",\"after\",\"onComplete\",\"beforeAssertion\",\"afterAssertion\",\"beforeFeature\",\"beforeScenario\",\"beforeStep\",\"afterStep\",\"afterScenario\",\"afterFeature\",\"_\",\"suite\",\"$0\",\"ignoredWorkerServices\",\"wdi5\"]"}]}
RESULT: {"script":"<script> [2342 bytes]","args":[{"protocol":"http","hostname":"0.0.0.0","path":"/","capabilities":{"browserName":"chrome","goog:chromeOptions":{"binary":"C:\\Program Files\\Google\\Chrome\\Application\\chrome.exe","args":["--start-maximized"]}},"logLevel":"warn","connectionRetryTimeout":120000,"connectionRetryCount":3,"logLevels":{},"enableDirectConnect":true,"strictSSL":true,"_":"65 more keys: [\"cacheDir\",\"port\",\"requestedCapabilities\",\"automationProtocol\",\"baseUrl\",\"waitforInterval\",\"waitforTimeout\",\"onReload\",\"beforeCommand\",\"afterCommand\",\"rootDir\",\"specs\",\"suites\",\"exclude\",\"groupLogsByTestSpec\",\"excludeDriverLogs\",\"bail\",\"framework\",\"reporters\",\"services\",\"maxInstances\",\"maxInstancesPerCapability\",\"injectGlobals\",\"filesToWatch\",\"execArgv\",\"runnerEnv\",\"runner\",\"shard\",\"specFileRetries\",\"specFileRetriesDelay\",\"specFileRetriesDeferred\",\"reporterSyncInterval\",\"reporterSyncTimeout\",\"cucumberFeaturesWithLineNumbers\",\"autoCompileOpts\",\"mochaOpts\",\"jasmineOpts\",\"cucumberOpts\",\"onPrepare\",\"onWorkerStart\",\"onWorkerEnd\",\"before\",\"beforeSession\",\"beforeSuite\",\"beforeHook\",\"beforeTest\",\"afterTest\",\"afterHook\",\"afterSuite\",\"afterSession\",\"after\",\"onComplete\",\"beforeAssertion\",\"afterAssertion\",\"beforeFeature\",\"beforeScenario\",\"beforeStep\",\"afterStep\",\"afterScenario\",\"afterFeature\",\"_\",\"suite\",\"$0\",\"ignoredWorkerServices\",\"wdi5\"]"}]}
COMMAND: POST /session/c3abc88c4085a1d56746dc5a5008fa37/execute/async - {"script":"<script> [21126 bytes]","args":[35000]}
RESULT: {"script":"<script> [21126 bytes]","args":[35000]}
]]></system-out>
    </testcase>
    <testcase classname="chrome.136_0_7103_49.windows.Warehouse_movements_inventory_test" name="Should create a new warehouse organization" time="74.005">
      <system-out><![CDATA[
COMMAND: POST /session/c3abc88c4085a1d56746dc5a5008fa37/execute/async - {"script":"<script> [1562 bytes]","args":[{"selector":{"controlType":"sap.m.GenericTile","properties":{"header":"Bin Status Report"}},"wdio_ui5_key":"sapm.GenericTile{\"header\":\"Bin Status Report\"}"}]}
RESULT: {"script":"<script> [1562 bytes]","args":[{"selector":{"controlType":"sap.m.GenericTile","properties":{"header":"Bin Status Report"}},"wdio_ui5_key":"sapm.GenericTile{\"header\":\"Bin Status Report\"}"}]}
RESULT: undefined
COMMAND: POST /session/c3abc88c4085a1d56746dc5a5008fa37/element - {"using":"xpath","value":"//*[@id=\"__tile104\"]"}
RESULT: {"using":"xpath","value":"//*[@id=\"__tile104\"]"}
COMMAND: POST /session/c3abc88c4085a1d56746dc5a5008fa37/element/f.AF2E6E2CD8BF2B753D9461224F8C2D7E.d.E5D653F68C2609B6F06CABD01C6C8801.e.8254/click - {}
RESULT: {}
COMMAND: GET /session/c3abc88c4085a1d56746dc5a5008fa37/screenshot - {}
RESULT: {}
COMMAND: POST /session/c3abc88c4085a1d56746dc5a5008fa37/elements - {"using":"xpath","value":"//span[text()='Error']"}
RESULT: {"using":"xpath","value":"//span[text()='Error']"}
COMMAND: POST /session/c3abc88c4085a1d56746dc5a5008fa37/execute/async - {"script":"<script> [1562 bytes]","args":[{"selector":{"id":"application-binstatusreport-display-component---warehousing--createOrgBtn","interaction":{"idSuffix":"BDI-content"}},"wdio_ui5_key":"applicationbinstatusreport-display-component---warehousing--createOrgBtn"}]}
RESULT: {"script":"<script> [1562 bytes]","args":[{"selector":{"id":"application-binstatusreport-display-component---warehousing--createOrgBtn","interaction":{"idSuffix":"BDI-content"}},"wdio_ui5_key":"applicationbinstatusreport-display-component---warehousing--createOrgBtn"}]}
RESULT: undefined
COMMAND: POST /session/c3abc88c4085a1d56746dc5a5008fa37/element - {"using":"xpath","value":"//*[@id=\"application-binstatusreport-display-component---warehousing--createOrgBtn\"]"}
RESULT: {"using":"xpath","value":"//*[@id=\"application-binstatusreport-display-component---warehousing--createOrgBtn\"]"}
COMMAND: POST /session/c3abc88c4085a1d56746dc5a5008fa37/element/f.AF2E6E2CD8BF2B753D9461224F8C2D7E.d.E5D653F68C2609B6F06CABD01C6C8801.e.8300/click - {}
RESULT: {}
COMMAND: GET /session/c3abc88c4085a1d56746dc5a5008fa37/screenshot - {}
RESULT: {}
COMMAND: POST /session/c3abc88c4085a1d56746dc5a5008fa37/execute/async - {"script":"<script> [1562 bytes]","args":[{"selector":{"id":"createOrganizationPop--sectionInput","searchOpenDialogs":true,"interaction":{"idSuffix":"inner"}},"wdio_ui5_key":"createOrganizationPopsectionInput"}]}
RESULT: {"script":"<script> [1562 bytes]","args":[{"selector":{"id":"createOrganizationPop--sectionInput","searchOpenDialogs":true,"interaction":{"idSuffix":"inner"}},"wdio_ui5_key":"createOrganizationPopsectionInput"}]}
RESULT: undefined
COMMAND: POST /session/c3abc88c4085a1d56746dc5a5008fa37/execute/async - {"script":"<script> [776 bytes]","args":[{"enterText":"Sec3y0cn","selector":{"id":"createOrganizationPop--sectionInput","searchOpenDialogs":true,"interaction":{"idSuffix":"inner"}},"clearTextFirst":true,"interactionType":"ENTER_TEXT"}]}
RESULT: {"script":"<script> [776 bytes]","args":[{"enterText":"Sec3y0cn","selector":{"id":"createOrganizationPop--sectionInput","searchOpenDialogs":true,"interaction":{"idSuffix":"inner"}},"clearTextFirst":true,"interactionType":"ENTER_TEXT"}]}
COMMAND: POST /session/c3abc88c4085a1d56746dc5a5008fa37/execute/async - {"script":"<script> [1562 bytes]","args":[{"selector":{"id":"createOrganizationPop--descriptionInput","searchOpenDialogs":true,"interaction":{"idSuffix":"inner"}},"wdio_ui5_key":"createOrganizationPopdescriptionInput"}]}
RESULT: {"script":"<script> [1562 bytes]","args":[{"selector":{"id":"createOrganizationPop--descriptionInput","searchOpenDialogs":true,"interaction":{"idSuffix":"inner"}},"wdio_ui5_key":"createOrganizationPopdescriptionInput"}]}
RESULT: undefined
COMMAND: POST /session/c3abc88c4085a1d56746dc5a5008fa37/execute/async - {"script":"<script> [776 bytes]","args":[{"enterText":"OrgNamervojfg","selector":{"id":"createOrganizationPop--descriptionInput","searchOpenDialogs":true,"interaction":{"idSuffix":"inner"}},"clearTextFirst":true,"interactionType":"ENTER_TEXT"}]}
RESULT: {"script":"<script> [776 bytes]","args":[{"enterText":"OrgNamervojfg","selector":{"id":"createOrganizationPop--descriptionInput","searchOpenDialogs":true,"interaction":{"idSuffix":"inner"}},"clearTextFirst":true,"interactionType":"ENTER_TEXT"}]}
COMMAND: POST /session/c3abc88c4085a1d56746dc5a5008fa37/element - {"using":"xpath","value":"//input[contains(@id ,\"createOrganizationPop--yardOrg-inner\")]"}
RESULT: {"using":"xpath","value":"//input[contains(@id ,\"createOrganizationPop--yardOrg-inner\")]"}
COMMAND: POST /session/c3abc88c4085a1d56746dc5a5008fa37/element/f.AF2E6E2CD8BF2B753D9461224F8C2D7E.d.E5D653F68C2609B6F06CABD01C6C8801.e.8337/clear - {}
RESULT: {}
COMMAND: POST /session/c3abc88c4085a1d56746dc5a5008fa37/element/f.AF2E6E2CD8BF2B753D9461224F8C2D7E.d.E5D653F68C2609B6F06CABD01C6C8801.e.8337/value - {"text":"WebdriverWHMYard0w874"}
COMMAND: GET /session/c3abc88c4085a1d56746dc5a5008fa37/screenshot - {}
RESULT: {"text":"WebdriverWHMYard0w874"}
COMMAND: GET /session/c3abc88c4085a1d56746dc5a5008fa37/screenshot - {}
RESULT: {}
RESULT: {}
COMMAND: POST /session/c3abc88c4085a1d56746dc5a5008fa37/actions - {"actions":[{"id":"action30","type":"key","parameters":{},"actions":[{"type":"keyDown","value":"î€‡"},{"type":"pause","duration":10},{"type":"keyUp","value":"î€‡"}]}]}
RESULT: {"actions":[{"id":"action30","type":"key","parameters":{},"actions":[{"type":"keyDown","value":"î€‡"},{"type":"pause","duration":10},{"type":"keyUp","value":"î€‡"}]}]}
COMMAND: GET /session/c3abc88c4085a1d56746dc5a5008fa37/screenshot - {}
RESULT: {}
COMMAND: POST /session/c3abc88c4085a1d56746dc5a5008fa37/execute/async - {"script":"<script> [1562 bytes]","args":[{"selector":{"id":"createOrganizationPop--grZone","searchOpenDialogs":true,"interaction":{"idSuffix":"CbBg"}},"wdio_ui5_key":"createOrganizationPopgrZone"}]}
RESULT: {"script":"<script> [1562 bytes]","args":[{"selector":{"id":"createOrganizationPop--grZone","searchOpenDialogs":true,"interaction":{"idSuffix":"CbBg"}},"wdio_ui5_key":"createOrganizationPopgrZone"}]}
RESULT: undefined
COMMAND: POST /session/c3abc88c4085a1d56746dc5a5008fa37/element - {"using":"xpath","value":"//*[@id=\"createOrganizationPop--grZone\"]"}
RESULT: {"using":"xpath","value":"//*[@id=\"createOrganizationPop--grZone\"]"}
COMMAND: POST /session/c3abc88c4085a1d56746dc5a5008fa37/element/f.AF2E6E2CD8BF2B753D9461224F8C2D7E.d.E5D653F68C2609B6F06CABD01C6C8801.e.8359/click - {}
RESULT: {}
COMMAND: POST /session/c3abc88c4085a1d56746dc5a5008fa37/execute/async - {"script":"<script> [1562 bytes]","args":[{"selector":{"id":"createOrganizationPop--giZone","searchOpenDialogs":true,"interaction":{"idSuffix":"CbBg"}},"wdio_ui5_key":"createOrganizationPopgiZone"}]}
COMMAND: GET /session/c3abc88c4085a1d56746dc5a5008fa37/screenshot - {}
RESULT: {"script":"<script> [1562 bytes]","args":[{"selector":{"id":"createOrganizationPop--giZone","searchOpenDialogs":true,"interaction":{"idSuffix":"CbBg"}},"wdio_ui5_key":"createOrganizationPopgiZone"}]}
RESULT: undefined
COMMAND: POST /session/c3abc88c4085a1d56746dc5a5008fa37/element - {"using":"xpath","value":"//*[@id=\"createOrganizationPop--giZone\"]"}
RESULT: {}
RESULT: {"using":"xpath","value":"//*[@id=\"createOrganizationPop--giZone\"]"}
COMMAND: POST /session/c3abc88c4085a1d56746dc5a5008fa37/element/f.AF2E6E2CD8BF2B753D9461224F8C2D7E.d.E5D653F68C2609B6F06CABD01C6C8801.e.8361/click - {}
RESULT: {}
COMMAND: POST /session/c3abc88c4085a1d56746dc5a5008fa37/execute/async - {"script":"<script> [1562 bytes]","args":[{"selector":{"id":"createOrganizationPop--binNoInput","searchOpenDialogs":true,"interaction":{"idSuffix":"inner"}},"wdio_ui5_key":"createOrganizationPopbinNoInput"}]}
COMMAND: GET /session/c3abc88c4085a1d56746dc5a5008fa37/screenshot - {}
RESULT: {"script":"<script> [1562 bytes]","args":[{"selector":{"id":"createOrganizationPop--binNoInput","searchOpenDialogs":true,"interaction":{"idSuffix":"inner"}},"wdio_ui5_key":"createOrganizationPopbinNoInput"}]}
RESULT: undefined
COMMAND: POST /session/c3abc88c4085a1d56746dc5a5008fa37/execute/async - {"script":"<script> [776 bytes]","args":[{"enterText":"Bingjeum","selector":{"id":"createOrganizationPop--binNoInput","searchOpenDialogs":true,"interaction":{"idSuffix":"inner"}},"clearTextFirst":true,"interactionType":"ENTER_TEXT"}]}
RESULT: {}
RESULT: {"script":"<script> [776 bytes]","args":[{"enterText":"Bingjeum","selector":{"id":"createOrganizationPop--binNoInput","searchOpenDialogs":true,"interaction":{"idSuffix":"inner"}},"clearTextFirst":true,"interactionType":"ENTER_TEXT"}]}
COMMAND: POST /session/c3abc88c4085a1d56746dc5a5008fa37/execute/async - {"script":"<script> [1562 bytes]","args":[{"selector":{"id":"createOrganizationPop--descriptionId","searchOpenDialogs":true,"interaction":{"idSuffix":"inner"}},"wdio_ui5_key":"createOrganizationPopdescriptionId"}]}
RESULT: {"script":"<script> [1562 bytes]","args":[{"selector":{"id":"createOrganizationPop--descriptionId","searchOpenDialogs":true,"interaction":{"idSuffix":"inner"}},"wdio_ui5_key":"createOrganizationPopdescriptionId"}]}
RESULT: undefined
COMMAND: POST /session/c3abc88c4085a1d56746dc5a5008fa37/execute/async - {"script":"<script> [776 bytes]","args":[{"enterText":"Binyklqxl","selector":{"id":"createOrganizationPop--descriptionId","searchOpenDialogs":true,"interaction":{"idSuffix":"inner"}},"clearTextFirst":true,"interactionType":"ENTER_TEXT"}]}
RESULT: {"script":"<script> [776 bytes]","args":[{"enterText":"Binyklqxl","selector":{"id":"createOrganizationPop--descriptionId","searchOpenDialogs":true,"interaction":{"idSuffix":"inner"}},"clearTextFirst":true,"interactionType":"ENTER_TEXT"}]}
COMMAND: POST /session/c3abc88c4085a1d56746dc5a5008fa37/execute/async - {"script":"<script> [1562 bytes]","args":[{"selector":{"controlType":"sap.m.CheckBox","viewName":"etm.portal.ui.binstatusreport.view.MasterWareBins","viewId":"application-binstatusreport-display-component---warehousing","bindingPath":{"path":"","propertyPath":"/ZONE","modelName":"newBin"},"searchOpenDialogs":true,"interaction":{"idSuffix":"CbBg"}},"wdio_ui5_key":"etmportal.ui.binstatusreport.view.MasterWareBinssap.m.CheckBox{\"path\":\"\",\"propertyPath\":\"/ZONE\",\"modelName\":\"newBin\"}"}]}
RESULT: {"script":"<script> [1562 bytes]","args":[{"selector":{"controlType":"sap.m.CheckBox","viewName":"etm.portal.ui.binstatusreport.view.MasterWareBins","viewId":"application-binstatusreport-display-component---warehousing","bindingPath":{"path":"","propertyPath":"/ZONE","modelName":"newBin"},"searchOpenDialogs":true,"interaction":{"idSuffix":"CbBg"}},"wdio_ui5_key":"etmportal.ui.binstatusreport.view.MasterWareBinssap.m.CheckBox{\"path\":\"\",\"propertyPath\":\"/ZONE\",\"modelName\":\"newBin\"}"}]}
RESULT: undefined
COMMAND: POST /session/c3abc88c4085a1d56746dc5a5008fa37/element - {"using":"xpath","value":"//*[@id=\"__box12\"]"}
RESULT: {"using":"xpath","value":"//*[@id=\"__box12\"]"}
COMMAND: POST /session/c3abc88c4085a1d56746dc5a5008fa37/element/f.AF2E6E2CD8BF2B753D9461224F8C2D7E.d.E5D653F68C2609B6F06CABD01C6C8801.e.8365/click - {}
RESULT: {}
COMMAND: POST /session/c3abc88c4085a1d56746dc5a5008fa37/execute/async - {"script":"<script> [1562 bytes]","args":[{"selector":{"id":"createOrganizationPop--binTypesCB-arrow","searchOpenDialogs":true},"wdio_ui5_key":"createOrganizationPopbinTypesCB-arrow"}]}
COMMAND: GET /session/c3abc88c4085a1d56746dc5a5008fa37/screenshot - {}
RESULT: {"script":"<script> [1562 bytes]","args":[{"selector":{"id":"createOrganizationPop--binTypesCB-arrow","searchOpenDialogs":true},"wdio_ui5_key":"createOrganizationPopbinTypesCB-arrow"}]}
RESULT: undefined
COMMAND: POST /session/c3abc88c4085a1d56746dc5a5008fa37/element - {"using":"xpath","value":"//*[@id=\"createOrganizationPop--binTypesCB-arrow\"]"}
RESULT: {}
RESULT: {"using":"xpath","value":"//*[@id=\"createOrganizationPop--binTypesCB-arrow\"]"}
COMMAND: POST /session/c3abc88c4085a1d56746dc5a5008fa37/element/f.AF2E6E2CD8BF2B753D9461224F8C2D7E.d.E5D653F68C2609B6F06CABD01C6C8801.e.8366/click - {}
RESULT: {}
COMMAND: POST /session/c3abc88c4085a1d56746dc5a5008fa37/execute/async - {"script":"<script> [1562 bytes]","args":[{"selector":{"controlType":"sap.m.StandardListItem","viewName":"etm.portal.ui.binstatusreport.view.MasterWareBins","viewId":"application-binstatusreport-display-component---warehousing","properties":{"title":"1 - General / No capacity check"},"searchOpenDialogs":true,"interaction":{"idSuffix":"content"}},"wdio_ui5_key":"etmportal.ui.binstatusreport.view.MasterWareBinssap.m.StandardListItem{\"title\":\"1 - General / No capacity check\"}"}]}
COMMAND: GET /session/c3abc88c4085a1d56746dc5a5008fa37/screenshot - {}
RESULT: {"script":"<script> [1562 bytes]","args":[{"selector":{"controlType":"sap.m.StandardListItem","viewName":"etm.portal.ui.binstatusreport.view.MasterWareBins","viewId":"application-binstatusreport-display-component---warehousing","properties":{"title":"1 - General / No capacity check"},"searchOpenDialogs":true,"interaction":{"idSuffix":"content"}},"wdio_ui5_key":"etmportal.ui.binstatusreport.view.MasterWareBinssap.m.StandardListItem{\"title\":\"1 - General / No capacity check\"}"}]}
RESULT: undefined
COMMAND: POST /session/c3abc88c4085a1d56746dc5a5008fa37/element - {"using":"xpath","value":"//*[@id=\"__item73\"]"}
RESULT: {}
RESULT: {"using":"xpath","value":"//*[@id=\"__item73\"]"}
COMMAND: POST /session/c3abc88c4085a1d56746dc5a5008fa37/element/f.AF2E6E2CD8BF2B753D9461224F8C2D7E.d.E5D653F68C2609B6F06CABD01C6C8801.e.8368/click - {}
RESULT: {}
COMMAND: POST /session/c3abc88c4085a1d56746dc5a5008fa37/execute/async - {"script":"<script> [1562 bytes]","args":[{"selector":{"id":"createOrganizationPop--finishBtn","searchOpenDialogs":true,"interaction":{"idSuffix":"BDI-content"}},"wdio_ui5_key":"createOrganizationPopfinishBtn"}]}
COMMAND: GET /session/c3abc88c4085a1d56746dc5a5008fa37/screenshot - {}
RESULT: {"script":"<script> [1562 bytes]","args":[{"selector":{"id":"createOrganizationPop--finishBtn","searchOpenDialogs":true,"interaction":{"idSuffix":"BDI-content"}},"wdio_ui5_key":"createOrganizationPopfinishBtn"}]}
RESULT: undefined
COMMAND: POST /session/c3abc88c4085a1d56746dc5a5008fa37/element - {"using":"xpath","value":"//*[@id=\"createOrganizationPop--finishBtn\"]"}
RESULT: {}
RESULT: {"using":"xpath","value":"//*[@id=\"createOrganizationPop--finishBtn\"]"}
COMMAND: POST /session/c3abc88c4085a1d56746dc5a5008fa37/element/f.AF2E6E2CD8BF2B753D9461224F8C2D7E.d.E5D653F68C2609B6F06CABD01C6C8801.e.8370/click - {}
RESULT: {}
COMMAND: GET /session/c3abc88c4085a1d56746dc5a5008fa37/screenshot - {}
RESULT: {}
COMMAND: POST /session/c3abc88c4085a1d56746dc5a5008fa37/element - {"using":"css selector","value":"#shell-header-logo"}
RESULT: {"using":"css selector","value":"#shell-header-logo"}
COMMAND: POST /session/c3abc88c4085a1d56746dc5a5008fa37/element/f.AF2E6E2CD8BF2B753D9461224F8C2D7E.d.E5D653F68C2609B6F06CABD01C6C8801.e.8259/click - {}
RESULT: {}
COMMAND: GET /session/c3abc88c4085a1d56746dc5a5008fa37/screenshot - {}
RESULT: {}
]]></system-out>
    </testcase>
    <testcase classname="chrome.136_0_7103_49.windows.Warehouse_movements_inventory_test" name="Should Create new material for WHM yard" time="148.485">
      <system-out><![CDATA[
COMMAND: POST /session/c3abc88c4085a1d56746dc5a5008fa37/execute/async - {"script":"<script> [1562 bytes]","args":[{"selector":{"controlType":"sap.m.GenericTile","properties":{"header":"Manage Resources"}},"wdio_ui5_key":"sapm.GenericTile{\"header\":\"Manage Resources\"}"}]}
RESULT: {"script":"<script> [1562 bytes]","args":[{"selector":{"controlType":"sap.m.GenericTile","properties":{"header":"Manage Resources"}},"wdio_ui5_key":"sapm.GenericTile{\"header\":\"Manage Resources\"}"}]}
RESULT: undefined
COMMAND: POST /session/c3abc88c4085a1d56746dc5a5008fa37/element - {"using":"xpath","value":"//*[@id=\"__tile39\"]"}
RESULT: {"using":"xpath","value":"//*[@id=\"__tile39\"]"}
COMMAND: POST /session/c3abc88c4085a1d56746dc5a5008fa37/element/f.AF2E6E2CD8BF2B753D9461224F8C2D7E.d.E5D653F68C2609B6F06CABD01C6C8801.e.8376/click - {}
RESULT: {}
COMMAND: GET /session/c3abc88c4085a1d56746dc5a5008fa37/screenshot - {}
RESULT: {}
COMMAND: POST /session/c3abc88c4085a1d56746dc5a5008fa37/elements - {"using":"xpath","value":"//span[text()='Error']"}
RESULT: {"using":"xpath","value":"//span[text()='Error']"}
COMMAND: POST /session/c3abc88c4085a1d56746dc5a5008fa37/element - {"using":"xpath","value":"//button[@data-kt=\"addNewRUOverflowToolbarButton\"]"}
RESULT: {"using":"xpath","value":"//button[@data-kt=\"addNewRUOverflowToolbarButton\"]"}
COMMAND: POST /session/c3abc88c4085a1d56746dc5a5008fa37/execute/sync - {"script":"<script> [8489 bytes]","args":[{"element-6066-11e4-a52e-4f735466cecf":"f.AF2E6E2CD8BF2B753D9461224F8C2D7E.d.E5D653F68C2609B6F06CABD01C6C8801.e.8418","ELEMENT":"f.AF2E6E2CD8BF2B753D9461224F8C2D7E.d.E5D653F68C2609B6F06CABD01C6C8801.e.8418"}]}
RESULT: {"script":"<script> [8489 bytes]","args":[{"element-6066-11e4-a52e-4f735466cecf":"f.AF2E6E2CD8BF2B753D9461224F8C2D7E.d.E5D653F68C2609B6F06CABD01C6C8801.e.8418","ELEMENT":"f.AF2E6E2CD8BF2B753D9461224F8C2D7E.d.E5D653F68C2609B6F06CABD01C6C8801.e.8418"}]}
COMMAND: POST /session/c3abc88c4085a1d56746dc5a5008fa37/element/f.AF2E6E2CD8BF2B753D9461224F8C2D7E.d.E5D653F68C2609B6F06CABD01C6C8801.e.8418/click - {}
COMMAND: GET /session/c3abc88c4085a1d56746dc5a5008fa37/screenshot - {}
RESULT: {}
COMMAND: POST /session/c3abc88c4085a1d56746dc5a5008fa37/execute/async - {"script":"<script> [1562 bytes]","args":[{"selector":{"id":"application-manageresources-display-component---newResourceUnit--TYPE-arrow"},"wdio_ui5_key":"applicationmanageresources-display-component---newResourceUnit--TYPE-arrow"}]}
COMMAND: GET /session/c3abc88c4085a1d56746dc5a5008fa37/screenshot - {}
RESULT: {}
RESULT: {"script":"<script> [1562 bytes]","args":[{"selector":{"id":"application-manageresources-display-component---newResourceUnit--TYPE-arrow"},"wdio_ui5_key":"applicationmanageresources-display-component---newResourceUnit--TYPE-arrow"}]}
RESULT: undefined
COMMAND: POST /session/c3abc88c4085a1d56746dc5a5008fa37/element - {"using":"xpath","value":"//*[@id=\"application-manageresources-display-component---newResourceUnit--TYPE-arrow\"]"}
RESULT: {}
RESULT: {"using":"xpath","value":"//*[@id=\"application-manageresources-display-component---newResourceUnit--TYPE-arrow\"]"}
COMMAND: POST /session/c3abc88c4085a1d56746dc5a5008fa37/element/f.AF2E6E2CD8BF2B753D9461224F8C2D7E.d.E5D653F68C2609B6F06CABD01C6C8801.e.8734/click - {}
RESULT: {}
COMMAND: POST /session/c3abc88c4085a1d56746dc5a5008fa37/execute/async - {"script":"<script> [1562 bytes]","args":[{"selector":{"controlType":"sap.m.StandardListItem","viewName":"reusables.view.manageresources.NewResourceUnit","viewId":"application-manageresources-display-component---newResourceUnit","properties":{"title":"Material"},"searchOpenDialogs":true,"interaction":{"idSuffix":"titleText"}},"wdio_ui5_key":"reusablesview.manageresources.NewResourceUnitsap.m.StandardListItem{\"title\":\"Material\"}"}]}
COMMAND: GET /session/c3abc88c4085a1d56746dc5a5008fa37/screenshot - {}
RESULT: {"script":"<script> [1562 bytes]","args":[{"selector":{"controlType":"sap.m.StandardListItem","viewName":"reusables.view.manageresources.NewResourceUnit","viewId":"application-manageresources-display-component---newResourceUnit","properties":{"title":"Material"},"searchOpenDialogs":true,"interaction":{"idSuffix":"titleText"}},"wdio_ui5_key":"reusablesview.manageresources.NewResourceUnitsap.m.StandardListItem{\"title\":\"Material\"}"}]}
RESULT: undefined
COMMAND: POST /session/c3abc88c4085a1d56746dc5a5008fa37/element - {"using":"xpath","value":"//*[@id=\"__item202\"]"}
RESULT: {}
RESULT: {"using":"xpath","value":"//*[@id=\"__item202\"]"}
COMMAND: POST /session/c3abc88c4085a1d56746dc5a5008fa37/element/f.AF2E6E2CD8BF2B753D9461224F8C2D7E.d.E5D653F68C2609B6F06CABD01C6C8801.e.8737/click - {}
RESULT: {}
COMMAND: POST /session/c3abc88c4085a1d56746dc5a5008fa37/execute/async - {"script":"<script> [1562 bytes]","args":[{"selector":{"id":"application-manageresources-display-component---newResourceUnit--SHORT_TEXT","interaction":{"idSuffix":"inner"}},"wdio_ui5_key":"applicationmanageresources-display-component---newResourceUnit--SHORT_TEXT"}]}
COMMAND: GET /session/c3abc88c4085a1d56746dc5a5008fa37/screenshot - {}
RESULT: {"script":"<script> [1562 bytes]","args":[{"selector":{"id":"application-manageresources-display-component---newResourceUnit--SHORT_TEXT","interaction":{"idSuffix":"inner"}},"wdio_ui5_key":"applicationmanageresources-display-component---newResourceUnit--SHORT_TEXT"}]}
RESULT: undefined
COMMAND: POST /session/c3abc88c4085a1d56746dc5a5008fa37/execute/async - {"script":"<script> [776 bytes]","args":[{"enterText":"WebdriverRUR2C64ew3","selector":{"id":"application-manageresources-display-component---newResourceUnit--SHORT_TEXT","interaction":{"idSuffix":"inner"}},"clearTextFirst":true,"interactionType":"ENTER_TEXT"}]}
RESULT: {}
RESULT: {"script":"<script> [776 bytes]","args":[{"enterText":"WebdriverRUR2C64ew3","selector":{"id":"application-manageresources-display-component---newResourceUnit--SHORT_TEXT","interaction":{"idSuffix":"inner"}},"clearTextFirst":true,"interactionType":"ENTER_TEXT"}]}
COMMAND: POST /session/c3abc88c4085a1d56746dc5a5008fa37/execute/async - {"script":"<script> [1562 bytes]","args":[{"selector":{"id":"application-manageresources-display-component---newResourceUnit--BASE_UNIT_OF_MEASURE-arrow"},"wdio_ui5_key":"applicationmanageresources-display-component---newResourceUnit--BASE_UNIT_OF_MEASURE-arrow"}]}
RESULT: {"script":"<script> [1562 bytes]","args":[{"selector":{"id":"application-manageresources-display-component---newResourceUnit--BASE_UNIT_OF_MEASURE-arrow"},"wdio_ui5_key":"applicationmanageresources-display-component---newResourceUnit--BASE_UNIT_OF_MEASURE-arrow"}]}
RESULT: undefined
COMMAND: POST /session/c3abc88c4085a1d56746dc5a5008fa37/element - {"using":"xpath","value":"//*[@id=\"application-manageresources-display-component---newResourceUnit--BASE_UNIT_OF_MEASURE-arrow\"]"}
RESULT: {"using":"xpath","value":"//*[@id=\"application-manageresources-display-component---newResourceUnit--BASE_UNIT_OF_MEASURE-arrow\"]"}
COMMAND: POST /session/c3abc88c4085a1d56746dc5a5008fa37/element/f.AF2E6E2CD8BF2B753D9461224F8C2D7E.d.E5D653F68C2609B6F06CABD01C6C8801.e.8791/click - {}
RESULT: {}
COMMAND: POST /session/c3abc88c4085a1d56746dc5a5008fa37/execute/async - {"script":"<script> [1562 bytes]","args":[{"selector":{"controlType":"sap.m.StandardListItem","viewName":"reusables.view.manageresources.NewResourceUnit","viewId":"application-manageresources-display-component---newResourceUnit","properties":{"title":"Piece"},"searchOpenDialogs":true,"interaction":{"idSuffix":"titleText"}},"wdio_ui5_key":"reusablesview.manageresources.NewResourceUnitsap.m.StandardListItem{\"title\":\"Piece\"}"}]}
COMMAND: GET /session/c3abc88c4085a1d56746dc5a5008fa37/screenshot - {}
RESULT: {"script":"<script> [1562 bytes]","args":[{"selector":{"controlType":"sap.m.StandardListItem","viewName":"reusables.view.manageresources.NewResourceUnit","viewId":"application-manageresources-display-component---newResourceUnit","properties":{"title":"Piece"},"searchOpenDialogs":true,"interaction":{"idSuffix":"titleText"}},"wdio_ui5_key":"reusablesview.manageresources.NewResourceUnitsap.m.StandardListItem{\"title\":\"Piece\"}"}]}
RESULT: undefined
COMMAND: POST /session/c3abc88c4085a1d56746dc5a5008fa37/element - {"using":"xpath","value":"//*[@id=\"__item244\"]"}
RESULT: {}
RESULT: {"using":"xpath","value":"//*[@id=\"__item244\"]"}
COMMAND: POST /session/c3abc88c4085a1d56746dc5a5008fa37/element/f.AF2E6E2CD8BF2B753D9461224F8C2D7E.d.E5D653F68C2609B6F06CABD01C6C8801.e.8793/click - {}
RESULT: {}
COMMAND: POST /session/c3abc88c4085a1d56746dc5a5008fa37/element - {"using":"xpath","value":"//input[contains(@id ,\"application-manageresources-display-component---newResourceUnit--SHORT_TEXT-inner\")]"}
COMMAND: GET /session/c3abc88c4085a1d56746dc5a5008fa37/screenshot - {}
RESULT: {"using":"xpath","value":"//input[contains(@id ,\"application-manageresources-display-component---newResourceUnit--SHORT_TEXT-inner\")]"}
COMMAND: GET /session/c3abc88c4085a1d56746dc5a5008fa37/element/f.AF2E6E2CD8BF2B753D9461224F8C2D7E.d.E5D653F68C2609B6F06CABD01C6C8801.e.8754/property/value - {}
RESULT: {}
RESULT: {}
COMMAND: POST /session/c3abc88c4085a1d56746dc5a5008fa37/execute/async - {"script":"<script> [1562 bytes]","args":[{"selector":{"id":"application-manageresources-display-component---newResourceUnit--WEIGHT_UNIT-arrow"},"wdio_ui5_key":"applicationmanageresources-display-component---newResourceUnit--WEIGHT_UNIT-arrow"}]}
COMMAND: GET /session/c3abc88c4085a1d56746dc5a5008fa37/screenshot - {}
RESULT: {"script":"<script> [1562 bytes]","args":[{"selector":{"id":"application-manageresources-display-component---newResourceUnit--WEIGHT_UNIT-arrow"},"wdio_ui5_key":"applicationmanageresources-display-component---newResourceUnit--WEIGHT_UNIT-arrow"}]}
RESULT: undefined
COMMAND: POST /session/c3abc88c4085a1d56746dc5a5008fa37/element - {"using":"xpath","value":"//*[@id=\"application-manageresources-display-component---newResourceUnit--WEIGHT_UNIT-arrow\"]"}
RESULT: {}
RESULT: {"using":"xpath","value":"//*[@id=\"application-manageresources-display-component---newResourceUnit--WEIGHT_UNIT-arrow\"]"}
COMMAND: POST /session/c3abc88c4085a1d56746dc5a5008fa37/element/f.AF2E6E2CD8BF2B753D9461224F8C2D7E.d.E5D653F68C2609B6F06CABD01C6C8801.e.8794/click - {}
RESULT: {}
COMMAND: POST /session/c3abc88c4085a1d56746dc5a5008fa37/execute/async - {"script":"<script> [1562 bytes]","args":[{"selector":{"controlType":"sap.m.StandardListItem","viewName":"reusables.view.manageresources.NewResourceUnit","viewId":"application-manageresources-display-component---newResourceUnit","properties":{"title":"Gram"},"searchOpenDialogs":true,"interaction":{"idSuffix":"content"}},"wdio_ui5_key":"reusablesview.manageresources.NewResourceUnitsap.m.StandardListItem{\"title\":\"Gram\"}"}]}
COMMAND: GET /session/c3abc88c4085a1d56746dc5a5008fa37/screenshot - {}
RESULT: {"script":"<script> [1562 bytes]","args":[{"selector":{"controlType":"sap.m.StandardListItem","viewName":"reusables.view.manageresources.NewResourceUnit","viewId":"application-manageresources-display-component---newResourceUnit","properties":{"title":"Gram"},"searchOpenDialogs":true,"interaction":{"idSuffix":"content"}},"wdio_ui5_key":"reusablesview.manageresources.NewResourceUnitsap.m.StandardListItem{\"title\":\"Gram\"}"}]}
RESULT: undefined
COMMAND: POST /session/c3abc88c4085a1d56746dc5a5008fa37/element - {"using":"xpath","value":"//*[@id=\"__item309\"]"}
RESULT: {}
RESULT: {"using":"xpath","value":"//*[@id=\"__item309\"]"}
COMMAND: POST /session/c3abc88c4085a1d56746dc5a5008fa37/element/f.AF2E6E2CD8BF2B753D9461224F8C2D7E.d.E5D653F68C2609B6F06CABD01C6C8801.e.8796/click - {}
RESULT: {}
COMMAND: POST /session/c3abc88c4085a1d56746dc5a5008fa37/execute/async - {"script":"<script> [1562 bytes]","args":[{"selector":{"id":"application-manageresources-display-component---newResourceUnit--newRRUPage-OPHeaderContent-collapseBtn-img"},"wdio_ui5_key":"applicationmanageresources-display-component---newResourceUnit--newRRUPage-OPHeaderContent-collapseBtn-img"}]}
COMMAND: GET /session/c3abc88c4085a1d56746dc5a5008fa37/screenshot - {}
RESULT: {"script":"<script> [1562 bytes]","args":[{"selector":{"id":"application-manageresources-display-component---newResourceUnit--newRRUPage-OPHeaderContent-collapseBtn-img"},"wdio_ui5_key":"applicationmanageresources-display-component---newResourceUnit--newRRUPage-OPHeaderContent-collapseBtn-img"}]}
RESULT: undefined
COMMAND: POST /session/c3abc88c4085a1d56746dc5a5008fa37/element - {"using":"xpath","value":"//*[@id=\"application-manageresources-display-component---newResourceUnit--newRRUPage-OPHeaderContent-collapseBtn-img\"]"}
RESULT: {}
RESULT: {"using":"xpath","value":"//*[@id=\"application-manageresources-display-component---newResourceUnit--newRRUPage-OPHeaderContent-collapseBtn-img\"]"}
COMMAND: POST /session/c3abc88c4085a1d56746dc5a5008fa37/element/f.AF2E6E2CD8BF2B753D9461224F8C2D7E.d.E5D653F68C2609B6F06CABD01C6C8801.e.8744/click - {}
RESULT: {}
COMMAND: GET /session/c3abc88c4085a1d56746dc5a5008fa37/screenshot - {}
RESULT: {}
COMMAND: POST /session/c3abc88c4085a1d56746dc5a5008fa37/element - {"using":"xpath","value":"(//span[contains(@id ,\"application-manageresources-display-component---newResourceUnit--DIMENSION_UNIT-arrow\")])[1]"}
RESULT: {"using":"xpath","value":"(//span[contains(@id ,\"application-manageresources-display-component---newResourceUnit--DIMENSION_UNIT-arrow\")])[1]"}
COMMAND: POST /session/c3abc88c4085a1d56746dc5a5008fa37/element/f.AF2E6E2CD8BF2B753D9461224F8C2D7E.d.E5D653F68C2609B6F06CABD01C6C8801.e.8802/click - {}
RESULT: {}
COMMAND: GET /session/c3abc88c4085a1d56746dc5a5008fa37/screenshot - {}
RESULT: {}
COMMAND: POST /session/c3abc88c4085a1d56746dc5a5008fa37/execute/async - {"script":"<script> [1562 bytes]","args":[{"selector":{"controlType":"sap.m.StandardListItem","viewName":"reusables.view.manageresources.NewResourceUnit","viewId":"application-manageresources-display-component---newResourceUnit","properties":{"title":"Centimeter"},"searchOpenDialogs":true,"interaction":{"idSuffix":"titleText"}},"wdio_ui5_key":"reusablesview.manageresources.NewResourceUnitsap.m.StandardListItem{\"title\":\"Centimeter\"}"}]}
RESULT: {"script":"<script> [1562 bytes]","args":[{"selector":{"controlType":"sap.m.StandardListItem","viewName":"reusables.view.manageresources.NewResourceUnit","viewId":"application-manageresources-display-component---newResourceUnit","properties":{"title":"Centimeter"},"searchOpenDialogs":true,"interaction":{"idSuffix":"titleText"}},"wdio_ui5_key":"reusablesview.manageresources.NewResourceUnitsap.m.StandardListItem{\"title\":\"Centimeter\"}"}]}
RESULT: undefined
COMMAND: POST /session/c3abc88c4085a1d56746dc5a5008fa37/element - {"using":"xpath","value":"//*[@id=\"__item312\"]"}
RESULT: {"using":"xpath","value":"//*[@id=\"__item312\"]"}
COMMAND: POST /session/c3abc88c4085a1d56746dc5a5008fa37/element/f.AF2E6E2CD8BF2B753D9461224F8C2D7E.d.E5D653F68C2609B6F06CABD01C6C8801.e.8804/click - {}
RESULT: {}
COMMAND: POST /session/c3abc88c4085a1d56746dc5a5008fa37/execute/async - {"script":"<script> [1562 bytes]","args":[{"selector":{"id":"application-manageresources-display-component---newResourceUnit--newRRUPage-anchBar-application-manageresources-display-component---newResourceUnit--reference-anchor","interaction":{"idSuffix":"BDI-content"}},"wdio_ui5_key":"applicationmanageresources-display-component---newResourceUnit--newRRUPage-anchBar-application-manageresources-display-component---newResourceUnit--reference-anchor"}]}
COMMAND: GET /session/c3abc88c4085a1d56746dc5a5008fa37/screenshot - {}
RESULT: {"script":"<script> [1562 bytes]","args":[{"selector":{"id":"application-manageresources-display-component---newResourceUnit--newRRUPage-anchBar-application-manageresources-display-component---newResourceUnit--reference-anchor","interaction":{"idSuffix":"BDI-content"}},"wdio_ui5_key":"applicationmanageresources-display-component---newResourceUnit--newRRUPage-anchBar-application-manageresources-display-component---newResourceUnit--reference-anchor"}]}
RESULT: undefined
COMMAND: POST /session/c3abc88c4085a1d56746dc5a5008fa37/element - {"using":"xpath","value":"//*[@id=\"application-manageresources-display-component---newResourceUnit--newRRUPage-anchBar-application-manageresources-display-component---newResourceUnit--reference-anchor\"]"}
RESULT: {}
RESULT: {"using":"xpath","value":"//*[@id=\"application-manageresources-display-component---newResourceUnit--newRRUPage-anchBar-application-manageresources-display-component---newResourceUnit--reference-anchor\"]"}
COMMAND: POST /session/c3abc88c4085a1d56746dc5a5008fa37/element/f.AF2E6E2CD8BF2B753D9461224F8C2D7E.d.E5D653F68C2609B6F06CABD01C6C8801.e.8806/click - {}
RESULT: {}
COMMAND: POST /session/c3abc88c4085a1d56746dc5a5008fa37/execute/async - {"script":"<script> [1562 bytes]","args":[{"selector":{"id":"application-manageresources-display-component---newResourceUnit--PLANNING_GROUP-arrow"},"wdio_ui5_key":"applicationmanageresources-display-component---newResourceUnit--PLANNING_GROUP-arrow"}]}
COMMAND: GET /session/c3abc88c4085a1d56746dc5a5008fa37/screenshot - {}
RESULT: {"script":"<script> [1562 bytes]","args":[{"selector":{"id":"application-manageresources-display-component---newResourceUnit--PLANNING_GROUP-arrow"},"wdio_ui5_key":"applicationmanageresources-display-component---newResourceUnit--PLANNING_GROUP-arrow"}]}
RESULT: undefined
COMMAND: POST /session/c3abc88c4085a1d56746dc5a5008fa37/element - {"using":"xpath","value":"//*[@id=\"application-manageresources-display-component---newResourceUnit--PLANNING_GROUP-arrow\"]"}
RESULT: {}
RESULT: {"using":"xpath","value":"//*[@id=\"application-manageresources-display-component---newResourceUnit--PLANNING_GROUP-arrow\"]"}
COMMAND: POST /session/c3abc88c4085a1d56746dc5a5008fa37/element/f.AF2E6E2CD8BF2B753D9461224F8C2D7E.d.E5D653F68C2609B6F06CABD01C6C8801.e.8809/click - {}
RESULT: {}
COMMAND: POST /session/c3abc88c4085a1d56746dc5a5008fa37/execute/async - {"script":"<script> [1562 bytes]","args":[{"selector":{"controlType":"sap.m.StandardListItem","viewName":"reusables.view.manageresources.NewResourceUnit","viewId":"application-manageresources-display-component---newResourceUnit","properties":{"title":"Heavy Equi"},"searchOpenDialogs":true,"interaction":{"idSuffix":"content"}},"wdio_ui5_key":"reusablesview.manageresources.NewResourceUnitsap.m.StandardListItem{\"title\":\"Heavy Equi\"}"}]}
COMMAND: GET /session/c3abc88c4085a1d56746dc5a5008fa37/screenshot - {}
RESULT: {"script":"<script> [1562 bytes]","args":[{"selector":{"controlType":"sap.m.StandardListItem","viewName":"reusables.view.manageresources.NewResourceUnit","viewId":"application-manageresources-display-component---newResourceUnit","properties":{"title":"Heavy Equi"},"searchOpenDialogs":true,"interaction":{"idSuffix":"content"}},"wdio_ui5_key":"reusablesview.manageresources.NewResourceUnitsap.m.StandardListItem{\"title\":\"Heavy Equi\"}"}]}
RESULT: undefined
COMMAND: POST /session/c3abc88c4085a1d56746dc5a5008fa37/element - {"using":"xpath","value":"//*[@id=\"__item320\"]"}
RESULT: {}
RESULT: {"using":"xpath","value":"//*[@id=\"__item320\"]"}
COMMAND: POST /session/c3abc88c4085a1d56746dc5a5008fa37/element/f.AF2E6E2CD8BF2B753D9461224F8C2D7E.d.E5D653F68C2609B6F06CABD01C6C8801.e.8813/click - {}
RESULT: {}
COMMAND: GET /session/c3abc88c4085a1d56746dc5a5008fa37/screenshot - {}
RESULT: {}
COMMAND: POST /session/c3abc88c4085a1d56746dc5a5008fa37/execute/async - {"script":"<script> [1562 bytes]","args":[{"selector":{"id":"application-manageresources-display-component---newResourceUnit--PLANNING_INDICATOR-arrow"},"wdio_ui5_key":"applicationmanageresources-display-component---newResourceUnit--PLANNING_INDICATOR-arrow"}]}
RESULT: {"script":"<script> [1562 bytes]","args":[{"selector":{"id":"application-manageresources-display-component---newResourceUnit--PLANNING_INDICATOR-arrow"},"wdio_ui5_key":"applicationmanageresources-display-component---newResourceUnit--PLANNING_INDICATOR-arrow"}]}
RESULT: undefined
COMMAND: POST /session/c3abc88c4085a1d56746dc5a5008fa37/element - {"using":"xpath","value":"//*[@id=\"application-manageresources-display-component---newResourceUnit--PLANNING_INDICATOR-arrow\"]"}
RESULT: {"using":"xpath","value":"//*[@id=\"application-manageresources-display-component---newResourceUnit--PLANNING_INDICATOR-arrow\"]"}
COMMAND: POST /session/c3abc88c4085a1d56746dc5a5008fa37/element/f.AF2E6E2CD8BF2B753D9461224F8C2D7E.d.E5D653F68C2609B6F06CABD01C6C8801.e.8814/click - {}
RESULT: {}
COMMAND: POST /session/c3abc88c4085a1d56746dc5a5008fa37/execute/async - {"script":"<script> [1562 bytes]","args":[{"selector":{"controlType":"sap.m.StandardListItem","viewName":"reusables.view.manageresources.NewResourceUnit","viewId":"application-manageresources-display-component---newResourceUnit","properties":{"title":"10 - infinite"},"searchOpenDialogs":true,"interaction":{"idSuffix":"content"}},"wdio_ui5_key":"reusablesview.manageresources.NewResourceUnitsap.m.StandardListItem{\"title\":\"10 - infinite\"}"}]}
COMMAND: GET /session/c3abc88c4085a1d56746dc5a5008fa37/screenshot - {}
RESULT: {"script":"<script> [1562 bytes]","args":[{"selector":{"controlType":"sap.m.StandardListItem","viewName":"reusables.view.manageresources.NewResourceUnit","viewId":"application-manageresources-display-component---newResourceUnit","properties":{"title":"10 - infinite"},"searchOpenDialogs":true,"interaction":{"idSuffix":"content"}},"wdio_ui5_key":"reusablesview.manageresources.NewResourceUnitsap.m.StandardListItem{\"title\":\"10 - infinite\"}"}]}
RESULT: undefined
COMMAND: POST /session/c3abc88c4085a1d56746dc5a5008fa37/element - {"using":"xpath","value":"//*[@id=\"__item330\"]"}
RESULT: {}
RESULT: {"using":"xpath","value":"//*[@id=\"__item330\"]"}
COMMAND: POST /session/c3abc88c4085a1d56746dc5a5008fa37/element/f.AF2E6E2CD8BF2B753D9461224F8C2D7E.d.E5D653F68C2609B6F06CABD01C6C8801.e.8816/click - {}
RESULT: {}
COMMAND: GET /session/c3abc88c4085a1d56746dc5a5008fa37/screenshot - {}
RESULT: {}
COMMAND: POST /session/c3abc88c4085a1d56746dc5a5008fa37/element - {"using":"xpath","value":"//bdi[contains(text(), \"Time Segment\")]"}
RESULT: {"using":"xpath","value":"//bdi[contains(text(), \"Time Segment\")]"}
COMMAND: GET /session/c3abc88c4085a1d56746dc5a5008fa37/element/f.AF2E6E2CD8BF2B753D9461224F8C2D7E.d.E5D653F68C2609B6F06CABD01C6C8801.e.8817/rect - {}
RESULT: {}
COMMAND: GET /session/c3abc88c4085a1d56746dc5a5008fa37/window/rect - {}
RESULT: {}
COMMAND: POST /session/c3abc88c4085a1d56746dc5a5008fa37/execute/sync - {"script":"<script> [92 bytes]","args":[]}
RESULT: {"script":"<script> [92 bytes]","args":[]}
COMMAND: POST /session/c3abc88c4085a1d56746dc5a5008fa37/actions - {"actions":[{"id":"action31","type":"wheel","parameters":{},"actions":[{"type":"scroll","x":-1820,"y":-21,"deltaX":0,"deltaY":0,"duration":0,"origin":{"element-6066-11e4-a52e-4f735466cecf":"f.AF2E6E2CD8BF2B753D9461224F8C2D7E.d.E5D653F68C2609B6F06CABD01C6C8801.e.8817"}}]}]}
COMMAND: GET /session/c3abc88c4085a1d56746dc5a5008fa37/screenshot - {}
RESULT: {}
COMMAND: POST /session/c3abc88c4085a1d56746dc5a5008fa37/execute/sync - {"script":"<script> [79 bytes]","args":[{"element-6066-11e4-a52e-4f735466cecf":"f.AF2E6E2CD8BF2B753D9461224F8C2D7E.d.E5D653F68C2609B6F06CABD01C6C8801.e.8817","ELEMENT":"f.AF2E6E2CD8BF2B753D9461224F8C2D7E.d.E5D653F68C2609B6F06CABD01C6C8801.e.8817"},{"block":"start","inline":"nearest"}]}
RESULT: {"script":"<script> [79 bytes]","args":[{"element-6066-11e4-a52e-4f735466cecf":"f.AF2E6E2CD8BF2B753D9461224F8C2D7E.d.E5D653F68C2609B6F06CABD01C6C8801.e.8817","ELEMENT":"f.AF2E6E2CD8BF2B753D9461224F8C2D7E.d.E5D653F68C2609B6F06CABD01C6C8801.e.8817"},{"block":"start","inline":"nearest"}]}
COMMAND: GET /session/c3abc88c4085a1d56746dc5a5008fa37/screenshot - {}
RESULT: {}
COMMAND: POST /session/c3abc88c4085a1d56746dc5a5008fa37/element - {"using":"xpath","value":"//span[@id=\"application-manageresources-display-component---newResourceUnit--btnAddTimeSegment-img\"]"}
RESULT: {"using":"xpath","value":"//span[@id=\"application-manageresources-display-component---newResourceUnit--btnAddTimeSegment-img\"]"}
COMMAND: POST /session/c3abc88c4085a1d56746dc5a5008fa37/execute/sync - {"script":"<script> [8489 bytes]","args":[{"element-6066-11e4-a52e-4f735466cecf":"f.AF2E6E2CD8BF2B753D9461224F8C2D7E.d.E5D653F68C2609B6F06CABD01C6C8801.e.8820","ELEMENT":"f.AF2E6E2CD8BF2B753D9461224F8C2D7E.d.E5D653F68C2609B6F06CABD01C6C8801.e.8820"}]}
RESULT: {"script":"<script> [8489 bytes]","args":[{"element-6066-11e4-a52e-4f735466cecf":"f.AF2E6E2CD8BF2B753D9461224F8C2D7E.d.E5D653F68C2609B6F06CABD01C6C8801.e.8820","ELEMENT":"f.AF2E6E2CD8BF2B753D9461224F8C2D7E.d.E5D653F68C2609B6F06CABD01C6C8801.e.8820"}]}
COMMAND: POST /session/c3abc88c4085a1d56746dc5a5008fa37/element/f.AF2E6E2CD8BF2B753D9461224F8C2D7E.d.E5D653F68C2609B6F06CABD01C6C8801.e.8820/click - {}
COMMAND: GET /session/c3abc88c4085a1d56746dc5a5008fa37/screenshot - {}
RESULT: {}
COMMAND: GET /session/c3abc88c4085a1d56746dc5a5008fa37/screenshot - {}
RESULT: {}
RESULT: {}
COMMAND: POST /session/c3abc88c4085a1d56746dc5a5008fa37/element - {"using":"xpath","value":"//input[@id=\"application-manageresources-display-component---newResourceUnit--idRuTSAdmin-application-manageresources-display-component---newResourceUnit--RUTimeSegment-0-inner\"]"}
RESULT: {"using":"xpath","value":"//input[@id=\"application-manageresources-display-component---newResourceUnit--idRuTSAdmin-application-manageresources-display-component---newResourceUnit--RUTimeSegment-0-inner\"]"}
COMMAND: POST /session/c3abc88c4085a1d56746dc5a5008fa37/element/f.AF2E6E2CD8BF2B753D9461224F8C2D7E.d.E5D653F68C2609B6F06CABD01C6C8801.e.8823/clear - {}
RESULT: {}
COMMAND: POST /session/c3abc88c4085a1d56746dc5a5008fa37/element/f.AF2E6E2CD8BF2B753D9461224F8C2D7E.d.E5D653F68C2609B6F06CABD01C6C8801.e.8823/value - {"text":"WebdriverWHMYard0w874"}
COMMAND: GET /session/c3abc88c4085a1d56746dc5a5008fa37/screenshot - {}
RESULT: {"text":"WebdriverWHMYard0w874"}
COMMAND: GET /session/c3abc88c4085a1d56746dc5a5008fa37/screenshot - {}
RESULT: {}
RESULT: {}
COMMAND: POST /session/c3abc88c4085a1d56746dc5a5008fa37/actions - {"actions":[{"id":"action32","type":"key","parameters":{},"actions":[{"type":"keyDown","value":"î€‡"},{"type":"pause","duration":10},{"type":"keyUp","value":"î€‡"}]}]}
RESULT: {"actions":[{"id":"action32","type":"key","parameters":{},"actions":[{"type":"keyDown","value":"î€‡"},{"type":"pause","duration":10},{"type":"keyUp","value":"î€‡"}]}]}
COMMAND: GET /session/c3abc88c4085a1d56746dc5a5008fa37/screenshot - {}
RESULT: {}
COMMAND: POST /session/c3abc88c4085a1d56746dc5a5008fa37/execute/async - {"script":"<script> [1562 bytes]","args":[{"selector":{"controlType":"sap.m.Button","viewName":"reusables.view.manageresources.NewResourceUnit","viewId":"application-manageresources-display-component---newResourceUnit","i18NText":{"propertyName":"tooltip","key":"save"},"interaction":{"idSuffix":"BDI-content"}},"wdio_ui5_key":"reusablesview.manageresources.NewResourceUnitsap.m.Button{\"propertyName\":\"tooltip\",\"key\":\"save\"}"}]}
RESULT: {"script":"<script> [1562 bytes]","args":[{"selector":{"controlType":"sap.m.Button","viewName":"reusables.view.manageresources.NewResourceUnit","viewId":"application-manageresources-display-component---newResourceUnit","i18NText":{"propertyName":"tooltip","key":"save"},"interaction":{"idSuffix":"BDI-content"}},"wdio_ui5_key":"reusablesview.manageresources.NewResourceUnitsap.m.Button{\"propertyName\":\"tooltip\",\"key\":\"save\"}"}]}
RESULT: undefined
COMMAND: POST /session/c3abc88c4085a1d56746dc5a5008fa37/element - {"using":"xpath","value":"//*[@id=\"application-manageresources-display-component---newResourceUnit--createRuButton\"]"}
RESULT: {"using":"xpath","value":"//*[@id=\"application-manageresources-display-component---newResourceUnit--createRuButton\"]"}
COMMAND: POST /session/c3abc88c4085a1d56746dc5a5008fa37/element/f.AF2E6E2CD8BF2B753D9461224F8C2D7E.d.E5D653F68C2609B6F06CABD01C6C8801.e.8750/click - {}
RESULT: {}
COMMAND: GET /session/c3abc88c4085a1d56746dc5a5008fa37/screenshot - {}
RESULT: {}
COMMAND: POST /session/c3abc88c4085a1d56746dc5a5008fa37/execute/async - {"script":"<script> [1562 bytes]","args":[{"selector":{"controlType":"sap.m.Title","properties":{"text":"Success"},"searchOpenDialogs":true},"wdio_ui5_key":"sapm.Title{\"text\":\"Success\"}"}]}
RESULT: {"script":"<script> [1562 bytes]","args":[{"selector":{"controlType":"sap.m.Title","properties":{"text":"Success"},"searchOpenDialogs":true},"wdio_ui5_key":"sapm.Title{\"text\":\"Success\"}"}]}
RESULT: undefined
COMMAND: POST /session/c3abc88c4085a1d56746dc5a5008fa37/execute/async - {"script":"<script> [6424 bytes]","args":[{"element-6066-11e4-a52e-4f735466cecf":"f.AF2E6E2CD8BF2B753D9461224F8C2D7E.d.E5D653F68C2609B6F06CABD01C6C8801.e.8838"},"getText",[]]}
RESULT: {"script":"<script> [6424 bytes]","args":[{"element-6066-11e4-a52e-4f735466cecf":"f.AF2E6E2CD8BF2B753D9461224F8C2D7E.d.E5D653F68C2609B6F06CABD01C6C8801.e.8838"},"getText",[]]}
COMMAND: POST /session/c3abc88c4085a1d56746dc5a5008fa37/element - {"using":"xpath","value":"//*[contains(@id, '__text') and (contains(text(), 'successfully created') or contains(., 'successfully created'))]"}
RESULT: {"using":"xpath","value":"//*[contains(@id, '__text') and (contains(text(), 'successfully created') or contains(., 'successfully created'))]"}
COMMAND: GET /session/c3abc88c4085a1d56746dc5a5008fa37/element/f.AF2E6E2CD8BF2B753D9461224F8C2D7E.d.E5D653F68C2609B6F06CABD01C6C8801.e.8837/text - {}
RESULT: {}
COMMAND: POST /session/c3abc88c4085a1d56746dc5a5008fa37/execute/async - {"script":"<script> [1562 bytes]","args":[{"selector":{"controlType":"sap.m.Button","properties":{"text":"Close"},"searchOpenDialogs":true,"interaction":{"idSuffix":"BDI-content"}},"wdio_ui5_key":"sapm.Button{\"text\":\"Close\"}"}]}
RESULT: {"script":"<script> [1562 bytes]","args":[{"selector":{"controlType":"sap.m.Button","properties":{"text":"Close"},"searchOpenDialogs":true,"interaction":{"idSuffix":"BDI-content"}},"wdio_ui5_key":"sapm.Button{\"text\":\"Close\"}"}]}
RESULT: undefined
COMMAND: POST /session/c3abc88c4085a1d56746dc5a5008fa37/element - {"using":"xpath","value":"//*[@id=\"__mbox-btn-0\"]"}
RESULT: {"using":"xpath","value":"//*[@id=\"__mbox-btn-0\"]"}
COMMAND: POST /session/c3abc88c4085a1d56746dc5a5008fa37/element/f.AF2E6E2CD8BF2B753D9461224F8C2D7E.d.E5D653F68C2609B6F06CABD01C6C8801.e.8834/click - {}
RESULT: {}
COMMAND: GET /session/c3abc88c4085a1d56746dc5a5008fa37/screenshot - {}
RESULT: {}
COMMAND: POST /session/c3abc88c4085a1d56746dc5a5008fa37/execute/async - {"script":"<script> [1562 bytes]","args":[{"selector":{"controlType":"sap.ui.core.Icon","viewName":"etm.portal.ui.manageresources.view.Detail","viewId":"application-manageresources-display-component---detailRU","properties":{"src":{"regex":{"source":"overflow"}}}},"wdio_ui5_key":"etmportal.ui.manageresources.view.Detailsap.ui.core.Icon{\"src\":{\"regex\":{\"source\":\"overflow\"}}}"}]}
RESULT: {"script":"<script> [1562 bytes]","args":[{"selector":{"controlType":"sap.ui.core.Icon","viewName":"etm.portal.ui.manageresources.view.Detail","viewId":"application-manageresources-display-component---detailRU","properties":{"src":{"regex":{"source":"overflow"}}}},"wdio_ui5_key":"etmportal.ui.manageresources.view.Detailsap.ui.core.Icon{\"src\":{\"regex\":{\"source\":\"overflow\"}}}"}]}
RESULT: undefined
COMMAND: POST /session/c3abc88c4085a1d56746dc5a5008fa37/element - {"using":"xpath","value":"//*[@id=\"__title17-_actionsToolbar-overflowButton-img\"]"}
RESULT: {"using":"xpath","value":"//*[@id=\"__title17-_actionsToolbar-overflowButton-img\"]"}
COMMAND: POST /session/c3abc88c4085a1d56746dc5a5008fa37/element/f.AF2E6E2CD8BF2B753D9461224F8C2D7E.d.E5D653F68C2609B6F06CABD01C6C8801.e.8867/click - {}
RESULT: {}
COMMAND: POST /session/c3abc88c4085a1d56746dc5a5008fa37/execute/async - {"script":"<script> [1562 bytes]","args":[{"selector":{"controlType":"sap.m.Button","viewName":"etm.portal.ui.manageresources.view.Detail","viewId":"application-manageresources-display-component---detailRU","i18NText":{"propertyName":"tooltip","key":"closeColumn"},"searchOpenDialogs":true,"interaction":{"idSuffix":"inner"}},"wdio_ui5_key":"etmportal.ui.manageresources.view.Detailsap.m.Button{\"propertyName\":\"tooltip\",\"key\":\"closeColumn\"}"}]}
COMMAND: GET /session/c3abc88c4085a1d56746dc5a5008fa37/screenshot - {}
RESULT: {"script":"<script> [1562 bytes]","args":[{"selector":{"controlType":"sap.m.Button","viewName":"etm.portal.ui.manageresources.view.Detail","viewId":"application-manageresources-display-component---detailRU","i18NText":{"propertyName":"tooltip","key":"closeColumn"},"searchOpenDialogs":true,"interaction":{"idSuffix":"inner"}},"wdio_ui5_key":"etmportal.ui.manageresources.view.Detailsap.m.Button{\"propertyName\":\"tooltip\",\"key\":\"closeColumn\"}"}]}
RESULT: undefined
COMMAND: POST /session/c3abc88c4085a1d56746dc5a5008fa37/element - {"using":"xpath","value":"//*[@id=\"__button45\"]"}
RESULT: {}
RESULT: {"using":"xpath","value":"//*[@id=\"__button45\"]"}
COMMAND: POST /session/c3abc88c4085a1d56746dc5a5008fa37/element/f.AF2E6E2CD8BF2B753D9461224F8C2D7E.d.E5D653F68C2609B6F06CABD01C6C8801.e.8869/click - {}
RESULT: {}
COMMAND: GET /session/c3abc88c4085a1d56746dc5a5008fa37/screenshot - {}
RESULT: {}
COMMAND: POST /session/c3abc88c4085a1d56746dc5a5008fa37/refresh - {}
RESULT: {}
COMMAND: GET /session/c3abc88c4085a1d56746dc5a5008fa37/screenshot - {}
RESULT: {}
COMMAND: POST /session/c3abc88c4085a1d56746dc5a5008fa37/execute/async - {"script":"<script> [189 bytes]","args":[]}
RESULT: {"script":"<script> [189 bytes]","args":[]}
COMMAND: POST /session/c3abc88c4085a1d56746dc5a5008fa37/execute/async - {"script":"<script> [123 bytes]","args":[]}
RESULT: {"script":"<script> [123 bytes]","args":[]}
COMMAND: POST /session/c3abc88c4085a1d56746dc5a5008fa37/timeouts - {"script":"<number>"}
RESULT: {"script":"<number>"}
COMMAND: GET /session/c3abc88c4085a1d56746dc5a5008fa37/timeouts - {}
RESULT: {}
RESULT: undefined
COMMAND: POST /session/c3abc88c4085a1d56746dc5a5008fa37/execute/async - {"script":"<script> [2676 bytes]","args":[]}
RESULT: {"script":"<script> [2676 bytes]","args":[]}
COMMAND: POST /session/c3abc88c4085a1d56746dc5a5008fa37/execute/async - {"script":"<script> [2342 bytes]","args":[{"protocol":"http","hostname":"0.0.0.0","path":"/","capabilities":{"browserName":"chrome","goog:chromeOptions":{"binary":"C:\\Program Files\\Google\\Chrome\\Application\\chrome.exe","args":["--start-maximized"]}},"logLevel":"warn","connectionRetryTimeout":120000,"connectionRetryCount":3,"logLevels":{},"enableDirectConnect":true,"strictSSL":true,"_":"65 more keys: [\"cacheDir\",\"port\",\"requestedCapabilities\",\"automationProtocol\",\"baseUrl\",\"waitforInterval\",\"waitforTimeout\",\"onReload\",\"beforeCommand\",\"afterCommand\",\"rootDir\",\"specs\",\"suites\",\"exclude\",\"groupLogsByTestSpec\",\"excludeDriverLogs\",\"bail\",\"framework\",\"reporters\",\"services\",\"maxInstances\",\"maxInstancesPerCapability\",\"injectGlobals\",\"filesToWatch\",\"execArgv\",\"runnerEnv\",\"runner\",\"shard\",\"specFileRetries\",\"specFileRetriesDelay\",\"specFileRetriesDeferred\",\"reporterSyncInterval\",\"reporterSyncTimeout\",\"cucumberFeaturesWithLineNumbers\",\"autoCompileOpts\",\"mochaOpts\",\"jasmineOpts\",\"cucumberOpts\",\"onPrepare\",\"onWorkerStart\",\"onWorkerEnd\",\"before\",\"beforeSession\",\"beforeSuite\",\"beforeHook\",\"beforeTest\",\"afterTest\",\"afterHook\",\"afterSuite\",\"afterSession\",\"after\",\"onComplete\",\"beforeAssertion\",\"afterAssertion\",\"beforeFeature\",\"beforeScenario\",\"beforeStep\",\"afterStep\",\"afterScenario\",\"afterFeature\",\"_\",\"suite\",\"$0\",\"ignoredWorkerServices\",\"wdi5\"]"}]}
RESULT: {"script":"<script> [2342 bytes]","args":[{"protocol":"http","hostname":"0.0.0.0","path":"/","capabilities":{"browserName":"chrome","goog:chromeOptions":{"binary":"C:\\Program Files\\Google\\Chrome\\Application\\chrome.exe","args":["--start-maximized"]}},"logLevel":"warn","connectionRetryTimeout":120000,"connectionRetryCount":3,"logLevels":{},"enableDirectConnect":true,"strictSSL":true,"_":"65 more keys: [\"cacheDir\",\"port\",\"requestedCapabilities\",\"automationProtocol\",\"baseUrl\",\"waitforInterval\",\"waitforTimeout\",\"onReload\",\"beforeCommand\",\"afterCommand\",\"rootDir\",\"specs\",\"suites\",\"exclude\",\"groupLogsByTestSpec\",\"excludeDriverLogs\",\"bail\",\"framework\",\"reporters\",\"services\",\"maxInstances\",\"maxInstancesPerCapability\",\"injectGlobals\",\"filesToWatch\",\"execArgv\",\"runnerEnv\",\"runner\",\"shard\",\"specFileRetries\",\"specFileRetriesDelay\",\"specFileRetriesDeferred\",\"reporterSyncInterval\",\"reporterSyncTimeout\",\"cucumberFeaturesWithLineNumbers\",\"autoCompileOpts\",\"mochaOpts\",\"jasmineOpts\",\"cucumberOpts\",\"onPrepare\",\"onWorkerStart\",\"onWorkerEnd\",\"before\",\"beforeSession\",\"beforeSuite\",\"beforeHook\",\"beforeTest\",\"afterTest\",\"afterHook\",\"afterSuite\",\"afterSession\",\"after\",\"onComplete\",\"beforeAssertion\",\"afterAssertion\",\"beforeFeature\",\"beforeScenario\",\"beforeStep\",\"afterStep\",\"afterScenario\",\"afterFeature\",\"_\",\"suite\",\"$0\",\"ignoredWorkerServices\",\"wdi5\"]"}]}
COMMAND: POST /session/c3abc88c4085a1d56746dc5a5008fa37/execute/async - {"script":"<script> [21126 bytes]","args":[35000]}
RESULT: {"script":"<script> [21126 bytes]","args":[35000]}
COMMAND: POST /session/c3abc88c4085a1d56746dc5a5008fa37/element - {"using":"css selector","value":"#shell-header-logo"}
RESULT: {"using":"css selector","value":"#shell-header-logo"}
COMMAND: POST /session/c3abc88c4085a1d56746dc5a5008fa37/element/f.AF2E6E2CD8BF2B753D9461224F8C2D7E.d.E517D513D2E60A6D3E8E543EED2CB414.e.8952/click - {}
RESULT: {}
COMMAND: GET /session/c3abc88c4085a1d56746dc5a5008fa37/screenshot - {}
RESULT: {}
COMMAND: POST /session/c3abc88c4085a1d56746dc5a5008fa37/element - {"using":"css selector","value":"#shell-header-logo"}
RESULT: {"using":"css selector","value":"#shell-header-logo"}
COMMAND: POST /session/c3abc88c4085a1d56746dc5a5008fa37/element/f.AF2E6E2CD8BF2B753D9461224F8C2D7E.d.E517D513D2E60A6D3E8E543EED2CB414.e.9133/click - {}
RESULT: {}
COMMAND: GET /session/c3abc88c4085a1d56746dc5a5008fa37/screenshot - {}
RESULT: {}
]]></system-out>
    </testcase>
  </testsuite>
</testsuites>