<?xml version="1.0" encoding="UTF-8"?>
<testsuites tests="6" failures="3" errors="3" skipped="0">
  <testsuite timestamp="2025-05-31T16:30:12" time="818.594" tests="6" failures="3" errors="3" skipped="0">
    <properties>
      <property name="specId" value="0"/>
      <property name="suiteName" value="RU Inventory Mass State Change Multiple Items US151066"/>
      <property name="capabilities" value="chrome.136_0_7103_93.windows"/>
      <property name="file" value="file:///D:/a/1/s/test/specs/HTR/ru-inv-list-mass-state-change.spec.js"/>
    </properties>
    <testcase classname="chrome.136_0_7103_93.windows.RU_Inventory_Mass_State_Change_Multiple_Items_US151066" name="Step 1 Should do a RU inventory mass state change on chosen yard 109 with the resources available one equipment multipart one tool pool" time="274.803">
      <system-out><![CDATA[
COMMAND: POST /session/c9a9826e9467e2adf4f6d53d0c43572d/execute/async - {"script":"<script> [1562 bytes]","args":[{"selector":{"controlType":"sap.m.GenericTile","properties":{"header":"RU Inventory List"}},"wdio_ui5_key":"sapm.GenericTile{\"header\":\"RU Inventory List\"}"}]}
RESULT: {"script":"<script> [1562 bytes]","args":[{"selector":{"controlType":"sap.m.GenericTile","properties":{"header":"RU Inventory List"}},"wdio_ui5_key":"sapm.GenericTile{\"header\":\"RU Inventory List\"}"}]}
RESULT: undefined
COMMAND: POST /session/c9a9826e9467e2adf4f6d53d0c43572d/element - {"using":"xpath","value":"//*[@id=\"__tile99\"]"}
RESULT: {"using":"xpath","value":"//*[@id=\"__tile99\"]"}
COMMAND: POST /session/c9a9826e9467e2adf4f6d53d0c43572d/element/f.B01393AB514815FEA14A7FB40129B72A.d.FF70F6F89802F47EC06E5D859AB1E314.e.261/click - {}
RESULT: {}
COMMAND: GET /session/c9a9826e9467e2adf4f6d53d0c43572d/screenshot - {}
RESULT: {}
COMMAND: POST /session/c9a9826e9467e2adf4f6d53d0c43572d/elements - {"using":"xpath","value":"//span[text()='Error']"}
RESULT: {"using":"xpath","value":"//span[text()='Error']"}
COMMAND: POST /session/c9a9826e9467e2adf4f6d53d0c43572d/element - {"using":"xpath","value":"//button[contains(@id, \"massStateBtn\")]"}
RESULT: {"using":"xpath","value":"//button[contains(@id, \"massStateBtn\")]"}
COMMAND: POST /session/c9a9826e9467e2adf4f6d53d0c43572d/elements - {"using":"xpath","value":"//button[contains(@id, \"massStateBtn\")]"}
RESULT: {"using":"xpath","value":"//button[contains(@id, \"massStateBtn\")]"}
COMMAND: POST /session/c9a9826e9467e2adf4f6d53d0c43572d/elements - {"using":"xpath","value":"//button[contains(@id, \"massStateBtn\")]"}
RESULT: {"using":"xpath","value":"//button[contains(@id, \"massStateBtn\")]"}
COMMAND: POST /session/c9a9826e9467e2adf4f6d53d0c43572d/elements - {"using":"xpath","value":"//button[contains(@id, \"massStateBtn\")]"}
RESULT: {"using":"xpath","value":"//button[contains(@id, \"massStateBtn\")]"}
COMMAND: POST /session/c9a9826e9467e2adf4f6d53d0c43572d/elements - {"using":"xpath","value":"//button[contains(@id, \"massStateBtn\")]"}
RESULT: {"using":"xpath","value":"//button[contains(@id, \"massStateBtn\")]"}
COMMAND: POST /session/c9a9826e9467e2adf4f6d53d0c43572d/elements - {"using":"xpath","value":"//button[contains(@id, \"massStateBtn\")]"}
RESULT: {"using":"xpath","value":"//button[contains(@id, \"massStateBtn\")]"}
COMMAND: POST /session/c9a9826e9467e2adf4f6d53d0c43572d/elements - {"using":"xpath","value":"//button[contains(@id, \"massStateBtn\")]"}
RESULT: {"using":"xpath","value":"//button[contains(@id, \"massStateBtn\")]"}
COMMAND: POST /session/c9a9826e9467e2adf4f6d53d0c43572d/elements - {"using":"xpath","value":"//button[contains(@id, \"massStateBtn\")]"}
RESULT: {"using":"xpath","value":"//button[contains(@id, \"massStateBtn\")]"}
COMMAND: POST /session/c9a9826e9467e2adf4f6d53d0c43572d/element - {"using":"xpath","value":"//button[contains(@id, \"massStateBtn\")]"}
RESULT: {"using":"xpath","value":"//button[contains(@id, \"massStateBtn\")]"}
COMMAND: POST /session/c9a9826e9467e2adf4f6d53d0c43572d/execute/sync - {"script":"<script> [8489 bytes]","args":[{"element-6066-11e4-a52e-4f735466cecf":"f.B01393AB514815FEA14A7FB40129B72A.d.FF70F6F89802F47EC06E5D859AB1E314.e.296","ELEMENT":"f.B01393AB514815FEA14A7FB40129B72A.d.FF70F6F89802F47EC06E5D859AB1E314.e.296"}]}
RESULT: {"script":"<script> [8489 bytes]","args":[{"element-6066-11e4-a52e-4f735466cecf":"f.B01393AB514815FEA14A7FB40129B72A.d.FF70F6F89802F47EC06E5D859AB1E314.e.296","ELEMENT":"f.B01393AB514815FEA14A7FB40129B72A.d.FF70F6F89802F47EC06E5D859AB1E314.e.296"}]}
COMMAND: GET /session/c9a9826e9467e2adf4f6d53d0c43572d/element/f.B01393AB514815FEA14A7FB40129B72A.d.FF70F6F89802F47EC06E5D859AB1E314.e.296/enabled - {}
COMMAND: GET /session/c9a9826e9467e2adf4f6d53d0c43572d/screenshot - {}
RESULT: {}
COMMAND: POST /session/c9a9826e9467e2adf4f6d53d0c43572d/execute/sync - {"script":"<script> [8489 bytes]","args":[{"element-6066-11e4-a52e-4f735466cecf":"f.B01393AB514815FEA14A7FB40129B72A.d.FF70F6F89802F47EC06E5D859AB1E314.e.296","ELEMENT":"f.B01393AB514815FEA14A7FB40129B72A.d.FF70F6F89802F47EC06E5D859AB1E314.e.296"}]}
COMMAND: GET /session/c9a9826e9467e2adf4f6d53d0c43572d/screenshot - {}
RESULT: {}
RESULT: {"script":"<script> [8489 bytes]","args":[{"element-6066-11e4-a52e-4f735466cecf":"f.B01393AB514815FEA14A7FB40129B72A.d.FF70F6F89802F47EC06E5D859AB1E314.e.296","ELEMENT":"f.B01393AB514815FEA14A7FB40129B72A.d.FF70F6F89802F47EC06E5D859AB1E314.e.296"}]}
COMMAND: POST /session/c9a9826e9467e2adf4f6d53d0c43572d/execute/sync - {"script":"<script> [5351 bytes]","args":[{"element-6066-11e4-a52e-4f735466cecf":"f.B01393AB514815FEA14A7FB40129B72A.d.FF70F6F89802F47EC06E5D859AB1E314.e.296","ELEMENT":"f.B01393AB514815FEA14A7FB40129B72A.d.FF70F6F89802F47EC06E5D859AB1E314.e.296"}]}
COMMAND: GET /session/c9a9826e9467e2adf4f6d53d0c43572d/screenshot - {}
RESULT: {}
RESULT: {"script":"<script> [5351 bytes]","args":[{"element-6066-11e4-a52e-4f735466cecf":"f.B01393AB514815FEA14A7FB40129B72A.d.FF70F6F89802F47EC06E5D859AB1E314.e.296","ELEMENT":"f.B01393AB514815FEA14A7FB40129B72A.d.FF70F6F89802F47EC06E5D859AB1E314.e.296"}]}
COMMAND: POST /session/c9a9826e9467e2adf4f6d53d0c43572d/element/f.B01393AB514815FEA14A7FB40129B72A.d.FF70F6F89802F47EC06E5D859AB1E314.e.296/click - {}
COMMAND: GET /session/c9a9826e9467e2adf4f6d53d0c43572d/screenshot - {}
RESULT: {}
RESULT: {}
COMMAND: GET /session/c9a9826e9467e2adf4f6d53d0c43572d/screenshot - {}
RESULT: {}
RESULT: {}
COMMAND: POST /session/c9a9826e9467e2adf4f6d53d0c43572d/execute/async - {"script":"<script> [1562 bytes]","args":[{"selector":{"id":"application-ruinventorylist-display-component---Master--ruLocationTypeComboBox-arrow"},"wdio_ui5_key":"applicationruinventorylist-display-component---Master--ruLocationTypeComboBox-arrow"}]}
RESULT: {"script":"<script> [1562 bytes]","args":[{"selector":{"id":"application-ruinventorylist-display-component---Master--ruLocationTypeComboBox-arrow"},"wdio_ui5_key":"applicationruinventorylist-display-component---Master--ruLocationTypeComboBox-arrow"}]}
RESULT: undefined
COMMAND: POST /session/c9a9826e9467e2adf4f6d53d0c43572d/element - {"using":"xpath","value":"//*[@id=\"application-ruinventorylist-display-component---Master--ruLocationTypeComboBox-arrow\"]"}
RESULT: {"using":"xpath","value":"//*[@id=\"application-ruinventorylist-display-component---Master--ruLocationTypeComboBox-arrow\"]"}
COMMAND: POST /session/c9a9826e9467e2adf4f6d53d0c43572d/element/f.B01393AB514815FEA14A7FB40129B72A.d.FF70F6F89802F47EC06E5D859AB1E314.e.531/click - {}
RESULT: {}
COMMAND: GET /session/c9a9826e9467e2adf4f6d53d0c43572d/screenshot - {}
RESULT: {}
COMMAND: POST /session/c9a9826e9467e2adf4f6d53d0c43572d/element - {"using":"xpath","value":"//li[.//span[text()='Yard']]"}
RESULT: {"using":"xpath","value":"//li[.//span[text()='Yard']]"}
COMMAND: POST /session/c9a9826e9467e2adf4f6d53d0c43572d/element/f.B01393AB514815FEA14A7FB40129B72A.d.FF70F6F89802F47EC06E5D859AB1E314.e.534/click - {}
RESULT: {}
COMMAND: GET /session/c9a9826e9467e2adf4f6d53d0c43572d/screenshot - {}
RESULT: {}
COMMAND: POST /session/c9a9826e9467e2adf4f6d53d0c43572d/execute/async - {"script":"<script> [1562 bytes]","args":[{"selector":{"id":"application-ruinventorylist-display-component---Master--smartFilterBar-filterItemControl_BASIC-YARD-vhi"},"wdio_ui5_key":"applicationruinventorylist-display-component---Master--smartFilterBar-filterItemControl_BASIC-YARD-vhi"}]}
RESULT: {"script":"<script> [1562 bytes]","args":[{"selector":{"id":"application-ruinventorylist-display-component---Master--smartFilterBar-filterItemControl_BASIC-YARD-vhi"},"wdio_ui5_key":"applicationruinventorylist-display-component---Master--smartFilterBar-filterItemControl_BASIC-YARD-vhi"}]}
RESULT: undefined
COMMAND: POST /session/c9a9826e9467e2adf4f6d53d0c43572d/element - {"using":"xpath","value":"//*[@id=\"application-ruinventorylist-display-component---Master--smartFilterBar-filterItemControl_BASIC-YARD-vhi\"]"}
RESULT: {"using":"xpath","value":"//*[@id=\"application-ruinventorylist-display-component---Master--smartFilterBar-filterItemControl_BASIC-YARD-vhi\"]"}
COMMAND: POST /session/c9a9826e9467e2adf4f6d53d0c43572d/element/f.B01393AB514815FEA14A7FB40129B72A.d.FF70F6F89802F47EC06E5D859AB1E314.e.594/click - {}
RESULT: {}
COMMAND: GET /session/c9a9826e9467e2adf4f6d53d0c43572d/screenshot - {}
RESULT: {}
COMMAND: POST /session/c9a9826e9467e2adf4f6d53d0c43572d/execute/async - {"script":"<script> [1562 bytes]","args":[{"selector":{"id":"application-ruinventorylist-display-component---Master--smartFilterBar-filterItemControl_BASIC-YARD-valueHelpDialog-smartFilterBar-btnBasicSearch","searchOpenDialogs":true,"interaction":{"idSuffix":"I"}},"wdio_ui5_key":"applicationruinventorylist-display-component---Master--smartFilterBar-filterItemControl_BASIC-YARD-valueHelpDialog-smartFilterBar-btnBasicSearch"}]}
RESULT: {"script":"<script> [1562 bytes]","args":[{"selector":{"id":"application-ruinventorylist-display-component---Master--smartFilterBar-filterItemControl_BASIC-YARD-valueHelpDialog-smartFilterBar-btnBasicSearch","searchOpenDialogs":true,"interaction":{"idSuffix":"I"}},"wdio_ui5_key":"applicationruinventorylist-display-component---Master--smartFilterBar-filterItemControl_BASIC-YARD-valueHelpDialog-smartFilterBar-btnBasicSearch"}]}
RESULT: undefined
COMMAND: POST /session/c9a9826e9467e2adf4f6d53d0c43572d/execute/async - {"script":"<script> [776 bytes]","args":[{"enterText":"109","selector":{"id":"application-ruinventorylist-display-component---Master--smartFilterBar-filterItemControl_BASIC-YARD-valueHelpDialog-smartFilterBar-btnBasicSearch","searchOpenDialogs":true,"interaction":{"idSuffix":"I"}},"clearTextFirst":true,"interactionType":"ENTER_TEXT"}]}
RESULT: {"script":"<script> [776 bytes]","args":[{"enterText":"109","selector":{"id":"application-ruinventorylist-display-component---Master--smartFilterBar-filterItemControl_BASIC-YARD-valueHelpDialog-smartFilterBar-btnBasicSearch","searchOpenDialogs":true,"interaction":{"idSuffix":"I"}},"clearTextFirst":true,"interactionType":"ENTER_TEXT"}]}
COMMAND: POST /session/c9a9826e9467e2adf4f6d53d0c43572d/actions - {"actions":[{"id":"action1","type":"key","parameters":{},"actions":[{"type":"keyDown","value":""},{"type":"pause","duration":10},{"type":"keyUp","value":""}]}]}
RESULT: {"actions":[{"id":"action1","type":"key","parameters":{},"actions":[{"type":"keyDown","value":""},{"type":"pause","duration":10},{"type":"keyUp","value":""}]}]}
COMMAND: GET /session/c9a9826e9467e2adf4f6d53d0c43572d/screenshot - {}
RESULT: {}
COMMAND: POST /session/c9a9826e9467e2adf4f6d53d0c43572d/elements - {"using":"xpath","value":"//table[contains(@id, \"filterItemControl_BASIC-YARD-valueHelpDialog-table-table\")]/tbody/tr"}
RESULT: {"using":"xpath","value":"//table[contains(@id, \"filterItemControl_BASIC-YARD-valueHelpDialog-table-table\")]/tbody/tr"}
COMMAND: POST /session/c9a9826e9467e2adf4f6d53d0c43572d/element - {"using":"xpath","value":"//table[contains(@id, \"filterItemControl_BASIC-YARD-valueHelpDialog-table-table\")]/tbody/tr[1]/td[1]/div/span"}
RESULT: {"using":"xpath","value":"//table[contains(@id, \"filterItemControl_BASIC-YARD-valueHelpDialog-table-table\")]/tbody/tr[1]/td[1]/div/span"}
COMMAND: POST /session/c9a9826e9467e2adf4f6d53d0c43572d/elements - {"using":"xpath","value":"//table[contains(@id, \"filterItemControl_BASIC-YARD-valueHelpDialog-table-table\")]/tbody/tr[1]/td[1]/div/span"}
RESULT: {"using":"xpath","value":"//table[contains(@id, \"filterItemControl_BASIC-YARD-valueHelpDialog-table-table\")]/tbody/tr[1]/td[1]/div/span"}
COMMAND: POST /session/c9a9826e9467e2adf4f6d53d0c43572d/execute/sync - {"script":"<script> [56 bytes]","args":[{"element-6066-11e4-a52e-4f735466cecf":"f.B01393AB514815FEA14A7FB40129B72A.d.FF70F6F89802F47EC06E5D859AB1E314.e.615","ELEMENT":"f.B01393AB514815FEA14A7FB40129B72A.d.FF70F6F89802F47EC06E5D859AB1E314.e.615"}]}
RESULT: {"script":"<script> [56 bytes]","args":[{"element-6066-11e4-a52e-4f735466cecf":"f.B01393AB514815FEA14A7FB40129B72A.d.FF70F6F89802F47EC06E5D859AB1E314.e.615","ELEMENT":"f.B01393AB514815FEA14A7FB40129B72A.d.FF70F6F89802F47EC06E5D859AB1E314.e.615"}]}
COMMAND: POST /session/c9a9826e9467e2adf4f6d53d0c43572d/element - {"using":"xpath","value":"//div[contains(@id, \"filterItemControl_BASIC-YARD-valueHelpDialog-table-rowsel0\")]"}
COMMAND: GET /session/c9a9826e9467e2adf4f6d53d0c43572d/screenshot - {}
RESULT: {"using":"xpath","value":"//div[contains(@id, \"filterItemControl_BASIC-YARD-valueHelpDialog-table-rowsel0\")]"}
COMMAND: POST /session/c9a9826e9467e2adf4f6d53d0c43572d/element/f.B01393AB514815FEA14A7FB40129B72A.d.FF70F6F89802F47EC06E5D859AB1E314.e.616/click - {}
RESULT: {}
RESULT: {}
COMMAND: GET /session/c9a9826e9467e2adf4f6d53d0c43572d/screenshot - {}
RESULT: {}
COMMAND: POST /session/c9a9826e9467e2adf4f6d53d0c43572d/element - {"using":"xpath","value":"//div[contains(@id, \"smartFilterBar-filterItemControl_BASIC-YARD-valueHelpDialog-smartFilterBar-btnBasicSearch-reset\")]"}
RESULT: {"using":"xpath","value":"//div[contains(@id, \"smartFilterBar-filterItemControl_BASIC-YARD-valueHelpDialog-smartFilterBar-btnBasicSearch-reset\")]"}
COMMAND: POST /session/c9a9826e9467e2adf4f6d53d0c43572d/element/f.B01393AB514815FEA14A7FB40129B72A.d.FF70F6F89802F47EC06E5D859AB1E314.e.618/click - {}
RESULT: {}
RESULT: undefined
COMMAND: POST /session/c9a9826e9467e2adf4f6d53d0c43572d/execute/async - {"script":"<script> [776 bytes]","args":[{"enterText":"OPA5_BST01_YARD1","selector":{"id":"application-ruinventorylist-display-component---Master--smartFilterBar-filterItemControl_BASIC-YARD-valueHelpDialog-smartFilterBar-btnBasicSearch","searchOpenDialogs":true,"interaction":{"idSuffix":"I"}},"clearTextFirst":true,"interactionType":"ENTER_TEXT"}]}
COMMAND: GET /session/c9a9826e9467e2adf4f6d53d0c43572d/screenshot - {}
RESULT: {"script":"<script> [776 bytes]","args":[{"enterText":"OPA5_BST01_YARD1","selector":{"id":"application-ruinventorylist-display-component---Master--smartFilterBar-filterItemControl_BASIC-YARD-valueHelpDialog-smartFilterBar-btnBasicSearch","searchOpenDialogs":true,"interaction":{"idSuffix":"I"}},"clearTextFirst":true,"interactionType":"ENTER_TEXT"}]}
COMMAND: POST /session/c9a9826e9467e2adf4f6d53d0c43572d/actions - {"actions":[{"id":"action2","type":"key","parameters":{},"actions":[{"type":"keyDown","value":""},{"type":"pause","duration":10},{"type":"keyUp","value":""}]}]}
RESULT: {}
RESULT: {"actions":[{"id":"action2","type":"key","parameters":{},"actions":[{"type":"keyDown","value":""},{"type":"pause","duration":10},{"type":"keyUp","value":""}]}]}
COMMAND: GET /session/c9a9826e9467e2adf4f6d53d0c43572d/screenshot - {}
RESULT: {}
COMMAND: POST /session/c9a9826e9467e2adf4f6d53d0c43572d/elements - {"using":"xpath","value":"//table[contains(@id, \"filterItemControl_BASIC-YARD-valueHelpDialog-table-table\")]/tbody/tr"}
RESULT: {"using":"xpath","value":"//table[contains(@id, \"filterItemControl_BASIC-YARD-valueHelpDialog-table-table\")]/tbody/tr"}
COMMAND: POST /session/c9a9826e9467e2adf4f6d53d0c43572d/element - {"using":"xpath","value":"//table[contains(@id, \"filterItemControl_BASIC-YARD-valueHelpDialog-table-table\")]/tbody/tr[1]/td[1]/div/span"}
RESULT: {"using":"xpath","value":"//table[contains(@id, \"filterItemControl_BASIC-YARD-valueHelpDialog-table-table\")]/tbody/tr[1]/td[1]/div/span"}
COMMAND: POST /session/c9a9826e9467e2adf4f6d53d0c43572d/elements - {"using":"xpath","value":"//table[contains(@id, \"filterItemControl_BASIC-YARD-valueHelpDialog-table-table\")]/tbody/tr[1]/td[1]/div/span"}
RESULT: {"using":"xpath","value":"//table[contains(@id, \"filterItemControl_BASIC-YARD-valueHelpDialog-table-table\")]/tbody/tr[1]/td[1]/div/span"}
COMMAND: POST /session/c9a9826e9467e2adf4f6d53d0c43572d/execute/sync - {"script":"<script> [56 bytes]","args":[{"element-6066-11e4-a52e-4f735466cecf":"f.B01393AB514815FEA14A7FB40129B72A.d.FF70F6F89802F47EC06E5D859AB1E314.e.615","ELEMENT":"f.B01393AB514815FEA14A7FB40129B72A.d.FF70F6F89802F47EC06E5D859AB1E314.e.615"}]}
RESULT: {"script":"<script> [56 bytes]","args":[{"element-6066-11e4-a52e-4f735466cecf":"f.B01393AB514815FEA14A7FB40129B72A.d.FF70F6F89802F47EC06E5D859AB1E314.e.615","ELEMENT":"f.B01393AB514815FEA14A7FB40129B72A.d.FF70F6F89802F47EC06E5D859AB1E314.e.615"}]}
COMMAND: POST /session/c9a9826e9467e2adf4f6d53d0c43572d/element - {"using":"xpath","value":"//div[contains(@id, \"filterItemControl_BASIC-YARD-valueHelpDialog-table-rowsel0\")]"}
COMMAND: GET /session/c9a9826e9467e2adf4f6d53d0c43572d/screenshot - {}
RESULT: {"using":"xpath","value":"//div[contains(@id, \"filterItemControl_BASIC-YARD-valueHelpDialog-table-rowsel0\")]"}
COMMAND: POST /session/c9a9826e9467e2adf4f6d53d0c43572d/element/f.B01393AB514815FEA14A7FB40129B72A.d.FF70F6F89802F47EC06E5D859AB1E314.e.616/click - {}
RESULT: {}
RESULT: {}
COMMAND: GET /session/c9a9826e9467e2adf4f6d53d0c43572d/screenshot - {}
RESULT: {}
COMMAND: POST /session/c9a9826e9467e2adf4f6d53d0c43572d/element - {"using":"xpath","value":"(//bdi[contains(text(), \"OK\")])[1]"}
RESULT: {"using":"xpath","value":"(//bdi[contains(text(), \"OK\")])[1]"}
COMMAND: POST /session/c9a9826e9467e2adf4f6d53d0c43572d/element/f.B01393AB514815FEA14A7FB40129B72A.d.FF70F6F89802F47EC06E5D859AB1E314.e.619/click - {}
RESULT: {}
COMMAND: GET /session/c9a9826e9467e2adf4f6d53d0c43572d/screenshot - {}
RESULT: {}
COMMAND: POST /session/c9a9826e9467e2adf4f6d53d0c43572d/element - {"using":"xpath","value":"//span[@id=\"application-ruinventorylist-display-component---Master--smartTableRuInventoryList-header-inner\"]"}
RESULT: {"using":"xpath","value":"//span[@id=\"application-ruinventorylist-display-component---Master--smartTableRuInventoryList-header-inner\"]"}
COMMAND: POST /session/c9a9826e9467e2adf4f6d53d0c43572d/elements - {"using":"xpath","value":"//span[@id=\"application-ruinventorylist-display-component---Master--smartTableRuInventoryList-header-inner\"]"}
RESULT: {"using":"xpath","value":"//span[@id=\"application-ruinventorylist-display-component---Master--smartTableRuInventoryList-header-inner\"]"}
COMMAND: POST /session/c9a9826e9467e2adf4f6d53d0c43572d/execute/sync - {"script":"<script> [56 bytes]","args":[{"element-6066-11e4-a52e-4f735466cecf":"f.B01393AB514815FEA14A7FB40129B72A.d.FF70F6F89802F47EC06E5D859AB1E314.e.783","ELEMENT":"f.B01393AB514815FEA14A7FB40129B72A.d.FF70F6F89802F47EC06E5D859AB1E314.e.783"}]}
RESULT: {"script":"<script> [56 bytes]","args":[{"element-6066-11e4-a52e-4f735466cecf":"f.B01393AB514815FEA14A7FB40129B72A.d.FF70F6F89802F47EC06E5D859AB1E314.e.783","ELEMENT":"f.B01393AB514815FEA14A7FB40129B72A.d.FF70F6F89802F47EC06E5D859AB1E314.e.783"}]}
COMMAND: POST /session/c9a9826e9467e2adf4f6d53d0c43572d/execute/async - {"script":"<script> [1562 bytes]","args":[{"selector":{"id":"application-ruinventorylist-display-component---Master--smartFilterBar-btnBasicSearch","interaction":{"idSuffix":"I"}},"wdio_ui5_key":"applicationruinventorylist-display-component---Master--smartFilterBar-btnBasicSearch"}]}
COMMAND: GET /session/c9a9826e9467e2adf4f6d53d0c43572d/screenshot - {}
RESULT: {"script":"<script> [1562 bytes]","args":[{"selector":{"id":"application-ruinventorylist-display-component---Master--smartFilterBar-btnBasicSearch","interaction":{"idSuffix":"I"}},"wdio_ui5_key":"applicationruinventorylist-display-component---Master--smartFilterBar-btnBasicSearch"}]}
RESULT: undefined
COMMAND: POST /session/c9a9826e9467e2adf4f6d53d0c43572d/execute/async - {"script":"<script> [776 bytes]","args":[{"enterText":"600002","selector":{"id":"application-ruinventorylist-display-component---Master--smartFilterBar-btnBasicSearch","interaction":{"idSuffix":"I"}},"clearTextFirst":true,"interactionType":"ENTER_TEXT"}]}
RESULT: {}
RESULT: {"script":"<script> [776 bytes]","args":[{"enterText":"600002","selector":{"id":"application-ruinventorylist-display-component---Master--smartFilterBar-btnBasicSearch","interaction":{"idSuffix":"I"}},"clearTextFirst":true,"interactionType":"ENTER_TEXT"}]}
COMMAND: POST /session/c9a9826e9467e2adf4f6d53d0c43572d/actions - {"actions":[{"id":"action3","type":"key","parameters":{},"actions":[{"type":"keyDown","value":""},{"type":"pause","duration":10},{"type":"keyUp","value":""}]}]}
RESULT: {"actions":[{"id":"action3","type":"key","parameters":{},"actions":[{"type":"keyDown","value":""},{"type":"pause","duration":10},{"type":"keyUp","value":""}]}]}
COMMAND: GET /session/c9a9826e9467e2adf4f6d53d0c43572d/screenshot - {}
RESULT: {}
COMMAND: POST /session/c9a9826e9467e2adf4f6d53d0c43572d/element - {"using":"xpath","value":"//span[@id=\"application-ruinventorylist-display-component---Master--smartTableRuInventoryList-header-inner\"]"}
RESULT: {"using":"xpath","value":"//span[@id=\"application-ruinventorylist-display-component---Master--smartTableRuInventoryList-header-inner\"]"}
COMMAND: POST /session/c9a9826e9467e2adf4f6d53d0c43572d/elements - {"using":"xpath","value":"//span[@id=\"application-ruinventorylist-display-component---Master--smartTableRuInventoryList-header-inner\"]"}
RESULT: {"using":"xpath","value":"//span[@id=\"application-ruinventorylist-display-component---Master--smartTableRuInventoryList-header-inner\"]"}
COMMAND: POST /session/c9a9826e9467e2adf4f6d53d0c43572d/execute/sync - {"script":"<script> [56 bytes]","args":[{"element-6066-11e4-a52e-4f735466cecf":"f.B01393AB514815FEA14A7FB40129B72A.d.FF70F6F89802F47EC06E5D859AB1E314.e.783","ELEMENT":"f.B01393AB514815FEA14A7FB40129B72A.d.FF70F6F89802F47EC06E5D859AB1E314.e.783"}]}
RESULT: {"script":"<script> [56 bytes]","args":[{"element-6066-11e4-a52e-4f735466cecf":"f.B01393AB514815FEA14A7FB40129B72A.d.FF70F6F89802F47EC06E5D859AB1E314.e.783","ELEMENT":"f.B01393AB514815FEA14A7FB40129B72A.d.FF70F6F89802F47EC06E5D859AB1E314.e.783"}]}
COMMAND: POST /session/c9a9826e9467e2adf4f6d53d0c43572d/element - {"using":"xpath","value":"//table[contains(@id, \"application-ruinventorylist-display-component---Master--tableRuInventoryList-listUl\")]/tbody/tr[1]/td[2]/div/div"}
COMMAND: GET /session/c9a9826e9467e2adf4f6d53d0c43572d/screenshot - {}
RESULT: {"using":"xpath","value":"//table[contains(@id, \"application-ruinventorylist-display-component---Master--tableRuInventoryList-listUl\")]/tbody/tr[1]/td[2]/div/div"}
COMMAND: POST /session/c9a9826e9467e2adf4f6d53d0c43572d/element/f.B01393AB514815FEA14A7FB40129B72A.d.FF70F6F89802F47EC06E5D859AB1E314.e.788/click - {}
RESULT: {}
RESULT: {}
COMMAND: GET /session/c9a9826e9467e2adf4f6d53d0c43572d/screenshot - {}
RESULT: {}
COMMAND: POST /session/c9a9826e9467e2adf4f6d53d0c43572d/element - {"using":"xpath","value":"//div[contains(@id, \"smartFilterBar-btnBasicSearch-reset\")]"}
RESULT: {"using":"xpath","value":"//div[contains(@id, \"smartFilterBar-btnBasicSearch-reset\")]"}
COMMAND: POST /session/c9a9826e9467e2adf4f6d53d0c43572d/element/f.B01393AB514815FEA14A7FB40129B72A.d.FF70F6F89802F47EC06E5D859AB1E314.e.798/click - {}
RESULT: {}
COMMAND: GET /session/c9a9826e9467e2adf4f6d53d0c43572d/screenshot - {}
RESULT: {}
RESULT: undefined
COMMAND: POST /session/c9a9826e9467e2adf4f6d53d0c43572d/execute/async - {"script":"<script> [776 bytes]","args":[{"enterText":"401002","selector":{"id":"application-ruinventorylist-display-component---Master--smartFilterBar-btnBasicSearch","interaction":{"idSuffix":"I"}},"clearTextFirst":true,"interactionType":"ENTER_TEXT"}]}
RESULT: {"script":"<script> [776 bytes]","args":[{"enterText":"401002","selector":{"id":"application-ruinventorylist-display-component---Master--smartFilterBar-btnBasicSearch","interaction":{"idSuffix":"I"}},"clearTextFirst":true,"interactionType":"ENTER_TEXT"}]}
COMMAND: POST /session/c9a9826e9467e2adf4f6d53d0c43572d/actions - {"actions":[{"id":"action4","type":"key","parameters":{},"actions":[{"type":"keyDown","value":""},{"type":"pause","duration":10},{"type":"keyUp","value":""}]}]}
RESULT: {"actions":[{"id":"action4","type":"key","parameters":{},"actions":[{"type":"keyDown","value":""},{"type":"pause","duration":10},{"type":"keyUp","value":""}]}]}
COMMAND: GET /session/c9a9826e9467e2adf4f6d53d0c43572d/screenshot - {}
RESULT: {}
COMMAND: POST /session/c9a9826e9467e2adf4f6d53d0c43572d/element - {"using":"xpath","value":"//span[@id=\"application-ruinventorylist-display-component---Master--smartTableRuInventoryList-header-inner\"]"}
RESULT: {"using":"xpath","value":"//span[@id=\"application-ruinventorylist-display-component---Master--smartTableRuInventoryList-header-inner\"]"}
COMMAND: POST /session/c9a9826e9467e2adf4f6d53d0c43572d/elements - {"using":"xpath","value":"//span[@id=\"application-ruinventorylist-display-component---Master--smartTableRuInventoryList-header-inner\"]"}
RESULT: {"using":"xpath","value":"//span[@id=\"application-ruinventorylist-display-component---Master--smartTableRuInventoryList-header-inner\"]"}
COMMAND: POST /session/c9a9826e9467e2adf4f6d53d0c43572d/execute/sync - {"script":"<script> [56 bytes]","args":[{"element-6066-11e4-a52e-4f735466cecf":"f.B01393AB514815FEA14A7FB40129B72A.d.FF70F6F89802F47EC06E5D859AB1E314.e.783","ELEMENT":"f.B01393AB514815FEA14A7FB40129B72A.d.FF70F6F89802F47EC06E5D859AB1E314.e.783"}]}
RESULT: {"script":"<script> [56 bytes]","args":[{"element-6066-11e4-a52e-4f735466cecf":"f.B01393AB514815FEA14A7FB40129B72A.d.FF70F6F89802F47EC06E5D859AB1E314.e.783","ELEMENT":"f.B01393AB514815FEA14A7FB40129B72A.d.FF70F6F89802F47EC06E5D859AB1E314.e.783"}]}
COMMAND: POST /session/c9a9826e9467e2adf4f6d53d0c43572d/element - {"using":"xpath","value":"//table[contains(@id, \"application-ruinventorylist-display-component---Master--tableRuInventoryList-listUl\")]/tbody/tr[1]/td[2]/div/div"}
COMMAND: GET /session/c9a9826e9467e2adf4f6d53d0c43572d/screenshot - {}
RESULT: {"using":"xpath","value":"//table[contains(@id, \"application-ruinventorylist-display-component---Master--tableRuInventoryList-listUl\")]/tbody/tr[1]/td[2]/div/div"}
COMMAND: POST /session/c9a9826e9467e2adf4f6d53d0c43572d/element/f.B01393AB514815FEA14A7FB40129B72A.d.FF70F6F89802F47EC06E5D859AB1E314.e.954/click - {}
RESULT: {}
RESULT: {}
COMMAND: GET /session/c9a9826e9467e2adf4f6d53d0c43572d/screenshot - {}
RESULT: {}
COMMAND: POST /session/c9a9826e9467e2adf4f6d53d0c43572d/element - {"using":"xpath","value":"//div[contains(@id, \"smartFilterBar-btnBasicSearch-reset\")]"}
RESULT: {"using":"xpath","value":"//div[contains(@id, \"smartFilterBar-btnBasicSearch-reset\")]"}
COMMAND: POST /session/c9a9826e9467e2adf4f6d53d0c43572d/element/f.B01393AB514815FEA14A7FB40129B72A.d.FF70F6F89802F47EC06E5D859AB1E314.e.798/click - {}
RESULT: {}
COMMAND: GET /session/c9a9826e9467e2adf4f6d53d0c43572d/screenshot - {}
RESULT: {}
COMMAND: POST /session/c9a9826e9467e2adf4f6d53d0c43572d/element/f.B01393AB514815FEA14A7FB40129B72A.d.FF70F6F89802F47EC06E5D859AB1E314.e.296/click - {}
RESULT: {}
COMMAND: GET /session/c9a9826e9467e2adf4f6d53d0c43572d/screenshot - {}
RESULT: {}
COMMAND: POST /session/c9a9826e9467e2adf4f6d53d0c43572d/execute/async - {"script":"<script> [1562 bytes]","args":[{"selector":{"controlType":"sap.m.Title","viewName":"etm.portal.ui.ruinventorylist.view.Master","viewId":"application-ruinventorylist-display-component---Master","properties":{"text":"Mass State Change"},"searchOpenDialogs":true},"wdio_ui5_key":"etmportal.ui.ruinventorylist.view.Mastersap.m.Title{\"text\":\"Mass State Change\"}"}]}
RESULT: {"script":"<script> [1562 bytes]","args":[{"selector":{"controlType":"sap.m.Title","viewName":"etm.portal.ui.ruinventorylist.view.Master","viewId":"application-ruinventorylist-display-component---Master","properties":{"text":"Mass State Change"},"searchOpenDialogs":true},"wdio_ui5_key":"etmportal.ui.ruinventorylist.view.Mastersap.m.Title{\"text\":\"Mass State Change\"}"}]}
RESULT: undefined
COMMAND: POST /session/c9a9826e9467e2adf4f6d53d0c43572d/execute/async - {"script":"<script> [6424 bytes]","args":[{"element-6066-11e4-a52e-4f735466cecf":"f.B01393AB514815FEA14A7FB40129B72A.d.FF70F6F89802F47EC06E5D859AB1E314.e.1130"},"getText",[]]}
RESULT: {"script":"<script> [6424 bytes]","args":[{"element-6066-11e4-a52e-4f735466cecf":"f.B01393AB514815FEA14A7FB40129B72A.d.FF70F6F89802F47EC06E5D859AB1E314.e.1130"},"getText",[]]}
COMMAND: POST /session/c9a9826e9467e2adf4f6d53d0c43572d/element - {"using":"xpath","value":"(//bdi[contains(text(), \"OK\")])[1]"}
RESULT: {"using":"xpath","value":"(//bdi[contains(text(), \"OK\")])[1]"}
COMMAND: POST /session/c9a9826e9467e2adf4f6d53d0c43572d/element/f.B01393AB514815FEA14A7FB40129B72A.d.FF70F6F89802F47EC06E5D859AB1E314.e.1131/click - {}
RESULT: {}
COMMAND: GET /session/c9a9826e9467e2adf4f6d53d0c43572d/screenshot - {}
RESULT: {}
COMMAND: POST /session/c9a9826e9467e2adf4f6d53d0c43572d/element - {"using":"css selector","value":"div.sapMMessageBoxError"}
RESULT: {"using":"css selector","value":"div.sapMMessageBoxError"}
COMMAND: POST /session/c9a9826e9467e2adf4f6d53d0c43572d/elements - {"using":"css selector","value":"div.sapMMessageBoxError"}
RESULT: {"using":"css selector","value":"div.sapMMessageBoxError"}
COMMAND: POST /session/c9a9826e9467e2adf4f6d53d0c43572d/element - {"using":"xpath","value":"(//bdi[contains(text(), \"Close\")])[1]"}
RESULT: {"using":"xpath","value":"(//bdi[contains(text(), \"Close\")])[1]"}
COMMAND: POST /session/c9a9826e9467e2adf4f6d53d0c43572d/element/f.B01393AB514815FEA14A7FB40129B72A.d.FF70F6F89802F47EC06E5D859AB1E314.e.1136/click - {}
RESULT: {}
COMMAND: GET /session/c9a9826e9467e2adf4f6d53d0c43572d/screenshot - {}
RESULT: {}
COMMAND: POST /session/c9a9826e9467e2adf4f6d53d0c43572d/execute/async - {"script":"<script> [1562 bytes]","args":[{"selector":{"id":"application-ruinventorylist-display-component---Master--ruStateTypes-arrow","searchOpenDialogs":true},"wdio_ui5_key":"applicationruinventorylist-display-component---Master--ruStateTypes-arrow"}]}
RESULT: {"script":"<script> [1562 bytes]","args":[{"selector":{"id":"application-ruinventorylist-display-component---Master--ruStateTypes-arrow","searchOpenDialogs":true},"wdio_ui5_key":"applicationruinventorylist-display-component---Master--ruStateTypes-arrow"}]}
RESULT: undefined
COMMAND: POST /session/c9a9826e9467e2adf4f6d53d0c43572d/element - {"using":"xpath","value":"//*[@id=\"application-ruinventorylist-display-component---Master--ruStateTypes-arrow\"]"}
RESULT: {"using":"xpath","value":"//*[@id=\"application-ruinventorylist-display-component---Master--ruStateTypes-arrow\"]"}
COMMAND: POST /session/c9a9826e9467e2adf4f6d53d0c43572d/element/f.B01393AB514815FEA14A7FB40129B72A.d.FF70F6F89802F47EC06E5D859AB1E314.e.1137/click - {}
RESULT: {}
COMMAND: GET /session/c9a9826e9467e2adf4f6d53d0c43572d/screenshot - {}
RESULT: {}
COMMAND: POST /session/c9a9826e9467e2adf4f6d53d0c43572d/element - {"using":"xpath","value":"//li[.//span[text()=\"defect\"]]"}
RESULT: {"using":"xpath","value":"//li[.//span[text()=\"defect\"]]"}
COMMAND: POST /session/c9a9826e9467e2adf4f6d53d0c43572d/element/f.B01393AB514815FEA14A7FB40129B72A.d.FF70F6F89802F47EC06E5D859AB1E314.e.1138/click - {}
RESULT: {}
COMMAND: GET /session/c9a9826e9467e2adf4f6d53d0c43572d/screenshot - {}
RESULT: {}
COMMAND: POST /session/c9a9826e9467e2adf4f6d53d0c43572d/element - {"using":"xpath","value":"(//span[@data-kt=\"trashMassStateChangeIcon\"])[1]"}
RESULT: {"using":"xpath","value":"(//span[@data-kt=\"trashMassStateChangeIcon\"])[1]"}
COMMAND: POST /session/c9a9826e9467e2adf4f6d53d0c43572d/element/f.B01393AB514815FEA14A7FB40129B72A.d.FF70F6F89802F47EC06E5D859AB1E314.e.1139/click - {}
RESULT: {}
COMMAND: GET /session/c9a9826e9467e2adf4f6d53d0c43572d/screenshot - {}
RESULT: {}
COMMAND: POST /session/c9a9826e9467e2adf4f6d53d0c43572d/element - {"using":"xpath","value":"//table[contains(@id, \"massStateChangeTable-listUl\")]/tbody/tr[1]/td[11]/div/div/div/input"}
RESULT: {"using":"xpath","value":"//table[contains(@id, \"massStateChangeTable-listUl\")]/tbody/tr[1]/td[11]/div/div/div/input"}
COMMAND: GET /session/c9a9826e9467e2adf4f6d53d0c43572d/element/f.B01393AB514815FEA14A7FB40129B72A.d.FF70F6F89802F47EC06E5D859AB1E314.e.1124/property/value - {}
RESULT: {}
COMMAND: POST /session/c9a9826e9467e2adf4f6d53d0c43572d/element - {"using":"xpath","value":"(//span[@data-kt=\"trashMassStateChangeIcon\"])[2]"}
COMMAND: GET /session/c9a9826e9467e2adf4f6d53d0c43572d/screenshot - {}
RESULT: {}
RESULT: {"using":"xpath","value":"(//span[@data-kt=\"trashMassStateChangeIcon\"])[2]"}
COMMAND: POST /session/c9a9826e9467e2adf4f6d53d0c43572d/element/f.B01393AB514815FEA14A7FB40129B72A.d.FF70F6F89802F47EC06E5D859AB1E314.e.1141/click - {}
RESULT: {}
COMMAND: GET /session/c9a9826e9467e2adf4f6d53d0c43572d/screenshot - {}
RESULT: {}
COMMAND: POST /session/c9a9826e9467e2adf4f6d53d0c43572d/element - {"using":"xpath","value":"//table[contains(@id, \"massStateChangeTable-listUl\")]/tbody/tr[2]/td[11]/div/div/div/input"}
RESULT: {"using":"xpath","value":"//table[contains(@id, \"massStateChangeTable-listUl\")]/tbody/tr[2]/td[11]/div/div/div/input"}
COMMAND: GET /session/c9a9826e9467e2adf4f6d53d0c43572d/element/f.B01393AB514815FEA14A7FB40129B72A.d.FF70F6F89802F47EC06E5D859AB1E314.e.1128/property/value - {}
RESULT: {}
COMMAND: POST /session/c9a9826e9467e2adf4f6d53d0c43572d/element - {"using":"xpath","value":"//table[contains(@id, \"massStateChangeTable-listUl\")]/tbody/tr[1]/td[10]/div/span/span[1]"}
COMMAND: GET /session/c9a9826e9467e2adf4f6d53d0c43572d/screenshot - {}
RESULT: {"using":"xpath","value":"//table[contains(@id, \"massStateChangeTable-listUl\")]/tbody/tr[1]/td[10]/div/span/span[1]"}
COMMAND: POST /session/c9a9826e9467e2adf4f6d53d0c43572d/execute/sync - {"script":"<script> [56 bytes]","args":[{"element-6066-11e4-a52e-4f735466cecf":"f.B01393AB514815FEA14A7FB40129B72A.d.FF70F6F89802F47EC06E5D859AB1E314.e.1143","ELEMENT":"f.B01393AB514815FEA14A7FB40129B72A.d.FF70F6F89802F47EC06E5D859AB1E314.e.1143"}]}
RESULT: {}
RESULT: {"script":"<script> [56 bytes]","args":[{"element-6066-11e4-a52e-4f735466cecf":"f.B01393AB514815FEA14A7FB40129B72A.d.FF70F6F89802F47EC06E5D859AB1E314.e.1143","ELEMENT":"f.B01393AB514815FEA14A7FB40129B72A.d.FF70F6F89802F47EC06E5D859AB1E314.e.1143"}]}
COMMAND: POST /session/c9a9826e9467e2adf4f6d53d0c43572d/element - {"using":"xpath","value":"//table[contains(@id, \"massStateChangeTable-listUl\")]/tbody/tr[1]/td[11]/div/div/div/div[2]/span"}
COMMAND: GET /session/c9a9826e9467e2adf4f6d53d0c43572d/screenshot - {}
RESULT: {"using":"xpath","value":"//table[contains(@id, \"massStateChangeTable-listUl\")]/tbody/tr[1]/td[11]/div/div/div/div[2]/span"}
COMMAND: POST /session/c9a9826e9467e2adf4f6d53d0c43572d/element/f.B01393AB514815FEA14A7FB40129B72A.d.FF70F6F89802F47EC06E5D859AB1E314.e.1144/click - {}
RESULT: {}
RESULT: {}
COMMAND: GET /session/c9a9826e9467e2adf4f6d53d0c43572d/screenshot - {}
RESULT: {}
COMMAND: POST /session/c9a9826e9467e2adf4f6d53d0c43572d/element - {"using":"xpath","value":"//table[contains(@id, \"massStateChangeTable-listUl\")]/tbody/tr[1]/td[11]/div/div/div/div[2]/span"}
RESULT: {"using":"xpath","value":"//table[contains(@id, \"massStateChangeTable-listUl\")]/tbody/tr[1]/td[11]/div/div/div/div[2]/span"}
COMMAND: POST /session/c9a9826e9467e2adf4f6d53d0c43572d/element/f.B01393AB514815FEA14A7FB40129B72A.d.FF70F6F89802F47EC06E5D859AB1E314.e.1144/click - {}
RESULT: {}
COMMAND: GET /session/c9a9826e9467e2adf4f6d53d0c43572d/screenshot - {}
RESULT: {}
COMMAND: POST /session/c9a9826e9467e2adf4f6d53d0c43572d/element - {"using":"xpath","value":"//table[contains(@id, \"massStateChangeTable-listUl\")]/tbody/tr[1]/td[11]/div/div/div/div[2]/span"}
RESULT: {"using":"xpath","value":"//table[contains(@id, \"massStateChangeTable-listUl\")]/tbody/tr[1]/td[11]/div/div/div/div[2]/span"}
COMMAND: POST /session/c9a9826e9467e2adf4f6d53d0c43572d/element/f.B01393AB514815FEA14A7FB40129B72A.d.FF70F6F89802F47EC06E5D859AB1E314.e.1144/click - {}
RESULT: {}
COMMAND: GET /session/c9a9826e9467e2adf4f6d53d0c43572d/screenshot - {}
RESULT: {}
COMMAND: POST /session/c9a9826e9467e2adf4f6d53d0c43572d/element - {"using":"xpath","value":"//table[contains(@id, \"massStateChangeTable-listUl\")]/tbody/tr[1]/td[11]/div/div/div/div[2]/span"}
RESULT: {"using":"xpath","value":"//table[contains(@id, \"massStateChangeTable-listUl\")]/tbody/tr[1]/td[11]/div/div/div/div[2]/span"}
COMMAND: POST /session/c9a9826e9467e2adf4f6d53d0c43572d/element/f.B01393AB514815FEA14A7FB40129B72A.d.FF70F6F89802F47EC06E5D859AB1E314.e.1144/click - {}
RESULT: {}
COMMAND: GET /session/c9a9826e9467e2adf4f6d53d0c43572d/screenshot - {}
RESULT: {}
COMMAND: POST /session/c9a9826e9467e2adf4f6d53d0c43572d/element - {"using":"xpath","value":"//table[contains(@id, \"massStateChangeTable-listUl\")]/tbody/tr[1]/td[11]/div/div/div/div[2]/span"}
RESULT: {"using":"xpath","value":"//table[contains(@id, \"massStateChangeTable-listUl\")]/tbody/tr[1]/td[11]/div/div/div/div[2]/span"}
COMMAND: POST /session/c9a9826e9467e2adf4f6d53d0c43572d/element/f.B01393AB514815FEA14A7FB40129B72A.d.FF70F6F89802F47EC06E5D859AB1E314.e.1144/click - {}
RESULT: {}
COMMAND: GET /session/c9a9826e9467e2adf4f6d53d0c43572d/screenshot - {}
RESULT: {}
COMMAND: POST /session/c9a9826e9467e2adf4f6d53d0c43572d/element - {"using":"xpath","value":"//table[contains(@id, \"massStateChangeTable-listUl\")]/tbody/tr[1]/td[11]/div/div/div/div[2]/span"}
RESULT: {"using":"xpath","value":"//table[contains(@id, \"massStateChangeTable-listUl\")]/tbody/tr[1]/td[11]/div/div/div/div[2]/span"}
COMMAND: POST /session/c9a9826e9467e2adf4f6d53d0c43572d/element/f.B01393AB514815FEA14A7FB40129B72A.d.FF70F6F89802F47EC06E5D859AB1E314.e.1144/click - {}
RESULT: {}
COMMAND: GET /session/c9a9826e9467e2adf4f6d53d0c43572d/screenshot - {}
RESULT: {}
COMMAND: POST /session/c9a9826e9467e2adf4f6d53d0c43572d/element - {"using":"xpath","value":"//table[contains(@id, \"massStateChangeTable-listUl\")]/tbody/tr[1]/td[11]/div/div/div/div[2]/span"}
RESULT: {"using":"xpath","value":"//table[contains(@id, \"massStateChangeTable-listUl\")]/tbody/tr[1]/td[11]/div/div/div/div[2]/span"}
COMMAND: POST /session/c9a9826e9467e2adf4f6d53d0c43572d/element/f.B01393AB514815FEA14A7FB40129B72A.d.FF70F6F89802F47EC06E5D859AB1E314.e.1144/click - {}
RESULT: {}
COMMAND: GET /session/c9a9826e9467e2adf4f6d53d0c43572d/screenshot - {}
RESULT: {}
COMMAND: POST /session/c9a9826e9467e2adf4f6d53d0c43572d/element - {"using":"xpath","value":"//table[contains(@id, \"massStateChangeTable-listUl\")]/tbody/tr[1]/td[11]/div/div/div/div[2]/span"}
RESULT: {"using":"xpath","value":"//table[contains(@id, \"massStateChangeTable-listUl\")]/tbody/tr[1]/td[11]/div/div/div/div[2]/span"}
COMMAND: POST /session/c9a9826e9467e2adf4f6d53d0c43572d/element/f.B01393AB514815FEA14A7FB40129B72A.d.FF70F6F89802F47EC06E5D859AB1E314.e.1144/click - {}
RESULT: {}
COMMAND: GET /session/c9a9826e9467e2adf4f6d53d0c43572d/screenshot - {}
RESULT: {}
COMMAND: POST /session/c9a9826e9467e2adf4f6d53d0c43572d/element - {"using":"xpath","value":"//table[contains(@id, \"massStateChangeTable-listUl\")]/tbody/tr[1]/td[11]/div/div/div/div[2]/span"}
RESULT: {"using":"xpath","value":"//table[contains(@id, \"massStateChangeTable-listUl\")]/tbody/tr[1]/td[11]/div/div/div/div[2]/span"}
COMMAND: POST /session/c9a9826e9467e2adf4f6d53d0c43572d/element/f.B01393AB514815FEA14A7FB40129B72A.d.FF70F6F89802F47EC06E5D859AB1E314.e.1144/click - {}
RESULT: {}
COMMAND: GET /session/c9a9826e9467e2adf4f6d53d0c43572d/screenshot - {}
RESULT: {}
COMMAND: POST /session/c9a9826e9467e2adf4f6d53d0c43572d/element - {"using":"xpath","value":"//table[contains(@id, \"massStateChangeTable-listUl\")]/tbody/tr[1]/td[11]/div/div/div/div[2]/span"}
RESULT: {"using":"xpath","value":"//table[contains(@id, \"massStateChangeTable-listUl\")]/tbody/tr[1]/td[11]/div/div/div/div[2]/span"}
COMMAND: POST /session/c9a9826e9467e2adf4f6d53d0c43572d/element/f.B01393AB514815FEA14A7FB40129B72A.d.FF70F6F89802F47EC06E5D859AB1E314.e.1144/click - {}
RESULT: {}
COMMAND: GET /session/c9a9826e9467e2adf4f6d53d0c43572d/screenshot - {}
RESULT: {}
COMMAND: POST /session/c9a9826e9467e2adf4f6d53d0c43572d/element - {"using":"xpath","value":"//table[contains(@id, \"massStateChangeTable-listUl\")]/tbody/tr[1]/td[11]/div/div/div/div[2]/span"}
RESULT: {"using":"xpath","value":"//table[contains(@id, \"massStateChangeTable-listUl\")]/tbody/tr[1]/td[11]/div/div/div/div[2]/span"}
COMMAND: POST /session/c9a9826e9467e2adf4f6d53d0c43572d/element/f.B01393AB514815FEA14A7FB40129B72A.d.FF70F6F89802F47EC06E5D859AB1E314.e.1144/click - {}
RESULT: {}
COMMAND: GET /session/c9a9826e9467e2adf4f6d53d0c43572d/screenshot - {}
RESULT: {}
COMMAND: POST /session/c9a9826e9467e2adf4f6d53d0c43572d/element - {"using":"xpath","value":"//table[contains(@id, \"massStateChangeTable-listUl\")]/tbody/tr[1]/td[11]/div/div/div/div[2]/span"}
RESULT: {"using":"xpath","value":"//table[contains(@id, \"massStateChangeTable-listUl\")]/tbody/tr[1]/td[11]/div/div/div/div[2]/span"}
COMMAND: POST /session/c9a9826e9467e2adf4f6d53d0c43572d/element/f.B01393AB514815FEA14A7FB40129B72A.d.FF70F6F89802F47EC06E5D859AB1E314.e.1144/click - {}
RESULT: {}
COMMAND: GET /session/c9a9826e9467e2adf4f6d53d0c43572d/screenshot - {}
RESULT: {}
COMMAND: POST /session/c9a9826e9467e2adf4f6d53d0c43572d/element - {"using":"xpath","value":"//table[contains(@id, \"massStateChangeTable-listUl\")]/tbody/tr[1]/td[11]/div/div/div/div[2]/span"}
RESULT: {"using":"xpath","value":"//table[contains(@id, \"massStateChangeTable-listUl\")]/tbody/tr[1]/td[11]/div/div/div/div[2]/span"}
COMMAND: POST /session/c9a9826e9467e2adf4f6d53d0c43572d/element/f.B01393AB514815FEA14A7FB40129B72A.d.FF70F6F89802F47EC06E5D859AB1E314.e.1144/click - {}
RESULT: {}
COMMAND: GET /session/c9a9826e9467e2adf4f6d53d0c43572d/screenshot - {}
RESULT: {}
COMMAND: POST /session/c9a9826e9467e2adf4f6d53d0c43572d/element - {"using":"xpath","value":"//table[contains(@id, \"massStateChangeTable-listUl\")]/tbody/tr[1]/td[11]/div/div/div/div[2]/span"}
RESULT: {"using":"xpath","value":"//table[contains(@id, \"massStateChangeTable-listUl\")]/tbody/tr[1]/td[11]/div/div/div/div[2]/span"}
COMMAND: POST /session/c9a9826e9467e2adf4f6d53d0c43572d/element/f.B01393AB514815FEA14A7FB40129B72A.d.FF70F6F89802F47EC06E5D859AB1E314.e.1144/click - {}
RESULT: {}
COMMAND: GET /session/c9a9826e9467e2adf4f6d53d0c43572d/screenshot - {}
RESULT: {}
COMMAND: POST /session/c9a9826e9467e2adf4f6d53d0c43572d/element - {"using":"xpath","value":"//table[contains(@id, \"massStateChangeTable-listUl\")]/tbody/tr[1]/td[11]/div/div/div/div[2]/span"}
RESULT: {"using":"xpath","value":"//table[contains(@id, \"massStateChangeTable-listUl\")]/tbody/tr[1]/td[11]/div/div/div/div[2]/span"}
COMMAND: POST /session/c9a9826e9467e2adf4f6d53d0c43572d/element/f.B01393AB514815FEA14A7FB40129B72A.d.FF70F6F89802F47EC06E5D859AB1E314.e.1144/click - {}
RESULT: {}
COMMAND: GET /session/c9a9826e9467e2adf4f6d53d0c43572d/screenshot - {}
RESULT: {}
COMMAND: POST /session/c9a9826e9467e2adf4f6d53d0c43572d/element - {"using":"xpath","value":"//table[contains(@id, \"massStateChangeTable-listUl\")]/tbody/tr[1]/td[11]/div/div/div/div[2]/span"}
RESULT: {"using":"xpath","value":"//table[contains(@id, \"massStateChangeTable-listUl\")]/tbody/tr[1]/td[11]/div/div/div/div[2]/span"}
COMMAND: POST /session/c9a9826e9467e2adf4f6d53d0c43572d/element/f.B01393AB514815FEA14A7FB40129B72A.d.FF70F6F89802F47EC06E5D859AB1E314.e.1144/click - {}
RESULT: {}
COMMAND: GET /session/c9a9826e9467e2adf4f6d53d0c43572d/screenshot - {}
RESULT: {}
COMMAND: POST /session/c9a9826e9467e2adf4f6d53d0c43572d/element - {"using":"xpath","value":"//table[contains(@id, \"massStateChangeTable-listUl\")]/tbody/tr[1]/td[11]/div/div/div/div[2]/span"}
RESULT: {"using":"xpath","value":"//table[contains(@id, \"massStateChangeTable-listUl\")]/tbody/tr[1]/td[11]/div/div/div/div[2]/span"}
COMMAND: POST /session/c9a9826e9467e2adf4f6d53d0c43572d/element/f.B01393AB514815FEA14A7FB40129B72A.d.FF70F6F89802F47EC06E5D859AB1E314.e.1144/click - {}
RESULT: {}
COMMAND: GET /session/c9a9826e9467e2adf4f6d53d0c43572d/screenshot - {}
RESULT: {}
COMMAND: POST /session/c9a9826e9467e2adf4f6d53d0c43572d/element - {"using":"xpath","value":"//table[contains(@id, \"massStateChangeTable-listUl\")]/tbody/tr[1]/td[11]/div/div/div/div[2]/span"}
RESULT: {"using":"xpath","value":"//table[contains(@id, \"massStateChangeTable-listUl\")]/tbody/tr[1]/td[11]/div/div/div/div[2]/span"}
COMMAND: POST /session/c9a9826e9467e2adf4f6d53d0c43572d/element/f.B01393AB514815FEA14A7FB40129B72A.d.FF70F6F89802F47EC06E5D859AB1E314.e.1144/click - {}
RESULT: {}
COMMAND: GET /session/c9a9826e9467e2adf4f6d53d0c43572d/screenshot - {}
RESULT: {}
COMMAND: POST /session/c9a9826e9467e2adf4f6d53d0c43572d/element - {"using":"xpath","value":"//table[contains(@id, \"massStateChangeTable-listUl\")]/tbody/tr[1]/td[11]/div/div/div/div[2]/span"}
RESULT: {"using":"xpath","value":"//table[contains(@id, \"massStateChangeTable-listUl\")]/tbody/tr[1]/td[11]/div/div/div/div[2]/span"}
COMMAND: POST /session/c9a9826e9467e2adf4f6d53d0c43572d/element/f.B01393AB514815FEA14A7FB40129B72A.d.FF70F6F89802F47EC06E5D859AB1E314.e.1144/click - {}
RESULT: {}
COMMAND: GET /session/c9a9826e9467e2adf4f6d53d0c43572d/screenshot - {}
RESULT: {}
COMMAND: POST /session/c9a9826e9467e2adf4f6d53d0c43572d/element - {"using":"xpath","value":"//table[contains(@id, \"massStateChangeTable-listUl\")]/tbody/tr[1]/td[11]/div/div/div/div[2]/span"}
RESULT: {"using":"xpath","value":"//table[contains(@id, \"massStateChangeTable-listUl\")]/tbody/tr[1]/td[11]/div/div/div/div[2]/span"}
COMMAND: POST /session/c9a9826e9467e2adf4f6d53d0c43572d/element/f.B01393AB514815FEA14A7FB40129B72A.d.FF70F6F89802F47EC06E5D859AB1E314.e.1144/click - {}
RESULT: {}
COMMAND: GET /session/c9a9826e9467e2adf4f6d53d0c43572d/screenshot - {}
RESULT: {}
COMMAND: POST /session/c9a9826e9467e2adf4f6d53d0c43572d/element - {"using":"xpath","value":"//table[contains(@id, \"massStateChangeTable-listUl\")]/tbody/tr[1]/td[11]/div/div/div/div[2]/span"}
RESULT: {"using":"xpath","value":"//table[contains(@id, \"massStateChangeTable-listUl\")]/tbody/tr[1]/td[11]/div/div/div/div[2]/span"}
COMMAND: POST /session/c9a9826e9467e2adf4f6d53d0c43572d/element/f.B01393AB514815FEA14A7FB40129B72A.d.FF70F6F89802F47EC06E5D859AB1E314.e.1144/click - {}
RESULT: {}
COMMAND: GET /session/c9a9826e9467e2adf4f6d53d0c43572d/screenshot - {}
RESULT: {}
COMMAND: POST /session/c9a9826e9467e2adf4f6d53d0c43572d/element - {"using":"xpath","value":"//table[contains(@id, \"massStateChangeTable-listUl\")]/tbody/tr[1]/td[11]/div/div/div/div[2]/span"}
RESULT: {"using":"xpath","value":"//table[contains(@id, \"massStateChangeTable-listUl\")]/tbody/tr[1]/td[11]/div/div/div/div[2]/span"}
COMMAND: POST /session/c9a9826e9467e2adf4f6d53d0c43572d/element/f.B01393AB514815FEA14A7FB40129B72A.d.FF70F6F89802F47EC06E5D859AB1E314.e.1144/click - {}
RESULT: {}
COMMAND: GET /session/c9a9826e9467e2adf4f6d53d0c43572d/screenshot - {}
RESULT: {}
COMMAND: POST /session/c9a9826e9467e2adf4f6d53d0c43572d/element - {"using":"xpath","value":"//table[contains(@id, \"massStateChangeTable-listUl\")]/tbody/tr[1]/td[11]/div/div/div/div[2]/span"}
RESULT: {"using":"xpath","value":"//table[contains(@id, \"massStateChangeTable-listUl\")]/tbody/tr[1]/td[11]/div/div/div/div[2]/span"}
COMMAND: POST /session/c9a9826e9467e2adf4f6d53d0c43572d/element/f.B01393AB514815FEA14A7FB40129B72A.d.FF70F6F89802F47EC06E5D859AB1E314.e.1144/click - {}
RESULT: {}
COMMAND: GET /session/c9a9826e9467e2adf4f6d53d0c43572d/screenshot - {}
RESULT: {}
COMMAND: POST /session/c9a9826e9467e2adf4f6d53d0c43572d/element - {"using":"xpath","value":"//table[contains(@id, \"massStateChangeTable-listUl\")]/tbody/tr[1]/td[11]/div/div/div/div[2]/span"}
RESULT: {"using":"xpath","value":"//table[contains(@id, \"massStateChangeTable-listUl\")]/tbody/tr[1]/td[11]/div/div/div/div[2]/span"}
COMMAND: POST /session/c9a9826e9467e2adf4f6d53d0c43572d/element/f.B01393AB514815FEA14A7FB40129B72A.d.FF70F6F89802F47EC06E5D859AB1E314.e.1144/click - {}
RESULT: {}
COMMAND: GET /session/c9a9826e9467e2adf4f6d53d0c43572d/screenshot - {}
RESULT: {}
COMMAND: POST /session/c9a9826e9467e2adf4f6d53d0c43572d/element - {"using":"xpath","value":"//table[contains(@id, \"massStateChangeTable-listUl\")]/tbody/tr[1]/td[11]/div/div/div/div[2]/span"}
RESULT: {"using":"xpath","value":"//table[contains(@id, \"massStateChangeTable-listUl\")]/tbody/tr[1]/td[11]/div/div/div/div[2]/span"}
COMMAND: POST /session/c9a9826e9467e2adf4f6d53d0c43572d/element/f.B01393AB514815FEA14A7FB40129B72A.d.FF70F6F89802F47EC06E5D859AB1E314.e.1144/click - {}
RESULT: {}
COMMAND: GET /session/c9a9826e9467e2adf4f6d53d0c43572d/screenshot - {}
RESULT: {}
COMMAND: POST /session/c9a9826e9467e2adf4f6d53d0c43572d/element - {"using":"xpath","value":"//table[contains(@id, \"massStateChangeTable-listUl\")]/tbody/tr[1]/td[11]/div/div/div/div[2]/span"}
RESULT: {"using":"xpath","value":"//table[contains(@id, \"massStateChangeTable-listUl\")]/tbody/tr[1]/td[11]/div/div/div/div[2]/span"}
COMMAND: POST /session/c9a9826e9467e2adf4f6d53d0c43572d/element/f.B01393AB514815FEA14A7FB40129B72A.d.FF70F6F89802F47EC06E5D859AB1E314.e.1144/click - {}
RESULT: {}
COMMAND: GET /session/c9a9826e9467e2adf4f6d53d0c43572d/screenshot - {}
RESULT: {}
COMMAND: POST /session/c9a9826e9467e2adf4f6d53d0c43572d/element - {"using":"xpath","value":"//table[contains(@id, \"massStateChangeTable-listUl\")]/tbody/tr[1]/td[11]/div/div/div/div[2]/span"}
RESULT: {"using":"xpath","value":"//table[contains(@id, \"massStateChangeTable-listUl\")]/tbody/tr[1]/td[11]/div/div/div/div[2]/span"}
COMMAND: POST /session/c9a9826e9467e2adf4f6d53d0c43572d/element/f.B01393AB514815FEA14A7FB40129B72A.d.FF70F6F89802F47EC06E5D859AB1E314.e.1144/click - {}
RESULT: {}
COMMAND: GET /session/c9a9826e9467e2adf4f6d53d0c43572d/screenshot - {}
RESULT: {}
COMMAND: POST /session/c9a9826e9467e2adf4f6d53d0c43572d/element - {"using":"xpath","value":"//table[contains(@id, \"massStateChangeTable-listUl\")]/tbody/tr[1]/td[11]/div/div/div/div[2]/span"}
RESULT: {"using":"xpath","value":"//table[contains(@id, \"massStateChangeTable-listUl\")]/tbody/tr[1]/td[11]/div/div/div/div[2]/span"}
COMMAND: POST /session/c9a9826e9467e2adf4f6d53d0c43572d/element/f.B01393AB514815FEA14A7FB40129B72A.d.FF70F6F89802F47EC06E5D859AB1E314.e.1144/click - {}
RESULT: {}
COMMAND: GET /session/c9a9826e9467e2adf4f6d53d0c43572d/screenshot - {}
RESULT: {}
COMMAND: POST /session/c9a9826e9467e2adf4f6d53d0c43572d/element - {"using":"xpath","value":"//table[contains(@id, \"massStateChangeTable-listUl\")]/tbody/tr[1]/td[11]/div/div/div/div[2]/span"}
RESULT: {"using":"xpath","value":"//table[contains(@id, \"massStateChangeTable-listUl\")]/tbody/tr[1]/td[11]/div/div/div/div[2]/span"}
COMMAND: POST /session/c9a9826e9467e2adf4f6d53d0c43572d/element/f.B01393AB514815FEA14A7FB40129B72A.d.FF70F6F89802F47EC06E5D859AB1E314.e.1144/click - {}
RESULT: {}
COMMAND: GET /session/c9a9826e9467e2adf4f6d53d0c43572d/screenshot - {}
RESULT: {}
COMMAND: POST /session/c9a9826e9467e2adf4f6d53d0c43572d/element - {"using":"xpath","value":"//table[contains(@id, \"massStateChangeTable-listUl\")]/tbody/tr[1]/td[11]/div/div/div/div[2]/span"}
RESULT: {"using":"xpath","value":"//table[contains(@id, \"massStateChangeTable-listUl\")]/tbody/tr[1]/td[11]/div/div/div/div[2]/span"}
COMMAND: POST /session/c9a9826e9467e2adf4f6d53d0c43572d/element/f.B01393AB514815FEA14A7FB40129B72A.d.FF70F6F89802F47EC06E5D859AB1E314.e.1144/click - {}
RESULT: {}
COMMAND: GET /session/c9a9826e9467e2adf4f6d53d0c43572d/screenshot - {}
RESULT: {}
COMMAND: POST /session/c9a9826e9467e2adf4f6d53d0c43572d/element - {"using":"xpath","value":"//table[contains(@id, \"massStateChangeTable-listUl\")]/tbody/tr[1]/td[11]/div/div/div/div[2]/span"}
RESULT: {"using":"xpath","value":"//table[contains(@id, \"massStateChangeTable-listUl\")]/tbody/tr[1]/td[11]/div/div/div/div[2]/span"}
COMMAND: POST /session/c9a9826e9467e2adf4f6d53d0c43572d/element/f.B01393AB514815FEA14A7FB40129B72A.d.FF70F6F89802F47EC06E5D859AB1E314.e.1144/click - {}
RESULT: {}
COMMAND: GET /session/c9a9826e9467e2adf4f6d53d0c43572d/screenshot - {}
RESULT: {}
COMMAND: POST /session/c9a9826e9467e2adf4f6d53d0c43572d/element - {"using":"xpath","value":"//table[contains(@id, \"massStateChangeTable-listUl\")]/tbody/tr[1]/td[11]/div/div/div/div[2]/span"}
RESULT: {"using":"xpath","value":"//table[contains(@id, \"massStateChangeTable-listUl\")]/tbody/tr[1]/td[11]/div/div/div/div[2]/span"}
COMMAND: POST /session/c9a9826e9467e2adf4f6d53d0c43572d/element/f.B01393AB514815FEA14A7FB40129B72A.d.FF70F6F89802F47EC06E5D859AB1E314.e.1144/click - {}
RESULT: {}
COMMAND: GET /session/c9a9826e9467e2adf4f6d53d0c43572d/screenshot - {}
RESULT: {}
COMMAND: POST /session/c9a9826e9467e2adf4f6d53d0c43572d/element - {"using":"xpath","value":"//table[contains(@id, \"massStateChangeTable-listUl\")]/tbody/tr[1]/td[11]/div/div/div/div[2]/span"}
RESULT: {"using":"xpath","value":"//table[contains(@id, \"massStateChangeTable-listUl\")]/tbody/tr[1]/td[11]/div/div/div/div[2]/span"}
COMMAND: POST /session/c9a9826e9467e2adf4f6d53d0c43572d/element/f.B01393AB514815FEA14A7FB40129B72A.d.FF70F6F89802F47EC06E5D859AB1E314.e.1144/click - {}
RESULT: {}
COMMAND: GET /session/c9a9826e9467e2adf4f6d53d0c43572d/screenshot - {}
RESULT: {}
COMMAND: POST /session/c9a9826e9467e2adf4f6d53d0c43572d/element - {"using":"xpath","value":"//table[contains(@id, \"massStateChangeTable-listUl\")]/tbody/tr[1]/td[11]/div/div/div/div[2]/span"}
RESULT: {"using":"xpath","value":"//table[contains(@id, \"massStateChangeTable-listUl\")]/tbody/tr[1]/td[11]/div/div/div/div[2]/span"}
COMMAND: POST /session/c9a9826e9467e2adf4f6d53d0c43572d/element/f.B01393AB514815FEA14A7FB40129B72A.d.FF70F6F89802F47EC06E5D859AB1E314.e.1144/click - {}
RESULT: {}
COMMAND: GET /session/c9a9826e9467e2adf4f6d53d0c43572d/screenshot - {}
RESULT: {}
COMMAND: POST /session/c9a9826e9467e2adf4f6d53d0c43572d/element - {"using":"xpath","value":"//table[contains(@id, \"massStateChangeTable-listUl\")]/tbody/tr[1]/td[11]/div/div/div/div[2]/span"}
RESULT: {"using":"xpath","value":"//table[contains(@id, \"massStateChangeTable-listUl\")]/tbody/tr[1]/td[11]/div/div/div/div[2]/span"}
COMMAND: POST /session/c9a9826e9467e2adf4f6d53d0c43572d/element/f.B01393AB514815FEA14A7FB40129B72A.d.FF70F6F89802F47EC06E5D859AB1E314.e.1144/click - {}
RESULT: {}
COMMAND: GET /session/c9a9826e9467e2adf4f6d53d0c43572d/screenshot - {}
RESULT: {}
COMMAND: POST /session/c9a9826e9467e2adf4f6d53d0c43572d/element - {"using":"xpath","value":"//table[contains(@id, \"massStateChangeTable-listUl\")]/tbody/tr[1]/td[11]/div/div/div/div[2]/span"}
RESULT: {"using":"xpath","value":"//table[contains(@id, \"massStateChangeTable-listUl\")]/tbody/tr[1]/td[11]/div/div/div/div[2]/span"}
COMMAND: POST /session/c9a9826e9467e2adf4f6d53d0c43572d/element/f.B01393AB514815FEA14A7FB40129B72A.d.FF70F6F89802F47EC06E5D859AB1E314.e.1144/click - {}
RESULT: {}
COMMAND: GET /session/c9a9826e9467e2adf4f6d53d0c43572d/screenshot - {}
RESULT: {}
COMMAND: POST /session/c9a9826e9467e2adf4f6d53d0c43572d/element - {"using":"xpath","value":"//table[contains(@id, \"massStateChangeTable-listUl\")]/tbody/tr[1]/td[11]/div/div/div/div[2]/span"}
RESULT: {"using":"xpath","value":"//table[contains(@id, \"massStateChangeTable-listUl\")]/tbody/tr[1]/td[11]/div/div/div/div[2]/span"}
COMMAND: POST /session/c9a9826e9467e2adf4f6d53d0c43572d/element/f.B01393AB514815FEA14A7FB40129B72A.d.FF70F6F89802F47EC06E5D859AB1E314.e.1144/click - {}
RESULT: {}
COMMAND: GET /session/c9a9826e9467e2adf4f6d53d0c43572d/screenshot - {}
RESULT: {}
COMMAND: POST /session/c9a9826e9467e2adf4f6d53d0c43572d/element - {"using":"xpath","value":"//table[contains(@id, \"massStateChangeTable-listUl\")]/tbody/tr[1]/td[11]/div/div/div/div[2]/span"}
RESULT: {"using":"xpath","value":"//table[contains(@id, \"massStateChangeTable-listUl\")]/tbody/tr[1]/td[11]/div/div/div/div[2]/span"}
COMMAND: POST /session/c9a9826e9467e2adf4f6d53d0c43572d/element/f.B01393AB514815FEA14A7FB40129B72A.d.FF70F6F89802F47EC06E5D859AB1E314.e.1144/click - {}
RESULT: {}
COMMAND: GET /session/c9a9826e9467e2adf4f6d53d0c43572d/screenshot - {}
RESULT: {}
COMMAND: POST /session/c9a9826e9467e2adf4f6d53d0c43572d/element - {"using":"xpath","value":"//table[contains(@id, \"massStateChangeTable-listUl\")]/tbody/tr[1]/td[11]/div/div/div/div[2]/span"}
RESULT: {"using":"xpath","value":"//table[contains(@id, \"massStateChangeTable-listUl\")]/tbody/tr[1]/td[11]/div/div/div/div[2]/span"}
COMMAND: POST /session/c9a9826e9467e2adf4f6d53d0c43572d/element/f.B01393AB514815FEA14A7FB40129B72A.d.FF70F6F89802F47EC06E5D859AB1E314.e.1144/click - {}
RESULT: {}
COMMAND: GET /session/c9a9826e9467e2adf4f6d53d0c43572d/screenshot - {}
RESULT: {}
COMMAND: POST /session/c9a9826e9467e2adf4f6d53d0c43572d/element - {"using":"xpath","value":"//table[contains(@id, \"massStateChangeTable-listUl\")]/tbody/tr[1]/td[11]/div/div/div/div[2]/span"}
RESULT: {"using":"xpath","value":"//table[contains(@id, \"massStateChangeTable-listUl\")]/tbody/tr[1]/td[11]/div/div/div/div[2]/span"}
COMMAND: POST /session/c9a9826e9467e2adf4f6d53d0c43572d/element/f.B01393AB514815FEA14A7FB40129B72A.d.FF70F6F89802F47EC06E5D859AB1E314.e.1144/click - {}
RESULT: {}
COMMAND: GET /session/c9a9826e9467e2adf4f6d53d0c43572d/screenshot - {}
RESULT: {}
COMMAND: POST /session/c9a9826e9467e2adf4f6d53d0c43572d/element - {"using":"xpath","value":"//table[contains(@id, \"massStateChangeTable-listUl\")]/tbody/tr[1]/td[11]/div/div/div/div[2]/span"}
RESULT: {"using":"xpath","value":"//table[contains(@id, \"massStateChangeTable-listUl\")]/tbody/tr[1]/td[11]/div/div/div/div[2]/span"}
COMMAND: POST /session/c9a9826e9467e2adf4f6d53d0c43572d/element/f.B01393AB514815FEA14A7FB40129B72A.d.FF70F6F89802F47EC06E5D859AB1E314.e.1144/click - {}
RESULT: {}
COMMAND: GET /session/c9a9826e9467e2adf4f6d53d0c43572d/screenshot - {}
RESULT: {}
COMMAND: POST /session/c9a9826e9467e2adf4f6d53d0c43572d/element - {"using":"xpath","value":"//table[contains(@id, \"massStateChangeTable-listUl\")]/tbody/tr[1]/td[11]/div/div/div/div[2]/span"}
RESULT: {"using":"xpath","value":"//table[contains(@id, \"massStateChangeTable-listUl\")]/tbody/tr[1]/td[11]/div/div/div/div[2]/span"}
COMMAND: POST /session/c9a9826e9467e2adf4f6d53d0c43572d/element/f.B01393AB514815FEA14A7FB40129B72A.d.FF70F6F89802F47EC06E5D859AB1E314.e.1144/click - {}
RESULT: {}
COMMAND: GET /session/c9a9826e9467e2adf4f6d53d0c43572d/screenshot - {}
RESULT: {}
COMMAND: POST /session/c9a9826e9467e2adf4f6d53d0c43572d/element - {"using":"xpath","value":"//table[contains(@id, \"massStateChangeTable-listUl\")]/tbody/tr[1]/td[11]/div/div/div/div[2]/span"}
RESULT: {"using":"xpath","value":"//table[contains(@id, \"massStateChangeTable-listUl\")]/tbody/tr[1]/td[11]/div/div/div/div[2]/span"}
COMMAND: POST /session/c9a9826e9467e2adf4f6d53d0c43572d/element/f.B01393AB514815FEA14A7FB40129B72A.d.FF70F6F89802F47EC06E5D859AB1E314.e.1144/click - {}
RESULT: {}
COMMAND: GET /session/c9a9826e9467e2adf4f6d53d0c43572d/screenshot - {}
RESULT: {}
COMMAND: POST /session/c9a9826e9467e2adf4f6d53d0c43572d/element - {"using":"xpath","value":"//table[contains(@id, \"massStateChangeTable-listUl\")]/tbody/tr[1]/td[11]/div/div/div/div[2]/span"}
RESULT: {"using":"xpath","value":"//table[contains(@id, \"massStateChangeTable-listUl\")]/tbody/tr[1]/td[11]/div/div/div/div[2]/span"}
COMMAND: POST /session/c9a9826e9467e2adf4f6d53d0c43572d/element/f.B01393AB514815FEA14A7FB40129B72A.d.FF70F6F89802F47EC06E5D859AB1E314.e.1144/click - {}
RESULT: {}
COMMAND: GET /session/c9a9826e9467e2adf4f6d53d0c43572d/screenshot - {}
RESULT: {}
COMMAND: POST /session/c9a9826e9467e2adf4f6d53d0c43572d/element - {"using":"xpath","value":"//table[contains(@id, \"massStateChangeTable-listUl\")]/tbody/tr[1]/td[11]/div/div/div/div[2]/span"}
RESULT: {"using":"xpath","value":"//table[contains(@id, \"massStateChangeTable-listUl\")]/tbody/tr[1]/td[11]/div/div/div/div[2]/span"}
COMMAND: POST /session/c9a9826e9467e2adf4f6d53d0c43572d/element/f.B01393AB514815FEA14A7FB40129B72A.d.FF70F6F89802F47EC06E5D859AB1E314.e.1144/click - {}
RESULT: {}
COMMAND: GET /session/c9a9826e9467e2adf4f6d53d0c43572d/screenshot - {}
RESULT: {}
COMMAND: POST /session/c9a9826e9467e2adf4f6d53d0c43572d/element - {"using":"xpath","value":"//table[contains(@id, \"massStateChangeTable-listUl\")]/tbody/tr[1]/td[11]/div/div/div/div[2]/span"}
RESULT: {"using":"xpath","value":"//table[contains(@id, \"massStateChangeTable-listUl\")]/tbody/tr[1]/td[11]/div/div/div/div[2]/span"}
COMMAND: POST /session/c9a9826e9467e2adf4f6d53d0c43572d/element/f.B01393AB514815FEA14A7FB40129B72A.d.FF70F6F89802F47EC06E5D859AB1E314.e.1144/click - {}
RESULT: {}
COMMAND: GET /session/c9a9826e9467e2adf4f6d53d0c43572d/screenshot - {}
RESULT: {}
COMMAND: POST /session/c9a9826e9467e2adf4f6d53d0c43572d/element - {"using":"xpath","value":"//table[contains(@id, \"massStateChangeTable-listUl\")]/tbody/tr[1]/td[11]/div/div/div/div[2]/span"}
RESULT: {"using":"xpath","value":"//table[contains(@id, \"massStateChangeTable-listUl\")]/tbody/tr[1]/td[11]/div/div/div/div[2]/span"}
COMMAND: POST /session/c9a9826e9467e2adf4f6d53d0c43572d/element/f.B01393AB514815FEA14A7FB40129B72A.d.FF70F6F89802F47EC06E5D859AB1E314.e.1144/click - {}
RESULT: {}
COMMAND: GET /session/c9a9826e9467e2adf4f6d53d0c43572d/screenshot - {}
RESULT: {}
COMMAND: POST /session/c9a9826e9467e2adf4f6d53d0c43572d/element - {"using":"xpath","value":"//table[contains(@id, \"massStateChangeTable-listUl\")]/tbody/tr[1]/td[11]/div/div/div/div[2]/span"}
RESULT: {"using":"xpath","value":"//table[contains(@id, \"massStateChangeTable-listUl\")]/tbody/tr[1]/td[11]/div/div/div/div[2]/span"}
COMMAND: POST /session/c9a9826e9467e2adf4f6d53d0c43572d/element/f.B01393AB514815FEA14A7FB40129B72A.d.FF70F6F89802F47EC06E5D859AB1E314.e.1144/click - {}
RESULT: {}
COMMAND: GET /session/c9a9826e9467e2adf4f6d53d0c43572d/screenshot - {}
RESULT: {}
COMMAND: POST /session/c9a9826e9467e2adf4f6d53d0c43572d/element - {"using":"xpath","value":"//table[contains(@id, \"massStateChangeTable-listUl\")]/tbody/tr[1]/td[11]/div/div/div/div[2]/span"}
RESULT: {"using":"xpath","value":"//table[contains(@id, \"massStateChangeTable-listUl\")]/tbody/tr[1]/td[11]/div/div/div/div[2]/span"}
COMMAND: POST /session/c9a9826e9467e2adf4f6d53d0c43572d/element/f.B01393AB514815FEA14A7FB40129B72A.d.FF70F6F89802F47EC06E5D859AB1E314.e.1144/click - {}
RESULT: {}
COMMAND: GET /session/c9a9826e9467e2adf4f6d53d0c43572d/screenshot - {}
RESULT: {}
COMMAND: POST /session/c9a9826e9467e2adf4f6d53d0c43572d/element - {"using":"xpath","value":"//table[contains(@id, \"massStateChangeTable-listUl\")]/tbody/tr[1]/td[11]/div/div/div/div[2]/span"}
RESULT: {"using":"xpath","value":"//table[contains(@id, \"massStateChangeTable-listUl\")]/tbody/tr[1]/td[11]/div/div/div/div[2]/span"}
COMMAND: POST /session/c9a9826e9467e2adf4f6d53d0c43572d/element/f.B01393AB514815FEA14A7FB40129B72A.d.FF70F6F89802F47EC06E5D859AB1E314.e.1144/click - {}
RESULT: {}
COMMAND: GET /session/c9a9826e9467e2adf4f6d53d0c43572d/screenshot - {}
RESULT: {}
COMMAND: POST /session/c9a9826e9467e2adf4f6d53d0c43572d/element - {"using":"xpath","value":"//table[contains(@id, \"massStateChangeTable-listUl\")]/tbody/tr[2]/td[11]/div/div/div/div[2]/span"}
RESULT: {"using":"xpath","value":"//table[contains(@id, \"massStateChangeTable-listUl\")]/tbody/tr[2]/td[11]/div/div/div/div[2]/span"}
COMMAND: POST /session/c9a9826e9467e2adf4f6d53d0c43572d/element/f.B01393AB514815FEA14A7FB40129B72A.d.FF70F6F89802F47EC06E5D859AB1E314.e.1145/click - {}
RESULT: {}
COMMAND: GET /session/c9a9826e9467e2adf4f6d53d0c43572d/screenshot - {}
RESULT: {}
COMMAND: POST /session/c9a9826e9467e2adf4f6d53d0c43572d/element - {"using":"xpath","value":"//table[contains(@id, \"massStateChangeTable-listUl\")]/tbody/tr[1]/td[11]/div/div/div/input"}
RESULT: {"using":"xpath","value":"//table[contains(@id, \"massStateChangeTable-listUl\")]/tbody/tr[1]/td[11]/div/div/div/input"}
COMMAND: GET /session/c9a9826e9467e2adf4f6d53d0c43572d/element/f.B01393AB514815FEA14A7FB40129B72A.d.FF70F6F89802F47EC06E5D859AB1E314.e.1124/property/value - {}
RESULT: {}
COMMAND: POST /session/c9a9826e9467e2adf4f6d53d0c43572d/element - {"using":"xpath","value":"//table[contains(@id, \"massStateChangeTable-listUl\")]/tbody/tr[2]/td[11]/div/div/div/input"}
COMMAND: GET /session/c9a9826e9467e2adf4f6d53d0c43572d/screenshot - {}
RESULT: {"using":"xpath","value":"//table[contains(@id, \"massStateChangeTable-listUl\")]/tbody/tr[2]/td[11]/div/div/div/input"}
COMMAND: GET /session/c9a9826e9467e2adf4f6d53d0c43572d/element/f.B01393AB514815FEA14A7FB40129B72A.d.FF70F6F89802F47EC06E5D859AB1E314.e.1128/property/value - {}
RESULT: {}
RESULT: {}
COMMAND: POST /session/c9a9826e9467e2adf4f6d53d0c43572d/element - {"using":"xpath","value":"(//bdi[contains(text(), \"OK\")])[1]"}
COMMAND: GET /session/c9a9826e9467e2adf4f6d53d0c43572d/screenshot - {}
RESULT: {"using":"xpath","value":"(//bdi[contains(text(), \"OK\")])[1]"}
COMMAND: POST /session/c9a9826e9467e2adf4f6d53d0c43572d/element/f.B01393AB514815FEA14A7FB40129B72A.d.FF70F6F89802F47EC06E5D859AB1E314.e.1131/click - {}
RESULT: {}
RESULT: {}
COMMAND: GET /session/c9a9826e9467e2adf4f6d53d0c43572d/screenshot - {}
RESULT: {}
COMMAND: POST /session/c9a9826e9467e2adf4f6d53d0c43572d/element - {"using":"xpath","value":"(//bdi[contains(text(), \"OK\")])[2]"}
RESULT: {"using":"xpath","value":"(//bdi[contains(text(), \"OK\")])[2]"}
COMMAND: POST /session/c9a9826e9467e2adf4f6d53d0c43572d/element/f.B01393AB514815FEA14A7FB40129B72A.d.FF70F6F89802F47EC06E5D859AB1E314.e.1148/click - {}
RESULT: {}
COMMAND: GET /session/c9a9826e9467e2adf4f6d53d0c43572d/screenshot - {}
RESULT: {}
RESULT: undefined
COMMAND: POST /session/c9a9826e9467e2adf4f6d53d0c43572d/execute/async - {"script":"<script> [776 bytes]","args":[{"enterText":"600002","selector":{"id":"application-ruinventorylist-display-component---Master--smartFilterBar-btnBasicSearch","interaction":{"idSuffix":"I"}},"clearTextFirst":true,"interactionType":"ENTER_TEXT"}]}
RESULT: {"script":"<script> [776 bytes]","args":[{"enterText":"600002","selector":{"id":"application-ruinventorylist-display-component---Master--smartFilterBar-btnBasicSearch","interaction":{"idSuffix":"I"}},"clearTextFirst":true,"interactionType":"ENTER_TEXT"}]}
COMMAND: POST /session/c9a9826e9467e2adf4f6d53d0c43572d/actions - {"actions":[{"id":"action5","type":"key","parameters":{},"actions":[{"type":"keyDown","value":""},{"type":"pause","duration":10},{"type":"keyUp","value":""}]}]}
RESULT: {"actions":[{"id":"action5","type":"key","parameters":{},"actions":[{"type":"keyDown","value":""},{"type":"pause","duration":10},{"type":"keyUp","value":""}]}]}
COMMAND: GET /session/c9a9826e9467e2adf4f6d53d0c43572d/screenshot - {}
RESULT: {}
COMMAND: POST /session/c9a9826e9467e2adf4f6d53d0c43572d/element - {"using":"xpath","value":"//span[@id=\"application-ruinventorylist-display-component---Master--smartTableRuInventoryList-header-inner\"]"}
RESULT: {"using":"xpath","value":"//span[@id=\"application-ruinventorylist-display-component---Master--smartTableRuInventoryList-header-inner\"]"}
COMMAND: POST /session/c9a9826e9467e2adf4f6d53d0c43572d/elements - {"using":"xpath","value":"//span[@id=\"application-ruinventorylist-display-component---Master--smartTableRuInventoryList-header-inner\"]"}
RESULT: {"using":"xpath","value":"//span[@id=\"application-ruinventorylist-display-component---Master--smartTableRuInventoryList-header-inner\"]"}
COMMAND: POST /session/c9a9826e9467e2adf4f6d53d0c43572d/execute/sync - {"script":"<script> [56 bytes]","args":[{"element-6066-11e4-a52e-4f735466cecf":"f.B01393AB514815FEA14A7FB40129B72A.d.FF70F6F89802F47EC06E5D859AB1E314.e.783","ELEMENT":"f.B01393AB514815FEA14A7FB40129B72A.d.FF70F6F89802F47EC06E5D859AB1E314.e.783"}]}
RESULT: {"script":"<script> [56 bytes]","args":[{"element-6066-11e4-a52e-4f735466cecf":"f.B01393AB514815FEA14A7FB40129B72A.d.FF70F6F89802F47EC06E5D859AB1E314.e.783","ELEMENT":"f.B01393AB514815FEA14A7FB40129B72A.d.FF70F6F89802F47EC06E5D859AB1E314.e.783"}]}
COMMAND: POST /session/c9a9826e9467e2adf4f6d53d0c43572d/element - {"using":"xpath","value":"//table[contains(@id, \"application-ruinventorylist-display-component---Master--tableRuInventoryList-listUl\")]/tbody/tr[1]/td[6]/div/span"}
COMMAND: GET /session/c9a9826e9467e2adf4f6d53d0c43572d/screenshot - {}
RESULT: {"using":"xpath","value":"//table[contains(@id, \"application-ruinventorylist-display-component---Master--tableRuInventoryList-listUl\")]/tbody/tr[1]/td[6]/div/span"}
COMMAND: POST /session/c9a9826e9467e2adf4f6d53d0c43572d/execute/sync - {"script":"<script> [56 bytes]","args":[{"element-6066-11e4-a52e-4f735466cecf":"f.B01393AB514815FEA14A7FB40129B72A.d.FF70F6F89802F47EC06E5D859AB1E314.e.1170","ELEMENT":"f.B01393AB514815FEA14A7FB40129B72A.d.FF70F6F89802F47EC06E5D859AB1E314.e.1170"}]}
RESULT: {}
RESULT: {"script":"<script> [56 bytes]","args":[{"element-6066-11e4-a52e-4f735466cecf":"f.B01393AB514815FEA14A7FB40129B72A.d.FF70F6F89802F47EC06E5D859AB1E314.e.1170","ELEMENT":"f.B01393AB514815FEA14A7FB40129B72A.d.FF70F6F89802F47EC06E5D859AB1E314.e.1170"}]}
COMMAND: POST /session/c9a9826e9467e2adf4f6d53d0c43572d/element - {"using":"xpath","value":"//div[contains(@id, \"smartFilterBar-btnBasicSearch-reset\")]"}
COMMAND: GET /session/c9a9826e9467e2adf4f6d53d0c43572d/screenshot - {}
RESULT: {"using":"xpath","value":"//div[contains(@id, \"smartFilterBar-btnBasicSearch-reset\")]"}
COMMAND: POST /session/c9a9826e9467e2adf4f6d53d0c43572d/element/f.B01393AB514815FEA14A7FB40129B72A.d.FF70F6F89802F47EC06E5D859AB1E314.e.798/click - {}
RESULT: {}
RESULT: {}
COMMAND: GET /session/c9a9826e9467e2adf4f6d53d0c43572d/screenshot - {}
RESULT: {}
RESULT: undefined
COMMAND: POST /session/c9a9826e9467e2adf4f6d53d0c43572d/execute/async - {"script":"<script> [776 bytes]","args":[{"enterText":"401002","selector":{"id":"application-ruinventorylist-display-component---Master--smartFilterBar-btnBasicSearch","interaction":{"idSuffix":"I"}},"clearTextFirst":true,"interactionType":"ENTER_TEXT"}]}
RESULT: {"script":"<script> [776 bytes]","args":[{"enterText":"401002","selector":{"id":"application-ruinventorylist-display-component---Master--smartFilterBar-btnBasicSearch","interaction":{"idSuffix":"I"}},"clearTextFirst":true,"interactionType":"ENTER_TEXT"}]}
COMMAND: POST /session/c9a9826e9467e2adf4f6d53d0c43572d/actions - {"actions":[{"id":"action6","type":"key","parameters":{},"actions":[{"type":"keyDown","value":""},{"type":"pause","duration":10},{"type":"keyUp","value":""}]}]}
RESULT: {"actions":[{"id":"action6","type":"key","parameters":{},"actions":[{"type":"keyDown","value":""},{"type":"pause","duration":10},{"type":"keyUp","value":""}]}]}
COMMAND: GET /session/c9a9826e9467e2adf4f6d53d0c43572d/screenshot - {}
RESULT: {}
COMMAND: POST /session/c9a9826e9467e2adf4f6d53d0c43572d/element - {"using":"xpath","value":"//span[@id=\"application-ruinventorylist-display-component---Master--smartTableRuInventoryList-header-inner\"]"}
RESULT: {"using":"xpath","value":"//span[@id=\"application-ruinventorylist-display-component---Master--smartTableRuInventoryList-header-inner\"]"}
COMMAND: POST /session/c9a9826e9467e2adf4f6d53d0c43572d/elements - {"using":"xpath","value":"//span[@id=\"application-ruinventorylist-display-component---Master--smartTableRuInventoryList-header-inner\"]"}
RESULT: {"using":"xpath","value":"//span[@id=\"application-ruinventorylist-display-component---Master--smartTableRuInventoryList-header-inner\"]"}
COMMAND: POST /session/c9a9826e9467e2adf4f6d53d0c43572d/execute/sync - {"script":"<script> [56 bytes]","args":[{"element-6066-11e4-a52e-4f735466cecf":"f.B01393AB514815FEA14A7FB40129B72A.d.FF70F6F89802F47EC06E5D859AB1E314.e.783","ELEMENT":"f.B01393AB514815FEA14A7FB40129B72A.d.FF70F6F89802F47EC06E5D859AB1E314.e.783"}]}
RESULT: {"script":"<script> [56 bytes]","args":[{"element-6066-11e4-a52e-4f735466cecf":"f.B01393AB514815FEA14A7FB40129B72A.d.FF70F6F89802F47EC06E5D859AB1E314.e.783","ELEMENT":"f.B01393AB514815FEA14A7FB40129B72A.d.FF70F6F89802F47EC06E5D859AB1E314.e.783"}]}
COMMAND: POST /session/c9a9826e9467e2adf4f6d53d0c43572d/element - {"using":"xpath","value":"//table[contains(@id, \"application-ruinventorylist-display-component---Master--tableRuInventoryList-listUl\")]/tbody/tr[1]/td[6]/div/span"}
COMMAND: GET /session/c9a9826e9467e2adf4f6d53d0c43572d/screenshot - {}
RESULT: {"using":"xpath","value":"//table[contains(@id, \"application-ruinventorylist-display-component---Master--tableRuInventoryList-listUl\")]/tbody/tr[1]/td[6]/div/span"}
COMMAND: POST /session/c9a9826e9467e2adf4f6d53d0c43572d/execute/sync - {"script":"<script> [56 bytes]","args":[{"element-6066-11e4-a52e-4f735466cecf":"f.B01393AB514815FEA14A7FB40129B72A.d.FF70F6F89802F47EC06E5D859AB1E314.e.1264","ELEMENT":"f.B01393AB514815FEA14A7FB40129B72A.d.FF70F6F89802F47EC06E5D859AB1E314.e.1264"}]}
RESULT: {}
RESULT: {"script":"<script> [56 bytes]","args":[{"element-6066-11e4-a52e-4f735466cecf":"f.B01393AB514815FEA14A7FB40129B72A.d.FF70F6F89802F47EC06E5D859AB1E314.e.1264","ELEMENT":"f.B01393AB514815FEA14A7FB40129B72A.d.FF70F6F89802F47EC06E5D859AB1E314.e.1264"}]}
COMMAND: POST /session/c9a9826e9467e2adf4f6d53d0c43572d/element - {"using":"xpath","value":"//div[contains(@id, \"smartFilterBar-btnBasicSearch-reset\")]"}
COMMAND: GET /session/c9a9826e9467e2adf4f6d53d0c43572d/screenshot - {}
RESULT: {"using":"xpath","value":"//div[contains(@id, \"smartFilterBar-btnBasicSearch-reset\")]"}
COMMAND: POST /session/c9a9826e9467e2adf4f6d53d0c43572d/element/f.B01393AB514815FEA14A7FB40129B72A.d.FF70F6F89802F47EC06E5D859AB1E314.e.798/click - {}
RESULT: {}
RESULT: {}
COMMAND: GET /session/c9a9826e9467e2adf4f6d53d0c43572d/screenshot - {}
RESULT: {}
COMMAND: POST /session/c9a9826e9467e2adf4f6d53d0c43572d/element/f.B01393AB514815FEA14A7FB40129B72A.d.FF70F6F89802F47EC06E5D859AB1E314.e.296/click - {}
RESULT: {}
COMMAND: GET /session/c9a9826e9467e2adf4f6d53d0c43572d/screenshot - {}
RESULT: {}
RESULT: undefined
COMMAND: POST /session/c9a9826e9467e2adf4f6d53d0c43572d/execute/async - {"script":"<script> [776 bytes]","args":[{"enterText":"600002","selector":{"id":"application-ruinventorylist-display-component---Master--smartFilterBar-btnBasicSearch","interaction":{"idSuffix":"I"}},"clearTextFirst":true,"interactionType":"ENTER_TEXT"}]}
RESULT: {"script":"<script> [776 bytes]","args":[{"enterText":"600002","selector":{"id":"application-ruinventorylist-display-component---Master--smartFilterBar-btnBasicSearch","interaction":{"idSuffix":"I"}},"clearTextFirst":true,"interactionType":"ENTER_TEXT"}]}
COMMAND: POST /session/c9a9826e9467e2adf4f6d53d0c43572d/actions - {"actions":[{"id":"action7","type":"key","parameters":{},"actions":[{"type":"keyDown","value":""},{"type":"pause","duration":10},{"type":"keyUp","value":""}]}]}
RESULT: {"actions":[{"id":"action7","type":"key","parameters":{},"actions":[{"type":"keyDown","value":""},{"type":"pause","duration":10},{"type":"keyUp","value":""}]}]}
COMMAND: GET /session/c9a9826e9467e2adf4f6d53d0c43572d/screenshot - {}
RESULT: {}
COMMAND: POST /session/c9a9826e9467e2adf4f6d53d0c43572d/element - {"using":"xpath","value":"//span[@id=\"application-ruinventorylist-display-component---Master--smartTableRuInventoryList-header-inner\"]"}
RESULT: {"using":"xpath","value":"//span[@id=\"application-ruinventorylist-display-component---Master--smartTableRuInventoryList-header-inner\"]"}
COMMAND: POST /session/c9a9826e9467e2adf4f6d53d0c43572d/elements - {"using":"xpath","value":"//span[@id=\"application-ruinventorylist-display-component---Master--smartTableRuInventoryList-header-inner\"]"}
RESULT: {"using":"xpath","value":"//span[@id=\"application-ruinventorylist-display-component---Master--smartTableRuInventoryList-header-inner\"]"}
COMMAND: POST /session/c9a9826e9467e2adf4f6d53d0c43572d/execute/sync - {"script":"<script> [56 bytes]","args":[{"element-6066-11e4-a52e-4f735466cecf":"f.B01393AB514815FEA14A7FB40129B72A.d.FF70F6F89802F47EC06E5D859AB1E314.e.783","ELEMENT":"f.B01393AB514815FEA14A7FB40129B72A.d.FF70F6F89802F47EC06E5D859AB1E314.e.783"}]}
RESULT: {"script":"<script> [56 bytes]","args":[{"element-6066-11e4-a52e-4f735466cecf":"f.B01393AB514815FEA14A7FB40129B72A.d.FF70F6F89802F47EC06E5D859AB1E314.e.783","ELEMENT":"f.B01393AB514815FEA14A7FB40129B72A.d.FF70F6F89802F47EC06E5D859AB1E314.e.783"}]}
COMMAND: POST /session/c9a9826e9467e2adf4f6d53d0c43572d/element - {"using":"xpath","value":"//table[contains(@id, \"application-ruinventorylist-display-component---Master--tableRuInventoryList-listUl\")]/tbody/tr[1]/td[2]/div/div"}
COMMAND: GET /session/c9a9826e9467e2adf4f6d53d0c43572d/screenshot - {}
RESULT: {"using":"xpath","value":"//table[contains(@id, \"application-ruinventorylist-display-component---Master--tableRuInventoryList-listUl\")]/tbody/tr[1]/td[2]/div/div"}
COMMAND: POST /session/c9a9826e9467e2adf4f6d53d0c43572d/element/f.B01393AB514815FEA14A7FB40129B72A.d.FF70F6F89802F47EC06E5D859AB1E314.e.1534/click - {}
RESULT: {}
RESULT: {}
COMMAND: GET /session/c9a9826e9467e2adf4f6d53d0c43572d/screenshot - {}
RESULT: {}
COMMAND: POST /session/c9a9826e9467e2adf4f6d53d0c43572d/element - {"using":"xpath","value":"//div[contains(@id, \"smartFilterBar-btnBasicSearch-reset\")]"}
RESULT: {"using":"xpath","value":"//div[contains(@id, \"smartFilterBar-btnBasicSearch-reset\")]"}
COMMAND: POST /session/c9a9826e9467e2adf4f6d53d0c43572d/element/f.B01393AB514815FEA14A7FB40129B72A.d.FF70F6F89802F47EC06E5D859AB1E314.e.798/click - {}
RESULT: {}
COMMAND: GET /session/c9a9826e9467e2adf4f6d53d0c43572d/screenshot - {}
RESULT: {}
RESULT: undefined
COMMAND: POST /session/c9a9826e9467e2adf4f6d53d0c43572d/execute/async - {"script":"<script> [776 bytes]","args":[{"enterText":"401002","selector":{"id":"application-ruinventorylist-display-component---Master--smartFilterBar-btnBasicSearch","interaction":{"idSuffix":"I"}},"clearTextFirst":true,"interactionType":"ENTER_TEXT"}]}
RESULT: {"script":"<script> [776 bytes]","args":[{"enterText":"401002","selector":{"id":"application-ruinventorylist-display-component---Master--smartFilterBar-btnBasicSearch","interaction":{"idSuffix":"I"}},"clearTextFirst":true,"interactionType":"ENTER_TEXT"}]}
COMMAND: POST /session/c9a9826e9467e2adf4f6d53d0c43572d/actions - {"actions":[{"id":"action8","type":"key","parameters":{},"actions":[{"type":"keyDown","value":""},{"type":"pause","duration":10},{"type":"keyUp","value":""}]}]}
RESULT: {"actions":[{"id":"action8","type":"key","parameters":{},"actions":[{"type":"keyDown","value":""},{"type":"pause","duration":10},{"type":"keyUp","value":""}]}]}
COMMAND: GET /session/c9a9826e9467e2adf4f6d53d0c43572d/screenshot - {}
RESULT: {}
COMMAND: POST /session/c9a9826e9467e2adf4f6d53d0c43572d/element - {"using":"xpath","value":"//span[@id=\"application-ruinventorylist-display-component---Master--smartTableRuInventoryList-header-inner\"]"}
RESULT: {"using":"xpath","value":"//span[@id=\"application-ruinventorylist-display-component---Master--smartTableRuInventoryList-header-inner\"]"}
COMMAND: POST /session/c9a9826e9467e2adf4f6d53d0c43572d/elements - {"using":"xpath","value":"//span[@id=\"application-ruinventorylist-display-component---Master--smartTableRuInventoryList-header-inner\"]"}
RESULT: {"using":"xpath","value":"//span[@id=\"application-ruinventorylist-display-component---Master--smartTableRuInventoryList-header-inner\"]"}
COMMAND: POST /session/c9a9826e9467e2adf4f6d53d0c43572d/execute/sync - {"script":"<script> [56 bytes]","args":[{"element-6066-11e4-a52e-4f735466cecf":"f.B01393AB514815FEA14A7FB40129B72A.d.FF70F6F89802F47EC06E5D859AB1E314.e.783","ELEMENT":"f.B01393AB514815FEA14A7FB40129B72A.d.FF70F6F89802F47EC06E5D859AB1E314.e.783"}]}
RESULT: {"script":"<script> [56 bytes]","args":[{"element-6066-11e4-a52e-4f735466cecf":"f.B01393AB514815FEA14A7FB40129B72A.d.FF70F6F89802F47EC06E5D859AB1E314.e.783","ELEMENT":"f.B01393AB514815FEA14A7FB40129B72A.d.FF70F6F89802F47EC06E5D859AB1E314.e.783"}]}
COMMAND: POST /session/c9a9826e9467e2adf4f6d53d0c43572d/element - {"using":"xpath","value":"//table[contains(@id, \"application-ruinventorylist-display-component---Master--tableRuInventoryList-listUl\")]/tbody/tr[1]/td[2]/div/div"}
COMMAND: GET /session/c9a9826e9467e2adf4f6d53d0c43572d/screenshot - {}
RESULT: {}
RESULT: {"using":"xpath","value":"//table[contains(@id, \"application-ruinventorylist-display-component---Master--tableRuInventoryList-listUl\")]/tbody/tr[1]/td[2]/div/div"}
COMMAND: POST /session/c9a9826e9467e2adf4f6d53d0c43572d/element/f.B01393AB514815FEA14A7FB40129B72A.d.FF70F6F89802F47EC06E5D859AB1E314.e.1700/click - {}
RESULT: {}
COMMAND: GET /session/c9a9826e9467e2adf4f6d53d0c43572d/screenshot - {}
RESULT: {}
COMMAND: POST /session/c9a9826e9467e2adf4f6d53d0c43572d/element - {"using":"xpath","value":"//div[contains(@id, \"smartFilterBar-btnBasicSearch-reset\")]"}
RESULT: {"using":"xpath","value":"//div[contains(@id, \"smartFilterBar-btnBasicSearch-reset\")]"}
COMMAND: POST /session/c9a9826e9467e2adf4f6d53d0c43572d/element/f.B01393AB514815FEA14A7FB40129B72A.d.FF70F6F89802F47EC06E5D859AB1E314.e.798/click - {}
RESULT: {}
COMMAND: GET /session/c9a9826e9467e2adf4f6d53d0c43572d/screenshot - {}
RESULT: {}
COMMAND: POST /session/c9a9826e9467e2adf4f6d53d0c43572d/element/f.B01393AB514815FEA14A7FB40129B72A.d.FF70F6F89802F47EC06E5D859AB1E314.e.296/click - {}
RESULT: {}
COMMAND: GET /session/c9a9826e9467e2adf4f6d53d0c43572d/screenshot - {}
RESULT: {}
RESULT: undefined
COMMAND: POST /session/c9a9826e9467e2adf4f6d53d0c43572d/element - {"using":"xpath","value":"//*[@id=\"application-ruinventorylist-display-component---Master--ruStateTypes-arrow\"]"}
RESULT: {"using":"xpath","value":"//*[@id=\"application-ruinventorylist-display-component---Master--ruStateTypes-arrow\"]"}
COMMAND: POST /session/c9a9826e9467e2adf4f6d53d0c43572d/element/f.B01393AB514815FEA14A7FB40129B72A.d.FF70F6F89802F47EC06E5D859AB1E314.e.1876/click - {}
RESULT: {}
COMMAND: GET /session/c9a9826e9467e2adf4f6d53d0c43572d/screenshot - {}
RESULT: {}
COMMAND: POST /session/c9a9826e9467e2adf4f6d53d0c43572d/element - {"using":"xpath","value":"//li[.//span[text()=\"available\"]]"}
RESULT: {"using":"xpath","value":"//li[.//span[text()=\"available\"]]"}
COMMAND: POST /session/c9a9826e9467e2adf4f6d53d0c43572d/element/f.B01393AB514815FEA14A7FB40129B72A.d.FF70F6F89802F47EC06E5D859AB1E314.e.1877/click - {}
RESULT: {}
COMMAND: GET /session/c9a9826e9467e2adf4f6d53d0c43572d/screenshot - {}
RESULT: {}
COMMAND: POST /session/c9a9826e9467e2adf4f6d53d0c43572d/element - {"using":"xpath","value":"(//bdi[contains(text(), \"OK\")])[1]"}
RESULT: {"using":"xpath","value":"(//bdi[contains(text(), \"OK\")])[1]"}
COMMAND: POST /session/c9a9826e9467e2adf4f6d53d0c43572d/element/f.B01393AB514815FEA14A7FB40129B72A.d.FF70F6F89802F47EC06E5D859AB1E314.e.1878/click - {}
RESULT: {}
COMMAND: GET /session/c9a9826e9467e2adf4f6d53d0c43572d/screenshot - {}
RESULT: {}
COMMAND: POST /session/c9a9826e9467e2adf4f6d53d0c43572d/element - {"using":"xpath","value":"(//bdi[contains(text(), \"OK\")])[2]"}
RESULT: {"using":"xpath","value":"(//bdi[contains(text(), \"OK\")])[2]"}
COMMAND: POST /session/c9a9826e9467e2adf4f6d53d0c43572d/element/f.B01393AB514815FEA14A7FB40129B72A.d.FF70F6F89802F47EC06E5D859AB1E314.e.1882/click - {}
RESULT: {}
COMMAND: GET /session/c9a9826e9467e2adf4f6d53d0c43572d/screenshot - {}
RESULT: {}
RESULT: undefined
COMMAND: POST /session/c9a9826e9467e2adf4f6d53d0c43572d/execute/async - {"script":"<script> [776 bytes]","args":[{"enterText":"600002","selector":{"id":"application-ruinventorylist-display-component---Master--smartFilterBar-btnBasicSearch","interaction":{"idSuffix":"I"}},"clearTextFirst":true,"interactionType":"ENTER_TEXT"}]}
RESULT: {"script":"<script> [776 bytes]","args":[{"enterText":"600002","selector":{"id":"application-ruinventorylist-display-component---Master--smartFilterBar-btnBasicSearch","interaction":{"idSuffix":"I"}},"clearTextFirst":true,"interactionType":"ENTER_TEXT"}]}
COMMAND: POST /session/c9a9826e9467e2adf4f6d53d0c43572d/actions - {"actions":[{"id":"action9","type":"key","parameters":{},"actions":[{"type":"keyDown","value":""},{"type":"pause","duration":10},{"type":"keyUp","value":""}]}]}
RESULT: {"actions":[{"id":"action9","type":"key","parameters":{},"actions":[{"type":"keyDown","value":""},{"type":"pause","duration":10},{"type":"keyUp","value":""}]}]}
COMMAND: GET /session/c9a9826e9467e2adf4f6d53d0c43572d/screenshot - {}
RESULT: {}
COMMAND: POST /session/c9a9826e9467e2adf4f6d53d0c43572d/element - {"using":"xpath","value":"//span[@id=\"application-ruinventorylist-display-component---Master--smartTableRuInventoryList-header-inner\"]"}
RESULT: {"using":"xpath","value":"//span[@id=\"application-ruinventorylist-display-component---Master--smartTableRuInventoryList-header-inner\"]"}
COMMAND: POST /session/c9a9826e9467e2adf4f6d53d0c43572d/elements - {"using":"xpath","value":"//span[@id=\"application-ruinventorylist-display-component---Master--smartTableRuInventoryList-header-inner\"]"}
RESULT: {"using":"xpath","value":"//span[@id=\"application-ruinventorylist-display-component---Master--smartTableRuInventoryList-header-inner\"]"}
COMMAND: POST /session/c9a9826e9467e2adf4f6d53d0c43572d/execute/sync - {"script":"<script> [56 bytes]","args":[{"element-6066-11e4-a52e-4f735466cecf":"f.B01393AB514815FEA14A7FB40129B72A.d.FF70F6F89802F47EC06E5D859AB1E314.e.783","ELEMENT":"f.B01393AB514815FEA14A7FB40129B72A.d.FF70F6F89802F47EC06E5D859AB1E314.e.783"}]}
RESULT: {"script":"<script> [56 bytes]","args":[{"element-6066-11e4-a52e-4f735466cecf":"f.B01393AB514815FEA14A7FB40129B72A.d.FF70F6F89802F47EC06E5D859AB1E314.e.783","ELEMENT":"f.B01393AB514815FEA14A7FB40129B72A.d.FF70F6F89802F47EC06E5D859AB1E314.e.783"}]}
COMMAND: POST /session/c9a9826e9467e2adf4f6d53d0c43572d/element - {"using":"xpath","value":"//table[contains(@id, \"application-ruinventorylist-display-component---Master--tableRuInventoryList-listUl\")]/tbody/tr[1]/td[6]/div/span"}
COMMAND: GET /session/c9a9826e9467e2adf4f6d53d0c43572d/screenshot - {}
RESULT: {"using":"xpath","value":"//table[contains(@id, \"application-ruinventorylist-display-component---Master--tableRuInventoryList-listUl\")]/tbody/tr[1]/td[6]/div/span"}
COMMAND: POST /session/c9a9826e9467e2adf4f6d53d0c43572d/execute/sync - {"script":"<script> [56 bytes]","args":[{"element-6066-11e4-a52e-4f735466cecf":"f.B01393AB514815FEA14A7FB40129B72A.d.FF70F6F89802F47EC06E5D859AB1E314.e.1907","ELEMENT":"f.B01393AB514815FEA14A7FB40129B72A.d.FF70F6F89802F47EC06E5D859AB1E314.e.1907"}]}
RESULT: {}
RESULT: {"script":"<script> [56 bytes]","args":[{"element-6066-11e4-a52e-4f735466cecf":"f.B01393AB514815FEA14A7FB40129B72A.d.FF70F6F89802F47EC06E5D859AB1E314.e.1907","ELEMENT":"f.B01393AB514815FEA14A7FB40129B72A.d.FF70F6F89802F47EC06E5D859AB1E314.e.1907"}]}
COMMAND: POST /session/c9a9826e9467e2adf4f6d53d0c43572d/element - {"using":"xpath","value":"//div[contains(@id, \"smartFilterBar-btnBasicSearch-reset\")]"}
COMMAND: GET /session/c9a9826e9467e2adf4f6d53d0c43572d/screenshot - {}
RESULT: {"using":"xpath","value":"//div[contains(@id, \"smartFilterBar-btnBasicSearch-reset\")]"}
COMMAND: POST /session/c9a9826e9467e2adf4f6d53d0c43572d/element/f.B01393AB514815FEA14A7FB40129B72A.d.FF70F6F89802F47EC06E5D859AB1E314.e.798/click - {}
RESULT: {}
RESULT: {}
COMMAND: GET /session/c9a9826e9467e2adf4f6d53d0c43572d/screenshot - {}
RESULT: {}
RESULT: undefined
COMMAND: POST /session/c9a9826e9467e2adf4f6d53d0c43572d/execute/async - {"script":"<script> [776 bytes]","args":[{"enterText":"401002","selector":{"id":"application-ruinventorylist-display-component---Master--smartFilterBar-btnBasicSearch","interaction":{"idSuffix":"I"}},"clearTextFirst":true,"interactionType":"ENTER_TEXT"}]}
RESULT: {"script":"<script> [776 bytes]","args":[{"enterText":"401002","selector":{"id":"application-ruinventorylist-display-component---Master--smartFilterBar-btnBasicSearch","interaction":{"idSuffix":"I"}},"clearTextFirst":true,"interactionType":"ENTER_TEXT"}]}
COMMAND: POST /session/c9a9826e9467e2adf4f6d53d0c43572d/actions - {"actions":[{"id":"action10","type":"key","parameters":{},"actions":[{"type":"keyDown","value":""},{"type":"pause","duration":10},{"type":"keyUp","value":""}]}]}
RESULT: {"actions":[{"id":"action10","type":"key","parameters":{},"actions":[{"type":"keyDown","value":""},{"type":"pause","duration":10},{"type":"keyUp","value":""}]}]}
COMMAND: GET /session/c9a9826e9467e2adf4f6d53d0c43572d/screenshot - {}
RESULT: {}
COMMAND: POST /session/c9a9826e9467e2adf4f6d53d0c43572d/element - {"using":"xpath","value":"//span[@id=\"application-ruinventorylist-display-component---Master--smartTableRuInventoryList-header-inner\"]"}
RESULT: {"using":"xpath","value":"//span[@id=\"application-ruinventorylist-display-component---Master--smartTableRuInventoryList-header-inner\"]"}
COMMAND: POST /session/c9a9826e9467e2adf4f6d53d0c43572d/elements - {"using":"xpath","value":"//span[@id=\"application-ruinventorylist-display-component---Master--smartTableRuInventoryList-header-inner\"]"}
RESULT: {"using":"xpath","value":"//span[@id=\"application-ruinventorylist-display-component---Master--smartTableRuInventoryList-header-inner\"]"}
COMMAND: POST /session/c9a9826e9467e2adf4f6d53d0c43572d/execute/sync - {"script":"<script> [56 bytes]","args":[{"element-6066-11e4-a52e-4f735466cecf":"f.B01393AB514815FEA14A7FB40129B72A.d.FF70F6F89802F47EC06E5D859AB1E314.e.783","ELEMENT":"f.B01393AB514815FEA14A7FB40129B72A.d.FF70F6F89802F47EC06E5D859AB1E314.e.783"}]}
RESULT: {"script":"<script> [56 bytes]","args":[{"element-6066-11e4-a52e-4f735466cecf":"f.B01393AB514815FEA14A7FB40129B72A.d.FF70F6F89802F47EC06E5D859AB1E314.e.783","ELEMENT":"f.B01393AB514815FEA14A7FB40129B72A.d.FF70F6F89802F47EC06E5D859AB1E314.e.783"}]}
COMMAND: POST /session/c9a9826e9467e2adf4f6d53d0c43572d/element - {"using":"xpath","value":"//table[contains(@id, \"application-ruinventorylist-display-component---Master--tableRuInventoryList-listUl\")]/tbody/tr[1]/td[6]/div/span"}
COMMAND: GET /session/c9a9826e9467e2adf4f6d53d0c43572d/screenshot - {}
RESULT: {"using":"xpath","value":"//table[contains(@id, \"application-ruinventorylist-display-component---Master--tableRuInventoryList-listUl\")]/tbody/tr[1]/td[6]/div/span"}
COMMAND: POST /session/c9a9826e9467e2adf4f6d53d0c43572d/execute/sync - {"script":"<script> [56 bytes]","args":[{"element-6066-11e4-a52e-4f735466cecf":"f.B01393AB514815FEA14A7FB40129B72A.d.FF70F6F89802F47EC06E5D859AB1E314.e.1998","ELEMENT":"f.B01393AB514815FEA14A7FB40129B72A.d.FF70F6F89802F47EC06E5D859AB1E314.e.1998"}]}
RESULT: {}
RESULT: {"script":"<script> [56 bytes]","args":[{"element-6066-11e4-a52e-4f735466cecf":"f.B01393AB514815FEA14A7FB40129B72A.d.FF70F6F89802F47EC06E5D859AB1E314.e.1998","ELEMENT":"f.B01393AB514815FEA14A7FB40129B72A.d.FF70F6F89802F47EC06E5D859AB1E314.e.1998"}]}
COMMAND: POST /session/c9a9826e9467e2adf4f6d53d0c43572d/element - {"using":"xpath","value":"//div[contains(@id, \"smartFilterBar-btnBasicSearch-reset\")]"}
COMMAND: GET /session/c9a9826e9467e2adf4f6d53d0c43572d/screenshot - {}
RESULT: {"using":"xpath","value":"//div[contains(@id, \"smartFilterBar-btnBasicSearch-reset\")]"}
COMMAND: POST /session/c9a9826e9467e2adf4f6d53d0c43572d/element/f.B01393AB514815FEA14A7FB40129B72A.d.FF70F6F89802F47EC06E5D859AB1E314.e.798/click - {}
RESULT: {}
RESULT: {}
COMMAND: GET /session/c9a9826e9467e2adf4f6d53d0c43572d/screenshot - {}
RESULT: {}
COMMAND: POST /session/c9a9826e9467e2adf4f6d53d0c43572d/element - {"using":"css selector","value":"#shell-header-logo"}
RESULT: {"using":"css selector","value":"#shell-header-logo"}
COMMAND: POST /session/c9a9826e9467e2adf4f6d53d0c43572d/element/f.B01393AB514815FEA14A7FB40129B72A.d.FF70F6F89802F47EC06E5D859AB1E314.e.265/click - {}
RESULT: {}
COMMAND: GET /session/c9a9826e9467e2adf4f6d53d0c43572d/screenshot - {}
RESULT: {}
]]></system-out>
    </testcase>
    <testcase classname="chrome.136_0_7103_93.windows.RU_Inventory_Mass_State_Change_Multiple_Items_US151066" name="Prerequisite Step 2 Should create a new equipment" time="142.525">
      <system-out><![CDATA[
COMMAND: POST /session/c9a9826e9467e2adf4f6d53d0c43572d/execute/async - {"script":"<script> [1562 bytes]","args":[{"selector":{"controlType":"sap.m.GenericTile","properties":{"header":"Manage Resources"}},"wdio_ui5_key":"sapm.GenericTile{\"header\":\"Manage Resources\"}"}]}
RESULT: {"script":"<script> [1562 bytes]","args":[{"selector":{"controlType":"sap.m.GenericTile","properties":{"header":"Manage Resources"}},"wdio_ui5_key":"sapm.GenericTile{\"header\":\"Manage Resources\"}"}]}
RESULT: undefined
COMMAND: POST /session/c9a9826e9467e2adf4f6d53d0c43572d/element - {"using":"xpath","value":"//*[@id=\"__tile39\"]"}
RESULT: {"using":"xpath","value":"//*[@id=\"__tile39\"]"}
COMMAND: POST /session/c9a9826e9467e2adf4f6d53d0c43572d/element/f.B01393AB514815FEA14A7FB40129B72A.d.FF70F6F89802F47EC06E5D859AB1E314.e.151/click - {}
RESULT: {}
COMMAND: GET /session/c9a9826e9467e2adf4f6d53d0c43572d/screenshot - {}
RESULT: {}
COMMAND: POST /session/c9a9826e9467e2adf4f6d53d0c43572d/elements - {"using":"xpath","value":"//span[text()='Error']"}
RESULT: {"using":"xpath","value":"//span[text()='Error']"}
COMMAND: POST /session/c9a9826e9467e2adf4f6d53d0c43572d/element - {"using":"xpath","value":"//button[@data-kt=\"addNewRUOverflowToolbarButton\"]"}
RESULT: {"using":"xpath","value":"//button[@data-kt=\"addNewRUOverflowToolbarButton\"]"}
COMMAND: POST /session/c9a9826e9467e2adf4f6d53d0c43572d/elements - {"using":"xpath","value":"//button[@data-kt=\"addNewRUOverflowToolbarButton\"]"}
RESULT: {"using":"xpath","value":"//button[@data-kt=\"addNewRUOverflowToolbarButton\"]"}
COMMAND: POST /session/c9a9826e9467e2adf4f6d53d0c43572d/execute/sync - {"script":"<script> [8489 bytes]","args":[{"element-6066-11e4-a52e-4f735466cecf":"f.B01393AB514815FEA14A7FB40129B72A.d.FF70F6F89802F47EC06E5D859AB1E314.e.2119","ELEMENT":"f.B01393AB514815FEA14A7FB40129B72A.d.FF70F6F89802F47EC06E5D859AB1E314.e.2119"}]}
RESULT: {"script":"<script> [8489 bytes]","args":[{"element-6066-11e4-a52e-4f735466cecf":"f.B01393AB514815FEA14A7FB40129B72A.d.FF70F6F89802F47EC06E5D859AB1E314.e.2119","ELEMENT":"f.B01393AB514815FEA14A7FB40129B72A.d.FF70F6F89802F47EC06E5D859AB1E314.e.2119"}]}
COMMAND: GET /session/c9a9826e9467e2adf4f6d53d0c43572d/element/f.B01393AB514815FEA14A7FB40129B72A.d.FF70F6F89802F47EC06E5D859AB1E314.e.2119/enabled - {}
COMMAND: GET /session/c9a9826e9467e2adf4f6d53d0c43572d/screenshot - {}
RESULT: {}
COMMAND: POST /session/c9a9826e9467e2adf4f6d53d0c43572d/execute/sync - {"script":"<script> [8489 bytes]","args":[{"element-6066-11e4-a52e-4f735466cecf":"f.B01393AB514815FEA14A7FB40129B72A.d.FF70F6F89802F47EC06E5D859AB1E314.e.2119","ELEMENT":"f.B01393AB514815FEA14A7FB40129B72A.d.FF70F6F89802F47EC06E5D859AB1E314.e.2119"}]}
COMMAND: GET /session/c9a9826e9467e2adf4f6d53d0c43572d/screenshot - {}
RESULT: {}
RESULT: {"script":"<script> [8489 bytes]","args":[{"element-6066-11e4-a52e-4f735466cecf":"f.B01393AB514815FEA14A7FB40129B72A.d.FF70F6F89802F47EC06E5D859AB1E314.e.2119","ELEMENT":"f.B01393AB514815FEA14A7FB40129B72A.d.FF70F6F89802F47EC06E5D859AB1E314.e.2119"}]}
COMMAND: POST /session/c9a9826e9467e2adf4f6d53d0c43572d/execute/sync - {"script":"<script> [5351 bytes]","args":[{"element-6066-11e4-a52e-4f735466cecf":"f.B01393AB514815FEA14A7FB40129B72A.d.FF70F6F89802F47EC06E5D859AB1E314.e.2119","ELEMENT":"f.B01393AB514815FEA14A7FB40129B72A.d.FF70F6F89802F47EC06E5D859AB1E314.e.2119"}]}
COMMAND: GET /session/c9a9826e9467e2adf4f6d53d0c43572d/screenshot - {}
RESULT: {}
RESULT: {"script":"<script> [5351 bytes]","args":[{"element-6066-11e4-a52e-4f735466cecf":"f.B01393AB514815FEA14A7FB40129B72A.d.FF70F6F89802F47EC06E5D859AB1E314.e.2119","ELEMENT":"f.B01393AB514815FEA14A7FB40129B72A.d.FF70F6F89802F47EC06E5D859AB1E314.e.2119"}]}
COMMAND: POST /session/c9a9826e9467e2adf4f6d53d0c43572d/element/f.B01393AB514815FEA14A7FB40129B72A.d.FF70F6F89802F47EC06E5D859AB1E314.e.2119/click - {}
COMMAND: GET /session/c9a9826e9467e2adf4f6d53d0c43572d/screenshot - {}
RESULT: {}
RESULT: {}
COMMAND: GET /session/c9a9826e9467e2adf4f6d53d0c43572d/screenshot - {}
RESULT: {}
COMMAND: POST /session/c9a9826e9467e2adf4f6d53d0c43572d/execute/async - {"script":"<script> [1562 bytes]","args":[{"selector":{"id":"application-manageresources-display-component---newResourceUnit--TYPE-arrow"},"wdio_ui5_key":"applicationmanageresources-display-component---newResourceUnit--TYPE-arrow"}]}
RESULT: {}
RESULT: {"script":"<script> [1562 bytes]","args":[{"selector":{"id":"application-manageresources-display-component---newResourceUnit--TYPE-arrow"},"wdio_ui5_key":"applicationmanageresources-display-component---newResourceUnit--TYPE-arrow"}]}
RESULT: undefined
COMMAND: POST /session/c9a9826e9467e2adf4f6d53d0c43572d/element - {"using":"xpath","value":"//*[@id=\"application-manageresources-display-component---newResourceUnit--TYPE-arrow\"]"}
RESULT: {"using":"xpath","value":"//*[@id=\"application-manageresources-display-component---newResourceUnit--TYPE-arrow\"]"}
COMMAND: POST /session/c9a9826e9467e2adf4f6d53d0c43572d/element/f.B01393AB514815FEA14A7FB40129B72A.d.FF70F6F89802F47EC06E5D859AB1E314.e.2477/click - {}
RESULT: {}
COMMAND: POST /session/c9a9826e9467e2adf4f6d53d0c43572d/element - {"using":"xpath","value":"//input[@id=\"application-manageresources-display-component---newResourceUnit--TYPE-inner\"]"}
COMMAND: GET /session/c9a9826e9467e2adf4f6d53d0c43572d/screenshot - {}
RESULT: {"using":"xpath","value":"//input[@id=\"application-manageresources-display-component---newResourceUnit--TYPE-inner\"]"}
COMMAND: POST /session/c9a9826e9467e2adf4f6d53d0c43572d/element/f.B01393AB514815FEA14A7FB40129B72A.d.FF70F6F89802F47EC06E5D859AB1E314.e.2457/clear - {}
RESULT: {}
RESULT: {}
COMMAND: POST /session/c9a9826e9467e2adf4f6d53d0c43572d/element/f.B01393AB514815FEA14A7FB40129B72A.d.FF70F6F89802F47EC06E5D859AB1E314.e.2457/value - {"text":"Equipment"}
COMMAND: GET /session/c9a9826e9467e2adf4f6d53d0c43572d/screenshot - {}
RESULT: {"text":"Equipment"}
COMMAND: GET /session/c9a9826e9467e2adf4f6d53d0c43572d/screenshot - {}
RESULT: {}
RESULT: {}
COMMAND: POST /session/c9a9826e9467e2adf4f6d53d0c43572d/actions - {"actions":[{"id":"action11","type":"key","parameters":{},"actions":[{"type":"keyDown","value":""},{"type":"pause","duration":10},{"type":"keyUp","value":""}]}]}
RESULT: {"actions":[{"id":"action11","type":"key","parameters":{},"actions":[{"type":"keyDown","value":""},{"type":"pause","duration":10},{"type":"keyUp","value":""}]}]}
COMMAND: POST /session/c9a9826e9467e2adf4f6d53d0c43572d/execute/async - {"script":"<script> [1562 bytes]","args":[{"selector":{"id":"application-manageresources-display-component---newResourceUnit--resourceId","interaction":{"idSuffix":"inner"}},"wdio_ui5_key":"applicationmanageresources-display-component---newResourceUnit--resourceId"}]}
COMMAND: GET /session/c9a9826e9467e2adf4f6d53d0c43572d/screenshot - {}
RESULT: {"script":"<script> [1562 bytes]","args":[{"selector":{"id":"application-manageresources-display-component---newResourceUnit--resourceId","interaction":{"idSuffix":"inner"}},"wdio_ui5_key":"applicationmanageresources-display-component---newResourceUnit--resourceId"}]}
RESULT: undefined
COMMAND: POST /session/c9a9826e9467e2adf4f6d53d0c43572d/execute/async - {"script":"<script> [776 bytes]","args":[{"enterText":"bAXfGCYVnT","selector":{"id":"application-manageresources-display-component---newResourceUnit--resourceId","interaction":{"idSuffix":"inner"}},"clearTextFirst":true,"interactionType":"ENTER_TEXT"}]}
RESULT: {}
RESULT: {"script":"<script> [776 bytes]","args":[{"enterText":"bAXfGCYVnT","selector":{"id":"application-manageresources-display-component---newResourceUnit--resourceId","interaction":{"idSuffix":"inner"}},"clearTextFirst":true,"interactionType":"ENTER_TEXT"}]}
COMMAND: POST /session/c9a9826e9467e2adf4f6d53d0c43572d/execute/async - {"script":"<script> [1562 bytes]","args":[{"selector":{"id":"application-manageresources-display-component---newResourceUnit--SHORT_TEXT","interaction":{"idSuffix":"inner"}},"wdio_ui5_key":"applicationmanageresources-display-component---newResourceUnit--SHORT_TEXT"}]}
RESULT: {"script":"<script> [1562 bytes]","args":[{"selector":{"id":"application-manageresources-display-component---newResourceUnit--SHORT_TEXT","interaction":{"idSuffix":"inner"}},"wdio_ui5_key":"applicationmanageresources-display-component---newResourceUnit--SHORT_TEXT"}]}
RESULT: undefined
COMMAND: POST /session/c9a9826e9467e2adf4f6d53d0c43572d/execute/async - {"script":"<script> [776 bytes]","args":[{"enterText":"Intercompany Equipment WDIO","selector":{"id":"application-manageresources-display-component---newResourceUnit--SHORT_TEXT","interaction":{"idSuffix":"inner"}},"clearTextFirst":true,"interactionType":"ENTER_TEXT"}]}
RESULT: {"script":"<script> [776 bytes]","args":[{"enterText":"Intercompany Equipment WDIO","selector":{"id":"application-manageresources-display-component---newResourceUnit--SHORT_TEXT","interaction":{"idSuffix":"inner"}},"clearTextFirst":true,"interactionType":"ENTER_TEXT"}]}
COMMAND: POST /session/c9a9826e9467e2adf4f6d53d0c43572d/execute/async - {"script":"<script> [1562 bytes]","args":[{"selector":{"id":"application-manageresources-display-component---newResourceUnit--BASE_UNIT_OF_MEASURE","interaction":{"idSuffix":"inner"}},"wdio_ui5_key":"applicationmanageresources-display-component---newResourceUnit--BASE_UNIT_OF_MEASURE"}]}
RESULT: {"script":"<script> [1562 bytes]","args":[{"selector":{"id":"application-manageresources-display-component---newResourceUnit--BASE_UNIT_OF_MEASURE","interaction":{"idSuffix":"inner"}},"wdio_ui5_key":"applicationmanageresources-display-component---newResourceUnit--BASE_UNIT_OF_MEASURE"}]}
RESULT: undefined
COMMAND: POST /session/c9a9826e9467e2adf4f6d53d0c43572d/execute/async - {"script":"<script> [776 bytes]","args":[{"enterText":"Piece","selector":{"id":"application-manageresources-display-component---newResourceUnit--BASE_UNIT_OF_MEASURE","interaction":{"idSuffix":"inner"}},"clearTextFirst":true,"interactionType":"ENTER_TEXT"}]}
RESULT: {"script":"<script> [776 bytes]","args":[{"enterText":"Piece","selector":{"id":"application-manageresources-display-component---newResourceUnit--BASE_UNIT_OF_MEASURE","interaction":{"idSuffix":"inner"}},"clearTextFirst":true,"interactionType":"ENTER_TEXT"}]}
COMMAND: POST /session/c9a9826e9467e2adf4f6d53d0c43572d/execute/async - {"script":"<script> [1562 bytes]","args":[{"selector":{"id":"application-manageresources-display-component---newResourceUnit--WEIGHT_UNIT","interaction":{"idSuffix":"inner"}},"wdio_ui5_key":"applicationmanageresources-display-component---newResourceUnit--WEIGHT_UNIT"}]}
RESULT: {"script":"<script> [1562 bytes]","args":[{"selector":{"id":"application-manageresources-display-component---newResourceUnit--WEIGHT_UNIT","interaction":{"idSuffix":"inner"}},"wdio_ui5_key":"applicationmanageresources-display-component---newResourceUnit--WEIGHT_UNIT"}]}
RESULT: undefined
COMMAND: POST /session/c9a9826e9467e2adf4f6d53d0c43572d/execute/async - {"script":"<script> [776 bytes]","args":[{"enterText":"Gram","selector":{"id":"application-manageresources-display-component---newResourceUnit--WEIGHT_UNIT","interaction":{"idSuffix":"inner"}},"clearTextFirst":true,"interactionType":"ENTER_TEXT"}]}
RESULT: {"script":"<script> [776 bytes]","args":[{"enterText":"Gram","selector":{"id":"application-manageresources-display-component---newResourceUnit--WEIGHT_UNIT","interaction":{"idSuffix":"inner"}},"clearTextFirst":true,"interactionType":"ENTER_TEXT"}]}
COMMAND: POST /session/c9a9826e9467e2adf4f6d53d0c43572d/execute/async - {"script":"<script> [1562 bytes]","args":[{"selector":{"id":"application-manageresources-display-component---newResourceUnit--DIMENSION_UNIT","interaction":{"idSuffix":"inner"}},"wdio_ui5_key":"applicationmanageresources-display-component---newResourceUnit--DIMENSION_UNIT"}]}
RESULT: {"script":"<script> [1562 bytes]","args":[{"selector":{"id":"application-manageresources-display-component---newResourceUnit--DIMENSION_UNIT","interaction":{"idSuffix":"inner"}},"wdio_ui5_key":"applicationmanageresources-display-component---newResourceUnit--DIMENSION_UNIT"}]}
RESULT: undefined
COMMAND: POST /session/c9a9826e9467e2adf4f6d53d0c43572d/execute/async - {"script":"<script> [776 bytes]","args":[{"enterText":"Meter","selector":{"id":"application-manageresources-display-component---newResourceUnit--DIMENSION_UNIT","interaction":{"idSuffix":"inner"}},"clearTextFirst":true,"interactionType":"ENTER_TEXT"}]}
RESULT: {"script":"<script> [776 bytes]","args":[{"enterText":"Meter","selector":{"id":"application-manageresources-display-component---newResourceUnit--DIMENSION_UNIT","interaction":{"idSuffix":"inner"}},"clearTextFirst":true,"interactionType":"ENTER_TEXT"}]}
COMMAND: POST /session/c9a9826e9467e2adf4f6d53d0c43572d/execute/async - {"script":"<script> [1562 bytes]","args":[{"selector":{"id":"application-manageresources-display-component---newResourceUnit--newRRUPage-anchBar-application-manageresources-display-component---newResourceUnit--control-anchor","interaction":{"idSuffix":"BDI-content"}},"wdio_ui5_key":"applicationmanageresources-display-component---newResourceUnit--newRRUPage-anchBar-application-manageresources-display-component---newResourceUnit--control-anchor"}]}
RESULT: {"script":"<script> [1562 bytes]","args":[{"selector":{"id":"application-manageresources-display-component---newResourceUnit--newRRUPage-anchBar-application-manageresources-display-component---newResourceUnit--control-anchor","interaction":{"idSuffix":"BDI-content"}},"wdio_ui5_key":"applicationmanageresources-display-component---newResourceUnit--newRRUPage-anchBar-application-manageresources-display-component---newResourceUnit--control-anchor"}]}
RESULT: undefined
COMMAND: POST /session/c9a9826e9467e2adf4f6d53d0c43572d/element - {"using":"xpath","value":"//*[@id=\"application-manageresources-display-component---newResourceUnit--newRRUPage-anchBar-application-manageresources-display-component---newResourceUnit--control-anchor\"]"}
RESULT: {"using":"xpath","value":"//*[@id=\"application-manageresources-display-component---newResourceUnit--newRRUPage-anchBar-application-manageresources-display-component---newResourceUnit--control-anchor\"]"}
COMMAND: POST /session/c9a9826e9467e2adf4f6d53d0c43572d/element/f.B01393AB514815FEA14A7FB40129B72A.d.FF70F6F89802F47EC06E5D859AB1E314.e.2638/click - {}
RESULT: {}
COMMAND: POST /session/c9a9826e9467e2adf4f6d53d0c43572d/execute/async - {"script":"<script> [1562 bytes]","args":[{"selector":{"id":"application-manageresources-display-component---newResourceUnit--PLANNING_GROUP","interaction":{"idSuffix":"inner"}},"wdio_ui5_key":"applicationmanageresources-display-component---newResourceUnit--PLANNING_GROUP"}]}
COMMAND: GET /session/c9a9826e9467e2adf4f6d53d0c43572d/screenshot - {}
RESULT: {"script":"<script> [1562 bytes]","args":[{"selector":{"id":"application-manageresources-display-component---newResourceUnit--PLANNING_GROUP","interaction":{"idSuffix":"inner"}},"wdio_ui5_key":"applicationmanageresources-display-component---newResourceUnit--PLANNING_GROUP"}]}
RESULT: undefined
COMMAND: POST /session/c9a9826e9467e2adf4f6d53d0c43572d/execute/async - {"script":"<script> [776 bytes]","args":[{"enterText":"Heavy Equi","selector":{"id":"application-manageresources-display-component---newResourceUnit--PLANNING_GROUP","interaction":{"idSuffix":"inner"}},"clearTextFirst":true,"interactionType":"ENTER_TEXT"}]}
RESULT: {}
RESULT: {"script":"<script> [776 bytes]","args":[{"enterText":"Heavy Equi","selector":{"id":"application-manageresources-display-component---newResourceUnit--PLANNING_GROUP","interaction":{"idSuffix":"inner"}},"clearTextFirst":true,"interactionType":"ENTER_TEXT"}]}
COMMAND: POST /session/c9a9826e9467e2adf4f6d53d0c43572d/execute/async - {"script":"<script> [1562 bytes]","args":[{"selector":{"id":"application-manageresources-display-component---newResourceUnit--ITEM_TYPE-arrow"},"wdio_ui5_key":"applicationmanageresources-display-component---newResourceUnit--ITEM_TYPE-arrow"}]}
RESULT: {"script":"<script> [1562 bytes]","args":[{"selector":{"id":"application-manageresources-display-component---newResourceUnit--ITEM_TYPE-arrow"},"wdio_ui5_key":"applicationmanageresources-display-component---newResourceUnit--ITEM_TYPE-arrow"}]}
RESULT: undefined
COMMAND: POST /session/c9a9826e9467e2adf4f6d53d0c43572d/element - {"using":"xpath","value":"//*[@id=\"application-manageresources-display-component---newResourceUnit--ITEM_TYPE-arrow\"]"}
RESULT: {"using":"xpath","value":"//*[@id=\"application-manageresources-display-component---newResourceUnit--ITEM_TYPE-arrow\"]"}
COMMAND: POST /session/c9a9826e9467e2adf4f6d53d0c43572d/element/f.B01393AB514815FEA14A7FB40129B72A.d.FF70F6F89802F47EC06E5D859AB1E314.e.2647/click - {}
RESULT: {}
COMMAND: POST /session/c9a9826e9467e2adf4f6d53d0c43572d/element - {"using":"xpath","value":"//ul[contains(@id,\"ITEM_TYPE-popup-list-listUl\")]//li[.//span[contains(text(),\"Resource Unit\")]]"}
COMMAND: GET /session/c9a9826e9467e2adf4f6d53d0c43572d/screenshot - {}
RESULT: {"using":"xpath","value":"//ul[contains(@id,\"ITEM_TYPE-popup-list-listUl\")]//li[.//span[contains(text(),\"Resource Unit\")]]"}
COMMAND: POST /session/c9a9826e9467e2adf4f6d53d0c43572d/element/f.B01393AB514815FEA14A7FB40129B72A.d.FF70F6F89802F47EC06E5D859AB1E314.e.2648/click - {}
RESULT: {}
RESULT: {}
COMMAND: GET /session/c9a9826e9467e2adf4f6d53d0c43572d/screenshot - {}
RESULT: {}
COMMAND: POST /session/c9a9826e9467e2adf4f6d53d0c43572d/element - {"using":"css selector","value":"#application-manageresources-display-component---newResourceUnit--btnAddTimeSegment"}
RESULT: {"using":"css selector","value":"#application-manageresources-display-component---newResourceUnit--btnAddTimeSegment"}
COMMAND: GET /session/c9a9826e9467e2adf4f6d53d0c43572d/element/f.B01393AB514815FEA14A7FB40129B72A.d.FF70F6F89802F47EC06E5D859AB1E314.e.2655/rect - {}
RESULT: {}
COMMAND: GET /session/c9a9826e9467e2adf4f6d53d0c43572d/window/rect - {}
RESULT: {}
COMMAND: POST /session/c9a9826e9467e2adf4f6d53d0c43572d/execute/sync - {"script":"<script> [92 bytes]","args":[]}
RESULT: {"script":"<script> [92 bytes]","args":[]}
COMMAND: POST /session/c9a9826e9467e2adf4f6d53d0c43572d/actions - {"actions":[{"id":"action12","type":"wheel","parameters":{},"actions":[{"type":"scroll","x":-1888,"y":-32,"deltaX":0,"deltaY":0,"duration":0,"origin":{"element-6066-11e4-a52e-4f735466cecf":"f.B01393AB514815FEA14A7FB40129B72A.d.FF70F6F89802F47EC06E5D859AB1E314.e.2655"}}]}]}
COMMAND: GET /session/c9a9826e9467e2adf4f6d53d0c43572d/screenshot - {}
RESULT: {}
COMMAND: POST /session/c9a9826e9467e2adf4f6d53d0c43572d/execute/sync - {"script":"<script> [79 bytes]","args":[{"element-6066-11e4-a52e-4f735466cecf":"f.B01393AB514815FEA14A7FB40129B72A.d.FF70F6F89802F47EC06E5D859AB1E314.e.2655","ELEMENT":"f.B01393AB514815FEA14A7FB40129B72A.d.FF70F6F89802F47EC06E5D859AB1E314.e.2655"},{"block":"start","inline":"nearest"}]}
RESULT: {"script":"<script> [79 bytes]","args":[{"element-6066-11e4-a52e-4f735466cecf":"f.B01393AB514815FEA14A7FB40129B72A.d.FF70F6F89802F47EC06E5D859AB1E314.e.2655","ELEMENT":"f.B01393AB514815FEA14A7FB40129B72A.d.FF70F6F89802F47EC06E5D859AB1E314.e.2655"},{"block":"start","inline":"nearest"}]}
COMMAND: POST /session/c9a9826e9467e2adf4f6d53d0c43572d/execute/async - {"script":"<script> [1562 bytes]","args":[{"selector":{"id":"application-manageresources-display-component---newResourceUnit--btnAddTimeSegment","interaction":{"idSuffix":"inner"}},"wdio_ui5_key":"applicationmanageresources-display-component---newResourceUnit--btnAddTimeSegment"}]}
COMMAND: GET /session/c9a9826e9467e2adf4f6d53d0c43572d/screenshot - {}
RESULT: {"script":"<script> [1562 bytes]","args":[{"selector":{"id":"application-manageresources-display-component---newResourceUnit--btnAddTimeSegment","interaction":{"idSuffix":"inner"}},"wdio_ui5_key":"applicationmanageresources-display-component---newResourceUnit--btnAddTimeSegment"}]}
RESULT: undefined
COMMAND: POST /session/c9a9826e9467e2adf4f6d53d0c43572d/element - {"using":"xpath","value":"//*[@id=\"application-manageresources-display-component---newResourceUnit--btnAddTimeSegment\"]"}
RESULT: {}
RESULT: {"using":"xpath","value":"//*[@id=\"application-manageresources-display-component---newResourceUnit--btnAddTimeSegment\"]"}
COMMAND: POST /session/c9a9826e9467e2adf4f6d53d0c43572d/element/f.B01393AB514815FEA14A7FB40129B72A.d.FF70F6F89802F47EC06E5D859AB1E314.e.2655/click - {}
RESULT: {}
COMMAND: GET /session/c9a9826e9467e2adf4f6d53d0c43572d/screenshot - {}
RESULT: {}
COMMAND: POST /session/c9a9826e9467e2adf4f6d53d0c43572d/element - {"using":"xpath","value":"//input[@id=\"application-manageresources-display-component---newResourceUnit--idRuTSAdmin-application-manageresources-display-component---newResourceUnit--RUTimeSegment-0-inner\"]"}
RESULT: {"using":"xpath","value":"//input[@id=\"application-manageresources-display-component---newResourceUnit--idRuTSAdmin-application-manageresources-display-component---newResourceUnit--RUTimeSegment-0-inner\"]"}
COMMAND: POST /session/c9a9826e9467e2adf4f6d53d0c43572d/element/f.B01393AB514815FEA14A7FB40129B72A.d.FF70F6F89802F47EC06E5D859AB1E314.e.2661/clear - {}
RESULT: {}
COMMAND: POST /session/c9a9826e9467e2adf4f6d53d0c43572d/element/f.B01393AB514815FEA14A7FB40129B72A.d.FF70F6F89802F47EC06E5D859AB1E314.e.2661/value - {"text":"109"}
COMMAND: GET /session/c9a9826e9467e2adf4f6d53d0c43572d/screenshot - {}
RESULT: {"text":"109"}
COMMAND: GET /session/c9a9826e9467e2adf4f6d53d0c43572d/screenshot - {}
RESULT: {}
RESULT: {}
COMMAND: POST /session/c9a9826e9467e2adf4f6d53d0c43572d/element - {"using":"xpath","value":"//li[.//span[text()='109']]"}
RESULT: {"using":"xpath","value":"//li[.//span[text()='109']]"}
COMMAND: POST /session/c9a9826e9467e2adf4f6d53d0c43572d/element/f.B01393AB514815FEA14A7FB40129B72A.d.FF70F6F89802F47EC06E5D859AB1E314.e.2673/click - {}
RESULT: {}
COMMAND: GET /session/c9a9826e9467e2adf4f6d53d0c43572d/screenshot - {}
RESULT: {}
COMMAND: POST /session/c9a9826e9467e2adf4f6d53d0c43572d/element - {"using":"xpath","value":"(//span[contains(@id, \"-application-manageresources-display-component---newResourceUnit--RUTimeSegment-0-arrow\")])[6]"}
RESULT: {"using":"xpath","value":"(//span[contains(@id, \"-application-manageresources-display-component---newResourceUnit--RUTimeSegment-0-arrow\")])[6]"}
COMMAND: POST /session/c9a9826e9467e2adf4f6d53d0c43572d/element/f.B01393AB514815FEA14A7FB40129B72A.d.FF70F6F89802F47EC06E5D859AB1E314.e.2674/click - {}
RESULT: {}
COMMAND: GET /session/c9a9826e9467e2adf4f6d53d0c43572d/screenshot - {}
RESULT: {}
COMMAND: POST /session/c9a9826e9467e2adf4f6d53d0c43572d/element - {"using":"xpath","value":"//span[contains(text(), \"PM Order\")]"}
RESULT: {"using":"xpath","value":"//span[contains(text(), \"PM Order\")]"}
COMMAND: POST /session/c9a9826e9467e2adf4f6d53d0c43572d/element/f.B01393AB514815FEA14A7FB40129B72A.d.FF70F6F89802F47EC06E5D859AB1E314.e.2677/click - {}
RESULT: {}
COMMAND: GET /session/c9a9826e9467e2adf4f6d53d0c43572d/screenshot - {}
RESULT: {}
COMMAND: POST /session/c9a9826e9467e2adf4f6d53d0c43572d/element - {"using":"xpath","value":"(//span[contains(@id ,\"manageresources-display-component---newResourceUnit--RUTimeSegment-0-vhi\")])[1]"}
RESULT: {"using":"xpath","value":"(//span[contains(@id ,\"manageresources-display-component---newResourceUnit--RUTimeSegment-0-vhi\")])[1]"}
COMMAND: GET /session/c9a9826e9467e2adf4f6d53d0c43572d/element/f.B01393AB514815FEA14A7FB40129B72A.d.FF70F6F89802F47EC06E5D859AB1E314.e.2681/rect - {}
RESULT: {}
COMMAND: GET /session/c9a9826e9467e2adf4f6d53d0c43572d/window/rect - {}
RESULT: {}
COMMAND: POST /session/c9a9826e9467e2adf4f6d53d0c43572d/execute/sync - {"script":"<script> [92 bytes]","args":[]}
RESULT: {"script":"<script> [92 bytes]","args":[]}
COMMAND: POST /session/c9a9826e9467e2adf4f6d53d0c43572d/actions - {"actions":[{"id":"action13","type":"wheel","parameters":{},"actions":[{"type":"scroll","x":-869,"y":-24,"deltaX":0,"deltaY":0,"duration":0,"origin":{"element-6066-11e4-a52e-4f735466cecf":"f.B01393AB514815FEA14A7FB40129B72A.d.FF70F6F89802F47EC06E5D859AB1E314.e.2681"}}]}]}
COMMAND: GET /session/c9a9826e9467e2adf4f6d53d0c43572d/screenshot - {}
RESULT: {"actions":[{"id":"action13","type":"wheel","parameters":{},"actions":[{"type":"scroll","x":-869,"y":-24,"deltaX":0,"deltaY":0,"duration":0,"origin":{"element-6066-11e4-a52e-4f735466cecf":"f.B01393AB514815FEA14A7FB40129B72A.d.FF70F6F89802F47EC06E5D859AB1E314.e.2681"}}]}]}
COMMAND: DELETE /session/c9a9826e9467e2adf4f6d53d0c43572d/actions - {}
COMMAND: GET /session/c9a9826e9467e2adf4f6d53d0c43572d/screenshot - {}
RESULT: {}
RESULT: {}
COMMAND: GET /session/c9a9826e9467e2adf4f6d53d0c43572d/screenshot - {}
RESULT: {}
RESULT: {}
COMMAND: POST /session/c9a9826e9467e2adf4f6d53d0c43572d/element/f.B01393AB514815FEA14A7FB40129B72A.d.FF70F6F89802F47EC06E5D859AB1E314.e.2681/click - {}
RESULT: {}
COMMAND: GET /session/c9a9826e9467e2adf4f6d53d0c43572d/screenshot - {}
RESULT: {}
COMMAND: POST /session/c9a9826e9467e2adf4f6d53d0c43572d/execute/async - {"script":"<script> [1562 bytes]","args":[{"selector":{"controlType":"sap.m.SearchField","properties":{"placeholder":"Search"},"searchOpenDialogs":true,"interaction":{"idSuffix":"I"}},"wdio_ui5_key":"sapm.SearchField{\"placeholder\":\"Search\"}"}]}
RESULT: {"script":"<script> [1562 bytes]","args":[{"selector":{"controlType":"sap.m.SearchField","properties":{"placeholder":"Search"},"searchOpenDialogs":true,"interaction":{"idSuffix":"I"}},"wdio_ui5_key":"sapm.SearchField{\"placeholder\":\"Search\"}"}]}
RESULT: undefined
COMMAND: POST /session/c9a9826e9467e2adf4f6d53d0c43572d/execute/async - {"script":"<script> [776 bytes]","args":[{"enterText":"4000360","selector":{"controlType":"sap.m.SearchField","properties":{"placeholder":"Search"},"searchOpenDialogs":true,"interaction":{"idSuffix":"I"}},"clearTextFirst":true,"interactionType":"ENTER_TEXT"}]}
RESULT: {"script":"<script> [776 bytes]","args":[{"enterText":"4000360","selector":{"controlType":"sap.m.SearchField","properties":{"placeholder":"Search"},"searchOpenDialogs":true,"interaction":{"idSuffix":"I"}},"clearTextFirst":true,"interactionType":"ENTER_TEXT"}]}
COMMAND: POST /session/c9a9826e9467e2adf4f6d53d0c43572d/actions - {"actions":[{"id":"action14","type":"key","parameters":{},"actions":[{"type":"keyDown","value":""},{"type":"pause","duration":10},{"type":"keyUp","value":""}]}]}
RESULT: {"actions":[{"id":"action14","type":"key","parameters":{},"actions":[{"type":"keyDown","value":""},{"type":"pause","duration":10},{"type":"keyUp","value":""}]}]}
COMMAND: GET /session/c9a9826e9467e2adf4f6d53d0c43572d/screenshot - {}
RESULT: {}
COMMAND: POST /session/c9a9826e9467e2adf4f6d53d0c43572d/element - {"using":"xpath","value":"//td/div/span[contains(text(), \"BGL Vehicles\")]"}
RESULT: {"using":"xpath","value":"//td/div/span[contains(text(), \"BGL Vehicles\")]"}
COMMAND: POST /session/c9a9826e9467e2adf4f6d53d0c43572d/element/f.B01393AB514815FEA14A7FB40129B72A.d.FF70F6F89802F47EC06E5D859AB1E314.e.2701/click - {}
RESULT: {}
COMMAND: GET /session/c9a9826e9467e2adf4f6d53d0c43572d/screenshot - {}
RESULT: {}
COMMAND: POST /session/c9a9826e9467e2adf4f6d53d0c43572d/element - {"using":"xpath","value":"//bdi[contains(text(), \"OK\")]"}
RESULT: {"using":"xpath","value":"//bdi[contains(text(), \"OK\")]"}
COMMAND: POST /session/c9a9826e9467e2adf4f6d53d0c43572d/element/f.B01393AB514815FEA14A7FB40129B72A.d.FF70F6F89802F47EC06E5D859AB1E314.e.2702/click - {}
RESULT: {}
COMMAND: GET /session/c9a9826e9467e2adf4f6d53d0c43572d/screenshot - {}
RESULT: {}
COMMAND: POST /session/c9a9826e9467e2adf4f6d53d0c43572d/execute/async - {"script":"<script> [1562 bytes]","args":[{"selector":{"id":"application-manageresources-display-component---newResourceUnit--newRRUPage-anchBar-application-manageresources-display-component---newResourceUnit--resource-anchor","interaction":{"idSuffix":"BDI-content"}},"wdio_ui5_key":"applicationmanageresources-display-component---newResourceUnit--newRRUPage-anchBar-application-manageresources-display-component---newResourceUnit--resource-anchor"}]}
RESULT: {"script":"<script> [1562 bytes]","args":[{"selector":{"id":"application-manageresources-display-component---newResourceUnit--newRRUPage-anchBar-application-manageresources-display-component---newResourceUnit--resource-anchor","interaction":{"idSuffix":"BDI-content"}},"wdio_ui5_key":"applicationmanageresources-display-component---newResourceUnit--newRRUPage-anchBar-application-manageresources-display-component---newResourceUnit--resource-anchor"}]}
RESULT: undefined
COMMAND: POST /session/c9a9826e9467e2adf4f6d53d0c43572d/element - {"using":"xpath","value":"//*[@id=\"application-manageresources-display-component---newResourceUnit--newRRUPage-anchBar-application-manageresources-display-component---newResourceUnit--resource-anchor\"]"}
RESULT: {"using":"xpath","value":"//*[@id=\"application-manageresources-display-component---newResourceUnit--newRRUPage-anchBar-application-manageresources-display-component---newResourceUnit--resource-anchor\"]"}
COMMAND: POST /session/c9a9826e9467e2adf4f6d53d0c43572d/element/f.B01393AB514815FEA14A7FB40129B72A.d.FF70F6F89802F47EC06E5D859AB1E314.e.2706/click - {}
RESULT: {}
COMMAND: POST /session/c9a9826e9467e2adf4f6d53d0c43572d/execute/async - {"script":"<script> [1562 bytes]","args":[{"selector":{"id":"application-manageresources-display-component---newResourceUnit--PLANNED_DELIVERY_DATE","interaction":{"idSuffix":"inner"}},"wdio_ui5_key":"applicationmanageresources-display-component---newResourceUnit--PLANNED_DELIVERY_DATE"}]}
COMMAND: GET /session/c9a9826e9467e2adf4f6d53d0c43572d/screenshot - {}
RESULT: {"script":"<script> [1562 bytes]","args":[{"selector":{"id":"application-manageresources-display-component---newResourceUnit--PLANNED_DELIVERY_DATE","interaction":{"idSuffix":"inner"}},"wdio_ui5_key":"applicationmanageresources-display-component---newResourceUnit--PLANNED_DELIVERY_DATE"}]}
RESULT: undefined
COMMAND: POST /session/c9a9826e9467e2adf4f6d53d0c43572d/execute/async - {"script":"<script> [6424 bytes]","args":[{"element-6066-11e4-a52e-4f735466cecf":"f.B01393AB514815FEA14A7FB40129B72A.d.FF70F6F89802F47EC06E5D859AB1E314.e.2536"},"setValue",["5/31/25"]]}
RESULT: {}
RESULT: {"script":"<script> [6424 bytes]","args":[{"element-6066-11e4-a52e-4f735466cecf":"f.B01393AB514815FEA14A7FB40129B72A.d.FF70F6F89802F47EC06E5D859AB1E314.e.2536"},"setValue",["5/31/25"]]}
COMMAND: POST /session/c9a9826e9467e2adf4f6d53d0c43572d/element - {"using":"xpath","value":"//label[contains(@class, 'sapMLabelRequired') and .//bdi[contains(text(), 'Planned Retirement')]]"}
RESULT: {"using":"xpath","value":"//label[contains(@class, 'sapMLabelRequired') and .//bdi[contains(text(), 'Planned Retirement')]]"}
COMMAND: POST /session/c9a9826e9467e2adf4f6d53d0c43572d/elements - {"using":"xpath","value":"//label[contains(@class, 'sapMLabelRequired') and .//bdi[contains(text(), 'Planned Retirement')]]"}
RESULT: {"using":"xpath","value":"//label[contains(@class, 'sapMLabelRequired') and .//bdi[contains(text(), 'Planned Retirement')]]"}
COMMAND: POST /session/c9a9826e9467e2adf4f6d53d0c43572d/element - {"using":"xpath","value":"//button[@data-kt=\"resourceUnitSaveButton\"]"}
RESULT: {"using":"xpath","value":"//button[@data-kt=\"resourceUnitSaveButton\"]"}
COMMAND: POST /session/c9a9826e9467e2adf4f6d53d0c43572d/element/f.B01393AB514815FEA14A7FB40129B72A.d.FF70F6F89802F47EC06E5D859AB1E314.e.2495/click - {}
RESULT: {}
COMMAND: GET /session/c9a9826e9467e2adf4f6d53d0c43572d/screenshot - {}
RESULT: {}
COMMAND: POST /session/c9a9826e9467e2adf4f6d53d0c43572d/element - {"using":"xpath","value":"//bdi[contains(text(), \"Close\")]"}
RESULT: {"using":"xpath","value":"//bdi[contains(text(), \"Close\")]"}
COMMAND: POST /session/c9a9826e9467e2adf4f6d53d0c43572d/element/f.B01393AB514815FEA14A7FB40129B72A.d.FF70F6F89802F47EC06E5D859AB1E314.e.2714/click - {}
RESULT: {}
COMMAND: GET /session/c9a9826e9467e2adf4f6d53d0c43572d/screenshot - {}
RESULT: {}
COMMAND: POST /session/c9a9826e9467e2adf4f6d53d0c43572d/element - {"using":"xpath","value":"(//button[contains(@id ,\"actionsToolbar-overflowButton\")])[1]"}
RESULT: {"using":"xpath","value":"(//button[contains(@id ,\"actionsToolbar-overflowButton\")])[1]"}
COMMAND: POST /session/c9a9826e9467e2adf4f6d53d0c43572d/element/f.B01393AB514815FEA14A7FB40129B72A.d.FF70F6F89802F47EC06E5D859AB1E314.e.2746/click - {}
RESULT: {}
COMMAND: GET /session/c9a9826e9467e2adf4f6d53d0c43572d/screenshot - {}
RESULT: {}
COMMAND: POST /session/c9a9826e9467e2adf4f6d53d0c43572d/element - {"using":"xpath","value":"//button[@data-kt=\"priceInfoButton\"]"}
RESULT: {"using":"xpath","value":"//button[@data-kt=\"priceInfoButton\"]"}
COMMAND: POST /session/c9a9826e9467e2adf4f6d53d0c43572d/element/f.B01393AB514815FEA14A7FB40129B72A.d.FF70F6F89802F47EC06E5D859AB1E314.e.2748/click - {}
RESULT: {}
COMMAND: GET /session/c9a9826e9467e2adf4f6d53d0c43572d/screenshot - {}
RESULT: {}
COMMAND: POST /session/c9a9826e9467e2adf4f6d53d0c43572d/element - {"using":"css selector","value":"#shell-header-logo"}
RESULT: {"using":"css selector","value":"#shell-header-logo"}
COMMAND: POST /session/c9a9826e9467e2adf4f6d53d0c43572d/element/f.B01393AB514815FEA14A7FB40129B72A.d.FF70F6F89802F47EC06E5D859AB1E314.e.2081/click - {}
RESULT: {}
COMMAND: GET /session/c9a9826e9467e2adf4f6d53d0c43572d/screenshot - {}
RESULT: {}
]]></system-out>
    </testcase>
    <testcase classname="chrome.136_0_7103_93.windows.RU_Inventory_Mass_State_Change_Multiple_Items_US151066" name="Prerequisite Step 2 Should create a new material" time="113.039">
      <system-out><![CDATA[
RESULT: undefined
COMMAND: POST /session/c9a9826e9467e2adf4f6d53d0c43572d/element - {"using":"xpath","value":"//*[@id=\"__tile39\"]"}
RESULT: {"using":"xpath","value":"//*[@id=\"__tile39\"]"}
COMMAND: POST /session/c9a9826e9467e2adf4f6d53d0c43572d/element/f.B01393AB514815FEA14A7FB40129B72A.d.FF70F6F89802F47EC06E5D859AB1E314.e.151/click - {}
RESULT: {}
COMMAND: GET /session/c9a9826e9467e2adf4f6d53d0c43572d/screenshot - {}
RESULT: {}
COMMAND: POST /session/c9a9826e9467e2adf4f6d53d0c43572d/elements - {"using":"xpath","value":"//span[text()='Error']"}
RESULT: {"using":"xpath","value":"//span[text()='Error']"}
COMMAND: POST /session/c9a9826e9467e2adf4f6d53d0c43572d/element - {"using":"xpath","value":"//button[@data-kt=\"addNewRUOverflowToolbarButton\"]"}
RESULT: {"using":"xpath","value":"//button[@data-kt=\"addNewRUOverflowToolbarButton\"]"}
COMMAND: POST /session/c9a9826e9467e2adf4f6d53d0c43572d/elements - {"using":"xpath","value":"//button[@data-kt=\"addNewRUOverflowToolbarButton\"]"}
RESULT: {"using":"xpath","value":"//button[@data-kt=\"addNewRUOverflowToolbarButton\"]"}
COMMAND: POST /session/c9a9826e9467e2adf4f6d53d0c43572d/execute/sync - {"script":"<script> [8489 bytes]","args":[{"element-6066-11e4-a52e-4f735466cecf":"f.B01393AB514815FEA14A7FB40129B72A.d.FF70F6F89802F47EC06E5D859AB1E314.e.2825","ELEMENT":"f.B01393AB514815FEA14A7FB40129B72A.d.FF70F6F89802F47EC06E5D859AB1E314.e.2825"}]}
RESULT: {"script":"<script> [8489 bytes]","args":[{"element-6066-11e4-a52e-4f735466cecf":"f.B01393AB514815FEA14A7FB40129B72A.d.FF70F6F89802F47EC06E5D859AB1E314.e.2825","ELEMENT":"f.B01393AB514815FEA14A7FB40129B72A.d.FF70F6F89802F47EC06E5D859AB1E314.e.2825"}]}
COMMAND: GET /session/c9a9826e9467e2adf4f6d53d0c43572d/element/f.B01393AB514815FEA14A7FB40129B72A.d.FF70F6F89802F47EC06E5D859AB1E314.e.2825/enabled - {}
COMMAND: GET /session/c9a9826e9467e2adf4f6d53d0c43572d/screenshot - {}
RESULT: {}
COMMAND: POST /session/c9a9826e9467e2adf4f6d53d0c43572d/execute/sync - {"script":"<script> [8489 bytes]","args":[{"element-6066-11e4-a52e-4f735466cecf":"f.B01393AB514815FEA14A7FB40129B72A.d.FF70F6F89802F47EC06E5D859AB1E314.e.2825","ELEMENT":"f.B01393AB514815FEA14A7FB40129B72A.d.FF70F6F89802F47EC06E5D859AB1E314.e.2825"}]}
COMMAND: GET /session/c9a9826e9467e2adf4f6d53d0c43572d/screenshot - {}
RESULT: {}
RESULT: {"script":"<script> [8489 bytes]","args":[{"element-6066-11e4-a52e-4f735466cecf":"f.B01393AB514815FEA14A7FB40129B72A.d.FF70F6F89802F47EC06E5D859AB1E314.e.2825","ELEMENT":"f.B01393AB514815FEA14A7FB40129B72A.d.FF70F6F89802F47EC06E5D859AB1E314.e.2825"}]}
COMMAND: POST /session/c9a9826e9467e2adf4f6d53d0c43572d/execute/sync - {"script":"<script> [5351 bytes]","args":[{"element-6066-11e4-a52e-4f735466cecf":"f.B01393AB514815FEA14A7FB40129B72A.d.FF70F6F89802F47EC06E5D859AB1E314.e.2825","ELEMENT":"f.B01393AB514815FEA14A7FB40129B72A.d.FF70F6F89802F47EC06E5D859AB1E314.e.2825"}]}
COMMAND: GET /session/c9a9826e9467e2adf4f6d53d0c43572d/screenshot - {}
RESULT: {}
RESULT: {"script":"<script> [5351 bytes]","args":[{"element-6066-11e4-a52e-4f735466cecf":"f.B01393AB514815FEA14A7FB40129B72A.d.FF70F6F89802F47EC06E5D859AB1E314.e.2825","ELEMENT":"f.B01393AB514815FEA14A7FB40129B72A.d.FF70F6F89802F47EC06E5D859AB1E314.e.2825"}]}
COMMAND: POST /session/c9a9826e9467e2adf4f6d53d0c43572d/element/f.B01393AB514815FEA14A7FB40129B72A.d.FF70F6F89802F47EC06E5D859AB1E314.e.2825/click - {}
COMMAND: GET /session/c9a9826e9467e2adf4f6d53d0c43572d/screenshot - {}
RESULT: {}
RESULT: {}
COMMAND: GET /session/c9a9826e9467e2adf4f6d53d0c43572d/screenshot - {}
RESULT: undefined
COMMAND: POST /session/c9a9826e9467e2adf4f6d53d0c43572d/element - {"using":"xpath","value":"//*[@id=\"application-manageresources-display-component---newResourceUnit--TYPE-arrow\"]"}
RESULT: {}
RESULT: {}
RESULT: {"using":"xpath","value":"//*[@id=\"application-manageresources-display-component---newResourceUnit--TYPE-arrow\"]"}
COMMAND: POST /session/c9a9826e9467e2adf4f6d53d0c43572d/element/f.B01393AB514815FEA14A7FB40129B72A.d.FF70F6F89802F47EC06E5D859AB1E314.e.3185/click - {}
RESULT: {}
COMMAND: POST /session/c9a9826e9467e2adf4f6d53d0c43572d/element - {"using":"xpath","value":"//input[@id=\"application-manageresources-display-component---newResourceUnit--TYPE-inner\"]"}
COMMAND: GET /session/c9a9826e9467e2adf4f6d53d0c43572d/screenshot - {}
RESULT: {"using":"xpath","value":"//input[@id=\"application-manageresources-display-component---newResourceUnit--TYPE-inner\"]"}
COMMAND: POST /session/c9a9826e9467e2adf4f6d53d0c43572d/element/f.B01393AB514815FEA14A7FB40129B72A.d.FF70F6F89802F47EC06E5D859AB1E314.e.3167/clear - {}
RESULT: {}
RESULT: {}
COMMAND: POST /session/c9a9826e9467e2adf4f6d53d0c43572d/element/f.B01393AB514815FEA14A7FB40129B72A.d.FF70F6F89802F47EC06E5D859AB1E314.e.3167/value - {"text":"Material"}
COMMAND: GET /session/c9a9826e9467e2adf4f6d53d0c43572d/screenshot - {}
RESULT: {"text":"Material"}
COMMAND: GET /session/c9a9826e9467e2adf4f6d53d0c43572d/screenshot - {}
RESULT: {}
RESULT: {}
COMMAND: POST /session/c9a9826e9467e2adf4f6d53d0c43572d/actions - {"actions":[{"id":"action15","type":"key","parameters":{},"actions":[{"type":"keyDown","value":""},{"type":"pause","duration":10},{"type":"keyUp","value":""}]}]}
RESULT: {"actions":[{"id":"action15","type":"key","parameters":{},"actions":[{"type":"keyDown","value":""},{"type":"pause","duration":10},{"type":"keyUp","value":""}]}]}
RESULT: undefined
COMMAND: POST /session/c9a9826e9467e2adf4f6d53d0c43572d/execute/async - {"script":"<script> [776 bytes]","args":[{"enterText":"Cement WDIO","selector":{"id":"application-manageresources-display-component---newResourceUnit--SHORT_TEXT","interaction":{"idSuffix":"inner"}},"clearTextFirst":true,"interactionType":"ENTER_TEXT"}]}
COMMAND: GET /session/c9a9826e9467e2adf4f6d53d0c43572d/screenshot - {}
RESULT: {"script":"<script> [776 bytes]","args":[{"enterText":"Cement WDIO","selector":{"id":"application-manageresources-display-component---newResourceUnit--SHORT_TEXT","interaction":{"idSuffix":"inner"}},"clearTextFirst":true,"interactionType":"ENTER_TEXT"}]}
RESULT: undefined
COMMAND: POST /session/c9a9826e9467e2adf4f6d53d0c43572d/execute/async - {"script":"<script> [776 bytes]","args":[{"enterText":"Piece","selector":{"id":"application-manageresources-display-component---newResourceUnit--BASE_UNIT_OF_MEASURE","interaction":{"idSuffix":"inner"}},"clearTextFirst":true,"interactionType":"ENTER_TEXT"}]}
RESULT: {}
RESULT: {"script":"<script> [776 bytes]","args":[{"enterText":"Piece","selector":{"id":"application-manageresources-display-component---newResourceUnit--BASE_UNIT_OF_MEASURE","interaction":{"idSuffix":"inner"}},"clearTextFirst":true,"interactionType":"ENTER_TEXT"}]}
RESULT: undefined
COMMAND: POST /session/c9a9826e9467e2adf4f6d53d0c43572d/execute/async - {"script":"<script> [776 bytes]","args":[{"enterText":"Gram","selector":{"id":"application-manageresources-display-component---newResourceUnit--WEIGHT_UNIT","interaction":{"idSuffix":"inner"}},"clearTextFirst":true,"interactionType":"ENTER_TEXT"}]}
RESULT: {"script":"<script> [776 bytes]","args":[{"enterText":"Gram","selector":{"id":"application-manageresources-display-component---newResourceUnit--WEIGHT_UNIT","interaction":{"idSuffix":"inner"}},"clearTextFirst":true,"interactionType":"ENTER_TEXT"}]}
RESULT: undefined
COMMAND: POST /session/c9a9826e9467e2adf4f6d53d0c43572d/execute/async - {"script":"<script> [776 bytes]","args":[{"enterText":"Meter","selector":{"id":"application-manageresources-display-component---newResourceUnit--DIMENSION_UNIT","interaction":{"idSuffix":"inner"}},"clearTextFirst":true,"interactionType":"ENTER_TEXT"}]}
RESULT: {"script":"<script> [776 bytes]","args":[{"enterText":"Meter","selector":{"id":"application-manageresources-display-component---newResourceUnit--DIMENSION_UNIT","interaction":{"idSuffix":"inner"}},"clearTextFirst":true,"interactionType":"ENTER_TEXT"}]}
RESULT: undefined
COMMAND: POST /session/c9a9826e9467e2adf4f6d53d0c43572d/element - {"using":"xpath","value":"//*[@id=\"application-manageresources-display-component---newResourceUnit--newRRUPage-anchBar-application-manageresources-display-component---newResourceUnit--control-anchor\"]"}
RESULT: {"using":"xpath","value":"//*[@id=\"application-manageresources-display-component---newResourceUnit--newRRUPage-anchBar-application-manageresources-display-component---newResourceUnit--control-anchor\"]"}
COMMAND: POST /session/c9a9826e9467e2adf4f6d53d0c43572d/element/f.B01393AB514815FEA14A7FB40129B72A.d.FF70F6F89802F47EC06E5D859AB1E314.e.3309/click - {}
RESULT: {}
RESULT: undefined
COMMAND: POST /session/c9a9826e9467e2adf4f6d53d0c43572d/execute/async - {"script":"<script> [776 bytes]","args":[{"enterText":"Material","selector":{"id":"application-manageresources-display-component---newResourceUnit--PLANNING_GROUP","interaction":{"idSuffix":"inner"}},"clearTextFirst":true,"interactionType":"ENTER_TEXT"}]}
COMMAND: GET /session/c9a9826e9467e2adf4f6d53d0c43572d/screenshot - {}
RESULT: {"script":"<script> [776 bytes]","args":[{"enterText":"Material","selector":{"id":"application-manageresources-display-component---newResourceUnit--PLANNING_GROUP","interaction":{"idSuffix":"inner"}},"clearTextFirst":true,"interactionType":"ENTER_TEXT"}]}
RESULT: {}
COMMAND: POST /session/c9a9826e9467e2adf4f6d53d0c43572d/execute/async - {"script":"<script> [1562 bytes]","args":[{"selector":{"id":"application-manageresources-display-component---newResourceUnit--PLANNING_INDICATOR","interaction":{"idSuffix":"inner"}},"wdio_ui5_key":"applicationmanageresources-display-component---newResourceUnit--PLANNING_INDICATOR"}]}
RESULT: {"script":"<script> [1562 bytes]","args":[{"selector":{"id":"application-manageresources-display-component---newResourceUnit--PLANNING_INDICATOR","interaction":{"idSuffix":"inner"}},"wdio_ui5_key":"applicationmanageresources-display-component---newResourceUnit--PLANNING_INDICATOR"}]}
RESULT: undefined
COMMAND: POST /session/c9a9826e9467e2adf4f6d53d0c43572d/execute/async - {"script":"<script> [776 bytes]","args":[{"enterText":"10 - infinite","selector":{"id":"application-manageresources-display-component---newResourceUnit--PLANNING_INDICATOR","interaction":{"idSuffix":"inner"}},"clearTextFirst":true,"interactionType":"ENTER_TEXT"}]}
RESULT: {"script":"<script> [776 bytes]","args":[{"enterText":"10 - infinite","selector":{"id":"application-manageresources-display-component---newResourceUnit--PLANNING_INDICATOR","interaction":{"idSuffix":"inner"}},"clearTextFirst":true,"interactionType":"ENTER_TEXT"}]}
COMMAND: POST /session/c9a9826e9467e2adf4f6d53d0c43572d/element - {"using":"css selector","value":"#application-manageresources-display-component---newResourceUnit--btnAddTimeSegment"}
RESULT: {"using":"css selector","value":"#application-manageresources-display-component---newResourceUnit--btnAddTimeSegment"}
COMMAND: GET /session/c9a9826e9467e2adf4f6d53d0c43572d/element/f.B01393AB514815FEA14A7FB40129B72A.d.FF70F6F89802F47EC06E5D859AB1E314.e.3318/rect - {}
RESULT: {}
COMMAND: GET /session/c9a9826e9467e2adf4f6d53d0c43572d/window/rect - {}
RESULT: {}
COMMAND: POST /session/c9a9826e9467e2adf4f6d53d0c43572d/execute/sync - {"script":"<script> [92 bytes]","args":[]}
RESULT: {"script":"<script> [92 bytes]","args":[]}
COMMAND: POST /session/c9a9826e9467e2adf4f6d53d0c43572d/actions - {"actions":[{"id":"action16","type":"wheel","parameters":{},"actions":[{"type":"scroll","x":-1888,"y":-32,"deltaX":0,"deltaY":0,"duration":0,"origin":{"element-6066-11e4-a52e-4f735466cecf":"f.B01393AB514815FEA14A7FB40129B72A.d.FF70F6F89802F47EC06E5D859AB1E314.e.3318"}}]}]}
COMMAND: GET /session/c9a9826e9467e2adf4f6d53d0c43572d/screenshot - {}
RESULT: {}
COMMAND: POST /session/c9a9826e9467e2adf4f6d53d0c43572d/execute/sync - {"script":"<script> [79 bytes]","args":[{"element-6066-11e4-a52e-4f735466cecf":"f.B01393AB514815FEA14A7FB40129B72A.d.FF70F6F89802F47EC06E5D859AB1E314.e.3318","ELEMENT":"f.B01393AB514815FEA14A7FB40129B72A.d.FF70F6F89802F47EC06E5D859AB1E314.e.3318"},{"block":"start","inline":"nearest"}]}
RESULT: {"script":"<script> [79 bytes]","args":[{"element-6066-11e4-a52e-4f735466cecf":"f.B01393AB514815FEA14A7FB40129B72A.d.FF70F6F89802F47EC06E5D859AB1E314.e.3318","ELEMENT":"f.B01393AB514815FEA14A7FB40129B72A.d.FF70F6F89802F47EC06E5D859AB1E314.e.3318"},{"block":"start","inline":"nearest"}]}
RESULT: undefined
COMMAND: POST /session/c9a9826e9467e2adf4f6d53d0c43572d/element - {"using":"xpath","value":"//*[@id=\"application-manageresources-display-component---newResourceUnit--btnAddTimeSegment\"]"}
COMMAND: GET /session/c9a9826e9467e2adf4f6d53d0c43572d/screenshot - {}
RESULT: {"using":"xpath","value":"//*[@id=\"application-manageresources-display-component---newResourceUnit--btnAddTimeSegment\"]"}
COMMAND: POST /session/c9a9826e9467e2adf4f6d53d0c43572d/element/f.B01393AB514815FEA14A7FB40129B72A.d.FF70F6F89802F47EC06E5D859AB1E314.e.3318/click - {}
RESULT: {}
RESULT: {}
COMMAND: GET /session/c9a9826e9467e2adf4f6d53d0c43572d/screenshot - {}
RESULT: {}
COMMAND: POST /session/c9a9826e9467e2adf4f6d53d0c43572d/element - {"using":"xpath","value":"//input[@id=\"application-manageresources-display-component---newResourceUnit--idRuTSAdmin-application-manageresources-display-component---newResourceUnit--RUTimeSegment-0-inner\"]"}
RESULT: {"using":"xpath","value":"//input[@id=\"application-manageresources-display-component---newResourceUnit--idRuTSAdmin-application-manageresources-display-component---newResourceUnit--RUTimeSegment-0-inner\"]"}
COMMAND: POST /session/c9a9826e9467e2adf4f6d53d0c43572d/element/f.B01393AB514815FEA14A7FB40129B72A.d.FF70F6F89802F47EC06E5D859AB1E314.e.3322/clear - {}
RESULT: {}
COMMAND: POST /session/c9a9826e9467e2adf4f6d53d0c43572d/element/f.B01393AB514815FEA14A7FB40129B72A.d.FF70F6F89802F47EC06E5D859AB1E314.e.3322/value - {"text":"109"}
COMMAND: GET /session/c9a9826e9467e2adf4f6d53d0c43572d/screenshot - {}
RESULT: {"text":"109"}
COMMAND: GET /session/c9a9826e9467e2adf4f6d53d0c43572d/screenshot - {}
RESULT: {}
RESULT: {}
COMMAND: POST /session/c9a9826e9467e2adf4f6d53d0c43572d/element - {"using":"xpath","value":"//li[.//span[text()='109']]"}
RESULT: {"using":"xpath","value":"//li[.//span[text()='109']]"}
COMMAND: POST /session/c9a9826e9467e2adf4f6d53d0c43572d/element/f.B01393AB514815FEA14A7FB40129B72A.d.FF70F6F89802F47EC06E5D859AB1E314.e.3331/click - {}
RESULT: {}
COMMAND: GET /session/c9a9826e9467e2adf4f6d53d0c43572d/screenshot - {}
RESULT: {}
COMMAND: POST /session/c9a9826e9467e2adf4f6d53d0c43572d/element - {"using":"xpath","value":"(//span[contains(@id, \"-application-manageresources-display-component---newResourceUnit--RUTimeSegment-0-arrow\")])[2]"}
RESULT: {"using":"xpath","value":"(//span[contains(@id, \"-application-manageresources-display-component---newResourceUnit--RUTimeSegment-0-arrow\")])[2]"}
COMMAND: POST /session/c9a9826e9467e2adf4f6d53d0c43572d/element/f.B01393AB514815FEA14A7FB40129B72A.d.FF70F6F89802F47EC06E5D859AB1E314.e.3332/click - {}
RESULT: {}
COMMAND: POST /session/c9a9826e9467e2adf4f6d53d0c43572d/element - {"using":"xpath","value":"//span[contains(text(), \"PM Order\")]"}
COMMAND: GET /session/c9a9826e9467e2adf4f6d53d0c43572d/screenshot - {}
RESULT: {"using":"xpath","value":"//span[contains(text(), \"PM Order\")]"}
COMMAND: POST /session/c9a9826e9467e2adf4f6d53d0c43572d/element/f.B01393AB514815FEA14A7FB40129B72A.d.FF70F6F89802F47EC06E5D859AB1E314.e.3333/click - {}
RESULT: {}
RESULT: {}
COMMAND: GET /session/c9a9826e9467e2adf4f6d53d0c43572d/screenshot - {}
RESULT: {}
COMMAND: POST /session/c9a9826e9467e2adf4f6d53d0c43572d/element - {"using":"xpath","value":"//td/div/div/div/span[contains(@id, \"newResourceUnit--RUTimeSegment-0-vhi\")][1]"}
RESULT: {"using":"xpath","value":"//td/div/div/div/span[contains(@id, \"newResourceUnit--RUTimeSegment-0-vhi\")][1]"}
COMMAND: GET /session/c9a9826e9467e2adf4f6d53d0c43572d/element/f.B01393AB514815FEA14A7FB40129B72A.d.FF70F6F89802F47EC06E5D859AB1E314.e.3337/rect - {}
RESULT: {}
COMMAND: GET /session/c9a9826e9467e2adf4f6d53d0c43572d/window/rect - {}
RESULT: {}
COMMAND: POST /session/c9a9826e9467e2adf4f6d53d0c43572d/execute/sync - {"script":"<script> [92 bytes]","args":[]}
RESULT: {"script":"<script> [92 bytes]","args":[]}
COMMAND: POST /session/c9a9826e9467e2adf4f6d53d0c43572d/actions - {"actions":[{"id":"action17","type":"wheel","parameters":{},"actions":[{"type":"scroll","x":-1888,"y":-24,"deltaX":0,"deltaY":0,"duration":0,"origin":{"element-6066-11e4-a52e-4f735466cecf":"f.B01393AB514815FEA14A7FB40129B72A.d.FF70F6F89802F47EC06E5D859AB1E314.e.3337"}}]}]}
COMMAND: GET /session/c9a9826e9467e2adf4f6d53d0c43572d/screenshot - {}
RESULT: {}
COMMAND: POST /session/c9a9826e9467e2adf4f6d53d0c43572d/execute/sync - {"script":"<script> [79 bytes]","args":[{"element-6066-11e4-a52e-4f735466cecf":"f.B01393AB514815FEA14A7FB40129B72A.d.FF70F6F89802F47EC06E5D859AB1E314.e.3337","ELEMENT":"f.B01393AB514815FEA14A7FB40129B72A.d.FF70F6F89802F47EC06E5D859AB1E314.e.3337"},{"block":"start","inline":"nearest"}]}
RESULT: {"script":"<script> [79 bytes]","args":[{"element-6066-11e4-a52e-4f735466cecf":"f.B01393AB514815FEA14A7FB40129B72A.d.FF70F6F89802F47EC06E5D859AB1E314.e.3337","ELEMENT":"f.B01393AB514815FEA14A7FB40129B72A.d.FF70F6F89802F47EC06E5D859AB1E314.e.3337"},{"block":"start","inline":"nearest"}]}
COMMAND: GET /session/c9a9826e9467e2adf4f6d53d0c43572d/screenshot - {}
RESULT: {}
COMMAND: POST /session/c9a9826e9467e2adf4f6d53d0c43572d/element/f.B01393AB514815FEA14A7FB40129B72A.d.FF70F6F89802F47EC06E5D859AB1E314.e.3337/click - {}
RESULT: {}
COMMAND: GET /session/c9a9826e9467e2adf4f6d53d0c43572d/screenshot - {}
RESULT: {}
RESULT: undefined
COMMAND: POST /session/c9a9826e9467e2adf4f6d53d0c43572d/execute/async - {"script":"<script> [776 bytes]","args":[{"enterText":"4000360","selector":{"controlType":"sap.m.SearchField","properties":{"placeholder":"Search"},"searchOpenDialogs":true,"interaction":{"idSuffix":"I"}},"clearTextFirst":true,"interactionType":"ENTER_TEXT"}]}
RESULT: {"script":"<script> [776 bytes]","args":[{"enterText":"4000360","selector":{"controlType":"sap.m.SearchField","properties":{"placeholder":"Search"},"searchOpenDialogs":true,"interaction":{"idSuffix":"I"}},"clearTextFirst":true,"interactionType":"ENTER_TEXT"}]}
COMMAND: POST /session/c9a9826e9467e2adf4f6d53d0c43572d/actions - {"actions":[{"id":"action18","type":"key","parameters":{},"actions":[{"type":"keyDown","value":""},{"type":"pause","duration":10},{"type":"keyUp","value":""}]}]}
RESULT: {"actions":[{"id":"action18","type":"key","parameters":{},"actions":[{"type":"keyDown","value":""},{"type":"pause","duration":10},{"type":"keyUp","value":""}]}]}
COMMAND: GET /session/c9a9826e9467e2adf4f6d53d0c43572d/screenshot - {}
RESULT: {}
COMMAND: POST /session/c9a9826e9467e2adf4f6d53d0c43572d/element - {"using":"xpath","value":"//td/div/span[contains(text(), \"BGL Vehicles\")]"}
RESULT: {"using":"xpath","value":"//td/div/span[contains(text(), \"BGL Vehicles\")]"}
COMMAND: POST /session/c9a9826e9467e2adf4f6d53d0c43572d/element/f.B01393AB514815FEA14A7FB40129B72A.d.FF70F6F89802F47EC06E5D859AB1E314.e.3356/click - {}
RESULT: {}
COMMAND: GET /session/c9a9826e9467e2adf4f6d53d0c43572d/screenshot - {}
RESULT: {}
COMMAND: POST /session/c9a9826e9467e2adf4f6d53d0c43572d/element - {"using":"xpath","value":"//bdi[contains(text(), \"OK\")]"}
RESULT: {"using":"xpath","value":"//bdi[contains(text(), \"OK\")]"}
COMMAND: POST /session/c9a9826e9467e2adf4f6d53d0c43572d/element/f.B01393AB514815FEA14A7FB40129B72A.d.FF70F6F89802F47EC06E5D859AB1E314.e.3357/click - {}
RESULT: {}
COMMAND: GET /session/c9a9826e9467e2adf4f6d53d0c43572d/screenshot - {}
RESULT: {}
COMMAND: POST /session/c9a9826e9467e2adf4f6d53d0c43572d/element - {"using":"xpath","value":"//label[contains(@class, 'sapMLabelRequired') and .//bdi[contains(text(), 'Planned Retirement')]]"}
RESULT: {"using":"xpath","value":"//label[contains(@class, 'sapMLabelRequired') and .//bdi[contains(text(), 'Planned Retirement')]]"}
COMMAND: POST /session/c9a9826e9467e2adf4f6d53d0c43572d/elements - {"using":"xpath","value":"//label[contains(@class, 'sapMLabelRequired') and .//bdi[contains(text(), 'Planned Retirement')]]"}
RESULT: {"using":"xpath","value":"//label[contains(@class, 'sapMLabelRequired') and .//bdi[contains(text(), 'Planned Retirement')]]"}
COMMAND: POST /session/c9a9826e9467e2adf4f6d53d0c43572d/element - {"using":"xpath","value":"//button[@data-kt=\"resourceUnitSaveButton\"]"}
RESULT: {"using":"xpath","value":"//button[@data-kt=\"resourceUnitSaveButton\"]"}
COMMAND: POST /session/c9a9826e9467e2adf4f6d53d0c43572d/element/f.B01393AB514815FEA14A7FB40129B72A.d.FF70F6F89802F47EC06E5D859AB1E314.e.3201/click - {}
RESULT: {}
COMMAND: GET /session/c9a9826e9467e2adf4f6d53d0c43572d/screenshot - {}
RESULT: {}
COMMAND: POST /session/c9a9826e9467e2adf4f6d53d0c43572d/element - {"using":"xpath","value":"//bdi[contains(text(), \"Close\")]"}
RESULT: {"using":"xpath","value":"//bdi[contains(text(), \"Close\")]"}
COMMAND: POST /session/c9a9826e9467e2adf4f6d53d0c43572d/element/f.B01393AB514815FEA14A7FB40129B72A.d.FF70F6F89802F47EC06E5D859AB1E314.e.3363/click - {}
RESULT: {}
COMMAND: GET /session/c9a9826e9467e2adf4f6d53d0c43572d/screenshot - {}
RESULT: {}
COMMAND: POST /session/c9a9826e9467e2adf4f6d53d0c43572d/element - {"using":"xpath","value":"//header[contains(@id, 'detailRruPage-headerTitle')]/div[1]/div[2]/div[2]/span[1]"}
RESULT: {"using":"xpath","value":"//header[contains(@id, 'detailRruPage-headerTitle')]/div[1]/div[2]/div[2]/span[1]"}
COMMAND: POST /session/c9a9826e9467e2adf4f6d53d0c43572d/elements - {"using":"xpath","value":"//header[contains(@id, 'detailRruPage-headerTitle')]/div[1]/div[2]/div[2]/span[1]"}
RESULT: {"using":"xpath","value":"//header[contains(@id, 'detailRruPage-headerTitle')]/div[1]/div[2]/div[2]/span[1]"}
COMMAND: POST /session/c9a9826e9467e2adf4f6d53d0c43572d/execute/sync - {"script":"<script> [56 bytes]","args":[{"element-6066-11e4-a52e-4f735466cecf":"f.B01393AB514815FEA14A7FB40129B72A.d.FF70F6F89802F47EC06E5D859AB1E314.e.3401","ELEMENT":"f.B01393AB514815FEA14A7FB40129B72A.d.FF70F6F89802F47EC06E5D859AB1E314.e.3401"}]}
RESULT: {"script":"<script> [56 bytes]","args":[{"element-6066-11e4-a52e-4f735466cecf":"f.B01393AB514815FEA14A7FB40129B72A.d.FF70F6F89802F47EC06E5D859AB1E314.e.3401","ELEMENT":"f.B01393AB514815FEA14A7FB40129B72A.d.FF70F6F89802F47EC06E5D859AB1E314.e.3401"}]}
COMMAND: POST /session/c9a9826e9467e2adf4f6d53d0c43572d/element - {"using":"css selector","value":"#shell-header-logo"}
COMMAND: GET /session/c9a9826e9467e2adf4f6d53d0c43572d/screenshot - {}
RESULT: {}
RESULT: {"using":"css selector","value":"#shell-header-logo"}
COMMAND: POST /session/c9a9826e9467e2adf4f6d53d0c43572d/element/f.B01393AB514815FEA14A7FB40129B72A.d.FF70F6F89802F47EC06E5D859AB1E314.e.2786/click - {}
RESULT: {}
COMMAND: GET /session/c9a9826e9467e2adf4f6d53d0c43572d/screenshot - {}
RESULT: {}
]]></system-out>
    </testcase>
    <testcase classname="chrome.136_0_7103_93.windows.RU_Inventory_Mass_State_Change_Multiple_Items_US151066" name="Prerequisite Step 2 Should do a stock increase handover for the equipment" time="90.299">
      <failure/>
      <error message="Can't call click on element with selector &quot;//li[.//span[contains(text(),'109 -')]]&quot; because element wasn't found"/>
      <system-out><![CDATA[
COMMAND: POST /session/c9a9826e9467e2adf4f6d53d0c43572d/execute/async - {"script":"<script> [1562 bytes]","args":[{"selector":{"controlType":"sap.m.GenericTile","properties":{"header":"Manage Handovers"}},"wdio_ui5_key":"sapm.GenericTile{\"header\":\"Manage Handovers\"}"}]}
RESULT: {"script":"<script> [1562 bytes]","args":[{"selector":{"controlType":"sap.m.GenericTile","properties":{"header":"Manage Handovers"}},"wdio_ui5_key":"sapm.GenericTile{\"header\":\"Manage Handovers\"}"}]}
RESULT: undefined
COMMAND: POST /session/c9a9826e9467e2adf4f6d53d0c43572d/element - {"using":"xpath","value":"//*[@id=\"__tile133\"]"}
RESULT: {"using":"xpath","value":"//*[@id=\"__tile133\"]"}
COMMAND: POST /session/c9a9826e9467e2adf4f6d53d0c43572d/element/f.B01393AB514815FEA14A7FB40129B72A.d.FF70F6F89802F47EC06E5D859AB1E314.e.237/click - {}
RESULT: {}
COMMAND: GET /session/c9a9826e9467e2adf4f6d53d0c43572d/screenshot - {}
RESULT: {}
COMMAND: POST /session/c9a9826e9467e2adf4f6d53d0c43572d/elements - {"using":"xpath","value":"//span[text()='Error']"}
RESULT: {"using":"xpath","value":"//span[text()='Error']"}
COMMAND: POST /session/c9a9826e9467e2adf4f6d53d0c43572d/element - {"using":"xpath","value":"//button[@data-kt=\"masterHOAddButton\"]"}
RESULT: {"using":"xpath","value":"//button[@data-kt=\"masterHOAddButton\"]"}
COMMAND: POST /session/c9a9826e9467e2adf4f6d53d0c43572d/elements - {"using":"xpath","value":"//button[@data-kt=\"masterHOAddButton\"]"}
RESULT: {"using":"xpath","value":"//button[@data-kt=\"masterHOAddButton\"]"}
COMMAND: POST /session/c9a9826e9467e2adf4f6d53d0c43572d/execute/sync - {"script":"<script> [8489 bytes]","args":[{"element-6066-11e4-a52e-4f735466cecf":"f.B01393AB514815FEA14A7FB40129B72A.d.FF70F6F89802F47EC06E5D859AB1E314.e.3437","ELEMENT":"f.B01393AB514815FEA14A7FB40129B72A.d.FF70F6F89802F47EC06E5D859AB1E314.e.3437"}]}
RESULT: {"script":"<script> [8489 bytes]","args":[{"element-6066-11e4-a52e-4f735466cecf":"f.B01393AB514815FEA14A7FB40129B72A.d.FF70F6F89802F47EC06E5D859AB1E314.e.3437","ELEMENT":"f.B01393AB514815FEA14A7FB40129B72A.d.FF70F6F89802F47EC06E5D859AB1E314.e.3437"}]}
COMMAND: GET /session/c9a9826e9467e2adf4f6d53d0c43572d/element/f.B01393AB514815FEA14A7FB40129B72A.d.FF70F6F89802F47EC06E5D859AB1E314.e.3437/enabled - {}
COMMAND: GET /session/c9a9826e9467e2adf4f6d53d0c43572d/screenshot - {}
RESULT: {}
COMMAND: POST /session/c9a9826e9467e2adf4f6d53d0c43572d/execute/sync - {"script":"<script> [8489 bytes]","args":[{"element-6066-11e4-a52e-4f735466cecf":"f.B01393AB514815FEA14A7FB40129B72A.d.FF70F6F89802F47EC06E5D859AB1E314.e.3437","ELEMENT":"f.B01393AB514815FEA14A7FB40129B72A.d.FF70F6F89802F47EC06E5D859AB1E314.e.3437"}]}
COMMAND: GET /session/c9a9826e9467e2adf4f6d53d0c43572d/screenshot - {}
RESULT: {}
RESULT: {"script":"<script> [8489 bytes]","args":[{"element-6066-11e4-a52e-4f735466cecf":"f.B01393AB514815FEA14A7FB40129B72A.d.FF70F6F89802F47EC06E5D859AB1E314.e.3437","ELEMENT":"f.B01393AB514815FEA14A7FB40129B72A.d.FF70F6F89802F47EC06E5D859AB1E314.e.3437"}]}
COMMAND: POST /session/c9a9826e9467e2adf4f6d53d0c43572d/execute/sync - {"script":"<script> [5351 bytes]","args":[{"element-6066-11e4-a52e-4f735466cecf":"f.B01393AB514815FEA14A7FB40129B72A.d.FF70F6F89802F47EC06E5D859AB1E314.e.3437","ELEMENT":"f.B01393AB514815FEA14A7FB40129B72A.d.FF70F6F89802F47EC06E5D859AB1E314.e.3437"}]}
COMMAND: GET /session/c9a9826e9467e2adf4f6d53d0c43572d/screenshot - {}
RESULT: {}
RESULT: {"script":"<script> [5351 bytes]","args":[{"element-6066-11e4-a52e-4f735466cecf":"f.B01393AB514815FEA14A7FB40129B72A.d.FF70F6F89802F47EC06E5D859AB1E314.e.3437","ELEMENT":"f.B01393AB514815FEA14A7FB40129B72A.d.FF70F6F89802F47EC06E5D859AB1E314.e.3437"}]}
COMMAND: POST /session/c9a9826e9467e2adf4f6d53d0c43572d/element/f.B01393AB514815FEA14A7FB40129B72A.d.FF70F6F89802F47EC06E5D859AB1E314.e.3437/click - {}
COMMAND: GET /session/c9a9826e9467e2adf4f6d53d0c43572d/screenshot - {}
RESULT: {}
RESULT: {}
COMMAND: GET /session/c9a9826e9467e2adf4f6d53d0c43572d/screenshot - {}
RESULT: {}
COMMAND: POST /session/c9a9826e9467e2adf4f6d53d0c43572d/element - {"using":"xpath","value":"//span[contains(@id ,\"AddNewHO--typeSelect-arrow\")]"}
RESULT: {}
RESULT: {"using":"xpath","value":"//span[contains(@id ,\"AddNewHO--typeSelect-arrow\")]"}
COMMAND: POST /session/c9a9826e9467e2adf4f6d53d0c43572d/element/f.B01393AB514815FEA14A7FB40129B72A.d.FF70F6F89802F47EC06E5D859AB1E314.e.3798/click - {}
RESULT: {}
COMMAND: GET /session/c9a9826e9467e2adf4f6d53d0c43572d/screenshot - {}
RESULT: {}
COMMAND: POST /session/c9a9826e9467e2adf4f6d53d0c43572d/element - {"using":"xpath","value":"(//li[contains(text(), \"stock increase yard\")])[1]"}
RESULT: {"using":"xpath","value":"(//li[contains(text(), \"stock increase yard\")])[1]"}
COMMAND: POST /session/c9a9826e9467e2adf4f6d53d0c43572d/element/f.B01393AB514815FEA14A7FB40129B72A.d.FF70F6F89802F47EC06E5D859AB1E314.e.3799/click - {}
RESULT: {}
COMMAND: GET /session/c9a9826e9467e2adf4f6d53d0c43572d/screenshot - {}
RESULT: {}
COMMAND: POST /session/c9a9826e9467e2adf4f6d53d0c43572d/execute/async - {"script":"<script> [1562 bytes]","args":[{"selector":{"id":"application-managehandovers-display-component---AddNewHO--dueDate","interaction":{"idSuffix":"inner"}},"wdio_ui5_key":"applicationmanagehandovers-display-component---AddNewHO--dueDate"}]}
RESULT: {"script":"<script> [1562 bytes]","args":[{"selector":{"id":"application-managehandovers-display-component---AddNewHO--dueDate","interaction":{"idSuffix":"inner"}},"wdio_ui5_key":"applicationmanagehandovers-display-component---AddNewHO--dueDate"}]}
RESULT: undefined
COMMAND: POST /session/c9a9826e9467e2adf4f6d53d0c43572d/execute/async - {"script":"<script> [6424 bytes]","args":[{"element-6066-11e4-a52e-4f735466cecf":"f.B01393AB514815FEA14A7FB40129B72A.d.FF70F6F89802F47EC06E5D859AB1E314.e.3801"},"setValue",["5/31/25"]]}
RESULT: {"script":"<script> [6424 bytes]","args":[{"element-6066-11e4-a52e-4f735466cecf":"f.B01393AB514815FEA14A7FB40129B72A.d.FF70F6F89802F47EC06E5D859AB1E314.e.3801"},"setValue",["5/31/25"]]}
COMMAND: POST /session/c9a9826e9467e2adf4f6d53d0c43572d/element - {"using":"xpath","value":"//input[@id=\"generalSectionFrg--receiveYard-inner\"]"}
RESULT: {"using":"xpath","value":"//input[@id=\"generalSectionFrg--receiveYard-inner\"]"}
COMMAND: POST /session/c9a9826e9467e2adf4f6d53d0c43572d/element/f.B01393AB514815FEA14A7FB40129B72A.d.FF70F6F89802F47EC06E5D859AB1E314.e.3807/clear - {}
RESULT: {}
COMMAND: POST /session/c9a9826e9467e2adf4f6d53d0c43572d/element/f.B01393AB514815FEA14A7FB40129B72A.d.FF70F6F89802F47EC06E5D859AB1E314.e.3807/value - {"text":"109"}
COMMAND: GET /session/c9a9826e9467e2adf4f6d53d0c43572d/screenshot - {}
RESULT: {"text":"109"}
COMMAND: GET /session/c9a9826e9467e2adf4f6d53d0c43572d/screenshot - {}
RESULT: {}
RESULT: {}
COMMAND: POST /session/c9a9826e9467e2adf4f6d53d0c43572d/element - {"using":"xpath","value":"//li[.//span[contains(text(),'109 -')]]"}
RESULT: {"using":"xpath","value":"//li[.//span[contains(text(),'109 -')]]"}
COMMAND: POST /session/c9a9826e9467e2adf4f6d53d0c43572d/elements - {"using":"xpath","value":"//li[.//span[contains(text(),'109 -')]]"}
RESULT: {"using":"xpath","value":"//li[.//span[contains(text(),'109 -')]]"}
COMMAND: POST /session/c9a9826e9467e2adf4f6d53d0c43572d/elements - {"using":"xpath","value":"//li[.//span[contains(text(),'109 -')]]"}
RESULT: {"using":"xpath","value":"//li[.//span[contains(text(),'109 -')]]"}
COMMAND: POST /session/c9a9826e9467e2adf4f6d53d0c43572d/elements - {"using":"xpath","value":"//li[.//span[contains(text(),'109 -')]]"}
RESULT: {"using":"xpath","value":"//li[.//span[contains(text(),'109 -')]]"}
COMMAND: POST /session/c9a9826e9467e2adf4f6d53d0c43572d/elements - {"using":"xpath","value":"//li[.//span[contains(text(),'109 -')]]"}
RESULT: {"using":"xpath","value":"//li[.//span[contains(text(),'109 -')]]"}
COMMAND: POST /session/c9a9826e9467e2adf4f6d53d0c43572d/elements - {"using":"xpath","value":"//li[.//span[contains(text(),'109 -')]]"}
RESULT: {"using":"xpath","value":"//li[.//span[contains(text(),'109 -')]]"}
COMMAND: POST /session/c9a9826e9467e2adf4f6d53d0c43572d/elements - {"using":"xpath","value":"//li[.//span[contains(text(),'109 -')]]"}
RESULT: {"using":"xpath","value":"//li[.//span[contains(text(),'109 -')]]"}
COMMAND: POST /session/c9a9826e9467e2adf4f6d53d0c43572d/elements - {"using":"xpath","value":"//li[.//span[contains(text(),'109 -')]]"}
RESULT: {"using":"xpath","value":"//li[.//span[contains(text(),'109 -')]]"}
COMMAND: POST /session/c9a9826e9467e2adf4f6d53d0c43572d/elements - {"using":"xpath","value":"//li[.//span[contains(text(),'109 -')]]"}
RESULT: {"using":"xpath","value":"//li[.//span[contains(text(),'109 -')]]"}
COMMAND: POST /session/c9a9826e9467e2adf4f6d53d0c43572d/elements - {"using":"xpath","value":"//li[.//span[contains(text(),'109 -')]]"}
RESULT: {"using":"xpath","value":"//li[.//span[contains(text(),'109 -')]]"}
COMMAND: POST /session/c9a9826e9467e2adf4f6d53d0c43572d/elements - {"using":"xpath","value":"//li[.//span[contains(text(),'109 -')]]"}
RESULT: {"using":"xpath","value":"//li[.//span[contains(text(),'109 -')]]"}
COMMAND: POST /session/c9a9826e9467e2adf4f6d53d0c43572d/elements - {"using":"xpath","value":"//li[.//span[contains(text(),'109 -')]]"}
RESULT: {"using":"xpath","value":"//li[.//span[contains(text(),'109 -')]]"}
COMMAND: POST /session/c9a9826e9467e2adf4f6d53d0c43572d/elements - {"using":"xpath","value":"//li[.//span[contains(text(),'109 -')]]"}
RESULT: {"using":"xpath","value":"//li[.//span[contains(text(),'109 -')]]"}
COMMAND: POST /session/c9a9826e9467e2adf4f6d53d0c43572d/elements - {"using":"xpath","value":"//li[.//span[contains(text(),'109 -')]]"}
RESULT: {"using":"xpath","value":"//li[.//span[contains(text(),'109 -')]]"}
COMMAND: POST /session/c9a9826e9467e2adf4f6d53d0c43572d/elements - {"using":"xpath","value":"//li[.//span[contains(text(),'109 -')]]"}
RESULT: {"using":"xpath","value":"//li[.//span[contains(text(),'109 -')]]"}
COMMAND: POST /session/c9a9826e9467e2adf4f6d53d0c43572d/elements - {"using":"xpath","value":"//li[.//span[contains(text(),'109 -')]]"}
RESULT: {"using":"xpath","value":"//li[.//span[contains(text(),'109 -')]]"}
COMMAND: POST /session/c9a9826e9467e2adf4f6d53d0c43572d/elements - {"using":"xpath","value":"//li[.//span[contains(text(),'109 -')]]"}
RESULT: {"using":"xpath","value":"//li[.//span[contains(text(),'109 -')]]"}
COMMAND: POST /session/c9a9826e9467e2adf4f6d53d0c43572d/elements - {"using":"xpath","value":"//li[.//span[contains(text(),'109 -')]]"}
RESULT: {"using":"xpath","value":"//li[.//span[contains(text(),'109 -')]]"}
COMMAND: POST /session/c9a9826e9467e2adf4f6d53d0c43572d/elements - {"using":"xpath","value":"//li[.//span[contains(text(),'109 -')]]"}
RESULT: {"using":"xpath","value":"//li[.//span[contains(text(),'109 -')]]"}
COMMAND: POST /session/c9a9826e9467e2adf4f6d53d0c43572d/elements - {"using":"xpath","value":"//li[.//span[contains(text(),'109 -')]]"}
RESULT: {"using":"xpath","value":"//li[.//span[contains(text(),'109 -')]]"}
COMMAND: POST /session/c9a9826e9467e2adf4f6d53d0c43572d/elements - {"using":"xpath","value":"//li[.//span[contains(text(),'109 -')]]"}
RESULT: {"using":"xpath","value":"//li[.//span[contains(text(),'109 -')]]"}
COMMAND: POST /session/c9a9826e9467e2adf4f6d53d0c43572d/elements - {"using":"xpath","value":"//li[.//span[contains(text(),'109 -')]]"}
RESULT: {"using":"xpath","value":"//li[.//span[contains(text(),'109 -')]]"}
COMMAND: POST /session/c9a9826e9467e2adf4f6d53d0c43572d/elements - {"using":"xpath","value":"//li[.//span[contains(text(),'109 -')]]"}
RESULT: {"using":"xpath","value":"//li[.//span[contains(text(),'109 -')]]"}
COMMAND: POST /session/c9a9826e9467e2adf4f6d53d0c43572d/elements - {"using":"xpath","value":"//li[.//span[contains(text(),'109 -')]]"}
RESULT: {"using":"xpath","value":"//li[.//span[contains(text(),'109 -')]]"}
COMMAND: POST /session/c9a9826e9467e2adf4f6d53d0c43572d/elements - {"using":"xpath","value":"//li[.//span[contains(text(),'109 -')]]"}
RESULT: {"using":"xpath","value":"//li[.//span[contains(text(),'109 -')]]"}
COMMAND: POST /session/c9a9826e9467e2adf4f6d53d0c43572d/elements - {"using":"xpath","value":"//li[.//span[contains(text(),'109 -')]]"}
RESULT: {"using":"xpath","value":"//li[.//span[contains(text(),'109 -')]]"}
COMMAND: POST /session/c9a9826e9467e2adf4f6d53d0c43572d/elements - {"using":"xpath","value":"//li[.//span[contains(text(),'109 -')]]"}
RESULT: {"using":"xpath","value":"//li[.//span[contains(text(),'109 -')]]"}
COMMAND: POST /session/c9a9826e9467e2adf4f6d53d0c43572d/elements - {"using":"xpath","value":"//li[.//span[contains(text(),'109 -')]]"}
RESULT: {"using":"xpath","value":"//li[.//span[contains(text(),'109 -')]]"}
COMMAND: POST /session/c9a9826e9467e2adf4f6d53d0c43572d/elements - {"using":"xpath","value":"//li[.//span[contains(text(),'109 -')]]"}
RESULT: {"using":"xpath","value":"//li[.//span[contains(text(),'109 -')]]"}
COMMAND: POST /session/c9a9826e9467e2adf4f6d53d0c43572d/elements - {"using":"xpath","value":"//li[.//span[contains(text(),'109 -')]]"}
RESULT: {"using":"xpath","value":"//li[.//span[contains(text(),'109 -')]]"}
COMMAND: POST /session/c9a9826e9467e2adf4f6d53d0c43572d/elements - {"using":"xpath","value":"//li[.//span[contains(text(),'109 -')]]"}
RESULT: {"using":"xpath","value":"//li[.//span[contains(text(),'109 -')]]"}
COMMAND: POST /session/c9a9826e9467e2adf4f6d53d0c43572d/elements - {"using":"xpath","value":"//li[.//span[contains(text(),'109 -')]]"}
RESULT: {"using":"xpath","value":"//li[.//span[contains(text(),'109 -')]]"}
COMMAND: POST /session/c9a9826e9467e2adf4f6d53d0c43572d/elements - {"using":"xpath","value":"//li[.//span[contains(text(),'109 -')]]"}
RESULT: {"using":"xpath","value":"//li[.//span[contains(text(),'109 -')]]"}
COMMAND: POST /session/c9a9826e9467e2adf4f6d53d0c43572d/elements - {"using":"xpath","value":"//li[.//span[contains(text(),'109 -')]]"}
RESULT: {"using":"xpath","value":"//li[.//span[contains(text(),'109 -')]]"}
COMMAND: POST /session/c9a9826e9467e2adf4f6d53d0c43572d/elements - {"using":"xpath","value":"//li[.//span[contains(text(),'109 -')]]"}
RESULT: {"using":"xpath","value":"//li[.//span[contains(text(),'109 -')]]"}
COMMAND: POST /session/c9a9826e9467e2adf4f6d53d0c43572d/elements - {"using":"xpath","value":"//li[.//span[contains(text(),'109 -')]]"}
RESULT: {"using":"xpath","value":"//li[.//span[contains(text(),'109 -')]]"}
COMMAND: POST /session/c9a9826e9467e2adf4f6d53d0c43572d/elements - {"using":"xpath","value":"//li[.//span[contains(text(),'109 -')]]"}
RESULT: {"using":"xpath","value":"//li[.//span[contains(text(),'109 -')]]"}
COMMAND: POST /session/c9a9826e9467e2adf4f6d53d0c43572d/elements - {"using":"xpath","value":"//li[.//span[contains(text(),'109 -')]]"}
RESULT: {"using":"xpath","value":"//li[.//span[contains(text(),'109 -')]]"}
COMMAND: POST /session/c9a9826e9467e2adf4f6d53d0c43572d/elements - {"using":"xpath","value":"//li[.//span[contains(text(),'109 -')]]"}
RESULT: {"using":"xpath","value":"//li[.//span[contains(text(),'109 -')]]"}
COMMAND: POST /session/c9a9826e9467e2adf4f6d53d0c43572d/elements - {"using":"xpath","value":"//li[.//span[contains(text(),'109 -')]]"}
RESULT: {"using":"xpath","value":"//li[.//span[contains(text(),'109 -')]]"}
COMMAND: POST /session/c9a9826e9467e2adf4f6d53d0c43572d/elements - {"using":"xpath","value":"//li[.//span[contains(text(),'109 -')]]"}
RESULT: {"using":"xpath","value":"//li[.//span[contains(text(),'109 -')]]"}
COMMAND: POST /session/c9a9826e9467e2adf4f6d53d0c43572d/elements - {"using":"xpath","value":"//li[.//span[contains(text(),'109 -')]]"}
RESULT: {"using":"xpath","value":"//li[.//span[contains(text(),'109 -')]]"}
COMMAND: POST /session/c9a9826e9467e2adf4f6d53d0c43572d/elements - {"using":"xpath","value":"//li[.//span[contains(text(),'109 -')]]"}
RESULT: {"using":"xpath","value":"//li[.//span[contains(text(),'109 -')]]"}
COMMAND: POST /session/c9a9826e9467e2adf4f6d53d0c43572d/elements - {"using":"xpath","value":"//li[.//span[contains(text(),'109 -')]]"}
RESULT: {"using":"xpath","value":"//li[.//span[contains(text(),'109 -')]]"}
COMMAND: POST /session/c9a9826e9467e2adf4f6d53d0c43572d/elements - {"using":"xpath","value":"//li[.//span[contains(text(),'109 -')]]"}
RESULT: {"using":"xpath","value":"//li[.//span[contains(text(),'109 -')]]"}
COMMAND: POST /session/c9a9826e9467e2adf4f6d53d0c43572d/elements - {"using":"xpath","value":"//li[.//span[contains(text(),'109 -')]]"}
RESULT: {"using":"xpath","value":"//li[.//span[contains(text(),'109 -')]]"}
COMMAND: POST /session/c9a9826e9467e2adf4f6d53d0c43572d/elements - {"using":"xpath","value":"//li[.//span[contains(text(),'109 -')]]"}
RESULT: {"using":"xpath","value":"//li[.//span[contains(text(),'109 -')]]"}
COMMAND: POST /session/c9a9826e9467e2adf4f6d53d0c43572d/elements - {"using":"xpath","value":"//li[.//span[contains(text(),'109 -')]]"}
RESULT: {"using":"xpath","value":"//li[.//span[contains(text(),'109 -')]]"}
COMMAND: POST /session/c9a9826e9467e2adf4f6d53d0c43572d/elements - {"using":"xpath","value":"//li[.//span[contains(text(),'109 -')]]"}
RESULT: {"using":"xpath","value":"//li[.//span[contains(text(),'109 -')]]"}
COMMAND: POST /session/c9a9826e9467e2adf4f6d53d0c43572d/elements - {"using":"xpath","value":"//li[.//span[contains(text(),'109 -')]]"}
RESULT: {"using":"xpath","value":"//li[.//span[contains(text(),'109 -')]]"}
COMMAND: POST /session/c9a9826e9467e2adf4f6d53d0c43572d/elements - {"using":"xpath","value":"//li[.//span[contains(text(),'109 -')]]"}
RESULT: {"using":"xpath","value":"//li[.//span[contains(text(),'109 -')]]"}
COMMAND: POST /session/c9a9826e9467e2adf4f6d53d0c43572d/elements - {"using":"xpath","value":"//li[.//span[contains(text(),'109 -')]]"}
RESULT: {"using":"xpath","value":"//li[.//span[contains(text(),'109 -')]]"}
COMMAND: POST /session/c9a9826e9467e2adf4f6d53d0c43572d/elements - {"using":"xpath","value":"//li[.//span[contains(text(),'109 -')]]"}
RESULT: {"using":"xpath","value":"//li[.//span[contains(text(),'109 -')]]"}
COMMAND: POST /session/c9a9826e9467e2adf4f6d53d0c43572d/elements - {"using":"xpath","value":"//li[.//span[contains(text(),'109 -')]]"}
RESULT: {"using":"xpath","value":"//li[.//span[contains(text(),'109 -')]]"}
COMMAND: POST /session/c9a9826e9467e2adf4f6d53d0c43572d/elements - {"using":"xpath","value":"//li[.//span[contains(text(),'109 -')]]"}
RESULT: {"using":"xpath","value":"//li[.//span[contains(text(),'109 -')]]"}
COMMAND: POST /session/c9a9826e9467e2adf4f6d53d0c43572d/elements - {"using":"xpath","value":"//li[.//span[contains(text(),'109 -')]]"}
RESULT: {"using":"xpath","value":"//li[.//span[contains(text(),'109 -')]]"}
COMMAND: POST /session/c9a9826e9467e2adf4f6d53d0c43572d/elements - {"using":"xpath","value":"//li[.//span[contains(text(),'109 -')]]"}
RESULT: {"using":"xpath","value":"//li[.//span[contains(text(),'109 -')]]"}
COMMAND: POST /session/c9a9826e9467e2adf4f6d53d0c43572d/elements - {"using":"xpath","value":"//li[.//span[contains(text(),'109 -')]]"}
RESULT: {"using":"xpath","value":"//li[.//span[contains(text(),'109 -')]]"}
COMMAND: POST /session/c9a9826e9467e2adf4f6d53d0c43572d/elements - {"using":"xpath","value":"//li[.//span[contains(text(),'109 -')]]"}
RESULT: {"using":"xpath","value":"//li[.//span[contains(text(),'109 -')]]"}
COMMAND: POST /session/c9a9826e9467e2adf4f6d53d0c43572d/elements - {"using":"xpath","value":"//li[.//span[contains(text(),'109 -')]]"}
RESULT: {"using":"xpath","value":"//li[.//span[contains(text(),'109 -')]]"}
COMMAND: POST /session/c9a9826e9467e2adf4f6d53d0c43572d/elements - {"using":"xpath","value":"//li[.//span[contains(text(),'109 -')]]"}
RESULT: {"using":"xpath","value":"//li[.//span[contains(text(),'109 -')]]"}
COMMAND: POST /session/c9a9826e9467e2adf4f6d53d0c43572d/elements - {"using":"xpath","value":"//li[.//span[contains(text(),'109 -')]]"}
RESULT: {"using":"xpath","value":"//li[.//span[contains(text(),'109 -')]]"}
COMMAND: POST /session/c9a9826e9467e2adf4f6d53d0c43572d/elements - {"using":"xpath","value":"//li[.//span[contains(text(),'109 -')]]"}
RESULT: {"using":"xpath","value":"//li[.//span[contains(text(),'109 -')]]"}
COMMAND: POST /session/c9a9826e9467e2adf4f6d53d0c43572d/elements - {"using":"xpath","value":"//li[.//span[contains(text(),'109 -')]]"}
RESULT: {"using":"xpath","value":"//li[.//span[contains(text(),'109 -')]]"}
COMMAND: POST /session/c9a9826e9467e2adf4f6d53d0c43572d/elements - {"using":"xpath","value":"//li[.//span[contains(text(),'109 -')]]"}
RESULT: {"using":"xpath","value":"//li[.//span[contains(text(),'109 -')]]"}
COMMAND: POST /session/c9a9826e9467e2adf4f6d53d0c43572d/elements - {"using":"xpath","value":"//li[.//span[contains(text(),'109 -')]]"}
RESULT: {"using":"xpath","value":"//li[.//span[contains(text(),'109 -')]]"}
COMMAND: POST /session/c9a9826e9467e2adf4f6d53d0c43572d/elements - {"using":"xpath","value":"//li[.//span[contains(text(),'109 -')]]"}
RESULT: {"using":"xpath","value":"//li[.//span[contains(text(),'109 -')]]"}
COMMAND: POST /session/c9a9826e9467e2adf4f6d53d0c43572d/elements - {"using":"xpath","value":"//li[.//span[contains(text(),'109 -')]]"}
RESULT: {"using":"xpath","value":"//li[.//span[contains(text(),'109 -')]]"}
COMMAND: POST /session/c9a9826e9467e2adf4f6d53d0c43572d/elements - {"using":"xpath","value":"//li[.//span[contains(text(),'109 -')]]"}
RESULT: {"using":"xpath","value":"//li[.//span[contains(text(),'109 -')]]"}
COMMAND: POST /session/c9a9826e9467e2adf4f6d53d0c43572d/elements - {"using":"xpath","value":"//li[.//span[contains(text(),'109 -')]]"}
RESULT: {"using":"xpath","value":"//li[.//span[contains(text(),'109 -')]]"}
COMMAND: POST /session/c9a9826e9467e2adf4f6d53d0c43572d/elements - {"using":"xpath","value":"//li[.//span[contains(text(),'109 -')]]"}
RESULT: {"using":"xpath","value":"//li[.//span[contains(text(),'109 -')]]"}
COMMAND: POST /session/c9a9826e9467e2adf4f6d53d0c43572d/elements - {"using":"xpath","value":"//li[.//span[contains(text(),'109 -')]]"}
RESULT: {"using":"xpath","value":"//li[.//span[contains(text(),'109 -')]]"}
COMMAND: POST /session/c9a9826e9467e2adf4f6d53d0c43572d/elements - {"using":"xpath","value":"//li[.//span[contains(text(),'109 -')]]"}
RESULT: {"using":"xpath","value":"//li[.//span[contains(text(),'109 -')]]"}
COMMAND: POST /session/c9a9826e9467e2adf4f6d53d0c43572d/elements - {"using":"xpath","value":"//li[.//span[contains(text(),'109 -')]]"}
RESULT: {"using":"xpath","value":"//li[.//span[contains(text(),'109 -')]]"}
COMMAND: POST /session/c9a9826e9467e2adf4f6d53d0c43572d/elements - {"using":"xpath","value":"//li[.//span[contains(text(),'109 -')]]"}
RESULT: {"using":"xpath","value":"//li[.//span[contains(text(),'109 -')]]"}
COMMAND: POST /session/c9a9826e9467e2adf4f6d53d0c43572d/elements - {"using":"xpath","value":"//li[.//span[contains(text(),'109 -')]]"}
RESULT: {"using":"xpath","value":"//li[.//span[contains(text(),'109 -')]]"}
COMMAND: POST /session/c9a9826e9467e2adf4f6d53d0c43572d/elements - {"using":"xpath","value":"//li[.//span[contains(text(),'109 -')]]"}
RESULT: {"using":"xpath","value":"//li[.//span[contains(text(),'109 -')]]"}
COMMAND: POST /session/c9a9826e9467e2adf4f6d53d0c43572d/elements - {"using":"xpath","value":"//li[.//span[contains(text(),'109 -')]]"}
RESULT: {"using":"xpath","value":"//li[.//span[contains(text(),'109 -')]]"}
COMMAND: POST /session/c9a9826e9467e2adf4f6d53d0c43572d/elements - {"using":"xpath","value":"//li[.//span[contains(text(),'109 -')]]"}
RESULT: {"using":"xpath","value":"//li[.//span[contains(text(),'109 -')]]"}
COMMAND: POST /session/c9a9826e9467e2adf4f6d53d0c43572d/elements - {"using":"xpath","value":"//li[.//span[contains(text(),'109 -')]]"}
RESULT: {"using":"xpath","value":"//li[.//span[contains(text(),'109 -')]]"}
COMMAND: POST /session/c9a9826e9467e2adf4f6d53d0c43572d/elements - {"using":"xpath","value":"//li[.//span[contains(text(),'109 -')]]"}
RESULT: {"using":"xpath","value":"//li[.//span[contains(text(),'109 -')]]"}
COMMAND: POST /session/c9a9826e9467e2adf4f6d53d0c43572d/elements - {"using":"xpath","value":"//li[.//span[contains(text(),'109 -')]]"}
RESULT: {"using":"xpath","value":"//li[.//span[contains(text(),'109 -')]]"}
COMMAND: POST /session/c9a9826e9467e2adf4f6d53d0c43572d/elements - {"using":"xpath","value":"//li[.//span[contains(text(),'109 -')]]"}
RESULT: {"using":"xpath","value":"//li[.//span[contains(text(),'109 -')]]"}
COMMAND: POST /session/c9a9826e9467e2adf4f6d53d0c43572d/elements - {"using":"xpath","value":"//li[.//span[contains(text(),'109 -')]]"}
RESULT: {"using":"xpath","value":"//li[.//span[contains(text(),'109 -')]]"}
COMMAND: POST /session/c9a9826e9467e2adf4f6d53d0c43572d/elements - {"using":"xpath","value":"//li[.//span[contains(text(),'109 -')]]"}
RESULT: {"using":"xpath","value":"//li[.//span[contains(text(),'109 -')]]"}
COMMAND: POST /session/c9a9826e9467e2adf4f6d53d0c43572d/elements - {"using":"xpath","value":"//li[.//span[contains(text(),'109 -')]]"}
RESULT: {"using":"xpath","value":"//li[.//span[contains(text(),'109 -')]]"}
COMMAND: POST /session/c9a9826e9467e2adf4f6d53d0c43572d/elements - {"using":"xpath","value":"//li[.//span[contains(text(),'109 -')]]"}
RESULT: {"using":"xpath","value":"//li[.//span[contains(text(),'109 -')]]"}
COMMAND: POST /session/c9a9826e9467e2adf4f6d53d0c43572d/elements - {"using":"xpath","value":"//li[.//span[contains(text(),'109 -')]]"}
RESULT: {"using":"xpath","value":"//li[.//span[contains(text(),'109 -')]]"}
COMMAND: POST /session/c9a9826e9467e2adf4f6d53d0c43572d/elements - {"using":"xpath","value":"//li[.//span[contains(text(),'109 -')]]"}
RESULT: {"using":"xpath","value":"//li[.//span[contains(text(),'109 -')]]"}
COMMAND: POST /session/c9a9826e9467e2adf4f6d53d0c43572d/elements - {"using":"xpath","value":"//li[.//span[contains(text(),'109 -')]]"}
RESULT: {"using":"xpath","value":"//li[.//span[contains(text(),'109 -')]]"}
COMMAND: POST /session/c9a9826e9467e2adf4f6d53d0c43572d/elements - {"using":"xpath","value":"//li[.//span[contains(text(),'109 -')]]"}
RESULT: {"using":"xpath","value":"//li[.//span[contains(text(),'109 -')]]"}
COMMAND: POST /session/c9a9826e9467e2adf4f6d53d0c43572d/elements - {"using":"xpath","value":"//li[.//span[contains(text(),'109 -')]]"}
RESULT: {"using":"xpath","value":"//li[.//span[contains(text(),'109 -')]]"}
COMMAND: POST /session/c9a9826e9467e2adf4f6d53d0c43572d/elements - {"using":"xpath","value":"//li[.//span[contains(text(),'109 -')]]"}
RESULT: {"using":"xpath","value":"//li[.//span[contains(text(),'109 -')]]"}
COMMAND: POST /session/c9a9826e9467e2adf4f6d53d0c43572d/elements - {"using":"xpath","value":"//li[.//span[contains(text(),'109 -')]]"}
RESULT: {"using":"xpath","value":"//li[.//span[contains(text(),'109 -')]]"}
COMMAND: POST /session/c9a9826e9467e2adf4f6d53d0c43572d/elements - {"using":"xpath","value":"//li[.//span[contains(text(),'109 -')]]"}
RESULT: {"using":"xpath","value":"//li[.//span[contains(text(),'109 -')]]"}
COMMAND: POST /session/c9a9826e9467e2adf4f6d53d0c43572d/elements - {"using":"xpath","value":"//li[.//span[contains(text(),'109 -')]]"}
RESULT: {"using":"xpath","value":"//li[.//span[contains(text(),'109 -')]]"}
COMMAND: POST /session/c9a9826e9467e2adf4f6d53d0c43572d/elements - {"using":"xpath","value":"//li[.//span[contains(text(),'109 -')]]"}
RESULT: {"using":"xpath","value":"//li[.//span[contains(text(),'109 -')]]"}
COMMAND: POST /session/c9a9826e9467e2adf4f6d53d0c43572d/elements - {"using":"xpath","value":"//li[.//span[contains(text(),'109 -')]]"}
RESULT: {"using":"xpath","value":"//li[.//span[contains(text(),'109 -')]]"}
COMMAND: POST /session/c9a9826e9467e2adf4f6d53d0c43572d/elements - {"using":"xpath","value":"//li[.//span[contains(text(),'109 -')]]"}
RESULT: {"using":"xpath","value":"//li[.//span[contains(text(),'109 -')]]"}
COMMAND: POST /session/c9a9826e9467e2adf4f6d53d0c43572d/elements - {"using":"xpath","value":"//li[.//span[contains(text(),'109 -')]]"}
RESULT: {"using":"xpath","value":"//li[.//span[contains(text(),'109 -')]]"}
COMMAND: POST /session/c9a9826e9467e2adf4f6d53d0c43572d/elements - {"using":"xpath","value":"//li[.//span[contains(text(),'109 -')]]"}
RESULT: {"using":"xpath","value":"//li[.//span[contains(text(),'109 -')]]"}
COMMAND: POST /session/c9a9826e9467e2adf4f6d53d0c43572d/elements - {"using":"xpath","value":"//li[.//span[contains(text(),'109 -')]]"}
RESULT: {"using":"xpath","value":"//li[.//span[contains(text(),'109 -')]]"}
COMMAND: POST /session/c9a9826e9467e2adf4f6d53d0c43572d/elements - {"using":"xpath","value":"//li[.//span[contains(text(),'109 -')]]"}
RESULT: {"using":"xpath","value":"//li[.//span[contains(text(),'109 -')]]"}
COMMAND: POST /session/c9a9826e9467e2adf4f6d53d0c43572d/elements - {"using":"xpath","value":"//li[.//span[contains(text(),'109 -')]]"}
RESULT: {"using":"xpath","value":"//li[.//span[contains(text(),'109 -')]]"}
COMMAND: POST /session/c9a9826e9467e2adf4f6d53d0c43572d/elements - {"using":"xpath","value":"//li[.//span[contains(text(),'109 -')]]"}
RESULT: {"using":"xpath","value":"//li[.//span[contains(text(),'109 -')]]"}
COMMAND: POST /session/c9a9826e9467e2adf4f6d53d0c43572d/elements - {"using":"xpath","value":"//li[.//span[contains(text(),'109 -')]]"}
RESULT: {"using":"xpath","value":"//li[.//span[contains(text(),'109 -')]]"}
COMMAND: POST /session/c9a9826e9467e2adf4f6d53d0c43572d/elements - {"using":"xpath","value":"//li[.//span[contains(text(),'109 -')]]"}
RESULT: {"using":"xpath","value":"//li[.//span[contains(text(),'109 -')]]"}
COMMAND: POST /session/c9a9826e9467e2adf4f6d53d0c43572d/elements - {"using":"xpath","value":"//li[.//span[contains(text(),'109 -')]]"}
RESULT: {"using":"xpath","value":"//li[.//span[contains(text(),'109 -')]]"}
COMMAND: POST /session/c9a9826e9467e2adf4f6d53d0c43572d/elements - {"using":"xpath","value":"//li[.//span[contains(text(),'109 -')]]"}
RESULT: {"using":"xpath","value":"//li[.//span[contains(text(),'109 -')]]"}
COMMAND: POST /session/c9a9826e9467e2adf4f6d53d0c43572d/elements - {"using":"xpath","value":"//li[.//span[contains(text(),'109 -')]]"}
RESULT: {"using":"xpath","value":"//li[.//span[contains(text(),'109 -')]]"}
COMMAND: POST /session/c9a9826e9467e2adf4f6d53d0c43572d/elements - {"using":"xpath","value":"//li[.//span[contains(text(),'109 -')]]"}
RESULT: {"using":"xpath","value":"//li[.//span[contains(text(),'109 -')]]"}
COMMAND: POST /session/c9a9826e9467e2adf4f6d53d0c43572d/elements - {"using":"xpath","value":"//li[.//span[contains(text(),'109 -')]]"}
RESULT: {"using":"xpath","value":"//li[.//span[contains(text(),'109 -')]]"}
COMMAND: POST /session/c9a9826e9467e2adf4f6d53d0c43572d/elements - {"using":"xpath","value":"//li[.//span[contains(text(),'109 -')]]"}
RESULT: {"using":"xpath","value":"//li[.//span[contains(text(),'109 -')]]"}
COMMAND: POST /session/c9a9826e9467e2adf4f6d53d0c43572d/elements - {"using":"xpath","value":"//li[.//span[contains(text(),'109 -')]]"}
RESULT: {"using":"xpath","value":"//li[.//span[contains(text(),'109 -')]]"}
COMMAND: POST /session/c9a9826e9467e2adf4f6d53d0c43572d/elements - {"using":"xpath","value":"//li[.//span[contains(text(),'109 -')]]"}
RESULT: {"using":"xpath","value":"//li[.//span[contains(text(),'109 -')]]"}
COMMAND: POST /session/c9a9826e9467e2adf4f6d53d0c43572d/elements - {"using":"xpath","value":"//li[.//span[contains(text(),'109 -')]]"}
RESULT: {"using":"xpath","value":"//li[.//span[contains(text(),'109 -')]]"}
COMMAND: POST /session/c9a9826e9467e2adf4f6d53d0c43572d/elements - {"using":"xpath","value":"//li[.//span[contains(text(),'109 -')]]"}
RESULT: {"using":"xpath","value":"//li[.//span[contains(text(),'109 -')]]"}
COMMAND: POST /session/c9a9826e9467e2adf4f6d53d0c43572d/elements - {"using":"xpath","value":"//li[.//span[contains(text(),'109 -')]]"}
RESULT: {"using":"xpath","value":"//li[.//span[contains(text(),'109 -')]]"}
COMMAND: POST /session/c9a9826e9467e2adf4f6d53d0c43572d/elements - {"using":"xpath","value":"//li[.//span[contains(text(),'109 -')]]"}
RESULT: {"using":"xpath","value":"//li[.//span[contains(text(),'109 -')]]"}
COMMAND: POST /session/c9a9826e9467e2adf4f6d53d0c43572d/elements - {"using":"xpath","value":"//li[.//span[contains(text(),'109 -')]]"}
RESULT: {"using":"xpath","value":"//li[.//span[contains(text(),'109 -')]]"}
COMMAND: POST /session/c9a9826e9467e2adf4f6d53d0c43572d/elements - {"using":"xpath","value":"//li[.//span[contains(text(),'109 -')]]"}
RESULT: {"using":"xpath","value":"//li[.//span[contains(text(),'109 -')]]"}
COMMAND: GET /session/c9a9826e9467e2adf4f6d53d0c43572d/screenshot - {}
RESULT: {}
]]></system-out>
      <system-err><![CDATA[
Error: Can't call click on element with selector "//li[.//span[contains(text(),'109 -')]]" because element wasn't found
    at async UtilsPrerequisites.stockIncrease (D:\a\1\s\test\specs\BTS\prerequisites-and-utils-functions.js:1638:9)
    at async Context.<anonymous> (D:\a\1\s\test\specs\HTR\ru-inv-list-mass-state-change.spec.js:294:9)
]]></system-err>
    </testcase>
    <testcase classname="chrome.136_0_7103_93.windows.RU_Inventory_Mass_State_Change_Multiple_Items_US151066" name="Prerequisite Step 2 Should do a stock increase handover for the material" time="89.341">
      <failure/>
      <error message="Can't call click on element with selector &quot;//li[.//span[contains(text(),'109 -')]]&quot; because element wasn't found"/>
      <system-out><![CDATA[
RESULT: undefined
COMMAND: POST /session/c9a9826e9467e2adf4f6d53d0c43572d/element - {"using":"xpath","value":"//*[@id=\"__tile133\"]"}
COMMAND: GET /session/c9a9826e9467e2adf4f6d53d0c43572d/screenshot - {}
RESULT: {"using":"xpath","value":"//*[@id=\"__tile133\"]"}
COMMAND: POST /session/c9a9826e9467e2adf4f6d53d0c43572d/element/f.B01393AB514815FEA14A7FB40129B72A.d.FF70F6F89802F47EC06E5D859AB1E314.e.237/click - {}
RESULT: {}
COMMAND: POST /session/c9a9826e9467e2adf4f6d53d0c43572d/elements - {"using":"xpath","value":"//span[text()='Error']"}
RESULT: {"using":"xpath","value":"//span[text()='Error']"}
COMMAND: POST /session/c9a9826e9467e2adf4f6d53d0c43572d/element - {"using":"xpath","value":"//button[@data-kt=\"masterHOAddButton\"]"}
RESULT: {"using":"xpath","value":"//button[@data-kt=\"masterHOAddButton\"]"}
COMMAND: POST /session/c9a9826e9467e2adf4f6d53d0c43572d/elements - {"using":"xpath","value":"//button[@data-kt=\"masterHOAddButton\"]"}
RESULT: {"using":"xpath","value":"//button[@data-kt=\"masterHOAddButton\"]"}
COMMAND: POST /session/c9a9826e9467e2adf4f6d53d0c43572d/execute/sync - {"script":"<script> [8489 bytes]","args":[{"element-6066-11e4-a52e-4f735466cecf":"f.B01393AB514815FEA14A7FB40129B72A.d.FF70F6F89802F47EC06E5D859AB1E314.e.3437","ELEMENT":"f.B01393AB514815FEA14A7FB40129B72A.d.FF70F6F89802F47EC06E5D859AB1E314.e.3437"}]}
RESULT: {"script":"<script> [8489 bytes]","args":[{"element-6066-11e4-a52e-4f735466cecf":"f.B01393AB514815FEA14A7FB40129B72A.d.FF70F6F89802F47EC06E5D859AB1E314.e.3437","ELEMENT":"f.B01393AB514815FEA14A7FB40129B72A.d.FF70F6F89802F47EC06E5D859AB1E314.e.3437"}]}
COMMAND: GET /session/c9a9826e9467e2adf4f6d53d0c43572d/element/f.B01393AB514815FEA14A7FB40129B72A.d.FF70F6F89802F47EC06E5D859AB1E314.e.3437/enabled - {}
COMMAND: GET /session/c9a9826e9467e2adf4f6d53d0c43572d/screenshot - {}
RESULT: {}
COMMAND: POST /session/c9a9826e9467e2adf4f6d53d0c43572d/execute/sync - {"script":"<script> [8489 bytes]","args":[{"element-6066-11e4-a52e-4f735466cecf":"f.B01393AB514815FEA14A7FB40129B72A.d.FF70F6F89802F47EC06E5D859AB1E314.e.3437","ELEMENT":"f.B01393AB514815FEA14A7FB40129B72A.d.FF70F6F89802F47EC06E5D859AB1E314.e.3437"}]}
COMMAND: GET /session/c9a9826e9467e2adf4f6d53d0c43572d/screenshot - {}
RESULT: {}
RESULT: {}
RESULT: {"script":"<script> [8489 bytes]","args":[{"element-6066-11e4-a52e-4f735466cecf":"f.B01393AB514815FEA14A7FB40129B72A.d.FF70F6F89802F47EC06E5D859AB1E314.e.3437","ELEMENT":"f.B01393AB514815FEA14A7FB40129B72A.d.FF70F6F89802F47EC06E5D859AB1E314.e.3437"}]}
COMMAND: POST /session/c9a9826e9467e2adf4f6d53d0c43572d/execute/sync - {"script":"<script> [5351 bytes]","args":[{"element-6066-11e4-a52e-4f735466cecf":"f.B01393AB514815FEA14A7FB40129B72A.d.FF70F6F89802F47EC06E5D859AB1E314.e.3437","ELEMENT":"f.B01393AB514815FEA14A7FB40129B72A.d.FF70F6F89802F47EC06E5D859AB1E314.e.3437"}]}
COMMAND: GET /session/c9a9826e9467e2adf4f6d53d0c43572d/screenshot - {}
RESULT: {"script":"<script> [5351 bytes]","args":[{"element-6066-11e4-a52e-4f735466cecf":"f.B01393AB514815FEA14A7FB40129B72A.d.FF70F6F89802F47EC06E5D859AB1E314.e.3437","ELEMENT":"f.B01393AB514815FEA14A7FB40129B72A.d.FF70F6F89802F47EC06E5D859AB1E314.e.3437"}]}
COMMAND: POST /session/c9a9826e9467e2adf4f6d53d0c43572d/element/f.B01393AB514815FEA14A7FB40129B72A.d.FF70F6F89802F47EC06E5D859AB1E314.e.3437/click - {}
COMMAND: GET /session/c9a9826e9467e2adf4f6d53d0c43572d/screenshot - {}
RESULT: {}
RESULT: {}
COMMAND: GET /session/c9a9826e9467e2adf4f6d53d0c43572d/screenshot - {}
RESULT: {}
RESULT: {}
COMMAND: POST /session/c9a9826e9467e2adf4f6d53d0c43572d/element - {"using":"xpath","value":"//span[contains(@id ,\"AddNewHO--typeSelect-arrow\")]"}
RESULT: {"using":"xpath","value":"//span[contains(@id ,\"AddNewHO--typeSelect-arrow\")]"}
COMMAND: POST /session/c9a9826e9467e2adf4f6d53d0c43572d/element/f.B01393AB514815FEA14A7FB40129B72A.d.FF70F6F89802F47EC06E5D859AB1E314.e.3823/click - {}
RESULT: {}
COMMAND: GET /session/c9a9826e9467e2adf4f6d53d0c43572d/screenshot - {}
RESULT: {}
COMMAND: POST /session/c9a9826e9467e2adf4f6d53d0c43572d/element - {"using":"xpath","value":"(//li[contains(text(), \"stock increase yard\")])[1]"}
RESULT: {"using":"xpath","value":"(//li[contains(text(), \"stock increase yard\")])[1]"}
COMMAND: POST /session/c9a9826e9467e2adf4f6d53d0c43572d/element/f.B01393AB514815FEA14A7FB40129B72A.d.FF70F6F89802F47EC06E5D859AB1E314.e.3799/click - {}
RESULT: {}
COMMAND: GET /session/c9a9826e9467e2adf4f6d53d0c43572d/screenshot - {}
RESULT: {}
RESULT: undefined
COMMAND: POST /session/c9a9826e9467e2adf4f6d53d0c43572d/execute/async - {"script":"<script> [6424 bytes]","args":[{"element-6066-11e4-a52e-4f735466cecf":"f.B01393AB514815FEA14A7FB40129B72A.d.FF70F6F89802F47EC06E5D859AB1E314.e.3801"},"setValue",["5/31/25"]]}
RESULT: {"script":"<script> [6424 bytes]","args":[{"element-6066-11e4-a52e-4f735466cecf":"f.B01393AB514815FEA14A7FB40129B72A.d.FF70F6F89802F47EC06E5D859AB1E314.e.3801"},"setValue",["5/31/25"]]}
COMMAND: POST /session/c9a9826e9467e2adf4f6d53d0c43572d/element - {"using":"xpath","value":"//input[@id=\"generalSectionFrg--receiveYard-inner\"]"}
RESULT: {"using":"xpath","value":"//input[@id=\"generalSectionFrg--receiveYard-inner\"]"}
COMMAND: POST /session/c9a9826e9467e2adf4f6d53d0c43572d/element/f.B01393AB514815FEA14A7FB40129B72A.d.FF70F6F89802F47EC06E5D859AB1E314.e.3807/clear - {}
RESULT: {}
COMMAND: POST /session/c9a9826e9467e2adf4f6d53d0c43572d/element/f.B01393AB514815FEA14A7FB40129B72A.d.FF70F6F89802F47EC06E5D859AB1E314.e.3807/value - {"text":"109"}
COMMAND: GET /session/c9a9826e9467e2adf4f6d53d0c43572d/screenshot - {}
RESULT: {"text":"109"}
COMMAND: GET /session/c9a9826e9467e2adf4f6d53d0c43572d/screenshot - {}
RESULT: {}
RESULT: {}
COMMAND: POST /session/c9a9826e9467e2adf4f6d53d0c43572d/element - {"using":"xpath","value":"//li[.//span[contains(text(),'109 -')]]"}
RESULT: {"using":"xpath","value":"//li[.//span[contains(text(),'109 -')]]"}
COMMAND: POST /session/c9a9826e9467e2adf4f6d53d0c43572d/elements - {"using":"xpath","value":"//li[.//span[contains(text(),'109 -')]]"}
RESULT: {"using":"xpath","value":"//li[.//span[contains(text(),'109 -')]]"}
COMMAND: POST /session/c9a9826e9467e2adf4f6d53d0c43572d/elements - {"using":"xpath","value":"//li[.//span[contains(text(),'109 -')]]"}
RESULT: {"using":"xpath","value":"//li[.//span[contains(text(),'109 -')]]"}
COMMAND: POST /session/c9a9826e9467e2adf4f6d53d0c43572d/elements - {"using":"xpath","value":"//li[.//span[contains(text(),'109 -')]]"}
RESULT: {"using":"xpath","value":"//li[.//span[contains(text(),'109 -')]]"}
COMMAND: POST /session/c9a9826e9467e2adf4f6d53d0c43572d/elements - {"using":"xpath","value":"//li[.//span[contains(text(),'109 -')]]"}
RESULT: {"using":"xpath","value":"//li[.//span[contains(text(),'109 -')]]"}
COMMAND: POST /session/c9a9826e9467e2adf4f6d53d0c43572d/elements - {"using":"xpath","value":"//li[.//span[contains(text(),'109 -')]]"}
RESULT: {"using":"xpath","value":"//li[.//span[contains(text(),'109 -')]]"}
COMMAND: POST /session/c9a9826e9467e2adf4f6d53d0c43572d/elements - {"using":"xpath","value":"//li[.//span[contains(text(),'109 -')]]"}
RESULT: {"using":"xpath","value":"//li[.//span[contains(text(),'109 -')]]"}
COMMAND: POST /session/c9a9826e9467e2adf4f6d53d0c43572d/elements - {"using":"xpath","value":"//li[.//span[contains(text(),'109 -')]]"}
RESULT: {"using":"xpath","value":"//li[.//span[contains(text(),'109 -')]]"}
COMMAND: POST /session/c9a9826e9467e2adf4f6d53d0c43572d/elements - {"using":"xpath","value":"//li[.//span[contains(text(),'109 -')]]"}
RESULT: {"using":"xpath","value":"//li[.//span[contains(text(),'109 -')]]"}
COMMAND: POST /session/c9a9826e9467e2adf4f6d53d0c43572d/elements - {"using":"xpath","value":"//li[.//span[contains(text(),'109 -')]]"}
RESULT: {"using":"xpath","value":"//li[.//span[contains(text(),'109 -')]]"}
COMMAND: POST /session/c9a9826e9467e2adf4f6d53d0c43572d/elements - {"using":"xpath","value":"//li[.//span[contains(text(),'109 -')]]"}
RESULT: {"using":"xpath","value":"//li[.//span[contains(text(),'109 -')]]"}
COMMAND: POST /session/c9a9826e9467e2adf4f6d53d0c43572d/elements - {"using":"xpath","value":"//li[.//span[contains(text(),'109 -')]]"}
RESULT: {"using":"xpath","value":"//li[.//span[contains(text(),'109 -')]]"}
COMMAND: POST /session/c9a9826e9467e2adf4f6d53d0c43572d/elements - {"using":"xpath","value":"//li[.//span[contains(text(),'109 -')]]"}
RESULT: {"using":"xpath","value":"//li[.//span[contains(text(),'109 -')]]"}
COMMAND: POST /session/c9a9826e9467e2adf4f6d53d0c43572d/elements - {"using":"xpath","value":"//li[.//span[contains(text(),'109 -')]]"}
RESULT: {"using":"xpath","value":"//li[.//span[contains(text(),'109 -')]]"}
COMMAND: POST /session/c9a9826e9467e2adf4f6d53d0c43572d/elements - {"using":"xpath","value":"//li[.//span[contains(text(),'109 -')]]"}
RESULT: {"using":"xpath","value":"//li[.//span[contains(text(),'109 -')]]"}
COMMAND: POST /session/c9a9826e9467e2adf4f6d53d0c43572d/elements - {"using":"xpath","value":"//li[.//span[contains(text(),'109 -')]]"}
RESULT: {"using":"xpath","value":"//li[.//span[contains(text(),'109 -')]]"}
COMMAND: POST /session/c9a9826e9467e2adf4f6d53d0c43572d/elements - {"using":"xpath","value":"//li[.//span[contains(text(),'109 -')]]"}
RESULT: {"using":"xpath","value":"//li[.//span[contains(text(),'109 -')]]"}
COMMAND: POST /session/c9a9826e9467e2adf4f6d53d0c43572d/elements - {"using":"xpath","value":"//li[.//span[contains(text(),'109 -')]]"}
RESULT: {"using":"xpath","value":"//li[.//span[contains(text(),'109 -')]]"}
COMMAND: POST /session/c9a9826e9467e2adf4f6d53d0c43572d/elements - {"using":"xpath","value":"//li[.//span[contains(text(),'109 -')]]"}
RESULT: {"using":"xpath","value":"//li[.//span[contains(text(),'109 -')]]"}
COMMAND: POST /session/c9a9826e9467e2adf4f6d53d0c43572d/elements - {"using":"xpath","value":"//li[.//span[contains(text(),'109 -')]]"}
RESULT: {"using":"xpath","value":"//li[.//span[contains(text(),'109 -')]]"}
COMMAND: POST /session/c9a9826e9467e2adf4f6d53d0c43572d/elements - {"using":"xpath","value":"//li[.//span[contains(text(),'109 -')]]"}
RESULT: {"using":"xpath","value":"//li[.//span[contains(text(),'109 -')]]"}
COMMAND: POST /session/c9a9826e9467e2adf4f6d53d0c43572d/elements - {"using":"xpath","value":"//li[.//span[contains(text(),'109 -')]]"}
RESULT: {"using":"xpath","value":"//li[.//span[contains(text(),'109 -')]]"}
COMMAND: POST /session/c9a9826e9467e2adf4f6d53d0c43572d/elements - {"using":"xpath","value":"//li[.//span[contains(text(),'109 -')]]"}
RESULT: {"using":"xpath","value":"//li[.//span[contains(text(),'109 -')]]"}
COMMAND: POST /session/c9a9826e9467e2adf4f6d53d0c43572d/elements - {"using":"xpath","value":"//li[.//span[contains(text(),'109 -')]]"}
RESULT: {"using":"xpath","value":"//li[.//span[contains(text(),'109 -')]]"}
COMMAND: POST /session/c9a9826e9467e2adf4f6d53d0c43572d/elements - {"using":"xpath","value":"//li[.//span[contains(text(),'109 -')]]"}
RESULT: {"using":"xpath","value":"//li[.//span[contains(text(),'109 -')]]"}
COMMAND: POST /session/c9a9826e9467e2adf4f6d53d0c43572d/elements - {"using":"xpath","value":"//li[.//span[contains(text(),'109 -')]]"}
RESULT: {"using":"xpath","value":"//li[.//span[contains(text(),'109 -')]]"}
COMMAND: POST /session/c9a9826e9467e2adf4f6d53d0c43572d/elements - {"using":"xpath","value":"//li[.//span[contains(text(),'109 -')]]"}
RESULT: {"using":"xpath","value":"//li[.//span[contains(text(),'109 -')]]"}
COMMAND: POST /session/c9a9826e9467e2adf4f6d53d0c43572d/elements - {"using":"xpath","value":"//li[.//span[contains(text(),'109 -')]]"}
RESULT: {"using":"xpath","value":"//li[.//span[contains(text(),'109 -')]]"}
COMMAND: POST /session/c9a9826e9467e2adf4f6d53d0c43572d/elements - {"using":"xpath","value":"//li[.//span[contains(text(),'109 -')]]"}
RESULT: {"using":"xpath","value":"//li[.//span[contains(text(),'109 -')]]"}
COMMAND: POST /session/c9a9826e9467e2adf4f6d53d0c43572d/elements - {"using":"xpath","value":"//li[.//span[contains(text(),'109 -')]]"}
RESULT: {"using":"xpath","value":"//li[.//span[contains(text(),'109 -')]]"}
COMMAND: POST /session/c9a9826e9467e2adf4f6d53d0c43572d/elements - {"using":"xpath","value":"//li[.//span[contains(text(),'109 -')]]"}
RESULT: {"using":"xpath","value":"//li[.//span[contains(text(),'109 -')]]"}
COMMAND: POST /session/c9a9826e9467e2adf4f6d53d0c43572d/elements - {"using":"xpath","value":"//li[.//span[contains(text(),'109 -')]]"}
RESULT: {"using":"xpath","value":"//li[.//span[contains(text(),'109 -')]]"}
COMMAND: POST /session/c9a9826e9467e2adf4f6d53d0c43572d/elements - {"using":"xpath","value":"//li[.//span[contains(text(),'109 -')]]"}
RESULT: {"using":"xpath","value":"//li[.//span[contains(text(),'109 -')]]"}
COMMAND: POST /session/c9a9826e9467e2adf4f6d53d0c43572d/elements - {"using":"xpath","value":"//li[.//span[contains(text(),'109 -')]]"}
RESULT: {"using":"xpath","value":"//li[.//span[contains(text(),'109 -')]]"}
COMMAND: POST /session/c9a9826e9467e2adf4f6d53d0c43572d/elements - {"using":"xpath","value":"//li[.//span[contains(text(),'109 -')]]"}
RESULT: {"using":"xpath","value":"//li[.//span[contains(text(),'109 -')]]"}
COMMAND: POST /session/c9a9826e9467e2adf4f6d53d0c43572d/elements - {"using":"xpath","value":"//li[.//span[contains(text(),'109 -')]]"}
RESULT: {"using":"xpath","value":"//li[.//span[contains(text(),'109 -')]]"}
COMMAND: POST /session/c9a9826e9467e2adf4f6d53d0c43572d/elements - {"using":"xpath","value":"//li[.//span[contains(text(),'109 -')]]"}
RESULT: {"using":"xpath","value":"//li[.//span[contains(text(),'109 -')]]"}
COMMAND: POST /session/c9a9826e9467e2adf4f6d53d0c43572d/elements - {"using":"xpath","value":"//li[.//span[contains(text(),'109 -')]]"}
RESULT: {"using":"xpath","value":"//li[.//span[contains(text(),'109 -')]]"}
COMMAND: POST /session/c9a9826e9467e2adf4f6d53d0c43572d/elements - {"using":"xpath","value":"//li[.//span[contains(text(),'109 -')]]"}
RESULT: {"using":"xpath","value":"//li[.//span[contains(text(),'109 -')]]"}
COMMAND: POST /session/c9a9826e9467e2adf4f6d53d0c43572d/elements - {"using":"xpath","value":"//li[.//span[contains(text(),'109 -')]]"}
RESULT: {"using":"xpath","value":"//li[.//span[contains(text(),'109 -')]]"}
COMMAND: POST /session/c9a9826e9467e2adf4f6d53d0c43572d/elements - {"using":"xpath","value":"//li[.//span[contains(text(),'109 -')]]"}
RESULT: {"using":"xpath","value":"//li[.//span[contains(text(),'109 -')]]"}
COMMAND: POST /session/c9a9826e9467e2adf4f6d53d0c43572d/elements - {"using":"xpath","value":"//li[.//span[contains(text(),'109 -')]]"}
RESULT: {"using":"xpath","value":"//li[.//span[contains(text(),'109 -')]]"}
COMMAND: POST /session/c9a9826e9467e2adf4f6d53d0c43572d/elements - {"using":"xpath","value":"//li[.//span[contains(text(),'109 -')]]"}
RESULT: {"using":"xpath","value":"//li[.//span[contains(text(),'109 -')]]"}
COMMAND: POST /session/c9a9826e9467e2adf4f6d53d0c43572d/elements - {"using":"xpath","value":"//li[.//span[contains(text(),'109 -')]]"}
RESULT: {"using":"xpath","value":"//li[.//span[contains(text(),'109 -')]]"}
COMMAND: POST /session/c9a9826e9467e2adf4f6d53d0c43572d/elements - {"using":"xpath","value":"//li[.//span[contains(text(),'109 -')]]"}
RESULT: {"using":"xpath","value":"//li[.//span[contains(text(),'109 -')]]"}
COMMAND: POST /session/c9a9826e9467e2adf4f6d53d0c43572d/elements - {"using":"xpath","value":"//li[.//span[contains(text(),'109 -')]]"}
RESULT: {"using":"xpath","value":"//li[.//span[contains(text(),'109 -')]]"}
COMMAND: POST /session/c9a9826e9467e2adf4f6d53d0c43572d/elements - {"using":"xpath","value":"//li[.//span[contains(text(),'109 -')]]"}
RESULT: {"using":"xpath","value":"//li[.//span[contains(text(),'109 -')]]"}
COMMAND: POST /session/c9a9826e9467e2adf4f6d53d0c43572d/elements - {"using":"xpath","value":"//li[.//span[contains(text(),'109 -')]]"}
RESULT: {"using":"xpath","value":"//li[.//span[contains(text(),'109 -')]]"}
COMMAND: POST /session/c9a9826e9467e2adf4f6d53d0c43572d/elements - {"using":"xpath","value":"//li[.//span[contains(text(),'109 -')]]"}
RESULT: {"using":"xpath","value":"//li[.//span[contains(text(),'109 -')]]"}
COMMAND: POST /session/c9a9826e9467e2adf4f6d53d0c43572d/elements - {"using":"xpath","value":"//li[.//span[contains(text(),'109 -')]]"}
RESULT: {"using":"xpath","value":"//li[.//span[contains(text(),'109 -')]]"}
COMMAND: POST /session/c9a9826e9467e2adf4f6d53d0c43572d/elements - {"using":"xpath","value":"//li[.//span[contains(text(),'109 -')]]"}
RESULT: {"using":"xpath","value":"//li[.//span[contains(text(),'109 -')]]"}
COMMAND: POST /session/c9a9826e9467e2adf4f6d53d0c43572d/elements - {"using":"xpath","value":"//li[.//span[contains(text(),'109 -')]]"}
RESULT: {"using":"xpath","value":"//li[.//span[contains(text(),'109 -')]]"}
COMMAND: POST /session/c9a9826e9467e2adf4f6d53d0c43572d/elements - {"using":"xpath","value":"//li[.//span[contains(text(),'109 -')]]"}
RESULT: {"using":"xpath","value":"//li[.//span[contains(text(),'109 -')]]"}
COMMAND: POST /session/c9a9826e9467e2adf4f6d53d0c43572d/elements - {"using":"xpath","value":"//li[.//span[contains(text(),'109 -')]]"}
RESULT: {"using":"xpath","value":"//li[.//span[contains(text(),'109 -')]]"}
COMMAND: POST /session/c9a9826e9467e2adf4f6d53d0c43572d/elements - {"using":"xpath","value":"//li[.//span[contains(text(),'109 -')]]"}
RESULT: {"using":"xpath","value":"//li[.//span[contains(text(),'109 -')]]"}
COMMAND: POST /session/c9a9826e9467e2adf4f6d53d0c43572d/elements - {"using":"xpath","value":"//li[.//span[contains(text(),'109 -')]]"}
RESULT: {"using":"xpath","value":"//li[.//span[contains(text(),'109 -')]]"}
COMMAND: POST /session/c9a9826e9467e2adf4f6d53d0c43572d/elements - {"using":"xpath","value":"//li[.//span[contains(text(),'109 -')]]"}
RESULT: {"using":"xpath","value":"//li[.//span[contains(text(),'109 -')]]"}
COMMAND: POST /session/c9a9826e9467e2adf4f6d53d0c43572d/elements - {"using":"xpath","value":"//li[.//span[contains(text(),'109 -')]]"}
RESULT: {"using":"xpath","value":"//li[.//span[contains(text(),'109 -')]]"}
COMMAND: POST /session/c9a9826e9467e2adf4f6d53d0c43572d/elements - {"using":"xpath","value":"//li[.//span[contains(text(),'109 -')]]"}
RESULT: {"using":"xpath","value":"//li[.//span[contains(text(),'109 -')]]"}
COMMAND: POST /session/c9a9826e9467e2adf4f6d53d0c43572d/elements - {"using":"xpath","value":"//li[.//span[contains(text(),'109 -')]]"}
RESULT: {"using":"xpath","value":"//li[.//span[contains(text(),'109 -')]]"}
COMMAND: POST /session/c9a9826e9467e2adf4f6d53d0c43572d/elements - {"using":"xpath","value":"//li[.//span[contains(text(),'109 -')]]"}
RESULT: {"using":"xpath","value":"//li[.//span[contains(text(),'109 -')]]"}
COMMAND: POST /session/c9a9826e9467e2adf4f6d53d0c43572d/elements - {"using":"xpath","value":"//li[.//span[contains(text(),'109 -')]]"}
RESULT: {"using":"xpath","value":"//li[.//span[contains(text(),'109 -')]]"}
COMMAND: POST /session/c9a9826e9467e2adf4f6d53d0c43572d/elements - {"using":"xpath","value":"//li[.//span[contains(text(),'109 -')]]"}
RESULT: {"using":"xpath","value":"//li[.//span[contains(text(),'109 -')]]"}
COMMAND: POST /session/c9a9826e9467e2adf4f6d53d0c43572d/elements - {"using":"xpath","value":"//li[.//span[contains(text(),'109 -')]]"}
RESULT: {"using":"xpath","value":"//li[.//span[contains(text(),'109 -')]]"}
COMMAND: POST /session/c9a9826e9467e2adf4f6d53d0c43572d/elements - {"using":"xpath","value":"//li[.//span[contains(text(),'109 -')]]"}
RESULT: {"using":"xpath","value":"//li[.//span[contains(text(),'109 -')]]"}
COMMAND: POST /session/c9a9826e9467e2adf4f6d53d0c43572d/elements - {"using":"xpath","value":"//li[.//span[contains(text(),'109 -')]]"}
RESULT: {"using":"xpath","value":"//li[.//span[contains(text(),'109 -')]]"}
COMMAND: POST /session/c9a9826e9467e2adf4f6d53d0c43572d/elements - {"using":"xpath","value":"//li[.//span[contains(text(),'109 -')]]"}
RESULT: {"using":"xpath","value":"//li[.//span[contains(text(),'109 -')]]"}
COMMAND: POST /session/c9a9826e9467e2adf4f6d53d0c43572d/elements - {"using":"xpath","value":"//li[.//span[contains(text(),'109 -')]]"}
RESULT: {"using":"xpath","value":"//li[.//span[contains(text(),'109 -')]]"}
COMMAND: POST /session/c9a9826e9467e2adf4f6d53d0c43572d/elements - {"using":"xpath","value":"//li[.//span[contains(text(),'109 -')]]"}
RESULT: {"using":"xpath","value":"//li[.//span[contains(text(),'109 -')]]"}
COMMAND: POST /session/c9a9826e9467e2adf4f6d53d0c43572d/elements - {"using":"xpath","value":"//li[.//span[contains(text(),'109 -')]]"}
RESULT: {"using":"xpath","value":"//li[.//span[contains(text(),'109 -')]]"}
COMMAND: POST /session/c9a9826e9467e2adf4f6d53d0c43572d/elements - {"using":"xpath","value":"//li[.//span[contains(text(),'109 -')]]"}
RESULT: {"using":"xpath","value":"//li[.//span[contains(text(),'109 -')]]"}
COMMAND: POST /session/c9a9826e9467e2adf4f6d53d0c43572d/elements - {"using":"xpath","value":"//li[.//span[contains(text(),'109 -')]]"}
RESULT: {"using":"xpath","value":"//li[.//span[contains(text(),'109 -')]]"}
COMMAND: POST /session/c9a9826e9467e2adf4f6d53d0c43572d/elements - {"using":"xpath","value":"//li[.//span[contains(text(),'109 -')]]"}
RESULT: {"using":"xpath","value":"//li[.//span[contains(text(),'109 -')]]"}
COMMAND: POST /session/c9a9826e9467e2adf4f6d53d0c43572d/elements - {"using":"xpath","value":"//li[.//span[contains(text(),'109 -')]]"}
RESULT: {"using":"xpath","value":"//li[.//span[contains(text(),'109 -')]]"}
COMMAND: POST /session/c9a9826e9467e2adf4f6d53d0c43572d/elements - {"using":"xpath","value":"//li[.//span[contains(text(),'109 -')]]"}
RESULT: {"using":"xpath","value":"//li[.//span[contains(text(),'109 -')]]"}
COMMAND: POST /session/c9a9826e9467e2adf4f6d53d0c43572d/elements - {"using":"xpath","value":"//li[.//span[contains(text(),'109 -')]]"}
RESULT: {"using":"xpath","value":"//li[.//span[contains(text(),'109 -')]]"}
COMMAND: POST /session/c9a9826e9467e2adf4f6d53d0c43572d/elements - {"using":"xpath","value":"//li[.//span[contains(text(),'109 -')]]"}
RESULT: {"using":"xpath","value":"//li[.//span[contains(text(),'109 -')]]"}
COMMAND: POST /session/c9a9826e9467e2adf4f6d53d0c43572d/elements - {"using":"xpath","value":"//li[.//span[contains(text(),'109 -')]]"}
RESULT: {"using":"xpath","value":"//li[.//span[contains(text(),'109 -')]]"}
COMMAND: POST /session/c9a9826e9467e2adf4f6d53d0c43572d/elements - {"using":"xpath","value":"//li[.//span[contains(text(),'109 -')]]"}
RESULT: {"using":"xpath","value":"//li[.//span[contains(text(),'109 -')]]"}
COMMAND: POST /session/c9a9826e9467e2adf4f6d53d0c43572d/elements - {"using":"xpath","value":"//li[.//span[contains(text(),'109 -')]]"}
RESULT: {"using":"xpath","value":"//li[.//span[contains(text(),'109 -')]]"}
COMMAND: POST /session/c9a9826e9467e2adf4f6d53d0c43572d/elements - {"using":"xpath","value":"//li[.//span[contains(text(),'109 -')]]"}
RESULT: {"using":"xpath","value":"//li[.//span[contains(text(),'109 -')]]"}
COMMAND: POST /session/c9a9826e9467e2adf4f6d53d0c43572d/elements - {"using":"xpath","value":"//li[.//span[contains(text(),'109 -')]]"}
RESULT: {"using":"xpath","value":"//li[.//span[contains(text(),'109 -')]]"}
COMMAND: POST /session/c9a9826e9467e2adf4f6d53d0c43572d/elements - {"using":"xpath","value":"//li[.//span[contains(text(),'109 -')]]"}
RESULT: {"using":"xpath","value":"//li[.//span[contains(text(),'109 -')]]"}
COMMAND: POST /session/c9a9826e9467e2adf4f6d53d0c43572d/elements - {"using":"xpath","value":"//li[.//span[contains(text(),'109 -')]]"}
RESULT: {"using":"xpath","value":"//li[.//span[contains(text(),'109 -')]]"}
COMMAND: POST /session/c9a9826e9467e2adf4f6d53d0c43572d/elements - {"using":"xpath","value":"//li[.//span[contains(text(),'109 -')]]"}
RESULT: {"using":"xpath","value":"//li[.//span[contains(text(),'109 -')]]"}
COMMAND: POST /session/c9a9826e9467e2adf4f6d53d0c43572d/elements - {"using":"xpath","value":"//li[.//span[contains(text(),'109 -')]]"}
RESULT: {"using":"xpath","value":"//li[.//span[contains(text(),'109 -')]]"}
COMMAND: POST /session/c9a9826e9467e2adf4f6d53d0c43572d/elements - {"using":"xpath","value":"//li[.//span[contains(text(),'109 -')]]"}
RESULT: {"using":"xpath","value":"//li[.//span[contains(text(),'109 -')]]"}
COMMAND: POST /session/c9a9826e9467e2adf4f6d53d0c43572d/elements - {"using":"xpath","value":"//li[.//span[contains(text(),'109 -')]]"}
RESULT: {"using":"xpath","value":"//li[.//span[contains(text(),'109 -')]]"}
COMMAND: POST /session/c9a9826e9467e2adf4f6d53d0c43572d/elements - {"using":"xpath","value":"//li[.//span[contains(text(),'109 -')]]"}
RESULT: {"using":"xpath","value":"//li[.//span[contains(text(),'109 -')]]"}
COMMAND: POST /session/c9a9826e9467e2adf4f6d53d0c43572d/elements - {"using":"xpath","value":"//li[.//span[contains(text(),'109 -')]]"}
RESULT: {"using":"xpath","value":"//li[.//span[contains(text(),'109 -')]]"}
COMMAND: POST /session/c9a9826e9467e2adf4f6d53d0c43572d/elements - {"using":"xpath","value":"//li[.//span[contains(text(),'109 -')]]"}
RESULT: {"using":"xpath","value":"//li[.//span[contains(text(),'109 -')]]"}
COMMAND: POST /session/c9a9826e9467e2adf4f6d53d0c43572d/elements - {"using":"xpath","value":"//li[.//span[contains(text(),'109 -')]]"}
RESULT: {"using":"xpath","value":"//li[.//span[contains(text(),'109 -')]]"}
COMMAND: POST /session/c9a9826e9467e2adf4f6d53d0c43572d/elements - {"using":"xpath","value":"//li[.//span[contains(text(),'109 -')]]"}
RESULT: {"using":"xpath","value":"//li[.//span[contains(text(),'109 -')]]"}
COMMAND: POST /session/c9a9826e9467e2adf4f6d53d0c43572d/elements - {"using":"xpath","value":"//li[.//span[contains(text(),'109 -')]]"}
RESULT: {"using":"xpath","value":"//li[.//span[contains(text(),'109 -')]]"}
COMMAND: POST /session/c9a9826e9467e2adf4f6d53d0c43572d/elements - {"using":"xpath","value":"//li[.//span[contains(text(),'109 -')]]"}
RESULT: {"using":"xpath","value":"//li[.//span[contains(text(),'109 -')]]"}
COMMAND: POST /session/c9a9826e9467e2adf4f6d53d0c43572d/elements - {"using":"xpath","value":"//li[.//span[contains(text(),'109 -')]]"}
RESULT: {"using":"xpath","value":"//li[.//span[contains(text(),'109 -')]]"}
COMMAND: POST /session/c9a9826e9467e2adf4f6d53d0c43572d/elements - {"using":"xpath","value":"//li[.//span[contains(text(),'109 -')]]"}
RESULT: {"using":"xpath","value":"//li[.//span[contains(text(),'109 -')]]"}
COMMAND: POST /session/c9a9826e9467e2adf4f6d53d0c43572d/elements - {"using":"xpath","value":"//li[.//span[contains(text(),'109 -')]]"}
RESULT: {"using":"xpath","value":"//li[.//span[contains(text(),'109 -')]]"}
COMMAND: POST /session/c9a9826e9467e2adf4f6d53d0c43572d/elements - {"using":"xpath","value":"//li[.//span[contains(text(),'109 -')]]"}
RESULT: {"using":"xpath","value":"//li[.//span[contains(text(),'109 -')]]"}
COMMAND: POST /session/c9a9826e9467e2adf4f6d53d0c43572d/elements - {"using":"xpath","value":"//li[.//span[contains(text(),'109 -')]]"}
RESULT: {"using":"xpath","value":"//li[.//span[contains(text(),'109 -')]]"}
COMMAND: POST /session/c9a9826e9467e2adf4f6d53d0c43572d/elements - {"using":"xpath","value":"//li[.//span[contains(text(),'109 -')]]"}
RESULT: {"using":"xpath","value":"//li[.//span[contains(text(),'109 -')]]"}
COMMAND: POST /session/c9a9826e9467e2adf4f6d53d0c43572d/elements - {"using":"xpath","value":"//li[.//span[contains(text(),'109 -')]]"}
RESULT: {"using":"xpath","value":"//li[.//span[contains(text(),'109 -')]]"}
COMMAND: POST /session/c9a9826e9467e2adf4f6d53d0c43572d/elements - {"using":"xpath","value":"//li[.//span[contains(text(),'109 -')]]"}
RESULT: {"using":"xpath","value":"//li[.//span[contains(text(),'109 -')]]"}
COMMAND: POST /session/c9a9826e9467e2adf4f6d53d0c43572d/elements - {"using":"xpath","value":"//li[.//span[contains(text(),'109 -')]]"}
RESULT: {"using":"xpath","value":"//li[.//span[contains(text(),'109 -')]]"}
COMMAND: POST /session/c9a9826e9467e2adf4f6d53d0c43572d/elements - {"using":"xpath","value":"//li[.//span[contains(text(),'109 -')]]"}
RESULT: {"using":"xpath","value":"//li[.//span[contains(text(),'109 -')]]"}
COMMAND: POST /session/c9a9826e9467e2adf4f6d53d0c43572d/elements - {"using":"xpath","value":"//li[.//span[contains(text(),'109 -')]]"}
RESULT: {"using":"xpath","value":"//li[.//span[contains(text(),'109 -')]]"}
COMMAND: POST /session/c9a9826e9467e2adf4f6d53d0c43572d/elements - {"using":"xpath","value":"//li[.//span[contains(text(),'109 -')]]"}
RESULT: {"using":"xpath","value":"//li[.//span[contains(text(),'109 -')]]"}
COMMAND: POST /session/c9a9826e9467e2adf4f6d53d0c43572d/elements - {"using":"xpath","value":"//li[.//span[contains(text(),'109 -')]]"}
RESULT: {"using":"xpath","value":"//li[.//span[contains(text(),'109 -')]]"}
COMMAND: POST /session/c9a9826e9467e2adf4f6d53d0c43572d/elements - {"using":"xpath","value":"//li[.//span[contains(text(),'109 -')]]"}
RESULT: {"using":"xpath","value":"//li[.//span[contains(text(),'109 -')]]"}
COMMAND: POST /session/c9a9826e9467e2adf4f6d53d0c43572d/elements - {"using":"xpath","value":"//li[.//span[contains(text(),'109 -')]]"}
RESULT: {"using":"xpath","value":"//li[.//span[contains(text(),'109 -')]]"}
COMMAND: POST /session/c9a9826e9467e2adf4f6d53d0c43572d/elements - {"using":"xpath","value":"//li[.//span[contains(text(),'109 -')]]"}
RESULT: {"using":"xpath","value":"//li[.//span[contains(text(),'109 -')]]"}
COMMAND: POST /session/c9a9826e9467e2adf4f6d53d0c43572d/elements - {"using":"xpath","value":"//li[.//span[contains(text(),'109 -')]]"}
RESULT: {"using":"xpath","value":"//li[.//span[contains(text(),'109 -')]]"}
COMMAND: POST /session/c9a9826e9467e2adf4f6d53d0c43572d/elements - {"using":"xpath","value":"//li[.//span[contains(text(),'109 -')]]"}
RESULT: {"using":"xpath","value":"//li[.//span[contains(text(),'109 -')]]"}
COMMAND: POST /session/c9a9826e9467e2adf4f6d53d0c43572d/elements - {"using":"xpath","value":"//li[.//span[contains(text(),'109 -')]]"}
RESULT: {"using":"xpath","value":"//li[.//span[contains(text(),'109 -')]]"}
COMMAND: POST /session/c9a9826e9467e2adf4f6d53d0c43572d/elements - {"using":"xpath","value":"//li[.//span[contains(text(),'109 -')]]"}
RESULT: {"using":"xpath","value":"//li[.//span[contains(text(),'109 -')]]"}
COMMAND: POST /session/c9a9826e9467e2adf4f6d53d0c43572d/elements - {"using":"xpath","value":"//li[.//span[contains(text(),'109 -')]]"}
RESULT: {"using":"xpath","value":"//li[.//span[contains(text(),'109 -')]]"}
COMMAND: POST /session/c9a9826e9467e2adf4f6d53d0c43572d/elements - {"using":"xpath","value":"//li[.//span[contains(text(),'109 -')]]"}
RESULT: {"using":"xpath","value":"//li[.//span[contains(text(),'109 -')]]"}
COMMAND: POST /session/c9a9826e9467e2adf4f6d53d0c43572d/elements - {"using":"xpath","value":"//li[.//span[contains(text(),'109 -')]]"}
RESULT: {"using":"xpath","value":"//li[.//span[contains(text(),'109 -')]]"}
COMMAND: POST /session/c9a9826e9467e2adf4f6d53d0c43572d/elements - {"using":"xpath","value":"//li[.//span[contains(text(),'109 -')]]"}
RESULT: {"using":"xpath","value":"//li[.//span[contains(text(),'109 -')]]"}
COMMAND: POST /session/c9a9826e9467e2adf4f6d53d0c43572d/elements - {"using":"xpath","value":"//li[.//span[contains(text(),'109 -')]]"}
RESULT: {"using":"xpath","value":"//li[.//span[contains(text(),'109 -')]]"}
COMMAND: POST /session/c9a9826e9467e2adf4f6d53d0c43572d/elements - {"using":"xpath","value":"//li[.//span[contains(text(),'109 -')]]"}
RESULT: {"using":"xpath","value":"//li[.//span[contains(text(),'109 -')]]"}
COMMAND: POST /session/c9a9826e9467e2adf4f6d53d0c43572d/elements - {"using":"xpath","value":"//li[.//span[contains(text(),'109 -')]]"}
COMMAND: GET /session/c9a9826e9467e2adf4f6d53d0c43572d/screenshot - {}
RESULT: {"using":"xpath","value":"//li[.//span[contains(text(),'109 -')]]"}
RESULT: {}
]]></system-out>
      <system-err><![CDATA[
Error: Can't call click on element with selector "//li[.//span[contains(text(),'109 -')]]" because element wasn't found
    at async UtilsPrerequisites.stockIncrease (D:\a\1\s\test\specs\BTS\prerequisites-and-utils-functions.js:1638:9)
    at async Context.<anonymous> (D:\a\1\s\test\specs\HTR\ru-inv-list-mass-state-change.spec.js:299:9)
]]></system-err>
    </testcase>
    <testcase classname="chrome.136_0_7103_93.windows.RU_Inventory_Mass_State_Change_Multiple_Items_US151066" name="Step 2 Should do a RU inventory mass state change on chosen yard 109 with the resources created one equipment one material the existing ones too" time="55.985">
      <failure/>
      <error message="element (&quot;//button[contains(@id, &quot;massStateBtn&quot;)]&quot;) still not existing after 45000ms"/>
      <system-out><![CDATA[
RESULT: undefined
COMMAND: POST /session/c9a9826e9467e2adf4f6d53d0c43572d/element - {"using":"xpath","value":"//*[@id=\"__tile99\"]"}
COMMAND: GET /session/c9a9826e9467e2adf4f6d53d0c43572d/screenshot - {}
RESULT: {"using":"xpath","value":"//*[@id=\"__tile99\"]"}
COMMAND: POST /session/c9a9826e9467e2adf4f6d53d0c43572d/element/f.B01393AB514815FEA14A7FB40129B72A.d.FF70F6F89802F47EC06E5D859AB1E314.e.261/click - {}
RESULT: {}
COMMAND: POST /session/c9a9826e9467e2adf4f6d53d0c43572d/elements - {"using":"xpath","value":"//span[text()='Error']"}
RESULT: {"using":"xpath","value":"//span[text()='Error']"}
COMMAND: POST /session/c9a9826e9467e2adf4f6d53d0c43572d/element - {"using":"xpath","value":"//button[contains(@id, \"massStateBtn\")]"}
RESULT: {"using":"xpath","value":"//button[contains(@id, \"massStateBtn\")]"}
COMMAND: POST /session/c9a9826e9467e2adf4f6d53d0c43572d/elements - {"using":"xpath","value":"//button[contains(@id, \"massStateBtn\")]"}
RESULT: {"using":"xpath","value":"//button[contains(@id, \"massStateBtn\")]"}
COMMAND: POST /session/c9a9826e9467e2adf4f6d53d0c43572d/elements - {"using":"xpath","value":"//button[contains(@id, \"massStateBtn\")]"}
RESULT: {"using":"xpath","value":"//button[contains(@id, \"massStateBtn\")]"}
COMMAND: POST /session/c9a9826e9467e2adf4f6d53d0c43572d/elements - {"using":"xpath","value":"//button[contains(@id, \"massStateBtn\")]"}
RESULT: {"using":"xpath","value":"//button[contains(@id, \"massStateBtn\")]"}
COMMAND: POST /session/c9a9826e9467e2adf4f6d53d0c43572d/elements - {"using":"xpath","value":"//button[contains(@id, \"massStateBtn\")]"}
RESULT: {"using":"xpath","value":"//button[contains(@id, \"massStateBtn\")]"}
COMMAND: POST /session/c9a9826e9467e2adf4f6d53d0c43572d/elements - {"using":"xpath","value":"//button[contains(@id, \"massStateBtn\")]"}
RESULT: {"using":"xpath","value":"//button[contains(@id, \"massStateBtn\")]"}
COMMAND: POST /session/c9a9826e9467e2adf4f6d53d0c43572d/elements - {"using":"xpath","value":"//button[contains(@id, \"massStateBtn\")]"}
RESULT: {"using":"xpath","value":"//button[contains(@id, \"massStateBtn\")]"}
COMMAND: POST /session/c9a9826e9467e2adf4f6d53d0c43572d/elements - {"using":"xpath","value":"//button[contains(@id, \"massStateBtn\")]"}
RESULT: {"using":"xpath","value":"//button[contains(@id, \"massStateBtn\")]"}
COMMAND: POST /session/c9a9826e9467e2adf4f6d53d0c43572d/elements - {"using":"xpath","value":"//button[contains(@id, \"massStateBtn\")]"}
RESULT: {"using":"xpath","value":"//button[contains(@id, \"massStateBtn\")]"}
COMMAND: POST /session/c9a9826e9467e2adf4f6d53d0c43572d/elements - {"using":"xpath","value":"//button[contains(@id, \"massStateBtn\")]"}
RESULT: {"using":"xpath","value":"//button[contains(@id, \"massStateBtn\")]"}
COMMAND: POST /session/c9a9826e9467e2adf4f6d53d0c43572d/elements - {"using":"xpath","value":"//button[contains(@id, \"massStateBtn\")]"}
RESULT: {"using":"xpath","value":"//button[contains(@id, \"massStateBtn\")]"}
COMMAND: POST /session/c9a9826e9467e2adf4f6d53d0c43572d/elements - {"using":"xpath","value":"//button[contains(@id, \"massStateBtn\")]"}
RESULT: {"using":"xpath","value":"//button[contains(@id, \"massStateBtn\")]"}
COMMAND: POST /session/c9a9826e9467e2adf4f6d53d0c43572d/elements - {"using":"xpath","value":"//button[contains(@id, \"massStateBtn\")]"}
RESULT: {"using":"xpath","value":"//button[contains(@id, \"massStateBtn\")]"}
COMMAND: POST /session/c9a9826e9467e2adf4f6d53d0c43572d/elements - {"using":"xpath","value":"//button[contains(@id, \"massStateBtn\")]"}
RESULT: {"using":"xpath","value":"//button[contains(@id, \"massStateBtn\")]"}
COMMAND: POST /session/c9a9826e9467e2adf4f6d53d0c43572d/elements - {"using":"xpath","value":"//button[contains(@id, \"massStateBtn\")]"}
RESULT: {"using":"xpath","value":"//button[contains(@id, \"massStateBtn\")]"}
COMMAND: POST /session/c9a9826e9467e2adf4f6d53d0c43572d/elements - {"using":"xpath","value":"//button[contains(@id, \"massStateBtn\")]"}
RESULT: {"using":"xpath","value":"//button[contains(@id, \"massStateBtn\")]"}
COMMAND: POST /session/c9a9826e9467e2adf4f6d53d0c43572d/elements - {"using":"xpath","value":"//button[contains(@id, \"massStateBtn\")]"}
RESULT: {"using":"xpath","value":"//button[contains(@id, \"massStateBtn\")]"}
COMMAND: POST /session/c9a9826e9467e2adf4f6d53d0c43572d/elements - {"using":"xpath","value":"//button[contains(@id, \"massStateBtn\")]"}
RESULT: {"using":"xpath","value":"//button[contains(@id, \"massStateBtn\")]"}
COMMAND: POST /session/c9a9826e9467e2adf4f6d53d0c43572d/elements - {"using":"xpath","value":"//button[contains(@id, \"massStateBtn\")]"}
RESULT: {"using":"xpath","value":"//button[contains(@id, \"massStateBtn\")]"}
COMMAND: POST /session/c9a9826e9467e2adf4f6d53d0c43572d/elements - {"using":"xpath","value":"//button[contains(@id, \"massStateBtn\")]"}
RESULT: {"using":"xpath","value":"//button[contains(@id, \"massStateBtn\")]"}
COMMAND: POST /session/c9a9826e9467e2adf4f6d53d0c43572d/elements - {"using":"xpath","value":"//button[contains(@id, \"massStateBtn\")]"}
RESULT: {"using":"xpath","value":"//button[contains(@id, \"massStateBtn\")]"}
COMMAND: POST /session/c9a9826e9467e2adf4f6d53d0c43572d/elements - {"using":"xpath","value":"//button[contains(@id, \"massStateBtn\")]"}
RESULT: {"using":"xpath","value":"//button[contains(@id, \"massStateBtn\")]"}
COMMAND: POST /session/c9a9826e9467e2adf4f6d53d0c43572d/elements - {"using":"xpath","value":"//button[contains(@id, \"massStateBtn\")]"}
RESULT: {"using":"xpath","value":"//button[contains(@id, \"massStateBtn\")]"}
COMMAND: POST /session/c9a9826e9467e2adf4f6d53d0c43572d/elements - {"using":"xpath","value":"//button[contains(@id, \"massStateBtn\")]"}
RESULT: {"using":"xpath","value":"//button[contains(@id, \"massStateBtn\")]"}
COMMAND: POST /session/c9a9826e9467e2adf4f6d53d0c43572d/elements - {"using":"xpath","value":"//button[contains(@id, \"massStateBtn\")]"}
RESULT: {"using":"xpath","value":"//button[contains(@id, \"massStateBtn\")]"}
COMMAND: POST /session/c9a9826e9467e2adf4f6d53d0c43572d/elements - {"using":"xpath","value":"//button[contains(@id, \"massStateBtn\")]"}
RESULT: {"using":"xpath","value":"//button[contains(@id, \"massStateBtn\")]"}
COMMAND: POST /session/c9a9826e9467e2adf4f6d53d0c43572d/elements - {"using":"xpath","value":"//button[contains(@id, \"massStateBtn\")]"}
RESULT: {"using":"xpath","value":"//button[contains(@id, \"massStateBtn\")]"}
COMMAND: POST /session/c9a9826e9467e2adf4f6d53d0c43572d/elements - {"using":"xpath","value":"//button[contains(@id, \"massStateBtn\")]"}
RESULT: {"using":"xpath","value":"//button[contains(@id, \"massStateBtn\")]"}
COMMAND: POST /session/c9a9826e9467e2adf4f6d53d0c43572d/elements - {"using":"xpath","value":"//button[contains(@id, \"massStateBtn\")]"}
RESULT: {"using":"xpath","value":"//button[contains(@id, \"massStateBtn\")]"}
COMMAND: POST /session/c9a9826e9467e2adf4f6d53d0c43572d/elements - {"using":"xpath","value":"//button[contains(@id, \"massStateBtn\")]"}
RESULT: {"using":"xpath","value":"//button[contains(@id, \"massStateBtn\")]"}
COMMAND: POST /session/c9a9826e9467e2adf4f6d53d0c43572d/elements - {"using":"xpath","value":"//button[contains(@id, \"massStateBtn\")]"}
RESULT: {"using":"xpath","value":"//button[contains(@id, \"massStateBtn\")]"}
COMMAND: POST /session/c9a9826e9467e2adf4f6d53d0c43572d/elements - {"using":"xpath","value":"//button[contains(@id, \"massStateBtn\")]"}
RESULT: {"using":"xpath","value":"//button[contains(@id, \"massStateBtn\")]"}
COMMAND: POST /session/c9a9826e9467e2adf4f6d53d0c43572d/elements - {"using":"xpath","value":"//button[contains(@id, \"massStateBtn\")]"}
RESULT: {"using":"xpath","value":"//button[contains(@id, \"massStateBtn\")]"}
COMMAND: POST /session/c9a9826e9467e2adf4f6d53d0c43572d/elements - {"using":"xpath","value":"//button[contains(@id, \"massStateBtn\")]"}
RESULT: {"using":"xpath","value":"//button[contains(@id, \"massStateBtn\")]"}
COMMAND: POST /session/c9a9826e9467e2adf4f6d53d0c43572d/elements - {"using":"xpath","value":"//button[contains(@id, \"massStateBtn\")]"}
RESULT: {"using":"xpath","value":"//button[contains(@id, \"massStateBtn\")]"}
COMMAND: POST /session/c9a9826e9467e2adf4f6d53d0c43572d/elements - {"using":"xpath","value":"//button[contains(@id, \"massStateBtn\")]"}
RESULT: {"using":"xpath","value":"//button[contains(@id, \"massStateBtn\")]"}
COMMAND: POST /session/c9a9826e9467e2adf4f6d53d0c43572d/elements - {"using":"xpath","value":"//button[contains(@id, \"massStateBtn\")]"}
RESULT: {"using":"xpath","value":"//button[contains(@id, \"massStateBtn\")]"}
COMMAND: POST /session/c9a9826e9467e2adf4f6d53d0c43572d/elements - {"using":"xpath","value":"//button[contains(@id, \"massStateBtn\")]"}
RESULT: {"using":"xpath","value":"//button[contains(@id, \"massStateBtn\")]"}
COMMAND: POST /session/c9a9826e9467e2adf4f6d53d0c43572d/elements - {"using":"xpath","value":"//button[contains(@id, \"massStateBtn\")]"}
RESULT: {"using":"xpath","value":"//button[contains(@id, \"massStateBtn\")]"}
COMMAND: POST /session/c9a9826e9467e2adf4f6d53d0c43572d/elements - {"using":"xpath","value":"//button[contains(@id, \"massStateBtn\")]"}
RESULT: {"using":"xpath","value":"//button[contains(@id, \"massStateBtn\")]"}
COMMAND: POST /session/c9a9826e9467e2adf4f6d53d0c43572d/elements - {"using":"xpath","value":"//button[contains(@id, \"massStateBtn\")]"}
RESULT: {"using":"xpath","value":"//button[contains(@id, \"massStateBtn\")]"}
COMMAND: POST /session/c9a9826e9467e2adf4f6d53d0c43572d/elements - {"using":"xpath","value":"//button[contains(@id, \"massStateBtn\")]"}
RESULT: {"using":"xpath","value":"//button[contains(@id, \"massStateBtn\")]"}
COMMAND: POST /session/c9a9826e9467e2adf4f6d53d0c43572d/elements - {"using":"xpath","value":"//button[contains(@id, \"massStateBtn\")]"}
RESULT: {"using":"xpath","value":"//button[contains(@id, \"massStateBtn\")]"}
COMMAND: POST /session/c9a9826e9467e2adf4f6d53d0c43572d/elements - {"using":"xpath","value":"//button[contains(@id, \"massStateBtn\")]"}
RESULT: {"using":"xpath","value":"//button[contains(@id, \"massStateBtn\")]"}
COMMAND: POST /session/c9a9826e9467e2adf4f6d53d0c43572d/elements - {"using":"xpath","value":"//button[contains(@id, \"massStateBtn\")]"}
RESULT: {"using":"xpath","value":"//button[contains(@id, \"massStateBtn\")]"}
COMMAND: POST /session/c9a9826e9467e2adf4f6d53d0c43572d/elements - {"using":"xpath","value":"//button[contains(@id, \"massStateBtn\")]"}
RESULT: {"using":"xpath","value":"//button[contains(@id, \"massStateBtn\")]"}
COMMAND: POST /session/c9a9826e9467e2adf4f6d53d0c43572d/elements - {"using":"xpath","value":"//button[contains(@id, \"massStateBtn\")]"}
RESULT: {"using":"xpath","value":"//button[contains(@id, \"massStateBtn\")]"}
COMMAND: POST /session/c9a9826e9467e2adf4f6d53d0c43572d/elements - {"using":"xpath","value":"//button[contains(@id, \"massStateBtn\")]"}
RESULT: {"using":"xpath","value":"//button[contains(@id, \"massStateBtn\")]"}
COMMAND: POST /session/c9a9826e9467e2adf4f6d53d0c43572d/elements - {"using":"xpath","value":"//button[contains(@id, \"massStateBtn\")]"}
RESULT: {"using":"xpath","value":"//button[contains(@id, \"massStateBtn\")]"}
COMMAND: POST /session/c9a9826e9467e2adf4f6d53d0c43572d/elements - {"using":"xpath","value":"//button[contains(@id, \"massStateBtn\")]"}
RESULT: {"using":"xpath","value":"//button[contains(@id, \"massStateBtn\")]"}
COMMAND: POST /session/c9a9826e9467e2adf4f6d53d0c43572d/elements - {"using":"xpath","value":"//button[contains(@id, \"massStateBtn\")]"}
RESULT: {"using":"xpath","value":"//button[contains(@id, \"massStateBtn\")]"}
COMMAND: POST /session/c9a9826e9467e2adf4f6d53d0c43572d/elements - {"using":"xpath","value":"//button[contains(@id, \"massStateBtn\")]"}
RESULT: {"using":"xpath","value":"//button[contains(@id, \"massStateBtn\")]"}
COMMAND: POST /session/c9a9826e9467e2adf4f6d53d0c43572d/elements - {"using":"xpath","value":"//button[contains(@id, \"massStateBtn\")]"}
RESULT: {"using":"xpath","value":"//button[contains(@id, \"massStateBtn\")]"}
COMMAND: POST /session/c9a9826e9467e2adf4f6d53d0c43572d/elements - {"using":"xpath","value":"//button[contains(@id, \"massStateBtn\")]"}
RESULT: {"using":"xpath","value":"//button[contains(@id, \"massStateBtn\")]"}
COMMAND: POST /session/c9a9826e9467e2adf4f6d53d0c43572d/elements - {"using":"xpath","value":"//button[contains(@id, \"massStateBtn\")]"}
RESULT: {"using":"xpath","value":"//button[contains(@id, \"massStateBtn\")]"}
COMMAND: POST /session/c9a9826e9467e2adf4f6d53d0c43572d/elements - {"using":"xpath","value":"//button[contains(@id, \"massStateBtn\")]"}
RESULT: {"using":"xpath","value":"//button[contains(@id, \"massStateBtn\")]"}
COMMAND: POST /session/c9a9826e9467e2adf4f6d53d0c43572d/elements - {"using":"xpath","value":"//button[contains(@id, \"massStateBtn\")]"}
RESULT: {"using":"xpath","value":"//button[contains(@id, \"massStateBtn\")]"}
COMMAND: POST /session/c9a9826e9467e2adf4f6d53d0c43572d/elements - {"using":"xpath","value":"//button[contains(@id, \"massStateBtn\")]"}
RESULT: {"using":"xpath","value":"//button[contains(@id, \"massStateBtn\")]"}
COMMAND: POST /session/c9a9826e9467e2adf4f6d53d0c43572d/elements - {"using":"xpath","value":"//button[contains(@id, \"massStateBtn\")]"}
RESULT: {"using":"xpath","value":"//button[contains(@id, \"massStateBtn\")]"}
COMMAND: POST /session/c9a9826e9467e2adf4f6d53d0c43572d/elements - {"using":"xpath","value":"//button[contains(@id, \"massStateBtn\")]"}
RESULT: {"using":"xpath","value":"//button[contains(@id, \"massStateBtn\")]"}
COMMAND: POST /session/c9a9826e9467e2adf4f6d53d0c43572d/elements - {"using":"xpath","value":"//button[contains(@id, \"massStateBtn\")]"}
RESULT: {"using":"xpath","value":"//button[contains(@id, \"massStateBtn\")]"}
COMMAND: POST /session/c9a9826e9467e2adf4f6d53d0c43572d/elements - {"using":"xpath","value":"//button[contains(@id, \"massStateBtn\")]"}
RESULT: {"using":"xpath","value":"//button[contains(@id, \"massStateBtn\")]"}
COMMAND: POST /session/c9a9826e9467e2adf4f6d53d0c43572d/elements - {"using":"xpath","value":"//button[contains(@id, \"massStateBtn\")]"}
RESULT: {"using":"xpath","value":"//button[contains(@id, \"massStateBtn\")]"}
COMMAND: POST /session/c9a9826e9467e2adf4f6d53d0c43572d/elements - {"using":"xpath","value":"//button[contains(@id, \"massStateBtn\")]"}
RESULT: {"using":"xpath","value":"//button[contains(@id, \"massStateBtn\")]"}
COMMAND: POST /session/c9a9826e9467e2adf4f6d53d0c43572d/elements - {"using":"xpath","value":"//button[contains(@id, \"massStateBtn\")]"}
RESULT: {"using":"xpath","value":"//button[contains(@id, \"massStateBtn\")]"}
COMMAND: POST /session/c9a9826e9467e2adf4f6d53d0c43572d/elements - {"using":"xpath","value":"//button[contains(@id, \"massStateBtn\")]"}
RESULT: {"using":"xpath","value":"//button[contains(@id, \"massStateBtn\")]"}
COMMAND: POST /session/c9a9826e9467e2adf4f6d53d0c43572d/elements - {"using":"xpath","value":"//button[contains(@id, \"massStateBtn\")]"}
RESULT: {"using":"xpath","value":"//button[contains(@id, \"massStateBtn\")]"}
COMMAND: POST /session/c9a9826e9467e2adf4f6d53d0c43572d/elements - {"using":"xpath","value":"//button[contains(@id, \"massStateBtn\")]"}
RESULT: {"using":"xpath","value":"//button[contains(@id, \"massStateBtn\")]"}
COMMAND: POST /session/c9a9826e9467e2adf4f6d53d0c43572d/elements - {"using":"xpath","value":"//button[contains(@id, \"massStateBtn\")]"}
RESULT: {"using":"xpath","value":"//button[contains(@id, \"massStateBtn\")]"}
COMMAND: POST /session/c9a9826e9467e2adf4f6d53d0c43572d/elements - {"using":"xpath","value":"//button[contains(@id, \"massStateBtn\")]"}
RESULT: {"using":"xpath","value":"//button[contains(@id, \"massStateBtn\")]"}
COMMAND: POST /session/c9a9826e9467e2adf4f6d53d0c43572d/elements - {"using":"xpath","value":"//button[contains(@id, \"massStateBtn\")]"}
RESULT: {"using":"xpath","value":"//button[contains(@id, \"massStateBtn\")]"}
COMMAND: POST /session/c9a9826e9467e2adf4f6d53d0c43572d/elements - {"using":"xpath","value":"//button[contains(@id, \"massStateBtn\")]"}
RESULT: {"using":"xpath","value":"//button[contains(@id, \"massStateBtn\")]"}
COMMAND: POST /session/c9a9826e9467e2adf4f6d53d0c43572d/elements - {"using":"xpath","value":"//button[contains(@id, \"massStateBtn\")]"}
RESULT: {"using":"xpath","value":"//button[contains(@id, \"massStateBtn\")]"}
COMMAND: POST /session/c9a9826e9467e2adf4f6d53d0c43572d/elements - {"using":"xpath","value":"//button[contains(@id, \"massStateBtn\")]"}
RESULT: {"using":"xpath","value":"//button[contains(@id, \"massStateBtn\")]"}
COMMAND: POST /session/c9a9826e9467e2adf4f6d53d0c43572d/elements - {"using":"xpath","value":"//button[contains(@id, \"massStateBtn\")]"}
RESULT: {"using":"xpath","value":"//button[contains(@id, \"massStateBtn\")]"}
COMMAND: POST /session/c9a9826e9467e2adf4f6d53d0c43572d/elements - {"using":"xpath","value":"//button[contains(@id, \"massStateBtn\")]"}
RESULT: {"using":"xpath","value":"//button[contains(@id, \"massStateBtn\")]"}
COMMAND: POST /session/c9a9826e9467e2adf4f6d53d0c43572d/elements - {"using":"xpath","value":"//button[contains(@id, \"massStateBtn\")]"}
RESULT: {"using":"xpath","value":"//button[contains(@id, \"massStateBtn\")]"}
COMMAND: POST /session/c9a9826e9467e2adf4f6d53d0c43572d/elements - {"using":"xpath","value":"//button[contains(@id, \"massStateBtn\")]"}
RESULT: {"using":"xpath","value":"//button[contains(@id, \"massStateBtn\")]"}
COMMAND: POST /session/c9a9826e9467e2adf4f6d53d0c43572d/elements - {"using":"xpath","value":"//button[contains(@id, \"massStateBtn\")]"}
RESULT: {"using":"xpath","value":"//button[contains(@id, \"massStateBtn\")]"}
COMMAND: POST /session/c9a9826e9467e2adf4f6d53d0c43572d/elements - {"using":"xpath","value":"//button[contains(@id, \"massStateBtn\")]"}
RESULT: {"using":"xpath","value":"//button[contains(@id, \"massStateBtn\")]"}
COMMAND: POST /session/c9a9826e9467e2adf4f6d53d0c43572d/elements - {"using":"xpath","value":"//button[contains(@id, \"massStateBtn\")]"}
RESULT: {"using":"xpath","value":"//button[contains(@id, \"massStateBtn\")]"}
COMMAND: POST /session/c9a9826e9467e2adf4f6d53d0c43572d/elements - {"using":"xpath","value":"//button[contains(@id, \"massStateBtn\")]"}
RESULT: {"using":"xpath","value":"//button[contains(@id, \"massStateBtn\")]"}
COMMAND: POST /session/c9a9826e9467e2adf4f6d53d0c43572d/elements - {"using":"xpath","value":"//button[contains(@id, \"massStateBtn\")]"}
RESULT: {"using":"xpath","value":"//button[contains(@id, \"massStateBtn\")]"}
COMMAND: POST /session/c9a9826e9467e2adf4f6d53d0c43572d/elements - {"using":"xpath","value":"//button[contains(@id, \"massStateBtn\")]"}
RESULT: {"using":"xpath","value":"//button[contains(@id, \"massStateBtn\")]"}
COMMAND: POST /session/c9a9826e9467e2adf4f6d53d0c43572d/elements - {"using":"xpath","value":"//button[contains(@id, \"massStateBtn\")]"}
RESULT: {"using":"xpath","value":"//button[contains(@id, \"massStateBtn\")]"}
COMMAND: POST /session/c9a9826e9467e2adf4f6d53d0c43572d/elements - {"using":"xpath","value":"//button[contains(@id, \"massStateBtn\")]"}
RESULT: {"using":"xpath","value":"//button[contains(@id, \"massStateBtn\")]"}
COMMAND: POST /session/c9a9826e9467e2adf4f6d53d0c43572d/elements - {"using":"xpath","value":"//button[contains(@id, \"massStateBtn\")]"}
RESULT: {"using":"xpath","value":"//button[contains(@id, \"massStateBtn\")]"}
COMMAND: POST /session/c9a9826e9467e2adf4f6d53d0c43572d/elements - {"using":"xpath","value":"//button[contains(@id, \"massStateBtn\")]"}
RESULT: {"using":"xpath","value":"//button[contains(@id, \"massStateBtn\")]"}
COMMAND: POST /session/c9a9826e9467e2adf4f6d53d0c43572d/elements - {"using":"xpath","value":"//button[contains(@id, \"massStateBtn\")]"}
RESULT: {"using":"xpath","value":"//button[contains(@id, \"massStateBtn\")]"}
COMMAND: POST /session/c9a9826e9467e2adf4f6d53d0c43572d/elements - {"using":"xpath","value":"//button[contains(@id, \"massStateBtn\")]"}
RESULT: {"using":"xpath","value":"//button[contains(@id, \"massStateBtn\")]"}
COMMAND: POST /session/c9a9826e9467e2adf4f6d53d0c43572d/elements - {"using":"xpath","value":"//button[contains(@id, \"massStateBtn\")]"}
RESULT: {"using":"xpath","value":"//button[contains(@id, \"massStateBtn\")]"}
COMMAND: POST /session/c9a9826e9467e2adf4f6d53d0c43572d/elements - {"using":"xpath","value":"//button[contains(@id, \"massStateBtn\")]"}
COMMAND: GET /session/c9a9826e9467e2adf4f6d53d0c43572d/screenshot - {}
RESULT: {"using":"xpath","value":"//button[contains(@id, \"massStateBtn\")]"}
RESULT: {}
COMMAND: GET /session/c9a9826e9467e2adf4f6d53d0c43572d/screenshot - {}
COMMAND: GET /session/c9a9826e9467e2adf4f6d53d0c43572d/screenshot - {}
RESULT: {}
RESULT: {}
COMMAND: DELETE /session/c9a9826e9467e2adf4f6d53d0c43572d - {}
RESULT: {}
]]></system-out>
      <system-err><![CDATA[
Error: element ("//button[contains(@id, "massStateBtn")]") still not existing after 45000ms
    at async Context.<anonymous> (D:\a\1\s\test\specs\HTR\ru-inv-list-mass-state-change.spec.js:345:9)
]]></system-err>
    </testcase>
  </testsuite>
</testsuites>