<?xml version="1.0" encoding="UTF-8"?>
<testsuites tests="13" failures="1" errors="1" skipped="2">
  <testsuite timestamp="2025-04-29T05:51:08" time="1651.353" tests="13" failures="1" errors="1" skipped="2">
    <properties>
      <property name="specId" value="0" />
      <property name="suiteName" value="Partner specific tests US150819 US151080 US151654 US151176 US103444 US151078 US151079 US151109 US151174 US151175 US151189" />
      <property name="capabilities" value="chrome.135_0_7049_96.windows" />
      <property name="file" value="file:///D:/a/1/s/test/specs/BTS/manage-partners.spec.js" />
    </properties>
    <testcase classname="chrome.135_0_7049_96.windows.Partner_specific_tests_US150819_US151080_US151654_US151176_US103444_US151078_US151079_US151109_US151174_US151175_US151189" name="Should create a new yard prerequisite" time="146.597">
      <system-out><![CDATA[
COMMAND: POST /session/416e0c1cc5e5391e8fcc7ee7b1fbe604/window/fullscreen - {}
RESULT: {}
COMMAND: POST /session/416e0c1cc5e5391e8fcc7ee7b1fbe604/element - {"using":"xpath","value":"//li[.//span[text()=\"Manage Partners\"]]"}
RESULT: {"using":"xpath","value":"//li[.//span[text()=\"Manage Partners\"]]"}
COMMAND: POST /session/416e0c1cc5e5391e8fcc7ee7b1fbe604/element - {"using":"xpath","value":"//li[.//span[text()=\"Manage Partners\"]]"}
RESULT: {"using":"xpath","value":"//li[.//span[text()=\"Manage Partners\"]]"}
COMMAND: POST /session/416e0c1cc5e5391e8fcc7ee7b1fbe604/element - {"using":"css selector","value":"#shell-header-logo"}
RESULT: {"using":"css selector","value":"#shell-header-logo"}
COMMAND: POST /session/416e0c1cc5e5391e8fcc7ee7b1fbe604/element/f.50BABCFD8003DB92F28A6394CEE4B89A.d.41DCCE204DE6C0789B517C4533FA6D29.e.257/click - {}
COMMAND: POST /session/416e0c1cc5e5391e8fcc7ee7b1fbe604/execute/sync - {"script":"<script> [8489 bytes]","args":[{"element-6066-11e4-a52e-4f735466cecf":"f.50BABCFD8003DB92F28A6394CEE4B89A.d.41DCCE204DE6C0789B517C4533FA6D29.e.257","ELEMENT":"f.50BABCFD8003DB92F28A6394CEE4B89A.d.41DCCE204DE6C0789B517C4533FA6D29.e.257"}]}
RESULT: {"script":"<script> [8489 bytes]","args":[{"element-6066-11e4-a52e-4f735466cecf":"f.50BABCFD8003DB92F28A6394CEE4B89A.d.41DCCE204DE6C0789B517C4533FA6D29.e.257","ELEMENT":"f.50BABCFD8003DB92F28A6394CEE4B89A.d.41DCCE204DE6C0789B517C4533FA6D29.e.257"}]}
COMMAND: POST /session/416e0c1cc5e5391e8fcc7ee7b1fbe604/execute/sync - {"script":"<script> [5351 bytes]","args":[{"element-6066-11e4-a52e-4f735466cecf":"f.50BABCFD8003DB92F28A6394CEE4B89A.d.41DCCE204DE6C0789B517C4533FA6D29.e.257","ELEMENT":"f.50BABCFD8003DB92F28A6394CEE4B89A.d.41DCCE204DE6C0789B517C4533FA6D29.e.257"}]}
COMMAND: GET /session/416e0c1cc5e5391e8fcc7ee7b1fbe604/screenshot - {}
RESULT: {}
COMMAND: GET /session/416e0c1cc5e5391e8fcc7ee7b1fbe604/screenshot - {}
RESULT: {"script":"<script> [5351 bytes]","args":[{"element-6066-11e4-a52e-4f735466cecf":"f.50BABCFD8003DB92F28A6394CEE4B89A.d.41DCCE204DE6C0789B517C4533FA6D29.e.257","ELEMENT":"f.50BABCFD8003DB92F28A6394CEE4B89A.d.41DCCE204DE6C0789B517C4533FA6D29.e.257"}]}
COMMAND: GET /session/416e0c1cc5e5391e8fcc7ee7b1fbe604/screenshot - {}
RESULT: {}
RESULT: {}
RESULT: {}
COMMAND: POST /session/416e0c1cc5e5391e8fcc7ee7b1fbe604/execute/async - {"script":"<script> [1562 bytes]","args":[{"selector":{"controlType":"sap.m.GenericTile","properties":{"header":"Manage Yards"}},"wdio_ui5_key":"sapm.GenericTile{\"header\":\"Manage Yards\"}"}]}
RESULT: {"script":"<script> [1562 bytes]","args":[{"selector":{"controlType":"sap.m.GenericTile","properties":{"header":"Manage Yards"}},"wdio_ui5_key":"sapm.GenericTile{\"header\":\"Manage Yards\"}"}]}
RESULT: undefined
COMMAND: POST /session/416e0c1cc5e5391e8fcc7ee7b1fbe604/element - {"using":"xpath","value":"//*[@id=\"__tile41\"]"}
RESULT: {"using":"xpath","value":"//*[@id=\"__tile41\"]"}
COMMAND: POST /session/416e0c1cc5e5391e8fcc7ee7b1fbe604/element/f.50BABCFD8003DB92F28A6394CEE4B89A.d.41DCCE204DE6C0789B517C4533FA6D29.e.156/click - {}
RESULT: {}
COMMAND: POST /session/416e0c1cc5e5391e8fcc7ee7b1fbe604/element - {"using":"xpath","value":"//button[@data-kt=\"addNewYardOverflowToolbarButton\"]"}
COMMAND: GET /session/416e0c1cc5e5391e8fcc7ee7b1fbe604/screenshot - {}
RESULT: {"using":"xpath","value":"//button[@data-kt=\"addNewYardOverflowToolbarButton\"]"}
COMMAND: POST /session/416e0c1cc5e5391e8fcc7ee7b1fbe604/elements - {"using":"xpath","value":"//button[@data-kt=\"addNewYardOverflowToolbarButton\"]"}
RESULT: {}
RESULT: {"using":"xpath","value":"//button[@data-kt=\"addNewYardOverflowToolbarButton\"]"}
COMMAND: POST /session/416e0c1cc5e5391e8fcc7ee7b1fbe604/elements - {"using":"xpath","value":"//button[@data-kt=\"addNewYardOverflowToolbarButton\"]"}
RESULT: {"using":"xpath","value":"//button[@data-kt=\"addNewYardOverflowToolbarButton\"]"}
COMMAND: POST /session/416e0c1cc5e5391e8fcc7ee7b1fbe604/elements - {"using":"xpath","value":"//button[@data-kt=\"addNewYardOverflowToolbarButton\"]"}
RESULT: {"using":"xpath","value":"//button[@data-kt=\"addNewYardOverflowToolbarButton\"]"}
COMMAND: POST /session/416e0c1cc5e5391e8fcc7ee7b1fbe604/elements - {"using":"xpath","value":"//button[@data-kt=\"addNewYardOverflowToolbarButton\"]"}
RESULT: {"using":"xpath","value":"//button[@data-kt=\"addNewYardOverflowToolbarButton\"]"}
COMMAND: POST /session/416e0c1cc5e5391e8fcc7ee7b1fbe604/elements - {"using":"xpath","value":"//button[@data-kt=\"addNewYardOverflowToolbarButton\"]"}
RESULT: {"using":"xpath","value":"//button[@data-kt=\"addNewYardOverflowToolbarButton\"]"}
COMMAND: POST /session/416e0c1cc5e5391e8fcc7ee7b1fbe604/elements - {"using":"xpath","value":"//button[@data-kt=\"addNewYardOverflowToolbarButton\"]"}
RESULT: {"using":"xpath","value":"//button[@data-kt=\"addNewYardOverflowToolbarButton\"]"}
COMMAND: POST /session/416e0c1cc5e5391e8fcc7ee7b1fbe604/elements - {"using":"xpath","value":"//button[@data-kt=\"addNewYardOverflowToolbarButton\"]"}
RESULT: {"using":"xpath","value":"//button[@data-kt=\"addNewYardOverflowToolbarButton\"]"}
COMMAND: POST /session/416e0c1cc5e5391e8fcc7ee7b1fbe604/elements - {"using":"xpath","value":"//button[@data-kt=\"addNewYardOverflowToolbarButton\"]"}
RESULT: {"using":"xpath","value":"//button[@data-kt=\"addNewYardOverflowToolbarButton\"]"}
COMMAND: POST /session/416e0c1cc5e5391e8fcc7ee7b1fbe604/elements - {"using":"xpath","value":"//button[@data-kt=\"addNewYardOverflowToolbarButton\"]"}
RESULT: {"using":"xpath","value":"//button[@data-kt=\"addNewYardOverflowToolbarButton\"]"}
COMMAND: POST /session/416e0c1cc5e5391e8fcc7ee7b1fbe604/elements - {"using":"xpath","value":"//button[@data-kt=\"addNewYardOverflowToolbarButton\"]"}
RESULT: {"using":"xpath","value":"//button[@data-kt=\"addNewYardOverflowToolbarButton\"]"}
COMMAND: POST /session/416e0c1cc5e5391e8fcc7ee7b1fbe604/elements - {"using":"xpath","value":"//button[@data-kt=\"addNewYardOverflowToolbarButton\"]"}
RESULT: {"using":"xpath","value":"//button[@data-kt=\"addNewYardOverflowToolbarButton\"]"}
COMMAND: POST /session/416e0c1cc5e5391e8fcc7ee7b1fbe604/elements - {"using":"xpath","value":"//button[@data-kt=\"addNewYardOverflowToolbarButton\"]"}
RESULT: {"using":"xpath","value":"//button[@data-kt=\"addNewYardOverflowToolbarButton\"]"}
COMMAND: POST /session/416e0c1cc5e5391e8fcc7ee7b1fbe604/elements - {"using":"xpath","value":"//button[@data-kt=\"addNewYardOverflowToolbarButton\"]"}
RESULT: {"using":"xpath","value":"//button[@data-kt=\"addNewYardOverflowToolbarButton\"]"}
COMMAND: POST /session/416e0c1cc5e5391e8fcc7ee7b1fbe604/elements - {"using":"xpath","value":"//button[@data-kt=\"addNewYardOverflowToolbarButton\"]"}
RESULT: {"using":"xpath","value":"//button[@data-kt=\"addNewYardOverflowToolbarButton\"]"}
COMMAND: POST /session/416e0c1cc5e5391e8fcc7ee7b1fbe604/elements - {"using":"xpath","value":"//button[@data-kt=\"addNewYardOverflowToolbarButton\"]"}
RESULT: {"using":"xpath","value":"//button[@data-kt=\"addNewYardOverflowToolbarButton\"]"}
COMMAND: POST /session/416e0c1cc5e5391e8fcc7ee7b1fbe604/elements - {"using":"xpath","value":"//button[@data-kt=\"addNewYardOverflowToolbarButton\"]"}
RESULT: {"using":"xpath","value":"//button[@data-kt=\"addNewYardOverflowToolbarButton\"]"}
COMMAND: POST /session/416e0c1cc5e5391e8fcc7ee7b1fbe604/elements - {"using":"xpath","value":"//button[@data-kt=\"addNewYardOverflowToolbarButton\"]"}
RESULT: {"using":"xpath","value":"//button[@data-kt=\"addNewYardOverflowToolbarButton\"]"}
COMMAND: POST /session/416e0c1cc5e5391e8fcc7ee7b1fbe604/elements - {"using":"xpath","value":"//button[@data-kt=\"addNewYardOverflowToolbarButton\"]"}
RESULT: {"using":"xpath","value":"//button[@data-kt=\"addNewYardOverflowToolbarButton\"]"}
COMMAND: POST /session/416e0c1cc5e5391e8fcc7ee7b1fbe604/elements - {"using":"xpath","value":"//button[@data-kt=\"addNewYardOverflowToolbarButton\"]"}
RESULT: {"using":"xpath","value":"//button[@data-kt=\"addNewYardOverflowToolbarButton\"]"}
COMMAND: POST /session/416e0c1cc5e5391e8fcc7ee7b1fbe604/elements - {"using":"xpath","value":"//button[@data-kt=\"addNewYardOverflowToolbarButton\"]"}
RESULT: {"using":"xpath","value":"//button[@data-kt=\"addNewYardOverflowToolbarButton\"]"}
COMMAND: POST /session/416e0c1cc5e5391e8fcc7ee7b1fbe604/elements - {"using":"xpath","value":"//button[@data-kt=\"addNewYardOverflowToolbarButton\"]"}
RESULT: {"using":"xpath","value":"//button[@data-kt=\"addNewYardOverflowToolbarButton\"]"}
COMMAND: POST /session/416e0c1cc5e5391e8fcc7ee7b1fbe604/elements - {"using":"xpath","value":"//button[@data-kt=\"addNewYardOverflowToolbarButton\"]"}
RESULT: {"using":"xpath","value":"//button[@data-kt=\"addNewYardOverflowToolbarButton\"]"}
COMMAND: POST /session/416e0c1cc5e5391e8fcc7ee7b1fbe604/elements - {"using":"xpath","value":"//button[@data-kt=\"addNewYardOverflowToolbarButton\"]"}
RESULT: {"using":"xpath","value":"//button[@data-kt=\"addNewYardOverflowToolbarButton\"]"}
COMMAND: POST /session/416e0c1cc5e5391e8fcc7ee7b1fbe604/elements - {"using":"xpath","value":"//button[@data-kt=\"addNewYardOverflowToolbarButton\"]"}
RESULT: {"using":"xpath","value":"//button[@data-kt=\"addNewYardOverflowToolbarButton\"]"}
COMMAND: POST /session/416e0c1cc5e5391e8fcc7ee7b1fbe604/elements - {"using":"xpath","value":"//button[@data-kt=\"addNewYardOverflowToolbarButton\"]"}
RESULT: {"using":"xpath","value":"//button[@data-kt=\"addNewYardOverflowToolbarButton\"]"}
COMMAND: POST /session/416e0c1cc5e5391e8fcc7ee7b1fbe604/elements - {"using":"xpath","value":"//button[@data-kt=\"addNewYardOverflowToolbarButton\"]"}
RESULT: {"using":"xpath","value":"//button[@data-kt=\"addNewYardOverflowToolbarButton\"]"}
COMMAND: POST /session/416e0c1cc5e5391e8fcc7ee7b1fbe604/elements - {"using":"xpath","value":"//button[@data-kt=\"addNewYardOverflowToolbarButton\"]"}
RESULT: {"using":"xpath","value":"//button[@data-kt=\"addNewYardOverflowToolbarButton\"]"}
COMMAND: POST /session/416e0c1cc5e5391e8fcc7ee7b1fbe604/elements - {"using":"xpath","value":"//button[@data-kt=\"addNewYardOverflowToolbarButton\"]"}
RESULT: {"using":"xpath","value":"//button[@data-kt=\"addNewYardOverflowToolbarButton\"]"}
COMMAND: POST /session/416e0c1cc5e5391e8fcc7ee7b1fbe604/elements - {"using":"xpath","value":"//button[@data-kt=\"addNewYardOverflowToolbarButton\"]"}
RESULT: {"using":"xpath","value":"//button[@data-kt=\"addNewYardOverflowToolbarButton\"]"}
COMMAND: POST /session/416e0c1cc5e5391e8fcc7ee7b1fbe604/elements - {"using":"xpath","value":"//button[@data-kt=\"addNewYardOverflowToolbarButton\"]"}
RESULT: {"using":"xpath","value":"//button[@data-kt=\"addNewYardOverflowToolbarButton\"]"}
COMMAND: POST /session/416e0c1cc5e5391e8fcc7ee7b1fbe604/elements - {"using":"xpath","value":"//button[@data-kt=\"addNewYardOverflowToolbarButton\"]"}
RESULT: {"using":"xpath","value":"//button[@data-kt=\"addNewYardOverflowToolbarButton\"]"}
COMMAND: POST /session/416e0c1cc5e5391e8fcc7ee7b1fbe604/elements - {"using":"xpath","value":"//button[@data-kt=\"addNewYardOverflowToolbarButton\"]"}
RESULT: {"using":"xpath","value":"//button[@data-kt=\"addNewYardOverflowToolbarButton\"]"}
COMMAND: POST /session/416e0c1cc5e5391e8fcc7ee7b1fbe604/elements - {"using":"xpath","value":"//button[@data-kt=\"addNewYardOverflowToolbarButton\"]"}
RESULT: {"using":"xpath","value":"//button[@data-kt=\"addNewYardOverflowToolbarButton\"]"}
COMMAND: POST /session/416e0c1cc5e5391e8fcc7ee7b1fbe604/elements - {"using":"xpath","value":"//button[@data-kt=\"addNewYardOverflowToolbarButton\"]"}
RESULT: {"using":"xpath","value":"//button[@data-kt=\"addNewYardOverflowToolbarButton\"]"}
COMMAND: POST /session/416e0c1cc5e5391e8fcc7ee7b1fbe604/elements - {"using":"xpath","value":"//button[@data-kt=\"addNewYardOverflowToolbarButton\"]"}
RESULT: {"using":"xpath","value":"//button[@data-kt=\"addNewYardOverflowToolbarButton\"]"}
COMMAND: POST /session/416e0c1cc5e5391e8fcc7ee7b1fbe604/elements - {"using":"xpath","value":"//button[@data-kt=\"addNewYardOverflowToolbarButton\"]"}
RESULT: {"using":"xpath","value":"//button[@data-kt=\"addNewYardOverflowToolbarButton\"]"}
COMMAND: POST /session/416e0c1cc5e5391e8fcc7ee7b1fbe604/elements - {"using":"xpath","value":"//button[@data-kt=\"addNewYardOverflowToolbarButton\"]"}
RESULT: {"using":"xpath","value":"//button[@data-kt=\"addNewYardOverflowToolbarButton\"]"}
COMMAND: POST /session/416e0c1cc5e5391e8fcc7ee7b1fbe604/elements - {"using":"xpath","value":"//button[@data-kt=\"addNewYardOverflowToolbarButton\"]"}
RESULT: {"using":"xpath","value":"//button[@data-kt=\"addNewYardOverflowToolbarButton\"]"}
COMMAND: POST /session/416e0c1cc5e5391e8fcc7ee7b1fbe604/elements - {"using":"xpath","value":"//button[@data-kt=\"addNewYardOverflowToolbarButton\"]"}
RESULT: {"using":"xpath","value":"//button[@data-kt=\"addNewYardOverflowToolbarButton\"]"}
COMMAND: POST /session/416e0c1cc5e5391e8fcc7ee7b1fbe604/elements - {"using":"xpath","value":"//button[@data-kt=\"addNewYardOverflowToolbarButton\"]"}
RESULT: {"using":"xpath","value":"//button[@data-kt=\"addNewYardOverflowToolbarButton\"]"}
COMMAND: POST /session/416e0c1cc5e5391e8fcc7ee7b1fbe604/elements - {"using":"xpath","value":"//button[@data-kt=\"addNewYardOverflowToolbarButton\"]"}
RESULT: {"using":"xpath","value":"//button[@data-kt=\"addNewYardOverflowToolbarButton\"]"}
COMMAND: POST /session/416e0c1cc5e5391e8fcc7ee7b1fbe604/elements - {"using":"xpath","value":"//button[@data-kt=\"addNewYardOverflowToolbarButton\"]"}
RESULT: {"using":"xpath","value":"//button[@data-kt=\"addNewYardOverflowToolbarButton\"]"}
COMMAND: POST /session/416e0c1cc5e5391e8fcc7ee7b1fbe604/elements - {"using":"xpath","value":"//button[@data-kt=\"addNewYardOverflowToolbarButton\"]"}
RESULT: {"using":"xpath","value":"//button[@data-kt=\"addNewYardOverflowToolbarButton\"]"}
COMMAND: POST /session/416e0c1cc5e5391e8fcc7ee7b1fbe604/elements - {"using":"xpath","value":"//button[@data-kt=\"addNewYardOverflowToolbarButton\"]"}
RESULT: {"using":"xpath","value":"//button[@data-kt=\"addNewYardOverflowToolbarButton\"]"}
COMMAND: POST /session/416e0c1cc5e5391e8fcc7ee7b1fbe604/elements - {"using":"xpath","value":"//button[@data-kt=\"addNewYardOverflowToolbarButton\"]"}
RESULT: {"using":"xpath","value":"//button[@data-kt=\"addNewYardOverflowToolbarButton\"]"}
COMMAND: POST /session/416e0c1cc5e5391e8fcc7ee7b1fbe604/elements - {"using":"xpath","value":"//button[@data-kt=\"addNewYardOverflowToolbarButton\"]"}
RESULT: {"using":"xpath","value":"//button[@data-kt=\"addNewYardOverflowToolbarButton\"]"}
COMMAND: POST /session/416e0c1cc5e5391e8fcc7ee7b1fbe604/elements - {"using":"xpath","value":"//button[@data-kt=\"addNewYardOverflowToolbarButton\"]"}
RESULT: {"using":"xpath","value":"//button[@data-kt=\"addNewYardOverflowToolbarButton\"]"}
COMMAND: POST /session/416e0c1cc5e5391e8fcc7ee7b1fbe604/elements - {"using":"xpath","value":"//button[@data-kt=\"addNewYardOverflowToolbarButton\"]"}
RESULT: {"using":"xpath","value":"//button[@data-kt=\"addNewYardOverflowToolbarButton\"]"}
COMMAND: POST /session/416e0c1cc5e5391e8fcc7ee7b1fbe604/elements - {"using":"xpath","value":"//button[@data-kt=\"addNewYardOverflowToolbarButton\"]"}
RESULT: {"using":"xpath","value":"//button[@data-kt=\"addNewYardOverflowToolbarButton\"]"}
COMMAND: POST /session/416e0c1cc5e5391e8fcc7ee7b1fbe604/elements - {"using":"xpath","value":"//button[@data-kt=\"addNewYardOverflowToolbarButton\"]"}
RESULT: {"using":"xpath","value":"//button[@data-kt=\"addNewYardOverflowToolbarButton\"]"}
COMMAND: POST /session/416e0c1cc5e5391e8fcc7ee7b1fbe604/elements - {"using":"xpath","value":"//button[@data-kt=\"addNewYardOverflowToolbarButton\"]"}
RESULT: {"using":"xpath","value":"//button[@data-kt=\"addNewYardOverflowToolbarButton\"]"}
COMMAND: POST /session/416e0c1cc5e5391e8fcc7ee7b1fbe604/elements - {"using":"xpath","value":"//button[@data-kt=\"addNewYardOverflowToolbarButton\"]"}
RESULT: {"using":"xpath","value":"//button[@data-kt=\"addNewYardOverflowToolbarButton\"]"}
COMMAND: POST /session/416e0c1cc5e5391e8fcc7ee7b1fbe604/elements - {"using":"xpath","value":"//button[@data-kt=\"addNewYardOverflowToolbarButton\"]"}
RESULT: {"using":"xpath","value":"//button[@data-kt=\"addNewYardOverflowToolbarButton\"]"}
COMMAND: POST /session/416e0c1cc5e5391e8fcc7ee7b1fbe604/elements - {"using":"xpath","value":"//button[@data-kt=\"addNewYardOverflowToolbarButton\"]"}
RESULT: {"using":"xpath","value":"//button[@data-kt=\"addNewYardOverflowToolbarButton\"]"}
COMMAND: POST /session/416e0c1cc5e5391e8fcc7ee7b1fbe604/elements - {"using":"xpath","value":"//button[@data-kt=\"addNewYardOverflowToolbarButton\"]"}
RESULT: {"using":"xpath","value":"//button[@data-kt=\"addNewYardOverflowToolbarButton\"]"}
COMMAND: POST /session/416e0c1cc5e5391e8fcc7ee7b1fbe604/elements - {"using":"xpath","value":"//button[@data-kt=\"addNewYardOverflowToolbarButton\"]"}
RESULT: {"using":"xpath","value":"//button[@data-kt=\"addNewYardOverflowToolbarButton\"]"}
COMMAND: POST /session/416e0c1cc5e5391e8fcc7ee7b1fbe604/elements - {"using":"xpath","value":"//button[@data-kt=\"addNewYardOverflowToolbarButton\"]"}
RESULT: {"using":"xpath","value":"//button[@data-kt=\"addNewYardOverflowToolbarButton\"]"}
COMMAND: POST /session/416e0c1cc5e5391e8fcc7ee7b1fbe604/elements - {"using":"xpath","value":"//button[@data-kt=\"addNewYardOverflowToolbarButton\"]"}
RESULT: {"using":"xpath","value":"//button[@data-kt=\"addNewYardOverflowToolbarButton\"]"}
COMMAND: POST /session/416e0c1cc5e5391e8fcc7ee7b1fbe604/elements - {"using":"xpath","value":"//button[@data-kt=\"addNewYardOverflowToolbarButton\"]"}
RESULT: {"using":"xpath","value":"//button[@data-kt=\"addNewYardOverflowToolbarButton\"]"}
COMMAND: POST /session/416e0c1cc5e5391e8fcc7ee7b1fbe604/elements - {"using":"xpath","value":"//button[@data-kt=\"addNewYardOverflowToolbarButton\"]"}
RESULT: {"using":"xpath","value":"//button[@data-kt=\"addNewYardOverflowToolbarButton\"]"}
COMMAND: POST /session/416e0c1cc5e5391e8fcc7ee7b1fbe604/elements - {"using":"xpath","value":"//button[@data-kt=\"addNewYardOverflowToolbarButton\"]"}
RESULT: {"using":"xpath","value":"//button[@data-kt=\"addNewYardOverflowToolbarButton\"]"}
COMMAND: POST /session/416e0c1cc5e5391e8fcc7ee7b1fbe604/elements - {"using":"xpath","value":"//button[@data-kt=\"addNewYardOverflowToolbarButton\"]"}
RESULT: {"using":"xpath","value":"//button[@data-kt=\"addNewYardOverflowToolbarButton\"]"}
COMMAND: POST /session/416e0c1cc5e5391e8fcc7ee7b1fbe604/elements - {"using":"xpath","value":"//button[@data-kt=\"addNewYardOverflowToolbarButton\"]"}
RESULT: {"using":"xpath","value":"//button[@data-kt=\"addNewYardOverflowToolbarButton\"]"}
COMMAND: POST /session/416e0c1cc5e5391e8fcc7ee7b1fbe604/elements - {"using":"xpath","value":"//button[@data-kt=\"addNewYardOverflowToolbarButton\"]"}
RESULT: {"using":"xpath","value":"//button[@data-kt=\"addNewYardOverflowToolbarButton\"]"}
COMMAND: POST /session/416e0c1cc5e5391e8fcc7ee7b1fbe604/elements - {"using":"xpath","value":"//button[@data-kt=\"addNewYardOverflowToolbarButton\"]"}
RESULT: {"using":"xpath","value":"//button[@data-kt=\"addNewYardOverflowToolbarButton\"]"}
COMMAND: POST /session/416e0c1cc5e5391e8fcc7ee7b1fbe604/elements - {"using":"xpath","value":"//button[@data-kt=\"addNewYardOverflowToolbarButton\"]"}
RESULT: {"using":"xpath","value":"//button[@data-kt=\"addNewYardOverflowToolbarButton\"]"}
COMMAND: POST /session/416e0c1cc5e5391e8fcc7ee7b1fbe604/elements - {"using":"xpath","value":"//button[@data-kt=\"addNewYardOverflowToolbarButton\"]"}
RESULT: {"using":"xpath","value":"//button[@data-kt=\"addNewYardOverflowToolbarButton\"]"}
COMMAND: POST /session/416e0c1cc5e5391e8fcc7ee7b1fbe604/elements - {"using":"xpath","value":"//button[@data-kt=\"addNewYardOverflowToolbarButton\"]"}
RESULT: {"using":"xpath","value":"//button[@data-kt=\"addNewYardOverflowToolbarButton\"]"}
COMMAND: POST /session/416e0c1cc5e5391e8fcc7ee7b1fbe604/element - {"using":"xpath","value":"//button[@data-kt=\"addNewYardOverflowToolbarButton\"]"}
RESULT: {"using":"xpath","value":"//button[@data-kt=\"addNewYardOverflowToolbarButton\"]"}
COMMAND: POST /session/416e0c1cc5e5391e8fcc7ee7b1fbe604/execute/sync - {"script":"<script> [8489 bytes]","args":[{"element-6066-11e4-a52e-4f735466cecf":"f.50BABCFD8003DB92F28A6394CEE4B89A.d.41DCCE204DE6C0789B517C4533FA6D29.e.290","ELEMENT":"f.50BABCFD8003DB92F28A6394CEE4B89A.d.41DCCE204DE6C0789B517C4533FA6D29.e.290"}]}
RESULT: {"script":"<script> [8489 bytes]","args":[{"element-6066-11e4-a52e-4f735466cecf":"f.50BABCFD8003DB92F28A6394CEE4B89A.d.41DCCE204DE6C0789B517C4533FA6D29.e.290","ELEMENT":"f.50BABCFD8003DB92F28A6394CEE4B89A.d.41DCCE204DE6C0789B517C4533FA6D29.e.290"}]}
COMMAND: GET /session/416e0c1cc5e5391e8fcc7ee7b1fbe604/element/f.50BABCFD8003DB92F28A6394CEE4B89A.d.41DCCE204DE6C0789B517C4533FA6D29.e.290/enabled - {}
COMMAND: GET /session/416e0c1cc5e5391e8fcc7ee7b1fbe604/screenshot - {}
RESULT: {}
COMMAND: POST /session/416e0c1cc5e5391e8fcc7ee7b1fbe604/execute/sync - {"script":"<script> [8489 bytes]","args":[{"element-6066-11e4-a52e-4f735466cecf":"f.50BABCFD8003DB92F28A6394CEE4B89A.d.41DCCE204DE6C0789B517C4533FA6D29.e.290","ELEMENT":"f.50BABCFD8003DB92F28A6394CEE4B89A.d.41DCCE204DE6C0789B517C4533FA6D29.e.290"}]}
COMMAND: GET /session/416e0c1cc5e5391e8fcc7ee7b1fbe604/screenshot - {}
RESULT: {}
RESULT: {"script":"<script> [8489 bytes]","args":[{"element-6066-11e4-a52e-4f735466cecf":"f.50BABCFD8003DB92F28A6394CEE4B89A.d.41DCCE204DE6C0789B517C4533FA6D29.e.290","ELEMENT":"f.50BABCFD8003DB92F28A6394CEE4B89A.d.41DCCE204DE6C0789B517C4533FA6D29.e.290"}]}
COMMAND: POST /session/416e0c1cc5e5391e8fcc7ee7b1fbe604/execute/sync - {"script":"<script> [5351 bytes]","args":[{"element-6066-11e4-a52e-4f735466cecf":"f.50BABCFD8003DB92F28A6394CEE4B89A.d.41DCCE204DE6C0789B517C4533FA6D29.e.290","ELEMENT":"f.50BABCFD8003DB92F28A6394CEE4B89A.d.41DCCE204DE6C0789B517C4533FA6D29.e.290"}]}
COMMAND: GET /session/416e0c1cc5e5391e8fcc7ee7b1fbe604/screenshot - {}
RESULT: {}
RESULT: {"script":"<script> [5351 bytes]","args":[{"element-6066-11e4-a52e-4f735466cecf":"f.50BABCFD8003DB92F28A6394CEE4B89A.d.41DCCE204DE6C0789B517C4533FA6D29.e.290","ELEMENT":"f.50BABCFD8003DB92F28A6394CEE4B89A.d.41DCCE204DE6C0789B517C4533FA6D29.e.290"}]}
COMMAND: POST /session/416e0c1cc5e5391e8fcc7ee7b1fbe604/element/f.50BABCFD8003DB92F28A6394CEE4B89A.d.41DCCE204DE6C0789B517C4533FA6D29.e.290/click - {}
COMMAND: GET /session/416e0c1cc5e5391e8fcc7ee7b1fbe604/screenshot - {}
RESULT: {}
RESULT: {}
COMMAND: GET /session/416e0c1cc5e5391e8fcc7ee7b1fbe604/screenshot - {}
COMMAND: POST /session/416e0c1cc5e5391e8fcc7ee7b1fbe604/element - {"using":"xpath","value":"//input[@id=\"application-manageyards-display-component---NewYard--yardId-inner\"]"}
RESULT: {}
RESULT: {}
RESULT: {"using":"xpath","value":"//input[@id=\"application-manageyards-display-component---NewYard--yardId-inner\"]"}
COMMAND: POST /session/416e0c1cc5e5391e8fcc7ee7b1fbe604/element - {"using":"xpath","value":"//input[@id=\"application-manageyards-display-component---NewYard--yardId-inner\"]"}
RESULT: {"using":"xpath","value":"//input[@id=\"application-manageyards-display-component---NewYard--yardId-inner\"]"}
COMMAND: POST /session/416e0c1cc5e5391e8fcc7ee7b1fbe604/execute/async - {"script":"<script> [1562 bytes]","args":[{"selector":{"id":"application-manageyards-display-component---NewYard--addressDetailDetailsName1","interaction":{"idSuffix":"inner"}},"wdio_ui5_key":"applicationmanageyards-display-component---NewYard--addressDetailDetailsName1"}]}
RESULT: {"script":"<script> [1562 bytes]","args":[{"selector":{"id":"application-manageyards-display-component---NewYard--addressDetailDetailsName1","interaction":{"idSuffix":"inner"}},"wdio_ui5_key":"applicationmanageyards-display-component---NewYard--addressDetailDetailsName1"}]}
RESULT: undefined
COMMAND: POST /session/416e0c1cc5e5391e8fcc7ee7b1fbe604/execute/async - {"script":"<script> [776 bytes]","args":[{"enterText":"Intracompany Yard wdIO","selector":{"id":"application-manageyards-display-component---NewYard--addressDetailDetailsName1","interaction":{"idSuffix":"inner"}},"clearTextFirst":true,"interactionType":"ENTER_TEXT"}]}
RESULT: {"script":"<script> [776 bytes]","args":[{"enterText":"Intracompany Yard wdIO","selector":{"id":"application-manageyards-display-component---NewYard--addressDetailDetailsName1","interaction":{"idSuffix":"inner"}},"clearTextFirst":true,"interactionType":"ENTER_TEXT"}]}
COMMAND: POST /session/416e0c1cc5e5391e8fcc7ee7b1fbe604/execute/async - {"script":"<script> [1562 bytes]","args":[{"selector":{"id":"application-manageyards-display-component---NewYard--addressDetailDetailsLanguage-arrow"},"wdio_ui5_key":"applicationmanageyards-display-component---NewYard--addressDetailDetailsLanguage-arrow"}]}
RESULT: {"script":"<script> [1562 bytes]","args":[{"selector":{"id":"application-manageyards-display-component---NewYard--addressDetailDetailsLanguage-arrow"},"wdio_ui5_key":"applicationmanageyards-display-component---NewYard--addressDetailDetailsLanguage-arrow"}]}
RESULT: undefined
COMMAND: POST /session/416e0c1cc5e5391e8fcc7ee7b1fbe604/element - {"using":"xpath","value":"//*[@id=\"application-manageyards-display-component---NewYard--addressDetailDetailsLanguage-arrow\"]"}
RESULT: {"using":"xpath","value":"//*[@id=\"application-manageyards-display-component---NewYard--addressDetailDetailsLanguage-arrow\"]"}
COMMAND: POST /session/416e0c1cc5e5391e8fcc7ee7b1fbe604/element/f.50BABCFD8003DB92F28A6394CEE4B89A.d.41DCCE204DE6C0789B517C4533FA6D29.e.712/click - {}
RESULT: {}
COMMAND: POST /session/416e0c1cc5e5391e8fcc7ee7b1fbe604/element - {"using":"xpath","value":"//span[contains(text(), \"English\")]"}
COMMAND: GET /session/416e0c1cc5e5391e8fcc7ee7b1fbe604/screenshot - {}
RESULT: {"using":"xpath","value":"//span[contains(text(), \"English\")]"}
COMMAND: POST /session/416e0c1cc5e5391e8fcc7ee7b1fbe604/element/f.50BABCFD8003DB92F28A6394CEE4B89A.d.41DCCE204DE6C0789B517C4533FA6D29.e.713/click - {}
RESULT: {}
RESULT: {}
COMMAND: POST /session/416e0c1cc5e5391e8fcc7ee7b1fbe604/execute/async - {"script":"<script> [1562 bytes]","args":[{"selector":{"id":"application-manageyards-display-component---NewYard--addressDetailDetailsCity1","interaction":{"idSuffix":"inner"}},"wdio_ui5_key":"applicationmanageyards-display-component---NewYard--addressDetailDetailsCity1"}]}
COMMAND: GET /session/416e0c1cc5e5391e8fcc7ee7b1fbe604/screenshot - {}
RESULT: {"script":"<script> [1562 bytes]","args":[{"selector":{"id":"application-manageyards-display-component---NewYard--addressDetailDetailsCity1","interaction":{"idSuffix":"inner"}},"wdio_ui5_key":"applicationmanageyards-display-component---NewYard--addressDetailDetailsCity1"}]}
RESULT: undefined
COMMAND: POST /session/416e0c1cc5e5391e8fcc7ee7b1fbe604/execute/async - {"script":"<script> [776 bytes]","args":[{"enterText":"Rosario","selector":{"id":"application-manageyards-display-component---NewYard--addressDetailDetailsCity1","interaction":{"idSuffix":"inner"}},"clearTextFirst":true,"interactionType":"ENTER_TEXT"}]}
RESULT: {}
RESULT: {"script":"<script> [776 bytes]","args":[{"enterText":"Rosario","selector":{"id":"application-manageyards-display-component---NewYard--addressDetailDetailsCity1","interaction":{"idSuffix":"inner"}},"clearTextFirst":true,"interactionType":"ENTER_TEXT"}]}
COMMAND: POST /session/416e0c1cc5e5391e8fcc7ee7b1fbe604/execute/async - {"script":"<script> [1562 bytes]","args":[{"selector":{"id":"application-manageyards-display-component---NewYard--addressDetailDetailsCountry-arrow"},"wdio_ui5_key":"applicationmanageyards-display-component---NewYard--addressDetailDetailsCountry-arrow"}]}
RESULT: {"script":"<script> [1562 bytes]","args":[{"selector":{"id":"application-manageyards-display-component---NewYard--addressDetailDetailsCountry-arrow"},"wdio_ui5_key":"applicationmanageyards-display-component---NewYard--addressDetailDetailsCountry-arrow"}]}
RESULT: undefined
COMMAND: POST /session/416e0c1cc5e5391e8fcc7ee7b1fbe604/element - {"using":"xpath","value":"//*[@id=\"application-manageyards-display-component---NewYard--addressDetailDetailsCountry-arrow\"]"}
RESULT: {"using":"xpath","value":"//*[@id=\"application-manageyards-display-component---NewYard--addressDetailDetailsCountry-arrow\"]"}
COMMAND: POST /session/416e0c1cc5e5391e8fcc7ee7b1fbe604/element/f.50BABCFD8003DB92F28A6394CEE4B89A.d.41DCCE204DE6C0789B517C4533FA6D29.e.715/click - {}
RESULT: {}
COMMAND: POST /session/416e0c1cc5e5391e8fcc7ee7b1fbe604/element - {"using":"xpath","value":"//span[contains(text(), \"Argentina\")]"}
COMMAND: GET /session/416e0c1cc5e5391e8fcc7ee7b1fbe604/screenshot - {}
RESULT: {"using":"xpath","value":"//span[contains(text(), \"Argentina\")]"}
COMMAND: POST /session/416e0c1cc5e5391e8fcc7ee7b1fbe604/element/f.50BABCFD8003DB92F28A6394CEE4B89A.d.41DCCE204DE6C0789B517C4533FA6D29.e.716/click - {}
RESULT: {}
RESULT: {}
COMMAND: POST /session/416e0c1cc5e5391e8fcc7ee7b1fbe604/execute/async - {"script":"<script> [1562 bytes]","args":[{"selector":{"id":"application-manageyards-display-component---NewYard--addressEditDetailsCostObjectCstType-arrow"},"wdio_ui5_key":"applicationmanageyards-display-component---NewYard--addressEditDetailsCostObjectCstType-arrow"}]}
COMMAND: GET /session/416e0c1cc5e5391e8fcc7ee7b1fbe604/screenshot - {}
RESULT: {"script":"<script> [1562 bytes]","args":[{"selector":{"id":"application-manageyards-display-component---NewYard--addressEditDetailsCostObjectCstType-arrow"},"wdio_ui5_key":"applicationmanageyards-display-component---NewYard--addressEditDetailsCostObjectCstType-arrow"}]}
RESULT: undefined
COMMAND: POST /session/416e0c1cc5e5391e8fcc7ee7b1fbe604/element - {"using":"xpath","value":"//*[@id=\"application-manageyards-display-component---NewYard--addressEditDetailsCostObjectCstType-arrow\"]"}
RESULT: {}
RESULT: {"using":"xpath","value":"//*[@id=\"application-manageyards-display-component---NewYard--addressEditDetailsCostObjectCstType-arrow\"]"}
COMMAND: POST /session/416e0c1cc5e5391e8fcc7ee7b1fbe604/element/f.50BABCFD8003DB92F28A6394CEE4B89A.d.41DCCE204DE6C0789B517C4533FA6D29.e.718/click - {}
RESULT: {}
COMMAND: POST /session/416e0c1cc5e5391e8fcc7ee7b1fbe604/element - {"using":"xpath","value":"//span[contains(text(), \"Cost Center\")]"}
COMMAND: GET /session/416e0c1cc5e5391e8fcc7ee7b1fbe604/screenshot - {}
RESULT: {"using":"xpath","value":"//span[contains(text(), \"Cost Center\")]"}
COMMAND: POST /session/416e0c1cc5e5391e8fcc7ee7b1fbe604/element/f.50BABCFD8003DB92F28A6394CEE4B89A.d.41DCCE204DE6C0789B517C4533FA6D29.e.719/click - {}
RESULT: {}
RESULT: {}
COMMAND: GET /session/416e0c1cc5e5391e8fcc7ee7b1fbe604/screenshot - {}
RESULT: {}
COMMAND: POST /session/416e0c1cc5e5391e8fcc7ee7b1fbe604/element - {"using":"xpath","value":"//span[@id=\"application-manageyards-display-component---NewYard--addressNewCostObjectCstID-vhi\"]"}
RESULT: {"using":"xpath","value":"//span[@id=\"application-manageyards-display-component---NewYard--addressNewCostObjectCstID-vhi\"]"}
COMMAND: POST /session/416e0c1cc5e5391e8fcc7ee7b1fbe604/execute/sync - {"script":"<script> [8489 bytes]","args":[{"element-6066-11e4-a52e-4f735466cecf":"f.50BABCFD8003DB92F28A6394CEE4B89A.d.41DCCE204DE6C0789B517C4533FA6D29.e.723","ELEMENT":"f.50BABCFD8003DB92F28A6394CEE4B89A.d.41DCCE204DE6C0789B517C4533FA6D29.e.723"}]}
RESULT: {"script":"<script> [8489 bytes]","args":[{"element-6066-11e4-a52e-4f735466cecf":"f.50BABCFD8003DB92F28A6394CEE4B89A.d.41DCCE204DE6C0789B517C4533FA6D29.e.723","ELEMENT":"f.50BABCFD8003DB92F28A6394CEE4B89A.d.41DCCE204DE6C0789B517C4533FA6D29.e.723"}]}
COMMAND: POST /session/416e0c1cc5e5391e8fcc7ee7b1fbe604/execute/async - {"script":"<script> [1562 bytes]","args":[{"selector":{"id":"application-manageyards-display-component---NewYard--addressNewCostObjectCstID-vhi"},"wdio_ui5_key":"applicationmanageyards-display-component---NewYard--addressNewCostObjectCstID-vhi"}]}
COMMAND: GET /session/416e0c1cc5e5391e8fcc7ee7b1fbe604/screenshot - {}
RESULT: {"script":"<script> [1562 bytes]","args":[{"selector":{"id":"application-manageyards-display-component---NewYard--addressNewCostObjectCstID-vhi"},"wdio_ui5_key":"applicationmanageyards-display-component---NewYard--addressNewCostObjectCstID-vhi"}]}
RESULT: undefined
COMMAND: POST /session/416e0c1cc5e5391e8fcc7ee7b1fbe604/element - {"using":"xpath","value":"//*[@id=\"application-manageyards-display-component---NewYard--addressNewCostObjectCstID-vhi\"]"}
RESULT: {}
RESULT: {"using":"xpath","value":"//*[@id=\"application-manageyards-display-component---NewYard--addressNewCostObjectCstID-vhi\"]"}
COMMAND: POST /session/416e0c1cc5e5391e8fcc7ee7b1fbe604/element/f.50BABCFD8003DB92F28A6394CEE4B89A.d.41DCCE204DE6C0789B517C4533FA6D29.e.723/click - {}
RESULT: {}
COMMAND: GET /session/416e0c1cc5e5391e8fcc7ee7b1fbe604/screenshot - {}
RESULT: {}
COMMAND: POST /session/416e0c1cc5e5391e8fcc7ee7b1fbe604/execute/async - {"script":"<script> [1562 bytes]","args":[{"selector":{"controlType":"sap.m.SearchField","properties":{"placeholder":"Search"},"searchOpenDialogs":true,"interaction":{"idSuffix":"I"}},"wdio_ui5_key":"sapm.SearchField{\"placeholder\":\"Search\"}"}]}
RESULT: {"script":"<script> [1562 bytes]","args":[{"selector":{"controlType":"sap.m.SearchField","properties":{"placeholder":"Search"},"searchOpenDialogs":true,"interaction":{"idSuffix":"I"}},"wdio_ui5_key":"sapm.SearchField{\"placeholder\":\"Search\"}"}]}
RESULT: undefined
COMMAND: POST /session/416e0c1cc5e5391e8fcc7ee7b1fbe604/execute/async - {"script":"<script> [776 bytes]","args":[{"enterText":"10001013","selector":{"controlType":"sap.m.SearchField","properties":{"placeholder":"Search"},"searchOpenDialogs":true,"interaction":{"idSuffix":"I"}},"clearTextFirst":true,"interactionType":"ENTER_TEXT"}]}
RESULT: {"script":"<script> [776 bytes]","args":[{"enterText":"10001013","selector":{"controlType":"sap.m.SearchField","properties":{"placeholder":"Search"},"searchOpenDialogs":true,"interaction":{"idSuffix":"I"}},"clearTextFirst":true,"interactionType":"ENTER_TEXT"}]}
COMMAND: POST /session/416e0c1cc5e5391e8fcc7ee7b1fbe604/actions - {"actions":[{"id":"action1","type":"key","parameters":{},"actions":[{"type":"keyDown","value":"î€‡"},{"type":"pause","duration":10},{"type":"keyUp","value":"î€‡"}]}]}
RESULT: {"actions":[{"id":"action1","type":"key","parameters":{},"actions":[{"type":"keyDown","value":"î€‡"},{"type":"pause","duration":10},{"type":"keyUp","value":"î€‡"}]}]}
COMMAND: GET /session/416e0c1cc5e5391e8fcc7ee7b1fbe604/screenshot - {}
RESULT: {}
COMMAND: POST /session/416e0c1cc5e5391e8fcc7ee7b1fbe604/element - {"using":"xpath","value":"//span[contains(text(), \"General Management\")]"}
RESULT: {"using":"xpath","value":"//span[contains(text(), \"General Management\")]"}
COMMAND: POST /session/416e0c1cc5e5391e8fcc7ee7b1fbe604/element/f.50BABCFD8003DB92F28A6394CEE4B89A.d.41DCCE204DE6C0789B517C4533FA6D29.e.765/click - {}
RESULT: {}
COMMAND: GET /session/416e0c1cc5e5391e8fcc7ee7b1fbe604/screenshot - {}
RESULT: {}
COMMAND: POST /session/416e0c1cc5e5391e8fcc7ee7b1fbe604/element - {"using":"xpath","value":"//bdi[contains(text(), \"OK\")]"}
RESULT: {"using":"xpath","value":"//bdi[contains(text(), \"OK\")]"}
COMMAND: POST /session/416e0c1cc5e5391e8fcc7ee7b1fbe604/element/f.50BABCFD8003DB92F28A6394CEE4B89A.d.41DCCE204DE6C0789B517C4533FA6D29.e.766/click - {}
RESULT: {}
COMMAND: GET /session/416e0c1cc5e5391e8fcc7ee7b1fbe604/screenshot - {}
RESULT: {}
COMMAND: POST /session/416e0c1cc5e5391e8fcc7ee7b1fbe604/execute/async - {"script":"<script> [1562 bytes]","args":[{"selector":{"id":"application-manageyards-display-component---NewYard--addressEditDetailsCurrency-arrow"},"wdio_ui5_key":"applicationmanageyards-display-component---NewYard--addressEditDetailsCurrency-arrow"}]}
RESULT: {"script":"<script> [1562 bytes]","args":[{"selector":{"id":"application-manageyards-display-component---NewYard--addressEditDetailsCurrency-arrow"},"wdio_ui5_key":"applicationmanageyards-display-component---NewYard--addressEditDetailsCurrency-arrow"}]}
RESULT: undefined
COMMAND: POST /session/416e0c1cc5e5391e8fcc7ee7b1fbe604/element - {"using":"xpath","value":"//*[@id=\"application-manageyards-display-component---NewYard--addressEditDetailsCurrency-arrow\"]"}
RESULT: {"using":"xpath","value":"//*[@id=\"application-manageyards-display-component---NewYard--addressEditDetailsCurrency-arrow\"]"}
COMMAND: POST /session/416e0c1cc5e5391e8fcc7ee7b1fbe604/element/f.50BABCFD8003DB92F28A6394CEE4B89A.d.41DCCE204DE6C0789B517C4533FA6D29.e.769/click - {}
RESULT: {}
COMMAND: POST /session/416e0c1cc5e5391e8fcc7ee7b1fbe604/element - {"using":"xpath","value":"//span[contains(text(), \"Euro\")]"}
COMMAND: GET /session/416e0c1cc5e5391e8fcc7ee7b1fbe604/screenshot - {}
RESULT: {"using":"xpath","value":"//span[contains(text(), \"Euro\")]"}
COMMAND: POST /session/416e0c1cc5e5391e8fcc7ee7b1fbe604/element/f.50BABCFD8003DB92F28A6394CEE4B89A.d.41DCCE204DE6C0789B517C4533FA6D29.e.770/click - {}
RESULT: {}
RESULT: {}
COMMAND: POST /session/416e0c1cc5e5391e8fcc7ee7b1fbe604/execute/async - {"script":"<script> [1562 bytes]","args":[{"selector":{"controlType":"sap.m.Input","viewName":"etm.portal.ui.manageyards.view.New","viewId":"application-manageyards-display-component---NewYard","bindingPath":{"path":"","propertyPath":"/CONTROLLING_AREA","modelName":"NewYardModel"},"interaction":{"idSuffix":"inner"}},"wdio_ui5_key":"etmportal.ui.manageyards.view.Newsap.m.Input{\"path\":\"\",\"propertyPath\":\"/CONTROLLING_AREA\",\"modelName\":\"NewYardModel\"}"}]}
COMMAND: GET /session/416e0c1cc5e5391e8fcc7ee7b1fbe604/screenshot - {}
RESULT: {"script":"<script> [1562 bytes]","args":[{"selector":{"controlType":"sap.m.Input","viewName":"etm.portal.ui.manageyards.view.New","viewId":"application-manageyards-display-component---NewYard","bindingPath":{"path":"","propertyPath":"/CONTROLLING_AREA","modelName":"NewYardModel"},"interaction":{"idSuffix":"inner"}},"wdio_ui5_key":"etmportal.ui.manageyards.view.Newsap.m.Input{\"path\":\"\",\"propertyPath\":\"/CONTROLLING_AREA\",\"modelName\":\"NewYardModel\"}"}]}
RESULT: undefined
COMMAND: POST /session/416e0c1cc5e5391e8fcc7ee7b1fbe604/execute/async - {"script":"<script> [776 bytes]","args":[{"enterText":"Z001","selector":{"controlType":"sap.m.Input","viewName":"etm.portal.ui.manageyards.view.New","viewId":"application-manageyards-display-component---NewYard","bindingPath":{"path":"","propertyPath":"/CONTROLLING_AREA","modelName":"NewYardModel"},"interaction":{"idSuffix":"inner"}},"clearTextFirst":true,"interactionType":"ENTER_TEXT"}]}
RESULT: {}
RESULT: {"script":"<script> [776 bytes]","args":[{"enterText":"Z001","selector":{"controlType":"sap.m.Input","viewName":"etm.portal.ui.manageyards.view.New","viewId":"application-manageyards-display-component---NewYard","bindingPath":{"path":"","propertyPath":"/CONTROLLING_AREA","modelName":"NewYardModel"},"interaction":{"idSuffix":"inner"}},"clearTextFirst":true,"interactionType":"ENTER_TEXT"}]}
COMMAND: POST /session/416e0c1cc5e5391e8fcc7ee7b1fbe604/execute/async - {"script":"<script> [1562 bytes]","args":[{"selector":{"id":"application-manageyards-display-component---NewYard--companyCodeComboBox","interaction":{"idSuffix":"inner"}},"wdio_ui5_key":"applicationmanageyards-display-component---NewYard--companyCodeComboBox"}]}
RESULT: {"script":"<script> [1562 bytes]","args":[{"selector":{"id":"application-manageyards-display-component---NewYard--companyCodeComboBox","interaction":{"idSuffix":"inner"}},"wdio_ui5_key":"applicationmanageyards-display-component---NewYard--companyCodeComboBox"}]}
RESULT: undefined
COMMAND: POST /session/416e0c1cc5e5391e8fcc7ee7b1fbe604/execute/async - {"script":"<script> [776 bytes]","args":[{"enterText":"1000","selector":{"id":"application-manageyards-display-component---NewYard--companyCodeComboBox","interaction":{"idSuffix":"inner"}},"clearTextFirst":true,"interactionType":"ENTER_TEXT"}]}
RESULT: {"script":"<script> [776 bytes]","args":[{"enterText":"1000","selector":{"id":"application-manageyards-display-component---NewYard--companyCodeComboBox","interaction":{"idSuffix":"inner"}},"clearTextFirst":true,"interactionType":"ENTER_TEXT"}]}
COMMAND: POST /session/416e0c1cc5e5391e8fcc7ee7b1fbe604/execute/async - {"script":"<script> [1562 bytes]","args":[{"selector":{"controlType":"sap.m.Input","viewName":"etm.portal.ui.manageyards.view.New","viewId":"application-manageyards-display-component---NewYard","bindingPath":{"path":"","propertyPath":"/PLANT","modelName":"NewYardModel"},"interaction":{"idSuffix":"inner"}},"wdio_ui5_key":"etmportal.ui.manageyards.view.Newsap.m.Input{\"path\":\"\",\"propertyPath\":\"/PLANT\",\"modelName\":\"NewYardModel\"}"}]}
RESULT: {"script":"<script> [1562 bytes]","args":[{"selector":{"controlType":"sap.m.Input","viewName":"etm.portal.ui.manageyards.view.New","viewId":"application-manageyards-display-component---NewYard","bindingPath":{"path":"","propertyPath":"/PLANT","modelName":"NewYardModel"},"interaction":{"idSuffix":"inner"}},"wdio_ui5_key":"etmportal.ui.manageyards.view.Newsap.m.Input{\"path\":\"\",\"propertyPath\":\"/PLANT\",\"modelName\":\"NewYardModel\"}"}]}
RESULT: undefined
COMMAND: POST /session/416e0c1cc5e5391e8fcc7ee7b1fbe604/execute/async - {"script":"<script> [776 bytes]","args":[{"enterText":"1001","selector":{"controlType":"sap.m.Input","viewName":"etm.portal.ui.manageyards.view.New","viewId":"application-manageyards-display-component---NewYard","bindingPath":{"path":"","propertyPath":"/PLANT","modelName":"NewYardModel"},"interaction":{"idSuffix":"inner"}},"clearTextFirst":true,"interactionType":"ENTER_TEXT"}]}
RESULT: {"script":"<script> [776 bytes]","args":[{"enterText":"1001","selector":{"controlType":"sap.m.Input","viewName":"etm.portal.ui.manageyards.view.New","viewId":"application-manageyards-display-component---NewYard","bindingPath":{"path":"","propertyPath":"/PLANT","modelName":"NewYardModel"},"interaction":{"idSuffix":"inner"}},"clearTextFirst":true,"interactionType":"ENTER_TEXT"}]}
COMMAND: POST /session/416e0c1cc5e5391e8fcc7ee7b1fbe604/execute/async - {"script":"<script> [1562 bytes]","args":[{"selector":{"controlType":"sap.m.Input","viewName":"etm.portal.ui.manageyards.view.New","viewId":"application-manageyards-display-component---NewYard","bindingPath":{"path":"","propertyPath":"/SALES_AREA_VKORG","modelName":"NewYardModel"},"interaction":{"idSuffix":"inner"}},"wdio_ui5_key":"etmportal.ui.manageyards.view.Newsap.m.Input{\"path\":\"\",\"propertyPath\":\"/SALES_AREA_VKORG\",\"modelName\":\"NewYardModel\"}"}]}
RESULT: {"script":"<script> [1562 bytes]","args":[{"selector":{"controlType":"sap.m.Input","viewName":"etm.portal.ui.manageyards.view.New","viewId":"application-manageyards-display-component---NewYard","bindingPath":{"path":"","propertyPath":"/SALES_AREA_VKORG","modelName":"NewYardModel"},"interaction":{"idSuffix":"inner"}},"wdio_ui5_key":"etmportal.ui.manageyards.view.Newsap.m.Input{\"path\":\"\",\"propertyPath\":\"/SALES_AREA_VKORG\",\"modelName\":\"NewYardModel\"}"}]}
RESULT: undefined
COMMAND: POST /session/416e0c1cc5e5391e8fcc7ee7b1fbe604/execute/async - {"script":"<script> [776 bytes]","args":[{"enterText":"C002","selector":{"controlType":"sap.m.Input","viewName":"etm.portal.ui.manageyards.view.New","viewId":"application-manageyards-display-component---NewYard","bindingPath":{"path":"","propertyPath":"/SALES_AREA_VKORG","modelName":"NewYardModel"},"interaction":{"idSuffix":"inner"}},"clearTextFirst":true,"interactionType":"ENTER_TEXT"}]}
RESULT: {"script":"<script> [776 bytes]","args":[{"enterText":"C002","selector":{"controlType":"sap.m.Input","viewName":"etm.portal.ui.manageyards.view.New","viewId":"application-manageyards-display-component---NewYard","bindingPath":{"path":"","propertyPath":"/SALES_AREA_VKORG","modelName":"NewYardModel"},"interaction":{"idSuffix":"inner"}},"clearTextFirst":true,"interactionType":"ENTER_TEXT"}]}
COMMAND: POST /session/416e0c1cc5e5391e8fcc7ee7b1fbe604/execute/async - {"script":"<script> [1562 bytes]","args":[{"selector":{"controlType":"sap.m.Input","viewName":"etm.portal.ui.manageyards.view.New","viewId":"application-manageyards-display-component---NewYard","bindingPath":{"path":"","propertyPath":"/SALES_AREA_VTWEG","modelName":"NewYardModel"},"interaction":{"idSuffix":"inner"}},"wdio_ui5_key":"etmportal.ui.manageyards.view.Newsap.m.Input{\"path\":\"\",\"propertyPath\":\"/SALES_AREA_VTWEG\",\"modelName\":\"NewYardModel\"}"}]}
RESULT: {"script":"<script> [1562 bytes]","args":[{"selector":{"controlType":"sap.m.Input","viewName":"etm.portal.ui.manageyards.view.New","viewId":"application-manageyards-display-component---NewYard","bindingPath":{"path":"","propertyPath":"/SALES_AREA_VTWEG","modelName":"NewYardModel"},"interaction":{"idSuffix":"inner"}},"wdio_ui5_key":"etmportal.ui.manageyards.view.Newsap.m.Input{\"path\":\"\",\"propertyPath\":\"/SALES_AREA_VTWEG\",\"modelName\":\"NewYardModel\"}"}]}
RESULT: undefined
COMMAND: POST /session/416e0c1cc5e5391e8fcc7ee7b1fbe604/execute/async - {"script":"<script> [776 bytes]","args":[{"enterText":"C2","selector":{"controlType":"sap.m.Input","viewName":"etm.portal.ui.manageyards.view.New","viewId":"application-manageyards-display-component---NewYard","bindingPath":{"path":"","propertyPath":"/SALES_AREA_VTWEG","modelName":"NewYardModel"},"interaction":{"idSuffix":"inner"}},"clearTextFirst":true,"interactionType":"ENTER_TEXT"}]}
RESULT: {"script":"<script> [776 bytes]","args":[{"enterText":"C2","selector":{"controlType":"sap.m.Input","viewName":"etm.portal.ui.manageyards.view.New","viewId":"application-manageyards-display-component---NewYard","bindingPath":{"path":"","propertyPath":"/SALES_AREA_VTWEG","modelName":"NewYardModel"},"interaction":{"idSuffix":"inner"}},"clearTextFirst":true,"interactionType":"ENTER_TEXT"}]}
COMMAND: POST /session/416e0c1cc5e5391e8fcc7ee7b1fbe604/execute/async - {"script":"<script> [1562 bytes]","args":[{"selector":{"controlType":"sap.m.Input","viewName":"etm.portal.ui.manageyards.view.New","viewId":"application-manageyards-display-component---NewYard","bindingPath":{"path":"","propertyPath":"/SALES_AREA_SPART","modelName":"NewYardModel"},"interaction":{"idSuffix":"inner"}},"wdio_ui5_key":"etmportal.ui.manageyards.view.Newsap.m.Input{\"path\":\"\",\"propertyPath\":\"/SALES_AREA_SPART\",\"modelName\":\"NewYardModel\"}"}]}
RESULT: {"script":"<script> [1562 bytes]","args":[{"selector":{"controlType":"sap.m.Input","viewName":"etm.portal.ui.manageyards.view.New","viewId":"application-manageyards-display-component---NewYard","bindingPath":{"path":"","propertyPath":"/SALES_AREA_SPART","modelName":"NewYardModel"},"interaction":{"idSuffix":"inner"}},"wdio_ui5_key":"etmportal.ui.manageyards.view.Newsap.m.Input{\"path\":\"\",\"propertyPath\":\"/SALES_AREA_SPART\",\"modelName\":\"NewYardModel\"}"}]}
RESULT: undefined
COMMAND: POST /session/416e0c1cc5e5391e8fcc7ee7b1fbe604/execute/async - {"script":"<script> [776 bytes]","args":[{"enterText":"C2","selector":{"controlType":"sap.m.Input","viewName":"etm.portal.ui.manageyards.view.New","viewId":"application-manageyards-display-component---NewYard","bindingPath":{"path":"","propertyPath":"/SALES_AREA_SPART","modelName":"NewYardModel"},"interaction":{"idSuffix":"inner"}},"clearTextFirst":true,"interactionType":"ENTER_TEXT"}]}
RESULT: {"script":"<script> [776 bytes]","args":[{"enterText":"C2","selector":{"controlType":"sap.m.Input","viewName":"etm.portal.ui.manageyards.view.New","viewId":"application-manageyards-display-component---NewYard","bindingPath":{"path":"","propertyPath":"/SALES_AREA_SPART","modelName":"NewYardModel"},"interaction":{"idSuffix":"inner"}},"clearTextFirst":true,"interactionType":"ENTER_TEXT"}]}
COMMAND: POST /session/416e0c1cc5e5391e8fcc7ee7b1fbe604/execute/async - {"script":"<script> [1562 bytes]","args":[{"selector":{"controlType":"sap.m.Input","viewName":"etm.portal.ui.manageyards.view.New","viewId":"application-manageyards-display-component---NewYard","bindingPath":{"path":"","propertyPath":"/SHIP_POINT","modelName":"NewYardModel"},"interaction":{"idSuffix":"inner"}},"wdio_ui5_key":"etmportal.ui.manageyards.view.Newsap.m.Input{\"path\":\"\",\"propertyPath\":\"/SHIP_POINT\",\"modelName\":\"NewYardModel\"}"}]}
RESULT: {"script":"<script> [1562 bytes]","args":[{"selector":{"controlType":"sap.m.Input","viewName":"etm.portal.ui.manageyards.view.New","viewId":"application-manageyards-display-component---NewYard","bindingPath":{"path":"","propertyPath":"/SHIP_POINT","modelName":"NewYardModel"},"interaction":{"idSuffix":"inner"}},"wdio_ui5_key":"etmportal.ui.manageyards.view.Newsap.m.Input{\"path\":\"\",\"propertyPath\":\"/SHIP_POINT\",\"modelName\":\"NewYardModel\"}"}]}
RESULT: undefined
COMMAND: POST /session/416e0c1cc5e5391e8fcc7ee7b1fbe604/execute/async - {"script":"<script> [776 bytes]","args":[{"enterText":"1710","selector":{"controlType":"sap.m.Input","viewName":"etm.portal.ui.manageyards.view.New","viewId":"application-manageyards-display-component---NewYard","bindingPath":{"path":"","propertyPath":"/SHIP_POINT","modelName":"NewYardModel"},"interaction":{"idSuffix":"inner"}},"clearTextFirst":true,"interactionType":"ENTER_TEXT"}]}
RESULT: {"script":"<script> [776 bytes]","args":[{"enterText":"1710","selector":{"controlType":"sap.m.Input","viewName":"etm.portal.ui.manageyards.view.New","viewId":"application-manageyards-display-component---NewYard","bindingPath":{"path":"","propertyPath":"/SHIP_POINT","modelName":"NewYardModel"},"interaction":{"idSuffix":"inner"}},"clearTextFirst":true,"interactionType":"ENTER_TEXT"}]}
COMMAND: POST /session/416e0c1cc5e5391e8fcc7ee7b1fbe604/execute/async - {"script":"<script> [1562 bytes]","args":[{"selector":{"controlType":"sap.m.Input","viewName":"etm.portal.ui.manageyards.view.New","viewId":"application-manageyards-display-component---NewYard","bindingPath":{"path":"","propertyPath":"/DELIVERY_TYPE","modelName":"NewYardModel"},"interaction":{"idSuffix":"inner"}},"wdio_ui5_key":"etmportal.ui.manageyards.view.Newsap.m.Input{\"path\":\"\",\"propertyPath\":\"/DELIVERY_TYPE\",\"modelName\":\"NewYardModel\"}"}]}
RESULT: {"script":"<script> [1562 bytes]","args":[{"selector":{"controlType":"sap.m.Input","viewName":"etm.portal.ui.manageyards.view.New","viewId":"application-manageyards-display-component---NewYard","bindingPath":{"path":"","propertyPath":"/DELIVERY_TYPE","modelName":"NewYardModel"},"interaction":{"idSuffix":"inner"}},"wdio_ui5_key":"etmportal.ui.manageyards.view.Newsap.m.Input{\"path\":\"\",\"propertyPath\":\"/DELIVERY_TYPE\",\"modelName\":\"NewYardModel\"}"}]}
RESULT: undefined
COMMAND: POST /session/416e0c1cc5e5391e8fcc7ee7b1fbe604/execute/async - {"script":"<script> [776 bytes]","args":[{"enterText":"ZL01","selector":{"controlType":"sap.m.Input","viewName":"etm.portal.ui.manageyards.view.New","viewId":"application-manageyards-display-component---NewYard","bindingPath":{"path":"","propertyPath":"/DELIVERY_TYPE","modelName":"NewYardModel"},"interaction":{"idSuffix":"inner"}},"clearTextFirst":true,"interactionType":"ENTER_TEXT"}]}
RESULT: {"script":"<script> [776 bytes]","args":[{"enterText":"ZL01","selector":{"controlType":"sap.m.Input","viewName":"etm.portal.ui.manageyards.view.New","viewId":"application-manageyards-display-component---NewYard","bindingPath":{"path":"","propertyPath":"/DELIVERY_TYPE","modelName":"NewYardModel"},"interaction":{"idSuffix":"inner"}},"clearTextFirst":true,"interactionType":"ENTER_TEXT"}]}
COMMAND: POST /session/416e0c1cc5e5391e8fcc7ee7b1fbe604/execute/async - {"script":"<script> [1562 bytes]","args":[{"selector":{"controlType":"sap.m.Input","viewName":"etm.portal.ui.manageyards.view.New","viewId":"application-manageyards-display-component---NewYard","bindingPath":{"path":"","propertyPath":"/AUART","modelName":"NewYardModel"},"interaction":{"idSuffix":"inner"}},"wdio_ui5_key":"etmportal.ui.manageyards.view.Newsap.m.Input{\"path\":\"\",\"propertyPath\":\"/AUART\",\"modelName\":\"NewYardModel\"}"}]}
RESULT: {"script":"<script> [1562 bytes]","args":[{"selector":{"controlType":"sap.m.Input","viewName":"etm.portal.ui.manageyards.view.New","viewId":"application-manageyards-display-component---NewYard","bindingPath":{"path":"","propertyPath":"/AUART","modelName":"NewYardModel"},"interaction":{"idSuffix":"inner"}},"wdio_ui5_key":"etmportal.ui.manageyards.view.Newsap.m.Input{\"path\":\"\",\"propertyPath\":\"/AUART\",\"modelName\":\"NewYardModel\"}"}]}
RESULT: undefined
COMMAND: POST /session/416e0c1cc5e5391e8fcc7ee7b1fbe604/execute/async - {"script":"<script> [776 bytes]","args":[{"enterText":"TA","selector":{"controlType":"sap.m.Input","viewName":"etm.portal.ui.manageyards.view.New","viewId":"application-manageyards-display-component---NewYard","bindingPath":{"path":"","propertyPath":"/AUART","modelName":"NewYardModel"},"interaction":{"idSuffix":"inner"}},"clearTextFirst":true,"interactionType":"ENTER_TEXT"}]}
RESULT: {"script":"<script> [776 bytes]","args":[{"enterText":"TA","selector":{"controlType":"sap.m.Input","viewName":"etm.portal.ui.manageyards.view.New","viewId":"application-manageyards-display-component---NewYard","bindingPath":{"path":"","propertyPath":"/AUART","modelName":"NewYardModel"},"interaction":{"idSuffix":"inner"}},"clearTextFirst":true,"interactionType":"ENTER_TEXT"}]}
COMMAND: POST /session/416e0c1cc5e5391e8fcc7ee7b1fbe604/element - {"using":"xpath","value":"//button[@data-kt=\"newYardSaveButton\"]"}
RESULT: {"using":"xpath","value":"//button[@data-kt=\"newYardSaveButton\"]"}
COMMAND: POST /session/416e0c1cc5e5391e8fcc7ee7b1fbe604/element/f.50BABCFD8003DB92F28A6394CEE4B89A.d.41DCCE204DE6C0789B517C4533FA6D29.e.705/click - {}
RESULT: {}
COMMAND: GET /session/416e0c1cc5e5391e8fcc7ee7b1fbe604/screenshot - {}
RESULT: {}
COMMAND: POST /session/416e0c1cc5e5391e8fcc7ee7b1fbe604/element - {"using":"xpath","value":"//header[contains(@id, 'ObjectPageLayout-headerTitle')]/div[1]/div[2]/div[1]/span[1]"}
RESULT: {"using":"xpath","value":"//header[contains(@id, 'ObjectPageLayout-headerTitle')]/div[1]/div[2]/div[1]/span[1]"}
COMMAND: POST /session/416e0c1cc5e5391e8fcc7ee7b1fbe604/elements - {"using":"xpath","value":"//header[contains(@id, 'ObjectPageLayout-headerTitle')]/div[1]/div[2]/div[1]/span[1]"}
RESULT: {"using":"xpath","value":"//header[contains(@id, 'ObjectPageLayout-headerTitle')]/div[1]/div[2]/div[1]/span[1]"}
COMMAND: POST /session/416e0c1cc5e5391e8fcc7ee7b1fbe604/execute/sync - {"script":"<script> [56 bytes]","args":[{"element-6066-11e4-a52e-4f735466cecf":"f.50BABCFD8003DB92F28A6394CEE4B89A.d.41DCCE204DE6C0789B517C4533FA6D29.e.996","ELEMENT":"f.50BABCFD8003DB92F28A6394CEE4B89A.d.41DCCE204DE6C0789B517C4533FA6D29.e.996"}]}
RESULT: {"script":"<script> [56 bytes]","args":[{"element-6066-11e4-a52e-4f735466cecf":"f.50BABCFD8003DB92F28A6394CEE4B89A.d.41DCCE204DE6C0789B517C4533FA6D29.e.996","ELEMENT":"f.50BABCFD8003DB92F28A6394CEE4B89A.d.41DCCE204DE6C0789B517C4533FA6D29.e.996"}]}
COMMAND: GET /session/416e0c1cc5e5391e8fcc7ee7b1fbe604/screenshot - {}
RESULT: {}
COMMAND: POST /session/416e0c1cc5e5391e8fcc7ee7b1fbe604/element - {"using":"css selector","value":"#shell-header-logo"}
RESULT: {"using":"css selector","value":"#shell-header-logo"}
COMMAND: POST /session/416e0c1cc5e5391e8fcc7ee7b1fbe604/element/f.50BABCFD8003DB92F28A6394CEE4B89A.d.41DCCE204DE6C0789B517C4533FA6D29.e.257/click - {}
RESULT: {}
COMMAND: GET /session/416e0c1cc5e5391e8fcc7ee7b1fbe604/screenshot - {}
RESULT: {}
COMMAND: POST /session/416e0c1cc5e5391e8fcc7ee7b1fbe604/execute/sync - {"script":"<script> [299 bytes]","args":[["getModel","getResource"]]}
RESULT: {"script":"<script> [299 bytes]","args":[["getModel","getResource"]]}
]]></system-out>
    </testcase>
    <testcase classname="chrome.135_0_7049_96.windows.Partner_specific_tests_US150819_US151080_US151654_US151176_US103444_US151078_US151079_US151109_US151174_US151175_US151189" name="Should create new external partner US150819" time="99.639">
      <system-out><![CDATA[
COMMAND: POST /session/416e0c1cc5e5391e8fcc7ee7b1fbe604/element - {"using":"xpath","value":"//li[.//span[text()=\"Manage Partners\"]]"}
COMMAND: GET /session/416e0c1cc5e5391e8fcc7ee7b1fbe604/screenshot - {}
RESULT: {"using":"xpath","value":"//li[.//span[text()=\"Manage Partners\"]]"}
COMMAND: POST /session/416e0c1cc5e5391e8fcc7ee7b1fbe604/element - {"using":"xpath","value":"//li[.//span[text()=\"Manage Partners\"]]"}
RESULT: {}
RESULT: {"using":"xpath","value":"//li[.//span[text()=\"Manage Partners\"]]"}
COMMAND: POST /session/416e0c1cc5e5391e8fcc7ee7b1fbe604/element - {"using":"css selector","value":"#shell-header-logo"}
RESULT: {"using":"css selector","value":"#shell-header-logo"}
COMMAND: POST /session/416e0c1cc5e5391e8fcc7ee7b1fbe604/element/f.50BABCFD8003DB92F28A6394CEE4B89A.d.41DCCE204DE6C0789B517C4533FA6D29.e.998/click - {}
COMMAND: POST /session/416e0c1cc5e5391e8fcc7ee7b1fbe604/execute/sync - {"script":"<script> [8489 bytes]","args":[{"element-6066-11e4-a52e-4f735466cecf":"f.50BABCFD8003DB92F28A6394CEE4B89A.d.41DCCE204DE6C0789B517C4533FA6D29.e.998","ELEMENT":"f.50BABCFD8003DB92F28A6394CEE4B89A.d.41DCCE204DE6C0789B517C4533FA6D29.e.998"}]}
RESULT: {}
COMMAND: GET /session/416e0c1cc5e5391e8fcc7ee7b1fbe604/screenshot - {}
RESULT: {"script":"<script> [8489 bytes]","args":[{"element-6066-11e4-a52e-4f735466cecf":"f.50BABCFD8003DB92F28A6394CEE4B89A.d.41DCCE204DE6C0789B517C4533FA6D29.e.998","ELEMENT":"f.50BABCFD8003DB92F28A6394CEE4B89A.d.41DCCE204DE6C0789B517C4533FA6D29.e.998"}]}
COMMAND: POST /session/416e0c1cc5e5391e8fcc7ee7b1fbe604/execute/sync - {"script":"<script> [5351 bytes]","args":[{"element-6066-11e4-a52e-4f735466cecf":"f.50BABCFD8003DB92F28A6394CEE4B89A.d.41DCCE204DE6C0789B517C4533FA6D29.e.998","ELEMENT":"f.50BABCFD8003DB92F28A6394CEE4B89A.d.41DCCE204DE6C0789B517C4533FA6D29.e.998"}]}
COMMAND: GET /session/416e0c1cc5e5391e8fcc7ee7b1fbe604/screenshot - {}
RESULT: {}
RESULT: {"script":"<script> [5351 bytes]","args":[{"element-6066-11e4-a52e-4f735466cecf":"f.50BABCFD8003DB92F28A6394CEE4B89A.d.41DCCE204DE6C0789B517C4533FA6D29.e.998","ELEMENT":"f.50BABCFD8003DB92F28A6394CEE4B89A.d.41DCCE204DE6C0789B517C4533FA6D29.e.998"}]}
COMMAND: GET /session/416e0c1cc5e5391e8fcc7ee7b1fbe604/screenshot - {}
RESULT: {}
RESULT: {}
COMMAND: POST /session/416e0c1cc5e5391e8fcc7ee7b1fbe604/window/fullscreen - {}
RESULT: {}
COMMAND: POST /session/416e0c1cc5e5391e8fcc7ee7b1fbe604/execute/async - {"script":"<script> [1562 bytes]","args":[{"selector":{"controlType":"sap.m.GenericTile","properties":{"header":"Manage Partners"}},"wdio_ui5_key":"sapm.GenericTile{\"header\":\"Manage Partners\"}"}]}
RESULT: {"script":"<script> [1562 bytes]","args":[{"selector":{"controlType":"sap.m.GenericTile","properties":{"header":"Manage Partners"}},"wdio_ui5_key":"sapm.GenericTile{\"header\":\"Manage Partners\"}"}]}
RESULT: undefined
COMMAND: POST /session/416e0c1cc5e5391e8fcc7ee7b1fbe604/element - {"using":"xpath","value":"//*[@id=\"__tile38\"]"}
RESULT: {"using":"xpath","value":"//*[@id=\"__tile38\"]"}
COMMAND: POST /session/416e0c1cc5e5391e8fcc7ee7b1fbe604/element/f.50BABCFD8003DB92F28A6394CEE4B89A.d.41DCCE204DE6C0789B517C4533FA6D29.e.147/click - {}
RESULT: {}
COMMAND: POST /session/416e0c1cc5e5391e8fcc7ee7b1fbe604/element - {"using":"xpath","value":"//button[@data-kt=\"addButton\"]"}
COMMAND: GET /session/416e0c1cc5e5391e8fcc7ee7b1fbe604/screenshot - {}
RESULT: {"using":"xpath","value":"//button[@data-kt=\"addButton\"]"}
COMMAND: POST /session/416e0c1cc5e5391e8fcc7ee7b1fbe604/elements - {"using":"xpath","value":"//button[@data-kt=\"addButton\"]"}
RESULT: {}
RESULT: {"using":"xpath","value":"//button[@data-kt=\"addButton\"]"}
COMMAND: POST /session/416e0c1cc5e5391e8fcc7ee7b1fbe604/elements - {"using":"xpath","value":"//button[@data-kt=\"addButton\"]"}
RESULT: {"using":"xpath","value":"//button[@data-kt=\"addButton\"]"}
COMMAND: POST /session/416e0c1cc5e5391e8fcc7ee7b1fbe604/elements - {"using":"xpath","value":"//button[@data-kt=\"addButton\"]"}
RESULT: {"using":"xpath","value":"//button[@data-kt=\"addButton\"]"}
COMMAND: POST /session/416e0c1cc5e5391e8fcc7ee7b1fbe604/elements - {"using":"xpath","value":"//button[@data-kt=\"addButton\"]"}
RESULT: {"using":"xpath","value":"//button[@data-kt=\"addButton\"]"}
COMMAND: POST /session/416e0c1cc5e5391e8fcc7ee7b1fbe604/elements - {"using":"xpath","value":"//button[@data-kt=\"addButton\"]"}
RESULT: {"using":"xpath","value":"//button[@data-kt=\"addButton\"]"}
COMMAND: POST /session/416e0c1cc5e5391e8fcc7ee7b1fbe604/elements - {"using":"xpath","value":"//button[@data-kt=\"addButton\"]"}
RESULT: {"using":"xpath","value":"//button[@data-kt=\"addButton\"]"}
COMMAND: POST /session/416e0c1cc5e5391e8fcc7ee7b1fbe604/elements - {"using":"xpath","value":"//button[@data-kt=\"addButton\"]"}
RESULT: {"using":"xpath","value":"//button[@data-kt=\"addButton\"]"}
COMMAND: POST /session/416e0c1cc5e5391e8fcc7ee7b1fbe604/elements - {"using":"xpath","value":"//button[@data-kt=\"addButton\"]"}
RESULT: {"using":"xpath","value":"//button[@data-kt=\"addButton\"]"}
COMMAND: POST /session/416e0c1cc5e5391e8fcc7ee7b1fbe604/elements - {"using":"xpath","value":"//button[@data-kt=\"addButton\"]"}
RESULT: {"using":"xpath","value":"//button[@data-kt=\"addButton\"]"}
COMMAND: POST /session/416e0c1cc5e5391e8fcc7ee7b1fbe604/elements - {"using":"xpath","value":"//button[@data-kt=\"addButton\"]"}
RESULT: {"using":"xpath","value":"//button[@data-kt=\"addButton\"]"}
COMMAND: POST /session/416e0c1cc5e5391e8fcc7ee7b1fbe604/elements - {"using":"xpath","value":"//button[@data-kt=\"addButton\"]"}
RESULT: {"using":"xpath","value":"//button[@data-kt=\"addButton\"]"}
COMMAND: POST /session/416e0c1cc5e5391e8fcc7ee7b1fbe604/elements - {"using":"xpath","value":"//button[@data-kt=\"addButton\"]"}
RESULT: {"using":"xpath","value":"//button[@data-kt=\"addButton\"]"}
COMMAND: POST /session/416e0c1cc5e5391e8fcc7ee7b1fbe604/elements - {"using":"xpath","value":"//button[@data-kt=\"addButton\"]"}
RESULT: {"using":"xpath","value":"//button[@data-kt=\"addButton\"]"}
COMMAND: POST /session/416e0c1cc5e5391e8fcc7ee7b1fbe604/elements - {"using":"xpath","value":"//button[@data-kt=\"addButton\"]"}
RESULT: {"using":"xpath","value":"//button[@data-kt=\"addButton\"]"}
COMMAND: POST /session/416e0c1cc5e5391e8fcc7ee7b1fbe604/elements - {"using":"xpath","value":"//button[@data-kt=\"addButton\"]"}
RESULT: {"using":"xpath","value":"//button[@data-kt=\"addButton\"]"}
COMMAND: POST /session/416e0c1cc5e5391e8fcc7ee7b1fbe604/element - {"using":"xpath","value":"//button[@data-kt=\"addButton\"]"}
RESULT: {"using":"xpath","value":"//button[@data-kt=\"addButton\"]"}
COMMAND: POST /session/416e0c1cc5e5391e8fcc7ee7b1fbe604/execute/sync - {"script":"<script> [8489 bytes]","args":[{"element-6066-11e4-a52e-4f735466cecf":"f.50BABCFD8003DB92F28A6394CEE4B89A.d.41DCCE204DE6C0789B517C4533FA6D29.e.1045","ELEMENT":"f.50BABCFD8003DB92F28A6394CEE4B89A.d.41DCCE204DE6C0789B517C4533FA6D29.e.1045"}]}
RESULT: {"script":"<script> [8489 bytes]","args":[{"element-6066-11e4-a52e-4f735466cecf":"f.50BABCFD8003DB92F28A6394CEE4B89A.d.41DCCE204DE6C0789B517C4533FA6D29.e.1045","ELEMENT":"f.50BABCFD8003DB92F28A6394CEE4B89A.d.41DCCE204DE6C0789B517C4533FA6D29.e.1045"}]}
COMMAND: GET /session/416e0c1cc5e5391e8fcc7ee7b1fbe604/element/f.50BABCFD8003DB92F28A6394CEE4B89A.d.41DCCE204DE6C0789B517C4533FA6D29.e.1045/enabled - {}
COMMAND: GET /session/416e0c1cc5e5391e8fcc7ee7b1fbe604/screenshot - {}
RESULT: {}
COMMAND: POST /session/416e0c1cc5e5391e8fcc7ee7b1fbe604/execute/sync - {"script":"<script> [8489 bytes]","args":[{"element-6066-11e4-a52e-4f735466cecf":"f.50BABCFD8003DB92F28A6394CEE4B89A.d.41DCCE204DE6C0789B517C4533FA6D29.e.1045","ELEMENT":"f.50BABCFD8003DB92F28A6394CEE4B89A.d.41DCCE204DE6C0789B517C4533FA6D29.e.1045"}]}
COMMAND: GET /session/416e0c1cc5e5391e8fcc7ee7b1fbe604/screenshot - {}
RESULT: {}
RESULT: {"script":"<script> [8489 bytes]","args":[{"element-6066-11e4-a52e-4f735466cecf":"f.50BABCFD8003DB92F28A6394CEE4B89A.d.41DCCE204DE6C0789B517C4533FA6D29.e.1045","ELEMENT":"f.50BABCFD8003DB92F28A6394CEE4B89A.d.41DCCE204DE6C0789B517C4533FA6D29.e.1045"}]}
COMMAND: POST /session/416e0c1cc5e5391e8fcc7ee7b1fbe604/execute/sync - {"script":"<script> [5351 bytes]","args":[{"element-6066-11e4-a52e-4f735466cecf":"f.50BABCFD8003DB92F28A6394CEE4B89A.d.41DCCE204DE6C0789B517C4533FA6D29.e.1045","ELEMENT":"f.50BABCFD8003DB92F28A6394CEE4B89A.d.41DCCE204DE6C0789B517C4533FA6D29.e.1045"}]}
COMMAND: GET /session/416e0c1cc5e5391e8fcc7ee7b1fbe604/screenshot - {}
RESULT: {}
RESULT: {"script":"<script> [5351 bytes]","args":[{"element-6066-11e4-a52e-4f735466cecf":"f.50BABCFD8003DB92F28A6394CEE4B89A.d.41DCCE204DE6C0789B517C4533FA6D29.e.1045","ELEMENT":"f.50BABCFD8003DB92F28A6394CEE4B89A.d.41DCCE204DE6C0789B517C4533FA6D29.e.1045"}]}
COMMAND: POST /session/416e0c1cc5e5391e8fcc7ee7b1fbe604/element/f.50BABCFD8003DB92F28A6394CEE4B89A.d.41DCCE204DE6C0789B517C4533FA6D29.e.1045/click - {}
COMMAND: GET /session/416e0c1cc5e5391e8fcc7ee7b1fbe604/screenshot - {}
RESULT: {}
RESULT: {}
COMMAND: GET /session/416e0c1cc5e5391e8fcc7ee7b1fbe604/screenshot - {}
COMMAND: POST /session/416e0c1cc5e5391e8fcc7ee7b1fbe604/execute/async - {"script":"<script> [1562 bytes]","args":[{"selector":{"id":"application-managepartners-display-component---NewPartner--addressDetailDetailsName1","interaction":{"idSuffix":"inner"}},"wdio_ui5_key":"applicationmanagepartners-display-component---NewPartner--addressDetailDetailsName1"}]}
RESULT: {}
RESULT: {}
RESULT: {"script":"<script> [1562 bytes]","args":[{"selector":{"id":"application-managepartners-display-component---NewPartner--addressDetailDetailsName1","interaction":{"idSuffix":"inner"}},"wdio_ui5_key":"applicationmanagepartners-display-component---NewPartner--addressDetailDetailsName1"}]}
RESULT: undefined
COMMAND: POST /session/416e0c1cc5e5391e8fcc7ee7b1fbe604/execute/async - {"script":"<script> [776 bytes]","args":[{"enterText":"External Partner WDIO","selector":{"id":"application-managepartners-display-component---NewPartner--addressDetailDetailsName1","interaction":{"idSuffix":"inner"}},"clearTextFirst":true,"interactionType":"ENTER_TEXT"}]}
RESULT: {"script":"<script> [776 bytes]","args":[{"enterText":"External Partner WDIO","selector":{"id":"application-managepartners-display-component---NewPartner--addressDetailDetailsName1","interaction":{"idSuffix":"inner"}},"clearTextFirst":true,"interactionType":"ENTER_TEXT"}]}
COMMAND: POST /session/416e0c1cc5e5391e8fcc7ee7b1fbe604/execute/async - {"script":"<script> [1562 bytes]","args":[{"selector":{"id":"application-managepartners-display-component---NewPartner--addressDetailDetailsLanguage-arrow"},"wdio_ui5_key":"applicationmanagepartners-display-component---NewPartner--addressDetailDetailsLanguage-arrow"}]}
RESULT: {"script":"<script> [1562 bytes]","args":[{"selector":{"id":"application-managepartners-display-component---NewPartner--addressDetailDetailsLanguage-arrow"},"wdio_ui5_key":"applicationmanagepartners-display-component---NewPartner--addressDetailDetailsLanguage-arrow"}]}
RESULT: undefined
COMMAND: POST /session/416e0c1cc5e5391e8fcc7ee7b1fbe604/element - {"using":"xpath","value":"//*[@id=\"application-managepartners-display-component---NewPartner--addressDetailDetailsLanguage-arrow\"]"}
RESULT: {"using":"xpath","value":"//*[@id=\"application-managepartners-display-component---NewPartner--addressDetailDetailsLanguage-arrow\"]"}
COMMAND: POST /session/416e0c1cc5e5391e8fcc7ee7b1fbe604/element/f.50BABCFD8003DB92F28A6394CEE4B89A.d.41DCCE204DE6C0789B517C4533FA6D29.e.1487/click - {}
RESULT: {}
COMMAND: POST /session/416e0c1cc5e5391e8fcc7ee7b1fbe604/element - {"using":"xpath","value":"//span[contains(text(), \"English\")]"}
COMMAND: GET /session/416e0c1cc5e5391e8fcc7ee7b1fbe604/screenshot - {}
RESULT: {"using":"xpath","value":"//span[contains(text(), \"English\")]"}
COMMAND: POST /session/416e0c1cc5e5391e8fcc7ee7b1fbe604/element/f.50BABCFD8003DB92F28A6394CEE4B89A.d.41DCCE204DE6C0789B517C4533FA6D29.e.1488/click - {}
RESULT: {}
RESULT: {}
COMMAND: GET /session/416e0c1cc5e5391e8fcc7ee7b1fbe604/screenshot - {}
RESULT: {}
COMMAND: POST /session/416e0c1cc5e5391e8fcc7ee7b1fbe604/execute/async - {"script":"<script> [1562 bytes]","args":[{"selector":{"id":"application-managepartners-display-component---NewPartner--addressDetailDetailsCity1","interaction":{"idSuffix":"inner"}},"wdio_ui5_key":"applicationmanagepartners-display-component---NewPartner--addressDetailDetailsCity1"}]}
RESULT: {"script":"<script> [1562 bytes]","args":[{"selector":{"id":"application-managepartners-display-component---NewPartner--addressDetailDetailsCity1","interaction":{"idSuffix":"inner"}},"wdio_ui5_key":"applicationmanagepartners-display-component---NewPartner--addressDetailDetailsCity1"}]}
RESULT: undefined
COMMAND: POST /session/416e0c1cc5e5391e8fcc7ee7b1fbe604/execute/async - {"script":"<script> [776 bytes]","args":[{"enterText":"Rosario","selector":{"id":"application-managepartners-display-component---NewPartner--addressDetailDetailsCity1","interaction":{"idSuffix":"inner"}},"clearTextFirst":true,"interactionType":"ENTER_TEXT"}]}
RESULT: {"script":"<script> [776 bytes]","args":[{"enterText":"Rosario","selector":{"id":"application-managepartners-display-component---NewPartner--addressDetailDetailsCity1","interaction":{"idSuffix":"inner"}},"clearTextFirst":true,"interactionType":"ENTER_TEXT"}]}
COMMAND: POST /session/416e0c1cc5e5391e8fcc7ee7b1fbe604/execute/async - {"script":"<script> [1562 bytes]","args":[{"selector":{"id":"application-managepartners-display-component---NewPartner--addressDetailDetailsCountry-arrow"},"wdio_ui5_key":"applicationmanagepartners-display-component---NewPartner--addressDetailDetailsCountry-arrow"}]}
RESULT: {"script":"<script> [1562 bytes]","args":[{"selector":{"id":"application-managepartners-display-component---NewPartner--addressDetailDetailsCountry-arrow"},"wdio_ui5_key":"applicationmanagepartners-display-component---NewPartner--addressDetailDetailsCountry-arrow"}]}
RESULT: undefined
COMMAND: POST /session/416e0c1cc5e5391e8fcc7ee7b1fbe604/element - {"using":"xpath","value":"//*[@id=\"application-managepartners-display-component---NewPartner--addressDetailDetailsCountry-arrow\"]"}
RESULT: {"using":"xpath","value":"//*[@id=\"application-managepartners-display-component---NewPartner--addressDetailDetailsCountry-arrow\"]"}
COMMAND: POST /session/416e0c1cc5e5391e8fcc7ee7b1fbe604/element/f.50BABCFD8003DB92F28A6394CEE4B89A.d.41DCCE204DE6C0789B517C4533FA6D29.e.1451/click - {}
RESULT: {}
COMMAND: POST /session/416e0c1cc5e5391e8fcc7ee7b1fbe604/element - {"using":"xpath","value":"//span[contains(text(), \"Argentina\")]"}
COMMAND: GET /session/416e0c1cc5e5391e8fcc7ee7b1fbe604/screenshot - {}
RESULT: {"using":"xpath","value":"//span[contains(text(), \"Argentina\")]"}
COMMAND: POST /session/416e0c1cc5e5391e8fcc7ee7b1fbe604/element/f.50BABCFD8003DB92F28A6394CEE4B89A.d.41DCCE204DE6C0789B517C4533FA6D29.e.1490/click - {}
RESULT: {}
RESULT: {}
COMMAND: GET /session/416e0c1cc5e5391e8fcc7ee7b1fbe604/screenshot - {}
RESULT: {}
COMMAND: POST /session/416e0c1cc5e5391e8fcc7ee7b1fbe604/element - {"using":"xpath","value":"//bdi[contains(text(), \"Commercial\")]"}
RESULT: {"using":"xpath","value":"//bdi[contains(text(), \"Commercial\")]"}
COMMAND: POST /session/416e0c1cc5e5391e8fcc7ee7b1fbe604/element/f.50BABCFD8003DB92F28A6394CEE4B89A.d.41DCCE204DE6C0789B517C4533FA6D29.e.1491/click - {}
RESULT: {}
COMMAND: GET /session/416e0c1cc5e5391e8fcc7ee7b1fbe604/screenshot - {}
RESULT: {}
COMMAND: POST /session/416e0c1cc5e5391e8fcc7ee7b1fbe604/execute/async - {"script":"<script> [1562 bytes]","args":[{"selector":{"id":"application-managepartners-display-component---NewPartner--partnerDetailInternal-arrow"},"wdio_ui5_key":"applicationmanagepartners-display-component---NewPartner--partnerDetailInternal-arrow"}]}
RESULT: {"script":"<script> [1562 bytes]","args":[{"selector":{"id":"application-managepartners-display-component---NewPartner--partnerDetailInternal-arrow"},"wdio_ui5_key":"applicationmanagepartners-display-component---NewPartner--partnerDetailInternal-arrow"}]}
RESULT: undefined
COMMAND: POST /session/416e0c1cc5e5391e8fcc7ee7b1fbe604/element - {"using":"xpath","value":"//*[@id=\"application-managepartners-display-component---NewPartner--partnerDetailInternal-arrow\"]"}
RESULT: {"using":"xpath","value":"//*[@id=\"application-managepartners-display-component---NewPartner--partnerDetailInternal-arrow\"]"}
COMMAND: POST /session/416e0c1cc5e5391e8fcc7ee7b1fbe604/element/f.50BABCFD8003DB92F28A6394CEE4B89A.d.41DCCE204DE6C0789B517C4533FA6D29.e.1497/click - {}
RESULT: {}
COMMAND: POST /session/416e0c1cc5e5391e8fcc7ee7b1fbe604/element - {"using":"xpath","value":"//span[contains(text(), \"External partner\")]"}
COMMAND: GET /session/416e0c1cc5e5391e8fcc7ee7b1fbe604/screenshot - {}
RESULT: {"using":"xpath","value":"//span[contains(text(), \"External partner\")]"}
COMMAND: POST /session/416e0c1cc5e5391e8fcc7ee7b1fbe604/element/f.50BABCFD8003DB92F28A6394CEE4B89A.d.41DCCE204DE6C0789B517C4533FA6D29.e.1498/click - {}
RESULT: {}
RESULT: {}
COMMAND: POST /session/416e0c1cc5e5391e8fcc7ee7b1fbe604/execute/async - {"script":"<script> [1562 bytes]","args":[{"selector":{"id":"application-managepartners-display-component---NewPartner--partnerDetailsCurrency-arrow"},"wdio_ui5_key":"applicationmanagepartners-display-component---NewPartner--partnerDetailsCurrency-arrow"}]}
COMMAND: GET /session/416e0c1cc5e5391e8fcc7ee7b1fbe604/screenshot - {}
RESULT: {"script":"<script> [1562 bytes]","args":[{"selector":{"id":"application-managepartners-display-component---NewPartner--partnerDetailsCurrency-arrow"},"wdio_ui5_key":"applicationmanagepartners-display-component---NewPartner--partnerDetailsCurrency-arrow"}]}
RESULT: undefined
COMMAND: POST /session/416e0c1cc5e5391e8fcc7ee7b1fbe604/element - {"using":"xpath","value":"//*[@id=\"application-managepartners-display-component---NewPartner--partnerDetailsCurrency-arrow\"]"}
RESULT: {}
RESULT: {"using":"xpath","value":"//*[@id=\"application-managepartners-display-component---NewPartner--partnerDetailsCurrency-arrow\"]"}
COMMAND: POST /session/416e0c1cc5e5391e8fcc7ee7b1fbe604/element/f.50BABCFD8003DB92F28A6394CEE4B89A.d.41DCCE204DE6C0789B517C4533FA6D29.e.1503/click - {}
RESULT: {}
COMMAND: POST /session/416e0c1cc5e5391e8fcc7ee7b1fbe604/element - {"using":"xpath","value":"//span[contains(text(), \"US Dollar\")]"}
COMMAND: GET /session/416e0c1cc5e5391e8fcc7ee7b1fbe604/screenshot - {}
RESULT: {"using":"xpath","value":"//span[contains(text(), \"US Dollar\")]"}
COMMAND: POST /session/416e0c1cc5e5391e8fcc7ee7b1fbe604/element/f.50BABCFD8003DB92F28A6394CEE4B89A.d.41DCCE204DE6C0789B517C4533FA6D29.e.1504/click - {}
RESULT: {}
RESULT: {}
COMMAND: GET /session/416e0c1cc5e5391e8fcc7ee7b1fbe604/screenshot - {}
RESULT: {}
COMMAND: POST /session/416e0c1cc5e5391e8fcc7ee7b1fbe604/element - {"using":"xpath","value":"//input[@id=\"application-managepartners-display-component---NewPartner--companyCodeComboBox-inner\"]"}
RESULT: {"using":"xpath","value":"//input[@id=\"application-managepartners-display-component---NewPartner--companyCodeComboBox-inner\"]"}
COMMAND: POST /session/416e0c1cc5e5391e8fcc7ee7b1fbe604/element/f.50BABCFD8003DB92F28A6394CEE4B89A.d.41DCCE204DE6C0789B517C4533FA6D29.e.1446/clear - {}
RESULT: {}
COMMAND: POST /session/416e0c1cc5e5391e8fcc7ee7b1fbe604/element/f.50BABCFD8003DB92F28A6394CEE4B89A.d.41DCCE204DE6C0789B517C4533FA6D29.e.1446/value - {"text":"C002"}
COMMAND: GET /session/416e0c1cc5e5391e8fcc7ee7b1fbe604/screenshot - {}
RESULT: {"text":"C002"}
COMMAND: GET /session/416e0c1cc5e5391e8fcc7ee7b1fbe604/screenshot - {}
RESULT: {}
RESULT: {}
COMMAND: POST /session/416e0c1cc5e5391e8fcc7ee7b1fbe604/element - {"using":"xpath","value":"//span[contains(text(), \"C002\")]"}
RESULT: {"using":"xpath","value":"//span[contains(text(), \"C002\")]"}
COMMAND: POST /session/416e0c1cc5e5391e8fcc7ee7b1fbe604/element/f.50BABCFD8003DB92F28A6394CEE4B89A.d.41DCCE204DE6C0789B517C4533FA6D29.e.1508/click - {}
RESULT: {}
COMMAND: GET /session/416e0c1cc5e5391e8fcc7ee7b1fbe604/screenshot - {}
RESULT: {}
COMMAND: POST /session/416e0c1cc5e5391e8fcc7ee7b1fbe604/execute/async - {"script":"<script> [1562 bytes]","args":[{"selector":{"id":"application-managepartners-display-component---NewPartner--btnAddTableRow-img"},"wdio_ui5_key":"applicationmanagepartners-display-component---NewPartner--btnAddTableRow-img"}]}
RESULT: {"script":"<script> [1562 bytes]","args":[{"selector":{"id":"application-managepartners-display-component---NewPartner--btnAddTableRow-img"},"wdio_ui5_key":"applicationmanagepartners-display-component---NewPartner--btnAddTableRow-img"}]}
RESULT: undefined
COMMAND: POST /session/416e0c1cc5e5391e8fcc7ee7b1fbe604/element - {"using":"xpath","value":"//*[@id=\"application-managepartners-display-component---NewPartner--btnAddTableRow-img\"]"}
RESULT: {"using":"xpath","value":"//*[@id=\"application-managepartners-display-component---NewPartner--btnAddTableRow-img\"]"}
COMMAND: POST /session/416e0c1cc5e5391e8fcc7ee7b1fbe604/element/f.50BABCFD8003DB92F28A6394CEE4B89A.d.41DCCE204DE6C0789B517C4533FA6D29.e.1509/click - {}
RESULT: {}
COMMAND: GET /session/416e0c1cc5e5391e8fcc7ee7b1fbe604/screenshot - {}
RESULT: {}
COMMAND: POST /session/416e0c1cc5e5391e8fcc7ee7b1fbe604/element - {"using":"xpath","value":"//input[@id=\"application-managepartners-display-component---NewPartner--assignmentYard-application-managepartners-display-component---NewPartner--assignmentsTable-0-inner\"]"}
RESULT: {"using":"xpath","value":"//input[@id=\"application-managepartners-display-component---NewPartner--assignmentYard-application-managepartners-display-component---NewPartner--assignmentsTable-0-inner\"]"}
COMMAND: POST /session/416e0c1cc5e5391e8fcc7ee7b1fbe604/element/f.50BABCFD8003DB92F28A6394CEE4B89A.d.41DCCE204DE6C0789B517C4533FA6D29.e.1512/clear - {}
RESULT: {}
COMMAND: POST /session/416e0c1cc5e5391e8fcc7ee7b1fbe604/element/f.50BABCFD8003DB92F28A6394CEE4B89A.d.41DCCE204DE6C0789B517C4533FA6D29.e.1512/value - {"text":"370"}
COMMAND: GET /session/416e0c1cc5e5391e8fcc7ee7b1fbe604/screenshot - {}
RESULT: {"text":"370"}
COMMAND: GET /session/416e0c1cc5e5391e8fcc7ee7b1fbe604/screenshot - {}
RESULT: {}
RESULT: {}
COMMAND: POST /session/416e0c1cc5e5391e8fcc7ee7b1fbe604/element - {"using":"xpath","value":"//li[.//span[text()='370']]"}
RESULT: {"using":"xpath","value":"//li[.//span[text()='370']]"}
COMMAND: POST /session/416e0c1cc5e5391e8fcc7ee7b1fbe604/element/f.50BABCFD8003DB92F28A6394CEE4B89A.d.41DCCE204DE6C0789B517C4533FA6D29.e.1520/click - {}
RESULT: {}
COMMAND: GET /session/416e0c1cc5e5391e8fcc7ee7b1fbe604/screenshot - {}
RESULT: {}
COMMAND: POST /session/416e0c1cc5e5391e8fcc7ee7b1fbe604/actions - {"actions":[{"id":"action2","type":"key","parameters":{},"actions":[{"type":"keyDown","value":"î€‡"},{"type":"pause","duration":10},{"type":"keyUp","value":"î€‡"}]}]}
RESULT: {"actions":[{"id":"action2","type":"key","parameters":{},"actions":[{"type":"keyDown","value":"î€‡"},{"type":"pause","duration":10},{"type":"keyUp","value":"î€‡"}]}]}
COMMAND: POST /session/416e0c1cc5e5391e8fcc7ee7b1fbe604/element - {"using":"xpath","value":"//td[contains(@id, \"assignmentsTable-0-cell2\")]/div/div"}
COMMAND: GET /session/416e0c1cc5e5391e8fcc7ee7b1fbe604/screenshot - {}
RESULT: {"using":"xpath","value":"//td[contains(@id, \"assignmentsTable-0-cell2\")]/div/div"}
COMMAND: POST /session/416e0c1cc5e5391e8fcc7ee7b1fbe604/element/f.50BABCFD8003DB92F28A6394CEE4B89A.d.41DCCE204DE6C0789B517C4533FA6D29.e.1523/click - {}
RESULT: {}
RESULT: {}
COMMAND: GET /session/416e0c1cc5e5391e8fcc7ee7b1fbe604/screenshot - {}
RESULT: {}
COMMAND: POST /session/416e0c1cc5e5391e8fcc7ee7b1fbe604/element - {"using":"xpath","value":"//button[@data-kt=\"saveButton\"]"}
RESULT: {"using":"xpath","value":"//button[@data-kt=\"saveButton\"]"}
COMMAND: POST /session/416e0c1cc5e5391e8fcc7ee7b1fbe604/element/f.50BABCFD8003DB92F28A6394CEE4B89A.d.41DCCE204DE6C0789B517C4533FA6D29.e.1472/click - {}
RESULT: {}
COMMAND: GET /session/416e0c1cc5e5391e8fcc7ee7b1fbe604/screenshot - {}
RESULT: {}
COMMAND: POST /session/416e0c1cc5e5391e8fcc7ee7b1fbe604/element - {"using":"xpath","value":"//header[contains(@id, 'ObjectPageLayout-headerTitle')]/div[1]/div[2]/div[2]/span[1]"}
RESULT: {"using":"xpath","value":"//header[contains(@id, 'ObjectPageLayout-headerTitle')]/div[1]/div[2]/div[2]/span[1]"}
COMMAND: POST /session/416e0c1cc5e5391e8fcc7ee7b1fbe604/elements - {"using":"xpath","value":"//header[contains(@id, 'ObjectPageLayout-headerTitle')]/div[1]/div[2]/div[2]/span[1]"}
RESULT: {"using":"xpath","value":"//header[contains(@id, 'ObjectPageLayout-headerTitle')]/div[1]/div[2]/div[2]/span[1]"}
COMMAND: POST /session/416e0c1cc5e5391e8fcc7ee7b1fbe604/execute/sync - {"script":"<script> [56 bytes]","args":[{"element-6066-11e4-a52e-4f735466cecf":"f.50BABCFD8003DB92F28A6394CEE4B89A.d.41DCCE204DE6C0789B517C4533FA6D29.e.1686","ELEMENT":"f.50BABCFD8003DB92F28A6394CEE4B89A.d.41DCCE204DE6C0789B517C4533FA6D29.e.1686"}]}
RESULT: {"script":"<script> [56 bytes]","args":[{"element-6066-11e4-a52e-4f735466cecf":"f.50BABCFD8003DB92F28A6394CEE4B89A.d.41DCCE204DE6C0789B517C4533FA6D29.e.1686","ELEMENT":"f.50BABCFD8003DB92F28A6394CEE4B89A.d.41DCCE204DE6C0789B517C4533FA6D29.e.1686"}]}
COMMAND: POST /session/416e0c1cc5e5391e8fcc7ee7b1fbe604/element - {"using":"css selector","value":"#shell-header-logo"}
COMMAND: GET /session/416e0c1cc5e5391e8fcc7ee7b1fbe604/screenshot - {}
RESULT: {"using":"css selector","value":"#shell-header-logo"}
COMMAND: POST /session/416e0c1cc5e5391e8fcc7ee7b1fbe604/element/f.50BABCFD8003DB92F28A6394CEE4B89A.d.41DCCE204DE6C0789B517C4533FA6D29.e.998/click - {}
RESULT: {}
RESULT: {}
COMMAND: GET /session/416e0c1cc5e5391e8fcc7ee7b1fbe604/screenshot - {}
RESULT: {}
COMMAND: POST /session/416e0c1cc5e5391e8fcc7ee7b1fbe604/execute/sync - {"script":"<script> [299 bytes]","args":[["getModel","getResource"]]}
RESULT: {"script":"<script> [299 bytes]","args":[["getModel","getResource"]]}
COMMAND: GET /session/416e0c1cc5e5391e8fcc7ee7b1fbe604/screenshot - {}
]]></system-out>
    </testcase>
    <testcase classname="chrome.135_0_7049_96.windows.Partner_specific_tests_US150819_US151080_US151654_US151176_US103444_US151078_US151079_US151109_US151174_US151175_US151189" name="Should filter and search partners US151080" time="99.941">
      <system-out><![CDATA[
COMMAND: POST /session/416e0c1cc5e5391e8fcc7ee7b1fbe604/element - {"using":"xpath","value":"//li[.//span[text()=\"Manage Partners\"]]"}
RESULT: {}
RESULT: {"using":"xpath","value":"//li[.//span[text()=\"Manage Partners\"]]"}
COMMAND: POST /session/416e0c1cc5e5391e8fcc7ee7b1fbe604/element - {"using":"xpath","value":"//li[.//span[text()=\"Manage Partners\"]]"}
RESULT: {"using":"xpath","value":"//li[.//span[text()=\"Manage Partners\"]]"}
COMMAND: POST /session/416e0c1cc5e5391e8fcc7ee7b1fbe604/element - {"using":"css selector","value":"#shell-header-logo"}
RESULT: {"using":"css selector","value":"#shell-header-logo"}
COMMAND: POST /session/416e0c1cc5e5391e8fcc7ee7b1fbe604/element/f.50BABCFD8003DB92F28A6394CEE4B89A.d.41DCCE204DE6C0789B517C4533FA6D29.e.1688/click - {}
COMMAND: POST /session/416e0c1cc5e5391e8fcc7ee7b1fbe604/execute/sync - {"script":"<script> [8489 bytes]","args":[{"element-6066-11e4-a52e-4f735466cecf":"f.50BABCFD8003DB92F28A6394CEE4B89A.d.41DCCE204DE6C0789B517C4533FA6D29.e.1688","ELEMENT":"f.50BABCFD8003DB92F28A6394CEE4B89A.d.41DCCE204DE6C0789B517C4533FA6D29.e.1688"}]}
RESULT: {"script":"<script> [8489 bytes]","args":[{"element-6066-11e4-a52e-4f735466cecf":"f.50BABCFD8003DB92F28A6394CEE4B89A.d.41DCCE204DE6C0789B517C4533FA6D29.e.1688","ELEMENT":"f.50BABCFD8003DB92F28A6394CEE4B89A.d.41DCCE204DE6C0789B517C4533FA6D29.e.1688"}]}
COMMAND: POST /session/416e0c1cc5e5391e8fcc7ee7b1fbe604/execute/sync - {"script":"<script> [5351 bytes]","args":[{"element-6066-11e4-a52e-4f735466cecf":"f.50BABCFD8003DB92F28A6394CEE4B89A.d.41DCCE204DE6C0789B517C4533FA6D29.e.1688","ELEMENT":"f.50BABCFD8003DB92F28A6394CEE4B89A.d.41DCCE204DE6C0789B517C4533FA6D29.e.1688"}]}
COMMAND: GET /session/416e0c1cc5e5391e8fcc7ee7b1fbe604/screenshot - {}
RESULT: {}
COMMAND: GET /session/416e0c1cc5e5391e8fcc7ee7b1fbe604/screenshot - {}
RESULT: {"script":"<script> [5351 bytes]","args":[{"element-6066-11e4-a52e-4f735466cecf":"f.50BABCFD8003DB92F28A6394CEE4B89A.d.41DCCE204DE6C0789B517C4533FA6D29.e.1688","ELEMENT":"f.50BABCFD8003DB92F28A6394CEE4B89A.d.41DCCE204DE6C0789B517C4533FA6D29.e.1688"}]}
COMMAND: GET /session/416e0c1cc5e5391e8fcc7ee7b1fbe604/screenshot - {}
RESULT: {}
RESULT: {}
RESULT: {}
RESULT: undefined
COMMAND: POST /session/416e0c1cc5e5391e8fcc7ee7b1fbe604/element - {"using":"xpath","value":"//*[@id=\"__tile38\"]"}
RESULT: {"using":"xpath","value":"//*[@id=\"__tile38\"]"}
COMMAND: POST /session/416e0c1cc5e5391e8fcc7ee7b1fbe604/element/f.50BABCFD8003DB92F28A6394CEE4B89A.d.41DCCE204DE6C0789B517C4533FA6D29.e.147/click - {}
RESULT: {}
COMMAND: POST /session/416e0c1cc5e5391e8fcc7ee7b1fbe604/element - {"using":"xpath","value":"//button[@data-kt=\"addButton\"]"}
COMMAND: GET /session/416e0c1cc5e5391e8fcc7ee7b1fbe604/screenshot - {}
RESULT: {"using":"xpath","value":"//button[@data-kt=\"addButton\"]"}
COMMAND: POST /session/416e0c1cc5e5391e8fcc7ee7b1fbe604/elements - {"using":"xpath","value":"//button[@data-kt=\"addButton\"]"}
RESULT: {}
RESULT: {"using":"xpath","value":"//button[@data-kt=\"addButton\"]"}
COMMAND: POST /session/416e0c1cc5e5391e8fcc7ee7b1fbe604/execute/sync - {"script":"<script> [8489 bytes]","args":[{"element-6066-11e4-a52e-4f735466cecf":"f.50BABCFD8003DB92F28A6394CEE4B89A.d.41DCCE204DE6C0789B517C4533FA6D29.e.1832","ELEMENT":"f.50BABCFD8003DB92F28A6394CEE4B89A.d.41DCCE204DE6C0789B517C4533FA6D29.e.1832"}]}
RESULT: {"script":"<script> [8489 bytes]","args":[{"element-6066-11e4-a52e-4f735466cecf":"f.50BABCFD8003DB92F28A6394CEE4B89A.d.41DCCE204DE6C0789B517C4533FA6D29.e.1832","ELEMENT":"f.50BABCFD8003DB92F28A6394CEE4B89A.d.41DCCE204DE6C0789B517C4533FA6D29.e.1832"}]}
COMMAND: GET /session/416e0c1cc5e5391e8fcc7ee7b1fbe604/element/f.50BABCFD8003DB92F28A6394CEE4B89A.d.41DCCE204DE6C0789B517C4533FA6D29.e.1832/enabled - {}
COMMAND: GET /session/416e0c1cc5e5391e8fcc7ee7b1fbe604/screenshot - {}
RESULT: {}
COMMAND: POST /session/416e0c1cc5e5391e8fcc7ee7b1fbe604/execute/sync - {"script":"<script> [8489 bytes]","args":[{"element-6066-11e4-a52e-4f735466cecf":"f.50BABCFD8003DB92F28A6394CEE4B89A.d.41DCCE204DE6C0789B517C4533FA6D29.e.1832","ELEMENT":"f.50BABCFD8003DB92F28A6394CEE4B89A.d.41DCCE204DE6C0789B517C4533FA6D29.e.1832"}]}
COMMAND: GET /session/416e0c1cc5e5391e8fcc7ee7b1fbe604/screenshot - {}
RESULT: {}
RESULT: {"script":"<script> [8489 bytes]","args":[{"element-6066-11e4-a52e-4f735466cecf":"f.50BABCFD8003DB92F28A6394CEE4B89A.d.41DCCE204DE6C0789B517C4533FA6D29.e.1832","ELEMENT":"f.50BABCFD8003DB92F28A6394CEE4B89A.d.41DCCE204DE6C0789B517C4533FA6D29.e.1832"}]}
COMMAND: POST /session/416e0c1cc5e5391e8fcc7ee7b1fbe604/execute/sync - {"script":"<script> [5351 bytes]","args":[{"element-6066-11e4-a52e-4f735466cecf":"f.50BABCFD8003DB92F28A6394CEE4B89A.d.41DCCE204DE6C0789B517C4533FA6D29.e.1832","ELEMENT":"f.50BABCFD8003DB92F28A6394CEE4B89A.d.41DCCE204DE6C0789B517C4533FA6D29.e.1832"}]}
COMMAND: GET /session/416e0c1cc5e5391e8fcc7ee7b1fbe604/screenshot - {}
RESULT: {}
RESULT: {"script":"<script> [5351 bytes]","args":[{"element-6066-11e4-a52e-4f735466cecf":"f.50BABCFD8003DB92F28A6394CEE4B89A.d.41DCCE204DE6C0789B517C4533FA6D29.e.1832","ELEMENT":"f.50BABCFD8003DB92F28A6394CEE4B89A.d.41DCCE204DE6C0789B517C4533FA6D29.e.1832"}]}
COMMAND: GET /session/416e0c1cc5e5391e8fcc7ee7b1fbe604/screenshot - {}
RESULT: {}
RESULT: {}
COMMAND: POST /session/416e0c1cc5e5391e8fcc7ee7b1fbe604/execute/async - {"script":"<script> [1562 bytes]","args":[{"selector":{"id":"application-managepartners-display-component---masterPtm--smartTable-btnPersonalisation-img"},"wdio_ui5_key":"applicationmanagepartners-display-component---masterPtm--smartTable-btnPersonalisation-img"}]}
RESULT: {"script":"<script> [1562 bytes]","args":[{"selector":{"id":"application-managepartners-display-component---masterPtm--smartTable-btnPersonalisation-img"},"wdio_ui5_key":"applicationmanagepartners-display-component---masterPtm--smartTable-btnPersonalisation-img"}]}
RESULT: undefined
COMMAND: POST /session/416e0c1cc5e5391e8fcc7ee7b1fbe604/element - {"using":"xpath","value":"//*[@id=\"application-managepartners-display-component---masterPtm--smartTable-btnPersonalisation-img\"]"}
RESULT: {"using":"xpath","value":"//*[@id=\"application-managepartners-display-component---masterPtm--smartTable-btnPersonalisation-img\"]"}
COMMAND: POST /session/416e0c1cc5e5391e8fcc7ee7b1fbe604/element/f.50BABCFD8003DB92F28A6394CEE4B89A.d.41DCCE204DE6C0789B517C4533FA6D29.e.1837/click - {}
RESULT: {}
COMMAND: GET /session/416e0c1cc5e5391e8fcc7ee7b1fbe604/screenshot - {}
RESULT: {}
COMMAND: POST /session/416e0c1cc5e5391e8fcc7ee7b1fbe604/execute/async - {"script":"<script> [1562 bytes]","args":[{"selector":{"controlType":"sap.m.IconTabFilter","viewName":"etm.portal.ui.managepartners.view.Master","viewId":"application-managepartners-display-component---masterPtm","properties":{"text":"Sort"},"searchOpenDialogs":true,"interaction":{"idSuffix":"text"}},"wdio_ui5_key":"etmportal.ui.managepartners.view.Mastersap.m.IconTabFilter{\"text\":\"Sort\"}"}]}
RESULT: {"script":"<script> [1562 bytes]","args":[{"selector":{"controlType":"sap.m.IconTabFilter","viewName":"etm.portal.ui.managepartners.view.Master","viewId":"application-managepartners-display-component---masterPtm","properties":{"text":"Sort"},"searchOpenDialogs":true,"interaction":{"idSuffix":"text"}},"wdio_ui5_key":"etmportal.ui.managepartners.view.Mastersap.m.IconTabFilter{\"text\":\"Sort\"}"}]}
RESULT: undefined
COMMAND: POST /session/416e0c1cc5e5391e8fcc7ee7b1fbe604/element - {"using":"xpath","value":"//*[@id=\"__filter1\"]"}
RESULT: {"using":"xpath","value":"//*[@id=\"__filter1\"]"}
COMMAND: POST /session/416e0c1cc5e5391e8fcc7ee7b1fbe604/element/f.50BABCFD8003DB92F28A6394CEE4B89A.d.41DCCE204DE6C0789B517C4533FA6D29.e.1878/click - {}
RESULT: {}
COMMAND: GET /session/416e0c1cc5e5391e8fcc7ee7b1fbe604/screenshot - {}
RESULT: {}
COMMAND: POST /session/416e0c1cc5e5391e8fcc7ee7b1fbe604/element - {"using":"xpath","value":"//input[@placeholder=\"Sort by\"]/following-sibling::div//span"}
RESULT: {"using":"xpath","value":"//input[@placeholder=\"Sort by\"]/following-sibling::div//span"}
COMMAND: POST /session/416e0c1cc5e5391e8fcc7ee7b1fbe604/element/f.50BABCFD8003DB92F28A6394CEE4B89A.d.41DCCE204DE6C0789B517C4533FA6D29.e.1880/click - {}
RESULT: {}
COMMAND: GET /session/416e0c1cc5e5391e8fcc7ee7b1fbe604/screenshot - {}
RESULT: {}
COMMAND: POST /session/416e0c1cc5e5391e8fcc7ee7b1fbe604/element - {"using":"xpath","value":"//li[.//span[text()=\"Language\"]]"}
RESULT: {"using":"xpath","value":"//li[.//span[text()=\"Language\"]]"}
COMMAND: POST /session/416e0c1cc5e5391e8fcc7ee7b1fbe604/element/f.50BABCFD8003DB92F28A6394CEE4B89A.d.41DCCE204DE6C0789B517C4533FA6D29.e.1881/click - {}
RESULT: {}
COMMAND: GET /session/416e0c1cc5e5391e8fcc7ee7b1fbe604/screenshot - {}
RESULT: {}
COMMAND: POST /session/416e0c1cc5e5391e8fcc7ee7b1fbe604/element - {"using":"xpath","value":"//bdi[contains(text(), \"OK\")]"}
RESULT: {"using":"xpath","value":"//bdi[contains(text(), \"OK\")]"}
COMMAND: POST /session/416e0c1cc5e5391e8fcc7ee7b1fbe604/element/f.50BABCFD8003DB92F28A6394CEE4B89A.d.41DCCE204DE6C0789B517C4533FA6D29.e.1885/click - {}
RESULT: {}
COMMAND: GET /session/416e0c1cc5e5391e8fcc7ee7b1fbe604/screenshot - {}
RESULT: {}
COMMAND: POST /session/416e0c1cc5e5391e8fcc7ee7b1fbe604/element - {"using":"xpath","value":"//table[contains(@id, \"customPartnersTable\")]//tbody/tr[1]/td[3]/span"}
RESULT: {"using":"xpath","value":"//table[contains(@id, \"customPartnersTable\")]//tbody/tr[1]/td[3]/span"}
COMMAND: POST /session/416e0c1cc5e5391e8fcc7ee7b1fbe604/execute/sync - {"script":"<script> [56 bytes]","args":[{"element-6066-11e4-a52e-4f735466cecf":"f.50BABCFD8003DB92F28A6394CEE4B89A.d.41DCCE204DE6C0789B517C4533FA6D29.e.2010","ELEMENT":"f.50BABCFD8003DB92F28A6394CEE4B89A.d.41DCCE204DE6C0789B517C4533FA6D29.e.2010"}]}
RESULT: {"script":"<script> [56 bytes]","args":[{"element-6066-11e4-a52e-4f735466cecf":"f.50BABCFD8003DB92F28A6394CEE4B89A.d.41DCCE204DE6C0789B517C4533FA6D29.e.2010","ELEMENT":"f.50BABCFD8003DB92F28A6394CEE4B89A.d.41DCCE204DE6C0789B517C4533FA6D29.e.2010"}]}
RESULT: undefined
COMMAND: POST /session/416e0c1cc5e5391e8fcc7ee7b1fbe604/element - {"using":"xpath","value":"//*[@id=\"application-managepartners-display-component---masterPtm--smartTable-btnPersonalisation-img\"]"}
COMMAND: GET /session/416e0c1cc5e5391e8fcc7ee7b1fbe604/screenshot - {}
RESULT: {"using":"xpath","value":"//*[@id=\"application-managepartners-display-component---masterPtm--smartTable-btnPersonalisation-img\"]"}
COMMAND: POST /session/416e0c1cc5e5391e8fcc7ee7b1fbe604/element/f.50BABCFD8003DB92F28A6394CEE4B89A.d.41DCCE204DE6C0789B517C4533FA6D29.e.1837/click - {}
RESULT: {}
RESULT: {}
COMMAND: GET /session/416e0c1cc5e5391e8fcc7ee7b1fbe604/screenshot - {}
RESULT: {}
COMMAND: POST /session/416e0c1cc5e5391e8fcc7ee7b1fbe604/element - {"using":"xpath","value":"//bdi[contains(text(), \"Reset\")]"}
RESULT: {"using":"xpath","value":"//bdi[contains(text(), \"Reset\")]"}
COMMAND: POST /session/416e0c1cc5e5391e8fcc7ee7b1fbe604/element/f.50BABCFD8003DB92F28A6394CEE4B89A.d.41DCCE204DE6C0789B517C4533FA6D29.e.2015/click - {}
RESULT: {}
COMMAND: GET /session/416e0c1cc5e5391e8fcc7ee7b1fbe604/screenshot - {}
RESULT: {}
COMMAND: POST /session/416e0c1cc5e5391e8fcc7ee7b1fbe604/element - {"using":"xpath","value":"(//bdi[contains(text(), \"OK\")])[2]"}
RESULT: {"using":"xpath","value":"(//bdi[contains(text(), \"OK\")])[2]"}
COMMAND: POST /session/416e0c1cc5e5391e8fcc7ee7b1fbe604/element/f.50BABCFD8003DB92F28A6394CEE4B89A.d.41DCCE204DE6C0789B517C4533FA6D29.e.2017/click - {}
RESULT: {}
COMMAND: GET /session/416e0c1cc5e5391e8fcc7ee7b1fbe604/screenshot - {}
RESULT: {}
COMMAND: POST /session/416e0c1cc5e5391e8fcc7ee7b1fbe604/element - {"using":"xpath","value":"//bdi[contains(text(), \"OK\")]"}
RESULT: {"using":"xpath","value":"//bdi[contains(text(), \"OK\")]"}
COMMAND: POST /session/416e0c1cc5e5391e8fcc7ee7b1fbe604/element/f.50BABCFD8003DB92F28A6394CEE4B89A.d.41DCCE204DE6C0789B517C4533FA6D29.e.2069/click - {}
RESULT: {}
COMMAND: GET /session/416e0c1cc5e5391e8fcc7ee7b1fbe604/screenshot - {}
RESULT: {}
COMMAND: POST /session/416e0c1cc5e5391e8fcc7ee7b1fbe604/element - {"using":"xpath","value":"//table[contains(@id, \"customPartnersTable\")]//tbody/tr[1]/td[3]/span"}
RESULT: {"using":"xpath","value":"//table[contains(@id, \"customPartnersTable\")]//tbody/tr[1]/td[3]/span"}
COMMAND: POST /session/416e0c1cc5e5391e8fcc7ee7b1fbe604/execute/sync - {"script":"<script> [56 bytes]","args":[{"element-6066-11e4-a52e-4f735466cecf":"f.50BABCFD8003DB92F28A6394CEE4B89A.d.41DCCE204DE6C0789B517C4533FA6D29.e.2071","ELEMENT":"f.50BABCFD8003DB92F28A6394CEE4B89A.d.41DCCE204DE6C0789B517C4533FA6D29.e.2071"}]}
RESULT: {"script":"<script> [56 bytes]","args":[{"element-6066-11e4-a52e-4f735466cecf":"f.50BABCFD8003DB92F28A6394CEE4B89A.d.41DCCE204DE6C0789B517C4533FA6D29.e.2071","ELEMENT":"f.50BABCFD8003DB92F28A6394CEE4B89A.d.41DCCE204DE6C0789B517C4533FA6D29.e.2071"}]}
RESULT: undefined
COMMAND: POST /session/416e0c1cc5e5391e8fcc7ee7b1fbe604/element - {"using":"xpath","value":"//*[@id=\"application-managepartners-display-component---masterPtm--smartTable-btnPersonalisation-img\"]"}
COMMAND: GET /session/416e0c1cc5e5391e8fcc7ee7b1fbe604/screenshot - {}
RESULT: {"using":"xpath","value":"//*[@id=\"application-managepartners-display-component---masterPtm--smartTable-btnPersonalisation-img\"]"}
COMMAND: POST /session/416e0c1cc5e5391e8fcc7ee7b1fbe604/element/f.50BABCFD8003DB92F28A6394CEE4B89A.d.41DCCE204DE6C0789B517C4533FA6D29.e.1837/click - {}
RESULT: {}
RESULT: {}
COMMAND: GET /session/416e0c1cc5e5391e8fcc7ee7b1fbe604/screenshot - {}
RESULT: {}
COMMAND: POST /session/416e0c1cc5e5391e8fcc7ee7b1fbe604/execute/async - {"script":"<script> [1562 bytes]","args":[{"selector":{"controlType":"sap.m.IconTabFilter","viewName":"etm.portal.ui.managepartners.view.Master","viewId":"application-managepartners-display-component---masterPtm","properties":{"text":"Filter"},"searchOpenDialogs":true,"interaction":{"idSuffix":"text"}},"wdio_ui5_key":"etmportal.ui.managepartners.view.Mastersap.m.IconTabFilter{\"text\":\"Filter\"}"}]}
RESULT: {"script":"<script> [1562 bytes]","args":[{"selector":{"controlType":"sap.m.IconTabFilter","viewName":"etm.portal.ui.managepartners.view.Master","viewId":"application-managepartners-display-component---masterPtm","properties":{"text":"Filter"},"searchOpenDialogs":true,"interaction":{"idSuffix":"text"}},"wdio_ui5_key":"etmportal.ui.managepartners.view.Mastersap.m.IconTabFilter{\"text\":\"Filter\"}"}]}
RESULT: undefined
COMMAND: POST /session/416e0c1cc5e5391e8fcc7ee7b1fbe604/element - {"using":"xpath","value":"//*[@id=\"__filter10\"]"}
RESULT: {"using":"xpath","value":"//*[@id=\"__filter10\"]"}
COMMAND: POST /session/416e0c1cc5e5391e8fcc7ee7b1fbe604/element/f.50BABCFD8003DB92F28A6394CEE4B89A.d.41DCCE204DE6C0789B517C4533FA6D29.e.2076/click - {}
RESULT: {}
COMMAND: GET /session/416e0c1cc5e5391e8fcc7ee7b1fbe604/screenshot - {}
RESULT: {}
COMMAND: POST /session/416e0c1cc5e5391e8fcc7ee7b1fbe604/element - {"using":"xpath","value":"//input[@placeholder=\"Filter by\"]/following-sibling::div//span"}
RESULT: {"using":"xpath","value":"//input[@placeholder=\"Filter by\"]/following-sibling::div//span"}
COMMAND: POST /session/416e0c1cc5e5391e8fcc7ee7b1fbe604/element/f.50BABCFD8003DB92F28A6394CEE4B89A.d.41DCCE204DE6C0789B517C4533FA6D29.e.2078/click - {}
RESULT: {}
COMMAND: GET /session/416e0c1cc5e5391e8fcc7ee7b1fbe604/screenshot - {}
RESULT: {}
COMMAND: POST /session/416e0c1cc5e5391e8fcc7ee7b1fbe604/element - {"using":"xpath","value":"//li[.//span[text()=\"Preferred Yard\"]]"}
RESULT: {"using":"xpath","value":"//li[.//span[text()=\"Preferred Yard\"]]"}
COMMAND: POST /session/416e0c1cc5e5391e8fcc7ee7b1fbe604/element/f.50BABCFD8003DB92F28A6394CEE4B89A.d.41DCCE204DE6C0789B517C4533FA6D29.e.2079/click - {}
RESULT: {}
COMMAND: GET /session/416e0c1cc5e5391e8fcc7ee7b1fbe604/screenshot - {}
RESULT: {}
COMMAND: POST /session/416e0c1cc5e5391e8fcc7ee7b1fbe604/execute/async - {"script":"<script> [1562 bytes]","args":[{"selector":{"id":"FilterPanel-filterItemControl_BASIC-application-managepartners-display-component---masterPtm--smartTable-YARDYARD-vhi","searchOpenDialogs":true},"wdio_ui5_key":"FilterPanelfilterItemControl_BASIC-application-managepartners-display-component---masterPtm--smartTable-YARDYARD-vhi"}]}
RESULT: {"script":"<script> [1562 bytes]","args":[{"selector":{"id":"FilterPanel-filterItemControl_BASIC-application-managepartners-display-component---masterPtm--smartTable-YARDYARD-vhi","searchOpenDialogs":true},"wdio_ui5_key":"FilterPanelfilterItemControl_BASIC-application-managepartners-display-component---masterPtm--smartTable-YARDYARD-vhi"}]}
RESULT: undefined
COMMAND: POST /session/416e0c1cc5e5391e8fcc7ee7b1fbe604/element - {"using":"xpath","value":"//*[@id=\"FilterPanel-filterItemControl_BASIC-application-managepartners-display-component---masterPtm--smartTable-YARDYARD-vhi\"]"}
RESULT: {"using":"xpath","value":"//*[@id=\"FilterPanel-filterItemControl_BASIC-application-managepartners-display-component---masterPtm--smartTable-YARDYARD-vhi\"]"}
COMMAND: POST /session/416e0c1cc5e5391e8fcc7ee7b1fbe604/element/f.50BABCFD8003DB92F28A6394CEE4B89A.d.41DCCE204DE6C0789B517C4533FA6D29.e.2082/click - {}
RESULT: {}
COMMAND: GET /session/416e0c1cc5e5391e8fcc7ee7b1fbe604/screenshot - {}
RESULT: {}
COMMAND: POST /session/416e0c1cc5e5391e8fcc7ee7b1fbe604/execute/async - {"script":"<script> [1562 bytes]","args":[{"selector":{"id":"FilterPanel-filterItemControl_BASIC-application-managepartners-display-component---masterPtm--smartTable-YARDYARD-valueHelpDialog-smartFilterBar-btnBasicSearch","searchOpenDialogs":true,"interaction":{"idSuffix":"I"}},"wdio_ui5_key":"FilterPanelfilterItemControl_BASIC-application-managepartners-display-component---masterPtm--smartTable-YARDYARD-valueHelpDialog-smartFilterBar-btnBasicSearch"}]}
RESULT: {"script":"<script> [1562 bytes]","args":[{"selector":{"id":"FilterPanel-filterItemControl_BASIC-application-managepartners-display-component---masterPtm--smartTable-YARDYARD-valueHelpDialog-smartFilterBar-btnBasicSearch","searchOpenDialogs":true,"interaction":{"idSuffix":"I"}},"wdio_ui5_key":"FilterPanelfilterItemControl_BASIC-application-managepartners-display-component---masterPtm--smartTable-YARDYARD-valueHelpDialog-smartFilterBar-btnBasicSearch"}]}
RESULT: undefined
COMMAND: POST /session/416e0c1cc5e5391e8fcc7ee7b1fbe604/execute/async - {"script":"<script> [776 bytes]","args":[{"enterText":"370","selector":{"id":"FilterPanel-filterItemControl_BASIC-application-managepartners-display-component---masterPtm--smartTable-YARDYARD-valueHelpDialog-smartFilterBar-btnBasicSearch","searchOpenDialogs":true,"interaction":{"idSuffix":"I"}},"clearTextFirst":true,"interactionType":"ENTER_TEXT"}]}
RESULT: {"script":"<script> [776 bytes]","args":[{"enterText":"370","selector":{"id":"FilterPanel-filterItemControl_BASIC-application-managepartners-display-component---masterPtm--smartTable-YARDYARD-valueHelpDialog-smartFilterBar-btnBasicSearch","searchOpenDialogs":true,"interaction":{"idSuffix":"I"}},"clearTextFirst":true,"interactionType":"ENTER_TEXT"}]}
COMMAND: POST /session/416e0c1cc5e5391e8fcc7ee7b1fbe604/actions - {"actions":[{"id":"action3","type":"key","parameters":{},"actions":[{"type":"keyDown","value":"î€‡"},{"type":"pause","duration":10},{"type":"keyUp","value":"î€‡"}]}]}
RESULT: {"actions":[{"id":"action3","type":"key","parameters":{},"actions":[{"type":"keyDown","value":"î€‡"},{"type":"pause","duration":10},{"type":"keyUp","value":"î€‡"}]}]}
COMMAND: GET /session/416e0c1cc5e5391e8fcc7ee7b1fbe604/screenshot - {}
RESULT: {}
COMMAND: POST /session/416e0c1cc5e5391e8fcc7ee7b1fbe604/elements - {"using":"xpath","value":"//table[contains(@id, \"smartTable-YARDYARD-valueHelpDialog-table-table\")]/tbody/tr"}
RESULT: {"using":"xpath","value":"//table[contains(@id, \"smartTable-YARDYARD-valueHelpDialog-table-table\")]/tbody/tr"}
COMMAND: POST /session/416e0c1cc5e5391e8fcc7ee7b1fbe604/element - {"using":"xpath","value":"//table[contains(@id, \"smartTable-YARDYARD-valueHelpDialog-table-table\")]/tbody/tr[1]/td[1]/div/span"}
RESULT: {"using":"xpath","value":"//table[contains(@id, \"smartTable-YARDYARD-valueHelpDialog-table-table\")]/tbody/tr[1]/td[1]/div/span"}
COMMAND: POST /session/416e0c1cc5e5391e8fcc7ee7b1fbe604/elements - {"using":"xpath","value":"//table[contains(@id, \"smartTable-YARDYARD-valueHelpDialog-table-table\")]/tbody/tr[1]/td[1]/div/span"}
RESULT: {"using":"xpath","value":"//table[contains(@id, \"smartTable-YARDYARD-valueHelpDialog-table-table\")]/tbody/tr[1]/td[1]/div/span"}
COMMAND: POST /session/416e0c1cc5e5391e8fcc7ee7b1fbe604/execute/sync - {"script":"<script> [56 bytes]","args":[{"element-6066-11e4-a52e-4f735466cecf":"f.50BABCFD8003DB92F28A6394CEE4B89A.d.41DCCE204DE6C0789B517C4533FA6D29.e.2101","ELEMENT":"f.50BABCFD8003DB92F28A6394CEE4B89A.d.41DCCE204DE6C0789B517C4533FA6D29.e.2101"}]}
RESULT: {"script":"<script> [56 bytes]","args":[{"element-6066-11e4-a52e-4f735466cecf":"f.50BABCFD8003DB92F28A6394CEE4B89A.d.41DCCE204DE6C0789B517C4533FA6D29.e.2101","ELEMENT":"f.50BABCFD8003DB92F28A6394CEE4B89A.d.41DCCE204DE6C0789B517C4533FA6D29.e.2101"}]}
COMMAND: POST /session/416e0c1cc5e5391e8fcc7ee7b1fbe604/element - {"using":"xpath","value":"//table[contains(@id, \"smartTable-YARDYARD-valueHelpDialog-table-table\")]/tbody/tr[2]/td[1]/div/span"}
COMMAND: GET /session/416e0c1cc5e5391e8fcc7ee7b1fbe604/screenshot - {}
RESULT: {"using":"xpath","value":"//table[contains(@id, \"smartTable-YARDYARD-valueHelpDialog-table-table\")]/tbody/tr[2]/td[1]/div/span"}
COMMAND: POST /session/416e0c1cc5e5391e8fcc7ee7b1fbe604/elements - {"using":"xpath","value":"//table[contains(@id, \"smartTable-YARDYARD-valueHelpDialog-table-table\")]/tbody/tr[2]/td[1]/div/span"}
RESULT: {}
RESULT: {"using":"xpath","value":"//table[contains(@id, \"smartTable-YARDYARD-valueHelpDialog-table-table\")]/tbody/tr[2]/td[1]/div/span"}
COMMAND: POST /session/416e0c1cc5e5391e8fcc7ee7b1fbe604/execute/sync - {"script":"<script> [56 bytes]","args":[{"element-6066-11e4-a52e-4f735466cecf":"f.50BABCFD8003DB92F28A6394CEE4B89A.d.41DCCE204DE6C0789B517C4533FA6D29.e.2102","ELEMENT":"f.50BABCFD8003DB92F28A6394CEE4B89A.d.41DCCE204DE6C0789B517C4533FA6D29.e.2102"}]}
RESULT: {"script":"<script> [56 bytes]","args":[{"element-6066-11e4-a52e-4f735466cecf":"f.50BABCFD8003DB92F28A6394CEE4B89A.d.41DCCE204DE6C0789B517C4533FA6D29.e.2102","ELEMENT":"f.50BABCFD8003DB92F28A6394CEE4B89A.d.41DCCE204DE6C0789B517C4533FA6D29.e.2102"}]}
COMMAND: POST /session/416e0c1cc5e5391e8fcc7ee7b1fbe604/element - {"using":"xpath","value":"//div[contains(@id, \"YARDYARD-valueHelpDialog-table-rowsel1\")]"}
COMMAND: GET /session/416e0c1cc5e5391e8fcc7ee7b1fbe604/screenshot - {}
RESULT: {"using":"xpath","value":"//div[contains(@id, \"YARDYARD-valueHelpDialog-table-rowsel1\")]"}
COMMAND: POST /session/416e0c1cc5e5391e8fcc7ee7b1fbe604/element/f.50BABCFD8003DB92F28A6394CEE4B89A.d.41DCCE204DE6C0789B517C4533FA6D29.e.2103/click - {}
RESULT: {}
RESULT: {}
COMMAND: GET /session/416e0c1cc5e5391e8fcc7ee7b1fbe604/screenshot - {}
RESULT: {}
COMMAND: POST /session/416e0c1cc5e5391e8fcc7ee7b1fbe604/element - {"using":"xpath","value":"(//bdi[contains(text(), \"OK\")])[2]"}
RESULT: {"using":"xpath","value":"(//bdi[contains(text(), \"OK\")])[2]"}
COMMAND: POST /session/416e0c1cc5e5391e8fcc7ee7b1fbe604/element/f.50BABCFD8003DB92F28A6394CEE4B89A.d.41DCCE204DE6C0789B517C4533FA6D29.e.2105/click - {}
RESULT: {}
COMMAND: GET /session/416e0c1cc5e5391e8fcc7ee7b1fbe604/screenshot - {}
RESULT: {}
COMMAND: POST /session/416e0c1cc5e5391e8fcc7ee7b1fbe604/element - {"using":"xpath","value":"//bdi[contains(text(), \"OK\")]"}
RESULT: {"using":"xpath","value":"//bdi[contains(text(), \"OK\")]"}
COMMAND: POST /session/416e0c1cc5e5391e8fcc7ee7b1fbe604/element/f.50BABCFD8003DB92F28A6394CEE4B89A.d.41DCCE204DE6C0789B517C4533FA6D29.e.2108/click - {}
RESULT: {}
COMMAND: GET /session/416e0c1cc5e5391e8fcc7ee7b1fbe604/screenshot - {}
RESULT: {}
COMMAND: POST /session/416e0c1cc5e5391e8fcc7ee7b1fbe604/element - {"using":"xpath","value":"//table[contains(@id, \"customPartnersTable\")]//tbody/tr[1]/td[3]/span"}
RESULT: {"using":"xpath","value":"//table[contains(@id, \"customPartnersTable\")]//tbody/tr[1]/td[3]/span"}
COMMAND: POST /session/416e0c1cc5e5391e8fcc7ee7b1fbe604/execute/sync - {"script":"<script> [56 bytes]","args":[{"element-6066-11e4-a52e-4f735466cecf":"f.50BABCFD8003DB92F28A6394CEE4B89A.d.41DCCE204DE6C0789B517C4533FA6D29.e.2071","ELEMENT":"f.50BABCFD8003DB92F28A6394CEE4B89A.d.41DCCE204DE6C0789B517C4533FA6D29.e.2071"}]}
RESULT: {"script":"<script> [56 bytes]","args":[{"element-6066-11e4-a52e-4f735466cecf":"f.50BABCFD8003DB92F28A6394CEE4B89A.d.41DCCE204DE6C0789B517C4533FA6D29.e.2071","ELEMENT":"f.50BABCFD8003DB92F28A6394CEE4B89A.d.41DCCE204DE6C0789B517C4533FA6D29.e.2071"}]}
COMMAND: POST /session/416e0c1cc5e5391e8fcc7ee7b1fbe604/element - {"using":"css selector","value":"#shell-header-logo"}
COMMAND: GET /session/416e0c1cc5e5391e8fcc7ee7b1fbe604/screenshot - {}
RESULT: {"using":"css selector","value":"#shell-header-logo"}
COMMAND: POST /session/416e0c1cc5e5391e8fcc7ee7b1fbe604/element/f.50BABCFD8003DB92F28A6394CEE4B89A.d.41DCCE204DE6C0789B517C4533FA6D29.e.1688/click - {}
RESULT: {}
RESULT: {}
COMMAND: GET /session/416e0c1cc5e5391e8fcc7ee7b1fbe604/screenshot - {}
RESULT: {}
]]></system-out>
    </testcase>
    <testcase classname="chrome.135_0_7049_96.windows.Partner_specific_tests_US150819_US151080_US151654_US151176_US103444_US151078_US151079_US151109_US151174_US151175_US151189" name="Should deactivate the created partner in earlier step US151654" time="56.031">
      <system-out><![CDATA[
COMMAND: POST /session/416e0c1cc5e5391e8fcc7ee7b1fbe604/element - {"using":"xpath","value":"//li[.//span[text()=\"Manage Partners\"]]"}
RESULT: {"using":"xpath","value":"//li[.//span[text()=\"Manage Partners\"]]"}
COMMAND: POST /session/416e0c1cc5e5391e8fcc7ee7b1fbe604/element - {"using":"xpath","value":"//li[.//span[text()=\"Manage Partners\"]]"}
RESULT: {"using":"xpath","value":"//li[.//span[text()=\"Manage Partners\"]]"}
COMMAND: POST /session/416e0c1cc5e5391e8fcc7ee7b1fbe604/element - {"using":"css selector","value":"#shell-header-logo"}
RESULT: {"using":"css selector","value":"#shell-header-logo"}
COMMAND: POST /session/416e0c1cc5e5391e8fcc7ee7b1fbe604/element/f.50BABCFD8003DB92F28A6394CEE4B89A.d.41DCCE204DE6C0789B517C4533FA6D29.e.2158/click - {}
COMMAND: POST /session/416e0c1cc5e5391e8fcc7ee7b1fbe604/execute/sync - {"script":"<script> [8489 bytes]","args":[{"element-6066-11e4-a52e-4f735466cecf":"f.50BABCFD8003DB92F28A6394CEE4B89A.d.41DCCE204DE6C0789B517C4533FA6D29.e.2158","ELEMENT":"f.50BABCFD8003DB92F28A6394CEE4B89A.d.41DCCE204DE6C0789B517C4533FA6D29.e.2158"}]}
RESULT: {}
COMMAND: GET /session/416e0c1cc5e5391e8fcc7ee7b1fbe604/screenshot - {}
RESULT: {"script":"<script> [8489 bytes]","args":[{"element-6066-11e4-a52e-4f735466cecf":"f.50BABCFD8003DB92F28A6394CEE4B89A.d.41DCCE204DE6C0789B517C4533FA6D29.e.2158","ELEMENT":"f.50BABCFD8003DB92F28A6394CEE4B89A.d.41DCCE204DE6C0789B517C4533FA6D29.e.2158"}]}
COMMAND: POST /session/416e0c1cc5e5391e8fcc7ee7b1fbe604/execute/sync - {"script":"<script> [5351 bytes]","args":[{"element-6066-11e4-a52e-4f735466cecf":"f.50BABCFD8003DB92F28A6394CEE4B89A.d.41DCCE204DE6C0789B517C4533FA6D29.e.2158","ELEMENT":"f.50BABCFD8003DB92F28A6394CEE4B89A.d.41DCCE204DE6C0789B517C4533FA6D29.e.2158"}]}
COMMAND: GET /session/416e0c1cc5e5391e8fcc7ee7b1fbe604/screenshot - {}
RESULT: {}
RESULT: {"script":"<script> [5351 bytes]","args":[{"element-6066-11e4-a52e-4f735466cecf":"f.50BABCFD8003DB92F28A6394CEE4B89A.d.41DCCE204DE6C0789B517C4533FA6D29.e.2158","ELEMENT":"f.50BABCFD8003DB92F28A6394CEE4B89A.d.41DCCE204DE6C0789B517C4533FA6D29.e.2158"}]}
COMMAND: GET /session/416e0c1cc5e5391e8fcc7ee7b1fbe604/screenshot - {}
RESULT: {}
RESULT: {}
RESULT: undefined
COMMAND: POST /session/416e0c1cc5e5391e8fcc7ee7b1fbe604/element - {"using":"xpath","value":"//*[@id=\"__tile38\"]"}
RESULT: {"using":"xpath","value":"//*[@id=\"__tile38\"]"}
COMMAND: POST /session/416e0c1cc5e5391e8fcc7ee7b1fbe604/element/f.50BABCFD8003DB92F28A6394CEE4B89A.d.41DCCE204DE6C0789B517C4533FA6D29.e.147/click - {}
RESULT: {}
COMMAND: POST /session/416e0c1cc5e5391e8fcc7ee7b1fbe604/element - {"using":"xpath","value":"//button[@data-kt=\"addButton\"]"}
COMMAND: GET /session/416e0c1cc5e5391e8fcc7ee7b1fbe604/screenshot - {}
RESULT: {"using":"xpath","value":"//button[@data-kt=\"addButton\"]"}
COMMAND: POST /session/416e0c1cc5e5391e8fcc7ee7b1fbe604/elements - {"using":"xpath","value":"//button[@data-kt=\"addButton\"]"}
RESULT: {}
RESULT: {"using":"xpath","value":"//button[@data-kt=\"addButton\"]"}
COMMAND: POST /session/416e0c1cc5e5391e8fcc7ee7b1fbe604/element - {"using":"xpath","value":"//button[@data-kt=\"addButton\"]"}
RESULT: {"using":"xpath","value":"//button[@data-kt=\"addButton\"]"}
COMMAND: POST /session/416e0c1cc5e5391e8fcc7ee7b1fbe604/execute/sync - {"script":"<script> [8489 bytes]","args":[{"element-6066-11e4-a52e-4f735466cecf":"f.50BABCFD8003DB92F28A6394CEE4B89A.d.41DCCE204DE6C0789B517C4533FA6D29.e.2204","ELEMENT":"f.50BABCFD8003DB92F28A6394CEE4B89A.d.41DCCE204DE6C0789B517C4533FA6D29.e.2204"}]}
RESULT: {"script":"<script> [8489 bytes]","args":[{"element-6066-11e4-a52e-4f735466cecf":"f.50BABCFD8003DB92F28A6394CEE4B89A.d.41DCCE204DE6C0789B517C4533FA6D29.e.2204","ELEMENT":"f.50BABCFD8003DB92F28A6394CEE4B89A.d.41DCCE204DE6C0789B517C4533FA6D29.e.2204"}]}
COMMAND: GET /session/416e0c1cc5e5391e8fcc7ee7b1fbe604/element/f.50BABCFD8003DB92F28A6394CEE4B89A.d.41DCCE204DE6C0789B517C4533FA6D29.e.2204/enabled - {}
COMMAND: GET /session/416e0c1cc5e5391e8fcc7ee7b1fbe604/screenshot - {}
RESULT: {}
COMMAND: POST /session/416e0c1cc5e5391e8fcc7ee7b1fbe604/execute/sync - {"script":"<script> [8489 bytes]","args":[{"element-6066-11e4-a52e-4f735466cecf":"f.50BABCFD8003DB92F28A6394CEE4B89A.d.41DCCE204DE6C0789B517C4533FA6D29.e.2204","ELEMENT":"f.50BABCFD8003DB92F28A6394CEE4B89A.d.41DCCE204DE6C0789B517C4533FA6D29.e.2204"}]}
COMMAND: GET /session/416e0c1cc5e5391e8fcc7ee7b1fbe604/screenshot - {}
RESULT: {}
RESULT: {"script":"<script> [8489 bytes]","args":[{"element-6066-11e4-a52e-4f735466cecf":"f.50BABCFD8003DB92F28A6394CEE4B89A.d.41DCCE204DE6C0789B517C4533FA6D29.e.2204","ELEMENT":"f.50BABCFD8003DB92F28A6394CEE4B89A.d.41DCCE204DE6C0789B517C4533FA6D29.e.2204"}]}
COMMAND: POST /session/416e0c1cc5e5391e8fcc7ee7b1fbe604/execute/sync - {"script":"<script> [5351 bytes]","args":[{"element-6066-11e4-a52e-4f735466cecf":"f.50BABCFD8003DB92F28A6394CEE4B89A.d.41DCCE204DE6C0789B517C4533FA6D29.e.2204","ELEMENT":"f.50BABCFD8003DB92F28A6394CEE4B89A.d.41DCCE204DE6C0789B517C4533FA6D29.e.2204"}]}
COMMAND: GET /session/416e0c1cc5e5391e8fcc7ee7b1fbe604/screenshot - {}
RESULT: {}
RESULT: {"script":"<script> [5351 bytes]","args":[{"element-6066-11e4-a52e-4f735466cecf":"f.50BABCFD8003DB92F28A6394CEE4B89A.d.41DCCE204DE6C0789B517C4533FA6D29.e.2204","ELEMENT":"f.50BABCFD8003DB92F28A6394CEE4B89A.d.41DCCE204DE6C0789B517C4533FA6D29.e.2204"}]}
COMMAND: GET /session/416e0c1cc5e5391e8fcc7ee7b1fbe604/screenshot - {}
RESULT: {}
RESULT: {}
COMMAND: POST /session/416e0c1cc5e5391e8fcc7ee7b1fbe604/execute/async - {"script":"<script> [1562 bytes]","args":[{"selector":{"id":"application-managepartners-display-component---masterPtm--smartFilterBar-btnBasicSearch","interaction":{"idSuffix":"I"}},"wdio_ui5_key":"applicationmanagepartners-display-component---masterPtm--smartFilterBar-btnBasicSearch"}]}
RESULT: {"script":"<script> [1562 bytes]","args":[{"selector":{"id":"application-managepartners-display-component---masterPtm--smartFilterBar-btnBasicSearch","interaction":{"idSuffix":"I"}},"wdio_ui5_key":"applicationmanagepartners-display-component---masterPtm--smartFilterBar-btnBasicSearch"}]}
RESULT: undefined
COMMAND: POST /session/416e0c1cc5e5391e8fcc7ee7b1fbe604/execute/async - {"script":"<script> [776 bytes]","args":[{"enterText":"1239","selector":{"id":"application-managepartners-display-component---masterPtm--smartFilterBar-btnBasicSearch","interaction":{"idSuffix":"I"}},"clearTextFirst":true,"interactionType":"ENTER_TEXT"}]}
RESULT: {"script":"<script> [776 bytes]","args":[{"enterText":"1239","selector":{"id":"application-managepartners-display-component---masterPtm--smartFilterBar-btnBasicSearch","interaction":{"idSuffix":"I"}},"clearTextFirst":true,"interactionType":"ENTER_TEXT"}]}
COMMAND: POST /session/416e0c1cc5e5391e8fcc7ee7b1fbe604/actions - {"actions":[{"id":"action4","type":"key","parameters":{},"actions":[{"type":"keyDown","value":"î€‡"},{"type":"pause","duration":10},{"type":"keyUp","value":"î€‡"}]}]}
RESULT: {"actions":[{"id":"action4","type":"key","parameters":{},"actions":[{"type":"keyDown","value":"î€‡"},{"type":"pause","duration":10},{"type":"keyUp","value":"î€‡"}]}]}
COMMAND: GET /session/416e0c1cc5e5391e8fcc7ee7b1fbe604/screenshot - {}
RESULT: {}
COMMAND: POST /session/416e0c1cc5e5391e8fcc7ee7b1fbe604/elements - {"using":"xpath","value":"//table[contains(@id, \"customPartnersTable-listUl\")]/tbody/tr"}
RESULT: {"using":"xpath","value":"//table[contains(@id, \"customPartnersTable-listUl\")]/tbody/tr"}
COMMAND: POST /session/416e0c1cc5e5391e8fcc7ee7b1fbe604/element - {"using":"xpath","value":"//table[contains(@id, \"customPartnersTable-listUl\")]/tbody/tr[1]/td[3]/span"}
RESULT: {"using":"xpath","value":"//table[contains(@id, \"customPartnersTable-listUl\")]/tbody/tr[1]/td[3]/span"}
COMMAND: POST /session/416e0c1cc5e5391e8fcc7ee7b1fbe604/elements - {"using":"xpath","value":"//table[contains(@id, \"customPartnersTable-listUl\")]/tbody/tr[1]/td[3]/span"}
RESULT: {"using":"xpath","value":"//table[contains(@id, \"customPartnersTable-listUl\")]/tbody/tr[1]/td[3]/span"}
COMMAND: POST /session/416e0c1cc5e5391e8fcc7ee7b1fbe604/execute/sync - {"script":"<script> [56 bytes]","args":[{"element-6066-11e4-a52e-4f735466cecf":"f.50BABCFD8003DB92F28A6394CEE4B89A.d.41DCCE204DE6C0789B517C4533FA6D29.e.2340","ELEMENT":"f.50BABCFD8003DB92F28A6394CEE4B89A.d.41DCCE204DE6C0789B517C4533FA6D29.e.2340"}]}
RESULT: {"script":"<script> [56 bytes]","args":[{"element-6066-11e4-a52e-4f735466cecf":"f.50BABCFD8003DB92F28A6394CEE4B89A.d.41DCCE204DE6C0789B517C4533FA6D29.e.2340","ELEMENT":"f.50BABCFD8003DB92F28A6394CEE4B89A.d.41DCCE204DE6C0789B517C4533FA6D29.e.2340"}]}
COMMAND: POST /session/416e0c1cc5e5391e8fcc7ee7b1fbe604/element - {"using":"xpath","value":"//table[contains(@id, \"customPartnersTable-listUl\")]/tbody/tr[1]/td[7]/div/span"}
COMMAND: GET /session/416e0c1cc5e5391e8fcc7ee7b1fbe604/screenshot - {}
RESULT: {"using":"xpath","value":"//table[contains(@id, \"customPartnersTable-listUl\")]/tbody/tr[1]/td[7]/div/span"}
COMMAND: POST /session/416e0c1cc5e5391e8fcc7ee7b1fbe604/execute/sync - {"script":"<script> [56 bytes]","args":[{"element-6066-11e4-a52e-4f735466cecf":"f.50BABCFD8003DB92F28A6394CEE4B89A.d.41DCCE204DE6C0789B517C4533FA6D29.e.2341","ELEMENT":"f.50BABCFD8003DB92F28A6394CEE4B89A.d.41DCCE204DE6C0789B517C4533FA6D29.e.2341"}]}
RESULT: {}
RESULT: {"script":"<script> [56 bytes]","args":[{"element-6066-11e4-a52e-4f735466cecf":"f.50BABCFD8003DB92F28A6394CEE4B89A.d.41DCCE204DE6C0789B517C4533FA6D29.e.2341","ELEMENT":"f.50BABCFD8003DB92F28A6394CEE4B89A.d.41DCCE204DE6C0789B517C4533FA6D29.e.2341"}]}
COMMAND: POST /session/416e0c1cc5e5391e8fcc7ee7b1fbe604/element - {"using":"xpath","value":"//table[contains(@id, \"customPartnersTable-listUl\")]/tbody/tr[1]/td[2]/div/div"}
COMMAND: GET /session/416e0c1cc5e5391e8fcc7ee7b1fbe604/screenshot - {}
RESULT: {"using":"xpath","value":"//table[contains(@id, \"customPartnersTable-listUl\")]/tbody/tr[1]/td[2]/div/div"}
COMMAND: POST /session/416e0c1cc5e5391e8fcc7ee7b1fbe604/element/f.50BABCFD8003DB92F28A6394CEE4B89A.d.41DCCE204DE6C0789B517C4533FA6D29.e.2342/click - {}
RESULT: {}
RESULT: {}
COMMAND: GET /session/416e0c1cc5e5391e8fcc7ee7b1fbe604/screenshot - {}
RESULT: {}
COMMAND: POST /session/416e0c1cc5e5391e8fcc7ee7b1fbe604/element - {"using":"xpath","value":"//bdi[contains(text(), \"Deactivate\")]"}
RESULT: {"using":"xpath","value":"//bdi[contains(text(), \"Deactivate\")]"}
COMMAND: POST /session/416e0c1cc5e5391e8fcc7ee7b1fbe604/element/f.50BABCFD8003DB92F28A6394CEE4B89A.d.41DCCE204DE6C0789B517C4533FA6D29.e.2343/click - {}
RESULT: {}
COMMAND: GET /session/416e0c1cc5e5391e8fcc7ee7b1fbe604/screenshot - {}
RESULT: {}
COMMAND: POST /session/416e0c1cc5e5391e8fcc7ee7b1fbe604/element - {"using":"xpath","value":"//bdi[contains(text(), \"Yes\")]"}
RESULT: {"using":"xpath","value":"//bdi[contains(text(), \"Yes\")]"}
COMMAND: POST /session/416e0c1cc5e5391e8fcc7ee7b1fbe604/element/f.50BABCFD8003DB92F28A6394CEE4B89A.d.41DCCE204DE6C0789B517C4533FA6D29.e.2345/click - {}
RESULT: {}
COMMAND: GET /session/416e0c1cc5e5391e8fcc7ee7b1fbe604/screenshot - {}
RESULT: {}
COMMAND: POST /session/416e0c1cc5e5391e8fcc7ee7b1fbe604/element - {"using":"xpath","value":"//table[contains(@id, \"customPartnersTable-listUl\")]/tbody/tr[1]/td[7]/div/span"}
RESULT: {"using":"xpath","value":"//table[contains(@id, \"customPartnersTable-listUl\")]/tbody/tr[1]/td[7]/div/span"}
COMMAND: POST /session/416e0c1cc5e5391e8fcc7ee7b1fbe604/execute/sync - {"script":"<script> [56 bytes]","args":[{"element-6066-11e4-a52e-4f735466cecf":"f.50BABCFD8003DB92F28A6394CEE4B89A.d.41DCCE204DE6C0789B517C4533FA6D29.e.2341","ELEMENT":"f.50BABCFD8003DB92F28A6394CEE4B89A.d.41DCCE204DE6C0789B517C4533FA6D29.e.2341"}]}
RESULT: {"script":"<script> [56 bytes]","args":[{"element-6066-11e4-a52e-4f735466cecf":"f.50BABCFD8003DB92F28A6394CEE4B89A.d.41DCCE204DE6C0789B517C4533FA6D29.e.2341","ELEMENT":"f.50BABCFD8003DB92F28A6394CEE4B89A.d.41DCCE204DE6C0789B517C4533FA6D29.e.2341"}]}
COMMAND: GET /session/416e0c1cc5e5391e8fcc7ee7b1fbe604/screenshot - {}
RESULT: {}
COMMAND: POST /session/416e0c1cc5e5391e8fcc7ee7b1fbe604/element - {"using":"css selector","value":"#shell-header-logo"}
RESULT: {"using":"css selector","value":"#shell-header-logo"}
COMMAND: POST /session/416e0c1cc5e5391e8fcc7ee7b1fbe604/element/f.50BABCFD8003DB92F28A6394CEE4B89A.d.41DCCE204DE6C0789B517C4533FA6D29.e.2158/click - {}
RESULT: {}
COMMAND: GET /session/416e0c1cc5e5391e8fcc7ee7b1fbe604/screenshot - {}
RESULT: {}
]]></system-out>
    </testcase>
    <testcase classname="chrome.135_0_7049_96.windows.Partner_specific_tests_US150819_US151080_US151654_US151176_US103444_US151078_US151079_US151109_US151174_US151175_US151189" name="Should activate the created partner again US151176" time="57.663">
      <system-out><![CDATA[
COMMAND: POST /session/416e0c1cc5e5391e8fcc7ee7b1fbe604/element - {"using":"xpath","value":"//li[.//span[text()=\"Manage Partners\"]]"}
RESULT: {"using":"xpath","value":"//li[.//span[text()=\"Manage Partners\"]]"}
COMMAND: POST /session/416e0c1cc5e5391e8fcc7ee7b1fbe604/element - {"using":"xpath","value":"//li[.//span[text()=\"Manage Partners\"]]"}
RESULT: {"using":"xpath","value":"//li[.//span[text()=\"Manage Partners\"]]"}
COMMAND: POST /session/416e0c1cc5e5391e8fcc7ee7b1fbe604/element - {"using":"css selector","value":"#shell-header-logo"}
RESULT: {"using":"css selector","value":"#shell-header-logo"}
COMMAND: POST /session/416e0c1cc5e5391e8fcc7ee7b1fbe604/element/f.50BABCFD8003DB92F28A6394CEE4B89A.d.41DCCE204DE6C0789B517C4533FA6D29.e.2349/click - {}
COMMAND: POST /session/416e0c1cc5e5391e8fcc7ee7b1fbe604/execute/sync - {"script":"<script> [8489 bytes]","args":[{"element-6066-11e4-a52e-4f735466cecf":"f.50BABCFD8003DB92F28A6394CEE4B89A.d.41DCCE204DE6C0789B517C4533FA6D29.e.2349","ELEMENT":"f.50BABCFD8003DB92F28A6394CEE4B89A.d.41DCCE204DE6C0789B517C4533FA6D29.e.2349"}]}
RESULT: {}
COMMAND: GET /session/416e0c1cc5e5391e8fcc7ee7b1fbe604/screenshot - {}
RESULT: {"script":"<script> [8489 bytes]","args":[{"element-6066-11e4-a52e-4f735466cecf":"f.50BABCFD8003DB92F28A6394CEE4B89A.d.41DCCE204DE6C0789B517C4533FA6D29.e.2349","ELEMENT":"f.50BABCFD8003DB92F28A6394CEE4B89A.d.41DCCE204DE6C0789B517C4533FA6D29.e.2349"}]}
COMMAND: POST /session/416e0c1cc5e5391e8fcc7ee7b1fbe604/execute/sync - {"script":"<script> [5351 bytes]","args":[{"element-6066-11e4-a52e-4f735466cecf":"f.50BABCFD8003DB92F28A6394CEE4B89A.d.41DCCE204DE6C0789B517C4533FA6D29.e.2349","ELEMENT":"f.50BABCFD8003DB92F28A6394CEE4B89A.d.41DCCE204DE6C0789B517C4533FA6D29.e.2349"}]}
COMMAND: GET /session/416e0c1cc5e5391e8fcc7ee7b1fbe604/screenshot - {}
RESULT: {}
RESULT: {"script":"<script> [5351 bytes]","args":[{"element-6066-11e4-a52e-4f735466cecf":"f.50BABCFD8003DB92F28A6394CEE4B89A.d.41DCCE204DE6C0789B517C4533FA6D29.e.2349","ELEMENT":"f.50BABCFD8003DB92F28A6394CEE4B89A.d.41DCCE204DE6C0789B517C4533FA6D29.e.2349"}]}
COMMAND: GET /session/416e0c1cc5e5391e8fcc7ee7b1fbe604/screenshot - {}
RESULT: {}
RESULT: {}
RESULT: undefined
COMMAND: POST /session/416e0c1cc5e5391e8fcc7ee7b1fbe604/element - {"using":"xpath","value":"//*[@id=\"__tile38\"]"}
RESULT: {"using":"xpath","value":"//*[@id=\"__tile38\"]"}
COMMAND: POST /session/416e0c1cc5e5391e8fcc7ee7b1fbe604/element/f.50BABCFD8003DB92F28A6394CEE4B89A.d.41DCCE204DE6C0789B517C4533FA6D29.e.147/click - {}
RESULT: {}
COMMAND: POST /session/416e0c1cc5e5391e8fcc7ee7b1fbe604/element - {"using":"xpath","value":"//button[@data-kt=\"addButton\"]"}
COMMAND: GET /session/416e0c1cc5e5391e8fcc7ee7b1fbe604/screenshot - {}
RESULT: {"using":"xpath","value":"//button[@data-kt=\"addButton\"]"}
COMMAND: POST /session/416e0c1cc5e5391e8fcc7ee7b1fbe604/elements - {"using":"xpath","value":"//button[@data-kt=\"addButton\"]"}
RESULT: {}
RESULT: {"using":"xpath","value":"//button[@data-kt=\"addButton\"]"}
COMMAND: POST /session/416e0c1cc5e5391e8fcc7ee7b1fbe604/execute/sync - {"script":"<script> [8489 bytes]","args":[{"element-6066-11e4-a52e-4f735466cecf":"f.50BABCFD8003DB92F28A6394CEE4B89A.d.41DCCE204DE6C0789B517C4533FA6D29.e.2383","ELEMENT":"f.50BABCFD8003DB92F28A6394CEE4B89A.d.41DCCE204DE6C0789B517C4533FA6D29.e.2383"}]}
RESULT: {"script":"<script> [8489 bytes]","args":[{"element-6066-11e4-a52e-4f735466cecf":"f.50BABCFD8003DB92F28A6394CEE4B89A.d.41DCCE204DE6C0789B517C4533FA6D29.e.2383","ELEMENT":"f.50BABCFD8003DB92F28A6394CEE4B89A.d.41DCCE204DE6C0789B517C4533FA6D29.e.2383"}]}
COMMAND: GET /session/416e0c1cc5e5391e8fcc7ee7b1fbe604/element/f.50BABCFD8003DB92F28A6394CEE4B89A.d.41DCCE204DE6C0789B517C4533FA6D29.e.2383/enabled - {}
COMMAND: GET /session/416e0c1cc5e5391e8fcc7ee7b1fbe604/screenshot - {}
RESULT: {}
COMMAND: POST /session/416e0c1cc5e5391e8fcc7ee7b1fbe604/execute/sync - {"script":"<script> [8489 bytes]","args":[{"element-6066-11e4-a52e-4f735466cecf":"f.50BABCFD8003DB92F28A6394CEE4B89A.d.41DCCE204DE6C0789B517C4533FA6D29.e.2383","ELEMENT":"f.50BABCFD8003DB92F28A6394CEE4B89A.d.41DCCE204DE6C0789B517C4533FA6D29.e.2383"}]}
COMMAND: GET /session/416e0c1cc5e5391e8fcc7ee7b1fbe604/screenshot - {}
RESULT: {}
RESULT: {"script":"<script> [8489 bytes]","args":[{"element-6066-11e4-a52e-4f735466cecf":"f.50BABCFD8003DB92F28A6394CEE4B89A.d.41DCCE204DE6C0789B517C4533FA6D29.e.2383","ELEMENT":"f.50BABCFD8003DB92F28A6394CEE4B89A.d.41DCCE204DE6C0789B517C4533FA6D29.e.2383"}]}
COMMAND: POST /session/416e0c1cc5e5391e8fcc7ee7b1fbe604/execute/sync - {"script":"<script> [5351 bytes]","args":[{"element-6066-11e4-a52e-4f735466cecf":"f.50BABCFD8003DB92F28A6394CEE4B89A.d.41DCCE204DE6C0789B517C4533FA6D29.e.2383","ELEMENT":"f.50BABCFD8003DB92F28A6394CEE4B89A.d.41DCCE204DE6C0789B517C4533FA6D29.e.2383"}]}
COMMAND: GET /session/416e0c1cc5e5391e8fcc7ee7b1fbe604/screenshot - {}
RESULT: {}
RESULT: {"script":"<script> [5351 bytes]","args":[{"element-6066-11e4-a52e-4f735466cecf":"f.50BABCFD8003DB92F28A6394CEE4B89A.d.41DCCE204DE6C0789B517C4533FA6D29.e.2383","ELEMENT":"f.50BABCFD8003DB92F28A6394CEE4B89A.d.41DCCE204DE6C0789B517C4533FA6D29.e.2383"}]}
COMMAND: GET /session/416e0c1cc5e5391e8fcc7ee7b1fbe604/screenshot - {}
RESULT: {}
RESULT: {}
RESULT: undefined
COMMAND: POST /session/416e0c1cc5e5391e8fcc7ee7b1fbe604/execute/async - {"script":"<script> [776 bytes]","args":[{"enterText":"1239","selector":{"id":"application-managepartners-display-component---masterPtm--smartFilterBar-btnBasicSearch","interaction":{"idSuffix":"I"}},"clearTextFirst":true,"interactionType":"ENTER_TEXT"}]}
RESULT: {"script":"<script> [776 bytes]","args":[{"enterText":"1239","selector":{"id":"application-managepartners-display-component---masterPtm--smartFilterBar-btnBasicSearch","interaction":{"idSuffix":"I"}},"clearTextFirst":true,"interactionType":"ENTER_TEXT"}]}
COMMAND: POST /session/416e0c1cc5e5391e8fcc7ee7b1fbe604/actions - {"actions":[{"id":"action5","type":"key","parameters":{},"actions":[{"type":"keyDown","value":"î€‡"},{"type":"pause","duration":10},{"type":"keyUp","value":"î€‡"}]}]}
RESULT: {"actions":[{"id":"action5","type":"key","parameters":{},"actions":[{"type":"keyDown","value":"î€‡"},{"type":"pause","duration":10},{"type":"keyUp","value":"î€‡"}]}]}
COMMAND: GET /session/416e0c1cc5e5391e8fcc7ee7b1fbe604/screenshot - {}
RESULT: {}
COMMAND: POST /session/416e0c1cc5e5391e8fcc7ee7b1fbe604/elements - {"using":"xpath","value":"//table[contains(@id, \"customPartnersTable-listUl\")]/tbody/tr"}
RESULT: {"using":"xpath","value":"//table[contains(@id, \"customPartnersTable-listUl\")]/tbody/tr"}
COMMAND: POST /session/416e0c1cc5e5391e8fcc7ee7b1fbe604/element - {"using":"xpath","value":"//table[contains(@id, \"customPartnersTable-listUl\")]/tbody/tr[1]/td[3]/span"}
RESULT: {"using":"xpath","value":"//table[contains(@id, \"customPartnersTable-listUl\")]/tbody/tr[1]/td[3]/span"}
COMMAND: POST /session/416e0c1cc5e5391e8fcc7ee7b1fbe604/elements - {"using":"xpath","value":"//table[contains(@id, \"customPartnersTable-listUl\")]/tbody/tr[1]/td[3]/span"}
RESULT: {"using":"xpath","value":"//table[contains(@id, \"customPartnersTable-listUl\")]/tbody/tr[1]/td[3]/span"}
COMMAND: POST /session/416e0c1cc5e5391e8fcc7ee7b1fbe604/execute/sync - {"script":"<script> [56 bytes]","args":[{"element-6066-11e4-a52e-4f735466cecf":"f.50BABCFD8003DB92F28A6394CEE4B89A.d.41DCCE204DE6C0789B517C4533FA6D29.e.2528","ELEMENT":"f.50BABCFD8003DB92F28A6394CEE4B89A.d.41DCCE204DE6C0789B517C4533FA6D29.e.2528"}]}
RESULT: {"script":"<script> [56 bytes]","args":[{"element-6066-11e4-a52e-4f735466cecf":"f.50BABCFD8003DB92F28A6394CEE4B89A.d.41DCCE204DE6C0789B517C4533FA6D29.e.2528","ELEMENT":"f.50BABCFD8003DB92F28A6394CEE4B89A.d.41DCCE204DE6C0789B517C4533FA6D29.e.2528"}]}
COMMAND: POST /session/416e0c1cc5e5391e8fcc7ee7b1fbe604/element - {"using":"xpath","value":"//table[contains(@id, \"customPartnersTable-listUl\")]/tbody/tr[1]/td[7]/div/span"}
COMMAND: GET /session/416e0c1cc5e5391e8fcc7ee7b1fbe604/screenshot - {}
RESULT: {"using":"xpath","value":"//table[contains(@id, \"customPartnersTable-listUl\")]/tbody/tr[1]/td[7]/div/span"}
COMMAND: POST /session/416e0c1cc5e5391e8fcc7ee7b1fbe604/execute/sync - {"script":"<script> [56 bytes]","args":[{"element-6066-11e4-a52e-4f735466cecf":"f.50BABCFD8003DB92F28A6394CEE4B89A.d.41DCCE204DE6C0789B517C4533FA6D29.e.2529","ELEMENT":"f.50BABCFD8003DB92F28A6394CEE4B89A.d.41DCCE204DE6C0789B517C4533FA6D29.e.2529"}]}
RESULT: {}
RESULT: {"script":"<script> [56 bytes]","args":[{"element-6066-11e4-a52e-4f735466cecf":"f.50BABCFD8003DB92F28A6394CEE4B89A.d.41DCCE204DE6C0789B517C4533FA6D29.e.2529","ELEMENT":"f.50BABCFD8003DB92F28A6394CEE4B89A.d.41DCCE204DE6C0789B517C4533FA6D29.e.2529"}]}
COMMAND: POST /session/416e0c1cc5e5391e8fcc7ee7b1fbe604/element - {"using":"xpath","value":"//table[contains(@id, \"customPartnersTable-listUl\")]/tbody/tr[1]/td[2]/div/div"}
COMMAND: GET /session/416e0c1cc5e5391e8fcc7ee7b1fbe604/screenshot - {}
RESULT: {}
RESULT: {"using":"xpath","value":"//table[contains(@id, \"customPartnersTable-listUl\")]/tbody/tr[1]/td[2]/div/div"}
COMMAND: POST /session/416e0c1cc5e5391e8fcc7ee7b1fbe604/element/f.50BABCFD8003DB92F28A6394CEE4B89A.d.41DCCE204DE6C0789B517C4533FA6D29.e.2530/click - {}
RESULT: {}
COMMAND: GET /session/416e0c1cc5e5391e8fcc7ee7b1fbe604/screenshot - {}
RESULT: {}
COMMAND: POST /session/416e0c1cc5e5391e8fcc7ee7b1fbe604/element - {"using":"xpath","value":"//bdi[contains(text(), \"Activate\")]"}
RESULT: {"using":"xpath","value":"//bdi[contains(text(), \"Activate\")]"}
COMMAND: POST /session/416e0c1cc5e5391e8fcc7ee7b1fbe604/element/f.50BABCFD8003DB92F28A6394CEE4B89A.d.41DCCE204DE6C0789B517C4533FA6D29.e.2531/click - {}
RESULT: {}
COMMAND: GET /session/416e0c1cc5e5391e8fcc7ee7b1fbe604/screenshot - {}
RESULT: {}
COMMAND: POST /session/416e0c1cc5e5391e8fcc7ee7b1fbe604/element - {"using":"xpath","value":"//bdi[contains(text(), \"Yes\")]"}
RESULT: {"using":"xpath","value":"//bdi[contains(text(), \"Yes\")]"}
COMMAND: POST /session/416e0c1cc5e5391e8fcc7ee7b1fbe604/element/f.50BABCFD8003DB92F28A6394CEE4B89A.d.41DCCE204DE6C0789B517C4533FA6D29.e.2533/click - {}
RESULT: {}
COMMAND: GET /session/416e0c1cc5e5391e8fcc7ee7b1fbe604/screenshot - {}
RESULT: {}
COMMAND: POST /session/416e0c1cc5e5391e8fcc7ee7b1fbe604/element - {"using":"xpath","value":"//table[contains(@id, \"customPartnersTable-listUl\")]/tbody/tr[1]/td[7]/div/span"}
RESULT: {"using":"xpath","value":"//table[contains(@id, \"customPartnersTable-listUl\")]/tbody/tr[1]/td[7]/div/span"}
COMMAND: POST /session/416e0c1cc5e5391e8fcc7ee7b1fbe604/execute/sync - {"script":"<script> [56 bytes]","args":[{"element-6066-11e4-a52e-4f735466cecf":"f.50BABCFD8003DB92F28A6394CEE4B89A.d.41DCCE204DE6C0789B517C4533FA6D29.e.2529","ELEMENT":"f.50BABCFD8003DB92F28A6394CEE4B89A.d.41DCCE204DE6C0789B517C4533FA6D29.e.2529"}]}
RESULT: {"script":"<script> [56 bytes]","args":[{"element-6066-11e4-a52e-4f735466cecf":"f.50BABCFD8003DB92F28A6394CEE4B89A.d.41DCCE204DE6C0789B517C4533FA6D29.e.2529","ELEMENT":"f.50BABCFD8003DB92F28A6394CEE4B89A.d.41DCCE204DE6C0789B517C4533FA6D29.e.2529"}]}
COMMAND: GET /session/416e0c1cc5e5391e8fcc7ee7b1fbe604/screenshot - {}
RESULT: {}
COMMAND: POST /session/416e0c1cc5e5391e8fcc7ee7b1fbe604/element - {"using":"css selector","value":"#shell-header-logo"}
RESULT: {"using":"css selector","value":"#shell-header-logo"}
COMMAND: POST /session/416e0c1cc5e5391e8fcc7ee7b1fbe604/element/f.50BABCFD8003DB92F28A6394CEE4B89A.d.41DCCE204DE6C0789B517C4533FA6D29.e.2349/click - {}
RESULT: {}
COMMAND: GET /session/416e0c1cc5e5391e8fcc7ee7b1fbe604/screenshot - {}
RESULT: {}
]]></system-out>
    </testcase>
    <testcase classname="chrome.135_0_7049_96.windows.Partner_specific_tests_US150819_US151080_US151654_US151176_US103444_US151078_US151079_US151109_US151174_US151175_US151189" name="Should edit the created external partner and save it and check its content US103444" time="64.773">
      <system-out><![CDATA[
COMMAND: POST /session/416e0c1cc5e5391e8fcc7ee7b1fbe604/element - {"using":"xpath","value":"//li[.//span[text()=\"Manage Partners\"]]"}
RESULT: {"using":"xpath","value":"//li[.//span[text()=\"Manage Partners\"]]"}
COMMAND: POST /session/416e0c1cc5e5391e8fcc7ee7b1fbe604/element - {"using":"xpath","value":"//li[.//span[text()=\"Manage Partners\"]]"}
RESULT: {"using":"xpath","value":"//li[.//span[text()=\"Manage Partners\"]]"}
COMMAND: POST /session/416e0c1cc5e5391e8fcc7ee7b1fbe604/element - {"using":"css selector","value":"#shell-header-logo"}
RESULT: {"using":"css selector","value":"#shell-header-logo"}
COMMAND: POST /session/416e0c1cc5e5391e8fcc7ee7b1fbe604/element/f.50BABCFD8003DB92F28A6394CEE4B89A.d.41DCCE204DE6C0789B517C4533FA6D29.e.2537/click - {}
COMMAND: POST /session/416e0c1cc5e5391e8fcc7ee7b1fbe604/execute/sync - {"script":"<script> [8489 bytes]","args":[{"element-6066-11e4-a52e-4f735466cecf":"f.50BABCFD8003DB92F28A6394CEE4B89A.d.41DCCE204DE6C0789B517C4533FA6D29.e.2537","ELEMENT":"f.50BABCFD8003DB92F28A6394CEE4B89A.d.41DCCE204DE6C0789B517C4533FA6D29.e.2537"}]}
RESULT: {}
COMMAND: GET /session/416e0c1cc5e5391e8fcc7ee7b1fbe604/screenshot - {}
RESULT: {"script":"<script> [8489 bytes]","args":[{"element-6066-11e4-a52e-4f735466cecf":"f.50BABCFD8003DB92F28A6394CEE4B89A.d.41DCCE204DE6C0789B517C4533FA6D29.e.2537","ELEMENT":"f.50BABCFD8003DB92F28A6394CEE4B89A.d.41DCCE204DE6C0789B517C4533FA6D29.e.2537"}]}
COMMAND: POST /session/416e0c1cc5e5391e8fcc7ee7b1fbe604/execute/sync - {"script":"<script> [5351 bytes]","args":[{"element-6066-11e4-a52e-4f735466cecf":"f.50BABCFD8003DB92F28A6394CEE4B89A.d.41DCCE204DE6C0789B517C4533FA6D29.e.2537","ELEMENT":"f.50BABCFD8003DB92F28A6394CEE4B89A.d.41DCCE204DE6C0789B517C4533FA6D29.e.2537"}]}
COMMAND: GET /session/416e0c1cc5e5391e8fcc7ee7b1fbe604/screenshot - {}
RESULT: {}
RESULT: {"script":"<script> [5351 bytes]","args":[{"element-6066-11e4-a52e-4f735466cecf":"f.50BABCFD8003DB92F28A6394CEE4B89A.d.41DCCE204DE6C0789B517C4533FA6D29.e.2537","ELEMENT":"f.50BABCFD8003DB92F28A6394CEE4B89A.d.41DCCE204DE6C0789B517C4533FA6D29.e.2537"}]}
COMMAND: GET /session/416e0c1cc5e5391e8fcc7ee7b1fbe604/screenshot - {}
RESULT: {}
RESULT: {}
RESULT: undefined
COMMAND: POST /session/416e0c1cc5e5391e8fcc7ee7b1fbe604/element - {"using":"xpath","value":"//*[@id=\"__tile38\"]"}
RESULT: {"using":"xpath","value":"//*[@id=\"__tile38\"]"}
COMMAND: POST /session/416e0c1cc5e5391e8fcc7ee7b1fbe604/element/f.50BABCFD8003DB92F28A6394CEE4B89A.d.41DCCE204DE6C0789B517C4533FA6D29.e.147/click - {}
RESULT: {}
COMMAND: POST /session/416e0c1cc5e5391e8fcc7ee7b1fbe604/element - {"using":"xpath","value":"//button[@data-kt=\"addButton\"]"}
COMMAND: GET /session/416e0c1cc5e5391e8fcc7ee7b1fbe604/screenshot - {}
RESULT: {"using":"xpath","value":"//button[@data-kt=\"addButton\"]"}
COMMAND: POST /session/416e0c1cc5e5391e8fcc7ee7b1fbe604/elements - {"using":"xpath","value":"//button[@data-kt=\"addButton\"]"}
RESULT: {}
RESULT: {"using":"xpath","value":"//button[@data-kt=\"addButton\"]"}
COMMAND: POST /session/416e0c1cc5e5391e8fcc7ee7b1fbe604/element - {"using":"xpath","value":"//button[@data-kt=\"addButton\"]"}
RESULT: {"using":"xpath","value":"//button[@data-kt=\"addButton\"]"}
COMMAND: POST /session/416e0c1cc5e5391e8fcc7ee7b1fbe604/execute/sync - {"script":"<script> [8489 bytes]","args":[{"element-6066-11e4-a52e-4f735466cecf":"f.50BABCFD8003DB92F28A6394CEE4B89A.d.41DCCE204DE6C0789B517C4533FA6D29.e.2583","ELEMENT":"f.50BABCFD8003DB92F28A6394CEE4B89A.d.41DCCE204DE6C0789B517C4533FA6D29.e.2583"}]}
RESULT: {"script":"<script> [8489 bytes]","args":[{"element-6066-11e4-a52e-4f735466cecf":"f.50BABCFD8003DB92F28A6394CEE4B89A.d.41DCCE204DE6C0789B517C4533FA6D29.e.2583","ELEMENT":"f.50BABCFD8003DB92F28A6394CEE4B89A.d.41DCCE204DE6C0789B517C4533FA6D29.e.2583"}]}
COMMAND: GET /session/416e0c1cc5e5391e8fcc7ee7b1fbe604/element/f.50BABCFD8003DB92F28A6394CEE4B89A.d.41DCCE204DE6C0789B517C4533FA6D29.e.2583/enabled - {}
COMMAND: GET /session/416e0c1cc5e5391e8fcc7ee7b1fbe604/screenshot - {}
RESULT: {}
COMMAND: POST /session/416e0c1cc5e5391e8fcc7ee7b1fbe604/execute/sync - {"script":"<script> [8489 bytes]","args":[{"element-6066-11e4-a52e-4f735466cecf":"f.50BABCFD8003DB92F28A6394CEE4B89A.d.41DCCE204DE6C0789B517C4533FA6D29.e.2583","ELEMENT":"f.50BABCFD8003DB92F28A6394CEE4B89A.d.41DCCE204DE6C0789B517C4533FA6D29.e.2583"}]}
COMMAND: GET /session/416e0c1cc5e5391e8fcc7ee7b1fbe604/screenshot - {}
RESULT: {}
RESULT: {"script":"<script> [8489 bytes]","args":[{"element-6066-11e4-a52e-4f735466cecf":"f.50BABCFD8003DB92F28A6394CEE4B89A.d.41DCCE204DE6C0789B517C4533FA6D29.e.2583","ELEMENT":"f.50BABCFD8003DB92F28A6394CEE4B89A.d.41DCCE204DE6C0789B517C4533FA6D29.e.2583"}]}
COMMAND: POST /session/416e0c1cc5e5391e8fcc7ee7b1fbe604/execute/sync - {"script":"<script> [5351 bytes]","args":[{"element-6066-11e4-a52e-4f735466cecf":"f.50BABCFD8003DB92F28A6394CEE4B89A.d.41DCCE204DE6C0789B517C4533FA6D29.e.2583","ELEMENT":"f.50BABCFD8003DB92F28A6394CEE4B89A.d.41DCCE204DE6C0789B517C4533FA6D29.e.2583"}]}
COMMAND: GET /session/416e0c1cc5e5391e8fcc7ee7b1fbe604/screenshot - {}
RESULT: {}
RESULT: {"script":"<script> [5351 bytes]","args":[{"element-6066-11e4-a52e-4f735466cecf":"f.50BABCFD8003DB92F28A6394CEE4B89A.d.41DCCE204DE6C0789B517C4533FA6D29.e.2583","ELEMENT":"f.50BABCFD8003DB92F28A6394CEE4B89A.d.41DCCE204DE6C0789B517C4533FA6D29.e.2583"}]}
COMMAND: GET /session/416e0c1cc5e5391e8fcc7ee7b1fbe604/screenshot - {}
RESULT: {}
RESULT: {}
RESULT: undefined
COMMAND: POST /session/416e0c1cc5e5391e8fcc7ee7b1fbe604/execute/async - {"script":"<script> [776 bytes]","args":[{"enterText":"1239","selector":{"id":"application-managepartners-display-component---masterPtm--smartFilterBar-btnBasicSearch","interaction":{"idSuffix":"I"}},"clearTextFirst":true,"interactionType":"ENTER_TEXT"}]}
RESULT: {"script":"<script> [776 bytes]","args":[{"enterText":"1239","selector":{"id":"application-managepartners-display-component---masterPtm--smartFilterBar-btnBasicSearch","interaction":{"idSuffix":"I"}},"clearTextFirst":true,"interactionType":"ENTER_TEXT"}]}
COMMAND: POST /session/416e0c1cc5e5391e8fcc7ee7b1fbe604/actions - {"actions":[{"id":"action6","type":"key","parameters":{},"actions":[{"type":"keyDown","value":"î€‡"},{"type":"pause","duration":10},{"type":"keyUp","value":"î€‡"}]}]}
RESULT: {"actions":[{"id":"action6","type":"key","parameters":{},"actions":[{"type":"keyDown","value":"î€‡"},{"type":"pause","duration":10},{"type":"keyUp","value":"î€‡"}]}]}
COMMAND: GET /session/416e0c1cc5e5391e8fcc7ee7b1fbe604/screenshot - {}
RESULT: {}
COMMAND: POST /session/416e0c1cc5e5391e8fcc7ee7b1fbe604/elements - {"using":"xpath","value":"//table[contains(@id, \"customPartnersTable-listUl\")]/tbody/tr"}
RESULT: {"using":"xpath","value":"//table[contains(@id, \"customPartnersTable-listUl\")]/tbody/tr"}
COMMAND: POST /session/416e0c1cc5e5391e8fcc7ee7b1fbe604/element - {"using":"xpath","value":"//table[contains(@id, \"customPartnersTable-listUl\")]/tbody/tr[1]/td[3]/span"}
RESULT: {"using":"xpath","value":"//table[contains(@id, \"customPartnersTable-listUl\")]/tbody/tr[1]/td[3]/span"}
COMMAND: POST /session/416e0c1cc5e5391e8fcc7ee7b1fbe604/elements - {"using":"xpath","value":"//table[contains(@id, \"customPartnersTable-listUl\")]/tbody/tr[1]/td[3]/span"}
RESULT: {"using":"xpath","value":"//table[contains(@id, \"customPartnersTable-listUl\")]/tbody/tr[1]/td[3]/span"}
COMMAND: POST /session/416e0c1cc5e5391e8fcc7ee7b1fbe604/execute/sync - {"script":"<script> [56 bytes]","args":[{"element-6066-11e4-a52e-4f735466cecf":"f.50BABCFD8003DB92F28A6394CEE4B89A.d.41DCCE204DE6C0789B517C4533FA6D29.e.2718","ELEMENT":"f.50BABCFD8003DB92F28A6394CEE4B89A.d.41DCCE204DE6C0789B517C4533FA6D29.e.2718"}]}
RESULT: {"script":"<script> [56 bytes]","args":[{"element-6066-11e4-a52e-4f735466cecf":"f.50BABCFD8003DB92F28A6394CEE4B89A.d.41DCCE204DE6C0789B517C4533FA6D29.e.2718","ELEMENT":"f.50BABCFD8003DB92F28A6394CEE4B89A.d.41DCCE204DE6C0789B517C4533FA6D29.e.2718"}]}
COMMAND: POST /session/416e0c1cc5e5391e8fcc7ee7b1fbe604/element - {"using":"xpath","value":"(//span[contains(@id, \"imgNav\")])[1]"}
COMMAND: GET /session/416e0c1cc5e5391e8fcc7ee7b1fbe604/screenshot - {}
RESULT: {"using":"xpath","value":"(//span[contains(@id, \"imgNav\")])[1]"}
COMMAND: POST /session/416e0c1cc5e5391e8fcc7ee7b1fbe604/element/f.50BABCFD8003DB92F28A6394CEE4B89A.d.41DCCE204DE6C0789B517C4533FA6D29.e.2716/click - {}
RESULT: {}
RESULT: {}
COMMAND: GET /session/416e0c1cc5e5391e8fcc7ee7b1fbe604/screenshot - {}
COMMAND: POST /session/416e0c1cc5e5391e8fcc7ee7b1fbe604/element - {"using":"xpath","value":"//bdi[contains(text(), \"Edit\")]"}
RESULT: {}
RESULT: {"using":"xpath","value":"//bdi[contains(text(), \"Edit\")]"}
COMMAND: POST /session/416e0c1cc5e5391e8fcc7ee7b1fbe604/element/f.50BABCFD8003DB92F28A6394CEE4B89A.d.41DCCE204DE6C0789B517C4533FA6D29.e.2860/click - {}
RESULT: {}
COMMAND: GET /session/416e0c1cc5e5391e8fcc7ee7b1fbe604/screenshot - {}
RESULT: {}
COMMAND: POST /session/416e0c1cc5e5391e8fcc7ee7b1fbe604/execute/async - {"script":"<script> [1562 bytes]","args":[{"selector":{"controlType":"sap.m.Input","viewName":"etm.portal.ui.managepartners.view.EditDetail","labelFor":{"text":"Name"},"interaction":{"idSuffix":"inner"}},"wdio_ui5_key":"etmportal.ui.managepartners.view.EditDetailsap.m.Input{\"text\":\"Name\"}"}]}
RESULT: {"script":"<script> [1562 bytes]","args":[{"selector":{"controlType":"sap.m.Input","viewName":"etm.portal.ui.managepartners.view.EditDetail","labelFor":{"text":"Name"},"interaction":{"idSuffix":"inner"}},"wdio_ui5_key":"etmportal.ui.managepartners.view.EditDetailsap.m.Input{\"text\":\"Name\"}"}]}
RESULT: undefined
COMMAND: POST /session/416e0c1cc5e5391e8fcc7ee7b1fbe604/execute/async - {"script":"<script> [776 bytes]","args":[{"enterText":"External EDIT","selector":{"controlType":"sap.m.Input","viewName":"etm.portal.ui.managepartners.view.EditDetail","labelFor":{"text":"Name"},"interaction":{"idSuffix":"inner"}},"clearTextFirst":true,"interactionType":"ENTER_TEXT"}]}
RESULT: {"script":"<script> [776 bytes]","args":[{"enterText":"External EDIT","selector":{"controlType":"sap.m.Input","viewName":"etm.portal.ui.managepartners.view.EditDetail","labelFor":{"text":"Name"},"interaction":{"idSuffix":"inner"}},"clearTextFirst":true,"interactionType":"ENTER_TEXT"}]}
COMMAND: POST /session/416e0c1cc5e5391e8fcc7ee7b1fbe604/element - {"using":"xpath","value":"(//span[contains(@id,\"addressDetailDetailsLanguage-arrow\")])[1]"}
RESULT: {"using":"xpath","value":"(//span[contains(@id,\"addressDetailDetailsLanguage-arrow\")])[1]"}
COMMAND: POST /session/416e0c1cc5e5391e8fcc7ee7b1fbe604/element/f.50BABCFD8003DB92F28A6394CEE4B89A.d.41DCCE204DE6C0789B517C4533FA6D29.e.2939/click - {}
RESULT: {}
COMMAND: POST /session/416e0c1cc5e5391e8fcc7ee7b1fbe604/element - {"using":"xpath","value":"//span[contains(text(), \"Chinese\")]"}
COMMAND: GET /session/416e0c1cc5e5391e8fcc7ee7b1fbe604/screenshot - {}
RESULT: {"using":"xpath","value":"//span[contains(text(), \"Chinese\")]"}
COMMAND: POST /session/416e0c1cc5e5391e8fcc7ee7b1fbe604/element/f.50BABCFD8003DB92F28A6394CEE4B89A.d.41DCCE204DE6C0789B517C4533FA6D29.e.2940/click - {}
RESULT: {}
RESULT: {}
COMMAND: GET /session/416e0c1cc5e5391e8fcc7ee7b1fbe604/screenshot - {}
RESULT: {}
COMMAND: POST /session/416e0c1cc5e5391e8fcc7ee7b1fbe604/execute/async - {"script":"<script> [1562 bytes]","args":[{"selector":{"controlType":"sap.m.Input","viewName":"etm.portal.ui.managepartners.view.EditDetail","labelFor":{"text":"City"},"interaction":{"idSuffix":"inner"}},"wdio_ui5_key":"etmportal.ui.managepartners.view.EditDetailsap.m.Input{\"text\":\"City\"}"}]}
RESULT: {"script":"<script> [1562 bytes]","args":[{"selector":{"controlType":"sap.m.Input","viewName":"etm.portal.ui.managepartners.view.EditDetail","labelFor":{"text":"City"},"interaction":{"idSuffix":"inner"}},"wdio_ui5_key":"etmportal.ui.managepartners.view.EditDetailsap.m.Input{\"text\":\"City\"}"}]}
RESULT: undefined
COMMAND: POST /session/416e0c1cc5e5391e8fcc7ee7b1fbe604/execute/async - {"script":"<script> [776 bytes]","args":[{"enterText":"Clooj-Napoca","selector":{"controlType":"sap.m.Input","viewName":"etm.portal.ui.managepartners.view.EditDetail","labelFor":{"text":"City"},"interaction":{"idSuffix":"inner"}},"clearTextFirst":true,"interactionType":"ENTER_TEXT"}]}
RESULT: {"script":"<script> [776 bytes]","args":[{"enterText":"Clooj-Napoca","selector":{"controlType":"sap.m.Input","viewName":"etm.portal.ui.managepartners.view.EditDetail","labelFor":{"text":"City"},"interaction":{"idSuffix":"inner"}},"clearTextFirst":true,"interactionType":"ENTER_TEXT"}]}
COMMAND: POST /session/416e0c1cc5e5391e8fcc7ee7b1fbe604/element - {"using":"xpath","value":"//button[@data-kt=\"saveButton\"]"}
RESULT: {"using":"xpath","value":"//button[@data-kt=\"saveButton\"]"}
COMMAND: POST /session/416e0c1cc5e5391e8fcc7ee7b1fbe604/element/f.50BABCFD8003DB92F28A6394CEE4B89A.d.41DCCE204DE6C0789B517C4533FA6D29.e.2922/click - {}
RESULT: {}
COMMAND: GET /session/416e0c1cc5e5391e8fcc7ee7b1fbe604/screenshot - {}
RESULT: {}
COMMAND: POST /session/416e0c1cc5e5391e8fcc7ee7b1fbe604/execute/async - {"script":"<script> [1562 bytes]","args":[{"selector":{"id":"application-managepartners-display-component---detailPtm--addressDetailDetailsName1"},"wdio_ui5_key":"applicationmanagepartners-display-component---detailPtm--addressDetailDetailsName1"}]}
RESULT: {"script":"<script> [1562 bytes]","args":[{"selector":{"id":"application-managepartners-display-component---detailPtm--addressDetailDetailsName1"},"wdio_ui5_key":"applicationmanagepartners-display-component---detailPtm--addressDetailDetailsName1"}]}
RESULT: undefined
COMMAND: POST /session/416e0c1cc5e5391e8fcc7ee7b1fbe604/execute/async - {"script":"<script> [6424 bytes]","args":[{"element-6066-11e4-a52e-4f735466cecf":"f.50BABCFD8003DB92F28A6394CEE4B89A.d.41DCCE204DE6C0789B517C4533FA6D29.e.2971"},"getValue",[]]}
RESULT: {"script":"<script> [6424 bytes]","args":[{"element-6066-11e4-a52e-4f735466cecf":"f.50BABCFD8003DB92F28A6394CEE4B89A.d.41DCCE204DE6C0789B517C4533FA6D29.e.2971"},"getValue",[]]}
COMMAND: POST /session/416e0c1cc5e5391e8fcc7ee7b1fbe604/element - {"using":"xpath","value":"//input[@id = \"application-managepartners-display-component---detailPtm--addressDetailDetailsLanguage-inner\"]"}
RESULT: {"using":"xpath","value":"//input[@id = \"application-managepartners-display-component---detailPtm--addressDetailDetailsLanguage-inner\"]"}
COMMAND: GET /session/416e0c1cc5e5391e8fcc7ee7b1fbe604/element/f.50BABCFD8003DB92F28A6394CEE4B89A.d.41DCCE204DE6C0789B517C4533FA6D29.e.2972/property/value - {}
RESULT: {}
COMMAND: POST /session/416e0c1cc5e5391e8fcc7ee7b1fbe604/execute/async - {"script":"<script> [1562 bytes]","args":[{"selector":{"id":"application-managepartners-display-component---detailPtm--addressDetailDetailsCity1"},"wdio_ui5_key":"applicationmanagepartners-display-component---detailPtm--addressDetailDetailsCity1"}]}
COMMAND: GET /session/416e0c1cc5e5391e8fcc7ee7b1fbe604/screenshot - {}
RESULT: {"script":"<script> [1562 bytes]","args":[{"selector":{"id":"application-managepartners-display-component---detailPtm--addressDetailDetailsCity1"},"wdio_ui5_key":"applicationmanagepartners-display-component---detailPtm--addressDetailDetailsCity1"}]}
RESULT: undefined
COMMAND: POST /session/416e0c1cc5e5391e8fcc7ee7b1fbe604/execute/async - {"script":"<script> [6424 bytes]","args":[{"element-6066-11e4-a52e-4f735466cecf":"f.50BABCFD8003DB92F28A6394CEE4B89A.d.41DCCE204DE6C0789B517C4533FA6D29.e.2973"},"getValue",[]]}
RESULT: {}
RESULT: {"script":"<script> [6424 bytes]","args":[{"element-6066-11e4-a52e-4f735466cecf":"f.50BABCFD8003DB92F28A6394CEE4B89A.d.41DCCE204DE6C0789B517C4533FA6D29.e.2973"},"getValue",[]]}
COMMAND: POST /session/416e0c1cc5e5391e8fcc7ee7b1fbe604/element - {"using":"css selector","value":"#shell-header-logo"}
RESULT: {"using":"css selector","value":"#shell-header-logo"}
COMMAND: POST /session/416e0c1cc5e5391e8fcc7ee7b1fbe604/element/f.50BABCFD8003DB92F28A6394CEE4B89A.d.41DCCE204DE6C0789B517C4533FA6D29.e.2537/click - {}
RESULT: {}
COMMAND: GET /session/416e0c1cc5e5391e8fcc7ee7b1fbe604/screenshot - {}
RESULT: {}
]]></system-out>
    </testcase>
    <testcase classname="chrome.135_0_7049_96.windows.Partner_specific_tests_US150819_US151080_US151654_US151176_US103444_US151078_US151079_US151109_US151174_US151175_US151189" name="Should create a new intercompany partner edit some of its fields US151078" time="250.734">
      <system-out><![CDATA[
COMMAND: POST /session/416e0c1cc5e5391e8fcc7ee7b1fbe604/element - {"using":"xpath","value":"//li[.//span[text()=\"Manage Partners\"]]"}
RESULT: {"using":"xpath","value":"//li[.//span[text()=\"Manage Partners\"]]"}
COMMAND: POST /session/416e0c1cc5e5391e8fcc7ee7b1fbe604/element - {"using":"xpath","value":"//li[.//span[text()=\"Manage Partners\"]]"}
RESULT: {"using":"xpath","value":"//li[.//span[text()=\"Manage Partners\"]]"}
COMMAND: POST /session/416e0c1cc5e5391e8fcc7ee7b1fbe604/element - {"using":"css selector","value":"#shell-header-logo"}
RESULT: {"using":"css selector","value":"#shell-header-logo"}
COMMAND: POST /session/416e0c1cc5e5391e8fcc7ee7b1fbe604/element/f.50BABCFD8003DB92F28A6394CEE4B89A.d.41DCCE204DE6C0789B517C4533FA6D29.e.3003/click - {}
COMMAND: POST /session/416e0c1cc5e5391e8fcc7ee7b1fbe604/execute/sync - {"script":"<script> [8489 bytes]","args":[{"element-6066-11e4-a52e-4f735466cecf":"f.50BABCFD8003DB92F28A6394CEE4B89A.d.41DCCE204DE6C0789B517C4533FA6D29.e.3003","ELEMENT":"f.50BABCFD8003DB92F28A6394CEE4B89A.d.41DCCE204DE6C0789B517C4533FA6D29.e.3003"}]}
RESULT: {}
COMMAND: GET /session/416e0c1cc5e5391e8fcc7ee7b1fbe604/screenshot - {}
RESULT: {"script":"<script> [8489 bytes]","args":[{"element-6066-11e4-a52e-4f735466cecf":"f.50BABCFD8003DB92F28A6394CEE4B89A.d.41DCCE204DE6C0789B517C4533FA6D29.e.3003","ELEMENT":"f.50BABCFD8003DB92F28A6394CEE4B89A.d.41DCCE204DE6C0789B517C4533FA6D29.e.3003"}]}
COMMAND: POST /session/416e0c1cc5e5391e8fcc7ee7b1fbe604/execute/sync - {"script":"<script> [5351 bytes]","args":[{"element-6066-11e4-a52e-4f735466cecf":"f.50BABCFD8003DB92F28A6394CEE4B89A.d.41DCCE204DE6C0789B517C4533FA6D29.e.3003","ELEMENT":"f.50BABCFD8003DB92F28A6394CEE4B89A.d.41DCCE204DE6C0789B517C4533FA6D29.e.3003"}]}
COMMAND: GET /session/416e0c1cc5e5391e8fcc7ee7b1fbe604/screenshot - {}
RESULT: {}
RESULT: {"script":"<script> [5351 bytes]","args":[{"element-6066-11e4-a52e-4f735466cecf":"f.50BABCFD8003DB92F28A6394CEE4B89A.d.41DCCE204DE6C0789B517C4533FA6D29.e.3003","ELEMENT":"f.50BABCFD8003DB92F28A6394CEE4B89A.d.41DCCE204DE6C0789B517C4533FA6D29.e.3003"}]}
COMMAND: GET /session/416e0c1cc5e5391e8fcc7ee7b1fbe604/screenshot - {}
RESULT: {}
RESULT: {}
COMMAND: POST /session/416e0c1cc5e5391e8fcc7ee7b1fbe604/refresh - {}
RESULT: {}
COMMAND: GET /session/416e0c1cc5e5391e8fcc7ee7b1fbe604/screenshot - {}
RESULT: {}
COMMAND: POST /session/416e0c1cc5e5391e8fcc7ee7b1fbe604/refresh - {}
RESULT: {}
COMMAND: GET /session/416e0c1cc5e5391e8fcc7ee7b1fbe604/screenshot - {}
RESULT: {}
COMMAND: POST /session/416e0c1cc5e5391e8fcc7ee7b1fbe604/window/fullscreen - {}
RESULT: {}
COMMAND: POST /session/416e0c1cc5e5391e8fcc7ee7b1fbe604/execute/async - {"script":"<script> [189 bytes]","args":[]}
RESULT: {"script":"<script> [189 bytes]","args":[]}
COMMAND: POST /session/416e0c1cc5e5391e8fcc7ee7b1fbe604/execute/async - {"script":"<script> [123 bytes]","args":[]}
RESULT: {"script":"<script> [123 bytes]","args":[]}
COMMAND: POST /session/416e0c1cc5e5391e8fcc7ee7b1fbe604/timeouts - {"script":"<number>"}
RESULT: {"script":"<number>"}
COMMAND: GET /session/416e0c1cc5e5391e8fcc7ee7b1fbe604/timeouts - {}
RESULT: {}
RESULT: undefined
COMMAND: POST /session/416e0c1cc5e5391e8fcc7ee7b1fbe604/execute/async - {"script":"<script> [2676 bytes]","args":[]}
RESULT: {"script":"<script> [2676 bytes]","args":[]}
COMMAND: POST /session/416e0c1cc5e5391e8fcc7ee7b1fbe604/execute/async - {"script":"<script> [2342 bytes]","args":[{"protocol":"http","hostname":"0.0.0.0","path":"/","capabilities":{"browserName":"chrome","goog:chromeOptions":{"binary":"C:\\Program Files\\Google\\Chrome\\Application\\chrome.exe","args":["--start-maximized"]}},"logLevel":"warn","connectionRetryTimeout":120000,"connectionRetryCount":3,"logLevels":{},"enableDirectConnect":true,"strictSSL":true,"_":"65 more keys: [\"cacheDir\",\"port\",\"requestedCapabilities\",\"automationProtocol\",\"baseUrl\",\"waitforInterval\",\"waitforTimeout\",\"onReload\",\"beforeCommand\",\"afterCommand\",\"rootDir\",\"specs\",\"suites\",\"exclude\",\"groupLogsByTestSpec\",\"excludeDriverLogs\",\"bail\",\"framework\",\"reporters\",\"services\",\"maxInstances\",\"maxInstancesPerCapability\",\"injectGlobals\",\"filesToWatch\",\"execArgv\",\"runnerEnv\",\"runner\",\"shard\",\"specFileRetries\",\"specFileRetriesDelay\",\"specFileRetriesDeferred\",\"reporterSyncInterval\",\"reporterSyncTimeout\",\"cucumberFeaturesWithLineNumbers\",\"autoCompileOpts\",\"mochaOpts\",\"jasmineOpts\",\"cucumberOpts\",\"onPrepare\",\"onWorkerStart\",\"onWorkerEnd\",\"before\",\"beforeSession\",\"beforeSuite\",\"beforeHook\",\"beforeTest\",\"afterTest\",\"afterHook\",\"afterSuite\",\"afterSession\",\"after\",\"onComplete\",\"beforeAssertion\",\"afterAssertion\",\"beforeFeature\",\"beforeScenario\",\"beforeStep\",\"afterStep\",\"afterScenario\",\"afterFeature\",\"_\",\"suite\",\"$0\",\"ignoredWorkerServices\",\"wdi5\"]"}]}
RESULT: {"script":"<script> [2342 bytes]","args":[{"protocol":"http","hostname":"0.0.0.0","path":"/","capabilities":{"browserName":"chrome","goog:chromeOptions":{"binary":"C:\\Program Files\\Google\\Chrome\\Application\\chrome.exe","args":["--start-maximized"]}},"logLevel":"warn","connectionRetryTimeout":120000,"connectionRetryCount":3,"logLevels":{},"enableDirectConnect":true,"strictSSL":true,"_":"65 more keys: [\"cacheDir\",\"port\",\"requestedCapabilities\",\"automationProtocol\",\"baseUrl\",\"waitforInterval\",\"waitforTimeout\",\"onReload\",\"beforeCommand\",\"afterCommand\",\"rootDir\",\"specs\",\"suites\",\"exclude\",\"groupLogsByTestSpec\",\"excludeDriverLogs\",\"bail\",\"framework\",\"reporters\",\"services\",\"maxInstances\",\"maxInstancesPerCapability\",\"injectGlobals\",\"filesToWatch\",\"execArgv\",\"runnerEnv\",\"runner\",\"shard\",\"specFileRetries\",\"specFileRetriesDelay\",\"specFileRetriesDeferred\",\"reporterSyncInterval\",\"reporterSyncTimeout\",\"cucumberFeaturesWithLineNumbers\",\"autoCompileOpts\",\"mochaOpts\",\"jasmineOpts\",\"cucumberOpts\",\"onPrepare\",\"onWorkerStart\",\"onWorkerEnd\",\"before\",\"beforeSession\",\"beforeSuite\",\"beforeHook\",\"beforeTest\",\"afterTest\",\"afterHook\",\"afterSuite\",\"afterSession\",\"after\",\"onComplete\",\"beforeAssertion\",\"afterAssertion\",\"beforeFeature\",\"beforeScenario\",\"beforeStep\",\"afterStep\",\"afterScenario\",\"afterFeature\",\"_\",\"suite\",\"$0\",\"ignoredWorkerServices\",\"wdi5\"]"}]}
COMMAND: POST /session/416e0c1cc5e5391e8fcc7ee7b1fbe604/execute/async - {"script":"<script> [21126 bytes]","args":[35000]}
RESULT: {"script":"<script> [21126 bytes]","args":[35000]}
COMMAND: POST /session/416e0c1cc5e5391e8fcc7ee7b1fbe604/window/fullscreen - {}
RESULT: {}
COMMAND: POST /session/416e0c1cc5e5391e8fcc7ee7b1fbe604/window/fullscreen - {}
RESULT: {}
COMMAND: POST /session/416e0c1cc5e5391e8fcc7ee7b1fbe604/execute/async - {"script":"<script> [1562 bytes]","args":[{"selector":{"controlType":"sap.m.GenericTile","properties":{"header":"Manage Partners"}},"wdio_ui5_key":"sapm.GenericTile{\"header\":\"Manage Partners\"}"}]}
RESULT: {"script":"<script> [1562 bytes]","args":[{"selector":{"controlType":"sap.m.GenericTile","properties":{"header":"Manage Partners"}},"wdio_ui5_key":"sapm.GenericTile{\"header\":\"Manage Partners\"}"}]}
RESULT: undefined
COMMAND: POST /session/416e0c1cc5e5391e8fcc7ee7b1fbe604/element - {"using":"xpath","value":"//*[@id=\"__tile30\"]"}
RESULT: {"using":"xpath","value":"//*[@id=\"__tile30\"]"}
COMMAND: POST /session/416e0c1cc5e5391e8fcc7ee7b1fbe604/element/f.50BABCFD8003DB92F28A6394CEE4B89A.d.49B660B1C574B69DA6EAC93291B74F83.e.3068/click - {}
RESULT: {}
COMMAND: POST /session/416e0c1cc5e5391e8fcc7ee7b1fbe604/element - {"using":"xpath","value":"//button[@data-kt=\"addButton\"]"}
COMMAND: GET /session/416e0c1cc5e5391e8fcc7ee7b1fbe604/screenshot - {}
RESULT: {"using":"xpath","value":"//button[@data-kt=\"addButton\"]"}
COMMAND: POST /session/416e0c1cc5e5391e8fcc7ee7b1fbe604/elements - {"using":"xpath","value":"//button[@data-kt=\"addButton\"]"}
RESULT: {}
RESULT: {"using":"xpath","value":"//button[@data-kt=\"addButton\"]"}
COMMAND: POST /session/416e0c1cc5e5391e8fcc7ee7b1fbe604/elements - {"using":"xpath","value":"//button[@data-kt=\"addButton\"]"}
RESULT: {"using":"xpath","value":"//button[@data-kt=\"addButton\"]"}
COMMAND: POST /session/416e0c1cc5e5391e8fcc7ee7b1fbe604/elements - {"using":"xpath","value":"//button[@data-kt=\"addButton\"]"}
RESULT: {"using":"xpath","value":"//button[@data-kt=\"addButton\"]"}
COMMAND: POST /session/416e0c1cc5e5391e8fcc7ee7b1fbe604/elements - {"using":"xpath","value":"//button[@data-kt=\"addButton\"]"}
RESULT: {"using":"xpath","value":"//button[@data-kt=\"addButton\"]"}
COMMAND: POST /session/416e0c1cc5e5391e8fcc7ee7b1fbe604/elements - {"using":"xpath","value":"//button[@data-kt=\"addButton\"]"}
RESULT: {"using":"xpath","value":"//button[@data-kt=\"addButton\"]"}
COMMAND: POST /session/416e0c1cc5e5391e8fcc7ee7b1fbe604/elements - {"using":"xpath","value":"//button[@data-kt=\"addButton\"]"}
RESULT: {"using":"xpath","value":"//button[@data-kt=\"addButton\"]"}
COMMAND: POST /session/416e0c1cc5e5391e8fcc7ee7b1fbe604/elements - {"using":"xpath","value":"//button[@data-kt=\"addButton\"]"}
RESULT: {"using":"xpath","value":"//button[@data-kt=\"addButton\"]"}
COMMAND: POST /session/416e0c1cc5e5391e8fcc7ee7b1fbe604/elements - {"using":"xpath","value":"//button[@data-kt=\"addButton\"]"}
RESULT: {"using":"xpath","value":"//button[@data-kt=\"addButton\"]"}
COMMAND: POST /session/416e0c1cc5e5391e8fcc7ee7b1fbe604/elements - {"using":"xpath","value":"//button[@data-kt=\"addButton\"]"}
RESULT: {"using":"xpath","value":"//button[@data-kt=\"addButton\"]"}
COMMAND: POST /session/416e0c1cc5e5391e8fcc7ee7b1fbe604/elements - {"using":"xpath","value":"//button[@data-kt=\"addButton\"]"}
RESULT: {"using":"xpath","value":"//button[@data-kt=\"addButton\"]"}
COMMAND: POST /session/416e0c1cc5e5391e8fcc7ee7b1fbe604/elements - {"using":"xpath","value":"//button[@data-kt=\"addButton\"]"}
RESULT: {"using":"xpath","value":"//button[@data-kt=\"addButton\"]"}
COMMAND: POST /session/416e0c1cc5e5391e8fcc7ee7b1fbe604/elements - {"using":"xpath","value":"//button[@data-kt=\"addButton\"]"}
RESULT: {"using":"xpath","value":"//button[@data-kt=\"addButton\"]"}
COMMAND: POST /session/416e0c1cc5e5391e8fcc7ee7b1fbe604/elements - {"using":"xpath","value":"//button[@data-kt=\"addButton\"]"}
RESULT: {"using":"xpath","value":"//button[@data-kt=\"addButton\"]"}
COMMAND: POST /session/416e0c1cc5e5391e8fcc7ee7b1fbe604/elements - {"using":"xpath","value":"//button[@data-kt=\"addButton\"]"}
RESULT: {"using":"xpath","value":"//button[@data-kt=\"addButton\"]"}
COMMAND: POST /session/416e0c1cc5e5391e8fcc7ee7b1fbe604/elements - {"using":"xpath","value":"//button[@data-kt=\"addButton\"]"}
RESULT: {"using":"xpath","value":"//button[@data-kt=\"addButton\"]"}
COMMAND: POST /session/416e0c1cc5e5391e8fcc7ee7b1fbe604/elements - {"using":"xpath","value":"//button[@data-kt=\"addButton\"]"}
RESULT: {"using":"xpath","value":"//button[@data-kt=\"addButton\"]"}
COMMAND: POST /session/416e0c1cc5e5391e8fcc7ee7b1fbe604/elements - {"using":"xpath","value":"//button[@data-kt=\"addButton\"]"}
RESULT: {"using":"xpath","value":"//button[@data-kt=\"addButton\"]"}
COMMAND: POST /session/416e0c1cc5e5391e8fcc7ee7b1fbe604/elements - {"using":"xpath","value":"//button[@data-kt=\"addButton\"]"}
RESULT: {"using":"xpath","value":"//button[@data-kt=\"addButton\"]"}
COMMAND: POST /session/416e0c1cc5e5391e8fcc7ee7b1fbe604/elements - {"using":"xpath","value":"//button[@data-kt=\"addButton\"]"}
RESULT: {"using":"xpath","value":"//button[@data-kt=\"addButton\"]"}
COMMAND: POST /session/416e0c1cc5e5391e8fcc7ee7b1fbe604/elements - {"using":"xpath","value":"//button[@data-kt=\"addButton\"]"}
RESULT: {"using":"xpath","value":"//button[@data-kt=\"addButton\"]"}
COMMAND: POST /session/416e0c1cc5e5391e8fcc7ee7b1fbe604/elements - {"using":"xpath","value":"//button[@data-kt=\"addButton\"]"}
RESULT: {"using":"xpath","value":"//button[@data-kt=\"addButton\"]"}
COMMAND: POST /session/416e0c1cc5e5391e8fcc7ee7b1fbe604/elements - {"using":"xpath","value":"//button[@data-kt=\"addButton\"]"}
RESULT: {"using":"xpath","value":"//button[@data-kt=\"addButton\"]"}
COMMAND: POST /session/416e0c1cc5e5391e8fcc7ee7b1fbe604/elements - {"using":"xpath","value":"//button[@data-kt=\"addButton\"]"}
RESULT: {"using":"xpath","value":"//button[@data-kt=\"addButton\"]"}
COMMAND: POST /session/416e0c1cc5e5391e8fcc7ee7b1fbe604/elements - {"using":"xpath","value":"//button[@data-kt=\"addButton\"]"}
RESULT: {"using":"xpath","value":"//button[@data-kt=\"addButton\"]"}
COMMAND: POST /session/416e0c1cc5e5391e8fcc7ee7b1fbe604/elements - {"using":"xpath","value":"//button[@data-kt=\"addButton\"]"}
RESULT: {"using":"xpath","value":"//button[@data-kt=\"addButton\"]"}
COMMAND: POST /session/416e0c1cc5e5391e8fcc7ee7b1fbe604/elements - {"using":"xpath","value":"//button[@data-kt=\"addButton\"]"}
RESULT: {"using":"xpath","value":"//button[@data-kt=\"addButton\"]"}
COMMAND: POST /session/416e0c1cc5e5391e8fcc7ee7b1fbe604/elements - {"using":"xpath","value":"//button[@data-kt=\"addButton\"]"}
RESULT: {"using":"xpath","value":"//button[@data-kt=\"addButton\"]"}
COMMAND: POST /session/416e0c1cc5e5391e8fcc7ee7b1fbe604/elements - {"using":"xpath","value":"//button[@data-kt=\"addButton\"]"}
RESULT: {"using":"xpath","value":"//button[@data-kt=\"addButton\"]"}
COMMAND: POST /session/416e0c1cc5e5391e8fcc7ee7b1fbe604/elements - {"using":"xpath","value":"//button[@data-kt=\"addButton\"]"}
RESULT: {"using":"xpath","value":"//button[@data-kt=\"addButton\"]"}
COMMAND: POST /session/416e0c1cc5e5391e8fcc7ee7b1fbe604/elements - {"using":"xpath","value":"//button[@data-kt=\"addButton\"]"}
RESULT: {"using":"xpath","value":"//button[@data-kt=\"addButton\"]"}
COMMAND: POST /session/416e0c1cc5e5391e8fcc7ee7b1fbe604/elements - {"using":"xpath","value":"//button[@data-kt=\"addButton\"]"}
RESULT: {"using":"xpath","value":"//button[@data-kt=\"addButton\"]"}
COMMAND: POST /session/416e0c1cc5e5391e8fcc7ee7b1fbe604/elements - {"using":"xpath","value":"//button[@data-kt=\"addButton\"]"}
RESULT: {"using":"xpath","value":"//button[@data-kt=\"addButton\"]"}
COMMAND: POST /session/416e0c1cc5e5391e8fcc7ee7b1fbe604/elements - {"using":"xpath","value":"//button[@data-kt=\"addButton\"]"}
RESULT: {"using":"xpath","value":"//button[@data-kt=\"addButton\"]"}
COMMAND: POST /session/416e0c1cc5e5391e8fcc7ee7b1fbe604/elements - {"using":"xpath","value":"//button[@data-kt=\"addButton\"]"}
RESULT: {"using":"xpath","value":"//button[@data-kt=\"addButton\"]"}
COMMAND: POST /session/416e0c1cc5e5391e8fcc7ee7b1fbe604/elements - {"using":"xpath","value":"//button[@data-kt=\"addButton\"]"}
RESULT: {"using":"xpath","value":"//button[@data-kt=\"addButton\"]"}
COMMAND: POST /session/416e0c1cc5e5391e8fcc7ee7b1fbe604/elements - {"using":"xpath","value":"//button[@data-kt=\"addButton\"]"}
RESULT: {"using":"xpath","value":"//button[@data-kt=\"addButton\"]"}
COMMAND: POST /session/416e0c1cc5e5391e8fcc7ee7b1fbe604/elements - {"using":"xpath","value":"//button[@data-kt=\"addButton\"]"}
RESULT: {"using":"xpath","value":"//button[@data-kt=\"addButton\"]"}
COMMAND: POST /session/416e0c1cc5e5391e8fcc7ee7b1fbe604/element - {"using":"xpath","value":"//button[@data-kt=\"addButton\"]"}
RESULT: {"using":"xpath","value":"//button[@data-kt=\"addButton\"]"}
COMMAND: POST /session/416e0c1cc5e5391e8fcc7ee7b1fbe604/execute/sync - {"script":"<script> [8489 bytes]","args":[{"element-6066-11e4-a52e-4f735466cecf":"f.50BABCFD8003DB92F28A6394CEE4B89A.d.49B660B1C574B69DA6EAC93291B74F83.e.3184","ELEMENT":"f.50BABCFD8003DB92F28A6394CEE4B89A.d.49B660B1C574B69DA6EAC93291B74F83.e.3184"}]}
RESULT: {"script":"<script> [8489 bytes]","args":[{"element-6066-11e4-a52e-4f735466cecf":"f.50BABCFD8003DB92F28A6394CEE4B89A.d.49B660B1C574B69DA6EAC93291B74F83.e.3184","ELEMENT":"f.50BABCFD8003DB92F28A6394CEE4B89A.d.49B660B1C574B69DA6EAC93291B74F83.e.3184"}]}
COMMAND: GET /session/416e0c1cc5e5391e8fcc7ee7b1fbe604/element/f.50BABCFD8003DB92F28A6394CEE4B89A.d.49B660B1C574B69DA6EAC93291B74F83.e.3184/enabled - {}
COMMAND: GET /session/416e0c1cc5e5391e8fcc7ee7b1fbe604/screenshot - {}
RESULT: {}
COMMAND: POST /session/416e0c1cc5e5391e8fcc7ee7b1fbe604/execute/sync - {"script":"<script> [8489 bytes]","args":[{"element-6066-11e4-a52e-4f735466cecf":"f.50BABCFD8003DB92F28A6394CEE4B89A.d.49B660B1C574B69DA6EAC93291B74F83.e.3184","ELEMENT":"f.50BABCFD8003DB92F28A6394CEE4B89A.d.49B660B1C574B69DA6EAC93291B74F83.e.3184"}]}
COMMAND: GET /session/416e0c1cc5e5391e8fcc7ee7b1fbe604/screenshot - {}
RESULT: {}
RESULT: {"script":"<script> [8489 bytes]","args":[{"element-6066-11e4-a52e-4f735466cecf":"f.50BABCFD8003DB92F28A6394CEE4B89A.d.49B660B1C574B69DA6EAC93291B74F83.e.3184","ELEMENT":"f.50BABCFD8003DB92F28A6394CEE4B89A.d.49B660B1C574B69DA6EAC93291B74F83.e.3184"}]}
COMMAND: POST /session/416e0c1cc5e5391e8fcc7ee7b1fbe604/execute/sync - {"script":"<script> [5351 bytes]","args":[{"element-6066-11e4-a52e-4f735466cecf":"f.50BABCFD8003DB92F28A6394CEE4B89A.d.49B660B1C574B69DA6EAC93291B74F83.e.3184","ELEMENT":"f.50BABCFD8003DB92F28A6394CEE4B89A.d.49B660B1C574B69DA6EAC93291B74F83.e.3184"}]}
COMMAND: GET /session/416e0c1cc5e5391e8fcc7ee7b1fbe604/screenshot - {}
RESULT: {}
RESULT: {"script":"<script> [5351 bytes]","args":[{"element-6066-11e4-a52e-4f735466cecf":"f.50BABCFD8003DB92F28A6394CEE4B89A.d.49B660B1C574B69DA6EAC93291B74F83.e.3184","ELEMENT":"f.50BABCFD8003DB92F28A6394CEE4B89A.d.49B660B1C574B69DA6EAC93291B74F83.e.3184"}]}
COMMAND: POST /session/416e0c1cc5e5391e8fcc7ee7b1fbe604/element/f.50BABCFD8003DB92F28A6394CEE4B89A.d.49B660B1C574B69DA6EAC93291B74F83.e.3184/click - {}
COMMAND: GET /session/416e0c1cc5e5391e8fcc7ee7b1fbe604/screenshot - {}
RESULT: {}
RESULT: {}
COMMAND: GET /session/416e0c1cc5e5391e8fcc7ee7b1fbe604/screenshot - {}
COMMAND: POST /session/416e0c1cc5e5391e8fcc7ee7b1fbe604/execute/async - {"script":"<script> [1562 bytes]","args":[{"selector":{"id":"application-managepartners-display-component---NewPartner--addressDetailDetailsName1","interaction":{"idSuffix":"inner"}},"wdio_ui5_key":"applicationmanagepartners-display-component---NewPartner--addressDetailDetailsName1"}]}
RESULT: {}
RESULT: {}
RESULT: {"script":"<script> [1562 bytes]","args":[{"selector":{"id":"application-managepartners-display-component---NewPartner--addressDetailDetailsName1","interaction":{"idSuffix":"inner"}},"wdio_ui5_key":"applicationmanagepartners-display-component---NewPartner--addressDetailDetailsName1"}]}
RESULT: undefined
COMMAND: POST /session/416e0c1cc5e5391e8fcc7ee7b1fbe604/execute/async - {"script":"<script> [776 bytes]","args":[{"enterText":"Intercompany Partner WDIO","selector":{"id":"application-managepartners-display-component---NewPartner--addressDetailDetailsName1","interaction":{"idSuffix":"inner"}},"clearTextFirst":true,"interactionType":"ENTER_TEXT"}]}
RESULT: {"script":"<script> [776 bytes]","args":[{"enterText":"Intercompany Partner WDIO","selector":{"id":"application-managepartners-display-component---NewPartner--addressDetailDetailsName1","interaction":{"idSuffix":"inner"}},"clearTextFirst":true,"interactionType":"ENTER_TEXT"}]}
COMMAND: POST /session/416e0c1cc5e5391e8fcc7ee7b1fbe604/execute/async - {"script":"<script> [1562 bytes]","args":[{"selector":{"id":"application-managepartners-display-component---NewPartner--addressDetailDetailsLanguage-arrow"},"wdio_ui5_key":"applicationmanagepartners-display-component---NewPartner--addressDetailDetailsLanguage-arrow"}]}
RESULT: {"script":"<script> [1562 bytes]","args":[{"selector":{"id":"application-managepartners-display-component---NewPartner--addressDetailDetailsLanguage-arrow"},"wdio_ui5_key":"applicationmanagepartners-display-component---NewPartner--addressDetailDetailsLanguage-arrow"}]}
RESULT: undefined
COMMAND: POST /session/416e0c1cc5e5391e8fcc7ee7b1fbe604/element - {"using":"xpath","value":"//*[@id=\"application-managepartners-display-component---NewPartner--addressDetailDetailsLanguage-arrow\"]"}
RESULT: {"using":"xpath","value":"//*[@id=\"application-managepartners-display-component---NewPartner--addressDetailDetailsLanguage-arrow\"]"}
COMMAND: POST /session/416e0c1cc5e5391e8fcc7ee7b1fbe604/element/f.50BABCFD8003DB92F28A6394CEE4B89A.d.49B660B1C574B69DA6EAC93291B74F83.e.3627/click - {}
RESULT: {}
COMMAND: POST /session/416e0c1cc5e5391e8fcc7ee7b1fbe604/element - {"using":"xpath","value":"//span[contains(text(), \"English\")]"}
COMMAND: GET /session/416e0c1cc5e5391e8fcc7ee7b1fbe604/screenshot - {}
RESULT: {"using":"xpath","value":"//span[contains(text(), \"English\")]"}
COMMAND: POST /session/416e0c1cc5e5391e8fcc7ee7b1fbe604/element/f.50BABCFD8003DB92F28A6394CEE4B89A.d.49B660B1C574B69DA6EAC93291B74F83.e.3628/click - {}
RESULT: {}
RESULT: {}
COMMAND: GET /session/416e0c1cc5e5391e8fcc7ee7b1fbe604/screenshot - {}
RESULT: {}
COMMAND: POST /session/416e0c1cc5e5391e8fcc7ee7b1fbe604/execute/async - {"script":"<script> [1562 bytes]","args":[{"selector":{"id":"application-managepartners-display-component---NewPartner--addressDetailDetailsCity1","interaction":{"idSuffix":"inner"}},"wdio_ui5_key":"applicationmanagepartners-display-component---NewPartner--addressDetailDetailsCity1"}]}
RESULT: {"script":"<script> [1562 bytes]","args":[{"selector":{"id":"application-managepartners-display-component---NewPartner--addressDetailDetailsCity1","interaction":{"idSuffix":"inner"}},"wdio_ui5_key":"applicationmanagepartners-display-component---NewPartner--addressDetailDetailsCity1"}]}
RESULT: undefined
COMMAND: POST /session/416e0c1cc5e5391e8fcc7ee7b1fbe604/execute/async - {"script":"<script> [776 bytes]","args":[{"enterText":"Rosario","selector":{"id":"application-managepartners-display-component---NewPartner--addressDetailDetailsCity1","interaction":{"idSuffix":"inner"}},"clearTextFirst":true,"interactionType":"ENTER_TEXT"}]}
RESULT: {"script":"<script> [776 bytes]","args":[{"enterText":"Rosario","selector":{"id":"application-managepartners-display-component---NewPartner--addressDetailDetailsCity1","interaction":{"idSuffix":"inner"}},"clearTextFirst":true,"interactionType":"ENTER_TEXT"}]}
COMMAND: POST /session/416e0c1cc5e5391e8fcc7ee7b1fbe604/execute/async - {"script":"<script> [1562 bytes]","args":[{"selector":{"id":"application-managepartners-display-component---NewPartner--addressDetailDetailsCountry-arrow"},"wdio_ui5_key":"applicationmanagepartners-display-component---NewPartner--addressDetailDetailsCountry-arrow"}]}
RESULT: {"script":"<script> [1562 bytes]","args":[{"selector":{"id":"application-managepartners-display-component---NewPartner--addressDetailDetailsCountry-arrow"},"wdio_ui5_key":"applicationmanagepartners-display-component---NewPartner--addressDetailDetailsCountry-arrow"}]}
RESULT: undefined
COMMAND: POST /session/416e0c1cc5e5391e8fcc7ee7b1fbe604/element - {"using":"xpath","value":"//*[@id=\"application-managepartners-display-component---NewPartner--addressDetailDetailsCountry-arrow\"]"}
RESULT: {"using":"xpath","value":"//*[@id=\"application-managepartners-display-component---NewPartner--addressDetailDetailsCountry-arrow\"]"}
COMMAND: POST /session/416e0c1cc5e5391e8fcc7ee7b1fbe604/element/f.50BABCFD8003DB92F28A6394CEE4B89A.d.49B660B1C574B69DA6EAC93291B74F83.e.3602/click - {}
RESULT: {}
COMMAND: POST /session/416e0c1cc5e5391e8fcc7ee7b1fbe604/element - {"using":"xpath","value":"//span[contains(text(), \"Argentina\")]"}
COMMAND: GET /session/416e0c1cc5e5391e8fcc7ee7b1fbe604/screenshot - {}
RESULT: {"using":"xpath","value":"//span[contains(text(), \"Argentina\")]"}
COMMAND: POST /session/416e0c1cc5e5391e8fcc7ee7b1fbe604/element/f.50BABCFD8003DB92F28A6394CEE4B89A.d.49B660B1C574B69DA6EAC93291B74F83.e.3630/click - {}
RESULT: {}
RESULT: {}
COMMAND: GET /session/416e0c1cc5e5391e8fcc7ee7b1fbe604/screenshot - {}
RESULT: {}
COMMAND: POST /session/416e0c1cc5e5391e8fcc7ee7b1fbe604/element - {"using":"xpath","value":"//bdi[contains(text(), \"Commercial\")]"}
RESULT: {"using":"xpath","value":"//bdi[contains(text(), \"Commercial\")]"}
COMMAND: POST /session/416e0c1cc5e5391e8fcc7ee7b1fbe604/element/f.50BABCFD8003DB92F28A6394CEE4B89A.d.49B660B1C574B69DA6EAC93291B74F83.e.3631/click - {}
RESULT: {}
COMMAND: GET /session/416e0c1cc5e5391e8fcc7ee7b1fbe604/screenshot - {}
RESULT: {}
COMMAND: POST /session/416e0c1cc5e5391e8fcc7ee7b1fbe604/execute/async - {"script":"<script> [1562 bytes]","args":[{"selector":{"id":"application-managepartners-display-component---NewPartner--partnerDetailInternal-arrow"},"wdio_ui5_key":"applicationmanagepartners-display-component---NewPartner--partnerDetailInternal-arrow"}]}
RESULT: {"script":"<script> [1562 bytes]","args":[{"selector":{"id":"application-managepartners-display-component---NewPartner--partnerDetailInternal-arrow"},"wdio_ui5_key":"applicationmanagepartners-display-component---NewPartner--partnerDetailInternal-arrow"}]}
RESULT: undefined
COMMAND: POST /session/416e0c1cc5e5391e8fcc7ee7b1fbe604/element - {"using":"xpath","value":"//*[@id=\"application-managepartners-display-component---NewPartner--partnerDetailInternal-arrow\"]"}
RESULT: {"using":"xpath","value":"//*[@id=\"application-managepartners-display-component---NewPartner--partnerDetailInternal-arrow\"]"}
COMMAND: POST /session/416e0c1cc5e5391e8fcc7ee7b1fbe604/element/f.50BABCFD8003DB92F28A6394CEE4B89A.d.49B660B1C574B69DA6EAC93291B74F83.e.3639/click - {}
RESULT: {}
COMMAND: POST /session/416e0c1cc5e5391e8fcc7ee7b1fbe604/element - {"using":"xpath","value":"//span[contains(text(), \"Affiliated company\")]"}
COMMAND: GET /session/416e0c1cc5e5391e8fcc7ee7b1fbe604/screenshot - {}
RESULT: {"using":"xpath","value":"//span[contains(text(), \"Affiliated company\")]"}
COMMAND: POST /session/416e0c1cc5e5391e8fcc7ee7b1fbe604/element/f.50BABCFD8003DB92F28A6394CEE4B89A.d.49B660B1C574B69DA6EAC93291B74F83.e.3640/click - {}
RESULT: {}
RESULT: {}
COMMAND: POST /session/416e0c1cc5e5391e8fcc7ee7b1fbe604/execute/async - {"script":"<script> [1562 bytes]","args":[{"selector":{"id":"application-managepartners-display-component---NewPartner--partnerDetailsCurrency-arrow"},"wdio_ui5_key":"applicationmanagepartners-display-component---NewPartner--partnerDetailsCurrency-arrow"}]}
COMMAND: GET /session/416e0c1cc5e5391e8fcc7ee7b1fbe604/screenshot - {}
RESULT: {"script":"<script> [1562 bytes]","args":[{"selector":{"id":"application-managepartners-display-component---NewPartner--partnerDetailsCurrency-arrow"},"wdio_ui5_key":"applicationmanagepartners-display-component---NewPartner--partnerDetailsCurrency-arrow"}]}
RESULT: undefined
COMMAND: POST /session/416e0c1cc5e5391e8fcc7ee7b1fbe604/element - {"using":"xpath","value":"//*[@id=\"application-managepartners-display-component---NewPartner--partnerDetailsCurrency-arrow\"]"}
RESULT: {}
RESULT: {"using":"xpath","value":"//*[@id=\"application-managepartners-display-component---NewPartner--partnerDetailsCurrency-arrow\"]"}
COMMAND: POST /session/416e0c1cc5e5391e8fcc7ee7b1fbe604/element/f.50BABCFD8003DB92F28A6394CEE4B89A.d.49B660B1C574B69DA6EAC93291B74F83.e.3647/click - {}
RESULT: {}
COMMAND: POST /session/416e0c1cc5e5391e8fcc7ee7b1fbe604/element - {"using":"xpath","value":"//span[contains(text(), \"Euro\")]"}
COMMAND: GET /session/416e0c1cc5e5391e8fcc7ee7b1fbe604/screenshot - {}
RESULT: {"using":"xpath","value":"//span[contains(text(), \"Euro\")]"}
COMMAND: POST /session/416e0c1cc5e5391e8fcc7ee7b1fbe604/element/f.50BABCFD8003DB92F28A6394CEE4B89A.d.49B660B1C574B69DA6EAC93291B74F83.e.3648/click - {}
RESULT: {}
RESULT: {}
COMMAND: POST /session/416e0c1cc5e5391e8fcc7ee7b1fbe604/execute/async - {"script":"<script> [1562 bytes]","args":[{"selector":{"id":"application-managepartners-display-component---NewPartner--addressEditDetailsCostObjectCstType-arrow"},"wdio_ui5_key":"applicationmanagepartners-display-component---NewPartner--addressEditDetailsCostObjectCstType-arrow"}]}
COMMAND: GET /session/416e0c1cc5e5391e8fcc7ee7b1fbe604/screenshot - {}
RESULT: {"script":"<script> [1562 bytes]","args":[{"selector":{"id":"application-managepartners-display-component---NewPartner--addressEditDetailsCostObjectCstType-arrow"},"wdio_ui5_key":"applicationmanagepartners-display-component---NewPartner--addressEditDetailsCostObjectCstType-arrow"}]}
RESULT: undefined
COMMAND: POST /session/416e0c1cc5e5391e8fcc7ee7b1fbe604/element - {"using":"xpath","value":"//*[@id=\"application-managepartners-display-component---NewPartner--addressEditDetailsCostObjectCstType-arrow\"]"}
RESULT: {}
RESULT: {"using":"xpath","value":"//*[@id=\"application-managepartners-display-component---NewPartner--addressEditDetailsCostObjectCstType-arrow\"]"}
COMMAND: POST /session/416e0c1cc5e5391e8fcc7ee7b1fbe604/element/f.50BABCFD8003DB92F28A6394CEE4B89A.d.49B660B1C574B69DA6EAC93291B74F83.e.3649/click - {}
RESULT: {}
COMMAND: POST /session/416e0c1cc5e5391e8fcc7ee7b1fbe604/element - {"using":"xpath","value":"//span[contains(text(), \"Cost Center\")]"}
COMMAND: GET /session/416e0c1cc5e5391e8fcc7ee7b1fbe604/screenshot - {}
RESULT: {"using":"xpath","value":"//span[contains(text(), \"Cost Center\")]"}
COMMAND: POST /session/416e0c1cc5e5391e8fcc7ee7b1fbe604/element/f.50BABCFD8003DB92F28A6394CEE4B89A.d.49B660B1C574B69DA6EAC93291B74F83.e.3650/click - {}
RESULT: {}
RESULT: {}
COMMAND: GET /session/416e0c1cc5e5391e8fcc7ee7b1fbe604/screenshot - {}
RESULT: {}
COMMAND: POST /session/416e0c1cc5e5391e8fcc7ee7b1fbe604/element - {"using":"xpath","value":"//span[@id=\"application-managepartners-display-component---NewPartner--addressNewCostObjectCstID-vhi\"]"}
RESULT: {"using":"xpath","value":"//span[@id=\"application-managepartners-display-component---NewPartner--addressNewCostObjectCstID-vhi\"]"}
COMMAND: POST /session/416e0c1cc5e5391e8fcc7ee7b1fbe604/execute/sync - {"script":"<script> [8489 bytes]","args":[{"element-6066-11e4-a52e-4f735466cecf":"f.50BABCFD8003DB92F28A6394CEE4B89A.d.49B660B1C574B69DA6EAC93291B74F83.e.3654","ELEMENT":"f.50BABCFD8003DB92F28A6394CEE4B89A.d.49B660B1C574B69DA6EAC93291B74F83.e.3654"}]}
RESULT: {"script":"<script> [8489 bytes]","args":[{"element-6066-11e4-a52e-4f735466cecf":"f.50BABCFD8003DB92F28A6394CEE4B89A.d.49B660B1C574B69DA6EAC93291B74F83.e.3654","ELEMENT":"f.50BABCFD8003DB92F28A6394CEE4B89A.d.49B660B1C574B69DA6EAC93291B74F83.e.3654"}]}
COMMAND: POST /session/416e0c1cc5e5391e8fcc7ee7b1fbe604/execute/async - {"script":"<script> [1562 bytes]","args":[{"selector":{"id":"application-managepartners-display-component---NewPartner--addressNewCostObjectCstID-vhi"},"wdio_ui5_key":"applicationmanagepartners-display-component---NewPartner--addressNewCostObjectCstID-vhi"}]}
COMMAND: GET /session/416e0c1cc5e5391e8fcc7ee7b1fbe604/screenshot - {}
RESULT: {"script":"<script> [1562 bytes]","args":[{"selector":{"id":"application-managepartners-display-component---NewPartner--addressNewCostObjectCstID-vhi"},"wdio_ui5_key":"applicationmanagepartners-display-component---NewPartner--addressNewCostObjectCstID-vhi"}]}
RESULT: undefined
COMMAND: POST /session/416e0c1cc5e5391e8fcc7ee7b1fbe604/element - {"using":"xpath","value":"//*[@id=\"application-managepartners-display-component---NewPartner--addressNewCostObjectCstID-vhi\"]"}
RESULT: {}
RESULT: {"using":"xpath","value":"//*[@id=\"application-managepartners-display-component---NewPartner--addressNewCostObjectCstID-vhi\"]"}
COMMAND: POST /session/416e0c1cc5e5391e8fcc7ee7b1fbe604/element/f.50BABCFD8003DB92F28A6394CEE4B89A.d.49B660B1C574B69DA6EAC93291B74F83.e.3654/click - {}
RESULT: {}
COMMAND: GET /session/416e0c1cc5e5391e8fcc7ee7b1fbe604/screenshot - {}
RESULT: {}
COMMAND: POST /session/416e0c1cc5e5391e8fcc7ee7b1fbe604/execute/async - {"script":"<script> [1562 bytes]","args":[{"selector":{"controlType":"sap.m.SearchField","properties":{"placeholder":"Search"},"searchOpenDialogs":true,"interaction":{"idSuffix":"I"}},"wdio_ui5_key":"sapm.SearchField{\"placeholder\":\"Search\"}"}]}
RESULT: {"script":"<script> [1562 bytes]","args":[{"selector":{"controlType":"sap.m.SearchField","properties":{"placeholder":"Search"},"searchOpenDialogs":true,"interaction":{"idSuffix":"I"}},"wdio_ui5_key":"sapm.SearchField{\"placeholder\":\"Search\"}"}]}
RESULT: undefined
COMMAND: POST /session/416e0c1cc5e5391e8fcc7ee7b1fbe604/execute/async - {"script":"<script> [776 bytes]","args":[{"enterText":"10001013","selector":{"controlType":"sap.m.SearchField","properties":{"placeholder":"Search"},"searchOpenDialogs":true,"interaction":{"idSuffix":"I"}},"clearTextFirst":true,"interactionType":"ENTER_TEXT"}]}
RESULT: {"script":"<script> [776 bytes]","args":[{"enterText":"10001013","selector":{"controlType":"sap.m.SearchField","properties":{"placeholder":"Search"},"searchOpenDialogs":true,"interaction":{"idSuffix":"I"}},"clearTextFirst":true,"interactionType":"ENTER_TEXT"}]}
COMMAND: POST /session/416e0c1cc5e5391e8fcc7ee7b1fbe604/actions - {"actions":[{"id":"action7","type":"key","parameters":{},"actions":[{"type":"keyDown","value":"î€‡"},{"type":"pause","duration":10},{"type":"keyUp","value":"î€‡"}]}]}
RESULT: {"actions":[{"id":"action7","type":"key","parameters":{},"actions":[{"type":"keyDown","value":"î€‡"},{"type":"pause","duration":10},{"type":"keyUp","value":"î€‡"}]}]}
COMMAND: GET /session/416e0c1cc5e5391e8fcc7ee7b1fbe604/screenshot - {}
RESULT: {}
COMMAND: POST /session/416e0c1cc5e5391e8fcc7ee7b1fbe604/element - {"using":"xpath","value":"//span[contains(text(), \"General Management\")]"}
RESULT: {"using":"xpath","value":"//span[contains(text(), \"General Management\")]"}
COMMAND: POST /session/416e0c1cc5e5391e8fcc7ee7b1fbe604/element/f.50BABCFD8003DB92F28A6394CEE4B89A.d.49B660B1C574B69DA6EAC93291B74F83.e.3696/click - {}
RESULT: {}
COMMAND: GET /session/416e0c1cc5e5391e8fcc7ee7b1fbe604/screenshot - {}
RESULT: {}
COMMAND: POST /session/416e0c1cc5e5391e8fcc7ee7b1fbe604/element - {"using":"xpath","value":"//bdi[contains(text(), \"OK\")]"}
RESULT: {"using":"xpath","value":"//bdi[contains(text(), \"OK\")]"}
COMMAND: POST /session/416e0c1cc5e5391e8fcc7ee7b1fbe604/element/f.50BABCFD8003DB92F28A6394CEE4B89A.d.49B660B1C574B69DA6EAC93291B74F83.e.3697/click - {}
RESULT: {}
COMMAND: GET /session/416e0c1cc5e5391e8fcc7ee7b1fbe604/screenshot - {}
RESULT: {}
COMMAND: POST /session/416e0c1cc5e5391e8fcc7ee7b1fbe604/element - {"using":"xpath","value":"//input[@id=\"application-managepartners-display-component---NewPartner--companyCodeComboBox-inner\"]"}
RESULT: {"using":"xpath","value":"//input[@id=\"application-managepartners-display-component---NewPartner--companyCodeComboBox-inner\"]"}
COMMAND: POST /session/416e0c1cc5e5391e8fcc7ee7b1fbe604/element/f.50BABCFD8003DB92F28A6394CEE4B89A.d.49B660B1C574B69DA6EAC93291B74F83.e.3496/clear - {}
RESULT: {}
COMMAND: POST /session/416e0c1cc5e5391e8fcc7ee7b1fbe604/element/f.50BABCFD8003DB92F28A6394CEE4B89A.d.49B660B1C574B69DA6EAC93291B74F83.e.3496/value - {"text":"C002"}
COMMAND: GET /session/416e0c1cc5e5391e8fcc7ee7b1fbe604/screenshot - {}
RESULT: {"text":"C002"}
COMMAND: GET /session/416e0c1cc5e5391e8fcc7ee7b1fbe604/screenshot - {}
RESULT: {}
RESULT: {}
COMMAND: POST /session/416e0c1cc5e5391e8fcc7ee7b1fbe604/element - {"using":"xpath","value":"//span[contains(text(), \"C002\")]"}
RESULT: {"using":"xpath","value":"//span[contains(text(), \"C002\")]"}
COMMAND: POST /session/416e0c1cc5e5391e8fcc7ee7b1fbe604/element/f.50BABCFD8003DB92F28A6394CEE4B89A.d.49B660B1C574B69DA6EAC93291B74F83.e.3703/click - {}
RESULT: {}
COMMAND: GET /session/416e0c1cc5e5391e8fcc7ee7b1fbe604/screenshot - {}
RESULT: {}
COMMAND: POST /session/416e0c1cc5e5391e8fcc7ee7b1fbe604/execute/async - {"script":"<script> [1562 bytes]","args":[{"selector":{"id":"application-managepartners-display-component---NewPartner--btnAddTableRow-img"},"wdio_ui5_key":"applicationmanagepartners-display-component---NewPartner--btnAddTableRow-img"}]}
RESULT: {"script":"<script> [1562 bytes]","args":[{"selector":{"id":"application-managepartners-display-component---NewPartner--btnAddTableRow-img"},"wdio_ui5_key":"applicationmanagepartners-display-component---NewPartner--btnAddTableRow-img"}]}
RESULT: undefined
COMMAND: POST /session/416e0c1cc5e5391e8fcc7ee7b1fbe604/element - {"using":"xpath","value":"//*[@id=\"application-managepartners-display-component---NewPartner--btnAddTableRow-img\"]"}
RESULT: {"using":"xpath","value":"//*[@id=\"application-managepartners-display-component---NewPartner--btnAddTableRow-img\"]"}
COMMAND: POST /session/416e0c1cc5e5391e8fcc7ee7b1fbe604/element/f.50BABCFD8003DB92F28A6394CEE4B89A.d.49B660B1C574B69DA6EAC93291B74F83.e.3704/click - {}
RESULT: {}
COMMAND: GET /session/416e0c1cc5e5391e8fcc7ee7b1fbe604/screenshot - {}
RESULT: {}
COMMAND: POST /session/416e0c1cc5e5391e8fcc7ee7b1fbe604/element - {"using":"xpath","value":"//input[@id=\"application-managepartners-display-component---NewPartner--assignmentYard-application-managepartners-display-component---NewPartner--assignmentsTable-0-inner\"]"}
RESULT: {"using":"xpath","value":"//input[@id=\"application-managepartners-display-component---NewPartner--assignmentYard-application-managepartners-display-component---NewPartner--assignmentsTable-0-inner\"]"}
COMMAND: POST /session/416e0c1cc5e5391e8fcc7ee7b1fbe604/element/f.50BABCFD8003DB92F28A6394CEE4B89A.d.49B660B1C574B69DA6EAC93291B74F83.e.3707/clear - {}
RESULT: {}
COMMAND: POST /session/416e0c1cc5e5391e8fcc7ee7b1fbe604/element/f.50BABCFD8003DB92F28A6394CEE4B89A.d.49B660B1C574B69DA6EAC93291B74F83.e.3707/value - {"text":"370"}
COMMAND: GET /session/416e0c1cc5e5391e8fcc7ee7b1fbe604/screenshot - {}
RESULT: {"text":"370"}
COMMAND: GET /session/416e0c1cc5e5391e8fcc7ee7b1fbe604/screenshot - {}
RESULT: {}
RESULT: {}
COMMAND: POST /session/416e0c1cc5e5391e8fcc7ee7b1fbe604/element - {"using":"xpath","value":"//li[.//span[text()='370']]"}
RESULT: {"using":"xpath","value":"//li[.//span[text()='370']]"}
COMMAND: POST /session/416e0c1cc5e5391e8fcc7ee7b1fbe604/element/f.50BABCFD8003DB92F28A6394CEE4B89A.d.49B660B1C574B69DA6EAC93291B74F83.e.3716/click - {}
RESULT: {}
COMMAND: GET /session/416e0c1cc5e5391e8fcc7ee7b1fbe604/screenshot - {}
RESULT: {}
COMMAND: POST /session/416e0c1cc5e5391e8fcc7ee7b1fbe604/actions - {"actions":[{"id":"action8","type":"key","parameters":{},"actions":[{"type":"keyDown","value":"î€‡"},{"type":"pause","duration":10},{"type":"keyUp","value":"î€‡"}]}]}
RESULT: {"actions":[{"id":"action8","type":"key","parameters":{},"actions":[{"type":"keyDown","value":"î€‡"},{"type":"pause","duration":10},{"type":"keyUp","value":"î€‡"}]}]}
COMMAND: POST /session/416e0c1cc5e5391e8fcc7ee7b1fbe604/execute/async - {"script":"<script> [1562 bytes]","args":[{"selector":{"id":"application-managepartners-display-component---NewPartner--externalCustomerComboBox-application-managepartners-display-component---NewPartner--assignmentsTable-0-vhi"},"wdio_ui5_key":"applicationmanagepartners-display-component---NewPartner--externalCustomerComboBox-application-managepartners-display-component---NewPartner--assignmentsTable-0-vhi"}]}
COMMAND: GET /session/416e0c1cc5e5391e8fcc7ee7b1fbe604/screenshot - {}
RESULT: {"script":"<script> [1562 bytes]","args":[{"selector":{"id":"application-managepartners-display-component---NewPartner--externalCustomerComboBox-application-managepartners-display-component---NewPartner--assignmentsTable-0-vhi"},"wdio_ui5_key":"applicationmanagepartners-display-component---NewPartner--externalCustomerComboBox-application-managepartners-display-component---NewPartner--assignmentsTable-0-vhi"}]}
RESULT: undefined
COMMAND: POST /session/416e0c1cc5e5391e8fcc7ee7b1fbe604/element - {"using":"xpath","value":"//*[@id=\"application-managepartners-display-component---NewPartner--externalCustomerComboBox-application-managepartners-display-component---NewPartner--assignmentsTable-0-vhi\"]"}
RESULT: {}
RESULT: {"using":"xpath","value":"//*[@id=\"application-managepartners-display-component---NewPartner--externalCustomerComboBox-application-managepartners-display-component---NewPartner--assignmentsTable-0-vhi\"]"}
COMMAND: POST /session/416e0c1cc5e5391e8fcc7ee7b1fbe604/element/f.50BABCFD8003DB92F28A6394CEE4B89A.d.49B660B1C574B69DA6EAC93291B74F83.e.3720/click - {}
RESULT: {}
RESULT: undefined
COMMAND: POST /session/416e0c1cc5e5391e8fcc7ee7b1fbe604/execute/async - {"script":"<script> [776 bytes]","args":[{"enterText":"300003","selector":{"controlType":"sap.m.SearchField","properties":{"placeholder":"Search"},"searchOpenDialogs":true,"interaction":{"idSuffix":"I"}},"clearTextFirst":true,"interactionType":"ENTER_TEXT"}]}
COMMAND: GET /session/416e0c1cc5e5391e8fcc7ee7b1fbe604/screenshot - {}
RESULT: {"script":"<script> [776 bytes]","args":[{"enterText":"300003","selector":{"controlType":"sap.m.SearchField","properties":{"placeholder":"Search"},"searchOpenDialogs":true,"interaction":{"idSuffix":"I"}},"clearTextFirst":true,"interactionType":"ENTER_TEXT"}]}
COMMAND: POST /session/416e0c1cc5e5391e8fcc7ee7b1fbe604/actions - {"actions":[{"id":"action9","type":"key","parameters":{},"actions":[{"type":"keyDown","value":"î€‡"},{"type":"pause","duration":10},{"type":"keyUp","value":"î€‡"}]}]}
RESULT: {}
RESULT: {"actions":[{"id":"action9","type":"key","parameters":{},"actions":[{"type":"keyDown","value":"î€‡"},{"type":"pause","duration":10},{"type":"keyUp","value":"î€‡"}]}]}
COMMAND: GET /session/416e0c1cc5e5391e8fcc7ee7b1fbe604/screenshot - {}
RESULT: {}
COMMAND: POST /session/416e0c1cc5e5391e8fcc7ee7b1fbe604/element - {"using":"xpath","value":"//span[contains(text(), \"300003\")]"}
RESULT: {"using":"xpath","value":"//span[contains(text(), \"300003\")]"}
COMMAND: POST /session/416e0c1cc5e5391e8fcc7ee7b1fbe604/element/f.50BABCFD8003DB92F28A6394CEE4B89A.d.49B660B1C574B69DA6EAC93291B74F83.e.3739/click - {}
RESULT: {}
COMMAND: GET /session/416e0c1cc5e5391e8fcc7ee7b1fbe604/screenshot - {}
RESULT: {}
COMMAND: POST /session/416e0c1cc5e5391e8fcc7ee7b1fbe604/element - {"using":"xpath","value":"//bdi[contains(text(), \"OK\")]"}
RESULT: {"using":"xpath","value":"//bdi[contains(text(), \"OK\")]"}
COMMAND: POST /session/416e0c1cc5e5391e8fcc7ee7b1fbe604/element/f.50BABCFD8003DB92F28A6394CEE4B89A.d.49B660B1C574B69DA6EAC93291B74F83.e.3741/click - {}
RESULT: {}
COMMAND: GET /session/416e0c1cc5e5391e8fcc7ee7b1fbe604/screenshot - {}
RESULT: {}
COMMAND: POST /session/416e0c1cc5e5391e8fcc7ee7b1fbe604/execute/async - {"script":"<script> [1562 bytes]","args":[{"selector":{"id":"application-managepartners-display-component---NewPartner--intercompVendorComboBox-application-managepartners-display-component---NewPartner--assignmentsTable-0-vhi"},"wdio_ui5_key":"applicationmanagepartners-display-component---NewPartner--intercompVendorComboBox-application-managepartners-display-component---NewPartner--assignmentsTable-0-vhi"}]}
RESULT: {"script":"<script> [1562 bytes]","args":[{"selector":{"id":"application-managepartners-display-component---NewPartner--intercompVendorComboBox-application-managepartners-display-component---NewPartner--assignmentsTable-0-vhi"},"wdio_ui5_key":"applicationmanagepartners-display-component---NewPartner--intercompVendorComboBox-application-managepartners-display-component---NewPartner--assignmentsTable-0-vhi"}]}
RESULT: undefined
COMMAND: POST /session/416e0c1cc5e5391e8fcc7ee7b1fbe604/element - {"using":"xpath","value":"//*[@id=\"application-managepartners-display-component---NewPartner--intercompVendorComboBox-application-managepartners-display-component---NewPartner--assignmentsTable-0-vhi\"]"}
RESULT: {"using":"xpath","value":"//*[@id=\"application-managepartners-display-component---NewPartner--intercompVendorComboBox-application-managepartners-display-component---NewPartner--assignmentsTable-0-vhi\"]"}
COMMAND: POST /session/416e0c1cc5e5391e8fcc7ee7b1fbe604/element/f.50BABCFD8003DB92F28A6394CEE4B89A.d.49B660B1C574B69DA6EAC93291B74F83.e.3744/click - {}
RESULT: {}
RESULT: undefined
COMMAND: POST /session/416e0c1cc5e5391e8fcc7ee7b1fbe604/execute/async - {"script":"<script> [776 bytes]","args":[{"enterText":"100005","selector":{"controlType":"sap.m.SearchField","properties":{"placeholder":"Search"},"searchOpenDialogs":true,"interaction":{"idSuffix":"I"}},"clearTextFirst":true,"interactionType":"ENTER_TEXT"}]}
COMMAND: GET /session/416e0c1cc5e5391e8fcc7ee7b1fbe604/screenshot - {}
RESULT: {"script":"<script> [776 bytes]","args":[{"enterText":"100005","selector":{"controlType":"sap.m.SearchField","properties":{"placeholder":"Search"},"searchOpenDialogs":true,"interaction":{"idSuffix":"I"}},"clearTextFirst":true,"interactionType":"ENTER_TEXT"}]}
COMMAND: POST /session/416e0c1cc5e5391e8fcc7ee7b1fbe604/actions - {"actions":[{"id":"action10","type":"key","parameters":{},"actions":[{"type":"keyDown","value":"î€‡"},{"type":"pause","duration":10},{"type":"keyUp","value":"î€‡"}]}]}
RESULT: {}
RESULT: {"actions":[{"id":"action10","type":"key","parameters":{},"actions":[{"type":"keyDown","value":"î€‡"},{"type":"pause","duration":10},{"type":"keyUp","value":"î€‡"}]}]}
COMMAND: GET /session/416e0c1cc5e5391e8fcc7ee7b1fbe604/screenshot - {}
RESULT: {}
COMMAND: POST /session/416e0c1cc5e5391e8fcc7ee7b1fbe604/element - {"using":"xpath","value":"//span[contains(text(), \"Penguins - Field/12345 Berlin\")]"}
RESULT: {"using":"xpath","value":"//span[contains(text(), \"Penguins - Field/12345 Berlin\")]"}
COMMAND: POST /session/416e0c1cc5e5391e8fcc7ee7b1fbe604/element/f.50BABCFD8003DB92F28A6394CEE4B89A.d.49B660B1C574B69DA6EAC93291B74F83.e.3761/click - {}
RESULT: {}
COMMAND: GET /session/416e0c1cc5e5391e8fcc7ee7b1fbe604/screenshot - {}
RESULT: {}
COMMAND: POST /session/416e0c1cc5e5391e8fcc7ee7b1fbe604/element - {"using":"xpath","value":"//bdi[contains(text(), \"OK\")]"}
RESULT: {"using":"xpath","value":"//bdi[contains(text(), \"OK\")]"}
COMMAND: POST /session/416e0c1cc5e5391e8fcc7ee7b1fbe604/element/f.50BABCFD8003DB92F28A6394CEE4B89A.d.49B660B1C574B69DA6EAC93291B74F83.e.3762/click - {}
RESULT: {}
COMMAND: GET /session/416e0c1cc5e5391e8fcc7ee7b1fbe604/screenshot - {}
RESULT: {}
COMMAND: POST /session/416e0c1cc5e5391e8fcc7ee7b1fbe604/element - {"using":"xpath","value":"//button[@data-kt=\"saveButton\"]"}
RESULT: {"using":"xpath","value":"//button[@data-kt=\"saveButton\"]"}
COMMAND: POST /session/416e0c1cc5e5391e8fcc7ee7b1fbe604/element/f.50BABCFD8003DB92F28A6394CEE4B89A.d.49B660B1C574B69DA6EAC93291B74F83.e.3604/click - {}
RESULT: {}
COMMAND: GET /session/416e0c1cc5e5391e8fcc7ee7b1fbe604/screenshot - {}
RESULT: {}
COMMAND: POST /session/416e0c1cc5e5391e8fcc7ee7b1fbe604/element - {"using":"xpath","value":"//header[contains(@id, 'ObjectPageLayout-headerTitle')]/div[1]/div[2]/div[2]/span[1]"}
RESULT: {"using":"xpath","value":"//header[contains(@id, 'ObjectPageLayout-headerTitle')]/div[1]/div[2]/div[2]/span[1]"}
COMMAND: POST /session/416e0c1cc5e5391e8fcc7ee7b1fbe604/elements - {"using":"xpath","value":"//header[contains(@id, 'ObjectPageLayout-headerTitle')]/div[1]/div[2]/div[2]/span[1]"}
RESULT: {"using":"xpath","value":"//header[contains(@id, 'ObjectPageLayout-headerTitle')]/div[1]/div[2]/div[2]/span[1]"}
COMMAND: POST /session/416e0c1cc5e5391e8fcc7ee7b1fbe604/execute/sync - {"script":"<script> [56 bytes]","args":[{"element-6066-11e4-a52e-4f735466cecf":"f.50BABCFD8003DB92F28A6394CEE4B89A.d.49B660B1C574B69DA6EAC93291B74F83.e.3928","ELEMENT":"f.50BABCFD8003DB92F28A6394CEE4B89A.d.49B660B1C574B69DA6EAC93291B74F83.e.3928"}]}
RESULT: {"script":"<script> [56 bytes]","args":[{"element-6066-11e4-a52e-4f735466cecf":"f.50BABCFD8003DB92F28A6394CEE4B89A.d.49B660B1C574B69DA6EAC93291B74F83.e.3928","ELEMENT":"f.50BABCFD8003DB92F28A6394CEE4B89A.d.49B660B1C574B69DA6EAC93291B74F83.e.3928"}]}
COMMAND: POST /session/416e0c1cc5e5391e8fcc7ee7b1fbe604/element - {"using":"css selector","value":"#shell-header-logo"}
COMMAND: GET /session/416e0c1cc5e5391e8fcc7ee7b1fbe604/screenshot - {}
RESULT: {"using":"css selector","value":"#shell-header-logo"}
COMMAND: POST /session/416e0c1cc5e5391e8fcc7ee7b1fbe604/element/f.50BABCFD8003DB92F28A6394CEE4B89A.d.49B660B1C574B69DA6EAC93291B74F83.e.3148/click - {}
RESULT: {}
RESULT: {}
COMMAND: GET /session/416e0c1cc5e5391e8fcc7ee7b1fbe604/screenshot - {}
RESULT: {}
COMMAND: POST /session/416e0c1cc5e5391e8fcc7ee7b1fbe604/execute/sync - {"script":"<script> [299 bytes]","args":[["getModel","getResource"]]}
RESULT: {"script":"<script> [299 bytes]","args":[["getModel","getResource"]]}
RESULT: undefined
COMMAND: POST /session/416e0c1cc5e5391e8fcc7ee7b1fbe604/element - {"using":"xpath","value":"//*[@id=\"__tile30\"]"}
COMMAND: GET /session/416e0c1cc5e5391e8fcc7ee7b1fbe604/screenshot - {}
RESULT: {"using":"xpath","value":"//*[@id=\"__tile30\"]"}
COMMAND: POST /session/416e0c1cc5e5391e8fcc7ee7b1fbe604/element/f.50BABCFD8003DB92F28A6394CEE4B89A.d.49B660B1C574B69DA6EAC93291B74F83.e.3068/click - {}
RESULT: {}
RESULT: {}
COMMAND: POST /session/416e0c1cc5e5391e8fcc7ee7b1fbe604/element - {"using":"xpath","value":"//button[@data-kt=\"addButton\"]"}
COMMAND: GET /session/416e0c1cc5e5391e8fcc7ee7b1fbe604/screenshot - {}
RESULT: {"using":"xpath","value":"//button[@data-kt=\"addButton\"]"}
COMMAND: POST /session/416e0c1cc5e5391e8fcc7ee7b1fbe604/elements - {"using":"xpath","value":"//button[@data-kt=\"addButton\"]"}
RESULT: {}
RESULT: {"using":"xpath","value":"//button[@data-kt=\"addButton\"]"}
COMMAND: POST /session/416e0c1cc5e5391e8fcc7ee7b1fbe604/elements - {"using":"xpath","value":"//button[@data-kt=\"addButton\"]"}
RESULT: {"using":"xpath","value":"//button[@data-kt=\"addButton\"]"}
COMMAND: POST /session/416e0c1cc5e5391e8fcc7ee7b1fbe604/elements - {"using":"xpath","value":"//button[@data-kt=\"addButton\"]"}
RESULT: {"using":"xpath","value":"//button[@data-kt=\"addButton\"]"}
COMMAND: POST /session/416e0c1cc5e5391e8fcc7ee7b1fbe604/elements - {"using":"xpath","value":"//button[@data-kt=\"addButton\"]"}
RESULT: {"using":"xpath","value":"//button[@data-kt=\"addButton\"]"}
COMMAND: POST /session/416e0c1cc5e5391e8fcc7ee7b1fbe604/elements - {"using":"xpath","value":"//button[@data-kt=\"addButton\"]"}
RESULT: {"using":"xpath","value":"//button[@data-kt=\"addButton\"]"}
COMMAND: POST /session/416e0c1cc5e5391e8fcc7ee7b1fbe604/elements - {"using":"xpath","value":"//button[@data-kt=\"addButton\"]"}
RESULT: {"using":"xpath","value":"//button[@data-kt=\"addButton\"]"}
COMMAND: POST /session/416e0c1cc5e5391e8fcc7ee7b1fbe604/elements - {"using":"xpath","value":"//button[@data-kt=\"addButton\"]"}
RESULT: {"using":"xpath","value":"//button[@data-kt=\"addButton\"]"}
COMMAND: POST /session/416e0c1cc5e5391e8fcc7ee7b1fbe604/elements - {"using":"xpath","value":"//button[@data-kt=\"addButton\"]"}
RESULT: {"using":"xpath","value":"//button[@data-kt=\"addButton\"]"}
COMMAND: POST /session/416e0c1cc5e5391e8fcc7ee7b1fbe604/elements - {"using":"xpath","value":"//button[@data-kt=\"addButton\"]"}
RESULT: {"using":"xpath","value":"//button[@data-kt=\"addButton\"]"}
COMMAND: POST /session/416e0c1cc5e5391e8fcc7ee7b1fbe604/elements - {"using":"xpath","value":"//button[@data-kt=\"addButton\"]"}
RESULT: {"using":"xpath","value":"//button[@data-kt=\"addButton\"]"}
COMMAND: POST /session/416e0c1cc5e5391e8fcc7ee7b1fbe604/elements - {"using":"xpath","value":"//button[@data-kt=\"addButton\"]"}
RESULT: {"using":"xpath","value":"//button[@data-kt=\"addButton\"]"}
COMMAND: POST /session/416e0c1cc5e5391e8fcc7ee7b1fbe604/elements - {"using":"xpath","value":"//button[@data-kt=\"addButton\"]"}
RESULT: {"using":"xpath","value":"//button[@data-kt=\"addButton\"]"}
COMMAND: POST /session/416e0c1cc5e5391e8fcc7ee7b1fbe604/elements - {"using":"xpath","value":"//button[@data-kt=\"addButton\"]"}
RESULT: {"using":"xpath","value":"//button[@data-kt=\"addButton\"]"}
COMMAND: POST /session/416e0c1cc5e5391e8fcc7ee7b1fbe604/elements - {"using":"xpath","value":"//button[@data-kt=\"addButton\"]"}
RESULT: {"using":"xpath","value":"//button[@data-kt=\"addButton\"]"}
COMMAND: POST /session/416e0c1cc5e5391e8fcc7ee7b1fbe604/elements - {"using":"xpath","value":"//button[@data-kt=\"addButton\"]"}
RESULT: {"using":"xpath","value":"//button[@data-kt=\"addButton\"]"}
COMMAND: POST /session/416e0c1cc5e5391e8fcc7ee7b1fbe604/elements - {"using":"xpath","value":"//button[@data-kt=\"addButton\"]"}
RESULT: {"using":"xpath","value":"//button[@data-kt=\"addButton\"]"}
COMMAND: POST /session/416e0c1cc5e5391e8fcc7ee7b1fbe604/element - {"using":"xpath","value":"//button[@data-kt=\"addButton\"]"}
RESULT: {"using":"xpath","value":"//button[@data-kt=\"addButton\"]"}
COMMAND: POST /session/416e0c1cc5e5391e8fcc7ee7b1fbe604/execute/sync - {"script":"<script> [8489 bytes]","args":[{"element-6066-11e4-a52e-4f735466cecf":"f.50BABCFD8003DB92F28A6394CEE4B89A.d.49B660B1C574B69DA6EAC93291B74F83.e.3966","ELEMENT":"f.50BABCFD8003DB92F28A6394CEE4B89A.d.49B660B1C574B69DA6EAC93291B74F83.e.3966"}]}
RESULT: {"script":"<script> [8489 bytes]","args":[{"element-6066-11e4-a52e-4f735466cecf":"f.50BABCFD8003DB92F28A6394CEE4B89A.d.49B660B1C574B69DA6EAC93291B74F83.e.3966","ELEMENT":"f.50BABCFD8003DB92F28A6394CEE4B89A.d.49B660B1C574B69DA6EAC93291B74F83.e.3966"}]}
COMMAND: GET /session/416e0c1cc5e5391e8fcc7ee7b1fbe604/element/f.50BABCFD8003DB92F28A6394CEE4B89A.d.49B660B1C574B69DA6EAC93291B74F83.e.3966/enabled - {}
COMMAND: GET /session/416e0c1cc5e5391e8fcc7ee7b1fbe604/screenshot - {}
RESULT: {}
COMMAND: POST /session/416e0c1cc5e5391e8fcc7ee7b1fbe604/execute/sync - {"script":"<script> [8489 bytes]","args":[{"element-6066-11e4-a52e-4f735466cecf":"f.50BABCFD8003DB92F28A6394CEE4B89A.d.49B660B1C574B69DA6EAC93291B74F83.e.3966","ELEMENT":"f.50BABCFD8003DB92F28A6394CEE4B89A.d.49B660B1C574B69DA6EAC93291B74F83.e.3966"}]}
COMMAND: GET /session/416e0c1cc5e5391e8fcc7ee7b1fbe604/screenshot - {}
RESULT: {}
RESULT: {"script":"<script> [8489 bytes]","args":[{"element-6066-11e4-a52e-4f735466cecf":"f.50BABCFD8003DB92F28A6394CEE4B89A.d.49B660B1C574B69DA6EAC93291B74F83.e.3966","ELEMENT":"f.50BABCFD8003DB92F28A6394CEE4B89A.d.49B660B1C574B69DA6EAC93291B74F83.e.3966"}]}
COMMAND: POST /session/416e0c1cc5e5391e8fcc7ee7b1fbe604/execute/sync - {"script":"<script> [5351 bytes]","args":[{"element-6066-11e4-a52e-4f735466cecf":"f.50BABCFD8003DB92F28A6394CEE4B89A.d.49B660B1C574B69DA6EAC93291B74F83.e.3966","ELEMENT":"f.50BABCFD8003DB92F28A6394CEE4B89A.d.49B660B1C574B69DA6EAC93291B74F83.e.3966"}]}
COMMAND: GET /session/416e0c1cc5e5391e8fcc7ee7b1fbe604/screenshot - {}
RESULT: {}
RESULT: {"script":"<script> [5351 bytes]","args":[{"element-6066-11e4-a52e-4f735466cecf":"f.50BABCFD8003DB92F28A6394CEE4B89A.d.49B660B1C574B69DA6EAC93291B74F83.e.3966","ELEMENT":"f.50BABCFD8003DB92F28A6394CEE4B89A.d.49B660B1C574B69DA6EAC93291B74F83.e.3966"}]}
COMMAND: GET /session/416e0c1cc5e5391e8fcc7ee7b1fbe604/screenshot - {}
RESULT: {}
RESULT: {}
COMMAND: POST /session/416e0c1cc5e5391e8fcc7ee7b1fbe604/execute/async - {"script":"<script> [1562 bytes]","args":[{"selector":{"id":"application-managepartners-display-component---masterPtm--smartFilterBar-btnBasicSearch","interaction":{"idSuffix":"I"}},"wdio_ui5_key":"applicationmanagepartners-display-component---masterPtm--smartFilterBar-btnBasicSearch"}]}
RESULT: {"script":"<script> [1562 bytes]","args":[{"selector":{"id":"application-managepartners-display-component---masterPtm--smartFilterBar-btnBasicSearch","interaction":{"idSuffix":"I"}},"wdio_ui5_key":"applicationmanagepartners-display-component---masterPtm--smartFilterBar-btnBasicSearch"}]}
RESULT: undefined
COMMAND: POST /session/416e0c1cc5e5391e8fcc7ee7b1fbe604/execute/async - {"script":"<script> [776 bytes]","args":[{"enterText":"1244","selector":{"id":"application-managepartners-display-component---masterPtm--smartFilterBar-btnBasicSearch","interaction":{"idSuffix":"I"}},"clearTextFirst":true,"interactionType":"ENTER_TEXT"}]}
RESULT: {"script":"<script> [776 bytes]","args":[{"enterText":"1244","selector":{"id":"application-managepartners-display-component---masterPtm--smartFilterBar-btnBasicSearch","interaction":{"idSuffix":"I"}},"clearTextFirst":true,"interactionType":"ENTER_TEXT"}]}
COMMAND: POST /session/416e0c1cc5e5391e8fcc7ee7b1fbe604/actions - {"actions":[{"id":"action11","type":"key","parameters":{},"actions":[{"type":"keyDown","value":"î€‡"},{"type":"pause","duration":10},{"type":"keyUp","value":"î€‡"}]}]}
RESULT: {"actions":[{"id":"action11","type":"key","parameters":{},"actions":[{"type":"keyDown","value":"î€‡"},{"type":"pause","duration":10},{"type":"keyUp","value":"î€‡"}]}]}
COMMAND: GET /session/416e0c1cc5e5391e8fcc7ee7b1fbe604/screenshot - {}
RESULT: {}
COMMAND: POST /session/416e0c1cc5e5391e8fcc7ee7b1fbe604/elements - {"using":"xpath","value":"//table[contains(@id, \"customPartnersTable-listUl\")]/tbody/tr"}
RESULT: {"using":"xpath","value":"//table[contains(@id, \"customPartnersTable-listUl\")]/tbody/tr"}
COMMAND: POST /session/416e0c1cc5e5391e8fcc7ee7b1fbe604/element - {"using":"xpath","value":"//table[contains(@id, \"customPartnersTable-listUl\")]/tbody/tr[1]/td[3]/span"}
RESULT: {"using":"xpath","value":"//table[contains(@id, \"customPartnersTable-listUl\")]/tbody/tr[1]/td[3]/span"}
COMMAND: POST /session/416e0c1cc5e5391e8fcc7ee7b1fbe604/elements - {"using":"xpath","value":"//table[contains(@id, \"customPartnersTable-listUl\")]/tbody/tr[1]/td[3]/span"}
RESULT: {"using":"xpath","value":"//table[contains(@id, \"customPartnersTable-listUl\")]/tbody/tr[1]/td[3]/span"}
COMMAND: POST /session/416e0c1cc5e5391e8fcc7ee7b1fbe604/execute/sync - {"script":"<script> [56 bytes]","args":[{"element-6066-11e4-a52e-4f735466cecf":"f.50BABCFD8003DB92F28A6394CEE4B89A.d.49B660B1C574B69DA6EAC93291B74F83.e.4113","ELEMENT":"f.50BABCFD8003DB92F28A6394CEE4B89A.d.49B660B1C574B69DA6EAC93291B74F83.e.4113"}]}
RESULT: {"script":"<script> [56 bytes]","args":[{"element-6066-11e4-a52e-4f735466cecf":"f.50BABCFD8003DB92F28A6394CEE4B89A.d.49B660B1C574B69DA6EAC93291B74F83.e.4113","ELEMENT":"f.50BABCFD8003DB92F28A6394CEE4B89A.d.49B660B1C574B69DA6EAC93291B74F83.e.4113"}]}
COMMAND: POST /session/416e0c1cc5e5391e8fcc7ee7b1fbe604/element - {"using":"xpath","value":"(//span[contains(@id, \"imgNav\")])[1]"}
COMMAND: GET /session/416e0c1cc5e5391e8fcc7ee7b1fbe604/screenshot - {}
RESULT: {"using":"xpath","value":"(//span[contains(@id, \"imgNav\")])[1]"}
COMMAND: POST /session/416e0c1cc5e5391e8fcc7ee7b1fbe604/element/f.50BABCFD8003DB92F28A6394CEE4B89A.d.49B660B1C574B69DA6EAC93291B74F83.e.4111/click - {}
RESULT: {}
RESULT: {}
COMMAND: GET /session/416e0c1cc5e5391e8fcc7ee7b1fbe604/screenshot - {}
RESULT: {}
COMMAND: POST /session/416e0c1cc5e5391e8fcc7ee7b1fbe604/element - {"using":"xpath","value":"//bdi[contains(text(), \"Edit\")]"}
RESULT: {"using":"xpath","value":"//bdi[contains(text(), \"Edit\")]"}
COMMAND: POST /session/416e0c1cc5e5391e8fcc7ee7b1fbe604/element/f.50BABCFD8003DB92F28A6394CEE4B89A.d.49B660B1C574B69DA6EAC93291B74F83.e.4259/click - {}
RESULT: {}
COMMAND: GET /session/416e0c1cc5e5391e8fcc7ee7b1fbe604/screenshot - {}
RESULT: {}
COMMAND: POST /session/416e0c1cc5e5391e8fcc7ee7b1fbe604/execute/async - {"script":"<script> [1562 bytes]","args":[{"selector":{"controlType":"sap.m.Input","viewName":"etm.portal.ui.managepartners.view.EditDetail","labelFor":{"text":"Name"},"interaction":{"idSuffix":"inner"}},"wdio_ui5_key":"etmportal.ui.managepartners.view.EditDetailsap.m.Input{\"text\":\"Name\"}"}]}
RESULT: {"script":"<script> [1562 bytes]","args":[{"selector":{"controlType":"sap.m.Input","viewName":"etm.portal.ui.managepartners.view.EditDetail","labelFor":{"text":"Name"},"interaction":{"idSuffix":"inner"}},"wdio_ui5_key":"etmportal.ui.managepartners.view.EditDetailsap.m.Input{\"text\":\"Name\"}"}]}
RESULT: undefined
COMMAND: POST /session/416e0c1cc5e5391e8fcc7ee7b1fbe604/execute/async - {"script":"<script> [776 bytes]","args":[{"enterText":"Intercompany EDIT","selector":{"controlType":"sap.m.Input","viewName":"etm.portal.ui.managepartners.view.EditDetail","labelFor":{"text":"Name"},"interaction":{"idSuffix":"inner"}},"clearTextFirst":true,"interactionType":"ENTER_TEXT"}]}
RESULT: {"script":"<script> [776 bytes]","args":[{"enterText":"Intercompany EDIT","selector":{"controlType":"sap.m.Input","viewName":"etm.portal.ui.managepartners.view.EditDetail","labelFor":{"text":"Name"},"interaction":{"idSuffix":"inner"}},"clearTextFirst":true,"interactionType":"ENTER_TEXT"}]}
COMMAND: POST /session/416e0c1cc5e5391e8fcc7ee7b1fbe604/element - {"using":"xpath","value":"(//span[contains(@id,\"addressDetailDetailsLanguage-arrow\")])[1]"}
RESULT: {"using":"xpath","value":"(//span[contains(@id,\"addressDetailDetailsLanguage-arrow\")])[1]"}
COMMAND: POST /session/416e0c1cc5e5391e8fcc7ee7b1fbe604/element/f.50BABCFD8003DB92F28A6394CEE4B89A.d.49B660B1C574B69DA6EAC93291B74F83.e.4344/click - {}
RESULT: {}
COMMAND: POST /session/416e0c1cc5e5391e8fcc7ee7b1fbe604/element - {"using":"xpath","value":"//span[contains(text(), \"Chinese\")]"}
COMMAND: GET /session/416e0c1cc5e5391e8fcc7ee7b1fbe604/screenshot - {}
RESULT: {"using":"xpath","value":"//span[contains(text(), \"Chinese\")]"}
COMMAND: POST /session/416e0c1cc5e5391e8fcc7ee7b1fbe604/element/f.50BABCFD8003DB92F28A6394CEE4B89A.d.49B660B1C574B69DA6EAC93291B74F83.e.4345/click - {}
RESULT: {}
RESULT: {}
COMMAND: GET /session/416e0c1cc5e5391e8fcc7ee7b1fbe604/screenshot - {}
RESULT: {}
COMMAND: POST /session/416e0c1cc5e5391e8fcc7ee7b1fbe604/execute/async - {"script":"<script> [1562 bytes]","args":[{"selector":{"controlType":"sap.m.Input","viewName":"etm.portal.ui.managepartners.view.EditDetail","labelFor":{"text":"City"},"interaction":{"idSuffix":"inner"}},"wdio_ui5_key":"etmportal.ui.managepartners.view.EditDetailsap.m.Input{\"text\":\"City\"}"}]}
RESULT: {"script":"<script> [1562 bytes]","args":[{"selector":{"controlType":"sap.m.Input","viewName":"etm.portal.ui.managepartners.view.EditDetail","labelFor":{"text":"City"},"interaction":{"idSuffix":"inner"}},"wdio_ui5_key":"etmportal.ui.managepartners.view.EditDetailsap.m.Input{\"text\":\"City\"}"}]}
RESULT: undefined
COMMAND: POST /session/416e0c1cc5e5391e8fcc7ee7b1fbe604/execute/async - {"script":"<script> [776 bytes]","args":[{"enterText":"Clooj-Napoca","selector":{"controlType":"sap.m.Input","viewName":"etm.portal.ui.managepartners.view.EditDetail","labelFor":{"text":"City"},"interaction":{"idSuffix":"inner"}},"clearTextFirst":true,"interactionType":"ENTER_TEXT"}]}
RESULT: {"script":"<script> [776 bytes]","args":[{"enterText":"Clooj-Napoca","selector":{"controlType":"sap.m.Input","viewName":"etm.portal.ui.managepartners.view.EditDetail","labelFor":{"text":"City"},"interaction":{"idSuffix":"inner"}},"clearTextFirst":true,"interactionType":"ENTER_TEXT"}]}
COMMAND: POST /session/416e0c1cc5e5391e8fcc7ee7b1fbe604/element - {"using":"xpath","value":"//button[@data-kt=\"saveButton\"]"}
RESULT: {"using":"xpath","value":"//button[@data-kt=\"saveButton\"]"}
COMMAND: POST /session/416e0c1cc5e5391e8fcc7ee7b1fbe604/element/f.50BABCFD8003DB92F28A6394CEE4B89A.d.49B660B1C574B69DA6EAC93291B74F83.e.4321/click - {}
RESULT: {}
COMMAND: GET /session/416e0c1cc5e5391e8fcc7ee7b1fbe604/screenshot - {}
RESULT: {}
COMMAND: POST /session/416e0c1cc5e5391e8fcc7ee7b1fbe604/execute/async - {"script":"<script> [1562 bytes]","args":[{"selector":{"id":"application-managepartners-display-component---detailPtm--addressDetailDetailsName1"},"wdio_ui5_key":"applicationmanagepartners-display-component---detailPtm--addressDetailDetailsName1"}]}
RESULT: {"script":"<script> [1562 bytes]","args":[{"selector":{"id":"application-managepartners-display-component---detailPtm--addressDetailDetailsName1"},"wdio_ui5_key":"applicationmanagepartners-display-component---detailPtm--addressDetailDetailsName1"}]}
RESULT: undefined
COMMAND: POST /session/416e0c1cc5e5391e8fcc7ee7b1fbe604/execute/async - {"script":"<script> [6424 bytes]","args":[{"element-6066-11e4-a52e-4f735466cecf":"f.50BABCFD8003DB92F28A6394CEE4B89A.d.49B660B1C574B69DA6EAC93291B74F83.e.4376"},"getValue",[]]}
RESULT: {"script":"<script> [6424 bytes]","args":[{"element-6066-11e4-a52e-4f735466cecf":"f.50BABCFD8003DB92F28A6394CEE4B89A.d.49B660B1C574B69DA6EAC93291B74F83.e.4376"},"getValue",[]]}
COMMAND: POST /session/416e0c1cc5e5391e8fcc7ee7b1fbe604/element - {"using":"xpath","value":"//input[@id = \"application-managepartners-display-component---detailPtm--addressDetailDetailsLanguage-inner\"]"}
RESULT: {"using":"xpath","value":"//input[@id = \"application-managepartners-display-component---detailPtm--addressDetailDetailsLanguage-inner\"]"}
COMMAND: GET /session/416e0c1cc5e5391e8fcc7ee7b1fbe604/element/f.50BABCFD8003DB92F28A6394CEE4B89A.d.49B660B1C574B69DA6EAC93291B74F83.e.4377/property/value - {}
RESULT: {}
COMMAND: POST /session/416e0c1cc5e5391e8fcc7ee7b1fbe604/execute/async - {"script":"<script> [1562 bytes]","args":[{"selector":{"id":"application-managepartners-display-component---detailPtm--addressDetailDetailsCity1"},"wdio_ui5_key":"applicationmanagepartners-display-component---detailPtm--addressDetailDetailsCity1"}]}
COMMAND: GET /session/416e0c1cc5e5391e8fcc7ee7b1fbe604/screenshot - {}
RESULT: {"script":"<script> [1562 bytes]","args":[{"selector":{"id":"application-managepartners-display-component---detailPtm--addressDetailDetailsCity1"},"wdio_ui5_key":"applicationmanagepartners-display-component---detailPtm--addressDetailDetailsCity1"}]}
RESULT: undefined
COMMAND: POST /session/416e0c1cc5e5391e8fcc7ee7b1fbe604/execute/async - {"script":"<script> [6424 bytes]","args":[{"element-6066-11e4-a52e-4f735466cecf":"f.50BABCFD8003DB92F28A6394CEE4B89A.d.49B660B1C574B69DA6EAC93291B74F83.e.4378"},"getValue",[]]}
RESULT: {}
RESULT: {"script":"<script> [6424 bytes]","args":[{"element-6066-11e4-a52e-4f735466cecf":"f.50BABCFD8003DB92F28A6394CEE4B89A.d.49B660B1C574B69DA6EAC93291B74F83.e.4378"},"getValue",[]]}
COMMAND: POST /session/416e0c1cc5e5391e8fcc7ee7b1fbe604/element - {"using":"css selector","value":"#shell-header-logo"}
RESULT: {"using":"css selector","value":"#shell-header-logo"}
COMMAND: POST /session/416e0c1cc5e5391e8fcc7ee7b1fbe604/element/f.50BABCFD8003DB92F28A6394CEE4B89A.d.49B660B1C574B69DA6EAC93291B74F83.e.3932/click - {}
RESULT: {}
COMMAND: GET /session/416e0c1cc5e5391e8fcc7ee7b1fbe604/screenshot - {}
RESULT: {}
]]></system-out>
    </testcase>
    <testcase classname="chrome.135_0_7049_96.windows.Partner_specific_tests_US150819_US151080_US151654_US151176_US103444_US151078_US151079_US151109_US151174_US151175_US151189" name="Should create a new intracompany partner edit some of its fields US151079" time="235.915">
      <system-out><![CDATA[
COMMAND: POST /session/416e0c1cc5e5391e8fcc7ee7b1fbe604/element - {"using":"xpath","value":"//li[.//span[text()=\"Manage Partners\"]]"}
RESULT: {"using":"xpath","value":"//li[.//span[text()=\"Manage Partners\"]]"}
COMMAND: POST /session/416e0c1cc5e5391e8fcc7ee7b1fbe604/element - {"using":"xpath","value":"//li[.//span[text()=\"Manage Partners\"]]"}
RESULT: {"using":"xpath","value":"//li[.//span[text()=\"Manage Partners\"]]"}
COMMAND: POST /session/416e0c1cc5e5391e8fcc7ee7b1fbe604/element - {"using":"css selector","value":"#shell-header-logo"}
RESULT: {"using":"css selector","value":"#shell-header-logo"}
COMMAND: POST /session/416e0c1cc5e5391e8fcc7ee7b1fbe604/element/f.50BABCFD8003DB92F28A6394CEE4B89A.d.49B660B1C574B69DA6EAC93291B74F83.e.4408/click - {}
COMMAND: POST /session/416e0c1cc5e5391e8fcc7ee7b1fbe604/execute/sync - {"script":"<script> [8489 bytes]","args":[{"element-6066-11e4-a52e-4f735466cecf":"f.50BABCFD8003DB92F28A6394CEE4B89A.d.49B660B1C574B69DA6EAC93291B74F83.e.4408","ELEMENT":"f.50BABCFD8003DB92F28A6394CEE4B89A.d.49B660B1C574B69DA6EAC93291B74F83.e.4408"}]}
RESULT: {}
COMMAND: GET /session/416e0c1cc5e5391e8fcc7ee7b1fbe604/screenshot - {}
RESULT: {"script":"<script> [8489 bytes]","args":[{"element-6066-11e4-a52e-4f735466cecf":"f.50BABCFD8003DB92F28A6394CEE4B89A.d.49B660B1C574B69DA6EAC93291B74F83.e.4408","ELEMENT":"f.50BABCFD8003DB92F28A6394CEE4B89A.d.49B660B1C574B69DA6EAC93291B74F83.e.4408"}]}
COMMAND: POST /session/416e0c1cc5e5391e8fcc7ee7b1fbe604/execute/sync - {"script":"<script> [5351 bytes]","args":[{"element-6066-11e4-a52e-4f735466cecf":"f.50BABCFD8003DB92F28A6394CEE4B89A.d.49B660B1C574B69DA6EAC93291B74F83.e.4408","ELEMENT":"f.50BABCFD8003DB92F28A6394CEE4B89A.d.49B660B1C574B69DA6EAC93291B74F83.e.4408"}]}
COMMAND: GET /session/416e0c1cc5e5391e8fcc7ee7b1fbe604/screenshot - {}
RESULT: {}
RESULT: {"script":"<script> [5351 bytes]","args":[{"element-6066-11e4-a52e-4f735466cecf":"f.50BABCFD8003DB92F28A6394CEE4B89A.d.49B660B1C574B69DA6EAC93291B74F83.e.4408","ELEMENT":"f.50BABCFD8003DB92F28A6394CEE4B89A.d.49B660B1C574B69DA6EAC93291B74F83.e.4408"}]}
COMMAND: GET /session/416e0c1cc5e5391e8fcc7ee7b1fbe604/screenshot - {}
RESULT: {}
RESULT: {}
COMMAND: POST /session/416e0c1cc5e5391e8fcc7ee7b1fbe604/refresh - {}
RESULT: {}
COMMAND: GET /session/416e0c1cc5e5391e8fcc7ee7b1fbe604/screenshot - {}
RESULT: {}
COMMAND: POST /session/416e0c1cc5e5391e8fcc7ee7b1fbe604/refresh - {}
RESULT: {}
COMMAND: GET /session/416e0c1cc5e5391e8fcc7ee7b1fbe604/screenshot - {}
RESULT: {}
COMMAND: POST /session/416e0c1cc5e5391e8fcc7ee7b1fbe604/window/fullscreen - {}
RESULT: {}
COMMAND: POST /session/416e0c1cc5e5391e8fcc7ee7b1fbe604/execute/async - {"script":"<script> [189 bytes]","args":[]}
RESULT: {"script":"<script> [189 bytes]","args":[]}
COMMAND: POST /session/416e0c1cc5e5391e8fcc7ee7b1fbe604/execute/async - {"script":"<script> [123 bytes]","args":[]}
RESULT: {"script":"<script> [123 bytes]","args":[]}
COMMAND: POST /session/416e0c1cc5e5391e8fcc7ee7b1fbe604/timeouts - {"script":"<number>"}
RESULT: {"script":"<number>"}
COMMAND: GET /session/416e0c1cc5e5391e8fcc7ee7b1fbe604/timeouts - {}
RESULT: {}
RESULT: undefined
COMMAND: POST /session/416e0c1cc5e5391e8fcc7ee7b1fbe604/execute/async - {"script":"<script> [2676 bytes]","args":[]}
RESULT: {"script":"<script> [2676 bytes]","args":[]}
COMMAND: POST /session/416e0c1cc5e5391e8fcc7ee7b1fbe604/execute/async - {"script":"<script> [2342 bytes]","args":[{"protocol":"http","hostname":"0.0.0.0","path":"/","capabilities":{"browserName":"chrome","goog:chromeOptions":{"binary":"C:\\Program Files\\Google\\Chrome\\Application\\chrome.exe","args":["--start-maximized"]}},"logLevel":"warn","connectionRetryTimeout":120000,"connectionRetryCount":3,"logLevels":{},"enableDirectConnect":true,"strictSSL":true,"_":"65 more keys: [\"cacheDir\",\"port\",\"requestedCapabilities\",\"automationProtocol\",\"baseUrl\",\"waitforInterval\",\"waitforTimeout\",\"onReload\",\"beforeCommand\",\"afterCommand\",\"rootDir\",\"specs\",\"suites\",\"exclude\",\"groupLogsByTestSpec\",\"excludeDriverLogs\",\"bail\",\"framework\",\"reporters\",\"services\",\"maxInstances\",\"maxInstancesPerCapability\",\"injectGlobals\",\"filesToWatch\",\"execArgv\",\"runnerEnv\",\"runner\",\"shard\",\"specFileRetries\",\"specFileRetriesDelay\",\"specFileRetriesDeferred\",\"reporterSyncInterval\",\"reporterSyncTimeout\",\"cucumberFeaturesWithLineNumbers\",\"autoCompileOpts\",\"mochaOpts\",\"jasmineOpts\",\"cucumberOpts\",\"onPrepare\",\"onWorkerStart\",\"onWorkerEnd\",\"before\",\"beforeSession\",\"beforeSuite\",\"beforeHook\",\"beforeTest\",\"afterTest\",\"afterHook\",\"afterSuite\",\"afterSession\",\"after\",\"onComplete\",\"beforeAssertion\",\"afterAssertion\",\"beforeFeature\",\"beforeScenario\",\"beforeStep\",\"afterStep\",\"afterScenario\",\"afterFeature\",\"_\",\"suite\",\"$0\",\"ignoredWorkerServices\",\"wdi5\"]"}]}
RESULT: {"script":"<script> [2342 bytes]","args":[{"protocol":"http","hostname":"0.0.0.0","path":"/","capabilities":{"browserName":"chrome","goog:chromeOptions":{"binary":"C:\\Program Files\\Google\\Chrome\\Application\\chrome.exe","args":["--start-maximized"]}},"logLevel":"warn","connectionRetryTimeout":120000,"connectionRetryCount":3,"logLevels":{},"enableDirectConnect":true,"strictSSL":true,"_":"65 more keys: [\"cacheDir\",\"port\",\"requestedCapabilities\",\"automationProtocol\",\"baseUrl\",\"waitforInterval\",\"waitforTimeout\",\"onReload\",\"beforeCommand\",\"afterCommand\",\"rootDir\",\"specs\",\"suites\",\"exclude\",\"groupLogsByTestSpec\",\"excludeDriverLogs\",\"bail\",\"framework\",\"reporters\",\"services\",\"maxInstances\",\"maxInstancesPerCapability\",\"injectGlobals\",\"filesToWatch\",\"execArgv\",\"runnerEnv\",\"runner\",\"shard\",\"specFileRetries\",\"specFileRetriesDelay\",\"specFileRetriesDeferred\",\"reporterSyncInterval\",\"reporterSyncTimeout\",\"cucumberFeaturesWithLineNumbers\",\"autoCompileOpts\",\"mochaOpts\",\"jasmineOpts\",\"cucumberOpts\",\"onPrepare\",\"onWorkerStart\",\"onWorkerEnd\",\"before\",\"beforeSession\",\"beforeSuite\",\"beforeHook\",\"beforeTest\",\"afterTest\",\"afterHook\",\"afterSuite\",\"afterSession\",\"after\",\"onComplete\",\"beforeAssertion\",\"afterAssertion\",\"beforeFeature\",\"beforeScenario\",\"beforeStep\",\"afterStep\",\"afterScenario\",\"afterFeature\",\"_\",\"suite\",\"$0\",\"ignoredWorkerServices\",\"wdi5\"]"}]}
COMMAND: POST /session/416e0c1cc5e5391e8fcc7ee7b1fbe604/execute/async - {"script":"<script> [21126 bytes]","args":[35000]}
RESULT: {"script":"<script> [21126 bytes]","args":[35000]}
COMMAND: POST /session/416e0c1cc5e5391e8fcc7ee7b1fbe604/window/fullscreen - {}
RESULT: {}
COMMAND: POST /session/416e0c1cc5e5391e8fcc7ee7b1fbe604/window/fullscreen - {}
RESULT: {}
COMMAND: POST /session/416e0c1cc5e5391e8fcc7ee7b1fbe604/execute/async - {"script":"<script> [1562 bytes]","args":[{"selector":{"controlType":"sap.m.GenericTile","properties":{"header":"Manage Partners"}},"wdio_ui5_key":"sapm.GenericTile{\"header\":\"Manage Partners\"}"}]}
RESULT: {"script":"<script> [1562 bytes]","args":[{"selector":{"controlType":"sap.m.GenericTile","properties":{"header":"Manage Partners"}},"wdio_ui5_key":"sapm.GenericTile{\"header\":\"Manage Partners\"}"}]}
RESULT: undefined
COMMAND: POST /session/416e0c1cc5e5391e8fcc7ee7b1fbe604/element - {"using":"xpath","value":"//*[@id=\"__tile30\"]"}
RESULT: {"using":"xpath","value":"//*[@id=\"__tile30\"]"}
COMMAND: POST /session/416e0c1cc5e5391e8fcc7ee7b1fbe604/element/f.50BABCFD8003DB92F28A6394CEE4B89A.d.C57B9C0500F8722B63395DFADB01057D.e.4477/click - {}
RESULT: {}
COMMAND: POST /session/416e0c1cc5e5391e8fcc7ee7b1fbe604/element - {"using":"xpath","value":"//button[@data-kt=\"addButton\"]"}
COMMAND: GET /session/416e0c1cc5e5391e8fcc7ee7b1fbe604/screenshot - {}
RESULT: {"using":"xpath","value":"//button[@data-kt=\"addButton\"]"}
COMMAND: POST /session/416e0c1cc5e5391e8fcc7ee7b1fbe604/elements - {"using":"xpath","value":"//button[@data-kt=\"addButton\"]"}
RESULT: {}
RESULT: {"using":"xpath","value":"//button[@data-kt=\"addButton\"]"}
COMMAND: POST /session/416e0c1cc5e5391e8fcc7ee7b1fbe604/elements - {"using":"xpath","value":"//button[@data-kt=\"addButton\"]"}
RESULT: {"using":"xpath","value":"//button[@data-kt=\"addButton\"]"}
COMMAND: POST /session/416e0c1cc5e5391e8fcc7ee7b1fbe604/elements - {"using":"xpath","value":"//button[@data-kt=\"addButton\"]"}
RESULT: {"using":"xpath","value":"//button[@data-kt=\"addButton\"]"}
COMMAND: POST /session/416e0c1cc5e5391e8fcc7ee7b1fbe604/elements - {"using":"xpath","value":"//button[@data-kt=\"addButton\"]"}
RESULT: {"using":"xpath","value":"//button[@data-kt=\"addButton\"]"}
COMMAND: POST /session/416e0c1cc5e5391e8fcc7ee7b1fbe604/elements - {"using":"xpath","value":"//button[@data-kt=\"addButton\"]"}
RESULT: {"using":"xpath","value":"//button[@data-kt=\"addButton\"]"}
COMMAND: POST /session/416e0c1cc5e5391e8fcc7ee7b1fbe604/elements - {"using":"xpath","value":"//button[@data-kt=\"addButton\"]"}
RESULT: {"using":"xpath","value":"//button[@data-kt=\"addButton\"]"}
COMMAND: POST /session/416e0c1cc5e5391e8fcc7ee7b1fbe604/elements - {"using":"xpath","value":"//button[@data-kt=\"addButton\"]"}
RESULT: {"using":"xpath","value":"//button[@data-kt=\"addButton\"]"}
COMMAND: POST /session/416e0c1cc5e5391e8fcc7ee7b1fbe604/elements - {"using":"xpath","value":"//button[@data-kt=\"addButton\"]"}
RESULT: {"using":"xpath","value":"//button[@data-kt=\"addButton\"]"}
COMMAND: POST /session/416e0c1cc5e5391e8fcc7ee7b1fbe604/elements - {"using":"xpath","value":"//button[@data-kt=\"addButton\"]"}
RESULT: {"using":"xpath","value":"//button[@data-kt=\"addButton\"]"}
COMMAND: POST /session/416e0c1cc5e5391e8fcc7ee7b1fbe604/elements - {"using":"xpath","value":"//button[@data-kt=\"addButton\"]"}
RESULT: {"using":"xpath","value":"//button[@data-kt=\"addButton\"]"}
COMMAND: POST /session/416e0c1cc5e5391e8fcc7ee7b1fbe604/elements - {"using":"xpath","value":"//button[@data-kt=\"addButton\"]"}
RESULT: {"using":"xpath","value":"//button[@data-kt=\"addButton\"]"}
COMMAND: POST /session/416e0c1cc5e5391e8fcc7ee7b1fbe604/elements - {"using":"xpath","value":"//button[@data-kt=\"addButton\"]"}
RESULT: {"using":"xpath","value":"//button[@data-kt=\"addButton\"]"}
COMMAND: POST /session/416e0c1cc5e5391e8fcc7ee7b1fbe604/elements - {"using":"xpath","value":"//button[@data-kt=\"addButton\"]"}
RESULT: {"using":"xpath","value":"//button[@data-kt=\"addButton\"]"}
COMMAND: POST /session/416e0c1cc5e5391e8fcc7ee7b1fbe604/elements - {"using":"xpath","value":"//button[@data-kt=\"addButton\"]"}
RESULT: {"using":"xpath","value":"//button[@data-kt=\"addButton\"]"}
COMMAND: POST /session/416e0c1cc5e5391e8fcc7ee7b1fbe604/elements - {"using":"xpath","value":"//button[@data-kt=\"addButton\"]"}
RESULT: {"using":"xpath","value":"//button[@data-kt=\"addButton\"]"}
COMMAND: POST /session/416e0c1cc5e5391e8fcc7ee7b1fbe604/elements - {"using":"xpath","value":"//button[@data-kt=\"addButton\"]"}
RESULT: {"using":"xpath","value":"//button[@data-kt=\"addButton\"]"}
COMMAND: POST /session/416e0c1cc5e5391e8fcc7ee7b1fbe604/elements - {"using":"xpath","value":"//button[@data-kt=\"addButton\"]"}
RESULT: {"using":"xpath","value":"//button[@data-kt=\"addButton\"]"}
COMMAND: POST /session/416e0c1cc5e5391e8fcc7ee7b1fbe604/elements - {"using":"xpath","value":"//button[@data-kt=\"addButton\"]"}
RESULT: {"using":"xpath","value":"//button[@data-kt=\"addButton\"]"}
COMMAND: POST /session/416e0c1cc5e5391e8fcc7ee7b1fbe604/elements - {"using":"xpath","value":"//button[@data-kt=\"addButton\"]"}
RESULT: {"using":"xpath","value":"//button[@data-kt=\"addButton\"]"}
COMMAND: POST /session/416e0c1cc5e5391e8fcc7ee7b1fbe604/elements - {"using":"xpath","value":"//button[@data-kt=\"addButton\"]"}
RESULT: {"using":"xpath","value":"//button[@data-kt=\"addButton\"]"}
COMMAND: POST /session/416e0c1cc5e5391e8fcc7ee7b1fbe604/elements - {"using":"xpath","value":"//button[@data-kt=\"addButton\"]"}
RESULT: {"using":"xpath","value":"//button[@data-kt=\"addButton\"]"}
COMMAND: POST /session/416e0c1cc5e5391e8fcc7ee7b1fbe604/elements - {"using":"xpath","value":"//button[@data-kt=\"addButton\"]"}
RESULT: {"using":"xpath","value":"//button[@data-kt=\"addButton\"]"}
COMMAND: POST /session/416e0c1cc5e5391e8fcc7ee7b1fbe604/elements - {"using":"xpath","value":"//button[@data-kt=\"addButton\"]"}
RESULT: {"using":"xpath","value":"//button[@data-kt=\"addButton\"]"}
COMMAND: POST /session/416e0c1cc5e5391e8fcc7ee7b1fbe604/elements - {"using":"xpath","value":"//button[@data-kt=\"addButton\"]"}
RESULT: {"using":"xpath","value":"//button[@data-kt=\"addButton\"]"}
COMMAND: POST /session/416e0c1cc5e5391e8fcc7ee7b1fbe604/elements - {"using":"xpath","value":"//button[@data-kt=\"addButton\"]"}
RESULT: {"using":"xpath","value":"//button[@data-kt=\"addButton\"]"}
COMMAND: POST /session/416e0c1cc5e5391e8fcc7ee7b1fbe604/elements - {"using":"xpath","value":"//button[@data-kt=\"addButton\"]"}
RESULT: {"using":"xpath","value":"//button[@data-kt=\"addButton\"]"}
COMMAND: POST /session/416e0c1cc5e5391e8fcc7ee7b1fbe604/elements - {"using":"xpath","value":"//button[@data-kt=\"addButton\"]"}
RESULT: {"using":"xpath","value":"//button[@data-kt=\"addButton\"]"}
COMMAND: POST /session/416e0c1cc5e5391e8fcc7ee7b1fbe604/elements - {"using":"xpath","value":"//button[@data-kt=\"addButton\"]"}
RESULT: {"using":"xpath","value":"//button[@data-kt=\"addButton\"]"}
COMMAND: POST /session/416e0c1cc5e5391e8fcc7ee7b1fbe604/elements - {"using":"xpath","value":"//button[@data-kt=\"addButton\"]"}
RESULT: {"using":"xpath","value":"//button[@data-kt=\"addButton\"]"}
COMMAND: POST /session/416e0c1cc5e5391e8fcc7ee7b1fbe604/elements - {"using":"xpath","value":"//button[@data-kt=\"addButton\"]"}
RESULT: {"using":"xpath","value":"//button[@data-kt=\"addButton\"]"}
COMMAND: POST /session/416e0c1cc5e5391e8fcc7ee7b1fbe604/elements - {"using":"xpath","value":"//button[@data-kt=\"addButton\"]"}
RESULT: {"using":"xpath","value":"//button[@data-kt=\"addButton\"]"}
COMMAND: POST /session/416e0c1cc5e5391e8fcc7ee7b1fbe604/element - {"using":"xpath","value":"//button[@data-kt=\"addButton\"]"}
RESULT: {"using":"xpath","value":"//button[@data-kt=\"addButton\"]"}
COMMAND: POST /session/416e0c1cc5e5391e8fcc7ee7b1fbe604/execute/sync - {"script":"<script> [8489 bytes]","args":[{"element-6066-11e4-a52e-4f735466cecf":"f.50BABCFD8003DB92F28A6394CEE4B89A.d.C57B9C0500F8722B63395DFADB01057D.e.4593","ELEMENT":"f.50BABCFD8003DB92F28A6394CEE4B89A.d.C57B9C0500F8722B63395DFADB01057D.e.4593"}]}
RESULT: {"script":"<script> [8489 bytes]","args":[{"element-6066-11e4-a52e-4f735466cecf":"f.50BABCFD8003DB92F28A6394CEE4B89A.d.C57B9C0500F8722B63395DFADB01057D.e.4593","ELEMENT":"f.50BABCFD8003DB92F28A6394CEE4B89A.d.C57B9C0500F8722B63395DFADB01057D.e.4593"}]}
COMMAND: GET /session/416e0c1cc5e5391e8fcc7ee7b1fbe604/element/f.50BABCFD8003DB92F28A6394CEE4B89A.d.C57B9C0500F8722B63395DFADB01057D.e.4593/enabled - {}
COMMAND: GET /session/416e0c1cc5e5391e8fcc7ee7b1fbe604/screenshot - {}
RESULT: {}
COMMAND: POST /session/416e0c1cc5e5391e8fcc7ee7b1fbe604/execute/sync - {"script":"<script> [8489 bytes]","args":[{"element-6066-11e4-a52e-4f735466cecf":"f.50BABCFD8003DB92F28A6394CEE4B89A.d.C57B9C0500F8722B63395DFADB01057D.e.4593","ELEMENT":"f.50BABCFD8003DB92F28A6394CEE4B89A.d.C57B9C0500F8722B63395DFADB01057D.e.4593"}]}
COMMAND: GET /session/416e0c1cc5e5391e8fcc7ee7b1fbe604/screenshot - {}
RESULT: {}
RESULT: {"script":"<script> [8489 bytes]","args":[{"element-6066-11e4-a52e-4f735466cecf":"f.50BABCFD8003DB92F28A6394CEE4B89A.d.C57B9C0500F8722B63395DFADB01057D.e.4593","ELEMENT":"f.50BABCFD8003DB92F28A6394CEE4B89A.d.C57B9C0500F8722B63395DFADB01057D.e.4593"}]}
COMMAND: POST /session/416e0c1cc5e5391e8fcc7ee7b1fbe604/execute/sync - {"script":"<script> [5351 bytes]","args":[{"element-6066-11e4-a52e-4f735466cecf":"f.50BABCFD8003DB92F28A6394CEE4B89A.d.C57B9C0500F8722B63395DFADB01057D.e.4593","ELEMENT":"f.50BABCFD8003DB92F28A6394CEE4B89A.d.C57B9C0500F8722B63395DFADB01057D.e.4593"}]}
COMMAND: GET /session/416e0c1cc5e5391e8fcc7ee7b1fbe604/screenshot - {}
RESULT: {}
RESULT: {"script":"<script> [5351 bytes]","args":[{"element-6066-11e4-a52e-4f735466cecf":"f.50BABCFD8003DB92F28A6394CEE4B89A.d.C57B9C0500F8722B63395DFADB01057D.e.4593","ELEMENT":"f.50BABCFD8003DB92F28A6394CEE4B89A.d.C57B9C0500F8722B63395DFADB01057D.e.4593"}]}
COMMAND: POST /session/416e0c1cc5e5391e8fcc7ee7b1fbe604/element/f.50BABCFD8003DB92F28A6394CEE4B89A.d.C57B9C0500F8722B63395DFADB01057D.e.4593/click - {}
COMMAND: GET /session/416e0c1cc5e5391e8fcc7ee7b1fbe604/screenshot - {}
RESULT: {}
RESULT: {}
COMMAND: GET /session/416e0c1cc5e5391e8fcc7ee7b1fbe604/screenshot - {}
RESULT: {}
RESULT: {}
COMMAND: POST /session/416e0c1cc5e5391e8fcc7ee7b1fbe604/execute/async - {"script":"<script> [1562 bytes]","args":[{"selector":{"id":"application-managepartners-display-component---NewPartner--addressDetailDetailsName1","interaction":{"idSuffix":"inner"}},"wdio_ui5_key":"applicationmanagepartners-display-component---NewPartner--addressDetailDetailsName1"}]}
RESULT: {"script":"<script> [1562 bytes]","args":[{"selector":{"id":"application-managepartners-display-component---NewPartner--addressDetailDetailsName1","interaction":{"idSuffix":"inner"}},"wdio_ui5_key":"applicationmanagepartners-display-component---NewPartner--addressDetailDetailsName1"}]}
RESULT: undefined
COMMAND: POST /session/416e0c1cc5e5391e8fcc7ee7b1fbe604/execute/async - {"script":"<script> [776 bytes]","args":[{"enterText":"Intracompany Partner WDIO","selector":{"id":"application-managepartners-display-component---NewPartner--addressDetailDetailsName1","interaction":{"idSuffix":"inner"}},"clearTextFirst":true,"interactionType":"ENTER_TEXT"}]}
RESULT: {"script":"<script> [776 bytes]","args":[{"enterText":"Intracompany Partner WDIO","selector":{"id":"application-managepartners-display-component---NewPartner--addressDetailDetailsName1","interaction":{"idSuffix":"inner"}},"clearTextFirst":true,"interactionType":"ENTER_TEXT"}]}
COMMAND: POST /session/416e0c1cc5e5391e8fcc7ee7b1fbe604/execute/async - {"script":"<script> [1562 bytes]","args":[{"selector":{"id":"application-managepartners-display-component---NewPartner--addressDetailDetailsLanguage-arrow"},"wdio_ui5_key":"applicationmanagepartners-display-component---NewPartner--addressDetailDetailsLanguage-arrow"}]}
RESULT: {"script":"<script> [1562 bytes]","args":[{"selector":{"id":"application-managepartners-display-component---NewPartner--addressDetailDetailsLanguage-arrow"},"wdio_ui5_key":"applicationmanagepartners-display-component---NewPartner--addressDetailDetailsLanguage-arrow"}]}
RESULT: undefined
COMMAND: POST /session/416e0c1cc5e5391e8fcc7ee7b1fbe604/element - {"using":"xpath","value":"//*[@id=\"application-managepartners-display-component---NewPartner--addressDetailDetailsLanguage-arrow\"]"}
RESULT: {"using":"xpath","value":"//*[@id=\"application-managepartners-display-component---NewPartner--addressDetailDetailsLanguage-arrow\"]"}
COMMAND: POST /session/416e0c1cc5e5391e8fcc7ee7b1fbe604/element/f.50BABCFD8003DB92F28A6394CEE4B89A.d.C57B9C0500F8722B63395DFADB01057D.e.4877/click - {}
RESULT: {}
COMMAND: POST /session/416e0c1cc5e5391e8fcc7ee7b1fbe604/element - {"using":"xpath","value":"//span[contains(text(), \"English\")]"}
COMMAND: GET /session/416e0c1cc5e5391e8fcc7ee7b1fbe604/screenshot - {}
RESULT: {"using":"xpath","value":"//span[contains(text(), \"English\")]"}
COMMAND: POST /session/416e0c1cc5e5391e8fcc7ee7b1fbe604/element/f.50BABCFD8003DB92F28A6394CEE4B89A.d.C57B9C0500F8722B63395DFADB01057D.e.4878/click - {}
RESULT: {}
RESULT: {}
COMMAND: GET /session/416e0c1cc5e5391e8fcc7ee7b1fbe604/screenshot - {}
RESULT: {}
COMMAND: POST /session/416e0c1cc5e5391e8fcc7ee7b1fbe604/execute/async - {"script":"<script> [1562 bytes]","args":[{"selector":{"id":"application-managepartners-display-component---NewPartner--addressDetailDetailsCity1","interaction":{"idSuffix":"inner"}},"wdio_ui5_key":"applicationmanagepartners-display-component---NewPartner--addressDetailDetailsCity1"}]}
RESULT: {"script":"<script> [1562 bytes]","args":[{"selector":{"id":"application-managepartners-display-component---NewPartner--addressDetailDetailsCity1","interaction":{"idSuffix":"inner"}},"wdio_ui5_key":"applicationmanagepartners-display-component---NewPartner--addressDetailDetailsCity1"}]}
RESULT: undefined
COMMAND: POST /session/416e0c1cc5e5391e8fcc7ee7b1fbe604/execute/async - {"script":"<script> [776 bytes]","args":[{"enterText":"Rosario","selector":{"id":"application-managepartners-display-component---NewPartner--addressDetailDetailsCity1","interaction":{"idSuffix":"inner"}},"clearTextFirst":true,"interactionType":"ENTER_TEXT"}]}
RESULT: {"script":"<script> [776 bytes]","args":[{"enterText":"Rosario","selector":{"id":"application-managepartners-display-component---NewPartner--addressDetailDetailsCity1","interaction":{"idSuffix":"inner"}},"clearTextFirst":true,"interactionType":"ENTER_TEXT"}]}
COMMAND: POST /session/416e0c1cc5e5391e8fcc7ee7b1fbe604/execute/async - {"script":"<script> [1562 bytes]","args":[{"selector":{"id":"application-managepartners-display-component---NewPartner--addressDetailDetailsCountry-arrow"},"wdio_ui5_key":"applicationmanagepartners-display-component---NewPartner--addressDetailDetailsCountry-arrow"}]}
RESULT: {"script":"<script> [1562 bytes]","args":[{"selector":{"id":"application-managepartners-display-component---NewPartner--addressDetailDetailsCountry-arrow"},"wdio_ui5_key":"applicationmanagepartners-display-component---NewPartner--addressDetailDetailsCountry-arrow"}]}
RESULT: undefined
COMMAND: POST /session/416e0c1cc5e5391e8fcc7ee7b1fbe604/element - {"using":"xpath","value":"//*[@id=\"application-managepartners-display-component---NewPartner--addressDetailDetailsCountry-arrow\"]"}
RESULT: {"using":"xpath","value":"//*[@id=\"application-managepartners-display-component---NewPartner--addressDetailDetailsCountry-arrow\"]"}
COMMAND: POST /session/416e0c1cc5e5391e8fcc7ee7b1fbe604/element/f.50BABCFD8003DB92F28A6394CEE4B89A.d.C57B9C0500F8722B63395DFADB01057D.e.4718/click - {}
RESULT: {}
COMMAND: POST /session/416e0c1cc5e5391e8fcc7ee7b1fbe604/element - {"using":"xpath","value":"//span[contains(text(), \"Argentina\")]"}
COMMAND: GET /session/416e0c1cc5e5391e8fcc7ee7b1fbe604/screenshot - {}
RESULT: {"using":"xpath","value":"//span[contains(text(), \"Argentina\")]"}
COMMAND: POST /session/416e0c1cc5e5391e8fcc7ee7b1fbe604/element/f.50BABCFD8003DB92F28A6394CEE4B89A.d.C57B9C0500F8722B63395DFADB01057D.e.4880/click - {}
RESULT: {}
RESULT: {}
COMMAND: GET /session/416e0c1cc5e5391e8fcc7ee7b1fbe604/screenshot - {}
RESULT: {}
COMMAND: POST /session/416e0c1cc5e5391e8fcc7ee7b1fbe604/element - {"using":"xpath","value":"//bdi[contains(text(), \"Commercial\")]"}
RESULT: {"using":"xpath","value":"//bdi[contains(text(), \"Commercial\")]"}
COMMAND: POST /session/416e0c1cc5e5391e8fcc7ee7b1fbe604/element/f.50BABCFD8003DB92F28A6394CEE4B89A.d.C57B9C0500F8722B63395DFADB01057D.e.4881/click - {}
RESULT: {}
COMMAND: GET /session/416e0c1cc5e5391e8fcc7ee7b1fbe604/screenshot - {}
RESULT: {}
COMMAND: POST /session/416e0c1cc5e5391e8fcc7ee7b1fbe604/execute/async - {"script":"<script> [1562 bytes]","args":[{"selector":{"id":"application-managepartners-display-component---NewPartner--partnerDetailInternal-arrow"},"wdio_ui5_key":"applicationmanagepartners-display-component---NewPartner--partnerDetailInternal-arrow"}]}
RESULT: {"script":"<script> [1562 bytes]","args":[{"selector":{"id":"application-managepartners-display-component---NewPartner--partnerDetailInternal-arrow"},"wdio_ui5_key":"applicationmanagepartners-display-component---NewPartner--partnerDetailInternal-arrow"}]}
RESULT: undefined
COMMAND: POST /session/416e0c1cc5e5391e8fcc7ee7b1fbe604/element - {"using":"xpath","value":"//*[@id=\"application-managepartners-display-component---NewPartner--partnerDetailInternal-arrow\"]"}
RESULT: {"using":"xpath","value":"//*[@id=\"application-managepartners-display-component---NewPartner--partnerDetailInternal-arrow\"]"}
COMMAND: POST /session/416e0c1cc5e5391e8fcc7ee7b1fbe604/element/f.50BABCFD8003DB92F28A6394CEE4B89A.d.C57B9C0500F8722B63395DFADB01057D.e.4889/click - {}
RESULT: {}
COMMAND: POST /session/416e0c1cc5e5391e8fcc7ee7b1fbe604/element - {"using":"xpath","value":"//span[contains(text(), \"Affiliated company\")]"}
COMMAND: GET /session/416e0c1cc5e5391e8fcc7ee7b1fbe604/screenshot - {}
RESULT: {"using":"xpath","value":"//span[contains(text(), \"Affiliated company\")]"}
COMMAND: POST /session/416e0c1cc5e5391e8fcc7ee7b1fbe604/element/f.50BABCFD8003DB92F28A6394CEE4B89A.d.C57B9C0500F8722B63395DFADB01057D.e.4890/click - {}
RESULT: {}
RESULT: {}
COMMAND: POST /session/416e0c1cc5e5391e8fcc7ee7b1fbe604/execute/async - {"script":"<script> [1562 bytes]","args":[{"selector":{"id":"application-managepartners-display-component---NewPartner--partnerDetailsCurrency-arrow"},"wdio_ui5_key":"applicationmanagepartners-display-component---NewPartner--partnerDetailsCurrency-arrow"}]}
COMMAND: GET /session/416e0c1cc5e5391e8fcc7ee7b1fbe604/screenshot - {}
RESULT: {"script":"<script> [1562 bytes]","args":[{"selector":{"id":"application-managepartners-display-component---NewPartner--partnerDetailsCurrency-arrow"},"wdio_ui5_key":"applicationmanagepartners-display-component---NewPartner--partnerDetailsCurrency-arrow"}]}
RESULT: undefined
COMMAND: POST /session/416e0c1cc5e5391e8fcc7ee7b1fbe604/element - {"using":"xpath","value":"//*[@id=\"application-managepartners-display-component---NewPartner--partnerDetailsCurrency-arrow\"]"}
RESULT: {}
RESULT: {"using":"xpath","value":"//*[@id=\"application-managepartners-display-component---NewPartner--partnerDetailsCurrency-arrow\"]"}
COMMAND: POST /session/416e0c1cc5e5391e8fcc7ee7b1fbe604/element/f.50BABCFD8003DB92F28A6394CEE4B89A.d.C57B9C0500F8722B63395DFADB01057D.e.4897/click - {}
RESULT: {}
COMMAND: POST /session/416e0c1cc5e5391e8fcc7ee7b1fbe604/element - {"using":"xpath","value":"//span[contains(text(), \"Euro\")]"}
COMMAND: GET /session/416e0c1cc5e5391e8fcc7ee7b1fbe604/screenshot - {}
RESULT: {"using":"xpath","value":"//span[contains(text(), \"Euro\")]"}
COMMAND: POST /session/416e0c1cc5e5391e8fcc7ee7b1fbe604/element/f.50BABCFD8003DB92F28A6394CEE4B89A.d.C57B9C0500F8722B63395DFADB01057D.e.4898/click - {}
RESULT: {}
RESULT: {}
COMMAND: POST /session/416e0c1cc5e5391e8fcc7ee7b1fbe604/execute/async - {"script":"<script> [1562 bytes]","args":[{"selector":{"id":"application-managepartners-display-component---NewPartner--addressEditDetailsCostObjectCstType-arrow"},"wdio_ui5_key":"applicationmanagepartners-display-component---NewPartner--addressEditDetailsCostObjectCstType-arrow"}]}
COMMAND: GET /session/416e0c1cc5e5391e8fcc7ee7b1fbe604/screenshot - {}
RESULT: {}
RESULT: {"script":"<script> [1562 bytes]","args":[{"selector":{"id":"application-managepartners-display-component---NewPartner--addressEditDetailsCostObjectCstType-arrow"},"wdio_ui5_key":"applicationmanagepartners-display-component---NewPartner--addressEditDetailsCostObjectCstType-arrow"}]}
RESULT: undefined
COMMAND: POST /session/416e0c1cc5e5391e8fcc7ee7b1fbe604/element - {"using":"xpath","value":"//*[@id=\"application-managepartners-display-component---NewPartner--addressEditDetailsCostObjectCstType-arrow\"]"}
RESULT: {"using":"xpath","value":"//*[@id=\"application-managepartners-display-component---NewPartner--addressEditDetailsCostObjectCstType-arrow\"]"}
COMMAND: POST /session/416e0c1cc5e5391e8fcc7ee7b1fbe604/element/f.50BABCFD8003DB92F28A6394CEE4B89A.d.C57B9C0500F8722B63395DFADB01057D.e.4899/click - {}
RESULT: {}
COMMAND: POST /session/416e0c1cc5e5391e8fcc7ee7b1fbe604/element - {"using":"xpath","value":"//span[contains(text(), \"Cost Center\")]"}
COMMAND: GET /session/416e0c1cc5e5391e8fcc7ee7b1fbe604/screenshot - {}
RESULT: {"using":"xpath","value":"//span[contains(text(), \"Cost Center\")]"}
COMMAND: POST /session/416e0c1cc5e5391e8fcc7ee7b1fbe604/element/f.50BABCFD8003DB92F28A6394CEE4B89A.d.C57B9C0500F8722B63395DFADB01057D.e.4900/click - {}
RESULT: {}
RESULT: {}
COMMAND: GET /session/416e0c1cc5e5391e8fcc7ee7b1fbe604/screenshot - {}
RESULT: {}
COMMAND: POST /session/416e0c1cc5e5391e8fcc7ee7b1fbe604/element - {"using":"xpath","value":"//span[@id=\"application-managepartners-display-component---NewPartner--addressNewCostObjectCstID-vhi\"]"}
RESULT: {"using":"xpath","value":"//span[@id=\"application-managepartners-display-component---NewPartner--addressNewCostObjectCstID-vhi\"]"}
COMMAND: POST /session/416e0c1cc5e5391e8fcc7ee7b1fbe604/element - {"using":"xpath","value":"//span[@id=\"application-managepartners-display-component---NewPartner--addressNewCostObjectCstID-vhi\"]"}
RESULT: {"using":"xpath","value":"//span[@id=\"application-managepartners-display-component---NewPartner--addressNewCostObjectCstID-vhi\"]"}
COMMAND: POST /session/416e0c1cc5e5391e8fcc7ee7b1fbe604/element - {"using":"xpath","value":"//input[@id=\"application-managepartners-display-component---NewPartner--addressNewCostObjectCstID-inner\"]"}
RESULT: {"using":"xpath","value":"//input[@id=\"application-managepartners-display-component---NewPartner--addressNewCostObjectCstID-inner\"]"}
COMMAND: POST /session/416e0c1cc5e5391e8fcc7ee7b1fbe604/execute/sync - {"script":"<script> [8489 bytes]","args":[{"element-6066-11e4-a52e-4f735466cecf":"f.50BABCFD8003DB92F28A6394CEE4B89A.d.C57B9C0500F8722B63395DFADB01057D.e.4902","ELEMENT":"f.50BABCFD8003DB92F28A6394CEE4B89A.d.C57B9C0500F8722B63395DFADB01057D.e.4902"}]}
RESULT: {"script":"<script> [8489 bytes]","args":[{"element-6066-11e4-a52e-4f735466cecf":"f.50BABCFD8003DB92F28A6394CEE4B89A.d.C57B9C0500F8722B63395DFADB01057D.e.4902","ELEMENT":"f.50BABCFD8003DB92F28A6394CEE4B89A.d.C57B9C0500F8722B63395DFADB01057D.e.4902"}]}
COMMAND: POST /session/416e0c1cc5e5391e8fcc7ee7b1fbe604/element/f.50BABCFD8003DB92F28A6394CEE4B89A.d.C57B9C0500F8722B63395DFADB01057D.e.4902/clear - {}
COMMAND: GET /session/416e0c1cc5e5391e8fcc7ee7b1fbe604/screenshot - {}
RESULT: {}
COMMAND: POST /session/416e0c1cc5e5391e8fcc7ee7b1fbe604/element - {"using":"xpath","value":"//input[@id=\"application-managepartners-display-component---NewPartner--addressNewCostObjectCstID-inner\"]"}
RESULT: {"using":"xpath","value":"//input[@id=\"application-managepartners-display-component---NewPartner--addressNewCostObjectCstID-inner\"]"}
COMMAND: POST /session/416e0c1cc5e5391e8fcc7ee7b1fbe604/element/f.50BABCFD8003DB92F28A6394CEE4B89A.d.C57B9C0500F8722B63395DFADB01057D.e.4902/clear - {}
COMMAND: POST /session/416e0c1cc5e5391e8fcc7ee7b1fbe604/element - {"using":"xpath","value":"//input[@id=\"application-managepartners-display-component---NewPartner--addressNewCostObjectCstID-inner\"]"}
RESULT: {"using":"xpath","value":"//input[@id=\"application-managepartners-display-component---NewPartner--addressNewCostObjectCstID-inner\"]"}
COMMAND: POST /session/416e0c1cc5e5391e8fcc7ee7b1fbe604/element/f.50BABCFD8003DB92F28A6394CEE4B89A.d.C57B9C0500F8722B63395DFADB01057D.e.4904/clear - {}
RESULT: {}
COMMAND: POST /session/416e0c1cc5e5391e8fcc7ee7b1fbe604/element/f.50BABCFD8003DB92F28A6394CEE4B89A.d.C57B9C0500F8722B63395DFADB01057D.e.4904/value - {"text":"10001013"}
COMMAND: GET /session/416e0c1cc5e5391e8fcc7ee7b1fbe604/screenshot - {}
RESULT: {"text":"10001013"}
COMMAND: GET /session/416e0c1cc5e5391e8fcc7ee7b1fbe604/screenshot - {}
RESULT: {}
RESULT: {}
COMMAND: POST /session/416e0c1cc5e5391e8fcc7ee7b1fbe604/element - {"using":"xpath","value":"//input[@id=\"application-managepartners-display-component---NewPartner--companyCodeComboBox-inner\"]"}
RESULT: {"using":"xpath","value":"//input[@id=\"application-managepartners-display-component---NewPartner--companyCodeComboBox-inner\"]"}
COMMAND: POST /session/416e0c1cc5e5391e8fcc7ee7b1fbe604/element/f.50BABCFD8003DB92F28A6394CEE4B89A.d.C57B9C0500F8722B63395DFADB01057D.e.4658/clear - {}
RESULT: {}
COMMAND: POST /session/416e0c1cc5e5391e8fcc7ee7b1fbe604/element/f.50BABCFD8003DB92F28A6394CEE4B89A.d.C57B9C0500F8722B63395DFADB01057D.e.4658/value - {"text":"1000"}
COMMAND: GET /session/416e0c1cc5e5391e8fcc7ee7b1fbe604/screenshot - {}
RESULT: {}
RESULT: {"text":"1000"}
COMMAND: GET /session/416e0c1cc5e5391e8fcc7ee7b1fbe604/screenshot - {}
RESULT: {}
COMMAND: POST /session/416e0c1cc5e5391e8fcc7ee7b1fbe604/element - {"using":"xpath","value":"//span[contains(text(), \"1000\")]"}
RESULT: {"using":"xpath","value":"//span[contains(text(), \"1000\")]"}
COMMAND: POST /session/416e0c1cc5e5391e8fcc7ee7b1fbe604/element/f.50BABCFD8003DB92F28A6394CEE4B89A.d.C57B9C0500F8722B63395DFADB01057D.e.4911/click - {}
RESULT: {}
COMMAND: GET /session/416e0c1cc5e5391e8fcc7ee7b1fbe604/screenshot - {}
RESULT: {}
COMMAND: POST /session/416e0c1cc5e5391e8fcc7ee7b1fbe604/execute/async - {"script":"<script> [1562 bytes]","args":[{"selector":{"id":"application-managepartners-display-component---NewPartner--btnAddTableRow-img"},"wdio_ui5_key":"applicationmanagepartners-display-component---NewPartner--btnAddTableRow-img"}]}
RESULT: {"script":"<script> [1562 bytes]","args":[{"selector":{"id":"application-managepartners-display-component---NewPartner--btnAddTableRow-img"},"wdio_ui5_key":"applicationmanagepartners-display-component---NewPartner--btnAddTableRow-img"}]}
RESULT: undefined
COMMAND: POST /session/416e0c1cc5e5391e8fcc7ee7b1fbe604/element - {"using":"xpath","value":"//*[@id=\"application-managepartners-display-component---NewPartner--btnAddTableRow-img\"]"}
RESULT: {"using":"xpath","value":"//*[@id=\"application-managepartners-display-component---NewPartner--btnAddTableRow-img\"]"}
COMMAND: POST /session/416e0c1cc5e5391e8fcc7ee7b1fbe604/element/f.50BABCFD8003DB92F28A6394CEE4B89A.d.C57B9C0500F8722B63395DFADB01057D.e.4912/click - {}
RESULT: {}
COMMAND: GET /session/416e0c1cc5e5391e8fcc7ee7b1fbe604/screenshot - {}
RESULT: {}
COMMAND: POST /session/416e0c1cc5e5391e8fcc7ee7b1fbe604/element - {"using":"xpath","value":"//input[@id=\"application-managepartners-display-component---NewPartner--assignmentYard-application-managepartners-display-component---NewPartner--assignmentsTable-0-inner\"]"}
RESULT: {"using":"xpath","value":"//input[@id=\"application-managepartners-display-component---NewPartner--assignmentYard-application-managepartners-display-component---NewPartner--assignmentsTable-0-inner\"]"}
COMMAND: POST /session/416e0c1cc5e5391e8fcc7ee7b1fbe604/element/f.50BABCFD8003DB92F28A6394CEE4B89A.d.C57B9C0500F8722B63395DFADB01057D.e.4915/clear - {}
RESULT: {}
COMMAND: POST /session/416e0c1cc5e5391e8fcc7ee7b1fbe604/element/f.50BABCFD8003DB92F28A6394CEE4B89A.d.C57B9C0500F8722B63395DFADB01057D.e.4915/value - {"text":"370"}
COMMAND: GET /session/416e0c1cc5e5391e8fcc7ee7b1fbe604/screenshot - {}
RESULT: {"text":"370"}
COMMAND: GET /session/416e0c1cc5e5391e8fcc7ee7b1fbe604/screenshot - {}
RESULT: {}
RESULT: {}
COMMAND: POST /session/416e0c1cc5e5391e8fcc7ee7b1fbe604/element - {"using":"xpath","value":"//li[.//span[text()='370']]"}
RESULT: {"using":"xpath","value":"//li[.//span[text()='370']]"}
COMMAND: POST /session/416e0c1cc5e5391e8fcc7ee7b1fbe604/element/f.50BABCFD8003DB92F28A6394CEE4B89A.d.C57B9C0500F8722B63395DFADB01057D.e.4925/click - {}
RESULT: {}
COMMAND: GET /session/416e0c1cc5e5391e8fcc7ee7b1fbe604/screenshot - {}
RESULT: {}
COMMAND: POST /session/416e0c1cc5e5391e8fcc7ee7b1fbe604/actions - {"actions":[{"id":"action12","type":"key","parameters":{},"actions":[{"type":"keyDown","value":"î€‡"},{"type":"pause","duration":10},{"type":"keyUp","value":"î€‡"}]}]}
RESULT: {"actions":[{"id":"action12","type":"key","parameters":{},"actions":[{"type":"keyDown","value":"î€‡"},{"type":"pause","duration":10},{"type":"keyUp","value":"î€‡"}]}]}
COMMAND: POST /session/416e0c1cc5e5391e8fcc7ee7b1fbe604/execute/async - {"script":"<script> [1562 bytes]","args":[{"selector":{"id":"application-managepartners-display-component---NewPartner--externalCustomerComboBox-application-managepartners-display-component---NewPartner--assignmentsTable-0-vhi"},"wdio_ui5_key":"applicationmanagepartners-display-component---NewPartner--externalCustomerComboBox-application-managepartners-display-component---NewPartner--assignmentsTable-0-vhi"}]}
COMMAND: GET /session/416e0c1cc5e5391e8fcc7ee7b1fbe604/screenshot - {}
RESULT: {"script":"<script> [1562 bytes]","args":[{"selector":{"id":"application-managepartners-display-component---NewPartner--externalCustomerComboBox-application-managepartners-display-component---NewPartner--assignmentsTable-0-vhi"},"wdio_ui5_key":"applicationmanagepartners-display-component---NewPartner--externalCustomerComboBox-application-managepartners-display-component---NewPartner--assignmentsTable-0-vhi"}]}
RESULT: undefined
COMMAND: POST /session/416e0c1cc5e5391e8fcc7ee7b1fbe604/element - {"using":"xpath","value":"//*[@id=\"application-managepartners-display-component---NewPartner--externalCustomerComboBox-application-managepartners-display-component---NewPartner--assignmentsTable-0-vhi\"]"}
RESULT: {}
RESULT: {"using":"xpath","value":"//*[@id=\"application-managepartners-display-component---NewPartner--externalCustomerComboBox-application-managepartners-display-component---NewPartner--assignmentsTable-0-vhi\"]"}
COMMAND: POST /session/416e0c1cc5e5391e8fcc7ee7b1fbe604/element/f.50BABCFD8003DB92F28A6394CEE4B89A.d.C57B9C0500F8722B63395DFADB01057D.e.4929/click - {}
RESULT: {}
COMMAND: POST /session/416e0c1cc5e5391e8fcc7ee7b1fbe604/execute/async - {"script":"<script> [1562 bytes]","args":[{"selector":{"controlType":"sap.m.SearchField","properties":{"placeholder":"Search"},"searchOpenDialogs":true,"interaction":{"idSuffix":"I"}},"wdio_ui5_key":"sapm.SearchField{\"placeholder\":\"Search\"}"}]}
COMMAND: GET /session/416e0c1cc5e5391e8fcc7ee7b1fbe604/screenshot - {}
RESULT: {"script":"<script> [1562 bytes]","args":[{"selector":{"controlType":"sap.m.SearchField","properties":{"placeholder":"Search"},"searchOpenDialogs":true,"interaction":{"idSuffix":"I"}},"wdio_ui5_key":"sapm.SearchField{\"placeholder\":\"Search\"}"}]}
RESULT: undefined
COMMAND: POST /session/416e0c1cc5e5391e8fcc7ee7b1fbe604/execute/async - {"script":"<script> [776 bytes]","args":[{"enterText":"300003","selector":{"controlType":"sap.m.SearchField","properties":{"placeholder":"Search"},"searchOpenDialogs":true,"interaction":{"idSuffix":"I"}},"clearTextFirst":true,"interactionType":"ENTER_TEXT"}]}
RESULT: {}
RESULT: {"script":"<script> [776 bytes]","args":[{"enterText":"300003","selector":{"controlType":"sap.m.SearchField","properties":{"placeholder":"Search"},"searchOpenDialogs":true,"interaction":{"idSuffix":"I"}},"clearTextFirst":true,"interactionType":"ENTER_TEXT"}]}
COMMAND: POST /session/416e0c1cc5e5391e8fcc7ee7b1fbe604/actions - {"actions":[{"id":"action13","type":"key","parameters":{},"actions":[{"type":"keyDown","value":"î€‡"},{"type":"pause","duration":10},{"type":"keyUp","value":"î€‡"}]}]}
RESULT: {"actions":[{"id":"action13","type":"key","parameters":{},"actions":[{"type":"keyDown","value":"î€‡"},{"type":"pause","duration":10},{"type":"keyUp","value":"î€‡"}]}]}
COMMAND: GET /session/416e0c1cc5e5391e8fcc7ee7b1fbe604/screenshot - {}
RESULT: {}
COMMAND: POST /session/416e0c1cc5e5391e8fcc7ee7b1fbe604/element - {"using":"xpath","value":"//span[contains(text(), \"300003\")]"}
RESULT: {"using":"xpath","value":"//span[contains(text(), \"300003\")]"}
COMMAND: POST /session/416e0c1cc5e5391e8fcc7ee7b1fbe604/element/f.50BABCFD8003DB92F28A6394CEE4B89A.d.C57B9C0500F8722B63395DFADB01057D.e.4951/click - {}
RESULT: {}
COMMAND: GET /session/416e0c1cc5e5391e8fcc7ee7b1fbe604/screenshot - {}
RESULT: {}
COMMAND: POST /session/416e0c1cc5e5391e8fcc7ee7b1fbe604/element - {"using":"xpath","value":"//bdi[contains(text(), \"OK\")]"}
RESULT: {"using":"xpath","value":"//bdi[contains(text(), \"OK\")]"}
COMMAND: POST /session/416e0c1cc5e5391e8fcc7ee7b1fbe604/element/f.50BABCFD8003DB92F28A6394CEE4B89A.d.C57B9C0500F8722B63395DFADB01057D.e.4953/click - {}
RESULT: {}
COMMAND: GET /session/416e0c1cc5e5391e8fcc7ee7b1fbe604/screenshot - {}
RESULT: {}
COMMAND: POST /session/416e0c1cc5e5391e8fcc7ee7b1fbe604/execute/async - {"script":"<script> [1562 bytes]","args":[{"selector":{"id":"application-managepartners-display-component---NewPartner--intercompVendorComboBox-application-managepartners-display-component---NewPartner--assignmentsTable-0-vhi"},"wdio_ui5_key":"applicationmanagepartners-display-component---NewPartner--intercompVendorComboBox-application-managepartners-display-component---NewPartner--assignmentsTable-0-vhi"}]}
RESULT: {"script":"<script> [1562 bytes]","args":[{"selector":{"id":"application-managepartners-display-component---NewPartner--intercompVendorComboBox-application-managepartners-display-component---NewPartner--assignmentsTable-0-vhi"},"wdio_ui5_key":"applicationmanagepartners-display-component---NewPartner--intercompVendorComboBox-application-managepartners-display-component---NewPartner--assignmentsTable-0-vhi"}]}
RESULT: undefined
COMMAND: POST /session/416e0c1cc5e5391e8fcc7ee7b1fbe604/element - {"using":"xpath","value":"//*[@id=\"application-managepartners-display-component---NewPartner--intercompVendorComboBox-application-managepartners-display-component---NewPartner--assignmentsTable-0-vhi\"]"}
RESULT: {"using":"xpath","value":"//*[@id=\"application-managepartners-display-component---NewPartner--intercompVendorComboBox-application-managepartners-display-component---NewPartner--assignmentsTable-0-vhi\"]"}
COMMAND: POST /session/416e0c1cc5e5391e8fcc7ee7b1fbe604/element/f.50BABCFD8003DB92F28A6394CEE4B89A.d.C57B9C0500F8722B63395DFADB01057D.e.4957/click - {}
RESULT: {}
RESULT: undefined
COMMAND: POST /session/416e0c1cc5e5391e8fcc7ee7b1fbe604/execute/async - {"script":"<script> [776 bytes]","args":[{"enterText":"100005","selector":{"controlType":"sap.m.SearchField","properties":{"placeholder":"Search"},"searchOpenDialogs":true,"interaction":{"idSuffix":"I"}},"clearTextFirst":true,"interactionType":"ENTER_TEXT"}]}
COMMAND: GET /session/416e0c1cc5e5391e8fcc7ee7b1fbe604/screenshot - {}
RESULT: {"script":"<script> [776 bytes]","args":[{"enterText":"100005","selector":{"controlType":"sap.m.SearchField","properties":{"placeholder":"Search"},"searchOpenDialogs":true,"interaction":{"idSuffix":"I"}},"clearTextFirst":true,"interactionType":"ENTER_TEXT"}]}
COMMAND: POST /session/416e0c1cc5e5391e8fcc7ee7b1fbe604/actions - {"actions":[{"id":"action14","type":"key","parameters":{},"actions":[{"type":"keyDown","value":"î€‡"},{"type":"pause","duration":10},{"type":"keyUp","value":"î€‡"}]}]}
RESULT: {}
RESULT: {"actions":[{"id":"action14","type":"key","parameters":{},"actions":[{"type":"keyDown","value":"î€‡"},{"type":"pause","duration":10},{"type":"keyUp","value":"î€‡"}]}]}
COMMAND: GET /session/416e0c1cc5e5391e8fcc7ee7b1fbe604/screenshot - {}
RESULT: {}
COMMAND: POST /session/416e0c1cc5e5391e8fcc7ee7b1fbe604/element - {"using":"xpath","value":"//span[contains(text(), \"Penguins - Field/12345 Berlin\")]"}
RESULT: {"using":"xpath","value":"//span[contains(text(), \"Penguins - Field/12345 Berlin\")]"}
COMMAND: POST /session/416e0c1cc5e5391e8fcc7ee7b1fbe604/element/f.50BABCFD8003DB92F28A6394CEE4B89A.d.C57B9C0500F8722B63395DFADB01057D.e.4976/click - {}
RESULT: {}
COMMAND: GET /session/416e0c1cc5e5391e8fcc7ee7b1fbe604/screenshot - {}
RESULT: {}
COMMAND: POST /session/416e0c1cc5e5391e8fcc7ee7b1fbe604/element - {"using":"xpath","value":"//bdi[contains(text(), \"OK\")]"}
RESULT: {"using":"xpath","value":"//bdi[contains(text(), \"OK\")]"}
COMMAND: POST /session/416e0c1cc5e5391e8fcc7ee7b1fbe604/element/f.50BABCFD8003DB92F28A6394CEE4B89A.d.C57B9C0500F8722B63395DFADB01057D.e.4977/click - {}
RESULT: {}
COMMAND: GET /session/416e0c1cc5e5391e8fcc7ee7b1fbe604/screenshot - {}
RESULT: {}
COMMAND: POST /session/416e0c1cc5e5391e8fcc7ee7b1fbe604/element - {"using":"xpath","value":"//button[@data-kt=\"saveButton\"]"}
RESULT: {"using":"xpath","value":"//button[@data-kt=\"saveButton\"]"}
COMMAND: POST /session/416e0c1cc5e5391e8fcc7ee7b1fbe604/element/f.50BABCFD8003DB92F28A6394CEE4B89A.d.C57B9C0500F8722B63395DFADB01057D.e.4693/click - {}
RESULT: {}
COMMAND: GET /session/416e0c1cc5e5391e8fcc7ee7b1fbe604/screenshot - {}
RESULT: {}
COMMAND: POST /session/416e0c1cc5e5391e8fcc7ee7b1fbe604/element - {"using":"xpath","value":"//header[contains(@id, 'ObjectPageLayout-headerTitle')]/div[1]/div[2]/div[2]/span[1]"}
RESULT: {"using":"xpath","value":"//header[contains(@id, 'ObjectPageLayout-headerTitle')]/div[1]/div[2]/div[2]/span[1]"}
COMMAND: POST /session/416e0c1cc5e5391e8fcc7ee7b1fbe604/elements - {"using":"xpath","value":"//header[contains(@id, 'ObjectPageLayout-headerTitle')]/div[1]/div[2]/div[2]/span[1]"}
RESULT: {"using":"xpath","value":"//header[contains(@id, 'ObjectPageLayout-headerTitle')]/div[1]/div[2]/div[2]/span[1]"}
COMMAND: POST /session/416e0c1cc5e5391e8fcc7ee7b1fbe604/execute/sync - {"script":"<script> [56 bytes]","args":[{"element-6066-11e4-a52e-4f735466cecf":"f.50BABCFD8003DB92F28A6394CEE4B89A.d.C57B9C0500F8722B63395DFADB01057D.e.5142","ELEMENT":"f.50BABCFD8003DB92F28A6394CEE4B89A.d.C57B9C0500F8722B63395DFADB01057D.e.5142"}]}
RESULT: {"script":"<script> [56 bytes]","args":[{"element-6066-11e4-a52e-4f735466cecf":"f.50BABCFD8003DB92F28A6394CEE4B89A.d.C57B9C0500F8722B63395DFADB01057D.e.5142","ELEMENT":"f.50BABCFD8003DB92F28A6394CEE4B89A.d.C57B9C0500F8722B63395DFADB01057D.e.5142"}]}
COMMAND: POST /session/416e0c1cc5e5391e8fcc7ee7b1fbe604/element - {"using":"css selector","value":"#shell-header-logo"}
COMMAND: GET /session/416e0c1cc5e5391e8fcc7ee7b1fbe604/screenshot - {}
RESULT: {"using":"css selector","value":"#shell-header-logo"}
COMMAND: POST /session/416e0c1cc5e5391e8fcc7ee7b1fbe604/element/f.50BABCFD8003DB92F28A6394CEE4B89A.d.C57B9C0500F8722B63395DFADB01057D.e.4557/click - {}
RESULT: {}
RESULT: {}
COMMAND: GET /session/416e0c1cc5e5391e8fcc7ee7b1fbe604/screenshot - {}
RESULT: {}
COMMAND: POST /session/416e0c1cc5e5391e8fcc7ee7b1fbe604/execute/sync - {"script":"<script> [299 bytes]","args":[["getModel","getResource"]]}
RESULT: {"script":"<script> [299 bytes]","args":[["getModel","getResource"]]}
RESULT: undefined
COMMAND: POST /session/416e0c1cc5e5391e8fcc7ee7b1fbe604/element - {"using":"xpath","value":"//*[@id=\"__tile30\"]"}
COMMAND: GET /session/416e0c1cc5e5391e8fcc7ee7b1fbe604/screenshot - {}
RESULT: {"using":"xpath","value":"//*[@id=\"__tile30\"]"}
COMMAND: POST /session/416e0c1cc5e5391e8fcc7ee7b1fbe604/element/f.50BABCFD8003DB92F28A6394CEE4B89A.d.C57B9C0500F8722B63395DFADB01057D.e.4477/click - {}
RESULT: {}
RESULT: {}
COMMAND: POST /session/416e0c1cc5e5391e8fcc7ee7b1fbe604/element - {"using":"xpath","value":"//button[@data-kt=\"addButton\"]"}
COMMAND: GET /session/416e0c1cc5e5391e8fcc7ee7b1fbe604/screenshot - {}
RESULT: {"using":"xpath","value":"//button[@data-kt=\"addButton\"]"}
COMMAND: POST /session/416e0c1cc5e5391e8fcc7ee7b1fbe604/elements - {"using":"xpath","value":"//button[@data-kt=\"addButton\"]"}
RESULT: {}
RESULT: {"using":"xpath","value":"//button[@data-kt=\"addButton\"]"}
COMMAND: POST /session/416e0c1cc5e5391e8fcc7ee7b1fbe604/elements - {"using":"xpath","value":"//button[@data-kt=\"addButton\"]"}
RESULT: {"using":"xpath","value":"//button[@data-kt=\"addButton\"]"}
COMMAND: POST /session/416e0c1cc5e5391e8fcc7ee7b1fbe604/elements - {"using":"xpath","value":"//button[@data-kt=\"addButton\"]"}
RESULT: {"using":"xpath","value":"//button[@data-kt=\"addButton\"]"}
COMMAND: POST /session/416e0c1cc5e5391e8fcc7ee7b1fbe604/elements - {"using":"xpath","value":"//button[@data-kt=\"addButton\"]"}
RESULT: {"using":"xpath","value":"//button[@data-kt=\"addButton\"]"}
COMMAND: POST /session/416e0c1cc5e5391e8fcc7ee7b1fbe604/elements - {"using":"xpath","value":"//button[@data-kt=\"addButton\"]"}
RESULT: {"using":"xpath","value":"//button[@data-kt=\"addButton\"]"}
COMMAND: POST /session/416e0c1cc5e5391e8fcc7ee7b1fbe604/element - {"using":"xpath","value":"//button[@data-kt=\"addButton\"]"}
RESULT: {"using":"xpath","value":"//button[@data-kt=\"addButton\"]"}
COMMAND: POST /session/416e0c1cc5e5391e8fcc7ee7b1fbe604/execute/sync - {"script":"<script> [8489 bytes]","args":[{"element-6066-11e4-a52e-4f735466cecf":"f.50BABCFD8003DB92F28A6394CEE4B89A.d.C57B9C0500F8722B63395DFADB01057D.e.5189","ELEMENT":"f.50BABCFD8003DB92F28A6394CEE4B89A.d.C57B9C0500F8722B63395DFADB01057D.e.5189"}]}
RESULT: {"script":"<script> [8489 bytes]","args":[{"element-6066-11e4-a52e-4f735466cecf":"f.50BABCFD8003DB92F28A6394CEE4B89A.d.C57B9C0500F8722B63395DFADB01057D.e.5189","ELEMENT":"f.50BABCFD8003DB92F28A6394CEE4B89A.d.C57B9C0500F8722B63395DFADB01057D.e.5189"}]}
COMMAND: GET /session/416e0c1cc5e5391e8fcc7ee7b1fbe604/element/f.50BABCFD8003DB92F28A6394CEE4B89A.d.C57B9C0500F8722B63395DFADB01057D.e.5189/enabled - {}
COMMAND: GET /session/416e0c1cc5e5391e8fcc7ee7b1fbe604/screenshot - {}
RESULT: {}
COMMAND: POST /session/416e0c1cc5e5391e8fcc7ee7b1fbe604/execute/sync - {"script":"<script> [8489 bytes]","args":[{"element-6066-11e4-a52e-4f735466cecf":"f.50BABCFD8003DB92F28A6394CEE4B89A.d.C57B9C0500F8722B63395DFADB01057D.e.5189","ELEMENT":"f.50BABCFD8003DB92F28A6394CEE4B89A.d.C57B9C0500F8722B63395DFADB01057D.e.5189"}]}
COMMAND: GET /session/416e0c1cc5e5391e8fcc7ee7b1fbe604/screenshot - {}
RESULT: {}
RESULT: {"script":"<script> [8489 bytes]","args":[{"element-6066-11e4-a52e-4f735466cecf":"f.50BABCFD8003DB92F28A6394CEE4B89A.d.C57B9C0500F8722B63395DFADB01057D.e.5189","ELEMENT":"f.50BABCFD8003DB92F28A6394CEE4B89A.d.C57B9C0500F8722B63395DFADB01057D.e.5189"}]}
COMMAND: POST /session/416e0c1cc5e5391e8fcc7ee7b1fbe604/execute/sync - {"script":"<script> [5351 bytes]","args":[{"element-6066-11e4-a52e-4f735466cecf":"f.50BABCFD8003DB92F28A6394CEE4B89A.d.C57B9C0500F8722B63395DFADB01057D.e.5189","ELEMENT":"f.50BABCFD8003DB92F28A6394CEE4B89A.d.C57B9C0500F8722B63395DFADB01057D.e.5189"}]}
RESULT: {}
RESULT: {"script":"<script> [5351 bytes]","args":[{"element-6066-11e4-a52e-4f735466cecf":"f.50BABCFD8003DB92F28A6394CEE4B89A.d.C57B9C0500F8722B63395DFADB01057D.e.5189","ELEMENT":"f.50BABCFD8003DB92F28A6394CEE4B89A.d.C57B9C0500F8722B63395DFADB01057D.e.5189"}]}
COMMAND: GET /session/416e0c1cc5e5391e8fcc7ee7b1fbe604/screenshot - {}
COMMAND: GET /session/416e0c1cc5e5391e8fcc7ee7b1fbe604/screenshot - {}
RESULT: {}
RESULT: {}
COMMAND: POST /session/416e0c1cc5e5391e8fcc7ee7b1fbe604/execute/async - {"script":"<script> [1562 bytes]","args":[{"selector":{"id":"application-managepartners-display-component---masterPtm--smartFilterBar-btnBasicSearch","interaction":{"idSuffix":"I"}},"wdio_ui5_key":"applicationmanagepartners-display-component---masterPtm--smartFilterBar-btnBasicSearch"}]}
RESULT: {"script":"<script> [1562 bytes]","args":[{"selector":{"id":"application-managepartners-display-component---masterPtm--smartFilterBar-btnBasicSearch","interaction":{"idSuffix":"I"}},"wdio_ui5_key":"applicationmanagepartners-display-component---masterPtm--smartFilterBar-btnBasicSearch"}]}
RESULT: undefined
COMMAND: POST /session/416e0c1cc5e5391e8fcc7ee7b1fbe604/execute/async - {"script":"<script> [776 bytes]","args":[{"enterText":"1245","selector":{"id":"application-managepartners-display-component---masterPtm--smartFilterBar-btnBasicSearch","interaction":{"idSuffix":"I"}},"clearTextFirst":true,"interactionType":"ENTER_TEXT"}]}
RESULT: {"script":"<script> [776 bytes]","args":[{"enterText":"1245","selector":{"id":"application-managepartners-display-component---masterPtm--smartFilterBar-btnBasicSearch","interaction":{"idSuffix":"I"}},"clearTextFirst":true,"interactionType":"ENTER_TEXT"}]}
COMMAND: POST /session/416e0c1cc5e5391e8fcc7ee7b1fbe604/actions - {"actions":[{"id":"action15","type":"key","parameters":{},"actions":[{"type":"keyDown","value":"î€‡"},{"type":"pause","duration":10},{"type":"keyUp","value":"î€‡"}]}]}
RESULT: {"actions":[{"id":"action15","type":"key","parameters":{},"actions":[{"type":"keyDown","value":"î€‡"},{"type":"pause","duration":10},{"type":"keyUp","value":"î€‡"}]}]}
COMMAND: GET /session/416e0c1cc5e5391e8fcc7ee7b1fbe604/screenshot - {}
RESULT: {}
COMMAND: POST /session/416e0c1cc5e5391e8fcc7ee7b1fbe604/elements - {"using":"xpath","value":"//table[contains(@id, \"customPartnersTable-listUl\")]/tbody/tr"}
RESULT: {"using":"xpath","value":"//table[contains(@id, \"customPartnersTable-listUl\")]/tbody/tr"}
COMMAND: POST /session/416e0c1cc5e5391e8fcc7ee7b1fbe604/element - {"using":"xpath","value":"//table[contains(@id, \"customPartnersTable-listUl\")]/tbody/tr[1]/td[3]/span"}
RESULT: {"using":"xpath","value":"//table[contains(@id, \"customPartnersTable-listUl\")]/tbody/tr[1]/td[3]/span"}
COMMAND: POST /session/416e0c1cc5e5391e8fcc7ee7b1fbe604/elements - {"using":"xpath","value":"//table[contains(@id, \"customPartnersTable-listUl\")]/tbody/tr[1]/td[3]/span"}
RESULT: {"using":"xpath","value":"//table[contains(@id, \"customPartnersTable-listUl\")]/tbody/tr[1]/td[3]/span"}
COMMAND: POST /session/416e0c1cc5e5391e8fcc7ee7b1fbe604/execute/sync - {"script":"<script> [56 bytes]","args":[{"element-6066-11e4-a52e-4f735466cecf":"f.50BABCFD8003DB92F28A6394CEE4B89A.d.C57B9C0500F8722B63395DFADB01057D.e.5323","ELEMENT":"f.50BABCFD8003DB92F28A6394CEE4B89A.d.C57B9C0500F8722B63395DFADB01057D.e.5323"}]}
RESULT: {"script":"<script> [56 bytes]","args":[{"element-6066-11e4-a52e-4f735466cecf":"f.50BABCFD8003DB92F28A6394CEE4B89A.d.C57B9C0500F8722B63395DFADB01057D.e.5323","ELEMENT":"f.50BABCFD8003DB92F28A6394CEE4B89A.d.C57B9C0500F8722B63395DFADB01057D.e.5323"}]}
COMMAND: POST /session/416e0c1cc5e5391e8fcc7ee7b1fbe604/element - {"using":"xpath","value":"(//span[contains(@id, \"imgNav\")])[1]"}
COMMAND: GET /session/416e0c1cc5e5391e8fcc7ee7b1fbe604/screenshot - {}
RESULT: {"using":"xpath","value":"(//span[contains(@id, \"imgNav\")])[1]"}
COMMAND: POST /session/416e0c1cc5e5391e8fcc7ee7b1fbe604/element/f.50BABCFD8003DB92F28A6394CEE4B89A.d.C57B9C0500F8722B63395DFADB01057D.e.5320/click - {}
RESULT: {}
RESULT: {}
COMMAND: GET /session/416e0c1cc5e5391e8fcc7ee7b1fbe604/screenshot - {}
RESULT: {}
COMMAND: POST /session/416e0c1cc5e5391e8fcc7ee7b1fbe604/element - {"using":"xpath","value":"//bdi[contains(text(), \"Edit\")]"}
RESULT: {"using":"xpath","value":"//bdi[contains(text(), \"Edit\")]"}
COMMAND: POST /session/416e0c1cc5e5391e8fcc7ee7b1fbe604/element/f.50BABCFD8003DB92F28A6394CEE4B89A.d.C57B9C0500F8722B63395DFADB01057D.e.5468/click - {}
RESULT: {}
COMMAND: GET /session/416e0c1cc5e5391e8fcc7ee7b1fbe604/screenshot - {}
RESULT: {}
COMMAND: POST /session/416e0c1cc5e5391e8fcc7ee7b1fbe604/execute/async - {"script":"<script> [1562 bytes]","args":[{"selector":{"controlType":"sap.m.Input","viewName":"etm.portal.ui.managepartners.view.EditDetail","labelFor":{"text":"Name"},"interaction":{"idSuffix":"inner"}},"wdio_ui5_key":"etmportal.ui.managepartners.view.EditDetailsap.m.Input{\"text\":\"Name\"}"}]}
RESULT: {"script":"<script> [1562 bytes]","args":[{"selector":{"controlType":"sap.m.Input","viewName":"etm.portal.ui.managepartners.view.EditDetail","labelFor":{"text":"Name"},"interaction":{"idSuffix":"inner"}},"wdio_ui5_key":"etmportal.ui.managepartners.view.EditDetailsap.m.Input{\"text\":\"Name\"}"}]}
RESULT: undefined
COMMAND: POST /session/416e0c1cc5e5391e8fcc7ee7b1fbe604/execute/async - {"script":"<script> [776 bytes]","args":[{"enterText":"Intracompany EDIT","selector":{"controlType":"sap.m.Input","viewName":"etm.portal.ui.managepartners.view.EditDetail","labelFor":{"text":"Name"},"interaction":{"idSuffix":"inner"}},"clearTextFirst":true,"interactionType":"ENTER_TEXT"}]}
RESULT: {"script":"<script> [776 bytes]","args":[{"enterText":"Intracompany EDIT","selector":{"controlType":"sap.m.Input","viewName":"etm.portal.ui.managepartners.view.EditDetail","labelFor":{"text":"Name"},"interaction":{"idSuffix":"inner"}},"clearTextFirst":true,"interactionType":"ENTER_TEXT"}]}
COMMAND: POST /session/416e0c1cc5e5391e8fcc7ee7b1fbe604/element - {"using":"xpath","value":"(//span[contains(@id,\"addressDetailDetailsLanguage-arrow\")])[1]"}
RESULT: {"using":"xpath","value":"(//span[contains(@id,\"addressDetailDetailsLanguage-arrow\")])[1]"}
COMMAND: POST /session/416e0c1cc5e5391e8fcc7ee7b1fbe604/element/f.50BABCFD8003DB92F28A6394CEE4B89A.d.C57B9C0500F8722B63395DFADB01057D.e.5552/click - {}
RESULT: {}
COMMAND: POST /session/416e0c1cc5e5391e8fcc7ee7b1fbe604/element - {"using":"xpath","value":"//span[contains(text(), \"Chinese\")]"}
COMMAND: GET /session/416e0c1cc5e5391e8fcc7ee7b1fbe604/screenshot - {}
RESULT: {"using":"xpath","value":"//span[contains(text(), \"Chinese\")]"}
COMMAND: POST /session/416e0c1cc5e5391e8fcc7ee7b1fbe604/element/f.50BABCFD8003DB92F28A6394CEE4B89A.d.C57B9C0500F8722B63395DFADB01057D.e.5553/click - {}
RESULT: {}
RESULT: {}
COMMAND: GET /session/416e0c1cc5e5391e8fcc7ee7b1fbe604/screenshot - {}
RESULT: {}
COMMAND: POST /session/416e0c1cc5e5391e8fcc7ee7b1fbe604/execute/async - {"script":"<script> [1562 bytes]","args":[{"selector":{"controlType":"sap.m.Input","viewName":"etm.portal.ui.managepartners.view.EditDetail","labelFor":{"text":"City"},"interaction":{"idSuffix":"inner"}},"wdio_ui5_key":"etmportal.ui.managepartners.view.EditDetailsap.m.Input{\"text\":\"City\"}"}]}
RESULT: {"script":"<script> [1562 bytes]","args":[{"selector":{"controlType":"sap.m.Input","viewName":"etm.portal.ui.managepartners.view.EditDetail","labelFor":{"text":"City"},"interaction":{"idSuffix":"inner"}},"wdio_ui5_key":"etmportal.ui.managepartners.view.EditDetailsap.m.Input{\"text\":\"City\"}"}]}
RESULT: undefined
COMMAND: POST /session/416e0c1cc5e5391e8fcc7ee7b1fbe604/execute/async - {"script":"<script> [776 bytes]","args":[{"enterText":"Clooj-Napoca","selector":{"controlType":"sap.m.Input","viewName":"etm.portal.ui.managepartners.view.EditDetail","labelFor":{"text":"City"},"interaction":{"idSuffix":"inner"}},"clearTextFirst":true,"interactionType":"ENTER_TEXT"}]}
RESULT: {"script":"<script> [776 bytes]","args":[{"enterText":"Clooj-Napoca","selector":{"controlType":"sap.m.Input","viewName":"etm.portal.ui.managepartners.view.EditDetail","labelFor":{"text":"City"},"interaction":{"idSuffix":"inner"}},"clearTextFirst":true,"interactionType":"ENTER_TEXT"}]}
COMMAND: POST /session/416e0c1cc5e5391e8fcc7ee7b1fbe604/element - {"using":"xpath","value":"//button[@data-kt=\"saveButton\"]"}
RESULT: {"using":"xpath","value":"//button[@data-kt=\"saveButton\"]"}
COMMAND: POST /session/416e0c1cc5e5391e8fcc7ee7b1fbe604/element/f.50BABCFD8003DB92F28A6394CEE4B89A.d.C57B9C0500F8722B63395DFADB01057D.e.5531/click - {}
RESULT: {}
COMMAND: GET /session/416e0c1cc5e5391e8fcc7ee7b1fbe604/screenshot - {}
RESULT: {}
COMMAND: POST /session/416e0c1cc5e5391e8fcc7ee7b1fbe604/execute/async - {"script":"<script> [1562 bytes]","args":[{"selector":{"id":"application-managepartners-display-component---detailPtm--addressDetailDetailsName1"},"wdio_ui5_key":"applicationmanagepartners-display-component---detailPtm--addressDetailDetailsName1"}]}
RESULT: {"script":"<script> [1562 bytes]","args":[{"selector":{"id":"application-managepartners-display-component---detailPtm--addressDetailDetailsName1"},"wdio_ui5_key":"applicationmanagepartners-display-component---detailPtm--addressDetailDetailsName1"}]}
RESULT: undefined
COMMAND: POST /session/416e0c1cc5e5391e8fcc7ee7b1fbe604/execute/async - {"script":"<script> [6424 bytes]","args":[{"element-6066-11e4-a52e-4f735466cecf":"f.50BABCFD8003DB92F28A6394CEE4B89A.d.C57B9C0500F8722B63395DFADB01057D.e.5584"},"getValue",[]]}
RESULT: {"script":"<script> [6424 bytes]","args":[{"element-6066-11e4-a52e-4f735466cecf":"f.50BABCFD8003DB92F28A6394CEE4B89A.d.C57B9C0500F8722B63395DFADB01057D.e.5584"},"getValue",[]]}
COMMAND: POST /session/416e0c1cc5e5391e8fcc7ee7b1fbe604/element - {"using":"xpath","value":"//input[@id = \"application-managepartners-display-component---detailPtm--addressDetailDetailsLanguage-inner\"]"}
RESULT: {"using":"xpath","value":"//input[@id = \"application-managepartners-display-component---detailPtm--addressDetailDetailsLanguage-inner\"]"}
COMMAND: GET /session/416e0c1cc5e5391e8fcc7ee7b1fbe604/element/f.50BABCFD8003DB92F28A6394CEE4B89A.d.C57B9C0500F8722B63395DFADB01057D.e.5585/property/value - {}
RESULT: {}
COMMAND: POST /session/416e0c1cc5e5391e8fcc7ee7b1fbe604/execute/async - {"script":"<script> [1562 bytes]","args":[{"selector":{"id":"application-managepartners-display-component---detailPtm--addressDetailDetailsCity1"},"wdio_ui5_key":"applicationmanagepartners-display-component---detailPtm--addressDetailDetailsCity1"}]}
COMMAND: GET /session/416e0c1cc5e5391e8fcc7ee7b1fbe604/screenshot - {}
RESULT: {"script":"<script> [1562 bytes]","args":[{"selector":{"id":"application-managepartners-display-component---detailPtm--addressDetailDetailsCity1"},"wdio_ui5_key":"applicationmanagepartners-display-component---detailPtm--addressDetailDetailsCity1"}]}
RESULT: undefined
COMMAND: POST /session/416e0c1cc5e5391e8fcc7ee7b1fbe604/execute/async - {"script":"<script> [6424 bytes]","args":[{"element-6066-11e4-a52e-4f735466cecf":"f.50BABCFD8003DB92F28A6394CEE4B89A.d.C57B9C0500F8722B63395DFADB01057D.e.5586"},"getValue",[]]}
RESULT: {}
RESULT: {"script":"<script> [6424 bytes]","args":[{"element-6066-11e4-a52e-4f735466cecf":"f.50BABCFD8003DB92F28A6394CEE4B89A.d.C57B9C0500F8722B63395DFADB01057D.e.5586"},"getValue",[]]}
COMMAND: POST /session/416e0c1cc5e5391e8fcc7ee7b1fbe604/element - {"using":"css selector","value":"#shell-header-logo"}
RESULT: {"using":"css selector","value":"#shell-header-logo"}
COMMAND: POST /session/416e0c1cc5e5391e8fcc7ee7b1fbe604/element/f.50BABCFD8003DB92F28A6394CEE4B89A.d.C57B9C0500F8722B63395DFADB01057D.e.5145/click - {}
RESULT: {}
COMMAND: GET /session/416e0c1cc5e5391e8fcc7ee7b1fbe604/screenshot - {}
RESULT: {}
]]></system-out>
    </testcase>
    <testcase classname="chrome.135_0_7049_96.windows.Partner_specific_tests_US150819_US151080_US151654_US151176_US103444_US151078_US151079_US151109_US151174_US151175_US151189" name="Should do filtering and navigation tests US151109" time="163.28">
      <system-out><![CDATA[
COMMAND: POST /session/416e0c1cc5e5391e8fcc7ee7b1fbe604/element - {"using":"xpath","value":"//li[.//span[text()=\"Manage Partners\"]]"}
RESULT: {"using":"xpath","value":"//li[.//span[text()=\"Manage Partners\"]]"}
COMMAND: POST /session/416e0c1cc5e5391e8fcc7ee7b1fbe604/element - {"using":"xpath","value":"//li[.//span[text()=\"Manage Partners\"]]"}
RESULT: {"using":"xpath","value":"//li[.//span[text()=\"Manage Partners\"]]"}
COMMAND: POST /session/416e0c1cc5e5391e8fcc7ee7b1fbe604/element - {"using":"css selector","value":"#shell-header-logo"}
RESULT: {"using":"css selector","value":"#shell-header-logo"}
COMMAND: POST /session/416e0c1cc5e5391e8fcc7ee7b1fbe604/element/f.50BABCFD8003DB92F28A6394CEE4B89A.d.C57B9C0500F8722B63395DFADB01057D.e.5616/click - {}
COMMAND: POST /session/416e0c1cc5e5391e8fcc7ee7b1fbe604/execute/sync - {"script":"<script> [8489 bytes]","args":[{"element-6066-11e4-a52e-4f735466cecf":"f.50BABCFD8003DB92F28A6394CEE4B89A.d.C57B9C0500F8722B63395DFADB01057D.e.5616","ELEMENT":"f.50BABCFD8003DB92F28A6394CEE4B89A.d.C57B9C0500F8722B63395DFADB01057D.e.5616"}]}
RESULT: {}
COMMAND: GET /session/416e0c1cc5e5391e8fcc7ee7b1fbe604/screenshot - {}
RESULT: {"script":"<script> [8489 bytes]","args":[{"element-6066-11e4-a52e-4f735466cecf":"f.50BABCFD8003DB92F28A6394CEE4B89A.d.C57B9C0500F8722B63395DFADB01057D.e.5616","ELEMENT":"f.50BABCFD8003DB92F28A6394CEE4B89A.d.C57B9C0500F8722B63395DFADB01057D.e.5616"}]}
COMMAND: POST /session/416e0c1cc5e5391e8fcc7ee7b1fbe604/execute/sync - {"script":"<script> [5351 bytes]","args":[{"element-6066-11e4-a52e-4f735466cecf":"f.50BABCFD8003DB92F28A6394CEE4B89A.d.C57B9C0500F8722B63395DFADB01057D.e.5616","ELEMENT":"f.50BABCFD8003DB92F28A6394CEE4B89A.d.C57B9C0500F8722B63395DFADB01057D.e.5616"}]}
COMMAND: GET /session/416e0c1cc5e5391e8fcc7ee7b1fbe604/screenshot - {}
RESULT: {}
RESULT: {"script":"<script> [5351 bytes]","args":[{"element-6066-11e4-a52e-4f735466cecf":"f.50BABCFD8003DB92F28A6394CEE4B89A.d.C57B9C0500F8722B63395DFADB01057D.e.5616","ELEMENT":"f.50BABCFD8003DB92F28A6394CEE4B89A.d.C57B9C0500F8722B63395DFADB01057D.e.5616"}]}
COMMAND: GET /session/416e0c1cc5e5391e8fcc7ee7b1fbe604/screenshot - {}
RESULT: {}
RESULT: {}
RESULT: undefined
COMMAND: POST /session/416e0c1cc5e5391e8fcc7ee7b1fbe604/element - {"using":"xpath","value":"//*[@id=\"__tile30\"]"}
RESULT: {"using":"xpath","value":"//*[@id=\"__tile30\"]"}
COMMAND: POST /session/416e0c1cc5e5391e8fcc7ee7b1fbe604/element/f.50BABCFD8003DB92F28A6394CEE4B89A.d.C57B9C0500F8722B63395DFADB01057D.e.4477/click - {}
RESULT: {}
COMMAND: POST /session/416e0c1cc5e5391e8fcc7ee7b1fbe604/element - {"using":"xpath","value":"//button[@data-kt=\"addButton\"]"}
COMMAND: GET /session/416e0c1cc5e5391e8fcc7ee7b1fbe604/screenshot - {}
RESULT: {"using":"xpath","value":"//button[@data-kt=\"addButton\"]"}
COMMAND: POST /session/416e0c1cc5e5391e8fcc7ee7b1fbe604/elements - {"using":"xpath","value":"//button[@data-kt=\"addButton\"]"}
RESULT: {}
RESULT: {"using":"xpath","value":"//button[@data-kt=\"addButton\"]"}
COMMAND: POST /session/416e0c1cc5e5391e8fcc7ee7b1fbe604/elements - {"using":"xpath","value":"//button[@data-kt=\"addButton\"]"}
RESULT: {"using":"xpath","value":"//button[@data-kt=\"addButton\"]"}
COMMAND: POST /session/416e0c1cc5e5391e8fcc7ee7b1fbe604/element - {"using":"xpath","value":"//button[@data-kt=\"addButton\"]"}
RESULT: {"using":"xpath","value":"//button[@data-kt=\"addButton\"]"}
COMMAND: POST /session/416e0c1cc5e5391e8fcc7ee7b1fbe604/execute/sync - {"script":"<script> [8489 bytes]","args":[{"element-6066-11e4-a52e-4f735466cecf":"f.50BABCFD8003DB92F28A6394CEE4B89A.d.C57B9C0500F8722B63395DFADB01057D.e.5662","ELEMENT":"f.50BABCFD8003DB92F28A6394CEE4B89A.d.C57B9C0500F8722B63395DFADB01057D.e.5662"}]}
RESULT: {"script":"<script> [8489 bytes]","args":[{"element-6066-11e4-a52e-4f735466cecf":"f.50BABCFD8003DB92F28A6394CEE4B89A.d.C57B9C0500F8722B63395DFADB01057D.e.5662","ELEMENT":"f.50BABCFD8003DB92F28A6394CEE4B89A.d.C57B9C0500F8722B63395DFADB01057D.e.5662"}]}
COMMAND: GET /session/416e0c1cc5e5391e8fcc7ee7b1fbe604/element/f.50BABCFD8003DB92F28A6394CEE4B89A.d.C57B9C0500F8722B63395DFADB01057D.e.5662/enabled - {}
COMMAND: GET /session/416e0c1cc5e5391e8fcc7ee7b1fbe604/screenshot - {}
RESULT: {}
COMMAND: POST /session/416e0c1cc5e5391e8fcc7ee7b1fbe604/execute/sync - {"script":"<script> [8489 bytes]","args":[{"element-6066-11e4-a52e-4f735466cecf":"f.50BABCFD8003DB92F28A6394CEE4B89A.d.C57B9C0500F8722B63395DFADB01057D.e.5662","ELEMENT":"f.50BABCFD8003DB92F28A6394CEE4B89A.d.C57B9C0500F8722B63395DFADB01057D.e.5662"}]}
COMMAND: GET /session/416e0c1cc5e5391e8fcc7ee7b1fbe604/screenshot - {}
RESULT: {}
RESULT: {"script":"<script> [8489 bytes]","args":[{"element-6066-11e4-a52e-4f735466cecf":"f.50BABCFD8003DB92F28A6394CEE4B89A.d.C57B9C0500F8722B63395DFADB01057D.e.5662","ELEMENT":"f.50BABCFD8003DB92F28A6394CEE4B89A.d.C57B9C0500F8722B63395DFADB01057D.e.5662"}]}
COMMAND: POST /session/416e0c1cc5e5391e8fcc7ee7b1fbe604/execute/sync - {"script":"<script> [5351 bytes]","args":[{"element-6066-11e4-a52e-4f735466cecf":"f.50BABCFD8003DB92F28A6394CEE4B89A.d.C57B9C0500F8722B63395DFADB01057D.e.5662","ELEMENT":"f.50BABCFD8003DB92F28A6394CEE4B89A.d.C57B9C0500F8722B63395DFADB01057D.e.5662"}]}
COMMAND: GET /session/416e0c1cc5e5391e8fcc7ee7b1fbe604/screenshot - {}
RESULT: {}
RESULT: {"script":"<script> [5351 bytes]","args":[{"element-6066-11e4-a52e-4f735466cecf":"f.50BABCFD8003DB92F28A6394CEE4B89A.d.C57B9C0500F8722B63395DFADB01057D.e.5662","ELEMENT":"f.50BABCFD8003DB92F28A6394CEE4B89A.d.C57B9C0500F8722B63395DFADB01057D.e.5662"}]}
COMMAND: GET /session/416e0c1cc5e5391e8fcc7ee7b1fbe604/screenshot - {}
RESULT: {}
RESULT: {}
COMMAND: POST /session/416e0c1cc5e5391e8fcc7ee7b1fbe604/element - {"using":"xpath","value":"//span[@id=\"application-managepartners-display-component---masterPtm--smartTable-header-inner\"]"}
RESULT: {"using":"xpath","value":"//span[@id=\"application-managepartners-display-component---masterPtm--smartTable-header-inner\"]"}
COMMAND: POST /session/416e0c1cc5e5391e8fcc7ee7b1fbe604/elements - {"using":"xpath","value":"//span[@id=\"application-managepartners-display-component---masterPtm--smartTable-header-inner\"]"}
RESULT: {"using":"xpath","value":"//span[@id=\"application-managepartners-display-component---masterPtm--smartTable-header-inner\"]"}
COMMAND: POST /session/416e0c1cc5e5391e8fcc7ee7b1fbe604/execute/sync - {"script":"<script> [56 bytes]","args":[{"element-6066-11e4-a52e-4f735466cecf":"f.50BABCFD8003DB92F28A6394CEE4B89A.d.C57B9C0500F8722B63395DFADB01057D.e.5788","ELEMENT":"f.50BABCFD8003DB92F28A6394CEE4B89A.d.C57B9C0500F8722B63395DFADB01057D.e.5788"}]}
RESULT: {"script":"<script> [56 bytes]","args":[{"element-6066-11e4-a52e-4f735466cecf":"f.50BABCFD8003DB92F28A6394CEE4B89A.d.C57B9C0500F8722B63395DFADB01057D.e.5788","ELEMENT":"f.50BABCFD8003DB92F28A6394CEE4B89A.d.C57B9C0500F8722B63395DFADB01057D.e.5788"}]}
RESULT: undefined
COMMAND: POST /session/416e0c1cc5e5391e8fcc7ee7b1fbe604/execute/async - {"script":"<script> [776 bytes]","args":[{"enterText":"External Partner WDIO","selector":{"id":"application-managepartners-display-component---masterPtm--smartFilterBar-btnBasicSearch","interaction":{"idSuffix":"I"}},"clearTextFirst":true,"interactionType":"ENTER_TEXT"}]}
COMMAND: GET /session/416e0c1cc5e5391e8fcc7ee7b1fbe604/screenshot - {}
RESULT: {"script":"<script> [776 bytes]","args":[{"enterText":"External Partner WDIO","selector":{"id":"application-managepartners-display-component---masterPtm--smartFilterBar-btnBasicSearch","interaction":{"idSuffix":"I"}},"clearTextFirst":true,"interactionType":"ENTER_TEXT"}]}
RESULT: {}
COMMAND: POST /session/416e0c1cc5e5391e8fcc7ee7b1fbe604/actions - {"actions":[{"id":"action16","type":"key","parameters":{},"actions":[{"type":"keyDown","value":"î€‡"},{"type":"pause","duration":10},{"type":"keyUp","value":"î€‡"}]}]}
RESULT: {"actions":[{"id":"action16","type":"key","parameters":{},"actions":[{"type":"keyDown","value":"î€‡"},{"type":"pause","duration":10},{"type":"keyUp","value":"î€‡"}]}]}
COMMAND: GET /session/416e0c1cc5e5391e8fcc7ee7b1fbe604/screenshot - {}
RESULT: {}
COMMAND: POST /session/416e0c1cc5e5391e8fcc7ee7b1fbe604/element - {"using":"xpath","value":"//span[@id=\"application-managepartners-display-component---masterPtm--smartTable-header-inner\"]"}
RESULT: {"using":"xpath","value":"//span[@id=\"application-managepartners-display-component---masterPtm--smartTable-header-inner\"]"}
COMMAND: POST /session/416e0c1cc5e5391e8fcc7ee7b1fbe604/elements - {"using":"xpath","value":"//span[@id=\"application-managepartners-display-component---masterPtm--smartTable-header-inner\"]"}
RESULT: {"using":"xpath","value":"//span[@id=\"application-managepartners-display-component---masterPtm--smartTable-header-inner\"]"}
COMMAND: POST /session/416e0c1cc5e5391e8fcc7ee7b1fbe604/execute/sync - {"script":"<script> [56 bytes]","args":[{"element-6066-11e4-a52e-4f735466cecf":"f.50BABCFD8003DB92F28A6394CEE4B89A.d.C57B9C0500F8722B63395DFADB01057D.e.5788","ELEMENT":"f.50BABCFD8003DB92F28A6394CEE4B89A.d.C57B9C0500F8722B63395DFADB01057D.e.5788"}]}
RESULT: {"script":"<script> [56 bytes]","args":[{"element-6066-11e4-a52e-4f735466cecf":"f.50BABCFD8003DB92F28A6394CEE4B89A.d.C57B9C0500F8722B63395DFADB01057D.e.5788","ELEMENT":"f.50BABCFD8003DB92F28A6394CEE4B89A.d.C57B9C0500F8722B63395DFADB01057D.e.5788"}]}
COMMAND: POST /session/416e0c1cc5e5391e8fcc7ee7b1fbe604/element - {"using":"xpath","value":"//div[contains(@id, \"managepartners-display-component---masterPtm--smartFilterBar-btnBasicSearch-reset\")]"}
COMMAND: GET /session/416e0c1cc5e5391e8fcc7ee7b1fbe604/screenshot - {}
RESULT: {"using":"xpath","value":"//div[contains(@id, \"managepartners-display-component---masterPtm--smartFilterBar-btnBasicSearch-reset\")]"}
COMMAND: POST /session/416e0c1cc5e5391e8fcc7ee7b1fbe604/element/f.50BABCFD8003DB92F28A6394CEE4B89A.d.C57B9C0500F8722B63395DFADB01057D.e.5828/click - {}
RESULT: {}
RESULT: {}
COMMAND: GET /session/416e0c1cc5e5391e8fcc7ee7b1fbe604/screenshot - {}
RESULT: {}
COMMAND: POST /session/416e0c1cc5e5391e8fcc7ee7b1fbe604/execute/async - {"script":"<script> [1562 bytes]","args":[{"selector":{"id":"application-managepartners-display-component---masterPtm--smartFilterBar-filterItemControl_BASIC-MAIN_ADDRESS-vhi"},"wdio_ui5_key":"applicationmanagepartners-display-component---masterPtm--smartFilterBar-filterItemControl_BASIC-MAIN_ADDRESS-vhi"}]}
RESULT: {"script":"<script> [1562 bytes]","args":[{"selector":{"id":"application-managepartners-display-component---masterPtm--smartFilterBar-filterItemControl_BASIC-MAIN_ADDRESS-vhi"},"wdio_ui5_key":"applicationmanagepartners-display-component---masterPtm--smartFilterBar-filterItemControl_BASIC-MAIN_ADDRESS-vhi"}]}
RESULT: undefined
COMMAND: POST /session/416e0c1cc5e5391e8fcc7ee7b1fbe604/element - {"using":"xpath","value":"//*[@id=\"application-managepartners-display-component---masterPtm--smartFilterBar-filterItemControl_BASIC-MAIN_ADDRESS-vhi\"]"}
RESULT: {"using":"xpath","value":"//*[@id=\"application-managepartners-display-component---masterPtm--smartFilterBar-filterItemControl_BASIC-MAIN_ADDRESS-vhi\"]"}
COMMAND: POST /session/416e0c1cc5e5391e8fcc7ee7b1fbe604/element/f.50BABCFD8003DB92F28A6394CEE4B89A.d.C57B9C0500F8722B63395DFADB01057D.e.5929/click - {}
RESULT: {}
COMMAND: GET /session/416e0c1cc5e5391e8fcc7ee7b1fbe604/screenshot - {}
RESULT: {}
COMMAND: POST /session/416e0c1cc5e5391e8fcc7ee7b1fbe604/execute/async - {"script":"<script> [1562 bytes]","args":[{"selector":{"id":"application-managepartners-display-component---masterPtm--smartFilterBar-filterItemControl_BASIC-MAIN_ADDRESS-valueHelpDialog-smartFilterBar-btnBasicSearch","searchOpenDialogs":true,"interaction":{"idSuffix":"I"}},"wdio_ui5_key":"applicationmanagepartners-display-component---masterPtm--smartFilterBar-filterItemControl_BASIC-MAIN_ADDRESS-valueHelpDialog-smartFilterBar-btnBasicSearch"}]}
RESULT: {"script":"<script> [1562 bytes]","args":[{"selector":{"id":"application-managepartners-display-component---masterPtm--smartFilterBar-filterItemControl_BASIC-MAIN_ADDRESS-valueHelpDialog-smartFilterBar-btnBasicSearch","searchOpenDialogs":true,"interaction":{"idSuffix":"I"}},"wdio_ui5_key":"applicationmanagepartners-display-component---masterPtm--smartFilterBar-filterItemControl_BASIC-MAIN_ADDRESS-valueHelpDialog-smartFilterBar-btnBasicSearch"}]}
RESULT: undefined
COMMAND: POST /session/416e0c1cc5e5391e8fcc7ee7b1fbe604/execute/async - {"script":"<script> [776 bytes]","args":[{"enterText":"Romania","selector":{"id":"application-managepartners-display-component---masterPtm--smartFilterBar-filterItemControl_BASIC-MAIN_ADDRESS-valueHelpDialog-smartFilterBar-btnBasicSearch","searchOpenDialogs":true,"interaction":{"idSuffix":"I"}},"clearTextFirst":true,"interactionType":"ENTER_TEXT"}]}
RESULT: {"script":"<script> [776 bytes]","args":[{"enterText":"Romania","selector":{"id":"application-managepartners-display-component---masterPtm--smartFilterBar-filterItemControl_BASIC-MAIN_ADDRESS-valueHelpDialog-smartFilterBar-btnBasicSearch","searchOpenDialogs":true,"interaction":{"idSuffix":"I"}},"clearTextFirst":true,"interactionType":"ENTER_TEXT"}]}
COMMAND: POST /session/416e0c1cc5e5391e8fcc7ee7b1fbe604/actions - {"actions":[{"id":"action17","type":"key","parameters":{},"actions":[{"type":"keyDown","value":"î€‡"},{"type":"pause","duration":10},{"type":"keyUp","value":"î€‡"}]}]}
RESULT: {"actions":[{"id":"action17","type":"key","parameters":{},"actions":[{"type":"keyDown","value":"î€‡"},{"type":"pause","duration":10},{"type":"keyUp","value":"î€‡"}]}]}
COMMAND: POST /session/416e0c1cc5e5391e8fcc7ee7b1fbe604/elements - {"using":"xpath","value":"//table[contains(@id, \"smartFilterBar-filterItemControl_BASIC-MAIN_ADDRESS-valueHelpDialog-table-table\")]/tbody/tr"}
COMMAND: GET /session/416e0c1cc5e5391e8fcc7ee7b1fbe604/screenshot - {}
RESULT: {"using":"xpath","value":"//table[contains(@id, \"smartFilterBar-filterItemControl_BASIC-MAIN_ADDRESS-valueHelpDialog-table-table\")]/tbody/tr"}
COMMAND: POST /session/416e0c1cc5e5391e8fcc7ee7b1fbe604/element - {"using":"xpath","value":"//table[contains(@id, \"smartFilterBar-filterItemControl_BASIC-MAIN_ADDRESS-valueHelpDialog-table-table\")]/tbody/tr[1]/td[1]/div/span"}
RESULT: {}
RESULT: {"using":"xpath","value":"//table[contains(@id, \"smartFilterBar-filterItemControl_BASIC-MAIN_ADDRESS-valueHelpDialog-table-table\")]/tbody/tr[1]/td[1]/div/span"}
COMMAND: POST /session/416e0c1cc5e5391e8fcc7ee7b1fbe604/elements - {"using":"xpath","value":"//table[contains(@id, \"smartFilterBar-filterItemControl_BASIC-MAIN_ADDRESS-valueHelpDialog-table-table\")]/tbody/tr[1]/td[1]/div/span"}
RESULT: {"using":"xpath","value":"//table[contains(@id, \"smartFilterBar-filterItemControl_BASIC-MAIN_ADDRESS-valueHelpDialog-table-table\")]/tbody/tr[1]/td[1]/div/span"}
COMMAND: POST /session/416e0c1cc5e5391e8fcc7ee7b1fbe604/execute/sync - {"script":"<script> [56 bytes]","args":[{"element-6066-11e4-a52e-4f735466cecf":"f.50BABCFD8003DB92F28A6394CEE4B89A.d.C57B9C0500F8722B63395DFADB01057D.e.5950","ELEMENT":"f.50BABCFD8003DB92F28A6394CEE4B89A.d.C57B9C0500F8722B63395DFADB01057D.e.5950"}]}
RESULT: {"script":"<script> [56 bytes]","args":[{"element-6066-11e4-a52e-4f735466cecf":"f.50BABCFD8003DB92F28A6394CEE4B89A.d.C57B9C0500F8722B63395DFADB01057D.e.5950","ELEMENT":"f.50BABCFD8003DB92F28A6394CEE4B89A.d.C57B9C0500F8722B63395DFADB01057D.e.5950"}]}
COMMAND: POST /session/416e0c1cc5e5391e8fcc7ee7b1fbe604/element - {"using":"xpath","value":"//div[contains(@id, \"filterItemControl_BASIC-MAIN_ADDRESS-valueHelpDialog-table-rowsel0\")]"}
COMMAND: GET /session/416e0c1cc5e5391e8fcc7ee7b1fbe604/screenshot - {}
RESULT: {}
RESULT: {"using":"xpath","value":"//div[contains(@id, \"filterItemControl_BASIC-MAIN_ADDRESS-valueHelpDialog-table-rowsel0\")]"}
COMMAND: POST /session/416e0c1cc5e5391e8fcc7ee7b1fbe604/element/f.50BABCFD8003DB92F28A6394CEE4B89A.d.C57B9C0500F8722B63395DFADB01057D.e.5951/click - {}
RESULT: {}
COMMAND: GET /session/416e0c1cc5e5391e8fcc7ee7b1fbe604/screenshot - {}
RESULT: {}
COMMAND: POST /session/416e0c1cc5e5391e8fcc7ee7b1fbe604/element - {"using":"xpath","value":"(//bdi[contains(text(), \"OK\")])[1]"}
RESULT: {"using":"xpath","value":"(//bdi[contains(text(), \"OK\")])[1]"}
COMMAND: POST /session/416e0c1cc5e5391e8fcc7ee7b1fbe604/element/f.50BABCFD8003DB92F28A6394CEE4B89A.d.C57B9C0500F8722B63395DFADB01057D.e.5953/click - {}
RESULT: {}
COMMAND: GET /session/416e0c1cc5e5391e8fcc7ee7b1fbe604/screenshot - {}
RESULT: {}
COMMAND: POST /session/416e0c1cc5e5391e8fcc7ee7b1fbe604/element - {"using":"xpath","value":"//span[@id=\"application-managepartners-display-component---masterPtm--smartTable-header-inner\"]"}
RESULT: {"using":"xpath","value":"//span[@id=\"application-managepartners-display-component---masterPtm--smartTable-header-inner\"]"}
COMMAND: POST /session/416e0c1cc5e5391e8fcc7ee7b1fbe604/elements - {"using":"xpath","value":"//span[@id=\"application-managepartners-display-component---masterPtm--smartTable-header-inner\"]"}
RESULT: {"using":"xpath","value":"//span[@id=\"application-managepartners-display-component---masterPtm--smartTable-header-inner\"]"}
COMMAND: POST /session/416e0c1cc5e5391e8fcc7ee7b1fbe604/execute/sync - {"script":"<script> [56 bytes]","args":[{"element-6066-11e4-a52e-4f735466cecf":"f.50BABCFD8003DB92F28A6394CEE4B89A.d.C57B9C0500F8722B63395DFADB01057D.e.5788","ELEMENT":"f.50BABCFD8003DB92F28A6394CEE4B89A.d.C57B9C0500F8722B63395DFADB01057D.e.5788"}]}
RESULT: {"script":"<script> [56 bytes]","args":[{"element-6066-11e4-a52e-4f735466cecf":"f.50BABCFD8003DB92F28A6394CEE4B89A.d.C57B9C0500F8722B63395DFADB01057D.e.5788","ELEMENT":"f.50BABCFD8003DB92F28A6394CEE4B89A.d.C57B9C0500F8722B63395DFADB01057D.e.5788"}]}
COMMAND: POST /session/416e0c1cc5e5391e8fcc7ee7b1fbe604/element - {"using":"xpath","value":"//span[contains(@title, \"Remove\")]"}
COMMAND: GET /session/416e0c1cc5e5391e8fcc7ee7b1fbe604/screenshot - {}
RESULT: {"using":"xpath","value":"//span[contains(@title, \"Remove\")]"}
COMMAND: POST /session/416e0c1cc5e5391e8fcc7ee7b1fbe604/element/f.50BABCFD8003DB92F28A6394CEE4B89A.d.C57B9C0500F8722B63395DFADB01057D.e.5967/click - {}
RESULT: {}
RESULT: {}
COMMAND: GET /session/416e0c1cc5e5391e8fcc7ee7b1fbe604/screenshot - {}
RESULT: {}
COMMAND: POST /session/416e0c1cc5e5391e8fcc7ee7b1fbe604/element - {"using":"xpath","value":"//span[@id=\"application-managepartners-display-component---masterPtm--smartTable-header-inner\"]"}
RESULT: {"using":"xpath","value":"//span[@id=\"application-managepartners-display-component---masterPtm--smartTable-header-inner\"]"}
COMMAND: POST /session/416e0c1cc5e5391e8fcc7ee7b1fbe604/elements - {"using":"xpath","value":"//span[@id=\"application-managepartners-display-component---masterPtm--smartTable-header-inner\"]"}
RESULT: {"using":"xpath","value":"//span[@id=\"application-managepartners-display-component---masterPtm--smartTable-header-inner\"]"}
COMMAND: POST /session/416e0c1cc5e5391e8fcc7ee7b1fbe604/execute/sync - {"script":"<script> [56 bytes]","args":[{"element-6066-11e4-a52e-4f735466cecf":"f.50BABCFD8003DB92F28A6394CEE4B89A.d.C57B9C0500F8722B63395DFADB01057D.e.5788","ELEMENT":"f.50BABCFD8003DB92F28A6394CEE4B89A.d.C57B9C0500F8722B63395DFADB01057D.e.5788"}]}
RESULT: {"script":"<script> [56 bytes]","args":[{"element-6066-11e4-a52e-4f735466cecf":"f.50BABCFD8003DB92F28A6394CEE4B89A.d.C57B9C0500F8722B63395DFADB01057D.e.5788","ELEMENT":"f.50BABCFD8003DB92F28A6394CEE4B89A.d.C57B9C0500F8722B63395DFADB01057D.e.5788"}]}
COMMAND: POST /session/416e0c1cc5e5391e8fcc7ee7b1fbe604/execute/async - {"script":"<script> [1562 bytes]","args":[{"selector":{"id":"application-managepartners-display-component---masterPtm--smartFilterBar-filterItemControl_BASIC-YARD-vhi"},"wdio_ui5_key":"applicationmanagepartners-display-component---masterPtm--smartFilterBar-filterItemControl_BASIC-YARD-vhi"}]}
COMMAND: GET /session/416e0c1cc5e5391e8fcc7ee7b1fbe604/screenshot - {}
RESULT: {"script":"<script> [1562 bytes]","args":[{"selector":{"id":"application-managepartners-display-component---masterPtm--smartFilterBar-filterItemControl_BASIC-YARD-vhi"},"wdio_ui5_key":"applicationmanagepartners-display-component---masterPtm--smartFilterBar-filterItemControl_BASIC-YARD-vhi"}]}
RESULT: undefined
COMMAND: POST /session/416e0c1cc5e5391e8fcc7ee7b1fbe604/element - {"using":"xpath","value":"//*[@id=\"application-managepartners-display-component---masterPtm--smartFilterBar-filterItemControl_BASIC-YARD-vhi\"]"}
RESULT: {}
RESULT: {"using":"xpath","value":"//*[@id=\"application-managepartners-display-component---masterPtm--smartFilterBar-filterItemControl_BASIC-YARD-vhi\"]"}
COMMAND: POST /session/416e0c1cc5e5391e8fcc7ee7b1fbe604/element/f.50BABCFD8003DB92F28A6394CEE4B89A.d.C57B9C0500F8722B63395DFADB01057D.e.6073/click - {}
RESULT: {}
COMMAND: GET /session/416e0c1cc5e5391e8fcc7ee7b1fbe604/screenshot - {}
RESULT: {}
COMMAND: POST /session/416e0c1cc5e5391e8fcc7ee7b1fbe604/execute/async - {"script":"<script> [1562 bytes]","args":[{"selector":{"id":"application-managepartners-display-component---masterPtm--smartFilterBar-filterItemControl_BASIC-YARD-valueHelpDialog-smartFilterBar-btnBasicSearch","searchOpenDialogs":true,"interaction":{"idSuffix":"I"}},"wdio_ui5_key":"applicationmanagepartners-display-component---masterPtm--smartFilterBar-filterItemControl_BASIC-YARD-valueHelpDialog-smartFilterBar-btnBasicSearch"}]}
RESULT: {"script":"<script> [1562 bytes]","args":[{"selector":{"id":"application-managepartners-display-component---masterPtm--smartFilterBar-filterItemControl_BASIC-YARD-valueHelpDialog-smartFilterBar-btnBasicSearch","searchOpenDialogs":true,"interaction":{"idSuffix":"I"}},"wdio_ui5_key":"applicationmanagepartners-display-component---masterPtm--smartFilterBar-filterItemControl_BASIC-YARD-valueHelpDialog-smartFilterBar-btnBasicSearch"}]}
RESULT: undefined
COMMAND: POST /session/416e0c1cc5e5391e8fcc7ee7b1fbe604/execute/async - {"script":"<script> [776 bytes]","args":[{"enterText":"Test","selector":{"id":"application-managepartners-display-component---masterPtm--smartFilterBar-filterItemControl_BASIC-YARD-valueHelpDialog-smartFilterBar-btnBasicSearch","searchOpenDialogs":true,"interaction":{"idSuffix":"I"}},"clearTextFirst":true,"interactionType":"ENTER_TEXT"}]}
RESULT: {"script":"<script> [776 bytes]","args":[{"enterText":"Test","selector":{"id":"application-managepartners-display-component---masterPtm--smartFilterBar-filterItemControl_BASIC-YARD-valueHelpDialog-smartFilterBar-btnBasicSearch","searchOpenDialogs":true,"interaction":{"idSuffix":"I"}},"clearTextFirst":true,"interactionType":"ENTER_TEXT"}]}
COMMAND: POST /session/416e0c1cc5e5391e8fcc7ee7b1fbe604/actions - {"actions":[{"id":"action18","type":"key","parameters":{},"actions":[{"type":"keyDown","value":"î€‡"},{"type":"pause","duration":10},{"type":"keyUp","value":"î€‡"}]}]}
RESULT: {"actions":[{"id":"action18","type":"key","parameters":{},"actions":[{"type":"keyDown","value":"î€‡"},{"type":"pause","duration":10},{"type":"keyUp","value":"î€‡"}]}]}
COMMAND: POST /session/416e0c1cc5e5391e8fcc7ee7b1fbe604/elements - {"using":"xpath","value":"//table[contains(@id, \"smartFilterBar-filterItemControl_BASIC-YARD-valueHelpDialog-table-table\")]/tbody/tr"}
COMMAND: GET /session/416e0c1cc5e5391e8fcc7ee7b1fbe604/screenshot - {}
RESULT: {"using":"xpath","value":"//table[contains(@id, \"smartFilterBar-filterItemControl_BASIC-YARD-valueHelpDialog-table-table\")]/tbody/tr"}
COMMAND: POST /session/416e0c1cc5e5391e8fcc7ee7b1fbe604/element - {"using":"xpath","value":"//table[contains(@id, \"smartFilterBar-filterItemControl_BASIC-YARD-valueHelpDialog-table-table\")]/tbody/tr[1]/td[1]/div/span"}
RESULT: {}
RESULT: {"using":"xpath","value":"//table[contains(@id, \"smartFilterBar-filterItemControl_BASIC-YARD-valueHelpDialog-table-table\")]/tbody/tr[1]/td[1]/div/span"}
COMMAND: POST /session/416e0c1cc5e5391e8fcc7ee7b1fbe604/elements - {"using":"xpath","value":"//table[contains(@id, \"smartFilterBar-filterItemControl_BASIC-YARD-valueHelpDialog-table-table\")]/tbody/tr[1]/td[1]/div/span"}
RESULT: {"using":"xpath","value":"//table[contains(@id, \"smartFilterBar-filterItemControl_BASIC-YARD-valueHelpDialog-table-table\")]/tbody/tr[1]/td[1]/div/span"}
COMMAND: POST /session/416e0c1cc5e5391e8fcc7ee7b1fbe604/execute/sync - {"script":"<script> [56 bytes]","args":[{"element-6066-11e4-a52e-4f735466cecf":"f.50BABCFD8003DB92F28A6394CEE4B89A.d.C57B9C0500F8722B63395DFADB01057D.e.6094","ELEMENT":"f.50BABCFD8003DB92F28A6394CEE4B89A.d.C57B9C0500F8722B63395DFADB01057D.e.6094"}]}
RESULT: {"script":"<script> [56 bytes]","args":[{"element-6066-11e4-a52e-4f735466cecf":"f.50BABCFD8003DB92F28A6394CEE4B89A.d.C57B9C0500F8722B63395DFADB01057D.e.6094","ELEMENT":"f.50BABCFD8003DB92F28A6394CEE4B89A.d.C57B9C0500F8722B63395DFADB01057D.e.6094"}]}
COMMAND: POST /session/416e0c1cc5e5391e8fcc7ee7b1fbe604/element - {"using":"xpath","value":"//table[contains(@id, \"smartFilterBar-filterItemControl_BASIC-YARD-valueHelpDialog-table-table\")]/tbody/tr[2]/td[1]/div/span"}
COMMAND: GET /session/416e0c1cc5e5391e8fcc7ee7b1fbe604/screenshot - {}
RESULT: {"using":"xpath","value":"//table[contains(@id, \"smartFilterBar-filterItemControl_BASIC-YARD-valueHelpDialog-table-table\")]/tbody/tr[2]/td[1]/div/span"}
COMMAND: POST /session/416e0c1cc5e5391e8fcc7ee7b1fbe604/elements - {"using":"xpath","value":"//table[contains(@id, \"smartFilterBar-filterItemControl_BASIC-YARD-valueHelpDialog-table-table\")]/tbody/tr[2]/td[1]/div/span"}
RESULT: {}
RESULT: {"using":"xpath","value":"//table[contains(@id, \"smartFilterBar-filterItemControl_BASIC-YARD-valueHelpDialog-table-table\")]/tbody/tr[2]/td[1]/div/span"}
COMMAND: POST /session/416e0c1cc5e5391e8fcc7ee7b1fbe604/execute/sync - {"script":"<script> [56 bytes]","args":[{"element-6066-11e4-a52e-4f735466cecf":"f.50BABCFD8003DB92F28A6394CEE4B89A.d.C57B9C0500F8722B63395DFADB01057D.e.6095","ELEMENT":"f.50BABCFD8003DB92F28A6394CEE4B89A.d.C57B9C0500F8722B63395DFADB01057D.e.6095"}]}
RESULT: {"script":"<script> [56 bytes]","args":[{"element-6066-11e4-a52e-4f735466cecf":"f.50BABCFD8003DB92F28A6394CEE4B89A.d.C57B9C0500F8722B63395DFADB01057D.e.6095","ELEMENT":"f.50BABCFD8003DB92F28A6394CEE4B89A.d.C57B9C0500F8722B63395DFADB01057D.e.6095"}]}
COMMAND: POST /session/416e0c1cc5e5391e8fcc7ee7b1fbe604/element - {"using":"xpath","value":"//table[contains(@id, \"smartFilterBar-filterItemControl_BASIC-YARD-valueHelpDialog-table-table\")]/tbody/tr[3]/td[1]/div/span"}
COMMAND: GET /session/416e0c1cc5e5391e8fcc7ee7b1fbe604/screenshot - {}
RESULT: {"using":"xpath","value":"//table[contains(@id, \"smartFilterBar-filterItemControl_BASIC-YARD-valueHelpDialog-table-table\")]/tbody/tr[3]/td[1]/div/span"}
COMMAND: POST /session/416e0c1cc5e5391e8fcc7ee7b1fbe604/elements - {"using":"xpath","value":"//table[contains(@id, \"smartFilterBar-filterItemControl_BASIC-YARD-valueHelpDialog-table-table\")]/tbody/tr[3]/td[1]/div/span"}
RESULT: {}
RESULT: {"using":"xpath","value":"//table[contains(@id, \"smartFilterBar-filterItemControl_BASIC-YARD-valueHelpDialog-table-table\")]/tbody/tr[3]/td[1]/div/span"}
COMMAND: POST /session/416e0c1cc5e5391e8fcc7ee7b1fbe604/execute/sync - {"script":"<script> [56 bytes]","args":[{"element-6066-11e4-a52e-4f735466cecf":"f.50BABCFD8003DB92F28A6394CEE4B89A.d.C57B9C0500F8722B63395DFADB01057D.e.6096","ELEMENT":"f.50BABCFD8003DB92F28A6394CEE4B89A.d.C57B9C0500F8722B63395DFADB01057D.e.6096"}]}
RESULT: {"script":"<script> [56 bytes]","args":[{"element-6066-11e4-a52e-4f735466cecf":"f.50BABCFD8003DB92F28A6394CEE4B89A.d.C57B9C0500F8722B63395DFADB01057D.e.6096","ELEMENT":"f.50BABCFD8003DB92F28A6394CEE4B89A.d.C57B9C0500F8722B63395DFADB01057D.e.6096"}]}
COMMAND: POST /session/416e0c1cc5e5391e8fcc7ee7b1fbe604/element - {"using":"xpath","value":"//div[contains(@id, \"filterItemControl_BASIC-YARD-valueHelpDialog-table-rowsel2\")]"}
COMMAND: GET /session/416e0c1cc5e5391e8fcc7ee7b1fbe604/screenshot - {}
RESULT: {"using":"xpath","value":"//div[contains(@id, \"filterItemControl_BASIC-YARD-valueHelpDialog-table-rowsel2\")]"}
COMMAND: POST /session/416e0c1cc5e5391e8fcc7ee7b1fbe604/element/f.50BABCFD8003DB92F28A6394CEE4B89A.d.C57B9C0500F8722B63395DFADB01057D.e.6097/click - {}
RESULT: {}
RESULT: {}
COMMAND: GET /session/416e0c1cc5e5391e8fcc7ee7b1fbe604/screenshot - {}
RESULT: {}
COMMAND: POST /session/416e0c1cc5e5391e8fcc7ee7b1fbe604/element - {"using":"xpath","value":"(//bdi[contains(text(), \"OK\")])[1]"}
RESULT: {"using":"xpath","value":"(//bdi[contains(text(), \"OK\")])[1]"}
COMMAND: POST /session/416e0c1cc5e5391e8fcc7ee7b1fbe604/element/f.50BABCFD8003DB92F28A6394CEE4B89A.d.C57B9C0500F8722B63395DFADB01057D.e.6099/click - {}
RESULT: {}
COMMAND: GET /session/416e0c1cc5e5391e8fcc7ee7b1fbe604/screenshot - {}
RESULT: {}
COMMAND: POST /session/416e0c1cc5e5391e8fcc7ee7b1fbe604/element - {"using":"xpath","value":"//span[@id=\"application-managepartners-display-component---masterPtm--smartTable-header-inner\"]"}
RESULT: {"using":"xpath","value":"//span[@id=\"application-managepartners-display-component---masterPtm--smartTable-header-inner\"]"}
COMMAND: POST /session/416e0c1cc5e5391e8fcc7ee7b1fbe604/elements - {"using":"xpath","value":"//span[@id=\"application-managepartners-display-component---masterPtm--smartTable-header-inner\"]"}
RESULT: {"using":"xpath","value":"//span[@id=\"application-managepartners-display-component---masterPtm--smartTable-header-inner\"]"}
COMMAND: POST /session/416e0c1cc5e5391e8fcc7ee7b1fbe604/execute/sync - {"script":"<script> [56 bytes]","args":[{"element-6066-11e4-a52e-4f735466cecf":"f.50BABCFD8003DB92F28A6394CEE4B89A.d.C57B9C0500F8722B63395DFADB01057D.e.5788","ELEMENT":"f.50BABCFD8003DB92F28A6394CEE4B89A.d.C57B9C0500F8722B63395DFADB01057D.e.5788"}]}
RESULT: {"script":"<script> [56 bytes]","args":[{"element-6066-11e4-a52e-4f735466cecf":"f.50BABCFD8003DB92F28A6394CEE4B89A.d.C57B9C0500F8722B63395DFADB01057D.e.5788","ELEMENT":"f.50BABCFD8003DB92F28A6394CEE4B89A.d.C57B9C0500F8722B63395DFADB01057D.e.5788"}]}
COMMAND: POST /session/416e0c1cc5e5391e8fcc7ee7b1fbe604/element - {"using":"xpath","value":"//span[contains(@title, \"Remove\")]"}
COMMAND: GET /session/416e0c1cc5e5391e8fcc7ee7b1fbe604/screenshot - {}
RESULT: {"using":"xpath","value":"//span[contains(@title, \"Remove\")]"}
COMMAND: POST /session/416e0c1cc5e5391e8fcc7ee7b1fbe604/element/f.50BABCFD8003DB92F28A6394CEE4B89A.d.C57B9C0500F8722B63395DFADB01057D.e.6112/click - {}
RESULT: {}
RESULT: {}
COMMAND: GET /session/416e0c1cc5e5391e8fcc7ee7b1fbe604/screenshot - {}
RESULT: {}
COMMAND: POST /session/416e0c1cc5e5391e8fcc7ee7b1fbe604/element - {"using":"xpath","value":"//span[@id=\"application-managepartners-display-component---masterPtm--smartTable-header-inner\"]"}
RESULT: {"using":"xpath","value":"//span[@id=\"application-managepartners-display-component---masterPtm--smartTable-header-inner\"]"}
COMMAND: POST /session/416e0c1cc5e5391e8fcc7ee7b1fbe604/elements - {"using":"xpath","value":"//span[@id=\"application-managepartners-display-component---masterPtm--smartTable-header-inner\"]"}
RESULT: {"using":"xpath","value":"//span[@id=\"application-managepartners-display-component---masterPtm--smartTable-header-inner\"]"}
COMMAND: POST /session/416e0c1cc5e5391e8fcc7ee7b1fbe604/execute/sync - {"script":"<script> [56 bytes]","args":[{"element-6066-11e4-a52e-4f735466cecf":"f.50BABCFD8003DB92F28A6394CEE4B89A.d.C57B9C0500F8722B63395DFADB01057D.e.5788","ELEMENT":"f.50BABCFD8003DB92F28A6394CEE4B89A.d.C57B9C0500F8722B63395DFADB01057D.e.5788"}]}
RESULT: {"script":"<script> [56 bytes]","args":[{"element-6066-11e4-a52e-4f735466cecf":"f.50BABCFD8003DB92F28A6394CEE4B89A.d.C57B9C0500F8722B63395DFADB01057D.e.5788","ELEMENT":"f.50BABCFD8003DB92F28A6394CEE4B89A.d.C57B9C0500F8722B63395DFADB01057D.e.5788"}]}
COMMAND: POST /session/416e0c1cc5e5391e8fcc7ee7b1fbe604/execute/async - {"script":"<script> [1562 bytes]","args":[{"selector":{"id":"application-managepartners-display-component---masterPtm--smartFilterBar-filterItemControl_BASIC-ALL_TAGS-vhi"},"wdio_ui5_key":"applicationmanagepartners-display-component---masterPtm--smartFilterBar-filterItemControl_BASIC-ALL_TAGS-vhi"}]}
COMMAND: GET /session/416e0c1cc5e5391e8fcc7ee7b1fbe604/screenshot - {}
RESULT: {"script":"<script> [1562 bytes]","args":[{"selector":{"id":"application-managepartners-display-component---masterPtm--smartFilterBar-filterItemControl_BASIC-ALL_TAGS-vhi"},"wdio_ui5_key":"applicationmanagepartners-display-component---masterPtm--smartFilterBar-filterItemControl_BASIC-ALL_TAGS-vhi"}]}
RESULT: undefined
COMMAND: POST /session/416e0c1cc5e5391e8fcc7ee7b1fbe604/element - {"using":"xpath","value":"//*[@id=\"application-managepartners-display-component---masterPtm--smartFilterBar-filterItemControl_BASIC-ALL_TAGS-vhi\"]"}
RESULT: {}
RESULT: {"using":"xpath","value":"//*[@id=\"application-managepartners-display-component---masterPtm--smartFilterBar-filterItemControl_BASIC-ALL_TAGS-vhi\"]"}
COMMAND: POST /session/416e0c1cc5e5391e8fcc7ee7b1fbe604/element/f.50BABCFD8003DB92F28A6394CEE4B89A.d.C57B9C0500F8722B63395DFADB01057D.e.6218/click - {}
RESULT: {}
COMMAND: GET /session/416e0c1cc5e5391e8fcc7ee7b1fbe604/screenshot - {}
RESULT: {}
COMMAND: POST /session/416e0c1cc5e5391e8fcc7ee7b1fbe604/execute/async - {"script":"<script> [1562 bytes]","args":[{"selector":{"id":"application-managepartners-display-component---masterPtm--smartFilterBar-filterItemControl_BASIC-ALL_TAGS-valueHelpDialog-smartFilterBar-btnBasicSearch","searchOpenDialogs":true,"interaction":{"idSuffix":"I"}},"wdio_ui5_key":"applicationmanagepartners-display-component---masterPtm--smartFilterBar-filterItemControl_BASIC-ALL_TAGS-valueHelpDialog-smartFilterBar-btnBasicSearch"}]}
RESULT: {"script":"<script> [1562 bytes]","args":[{"selector":{"id":"application-managepartners-display-component---masterPtm--smartFilterBar-filterItemControl_BASIC-ALL_TAGS-valueHelpDialog-smartFilterBar-btnBasicSearch","searchOpenDialogs":true,"interaction":{"idSuffix":"I"}},"wdio_ui5_key":"applicationmanagepartners-display-component---masterPtm--smartFilterBar-filterItemControl_BASIC-ALL_TAGS-valueHelpDialog-smartFilterBar-btnBasicSearch"}]}
RESULT: undefined
COMMAND: POST /session/416e0c1cc5e5391e8fcc7ee7b1fbe604/execute/async - {"script":"<script> [776 bytes]","args":[{"enterText":"test-tag-1","selector":{"id":"application-managepartners-display-component---masterPtm--smartFilterBar-filterItemControl_BASIC-ALL_TAGS-valueHelpDialog-smartFilterBar-btnBasicSearch","searchOpenDialogs":true,"interaction":{"idSuffix":"I"}},"clearTextFirst":true,"interactionType":"ENTER_TEXT"}]}
RESULT: {"script":"<script> [776 bytes]","args":[{"enterText":"test-tag-1","selector":{"id":"application-managepartners-display-component---masterPtm--smartFilterBar-filterItemControl_BASIC-ALL_TAGS-valueHelpDialog-smartFilterBar-btnBasicSearch","searchOpenDialogs":true,"interaction":{"idSuffix":"I"}},"clearTextFirst":true,"interactionType":"ENTER_TEXT"}]}
COMMAND: POST /session/416e0c1cc5e5391e8fcc7ee7b1fbe604/actions - {"actions":[{"id":"action19","type":"key","parameters":{},"actions":[{"type":"keyDown","value":"î€‡"},{"type":"pause","duration":10},{"type":"keyUp","value":"î€‡"}]}]}
RESULT: {"actions":[{"id":"action19","type":"key","parameters":{},"actions":[{"type":"keyDown","value":"î€‡"},{"type":"pause","duration":10},{"type":"keyUp","value":"î€‡"}]}]}
COMMAND: POST /session/416e0c1cc5e5391e8fcc7ee7b1fbe604/elements - {"using":"xpath","value":"//table[contains(@id, \"smartFilterBar-filterItemControl_BASIC-ALL_TAGS-valueHelpDialog-table-table\")]/tbody/tr"}
COMMAND: GET /session/416e0c1cc5e5391e8fcc7ee7b1fbe604/screenshot - {}
RESULT: {"using":"xpath","value":"//table[contains(@id, \"smartFilterBar-filterItemControl_BASIC-ALL_TAGS-valueHelpDialog-table-table\")]/tbody/tr"}
COMMAND: POST /session/416e0c1cc5e5391e8fcc7ee7b1fbe604/element - {"using":"xpath","value":"//table[contains(@id, \"smartFilterBar-filterItemControl_BASIC-ALL_TAGS-valueHelpDialog-table-table\")]/tbody/tr[1]/td[1]/div/span"}
RESULT: {}
RESULT: {"using":"xpath","value":"//table[contains(@id, \"smartFilterBar-filterItemControl_BASIC-ALL_TAGS-valueHelpDialog-table-table\")]/tbody/tr[1]/td[1]/div/span"}
COMMAND: POST /session/416e0c1cc5e5391e8fcc7ee7b1fbe604/elements - {"using":"xpath","value":"//table[contains(@id, \"smartFilterBar-filterItemControl_BASIC-ALL_TAGS-valueHelpDialog-table-table\")]/tbody/tr[1]/td[1]/div/span"}
RESULT: {"using":"xpath","value":"//table[contains(@id, \"smartFilterBar-filterItemControl_BASIC-ALL_TAGS-valueHelpDialog-table-table\")]/tbody/tr[1]/td[1]/div/span"}
COMMAND: POST /session/416e0c1cc5e5391e8fcc7ee7b1fbe604/execute/sync - {"script":"<script> [56 bytes]","args":[{"element-6066-11e4-a52e-4f735466cecf":"f.50BABCFD8003DB92F28A6394CEE4B89A.d.C57B9C0500F8722B63395DFADB01057D.e.6240","ELEMENT":"f.50BABCFD8003DB92F28A6394CEE4B89A.d.C57B9C0500F8722B63395DFADB01057D.e.6240"}]}
RESULT: {"script":"<script> [56 bytes]","args":[{"element-6066-11e4-a52e-4f735466cecf":"f.50BABCFD8003DB92F28A6394CEE4B89A.d.C57B9C0500F8722B63395DFADB01057D.e.6240","ELEMENT":"f.50BABCFD8003DB92F28A6394CEE4B89A.d.C57B9C0500F8722B63395DFADB01057D.e.6240"}]}
COMMAND: POST /session/416e0c1cc5e5391e8fcc7ee7b1fbe604/element - {"using":"xpath","value":"//div[contains(@id, \"filterItemControl_BASIC-ALL_TAGS-valueHelpDialog-table-rowsel0\")]"}
COMMAND: GET /session/416e0c1cc5e5391e8fcc7ee7b1fbe604/screenshot - {}
RESULT: {"using":"xpath","value":"//div[contains(@id, \"filterItemControl_BASIC-ALL_TAGS-valueHelpDialog-table-rowsel0\")]"}
COMMAND: POST /session/416e0c1cc5e5391e8fcc7ee7b1fbe604/element/f.50BABCFD8003DB92F28A6394CEE4B89A.d.C57B9C0500F8722B63395DFADB01057D.e.6241/click - {}
RESULT: {}
RESULT: {}
COMMAND: GET /session/416e0c1cc5e5391e8fcc7ee7b1fbe604/screenshot - {}
RESULT: {}
COMMAND: POST /session/416e0c1cc5e5391e8fcc7ee7b1fbe604/element - {"using":"xpath","value":"(//bdi[contains(text(), \"OK\")])[1]"}
RESULT: {"using":"xpath","value":"(//bdi[contains(text(), \"OK\")])[1]"}
COMMAND: POST /session/416e0c1cc5e5391e8fcc7ee7b1fbe604/element/f.50BABCFD8003DB92F28A6394CEE4B89A.d.C57B9C0500F8722B63395DFADB01057D.e.6243/click - {}
RESULT: {}
COMMAND: GET /session/416e0c1cc5e5391e8fcc7ee7b1fbe604/screenshot - {}
RESULT: {}
COMMAND: POST /session/416e0c1cc5e5391e8fcc7ee7b1fbe604/element - {"using":"xpath","value":"//span[@id=\"application-managepartners-display-component---masterPtm--smartTable-header-inner\"]"}
RESULT: {"using":"xpath","value":"//span[@id=\"application-managepartners-display-component---masterPtm--smartTable-header-inner\"]"}
COMMAND: POST /session/416e0c1cc5e5391e8fcc7ee7b1fbe604/elements - {"using":"xpath","value":"//span[@id=\"application-managepartners-display-component---masterPtm--smartTable-header-inner\"]"}
RESULT: {"using":"xpath","value":"//span[@id=\"application-managepartners-display-component---masterPtm--smartTable-header-inner\"]"}
COMMAND: POST /session/416e0c1cc5e5391e8fcc7ee7b1fbe604/execute/sync - {"script":"<script> [56 bytes]","args":[{"element-6066-11e4-a52e-4f735466cecf":"f.50BABCFD8003DB92F28A6394CEE4B89A.d.C57B9C0500F8722B63395DFADB01057D.e.5788","ELEMENT":"f.50BABCFD8003DB92F28A6394CEE4B89A.d.C57B9C0500F8722B63395DFADB01057D.e.5788"}]}
RESULT: {"script":"<script> [56 bytes]","args":[{"element-6066-11e4-a52e-4f735466cecf":"f.50BABCFD8003DB92F28A6394CEE4B89A.d.C57B9C0500F8722B63395DFADB01057D.e.5788","ELEMENT":"f.50BABCFD8003DB92F28A6394CEE4B89A.d.C57B9C0500F8722B63395DFADB01057D.e.5788"}]}
COMMAND: POST /session/416e0c1cc5e5391e8fcc7ee7b1fbe604/element - {"using":"xpath","value":"//span[contains(@title, \"Remove\")]"}
COMMAND: GET /session/416e0c1cc5e5391e8fcc7ee7b1fbe604/screenshot - {}
RESULT: {"using":"xpath","value":"//span[contains(@title, \"Remove\")]"}
COMMAND: POST /session/416e0c1cc5e5391e8fcc7ee7b1fbe604/element/f.50BABCFD8003DB92F28A6394CEE4B89A.d.C57B9C0500F8722B63395DFADB01057D.e.6265/click - {}
RESULT: {}
RESULT: {}
COMMAND: GET /session/416e0c1cc5e5391e8fcc7ee7b1fbe604/screenshot - {}
RESULT: {}
COMMAND: POST /session/416e0c1cc5e5391e8fcc7ee7b1fbe604/execute/async - {"script":"<script> [1562 bytes]","args":[{"selector":{"id":"application-managepartners-display-component---masterPtm--partnerTypes-arrow"},"wdio_ui5_key":"applicationmanagepartners-display-component---masterPtm--partnerTypes-arrow"}]}
RESULT: {"script":"<script> [1562 bytes]","args":[{"selector":{"id":"application-managepartners-display-component---masterPtm--partnerTypes-arrow"},"wdio_ui5_key":"applicationmanagepartners-display-component---masterPtm--partnerTypes-arrow"}]}
RESULT: undefined
COMMAND: POST /session/416e0c1cc5e5391e8fcc7ee7b1fbe604/element - {"using":"xpath","value":"//*[@id=\"application-managepartners-display-component---masterPtm--partnerTypes-arrow\"]"}
RESULT: {"using":"xpath","value":"//*[@id=\"application-managepartners-display-component---masterPtm--partnerTypes-arrow\"]"}
COMMAND: POST /session/416e0c1cc5e5391e8fcc7ee7b1fbe604/element/f.50BABCFD8003DB92F28A6394CEE4B89A.d.C57B9C0500F8722B63395DFADB01057D.e.6366/click - {}
RESULT: {}
COMMAND: GET /session/416e0c1cc5e5391e8fcc7ee7b1fbe604/screenshot - {}
RESULT: {}
COMMAND: POST /session/416e0c1cc5e5391e8fcc7ee7b1fbe604/element - {"using":"xpath","value":"//li[.//span[text()=\"External partner\"]]//div[contains(@class,\"sapMCbBg\")]"}
RESULT: {"using":"xpath","value":"//li[.//span[text()=\"External partner\"]]//div[contains(@class,\"sapMCbBg\")]"}
COMMAND: POST /session/416e0c1cc5e5391e8fcc7ee7b1fbe604/element/f.50BABCFD8003DB92F28A6394CEE4B89A.d.C57B9C0500F8722B63395DFADB01057D.e.6371/click - {}
RESULT: {}
COMMAND: GET /session/416e0c1cc5e5391e8fcc7ee7b1fbe604/screenshot - {}
RESULT: {}
COMMAND: POST /session/416e0c1cc5e5391e8fcc7ee7b1fbe604/element - {"using":"xpath","value":"//span[@id=\"application-managepartners-display-component---masterPtm--smartTable-header-inner\"]"}
RESULT: {"using":"xpath","value":"//span[@id=\"application-managepartners-display-component---masterPtm--smartTable-header-inner\"]"}
COMMAND: POST /session/416e0c1cc5e5391e8fcc7ee7b1fbe604/elements - {"using":"xpath","value":"//span[@id=\"application-managepartners-display-component---masterPtm--smartTable-header-inner\"]"}
RESULT: {"using":"xpath","value":"//span[@id=\"application-managepartners-display-component---masterPtm--smartTable-header-inner\"]"}
COMMAND: POST /session/416e0c1cc5e5391e8fcc7ee7b1fbe604/execute/sync - {"script":"<script> [56 bytes]","args":[{"element-6066-11e4-a52e-4f735466cecf":"f.50BABCFD8003DB92F28A6394CEE4B89A.d.C57B9C0500F8722B63395DFADB01057D.e.5788","ELEMENT":"f.50BABCFD8003DB92F28A6394CEE4B89A.d.C57B9C0500F8722B63395DFADB01057D.e.5788"}]}
RESULT: {"script":"<script> [56 bytes]","args":[{"element-6066-11e4-a52e-4f735466cecf":"f.50BABCFD8003DB92F28A6394CEE4B89A.d.C57B9C0500F8722B63395DFADB01057D.e.5788","ELEMENT":"f.50BABCFD8003DB92F28A6394CEE4B89A.d.C57B9C0500F8722B63395DFADB01057D.e.5788"}]}
COMMAND: POST /session/416e0c1cc5e5391e8fcc7ee7b1fbe604/element - {"using":"xpath","value":"//span[contains(@title, \"Remove\")]"}
COMMAND: GET /session/416e0c1cc5e5391e8fcc7ee7b1fbe604/screenshot - {}
RESULT: {"using":"xpath","value":"//span[contains(@title, \"Remove\")]"}
COMMAND: POST /session/416e0c1cc5e5391e8fcc7ee7b1fbe604/element/f.50BABCFD8003DB92F28A6394CEE4B89A.d.C57B9C0500F8722B63395DFADB01057D.e.6458/click - {}
RESULT: {}
RESULT: {}
COMMAND: GET /session/416e0c1cc5e5391e8fcc7ee7b1fbe604/screenshot - {}
RESULT: {}
COMMAND: POST /session/416e0c1cc5e5391e8fcc7ee7b1fbe604/execute/async - {"script":"<script> [1562 bytes]","args":[{"selector":{"id":"application-managepartners-display-component---masterPtm--smartFilterBar-btnFilters","interaction":{"idSuffix":"BDI-content"}},"wdio_ui5_key":"applicationmanagepartners-display-component---masterPtm--smartFilterBar-btnFilters"}]}
RESULT: {"script":"<script> [1562 bytes]","args":[{"selector":{"id":"application-managepartners-display-component---masterPtm--smartFilterBar-btnFilters","interaction":{"idSuffix":"BDI-content"}},"wdio_ui5_key":"applicationmanagepartners-display-component---masterPtm--smartFilterBar-btnFilters"}]}
RESULT: undefined
COMMAND: POST /session/416e0c1cc5e5391e8fcc7ee7b1fbe604/element - {"using":"xpath","value":"//*[@id=\"application-managepartners-display-component---masterPtm--smartFilterBar-btnFilters\"]"}
RESULT: {"using":"xpath","value":"//*[@id=\"application-managepartners-display-component---masterPtm--smartFilterBar-btnFilters\"]"}
COMMAND: POST /session/416e0c1cc5e5391e8fcc7ee7b1fbe604/element/f.50BABCFD8003DB92F28A6394CEE4B89A.d.C57B9C0500F8722B63395DFADB01057D.e.5627/click - {}
RESULT: {}
COMMAND: GET /session/416e0c1cc5e5391e8fcc7ee7b1fbe604/screenshot - {}
RESULT: {}
COMMAND: POST /session/416e0c1cc5e5391e8fcc7ee7b1fbe604/elements - {"using":"xpath","value":"//table[contains(@id, \"listView-innerSelectionPanelTable-listUl\")]/tbody/tr"}
RESULT: {"using":"xpath","value":"//table[contains(@id, \"listView-innerSelectionPanelTable-listUl\")]/tbody/tr"}
COMMAND: POST /session/416e0c1cc5e5391e8fcc7ee7b1fbe604/element - {"using":"xpath","value":"//table[contains(@id, \"listView-innerSelectionPanelTable-listUl\")]/tbody/tr[2]/td[2]/div/div"}
RESULT: {"using":"xpath","value":"//table[contains(@id, \"listView-innerSelectionPanelTable-listUl\")]/tbody/tr[2]/td[2]/div/div"}
COMMAND: POST /session/416e0c1cc5e5391e8fcc7ee7b1fbe604/element - {"using":"xpath","value":"//table[contains(@id, \"listView-innerSelectionPanelTable-listUl\")]/tbody/tr[2]/td[2]/div"}
RESULT: {"using":"xpath","value":"//table[contains(@id, \"listView-innerSelectionPanelTable-listUl\")]/tbody/tr[2]/td[2]/div"}
COMMAND: POST /session/416e0c1cc5e5391e8fcc7ee7b1fbe604/element - {"using":"xpath","value":"//table[contains(@id, \"listView-innerSelectionPanelTable-listUl\")]/tbody/tr[2]/td[3]/div/div/span/span[1]/bdi"}
RESULT: {"using":"xpath","value":"//table[contains(@id, \"listView-innerSelectionPanelTable-listUl\")]/tbody/tr[2]/td[3]/div/div/span/span[1]/bdi"}
COMMAND: POST /session/416e0c1cc5e5391e8fcc7ee7b1fbe604/execute/sync - {"script":"<script> [56 bytes]","args":[{"element-6066-11e4-a52e-4f735466cecf":"f.50BABCFD8003DB92F28A6394CEE4B89A.d.C57B9C0500F8722B63395DFADB01057D.e.6573","ELEMENT":"f.50BABCFD8003DB92F28A6394CEE4B89A.d.C57B9C0500F8722B63395DFADB01057D.e.6573"}]}
RESULT: {"script":"<script> [56 bytes]","args":[{"element-6066-11e4-a52e-4f735466cecf":"f.50BABCFD8003DB92F28A6394CEE4B89A.d.C57B9C0500F8722B63395DFADB01057D.e.6573","ELEMENT":"f.50BABCFD8003DB92F28A6394CEE4B89A.d.C57B9C0500F8722B63395DFADB01057D.e.6573"}]}
COMMAND: GET /session/416e0c1cc5e5391e8fcc7ee7b1fbe604/element/f.50BABCFD8003DB92F28A6394CEE4B89A.d.C57B9C0500F8722B63395DFADB01057D.e.6572/attribute/aria-checked - {}
COMMAND: GET /session/416e0c1cc5e5391e8fcc7ee7b1fbe604/screenshot - {}
RESULT: {}
RESULT: {}
COMMAND: POST /session/416e0c1cc5e5391e8fcc7ee7b1fbe604/element - {"using":"xpath","value":"//table[contains(@id, \"listView-innerSelectionPanelTable-listUl\")]/tbody/tr[3]/td[2]/div/div"}
RESULT: {"using":"xpath","value":"//table[contains(@id, \"listView-innerSelectionPanelTable-listUl\")]/tbody/tr[3]/td[2]/div/div"}
COMMAND: POST /session/416e0c1cc5e5391e8fcc7ee7b1fbe604/element - {"using":"xpath","value":"//table[contains(@id, \"listView-innerSelectionPanelTable-listUl\")]/tbody/tr[3]/td[2]/div"}
RESULT: {"using":"xpath","value":"//table[contains(@id, \"listView-innerSelectionPanelTable-listUl\")]/tbody/tr[3]/td[2]/div"}
COMMAND: POST /session/416e0c1cc5e5391e8fcc7ee7b1fbe604/element - {"using":"xpath","value":"//table[contains(@id, \"listView-innerSelectionPanelTable-listUl\")]/tbody/tr[3]/td[3]/div/div/span/span[1]/bdi"}
RESULT: {"using":"xpath","value":"//table[contains(@id, \"listView-innerSelectionPanelTable-listUl\")]/tbody/tr[3]/td[3]/div/div/span/span[1]/bdi"}
COMMAND: POST /session/416e0c1cc5e5391e8fcc7ee7b1fbe604/execute/sync - {"script":"<script> [56 bytes]","args":[{"element-6066-11e4-a52e-4f735466cecf":"f.50BABCFD8003DB92F28A6394CEE4B89A.d.C57B9C0500F8722B63395DFADB01057D.e.6576","ELEMENT":"f.50BABCFD8003DB92F28A6394CEE4B89A.d.C57B9C0500F8722B63395DFADB01057D.e.6576"}]}
RESULT: {"script":"<script> [56 bytes]","args":[{"element-6066-11e4-a52e-4f735466cecf":"f.50BABCFD8003DB92F28A6394CEE4B89A.d.C57B9C0500F8722B63395DFADB01057D.e.6576","ELEMENT":"f.50BABCFD8003DB92F28A6394CEE4B89A.d.C57B9C0500F8722B63395DFADB01057D.e.6576"}]}
COMMAND: GET /session/416e0c1cc5e5391e8fcc7ee7b1fbe604/element/f.50BABCFD8003DB92F28A6394CEE4B89A.d.C57B9C0500F8722B63395DFADB01057D.e.6575/attribute/aria-checked - {}
COMMAND: GET /session/416e0c1cc5e5391e8fcc7ee7b1fbe604/screenshot - {}
RESULT: {}
COMMAND: POST /session/416e0c1cc5e5391e8fcc7ee7b1fbe604/element - {"using":"xpath","value":"//table[contains(@id, \"listView-innerSelectionPanelTable-listUl\")]/tbody/tr[4]/td[2]/div/div"}
RESULT: {}
RESULT: {"using":"xpath","value":"//table[contains(@id, \"listView-innerSelectionPanelTable-listUl\")]/tbody/tr[4]/td[2]/div/div"}
COMMAND: POST /session/416e0c1cc5e5391e8fcc7ee7b1fbe604/element - {"using":"xpath","value":"//table[contains(@id, \"listView-innerSelectionPanelTable-listUl\")]/tbody/tr[4]/td[2]/div"}
RESULT: {"using":"xpath","value":"//table[contains(@id, \"listView-innerSelectionPanelTable-listUl\")]/tbody/tr[4]/td[2]/div"}
COMMAND: POST /session/416e0c1cc5e5391e8fcc7ee7b1fbe604/element - {"using":"xpath","value":"//table[contains(@id, \"listView-innerSelectionPanelTable-listUl\")]/tbody/tr[4]/td[3]/div/div/span/span[1]/bdi"}
RESULT: {"using":"xpath","value":"//table[contains(@id, \"listView-innerSelectionPanelTable-listUl\")]/tbody/tr[4]/td[3]/div/div/span/span[1]/bdi"}
COMMAND: POST /session/416e0c1cc5e5391e8fcc7ee7b1fbe604/execute/sync - {"script":"<script> [56 bytes]","args":[{"element-6066-11e4-a52e-4f735466cecf":"f.50BABCFD8003DB92F28A6394CEE4B89A.d.C57B9C0500F8722B63395DFADB01057D.e.6579","ELEMENT":"f.50BABCFD8003DB92F28A6394CEE4B89A.d.C57B9C0500F8722B63395DFADB01057D.e.6579"}]}
RESULT: {"script":"<script> [56 bytes]","args":[{"element-6066-11e4-a52e-4f735466cecf":"f.50BABCFD8003DB92F28A6394CEE4B89A.d.C57B9C0500F8722B63395DFADB01057D.e.6579","ELEMENT":"f.50BABCFD8003DB92F28A6394CEE4B89A.d.C57B9C0500F8722B63395DFADB01057D.e.6579"}]}
COMMAND: GET /session/416e0c1cc5e5391e8fcc7ee7b1fbe604/element/f.50BABCFD8003DB92F28A6394CEE4B89A.d.C57B9C0500F8722B63395DFADB01057D.e.6578/attribute/aria-checked - {}
COMMAND: GET /session/416e0c1cc5e5391e8fcc7ee7b1fbe604/screenshot - {}
RESULT: {}
COMMAND: POST /session/416e0c1cc5e5391e8fcc7ee7b1fbe604/element - {"using":"xpath","value":"//table[contains(@id, \"listView-innerSelectionPanelTable-listUl\")]/tbody/tr[5]/td[2]/div/div"}
RESULT: {}
RESULT: {"using":"xpath","value":"//table[contains(@id, \"listView-innerSelectionPanelTable-listUl\")]/tbody/tr[5]/td[2]/div/div"}
COMMAND: POST /session/416e0c1cc5e5391e8fcc7ee7b1fbe604/element - {"using":"xpath","value":"//table[contains(@id, \"listView-innerSelectionPanelTable-listUl\")]/tbody/tr[5]/td[2]/div"}
RESULT: {"using":"xpath","value":"//table[contains(@id, \"listView-innerSelectionPanelTable-listUl\")]/tbody/tr[5]/td[2]/div"}
COMMAND: POST /session/416e0c1cc5e5391e8fcc7ee7b1fbe604/element - {"using":"xpath","value":"//table[contains(@id, \"listView-innerSelectionPanelTable-listUl\")]/tbody/tr[5]/td[3]/div/div/span/span[1]/bdi"}
RESULT: {"using":"xpath","value":"//table[contains(@id, \"listView-innerSelectionPanelTable-listUl\")]/tbody/tr[5]/td[3]/div/div/span/span[1]/bdi"}
COMMAND: POST /session/416e0c1cc5e5391e8fcc7ee7b1fbe604/execute/sync - {"script":"<script> [56 bytes]","args":[{"element-6066-11e4-a52e-4f735466cecf":"f.50BABCFD8003DB92F28A6394CEE4B89A.d.C57B9C0500F8722B63395DFADB01057D.e.6582","ELEMENT":"f.50BABCFD8003DB92F28A6394CEE4B89A.d.C57B9C0500F8722B63395DFADB01057D.e.6582"}]}
RESULT: {"script":"<script> [56 bytes]","args":[{"element-6066-11e4-a52e-4f735466cecf":"f.50BABCFD8003DB92F28A6394CEE4B89A.d.C57B9C0500F8722B63395DFADB01057D.e.6582","ELEMENT":"f.50BABCFD8003DB92F28A6394CEE4B89A.d.C57B9C0500F8722B63395DFADB01057D.e.6582"}]}
COMMAND: GET /session/416e0c1cc5e5391e8fcc7ee7b1fbe604/element/f.50BABCFD8003DB92F28A6394CEE4B89A.d.C57B9C0500F8722B63395DFADB01057D.e.6581/attribute/aria-checked - {}
COMMAND: GET /session/416e0c1cc5e5391e8fcc7ee7b1fbe604/screenshot - {}
RESULT: {}
COMMAND: POST /session/416e0c1cc5e5391e8fcc7ee7b1fbe604/element - {"using":"xpath","value":"//table[contains(@id, \"listView-innerSelectionPanelTable-listUl\")]/tbody/tr[6]/td[2]/div/div"}
RESULT: {}
RESULT: {"using":"xpath","value":"//table[contains(@id, \"listView-innerSelectionPanelTable-listUl\")]/tbody/tr[6]/td[2]/div/div"}
COMMAND: POST /session/416e0c1cc5e5391e8fcc7ee7b1fbe604/element - {"using":"xpath","value":"//table[contains(@id, \"listView-innerSelectionPanelTable-listUl\")]/tbody/tr[6]/td[2]/div"}
RESULT: {"using":"xpath","value":"//table[contains(@id, \"listView-innerSelectionPanelTable-listUl\")]/tbody/tr[6]/td[2]/div"}
COMMAND: POST /session/416e0c1cc5e5391e8fcc7ee7b1fbe604/element - {"using":"xpath","value":"//table[contains(@id, \"listView-innerSelectionPanelTable-listUl\")]/tbody/tr[6]/td[3]/div/div/span/span[1]/bdi"}
RESULT: {"using":"xpath","value":"//table[contains(@id, \"listView-innerSelectionPanelTable-listUl\")]/tbody/tr[6]/td[3]/div/div/span/span[1]/bdi"}
COMMAND: POST /session/416e0c1cc5e5391e8fcc7ee7b1fbe604/execute/sync - {"script":"<script> [56 bytes]","args":[{"element-6066-11e4-a52e-4f735466cecf":"f.50BABCFD8003DB92F28A6394CEE4B89A.d.C57B9C0500F8722B63395DFADB01057D.e.6585","ELEMENT":"f.50BABCFD8003DB92F28A6394CEE4B89A.d.C57B9C0500F8722B63395DFADB01057D.e.6585"}]}
RESULT: {"script":"<script> [56 bytes]","args":[{"element-6066-11e4-a52e-4f735466cecf":"f.50BABCFD8003DB92F28A6394CEE4B89A.d.C57B9C0500F8722B63395DFADB01057D.e.6585","ELEMENT":"f.50BABCFD8003DB92F28A6394CEE4B89A.d.C57B9C0500F8722B63395DFADB01057D.e.6585"}]}
COMMAND: GET /session/416e0c1cc5e5391e8fcc7ee7b1fbe604/element/f.50BABCFD8003DB92F28A6394CEE4B89A.d.C57B9C0500F8722B63395DFADB01057D.e.6584/attribute/aria-checked - {}
COMMAND: GET /session/416e0c1cc5e5391e8fcc7ee7b1fbe604/screenshot - {}
RESULT: {}
COMMAND: POST /session/416e0c1cc5e5391e8fcc7ee7b1fbe604/element - {"using":"xpath","value":"//table[contains(@id, \"listView-innerSelectionPanelTable-listUl\")]/tbody/tr[7]/td[2]/div/div"}
RESULT: {}
RESULT: {"using":"xpath","value":"//table[contains(@id, \"listView-innerSelectionPanelTable-listUl\")]/tbody/tr[7]/td[2]/div/div"}
COMMAND: POST /session/416e0c1cc5e5391e8fcc7ee7b1fbe604/element - {"using":"xpath","value":"//table[contains(@id, \"listView-innerSelectionPanelTable-listUl\")]/tbody/tr[7]/td[2]/div"}
RESULT: {"using":"xpath","value":"//table[contains(@id, \"listView-innerSelectionPanelTable-listUl\")]/tbody/tr[7]/td[2]/div"}
COMMAND: POST /session/416e0c1cc5e5391e8fcc7ee7b1fbe604/element - {"using":"xpath","value":"//table[contains(@id, \"listView-innerSelectionPanelTable-listUl\")]/tbody/tr[7]/td[3]/div/div/span/span[1]/bdi"}
RESULT: {"using":"xpath","value":"//table[contains(@id, \"listView-innerSelectionPanelTable-listUl\")]/tbody/tr[7]/td[3]/div/div/span/span[1]/bdi"}
COMMAND: POST /session/416e0c1cc5e5391e8fcc7ee7b1fbe604/execute/sync - {"script":"<script> [56 bytes]","args":[{"element-6066-11e4-a52e-4f735466cecf":"f.50BABCFD8003DB92F28A6394CEE4B89A.d.C57B9C0500F8722B63395DFADB01057D.e.6588","ELEMENT":"f.50BABCFD8003DB92F28A6394CEE4B89A.d.C57B9C0500F8722B63395DFADB01057D.e.6588"}]}
RESULT: {"script":"<script> [56 bytes]","args":[{"element-6066-11e4-a52e-4f735466cecf":"f.50BABCFD8003DB92F28A6394CEE4B89A.d.C57B9C0500F8722B63395DFADB01057D.e.6588","ELEMENT":"f.50BABCFD8003DB92F28A6394CEE4B89A.d.C57B9C0500F8722B63395DFADB01057D.e.6588"}]}
COMMAND: GET /session/416e0c1cc5e5391e8fcc7ee7b1fbe604/element/f.50BABCFD8003DB92F28A6394CEE4B89A.d.C57B9C0500F8722B63395DFADB01057D.e.6587/attribute/aria-checked - {}
COMMAND: GET /session/416e0c1cc5e5391e8fcc7ee7b1fbe604/screenshot - {}
RESULT: {}
COMMAND: POST /session/416e0c1cc5e5391e8fcc7ee7b1fbe604/element - {"using":"xpath","value":"//table[contains(@id, \"listView-innerSelectionPanelTable-listUl\")]/tbody/tr[8]/td[2]/div/div"}
RESULT: {}
RESULT: {"using":"xpath","value":"//table[contains(@id, \"listView-innerSelectionPanelTable-listUl\")]/tbody/tr[8]/td[2]/div/div"}
COMMAND: POST /session/416e0c1cc5e5391e8fcc7ee7b1fbe604/element - {"using":"xpath","value":"//table[contains(@id, \"listView-innerSelectionPanelTable-listUl\")]/tbody/tr[8]/td[2]/div"}
RESULT: {"using":"xpath","value":"//table[contains(@id, \"listView-innerSelectionPanelTable-listUl\")]/tbody/tr[8]/td[2]/div"}
COMMAND: POST /session/416e0c1cc5e5391e8fcc7ee7b1fbe604/element - {"using":"xpath","value":"//table[contains(@id, \"listView-innerSelectionPanelTable-listUl\")]/tbody/tr[8]/td[3]/div/div/span/span[1]/bdi"}
RESULT: {"using":"xpath","value":"//table[contains(@id, \"listView-innerSelectionPanelTable-listUl\")]/tbody/tr[8]/td[3]/div/div/span/span[1]/bdi"}
COMMAND: POST /session/416e0c1cc5e5391e8fcc7ee7b1fbe604/execute/sync - {"script":"<script> [56 bytes]","args":[{"element-6066-11e4-a52e-4f735466cecf":"f.50BABCFD8003DB92F28A6394CEE4B89A.d.C57B9C0500F8722B63395DFADB01057D.e.6591","ELEMENT":"f.50BABCFD8003DB92F28A6394CEE4B89A.d.C57B9C0500F8722B63395DFADB01057D.e.6591"}]}
RESULT: {"script":"<script> [56 bytes]","args":[{"element-6066-11e4-a52e-4f735466cecf":"f.50BABCFD8003DB92F28A6394CEE4B89A.d.C57B9C0500F8722B63395DFADB01057D.e.6591","ELEMENT":"f.50BABCFD8003DB92F28A6394CEE4B89A.d.C57B9C0500F8722B63395DFADB01057D.e.6591"}]}
COMMAND: GET /session/416e0c1cc5e5391e8fcc7ee7b1fbe604/element/f.50BABCFD8003DB92F28A6394CEE4B89A.d.C57B9C0500F8722B63395DFADB01057D.e.6590/attribute/aria-checked - {}
COMMAND: GET /session/416e0c1cc5e5391e8fcc7ee7b1fbe604/screenshot - {}
RESULT: {}
COMMAND: POST /session/416e0c1cc5e5391e8fcc7ee7b1fbe604/element - {"using":"xpath","value":"//table[contains(@id, \"listView-innerSelectionPanelTable-listUl\")]/tbody/tr[9]/td[2]/div/div"}
RESULT: {}
RESULT: {"using":"xpath","value":"//table[contains(@id, \"listView-innerSelectionPanelTable-listUl\")]/tbody/tr[9]/td[2]/div/div"}
COMMAND: POST /session/416e0c1cc5e5391e8fcc7ee7b1fbe604/element - {"using":"xpath","value":"//table[contains(@id, \"listView-innerSelectionPanelTable-listUl\")]/tbody/tr[9]/td[2]/div"}
RESULT: {"using":"xpath","value":"//table[contains(@id, \"listView-innerSelectionPanelTable-listUl\")]/tbody/tr[9]/td[2]/div"}
COMMAND: POST /session/416e0c1cc5e5391e8fcc7ee7b1fbe604/element - {"using":"xpath","value":"//table[contains(@id, \"listView-innerSelectionPanelTable-listUl\")]/tbody/tr[9]/td[3]/div/div/span/span[1]/bdi"}
RESULT: {"using":"xpath","value":"//table[contains(@id, \"listView-innerSelectionPanelTable-listUl\")]/tbody/tr[9]/td[3]/div/div/span/span[1]/bdi"}
COMMAND: POST /session/416e0c1cc5e5391e8fcc7ee7b1fbe604/execute/sync - {"script":"<script> [56 bytes]","args":[{"element-6066-11e4-a52e-4f735466cecf":"f.50BABCFD8003DB92F28A6394CEE4B89A.d.C57B9C0500F8722B63395DFADB01057D.e.6594","ELEMENT":"f.50BABCFD8003DB92F28A6394CEE4B89A.d.C57B9C0500F8722B63395DFADB01057D.e.6594"}]}
RESULT: {"script":"<script> [56 bytes]","args":[{"element-6066-11e4-a52e-4f735466cecf":"f.50BABCFD8003DB92F28A6394CEE4B89A.d.C57B9C0500F8722B63395DFADB01057D.e.6594","ELEMENT":"f.50BABCFD8003DB92F28A6394CEE4B89A.d.C57B9C0500F8722B63395DFADB01057D.e.6594"}]}
COMMAND: GET /session/416e0c1cc5e5391e8fcc7ee7b1fbe604/element/f.50BABCFD8003DB92F28A6394CEE4B89A.d.C57B9C0500F8722B63395DFADB01057D.e.6593/attribute/aria-checked - {}
COMMAND: GET /session/416e0c1cc5e5391e8fcc7ee7b1fbe604/screenshot - {}
RESULT: {}
COMMAND: POST /session/416e0c1cc5e5391e8fcc7ee7b1fbe604/element - {"using":"xpath","value":"//table[contains(@id, \"listView-innerSelectionPanelTable-listUl\")]/tbody/tr[10]/td[2]/div/div"}
RESULT: {}
RESULT: {"using":"xpath","value":"//table[contains(@id, \"listView-innerSelectionPanelTable-listUl\")]/tbody/tr[10]/td[2]/div/div"}
COMMAND: POST /session/416e0c1cc5e5391e8fcc7ee7b1fbe604/element - {"using":"xpath","value":"//table[contains(@id, \"listView-innerSelectionPanelTable-listUl\")]/tbody/tr[10]/td[2]/div"}
RESULT: {"using":"xpath","value":"//table[contains(@id, \"listView-innerSelectionPanelTable-listUl\")]/tbody/tr[10]/td[2]/div"}
COMMAND: POST /session/416e0c1cc5e5391e8fcc7ee7b1fbe604/element - {"using":"xpath","value":"//table[contains(@id, \"listView-innerSelectionPanelTable-listUl\")]/tbody/tr[10]/td[3]/div/div/span/span[1]/bdi"}
RESULT: {"using":"xpath","value":"//table[contains(@id, \"listView-innerSelectionPanelTable-listUl\")]/tbody/tr[10]/td[3]/div/div/span/span[1]/bdi"}
COMMAND: POST /session/416e0c1cc5e5391e8fcc7ee7b1fbe604/execute/sync - {"script":"<script> [56 bytes]","args":[{"element-6066-11e4-a52e-4f735466cecf":"f.50BABCFD8003DB92F28A6394CEE4B89A.d.C57B9C0500F8722B63395DFADB01057D.e.6597","ELEMENT":"f.50BABCFD8003DB92F28A6394CEE4B89A.d.C57B9C0500F8722B63395DFADB01057D.e.6597"}]}
RESULT: {"script":"<script> [56 bytes]","args":[{"element-6066-11e4-a52e-4f735466cecf":"f.50BABCFD8003DB92F28A6394CEE4B89A.d.C57B9C0500F8722B63395DFADB01057D.e.6597","ELEMENT":"f.50BABCFD8003DB92F28A6394CEE4B89A.d.C57B9C0500F8722B63395DFADB01057D.e.6597"}]}
COMMAND: GET /session/416e0c1cc5e5391e8fcc7ee7b1fbe604/element/f.50BABCFD8003DB92F28A6394CEE4B89A.d.C57B9C0500F8722B63395DFADB01057D.e.6596/attribute/aria-checked - {}
COMMAND: GET /session/416e0c1cc5e5391e8fcc7ee7b1fbe604/screenshot - {}
RESULT: {}
COMMAND: POST /session/416e0c1cc5e5391e8fcc7ee7b1fbe604/element - {"using":"xpath","value":"//table[contains(@id, \"listView-innerSelectionPanelTable-listUl\")]/tbody/tr[11]/td[2]/div/div"}
RESULT: {}
RESULT: {"using":"xpath","value":"//table[contains(@id, \"listView-innerSelectionPanelTable-listUl\")]/tbody/tr[11]/td[2]/div/div"}
COMMAND: POST /session/416e0c1cc5e5391e8fcc7ee7b1fbe604/element - {"using":"xpath","value":"//table[contains(@id, \"listView-innerSelectionPanelTable-listUl\")]/tbody/tr[11]/td[2]/div"}
RESULT: {"using":"xpath","value":"//table[contains(@id, \"listView-innerSelectionPanelTable-listUl\")]/tbody/tr[11]/td[2]/div"}
COMMAND: POST /session/416e0c1cc5e5391e8fcc7ee7b1fbe604/element - {"using":"xpath","value":"//table[contains(@id, \"listView-innerSelectionPanelTable-listUl\")]/tbody/tr[11]/td[3]/div/div/span/span[1]/bdi"}
RESULT: {"using":"xpath","value":"//table[contains(@id, \"listView-innerSelectionPanelTable-listUl\")]/tbody/tr[11]/td[3]/div/div/span/span[1]/bdi"}
COMMAND: POST /session/416e0c1cc5e5391e8fcc7ee7b1fbe604/execute/sync - {"script":"<script> [56 bytes]","args":[{"element-6066-11e4-a52e-4f735466cecf":"f.50BABCFD8003DB92F28A6394CEE4B89A.d.C57B9C0500F8722B63395DFADB01057D.e.6600","ELEMENT":"f.50BABCFD8003DB92F28A6394CEE4B89A.d.C57B9C0500F8722B63395DFADB01057D.e.6600"}]}
RESULT: {"script":"<script> [56 bytes]","args":[{"element-6066-11e4-a52e-4f735466cecf":"f.50BABCFD8003DB92F28A6394CEE4B89A.d.C57B9C0500F8722B63395DFADB01057D.e.6600","ELEMENT":"f.50BABCFD8003DB92F28A6394CEE4B89A.d.C57B9C0500F8722B63395DFADB01057D.e.6600"}]}
COMMAND: GET /session/416e0c1cc5e5391e8fcc7ee7b1fbe604/element/f.50BABCFD8003DB92F28A6394CEE4B89A.d.C57B9C0500F8722B63395DFADB01057D.e.6599/attribute/aria-checked - {}
COMMAND: GET /session/416e0c1cc5e5391e8fcc7ee7b1fbe604/screenshot - {}
RESULT: {}
COMMAND: POST /session/416e0c1cc5e5391e8fcc7ee7b1fbe604/element - {"using":"xpath","value":"//table[contains(@id, \"listView-innerSelectionPanelTable-listUl\")]/tbody/tr[12]/td[2]/div/div"}
RESULT: {}
RESULT: {"using":"xpath","value":"//table[contains(@id, \"listView-innerSelectionPanelTable-listUl\")]/tbody/tr[12]/td[2]/div/div"}
COMMAND: POST /session/416e0c1cc5e5391e8fcc7ee7b1fbe604/element - {"using":"xpath","value":"//table[contains(@id, \"listView-innerSelectionPanelTable-listUl\")]/tbody/tr[12]/td[2]/div"}
RESULT: {"using":"xpath","value":"//table[contains(@id, \"listView-innerSelectionPanelTable-listUl\")]/tbody/tr[12]/td[2]/div"}
COMMAND: POST /session/416e0c1cc5e5391e8fcc7ee7b1fbe604/element - {"using":"xpath","value":"//table[contains(@id, \"listView-innerSelectionPanelTable-listUl\")]/tbody/tr[12]/td[3]/div/div/span/span[1]/bdi"}
RESULT: {"using":"xpath","value":"//table[contains(@id, \"listView-innerSelectionPanelTable-listUl\")]/tbody/tr[12]/td[3]/div/div/span/span[1]/bdi"}
COMMAND: POST /session/416e0c1cc5e5391e8fcc7ee7b1fbe604/execute/sync - {"script":"<script> [56 bytes]","args":[{"element-6066-11e4-a52e-4f735466cecf":"f.50BABCFD8003DB92F28A6394CEE4B89A.d.C57B9C0500F8722B63395DFADB01057D.e.6603","ELEMENT":"f.50BABCFD8003DB92F28A6394CEE4B89A.d.C57B9C0500F8722B63395DFADB01057D.e.6603"}]}
RESULT: {"script":"<script> [56 bytes]","args":[{"element-6066-11e4-a52e-4f735466cecf":"f.50BABCFD8003DB92F28A6394CEE4B89A.d.C57B9C0500F8722B63395DFADB01057D.e.6603","ELEMENT":"f.50BABCFD8003DB92F28A6394CEE4B89A.d.C57B9C0500F8722B63395DFADB01057D.e.6603"}]}
COMMAND: GET /session/416e0c1cc5e5391e8fcc7ee7b1fbe604/element/f.50BABCFD8003DB92F28A6394CEE4B89A.d.C57B9C0500F8722B63395DFADB01057D.e.6602/attribute/aria-checked - {}
COMMAND: GET /session/416e0c1cc5e5391e8fcc7ee7b1fbe604/screenshot - {}
RESULT: {}
COMMAND: POST /session/416e0c1cc5e5391e8fcc7ee7b1fbe604/element - {"using":"xpath","value":"//table[contains(@id, \"listView-innerSelectionPanelTable-listUl\")]/tbody/tr[13]/td[2]/div/div"}
RESULT: {}
RESULT: {"using":"xpath","value":"//table[contains(@id, \"listView-innerSelectionPanelTable-listUl\")]/tbody/tr[13]/td[2]/div/div"}
COMMAND: POST /session/416e0c1cc5e5391e8fcc7ee7b1fbe604/element - {"using":"xpath","value":"//table[contains(@id, \"listView-innerSelectionPanelTable-listUl\")]/tbody/tr[13]/td[2]/div"}
RESULT: {"using":"xpath","value":"//table[contains(@id, \"listView-innerSelectionPanelTable-listUl\")]/tbody/tr[13]/td[2]/div"}
COMMAND: POST /session/416e0c1cc5e5391e8fcc7ee7b1fbe604/element - {"using":"xpath","value":"//table[contains(@id, \"listView-innerSelectionPanelTable-listUl\")]/tbody/tr[13]/td[3]/div/div/span/span[1]/bdi"}
RESULT: {"using":"xpath","value":"//table[contains(@id, \"listView-innerSelectionPanelTable-listUl\")]/tbody/tr[13]/td[3]/div/div/span/span[1]/bdi"}
COMMAND: POST /session/416e0c1cc5e5391e8fcc7ee7b1fbe604/execute/sync - {"script":"<script> [56 bytes]","args":[{"element-6066-11e4-a52e-4f735466cecf":"f.50BABCFD8003DB92F28A6394CEE4B89A.d.C57B9C0500F8722B63395DFADB01057D.e.6606","ELEMENT":"f.50BABCFD8003DB92F28A6394CEE4B89A.d.C57B9C0500F8722B63395DFADB01057D.e.6606"}]}
RESULT: {"script":"<script> [56 bytes]","args":[{"element-6066-11e4-a52e-4f735466cecf":"f.50BABCFD8003DB92F28A6394CEE4B89A.d.C57B9C0500F8722B63395DFADB01057D.e.6606","ELEMENT":"f.50BABCFD8003DB92F28A6394CEE4B89A.d.C57B9C0500F8722B63395DFADB01057D.e.6606"}]}
COMMAND: GET /session/416e0c1cc5e5391e8fcc7ee7b1fbe604/element/f.50BABCFD8003DB92F28A6394CEE4B89A.d.C57B9C0500F8722B63395DFADB01057D.e.6605/attribute/aria-checked - {}
COMMAND: GET /session/416e0c1cc5e5391e8fcc7ee7b1fbe604/screenshot - {}
RESULT: {}
COMMAND: POST /session/416e0c1cc5e5391e8fcc7ee7b1fbe604/element - {"using":"xpath","value":"//table[contains(@id, \"listView-innerSelectionPanelTable-listUl\")]/tbody/tr[14]/td[2]/div/div"}
COMMAND: POST /session/416e0c1cc5e5391e8fcc7ee7b1fbe604/element/f.50BABCFD8003DB92F28A6394CEE4B89A.d.C57B9C0500F8722B63395DFADB01057D.e.6604/click - {}
RESULT: {}
RESULT: {"using":"xpath","value":"//table[contains(@id, \"listView-innerSelectionPanelTable-listUl\")]/tbody/tr[14]/td[2]/div/div"}
COMMAND: POST /session/416e0c1cc5e5391e8fcc7ee7b1fbe604/element - {"using":"xpath","value":"//table[contains(@id, \"listView-innerSelectionPanelTable-listUl\")]/tbody/tr[14]/td[2]/div"}
RESULT: {}
COMMAND: GET /session/416e0c1cc5e5391e8fcc7ee7b1fbe604/screenshot - {}
RESULT: {"using":"xpath","value":"//table[contains(@id, \"listView-innerSelectionPanelTable-listUl\")]/tbody/tr[14]/td[2]/div"}
COMMAND: POST /session/416e0c1cc5e5391e8fcc7ee7b1fbe604/element - {"using":"xpath","value":"//table[contains(@id, \"listView-innerSelectionPanelTable-listUl\")]/tbody/tr[14]/td[3]/div/div/span/span[1]/bdi"}
RESULT: {}
RESULT: {"using":"xpath","value":"//table[contains(@id, \"listView-innerSelectionPanelTable-listUl\")]/tbody/tr[14]/td[3]/div/div/span/span[1]/bdi"}
COMMAND: POST /session/416e0c1cc5e5391e8fcc7ee7b1fbe604/execute/sync - {"script":"<script> [56 bytes]","args":[{"element-6066-11e4-a52e-4f735466cecf":"f.50BABCFD8003DB92F28A6394CEE4B89A.d.C57B9C0500F8722B63395DFADB01057D.e.6610","ELEMENT":"f.50BABCFD8003DB92F28A6394CEE4B89A.d.C57B9C0500F8722B63395DFADB01057D.e.6610"}]}
RESULT: {"script":"<script> [56 bytes]","args":[{"element-6066-11e4-a52e-4f735466cecf":"f.50BABCFD8003DB92F28A6394CEE4B89A.d.C57B9C0500F8722B63395DFADB01057D.e.6610","ELEMENT":"f.50BABCFD8003DB92F28A6394CEE4B89A.d.C57B9C0500F8722B63395DFADB01057D.e.6610"}]}
COMMAND: GET /session/416e0c1cc5e5391e8fcc7ee7b1fbe604/element/f.50BABCFD8003DB92F28A6394CEE4B89A.d.C57B9C0500F8722B63395DFADB01057D.e.6609/attribute/aria-checked - {}
COMMAND: GET /session/416e0c1cc5e5391e8fcc7ee7b1fbe604/screenshot - {}
RESULT: {}
COMMAND: POST /session/416e0c1cc5e5391e8fcc7ee7b1fbe604/element - {"using":"xpath","value":"//table[contains(@id, \"listView-innerSelectionPanelTable-listUl\")]/tbody/tr[15]/td[2]/div/div"}
RESULT: {}
RESULT: {"using":"xpath","value":"//table[contains(@id, \"listView-innerSelectionPanelTable-listUl\")]/tbody/tr[15]/td[2]/div/div"}
COMMAND: POST /session/416e0c1cc5e5391e8fcc7ee7b1fbe604/element - {"using":"xpath","value":"//table[contains(@id, \"listView-innerSelectionPanelTable-listUl\")]/tbody/tr[15]/td[2]/div"}
RESULT: {"using":"xpath","value":"//table[contains(@id, \"listView-innerSelectionPanelTable-listUl\")]/tbody/tr[15]/td[2]/div"}
COMMAND: POST /session/416e0c1cc5e5391e8fcc7ee7b1fbe604/element - {"using":"xpath","value":"//table[contains(@id, \"listView-innerSelectionPanelTable-listUl\")]/tbody/tr[15]/td[3]/div/div/span/span[1]/bdi"}
RESULT: {"using":"xpath","value":"//table[contains(@id, \"listView-innerSelectionPanelTable-listUl\")]/tbody/tr[15]/td[3]/div/div/span/span[1]/bdi"}
COMMAND: POST /session/416e0c1cc5e5391e8fcc7ee7b1fbe604/execute/sync - {"script":"<script> [56 bytes]","args":[{"element-6066-11e4-a52e-4f735466cecf":"f.50BABCFD8003DB92F28A6394CEE4B89A.d.C57B9C0500F8722B63395DFADB01057D.e.6613","ELEMENT":"f.50BABCFD8003DB92F28A6394CEE4B89A.d.C57B9C0500F8722B63395DFADB01057D.e.6613"}]}
RESULT: {"script":"<script> [56 bytes]","args":[{"element-6066-11e4-a52e-4f735466cecf":"f.50BABCFD8003DB92F28A6394CEE4B89A.d.C57B9C0500F8722B63395DFADB01057D.e.6613","ELEMENT":"f.50BABCFD8003DB92F28A6394CEE4B89A.d.C57B9C0500F8722B63395DFADB01057D.e.6613"}]}
COMMAND: GET /session/416e0c1cc5e5391e8fcc7ee7b1fbe604/element/f.50BABCFD8003DB92F28A6394CEE4B89A.d.C57B9C0500F8722B63395DFADB01057D.e.6612/attribute/aria-checked - {}
COMMAND: GET /session/416e0c1cc5e5391e8fcc7ee7b1fbe604/screenshot - {}
RESULT: {}
COMMAND: POST /session/416e0c1cc5e5391e8fcc7ee7b1fbe604/element - {"using":"xpath","value":"//table[contains(@id, \"listView-innerSelectionPanelTable-listUl\")]/tbody/tr[16]/td[2]/div/div"}
RESULT: {}
RESULT: {"using":"xpath","value":"//table[contains(@id, \"listView-innerSelectionPanelTable-listUl\")]/tbody/tr[16]/td[2]/div/div"}
COMMAND: POST /session/416e0c1cc5e5391e8fcc7ee7b1fbe604/element - {"using":"xpath","value":"//table[contains(@id, \"listView-innerSelectionPanelTable-listUl\")]/tbody/tr[16]/td[2]/div"}
RESULT: {"using":"xpath","value":"//table[contains(@id, \"listView-innerSelectionPanelTable-listUl\")]/tbody/tr[16]/td[2]/div"}
COMMAND: POST /session/416e0c1cc5e5391e8fcc7ee7b1fbe604/element - {"using":"xpath","value":"//table[contains(@id, \"listView-innerSelectionPanelTable-listUl\")]/tbody/tr[16]/td[3]/div/div/span/span[1]/bdi"}
RESULT: {"using":"xpath","value":"//table[contains(@id, \"listView-innerSelectionPanelTable-listUl\")]/tbody/tr[16]/td[3]/div/div/span/span[1]/bdi"}
COMMAND: POST /session/416e0c1cc5e5391e8fcc7ee7b1fbe604/execute/sync - {"script":"<script> [56 bytes]","args":[{"element-6066-11e4-a52e-4f735466cecf":"f.50BABCFD8003DB92F28A6394CEE4B89A.d.C57B9C0500F8722B63395DFADB01057D.e.6616","ELEMENT":"f.50BABCFD8003DB92F28A6394CEE4B89A.d.C57B9C0500F8722B63395DFADB01057D.e.6616"}]}
RESULT: {"script":"<script> [56 bytes]","args":[{"element-6066-11e4-a52e-4f735466cecf":"f.50BABCFD8003DB92F28A6394CEE4B89A.d.C57B9C0500F8722B63395DFADB01057D.e.6616","ELEMENT":"f.50BABCFD8003DB92F28A6394CEE4B89A.d.C57B9C0500F8722B63395DFADB01057D.e.6616"}]}
COMMAND: GET /session/416e0c1cc5e5391e8fcc7ee7b1fbe604/element/f.50BABCFD8003DB92F28A6394CEE4B89A.d.C57B9C0500F8722B63395DFADB01057D.e.6615/attribute/aria-checked - {}
COMMAND: GET /session/416e0c1cc5e5391e8fcc7ee7b1fbe604/screenshot - {}
RESULT: {}
COMMAND: POST /session/416e0c1cc5e5391e8fcc7ee7b1fbe604/element - {"using":"xpath","value":"//table[contains(@id, \"listView-innerSelectionPanelTable-listUl\")]/tbody/tr[17]/td[2]/div/div"}
RESULT: {}
RESULT: {"using":"xpath","value":"//table[contains(@id, \"listView-innerSelectionPanelTable-listUl\")]/tbody/tr[17]/td[2]/div/div"}
COMMAND: POST /session/416e0c1cc5e5391e8fcc7ee7b1fbe604/element - {"using":"xpath","value":"//table[contains(@id, \"listView-innerSelectionPanelTable-listUl\")]/tbody/tr[17]/td[2]/div"}
RESULT: {"using":"xpath","value":"//table[contains(@id, \"listView-innerSelectionPanelTable-listUl\")]/tbody/tr[17]/td[2]/div"}
COMMAND: POST /session/416e0c1cc5e5391e8fcc7ee7b1fbe604/element - {"using":"xpath","value":"//table[contains(@id, \"listView-innerSelectionPanelTable-listUl\")]/tbody/tr[17]/td[3]/div/div/span/span[1]/bdi"}
RESULT: {"using":"xpath","value":"//table[contains(@id, \"listView-innerSelectionPanelTable-listUl\")]/tbody/tr[17]/td[3]/div/div/span/span[1]/bdi"}
COMMAND: POST /session/416e0c1cc5e5391e8fcc7ee7b1fbe604/execute/sync - {"script":"<script> [56 bytes]","args":[{"element-6066-11e4-a52e-4f735466cecf":"f.50BABCFD8003DB92F28A6394CEE4B89A.d.C57B9C0500F8722B63395DFADB01057D.e.6619","ELEMENT":"f.50BABCFD8003DB92F28A6394CEE4B89A.d.C57B9C0500F8722B63395DFADB01057D.e.6619"}]}
RESULT: {"script":"<script> [56 bytes]","args":[{"element-6066-11e4-a52e-4f735466cecf":"f.50BABCFD8003DB92F28A6394CEE4B89A.d.C57B9C0500F8722B63395DFADB01057D.e.6619","ELEMENT":"f.50BABCFD8003DB92F28A6394CEE4B89A.d.C57B9C0500F8722B63395DFADB01057D.e.6619"}]}
COMMAND: GET /session/416e0c1cc5e5391e8fcc7ee7b1fbe604/element/f.50BABCFD8003DB92F28A6394CEE4B89A.d.C57B9C0500F8722B63395DFADB01057D.e.6618/attribute/aria-checked - {}
COMMAND: GET /session/416e0c1cc5e5391e8fcc7ee7b1fbe604/screenshot - {}
RESULT: {}
COMMAND: POST /session/416e0c1cc5e5391e8fcc7ee7b1fbe604/element - {"using":"xpath","value":"//table[contains(@id, \"listView-innerSelectionPanelTable-listUl\")]/tbody/tr[18]/td[2]/div/div"}
RESULT: {}
RESULT: {"using":"xpath","value":"//table[contains(@id, \"listView-innerSelectionPanelTable-listUl\")]/tbody/tr[18]/td[2]/div/div"}
COMMAND: POST /session/416e0c1cc5e5391e8fcc7ee7b1fbe604/element - {"using":"xpath","value":"//table[contains(@id, \"listView-innerSelectionPanelTable-listUl\")]/tbody/tr[18]/td[2]/div"}
RESULT: {"using":"xpath","value":"//table[contains(@id, \"listView-innerSelectionPanelTable-listUl\")]/tbody/tr[18]/td[2]/div"}
COMMAND: POST /session/416e0c1cc5e5391e8fcc7ee7b1fbe604/element - {"using":"xpath","value":"//table[contains(@id, \"listView-innerSelectionPanelTable-listUl\")]/tbody/tr[18]/td[3]/div/div/span/span[1]/bdi"}
RESULT: {"using":"xpath","value":"//table[contains(@id, \"listView-innerSelectionPanelTable-listUl\")]/tbody/tr[18]/td[3]/div/div/span/span[1]/bdi"}
COMMAND: POST /session/416e0c1cc5e5391e8fcc7ee7b1fbe604/execute/sync - {"script":"<script> [56 bytes]","args":[{"element-6066-11e4-a52e-4f735466cecf":"f.50BABCFD8003DB92F28A6394CEE4B89A.d.C57B9C0500F8722B63395DFADB01057D.e.6622","ELEMENT":"f.50BABCFD8003DB92F28A6394CEE4B89A.d.C57B9C0500F8722B63395DFADB01057D.e.6622"}]}
RESULT: {"script":"<script> [56 bytes]","args":[{"element-6066-11e4-a52e-4f735466cecf":"f.50BABCFD8003DB92F28A6394CEE4B89A.d.C57B9C0500F8722B63395DFADB01057D.e.6622","ELEMENT":"f.50BABCFD8003DB92F28A6394CEE4B89A.d.C57B9C0500F8722B63395DFADB01057D.e.6622"}]}
COMMAND: GET /session/416e0c1cc5e5391e8fcc7ee7b1fbe604/element/f.50BABCFD8003DB92F28A6394CEE4B89A.d.C57B9C0500F8722B63395DFADB01057D.e.6621/attribute/aria-checked - {}
COMMAND: GET /session/416e0c1cc5e5391e8fcc7ee7b1fbe604/screenshot - {}
RESULT: {}
COMMAND: POST /session/416e0c1cc5e5391e8fcc7ee7b1fbe604/element - {"using":"xpath","value":"//table[contains(@id, \"listView-innerSelectionPanelTable-listUl\")]/tbody/tr[19]/td[2]/div/div"}
RESULT: {}
RESULT: {"using":"xpath","value":"//table[contains(@id, \"listView-innerSelectionPanelTable-listUl\")]/tbody/tr[19]/td[2]/div/div"}
COMMAND: POST /session/416e0c1cc5e5391e8fcc7ee7b1fbe604/element - {"using":"xpath","value":"//table[contains(@id, \"listView-innerSelectionPanelTable-listUl\")]/tbody/tr[19]/td[2]/div"}
RESULT: {"using":"xpath","value":"//table[contains(@id, \"listView-innerSelectionPanelTable-listUl\")]/tbody/tr[19]/td[2]/div"}
COMMAND: POST /session/416e0c1cc5e5391e8fcc7ee7b1fbe604/element - {"using":"xpath","value":"//table[contains(@id, \"listView-innerSelectionPanelTable-listUl\")]/tbody/tr[19]/td[3]/div/div/span/span[1]/bdi"}
RESULT: {"using":"xpath","value":"//table[contains(@id, \"listView-innerSelectionPanelTable-listUl\")]/tbody/tr[19]/td[3]/div/div/span/span[1]/bdi"}
COMMAND: POST /session/416e0c1cc5e5391e8fcc7ee7b1fbe604/execute/sync - {"script":"<script> [56 bytes]","args":[{"element-6066-11e4-a52e-4f735466cecf":"f.50BABCFD8003DB92F28A6394CEE4B89A.d.C57B9C0500F8722B63395DFADB01057D.e.6625","ELEMENT":"f.50BABCFD8003DB92F28A6394CEE4B89A.d.C57B9C0500F8722B63395DFADB01057D.e.6625"}]}
RESULT: {"script":"<script> [56 bytes]","args":[{"element-6066-11e4-a52e-4f735466cecf":"f.50BABCFD8003DB92F28A6394CEE4B89A.d.C57B9C0500F8722B63395DFADB01057D.e.6625","ELEMENT":"f.50BABCFD8003DB92F28A6394CEE4B89A.d.C57B9C0500F8722B63395DFADB01057D.e.6625"}]}
COMMAND: GET /session/416e0c1cc5e5391e8fcc7ee7b1fbe604/element/f.50BABCFD8003DB92F28A6394CEE4B89A.d.C57B9C0500F8722B63395DFADB01057D.e.6624/attribute/aria-checked - {}
COMMAND: GET /session/416e0c1cc5e5391e8fcc7ee7b1fbe604/screenshot - {}
RESULT: {}
RESULT: {}
COMMAND: POST /session/416e0c1cc5e5391e8fcc7ee7b1fbe604/element - {"using":"xpath","value":"//table[contains(@id, \"listView-innerSelectionPanelTable-listUl\")]/tbody/tr[20]/td[2]/div/div"}
RESULT: {"using":"xpath","value":"//table[contains(@id, \"listView-innerSelectionPanelTable-listUl\")]/tbody/tr[20]/td[2]/div/div"}
COMMAND: POST /session/416e0c1cc5e5391e8fcc7ee7b1fbe604/element - {"using":"xpath","value":"//table[contains(@id, \"listView-innerSelectionPanelTable-listUl\")]/tbody/tr[20]/td[2]/div"}
RESULT: {"using":"xpath","value":"//table[contains(@id, \"listView-innerSelectionPanelTable-listUl\")]/tbody/tr[20]/td[2]/div"}
COMMAND: POST /session/416e0c1cc5e5391e8fcc7ee7b1fbe604/element - {"using":"xpath","value":"//table[contains(@id, \"listView-innerSelectionPanelTable-listUl\")]/tbody/tr[20]/td[3]/div/div/span/span[1]/bdi"}
RESULT: {"using":"xpath","value":"//table[contains(@id, \"listView-innerSelectionPanelTable-listUl\")]/tbody/tr[20]/td[3]/div/div/span/span[1]/bdi"}
COMMAND: POST /session/416e0c1cc5e5391e8fcc7ee7b1fbe604/execute/sync - {"script":"<script> [56 bytes]","args":[{"element-6066-11e4-a52e-4f735466cecf":"f.50BABCFD8003DB92F28A6394CEE4B89A.d.C57B9C0500F8722B63395DFADB01057D.e.6628","ELEMENT":"f.50BABCFD8003DB92F28A6394CEE4B89A.d.C57B9C0500F8722B63395DFADB01057D.e.6628"}]}
RESULT: {"script":"<script> [56 bytes]","args":[{"element-6066-11e4-a52e-4f735466cecf":"f.50BABCFD8003DB92F28A6394CEE4B89A.d.C57B9C0500F8722B63395DFADB01057D.e.6628","ELEMENT":"f.50BABCFD8003DB92F28A6394CEE4B89A.d.C57B9C0500F8722B63395DFADB01057D.e.6628"}]}
COMMAND: GET /session/416e0c1cc5e5391e8fcc7ee7b1fbe604/element/f.50BABCFD8003DB92F28A6394CEE4B89A.d.C57B9C0500F8722B63395DFADB01057D.e.6627/attribute/aria-checked - {}
COMMAND: GET /session/416e0c1cc5e5391e8fcc7ee7b1fbe604/screenshot - {}
RESULT: {}
COMMAND: POST /session/416e0c1cc5e5391e8fcc7ee7b1fbe604/element - {"using":"xpath","value":"//table[contains(@id, \"listView-innerSelectionPanelTable-listUl\")]/tbody/tr[21]/td[2]/div/div"}
RESULT: {}
RESULT: {"using":"xpath","value":"//table[contains(@id, \"listView-innerSelectionPanelTable-listUl\")]/tbody/tr[21]/td[2]/div/div"}
COMMAND: POST /session/416e0c1cc5e5391e8fcc7ee7b1fbe604/element - {"using":"xpath","value":"//table[contains(@id, \"listView-innerSelectionPanelTable-listUl\")]/tbody/tr[21]/td[2]/div"}
RESULT: {"using":"xpath","value":"//table[contains(@id, \"listView-innerSelectionPanelTable-listUl\")]/tbody/tr[21]/td[2]/div"}
COMMAND: POST /session/416e0c1cc5e5391e8fcc7ee7b1fbe604/element - {"using":"xpath","value":"//table[contains(@id, \"listView-innerSelectionPanelTable-listUl\")]/tbody/tr[21]/td[3]/div/div/span/span[1]/bdi"}
RESULT: {"using":"xpath","value":"//table[contains(@id, \"listView-innerSelectionPanelTable-listUl\")]/tbody/tr[21]/td[3]/div/div/span/span[1]/bdi"}
COMMAND: POST /session/416e0c1cc5e5391e8fcc7ee7b1fbe604/execute/sync - {"script":"<script> [56 bytes]","args":[{"element-6066-11e4-a52e-4f735466cecf":"f.50BABCFD8003DB92F28A6394CEE4B89A.d.C57B9C0500F8722B63395DFADB01057D.e.6631","ELEMENT":"f.50BABCFD8003DB92F28A6394CEE4B89A.d.C57B9C0500F8722B63395DFADB01057D.e.6631"}]}
RESULT: {"script":"<script> [56 bytes]","args":[{"element-6066-11e4-a52e-4f735466cecf":"f.50BABCFD8003DB92F28A6394CEE4B89A.d.C57B9C0500F8722B63395DFADB01057D.e.6631","ELEMENT":"f.50BABCFD8003DB92F28A6394CEE4B89A.d.C57B9C0500F8722B63395DFADB01057D.e.6631"}]}
COMMAND: GET /session/416e0c1cc5e5391e8fcc7ee7b1fbe604/element/f.50BABCFD8003DB92F28A6394CEE4B89A.d.C57B9C0500F8722B63395DFADB01057D.e.6630/attribute/aria-checked - {}
COMMAND: GET /session/416e0c1cc5e5391e8fcc7ee7b1fbe604/screenshot - {}
RESULT: {}
COMMAND: POST /session/416e0c1cc5e5391e8fcc7ee7b1fbe604/element - {"using":"xpath","value":"//table[contains(@id, \"listView-innerSelectionPanelTable-listUl\")]/tbody/tr[22]/td[2]/div/div"}
RESULT: {}
RESULT: {"using":"xpath","value":"//table[contains(@id, \"listView-innerSelectionPanelTable-listUl\")]/tbody/tr[22]/td[2]/div/div"}
COMMAND: POST /session/416e0c1cc5e5391e8fcc7ee7b1fbe604/element - {"using":"xpath","value":"//table[contains(@id, \"listView-innerSelectionPanelTable-listUl\")]/tbody/tr[22]/td[2]/div"}
RESULT: {"using":"xpath","value":"//table[contains(@id, \"listView-innerSelectionPanelTable-listUl\")]/tbody/tr[22]/td[2]/div"}
COMMAND: POST /session/416e0c1cc5e5391e8fcc7ee7b1fbe604/element - {"using":"xpath","value":"//table[contains(@id, \"listView-innerSelectionPanelTable-listUl\")]/tbody/tr[22]/td[3]/div/div/span/span[1]/bdi"}
RESULT: {"using":"xpath","value":"//table[contains(@id, \"listView-innerSelectionPanelTable-listUl\")]/tbody/tr[22]/td[3]/div/div/span/span[1]/bdi"}
COMMAND: POST /session/416e0c1cc5e5391e8fcc7ee7b1fbe604/execute/sync - {"script":"<script> [56 bytes]","args":[{"element-6066-11e4-a52e-4f735466cecf":"f.50BABCFD8003DB92F28A6394CEE4B89A.d.C57B9C0500F8722B63395DFADB01057D.e.6634","ELEMENT":"f.50BABCFD8003DB92F28A6394CEE4B89A.d.C57B9C0500F8722B63395DFADB01057D.e.6634"}]}
RESULT: {"script":"<script> [56 bytes]","args":[{"element-6066-11e4-a52e-4f735466cecf":"f.50BABCFD8003DB92F28A6394CEE4B89A.d.C57B9C0500F8722B63395DFADB01057D.e.6634","ELEMENT":"f.50BABCFD8003DB92F28A6394CEE4B89A.d.C57B9C0500F8722B63395DFADB01057D.e.6634"}]}
COMMAND: GET /session/416e0c1cc5e5391e8fcc7ee7b1fbe604/element/f.50BABCFD8003DB92F28A6394CEE4B89A.d.C57B9C0500F8722B63395DFADB01057D.e.6633/attribute/aria-checked - {}
COMMAND: GET /session/416e0c1cc5e5391e8fcc7ee7b1fbe604/screenshot - {}
RESULT: {}
COMMAND: POST /session/416e0c1cc5e5391e8fcc7ee7b1fbe604/element - {"using":"xpath","value":"//table[contains(@id, \"listView-innerSelectionPanelTable-listUl\")]/tbody/tr[23]/td[2]/div/div"}
RESULT: {}
RESULT: {"using":"xpath","value":"//table[contains(@id, \"listView-innerSelectionPanelTable-listUl\")]/tbody/tr[23]/td[2]/div/div"}
COMMAND: POST /session/416e0c1cc5e5391e8fcc7ee7b1fbe604/element - {"using":"xpath","value":"//table[contains(@id, \"listView-innerSelectionPanelTable-listUl\")]/tbody/tr[23]/td[2]/div"}
RESULT: {"using":"xpath","value":"//table[contains(@id, \"listView-innerSelectionPanelTable-listUl\")]/tbody/tr[23]/td[2]/div"}
COMMAND: POST /session/416e0c1cc5e5391e8fcc7ee7b1fbe604/element - {"using":"xpath","value":"//table[contains(@id, \"listView-innerSelectionPanelTable-listUl\")]/tbody/tr[23]/td[3]/div/div/span/span[1]/bdi"}
RESULT: {"using":"xpath","value":"//table[contains(@id, \"listView-innerSelectionPanelTable-listUl\")]/tbody/tr[23]/td[3]/div/div/span/span[1]/bdi"}
COMMAND: POST /session/416e0c1cc5e5391e8fcc7ee7b1fbe604/execute/sync - {"script":"<script> [56 bytes]","args":[{"element-6066-11e4-a52e-4f735466cecf":"f.50BABCFD8003DB92F28A6394CEE4B89A.d.C57B9C0500F8722B63395DFADB01057D.e.6637","ELEMENT":"f.50BABCFD8003DB92F28A6394CEE4B89A.d.C57B9C0500F8722B63395DFADB01057D.e.6637"}]}
RESULT: {"script":"<script> [56 bytes]","args":[{"element-6066-11e4-a52e-4f735466cecf":"f.50BABCFD8003DB92F28A6394CEE4B89A.d.C57B9C0500F8722B63395DFADB01057D.e.6637","ELEMENT":"f.50BABCFD8003DB92F28A6394CEE4B89A.d.C57B9C0500F8722B63395DFADB01057D.e.6637"}]}
COMMAND: GET /session/416e0c1cc5e5391e8fcc7ee7b1fbe604/element/f.50BABCFD8003DB92F28A6394CEE4B89A.d.C57B9C0500F8722B63395DFADB01057D.e.6636/attribute/aria-checked - {}
COMMAND: GET /session/416e0c1cc5e5391e8fcc7ee7b1fbe604/screenshot - {}
RESULT: {}
COMMAND: POST /session/416e0c1cc5e5391e8fcc7ee7b1fbe604/element - {"using":"xpath","value":"//table[contains(@id, \"listView-innerSelectionPanelTable-listUl\")]/tbody/tr[24]/td[2]/div/div"}
RESULT: {}
RESULT: {"using":"xpath","value":"//table[contains(@id, \"listView-innerSelectionPanelTable-listUl\")]/tbody/tr[24]/td[2]/div/div"}
COMMAND: POST /session/416e0c1cc5e5391e8fcc7ee7b1fbe604/element - {"using":"xpath","value":"//table[contains(@id, \"listView-innerSelectionPanelTable-listUl\")]/tbody/tr[24]/td[2]/div"}
RESULT: {"using":"xpath","value":"//table[contains(@id, \"listView-innerSelectionPanelTable-listUl\")]/tbody/tr[24]/td[2]/div"}
COMMAND: POST /session/416e0c1cc5e5391e8fcc7ee7b1fbe604/element - {"using":"xpath","value":"//table[contains(@id, \"listView-innerSelectionPanelTable-listUl\")]/tbody/tr[24]/td[3]/div/div/span/span[1]/bdi"}
RESULT: {"using":"xpath","value":"//table[contains(@id, \"listView-innerSelectionPanelTable-listUl\")]/tbody/tr[24]/td[3]/div/div/span/span[1]/bdi"}
COMMAND: POST /session/416e0c1cc5e5391e8fcc7ee7b1fbe604/execute/sync - {"script":"<script> [56 bytes]","args":[{"element-6066-11e4-a52e-4f735466cecf":"f.50BABCFD8003DB92F28A6394CEE4B89A.d.C57B9C0500F8722B63395DFADB01057D.e.6640","ELEMENT":"f.50BABCFD8003DB92F28A6394CEE4B89A.d.C57B9C0500F8722B63395DFADB01057D.e.6640"}]}
RESULT: {"script":"<script> [56 bytes]","args":[{"element-6066-11e4-a52e-4f735466cecf":"f.50BABCFD8003DB92F28A6394CEE4B89A.d.C57B9C0500F8722B63395DFADB01057D.e.6640","ELEMENT":"f.50BABCFD8003DB92F28A6394CEE4B89A.d.C57B9C0500F8722B63395DFADB01057D.e.6640"}]}
COMMAND: GET /session/416e0c1cc5e5391e8fcc7ee7b1fbe604/element/f.50BABCFD8003DB92F28A6394CEE4B89A.d.C57B9C0500F8722B63395DFADB01057D.e.6639/attribute/aria-checked - {}
COMMAND: GET /session/416e0c1cc5e5391e8fcc7ee7b1fbe604/screenshot - {}
RESULT: {}
COMMAND: POST /session/416e0c1cc5e5391e8fcc7ee7b1fbe604/element - {"using":"xpath","value":"//table[contains(@id, \"listView-innerSelectionPanelTable-listUl\")]/tbody/tr[25]/td[2]/div/div"}
RESULT: {}
RESULT: {"using":"xpath","value":"//table[contains(@id, \"listView-innerSelectionPanelTable-listUl\")]/tbody/tr[25]/td[2]/div/div"}
COMMAND: POST /session/416e0c1cc5e5391e8fcc7ee7b1fbe604/element - {"using":"xpath","value":"//table[contains(@id, \"listView-innerSelectionPanelTable-listUl\")]/tbody/tr[25]/td[2]/div"}
RESULT: {"using":"xpath","value":"//table[contains(@id, \"listView-innerSelectionPanelTable-listUl\")]/tbody/tr[25]/td[2]/div"}
COMMAND: POST /session/416e0c1cc5e5391e8fcc7ee7b1fbe604/element - {"using":"xpath","value":"//table[contains(@id, \"listView-innerSelectionPanelTable-listUl\")]/tbody/tr[25]/td[3]/div/div/span/span[1]/bdi"}
RESULT: {"using":"xpath","value":"//table[contains(@id, \"listView-innerSelectionPanelTable-listUl\")]/tbody/tr[25]/td[3]/div/div/span/span[1]/bdi"}
COMMAND: POST /session/416e0c1cc5e5391e8fcc7ee7b1fbe604/execute/sync - {"script":"<script> [56 bytes]","args":[{"element-6066-11e4-a52e-4f735466cecf":"f.50BABCFD8003DB92F28A6394CEE4B89A.d.C57B9C0500F8722B63395DFADB01057D.e.6643","ELEMENT":"f.50BABCFD8003DB92F28A6394CEE4B89A.d.C57B9C0500F8722B63395DFADB01057D.e.6643"}]}
RESULT: {"script":"<script> [56 bytes]","args":[{"element-6066-11e4-a52e-4f735466cecf":"f.50BABCFD8003DB92F28A6394CEE4B89A.d.C57B9C0500F8722B63395DFADB01057D.e.6643","ELEMENT":"f.50BABCFD8003DB92F28A6394CEE4B89A.d.C57B9C0500F8722B63395DFADB01057D.e.6643"}]}
COMMAND: GET /session/416e0c1cc5e5391e8fcc7ee7b1fbe604/element/f.50BABCFD8003DB92F28A6394CEE4B89A.d.C57B9C0500F8722B63395DFADB01057D.e.6642/attribute/aria-checked - {}
COMMAND: GET /session/416e0c1cc5e5391e8fcc7ee7b1fbe604/screenshot - {}
RESULT: {}
COMMAND: POST /session/416e0c1cc5e5391e8fcc7ee7b1fbe604/element - {"using":"xpath","value":"//bdi[contains(text(), \"OK\")]"}
RESULT: {}
RESULT: {"using":"xpath","value":"//bdi[contains(text(), \"OK\")]"}
COMMAND: POST /session/416e0c1cc5e5391e8fcc7ee7b1fbe604/element/f.50BABCFD8003DB92F28A6394CEE4B89A.d.C57B9C0500F8722B63395DFADB01057D.e.6644/click - {}
RESULT: {}
COMMAND: GET /session/416e0c1cc5e5391e8fcc7ee7b1fbe604/screenshot - {}
RESULT: {}
COMMAND: POST /session/416e0c1cc5e5391e8fcc7ee7b1fbe604/execute/async - {"script":"<script> [1562 bytes]","args":[{"selector":{"id":"application-managepartners-display-component---masterPtm--smartFilterBar-filterItemControlA_-LINK_TO_ADDRESSES_MAIN.CITY1-vhi"},"wdio_ui5_key":"applicationmanagepartners-display-component---masterPtm--smartFilterBar-filterItemControlA_-LINK_TO_ADDRESSES_MAIN.CITY1-vhi"}]}
RESULT: {"script":"<script> [1562 bytes]","args":[{"selector":{"id":"application-managepartners-display-component---masterPtm--smartFilterBar-filterItemControlA_-LINK_TO_ADDRESSES_MAIN.CITY1-vhi"},"wdio_ui5_key":"applicationmanagepartners-display-component---masterPtm--smartFilterBar-filterItemControlA_-LINK_TO_ADDRESSES_MAIN.CITY1-vhi"}]}
RESULT: undefined
COMMAND: POST /session/416e0c1cc5e5391e8fcc7ee7b1fbe604/element - {"using":"xpath","value":"//*[@id=\"application-managepartners-display-component---masterPtm--smartFilterBar-filterItemControlA_-LINK_TO_ADDRESSES_MAIN.CITY1-vhi\"]"}
RESULT: {"using":"xpath","value":"//*[@id=\"application-managepartners-display-component---masterPtm--smartFilterBar-filterItemControlA_-LINK_TO_ADDRESSES_MAIN.CITY1-vhi\"]"}
COMMAND: POST /session/416e0c1cc5e5391e8fcc7ee7b1fbe604/element/f.50BABCFD8003DB92F28A6394CEE4B89A.d.C57B9C0500F8722B63395DFADB01057D.e.6658/click - {}
RESULT: {}
COMMAND: GET /session/416e0c1cc5e5391e8fcc7ee7b1fbe604/screenshot - {}
RESULT: {}
COMMAND: POST /session/416e0c1cc5e5391e8fcc7ee7b1fbe604/execute/async - {"script":"<script> [1562 bytes]","args":[{"selector":{"controlType":"sap.m.Input","viewName":"etm.portal.ui.managepartners.view.Master","viewId":"application-managepartners-display-component---masterPtm","properties":{"valueState":"None"},"searchOpenDialogs":true,"interaction":{"idSuffix":"inner"}},"wdio_ui5_key":"etmportal.ui.managepartners.view.Mastersap.m.Input{\"valueState\":\"None\"}"}]}
RESULT: {"script":"<script> [1562 bytes]","args":[{"selector":{"controlType":"sap.m.Input","viewName":"etm.portal.ui.managepartners.view.Master","viewId":"application-managepartners-display-component---masterPtm","properties":{"valueState":"None"},"searchOpenDialogs":true,"interaction":{"idSuffix":"inner"}},"wdio_ui5_key":"etmportal.ui.managepartners.view.Mastersap.m.Input{\"valueState\":\"None\"}"}]}
RESULT: undefined
COMMAND: POST /session/416e0c1cc5e5391e8fcc7ee7b1fbe604/execute/async - {"script":"<script> [776 bytes]","args":[{"enterText":"Bangalore","selector":{"controlType":"sap.m.Input","viewName":"etm.portal.ui.managepartners.view.Master","viewId":"application-managepartners-display-component---masterPtm","properties":{"valueState":"None"},"searchOpenDialogs":true,"interaction":{"idSuffix":"inner"}},"clearTextFirst":true,"interactionType":"ENTER_TEXT"}]}
RESULT: {"script":"<script> [776 bytes]","args":[{"enterText":"Bangalore","selector":{"controlType":"sap.m.Input","viewName":"etm.portal.ui.managepartners.view.Master","viewId":"application-managepartners-display-component---masterPtm","properties":{"valueState":"None"},"searchOpenDialogs":true,"interaction":{"idSuffix":"inner"}},"clearTextFirst":true,"interactionType":"ENTER_TEXT"}]}
COMMAND: POST /session/416e0c1cc5e5391e8fcc7ee7b1fbe604/actions - {"actions":[{"id":"action20","type":"key","parameters":{},"actions":[{"type":"keyDown","value":"î€‡"},{"type":"pause","duration":10},{"type":"keyUp","value":"î€‡"}]}]}
RESULT: {"actions":[{"id":"action20","type":"key","parameters":{},"actions":[{"type":"keyDown","value":"î€‡"},{"type":"pause","duration":10},{"type":"keyUp","value":"î€‡"}]}]}
COMMAND: GET /session/416e0c1cc5e5391e8fcc7ee7b1fbe604/screenshot - {}
RESULT: {}
COMMAND: POST /session/416e0c1cc5e5391e8fcc7ee7b1fbe604/element - {"using":"xpath","value":"(//bdi[contains(text(), \"OK\")])[1]"}
RESULT: {"using":"xpath","value":"(//bdi[contains(text(), \"OK\")])[1]"}
COMMAND: POST /session/416e0c1cc5e5391e8fcc7ee7b1fbe604/element/f.50BABCFD8003DB92F28A6394CEE4B89A.d.C57B9C0500F8722B63395DFADB01057D.e.6664/click - {}
RESULT: {}
COMMAND: GET /session/416e0c1cc5e5391e8fcc7ee7b1fbe604/screenshot - {}
RESULT: {}
COMMAND: POST /session/416e0c1cc5e5391e8fcc7ee7b1fbe604/element - {"using":"xpath","value":"//span[@id=\"application-managepartners-display-component---masterPtm--smartTable-header-inner\"]"}
RESULT: {"using":"xpath","value":"//span[@id=\"application-managepartners-display-component---masterPtm--smartTable-header-inner\"]"}
COMMAND: POST /session/416e0c1cc5e5391e8fcc7ee7b1fbe604/elements - {"using":"xpath","value":"//span[@id=\"application-managepartners-display-component---masterPtm--smartTable-header-inner\"]"}
RESULT: {"using":"xpath","value":"//span[@id=\"application-managepartners-display-component---masterPtm--smartTable-header-inner\"]"}
COMMAND: POST /session/416e0c1cc5e5391e8fcc7ee7b1fbe604/execute/sync - {"script":"<script> [56 bytes]","args":[{"element-6066-11e4-a52e-4f735466cecf":"f.50BABCFD8003DB92F28A6394CEE4B89A.d.C57B9C0500F8722B63395DFADB01057D.e.5788","ELEMENT":"f.50BABCFD8003DB92F28A6394CEE4B89A.d.C57B9C0500F8722B63395DFADB01057D.e.5788"}]}
RESULT: {"script":"<script> [56 bytes]","args":[{"element-6066-11e4-a52e-4f735466cecf":"f.50BABCFD8003DB92F28A6394CEE4B89A.d.C57B9C0500F8722B63395DFADB01057D.e.5788","ELEMENT":"f.50BABCFD8003DB92F28A6394CEE4B89A.d.C57B9C0500F8722B63395DFADB01057D.e.5788"}]}
COMMAND: POST /session/416e0c1cc5e5391e8fcc7ee7b1fbe604/element - {"using":"xpath","value":"//span[contains(@title, \"Remove\")]"}
COMMAND: GET /session/416e0c1cc5e5391e8fcc7ee7b1fbe604/screenshot - {}
RESULT: {"using":"xpath","value":"//span[contains(@title, \"Remove\")]"}
COMMAND: POST /session/416e0c1cc5e5391e8fcc7ee7b1fbe604/element/f.50BABCFD8003DB92F28A6394CEE4B89A.d.C57B9C0500F8722B63395DFADB01057D.e.6790/click - {}
RESULT: {}
RESULT: {}
COMMAND: GET /session/416e0c1cc5e5391e8fcc7ee7b1fbe604/screenshot - {}
RESULT: {}
COMMAND: POST /session/416e0c1cc5e5391e8fcc7ee7b1fbe604/element - {"using":"xpath","value":"//span[@id=\"application-managepartners-display-component---masterPtm--smartTable-header-inner\"]"}
RESULT: {"using":"xpath","value":"//span[@id=\"application-managepartners-display-component---masterPtm--smartTable-header-inner\"]"}
COMMAND: POST /session/416e0c1cc5e5391e8fcc7ee7b1fbe604/elements - {"using":"xpath","value":"//span[@id=\"application-managepartners-display-component---masterPtm--smartTable-header-inner\"]"}
RESULT: {"using":"xpath","value":"//span[@id=\"application-managepartners-display-component---masterPtm--smartTable-header-inner\"]"}
COMMAND: POST /session/416e0c1cc5e5391e8fcc7ee7b1fbe604/execute/sync - {"script":"<script> [56 bytes]","args":[{"element-6066-11e4-a52e-4f735466cecf":"f.50BABCFD8003DB92F28A6394CEE4B89A.d.C57B9C0500F8722B63395DFADB01057D.e.5788","ELEMENT":"f.50BABCFD8003DB92F28A6394CEE4B89A.d.C57B9C0500F8722B63395DFADB01057D.e.5788"}]}
RESULT: {"script":"<script> [56 bytes]","args":[{"element-6066-11e4-a52e-4f735466cecf":"f.50BABCFD8003DB92F28A6394CEE4B89A.d.C57B9C0500F8722B63395DFADB01057D.e.5788","ELEMENT":"f.50BABCFD8003DB92F28A6394CEE4B89A.d.C57B9C0500F8722B63395DFADB01057D.e.5788"}]}
COMMAND: POST /session/416e0c1cc5e5391e8fcc7ee7b1fbe604/element - {"using":"css selector","value":"#shell-header-logo"}
COMMAND: GET /session/416e0c1cc5e5391e8fcc7ee7b1fbe604/screenshot - {}
RESULT: {"using":"css selector","value":"#shell-header-logo"}
COMMAND: POST /session/416e0c1cc5e5391e8fcc7ee7b1fbe604/element/f.50BABCFD8003DB92F28A6394CEE4B89A.d.C57B9C0500F8722B63395DFADB01057D.e.5616/click - {}
RESULT: {}
RESULT: {}
COMMAND: GET /session/416e0c1cc5e5391e8fcc7ee7b1fbe604/screenshot - {}
RESULT: {}
]]></system-out>
    </testcase>
    <testcase classname="chrome.135_0_7049_96.windows.Partner_specific_tests_US150819_US151080_US151654_US151176_US103444_US151078_US151079_US151109_US151174_US151175_US151189" name="Should try to save empty partner US151174" time="46.43">
      <system-out><![CDATA[
COMMAND: POST /session/416e0c1cc5e5391e8fcc7ee7b1fbe604/element - {"using":"xpath","value":"//li[.//span[text()=\"Manage Partners\"]]"}
RESULT: {"using":"xpath","value":"//li[.//span[text()=\"Manage Partners\"]]"}
COMMAND: POST /session/416e0c1cc5e5391e8fcc7ee7b1fbe604/element - {"using":"xpath","value":"//li[.//span[text()=\"Manage Partners\"]]"}
RESULT: {"using":"xpath","value":"//li[.//span[text()=\"Manage Partners\"]]"}
COMMAND: POST /session/416e0c1cc5e5391e8fcc7ee7b1fbe604/element - {"using":"css selector","value":"#shell-header-logo"}
RESULT: {"using":"css selector","value":"#shell-header-logo"}
COMMAND: POST /session/416e0c1cc5e5391e8fcc7ee7b1fbe604/element/f.50BABCFD8003DB92F28A6394CEE4B89A.d.C57B9C0500F8722B63395DFADB01057D.e.6885/click - {}
COMMAND: POST /session/416e0c1cc5e5391e8fcc7ee7b1fbe604/execute/sync - {"script":"<script> [8489 bytes]","args":[{"element-6066-11e4-a52e-4f735466cecf":"f.50BABCFD8003DB92F28A6394CEE4B89A.d.C57B9C0500F8722B63395DFADB01057D.e.6885","ELEMENT":"f.50BABCFD8003DB92F28A6394CEE4B89A.d.C57B9C0500F8722B63395DFADB01057D.e.6885"}]}
RESULT: {}
COMMAND: GET /session/416e0c1cc5e5391e8fcc7ee7b1fbe604/screenshot - {}
RESULT: {"script":"<script> [8489 bytes]","args":[{"element-6066-11e4-a52e-4f735466cecf":"f.50BABCFD8003DB92F28A6394CEE4B89A.d.C57B9C0500F8722B63395DFADB01057D.e.6885","ELEMENT":"f.50BABCFD8003DB92F28A6394CEE4B89A.d.C57B9C0500F8722B63395DFADB01057D.e.6885"}]}
COMMAND: POST /session/416e0c1cc5e5391e8fcc7ee7b1fbe604/execute/sync - {"script":"<script> [5351 bytes]","args":[{"element-6066-11e4-a52e-4f735466cecf":"f.50BABCFD8003DB92F28A6394CEE4B89A.d.C57B9C0500F8722B63395DFADB01057D.e.6885","ELEMENT":"f.50BABCFD8003DB92F28A6394CEE4B89A.d.C57B9C0500F8722B63395DFADB01057D.e.6885"}]}
COMMAND: GET /session/416e0c1cc5e5391e8fcc7ee7b1fbe604/screenshot - {}
RESULT: {}
RESULT: {"script":"<script> [5351 bytes]","args":[{"element-6066-11e4-a52e-4f735466cecf":"f.50BABCFD8003DB92F28A6394CEE4B89A.d.C57B9C0500F8722B63395DFADB01057D.e.6885","ELEMENT":"f.50BABCFD8003DB92F28A6394CEE4B89A.d.C57B9C0500F8722B63395DFADB01057D.e.6885"}]}
COMMAND: GET /session/416e0c1cc5e5391e8fcc7ee7b1fbe604/screenshot - {}
RESULT: {}
RESULT: {}
RESULT: undefined
COMMAND: POST /session/416e0c1cc5e5391e8fcc7ee7b1fbe604/element - {"using":"xpath","value":"//*[@id=\"__tile30\"]"}
RESULT: {"using":"xpath","value":"//*[@id=\"__tile30\"]"}
COMMAND: POST /session/416e0c1cc5e5391e8fcc7ee7b1fbe604/element/f.50BABCFD8003DB92F28A6394CEE4B89A.d.C57B9C0500F8722B63395DFADB01057D.e.4477/click - {}
RESULT: {}
COMMAND: POST /session/416e0c1cc5e5391e8fcc7ee7b1fbe604/element - {"using":"xpath","value":"//button[@data-kt=\"addButton\"]"}
COMMAND: GET /session/416e0c1cc5e5391e8fcc7ee7b1fbe604/screenshot - {}
RESULT: {"using":"xpath","value":"//button[@data-kt=\"addButton\"]"}
COMMAND: POST /session/416e0c1cc5e5391e8fcc7ee7b1fbe604/elements - {"using":"xpath","value":"//button[@data-kt=\"addButton\"]"}
RESULT: {}
RESULT: {"using":"xpath","value":"//button[@data-kt=\"addButton\"]"}
COMMAND: POST /session/416e0c1cc5e5391e8fcc7ee7b1fbe604/execute/sync - {"script":"<script> [8489 bytes]","args":[{"element-6066-11e4-a52e-4f735466cecf":"f.50BABCFD8003DB92F28A6394CEE4B89A.d.C57B9C0500F8722B63395DFADB01057D.e.6930","ELEMENT":"f.50BABCFD8003DB92F28A6394CEE4B89A.d.C57B9C0500F8722B63395DFADB01057D.e.6930"}]}
RESULT: {"script":"<script> [8489 bytes]","args":[{"element-6066-11e4-a52e-4f735466cecf":"f.50BABCFD8003DB92F28A6394CEE4B89A.d.C57B9C0500F8722B63395DFADB01057D.e.6930","ELEMENT":"f.50BABCFD8003DB92F28A6394CEE4B89A.d.C57B9C0500F8722B63395DFADB01057D.e.6930"}]}
COMMAND: GET /session/416e0c1cc5e5391e8fcc7ee7b1fbe604/element/f.50BABCFD8003DB92F28A6394CEE4B89A.d.C57B9C0500F8722B63395DFADB01057D.e.6930/enabled - {}
COMMAND: GET /session/416e0c1cc5e5391e8fcc7ee7b1fbe604/screenshot - {}
RESULT: {}
COMMAND: POST /session/416e0c1cc5e5391e8fcc7ee7b1fbe604/execute/sync - {"script":"<script> [8489 bytes]","args":[{"element-6066-11e4-a52e-4f735466cecf":"f.50BABCFD8003DB92F28A6394CEE4B89A.d.C57B9C0500F8722B63395DFADB01057D.e.6930","ELEMENT":"f.50BABCFD8003DB92F28A6394CEE4B89A.d.C57B9C0500F8722B63395DFADB01057D.e.6930"}]}
COMMAND: GET /session/416e0c1cc5e5391e8fcc7ee7b1fbe604/screenshot - {}
RESULT: {}
RESULT: {"script":"<script> [8489 bytes]","args":[{"element-6066-11e4-a52e-4f735466cecf":"f.50BABCFD8003DB92F28A6394CEE4B89A.d.C57B9C0500F8722B63395DFADB01057D.e.6930","ELEMENT":"f.50BABCFD8003DB92F28A6394CEE4B89A.d.C57B9C0500F8722B63395DFADB01057D.e.6930"}]}
COMMAND: POST /session/416e0c1cc5e5391e8fcc7ee7b1fbe604/execute/sync - {"script":"<script> [5351 bytes]","args":[{"element-6066-11e4-a52e-4f735466cecf":"f.50BABCFD8003DB92F28A6394CEE4B89A.d.C57B9C0500F8722B63395DFADB01057D.e.6930","ELEMENT":"f.50BABCFD8003DB92F28A6394CEE4B89A.d.C57B9C0500F8722B63395DFADB01057D.e.6930"}]}
COMMAND: GET /session/416e0c1cc5e5391e8fcc7ee7b1fbe604/screenshot - {}
RESULT: {}
RESULT: {"script":"<script> [5351 bytes]","args":[{"element-6066-11e4-a52e-4f735466cecf":"f.50BABCFD8003DB92F28A6394CEE4B89A.d.C57B9C0500F8722B63395DFADB01057D.e.6930","ELEMENT":"f.50BABCFD8003DB92F28A6394CEE4B89A.d.C57B9C0500F8722B63395DFADB01057D.e.6930"}]}
COMMAND: POST /session/416e0c1cc5e5391e8fcc7ee7b1fbe604/element/f.50BABCFD8003DB92F28A6394CEE4B89A.d.C57B9C0500F8722B63395DFADB01057D.e.6930/click - {}
COMMAND: GET /session/416e0c1cc5e5391e8fcc7ee7b1fbe604/screenshot - {}
RESULT: {}
RESULT: {}
COMMAND: GET /session/416e0c1cc5e5391e8fcc7ee7b1fbe604/screenshot - {}
COMMAND: POST /session/416e0c1cc5e5391e8fcc7ee7b1fbe604/element - {"using":"xpath","value":"//button[@data-kt=\"saveButton\"]"}
RESULT: {}
RESULT: {}
RESULT: {"using":"xpath","value":"//button[@data-kt=\"saveButton\"]"}
COMMAND: POST /session/416e0c1cc5e5391e8fcc7ee7b1fbe604/element/f.50BABCFD8003DB92F28A6394CEE4B89A.d.C57B9C0500F8722B63395DFADB01057D.e.7357/click - {}
RESULT: {}
COMMAND: GET /session/416e0c1cc5e5391e8fcc7ee7b1fbe604/screenshot - {}
RESULT: {}
COMMAND: POST /session/416e0c1cc5e5391e8fcc7ee7b1fbe604/element - {"using":"xpath","value":"//span[contains(@class, \"sapMMsgBoxText\")]"}
RESULT: {"using":"xpath","value":"//span[contains(@class, \"sapMMsgBoxText\")]"}
COMMAND: POST /session/416e0c1cc5e5391e8fcc7ee7b1fbe604/execute/sync - {"script":"<script> [56 bytes]","args":[{"element-6066-11e4-a52e-4f735466cecf":"f.50BABCFD8003DB92F28A6394CEE4B89A.d.C57B9C0500F8722B63395DFADB01057D.e.7372","ELEMENT":"f.50BABCFD8003DB92F28A6394CEE4B89A.d.C57B9C0500F8722B63395DFADB01057D.e.7372"}]}
RESULT: {"script":"<script> [56 bytes]","args":[{"element-6066-11e4-a52e-4f735466cecf":"f.50BABCFD8003DB92F28A6394CEE4B89A.d.C57B9C0500F8722B63395DFADB01057D.e.7372","ELEMENT":"f.50BABCFD8003DB92F28A6394CEE4B89A.d.C57B9C0500F8722B63395DFADB01057D.e.7372"}]}
COMMAND: POST /session/416e0c1cc5e5391e8fcc7ee7b1fbe604/element - {"using":"xpath","value":"(//bdi[contains(text(), \"Close\")])[1]"}
COMMAND: POST /session/416e0c1cc5e5391e8fcc7ee7b1fbe604/elements - {"using":"xpath","value":"//span[contains(@class, \"sapMMsgBoxText\")]"}
COMMAND: GET /session/416e0c1cc5e5391e8fcc7ee7b1fbe604/screenshot - {}
RESULT: {"using":"xpath","value":"(//bdi[contains(text(), \"Close\")])[1]"}
COMMAND: POST /session/416e0c1cc5e5391e8fcc7ee7b1fbe604/element/f.50BABCFD8003DB92F28A6394CEE4B89A.d.C57B9C0500F8722B63395DFADB01057D.e.7373/click - {}
RESULT: {"using":"xpath","value":"//span[contains(@class, \"sapMMsgBoxText\")]"}
RESULT: {}
RESULT: {}
COMMAND: GET /session/416e0c1cc5e5391e8fcc7ee7b1fbe604/screenshot - {}
RESULT: {}
COMMAND: POST /session/416e0c1cc5e5391e8fcc7ee7b1fbe604/element - {"using":"css selector","value":"#shell-header-logo"}
RESULT: {"using":"css selector","value":"#shell-header-logo"}
COMMAND: POST /session/416e0c1cc5e5391e8fcc7ee7b1fbe604/element/f.50BABCFD8003DB92F28A6394CEE4B89A.d.C57B9C0500F8722B63395DFADB01057D.e.6885/click - {}
RESULT: {}
COMMAND: GET /session/416e0c1cc5e5391e8fcc7ee7b1fbe604/screenshot - {}
RESULT: {}
]]></system-out>
    </testcase>
    <testcase classname="chrome.135_0_7049_96.windows.Partner_specific_tests_US150819_US151080_US151654_US151176_US103444_US151078_US151079_US151109_US151174_US151175_US151189" name="Should do various searches US151175" time="134.78">
      <skipped />
      <system-out><![CDATA[
COMMAND: POST /session/416e0c1cc5e5391e8fcc7ee7b1fbe604/element - {"using":"xpath","value":"//li[.//span[text()=\"Manage Partners\"]]"}
RESULT: {"using":"xpath","value":"//li[.//span[text()=\"Manage Partners\"]]"}
COMMAND: POST /session/416e0c1cc5e5391e8fcc7ee7b1fbe604/element - {"using":"xpath","value":"//li[.//span[text()=\"Manage Partners\"]]"}
RESULT: {"using":"xpath","value":"//li[.//span[text()=\"Manage Partners\"]]"}
COMMAND: POST /session/416e0c1cc5e5391e8fcc7ee7b1fbe604/element - {"using":"css selector","value":"#shell-header-logo"}
RESULT: {"using":"css selector","value":"#shell-header-logo"}
COMMAND: POST /session/416e0c1cc5e5391e8fcc7ee7b1fbe604/element/f.50BABCFD8003DB92F28A6394CEE4B89A.d.C57B9C0500F8722B63395DFADB01057D.e.7375/click - {}
COMMAND: POST /session/416e0c1cc5e5391e8fcc7ee7b1fbe604/execute/sync - {"script":"<script> [8489 bytes]","args":[{"element-6066-11e4-a52e-4f735466cecf":"f.50BABCFD8003DB92F28A6394CEE4B89A.d.C57B9C0500F8722B63395DFADB01057D.e.7375","ELEMENT":"f.50BABCFD8003DB92F28A6394CEE4B89A.d.C57B9C0500F8722B63395DFADB01057D.e.7375"}]}
RESULT: {}
COMMAND: GET /session/416e0c1cc5e5391e8fcc7ee7b1fbe604/screenshot - {}
RESULT: {"script":"<script> [8489 bytes]","args":[{"element-6066-11e4-a52e-4f735466cecf":"f.50BABCFD8003DB92F28A6394CEE4B89A.d.C57B9C0500F8722B63395DFADB01057D.e.7375","ELEMENT":"f.50BABCFD8003DB92F28A6394CEE4B89A.d.C57B9C0500F8722B63395DFADB01057D.e.7375"}]}
COMMAND: POST /session/416e0c1cc5e5391e8fcc7ee7b1fbe604/execute/sync - {"script":"<script> [5351 bytes]","args":[{"element-6066-11e4-a52e-4f735466cecf":"f.50BABCFD8003DB92F28A6394CEE4B89A.d.C57B9C0500F8722B63395DFADB01057D.e.7375","ELEMENT":"f.50BABCFD8003DB92F28A6394CEE4B89A.d.C57B9C0500F8722B63395DFADB01057D.e.7375"}]}
COMMAND: GET /session/416e0c1cc5e5391e8fcc7ee7b1fbe604/screenshot - {}
RESULT: {}
RESULT: {"script":"<script> [5351 bytes]","args":[{"element-6066-11e4-a52e-4f735466cecf":"f.50BABCFD8003DB92F28A6394CEE4B89A.d.C57B9C0500F8722B63395DFADB01057D.e.7375","ELEMENT":"f.50BABCFD8003DB92F28A6394CEE4B89A.d.C57B9C0500F8722B63395DFADB01057D.e.7375"}]}
COMMAND: GET /session/416e0c1cc5e5391e8fcc7ee7b1fbe604/screenshot - {}
RESULT: {}
RESULT: {}
RESULT: undefined
COMMAND: POST /session/416e0c1cc5e5391e8fcc7ee7b1fbe604/element - {"using":"xpath","value":"//*[@id=\"__tile30\"]"}
RESULT: {"using":"xpath","value":"//*[@id=\"__tile30\"]"}
COMMAND: POST /session/416e0c1cc5e5391e8fcc7ee7b1fbe604/element/f.50BABCFD8003DB92F28A6394CEE4B89A.d.C57B9C0500F8722B63395DFADB01057D.e.4477/click - {}
RESULT: {}
COMMAND: POST /session/416e0c1cc5e5391e8fcc7ee7b1fbe604/element - {"using":"xpath","value":"//button[@data-kt=\"addButton\"]"}
COMMAND: GET /session/416e0c1cc5e5391e8fcc7ee7b1fbe604/screenshot - {}
RESULT: {"using":"xpath","value":"//button[@data-kt=\"addButton\"]"}
COMMAND: POST /session/416e0c1cc5e5391e8fcc7ee7b1fbe604/elements - {"using":"xpath","value":"//button[@data-kt=\"addButton\"]"}
RESULT: {}
RESULT: {"using":"xpath","value":"//button[@data-kt=\"addButton\"]"}
COMMAND: POST /session/416e0c1cc5e5391e8fcc7ee7b1fbe604/elements - {"using":"xpath","value":"//button[@data-kt=\"addButton\"]"}
RESULT: {"using":"xpath","value":"//button[@data-kt=\"addButton\"]"}
COMMAND: POST /session/416e0c1cc5e5391e8fcc7ee7b1fbe604/element - {"using":"xpath","value":"//button[@data-kt=\"addButton\"]"}
RESULT: {"using":"xpath","value":"//button[@data-kt=\"addButton\"]"}
COMMAND: POST /session/416e0c1cc5e5391e8fcc7ee7b1fbe604/execute/sync - {"script":"<script> [8489 bytes]","args":[{"element-6066-11e4-a52e-4f735466cecf":"f.50BABCFD8003DB92F28A6394CEE4B89A.d.C57B9C0500F8722B63395DFADB01057D.e.7421","ELEMENT":"f.50BABCFD8003DB92F28A6394CEE4B89A.d.C57B9C0500F8722B63395DFADB01057D.e.7421"}]}
RESULT: {"script":"<script> [8489 bytes]","args":[{"element-6066-11e4-a52e-4f735466cecf":"f.50BABCFD8003DB92F28A6394CEE4B89A.d.C57B9C0500F8722B63395DFADB01057D.e.7421","ELEMENT":"f.50BABCFD8003DB92F28A6394CEE4B89A.d.C57B9C0500F8722B63395DFADB01057D.e.7421"}]}
COMMAND: GET /session/416e0c1cc5e5391e8fcc7ee7b1fbe604/element/f.50BABCFD8003DB92F28A6394CEE4B89A.d.C57B9C0500F8722B63395DFADB01057D.e.7421/enabled - {}
COMMAND: GET /session/416e0c1cc5e5391e8fcc7ee7b1fbe604/screenshot - {}
RESULT: {}
COMMAND: POST /session/416e0c1cc5e5391e8fcc7ee7b1fbe604/execute/sync - {"script":"<script> [8489 bytes]","args":[{"element-6066-11e4-a52e-4f735466cecf":"f.50BABCFD8003DB92F28A6394CEE4B89A.d.C57B9C0500F8722B63395DFADB01057D.e.7421","ELEMENT":"f.50BABCFD8003DB92F28A6394CEE4B89A.d.C57B9C0500F8722B63395DFADB01057D.e.7421"}]}
COMMAND: GET /session/416e0c1cc5e5391e8fcc7ee7b1fbe604/screenshot - {}
RESULT: {}
RESULT: {"script":"<script> [8489 bytes]","args":[{"element-6066-11e4-a52e-4f735466cecf":"f.50BABCFD8003DB92F28A6394CEE4B89A.d.C57B9C0500F8722B63395DFADB01057D.e.7421","ELEMENT":"f.50BABCFD8003DB92F28A6394CEE4B89A.d.C57B9C0500F8722B63395DFADB01057D.e.7421"}]}
COMMAND: POST /session/416e0c1cc5e5391e8fcc7ee7b1fbe604/execute/sync - {"script":"<script> [5351 bytes]","args":[{"element-6066-11e4-a52e-4f735466cecf":"f.50BABCFD8003DB92F28A6394CEE4B89A.d.C57B9C0500F8722B63395DFADB01057D.e.7421","ELEMENT":"f.50BABCFD8003DB92F28A6394CEE4B89A.d.C57B9C0500F8722B63395DFADB01057D.e.7421"}]}
COMMAND: GET /session/416e0c1cc5e5391e8fcc7ee7b1fbe604/screenshot - {}
RESULT: {}
RESULT: {"script":"<script> [5351 bytes]","args":[{"element-6066-11e4-a52e-4f735466cecf":"f.50BABCFD8003DB92F28A6394CEE4B89A.d.C57B9C0500F8722B63395DFADB01057D.e.7421","ELEMENT":"f.50BABCFD8003DB92F28A6394CEE4B89A.d.C57B9C0500F8722B63395DFADB01057D.e.7421"}]}
COMMAND: GET /session/416e0c1cc5e5391e8fcc7ee7b1fbe604/screenshot - {}
RESULT: {}
RESULT: {}
COMMAND: POST /session/416e0c1cc5e5391e8fcc7ee7b1fbe604/element - {"using":"xpath","value":"//span[@id=\"application-managepartners-display-component---masterPtm--smartTable-header-inner\"]"}
RESULT: {"using":"xpath","value":"//span[@id=\"application-managepartners-display-component---masterPtm--smartTable-header-inner\"]"}
COMMAND: POST /session/416e0c1cc5e5391e8fcc7ee7b1fbe604/elements - {"using":"xpath","value":"//span[@id=\"application-managepartners-display-component---masterPtm--smartTable-header-inner\"]"}
RESULT: {"using":"xpath","value":"//span[@id=\"application-managepartners-display-component---masterPtm--smartTable-header-inner\"]"}
COMMAND: POST /session/416e0c1cc5e5391e8fcc7ee7b1fbe604/execute/sync - {"script":"<script> [56 bytes]","args":[{"element-6066-11e4-a52e-4f735466cecf":"f.50BABCFD8003DB92F28A6394CEE4B89A.d.C57B9C0500F8722B63395DFADB01057D.e.7545","ELEMENT":"f.50BABCFD8003DB92F28A6394CEE4B89A.d.C57B9C0500F8722B63395DFADB01057D.e.7545"}]}
RESULT: {"script":"<script> [56 bytes]","args":[{"element-6066-11e4-a52e-4f735466cecf":"f.50BABCFD8003DB92F28A6394CEE4B89A.d.C57B9C0500F8722B63395DFADB01057D.e.7545","ELEMENT":"f.50BABCFD8003DB92F28A6394CEE4B89A.d.C57B9C0500F8722B63395DFADB01057D.e.7545"}]}
RESULT: undefined
COMMAND: POST /session/416e0c1cc5e5391e8fcc7ee7b1fbe604/element - {"using":"xpath","value":"//*[@id=\"application-managepartners-display-component---masterPtm--smartFilterBar-btnFilters\"]"}
COMMAND: GET /session/416e0c1cc5e5391e8fcc7ee7b1fbe604/screenshot - {}
RESULT: {"using":"xpath","value":"//*[@id=\"application-managepartners-display-component---masterPtm--smartFilterBar-btnFilters\"]"}
COMMAND: POST /session/416e0c1cc5e5391e8fcc7ee7b1fbe604/element/f.50BABCFD8003DB92F28A6394CEE4B89A.d.C57B9C0500F8722B63395DFADB01057D.e.7398/click - {}
RESULT: {}
RESULT: {}
COMMAND: GET /session/416e0c1cc5e5391e8fcc7ee7b1fbe604/screenshot - {}
RESULT: {}
COMMAND: POST /session/416e0c1cc5e5391e8fcc7ee7b1fbe604/elements - {"using":"xpath","value":"//table[contains(@id, \"listView-innerSelectionPanelTable-listUl\")]/tbody/tr"}
RESULT: {"using":"xpath","value":"//table[contains(@id, \"listView-innerSelectionPanelTable-listUl\")]/tbody/tr"}
COMMAND: POST /session/416e0c1cc5e5391e8fcc7ee7b1fbe604/element - {"using":"xpath","value":"//table[contains(@id, \"listView-innerSelectionPanelTable-listUl\")]/tbody/tr[2]/td[2]/div/div"}
RESULT: {"using":"xpath","value":"//table[contains(@id, \"listView-innerSelectionPanelTable-listUl\")]/tbody/tr[2]/td[2]/div/div"}
COMMAND: POST /session/416e0c1cc5e5391e8fcc7ee7b1fbe604/element - {"using":"xpath","value":"//table[contains(@id, \"listView-innerSelectionPanelTable-listUl\")]/tbody/tr[2]/td[2]/div"}
RESULT: {"using":"xpath","value":"//table[contains(@id, \"listView-innerSelectionPanelTable-listUl\")]/tbody/tr[2]/td[2]/div"}
COMMAND: POST /session/416e0c1cc5e5391e8fcc7ee7b1fbe604/element - {"using":"xpath","value":"//table[contains(@id, \"listView-innerSelectionPanelTable-listUl\")]/tbody/tr[2]/td[3]/div/div/span/span[1]/bdi"}
RESULT: {"using":"xpath","value":"//table[contains(@id, \"listView-innerSelectionPanelTable-listUl\")]/tbody/tr[2]/td[3]/div/div/span/span[1]/bdi"}
COMMAND: POST /session/416e0c1cc5e5391e8fcc7ee7b1fbe604/execute/sync - {"script":"<script> [56 bytes]","args":[{"element-6066-11e4-a52e-4f735466cecf":"f.50BABCFD8003DB92F28A6394CEE4B89A.d.C57B9C0500F8722B63395DFADB01057D.e.7613","ELEMENT":"f.50BABCFD8003DB92F28A6394CEE4B89A.d.C57B9C0500F8722B63395DFADB01057D.e.7613"}]}
RESULT: {"script":"<script> [56 bytes]","args":[{"element-6066-11e4-a52e-4f735466cecf":"f.50BABCFD8003DB92F28A6394CEE4B89A.d.C57B9C0500F8722B63395DFADB01057D.e.7613","ELEMENT":"f.50BABCFD8003DB92F28A6394CEE4B89A.d.C57B9C0500F8722B63395DFADB01057D.e.7613"}]}
COMMAND: GET /session/416e0c1cc5e5391e8fcc7ee7b1fbe604/element/f.50BABCFD8003DB92F28A6394CEE4B89A.d.C57B9C0500F8722B63395DFADB01057D.e.7612/attribute/aria-checked - {}
COMMAND: GET /session/416e0c1cc5e5391e8fcc7ee7b1fbe604/screenshot - {}
RESULT: {}
COMMAND: POST /session/416e0c1cc5e5391e8fcc7ee7b1fbe604/element - {"using":"xpath","value":"//table[contains(@id, \"listView-innerSelectionPanelTable-listUl\")]/tbody/tr[3]/td[2]/div/div"}
RESULT: {}
RESULT: {"using":"xpath","value":"//table[contains(@id, \"listView-innerSelectionPanelTable-listUl\")]/tbody/tr[3]/td[2]/div/div"}
COMMAND: POST /session/416e0c1cc5e5391e8fcc7ee7b1fbe604/element - {"using":"xpath","value":"//table[contains(@id, \"listView-innerSelectionPanelTable-listUl\")]/tbody/tr[3]/td[2]/div"}
RESULT: {"using":"xpath","value":"//table[contains(@id, \"listView-innerSelectionPanelTable-listUl\")]/tbody/tr[3]/td[2]/div"}
COMMAND: POST /session/416e0c1cc5e5391e8fcc7ee7b1fbe604/element - {"using":"xpath","value":"//table[contains(@id, \"listView-innerSelectionPanelTable-listUl\")]/tbody/tr[3]/td[3]/div/div/span/span[1]/bdi"}
RESULT: {"using":"xpath","value":"//table[contains(@id, \"listView-innerSelectionPanelTable-listUl\")]/tbody/tr[3]/td[3]/div/div/span/span[1]/bdi"}
COMMAND: POST /session/416e0c1cc5e5391e8fcc7ee7b1fbe604/execute/sync - {"script":"<script> [56 bytes]","args":[{"element-6066-11e4-a52e-4f735466cecf":"f.50BABCFD8003DB92F28A6394CEE4B89A.d.C57B9C0500F8722B63395DFADB01057D.e.7616","ELEMENT":"f.50BABCFD8003DB92F28A6394CEE4B89A.d.C57B9C0500F8722B63395DFADB01057D.e.7616"}]}
RESULT: {"script":"<script> [56 bytes]","args":[{"element-6066-11e4-a52e-4f735466cecf":"f.50BABCFD8003DB92F28A6394CEE4B89A.d.C57B9C0500F8722B63395DFADB01057D.e.7616","ELEMENT":"f.50BABCFD8003DB92F28A6394CEE4B89A.d.C57B9C0500F8722B63395DFADB01057D.e.7616"}]}
COMMAND: GET /session/416e0c1cc5e5391e8fcc7ee7b1fbe604/element/f.50BABCFD8003DB92F28A6394CEE4B89A.d.C57B9C0500F8722B63395DFADB01057D.e.7615/attribute/aria-checked - {}
COMMAND: GET /session/416e0c1cc5e5391e8fcc7ee7b1fbe604/screenshot - {}
RESULT: {}
COMMAND: POST /session/416e0c1cc5e5391e8fcc7ee7b1fbe604/element - {"using":"xpath","value":"//table[contains(@id, \"listView-innerSelectionPanelTable-listUl\")]/tbody/tr[4]/td[2]/div/div"}
RESULT: {}
RESULT: {"using":"xpath","value":"//table[contains(@id, \"listView-innerSelectionPanelTable-listUl\")]/tbody/tr[4]/td[2]/div/div"}
COMMAND: POST /session/416e0c1cc5e5391e8fcc7ee7b1fbe604/element - {"using":"xpath","value":"//table[contains(@id, \"listView-innerSelectionPanelTable-listUl\")]/tbody/tr[4]/td[2]/div"}
RESULT: {"using":"xpath","value":"//table[contains(@id, \"listView-innerSelectionPanelTable-listUl\")]/tbody/tr[4]/td[2]/div"}
COMMAND: POST /session/416e0c1cc5e5391e8fcc7ee7b1fbe604/element - {"using":"xpath","value":"//table[contains(@id, \"listView-innerSelectionPanelTable-listUl\")]/tbody/tr[4]/td[3]/div/div/span/span[1]/bdi"}
RESULT: {"using":"xpath","value":"//table[contains(@id, \"listView-innerSelectionPanelTable-listUl\")]/tbody/tr[4]/td[3]/div/div/span/span[1]/bdi"}
COMMAND: POST /session/416e0c1cc5e5391e8fcc7ee7b1fbe604/execute/sync - {"script":"<script> [56 bytes]","args":[{"element-6066-11e4-a52e-4f735466cecf":"f.50BABCFD8003DB92F28A6394CEE4B89A.d.C57B9C0500F8722B63395DFADB01057D.e.7619","ELEMENT":"f.50BABCFD8003DB92F28A6394CEE4B89A.d.C57B9C0500F8722B63395DFADB01057D.e.7619"}]}
RESULT: {"script":"<script> [56 bytes]","args":[{"element-6066-11e4-a52e-4f735466cecf":"f.50BABCFD8003DB92F28A6394CEE4B89A.d.C57B9C0500F8722B63395DFADB01057D.e.7619","ELEMENT":"f.50BABCFD8003DB92F28A6394CEE4B89A.d.C57B9C0500F8722B63395DFADB01057D.e.7619"}]}
COMMAND: GET /session/416e0c1cc5e5391e8fcc7ee7b1fbe604/element/f.50BABCFD8003DB92F28A6394CEE4B89A.d.C57B9C0500F8722B63395DFADB01057D.e.7618/attribute/aria-checked - {}
COMMAND: GET /session/416e0c1cc5e5391e8fcc7ee7b1fbe604/screenshot - {}
RESULT: {}
COMMAND: POST /session/416e0c1cc5e5391e8fcc7ee7b1fbe604/element - {"using":"xpath","value":"//table[contains(@id, \"listView-innerSelectionPanelTable-listUl\")]/tbody/tr[5]/td[2]/div/div"}
RESULT: {}
RESULT: {"using":"xpath","value":"//table[contains(@id, \"listView-innerSelectionPanelTable-listUl\")]/tbody/tr[5]/td[2]/div/div"}
COMMAND: POST /session/416e0c1cc5e5391e8fcc7ee7b1fbe604/element - {"using":"xpath","value":"//table[contains(@id, \"listView-innerSelectionPanelTable-listUl\")]/tbody/tr[5]/td[2]/div"}
RESULT: {"using":"xpath","value":"//table[contains(@id, \"listView-innerSelectionPanelTable-listUl\")]/tbody/tr[5]/td[2]/div"}
COMMAND: POST /session/416e0c1cc5e5391e8fcc7ee7b1fbe604/element - {"using":"xpath","value":"//table[contains(@id, \"listView-innerSelectionPanelTable-listUl\")]/tbody/tr[5]/td[3]/div/div/span/span[1]/bdi"}
RESULT: {"using":"xpath","value":"//table[contains(@id, \"listView-innerSelectionPanelTable-listUl\")]/tbody/tr[5]/td[3]/div/div/span/span[1]/bdi"}
COMMAND: POST /session/416e0c1cc5e5391e8fcc7ee7b1fbe604/execute/sync - {"script":"<script> [56 bytes]","args":[{"element-6066-11e4-a52e-4f735466cecf":"f.50BABCFD8003DB92F28A6394CEE4B89A.d.C57B9C0500F8722B63395DFADB01057D.e.7622","ELEMENT":"f.50BABCFD8003DB92F28A6394CEE4B89A.d.C57B9C0500F8722B63395DFADB01057D.e.7622"}]}
RESULT: {"script":"<script> [56 bytes]","args":[{"element-6066-11e4-a52e-4f735466cecf":"f.50BABCFD8003DB92F28A6394CEE4B89A.d.C57B9C0500F8722B63395DFADB01057D.e.7622","ELEMENT":"f.50BABCFD8003DB92F28A6394CEE4B89A.d.C57B9C0500F8722B63395DFADB01057D.e.7622"}]}
COMMAND: GET /session/416e0c1cc5e5391e8fcc7ee7b1fbe604/element/f.50BABCFD8003DB92F28A6394CEE4B89A.d.C57B9C0500F8722B63395DFADB01057D.e.7621/attribute/aria-checked - {}
COMMAND: GET /session/416e0c1cc5e5391e8fcc7ee7b1fbe604/screenshot - {}
RESULT: {}
COMMAND: POST /session/416e0c1cc5e5391e8fcc7ee7b1fbe604/element - {"using":"xpath","value":"//table[contains(@id, \"listView-innerSelectionPanelTable-listUl\")]/tbody/tr[6]/td[2]/div/div"}
RESULT: {}
RESULT: {"using":"xpath","value":"//table[contains(@id, \"listView-innerSelectionPanelTable-listUl\")]/tbody/tr[6]/td[2]/div/div"}
COMMAND: POST /session/416e0c1cc5e5391e8fcc7ee7b1fbe604/element - {"using":"xpath","value":"//table[contains(@id, \"listView-innerSelectionPanelTable-listUl\")]/tbody/tr[6]/td[2]/div"}
RESULT: {"using":"xpath","value":"//table[contains(@id, \"listView-innerSelectionPanelTable-listUl\")]/tbody/tr[6]/td[2]/div"}
COMMAND: POST /session/416e0c1cc5e5391e8fcc7ee7b1fbe604/element - {"using":"xpath","value":"//table[contains(@id, \"listView-innerSelectionPanelTable-listUl\")]/tbody/tr[6]/td[3]/div/div/span/span[1]/bdi"}
RESULT: {"using":"xpath","value":"//table[contains(@id, \"listView-innerSelectionPanelTable-listUl\")]/tbody/tr[6]/td[3]/div/div/span/span[1]/bdi"}
COMMAND: POST /session/416e0c1cc5e5391e8fcc7ee7b1fbe604/execute/sync - {"script":"<script> [56 bytes]","args":[{"element-6066-11e4-a52e-4f735466cecf":"f.50BABCFD8003DB92F28A6394CEE4B89A.d.C57B9C0500F8722B63395DFADB01057D.e.7625","ELEMENT":"f.50BABCFD8003DB92F28A6394CEE4B89A.d.C57B9C0500F8722B63395DFADB01057D.e.7625"}]}
RESULT: {"script":"<script> [56 bytes]","args":[{"element-6066-11e4-a52e-4f735466cecf":"f.50BABCFD8003DB92F28A6394CEE4B89A.d.C57B9C0500F8722B63395DFADB01057D.e.7625","ELEMENT":"f.50BABCFD8003DB92F28A6394CEE4B89A.d.C57B9C0500F8722B63395DFADB01057D.e.7625"}]}
COMMAND: GET /session/416e0c1cc5e5391e8fcc7ee7b1fbe604/element/f.50BABCFD8003DB92F28A6394CEE4B89A.d.C57B9C0500F8722B63395DFADB01057D.e.7624/attribute/aria-checked - {}
COMMAND: GET /session/416e0c1cc5e5391e8fcc7ee7b1fbe604/screenshot - {}
RESULT: {}
COMMAND: POST /session/416e0c1cc5e5391e8fcc7ee7b1fbe604/element - {"using":"xpath","value":"//table[contains(@id, \"listView-innerSelectionPanelTable-listUl\")]/tbody/tr[7]/td[2]/div/div"}
RESULT: {}
RESULT: {"using":"xpath","value":"//table[contains(@id, \"listView-innerSelectionPanelTable-listUl\")]/tbody/tr[7]/td[2]/div/div"}
COMMAND: POST /session/416e0c1cc5e5391e8fcc7ee7b1fbe604/element - {"using":"xpath","value":"//table[contains(@id, \"listView-innerSelectionPanelTable-listUl\")]/tbody/tr[7]/td[2]/div"}
RESULT: {"using":"xpath","value":"//table[contains(@id, \"listView-innerSelectionPanelTable-listUl\")]/tbody/tr[7]/td[2]/div"}
COMMAND: POST /session/416e0c1cc5e5391e8fcc7ee7b1fbe604/element - {"using":"xpath","value":"//table[contains(@id, \"listView-innerSelectionPanelTable-listUl\")]/tbody/tr[7]/td[3]/div/div/span/span[1]/bdi"}
RESULT: {"using":"xpath","value":"//table[contains(@id, \"listView-innerSelectionPanelTable-listUl\")]/tbody/tr[7]/td[3]/div/div/span/span[1]/bdi"}
COMMAND: POST /session/416e0c1cc5e5391e8fcc7ee7b1fbe604/execute/sync - {"script":"<script> [56 bytes]","args":[{"element-6066-11e4-a52e-4f735466cecf":"f.50BABCFD8003DB92F28A6394CEE4B89A.d.C57B9C0500F8722B63395DFADB01057D.e.7628","ELEMENT":"f.50BABCFD8003DB92F28A6394CEE4B89A.d.C57B9C0500F8722B63395DFADB01057D.e.7628"}]}
RESULT: {"script":"<script> [56 bytes]","args":[{"element-6066-11e4-a52e-4f735466cecf":"f.50BABCFD8003DB92F28A6394CEE4B89A.d.C57B9C0500F8722B63395DFADB01057D.e.7628","ELEMENT":"f.50BABCFD8003DB92F28A6394CEE4B89A.d.C57B9C0500F8722B63395DFADB01057D.e.7628"}]}
COMMAND: GET /session/416e0c1cc5e5391e8fcc7ee7b1fbe604/element/f.50BABCFD8003DB92F28A6394CEE4B89A.d.C57B9C0500F8722B63395DFADB01057D.e.7627/attribute/aria-checked - {}
COMMAND: GET /session/416e0c1cc5e5391e8fcc7ee7b1fbe604/screenshot - {}
RESULT: {}
COMMAND: POST /session/416e0c1cc5e5391e8fcc7ee7b1fbe604/element - {"using":"xpath","value":"//table[contains(@id, \"listView-innerSelectionPanelTable-listUl\")]/tbody/tr[8]/td[2]/div/div"}
RESULT: {}
RESULT: {"using":"xpath","value":"//table[contains(@id, \"listView-innerSelectionPanelTable-listUl\")]/tbody/tr[8]/td[2]/div/div"}
COMMAND: POST /session/416e0c1cc5e5391e8fcc7ee7b1fbe604/element - {"using":"xpath","value":"//table[contains(@id, \"listView-innerSelectionPanelTable-listUl\")]/tbody/tr[8]/td[2]/div"}
RESULT: {"using":"xpath","value":"//table[contains(@id, \"listView-innerSelectionPanelTable-listUl\")]/tbody/tr[8]/td[2]/div"}
COMMAND: POST /session/416e0c1cc5e5391e8fcc7ee7b1fbe604/element - {"using":"xpath","value":"//table[contains(@id, \"listView-innerSelectionPanelTable-listUl\")]/tbody/tr[8]/td[3]/div/div/span/span[1]/bdi"}
RESULT: {"using":"xpath","value":"//table[contains(@id, \"listView-innerSelectionPanelTable-listUl\")]/tbody/tr[8]/td[3]/div/div/span/span[1]/bdi"}
COMMAND: POST /session/416e0c1cc5e5391e8fcc7ee7b1fbe604/execute/sync - {"script":"<script> [56 bytes]","args":[{"element-6066-11e4-a52e-4f735466cecf":"f.50BABCFD8003DB92F28A6394CEE4B89A.d.C57B9C0500F8722B63395DFADB01057D.e.7631","ELEMENT":"f.50BABCFD8003DB92F28A6394CEE4B89A.d.C57B9C0500F8722B63395DFADB01057D.e.7631"}]}
RESULT: {"script":"<script> [56 bytes]","args":[{"element-6066-11e4-a52e-4f735466cecf":"f.50BABCFD8003DB92F28A6394CEE4B89A.d.C57B9C0500F8722B63395DFADB01057D.e.7631","ELEMENT":"f.50BABCFD8003DB92F28A6394CEE4B89A.d.C57B9C0500F8722B63395DFADB01057D.e.7631"}]}
COMMAND: GET /session/416e0c1cc5e5391e8fcc7ee7b1fbe604/element/f.50BABCFD8003DB92F28A6394CEE4B89A.d.C57B9C0500F8722B63395DFADB01057D.e.7630/attribute/aria-checked - {}
COMMAND: GET /session/416e0c1cc5e5391e8fcc7ee7b1fbe604/screenshot - {}
RESULT: {}
COMMAND: POST /session/416e0c1cc5e5391e8fcc7ee7b1fbe604/element - {"using":"xpath","value":"//table[contains(@id, \"listView-innerSelectionPanelTable-listUl\")]/tbody/tr[9]/td[2]/div/div"}
RESULT: {}
RESULT: {"using":"xpath","value":"//table[contains(@id, \"listView-innerSelectionPanelTable-listUl\")]/tbody/tr[9]/td[2]/div/div"}
COMMAND: POST /session/416e0c1cc5e5391e8fcc7ee7b1fbe604/element - {"using":"xpath","value":"//table[contains(@id, \"listView-innerSelectionPanelTable-listUl\")]/tbody/tr[9]/td[2]/div"}
RESULT: {"using":"xpath","value":"//table[contains(@id, \"listView-innerSelectionPanelTable-listUl\")]/tbody/tr[9]/td[2]/div"}
COMMAND: POST /session/416e0c1cc5e5391e8fcc7ee7b1fbe604/element - {"using":"xpath","value":"//table[contains(@id, \"listView-innerSelectionPanelTable-listUl\")]/tbody/tr[9]/td[3]/div/div/span/span[1]/bdi"}
RESULT: {"using":"xpath","value":"//table[contains(@id, \"listView-innerSelectionPanelTable-listUl\")]/tbody/tr[9]/td[3]/div/div/span/span[1]/bdi"}
COMMAND: POST /session/416e0c1cc5e5391e8fcc7ee7b1fbe604/execute/sync - {"script":"<script> [56 bytes]","args":[{"element-6066-11e4-a52e-4f735466cecf":"f.50BABCFD8003DB92F28A6394CEE4B89A.d.C57B9C0500F8722B63395DFADB01057D.e.7634","ELEMENT":"f.50BABCFD8003DB92F28A6394CEE4B89A.d.C57B9C0500F8722B63395DFADB01057D.e.7634"}]}
RESULT: {"script":"<script> [56 bytes]","args":[{"element-6066-11e4-a52e-4f735466cecf":"f.50BABCFD8003DB92F28A6394CEE4B89A.d.C57B9C0500F8722B63395DFADB01057D.e.7634","ELEMENT":"f.50BABCFD8003DB92F28A6394CEE4B89A.d.C57B9C0500F8722B63395DFADB01057D.e.7634"}]}
COMMAND: GET /session/416e0c1cc5e5391e8fcc7ee7b1fbe604/element/f.50BABCFD8003DB92F28A6394CEE4B89A.d.C57B9C0500F8722B63395DFADB01057D.e.7633/attribute/aria-checked - {}
COMMAND: GET /session/416e0c1cc5e5391e8fcc7ee7b1fbe604/screenshot - {}
RESULT: {}
COMMAND: POST /session/416e0c1cc5e5391e8fcc7ee7b1fbe604/element - {"using":"xpath","value":"//table[contains(@id, \"listView-innerSelectionPanelTable-listUl\")]/tbody/tr[10]/td[2]/div/div"}
RESULT: {}
RESULT: {"using":"xpath","value":"//table[contains(@id, \"listView-innerSelectionPanelTable-listUl\")]/tbody/tr[10]/td[2]/div/div"}
COMMAND: POST /session/416e0c1cc5e5391e8fcc7ee7b1fbe604/element - {"using":"xpath","value":"//table[contains(@id, \"listView-innerSelectionPanelTable-listUl\")]/tbody/tr[10]/td[2]/div"}
RESULT: {"using":"xpath","value":"//table[contains(@id, \"listView-innerSelectionPanelTable-listUl\")]/tbody/tr[10]/td[2]/div"}
COMMAND: POST /session/416e0c1cc5e5391e8fcc7ee7b1fbe604/element - {"using":"xpath","value":"//table[contains(@id, \"listView-innerSelectionPanelTable-listUl\")]/tbody/tr[10]/td[3]/div/div/span/span[1]/bdi"}
RESULT: {"using":"xpath","value":"//table[contains(@id, \"listView-innerSelectionPanelTable-listUl\")]/tbody/tr[10]/td[3]/div/div/span/span[1]/bdi"}
COMMAND: POST /session/416e0c1cc5e5391e8fcc7ee7b1fbe604/execute/sync - {"script":"<script> [56 bytes]","args":[{"element-6066-11e4-a52e-4f735466cecf":"f.50BABCFD8003DB92F28A6394CEE4B89A.d.C57B9C0500F8722B63395DFADB01057D.e.7637","ELEMENT":"f.50BABCFD8003DB92F28A6394CEE4B89A.d.C57B9C0500F8722B63395DFADB01057D.e.7637"}]}
RESULT: {"script":"<script> [56 bytes]","args":[{"element-6066-11e4-a52e-4f735466cecf":"f.50BABCFD8003DB92F28A6394CEE4B89A.d.C57B9C0500F8722B63395DFADB01057D.e.7637","ELEMENT":"f.50BABCFD8003DB92F28A6394CEE4B89A.d.C57B9C0500F8722B63395DFADB01057D.e.7637"}]}
COMMAND: GET /session/416e0c1cc5e5391e8fcc7ee7b1fbe604/element/f.50BABCFD8003DB92F28A6394CEE4B89A.d.C57B9C0500F8722B63395DFADB01057D.e.7636/attribute/aria-checked - {}
COMMAND: GET /session/416e0c1cc5e5391e8fcc7ee7b1fbe604/screenshot - {}
RESULT: {}
COMMAND: POST /session/416e0c1cc5e5391e8fcc7ee7b1fbe604/element - {"using":"xpath","value":"//table[contains(@id, \"listView-innerSelectionPanelTable-listUl\")]/tbody/tr[11]/td[2]/div/div"}
RESULT: {}
RESULT: {"using":"xpath","value":"//table[contains(@id, \"listView-innerSelectionPanelTable-listUl\")]/tbody/tr[11]/td[2]/div/div"}
COMMAND: POST /session/416e0c1cc5e5391e8fcc7ee7b1fbe604/element - {"using":"xpath","value":"//table[contains(@id, \"listView-innerSelectionPanelTable-listUl\")]/tbody/tr[11]/td[2]/div"}
RESULT: {"using":"xpath","value":"//table[contains(@id, \"listView-innerSelectionPanelTable-listUl\")]/tbody/tr[11]/td[2]/div"}
COMMAND: POST /session/416e0c1cc5e5391e8fcc7ee7b1fbe604/element - {"using":"xpath","value":"//table[contains(@id, \"listView-innerSelectionPanelTable-listUl\")]/tbody/tr[11]/td[3]/div/div/span/span[1]/bdi"}
RESULT: {"using":"xpath","value":"//table[contains(@id, \"listView-innerSelectionPanelTable-listUl\")]/tbody/tr[11]/td[3]/div/div/span/span[1]/bdi"}
COMMAND: POST /session/416e0c1cc5e5391e8fcc7ee7b1fbe604/execute/sync - {"script":"<script> [56 bytes]","args":[{"element-6066-11e4-a52e-4f735466cecf":"f.50BABCFD8003DB92F28A6394CEE4B89A.d.C57B9C0500F8722B63395DFADB01057D.e.7640","ELEMENT":"f.50BABCFD8003DB92F28A6394CEE4B89A.d.C57B9C0500F8722B63395DFADB01057D.e.7640"}]}
RESULT: {"script":"<script> [56 bytes]","args":[{"element-6066-11e4-a52e-4f735466cecf":"f.50BABCFD8003DB92F28A6394CEE4B89A.d.C57B9C0500F8722B63395DFADB01057D.e.7640","ELEMENT":"f.50BABCFD8003DB92F28A6394CEE4B89A.d.C57B9C0500F8722B63395DFADB01057D.e.7640"}]}
COMMAND: GET /session/416e0c1cc5e5391e8fcc7ee7b1fbe604/element/f.50BABCFD8003DB92F28A6394CEE4B89A.d.C57B9C0500F8722B63395DFADB01057D.e.7639/attribute/aria-checked - {}
COMMAND: GET /session/416e0c1cc5e5391e8fcc7ee7b1fbe604/screenshot - {}
RESULT: {}
COMMAND: POST /session/416e0c1cc5e5391e8fcc7ee7b1fbe604/element - {"using":"xpath","value":"//table[contains(@id, \"listView-innerSelectionPanelTable-listUl\")]/tbody/tr[12]/td[2]/div/div"}
RESULT: {}
RESULT: {"using":"xpath","value":"//table[contains(@id, \"listView-innerSelectionPanelTable-listUl\")]/tbody/tr[12]/td[2]/div/div"}
COMMAND: POST /session/416e0c1cc5e5391e8fcc7ee7b1fbe604/element - {"using":"xpath","value":"//table[contains(@id, \"listView-innerSelectionPanelTable-listUl\")]/tbody/tr[12]/td[2]/div"}
RESULT: {"using":"xpath","value":"//table[contains(@id, \"listView-innerSelectionPanelTable-listUl\")]/tbody/tr[12]/td[2]/div"}
COMMAND: POST /session/416e0c1cc5e5391e8fcc7ee7b1fbe604/element - {"using":"xpath","value":"//table[contains(@id, \"listView-innerSelectionPanelTable-listUl\")]/tbody/tr[12]/td[3]/div/div/span/span[1]/bdi"}
RESULT: {"using":"xpath","value":"//table[contains(@id, \"listView-innerSelectionPanelTable-listUl\")]/tbody/tr[12]/td[3]/div/div/span/span[1]/bdi"}
COMMAND: POST /session/416e0c1cc5e5391e8fcc7ee7b1fbe604/execute/sync - {"script":"<script> [56 bytes]","args":[{"element-6066-11e4-a52e-4f735466cecf":"f.50BABCFD8003DB92F28A6394CEE4B89A.d.C57B9C0500F8722B63395DFADB01057D.e.7643","ELEMENT":"f.50BABCFD8003DB92F28A6394CEE4B89A.d.C57B9C0500F8722B63395DFADB01057D.e.7643"}]}
RESULT: {"script":"<script> [56 bytes]","args":[{"element-6066-11e4-a52e-4f735466cecf":"f.50BABCFD8003DB92F28A6394CEE4B89A.d.C57B9C0500F8722B63395DFADB01057D.e.7643","ELEMENT":"f.50BABCFD8003DB92F28A6394CEE4B89A.d.C57B9C0500F8722B63395DFADB01057D.e.7643"}]}
COMMAND: GET /session/416e0c1cc5e5391e8fcc7ee7b1fbe604/element/f.50BABCFD8003DB92F28A6394CEE4B89A.d.C57B9C0500F8722B63395DFADB01057D.e.7642/attribute/aria-checked - {}
COMMAND: GET /session/416e0c1cc5e5391e8fcc7ee7b1fbe604/screenshot - {}
RESULT: {}
COMMAND: POST /session/416e0c1cc5e5391e8fcc7ee7b1fbe604/element - {"using":"xpath","value":"//table[contains(@id, \"listView-innerSelectionPanelTable-listUl\")]/tbody/tr[13]/td[2]/div/div"}
RESULT: {}
RESULT: {"using":"xpath","value":"//table[contains(@id, \"listView-innerSelectionPanelTable-listUl\")]/tbody/tr[13]/td[2]/div/div"}
COMMAND: POST /session/416e0c1cc5e5391e8fcc7ee7b1fbe604/element - {"using":"xpath","value":"//table[contains(@id, \"listView-innerSelectionPanelTable-listUl\")]/tbody/tr[13]/td[2]/div"}
RESULT: {"using":"xpath","value":"//table[contains(@id, \"listView-innerSelectionPanelTable-listUl\")]/tbody/tr[13]/td[2]/div"}
COMMAND: POST /session/416e0c1cc5e5391e8fcc7ee7b1fbe604/element - {"using":"xpath","value":"//table[contains(@id, \"listView-innerSelectionPanelTable-listUl\")]/tbody/tr[13]/td[3]/div/div/span/span[1]/bdi"}
RESULT: {"using":"xpath","value":"//table[contains(@id, \"listView-innerSelectionPanelTable-listUl\")]/tbody/tr[13]/td[3]/div/div/span/span[1]/bdi"}
COMMAND: POST /session/416e0c1cc5e5391e8fcc7ee7b1fbe604/execute/sync - {"script":"<script> [56 bytes]","args":[{"element-6066-11e4-a52e-4f735466cecf":"f.50BABCFD8003DB92F28A6394CEE4B89A.d.C57B9C0500F8722B63395DFADB01057D.e.7646","ELEMENT":"f.50BABCFD8003DB92F28A6394CEE4B89A.d.C57B9C0500F8722B63395DFADB01057D.e.7646"}]}
RESULT: {"script":"<script> [56 bytes]","args":[{"element-6066-11e4-a52e-4f735466cecf":"f.50BABCFD8003DB92F28A6394CEE4B89A.d.C57B9C0500F8722B63395DFADB01057D.e.7646","ELEMENT":"f.50BABCFD8003DB92F28A6394CEE4B89A.d.C57B9C0500F8722B63395DFADB01057D.e.7646"}]}
COMMAND: GET /session/416e0c1cc5e5391e8fcc7ee7b1fbe604/element/f.50BABCFD8003DB92F28A6394CEE4B89A.d.C57B9C0500F8722B63395DFADB01057D.e.7645/attribute/aria-checked - {}
COMMAND: GET /session/416e0c1cc5e5391e8fcc7ee7b1fbe604/screenshot - {}
RESULT: {}
COMMAND: POST /session/416e0c1cc5e5391e8fcc7ee7b1fbe604/element - {"using":"xpath","value":"//table[contains(@id, \"listView-innerSelectionPanelTable-listUl\")]/tbody/tr[14]/td[2]/div/div"}
RESULT: {}
RESULT: {"using":"xpath","value":"//table[contains(@id, \"listView-innerSelectionPanelTable-listUl\")]/tbody/tr[14]/td[2]/div/div"}
COMMAND: POST /session/416e0c1cc5e5391e8fcc7ee7b1fbe604/element - {"using":"xpath","value":"//table[contains(@id, \"listView-innerSelectionPanelTable-listUl\")]/tbody/tr[14]/td[2]/div"}
RESULT: {"using":"xpath","value":"//table[contains(@id, \"listView-innerSelectionPanelTable-listUl\")]/tbody/tr[14]/td[2]/div"}
COMMAND: POST /session/416e0c1cc5e5391e8fcc7ee7b1fbe604/element - {"using":"xpath","value":"//table[contains(@id, \"listView-innerSelectionPanelTable-listUl\")]/tbody/tr[14]/td[3]/div/div/span/span[1]/bdi"}
RESULT: {"using":"xpath","value":"//table[contains(@id, \"listView-innerSelectionPanelTable-listUl\")]/tbody/tr[14]/td[3]/div/div/span/span[1]/bdi"}
COMMAND: POST /session/416e0c1cc5e5391e8fcc7ee7b1fbe604/execute/sync - {"script":"<script> [56 bytes]","args":[{"element-6066-11e4-a52e-4f735466cecf":"f.50BABCFD8003DB92F28A6394CEE4B89A.d.C57B9C0500F8722B63395DFADB01057D.e.7649","ELEMENT":"f.50BABCFD8003DB92F28A6394CEE4B89A.d.C57B9C0500F8722B63395DFADB01057D.e.7649"}]}
RESULT: {"script":"<script> [56 bytes]","args":[{"element-6066-11e4-a52e-4f735466cecf":"f.50BABCFD8003DB92F28A6394CEE4B89A.d.C57B9C0500F8722B63395DFADB01057D.e.7649","ELEMENT":"f.50BABCFD8003DB92F28A6394CEE4B89A.d.C57B9C0500F8722B63395DFADB01057D.e.7649"}]}
COMMAND: GET /session/416e0c1cc5e5391e8fcc7ee7b1fbe604/element/f.50BABCFD8003DB92F28A6394CEE4B89A.d.C57B9C0500F8722B63395DFADB01057D.e.7648/attribute/aria-checked - {}
COMMAND: GET /session/416e0c1cc5e5391e8fcc7ee7b1fbe604/screenshot - {}
RESULT: {}
COMMAND: POST /session/416e0c1cc5e5391e8fcc7ee7b1fbe604/element - {"using":"xpath","value":"//table[contains(@id, \"listView-innerSelectionPanelTable-listUl\")]/tbody/tr[15]/td[2]/div/div"}
RESULT: {}
RESULT: {"using":"xpath","value":"//table[contains(@id, \"listView-innerSelectionPanelTable-listUl\")]/tbody/tr[15]/td[2]/div/div"}
COMMAND: POST /session/416e0c1cc5e5391e8fcc7ee7b1fbe604/element - {"using":"xpath","value":"//table[contains(@id, \"listView-innerSelectionPanelTable-listUl\")]/tbody/tr[15]/td[2]/div"}
RESULT: {"using":"xpath","value":"//table[contains(@id, \"listView-innerSelectionPanelTable-listUl\")]/tbody/tr[15]/td[2]/div"}
COMMAND: POST /session/416e0c1cc5e5391e8fcc7ee7b1fbe604/element - {"using":"xpath","value":"//table[contains(@id, \"listView-innerSelectionPanelTable-listUl\")]/tbody/tr[15]/td[3]/div/div/span/span[1]/bdi"}
RESULT: {"using":"xpath","value":"//table[contains(@id, \"listView-innerSelectionPanelTable-listUl\")]/tbody/tr[15]/td[3]/div/div/span/span[1]/bdi"}
COMMAND: POST /session/416e0c1cc5e5391e8fcc7ee7b1fbe604/execute/sync - {"script":"<script> [56 bytes]","args":[{"element-6066-11e4-a52e-4f735466cecf":"f.50BABCFD8003DB92F28A6394CEE4B89A.d.C57B9C0500F8722B63395DFADB01057D.e.7652","ELEMENT":"f.50BABCFD8003DB92F28A6394CEE4B89A.d.C57B9C0500F8722B63395DFADB01057D.e.7652"}]}
RESULT: {"script":"<script> [56 bytes]","args":[{"element-6066-11e4-a52e-4f735466cecf":"f.50BABCFD8003DB92F28A6394CEE4B89A.d.C57B9C0500F8722B63395DFADB01057D.e.7652","ELEMENT":"f.50BABCFD8003DB92F28A6394CEE4B89A.d.C57B9C0500F8722B63395DFADB01057D.e.7652"}]}
COMMAND: GET /session/416e0c1cc5e5391e8fcc7ee7b1fbe604/element/f.50BABCFD8003DB92F28A6394CEE4B89A.d.C57B9C0500F8722B63395DFADB01057D.e.7651/attribute/aria-checked - {}
COMMAND: GET /session/416e0c1cc5e5391e8fcc7ee7b1fbe604/screenshot - {}
RESULT: {}
COMMAND: POST /session/416e0c1cc5e5391e8fcc7ee7b1fbe604/element - {"using":"xpath","value":"//table[contains(@id, \"listView-innerSelectionPanelTable-listUl\")]/tbody/tr[16]/td[2]/div/div"}
RESULT: {}
RESULT: {"using":"xpath","value":"//table[contains(@id, \"listView-innerSelectionPanelTable-listUl\")]/tbody/tr[16]/td[2]/div/div"}
COMMAND: POST /session/416e0c1cc5e5391e8fcc7ee7b1fbe604/element - {"using":"xpath","value":"//table[contains(@id, \"listView-innerSelectionPanelTable-listUl\")]/tbody/tr[16]/td[2]/div"}
RESULT: {"using":"xpath","value":"//table[contains(@id, \"listView-innerSelectionPanelTable-listUl\")]/tbody/tr[16]/td[2]/div"}
COMMAND: POST /session/416e0c1cc5e5391e8fcc7ee7b1fbe604/element - {"using":"xpath","value":"//table[contains(@id, \"listView-innerSelectionPanelTable-listUl\")]/tbody/tr[16]/td[3]/div/div/span/span[1]/bdi"}
RESULT: {"using":"xpath","value":"//table[contains(@id, \"listView-innerSelectionPanelTable-listUl\")]/tbody/tr[16]/td[3]/div/div/span/span[1]/bdi"}
COMMAND: POST /session/416e0c1cc5e5391e8fcc7ee7b1fbe604/execute/sync - {"script":"<script> [56 bytes]","args":[{"element-6066-11e4-a52e-4f735466cecf":"f.50BABCFD8003DB92F28A6394CEE4B89A.d.C57B9C0500F8722B63395DFADB01057D.e.7655","ELEMENT":"f.50BABCFD8003DB92F28A6394CEE4B89A.d.C57B9C0500F8722B63395DFADB01057D.e.7655"}]}
RESULT: {"script":"<script> [56 bytes]","args":[{"element-6066-11e4-a52e-4f735466cecf":"f.50BABCFD8003DB92F28A6394CEE4B89A.d.C57B9C0500F8722B63395DFADB01057D.e.7655","ELEMENT":"f.50BABCFD8003DB92F28A6394CEE4B89A.d.C57B9C0500F8722B63395DFADB01057D.e.7655"}]}
COMMAND: GET /session/416e0c1cc5e5391e8fcc7ee7b1fbe604/element/f.50BABCFD8003DB92F28A6394CEE4B89A.d.C57B9C0500F8722B63395DFADB01057D.e.7654/attribute/aria-checked - {}
COMMAND: GET /session/416e0c1cc5e5391e8fcc7ee7b1fbe604/screenshot - {}
RESULT: {}
COMMAND: POST /session/416e0c1cc5e5391e8fcc7ee7b1fbe604/element - {"using":"xpath","value":"//table[contains(@id, \"listView-innerSelectionPanelTable-listUl\")]/tbody/tr[17]/td[2]/div/div"}
RESULT: {}
RESULT: {"using":"xpath","value":"//table[contains(@id, \"listView-innerSelectionPanelTable-listUl\")]/tbody/tr[17]/td[2]/div/div"}
COMMAND: POST /session/416e0c1cc5e5391e8fcc7ee7b1fbe604/element - {"using":"xpath","value":"//table[contains(@id, \"listView-innerSelectionPanelTable-listUl\")]/tbody/tr[17]/td[2]/div"}
RESULT: {"using":"xpath","value":"//table[contains(@id, \"listView-innerSelectionPanelTable-listUl\")]/tbody/tr[17]/td[2]/div"}
COMMAND: POST /session/416e0c1cc5e5391e8fcc7ee7b1fbe604/element - {"using":"xpath","value":"//table[contains(@id, \"listView-innerSelectionPanelTable-listUl\")]/tbody/tr[17]/td[3]/div/div/span/span[1]/bdi"}
RESULT: {"using":"xpath","value":"//table[contains(@id, \"listView-innerSelectionPanelTable-listUl\")]/tbody/tr[17]/td[3]/div/div/span/span[1]/bdi"}
COMMAND: POST /session/416e0c1cc5e5391e8fcc7ee7b1fbe604/execute/sync - {"script":"<script> [56 bytes]","args":[{"element-6066-11e4-a52e-4f735466cecf":"f.50BABCFD8003DB92F28A6394CEE4B89A.d.C57B9C0500F8722B63395DFADB01057D.e.7658","ELEMENT":"f.50BABCFD8003DB92F28A6394CEE4B89A.d.C57B9C0500F8722B63395DFADB01057D.e.7658"}]}
RESULT: {"script":"<script> [56 bytes]","args":[{"element-6066-11e4-a52e-4f735466cecf":"f.50BABCFD8003DB92F28A6394CEE4B89A.d.C57B9C0500F8722B63395DFADB01057D.e.7658","ELEMENT":"f.50BABCFD8003DB92F28A6394CEE4B89A.d.C57B9C0500F8722B63395DFADB01057D.e.7658"}]}
COMMAND: GET /session/416e0c1cc5e5391e8fcc7ee7b1fbe604/element/f.50BABCFD8003DB92F28A6394CEE4B89A.d.C57B9C0500F8722B63395DFADB01057D.e.7657/attribute/aria-checked - {}
COMMAND: GET /session/416e0c1cc5e5391e8fcc7ee7b1fbe604/screenshot - {}
RESULT: {}
COMMAND: POST /session/416e0c1cc5e5391e8fcc7ee7b1fbe604/element - {"using":"xpath","value":"//table[contains(@id, \"listView-innerSelectionPanelTable-listUl\")]/tbody/tr[18]/td[2]/div/div"}
RESULT: {}
RESULT: {"using":"xpath","value":"//table[contains(@id, \"listView-innerSelectionPanelTable-listUl\")]/tbody/tr[18]/td[2]/div/div"}
COMMAND: POST /session/416e0c1cc5e5391e8fcc7ee7b1fbe604/element - {"using":"xpath","value":"//table[contains(@id, \"listView-innerSelectionPanelTable-listUl\")]/tbody/tr[18]/td[2]/div"}
RESULT: {"using":"xpath","value":"//table[contains(@id, \"listView-innerSelectionPanelTable-listUl\")]/tbody/tr[18]/td[2]/div"}
COMMAND: POST /session/416e0c1cc5e5391e8fcc7ee7b1fbe604/element - {"using":"xpath","value":"//table[contains(@id, \"listView-innerSelectionPanelTable-listUl\")]/tbody/tr[18]/td[3]/div/div/span/span[1]/bdi"}
RESULT: {"using":"xpath","value":"//table[contains(@id, \"listView-innerSelectionPanelTable-listUl\")]/tbody/tr[18]/td[3]/div/div/span/span[1]/bdi"}
COMMAND: POST /session/416e0c1cc5e5391e8fcc7ee7b1fbe604/execute/sync - {"script":"<script> [56 bytes]","args":[{"element-6066-11e4-a52e-4f735466cecf":"f.50BABCFD8003DB92F28A6394CEE4B89A.d.C57B9C0500F8722B63395DFADB01057D.e.7661","ELEMENT":"f.50BABCFD8003DB92F28A6394CEE4B89A.d.C57B9C0500F8722B63395DFADB01057D.e.7661"}]}
RESULT: {"script":"<script> [56 bytes]","args":[{"element-6066-11e4-a52e-4f735466cecf":"f.50BABCFD8003DB92F28A6394CEE4B89A.d.C57B9C0500F8722B63395DFADB01057D.e.7661","ELEMENT":"f.50BABCFD8003DB92F28A6394CEE4B89A.d.C57B9C0500F8722B63395DFADB01057D.e.7661"}]}
COMMAND: GET /session/416e0c1cc5e5391e8fcc7ee7b1fbe604/element/f.50BABCFD8003DB92F28A6394CEE4B89A.d.C57B9C0500F8722B63395DFADB01057D.e.7660/attribute/aria-checked - {}
COMMAND: GET /session/416e0c1cc5e5391e8fcc7ee7b1fbe604/screenshot - {}
RESULT: {}
COMMAND: POST /session/416e0c1cc5e5391e8fcc7ee7b1fbe604/element - {"using":"xpath","value":"//table[contains(@id, \"listView-innerSelectionPanelTable-listUl\")]/tbody/tr[19]/td[2]/div/div"}
RESULT: {}
RESULT: {"using":"xpath","value":"//table[contains(@id, \"listView-innerSelectionPanelTable-listUl\")]/tbody/tr[19]/td[2]/div/div"}
COMMAND: POST /session/416e0c1cc5e5391e8fcc7ee7b1fbe604/element - {"using":"xpath","value":"//table[contains(@id, \"listView-innerSelectionPanelTable-listUl\")]/tbody/tr[19]/td[2]/div"}
RESULT: {"using":"xpath","value":"//table[contains(@id, \"listView-innerSelectionPanelTable-listUl\")]/tbody/tr[19]/td[2]/div"}
COMMAND: POST /session/416e0c1cc5e5391e8fcc7ee7b1fbe604/element - {"using":"xpath","value":"//table[contains(@id, \"listView-innerSelectionPanelTable-listUl\")]/tbody/tr[19]/td[3]/div/div/span/span[1]/bdi"}
RESULT: {"using":"xpath","value":"//table[contains(@id, \"listView-innerSelectionPanelTable-listUl\")]/tbody/tr[19]/td[3]/div/div/span/span[1]/bdi"}
COMMAND: POST /session/416e0c1cc5e5391e8fcc7ee7b1fbe604/execute/sync - {"script":"<script> [56 bytes]","args":[{"element-6066-11e4-a52e-4f735466cecf":"f.50BABCFD8003DB92F28A6394CEE4B89A.d.C57B9C0500F8722B63395DFADB01057D.e.7664","ELEMENT":"f.50BABCFD8003DB92F28A6394CEE4B89A.d.C57B9C0500F8722B63395DFADB01057D.e.7664"}]}
RESULT: {"script":"<script> [56 bytes]","args":[{"element-6066-11e4-a52e-4f735466cecf":"f.50BABCFD8003DB92F28A6394CEE4B89A.d.C57B9C0500F8722B63395DFADB01057D.e.7664","ELEMENT":"f.50BABCFD8003DB92F28A6394CEE4B89A.d.C57B9C0500F8722B63395DFADB01057D.e.7664"}]}
COMMAND: GET /session/416e0c1cc5e5391e8fcc7ee7b1fbe604/element/f.50BABCFD8003DB92F28A6394CEE4B89A.d.C57B9C0500F8722B63395DFADB01057D.e.7663/attribute/aria-checked - {}
COMMAND: GET /session/416e0c1cc5e5391e8fcc7ee7b1fbe604/screenshot - {}
RESULT: {}
COMMAND: POST /session/416e0c1cc5e5391e8fcc7ee7b1fbe604/element - {"using":"xpath","value":"//table[contains(@id, \"listView-innerSelectionPanelTable-listUl\")]/tbody/tr[20]/td[2]/div/div"}
RESULT: {}
RESULT: {"using":"xpath","value":"//table[contains(@id, \"listView-innerSelectionPanelTable-listUl\")]/tbody/tr[20]/td[2]/div/div"}
COMMAND: POST /session/416e0c1cc5e5391e8fcc7ee7b1fbe604/element - {"using":"xpath","value":"//table[contains(@id, \"listView-innerSelectionPanelTable-listUl\")]/tbody/tr[20]/td[2]/div"}
RESULT: {"using":"xpath","value":"//table[contains(@id, \"listView-innerSelectionPanelTable-listUl\")]/tbody/tr[20]/td[2]/div"}
COMMAND: POST /session/416e0c1cc5e5391e8fcc7ee7b1fbe604/element - {"using":"xpath","value":"//table[contains(@id, \"listView-innerSelectionPanelTable-listUl\")]/tbody/tr[20]/td[3]/div/div/span/span[1]/bdi"}
RESULT: {"using":"xpath","value":"//table[contains(@id, \"listView-innerSelectionPanelTable-listUl\")]/tbody/tr[20]/td[3]/div/div/span/span[1]/bdi"}
COMMAND: POST /session/416e0c1cc5e5391e8fcc7ee7b1fbe604/execute/sync - {"script":"<script> [56 bytes]","args":[{"element-6066-11e4-a52e-4f735466cecf":"f.50BABCFD8003DB92F28A6394CEE4B89A.d.C57B9C0500F8722B63395DFADB01057D.e.7667","ELEMENT":"f.50BABCFD8003DB92F28A6394CEE4B89A.d.C57B9C0500F8722B63395DFADB01057D.e.7667"}]}
RESULT: {"script":"<script> [56 bytes]","args":[{"element-6066-11e4-a52e-4f735466cecf":"f.50BABCFD8003DB92F28A6394CEE4B89A.d.C57B9C0500F8722B63395DFADB01057D.e.7667","ELEMENT":"f.50BABCFD8003DB92F28A6394CEE4B89A.d.C57B9C0500F8722B63395DFADB01057D.e.7667"}]}
COMMAND: GET /session/416e0c1cc5e5391e8fcc7ee7b1fbe604/element/f.50BABCFD8003DB92F28A6394CEE4B89A.d.C57B9C0500F8722B63395DFADB01057D.e.7666/attribute/aria-checked - {}
COMMAND: GET /session/416e0c1cc5e5391e8fcc7ee7b1fbe604/screenshot - {}
RESULT: {}
COMMAND: POST /session/416e0c1cc5e5391e8fcc7ee7b1fbe604/element - {"using":"xpath","value":"//table[contains(@id, \"listView-innerSelectionPanelTable-listUl\")]/tbody/tr[21]/td[2]/div/div"}
COMMAND: POST /session/416e0c1cc5e5391e8fcc7ee7b1fbe604/element/f.50BABCFD8003DB92F28A6394CEE4B89A.d.C57B9C0500F8722B63395DFADB01057D.e.7665/click - {}
RESULT: {}
RESULT: {"using":"xpath","value":"//table[contains(@id, \"listView-innerSelectionPanelTable-listUl\")]/tbody/tr[21]/td[2]/div/div"}
COMMAND: POST /session/416e0c1cc5e5391e8fcc7ee7b1fbe604/element - {"using":"xpath","value":"//table[contains(@id, \"listView-innerSelectionPanelTable-listUl\")]/tbody/tr[21]/td[2]/div"}
RESULT: {}
COMMAND: GET /session/416e0c1cc5e5391e8fcc7ee7b1fbe604/screenshot - {}
RESULT: {"using":"xpath","value":"//table[contains(@id, \"listView-innerSelectionPanelTable-listUl\")]/tbody/tr[21]/td[2]/div"}
COMMAND: POST /session/416e0c1cc5e5391e8fcc7ee7b1fbe604/element - {"using":"xpath","value":"//table[contains(@id, \"listView-innerSelectionPanelTable-listUl\")]/tbody/tr[21]/td[3]/div/div/span/span[1]/bdi"}
RESULT: {}
RESULT: {"using":"xpath","value":"//table[contains(@id, \"listView-innerSelectionPanelTable-listUl\")]/tbody/tr[21]/td[3]/div/div/span/span[1]/bdi"}
COMMAND: POST /session/416e0c1cc5e5391e8fcc7ee7b1fbe604/execute/sync - {"script":"<script> [56 bytes]","args":[{"element-6066-11e4-a52e-4f735466cecf":"f.50BABCFD8003DB92F28A6394CEE4B89A.d.C57B9C0500F8722B63395DFADB01057D.e.7673","ELEMENT":"f.50BABCFD8003DB92F28A6394CEE4B89A.d.C57B9C0500F8722B63395DFADB01057D.e.7673"}]}
RESULT: {"script":"<script> [56 bytes]","args":[{"element-6066-11e4-a52e-4f735466cecf":"f.50BABCFD8003DB92F28A6394CEE4B89A.d.C57B9C0500F8722B63395DFADB01057D.e.7673","ELEMENT":"f.50BABCFD8003DB92F28A6394CEE4B89A.d.C57B9C0500F8722B63395DFADB01057D.e.7673"}]}
COMMAND: GET /session/416e0c1cc5e5391e8fcc7ee7b1fbe604/element/f.50BABCFD8003DB92F28A6394CEE4B89A.d.C57B9C0500F8722B63395DFADB01057D.e.7672/attribute/aria-checked - {}
COMMAND: GET /session/416e0c1cc5e5391e8fcc7ee7b1fbe604/screenshot - {}
RESULT: {}
COMMAND: POST /session/416e0c1cc5e5391e8fcc7ee7b1fbe604/element - {"using":"xpath","value":"//table[contains(@id, \"listView-innerSelectionPanelTable-listUl\")]/tbody/tr[22]/td[2]/div/div"}
COMMAND: POST /session/416e0c1cc5e5391e8fcc7ee7b1fbe604/element/f.50BABCFD8003DB92F28A6394CEE4B89A.d.C57B9C0500F8722B63395DFADB01057D.e.7668/click - {}
RESULT: {}
RESULT: {"using":"xpath","value":"//table[contains(@id, \"listView-innerSelectionPanelTable-listUl\")]/tbody/tr[22]/td[2]/div/div"}
COMMAND: POST /session/416e0c1cc5e5391e8fcc7ee7b1fbe604/element - {"using":"xpath","value":"//table[contains(@id, \"listView-innerSelectionPanelTable-listUl\")]/tbody/tr[22]/td[2]/div"}
RESULT: {}
COMMAND: GET /session/416e0c1cc5e5391e8fcc7ee7b1fbe604/screenshot - {}
RESULT: {"using":"xpath","value":"//table[contains(@id, \"listView-innerSelectionPanelTable-listUl\")]/tbody/tr[22]/td[2]/div"}
COMMAND: POST /session/416e0c1cc5e5391e8fcc7ee7b1fbe604/element - {"using":"xpath","value":"//table[contains(@id, \"listView-innerSelectionPanelTable-listUl\")]/tbody/tr[22]/td[3]/div/div/span/span[1]/bdi"}
RESULT: {}
RESULT: {"using":"xpath","value":"//table[contains(@id, \"listView-innerSelectionPanelTable-listUl\")]/tbody/tr[22]/td[3]/div/div/span/span[1]/bdi"}
COMMAND: POST /session/416e0c1cc5e5391e8fcc7ee7b1fbe604/execute/sync - {"script":"<script> [56 bytes]","args":[{"element-6066-11e4-a52e-4f735466cecf":"f.50BABCFD8003DB92F28A6394CEE4B89A.d.C57B9C0500F8722B63395DFADB01057D.e.7677","ELEMENT":"f.50BABCFD8003DB92F28A6394CEE4B89A.d.C57B9C0500F8722B63395DFADB01057D.e.7677"}]}
RESULT: {"script":"<script> [56 bytes]","args":[{"element-6066-11e4-a52e-4f735466cecf":"f.50BABCFD8003DB92F28A6394CEE4B89A.d.C57B9C0500F8722B63395DFADB01057D.e.7677","ELEMENT":"f.50BABCFD8003DB92F28A6394CEE4B89A.d.C57B9C0500F8722B63395DFADB01057D.e.7677"}]}
COMMAND: GET /session/416e0c1cc5e5391e8fcc7ee7b1fbe604/element/f.50BABCFD8003DB92F28A6394CEE4B89A.d.C57B9C0500F8722B63395DFADB01057D.e.7676/attribute/aria-checked - {}
COMMAND: GET /session/416e0c1cc5e5391e8fcc7ee7b1fbe604/screenshot - {}
RESULT: {}
COMMAND: POST /session/416e0c1cc5e5391e8fcc7ee7b1fbe604/element - {"using":"xpath","value":"//table[contains(@id, \"listView-innerSelectionPanelTable-listUl\")]/tbody/tr[23]/td[2]/div/div"}
RESULT: {}
RESULT: {"using":"xpath","value":"//table[contains(@id, \"listView-innerSelectionPanelTable-listUl\")]/tbody/tr[23]/td[2]/div/div"}
COMMAND: POST /session/416e0c1cc5e5391e8fcc7ee7b1fbe604/element - {"using":"xpath","value":"//table[contains(@id, \"listView-innerSelectionPanelTable-listUl\")]/tbody/tr[23]/td[2]/div"}
RESULT: {"using":"xpath","value":"//table[contains(@id, \"listView-innerSelectionPanelTable-listUl\")]/tbody/tr[23]/td[2]/div"}
COMMAND: POST /session/416e0c1cc5e5391e8fcc7ee7b1fbe604/element - {"using":"xpath","value":"//table[contains(@id, \"listView-innerSelectionPanelTable-listUl\")]/tbody/tr[23]/td[3]/div/div/span/span[1]/bdi"}
RESULT: {"using":"xpath","value":"//table[contains(@id, \"listView-innerSelectionPanelTable-listUl\")]/tbody/tr[23]/td[3]/div/div/span/span[1]/bdi"}
COMMAND: POST /session/416e0c1cc5e5391e8fcc7ee7b1fbe604/execute/sync - {"script":"<script> [56 bytes]","args":[{"element-6066-11e4-a52e-4f735466cecf":"f.50BABCFD8003DB92F28A6394CEE4B89A.d.C57B9C0500F8722B63395DFADB01057D.e.7680","ELEMENT":"f.50BABCFD8003DB92F28A6394CEE4B89A.d.C57B9C0500F8722B63395DFADB01057D.e.7680"}]}
RESULT: {"script":"<script> [56 bytes]","args":[{"element-6066-11e4-a52e-4f735466cecf":"f.50BABCFD8003DB92F28A6394CEE4B89A.d.C57B9C0500F8722B63395DFADB01057D.e.7680","ELEMENT":"f.50BABCFD8003DB92F28A6394CEE4B89A.d.C57B9C0500F8722B63395DFADB01057D.e.7680"}]}
COMMAND: GET /session/416e0c1cc5e5391e8fcc7ee7b1fbe604/element/f.50BABCFD8003DB92F28A6394CEE4B89A.d.C57B9C0500F8722B63395DFADB01057D.e.7679/attribute/aria-checked - {}
COMMAND: GET /session/416e0c1cc5e5391e8fcc7ee7b1fbe604/screenshot - {}
RESULT: {}
COMMAND: POST /session/416e0c1cc5e5391e8fcc7ee7b1fbe604/element - {"using":"xpath","value":"//table[contains(@id, \"listView-innerSelectionPanelTable-listUl\")]/tbody/tr[24]/td[2]/div/div"}
RESULT: {}
RESULT: {"using":"xpath","value":"//table[contains(@id, \"listView-innerSelectionPanelTable-listUl\")]/tbody/tr[24]/td[2]/div/div"}
COMMAND: POST /session/416e0c1cc5e5391e8fcc7ee7b1fbe604/element - {"using":"xpath","value":"//table[contains(@id, \"listView-innerSelectionPanelTable-listUl\")]/tbody/tr[24]/td[2]/div"}
RESULT: {"using":"xpath","value":"//table[contains(@id, \"listView-innerSelectionPanelTable-listUl\")]/tbody/tr[24]/td[2]/div"}
COMMAND: POST /session/416e0c1cc5e5391e8fcc7ee7b1fbe604/element - {"using":"xpath","value":"//table[contains(@id, \"listView-innerSelectionPanelTable-listUl\")]/tbody/tr[24]/td[3]/div/div/span/span[1]/bdi"}
RESULT: {"using":"xpath","value":"//table[contains(@id, \"listView-innerSelectionPanelTable-listUl\")]/tbody/tr[24]/td[3]/div/div/span/span[1]/bdi"}
COMMAND: POST /session/416e0c1cc5e5391e8fcc7ee7b1fbe604/execute/sync - {"script":"<script> [56 bytes]","args":[{"element-6066-11e4-a52e-4f735466cecf":"f.50BABCFD8003DB92F28A6394CEE4B89A.d.C57B9C0500F8722B63395DFADB01057D.e.7683","ELEMENT":"f.50BABCFD8003DB92F28A6394CEE4B89A.d.C57B9C0500F8722B63395DFADB01057D.e.7683"}]}
RESULT: {"script":"<script> [56 bytes]","args":[{"element-6066-11e4-a52e-4f735466cecf":"f.50BABCFD8003DB92F28A6394CEE4B89A.d.C57B9C0500F8722B63395DFADB01057D.e.7683","ELEMENT":"f.50BABCFD8003DB92F28A6394CEE4B89A.d.C57B9C0500F8722B63395DFADB01057D.e.7683"}]}
COMMAND: GET /session/416e0c1cc5e5391e8fcc7ee7b1fbe604/element/f.50BABCFD8003DB92F28A6394CEE4B89A.d.C57B9C0500F8722B63395DFADB01057D.e.7682/attribute/aria-checked - {}
COMMAND: GET /session/416e0c1cc5e5391e8fcc7ee7b1fbe604/screenshot - {}
RESULT: {}
COMMAND: POST /session/416e0c1cc5e5391e8fcc7ee7b1fbe604/element - {"using":"xpath","value":"//table[contains(@id, \"listView-innerSelectionPanelTable-listUl\")]/tbody/tr[25]/td[2]/div/div"}
RESULT: {}
RESULT: {"using":"xpath","value":"//table[contains(@id, \"listView-innerSelectionPanelTable-listUl\")]/tbody/tr[25]/td[2]/div/div"}
COMMAND: POST /session/416e0c1cc5e5391e8fcc7ee7b1fbe604/element - {"using":"xpath","value":"//table[contains(@id, \"listView-innerSelectionPanelTable-listUl\")]/tbody/tr[25]/td[2]/div"}
RESULT: {"using":"xpath","value":"//table[contains(@id, \"listView-innerSelectionPanelTable-listUl\")]/tbody/tr[25]/td[2]/div"}
COMMAND: POST /session/416e0c1cc5e5391e8fcc7ee7b1fbe604/element - {"using":"xpath","value":"//table[contains(@id, \"listView-innerSelectionPanelTable-listUl\")]/tbody/tr[25]/td[3]/div/div/span/span[1]/bdi"}
RESULT: {"using":"xpath","value":"//table[contains(@id, \"listView-innerSelectionPanelTable-listUl\")]/tbody/tr[25]/td[3]/div/div/span/span[1]/bdi"}
COMMAND: POST /session/416e0c1cc5e5391e8fcc7ee7b1fbe604/execute/sync - {"script":"<script> [56 bytes]","args":[{"element-6066-11e4-a52e-4f735466cecf":"f.50BABCFD8003DB92F28A6394CEE4B89A.d.C57B9C0500F8722B63395DFADB01057D.e.7686","ELEMENT":"f.50BABCFD8003DB92F28A6394CEE4B89A.d.C57B9C0500F8722B63395DFADB01057D.e.7686"}]}
RESULT: {"script":"<script> [56 bytes]","args":[{"element-6066-11e4-a52e-4f735466cecf":"f.50BABCFD8003DB92F28A6394CEE4B89A.d.C57B9C0500F8722B63395DFADB01057D.e.7686","ELEMENT":"f.50BABCFD8003DB92F28A6394CEE4B89A.d.C57B9C0500F8722B63395DFADB01057D.e.7686"}]}
COMMAND: GET /session/416e0c1cc5e5391e8fcc7ee7b1fbe604/element/f.50BABCFD8003DB92F28A6394CEE4B89A.d.C57B9C0500F8722B63395DFADB01057D.e.7685/attribute/aria-checked - {}
COMMAND: GET /session/416e0c1cc5e5391e8fcc7ee7b1fbe604/screenshot - {}
RESULT: {}
COMMAND: POST /session/416e0c1cc5e5391e8fcc7ee7b1fbe604/element - {"using":"xpath","value":"//bdi[contains(text(), \"OK\")]"}
RESULT: {}
RESULT: {"using":"xpath","value":"//bdi[contains(text(), \"OK\")]"}
COMMAND: POST /session/416e0c1cc5e5391e8fcc7ee7b1fbe604/element/f.50BABCFD8003DB92F28A6394CEE4B89A.d.C57B9C0500F8722B63395DFADB01057D.e.7687/click - {}
RESULT: {}
COMMAND: GET /session/416e0c1cc5e5391e8fcc7ee7b1fbe604/screenshot - {}
RESULT: {}
COMMAND: POST /session/416e0c1cc5e5391e8fcc7ee7b1fbe604/execute/async - {"script":"<script> [1562 bytes]","args":[{"selector":{"id":"application-managepartners-display-component---masterPtm--smartFilterBar-filterItemControlA_-LINK_TO_ADDRESSES_MAIN.ID-vhi"},"wdio_ui5_key":"applicationmanagepartners-display-component---masterPtm--smartFilterBar-filterItemControlA_-LINK_TO_ADDRESSES_MAIN.ID-vhi"}]}
RESULT: {"script":"<script> [1562 bytes]","args":[{"selector":{"id":"application-managepartners-display-component---masterPtm--smartFilterBar-filterItemControlA_-LINK_TO_ADDRESSES_MAIN.ID-vhi"},"wdio_ui5_key":"applicationmanagepartners-display-component---masterPtm--smartFilterBar-filterItemControlA_-LINK_TO_ADDRESSES_MAIN.ID-vhi"}]}
RESULT: undefined
COMMAND: POST /session/416e0c1cc5e5391e8fcc7ee7b1fbe604/element - {"using":"xpath","value":"//*[@id=\"application-managepartners-display-component---masterPtm--smartFilterBar-filterItemControlA_-LINK_TO_ADDRESSES_MAIN.ID-vhi\"]"}
RESULT: {"using":"xpath","value":"//*[@id=\"application-managepartners-display-component---masterPtm--smartFilterBar-filterItemControlA_-LINK_TO_ADDRESSES_MAIN.ID-vhi\"]"}
COMMAND: POST /session/416e0c1cc5e5391e8fcc7ee7b1fbe604/element/f.50BABCFD8003DB92F28A6394CEE4B89A.d.C57B9C0500F8722B63395DFADB01057D.e.7700/click - {}
RESULT: {}
COMMAND: GET /session/416e0c1cc5e5391e8fcc7ee7b1fbe604/screenshot - {}
RESULT: {}
COMMAND: POST /session/416e0c1cc5e5391e8fcc7ee7b1fbe604/execute/async - {"script":"<script> [1562 bytes]","args":[{"selector":{"controlType":"sap.ui.core.Icon","viewName":"etm.portal.ui.managepartners.view.Master","viewId":"application-managepartners-display-component---masterPtm","properties":{"src":{"regex":{"source":"slim\\-arrow\\-down"}}},"searchOpenDialogs":true},"wdio_ui5_key":"etmportal.ui.managepartners.view.Mastersap.ui.core.Icon{\"src\":{\"regex\":{\"source\":\"slim\\\\-arrow\\\\-down\"}}}"}]}
RESULT: {"script":"<script> [1562 bytes]","args":[{"selector":{"controlType":"sap.ui.core.Icon","viewName":"etm.portal.ui.managepartners.view.Master","viewId":"application-managepartners-display-component---masterPtm","properties":{"src":{"regex":{"source":"slim\\-arrow\\-down"}}},"searchOpenDialogs":true},"wdio_ui5_key":"etmportal.ui.managepartners.view.Mastersap.ui.core.Icon{\"src\":{\"regex\":{\"source\":\"slim\\\\-arrow\\\\-down\"}}}"}]}
RESULT: undefined
COMMAND: POST /session/416e0c1cc5e5391e8fcc7ee7b1fbe604/element - {"using":"xpath","value":"//*[@id=\"__box77-arrow\"]"}
RESULT: {"using":"xpath","value":"//*[@id=\"__box77-arrow\"]"}
COMMAND: POST /session/416e0c1cc5e5391e8fcc7ee7b1fbe604/element/f.50BABCFD8003DB92F28A6394CEE4B89A.d.C57B9C0500F8722B63395DFADB01057D.e.7705/click - {}
RESULT: {}
COMMAND: GET /session/416e0c1cc5e5391e8fcc7ee7b1fbe604/screenshot - {}
RESULT: {}
COMMAND: POST /session/416e0c1cc5e5391e8fcc7ee7b1fbe604/element - {"using":"xpath","value":"//li[.//span[text()='equal to']]"}
RESULT: {"using":"xpath","value":"//li[.//span[text()='equal to']]"}
COMMAND: POST /session/416e0c1cc5e5391e8fcc7ee7b1fbe604/element/f.50BABCFD8003DB92F28A6394CEE4B89A.d.C57B9C0500F8722B63395DFADB01057D.e.7706/click - {}
RESULT: {}
COMMAND: GET /session/416e0c1cc5e5391e8fcc7ee7b1fbe604/screenshot - {}
RESULT: {}
RESULT: undefined
COMMAND: POST /session/416e0c1cc5e5391e8fcc7ee7b1fbe604/execute/async - {"script":"<script> [776 bytes]","args":[{"enterText":"1006","selector":{"controlType":"sap.m.Input","viewName":"etm.portal.ui.managepartners.view.Master","viewId":"application-managepartners-display-component---masterPtm","properties":{"valueState":"None"},"searchOpenDialogs":true,"interaction":{"idSuffix":"inner"}},"clearTextFirst":true,"interactionType":"ENTER_TEXT"}]}
RESULT: {"script":"<script> [776 bytes]","args":[{"enterText":"1006","selector":{"controlType":"sap.m.Input","viewName":"etm.portal.ui.managepartners.view.Master","viewId":"application-managepartners-display-component---masterPtm","properties":{"valueState":"None"},"searchOpenDialogs":true,"interaction":{"idSuffix":"inner"}},"clearTextFirst":true,"interactionType":"ENTER_TEXT"}]}
COMMAND: POST /session/416e0c1cc5e5391e8fcc7ee7b1fbe604/actions - {"actions":[{"id":"action21","type":"key","parameters":{},"actions":[{"type":"keyDown","value":"î€‡"},{"type":"pause","duration":10},{"type":"keyUp","value":"î€‡"}]}]}
RESULT: {"actions":[{"id":"action21","type":"key","parameters":{},"actions":[{"type":"keyDown","value":"î€‡"},{"type":"pause","duration":10},{"type":"keyUp","value":"î€‡"}]}]}
COMMAND: GET /session/416e0c1cc5e5391e8fcc7ee7b1fbe604/screenshot - {}
RESULT: {}
COMMAND: POST /session/416e0c1cc5e5391e8fcc7ee7b1fbe604/element - {"using":"xpath","value":"(//bdi[contains(text(), \"OK\")])[1]"}
RESULT: {"using":"xpath","value":"(//bdi[contains(text(), \"OK\")])[1]"}
COMMAND: POST /session/416e0c1cc5e5391e8fcc7ee7b1fbe604/element/f.50BABCFD8003DB92F28A6394CEE4B89A.d.C57B9C0500F8722B63395DFADB01057D.e.7707/click - {}
RESULT: {}
COMMAND: GET /session/416e0c1cc5e5391e8fcc7ee7b1fbe604/screenshot - {}
RESULT: {}
COMMAND: POST /session/416e0c1cc5e5391e8fcc7ee7b1fbe604/element - {"using":"xpath","value":"//span[@id=\"application-managepartners-display-component---masterPtm--smartTable-header-inner\"]"}
RESULT: {"using":"xpath","value":"//span[@id=\"application-managepartners-display-component---masterPtm--smartTable-header-inner\"]"}
COMMAND: POST /session/416e0c1cc5e5391e8fcc7ee7b1fbe604/elements - {"using":"xpath","value":"//span[@id=\"application-managepartners-display-component---masterPtm--smartTable-header-inner\"]"}
RESULT: {"using":"xpath","value":"//span[@id=\"application-managepartners-display-component---masterPtm--smartTable-header-inner\"]"}
COMMAND: POST /session/416e0c1cc5e5391e8fcc7ee7b1fbe604/execute/sync - {"script":"<script> [56 bytes]","args":[{"element-6066-11e4-a52e-4f735466cecf":"f.50BABCFD8003DB92F28A6394CEE4B89A.d.C57B9C0500F8722B63395DFADB01057D.e.7545","ELEMENT":"f.50BABCFD8003DB92F28A6394CEE4B89A.d.C57B9C0500F8722B63395DFADB01057D.e.7545"}]}
RESULT: {"script":"<script> [56 bytes]","args":[{"element-6066-11e4-a52e-4f735466cecf":"f.50BABCFD8003DB92F28A6394CEE4B89A.d.C57B9C0500F8722B63395DFADB01057D.e.7545","ELEMENT":"f.50BABCFD8003DB92F28A6394CEE4B89A.d.C57B9C0500F8722B63395DFADB01057D.e.7545"}]}
COMMAND: POST /session/416e0c1cc5e5391e8fcc7ee7b1fbe604/element - {"using":"xpath","value":"//span[contains(@title, \"Remove\")]"}
COMMAND: GET /session/416e0c1cc5e5391e8fcc7ee7b1fbe604/screenshot - {}
RESULT: {"using":"xpath","value":"//span[contains(@title, \"Remove\")]"}
COMMAND: POST /session/416e0c1cc5e5391e8fcc7ee7b1fbe604/element/f.50BABCFD8003DB92F28A6394CEE4B89A.d.C57B9C0500F8722B63395DFADB01057D.e.7710/click - {}
RESULT: {}
RESULT: {}
COMMAND: GET /session/416e0c1cc5e5391e8fcc7ee7b1fbe604/screenshot - {}
RESULT: undefined
COMMAND: POST /session/416e0c1cc5e5391e8fcc7ee7b1fbe604/element - {"using":"xpath","value":"//*[@id=\"application-managepartners-display-component---masterPtm--smartFilterBar-filterItemControl_BASIC-YARD-vhi\"]"}
RESULT: {}
RESULT: {"using":"xpath","value":"//*[@id=\"application-managepartners-display-component---masterPtm--smartFilterBar-filterItemControl_BASIC-YARD-vhi\"]"}
COMMAND: POST /session/416e0c1cc5e5391e8fcc7ee7b1fbe604/element/f.50BABCFD8003DB92F28A6394CEE4B89A.d.C57B9C0500F8722B63395DFADB01057D.e.7814/click - {}
RESULT: {}
COMMAND: GET /session/416e0c1cc5e5391e8fcc7ee7b1fbe604/screenshot - {}
RESULT: {}
RESULT: undefined
COMMAND: POST /session/416e0c1cc5e5391e8fcc7ee7b1fbe604/execute/async - {"script":"<script> [776 bytes]","args":[{"enterText":"Test","selector":{"id":"application-managepartners-display-component---masterPtm--smartFilterBar-filterItemControl_BASIC-YARD-valueHelpDialog-smartFilterBar-btnBasicSearch","searchOpenDialogs":true,"interaction":{"idSuffix":"I"}},"clearTextFirst":true,"interactionType":"ENTER_TEXT"}]}
RESULT: {"script":"<script> [776 bytes]","args":[{"enterText":"Test","selector":{"id":"application-managepartners-display-component---masterPtm--smartFilterBar-filterItemControl_BASIC-YARD-valueHelpDialog-smartFilterBar-btnBasicSearch","searchOpenDialogs":true,"interaction":{"idSuffix":"I"}},"clearTextFirst":true,"interactionType":"ENTER_TEXT"}]}
COMMAND: POST /session/416e0c1cc5e5391e8fcc7ee7b1fbe604/actions - {"actions":[{"id":"action22","type":"key","parameters":{},"actions":[{"type":"keyDown","value":"î€‡"},{"type":"pause","duration":10},{"type":"keyUp","value":"î€‡"}]}]}
RESULT: {"actions":[{"id":"action22","type":"key","parameters":{},"actions":[{"type":"keyDown","value":"î€‡"},{"type":"pause","duration":10},{"type":"keyUp","value":"î€‡"}]}]}
COMMAND: POST /session/416e0c1cc5e5391e8fcc7ee7b1fbe604/elements - {"using":"xpath","value":"//table[contains(@id, \"smartFilterBar-filterItemControl_BASIC-YARD-valueHelpDialog-table-table\")]/tbody/tr"}
COMMAND: GET /session/416e0c1cc5e5391e8fcc7ee7b1fbe604/screenshot - {}
RESULT: {"using":"xpath","value":"//table[contains(@id, \"smartFilterBar-filterItemControl_BASIC-YARD-valueHelpDialog-table-table\")]/tbody/tr"}
COMMAND: POST /session/416e0c1cc5e5391e8fcc7ee7b1fbe604/element - {"using":"xpath","value":"//table[contains(@id, \"smartFilterBar-filterItemControl_BASIC-YARD-valueHelpDialog-table-table\")]/tbody/tr[1]/td[1]/div/span"}
RESULT: {}
RESULT: {"using":"xpath","value":"//table[contains(@id, \"smartFilterBar-filterItemControl_BASIC-YARD-valueHelpDialog-table-table\")]/tbody/tr[1]/td[1]/div/span"}
COMMAND: POST /session/416e0c1cc5e5391e8fcc7ee7b1fbe604/elements - {"using":"xpath","value":"//table[contains(@id, \"smartFilterBar-filterItemControl_BASIC-YARD-valueHelpDialog-table-table\")]/tbody/tr[1]/td[1]/div/span"}
RESULT: {"using":"xpath","value":"//table[contains(@id, \"smartFilterBar-filterItemControl_BASIC-YARD-valueHelpDialog-table-table\")]/tbody/tr[1]/td[1]/div/span"}
COMMAND: POST /session/416e0c1cc5e5391e8fcc7ee7b1fbe604/execute/sync - {"script":"<script> [56 bytes]","args":[{"element-6066-11e4-a52e-4f735466cecf":"f.50BABCFD8003DB92F28A6394CEE4B89A.d.C57B9C0500F8722B63395DFADB01057D.e.7833","ELEMENT":"f.50BABCFD8003DB92F28A6394CEE4B89A.d.C57B9C0500F8722B63395DFADB01057D.e.7833"}]}
RESULT: {"script":"<script> [56 bytes]","args":[{"element-6066-11e4-a52e-4f735466cecf":"f.50BABCFD8003DB92F28A6394CEE4B89A.d.C57B9C0500F8722B63395DFADB01057D.e.7833","ELEMENT":"f.50BABCFD8003DB92F28A6394CEE4B89A.d.C57B9C0500F8722B63395DFADB01057D.e.7833"}]}
COMMAND: POST /session/416e0c1cc5e5391e8fcc7ee7b1fbe604/element - {"using":"xpath","value":"//table[contains(@id, \"smartFilterBar-filterItemControl_BASIC-YARD-valueHelpDialog-table-table\")]/tbody/tr[2]/td[1]/div/span"}
COMMAND: GET /session/416e0c1cc5e5391e8fcc7ee7b1fbe604/screenshot - {}
RESULT: {"using":"xpath","value":"//table[contains(@id, \"smartFilterBar-filterItemControl_BASIC-YARD-valueHelpDialog-table-table\")]/tbody/tr[2]/td[1]/div/span"}
COMMAND: POST /session/416e0c1cc5e5391e8fcc7ee7b1fbe604/elements - {"using":"xpath","value":"//table[contains(@id, \"smartFilterBar-filterItemControl_BASIC-YARD-valueHelpDialog-table-table\")]/tbody/tr[2]/td[1]/div/span"}
RESULT: {}
RESULT: {"using":"xpath","value":"//table[contains(@id, \"smartFilterBar-filterItemControl_BASIC-YARD-valueHelpDialog-table-table\")]/tbody/tr[2]/td[1]/div/span"}
COMMAND: POST /session/416e0c1cc5e5391e8fcc7ee7b1fbe604/execute/sync - {"script":"<script> [56 bytes]","args":[{"element-6066-11e4-a52e-4f735466cecf":"f.50BABCFD8003DB92F28A6394CEE4B89A.d.C57B9C0500F8722B63395DFADB01057D.e.7834","ELEMENT":"f.50BABCFD8003DB92F28A6394CEE4B89A.d.C57B9C0500F8722B63395DFADB01057D.e.7834"}]}
RESULT: {"script":"<script> [56 bytes]","args":[{"element-6066-11e4-a52e-4f735466cecf":"f.50BABCFD8003DB92F28A6394CEE4B89A.d.C57B9C0500F8722B63395DFADB01057D.e.7834","ELEMENT":"f.50BABCFD8003DB92F28A6394CEE4B89A.d.C57B9C0500F8722B63395DFADB01057D.e.7834"}]}
COMMAND: POST /session/416e0c1cc5e5391e8fcc7ee7b1fbe604/element - {"using":"xpath","value":"//table[contains(@id, \"smartFilterBar-filterItemControl_BASIC-YARD-valueHelpDialog-table-table\")]/tbody/tr[3]/td[1]/div/span"}
COMMAND: GET /session/416e0c1cc5e5391e8fcc7ee7b1fbe604/screenshot - {}
RESULT: {"using":"xpath","value":"//table[contains(@id, \"smartFilterBar-filterItemControl_BASIC-YARD-valueHelpDialog-table-table\")]/tbody/tr[3]/td[1]/div/span"}
COMMAND: POST /session/416e0c1cc5e5391e8fcc7ee7b1fbe604/elements - {"using":"xpath","value":"//table[contains(@id, \"smartFilterBar-filterItemControl_BASIC-YARD-valueHelpDialog-table-table\")]/tbody/tr[3]/td[1]/div/span"}
RESULT: {}
RESULT: {"using":"xpath","value":"//table[contains(@id, \"smartFilterBar-filterItemControl_BASIC-YARD-valueHelpDialog-table-table\")]/tbody/tr[3]/td[1]/div/span"}
COMMAND: POST /session/416e0c1cc5e5391e8fcc7ee7b1fbe604/execute/sync - {"script":"<script> [56 bytes]","args":[{"element-6066-11e4-a52e-4f735466cecf":"f.50BABCFD8003DB92F28A6394CEE4B89A.d.C57B9C0500F8722B63395DFADB01057D.e.7835","ELEMENT":"f.50BABCFD8003DB92F28A6394CEE4B89A.d.C57B9C0500F8722B63395DFADB01057D.e.7835"}]}
RESULT: {"script":"<script> [56 bytes]","args":[{"element-6066-11e4-a52e-4f735466cecf":"f.50BABCFD8003DB92F28A6394CEE4B89A.d.C57B9C0500F8722B63395DFADB01057D.e.7835","ELEMENT":"f.50BABCFD8003DB92F28A6394CEE4B89A.d.C57B9C0500F8722B63395DFADB01057D.e.7835"}]}
COMMAND: POST /session/416e0c1cc5e5391e8fcc7ee7b1fbe604/element - {"using":"xpath","value":"//div[contains(@id, \"filterItemControl_BASIC-YARD-valueHelpDialog-table-rowsel2\")]"}
COMMAND: GET /session/416e0c1cc5e5391e8fcc7ee7b1fbe604/screenshot - {}
RESULT: {"using":"xpath","value":"//div[contains(@id, \"filterItemControl_BASIC-YARD-valueHelpDialog-table-rowsel2\")]"}
COMMAND: POST /session/416e0c1cc5e5391e8fcc7ee7b1fbe604/element/f.50BABCFD8003DB92F28A6394CEE4B89A.d.C57B9C0500F8722B63395DFADB01057D.e.7836/click - {}
RESULT: {}
RESULT: {}
COMMAND: GET /session/416e0c1cc5e5391e8fcc7ee7b1fbe604/screenshot - {}
RESULT: {}
COMMAND: POST /session/416e0c1cc5e5391e8fcc7ee7b1fbe604/element - {"using":"xpath","value":"(//bdi[contains(text(), \"OK\")])[1]"}
RESULT: {"using":"xpath","value":"(//bdi[contains(text(), \"OK\")])[1]"}
COMMAND: POST /session/416e0c1cc5e5391e8fcc7ee7b1fbe604/element/f.50BABCFD8003DB92F28A6394CEE4B89A.d.C57B9C0500F8722B63395DFADB01057D.e.7838/click - {}
RESULT: {}
COMMAND: GET /session/416e0c1cc5e5391e8fcc7ee7b1fbe604/screenshot - {}
RESULT: {}
COMMAND: POST /session/416e0c1cc5e5391e8fcc7ee7b1fbe604/element - {"using":"xpath","value":"//span[@id=\"application-managepartners-display-component---masterPtm--smartTable-header-inner\"]"}
RESULT: {"using":"xpath","value":"//span[@id=\"application-managepartners-display-component---masterPtm--smartTable-header-inner\"]"}
COMMAND: POST /session/416e0c1cc5e5391e8fcc7ee7b1fbe604/elements - {"using":"xpath","value":"//span[@id=\"application-managepartners-display-component---masterPtm--smartTable-header-inner\"]"}
RESULT: {"using":"xpath","value":"//span[@id=\"application-managepartners-display-component---masterPtm--smartTable-header-inner\"]"}
COMMAND: POST /session/416e0c1cc5e5391e8fcc7ee7b1fbe604/execute/sync - {"script":"<script> [56 bytes]","args":[{"element-6066-11e4-a52e-4f735466cecf":"f.50BABCFD8003DB92F28A6394CEE4B89A.d.C57B9C0500F8722B63395DFADB01057D.e.7545","ELEMENT":"f.50BABCFD8003DB92F28A6394CEE4B89A.d.C57B9C0500F8722B63395DFADB01057D.e.7545"}]}
RESULT: {"script":"<script> [56 bytes]","args":[{"element-6066-11e4-a52e-4f735466cecf":"f.50BABCFD8003DB92F28A6394CEE4B89A.d.C57B9C0500F8722B63395DFADB01057D.e.7545","ELEMENT":"f.50BABCFD8003DB92F28A6394CEE4B89A.d.C57B9C0500F8722B63395DFADB01057D.e.7545"}]}
COMMAND: POST /session/416e0c1cc5e5391e8fcc7ee7b1fbe604/element - {"using":"xpath","value":"//span[contains(@title, \"Remove\")]"}
COMMAND: GET /session/416e0c1cc5e5391e8fcc7ee7b1fbe604/screenshot - {}
RESULT: {"using":"xpath","value":"//span[contains(@title, \"Remove\")]"}
COMMAND: POST /session/416e0c1cc5e5391e8fcc7ee7b1fbe604/element/f.50BABCFD8003DB92F28A6394CEE4B89A.d.C57B9C0500F8722B63395DFADB01057D.e.7852/click - {}
RESULT: {}
RESULT: {}
COMMAND: GET /session/416e0c1cc5e5391e8fcc7ee7b1fbe604/screenshot - {}
RESULT: {}
RESULT: undefined
COMMAND: POST /session/416e0c1cc5e5391e8fcc7ee7b1fbe604/element - {"using":"xpath","value":"//*[@id=\"application-managepartners-display-component---masterPtm--smartFilterBar-filterItemControl_BASIC-MAIN_ADDRESS-vhi\"]"}
RESULT: {"using":"xpath","value":"//*[@id=\"application-managepartners-display-component---masterPtm--smartFilterBar-filterItemControl_BASIC-MAIN_ADDRESS-vhi\"]"}
COMMAND: POST /session/416e0c1cc5e5391e8fcc7ee7b1fbe604/element/f.50BABCFD8003DB92F28A6394CEE4B89A.d.C57B9C0500F8722B63395DFADB01057D.e.7956/click - {}
RESULT: {}
COMMAND: GET /session/416e0c1cc5e5391e8fcc7ee7b1fbe604/screenshot - {}
RESULT: {}
RESULT: undefined
COMMAND: POST /session/416e0c1cc5e5391e8fcc7ee7b1fbe604/execute/async - {"script":"<script> [776 bytes]","args":[{"enterText":"Romania","selector":{"id":"application-managepartners-display-component---masterPtm--smartFilterBar-filterItemControl_BASIC-MAIN_ADDRESS-valueHelpDialog-smartFilterBar-btnBasicSearch","searchOpenDialogs":true,"interaction":{"idSuffix":"I"}},"clearTextFirst":true,"interactionType":"ENTER_TEXT"}]}
RESULT: {"script":"<script> [776 bytes]","args":[{"enterText":"Romania","selector":{"id":"application-managepartners-display-component---masterPtm--smartFilterBar-filterItemControl_BASIC-MAIN_ADDRESS-valueHelpDialog-smartFilterBar-btnBasicSearch","searchOpenDialogs":true,"interaction":{"idSuffix":"I"}},"clearTextFirst":true,"interactionType":"ENTER_TEXT"}]}
COMMAND: POST /session/416e0c1cc5e5391e8fcc7ee7b1fbe604/actions - {"actions":[{"id":"action23","type":"key","parameters":{},"actions":[{"type":"keyDown","value":"î€‡"},{"type":"pause","duration":10},{"type":"keyUp","value":"î€‡"}]}]}
RESULT: {"actions":[{"id":"action23","type":"key","parameters":{},"actions":[{"type":"keyDown","value":"î€‡"},{"type":"pause","duration":10},{"type":"keyUp","value":"î€‡"}]}]}
COMMAND: POST /session/416e0c1cc5e5391e8fcc7ee7b1fbe604/elements - {"using":"xpath","value":"//table[contains(@id, \"smartFilterBar-filterItemControl_BASIC-MAIN_ADDRESS-valueHelpDialog-table-table\")]/tbody/tr"}
COMMAND: GET /session/416e0c1cc5e5391e8fcc7ee7b1fbe604/screenshot - {}
RESULT: {"using":"xpath","value":"//table[contains(@id, \"smartFilterBar-filterItemControl_BASIC-MAIN_ADDRESS-valueHelpDialog-table-table\")]/tbody/tr"}
COMMAND: POST /session/416e0c1cc5e5391e8fcc7ee7b1fbe604/element - {"using":"xpath","value":"//table[contains(@id, \"smartFilterBar-filterItemControl_BASIC-MAIN_ADDRESS-valueHelpDialog-table-table\")]/tbody/tr[1]/td[1]/div/span"}
RESULT: {}
RESULT: {"using":"xpath","value":"//table[contains(@id, \"smartFilterBar-filterItemControl_BASIC-MAIN_ADDRESS-valueHelpDialog-table-table\")]/tbody/tr[1]/td[1]/div/span"}
COMMAND: POST /session/416e0c1cc5e5391e8fcc7ee7b1fbe604/elements - {"using":"xpath","value":"//table[contains(@id, \"smartFilterBar-filterItemControl_BASIC-MAIN_ADDRESS-valueHelpDialog-table-table\")]/tbody/tr[1]/td[1]/div/span"}
RESULT: {"using":"xpath","value":"//table[contains(@id, \"smartFilterBar-filterItemControl_BASIC-MAIN_ADDRESS-valueHelpDialog-table-table\")]/tbody/tr[1]/td[1]/div/span"}
COMMAND: POST /session/416e0c1cc5e5391e8fcc7ee7b1fbe604/execute/sync - {"script":"<script> [56 bytes]","args":[{"element-6066-11e4-a52e-4f735466cecf":"f.50BABCFD8003DB92F28A6394CEE4B89A.d.C57B9C0500F8722B63395DFADB01057D.e.7975","ELEMENT":"f.50BABCFD8003DB92F28A6394CEE4B89A.d.C57B9C0500F8722B63395DFADB01057D.e.7975"}]}
RESULT: {"script":"<script> [56 bytes]","args":[{"element-6066-11e4-a52e-4f735466cecf":"f.50BABCFD8003DB92F28A6394CEE4B89A.d.C57B9C0500F8722B63395DFADB01057D.e.7975","ELEMENT":"f.50BABCFD8003DB92F28A6394CEE4B89A.d.C57B9C0500F8722B63395DFADB01057D.e.7975"}]}
COMMAND: POST /session/416e0c1cc5e5391e8fcc7ee7b1fbe604/element - {"using":"xpath","value":"//div[contains(@id, \"filterItemControl_BASIC-MAIN_ADDRESS-valueHelpDialog-table-rowsel0\")]"}
COMMAND: GET /session/416e0c1cc5e5391e8fcc7ee7b1fbe604/screenshot - {}
RESULT: {"using":"xpath","value":"//div[contains(@id, \"filterItemControl_BASIC-MAIN_ADDRESS-valueHelpDialog-table-rowsel0\")]"}
COMMAND: POST /session/416e0c1cc5e5391e8fcc7ee7b1fbe604/element/f.50BABCFD8003DB92F28A6394CEE4B89A.d.C57B9C0500F8722B63395DFADB01057D.e.7976/click - {}
RESULT: {}
RESULT: {}
COMMAND: GET /session/416e0c1cc5e5391e8fcc7ee7b1fbe604/screenshot - {}
RESULT: {}
COMMAND: POST /session/416e0c1cc5e5391e8fcc7ee7b1fbe604/element - {"using":"xpath","value":"(//bdi[contains(text(), \"OK\")])[1]"}
RESULT: {"using":"xpath","value":"(//bdi[contains(text(), \"OK\")])[1]"}
COMMAND: POST /session/416e0c1cc5e5391e8fcc7ee7b1fbe604/element/f.50BABCFD8003DB92F28A6394CEE4B89A.d.C57B9C0500F8722B63395DFADB01057D.e.7979/click - {}
RESULT: {}
COMMAND: GET /session/416e0c1cc5e5391e8fcc7ee7b1fbe604/screenshot - {}
RESULT: {}
COMMAND: POST /session/416e0c1cc5e5391e8fcc7ee7b1fbe604/element - {"using":"xpath","value":"//span[@id=\"application-managepartners-display-component---masterPtm--smartTable-header-inner\"]"}
RESULT: {"using":"xpath","value":"//span[@id=\"application-managepartners-display-component---masterPtm--smartTable-header-inner\"]"}
COMMAND: POST /session/416e0c1cc5e5391e8fcc7ee7b1fbe604/elements - {"using":"xpath","value":"//span[@id=\"application-managepartners-display-component---masterPtm--smartTable-header-inner\"]"}
RESULT: {"using":"xpath","value":"//span[@id=\"application-managepartners-display-component---masterPtm--smartTable-header-inner\"]"}
COMMAND: POST /session/416e0c1cc5e5391e8fcc7ee7b1fbe604/execute/sync - {"script":"<script> [56 bytes]","args":[{"element-6066-11e4-a52e-4f735466cecf":"f.50BABCFD8003DB92F28A6394CEE4B89A.d.C57B9C0500F8722B63395DFADB01057D.e.7545","ELEMENT":"f.50BABCFD8003DB92F28A6394CEE4B89A.d.C57B9C0500F8722B63395DFADB01057D.e.7545"}]}
RESULT: {"script":"<script> [56 bytes]","args":[{"element-6066-11e4-a52e-4f735466cecf":"f.50BABCFD8003DB92F28A6394CEE4B89A.d.C57B9C0500F8722B63395DFADB01057D.e.7545","ELEMENT":"f.50BABCFD8003DB92F28A6394CEE4B89A.d.C57B9C0500F8722B63395DFADB01057D.e.7545"}]}
COMMAND: POST /session/416e0c1cc5e5391e8fcc7ee7b1fbe604/element - {"using":"xpath","value":"//span[contains(@title, \"Remove\")]"}
COMMAND: GET /session/416e0c1cc5e5391e8fcc7ee7b1fbe604/screenshot - {}
RESULT: {"using":"xpath","value":"//span[contains(@title, \"Remove\")]"}
COMMAND: POST /session/416e0c1cc5e5391e8fcc7ee7b1fbe604/element/f.50BABCFD8003DB92F28A6394CEE4B89A.d.C57B9C0500F8722B63395DFADB01057D.e.7993/click - {}
RESULT: {}
RESULT: {}
COMMAND: GET /session/416e0c1cc5e5391e8fcc7ee7b1fbe604/screenshot - {}
RESULT: {}
COMMAND: POST /session/416e0c1cc5e5391e8fcc7ee7b1fbe604/execute/async - {"script":"<script> [1562 bytes]","args":[{"selector":{"id":"application-managepartners-display-component---masterPtm--catalogs-arrow"},"wdio_ui5_key":"applicationmanagepartners-display-component---masterPtm--catalogs-arrow"}]}
RESULT: {"script":"<script> [1562 bytes]","args":[{"selector":{"id":"application-managepartners-display-component---masterPtm--catalogs-arrow"},"wdio_ui5_key":"applicationmanagepartners-display-component---masterPtm--catalogs-arrow"}]}
RESULT: undefined
COMMAND: POST /session/416e0c1cc5e5391e8fcc7ee7b1fbe604/element - {"using":"xpath","value":"//*[@id=\"application-managepartners-display-component---masterPtm--catalogs-arrow\"]"}
RESULT: {"using":"xpath","value":"//*[@id=\"application-managepartners-display-component---masterPtm--catalogs-arrow\"]"}
COMMAND: POST /session/416e0c1cc5e5391e8fcc7ee7b1fbe604/element/f.50BABCFD8003DB92F28A6394CEE4B89A.d.C57B9C0500F8722B63395DFADB01057D.e.8097/click - {}
RESULT: {}
COMMAND: GET /session/416e0c1cc5e5391e8fcc7ee7b1fbe604/screenshot - {}
RESULT: {}
COMMAND: POST /session/416e0c1cc5e5391e8fcc7ee7b1fbe604/element - {"using":"xpath","value":"//li[.//span[text()=\"Webshop Catalog\"]]//div[contains(@class,\"sapMCbBg\")]"}
RESULT: {"using":"xpath","value":"//li[.//span[text()=\"Webshop Catalog\"]]//div[contains(@class,\"sapMCbBg\")]"}
COMMAND: POST /session/416e0c1cc5e5391e8fcc7ee7b1fbe604/element/f.50BABCFD8003DB92F28A6394CEE4B89A.d.C57B9C0500F8722B63395DFADB01057D.e.8111/click - {}
RESULT: {}
COMMAND: GET /session/416e0c1cc5e5391e8fcc7ee7b1fbe604/screenshot - {}
RESULT: {}
RESULT: undefined
COMMAND: POST /session/416e0c1cc5e5391e8fcc7ee7b1fbe604/element - {"using":"xpath","value":"//*[@id=\"application-managepartners-display-component---masterPtm--catalogs-arrow\"]"}
RESULT: {"using":"xpath","value":"//*[@id=\"application-managepartners-display-component---masterPtm--catalogs-arrow\"]"}
COMMAND: POST /session/416e0c1cc5e5391e8fcc7ee7b1fbe604/element/f.50BABCFD8003DB92F28A6394CEE4B89A.d.C57B9C0500F8722B63395DFADB01057D.e.8097/click - {}
RESULT: {}
COMMAND: POST /session/416e0c1cc5e5391e8fcc7ee7b1fbe604/element - {"using":"xpath","value":"//span[@id=\"application-managepartners-display-component---masterPtm--smartTable-header-inner\"]"}
COMMAND: GET /session/416e0c1cc5e5391e8fcc7ee7b1fbe604/screenshot - {}
RESULT: {"using":"xpath","value":"//span[@id=\"application-managepartners-display-component---masterPtm--smartTable-header-inner\"]"}
COMMAND: POST /session/416e0c1cc5e5391e8fcc7ee7b1fbe604/elements - {"using":"xpath","value":"//span[@id=\"application-managepartners-display-component---masterPtm--smartTable-header-inner\"]"}
RESULT: {}
RESULT: {"using":"xpath","value":"//span[@id=\"application-managepartners-display-component---masterPtm--smartTable-header-inner\"]"}
COMMAND: POST /session/416e0c1cc5e5391e8fcc7ee7b1fbe604/execute/sync - {"script":"<script> [56 bytes]","args":[{"element-6066-11e4-a52e-4f735466cecf":"f.50BABCFD8003DB92F28A6394CEE4B89A.d.C57B9C0500F8722B63395DFADB01057D.e.7545","ELEMENT":"f.50BABCFD8003DB92F28A6394CEE4B89A.d.C57B9C0500F8722B63395DFADB01057D.e.7545"}]}
RESULT: {"script":"<script> [56 bytes]","args":[{"element-6066-11e4-a52e-4f735466cecf":"f.50BABCFD8003DB92F28A6394CEE4B89A.d.C57B9C0500F8722B63395DFADB01057D.e.7545","ELEMENT":"f.50BABCFD8003DB92F28A6394CEE4B89A.d.C57B9C0500F8722B63395DFADB01057D.e.7545"}]}
COMMAND: GET /session/416e0c1cc5e5391e8fcc7ee7b1fbe604/screenshot - {}
COMMAND: GET /session/416e0c1cc5e5391e8fcc7ee7b1fbe604/screenshot - {}
RESULT: {}
]]></system-out>
      <system-err><![CDATA[
TypeError: Cannot read properties of null (reading '0')
    at Context.<anonymous> (D:\a\1\s\test\specs\BTS\manage-partners.spec.js:976:97)
]]></system-err>
    </testcase>
    <testcase classname="chrome.135_0_7049_96.windows.Partner_specific_tests_US150819_US151080_US151654_US151176_US103444_US151078_US151079_US151109_US151174_US151175_US151189" name="Should do various searches US151175" time="181.891">
      <skipped />
      <system-out><![CDATA[
COMMAND: POST /session/416e0c1cc5e5391e8fcc7ee7b1fbe604/element - {"using":"xpath","value":"//li[.//span[text()=\"Manage Partners\"]]"}
RESULT: {}
RESULT: {"using":"xpath","value":"//li[.//span[text()=\"Manage Partners\"]]"}
COMMAND: POST /session/416e0c1cc5e5391e8fcc7ee7b1fbe604/element - {"using":"xpath","value":"//li[.//span[text()=\"Manage Partners\"]]"}
RESULT: {"using":"xpath","value":"//li[.//span[text()=\"Manage Partners\"]]"}
COMMAND: POST /session/416e0c1cc5e5391e8fcc7ee7b1fbe604/element - {"using":"css selector","value":"#shell-header-logo"}
RESULT: {"using":"css selector","value":"#shell-header-logo"}
COMMAND: POST /session/416e0c1cc5e5391e8fcc7ee7b1fbe604/element/f.50BABCFD8003DB92F28A6394CEE4B89A.d.C57B9C0500F8722B63395DFADB01057D.e.7375/click - {}
COMMAND: POST /session/416e0c1cc5e5391e8fcc7ee7b1fbe604/execute/sync - {"script":"<script> [8489 bytes]","args":[{"element-6066-11e4-a52e-4f735466cecf":"f.50BABCFD8003DB92F28A6394CEE4B89A.d.C57B9C0500F8722B63395DFADB01057D.e.7375","ELEMENT":"f.50BABCFD8003DB92F28A6394CEE4B89A.d.C57B9C0500F8722B63395DFADB01057D.e.7375"}]}
RESULT: {}
COMMAND: GET /session/416e0c1cc5e5391e8fcc7ee7b1fbe604/screenshot - {}
COMMAND: POST /session/416e0c1cc5e5391e8fcc7ee7b1fbe604/element - {"using":"css selector","value":"#shell-header-logo"}
RESULT: {}
RESULT: {"using":"css selector","value":"#shell-header-logo"}
COMMAND: POST /session/416e0c1cc5e5391e8fcc7ee7b1fbe604/execute/sync - {"script":"<script> [8489 bytes]","args":[{"element-6066-11e4-a52e-4f735466cecf":"f.50BABCFD8003DB92F28A6394CEE4B89A.d.C57B9C0500F8722B63395DFADB01057D.e.8128","ELEMENT":"f.50BABCFD8003DB92F28A6394CEE4B89A.d.C57B9C0500F8722B63395DFADB01057D.e.8128"}]}
RESULT: {"script":"<script> [8489 bytes]","args":[{"element-6066-11e4-a52e-4f735466cecf":"f.50BABCFD8003DB92F28A6394CEE4B89A.d.C57B9C0500F8722B63395DFADB01057D.e.8128","ELEMENT":"f.50BABCFD8003DB92F28A6394CEE4B89A.d.C57B9C0500F8722B63395DFADB01057D.e.8128"}]}
COMMAND: POST /session/416e0c1cc5e5391e8fcc7ee7b1fbe604/execute/sync - {"script":"<script> [5351 bytes]","args":[{"element-6066-11e4-a52e-4f735466cecf":"f.50BABCFD8003DB92F28A6394CEE4B89A.d.C57B9C0500F8722B63395DFADB01057D.e.8128","ELEMENT":"f.50BABCFD8003DB92F28A6394CEE4B89A.d.C57B9C0500F8722B63395DFADB01057D.e.8128"}]}
COMMAND: GET /session/416e0c1cc5e5391e8fcc7ee7b1fbe604/screenshot - {}
RESULT: {"script":"<script> [5351 bytes]","args":[{"element-6066-11e4-a52e-4f735466cecf":"f.50BABCFD8003DB92F28A6394CEE4B89A.d.C57B9C0500F8722B63395DFADB01057D.e.8128","ELEMENT":"f.50BABCFD8003DB92F28A6394CEE4B89A.d.C57B9C0500F8722B63395DFADB01057D.e.8128"}]}
COMMAND: GET /session/416e0c1cc5e5391e8fcc7ee7b1fbe604/screenshot - {}
RESULT: {}
RESULT: {}
RESULT: undefined
COMMAND: POST /session/416e0c1cc5e5391e8fcc7ee7b1fbe604/element - {"using":"xpath","value":"//*[@id=\"__tile30\"]"}
RESULT: {"using":"xpath","value":"//*[@id=\"__tile30\"]"}
COMMAND: POST /session/416e0c1cc5e5391e8fcc7ee7b1fbe604/element/f.50BABCFD8003DB92F28A6394CEE4B89A.d.C57B9C0500F8722B63395DFADB01057D.e.4477/click - {}
RESULT: {}
COMMAND: POST /session/416e0c1cc5e5391e8fcc7ee7b1fbe604/element - {"using":"xpath","value":"//button[@data-kt=\"addButton\"]"}
COMMAND: GET /session/416e0c1cc5e5391e8fcc7ee7b1fbe604/screenshot - {}
RESULT: {"using":"xpath","value":"//button[@data-kt=\"addButton\"]"}
COMMAND: POST /session/416e0c1cc5e5391e8fcc7ee7b1fbe604/elements - {"using":"xpath","value":"//button[@data-kt=\"addButton\"]"}
RESULT: {}
RESULT: {"using":"xpath","value":"//button[@data-kt=\"addButton\"]"}
COMMAND: POST /session/416e0c1cc5e5391e8fcc7ee7b1fbe604/execute/sync - {"script":"<script> [8489 bytes]","args":[{"element-6066-11e4-a52e-4f735466cecf":"f.50BABCFD8003DB92F28A6394CEE4B89A.d.C57B9C0500F8722B63395DFADB01057D.e.8162","ELEMENT":"f.50BABCFD8003DB92F28A6394CEE4B89A.d.C57B9C0500F8722B63395DFADB01057D.e.8162"}]}
RESULT: {"script":"<script> [8489 bytes]","args":[{"element-6066-11e4-a52e-4f735466cecf":"f.50BABCFD8003DB92F28A6394CEE4B89A.d.C57B9C0500F8722B63395DFADB01057D.e.8162","ELEMENT":"f.50BABCFD8003DB92F28A6394CEE4B89A.d.C57B9C0500F8722B63395DFADB01057D.e.8162"}]}
COMMAND: GET /session/416e0c1cc5e5391e8fcc7ee7b1fbe604/element/f.50BABCFD8003DB92F28A6394CEE4B89A.d.C57B9C0500F8722B63395DFADB01057D.e.8162/enabled - {}
COMMAND: GET /session/416e0c1cc5e5391e8fcc7ee7b1fbe604/screenshot - {}
RESULT: {}
COMMAND: POST /session/416e0c1cc5e5391e8fcc7ee7b1fbe604/execute/sync - {"script":"<script> [8489 bytes]","args":[{"element-6066-11e4-a52e-4f735466cecf":"f.50BABCFD8003DB92F28A6394CEE4B89A.d.C57B9C0500F8722B63395DFADB01057D.e.8162","ELEMENT":"f.50BABCFD8003DB92F28A6394CEE4B89A.d.C57B9C0500F8722B63395DFADB01057D.e.8162"}]}
COMMAND: GET /session/416e0c1cc5e5391e8fcc7ee7b1fbe604/screenshot - {}
RESULT: {}
RESULT: {"script":"<script> [8489 bytes]","args":[{"element-6066-11e4-a52e-4f735466cecf":"f.50BABCFD8003DB92F28A6394CEE4B89A.d.C57B9C0500F8722B63395DFADB01057D.e.8162","ELEMENT":"f.50BABCFD8003DB92F28A6394CEE4B89A.d.C57B9C0500F8722B63395DFADB01057D.e.8162"}]}
COMMAND: POST /session/416e0c1cc5e5391e8fcc7ee7b1fbe604/execute/sync - {"script":"<script> [5351 bytes]","args":[{"element-6066-11e4-a52e-4f735466cecf":"f.50BABCFD8003DB92F28A6394CEE4B89A.d.C57B9C0500F8722B63395DFADB01057D.e.8162","ELEMENT":"f.50BABCFD8003DB92F28A6394CEE4B89A.d.C57B9C0500F8722B63395DFADB01057D.e.8162"}]}
COMMAND: GET /session/416e0c1cc5e5391e8fcc7ee7b1fbe604/screenshot - {}
RESULT: {}
RESULT: {"script":"<script> [5351 bytes]","args":[{"element-6066-11e4-a52e-4f735466cecf":"f.50BABCFD8003DB92F28A6394CEE4B89A.d.C57B9C0500F8722B63395DFADB01057D.e.8162","ELEMENT":"f.50BABCFD8003DB92F28A6394CEE4B89A.d.C57B9C0500F8722B63395DFADB01057D.e.8162"}]}
COMMAND: GET /session/416e0c1cc5e5391e8fcc7ee7b1fbe604/screenshot - {}
RESULT: {}
RESULT: {}
COMMAND: POST /session/416e0c1cc5e5391e8fcc7ee7b1fbe604/element - {"using":"xpath","value":"//span[@id=\"application-managepartners-display-component---masterPtm--smartTable-header-inner\"]"}
RESULT: {"using":"xpath","value":"//span[@id=\"application-managepartners-display-component---masterPtm--smartTable-header-inner\"]"}
COMMAND: POST /session/416e0c1cc5e5391e8fcc7ee7b1fbe604/elements - {"using":"xpath","value":"//span[@id=\"application-managepartners-display-component---masterPtm--smartTable-header-inner\"]"}
RESULT: {"using":"xpath","value":"//span[@id=\"application-managepartners-display-component---masterPtm--smartTable-header-inner\"]"}
COMMAND: POST /session/416e0c1cc5e5391e8fcc7ee7b1fbe604/execute/sync - {"script":"<script> [56 bytes]","args":[{"element-6066-11e4-a52e-4f735466cecf":"f.50BABCFD8003DB92F28A6394CEE4B89A.d.C57B9C0500F8722B63395DFADB01057D.e.8298","ELEMENT":"f.50BABCFD8003DB92F28A6394CEE4B89A.d.C57B9C0500F8722B63395DFADB01057D.e.8298"}]}
RESULT: {"script":"<script> [56 bytes]","args":[{"element-6066-11e4-a52e-4f735466cecf":"f.50BABCFD8003DB92F28A6394CEE4B89A.d.C57B9C0500F8722B63395DFADB01057D.e.8298","ELEMENT":"f.50BABCFD8003DB92F28A6394CEE4B89A.d.C57B9C0500F8722B63395DFADB01057D.e.8298"}]}
RESULT: undefined
COMMAND: POST /session/416e0c1cc5e5391e8fcc7ee7b1fbe604/element - {"using":"xpath","value":"//*[@id=\"application-managepartners-display-component---masterPtm--smartFilterBar-btnFilters\"]"}
COMMAND: GET /session/416e0c1cc5e5391e8fcc7ee7b1fbe604/screenshot - {}
RESULT: {"using":"xpath","value":"//*[@id=\"application-managepartners-display-component---masterPtm--smartFilterBar-btnFilters\"]"}
COMMAND: POST /session/416e0c1cc5e5391e8fcc7ee7b1fbe604/element/f.50BABCFD8003DB92F28A6394CEE4B89A.d.C57B9C0500F8722B63395DFADB01057D.e.8138/click - {}
RESULT: {}
RESULT: {}
COMMAND: GET /session/416e0c1cc5e5391e8fcc7ee7b1fbe604/screenshot - {}
RESULT: {}
COMMAND: POST /session/416e0c1cc5e5391e8fcc7ee7b1fbe604/elements - {"using":"xpath","value":"//table[contains(@id, \"listView-innerSelectionPanelTable-listUl\")]/tbody/tr"}
RESULT: {"using":"xpath","value":"//table[contains(@id, \"listView-innerSelectionPanelTable-listUl\")]/tbody/tr"}
COMMAND: POST /session/416e0c1cc5e5391e8fcc7ee7b1fbe604/element - {"using":"xpath","value":"//table[contains(@id, \"listView-innerSelectionPanelTable-listUl\")]/tbody/tr[2]/td[2]/div/div"}
RESULT: {"using":"xpath","value":"//table[contains(@id, \"listView-innerSelectionPanelTable-listUl\")]/tbody/tr[2]/td[2]/div/div"}
COMMAND: POST /session/416e0c1cc5e5391e8fcc7ee7b1fbe604/element - {"using":"xpath","value":"//table[contains(@id, \"listView-innerSelectionPanelTable-listUl\")]/tbody/tr[2]/td[2]/div"}
RESULT: {"using":"xpath","value":"//table[contains(@id, \"listView-innerSelectionPanelTable-listUl\")]/tbody/tr[2]/td[2]/div"}
COMMAND: POST /session/416e0c1cc5e5391e8fcc7ee7b1fbe604/element - {"using":"xpath","value":"//table[contains(@id, \"listView-innerSelectionPanelTable-listUl\")]/tbody/tr[2]/td[3]/div/div/span/span[1]/bdi"}
RESULT: {"using":"xpath","value":"//table[contains(@id, \"listView-innerSelectionPanelTable-listUl\")]/tbody/tr[2]/td[3]/div/div/span/span[1]/bdi"}
COMMAND: POST /session/416e0c1cc5e5391e8fcc7ee7b1fbe604/execute/sync - {"script":"<script> [56 bytes]","args":[{"element-6066-11e4-a52e-4f735466cecf":"f.50BABCFD8003DB92F28A6394CEE4B89A.d.C57B9C0500F8722B63395DFADB01057D.e.8366","ELEMENT":"f.50BABCFD8003DB92F28A6394CEE4B89A.d.C57B9C0500F8722B63395DFADB01057D.e.8366"}]}
RESULT: {"script":"<script> [56 bytes]","args":[{"element-6066-11e4-a52e-4f735466cecf":"f.50BABCFD8003DB92F28A6394CEE4B89A.d.C57B9C0500F8722B63395DFADB01057D.e.8366","ELEMENT":"f.50BABCFD8003DB92F28A6394CEE4B89A.d.C57B9C0500F8722B63395DFADB01057D.e.8366"}]}
COMMAND: GET /session/416e0c1cc5e5391e8fcc7ee7b1fbe604/element/f.50BABCFD8003DB92F28A6394CEE4B89A.d.C57B9C0500F8722B63395DFADB01057D.e.8365/attribute/aria-checked - {}
COMMAND: GET /session/416e0c1cc5e5391e8fcc7ee7b1fbe604/screenshot - {}
RESULT: {}
COMMAND: POST /session/416e0c1cc5e5391e8fcc7ee7b1fbe604/element - {"using":"xpath","value":"//table[contains(@id, \"listView-innerSelectionPanelTable-listUl\")]/tbody/tr[3]/td[2]/div/div"}
RESULT: {}
RESULT: {"using":"xpath","value":"//table[contains(@id, \"listView-innerSelectionPanelTable-listUl\")]/tbody/tr[3]/td[2]/div/div"}
COMMAND: POST /session/416e0c1cc5e5391e8fcc7ee7b1fbe604/element - {"using":"xpath","value":"//table[contains(@id, \"listView-innerSelectionPanelTable-listUl\")]/tbody/tr[3]/td[2]/div"}
RESULT: {"using":"xpath","value":"//table[contains(@id, \"listView-innerSelectionPanelTable-listUl\")]/tbody/tr[3]/td[2]/div"}
COMMAND: POST /session/416e0c1cc5e5391e8fcc7ee7b1fbe604/element - {"using":"xpath","value":"//table[contains(@id, \"listView-innerSelectionPanelTable-listUl\")]/tbody/tr[3]/td[3]/div/div/span/span[1]/bdi"}
RESULT: {"using":"xpath","value":"//table[contains(@id, \"listView-innerSelectionPanelTable-listUl\")]/tbody/tr[3]/td[3]/div/div/span/span[1]/bdi"}
COMMAND: POST /session/416e0c1cc5e5391e8fcc7ee7b1fbe604/execute/sync - {"script":"<script> [56 bytes]","args":[{"element-6066-11e4-a52e-4f735466cecf":"f.50BABCFD8003DB92F28A6394CEE4B89A.d.C57B9C0500F8722B63395DFADB01057D.e.8369","ELEMENT":"f.50BABCFD8003DB92F28A6394CEE4B89A.d.C57B9C0500F8722B63395DFADB01057D.e.8369"}]}
RESULT: {"script":"<script> [56 bytes]","args":[{"element-6066-11e4-a52e-4f735466cecf":"f.50BABCFD8003DB92F28A6394CEE4B89A.d.C57B9C0500F8722B63395DFADB01057D.e.8369","ELEMENT":"f.50BABCFD8003DB92F28A6394CEE4B89A.d.C57B9C0500F8722B63395DFADB01057D.e.8369"}]}
COMMAND: GET /session/416e0c1cc5e5391e8fcc7ee7b1fbe604/element/f.50BABCFD8003DB92F28A6394CEE4B89A.d.C57B9C0500F8722B63395DFADB01057D.e.8368/attribute/aria-checked - {}
COMMAND: GET /session/416e0c1cc5e5391e8fcc7ee7b1fbe604/screenshot - {}
RESULT: {}
COMMAND: POST /session/416e0c1cc5e5391e8fcc7ee7b1fbe604/element - {"using":"xpath","value":"//table[contains(@id, \"listView-innerSelectionPanelTable-listUl\")]/tbody/tr[4]/td[2]/div/div"}
RESULT: {}
RESULT: {"using":"xpath","value":"//table[contains(@id, \"listView-innerSelectionPanelTable-listUl\")]/tbody/tr[4]/td[2]/div/div"}
COMMAND: POST /session/416e0c1cc5e5391e8fcc7ee7b1fbe604/element - {"using":"xpath","value":"//table[contains(@id, \"listView-innerSelectionPanelTable-listUl\")]/tbody/tr[4]/td[2]/div"}
RESULT: {"using":"xpath","value":"//table[contains(@id, \"listView-innerSelectionPanelTable-listUl\")]/tbody/tr[4]/td[2]/div"}
COMMAND: POST /session/416e0c1cc5e5391e8fcc7ee7b1fbe604/element - {"using":"xpath","value":"//table[contains(@id, \"listView-innerSelectionPanelTable-listUl\")]/tbody/tr[4]/td[3]/div/div/span/span[1]/bdi"}
RESULT: {"using":"xpath","value":"//table[contains(@id, \"listView-innerSelectionPanelTable-listUl\")]/tbody/tr[4]/td[3]/div/div/span/span[1]/bdi"}
COMMAND: POST /session/416e0c1cc5e5391e8fcc7ee7b1fbe604/execute/sync - {"script":"<script> [56 bytes]","args":[{"element-6066-11e4-a52e-4f735466cecf":"f.50BABCFD8003DB92F28A6394CEE4B89A.d.C57B9C0500F8722B63395DFADB01057D.e.8372","ELEMENT":"f.50BABCFD8003DB92F28A6394CEE4B89A.d.C57B9C0500F8722B63395DFADB01057D.e.8372"}]}
RESULT: {"script":"<script> [56 bytes]","args":[{"element-6066-11e4-a52e-4f735466cecf":"f.50BABCFD8003DB92F28A6394CEE4B89A.d.C57B9C0500F8722B63395DFADB01057D.e.8372","ELEMENT":"f.50BABCFD8003DB92F28A6394CEE4B89A.d.C57B9C0500F8722B63395DFADB01057D.e.8372"}]}
COMMAND: GET /session/416e0c1cc5e5391e8fcc7ee7b1fbe604/element/f.50BABCFD8003DB92F28A6394CEE4B89A.d.C57B9C0500F8722B63395DFADB01057D.e.8371/attribute/aria-checked - {}
COMMAND: GET /session/416e0c1cc5e5391e8fcc7ee7b1fbe604/screenshot - {}
RESULT: {}
COMMAND: POST /session/416e0c1cc5e5391e8fcc7ee7b1fbe604/element - {"using":"xpath","value":"//table[contains(@id, \"listView-innerSelectionPanelTable-listUl\")]/tbody/tr[5]/td[2]/div/div"}
RESULT: {}
RESULT: {"using":"xpath","value":"//table[contains(@id, \"listView-innerSelectionPanelTable-listUl\")]/tbody/tr[5]/td[2]/div/div"}
COMMAND: POST /session/416e0c1cc5e5391e8fcc7ee7b1fbe604/element - {"using":"xpath","value":"//table[contains(@id, \"listView-innerSelectionPanelTable-listUl\")]/tbody/tr[5]/td[2]/div"}
RESULT: {"using":"xpath","value":"//table[contains(@id, \"listView-innerSelectionPanelTable-listUl\")]/tbody/tr[5]/td[2]/div"}
COMMAND: POST /session/416e0c1cc5e5391e8fcc7ee7b1fbe604/element - {"using":"xpath","value":"//table[contains(@id, \"listView-innerSelectionPanelTable-listUl\")]/tbody/tr[5]/td[3]/div/div/span/span[1]/bdi"}
RESULT: {"using":"xpath","value":"//table[contains(@id, \"listView-innerSelectionPanelTable-listUl\")]/tbody/tr[5]/td[3]/div/div/span/span[1]/bdi"}
COMMAND: POST /session/416e0c1cc5e5391e8fcc7ee7b1fbe604/execute/sync - {"script":"<script> [56 bytes]","args":[{"element-6066-11e4-a52e-4f735466cecf":"f.50BABCFD8003DB92F28A6394CEE4B89A.d.C57B9C0500F8722B63395DFADB01057D.e.8375","ELEMENT":"f.50BABCFD8003DB92F28A6394CEE4B89A.d.C57B9C0500F8722B63395DFADB01057D.e.8375"}]}
RESULT: {"script":"<script> [56 bytes]","args":[{"element-6066-11e4-a52e-4f735466cecf":"f.50BABCFD8003DB92F28A6394CEE4B89A.d.C57B9C0500F8722B63395DFADB01057D.e.8375","ELEMENT":"f.50BABCFD8003DB92F28A6394CEE4B89A.d.C57B9C0500F8722B63395DFADB01057D.e.8375"}]}
COMMAND: GET /session/416e0c1cc5e5391e8fcc7ee7b1fbe604/element/f.50BABCFD8003DB92F28A6394CEE4B89A.d.C57B9C0500F8722B63395DFADB01057D.e.8374/attribute/aria-checked - {}
COMMAND: GET /session/416e0c1cc5e5391e8fcc7ee7b1fbe604/screenshot - {}
RESULT: {}
COMMAND: POST /session/416e0c1cc5e5391e8fcc7ee7b1fbe604/element - {"using":"xpath","value":"//table[contains(@id, \"listView-innerSelectionPanelTable-listUl\")]/tbody/tr[6]/td[2]/div/div"}
RESULT: {}
RESULT: {"using":"xpath","value":"//table[contains(@id, \"listView-innerSelectionPanelTable-listUl\")]/tbody/tr[6]/td[2]/div/div"}
COMMAND: POST /session/416e0c1cc5e5391e8fcc7ee7b1fbe604/element - {"using":"xpath","value":"//table[contains(@id, \"listView-innerSelectionPanelTable-listUl\")]/tbody/tr[6]/td[2]/div"}
RESULT: {"using":"xpath","value":"//table[contains(@id, \"listView-innerSelectionPanelTable-listUl\")]/tbody/tr[6]/td[2]/div"}
COMMAND: POST /session/416e0c1cc5e5391e8fcc7ee7b1fbe604/element - {"using":"xpath","value":"//table[contains(@id, \"listView-innerSelectionPanelTable-listUl\")]/tbody/tr[6]/td[3]/div/div/span/span[1]/bdi"}
RESULT: {"using":"xpath","value":"//table[contains(@id, \"listView-innerSelectionPanelTable-listUl\")]/tbody/tr[6]/td[3]/div/div/span/span[1]/bdi"}
COMMAND: POST /session/416e0c1cc5e5391e8fcc7ee7b1fbe604/execute/sync - {"script":"<script> [56 bytes]","args":[{"element-6066-11e4-a52e-4f735466cecf":"f.50BABCFD8003DB92F28A6394CEE4B89A.d.C57B9C0500F8722B63395DFADB01057D.e.8378","ELEMENT":"f.50BABCFD8003DB92F28A6394CEE4B89A.d.C57B9C0500F8722B63395DFADB01057D.e.8378"}]}
RESULT: {"script":"<script> [56 bytes]","args":[{"element-6066-11e4-a52e-4f735466cecf":"f.50BABCFD8003DB92F28A6394CEE4B89A.d.C57B9C0500F8722B63395DFADB01057D.e.8378","ELEMENT":"f.50BABCFD8003DB92F28A6394CEE4B89A.d.C57B9C0500F8722B63395DFADB01057D.e.8378"}]}
COMMAND: GET /session/416e0c1cc5e5391e8fcc7ee7b1fbe604/element/f.50BABCFD8003DB92F28A6394CEE4B89A.d.C57B9C0500F8722B63395DFADB01057D.e.8377/attribute/aria-checked - {}
COMMAND: GET /session/416e0c1cc5e5391e8fcc7ee7b1fbe604/screenshot - {}
RESULT: {}
COMMAND: POST /session/416e0c1cc5e5391e8fcc7ee7b1fbe604/element - {"using":"xpath","value":"//table[contains(@id, \"listView-innerSelectionPanelTable-listUl\")]/tbody/tr[7]/td[2]/div/div"}
RESULT: {}
RESULT: {"using":"xpath","value":"//table[contains(@id, \"listView-innerSelectionPanelTable-listUl\")]/tbody/tr[7]/td[2]/div/div"}
COMMAND: POST /session/416e0c1cc5e5391e8fcc7ee7b1fbe604/element - {"using":"xpath","value":"//table[contains(@id, \"listView-innerSelectionPanelTable-listUl\")]/tbody/tr[7]/td[2]/div"}
RESULT: {"using":"xpath","value":"//table[contains(@id, \"listView-innerSelectionPanelTable-listUl\")]/tbody/tr[7]/td[2]/div"}
COMMAND: POST /session/416e0c1cc5e5391e8fcc7ee7b1fbe604/element - {"using":"xpath","value":"//table[contains(@id, \"listView-innerSelectionPanelTable-listUl\")]/tbody/tr[7]/td[3]/div/div/span/span[1]/bdi"}
RESULT: {"using":"xpath","value":"//table[contains(@id, \"listView-innerSelectionPanelTable-listUl\")]/tbody/tr[7]/td[3]/div/div/span/span[1]/bdi"}
COMMAND: POST /session/416e0c1cc5e5391e8fcc7ee7b1fbe604/execute/sync - {"script":"<script> [56 bytes]","args":[{"element-6066-11e4-a52e-4f735466cecf":"f.50BABCFD8003DB92F28A6394CEE4B89A.d.C57B9C0500F8722B63395DFADB01057D.e.8381","ELEMENT":"f.50BABCFD8003DB92F28A6394CEE4B89A.d.C57B9C0500F8722B63395DFADB01057D.e.8381"}]}
RESULT: {"script":"<script> [56 bytes]","args":[{"element-6066-11e4-a52e-4f735466cecf":"f.50BABCFD8003DB92F28A6394CEE4B89A.d.C57B9C0500F8722B63395DFADB01057D.e.8381","ELEMENT":"f.50BABCFD8003DB92F28A6394CEE4B89A.d.C57B9C0500F8722B63395DFADB01057D.e.8381"}]}
COMMAND: GET /session/416e0c1cc5e5391e8fcc7ee7b1fbe604/element/f.50BABCFD8003DB92F28A6394CEE4B89A.d.C57B9C0500F8722B63395DFADB01057D.e.8380/attribute/aria-checked - {}
COMMAND: GET /session/416e0c1cc5e5391e8fcc7ee7b1fbe604/screenshot - {}
RESULT: {}
COMMAND: POST /session/416e0c1cc5e5391e8fcc7ee7b1fbe604/element - {"using":"xpath","value":"//table[contains(@id, \"listView-innerSelectionPanelTable-listUl\")]/tbody/tr[8]/td[2]/div/div"}
RESULT: {}
RESULT: {"using":"xpath","value":"//table[contains(@id, \"listView-innerSelectionPanelTable-listUl\")]/tbody/tr[8]/td[2]/div/div"}
COMMAND: POST /session/416e0c1cc5e5391e8fcc7ee7b1fbe604/element - {"using":"xpath","value":"//table[contains(@id, \"listView-innerSelectionPanelTable-listUl\")]/tbody/tr[8]/td[2]/div"}
RESULT: {"using":"xpath","value":"//table[contains(@id, \"listView-innerSelectionPanelTable-listUl\")]/tbody/tr[8]/td[2]/div"}
COMMAND: POST /session/416e0c1cc5e5391e8fcc7ee7b1fbe604/element - {"using":"xpath","value":"//table[contains(@id, \"listView-innerSelectionPanelTable-listUl\")]/tbody/tr[8]/td[3]/div/div/span/span[1]/bdi"}
RESULT: {"using":"xpath","value":"//table[contains(@id, \"listView-innerSelectionPanelTable-listUl\")]/tbody/tr[8]/td[3]/div/div/span/span[1]/bdi"}
COMMAND: POST /session/416e0c1cc5e5391e8fcc7ee7b1fbe604/execute/sync - {"script":"<script> [56 bytes]","args":[{"element-6066-11e4-a52e-4f735466cecf":"f.50BABCFD8003DB92F28A6394CEE4B89A.d.C57B9C0500F8722B63395DFADB01057D.e.8384","ELEMENT":"f.50BABCFD8003DB92F28A6394CEE4B89A.d.C57B9C0500F8722B63395DFADB01057D.e.8384"}]}
RESULT: {"script":"<script> [56 bytes]","args":[{"element-6066-11e4-a52e-4f735466cecf":"f.50BABCFD8003DB92F28A6394CEE4B89A.d.C57B9C0500F8722B63395DFADB01057D.e.8384","ELEMENT":"f.50BABCFD8003DB92F28A6394CEE4B89A.d.C57B9C0500F8722B63395DFADB01057D.e.8384"}]}
COMMAND: GET /session/416e0c1cc5e5391e8fcc7ee7b1fbe604/element/f.50BABCFD8003DB92F28A6394CEE4B89A.d.C57B9C0500F8722B63395DFADB01057D.e.8383/attribute/aria-checked - {}
COMMAND: GET /session/416e0c1cc5e5391e8fcc7ee7b1fbe604/screenshot - {}
RESULT: {}
COMMAND: POST /session/416e0c1cc5e5391e8fcc7ee7b1fbe604/element - {"using":"xpath","value":"//table[contains(@id, \"listView-innerSelectionPanelTable-listUl\")]/tbody/tr[9]/td[2]/div/div"}
RESULT: {}
RESULT: {"using":"xpath","value":"//table[contains(@id, \"listView-innerSelectionPanelTable-listUl\")]/tbody/tr[9]/td[2]/div/div"}
COMMAND: POST /session/416e0c1cc5e5391e8fcc7ee7b1fbe604/element - {"using":"xpath","value":"//table[contains(@id, \"listView-innerSelectionPanelTable-listUl\")]/tbody/tr[9]/td[2]/div"}
RESULT: {"using":"xpath","value":"//table[contains(@id, \"listView-innerSelectionPanelTable-listUl\")]/tbody/tr[9]/td[2]/div"}
COMMAND: POST /session/416e0c1cc5e5391e8fcc7ee7b1fbe604/element - {"using":"xpath","value":"//table[contains(@id, \"listView-innerSelectionPanelTable-listUl\")]/tbody/tr[9]/td[3]/div/div/span/span[1]/bdi"}
RESULT: {"using":"xpath","value":"//table[contains(@id, \"listView-innerSelectionPanelTable-listUl\")]/tbody/tr[9]/td[3]/div/div/span/span[1]/bdi"}
COMMAND: POST /session/416e0c1cc5e5391e8fcc7ee7b1fbe604/execute/sync - {"script":"<script> [56 bytes]","args":[{"element-6066-11e4-a52e-4f735466cecf":"f.50BABCFD8003DB92F28A6394CEE4B89A.d.C57B9C0500F8722B63395DFADB01057D.e.8387","ELEMENT":"f.50BABCFD8003DB92F28A6394CEE4B89A.d.C57B9C0500F8722B63395DFADB01057D.e.8387"}]}
RESULT: {"script":"<script> [56 bytes]","args":[{"element-6066-11e4-a52e-4f735466cecf":"f.50BABCFD8003DB92F28A6394CEE4B89A.d.C57B9C0500F8722B63395DFADB01057D.e.8387","ELEMENT":"f.50BABCFD8003DB92F28A6394CEE4B89A.d.C57B9C0500F8722B63395DFADB01057D.e.8387"}]}
COMMAND: GET /session/416e0c1cc5e5391e8fcc7ee7b1fbe604/element/f.50BABCFD8003DB92F28A6394CEE4B89A.d.C57B9C0500F8722B63395DFADB01057D.e.8386/attribute/aria-checked - {}
COMMAND: GET /session/416e0c1cc5e5391e8fcc7ee7b1fbe604/screenshot - {}
RESULT: {}
COMMAND: POST /session/416e0c1cc5e5391e8fcc7ee7b1fbe604/element - {"using":"xpath","value":"//table[contains(@id, \"listView-innerSelectionPanelTable-listUl\")]/tbody/tr[10]/td[2]/div/div"}
RESULT: {}
RESULT: {"using":"xpath","value":"//table[contains(@id, \"listView-innerSelectionPanelTable-listUl\")]/tbody/tr[10]/td[2]/div/div"}
COMMAND: POST /session/416e0c1cc5e5391e8fcc7ee7b1fbe604/element - {"using":"xpath","value":"//table[contains(@id, \"listView-innerSelectionPanelTable-listUl\")]/tbody/tr[10]/td[2]/div"}
RESULT: {"using":"xpath","value":"//table[contains(@id, \"listView-innerSelectionPanelTable-listUl\")]/tbody/tr[10]/td[2]/div"}
COMMAND: POST /session/416e0c1cc5e5391e8fcc7ee7b1fbe604/element - {"using":"xpath","value":"//table[contains(@id, \"listView-innerSelectionPanelTable-listUl\")]/tbody/tr[10]/td[3]/div/div/span/span[1]/bdi"}
RESULT: {"using":"xpath","value":"//table[contains(@id, \"listView-innerSelectionPanelTable-listUl\")]/tbody/tr[10]/td[3]/div/div/span/span[1]/bdi"}
COMMAND: POST /session/416e0c1cc5e5391e8fcc7ee7b1fbe604/execute/sync - {"script":"<script> [56 bytes]","args":[{"element-6066-11e4-a52e-4f735466cecf":"f.50BABCFD8003DB92F28A6394CEE4B89A.d.C57B9C0500F8722B63395DFADB01057D.e.8390","ELEMENT":"f.50BABCFD8003DB92F28A6394CEE4B89A.d.C57B9C0500F8722B63395DFADB01057D.e.8390"}]}
RESULT: {"script":"<script> [56 bytes]","args":[{"element-6066-11e4-a52e-4f735466cecf":"f.50BABCFD8003DB92F28A6394CEE4B89A.d.C57B9C0500F8722B63395DFADB01057D.e.8390","ELEMENT":"f.50BABCFD8003DB92F28A6394CEE4B89A.d.C57B9C0500F8722B63395DFADB01057D.e.8390"}]}
COMMAND: GET /session/416e0c1cc5e5391e8fcc7ee7b1fbe604/element/f.50BABCFD8003DB92F28A6394CEE4B89A.d.C57B9C0500F8722B63395DFADB01057D.e.8389/attribute/aria-checked - {}
COMMAND: GET /session/416e0c1cc5e5391e8fcc7ee7b1fbe604/screenshot - {}
RESULT: {}
COMMAND: POST /session/416e0c1cc5e5391e8fcc7ee7b1fbe604/element - {"using":"xpath","value":"//table[contains(@id, \"listView-innerSelectionPanelTable-listUl\")]/tbody/tr[11]/td[2]/div/div"}
RESULT: {}
RESULT: {"using":"xpath","value":"//table[contains(@id, \"listView-innerSelectionPanelTable-listUl\")]/tbody/tr[11]/td[2]/div/div"}
COMMAND: POST /session/416e0c1cc5e5391e8fcc7ee7b1fbe604/element - {"using":"xpath","value":"//table[contains(@id, \"listView-innerSelectionPanelTable-listUl\")]/tbody/tr[11]/td[2]/div"}
RESULT: {"using":"xpath","value":"//table[contains(@id, \"listView-innerSelectionPanelTable-listUl\")]/tbody/tr[11]/td[2]/div"}
COMMAND: POST /session/416e0c1cc5e5391e8fcc7ee7b1fbe604/element - {"using":"xpath","value":"//table[contains(@id, \"listView-innerSelectionPanelTable-listUl\")]/tbody/tr[11]/td[3]/div/div/span/span[1]/bdi"}
RESULT: {"using":"xpath","value":"//table[contains(@id, \"listView-innerSelectionPanelTable-listUl\")]/tbody/tr[11]/td[3]/div/div/span/span[1]/bdi"}
COMMAND: POST /session/416e0c1cc5e5391e8fcc7ee7b1fbe604/execute/sync - {"script":"<script> [56 bytes]","args":[{"element-6066-11e4-a52e-4f735466cecf":"f.50BABCFD8003DB92F28A6394CEE4B89A.d.C57B9C0500F8722B63395DFADB01057D.e.8393","ELEMENT":"f.50BABCFD8003DB92F28A6394CEE4B89A.d.C57B9C0500F8722B63395DFADB01057D.e.8393"}]}
RESULT: {"script":"<script> [56 bytes]","args":[{"element-6066-11e4-a52e-4f735466cecf":"f.50BABCFD8003DB92F28A6394CEE4B89A.d.C57B9C0500F8722B63395DFADB01057D.e.8393","ELEMENT":"f.50BABCFD8003DB92F28A6394CEE4B89A.d.C57B9C0500F8722B63395DFADB01057D.e.8393"}]}
COMMAND: GET /session/416e0c1cc5e5391e8fcc7ee7b1fbe604/element/f.50BABCFD8003DB92F28A6394CEE4B89A.d.C57B9C0500F8722B63395DFADB01057D.e.8392/attribute/aria-checked - {}
COMMAND: GET /session/416e0c1cc5e5391e8fcc7ee7b1fbe604/screenshot - {}
RESULT: {}
COMMAND: POST /session/416e0c1cc5e5391e8fcc7ee7b1fbe604/element - {"using":"xpath","value":"//table[contains(@id, \"listView-innerSelectionPanelTable-listUl\")]/tbody/tr[12]/td[2]/div/div"}
RESULT: {}
RESULT: {"using":"xpath","value":"//table[contains(@id, \"listView-innerSelectionPanelTable-listUl\")]/tbody/tr[12]/td[2]/div/div"}
COMMAND: POST /session/416e0c1cc5e5391e8fcc7ee7b1fbe604/element - {"using":"xpath","value":"//table[contains(@id, \"listView-innerSelectionPanelTable-listUl\")]/tbody/tr[12]/td[2]/div"}
RESULT: {"using":"xpath","value":"//table[contains(@id, \"listView-innerSelectionPanelTable-listUl\")]/tbody/tr[12]/td[2]/div"}
COMMAND: POST /session/416e0c1cc5e5391e8fcc7ee7b1fbe604/element - {"using":"xpath","value":"//table[contains(@id, \"listView-innerSelectionPanelTable-listUl\")]/tbody/tr[12]/td[3]/div/div/span/span[1]/bdi"}
RESULT: {"using":"xpath","value":"//table[contains(@id, \"listView-innerSelectionPanelTable-listUl\")]/tbody/tr[12]/td[3]/div/div/span/span[1]/bdi"}
COMMAND: POST /session/416e0c1cc5e5391e8fcc7ee7b1fbe604/execute/sync - {"script":"<script> [56 bytes]","args":[{"element-6066-11e4-a52e-4f735466cecf":"f.50BABCFD8003DB92F28A6394CEE4B89A.d.C57B9C0500F8722B63395DFADB01057D.e.8396","ELEMENT":"f.50BABCFD8003DB92F28A6394CEE4B89A.d.C57B9C0500F8722B63395DFADB01057D.e.8396"}]}
RESULT: {"script":"<script> [56 bytes]","args":[{"element-6066-11e4-a52e-4f735466cecf":"f.50BABCFD8003DB92F28A6394CEE4B89A.d.C57B9C0500F8722B63395DFADB01057D.e.8396","ELEMENT":"f.50BABCFD8003DB92F28A6394CEE4B89A.d.C57B9C0500F8722B63395DFADB01057D.e.8396"}]}
COMMAND: GET /session/416e0c1cc5e5391e8fcc7ee7b1fbe604/element/f.50BABCFD8003DB92F28A6394CEE4B89A.d.C57B9C0500F8722B63395DFADB01057D.e.8395/attribute/aria-checked - {}
COMMAND: GET /session/416e0c1cc5e5391e8fcc7ee7b1fbe604/screenshot - {}
RESULT: {}
COMMAND: POST /session/416e0c1cc5e5391e8fcc7ee7b1fbe604/element - {"using":"xpath","value":"//table[contains(@id, \"listView-innerSelectionPanelTable-listUl\")]/tbody/tr[13]/td[2]/div/div"}
RESULT: {}
RESULT: {"using":"xpath","value":"//table[contains(@id, \"listView-innerSelectionPanelTable-listUl\")]/tbody/tr[13]/td[2]/div/div"}
COMMAND: POST /session/416e0c1cc5e5391e8fcc7ee7b1fbe604/element - {"using":"xpath","value":"//table[contains(@id, \"listView-innerSelectionPanelTable-listUl\")]/tbody/tr[13]/td[2]/div"}
RESULT: {"using":"xpath","value":"//table[contains(@id, \"listView-innerSelectionPanelTable-listUl\")]/tbody/tr[13]/td[2]/div"}
COMMAND: POST /session/416e0c1cc5e5391e8fcc7ee7b1fbe604/element - {"using":"xpath","value":"//table[contains(@id, \"listView-innerSelectionPanelTable-listUl\")]/tbody/tr[13]/td[3]/div/div/span/span[1]/bdi"}
RESULT: {"using":"xpath","value":"//table[contains(@id, \"listView-innerSelectionPanelTable-listUl\")]/tbody/tr[13]/td[3]/div/div/span/span[1]/bdi"}
COMMAND: POST /session/416e0c1cc5e5391e8fcc7ee7b1fbe604/execute/sync - {"script":"<script> [56 bytes]","args":[{"element-6066-11e4-a52e-4f735466cecf":"f.50BABCFD8003DB92F28A6394CEE4B89A.d.C57B9C0500F8722B63395DFADB01057D.e.8399","ELEMENT":"f.50BABCFD8003DB92F28A6394CEE4B89A.d.C57B9C0500F8722B63395DFADB01057D.e.8399"}]}
RESULT: {"script":"<script> [56 bytes]","args":[{"element-6066-11e4-a52e-4f735466cecf":"f.50BABCFD8003DB92F28A6394CEE4B89A.d.C57B9C0500F8722B63395DFADB01057D.e.8399","ELEMENT":"f.50BABCFD8003DB92F28A6394CEE4B89A.d.C57B9C0500F8722B63395DFADB01057D.e.8399"}]}
COMMAND: GET /session/416e0c1cc5e5391e8fcc7ee7b1fbe604/element/f.50BABCFD8003DB92F28A6394CEE4B89A.d.C57B9C0500F8722B63395DFADB01057D.e.8398/attribute/aria-checked - {}
COMMAND: GET /session/416e0c1cc5e5391e8fcc7ee7b1fbe604/screenshot - {}
RESULT: {}
COMMAND: POST /session/416e0c1cc5e5391e8fcc7ee7b1fbe604/element - {"using":"xpath","value":"//table[contains(@id, \"listView-innerSelectionPanelTable-listUl\")]/tbody/tr[14]/td[2]/div/div"}
RESULT: {}
RESULT: {"using":"xpath","value":"//table[contains(@id, \"listView-innerSelectionPanelTable-listUl\")]/tbody/tr[14]/td[2]/div/div"}
COMMAND: POST /session/416e0c1cc5e5391e8fcc7ee7b1fbe604/element - {"using":"xpath","value":"//table[contains(@id, \"listView-innerSelectionPanelTable-listUl\")]/tbody/tr[14]/td[2]/div"}
RESULT: {"using":"xpath","value":"//table[contains(@id, \"listView-innerSelectionPanelTable-listUl\")]/tbody/tr[14]/td[2]/div"}
COMMAND: POST /session/416e0c1cc5e5391e8fcc7ee7b1fbe604/element - {"using":"xpath","value":"//table[contains(@id, \"listView-innerSelectionPanelTable-listUl\")]/tbody/tr[14]/td[3]/div/div/span/span[1]/bdi"}
RESULT: {"using":"xpath","value":"//table[contains(@id, \"listView-innerSelectionPanelTable-listUl\")]/tbody/tr[14]/td[3]/div/div/span/span[1]/bdi"}
COMMAND: POST /session/416e0c1cc5e5391e8fcc7ee7b1fbe604/execute/sync - {"script":"<script> [56 bytes]","args":[{"element-6066-11e4-a52e-4f735466cecf":"f.50BABCFD8003DB92F28A6394CEE4B89A.d.C57B9C0500F8722B63395DFADB01057D.e.8402","ELEMENT":"f.50BABCFD8003DB92F28A6394CEE4B89A.d.C57B9C0500F8722B63395DFADB01057D.e.8402"}]}
RESULT: {"script":"<script> [56 bytes]","args":[{"element-6066-11e4-a52e-4f735466cecf":"f.50BABCFD8003DB92F28A6394CEE4B89A.d.C57B9C0500F8722B63395DFADB01057D.e.8402","ELEMENT":"f.50BABCFD8003DB92F28A6394CEE4B89A.d.C57B9C0500F8722B63395DFADB01057D.e.8402"}]}
COMMAND: GET /session/416e0c1cc5e5391e8fcc7ee7b1fbe604/element/f.50BABCFD8003DB92F28A6394CEE4B89A.d.C57B9C0500F8722B63395DFADB01057D.e.8401/attribute/aria-checked - {}
COMMAND: GET /session/416e0c1cc5e5391e8fcc7ee7b1fbe604/screenshot - {}
RESULT: {}
COMMAND: POST /session/416e0c1cc5e5391e8fcc7ee7b1fbe604/element - {"using":"xpath","value":"//table[contains(@id, \"listView-innerSelectionPanelTable-listUl\")]/tbody/tr[15]/td[2]/div/div"}
RESULT: {}
RESULT: {"using":"xpath","value":"//table[contains(@id, \"listView-innerSelectionPanelTable-listUl\")]/tbody/tr[15]/td[2]/div/div"}
COMMAND: POST /session/416e0c1cc5e5391e8fcc7ee7b1fbe604/element - {"using":"xpath","value":"//table[contains(@id, \"listView-innerSelectionPanelTable-listUl\")]/tbody/tr[15]/td[2]/div"}
RESULT: {"using":"xpath","value":"//table[contains(@id, \"listView-innerSelectionPanelTable-listUl\")]/tbody/tr[15]/td[2]/div"}
COMMAND: POST /session/416e0c1cc5e5391e8fcc7ee7b1fbe604/element - {"using":"xpath","value":"//table[contains(@id, \"listView-innerSelectionPanelTable-listUl\")]/tbody/tr[15]/td[3]/div/div/span/span[1]/bdi"}
RESULT: {"using":"xpath","value":"//table[contains(@id, \"listView-innerSelectionPanelTable-listUl\")]/tbody/tr[15]/td[3]/div/div/span/span[1]/bdi"}
COMMAND: POST /session/416e0c1cc5e5391e8fcc7ee7b1fbe604/execute/sync - {"script":"<script> [56 bytes]","args":[{"element-6066-11e4-a52e-4f735466cecf":"f.50BABCFD8003DB92F28A6394CEE4B89A.d.C57B9C0500F8722B63395DFADB01057D.e.8405","ELEMENT":"f.50BABCFD8003DB92F28A6394CEE4B89A.d.C57B9C0500F8722B63395DFADB01057D.e.8405"}]}
RESULT: {"script":"<script> [56 bytes]","args":[{"element-6066-11e4-a52e-4f735466cecf":"f.50BABCFD8003DB92F28A6394CEE4B89A.d.C57B9C0500F8722B63395DFADB01057D.e.8405","ELEMENT":"f.50BABCFD8003DB92F28A6394CEE4B89A.d.C57B9C0500F8722B63395DFADB01057D.e.8405"}]}
COMMAND: GET /session/416e0c1cc5e5391e8fcc7ee7b1fbe604/element/f.50BABCFD8003DB92F28A6394CEE4B89A.d.C57B9C0500F8722B63395DFADB01057D.e.8404/attribute/aria-checked - {}
COMMAND: GET /session/416e0c1cc5e5391e8fcc7ee7b1fbe604/screenshot - {}
RESULT: {}
COMMAND: POST /session/416e0c1cc5e5391e8fcc7ee7b1fbe604/element - {"using":"xpath","value":"//table[contains(@id, \"listView-innerSelectionPanelTable-listUl\")]/tbody/tr[16]/td[2]/div/div"}
RESULT: {}
RESULT: {"using":"xpath","value":"//table[contains(@id, \"listView-innerSelectionPanelTable-listUl\")]/tbody/tr[16]/td[2]/div/div"}
COMMAND: POST /session/416e0c1cc5e5391e8fcc7ee7b1fbe604/element - {"using":"xpath","value":"//table[contains(@id, \"listView-innerSelectionPanelTable-listUl\")]/tbody/tr[16]/td[2]/div"}
RESULT: {"using":"xpath","value":"//table[contains(@id, \"listView-innerSelectionPanelTable-listUl\")]/tbody/tr[16]/td[2]/div"}
COMMAND: POST /session/416e0c1cc5e5391e8fcc7ee7b1fbe604/element - {"using":"xpath","value":"//table[contains(@id, \"listView-innerSelectionPanelTable-listUl\")]/tbody/tr[16]/td[3]/div/div/span/span[1]/bdi"}
RESULT: {"using":"xpath","value":"//table[contains(@id, \"listView-innerSelectionPanelTable-listUl\")]/tbody/tr[16]/td[3]/div/div/span/span[1]/bdi"}
COMMAND: POST /session/416e0c1cc5e5391e8fcc7ee7b1fbe604/execute/sync - {"script":"<script> [56 bytes]","args":[{"element-6066-11e4-a52e-4f735466cecf":"f.50BABCFD8003DB92F28A6394CEE4B89A.d.C57B9C0500F8722B63395DFADB01057D.e.8408","ELEMENT":"f.50BABCFD8003DB92F28A6394CEE4B89A.d.C57B9C0500F8722B63395DFADB01057D.e.8408"}]}
RESULT: {"script":"<script> [56 bytes]","args":[{"element-6066-11e4-a52e-4f735466cecf":"f.50BABCFD8003DB92F28A6394CEE4B89A.d.C57B9C0500F8722B63395DFADB01057D.e.8408","ELEMENT":"f.50BABCFD8003DB92F28A6394CEE4B89A.d.C57B9C0500F8722B63395DFADB01057D.e.8408"}]}
COMMAND: GET /session/416e0c1cc5e5391e8fcc7ee7b1fbe604/element/f.50BABCFD8003DB92F28A6394CEE4B89A.d.C57B9C0500F8722B63395DFADB01057D.e.8407/attribute/aria-checked - {}
COMMAND: GET /session/416e0c1cc5e5391e8fcc7ee7b1fbe604/screenshot - {}
RESULT: {}
COMMAND: POST /session/416e0c1cc5e5391e8fcc7ee7b1fbe604/element - {"using":"xpath","value":"//table[contains(@id, \"listView-innerSelectionPanelTable-listUl\")]/tbody/tr[17]/td[2]/div/div"}
RESULT: {}
RESULT: {"using":"xpath","value":"//table[contains(@id, \"listView-innerSelectionPanelTable-listUl\")]/tbody/tr[17]/td[2]/div/div"}
COMMAND: POST /session/416e0c1cc5e5391e8fcc7ee7b1fbe604/element - {"using":"xpath","value":"//table[contains(@id, \"listView-innerSelectionPanelTable-listUl\")]/tbody/tr[17]/td[2]/div"}
RESULT: {"using":"xpath","value":"//table[contains(@id, \"listView-innerSelectionPanelTable-listUl\")]/tbody/tr[17]/td[2]/div"}
COMMAND: POST /session/416e0c1cc5e5391e8fcc7ee7b1fbe604/element - {"using":"xpath","value":"//table[contains(@id, \"listView-innerSelectionPanelTable-listUl\")]/tbody/tr[17]/td[3]/div/div/span/span[1]/bdi"}
RESULT: {"using":"xpath","value":"//table[contains(@id, \"listView-innerSelectionPanelTable-listUl\")]/tbody/tr[17]/td[3]/div/div/span/span[1]/bdi"}
COMMAND: POST /session/416e0c1cc5e5391e8fcc7ee7b1fbe604/execute/sync - {"script":"<script> [56 bytes]","args":[{"element-6066-11e4-a52e-4f735466cecf":"f.50BABCFD8003DB92F28A6394CEE4B89A.d.C57B9C0500F8722B63395DFADB01057D.e.8411","ELEMENT":"f.50BABCFD8003DB92F28A6394CEE4B89A.d.C57B9C0500F8722B63395DFADB01057D.e.8411"}]}
RESULT: {"script":"<script> [56 bytes]","args":[{"element-6066-11e4-a52e-4f735466cecf":"f.50BABCFD8003DB92F28A6394CEE4B89A.d.C57B9C0500F8722B63395DFADB01057D.e.8411","ELEMENT":"f.50BABCFD8003DB92F28A6394CEE4B89A.d.C57B9C0500F8722B63395DFADB01057D.e.8411"}]}
COMMAND: GET /session/416e0c1cc5e5391e8fcc7ee7b1fbe604/element/f.50BABCFD8003DB92F28A6394CEE4B89A.d.C57B9C0500F8722B63395DFADB01057D.e.8410/attribute/aria-checked - {}
COMMAND: GET /session/416e0c1cc5e5391e8fcc7ee7b1fbe604/screenshot - {}
RESULT: {}
COMMAND: POST /session/416e0c1cc5e5391e8fcc7ee7b1fbe604/element - {"using":"xpath","value":"//table[contains(@id, \"listView-innerSelectionPanelTable-listUl\")]/tbody/tr[18]/td[2]/div/div"}
RESULT: {}
RESULT: {"using":"xpath","value":"//table[contains(@id, \"listView-innerSelectionPanelTable-listUl\")]/tbody/tr[18]/td[2]/div/div"}
COMMAND: POST /session/416e0c1cc5e5391e8fcc7ee7b1fbe604/element - {"using":"xpath","value":"//table[contains(@id, \"listView-innerSelectionPanelTable-listUl\")]/tbody/tr[18]/td[2]/div"}
RESULT: {"using":"xpath","value":"//table[contains(@id, \"listView-innerSelectionPanelTable-listUl\")]/tbody/tr[18]/td[2]/div"}
COMMAND: POST /session/416e0c1cc5e5391e8fcc7ee7b1fbe604/element - {"using":"xpath","value":"//table[contains(@id, \"listView-innerSelectionPanelTable-listUl\")]/tbody/tr[18]/td[3]/div/div/span/span[1]/bdi"}
RESULT: {"using":"xpath","value":"//table[contains(@id, \"listView-innerSelectionPanelTable-listUl\")]/tbody/tr[18]/td[3]/div/div/span/span[1]/bdi"}
COMMAND: POST /session/416e0c1cc5e5391e8fcc7ee7b1fbe604/execute/sync - {"script":"<script> [56 bytes]","args":[{"element-6066-11e4-a52e-4f735466cecf":"f.50BABCFD8003DB92F28A6394CEE4B89A.d.C57B9C0500F8722B63395DFADB01057D.e.8414","ELEMENT":"f.50BABCFD8003DB92F28A6394CEE4B89A.d.C57B9C0500F8722B63395DFADB01057D.e.8414"}]}
RESULT: {"script":"<script> [56 bytes]","args":[{"element-6066-11e4-a52e-4f735466cecf":"f.50BABCFD8003DB92F28A6394CEE4B89A.d.C57B9C0500F8722B63395DFADB01057D.e.8414","ELEMENT":"f.50BABCFD8003DB92F28A6394CEE4B89A.d.C57B9C0500F8722B63395DFADB01057D.e.8414"}]}
COMMAND: GET /session/416e0c1cc5e5391e8fcc7ee7b1fbe604/element/f.50BABCFD8003DB92F28A6394CEE4B89A.d.C57B9C0500F8722B63395DFADB01057D.e.8413/attribute/aria-checked - {}
COMMAND: GET /session/416e0c1cc5e5391e8fcc7ee7b1fbe604/screenshot - {}
RESULT: {}
COMMAND: POST /session/416e0c1cc5e5391e8fcc7ee7b1fbe604/element - {"using":"xpath","value":"//table[contains(@id, \"listView-innerSelectionPanelTable-listUl\")]/tbody/tr[19]/td[2]/div/div"}
RESULT: {}
RESULT: {"using":"xpath","value":"//table[contains(@id, \"listView-innerSelectionPanelTable-listUl\")]/tbody/tr[19]/td[2]/div/div"}
COMMAND: POST /session/416e0c1cc5e5391e8fcc7ee7b1fbe604/element - {"using":"xpath","value":"//table[contains(@id, \"listView-innerSelectionPanelTable-listUl\")]/tbody/tr[19]/td[2]/div"}
RESULT: {"using":"xpath","value":"//table[contains(@id, \"listView-innerSelectionPanelTable-listUl\")]/tbody/tr[19]/td[2]/div"}
COMMAND: POST /session/416e0c1cc5e5391e8fcc7ee7b1fbe604/element - {"using":"xpath","value":"//table[contains(@id, \"listView-innerSelectionPanelTable-listUl\")]/tbody/tr[19]/td[3]/div/div/span/span[1]/bdi"}
RESULT: {"using":"xpath","value":"//table[contains(@id, \"listView-innerSelectionPanelTable-listUl\")]/tbody/tr[19]/td[3]/div/div/span/span[1]/bdi"}
COMMAND: POST /session/416e0c1cc5e5391e8fcc7ee7b1fbe604/execute/sync - {"script":"<script> [56 bytes]","args":[{"element-6066-11e4-a52e-4f735466cecf":"f.50BABCFD8003DB92F28A6394CEE4B89A.d.C57B9C0500F8722B63395DFADB01057D.e.8417","ELEMENT":"f.50BABCFD8003DB92F28A6394CEE4B89A.d.C57B9C0500F8722B63395DFADB01057D.e.8417"}]}
RESULT: {"script":"<script> [56 bytes]","args":[{"element-6066-11e4-a52e-4f735466cecf":"f.50BABCFD8003DB92F28A6394CEE4B89A.d.C57B9C0500F8722B63395DFADB01057D.e.8417","ELEMENT":"f.50BABCFD8003DB92F28A6394CEE4B89A.d.C57B9C0500F8722B63395DFADB01057D.e.8417"}]}
COMMAND: GET /session/416e0c1cc5e5391e8fcc7ee7b1fbe604/element/f.50BABCFD8003DB92F28A6394CEE4B89A.d.C57B9C0500F8722B63395DFADB01057D.e.8416/attribute/aria-checked - {}
COMMAND: GET /session/416e0c1cc5e5391e8fcc7ee7b1fbe604/screenshot - {}
RESULT: {}
COMMAND: POST /session/416e0c1cc5e5391e8fcc7ee7b1fbe604/element - {"using":"xpath","value":"//table[contains(@id, \"listView-innerSelectionPanelTable-listUl\")]/tbody/tr[20]/td[2]/div/div"}
RESULT: {}
RESULT: {"using":"xpath","value":"//table[contains(@id, \"listView-innerSelectionPanelTable-listUl\")]/tbody/tr[20]/td[2]/div/div"}
COMMAND: POST /session/416e0c1cc5e5391e8fcc7ee7b1fbe604/element - {"using":"xpath","value":"//table[contains(@id, \"listView-innerSelectionPanelTable-listUl\")]/tbody/tr[20]/td[2]/div"}
RESULT: {"using":"xpath","value":"//table[contains(@id, \"listView-innerSelectionPanelTable-listUl\")]/tbody/tr[20]/td[2]/div"}
COMMAND: POST /session/416e0c1cc5e5391e8fcc7ee7b1fbe604/element - {"using":"xpath","value":"//table[contains(@id, \"listView-innerSelectionPanelTable-listUl\")]/tbody/tr[20]/td[3]/div/div/span/span[1]/bdi"}
RESULT: {"using":"xpath","value":"//table[contains(@id, \"listView-innerSelectionPanelTable-listUl\")]/tbody/tr[20]/td[3]/div/div/span/span[1]/bdi"}
COMMAND: POST /session/416e0c1cc5e5391e8fcc7ee7b1fbe604/execute/sync - {"script":"<script> [56 bytes]","args":[{"element-6066-11e4-a52e-4f735466cecf":"f.50BABCFD8003DB92F28A6394CEE4B89A.d.C57B9C0500F8722B63395DFADB01057D.e.8420","ELEMENT":"f.50BABCFD8003DB92F28A6394CEE4B89A.d.C57B9C0500F8722B63395DFADB01057D.e.8420"}]}
RESULT: {"script":"<script> [56 bytes]","args":[{"element-6066-11e4-a52e-4f735466cecf":"f.50BABCFD8003DB92F28A6394CEE4B89A.d.C57B9C0500F8722B63395DFADB01057D.e.8420","ELEMENT":"f.50BABCFD8003DB92F28A6394CEE4B89A.d.C57B9C0500F8722B63395DFADB01057D.e.8420"}]}
COMMAND: GET /session/416e0c1cc5e5391e8fcc7ee7b1fbe604/element/f.50BABCFD8003DB92F28A6394CEE4B89A.d.C57B9C0500F8722B63395DFADB01057D.e.8419/attribute/aria-checked - {}
COMMAND: GET /session/416e0c1cc5e5391e8fcc7ee7b1fbe604/screenshot - {}
RESULT: {}
COMMAND: POST /session/416e0c1cc5e5391e8fcc7ee7b1fbe604/element - {"using":"xpath","value":"//table[contains(@id, \"listView-innerSelectionPanelTable-listUl\")]/tbody/tr[21]/td[2]/div/div"}
COMMAND: POST /session/416e0c1cc5e5391e8fcc7ee7b1fbe604/element/f.50BABCFD8003DB92F28A6394CEE4B89A.d.C57B9C0500F8722B63395DFADB01057D.e.8418/click - {}
RESULT: {}
RESULT: {"using":"xpath","value":"//table[contains(@id, \"listView-innerSelectionPanelTable-listUl\")]/tbody/tr[21]/td[2]/div/div"}
COMMAND: POST /session/416e0c1cc5e5391e8fcc7ee7b1fbe604/element - {"using":"xpath","value":"//table[contains(@id, \"listView-innerSelectionPanelTable-listUl\")]/tbody/tr[21]/td[2]/div"}
RESULT: {}
COMMAND: GET /session/416e0c1cc5e5391e8fcc7ee7b1fbe604/screenshot - {}
RESULT: {"using":"xpath","value":"//table[contains(@id, \"listView-innerSelectionPanelTable-listUl\")]/tbody/tr[21]/td[2]/div"}
COMMAND: POST /session/416e0c1cc5e5391e8fcc7ee7b1fbe604/element - {"using":"xpath","value":"//table[contains(@id, \"listView-innerSelectionPanelTable-listUl\")]/tbody/tr[21]/td[3]/div/div/span/span[1]/bdi"}
RESULT: {}
RESULT: {"using":"xpath","value":"//table[contains(@id, \"listView-innerSelectionPanelTable-listUl\")]/tbody/tr[21]/td[3]/div/div/span/span[1]/bdi"}
COMMAND: POST /session/416e0c1cc5e5391e8fcc7ee7b1fbe604/execute/sync - {"script":"<script> [56 bytes]","args":[{"element-6066-11e4-a52e-4f735466cecf":"f.50BABCFD8003DB92F28A6394CEE4B89A.d.C57B9C0500F8722B63395DFADB01057D.e.8426","ELEMENT":"f.50BABCFD8003DB92F28A6394CEE4B89A.d.C57B9C0500F8722B63395DFADB01057D.e.8426"}]}
RESULT: {"script":"<script> [56 bytes]","args":[{"element-6066-11e4-a52e-4f735466cecf":"f.50BABCFD8003DB92F28A6394CEE4B89A.d.C57B9C0500F8722B63395DFADB01057D.e.8426","ELEMENT":"f.50BABCFD8003DB92F28A6394CEE4B89A.d.C57B9C0500F8722B63395DFADB01057D.e.8426"}]}
COMMAND: GET /session/416e0c1cc5e5391e8fcc7ee7b1fbe604/element/f.50BABCFD8003DB92F28A6394CEE4B89A.d.C57B9C0500F8722B63395DFADB01057D.e.8425/attribute/aria-checked - {}
COMMAND: GET /session/416e0c1cc5e5391e8fcc7ee7b1fbe604/screenshot - {}
RESULT: {}
COMMAND: POST /session/416e0c1cc5e5391e8fcc7ee7b1fbe604/element - {"using":"xpath","value":"//table[contains(@id, \"listView-innerSelectionPanelTable-listUl\")]/tbody/tr[22]/td[2]/div/div"}
COMMAND: POST /session/416e0c1cc5e5391e8fcc7ee7b1fbe604/element/f.50BABCFD8003DB92F28A6394CEE4B89A.d.C57B9C0500F8722B63395DFADB01057D.e.8421/click - {}
RESULT: {}
RESULT: {"using":"xpath","value":"//table[contains(@id, \"listView-innerSelectionPanelTable-listUl\")]/tbody/tr[22]/td[2]/div/div"}
COMMAND: POST /session/416e0c1cc5e5391e8fcc7ee7b1fbe604/element - {"using":"xpath","value":"//table[contains(@id, \"listView-innerSelectionPanelTable-listUl\")]/tbody/tr[22]/td[2]/div"}
RESULT: {}
COMMAND: GET /session/416e0c1cc5e5391e8fcc7ee7b1fbe604/screenshot - {}
RESULT: {"using":"xpath","value":"//table[contains(@id, \"listView-innerSelectionPanelTable-listUl\")]/tbody/tr[22]/td[2]/div"}
COMMAND: POST /session/416e0c1cc5e5391e8fcc7ee7b1fbe604/element - {"using":"xpath","value":"//table[contains(@id, \"listView-innerSelectionPanelTable-listUl\")]/tbody/tr[22]/td[3]/div/div/span/span[1]/bdi"}
RESULT: {}
RESULT: {"using":"xpath","value":"//table[contains(@id, \"listView-innerSelectionPanelTable-listUl\")]/tbody/tr[22]/td[3]/div/div/span/span[1]/bdi"}
COMMAND: POST /session/416e0c1cc5e5391e8fcc7ee7b1fbe604/execute/sync - {"script":"<script> [56 bytes]","args":[{"element-6066-11e4-a52e-4f735466cecf":"f.50BABCFD8003DB92F28A6394CEE4B89A.d.C57B9C0500F8722B63395DFADB01057D.e.8430","ELEMENT":"f.50BABCFD8003DB92F28A6394CEE4B89A.d.C57B9C0500F8722B63395DFADB01057D.e.8430"}]}
RESULT: {"script":"<script> [56 bytes]","args":[{"element-6066-11e4-a52e-4f735466cecf":"f.50BABCFD8003DB92F28A6394CEE4B89A.d.C57B9C0500F8722B63395DFADB01057D.e.8430","ELEMENT":"f.50BABCFD8003DB92F28A6394CEE4B89A.d.C57B9C0500F8722B63395DFADB01057D.e.8430"}]}
COMMAND: GET /session/416e0c1cc5e5391e8fcc7ee7b1fbe604/element/f.50BABCFD8003DB92F28A6394CEE4B89A.d.C57B9C0500F8722B63395DFADB01057D.e.8429/attribute/aria-checked - {}
COMMAND: GET /session/416e0c1cc5e5391e8fcc7ee7b1fbe604/screenshot - {}
RESULT: {}
COMMAND: POST /session/416e0c1cc5e5391e8fcc7ee7b1fbe604/element - {"using":"xpath","value":"//table[contains(@id, \"listView-innerSelectionPanelTable-listUl\")]/tbody/tr[23]/td[2]/div/div"}
RESULT: {}
RESULT: {"using":"xpath","value":"//table[contains(@id, \"listView-innerSelectionPanelTable-listUl\")]/tbody/tr[23]/td[2]/div/div"}
COMMAND: POST /session/416e0c1cc5e5391e8fcc7ee7b1fbe604/element - {"using":"xpath","value":"//table[contains(@id, \"listView-innerSelectionPanelTable-listUl\")]/tbody/tr[23]/td[2]/div"}
RESULT: {"using":"xpath","value":"//table[contains(@id, \"listView-innerSelectionPanelTable-listUl\")]/tbody/tr[23]/td[2]/div"}
COMMAND: POST /session/416e0c1cc5e5391e8fcc7ee7b1fbe604/element - {"using":"xpath","value":"//table[contains(@id, \"listView-innerSelectionPanelTable-listUl\")]/tbody/tr[23]/td[3]/div/div/span/span[1]/bdi"}
RESULT: {"using":"xpath","value":"//table[contains(@id, \"listView-innerSelectionPanelTable-listUl\")]/tbody/tr[23]/td[3]/div/div/span/span[1]/bdi"}
COMMAND: POST /session/416e0c1cc5e5391e8fcc7ee7b1fbe604/execute/sync - {"script":"<script> [56 bytes]","args":[{"element-6066-11e4-a52e-4f735466cecf":"f.50BABCFD8003DB92F28A6394CEE4B89A.d.C57B9C0500F8722B63395DFADB01057D.e.8433","ELEMENT":"f.50BABCFD8003DB92F28A6394CEE4B89A.d.C57B9C0500F8722B63395DFADB01057D.e.8433"}]}
RESULT: {"script":"<script> [56 bytes]","args":[{"element-6066-11e4-a52e-4f735466cecf":"f.50BABCFD8003DB92F28A6394CEE4B89A.d.C57B9C0500F8722B63395DFADB01057D.e.8433","ELEMENT":"f.50BABCFD8003DB92F28A6394CEE4B89A.d.C57B9C0500F8722B63395DFADB01057D.e.8433"}]}
COMMAND: GET /session/416e0c1cc5e5391e8fcc7ee7b1fbe604/element/f.50BABCFD8003DB92F28A6394CEE4B89A.d.C57B9C0500F8722B63395DFADB01057D.e.8432/attribute/aria-checked - {}
COMMAND: GET /session/416e0c1cc5e5391e8fcc7ee7b1fbe604/screenshot - {}
RESULT: {}
COMMAND: POST /session/416e0c1cc5e5391e8fcc7ee7b1fbe604/element - {"using":"xpath","value":"//table[contains(@id, \"listView-innerSelectionPanelTable-listUl\")]/tbody/tr[24]/td[2]/div/div"}
RESULT: {}
RESULT: {"using":"xpath","value":"//table[contains(@id, \"listView-innerSelectionPanelTable-listUl\")]/tbody/tr[24]/td[2]/div/div"}
COMMAND: POST /session/416e0c1cc5e5391e8fcc7ee7b1fbe604/element - {"using":"xpath","value":"//table[contains(@id, \"listView-innerSelectionPanelTable-listUl\")]/tbody/tr[24]/td[2]/div"}
RESULT: {"using":"xpath","value":"//table[contains(@id, \"listView-innerSelectionPanelTable-listUl\")]/tbody/tr[24]/td[2]/div"}
COMMAND: POST /session/416e0c1cc5e5391e8fcc7ee7b1fbe604/element - {"using":"xpath","value":"//table[contains(@id, \"listView-innerSelectionPanelTable-listUl\")]/tbody/tr[24]/td[3]/div/div/span/span[1]/bdi"}
RESULT: {"using":"xpath","value":"//table[contains(@id, \"listView-innerSelectionPanelTable-listUl\")]/tbody/tr[24]/td[3]/div/div/span/span[1]/bdi"}
COMMAND: POST /session/416e0c1cc5e5391e8fcc7ee7b1fbe604/execute/sync - {"script":"<script> [56 bytes]","args":[{"element-6066-11e4-a52e-4f735466cecf":"f.50BABCFD8003DB92F28A6394CEE4B89A.d.C57B9C0500F8722B63395DFADB01057D.e.8436","ELEMENT":"f.50BABCFD8003DB92F28A6394CEE4B89A.d.C57B9C0500F8722B63395DFADB01057D.e.8436"}]}
RESULT: {"script":"<script> [56 bytes]","args":[{"element-6066-11e4-a52e-4f735466cecf":"f.50BABCFD8003DB92F28A6394CEE4B89A.d.C57B9C0500F8722B63395DFADB01057D.e.8436","ELEMENT":"f.50BABCFD8003DB92F28A6394CEE4B89A.d.C57B9C0500F8722B63395DFADB01057D.e.8436"}]}
COMMAND: GET /session/416e0c1cc5e5391e8fcc7ee7b1fbe604/element/f.50BABCFD8003DB92F28A6394CEE4B89A.d.C57B9C0500F8722B63395DFADB01057D.e.8435/attribute/aria-checked - {}
COMMAND: GET /session/416e0c1cc5e5391e8fcc7ee7b1fbe604/screenshot - {}
RESULT: {}
COMMAND: POST /session/416e0c1cc5e5391e8fcc7ee7b1fbe604/element - {"using":"xpath","value":"//table[contains(@id, \"listView-innerSelectionPanelTable-listUl\")]/tbody/tr[25]/td[2]/div/div"}
RESULT: {}
RESULT: {"using":"xpath","value":"//table[contains(@id, \"listView-innerSelectionPanelTable-listUl\")]/tbody/tr[25]/td[2]/div/div"}
COMMAND: POST /session/416e0c1cc5e5391e8fcc7ee7b1fbe604/element - {"using":"xpath","value":"//table[contains(@id, \"listView-innerSelectionPanelTable-listUl\")]/tbody/tr[25]/td[2]/div"}
RESULT: {"using":"xpath","value":"//table[contains(@id, \"listView-innerSelectionPanelTable-listUl\")]/tbody/tr[25]/td[2]/div"}
COMMAND: POST /session/416e0c1cc5e5391e8fcc7ee7b1fbe604/element - {"using":"xpath","value":"//table[contains(@id, \"listView-innerSelectionPanelTable-listUl\")]/tbody/tr[25]/td[3]/div/div/span/span[1]/bdi"}
RESULT: {"using":"xpath","value":"//table[contains(@id, \"listView-innerSelectionPanelTable-listUl\")]/tbody/tr[25]/td[3]/div/div/span/span[1]/bdi"}
COMMAND: POST /session/416e0c1cc5e5391e8fcc7ee7b1fbe604/execute/sync - {"script":"<script> [56 bytes]","args":[{"element-6066-11e4-a52e-4f735466cecf":"f.50BABCFD8003DB92F28A6394CEE4B89A.d.C57B9C0500F8722B63395DFADB01057D.e.8439","ELEMENT":"f.50BABCFD8003DB92F28A6394CEE4B89A.d.C57B9C0500F8722B63395DFADB01057D.e.8439"}]}
RESULT: {"script":"<script> [56 bytes]","args":[{"element-6066-11e4-a52e-4f735466cecf":"f.50BABCFD8003DB92F28A6394CEE4B89A.d.C57B9C0500F8722B63395DFADB01057D.e.8439","ELEMENT":"f.50BABCFD8003DB92F28A6394CEE4B89A.d.C57B9C0500F8722B63395DFADB01057D.e.8439"}]}
COMMAND: GET /session/416e0c1cc5e5391e8fcc7ee7b1fbe604/element/f.50BABCFD8003DB92F28A6394CEE4B89A.d.C57B9C0500F8722B63395DFADB01057D.e.8438/attribute/aria-checked - {}
COMMAND: GET /session/416e0c1cc5e5391e8fcc7ee7b1fbe604/screenshot - {}
RESULT: {}
COMMAND: POST /session/416e0c1cc5e5391e8fcc7ee7b1fbe604/element - {"using":"xpath","value":"//bdi[contains(text(), \"OK\")]"}
RESULT: {}
RESULT: {"using":"xpath","value":"//bdi[contains(text(), \"OK\")]"}
COMMAND: POST /session/416e0c1cc5e5391e8fcc7ee7b1fbe604/element/f.50BABCFD8003DB92F28A6394CEE4B89A.d.C57B9C0500F8722B63395DFADB01057D.e.8440/click - {}
RESULT: {}
COMMAND: GET /session/416e0c1cc5e5391e8fcc7ee7b1fbe604/screenshot - {}
RESULT: {}
RESULT: undefined
COMMAND: POST /session/416e0c1cc5e5391e8fcc7ee7b1fbe604/element - {"using":"xpath","value":"//*[@id=\"application-managepartners-display-component---masterPtm--smartFilterBar-filterItemControlA_-LINK_TO_ADDRESSES_MAIN.ID-vhi\"]"}
RESULT: {"using":"xpath","value":"//*[@id=\"application-managepartners-display-component---masterPtm--smartFilterBar-filterItemControlA_-LINK_TO_ADDRESSES_MAIN.ID-vhi\"]"}
COMMAND: POST /session/416e0c1cc5e5391e8fcc7ee7b1fbe604/element/f.50BABCFD8003DB92F28A6394CEE4B89A.d.C57B9C0500F8722B63395DFADB01057D.e.8453/click - {}
RESULT: {}
COMMAND: GET /session/416e0c1cc5e5391e8fcc7ee7b1fbe604/screenshot - {}
RESULT: {}
RESULT: undefined
COMMAND: POST /session/416e0c1cc5e5391e8fcc7ee7b1fbe604/element - {"using":"xpath","value":"//*[@id=\"__box77-arrow\"]"}
RESULT: {"using":"xpath","value":"//*[@id=\"__box77-arrow\"]"}
COMMAND: POST /session/416e0c1cc5e5391e8fcc7ee7b1fbe604/elements - {"using":"xpath","value":"//*[@id=\"__box77-arrow\"]"}
RESULT: {"using":"xpath","value":"//*[@id=\"__box77-arrow\"]"}
COMMAND: POST /session/416e0c1cc5e5391e8fcc7ee7b1fbe604/elements - {"using":"xpath","value":"//*[@id=\"__box77-arrow\"]"}
RESULT: {"using":"xpath","value":"//*[@id=\"__box77-arrow\"]"}
COMMAND: POST /session/416e0c1cc5e5391e8fcc7ee7b1fbe604/elements - {"using":"xpath","value":"//*[@id=\"__box77-arrow\"]"}
RESULT: {"using":"xpath","value":"//*[@id=\"__box77-arrow\"]"}
COMMAND: POST /session/416e0c1cc5e5391e8fcc7ee7b1fbe604/elements - {"using":"xpath","value":"//*[@id=\"__box77-arrow\"]"}
RESULT: {"using":"xpath","value":"//*[@id=\"__box77-arrow\"]"}
COMMAND: POST /session/416e0c1cc5e5391e8fcc7ee7b1fbe604/elements - {"using":"xpath","value":"//*[@id=\"__box77-arrow\"]"}
RESULT: {"using":"xpath","value":"//*[@id=\"__box77-arrow\"]"}
COMMAND: POST /session/416e0c1cc5e5391e8fcc7ee7b1fbe604/elements - {"using":"xpath","value":"//*[@id=\"__box77-arrow\"]"}
RESULT: {"using":"xpath","value":"//*[@id=\"__box77-arrow\"]"}
COMMAND: POST /session/416e0c1cc5e5391e8fcc7ee7b1fbe604/elements - {"using":"xpath","value":"//*[@id=\"__box77-arrow\"]"}
RESULT: {"using":"xpath","value":"//*[@id=\"__box77-arrow\"]"}
COMMAND: POST /session/416e0c1cc5e5391e8fcc7ee7b1fbe604/elements - {"using":"xpath","value":"//*[@id=\"__box77-arrow\"]"}
RESULT: {"using":"xpath","value":"//*[@id=\"__box77-arrow\"]"}
COMMAND: POST /session/416e0c1cc5e5391e8fcc7ee7b1fbe604/elements - {"using":"xpath","value":"//*[@id=\"__box77-arrow\"]"}
RESULT: {"using":"xpath","value":"//*[@id=\"__box77-arrow\"]"}
COMMAND: POST /session/416e0c1cc5e5391e8fcc7ee7b1fbe604/elements - {"using":"xpath","value":"//*[@id=\"__box77-arrow\"]"}
RESULT: {"using":"xpath","value":"//*[@id=\"__box77-arrow\"]"}
COMMAND: POST /session/416e0c1cc5e5391e8fcc7ee7b1fbe604/elements - {"using":"xpath","value":"//*[@id=\"__box77-arrow\"]"}
RESULT: {"using":"xpath","value":"//*[@id=\"__box77-arrow\"]"}
COMMAND: POST /session/416e0c1cc5e5391e8fcc7ee7b1fbe604/elements - {"using":"xpath","value":"//*[@id=\"__box77-arrow\"]"}
RESULT: {"using":"xpath","value":"//*[@id=\"__box77-arrow\"]"}
COMMAND: POST /session/416e0c1cc5e5391e8fcc7ee7b1fbe604/elements - {"using":"xpath","value":"//*[@id=\"__box77-arrow\"]"}
RESULT: {"using":"xpath","value":"//*[@id=\"__box77-arrow\"]"}
COMMAND: POST /session/416e0c1cc5e5391e8fcc7ee7b1fbe604/elements - {"using":"xpath","value":"//*[@id=\"__box77-arrow\"]"}
RESULT: {"using":"xpath","value":"//*[@id=\"__box77-arrow\"]"}
COMMAND: POST /session/416e0c1cc5e5391e8fcc7ee7b1fbe604/elements - {"using":"xpath","value":"//*[@id=\"__box77-arrow\"]"}
RESULT: {"using":"xpath","value":"//*[@id=\"__box77-arrow\"]"}
COMMAND: POST /session/416e0c1cc5e5391e8fcc7ee7b1fbe604/elements - {"using":"xpath","value":"//*[@id=\"__box77-arrow\"]"}
RESULT: {"using":"xpath","value":"//*[@id=\"__box77-arrow\"]"}
COMMAND: POST /session/416e0c1cc5e5391e8fcc7ee7b1fbe604/elements - {"using":"xpath","value":"//*[@id=\"__box77-arrow\"]"}
RESULT: {"using":"xpath","value":"//*[@id=\"__box77-arrow\"]"}
COMMAND: POST /session/416e0c1cc5e5391e8fcc7ee7b1fbe604/elements - {"using":"xpath","value":"//*[@id=\"__box77-arrow\"]"}
RESULT: {"using":"xpath","value":"//*[@id=\"__box77-arrow\"]"}
COMMAND: POST /session/416e0c1cc5e5391e8fcc7ee7b1fbe604/elements - {"using":"xpath","value":"//*[@id=\"__box77-arrow\"]"}
RESULT: {"using":"xpath","value":"//*[@id=\"__box77-arrow\"]"}
COMMAND: POST /session/416e0c1cc5e5391e8fcc7ee7b1fbe604/elements - {"using":"xpath","value":"//*[@id=\"__box77-arrow\"]"}
RESULT: {"using":"xpath","value":"//*[@id=\"__box77-arrow\"]"}
COMMAND: POST /session/416e0c1cc5e5391e8fcc7ee7b1fbe604/elements - {"using":"xpath","value":"//*[@id=\"__box77-arrow\"]"}
RESULT: {"using":"xpath","value":"//*[@id=\"__box77-arrow\"]"}
COMMAND: POST /session/416e0c1cc5e5391e8fcc7ee7b1fbe604/elements - {"using":"xpath","value":"//*[@id=\"__box77-arrow\"]"}
RESULT: {"using":"xpath","value":"//*[@id=\"__box77-arrow\"]"}
COMMAND: POST /session/416e0c1cc5e5391e8fcc7ee7b1fbe604/elements - {"using":"xpath","value":"//*[@id=\"__box77-arrow\"]"}
RESULT: {"using":"xpath","value":"//*[@id=\"__box77-arrow\"]"}
COMMAND: POST /session/416e0c1cc5e5391e8fcc7ee7b1fbe604/elements - {"using":"xpath","value":"//*[@id=\"__box77-arrow\"]"}
RESULT: {"using":"xpath","value":"//*[@id=\"__box77-arrow\"]"}
COMMAND: POST /session/416e0c1cc5e5391e8fcc7ee7b1fbe604/elements - {"using":"xpath","value":"//*[@id=\"__box77-arrow\"]"}
RESULT: {"using":"xpath","value":"//*[@id=\"__box77-arrow\"]"}
COMMAND: POST /session/416e0c1cc5e5391e8fcc7ee7b1fbe604/elements - {"using":"xpath","value":"//*[@id=\"__box77-arrow\"]"}
RESULT: {"using":"xpath","value":"//*[@id=\"__box77-arrow\"]"}
COMMAND: POST /session/416e0c1cc5e5391e8fcc7ee7b1fbe604/elements - {"using":"xpath","value":"//*[@id=\"__box77-arrow\"]"}
RESULT: {"using":"xpath","value":"//*[@id=\"__box77-arrow\"]"}
COMMAND: POST /session/416e0c1cc5e5391e8fcc7ee7b1fbe604/elements - {"using":"xpath","value":"//*[@id=\"__box77-arrow\"]"}
RESULT: {"using":"xpath","value":"//*[@id=\"__box77-arrow\"]"}
COMMAND: POST /session/416e0c1cc5e5391e8fcc7ee7b1fbe604/elements - {"using":"xpath","value":"//*[@id=\"__box77-arrow\"]"}
RESULT: {"using":"xpath","value":"//*[@id=\"__box77-arrow\"]"}
COMMAND: POST /session/416e0c1cc5e5391e8fcc7ee7b1fbe604/elements - {"using":"xpath","value":"//*[@id=\"__box77-arrow\"]"}
RESULT: {"using":"xpath","value":"//*[@id=\"__box77-arrow\"]"}
COMMAND: POST /session/416e0c1cc5e5391e8fcc7ee7b1fbe604/elements - {"using":"xpath","value":"//*[@id=\"__box77-arrow\"]"}
RESULT: {"using":"xpath","value":"//*[@id=\"__box77-arrow\"]"}
COMMAND: POST /session/416e0c1cc5e5391e8fcc7ee7b1fbe604/elements - {"using":"xpath","value":"//*[@id=\"__box77-arrow\"]"}
RESULT: {"using":"xpath","value":"//*[@id=\"__box77-arrow\"]"}
COMMAND: POST /session/416e0c1cc5e5391e8fcc7ee7b1fbe604/elements - {"using":"xpath","value":"//*[@id=\"__box77-arrow\"]"}
RESULT: {"using":"xpath","value":"//*[@id=\"__box77-arrow\"]"}
COMMAND: POST /session/416e0c1cc5e5391e8fcc7ee7b1fbe604/elements - {"using":"xpath","value":"//*[@id=\"__box77-arrow\"]"}
RESULT: {"using":"xpath","value":"//*[@id=\"__box77-arrow\"]"}
COMMAND: POST /session/416e0c1cc5e5391e8fcc7ee7b1fbe604/elements - {"using":"xpath","value":"//*[@id=\"__box77-arrow\"]"}
RESULT: {"using":"xpath","value":"//*[@id=\"__box77-arrow\"]"}
COMMAND: POST /session/416e0c1cc5e5391e8fcc7ee7b1fbe604/elements - {"using":"xpath","value":"//*[@id=\"__box77-arrow\"]"}
RESULT: {"using":"xpath","value":"//*[@id=\"__box77-arrow\"]"}
COMMAND: POST /session/416e0c1cc5e5391e8fcc7ee7b1fbe604/elements - {"using":"xpath","value":"//*[@id=\"__box77-arrow\"]"}
RESULT: {"using":"xpath","value":"//*[@id=\"__box77-arrow\"]"}
COMMAND: POST /session/416e0c1cc5e5391e8fcc7ee7b1fbe604/elements - {"using":"xpath","value":"//*[@id=\"__box77-arrow\"]"}
RESULT: {"using":"xpath","value":"//*[@id=\"__box77-arrow\"]"}
COMMAND: POST /session/416e0c1cc5e5391e8fcc7ee7b1fbe604/elements - {"using":"xpath","value":"//*[@id=\"__box77-arrow\"]"}
RESULT: {"using":"xpath","value":"//*[@id=\"__box77-arrow\"]"}
COMMAND: POST /session/416e0c1cc5e5391e8fcc7ee7b1fbe604/elements - {"using":"xpath","value":"//*[@id=\"__box77-arrow\"]"}
RESULT: {"using":"xpath","value":"//*[@id=\"__box77-arrow\"]"}
COMMAND: POST /session/416e0c1cc5e5391e8fcc7ee7b1fbe604/elements - {"using":"xpath","value":"//*[@id=\"__box77-arrow\"]"}
RESULT: {"using":"xpath","value":"//*[@id=\"__box77-arrow\"]"}
COMMAND: POST /session/416e0c1cc5e5391e8fcc7ee7b1fbe604/elements - {"using":"xpath","value":"//*[@id=\"__box77-arrow\"]"}
RESULT: {"using":"xpath","value":"//*[@id=\"__box77-arrow\"]"}
COMMAND: POST /session/416e0c1cc5e5391e8fcc7ee7b1fbe604/elements - {"using":"xpath","value":"//*[@id=\"__box77-arrow\"]"}
RESULT: {"using":"xpath","value":"//*[@id=\"__box77-arrow\"]"}
COMMAND: POST /session/416e0c1cc5e5391e8fcc7ee7b1fbe604/elements - {"using":"xpath","value":"//*[@id=\"__box77-arrow\"]"}
RESULT: {"using":"xpath","value":"//*[@id=\"__box77-arrow\"]"}
COMMAND: POST /session/416e0c1cc5e5391e8fcc7ee7b1fbe604/elements - {"using":"xpath","value":"//*[@id=\"__box77-arrow\"]"}
RESULT: {"using":"xpath","value":"//*[@id=\"__box77-arrow\"]"}
COMMAND: POST /session/416e0c1cc5e5391e8fcc7ee7b1fbe604/elements - {"using":"xpath","value":"//*[@id=\"__box77-arrow\"]"}
RESULT: {"using":"xpath","value":"//*[@id=\"__box77-arrow\"]"}
COMMAND: POST /session/416e0c1cc5e5391e8fcc7ee7b1fbe604/elements - {"using":"xpath","value":"//*[@id=\"__box77-arrow\"]"}
RESULT: {"using":"xpath","value":"//*[@id=\"__box77-arrow\"]"}
COMMAND: POST /session/416e0c1cc5e5391e8fcc7ee7b1fbe604/elements - {"using":"xpath","value":"//*[@id=\"__box77-arrow\"]"}
RESULT: {"using":"xpath","value":"//*[@id=\"__box77-arrow\"]"}
COMMAND: POST /session/416e0c1cc5e5391e8fcc7ee7b1fbe604/elements - {"using":"xpath","value":"//*[@id=\"__box77-arrow\"]"}
RESULT: {"using":"xpath","value":"//*[@id=\"__box77-arrow\"]"}
COMMAND: POST /session/416e0c1cc5e5391e8fcc7ee7b1fbe604/elements - {"using":"xpath","value":"//*[@id=\"__box77-arrow\"]"}
RESULT: {"using":"xpath","value":"//*[@id=\"__box77-arrow\"]"}
COMMAND: POST /session/416e0c1cc5e5391e8fcc7ee7b1fbe604/elements - {"using":"xpath","value":"//*[@id=\"__box77-arrow\"]"}
RESULT: {"using":"xpath","value":"//*[@id=\"__box77-arrow\"]"}
COMMAND: POST /session/416e0c1cc5e5391e8fcc7ee7b1fbe604/elements - {"using":"xpath","value":"//*[@id=\"__box77-arrow\"]"}
RESULT: {"using":"xpath","value":"//*[@id=\"__box77-arrow\"]"}
COMMAND: POST /session/416e0c1cc5e5391e8fcc7ee7b1fbe604/elements - {"using":"xpath","value":"//*[@id=\"__box77-arrow\"]"}
RESULT: {"using":"xpath","value":"//*[@id=\"__box77-arrow\"]"}
COMMAND: POST /session/416e0c1cc5e5391e8fcc7ee7b1fbe604/elements - {"using":"xpath","value":"//*[@id=\"__box77-arrow\"]"}
RESULT: {"using":"xpath","value":"//*[@id=\"__box77-arrow\"]"}
COMMAND: POST /session/416e0c1cc5e5391e8fcc7ee7b1fbe604/elements - {"using":"xpath","value":"//*[@id=\"__box77-arrow\"]"}
RESULT: {"using":"xpath","value":"//*[@id=\"__box77-arrow\"]"}
COMMAND: POST /session/416e0c1cc5e5391e8fcc7ee7b1fbe604/elements - {"using":"xpath","value":"//*[@id=\"__box77-arrow\"]"}
RESULT: {"using":"xpath","value":"//*[@id=\"__box77-arrow\"]"}
COMMAND: POST /session/416e0c1cc5e5391e8fcc7ee7b1fbe604/elements - {"using":"xpath","value":"//*[@id=\"__box77-arrow\"]"}
RESULT: {"using":"xpath","value":"//*[@id=\"__box77-arrow\"]"}
COMMAND: POST /session/416e0c1cc5e5391e8fcc7ee7b1fbe604/elements - {"using":"xpath","value":"//*[@id=\"__box77-arrow\"]"}
RESULT: {"using":"xpath","value":"//*[@id=\"__box77-arrow\"]"}
COMMAND: POST /session/416e0c1cc5e5391e8fcc7ee7b1fbe604/elements - {"using":"xpath","value":"//*[@id=\"__box77-arrow\"]"}
RESULT: {"using":"xpath","value":"//*[@id=\"__box77-arrow\"]"}
COMMAND: POST /session/416e0c1cc5e5391e8fcc7ee7b1fbe604/elements - {"using":"xpath","value":"//*[@id=\"__box77-arrow\"]"}
RESULT: {"using":"xpath","value":"//*[@id=\"__box77-arrow\"]"}
COMMAND: POST /session/416e0c1cc5e5391e8fcc7ee7b1fbe604/elements - {"using":"xpath","value":"//*[@id=\"__box77-arrow\"]"}
RESULT: {"using":"xpath","value":"//*[@id=\"__box77-arrow\"]"}
COMMAND: POST /session/416e0c1cc5e5391e8fcc7ee7b1fbe604/elements - {"using":"xpath","value":"//*[@id=\"__box77-arrow\"]"}
RESULT: {"using":"xpath","value":"//*[@id=\"__box77-arrow\"]"}
COMMAND: POST /session/416e0c1cc5e5391e8fcc7ee7b1fbe604/elements - {"using":"xpath","value":"//*[@id=\"__box77-arrow\"]"}
RESULT: {"using":"xpath","value":"//*[@id=\"__box77-arrow\"]"}
COMMAND: POST /session/416e0c1cc5e5391e8fcc7ee7b1fbe604/elements - {"using":"xpath","value":"//*[@id=\"__box77-arrow\"]"}
RESULT: {"using":"xpath","value":"//*[@id=\"__box77-arrow\"]"}
COMMAND: POST /session/416e0c1cc5e5391e8fcc7ee7b1fbe604/elements - {"using":"xpath","value":"//*[@id=\"__box77-arrow\"]"}
RESULT: {"using":"xpath","value":"//*[@id=\"__box77-arrow\"]"}
COMMAND: POST /session/416e0c1cc5e5391e8fcc7ee7b1fbe604/elements - {"using":"xpath","value":"//*[@id=\"__box77-arrow\"]"}
RESULT: {"using":"xpath","value":"//*[@id=\"__box77-arrow\"]"}
COMMAND: POST /session/416e0c1cc5e5391e8fcc7ee7b1fbe604/elements - {"using":"xpath","value":"//*[@id=\"__box77-arrow\"]"}
RESULT: {"using":"xpath","value":"//*[@id=\"__box77-arrow\"]"}
COMMAND: POST /session/416e0c1cc5e5391e8fcc7ee7b1fbe604/elements - {"using":"xpath","value":"//*[@id=\"__box77-arrow\"]"}
RESULT: {"using":"xpath","value":"//*[@id=\"__box77-arrow\"]"}
COMMAND: POST /session/416e0c1cc5e5391e8fcc7ee7b1fbe604/elements - {"using":"xpath","value":"//*[@id=\"__box77-arrow\"]"}
RESULT: {"using":"xpath","value":"//*[@id=\"__box77-arrow\"]"}
COMMAND: POST /session/416e0c1cc5e5391e8fcc7ee7b1fbe604/elements - {"using":"xpath","value":"//*[@id=\"__box77-arrow\"]"}
RESULT: {"using":"xpath","value":"//*[@id=\"__box77-arrow\"]"}
COMMAND: POST /session/416e0c1cc5e5391e8fcc7ee7b1fbe604/elements - {"using":"xpath","value":"//*[@id=\"__box77-arrow\"]"}
RESULT: {"using":"xpath","value":"//*[@id=\"__box77-arrow\"]"}
COMMAND: POST /session/416e0c1cc5e5391e8fcc7ee7b1fbe604/elements - {"using":"xpath","value":"//*[@id=\"__box77-arrow\"]"}
RESULT: {"using":"xpath","value":"//*[@id=\"__box77-arrow\"]"}
COMMAND: POST /session/416e0c1cc5e5391e8fcc7ee7b1fbe604/elements - {"using":"xpath","value":"//*[@id=\"__box77-arrow\"]"}
RESULT: {"using":"xpath","value":"//*[@id=\"__box77-arrow\"]"}
COMMAND: POST /session/416e0c1cc5e5391e8fcc7ee7b1fbe604/elements - {"using":"xpath","value":"//*[@id=\"__box77-arrow\"]"}
RESULT: {"using":"xpath","value":"//*[@id=\"__box77-arrow\"]"}
COMMAND: POST /session/416e0c1cc5e5391e8fcc7ee7b1fbe604/elements - {"using":"xpath","value":"//*[@id=\"__box77-arrow\"]"}
RESULT: {"using":"xpath","value":"//*[@id=\"__box77-arrow\"]"}
COMMAND: POST /session/416e0c1cc5e5391e8fcc7ee7b1fbe604/elements - {"using":"xpath","value":"//*[@id=\"__box77-arrow\"]"}
RESULT: {"using":"xpath","value":"//*[@id=\"__box77-arrow\"]"}
COMMAND: POST /session/416e0c1cc5e5391e8fcc7ee7b1fbe604/elements - {"using":"xpath","value":"//*[@id=\"__box77-arrow\"]"}
RESULT: {"using":"xpath","value":"//*[@id=\"__box77-arrow\"]"}
COMMAND: POST /session/416e0c1cc5e5391e8fcc7ee7b1fbe604/elements - {"using":"xpath","value":"//*[@id=\"__box77-arrow\"]"}
RESULT: {"using":"xpath","value":"//*[@id=\"__box77-arrow\"]"}
COMMAND: POST /session/416e0c1cc5e5391e8fcc7ee7b1fbe604/elements - {"using":"xpath","value":"//*[@id=\"__box77-arrow\"]"}
RESULT: {"using":"xpath","value":"//*[@id=\"__box77-arrow\"]"}
COMMAND: POST /session/416e0c1cc5e5391e8fcc7ee7b1fbe604/elements - {"using":"xpath","value":"//*[@id=\"__box77-arrow\"]"}
RESULT: {"using":"xpath","value":"//*[@id=\"__box77-arrow\"]"}
COMMAND: POST /session/416e0c1cc5e5391e8fcc7ee7b1fbe604/elements - {"using":"xpath","value":"//*[@id=\"__box77-arrow\"]"}
RESULT: {"using":"xpath","value":"//*[@id=\"__box77-arrow\"]"}
COMMAND: POST /session/416e0c1cc5e5391e8fcc7ee7b1fbe604/elements - {"using":"xpath","value":"//*[@id=\"__box77-arrow\"]"}
RESULT: {"using":"xpath","value":"//*[@id=\"__box77-arrow\"]"}
COMMAND: POST /session/416e0c1cc5e5391e8fcc7ee7b1fbe604/elements - {"using":"xpath","value":"//*[@id=\"__box77-arrow\"]"}
RESULT: {"using":"xpath","value":"//*[@id=\"__box77-arrow\"]"}
COMMAND: POST /session/416e0c1cc5e5391e8fcc7ee7b1fbe604/elements - {"using":"xpath","value":"//*[@id=\"__box77-arrow\"]"}
RESULT: {"using":"xpath","value":"//*[@id=\"__box77-arrow\"]"}
COMMAND: POST /session/416e0c1cc5e5391e8fcc7ee7b1fbe604/elements - {"using":"xpath","value":"//*[@id=\"__box77-arrow\"]"}
RESULT: {"using":"xpath","value":"//*[@id=\"__box77-arrow\"]"}
COMMAND: POST /session/416e0c1cc5e5391e8fcc7ee7b1fbe604/elements - {"using":"xpath","value":"//*[@id=\"__box77-arrow\"]"}
RESULT: {"using":"xpath","value":"//*[@id=\"__box77-arrow\"]"}
COMMAND: POST /session/416e0c1cc5e5391e8fcc7ee7b1fbe604/elements - {"using":"xpath","value":"//*[@id=\"__box77-arrow\"]"}
RESULT: {"using":"xpath","value":"//*[@id=\"__box77-arrow\"]"}
COMMAND: POST /session/416e0c1cc5e5391e8fcc7ee7b1fbe604/elements - {"using":"xpath","value":"//*[@id=\"__box77-arrow\"]"}
RESULT: {"using":"xpath","value":"//*[@id=\"__box77-arrow\"]"}
COMMAND: POST /session/416e0c1cc5e5391e8fcc7ee7b1fbe604/elements - {"using":"xpath","value":"//*[@id=\"__box77-arrow\"]"}
RESULT: {"using":"xpath","value":"//*[@id=\"__box77-arrow\"]"}
COMMAND: POST /session/416e0c1cc5e5391e8fcc7ee7b1fbe604/elements - {"using":"xpath","value":"//*[@id=\"__box77-arrow\"]"}
RESULT: {"using":"xpath","value":"//*[@id=\"__box77-arrow\"]"}
COMMAND: POST /session/416e0c1cc5e5391e8fcc7ee7b1fbe604/elements - {"using":"xpath","value":"//*[@id=\"__box77-arrow\"]"}
RESULT: {"using":"xpath","value":"//*[@id=\"__box77-arrow\"]"}
COMMAND: POST /session/416e0c1cc5e5391e8fcc7ee7b1fbe604/elements - {"using":"xpath","value":"//*[@id=\"__box77-arrow\"]"}
RESULT: {"using":"xpath","value":"//*[@id=\"__box77-arrow\"]"}
COMMAND: POST /session/416e0c1cc5e5391e8fcc7ee7b1fbe604/elements - {"using":"xpath","value":"//*[@id=\"__box77-arrow\"]"}
RESULT: {"using":"xpath","value":"//*[@id=\"__box77-arrow\"]"}
COMMAND: POST /session/416e0c1cc5e5391e8fcc7ee7b1fbe604/elements - {"using":"xpath","value":"//*[@id=\"__box77-arrow\"]"}
RESULT: {"using":"xpath","value":"//*[@id=\"__box77-arrow\"]"}
COMMAND: POST /session/416e0c1cc5e5391e8fcc7ee7b1fbe604/elements - {"using":"xpath","value":"//*[@id=\"__box77-arrow\"]"}
RESULT: {"using":"xpath","value":"//*[@id=\"__box77-arrow\"]"}
COMMAND: POST /session/416e0c1cc5e5391e8fcc7ee7b1fbe604/elements - {"using":"xpath","value":"//*[@id=\"__box77-arrow\"]"}
RESULT: {"using":"xpath","value":"//*[@id=\"__box77-arrow\"]"}
COMMAND: POST /session/416e0c1cc5e5391e8fcc7ee7b1fbe604/elements - {"using":"xpath","value":"//*[@id=\"__box77-arrow\"]"}
RESULT: {"using":"xpath","value":"//*[@id=\"__box77-arrow\"]"}
COMMAND: POST /session/416e0c1cc5e5391e8fcc7ee7b1fbe604/elements - {"using":"xpath","value":"//*[@id=\"__box77-arrow\"]"}
RESULT: {"using":"xpath","value":"//*[@id=\"__box77-arrow\"]"}
COMMAND: POST /session/416e0c1cc5e5391e8fcc7ee7b1fbe604/elements - {"using":"xpath","value":"//*[@id=\"__box77-arrow\"]"}
RESULT: {"using":"xpath","value":"//*[@id=\"__box77-arrow\"]"}
COMMAND: POST /session/416e0c1cc5e5391e8fcc7ee7b1fbe604/elements - {"using":"xpath","value":"//*[@id=\"__box77-arrow\"]"}
RESULT: {"using":"xpath","value":"//*[@id=\"__box77-arrow\"]"}
COMMAND: POST /session/416e0c1cc5e5391e8fcc7ee7b1fbe604/elements - {"using":"xpath","value":"//*[@id=\"__box77-arrow\"]"}
RESULT: {"using":"xpath","value":"//*[@id=\"__box77-arrow\"]"}
COMMAND: POST /session/416e0c1cc5e5391e8fcc7ee7b1fbe604/elements - {"using":"xpath","value":"//*[@id=\"__box77-arrow\"]"}
RESULT: {"using":"xpath","value":"//*[@id=\"__box77-arrow\"]"}
COMMAND: POST /session/416e0c1cc5e5391e8fcc7ee7b1fbe604/elements - {"using":"xpath","value":"//*[@id=\"__box77-arrow\"]"}
RESULT: {"using":"xpath","value":"//*[@id=\"__box77-arrow\"]"}
COMMAND: POST /session/416e0c1cc5e5391e8fcc7ee7b1fbe604/elements - {"using":"xpath","value":"//*[@id=\"__box77-arrow\"]"}
RESULT: {"using":"xpath","value":"//*[@id=\"__box77-arrow\"]"}
COMMAND: POST /session/416e0c1cc5e5391e8fcc7ee7b1fbe604/elements - {"using":"xpath","value":"//*[@id=\"__box77-arrow\"]"}
RESULT: {"using":"xpath","value":"//*[@id=\"__box77-arrow\"]"}
COMMAND: POST /session/416e0c1cc5e5391e8fcc7ee7b1fbe604/elements - {"using":"xpath","value":"//*[@id=\"__box77-arrow\"]"}
RESULT: {"using":"xpath","value":"//*[@id=\"__box77-arrow\"]"}
COMMAND: POST /session/416e0c1cc5e5391e8fcc7ee7b1fbe604/elements - {"using":"xpath","value":"//*[@id=\"__box77-arrow\"]"}
RESULT: {"using":"xpath","value":"//*[@id=\"__box77-arrow\"]"}
COMMAND: POST /session/416e0c1cc5e5391e8fcc7ee7b1fbe604/elements - {"using":"xpath","value":"//*[@id=\"__box77-arrow\"]"}
RESULT: {"using":"xpath","value":"//*[@id=\"__box77-arrow\"]"}
COMMAND: POST /session/416e0c1cc5e5391e8fcc7ee7b1fbe604/elements - {"using":"xpath","value":"//*[@id=\"__box77-arrow\"]"}
RESULT: {"using":"xpath","value":"//*[@id=\"__box77-arrow\"]"}
COMMAND: POST /session/416e0c1cc5e5391e8fcc7ee7b1fbe604/elements - {"using":"xpath","value":"//*[@id=\"__box77-arrow\"]"}
RESULT: {"using":"xpath","value":"//*[@id=\"__box77-arrow\"]"}
COMMAND: POST /session/416e0c1cc5e5391e8fcc7ee7b1fbe604/elements - {"using":"xpath","value":"//*[@id=\"__box77-arrow\"]"}
RESULT: {"using":"xpath","value":"//*[@id=\"__box77-arrow\"]"}
COMMAND: POST /session/416e0c1cc5e5391e8fcc7ee7b1fbe604/elements - {"using":"xpath","value":"//*[@id=\"__box77-arrow\"]"}
RESULT: {"using":"xpath","value":"//*[@id=\"__box77-arrow\"]"}
COMMAND: POST /session/416e0c1cc5e5391e8fcc7ee7b1fbe604/elements - {"using":"xpath","value":"//*[@id=\"__box77-arrow\"]"}
RESULT: {"using":"xpath","value":"//*[@id=\"__box77-arrow\"]"}
COMMAND: POST /session/416e0c1cc5e5391e8fcc7ee7b1fbe604/elements - {"using":"xpath","value":"//*[@id=\"__box77-arrow\"]"}
RESULT: {"using":"xpath","value":"//*[@id=\"__box77-arrow\"]"}
COMMAND: POST /session/416e0c1cc5e5391e8fcc7ee7b1fbe604/elements - {"using":"xpath","value":"//*[@id=\"__box77-arrow\"]"}
RESULT: {"using":"xpath","value":"//*[@id=\"__box77-arrow\"]"}
COMMAND: POST /session/416e0c1cc5e5391e8fcc7ee7b1fbe604/elements - {"using":"xpath","value":"//*[@id=\"__box77-arrow\"]"}
RESULT: {"using":"xpath","value":"//*[@id=\"__box77-arrow\"]"}
COMMAND: POST /session/416e0c1cc5e5391e8fcc7ee7b1fbe604/elements - {"using":"xpath","value":"//*[@id=\"__box77-arrow\"]"}
RESULT: {"using":"xpath","value":"//*[@id=\"__box77-arrow\"]"}
COMMAND: POST /session/416e0c1cc5e5391e8fcc7ee7b1fbe604/elements - {"using":"xpath","value":"//*[@id=\"__box77-arrow\"]"}
RESULT: {"using":"xpath","value":"//*[@id=\"__box77-arrow\"]"}
COMMAND: POST /session/416e0c1cc5e5391e8fcc7ee7b1fbe604/elements - {"using":"xpath","value":"//*[@id=\"__box77-arrow\"]"}
RESULT: {"using":"xpath","value":"//*[@id=\"__box77-arrow\"]"}
COMMAND: POST /session/416e0c1cc5e5391e8fcc7ee7b1fbe604/elements - {"using":"xpath","value":"//*[@id=\"__box77-arrow\"]"}
RESULT: {"using":"xpath","value":"//*[@id=\"__box77-arrow\"]"}
COMMAND: POST /session/416e0c1cc5e5391e8fcc7ee7b1fbe604/elements - {"using":"xpath","value":"//*[@id=\"__box77-arrow\"]"}
RESULT: {"using":"xpath","value":"//*[@id=\"__box77-arrow\"]"}
COMMAND: POST /session/416e0c1cc5e5391e8fcc7ee7b1fbe604/element - {"using":"xpath","value":"//li[.//span[text()='equal to']]"}
RESULT: {"using":"xpath","value":"//li[.//span[text()='equal to']]"}
COMMAND: POST /session/416e0c1cc5e5391e8fcc7ee7b1fbe604/elements - {"using":"xpath","value":"//li[.//span[text()='equal to']]"}
RESULT: {"using":"xpath","value":"//li[.//span[text()='equal to']]"}
COMMAND: POST /session/416e0c1cc5e5391e8fcc7ee7b1fbe604/elements - {"using":"xpath","value":"//li[.//span[text()='equal to']]"}
RESULT: {"using":"xpath","value":"//li[.//span[text()='equal to']]"}
COMMAND: POST /session/416e0c1cc5e5391e8fcc7ee7b1fbe604/elements - {"using":"xpath","value":"//li[.//span[text()='equal to']]"}
RESULT: {"using":"xpath","value":"//li[.//span[text()='equal to']]"}
COMMAND: POST /session/416e0c1cc5e5391e8fcc7ee7b1fbe604/elements - {"using":"xpath","value":"//li[.//span[text()='equal to']]"}
RESULT: {"using":"xpath","value":"//li[.//span[text()='equal to']]"}
COMMAND: POST /session/416e0c1cc5e5391e8fcc7ee7b1fbe604/elements - {"using":"xpath","value":"//li[.//span[text()='equal to']]"}
RESULT: {"using":"xpath","value":"//li[.//span[text()='equal to']]"}
COMMAND: POST /session/416e0c1cc5e5391e8fcc7ee7b1fbe604/elements - {"using":"xpath","value":"//li[.//span[text()='equal to']]"}
RESULT: {"using":"xpath","value":"//li[.//span[text()='equal to']]"}
COMMAND: POST /session/416e0c1cc5e5391e8fcc7ee7b1fbe604/elements - {"using":"xpath","value":"//li[.//span[text()='equal to']]"}
RESULT: {"using":"xpath","value":"//li[.//span[text()='equal to']]"}
COMMAND: POST /session/416e0c1cc5e5391e8fcc7ee7b1fbe604/elements - {"using":"xpath","value":"//li[.//span[text()='equal to']]"}
RESULT: {"using":"xpath","value":"//li[.//span[text()='equal to']]"}
COMMAND: POST /session/416e0c1cc5e5391e8fcc7ee7b1fbe604/elements - {"using":"xpath","value":"//li[.//span[text()='equal to']]"}
RESULT: {"using":"xpath","value":"//li[.//span[text()='equal to']]"}
COMMAND: POST /session/416e0c1cc5e5391e8fcc7ee7b1fbe604/elements - {"using":"xpath","value":"//li[.//span[text()='equal to']]"}
RESULT: {"using":"xpath","value":"//li[.//span[text()='equal to']]"}
COMMAND: POST /session/416e0c1cc5e5391e8fcc7ee7b1fbe604/elements - {"using":"xpath","value":"//li[.//span[text()='equal to']]"}
RESULT: {"using":"xpath","value":"//li[.//span[text()='equal to']]"}
COMMAND: POST /session/416e0c1cc5e5391e8fcc7ee7b1fbe604/elements - {"using":"xpath","value":"//li[.//span[text()='equal to']]"}
RESULT: {"using":"xpath","value":"//li[.//span[text()='equal to']]"}
COMMAND: POST /session/416e0c1cc5e5391e8fcc7ee7b1fbe604/elements - {"using":"xpath","value":"//li[.//span[text()='equal to']]"}
RESULT: {"using":"xpath","value":"//li[.//span[text()='equal to']]"}
COMMAND: POST /session/416e0c1cc5e5391e8fcc7ee7b1fbe604/elements - {"using":"xpath","value":"//li[.//span[text()='equal to']]"}
RESULT: {"using":"xpath","value":"//li[.//span[text()='equal to']]"}
COMMAND: POST /session/416e0c1cc5e5391e8fcc7ee7b1fbe604/elements - {"using":"xpath","value":"//li[.//span[text()='equal to']]"}
RESULT: {"using":"xpath","value":"//li[.//span[text()='equal to']]"}
COMMAND: POST /session/416e0c1cc5e5391e8fcc7ee7b1fbe604/elements - {"using":"xpath","value":"//li[.//span[text()='equal to']]"}
RESULT: {"using":"xpath","value":"//li[.//span[text()='equal to']]"}
COMMAND: POST /session/416e0c1cc5e5391e8fcc7ee7b1fbe604/elements - {"using":"xpath","value":"//li[.//span[text()='equal to']]"}
RESULT: {"using":"xpath","value":"//li[.//span[text()='equal to']]"}
COMMAND: POST /session/416e0c1cc5e5391e8fcc7ee7b1fbe604/elements - {"using":"xpath","value":"//li[.//span[text()='equal to']]"}
RESULT: {"using":"xpath","value":"//li[.//span[text()='equal to']]"}
COMMAND: POST /session/416e0c1cc5e5391e8fcc7ee7b1fbe604/elements - {"using":"xpath","value":"//li[.//span[text()='equal to']]"}
RESULT: {"using":"xpath","value":"//li[.//span[text()='equal to']]"}
COMMAND: POST /session/416e0c1cc5e5391e8fcc7ee7b1fbe604/elements - {"using":"xpath","value":"//li[.//span[text()='equal to']]"}
RESULT: {"using":"xpath","value":"//li[.//span[text()='equal to']]"}
COMMAND: POST /session/416e0c1cc5e5391e8fcc7ee7b1fbe604/elements - {"using":"xpath","value":"//li[.//span[text()='equal to']]"}
RESULT: {"using":"xpath","value":"//li[.//span[text()='equal to']]"}
COMMAND: POST /session/416e0c1cc5e5391e8fcc7ee7b1fbe604/elements - {"using":"xpath","value":"//li[.//span[text()='equal to']]"}
RESULT: {"using":"xpath","value":"//li[.//span[text()='equal to']]"}
COMMAND: POST /session/416e0c1cc5e5391e8fcc7ee7b1fbe604/elements - {"using":"xpath","value":"//li[.//span[text()='equal to']]"}
RESULT: {"using":"xpath","value":"//li[.//span[text()='equal to']]"}
COMMAND: POST /session/416e0c1cc5e5391e8fcc7ee7b1fbe604/elements - {"using":"xpath","value":"//li[.//span[text()='equal to']]"}
RESULT: {"using":"xpath","value":"//li[.//span[text()='equal to']]"}
COMMAND: POST /session/416e0c1cc5e5391e8fcc7ee7b1fbe604/elements - {"using":"xpath","value":"//li[.//span[text()='equal to']]"}
RESULT: {"using":"xpath","value":"//li[.//span[text()='equal to']]"}
COMMAND: POST /session/416e0c1cc5e5391e8fcc7ee7b1fbe604/elements - {"using":"xpath","value":"//li[.//span[text()='equal to']]"}
RESULT: {"using":"xpath","value":"//li[.//span[text()='equal to']]"}
COMMAND: POST /session/416e0c1cc5e5391e8fcc7ee7b1fbe604/elements - {"using":"xpath","value":"//li[.//span[text()='equal to']]"}
RESULT: {"using":"xpath","value":"//li[.//span[text()='equal to']]"}
COMMAND: POST /session/416e0c1cc5e5391e8fcc7ee7b1fbe604/elements - {"using":"xpath","value":"//li[.//span[text()='equal to']]"}
RESULT: {"using":"xpath","value":"//li[.//span[text()='equal to']]"}
COMMAND: POST /session/416e0c1cc5e5391e8fcc7ee7b1fbe604/elements - {"using":"xpath","value":"//li[.//span[text()='equal to']]"}
RESULT: {"using":"xpath","value":"//li[.//span[text()='equal to']]"}
COMMAND: POST /session/416e0c1cc5e5391e8fcc7ee7b1fbe604/elements - {"using":"xpath","value":"//li[.//span[text()='equal to']]"}
RESULT: {"using":"xpath","value":"//li[.//span[text()='equal to']]"}
COMMAND: POST /session/416e0c1cc5e5391e8fcc7ee7b1fbe604/elements - {"using":"xpath","value":"//li[.//span[text()='equal to']]"}
RESULT: {"using":"xpath","value":"//li[.//span[text()='equal to']]"}
COMMAND: POST /session/416e0c1cc5e5391e8fcc7ee7b1fbe604/elements - {"using":"xpath","value":"//li[.//span[text()='equal to']]"}
RESULT: {"using":"xpath","value":"//li[.//span[text()='equal to']]"}
COMMAND: POST /session/416e0c1cc5e5391e8fcc7ee7b1fbe604/elements - {"using":"xpath","value":"//li[.//span[text()='equal to']]"}
RESULT: {"using":"xpath","value":"//li[.//span[text()='equal to']]"}
COMMAND: POST /session/416e0c1cc5e5391e8fcc7ee7b1fbe604/elements - {"using":"xpath","value":"//li[.//span[text()='equal to']]"}
RESULT: {"using":"xpath","value":"//li[.//span[text()='equal to']]"}
COMMAND: POST /session/416e0c1cc5e5391e8fcc7ee7b1fbe604/elements - {"using":"xpath","value":"//li[.//span[text()='equal to']]"}
RESULT: {"using":"xpath","value":"//li[.//span[text()='equal to']]"}
COMMAND: POST /session/416e0c1cc5e5391e8fcc7ee7b1fbe604/elements - {"using":"xpath","value":"//li[.//span[text()='equal to']]"}
RESULT: {"using":"xpath","value":"//li[.//span[text()='equal to']]"}
COMMAND: POST /session/416e0c1cc5e5391e8fcc7ee7b1fbe604/elements - {"using":"xpath","value":"//li[.//span[text()='equal to']]"}
RESULT: {"using":"xpath","value":"//li[.//span[text()='equal to']]"}
COMMAND: POST /session/416e0c1cc5e5391e8fcc7ee7b1fbe604/elements - {"using":"xpath","value":"//li[.//span[text()='equal to']]"}
RESULT: {"using":"xpath","value":"//li[.//span[text()='equal to']]"}
COMMAND: POST /session/416e0c1cc5e5391e8fcc7ee7b1fbe604/elements - {"using":"xpath","value":"//li[.//span[text()='equal to']]"}
RESULT: {"using":"xpath","value":"//li[.//span[text()='equal to']]"}
COMMAND: POST /session/416e0c1cc5e5391e8fcc7ee7b1fbe604/elements - {"using":"xpath","value":"//li[.//span[text()='equal to']]"}
RESULT: {"using":"xpath","value":"//li[.//span[text()='equal to']]"}
COMMAND: POST /session/416e0c1cc5e5391e8fcc7ee7b1fbe604/elements - {"using":"xpath","value":"//li[.//span[text()='equal to']]"}
RESULT: {"using":"xpath","value":"//li[.//span[text()='equal to']]"}
COMMAND: POST /session/416e0c1cc5e5391e8fcc7ee7b1fbe604/elements - {"using":"xpath","value":"//li[.//span[text()='equal to']]"}
RESULT: {"using":"xpath","value":"//li[.//span[text()='equal to']]"}
COMMAND: POST /session/416e0c1cc5e5391e8fcc7ee7b1fbe604/elements - {"using":"xpath","value":"//li[.//span[text()='equal to']]"}
RESULT: {"using":"xpath","value":"//li[.//span[text()='equal to']]"}
COMMAND: POST /session/416e0c1cc5e5391e8fcc7ee7b1fbe604/elements - {"using":"xpath","value":"//li[.//span[text()='equal to']]"}
RESULT: {"using":"xpath","value":"//li[.//span[text()='equal to']]"}
COMMAND: POST /session/416e0c1cc5e5391e8fcc7ee7b1fbe604/elements - {"using":"xpath","value":"//li[.//span[text()='equal to']]"}
RESULT: {"using":"xpath","value":"//li[.//span[text()='equal to']]"}
COMMAND: POST /session/416e0c1cc5e5391e8fcc7ee7b1fbe604/elements - {"using":"xpath","value":"//li[.//span[text()='equal to']]"}
RESULT: {"using":"xpath","value":"//li[.//span[text()='equal to']]"}
COMMAND: POST /session/416e0c1cc5e5391e8fcc7ee7b1fbe604/elements - {"using":"xpath","value":"//li[.//span[text()='equal to']]"}
RESULT: {"using":"xpath","value":"//li[.//span[text()='equal to']]"}
COMMAND: POST /session/416e0c1cc5e5391e8fcc7ee7b1fbe604/elements - {"using":"xpath","value":"//li[.//span[text()='equal to']]"}
RESULT: {"using":"xpath","value":"//li[.//span[text()='equal to']]"}
COMMAND: POST /session/416e0c1cc5e5391e8fcc7ee7b1fbe604/elements - {"using":"xpath","value":"//li[.//span[text()='equal to']]"}
RESULT: {"using":"xpath","value":"//li[.//span[text()='equal to']]"}
COMMAND: POST /session/416e0c1cc5e5391e8fcc7ee7b1fbe604/elements - {"using":"xpath","value":"//li[.//span[text()='equal to']]"}
RESULT: {"using":"xpath","value":"//li[.//span[text()='equal to']]"}
COMMAND: POST /session/416e0c1cc5e5391e8fcc7ee7b1fbe604/elements - {"using":"xpath","value":"//li[.//span[text()='equal to']]"}
RESULT: {"using":"xpath","value":"//li[.//span[text()='equal to']]"}
COMMAND: POST /session/416e0c1cc5e5391e8fcc7ee7b1fbe604/elements - {"using":"xpath","value":"//li[.//span[text()='equal to']]"}
RESULT: {"using":"xpath","value":"//li[.//span[text()='equal to']]"}
COMMAND: POST /session/416e0c1cc5e5391e8fcc7ee7b1fbe604/elements - {"using":"xpath","value":"//li[.//span[text()='equal to']]"}
RESULT: {"using":"xpath","value":"//li[.//span[text()='equal to']]"}
COMMAND: POST /session/416e0c1cc5e5391e8fcc7ee7b1fbe604/elements - {"using":"xpath","value":"//li[.//span[text()='equal to']]"}
RESULT: {"using":"xpath","value":"//li[.//span[text()='equal to']]"}
COMMAND: POST /session/416e0c1cc5e5391e8fcc7ee7b1fbe604/elements - {"using":"xpath","value":"//li[.//span[text()='equal to']]"}
RESULT: {"using":"xpath","value":"//li[.//span[text()='equal to']]"}
COMMAND: POST /session/416e0c1cc5e5391e8fcc7ee7b1fbe604/elements - {"using":"xpath","value":"//li[.//span[text()='equal to']]"}
RESULT: {"using":"xpath","value":"//li[.//span[text()='equal to']]"}
COMMAND: POST /session/416e0c1cc5e5391e8fcc7ee7b1fbe604/elements - {"using":"xpath","value":"//li[.//span[text()='equal to']]"}
RESULT: {"using":"xpath","value":"//li[.//span[text()='equal to']]"}
COMMAND: POST /session/416e0c1cc5e5391e8fcc7ee7b1fbe604/elements - {"using":"xpath","value":"//li[.//span[text()='equal to']]"}
RESULT: {"using":"xpath","value":"//li[.//span[text()='equal to']]"}
COMMAND: POST /session/416e0c1cc5e5391e8fcc7ee7b1fbe604/elements - {"using":"xpath","value":"//li[.//span[text()='equal to']]"}
RESULT: {"using":"xpath","value":"//li[.//span[text()='equal to']]"}
COMMAND: POST /session/416e0c1cc5e5391e8fcc7ee7b1fbe604/elements - {"using":"xpath","value":"//li[.//span[text()='equal to']]"}
RESULT: {"using":"xpath","value":"//li[.//span[text()='equal to']]"}
COMMAND: POST /session/416e0c1cc5e5391e8fcc7ee7b1fbe604/elements - {"using":"xpath","value":"//li[.//span[text()='equal to']]"}
RESULT: {"using":"xpath","value":"//li[.//span[text()='equal to']]"}
COMMAND: POST /session/416e0c1cc5e5391e8fcc7ee7b1fbe604/elements - {"using":"xpath","value":"//li[.//span[text()='equal to']]"}
RESULT: {"using":"xpath","value":"//li[.//span[text()='equal to']]"}
COMMAND: POST /session/416e0c1cc5e5391e8fcc7ee7b1fbe604/elements - {"using":"xpath","value":"//li[.//span[text()='equal to']]"}
RESULT: {"using":"xpath","value":"//li[.//span[text()='equal to']]"}
COMMAND: POST /session/416e0c1cc5e5391e8fcc7ee7b1fbe604/elements - {"using":"xpath","value":"//li[.//span[text()='equal to']]"}
RESULT: {"using":"xpath","value":"//li[.//span[text()='equal to']]"}
COMMAND: POST /session/416e0c1cc5e5391e8fcc7ee7b1fbe604/elements - {"using":"xpath","value":"//li[.//span[text()='equal to']]"}
RESULT: {"using":"xpath","value":"//li[.//span[text()='equal to']]"}
COMMAND: POST /session/416e0c1cc5e5391e8fcc7ee7b1fbe604/elements - {"using":"xpath","value":"//li[.//span[text()='equal to']]"}
RESULT: {"using":"xpath","value":"//li[.//span[text()='equal to']]"}
COMMAND: POST /session/416e0c1cc5e5391e8fcc7ee7b1fbe604/elements - {"using":"xpath","value":"//li[.//span[text()='equal to']]"}
RESULT: {"using":"xpath","value":"//li[.//span[text()='equal to']]"}
COMMAND: POST /session/416e0c1cc5e5391e8fcc7ee7b1fbe604/elements - {"using":"xpath","value":"//li[.//span[text()='equal to']]"}
RESULT: {"using":"xpath","value":"//li[.//span[text()='equal to']]"}
COMMAND: POST /session/416e0c1cc5e5391e8fcc7ee7b1fbe604/elements - {"using":"xpath","value":"//li[.//span[text()='equal to']]"}
RESULT: {"using":"xpath","value":"//li[.//span[text()='equal to']]"}
COMMAND: POST /session/416e0c1cc5e5391e8fcc7ee7b1fbe604/elements - {"using":"xpath","value":"//li[.//span[text()='equal to']]"}
RESULT: {"using":"xpath","value":"//li[.//span[text()='equal to']]"}
COMMAND: POST /session/416e0c1cc5e5391e8fcc7ee7b1fbe604/elements - {"using":"xpath","value":"//li[.//span[text()='equal to']]"}
RESULT: {"using":"xpath","value":"//li[.//span[text()='equal to']]"}
COMMAND: POST /session/416e0c1cc5e5391e8fcc7ee7b1fbe604/elements - {"using":"xpath","value":"//li[.//span[text()='equal to']]"}
RESULT: {"using":"xpath","value":"//li[.//span[text()='equal to']]"}
COMMAND: POST /session/416e0c1cc5e5391e8fcc7ee7b1fbe604/elements - {"using":"xpath","value":"//li[.//span[text()='equal to']]"}
RESULT: {"using":"xpath","value":"//li[.//span[text()='equal to']]"}
COMMAND: POST /session/416e0c1cc5e5391e8fcc7ee7b1fbe604/elements - {"using":"xpath","value":"//li[.//span[text()='equal to']]"}
RESULT: {"using":"xpath","value":"//li[.//span[text()='equal to']]"}
COMMAND: POST /session/416e0c1cc5e5391e8fcc7ee7b1fbe604/elements - {"using":"xpath","value":"//li[.//span[text()='equal to']]"}
RESULT: {"using":"xpath","value":"//li[.//span[text()='equal to']]"}
COMMAND: POST /session/416e0c1cc5e5391e8fcc7ee7b1fbe604/elements - {"using":"xpath","value":"//li[.//span[text()='equal to']]"}
RESULT: {"using":"xpath","value":"//li[.//span[text()='equal to']]"}
COMMAND: POST /session/416e0c1cc5e5391e8fcc7ee7b1fbe604/elements - {"using":"xpath","value":"//li[.//span[text()='equal to']]"}
RESULT: {"using":"xpath","value":"//li[.//span[text()='equal to']]"}
COMMAND: POST /session/416e0c1cc5e5391e8fcc7ee7b1fbe604/elements - {"using":"xpath","value":"//li[.//span[text()='equal to']]"}
RESULT: {"using":"xpath","value":"//li[.//span[text()='equal to']]"}
COMMAND: POST /session/416e0c1cc5e5391e8fcc7ee7b1fbe604/elements - {"using":"xpath","value":"//li[.//span[text()='equal to']]"}
RESULT: {"using":"xpath","value":"//li[.//span[text()='equal to']]"}
COMMAND: POST /session/416e0c1cc5e5391e8fcc7ee7b1fbe604/elements - {"using":"xpath","value":"//li[.//span[text()='equal to']]"}
RESULT: {"using":"xpath","value":"//li[.//span[text()='equal to']]"}
COMMAND: POST /session/416e0c1cc5e5391e8fcc7ee7b1fbe604/elements - {"using":"xpath","value":"//li[.//span[text()='equal to']]"}
RESULT: {"using":"xpath","value":"//li[.//span[text()='equal to']]"}
COMMAND: POST /session/416e0c1cc5e5391e8fcc7ee7b1fbe604/elements - {"using":"xpath","value":"//li[.//span[text()='equal to']]"}
RESULT: {"using":"xpath","value":"//li[.//span[text()='equal to']]"}
COMMAND: POST /session/416e0c1cc5e5391e8fcc7ee7b1fbe604/elements - {"using":"xpath","value":"//li[.//span[text()='equal to']]"}
RESULT: {"using":"xpath","value":"//li[.//span[text()='equal to']]"}
COMMAND: POST /session/416e0c1cc5e5391e8fcc7ee7b1fbe604/elements - {"using":"xpath","value":"//li[.//span[text()='equal to']]"}
RESULT: {"using":"xpath","value":"//li[.//span[text()='equal to']]"}
COMMAND: POST /session/416e0c1cc5e5391e8fcc7ee7b1fbe604/elements - {"using":"xpath","value":"//li[.//span[text()='equal to']]"}
RESULT: {"using":"xpath","value":"//li[.//span[text()='equal to']]"}
COMMAND: POST /session/416e0c1cc5e5391e8fcc7ee7b1fbe604/elements - {"using":"xpath","value":"//li[.//span[text()='equal to']]"}
RESULT: {"using":"xpath","value":"//li[.//span[text()='equal to']]"}
COMMAND: POST /session/416e0c1cc5e5391e8fcc7ee7b1fbe604/elements - {"using":"xpath","value":"//li[.//span[text()='equal to']]"}
RESULT: {"using":"xpath","value":"//li[.//span[text()='equal to']]"}
COMMAND: POST /session/416e0c1cc5e5391e8fcc7ee7b1fbe604/elements - {"using":"xpath","value":"//li[.//span[text()='equal to']]"}
RESULT: {"using":"xpath","value":"//li[.//span[text()='equal to']]"}
COMMAND: POST /session/416e0c1cc5e5391e8fcc7ee7b1fbe604/elements - {"using":"xpath","value":"//li[.//span[text()='equal to']]"}
RESULT: {"using":"xpath","value":"//li[.//span[text()='equal to']]"}
COMMAND: POST /session/416e0c1cc5e5391e8fcc7ee7b1fbe604/elements - {"using":"xpath","value":"//li[.//span[text()='equal to']]"}
RESULT: {"using":"xpath","value":"//li[.//span[text()='equal to']]"}
COMMAND: POST /session/416e0c1cc5e5391e8fcc7ee7b1fbe604/elements - {"using":"xpath","value":"//li[.//span[text()='equal to']]"}
RESULT: {"using":"xpath","value":"//li[.//span[text()='equal to']]"}
COMMAND: POST /session/416e0c1cc5e5391e8fcc7ee7b1fbe604/elements - {"using":"xpath","value":"//li[.//span[text()='equal to']]"}
RESULT: {"using":"xpath","value":"//li[.//span[text()='equal to']]"}
COMMAND: POST /session/416e0c1cc5e5391e8fcc7ee7b1fbe604/elements - {"using":"xpath","value":"//li[.//span[text()='equal to']]"}
RESULT: {"using":"xpath","value":"//li[.//span[text()='equal to']]"}
COMMAND: POST /session/416e0c1cc5e5391e8fcc7ee7b1fbe604/elements - {"using":"xpath","value":"//li[.//span[text()='equal to']]"}
RESULT: {"using":"xpath","value":"//li[.//span[text()='equal to']]"}
COMMAND: POST /session/416e0c1cc5e5391e8fcc7ee7b1fbe604/elements - {"using":"xpath","value":"//li[.//span[text()='equal to']]"}
RESULT: {"using":"xpath","value":"//li[.//span[text()='equal to']]"}
COMMAND: POST /session/416e0c1cc5e5391e8fcc7ee7b1fbe604/elements - {"using":"xpath","value":"//li[.//span[text()='equal to']]"}
RESULT: {"using":"xpath","value":"//li[.//span[text()='equal to']]"}
COMMAND: POST /session/416e0c1cc5e5391e8fcc7ee7b1fbe604/elements - {"using":"xpath","value":"//li[.//span[text()='equal to']]"}
RESULT: {"using":"xpath","value":"//li[.//span[text()='equal to']]"}
COMMAND: POST /session/416e0c1cc5e5391e8fcc7ee7b1fbe604/elements - {"using":"xpath","value":"//li[.//span[text()='equal to']]"}
RESULT: {"using":"xpath","value":"//li[.//span[text()='equal to']]"}
COMMAND: POST /session/416e0c1cc5e5391e8fcc7ee7b1fbe604/elements - {"using":"xpath","value":"//li[.//span[text()='equal to']]"}
RESULT: {"using":"xpath","value":"//li[.//span[text()='equal to']]"}
COMMAND: POST /session/416e0c1cc5e5391e8fcc7ee7b1fbe604/elements - {"using":"xpath","value":"//li[.//span[text()='equal to']]"}
RESULT: {"using":"xpath","value":"//li[.//span[text()='equal to']]"}
COMMAND: POST /session/416e0c1cc5e5391e8fcc7ee7b1fbe604/elements - {"using":"xpath","value":"//li[.//span[text()='equal to']]"}
RESULT: {"using":"xpath","value":"//li[.//span[text()='equal to']]"}
COMMAND: POST /session/416e0c1cc5e5391e8fcc7ee7b1fbe604/elements - {"using":"xpath","value":"//li[.//span[text()='equal to']]"}
RESULT: {"using":"xpath","value":"//li[.//span[text()='equal to']]"}
COMMAND: POST /session/416e0c1cc5e5391e8fcc7ee7b1fbe604/elements - {"using":"xpath","value":"//li[.//span[text()='equal to']]"}
RESULT: {"using":"xpath","value":"//li[.//span[text()='equal to']]"}
COMMAND: POST /session/416e0c1cc5e5391e8fcc7ee7b1fbe604/elements - {"using":"xpath","value":"//li[.//span[text()='equal to']]"}
RESULT: {"using":"xpath","value":"//li[.//span[text()='equal to']]"}
COMMAND: POST /session/416e0c1cc5e5391e8fcc7ee7b1fbe604/elements - {"using":"xpath","value":"//li[.//span[text()='equal to']]"}
RESULT: {"using":"xpath","value":"//li[.//span[text()='equal to']]"}
COMMAND: POST /session/416e0c1cc5e5391e8fcc7ee7b1fbe604/elements - {"using":"xpath","value":"//li[.//span[text()='equal to']]"}
RESULT: {"using":"xpath","value":"//li[.//span[text()='equal to']]"}
COMMAND: POST /session/416e0c1cc5e5391e8fcc7ee7b1fbe604/elements - {"using":"xpath","value":"//li[.//span[text()='equal to']]"}
RESULT: {"using":"xpath","value":"//li[.//span[text()='equal to']]"}
COMMAND: POST /session/416e0c1cc5e5391e8fcc7ee7b1fbe604/elements - {"using":"xpath","value":"//li[.//span[text()='equal to']]"}
RESULT: {"using":"xpath","value":"//li[.//span[text()='equal to']]"}
COMMAND: POST /session/416e0c1cc5e5391e8fcc7ee7b1fbe604/elements - {"using":"xpath","value":"//li[.//span[text()='equal to']]"}
RESULT: {"using":"xpath","value":"//li[.//span[text()='equal to']]"}
COMMAND: POST /session/416e0c1cc5e5391e8fcc7ee7b1fbe604/elements - {"using":"xpath","value":"//li[.//span[text()='equal to']]"}
RESULT: {"using":"xpath","value":"//li[.//span[text()='equal to']]"}
COMMAND: POST /session/416e0c1cc5e5391e8fcc7ee7b1fbe604/elements - {"using":"xpath","value":"//li[.//span[text()='equal to']]"}
RESULT: {"using":"xpath","value":"//li[.//span[text()='equal to']]"}
COMMAND: POST /session/416e0c1cc5e5391e8fcc7ee7b1fbe604/elements - {"using":"xpath","value":"//li[.//span[text()='equal to']]"}
RESULT: {"using":"xpath","value":"//li[.//span[text()='equal to']]"}
COMMAND: POST /session/416e0c1cc5e5391e8fcc7ee7b1fbe604/elements - {"using":"xpath","value":"//li[.//span[text()='equal to']]"}
RESULT: {"using":"xpath","value":"//li[.//span[text()='equal to']]"}
COMMAND: POST /session/416e0c1cc5e5391e8fcc7ee7b1fbe604/elements - {"using":"xpath","value":"//li[.//span[text()='equal to']]"}
RESULT: {"using":"xpath","value":"//li[.//span[text()='equal to']]"}
COMMAND: POST /session/416e0c1cc5e5391e8fcc7ee7b1fbe604/elements - {"using":"xpath","value":"//li[.//span[text()='equal to']]"}
RESULT: {"using":"xpath","value":"//li[.//span[text()='equal to']]"}
COMMAND: POST /session/416e0c1cc5e5391e8fcc7ee7b1fbe604/elements - {"using":"xpath","value":"//li[.//span[text()='equal to']]"}
RESULT: {"using":"xpath","value":"//li[.//span[text()='equal to']]"}
COMMAND: POST /session/416e0c1cc5e5391e8fcc7ee7b1fbe604/elements - {"using":"xpath","value":"//li[.//span[text()='equal to']]"}
RESULT: {"using":"xpath","value":"//li[.//span[text()='equal to']]"}
COMMAND: POST /session/416e0c1cc5e5391e8fcc7ee7b1fbe604/elements - {"using":"xpath","value":"//li[.//span[text()='equal to']]"}
RESULT: {"using":"xpath","value":"//li[.//span[text()='equal to']]"}
COMMAND: POST /session/416e0c1cc5e5391e8fcc7ee7b1fbe604/elements - {"using":"xpath","value":"//li[.//span[text()='equal to']]"}
RESULT: {"using":"xpath","value":"//li[.//span[text()='equal to']]"}
COMMAND: POST /session/416e0c1cc5e5391e8fcc7ee7b1fbe604/elements - {"using":"xpath","value":"//li[.//span[text()='equal to']]"}
RESULT: {"using":"xpath","value":"//li[.//span[text()='equal to']]"}
COMMAND: POST /session/416e0c1cc5e5391e8fcc7ee7b1fbe604/elements - {"using":"xpath","value":"//li[.//span[text()='equal to']]"}
COMMAND: GET /session/416e0c1cc5e5391e8fcc7ee7b1fbe604/screenshot - {}
RESULT: {"using":"xpath","value":"//li[.//span[text()='equal to']]"}
RESULT: {}
]]></system-out>
      <system-err><![CDATA[
Error: Can't call click on element with selector "//li[.//span[text()='equal to']]" because element wasn't found
    at async Context.<anonymous> (D:\a\1\s\test\specs\BTS\manage-partners.spec.js:805:9)
]]></system-err>
    </testcase>
  </testsuite>
</testsuites>