<?xml version="1.0" encoding="UTF-8"?>
<testsuites tests="9" failures="1" errors="1" skipped="0">
  <testsuite timestamp="2025-05-01T17:57:48" time="988.226" tests="9" failures="1" errors="1" skipped="0">
    <properties>
      <property name="specId" value="0" />
      <property name="suiteName" value="Tests for Mass State Change on Manage States &amp; Performances US104416 US" />
      <property name="capabilities" value="chrome.135_0_7049_96.windows" />
      <property name="file" value="file:///D:/a/1/s/test/specs/HTR/create-mass-state-change.spec.js" />
    </properties>
    <testcase classname="chrome.135_0_7049_96.windows.Tests_for_Mass_State_Change_on_Manage_States_&amp;_Performances_US104416_US" name="Prereq Should create a new yard used for all following tests" time="127.034">
      <system-out><![CDATA[
COMMAND: POST /session/bc0d9ad889a01880a2fb8fbfcb83b9d3/window/fullscreen - {}
RESULT: {}
COMMAND: POST /session/bc0d9ad889a01880a2fb8fbfcb83b9d3/execute/async - {"script":"<script> [1562 bytes]","args":[{"selector":{"controlType":"sap.m.GenericTile","properties":{"header":"Manage Yards"}},"wdio_ui5_key":"sapm.GenericTile{\"header\":\"Manage Yards\"}"}]}
RESULT: {"script":"<script> [1562 bytes]","args":[{"selector":{"controlType":"sap.m.GenericTile","properties":{"header":"Manage Yards"}},"wdio_ui5_key":"sapm.GenericTile{\"header\":\"Manage Yards\"}"}]}
RESULT: undefined
COMMAND: POST /session/bc0d9ad889a01880a2fb8fbfcb83b9d3/element - {"using":"xpath","value":"//*[@id=\"__tile41\"]"}
RESULT: {"using":"xpath","value":"//*[@id=\"__tile41\"]"}
COMMAND: POST /session/bc0d9ad889a01880a2fb8fbfcb83b9d3/element/f.3A9A75F048712998086FE021ED0A6AC3.d.E605046E9EB71B609BB81538AD30A872.e.176/click - {}
RESULT: {}
COMMAND: POST /session/bc0d9ad889a01880a2fb8fbfcb83b9d3/element - {"using":"xpath","value":"//button[@data-kt=\"addNewYardOverflowToolbarButton\"]"}
COMMAND: GET /session/bc0d9ad889a01880a2fb8fbfcb83b9d3/screenshot - {}
RESULT: {"using":"xpath","value":"//button[@data-kt=\"addNewYardOverflowToolbarButton\"]"}
COMMAND: POST /session/bc0d9ad889a01880a2fb8fbfcb83b9d3/elements - {"using":"xpath","value":"//button[@data-kt=\"addNewYardOverflowToolbarButton\"]"}
RESULT: {}
RESULT: {"using":"xpath","value":"//button[@data-kt=\"addNewYardOverflowToolbarButton\"]"}
COMMAND: POST /session/bc0d9ad889a01880a2fb8fbfcb83b9d3/elements - {"using":"xpath","value":"//button[@data-kt=\"addNewYardOverflowToolbarButton\"]"}
RESULT: {"using":"xpath","value":"//button[@data-kt=\"addNewYardOverflowToolbarButton\"]"}
COMMAND: POST /session/bc0d9ad889a01880a2fb8fbfcb83b9d3/elements - {"using":"xpath","value":"//button[@data-kt=\"addNewYardOverflowToolbarButton\"]"}
RESULT: {"using":"xpath","value":"//button[@data-kt=\"addNewYardOverflowToolbarButton\"]"}
COMMAND: POST /session/bc0d9ad889a01880a2fb8fbfcb83b9d3/elements - {"using":"xpath","value":"//button[@data-kt=\"addNewYardOverflowToolbarButton\"]"}
RESULT: {"using":"xpath","value":"//button[@data-kt=\"addNewYardOverflowToolbarButton\"]"}
COMMAND: POST /session/bc0d9ad889a01880a2fb8fbfcb83b9d3/elements - {"using":"xpath","value":"//button[@data-kt=\"addNewYardOverflowToolbarButton\"]"}
RESULT: {"using":"xpath","value":"//button[@data-kt=\"addNewYardOverflowToolbarButton\"]"}
COMMAND: POST /session/bc0d9ad889a01880a2fb8fbfcb83b9d3/elements - {"using":"xpath","value":"//button[@data-kt=\"addNewYardOverflowToolbarButton\"]"}
RESULT: {"using":"xpath","value":"//button[@data-kt=\"addNewYardOverflowToolbarButton\"]"}
COMMAND: POST /session/bc0d9ad889a01880a2fb8fbfcb83b9d3/elements - {"using":"xpath","value":"//button[@data-kt=\"addNewYardOverflowToolbarButton\"]"}
RESULT: {"using":"xpath","value":"//button[@data-kt=\"addNewYardOverflowToolbarButton\"]"}
COMMAND: POST /session/bc0d9ad889a01880a2fb8fbfcb83b9d3/elements - {"using":"xpath","value":"//button[@data-kt=\"addNewYardOverflowToolbarButton\"]"}
RESULT: {"using":"xpath","value":"//button[@data-kt=\"addNewYardOverflowToolbarButton\"]"}
COMMAND: POST /session/bc0d9ad889a01880a2fb8fbfcb83b9d3/elements - {"using":"xpath","value":"//button[@data-kt=\"addNewYardOverflowToolbarButton\"]"}
RESULT: {"using":"xpath","value":"//button[@data-kt=\"addNewYardOverflowToolbarButton\"]"}
COMMAND: POST /session/bc0d9ad889a01880a2fb8fbfcb83b9d3/elements - {"using":"xpath","value":"//button[@data-kt=\"addNewYardOverflowToolbarButton\"]"}
RESULT: {"using":"xpath","value":"//button[@data-kt=\"addNewYardOverflowToolbarButton\"]"}
COMMAND: POST /session/bc0d9ad889a01880a2fb8fbfcb83b9d3/elements - {"using":"xpath","value":"//button[@data-kt=\"addNewYardOverflowToolbarButton\"]"}
RESULT: {"using":"xpath","value":"//button[@data-kt=\"addNewYardOverflowToolbarButton\"]"}
COMMAND: POST /session/bc0d9ad889a01880a2fb8fbfcb83b9d3/elements - {"using":"xpath","value":"//button[@data-kt=\"addNewYardOverflowToolbarButton\"]"}
RESULT: {"using":"xpath","value":"//button[@data-kt=\"addNewYardOverflowToolbarButton\"]"}
COMMAND: POST /session/bc0d9ad889a01880a2fb8fbfcb83b9d3/elements - {"using":"xpath","value":"//button[@data-kt=\"addNewYardOverflowToolbarButton\"]"}
RESULT: {"using":"xpath","value":"//button[@data-kt=\"addNewYardOverflowToolbarButton\"]"}
COMMAND: POST /session/bc0d9ad889a01880a2fb8fbfcb83b9d3/elements - {"using":"xpath","value":"//button[@data-kt=\"addNewYardOverflowToolbarButton\"]"}
RESULT: {"using":"xpath","value":"//button[@data-kt=\"addNewYardOverflowToolbarButton\"]"}
COMMAND: POST /session/bc0d9ad889a01880a2fb8fbfcb83b9d3/elements - {"using":"xpath","value":"//button[@data-kt=\"addNewYardOverflowToolbarButton\"]"}
RESULT: {"using":"xpath","value":"//button[@data-kt=\"addNewYardOverflowToolbarButton\"]"}
COMMAND: POST /session/bc0d9ad889a01880a2fb8fbfcb83b9d3/elements - {"using":"xpath","value":"//button[@data-kt=\"addNewYardOverflowToolbarButton\"]"}
RESULT: {"using":"xpath","value":"//button[@data-kt=\"addNewYardOverflowToolbarButton\"]"}
COMMAND: POST /session/bc0d9ad889a01880a2fb8fbfcb83b9d3/elements - {"using":"xpath","value":"//button[@data-kt=\"addNewYardOverflowToolbarButton\"]"}
RESULT: {"using":"xpath","value":"//button[@data-kt=\"addNewYardOverflowToolbarButton\"]"}
COMMAND: POST /session/bc0d9ad889a01880a2fb8fbfcb83b9d3/elements - {"using":"xpath","value":"//button[@data-kt=\"addNewYardOverflowToolbarButton\"]"}
RESULT: {"using":"xpath","value":"//button[@data-kt=\"addNewYardOverflowToolbarButton\"]"}
COMMAND: POST /session/bc0d9ad889a01880a2fb8fbfcb83b9d3/elements - {"using":"xpath","value":"//button[@data-kt=\"addNewYardOverflowToolbarButton\"]"}
RESULT: {"using":"xpath","value":"//button[@data-kt=\"addNewYardOverflowToolbarButton\"]"}
COMMAND: POST /session/bc0d9ad889a01880a2fb8fbfcb83b9d3/elements - {"using":"xpath","value":"//button[@data-kt=\"addNewYardOverflowToolbarButton\"]"}
RESULT: {"using":"xpath","value":"//button[@data-kt=\"addNewYardOverflowToolbarButton\"]"}
COMMAND: POST /session/bc0d9ad889a01880a2fb8fbfcb83b9d3/elements - {"using":"xpath","value":"//button[@data-kt=\"addNewYardOverflowToolbarButton\"]"}
RESULT: {"using":"xpath","value":"//button[@data-kt=\"addNewYardOverflowToolbarButton\"]"}
COMMAND: POST /session/bc0d9ad889a01880a2fb8fbfcb83b9d3/elements - {"using":"xpath","value":"//button[@data-kt=\"addNewYardOverflowToolbarButton\"]"}
RESULT: {"using":"xpath","value":"//button[@data-kt=\"addNewYardOverflowToolbarButton\"]"}
COMMAND: POST /session/bc0d9ad889a01880a2fb8fbfcb83b9d3/elements - {"using":"xpath","value":"//button[@data-kt=\"addNewYardOverflowToolbarButton\"]"}
RESULT: {"using":"xpath","value":"//button[@data-kt=\"addNewYardOverflowToolbarButton\"]"}
COMMAND: POST /session/bc0d9ad889a01880a2fb8fbfcb83b9d3/elements - {"using":"xpath","value":"//button[@data-kt=\"addNewYardOverflowToolbarButton\"]"}
RESULT: {"using":"xpath","value":"//button[@data-kt=\"addNewYardOverflowToolbarButton\"]"}
COMMAND: POST /session/bc0d9ad889a01880a2fb8fbfcb83b9d3/elements - {"using":"xpath","value":"//button[@data-kt=\"addNewYardOverflowToolbarButton\"]"}
RESULT: {"using":"xpath","value":"//button[@data-kt=\"addNewYardOverflowToolbarButton\"]"}
COMMAND: POST /session/bc0d9ad889a01880a2fb8fbfcb83b9d3/elements - {"using":"xpath","value":"//button[@data-kt=\"addNewYardOverflowToolbarButton\"]"}
RESULT: {"using":"xpath","value":"//button[@data-kt=\"addNewYardOverflowToolbarButton\"]"}
COMMAND: POST /session/bc0d9ad889a01880a2fb8fbfcb83b9d3/elements - {"using":"xpath","value":"//button[@data-kt=\"addNewYardOverflowToolbarButton\"]"}
RESULT: {"using":"xpath","value":"//button[@data-kt=\"addNewYardOverflowToolbarButton\"]"}
COMMAND: POST /session/bc0d9ad889a01880a2fb8fbfcb83b9d3/elements - {"using":"xpath","value":"//button[@data-kt=\"addNewYardOverflowToolbarButton\"]"}
RESULT: {"using":"xpath","value":"//button[@data-kt=\"addNewYardOverflowToolbarButton\"]"}
COMMAND: POST /session/bc0d9ad889a01880a2fb8fbfcb83b9d3/elements - {"using":"xpath","value":"//button[@data-kt=\"addNewYardOverflowToolbarButton\"]"}
RESULT: {"using":"xpath","value":"//button[@data-kt=\"addNewYardOverflowToolbarButton\"]"}
COMMAND: POST /session/bc0d9ad889a01880a2fb8fbfcb83b9d3/elements - {"using":"xpath","value":"//button[@data-kt=\"addNewYardOverflowToolbarButton\"]"}
RESULT: {"using":"xpath","value":"//button[@data-kt=\"addNewYardOverflowToolbarButton\"]"}
COMMAND: POST /session/bc0d9ad889a01880a2fb8fbfcb83b9d3/elements - {"using":"xpath","value":"//button[@data-kt=\"addNewYardOverflowToolbarButton\"]"}
RESULT: {"using":"xpath","value":"//button[@data-kt=\"addNewYardOverflowToolbarButton\"]"}
COMMAND: POST /session/bc0d9ad889a01880a2fb8fbfcb83b9d3/elements - {"using":"xpath","value":"//button[@data-kt=\"addNewYardOverflowToolbarButton\"]"}
RESULT: {"using":"xpath","value":"//button[@data-kt=\"addNewYardOverflowToolbarButton\"]"}
COMMAND: POST /session/bc0d9ad889a01880a2fb8fbfcb83b9d3/elements - {"using":"xpath","value":"//button[@data-kt=\"addNewYardOverflowToolbarButton\"]"}
RESULT: {"using":"xpath","value":"//button[@data-kt=\"addNewYardOverflowToolbarButton\"]"}
COMMAND: POST /session/bc0d9ad889a01880a2fb8fbfcb83b9d3/elements - {"using":"xpath","value":"//button[@data-kt=\"addNewYardOverflowToolbarButton\"]"}
RESULT: {"using":"xpath","value":"//button[@data-kt=\"addNewYardOverflowToolbarButton\"]"}
COMMAND: POST /session/bc0d9ad889a01880a2fb8fbfcb83b9d3/elements - {"using":"xpath","value":"//button[@data-kt=\"addNewYardOverflowToolbarButton\"]"}
RESULT: {"using":"xpath","value":"//button[@data-kt=\"addNewYardOverflowToolbarButton\"]"}
COMMAND: POST /session/bc0d9ad889a01880a2fb8fbfcb83b9d3/elements - {"using":"xpath","value":"//button[@data-kt=\"addNewYardOverflowToolbarButton\"]"}
RESULT: {"using":"xpath","value":"//button[@data-kt=\"addNewYardOverflowToolbarButton\"]"}
COMMAND: POST /session/bc0d9ad889a01880a2fb8fbfcb83b9d3/elements - {"using":"xpath","value":"//button[@data-kt=\"addNewYardOverflowToolbarButton\"]"}
RESULT: {"using":"xpath","value":"//button[@data-kt=\"addNewYardOverflowToolbarButton\"]"}
COMMAND: POST /session/bc0d9ad889a01880a2fb8fbfcb83b9d3/elements - {"using":"xpath","value":"//button[@data-kt=\"addNewYardOverflowToolbarButton\"]"}
RESULT: {"using":"xpath","value":"//button[@data-kt=\"addNewYardOverflowToolbarButton\"]"}
COMMAND: POST /session/bc0d9ad889a01880a2fb8fbfcb83b9d3/elements - {"using":"xpath","value":"//button[@data-kt=\"addNewYardOverflowToolbarButton\"]"}
RESULT: {"using":"xpath","value":"//button[@data-kt=\"addNewYardOverflowToolbarButton\"]"}
COMMAND: POST /session/bc0d9ad889a01880a2fb8fbfcb83b9d3/elements - {"using":"xpath","value":"//button[@data-kt=\"addNewYardOverflowToolbarButton\"]"}
RESULT: {"using":"xpath","value":"//button[@data-kt=\"addNewYardOverflowToolbarButton\"]"}
COMMAND: POST /session/bc0d9ad889a01880a2fb8fbfcb83b9d3/elements - {"using":"xpath","value":"//button[@data-kt=\"addNewYardOverflowToolbarButton\"]"}
RESULT: {"using":"xpath","value":"//button[@data-kt=\"addNewYardOverflowToolbarButton\"]"}
COMMAND: POST /session/bc0d9ad889a01880a2fb8fbfcb83b9d3/elements - {"using":"xpath","value":"//button[@data-kt=\"addNewYardOverflowToolbarButton\"]"}
RESULT: {"using":"xpath","value":"//button[@data-kt=\"addNewYardOverflowToolbarButton\"]"}
COMMAND: POST /session/bc0d9ad889a01880a2fb8fbfcb83b9d3/elements - {"using":"xpath","value":"//button[@data-kt=\"addNewYardOverflowToolbarButton\"]"}
RESULT: {"using":"xpath","value":"//button[@data-kt=\"addNewYardOverflowToolbarButton\"]"}
COMMAND: POST /session/bc0d9ad889a01880a2fb8fbfcb83b9d3/element - {"using":"xpath","value":"//button[@data-kt=\"addNewYardOverflowToolbarButton\"]"}
RESULT: {"using":"xpath","value":"//button[@data-kt=\"addNewYardOverflowToolbarButton\"]"}
COMMAND: POST /session/bc0d9ad889a01880a2fb8fbfcb83b9d3/execute/sync - {"script":"<script> [8489 bytes]","args":[{"element-6066-11e4-a52e-4f735466cecf":"f.3A9A75F048712998086FE021ED0A6AC3.d.E605046E9EB71B609BB81538AD30A872.e.298","ELEMENT":"f.3A9A75F048712998086FE021ED0A6AC3.d.E605046E9EB71B609BB81538AD30A872.e.298"}]}
RESULT: {"script":"<script> [8489 bytes]","args":[{"element-6066-11e4-a52e-4f735466cecf":"f.3A9A75F048712998086FE021ED0A6AC3.d.E605046E9EB71B609BB81538AD30A872.e.298","ELEMENT":"f.3A9A75F048712998086FE021ED0A6AC3.d.E605046E9EB71B609BB81538AD30A872.e.298"}]}
COMMAND: GET /session/bc0d9ad889a01880a2fb8fbfcb83b9d3/element/f.3A9A75F048712998086FE021ED0A6AC3.d.E605046E9EB71B609BB81538AD30A872.e.298/enabled - {}
COMMAND: GET /session/bc0d9ad889a01880a2fb8fbfcb83b9d3/screenshot - {}
RESULT: {}
COMMAND: POST /session/bc0d9ad889a01880a2fb8fbfcb83b9d3/execute/sync - {"script":"<script> [8489 bytes]","args":[{"element-6066-11e4-a52e-4f735466cecf":"f.3A9A75F048712998086FE021ED0A6AC3.d.E605046E9EB71B609BB81538AD30A872.e.298","ELEMENT":"f.3A9A75F048712998086FE021ED0A6AC3.d.E605046E9EB71B609BB81538AD30A872.e.298"}]}
COMMAND: GET /session/bc0d9ad889a01880a2fb8fbfcb83b9d3/screenshot - {}
RESULT: {}
RESULT: {"script":"<script> [8489 bytes]","args":[{"element-6066-11e4-a52e-4f735466cecf":"f.3A9A75F048712998086FE021ED0A6AC3.d.E605046E9EB71B609BB81538AD30A872.e.298","ELEMENT":"f.3A9A75F048712998086FE021ED0A6AC3.d.E605046E9EB71B609BB81538AD30A872.e.298"}]}
COMMAND: POST /session/bc0d9ad889a01880a2fb8fbfcb83b9d3/execute/sync - {"script":"<script> [5351 bytes]","args":[{"element-6066-11e4-a52e-4f735466cecf":"f.3A9A75F048712998086FE021ED0A6AC3.d.E605046E9EB71B609BB81538AD30A872.e.298","ELEMENT":"f.3A9A75F048712998086FE021ED0A6AC3.d.E605046E9EB71B609BB81538AD30A872.e.298"}]}
COMMAND: GET /session/bc0d9ad889a01880a2fb8fbfcb83b9d3/screenshot - {}
RESULT: {}
RESULT: {"script":"<script> [5351 bytes]","args":[{"element-6066-11e4-a52e-4f735466cecf":"f.3A9A75F048712998086FE021ED0A6AC3.d.E605046E9EB71B609BB81538AD30A872.e.298","ELEMENT":"f.3A9A75F048712998086FE021ED0A6AC3.d.E605046E9EB71B609BB81538AD30A872.e.298"}]}
COMMAND: POST /session/bc0d9ad889a01880a2fb8fbfcb83b9d3/element/f.3A9A75F048712998086FE021ED0A6AC3.d.E605046E9EB71B609BB81538AD30A872.e.298/click - {}
COMMAND: GET /session/bc0d9ad889a01880a2fb8fbfcb83b9d3/screenshot - {}
RESULT: {}
RESULT: {}
COMMAND: GET /session/bc0d9ad889a01880a2fb8fbfcb83b9d3/screenshot - {}
COMMAND: POST /session/bc0d9ad889a01880a2fb8fbfcb83b9d3/element - {"using":"xpath","value":"//input[@id=\"application-manageyards-display-component---NewYard--yardId-inner\"]"}
RESULT: {}
RESULT: {}
RESULT: {"using":"xpath","value":"//input[@id=\"application-manageyards-display-component---NewYard--yardId-inner\"]"}
COMMAND: POST /session/bc0d9ad889a01880a2fb8fbfcb83b9d3/element - {"using":"xpath","value":"//input[@id=\"application-manageyards-display-component---NewYard--yardId-inner\"]"}
RESULT: {"using":"xpath","value":"//input[@id=\"application-manageyards-display-component---NewYard--yardId-inner\"]"}
COMMAND: POST /session/bc0d9ad889a01880a2fb8fbfcb83b9d3/execute/async - {"script":"<script> [1562 bytes]","args":[{"selector":{"id":"application-manageyards-display-component---NewYard--addressDetailDetailsName1","interaction":{"idSuffix":"inner"}},"wdio_ui5_key":"applicationmanageyards-display-component---NewYard--addressDetailDetailsName1"}]}
RESULT: {"script":"<script> [1562 bytes]","args":[{"selector":{"id":"application-manageyards-display-component---NewYard--addressDetailDetailsName1","interaction":{"idSuffix":"inner"}},"wdio_ui5_key":"applicationmanageyards-display-component---NewYard--addressDetailDetailsName1"}]}
RESULT: undefined
COMMAND: POST /session/bc0d9ad889a01880a2fb8fbfcb83b9d3/execute/async - {"script":"<script> [776 bytes]","args":[{"enterText":"Other Yard WDIO","selector":{"id":"application-manageyards-display-component---NewYard--addressDetailDetailsName1","interaction":{"idSuffix":"inner"}},"clearTextFirst":true,"interactionType":"ENTER_TEXT"}]}
RESULT: {"script":"<script> [776 bytes]","args":[{"enterText":"Other Yard WDIO","selector":{"id":"application-manageyards-display-component---NewYard--addressDetailDetailsName1","interaction":{"idSuffix":"inner"}},"clearTextFirst":true,"interactionType":"ENTER_TEXT"}]}
COMMAND: POST /session/bc0d9ad889a01880a2fb8fbfcb83b9d3/execute/async - {"script":"<script> [1562 bytes]","args":[{"selector":{"id":"application-manageyards-display-component---NewYard--addressDetailDetailsLanguage-arrow"},"wdio_ui5_key":"applicationmanageyards-display-component---NewYard--addressDetailDetailsLanguage-arrow"}]}
RESULT: {"script":"<script> [1562 bytes]","args":[{"selector":{"id":"application-manageyards-display-component---NewYard--addressDetailDetailsLanguage-arrow"},"wdio_ui5_key":"applicationmanageyards-display-component---NewYard--addressDetailDetailsLanguage-arrow"}]}
RESULT: undefined
COMMAND: POST /session/bc0d9ad889a01880a2fb8fbfcb83b9d3/element - {"using":"xpath","value":"//*[@id=\"application-manageyards-display-component---NewYard--addressDetailDetailsLanguage-arrow\"]"}
RESULT: {"using":"xpath","value":"//*[@id=\"application-manageyards-display-component---NewYard--addressDetailDetailsLanguage-arrow\"]"}
COMMAND: POST /session/bc0d9ad889a01880a2fb8fbfcb83b9d3/element/f.3A9A75F048712998086FE021ED0A6AC3.d.E605046E9EB71B609BB81538AD30A872.e.730/click - {}
RESULT: {}
COMMAND: POST /session/bc0d9ad889a01880a2fb8fbfcb83b9d3/element - {"using":"xpath","value":"//span[contains(text(), \"English\")]"}
COMMAND: GET /session/bc0d9ad889a01880a2fb8fbfcb83b9d3/screenshot - {}
RESULT: {"using":"xpath","value":"//span[contains(text(), \"English\")]"}
COMMAND: POST /session/bc0d9ad889a01880a2fb8fbfcb83b9d3/element/f.3A9A75F048712998086FE021ED0A6AC3.d.E605046E9EB71B609BB81538AD30A872.e.731/click - {}
RESULT: {}
RESULT: {}
COMMAND: POST /session/bc0d9ad889a01880a2fb8fbfcb83b9d3/execute/async - {"script":"<script> [1562 bytes]","args":[{"selector":{"id":"application-manageyards-display-component---NewYard--addressDetailDetailsCity1","interaction":{"idSuffix":"inner"}},"wdio_ui5_key":"applicationmanageyards-display-component---NewYard--addressDetailDetailsCity1"}]}
COMMAND: GET /session/bc0d9ad889a01880a2fb8fbfcb83b9d3/screenshot - {}
RESULT: {"script":"<script> [1562 bytes]","args":[{"selector":{"id":"application-manageyards-display-component---NewYard--addressDetailDetailsCity1","interaction":{"idSuffix":"inner"}},"wdio_ui5_key":"applicationmanageyards-display-component---NewYard--addressDetailDetailsCity1"}]}
RESULT: undefined
COMMAND: POST /session/bc0d9ad889a01880a2fb8fbfcb83b9d3/execute/async - {"script":"<script> [776 bytes]","args":[{"enterText":"Rosario","selector":{"id":"application-manageyards-display-component---NewYard--addressDetailDetailsCity1","interaction":{"idSuffix":"inner"}},"clearTextFirst":true,"interactionType":"ENTER_TEXT"}]}
RESULT: {}
RESULT: {"script":"<script> [776 bytes]","args":[{"enterText":"Rosario","selector":{"id":"application-manageyards-display-component---NewYard--addressDetailDetailsCity1","interaction":{"idSuffix":"inner"}},"clearTextFirst":true,"interactionType":"ENTER_TEXT"}]}
COMMAND: POST /session/bc0d9ad889a01880a2fb8fbfcb83b9d3/execute/async - {"script":"<script> [1562 bytes]","args":[{"selector":{"id":"application-manageyards-display-component---NewYard--addressDetailDetailsCountry-arrow"},"wdio_ui5_key":"applicationmanageyards-display-component---NewYard--addressDetailDetailsCountry-arrow"}]}
RESULT: {"script":"<script> [1562 bytes]","args":[{"selector":{"id":"application-manageyards-display-component---NewYard--addressDetailDetailsCountry-arrow"},"wdio_ui5_key":"applicationmanageyards-display-component---NewYard--addressDetailDetailsCountry-arrow"}]}
RESULT: undefined
COMMAND: POST /session/bc0d9ad889a01880a2fb8fbfcb83b9d3/element - {"using":"xpath","value":"//*[@id=\"application-manageyards-display-component---NewYard--addressDetailDetailsCountry-arrow\"]"}
RESULT: {"using":"xpath","value":"//*[@id=\"application-manageyards-display-component---NewYard--addressDetailDetailsCountry-arrow\"]"}
COMMAND: POST /session/bc0d9ad889a01880a2fb8fbfcb83b9d3/element/f.3A9A75F048712998086FE021ED0A6AC3.d.E605046E9EB71B609BB81538AD30A872.e.733/click - {}
RESULT: {}
COMMAND: POST /session/bc0d9ad889a01880a2fb8fbfcb83b9d3/element - {"using":"xpath","value":"//span[contains(text(), \"Argentina\")]"}
COMMAND: GET /session/bc0d9ad889a01880a2fb8fbfcb83b9d3/screenshot - {}
RESULT: {"using":"xpath","value":"//span[contains(text(), \"Argentina\")]"}
COMMAND: POST /session/bc0d9ad889a01880a2fb8fbfcb83b9d3/element/f.3A9A75F048712998086FE021ED0A6AC3.d.E605046E9EB71B609BB81538AD30A872.e.734/click - {}
RESULT: {}
RESULT: {}
COMMAND: POST /session/bc0d9ad889a01880a2fb8fbfcb83b9d3/execute/async - {"script":"<script> [1562 bytes]","args":[{"selector":{"id":"application-manageyards-display-component---NewYard--addressEditDetailsCostObjectCstType-arrow"},"wdio_ui5_key":"applicationmanageyards-display-component---NewYard--addressEditDetailsCostObjectCstType-arrow"}]}
COMMAND: GET /session/bc0d9ad889a01880a2fb8fbfcb83b9d3/screenshot - {}
RESULT: {"script":"<script> [1562 bytes]","args":[{"selector":{"id":"application-manageyards-display-component---NewYard--addressEditDetailsCostObjectCstType-arrow"},"wdio_ui5_key":"applicationmanageyards-display-component---NewYard--addressEditDetailsCostObjectCstType-arrow"}]}
RESULT: undefined
COMMAND: POST /session/bc0d9ad889a01880a2fb8fbfcb83b9d3/element - {"using":"xpath","value":"//*[@id=\"application-manageyards-display-component---NewYard--addressEditDetailsCostObjectCstType-arrow\"]"}
RESULT: {}
RESULT: {"using":"xpath","value":"//*[@id=\"application-manageyards-display-component---NewYard--addressEditDetailsCostObjectCstType-arrow\"]"}
COMMAND: POST /session/bc0d9ad889a01880a2fb8fbfcb83b9d3/element/f.3A9A75F048712998086FE021ED0A6AC3.d.E605046E9EB71B609BB81538AD30A872.e.736/click - {}
RESULT: {}
COMMAND: POST /session/bc0d9ad889a01880a2fb8fbfcb83b9d3/element - {"using":"xpath","value":"//span[contains(text(), \"Cost Center\")]"}
COMMAND: GET /session/bc0d9ad889a01880a2fb8fbfcb83b9d3/screenshot - {}
RESULT: {"using":"xpath","value":"//span[contains(text(), \"Cost Center\")]"}
COMMAND: POST /session/bc0d9ad889a01880a2fb8fbfcb83b9d3/element/f.3A9A75F048712998086FE021ED0A6AC3.d.E605046E9EB71B609BB81538AD30A872.e.737/click - {}
RESULT: {}
RESULT: {}
COMMAND: GET /session/bc0d9ad889a01880a2fb8fbfcb83b9d3/screenshot - {}
RESULT: {}
COMMAND: POST /session/bc0d9ad889a01880a2fb8fbfcb83b9d3/element - {"using":"xpath","value":"//span[@id=\"application-manageyards-display-component---NewYard--addressNewCostObjectCstID-vhi\"]"}
RESULT: {"using":"xpath","value":"//span[@id=\"application-manageyards-display-component---NewYard--addressNewCostObjectCstID-vhi\"]"}
COMMAND: POST /session/bc0d9ad889a01880a2fb8fbfcb83b9d3/execute/sync - {"script":"<script> [8489 bytes]","args":[{"element-6066-11e4-a52e-4f735466cecf":"f.3A9A75F048712998086FE021ED0A6AC3.d.E605046E9EB71B609BB81538AD30A872.e.741","ELEMENT":"f.3A9A75F048712998086FE021ED0A6AC3.d.E605046E9EB71B609BB81538AD30A872.e.741"}]}
RESULT: {"script":"<script> [8489 bytes]","args":[{"element-6066-11e4-a52e-4f735466cecf":"f.3A9A75F048712998086FE021ED0A6AC3.d.E605046E9EB71B609BB81538AD30A872.e.741","ELEMENT":"f.3A9A75F048712998086FE021ED0A6AC3.d.E605046E9EB71B609BB81538AD30A872.e.741"}]}
COMMAND: POST /session/bc0d9ad889a01880a2fb8fbfcb83b9d3/execute/async - {"script":"<script> [1562 bytes]","args":[{"selector":{"id":"application-manageyards-display-component---NewYard--addressNewCostObjectCstID-vhi"},"wdio_ui5_key":"applicationmanageyards-display-component---NewYard--addressNewCostObjectCstID-vhi"}]}
COMMAND: GET /session/bc0d9ad889a01880a2fb8fbfcb83b9d3/screenshot - {}
RESULT: {"script":"<script> [1562 bytes]","args":[{"selector":{"id":"application-manageyards-display-component---NewYard--addressNewCostObjectCstID-vhi"},"wdio_ui5_key":"applicationmanageyards-display-component---NewYard--addressNewCostObjectCstID-vhi"}]}
RESULT: undefined
COMMAND: POST /session/bc0d9ad889a01880a2fb8fbfcb83b9d3/element - {"using":"xpath","value":"//*[@id=\"application-manageyards-display-component---NewYard--addressNewCostObjectCstID-vhi\"]"}
RESULT: {}
RESULT: {"using":"xpath","value":"//*[@id=\"application-manageyards-display-component---NewYard--addressNewCostObjectCstID-vhi\"]"}
COMMAND: POST /session/bc0d9ad889a01880a2fb8fbfcb83b9d3/element/f.3A9A75F048712998086FE021ED0A6AC3.d.E605046E9EB71B609BB81538AD30A872.e.741/click - {}
RESULT: {}
COMMAND: GET /session/bc0d9ad889a01880a2fb8fbfcb83b9d3/screenshot - {}
RESULT: {}
COMMAND: POST /session/bc0d9ad889a01880a2fb8fbfcb83b9d3/execute/async - {"script":"<script> [1562 bytes]","args":[{"selector":{"controlType":"sap.m.SearchField","properties":{"placeholder":"Search"},"searchOpenDialogs":true,"interaction":{"idSuffix":"I"}},"wdio_ui5_key":"sapm.SearchField{\"placeholder\":\"Search\"}"}]}
RESULT: {"script":"<script> [1562 bytes]","args":[{"selector":{"controlType":"sap.m.SearchField","properties":{"placeholder":"Search"},"searchOpenDialogs":true,"interaction":{"idSuffix":"I"}},"wdio_ui5_key":"sapm.SearchField{\"placeholder\":\"Search\"}"}]}
RESULT: undefined
COMMAND: POST /session/bc0d9ad889a01880a2fb8fbfcb83b9d3/execute/async - {"script":"<script> [776 bytes]","args":[{"enterText":"10001013","selector":{"controlType":"sap.m.SearchField","properties":{"placeholder":"Search"},"searchOpenDialogs":true,"interaction":{"idSuffix":"I"}},"clearTextFirst":true,"interactionType":"ENTER_TEXT"}]}
RESULT: {"script":"<script> [776 bytes]","args":[{"enterText":"10001013","selector":{"controlType":"sap.m.SearchField","properties":{"placeholder":"Search"},"searchOpenDialogs":true,"interaction":{"idSuffix":"I"}},"clearTextFirst":true,"interactionType":"ENTER_TEXT"}]}
COMMAND: POST /session/bc0d9ad889a01880a2fb8fbfcb83b9d3/actions - {"actions":[{"id":"action1","type":"key","parameters":{},"actions":[{"type":"keyDown","value":"î€‡"},{"type":"pause","duration":10},{"type":"keyUp","value":"î€‡"}]}]}
RESULT: {"actions":[{"id":"action1","type":"key","parameters":{},"actions":[{"type":"keyDown","value":"î€‡"},{"type":"pause","duration":10},{"type":"keyUp","value":"î€‡"}]}]}
COMMAND: GET /session/bc0d9ad889a01880a2fb8fbfcb83b9d3/screenshot - {}
RESULT: {}
COMMAND: POST /session/bc0d9ad889a01880a2fb8fbfcb83b9d3/element - {"using":"xpath","value":"//span[contains(text(), \"General Management\")]"}
RESULT: {"using":"xpath","value":"//span[contains(text(), \"General Management\")]"}
COMMAND: POST /session/bc0d9ad889a01880a2fb8fbfcb83b9d3/element/f.3A9A75F048712998086FE021ED0A6AC3.d.E605046E9EB71B609BB81538AD30A872.e.782/click - {}
RESULT: {}
COMMAND: GET /session/bc0d9ad889a01880a2fb8fbfcb83b9d3/screenshot - {}
RESULT: {}
COMMAND: POST /session/bc0d9ad889a01880a2fb8fbfcb83b9d3/element - {"using":"xpath","value":"//bdi[contains(text(), \"OK\")]"}
RESULT: {"using":"xpath","value":"//bdi[contains(text(), \"OK\")]"}
COMMAND: POST /session/bc0d9ad889a01880a2fb8fbfcb83b9d3/element/f.3A9A75F048712998086FE021ED0A6AC3.d.E605046E9EB71B609BB81538AD30A872.e.783/click - {}
RESULT: {}
COMMAND: GET /session/bc0d9ad889a01880a2fb8fbfcb83b9d3/screenshot - {}
RESULT: {}
COMMAND: POST /session/bc0d9ad889a01880a2fb8fbfcb83b9d3/execute/async - {"script":"<script> [1562 bytes]","args":[{"selector":{"id":"application-manageyards-display-component---NewYard--addressEditDetailsCurrency-arrow"},"wdio_ui5_key":"applicationmanageyards-display-component---NewYard--addressEditDetailsCurrency-arrow"}]}
RESULT: {"script":"<script> [1562 bytes]","args":[{"selector":{"id":"application-manageyards-display-component---NewYard--addressEditDetailsCurrency-arrow"},"wdio_ui5_key":"applicationmanageyards-display-component---NewYard--addressEditDetailsCurrency-arrow"}]}
RESULT: undefined
COMMAND: POST /session/bc0d9ad889a01880a2fb8fbfcb83b9d3/element - {"using":"xpath","value":"//*[@id=\"application-manageyards-display-component---NewYard--addressEditDetailsCurrency-arrow\"]"}
RESULT: {"using":"xpath","value":"//*[@id=\"application-manageyards-display-component---NewYard--addressEditDetailsCurrency-arrow\"]"}
COMMAND: POST /session/bc0d9ad889a01880a2fb8fbfcb83b9d3/element/f.3A9A75F048712998086FE021ED0A6AC3.d.E605046E9EB71B609BB81538AD30A872.e.786/click - {}
RESULT: {}
COMMAND: POST /session/bc0d9ad889a01880a2fb8fbfcb83b9d3/element - {"using":"xpath","value":"//span[contains(text(), \"Euro\")]"}
COMMAND: GET /session/bc0d9ad889a01880a2fb8fbfcb83b9d3/screenshot - {}
RESULT: {"using":"xpath","value":"//span[contains(text(), \"Euro\")]"}
COMMAND: POST /session/bc0d9ad889a01880a2fb8fbfcb83b9d3/element/f.3A9A75F048712998086FE021ED0A6AC3.d.E605046E9EB71B609BB81538AD30A872.e.787/click - {}
RESULT: {}
RESULT: {}
COMMAND: POST /session/bc0d9ad889a01880a2fb8fbfcb83b9d3/execute/async - {"script":"<script> [1562 bytes]","args":[{"selector":{"controlType":"sap.m.Input","viewName":"etm.portal.ui.manageyards.view.New","viewId":"application-manageyards-display-component---NewYard","bindingPath":{"path":"","propertyPath":"/CONTROLLING_AREA","modelName":"NewYardModel"},"interaction":{"idSuffix":"inner"}},"wdio_ui5_key":"etmportal.ui.manageyards.view.Newsap.m.Input{\"path\":\"\",\"propertyPath\":\"/CONTROLLING_AREA\",\"modelName\":\"NewYardModel\"}"}]}
COMMAND: GET /session/bc0d9ad889a01880a2fb8fbfcb83b9d3/screenshot - {}
RESULT: {"script":"<script> [1562 bytes]","args":[{"selector":{"controlType":"sap.m.Input","viewName":"etm.portal.ui.manageyards.view.New","viewId":"application-manageyards-display-component---NewYard","bindingPath":{"path":"","propertyPath":"/CONTROLLING_AREA","modelName":"NewYardModel"},"interaction":{"idSuffix":"inner"}},"wdio_ui5_key":"etmportal.ui.manageyards.view.Newsap.m.Input{\"path\":\"\",\"propertyPath\":\"/CONTROLLING_AREA\",\"modelName\":\"NewYardModel\"}"}]}
RESULT: undefined
COMMAND: POST /session/bc0d9ad889a01880a2fb8fbfcb83b9d3/execute/async - {"script":"<script> [776 bytes]","args":[{"enterText":"Z001","selector":{"controlType":"sap.m.Input","viewName":"etm.portal.ui.manageyards.view.New","viewId":"application-manageyards-display-component---NewYard","bindingPath":{"path":"","propertyPath":"/CONTROLLING_AREA","modelName":"NewYardModel"},"interaction":{"idSuffix":"inner"}},"clearTextFirst":true,"interactionType":"ENTER_TEXT"}]}
RESULT: {}
RESULT: {"script":"<script> [776 bytes]","args":[{"enterText":"Z001","selector":{"controlType":"sap.m.Input","viewName":"etm.portal.ui.manageyards.view.New","viewId":"application-manageyards-display-component---NewYard","bindingPath":{"path":"","propertyPath":"/CONTROLLING_AREA","modelName":"NewYardModel"},"interaction":{"idSuffix":"inner"}},"clearTextFirst":true,"interactionType":"ENTER_TEXT"}]}
COMMAND: POST /session/bc0d9ad889a01880a2fb8fbfcb83b9d3/execute/async - {"script":"<script> [1562 bytes]","args":[{"selector":{"id":"application-manageyards-display-component---NewYard--companyCodeComboBox","interaction":{"idSuffix":"inner"}},"wdio_ui5_key":"applicationmanageyards-display-component---NewYard--companyCodeComboBox"}]}
RESULT: {"script":"<script> [1562 bytes]","args":[{"selector":{"id":"application-manageyards-display-component---NewYard--companyCodeComboBox","interaction":{"idSuffix":"inner"}},"wdio_ui5_key":"applicationmanageyards-display-component---NewYard--companyCodeComboBox"}]}
RESULT: undefined
COMMAND: POST /session/bc0d9ad889a01880a2fb8fbfcb83b9d3/execute/async - {"script":"<script> [776 bytes]","args":[{"enterText":"1000","selector":{"id":"application-manageyards-display-component---NewYard--companyCodeComboBox","interaction":{"idSuffix":"inner"}},"clearTextFirst":true,"interactionType":"ENTER_TEXT"}]}
RESULT: undefined
RESULT: undefined
RESULT: {"script":"<script> [776 bytes]","args":[{"enterText":"1000","selector":{"id":"application-manageyards-display-component---NewYard--companyCodeComboBox","interaction":{"idSuffix":"inner"}},"clearTextFirst":true,"interactionType":"ENTER_TEXT"}]}
COMMAND: POST /session/bc0d9ad889a01880a2fb8fbfcb83b9d3/execute/async - {"script":"<script> [1562 bytes]","args":[{"selector":{"controlType":"sap.m.Input","viewName":"etm.portal.ui.manageyards.view.New","viewId":"application-manageyards-display-component---NewYard","bindingPath":{"path":"","propertyPath":"/PLANT","modelName":"NewYardModel"},"interaction":{"idSuffix":"inner"}},"wdio_ui5_key":"etmportal.ui.manageyards.view.Newsap.m.Input{\"path\":\"\",\"propertyPath\":\"/PLANT\",\"modelName\":\"NewYardModel\"}"}]}
RESULT: {"script":"<script> [1562 bytes]","args":[{"selector":{"controlType":"sap.m.Input","viewName":"etm.portal.ui.manageyards.view.New","viewId":"application-manageyards-display-component---NewYard","bindingPath":{"path":"","propertyPath":"/PLANT","modelName":"NewYardModel"},"interaction":{"idSuffix":"inner"}},"wdio_ui5_key":"etmportal.ui.manageyards.view.Newsap.m.Input{\"path\":\"\",\"propertyPath\":\"/PLANT\",\"modelName\":\"NewYardModel\"}"}]}
RESULT: undefined
COMMAND: POST /session/bc0d9ad889a01880a2fb8fbfcb83b9d3/execute/async - {"script":"<script> [776 bytes]","args":[{"enterText":"1001","selector":{"controlType":"sap.m.Input","viewName":"etm.portal.ui.manageyards.view.New","viewId":"application-manageyards-display-component---NewYard","bindingPath":{"path":"","propertyPath":"/PLANT","modelName":"NewYardModel"},"interaction":{"idSuffix":"inner"}},"clearTextFirst":true,"interactionType":"ENTER_TEXT"}]}
RESULT: {"script":"<script> [776 bytes]","args":[{"enterText":"1001","selector":{"controlType":"sap.m.Input","viewName":"etm.portal.ui.manageyards.view.New","viewId":"application-manageyards-display-component---NewYard","bindingPath":{"path":"","propertyPath":"/PLANT","modelName":"NewYardModel"},"interaction":{"idSuffix":"inner"}},"clearTextFirst":true,"interactionType":"ENTER_TEXT"}]}
COMMAND: POST /session/bc0d9ad889a01880a2fb8fbfcb83b9d3/execute/async - {"script":"<script> [1562 bytes]","args":[{"selector":{"controlType":"sap.m.Input","viewName":"etm.portal.ui.manageyards.view.New","viewId":"application-manageyards-display-component---NewYard","bindingPath":{"path":"","propertyPath":"/SALES_AREA_VKORG","modelName":"NewYardModel"},"interaction":{"idSuffix":"inner"}},"wdio_ui5_key":"etmportal.ui.manageyards.view.Newsap.m.Input{\"path\":\"\",\"propertyPath\":\"/SALES_AREA_VKORG\",\"modelName\":\"NewYardModel\"}"}]}
RESULT: {"script":"<script> [1562 bytes]","args":[{"selector":{"controlType":"sap.m.Input","viewName":"etm.portal.ui.manageyards.view.New","viewId":"application-manageyards-display-component---NewYard","bindingPath":{"path":"","propertyPath":"/SALES_AREA_VKORG","modelName":"NewYardModel"},"interaction":{"idSuffix":"inner"}},"wdio_ui5_key":"etmportal.ui.manageyards.view.Newsap.m.Input{\"path\":\"\",\"propertyPath\":\"/SALES_AREA_VKORG\",\"modelName\":\"NewYardModel\"}"}]}
RESULT: undefined
COMMAND: POST /session/bc0d9ad889a01880a2fb8fbfcb83b9d3/execute/async - {"script":"<script> [776 bytes]","args":[{"enterText":"C002","selector":{"controlType":"sap.m.Input","viewName":"etm.portal.ui.manageyards.view.New","viewId":"application-manageyards-display-component---NewYard","bindingPath":{"path":"","propertyPath":"/SALES_AREA_VKORG","modelName":"NewYardModel"},"interaction":{"idSuffix":"inner"}},"clearTextFirst":true,"interactionType":"ENTER_TEXT"}]}
RESULT: {"script":"<script> [776 bytes]","args":[{"enterText":"C002","selector":{"controlType":"sap.m.Input","viewName":"etm.portal.ui.manageyards.view.New","viewId":"application-manageyards-display-component---NewYard","bindingPath":{"path":"","propertyPath":"/SALES_AREA_VKORG","modelName":"NewYardModel"},"interaction":{"idSuffix":"inner"}},"clearTextFirst":true,"interactionType":"ENTER_TEXT"}]}
COMMAND: POST /session/bc0d9ad889a01880a2fb8fbfcb83b9d3/execute/async - {"script":"<script> [1562 bytes]","args":[{"selector":{"controlType":"sap.m.Input","viewName":"etm.portal.ui.manageyards.view.New","viewId":"application-manageyards-display-component---NewYard","bindingPath":{"path":"","propertyPath":"/SALES_AREA_VTWEG","modelName":"NewYardModel"},"interaction":{"idSuffix":"inner"}},"wdio_ui5_key":"etmportal.ui.manageyards.view.Newsap.m.Input{\"path\":\"\",\"propertyPath\":\"/SALES_AREA_VTWEG\",\"modelName\":\"NewYardModel\"}"}]}
RESULT: {"script":"<script> [1562 bytes]","args":[{"selector":{"controlType":"sap.m.Input","viewName":"etm.portal.ui.manageyards.view.New","viewId":"application-manageyards-display-component---NewYard","bindingPath":{"path":"","propertyPath":"/SALES_AREA_VTWEG","modelName":"NewYardModel"},"interaction":{"idSuffix":"inner"}},"wdio_ui5_key":"etmportal.ui.manageyards.view.Newsap.m.Input{\"path\":\"\",\"propertyPath\":\"/SALES_AREA_VTWEG\",\"modelName\":\"NewYardModel\"}"}]}
RESULT: undefined
COMMAND: POST /session/bc0d9ad889a01880a2fb8fbfcb83b9d3/execute/async - {"script":"<script> [776 bytes]","args":[{"enterText":"C2","selector":{"controlType":"sap.m.Input","viewName":"etm.portal.ui.manageyards.view.New","viewId":"application-manageyards-display-component---NewYard","bindingPath":{"path":"","propertyPath":"/SALES_AREA_VTWEG","modelName":"NewYardModel"},"interaction":{"idSuffix":"inner"}},"clearTextFirst":true,"interactionType":"ENTER_TEXT"}]}
RESULT: {"script":"<script> [776 bytes]","args":[{"enterText":"C2","selector":{"controlType":"sap.m.Input","viewName":"etm.portal.ui.manageyards.view.New","viewId":"application-manageyards-display-component---NewYard","bindingPath":{"path":"","propertyPath":"/SALES_AREA_VTWEG","modelName":"NewYardModel"},"interaction":{"idSuffix":"inner"}},"clearTextFirst":true,"interactionType":"ENTER_TEXT"}]}
COMMAND: POST /session/bc0d9ad889a01880a2fb8fbfcb83b9d3/execute/async - {"script":"<script> [1562 bytes]","args":[{"selector":{"controlType":"sap.m.Input","viewName":"etm.portal.ui.manageyards.view.New","viewId":"application-manageyards-display-component---NewYard","bindingPath":{"path":"","propertyPath":"/SALES_AREA_SPART","modelName":"NewYardModel"},"interaction":{"idSuffix":"inner"}},"wdio_ui5_key":"etmportal.ui.manageyards.view.Newsap.m.Input{\"path\":\"\",\"propertyPath\":\"/SALES_AREA_SPART\",\"modelName\":\"NewYardModel\"}"}]}
RESULT: {"script":"<script> [1562 bytes]","args":[{"selector":{"controlType":"sap.m.Input","viewName":"etm.portal.ui.manageyards.view.New","viewId":"application-manageyards-display-component---NewYard","bindingPath":{"path":"","propertyPath":"/SALES_AREA_SPART","modelName":"NewYardModel"},"interaction":{"idSuffix":"inner"}},"wdio_ui5_key":"etmportal.ui.manageyards.view.Newsap.m.Input{\"path\":\"\",\"propertyPath\":\"/SALES_AREA_SPART\",\"modelName\":\"NewYardModel\"}"}]}
RESULT: undefined
COMMAND: POST /session/bc0d9ad889a01880a2fb8fbfcb83b9d3/execute/async - {"script":"<script> [776 bytes]","args":[{"enterText":"C2","selector":{"controlType":"sap.m.Input","viewName":"etm.portal.ui.manageyards.view.New","viewId":"application-manageyards-display-component---NewYard","bindingPath":{"path":"","propertyPath":"/SALES_AREA_SPART","modelName":"NewYardModel"},"interaction":{"idSuffix":"inner"}},"clearTextFirst":true,"interactionType":"ENTER_TEXT"}]}
RESULT: {"script":"<script> [776 bytes]","args":[{"enterText":"C2","selector":{"controlType":"sap.m.Input","viewName":"etm.portal.ui.manageyards.view.New","viewId":"application-manageyards-display-component---NewYard","bindingPath":{"path":"","propertyPath":"/SALES_AREA_SPART","modelName":"NewYardModel"},"interaction":{"idSuffix":"inner"}},"clearTextFirst":true,"interactionType":"ENTER_TEXT"}]}
COMMAND: POST /session/bc0d9ad889a01880a2fb8fbfcb83b9d3/execute/async - {"script":"<script> [1562 bytes]","args":[{"selector":{"controlType":"sap.m.Input","viewName":"etm.portal.ui.manageyards.view.New","viewId":"application-manageyards-display-component---NewYard","bindingPath":{"path":"","propertyPath":"/SHIP_POINT","modelName":"NewYardModel"},"interaction":{"idSuffix":"inner"}},"wdio_ui5_key":"etmportal.ui.manageyards.view.Newsap.m.Input{\"path\":\"\",\"propertyPath\":\"/SHIP_POINT\",\"modelName\":\"NewYardModel\"}"}]}
RESULT: {"script":"<script> [1562 bytes]","args":[{"selector":{"controlType":"sap.m.Input","viewName":"etm.portal.ui.manageyards.view.New","viewId":"application-manageyards-display-component---NewYard","bindingPath":{"path":"","propertyPath":"/SHIP_POINT","modelName":"NewYardModel"},"interaction":{"idSuffix":"inner"}},"wdio_ui5_key":"etmportal.ui.manageyards.view.Newsap.m.Input{\"path\":\"\",\"propertyPath\":\"/SHIP_POINT\",\"modelName\":\"NewYardModel\"}"}]}
RESULT: undefined
COMMAND: POST /session/bc0d9ad889a01880a2fb8fbfcb83b9d3/execute/async - {"script":"<script> [776 bytes]","args":[{"enterText":"1710","selector":{"controlType":"sap.m.Input","viewName":"etm.portal.ui.manageyards.view.New","viewId":"application-manageyards-display-component---NewYard","bindingPath":{"path":"","propertyPath":"/SHIP_POINT","modelName":"NewYardModel"},"interaction":{"idSuffix":"inner"}},"clearTextFirst":true,"interactionType":"ENTER_TEXT"}]}
RESULT: {"script":"<script> [776 bytes]","args":[{"enterText":"1710","selector":{"controlType":"sap.m.Input","viewName":"etm.portal.ui.manageyards.view.New","viewId":"application-manageyards-display-component---NewYard","bindingPath":{"path":"","propertyPath":"/SHIP_POINT","modelName":"NewYardModel"},"interaction":{"idSuffix":"inner"}},"clearTextFirst":true,"interactionType":"ENTER_TEXT"}]}
COMMAND: POST /session/bc0d9ad889a01880a2fb8fbfcb83b9d3/execute/async - {"script":"<script> [1562 bytes]","args":[{"selector":{"controlType":"sap.m.Input","viewName":"etm.portal.ui.manageyards.view.New","viewId":"application-manageyards-display-component---NewYard","bindingPath":{"path":"","propertyPath":"/DELIVERY_TYPE","modelName":"NewYardModel"},"interaction":{"idSuffix":"inner"}},"wdio_ui5_key":"etmportal.ui.manageyards.view.Newsap.m.Input{\"path\":\"\",\"propertyPath\":\"/DELIVERY_TYPE\",\"modelName\":\"NewYardModel\"}"}]}
RESULT: {"script":"<script> [1562 bytes]","args":[{"selector":{"controlType":"sap.m.Input","viewName":"etm.portal.ui.manageyards.view.New","viewId":"application-manageyards-display-component---NewYard","bindingPath":{"path":"","propertyPath":"/DELIVERY_TYPE","modelName":"NewYardModel"},"interaction":{"idSuffix":"inner"}},"wdio_ui5_key":"etmportal.ui.manageyards.view.Newsap.m.Input{\"path\":\"\",\"propertyPath\":\"/DELIVERY_TYPE\",\"modelName\":\"NewYardModel\"}"}]}
RESULT: undefined
COMMAND: POST /session/bc0d9ad889a01880a2fb8fbfcb83b9d3/execute/async - {"script":"<script> [776 bytes]","args":[{"enterText":"ZL01","selector":{"controlType":"sap.m.Input","viewName":"etm.portal.ui.manageyards.view.New","viewId":"application-manageyards-display-component---NewYard","bindingPath":{"path":"","propertyPath":"/DELIVERY_TYPE","modelName":"NewYardModel"},"interaction":{"idSuffix":"inner"}},"clearTextFirst":true,"interactionType":"ENTER_TEXT"}]}
RESULT: {"script":"<script> [776 bytes]","args":[{"enterText":"ZL01","selector":{"controlType":"sap.m.Input","viewName":"etm.portal.ui.manageyards.view.New","viewId":"application-manageyards-display-component---NewYard","bindingPath":{"path":"","propertyPath":"/DELIVERY_TYPE","modelName":"NewYardModel"},"interaction":{"idSuffix":"inner"}},"clearTextFirst":true,"interactionType":"ENTER_TEXT"}]}
COMMAND: POST /session/bc0d9ad889a01880a2fb8fbfcb83b9d3/execute/async - {"script":"<script> [1562 bytes]","args":[{"selector":{"controlType":"sap.m.Input","viewName":"etm.portal.ui.manageyards.view.New","viewId":"application-manageyards-display-component---NewYard","bindingPath":{"path":"","propertyPath":"/AUART","modelName":"NewYardModel"},"interaction":{"idSuffix":"inner"}},"wdio_ui5_key":"etmportal.ui.manageyards.view.Newsap.m.Input{\"path\":\"\",\"propertyPath\":\"/AUART\",\"modelName\":\"NewYardModel\"}"}]}
RESULT: {"script":"<script> [1562 bytes]","args":[{"selector":{"controlType":"sap.m.Input","viewName":"etm.portal.ui.manageyards.view.New","viewId":"application-manageyards-display-component---NewYard","bindingPath":{"path":"","propertyPath":"/AUART","modelName":"NewYardModel"},"interaction":{"idSuffix":"inner"}},"wdio_ui5_key":"etmportal.ui.manageyards.view.Newsap.m.Input{\"path\":\"\",\"propertyPath\":\"/AUART\",\"modelName\":\"NewYardModel\"}"}]}
RESULT: undefined
COMMAND: POST /session/bc0d9ad889a01880a2fb8fbfcb83b9d3/execute/async - {"script":"<script> [776 bytes]","args":[{"enterText":"TA","selector":{"controlType":"sap.m.Input","viewName":"etm.portal.ui.manageyards.view.New","viewId":"application-manageyards-display-component---NewYard","bindingPath":{"path":"","propertyPath":"/AUART","modelName":"NewYardModel"},"interaction":{"idSuffix":"inner"}},"clearTextFirst":true,"interactionType":"ENTER_TEXT"}]}
RESULT: {"script":"<script> [776 bytes]","args":[{"enterText":"TA","selector":{"controlType":"sap.m.Input","viewName":"etm.portal.ui.manageyards.view.New","viewId":"application-manageyards-display-component---NewYard","bindingPath":{"path":"","propertyPath":"/AUART","modelName":"NewYardModel"},"interaction":{"idSuffix":"inner"}},"clearTextFirst":true,"interactionType":"ENTER_TEXT"}]}
COMMAND: POST /session/bc0d9ad889a01880a2fb8fbfcb83b9d3/element - {"using":"xpath","value":"//button[@data-kt=\"newYardSaveButton\"]"}
RESULT: {"using":"xpath","value":"//button[@data-kt=\"newYardSaveButton\"]"}
COMMAND: POST /session/bc0d9ad889a01880a2fb8fbfcb83b9d3/element/f.3A9A75F048712998086FE021ED0A6AC3.d.E605046E9EB71B609BB81538AD30A872.e.715/click - {}
RESULT: {}
COMMAND: GET /session/bc0d9ad889a01880a2fb8fbfcb83b9d3/screenshot - {}
COMMAND: POST /session/bc0d9ad889a01880a2fb8fbfcb83b9d3/element - {"using":"xpath","value":"//header[contains(@id, 'ObjectPageLayout-headerTitle')]/div[1]/div[2]/div[1]/span[1]"}
RESULT: {}
RESULT: {"using":"xpath","value":"//header[contains(@id, 'ObjectPageLayout-headerTitle')]/div[1]/div[2]/div[1]/span[1]"}
COMMAND: POST /session/bc0d9ad889a01880a2fb8fbfcb83b9d3/elements - {"using":"xpath","value":"//header[contains(@id, 'ObjectPageLayout-headerTitle')]/div[1]/div[2]/div[1]/span[1]"}
RESULT: {"using":"xpath","value":"//header[contains(@id, 'ObjectPageLayout-headerTitle')]/div[1]/div[2]/div[1]/span[1]"}
COMMAND: POST /session/bc0d9ad889a01880a2fb8fbfcb83b9d3/execute/sync - {"script":"<script> [56 bytes]","args":[{"element-6066-11e4-a52e-4f735466cecf":"f.3A9A75F048712998086FE021ED0A6AC3.d.E605046E9EB71B609BB81538AD30A872.e.1008","ELEMENT":"f.3A9A75F048712998086FE021ED0A6AC3.d.E605046E9EB71B609BB81538AD30A872.e.1008"}]}
RESULT: {"script":"<script> [56 bytes]","args":[{"element-6066-11e4-a52e-4f735466cecf":"f.3A9A75F048712998086FE021ED0A6AC3.d.E605046E9EB71B609BB81538AD30A872.e.1008","ELEMENT":"f.3A9A75F048712998086FE021ED0A6AC3.d.E605046E9EB71B609BB81538AD30A872.e.1008"}]}
COMMAND: GET /session/bc0d9ad889a01880a2fb8fbfcb83b9d3/screenshot - {}
RESULT: {}
COMMAND: POST /session/bc0d9ad889a01880a2fb8fbfcb83b9d3/element - {"using":"css selector","value":"#shell-header-logo"}
RESULT: {"using":"css selector","value":"#shell-header-logo"}
COMMAND: POST /session/bc0d9ad889a01880a2fb8fbfcb83b9d3/element/f.3A9A75F048712998086FE021ED0A6AC3.d.E605046E9EB71B609BB81538AD30A872.e.266/click - {}
RESULT: {}
COMMAND: GET /session/bc0d9ad889a01880a2fb8fbfcb83b9d3/screenshot - {}
RESULT: {}
COMMAND: POST /session/bc0d9ad889a01880a2fb8fbfcb83b9d3/execute/sync - {"script":"<script> [299 bytes]","args":[["getModel","getResource"]]}
RESULT: {"script":"<script> [299 bytes]","args":[["getModel","getResource"]]}
]]></system-out>
    </testcase>
    <testcase classname="chrome.135_0_7049_96.windows.Tests_for_Mass_State_Change_on_Manage_States_&amp;_Performances_US104416_US" name="Prereq Should create a new partner" time="140.756">
      <system-out><![CDATA[
COMMAND: GET /session/bc0d9ad889a01880a2fb8fbfcb83b9d3/screenshot - {}
COMMAND: POST /session/bc0d9ad889a01880a2fb8fbfcb83b9d3/window/fullscreen - {}
RESULT: {}
RESULT: {}
COMMAND: POST /session/bc0d9ad889a01880a2fb8fbfcb83b9d3/execute/async - {"script":"<script> [1562 bytes]","args":[{"selector":{"controlType":"sap.m.GenericTile","properties":{"header":"Manage Partners"}},"wdio_ui5_key":"sapm.GenericTile{\"header\":\"Manage Partners\"}"}]}
RESULT: {"script":"<script> [1562 bytes]","args":[{"selector":{"controlType":"sap.m.GenericTile","properties":{"header":"Manage Partners"}},"wdio_ui5_key":"sapm.GenericTile{\"header\":\"Manage Partners\"}"}]}
RESULT: undefined
COMMAND: POST /session/bc0d9ad889a01880a2fb8fbfcb83b9d3/element - {"using":"xpath","value":"//*[@id=\"__tile38\"]"}
RESULT: {"using":"xpath","value":"//*[@id=\"__tile38\"]"}
COMMAND: POST /session/bc0d9ad889a01880a2fb8fbfcb83b9d3/element/f.3A9A75F048712998086FE021ED0A6AC3.d.E605046E9EB71B609BB81538AD30A872.e.167/click - {}
RESULT: {}
COMMAND: POST /session/bc0d9ad889a01880a2fb8fbfcb83b9d3/element - {"using":"xpath","value":"//button[@data-kt=\"addButton\"]"}
COMMAND: GET /session/bc0d9ad889a01880a2fb8fbfcb83b9d3/screenshot - {}
RESULT: {"using":"xpath","value":"//button[@data-kt=\"addButton\"]"}
COMMAND: POST /session/bc0d9ad889a01880a2fb8fbfcb83b9d3/elements - {"using":"xpath","value":"//button[@data-kt=\"addButton\"]"}
RESULT: {}
RESULT: {"using":"xpath","value":"//button[@data-kt=\"addButton\"]"}
COMMAND: POST /session/bc0d9ad889a01880a2fb8fbfcb83b9d3/elements - {"using":"xpath","value":"//button[@data-kt=\"addButton\"]"}
RESULT: {"using":"xpath","value":"//button[@data-kt=\"addButton\"]"}
COMMAND: POST /session/bc0d9ad889a01880a2fb8fbfcb83b9d3/elements - {"using":"xpath","value":"//button[@data-kt=\"addButton\"]"}
RESULT: {"using":"xpath","value":"//button[@data-kt=\"addButton\"]"}
COMMAND: POST /session/bc0d9ad889a01880a2fb8fbfcb83b9d3/elements - {"using":"xpath","value":"//button[@data-kt=\"addButton\"]"}
RESULT: {"using":"xpath","value":"//button[@data-kt=\"addButton\"]"}
COMMAND: POST /session/bc0d9ad889a01880a2fb8fbfcb83b9d3/elements - {"using":"xpath","value":"//button[@data-kt=\"addButton\"]"}
RESULT: {"using":"xpath","value":"//button[@data-kt=\"addButton\"]"}
COMMAND: POST /session/bc0d9ad889a01880a2fb8fbfcb83b9d3/elements - {"using":"xpath","value":"//button[@data-kt=\"addButton\"]"}
RESULT: {"using":"xpath","value":"//button[@data-kt=\"addButton\"]"}
COMMAND: POST /session/bc0d9ad889a01880a2fb8fbfcb83b9d3/elements - {"using":"xpath","value":"//button[@data-kt=\"addButton\"]"}
RESULT: {"using":"xpath","value":"//button[@data-kt=\"addButton\"]"}
COMMAND: POST /session/bc0d9ad889a01880a2fb8fbfcb83b9d3/elements - {"using":"xpath","value":"//button[@data-kt=\"addButton\"]"}
RESULT: {"using":"xpath","value":"//button[@data-kt=\"addButton\"]"}
COMMAND: POST /session/bc0d9ad889a01880a2fb8fbfcb83b9d3/elements - {"using":"xpath","value":"//button[@data-kt=\"addButton\"]"}
RESULT: {"using":"xpath","value":"//button[@data-kt=\"addButton\"]"}
COMMAND: POST /session/bc0d9ad889a01880a2fb8fbfcb83b9d3/elements - {"using":"xpath","value":"//button[@data-kt=\"addButton\"]"}
RESULT: {"using":"xpath","value":"//button[@data-kt=\"addButton\"]"}
COMMAND: POST /session/bc0d9ad889a01880a2fb8fbfcb83b9d3/elements - {"using":"xpath","value":"//button[@data-kt=\"addButton\"]"}
RESULT: {"using":"xpath","value":"//button[@data-kt=\"addButton\"]"}
COMMAND: POST /session/bc0d9ad889a01880a2fb8fbfcb83b9d3/element - {"using":"xpath","value":"//button[@data-kt=\"addButton\"]"}
RESULT: {"using":"xpath","value":"//button[@data-kt=\"addButton\"]"}
COMMAND: POST /session/bc0d9ad889a01880a2fb8fbfcb83b9d3/execute/sync - {"script":"<script> [8489 bytes]","args":[{"element-6066-11e4-a52e-4f735466cecf":"f.3A9A75F048712998086FE021ED0A6AC3.d.E605046E9EB71B609BB81538AD30A872.e.1029","ELEMENT":"f.3A9A75F048712998086FE021ED0A6AC3.d.E605046E9EB71B609BB81538AD30A872.e.1029"}]}
RESULT: {"script":"<script> [8489 bytes]","args":[{"element-6066-11e4-a52e-4f735466cecf":"f.3A9A75F048712998086FE021ED0A6AC3.d.E605046E9EB71B609BB81538AD30A872.e.1029","ELEMENT":"f.3A9A75F048712998086FE021ED0A6AC3.d.E605046E9EB71B609BB81538AD30A872.e.1029"}]}
COMMAND: GET /session/bc0d9ad889a01880a2fb8fbfcb83b9d3/element/f.3A9A75F048712998086FE021ED0A6AC3.d.E605046E9EB71B609BB81538AD30A872.e.1029/enabled - {}
COMMAND: GET /session/bc0d9ad889a01880a2fb8fbfcb83b9d3/screenshot - {}
RESULT: {}
COMMAND: POST /session/bc0d9ad889a01880a2fb8fbfcb83b9d3/execute/sync - {"script":"<script> [8489 bytes]","args":[{"element-6066-11e4-a52e-4f735466cecf":"f.3A9A75F048712998086FE021ED0A6AC3.d.E605046E9EB71B609BB81538AD30A872.e.1029","ELEMENT":"f.3A9A75F048712998086FE021ED0A6AC3.d.E605046E9EB71B609BB81538AD30A872.e.1029"}]}
COMMAND: GET /session/bc0d9ad889a01880a2fb8fbfcb83b9d3/screenshot - {}
RESULT: {}
RESULT: {"script":"<script> [8489 bytes]","args":[{"element-6066-11e4-a52e-4f735466cecf":"f.3A9A75F048712998086FE021ED0A6AC3.d.E605046E9EB71B609BB81538AD30A872.e.1029","ELEMENT":"f.3A9A75F048712998086FE021ED0A6AC3.d.E605046E9EB71B609BB81538AD30A872.e.1029"}]}
COMMAND: POST /session/bc0d9ad889a01880a2fb8fbfcb83b9d3/execute/sync - {"script":"<script> [5351 bytes]","args":[{"element-6066-11e4-a52e-4f735466cecf":"f.3A9A75F048712998086FE021ED0A6AC3.d.E605046E9EB71B609BB81538AD30A872.e.1029","ELEMENT":"f.3A9A75F048712998086FE021ED0A6AC3.d.E605046E9EB71B609BB81538AD30A872.e.1029"}]}
COMMAND: GET /session/bc0d9ad889a01880a2fb8fbfcb83b9d3/screenshot - {}
RESULT: {}
RESULT: {"script":"<script> [5351 bytes]","args":[{"element-6066-11e4-a52e-4f735466cecf":"f.3A9A75F048712998086FE021ED0A6AC3.d.E605046E9EB71B609BB81538AD30A872.e.1029","ELEMENT":"f.3A9A75F048712998086FE021ED0A6AC3.d.E605046E9EB71B609BB81538AD30A872.e.1029"}]}
COMMAND: POST /session/bc0d9ad889a01880a2fb8fbfcb83b9d3/element/f.3A9A75F048712998086FE021ED0A6AC3.d.E605046E9EB71B609BB81538AD30A872.e.1029/click - {}
COMMAND: GET /session/bc0d9ad889a01880a2fb8fbfcb83b9d3/screenshot - {}
RESULT: {}
RESULT: {}
COMMAND: GET /session/bc0d9ad889a01880a2fb8fbfcb83b9d3/screenshot - {}
COMMAND: POST /session/bc0d9ad889a01880a2fb8fbfcb83b9d3/execute/async - {"script":"<script> [1562 bytes]","args":[{"selector":{"id":"application-managepartners-display-component---NewPartner--addressDetailDetailsName1","interaction":{"idSuffix":"inner"}},"wdio_ui5_key":"applicationmanagepartners-display-component---NewPartner--addressDetailDetailsName1"}]}
RESULT: {}
RESULT: {}
RESULT: {"script":"<script> [1562 bytes]","args":[{"selector":{"id":"application-managepartners-display-component---NewPartner--addressDetailDetailsName1","interaction":{"idSuffix":"inner"}},"wdio_ui5_key":"applicationmanagepartners-display-component---NewPartner--addressDetailDetailsName1"}]}
RESULT: undefined
COMMAND: POST /session/bc0d9ad889a01880a2fb8fbfcb83b9d3/execute/async - {"script":"<script> [776 bytes]","args":[{"enterText":"Intracompany Partner WDIO","selector":{"id":"application-managepartners-display-component---NewPartner--addressDetailDetailsName1","interaction":{"idSuffix":"inner"}},"clearTextFirst":true,"interactionType":"ENTER_TEXT"}]}
RESULT: {"script":"<script> [776 bytes]","args":[{"enterText":"Intracompany Partner WDIO","selector":{"id":"application-managepartners-display-component---NewPartner--addressDetailDetailsName1","interaction":{"idSuffix":"inner"}},"clearTextFirst":true,"interactionType":"ENTER_TEXT"}]}
COMMAND: POST /session/bc0d9ad889a01880a2fb8fbfcb83b9d3/execute/async - {"script":"<script> [1562 bytes]","args":[{"selector":{"id":"application-managepartners-display-component---NewPartner--addressDetailDetailsLanguage-arrow"},"wdio_ui5_key":"applicationmanagepartners-display-component---NewPartner--addressDetailDetailsLanguage-arrow"}]}
RESULT: {"script":"<script> [1562 bytes]","args":[{"selector":{"id":"application-managepartners-display-component---NewPartner--addressDetailDetailsLanguage-arrow"},"wdio_ui5_key":"applicationmanagepartners-display-component---NewPartner--addressDetailDetailsLanguage-arrow"}]}
RESULT: undefined
COMMAND: POST /session/bc0d9ad889a01880a2fb8fbfcb83b9d3/element - {"using":"xpath","value":"//*[@id=\"application-managepartners-display-component---NewPartner--addressDetailDetailsLanguage-arrow\"]"}
RESULT: {"using":"xpath","value":"//*[@id=\"application-managepartners-display-component---NewPartner--addressDetailDetailsLanguage-arrow\"]"}
COMMAND: POST /session/bc0d9ad889a01880a2fb8fbfcb83b9d3/element/f.3A9A75F048712998086FE021ED0A6AC3.d.E605046E9EB71B609BB81538AD30A872.e.1480/click - {}
RESULT: {}
COMMAND: POST /session/bc0d9ad889a01880a2fb8fbfcb83b9d3/element - {"using":"xpath","value":"//span[contains(text(), \"English\")]"}
COMMAND: GET /session/bc0d9ad889a01880a2fb8fbfcb83b9d3/screenshot - {}
RESULT: {"using":"xpath","value":"//span[contains(text(), \"English\")]"}
COMMAND: POST /session/bc0d9ad889a01880a2fb8fbfcb83b9d3/element/f.3A9A75F048712998086FE021ED0A6AC3.d.E605046E9EB71B609BB81538AD30A872.e.1481/click - {}
RESULT: {}
RESULT: {}
COMMAND: GET /session/bc0d9ad889a01880a2fb8fbfcb83b9d3/screenshot - {}
RESULT: {}
COMMAND: POST /session/bc0d9ad889a01880a2fb8fbfcb83b9d3/execute/async - {"script":"<script> [1562 bytes]","args":[{"selector":{"id":"application-managepartners-display-component---NewPartner--addressDetailDetailsCity1","interaction":{"idSuffix":"inner"}},"wdio_ui5_key":"applicationmanagepartners-display-component---NewPartner--addressDetailDetailsCity1"}]}
RESULT: {"script":"<script> [1562 bytes]","args":[{"selector":{"id":"application-managepartners-display-component---NewPartner--addressDetailDetailsCity1","interaction":{"idSuffix":"inner"}},"wdio_ui5_key":"applicationmanagepartners-display-component---NewPartner--addressDetailDetailsCity1"}]}
RESULT: undefined
COMMAND: POST /session/bc0d9ad889a01880a2fb8fbfcb83b9d3/execute/async - {"script":"<script> [776 bytes]","args":[{"enterText":"Rosario","selector":{"id":"application-managepartners-display-component---NewPartner--addressDetailDetailsCity1","interaction":{"idSuffix":"inner"}},"clearTextFirst":true,"interactionType":"ENTER_TEXT"}]}
RESULT: {"script":"<script> [776 bytes]","args":[{"enterText":"Rosario","selector":{"id":"application-managepartners-display-component---NewPartner--addressDetailDetailsCity1","interaction":{"idSuffix":"inner"}},"clearTextFirst":true,"interactionType":"ENTER_TEXT"}]}
COMMAND: POST /session/bc0d9ad889a01880a2fb8fbfcb83b9d3/execute/async - {"script":"<script> [1562 bytes]","args":[{"selector":{"id":"application-managepartners-display-component---NewPartner--addressDetailDetailsCountry-arrow"},"wdio_ui5_key":"applicationmanagepartners-display-component---NewPartner--addressDetailDetailsCountry-arrow"}]}
RESULT: {"script":"<script> [1562 bytes]","args":[{"selector":{"id":"application-managepartners-display-component---NewPartner--addressDetailDetailsCountry-arrow"},"wdio_ui5_key":"applicationmanagepartners-display-component---NewPartner--addressDetailDetailsCountry-arrow"}]}
RESULT: undefined
COMMAND: POST /session/bc0d9ad889a01880a2fb8fbfcb83b9d3/element - {"using":"xpath","value":"//*[@id=\"application-managepartners-display-component---NewPartner--addressDetailDetailsCountry-arrow\"]"}
RESULT: {"using":"xpath","value":"//*[@id=\"application-managepartners-display-component---NewPartner--addressDetailDetailsCountry-arrow\"]"}
COMMAND: POST /session/bc0d9ad889a01880a2fb8fbfcb83b9d3/element/f.3A9A75F048712998086FE021ED0A6AC3.d.E605046E9EB71B609BB81538AD30A872.e.1425/click - {}
RESULT: {}
COMMAND: POST /session/bc0d9ad889a01880a2fb8fbfcb83b9d3/element - {"using":"xpath","value":"//span[contains(text(), \"Argentina\")]"}
COMMAND: GET /session/bc0d9ad889a01880a2fb8fbfcb83b9d3/screenshot - {}
RESULT: {"using":"xpath","value":"//span[contains(text(), \"Argentina\")]"}
COMMAND: POST /session/bc0d9ad889a01880a2fb8fbfcb83b9d3/element/f.3A9A75F048712998086FE021ED0A6AC3.d.E605046E9EB71B609BB81538AD30A872.e.1483/click - {}
RESULT: {}
RESULT: {}
COMMAND: GET /session/bc0d9ad889a01880a2fb8fbfcb83b9d3/screenshot - {}
RESULT: {}
COMMAND: POST /session/bc0d9ad889a01880a2fb8fbfcb83b9d3/element - {"using":"xpath","value":"//bdi[contains(text(), \"Commercial\")]"}
RESULT: {"using":"xpath","value":"//bdi[contains(text(), \"Commercial\")]"}
COMMAND: POST /session/bc0d9ad889a01880a2fb8fbfcb83b9d3/element/f.3A9A75F048712998086FE021ED0A6AC3.d.E605046E9EB71B609BB81538AD30A872.e.1484/click - {}
RESULT: {}
COMMAND: GET /session/bc0d9ad889a01880a2fb8fbfcb83b9d3/screenshot - {}
RESULT: {}
COMMAND: POST /session/bc0d9ad889a01880a2fb8fbfcb83b9d3/execute/async - {"script":"<script> [1562 bytes]","args":[{"selector":{"id":"application-managepartners-display-component---NewPartner--partnerDetailInternal-arrow"},"wdio_ui5_key":"applicationmanagepartners-display-component---NewPartner--partnerDetailInternal-arrow"}]}
RESULT: {"script":"<script> [1562 bytes]","args":[{"selector":{"id":"application-managepartners-display-component---NewPartner--partnerDetailInternal-arrow"},"wdio_ui5_key":"applicationmanagepartners-display-component---NewPartner--partnerDetailInternal-arrow"}]}
RESULT: undefined
COMMAND: POST /session/bc0d9ad889a01880a2fb8fbfcb83b9d3/element - {"using":"xpath","value":"//*[@id=\"application-managepartners-display-component---NewPartner--partnerDetailInternal-arrow\"]"}
RESULT: {"using":"xpath","value":"//*[@id=\"application-managepartners-display-component---NewPartner--partnerDetailInternal-arrow\"]"}
COMMAND: POST /session/bc0d9ad889a01880a2fb8fbfcb83b9d3/element/f.3A9A75F048712998086FE021ED0A6AC3.d.E605046E9EB71B609BB81538AD30A872.e.1490/click - {}
RESULT: {}
COMMAND: POST /session/bc0d9ad889a01880a2fb8fbfcb83b9d3/element - {"using":"xpath","value":"//span[contains(text(), \"Affiliated company\")]"}
COMMAND: GET /session/bc0d9ad889a01880a2fb8fbfcb83b9d3/screenshot - {}
RESULT: {"using":"xpath","value":"//span[contains(text(), \"Affiliated company\")]"}
COMMAND: POST /session/bc0d9ad889a01880a2fb8fbfcb83b9d3/element/f.3A9A75F048712998086FE021ED0A6AC3.d.E605046E9EB71B609BB81538AD30A872.e.1491/click - {}
RESULT: {}
RESULT: {}
COMMAND: POST /session/bc0d9ad889a01880a2fb8fbfcb83b9d3/execute/async - {"script":"<script> [1562 bytes]","args":[{"selector":{"id":"application-managepartners-display-component---NewPartner--partnerDetailsCurrency-arrow"},"wdio_ui5_key":"applicationmanagepartners-display-component---NewPartner--partnerDetailsCurrency-arrow"}]}
COMMAND: GET /session/bc0d9ad889a01880a2fb8fbfcb83b9d3/screenshot - {}
RESULT: {"script":"<script> [1562 bytes]","args":[{"selector":{"id":"application-managepartners-display-component---NewPartner--partnerDetailsCurrency-arrow"},"wdio_ui5_key":"applicationmanagepartners-display-component---NewPartner--partnerDetailsCurrency-arrow"}]}
RESULT: undefined
COMMAND: POST /session/bc0d9ad889a01880a2fb8fbfcb83b9d3/element - {"using":"xpath","value":"//*[@id=\"application-managepartners-display-component---NewPartner--partnerDetailsCurrency-arrow\"]"}
RESULT: {}
RESULT: {"using":"xpath","value":"//*[@id=\"application-managepartners-display-component---NewPartner--partnerDetailsCurrency-arrow\"]"}
COMMAND: POST /session/bc0d9ad889a01880a2fb8fbfcb83b9d3/element/f.3A9A75F048712998086FE021ED0A6AC3.d.E605046E9EB71B609BB81538AD30A872.e.1498/click - {}
RESULT: {}
COMMAND: POST /session/bc0d9ad889a01880a2fb8fbfcb83b9d3/element - {"using":"xpath","value":"//span[contains(text(), \"Euro\")]"}
COMMAND: GET /session/bc0d9ad889a01880a2fb8fbfcb83b9d3/screenshot - {}
RESULT: {"using":"xpath","value":"//span[contains(text(), \"Euro\")]"}
COMMAND: POST /session/bc0d9ad889a01880a2fb8fbfcb83b9d3/element/f.3A9A75F048712998086FE021ED0A6AC3.d.E605046E9EB71B609BB81538AD30A872.e.1499/click - {}
RESULT: {}
RESULT: {}
COMMAND: POST /session/bc0d9ad889a01880a2fb8fbfcb83b9d3/execute/async - {"script":"<script> [1562 bytes]","args":[{"selector":{"id":"application-managepartners-display-component---NewPartner--addressEditDetailsCostObjectCstType-arrow"},"wdio_ui5_key":"applicationmanagepartners-display-component---NewPartner--addressEditDetailsCostObjectCstType-arrow"}]}
COMMAND: GET /session/bc0d9ad889a01880a2fb8fbfcb83b9d3/screenshot - {}
RESULT: {"script":"<script> [1562 bytes]","args":[{"selector":{"id":"application-managepartners-display-component---NewPartner--addressEditDetailsCostObjectCstType-arrow"},"wdio_ui5_key":"applicationmanagepartners-display-component---NewPartner--addressEditDetailsCostObjectCstType-arrow"}]}
RESULT: undefined
COMMAND: POST /session/bc0d9ad889a01880a2fb8fbfcb83b9d3/element - {"using":"xpath","value":"//*[@id=\"application-managepartners-display-component---NewPartner--addressEditDetailsCostObjectCstType-arrow\"]"}
RESULT: {}
RESULT: {"using":"xpath","value":"//*[@id=\"application-managepartners-display-component---NewPartner--addressEditDetailsCostObjectCstType-arrow\"]"}
COMMAND: POST /session/bc0d9ad889a01880a2fb8fbfcb83b9d3/element/f.3A9A75F048712998086FE021ED0A6AC3.d.E605046E9EB71B609BB81538AD30A872.e.1500/click - {}
RESULT: {}
COMMAND: POST /session/bc0d9ad889a01880a2fb8fbfcb83b9d3/element - {"using":"xpath","value":"//span[contains(text(), \"Cost Center\")]"}
COMMAND: GET /session/bc0d9ad889a01880a2fb8fbfcb83b9d3/screenshot - {}
RESULT: {"using":"xpath","value":"//span[contains(text(), \"Cost Center\")]"}
COMMAND: POST /session/bc0d9ad889a01880a2fb8fbfcb83b9d3/element/f.3A9A75F048712998086FE021ED0A6AC3.d.E605046E9EB71B609BB81538AD30A872.e.1501/click - {}
RESULT: {}
RESULT: {}
COMMAND: GET /session/bc0d9ad889a01880a2fb8fbfcb83b9d3/screenshot - {}
RESULT: {}
COMMAND: POST /session/bc0d9ad889a01880a2fb8fbfcb83b9d3/element - {"using":"xpath","value":"//span[@id=\"application-managepartners-display-component---NewPartner--addressNewCostObjectCstID-vhi\"]"}
RESULT: {"using":"xpath","value":"//span[@id=\"application-managepartners-display-component---NewPartner--addressNewCostObjectCstID-vhi\"]"}
COMMAND: POST /session/bc0d9ad889a01880a2fb8fbfcb83b9d3/execute/sync - {"script":"<script> [8489 bytes]","args":[{"element-6066-11e4-a52e-4f735466cecf":"f.3A9A75F048712998086FE021ED0A6AC3.d.E605046E9EB71B609BB81538AD30A872.e.1505","ELEMENT":"f.3A9A75F048712998086FE021ED0A6AC3.d.E605046E9EB71B609BB81538AD30A872.e.1505"}]}
RESULT: {"script":"<script> [8489 bytes]","args":[{"element-6066-11e4-a52e-4f735466cecf":"f.3A9A75F048712998086FE021ED0A6AC3.d.E605046E9EB71B609BB81538AD30A872.e.1505","ELEMENT":"f.3A9A75F048712998086FE021ED0A6AC3.d.E605046E9EB71B609BB81538AD30A872.e.1505"}]}
COMMAND: POST /session/bc0d9ad889a01880a2fb8fbfcb83b9d3/execute/async - {"script":"<script> [1562 bytes]","args":[{"selector":{"id":"application-managepartners-display-component---NewPartner--addressNewCostObjectCstID-vhi"},"wdio_ui5_key":"applicationmanagepartners-display-component---NewPartner--addressNewCostObjectCstID-vhi"}]}
COMMAND: GET /session/bc0d9ad889a01880a2fb8fbfcb83b9d3/screenshot - {}
RESULT: {"script":"<script> [1562 bytes]","args":[{"selector":{"id":"application-managepartners-display-component---NewPartner--addressNewCostObjectCstID-vhi"},"wdio_ui5_key":"applicationmanagepartners-display-component---NewPartner--addressNewCostObjectCstID-vhi"}]}
RESULT: undefined
COMMAND: POST /session/bc0d9ad889a01880a2fb8fbfcb83b9d3/element - {"using":"xpath","value":"//*[@id=\"application-managepartners-display-component---NewPartner--addressNewCostObjectCstID-vhi\"]"}
RESULT: {}
RESULT: {"using":"xpath","value":"//*[@id=\"application-managepartners-display-component---NewPartner--addressNewCostObjectCstID-vhi\"]"}
COMMAND: POST /session/bc0d9ad889a01880a2fb8fbfcb83b9d3/element/f.3A9A75F048712998086FE021ED0A6AC3.d.E605046E9EB71B609BB81538AD30A872.e.1505/click - {}
RESULT: {}
COMMAND: GET /session/bc0d9ad889a01880a2fb8fbfcb83b9d3/screenshot - {}
RESULT: {}
RESULT: undefined
COMMAND: POST /session/bc0d9ad889a01880a2fb8fbfcb83b9d3/execute/async - {"script":"<script> [776 bytes]","args":[{"enterText":"10001013","selector":{"controlType":"sap.m.SearchField","properties":{"placeholder":"Search"},"searchOpenDialogs":true,"interaction":{"idSuffix":"I"}},"clearTextFirst":true,"interactionType":"ENTER_TEXT"}]}
RESULT: {"script":"<script> [776 bytes]","args":[{"enterText":"10001013","selector":{"controlType":"sap.m.SearchField","properties":{"placeholder":"Search"},"searchOpenDialogs":true,"interaction":{"idSuffix":"I"}},"clearTextFirst":true,"interactionType":"ENTER_TEXT"}]}
COMMAND: POST /session/bc0d9ad889a01880a2fb8fbfcb83b9d3/actions - {"actions":[{"id":"action2","type":"key","parameters":{},"actions":[{"type":"keyDown","value":"î€‡"},{"type":"pause","duration":10},{"type":"keyUp","value":"î€‡"}]}]}
RESULT: {"actions":[{"id":"action2","type":"key","parameters":{},"actions":[{"type":"keyDown","value":"î€‡"},{"type":"pause","duration":10},{"type":"keyUp","value":"î€‡"}]}]}
COMMAND: GET /session/bc0d9ad889a01880a2fb8fbfcb83b9d3/screenshot - {}
RESULT: {}
COMMAND: POST /session/bc0d9ad889a01880a2fb8fbfcb83b9d3/element - {"using":"xpath","value":"//span[contains(text(), \"General Management\")]"}
RESULT: {"using":"xpath","value":"//span[contains(text(), \"General Management\")]"}
COMMAND: POST /session/bc0d9ad889a01880a2fb8fbfcb83b9d3/element/f.3A9A75F048712998086FE021ED0A6AC3.d.E605046E9EB71B609BB81538AD30A872.e.1543/click - {}
RESULT: {}
COMMAND: GET /session/bc0d9ad889a01880a2fb8fbfcb83b9d3/screenshot - {}
RESULT: {}
COMMAND: POST /session/bc0d9ad889a01880a2fb8fbfcb83b9d3/element - {"using":"xpath","value":"//bdi[contains(text(), \"OK\")]"}
RESULT: {"using":"xpath","value":"//bdi[contains(text(), \"OK\")]"}
COMMAND: POST /session/bc0d9ad889a01880a2fb8fbfcb83b9d3/element/f.3A9A75F048712998086FE021ED0A6AC3.d.E605046E9EB71B609BB81538AD30A872.e.1544/click - {}
RESULT: {}
COMMAND: GET /session/bc0d9ad889a01880a2fb8fbfcb83b9d3/screenshot - {}
RESULT: {}
COMMAND: POST /session/bc0d9ad889a01880a2fb8fbfcb83b9d3/element - {"using":"xpath","value":"//input[@id=\"application-managepartners-display-component---NewPartner--companyCodeComboBox-inner\"]"}
RESULT: {"using":"xpath","value":"//input[@id=\"application-managepartners-display-component---NewPartner--companyCodeComboBox-inner\"]"}
COMMAND: POST /session/bc0d9ad889a01880a2fb8fbfcb83b9d3/element/f.3A9A75F048712998086FE021ED0A6AC3.d.E605046E9EB71B609BB81538AD30A872.e.1351/clear - {}
RESULT: {}
COMMAND: POST /session/bc0d9ad889a01880a2fb8fbfcb83b9d3/element/f.3A9A75F048712998086FE021ED0A6AC3.d.E605046E9EB71B609BB81538AD30A872.e.1351/value - {"text":"1000"}
COMMAND: GET /session/bc0d9ad889a01880a2fb8fbfcb83b9d3/screenshot - {}
RESULT: {"text":"1000"}
COMMAND: GET /session/bc0d9ad889a01880a2fb8fbfcb83b9d3/screenshot - {}
RESULT: {}
RESULT: {}
COMMAND: POST /session/bc0d9ad889a01880a2fb8fbfcb83b9d3/element - {"using":"xpath","value":"//span[contains(text(), \"1000\")]"}
RESULT: {"using":"xpath","value":"//span[contains(text(), \"1000\")]"}
COMMAND: POST /session/bc0d9ad889a01880a2fb8fbfcb83b9d3/element/f.3A9A75F048712998086FE021ED0A6AC3.d.E605046E9EB71B609BB81538AD30A872.e.1550/click - {}
RESULT: {}
COMMAND: GET /session/bc0d9ad889a01880a2fb8fbfcb83b9d3/screenshot - {}
RESULT: {}
COMMAND: POST /session/bc0d9ad889a01880a2fb8fbfcb83b9d3/execute/async - {"script":"<script> [1562 bytes]","args":[{"selector":{"id":"application-managepartners-display-component---NewPartner--btnAddTableRow-img"},"wdio_ui5_key":"applicationmanagepartners-display-component---NewPartner--btnAddTableRow-img"}]}
RESULT: {"script":"<script> [1562 bytes]","args":[{"selector":{"id":"application-managepartners-display-component---NewPartner--btnAddTableRow-img"},"wdio_ui5_key":"applicationmanagepartners-display-component---NewPartner--btnAddTableRow-img"}]}
RESULT: undefined
COMMAND: POST /session/bc0d9ad889a01880a2fb8fbfcb83b9d3/element - {"using":"xpath","value":"//*[@id=\"application-managepartners-display-component---NewPartner--btnAddTableRow-img\"]"}
RESULT: {"using":"xpath","value":"//*[@id=\"application-managepartners-display-component---NewPartner--btnAddTableRow-img\"]"}
COMMAND: POST /session/bc0d9ad889a01880a2fb8fbfcb83b9d3/element/f.3A9A75F048712998086FE021ED0A6AC3.d.E605046E9EB71B609BB81538AD30A872.e.1551/click - {}
RESULT: {}
COMMAND: GET /session/bc0d9ad889a01880a2fb8fbfcb83b9d3/screenshot - {}
RESULT: {}
COMMAND: POST /session/bc0d9ad889a01880a2fb8fbfcb83b9d3/element - {"using":"xpath","value":"//input[@id=\"application-managepartners-display-component---NewPartner--assignmentYard-application-managepartners-display-component---NewPartner--assignmentsTable-0-inner\"]"}
RESULT: {"using":"xpath","value":"//input[@id=\"application-managepartners-display-component---NewPartner--assignmentYard-application-managepartners-display-component---NewPartner--assignmentsTable-0-inner\"]"}
COMMAND: POST /session/bc0d9ad889a01880a2fb8fbfcb83b9d3/element/f.3A9A75F048712998086FE021ED0A6AC3.d.E605046E9EB71B609BB81538AD30A872.e.1554/clear - {}
RESULT: {}
COMMAND: POST /session/bc0d9ad889a01880a2fb8fbfcb83b9d3/element/f.3A9A75F048712998086FE021ED0A6AC3.d.E605046E9EB71B609BB81538AD30A872.e.1554/value - {"text":"490"}
COMMAND: GET /session/bc0d9ad889a01880a2fb8fbfcb83b9d3/screenshot - {}
RESULT: {"text":"490"}
COMMAND: GET /session/bc0d9ad889a01880a2fb8fbfcb83b9d3/screenshot - {}
RESULT: {}
RESULT: {}
COMMAND: POST /session/bc0d9ad889a01880a2fb8fbfcb83b9d3/element - {"using":"xpath","value":"//li[.//span[text()='490']]"}
RESULT: {"using":"xpath","value":"//li[.//span[text()='490']]"}
COMMAND: POST /session/bc0d9ad889a01880a2fb8fbfcb83b9d3/element/f.3A9A75F048712998086FE021ED0A6AC3.d.E605046E9EB71B609BB81538AD30A872.e.1563/click - {}
RESULT: {}
COMMAND: GET /session/bc0d9ad889a01880a2fb8fbfcb83b9d3/screenshot - {}
RESULT: {}
COMMAND: POST /session/bc0d9ad889a01880a2fb8fbfcb83b9d3/actions - {"actions":[{"id":"action3","type":"key","parameters":{},"actions":[{"type":"keyDown","value":"î€‡"},{"type":"pause","duration":10},{"type":"keyUp","value":"î€‡"}]}]}
RESULT: {"actions":[{"id":"action3","type":"key","parameters":{},"actions":[{"type":"keyDown","value":"î€‡"},{"type":"pause","duration":10},{"type":"keyUp","value":"î€‡"}]}]}
COMMAND: POST /session/bc0d9ad889a01880a2fb8fbfcb83b9d3/execute/async - {"script":"<script> [1562 bytes]","args":[{"selector":{"id":"application-managepartners-display-component---NewPartner--externalCustomerComboBox-application-managepartners-display-component---NewPartner--assignmentsTable-0-vhi"},"wdio_ui5_key":"applicationmanagepartners-display-component---NewPartner--externalCustomerComboBox-application-managepartners-display-component---NewPartner--assignmentsTable-0-vhi"}]}
COMMAND: GET /session/bc0d9ad889a01880a2fb8fbfcb83b9d3/screenshot - {}
RESULT: {"script":"<script> [1562 bytes]","args":[{"selector":{"id":"application-managepartners-display-component---NewPartner--externalCustomerComboBox-application-managepartners-display-component---NewPartner--assignmentsTable-0-vhi"},"wdio_ui5_key":"applicationmanagepartners-display-component---NewPartner--externalCustomerComboBox-application-managepartners-display-component---NewPartner--assignmentsTable-0-vhi"}]}
RESULT: undefined
COMMAND: POST /session/bc0d9ad889a01880a2fb8fbfcb83b9d3/element - {"using":"xpath","value":"//*[@id=\"application-managepartners-display-component---NewPartner--externalCustomerComboBox-application-managepartners-display-component---NewPartner--assignmentsTable-0-vhi\"]"}
RESULT: {}
RESULT: {"using":"xpath","value":"//*[@id=\"application-managepartners-display-component---NewPartner--externalCustomerComboBox-application-managepartners-display-component---NewPartner--assignmentsTable-0-vhi\"]"}
COMMAND: POST /session/bc0d9ad889a01880a2fb8fbfcb83b9d3/element/f.3A9A75F048712998086FE021ED0A6AC3.d.E605046E9EB71B609BB81538AD30A872.e.1567/click - {}
RESULT: {}
RESULT: undefined
COMMAND: POST /session/bc0d9ad889a01880a2fb8fbfcb83b9d3/execute/async - {"script":"<script> [776 bytes]","args":[{"enterText":"300003","selector":{"controlType":"sap.m.SearchField","properties":{"placeholder":"Search"},"searchOpenDialogs":true,"interaction":{"idSuffix":"I"}},"clearTextFirst":true,"interactionType":"ENTER_TEXT"}]}
COMMAND: GET /session/bc0d9ad889a01880a2fb8fbfcb83b9d3/screenshot - {}
RESULT: {"script":"<script> [776 bytes]","args":[{"enterText":"300003","selector":{"controlType":"sap.m.SearchField","properties":{"placeholder":"Search"},"searchOpenDialogs":true,"interaction":{"idSuffix":"I"}},"clearTextFirst":true,"interactionType":"ENTER_TEXT"}]}
COMMAND: POST /session/bc0d9ad889a01880a2fb8fbfcb83b9d3/actions - {"actions":[{"id":"action4","type":"key","parameters":{},"actions":[{"type":"keyDown","value":"î€‡"},{"type":"pause","duration":10},{"type":"keyUp","value":"î€‡"}]}]}
RESULT: {}
RESULT: {"actions":[{"id":"action4","type":"key","parameters":{},"actions":[{"type":"keyDown","value":"î€‡"},{"type":"pause","duration":10},{"type":"keyUp","value":"î€‡"}]}]}
COMMAND: GET /session/bc0d9ad889a01880a2fb8fbfcb83b9d3/screenshot - {}
RESULT: {}
COMMAND: POST /session/bc0d9ad889a01880a2fb8fbfcb83b9d3/element - {"using":"xpath","value":"//span[contains(text(), \"300003\")]"}
RESULT: {"using":"xpath","value":"//span[contains(text(), \"300003\")]"}
COMMAND: POST /session/bc0d9ad889a01880a2fb8fbfcb83b9d3/element/f.3A9A75F048712998086FE021ED0A6AC3.d.E605046E9EB71B609BB81538AD30A872.e.1586/click - {}
RESULT: {}
COMMAND: GET /session/bc0d9ad889a01880a2fb8fbfcb83b9d3/screenshot - {}
RESULT: {}
COMMAND: POST /session/bc0d9ad889a01880a2fb8fbfcb83b9d3/element - {"using":"xpath","value":"//bdi[contains(text(), \"OK\")]"}
RESULT: {"using":"xpath","value":"//bdi[contains(text(), \"OK\")]"}
COMMAND: POST /session/bc0d9ad889a01880a2fb8fbfcb83b9d3/element/f.3A9A75F048712998086FE021ED0A6AC3.d.E605046E9EB71B609BB81538AD30A872.e.1588/click - {}
RESULT: {}
COMMAND: GET /session/bc0d9ad889a01880a2fb8fbfcb83b9d3/screenshot - {}
RESULT: {}
COMMAND: POST /session/bc0d9ad889a01880a2fb8fbfcb83b9d3/execute/async - {"script":"<script> [1562 bytes]","args":[{"selector":{"id":"application-managepartners-display-component---NewPartner--intercompVendorComboBox-application-managepartners-display-component---NewPartner--assignmentsTable-0-vhi"},"wdio_ui5_key":"applicationmanagepartners-display-component---NewPartner--intercompVendorComboBox-application-managepartners-display-component---NewPartner--assignmentsTable-0-vhi"}]}
RESULT: {"script":"<script> [1562 bytes]","args":[{"selector":{"id":"application-managepartners-display-component---NewPartner--intercompVendorComboBox-application-managepartners-display-component---NewPartner--assignmentsTable-0-vhi"},"wdio_ui5_key":"applicationmanagepartners-display-component---NewPartner--intercompVendorComboBox-application-managepartners-display-component---NewPartner--assignmentsTable-0-vhi"}]}
RESULT: undefined
COMMAND: POST /session/bc0d9ad889a01880a2fb8fbfcb83b9d3/element - {"using":"xpath","value":"//*[@id=\"application-managepartners-display-component---NewPartner--intercompVendorComboBox-application-managepartners-display-component---NewPartner--assignmentsTable-0-vhi\"]"}
RESULT: {"using":"xpath","value":"//*[@id=\"application-managepartners-display-component---NewPartner--intercompVendorComboBox-application-managepartners-display-component---NewPartner--assignmentsTable-0-vhi\"]"}
COMMAND: POST /session/bc0d9ad889a01880a2fb8fbfcb83b9d3/element/f.3A9A75F048712998086FE021ED0A6AC3.d.E605046E9EB71B609BB81538AD30A872.e.1591/click - {}
RESULT: {}
RESULT: undefined
COMMAND: POST /session/bc0d9ad889a01880a2fb8fbfcb83b9d3/execute/async - {"script":"<script> [776 bytes]","args":[{"enterText":"100005","selector":{"controlType":"sap.m.SearchField","properties":{"placeholder":"Search"},"searchOpenDialogs":true,"interaction":{"idSuffix":"I"}},"clearTextFirst":true,"interactionType":"ENTER_TEXT"}]}
COMMAND: GET /session/bc0d9ad889a01880a2fb8fbfcb83b9d3/screenshot - {}
RESULT: {"script":"<script> [776 bytes]","args":[{"enterText":"100005","selector":{"controlType":"sap.m.SearchField","properties":{"placeholder":"Search"},"searchOpenDialogs":true,"interaction":{"idSuffix":"I"}},"clearTextFirst":true,"interactionType":"ENTER_TEXT"}]}
COMMAND: POST /session/bc0d9ad889a01880a2fb8fbfcb83b9d3/actions - {"actions":[{"id":"action5","type":"key","parameters":{},"actions":[{"type":"keyDown","value":"î€‡"},{"type":"pause","duration":10},{"type":"keyUp","value":"î€‡"}]}]}
RESULT: {}
RESULT: {"actions":[{"id":"action5","type":"key","parameters":{},"actions":[{"type":"keyDown","value":"î€‡"},{"type":"pause","duration":10},{"type":"keyUp","value":"î€‡"}]}]}
COMMAND: GET /session/bc0d9ad889a01880a2fb8fbfcb83b9d3/screenshot - {}
RESULT: {}
COMMAND: POST /session/bc0d9ad889a01880a2fb8fbfcb83b9d3/element - {"using":"xpath","value":"//span[contains(text(), \"Penguins - Field/12345 Berlin\")]"}
RESULT: {"using":"xpath","value":"//span[contains(text(), \"Penguins - Field/12345 Berlin\")]"}
COMMAND: POST /session/bc0d9ad889a01880a2fb8fbfcb83b9d3/element/f.3A9A75F048712998086FE021ED0A6AC3.d.E605046E9EB71B609BB81538AD30A872.e.1608/click - {}
RESULT: {}
COMMAND: GET /session/bc0d9ad889a01880a2fb8fbfcb83b9d3/screenshot - {}
RESULT: {}
COMMAND: POST /session/bc0d9ad889a01880a2fb8fbfcb83b9d3/element - {"using":"xpath","value":"//bdi[contains(text(), \"OK\")]"}
RESULT: {"using":"xpath","value":"//bdi[contains(text(), \"OK\")]"}
COMMAND: POST /session/bc0d9ad889a01880a2fb8fbfcb83b9d3/element/f.3A9A75F048712998086FE021ED0A6AC3.d.E605046E9EB71B609BB81538AD30A872.e.1609/click - {}
RESULT: {}
COMMAND: GET /session/bc0d9ad889a01880a2fb8fbfcb83b9d3/screenshot - {}
RESULT: {}
COMMAND: POST /session/bc0d9ad889a01880a2fb8fbfcb83b9d3/element - {"using":"xpath","value":"//button[@data-kt=\"saveButton\"]"}
RESULT: {"using":"xpath","value":"//button[@data-kt=\"saveButton\"]"}
COMMAND: POST /session/bc0d9ad889a01880a2fb8fbfcb83b9d3/element/f.3A9A75F048712998086FE021ED0A6AC3.d.E605046E9EB71B609BB81538AD30A872.e.1465/click - {}
RESULT: {}
COMMAND: GET /session/bc0d9ad889a01880a2fb8fbfcb83b9d3/screenshot - {}
RESULT: {}
COMMAND: POST /session/bc0d9ad889a01880a2fb8fbfcb83b9d3/element - {"using":"xpath","value":"//header[contains(@id, 'ObjectPageLayout-headerTitle')]/div[1]/div[2]/div[2]/span[1]"}
RESULT: {"using":"xpath","value":"//header[contains(@id, 'ObjectPageLayout-headerTitle')]/div[1]/div[2]/div[2]/span[1]"}
COMMAND: POST /session/bc0d9ad889a01880a2fb8fbfcb83b9d3/elements - {"using":"xpath","value":"//header[contains(@id, 'ObjectPageLayout-headerTitle')]/div[1]/div[2]/div[2]/span[1]"}
RESULT: {"using":"xpath","value":"//header[contains(@id, 'ObjectPageLayout-headerTitle')]/div[1]/div[2]/div[2]/span[1]"}
COMMAND: POST /session/bc0d9ad889a01880a2fb8fbfcb83b9d3/execute/sync - {"script":"<script> [56 bytes]","args":[{"element-6066-11e4-a52e-4f735466cecf":"f.3A9A75F048712998086FE021ED0A6AC3.d.E605046E9EB71B609BB81538AD30A872.e.1774","ELEMENT":"f.3A9A75F048712998086FE021ED0A6AC3.d.E605046E9EB71B609BB81538AD30A872.e.1774"}]}
RESULT: {"script":"<script> [56 bytes]","args":[{"element-6066-11e4-a52e-4f735466cecf":"f.3A9A75F048712998086FE021ED0A6AC3.d.E605046E9EB71B609BB81538AD30A872.e.1774","ELEMENT":"f.3A9A75F048712998086FE021ED0A6AC3.d.E605046E9EB71B609BB81538AD30A872.e.1774"}]}
COMMAND: POST /session/bc0d9ad889a01880a2fb8fbfcb83b9d3/element - {"using":"css selector","value":"#shell-header-logo"}
COMMAND: GET /session/bc0d9ad889a01880a2fb8fbfcb83b9d3/screenshot - {}
RESULT: {"using":"css selector","value":"#shell-header-logo"}
COMMAND: POST /session/bc0d9ad889a01880a2fb8fbfcb83b9d3/element/f.3A9A75F048712998086FE021ED0A6AC3.d.E605046E9EB71B609BB81538AD30A872.e.1013/click - {}
RESULT: {}
RESULT: {}
COMMAND: GET /session/bc0d9ad889a01880a2fb8fbfcb83b9d3/screenshot - {}
RESULT: {}
COMMAND: POST /session/bc0d9ad889a01880a2fb8fbfcb83b9d3/execute/sync - {"script":"<script> [299 bytes]","args":[["getModel","getResource"]]}
RESULT: {"script":"<script> [299 bytes]","args":[["getModel","getResource"]]}
COMMAND: GET /session/bc0d9ad889a01880a2fb8fbfcb83b9d3/screenshot - {}
]]></system-out>
    </testcase>
    <testcase classname="chrome.135_0_7049_96.windows.Tests_for_Mass_State_Change_on_Manage_States_&amp;_Performances_US104416_US" name="Prereq Should create a new site" time="162.739">
      <system-out><![CDATA[
COMMAND: POST /session/bc0d9ad889a01880a2fb8fbfcb83b9d3/execute/async - {"script":"<script> [1562 bytes]","args":[{"selector":{"controlType":"sap.m.TileContent","bindingPath":{"path":"","propertyPath":"/properties/info"},"ancestor":{"controlType":"sap.m.GenericTile","properties":{"header":"Manage Sites"}}},"wdio_ui5_key":"sapm.TileContent{\"path\":\"\",\"propertyPath\":\"/properties/info\"}{\"controlType\":\"sap.m.GenericTile\",\"properties\":{\"header\":\"Manage Sites\"}}"}]}
RESULT: {}
RESULT: {"script":"<script> [1562 bytes]","args":[{"selector":{"controlType":"sap.m.TileContent","bindingPath":{"path":"","propertyPath":"/properties/info"},"ancestor":{"controlType":"sap.m.GenericTile","properties":{"header":"Manage Sites"}}},"wdio_ui5_key":"sapm.TileContent{\"path\":\"\",\"propertyPath\":\"/properties/info\"}{\"controlType\":\"sap.m.GenericTile\",\"properties\":{\"header\":\"Manage Sites\"}}"}]}
RESULT: undefined
COMMAND: POST /session/bc0d9ad889a01880a2fb8fbfcb83b9d3/element - {"using":"xpath","value":"//*[@id=\"__xmlview7--numericTileContent\"]"}
RESULT: {"using":"xpath","value":"//*[@id=\"__xmlview7--numericTileContent\"]"}
COMMAND: POST /session/bc0d9ad889a01880a2fb8fbfcb83b9d3/element/f.3A9A75F048712998086FE021ED0A6AC3.d.E605046E9EB71B609BB81538AD30A872.e.1776/click - {}
RESULT: {}
COMMAND: POST /session/bc0d9ad889a01880a2fb8fbfcb83b9d3/element - {"using":"xpath","value":"//button[@data-kt=\"addOverflowToolbarButton\"]"}
COMMAND: GET /session/bc0d9ad889a01880a2fb8fbfcb83b9d3/screenshot - {}
RESULT: {"using":"xpath","value":"//button[@data-kt=\"addOverflowToolbarButton\"]"}
COMMAND: POST /session/bc0d9ad889a01880a2fb8fbfcb83b9d3/elements - {"using":"xpath","value":"//button[@data-kt=\"addOverflowToolbarButton\"]"}
RESULT: {}
RESULT: {"using":"xpath","value":"//button[@data-kt=\"addOverflowToolbarButton\"]"}
COMMAND: POST /session/bc0d9ad889a01880a2fb8fbfcb83b9d3/elements - {"using":"xpath","value":"//button[@data-kt=\"addOverflowToolbarButton\"]"}
RESULT: {"using":"xpath","value":"//button[@data-kt=\"addOverflowToolbarButton\"]"}
COMMAND: POST /session/bc0d9ad889a01880a2fb8fbfcb83b9d3/elements - {"using":"xpath","value":"//button[@data-kt=\"addOverflowToolbarButton\"]"}
RESULT: {"using":"xpath","value":"//button[@data-kt=\"addOverflowToolbarButton\"]"}
COMMAND: POST /session/bc0d9ad889a01880a2fb8fbfcb83b9d3/element - {"using":"xpath","value":"//button[@data-kt=\"addOverflowToolbarButton\"]"}
RESULT: {"using":"xpath","value":"//button[@data-kt=\"addOverflowToolbarButton\"]"}
COMMAND: POST /session/bc0d9ad889a01880a2fb8fbfcb83b9d3/execute/sync - {"script":"<script> [8489 bytes]","args":[{"element-6066-11e4-a52e-4f735466cecf":"f.3A9A75F048712998086FE021ED0A6AC3.d.E605046E9EB71B609BB81538AD30A872.e.1822","ELEMENT":"f.3A9A75F048712998086FE021ED0A6AC3.d.E605046E9EB71B609BB81538AD30A872.e.1822"}]}
RESULT: {"script":"<script> [8489 bytes]","args":[{"element-6066-11e4-a52e-4f735466cecf":"f.3A9A75F048712998086FE021ED0A6AC3.d.E605046E9EB71B609BB81538AD30A872.e.1822","ELEMENT":"f.3A9A75F048712998086FE021ED0A6AC3.d.E605046E9EB71B609BB81538AD30A872.e.1822"}]}
COMMAND: GET /session/bc0d9ad889a01880a2fb8fbfcb83b9d3/element/f.3A9A75F048712998086FE021ED0A6AC3.d.E605046E9EB71B609BB81538AD30A872.e.1822/enabled - {}
COMMAND: GET /session/bc0d9ad889a01880a2fb8fbfcb83b9d3/screenshot - {}
RESULT: {}
COMMAND: POST /session/bc0d9ad889a01880a2fb8fbfcb83b9d3/execute/sync - {"script":"<script> [8489 bytes]","args":[{"element-6066-11e4-a52e-4f735466cecf":"f.3A9A75F048712998086FE021ED0A6AC3.d.E605046E9EB71B609BB81538AD30A872.e.1822","ELEMENT":"f.3A9A75F048712998086FE021ED0A6AC3.d.E605046E9EB71B609BB81538AD30A872.e.1822"}]}
COMMAND: GET /session/bc0d9ad889a01880a2fb8fbfcb83b9d3/screenshot - {}
RESULT: {}
RESULT: {"script":"<script> [8489 bytes]","args":[{"element-6066-11e4-a52e-4f735466cecf":"f.3A9A75F048712998086FE021ED0A6AC3.d.E605046E9EB71B609BB81538AD30A872.e.1822","ELEMENT":"f.3A9A75F048712998086FE021ED0A6AC3.d.E605046E9EB71B609BB81538AD30A872.e.1822"}]}
COMMAND: POST /session/bc0d9ad889a01880a2fb8fbfcb83b9d3/execute/sync - {"script":"<script> [5351 bytes]","args":[{"element-6066-11e4-a52e-4f735466cecf":"f.3A9A75F048712998086FE021ED0A6AC3.d.E605046E9EB71B609BB81538AD30A872.e.1822","ELEMENT":"f.3A9A75F048712998086FE021ED0A6AC3.d.E605046E9EB71B609BB81538AD30A872.e.1822"}]}
COMMAND: GET /session/bc0d9ad889a01880a2fb8fbfcb83b9d3/screenshot - {}
RESULT: {}
RESULT: {"script":"<script> [5351 bytes]","args":[{"element-6066-11e4-a52e-4f735466cecf":"f.3A9A75F048712998086FE021ED0A6AC3.d.E605046E9EB71B609BB81538AD30A872.e.1822","ELEMENT":"f.3A9A75F048712998086FE021ED0A6AC3.d.E605046E9EB71B609BB81538AD30A872.e.1822"}]}
COMMAND: POST /session/bc0d9ad889a01880a2fb8fbfcb83b9d3/element/f.3A9A75F048712998086FE021ED0A6AC3.d.E605046E9EB71B609BB81538AD30A872.e.1822/click - {}
COMMAND: GET /session/bc0d9ad889a01880a2fb8fbfcb83b9d3/screenshot - {}
RESULT: {}
RESULT: {}
COMMAND: GET /session/bc0d9ad889a01880a2fb8fbfcb83b9d3/screenshot - {}
COMMAND: POST /session/bc0d9ad889a01880a2fb8fbfcb83b9d3/execute/async - {"script":"<script> [1562 bytes]","args":[{"selector":{"id":"application-managesites-display-component---NewSite--addressDetailDetailsName1","interaction":{"idSuffix":"inner"}},"wdio_ui5_key":"applicationmanagesites-display-component---NewSite--addressDetailDetailsName1"}]}
RESULT: {}
RESULT: {}
RESULT: {"script":"<script> [1562 bytes]","args":[{"selector":{"id":"application-managesites-display-component---NewSite--addressDetailDetailsName1","interaction":{"idSuffix":"inner"}},"wdio_ui5_key":"applicationmanagesites-display-component---NewSite--addressDetailDetailsName1"}]}
RESULT: undefined
COMMAND: POST /session/bc0d9ad889a01880a2fb8fbfcb83b9d3/execute/async - {"script":"<script> [776 bytes]","args":[{"enterText":"Intracompany Site wdIO","selector":{"id":"application-managesites-display-component---NewSite--addressDetailDetailsName1","interaction":{"idSuffix":"inner"}},"clearTextFirst":true,"interactionType":"ENTER_TEXT"}]}
RESULT: {"script":"<script> [776 bytes]","args":[{"enterText":"Intracompany Site wdIO","selector":{"id":"application-managesites-display-component---NewSite--addressDetailDetailsName1","interaction":{"idSuffix":"inner"}},"clearTextFirst":true,"interactionType":"ENTER_TEXT"}]}
COMMAND: POST /session/bc0d9ad889a01880a2fb8fbfcb83b9d3/execute/async - {"script":"<script> [1562 bytes]","args":[{"selector":{"id":"application-managesites-display-component---NewSite--addressDetailDetailsLanguage-arrow"},"wdio_ui5_key":"applicationmanagesites-display-component---NewSite--addressDetailDetailsLanguage-arrow"}]}
RESULT: {"script":"<script> [1562 bytes]","args":[{"selector":{"id":"application-managesites-display-component---NewSite--addressDetailDetailsLanguage-arrow"},"wdio_ui5_key":"applicationmanagesites-display-component---NewSite--addressDetailDetailsLanguage-arrow"}]}
RESULT: undefined
COMMAND: POST /session/bc0d9ad889a01880a2fb8fbfcb83b9d3/element - {"using":"xpath","value":"//*[@id=\"application-managesites-display-component---NewSite--addressDetailDetailsLanguage-arrow\"]"}
RESULT: {"using":"xpath","value":"//*[@id=\"application-managesites-display-component---NewSite--addressDetailDetailsLanguage-arrow\"]"}
COMMAND: POST /session/bc0d9ad889a01880a2fb8fbfcb83b9d3/element/f.3A9A75F048712998086FE021ED0A6AC3.d.E605046E9EB71B609BB81538AD30A872.e.2284/click - {}
RESULT: {}
COMMAND: POST /session/bc0d9ad889a01880a2fb8fbfcb83b9d3/element - {"using":"xpath","value":"//span[contains(text(), \"English\")]"}
COMMAND: GET /session/bc0d9ad889a01880a2fb8fbfcb83b9d3/screenshot - {}
RESULT: {"using":"xpath","value":"//span[contains(text(), \"English\")]"}
COMMAND: POST /session/bc0d9ad889a01880a2fb8fbfcb83b9d3/element/f.3A9A75F048712998086FE021ED0A6AC3.d.E605046E9EB71B609BB81538AD30A872.e.2285/click - {}
RESULT: {}
RESULT: {}
COMMAND: POST /session/bc0d9ad889a01880a2fb8fbfcb83b9d3/execute/async - {"script":"<script> [1562 bytes]","args":[{"selector":{"id":"application-managesites-display-component---NewSite--addressDetailDetailsCity1","interaction":{"idSuffix":"inner"}},"wdio_ui5_key":"applicationmanagesites-display-component---NewSite--addressDetailDetailsCity1"}]}
COMMAND: GET /session/bc0d9ad889a01880a2fb8fbfcb83b9d3/screenshot - {}
RESULT: {"script":"<script> [1562 bytes]","args":[{"selector":{"id":"application-managesites-display-component---NewSite--addressDetailDetailsCity1","interaction":{"idSuffix":"inner"}},"wdio_ui5_key":"applicationmanagesites-display-component---NewSite--addressDetailDetailsCity1"}]}
RESULT: undefined
COMMAND: POST /session/bc0d9ad889a01880a2fb8fbfcb83b9d3/execute/async - {"script":"<script> [776 bytes]","args":[{"enterText":"Rosario","selector":{"id":"application-managesites-display-component---NewSite--addressDetailDetailsCity1","interaction":{"idSuffix":"inner"}},"clearTextFirst":true,"interactionType":"ENTER_TEXT"}]}
RESULT: {}
RESULT: {"script":"<script> [776 bytes]","args":[{"enterText":"Rosario","selector":{"id":"application-managesites-display-component---NewSite--addressDetailDetailsCity1","interaction":{"idSuffix":"inner"}},"clearTextFirst":true,"interactionType":"ENTER_TEXT"}]}
COMMAND: POST /session/bc0d9ad889a01880a2fb8fbfcb83b9d3/execute/async - {"script":"<script> [1562 bytes]","args":[{"selector":{"id":"application-managesites-display-component---NewSite--addressDetailDetailsCountry-arrow"},"wdio_ui5_key":"applicationmanagesites-display-component---NewSite--addressDetailDetailsCountry-arrow"}]}
RESULT: {"script":"<script> [1562 bytes]","args":[{"selector":{"id":"application-managesites-display-component---NewSite--addressDetailDetailsCountry-arrow"},"wdio_ui5_key":"applicationmanagesites-display-component---NewSite--addressDetailDetailsCountry-arrow"}]}
RESULT: undefined
COMMAND: POST /session/bc0d9ad889a01880a2fb8fbfcb83b9d3/element - {"using":"xpath","value":"//*[@id=\"application-managesites-display-component---NewSite--addressDetailDetailsCountry-arrow\"]"}
RESULT: {"using":"xpath","value":"//*[@id=\"application-managesites-display-component---NewSite--addressDetailDetailsCountry-arrow\"]"}
COMMAND: POST /session/bc0d9ad889a01880a2fb8fbfcb83b9d3/element/f.3A9A75F048712998086FE021ED0A6AC3.d.E605046E9EB71B609BB81538AD30A872.e.2287/click - {}
RESULT: {}
COMMAND: POST /session/bc0d9ad889a01880a2fb8fbfcb83b9d3/element - {"using":"xpath","value":"//span[contains(text(), \"Argentina\")]"}
COMMAND: GET /session/bc0d9ad889a01880a2fb8fbfcb83b9d3/screenshot - {}
RESULT: {"using":"xpath","value":"//span[contains(text(), \"Argentina\")]"}
COMMAND: POST /session/bc0d9ad889a01880a2fb8fbfcb83b9d3/element/f.3A9A75F048712998086FE021ED0A6AC3.d.E605046E9EB71B609BB81538AD30A872.e.2288/click - {}
RESULT: {}
RESULT: {}
COMMAND: GET /session/bc0d9ad889a01880a2fb8fbfcb83b9d3/screenshot - {}
RESULT: {}
COMMAND: POST /session/bc0d9ad889a01880a2fb8fbfcb83b9d3/execute/async - {"script":"<script> [1562 bytes]","args":[{"selector":{"id":"application-managesites-display-component---NewSite--addressEditDetailsCostObjectCstType-arrow"},"wdio_ui5_key":"applicationmanagesites-display-component---NewSite--addressEditDetailsCostObjectCstType-arrow"}]}
RESULT: {"script":"<script> [1562 bytes]","args":[{"selector":{"id":"application-managesites-display-component---NewSite--addressEditDetailsCostObjectCstType-arrow"},"wdio_ui5_key":"applicationmanagesites-display-component---NewSite--addressEditDetailsCostObjectCstType-arrow"}]}
RESULT: undefined
COMMAND: POST /session/bc0d9ad889a01880a2fb8fbfcb83b9d3/element - {"using":"xpath","value":"//*[@id=\"application-managesites-display-component---NewSite--addressEditDetailsCostObjectCstType-arrow\"]"}
RESULT: {"using":"xpath","value":"//*[@id=\"application-managesites-display-component---NewSite--addressEditDetailsCostObjectCstType-arrow\"]"}
COMMAND: POST /session/bc0d9ad889a01880a2fb8fbfcb83b9d3/element/f.3A9A75F048712998086FE021ED0A6AC3.d.E605046E9EB71B609BB81538AD30A872.e.2290/click - {}
RESULT: {}
COMMAND: POST /session/bc0d9ad889a01880a2fb8fbfcb83b9d3/element - {"using":"xpath","value":"//span[contains(text(), \"Cost Center\")]"}
COMMAND: GET /session/bc0d9ad889a01880a2fb8fbfcb83b9d3/screenshot - {}
RESULT: {"using":"xpath","value":"//span[contains(text(), \"Cost Center\")]"}
COMMAND: POST /session/bc0d9ad889a01880a2fb8fbfcb83b9d3/element/f.3A9A75F048712998086FE021ED0A6AC3.d.E605046E9EB71B609BB81538AD30A872.e.2291/click - {}
RESULT: {}
RESULT: {}
COMMAND: GET /session/bc0d9ad889a01880a2fb8fbfcb83b9d3/screenshot - {}
RESULT: {}
COMMAND: POST /session/bc0d9ad889a01880a2fb8fbfcb83b9d3/element - {"using":"xpath","value":"//span[@id=\"application-managesites-display-component---NewSite--addressNewCostObjectCstID-vhi\"]"}
RESULT: {"using":"xpath","value":"//span[@id=\"application-managesites-display-component---NewSite--addressNewCostObjectCstID-vhi\"]"}
COMMAND: POST /session/bc0d9ad889a01880a2fb8fbfcb83b9d3/execute/sync - {"script":"<script> [8489 bytes]","args":[{"element-6066-11e4-a52e-4f735466cecf":"f.3A9A75F048712998086FE021ED0A6AC3.d.E605046E9EB71B609BB81538AD30A872.e.2296","ELEMENT":"f.3A9A75F048712998086FE021ED0A6AC3.d.E605046E9EB71B609BB81538AD30A872.e.2296"}]}
RESULT: {"script":"<script> [8489 bytes]","args":[{"element-6066-11e4-a52e-4f735466cecf":"f.3A9A75F048712998086FE021ED0A6AC3.d.E605046E9EB71B609BB81538AD30A872.e.2296","ELEMENT":"f.3A9A75F048712998086FE021ED0A6AC3.d.E605046E9EB71B609BB81538AD30A872.e.2296"}]}
COMMAND: POST /session/bc0d9ad889a01880a2fb8fbfcb83b9d3/execute/async - {"script":"<script> [1562 bytes]","args":[{"selector":{"id":"application-managesites-display-component---NewSite--addressNewCostObjectCstID-vhi"},"wdio_ui5_key":"applicationmanagesites-display-component---NewSite--addressNewCostObjectCstID-vhi"}]}
COMMAND: GET /session/bc0d9ad889a01880a2fb8fbfcb83b9d3/screenshot - {}
RESULT: {}
RESULT: {"script":"<script> [1562 bytes]","args":[{"selector":{"id":"application-managesites-display-component---NewSite--addressNewCostObjectCstID-vhi"},"wdio_ui5_key":"applicationmanagesites-display-component---NewSite--addressNewCostObjectCstID-vhi"}]}
RESULT: undefined
COMMAND: POST /session/bc0d9ad889a01880a2fb8fbfcb83b9d3/element - {"using":"xpath","value":"//*[@id=\"application-managesites-display-component---NewSite--addressNewCostObjectCstID-vhi\"]"}
RESULT: {"using":"xpath","value":"//*[@id=\"application-managesites-display-component---NewSite--addressNewCostObjectCstID-vhi\"]"}
COMMAND: POST /session/bc0d9ad889a01880a2fb8fbfcb83b9d3/element/f.3A9A75F048712998086FE021ED0A6AC3.d.E605046E9EB71B609BB81538AD30A872.e.2296/click - {}
RESULT: {}
COMMAND: GET /session/bc0d9ad889a01880a2fb8fbfcb83b9d3/screenshot - {}
RESULT: {}
RESULT: undefined
COMMAND: POST /session/bc0d9ad889a01880a2fb8fbfcb83b9d3/execute/async - {"script":"<script> [776 bytes]","args":[{"enterText":"10001013","selector":{"controlType":"sap.m.SearchField","properties":{"placeholder":"Search"},"searchOpenDialogs":true,"interaction":{"idSuffix":"I"}},"clearTextFirst":true,"interactionType":"ENTER_TEXT"}]}
RESULT: {"script":"<script> [776 bytes]","args":[{"enterText":"10001013","selector":{"controlType":"sap.m.SearchField","properties":{"placeholder":"Search"},"searchOpenDialogs":true,"interaction":{"idSuffix":"I"}},"clearTextFirst":true,"interactionType":"ENTER_TEXT"}]}
COMMAND: POST /session/bc0d9ad889a01880a2fb8fbfcb83b9d3/actions - {"actions":[{"id":"action6","type":"key","parameters":{},"actions":[{"type":"keyDown","value":"î€‡"},{"type":"pause","duration":10},{"type":"keyUp","value":"î€‡"}]}]}
RESULT: {"actions":[{"id":"action6","type":"key","parameters":{},"actions":[{"type":"keyDown","value":"î€‡"},{"type":"pause","duration":10},{"type":"keyUp","value":"î€‡"}]}]}
COMMAND: GET /session/bc0d9ad889a01880a2fb8fbfcb83b9d3/screenshot - {}
RESULT: {}
COMMAND: POST /session/bc0d9ad889a01880a2fb8fbfcb83b9d3/element - {"using":"xpath","value":"//span[contains(text(), \"General Management\")]"}
RESULT: {"using":"xpath","value":"//span[contains(text(), \"General Management\")]"}
COMMAND: POST /session/bc0d9ad889a01880a2fb8fbfcb83b9d3/element/f.3A9A75F048712998086FE021ED0A6AC3.d.E605046E9EB71B609BB81538AD30A872.e.2334/click - {}
RESULT: {}
COMMAND: GET /session/bc0d9ad889a01880a2fb8fbfcb83b9d3/screenshot - {}
RESULT: {}
COMMAND: POST /session/bc0d9ad889a01880a2fb8fbfcb83b9d3/element - {"using":"xpath","value":"//bdi[contains(text(), \"OK\")]"}
RESULT: {"using":"xpath","value":"//bdi[contains(text(), \"OK\")]"}
COMMAND: POST /session/bc0d9ad889a01880a2fb8fbfcb83b9d3/element/f.3A9A75F048712998086FE021ED0A6AC3.d.E605046E9EB71B609BB81538AD30A872.e.2335/click - {}
RESULT: {}
COMMAND: GET /session/bc0d9ad889a01880a2fb8fbfcb83b9d3/screenshot - {}
RESULT: {}
COMMAND: POST /session/bc0d9ad889a01880a2fb8fbfcb83b9d3/element - {"using":"xpath","value":"//input[@id=\"application-managesites-display-component---NewSite--addressDetailDetailsCalendar-inner\"]"}
RESULT: {"using":"xpath","value":"//input[@id=\"application-managesites-display-component---NewSite--addressDetailDetailsCalendar-inner\"]"}
COMMAND: POST /session/bc0d9ad889a01880a2fb8fbfcb83b9d3/element/f.3A9A75F048712998086FE021ED0A6AC3.d.E605046E9EB71B609BB81538AD30A872.e.2084/clear - {}
RESULT: {}
COMMAND: POST /session/bc0d9ad889a01880a2fb8fbfcb83b9d3/element/f.3A9A75F048712998086FE021ED0A6AC3.d.E605046E9EB71B609BB81538AD30A872.e.2084/value - {"text":"Unit"}
COMMAND: GET /session/bc0d9ad889a01880a2fb8fbfcb83b9d3/screenshot - {}
RESULT: {"text":"Unit"}
COMMAND: GET /session/bc0d9ad889a01880a2fb8fbfcb83b9d3/screenshot - {}
RESULT: {}
RESULT: {}
COMMAND: POST /session/bc0d9ad889a01880a2fb8fbfcb83b9d3/actions - {"actions":[{"id":"action7","type":"key","parameters":{},"actions":[{"type":"keyDown","value":"î€‡"},{"type":"pause","duration":10},{"type":"keyUp","value":"î€‡"}]}]}
RESULT: {"actions":[{"id":"action7","type":"key","parameters":{},"actions":[{"type":"keyDown","value":"î€‡"},{"type":"pause","duration":10},{"type":"keyUp","value":"î€‡"}]}]}
COMMAND: POST /session/bc0d9ad889a01880a2fb8fbfcb83b9d3/element - {"using":"xpath","value":"//input[@id=\"application-managesites-display-component---NewSite--addressDetailDetailsYard-inner\"]"}
COMMAND: GET /session/bc0d9ad889a01880a2fb8fbfcb83b9d3/screenshot - {}
RESULT: {"using":"xpath","value":"//input[@id=\"application-managesites-display-component---NewSite--addressDetailDetailsYard-inner\"]"}
COMMAND: POST /session/bc0d9ad889a01880a2fb8fbfcb83b9d3/element/f.3A9A75F048712998086FE021ED0A6AC3.d.E605046E9EB71B609BB81538AD30A872.e.2085/clear - {}
RESULT: {}
RESULT: {}
COMMAND: POST /session/bc0d9ad889a01880a2fb8fbfcb83b9d3/element/f.3A9A75F048712998086FE021ED0A6AC3.d.E605046E9EB71B609BB81538AD30A872.e.2085/value - {"text":"490"}
COMMAND: GET /session/bc0d9ad889a01880a2fb8fbfcb83b9d3/screenshot - {}
RESULT: {"text":"490"}
COMMAND: GET /session/bc0d9ad889a01880a2fb8fbfcb83b9d3/screenshot - {}
RESULT: {}
RESULT: {}
COMMAND: POST /session/bc0d9ad889a01880a2fb8fbfcb83b9d3/element - {"using":"xpath","value":"//li[.//span[text()='490']]"}
RESULT: {"using":"xpath","value":"//li[.//span[text()='490']]"}
COMMAND: POST /session/bc0d9ad889a01880a2fb8fbfcb83b9d3/element/f.3A9A75F048712998086FE021ED0A6AC3.d.E605046E9EB71B609BB81538AD30A872.e.2343/click - {}
RESULT: {}
COMMAND: GET /session/bc0d9ad889a01880a2fb8fbfcb83b9d3/screenshot - {}
RESULT: {}
COMMAND: POST /session/bc0d9ad889a01880a2fb8fbfcb83b9d3/element - {"using":"xpath","value":"//input[@id=\"application-managesites-display-component---NewSite--addressDetailDetailsPartner-inner\"]"}
RESULT: {"using":"xpath","value":"//input[@id=\"application-managesites-display-component---NewSite--addressDetailDetailsPartner-inner\"]"}
COMMAND: POST /session/bc0d9ad889a01880a2fb8fbfcb83b9d3/element - {"using":"xpath","value":"//input[@id=\"application-managesites-display-component---NewSite--addressDetailDetailsPartner-inner\"]"}
RESULT: {"using":"xpath","value":"//input[@id=\"application-managesites-display-component---NewSite--addressDetailDetailsPartner-inner\"]"}
COMMAND: POST /session/bc0d9ad889a01880a2fb8fbfcb83b9d3/element - {"using":"xpath","value":"//button[@data-kt=\"saveButton\"]"}
RESULT: {"using":"xpath","value":"//button[@data-kt=\"saveButton\"]"}
COMMAND: POST /session/bc0d9ad889a01880a2fb8fbfcb83b9d3/element/f.3A9A75F048712998086FE021ED0A6AC3.d.E605046E9EB71B609BB81538AD30A872.e.2277/click - {}
RESULT: {}
COMMAND: GET /session/bc0d9ad889a01880a2fb8fbfcb83b9d3/screenshot - {}
RESULT: {}
COMMAND: POST /session/bc0d9ad889a01880a2fb8fbfcb83b9d3/element - {"using":"xpath","value":"//header[contains(@id, 'ObjectPageLayout-headerTitle')]/div[1]/div[2]/div[2]/span[1]"}
RESULT: {"using":"xpath","value":"//header[contains(@id, 'ObjectPageLayout-headerTitle')]/div[1]/div[2]/div[2]/span[1]"}
COMMAND: POST /session/bc0d9ad889a01880a2fb8fbfcb83b9d3/elements - {"using":"xpath","value":"//header[contains(@id, 'ObjectPageLayout-headerTitle')]/div[1]/div[2]/div[2]/span[1]"}
RESULT: {"using":"xpath","value":"//header[contains(@id, 'ObjectPageLayout-headerTitle')]/div[1]/div[2]/div[2]/span[1]"}
COMMAND: POST /session/bc0d9ad889a01880a2fb8fbfcb83b9d3/execute/sync - {"script":"<script> [56 bytes]","args":[{"element-6066-11e4-a52e-4f735466cecf":"f.3A9A75F048712998086FE021ED0A6AC3.d.E605046E9EB71B609BB81538AD30A872.e.2543","ELEMENT":"f.3A9A75F048712998086FE021ED0A6AC3.d.E605046E9EB71B609BB81538AD30A872.e.2543"}]}
RESULT: {"script":"<script> [56 bytes]","args":[{"element-6066-11e4-a52e-4f735466cecf":"f.3A9A75F048712998086FE021ED0A6AC3.d.E605046E9EB71B609BB81538AD30A872.e.2543","ELEMENT":"f.3A9A75F048712998086FE021ED0A6AC3.d.E605046E9EB71B609BB81538AD30A872.e.2543"}]}
COMMAND: POST /session/bc0d9ad889a01880a2fb8fbfcb83b9d3/element - {"using":"css selector","value":"#shell-header-logo"}
COMMAND: GET /session/bc0d9ad889a01880a2fb8fbfcb83b9d3/screenshot - {}
RESULT: {"using":"css selector","value":"#shell-header-logo"}
COMMAND: POST /session/bc0d9ad889a01880a2fb8fbfcb83b9d3/element/f.3A9A75F048712998086FE021ED0A6AC3.d.E605046E9EB71B609BB81538AD30A872.e.1780/click - {}
RESULT: {}
RESULT: {}
COMMAND: GET /session/bc0d9ad889a01880a2fb8fbfcb83b9d3/screenshot - {}
RESULT: {}
COMMAND: POST /session/bc0d9ad889a01880a2fb8fbfcb83b9d3/execute/sync - {"script":"<script> [299 bytes]","args":[["getModel","getResource"]]}
RESULT: {"script":"<script> [299 bytes]","args":[["getModel","getResource"]]}
COMMAND: POST /session/bc0d9ad889a01880a2fb8fbfcb83b9d3/element - {"using":"xpath","value":"//button[.//bdi[contains(text(), \"Close\")]]"}
COMMAND: GET /session/bc0d9ad889a01880a2fb8fbfcb83b9d3/screenshot - {}
RESULT: {"using":"xpath","value":"//button[.//bdi[contains(text(), \"Close\")]]"}
COMMAND: POST /session/bc0d9ad889a01880a2fb8fbfcb83b9d3/element/f.3A9A75F048712998086FE021ED0A6AC3.d.E605046E9EB71B609BB81538AD30A872.e.2545/click - {}
RESULT: {}
RESULT: {}
COMMAND: GET /session/bc0d9ad889a01880a2fb8fbfcb83b9d3/screenshot - {}
RESULT: {}
COMMAND: POST /session/bc0d9ad889a01880a2fb8fbfcb83b9d3/refresh - {}
RESULT: {}
COMMAND: GET /session/bc0d9ad889a01880a2fb8fbfcb83b9d3/screenshot - {}
RESULT: {}
COMMAND: POST /session/bc0d9ad889a01880a2fb8fbfcb83b9d3/refresh - {}
RESULT: {}
COMMAND: GET /session/bc0d9ad889a01880a2fb8fbfcb83b9d3/screenshot - {}
RESULT: {}
COMMAND: POST /session/bc0d9ad889a01880a2fb8fbfcb83b9d3/window/fullscreen - {}
RESULT: {}
COMMAND: POST /session/bc0d9ad889a01880a2fb8fbfcb83b9d3/execute/async - {"script":"<script> [189 bytes]","args":[]}
RESULT: {"script":"<script> [189 bytes]","args":[]}
COMMAND: POST /session/bc0d9ad889a01880a2fb8fbfcb83b9d3/execute/async - {"script":"<script> [123 bytes]","args":[]}
RESULT: {"script":"<script> [123 bytes]","args":[]}
COMMAND: POST /session/bc0d9ad889a01880a2fb8fbfcb83b9d3/timeouts - {"script":"<number>"}
RESULT: {"script":"<number>"}
COMMAND: GET /session/bc0d9ad889a01880a2fb8fbfcb83b9d3/timeouts - {}
RESULT: {}
RESULT: undefined
COMMAND: POST /session/bc0d9ad889a01880a2fb8fbfcb83b9d3/execute/async - {"script":"<script> [2676 bytes]","args":[]}
RESULT: {"script":"<script> [2676 bytes]","args":[]}
COMMAND: POST /session/bc0d9ad889a01880a2fb8fbfcb83b9d3/execute/async - {"script":"<script> [2342 bytes]","args":[{"protocol":"http","hostname":"0.0.0.0","path":"/","capabilities":{"browserName":"chrome","goog:chromeOptions":{"binary":"C:\\Program Files\\Google\\Chrome\\Application\\chrome.exe","args":["--start-maximized"]}},"logLevel":"warn","connectionRetryTimeout":120000,"connectionRetryCount":3,"logLevels":{},"enableDirectConnect":true,"strictSSL":true,"_":"65 more keys: [\"cacheDir\",\"port\",\"requestedCapabilities\",\"automationProtocol\",\"baseUrl\",\"waitforInterval\",\"waitforTimeout\",\"onReload\",\"beforeCommand\",\"afterCommand\",\"rootDir\",\"specs\",\"suites\",\"exclude\",\"groupLogsByTestSpec\",\"excludeDriverLogs\",\"bail\",\"framework\",\"reporters\",\"services\",\"maxInstances\",\"maxInstancesPerCapability\",\"injectGlobals\",\"filesToWatch\",\"execArgv\",\"runnerEnv\",\"runner\",\"shard\",\"specFileRetries\",\"specFileRetriesDelay\",\"specFileRetriesDeferred\",\"reporterSyncInterval\",\"reporterSyncTimeout\",\"cucumberFeaturesWithLineNumbers\",\"autoCompileOpts\",\"mochaOpts\",\"jasmineOpts\",\"cucumberOpts\",\"onPrepare\",\"onWorkerStart\",\"onWorkerEnd\",\"before\",\"beforeSession\",\"beforeSuite\",\"beforeHook\",\"beforeTest\",\"afterTest\",\"afterHook\",\"afterSuite\",\"afterSession\",\"after\",\"onComplete\",\"beforeAssertion\",\"afterAssertion\",\"beforeFeature\",\"beforeScenario\",\"beforeStep\",\"afterStep\",\"afterScenario\",\"afterFeature\",\"_\",\"suite\",\"$0\",\"ignoredWorkerServices\",\"wdi5\"]"}]}
RESULT: {"script":"<script> [2342 bytes]","args":[{"protocol":"http","hostname":"0.0.0.0","path":"/","capabilities":{"browserName":"chrome","goog:chromeOptions":{"binary":"C:\\Program Files\\Google\\Chrome\\Application\\chrome.exe","args":["--start-maximized"]}},"logLevel":"warn","connectionRetryTimeout":120000,"connectionRetryCount":3,"logLevels":{},"enableDirectConnect":true,"strictSSL":true,"_":"65 more keys: [\"cacheDir\",\"port\",\"requestedCapabilities\",\"automationProtocol\",\"baseUrl\",\"waitforInterval\",\"waitforTimeout\",\"onReload\",\"beforeCommand\",\"afterCommand\",\"rootDir\",\"specs\",\"suites\",\"exclude\",\"groupLogsByTestSpec\",\"excludeDriverLogs\",\"bail\",\"framework\",\"reporters\",\"services\",\"maxInstances\",\"maxInstancesPerCapability\",\"injectGlobals\",\"filesToWatch\",\"execArgv\",\"runnerEnv\",\"runner\",\"shard\",\"specFileRetries\",\"specFileRetriesDelay\",\"specFileRetriesDeferred\",\"reporterSyncInterval\",\"reporterSyncTimeout\",\"cucumberFeaturesWithLineNumbers\",\"autoCompileOpts\",\"mochaOpts\",\"jasmineOpts\",\"cucumberOpts\",\"onPrepare\",\"onWorkerStart\",\"onWorkerEnd\",\"before\",\"beforeSession\",\"beforeSuite\",\"beforeHook\",\"beforeTest\",\"afterTest\",\"afterHook\",\"afterSuite\",\"afterSession\",\"after\",\"onComplete\",\"beforeAssertion\",\"afterAssertion\",\"beforeFeature\",\"beforeScenario\",\"beforeStep\",\"afterStep\",\"afterScenario\",\"afterFeature\",\"_\",\"suite\",\"$0\",\"ignoredWorkerServices\",\"wdi5\"]"}]}
COMMAND: POST /session/bc0d9ad889a01880a2fb8fbfcb83b9d3/execute/async - {"script":"<script> [21126 bytes]","args":[35000]}
RESULT: {"script":"<script> [21126 bytes]","args":[35000]}
COMMAND: POST /session/bc0d9ad889a01880a2fb8fbfcb83b9d3/window/fullscreen - {}
RESULT: {}
]]></system-out>
    </testcase>
    <testcase classname="chrome.135_0_7049_96.windows.Tests_for_Mass_State_Change_on_Manage_States_&amp;_Performances_US104416_US" name="Prereq Should create a new equipment multipart" time="137.937">
      <system-out><![CDATA[
COMMAND: POST /session/bc0d9ad889a01880a2fb8fbfcb83b9d3/execute/async - {"script":"<script> [1562 bytes]","args":[{"selector":{"controlType":"sap.m.GenericTile","properties":{"header":"Manage Resources"}},"wdio_ui5_key":"sapm.GenericTile{\"header\":\"Manage Resources\"}"}]}
RESULT: {"script":"<script> [1562 bytes]","args":[{"selector":{"controlType":"sap.m.GenericTile","properties":{"header":"Manage Resources"}},"wdio_ui5_key":"sapm.GenericTile{\"header\":\"Manage Resources\"}"}]}
RESULT: undefined
COMMAND: POST /session/bc0d9ad889a01880a2fb8fbfcb83b9d3/element - {"using":"xpath","value":"//*[@id=\"__tile31\"]"}
RESULT: {"using":"xpath","value":"//*[@id=\"__tile31\"]"}
COMMAND: POST /session/bc0d9ad889a01880a2fb8fbfcb83b9d3/element/f.3A9A75F048712998086FE021ED0A6AC3.d.B75977B27877A34D5DD3E07A6955CBD2.e.2615/click - {}
RESULT: {}
COMMAND: POST /session/bc0d9ad889a01880a2fb8fbfcb83b9d3/element - {"using":"xpath","value":"//button[@data-kt=\"addNewRUOverflowToolbarButton\"]"}
COMMAND: GET /session/bc0d9ad889a01880a2fb8fbfcb83b9d3/screenshot - {}
RESULT: {"using":"xpath","value":"//button[@data-kt=\"addNewRUOverflowToolbarButton\"]"}
COMMAND: POST /session/bc0d9ad889a01880a2fb8fbfcb83b9d3/elements - {"using":"xpath","value":"//button[@data-kt=\"addNewRUOverflowToolbarButton\"]"}
RESULT: {}
RESULT: {"using":"xpath","value":"//button[@data-kt=\"addNewRUOverflowToolbarButton\"]"}
COMMAND: POST /session/bc0d9ad889a01880a2fb8fbfcb83b9d3/elements - {"using":"xpath","value":"//button[@data-kt=\"addNewRUOverflowToolbarButton\"]"}
RESULT: {"using":"xpath","value":"//button[@data-kt=\"addNewRUOverflowToolbarButton\"]"}
COMMAND: POST /session/bc0d9ad889a01880a2fb8fbfcb83b9d3/elements - {"using":"xpath","value":"//button[@data-kt=\"addNewRUOverflowToolbarButton\"]"}
RESULT: {"using":"xpath","value":"//button[@data-kt=\"addNewRUOverflowToolbarButton\"]"}
COMMAND: POST /session/bc0d9ad889a01880a2fb8fbfcb83b9d3/elements - {"using":"xpath","value":"//button[@data-kt=\"addNewRUOverflowToolbarButton\"]"}
RESULT: {"using":"xpath","value":"//button[@data-kt=\"addNewRUOverflowToolbarButton\"]"}
COMMAND: POST /session/bc0d9ad889a01880a2fb8fbfcb83b9d3/elements - {"using":"xpath","value":"//button[@data-kt=\"addNewRUOverflowToolbarButton\"]"}
RESULT: {"using":"xpath","value":"//button[@data-kt=\"addNewRUOverflowToolbarButton\"]"}
COMMAND: POST /session/bc0d9ad889a01880a2fb8fbfcb83b9d3/elements - {"using":"xpath","value":"//button[@data-kt=\"addNewRUOverflowToolbarButton\"]"}
RESULT: {"using":"xpath","value":"//button[@data-kt=\"addNewRUOverflowToolbarButton\"]"}
COMMAND: POST /session/bc0d9ad889a01880a2fb8fbfcb83b9d3/elements - {"using":"xpath","value":"//button[@data-kt=\"addNewRUOverflowToolbarButton\"]"}
RESULT: {"using":"xpath","value":"//button[@data-kt=\"addNewRUOverflowToolbarButton\"]"}
COMMAND: POST /session/bc0d9ad889a01880a2fb8fbfcb83b9d3/elements - {"using":"xpath","value":"//button[@data-kt=\"addNewRUOverflowToolbarButton\"]"}
RESULT: {"using":"xpath","value":"//button[@data-kt=\"addNewRUOverflowToolbarButton\"]"}
COMMAND: POST /session/bc0d9ad889a01880a2fb8fbfcb83b9d3/elements - {"using":"xpath","value":"//button[@data-kt=\"addNewRUOverflowToolbarButton\"]"}
RESULT: {"using":"xpath","value":"//button[@data-kt=\"addNewRUOverflowToolbarButton\"]"}
COMMAND: POST /session/bc0d9ad889a01880a2fb8fbfcb83b9d3/elements - {"using":"xpath","value":"//button[@data-kt=\"addNewRUOverflowToolbarButton\"]"}
RESULT: {"using":"xpath","value":"//button[@data-kt=\"addNewRUOverflowToolbarButton\"]"}
COMMAND: POST /session/bc0d9ad889a01880a2fb8fbfcb83b9d3/elements - {"using":"xpath","value":"//button[@data-kt=\"addNewRUOverflowToolbarButton\"]"}
RESULT: {"using":"xpath","value":"//button[@data-kt=\"addNewRUOverflowToolbarButton\"]"}
COMMAND: POST /session/bc0d9ad889a01880a2fb8fbfcb83b9d3/elements - {"using":"xpath","value":"//button[@data-kt=\"addNewRUOverflowToolbarButton\"]"}
RESULT: {"using":"xpath","value":"//button[@data-kt=\"addNewRUOverflowToolbarButton\"]"}
COMMAND: POST /session/bc0d9ad889a01880a2fb8fbfcb83b9d3/elements - {"using":"xpath","value":"//button[@data-kt=\"addNewRUOverflowToolbarButton\"]"}
RESULT: {"using":"xpath","value":"//button[@data-kt=\"addNewRUOverflowToolbarButton\"]"}
COMMAND: POST /session/bc0d9ad889a01880a2fb8fbfcb83b9d3/elements - {"using":"xpath","value":"//button[@data-kt=\"addNewRUOverflowToolbarButton\"]"}
RESULT: {"using":"xpath","value":"//button[@data-kt=\"addNewRUOverflowToolbarButton\"]"}
COMMAND: POST /session/bc0d9ad889a01880a2fb8fbfcb83b9d3/elements - {"using":"xpath","value":"//button[@data-kt=\"addNewRUOverflowToolbarButton\"]"}
RESULT: {"using":"xpath","value":"//button[@data-kt=\"addNewRUOverflowToolbarButton\"]"}
COMMAND: POST /session/bc0d9ad889a01880a2fb8fbfcb83b9d3/elements - {"using":"xpath","value":"//button[@data-kt=\"addNewRUOverflowToolbarButton\"]"}
RESULT: {"using":"xpath","value":"//button[@data-kt=\"addNewRUOverflowToolbarButton\"]"}
COMMAND: POST /session/bc0d9ad889a01880a2fb8fbfcb83b9d3/elements - {"using":"xpath","value":"//button[@data-kt=\"addNewRUOverflowToolbarButton\"]"}
RESULT: {"using":"xpath","value":"//button[@data-kt=\"addNewRUOverflowToolbarButton\"]"}
COMMAND: POST /session/bc0d9ad889a01880a2fb8fbfcb83b9d3/elements - {"using":"xpath","value":"//button[@data-kt=\"addNewRUOverflowToolbarButton\"]"}
RESULT: {"using":"xpath","value":"//button[@data-kt=\"addNewRUOverflowToolbarButton\"]"}
COMMAND: POST /session/bc0d9ad889a01880a2fb8fbfcb83b9d3/elements - {"using":"xpath","value":"//button[@data-kt=\"addNewRUOverflowToolbarButton\"]"}
RESULT: {"using":"xpath","value":"//button[@data-kt=\"addNewRUOverflowToolbarButton\"]"}
COMMAND: POST /session/bc0d9ad889a01880a2fb8fbfcb83b9d3/elements - {"using":"xpath","value":"//button[@data-kt=\"addNewRUOverflowToolbarButton\"]"}
RESULT: {"using":"xpath","value":"//button[@data-kt=\"addNewRUOverflowToolbarButton\"]"}
COMMAND: POST /session/bc0d9ad889a01880a2fb8fbfcb83b9d3/elements - {"using":"xpath","value":"//button[@data-kt=\"addNewRUOverflowToolbarButton\"]"}
RESULT: {"using":"xpath","value":"//button[@data-kt=\"addNewRUOverflowToolbarButton\"]"}
COMMAND: POST /session/bc0d9ad889a01880a2fb8fbfcb83b9d3/elements - {"using":"xpath","value":"//button[@data-kt=\"addNewRUOverflowToolbarButton\"]"}
RESULT: {"using":"xpath","value":"//button[@data-kt=\"addNewRUOverflowToolbarButton\"]"}
COMMAND: POST /session/bc0d9ad889a01880a2fb8fbfcb83b9d3/elements - {"using":"xpath","value":"//button[@data-kt=\"addNewRUOverflowToolbarButton\"]"}
RESULT: {"using":"xpath","value":"//button[@data-kt=\"addNewRUOverflowToolbarButton\"]"}
COMMAND: POST /session/bc0d9ad889a01880a2fb8fbfcb83b9d3/elements - {"using":"xpath","value":"//button[@data-kt=\"addNewRUOverflowToolbarButton\"]"}
RESULT: {"using":"xpath","value":"//button[@data-kt=\"addNewRUOverflowToolbarButton\"]"}
COMMAND: POST /session/bc0d9ad889a01880a2fb8fbfcb83b9d3/elements - {"using":"xpath","value":"//button[@data-kt=\"addNewRUOverflowToolbarButton\"]"}
RESULT: {"using":"xpath","value":"//button[@data-kt=\"addNewRUOverflowToolbarButton\"]"}
COMMAND: POST /session/bc0d9ad889a01880a2fb8fbfcb83b9d3/elements - {"using":"xpath","value":"//button[@data-kt=\"addNewRUOverflowToolbarButton\"]"}
RESULT: {"using":"xpath","value":"//button[@data-kt=\"addNewRUOverflowToolbarButton\"]"}
COMMAND: POST /session/bc0d9ad889a01880a2fb8fbfcb83b9d3/elements - {"using":"xpath","value":"//button[@data-kt=\"addNewRUOverflowToolbarButton\"]"}
RESULT: {"using":"xpath","value":"//button[@data-kt=\"addNewRUOverflowToolbarButton\"]"}
COMMAND: POST /session/bc0d9ad889a01880a2fb8fbfcb83b9d3/elements - {"using":"xpath","value":"//button[@data-kt=\"addNewRUOverflowToolbarButton\"]"}
RESULT: {"using":"xpath","value":"//button[@data-kt=\"addNewRUOverflowToolbarButton\"]"}
COMMAND: POST /session/bc0d9ad889a01880a2fb8fbfcb83b9d3/elements - {"using":"xpath","value":"//button[@data-kt=\"addNewRUOverflowToolbarButton\"]"}
RESULT: {"using":"xpath","value":"//button[@data-kt=\"addNewRUOverflowToolbarButton\"]"}
COMMAND: POST /session/bc0d9ad889a01880a2fb8fbfcb83b9d3/elements - {"using":"xpath","value":"//button[@data-kt=\"addNewRUOverflowToolbarButton\"]"}
RESULT: {"using":"xpath","value":"//button[@data-kt=\"addNewRUOverflowToolbarButton\"]"}
COMMAND: POST /session/bc0d9ad889a01880a2fb8fbfcb83b9d3/elements - {"using":"xpath","value":"//button[@data-kt=\"addNewRUOverflowToolbarButton\"]"}
RESULT: {"using":"xpath","value":"//button[@data-kt=\"addNewRUOverflowToolbarButton\"]"}
COMMAND: POST /session/bc0d9ad889a01880a2fb8fbfcb83b9d3/elements - {"using":"xpath","value":"//button[@data-kt=\"addNewRUOverflowToolbarButton\"]"}
RESULT: {"using":"xpath","value":"//button[@data-kt=\"addNewRUOverflowToolbarButton\"]"}
COMMAND: POST /session/bc0d9ad889a01880a2fb8fbfcb83b9d3/elements - {"using":"xpath","value":"//button[@data-kt=\"addNewRUOverflowToolbarButton\"]"}
RESULT: {"using":"xpath","value":"//button[@data-kt=\"addNewRUOverflowToolbarButton\"]"}
COMMAND: POST /session/bc0d9ad889a01880a2fb8fbfcb83b9d3/elements - {"using":"xpath","value":"//button[@data-kt=\"addNewRUOverflowToolbarButton\"]"}
RESULT: {"using":"xpath","value":"//button[@data-kt=\"addNewRUOverflowToolbarButton\"]"}
COMMAND: POST /session/bc0d9ad889a01880a2fb8fbfcb83b9d3/elements - {"using":"xpath","value":"//button[@data-kt=\"addNewRUOverflowToolbarButton\"]"}
RESULT: {"using":"xpath","value":"//button[@data-kt=\"addNewRUOverflowToolbarButton\"]"}
COMMAND: POST /session/bc0d9ad889a01880a2fb8fbfcb83b9d3/elements - {"using":"xpath","value":"//button[@data-kt=\"addNewRUOverflowToolbarButton\"]"}
RESULT: {"using":"xpath","value":"//button[@data-kt=\"addNewRUOverflowToolbarButton\"]"}
COMMAND: POST /session/bc0d9ad889a01880a2fb8fbfcb83b9d3/elements - {"using":"xpath","value":"//button[@data-kt=\"addNewRUOverflowToolbarButton\"]"}
RESULT: {"using":"xpath","value":"//button[@data-kt=\"addNewRUOverflowToolbarButton\"]"}
COMMAND: POST /session/bc0d9ad889a01880a2fb8fbfcb83b9d3/elements - {"using":"xpath","value":"//button[@data-kt=\"addNewRUOverflowToolbarButton\"]"}
RESULT: {"using":"xpath","value":"//button[@data-kt=\"addNewRUOverflowToolbarButton\"]"}
COMMAND: POST /session/bc0d9ad889a01880a2fb8fbfcb83b9d3/element - {"using":"xpath","value":"//button[@data-kt=\"addNewRUOverflowToolbarButton\"]"}
RESULT: {"using":"xpath","value":"//button[@data-kt=\"addNewRUOverflowToolbarButton\"]"}
COMMAND: POST /session/bc0d9ad889a01880a2fb8fbfcb83b9d3/execute/sync - {"script":"<script> [8489 bytes]","args":[{"element-6066-11e4-a52e-4f735466cecf":"f.3A9A75F048712998086FE021ED0A6AC3.d.B75977B27877A34D5DD3E07A6955CBD2.e.2724","ELEMENT":"f.3A9A75F048712998086FE021ED0A6AC3.d.B75977B27877A34D5DD3E07A6955CBD2.e.2724"}]}
RESULT: {"script":"<script> [8489 bytes]","args":[{"element-6066-11e4-a52e-4f735466cecf":"f.3A9A75F048712998086FE021ED0A6AC3.d.B75977B27877A34D5DD3E07A6955CBD2.e.2724","ELEMENT":"f.3A9A75F048712998086FE021ED0A6AC3.d.B75977B27877A34D5DD3E07A6955CBD2.e.2724"}]}
COMMAND: GET /session/bc0d9ad889a01880a2fb8fbfcb83b9d3/element/f.3A9A75F048712998086FE021ED0A6AC3.d.B75977B27877A34D5DD3E07A6955CBD2.e.2724/enabled - {}
COMMAND: GET /session/bc0d9ad889a01880a2fb8fbfcb83b9d3/screenshot - {}
RESULT: {}
COMMAND: POST /session/bc0d9ad889a01880a2fb8fbfcb83b9d3/execute/sync - {"script":"<script> [8489 bytes]","args":[{"element-6066-11e4-a52e-4f735466cecf":"f.3A9A75F048712998086FE021ED0A6AC3.d.B75977B27877A34D5DD3E07A6955CBD2.e.2724","ELEMENT":"f.3A9A75F048712998086FE021ED0A6AC3.d.B75977B27877A34D5DD3E07A6955CBD2.e.2724"}]}
COMMAND: GET /session/bc0d9ad889a01880a2fb8fbfcb83b9d3/screenshot - {}
RESULT: {}
RESULT: {"script":"<script> [8489 bytes]","args":[{"element-6066-11e4-a52e-4f735466cecf":"f.3A9A75F048712998086FE021ED0A6AC3.d.B75977B27877A34D5DD3E07A6955CBD2.e.2724","ELEMENT":"f.3A9A75F048712998086FE021ED0A6AC3.d.B75977B27877A34D5DD3E07A6955CBD2.e.2724"}]}
COMMAND: POST /session/bc0d9ad889a01880a2fb8fbfcb83b9d3/execute/sync - {"script":"<script> [5351 bytes]","args":[{"element-6066-11e4-a52e-4f735466cecf":"f.3A9A75F048712998086FE021ED0A6AC3.d.B75977B27877A34D5DD3E07A6955CBD2.e.2724","ELEMENT":"f.3A9A75F048712998086FE021ED0A6AC3.d.B75977B27877A34D5DD3E07A6955CBD2.e.2724"}]}
COMMAND: GET /session/bc0d9ad889a01880a2fb8fbfcb83b9d3/screenshot - {}
RESULT: {}
RESULT: {"script":"<script> [5351 bytes]","args":[{"element-6066-11e4-a52e-4f735466cecf":"f.3A9A75F048712998086FE021ED0A6AC3.d.B75977B27877A34D5DD3E07A6955CBD2.e.2724","ELEMENT":"f.3A9A75F048712998086FE021ED0A6AC3.d.B75977B27877A34D5DD3E07A6955CBD2.e.2724"}]}
COMMAND: POST /session/bc0d9ad889a01880a2fb8fbfcb83b9d3/element/f.3A9A75F048712998086FE021ED0A6AC3.d.B75977B27877A34D5DD3E07A6955CBD2.e.2724/click - {}
COMMAND: GET /session/bc0d9ad889a01880a2fb8fbfcb83b9d3/screenshot - {}
RESULT: {}
RESULT: {}
COMMAND: GET /session/bc0d9ad889a01880a2fb8fbfcb83b9d3/screenshot - {}
RESULT: {}
RESULT: {}
COMMAND: POST /session/bc0d9ad889a01880a2fb8fbfcb83b9d3/execute/async - {"script":"<script> [1562 bytes]","args":[{"selector":{"id":"application-manageresources-display-component---newResourceUnit--TYPE-arrow"},"wdio_ui5_key":"applicationmanageresources-display-component---newResourceUnit--TYPE-arrow"}]}
RESULT: {"script":"<script> [1562 bytes]","args":[{"selector":{"id":"application-manageresources-display-component---newResourceUnit--TYPE-arrow"},"wdio_ui5_key":"applicationmanageresources-display-component---newResourceUnit--TYPE-arrow"}]}
RESULT: undefined
COMMAND: POST /session/bc0d9ad889a01880a2fb8fbfcb83b9d3/element - {"using":"xpath","value":"//*[@id=\"application-manageresources-display-component---newResourceUnit--TYPE-arrow\"]"}
RESULT: {"using":"xpath","value":"//*[@id=\"application-manageresources-display-component---newResourceUnit--TYPE-arrow\"]"}
COMMAND: POST /session/bc0d9ad889a01880a2fb8fbfcb83b9d3/element/f.3A9A75F048712998086FE021ED0A6AC3.d.B75977B27877A34D5DD3E07A6955CBD2.e.3083/click - {}
RESULT: {}
COMMAND: POST /session/bc0d9ad889a01880a2fb8fbfcb83b9d3/element - {"using":"xpath","value":"//input[@id=\"application-manageresources-display-component---newResourceUnit--TYPE-inner\"]"}
COMMAND: GET /session/bc0d9ad889a01880a2fb8fbfcb83b9d3/screenshot - {}
RESULT: {"using":"xpath","value":"//input[@id=\"application-manageresources-display-component---newResourceUnit--TYPE-inner\"]"}
COMMAND: POST /session/bc0d9ad889a01880a2fb8fbfcb83b9d3/element/f.3A9A75F048712998086FE021ED0A6AC3.d.B75977B27877A34D5DD3E07A6955CBD2.e.3079/clear - {}
RESULT: {}
RESULT: {}
COMMAND: POST /session/bc0d9ad889a01880a2fb8fbfcb83b9d3/element/f.3A9A75F048712998086FE021ED0A6AC3.d.B75977B27877A34D5DD3E07A6955CBD2.e.3079/value - {"text":"Equi Multipart"}
COMMAND: GET /session/bc0d9ad889a01880a2fb8fbfcb83b9d3/screenshot - {}
RESULT: {"text":"Equi Multipart"}
COMMAND: GET /session/bc0d9ad889a01880a2fb8fbfcb83b9d3/screenshot - {}
RESULT: {}
RESULT: {}
COMMAND: POST /session/bc0d9ad889a01880a2fb8fbfcb83b9d3/actions - {"actions":[{"id":"action8","type":"key","parameters":{},"actions":[{"type":"keyDown","value":"î€‡"},{"type":"pause","duration":10},{"type":"keyUp","value":"î€‡"}]}]}
RESULT: {"actions":[{"id":"action8","type":"key","parameters":{},"actions":[{"type":"keyDown","value":"î€‡"},{"type":"pause","duration":10},{"type":"keyUp","value":"î€‡"}]}]}
COMMAND: POST /session/bc0d9ad889a01880a2fb8fbfcb83b9d3/execute/async - {"script":"<script> [1562 bytes]","args":[{"selector":{"id":"application-manageresources-display-component---newResourceUnit--SHORT_TEXT","interaction":{"idSuffix":"inner"}},"wdio_ui5_key":"applicationmanageresources-display-component---newResourceUnit--SHORT_TEXT"}]}
COMMAND: GET /session/bc0d9ad889a01880a2fb8fbfcb83b9d3/screenshot - {}
RESULT: {"script":"<script> [1562 bytes]","args":[{"selector":{"id":"application-manageresources-display-component---newResourceUnit--SHORT_TEXT","interaction":{"idSuffix":"inner"}},"wdio_ui5_key":"applicationmanageresources-display-component---newResourceUnit--SHORT_TEXT"}]}
RESULT: undefined
COMMAND: POST /session/bc0d9ad889a01880a2fb8fbfcb83b9d3/execute/async - {"script":"<script> [776 bytes]","args":[{"enterText":"Equipment Multipart WDIO","selector":{"id":"application-manageresources-display-component---newResourceUnit--SHORT_TEXT","interaction":{"idSuffix":"inner"}},"clearTextFirst":true,"interactionType":"ENTER_TEXT"}]}
RESULT: {}
RESULT: {"script":"<script> [776 bytes]","args":[{"enterText":"Equipment Multipart WDIO","selector":{"id":"application-manageresources-display-component---newResourceUnit--SHORT_TEXT","interaction":{"idSuffix":"inner"}},"clearTextFirst":true,"interactionType":"ENTER_TEXT"}]}
COMMAND: POST /session/bc0d9ad889a01880a2fb8fbfcb83b9d3/execute/async - {"script":"<script> [1562 bytes]","args":[{"selector":{"id":"application-manageresources-display-component---newResourceUnit--BASE_UNIT_OF_MEASURE","interaction":{"idSuffix":"inner"}},"wdio_ui5_key":"applicationmanageresources-display-component---newResourceUnit--BASE_UNIT_OF_MEASURE"}]}
RESULT: {"script":"<script> [1562 bytes]","args":[{"selector":{"id":"application-manageresources-display-component---newResourceUnit--BASE_UNIT_OF_MEASURE","interaction":{"idSuffix":"inner"}},"wdio_ui5_key":"applicationmanageresources-display-component---newResourceUnit--BASE_UNIT_OF_MEASURE"}]}
RESULT: undefined
COMMAND: POST /session/bc0d9ad889a01880a2fb8fbfcb83b9d3/execute/async - {"script":"<script> [776 bytes]","args":[{"enterText":"Piece","selector":{"id":"application-manageresources-display-component---newResourceUnit--BASE_UNIT_OF_MEASURE","interaction":{"idSuffix":"inner"}},"clearTextFirst":true,"interactionType":"ENTER_TEXT"}]}
RESULT: {"script":"<script> [776 bytes]","args":[{"enterText":"Piece","selector":{"id":"application-manageresources-display-component---newResourceUnit--BASE_UNIT_OF_MEASURE","interaction":{"idSuffix":"inner"}},"clearTextFirst":true,"interactionType":"ENTER_TEXT"}]}
COMMAND: POST /session/bc0d9ad889a01880a2fb8fbfcb83b9d3/execute/async - {"script":"<script> [1562 bytes]","args":[{"selector":{"id":"application-manageresources-display-component---newResourceUnit--WEIGHT_UNIT","interaction":{"idSuffix":"inner"}},"wdio_ui5_key":"applicationmanageresources-display-component---newResourceUnit--WEIGHT_UNIT"}]}
RESULT: {"script":"<script> [1562 bytes]","args":[{"selector":{"id":"application-manageresources-display-component---newResourceUnit--WEIGHT_UNIT","interaction":{"idSuffix":"inner"}},"wdio_ui5_key":"applicationmanageresources-display-component---newResourceUnit--WEIGHT_UNIT"}]}
RESULT: undefined
COMMAND: POST /session/bc0d9ad889a01880a2fb8fbfcb83b9d3/execute/async - {"script":"<script> [776 bytes]","args":[{"enterText":"Gram","selector":{"id":"application-manageresources-display-component---newResourceUnit--WEIGHT_UNIT","interaction":{"idSuffix":"inner"}},"clearTextFirst":true,"interactionType":"ENTER_TEXT"}]}
RESULT: {"script":"<script> [776 bytes]","args":[{"enterText":"Gram","selector":{"id":"application-manageresources-display-component---newResourceUnit--WEIGHT_UNIT","interaction":{"idSuffix":"inner"}},"clearTextFirst":true,"interactionType":"ENTER_TEXT"}]}
COMMAND: POST /session/bc0d9ad889a01880a2fb8fbfcb83b9d3/execute/async - {"script":"<script> [1562 bytes]","args":[{"selector":{"id":"application-manageresources-display-component---newResourceUnit--DIMENSION_UNIT","interaction":{"idSuffix":"inner"}},"wdio_ui5_key":"applicationmanageresources-display-component---newResourceUnit--DIMENSION_UNIT"}]}
RESULT: {"script":"<script> [1562 bytes]","args":[{"selector":{"id":"application-manageresources-display-component---newResourceUnit--DIMENSION_UNIT","interaction":{"idSuffix":"inner"}},"wdio_ui5_key":"applicationmanageresources-display-component---newResourceUnit--DIMENSION_UNIT"}]}
RESULT: undefined
COMMAND: POST /session/bc0d9ad889a01880a2fb8fbfcb83b9d3/execute/async - {"script":"<script> [776 bytes]","args":[{"enterText":"Meter","selector":{"id":"application-manageresources-display-component---newResourceUnit--DIMENSION_UNIT","interaction":{"idSuffix":"inner"}},"clearTextFirst":true,"interactionType":"ENTER_TEXT"}]}
RESULT: {"script":"<script> [776 bytes]","args":[{"enterText":"Meter","selector":{"id":"application-manageresources-display-component---newResourceUnit--DIMENSION_UNIT","interaction":{"idSuffix":"inner"}},"clearTextFirst":true,"interactionType":"ENTER_TEXT"}]}
COMMAND: POST /session/bc0d9ad889a01880a2fb8fbfcb83b9d3/execute/async - {"script":"<script> [1562 bytes]","args":[{"selector":{"id":"application-manageresources-display-component---newResourceUnit--newRRUPage-anchBar-application-manageresources-display-component---newResourceUnit--control-anchor","interaction":{"idSuffix":"BDI-content"}},"wdio_ui5_key":"applicationmanageresources-display-component---newResourceUnit--newRRUPage-anchBar-application-manageresources-display-component---newResourceUnit--control-anchor"}]}
RESULT: {"script":"<script> [1562 bytes]","args":[{"selector":{"id":"application-manageresources-display-component---newResourceUnit--newRRUPage-anchBar-application-manageresources-display-component---newResourceUnit--control-anchor","interaction":{"idSuffix":"BDI-content"}},"wdio_ui5_key":"applicationmanageresources-display-component---newResourceUnit--newRRUPage-anchBar-application-manageresources-display-component---newResourceUnit--control-anchor"}]}
RESULT: undefined
COMMAND: POST /session/bc0d9ad889a01880a2fb8fbfcb83b9d3/element - {"using":"xpath","value":"//*[@id=\"application-manageresources-display-component---newResourceUnit--newRRUPage-anchBar-application-manageresources-display-component---newResourceUnit--control-anchor\"]"}
RESULT: {"using":"xpath","value":"//*[@id=\"application-manageresources-display-component---newResourceUnit--newRRUPage-anchBar-application-manageresources-display-component---newResourceUnit--control-anchor\"]"}
COMMAND: POST /session/bc0d9ad889a01880a2fb8fbfcb83b9d3/element/f.3A9A75F048712998086FE021ED0A6AC3.d.B75977B27877A34D5DD3E07A6955CBD2.e.3154/click - {}
RESULT: {}
COMMAND: POST /session/bc0d9ad889a01880a2fb8fbfcb83b9d3/execute/async - {"script":"<script> [1562 bytes]","args":[{"selector":{"id":"application-manageresources-display-component---newResourceUnit--PLANNING_GROUP","interaction":{"idSuffix":"inner"}},"wdio_ui5_key":"applicationmanageresources-display-component---newResourceUnit--PLANNING_GROUP"}]}
COMMAND: GET /session/bc0d9ad889a01880a2fb8fbfcb83b9d3/screenshot - {}
RESULT: {"script":"<script> [1562 bytes]","args":[{"selector":{"id":"application-manageresources-display-component---newResourceUnit--PLANNING_GROUP","interaction":{"idSuffix":"inner"}},"wdio_ui5_key":"applicationmanageresources-display-component---newResourceUnit--PLANNING_GROUP"}]}
RESULT: undefined
COMMAND: POST /session/bc0d9ad889a01880a2fb8fbfcb83b9d3/execute/async - {"script":"<script> [776 bytes]","args":[{"enterText":"Heavy Equi","selector":{"id":"application-manageresources-display-component---newResourceUnit--PLANNING_GROUP","interaction":{"idSuffix":"inner"}},"clearTextFirst":true,"interactionType":"ENTER_TEXT"}]}
RESULT: {}
RESULT: {"script":"<script> [776 bytes]","args":[{"enterText":"Heavy Equi","selector":{"id":"application-manageresources-display-component---newResourceUnit--PLANNING_GROUP","interaction":{"idSuffix":"inner"}},"clearTextFirst":true,"interactionType":"ENTER_TEXT"}]}
COMMAND: POST /session/bc0d9ad889a01880a2fb8fbfcb83b9d3/execute/async - {"script":"<script> [1562 bytes]","args":[{"selector":{"id":"application-manageresources-display-component---newResourceUnit--PLANNING_INDICATOR","interaction":{"idSuffix":"inner"}},"wdio_ui5_key":"applicationmanageresources-display-component---newResourceUnit--PLANNING_INDICATOR"}]}
RESULT: {"script":"<script> [1562 bytes]","args":[{"selector":{"id":"application-manageresources-display-component---newResourceUnit--PLANNING_INDICATOR","interaction":{"idSuffix":"inner"}},"wdio_ui5_key":"applicationmanageresources-display-component---newResourceUnit--PLANNING_INDICATOR"}]}
RESULT: undefined
COMMAND: POST /session/bc0d9ad889a01880a2fb8fbfcb83b9d3/execute/async - {"script":"<script> [776 bytes]","args":[{"enterText":"10 - infinite","selector":{"id":"application-manageresources-display-component---newResourceUnit--PLANNING_INDICATOR","interaction":{"idSuffix":"inner"}},"clearTextFirst":true,"interactionType":"ENTER_TEXT"}]}
RESULT: {"script":"<script> [776 bytes]","args":[{"enterText":"10 - infinite","selector":{"id":"application-manageresources-display-component---newResourceUnit--PLANNING_INDICATOR","interaction":{"idSuffix":"inner"}},"clearTextFirst":true,"interactionType":"ENTER_TEXT"}]}
COMMAND: POST /session/bc0d9ad889a01880a2fb8fbfcb83b9d3/execute/async - {"script":"<script> [1562 bytes]","args":[{"selector":{"id":"application-manageresources-display-component---newResourceUnit--ITEM_TYPE-arrow"},"wdio_ui5_key":"applicationmanageresources-display-component---newResourceUnit--ITEM_TYPE-arrow"}]}
RESULT: {"script":"<script> [1562 bytes]","args":[{"selector":{"id":"application-manageresources-display-component---newResourceUnit--ITEM_TYPE-arrow"},"wdio_ui5_key":"applicationmanageresources-display-component---newResourceUnit--ITEM_TYPE-arrow"}]}
RESULT: undefined
COMMAND: POST /session/bc0d9ad889a01880a2fb8fbfcb83b9d3/element - {"using":"xpath","value":"//*[@id=\"application-manageresources-display-component---newResourceUnit--ITEM_TYPE-arrow\"]"}
RESULT: {"using":"xpath","value":"//*[@id=\"application-manageresources-display-component---newResourceUnit--ITEM_TYPE-arrow\"]"}
COMMAND: POST /session/bc0d9ad889a01880a2fb8fbfcb83b9d3/element/f.3A9A75F048712998086FE021ED0A6AC3.d.B75977B27877A34D5DD3E07A6955CBD2.e.3162/click - {}
RESULT: {}
COMMAND: GET /session/bc0d9ad889a01880a2fb8fbfcb83b9d3/screenshot - {}
RESULT: {}
COMMAND: POST /session/bc0d9ad889a01880a2fb8fbfcb83b9d3/execute/async - {"script":"<script> [1562 bytes]","args":[{"selector":{"controlType":"sap.m.StandardListItem","viewName":"reusables.view.manageresources.NewResourceUnit","viewId":"application-manageresources-display-component---newResourceUnit","properties":{"title":"Pool Equipment"},"searchOpenDialogs":true,"interaction":{"idSuffix":"content"}},"wdio_ui5_key":"reusablesview.manageresources.NewResourceUnitsap.m.StandardListItem{\"title\":\"Pool Equipment\"}"}]}
RESULT: {"script":"<script> [1562 bytes]","args":[{"selector":{"controlType":"sap.m.StandardListItem","viewName":"reusables.view.manageresources.NewResourceUnit","viewId":"application-manageresources-display-component---newResourceUnit","properties":{"title":"Pool Equipment"},"searchOpenDialogs":true,"interaction":{"idSuffix":"content"}},"wdio_ui5_key":"reusablesview.manageresources.NewResourceUnitsap.m.StandardListItem{\"title\":\"Pool Equipment\"}"}]}
RESULT: undefined
COMMAND: POST /session/bc0d9ad889a01880a2fb8fbfcb83b9d3/element - {"using":"xpath","value":"//*[@id=\"__item202\"]"}
RESULT: {"using":"xpath","value":"//*[@id=\"__item202\"]"}
COMMAND: POST /session/bc0d9ad889a01880a2fb8fbfcb83b9d3/element/f.3A9A75F048712998086FE021ED0A6AC3.d.B75977B27877A34D5DD3E07A6955CBD2.e.3164/click - {}
RESULT: {}
COMMAND: GET /session/bc0d9ad889a01880a2fb8fbfcb83b9d3/screenshot - {}
RESULT: {}
COMMAND: POST /session/bc0d9ad889a01880a2fb8fbfcb83b9d3/element - {"using":"css selector","value":"#application-manageresources-display-component---newResourceUnit--btnAddTimeSegment"}
RESULT: {"using":"css selector","value":"#application-manageresources-display-component---newResourceUnit--btnAddTimeSegment"}
COMMAND: GET /session/bc0d9ad889a01880a2fb8fbfcb83b9d3/element/f.3A9A75F048712998086FE021ED0A6AC3.d.B75977B27877A34D5DD3E07A6955CBD2.e.3165/rect - {}
RESULT: {}
COMMAND: GET /session/bc0d9ad889a01880a2fb8fbfcb83b9d3/window/rect - {}
RESULT: {}
COMMAND: POST /session/bc0d9ad889a01880a2fb8fbfcb83b9d3/execute/sync - {"script":"<script> [92 bytes]","args":[]}
RESULT: {"script":"<script> [92 bytes]","args":[]}
COMMAND: POST /session/bc0d9ad889a01880a2fb8fbfcb83b9d3/actions - {"actions":[{"id":"action9","type":"wheel","parameters":{},"actions":[{"type":"scroll","x":-1888,"y":-32,"deltaX":0,"deltaY":0,"duration":0,"origin":{"element-6066-11e4-a52e-4f735466cecf":"f.3A9A75F048712998086FE021ED0A6AC3.d.B75977B27877A34D5DD3E07A6955CBD2.e.3165"}}]}]}
COMMAND: GET /session/bc0d9ad889a01880a2fb8fbfcb83b9d3/screenshot - {}
RESULT: {}
COMMAND: POST /session/bc0d9ad889a01880a2fb8fbfcb83b9d3/execute/sync - {"script":"<script> [79 bytes]","args":[{"element-6066-11e4-a52e-4f735466cecf":"f.3A9A75F048712998086FE021ED0A6AC3.d.B75977B27877A34D5DD3E07A6955CBD2.e.3165","ELEMENT":"f.3A9A75F048712998086FE021ED0A6AC3.d.B75977B27877A34D5DD3E07A6955CBD2.e.3165"},{"block":"start","inline":"nearest"}]}
RESULT: {"script":"<script> [79 bytes]","args":[{"element-6066-11e4-a52e-4f735466cecf":"f.3A9A75F048712998086FE021ED0A6AC3.d.B75977B27877A34D5DD3E07A6955CBD2.e.3165","ELEMENT":"f.3A9A75F048712998086FE021ED0A6AC3.d.B75977B27877A34D5DD3E07A6955CBD2.e.3165"},{"block":"start","inline":"nearest"}]}
COMMAND: POST /session/bc0d9ad889a01880a2fb8fbfcb83b9d3/execute/async - {"script":"<script> [1562 bytes]","args":[{"selector":{"id":"application-manageresources-display-component---newResourceUnit--btnAddTimeSegment","interaction":{"idSuffix":"inner"}},"wdio_ui5_key":"applicationmanageresources-display-component---newResourceUnit--btnAddTimeSegment"}]}
COMMAND: GET /session/bc0d9ad889a01880a2fb8fbfcb83b9d3/screenshot - {}
RESULT: {"script":"<script> [1562 bytes]","args":[{"selector":{"id":"application-manageresources-display-component---newResourceUnit--btnAddTimeSegment","interaction":{"idSuffix":"inner"}},"wdio_ui5_key":"applicationmanageresources-display-component---newResourceUnit--btnAddTimeSegment"}]}
RESULT: undefined
COMMAND: POST /session/bc0d9ad889a01880a2fb8fbfcb83b9d3/element - {"using":"xpath","value":"//*[@id=\"application-manageresources-display-component---newResourceUnit--btnAddTimeSegment\"]"}
RESULT: {}
RESULT: {"using":"xpath","value":"//*[@id=\"application-manageresources-display-component---newResourceUnit--btnAddTimeSegment\"]"}
COMMAND: POST /session/bc0d9ad889a01880a2fb8fbfcb83b9d3/element/f.3A9A75F048712998086FE021ED0A6AC3.d.B75977B27877A34D5DD3E07A6955CBD2.e.3165/click - {}
RESULT: {}
COMMAND: GET /session/bc0d9ad889a01880a2fb8fbfcb83b9d3/screenshot - {}
RESULT: {}
COMMAND: POST /session/bc0d9ad889a01880a2fb8fbfcb83b9d3/element - {"using":"xpath","value":"//input[@id=\"application-manageresources-display-component---newResourceUnit--idRuTSAdmin-application-manageresources-display-component---newResourceUnit--RUTimeSegment-0-inner\"]"}
RESULT: {"using":"xpath","value":"//input[@id=\"application-manageresources-display-component---newResourceUnit--idRuTSAdmin-application-manageresources-display-component---newResourceUnit--RUTimeSegment-0-inner\"]"}
COMMAND: POST /session/bc0d9ad889a01880a2fb8fbfcb83b9d3/element/f.3A9A75F048712998086FE021ED0A6AC3.d.B75977B27877A34D5DD3E07A6955CBD2.e.3171/clear - {}
RESULT: {}
COMMAND: POST /session/bc0d9ad889a01880a2fb8fbfcb83b9d3/element/f.3A9A75F048712998086FE021ED0A6AC3.d.B75977B27877A34D5DD3E07A6955CBD2.e.3171/value - {"text":"490"}
COMMAND: GET /session/bc0d9ad889a01880a2fb8fbfcb83b9d3/screenshot - {}
RESULT: {"text":"490"}
COMMAND: GET /session/bc0d9ad889a01880a2fb8fbfcb83b9d3/screenshot - {}
RESULT: {}
RESULT: {}
COMMAND: POST /session/bc0d9ad889a01880a2fb8fbfcb83b9d3/element - {"using":"xpath","value":"//li[.//span[text()='490']]"}
RESULT: {"using":"xpath","value":"//li[.//span[text()='490']]"}
COMMAND: POST /session/bc0d9ad889a01880a2fb8fbfcb83b9d3/element/f.3A9A75F048712998086FE021ED0A6AC3.d.B75977B27877A34D5DD3E07A6955CBD2.e.3186/click - {}
RESULT: {}
COMMAND: GET /session/bc0d9ad889a01880a2fb8fbfcb83b9d3/screenshot - {}
RESULT: {}
COMMAND: POST /session/bc0d9ad889a01880a2fb8fbfcb83b9d3/element - {"using":"xpath","value":"(//span[contains(@id, \"-application-manageresources-display-component---newResourceUnit--RUTimeSegment-0-arrow\")])[5]"}
RESULT: {"using":"xpath","value":"(//span[contains(@id, \"-application-manageresources-display-component---newResourceUnit--RUTimeSegment-0-arrow\")])[5]"}
COMMAND: POST /session/bc0d9ad889a01880a2fb8fbfcb83b9d3/element/f.3A9A75F048712998086FE021ED0A6AC3.d.B75977B27877A34D5DD3E07A6955CBD2.e.3187/click - {}
RESULT: {}
COMMAND: GET /session/bc0d9ad889a01880a2fb8fbfcb83b9d3/screenshot - {}
RESULT: {}
COMMAND: POST /session/bc0d9ad889a01880a2fb8fbfcb83b9d3/element - {"using":"xpath","value":"//span[contains(text(), \"PM Order\")]"}
RESULT: {"using":"xpath","value":"//span[contains(text(), \"PM Order\")]"}
COMMAND: POST /session/bc0d9ad889a01880a2fb8fbfcb83b9d3/element/f.3A9A75F048712998086FE021ED0A6AC3.d.B75977B27877A34D5DD3E07A6955CBD2.e.3188/click - {}
RESULT: {}
COMMAND: GET /session/bc0d9ad889a01880a2fb8fbfcb83b9d3/screenshot - {}
RESULT: {}
COMMAND: POST /session/bc0d9ad889a01880a2fb8fbfcb83b9d3/element - {"using":"xpath","value":"(//span[contains(@id ,\"manageresources-display-component---newResourceUnit--RUTimeSegment-0-vhi\")])[1]"}
RESULT: {"using":"xpath","value":"(//span[contains(@id ,\"manageresources-display-component---newResourceUnit--RUTimeSegment-0-vhi\")])[1]"}
COMMAND: GET /session/bc0d9ad889a01880a2fb8fbfcb83b9d3/element/f.3A9A75F048712998086FE021ED0A6AC3.d.B75977B27877A34D5DD3E07A6955CBD2.e.3192/rect - {}
RESULT: {}
COMMAND: GET /session/bc0d9ad889a01880a2fb8fbfcb83b9d3/window/rect - {}
RESULT: {}
COMMAND: POST /session/bc0d9ad889a01880a2fb8fbfcb83b9d3/execute/sync - {"script":"<script> [92 bytes]","args":[]}
RESULT: {"script":"<script> [92 bytes]","args":[]}
COMMAND: POST /session/bc0d9ad889a01880a2fb8fbfcb83b9d3/actions - {"actions":[{"id":"action10","type":"wheel","parameters":{},"actions":[{"type":"scroll","x":-1888,"y":-24,"deltaX":0,"deltaY":0,"duration":0,"origin":{"element-6066-11e4-a52e-4f735466cecf":"f.3A9A75F048712998086FE021ED0A6AC3.d.B75977B27877A34D5DD3E07A6955CBD2.e.3192"}}]}]}
COMMAND: GET /session/bc0d9ad889a01880a2fb8fbfcb83b9d3/screenshot - {}
RESULT: {}
COMMAND: POST /session/bc0d9ad889a01880a2fb8fbfcb83b9d3/execute/sync - {"script":"<script> [79 bytes]","args":[{"element-6066-11e4-a52e-4f735466cecf":"f.3A9A75F048712998086FE021ED0A6AC3.d.B75977B27877A34D5DD3E07A6955CBD2.e.3192","ELEMENT":"f.3A9A75F048712998086FE021ED0A6AC3.d.B75977B27877A34D5DD3E07A6955CBD2.e.3192"},{"block":"start","inline":"nearest"}]}
RESULT: {"script":"<script> [79 bytes]","args":[{"element-6066-11e4-a52e-4f735466cecf":"f.3A9A75F048712998086FE021ED0A6AC3.d.B75977B27877A34D5DD3E07A6955CBD2.e.3192","ELEMENT":"f.3A9A75F048712998086FE021ED0A6AC3.d.B75977B27877A34D5DD3E07A6955CBD2.e.3192"},{"block":"start","inline":"nearest"}]}
COMMAND: GET /session/bc0d9ad889a01880a2fb8fbfcb83b9d3/screenshot - {}
RESULT: {}
COMMAND: POST /session/bc0d9ad889a01880a2fb8fbfcb83b9d3/element/f.3A9A75F048712998086FE021ED0A6AC3.d.B75977B27877A34D5DD3E07A6955CBD2.e.3192/click - {}
RESULT: {}
COMMAND: GET /session/bc0d9ad889a01880a2fb8fbfcb83b9d3/screenshot - {}
RESULT: {}
COMMAND: POST /session/bc0d9ad889a01880a2fb8fbfcb83b9d3/execute/async - {"script":"<script> [1562 bytes]","args":[{"selector":{"controlType":"sap.m.SearchField","properties":{"placeholder":"Search"},"searchOpenDialogs":true,"interaction":{"idSuffix":"I"}},"wdio_ui5_key":"sapm.SearchField{\"placeholder\":\"Search\"}"}]}
RESULT: {"script":"<script> [1562 bytes]","args":[{"selector":{"controlType":"sap.m.SearchField","properties":{"placeholder":"Search"},"searchOpenDialogs":true,"interaction":{"idSuffix":"I"}},"wdio_ui5_key":"sapm.SearchField{\"placeholder\":\"Search\"}"}]}
RESULT: undefined
COMMAND: POST /session/bc0d9ad889a01880a2fb8fbfcb83b9d3/execute/async - {"script":"<script> [776 bytes]","args":[{"enterText":"4000360","selector":{"controlType":"sap.m.SearchField","properties":{"placeholder":"Search"},"searchOpenDialogs":true,"interaction":{"idSuffix":"I"}},"clearTextFirst":true,"interactionType":"ENTER_TEXT"}]}
RESULT: {"script":"<script> [776 bytes]","args":[{"enterText":"4000360","selector":{"controlType":"sap.m.SearchField","properties":{"placeholder":"Search"},"searchOpenDialogs":true,"interaction":{"idSuffix":"I"}},"clearTextFirst":true,"interactionType":"ENTER_TEXT"}]}
COMMAND: POST /session/bc0d9ad889a01880a2fb8fbfcb83b9d3/actions - {"actions":[{"id":"action11","type":"key","parameters":{},"actions":[{"type":"keyDown","value":"î€‡"},{"type":"pause","duration":10},{"type":"keyUp","value":"î€‡"}]}]}
RESULT: {"actions":[{"id":"action11","type":"key","parameters":{},"actions":[{"type":"keyDown","value":"î€‡"},{"type":"pause","duration":10},{"type":"keyUp","value":"î€‡"}]}]}
COMMAND: GET /session/bc0d9ad889a01880a2fb8fbfcb83b9d3/screenshot - {}
RESULT: {}
COMMAND: POST /session/bc0d9ad889a01880a2fb8fbfcb83b9d3/element - {"using":"xpath","value":"//td/div/span[contains(text(), \"BGL Vehicles\")]"}
RESULT: {"using":"xpath","value":"//td/div/span[contains(text(), \"BGL Vehicles\")]"}
COMMAND: POST /session/bc0d9ad889a01880a2fb8fbfcb83b9d3/element/f.3A9A75F048712998086FE021ED0A6AC3.d.B75977B27877A34D5DD3E07A6955CBD2.e.3215/click - {}
RESULT: {}
COMMAND: GET /session/bc0d9ad889a01880a2fb8fbfcb83b9d3/screenshot - {}
RESULT: {}
COMMAND: POST /session/bc0d9ad889a01880a2fb8fbfcb83b9d3/element - {"using":"xpath","value":"//bdi[contains(text(), \"OK\")]"}
RESULT: {"using":"xpath","value":"//bdi[contains(text(), \"OK\")]"}
COMMAND: POST /session/bc0d9ad889a01880a2fb8fbfcb83b9d3/element/f.3A9A75F048712998086FE021ED0A6AC3.d.B75977B27877A34D5DD3E07A6955CBD2.e.3216/click - {}
RESULT: {}
COMMAND: GET /session/bc0d9ad889a01880a2fb8fbfcb83b9d3/screenshot - {}
RESULT: {}
COMMAND: POST /session/bc0d9ad889a01880a2fb8fbfcb83b9d3/element - {"using":"xpath","value":"//button[@data-kt=\"resourceUnitSaveButton\"]"}
RESULT: {"using":"xpath","value":"//button[@data-kt=\"resourceUnitSaveButton\"]"}
COMMAND: POST /session/bc0d9ad889a01880a2fb8fbfcb83b9d3/element/f.3A9A75F048712998086FE021ED0A6AC3.d.B75977B27877A34D5DD3E07A6955CBD2.e.3100/click - {}
RESULT: {}
COMMAND: GET /session/bc0d9ad889a01880a2fb8fbfcb83b9d3/screenshot - {}
RESULT: {}
COMMAND: POST /session/bc0d9ad889a01880a2fb8fbfcb83b9d3/element - {"using":"xpath","value":"//bdi[contains(text(), \"Close\")]"}
RESULT: {"using":"xpath","value":"//bdi[contains(text(), \"Close\")]"}
COMMAND: POST /session/bc0d9ad889a01880a2fb8fbfcb83b9d3/element/f.3A9A75F048712998086FE021ED0A6AC3.d.B75977B27877A34D5DD3E07A6955CBD2.e.3222/click - {}
RESULT: {}
COMMAND: GET /session/bc0d9ad889a01880a2fb8fbfcb83b9d3/screenshot - {}
RESULT: {}
COMMAND: POST /session/bc0d9ad889a01880a2fb8fbfcb83b9d3/element - {"using":"xpath","value":"//header[contains(@id, 'detailRruPage-headerTitle')]/div[1]/div[2]/div[2]/span[1]"}
RESULT: {"using":"xpath","value":"//header[contains(@id, 'detailRruPage-headerTitle')]/div[1]/div[2]/div[2]/span[1]"}
COMMAND: POST /session/bc0d9ad889a01880a2fb8fbfcb83b9d3/elements - {"using":"xpath","value":"//header[contains(@id, 'detailRruPage-headerTitle')]/div[1]/div[2]/div[2]/span[1]"}
RESULT: {"using":"xpath","value":"//header[contains(@id, 'detailRruPage-headerTitle')]/div[1]/div[2]/div[2]/span[1]"}
COMMAND: POST /session/bc0d9ad889a01880a2fb8fbfcb83b9d3/execute/sync - {"script":"<script> [56 bytes]","args":[{"element-6066-11e4-a52e-4f735466cecf":"f.3A9A75F048712998086FE021ED0A6AC3.d.B75977B27877A34D5DD3E07A6955CBD2.e.3255","ELEMENT":"f.3A9A75F048712998086FE021ED0A6AC3.d.B75977B27877A34D5DD3E07A6955CBD2.e.3255"}]}
RESULT: {"script":"<script> [56 bytes]","args":[{"element-6066-11e4-a52e-4f735466cecf":"f.3A9A75F048712998086FE021ED0A6AC3.d.B75977B27877A34D5DD3E07A6955CBD2.e.3255","ELEMENT":"f.3A9A75F048712998086FE021ED0A6AC3.d.B75977B27877A34D5DD3E07A6955CBD2.e.3255"}]}
COMMAND: POST /session/bc0d9ad889a01880a2fb8fbfcb83b9d3/element - {"using":"css selector","value":"#shell-header-logo"}
COMMAND: GET /session/bc0d9ad889a01880a2fb8fbfcb83b9d3/screenshot - {}
RESULT: {"using":"css selector","value":"#shell-header-logo"}
COMMAND: POST /session/bc0d9ad889a01880a2fb8fbfcb83b9d3/element/f.3A9A75F048712998086FE021ED0A6AC3.d.B75977B27877A34D5DD3E07A6955CBD2.e.2694/click - {}
RESULT: {}
RESULT: {}
COMMAND: GET /session/bc0d9ad889a01880a2fb8fbfcb83b9d3/screenshot - {}
RESULT: {}
]]></system-out>
    </testcase>
    <testcase classname="chrome.135_0_7049_96.windows.Tests_for_Mass_State_Change_on_Manage_States_&amp;_Performances_US104416_US" name="Prereq Should do stock increase" time="104.54">
      <system-out><![CDATA[
COMMAND: POST /session/bc0d9ad889a01880a2fb8fbfcb83b9d3/execute/async - {"script":"<script> [1562 bytes]","args":[{"selector":{"controlType":"sap.m.Text","viewName":"etm.portal.ui.managehandoverstile.view.Master","properties":{"text":"Manage Handovers"},"interaction":{"idSuffix":"inner"}},"wdio_ui5_key":"etmportal.ui.managehandoverstile.view.Mastersap.m.Text{\"text\":\"Manage Handovers\"}"}]}
RESULT: {"script":"<script> [1562 bytes]","args":[{"selector":{"controlType":"sap.m.Text","viewName":"etm.portal.ui.managehandoverstile.view.Master","properties":{"text":"Manage Handovers"},"interaction":{"idSuffix":"inner"}},"wdio_ui5_key":"etmportal.ui.managehandoverstile.view.Mastersap.m.Text{\"text\":\"Manage Handovers\"}"}]}
RESULT: undefined
COMMAND: POST /session/bc0d9ad889a01880a2fb8fbfcb83b9d3/element - {"using":"xpath","value":"//*[@id=\"__tile132-title\"]"}
RESULT: {"using":"xpath","value":"//*[@id=\"__tile132-title\"]"}
COMMAND: POST /session/bc0d9ad889a01880a2fb8fbfcb83b9d3/element/f.3A9A75F048712998086FE021ED0A6AC3.d.B75977B27877A34D5DD3E07A6955CBD2.e.3258/click - {}
RESULT: {}
COMMAND: POST /session/bc0d9ad889a01880a2fb8fbfcb83b9d3/element - {"using":"xpath","value":"//button[@data-kt=\"masterHOAddButton\"]"}
COMMAND: GET /session/bc0d9ad889a01880a2fb8fbfcb83b9d3/screenshot - {}
RESULT: {"using":"xpath","value":"//button[@data-kt=\"masterHOAddButton\"]"}
COMMAND: POST /session/bc0d9ad889a01880a2fb8fbfcb83b9d3/elements - {"using":"xpath","value":"//button[@data-kt=\"masterHOAddButton\"]"}
RESULT: {}
RESULT: {"using":"xpath","value":"//button[@data-kt=\"masterHOAddButton\"]"}
COMMAND: POST /session/bc0d9ad889a01880a2fb8fbfcb83b9d3/elements - {"using":"xpath","value":"//button[@data-kt=\"masterHOAddButton\"]"}
RESULT: {"using":"xpath","value":"//button[@data-kt=\"masterHOAddButton\"]"}
COMMAND: POST /session/bc0d9ad889a01880a2fb8fbfcb83b9d3/elements - {"using":"xpath","value":"//button[@data-kt=\"masterHOAddButton\"]"}
RESULT: {"using":"xpath","value":"//button[@data-kt=\"masterHOAddButton\"]"}
COMMAND: POST /session/bc0d9ad889a01880a2fb8fbfcb83b9d3/elements - {"using":"xpath","value":"//button[@data-kt=\"masterHOAddButton\"]"}
RESULT: {"using":"xpath","value":"//button[@data-kt=\"masterHOAddButton\"]"}
COMMAND: POST /session/bc0d9ad889a01880a2fb8fbfcb83b9d3/elements - {"using":"xpath","value":"//button[@data-kt=\"masterHOAddButton\"]"}
RESULT: {"using":"xpath","value":"//button[@data-kt=\"masterHOAddButton\"]"}
COMMAND: POST /session/bc0d9ad889a01880a2fb8fbfcb83b9d3/elements - {"using":"xpath","value":"//button[@data-kt=\"masterHOAddButton\"]"}
RESULT: {"using":"xpath","value":"//button[@data-kt=\"masterHOAddButton\"]"}
COMMAND: POST /session/bc0d9ad889a01880a2fb8fbfcb83b9d3/elements - {"using":"xpath","value":"//button[@data-kt=\"masterHOAddButton\"]"}
RESULT: {"using":"xpath","value":"//button[@data-kt=\"masterHOAddButton\"]"}
COMMAND: POST /session/bc0d9ad889a01880a2fb8fbfcb83b9d3/elements - {"using":"xpath","value":"//button[@data-kt=\"masterHOAddButton\"]"}
RESULT: {"using":"xpath","value":"//button[@data-kt=\"masterHOAddButton\"]"}
COMMAND: POST /session/bc0d9ad889a01880a2fb8fbfcb83b9d3/elements - {"using":"xpath","value":"//button[@data-kt=\"masterHOAddButton\"]"}
RESULT: {"using":"xpath","value":"//button[@data-kt=\"masterHOAddButton\"]"}
COMMAND: POST /session/bc0d9ad889a01880a2fb8fbfcb83b9d3/element - {"using":"xpath","value":"//button[@data-kt=\"masterHOAddButton\"]"}
RESULT: {"using":"xpath","value":"//button[@data-kt=\"masterHOAddButton\"]"}
COMMAND: POST /session/bc0d9ad889a01880a2fb8fbfcb83b9d3/execute/sync - {"script":"<script> [8489 bytes]","args":[{"element-6066-11e4-a52e-4f735466cecf":"f.3A9A75F048712998086FE021ED0A6AC3.d.B75977B27877A34D5DD3E07A6955CBD2.e.3300","ELEMENT":"f.3A9A75F048712998086FE021ED0A6AC3.d.B75977B27877A34D5DD3E07A6955CBD2.e.3300"}]}
RESULT: {"script":"<script> [8489 bytes]","args":[{"element-6066-11e4-a52e-4f735466cecf":"f.3A9A75F048712998086FE021ED0A6AC3.d.B75977B27877A34D5DD3E07A6955CBD2.e.3300","ELEMENT":"f.3A9A75F048712998086FE021ED0A6AC3.d.B75977B27877A34D5DD3E07A6955CBD2.e.3300"}]}
COMMAND: GET /session/bc0d9ad889a01880a2fb8fbfcb83b9d3/element/f.3A9A75F048712998086FE021ED0A6AC3.d.B75977B27877A34D5DD3E07A6955CBD2.e.3300/enabled - {}
COMMAND: GET /session/bc0d9ad889a01880a2fb8fbfcb83b9d3/screenshot - {}
RESULT: {}
COMMAND: POST /session/bc0d9ad889a01880a2fb8fbfcb83b9d3/execute/sync - {"script":"<script> [8489 bytes]","args":[{"element-6066-11e4-a52e-4f735466cecf":"f.3A9A75F048712998086FE021ED0A6AC3.d.B75977B27877A34D5DD3E07A6955CBD2.e.3300","ELEMENT":"f.3A9A75F048712998086FE021ED0A6AC3.d.B75977B27877A34D5DD3E07A6955CBD2.e.3300"}]}
COMMAND: GET /session/bc0d9ad889a01880a2fb8fbfcb83b9d3/screenshot - {}
RESULT: {}
RESULT: {"script":"<script> [8489 bytes]","args":[{"element-6066-11e4-a52e-4f735466cecf":"f.3A9A75F048712998086FE021ED0A6AC3.d.B75977B27877A34D5DD3E07A6955CBD2.e.3300","ELEMENT":"f.3A9A75F048712998086FE021ED0A6AC3.d.B75977B27877A34D5DD3E07A6955CBD2.e.3300"}]}
COMMAND: POST /session/bc0d9ad889a01880a2fb8fbfcb83b9d3/execute/sync - {"script":"<script> [5351 bytes]","args":[{"element-6066-11e4-a52e-4f735466cecf":"f.3A9A75F048712998086FE021ED0A6AC3.d.B75977B27877A34D5DD3E07A6955CBD2.e.3300","ELEMENT":"f.3A9A75F048712998086FE021ED0A6AC3.d.B75977B27877A34D5DD3E07A6955CBD2.e.3300"}]}
COMMAND: GET /session/bc0d9ad889a01880a2fb8fbfcb83b9d3/screenshot - {}
RESULT: {}
RESULT: {"script":"<script> [5351 bytes]","args":[{"element-6066-11e4-a52e-4f735466cecf":"f.3A9A75F048712998086FE021ED0A6AC3.d.B75977B27877A34D5DD3E07A6955CBD2.e.3300","ELEMENT":"f.3A9A75F048712998086FE021ED0A6AC3.d.B75977B27877A34D5DD3E07A6955CBD2.e.3300"}]}
COMMAND: POST /session/bc0d9ad889a01880a2fb8fbfcb83b9d3/element/f.3A9A75F048712998086FE021ED0A6AC3.d.B75977B27877A34D5DD3E07A6955CBD2.e.3300/click - {}
COMMAND: GET /session/bc0d9ad889a01880a2fb8fbfcb83b9d3/screenshot - {}
RESULT: {}
RESULT: {}
COMMAND: GET /session/bc0d9ad889a01880a2fb8fbfcb83b9d3/screenshot - {}
COMMAND: POST /session/bc0d9ad889a01880a2fb8fbfcb83b9d3/element - {"using":"xpath","value":"//span[contains(@id ,\"AddNewHO--typeSelect-arrow\")]"}
RESULT: {}
RESULT: {}
RESULT: {"using":"xpath","value":"//span[contains(@id ,\"AddNewHO--typeSelect-arrow\")]"}
COMMAND: POST /session/bc0d9ad889a01880a2fb8fbfcb83b9d3/element/f.3A9A75F048712998086FE021ED0A6AC3.d.B75977B27877A34D5DD3E07A6955CBD2.e.3636/click - {}
RESULT: {}
COMMAND: GET /session/bc0d9ad889a01880a2fb8fbfcb83b9d3/screenshot - {}
RESULT: {}
COMMAND: POST /session/bc0d9ad889a01880a2fb8fbfcb83b9d3/element - {"using":"xpath","value":"(//li[contains(text(), \"stock increase yard\")])[1]"}
RESULT: {"using":"xpath","value":"(//li[contains(text(), \"stock increase yard\")])[1]"}
COMMAND: POST /session/bc0d9ad889a01880a2fb8fbfcb83b9d3/element/f.3A9A75F048712998086FE021ED0A6AC3.d.B75977B27877A34D5DD3E07A6955CBD2.e.3637/click - {}
RESULT: {}
COMMAND: GET /session/bc0d9ad889a01880a2fb8fbfcb83b9d3/screenshot - {}
RESULT: {}
COMMAND: POST /session/bc0d9ad889a01880a2fb8fbfcb83b9d3/execute/async - {"script":"<script> [1562 bytes]","args":[{"selector":{"id":"application-managehandovers-display-component---AddNewHO--dueDate","interaction":{"idSuffix":"inner"}},"wdio_ui5_key":"applicationmanagehandovers-display-component---AddNewHO--dueDate"}]}
RESULT: {"script":"<script> [1562 bytes]","args":[{"selector":{"id":"application-managehandovers-display-component---AddNewHO--dueDate","interaction":{"idSuffix":"inner"}},"wdio_ui5_key":"applicationmanagehandovers-display-component---AddNewHO--dueDate"}]}
RESULT: undefined
COMMAND: POST /session/bc0d9ad889a01880a2fb8fbfcb83b9d3/execute/async - {"script":"<script> [6424 bytes]","args":[{"element-6066-11e4-a52e-4f735466cecf":"f.3A9A75F048712998086FE021ED0A6AC3.d.B75977B27877A34D5DD3E07A6955CBD2.e.3639"},"setValue",["05/01/2025"]]}
RESULT: {"script":"<script> [6424 bytes]","args":[{"element-6066-11e4-a52e-4f735466cecf":"f.3A9A75F048712998086FE021ED0A6AC3.d.B75977B27877A34D5DD3E07A6955CBD2.e.3639"},"setValue",["05/01/2025"]]}
COMMAND: POST /session/bc0d9ad889a01880a2fb8fbfcb83b9d3/element - {"using":"xpath","value":"//input[@id=\"generalSectionFrg--receiveYard-inner\"]"}
RESULT: {"using":"xpath","value":"//input[@id=\"generalSectionFrg--receiveYard-inner\"]"}
COMMAND: POST /session/bc0d9ad889a01880a2fb8fbfcb83b9d3/element/f.3A9A75F048712998086FE021ED0A6AC3.d.B75977B27877A34D5DD3E07A6955CBD2.e.3645/clear - {}
RESULT: {}
COMMAND: POST /session/bc0d9ad889a01880a2fb8fbfcb83b9d3/element/f.3A9A75F048712998086FE021ED0A6AC3.d.B75977B27877A34D5DD3E07A6955CBD2.e.3645/value - {"text":"490"}
COMMAND: GET /session/bc0d9ad889a01880a2fb8fbfcb83b9d3/screenshot - {}
RESULT: {"text":"490"}
COMMAND: GET /session/bc0d9ad889a01880a2fb8fbfcb83b9d3/screenshot - {}
RESULT: {}
RESULT: {}
COMMAND: POST /session/bc0d9ad889a01880a2fb8fbfcb83b9d3/element - {"using":"xpath","value":"//li[.//span[text()='490']]"}
RESULT: {"using":"xpath","value":"//li[.//span[text()='490']]"}
COMMAND: POST /session/bc0d9ad889a01880a2fb8fbfcb83b9d3/element/f.3A9A75F048712998086FE021ED0A6AC3.d.B75977B27877A34D5DD3E07A6955CBD2.e.3663/click - {}
RESULT: {}
COMMAND: GET /session/bc0d9ad889a01880a2fb8fbfcb83b9d3/screenshot - {}
RESULT: {}
COMMAND: POST /session/bc0d9ad889a01880a2fb8fbfcb83b9d3/execute/async - {"script":"<script> [1562 bytes]","args":[{"selector":{"id":"application-managehandovers-display-component---AddNewHO--ObjectPageLayout-anchBar-application-managehandovers-display-component---AddNewHO--section4-anchor","interaction":{"idSuffix":"BDI-content"}},"wdio_ui5_key":"applicationmanagehandovers-display-component---AddNewHO--ObjectPageLayout-anchBar-application-managehandovers-display-component---AddNewHO--section4-anchor"}]}
RESULT: {"script":"<script> [1562 bytes]","args":[{"selector":{"id":"application-managehandovers-display-component---AddNewHO--ObjectPageLayout-anchBar-application-managehandovers-display-component---AddNewHO--section4-anchor","interaction":{"idSuffix":"BDI-content"}},"wdio_ui5_key":"applicationmanagehandovers-display-component---AddNewHO--ObjectPageLayout-anchBar-application-managehandovers-display-component---AddNewHO--section4-anchor"}]}
RESULT: undefined
COMMAND: POST /session/bc0d9ad889a01880a2fb8fbfcb83b9d3/element - {"using":"xpath","value":"//*[@id=\"application-managehandovers-display-component---AddNewHO--ObjectPageLayout-anchBar-application-managehandovers-display-component---AddNewHO--section4-anchor\"]"}
RESULT: {"using":"xpath","value":"//*[@id=\"application-managehandovers-display-component---AddNewHO--ObjectPageLayout-anchBar-application-managehandovers-display-component---AddNewHO--section4-anchor\"]"}
COMMAND: POST /session/bc0d9ad889a01880a2fb8fbfcb83b9d3/element/f.3A9A75F048712998086FE021ED0A6AC3.d.B75977B27877A34D5DD3E07A6955CBD2.e.3665/click - {}
RESULT: {}
COMMAND: POST /session/bc0d9ad889a01880a2fb8fbfcb83b9d3/element - {"using":"xpath","value":"//button[@aria-label=\"Add\"]"}
COMMAND: GET /session/bc0d9ad889a01880a2fb8fbfcb83b9d3/screenshot - {}
RESULT: {"using":"xpath","value":"//button[@aria-label=\"Add\"]"}
COMMAND: POST /session/bc0d9ad889a01880a2fb8fbfcb83b9d3/element/f.3A9A75F048712998086FE021ED0A6AC3.d.B75977B27877A34D5DD3E07A6955CBD2.e.3667/click - {}
RESULT: {}
RESULT: {}
COMMAND: GET /session/bc0d9ad889a01880a2fb8fbfcb83b9d3/screenshot - {}
RESULT: {}
COMMAND: POST /session/bc0d9ad889a01880a2fb8fbfcb83b9d3/execute/async - {"script":"<script> [1562 bytes]","args":[{"selector":{"id":"application-managehandovers-display-component---AddNewHO--smartFilterBar-btnBasicSearch","searchOpenDialogs":true,"interaction":{"idSuffix":"I"}},"wdio_ui5_key":"applicationmanagehandovers-display-component---AddNewHO--smartFilterBar-btnBasicSearch"}]}
RESULT: {"script":"<script> [1562 bytes]","args":[{"selector":{"id":"application-managehandovers-display-component---AddNewHO--smartFilterBar-btnBasicSearch","searchOpenDialogs":true,"interaction":{"idSuffix":"I"}},"wdio_ui5_key":"applicationmanagehandovers-display-component---AddNewHO--smartFilterBar-btnBasicSearch"}]}
RESULT: undefined
COMMAND: POST /session/bc0d9ad889a01880a2fb8fbfcb83b9d3/execute/async - {"script":"<script> [776 bytes]","args":[{"enterText":"400032","selector":{"id":"application-managehandovers-display-component---AddNewHO--smartFilterBar-btnBasicSearch","searchOpenDialogs":true,"interaction":{"idSuffix":"I"}},"clearTextFirst":true,"interactionType":"ENTER_TEXT"}]}
RESULT: {"script":"<script> [776 bytes]","args":[{"enterText":"400032","selector":{"id":"application-managehandovers-display-component---AddNewHO--smartFilterBar-btnBasicSearch","searchOpenDialogs":true,"interaction":{"idSuffix":"I"}},"clearTextFirst":true,"interactionType":"ENTER_TEXT"}]}
COMMAND: POST /session/bc0d9ad889a01880a2fb8fbfcb83b9d3/actions - {"actions":[{"id":"action12","type":"key","parameters":{},"actions":[{"type":"keyDown","value":"î€‡"},{"type":"pause","duration":10},{"type":"keyUp","value":"î€‡"}]}]}
RESULT: {"actions":[{"id":"action12","type":"key","parameters":{},"actions":[{"type":"keyDown","value":"î€‡"},{"type":"pause","duration":10},{"type":"keyUp","value":"î€‡"}]}]}
COMMAND: GET /session/bc0d9ad889a01880a2fb8fbfcb83b9d3/screenshot - {}
RESULT: {}
COMMAND: POST /session/bc0d9ad889a01880a2fb8fbfcb83b9d3/execute/async - {"script":"<script> [1562 bytes]","args":[{"selector":{"id":"application-managehandovers-display-component---AddNewHO--popup-sa","searchOpenDialogs":true,"interaction":{"idSuffix":"CbBg"}},"wdio_ui5_key":"applicationmanagehandovers-display-component---AddNewHO--popup-sa"}]}
RESULT: {"script":"<script> [1562 bytes]","args":[{"selector":{"id":"application-managehandovers-display-component---AddNewHO--popup-sa","searchOpenDialogs":true,"interaction":{"idSuffix":"CbBg"}},"wdio_ui5_key":"applicationmanagehandovers-display-component---AddNewHO--popup-sa"}]}
RESULT: undefined
COMMAND: POST /session/bc0d9ad889a01880a2fb8fbfcb83b9d3/element - {"using":"xpath","value":"//*[@id=\"application-managehandovers-display-component---AddNewHO--popup-sa\"]"}
RESULT: {"using":"xpath","value":"//*[@id=\"application-managehandovers-display-component---AddNewHO--popup-sa\"]"}
COMMAND: POST /session/bc0d9ad889a01880a2fb8fbfcb83b9d3/element/f.3A9A75F048712998086FE021ED0A6AC3.d.B75977B27877A34D5DD3E07A6955CBD2.e.3822/click - {}
RESULT: {}
COMMAND: GET /session/bc0d9ad889a01880a2fb8fbfcb83b9d3/screenshot - {}
RESULT: {}
COMMAND: POST /session/bc0d9ad889a01880a2fb8fbfcb83b9d3/element - {"using":"xpath","value":"//bdi[contains(text(), \"Select\")]"}
RESULT: {"using":"xpath","value":"//bdi[contains(text(), \"Select\")]"}
COMMAND: POST /session/bc0d9ad889a01880a2fb8fbfcb83b9d3/element/f.3A9A75F048712998086FE021ED0A6AC3.d.B75977B27877A34D5DD3E07A6955CBD2.e.3823/click - {}
RESULT: {}
COMMAND: GET /session/bc0d9ad889a01880a2fb8fbfcb83b9d3/screenshot - {}
RESULT: {}
COMMAND: POST /session/bc0d9ad889a01880a2fb8fbfcb83b9d3/element - {"using":"xpath","value":"//button[@data-kt=\"AddNewHOSaveButton\"]"}
RESULT: {"using":"xpath","value":"//button[@data-kt=\"AddNewHOSaveButton\"]"}
COMMAND: POST /session/bc0d9ad889a01880a2fb8fbfcb83b9d3/element/f.3A9A75F048712998086FE021ED0A6AC3.d.B75977B27877A34D5DD3E07A6955CBD2.e.3827/click - {}
RESULT: {}
COMMAND: GET /session/bc0d9ad889a01880a2fb8fbfcb83b9d3/screenshot - {}
RESULT: {}
COMMAND: POST /session/bc0d9ad889a01880a2fb8fbfcb83b9d3/execute/async - {"script":"<script> [1562 bytes]","args":[{"selector":{"id":"receiptDatePicker","viewName":"etm.portal.ui.managehandovers.view.DetailExecuteHO","interaction":{"idSuffix":"inner"}},"wdio_ui5_key":"receiptDatePickeretmportal.ui.managehandovers.view.DetailExecuteHO"}]}
RESULT: {"script":"<script> [1562 bytes]","args":[{"selector":{"id":"receiptDatePicker","viewName":"etm.portal.ui.managehandovers.view.DetailExecuteHO","interaction":{"idSuffix":"inner"}},"wdio_ui5_key":"receiptDatePickeretmportal.ui.managehandovers.view.DetailExecuteHO"}]}
RESULT: undefined
COMMAND: POST /session/bc0d9ad889a01880a2fb8fbfcb83b9d3/execute/async - {"script":"<script> [6424 bytes]","args":[{"element-6066-11e4-a52e-4f735466cecf":"f.3A9A75F048712998086FE021ED0A6AC3.d.B75977B27877A34D5DD3E07A6955CBD2.e.3856"},"setValue",["05/01/2025"]]}
RESULT: {"script":"<script> [6424 bytes]","args":[{"element-6066-11e4-a52e-4f735466cecf":"f.3A9A75F048712998086FE021ED0A6AC3.d.B75977B27877A34D5DD3E07A6955CBD2.e.3856"},"setValue",["05/01/2025"]]}
COMMAND: POST /session/bc0d9ad889a01880a2fb8fbfcb83b9d3/element - {"using":"xpath","value":"//button[@data-kt=\"PickingTableConfirmAllButton\"]"}
RESULT: {"using":"xpath","value":"//button[@data-kt=\"PickingTableConfirmAllButton\"]"}
COMMAND: POST /session/bc0d9ad889a01880a2fb8fbfcb83b9d3/element/f.3A9A75F048712998086FE021ED0A6AC3.d.B75977B27877A34D5DD3E07A6955CBD2.e.3871/click - {}
RESULT: {}
COMMAND: GET /session/bc0d9ad889a01880a2fb8fbfcb83b9d3/screenshot - {}
RESULT: {}
COMMAND: POST /session/bc0d9ad889a01880a2fb8fbfcb83b9d3/element - {"using":"xpath","value":"//bdi[contains(text(), \"OK\")]"}
RESULT: {"using":"xpath","value":"//bdi[contains(text(), \"OK\")]"}
COMMAND: POST /session/bc0d9ad889a01880a2fb8fbfcb83b9d3/element/f.3A9A75F048712998086FE021ED0A6AC3.d.B75977B27877A34D5DD3E07A6955CBD2.e.3873/click - {}
RESULT: {}
COMMAND: GET /session/bc0d9ad889a01880a2fb8fbfcb83b9d3/screenshot - {}
RESULT: {}
COMMAND: POST /session/bc0d9ad889a01880a2fb8fbfcb83b9d3/element - {"using":"xpath","value":"(//bdi[contains(text(), \"Receive\")])[2]"}
RESULT: {"using":"xpath","value":"(//bdi[contains(text(), \"Receive\")])[2]"}
COMMAND: POST /session/bc0d9ad889a01880a2fb8fbfcb83b9d3/element/f.3A9A75F048712998086FE021ED0A6AC3.d.B75977B27877A34D5DD3E07A6955CBD2.e.3875/click - {}
RESULT: {}
COMMAND: GET /session/bc0d9ad889a01880a2fb8fbfcb83b9d3/screenshot - {}
RESULT: {}
COMMAND: POST /session/bc0d9ad889a01880a2fb8fbfcb83b9d3/element - {"using":"css selector","value":"#shell-header-logo"}
RESULT: {"using":"css selector","value":"#shell-header-logo"}
COMMAND: POST /session/bc0d9ad889a01880a2fb8fbfcb83b9d3/element/f.3A9A75F048712998086FE021ED0A6AC3.d.B75977B27877A34D5DD3E07A6955CBD2.e.3261/click - {}
RESULT: {}
COMMAND: GET /session/bc0d9ad889a01880a2fb8fbfcb83b9d3/screenshot - {}
RESULT: {}
]]></system-out>
    </testcase>
    <testcase classname="chrome.135_0_7049_96.windows.Tests_for_Mass_State_Change_on_Manage_States_&amp;_Performances_US104416_US" name="Prereq Should create a new contract" time="78.383">
      <system-out><![CDATA[
COMMAND: POST /session/bc0d9ad889a01880a2fb8fbfcb83b9d3/execute/async - {"script":"<script> [1562 bytes]","args":[{"selector":{"controlType":"sap.m.Text","viewName":"etm.portal.ui.managecontractstile.view.Master","properties":{"text":"Manage Contracts"},"interaction":{"idSuffix":"inner"}},"wdio_ui5_key":"etmportal.ui.managecontractstile.view.Mastersap.m.Text{\"text\":\"Manage Contracts\"}"}]}
RESULT: {"script":"<script> [1562 bytes]","args":[{"selector":{"controlType":"sap.m.Text","viewName":"etm.portal.ui.managecontractstile.view.Master","properties":{"text":"Manage Contracts"},"interaction":{"idSuffix":"inner"}},"wdio_ui5_key":"etmportal.ui.managecontractstile.view.Mastersap.m.Text{\"text\":\"Manage Contracts\"}"}]}
RESULT: undefined
COMMAND: POST /session/bc0d9ad889a01880a2fb8fbfcb83b9d3/element - {"using":"xpath","value":"//*[@id=\"__tile130-title\"]"}
RESULT: {"using":"xpath","value":"//*[@id=\"__tile130-title\"]"}
COMMAND: POST /session/bc0d9ad889a01880a2fb8fbfcb83b9d3/element/f.3A9A75F048712998086FE021ED0A6AC3.d.B75977B27877A34D5DD3E07A6955CBD2.e.4050/click - {}
RESULT: {}
COMMAND: GET /session/bc0d9ad889a01880a2fb8fbfcb83b9d3/screenshot - {}
RESULT: {}
COMMAND: POST /session/bc0d9ad889a01880a2fb8fbfcb83b9d3/element - {"using":"xpath","value":"//button[@data-kt=\"addButton\"]"}
RESULT: {"using":"xpath","value":"//button[@data-kt=\"addButton\"]"}
COMMAND: POST /session/bc0d9ad889a01880a2fb8fbfcb83b9d3/elements - {"using":"xpath","value":"//button[@data-kt=\"addButton\"]"}
RESULT: {"using":"xpath","value":"//button[@data-kt=\"addButton\"]"}
COMMAND: POST /session/bc0d9ad889a01880a2fb8fbfcb83b9d3/element - {"using":"xpath","value":"//button[@data-kt=\"addButton\"]"}
RESULT: {"using":"xpath","value":"//button[@data-kt=\"addButton\"]"}
COMMAND: POST /session/bc0d9ad889a01880a2fb8fbfcb83b9d3/execute/sync - {"script":"<script> [8489 bytes]","args":[{"element-6066-11e4-a52e-4f735466cecf":"f.3A9A75F048712998086FE021ED0A6AC3.d.B75977B27877A34D5DD3E07A6955CBD2.e.4120","ELEMENT":"f.3A9A75F048712998086FE021ED0A6AC3.d.B75977B27877A34D5DD3E07A6955CBD2.e.4120"}]}
RESULT: {"script":"<script> [8489 bytes]","args":[{"element-6066-11e4-a52e-4f735466cecf":"f.3A9A75F048712998086FE021ED0A6AC3.d.B75977B27877A34D5DD3E07A6955CBD2.e.4120","ELEMENT":"f.3A9A75F048712998086FE021ED0A6AC3.d.B75977B27877A34D5DD3E07A6955CBD2.e.4120"}]}
COMMAND: GET /session/bc0d9ad889a01880a2fb8fbfcb83b9d3/element/f.3A9A75F048712998086FE021ED0A6AC3.d.B75977B27877A34D5DD3E07A6955CBD2.e.4120/enabled - {}
COMMAND: GET /session/bc0d9ad889a01880a2fb8fbfcb83b9d3/screenshot - {}
RESULT: {}
COMMAND: POST /session/bc0d9ad889a01880a2fb8fbfcb83b9d3/execute/sync - {"script":"<script> [8489 bytes]","args":[{"element-6066-11e4-a52e-4f735466cecf":"f.3A9A75F048712998086FE021ED0A6AC3.d.B75977B27877A34D5DD3E07A6955CBD2.e.4120","ELEMENT":"f.3A9A75F048712998086FE021ED0A6AC3.d.B75977B27877A34D5DD3E07A6955CBD2.e.4120"}]}
COMMAND: GET /session/bc0d9ad889a01880a2fb8fbfcb83b9d3/screenshot - {}
RESULT: {}
RESULT: {"script":"<script> [8489 bytes]","args":[{"element-6066-11e4-a52e-4f735466cecf":"f.3A9A75F048712998086FE021ED0A6AC3.d.B75977B27877A34D5DD3E07A6955CBD2.e.4120","ELEMENT":"f.3A9A75F048712998086FE021ED0A6AC3.d.B75977B27877A34D5DD3E07A6955CBD2.e.4120"}]}
COMMAND: POST /session/bc0d9ad889a01880a2fb8fbfcb83b9d3/execute/sync - {"script":"<script> [5351 bytes]","args":[{"element-6066-11e4-a52e-4f735466cecf":"f.3A9A75F048712998086FE021ED0A6AC3.d.B75977B27877A34D5DD3E07A6955CBD2.e.4120","ELEMENT":"f.3A9A75F048712998086FE021ED0A6AC3.d.B75977B27877A34D5DD3E07A6955CBD2.e.4120"}]}
RESULT: {}
RESULT: {"script":"<script> [5351 bytes]","args":[{"element-6066-11e4-a52e-4f735466cecf":"f.3A9A75F048712998086FE021ED0A6AC3.d.B75977B27877A34D5DD3E07A6955CBD2.e.4120","ELEMENT":"f.3A9A75F048712998086FE021ED0A6AC3.d.B75977B27877A34D5DD3E07A6955CBD2.e.4120"}]}
COMMAND: GET /session/bc0d9ad889a01880a2fb8fbfcb83b9d3/screenshot - {}
COMMAND: GET /session/bc0d9ad889a01880a2fb8fbfcb83b9d3/screenshot - {}
RESULT: {}
RESULT: {}
COMMAND: POST /session/bc0d9ad889a01880a2fb8fbfcb83b9d3/element/f.3A9A75F048712998086FE021ED0A6AC3.d.B75977B27877A34D5DD3E07A6955CBD2.e.4120/click - {}
RESULT: {}
COMMAND: GET /session/bc0d9ad889a01880a2fb8fbfcb83b9d3/screenshot - {}
COMMAND: POST /session/bc0d9ad889a01880a2fb8fbfcb83b9d3/execute/async - {"script":"<script> [1562 bytes]","args":[{"selector":{"id":"application-managecontracts-display-component---AddNewContract--projectDescription","interaction":{"idSuffix":"inner"}},"wdio_ui5_key":"applicationmanagecontracts-display-component---AddNewContract--projectDescription"}]}
RESULT: {}
RESULT: {"script":"<script> [1562 bytes]","args":[{"selector":{"id":"application-managecontracts-display-component---AddNewContract--projectDescription","interaction":{"idSuffix":"inner"}},"wdio_ui5_key":"applicationmanagecontracts-display-component---AddNewContract--projectDescription"}]}
RESULT: undefined
COMMAND: POST /session/bc0d9ad889a01880a2fb8fbfcb83b9d3/execute/async - {"script":"<script> [776 bytes]","args":[{"enterText":"Contract WDIO","selector":{"id":"application-managecontracts-display-component---AddNewContract--projectDescription","interaction":{"idSuffix":"inner"}},"clearTextFirst":true,"interactionType":"ENTER_TEXT"}]}
RESULT: {"script":"<script> [776 bytes]","args":[{"enterText":"Contract WDIO","selector":{"id":"application-managecontracts-display-component---AddNewContract--projectDescription","interaction":{"idSuffix":"inner"}},"clearTextFirst":true,"interactionType":"ENTER_TEXT"}]}
COMMAND: POST /session/bc0d9ad889a01880a2fb8fbfcb83b9d3/element - {"using":"xpath","value":"//input[@id=\"application-managecontracts-display-component---AddNewContract--site-inner\"]"}
RESULT: {"using":"xpath","value":"//input[@id=\"application-managecontracts-display-component---AddNewContract--site-inner\"]"}
COMMAND: POST /session/bc0d9ad889a01880a2fb8fbfcb83b9d3/element/f.3A9A75F048712998086FE021ED0A6AC3.d.B75977B27877A34D5DD3E07A6955CBD2.e.4419/clear - {}
RESULT: {}
COMMAND: POST /session/bc0d9ad889a01880a2fb8fbfcb83b9d3/element/f.3A9A75F048712998086FE021ED0A6AC3.d.B75977B27877A34D5DD3E07A6955CBD2.e.4419/value - {"text":"2325"}
COMMAND: GET /session/bc0d9ad889a01880a2fb8fbfcb83b9d3/screenshot - {}
RESULT: {"text":"2325"}
COMMAND: GET /session/bc0d9ad889a01880a2fb8fbfcb83b9d3/screenshot - {}
RESULT: {}
RESULT: {}
COMMAND: POST /session/bc0d9ad889a01880a2fb8fbfcb83b9d3/element - {"using":"xpath","value":"//li[.//span[text()='2325']]"}
RESULT: {"using":"xpath","value":"//li[.//span[text()='2325']]"}
COMMAND: POST /session/bc0d9ad889a01880a2fb8fbfcb83b9d3/element/f.3A9A75F048712998086FE021ED0A6AC3.d.B75977B27877A34D5DD3E07A6955CBD2.e.4442/click - {}
RESULT: {}
COMMAND: GET /session/bc0d9ad889a01880a2fb8fbfcb83b9d3/screenshot - {}
RESULT: {}
COMMAND: POST /session/bc0d9ad889a01880a2fb8fbfcb83b9d3/element - {"using":"xpath","value":"//input[@id=\"application-managecontracts-display-component---AddNewContract--yardId-inner\"]"}
RESULT: {"using":"xpath","value":"//input[@id=\"application-managecontracts-display-component---AddNewContract--yardId-inner\"]"}
COMMAND: GET /session/bc0d9ad889a01880a2fb8fbfcb83b9d3/element/f.3A9A75F048712998086FE021ED0A6AC3.d.B75977B27877A34D5DD3E07A6955CBD2.e.4420/property/value - {}
RESULT: {}
COMMAND: POST /session/bc0d9ad889a01880a2fb8fbfcb83b9d3/element - {"using":"xpath","value":"//input[@id=\"application-managecontracts-display-component---AddNewContract--customerSelect-inner\"]"}
COMMAND: GET /session/bc0d9ad889a01880a2fb8fbfcb83b9d3/screenshot - {}
RESULT: {"using":"xpath","value":"//input[@id=\"application-managecontracts-display-component---AddNewContract--customerSelect-inner\"]"}
COMMAND: POST /session/bc0d9ad889a01880a2fb8fbfcb83b9d3/element/f.3A9A75F048712998086FE021ED0A6AC3.d.B75977B27877A34D5DD3E07A6955CBD2.e.4418/clear - {}
RESULT: {}
RESULT: {}
COMMAND: POST /session/bc0d9ad889a01880a2fb8fbfcb83b9d3/element/f.3A9A75F048712998086FE021ED0A6AC3.d.B75977B27877A34D5DD3E07A6955CBD2.e.4418/value - {"text":"1364"}
COMMAND: GET /session/bc0d9ad889a01880a2fb8fbfcb83b9d3/screenshot - {}
RESULT: {"text":"1364"}
COMMAND: GET /session/bc0d9ad889a01880a2fb8fbfcb83b9d3/screenshot - {}
RESULT: {}
RESULT: {}
COMMAND: POST /session/bc0d9ad889a01880a2fb8fbfcb83b9d3/element - {"using":"xpath","value":"//li[.//span[text()='1364']]"}
RESULT: {"using":"xpath","value":"//li[.//span[text()='1364']]"}
COMMAND: POST /session/bc0d9ad889a01880a2fb8fbfcb83b9d3/element/f.3A9A75F048712998086FE021ED0A6AC3.d.B75977B27877A34D5DD3E07A6955CBD2.e.4445/click - {}
RESULT: {}
COMMAND: GET /session/bc0d9ad889a01880a2fb8fbfcb83b9d3/screenshot - {}
RESULT: {}
COMMAND: POST /session/bc0d9ad889a01880a2fb8fbfcb83b9d3/element - {"using":"xpath","value":"//button[@data-kt=\"saveButton\"]"}
RESULT: {"using":"xpath","value":"//button[@data-kt=\"saveButton\"]"}
COMMAND: POST /session/bc0d9ad889a01880a2fb8fbfcb83b9d3/element/f.3A9A75F048712998086FE021ED0A6AC3.d.B75977B27877A34D5DD3E07A6955CBD2.e.4435/click - {}
RESULT: {}
COMMAND: GET /session/bc0d9ad889a01880a2fb8fbfcb83b9d3/screenshot - {}
RESULT: {}
COMMAND: POST /session/bc0d9ad889a01880a2fb8fbfcb83b9d3/element - {"using":"xpath","value":"//span[contains(@id ,\"contractDetailTitleNoExpanded\")]"}
RESULT: {"using":"xpath","value":"//span[contains(@id ,\"contractDetailTitleNoExpanded\")]"}
COMMAND: POST /session/bc0d9ad889a01880a2fb8fbfcb83b9d3/elements - {"using":"xpath","value":"//span[contains(@id ,\"contractDetailTitleNoExpanded\")]"}
RESULT: {"using":"xpath","value":"//span[contains(@id ,\"contractDetailTitleNoExpanded\")]"}
COMMAND: POST /session/bc0d9ad889a01880a2fb8fbfcb83b9d3/execute/sync - {"script":"<script> [56 bytes]","args":[{"element-6066-11e4-a52e-4f735466cecf":"f.3A9A75F048712998086FE021ED0A6AC3.d.B75977B27877A34D5DD3E07A6955CBD2.e.4460","ELEMENT":"f.3A9A75F048712998086FE021ED0A6AC3.d.B75977B27877A34D5DD3E07A6955CBD2.e.4460"}]}
RESULT: {"script":"<script> [56 bytes]","args":[{"element-6066-11e4-a52e-4f735466cecf":"f.3A9A75F048712998086FE021ED0A6AC3.d.B75977B27877A34D5DD3E07A6955CBD2.e.4460","ELEMENT":"f.3A9A75F048712998086FE021ED0A6AC3.d.B75977B27877A34D5DD3E07A6955CBD2.e.4460"}]}
COMMAND: GET /session/bc0d9ad889a01880a2fb8fbfcb83b9d3/screenshot - {}
RESULT: {}
]]></system-out>
    </testcase>
    <testcase classname="chrome.135_0_7049_96.windows.Tests_for_Mass_State_Change_on_Manage_States_&amp;_Performances_US104416_US" name="Prereq Should add created equipment to contract but to have the item 2 days earlier" time="69.744">
      <system-out><![CDATA[
COMMAND: POST /session/bc0d9ad889a01880a2fb8fbfcb83b9d3/element - {"using":"xpath","value":"//button[@data-kt=\"contractDetailEditBtnButton\"]"}
RESULT: {"using":"xpath","value":"//button[@data-kt=\"contractDetailEditBtnButton\"]"}
COMMAND: POST /session/bc0d9ad889a01880a2fb8fbfcb83b9d3/element/f.3A9A75F048712998086FE021ED0A6AC3.d.B75977B27877A34D5DD3E07A6955CBD2.e.4462/click - {}
RESULT: {}
COMMAND: GET /session/bc0d9ad889a01880a2fb8fbfcb83b9d3/screenshot - {}
RESULT: {}
COMMAND: POST /session/bc0d9ad889a01880a2fb8fbfcb83b9d3/element - {"using":"xpath","value":"(//span[contains(text(), \"Additional Addresses\")])[2]"}
RESULT: {"using":"xpath","value":"(//span[contains(text(), \"Additional Addresses\")])[2]"}
COMMAND: POST /session/bc0d9ad889a01880a2fb8fbfcb83b9d3/element/f.3A9A75F048712998086FE021ED0A6AC3.d.B75977B27877A34D5DD3E07A6955CBD2.e.4518/click - {}
RESULT: {}
COMMAND: GET /session/bc0d9ad889a01880a2fb8fbfcb83b9d3/screenshot - {}
RESULT: {}
COMMAND: POST /session/bc0d9ad889a01880a2fb8fbfcb83b9d3/element - {"using":"xpath","value":"//button[@data-kt=\"btnAddTableRowOverflowToolbarButton\"]"}
RESULT: {"using":"xpath","value":"//button[@data-kt=\"btnAddTableRowOverflowToolbarButton\"]"}
COMMAND: POST /session/bc0d9ad889a01880a2fb8fbfcb83b9d3/element/f.3A9A75F048712998086FE021ED0A6AC3.d.B75977B27877A34D5DD3E07A6955CBD2.e.4522/click - {}
RESULT: {}
COMMAND: GET /session/bc0d9ad889a01880a2fb8fbfcb83b9d3/screenshot - {}
RESULT: {}
COMMAND: POST /session/bc0d9ad889a01880a2fb8fbfcb83b9d3/element - {"using":"xpath","value":"//div[(text() = 'Standard Entry' or . = 'Standard Entry')]"}
RESULT: {"using":"xpath","value":"//div[(text() = 'Standard Entry' or . = 'Standard Entry')]"}
COMMAND: POST /session/bc0d9ad889a01880a2fb8fbfcb83b9d3/element/f.3A9A75F048712998086FE021ED0A6AC3.d.B75977B27877A34D5DD3E07A6955CBD2.e.4524/click - {}
RESULT: {}
COMMAND: GET /session/bc0d9ad889a01880a2fb8fbfcb83b9d3/screenshot - {}
RESULT: {}
COMMAND: POST /session/bc0d9ad889a01880a2fb8fbfcb83b9d3/element - {"using":"xpath","value":"//td[6]/div/div/div/span"}
RESULT: {"using":"xpath","value":"//td[6]/div/div/div/span"}
COMMAND: POST /session/bc0d9ad889a01880a2fb8fbfcb83b9d3/element/f.3A9A75F048712998086FE021ED0A6AC3.d.B75977B27877A34D5DD3E07A6955CBD2.e.4536/click - {}
RESULT: {}
COMMAND: GET /session/bc0d9ad889a01880a2fb8fbfcb83b9d3/screenshot - {}
RESULT: {}
COMMAND: POST /session/bc0d9ad889a01880a2fb8fbfcb83b9d3/element - {"using":"xpath","value":"(//span[contains(text(), \"Equi Multipart\")])"}
RESULT: {"using":"xpath","value":"(//span[contains(text(), \"Equi Multipart\")])"}
COMMAND: POST /session/bc0d9ad889a01880a2fb8fbfcb83b9d3/element/f.3A9A75F048712998086FE021ED0A6AC3.d.B75977B27877A34D5DD3E07A6955CBD2.e.4537/click - {}
RESULT: {}
COMMAND: GET /session/bc0d9ad889a01880a2fb8fbfcb83b9d3/screenshot - {}
RESULT: {}
COMMAND: POST /session/bc0d9ad889a01880a2fb8fbfcb83b9d3/element - {"using":"xpath","value":"//td[7]/div/div/input"}
RESULT: {"using":"xpath","value":"//td[7]/div/div/input"}
COMMAND: POST /session/bc0d9ad889a01880a2fb8fbfcb83b9d3/element/f.3A9A75F048712998086FE021ED0A6AC3.d.B75977B27877A34D5DD3E07A6955CBD2.e.4541/clear - {}
RESULT: {}
COMMAND: POST /session/bc0d9ad889a01880a2fb8fbfcb83b9d3/element/f.3A9A75F048712998086FE021ED0A6AC3.d.B75977B27877A34D5DD3E07A6955CBD2.e.4541/value - {"text":"400032"}
COMMAND: GET /session/bc0d9ad889a01880a2fb8fbfcb83b9d3/screenshot - {}
RESULT: {"text":"400032"}
COMMAND: GET /session/bc0d9ad889a01880a2fb8fbfcb83b9d3/screenshot - {}
RESULT: {}
RESULT: {}
COMMAND: POST /session/bc0d9ad889a01880a2fb8fbfcb83b9d3/actions - {"actions":[{"id":"action13","type":"key","parameters":{},"actions":[{"type":"keyDown","value":"î€‡"},{"type":"pause","duration":10},{"type":"keyUp","value":"î€‡"}]}]}
RESULT: {"actions":[{"id":"action13","type":"key","parameters":{},"actions":[{"type":"keyDown","value":"î€‡"},{"type":"pause","duration":10},{"type":"keyUp","value":"î€‡"}]}]}
COMMAND: GET /session/bc0d9ad889a01880a2fb8fbfcb83b9d3/screenshot - {}
RESULT: {}
COMMAND: POST /session/bc0d9ad889a01880a2fb8fbfcb83b9d3/execute/sync - {"script":"<script> [276 bytes]","args":["No pricing information was found"]}
RESULT: {"script":"<script> [276 bytes]","args":["No pricing information was found"]}
COMMAND: POST /session/bc0d9ad889a01880a2fb8fbfcb83b9d3/element - {"using":"xpath","value":"//bdi[contains(text(), \"OK\")]"}
COMMAND: GET /session/bc0d9ad889a01880a2fb8fbfcb83b9d3/screenshot - {}
RESULT: {"using":"xpath","value":"//bdi[contains(text(), \"OK\")]"}
COMMAND: POST /session/bc0d9ad889a01880a2fb8fbfcb83b9d3/element/f.3A9A75F048712998086FE021ED0A6AC3.d.B75977B27877A34D5DD3E07A6955CBD2.e.4567/click - {}
RESULT: {}
RESULT: {}
COMMAND: GET /session/bc0d9ad889a01880a2fb8fbfcb83b9d3/screenshot - {}
RESULT: {}
COMMAND: POST /session/bc0d9ad889a01880a2fb8fbfcb83b9d3/element - {"using":"xpath","value":"//td[19]/div/div/input"}
RESULT: {"using":"xpath","value":"//td[19]/div/div/input"}
COMMAND: POST /session/bc0d9ad889a01880a2fb8fbfcb83b9d3/element/f.3A9A75F048712998086FE021ED0A6AC3.d.B75977B27877A34D5DD3E07A6955CBD2.e.4564/clear - {}
RESULT: {}
COMMAND: POST /session/bc0d9ad889a01880a2fb8fbfcb83b9d3/element/f.3A9A75F048712998086FE021ED0A6AC3.d.B75977B27877A34D5DD3E07A6955CBD2.e.4564/value - {"text":"04/29/25"}
COMMAND: GET /session/bc0d9ad889a01880a2fb8fbfcb83b9d3/screenshot - {}
RESULT: {"text":"04/29/25"}
COMMAND: GET /session/bc0d9ad889a01880a2fb8fbfcb83b9d3/screenshot - {}
RESULT: {}
RESULT: {}
COMMAND: POST /session/bc0d9ad889a01880a2fb8fbfcb83b9d3/element - {"using":"xpath","value":"(//button[@data-kt=\"saveButton\"])[2]"}
RESULT: {"using":"xpath","value":"(//button[@data-kt=\"saveButton\"])[2]"}
COMMAND: POST /session/bc0d9ad889a01880a2fb8fbfcb83b9d3/element/f.3A9A75F048712998086FE021ED0A6AC3.d.B75977B27877A34D5DD3E07A6955CBD2.e.4569/click - {}
RESULT: {}
COMMAND: GET /session/bc0d9ad889a01880a2fb8fbfcb83b9d3/screenshot - {}
RESULT: {}
COMMAND: POST /session/bc0d9ad889a01880a2fb8fbfcb83b9d3/execute/sync - {"script":"<script> [276 bytes]","args":["Some contract items are having rental validity exceeding header rental validity"]}
RESULT: {"script":"<script> [276 bytes]","args":["Some contract items are having rental validity exceeding header rental validity"]}
COMMAND: POST /session/bc0d9ad889a01880a2fb8fbfcb83b9d3/element - {"using":"xpath","value":"//bdi[contains(text(), \"OK\")]"}
COMMAND: GET /session/bc0d9ad889a01880a2fb8fbfcb83b9d3/screenshot - {}
RESULT: {"using":"xpath","value":"//bdi[contains(text(), \"OK\")]"}
COMMAND: POST /session/bc0d9ad889a01880a2fb8fbfcb83b9d3/element/f.3A9A75F048712998086FE021ED0A6AC3.d.B75977B27877A34D5DD3E07A6955CBD2.e.4572/click - {}
RESULT: {}
RESULT: {}
COMMAND: GET /session/bc0d9ad889a01880a2fb8fbfcb83b9d3/screenshot - {}
RESULT: {}
COMMAND: POST /session/bc0d9ad889a01880a2fb8fbfcb83b9d3/element - {"using":"xpath","value":"//span[contains(@id ,\"contractItemsSmartTable-header-inner\")]"}
RESULT: {"using":"xpath","value":"//span[contains(@id ,\"contractItemsSmartTable-header-inner\")]"}
COMMAND: POST /session/bc0d9ad889a01880a2fb8fbfcb83b9d3/elements - {"using":"xpath","value":"//span[contains(@id ,\"contractItemsSmartTable-header-inner\")]"}
RESULT: {"using":"xpath","value":"//span[contains(@id ,\"contractItemsSmartTable-header-inner\")]"}
COMMAND: POST /session/bc0d9ad889a01880a2fb8fbfcb83b9d3/execute/sync - {"script":"<script> [56 bytes]","args":[{"element-6066-11e4-a52e-4f735466cecf":"f.3A9A75F048712998086FE021ED0A6AC3.d.B75977B27877A34D5DD3E07A6955CBD2.e.4579","ELEMENT":"f.3A9A75F048712998086FE021ED0A6AC3.d.B75977B27877A34D5DD3E07A6955CBD2.e.4579"}]}
RESULT: {"script":"<script> [56 bytes]","args":[{"element-6066-11e4-a52e-4f735466cecf":"f.3A9A75F048712998086FE021ED0A6AC3.d.B75977B27877A34D5DD3E07A6955CBD2.e.4579","ELEMENT":"f.3A9A75F048712998086FE021ED0A6AC3.d.B75977B27877A34D5DD3E07A6955CBD2.e.4579"}]}
]]></system-out>
    </testcase>
    <testcase classname="chrome.135_0_7049_96.windows.Tests_for_Mass_State_Change_on_Manage_States_&amp;_Performances_US104416_US" name="Prereq Should do a provide to site handover for today" time="67.94">
      <system-out><![CDATA[
COMMAND: POST /session/bc0d9ad889a01880a2fb8fbfcb83b9d3/element - {"using":"xpath","value":"//button[@data-kt=\"provideButton\"]"}
COMMAND: GET /session/bc0d9ad889a01880a2fb8fbfcb83b9d3/screenshot - {}
RESULT: {"using":"xpath","value":"//button[@data-kt=\"provideButton\"]"}
COMMAND: POST /session/bc0d9ad889a01880a2fb8fbfcb83b9d3/element/f.3A9A75F048712998086FE021ED0A6AC3.d.B75977B27877A34D5DD3E07A6955CBD2.e.4580/click - {}
RESULT: {}
RESULT: {}
COMMAND: GET /session/bc0d9ad889a01880a2fb8fbfcb83b9d3/screenshot - {}
RESULT: undefined
COMMAND: POST /session/bc0d9ad889a01880a2fb8fbfcb83b9d3/execute/async - {"script":"<script> [6424 bytes]","args":[{"element-6066-11e4-a52e-4f735466cecf":"f.3A9A75F048712998086FE021ED0A6AC3.d.B75977B27877A34D5DD3E07A6955CBD2.e.3639"},"setValue",["05/01/2025"]]}
RESULT: {}
COMMAND: POST /session/bc0d9ad889a01880a2fb8fbfcb83b9d3/execute/async - {"script":"<script> [1562 bytes]","args":[{"selector":{"id":"application-managehandovers-display-component---AddNewHO--dueDate","interaction":{"idSuffix":"inner"}},"wdio_ui5_key":"applicationmanagehandovers-display-component---AddNewHO--dueDate"}]}
RESULT: {"script":"<script> [1562 bytes]","args":[{"selector":{"id":"application-managehandovers-display-component---AddNewHO--dueDate","interaction":{"idSuffix":"inner"}},"wdio_ui5_key":"applicationmanagehandovers-display-component---AddNewHO--dueDate"}]}
COMMAND: POST /session/bc0d9ad889a01880a2fb8fbfcb83b9d3/execute/async - {"script":"<script> [6424 bytes]","args":[{"element-6066-11e4-a52e-4f735466cecf":"f.3A9A75F048712998086FE021ED0A6AC3.d.B75977B27877A34D5DD3E07A6955CBD2.e.4657"},"setValue",["05/01/2025"]]}
RESULT: {"script":"<script> [6424 bytes]","args":[{"element-6066-11e4-a52e-4f735466cecf":"f.3A9A75F048712998086FE021ED0A6AC3.d.B75977B27877A34D5DD3E07A6955CBD2.e.4657"},"setValue",["05/01/2025"]]}
COMMAND: POST /session/bc0d9ad889a01880a2fb8fbfcb83b9d3/element - {"using":"xpath","value":"//bdi[contains(text(), \"Instructions\")]"}
RESULT: {"using":"xpath","value":"//bdi[contains(text(), \"Instructions\")]"}
COMMAND: POST /session/bc0d9ad889a01880a2fb8fbfcb83b9d3/element/f.3A9A75F048712998086FE021ED0A6AC3.d.B75977B27877A34D5DD3E07A6955CBD2.e.4893/click - {}
RESULT: {}
COMMAND: GET /session/bc0d9ad889a01880a2fb8fbfcb83b9d3/screenshot - {}
RESULT: {}
COMMAND: POST /session/bc0d9ad889a01880a2fb8fbfcb83b9d3/element - {"using":"xpath","value":"//button[@data-kt=\"AddNewHOProvideAddItemsButton\"]"}
RESULT: {"using":"xpath","value":"//button[@data-kt=\"AddNewHOProvideAddItemsButton\"]"}
COMMAND: POST /session/bc0d9ad889a01880a2fb8fbfcb83b9d3/element/f.3A9A75F048712998086FE021ED0A6AC3.d.B75977B27877A34D5DD3E07A6955CBD2.e.4897/click - {}
RESULT: {}
COMMAND: GET /session/bc0d9ad889a01880a2fb8fbfcb83b9d3/screenshot - {}
RESULT: {}
RESULT: undefined
COMMAND: POST /session/bc0d9ad889a01880a2fb8fbfcb83b9d3/element - {"using":"xpath","value":"//*[@id=\"application-managehandovers-display-component---AddNewHO--popup-sa\"]"}
RESULT: {"using":"xpath","value":"//*[@id=\"application-managehandovers-display-component---AddNewHO--popup-sa\"]"}
COMMAND: POST /session/bc0d9ad889a01880a2fb8fbfcb83b9d3/element/f.3A9A75F048712998086FE021ED0A6AC3.d.B75977B27877A34D5DD3E07A6955CBD2.e.4914/click - {}
RESULT: {}
COMMAND: GET /session/bc0d9ad889a01880a2fb8fbfcb83b9d3/screenshot - {}
RESULT: {}
COMMAND: POST /session/bc0d9ad889a01880a2fb8fbfcb83b9d3/element - {"using":"xpath","value":"//*[contains(@id ,\"BDI-content\")][contains(text(), \"Select\")]"}
RESULT: {"using":"xpath","value":"//*[contains(@id ,\"BDI-content\")][contains(text(), \"Select\")]"}
COMMAND: POST /session/bc0d9ad889a01880a2fb8fbfcb83b9d3/element/f.3A9A75F048712998086FE021ED0A6AC3.d.B75977B27877A34D5DD3E07A6955CBD2.e.4915/click - {}
RESULT: {}
COMMAND: GET /session/bc0d9ad889a01880a2fb8fbfcb83b9d3/screenshot - {}
RESULT: {}
COMMAND: POST /session/bc0d9ad889a01880a2fb8fbfcb83b9d3/execute/async - {"script":"<script> [1562 bytes]","args":[{"selector":{"id":"application-managehandovers-display-component---AddNewHO--confirmCreationButton","interaction":{"idSuffix":"BDI-content"}},"wdio_ui5_key":"applicationmanagehandovers-display-component---AddNewHO--confirmCreationButton"}]}
RESULT: {"script":"<script> [1562 bytes]","args":[{"selector":{"id":"application-managehandovers-display-component---AddNewHO--confirmCreationButton","interaction":{"idSuffix":"BDI-content"}},"wdio_ui5_key":"applicationmanagehandovers-display-component---AddNewHO--confirmCreationButton"}]}
RESULT: undefined
COMMAND: POST /session/bc0d9ad889a01880a2fb8fbfcb83b9d3/element - {"using":"xpath","value":"//*[@id=\"application-managehandovers-display-component---AddNewHO--confirmCreationButton\"]"}
RESULT: {"using":"xpath","value":"//*[@id=\"application-managehandovers-display-component---AddNewHO--confirmCreationButton\"]"}
COMMAND: POST /session/bc0d9ad889a01880a2fb8fbfcb83b9d3/element/f.3A9A75F048712998086FE021ED0A6AC3.d.B75977B27877A34D5DD3E07A6955CBD2.e.4703/click - {}
RESULT: {}
COMMAND: GET /session/bc0d9ad889a01880a2fb8fbfcb83b9d3/screenshot - {}
RESULT: {}
COMMAND: POST /session/bc0d9ad889a01880a2fb8fbfcb83b9d3/element - {"using":"xpath","value":"//button[@data-kt=\"PickingTableConfirmAllButton\"]"}
RESULT: {"using":"xpath","value":"//button[@data-kt=\"PickingTableConfirmAllButton\"]"}
COMMAND: POST /session/bc0d9ad889a01880a2fb8fbfcb83b9d3/element/f.3A9A75F048712998086FE021ED0A6AC3.d.B75977B27877A34D5DD3E07A6955CBD2.e.4969/click - {}
RESULT: {}
COMMAND: GET /session/bc0d9ad889a01880a2fb8fbfcb83b9d3/screenshot - {}
RESULT: {}
COMMAND: POST /session/bc0d9ad889a01880a2fb8fbfcb83b9d3/element - {"using":"xpath","value":"//bdi[contains(text(), \"OK\")]"}
RESULT: {"using":"xpath","value":"//bdi[contains(text(), \"OK\")]"}
COMMAND: POST /session/bc0d9ad889a01880a2fb8fbfcb83b9d3/element/f.3A9A75F048712998086FE021ED0A6AC3.d.B75977B27877A34D5DD3E07A6955CBD2.e.4973/click - {}
RESULT: {}
COMMAND: GET /session/bc0d9ad889a01880a2fb8fbfcb83b9d3/screenshot - {}
RESULT: {}
COMMAND: POST /session/bc0d9ad889a01880a2fb8fbfcb83b9d3/element - {"using":"xpath","value":"//bdi[contains(text(), \"Issue\")]"}
RESULT: {"using":"xpath","value":"//bdi[contains(text(), \"Issue\")]"}
COMMAND: POST /session/bc0d9ad889a01880a2fb8fbfcb83b9d3/element/f.3A9A75F048712998086FE021ED0A6AC3.d.B75977B27877A34D5DD3E07A6955CBD2.e.4975/click - {}
RESULT: {}
COMMAND: GET /session/bc0d9ad889a01880a2fb8fbfcb83b9d3/screenshot - {}
RESULT: {}
COMMAND: POST /session/bc0d9ad889a01880a2fb8fbfcb83b9d3/element - {"using":"css selector","value":"#shell-header-logo"}
RESULT: {"using":"css selector","value":"#shell-header-logo"}
COMMAND: POST /session/bc0d9ad889a01880a2fb8fbfcb83b9d3/element/f.3A9A75F048712998086FE021ED0A6AC3.d.B75977B27877A34D5DD3E07A6955CBD2.e.4055/click - {}
RESULT: {}
COMMAND: GET /session/bc0d9ad889a01880a2fb8fbfcb83b9d3/screenshot - {}
RESULT: {}
]]></system-out>
    </testcase>
  </testsuite>
</testsuites>