<?xml version="1.0" encoding="UTF-8"?>
<testsuites tests="49" failures="0" errors="0" skipped="0">
  <testsuite timestamp="2025-04-20T15:07:46" time="1753.146" tests="49" failures="0" errors="0" skipped="0">
    <properties>
      <property name="specId" value="0"/>
      <property name="suiteName" value="Sanity Tests US104253"/>
      <property name="capabilities" value="chrome.135_0_7049_42.windows"/>
      <property name="file" value="file:///D:/a/1/s/test/specs/General/sanity.spec.js"/>
    </properties>
    <testcase classname="chrome.135_0_7049_42.windows.Sanity_Tests_US104253" name="Should open Manage Partners page" time="33.953">
      <system-out><![CDATA[
COMMAND: POST /session/dd75076a0d0abbf86b1f8e9f5dbfafb1/execute/async - {"script":"<script> [1562 bytes]","args":[{"selector":{"controlType":"sap.m.GenericTile","properties":{"header":"Manage Partners"}},"wdio_ui5_key":"sapm.GenericTile{\"header\":\"Manage Partners\"}"}]}
RESULT: {"script":"<script> [1562 bytes]","args":[{"selector":{"controlType":"sap.m.GenericTile","properties":{"header":"Manage Partners"}},"wdio_ui5_key":"sapm.GenericTile{\"header\":\"Manage Partners\"}"}]}
RESULT: undefined
COMMAND: POST /session/dd75076a0d0abbf86b1f8e9f5dbfafb1/element - {"using":"xpath","value":"//*[@id=\"__tile38\"]"}
RESULT: {"using":"xpath","value":"//*[@id=\"__tile38\"]"}
COMMAND: POST /session/dd75076a0d0abbf86b1f8e9f5dbfafb1/element/f.C79F2849F2BDC41B8CB7AE2AD8CB2047.d.844363DE67259892D551ECFD323BF8A0.e.117/click - {}
RESULT: {}
COMMAND: GET /session/dd75076a0d0abbf86b1f8e9f5dbfafb1/screenshot - {}
RESULT: {}
RESULT: undefined
COMMAND: POST /session/dd75076a0d0abbf86b1f8e9f5dbfafb1/element - {"using":"xpath","value":"//*[@id=\"__tile38\"]"}
RESULT: {"using":"xpath","value":"//*[@id=\"__tile38\"]"}
COMMAND: POST /session/dd75076a0d0abbf86b1f8e9f5dbfafb1/element/f.C79F2849F2BDC41B8CB7AE2AD8CB2047.d.844363DE67259892D551ECFD323BF8A0.e.117/click - {}
RESULT: undefined
COMMAND: POST /session/dd75076a0d0abbf86b1f8e9f5dbfafb1/element - {"using":"xpath","value":"//*[@id=\"__tile38\"]"}
RESULT: {"using":"xpath","value":"//*[@id=\"__tile38\"]"}
COMMAND: POST /session/dd75076a0d0abbf86b1f8e9f5dbfafb1/element/f.C79F2849F2BDC41B8CB7AE2AD8CB2047.d.844363DE67259892D551ECFD323BF8A0.e.117/click - {}
COMMAND: POST /session/dd75076a0d0abbf86b1f8e9f5dbfafb1/execute/async - {"script":"<script> [1562 bytes]","args":[{"selector":{"id":"shellAppTitle"},"wdio_ui5_key":"shellAppTitle"}]}
RESULT: {"script":"<script> [1562 bytes]","args":[{"selector":{"id":"shellAppTitle"},"wdio_ui5_key":"shellAppTitle"}]}
RESULT: undefined
COMMAND: POST /session/dd75076a0d0abbf86b1f8e9f5dbfafb1/execute/async - {"script":"<script> [6424 bytes]","args":[{"element-6066-11e4-a52e-4f735466cecf":"f.C79F2849F2BDC41B8CB7AE2AD8CB2047.d.844363DE67259892D551ECFD323BF8A0.e.291"},"getTitle",[]]}
RESULT: {"script":"<script> [6424 bytes]","args":[{"element-6066-11e4-a52e-4f735466cecf":"f.C79F2849F2BDC41B8CB7AE2AD8CB2047.d.844363DE67259892D551ECFD323BF8A0.e.291"},"getTitle",[]]}
COMMAND: POST /session/dd75076a0d0abbf86b1f8e9f5dbfafb1/execute/async - {"script":"<script> [1562 bytes]","args":[{"selector":{"id":"backBtn"},"wdio_ui5_key":"backBtn"}]}
RESULT: {"script":"<script> [1562 bytes]","args":[{"selector":{"id":"backBtn"},"wdio_ui5_key":"backBtn"}]}
RESULT: undefined
COMMAND: POST /session/dd75076a0d0abbf86b1f8e9f5dbfafb1/element - {"using":"xpath","value":"//*[@id=\"backBtn\"]"}
RESULT: {"using":"xpath","value":"//*[@id=\"backBtn\"]"}
COMMAND: POST /session/dd75076a0d0abbf86b1f8e9f5dbfafb1/element/f.C79F2849F2BDC41B8CB7AE2AD8CB2047.d.844363DE67259892D551ECFD323BF8A0.e.292/click - {}
RESULT: {}
COMMAND: GET /session/dd75076a0d0abbf86b1f8e9f5dbfafb1/screenshot - {}
RESULT: {}
]]></system-out>
    </testcase>
    <testcase classname="chrome.135_0_7049_42.windows.Sanity_Tests_US104253" name="Should open Manage Sites page" time="40.962">
      <system-out><![CDATA[
COMMAND: POST /session/dd75076a0d0abbf86b1f8e9f5dbfafb1/execute/async - {"script":"<script> [1562 bytes]","args":[{"selector":{"controlType":"sap.m.GenericTile","properties":{"header":"Manage Sites"}},"wdio_ui5_key":"sapm.GenericTile{\"header\":\"Manage Sites\"}"}]}
RESULT: {"script":"<script> [1562 bytes]","args":[{"selector":{"controlType":"sap.m.GenericTile","properties":{"header":"Manage Sites"}},"wdio_ui5_key":"sapm.GenericTile{\"header\":\"Manage Sites\"}"}]}
RESULT: undefined
COMMAND: POST /session/dd75076a0d0abbf86b1f8e9f5dbfafb1/element - {"using":"xpath","value":"//*[@id=\"__tile40\"]"}
RESULT: {"using":"xpath","value":"//*[@id=\"__tile40\"]"}
COMMAND: POST /session/dd75076a0d0abbf86b1f8e9f5dbfafb1/element/f.C79F2849F2BDC41B8CB7AE2AD8CB2047.d.844363DE67259892D551ECFD323BF8A0.e.296/click - {}
RESULT: {}
COMMAND: GET /session/dd75076a0d0abbf86b1f8e9f5dbfafb1/screenshot - {}
RESULT: {}
RESULT: undefined
COMMAND: POST /session/dd75076a0d0abbf86b1f8e9f5dbfafb1/element - {"using":"xpath","value":"//*[@id=\"__tile40\"]"}
RESULT: {"using":"xpath","value":"//*[@id=\"__tile40\"]"}
COMMAND: POST /session/dd75076a0d0abbf86b1f8e9f5dbfafb1/element/f.C79F2849F2BDC41B8CB7AE2AD8CB2047.d.844363DE67259892D551ECFD323BF8A0.e.296/click - {}
RESULT: undefined
COMMAND: POST /session/dd75076a0d0abbf86b1f8e9f5dbfafb1/element - {"using":"xpath","value":"//*[@id=\"__tile40\"]"}
RESULT: {"using":"xpath","value":"//*[@id=\"__tile40\"]"}
COMMAND: POST /session/dd75076a0d0abbf86b1f8e9f5dbfafb1/element/f.C79F2849F2BDC41B8CB7AE2AD8CB2047.d.844363DE67259892D551ECFD323BF8A0.e.296/click - {}
RESULT: undefined
COMMAND: POST /session/dd75076a0d0abbf86b1f8e9f5dbfafb1/execute/async - {"script":"<script> [6424 bytes]","args":[{"element-6066-11e4-a52e-4f735466cecf":"f.C79F2849F2BDC41B8CB7AE2AD8CB2047.d.844363DE67259892D551ECFD323BF8A0.e.291"},"getTitle",[]]}
COMMAND: POST /session/dd75076a0d0abbf86b1f8e9f5dbfafb1/execute/async - {"script":"<script> [1562 bytes]","args":[{"selector":{"id":"shellAppTitle"},"wdio_ui5_key":"shellAppTitle"}]}
RESULT: {"script":"<script> [1562 bytes]","args":[{"selector":{"id":"shellAppTitle"},"wdio_ui5_key":"shellAppTitle"}]}
COMMAND: POST /session/dd75076a0d0abbf86b1f8e9f5dbfafb1/execute/async - {"script":"<script> [6424 bytes]","args":[{"element-6066-11e4-a52e-4f735466cecf":"f.C79F2849F2BDC41B8CB7AE2AD8CB2047.d.844363DE67259892D551ECFD323BF8A0.e.490"},"getTitle",[]]}
RESULT: {"script":"<script> [6424 bytes]","args":[{"element-6066-11e4-a52e-4f735466cecf":"f.C79F2849F2BDC41B8CB7AE2AD8CB2047.d.844363DE67259892D551ECFD323BF8A0.e.490"},"getTitle",[]]}
RESULT: undefined
COMMAND: POST /session/dd75076a0d0abbf86b1f8e9f5dbfafb1/element/f.C79F2849F2BDC41B8CB7AE2AD8CB2047.d.844363DE67259892D551ECFD323BF8A0.e.292/click - {}
RESULT: {}
COMMAND: GET /session/dd75076a0d0abbf86b1f8e9f5dbfafb1/screenshot - {}
RESULT: {}
]]></system-out>
    </testcase>
    <testcase classname="chrome.135_0_7049_42.windows.Sanity_Tests_US104253" name="Should open Manage Resources page" time="35.926">
      <system-out><![CDATA[
COMMAND: POST /session/dd75076a0d0abbf86b1f8e9f5dbfafb1/execute/async - {"script":"<script> [1562 bytes]","args":[{"selector":{"controlType":"sap.m.GenericTile","properties":{"header":"Manage Resources"}},"wdio_ui5_key":"sapm.GenericTile{\"header\":\"Manage Resources\"}"}]}
RESULT: {"script":"<script> [1562 bytes]","args":[{"selector":{"controlType":"sap.m.GenericTile","properties":{"header":"Manage Resources"}},"wdio_ui5_key":"sapm.GenericTile{\"header\":\"Manage Resources\"}"}]}
RESULT: undefined
COMMAND: POST /session/dd75076a0d0abbf86b1f8e9f5dbfafb1/element - {"using":"xpath","value":"//*[@id=\"__tile39\"]"}
RESULT: {"using":"xpath","value":"//*[@id=\"__tile39\"]"}
COMMAND: POST /session/dd75076a0d0abbf86b1f8e9f5dbfafb1/element/f.C79F2849F2BDC41B8CB7AE2AD8CB2047.d.844363DE67259892D551ECFD323BF8A0.e.492/click - {}
RESULT: {}
COMMAND: GET /session/dd75076a0d0abbf86b1f8e9f5dbfafb1/screenshot - {}
RESULT: {}
RESULT: undefined
COMMAND: POST /session/dd75076a0d0abbf86b1f8e9f5dbfafb1/element - {"using":"xpath","value":"//*[@id=\"__tile39\"]"}
RESULT: {"using":"xpath","value":"//*[@id=\"__tile39\"]"}
COMMAND: POST /session/dd75076a0d0abbf86b1f8e9f5dbfafb1/element/f.C79F2849F2BDC41B8CB7AE2AD8CB2047.d.844363DE67259892D551ECFD323BF8A0.e.492/click - {}
RESULT: undefined
COMMAND: POST /session/dd75076a0d0abbf86b1f8e9f5dbfafb1/element - {"using":"xpath","value":"//*[@id=\"__tile39\"]"}
RESULT: {"using":"xpath","value":"//*[@id=\"__tile39\"]"}
COMMAND: POST /session/dd75076a0d0abbf86b1f8e9f5dbfafb1/element/f.C79F2849F2BDC41B8CB7AE2AD8CB2047.d.844363DE67259892D551ECFD323BF8A0.e.492/click - {}
RESULT: undefined
RESULT: undefined
RESULT: undefined
COMMAND: POST /session/dd75076a0d0abbf86b1f8e9f5dbfafb1/execute/async - {"script":"<script> [6424 bytes]","args":[{"element-6066-11e4-a52e-4f735466cecf":"f.C79F2849F2BDC41B8CB7AE2AD8CB2047.d.844363DE67259892D551ECFD323BF8A0.e.291"},"getTitle",[]]}
COMMAND: POST /session/dd75076a0d0abbf86b1f8e9f5dbfafb1/execute/async - {"script":"<script> [1562 bytes]","args":[{"selector":{"id":"shellAppTitle"},"wdio_ui5_key":"shellAppTitle"}]}
RESULT: {"script":"<script> [1562 bytes]","args":[{"selector":{"id":"shellAppTitle"},"wdio_ui5_key":"shellAppTitle"}]}
COMMAND: POST /session/dd75076a0d0abbf86b1f8e9f5dbfafb1/execute/async - {"script":"<script> [6424 bytes]","args":[{"element-6066-11e4-a52e-4f735466cecf":"f.C79F2849F2BDC41B8CB7AE2AD8CB2047.d.844363DE67259892D551ECFD323BF8A0.e.663"},"getTitle",[]]}
RESULT: {"script":"<script> [6424 bytes]","args":[{"element-6066-11e4-a52e-4f735466cecf":"f.C79F2849F2BDC41B8CB7AE2AD8CB2047.d.844363DE67259892D551ECFD323BF8A0.e.663"},"getTitle",[]]}
RESULT: undefined
COMMAND: POST /session/dd75076a0d0abbf86b1f8e9f5dbfafb1/element/f.C79F2849F2BDC41B8CB7AE2AD8CB2047.d.844363DE67259892D551ECFD323BF8A0.e.292/click - {}
COMMAND: POST /session/dd75076a0d0abbf86b1f8e9f5dbfafb1/element - {"using":"xpath","value":"//*[@id=\"backBtn\"]"}
RESULT: {"using":"xpath","value":"//*[@id=\"backBtn\"]"}
COMMAND: POST /session/dd75076a0d0abbf86b1f8e9f5dbfafb1/element/f.C79F2849F2BDC41B8CB7AE2AD8CB2047.d.844363DE67259892D551ECFD323BF8A0.e.292/click - {}
COMMAND: POST /session/dd75076a0d0abbf86b1f8e9f5dbfafb1/element - {"using":"xpath","value":"//*[@id=\"backBtn\"]"}
RESULT: {"using":"xpath","value":"//*[@id=\"backBtn\"]"}
COMMAND: POST /session/dd75076a0d0abbf86b1f8e9f5dbfafb1/element/f.C79F2849F2BDC41B8CB7AE2AD8CB2047.d.844363DE67259892D551ECFD323BF8A0.e.664/click - {}
RESULT: {}
COMMAND: GET /session/dd75076a0d0abbf86b1f8e9f5dbfafb1/screenshot - {}
RESULT: {}
]]></system-out>
    </testcase>
    <testcase classname="chrome.135_0_7049_42.windows.Sanity_Tests_US104253" name="Should open Manage Catalogs page" time="33.901">
      <system-out><![CDATA[
COMMAND: POST /session/dd75076a0d0abbf86b1f8e9f5dbfafb1/execute/async - {"script":"<script> [1562 bytes]","args":[{"selector":{"controlType":"sap.m.GenericTile","properties":{"header":"Manage Catalogs"}},"wdio_ui5_key":"sapm.GenericTile{\"header\":\"Manage Catalogs\"}"}]}
RESULT: {"script":"<script> [1562 bytes]","args":[{"selector":{"controlType":"sap.m.GenericTile","properties":{"header":"Manage Catalogs"}},"wdio_ui5_key":"sapm.GenericTile{\"header\":\"Manage Catalogs\"}"}]}
RESULT: undefined
COMMAND: POST /session/dd75076a0d0abbf86b1f8e9f5dbfafb1/element - {"using":"xpath","value":"//*[@id=\"__tile37\"]"}
RESULT: {"using":"xpath","value":"//*[@id=\"__tile37\"]"}
COMMAND: POST /session/dd75076a0d0abbf86b1f8e9f5dbfafb1/element/f.C79F2849F2BDC41B8CB7AE2AD8CB2047.d.844363DE67259892D551ECFD323BF8A0.e.666/click - {}
RESULT: {}
COMMAND: GET /session/dd75076a0d0abbf86b1f8e9f5dbfafb1/screenshot - {}
RESULT: {}
RESULT: undefined
COMMAND: POST /session/dd75076a0d0abbf86b1f8e9f5dbfafb1/element - {"using":"xpath","value":"//*[@id=\"__tile37\"]"}
RESULT: {"using":"xpath","value":"//*[@id=\"__tile37\"]"}
COMMAND: POST /session/dd75076a0d0abbf86b1f8e9f5dbfafb1/element/f.C79F2849F2BDC41B8CB7AE2AD8CB2047.d.844363DE67259892D551ECFD323BF8A0.e.666/click - {}
RESULT: undefined
COMMAND: POST /session/dd75076a0d0abbf86b1f8e9f5dbfafb1/element - {"using":"xpath","value":"//*[@id=\"__tile37\"]"}
RESULT: {"using":"xpath","value":"//*[@id=\"__tile37\"]"}
COMMAND: POST /session/dd75076a0d0abbf86b1f8e9f5dbfafb1/element/f.C79F2849F2BDC41B8CB7AE2AD8CB2047.d.844363DE67259892D551ECFD323BF8A0.e.666/click - {}
RESULT: undefined
COMMAND: POST /session/dd75076a0d0abbf86b1f8e9f5dbfafb1/execute/async - {"script":"<script> [6424 bytes]","args":[{"element-6066-11e4-a52e-4f735466cecf":"f.C79F2849F2BDC41B8CB7AE2AD8CB2047.d.844363DE67259892D551ECFD323BF8A0.e.291"},"getTitle",[]]}
COMMAND: POST /session/dd75076a0d0abbf86b1f8e9f5dbfafb1/execute/async - {"script":"<script> [1562 bytes]","args":[{"selector":{"id":"shellAppTitle"},"wdio_ui5_key":"shellAppTitle"}]}
RESULT: {"script":"<script> [1562 bytes]","args":[{"selector":{"id":"shellAppTitle"},"wdio_ui5_key":"shellAppTitle"}]}
COMMAND: POST /session/dd75076a0d0abbf86b1f8e9f5dbfafb1/execute/async - {"script":"<script> [6424 bytes]","args":[{"element-6066-11e4-a52e-4f735466cecf":"f.C79F2849F2BDC41B8CB7AE2AD8CB2047.d.844363DE67259892D551ECFD323BF8A0.e.735"},"getTitle",[]]}
RESULT: {"script":"<script> [6424 bytes]","args":[{"element-6066-11e4-a52e-4f735466cecf":"f.C79F2849F2BDC41B8CB7AE2AD8CB2047.d.844363DE67259892D551ECFD323BF8A0.e.735"},"getTitle",[]]}
RESULT: undefined
COMMAND: POST /session/dd75076a0d0abbf86b1f8e9f5dbfafb1/element/f.C79F2849F2BDC41B8CB7AE2AD8CB2047.d.844363DE67259892D551ECFD323BF8A0.e.664/click - {}
RESULT: {}
COMMAND: GET /session/dd75076a0d0abbf86b1f8e9f5dbfafb1/screenshot - {}
RESULT: {}
]]></system-out>
    </testcase>
    <testcase classname="chrome.135_0_7049_42.windows.Sanity_Tests_US104253" name="Should open Manage Calendars page" time="32.373">
      <system-out><![CDATA[
COMMAND: POST /session/dd75076a0d0abbf86b1f8e9f5dbfafb1/execute/async - {"script":"<script> [1562 bytes]","args":[{"selector":{"controlType":"sap.m.GenericTile","properties":{"header":"Manage Calendars"}},"wdio_ui5_key":"sapm.GenericTile{\"header\":\"Manage Calendars\"}"}]}
RESULT: {"script":"<script> [1562 bytes]","args":[{"selector":{"controlType":"sap.m.GenericTile","properties":{"header":"Manage Calendars"}},"wdio_ui5_key":"sapm.GenericTile{\"header\":\"Manage Calendars\"}"}]}
RESULT: undefined
COMMAND: POST /session/dd75076a0d0abbf86b1f8e9f5dbfafb1/element - {"using":"xpath","value":"//*[@id=\"__tile36\"]"}
RESULT: {"using":"xpath","value":"//*[@id=\"__tile36\"]"}
COMMAND: POST /session/dd75076a0d0abbf86b1f8e9f5dbfafb1/element/f.C79F2849F2BDC41B8CB7AE2AD8CB2047.d.844363DE67259892D551ECFD323BF8A0.e.738/click - {}
RESULT: {}
COMMAND: GET /session/dd75076a0d0abbf86b1f8e9f5dbfafb1/screenshot - {}
RESULT: {}
RESULT: undefined
COMMAND: POST /session/dd75076a0d0abbf86b1f8e9f5dbfafb1/element - {"using":"xpath","value":"//*[@id=\"__tile36\"]"}
RESULT: {"using":"xpath","value":"//*[@id=\"__tile36\"]"}
COMMAND: POST /session/dd75076a0d0abbf86b1f8e9f5dbfafb1/element/f.C79F2849F2BDC41B8CB7AE2AD8CB2047.d.844363DE67259892D551ECFD323BF8A0.e.738/click - {}
RESULT: undefined
COMMAND: POST /session/dd75076a0d0abbf86b1f8e9f5dbfafb1/element - {"using":"xpath","value":"//*[@id=\"__tile36\"]"}
RESULT: {"using":"xpath","value":"//*[@id=\"__tile36\"]"}
COMMAND: POST /session/dd75076a0d0abbf86b1f8e9f5dbfafb1/element/f.C79F2849F2BDC41B8CB7AE2AD8CB2047.d.844363DE67259892D551ECFD323BF8A0.e.738/click - {}
RESULT: undefined
COMMAND: POST /session/dd75076a0d0abbf86b1f8e9f5dbfafb1/execute/async - {"script":"<script> [6424 bytes]","args":[{"element-6066-11e4-a52e-4f735466cecf":"f.C79F2849F2BDC41B8CB7AE2AD8CB2047.d.844363DE67259892D551ECFD323BF8A0.e.291"},"getTitle",[]]}
COMMAND: POST /session/dd75076a0d0abbf86b1f8e9f5dbfafb1/execute/async - {"script":"<script> [1562 bytes]","args":[{"selector":{"id":"shellAppTitle"},"wdio_ui5_key":"shellAppTitle"}]}
RESULT: {"script":"<script> [1562 bytes]","args":[{"selector":{"id":"shellAppTitle"},"wdio_ui5_key":"shellAppTitle"}]}
COMMAND: POST /session/dd75076a0d0abbf86b1f8e9f5dbfafb1/execute/async - {"script":"<script> [6424 bytes]","args":[{"element-6066-11e4-a52e-4f735466cecf":"f.C79F2849F2BDC41B8CB7AE2AD8CB2047.d.844363DE67259892D551ECFD323BF8A0.e.803"},"getTitle",[]]}
RESULT: {"script":"<script> [6424 bytes]","args":[{"element-6066-11e4-a52e-4f735466cecf":"f.C79F2849F2BDC41B8CB7AE2AD8CB2047.d.844363DE67259892D551ECFD323BF8A0.e.803"},"getTitle",[]]}
RESULT: undefined
COMMAND: POST /session/dd75076a0d0abbf86b1f8e9f5dbfafb1/element/f.C79F2849F2BDC41B8CB7AE2AD8CB2047.d.844363DE67259892D551ECFD323BF8A0.e.664/click - {}
COMMAND: POST /session/dd75076a0d0abbf86b1f8e9f5dbfafb1/element - {"using":"xpath","value":"//*[@id=\"backBtn\"]"}
RESULT: {"using":"xpath","value":"//*[@id=\"backBtn\"]"}
COMMAND: POST /session/dd75076a0d0abbf86b1f8e9f5dbfafb1/element/f.C79F2849F2BDC41B8CB7AE2AD8CB2047.d.844363DE67259892D551ECFD323BF8A0.e.664/click - {}
COMMAND: POST /session/dd75076a0d0abbf86b1f8e9f5dbfafb1/element - {"using":"xpath","value":"//*[@id=\"backBtn\"]"}
RESULT: {"using":"xpath","value":"//*[@id=\"backBtn\"]"}
COMMAND: POST /session/dd75076a0d0abbf86b1f8e9f5dbfafb1/element/f.C79F2849F2BDC41B8CB7AE2AD8CB2047.d.844363DE67259892D551ECFD323BF8A0.e.804/click - {}
RESULT: {}
COMMAND: GET /session/dd75076a0d0abbf86b1f8e9f5dbfafb1/screenshot - {}
RESULT: {}
]]></system-out>
    </testcase>
    <testcase classname="chrome.135_0_7049_42.windows.Sanity_Tests_US104253" name="Should open Address Management page" time="35.849">
      <system-out><![CDATA[
COMMAND: POST /session/dd75076a0d0abbf86b1f8e9f5dbfafb1/execute/async - {"script":"<script> [1562 bytes]","args":[{"selector":{"controlType":"sap.m.GenericTile","properties":{"header":"Address Management"}},"wdio_ui5_key":"sapm.GenericTile{\"header\":\"Address Management\"}"}]}
RESULT: {"script":"<script> [1562 bytes]","args":[{"selector":{"controlType":"sap.m.GenericTile","properties":{"header":"Address Management"}},"wdio_ui5_key":"sapm.GenericTile{\"header\":\"Address Management\"}"}]}
RESULT: undefined
COMMAND: POST /session/dd75076a0d0abbf86b1f8e9f5dbfafb1/element - {"using":"xpath","value":"//*[@id=\"__tile33\"]"}
RESULT: {"using":"xpath","value":"//*[@id=\"__tile33\"]"}
COMMAND: POST /session/dd75076a0d0abbf86b1f8e9f5dbfafb1/element/f.C79F2849F2BDC41B8CB7AE2AD8CB2047.d.844363DE67259892D551ECFD323BF8A0.e.806/click - {}
RESULT: {}
COMMAND: GET /session/dd75076a0d0abbf86b1f8e9f5dbfafb1/screenshot - {}
RESULT: {}
RESULT: undefined
COMMAND: POST /session/dd75076a0d0abbf86b1f8e9f5dbfafb1/element - {"using":"xpath","value":"//*[@id=\"__tile33\"]"}
RESULT: {"using":"xpath","value":"//*[@id=\"__tile33\"]"}
COMMAND: POST /session/dd75076a0d0abbf86b1f8e9f5dbfafb1/element/f.C79F2849F2BDC41B8CB7AE2AD8CB2047.d.844363DE67259892D551ECFD323BF8A0.e.806/click - {}
RESULT: undefined
COMMAND: POST /session/dd75076a0d0abbf86b1f8e9f5dbfafb1/element - {"using":"xpath","value":"//*[@id=\"__tile33\"]"}
RESULT: {"using":"xpath","value":"//*[@id=\"__tile33\"]"}
COMMAND: POST /session/dd75076a0d0abbf86b1f8e9f5dbfafb1/element/f.C79F2849F2BDC41B8CB7AE2AD8CB2047.d.844363DE67259892D551ECFD323BF8A0.e.806/click - {}
RESULT: undefined
COMMAND: POST /session/dd75076a0d0abbf86b1f8e9f5dbfafb1/execute/async - {"script":"<script> [6424 bytes]","args":[{"element-6066-11e4-a52e-4f735466cecf":"f.C79F2849F2BDC41B8CB7AE2AD8CB2047.d.844363DE67259892D551ECFD323BF8A0.e.291"},"getTitle",[]]}
COMMAND: POST /session/dd75076a0d0abbf86b1f8e9f5dbfafb1/execute/async - {"script":"<script> [1562 bytes]","args":[{"selector":{"id":"shellAppTitle"},"wdio_ui5_key":"shellAppTitle"}]}
RESULT: {"script":"<script> [1562 bytes]","args":[{"selector":{"id":"shellAppTitle"},"wdio_ui5_key":"shellAppTitle"}]}
COMMAND: POST /session/dd75076a0d0abbf86b1f8e9f5dbfafb1/execute/async - {"script":"<script> [6424 bytes]","args":[{"element-6066-11e4-a52e-4f735466cecf":"f.C79F2849F2BDC41B8CB7AE2AD8CB2047.d.844363DE67259892D551ECFD323BF8A0.e.1002"},"getTitle",[]]}
RESULT: {"script":"<script> [6424 bytes]","args":[{"element-6066-11e4-a52e-4f735466cecf":"f.C79F2849F2BDC41B8CB7AE2AD8CB2047.d.844363DE67259892D551ECFD323BF8A0.e.1002"},"getTitle",[]]}
RESULT: undefined
COMMAND: POST /session/dd75076a0d0abbf86b1f8e9f5dbfafb1/element/f.C79F2849F2BDC41B8CB7AE2AD8CB2047.d.844363DE67259892D551ECFD323BF8A0.e.804/click - {}
RESULT: {}
COMMAND: GET /session/dd75076a0d0abbf86b1f8e9f5dbfafb1/screenshot - {}
RESULT: {}
]]></system-out>
    </testcase>
    <testcase classname="chrome.135_0_7049_42.windows.Sanity_Tests_US104253" name="Should open Bill Of Resources page" time="33">
      <system-out><![CDATA[
COMMAND: POST /session/dd75076a0d0abbf86b1f8e9f5dbfafb1/execute/async - {"script":"<script> [1562 bytes]","args":[{"selector":{"controlType":"sap.m.GenericTile","properties":{"header":"Bill Of Resources"}},"wdio_ui5_key":"sapm.GenericTile{\"header\":\"Bill Of Resources\"}"}]}
RESULT: {"script":"<script> [1562 bytes]","args":[{"selector":{"controlType":"sap.m.GenericTile","properties":{"header":"Bill Of Resources"}},"wdio_ui5_key":"sapm.GenericTile{\"header\":\"Bill Of Resources\"}"}]}
RESULT: undefined
COMMAND: POST /session/dd75076a0d0abbf86b1f8e9f5dbfafb1/element - {"using":"xpath","value":"//*[@id=\"__tile34\"]"}
RESULT: {"using":"xpath","value":"//*[@id=\"__tile34\"]"}
COMMAND: POST /session/dd75076a0d0abbf86b1f8e9f5dbfafb1/element/f.C79F2849F2BDC41B8CB7AE2AD8CB2047.d.844363DE67259892D551ECFD323BF8A0.e.1004/click - {}
RESULT: {}
COMMAND: GET /session/dd75076a0d0abbf86b1f8e9f5dbfafb1/screenshot - {}
RESULT: {}
RESULT: undefined
COMMAND: POST /session/dd75076a0d0abbf86b1f8e9f5dbfafb1/element - {"using":"xpath","value":"//*[@id=\"__tile34\"]"}
RESULT: {"using":"xpath","value":"//*[@id=\"__tile34\"]"}
COMMAND: POST /session/dd75076a0d0abbf86b1f8e9f5dbfafb1/element/f.C79F2849F2BDC41B8CB7AE2AD8CB2047.d.844363DE67259892D551ECFD323BF8A0.e.1004/click - {}
RESULT: undefined
COMMAND: POST /session/dd75076a0d0abbf86b1f8e9f5dbfafb1/element - {"using":"xpath","value":"//*[@id=\"__tile34\"]"}
RESULT: {"using":"xpath","value":"//*[@id=\"__tile34\"]"}
COMMAND: POST /session/dd75076a0d0abbf86b1f8e9f5dbfafb1/element/f.C79F2849F2BDC41B8CB7AE2AD8CB2047.d.844363DE67259892D551ECFD323BF8A0.e.1004/click - {}
RESULT: undefined
COMMAND: POST /session/dd75076a0d0abbf86b1f8e9f5dbfafb1/execute/async - {"script":"<script> [6424 bytes]","args":[{"element-6066-11e4-a52e-4f735466cecf":"f.C79F2849F2BDC41B8CB7AE2AD8CB2047.d.844363DE67259892D551ECFD323BF8A0.e.291"},"getTitle",[]]}
COMMAND: POST /session/dd75076a0d0abbf86b1f8e9f5dbfafb1/execute/async - {"script":"<script> [1562 bytes]","args":[{"selector":{"id":"shellAppTitle"},"wdio_ui5_key":"shellAppTitle"}]}
RESULT: {"script":"<script> [1562 bytes]","args":[{"selector":{"id":"shellAppTitle"},"wdio_ui5_key":"shellAppTitle"}]}
COMMAND: POST /session/dd75076a0d0abbf86b1f8e9f5dbfafb1/execute/async - {"script":"<script> [6424 bytes]","args":[{"element-6066-11e4-a52e-4f735466cecf":"f.C79F2849F2BDC41B8CB7AE2AD8CB2047.d.844363DE67259892D551ECFD323BF8A0.e.1086"},"getTitle",[]]}
RESULT: {"script":"<script> [6424 bytes]","args":[{"element-6066-11e4-a52e-4f735466cecf":"f.C79F2849F2BDC41B8CB7AE2AD8CB2047.d.844363DE67259892D551ECFD323BF8A0.e.1086"},"getTitle",[]]}
RESULT: undefined
COMMAND: POST /session/dd75076a0d0abbf86b1f8e9f5dbfafb1/element/f.C79F2849F2BDC41B8CB7AE2AD8CB2047.d.844363DE67259892D551ECFD323BF8A0.e.804/click - {}
COMMAND: POST /session/dd75076a0d0abbf86b1f8e9f5dbfafb1/element - {"using":"xpath","value":"//*[@id=\"backBtn\"]"}
RESULT: {"using":"xpath","value":"//*[@id=\"backBtn\"]"}
COMMAND: POST /session/dd75076a0d0abbf86b1f8e9f5dbfafb1/element/f.C79F2849F2BDC41B8CB7AE2AD8CB2047.d.844363DE67259892D551ECFD323BF8A0.e.804/click - {}
COMMAND: POST /session/dd75076a0d0abbf86b1f8e9f5dbfafb1/element - {"using":"xpath","value":"//*[@id=\"backBtn\"]"}
RESULT: {"using":"xpath","value":"//*[@id=\"backBtn\"]"}
COMMAND: POST /session/dd75076a0d0abbf86b1f8e9f5dbfafb1/element/f.C79F2849F2BDC41B8CB7AE2AD8CB2047.d.844363DE67259892D551ECFD323BF8A0.e.1087/click - {}
RESULT: {}
COMMAND: GET /session/dd75076a0d0abbf86b1f8e9f5dbfafb1/screenshot - {}
RESULT: {}
]]></system-out>
    </testcase>
    <testcase classname="chrome.135_0_7049_42.windows.Sanity_Tests_US104253" name="Should open Manage Yards page" time="33.934">
      <system-out><![CDATA[
COMMAND: POST /session/dd75076a0d0abbf86b1f8e9f5dbfafb1/execute/async - {"script":"<script> [1562 bytes]","args":[{"selector":{"controlType":"sap.m.GenericTile","properties":{"header":"Manage Yards"}},"wdio_ui5_key":"sapm.GenericTile{\"header\":\"Manage Yards\"}"}]}
RESULT: {"script":"<script> [1562 bytes]","args":[{"selector":{"controlType":"sap.m.GenericTile","properties":{"header":"Manage Yards"}},"wdio_ui5_key":"sapm.GenericTile{\"header\":\"Manage Yards\"}"}]}
RESULT: undefined
COMMAND: POST /session/dd75076a0d0abbf86b1f8e9f5dbfafb1/element - {"using":"xpath","value":"//*[@id=\"__tile41\"]"}
RESULT: {"using":"xpath","value":"//*[@id=\"__tile41\"]"}
COMMAND: POST /session/dd75076a0d0abbf86b1f8e9f5dbfafb1/element/f.C79F2849F2BDC41B8CB7AE2AD8CB2047.d.844363DE67259892D551ECFD323BF8A0.e.1089/click - {}
RESULT: {}
COMMAND: GET /session/dd75076a0d0abbf86b1f8e9f5dbfafb1/screenshot - {}
RESULT: {}
RESULT: undefined
COMMAND: POST /session/dd75076a0d0abbf86b1f8e9f5dbfafb1/element - {"using":"xpath","value":"//*[@id=\"__tile41\"]"}
RESULT: {"using":"xpath","value":"//*[@id=\"__tile41\"]"}
COMMAND: POST /session/dd75076a0d0abbf86b1f8e9f5dbfafb1/element/f.C79F2849F2BDC41B8CB7AE2AD8CB2047.d.844363DE67259892D551ECFD323BF8A0.e.1089/click - {}
RESULT: undefined
COMMAND: POST /session/dd75076a0d0abbf86b1f8e9f5dbfafb1/element - {"using":"xpath","value":"//*[@id=\"__tile41\"]"}
RESULT: {"using":"xpath","value":"//*[@id=\"__tile41\"]"}
COMMAND: POST /session/dd75076a0d0abbf86b1f8e9f5dbfafb1/element/f.C79F2849F2BDC41B8CB7AE2AD8CB2047.d.844363DE67259892D551ECFD323BF8A0.e.1089/click - {}
RESULT: undefined
COMMAND: POST /session/dd75076a0d0abbf86b1f8e9f5dbfafb1/execute/async - {"script":"<script> [6424 bytes]","args":[{"element-6066-11e4-a52e-4f735466cecf":"f.C79F2849F2BDC41B8CB7AE2AD8CB2047.d.844363DE67259892D551ECFD323BF8A0.e.291"},"getTitle",[]]}
COMMAND: POST /session/dd75076a0d0abbf86b1f8e9f5dbfafb1/execute/async - {"script":"<script> [1562 bytes]","args":[{"selector":{"id":"shellAppTitle"},"wdio_ui5_key":"shellAppTitle"}]}
RESULT: {"script":"<script> [1562 bytes]","args":[{"selector":{"id":"shellAppTitle"},"wdio_ui5_key":"shellAppTitle"}]}
COMMAND: POST /session/dd75076a0d0abbf86b1f8e9f5dbfafb1/execute/async - {"script":"<script> [6424 bytes]","args":[{"element-6066-11e4-a52e-4f735466cecf":"f.C79F2849F2BDC41B8CB7AE2AD8CB2047.d.844363DE67259892D551ECFD323BF8A0.e.1266"},"getTitle",[]]}
RESULT: {"script":"<script> [6424 bytes]","args":[{"element-6066-11e4-a52e-4f735466cecf":"f.C79F2849F2BDC41B8CB7AE2AD8CB2047.d.844363DE67259892D551ECFD323BF8A0.e.1266"},"getTitle",[]]}
RESULT: undefined
COMMAND: POST /session/dd75076a0d0abbf86b1f8e9f5dbfafb1/element/f.C79F2849F2BDC41B8CB7AE2AD8CB2047.d.844363DE67259892D551ECFD323BF8A0.e.1087/click - {}
RESULT: {}
COMMAND: GET /session/dd75076a0d0abbf86b1f8e9f5dbfafb1/screenshot - {}
RESULT: {}
]]></system-out>
    </testcase>
    <testcase classname="chrome.135_0_7049_42.windows.Sanity_Tests_US104253" name="Should open Manage Requests page" time="32.42">
      <system-out><![CDATA[
COMMAND: POST /session/dd75076a0d0abbf86b1f8e9f5dbfafb1/execute/async - {"script":"<script> [1562 bytes]","args":[{"selector":{"controlType":"sap.m.GenericTile","properties":{"header":"Manage Requests"}},"wdio_ui5_key":"sapm.GenericTile{\"header\":\"Manage Requests\"}"}]}
RESULT: {"script":"<script> [1562 bytes]","args":[{"selector":{"controlType":"sap.m.GenericTile","properties":{"header":"Manage Requests"}},"wdio_ui5_key":"sapm.GenericTile{\"header\":\"Manage Requests\"}"}]}
RESULT: undefined
COMMAND: POST /session/dd75076a0d0abbf86b1f8e9f5dbfafb1/element - {"using":"xpath","value":"//*[@id=\"__tile47\"]"}
RESULT: {"using":"xpath","value":"//*[@id=\"__tile47\"]"}
COMMAND: POST /session/dd75076a0d0abbf86b1f8e9f5dbfafb1/element/f.C79F2849F2BDC41B8CB7AE2AD8CB2047.d.844363DE67259892D551ECFD323BF8A0.e.1268/click - {}
RESULT: {}
COMMAND: GET /session/dd75076a0d0abbf86b1f8e9f5dbfafb1/screenshot - {}
RESULT: {}
RESULT: undefined
COMMAND: POST /session/dd75076a0d0abbf86b1f8e9f5dbfafb1/element - {"using":"xpath","value":"//*[@id=\"__tile47\"]"}
RESULT: {"using":"xpath","value":"//*[@id=\"__tile47\"]"}
COMMAND: POST /session/dd75076a0d0abbf86b1f8e9f5dbfafb1/element/f.C79F2849F2BDC41B8CB7AE2AD8CB2047.d.844363DE67259892D551ECFD323BF8A0.e.1268/click - {}
RESULT: undefined
COMMAND: POST /session/dd75076a0d0abbf86b1f8e9f5dbfafb1/element - {"using":"xpath","value":"//*[@id=\"__tile47\"]"}
RESULT: {"using":"xpath","value":"//*[@id=\"__tile47\"]"}
COMMAND: POST /session/dd75076a0d0abbf86b1f8e9f5dbfafb1/element/f.C79F2849F2BDC41B8CB7AE2AD8CB2047.d.844363DE67259892D551ECFD323BF8A0.e.1268/click - {}
RESULT: undefined
COMMAND: POST /session/dd75076a0d0abbf86b1f8e9f5dbfafb1/execute/async - {"script":"<script> [6424 bytes]","args":[{"element-6066-11e4-a52e-4f735466cecf":"f.C79F2849F2BDC41B8CB7AE2AD8CB2047.d.844363DE67259892D551ECFD323BF8A0.e.291"},"getTitle",[]]}
COMMAND: POST /session/dd75076a0d0abbf86b1f8e9f5dbfafb1/execute/async - {"script":"<script> [1562 bytes]","args":[{"selector":{"id":"shellAppTitle"},"wdio_ui5_key":"shellAppTitle"}]}
RESULT: {"script":"<script> [1562 bytes]","args":[{"selector":{"id":"shellAppTitle"},"wdio_ui5_key":"shellAppTitle"}]}
COMMAND: POST /session/dd75076a0d0abbf86b1f8e9f5dbfafb1/execute/async - {"script":"<script> [6424 bytes]","args":[{"element-6066-11e4-a52e-4f735466cecf":"f.C79F2849F2BDC41B8CB7AE2AD8CB2047.d.844363DE67259892D551ECFD323BF8A0.e.1364"},"getTitle",[]]}
RESULT: {"script":"<script> [6424 bytes]","args":[{"element-6066-11e4-a52e-4f735466cecf":"f.C79F2849F2BDC41B8CB7AE2AD8CB2047.d.844363DE67259892D551ECFD323BF8A0.e.1364"},"getTitle",[]]}
RESULT: undefined
COMMAND: POST /session/dd75076a0d0abbf86b1f8e9f5dbfafb1/element/f.C79F2849F2BDC41B8CB7AE2AD8CB2047.d.844363DE67259892D551ECFD323BF8A0.e.1087/click - {}
COMMAND: POST /session/dd75076a0d0abbf86b1f8e9f5dbfafb1/element - {"using":"xpath","value":"//*[@id=\"backBtn\"]"}
RESULT: {"using":"xpath","value":"//*[@id=\"backBtn\"]"}
COMMAND: POST /session/dd75076a0d0abbf86b1f8e9f5dbfafb1/element/f.C79F2849F2BDC41B8CB7AE2AD8CB2047.d.844363DE67259892D551ECFD323BF8A0.e.1087/click - {}
COMMAND: POST /session/dd75076a0d0abbf86b1f8e9f5dbfafb1/element - {"using":"xpath","value":"//*[@id=\"backBtn\"]"}
RESULT: {"using":"xpath","value":"//*[@id=\"backBtn\"]"}
COMMAND: POST /session/dd75076a0d0abbf86b1f8e9f5dbfafb1/element/f.C79F2849F2BDC41B8CB7AE2AD8CB2047.d.844363DE67259892D551ECFD323BF8A0.e.1365/click - {}
RESULT: {}
COMMAND: GET /session/dd75076a0d0abbf86b1f8e9f5dbfafb1/screenshot - {}
RESULT: {}
]]></system-out>
    </testcase>
    <testcase classname="chrome.135_0_7049_42.windows.Sanity_Tests_US104253" name="Should open Manage Purchasing page" time="30.78">
      <system-out><![CDATA[
COMMAND: POST /session/dd75076a0d0abbf86b1f8e9f5dbfafb1/execute/async - {"script":"<script> [1562 bytes]","args":[{"selector":{"controlType":"sap.m.GenericTile","properties":{"header":"Manage Purchasing"}},"wdio_ui5_key":"sapm.GenericTile{\"header\":\"Manage Purchasing\"}"}]}
RESULT: {"script":"<script> [1562 bytes]","args":[{"selector":{"controlType":"sap.m.GenericTile","properties":{"header":"Manage Purchasing"}},"wdio_ui5_key":"sapm.GenericTile{\"header\":\"Manage Purchasing\"}"}]}
RESULT: undefined
COMMAND: POST /session/dd75076a0d0abbf86b1f8e9f5dbfafb1/element - {"using":"xpath","value":"//*[@id=\"__tile46\"]"}
RESULT: {"using":"xpath","value":"//*[@id=\"__tile46\"]"}
COMMAND: POST /session/dd75076a0d0abbf86b1f8e9f5dbfafb1/element/f.C79F2849F2BDC41B8CB7AE2AD8CB2047.d.844363DE67259892D551ECFD323BF8A0.e.1368/click - {}
RESULT: {}
COMMAND: GET /session/dd75076a0d0abbf86b1f8e9f5dbfafb1/screenshot - {}
RESULT: {}
RESULT: undefined
COMMAND: POST /session/dd75076a0d0abbf86b1f8e9f5dbfafb1/element - {"using":"xpath","value":"//*[@id=\"__tile46\"]"}
RESULT: {"using":"xpath","value":"//*[@id=\"__tile46\"]"}
COMMAND: POST /session/dd75076a0d0abbf86b1f8e9f5dbfafb1/element/f.C79F2849F2BDC41B8CB7AE2AD8CB2047.d.844363DE67259892D551ECFD323BF8A0.e.1368/click - {}
RESULT: undefined
COMMAND: POST /session/dd75076a0d0abbf86b1f8e9f5dbfafb1/element - {"using":"xpath","value":"//*[@id=\"__tile46\"]"}
RESULT: {"using":"xpath","value":"//*[@id=\"__tile46\"]"}
COMMAND: POST /session/dd75076a0d0abbf86b1f8e9f5dbfafb1/element/f.C79F2849F2BDC41B8CB7AE2AD8CB2047.d.844363DE67259892D551ECFD323BF8A0.e.1368/click - {}
RESULT: undefined
COMMAND: POST /session/dd75076a0d0abbf86b1f8e9f5dbfafb1/execute/async - {"script":"<script> [6424 bytes]","args":[{"element-6066-11e4-a52e-4f735466cecf":"f.C79F2849F2BDC41B8CB7AE2AD8CB2047.d.844363DE67259892D551ECFD323BF8A0.e.291"},"getTitle",[]]}
COMMAND: POST /session/dd75076a0d0abbf86b1f8e9f5dbfafb1/execute/async - {"script":"<script> [1562 bytes]","args":[{"selector":{"id":"shellAppTitle"},"wdio_ui5_key":"shellAppTitle"}]}
RESULT: {"script":"<script> [1562 bytes]","args":[{"selector":{"id":"shellAppTitle"},"wdio_ui5_key":"shellAppTitle"}]}
COMMAND: POST /session/dd75076a0d0abbf86b1f8e9f5dbfafb1/execute/async - {"script":"<script> [6424 bytes]","args":[{"element-6066-11e4-a52e-4f735466cecf":"f.C79F2849F2BDC41B8CB7AE2AD8CB2047.d.844363DE67259892D551ECFD323BF8A0.e.1448"},"getTitle",[]]}
RESULT: {"script":"<script> [6424 bytes]","args":[{"element-6066-11e4-a52e-4f735466cecf":"f.C79F2849F2BDC41B8CB7AE2AD8CB2047.d.844363DE67259892D551ECFD323BF8A0.e.1448"},"getTitle",[]]}
RESULT: undefined
COMMAND: POST /session/dd75076a0d0abbf86b1f8e9f5dbfafb1/element/f.C79F2849F2BDC41B8CB7AE2AD8CB2047.d.844363DE67259892D551ECFD323BF8A0.e.1365/click - {}
RESULT: {}
COMMAND: GET /session/dd75076a0d0abbf86b1f8e9f5dbfafb1/screenshot - {}
RESULT: {}
]]></system-out>
    </testcase>
    <testcase classname="chrome.135_0_7049_42.windows.Sanity_Tests_US104253" name="Should open Planning Board page" time="32.566">
      <system-out><![CDATA[
COMMAND: POST /session/dd75076a0d0abbf86b1f8e9f5dbfafb1/execute/async - {"script":"<script> [1562 bytes]","args":[{"selector":{"controlType":"sap.m.GenericTile","properties":{"header":"Planning Board"}},"wdio_ui5_key":"sapm.GenericTile{\"header\":\"Planning Board\"}"}]}
RESULT: {"script":"<script> [1562 bytes]","args":[{"selector":{"controlType":"sap.m.GenericTile","properties":{"header":"Planning Board"}},"wdio_ui5_key":"sapm.GenericTile{\"header\":\"Planning Board\"}"}]}
RESULT: undefined
COMMAND: POST /session/dd75076a0d0abbf86b1f8e9f5dbfafb1/element - {"using":"xpath","value":"//*[@id=\"__tile131\"]"}
RESULT: {"using":"xpath","value":"//*[@id=\"__tile131\"]"}
COMMAND: POST /session/dd75076a0d0abbf86b1f8e9f5dbfafb1/element/f.C79F2849F2BDC41B8CB7AE2AD8CB2047.d.844363DE67259892D551ECFD323BF8A0.e.1450/click - {}
RESULT: {}
COMMAND: GET /session/dd75076a0d0abbf86b1f8e9f5dbfafb1/screenshot - {}
RESULT: {}
RESULT: undefined
COMMAND: POST /session/dd75076a0d0abbf86b1f8e9f5dbfafb1/element - {"using":"xpath","value":"//*[@id=\"__tile131\"]"}
RESULT: {"using":"xpath","value":"//*[@id=\"__tile131\"]"}
COMMAND: POST /session/dd75076a0d0abbf86b1f8e9f5dbfafb1/element/f.C79F2849F2BDC41B8CB7AE2AD8CB2047.d.844363DE67259892D551ECFD323BF8A0.e.1450/click - {}
RESULT: undefined
COMMAND: POST /session/dd75076a0d0abbf86b1f8e9f5dbfafb1/element - {"using":"xpath","value":"//*[@id=\"__tile131\"]"}
RESULT: {"using":"xpath","value":"//*[@id=\"__tile131\"]"}
COMMAND: POST /session/dd75076a0d0abbf86b1f8e9f5dbfafb1/element/f.C79F2849F2BDC41B8CB7AE2AD8CB2047.d.844363DE67259892D551ECFD323BF8A0.e.1450/click - {}
RESULT: undefined
COMMAND: POST /session/dd75076a0d0abbf86b1f8e9f5dbfafb1/execute/async - {"script":"<script> [6424 bytes]","args":[{"element-6066-11e4-a52e-4f735466cecf":"f.C79F2849F2BDC41B8CB7AE2AD8CB2047.d.844363DE67259892D551ECFD323BF8A0.e.291"},"getTitle",[]]}
COMMAND: POST /session/dd75076a0d0abbf86b1f8e9f5dbfafb1/execute/async - {"script":"<script> [1562 bytes]","args":[{"selector":{"id":"shellAppTitle"},"wdio_ui5_key":"shellAppTitle"}]}
RESULT: {"script":"<script> [1562 bytes]","args":[{"selector":{"id":"shellAppTitle"},"wdio_ui5_key":"shellAppTitle"}]}
COMMAND: POST /session/dd75076a0d0abbf86b1f8e9f5dbfafb1/execute/async - {"script":"<script> [6424 bytes]","args":[{"element-6066-11e4-a52e-4f735466cecf":"f.C79F2849F2BDC41B8CB7AE2AD8CB2047.d.844363DE67259892D551ECFD323BF8A0.e.1501"},"getTitle",[]]}
RESULT: {"script":"<script> [6424 bytes]","args":[{"element-6066-11e4-a52e-4f735466cecf":"f.C79F2849F2BDC41B8CB7AE2AD8CB2047.d.844363DE67259892D551ECFD323BF8A0.e.1501"},"getTitle",[]]}
RESULT: undefined
COMMAND: POST /session/dd75076a0d0abbf86b1f8e9f5dbfafb1/element/f.C79F2849F2BDC41B8CB7AE2AD8CB2047.d.844363DE67259892D551ECFD323BF8A0.e.1365/click - {}
COMMAND: POST /session/dd75076a0d0abbf86b1f8e9f5dbfafb1/element/f.C79F2849F2BDC41B8CB7AE2AD8CB2047.d.844363DE67259892D551ECFD323BF8A0.e.1365/click - {}
COMMAND: POST /session/dd75076a0d0abbf86b1f8e9f5dbfafb1/element - {"using":"xpath","value":"//*[@id=\"backBtn\"]"}
COMMAND: POST /session/dd75076a0d0abbf86b1f8e9f5dbfafb1/element - {"using":"xpath","value":"//*[@id=\"backBtn\"]"}
RESULT: {"using":"xpath","value":"//*[@id=\"backBtn\"]"}
COMMAND: POST /session/dd75076a0d0abbf86b1f8e9f5dbfafb1/element/f.C79F2849F2BDC41B8CB7AE2AD8CB2047.d.844363DE67259892D551ECFD323BF8A0.e.1365/click - {}
RESULT: {"using":"xpath","value":"//*[@id=\"backBtn\"]"}
COMMAND: POST /session/dd75076a0d0abbf86b1f8e9f5dbfafb1/element/f.C79F2849F2BDC41B8CB7AE2AD8CB2047.d.844363DE67259892D551ECFD323BF8A0.e.1365/click - {}
COMMAND: POST /session/dd75076a0d0abbf86b1f8e9f5dbfafb1/element - {"using":"xpath","value":"//*[@id=\"backBtn\"]"}
COMMAND: POST /session/dd75076a0d0abbf86b1f8e9f5dbfafb1/element - {"using":"xpath","value":"//*[@id=\"backBtn\"]"}
RESULT: {"using":"xpath","value":"//*[@id=\"backBtn\"]"}
COMMAND: POST /session/dd75076a0d0abbf86b1f8e9f5dbfafb1/element/f.C79F2849F2BDC41B8CB7AE2AD8CB2047.d.844363DE67259892D551ECFD323BF8A0.e.1502/click - {}
RESULT: {"using":"xpath","value":"//*[@id=\"backBtn\"]"}
COMMAND: POST /session/dd75076a0d0abbf86b1f8e9f5dbfafb1/element/f.C79F2849F2BDC41B8CB7AE2AD8CB2047.d.844363DE67259892D551ECFD323BF8A0.e.1502/click - {}
RESULT: {}
COMMAND: GET /session/dd75076a0d0abbf86b1f8e9f5dbfafb1/screenshot - {}
RESULT: {}
COMMAND: GET /session/dd75076a0d0abbf86b1f8e9f5dbfafb1/screenshot - {}
RESULT: {}
RESULT: {}
]]></system-out>
    </testcase>
    <testcase classname="chrome.135_0_7049_42.windows.Sanity_Tests_US104253" name="Should open Manage Contracts page" time="34.538">
      <system-out><![CDATA[
COMMAND: POST /session/dd75076a0d0abbf86b1f8e9f5dbfafb1/execute/async - {"script":"<script> [1562 bytes]","args":[{"selector":{"controlType":"sap.m.GenericTile","properties":{"header":"Manage Contracts"}},"wdio_ui5_key":"sapm.GenericTile{\"header\":\"Manage Contracts\"}"}]}
RESULT: {"script":"<script> [1562 bytes]","args":[{"selector":{"controlType":"sap.m.GenericTile","properties":{"header":"Manage Contracts"}},"wdio_ui5_key":"sapm.GenericTile{\"header\":\"Manage Contracts\"}"}]}
RESULT: undefined
COMMAND: POST /session/dd75076a0d0abbf86b1f8e9f5dbfafb1/element - {"using":"xpath","value":"//*[@id=\"__tile132\"]"}
RESULT: {"using":"xpath","value":"//*[@id=\"__tile132\"]"}
COMMAND: POST /session/dd75076a0d0abbf86b1f8e9f5dbfafb1/element/f.C79F2849F2BDC41B8CB7AE2AD8CB2047.d.844363DE67259892D551ECFD323BF8A0.e.1504/click - {}
RESULT: {}
COMMAND: GET /session/dd75076a0d0abbf86b1f8e9f5dbfafb1/screenshot - {}
RESULT: {}
RESULT: undefined
COMMAND: POST /session/dd75076a0d0abbf86b1f8e9f5dbfafb1/element - {"using":"xpath","value":"//*[@id=\"__tile132\"]"}
RESULT: {"using":"xpath","value":"//*[@id=\"__tile132\"]"}
COMMAND: POST /session/dd75076a0d0abbf86b1f8e9f5dbfafb1/element/f.C79F2849F2BDC41B8CB7AE2AD8CB2047.d.844363DE67259892D551ECFD323BF8A0.e.1504/click - {}
RESULT: undefined
RESULT: undefined
COMMAND: POST /session/dd75076a0d0abbf86b1f8e9f5dbfafb1/element - {"using":"xpath","value":"//*[@id=\"__tile132\"]"}
RESULT: {"using":"xpath","value":"//*[@id=\"__tile132\"]"}
COMMAND: POST /session/dd75076a0d0abbf86b1f8e9f5dbfafb1/element/f.C79F2849F2BDC41B8CB7AE2AD8CB2047.d.844363DE67259892D551ECFD323BF8A0.e.1504/click - {}
RESULT: undefined
COMMAND: POST /session/dd75076a0d0abbf86b1f8e9f5dbfafb1/execute/async - {"script":"<script> [6424 bytes]","args":[{"element-6066-11e4-a52e-4f735466cecf":"f.C79F2849F2BDC41B8CB7AE2AD8CB2047.d.844363DE67259892D551ECFD323BF8A0.e.291"},"getTitle",[]]}
COMMAND: POST /session/dd75076a0d0abbf86b1f8e9f5dbfafb1/execute/async - {"script":"<script> [1562 bytes]","args":[{"selector":{"id":"shellAppTitle"},"wdio_ui5_key":"shellAppTitle"}]}
RESULT: {"script":"<script> [1562 bytes]","args":[{"selector":{"id":"shellAppTitle"},"wdio_ui5_key":"shellAppTitle"}]}
COMMAND: POST /session/dd75076a0d0abbf86b1f8e9f5dbfafb1/execute/async - {"script":"<script> [6424 bytes]","args":[{"element-6066-11e4-a52e-4f735466cecf":"f.C79F2849F2BDC41B8CB7AE2AD8CB2047.d.844363DE67259892D551ECFD323BF8A0.e.1568"},"getTitle",[]]}
RESULT: {"script":"<script> [6424 bytes]","args":[{"element-6066-11e4-a52e-4f735466cecf":"f.C79F2849F2BDC41B8CB7AE2AD8CB2047.d.844363DE67259892D551ECFD323BF8A0.e.1568"},"getTitle",[]]}
RESULT: undefined
COMMAND: POST /session/dd75076a0d0abbf86b1f8e9f5dbfafb1/element/f.C79F2849F2BDC41B8CB7AE2AD8CB2047.d.844363DE67259892D551ECFD323BF8A0.e.1502/click - {}
RESULT: {}
COMMAND: GET /session/dd75076a0d0abbf86b1f8e9f5dbfafb1/screenshot - {}
RESULT: {}
]]></system-out>
    </testcase>
    <testcase classname="chrome.135_0_7049_42.windows.Sanity_Tests_US104253" name="Should open Manage Quotations page" time="32.426">
      <system-out><![CDATA[
COMMAND: POST /session/dd75076a0d0abbf86b1f8e9f5dbfafb1/execute/async - {"script":"<script> [1562 bytes]","args":[{"selector":{"controlType":"sap.m.GenericTile","properties":{"header":"Manage Quotations"}},"wdio_ui5_key":"sapm.GenericTile{\"header\":\"Manage Quotations\"}"}]}
RESULT: {"script":"<script> [1562 bytes]","args":[{"selector":{"controlType":"sap.m.GenericTile","properties":{"header":"Manage Quotations"}},"wdio_ui5_key":"sapm.GenericTile{\"header\":\"Manage Quotations\"}"}]}
RESULT: undefined
COMMAND: POST /session/dd75076a0d0abbf86b1f8e9f5dbfafb1/element - {"using":"xpath","value":"//*[@id=\"__tile133\"]"}
RESULT: {"using":"xpath","value":"//*[@id=\"__tile133\"]"}
COMMAND: POST /session/dd75076a0d0abbf86b1f8e9f5dbfafb1/element/f.C79F2849F2BDC41B8CB7AE2AD8CB2047.d.844363DE67259892D551ECFD323BF8A0.e.1570/click - {}
RESULT: {}
COMMAND: GET /session/dd75076a0d0abbf86b1f8e9f5dbfafb1/screenshot - {}
RESULT: {}
RESULT: undefined
COMMAND: POST /session/dd75076a0d0abbf86b1f8e9f5dbfafb1/element - {"using":"xpath","value":"//*[@id=\"__tile133\"]"}
RESULT: undefined
RESULT: {"using":"xpath","value":"//*[@id=\"__tile133\"]"}
COMMAND: POST /session/dd75076a0d0abbf86b1f8e9f5dbfafb1/element/f.C79F2849F2BDC41B8CB7AE2AD8CB2047.d.844363DE67259892D551ECFD323BF8A0.e.1570/click - {}
RESULT: undefined
COMMAND: POST /session/dd75076a0d0abbf86b1f8e9f5dbfafb1/element - {"using":"xpath","value":"//*[@id=\"__tile133\"]"}
RESULT: {"using":"xpath","value":"//*[@id=\"__tile133\"]"}
COMMAND: POST /session/dd75076a0d0abbf86b1f8e9f5dbfafb1/element/f.C79F2849F2BDC41B8CB7AE2AD8CB2047.d.844363DE67259892D551ECFD323BF8A0.e.1570/click - {}
RESULT: undefined
COMMAND: POST /session/dd75076a0d0abbf86b1f8e9f5dbfafb1/execute/async - {"script":"<script> [6424 bytes]","args":[{"element-6066-11e4-a52e-4f735466cecf":"f.C79F2849F2BDC41B8CB7AE2AD8CB2047.d.844363DE67259892D551ECFD323BF8A0.e.291"},"getTitle",[]]}
COMMAND: POST /session/dd75076a0d0abbf86b1f8e9f5dbfafb1/execute/async - {"script":"<script> [1562 bytes]","args":[{"selector":{"id":"shellAppTitle"},"wdio_ui5_key":"shellAppTitle"}]}
RESULT: {"script":"<script> [1562 bytes]","args":[{"selector":{"id":"shellAppTitle"},"wdio_ui5_key":"shellAppTitle"}]}
COMMAND: POST /session/dd75076a0d0abbf86b1f8e9f5dbfafb1/execute/async - {"script":"<script> [6424 bytes]","args":[{"element-6066-11e4-a52e-4f735466cecf":"f.C79F2849F2BDC41B8CB7AE2AD8CB2047.d.844363DE67259892D551ECFD323BF8A0.e.1656"},"getTitle",[]]}
RESULT: {"script":"<script> [6424 bytes]","args":[{"element-6066-11e4-a52e-4f735466cecf":"f.C79F2849F2BDC41B8CB7AE2AD8CB2047.d.844363DE67259892D551ECFD323BF8A0.e.1656"},"getTitle",[]]}
RESULT: undefined
COMMAND: POST /session/dd75076a0d0abbf86b1f8e9f5dbfafb1/element/f.C79F2849F2BDC41B8CB7AE2AD8CB2047.d.844363DE67259892D551ECFD323BF8A0.e.1502/click - {}
COMMAND: POST /session/dd75076a0d0abbf86b1f8e9f5dbfafb1/element - {"using":"xpath","value":"//*[@id=\"backBtn\"]"}
RESULT: {"using":"xpath","value":"//*[@id=\"backBtn\"]"}
COMMAND: POST /session/dd75076a0d0abbf86b1f8e9f5dbfafb1/element/f.C79F2849F2BDC41B8CB7AE2AD8CB2047.d.844363DE67259892D551ECFD323BF8A0.e.1502/click - {}
COMMAND: POST /session/dd75076a0d0abbf86b1f8e9f5dbfafb1/element - {"using":"xpath","value":"//*[@id=\"backBtn\"]"}
RESULT: {"using":"xpath","value":"//*[@id=\"backBtn\"]"}
COMMAND: POST /session/dd75076a0d0abbf86b1f8e9f5dbfafb1/element/f.C79F2849F2BDC41B8CB7AE2AD8CB2047.d.844363DE67259892D551ECFD323BF8A0.e.1657/click - {}
RESULT: {}
COMMAND: GET /session/dd75076a0d0abbf86b1f8e9f5dbfafb1/screenshot - {}
RESULT: {}
]]></system-out>
    </testcase>
    <testcase classname="chrome.135_0_7049_42.windows.Sanity_Tests_US104253" name="Should open Manage Handovers page" time="35.523">
      <system-out><![CDATA[
COMMAND: POST /session/dd75076a0d0abbf86b1f8e9f5dbfafb1/execute/async - {"script":"<script> [1562 bytes]","args":[{"selector":{"controlType":"sap.m.GenericTile","properties":{"header":"Manage Handovers"}},"wdio_ui5_key":"sapm.GenericTile{\"header\":\"Manage Handovers\"}"}]}
RESULT: {"script":"<script> [1562 bytes]","args":[{"selector":{"controlType":"sap.m.GenericTile","properties":{"header":"Manage Handovers"}},"wdio_ui5_key":"sapm.GenericTile{\"header\":\"Manage Handovers\"}"}]}
RESULT: undefined
COMMAND: POST /session/dd75076a0d0abbf86b1f8e9f5dbfafb1/element - {"using":"xpath","value":"//*[@id=\"__tile130\"]"}
RESULT: {"using":"xpath","value":"//*[@id=\"__tile130\"]"}
COMMAND: POST /session/dd75076a0d0abbf86b1f8e9f5dbfafb1/element/f.C79F2849F2BDC41B8CB7AE2AD8CB2047.d.844363DE67259892D551ECFD323BF8A0.e.1659/click - {}
RESULT: {}
COMMAND: GET /session/dd75076a0d0abbf86b1f8e9f5dbfafb1/screenshot - {}
RESULT: {}
RESULT: undefined
COMMAND: POST /session/dd75076a0d0abbf86b1f8e9f5dbfafb1/element - {"using":"xpath","value":"//*[@id=\"__tile130\"]"}
RESULT: {"using":"xpath","value":"//*[@id=\"__tile130\"]"}
COMMAND: POST /session/dd75076a0d0abbf86b1f8e9f5dbfafb1/element/f.C79F2849F2BDC41B8CB7AE2AD8CB2047.d.844363DE67259892D551ECFD323BF8A0.e.1659/click - {}
RESULT: undefined
COMMAND: POST /session/dd75076a0d0abbf86b1f8e9f5dbfafb1/element - {"using":"xpath","value":"//*[@id=\"__tile130\"]"}
RESULT: {"using":"xpath","value":"//*[@id=\"__tile130\"]"}
COMMAND: POST /session/dd75076a0d0abbf86b1f8e9f5dbfafb1/element/f.C79F2849F2BDC41B8CB7AE2AD8CB2047.d.844363DE67259892D551ECFD323BF8A0.e.1659/click - {}
RESULT: undefined
COMMAND: POST /session/dd75076a0d0abbf86b1f8e9f5dbfafb1/execute/async - {"script":"<script> [6424 bytes]","args":[{"element-6066-11e4-a52e-4f735466cecf":"f.C79F2849F2BDC41B8CB7AE2AD8CB2047.d.844363DE67259892D551ECFD323BF8A0.e.291"},"getTitle",[]]}
COMMAND: POST /session/dd75076a0d0abbf86b1f8e9f5dbfafb1/execute/async - {"script":"<script> [1562 bytes]","args":[{"selector":{"id":"shellAppTitle"},"wdio_ui5_key":"shellAppTitle"}]}
RESULT: {"script":"<script> [1562 bytes]","args":[{"selector":{"id":"shellAppTitle"},"wdio_ui5_key":"shellAppTitle"}]}
COMMAND: POST /session/dd75076a0d0abbf86b1f8e9f5dbfafb1/execute/async - {"script":"<script> [6424 bytes]","args":[{"element-6066-11e4-a52e-4f735466cecf":"f.C79F2849F2BDC41B8CB7AE2AD8CB2047.d.844363DE67259892D551ECFD323BF8A0.e.1768"},"getTitle",[]]}
RESULT: {"script":"<script> [6424 bytes]","args":[{"element-6066-11e4-a52e-4f735466cecf":"f.C79F2849F2BDC41B8CB7AE2AD8CB2047.d.844363DE67259892D551ECFD323BF8A0.e.1768"},"getTitle",[]]}
RESULT: undefined
COMMAND: POST /session/dd75076a0d0abbf86b1f8e9f5dbfafb1/element/f.C79F2849F2BDC41B8CB7AE2AD8CB2047.d.844363DE67259892D551ECFD323BF8A0.e.1657/click - {}
RESULT: {}
COMMAND: GET /session/dd75076a0d0abbf86b1f8e9f5dbfafb1/screenshot - {}
RESULT: {}
]]></system-out>
    </testcase>
    <testcase classname="chrome.135_0_7049_42.windows.Sanity_Tests_US104253" name="Should open Delivery Monitor page" time="36.659">
      <system-out><![CDATA[
COMMAND: POST /session/dd75076a0d0abbf86b1f8e9f5dbfafb1/execute/async - {"script":"<script> [1562 bytes]","args":[{"selector":{"controlType":"sap.m.GenericTile","properties":{"header":"Delivery Monitor"}},"wdio_ui5_key":"sapm.GenericTile{\"header\":\"Delivery Monitor\"}"}]}
RESULT: {"script":"<script> [1562 bytes]","args":[{"selector":{"controlType":"sap.m.GenericTile","properties":{"header":"Delivery Monitor"}},"wdio_ui5_key":"sapm.GenericTile{\"header\":\"Delivery Monitor\"}"}]}
RESULT: undefined
COMMAND: POST /session/dd75076a0d0abbf86b1f8e9f5dbfafb1/element - {"using":"xpath","value":"//*[@id=\"__tile43\"]"}
RESULT: {"using":"xpath","value":"//*[@id=\"__tile43\"]"}
COMMAND: POST /session/dd75076a0d0abbf86b1f8e9f5dbfafb1/element/f.C79F2849F2BDC41B8CB7AE2AD8CB2047.d.844363DE67259892D551ECFD323BF8A0.e.1770/click - {}
RESULT: {}
COMMAND: GET /session/dd75076a0d0abbf86b1f8e9f5dbfafb1/screenshot - {}
RESULT: {}
RESULT: undefined
COMMAND: POST /session/dd75076a0d0abbf86b1f8e9f5dbfafb1/element - {"using":"xpath","value":"//*[@id=\"__tile43\"]"}
RESULT: {"using":"xpath","value":"//*[@id=\"__tile43\"]"}
COMMAND: POST /session/dd75076a0d0abbf86b1f8e9f5dbfafb1/element/f.C79F2849F2BDC41B8CB7AE2AD8CB2047.d.844363DE67259892D551ECFD323BF8A0.e.1770/click - {}
RESULT: undefined
COMMAND: POST /session/dd75076a0d0abbf86b1f8e9f5dbfafb1/element - {"using":"xpath","value":"//*[@id=\"__tile43\"]"}
RESULT: {"using":"xpath","value":"//*[@id=\"__tile43\"]"}
COMMAND: POST /session/dd75076a0d0abbf86b1f8e9f5dbfafb1/element/f.C79F2849F2BDC41B8CB7AE2AD8CB2047.d.844363DE67259892D551ECFD323BF8A0.e.1770/click - {}
RESULT: undefined
COMMAND: POST /session/dd75076a0d0abbf86b1f8e9f5dbfafb1/execute/async - {"script":"<script> [6424 bytes]","args":[{"element-6066-11e4-a52e-4f735466cecf":"f.C79F2849F2BDC41B8CB7AE2AD8CB2047.d.844363DE67259892D551ECFD323BF8A0.e.291"},"getTitle",[]]}
COMMAND: POST /session/dd75076a0d0abbf86b1f8e9f5dbfafb1/execute/async - {"script":"<script> [1562 bytes]","args":[{"selector":{"id":"shellAppTitle"},"wdio_ui5_key":"shellAppTitle"}]}
RESULT: {"script":"<script> [1562 bytes]","args":[{"selector":{"id":"shellAppTitle"},"wdio_ui5_key":"shellAppTitle"}]}
COMMAND: POST /session/dd75076a0d0abbf86b1f8e9f5dbfafb1/execute/async - {"script":"<script> [6424 bytes]","args":[{"element-6066-11e4-a52e-4f735466cecf":"f.C79F2849F2BDC41B8CB7AE2AD8CB2047.d.844363DE67259892D551ECFD323BF8A0.e.1889"},"getTitle",[]]}
RESULT: {"script":"<script> [6424 bytes]","args":[{"element-6066-11e4-a52e-4f735466cecf":"f.C79F2849F2BDC41B8CB7AE2AD8CB2047.d.844363DE67259892D551ECFD323BF8A0.e.1889"},"getTitle",[]]}
RESULT: undefined
COMMAND: POST /session/dd75076a0d0abbf86b1f8e9f5dbfafb1/element/f.C79F2849F2BDC41B8CB7AE2AD8CB2047.d.844363DE67259892D551ECFD323BF8A0.e.1657/click - {}
COMMAND: POST /session/dd75076a0d0abbf86b1f8e9f5dbfafb1/element - {"using":"xpath","value":"//*[@id=\"backBtn\"]"}
RESULT: {"using":"xpath","value":"//*[@id=\"backBtn\"]"}
COMMAND: POST /session/dd75076a0d0abbf86b1f8e9f5dbfafb1/element/f.C79F2849F2BDC41B8CB7AE2AD8CB2047.d.844363DE67259892D551ECFD323BF8A0.e.1657/click - {}
COMMAND: POST /session/dd75076a0d0abbf86b1f8e9f5dbfafb1/element - {"using":"xpath","value":"//*[@id=\"backBtn\"]"}
RESULT: {"using":"xpath","value":"//*[@id=\"backBtn\"]"}
COMMAND: POST /session/dd75076a0d0abbf86b1f8e9f5dbfafb1/element/f.C79F2849F2BDC41B8CB7AE2AD8CB2047.d.844363DE67259892D551ECFD323BF8A0.e.1890/click - {}
RESULT: {}
COMMAND: GET /session/dd75076a0d0abbf86b1f8e9f5dbfafb1/screenshot - {}
RESULT: {}
]]></system-out>
    </testcase>
    <testcase classname="chrome.135_0_7049_42.windows.Sanity_Tests_US104253" name="Should open Manage Calendar Exceptions page" time="31.556">
      <system-out><![CDATA[
COMMAND: POST /session/dd75076a0d0abbf86b1f8e9f5dbfafb1/execute/async - {"script":"<script> [1562 bytes]","args":[{"selector":{"controlType":"sap.m.GenericTile","properties":{"header":"Manage Calendar Exceptions"}},"wdio_ui5_key":"sapm.GenericTile{\"header\":\"Manage Calendar Exceptions\"}"}]}
RESULT: {"script":"<script> [1562 bytes]","args":[{"selector":{"controlType":"sap.m.GenericTile","properties":{"header":"Manage Calendar Exceptions"}},"wdio_ui5_key":"sapm.GenericTile{\"header\":\"Manage Calendar Exceptions\"}"}]}
RESULT: undefined
COMMAND: POST /session/dd75076a0d0abbf86b1f8e9f5dbfafb1/element - {"using":"xpath","value":"//*[@id=\"__tile52\"]"}
RESULT: {"using":"xpath","value":"//*[@id=\"__tile52\"]"}
COMMAND: POST /session/dd75076a0d0abbf86b1f8e9f5dbfafb1/element/f.C79F2849F2BDC41B8CB7AE2AD8CB2047.d.844363DE67259892D551ECFD323BF8A0.e.1892/click - {}
RESULT: {}
COMMAND: GET /session/dd75076a0d0abbf86b1f8e9f5dbfafb1/screenshot - {}
RESULT: {}
RESULT: undefined
COMMAND: POST /session/dd75076a0d0abbf86b1f8e9f5dbfafb1/element - {"using":"xpath","value":"//*[@id=\"__tile52\"]"}
RESULT: {"using":"xpath","value":"//*[@id=\"__tile52\"]"}
COMMAND: POST /session/dd75076a0d0abbf86b1f8e9f5dbfafb1/element/f.C79F2849F2BDC41B8CB7AE2AD8CB2047.d.844363DE67259892D551ECFD323BF8A0.e.1892/click - {}
RESULT: undefined
COMMAND: POST /session/dd75076a0d0abbf86b1f8e9f5dbfafb1/element - {"using":"xpath","value":"//*[@id=\"__tile52\"]"}
RESULT: {"using":"xpath","value":"//*[@id=\"__tile52\"]"}
COMMAND: POST /session/dd75076a0d0abbf86b1f8e9f5dbfafb1/element/f.C79F2849F2BDC41B8CB7AE2AD8CB2047.d.844363DE67259892D551ECFD323BF8A0.e.1892/click - {}
RESULT: undefined
COMMAND: POST /session/dd75076a0d0abbf86b1f8e9f5dbfafb1/execute/async - {"script":"<script> [6424 bytes]","args":[{"element-6066-11e4-a52e-4f735466cecf":"f.C79F2849F2BDC41B8CB7AE2AD8CB2047.d.844363DE67259892D551ECFD323BF8A0.e.291"},"getTitle",[]]}
COMMAND: POST /session/dd75076a0d0abbf86b1f8e9f5dbfafb1/execute/async - {"script":"<script> [1562 bytes]","args":[{"selector":{"id":"shellAppTitle"},"wdio_ui5_key":"shellAppTitle"}]}
RESULT: {"script":"<script> [1562 bytes]","args":[{"selector":{"id":"shellAppTitle"},"wdio_ui5_key":"shellAppTitle"}]}
COMMAND: POST /session/dd75076a0d0abbf86b1f8e9f5dbfafb1/execute/async - {"script":"<script> [6424 bytes]","args":[{"element-6066-11e4-a52e-4f735466cecf":"f.C79F2849F2BDC41B8CB7AE2AD8CB2047.d.844363DE67259892D551ECFD323BF8A0.e.2014"},"getTitle",[]]}
RESULT: {"script":"<script> [6424 bytes]","args":[{"element-6066-11e4-a52e-4f735466cecf":"f.C79F2849F2BDC41B8CB7AE2AD8CB2047.d.844363DE67259892D551ECFD323BF8A0.e.2014"},"getTitle",[]]}
RESULT: undefined
COMMAND: POST /session/dd75076a0d0abbf86b1f8e9f5dbfafb1/element/f.C79F2849F2BDC41B8CB7AE2AD8CB2047.d.844363DE67259892D551ECFD323BF8A0.e.1890/click - {}
RESULT: {}
COMMAND: GET /session/dd75076a0d0abbf86b1f8e9f5dbfafb1/screenshot - {}
RESULT: {}
]]></system-out>
    </testcase>
    <testcase classname="chrome.135_0_7049_42.windows.Sanity_Tests_US104253" name="Should open Manage States Performance page" time="40.465">
      <system-out><![CDATA[
COMMAND: POST /session/dd75076a0d0abbf86b1f8e9f5dbfafb1/execute/async - {"script":"<script> [1562 bytes]","args":[{"selector":{"controlType":"sap.m.GenericTile","properties":{"header":"Manage States & Performance"}},"wdio_ui5_key":"sapm.GenericTile{\"header\":\"Manage States & Performance\"}"}]}
RESULT: {"script":"<script> [1562 bytes]","args":[{"selector":{"controlType":"sap.m.GenericTile","properties":{"header":"Manage States & Performance"}},"wdio_ui5_key":"sapm.GenericTile{\"header\":\"Manage States & Performance\"}"}]}
RESULT: undefined
COMMAND: POST /session/dd75076a0d0abbf86b1f8e9f5dbfafb1/element - {"using":"xpath","value":"//*[@id=\"__tile56\"]"}
RESULT: {"using":"xpath","value":"//*[@id=\"__tile56\"]"}
COMMAND: POST /session/dd75076a0d0abbf86b1f8e9f5dbfafb1/element/f.C79F2849F2BDC41B8CB7AE2AD8CB2047.d.844363DE67259892D551ECFD323BF8A0.e.2018/click - {}
RESULT: {}
COMMAND: GET /session/dd75076a0d0abbf86b1f8e9f5dbfafb1/screenshot - {}
RESULT: {}
RESULT: undefined
COMMAND: POST /session/dd75076a0d0abbf86b1f8e9f5dbfafb1/element - {"using":"xpath","value":"//*[@id=\"__tile56\"]"}
RESULT: {"using":"xpath","value":"//*[@id=\"__tile56\"]"}
COMMAND: POST /session/dd75076a0d0abbf86b1f8e9f5dbfafb1/element/f.C79F2849F2BDC41B8CB7AE2AD8CB2047.d.844363DE67259892D551ECFD323BF8A0.e.2018/click - {}
RESULT: undefined
COMMAND: POST /session/dd75076a0d0abbf86b1f8e9f5dbfafb1/element - {"using":"xpath","value":"//*[@id=\"__tile56\"]"}
RESULT: {"using":"xpath","value":"//*[@id=\"__tile56\"]"}
COMMAND: POST /session/dd75076a0d0abbf86b1f8e9f5dbfafb1/element/f.C79F2849F2BDC41B8CB7AE2AD8CB2047.d.844363DE67259892D551ECFD323BF8A0.e.2018/click - {}
RESULT: undefined
COMMAND: POST /session/dd75076a0d0abbf86b1f8e9f5dbfafb1/execute/async - {"script":"<script> [6424 bytes]","args":[{"element-6066-11e4-a52e-4f735466cecf":"f.C79F2849F2BDC41B8CB7AE2AD8CB2047.d.844363DE67259892D551ECFD323BF8A0.e.291"},"getTitle",[]]}
COMMAND: POST /session/dd75076a0d0abbf86b1f8e9f5dbfafb1/execute/async - {"script":"<script> [1562 bytes]","args":[{"selector":{"id":"shellAppTitle"},"wdio_ui5_key":"shellAppTitle"}]}
RESULT: {"script":"<script> [1562 bytes]","args":[{"selector":{"id":"shellAppTitle"},"wdio_ui5_key":"shellAppTitle"}]}
COMMAND: POST /session/dd75076a0d0abbf86b1f8e9f5dbfafb1/execute/async - {"script":"<script> [6424 bytes]","args":[{"element-6066-11e4-a52e-4f735466cecf":"f.C79F2849F2BDC41B8CB7AE2AD8CB2047.d.844363DE67259892D551ECFD323BF8A0.e.2119"},"getTitle",[]]}
RESULT: {"script":"<script> [6424 bytes]","args":[{"element-6066-11e4-a52e-4f735466cecf":"f.C79F2849F2BDC41B8CB7AE2AD8CB2047.d.844363DE67259892D551ECFD323BF8A0.e.2119"},"getTitle",[]]}
RESULT: undefined
COMMAND: POST /session/dd75076a0d0abbf86b1f8e9f5dbfafb1/element/f.C79F2849F2BDC41B8CB7AE2AD8CB2047.d.844363DE67259892D551ECFD323BF8A0.e.1890/click - {}
COMMAND: POST /session/dd75076a0d0abbf86b1f8e9f5dbfafb1/element - {"using":"xpath","value":"//*[@id=\"backBtn\"]"}
RESULT: {"using":"xpath","value":"//*[@id=\"backBtn\"]"}
COMMAND: POST /session/dd75076a0d0abbf86b1f8e9f5dbfafb1/element/f.C79F2849F2BDC41B8CB7AE2AD8CB2047.d.844363DE67259892D551ECFD323BF8A0.e.1890/click - {}
COMMAND: POST /session/dd75076a0d0abbf86b1f8e9f5dbfafb1/element - {"using":"xpath","value":"//*[@id=\"backBtn\"]"}
RESULT: {"using":"xpath","value":"//*[@id=\"backBtn\"]"}
COMMAND: POST /session/dd75076a0d0abbf86b1f8e9f5dbfafb1/element/f.C79F2849F2BDC41B8CB7AE2AD8CB2047.d.844363DE67259892D551ECFD323BF8A0.e.2120/click - {}
RESULT: {}
COMMAND: GET /session/dd75076a0d0abbf86b1f8e9f5dbfafb1/screenshot - {}
RESULT: {}
]]></system-out>
    </testcase>
    <testcase classname="chrome.135_0_7049_42.windows.Sanity_Tests_US104253" name="Should open Manage Billings page" time="36.031">
      <system-out><![CDATA[
COMMAND: POST /session/dd75076a0d0abbf86b1f8e9f5dbfafb1/execute/async - {"script":"<script> [1562 bytes]","args":[{"selector":{"controlType":"sap.m.GenericTile","properties":{"header":"Manage Billings"}},"wdio_ui5_key":"sapm.GenericTile{\"header\":\"Manage Billings\"}"}]}
RESULT: {"script":"<script> [1562 bytes]","args":[{"selector":{"controlType":"sap.m.GenericTile","properties":{"header":"Manage Billings"}},"wdio_ui5_key":"sapm.GenericTile{\"header\":\"Manage Billings\"}"}]}
RESULT: undefined
COMMAND: POST /session/dd75076a0d0abbf86b1f8e9f5dbfafb1/element - {"using":"xpath","value":"//*[@id=\"__tile51\"]"}
RESULT: {"using":"xpath","value":"//*[@id=\"__tile51\"]"}
COMMAND: POST /session/dd75076a0d0abbf86b1f8e9f5dbfafb1/element/f.C79F2849F2BDC41B8CB7AE2AD8CB2047.d.844363DE67259892D551ECFD323BF8A0.e.2122/click - {}
RESULT: {}
COMMAND: GET /session/dd75076a0d0abbf86b1f8e9f5dbfafb1/screenshot - {}
RESULT: {}
RESULT: undefined
COMMAND: POST /session/dd75076a0d0abbf86b1f8e9f5dbfafb1/element - {"using":"xpath","value":"//*[@id=\"__tile51\"]"}
RESULT: {"using":"xpath","value":"//*[@id=\"__tile51\"]"}
COMMAND: POST /session/dd75076a0d0abbf86b1f8e9f5dbfafb1/element/f.C79F2849F2BDC41B8CB7AE2AD8CB2047.d.844363DE67259892D551ECFD323BF8A0.e.2122/click - {}
RESULT: undefined
COMMAND: POST /session/dd75076a0d0abbf86b1f8e9f5dbfafb1/element - {"using":"xpath","value":"//*[@id=\"__tile51\"]"}
RESULT: {"using":"xpath","value":"//*[@id=\"__tile51\"]"}
COMMAND: POST /session/dd75076a0d0abbf86b1f8e9f5dbfafb1/element/f.C79F2849F2BDC41B8CB7AE2AD8CB2047.d.844363DE67259892D551ECFD323BF8A0.e.2122/click - {}
RESULT: undefined
COMMAND: POST /session/dd75076a0d0abbf86b1f8e9f5dbfafb1/execute/async - {"script":"<script> [6424 bytes]","args":[{"element-6066-11e4-a52e-4f735466cecf":"f.C79F2849F2BDC41B8CB7AE2AD8CB2047.d.844363DE67259892D551ECFD323BF8A0.e.291"},"getTitle",[]]}
COMMAND: POST /session/dd75076a0d0abbf86b1f8e9f5dbfafb1/execute/async - {"script":"<script> [1562 bytes]","args":[{"selector":{"id":"shellAppTitle"},"wdio_ui5_key":"shellAppTitle"}]}
RESULT: {"script":"<script> [1562 bytes]","args":[{"selector":{"id":"shellAppTitle"},"wdio_ui5_key":"shellAppTitle"}]}
COMMAND: POST /session/dd75076a0d0abbf86b1f8e9f5dbfafb1/execute/async - {"script":"<script> [6424 bytes]","args":[{"element-6066-11e4-a52e-4f735466cecf":"f.C79F2849F2BDC41B8CB7AE2AD8CB2047.d.844363DE67259892D551ECFD323BF8A0.e.2355"},"getTitle",[]]}
RESULT: {"script":"<script> [6424 bytes]","args":[{"element-6066-11e4-a52e-4f735466cecf":"f.C79F2849F2BDC41B8CB7AE2AD8CB2047.d.844363DE67259892D551ECFD323BF8A0.e.2355"},"getTitle",[]]}
RESULT: undefined
COMMAND: POST /session/dd75076a0d0abbf86b1f8e9f5dbfafb1/element/f.C79F2849F2BDC41B8CB7AE2AD8CB2047.d.844363DE67259892D551ECFD323BF8A0.e.2120/click - {}
COMMAND: POST /session/dd75076a0d0abbf86b1f8e9f5dbfafb1/element/f.C79F2849F2BDC41B8CB7AE2AD8CB2047.d.844363DE67259892D551ECFD323BF8A0.e.2120/click - {}
RESULT: {}
COMMAND: GET /session/dd75076a0d0abbf86b1f8e9f5dbfafb1/screenshot - {}
COMMAND: POST /session/dd75076a0d0abbf86b1f8e9f5dbfafb1/element - {"using":"xpath","value":"//*[@id=\"backBtn\"]"}
RESULT: {}
RESULT: {"using":"xpath","value":"//*[@id=\"backBtn\"]"}
COMMAND: POST /session/dd75076a0d0abbf86b1f8e9f5dbfafb1/elements - {"using":"xpath","value":"//*[@id=\"backBtn\"]"}
RESULT: {"using":"xpath","value":"//*[@id=\"backBtn\"]"}
COMMAND: POST /session/dd75076a0d0abbf86b1f8e9f5dbfafb1/elements - {"using":"xpath","value":"//*[@id=\"backBtn\"]"}
RESULT: {"using":"xpath","value":"//*[@id=\"backBtn\"]"}
COMMAND: POST /session/dd75076a0d0abbf86b1f8e9f5dbfafb1/elements - {"using":"xpath","value":"//*[@id=\"backBtn\"]"}
RESULT: {"using":"xpath","value":"//*[@id=\"backBtn\"]"}
COMMAND: POST /session/dd75076a0d0abbf86b1f8e9f5dbfafb1/elements - {"using":"xpath","value":"//*[@id=\"backBtn\"]"}
RESULT: {"using":"xpath","value":"//*[@id=\"backBtn\"]"}
COMMAND: POST /session/dd75076a0d0abbf86b1f8e9f5dbfafb1/elements - {"using":"xpath","value":"//*[@id=\"backBtn\"]"}
RESULT: {"using":"xpath","value":"//*[@id=\"backBtn\"]"}
COMMAND: POST /session/dd75076a0d0abbf86b1f8e9f5dbfafb1/elements - {"using":"xpath","value":"//*[@id=\"backBtn\"]"}
RESULT: {"using":"xpath","value":"//*[@id=\"backBtn\"]"}
COMMAND: POST /session/dd75076a0d0abbf86b1f8e9f5dbfafb1/elements - {"using":"xpath","value":"//*[@id=\"backBtn\"]"}
RESULT: {"using":"xpath","value":"//*[@id=\"backBtn\"]"}
COMMAND: POST /session/dd75076a0d0abbf86b1f8e9f5dbfafb1/elements - {"using":"xpath","value":"//*[@id=\"backBtn\"]"}
RESULT: {"using":"xpath","value":"//*[@id=\"backBtn\"]"}
COMMAND: POST /session/dd75076a0d0abbf86b1f8e9f5dbfafb1/elements - {"using":"xpath","value":"//*[@id=\"backBtn\"]"}
RESULT: {"using":"xpath","value":"//*[@id=\"backBtn\"]"}
COMMAND: POST /session/dd75076a0d0abbf86b1f8e9f5dbfafb1/elements - {"using":"xpath","value":"//*[@id=\"backBtn\"]"}
RESULT: {"using":"xpath","value":"//*[@id=\"backBtn\"]"}
COMMAND: POST /session/dd75076a0d0abbf86b1f8e9f5dbfafb1/elements - {"using":"xpath","value":"//*[@id=\"backBtn\"]"}
RESULT: {"using":"xpath","value":"//*[@id=\"backBtn\"]"}
COMMAND: POST /session/dd75076a0d0abbf86b1f8e9f5dbfafb1/elements - {"using":"xpath","value":"//*[@id=\"backBtn\"]"}
RESULT: {"using":"xpath","value":"//*[@id=\"backBtn\"]"}
COMMAND: POST /session/dd75076a0d0abbf86b1f8e9f5dbfafb1/elements - {"using":"xpath","value":"//*[@id=\"backBtn\"]"}
RESULT: {"using":"xpath","value":"//*[@id=\"backBtn\"]"}
COMMAND: POST /session/dd75076a0d0abbf86b1f8e9f5dbfafb1/elements - {"using":"xpath","value":"//*[@id=\"backBtn\"]"}
RESULT: {"using":"xpath","value":"//*[@id=\"backBtn\"]"}
COMMAND: POST /session/dd75076a0d0abbf86b1f8e9f5dbfafb1/elements - {"using":"xpath","value":"//*[@id=\"backBtn\"]"}
RESULT: {"using":"xpath","value":"//*[@id=\"backBtn\"]"}
COMMAND: POST /session/dd75076a0d0abbf86b1f8e9f5dbfafb1/elements - {"using":"xpath","value":"//*[@id=\"backBtn\"]"}
RESULT: {"using":"xpath","value":"//*[@id=\"backBtn\"]"}
COMMAND: POST /session/dd75076a0d0abbf86b1f8e9f5dbfafb1/elements - {"using":"xpath","value":"//*[@id=\"backBtn\"]"}
RESULT: {"using":"xpath","value":"//*[@id=\"backBtn\"]"}
]]></system-out>
    </testcase>
    <testcase classname="chrome.135_0_7049_42.windows.Sanity_Tests_US104253" name="Should open Manage Conditions Prices page" time="55.936">
      <system-out><![CDATA[
COMMAND: POST /session/dd75076a0d0abbf86b1f8e9f5dbfafb1/execute/async - {"script":"<script> [1562 bytes]","args":[{"selector":{"controlType":"sap.m.GenericTile","properties":{"header":"Manage Conditions & Prices"}},"wdio_ui5_key":"sapm.GenericTile{\"header\":\"Manage Conditions & Prices\"}"}]}
COMMAND: POST /session/dd75076a0d0abbf86b1f8e9f5dbfafb1/elements - {"using":"xpath","value":"//*[@id=\"backBtn\"]"}
RESULT: {"script":"<script> [1562 bytes]","args":[{"selector":{"controlType":"sap.m.GenericTile","properties":{"header":"Manage Conditions & Prices"}},"wdio_ui5_key":"sapm.GenericTile{\"header\":\"Manage Conditions & Prices\"}"}]}
RESULT: undefined
COMMAND: POST /session/dd75076a0d0abbf86b1f8e9f5dbfafb1/element - {"using":"xpath","value":"//*[@id=\"__tile53\"]"}
RESULT: {"using":"xpath","value":"//*[@id=\"backBtn\"]"}
RESULT: {"using":"xpath","value":"//*[@id=\"__tile53\"]"}
COMMAND: POST /session/dd75076a0d0abbf86b1f8e9f5dbfafb1/element/f.C79F2849F2BDC41B8CB7AE2AD8CB2047.d.844363DE67259892D551ECFD323BF8A0.e.2357/click - {}
COMMAND: POST /session/dd75076a0d0abbf86b1f8e9f5dbfafb1/elements - {"using":"xpath","value":"//*[@id=\"backBtn\"]"}
RESULT: {}
COMMAND: GET /session/dd75076a0d0abbf86b1f8e9f5dbfafb1/screenshot - {}
RESULT: {"using":"xpath","value":"//*[@id=\"backBtn\"]"}
RESULT: {}
COMMAND: POST /session/dd75076a0d0abbf86b1f8e9f5dbfafb1/elements - {"using":"xpath","value":"//*[@id=\"backBtn\"]"}
RESULT: {"using":"xpath","value":"//*[@id=\"backBtn\"]"}
COMMAND: POST /session/dd75076a0d0abbf86b1f8e9f5dbfafb1/elements - {"using":"xpath","value":"//*[@id=\"backBtn\"]"}
RESULT: {"using":"xpath","value":"//*[@id=\"backBtn\"]"}
COMMAND: POST /session/dd75076a0d0abbf86b1f8e9f5dbfafb1/elements - {"using":"xpath","value":"//*[@id=\"backBtn\"]"}
RESULT: undefined
COMMAND: POST /session/dd75076a0d0abbf86b1f8e9f5dbfafb1/element - {"using":"xpath","value":"//*[@id=\"__tile53\"]"}
RESULT: {"using":"xpath","value":"//*[@id=\"backBtn\"]"}
COMMAND: POST /session/dd75076a0d0abbf86b1f8e9f5dbfafb1/element - {"using":"xpath","value":"//*[@id=\"backBtn\"]"}
RESULT: {"using":"xpath","value":"//*[@id=\"__tile53\"]"}
COMMAND: POST /session/dd75076a0d0abbf86b1f8e9f5dbfafb1/element/f.C79F2849F2BDC41B8CB7AE2AD8CB2047.d.844363DE67259892D551ECFD323BF8A0.e.2357/click - {}
RESULT: {"using":"xpath","value":"//*[@id=\"backBtn\"]"}
COMMAND: POST /session/dd75076a0d0abbf86b1f8e9f5dbfafb1/element/f.C79F2849F2BDC41B8CB7AE2AD8CB2047.d.844363DE67259892D551ECFD323BF8A0.e.2120/click - {}
COMMAND: POST /session/dd75076a0d0abbf86b1f8e9f5dbfafb1/element - {"using":"xpath","value":"//*[@id=\"backBtn\"]"}
RESULT: {"using":"xpath","value":"//*[@id=\"backBtn\"]"}
COMMAND: POST /session/dd75076a0d0abbf86b1f8e9f5dbfafb1/element/f.C79F2849F2BDC41B8CB7AE2AD8CB2047.d.844363DE67259892D551ECFD323BF8A0.e.2362/click - {}
RESULT: {}
COMMAND: GET /session/dd75076a0d0abbf86b1f8e9f5dbfafb1/screenshot - {}
RESULT: {}
RESULT: undefined
COMMAND: POST /session/dd75076a0d0abbf86b1f8e9f5dbfafb1/element - {"using":"xpath","value":"//*[@id=\"__tile53\"]"}
COMMAND: GET /session/dd75076a0d0abbf86b1f8e9f5dbfafb1/screenshot - {}
RESULT: {}
RESULT: {"using":"xpath","value":"//*[@id=\"__tile53\"]"}
COMMAND: POST /session/dd75076a0d0abbf86b1f8e9f5dbfafb1/element/f.C79F2849F2BDC41B8CB7AE2AD8CB2047.d.844363DE67259892D551ECFD323BF8A0.e.2357/click - {}
RESULT: {}
RESULT: undefined
COMMAND: POST /session/dd75076a0d0abbf86b1f8e9f5dbfafb1/execute/async - {"script":"<script> [6424 bytes]","args":[{"element-6066-11e4-a52e-4f735466cecf":"f.C79F2849F2BDC41B8CB7AE2AD8CB2047.d.844363DE67259892D551ECFD323BF8A0.e.291"},"getTitle",[]]}
COMMAND: POST /session/dd75076a0d0abbf86b1f8e9f5dbfafb1/execute/async - {"script":"<script> [1562 bytes]","args":[{"selector":{"id":"shellAppTitle"},"wdio_ui5_key":"shellAppTitle"}]}
RESULT: {"script":"<script> [1562 bytes]","args":[{"selector":{"id":"shellAppTitle"},"wdio_ui5_key":"shellAppTitle"}]}
COMMAND: POST /session/dd75076a0d0abbf86b1f8e9f5dbfafb1/execute/async - {"script":"<script> [6424 bytes]","args":[{"element-6066-11e4-a52e-4f735466cecf":"f.C79F2849F2BDC41B8CB7AE2AD8CB2047.d.844363DE67259892D551ECFD323BF8A0.e.2721"},"getTitle",[]]}
RESULT: {"script":"<script> [6424 bytes]","args":[{"element-6066-11e4-a52e-4f735466cecf":"f.C79F2849F2BDC41B8CB7AE2AD8CB2047.d.844363DE67259892D551ECFD323BF8A0.e.2721"},"getTitle",[]]}
RESULT: undefined
COMMAND: POST /session/dd75076a0d0abbf86b1f8e9f5dbfafb1/element/f.C79F2849F2BDC41B8CB7AE2AD8CB2047.d.844363DE67259892D551ECFD323BF8A0.e.2362/click - {}
RESULT: {}
COMMAND: GET /session/dd75076a0d0abbf86b1f8e9f5dbfafb1/screenshot - {}
RESULT: {}
]]></system-out>
    </testcase>
    <testcase classname="chrome.135_0_7049_42.windows.Sanity_Tests_US104253" name="Should open Billing Transfer page" time="33.777">
      <system-out><![CDATA[
COMMAND: POST /session/dd75076a0d0abbf86b1f8e9f5dbfafb1/execute/async - {"script":"<script> [1562 bytes]","args":[{"selector":{"controlType":"sap.m.GenericTile","properties":{"header":"Billing Transfer"}},"wdio_ui5_key":"sapm.GenericTile{\"header\":\"Billing Transfer\"}"}]}
RESULT: {"script":"<script> [1562 bytes]","args":[{"selector":{"controlType":"sap.m.GenericTile","properties":{"header":"Billing Transfer"}},"wdio_ui5_key":"sapm.GenericTile{\"header\":\"Billing Transfer\"}"}]}
RESULT: undefined
COMMAND: POST /session/dd75076a0d0abbf86b1f8e9f5dbfafb1/element - {"using":"xpath","value":"//*[@id=\"__tile50\"]"}
RESULT: {"using":"xpath","value":"//*[@id=\"__tile50\"]"}
COMMAND: POST /session/dd75076a0d0abbf86b1f8e9f5dbfafb1/element/f.C79F2849F2BDC41B8CB7AE2AD8CB2047.d.844363DE67259892D551ECFD323BF8A0.e.2723/click - {}
RESULT: {}
COMMAND: GET /session/dd75076a0d0abbf86b1f8e9f5dbfafb1/screenshot - {}
RESULT: {}
RESULT: undefined
COMMAND: POST /session/dd75076a0d0abbf86b1f8e9f5dbfafb1/element - {"using":"xpath","value":"//*[@id=\"__tile50\"]"}
RESULT: {"using":"xpath","value":"//*[@id=\"__tile50\"]"}
COMMAND: POST /session/dd75076a0d0abbf86b1f8e9f5dbfafb1/element/f.C79F2849F2BDC41B8CB7AE2AD8CB2047.d.844363DE67259892D551ECFD323BF8A0.e.2723/click - {}
RESULT: undefined
COMMAND: POST /session/dd75076a0d0abbf86b1f8e9f5dbfafb1/element - {"using":"xpath","value":"//*[@id=\"__tile50\"]"}
RESULT: {"using":"xpath","value":"//*[@id=\"__tile50\"]"}
COMMAND: POST /session/dd75076a0d0abbf86b1f8e9f5dbfafb1/element/f.C79F2849F2BDC41B8CB7AE2AD8CB2047.d.844363DE67259892D551ECFD323BF8A0.e.2723/click - {}
RESULT: undefined
COMMAND: POST /session/dd75076a0d0abbf86b1f8e9f5dbfafb1/execute/async - {"script":"<script> [6424 bytes]","args":[{"element-6066-11e4-a52e-4f735466cecf":"f.C79F2849F2BDC41B8CB7AE2AD8CB2047.d.844363DE67259892D551ECFD323BF8A0.e.291"},"getTitle",[]]}
COMMAND: POST /session/dd75076a0d0abbf86b1f8e9f5dbfafb1/execute/async - {"script":"<script> [1562 bytes]","args":[{"selector":{"id":"shellAppTitle"},"wdio_ui5_key":"shellAppTitle"}]}
RESULT: {"script":"<script> [1562 bytes]","args":[{"selector":{"id":"shellAppTitle"},"wdio_ui5_key":"shellAppTitle"}]}
COMMAND: POST /session/dd75076a0d0abbf86b1f8e9f5dbfafb1/execute/async - {"script":"<script> [6424 bytes]","args":[{"element-6066-11e4-a52e-4f735466cecf":"f.C79F2849F2BDC41B8CB7AE2AD8CB2047.d.844363DE67259892D551ECFD323BF8A0.e.2860"},"getTitle",[]]}
RESULT: {"script":"<script> [6424 bytes]","args":[{"element-6066-11e4-a52e-4f735466cecf":"f.C79F2849F2BDC41B8CB7AE2AD8CB2047.d.844363DE67259892D551ECFD323BF8A0.e.2860"},"getTitle",[]]}
RESULT: undefined
COMMAND: POST /session/dd75076a0d0abbf86b1f8e9f5dbfafb1/element/f.C79F2849F2BDC41B8CB7AE2AD8CB2047.d.844363DE67259892D551ECFD323BF8A0.e.2362/click - {}
COMMAND: POST /session/dd75076a0d0abbf86b1f8e9f5dbfafb1/element - {"using":"xpath","value":"//*[@id=\"backBtn\"]"}
RESULT: {"using":"xpath","value":"//*[@id=\"backBtn\"]"}
COMMAND: POST /session/dd75076a0d0abbf86b1f8e9f5dbfafb1/element/f.C79F2849F2BDC41B8CB7AE2AD8CB2047.d.844363DE67259892D551ECFD323BF8A0.e.2362/click - {}
COMMAND: POST /session/dd75076a0d0abbf86b1f8e9f5dbfafb1/element - {"using":"xpath","value":"//*[@id=\"backBtn\"]"}
RESULT: {"using":"xpath","value":"//*[@id=\"backBtn\"]"}
COMMAND: POST /session/dd75076a0d0abbf86b1f8e9f5dbfafb1/element/f.C79F2849F2BDC41B8CB7AE2AD8CB2047.d.844363DE67259892D551ECFD323BF8A0.e.2861/click - {}
RESULT: {}
COMMAND: GET /session/dd75076a0d0abbf86b1f8e9f5dbfafb1/screenshot - {}
RESULT: {}
]]></system-out>
    </testcase>
    <testcase classname="chrome.135_0_7049_42.windows.Sanity_Tests_US104253" name="Should open Manage Pricing Rules page" time="33.35">
      <system-out><![CDATA[
COMMAND: POST /session/dd75076a0d0abbf86b1f8e9f5dbfafb1/execute/async - {"script":"<script> [1562 bytes]","args":[{"selector":{"controlType":"sap.m.GenericTile","properties":{"header":"Manage Pricing Rules"}},"wdio_ui5_key":"sapm.GenericTile{\"header\":\"Manage Pricing Rules\"}"}]}
RESULT: {"script":"<script> [1562 bytes]","args":[{"selector":{"controlType":"sap.m.GenericTile","properties":{"header":"Manage Pricing Rules"}},"wdio_ui5_key":"sapm.GenericTile{\"header\":\"Manage Pricing Rules\"}"}]}
RESULT: undefined
COMMAND: POST /session/dd75076a0d0abbf86b1f8e9f5dbfafb1/element - {"using":"xpath","value":"//*[@id=\"__tile55\"]"}
RESULT: {"using":"xpath","value":"//*[@id=\"__tile55\"]"}
COMMAND: POST /session/dd75076a0d0abbf86b1f8e9f5dbfafb1/element/f.C79F2849F2BDC41B8CB7AE2AD8CB2047.d.844363DE67259892D551ECFD323BF8A0.e.2863/click - {}
RESULT: {}
COMMAND: GET /session/dd75076a0d0abbf86b1f8e9f5dbfafb1/screenshot - {}
RESULT: {}
RESULT: undefined
COMMAND: POST /session/dd75076a0d0abbf86b1f8e9f5dbfafb1/element - {"using":"xpath","value":"//*[@id=\"__tile55\"]"}
RESULT: {"using":"xpath","value":"//*[@id=\"__tile55\"]"}
COMMAND: POST /session/dd75076a0d0abbf86b1f8e9f5dbfafb1/element/f.C79F2849F2BDC41B8CB7AE2AD8CB2047.d.844363DE67259892D551ECFD323BF8A0.e.2863/click - {}
RESULT: undefined
COMMAND: POST /session/dd75076a0d0abbf86b1f8e9f5dbfafb1/element - {"using":"xpath","value":"//*[@id=\"__tile55\"]"}
RESULT: {"using":"xpath","value":"//*[@id=\"__tile55\"]"}
COMMAND: POST /session/dd75076a0d0abbf86b1f8e9f5dbfafb1/element/f.C79F2849F2BDC41B8CB7AE2AD8CB2047.d.844363DE67259892D551ECFD323BF8A0.e.2863/click - {}
RESULT: undefined
COMMAND: POST /session/dd75076a0d0abbf86b1f8e9f5dbfafb1/execute/async - {"script":"<script> [6424 bytes]","args":[{"element-6066-11e4-a52e-4f735466cecf":"f.C79F2849F2BDC41B8CB7AE2AD8CB2047.d.844363DE67259892D551ECFD323BF8A0.e.291"},"getTitle",[]]}
COMMAND: POST /session/dd75076a0d0abbf86b1f8e9f5dbfafb1/execute/async - {"script":"<script> [1562 bytes]","args":[{"selector":{"id":"shellAppTitle"},"wdio_ui5_key":"shellAppTitle"}]}
RESULT: {"script":"<script> [1562 bytes]","args":[{"selector":{"id":"shellAppTitle"},"wdio_ui5_key":"shellAppTitle"}]}
COMMAND: POST /session/dd75076a0d0abbf86b1f8e9f5dbfafb1/execute/async - {"script":"<script> [6424 bytes]","args":[{"element-6066-11e4-a52e-4f735466cecf":"f.C79F2849F2BDC41B8CB7AE2AD8CB2047.d.844363DE67259892D551ECFD323BF8A0.e.2910"},"getTitle",[]]}
RESULT: {"script":"<script> [6424 bytes]","args":[{"element-6066-11e4-a52e-4f735466cecf":"f.C79F2849F2BDC41B8CB7AE2AD8CB2047.d.844363DE67259892D551ECFD323BF8A0.e.2910"},"getTitle",[]]}
RESULT: undefined
COMMAND: POST /session/dd75076a0d0abbf86b1f8e9f5dbfafb1/element/f.C79F2849F2BDC41B8CB7AE2AD8CB2047.d.844363DE67259892D551ECFD323BF8A0.e.2861/click - {}
RESULT: {}
COMMAND: GET /session/dd75076a0d0abbf86b1f8e9f5dbfafb1/screenshot - {}
RESULT: {}
]]></system-out>
    </testcase>
    <testcase classname="chrome.135_0_7049_42.windows.Sanity_Tests_US104253" name="Should open Manage Price Determination Matrices page" time="32.401">
      <system-out><![CDATA[
COMMAND: POST /session/dd75076a0d0abbf86b1f8e9f5dbfafb1/execute/async - {"script":"<script> [1562 bytes]","args":[{"selector":{"controlType":"sap.m.GenericTile","properties":{"header":"Manage Price Determination Matrices"}},"wdio_ui5_key":"sapm.GenericTile{\"header\":\"Manage Price Determination Matrices\"}"}]}
RESULT: {"script":"<script> [1562 bytes]","args":[{"selector":{"controlType":"sap.m.GenericTile","properties":{"header":"Manage Price Determination Matrices"}},"wdio_ui5_key":"sapm.GenericTile{\"header\":\"Manage Price Determination Matrices\"}"}]}
RESULT: undefined
COMMAND: POST /session/dd75076a0d0abbf86b1f8e9f5dbfafb1/element - {"using":"xpath","value":"//*[@id=\"__tile54\"]"}
RESULT: {"using":"xpath","value":"//*[@id=\"__tile54\"]"}
COMMAND: POST /session/dd75076a0d0abbf86b1f8e9f5dbfafb1/element/f.C79F2849F2BDC41B8CB7AE2AD8CB2047.d.844363DE67259892D551ECFD323BF8A0.e.2912/click - {}
RESULT: {}
COMMAND: GET /session/dd75076a0d0abbf86b1f8e9f5dbfafb1/screenshot - {}
RESULT: {}
RESULT: undefined
COMMAND: POST /session/dd75076a0d0abbf86b1f8e9f5dbfafb1/element - {"using":"xpath","value":"//*[@id=\"__tile54\"]"}
RESULT: {"using":"xpath","value":"//*[@id=\"__tile54\"]"}
COMMAND: POST /session/dd75076a0d0abbf86b1f8e9f5dbfafb1/element/f.C79F2849F2BDC41B8CB7AE2AD8CB2047.d.844363DE67259892D551ECFD323BF8A0.e.2912/click - {}
RESULT: undefined
COMMAND: POST /session/dd75076a0d0abbf86b1f8e9f5dbfafb1/element - {"using":"xpath","value":"//*[@id=\"__tile54\"]"}
RESULT: {"using":"xpath","value":"//*[@id=\"__tile54\"]"}
COMMAND: POST /session/dd75076a0d0abbf86b1f8e9f5dbfafb1/element/f.C79F2849F2BDC41B8CB7AE2AD8CB2047.d.844363DE67259892D551ECFD323BF8A0.e.2912/click - {}
RESULT: undefined
COMMAND: POST /session/dd75076a0d0abbf86b1f8e9f5dbfafb1/execute/async - {"script":"<script> [6424 bytes]","args":[{"element-6066-11e4-a52e-4f735466cecf":"f.C79F2849F2BDC41B8CB7AE2AD8CB2047.d.844363DE67259892D551ECFD323BF8A0.e.291"},"getTitle",[]]}
COMMAND: POST /session/dd75076a0d0abbf86b1f8e9f5dbfafb1/execute/async - {"script":"<script> [1562 bytes]","args":[{"selector":{"id":"shellAppTitle"},"wdio_ui5_key":"shellAppTitle"}]}
RESULT: {"script":"<script> [1562 bytes]","args":[{"selector":{"id":"shellAppTitle"},"wdio_ui5_key":"shellAppTitle"}]}
COMMAND: POST /session/dd75076a0d0abbf86b1f8e9f5dbfafb1/execute/async - {"script":"<script> [6424 bytes]","args":[{"element-6066-11e4-a52e-4f735466cecf":"f.C79F2849F2BDC41B8CB7AE2AD8CB2047.d.844363DE67259892D551ECFD323BF8A0.e.3013"},"getTitle",[]]}
RESULT: {"script":"<script> [6424 bytes]","args":[{"element-6066-11e4-a52e-4f735466cecf":"f.C79F2849F2BDC41B8CB7AE2AD8CB2047.d.844363DE67259892D551ECFD323BF8A0.e.3013"},"getTitle",[]]}
RESULT: undefined
COMMAND: POST /session/dd75076a0d0abbf86b1f8e9f5dbfafb1/element/f.C79F2849F2BDC41B8CB7AE2AD8CB2047.d.844363DE67259892D551ECFD323BF8A0.e.2861/click - {}
COMMAND: POST /session/dd75076a0d0abbf86b1f8e9f5dbfafb1/element - {"using":"xpath","value":"//*[@id=\"backBtn\"]"}
RESULT: {"using":"xpath","value":"//*[@id=\"backBtn\"]"}
COMMAND: POST /session/dd75076a0d0abbf86b1f8e9f5dbfafb1/element/f.C79F2849F2BDC41B8CB7AE2AD8CB2047.d.844363DE67259892D551ECFD323BF8A0.e.2861/click - {}
COMMAND: POST /session/dd75076a0d0abbf86b1f8e9f5dbfafb1/element - {"using":"xpath","value":"//*[@id=\"backBtn\"]"}
RESULT: {"using":"xpath","value":"//*[@id=\"backBtn\"]"}
COMMAND: POST /session/dd75076a0d0abbf86b1f8e9f5dbfafb1/element/f.C79F2849F2BDC41B8CB7AE2AD8CB2047.d.844363DE67259892D551ECFD323BF8A0.e.3014/click - {}
RESULT: {}
COMMAND: GET /session/dd75076a0d0abbf86b1f8e9f5dbfafb1/screenshot - {}
RESULT: {}
]]></system-out>
    </testcase>
    <testcase classname="chrome.135_0_7049_42.windows.Sanity_Tests_US104253" name="Should open Yard Overview page" time="35.521">
      <system-out><![CDATA[
COMMAND: POST /session/dd75076a0d0abbf86b1f8e9f5dbfafb1/execute/async - {"script":"<script> [1562 bytes]","args":[{"selector":{"controlType":"sap.m.GenericTile","properties":{"header":"Yard Overview"}},"wdio_ui5_key":"sapm.GenericTile{\"header\":\"Yard Overview\"}"}]}
RESULT: {"script":"<script> [1562 bytes]","args":[{"selector":{"controlType":"sap.m.GenericTile","properties":{"header":"Yard Overview"}},"wdio_ui5_key":"sapm.GenericTile{\"header\":\"Yard Overview\"}"}]}
RESULT: undefined
COMMAND: POST /session/dd75076a0d0abbf86b1f8e9f5dbfafb1/element - {"using":"xpath","value":"//*[@id=\"__tile102\"]"}
RESULT: {"using":"xpath","value":"//*[@id=\"__tile102\"]"}
COMMAND: POST /session/dd75076a0d0abbf86b1f8e9f5dbfafb1/element/f.C79F2849F2BDC41B8CB7AE2AD8CB2047.d.844363DE67259892D551ECFD323BF8A0.e.3016/click - {}
RESULT: {}
COMMAND: GET /session/dd75076a0d0abbf86b1f8e9f5dbfafb1/screenshot - {}
RESULT: {}
RESULT: undefined
COMMAND: POST /session/dd75076a0d0abbf86b1f8e9f5dbfafb1/element - {"using":"xpath","value":"//*[@id=\"__tile102\"]"}
RESULT: {"using":"xpath","value":"//*[@id=\"__tile102\"]"}
COMMAND: POST /session/dd75076a0d0abbf86b1f8e9f5dbfafb1/element/f.C79F2849F2BDC41B8CB7AE2AD8CB2047.d.844363DE67259892D551ECFD323BF8A0.e.3016/click - {}
RESULT: undefined
COMMAND: POST /session/dd75076a0d0abbf86b1f8e9f5dbfafb1/element - {"using":"xpath","value":"//*[@id=\"__tile102\"]"}
RESULT: {"using":"xpath","value":"//*[@id=\"__tile102\"]"}
COMMAND: POST /session/dd75076a0d0abbf86b1f8e9f5dbfafb1/element/f.C79F2849F2BDC41B8CB7AE2AD8CB2047.d.844363DE67259892D551ECFD323BF8A0.e.3016/click - {}
RESULT: undefined
COMMAND: POST /session/dd75076a0d0abbf86b1f8e9f5dbfafb1/execute/async - {"script":"<script> [6424 bytes]","args":[{"element-6066-11e4-a52e-4f735466cecf":"f.C79F2849F2BDC41B8CB7AE2AD8CB2047.d.844363DE67259892D551ECFD323BF8A0.e.291"},"getTitle",[]]}
COMMAND: POST /session/dd75076a0d0abbf86b1f8e9f5dbfafb1/execute/async - {"script":"<script> [1562 bytes]","args":[{"selector":{"id":"shellAppTitle"},"wdio_ui5_key":"shellAppTitle"}]}
RESULT: {"script":"<script> [1562 bytes]","args":[{"selector":{"id":"shellAppTitle"},"wdio_ui5_key":"shellAppTitle"}]}
COMMAND: POST /session/dd75076a0d0abbf86b1f8e9f5dbfafb1/execute/async - {"script":"<script> [6424 bytes]","args":[{"element-6066-11e4-a52e-4f735466cecf":"f.C79F2849F2BDC41B8CB7AE2AD8CB2047.d.844363DE67259892D551ECFD323BF8A0.e.3078"},"getTitle",[]]}
RESULT: {"script":"<script> [6424 bytes]","args":[{"element-6066-11e4-a52e-4f735466cecf":"f.C79F2849F2BDC41B8CB7AE2AD8CB2047.d.844363DE67259892D551ECFD323BF8A0.e.3078"},"getTitle",[]]}
RESULT: undefined
COMMAND: POST /session/dd75076a0d0abbf86b1f8e9f5dbfafb1/element/f.C79F2849F2BDC41B8CB7AE2AD8CB2047.d.844363DE67259892D551ECFD323BF8A0.e.3014/click - {}
RESULT: {}
COMMAND: GET /session/dd75076a0d0abbf86b1f8e9f5dbfafb1/screenshot - {}
RESULT: {}
]]></system-out>
    </testcase>
    <testcase classname="chrome.135_0_7049_42.windows.Sanity_Tests_US104253" name="Should open Site Overview page" time="35.083">
      <system-out><![CDATA[
COMMAND: POST /session/dd75076a0d0abbf86b1f8e9f5dbfafb1/execute/async - {"script":"<script> [1562 bytes]","args":[{"selector":{"controlType":"sap.m.GenericTile","properties":{"header":"Site Overview"}},"wdio_ui5_key":"sapm.GenericTile{\"header\":\"Site Overview\"}"}]}
RESULT: {"script":"<script> [1562 bytes]","args":[{"selector":{"controlType":"sap.m.GenericTile","properties":{"header":"Site Overview"}},"wdio_ui5_key":"sapm.GenericTile{\"header\":\"Site Overview\"}"}]}
RESULT: undefined
COMMAND: POST /session/dd75076a0d0abbf86b1f8e9f5dbfafb1/element - {"using":"xpath","value":"//*[@id=\"__tile100\"]"}
RESULT: {"using":"xpath","value":"//*[@id=\"__tile100\"]"}
COMMAND: POST /session/dd75076a0d0abbf86b1f8e9f5dbfafb1/element/f.C79F2849F2BDC41B8CB7AE2AD8CB2047.d.844363DE67259892D551ECFD323BF8A0.e.3081/click - {}
RESULT: {}
COMMAND: GET /session/dd75076a0d0abbf86b1f8e9f5dbfafb1/screenshot - {}
RESULT: {}
RESULT: undefined
COMMAND: POST /session/dd75076a0d0abbf86b1f8e9f5dbfafb1/element - {"using":"xpath","value":"//*[@id=\"__tile100\"]"}
RESULT: {"using":"xpath","value":"//*[@id=\"__tile100\"]"}
COMMAND: POST /session/dd75076a0d0abbf86b1f8e9f5dbfafb1/element/f.C79F2849F2BDC41B8CB7AE2AD8CB2047.d.844363DE67259892D551ECFD323BF8A0.e.3081/click - {}
RESULT: undefined
COMMAND: POST /session/dd75076a0d0abbf86b1f8e9f5dbfafb1/element - {"using":"xpath","value":"//*[@id=\"__tile100\"]"}
RESULT: {"using":"xpath","value":"//*[@id=\"__tile100\"]"}
COMMAND: POST /session/dd75076a0d0abbf86b1f8e9f5dbfafb1/element/f.C79F2849F2BDC41B8CB7AE2AD8CB2047.d.844363DE67259892D551ECFD323BF8A0.e.3081/click - {}
RESULT: undefined
COMMAND: POST /session/dd75076a0d0abbf86b1f8e9f5dbfafb1/execute/async - {"script":"<script> [6424 bytes]","args":[{"element-6066-11e4-a52e-4f735466cecf":"f.C79F2849F2BDC41B8CB7AE2AD8CB2047.d.844363DE67259892D551ECFD323BF8A0.e.291"},"getTitle",[]]}
COMMAND: POST /session/dd75076a0d0abbf86b1f8e9f5dbfafb1/execute/async - {"script":"<script> [1562 bytes]","args":[{"selector":{"id":"shellAppTitle"},"wdio_ui5_key":"shellAppTitle"}]}
RESULT: {"script":"<script> [1562 bytes]","args":[{"selector":{"id":"shellAppTitle"},"wdio_ui5_key":"shellAppTitle"}]}
COMMAND: POST /session/dd75076a0d0abbf86b1f8e9f5dbfafb1/execute/async - {"script":"<script> [6424 bytes]","args":[{"element-6066-11e4-a52e-4f735466cecf":"f.C79F2849F2BDC41B8CB7AE2AD8CB2047.d.844363DE67259892D551ECFD323BF8A0.e.3195"},"getTitle",[]]}
RESULT: {"script":"<script> [6424 bytes]","args":[{"element-6066-11e4-a52e-4f735466cecf":"f.C79F2849F2BDC41B8CB7AE2AD8CB2047.d.844363DE67259892D551ECFD323BF8A0.e.3195"},"getTitle",[]]}
RESULT: undefined
COMMAND: POST /session/dd75076a0d0abbf86b1f8e9f5dbfafb1/element/f.C79F2849F2BDC41B8CB7AE2AD8CB2047.d.844363DE67259892D551ECFD323BF8A0.e.3014/click - {}
COMMAND: POST /session/dd75076a0d0abbf86b1f8e9f5dbfafb1/element - {"using":"xpath","value":"//*[@id=\"backBtn\"]"}
RESULT: {"using":"xpath","value":"//*[@id=\"backBtn\"]"}
COMMAND: POST /session/dd75076a0d0abbf86b1f8e9f5dbfafb1/element/f.C79F2849F2BDC41B8CB7AE2AD8CB2047.d.844363DE67259892D551ECFD323BF8A0.e.3014/click - {}
COMMAND: POST /session/dd75076a0d0abbf86b1f8e9f5dbfafb1/element - {"using":"xpath","value":"//*[@id=\"backBtn\"]"}
RESULT: {"using":"xpath","value":"//*[@id=\"backBtn\"]"}
COMMAND: POST /session/dd75076a0d0abbf86b1f8e9f5dbfafb1/element/f.C79F2849F2BDC41B8CB7AE2AD8CB2047.d.844363DE67259892D551ECFD323BF8A0.e.3196/click - {}
RESULT: {}
COMMAND: GET /session/dd75076a0d0abbf86b1f8e9f5dbfafb1/screenshot - {}
RESULT: {}
]]></system-out>
    </testcase>
    <testcase classname="chrome.135_0_7049_42.windows.Sanity_Tests_US104253" name="Should open Trace Track Resources page" time="34.748">
      <system-out><![CDATA[
COMMAND: POST /session/dd75076a0d0abbf86b1f8e9f5dbfafb1/execute/async - {"script":"<script> [1562 bytes]","args":[{"selector":{"controlType":"sap.m.GenericTile","properties":{"header":"Trace & Track Resources"}},"wdio_ui5_key":"sapm.GenericTile{\"header\":\"Trace & Track Resources\"}"}]}
RESULT: {"script":"<script> [1562 bytes]","args":[{"selector":{"controlType":"sap.m.GenericTile","properties":{"header":"Trace & Track Resources"}},"wdio_ui5_key":"sapm.GenericTile{\"header\":\"Trace & Track Resources\"}"}]}
RESULT: undefined
COMMAND: POST /session/dd75076a0d0abbf86b1f8e9f5dbfafb1/element - {"using":"xpath","value":"//*[@id=\"__tile101\"]"}
RESULT: {"using":"xpath","value":"//*[@id=\"__tile101\"]"}
COMMAND: POST /session/dd75076a0d0abbf86b1f8e9f5dbfafb1/element/f.C79F2849F2BDC41B8CB7AE2AD8CB2047.d.844363DE67259892D551ECFD323BF8A0.e.3198/click - {}
RESULT: {}
COMMAND: GET /session/dd75076a0d0abbf86b1f8e9f5dbfafb1/screenshot - {}
RESULT: {}
RESULT: undefined
COMMAND: POST /session/dd75076a0d0abbf86b1f8e9f5dbfafb1/element - {"using":"xpath","value":"//*[@id=\"__tile101\"]"}
RESULT: {"using":"xpath","value":"//*[@id=\"__tile101\"]"}
COMMAND: POST /session/dd75076a0d0abbf86b1f8e9f5dbfafb1/element/f.C79F2849F2BDC41B8CB7AE2AD8CB2047.d.844363DE67259892D551ECFD323BF8A0.e.3198/click - {}
RESULT: undefined
COMMAND: POST /session/dd75076a0d0abbf86b1f8e9f5dbfafb1/element - {"using":"xpath","value":"//*[@id=\"__tile101\"]"}
RESULT: {"using":"xpath","value":"//*[@id=\"__tile101\"]"}
COMMAND: POST /session/dd75076a0d0abbf86b1f8e9f5dbfafb1/element/f.C79F2849F2BDC41B8CB7AE2AD8CB2047.d.844363DE67259892D551ECFD323BF8A0.e.3198/click - {}
RESULT: undefined
COMMAND: POST /session/dd75076a0d0abbf86b1f8e9f5dbfafb1/execute/async - {"script":"<script> [6424 bytes]","args":[{"element-6066-11e4-a52e-4f735466cecf":"f.C79F2849F2BDC41B8CB7AE2AD8CB2047.d.844363DE67259892D551ECFD323BF8A0.e.291"},"getTitle",[]]}
COMMAND: POST /session/dd75076a0d0abbf86b1f8e9f5dbfafb1/execute/async - {"script":"<script> [1562 bytes]","args":[{"selector":{"id":"shellAppTitle"},"wdio_ui5_key":"shellAppTitle"}]}
RESULT: {"script":"<script> [1562 bytes]","args":[{"selector":{"id":"shellAppTitle"},"wdio_ui5_key":"shellAppTitle"}]}
COMMAND: POST /session/dd75076a0d0abbf86b1f8e9f5dbfafb1/execute/async - {"script":"<script> [6424 bytes]","args":[{"element-6066-11e4-a52e-4f735466cecf":"f.C79F2849F2BDC41B8CB7AE2AD8CB2047.d.844363DE67259892D551ECFD323BF8A0.e.3233"},"getTitle",[]]}
RESULT: {"script":"<script> [6424 bytes]","args":[{"element-6066-11e4-a52e-4f735466cecf":"f.C79F2849F2BDC41B8CB7AE2AD8CB2047.d.844363DE67259892D551ECFD323BF8A0.e.3233"},"getTitle",[]]}
RESULT: undefined
COMMAND: POST /session/dd75076a0d0abbf86b1f8e9f5dbfafb1/element/f.C79F2849F2BDC41B8CB7AE2AD8CB2047.d.844363DE67259892D551ECFD323BF8A0.e.3196/click - {}
RESULT: {}
COMMAND: GET /session/dd75076a0d0abbf86b1f8e9f5dbfafb1/screenshot - {}
RESULT: {}
]]></system-out>
    </testcase>
    <testcase classname="chrome.135_0_7049_42.windows.Sanity_Tests_US104253" name="Should open RU Inventory List page" time="43.045">
      <system-out><![CDATA[
COMMAND: POST /session/dd75076a0d0abbf86b1f8e9f5dbfafb1/execute/async - {"script":"<script> [1562 bytes]","args":[{"selector":{"controlType":"sap.m.GenericTile","properties":{"header":"RU Inventory List"}},"wdio_ui5_key":"sapm.GenericTile{\"header\":\"RU Inventory List\"}"}]}
RESULT: {"script":"<script> [1562 bytes]","args":[{"selector":{"controlType":"sap.m.GenericTile","properties":{"header":"RU Inventory List"}},"wdio_ui5_key":"sapm.GenericTile{\"header\":\"RU Inventory List\"}"}]}
RESULT: undefined
COMMAND: POST /session/dd75076a0d0abbf86b1f8e9f5dbfafb1/element - {"using":"xpath","value":"//*[@id=\"__tile99\"]"}
RESULT: {"using":"xpath","value":"//*[@id=\"__tile99\"]"}
COMMAND: POST /session/dd75076a0d0abbf86b1f8e9f5dbfafb1/element/f.C79F2849F2BDC41B8CB7AE2AD8CB2047.d.844363DE67259892D551ECFD323BF8A0.e.3235/click - {}
RESULT: {}
COMMAND: GET /session/dd75076a0d0abbf86b1f8e9f5dbfafb1/screenshot - {}
RESULT: {}
RESULT: undefined
COMMAND: POST /session/dd75076a0d0abbf86b1f8e9f5dbfafb1/element - {"using":"xpath","value":"//*[@id=\"__tile99\"]"}
RESULT: {"using":"xpath","value":"//*[@id=\"__tile99\"]"}
COMMAND: POST /session/dd75076a0d0abbf86b1f8e9f5dbfafb1/element/f.C79F2849F2BDC41B8CB7AE2AD8CB2047.d.844363DE67259892D551ECFD323BF8A0.e.3235/click - {}
RESULT: undefined
COMMAND: POST /session/dd75076a0d0abbf86b1f8e9f5dbfafb1/element - {"using":"xpath","value":"//*[@id=\"__tile99\"]"}
RESULT: {"using":"xpath","value":"//*[@id=\"__tile99\"]"}
COMMAND: POST /session/dd75076a0d0abbf86b1f8e9f5dbfafb1/element/f.C79F2849F2BDC41B8CB7AE2AD8CB2047.d.844363DE67259892D551ECFD323BF8A0.e.3235/click - {}
RESULT: undefined
COMMAND: POST /session/dd75076a0d0abbf86b1f8e9f5dbfafb1/execute/async - {"script":"<script> [6424 bytes]","args":[{"element-6066-11e4-a52e-4f735466cecf":"f.C79F2849F2BDC41B8CB7AE2AD8CB2047.d.844363DE67259892D551ECFD323BF8A0.e.291"},"getTitle",[]]}
COMMAND: POST /session/dd75076a0d0abbf86b1f8e9f5dbfafb1/execute/async - {"script":"<script> [1562 bytes]","args":[{"selector":{"id":"shellAppTitle"},"wdio_ui5_key":"shellAppTitle"}]}
RESULT: {"script":"<script> [1562 bytes]","args":[{"selector":{"id":"shellAppTitle"},"wdio_ui5_key":"shellAppTitle"}]}
COMMAND: POST /session/dd75076a0d0abbf86b1f8e9f5dbfafb1/execute/async - {"script":"<script> [6424 bytes]","args":[{"element-6066-11e4-a52e-4f735466cecf":"f.C79F2849F2BDC41B8CB7AE2AD8CB2047.d.844363DE67259892D551ECFD323BF8A0.e.3437"},"getTitle",[]]}
RESULT: {"script":"<script> [6424 bytes]","args":[{"element-6066-11e4-a52e-4f735466cecf":"f.C79F2849F2BDC41B8CB7AE2AD8CB2047.d.844363DE67259892D551ECFD323BF8A0.e.3437"},"getTitle",[]]}
RESULT: undefined
COMMAND: POST /session/dd75076a0d0abbf86b1f8e9f5dbfafb1/element/f.C79F2849F2BDC41B8CB7AE2AD8CB2047.d.844363DE67259892D551ECFD323BF8A0.e.3196/click - {}
COMMAND: POST /session/dd75076a0d0abbf86b1f8e9f5dbfafb1/element - {"using":"xpath","value":"//*[@id=\"backBtn\"]"}
RESULT: {"using":"xpath","value":"//*[@id=\"backBtn\"]"}
COMMAND: POST /session/dd75076a0d0abbf86b1f8e9f5dbfafb1/element/f.C79F2849F2BDC41B8CB7AE2AD8CB2047.d.844363DE67259892D551ECFD323BF8A0.e.3196/click - {}
COMMAND: POST /session/dd75076a0d0abbf86b1f8e9f5dbfafb1/element - {"using":"xpath","value":"//*[@id=\"backBtn\"]"}
RESULT: {"using":"xpath","value":"//*[@id=\"backBtn\"]"}
COMMAND: POST /session/dd75076a0d0abbf86b1f8e9f5dbfafb1/element/f.C79F2849F2BDC41B8CB7AE2AD8CB2047.d.844363DE67259892D551ECFD323BF8A0.e.3438/click - {}
RESULT: {}
COMMAND: GET /session/dd75076a0d0abbf86b1f8e9f5dbfafb1/screenshot - {}
RESULT: {}
]]></system-out>
    </testcase>
    <testcase classname="chrome.135_0_7049_42.windows.Sanity_Tests_US104253" name="Should open Contracts Dashboard page" time="48.366">
      <system-out><![CDATA[
COMMAND: POST /session/dd75076a0d0abbf86b1f8e9f5dbfafb1/execute/async - {"script":"<script> [1562 bytes]","args":[{"selector":{"controlType":"sap.m.GenericTile","properties":{"header":"Contracts Dashboard"}},"wdio_ui5_key":"sapm.GenericTile{\"header\":\"Contracts Dashboard\"}"}]}
RESULT: {"script":"<script> [1562 bytes]","args":[{"selector":{"controlType":"sap.m.GenericTile","properties":{"header":"Contracts Dashboard"}},"wdio_ui5_key":"sapm.GenericTile{\"header\":\"Contracts Dashboard\"}"}]}
RESULT: undefined
COMMAND: POST /session/dd75076a0d0abbf86b1f8e9f5dbfafb1/element - {"using":"xpath","value":"//*[@id=\"__tile97\"]"}
RESULT: {"using":"xpath","value":"//*[@id=\"__tile97\"]"}
COMMAND: POST /session/dd75076a0d0abbf86b1f8e9f5dbfafb1/element/f.C79F2849F2BDC41B8CB7AE2AD8CB2047.d.844363DE67259892D551ECFD323BF8A0.e.3440/click - {}
RESULT: {}
COMMAND: GET /session/dd75076a0d0abbf86b1f8e9f5dbfafb1/screenshot - {}
RESULT: {}
RESULT: undefined
COMMAND: POST /session/dd75076a0d0abbf86b1f8e9f5dbfafb1/element - {"using":"xpath","value":"//*[@id=\"__tile97\"]"}
RESULT: {"using":"xpath","value":"//*[@id=\"__tile97\"]"}
COMMAND: POST /session/dd75076a0d0abbf86b1f8e9f5dbfafb1/element/f.C79F2849F2BDC41B8CB7AE2AD8CB2047.d.844363DE67259892D551ECFD323BF8A0.e.3440/click - {}
RESULT: undefined
COMMAND: POST /session/dd75076a0d0abbf86b1f8e9f5dbfafb1/element - {"using":"xpath","value":"//*[@id=\"__tile97\"]"}
RESULT: {"using":"xpath","value":"//*[@id=\"__tile97\"]"}
COMMAND: POST /session/dd75076a0d0abbf86b1f8e9f5dbfafb1/element/f.C79F2849F2BDC41B8CB7AE2AD8CB2047.d.844363DE67259892D551ECFD323BF8A0.e.3440/click - {}
RESULT: undefined
COMMAND: POST /session/dd75076a0d0abbf86b1f8e9f5dbfafb1/execute/async - {"script":"<script> [6424 bytes]","args":[{"element-6066-11e4-a52e-4f735466cecf":"f.C79F2849F2BDC41B8CB7AE2AD8CB2047.d.844363DE67259892D551ECFD323BF8A0.e.291"},"getTitle",[]]}
COMMAND: POST /session/dd75076a0d0abbf86b1f8e9f5dbfafb1/execute/async - {"script":"<script> [1562 bytes]","args":[{"selector":{"id":"shellAppTitle"},"wdio_ui5_key":"shellAppTitle"}]}
RESULT: {"script":"<script> [1562 bytes]","args":[{"selector":{"id":"shellAppTitle"},"wdio_ui5_key":"shellAppTitle"}]}
COMMAND: POST /session/dd75076a0d0abbf86b1f8e9f5dbfafb1/execute/async - {"script":"<script> [6424 bytes]","args":[{"element-6066-11e4-a52e-4f735466cecf":"f.C79F2849F2BDC41B8CB7AE2AD8CB2047.d.844363DE67259892D551ECFD323BF8A0.e.3460"},"getTitle",[]]}
RESULT: {"script":"<script> [6424 bytes]","args":[{"element-6066-11e4-a52e-4f735466cecf":"f.C79F2849F2BDC41B8CB7AE2AD8CB2047.d.844363DE67259892D551ECFD323BF8A0.e.3460"},"getTitle",[]]}
RESULT: undefined
COMMAND: POST /session/dd75076a0d0abbf86b1f8e9f5dbfafb1/element/f.C79F2849F2BDC41B8CB7AE2AD8CB2047.d.844363DE67259892D551ECFD323BF8A0.e.3438/click - {}
RESULT: {}
COMMAND: GET /session/dd75076a0d0abbf86b1f8e9f5dbfafb1/screenshot - {}
RESULT: {}
]]></system-out>
    </testcase>
    <testcase classname="chrome.135_0_7049_42.windows.Sanity_Tests_US104253" name="Should open Bin Status Report page" time="38.109">
      <system-out><![CDATA[
COMMAND: POST /session/dd75076a0d0abbf86b1f8e9f5dbfafb1/execute/async - {"script":"<script> [1562 bytes]","args":[{"selector":{"controlType":"sap.m.GenericTile","properties":{"header":"Bin Status Report"}},"wdio_ui5_key":"sapm.GenericTile{\"header\":\"Bin Status Report\"}"}]}
RESULT: {"script":"<script> [1562 bytes]","args":[{"selector":{"controlType":"sap.m.GenericTile","properties":{"header":"Bin Status Report"}},"wdio_ui5_key":"sapm.GenericTile{\"header\":\"Bin Status Report\"}"}]}
RESULT: undefined
COMMAND: POST /session/dd75076a0d0abbf86b1f8e9f5dbfafb1/element - {"using":"xpath","value":"//*[@id=\"__tile104\"]"}
RESULT: {"using":"xpath","value":"//*[@id=\"__tile104\"]"}
COMMAND: POST /session/dd75076a0d0abbf86b1f8e9f5dbfafb1/element/f.C79F2849F2BDC41B8CB7AE2AD8CB2047.d.844363DE67259892D551ECFD323BF8A0.e.3462/click - {}
RESULT: {}
COMMAND: GET /session/dd75076a0d0abbf86b1f8e9f5dbfafb1/screenshot - {}
RESULT: {}
RESULT: undefined
COMMAND: POST /session/dd75076a0d0abbf86b1f8e9f5dbfafb1/element - {"using":"xpath","value":"//*[@id=\"__tile104\"]"}
RESULT: {"using":"xpath","value":"//*[@id=\"__tile104\"]"}
COMMAND: POST /session/dd75076a0d0abbf86b1f8e9f5dbfafb1/element/f.C79F2849F2BDC41B8CB7AE2AD8CB2047.d.844363DE67259892D551ECFD323BF8A0.e.3462/click - {}
RESULT: undefined
COMMAND: POST /session/dd75076a0d0abbf86b1f8e9f5dbfafb1/element - {"using":"xpath","value":"//*[@id=\"__tile104\"]"}
RESULT: {"using":"xpath","value":"//*[@id=\"__tile104\"]"}
COMMAND: POST /session/dd75076a0d0abbf86b1f8e9f5dbfafb1/element/f.C79F2849F2BDC41B8CB7AE2AD8CB2047.d.844363DE67259892D551ECFD323BF8A0.e.3462/click - {}
RESULT: undefined
COMMAND: POST /session/dd75076a0d0abbf86b1f8e9f5dbfafb1/execute/async - {"script":"<script> [6424 bytes]","args":[{"element-6066-11e4-a52e-4f735466cecf":"f.C79F2849F2BDC41B8CB7AE2AD8CB2047.d.844363DE67259892D551ECFD323BF8A0.e.291"},"getTitle",[]]}
COMMAND: POST /session/dd75076a0d0abbf86b1f8e9f5dbfafb1/execute/async - {"script":"<script> [1562 bytes]","args":[{"selector":{"id":"shellAppTitle"},"wdio_ui5_key":"shellAppTitle"}]}
RESULT: {"script":"<script> [1562 bytes]","args":[{"selector":{"id":"shellAppTitle"},"wdio_ui5_key":"shellAppTitle"}]}
COMMAND: POST /session/dd75076a0d0abbf86b1f8e9f5dbfafb1/execute/async - {"script":"<script> [6424 bytes]","args":[{"element-6066-11e4-a52e-4f735466cecf":"f.C79F2849F2BDC41B8CB7AE2AD8CB2047.d.844363DE67259892D551ECFD323BF8A0.e.3564"},"getTitle",[]]}
RESULT: {"script":"<script> [6424 bytes]","args":[{"element-6066-11e4-a52e-4f735466cecf":"f.C79F2849F2BDC41B8CB7AE2AD8CB2047.d.844363DE67259892D551ECFD323BF8A0.e.3564"},"getTitle",[]]}
RESULT: undefined
COMMAND: POST /session/dd75076a0d0abbf86b1f8e9f5dbfafb1/element/f.C79F2849F2BDC41B8CB7AE2AD8CB2047.d.844363DE67259892D551ECFD323BF8A0.e.3438/click - {}
COMMAND: POST /session/dd75076a0d0abbf86b1f8e9f5dbfafb1/element - {"using":"xpath","value":"//*[@id=\"backBtn\"]"}
RESULT: {"using":"xpath","value":"//*[@id=\"backBtn\"]"}
COMMAND: POST /session/dd75076a0d0abbf86b1f8e9f5dbfafb1/element/f.C79F2849F2BDC41B8CB7AE2AD8CB2047.d.844363DE67259892D551ECFD323BF8A0.e.3438/click - {}
COMMAND: POST /session/dd75076a0d0abbf86b1f8e9f5dbfafb1/element - {"using":"xpath","value":"//*[@id=\"backBtn\"]"}
RESULT: {"using":"xpath","value":"//*[@id=\"backBtn\"]"}
COMMAND: POST /session/dd75076a0d0abbf86b1f8e9f5dbfafb1/element/f.C79F2849F2BDC41B8CB7AE2AD8CB2047.d.844363DE67259892D551ECFD323BF8A0.e.3565/click - {}
RESULT: {}
COMMAND: GET /session/dd75076a0d0abbf86b1f8e9f5dbfafb1/screenshot - {}
RESULT: {}
]]></system-out>
    </testcase>
    <testcase classname="chrome.135_0_7049_42.windows.Sanity_Tests_US104253" name="Should open Manage Warehouse Movements page" time="34.598">
      <system-out><![CDATA[
COMMAND: POST /session/dd75076a0d0abbf86b1f8e9f5dbfafb1/execute/async - {"script":"<script> [1562 bytes]","args":[{"selector":{"controlType":"sap.m.GenericTile","properties":{"header":"Manage Warehouse Movements"}},"wdio_ui5_key":"sapm.GenericTile{\"header\":\"Manage Warehouse Movements\"}"}]}
RESULT: {"script":"<script> [1562 bytes]","args":[{"selector":{"controlType":"sap.m.GenericTile","properties":{"header":"Manage Warehouse Movements"}},"wdio_ui5_key":"sapm.GenericTile{\"header\":\"Manage Warehouse Movements\"}"}]}
RESULT: undefined
COMMAND: POST /session/dd75076a0d0abbf86b1f8e9f5dbfafb1/element - {"using":"xpath","value":"//*[@id=\"__tile105\"]"}
RESULT: {"using":"xpath","value":"//*[@id=\"__tile105\"]"}
COMMAND: POST /session/dd75076a0d0abbf86b1f8e9f5dbfafb1/element/f.C79F2849F2BDC41B8CB7AE2AD8CB2047.d.844363DE67259892D551ECFD323BF8A0.e.3569/click - {}
RESULT: {}
COMMAND: GET /session/dd75076a0d0abbf86b1f8e9f5dbfafb1/screenshot - {}
RESULT: {}
RESULT: undefined
COMMAND: POST /session/dd75076a0d0abbf86b1f8e9f5dbfafb1/element - {"using":"xpath","value":"//*[@id=\"__tile105\"]"}
RESULT: {"using":"xpath","value":"//*[@id=\"__tile105\"]"}
COMMAND: POST /session/dd75076a0d0abbf86b1f8e9f5dbfafb1/element/f.C79F2849F2BDC41B8CB7AE2AD8CB2047.d.844363DE67259892D551ECFD323BF8A0.e.3569/click - {}
RESULT: undefined
COMMAND: POST /session/dd75076a0d0abbf86b1f8e9f5dbfafb1/element - {"using":"xpath","value":"//*[@id=\"__tile105\"]"}
RESULT: {"using":"xpath","value":"//*[@id=\"__tile105\"]"}
COMMAND: POST /session/dd75076a0d0abbf86b1f8e9f5dbfafb1/element/f.C79F2849F2BDC41B8CB7AE2AD8CB2047.d.844363DE67259892D551ECFD323BF8A0.e.3569/click - {}
RESULT: undefined
COMMAND: POST /session/dd75076a0d0abbf86b1f8e9f5dbfafb1/execute/async - {"script":"<script> [6424 bytes]","args":[{"element-6066-11e4-a52e-4f735466cecf":"f.C79F2849F2BDC41B8CB7AE2AD8CB2047.d.844363DE67259892D551ECFD323BF8A0.e.291"},"getTitle",[]]}
COMMAND: POST /session/dd75076a0d0abbf86b1f8e9f5dbfafb1/execute/async - {"script":"<script> [1562 bytes]","args":[{"selector":{"id":"shellAppTitle"},"wdio_ui5_key":"shellAppTitle"}]}
RESULT: {"script":"<script> [1562 bytes]","args":[{"selector":{"id":"shellAppTitle"},"wdio_ui5_key":"shellAppTitle"}]}
COMMAND: POST /session/dd75076a0d0abbf86b1f8e9f5dbfafb1/execute/async - {"script":"<script> [6424 bytes]","args":[{"element-6066-11e4-a52e-4f735466cecf":"f.C79F2849F2BDC41B8CB7AE2AD8CB2047.d.844363DE67259892D551ECFD323BF8A0.e.3662"},"getTitle",[]]}
RESULT: {"script":"<script> [6424 bytes]","args":[{"element-6066-11e4-a52e-4f735466cecf":"f.C79F2849F2BDC41B8CB7AE2AD8CB2047.d.844363DE67259892D551ECFD323BF8A0.e.3662"},"getTitle",[]]}
RESULT: undefined
COMMAND: POST /session/dd75076a0d0abbf86b1f8e9f5dbfafb1/element/f.C79F2849F2BDC41B8CB7AE2AD8CB2047.d.844363DE67259892D551ECFD323BF8A0.e.3565/click - {}
RESULT: {}
COMMAND: GET /session/dd75076a0d0abbf86b1f8e9f5dbfafb1/screenshot - {}
RESULT: {}
]]></system-out>
    </testcase>
    <testcase classname="chrome.135_0_7049_42.windows.Sanity_Tests_US104253" name="Should open Bin Inventory List page" time="36.093">
      <system-out><![CDATA[
COMMAND: POST /session/dd75076a0d0abbf86b1f8e9f5dbfafb1/execute/async - {"script":"<script> [1562 bytes]","args":[{"selector":{"controlType":"sap.m.GenericTile","properties":{"header":"Bin Inventory List"}},"wdio_ui5_key":"sapm.GenericTile{\"header\":\"Bin Inventory List\"}"}]}
RESULT: {"script":"<script> [1562 bytes]","args":[{"selector":{"controlType":"sap.m.GenericTile","properties":{"header":"Bin Inventory List"}},"wdio_ui5_key":"sapm.GenericTile{\"header\":\"Bin Inventory List\"}"}]}
RESULT: undefined
COMMAND: POST /session/dd75076a0d0abbf86b1f8e9f5dbfafb1/element - {"using":"xpath","value":"//*[@id=\"__tile103\"]"}
RESULT: {"using":"xpath","value":"//*[@id=\"__tile103\"]"}
COMMAND: POST /session/dd75076a0d0abbf86b1f8e9f5dbfafb1/element/f.C79F2849F2BDC41B8CB7AE2AD8CB2047.d.844363DE67259892D551ECFD323BF8A0.e.3664/click - {}
RESULT: {}
COMMAND: GET /session/dd75076a0d0abbf86b1f8e9f5dbfafb1/screenshot - {}
RESULT: {}
RESULT: undefined
COMMAND: POST /session/dd75076a0d0abbf86b1f8e9f5dbfafb1/element - {"using":"xpath","value":"//*[@id=\"__tile103\"]"}
RESULT: {"using":"xpath","value":"//*[@id=\"__tile103\"]"}
COMMAND: POST /session/dd75076a0d0abbf86b1f8e9f5dbfafb1/element/f.C79F2849F2BDC41B8CB7AE2AD8CB2047.d.844363DE67259892D551ECFD323BF8A0.e.3664/click - {}
RESULT: undefined
COMMAND: POST /session/dd75076a0d0abbf86b1f8e9f5dbfafb1/element - {"using":"xpath","value":"//*[@id=\"__tile103\"]"}
RESULT: {"using":"xpath","value":"//*[@id=\"__tile103\"]"}
COMMAND: POST /session/dd75076a0d0abbf86b1f8e9f5dbfafb1/element/f.C79F2849F2BDC41B8CB7AE2AD8CB2047.d.844363DE67259892D551ECFD323BF8A0.e.3664/click - {}
RESULT: undefined
COMMAND: POST /session/dd75076a0d0abbf86b1f8e9f5dbfafb1/execute/async - {"script":"<script> [6424 bytes]","args":[{"element-6066-11e4-a52e-4f735466cecf":"f.C79F2849F2BDC41B8CB7AE2AD8CB2047.d.844363DE67259892D551ECFD323BF8A0.e.291"},"getTitle",[]]}
COMMAND: POST /session/dd75076a0d0abbf86b1f8e9f5dbfafb1/execute/async - {"script":"<script> [1562 bytes]","args":[{"selector":{"id":"shellAppTitle"},"wdio_ui5_key":"shellAppTitle"}]}
RESULT: {"script":"<script> [1562 bytes]","args":[{"selector":{"id":"shellAppTitle"},"wdio_ui5_key":"shellAppTitle"}]}
COMMAND: POST /session/dd75076a0d0abbf86b1f8e9f5dbfafb1/execute/async - {"script":"<script> [6424 bytes]","args":[{"element-6066-11e4-a52e-4f735466cecf":"f.C79F2849F2BDC41B8CB7AE2AD8CB2047.d.844363DE67259892D551ECFD323BF8A0.e.3749"},"getTitle",[]]}
RESULT: {"script":"<script> [6424 bytes]","args":[{"element-6066-11e4-a52e-4f735466cecf":"f.C79F2849F2BDC41B8CB7AE2AD8CB2047.d.844363DE67259892D551ECFD323BF8A0.e.3749"},"getTitle",[]]}
RESULT: undefined
COMMAND: POST /session/dd75076a0d0abbf86b1f8e9f5dbfafb1/element/f.C79F2849F2BDC41B8CB7AE2AD8CB2047.d.844363DE67259892D551ECFD323BF8A0.e.3565/click - {}
COMMAND: POST /session/dd75076a0d0abbf86b1f8e9f5dbfafb1/element - {"using":"xpath","value":"//*[@id=\"backBtn\"]"}
RESULT: {"using":"xpath","value":"//*[@id=\"backBtn\"]"}
COMMAND: POST /session/dd75076a0d0abbf86b1f8e9f5dbfafb1/element/f.C79F2849F2BDC41B8CB7AE2AD8CB2047.d.844363DE67259892D551ECFD323BF8A0.e.3565/click - {}
COMMAND: POST /session/dd75076a0d0abbf86b1f8e9f5dbfafb1/element - {"using":"xpath","value":"//*[@id=\"backBtn\"]"}
RESULT: {"using":"xpath","value":"//*[@id=\"backBtn\"]"}
COMMAND: POST /session/dd75076a0d0abbf86b1f8e9f5dbfafb1/element/f.C79F2849F2BDC41B8CB7AE2AD8CB2047.d.844363DE67259892D551ECFD323BF8A0.e.3750/click - {}
RESULT: {}
COMMAND: GET /session/dd75076a0d0abbf86b1f8e9f5dbfafb1/screenshot - {}
RESULT: {}
]]></system-out>
    </testcase>
    <testcase classname="chrome.135_0_7049_42.windows.Sanity_Tests_US104253" name="Should open ISC Templates page" time="35.034">
      <system-out><![CDATA[
COMMAND: POST /session/dd75076a0d0abbf86b1f8e9f5dbfafb1/execute/async - {"script":"<script> [1562 bytes]","args":[{"selector":{"controlType":"sap.m.GenericTile","properties":{"header":"ISC Templates"}},"wdio_ui5_key":"sapm.GenericTile{\"header\":\"ISC Templates\"}"}]}
RESULT: {"script":"<script> [1562 bytes]","args":[{"selector":{"controlType":"sap.m.GenericTile","properties":{"header":"ISC Templates"}},"wdio_ui5_key":"sapm.GenericTile{\"header\":\"ISC Templates\"}"}]}
RESULT: undefined
COMMAND: POST /session/dd75076a0d0abbf86b1f8e9f5dbfafb1/element - {"using":"xpath","value":"//*[@id=\"__tile111\"]"}
RESULT: {"using":"xpath","value":"//*[@id=\"__tile111\"]"}
COMMAND: POST /session/dd75076a0d0abbf86b1f8e9f5dbfafb1/element/f.C79F2849F2BDC41B8CB7AE2AD8CB2047.d.844363DE67259892D551ECFD323BF8A0.e.3752/click - {}
RESULT: {}
COMMAND: GET /session/dd75076a0d0abbf86b1f8e9f5dbfafb1/screenshot - {}
RESULT: {}
RESULT: undefined
COMMAND: POST /session/dd75076a0d0abbf86b1f8e9f5dbfafb1/element - {"using":"xpath","value":"//*[@id=\"__tile111\"]"}
RESULT: {"using":"xpath","value":"//*[@id=\"__tile111\"]"}
COMMAND: POST /session/dd75076a0d0abbf86b1f8e9f5dbfafb1/element/f.C79F2849F2BDC41B8CB7AE2AD8CB2047.d.844363DE67259892D551ECFD323BF8A0.e.3752/click - {}
RESULT: undefined
COMMAND: POST /session/dd75076a0d0abbf86b1f8e9f5dbfafb1/element - {"using":"xpath","value":"//*[@id=\"__tile111\"]"}
RESULT: {"using":"xpath","value":"//*[@id=\"__tile111\"]"}
COMMAND: POST /session/dd75076a0d0abbf86b1f8e9f5dbfafb1/element/f.C79F2849F2BDC41B8CB7AE2AD8CB2047.d.844363DE67259892D551ECFD323BF8A0.e.3752/click - {}
RESULT: undefined
COMMAND: POST /session/dd75076a0d0abbf86b1f8e9f5dbfafb1/execute/async - {"script":"<script> [6424 bytes]","args":[{"element-6066-11e4-a52e-4f735466cecf":"f.C79F2849F2BDC41B8CB7AE2AD8CB2047.d.844363DE67259892D551ECFD323BF8A0.e.291"},"getTitle",[]]}
COMMAND: POST /session/dd75076a0d0abbf86b1f8e9f5dbfafb1/execute/async - {"script":"<script> [1562 bytes]","args":[{"selector":{"id":"shellAppTitle"},"wdio_ui5_key":"shellAppTitle"}]}
RESULT: {"script":"<script> [1562 bytes]","args":[{"selector":{"id":"shellAppTitle"},"wdio_ui5_key":"shellAppTitle"}]}
COMMAND: POST /session/dd75076a0d0abbf86b1f8e9f5dbfafb1/execute/async - {"script":"<script> [6424 bytes]","args":[{"element-6066-11e4-a52e-4f735466cecf":"f.C79F2849F2BDC41B8CB7AE2AD8CB2047.d.844363DE67259892D551ECFD323BF8A0.e.3820"},"getTitle",[]]}
RESULT: {"script":"<script> [6424 bytes]","args":[{"element-6066-11e4-a52e-4f735466cecf":"f.C79F2849F2BDC41B8CB7AE2AD8CB2047.d.844363DE67259892D551ECFD323BF8A0.e.3820"},"getTitle",[]]}
RESULT: undefined
COMMAND: POST /session/dd75076a0d0abbf86b1f8e9f5dbfafb1/element/f.C79F2849F2BDC41B8CB7AE2AD8CB2047.d.844363DE67259892D551ECFD323BF8A0.e.3750/click - {}
RESULT: {}
COMMAND: GET /session/dd75076a0d0abbf86b1f8e9f5dbfafb1/screenshot - {}
RESULT: {}
]]></system-out>
    </testcase>
    <testcase classname="chrome.135_0_7049_42.windows.Sanity_Tests_US104253" name="Should open ISC Schedules page" time="35.502">
      <system-out><![CDATA[
COMMAND: POST /session/dd75076a0d0abbf86b1f8e9f5dbfafb1/execute/async - {"script":"<script> [1562 bytes]","args":[{"selector":{"controlType":"sap.m.GenericTile","properties":{"header":"ISC Schedules"}},"wdio_ui5_key":"sapm.GenericTile{\"header\":\"ISC Schedules\"}"}]}
RESULT: {"script":"<script> [1562 bytes]","args":[{"selector":{"controlType":"sap.m.GenericTile","properties":{"header":"ISC Schedules"}},"wdio_ui5_key":"sapm.GenericTile{\"header\":\"ISC Schedules\"}"}]}
RESULT: undefined
COMMAND: POST /session/dd75076a0d0abbf86b1f8e9f5dbfafb1/element - {"using":"xpath","value":"//*[@id=\"__tile109\"]"}
RESULT: {"using":"xpath","value":"//*[@id=\"__tile109\"]"}
COMMAND: POST /session/dd75076a0d0abbf86b1f8e9f5dbfafb1/element/f.C79F2849F2BDC41B8CB7AE2AD8CB2047.d.844363DE67259892D551ECFD323BF8A0.e.3823/click - {}
RESULT: {}
COMMAND: GET /session/dd75076a0d0abbf86b1f8e9f5dbfafb1/screenshot - {}
RESULT: {}
RESULT: undefined
COMMAND: POST /session/dd75076a0d0abbf86b1f8e9f5dbfafb1/element - {"using":"xpath","value":"//*[@id=\"__tile109\"]"}
RESULT: {"using":"xpath","value":"//*[@id=\"__tile109\"]"}
COMMAND: POST /session/dd75076a0d0abbf86b1f8e9f5dbfafb1/element/f.C79F2849F2BDC41B8CB7AE2AD8CB2047.d.844363DE67259892D551ECFD323BF8A0.e.3823/click - {}
RESULT: undefined
COMMAND: POST /session/dd75076a0d0abbf86b1f8e9f5dbfafb1/element - {"using":"xpath","value":"//*[@id=\"__tile109\"]"}
RESULT: {"using":"xpath","value":"//*[@id=\"__tile109\"]"}
COMMAND: POST /session/dd75076a0d0abbf86b1f8e9f5dbfafb1/element/f.C79F2849F2BDC41B8CB7AE2AD8CB2047.d.844363DE67259892D551ECFD323BF8A0.e.3823/click - {}
RESULT: undefined
COMMAND: POST /session/dd75076a0d0abbf86b1f8e9f5dbfafb1/execute/async - {"script":"<script> [6424 bytes]","args":[{"element-6066-11e4-a52e-4f735466cecf":"f.C79F2849F2BDC41B8CB7AE2AD8CB2047.d.844363DE67259892D551ECFD323BF8A0.e.291"},"getTitle",[]]}
COMMAND: POST /session/dd75076a0d0abbf86b1f8e9f5dbfafb1/execute/async - {"script":"<script> [1562 bytes]","args":[{"selector":{"id":"shellAppTitle"},"wdio_ui5_key":"shellAppTitle"}]}
RESULT: {"script":"<script> [1562 bytes]","args":[{"selector":{"id":"shellAppTitle"},"wdio_ui5_key":"shellAppTitle"}]}
COMMAND: POST /session/dd75076a0d0abbf86b1f8e9f5dbfafb1/execute/async - {"script":"<script> [6424 bytes]","args":[{"element-6066-11e4-a52e-4f735466cecf":"f.C79F2849F2BDC41B8CB7AE2AD8CB2047.d.844363DE67259892D551ECFD323BF8A0.e.3902"},"getTitle",[]]}
RESULT: {"script":"<script> [6424 bytes]","args":[{"element-6066-11e4-a52e-4f735466cecf":"f.C79F2849F2BDC41B8CB7AE2AD8CB2047.d.844363DE67259892D551ECFD323BF8A0.e.3902"},"getTitle",[]]}
RESULT: undefined
COMMAND: POST /session/dd75076a0d0abbf86b1f8e9f5dbfafb1/element/f.C79F2849F2BDC41B8CB7AE2AD8CB2047.d.844363DE67259892D551ECFD323BF8A0.e.3750/click - {}
COMMAND: POST /session/dd75076a0d0abbf86b1f8e9f5dbfafb1/element - {"using":"xpath","value":"//*[@id=\"backBtn\"]"}
RESULT: {"using":"xpath","value":"//*[@id=\"backBtn\"]"}
COMMAND: POST /session/dd75076a0d0abbf86b1f8e9f5dbfafb1/element/f.C79F2849F2BDC41B8CB7AE2AD8CB2047.d.844363DE67259892D551ECFD323BF8A0.e.3750/click - {}
COMMAND: POST /session/dd75076a0d0abbf86b1f8e9f5dbfafb1/element - {"using":"xpath","value":"//*[@id=\"backBtn\"]"}
RESULT: {"using":"xpath","value":"//*[@id=\"backBtn\"]"}
COMMAND: POST /session/dd75076a0d0abbf86b1f8e9f5dbfafb1/element/f.C79F2849F2BDC41B8CB7AE2AD8CB2047.d.844363DE67259892D551ECFD323BF8A0.e.3903/click - {}
RESULT: {}
COMMAND: GET /session/dd75076a0d0abbf86b1f8e9f5dbfafb1/screenshot - {}
RESULT: {}
]]></system-out>
    </testcase>
    <testcase classname="chrome.135_0_7049_42.windows.Sanity_Tests_US104253" name="Should open ISC Dashboard page" time="34.461">
      <system-out><![CDATA[
COMMAND: POST /session/dd75076a0d0abbf86b1f8e9f5dbfafb1/execute/async - {"script":"<script> [1562 bytes]","args":[{"selector":{"controlType":"sap.m.GenericTile","properties":{"header":"ISC Dashboard"}},"wdio_ui5_key":"sapm.GenericTile{\"header\":\"ISC Dashboard\"}"}]}
RESULT: {"script":"<script> [1562 bytes]","args":[{"selector":{"controlType":"sap.m.GenericTile","properties":{"header":"ISC Dashboard"}},"wdio_ui5_key":"sapm.GenericTile{\"header\":\"ISC Dashboard\"}"}]}
RESULT: undefined
COMMAND: POST /session/dd75076a0d0abbf86b1f8e9f5dbfafb1/element - {"using":"xpath","value":"//*[@id=\"__tile106\"]"}
RESULT: {"using":"xpath","value":"//*[@id=\"__tile106\"]"}
COMMAND: POST /session/dd75076a0d0abbf86b1f8e9f5dbfafb1/element/f.C79F2849F2BDC41B8CB7AE2AD8CB2047.d.844363DE67259892D551ECFD323BF8A0.e.3905/click - {}
RESULT: {}
COMMAND: GET /session/dd75076a0d0abbf86b1f8e9f5dbfafb1/screenshot - {}
RESULT: {}
RESULT: undefined
COMMAND: POST /session/dd75076a0d0abbf86b1f8e9f5dbfafb1/element - {"using":"xpath","value":"//*[@id=\"__tile106\"]"}
RESULT: {"using":"xpath","value":"//*[@id=\"__tile106\"]"}
COMMAND: POST /session/dd75076a0d0abbf86b1f8e9f5dbfafb1/element/f.C79F2849F2BDC41B8CB7AE2AD8CB2047.d.844363DE67259892D551ECFD323BF8A0.e.3905/click - {}
RESULT: undefined
COMMAND: POST /session/dd75076a0d0abbf86b1f8e9f5dbfafb1/element - {"using":"xpath","value":"//*[@id=\"__tile106\"]"}
RESULT: {"using":"xpath","value":"//*[@id=\"__tile106\"]"}
COMMAND: POST /session/dd75076a0d0abbf86b1f8e9f5dbfafb1/element/f.C79F2849F2BDC41B8CB7AE2AD8CB2047.d.844363DE67259892D551ECFD323BF8A0.e.3905/click - {}
RESULT: undefined
COMMAND: POST /session/dd75076a0d0abbf86b1f8e9f5dbfafb1/execute/async - {"script":"<script> [6424 bytes]","args":[{"element-6066-11e4-a52e-4f735466cecf":"f.C79F2849F2BDC41B8CB7AE2AD8CB2047.d.844363DE67259892D551ECFD323BF8A0.e.291"},"getTitle",[]]}
COMMAND: POST /session/dd75076a0d0abbf86b1f8e9f5dbfafb1/execute/async - {"script":"<script> [1562 bytes]","args":[{"selector":{"id":"shellAppTitle"},"wdio_ui5_key":"shellAppTitle"}]}
RESULT: {"script":"<script> [1562 bytes]","args":[{"selector":{"id":"shellAppTitle"},"wdio_ui5_key":"shellAppTitle"}]}
COMMAND: POST /session/dd75076a0d0abbf86b1f8e9f5dbfafb1/execute/async - {"script":"<script> [6424 bytes]","args":[{"element-6066-11e4-a52e-4f735466cecf":"f.C79F2849F2BDC41B8CB7AE2AD8CB2047.d.844363DE67259892D551ECFD323BF8A0.e.4033"},"getTitle",[]]}
RESULT: {"script":"<script> [6424 bytes]","args":[{"element-6066-11e4-a52e-4f735466cecf":"f.C79F2849F2BDC41B8CB7AE2AD8CB2047.d.844363DE67259892D551ECFD323BF8A0.e.4033"},"getTitle",[]]}
RESULT: undefined
COMMAND: POST /session/dd75076a0d0abbf86b1f8e9f5dbfafb1/element/f.C79F2849F2BDC41B8CB7AE2AD8CB2047.d.844363DE67259892D551ECFD323BF8A0.e.3903/click - {}
RESULT: {}
COMMAND: GET /session/dd75076a0d0abbf86b1f8e9f5dbfafb1/screenshot - {}
RESULT: {}
]]></system-out>
    </testcase>
    <testcase classname="chrome.135_0_7049_42.windows.Sanity_Tests_US104253" name="Should open ISC Orders page" time="43.124">
      <system-out><![CDATA[
COMMAND: POST /session/dd75076a0d0abbf86b1f8e9f5dbfafb1/execute/async - {"script":"<script> [1562 bytes]","args":[{"selector":{"controlType":"sap.m.GenericTile","properties":{"header":"ISC Orders"}},"wdio_ui5_key":"sapm.GenericTile{\"header\":\"ISC Orders\"}"}]}
RESULT: {"script":"<script> [1562 bytes]","args":[{"selector":{"controlType":"sap.m.GenericTile","properties":{"header":"ISC Orders"}},"wdio_ui5_key":"sapm.GenericTile{\"header\":\"ISC Orders\"}"}]}
RESULT: undefined
COMMAND: POST /session/dd75076a0d0abbf86b1f8e9f5dbfafb1/element - {"using":"xpath","value":"//*[@id=\"__tile108\"]"}
RESULT: {"using":"xpath","value":"//*[@id=\"__tile108\"]"}
COMMAND: POST /session/dd75076a0d0abbf86b1f8e9f5dbfafb1/element/f.C79F2849F2BDC41B8CB7AE2AD8CB2047.d.844363DE67259892D551ECFD323BF8A0.e.4035/click - {}
RESULT: {}
COMMAND: GET /session/dd75076a0d0abbf86b1f8e9f5dbfafb1/screenshot - {}
RESULT: {}
RESULT: undefined
COMMAND: POST /session/dd75076a0d0abbf86b1f8e9f5dbfafb1/element - {"using":"xpath","value":"//*[@id=\"__tile108\"]"}
RESULT: {"using":"xpath","value":"//*[@id=\"__tile108\"]"}
COMMAND: POST /session/dd75076a0d0abbf86b1f8e9f5dbfafb1/element/f.C79F2849F2BDC41B8CB7AE2AD8CB2047.d.844363DE67259892D551ECFD323BF8A0.e.4035/click - {}
RESULT: undefined
COMMAND: POST /session/dd75076a0d0abbf86b1f8e9f5dbfafb1/element - {"using":"xpath","value":"//*[@id=\"__tile108\"]"}
RESULT: {"using":"xpath","value":"//*[@id=\"__tile108\"]"}
COMMAND: POST /session/dd75076a0d0abbf86b1f8e9f5dbfafb1/element/f.C79F2849F2BDC41B8CB7AE2AD8CB2047.d.844363DE67259892D551ECFD323BF8A0.e.4035/click - {}
RESULT: undefined
COMMAND: POST /session/dd75076a0d0abbf86b1f8e9f5dbfafb1/execute/async - {"script":"<script> [6424 bytes]","args":[{"element-6066-11e4-a52e-4f735466cecf":"f.C79F2849F2BDC41B8CB7AE2AD8CB2047.d.844363DE67259892D551ECFD323BF8A0.e.291"},"getTitle",[]]}
COMMAND: POST /session/dd75076a0d0abbf86b1f8e9f5dbfafb1/execute/async - {"script":"<script> [1562 bytes]","args":[{"selector":{"id":"shellAppTitle"},"wdio_ui5_key":"shellAppTitle"}]}
RESULT: {"script":"<script> [1562 bytes]","args":[{"selector":{"id":"shellAppTitle"},"wdio_ui5_key":"shellAppTitle"}]}
COMMAND: POST /session/dd75076a0d0abbf86b1f8e9f5dbfafb1/execute/async - {"script":"<script> [6424 bytes]","args":[{"element-6066-11e4-a52e-4f735466cecf":"f.C79F2849F2BDC41B8CB7AE2AD8CB2047.d.844363DE67259892D551ECFD323BF8A0.e.4141"},"getTitle",[]]}
RESULT: {"script":"<script> [6424 bytes]","args":[{"element-6066-11e4-a52e-4f735466cecf":"f.C79F2849F2BDC41B8CB7AE2AD8CB2047.d.844363DE67259892D551ECFD323BF8A0.e.4141"},"getTitle",[]]}
RESULT: undefined
COMMAND: POST /session/dd75076a0d0abbf86b1f8e9f5dbfafb1/element/f.C79F2849F2BDC41B8CB7AE2AD8CB2047.d.844363DE67259892D551ECFD323BF8A0.e.3903/click - {}
COMMAND: POST /session/dd75076a0d0abbf86b1f8e9f5dbfafb1/element - {"using":"xpath","value":"//*[@id=\"backBtn\"]"}
RESULT: {"using":"xpath","value":"//*[@id=\"backBtn\"]"}
COMMAND: POST /session/dd75076a0d0abbf86b1f8e9f5dbfafb1/element/f.C79F2849F2BDC41B8CB7AE2AD8CB2047.d.844363DE67259892D551ECFD323BF8A0.e.3903/click - {}
COMMAND: POST /session/dd75076a0d0abbf86b1f8e9f5dbfafb1/element - {"using":"xpath","value":"//*[@id=\"backBtn\"]"}
RESULT: {"using":"xpath","value":"//*[@id=\"backBtn\"]"}
COMMAND: POST /session/dd75076a0d0abbf86b1f8e9f5dbfafb1/element/f.C79F2849F2BDC41B8CB7AE2AD8CB2047.d.844363DE67259892D551ECFD323BF8A0.e.4142/click - {}
RESULT: {}
COMMAND: GET /session/dd75076a0d0abbf86b1f8e9f5dbfafb1/screenshot - {}
RESULT: {}
]]></system-out>
    </testcase>
    <testcase classname="chrome.135_0_7049_42.windows.Sanity_Tests_US104253" name="Should open ISC Tasks page" time="36.269">
      <system-out><![CDATA[
COMMAND: POST /session/dd75076a0d0abbf86b1f8e9f5dbfafb1/execute/async - {"script":"<script> [1562 bytes]","args":[{"selector":{"controlType":"sap.m.GenericTile","properties":{"header":"ISC Tasks"}},"wdio_ui5_key":"sapm.GenericTile{\"header\":\"ISC Tasks\"}"}]}
RESULT: {"script":"<script> [1562 bytes]","args":[{"selector":{"controlType":"sap.m.GenericTile","properties":{"header":"ISC Tasks"}},"wdio_ui5_key":"sapm.GenericTile{\"header\":\"ISC Tasks\"}"}]}
RESULT: undefined
COMMAND: POST /session/dd75076a0d0abbf86b1f8e9f5dbfafb1/element - {"using":"xpath","value":"//*[@id=\"__tile110\"]"}
RESULT: {"using":"xpath","value":"//*[@id=\"__tile110\"]"}
COMMAND: POST /session/dd75076a0d0abbf86b1f8e9f5dbfafb1/element/f.C79F2849F2BDC41B8CB7AE2AD8CB2047.d.844363DE67259892D551ECFD323BF8A0.e.4144/click - {}
RESULT: {}
COMMAND: GET /session/dd75076a0d0abbf86b1f8e9f5dbfafb1/screenshot - {}
RESULT: {}
RESULT: undefined
COMMAND: POST /session/dd75076a0d0abbf86b1f8e9f5dbfafb1/element - {"using":"xpath","value":"//*[@id=\"__tile110\"]"}
RESULT: {"using":"xpath","value":"//*[@id=\"__tile110\"]"}
COMMAND: POST /session/dd75076a0d0abbf86b1f8e9f5dbfafb1/element/f.C79F2849F2BDC41B8CB7AE2AD8CB2047.d.844363DE67259892D551ECFD323BF8A0.e.4144/click - {}
RESULT: undefined
COMMAND: POST /session/dd75076a0d0abbf86b1f8e9f5dbfafb1/element - {"using":"xpath","value":"//*[@id=\"__tile110\"]"}
RESULT: {"using":"xpath","value":"//*[@id=\"__tile110\"]"}
COMMAND: POST /session/dd75076a0d0abbf86b1f8e9f5dbfafb1/element/f.C79F2849F2BDC41B8CB7AE2AD8CB2047.d.844363DE67259892D551ECFD323BF8A0.e.4144/click - {}
RESULT: undefined
COMMAND: POST /session/dd75076a0d0abbf86b1f8e9f5dbfafb1/execute/async - {"script":"<script> [6424 bytes]","args":[{"element-6066-11e4-a52e-4f735466cecf":"f.C79F2849F2BDC41B8CB7AE2AD8CB2047.d.844363DE67259892D551ECFD323BF8A0.e.291"},"getTitle",[]]}
COMMAND: POST /session/dd75076a0d0abbf86b1f8e9f5dbfafb1/execute/async - {"script":"<script> [1562 bytes]","args":[{"selector":{"id":"shellAppTitle"},"wdio_ui5_key":"shellAppTitle"}]}
RESULT: {"script":"<script> [1562 bytes]","args":[{"selector":{"id":"shellAppTitle"},"wdio_ui5_key":"shellAppTitle"}]}
COMMAND: POST /session/dd75076a0d0abbf86b1f8e9f5dbfafb1/execute/async - {"script":"<script> [6424 bytes]","args":[{"element-6066-11e4-a52e-4f735466cecf":"f.C79F2849F2BDC41B8CB7AE2AD8CB2047.d.844363DE67259892D551ECFD323BF8A0.e.4226"},"getTitle",[]]}
RESULT: {"script":"<script> [6424 bytes]","args":[{"element-6066-11e4-a52e-4f735466cecf":"f.C79F2849F2BDC41B8CB7AE2AD8CB2047.d.844363DE67259892D551ECFD323BF8A0.e.4226"},"getTitle",[]]}
RESULT: undefined
COMMAND: POST /session/dd75076a0d0abbf86b1f8e9f5dbfafb1/element/f.C79F2849F2BDC41B8CB7AE2AD8CB2047.d.844363DE67259892D551ECFD323BF8A0.e.4142/click - {}
RESULT: {}
COMMAND: GET /session/dd75076a0d0abbf86b1f8e9f5dbfafb1/screenshot - {}
RESULT: {}
]]></system-out>
    </testcase>
    <testcase classname="chrome.135_0_7049_42.windows.Sanity_Tests_US104253" name="Should open Manage Resource Logbook page" time="33.853">
      <system-out><![CDATA[
COMMAND: POST /session/dd75076a0d0abbf86b1f8e9f5dbfafb1/execute/async - {"script":"<script> [1562 bytes]","args":[{"selector":{"controlType":"sap.m.GenericTile","properties":{"header":"Manage Resource Logbook"}},"wdio_ui5_key":"sapm.GenericTile{\"header\":\"Manage Resource Logbook\"}"}]}
RESULT: {"script":"<script> [1562 bytes]","args":[{"selector":{"controlType":"sap.m.GenericTile","properties":{"header":"Manage Resource Logbook"}},"wdio_ui5_key":"sapm.GenericTile{\"header\":\"Manage Resource Logbook\"}"}]}
RESULT: undefined
COMMAND: POST /session/dd75076a0d0abbf86b1f8e9f5dbfafb1/element - {"using":"xpath","value":"//*[@id=\"__tile113\"]"}
RESULT: {"using":"xpath","value":"//*[@id=\"__tile113\"]"}
COMMAND: POST /session/dd75076a0d0abbf86b1f8e9f5dbfafb1/element/f.C79F2849F2BDC41B8CB7AE2AD8CB2047.d.844363DE67259892D551ECFD323BF8A0.e.4228/click - {}
RESULT: {}
COMMAND: GET /session/dd75076a0d0abbf86b1f8e9f5dbfafb1/screenshot - {}
RESULT: {}
RESULT: undefined
COMMAND: POST /session/dd75076a0d0abbf86b1f8e9f5dbfafb1/element - {"using":"xpath","value":"//*[@id=\"__tile113\"]"}
RESULT: {"using":"xpath","value":"//*[@id=\"__tile113\"]"}
COMMAND: POST /session/dd75076a0d0abbf86b1f8e9f5dbfafb1/element/f.C79F2849F2BDC41B8CB7AE2AD8CB2047.d.844363DE67259892D551ECFD323BF8A0.e.4228/click - {}
RESULT: undefined
COMMAND: POST /session/dd75076a0d0abbf86b1f8e9f5dbfafb1/element - {"using":"xpath","value":"//*[@id=\"__tile113\"]"}
RESULT: {"using":"xpath","value":"//*[@id=\"__tile113\"]"}
COMMAND: POST /session/dd75076a0d0abbf86b1f8e9f5dbfafb1/element/f.C79F2849F2BDC41B8CB7AE2AD8CB2047.d.844363DE67259892D551ECFD323BF8A0.e.4228/click - {}
RESULT: undefined
COMMAND: POST /session/dd75076a0d0abbf86b1f8e9f5dbfafb1/execute/async - {"script":"<script> [6424 bytes]","args":[{"element-6066-11e4-a52e-4f735466cecf":"f.C79F2849F2BDC41B8CB7AE2AD8CB2047.d.844363DE67259892D551ECFD323BF8A0.e.291"},"getTitle",[]]}
COMMAND: POST /session/dd75076a0d0abbf86b1f8e9f5dbfafb1/execute/async - {"script":"<script> [1562 bytes]","args":[{"selector":{"id":"shellAppTitle"},"wdio_ui5_key":"shellAppTitle"}]}
RESULT: {"script":"<script> [1562 bytes]","args":[{"selector":{"id":"shellAppTitle"},"wdio_ui5_key":"shellAppTitle"}]}
COMMAND: POST /session/dd75076a0d0abbf86b1f8e9f5dbfafb1/execute/async - {"script":"<script> [6424 bytes]","args":[{"element-6066-11e4-a52e-4f735466cecf":"f.C79F2849F2BDC41B8CB7AE2AD8CB2047.d.844363DE67259892D551ECFD323BF8A0.e.4322"},"getTitle",[]]}
RESULT: {"script":"<script> [6424 bytes]","args":[{"element-6066-11e4-a52e-4f735466cecf":"f.C79F2849F2BDC41B8CB7AE2AD8CB2047.d.844363DE67259892D551ECFD323BF8A0.e.4322"},"getTitle",[]]}
RESULT: undefined
COMMAND: POST /session/dd75076a0d0abbf86b1f8e9f5dbfafb1/element/f.C79F2849F2BDC41B8CB7AE2AD8CB2047.d.844363DE67259892D551ECFD323BF8A0.e.4142/click - {}
COMMAND: POST /session/dd75076a0d0abbf86b1f8e9f5dbfafb1/element - {"using":"xpath","value":"//*[@id=\"backBtn\"]"}
RESULT: {"using":"xpath","value":"//*[@id=\"backBtn\"]"}
COMMAND: POST /session/dd75076a0d0abbf86b1f8e9f5dbfafb1/element/f.C79F2849F2BDC41B8CB7AE2AD8CB2047.d.844363DE67259892D551ECFD323BF8A0.e.4142/click - {}
COMMAND: POST /session/dd75076a0d0abbf86b1f8e9f5dbfafb1/element - {"using":"xpath","value":"//*[@id=\"backBtn\"]"}
RESULT: {"using":"xpath","value":"//*[@id=\"backBtn\"]"}
COMMAND: POST /session/dd75076a0d0abbf86b1f8e9f5dbfafb1/element/f.C79F2849F2BDC41B8CB7AE2AD8CB2047.d.844363DE67259892D551ECFD323BF8A0.e.4323/click - {}
RESULT: {}
COMMAND: GET /session/dd75076a0d0abbf86b1f8e9f5dbfafb1/screenshot - {}
RESULT: {}
]]></system-out>
    </testcase>
    <testcase classname="chrome.135_0_7049_42.windows.Sanity_Tests_US104253" name="Should open Manage Logbook page" time="33.198">
      <system-out><![CDATA[
COMMAND: POST /session/dd75076a0d0abbf86b1f8e9f5dbfafb1/execute/async - {"script":"<script> [1562 bytes]","args":[{"selector":{"controlType":"sap.m.GenericTile","properties":{"header":"Manage Logbook"}},"wdio_ui5_key":"sapm.GenericTile{\"header\":\"Manage Logbook\"}"}]}
RESULT: {"script":"<script> [1562 bytes]","args":[{"selector":{"controlType":"sap.m.GenericTile","properties":{"header":"Manage Logbook"}},"wdio_ui5_key":"sapm.GenericTile{\"header\":\"Manage Logbook\"}"}]}
RESULT: undefined
COMMAND: POST /session/dd75076a0d0abbf86b1f8e9f5dbfafb1/element - {"using":"xpath","value":"//*[@id=\"__tile112\"]"}
RESULT: {"using":"xpath","value":"//*[@id=\"__tile112\"]"}
COMMAND: POST /session/dd75076a0d0abbf86b1f8e9f5dbfafb1/element/f.C79F2849F2BDC41B8CB7AE2AD8CB2047.d.844363DE67259892D551ECFD323BF8A0.e.4325/click - {}
RESULT: {}
COMMAND: GET /session/dd75076a0d0abbf86b1f8e9f5dbfafb1/screenshot - {}
RESULT: {}
RESULT: undefined
COMMAND: POST /session/dd75076a0d0abbf86b1f8e9f5dbfafb1/element - {"using":"xpath","value":"//*[@id=\"__tile112\"]"}
RESULT: {"using":"xpath","value":"//*[@id=\"__tile112\"]"}
COMMAND: POST /session/dd75076a0d0abbf86b1f8e9f5dbfafb1/element/f.C79F2849F2BDC41B8CB7AE2AD8CB2047.d.844363DE67259892D551ECFD323BF8A0.e.4325/click - {}
RESULT: undefined
COMMAND: POST /session/dd75076a0d0abbf86b1f8e9f5dbfafb1/element - {"using":"xpath","value":"//*[@id=\"__tile112\"]"}
RESULT: {"using":"xpath","value":"//*[@id=\"__tile112\"]"}
COMMAND: POST /session/dd75076a0d0abbf86b1f8e9f5dbfafb1/element/f.C79F2849F2BDC41B8CB7AE2AD8CB2047.d.844363DE67259892D551ECFD323BF8A0.e.4325/click - {}
RESULT: undefined
COMMAND: POST /session/dd75076a0d0abbf86b1f8e9f5dbfafb1/execute/async - {"script":"<script> [6424 bytes]","args":[{"element-6066-11e4-a52e-4f735466cecf":"f.C79F2849F2BDC41B8CB7AE2AD8CB2047.d.844363DE67259892D551ECFD323BF8A0.e.291"},"getTitle",[]]}
COMMAND: POST /session/dd75076a0d0abbf86b1f8e9f5dbfafb1/execute/async - {"script":"<script> [1562 bytes]","args":[{"selector":{"id":"shellAppTitle"},"wdio_ui5_key":"shellAppTitle"}]}
RESULT: {"script":"<script> [1562 bytes]","args":[{"selector":{"id":"shellAppTitle"},"wdio_ui5_key":"shellAppTitle"}]}
COMMAND: POST /session/dd75076a0d0abbf86b1f8e9f5dbfafb1/execute/async - {"script":"<script> [6424 bytes]","args":[{"element-6066-11e4-a52e-4f735466cecf":"f.C79F2849F2BDC41B8CB7AE2AD8CB2047.d.844363DE67259892D551ECFD323BF8A0.e.4400"},"getTitle",[]]}
RESULT: {"script":"<script> [6424 bytes]","args":[{"element-6066-11e4-a52e-4f735466cecf":"f.C79F2849F2BDC41B8CB7AE2AD8CB2047.d.844363DE67259892D551ECFD323BF8A0.e.4400"},"getTitle",[]]}
RESULT: undefined
COMMAND: POST /session/dd75076a0d0abbf86b1f8e9f5dbfafb1/element/f.C79F2849F2BDC41B8CB7AE2AD8CB2047.d.844363DE67259892D551ECFD323BF8A0.e.4323/click - {}
RESULT: {}
COMMAND: GET /session/dd75076a0d0abbf86b1f8e9f5dbfafb1/screenshot - {}
RESULT: {}
]]></system-out>
    </testcase>
    <testcase classname="chrome.135_0_7049_42.windows.Sanity_Tests_US104253" name="Should open ISC Orders Calendar page" time="34.626">
      <system-out><![CDATA[
COMMAND: POST /session/dd75076a0d0abbf86b1f8e9f5dbfafb1/execute/async - {"script":"<script> [1562 bytes]","args":[{"selector":{"controlType":"sap.m.GenericTile","properties":{"header":"ISC Orders Calendar"}},"wdio_ui5_key":"sapm.GenericTile{\"header\":\"ISC Orders Calendar\"}"}]}
RESULT: {"script":"<script> [1562 bytes]","args":[{"selector":{"controlType":"sap.m.GenericTile","properties":{"header":"ISC Orders Calendar"}},"wdio_ui5_key":"sapm.GenericTile{\"header\":\"ISC Orders Calendar\"}"}]}
RESULT: undefined
COMMAND: POST /session/dd75076a0d0abbf86b1f8e9f5dbfafb1/element - {"using":"xpath","value":"//*[@id=\"__tile107\"]"}
RESULT: {"using":"xpath","value":"//*[@id=\"__tile107\"]"}
COMMAND: POST /session/dd75076a0d0abbf86b1f8e9f5dbfafb1/element/f.C79F2849F2BDC41B8CB7AE2AD8CB2047.d.844363DE67259892D551ECFD323BF8A0.e.4402/click - {}
RESULT: {}
COMMAND: GET /session/dd75076a0d0abbf86b1f8e9f5dbfafb1/screenshot - {}
RESULT: {}
RESULT: undefined
COMMAND: POST /session/dd75076a0d0abbf86b1f8e9f5dbfafb1/element - {"using":"xpath","value":"//*[@id=\"__tile107\"]"}
RESULT: {"using":"xpath","value":"//*[@id=\"__tile107\"]"}
COMMAND: POST /session/dd75076a0d0abbf86b1f8e9f5dbfafb1/element/f.C79F2849F2BDC41B8CB7AE2AD8CB2047.d.844363DE67259892D551ECFD323BF8A0.e.4402/click - {}
RESULT: undefined
COMMAND: POST /session/dd75076a0d0abbf86b1f8e9f5dbfafb1/element - {"using":"xpath","value":"//*[@id=\"__tile107\"]"}
RESULT: {"using":"xpath","value":"//*[@id=\"__tile107\"]"}
COMMAND: POST /session/dd75076a0d0abbf86b1f8e9f5dbfafb1/element/f.C79F2849F2BDC41B8CB7AE2AD8CB2047.d.844363DE67259892D551ECFD323BF8A0.e.4402/click - {}
RESULT: undefined
COMMAND: POST /session/dd75076a0d0abbf86b1f8e9f5dbfafb1/execute/async - {"script":"<script> [6424 bytes]","args":[{"element-6066-11e4-a52e-4f735466cecf":"f.C79F2849F2BDC41B8CB7AE2AD8CB2047.d.844363DE67259892D551ECFD323BF8A0.e.291"},"getTitle",[]]}
COMMAND: POST /session/dd75076a0d0abbf86b1f8e9f5dbfafb1/execute/async - {"script":"<script> [1562 bytes]","args":[{"selector":{"id":"shellAppTitle"},"wdio_ui5_key":"shellAppTitle"}]}
RESULT: {"script":"<script> [1562 bytes]","args":[{"selector":{"id":"shellAppTitle"},"wdio_ui5_key":"shellAppTitle"}]}
COMMAND: POST /session/dd75076a0d0abbf86b1f8e9f5dbfafb1/execute/async - {"script":"<script> [6424 bytes]","args":[{"element-6066-11e4-a52e-4f735466cecf":"f.C79F2849F2BDC41B8CB7AE2AD8CB2047.d.844363DE67259892D551ECFD323BF8A0.e.4609"},"getTitle",[]]}
RESULT: {"script":"<script> [6424 bytes]","args":[{"element-6066-11e4-a52e-4f735466cecf":"f.C79F2849F2BDC41B8CB7AE2AD8CB2047.d.844363DE67259892D551ECFD323BF8A0.e.4609"},"getTitle",[]]}
RESULT: undefined
COMMAND: POST /session/dd75076a0d0abbf86b1f8e9f5dbfafb1/element/f.C79F2849F2BDC41B8CB7AE2AD8CB2047.d.844363DE67259892D551ECFD323BF8A0.e.4323/click - {}
COMMAND: POST /session/dd75076a0d0abbf86b1f8e9f5dbfafb1/element - {"using":"xpath","value":"//*[@id=\"backBtn\"]"}
RESULT: {"using":"xpath","value":"//*[@id=\"backBtn\"]"}
COMMAND: POST /session/dd75076a0d0abbf86b1f8e9f5dbfafb1/element/f.C79F2849F2BDC41B8CB7AE2AD8CB2047.d.844363DE67259892D551ECFD323BF8A0.e.4323/click - {}
COMMAND: POST /session/dd75076a0d0abbf86b1f8e9f5dbfafb1/element - {"using":"xpath","value":"//*[@id=\"backBtn\"]"}
RESULT: {"using":"xpath","value":"//*[@id=\"backBtn\"]"}
COMMAND: POST /session/dd75076a0d0abbf86b1f8e9f5dbfafb1/element/f.C79F2849F2BDC41B8CB7AE2AD8CB2047.d.844363DE67259892D551ECFD323BF8A0.e.4610/click - {}
RESULT: {}
COMMAND: GET /session/dd75076a0d0abbf86b1f8e9f5dbfafb1/screenshot - {}
RESULT: {}
]]></system-out>
    </testcase>
    <testcase classname="chrome.135_0_7049_42.windows.Sanity_Tests_US104253" name="Should open Configure System page" time="34.865">
      <system-out><![CDATA[
COMMAND: POST /session/dd75076a0d0abbf86b1f8e9f5dbfafb1/execute/async - {"script":"<script> [1562 bytes]","args":[{"selector":{"controlType":"sap.m.GenericTile","properties":{"header":"Configure System"}},"wdio_ui5_key":"sapm.GenericTile{\"header\":\"Configure System\"}"}]}
RESULT: {"script":"<script> [1562 bytes]","args":[{"selector":{"controlType":"sap.m.GenericTile","properties":{"header":"Configure System"}},"wdio_ui5_key":"sapm.GenericTile{\"header\":\"Configure System\"}"}]}
RESULT: undefined
COMMAND: POST /session/dd75076a0d0abbf86b1f8e9f5dbfafb1/element - {"using":"xpath","value":"//*[@id=\"__tile114\"]"}
RESULT: {"using":"xpath","value":"//*[@id=\"__tile114\"]"}
COMMAND: POST /session/dd75076a0d0abbf86b1f8e9f5dbfafb1/element/f.C79F2849F2BDC41B8CB7AE2AD8CB2047.d.844363DE67259892D551ECFD323BF8A0.e.4612/click - {}
RESULT: {}
COMMAND: GET /session/dd75076a0d0abbf86b1f8e9f5dbfafb1/screenshot - {}
RESULT: {}
RESULT: undefined
COMMAND: POST /session/dd75076a0d0abbf86b1f8e9f5dbfafb1/element - {"using":"xpath","value":"//*[@id=\"__tile114\"]"}
RESULT: {"using":"xpath","value":"//*[@id=\"__tile114\"]"}
COMMAND: POST /session/dd75076a0d0abbf86b1f8e9f5dbfafb1/element/f.C79F2849F2BDC41B8CB7AE2AD8CB2047.d.844363DE67259892D551ECFD323BF8A0.e.4612/click - {}
RESULT: undefined
COMMAND: POST /session/dd75076a0d0abbf86b1f8e9f5dbfafb1/element - {"using":"xpath","value":"//*[@id=\"__tile114\"]"}
RESULT: {"using":"xpath","value":"//*[@id=\"__tile114\"]"}
COMMAND: POST /session/dd75076a0d0abbf86b1f8e9f5dbfafb1/element/f.C79F2849F2BDC41B8CB7AE2AD8CB2047.d.844363DE67259892D551ECFD323BF8A0.e.4612/click - {}
RESULT: undefined
COMMAND: POST /session/dd75076a0d0abbf86b1f8e9f5dbfafb1/execute/async - {"script":"<script> [6424 bytes]","args":[{"element-6066-11e4-a52e-4f735466cecf":"f.C79F2849F2BDC41B8CB7AE2AD8CB2047.d.844363DE67259892D551ECFD323BF8A0.e.291"},"getTitle",[]]}
COMMAND: POST /session/dd75076a0d0abbf86b1f8e9f5dbfafb1/execute/async - {"script":"<script> [1562 bytes]","args":[{"selector":{"id":"shellAppTitle"},"wdio_ui5_key":"shellAppTitle"}]}
RESULT: {"script":"<script> [1562 bytes]","args":[{"selector":{"id":"shellAppTitle"},"wdio_ui5_key":"shellAppTitle"}]}
COMMAND: POST /session/dd75076a0d0abbf86b1f8e9f5dbfafb1/execute/async - {"script":"<script> [6424 bytes]","args":[{"element-6066-11e4-a52e-4f735466cecf":"f.C79F2849F2BDC41B8CB7AE2AD8CB2047.d.844363DE67259892D551ECFD323BF8A0.e.4658"},"getTitle",[]]}
RESULT: {"script":"<script> [6424 bytes]","args":[{"element-6066-11e4-a52e-4f735466cecf":"f.C79F2849F2BDC41B8CB7AE2AD8CB2047.d.844363DE67259892D551ECFD323BF8A0.e.4658"},"getTitle",[]]}
RESULT: undefined
COMMAND: POST /session/dd75076a0d0abbf86b1f8e9f5dbfafb1/element/f.C79F2849F2BDC41B8CB7AE2AD8CB2047.d.844363DE67259892D551ECFD323BF8A0.e.4610/click - {}
RESULT: {}
COMMAND: GET /session/dd75076a0d0abbf86b1f8e9f5dbfafb1/screenshot - {}
RESULT: {}
]]></system-out>
    </testcase>
    <testcase classname="chrome.135_0_7049_42.windows.Sanity_Tests_US104253" name="Should open Manage Classifications page" time="34.059">
      <system-out><![CDATA[
COMMAND: POST /session/dd75076a0d0abbf86b1f8e9f5dbfafb1/execute/async - {"script":"<script> [1562 bytes]","args":[{"selector":{"controlType":"sap.m.GenericTile","properties":{"header":"Manage Classifications"}},"wdio_ui5_key":"sapm.GenericTile{\"header\":\"Manage Classifications\"}"}]}
RESULT: {"script":"<script> [1562 bytes]","args":[{"selector":{"controlType":"sap.m.GenericTile","properties":{"header":"Manage Classifications"}},"wdio_ui5_key":"sapm.GenericTile{\"header\":\"Manage Classifications\"}"}]}
RESULT: undefined
COMMAND: POST /session/dd75076a0d0abbf86b1f8e9f5dbfafb1/element - {"using":"xpath","value":"//*[@id=\"__tile115\"]"}
RESULT: {"using":"xpath","value":"//*[@id=\"__tile115\"]"}
COMMAND: POST /session/dd75076a0d0abbf86b1f8e9f5dbfafb1/element/f.C79F2849F2BDC41B8CB7AE2AD8CB2047.d.844363DE67259892D551ECFD323BF8A0.e.4662/click - {}
RESULT: {}
COMMAND: GET /session/dd75076a0d0abbf86b1f8e9f5dbfafb1/screenshot - {}
RESULT: {}
RESULT: undefined
COMMAND: POST /session/dd75076a0d0abbf86b1f8e9f5dbfafb1/element - {"using":"xpath","value":"//*[@id=\"__tile115\"]"}
RESULT: {"using":"xpath","value":"//*[@id=\"__tile115\"]"}
COMMAND: POST /session/dd75076a0d0abbf86b1f8e9f5dbfafb1/element/f.C79F2849F2BDC41B8CB7AE2AD8CB2047.d.844363DE67259892D551ECFD323BF8A0.e.4662/click - {}
RESULT: undefined
COMMAND: POST /session/dd75076a0d0abbf86b1f8e9f5dbfafb1/element - {"using":"xpath","value":"//*[@id=\"__tile115\"]"}
RESULT: {"using":"xpath","value":"//*[@id=\"__tile115\"]"}
COMMAND: POST /session/dd75076a0d0abbf86b1f8e9f5dbfafb1/element/f.C79F2849F2BDC41B8CB7AE2AD8CB2047.d.844363DE67259892D551ECFD323BF8A0.e.4662/click - {}
RESULT: undefined
COMMAND: POST /session/dd75076a0d0abbf86b1f8e9f5dbfafb1/execute/async - {"script":"<script> [6424 bytes]","args":[{"element-6066-11e4-a52e-4f735466cecf":"f.C79F2849F2BDC41B8CB7AE2AD8CB2047.d.844363DE67259892D551ECFD323BF8A0.e.291"},"getTitle",[]]}
COMMAND: POST /session/dd75076a0d0abbf86b1f8e9f5dbfafb1/execute/async - {"script":"<script> [1562 bytes]","args":[{"selector":{"id":"shellAppTitle"},"wdio_ui5_key":"shellAppTitle"}]}
RESULT: {"script":"<script> [1562 bytes]","args":[{"selector":{"id":"shellAppTitle"},"wdio_ui5_key":"shellAppTitle"}]}
COMMAND: POST /session/dd75076a0d0abbf86b1f8e9f5dbfafb1/execute/async - {"script":"<script> [6424 bytes]","args":[{"element-6066-11e4-a52e-4f735466cecf":"f.C79F2849F2BDC41B8CB7AE2AD8CB2047.d.844363DE67259892D551ECFD323BF8A0.e.4792"},"getTitle",[]]}
RESULT: {"script":"<script> [6424 bytes]","args":[{"element-6066-11e4-a52e-4f735466cecf":"f.C79F2849F2BDC41B8CB7AE2AD8CB2047.d.844363DE67259892D551ECFD323BF8A0.e.4792"},"getTitle",[]]}
RESULT: undefined
COMMAND: POST /session/dd75076a0d0abbf86b1f8e9f5dbfafb1/element/f.C79F2849F2BDC41B8CB7AE2AD8CB2047.d.844363DE67259892D551ECFD323BF8A0.e.4610/click - {}
COMMAND: POST /session/dd75076a0d0abbf86b1f8e9f5dbfafb1/element - {"using":"xpath","value":"//*[@id=\"backBtn\"]"}
RESULT: {"using":"xpath","value":"//*[@id=\"backBtn\"]"}
COMMAND: POST /session/dd75076a0d0abbf86b1f8e9f5dbfafb1/element/f.C79F2849F2BDC41B8CB7AE2AD8CB2047.d.844363DE67259892D551ECFD323BF8A0.e.4610/click - {}
COMMAND: POST /session/dd75076a0d0abbf86b1f8e9f5dbfafb1/element - {"using":"xpath","value":"//*[@id=\"backBtn\"]"}
RESULT: {"using":"xpath","value":"//*[@id=\"backBtn\"]"}
COMMAND: POST /session/dd75076a0d0abbf86b1f8e9f5dbfafb1/element/f.C79F2849F2BDC41B8CB7AE2AD8CB2047.d.844363DE67259892D551ECFD323BF8A0.e.4793/click - {}
RESULT: {}
COMMAND: GET /session/dd75076a0d0abbf86b1f8e9f5dbfafb1/screenshot - {}
RESULT: {}
]]></system-out>
    </testcase>
    <testcase classname="chrome.135_0_7049_42.windows.Sanity_Tests_US104253" name="Should open Data Explorer page" time="32.156">
      <system-out><![CDATA[
COMMAND: POST /session/dd75076a0d0abbf86b1f8e9f5dbfafb1/execute/async - {"script":"<script> [1562 bytes]","args":[{"selector":{"controlType":"sap.m.GenericTile","properties":{"header":"Data Explorer"}},"wdio_ui5_key":"sapm.GenericTile{\"header\":\"Data Explorer\"}"}]}
RESULT: {"script":"<script> [1562 bytes]","args":[{"selector":{"controlType":"sap.m.GenericTile","properties":{"header":"Data Explorer"}},"wdio_ui5_key":"sapm.GenericTile{\"header\":\"Data Explorer\"}"}]}
RESULT: undefined
COMMAND: POST /session/dd75076a0d0abbf86b1f8e9f5dbfafb1/element - {"using":"xpath","value":"//*[@id=\"__tile117\"]"}
RESULT: {"using":"xpath","value":"//*[@id=\"__tile117\"]"}
COMMAND: POST /session/dd75076a0d0abbf86b1f8e9f5dbfafb1/element/f.C79F2849F2BDC41B8CB7AE2AD8CB2047.d.844363DE67259892D551ECFD323BF8A0.e.4795/click - {}
RESULT: {}
COMMAND: GET /session/dd75076a0d0abbf86b1f8e9f5dbfafb1/screenshot - {}
RESULT: {}
RESULT: undefined
COMMAND: POST /session/dd75076a0d0abbf86b1f8e9f5dbfafb1/element - {"using":"xpath","value":"//*[@id=\"__tile117\"]"}
RESULT: {"using":"xpath","value":"//*[@id=\"__tile117\"]"}
COMMAND: POST /session/dd75076a0d0abbf86b1f8e9f5dbfafb1/element/f.C79F2849F2BDC41B8CB7AE2AD8CB2047.d.844363DE67259892D551ECFD323BF8A0.e.4795/click - {}
RESULT: undefined
COMMAND: POST /session/dd75076a0d0abbf86b1f8e9f5dbfafb1/element - {"using":"xpath","value":"//*[@id=\"__tile117\"]"}
RESULT: {"using":"xpath","value":"//*[@id=\"__tile117\"]"}
COMMAND: POST /session/dd75076a0d0abbf86b1f8e9f5dbfafb1/element/f.C79F2849F2BDC41B8CB7AE2AD8CB2047.d.844363DE67259892D551ECFD323BF8A0.e.4795/click - {}
RESULT: undefined
COMMAND: POST /session/dd75076a0d0abbf86b1f8e9f5dbfafb1/execute/async - {"script":"<script> [6424 bytes]","args":[{"element-6066-11e4-a52e-4f735466cecf":"f.C79F2849F2BDC41B8CB7AE2AD8CB2047.d.844363DE67259892D551ECFD323BF8A0.e.291"},"getTitle",[]]}
COMMAND: POST /session/dd75076a0d0abbf86b1f8e9f5dbfafb1/execute/async - {"script":"<script> [1562 bytes]","args":[{"selector":{"id":"shellAppTitle"},"wdio_ui5_key":"shellAppTitle"}]}
RESULT: {"script":"<script> [1562 bytes]","args":[{"selector":{"id":"shellAppTitle"},"wdio_ui5_key":"shellAppTitle"}]}
COMMAND: POST /session/dd75076a0d0abbf86b1f8e9f5dbfafb1/execute/async - {"script":"<script> [6424 bytes]","args":[{"element-6066-11e4-a52e-4f735466cecf":"f.C79F2849F2BDC41B8CB7AE2AD8CB2047.d.844363DE67259892D551ECFD323BF8A0.e.4968"},"getTitle",[]]}
RESULT: {"script":"<script> [6424 bytes]","args":[{"element-6066-11e4-a52e-4f735466cecf":"f.C79F2849F2BDC41B8CB7AE2AD8CB2047.d.844363DE67259892D551ECFD323BF8A0.e.4968"},"getTitle",[]]}
RESULT: undefined
COMMAND: POST /session/dd75076a0d0abbf86b1f8e9f5dbfafb1/element/f.C79F2849F2BDC41B8CB7AE2AD8CB2047.d.844363DE67259892D551ECFD323BF8A0.e.4793/click - {}
RESULT: {}
COMMAND: GET /session/dd75076a0d0abbf86b1f8e9f5dbfafb1/screenshot - {}
RESULT: {}
]]></system-out>
    </testcase>
    <testcase classname="chrome.135_0_7049_42.windows.Sanity_Tests_US104253" name="Should open Performance Monitor page" time="33.785">
      <system-out><![CDATA[
COMMAND: POST /session/dd75076a0d0abbf86b1f8e9f5dbfafb1/execute/async - {"script":"<script> [1562 bytes]","args":[{"selector":{"controlType":"sap.m.GenericTile","properties":{"header":"Performance Monitor"}},"wdio_ui5_key":"sapm.GenericTile{\"header\":\"Performance Monitor\"}"}]}
RESULT: {"script":"<script> [1562 bytes]","args":[{"selector":{"controlType":"sap.m.GenericTile","properties":{"header":"Performance Monitor"}},"wdio_ui5_key":"sapm.GenericTile{\"header\":\"Performance Monitor\"}"}]}
RESULT: undefined
COMMAND: POST /session/dd75076a0d0abbf86b1f8e9f5dbfafb1/element - {"using":"xpath","value":"//*[@id=\"__tile116\"]"}
RESULT: {"using":"xpath","value":"//*[@id=\"__tile116\"]"}
COMMAND: POST /session/dd75076a0d0abbf86b1f8e9f5dbfafb1/element/f.C79F2849F2BDC41B8CB7AE2AD8CB2047.d.844363DE67259892D551ECFD323BF8A0.e.4971/click - {}
RESULT: {}
COMMAND: GET /session/dd75076a0d0abbf86b1f8e9f5dbfafb1/screenshot - {}
RESULT: {}
RESULT: undefined
COMMAND: POST /session/dd75076a0d0abbf86b1f8e9f5dbfafb1/element - {"using":"xpath","value":"//*[@id=\"__tile116\"]"}
RESULT: {"using":"xpath","value":"//*[@id=\"__tile116\"]"}
COMMAND: POST /session/dd75076a0d0abbf86b1f8e9f5dbfafb1/element/f.C79F2849F2BDC41B8CB7AE2AD8CB2047.d.844363DE67259892D551ECFD323BF8A0.e.4971/click - {}
RESULT: undefined
COMMAND: POST /session/dd75076a0d0abbf86b1f8e9f5dbfafb1/element - {"using":"xpath","value":"//*[@id=\"__tile116\"]"}
RESULT: {"using":"xpath","value":"//*[@id=\"__tile116\"]"}
COMMAND: POST /session/dd75076a0d0abbf86b1f8e9f5dbfafb1/element/f.C79F2849F2BDC41B8CB7AE2AD8CB2047.d.844363DE67259892D551ECFD323BF8A0.e.4971/click - {}
RESULT: undefined
COMMAND: POST /session/dd75076a0d0abbf86b1f8e9f5dbfafb1/execute/async - {"script":"<script> [6424 bytes]","args":[{"element-6066-11e4-a52e-4f735466cecf":"f.C79F2849F2BDC41B8CB7AE2AD8CB2047.d.844363DE67259892D551ECFD323BF8A0.e.291"},"getTitle",[]]}
COMMAND: POST /session/dd75076a0d0abbf86b1f8e9f5dbfafb1/execute/async - {"script":"<script> [1562 bytes]","args":[{"selector":{"id":"shellAppTitle"},"wdio_ui5_key":"shellAppTitle"}]}
RESULT: {"script":"<script> [1562 bytes]","args":[{"selector":{"id":"shellAppTitle"},"wdio_ui5_key":"shellAppTitle"}]}
COMMAND: POST /session/dd75076a0d0abbf86b1f8e9f5dbfafb1/execute/async - {"script":"<script> [6424 bytes]","args":[{"element-6066-11e4-a52e-4f735466cecf":"f.C79F2849F2BDC41B8CB7AE2AD8CB2047.d.844363DE67259892D551ECFD323BF8A0.e.5011"},"getTitle",[]]}
RESULT: {"script":"<script> [6424 bytes]","args":[{"element-6066-11e4-a52e-4f735466cecf":"f.C79F2849F2BDC41B8CB7AE2AD8CB2047.d.844363DE67259892D551ECFD323BF8A0.e.5011"},"getTitle",[]]}
RESULT: undefined
COMMAND: POST /session/dd75076a0d0abbf86b1f8e9f5dbfafb1/element/f.C79F2849F2BDC41B8CB7AE2AD8CB2047.d.844363DE67259892D551ECFD323BF8A0.e.4793/click - {}
COMMAND: POST /session/dd75076a0d0abbf86b1f8e9f5dbfafb1/element - {"using":"xpath","value":"//*[@id=\"backBtn\"]"}
RESULT: {"using":"xpath","value":"//*[@id=\"backBtn\"]"}
COMMAND: POST /session/dd75076a0d0abbf86b1f8e9f5dbfafb1/element/f.C79F2849F2BDC41B8CB7AE2AD8CB2047.d.844363DE67259892D551ECFD323BF8A0.e.4793/click - {}
COMMAND: POST /session/dd75076a0d0abbf86b1f8e9f5dbfafb1/element - {"using":"xpath","value":"//*[@id=\"backBtn\"]"}
RESULT: {"using":"xpath","value":"//*[@id=\"backBtn\"]"}
COMMAND: POST /session/dd75076a0d0abbf86b1f8e9f5dbfafb1/element/f.C79F2849F2BDC41B8CB7AE2AD8CB2047.d.844363DE67259892D551ECFD323BF8A0.e.5012/click - {}
RESULT: {}
COMMAND: GET /session/dd75076a0d0abbf86b1f8e9f5dbfafb1/screenshot - {}
RESULT: {}
]]></system-out>
    </testcase>
    <testcase classname="chrome.135_0_7049_42.windows.Sanity_Tests_US104253" name="Should open Organizational Model page" time="35.753">
      <system-out><![CDATA[
COMMAND: POST /session/dd75076a0d0abbf86b1f8e9f5dbfafb1/execute/async - {"script":"<script> [1562 bytes]","args":[{"selector":{"controlType":"sap.m.GenericTile","properties":{"header":"Organizational Model"}},"wdio_ui5_key":"sapm.GenericTile{\"header\":\"Organizational Model\"}"}]}
RESULT: {"script":"<script> [1562 bytes]","args":[{"selector":{"controlType":"sap.m.GenericTile","properties":{"header":"Organizational Model"}},"wdio_ui5_key":"sapm.GenericTile{\"header\":\"Organizational Model\"}"}]}
RESULT: undefined
COMMAND: POST /session/dd75076a0d0abbf86b1f8e9f5dbfafb1/element - {"using":"xpath","value":"//*[@id=\"__tile120\"]"}
RESULT: {"using":"xpath","value":"//*[@id=\"__tile120\"]"}
COMMAND: POST /session/dd75076a0d0abbf86b1f8e9f5dbfafb1/element/f.C79F2849F2BDC41B8CB7AE2AD8CB2047.d.844363DE67259892D551ECFD323BF8A0.e.5015/click - {}
RESULT: {}
COMMAND: GET /session/dd75076a0d0abbf86b1f8e9f5dbfafb1/screenshot - {}
RESULT: {}
RESULT: undefined
COMMAND: POST /session/dd75076a0d0abbf86b1f8e9f5dbfafb1/element - {"using":"xpath","value":"//*[@id=\"__tile120\"]"}
RESULT: {"using":"xpath","value":"//*[@id=\"__tile120\"]"}
COMMAND: POST /session/dd75076a0d0abbf86b1f8e9f5dbfafb1/element/f.C79F2849F2BDC41B8CB7AE2AD8CB2047.d.844363DE67259892D551ECFD323BF8A0.e.5015/click - {}
RESULT: undefined
COMMAND: POST /session/dd75076a0d0abbf86b1f8e9f5dbfafb1/element - {"using":"xpath","value":"//*[@id=\"__tile120\"]"}
RESULT: {"using":"xpath","value":"//*[@id=\"__tile120\"]"}
COMMAND: POST /session/dd75076a0d0abbf86b1f8e9f5dbfafb1/element/f.C79F2849F2BDC41B8CB7AE2AD8CB2047.d.844363DE67259892D551ECFD323BF8A0.e.5015/click - {}
RESULT: undefined
COMMAND: POST /session/dd75076a0d0abbf86b1f8e9f5dbfafb1/execute/async - {"script":"<script> [6424 bytes]","args":[{"element-6066-11e4-a52e-4f735466cecf":"f.C79F2849F2BDC41B8CB7AE2AD8CB2047.d.844363DE67259892D551ECFD323BF8A0.e.291"},"getTitle",[]]}
COMMAND: POST /session/dd75076a0d0abbf86b1f8e9f5dbfafb1/execute/async - {"script":"<script> [1562 bytes]","args":[{"selector":{"id":"shellAppTitle"},"wdio_ui5_key":"shellAppTitle"}]}
RESULT: {"script":"<script> [1562 bytes]","args":[{"selector":{"id":"shellAppTitle"},"wdio_ui5_key":"shellAppTitle"}]}
COMMAND: POST /session/dd75076a0d0abbf86b1f8e9f5dbfafb1/execute/async - {"script":"<script> [6424 bytes]","args":[{"element-6066-11e4-a52e-4f735466cecf":"f.C79F2849F2BDC41B8CB7AE2AD8CB2047.d.844363DE67259892D551ECFD323BF8A0.e.5034"},"getTitle",[]]}
RESULT: {"script":"<script> [6424 bytes]","args":[{"element-6066-11e4-a52e-4f735466cecf":"f.C79F2849F2BDC41B8CB7AE2AD8CB2047.d.844363DE67259892D551ECFD323BF8A0.e.5034"},"getTitle",[]]}
RESULT: undefined
COMMAND: POST /session/dd75076a0d0abbf86b1f8e9f5dbfafb1/element/f.C79F2849F2BDC41B8CB7AE2AD8CB2047.d.844363DE67259892D551ECFD323BF8A0.e.5012/click - {}
RESULT: {}
COMMAND: GET /session/dd75076a0d0abbf86b1f8e9f5dbfafb1/screenshot - {}
RESULT: {}
]]></system-out>
    </testcase>
    <testcase classname="chrome.135_0_7049_42.windows.Sanity_Tests_US104253" name="Should open Manage Roles page" time="32.45">
      <system-out><![CDATA[
COMMAND: POST /session/dd75076a0d0abbf86b1f8e9f5dbfafb1/execute/async - {"script":"<script> [1562 bytes]","args":[{"selector":{"controlType":"sap.m.GenericTile","properties":{"header":"Manage Roles"}},"wdio_ui5_key":"sapm.GenericTile{\"header\":\"Manage Roles\"}"}]}
RESULT: {"script":"<script> [1562 bytes]","args":[{"selector":{"controlType":"sap.m.GenericTile","properties":{"header":"Manage Roles"}},"wdio_ui5_key":"sapm.GenericTile{\"header\":\"Manage Roles\"}"}]}
RESULT: undefined
COMMAND: POST /session/dd75076a0d0abbf86b1f8e9f5dbfafb1/element - {"using":"xpath","value":"//*[@id=\"__tile119\"]"}
RESULT: {"using":"xpath","value":"//*[@id=\"__tile119\"]"}
COMMAND: POST /session/dd75076a0d0abbf86b1f8e9f5dbfafb1/element/f.C79F2849F2BDC41B8CB7AE2AD8CB2047.d.844363DE67259892D551ECFD323BF8A0.e.5036/click - {}
RESULT: {}
COMMAND: GET /session/dd75076a0d0abbf86b1f8e9f5dbfafb1/screenshot - {}
RESULT: {}
RESULT: undefined
COMMAND: POST /session/dd75076a0d0abbf86b1f8e9f5dbfafb1/element - {"using":"xpath","value":"//*[@id=\"__tile119\"]"}
RESULT: {"using":"xpath","value":"//*[@id=\"__tile119\"]"}
COMMAND: POST /session/dd75076a0d0abbf86b1f8e9f5dbfafb1/element/f.C79F2849F2BDC41B8CB7AE2AD8CB2047.d.844363DE67259892D551ECFD323BF8A0.e.5036/click - {}
RESULT: undefined
COMMAND: POST /session/dd75076a0d0abbf86b1f8e9f5dbfafb1/element - {"using":"xpath","value":"//*[@id=\"__tile119\"]"}
RESULT: {"using":"xpath","value":"//*[@id=\"__tile119\"]"}
COMMAND: POST /session/dd75076a0d0abbf86b1f8e9f5dbfafb1/element/f.C79F2849F2BDC41B8CB7AE2AD8CB2047.d.844363DE67259892D551ECFD323BF8A0.e.5036/click - {}
RESULT: undefined
COMMAND: POST /session/dd75076a0d0abbf86b1f8e9f5dbfafb1/execute/async - {"script":"<script> [6424 bytes]","args":[{"element-6066-11e4-a52e-4f735466cecf":"f.C79F2849F2BDC41B8CB7AE2AD8CB2047.d.844363DE67259892D551ECFD323BF8A0.e.291"},"getTitle",[]]}
COMMAND: POST /session/dd75076a0d0abbf86b1f8e9f5dbfafb1/execute/async - {"script":"<script> [1562 bytes]","args":[{"selector":{"id":"shellAppTitle"},"wdio_ui5_key":"shellAppTitle"}]}
RESULT: {"script":"<script> [1562 bytes]","args":[{"selector":{"id":"shellAppTitle"},"wdio_ui5_key":"shellAppTitle"}]}
COMMAND: POST /session/dd75076a0d0abbf86b1f8e9f5dbfafb1/execute/async - {"script":"<script> [6424 bytes]","args":[{"element-6066-11e4-a52e-4f735466cecf":"f.C79F2849F2BDC41B8CB7AE2AD8CB2047.d.844363DE67259892D551ECFD323BF8A0.e.5080"},"getTitle",[]]}
RESULT: {"script":"<script> [6424 bytes]","args":[{"element-6066-11e4-a52e-4f735466cecf":"f.C79F2849F2BDC41B8CB7AE2AD8CB2047.d.844363DE67259892D551ECFD323BF8A0.e.5080"},"getTitle",[]]}
RESULT: undefined
COMMAND: POST /session/dd75076a0d0abbf86b1f8e9f5dbfafb1/element/f.C79F2849F2BDC41B8CB7AE2AD8CB2047.d.844363DE67259892D551ECFD323BF8A0.e.5012/click - {}
COMMAND: POST /session/dd75076a0d0abbf86b1f8e9f5dbfafb1/element - {"using":"xpath","value":"//*[@id=\"backBtn\"]"}
RESULT: {"using":"xpath","value":"//*[@id=\"backBtn\"]"}
COMMAND: POST /session/dd75076a0d0abbf86b1f8e9f5dbfafb1/element/f.C79F2849F2BDC41B8CB7AE2AD8CB2047.d.844363DE67259892D551ECFD323BF8A0.e.5012/click - {}
COMMAND: POST /session/dd75076a0d0abbf86b1f8e9f5dbfafb1/element - {"using":"xpath","value":"//*[@id=\"backBtn\"]"}
RESULT: {"using":"xpath","value":"//*[@id=\"backBtn\"]"}
COMMAND: POST /session/dd75076a0d0abbf86b1f8e9f5dbfafb1/element/f.C79F2849F2BDC41B8CB7AE2AD8CB2047.d.844363DE67259892D551ECFD323BF8A0.e.5081/click - {}
RESULT: {}
COMMAND: GET /session/dd75076a0d0abbf86b1f8e9f5dbfafb1/screenshot - {}
RESULT: {}
]]></system-out>
    </testcase>
    <testcase classname="chrome.135_0_7049_42.windows.Sanity_Tests_US104253" name="Should open Authorization Tables page" time="33.469">
      <system-out><![CDATA[
COMMAND: POST /session/dd75076a0d0abbf86b1f8e9f5dbfafb1/execute/async - {"script":"<script> [1562 bytes]","args":[{"selector":{"controlType":"sap.m.GenericTile","properties":{"header":"Authorization Tables"}},"wdio_ui5_key":"sapm.GenericTile{\"header\":\"Authorization Tables\"}"}]}
RESULT: {"script":"<script> [1562 bytes]","args":[{"selector":{"controlType":"sap.m.GenericTile","properties":{"header":"Authorization Tables"}},"wdio_ui5_key":"sapm.GenericTile{\"header\":\"Authorization Tables\"}"}]}
RESULT: undefined
COMMAND: POST /session/dd75076a0d0abbf86b1f8e9f5dbfafb1/element - {"using":"xpath","value":"//*[@id=\"__tile118\"]"}
RESULT: {"using":"xpath","value":"//*[@id=\"__tile118\"]"}
COMMAND: POST /session/dd75076a0d0abbf86b1f8e9f5dbfafb1/element/f.C79F2849F2BDC41B8CB7AE2AD8CB2047.d.844363DE67259892D551ECFD323BF8A0.e.5083/click - {}
RESULT: {}
COMMAND: GET /session/dd75076a0d0abbf86b1f8e9f5dbfafb1/screenshot - {}
RESULT: {}
RESULT: undefined
COMMAND: POST /session/dd75076a0d0abbf86b1f8e9f5dbfafb1/element - {"using":"xpath","value":"//*[@id=\"__tile118\"]"}
RESULT: {"using":"xpath","value":"//*[@id=\"__tile118\"]"}
COMMAND: POST /session/dd75076a0d0abbf86b1f8e9f5dbfafb1/element/f.C79F2849F2BDC41B8CB7AE2AD8CB2047.d.844363DE67259892D551ECFD323BF8A0.e.5083/click - {}
RESULT: undefined
COMMAND: POST /session/dd75076a0d0abbf86b1f8e9f5dbfafb1/element - {"using":"xpath","value":"//*[@id=\"__tile118\"]"}
RESULT: {"using":"xpath","value":"//*[@id=\"__tile118\"]"}
COMMAND: POST /session/dd75076a0d0abbf86b1f8e9f5dbfafb1/element/f.C79F2849F2BDC41B8CB7AE2AD8CB2047.d.844363DE67259892D551ECFD323BF8A0.e.5083/click - {}
RESULT: undefined
COMMAND: POST /session/dd75076a0d0abbf86b1f8e9f5dbfafb1/execute/async - {"script":"<script> [6424 bytes]","args":[{"element-6066-11e4-a52e-4f735466cecf":"f.C79F2849F2BDC41B8CB7AE2AD8CB2047.d.844363DE67259892D551ECFD323BF8A0.e.291"},"getTitle",[]]}
COMMAND: POST /session/dd75076a0d0abbf86b1f8e9f5dbfafb1/execute/async - {"script":"<script> [1562 bytes]","args":[{"selector":{"id":"shellAppTitle"},"wdio_ui5_key":"shellAppTitle"}]}
RESULT: {"script":"<script> [1562 bytes]","args":[{"selector":{"id":"shellAppTitle"},"wdio_ui5_key":"shellAppTitle"}]}
COMMAND: POST /session/dd75076a0d0abbf86b1f8e9f5dbfafb1/execute/async - {"script":"<script> [6424 bytes]","args":[{"element-6066-11e4-a52e-4f735466cecf":"f.C79F2849F2BDC41B8CB7AE2AD8CB2047.d.844363DE67259892D551ECFD323BF8A0.e.5169"},"getTitle",[]]}
RESULT: {"script":"<script> [6424 bytes]","args":[{"element-6066-11e4-a52e-4f735466cecf":"f.C79F2849F2BDC41B8CB7AE2AD8CB2047.d.844363DE67259892D551ECFD323BF8A0.e.5169"},"getTitle",[]]}
RESULT: undefined
COMMAND: POST /session/dd75076a0d0abbf86b1f8e9f5dbfafb1/element/f.C79F2849F2BDC41B8CB7AE2AD8CB2047.d.844363DE67259892D551ECFD323BF8A0.e.5081/click - {}
RESULT: {}
COMMAND: GET /session/dd75076a0d0abbf86b1f8e9f5dbfafb1/screenshot - {}
RESULT: {}
]]></system-out>
    </testcase>
    <testcase classname="chrome.135_0_7049_42.windows.Sanity_Tests_US104253" name="Should open User Maintenance page" time="32.677">
      <system-out><![CDATA[
COMMAND: POST /session/dd75076a0d0abbf86b1f8e9f5dbfafb1/execute/async - {"script":"<script> [1562 bytes]","args":[{"selector":{"controlType":"sap.m.GenericTile","properties":{"header":"User Maintenance"}},"wdio_ui5_key":"sapm.GenericTile{\"header\":\"User Maintenance\"}"}]}
RESULT: {"script":"<script> [1562 bytes]","args":[{"selector":{"controlType":"sap.m.GenericTile","properties":{"header":"User Maintenance"}},"wdio_ui5_key":"sapm.GenericTile{\"header\":\"User Maintenance\"}"}]}
RESULT: undefined
COMMAND: POST /session/dd75076a0d0abbf86b1f8e9f5dbfafb1/element - {"using":"xpath","value":"//*[@id=\"__tile121\"]"}
RESULT: {"using":"xpath","value":"//*[@id=\"__tile121\"]"}
COMMAND: POST /session/dd75076a0d0abbf86b1f8e9f5dbfafb1/element/f.C79F2849F2BDC41B8CB7AE2AD8CB2047.d.844363DE67259892D551ECFD323BF8A0.e.5171/click - {}
RESULT: {}
COMMAND: GET /session/dd75076a0d0abbf86b1f8e9f5dbfafb1/screenshot - {}
RESULT: {}
RESULT: undefined
COMMAND: POST /session/dd75076a0d0abbf86b1f8e9f5dbfafb1/element - {"using":"xpath","value":"//*[@id=\"__tile121\"]"}
RESULT: {"using":"xpath","value":"//*[@id=\"__tile121\"]"}
COMMAND: POST /session/dd75076a0d0abbf86b1f8e9f5dbfafb1/element/f.C79F2849F2BDC41B8CB7AE2AD8CB2047.d.844363DE67259892D551ECFD323BF8A0.e.5171/click - {}
RESULT: undefined
COMMAND: POST /session/dd75076a0d0abbf86b1f8e9f5dbfafb1/element - {"using":"xpath","value":"//*[@id=\"__tile121\"]"}
RESULT: {"using":"xpath","value":"//*[@id=\"__tile121\"]"}
COMMAND: POST /session/dd75076a0d0abbf86b1f8e9f5dbfafb1/element/f.C79F2849F2BDC41B8CB7AE2AD8CB2047.d.844363DE67259892D551ECFD323BF8A0.e.5171/click - {}
RESULT: undefined
COMMAND: POST /session/dd75076a0d0abbf86b1f8e9f5dbfafb1/execute/async - {"script":"<script> [6424 bytes]","args":[{"element-6066-11e4-a52e-4f735466cecf":"f.C79F2849F2BDC41B8CB7AE2AD8CB2047.d.844363DE67259892D551ECFD323BF8A0.e.291"},"getTitle",[]]}
COMMAND: POST /session/dd75076a0d0abbf86b1f8e9f5dbfafb1/execute/async - {"script":"<script> [1562 bytes]","args":[{"selector":{"id":"shellAppTitle"},"wdio_ui5_key":"shellAppTitle"}]}
RESULT: {"script":"<script> [1562 bytes]","args":[{"selector":{"id":"shellAppTitle"},"wdio_ui5_key":"shellAppTitle"}]}
COMMAND: POST /session/dd75076a0d0abbf86b1f8e9f5dbfafb1/execute/async - {"script":"<script> [6424 bytes]","args":[{"element-6066-11e4-a52e-4f735466cecf":"f.C79F2849F2BDC41B8CB7AE2AD8CB2047.d.844363DE67259892D551ECFD323BF8A0.e.5261"},"getTitle",[]]}
RESULT: {"script":"<script> [6424 bytes]","args":[{"element-6066-11e4-a52e-4f735466cecf":"f.C79F2849F2BDC41B8CB7AE2AD8CB2047.d.844363DE67259892D551ECFD323BF8A0.e.5261"},"getTitle",[]]}
RESULT: undefined
COMMAND: POST /session/dd75076a0d0abbf86b1f8e9f5dbfafb1/element/f.C79F2849F2BDC41B8CB7AE2AD8CB2047.d.844363DE67259892D551ECFD323BF8A0.e.5081/click - {}
COMMAND: POST /session/dd75076a0d0abbf86b1f8e9f5dbfafb1/element - {"using":"xpath","value":"//*[@id=\"backBtn\"]"}
RESULT: {"using":"xpath","value":"//*[@id=\"backBtn\"]"}
COMMAND: POST /session/dd75076a0d0abbf86b1f8e9f5dbfafb1/element/f.C79F2849F2BDC41B8CB7AE2AD8CB2047.d.844363DE67259892D551ECFD323BF8A0.e.5081/click - {}
COMMAND: POST /session/dd75076a0d0abbf86b1f8e9f5dbfafb1/element - {"using":"xpath","value":"//*[@id=\"backBtn\"]"}
RESULT: {"using":"xpath","value":"//*[@id=\"backBtn\"]"}
COMMAND: POST /session/dd75076a0d0abbf86b1f8e9f5dbfafb1/element/f.C79F2849F2BDC41B8CB7AE2AD8CB2047.d.844363DE67259892D551ECFD323BF8A0.e.5262/click - {}
RESULT: {}
COMMAND: GET /session/dd75076a0d0abbf86b1f8e9f5dbfafb1/screenshot - {}
RESULT: {}
]]></system-out>
    </testcase>
    <testcase classname="chrome.135_0_7049_42.windows.Sanity_Tests_US104253" name="Should open Schedule Jobs page" time="25.883">
      <system-out><![CDATA[
COMMAND: POST /session/dd75076a0d0abbf86b1f8e9f5dbfafb1/execute/async - {"script":"<script> [1562 bytes]","args":[{"selector":{"controlType":"sap.m.GenericTile","properties":{"header":"Schedule Jobs"}},"wdio_ui5_key":"sapm.GenericTile{\"header\":\"Schedule Jobs\"}"}]}
RESULT: {"script":"<script> [1562 bytes]","args":[{"selector":{"controlType":"sap.m.GenericTile","properties":{"header":"Schedule Jobs"}},"wdio_ui5_key":"sapm.GenericTile{\"header\":\"Schedule Jobs\"}"}]}
RESULT: undefined
COMMAND: POST /session/dd75076a0d0abbf86b1f8e9f5dbfafb1/element - {"using":"xpath","value":"//*[@id=\"__tile127\"]"}
RESULT: {"using":"xpath","value":"//*[@id=\"__tile127\"]"}
COMMAND: POST /session/dd75076a0d0abbf86b1f8e9f5dbfafb1/element/f.C79F2849F2BDC41B8CB7AE2AD8CB2047.d.844363DE67259892D551ECFD323BF8A0.e.5264/click - {}
RESULT: {}
COMMAND: GET /session/dd75076a0d0abbf86b1f8e9f5dbfafb1/screenshot - {}
RESULT: {}
RESULT: undefined
COMMAND: POST /session/dd75076a0d0abbf86b1f8e9f5dbfafb1/element - {"using":"xpath","value":"//*[@id=\"__tile127\"]"}
RESULT: {"using":"xpath","value":"//*[@id=\"__tile127\"]"}
COMMAND: POST /session/dd75076a0d0abbf86b1f8e9f5dbfafb1/element/f.C79F2849F2BDC41B8CB7AE2AD8CB2047.d.844363DE67259892D551ECFD323BF8A0.e.5264/click - {}
RESULT: undefined
COMMAND: POST /session/dd75076a0d0abbf86b1f8e9f5dbfafb1/element - {"using":"xpath","value":"//*[@id=\"__tile127\"]"}
RESULT: {"using":"xpath","value":"//*[@id=\"__tile127\"]"}
COMMAND: POST /session/dd75076a0d0abbf86b1f8e9f5dbfafb1/element/f.C79F2849F2BDC41B8CB7AE2AD8CB2047.d.844363DE67259892D551ECFD323BF8A0.e.5264/click - {}
RESULT: undefined
COMMAND: POST /session/dd75076a0d0abbf86b1f8e9f5dbfafb1/execute/async - {"script":"<script> [6424 bytes]","args":[{"element-6066-11e4-a52e-4f735466cecf":"f.C79F2849F2BDC41B8CB7AE2AD8CB2047.d.844363DE67259892D551ECFD323BF8A0.e.291"},"getTitle",[]]}
COMMAND: POST /session/dd75076a0d0abbf86b1f8e9f5dbfafb1/execute/async - {"script":"<script> [1562 bytes]","args":[{"selector":{"id":"shellAppTitle"},"wdio_ui5_key":"shellAppTitle"}]}
RESULT: {"script":"<script> [1562 bytes]","args":[{"selector":{"id":"shellAppTitle"},"wdio_ui5_key":"shellAppTitle"}]}
COMMAND: POST /session/dd75076a0d0abbf86b1f8e9f5dbfafb1/execute/async - {"script":"<script> [6424 bytes]","args":[{"element-6066-11e4-a52e-4f735466cecf":"f.C79F2849F2BDC41B8CB7AE2AD8CB2047.d.844363DE67259892D551ECFD323BF8A0.e.5308"},"getTitle",[]]}
RESULT: {"script":"<script> [6424 bytes]","args":[{"element-6066-11e4-a52e-4f735466cecf":"f.C79F2849F2BDC41B8CB7AE2AD8CB2047.d.844363DE67259892D551ECFD323BF8A0.e.5308"},"getTitle",[]]}
RESULT: undefined
COMMAND: POST /session/dd75076a0d0abbf86b1f8e9f5dbfafb1/element/f.C79F2849F2BDC41B8CB7AE2AD8CB2047.d.844363DE67259892D551ECFD323BF8A0.e.5262/click - {}
COMMAND: POST /session/dd75076a0d0abbf86b1f8e9f5dbfafb1/element/f.C79F2849F2BDC41B8CB7AE2AD8CB2047.d.844363DE67259892D551ECFD323BF8A0.e.5262/click - {}
RESULT: {}
COMMAND: GET /session/dd75076a0d0abbf86b1f8e9f5dbfafb1/screenshot - {}
COMMAND: POST /session/dd75076a0d0abbf86b1f8e9f5dbfafb1/element - {"using":"xpath","value":"//*[@id=\"backBtn\"]"}
RESULT: {}
RESULT: {"using":"xpath","value":"//*[@id=\"backBtn\"]"}
COMMAND: POST /session/dd75076a0d0abbf86b1f8e9f5dbfafb1/elements - {"using":"xpath","value":"//*[@id=\"backBtn\"]"}
RESULT: {"using":"xpath","value":"//*[@id=\"backBtn\"]"}
COMMAND: POST /session/dd75076a0d0abbf86b1f8e9f5dbfafb1/elements - {"using":"xpath","value":"//*[@id=\"backBtn\"]"}
RESULT: {"using":"xpath","value":"//*[@id=\"backBtn\"]"}
COMMAND: POST /session/dd75076a0d0abbf86b1f8e9f5dbfafb1/elements - {"using":"xpath","value":"//*[@id=\"backBtn\"]"}
RESULT: {"using":"xpath","value":"//*[@id=\"backBtn\"]"}
COMMAND: POST /session/dd75076a0d0abbf86b1f8e9f5dbfafb1/elements - {"using":"xpath","value":"//*[@id=\"backBtn\"]"}
RESULT: {"using":"xpath","value":"//*[@id=\"backBtn\"]"}
COMMAND: POST /session/dd75076a0d0abbf86b1f8e9f5dbfafb1/elements - {"using":"xpath","value":"//*[@id=\"backBtn\"]"}
RESULT: {"using":"xpath","value":"//*[@id=\"backBtn\"]"}
COMMAND: POST /session/dd75076a0d0abbf86b1f8e9f5dbfafb1/elements - {"using":"xpath","value":"//*[@id=\"backBtn\"]"}
RESULT: {"using":"xpath","value":"//*[@id=\"backBtn\"]"}
COMMAND: POST /session/dd75076a0d0abbf86b1f8e9f5dbfafb1/elements - {"using":"xpath","value":"//*[@id=\"backBtn\"]"}
RESULT: {"using":"xpath","value":"//*[@id=\"backBtn\"]"}
COMMAND: POST /session/dd75076a0d0abbf86b1f8e9f5dbfafb1/elements - {"using":"xpath","value":"//*[@id=\"backBtn\"]"}
RESULT: {"using":"xpath","value":"//*[@id=\"backBtn\"]"}
COMMAND: POST /session/dd75076a0d0abbf86b1f8e9f5dbfafb1/elements - {"using":"xpath","value":"//*[@id=\"backBtn\"]"}
RESULT: {"using":"xpath","value":"//*[@id=\"backBtn\"]"}
COMMAND: POST /session/dd75076a0d0abbf86b1f8e9f5dbfafb1/elements - {"using":"xpath","value":"//*[@id=\"backBtn\"]"}
RESULT: {"using":"xpath","value":"//*[@id=\"backBtn\"]"}
COMMAND: POST /session/dd75076a0d0abbf86b1f8e9f5dbfafb1/elements - {"using":"xpath","value":"//*[@id=\"backBtn\"]"}
RESULT: {"using":"xpath","value":"//*[@id=\"backBtn\"]"}
COMMAND: POST /session/dd75076a0d0abbf86b1f8e9f5dbfafb1/elements - {"using":"xpath","value":"//*[@id=\"backBtn\"]"}
RESULT: {"using":"xpath","value":"//*[@id=\"backBtn\"]"}
COMMAND: POST /session/dd75076a0d0abbf86b1f8e9f5dbfafb1/elements - {"using":"xpath","value":"//*[@id=\"backBtn\"]"}
RESULT: {"using":"xpath","value":"//*[@id=\"backBtn\"]"}
COMMAND: POST /session/dd75076a0d0abbf86b1f8e9f5dbfafb1/elements - {"using":"xpath","value":"//*[@id=\"backBtn\"]"}
RESULT: {"using":"xpath","value":"//*[@id=\"backBtn\"]"}
COMMAND: POST /session/dd75076a0d0abbf86b1f8e9f5dbfafb1/elements - {"using":"xpath","value":"//*[@id=\"backBtn\"]"}
RESULT: {"using":"xpath","value":"//*[@id=\"backBtn\"]"}
COMMAND: POST /session/dd75076a0d0abbf86b1f8e9f5dbfafb1/elements - {"using":"xpath","value":"//*[@id=\"backBtn\"]"}
RESULT: {"using":"xpath","value":"//*[@id=\"backBtn\"]"}
COMMAND: POST /session/dd75076a0d0abbf86b1f8e9f5dbfafb1/elements - {"using":"xpath","value":"//*[@id=\"backBtn\"]"}
RESULT: {"using":"xpath","value":"//*[@id=\"backBtn\"]"}
COMMAND: POST /session/dd75076a0d0abbf86b1f8e9f5dbfafb1/elements - {"using":"xpath","value":"//*[@id=\"backBtn\"]"}
RESULT: {"using":"xpath","value":"//*[@id=\"backBtn\"]"}
COMMAND: POST /session/dd75076a0d0abbf86b1f8e9f5dbfafb1/elements - {"using":"xpath","value":"//*[@id=\"backBtn\"]"}
RESULT: {"using":"xpath","value":"//*[@id=\"backBtn\"]"}
]]></system-out>
    </testcase>
    <testcase classname="chrome.135_0_7049_42.windows.Sanity_Tests_US104253" name="Should open Jobs Setup page" time="25.969">
      <system-out><![CDATA[
COMMAND: POST /session/dd75076a0d0abbf86b1f8e9f5dbfafb1/execute/async - {"script":"<script> [1562 bytes]","args":[{"selector":{"controlType":"sap.m.GenericTile","properties":{"header":"Jobs Setup"}},"wdio_ui5_key":"sapm.GenericTile{\"header\":\"Jobs Setup\"}"}]}
COMMAND: POST /session/dd75076a0d0abbf86b1f8e9f5dbfafb1/elements - {"using":"xpath","value":"//*[@id=\"backBtn\"]"}
RESULT: {"script":"<script> [1562 bytes]","args":[{"selector":{"controlType":"sap.m.GenericTile","properties":{"header":"Jobs Setup"}},"wdio_ui5_key":"sapm.GenericTile{\"header\":\"Jobs Setup\"}"}]}
RESULT: undefined
COMMAND: POST /session/dd75076a0d0abbf86b1f8e9f5dbfafb1/element - {"using":"xpath","value":"//*[@id=\"__tile128\"]"}
RESULT: {"using":"xpath","value":"//*[@id=\"backBtn\"]"}
RESULT: {"using":"xpath","value":"//*[@id=\"__tile128\"]"}
COMMAND: POST /session/dd75076a0d0abbf86b1f8e9f5dbfafb1/element/f.C79F2849F2BDC41B8CB7AE2AD8CB2047.d.844363DE67259892D551ECFD323BF8A0.e.5310/click - {}
COMMAND: POST /session/dd75076a0d0abbf86b1f8e9f5dbfafb1/elements - {"using":"xpath","value":"//*[@id=\"backBtn\"]"}
RESULT: {}
COMMAND: GET /session/dd75076a0d0abbf86b1f8e9f5dbfafb1/screenshot - {}
RESULT: {"using":"xpath","value":"//*[@id=\"backBtn\"]"}
RESULT: {}
COMMAND: POST /session/dd75076a0d0abbf86b1f8e9f5dbfafb1/elements - {"using":"xpath","value":"//*[@id=\"backBtn\"]"}
RESULT: {"using":"xpath","value":"//*[@id=\"backBtn\"]"}
COMMAND: POST /session/dd75076a0d0abbf86b1f8e9f5dbfafb1/element - {"using":"xpath","value":"//*[@id=\"backBtn\"]"}
RESULT: {"using":"xpath","value":"//*[@id=\"backBtn\"]"}
COMMAND: POST /session/dd75076a0d0abbf86b1f8e9f5dbfafb1/element/f.C79F2849F2BDC41B8CB7AE2AD8CB2047.d.844363DE67259892D551ECFD323BF8A0.e.5262/click - {}
COMMAND: POST /session/dd75076a0d0abbf86b1f8e9f5dbfafb1/element - {"using":"xpath","value":"//*[@id=\"backBtn\"]"}
RESULT: {"using":"xpath","value":"//*[@id=\"backBtn\"]"}
COMMAND: POST /session/dd75076a0d0abbf86b1f8e9f5dbfafb1/element/f.C79F2849F2BDC41B8CB7AE2AD8CB2047.d.844363DE67259892D551ECFD323BF8A0.e.5366/click - {}
RESULT: {}
COMMAND: GET /session/dd75076a0d0abbf86b1f8e9f5dbfafb1/screenshot - {}
RESULT: {}
RESULT: undefined
COMMAND: POST /session/dd75076a0d0abbf86b1f8e9f5dbfafb1/element - {"using":"xpath","value":"//*[@id=\"__tile128\"]"}
RESULT: {"using":"xpath","value":"//*[@id=\"__tile128\"]"}
COMMAND: POST /session/dd75076a0d0abbf86b1f8e9f5dbfafb1/element/f.C79F2849F2BDC41B8CB7AE2AD8CB2047.d.844363DE67259892D551ECFD323BF8A0.e.5310/click - {}
RESULT: undefined
COMMAND: POST /session/dd75076a0d0abbf86b1f8e9f5dbfafb1/element - {"using":"xpath","value":"//*[@id=\"__tile128\"]"}
RESULT: {"using":"xpath","value":"//*[@id=\"__tile128\"]"}
COMMAND: POST /session/dd75076a0d0abbf86b1f8e9f5dbfafb1/element/f.C79F2849F2BDC41B8CB7AE2AD8CB2047.d.844363DE67259892D551ECFD323BF8A0.e.5310/click - {}
RESULT: undefined
COMMAND: POST /session/dd75076a0d0abbf86b1f8e9f5dbfafb1/execute/async - {"script":"<script> [6424 bytes]","args":[{"element-6066-11e4-a52e-4f735466cecf":"f.C79F2849F2BDC41B8CB7AE2AD8CB2047.d.844363DE67259892D551ECFD323BF8A0.e.291"},"getTitle",[]]}
COMMAND: POST /session/dd75076a0d0abbf86b1f8e9f5dbfafb1/execute/async - {"script":"<script> [1562 bytes]","args":[{"selector":{"id":"shellAppTitle"},"wdio_ui5_key":"shellAppTitle"}]}
RESULT: {"script":"<script> [1562 bytes]","args":[{"selector":{"id":"shellAppTitle"},"wdio_ui5_key":"shellAppTitle"}]}
COMMAND: POST /session/dd75076a0d0abbf86b1f8e9f5dbfafb1/execute/async - {"script":"<script> [6424 bytes]","args":[{"element-6066-11e4-a52e-4f735466cecf":"f.C79F2849F2BDC41B8CB7AE2AD8CB2047.d.844363DE67259892D551ECFD323BF8A0.e.5397"},"getTitle",[]]}
RESULT: {"script":"<script> [6424 bytes]","args":[{"element-6066-11e4-a52e-4f735466cecf":"f.C79F2849F2BDC41B8CB7AE2AD8CB2047.d.844363DE67259892D551ECFD323BF8A0.e.5397"},"getTitle",[]]}
RESULT: undefined
COMMAND: POST /session/dd75076a0d0abbf86b1f8e9f5dbfafb1/element/f.C79F2849F2BDC41B8CB7AE2AD8CB2047.d.844363DE67259892D551ECFD323BF8A0.e.5366/click - {}
COMMAND: POST /session/dd75076a0d0abbf86b1f8e9f5dbfafb1/element/f.C79F2849F2BDC41B8CB7AE2AD8CB2047.d.844363DE67259892D551ECFD323BF8A0.e.5366/click - {}
RESULT: {}
COMMAND: GET /session/dd75076a0d0abbf86b1f8e9f5dbfafb1/screenshot - {}
RESULT: {}
COMMAND: GET /session/dd75076a0d0abbf86b1f8e9f5dbfafb1/screenshot - {}
RESULT: {}
RESULT: {}
]]></system-out>
    </testcase>
    <testcase classname="chrome.135_0_7049_42.windows.Sanity_Tests_US104253" name="Should open Target Systems Configuration page" time="25.944">
      <system-out><![CDATA[
COMMAND: POST /session/dd75076a0d0abbf86b1f8e9f5dbfafb1/execute/async - {"script":"<script> [1562 bytes]","args":[{"selector":{"controlType":"sap.m.GenericTile","properties":{"header":"Target Systems Configuration"}},"wdio_ui5_key":"sapm.GenericTile{\"header\":\"Target Systems Configuration\"}"}]}
RESULT: {"script":"<script> [1562 bytes]","args":[{"selector":{"controlType":"sap.m.GenericTile","properties":{"header":"Target Systems Configuration"}},"wdio_ui5_key":"sapm.GenericTile{\"header\":\"Target Systems Configuration\"}"}]}
RESULT: undefined
COMMAND: POST /session/dd75076a0d0abbf86b1f8e9f5dbfafb1/element - {"using":"xpath","value":"//*[@id=\"__tile129\"]"}
RESULT: {"using":"xpath","value":"//*[@id=\"__tile129\"]"}
COMMAND: POST /session/dd75076a0d0abbf86b1f8e9f5dbfafb1/element/f.C79F2849F2BDC41B8CB7AE2AD8CB2047.d.844363DE67259892D551ECFD323BF8A0.e.5399/click - {}
RESULT: {}
COMMAND: GET /session/dd75076a0d0abbf86b1f8e9f5dbfafb1/screenshot - {}
RESULT: {}
RESULT: undefined
COMMAND: POST /session/dd75076a0d0abbf86b1f8e9f5dbfafb1/element - {"using":"xpath","value":"//*[@id=\"__tile129\"]"}
RESULT: {"using":"xpath","value":"//*[@id=\"__tile129\"]"}
COMMAND: POST /session/dd75076a0d0abbf86b1f8e9f5dbfafb1/element/f.C79F2849F2BDC41B8CB7AE2AD8CB2047.d.844363DE67259892D551ECFD323BF8A0.e.5399/click - {}
RESULT: undefined
COMMAND: POST /session/dd75076a0d0abbf86b1f8e9f5dbfafb1/element - {"using":"xpath","value":"//*[@id=\"__tile129\"]"}
RESULT: {"using":"xpath","value":"//*[@id=\"__tile129\"]"}
COMMAND: POST /session/dd75076a0d0abbf86b1f8e9f5dbfafb1/element/f.C79F2849F2BDC41B8CB7AE2AD8CB2047.d.844363DE67259892D551ECFD323BF8A0.e.5399/click - {}
RESULT: undefined
COMMAND: POST /session/dd75076a0d0abbf86b1f8e9f5dbfafb1/execute/async - {"script":"<script> [6424 bytes]","args":[{"element-6066-11e4-a52e-4f735466cecf":"f.C79F2849F2BDC41B8CB7AE2AD8CB2047.d.844363DE67259892D551ECFD323BF8A0.e.291"},"getTitle",[]]}
COMMAND: POST /session/dd75076a0d0abbf86b1f8e9f5dbfafb1/execute/async - {"script":"<script> [1562 bytes]","args":[{"selector":{"id":"shellAppTitle"},"wdio_ui5_key":"shellAppTitle"}]}
RESULT: {"script":"<script> [1562 bytes]","args":[{"selector":{"id":"shellAppTitle"},"wdio_ui5_key":"shellAppTitle"}]}
COMMAND: POST /session/dd75076a0d0abbf86b1f8e9f5dbfafb1/execute/async - {"script":"<script> [6424 bytes]","args":[{"element-6066-11e4-a52e-4f735466cecf":"f.C79F2849F2BDC41B8CB7AE2AD8CB2047.d.844363DE67259892D551ECFD323BF8A0.e.5451"},"getTitle",[]]}
RESULT: {"script":"<script> [6424 bytes]","args":[{"element-6066-11e4-a52e-4f735466cecf":"f.C79F2849F2BDC41B8CB7AE2AD8CB2047.d.844363DE67259892D551ECFD323BF8A0.e.5451"},"getTitle",[]]}
RESULT: undefined
COMMAND: POST /session/dd75076a0d0abbf86b1f8e9f5dbfafb1/element/f.C79F2849F2BDC41B8CB7AE2AD8CB2047.d.844363DE67259892D551ECFD323BF8A0.e.5366/click - {}
COMMAND: POST /session/dd75076a0d0abbf86b1f8e9f5dbfafb1/element/f.C79F2849F2BDC41B8CB7AE2AD8CB2047.d.844363DE67259892D551ECFD323BF8A0.e.5366/click - {}
RESULT: {}
COMMAND: GET /session/dd75076a0d0abbf86b1f8e9f5dbfafb1/screenshot - {}
COMMAND: POST /session/dd75076a0d0abbf86b1f8e9f5dbfafb1/element - {"using":"xpath","value":"//*[@id=\"backBtn\"]"}
RESULT: {}
RESULT: {"using":"xpath","value":"//*[@id=\"backBtn\"]"}
COMMAND: POST /session/dd75076a0d0abbf86b1f8e9f5dbfafb1/elements - {"using":"xpath","value":"//*[@id=\"backBtn\"]"}
RESULT: {"using":"xpath","value":"//*[@id=\"backBtn\"]"}
COMMAND: POST /session/dd75076a0d0abbf86b1f8e9f5dbfafb1/elements - {"using":"xpath","value":"//*[@id=\"backBtn\"]"}
RESULT: {"using":"xpath","value":"//*[@id=\"backBtn\"]"}
COMMAND: POST /session/dd75076a0d0abbf86b1f8e9f5dbfafb1/elements - {"using":"xpath","value":"//*[@id=\"backBtn\"]"}
RESULT: {"using":"xpath","value":"//*[@id=\"backBtn\"]"}
COMMAND: POST /session/dd75076a0d0abbf86b1f8e9f5dbfafb1/elements - {"using":"xpath","value":"//*[@id=\"backBtn\"]"}
RESULT: {"using":"xpath","value":"//*[@id=\"backBtn\"]"}
COMMAND: POST /session/dd75076a0d0abbf86b1f8e9f5dbfafb1/elements - {"using":"xpath","value":"//*[@id=\"backBtn\"]"}
RESULT: {"using":"xpath","value":"//*[@id=\"backBtn\"]"}
COMMAND: POST /session/dd75076a0d0abbf86b1f8e9f5dbfafb1/elements - {"using":"xpath","value":"//*[@id=\"backBtn\"]"}
RESULT: {"using":"xpath","value":"//*[@id=\"backBtn\"]"}
COMMAND: POST /session/dd75076a0d0abbf86b1f8e9f5dbfafb1/elements - {"using":"xpath","value":"//*[@id=\"backBtn\"]"}
RESULT: {"using":"xpath","value":"//*[@id=\"backBtn\"]"}
COMMAND: POST /session/dd75076a0d0abbf86b1f8e9f5dbfafb1/elements - {"using":"xpath","value":"//*[@id=\"backBtn\"]"}
RESULT: {"using":"xpath","value":"//*[@id=\"backBtn\"]"}
COMMAND: POST /session/dd75076a0d0abbf86b1f8e9f5dbfafb1/elements - {"using":"xpath","value":"//*[@id=\"backBtn\"]"}
RESULT: {"using":"xpath","value":"//*[@id=\"backBtn\"]"}
COMMAND: POST /session/dd75076a0d0abbf86b1f8e9f5dbfafb1/elements - {"using":"xpath","value":"//*[@id=\"backBtn\"]"}
RESULT: {"using":"xpath","value":"//*[@id=\"backBtn\"]"}
COMMAND: POST /session/dd75076a0d0abbf86b1f8e9f5dbfafb1/elements - {"using":"xpath","value":"//*[@id=\"backBtn\"]"}
RESULT: {"using":"xpath","value":"//*[@id=\"backBtn\"]"}
COMMAND: POST /session/dd75076a0d0abbf86b1f8e9f5dbfafb1/elements - {"using":"xpath","value":"//*[@id=\"backBtn\"]"}
RESULT: {"using":"xpath","value":"//*[@id=\"backBtn\"]"}
COMMAND: POST /session/dd75076a0d0abbf86b1f8e9f5dbfafb1/elements - {"using":"xpath","value":"//*[@id=\"backBtn\"]"}
RESULT: {"using":"xpath","value":"//*[@id=\"backBtn\"]"}
COMMAND: POST /session/dd75076a0d0abbf86b1f8e9f5dbfafb1/elements - {"using":"xpath","value":"//*[@id=\"backBtn\"]"}
RESULT: {"using":"xpath","value":"//*[@id=\"backBtn\"]"}
COMMAND: POST /session/dd75076a0d0abbf86b1f8e9f5dbfafb1/elements - {"using":"xpath","value":"//*[@id=\"backBtn\"]"}
RESULT: {"using":"xpath","value":"//*[@id=\"backBtn\"]"}
COMMAND: POST /session/dd75076a0d0abbf86b1f8e9f5dbfafb1/elements - {"using":"xpath","value":"//*[@id=\"backBtn\"]"}
RESULT: {"using":"xpath","value":"//*[@id=\"backBtn\"]"}
COMMAND: POST /session/dd75076a0d0abbf86b1f8e9f5dbfafb1/elements - {"using":"xpath","value":"//*[@id=\"backBtn\"]"}
RESULT: {"using":"xpath","value":"//*[@id=\"backBtn\"]"}
COMMAND: POST /session/dd75076a0d0abbf86b1f8e9f5dbfafb1/elements - {"using":"xpath","value":"//*[@id=\"backBtn\"]"}
RESULT: {"using":"xpath","value":"//*[@id=\"backBtn\"]"}
COMMAND: POST /session/dd75076a0d0abbf86b1f8e9f5dbfafb1/elements - {"using":"xpath","value":"//*[@id=\"backBtn\"]"}
RESULT: {"using":"xpath","value":"//*[@id=\"backBtn\"]"}
COMMAND: POST /session/dd75076a0d0abbf86b1f8e9f5dbfafb1/elements - {"using":"xpath","value":"//*[@id=\"backBtn\"]"}
RESULT: {"using":"xpath","value":"//*[@id=\"backBtn\"]"}
COMMAND: POST /session/dd75076a0d0abbf86b1f8e9f5dbfafb1/elements - {"using":"xpath","value":"//*[@id=\"backBtn\"]"}
RESULT: {"using":"xpath","value":"//*[@id=\"backBtn\"]"}
COMMAND: POST /session/dd75076a0d0abbf86b1f8e9f5dbfafb1/elements - {"using":"xpath","value":"//*[@id=\"backBtn\"]"}
RESULT: {"using":"xpath","value":"//*[@id=\"backBtn\"]"}
COMMAND: POST /session/dd75076a0d0abbf86b1f8e9f5dbfafb1/elements - {"using":"xpath","value":"//*[@id=\"backBtn\"]"}
RESULT: {"using":"xpath","value":"//*[@id=\"backBtn\"]"}
COMMAND: POST /session/dd75076a0d0abbf86b1f8e9f5dbfafb1/elements - {"using":"xpath","value":"//*[@id=\"backBtn\"]"}
RESULT: {"using":"xpath","value":"//*[@id=\"backBtn\"]"}
COMMAND: POST /session/dd75076a0d0abbf86b1f8e9f5dbfafb1/elements - {"using":"xpath","value":"//*[@id=\"backBtn\"]"}
RESULT: {"using":"xpath","value":"//*[@id=\"backBtn\"]"}
COMMAND: POST /session/dd75076a0d0abbf86b1f8e9f5dbfafb1/elements - {"using":"xpath","value":"//*[@id=\"backBtn\"]"}
RESULT: {"using":"xpath","value":"//*[@id=\"backBtn\"]"}
COMMAND: POST /session/dd75076a0d0abbf86b1f8e9f5dbfafb1/elements - {"using":"xpath","value":"//*[@id=\"backBtn\"]"}
RESULT: {"using":"xpath","value":"//*[@id=\"backBtn\"]"}
COMMAND: POST /session/dd75076a0d0abbf86b1f8e9f5dbfafb1/elements - {"using":"xpath","value":"//*[@id=\"backBtn\"]"}
RESULT: {"using":"xpath","value":"//*[@id=\"backBtn\"]"}
COMMAND: POST /session/dd75076a0d0abbf86b1f8e9f5dbfafb1/elements - {"using":"xpath","value":"//*[@id=\"backBtn\"]"}
RESULT: {"using":"xpath","value":"//*[@id=\"backBtn\"]"}
COMMAND: POST /session/dd75076a0d0abbf86b1f8e9f5dbfafb1/elements - {"using":"xpath","value":"//*[@id=\"backBtn\"]"}
RESULT: {"using":"xpath","value":"//*[@id=\"backBtn\"]"}
COMMAND: POST /session/dd75076a0d0abbf86b1f8e9f5dbfafb1/elements - {"using":"xpath","value":"//*[@id=\"backBtn\"]"}
RESULT: {"using":"xpath","value":"//*[@id=\"backBtn\"]"}
COMMAND: POST /session/dd75076a0d0abbf86b1f8e9f5dbfafb1/elements - {"using":"xpath","value":"//*[@id=\"backBtn\"]"}
RESULT: {"using":"xpath","value":"//*[@id=\"backBtn\"]"}
COMMAND: POST /session/dd75076a0d0abbf86b1f8e9f5dbfafb1/elements - {"using":"xpath","value":"//*[@id=\"backBtn\"]"}
RESULT: {"using":"xpath","value":"//*[@id=\"backBtn\"]"}
COMMAND: POST /session/dd75076a0d0abbf86b1f8e9f5dbfafb1/elements - {"using":"xpath","value":"//*[@id=\"backBtn\"]"}
RESULT: {"using":"xpath","value":"//*[@id=\"backBtn\"]"}
COMMAND: POST /session/dd75076a0d0abbf86b1f8e9f5dbfafb1/elements - {"using":"xpath","value":"//*[@id=\"backBtn\"]"}
RESULT: {"using":"xpath","value":"//*[@id=\"backBtn\"]"}
COMMAND: POST /session/dd75076a0d0abbf86b1f8e9f5dbfafb1/elements - {"using":"xpath","value":"//*[@id=\"backBtn\"]"}
RESULT: {"using":"xpath","value":"//*[@id=\"backBtn\"]"}
COMMAND: POST /session/dd75076a0d0abbf86b1f8e9f5dbfafb1/elements - {"using":"xpath","value":"//*[@id=\"backBtn\"]"}
RESULT: {"using":"xpath","value":"//*[@id=\"backBtn\"]"}
COMMAND: POST /session/dd75076a0d0abbf86b1f8e9f5dbfafb1/elements - {"using":"xpath","value":"//*[@id=\"backBtn\"]"}
RESULT: {"using":"xpath","value":"//*[@id=\"backBtn\"]"}
COMMAND: POST /session/dd75076a0d0abbf86b1f8e9f5dbfafb1/elements - {"using":"xpath","value":"//*[@id=\"backBtn\"]"}
RESULT: {"using":"xpath","value":"//*[@id=\"backBtn\"]"}
COMMAND: DELETE /session/dd75076a0d0abbf86b1f8e9f5dbfafb1 - {}
RESULT: {}
]]></system-out>
    </testcase>
  </testsuite>
</testsuites>