<?xml version="1.0" encoding="UTF-8"?>
<testsuites tests="11" failures="0" errors="0" skipped="0">
  <testsuite timestamp="2025-04-14T17:31:35" time="1423.423" tests="11" failures="0" errors="0" skipped="0">
    <properties>
      <property name="specId" value="0"/>
      <property name="suiteName" value="Partner specific tests US150819 US151080 US151654 US151176 US103444 US151078 US151079 US151109 US151174 US151175 US151189"/>
      <property name="capabilities" value="chrome.135_0_7049_42.windows"/>
      <property name="file" value="file:///D:/a/1/s/test/specs/BTS/manage-partners.spec.js"/>
    </properties>
    <testcase classname="chrome.135_0_7049_42.windows.Partner_specific_tests_US150819_US151080_US151654_US151176_US103444_US151078_US151079_US151109_US151174_US151175_US151189" name="Should create a new yard prerequisite" time="139.061">
      <system-out><![CDATA[
COMMAND: POST /session/302c28dd03ec619932948a5fa1f394c9/window/fullscreen - {}
RESULT: {}
COMMAND: POST /session/302c28dd03ec619932948a5fa1f394c9/element - {"using":"xpath","value":"//li[.//span[text()=\"Manage Partners\"]]"}
RESULT: {"using":"xpath","value":"//li[.//span[text()=\"Manage Partners\"]]"}
COMMAND: POST /session/302c28dd03ec619932948a5fa1f394c9/element - {"using":"xpath","value":"//li[.//span[text()=\"Manage Partners\"]]"}
RESULT: {"using":"xpath","value":"//li[.//span[text()=\"Manage Partners\"]]"}
COMMAND: POST /session/302c28dd03ec619932948a5fa1f394c9/element - {"using":"css selector","value":"#shell-header-logo"}
RESULT: {"using":"css selector","value":"#shell-header-logo"}
COMMAND: POST /session/302c28dd03ec619932948a5fa1f394c9/element/f.D6078088970B2F0795E5397A8DAD4E0E.d.35E3BC97F54C8F3A3BA7F96A14A1164A.e.278/click - {}
COMMAND: POST /session/302c28dd03ec619932948a5fa1f394c9/execute/sync - {"script":"<script> [8489 bytes]","args":[{"element-6066-11e4-a52e-4f735466cecf":"f.D6078088970B2F0795E5397A8DAD4E0E.d.35E3BC97F54C8F3A3BA7F96A14A1164A.e.278","ELEMENT":"f.D6078088970B2F0795E5397A8DAD4E0E.d.35E3BC97F54C8F3A3BA7F96A14A1164A.e.278"}]}
RESULT: {}
COMMAND: GET /session/302c28dd03ec619932948a5fa1f394c9/screenshot - {}
RESULT: {"script":"<script> [8489 bytes]","args":[{"element-6066-11e4-a52e-4f735466cecf":"f.D6078088970B2F0795E5397A8DAD4E0E.d.35E3BC97F54C8F3A3BA7F96A14A1164A.e.278","ELEMENT":"f.D6078088970B2F0795E5397A8DAD4E0E.d.35E3BC97F54C8F3A3BA7F96A14A1164A.e.278"}]}
COMMAND: POST /session/302c28dd03ec619932948a5fa1f394c9/execute/sync - {"script":"<script> [5351 bytes]","args":[{"element-6066-11e4-a52e-4f735466cecf":"f.D6078088970B2F0795E5397A8DAD4E0E.d.35E3BC97F54C8F3A3BA7F96A14A1164A.e.278","ELEMENT":"f.D6078088970B2F0795E5397A8DAD4E0E.d.35E3BC97F54C8F3A3BA7F96A14A1164A.e.278"}]}
COMMAND: GET /session/302c28dd03ec619932948a5fa1f394c9/screenshot - {}
RESULT: {}
RESULT: {"script":"<script> [5351 bytes]","args":[{"element-6066-11e4-a52e-4f735466cecf":"f.D6078088970B2F0795E5397A8DAD4E0E.d.35E3BC97F54C8F3A3BA7F96A14A1164A.e.278","ELEMENT":"f.D6078088970B2F0795E5397A8DAD4E0E.d.35E3BC97F54C8F3A3BA7F96A14A1164A.e.278"}]}
COMMAND: GET /session/302c28dd03ec619932948a5fa1f394c9/screenshot - {}
RESULT: {}
RESULT: {}
COMMAND: POST /session/302c28dd03ec619932948a5fa1f394c9/execute/async - {"script":"<script> [1562 bytes]","args":[{"selector":{"controlType":"sap.m.GenericTile","properties":{"header":"Manage Yards"}},"wdio_ui5_key":"sapm.GenericTile{\"header\":\"Manage Yards\"}"}]}
RESULT: {"script":"<script> [1562 bytes]","args":[{"selector":{"controlType":"sap.m.GenericTile","properties":{"header":"Manage Yards"}},"wdio_ui5_key":"sapm.GenericTile{\"header\":\"Manage Yards\"}"}]}
RESULT: undefined
COMMAND: POST /session/302c28dd03ec619932948a5fa1f394c9/element - {"using":"xpath","value":"//*[@id=\"__tile56\"]"}
RESULT: {"using":"xpath","value":"//*[@id=\"__tile56\"]"}
COMMAND: POST /session/302c28dd03ec619932948a5fa1f394c9/element/f.D6078088970B2F0795E5397A8DAD4E0E.d.35E3BC97F54C8F3A3BA7F96A14A1164A.e.142/click - {}
RESULT: {}
COMMAND: POST /session/302c28dd03ec619932948a5fa1f394c9/element - {"using":"xpath","value":"//button[@data-kt=\"addNewYardOverflowToolbarButton\"]"}
COMMAND: GET /session/302c28dd03ec619932948a5fa1f394c9/screenshot - {}
RESULT: {"using":"xpath","value":"//button[@data-kt=\"addNewYardOverflowToolbarButton\"]"}
COMMAND: POST /session/302c28dd03ec619932948a5fa1f394c9/elements - {"using":"xpath","value":"//button[@data-kt=\"addNewYardOverflowToolbarButton\"]"}
RESULT: {}
RESULT: {"using":"xpath","value":"//button[@data-kt=\"addNewYardOverflowToolbarButton\"]"}
COMMAND: POST /session/302c28dd03ec619932948a5fa1f394c9/elements - {"using":"xpath","value":"//button[@data-kt=\"addNewYardOverflowToolbarButton\"]"}
RESULT: {"using":"xpath","value":"//button[@data-kt=\"addNewYardOverflowToolbarButton\"]"}
COMMAND: POST /session/302c28dd03ec619932948a5fa1f394c9/elements - {"using":"xpath","value":"//button[@data-kt=\"addNewYardOverflowToolbarButton\"]"}
RESULT: {"using":"xpath","value":"//button[@data-kt=\"addNewYardOverflowToolbarButton\"]"}
COMMAND: POST /session/302c28dd03ec619932948a5fa1f394c9/elements - {"using":"xpath","value":"//button[@data-kt=\"addNewYardOverflowToolbarButton\"]"}
RESULT: {"using":"xpath","value":"//button[@data-kt=\"addNewYardOverflowToolbarButton\"]"}
COMMAND: POST /session/302c28dd03ec619932948a5fa1f394c9/elements - {"using":"xpath","value":"//button[@data-kt=\"addNewYardOverflowToolbarButton\"]"}
RESULT: {"using":"xpath","value":"//button[@data-kt=\"addNewYardOverflowToolbarButton\"]"}
COMMAND: POST /session/302c28dd03ec619932948a5fa1f394c9/elements - {"using":"xpath","value":"//button[@data-kt=\"addNewYardOverflowToolbarButton\"]"}
RESULT: {"using":"xpath","value":"//button[@data-kt=\"addNewYardOverflowToolbarButton\"]"}
COMMAND: POST /session/302c28dd03ec619932948a5fa1f394c9/elements - {"using":"xpath","value":"//button[@data-kt=\"addNewYardOverflowToolbarButton\"]"}
RESULT: {"using":"xpath","value":"//button[@data-kt=\"addNewYardOverflowToolbarButton\"]"}
COMMAND: POST /session/302c28dd03ec619932948a5fa1f394c9/elements - {"using":"xpath","value":"//button[@data-kt=\"addNewYardOverflowToolbarButton\"]"}
RESULT: {"using":"xpath","value":"//button[@data-kt=\"addNewYardOverflowToolbarButton\"]"}
COMMAND: POST /session/302c28dd03ec619932948a5fa1f394c9/elements - {"using":"xpath","value":"//button[@data-kt=\"addNewYardOverflowToolbarButton\"]"}
RESULT: {"using":"xpath","value":"//button[@data-kt=\"addNewYardOverflowToolbarButton\"]"}
COMMAND: POST /session/302c28dd03ec619932948a5fa1f394c9/elements - {"using":"xpath","value":"//button[@data-kt=\"addNewYardOverflowToolbarButton\"]"}
RESULT: {"using":"xpath","value":"//button[@data-kt=\"addNewYardOverflowToolbarButton\"]"}
COMMAND: POST /session/302c28dd03ec619932948a5fa1f394c9/elements - {"using":"xpath","value":"//button[@data-kt=\"addNewYardOverflowToolbarButton\"]"}
RESULT: {"using":"xpath","value":"//button[@data-kt=\"addNewYardOverflowToolbarButton\"]"}
COMMAND: POST /session/302c28dd03ec619932948a5fa1f394c9/elements - {"using":"xpath","value":"//button[@data-kt=\"addNewYardOverflowToolbarButton\"]"}
RESULT: {"using":"xpath","value":"//button[@data-kt=\"addNewYardOverflowToolbarButton\"]"}
COMMAND: POST /session/302c28dd03ec619932948a5fa1f394c9/elements - {"using":"xpath","value":"//button[@data-kt=\"addNewYardOverflowToolbarButton\"]"}
RESULT: {"using":"xpath","value":"//button[@data-kt=\"addNewYardOverflowToolbarButton\"]"}
COMMAND: POST /session/302c28dd03ec619932948a5fa1f394c9/elements - {"using":"xpath","value":"//button[@data-kt=\"addNewYardOverflowToolbarButton\"]"}
RESULT: {"using":"xpath","value":"//button[@data-kt=\"addNewYardOverflowToolbarButton\"]"}
COMMAND: POST /session/302c28dd03ec619932948a5fa1f394c9/elements - {"using":"xpath","value":"//button[@data-kt=\"addNewYardOverflowToolbarButton\"]"}
RESULT: {"using":"xpath","value":"//button[@data-kt=\"addNewYardOverflowToolbarButton\"]"}
COMMAND: POST /session/302c28dd03ec619932948a5fa1f394c9/elements - {"using":"xpath","value":"//button[@data-kt=\"addNewYardOverflowToolbarButton\"]"}
RESULT: {"using":"xpath","value":"//button[@data-kt=\"addNewYardOverflowToolbarButton\"]"}
COMMAND: POST /session/302c28dd03ec619932948a5fa1f394c9/elements - {"using":"xpath","value":"//button[@data-kt=\"addNewYardOverflowToolbarButton\"]"}
RESULT: {"using":"xpath","value":"//button[@data-kt=\"addNewYardOverflowToolbarButton\"]"}
COMMAND: POST /session/302c28dd03ec619932948a5fa1f394c9/elements - {"using":"xpath","value":"//button[@data-kt=\"addNewYardOverflowToolbarButton\"]"}
RESULT: {"using":"xpath","value":"//button[@data-kt=\"addNewYardOverflowToolbarButton\"]"}
COMMAND: POST /session/302c28dd03ec619932948a5fa1f394c9/elements - {"using":"xpath","value":"//button[@data-kt=\"addNewYardOverflowToolbarButton\"]"}
RESULT: {"using":"xpath","value":"//button[@data-kt=\"addNewYardOverflowToolbarButton\"]"}
COMMAND: POST /session/302c28dd03ec619932948a5fa1f394c9/elements - {"using":"xpath","value":"//button[@data-kt=\"addNewYardOverflowToolbarButton\"]"}
RESULT: {"using":"xpath","value":"//button[@data-kt=\"addNewYardOverflowToolbarButton\"]"}
COMMAND: POST /session/302c28dd03ec619932948a5fa1f394c9/elements - {"using":"xpath","value":"//button[@data-kt=\"addNewYardOverflowToolbarButton\"]"}
RESULT: {"using":"xpath","value":"//button[@data-kt=\"addNewYardOverflowToolbarButton\"]"}
COMMAND: POST /session/302c28dd03ec619932948a5fa1f394c9/elements - {"using":"xpath","value":"//button[@data-kt=\"addNewYardOverflowToolbarButton\"]"}
RESULT: {"using":"xpath","value":"//button[@data-kt=\"addNewYardOverflowToolbarButton\"]"}
COMMAND: POST /session/302c28dd03ec619932948a5fa1f394c9/elements - {"using":"xpath","value":"//button[@data-kt=\"addNewYardOverflowToolbarButton\"]"}
RESULT: {"using":"xpath","value":"//button[@data-kt=\"addNewYardOverflowToolbarButton\"]"}
COMMAND: POST /session/302c28dd03ec619932948a5fa1f394c9/elements - {"using":"xpath","value":"//button[@data-kt=\"addNewYardOverflowToolbarButton\"]"}
RESULT: {"using":"xpath","value":"//button[@data-kt=\"addNewYardOverflowToolbarButton\"]"}
COMMAND: POST /session/302c28dd03ec619932948a5fa1f394c9/elements - {"using":"xpath","value":"//button[@data-kt=\"addNewYardOverflowToolbarButton\"]"}
RESULT: {"using":"xpath","value":"//button[@data-kt=\"addNewYardOverflowToolbarButton\"]"}
COMMAND: POST /session/302c28dd03ec619932948a5fa1f394c9/elements - {"using":"xpath","value":"//button[@data-kt=\"addNewYardOverflowToolbarButton\"]"}
RESULT: {"using":"xpath","value":"//button[@data-kt=\"addNewYardOverflowToolbarButton\"]"}
COMMAND: POST /session/302c28dd03ec619932948a5fa1f394c9/elements - {"using":"xpath","value":"//button[@data-kt=\"addNewYardOverflowToolbarButton\"]"}
RESULT: {"using":"xpath","value":"//button[@data-kt=\"addNewYardOverflowToolbarButton\"]"}
COMMAND: POST /session/302c28dd03ec619932948a5fa1f394c9/elements - {"using":"xpath","value":"//button[@data-kt=\"addNewYardOverflowToolbarButton\"]"}
RESULT: {"using":"xpath","value":"//button[@data-kt=\"addNewYardOverflowToolbarButton\"]"}
COMMAND: POST /session/302c28dd03ec619932948a5fa1f394c9/elements - {"using":"xpath","value":"//button[@data-kt=\"addNewYardOverflowToolbarButton\"]"}
RESULT: {"using":"xpath","value":"//button[@data-kt=\"addNewYardOverflowToolbarButton\"]"}
COMMAND: POST /session/302c28dd03ec619932948a5fa1f394c9/elements - {"using":"xpath","value":"//button[@data-kt=\"addNewYardOverflowToolbarButton\"]"}
RESULT: {"using":"xpath","value":"//button[@data-kt=\"addNewYardOverflowToolbarButton\"]"}
COMMAND: POST /session/302c28dd03ec619932948a5fa1f394c9/elements - {"using":"xpath","value":"//button[@data-kt=\"addNewYardOverflowToolbarButton\"]"}
RESULT: {"using":"xpath","value":"//button[@data-kt=\"addNewYardOverflowToolbarButton\"]"}
COMMAND: POST /session/302c28dd03ec619932948a5fa1f394c9/elements - {"using":"xpath","value":"//button[@data-kt=\"addNewYardOverflowToolbarButton\"]"}
RESULT: {"using":"xpath","value":"//button[@data-kt=\"addNewYardOverflowToolbarButton\"]"}
COMMAND: POST /session/302c28dd03ec619932948a5fa1f394c9/elements - {"using":"xpath","value":"//button[@data-kt=\"addNewYardOverflowToolbarButton\"]"}
RESULT: {"using":"xpath","value":"//button[@data-kt=\"addNewYardOverflowToolbarButton\"]"}
COMMAND: POST /session/302c28dd03ec619932948a5fa1f394c9/elements - {"using":"xpath","value":"//button[@data-kt=\"addNewYardOverflowToolbarButton\"]"}
RESULT: {"using":"xpath","value":"//button[@data-kt=\"addNewYardOverflowToolbarButton\"]"}
COMMAND: POST /session/302c28dd03ec619932948a5fa1f394c9/element - {"using":"xpath","value":"//button[@data-kt=\"addNewYardOverflowToolbarButton\"]"}
RESULT: {"using":"xpath","value":"//button[@data-kt=\"addNewYardOverflowToolbarButton\"]"}
COMMAND: POST /session/302c28dd03ec619932948a5fa1f394c9/execute/sync - {"script":"<script> [8489 bytes]","args":[{"element-6066-11e4-a52e-4f735466cecf":"f.D6078088970B2F0795E5397A8DAD4E0E.d.35E3BC97F54C8F3A3BA7F96A14A1164A.e.313","ELEMENT":"f.D6078088970B2F0795E5397A8DAD4E0E.d.35E3BC97F54C8F3A3BA7F96A14A1164A.e.313"}]}
RESULT: {"script":"<script> [8489 bytes]","args":[{"element-6066-11e4-a52e-4f735466cecf":"f.D6078088970B2F0795E5397A8DAD4E0E.d.35E3BC97F54C8F3A3BA7F96A14A1164A.e.313","ELEMENT":"f.D6078088970B2F0795E5397A8DAD4E0E.d.35E3BC97F54C8F3A3BA7F96A14A1164A.e.313"}]}
COMMAND: GET /session/302c28dd03ec619932948a5fa1f394c9/element/f.D6078088970B2F0795E5397A8DAD4E0E.d.35E3BC97F54C8F3A3BA7F96A14A1164A.e.313/enabled - {}
COMMAND: GET /session/302c28dd03ec619932948a5fa1f394c9/screenshot - {}
RESULT: {}
COMMAND: POST /session/302c28dd03ec619932948a5fa1f394c9/execute/sync - {"script":"<script> [8489 bytes]","args":[{"element-6066-11e4-a52e-4f735466cecf":"f.D6078088970B2F0795E5397A8DAD4E0E.d.35E3BC97F54C8F3A3BA7F96A14A1164A.e.313","ELEMENT":"f.D6078088970B2F0795E5397A8DAD4E0E.d.35E3BC97F54C8F3A3BA7F96A14A1164A.e.313"}]}
COMMAND: GET /session/302c28dd03ec619932948a5fa1f394c9/screenshot - {}
RESULT: {}
RESULT: {"script":"<script> [8489 bytes]","args":[{"element-6066-11e4-a52e-4f735466cecf":"f.D6078088970B2F0795E5397A8DAD4E0E.d.35E3BC97F54C8F3A3BA7F96A14A1164A.e.313","ELEMENT":"f.D6078088970B2F0795E5397A8DAD4E0E.d.35E3BC97F54C8F3A3BA7F96A14A1164A.e.313"}]}
COMMAND: POST /session/302c28dd03ec619932948a5fa1f394c9/execute/sync - {"script":"<script> [5351 bytes]","args":[{"element-6066-11e4-a52e-4f735466cecf":"f.D6078088970B2F0795E5397A8DAD4E0E.d.35E3BC97F54C8F3A3BA7F96A14A1164A.e.313","ELEMENT":"f.D6078088970B2F0795E5397A8DAD4E0E.d.35E3BC97F54C8F3A3BA7F96A14A1164A.e.313"}]}
COMMAND: GET /session/302c28dd03ec619932948a5fa1f394c9/screenshot - {}
RESULT: {}
RESULT: {"script":"<script> [5351 bytes]","args":[{"element-6066-11e4-a52e-4f735466cecf":"f.D6078088970B2F0795E5397A8DAD4E0E.d.35E3BC97F54C8F3A3BA7F96A14A1164A.e.313","ELEMENT":"f.D6078088970B2F0795E5397A8DAD4E0E.d.35E3BC97F54C8F3A3BA7F96A14A1164A.e.313"}]}
COMMAND: POST /session/302c28dd03ec619932948a5fa1f394c9/element/f.D6078088970B2F0795E5397A8DAD4E0E.d.35E3BC97F54C8F3A3BA7F96A14A1164A.e.313/click - {}
COMMAND: GET /session/302c28dd03ec619932948a5fa1f394c9/screenshot - {}
RESULT: {}
RESULT: {}
COMMAND: GET /session/302c28dd03ec619932948a5fa1f394c9/screenshot - {}
RESULT: {}
RESULT: {}
COMMAND: POST /session/302c28dd03ec619932948a5fa1f394c9/element - {"using":"xpath","value":"//input[@id=\"application-manageyards-display-component---NewYard--yardId-inner\"]"}
RESULT: {"using":"xpath","value":"//input[@id=\"application-manageyards-display-component---NewYard--yardId-inner\"]"}
COMMAND: POST /session/302c28dd03ec619932948a5fa1f394c9/element - {"using":"xpath","value":"//input[@id=\"application-manageyards-display-component---NewYard--yardId-inner\"]"}
RESULT: {"using":"xpath","value":"//input[@id=\"application-manageyards-display-component---NewYard--yardId-inner\"]"}
COMMAND: POST /session/302c28dd03ec619932948a5fa1f394c9/execute/async - {"script":"<script> [1562 bytes]","args":[{"selector":{"id":"application-manageyards-display-component---NewYard--addressDetailDetailsName1","interaction":{"idSuffix":"inner"}},"wdio_ui5_key":"applicationmanageyards-display-component---NewYard--addressDetailDetailsName1"}]}
RESULT: {"script":"<script> [1562 bytes]","args":[{"selector":{"id":"application-manageyards-display-component---NewYard--addressDetailDetailsName1","interaction":{"idSuffix":"inner"}},"wdio_ui5_key":"applicationmanageyards-display-component---NewYard--addressDetailDetailsName1"}]}
RESULT: undefined
COMMAND: POST /session/302c28dd03ec619932948a5fa1f394c9/execute/async - {"script":"<script> [776 bytes]","args":[{"enterText":"Intracompany Yard wdIO","selector":{"id":"application-manageyards-display-component---NewYard--addressDetailDetailsName1","interaction":{"idSuffix":"inner"}},"clearTextFirst":true,"interactionType":"ENTER_TEXT"}]}
RESULT: {"script":"<script> [776 bytes]","args":[{"enterText":"Intracompany Yard wdIO","selector":{"id":"application-manageyards-display-component---NewYard--addressDetailDetailsName1","interaction":{"idSuffix":"inner"}},"clearTextFirst":true,"interactionType":"ENTER_TEXT"}]}
COMMAND: POST /session/302c28dd03ec619932948a5fa1f394c9/execute/async - {"script":"<script> [1562 bytes]","args":[{"selector":{"id":"application-manageyards-display-component---NewYard--addressDetailDetailsLanguage-arrow"},"wdio_ui5_key":"applicationmanageyards-display-component---NewYard--addressDetailDetailsLanguage-arrow"}]}
RESULT: {"script":"<script> [1562 bytes]","args":[{"selector":{"id":"application-manageyards-display-component---NewYard--addressDetailDetailsLanguage-arrow"},"wdio_ui5_key":"applicationmanageyards-display-component---NewYard--addressDetailDetailsLanguage-arrow"}]}
RESULT: undefined
COMMAND: POST /session/302c28dd03ec619932948a5fa1f394c9/element - {"using":"xpath","value":"//*[@id=\"application-manageyards-display-component---NewYard--addressDetailDetailsLanguage-arrow\"]"}
RESULT: {"using":"xpath","value":"//*[@id=\"application-manageyards-display-component---NewYard--addressDetailDetailsLanguage-arrow\"]"}
COMMAND: POST /session/302c28dd03ec619932948a5fa1f394c9/element/f.D6078088970B2F0795E5397A8DAD4E0E.d.35E3BC97F54C8F3A3BA7F96A14A1164A.e.546/click - {}
RESULT: {}
COMMAND: POST /session/302c28dd03ec619932948a5fa1f394c9/element - {"using":"xpath","value":"//span[contains(text(), \"English\")]"}
COMMAND: GET /session/302c28dd03ec619932948a5fa1f394c9/screenshot - {}
RESULT: {"using":"xpath","value":"//span[contains(text(), \"English\")]"}
COMMAND: POST /session/302c28dd03ec619932948a5fa1f394c9/element/f.D6078088970B2F0795E5397A8DAD4E0E.d.35E3BC97F54C8F3A3BA7F96A14A1164A.e.547/click - {}
RESULT: {}
RESULT: {}
COMMAND: POST /session/302c28dd03ec619932948a5fa1f394c9/execute/async - {"script":"<script> [1562 bytes]","args":[{"selector":{"id":"application-manageyards-display-component---NewYard--addressDetailDetailsCity1","interaction":{"idSuffix":"inner"}},"wdio_ui5_key":"applicationmanageyards-display-component---NewYard--addressDetailDetailsCity1"}]}
COMMAND: GET /session/302c28dd03ec619932948a5fa1f394c9/screenshot - {}
RESULT: {"script":"<script> [1562 bytes]","args":[{"selector":{"id":"application-manageyards-display-component---NewYard--addressDetailDetailsCity1","interaction":{"idSuffix":"inner"}},"wdio_ui5_key":"applicationmanageyards-display-component---NewYard--addressDetailDetailsCity1"}]}
RESULT: undefined
COMMAND: POST /session/302c28dd03ec619932948a5fa1f394c9/execute/async - {"script":"<script> [776 bytes]","args":[{"enterText":"Rosario","selector":{"id":"application-manageyards-display-component---NewYard--addressDetailDetailsCity1","interaction":{"idSuffix":"inner"}},"clearTextFirst":true,"interactionType":"ENTER_TEXT"}]}
RESULT: {}
RESULT: {"script":"<script> [776 bytes]","args":[{"enterText":"Rosario","selector":{"id":"application-manageyards-display-component---NewYard--addressDetailDetailsCity1","interaction":{"idSuffix":"inner"}},"clearTextFirst":true,"interactionType":"ENTER_TEXT"}]}
COMMAND: POST /session/302c28dd03ec619932948a5fa1f394c9/execute/async - {"script":"<script> [1562 bytes]","args":[{"selector":{"id":"application-manageyards-display-component---NewYard--addressDetailDetailsCountry-arrow"},"wdio_ui5_key":"applicationmanageyards-display-component---NewYard--addressDetailDetailsCountry-arrow"}]}
RESULT: {"script":"<script> [1562 bytes]","args":[{"selector":{"id":"application-manageyards-display-component---NewYard--addressDetailDetailsCountry-arrow"},"wdio_ui5_key":"applicationmanageyards-display-component---NewYard--addressDetailDetailsCountry-arrow"}]}
RESULT: undefined
COMMAND: POST /session/302c28dd03ec619932948a5fa1f394c9/element - {"using":"xpath","value":"//*[@id=\"application-manageyards-display-component---NewYard--addressDetailDetailsCountry-arrow\"]"}
RESULT: {"using":"xpath","value":"//*[@id=\"application-manageyards-display-component---NewYard--addressDetailDetailsCountry-arrow\"]"}
COMMAND: POST /session/302c28dd03ec619932948a5fa1f394c9/element/f.D6078088970B2F0795E5397A8DAD4E0E.d.35E3BC97F54C8F3A3BA7F96A14A1164A.e.549/click - {}
RESULT: {}
COMMAND: POST /session/302c28dd03ec619932948a5fa1f394c9/element - {"using":"xpath","value":"//span[contains(text(), \"Argentina\")]"}
COMMAND: GET /session/302c28dd03ec619932948a5fa1f394c9/screenshot - {}
RESULT: {"using":"xpath","value":"//span[contains(text(), \"Argentina\")]"}
COMMAND: POST /session/302c28dd03ec619932948a5fa1f394c9/element/f.D6078088970B2F0795E5397A8DAD4E0E.d.35E3BC97F54C8F3A3BA7F96A14A1164A.e.550/click - {}
RESULT: {}
RESULT: {}
COMMAND: POST /session/302c28dd03ec619932948a5fa1f394c9/execute/async - {"script":"<script> [1562 bytes]","args":[{"selector":{"id":"application-manageyards-display-component---NewYard--addressEditDetailsCostObjectCstType-arrow"},"wdio_ui5_key":"applicationmanageyards-display-component---NewYard--addressEditDetailsCostObjectCstType-arrow"}]}
COMMAND: GET /session/302c28dd03ec619932948a5fa1f394c9/screenshot - {}
RESULT: {"script":"<script> [1562 bytes]","args":[{"selector":{"id":"application-manageyards-display-component---NewYard--addressEditDetailsCostObjectCstType-arrow"},"wdio_ui5_key":"applicationmanageyards-display-component---NewYard--addressEditDetailsCostObjectCstType-arrow"}]}
RESULT: undefined
COMMAND: POST /session/302c28dd03ec619932948a5fa1f394c9/element - {"using":"xpath","value":"//*[@id=\"application-manageyards-display-component---NewYard--addressEditDetailsCostObjectCstType-arrow\"]"}
RESULT: {}
RESULT: {"using":"xpath","value":"//*[@id=\"application-manageyards-display-component---NewYard--addressEditDetailsCostObjectCstType-arrow\"]"}
COMMAND: POST /session/302c28dd03ec619932948a5fa1f394c9/element/f.D6078088970B2F0795E5397A8DAD4E0E.d.35E3BC97F54C8F3A3BA7F96A14A1164A.e.552/click - {}
RESULT: {}
COMMAND: POST /session/302c28dd03ec619932948a5fa1f394c9/element - {"using":"xpath","value":"//span[contains(text(), \"Cost Center\")]"}
COMMAND: GET /session/302c28dd03ec619932948a5fa1f394c9/screenshot - {}
RESULT: {"using":"xpath","value":"//span[contains(text(), \"Cost Center\")]"}
COMMAND: POST /session/302c28dd03ec619932948a5fa1f394c9/element/f.D6078088970B2F0795E5397A8DAD4E0E.d.35E3BC97F54C8F3A3BA7F96A14A1164A.e.553/click - {}
RESULT: {}
RESULT: {}
COMMAND: GET /session/302c28dd03ec619932948a5fa1f394c9/screenshot - {}
RESULT: {}
COMMAND: POST /session/302c28dd03ec619932948a5fa1f394c9/element - {"using":"xpath","value":"//span[@id=\"application-manageyards-display-component---NewYard--addressNewCostObjectCstID-vhi\"]"}
RESULT: {"using":"xpath","value":"//span[@id=\"application-manageyards-display-component---NewYard--addressNewCostObjectCstID-vhi\"]"}
COMMAND: POST /session/302c28dd03ec619932948a5fa1f394c9/execute/sync - {"script":"<script> [8489 bytes]","args":[{"element-6066-11e4-a52e-4f735466cecf":"f.D6078088970B2F0795E5397A8DAD4E0E.d.35E3BC97F54C8F3A3BA7F96A14A1164A.e.556","ELEMENT":"f.D6078088970B2F0795E5397A8DAD4E0E.d.35E3BC97F54C8F3A3BA7F96A14A1164A.e.556"}]}
RESULT: {"script":"<script> [8489 bytes]","args":[{"element-6066-11e4-a52e-4f735466cecf":"f.D6078088970B2F0795E5397A8DAD4E0E.d.35E3BC97F54C8F3A3BA7F96A14A1164A.e.556","ELEMENT":"f.D6078088970B2F0795E5397A8DAD4E0E.d.35E3BC97F54C8F3A3BA7F96A14A1164A.e.556"}]}
COMMAND: POST /session/302c28dd03ec619932948a5fa1f394c9/execute/async - {"script":"<script> [1562 bytes]","args":[{"selector":{"id":"application-manageyards-display-component---NewYard--addressNewCostObjectCstID-vhi"},"wdio_ui5_key":"applicationmanageyards-display-component---NewYard--addressNewCostObjectCstID-vhi"}]}
COMMAND: GET /session/302c28dd03ec619932948a5fa1f394c9/screenshot - {}
RESULT: {"script":"<script> [1562 bytes]","args":[{"selector":{"id":"application-manageyards-display-component---NewYard--addressNewCostObjectCstID-vhi"},"wdio_ui5_key":"applicationmanageyards-display-component---NewYard--addressNewCostObjectCstID-vhi"}]}
RESULT: undefined
COMMAND: POST /session/302c28dd03ec619932948a5fa1f394c9/element - {"using":"xpath","value":"//*[@id=\"application-manageyards-display-component---NewYard--addressNewCostObjectCstID-vhi\"]"}
RESULT: {}
RESULT: {"using":"xpath","value":"//*[@id=\"application-manageyards-display-component---NewYard--addressNewCostObjectCstID-vhi\"]"}
COMMAND: POST /session/302c28dd03ec619932948a5fa1f394c9/element/f.D6078088970B2F0795E5397A8DAD4E0E.d.35E3BC97F54C8F3A3BA7F96A14A1164A.e.556/click - {}
RESULT: {}
COMMAND: GET /session/302c28dd03ec619932948a5fa1f394c9/screenshot - {}
RESULT: {}
COMMAND: POST /session/302c28dd03ec619932948a5fa1f394c9/execute/async - {"script":"<script> [1562 bytes]","args":[{"selector":{"controlType":"sap.m.SearchField","properties":{"placeholder":"Search"},"searchOpenDialogs":true,"interaction":{"idSuffix":"I"}},"wdio_ui5_key":"sapm.SearchField{\"placeholder\":\"Search\"}"}]}
RESULT: {"script":"<script> [1562 bytes]","args":[{"selector":{"controlType":"sap.m.SearchField","properties":{"placeholder":"Search"},"searchOpenDialogs":true,"interaction":{"idSuffix":"I"}},"wdio_ui5_key":"sapm.SearchField{\"placeholder\":\"Search\"}"}]}
RESULT: undefined
COMMAND: POST /session/302c28dd03ec619932948a5fa1f394c9/execute/async - {"script":"<script> [776 bytes]","args":[{"enterText":"10001013","selector":{"controlType":"sap.m.SearchField","properties":{"placeholder":"Search"},"searchOpenDialogs":true,"interaction":{"idSuffix":"I"}},"clearTextFirst":true,"interactionType":"ENTER_TEXT"}]}
RESULT: {"script":"<script> [776 bytes]","args":[{"enterText":"10001013","selector":{"controlType":"sap.m.SearchField","properties":{"placeholder":"Search"},"searchOpenDialogs":true,"interaction":{"idSuffix":"I"}},"clearTextFirst":true,"interactionType":"ENTER_TEXT"}]}
COMMAND: POST /session/302c28dd03ec619932948a5fa1f394c9/actions - {"actions":[{"id":"action1","type":"key","parameters":{},"actions":[{"type":"keyDown","value":""},{"type":"pause","duration":10},{"type":"keyUp","value":""}]}]}
RESULT: {"actions":[{"id":"action1","type":"key","parameters":{},"actions":[{"type":"keyDown","value":""},{"type":"pause","duration":10},{"type":"keyUp","value":""}]}]}
COMMAND: GET /session/302c28dd03ec619932948a5fa1f394c9/screenshot - {}
RESULT: {}
COMMAND: POST /session/302c28dd03ec619932948a5fa1f394c9/element - {"using":"xpath","value":"//span[contains(text(), \"General Management\")]"}
RESULT: {"using":"xpath","value":"//span[contains(text(), \"General Management\")]"}
COMMAND: POST /session/302c28dd03ec619932948a5fa1f394c9/element/f.D6078088970B2F0795E5397A8DAD4E0E.d.35E3BC97F54C8F3A3BA7F96A14A1164A.e.566/click - {}
RESULT: {}
COMMAND: GET /session/302c28dd03ec619932948a5fa1f394c9/screenshot - {}
RESULT: {}
COMMAND: POST /session/302c28dd03ec619932948a5fa1f394c9/element - {"using":"xpath","value":"//bdi[contains(text(), \"OK\")]"}
RESULT: {"using":"xpath","value":"//bdi[contains(text(), \"OK\")]"}
COMMAND: POST /session/302c28dd03ec619932948a5fa1f394c9/element/f.D6078088970B2F0795E5397A8DAD4E0E.d.35E3BC97F54C8F3A3BA7F96A14A1164A.e.568/click - {}
RESULT: {}
COMMAND: GET /session/302c28dd03ec619932948a5fa1f394c9/screenshot - {}
RESULT: {}
COMMAND: POST /session/302c28dd03ec619932948a5fa1f394c9/execute/async - {"script":"<script> [1562 bytes]","args":[{"selector":{"id":"application-manageyards-display-component---NewYard--addressEditDetailsCurrency-arrow"},"wdio_ui5_key":"applicationmanageyards-display-component---NewYard--addressEditDetailsCurrency-arrow"}]}
RESULT: {"script":"<script> [1562 bytes]","args":[{"selector":{"id":"application-manageyards-display-component---NewYard--addressEditDetailsCurrency-arrow"},"wdio_ui5_key":"applicationmanageyards-display-component---NewYard--addressEditDetailsCurrency-arrow"}]}
RESULT: undefined
COMMAND: POST /session/302c28dd03ec619932948a5fa1f394c9/element - {"using":"xpath","value":"//*[@id=\"application-manageyards-display-component---NewYard--addressEditDetailsCurrency-arrow\"]"}
RESULT: {"using":"xpath","value":"//*[@id=\"application-manageyards-display-component---NewYard--addressEditDetailsCurrency-arrow\"]"}
COMMAND: POST /session/302c28dd03ec619932948a5fa1f394c9/element/f.D6078088970B2F0795E5397A8DAD4E0E.d.35E3BC97F54C8F3A3BA7F96A14A1164A.e.571/click - {}
RESULT: {}
COMMAND: POST /session/302c28dd03ec619932948a5fa1f394c9/element - {"using":"xpath","value":"//span[contains(text(), \"Euro\")]"}
COMMAND: GET /session/302c28dd03ec619932948a5fa1f394c9/screenshot - {}
RESULT: {"using":"xpath","value":"//span[contains(text(), \"Euro\")]"}
COMMAND: POST /session/302c28dd03ec619932948a5fa1f394c9/element/f.D6078088970B2F0795E5397A8DAD4E0E.d.35E3BC97F54C8F3A3BA7F96A14A1164A.e.572/click - {}
RESULT: {}
RESULT: {}
COMMAND: POST /session/302c28dd03ec619932948a5fa1f394c9/execute/async - {"script":"<script> [1562 bytes]","args":[{"selector":{"controlType":"sap.m.Input","viewName":"etm.portal.ui.manageyards.view.New","viewId":"application-manageyards-display-component---NewYard","bindingPath":{"path":"","propertyPath":"/CONTROLLING_AREA","modelName":"NewYardModel"},"interaction":{"idSuffix":"inner"}},"wdio_ui5_key":"etmportal.ui.manageyards.view.Newsap.m.Input{\"path\":\"\",\"propertyPath\":\"/CONTROLLING_AREA\",\"modelName\":\"NewYardModel\"}"}]}
COMMAND: GET /session/302c28dd03ec619932948a5fa1f394c9/screenshot - {}
RESULT: {"script":"<script> [1562 bytes]","args":[{"selector":{"controlType":"sap.m.Input","viewName":"etm.portal.ui.manageyards.view.New","viewId":"application-manageyards-display-component---NewYard","bindingPath":{"path":"","propertyPath":"/CONTROLLING_AREA","modelName":"NewYardModel"},"interaction":{"idSuffix":"inner"}},"wdio_ui5_key":"etmportal.ui.manageyards.view.Newsap.m.Input{\"path\":\"\",\"propertyPath\":\"/CONTROLLING_AREA\",\"modelName\":\"NewYardModel\"}"}]}
RESULT: undefined
COMMAND: POST /session/302c28dd03ec619932948a5fa1f394c9/execute/async - {"script":"<script> [776 bytes]","args":[{"enterText":"Z001","selector":{"controlType":"sap.m.Input","viewName":"etm.portal.ui.manageyards.view.New","viewId":"application-manageyards-display-component---NewYard","bindingPath":{"path":"","propertyPath":"/CONTROLLING_AREA","modelName":"NewYardModel"},"interaction":{"idSuffix":"inner"}},"clearTextFirst":true,"interactionType":"ENTER_TEXT"}]}
RESULT: {}
RESULT: {"script":"<script> [776 bytes]","args":[{"enterText":"Z001","selector":{"controlType":"sap.m.Input","viewName":"etm.portal.ui.manageyards.view.New","viewId":"application-manageyards-display-component---NewYard","bindingPath":{"path":"","propertyPath":"/CONTROLLING_AREA","modelName":"NewYardModel"},"interaction":{"idSuffix":"inner"}},"clearTextFirst":true,"interactionType":"ENTER_TEXT"}]}
COMMAND: POST /session/302c28dd03ec619932948a5fa1f394c9/execute/async - {"script":"<script> [1562 bytes]","args":[{"selector":{"id":"application-manageyards-display-component---NewYard--companyCodeComboBox","interaction":{"idSuffix":"inner"}},"wdio_ui5_key":"applicationmanageyards-display-component---NewYard--companyCodeComboBox"}]}
RESULT: {"script":"<script> [1562 bytes]","args":[{"selector":{"id":"application-manageyards-display-component---NewYard--companyCodeComboBox","interaction":{"idSuffix":"inner"}},"wdio_ui5_key":"applicationmanageyards-display-component---NewYard--companyCodeComboBox"}]}
RESULT: undefined
COMMAND: POST /session/302c28dd03ec619932948a5fa1f394c9/execute/async - {"script":"<script> [776 bytes]","args":[{"enterText":"1000","selector":{"id":"application-manageyards-display-component---NewYard--companyCodeComboBox","interaction":{"idSuffix":"inner"}},"clearTextFirst":true,"interactionType":"ENTER_TEXT"}]}
RESULT: {"script":"<script> [776 bytes]","args":[{"enterText":"1000","selector":{"id":"application-manageyards-display-component---NewYard--companyCodeComboBox","interaction":{"idSuffix":"inner"}},"clearTextFirst":true,"interactionType":"ENTER_TEXT"}]}
COMMAND: POST /session/302c28dd03ec619932948a5fa1f394c9/execute/async - {"script":"<script> [1562 bytes]","args":[{"selector":{"controlType":"sap.m.Input","viewName":"etm.portal.ui.manageyards.view.New","viewId":"application-manageyards-display-component---NewYard","bindingPath":{"path":"","propertyPath":"/PLANT","modelName":"NewYardModel"},"interaction":{"idSuffix":"inner"}},"wdio_ui5_key":"etmportal.ui.manageyards.view.Newsap.m.Input{\"path\":\"\",\"propertyPath\":\"/PLANT\",\"modelName\":\"NewYardModel\"}"}]}
RESULT: {"script":"<script> [1562 bytes]","args":[{"selector":{"controlType":"sap.m.Input","viewName":"etm.portal.ui.manageyards.view.New","viewId":"application-manageyards-display-component---NewYard","bindingPath":{"path":"","propertyPath":"/PLANT","modelName":"NewYardModel"},"interaction":{"idSuffix":"inner"}},"wdio_ui5_key":"etmportal.ui.manageyards.view.Newsap.m.Input{\"path\":\"\",\"propertyPath\":\"/PLANT\",\"modelName\":\"NewYardModel\"}"}]}
RESULT: undefined
COMMAND: POST /session/302c28dd03ec619932948a5fa1f394c9/execute/async - {"script":"<script> [776 bytes]","args":[{"enterText":"1001","selector":{"controlType":"sap.m.Input","viewName":"etm.portal.ui.manageyards.view.New","viewId":"application-manageyards-display-component---NewYard","bindingPath":{"path":"","propertyPath":"/PLANT","modelName":"NewYardModel"},"interaction":{"idSuffix":"inner"}},"clearTextFirst":true,"interactionType":"ENTER_TEXT"}]}
RESULT: {"script":"<script> [776 bytes]","args":[{"enterText":"1001","selector":{"controlType":"sap.m.Input","viewName":"etm.portal.ui.manageyards.view.New","viewId":"application-manageyards-display-component---NewYard","bindingPath":{"path":"","propertyPath":"/PLANT","modelName":"NewYardModel"},"interaction":{"idSuffix":"inner"}},"clearTextFirst":true,"interactionType":"ENTER_TEXT"}]}
COMMAND: POST /session/302c28dd03ec619932948a5fa1f394c9/execute/async - {"script":"<script> [1562 bytes]","args":[{"selector":{"controlType":"sap.m.Input","viewName":"etm.portal.ui.manageyards.view.New","viewId":"application-manageyards-display-component---NewYard","bindingPath":{"path":"","propertyPath":"/SALES_AREA_VKORG","modelName":"NewYardModel"},"interaction":{"idSuffix":"inner"}},"wdio_ui5_key":"etmportal.ui.manageyards.view.Newsap.m.Input{\"path\":\"\",\"propertyPath\":\"/SALES_AREA_VKORG\",\"modelName\":\"NewYardModel\"}"}]}
RESULT: {"script":"<script> [1562 bytes]","args":[{"selector":{"controlType":"sap.m.Input","viewName":"etm.portal.ui.manageyards.view.New","viewId":"application-manageyards-display-component---NewYard","bindingPath":{"path":"","propertyPath":"/SALES_AREA_VKORG","modelName":"NewYardModel"},"interaction":{"idSuffix":"inner"}},"wdio_ui5_key":"etmportal.ui.manageyards.view.Newsap.m.Input{\"path\":\"\",\"propertyPath\":\"/SALES_AREA_VKORG\",\"modelName\":\"NewYardModel\"}"}]}
RESULT: undefined
COMMAND: POST /session/302c28dd03ec619932948a5fa1f394c9/execute/async - {"script":"<script> [776 bytes]","args":[{"enterText":"C002","selector":{"controlType":"sap.m.Input","viewName":"etm.portal.ui.manageyards.view.New","viewId":"application-manageyards-display-component---NewYard","bindingPath":{"path":"","propertyPath":"/SALES_AREA_VKORG","modelName":"NewYardModel"},"interaction":{"idSuffix":"inner"}},"clearTextFirst":true,"interactionType":"ENTER_TEXT"}]}
RESULT: {"script":"<script> [776 bytes]","args":[{"enterText":"C002","selector":{"controlType":"sap.m.Input","viewName":"etm.portal.ui.manageyards.view.New","viewId":"application-manageyards-display-component---NewYard","bindingPath":{"path":"","propertyPath":"/SALES_AREA_VKORG","modelName":"NewYardModel"},"interaction":{"idSuffix":"inner"}},"clearTextFirst":true,"interactionType":"ENTER_TEXT"}]}
COMMAND: POST /session/302c28dd03ec619932948a5fa1f394c9/execute/async - {"script":"<script> [1562 bytes]","args":[{"selector":{"controlType":"sap.m.Input","viewName":"etm.portal.ui.manageyards.view.New","viewId":"application-manageyards-display-component---NewYard","bindingPath":{"path":"","propertyPath":"/SALES_AREA_VTWEG","modelName":"NewYardModel"},"interaction":{"idSuffix":"inner"}},"wdio_ui5_key":"etmportal.ui.manageyards.view.Newsap.m.Input{\"path\":\"\",\"propertyPath\":\"/SALES_AREA_VTWEG\",\"modelName\":\"NewYardModel\"}"}]}
RESULT: {"script":"<script> [1562 bytes]","args":[{"selector":{"controlType":"sap.m.Input","viewName":"etm.portal.ui.manageyards.view.New","viewId":"application-manageyards-display-component---NewYard","bindingPath":{"path":"","propertyPath":"/SALES_AREA_VTWEG","modelName":"NewYardModel"},"interaction":{"idSuffix":"inner"}},"wdio_ui5_key":"etmportal.ui.manageyards.view.Newsap.m.Input{\"path\":\"\",\"propertyPath\":\"/SALES_AREA_VTWEG\",\"modelName\":\"NewYardModel\"}"}]}
RESULT: undefined
COMMAND: POST /session/302c28dd03ec619932948a5fa1f394c9/execute/async - {"script":"<script> [776 bytes]","args":[{"enterText":"C2","selector":{"controlType":"sap.m.Input","viewName":"etm.portal.ui.manageyards.view.New","viewId":"application-manageyards-display-component---NewYard","bindingPath":{"path":"","propertyPath":"/SALES_AREA_VTWEG","modelName":"NewYardModel"},"interaction":{"idSuffix":"inner"}},"clearTextFirst":true,"interactionType":"ENTER_TEXT"}]}
RESULT: {"script":"<script> [776 bytes]","args":[{"enterText":"C2","selector":{"controlType":"sap.m.Input","viewName":"etm.portal.ui.manageyards.view.New","viewId":"application-manageyards-display-component---NewYard","bindingPath":{"path":"","propertyPath":"/SALES_AREA_VTWEG","modelName":"NewYardModel"},"interaction":{"idSuffix":"inner"}},"clearTextFirst":true,"interactionType":"ENTER_TEXT"}]}
COMMAND: POST /session/302c28dd03ec619932948a5fa1f394c9/execute/async - {"script":"<script> [1562 bytes]","args":[{"selector":{"controlType":"sap.m.Input","viewName":"etm.portal.ui.manageyards.view.New","viewId":"application-manageyards-display-component---NewYard","bindingPath":{"path":"","propertyPath":"/SALES_AREA_SPART","modelName":"NewYardModel"},"interaction":{"idSuffix":"inner"}},"wdio_ui5_key":"etmportal.ui.manageyards.view.Newsap.m.Input{\"path\":\"\",\"propertyPath\":\"/SALES_AREA_SPART\",\"modelName\":\"NewYardModel\"}"}]}
RESULT: {"script":"<script> [1562 bytes]","args":[{"selector":{"controlType":"sap.m.Input","viewName":"etm.portal.ui.manageyards.view.New","viewId":"application-manageyards-display-component---NewYard","bindingPath":{"path":"","propertyPath":"/SALES_AREA_SPART","modelName":"NewYardModel"},"interaction":{"idSuffix":"inner"}},"wdio_ui5_key":"etmportal.ui.manageyards.view.Newsap.m.Input{\"path\":\"\",\"propertyPath\":\"/SALES_AREA_SPART\",\"modelName\":\"NewYardModel\"}"}]}
RESULT: undefined
COMMAND: POST /session/302c28dd03ec619932948a5fa1f394c9/execute/async - {"script":"<script> [776 bytes]","args":[{"enterText":"C2","selector":{"controlType":"sap.m.Input","viewName":"etm.portal.ui.manageyards.view.New","viewId":"application-manageyards-display-component---NewYard","bindingPath":{"path":"","propertyPath":"/SALES_AREA_SPART","modelName":"NewYardModel"},"interaction":{"idSuffix":"inner"}},"clearTextFirst":true,"interactionType":"ENTER_TEXT"}]}
RESULT: {"script":"<script> [776 bytes]","args":[{"enterText":"C2","selector":{"controlType":"sap.m.Input","viewName":"etm.portal.ui.manageyards.view.New","viewId":"application-manageyards-display-component---NewYard","bindingPath":{"path":"","propertyPath":"/SALES_AREA_SPART","modelName":"NewYardModel"},"interaction":{"idSuffix":"inner"}},"clearTextFirst":true,"interactionType":"ENTER_TEXT"}]}
COMMAND: POST /session/302c28dd03ec619932948a5fa1f394c9/execute/async - {"script":"<script> [1562 bytes]","args":[{"selector":{"controlType":"sap.m.Input","viewName":"etm.portal.ui.manageyards.view.New","viewId":"application-manageyards-display-component---NewYard","bindingPath":{"path":"","propertyPath":"/SHIP_POINT","modelName":"NewYardModel"},"interaction":{"idSuffix":"inner"}},"wdio_ui5_key":"etmportal.ui.manageyards.view.Newsap.m.Input{\"path\":\"\",\"propertyPath\":\"/SHIP_POINT\",\"modelName\":\"NewYardModel\"}"}]}
RESULT: {"script":"<script> [1562 bytes]","args":[{"selector":{"controlType":"sap.m.Input","viewName":"etm.portal.ui.manageyards.view.New","viewId":"application-manageyards-display-component---NewYard","bindingPath":{"path":"","propertyPath":"/SHIP_POINT","modelName":"NewYardModel"},"interaction":{"idSuffix":"inner"}},"wdio_ui5_key":"etmportal.ui.manageyards.view.Newsap.m.Input{\"path\":\"\",\"propertyPath\":\"/SHIP_POINT\",\"modelName\":\"NewYardModel\"}"}]}
RESULT: undefined
COMMAND: POST /session/302c28dd03ec619932948a5fa1f394c9/execute/async - {"script":"<script> [776 bytes]","args":[{"enterText":"1710","selector":{"controlType":"sap.m.Input","viewName":"etm.portal.ui.manageyards.view.New","viewId":"application-manageyards-display-component---NewYard","bindingPath":{"path":"","propertyPath":"/SHIP_POINT","modelName":"NewYardModel"},"interaction":{"idSuffix":"inner"}},"clearTextFirst":true,"interactionType":"ENTER_TEXT"}]}
RESULT: {"script":"<script> [776 bytes]","args":[{"enterText":"1710","selector":{"controlType":"sap.m.Input","viewName":"etm.portal.ui.manageyards.view.New","viewId":"application-manageyards-display-component---NewYard","bindingPath":{"path":"","propertyPath":"/SHIP_POINT","modelName":"NewYardModel"},"interaction":{"idSuffix":"inner"}},"clearTextFirst":true,"interactionType":"ENTER_TEXT"}]}
COMMAND: POST /session/302c28dd03ec619932948a5fa1f394c9/execute/async - {"script":"<script> [1562 bytes]","args":[{"selector":{"controlType":"sap.m.Input","viewName":"etm.portal.ui.manageyards.view.New","viewId":"application-manageyards-display-component---NewYard","bindingPath":{"path":"","propertyPath":"/DELIVERY_TYPE","modelName":"NewYardModel"},"interaction":{"idSuffix":"inner"}},"wdio_ui5_key":"etmportal.ui.manageyards.view.Newsap.m.Input{\"path\":\"\",\"propertyPath\":\"/DELIVERY_TYPE\",\"modelName\":\"NewYardModel\"}"}]}
RESULT: {"script":"<script> [1562 bytes]","args":[{"selector":{"controlType":"sap.m.Input","viewName":"etm.portal.ui.manageyards.view.New","viewId":"application-manageyards-display-component---NewYard","bindingPath":{"path":"","propertyPath":"/DELIVERY_TYPE","modelName":"NewYardModel"},"interaction":{"idSuffix":"inner"}},"wdio_ui5_key":"etmportal.ui.manageyards.view.Newsap.m.Input{\"path\":\"\",\"propertyPath\":\"/DELIVERY_TYPE\",\"modelName\":\"NewYardModel\"}"}]}
RESULT: undefined
COMMAND: POST /session/302c28dd03ec619932948a5fa1f394c9/execute/async - {"script":"<script> [776 bytes]","args":[{"enterText":"ZL01","selector":{"controlType":"sap.m.Input","viewName":"etm.portal.ui.manageyards.view.New","viewId":"application-manageyards-display-component---NewYard","bindingPath":{"path":"","propertyPath":"/DELIVERY_TYPE","modelName":"NewYardModel"},"interaction":{"idSuffix":"inner"}},"clearTextFirst":true,"interactionType":"ENTER_TEXT"}]}
RESULT: {"script":"<script> [776 bytes]","args":[{"enterText":"ZL01","selector":{"controlType":"sap.m.Input","viewName":"etm.portal.ui.manageyards.view.New","viewId":"application-manageyards-display-component---NewYard","bindingPath":{"path":"","propertyPath":"/DELIVERY_TYPE","modelName":"NewYardModel"},"interaction":{"idSuffix":"inner"}},"clearTextFirst":true,"interactionType":"ENTER_TEXT"}]}
COMMAND: POST /session/302c28dd03ec619932948a5fa1f394c9/execute/async - {"script":"<script> [1562 bytes]","args":[{"selector":{"controlType":"sap.m.Input","viewName":"etm.portal.ui.manageyards.view.New","viewId":"application-manageyards-display-component---NewYard","bindingPath":{"path":"","propertyPath":"/AUART","modelName":"NewYardModel"},"interaction":{"idSuffix":"inner"}},"wdio_ui5_key":"etmportal.ui.manageyards.view.Newsap.m.Input{\"path\":\"\",\"propertyPath\":\"/AUART\",\"modelName\":\"NewYardModel\"}"}]}
RESULT: {"script":"<script> [1562 bytes]","args":[{"selector":{"controlType":"sap.m.Input","viewName":"etm.portal.ui.manageyards.view.New","viewId":"application-manageyards-display-component---NewYard","bindingPath":{"path":"","propertyPath":"/AUART","modelName":"NewYardModel"},"interaction":{"idSuffix":"inner"}},"wdio_ui5_key":"etmportal.ui.manageyards.view.Newsap.m.Input{\"path\":\"\",\"propertyPath\":\"/AUART\",\"modelName\":\"NewYardModel\"}"}]}
RESULT: undefined
COMMAND: POST /session/302c28dd03ec619932948a5fa1f394c9/execute/async - {"script":"<script> [776 bytes]","args":[{"enterText":"TA","selector":{"controlType":"sap.m.Input","viewName":"etm.portal.ui.manageyards.view.New","viewId":"application-manageyards-display-component---NewYard","bindingPath":{"path":"","propertyPath":"/AUART","modelName":"NewYardModel"},"interaction":{"idSuffix":"inner"}},"clearTextFirst":true,"interactionType":"ENTER_TEXT"}]}
RESULT: {"script":"<script> [776 bytes]","args":[{"enterText":"TA","selector":{"controlType":"sap.m.Input","viewName":"etm.portal.ui.manageyards.view.New","viewId":"application-manageyards-display-component---NewYard","bindingPath":{"path":"","propertyPath":"/AUART","modelName":"NewYardModel"},"interaction":{"idSuffix":"inner"}},"clearTextFirst":true,"interactionType":"ENTER_TEXT"}]}
COMMAND: POST /session/302c28dd03ec619932948a5fa1f394c9/element - {"using":"xpath","value":"//button[@data-kt=\"newYardSaveButton\"]"}
RESULT: {"using":"xpath","value":"//button[@data-kt=\"newYardSaveButton\"]"}
COMMAND: POST /session/302c28dd03ec619932948a5fa1f394c9/element/f.D6078088970B2F0795E5397A8DAD4E0E.d.35E3BC97F54C8F3A3BA7F96A14A1164A.e.418/click - {}
RESULT: {}
COMMAND: GET /session/302c28dd03ec619932948a5fa1f394c9/screenshot - {}
RESULT: {}
COMMAND: POST /session/302c28dd03ec619932948a5fa1f394c9/element - {"using":"xpath","value":"//header[contains(@id, 'ObjectPageLayout-headerTitle')]/div[1]/div[2]/div[1]/span[1]"}
RESULT: {"using":"xpath","value":"//header[contains(@id, 'ObjectPageLayout-headerTitle')]/div[1]/div[2]/div[1]/span[1]"}
COMMAND: POST /session/302c28dd03ec619932948a5fa1f394c9/elements - {"using":"xpath","value":"//header[contains(@id, 'ObjectPageLayout-headerTitle')]/div[1]/div[2]/div[1]/span[1]"}
RESULT: {"using":"xpath","value":"//header[contains(@id, 'ObjectPageLayout-headerTitle')]/div[1]/div[2]/div[1]/span[1]"}
COMMAND: POST /session/302c28dd03ec619932948a5fa1f394c9/execute/sync - {"script":"<script> [56 bytes]","args":[{"element-6066-11e4-a52e-4f735466cecf":"f.D6078088970B2F0795E5397A8DAD4E0E.d.35E3BC97F54C8F3A3BA7F96A14A1164A.e.740","ELEMENT":"f.D6078088970B2F0795E5397A8DAD4E0E.d.35E3BC97F54C8F3A3BA7F96A14A1164A.e.740"}]}
RESULT: {"script":"<script> [56 bytes]","args":[{"element-6066-11e4-a52e-4f735466cecf":"f.D6078088970B2F0795E5397A8DAD4E0E.d.35E3BC97F54C8F3A3BA7F96A14A1164A.e.740","ELEMENT":"f.D6078088970B2F0795E5397A8DAD4E0E.d.35E3BC97F54C8F3A3BA7F96A14A1164A.e.740"}]}
COMMAND: GET /session/302c28dd03ec619932948a5fa1f394c9/screenshot - {}
RESULT: {}
COMMAND: POST /session/302c28dd03ec619932948a5fa1f394c9/element - {"using":"css selector","value":"#shell-header-logo"}
RESULT: {"using":"css selector","value":"#shell-header-logo"}
COMMAND: POST /session/302c28dd03ec619932948a5fa1f394c9/element/f.D6078088970B2F0795E5397A8DAD4E0E.d.35E3BC97F54C8F3A3BA7F96A14A1164A.e.278/click - {}
RESULT: {}
COMMAND: GET /session/302c28dd03ec619932948a5fa1f394c9/screenshot - {}
RESULT: {}
]]></system-out>
    </testcase>
    <testcase classname="chrome.135_0_7049_42.windows.Partner_specific_tests_US150819_US151080_US151654_US151176_US103444_US151078_US151079_US151109_US151174_US151175_US151189" name="Should create new external partner US150819" time="123.594">
      <system-out><![CDATA[
COMMAND: POST /session/302c28dd03ec619932948a5fa1f394c9/element - {"using":"xpath","value":"//li[.//span[text()=\"Manage Partners\"]]"}
RESULT: {"using":"xpath","value":"//li[.//span[text()=\"Manage Partners\"]]"}
COMMAND: POST /session/302c28dd03ec619932948a5fa1f394c9/element - {"using":"xpath","value":"//li[.//span[text()=\"Manage Partners\"]]"}
RESULT: {"using":"xpath","value":"//li[.//span[text()=\"Manage Partners\"]]"}
COMMAND: POST /session/302c28dd03ec619932948a5fa1f394c9/element - {"using":"css selector","value":"#shell-header-logo"}
RESULT: {"using":"css selector","value":"#shell-header-logo"}
COMMAND: POST /session/302c28dd03ec619932948a5fa1f394c9/element/f.D6078088970B2F0795E5397A8DAD4E0E.d.35E3BC97F54C8F3A3BA7F96A14A1164A.e.749/click - {}
COMMAND: POST /session/302c28dd03ec619932948a5fa1f394c9/execute/sync - {"script":"<script> [8489 bytes]","args":[{"element-6066-11e4-a52e-4f735466cecf":"f.D6078088970B2F0795E5397A8DAD4E0E.d.35E3BC97F54C8F3A3BA7F96A14A1164A.e.749","ELEMENT":"f.D6078088970B2F0795E5397A8DAD4E0E.d.35E3BC97F54C8F3A3BA7F96A14A1164A.e.749"}]}
RESULT: {"script":"<script> [8489 bytes]","args":[{"element-6066-11e4-a52e-4f735466cecf":"f.D6078088970B2F0795E5397A8DAD4E0E.d.35E3BC97F54C8F3A3BA7F96A14A1164A.e.749","ELEMENT":"f.D6078088970B2F0795E5397A8DAD4E0E.d.35E3BC97F54C8F3A3BA7F96A14A1164A.e.749"}]}
COMMAND: POST /session/302c28dd03ec619932948a5fa1f394c9/execute/sync - {"script":"<script> [5351 bytes]","args":[{"element-6066-11e4-a52e-4f735466cecf":"f.D6078088970B2F0795E5397A8DAD4E0E.d.35E3BC97F54C8F3A3BA7F96A14A1164A.e.749","ELEMENT":"f.D6078088970B2F0795E5397A8DAD4E0E.d.35E3BC97F54C8F3A3BA7F96A14A1164A.e.749"}]}
COMMAND: GET /session/302c28dd03ec619932948a5fa1f394c9/screenshot - {}
RESULT: {}
COMMAND: GET /session/302c28dd03ec619932948a5fa1f394c9/screenshot - {}
RESULT: {"script":"<script> [5351 bytes]","args":[{"element-6066-11e4-a52e-4f735466cecf":"f.D6078088970B2F0795E5397A8DAD4E0E.d.35E3BC97F54C8F3A3BA7F96A14A1164A.e.749","ELEMENT":"f.D6078088970B2F0795E5397A8DAD4E0E.d.35E3BC97F54C8F3A3BA7F96A14A1164A.e.749"}]}
COMMAND: GET /session/302c28dd03ec619932948a5fa1f394c9/screenshot - {}
RESULT: {}
RESULT: {}
RESULT: {}
COMMAND: POST /session/302c28dd03ec619932948a5fa1f394c9/window/fullscreen - {}
RESULT: {}
COMMAND: POST /session/302c28dd03ec619932948a5fa1f394c9/execute/async - {"script":"<script> [1562 bytes]","args":[{"selector":{"controlType":"sap.m.GenericTile","properties":{"header":"Manage Partners"}},"wdio_ui5_key":"sapm.GenericTile{\"header\":\"Manage Partners\"}"}]}
RESULT: {"script":"<script> [1562 bytes]","args":[{"selector":{"controlType":"sap.m.GenericTile","properties":{"header":"Manage Partners"}},"wdio_ui5_key":"sapm.GenericTile{\"header\":\"Manage Partners\"}"}]}
RESULT: undefined
COMMAND: POST /session/302c28dd03ec619932948a5fa1f394c9/element - {"using":"xpath","value":"//*[@id=\"__tile53\"]"}
RESULT: {"using":"xpath","value":"//*[@id=\"__tile53\"]"}
COMMAND: POST /session/302c28dd03ec619932948a5fa1f394c9/element/f.D6078088970B2F0795E5397A8DAD4E0E.d.35E3BC97F54C8F3A3BA7F96A14A1164A.e.133/click - {}
RESULT: {}
COMMAND: POST /session/302c28dd03ec619932948a5fa1f394c9/element - {"using":"xpath","value":"//button[@data-kt=\"addButton\"]"}
COMMAND: GET /session/302c28dd03ec619932948a5fa1f394c9/screenshot - {}
RESULT: {"using":"xpath","value":"//button[@data-kt=\"addButton\"]"}
COMMAND: POST /session/302c28dd03ec619932948a5fa1f394c9/elements - {"using":"xpath","value":"//button[@data-kt=\"addButton\"]"}
RESULT: {}
RESULT: {"using":"xpath","value":"//button[@data-kt=\"addButton\"]"}
COMMAND: POST /session/302c28dd03ec619932948a5fa1f394c9/elements - {"using":"xpath","value":"//button[@data-kt=\"addButton\"]"}
RESULT: {"using":"xpath","value":"//button[@data-kt=\"addButton\"]"}
COMMAND: POST /session/302c28dd03ec619932948a5fa1f394c9/elements - {"using":"xpath","value":"//button[@data-kt=\"addButton\"]"}
RESULT: {"using":"xpath","value":"//button[@data-kt=\"addButton\"]"}
COMMAND: POST /session/302c28dd03ec619932948a5fa1f394c9/elements - {"using":"xpath","value":"//button[@data-kt=\"addButton\"]"}
RESULT: {"using":"xpath","value":"//button[@data-kt=\"addButton\"]"}
COMMAND: POST /session/302c28dd03ec619932948a5fa1f394c9/elements - {"using":"xpath","value":"//button[@data-kt=\"addButton\"]"}
RESULT: {"using":"xpath","value":"//button[@data-kt=\"addButton\"]"}
COMMAND: POST /session/302c28dd03ec619932948a5fa1f394c9/elements - {"using":"xpath","value":"//button[@data-kt=\"addButton\"]"}
RESULT: {"using":"xpath","value":"//button[@data-kt=\"addButton\"]"}
COMMAND: POST /session/302c28dd03ec619932948a5fa1f394c9/elements - {"using":"xpath","value":"//button[@data-kt=\"addButton\"]"}
RESULT: {"using":"xpath","value":"//button[@data-kt=\"addButton\"]"}
COMMAND: POST /session/302c28dd03ec619932948a5fa1f394c9/elements - {"using":"xpath","value":"//button[@data-kt=\"addButton\"]"}
RESULT: {"using":"xpath","value":"//button[@data-kt=\"addButton\"]"}
COMMAND: POST /session/302c28dd03ec619932948a5fa1f394c9/elements - {"using":"xpath","value":"//button[@data-kt=\"addButton\"]"}
RESULT: {"using":"xpath","value":"//button[@data-kt=\"addButton\"]"}
COMMAND: POST /session/302c28dd03ec619932948a5fa1f394c9/elements - {"using":"xpath","value":"//button[@data-kt=\"addButton\"]"}
RESULT: {"using":"xpath","value":"//button[@data-kt=\"addButton\"]"}
COMMAND: POST /session/302c28dd03ec619932948a5fa1f394c9/elements - {"using":"xpath","value":"//button[@data-kt=\"addButton\"]"}
RESULT: {"using":"xpath","value":"//button[@data-kt=\"addButton\"]"}
COMMAND: POST /session/302c28dd03ec619932948a5fa1f394c9/elements - {"using":"xpath","value":"//button[@data-kt=\"addButton\"]"}
RESULT: {"using":"xpath","value":"//button[@data-kt=\"addButton\"]"}
COMMAND: POST /session/302c28dd03ec619932948a5fa1f394c9/elements - {"using":"xpath","value":"//button[@data-kt=\"addButton\"]"}
RESULT: {"using":"xpath","value":"//button[@data-kt=\"addButton\"]"}
COMMAND: POST /session/302c28dd03ec619932948a5fa1f394c9/elements - {"using":"xpath","value":"//button[@data-kt=\"addButton\"]"}
RESULT: {"using":"xpath","value":"//button[@data-kt=\"addButton\"]"}
COMMAND: POST /session/302c28dd03ec619932948a5fa1f394c9/elements - {"using":"xpath","value":"//button[@data-kt=\"addButton\"]"}
RESULT: {"using":"xpath","value":"//button[@data-kt=\"addButton\"]"}
COMMAND: POST /session/302c28dd03ec619932948a5fa1f394c9/elements - {"using":"xpath","value":"//button[@data-kt=\"addButton\"]"}
RESULT: {"using":"xpath","value":"//button[@data-kt=\"addButton\"]"}
COMMAND: POST /session/302c28dd03ec619932948a5fa1f394c9/elements - {"using":"xpath","value":"//button[@data-kt=\"addButton\"]"}
RESULT: {"using":"xpath","value":"//button[@data-kt=\"addButton\"]"}
COMMAND: POST /session/302c28dd03ec619932948a5fa1f394c9/elements - {"using":"xpath","value":"//button[@data-kt=\"addButton\"]"}
RESULT: {"using":"xpath","value":"//button[@data-kt=\"addButton\"]"}
COMMAND: POST /session/302c28dd03ec619932948a5fa1f394c9/elements - {"using":"xpath","value":"//button[@data-kt=\"addButton\"]"}
RESULT: {"using":"xpath","value":"//button[@data-kt=\"addButton\"]"}
COMMAND: POST /session/302c28dd03ec619932948a5fa1f394c9/elements - {"using":"xpath","value":"//button[@data-kt=\"addButton\"]"}
RESULT: {"using":"xpath","value":"//button[@data-kt=\"addButton\"]"}
COMMAND: POST /session/302c28dd03ec619932948a5fa1f394c9/elements - {"using":"xpath","value":"//button[@data-kt=\"addButton\"]"}
RESULT: {"using":"xpath","value":"//button[@data-kt=\"addButton\"]"}
COMMAND: POST /session/302c28dd03ec619932948a5fa1f394c9/elements - {"using":"xpath","value":"//button[@data-kt=\"addButton\"]"}
RESULT: {"using":"xpath","value":"//button[@data-kt=\"addButton\"]"}
COMMAND: POST /session/302c28dd03ec619932948a5fa1f394c9/elements - {"using":"xpath","value":"//button[@data-kt=\"addButton\"]"}
RESULT: {"using":"xpath","value":"//button[@data-kt=\"addButton\"]"}
COMMAND: POST /session/302c28dd03ec619932948a5fa1f394c9/elements - {"using":"xpath","value":"//button[@data-kt=\"addButton\"]"}
RESULT: {"using":"xpath","value":"//button[@data-kt=\"addButton\"]"}
COMMAND: POST /session/302c28dd03ec619932948a5fa1f394c9/elements - {"using":"xpath","value":"//button[@data-kt=\"addButton\"]"}
RESULT: {"using":"xpath","value":"//button[@data-kt=\"addButton\"]"}
COMMAND: POST /session/302c28dd03ec619932948a5fa1f394c9/elements - {"using":"xpath","value":"//button[@data-kt=\"addButton\"]"}
RESULT: {"using":"xpath","value":"//button[@data-kt=\"addButton\"]"}
COMMAND: POST /session/302c28dd03ec619932948a5fa1f394c9/elements - {"using":"xpath","value":"//button[@data-kt=\"addButton\"]"}
RESULT: {"using":"xpath","value":"//button[@data-kt=\"addButton\"]"}
COMMAND: POST /session/302c28dd03ec619932948a5fa1f394c9/element - {"using":"xpath","value":"//button[@data-kt=\"addButton\"]"}
RESULT: {"using":"xpath","value":"//button[@data-kt=\"addButton\"]"}
COMMAND: POST /session/302c28dd03ec619932948a5fa1f394c9/execute/sync - {"script":"<script> [8489 bytes]","args":[{"element-6066-11e4-a52e-4f735466cecf":"f.D6078088970B2F0795E5397A8DAD4E0E.d.35E3BC97F54C8F3A3BA7F96A14A1164A.e.795","ELEMENT":"f.D6078088970B2F0795E5397A8DAD4E0E.d.35E3BC97F54C8F3A3BA7F96A14A1164A.e.795"}]}
RESULT: {"script":"<script> [8489 bytes]","args":[{"element-6066-11e4-a52e-4f735466cecf":"f.D6078088970B2F0795E5397A8DAD4E0E.d.35E3BC97F54C8F3A3BA7F96A14A1164A.e.795","ELEMENT":"f.D6078088970B2F0795E5397A8DAD4E0E.d.35E3BC97F54C8F3A3BA7F96A14A1164A.e.795"}]}
COMMAND: GET /session/302c28dd03ec619932948a5fa1f394c9/element/f.D6078088970B2F0795E5397A8DAD4E0E.d.35E3BC97F54C8F3A3BA7F96A14A1164A.e.795/enabled - {}
COMMAND: GET /session/302c28dd03ec619932948a5fa1f394c9/screenshot - {}
RESULT: {}
COMMAND: POST /session/302c28dd03ec619932948a5fa1f394c9/execute/sync - {"script":"<script> [8489 bytes]","args":[{"element-6066-11e4-a52e-4f735466cecf":"f.D6078088970B2F0795E5397A8DAD4E0E.d.35E3BC97F54C8F3A3BA7F96A14A1164A.e.795","ELEMENT":"f.D6078088970B2F0795E5397A8DAD4E0E.d.35E3BC97F54C8F3A3BA7F96A14A1164A.e.795"}]}
COMMAND: GET /session/302c28dd03ec619932948a5fa1f394c9/screenshot - {}
RESULT: {}
RESULT: {"script":"<script> [8489 bytes]","args":[{"element-6066-11e4-a52e-4f735466cecf":"f.D6078088970B2F0795E5397A8DAD4E0E.d.35E3BC97F54C8F3A3BA7F96A14A1164A.e.795","ELEMENT":"f.D6078088970B2F0795E5397A8DAD4E0E.d.35E3BC97F54C8F3A3BA7F96A14A1164A.e.795"}]}
COMMAND: POST /session/302c28dd03ec619932948a5fa1f394c9/execute/sync - {"script":"<script> [5351 bytes]","args":[{"element-6066-11e4-a52e-4f735466cecf":"f.D6078088970B2F0795E5397A8DAD4E0E.d.35E3BC97F54C8F3A3BA7F96A14A1164A.e.795","ELEMENT":"f.D6078088970B2F0795E5397A8DAD4E0E.d.35E3BC97F54C8F3A3BA7F96A14A1164A.e.795"}]}
COMMAND: GET /session/302c28dd03ec619932948a5fa1f394c9/screenshot - {}
RESULT: {}
RESULT: {"script":"<script> [5351 bytes]","args":[{"element-6066-11e4-a52e-4f735466cecf":"f.D6078088970B2F0795E5397A8DAD4E0E.d.35E3BC97F54C8F3A3BA7F96A14A1164A.e.795","ELEMENT":"f.D6078088970B2F0795E5397A8DAD4E0E.d.35E3BC97F54C8F3A3BA7F96A14A1164A.e.795"}]}
COMMAND: POST /session/302c28dd03ec619932948a5fa1f394c9/element/f.D6078088970B2F0795E5397A8DAD4E0E.d.35E3BC97F54C8F3A3BA7F96A14A1164A.e.795/click - {}
COMMAND: GET /session/302c28dd03ec619932948a5fa1f394c9/screenshot - {}
RESULT: {}
RESULT: {}
COMMAND: GET /session/302c28dd03ec619932948a5fa1f394c9/screenshot - {}
COMMAND: POST /session/302c28dd03ec619932948a5fa1f394c9/execute/async - {"script":"<script> [1562 bytes]","args":[{"selector":{"id":"application-managepartners-display-component---NewPartner--addressDetailDetailsName1","interaction":{"idSuffix":"inner"}},"wdio_ui5_key":"applicationmanagepartners-display-component---NewPartner--addressDetailDetailsName1"}]}
RESULT: {}
RESULT: {}
RESULT: {"script":"<script> [1562 bytes]","args":[{"selector":{"id":"application-managepartners-display-component---NewPartner--addressDetailDetailsName1","interaction":{"idSuffix":"inner"}},"wdio_ui5_key":"applicationmanagepartners-display-component---NewPartner--addressDetailDetailsName1"}]}
RESULT: undefined
COMMAND: POST /session/302c28dd03ec619932948a5fa1f394c9/execute/async - {"script":"<script> [776 bytes]","args":[{"enterText":"External Partner WDIO","selector":{"id":"application-managepartners-display-component---NewPartner--addressDetailDetailsName1","interaction":{"idSuffix":"inner"}},"clearTextFirst":true,"interactionType":"ENTER_TEXT"}]}
RESULT: {"script":"<script> [776 bytes]","args":[{"enterText":"External Partner WDIO","selector":{"id":"application-managepartners-display-component---NewPartner--addressDetailDetailsName1","interaction":{"idSuffix":"inner"}},"clearTextFirst":true,"interactionType":"ENTER_TEXT"}]}
COMMAND: POST /session/302c28dd03ec619932948a5fa1f394c9/execute/async - {"script":"<script> [1562 bytes]","args":[{"selector":{"id":"application-managepartners-display-component---NewPartner--addressDetailDetailsLanguage-arrow"},"wdio_ui5_key":"applicationmanagepartners-display-component---NewPartner--addressDetailDetailsLanguage-arrow"}]}
RESULT: {"script":"<script> [1562 bytes]","args":[{"selector":{"id":"application-managepartners-display-component---NewPartner--addressDetailDetailsLanguage-arrow"},"wdio_ui5_key":"applicationmanagepartners-display-component---NewPartner--addressDetailDetailsLanguage-arrow"}]}
RESULT: undefined
COMMAND: POST /session/302c28dd03ec619932948a5fa1f394c9/element - {"using":"xpath","value":"//*[@id=\"application-managepartners-display-component---NewPartner--addressDetailDetailsLanguage-arrow\"]"}
RESULT: {"using":"xpath","value":"//*[@id=\"application-managepartners-display-component---NewPartner--addressDetailDetailsLanguage-arrow\"]"}
COMMAND: POST /session/302c28dd03ec619932948a5fa1f394c9/element/f.D6078088970B2F0795E5397A8DAD4E0E.d.35E3BC97F54C8F3A3BA7F96A14A1164A.e.1370/click - {}
RESULT: {}
COMMAND: POST /session/302c28dd03ec619932948a5fa1f394c9/element - {"using":"xpath","value":"//span[contains(text(), \"English\")]"}
COMMAND: GET /session/302c28dd03ec619932948a5fa1f394c9/screenshot - {}
RESULT: {"using":"xpath","value":"//span[contains(text(), \"English\")]"}
COMMAND: POST /session/302c28dd03ec619932948a5fa1f394c9/element/f.D6078088970B2F0795E5397A8DAD4E0E.d.35E3BC97F54C8F3A3BA7F96A14A1164A.e.1371/click - {}
RESULT: {}
RESULT: {}
COMMAND: GET /session/302c28dd03ec619932948a5fa1f394c9/screenshot - {}
RESULT: {}
COMMAND: POST /session/302c28dd03ec619932948a5fa1f394c9/execute/async - {"script":"<script> [1562 bytes]","args":[{"selector":{"id":"application-managepartners-display-component---NewPartner--addressDetailDetailsCity1","interaction":{"idSuffix":"inner"}},"wdio_ui5_key":"applicationmanagepartners-display-component---NewPartner--addressDetailDetailsCity1"}]}
RESULT: {"script":"<script> [1562 bytes]","args":[{"selector":{"id":"application-managepartners-display-component---NewPartner--addressDetailDetailsCity1","interaction":{"idSuffix":"inner"}},"wdio_ui5_key":"applicationmanagepartners-display-component---NewPartner--addressDetailDetailsCity1"}]}
RESULT: undefined
COMMAND: POST /session/302c28dd03ec619932948a5fa1f394c9/execute/async - {"script":"<script> [776 bytes]","args":[{"enterText":"Rosario","selector":{"id":"application-managepartners-display-component---NewPartner--addressDetailDetailsCity1","interaction":{"idSuffix":"inner"}},"clearTextFirst":true,"interactionType":"ENTER_TEXT"}]}
RESULT: {"script":"<script> [776 bytes]","args":[{"enterText":"Rosario","selector":{"id":"application-managepartners-display-component---NewPartner--addressDetailDetailsCity1","interaction":{"idSuffix":"inner"}},"clearTextFirst":true,"interactionType":"ENTER_TEXT"}]}
COMMAND: POST /session/302c28dd03ec619932948a5fa1f394c9/execute/async - {"script":"<script> [1562 bytes]","args":[{"selector":{"id":"application-managepartners-display-component---NewPartner--addressDetailDetailsCountry-arrow"},"wdio_ui5_key":"applicationmanagepartners-display-component---NewPartner--addressDetailDetailsCountry-arrow"}]}
RESULT: {"script":"<script> [1562 bytes]","args":[{"selector":{"id":"application-managepartners-display-component---NewPartner--addressDetailDetailsCountry-arrow"},"wdio_ui5_key":"applicationmanagepartners-display-component---NewPartner--addressDetailDetailsCountry-arrow"}]}
RESULT: undefined
COMMAND: POST /session/302c28dd03ec619932948a5fa1f394c9/element - {"using":"xpath","value":"//*[@id=\"application-managepartners-display-component---NewPartner--addressDetailDetailsCountry-arrow\"]"}
RESULT: {"using":"xpath","value":"//*[@id=\"application-managepartners-display-component---NewPartner--addressDetailDetailsCountry-arrow\"]"}
COMMAND: POST /session/302c28dd03ec619932948a5fa1f394c9/element/f.D6078088970B2F0795E5397A8DAD4E0E.d.35E3BC97F54C8F3A3BA7F96A14A1164A.e.1373/click - {}
RESULT: {}
COMMAND: POST /session/302c28dd03ec619932948a5fa1f394c9/element - {"using":"xpath","value":"//span[contains(text(), \"Argentina\")]"}
COMMAND: GET /session/302c28dd03ec619932948a5fa1f394c9/screenshot - {}
RESULT: {"using":"xpath","value":"//span[contains(text(), \"Argentina\")]"}
COMMAND: POST /session/302c28dd03ec619932948a5fa1f394c9/element/f.D6078088970B2F0795E5397A8DAD4E0E.d.35E3BC97F54C8F3A3BA7F96A14A1164A.e.1374/click - {}
RESULT: {}
RESULT: {}
COMMAND: GET /session/302c28dd03ec619932948a5fa1f394c9/screenshot - {}
RESULT: {}
COMMAND: POST /session/302c28dd03ec619932948a5fa1f394c9/element - {"using":"xpath","value":"//bdi[contains(text(), \"Commercial\")]"}
RESULT: {"using":"xpath","value":"//bdi[contains(text(), \"Commercial\")]"}
COMMAND: POST /session/302c28dd03ec619932948a5fa1f394c9/element/f.D6078088970B2F0795E5397A8DAD4E0E.d.35E3BC97F54C8F3A3BA7F96A14A1164A.e.1376/click - {}
RESULT: {}
COMMAND: GET /session/302c28dd03ec619932948a5fa1f394c9/screenshot - {}
RESULT: {}
COMMAND: POST /session/302c28dd03ec619932948a5fa1f394c9/execute/async - {"script":"<script> [1562 bytes]","args":[{"selector":{"id":"application-managepartners-display-component---NewPartner--partnerDetailInternal-arrow"},"wdio_ui5_key":"applicationmanagepartners-display-component---NewPartner--partnerDetailInternal-arrow"}]}
RESULT: {"script":"<script> [1562 bytes]","args":[{"selector":{"id":"application-managepartners-display-component---NewPartner--partnerDetailInternal-arrow"},"wdio_ui5_key":"applicationmanagepartners-display-component---NewPartner--partnerDetailInternal-arrow"}]}
RESULT: undefined
COMMAND: POST /session/302c28dd03ec619932948a5fa1f394c9/element - {"using":"xpath","value":"//*[@id=\"application-managepartners-display-component---NewPartner--partnerDetailInternal-arrow\"]"}
RESULT: {"using":"xpath","value":"//*[@id=\"application-managepartners-display-component---NewPartner--partnerDetailInternal-arrow\"]"}
COMMAND: POST /session/302c28dd03ec619932948a5fa1f394c9/element/f.D6078088970B2F0795E5397A8DAD4E0E.d.35E3BC97F54C8F3A3BA7F96A14A1164A.e.1382/click - {}
RESULT: {}
COMMAND: POST /session/302c28dd03ec619932948a5fa1f394c9/element - {"using":"xpath","value":"//span[contains(text(), \"External partner\")]"}
COMMAND: GET /session/302c28dd03ec619932948a5fa1f394c9/screenshot - {}
RESULT: {"using":"xpath","value":"//span[contains(text(), \"External partner\")]"}
COMMAND: POST /session/302c28dd03ec619932948a5fa1f394c9/element/f.D6078088970B2F0795E5397A8DAD4E0E.d.35E3BC97F54C8F3A3BA7F96A14A1164A.e.1383/click - {}
RESULT: {}
RESULT: {}
COMMAND: POST /session/302c28dd03ec619932948a5fa1f394c9/execute/async - {"script":"<script> [1562 bytes]","args":[{"selector":{"id":"application-managepartners-display-component---NewPartner--partnerDetailsCurrency-arrow"},"wdio_ui5_key":"applicationmanagepartners-display-component---NewPartner--partnerDetailsCurrency-arrow"}]}
COMMAND: GET /session/302c28dd03ec619932948a5fa1f394c9/screenshot - {}
RESULT: {"script":"<script> [1562 bytes]","args":[{"selector":{"id":"application-managepartners-display-component---NewPartner--partnerDetailsCurrency-arrow"},"wdio_ui5_key":"applicationmanagepartners-display-component---NewPartner--partnerDetailsCurrency-arrow"}]}
RESULT: undefined
COMMAND: POST /session/302c28dd03ec619932948a5fa1f394c9/element - {"using":"xpath","value":"//*[@id=\"application-managepartners-display-component---NewPartner--partnerDetailsCurrency-arrow\"]"}
RESULT: {}
RESULT: {"using":"xpath","value":"//*[@id=\"application-managepartners-display-component---NewPartner--partnerDetailsCurrency-arrow\"]"}
COMMAND: POST /session/302c28dd03ec619932948a5fa1f394c9/element/f.D6078088970B2F0795E5397A8DAD4E0E.d.35E3BC97F54C8F3A3BA7F96A14A1164A.e.1386/click - {}
RESULT: {}
COMMAND: POST /session/302c28dd03ec619932948a5fa1f394c9/element - {"using":"xpath","value":"//span[contains(text(), \"US Dollar\")]"}
COMMAND: GET /session/302c28dd03ec619932948a5fa1f394c9/screenshot - {}
RESULT: {"using":"xpath","value":"//span[contains(text(), \"US Dollar\")]"}
COMMAND: POST /session/302c28dd03ec619932948a5fa1f394c9/element/f.D6078088970B2F0795E5397A8DAD4E0E.d.35E3BC97F54C8F3A3BA7F96A14A1164A.e.1387/click - {}
RESULT: {}
RESULT: {}
COMMAND: GET /session/302c28dd03ec619932948a5fa1f394c9/screenshot - {}
RESULT: {}
COMMAND: POST /session/302c28dd03ec619932948a5fa1f394c9/element - {"using":"xpath","value":"//input[@id=\"application-managepartners-display-component---NewPartner--companyCodeComboBox-inner\"]"}
RESULT: {"using":"xpath","value":"//input[@id=\"application-managepartners-display-component---NewPartner--companyCodeComboBox-inner\"]"}
COMMAND: POST /session/302c28dd03ec619932948a5fa1f394c9/element/f.D6078088970B2F0795E5397A8DAD4E0E.d.35E3BC97F54C8F3A3BA7F96A14A1164A.e.1349/clear - {}
RESULT: {}
COMMAND: POST /session/302c28dd03ec619932948a5fa1f394c9/element/f.D6078088970B2F0795E5397A8DAD4E0E.d.35E3BC97F54C8F3A3BA7F96A14A1164A.e.1349/value - {"text":"C002"}
COMMAND: GET /session/302c28dd03ec619932948a5fa1f394c9/screenshot - {}
RESULT: {"text":"C002"}
COMMAND: GET /session/302c28dd03ec619932948a5fa1f394c9/screenshot - {}
RESULT: {}
RESULT: {}
COMMAND: POST /session/302c28dd03ec619932948a5fa1f394c9/element - {"using":"xpath","value":"//span[contains(text(), \"C002\")]"}
RESULT: {"using":"xpath","value":"//span[contains(text(), \"C002\")]"}
COMMAND: POST /session/302c28dd03ec619932948a5fa1f394c9/element/f.D6078088970B2F0795E5397A8DAD4E0E.d.35E3BC97F54C8F3A3BA7F96A14A1164A.e.1390/click - {}
RESULT: {}
COMMAND: GET /session/302c28dd03ec619932948a5fa1f394c9/screenshot - {}
RESULT: {}
COMMAND: POST /session/302c28dd03ec619932948a5fa1f394c9/execute/async - {"script":"<script> [1562 bytes]","args":[{"selector":{"id":"application-managepartners-display-component---NewPartner--btnAddTableRow-img"},"wdio_ui5_key":"applicationmanagepartners-display-component---NewPartner--btnAddTableRow-img"}]}
RESULT: {"script":"<script> [1562 bytes]","args":[{"selector":{"id":"application-managepartners-display-component---NewPartner--btnAddTableRow-img"},"wdio_ui5_key":"applicationmanagepartners-display-component---NewPartner--btnAddTableRow-img"}]}
RESULT: undefined
COMMAND: POST /session/302c28dd03ec619932948a5fa1f394c9/element - {"using":"xpath","value":"//*[@id=\"application-managepartners-display-component---NewPartner--btnAddTableRow-img\"]"}
RESULT: {"using":"xpath","value":"//*[@id=\"application-managepartners-display-component---NewPartner--btnAddTableRow-img\"]"}
COMMAND: POST /session/302c28dd03ec619932948a5fa1f394c9/element/f.D6078088970B2F0795E5397A8DAD4E0E.d.35E3BC97F54C8F3A3BA7F96A14A1164A.e.1391/click - {}
RESULT: {}
COMMAND: GET /session/302c28dd03ec619932948a5fa1f394c9/screenshot - {}
RESULT: {}
COMMAND: POST /session/302c28dd03ec619932948a5fa1f394c9/element - {"using":"xpath","value":"//input[@id=\"application-managepartners-display-component---NewPartner--assignmentYard-application-managepartners-display-component---NewPartner--assignmentsTable-0-inner\"]"}
RESULT: {"using":"xpath","value":"//input[@id=\"application-managepartners-display-component---NewPartner--assignmentYard-application-managepartners-display-component---NewPartner--assignmentsTable-0-inner\"]"}
COMMAND: POST /session/302c28dd03ec619932948a5fa1f394c9/element/f.D6078088970B2F0795E5397A8DAD4E0E.d.35E3BC97F54C8F3A3BA7F96A14A1164A.e.1394/clear - {}
RESULT: {}
COMMAND: POST /session/302c28dd03ec619932948a5fa1f394c9/element/f.D6078088970B2F0795E5397A8DAD4E0E.d.35E3BC97F54C8F3A3BA7F96A14A1164A.e.1394/value - {"text":"306"}
COMMAND: GET /session/302c28dd03ec619932948a5fa1f394c9/screenshot - {}
RESULT: {"text":"306"}
COMMAND: GET /session/302c28dd03ec619932948a5fa1f394c9/screenshot - {}
RESULT: {}
RESULT: {}
COMMAND: POST /session/302c28dd03ec619932948a5fa1f394c9/element - {"using":"xpath","value":"//li[.//span[text()='306']]"}
RESULT: {"using":"xpath","value":"//li[.//span[text()='306']]"}
COMMAND: POST /session/302c28dd03ec619932948a5fa1f394c9/element/f.D6078088970B2F0795E5397A8DAD4E0E.d.35E3BC97F54C8F3A3BA7F96A14A1164A.e.1402/click - {}
RESULT: {}
COMMAND: GET /session/302c28dd03ec619932948a5fa1f394c9/screenshot - {}
RESULT: {}
COMMAND: POST /session/302c28dd03ec619932948a5fa1f394c9/actions - {"actions":[{"id":"action2","type":"key","parameters":{},"actions":[{"type":"keyDown","value":""},{"type":"pause","duration":10},{"type":"keyUp","value":""}]}]}
RESULT: {"actions":[{"id":"action2","type":"key","parameters":{},"actions":[{"type":"keyDown","value":""},{"type":"pause","duration":10},{"type":"keyUp","value":""}]}]}
COMMAND: POST /session/302c28dd03ec619932948a5fa1f394c9/element - {"using":"xpath","value":"//td[contains(@id, \"assignmentsTable-0-cell2\")]/div/div"}
COMMAND: GET /session/302c28dd03ec619932948a5fa1f394c9/screenshot - {}
RESULT: {"using":"xpath","value":"//td[contains(@id, \"assignmentsTable-0-cell2\")]/div/div"}
COMMAND: POST /session/302c28dd03ec619932948a5fa1f394c9/element/f.D6078088970B2F0795E5397A8DAD4E0E.d.35E3BC97F54C8F3A3BA7F96A14A1164A.e.1405/click - {}
RESULT: {}
RESULT: {}
COMMAND: GET /session/302c28dd03ec619932948a5fa1f394c9/screenshot - {}
RESULT: {}
COMMAND: POST /session/302c28dd03ec619932948a5fa1f394c9/execute/async - {"script":"<script> [1562 bytes]","args":[{"selector":{"id":"application-managepartners-display-component---NewPartner--externalCustomerComboBox-application-managepartners-display-component---NewPartner--assignmentsTable-0-vhi"},"wdio_ui5_key":"applicationmanagepartners-display-component---NewPartner--externalCustomerComboBox-application-managepartners-display-component---NewPartner--assignmentsTable-0-vhi"}]}
RESULT: {"script":"<script> [1562 bytes]","args":[{"selector":{"id":"application-managepartners-display-component---NewPartner--externalCustomerComboBox-application-managepartners-display-component---NewPartner--assignmentsTable-0-vhi"},"wdio_ui5_key":"applicationmanagepartners-display-component---NewPartner--externalCustomerComboBox-application-managepartners-display-component---NewPartner--assignmentsTable-0-vhi"}]}
RESULT: undefined
COMMAND: POST /session/302c28dd03ec619932948a5fa1f394c9/element - {"using":"xpath","value":"//*[@id=\"application-managepartners-display-component---NewPartner--externalCustomerComboBox-application-managepartners-display-component---NewPartner--assignmentsTable-0-vhi\"]"}
RESULT: {"using":"xpath","value":"//*[@id=\"application-managepartners-display-component---NewPartner--externalCustomerComboBox-application-managepartners-display-component---NewPartner--assignmentsTable-0-vhi\"]"}
COMMAND: POST /session/302c28dd03ec619932948a5fa1f394c9/element/f.D6078088970B2F0795E5397A8DAD4E0E.d.35E3BC97F54C8F3A3BA7F96A14A1164A.e.1406/click - {}
RESULT: {}
RESULT: undefined
COMMAND: POST /session/302c28dd03ec619932948a5fa1f394c9/execute/async - {"script":"<script> [776 bytes]","args":[{"enterText":"300003","selector":{"controlType":"sap.m.SearchField","properties":{"placeholder":"Search"},"searchOpenDialogs":true,"interaction":{"idSuffix":"I"}},"clearTextFirst":true,"interactionType":"ENTER_TEXT"}]}
COMMAND: GET /session/302c28dd03ec619932948a5fa1f394c9/screenshot - {}
RESULT: {"script":"<script> [776 bytes]","args":[{"enterText":"300003","selector":{"controlType":"sap.m.SearchField","properties":{"placeholder":"Search"},"searchOpenDialogs":true,"interaction":{"idSuffix":"I"}},"clearTextFirst":true,"interactionType":"ENTER_TEXT"}]}
COMMAND: POST /session/302c28dd03ec619932948a5fa1f394c9/actions - {"actions":[{"id":"action3","type":"key","parameters":{},"actions":[{"type":"keyDown","value":""},{"type":"pause","duration":10},{"type":"keyUp","value":""}]}]}
RESULT: {}
RESULT: {"actions":[{"id":"action3","type":"key","parameters":{},"actions":[{"type":"keyDown","value":""},{"type":"pause","duration":10},{"type":"keyUp","value":""}]}]}
COMMAND: GET /session/302c28dd03ec619932948a5fa1f394c9/screenshot - {}
RESULT: {}
COMMAND: POST /session/302c28dd03ec619932948a5fa1f394c9/element - {"using":"xpath","value":"//span[contains(text(), \"300003\")]"}
RESULT: {"using":"xpath","value":"//span[contains(text(), \"300003\")]"}
COMMAND: POST /session/302c28dd03ec619932948a5fa1f394c9/element/f.D6078088970B2F0795E5397A8DAD4E0E.d.35E3BC97F54C8F3A3BA7F96A14A1164A.e.1425/click - {}
RESULT: {}
COMMAND: GET /session/302c28dd03ec619932948a5fa1f394c9/screenshot - {}
RESULT: {}
COMMAND: POST /session/302c28dd03ec619932948a5fa1f394c9/element - {"using":"xpath","value":"//bdi[contains(text(), \"OK\")]"}
RESULT: {"using":"xpath","value":"//bdi[contains(text(), \"OK\")]"}
COMMAND: POST /session/302c28dd03ec619932948a5fa1f394c9/element/f.D6078088970B2F0795E5397A8DAD4E0E.d.35E3BC97F54C8F3A3BA7F96A14A1164A.e.1427/click - {}
RESULT: {}
COMMAND: GET /session/302c28dd03ec619932948a5fa1f394c9/screenshot - {}
COMMAND: POST /session/302c28dd03ec619932948a5fa1f394c9/execute/async - {"script":"<script> [1562 bytes]","args":[{"selector":{"id":"application-managepartners-display-component---NewPartner--externalVendorComboBox-application-managepartners-display-component---NewPartner--assignmentsTable-0-vhi"},"wdio_ui5_key":"applicationmanagepartners-display-component---NewPartner--externalVendorComboBox-application-managepartners-display-component---NewPartner--assignmentsTable-0-vhi"}]}
RESULT: {}
RESULT: {"script":"<script> [1562 bytes]","args":[{"selector":{"id":"application-managepartners-display-component---NewPartner--externalVendorComboBox-application-managepartners-display-component---NewPartner--assignmentsTable-0-vhi"},"wdio_ui5_key":"applicationmanagepartners-display-component---NewPartner--externalVendorComboBox-application-managepartners-display-component---NewPartner--assignmentsTable-0-vhi"}]}
RESULT: undefined
COMMAND: POST /session/302c28dd03ec619932948a5fa1f394c9/element - {"using":"xpath","value":"//*[@id=\"application-managepartners-display-component---NewPartner--externalVendorComboBox-application-managepartners-display-component---NewPartner--assignmentsTable-0-vhi\"]"}
RESULT: {"using":"xpath","value":"//*[@id=\"application-managepartners-display-component---NewPartner--externalVendorComboBox-application-managepartners-display-component---NewPartner--assignmentsTable-0-vhi\"]"}
COMMAND: POST /session/302c28dd03ec619932948a5fa1f394c9/element/f.D6078088970B2F0795E5397A8DAD4E0E.d.35E3BC97F54C8F3A3BA7F96A14A1164A.e.1431/click - {}
RESULT: {}
RESULT: undefined
COMMAND: POST /session/302c28dd03ec619932948a5fa1f394c9/execute/async - {"script":"<script> [776 bytes]","args":[{"enterText":"100005","selector":{"controlType":"sap.m.SearchField","properties":{"placeholder":"Search"},"searchOpenDialogs":true,"interaction":{"idSuffix":"I"}},"clearTextFirst":true,"interactionType":"ENTER_TEXT"}]}
COMMAND: GET /session/302c28dd03ec619932948a5fa1f394c9/screenshot - {}
RESULT: {"script":"<script> [776 bytes]","args":[{"enterText":"100005","selector":{"controlType":"sap.m.SearchField","properties":{"placeholder":"Search"},"searchOpenDialogs":true,"interaction":{"idSuffix":"I"}},"clearTextFirst":true,"interactionType":"ENTER_TEXT"}]}
COMMAND: POST /session/302c28dd03ec619932948a5fa1f394c9/actions - {"actions":[{"id":"action4","type":"key","parameters":{},"actions":[{"type":"keyDown","value":""},{"type":"pause","duration":10},{"type":"keyUp","value":""}]}]}
RESULT: {}
RESULT: {"actions":[{"id":"action4","type":"key","parameters":{},"actions":[{"type":"keyDown","value":""},{"type":"pause","duration":10},{"type":"keyUp","value":""}]}]}
COMMAND: GET /session/302c28dd03ec619932948a5fa1f394c9/screenshot - {}
RESULT: {}
COMMAND: POST /session/302c28dd03ec619932948a5fa1f394c9/element - {"using":"xpath","value":"//span[contains(text(), \"Penguins - Field/12345 Berlin\")]"}
RESULT: {"using":"xpath","value":"//span[contains(text(), \"Penguins - Field/12345 Berlin\")]"}
COMMAND: POST /session/302c28dd03ec619932948a5fa1f394c9/element/f.D6078088970B2F0795E5397A8DAD4E0E.d.35E3BC97F54C8F3A3BA7F96A14A1164A.e.1448/click - {}
RESULT: {}
COMMAND: GET /session/302c28dd03ec619932948a5fa1f394c9/screenshot - {}
RESULT: {}
COMMAND: POST /session/302c28dd03ec619932948a5fa1f394c9/element - {"using":"xpath","value":"//bdi[contains(text(), \"OK\")]"}
RESULT: {"using":"xpath","value":"//bdi[contains(text(), \"OK\")]"}
COMMAND: POST /session/302c28dd03ec619932948a5fa1f394c9/element/f.D6078088970B2F0795E5397A8DAD4E0E.d.35E3BC97F54C8F3A3BA7F96A14A1164A.e.1449/click - {}
RESULT: {}
COMMAND: GET /session/302c28dd03ec619932948a5fa1f394c9/screenshot - {}
RESULT: {}
COMMAND: POST /session/302c28dd03ec619932948a5fa1f394c9/element - {"using":"xpath","value":"//button[@data-kt=\"saveButton\"]"}
RESULT: {"using":"xpath","value":"//button[@data-kt=\"saveButton\"]"}
COMMAND: POST /session/302c28dd03ec619932948a5fa1f394c9/element/f.D6078088970B2F0795E5397A8DAD4E0E.d.35E3BC97F54C8F3A3BA7F96A14A1164A.e.1355/click - {}
RESULT: {}
COMMAND: GET /session/302c28dd03ec619932948a5fa1f394c9/screenshot - {}
RESULT: {}
COMMAND: POST /session/302c28dd03ec619932948a5fa1f394c9/element - {"using":"xpath","value":"//header[contains(@id, 'ObjectPageLayout-headerTitle')]/div[1]/div[2]/div[2]/span[1]"}
RESULT: {"using":"xpath","value":"//header[contains(@id, 'ObjectPageLayout-headerTitle')]/div[1]/div[2]/div[2]/span[1]"}
COMMAND: POST /session/302c28dd03ec619932948a5fa1f394c9/elements - {"using":"xpath","value":"//header[contains(@id, 'ObjectPageLayout-headerTitle')]/div[1]/div[2]/div[2]/span[1]"}
RESULT: {"using":"xpath","value":"//header[contains(@id, 'ObjectPageLayout-headerTitle')]/div[1]/div[2]/div[2]/span[1]"}
COMMAND: POST /session/302c28dd03ec619932948a5fa1f394c9/execute/sync - {"script":"<script> [56 bytes]","args":[{"element-6066-11e4-a52e-4f735466cecf":"f.D6078088970B2F0795E5397A8DAD4E0E.d.35E3BC97F54C8F3A3BA7F96A14A1164A.e.1620","ELEMENT":"f.D6078088970B2F0795E5397A8DAD4E0E.d.35E3BC97F54C8F3A3BA7F96A14A1164A.e.1620"}]}
RESULT: {"script":"<script> [56 bytes]","args":[{"element-6066-11e4-a52e-4f735466cecf":"f.D6078088970B2F0795E5397A8DAD4E0E.d.35E3BC97F54C8F3A3BA7F96A14A1164A.e.1620","ELEMENT":"f.D6078088970B2F0795E5397A8DAD4E0E.d.35E3BC97F54C8F3A3BA7F96A14A1164A.e.1620"}]}
COMMAND: POST /session/302c28dd03ec619932948a5fa1f394c9/element - {"using":"css selector","value":"#shell-header-logo"}
COMMAND: GET /session/302c28dd03ec619932948a5fa1f394c9/screenshot - {}
RESULT: {"using":"css selector","value":"#shell-header-logo"}
COMMAND: POST /session/302c28dd03ec619932948a5fa1f394c9/element/f.D6078088970B2F0795E5397A8DAD4E0E.d.35E3BC97F54C8F3A3BA7F96A14A1164A.e.749/click - {}
RESULT: {}
RESULT: {}
COMMAND: GET /session/302c28dd03ec619932948a5fa1f394c9/screenshot - {}
RESULT: {}
]]></system-out>
    </testcase>
    <testcase classname="chrome.135_0_7049_42.windows.Partner_specific_tests_US150819_US151080_US151654_US151176_US103444_US151078_US151079_US151109_US151174_US151175_US151189" name="Should filter and search partners US151080" time="99.835">
      <system-out><![CDATA[
COMMAND: POST /session/302c28dd03ec619932948a5fa1f394c9/element - {"using":"xpath","value":"//li[.//span[text()=\"Manage Partners\"]]"}
RESULT: {"using":"xpath","value":"//li[.//span[text()=\"Manage Partners\"]]"}
COMMAND: POST /session/302c28dd03ec619932948a5fa1f394c9/element - {"using":"xpath","value":"//li[.//span[text()=\"Manage Partners\"]]"}
RESULT: {"using":"xpath","value":"//li[.//span[text()=\"Manage Partners\"]]"}
COMMAND: POST /session/302c28dd03ec619932948a5fa1f394c9/element - {"using":"css selector","value":"#shell-header-logo"}
RESULT: {"using":"css selector","value":"#shell-header-logo"}
COMMAND: POST /session/302c28dd03ec619932948a5fa1f394c9/element/f.D6078088970B2F0795E5397A8DAD4E0E.d.35E3BC97F54C8F3A3BA7F96A14A1164A.e.1622/click - {}
COMMAND: POST /session/302c28dd03ec619932948a5fa1f394c9/execute/sync - {"script":"<script> [8489 bytes]","args":[{"element-6066-11e4-a52e-4f735466cecf":"f.D6078088970B2F0795E5397A8DAD4E0E.d.35E3BC97F54C8F3A3BA7F96A14A1164A.e.1622","ELEMENT":"f.D6078088970B2F0795E5397A8DAD4E0E.d.35E3BC97F54C8F3A3BA7F96A14A1164A.e.1622"}]}
RESULT: {}
COMMAND: GET /session/302c28dd03ec619932948a5fa1f394c9/screenshot - {}
RESULT: {"script":"<script> [8489 bytes]","args":[{"element-6066-11e4-a52e-4f735466cecf":"f.D6078088970B2F0795E5397A8DAD4E0E.d.35E3BC97F54C8F3A3BA7F96A14A1164A.e.1622","ELEMENT":"f.D6078088970B2F0795E5397A8DAD4E0E.d.35E3BC97F54C8F3A3BA7F96A14A1164A.e.1622"}]}
COMMAND: POST /session/302c28dd03ec619932948a5fa1f394c9/execute/sync - {"script":"<script> [5351 bytes]","args":[{"element-6066-11e4-a52e-4f735466cecf":"f.D6078088970B2F0795E5397A8DAD4E0E.d.35E3BC97F54C8F3A3BA7F96A14A1164A.e.1622","ELEMENT":"f.D6078088970B2F0795E5397A8DAD4E0E.d.35E3BC97F54C8F3A3BA7F96A14A1164A.e.1622"}]}
COMMAND: GET /session/302c28dd03ec619932948a5fa1f394c9/screenshot - {}
RESULT: {}
RESULT: {"script":"<script> [5351 bytes]","args":[{"element-6066-11e4-a52e-4f735466cecf":"f.D6078088970B2F0795E5397A8DAD4E0E.d.35E3BC97F54C8F3A3BA7F96A14A1164A.e.1622","ELEMENT":"f.D6078088970B2F0795E5397A8DAD4E0E.d.35E3BC97F54C8F3A3BA7F96A14A1164A.e.1622"}]}
COMMAND: GET /session/302c28dd03ec619932948a5fa1f394c9/screenshot - {}
RESULT: {}
RESULT: {}
RESULT: undefined
COMMAND: POST /session/302c28dd03ec619932948a5fa1f394c9/element - {"using":"xpath","value":"//*[@id=\"__tile53\"]"}
RESULT: {"using":"xpath","value":"//*[@id=\"__tile53\"]"}
COMMAND: POST /session/302c28dd03ec619932948a5fa1f394c9/element/f.D6078088970B2F0795E5397A8DAD4E0E.d.35E3BC97F54C8F3A3BA7F96A14A1164A.e.133/click - {}
RESULT: {}
COMMAND: POST /session/302c28dd03ec619932948a5fa1f394c9/element - {"using":"xpath","value":"//button[@data-kt=\"addButton\"]"}
COMMAND: GET /session/302c28dd03ec619932948a5fa1f394c9/screenshot - {}
RESULT: {"using":"xpath","value":"//button[@data-kt=\"addButton\"]"}
COMMAND: POST /session/302c28dd03ec619932948a5fa1f394c9/elements - {"using":"xpath","value":"//button[@data-kt=\"addButton\"]"}
RESULT: {}
RESULT: {"using":"xpath","value":"//button[@data-kt=\"addButton\"]"}
COMMAND: POST /session/302c28dd03ec619932948a5fa1f394c9/elements - {"using":"xpath","value":"//button[@data-kt=\"addButton\"]"}
RESULT: {"using":"xpath","value":"//button[@data-kt=\"addButton\"]"}
COMMAND: POST /session/302c28dd03ec619932948a5fa1f394c9/elements - {"using":"xpath","value":"//button[@data-kt=\"addButton\"]"}
RESULT: {"using":"xpath","value":"//button[@data-kt=\"addButton\"]"}
COMMAND: POST /session/302c28dd03ec619932948a5fa1f394c9/elements - {"using":"xpath","value":"//button[@data-kt=\"addButton\"]"}
RESULT: {"using":"xpath","value":"//button[@data-kt=\"addButton\"]"}
COMMAND: POST /session/302c28dd03ec619932948a5fa1f394c9/elements - {"using":"xpath","value":"//button[@data-kt=\"addButton\"]"}
RESULT: {"using":"xpath","value":"//button[@data-kt=\"addButton\"]"}
COMMAND: POST /session/302c28dd03ec619932948a5fa1f394c9/element - {"using":"xpath","value":"//button[@data-kt=\"addButton\"]"}
RESULT: {"using":"xpath","value":"//button[@data-kt=\"addButton\"]"}
COMMAND: POST /session/302c28dd03ec619932948a5fa1f394c9/execute/sync - {"script":"<script> [8489 bytes]","args":[{"element-6066-11e4-a52e-4f735466cecf":"f.D6078088970B2F0795E5397A8DAD4E0E.d.35E3BC97F54C8F3A3BA7F96A14A1164A.e.1656","ELEMENT":"f.D6078088970B2F0795E5397A8DAD4E0E.d.35E3BC97F54C8F3A3BA7F96A14A1164A.e.1656"}]}
RESULT: {"script":"<script> [8489 bytes]","args":[{"element-6066-11e4-a52e-4f735466cecf":"f.D6078088970B2F0795E5397A8DAD4E0E.d.35E3BC97F54C8F3A3BA7F96A14A1164A.e.1656","ELEMENT":"f.D6078088970B2F0795E5397A8DAD4E0E.d.35E3BC97F54C8F3A3BA7F96A14A1164A.e.1656"}]}
COMMAND: GET /session/302c28dd03ec619932948a5fa1f394c9/element/f.D6078088970B2F0795E5397A8DAD4E0E.d.35E3BC97F54C8F3A3BA7F96A14A1164A.e.1656/enabled - {}
COMMAND: GET /session/302c28dd03ec619932948a5fa1f394c9/screenshot - {}
RESULT: {}
COMMAND: POST /session/302c28dd03ec619932948a5fa1f394c9/execute/sync - {"script":"<script> [8489 bytes]","args":[{"element-6066-11e4-a52e-4f735466cecf":"f.D6078088970B2F0795E5397A8DAD4E0E.d.35E3BC97F54C8F3A3BA7F96A14A1164A.e.1656","ELEMENT":"f.D6078088970B2F0795E5397A8DAD4E0E.d.35E3BC97F54C8F3A3BA7F96A14A1164A.e.1656"}]}
COMMAND: GET /session/302c28dd03ec619932948a5fa1f394c9/screenshot - {}
RESULT: {}
RESULT: {"script":"<script> [8489 bytes]","args":[{"element-6066-11e4-a52e-4f735466cecf":"f.D6078088970B2F0795E5397A8DAD4E0E.d.35E3BC97F54C8F3A3BA7F96A14A1164A.e.1656","ELEMENT":"f.D6078088970B2F0795E5397A8DAD4E0E.d.35E3BC97F54C8F3A3BA7F96A14A1164A.e.1656"}]}
COMMAND: POST /session/302c28dd03ec619932948a5fa1f394c9/execute/sync - {"script":"<script> [5351 bytes]","args":[{"element-6066-11e4-a52e-4f735466cecf":"f.D6078088970B2F0795E5397A8DAD4E0E.d.35E3BC97F54C8F3A3BA7F96A14A1164A.e.1656","ELEMENT":"f.D6078088970B2F0795E5397A8DAD4E0E.d.35E3BC97F54C8F3A3BA7F96A14A1164A.e.1656"}]}
COMMAND: GET /session/302c28dd03ec619932948a5fa1f394c9/screenshot - {}
RESULT: {}
RESULT: {"script":"<script> [5351 bytes]","args":[{"element-6066-11e4-a52e-4f735466cecf":"f.D6078088970B2F0795E5397A8DAD4E0E.d.35E3BC97F54C8F3A3BA7F96A14A1164A.e.1656","ELEMENT":"f.D6078088970B2F0795E5397A8DAD4E0E.d.35E3BC97F54C8F3A3BA7F96A14A1164A.e.1656"}]}
COMMAND: GET /session/302c28dd03ec619932948a5fa1f394c9/screenshot - {}
RESULT: {}
RESULT: {}
COMMAND: POST /session/302c28dd03ec619932948a5fa1f394c9/execute/async - {"script":"<script> [1562 bytes]","args":[{"selector":{"id":"application-managepartners-display-component---masterPtm--smartTable-btnPersonalisation-img"},"wdio_ui5_key":"applicationmanagepartners-display-component---masterPtm--smartTable-btnPersonalisation-img"}]}
RESULT: {"script":"<script> [1562 bytes]","args":[{"selector":{"id":"application-managepartners-display-component---masterPtm--smartTable-btnPersonalisation-img"},"wdio_ui5_key":"applicationmanagepartners-display-component---masterPtm--smartTable-btnPersonalisation-img"}]}
RESULT: undefined
COMMAND: POST /session/302c28dd03ec619932948a5fa1f394c9/element - {"using":"xpath","value":"//*[@id=\"application-managepartners-display-component---masterPtm--smartTable-btnPersonalisation-img\"]"}
RESULT: {"using":"xpath","value":"//*[@id=\"application-managepartners-display-component---masterPtm--smartTable-btnPersonalisation-img\"]"}
COMMAND: POST /session/302c28dd03ec619932948a5fa1f394c9/element/f.D6078088970B2F0795E5397A8DAD4E0E.d.35E3BC97F54C8F3A3BA7F96A14A1164A.e.1671/click - {}
RESULT: {}
COMMAND: GET /session/302c28dd03ec619932948a5fa1f394c9/screenshot - {}
RESULT: {}
COMMAND: POST /session/302c28dd03ec619932948a5fa1f394c9/execute/async - {"script":"<script> [1562 bytes]","args":[{"selector":{"controlType":"sap.m.IconTabFilter","viewName":"etm.portal.ui.managepartners.view.Master","viewId":"application-managepartners-display-component---masterPtm","properties":{"text":"Sort"},"searchOpenDialogs":true,"interaction":{"idSuffix":"text"}},"wdio_ui5_key":"etmportal.ui.managepartners.view.Mastersap.m.IconTabFilter{\"text\":\"Sort\"}"}]}
RESULT: {"script":"<script> [1562 bytes]","args":[{"selector":{"controlType":"sap.m.IconTabFilter","viewName":"etm.portal.ui.managepartners.view.Master","viewId":"application-managepartners-display-component---masterPtm","properties":{"text":"Sort"},"searchOpenDialogs":true,"interaction":{"idSuffix":"text"}},"wdio_ui5_key":"etmportal.ui.managepartners.view.Mastersap.m.IconTabFilter{\"text\":\"Sort\"}"}]}
RESULT: undefined
COMMAND: POST /session/302c28dd03ec619932948a5fa1f394c9/element - {"using":"xpath","value":"//*[@id=\"__filter1\"]"}
RESULT: {"using":"xpath","value":"//*[@id=\"__filter1\"]"}
COMMAND: POST /session/302c28dd03ec619932948a5fa1f394c9/element/f.D6078088970B2F0795E5397A8DAD4E0E.d.35E3BC97F54C8F3A3BA7F96A14A1164A.e.1810/click - {}
RESULT: {}
COMMAND: GET /session/302c28dd03ec619932948a5fa1f394c9/screenshot - {}
RESULT: {}
COMMAND: POST /session/302c28dd03ec619932948a5fa1f394c9/element - {"using":"xpath","value":"//input[@placeholder=\"Sort by\"]/following-sibling::div//span"}
RESULT: {"using":"xpath","value":"//input[@placeholder=\"Sort by\"]/following-sibling::div//span"}
COMMAND: POST /session/302c28dd03ec619932948a5fa1f394c9/element/f.D6078088970B2F0795E5397A8DAD4E0E.d.35E3BC97F54C8F3A3BA7F96A14A1164A.e.1813/click - {}
RESULT: {}
COMMAND: GET /session/302c28dd03ec619932948a5fa1f394c9/screenshot - {}
RESULT: {}
COMMAND: POST /session/302c28dd03ec619932948a5fa1f394c9/element - {"using":"xpath","value":"//li[.//span[text()=\"Language\"]]"}
RESULT: {"using":"xpath","value":"//li[.//span[text()=\"Language\"]]"}
COMMAND: POST /session/302c28dd03ec619932948a5fa1f394c9/element/f.D6078088970B2F0795E5397A8DAD4E0E.d.35E3BC97F54C8F3A3BA7F96A14A1164A.e.1814/click - {}
RESULT: {}
COMMAND: GET /session/302c28dd03ec619932948a5fa1f394c9/screenshot - {}
RESULT: {}
COMMAND: POST /session/302c28dd03ec619932948a5fa1f394c9/element - {"using":"xpath","value":"//bdi[contains(text(), \"OK\")]"}
RESULT: {"using":"xpath","value":"//bdi[contains(text(), \"OK\")]"}
COMMAND: POST /session/302c28dd03ec619932948a5fa1f394c9/element/f.D6078088970B2F0795E5397A8DAD4E0E.d.35E3BC97F54C8F3A3BA7F96A14A1164A.e.1818/click - {}
RESULT: {}
COMMAND: GET /session/302c28dd03ec619932948a5fa1f394c9/screenshot - {}
COMMAND: POST /session/302c28dd03ec619932948a5fa1f394c9/element - {"using":"xpath","value":"//table[contains(@id, \"customPartnersTable\")]//tbody/tr[1]/td[3]/span"}
RESULT: {}
RESULT: {"using":"xpath","value":"//table[contains(@id, \"customPartnersTable\")]//tbody/tr[1]/td[3]/span"}
COMMAND: POST /session/302c28dd03ec619932948a5fa1f394c9/execute/sync - {"script":"<script> [56 bytes]","args":[{"element-6066-11e4-a52e-4f735466cecf":"f.D6078088970B2F0795E5397A8DAD4E0E.d.35E3BC97F54C8F3A3BA7F96A14A1164A.e.1988","ELEMENT":"f.D6078088970B2F0795E5397A8DAD4E0E.d.35E3BC97F54C8F3A3BA7F96A14A1164A.e.1988"}]}
RESULT: {"script":"<script> [56 bytes]","args":[{"element-6066-11e4-a52e-4f735466cecf":"f.D6078088970B2F0795E5397A8DAD4E0E.d.35E3BC97F54C8F3A3BA7F96A14A1164A.e.1988","ELEMENT":"f.D6078088970B2F0795E5397A8DAD4E0E.d.35E3BC97F54C8F3A3BA7F96A14A1164A.e.1988"}]}
RESULT: undefined
COMMAND: POST /session/302c28dd03ec619932948a5fa1f394c9/element - {"using":"xpath","value":"//*[@id=\"application-managepartners-display-component---masterPtm--smartTable-btnPersonalisation-img\"]"}
COMMAND: GET /session/302c28dd03ec619932948a5fa1f394c9/screenshot - {}
RESULT: {"using":"xpath","value":"//*[@id=\"application-managepartners-display-component---masterPtm--smartTable-btnPersonalisation-img\"]"}
COMMAND: POST /session/302c28dd03ec619932948a5fa1f394c9/element/f.D6078088970B2F0795E5397A8DAD4E0E.d.35E3BC97F54C8F3A3BA7F96A14A1164A.e.1671/click - {}
RESULT: {}
RESULT: {}
COMMAND: GET /session/302c28dd03ec619932948a5fa1f394c9/screenshot - {}
RESULT: {}
COMMAND: POST /session/302c28dd03ec619932948a5fa1f394c9/element - {"using":"xpath","value":"//bdi[contains(text(), \"Reset\")]"}
RESULT: {"using":"xpath","value":"//bdi[contains(text(), \"Reset\")]"}
COMMAND: POST /session/302c28dd03ec619932948a5fa1f394c9/element/f.D6078088970B2F0795E5397A8DAD4E0E.d.35E3BC97F54C8F3A3BA7F96A14A1164A.e.1993/click - {}
RESULT: {}
COMMAND: GET /session/302c28dd03ec619932948a5fa1f394c9/screenshot - {}
RESULT: {}
COMMAND: POST /session/302c28dd03ec619932948a5fa1f394c9/element - {"using":"xpath","value":"(//bdi[contains(text(), \"OK\")])[2]"}
RESULT: {"using":"xpath","value":"(//bdi[contains(text(), \"OK\")])[2]"}
COMMAND: POST /session/302c28dd03ec619932948a5fa1f394c9/element/f.D6078088970B2F0795E5397A8DAD4E0E.d.35E3BC97F54C8F3A3BA7F96A14A1164A.e.1995/click - {}
RESULT: {}
COMMAND: GET /session/302c28dd03ec619932948a5fa1f394c9/screenshot - {}
RESULT: {}
COMMAND: POST /session/302c28dd03ec619932948a5fa1f394c9/element - {"using":"xpath","value":"//bdi[contains(text(), \"OK\")]"}
RESULT: {"using":"xpath","value":"//bdi[contains(text(), \"OK\")]"}
COMMAND: POST /session/302c28dd03ec619932948a5fa1f394c9/element/f.D6078088970B2F0795E5397A8DAD4E0E.d.35E3BC97F54C8F3A3BA7F96A14A1164A.e.2055/click - {}
RESULT: {}
COMMAND: GET /session/302c28dd03ec619932948a5fa1f394c9/screenshot - {}
RESULT: {}
COMMAND: POST /session/302c28dd03ec619932948a5fa1f394c9/element - {"using":"xpath","value":"//table[contains(@id, \"customPartnersTable\")]//tbody/tr[1]/td[3]/span"}
RESULT: {"using":"xpath","value":"//table[contains(@id, \"customPartnersTable\")]//tbody/tr[1]/td[3]/span"}
COMMAND: POST /session/302c28dd03ec619932948a5fa1f394c9/execute/sync - {"script":"<script> [56 bytes]","args":[{"element-6066-11e4-a52e-4f735466cecf":"f.D6078088970B2F0795E5397A8DAD4E0E.d.35E3BC97F54C8F3A3BA7F96A14A1164A.e.2057","ELEMENT":"f.D6078088970B2F0795E5397A8DAD4E0E.d.35E3BC97F54C8F3A3BA7F96A14A1164A.e.2057"}]}
RESULT: {"script":"<script> [56 bytes]","args":[{"element-6066-11e4-a52e-4f735466cecf":"f.D6078088970B2F0795E5397A8DAD4E0E.d.35E3BC97F54C8F3A3BA7F96A14A1164A.e.2057","ELEMENT":"f.D6078088970B2F0795E5397A8DAD4E0E.d.35E3BC97F54C8F3A3BA7F96A14A1164A.e.2057"}]}
RESULT: undefined
COMMAND: POST /session/302c28dd03ec619932948a5fa1f394c9/element - {"using":"xpath","value":"//*[@id=\"application-managepartners-display-component---masterPtm--smartTable-btnPersonalisation-img\"]"}
COMMAND: GET /session/302c28dd03ec619932948a5fa1f394c9/screenshot - {}
RESULT: {"using":"xpath","value":"//*[@id=\"application-managepartners-display-component---masterPtm--smartTable-btnPersonalisation-img\"]"}
COMMAND: POST /session/302c28dd03ec619932948a5fa1f394c9/element/f.D6078088970B2F0795E5397A8DAD4E0E.d.35E3BC97F54C8F3A3BA7F96A14A1164A.e.1671/click - {}
RESULT: {}
RESULT: {}
COMMAND: GET /session/302c28dd03ec619932948a5fa1f394c9/screenshot - {}
RESULT: {}
COMMAND: POST /session/302c28dd03ec619932948a5fa1f394c9/execute/async - {"script":"<script> [1562 bytes]","args":[{"selector":{"controlType":"sap.m.IconTabFilter","viewName":"etm.portal.ui.managepartners.view.Master","viewId":"application-managepartners-display-component---masterPtm","properties":{"text":"Filter"},"searchOpenDialogs":true,"interaction":{"idSuffix":"text"}},"wdio_ui5_key":"etmportal.ui.managepartners.view.Mastersap.m.IconTabFilter{\"text\":\"Filter\"}"}]}
RESULT: {"script":"<script> [1562 bytes]","args":[{"selector":{"controlType":"sap.m.IconTabFilter","viewName":"etm.portal.ui.managepartners.view.Master","viewId":"application-managepartners-display-component---masterPtm","properties":{"text":"Filter"},"searchOpenDialogs":true,"interaction":{"idSuffix":"text"}},"wdio_ui5_key":"etmportal.ui.managepartners.view.Mastersap.m.IconTabFilter{\"text\":\"Filter\"}"}]}
RESULT: undefined
COMMAND: POST /session/302c28dd03ec619932948a5fa1f394c9/element - {"using":"xpath","value":"//*[@id=\"__filter10\"]"}
RESULT: {"using":"xpath","value":"//*[@id=\"__filter10\"]"}
COMMAND: POST /session/302c28dd03ec619932948a5fa1f394c9/element/f.D6078088970B2F0795E5397A8DAD4E0E.d.35E3BC97F54C8F3A3BA7F96A14A1164A.e.2062/click - {}
RESULT: {}
COMMAND: GET /session/302c28dd03ec619932948a5fa1f394c9/screenshot - {}
RESULT: {}
COMMAND: POST /session/302c28dd03ec619932948a5fa1f394c9/element - {"using":"xpath","value":"//input[@placeholder=\"Filter by\"]/following-sibling::div//span"}
RESULT: {"using":"xpath","value":"//input[@placeholder=\"Filter by\"]/following-sibling::div//span"}
COMMAND: POST /session/302c28dd03ec619932948a5fa1f394c9/element/f.D6078088970B2F0795E5397A8DAD4E0E.d.35E3BC97F54C8F3A3BA7F96A14A1164A.e.2064/click - {}
RESULT: {}
COMMAND: GET /session/302c28dd03ec619932948a5fa1f394c9/screenshot - {}
RESULT: {}
COMMAND: POST /session/302c28dd03ec619932948a5fa1f394c9/element - {"using":"xpath","value":"//li[.//span[text()=\"Preferred Yard\"]]"}
RESULT: {"using":"xpath","value":"//li[.//span[text()=\"Preferred Yard\"]]"}
COMMAND: POST /session/302c28dd03ec619932948a5fa1f394c9/element/f.D6078088970B2F0795E5397A8DAD4E0E.d.35E3BC97F54C8F3A3BA7F96A14A1164A.e.2065/click - {}
RESULT: {}
COMMAND: GET /session/302c28dd03ec619932948a5fa1f394c9/screenshot - {}
RESULT: {}
COMMAND: POST /session/302c28dd03ec619932948a5fa1f394c9/execute/async - {"script":"<script> [1562 bytes]","args":[{"selector":{"id":"FilterPanel-filterItemControl_BASIC-application-managepartners-display-component---masterPtm--smartTable-YARDYARD-vhi","searchOpenDialogs":true},"wdio_ui5_key":"FilterPanelfilterItemControl_BASIC-application-managepartners-display-component---masterPtm--smartTable-YARDYARD-vhi"}]}
RESULT: {"script":"<script> [1562 bytes]","args":[{"selector":{"id":"FilterPanel-filterItemControl_BASIC-application-managepartners-display-component---masterPtm--smartTable-YARDYARD-vhi","searchOpenDialogs":true},"wdio_ui5_key":"FilterPanelfilterItemControl_BASIC-application-managepartners-display-component---masterPtm--smartTable-YARDYARD-vhi"}]}
RESULT: undefined
COMMAND: POST /session/302c28dd03ec619932948a5fa1f394c9/element - {"using":"xpath","value":"//*[@id=\"FilterPanel-filterItemControl_BASIC-application-managepartners-display-component---masterPtm--smartTable-YARDYARD-vhi\"]"}
RESULT: {"using":"xpath","value":"//*[@id=\"FilterPanel-filterItemControl_BASIC-application-managepartners-display-component---masterPtm--smartTable-YARDYARD-vhi\"]"}
COMMAND: POST /session/302c28dd03ec619932948a5fa1f394c9/element/f.D6078088970B2F0795E5397A8DAD4E0E.d.35E3BC97F54C8F3A3BA7F96A14A1164A.e.2068/click - {}
RESULT: {}
COMMAND: GET /session/302c28dd03ec619932948a5fa1f394c9/screenshot - {}
RESULT: {}
COMMAND: POST /session/302c28dd03ec619932948a5fa1f394c9/execute/async - {"script":"<script> [1562 bytes]","args":[{"selector":{"id":"FilterPanel-filterItemControl_BASIC-application-managepartners-display-component---masterPtm--smartTable-YARDYARD-valueHelpDialog-smartFilterBar-btnBasicSearch","searchOpenDialogs":true,"interaction":{"idSuffix":"I"}},"wdio_ui5_key":"FilterPanelfilterItemControl_BASIC-application-managepartners-display-component---masterPtm--smartTable-YARDYARD-valueHelpDialog-smartFilterBar-btnBasicSearch"}]}
RESULT: {"script":"<script> [1562 bytes]","args":[{"selector":{"id":"FilterPanel-filterItemControl_BASIC-application-managepartners-display-component---masterPtm--smartTable-YARDYARD-valueHelpDialog-smartFilterBar-btnBasicSearch","searchOpenDialogs":true,"interaction":{"idSuffix":"I"}},"wdio_ui5_key":"FilterPanelfilterItemControl_BASIC-application-managepartners-display-component---masterPtm--smartTable-YARDYARD-valueHelpDialog-smartFilterBar-btnBasicSearch"}]}
RESULT: undefined
COMMAND: POST /session/302c28dd03ec619932948a5fa1f394c9/execute/async - {"script":"<script> [776 bytes]","args":[{"enterText":"306","selector":{"id":"FilterPanel-filterItemControl_BASIC-application-managepartners-display-component---masterPtm--smartTable-YARDYARD-valueHelpDialog-smartFilterBar-btnBasicSearch","searchOpenDialogs":true,"interaction":{"idSuffix":"I"}},"clearTextFirst":true,"interactionType":"ENTER_TEXT"}]}
RESULT: {"script":"<script> [776 bytes]","args":[{"enterText":"306","selector":{"id":"FilterPanel-filterItemControl_BASIC-application-managepartners-display-component---masterPtm--smartTable-YARDYARD-valueHelpDialog-smartFilterBar-btnBasicSearch","searchOpenDialogs":true,"interaction":{"idSuffix":"I"}},"clearTextFirst":true,"interactionType":"ENTER_TEXT"}]}
COMMAND: POST /session/302c28dd03ec619932948a5fa1f394c9/actions - {"actions":[{"id":"action5","type":"key","parameters":{},"actions":[{"type":"keyDown","value":""},{"type":"pause","duration":10},{"type":"keyUp","value":""}]}]}
RESULT: {"actions":[{"id":"action5","type":"key","parameters":{},"actions":[{"type":"keyDown","value":""},{"type":"pause","duration":10},{"type":"keyUp","value":""}]}]}
COMMAND: GET /session/302c28dd03ec619932948a5fa1f394c9/screenshot - {}
RESULT: {}
COMMAND: POST /session/302c28dd03ec619932948a5fa1f394c9/elements - {"using":"xpath","value":"//table[contains(@id, \"smartTable-YARDYARD-valueHelpDialog-table-table\")]/tbody/tr"}
RESULT: {"using":"xpath","value":"//table[contains(@id, \"smartTable-YARDYARD-valueHelpDialog-table-table\")]/tbody/tr"}
COMMAND: POST /session/302c28dd03ec619932948a5fa1f394c9/element - {"using":"xpath","value":"//table[contains(@id, \"smartTable-YARDYARD-valueHelpDialog-table-table\")]/tbody/tr[1]/td[1]/div/span"}
RESULT: {"using":"xpath","value":"//table[contains(@id, \"smartTable-YARDYARD-valueHelpDialog-table-table\")]/tbody/tr[1]/td[1]/div/span"}
COMMAND: POST /session/302c28dd03ec619932948a5fa1f394c9/elements - {"using":"xpath","value":"//table[contains(@id, \"smartTable-YARDYARD-valueHelpDialog-table-table\")]/tbody/tr[1]/td[1]/div/span"}
RESULT: {"using":"xpath","value":"//table[contains(@id, \"smartTable-YARDYARD-valueHelpDialog-table-table\")]/tbody/tr[1]/td[1]/div/span"}
COMMAND: POST /session/302c28dd03ec619932948a5fa1f394c9/execute/sync - {"script":"<script> [56 bytes]","args":[{"element-6066-11e4-a52e-4f735466cecf":"f.D6078088970B2F0795E5397A8DAD4E0E.d.35E3BC97F54C8F3A3BA7F96A14A1164A.e.2087","ELEMENT":"f.D6078088970B2F0795E5397A8DAD4E0E.d.35E3BC97F54C8F3A3BA7F96A14A1164A.e.2087"}]}
RESULT: {"script":"<script> [56 bytes]","args":[{"element-6066-11e4-a52e-4f735466cecf":"f.D6078088970B2F0795E5397A8DAD4E0E.d.35E3BC97F54C8F3A3BA7F96A14A1164A.e.2087","ELEMENT":"f.D6078088970B2F0795E5397A8DAD4E0E.d.35E3BC97F54C8F3A3BA7F96A14A1164A.e.2087"}]}
COMMAND: POST /session/302c28dd03ec619932948a5fa1f394c9/element - {"using":"xpath","value":"//div[contains(@id, \"YARDYARD-valueHelpDialog-table-rowsel0\")]"}
COMMAND: GET /session/302c28dd03ec619932948a5fa1f394c9/screenshot - {}
RESULT: {"using":"xpath","value":"//div[contains(@id, \"YARDYARD-valueHelpDialog-table-rowsel0\")]"}
COMMAND: POST /session/302c28dd03ec619932948a5fa1f394c9/element/f.D6078088970B2F0795E5397A8DAD4E0E.d.35E3BC97F54C8F3A3BA7F96A14A1164A.e.2088/click - {}
RESULT: {}
RESULT: {}
COMMAND: GET /session/302c28dd03ec619932948a5fa1f394c9/screenshot - {}
RESULT: {}
COMMAND: POST /session/302c28dd03ec619932948a5fa1f394c9/element - {"using":"xpath","value":"(//bdi[contains(text(), \"OK\")])[2]"}
RESULT: {"using":"xpath","value":"(//bdi[contains(text(), \"OK\")])[2]"}
COMMAND: POST /session/302c28dd03ec619932948a5fa1f394c9/element/f.D6078088970B2F0795E5397A8DAD4E0E.d.35E3BC97F54C8F3A3BA7F96A14A1164A.e.2090/click - {}
RESULT: {}
COMMAND: GET /session/302c28dd03ec619932948a5fa1f394c9/screenshot - {}
RESULT: {}
COMMAND: POST /session/302c28dd03ec619932948a5fa1f394c9/element - {"using":"xpath","value":"//bdi[contains(text(), \"OK\")]"}
RESULT: {"using":"xpath","value":"//bdi[contains(text(), \"OK\")]"}
COMMAND: POST /session/302c28dd03ec619932948a5fa1f394c9/element/f.D6078088970B2F0795E5397A8DAD4E0E.d.35E3BC97F54C8F3A3BA7F96A14A1164A.e.2093/click - {}
RESULT: {}
COMMAND: GET /session/302c28dd03ec619932948a5fa1f394c9/screenshot - {}
RESULT: {}
COMMAND: POST /session/302c28dd03ec619932948a5fa1f394c9/element - {"using":"xpath","value":"//table[contains(@id, \"customPartnersTable\")]//tbody/tr[1]/td[3]/span"}
RESULT: {"using":"xpath","value":"//table[contains(@id, \"customPartnersTable\")]//tbody/tr[1]/td[3]/span"}
COMMAND: POST /session/302c28dd03ec619932948a5fa1f394c9/execute/sync - {"script":"<script> [56 bytes]","args":[{"element-6066-11e4-a52e-4f735466cecf":"f.D6078088970B2F0795E5397A8DAD4E0E.d.35E3BC97F54C8F3A3BA7F96A14A1164A.e.2057","ELEMENT":"f.D6078088970B2F0795E5397A8DAD4E0E.d.35E3BC97F54C8F3A3BA7F96A14A1164A.e.2057"}]}
RESULT: {"script":"<script> [56 bytes]","args":[{"element-6066-11e4-a52e-4f735466cecf":"f.D6078088970B2F0795E5397A8DAD4E0E.d.35E3BC97F54C8F3A3BA7F96A14A1164A.e.2057","ELEMENT":"f.D6078088970B2F0795E5397A8DAD4E0E.d.35E3BC97F54C8F3A3BA7F96A14A1164A.e.2057"}]}
COMMAND: POST /session/302c28dd03ec619932948a5fa1f394c9/element - {"using":"css selector","value":"#shell-header-logo"}
COMMAND: GET /session/302c28dd03ec619932948a5fa1f394c9/screenshot - {}
RESULT: {"using":"css selector","value":"#shell-header-logo"}
COMMAND: POST /session/302c28dd03ec619932948a5fa1f394c9/element/f.D6078088970B2F0795E5397A8DAD4E0E.d.35E3BC97F54C8F3A3BA7F96A14A1164A.e.1622/click - {}
RESULT: {}
RESULT: {}
COMMAND: GET /session/302c28dd03ec619932948a5fa1f394c9/screenshot - {}
RESULT: {}
]]></system-out>
    </testcase>
    <testcase classname="chrome.135_0_7049_42.windows.Partner_specific_tests_US150819_US151080_US151654_US151176_US103444_US151078_US151079_US151109_US151174_US151175_US151189" name="Should deactivate the created partner in earlier step US151654" time="56.347">
      <system-out><![CDATA[
COMMAND: POST /session/302c28dd03ec619932948a5fa1f394c9/element - {"using":"xpath","value":"//li[.//span[text()=\"Manage Partners\"]]"}
RESULT: {"using":"xpath","value":"//li[.//span[text()=\"Manage Partners\"]]"}
COMMAND: POST /session/302c28dd03ec619932948a5fa1f394c9/element - {"using":"xpath","value":"//li[.//span[text()=\"Manage Partners\"]]"}
RESULT: {"using":"xpath","value":"//li[.//span[text()=\"Manage Partners\"]]"}
COMMAND: POST /session/302c28dd03ec619932948a5fa1f394c9/element - {"using":"css selector","value":"#shell-header-logo"}
RESULT: {"using":"css selector","value":"#shell-header-logo"}
COMMAND: POST /session/302c28dd03ec619932948a5fa1f394c9/element/f.D6078088970B2F0795E5397A8DAD4E0E.d.35E3BC97F54C8F3A3BA7F96A14A1164A.e.2172/click - {}
COMMAND: POST /session/302c28dd03ec619932948a5fa1f394c9/execute/sync - {"script":"<script> [8489 bytes]","args":[{"element-6066-11e4-a52e-4f735466cecf":"f.D6078088970B2F0795E5397A8DAD4E0E.d.35E3BC97F54C8F3A3BA7F96A14A1164A.e.2172","ELEMENT":"f.D6078088970B2F0795E5397A8DAD4E0E.d.35E3BC97F54C8F3A3BA7F96A14A1164A.e.2172"}]}
RESULT: {}
COMMAND: GET /session/302c28dd03ec619932948a5fa1f394c9/screenshot - {}
RESULT: {"script":"<script> [8489 bytes]","args":[{"element-6066-11e4-a52e-4f735466cecf":"f.D6078088970B2F0795E5397A8DAD4E0E.d.35E3BC97F54C8F3A3BA7F96A14A1164A.e.2172","ELEMENT":"f.D6078088970B2F0795E5397A8DAD4E0E.d.35E3BC97F54C8F3A3BA7F96A14A1164A.e.2172"}]}
COMMAND: POST /session/302c28dd03ec619932948a5fa1f394c9/execute/sync - {"script":"<script> [5351 bytes]","args":[{"element-6066-11e4-a52e-4f735466cecf":"f.D6078088970B2F0795E5397A8DAD4E0E.d.35E3BC97F54C8F3A3BA7F96A14A1164A.e.2172","ELEMENT":"f.D6078088970B2F0795E5397A8DAD4E0E.d.35E3BC97F54C8F3A3BA7F96A14A1164A.e.2172"}]}
COMMAND: GET /session/302c28dd03ec619932948a5fa1f394c9/screenshot - {}
RESULT: {}
RESULT: {"script":"<script> [5351 bytes]","args":[{"element-6066-11e4-a52e-4f735466cecf":"f.D6078088970B2F0795E5397A8DAD4E0E.d.35E3BC97F54C8F3A3BA7F96A14A1164A.e.2172","ELEMENT":"f.D6078088970B2F0795E5397A8DAD4E0E.d.35E3BC97F54C8F3A3BA7F96A14A1164A.e.2172"}]}
COMMAND: GET /session/302c28dd03ec619932948a5fa1f394c9/screenshot - {}
RESULT: {}
RESULT: {}
RESULT: undefined
COMMAND: POST /session/302c28dd03ec619932948a5fa1f394c9/element - {"using":"xpath","value":"//*[@id=\"__tile53\"]"}
RESULT: {"using":"xpath","value":"//*[@id=\"__tile53\"]"}
COMMAND: POST /session/302c28dd03ec619932948a5fa1f394c9/element/f.D6078088970B2F0795E5397A8DAD4E0E.d.35E3BC97F54C8F3A3BA7F96A14A1164A.e.133/click - {}
RESULT: {}
COMMAND: POST /session/302c28dd03ec619932948a5fa1f394c9/element - {"using":"xpath","value":"//button[@data-kt=\"addButton\"]"}
COMMAND: GET /session/302c28dd03ec619932948a5fa1f394c9/screenshot - {}
RESULT: {"using":"xpath","value":"//button[@data-kt=\"addButton\"]"}
COMMAND: POST /session/302c28dd03ec619932948a5fa1f394c9/elements - {"using":"xpath","value":"//button[@data-kt=\"addButton\"]"}
RESULT: {}
RESULT: {"using":"xpath","value":"//button[@data-kt=\"addButton\"]"}
COMMAND: POST /session/302c28dd03ec619932948a5fa1f394c9/execute/sync - {"script":"<script> [8489 bytes]","args":[{"element-6066-11e4-a52e-4f735466cecf":"f.D6078088970B2F0795E5397A8DAD4E0E.d.35E3BC97F54C8F3A3BA7F96A14A1164A.e.2315","ELEMENT":"f.D6078088970B2F0795E5397A8DAD4E0E.d.35E3BC97F54C8F3A3BA7F96A14A1164A.e.2315"}]}
RESULT: {"script":"<script> [8489 bytes]","args":[{"element-6066-11e4-a52e-4f735466cecf":"f.D6078088970B2F0795E5397A8DAD4E0E.d.35E3BC97F54C8F3A3BA7F96A14A1164A.e.2315","ELEMENT":"f.D6078088970B2F0795E5397A8DAD4E0E.d.35E3BC97F54C8F3A3BA7F96A14A1164A.e.2315"}]}
COMMAND: GET /session/302c28dd03ec619932948a5fa1f394c9/element/f.D6078088970B2F0795E5397A8DAD4E0E.d.35E3BC97F54C8F3A3BA7F96A14A1164A.e.2315/enabled - {}
COMMAND: GET /session/302c28dd03ec619932948a5fa1f394c9/screenshot - {}
RESULT: {}
COMMAND: POST /session/302c28dd03ec619932948a5fa1f394c9/execute/sync - {"script":"<script> [8489 bytes]","args":[{"element-6066-11e4-a52e-4f735466cecf":"f.D6078088970B2F0795E5397A8DAD4E0E.d.35E3BC97F54C8F3A3BA7F96A14A1164A.e.2315","ELEMENT":"f.D6078088970B2F0795E5397A8DAD4E0E.d.35E3BC97F54C8F3A3BA7F96A14A1164A.e.2315"}]}
COMMAND: GET /session/302c28dd03ec619932948a5fa1f394c9/screenshot - {}
RESULT: {}
RESULT: {"script":"<script> [8489 bytes]","args":[{"element-6066-11e4-a52e-4f735466cecf":"f.D6078088970B2F0795E5397A8DAD4E0E.d.35E3BC97F54C8F3A3BA7F96A14A1164A.e.2315","ELEMENT":"f.D6078088970B2F0795E5397A8DAD4E0E.d.35E3BC97F54C8F3A3BA7F96A14A1164A.e.2315"}]}
COMMAND: POST /session/302c28dd03ec619932948a5fa1f394c9/execute/sync - {"script":"<script> [5351 bytes]","args":[{"element-6066-11e4-a52e-4f735466cecf":"f.D6078088970B2F0795E5397A8DAD4E0E.d.35E3BC97F54C8F3A3BA7F96A14A1164A.e.2315","ELEMENT":"f.D6078088970B2F0795E5397A8DAD4E0E.d.35E3BC97F54C8F3A3BA7F96A14A1164A.e.2315"}]}
COMMAND: GET /session/302c28dd03ec619932948a5fa1f394c9/screenshot - {}
RESULT: {}
RESULT: {"script":"<script> [5351 bytes]","args":[{"element-6066-11e4-a52e-4f735466cecf":"f.D6078088970B2F0795E5397A8DAD4E0E.d.35E3BC97F54C8F3A3BA7F96A14A1164A.e.2315","ELEMENT":"f.D6078088970B2F0795E5397A8DAD4E0E.d.35E3BC97F54C8F3A3BA7F96A14A1164A.e.2315"}]}
COMMAND: GET /session/302c28dd03ec619932948a5fa1f394c9/screenshot - {}
RESULT: {}
RESULT: {}
COMMAND: POST /session/302c28dd03ec619932948a5fa1f394c9/execute/async - {"script":"<script> [1562 bytes]","args":[{"selector":{"id":"application-managepartners-display-component---masterPtm--smartFilterBar-btnBasicSearch","interaction":{"idSuffix":"I"}},"wdio_ui5_key":"applicationmanagepartners-display-component---masterPtm--smartFilterBar-btnBasicSearch"}]}
RESULT: {"script":"<script> [1562 bytes]","args":[{"selector":{"id":"application-managepartners-display-component---masterPtm--smartFilterBar-btnBasicSearch","interaction":{"idSuffix":"I"}},"wdio_ui5_key":"applicationmanagepartners-display-component---masterPtm--smartFilterBar-btnBasicSearch"}]}
RESULT: undefined
COMMAND: POST /session/302c28dd03ec619932948a5fa1f394c9/execute/async - {"script":"<script> [776 bytes]","args":[{"enterText":"1172","selector":{"id":"application-managepartners-display-component---masterPtm--smartFilterBar-btnBasicSearch","interaction":{"idSuffix":"I"}},"clearTextFirst":true,"interactionType":"ENTER_TEXT"}]}
RESULT: {"script":"<script> [776 bytes]","args":[{"enterText":"1172","selector":{"id":"application-managepartners-display-component---masterPtm--smartFilterBar-btnBasicSearch","interaction":{"idSuffix":"I"}},"clearTextFirst":true,"interactionType":"ENTER_TEXT"}]}
COMMAND: POST /session/302c28dd03ec619932948a5fa1f394c9/actions - {"actions":[{"id":"action6","type":"key","parameters":{},"actions":[{"type":"keyDown","value":""},{"type":"pause","duration":10},{"type":"keyUp","value":""}]}]}
RESULT: {"actions":[{"id":"action6","type":"key","parameters":{},"actions":[{"type":"keyDown","value":""},{"type":"pause","duration":10},{"type":"keyUp","value":""}]}]}
COMMAND: GET /session/302c28dd03ec619932948a5fa1f394c9/screenshot - {}
RESULT: {}
COMMAND: POST /session/302c28dd03ec619932948a5fa1f394c9/elements - {"using":"xpath","value":"//table[contains(@id, \"customPartnersTable-listUl\")]/tbody/tr"}
RESULT: {"using":"xpath","value":"//table[contains(@id, \"customPartnersTable-listUl\")]/tbody/tr"}
COMMAND: POST /session/302c28dd03ec619932948a5fa1f394c9/element - {"using":"xpath","value":"//table[contains(@id, \"customPartnersTable-listUl\")]/tbody/tr[1]/td[3]/span"}
RESULT: {"using":"xpath","value":"//table[contains(@id, \"customPartnersTable-listUl\")]/tbody/tr[1]/td[3]/span"}
COMMAND: POST /session/302c28dd03ec619932948a5fa1f394c9/elements - {"using":"xpath","value":"//table[contains(@id, \"customPartnersTable-listUl\")]/tbody/tr[1]/td[3]/span"}
RESULT: {"using":"xpath","value":"//table[contains(@id, \"customPartnersTable-listUl\")]/tbody/tr[1]/td[3]/span"}
COMMAND: POST /session/302c28dd03ec619932948a5fa1f394c9/execute/sync - {"script":"<script> [56 bytes]","args":[{"element-6066-11e4-a52e-4f735466cecf":"f.D6078088970B2F0795E5397A8DAD4E0E.d.35E3BC97F54C8F3A3BA7F96A14A1164A.e.2352","ELEMENT":"f.D6078088970B2F0795E5397A8DAD4E0E.d.35E3BC97F54C8F3A3BA7F96A14A1164A.e.2352"}]}
RESULT: {"script":"<script> [56 bytes]","args":[{"element-6066-11e4-a52e-4f735466cecf":"f.D6078088970B2F0795E5397A8DAD4E0E.d.35E3BC97F54C8F3A3BA7F96A14A1164A.e.2352","ELEMENT":"f.D6078088970B2F0795E5397A8DAD4E0E.d.35E3BC97F54C8F3A3BA7F96A14A1164A.e.2352"}]}
COMMAND: POST /session/302c28dd03ec619932948a5fa1f394c9/element - {"using":"xpath","value":"//table[contains(@id, \"customPartnersTable-listUl\")]/tbody/tr[1]/td[7]/div/span"}
COMMAND: GET /session/302c28dd03ec619932948a5fa1f394c9/screenshot - {}
RESULT: {"using":"xpath","value":"//table[contains(@id, \"customPartnersTable-listUl\")]/tbody/tr[1]/td[7]/div/span"}
COMMAND: POST /session/302c28dd03ec619932948a5fa1f394c9/execute/sync - {"script":"<script> [56 bytes]","args":[{"element-6066-11e4-a52e-4f735466cecf":"f.D6078088970B2F0795E5397A8DAD4E0E.d.35E3BC97F54C8F3A3BA7F96A14A1164A.e.2353","ELEMENT":"f.D6078088970B2F0795E5397A8DAD4E0E.d.35E3BC97F54C8F3A3BA7F96A14A1164A.e.2353"}]}
RESULT: {}
RESULT: {"script":"<script> [56 bytes]","args":[{"element-6066-11e4-a52e-4f735466cecf":"f.D6078088970B2F0795E5397A8DAD4E0E.d.35E3BC97F54C8F3A3BA7F96A14A1164A.e.2353","ELEMENT":"f.D6078088970B2F0795E5397A8DAD4E0E.d.35E3BC97F54C8F3A3BA7F96A14A1164A.e.2353"}]}
COMMAND: POST /session/302c28dd03ec619932948a5fa1f394c9/element - {"using":"xpath","value":"//table[contains(@id, \"customPartnersTable-listUl\")]/tbody/tr[1]/td[2]/div/div"}
COMMAND: GET /session/302c28dd03ec619932948a5fa1f394c9/screenshot - {}
RESULT: {"using":"xpath","value":"//table[contains(@id, \"customPartnersTable-listUl\")]/tbody/tr[1]/td[2]/div/div"}
COMMAND: POST /session/302c28dd03ec619932948a5fa1f394c9/element/f.D6078088970B2F0795E5397A8DAD4E0E.d.35E3BC97F54C8F3A3BA7F96A14A1164A.e.2354/click - {}
RESULT: {}
RESULT: {}
COMMAND: GET /session/302c28dd03ec619932948a5fa1f394c9/screenshot - {}
RESULT: {}
COMMAND: POST /session/302c28dd03ec619932948a5fa1f394c9/element - {"using":"xpath","value":"//bdi[contains(text(), \"Deactivate\")]"}
RESULT: {"using":"xpath","value":"//bdi[contains(text(), \"Deactivate\")]"}
COMMAND: POST /session/302c28dd03ec619932948a5fa1f394c9/element/f.D6078088970B2F0795E5397A8DAD4E0E.d.35E3BC97F54C8F3A3BA7F96A14A1164A.e.2355/click - {}
RESULT: {}
COMMAND: GET /session/302c28dd03ec619932948a5fa1f394c9/screenshot - {}
RESULT: {}
COMMAND: POST /session/302c28dd03ec619932948a5fa1f394c9/element - {"using":"xpath","value":"//bdi[contains(text(), \"Yes\")]"}
RESULT: {"using":"xpath","value":"//bdi[contains(text(), \"Yes\")]"}
COMMAND: POST /session/302c28dd03ec619932948a5fa1f394c9/element/f.D6078088970B2F0795E5397A8DAD4E0E.d.35E3BC97F54C8F3A3BA7F96A14A1164A.e.2357/click - {}
RESULT: {}
COMMAND: GET /session/302c28dd03ec619932948a5fa1f394c9/screenshot - {}
RESULT: {}
COMMAND: POST /session/302c28dd03ec619932948a5fa1f394c9/element - {"using":"xpath","value":"//table[contains(@id, \"customPartnersTable-listUl\")]/tbody/tr[1]/td[7]/div/span"}
RESULT: {"using":"xpath","value":"//table[contains(@id, \"customPartnersTable-listUl\")]/tbody/tr[1]/td[7]/div/span"}
COMMAND: POST /session/302c28dd03ec619932948a5fa1f394c9/execute/sync - {"script":"<script> [56 bytes]","args":[{"element-6066-11e4-a52e-4f735466cecf":"f.D6078088970B2F0795E5397A8DAD4E0E.d.35E3BC97F54C8F3A3BA7F96A14A1164A.e.2353","ELEMENT":"f.D6078088970B2F0795E5397A8DAD4E0E.d.35E3BC97F54C8F3A3BA7F96A14A1164A.e.2353"}]}
RESULT: {"script":"<script> [56 bytes]","args":[{"element-6066-11e4-a52e-4f735466cecf":"f.D6078088970B2F0795E5397A8DAD4E0E.d.35E3BC97F54C8F3A3BA7F96A14A1164A.e.2353","ELEMENT":"f.D6078088970B2F0795E5397A8DAD4E0E.d.35E3BC97F54C8F3A3BA7F96A14A1164A.e.2353"}]}
COMMAND: GET /session/302c28dd03ec619932948a5fa1f394c9/screenshot - {}
RESULT: {}
COMMAND: POST /session/302c28dd03ec619932948a5fa1f394c9/element - {"using":"css selector","value":"#shell-header-logo"}
RESULT: {"using":"css selector","value":"#shell-header-logo"}
COMMAND: POST /session/302c28dd03ec619932948a5fa1f394c9/element/f.D6078088970B2F0795E5397A8DAD4E0E.d.35E3BC97F54C8F3A3BA7F96A14A1164A.e.2172/click - {}
RESULT: {}
COMMAND: GET /session/302c28dd03ec619932948a5fa1f394c9/screenshot - {}
RESULT: {}
]]></system-out>
    </testcase>
    <testcase classname="chrome.135_0_7049_42.windows.Partner_specific_tests_US150819_US151080_US151654_US151176_US103444_US151078_US151079_US151109_US151174_US151175_US151189" name="Should activate the created partner again US151176" time="56.568">
      <system-out><![CDATA[
COMMAND: POST /session/302c28dd03ec619932948a5fa1f394c9/element - {"using":"xpath","value":"//li[.//span[text()=\"Manage Partners\"]]"}
RESULT: {"using":"xpath","value":"//li[.//span[text()=\"Manage Partners\"]]"}
COMMAND: POST /session/302c28dd03ec619932948a5fa1f394c9/element - {"using":"xpath","value":"//li[.//span[text()=\"Manage Partners\"]]"}
RESULT: {"using":"xpath","value":"//li[.//span[text()=\"Manage Partners\"]]"}
COMMAND: POST /session/302c28dd03ec619932948a5fa1f394c9/element - {"using":"css selector","value":"#shell-header-logo"}
RESULT: {"using":"css selector","value":"#shell-header-logo"}
COMMAND: POST /session/302c28dd03ec619932948a5fa1f394c9/element/f.D6078088970B2F0795E5397A8DAD4E0E.d.35E3BC97F54C8F3A3BA7F96A14A1164A.e.2360/click - {}
COMMAND: POST /session/302c28dd03ec619932948a5fa1f394c9/execute/sync - {"script":"<script> [8489 bytes]","args":[{"element-6066-11e4-a52e-4f735466cecf":"f.D6078088970B2F0795E5397A8DAD4E0E.d.35E3BC97F54C8F3A3BA7F96A14A1164A.e.2360","ELEMENT":"f.D6078088970B2F0795E5397A8DAD4E0E.d.35E3BC97F54C8F3A3BA7F96A14A1164A.e.2360"}]}
RESULT: {}
COMMAND: GET /session/302c28dd03ec619932948a5fa1f394c9/screenshot - {}
RESULT: {"script":"<script> [8489 bytes]","args":[{"element-6066-11e4-a52e-4f735466cecf":"f.D6078088970B2F0795E5397A8DAD4E0E.d.35E3BC97F54C8F3A3BA7F96A14A1164A.e.2360","ELEMENT":"f.D6078088970B2F0795E5397A8DAD4E0E.d.35E3BC97F54C8F3A3BA7F96A14A1164A.e.2360"}]}
COMMAND: POST /session/302c28dd03ec619932948a5fa1f394c9/execute/sync - {"script":"<script> [5351 bytes]","args":[{"element-6066-11e4-a52e-4f735466cecf":"f.D6078088970B2F0795E5397A8DAD4E0E.d.35E3BC97F54C8F3A3BA7F96A14A1164A.e.2360","ELEMENT":"f.D6078088970B2F0795E5397A8DAD4E0E.d.35E3BC97F54C8F3A3BA7F96A14A1164A.e.2360"}]}
COMMAND: GET /session/302c28dd03ec619932948a5fa1f394c9/screenshot - {}
RESULT: {}
RESULT: {"script":"<script> [5351 bytes]","args":[{"element-6066-11e4-a52e-4f735466cecf":"f.D6078088970B2F0795E5397A8DAD4E0E.d.35E3BC97F54C8F3A3BA7F96A14A1164A.e.2360","ELEMENT":"f.D6078088970B2F0795E5397A8DAD4E0E.d.35E3BC97F54C8F3A3BA7F96A14A1164A.e.2360"}]}
COMMAND: GET /session/302c28dd03ec619932948a5fa1f394c9/screenshot - {}
RESULT: {}
RESULT: {}
RESULT: undefined
COMMAND: POST /session/302c28dd03ec619932948a5fa1f394c9/element - {"using":"xpath","value":"//*[@id=\"__tile53\"]"}
RESULT: {"using":"xpath","value":"//*[@id=\"__tile53\"]"}
COMMAND: POST /session/302c28dd03ec619932948a5fa1f394c9/element/f.D6078088970B2F0795E5397A8DAD4E0E.d.35E3BC97F54C8F3A3BA7F96A14A1164A.e.133/click - {}
RESULT: {}
COMMAND: POST /session/302c28dd03ec619932948a5fa1f394c9/element - {"using":"xpath","value":"//button[@data-kt=\"addButton\"]"}
COMMAND: GET /session/302c28dd03ec619932948a5fa1f394c9/screenshot - {}
RESULT: {"using":"xpath","value":"//button[@data-kt=\"addButton\"]"}
COMMAND: POST /session/302c28dd03ec619932948a5fa1f394c9/elements - {"using":"xpath","value":"//button[@data-kt=\"addButton\"]"}
RESULT: {}
RESULT: {"using":"xpath","value":"//button[@data-kt=\"addButton\"]"}
COMMAND: POST /session/302c28dd03ec619932948a5fa1f394c9/execute/sync - {"script":"<script> [8489 bytes]","args":[{"element-6066-11e4-a52e-4f735466cecf":"f.D6078088970B2F0795E5397A8DAD4E0E.d.35E3BC97F54C8F3A3BA7F96A14A1164A.e.2405","ELEMENT":"f.D6078088970B2F0795E5397A8DAD4E0E.d.35E3BC97F54C8F3A3BA7F96A14A1164A.e.2405"}]}
RESULT: {"script":"<script> [8489 bytes]","args":[{"element-6066-11e4-a52e-4f735466cecf":"f.D6078088970B2F0795E5397A8DAD4E0E.d.35E3BC97F54C8F3A3BA7F96A14A1164A.e.2405","ELEMENT":"f.D6078088970B2F0795E5397A8DAD4E0E.d.35E3BC97F54C8F3A3BA7F96A14A1164A.e.2405"}]}
COMMAND: GET /session/302c28dd03ec619932948a5fa1f394c9/element/f.D6078088970B2F0795E5397A8DAD4E0E.d.35E3BC97F54C8F3A3BA7F96A14A1164A.e.2405/enabled - {}
COMMAND: GET /session/302c28dd03ec619932948a5fa1f394c9/screenshot - {}
RESULT: {}
COMMAND: POST /session/302c28dd03ec619932948a5fa1f394c9/execute/sync - {"script":"<script> [8489 bytes]","args":[{"element-6066-11e4-a52e-4f735466cecf":"f.D6078088970B2F0795E5397A8DAD4E0E.d.35E3BC97F54C8F3A3BA7F96A14A1164A.e.2405","ELEMENT":"f.D6078088970B2F0795E5397A8DAD4E0E.d.35E3BC97F54C8F3A3BA7F96A14A1164A.e.2405"}]}
COMMAND: GET /session/302c28dd03ec619932948a5fa1f394c9/screenshot - {}
RESULT: {}
RESULT: {"script":"<script> [8489 bytes]","args":[{"element-6066-11e4-a52e-4f735466cecf":"f.D6078088970B2F0795E5397A8DAD4E0E.d.35E3BC97F54C8F3A3BA7F96A14A1164A.e.2405","ELEMENT":"f.D6078088970B2F0795E5397A8DAD4E0E.d.35E3BC97F54C8F3A3BA7F96A14A1164A.e.2405"}]}
COMMAND: POST /session/302c28dd03ec619932948a5fa1f394c9/execute/sync - {"script":"<script> [5351 bytes]","args":[{"element-6066-11e4-a52e-4f735466cecf":"f.D6078088970B2F0795E5397A8DAD4E0E.d.35E3BC97F54C8F3A3BA7F96A14A1164A.e.2405","ELEMENT":"f.D6078088970B2F0795E5397A8DAD4E0E.d.35E3BC97F54C8F3A3BA7F96A14A1164A.e.2405"}]}
COMMAND: GET /session/302c28dd03ec619932948a5fa1f394c9/screenshot - {}
RESULT: {}
RESULT: {"script":"<script> [5351 bytes]","args":[{"element-6066-11e4-a52e-4f735466cecf":"f.D6078088970B2F0795E5397A8DAD4E0E.d.35E3BC97F54C8F3A3BA7F96A14A1164A.e.2405","ELEMENT":"f.D6078088970B2F0795E5397A8DAD4E0E.d.35E3BC97F54C8F3A3BA7F96A14A1164A.e.2405"}]}
COMMAND: GET /session/302c28dd03ec619932948a5fa1f394c9/screenshot - {}
RESULT: {}
RESULT: {}
RESULT: undefined
COMMAND: POST /session/302c28dd03ec619932948a5fa1f394c9/execute/async - {"script":"<script> [776 bytes]","args":[{"enterText":"1172","selector":{"id":"application-managepartners-display-component---masterPtm--smartFilterBar-btnBasicSearch","interaction":{"idSuffix":"I"}},"clearTextFirst":true,"interactionType":"ENTER_TEXT"}]}
RESULT: {"script":"<script> [776 bytes]","args":[{"enterText":"1172","selector":{"id":"application-managepartners-display-component---masterPtm--smartFilterBar-btnBasicSearch","interaction":{"idSuffix":"I"}},"clearTextFirst":true,"interactionType":"ENTER_TEXT"}]}
COMMAND: POST /session/302c28dd03ec619932948a5fa1f394c9/actions - {"actions":[{"id":"action7","type":"key","parameters":{},"actions":[{"type":"keyDown","value":""},{"type":"pause","duration":10},{"type":"keyUp","value":""}]}]}
RESULT: {"actions":[{"id":"action7","type":"key","parameters":{},"actions":[{"type":"keyDown","value":""},{"type":"pause","duration":10},{"type":"keyUp","value":""}]}]}
COMMAND: GET /session/302c28dd03ec619932948a5fa1f394c9/screenshot - {}
RESULT: {}
COMMAND: POST /session/302c28dd03ec619932948a5fa1f394c9/elements - {"using":"xpath","value":"//table[contains(@id, \"customPartnersTable-listUl\")]/tbody/tr"}
RESULT: {"using":"xpath","value":"//table[contains(@id, \"customPartnersTable-listUl\")]/tbody/tr"}
COMMAND: POST /session/302c28dd03ec619932948a5fa1f394c9/element - {"using":"xpath","value":"//table[contains(@id, \"customPartnersTable-listUl\")]/tbody/tr[1]/td[3]/span"}
RESULT: {"using":"xpath","value":"//table[contains(@id, \"customPartnersTable-listUl\")]/tbody/tr[1]/td[3]/span"}
COMMAND: POST /session/302c28dd03ec619932948a5fa1f394c9/elements - {"using":"xpath","value":"//table[contains(@id, \"customPartnersTable-listUl\")]/tbody/tr[1]/td[3]/span"}
RESULT: {"using":"xpath","value":"//table[contains(@id, \"customPartnersTable-listUl\")]/tbody/tr[1]/td[3]/span"}
COMMAND: POST /session/302c28dd03ec619932948a5fa1f394c9/execute/sync - {"script":"<script> [56 bytes]","args":[{"element-6066-11e4-a52e-4f735466cecf":"f.D6078088970B2F0795E5397A8DAD4E0E.d.35E3BC97F54C8F3A3BA7F96A14A1164A.e.2539","ELEMENT":"f.D6078088970B2F0795E5397A8DAD4E0E.d.35E3BC97F54C8F3A3BA7F96A14A1164A.e.2539"}]}
RESULT: {"script":"<script> [56 bytes]","args":[{"element-6066-11e4-a52e-4f735466cecf":"f.D6078088970B2F0795E5397A8DAD4E0E.d.35E3BC97F54C8F3A3BA7F96A14A1164A.e.2539","ELEMENT":"f.D6078088970B2F0795E5397A8DAD4E0E.d.35E3BC97F54C8F3A3BA7F96A14A1164A.e.2539"}]}
COMMAND: POST /session/302c28dd03ec619932948a5fa1f394c9/element - {"using":"xpath","value":"//table[contains(@id, \"customPartnersTable-listUl\")]/tbody/tr[1]/td[7]/div/span"}
COMMAND: GET /session/302c28dd03ec619932948a5fa1f394c9/screenshot - {}
RESULT: {"using":"xpath","value":"//table[contains(@id, \"customPartnersTable-listUl\")]/tbody/tr[1]/td[7]/div/span"}
COMMAND: POST /session/302c28dd03ec619932948a5fa1f394c9/execute/sync - {"script":"<script> [56 bytes]","args":[{"element-6066-11e4-a52e-4f735466cecf":"f.D6078088970B2F0795E5397A8DAD4E0E.d.35E3BC97F54C8F3A3BA7F96A14A1164A.e.2540","ELEMENT":"f.D6078088970B2F0795E5397A8DAD4E0E.d.35E3BC97F54C8F3A3BA7F96A14A1164A.e.2540"}]}
RESULT: {}
RESULT: {"script":"<script> [56 bytes]","args":[{"element-6066-11e4-a52e-4f735466cecf":"f.D6078088970B2F0795E5397A8DAD4E0E.d.35E3BC97F54C8F3A3BA7F96A14A1164A.e.2540","ELEMENT":"f.D6078088970B2F0795E5397A8DAD4E0E.d.35E3BC97F54C8F3A3BA7F96A14A1164A.e.2540"}]}
COMMAND: POST /session/302c28dd03ec619932948a5fa1f394c9/element - {"using":"xpath","value":"//table[contains(@id, \"customPartnersTable-listUl\")]/tbody/tr[1]/td[2]/div/div"}
COMMAND: GET /session/302c28dd03ec619932948a5fa1f394c9/screenshot - {}
RESULT: {"using":"xpath","value":"//table[contains(@id, \"customPartnersTable-listUl\")]/tbody/tr[1]/td[2]/div/div"}
COMMAND: POST /session/302c28dd03ec619932948a5fa1f394c9/element/f.D6078088970B2F0795E5397A8DAD4E0E.d.35E3BC97F54C8F3A3BA7F96A14A1164A.e.2541/click - {}
RESULT: {}
RESULT: {}
COMMAND: GET /session/302c28dd03ec619932948a5fa1f394c9/screenshot - {}
RESULT: {}
COMMAND: POST /session/302c28dd03ec619932948a5fa1f394c9/element - {"using":"xpath","value":"//bdi[contains(text(), \"Activate\")]"}
RESULT: {"using":"xpath","value":"//bdi[contains(text(), \"Activate\")]"}
COMMAND: POST /session/302c28dd03ec619932948a5fa1f394c9/element/f.D6078088970B2F0795E5397A8DAD4E0E.d.35E3BC97F54C8F3A3BA7F96A14A1164A.e.2542/click - {}
RESULT: {}
COMMAND: GET /session/302c28dd03ec619932948a5fa1f394c9/screenshot - {}
RESULT: {}
COMMAND: POST /session/302c28dd03ec619932948a5fa1f394c9/element - {"using":"xpath","value":"//bdi[contains(text(), \"Yes\")]"}
RESULT: {"using":"xpath","value":"//bdi[contains(text(), \"Yes\")]"}
COMMAND: POST /session/302c28dd03ec619932948a5fa1f394c9/element/f.D6078088970B2F0795E5397A8DAD4E0E.d.35E3BC97F54C8F3A3BA7F96A14A1164A.e.2544/click - {}
RESULT: {}
COMMAND: GET /session/302c28dd03ec619932948a5fa1f394c9/screenshot - {}
RESULT: {}
COMMAND: POST /session/302c28dd03ec619932948a5fa1f394c9/element - {"using":"xpath","value":"//table[contains(@id, \"customPartnersTable-listUl\")]/tbody/tr[1]/td[7]/div/span"}
RESULT: {"using":"xpath","value":"//table[contains(@id, \"customPartnersTable-listUl\")]/tbody/tr[1]/td[7]/div/span"}
COMMAND: POST /session/302c28dd03ec619932948a5fa1f394c9/execute/sync - {"script":"<script> [56 bytes]","args":[{"element-6066-11e4-a52e-4f735466cecf":"f.D6078088970B2F0795E5397A8DAD4E0E.d.35E3BC97F54C8F3A3BA7F96A14A1164A.e.2540","ELEMENT":"f.D6078088970B2F0795E5397A8DAD4E0E.d.35E3BC97F54C8F3A3BA7F96A14A1164A.e.2540"}]}
RESULT: {"script":"<script> [56 bytes]","args":[{"element-6066-11e4-a52e-4f735466cecf":"f.D6078088970B2F0795E5397A8DAD4E0E.d.35E3BC97F54C8F3A3BA7F96A14A1164A.e.2540","ELEMENT":"f.D6078088970B2F0795E5397A8DAD4E0E.d.35E3BC97F54C8F3A3BA7F96A14A1164A.e.2540"}]}
COMMAND: GET /session/302c28dd03ec619932948a5fa1f394c9/screenshot - {}
RESULT: {}
COMMAND: POST /session/302c28dd03ec619932948a5fa1f394c9/element - {"using":"css selector","value":"#shell-header-logo"}
RESULT: {"using":"css selector","value":"#shell-header-logo"}
COMMAND: POST /session/302c28dd03ec619932948a5fa1f394c9/element/f.D6078088970B2F0795E5397A8DAD4E0E.d.35E3BC97F54C8F3A3BA7F96A14A1164A.e.2360/click - {}
RESULT: {}
COMMAND: GET /session/302c28dd03ec619932948a5fa1f394c9/screenshot - {}
RESULT: {}
]]></system-out>
    </testcase>
    <testcase classname="chrome.135_0_7049_42.windows.Partner_specific_tests_US150819_US151080_US151654_US151176_US103444_US151078_US151079_US151109_US151174_US151175_US151189" name="Should edit the created external partner and save it and check its content US103444" time="65.164">
      <system-out><![CDATA[
COMMAND: POST /session/302c28dd03ec619932948a5fa1f394c9/element - {"using":"xpath","value":"//li[.//span[text()=\"Manage Partners\"]]"}
RESULT: {"using":"xpath","value":"//li[.//span[text()=\"Manage Partners\"]]"}
COMMAND: POST /session/302c28dd03ec619932948a5fa1f394c9/element - {"using":"xpath","value":"//li[.//span[text()=\"Manage Partners\"]]"}
RESULT: {"using":"xpath","value":"//li[.//span[text()=\"Manage Partners\"]]"}
COMMAND: POST /session/302c28dd03ec619932948a5fa1f394c9/element - {"using":"css selector","value":"#shell-header-logo"}
RESULT: {"using":"css selector","value":"#shell-header-logo"}
COMMAND: POST /session/302c28dd03ec619932948a5fa1f394c9/element/f.D6078088970B2F0795E5397A8DAD4E0E.d.35E3BC97F54C8F3A3BA7F96A14A1164A.e.2547/click - {}
COMMAND: POST /session/302c28dd03ec619932948a5fa1f394c9/execute/sync - {"script":"<script> [8489 bytes]","args":[{"element-6066-11e4-a52e-4f735466cecf":"f.D6078088970B2F0795E5397A8DAD4E0E.d.35E3BC97F54C8F3A3BA7F96A14A1164A.e.2547","ELEMENT":"f.D6078088970B2F0795E5397A8DAD4E0E.d.35E3BC97F54C8F3A3BA7F96A14A1164A.e.2547"}]}
RESULT: {}
COMMAND: GET /session/302c28dd03ec619932948a5fa1f394c9/screenshot - {}
RESULT: {"script":"<script> [8489 bytes]","args":[{"element-6066-11e4-a52e-4f735466cecf":"f.D6078088970B2F0795E5397A8DAD4E0E.d.35E3BC97F54C8F3A3BA7F96A14A1164A.e.2547","ELEMENT":"f.D6078088970B2F0795E5397A8DAD4E0E.d.35E3BC97F54C8F3A3BA7F96A14A1164A.e.2547"}]}
COMMAND: POST /session/302c28dd03ec619932948a5fa1f394c9/execute/sync - {"script":"<script> [5351 bytes]","args":[{"element-6066-11e4-a52e-4f735466cecf":"f.D6078088970B2F0795E5397A8DAD4E0E.d.35E3BC97F54C8F3A3BA7F96A14A1164A.e.2547","ELEMENT":"f.D6078088970B2F0795E5397A8DAD4E0E.d.35E3BC97F54C8F3A3BA7F96A14A1164A.e.2547"}]}
COMMAND: GET /session/302c28dd03ec619932948a5fa1f394c9/screenshot - {}
RESULT: {}
RESULT: {"script":"<script> [5351 bytes]","args":[{"element-6066-11e4-a52e-4f735466cecf":"f.D6078088970B2F0795E5397A8DAD4E0E.d.35E3BC97F54C8F3A3BA7F96A14A1164A.e.2547","ELEMENT":"f.D6078088970B2F0795E5397A8DAD4E0E.d.35E3BC97F54C8F3A3BA7F96A14A1164A.e.2547"}]}
COMMAND: GET /session/302c28dd03ec619932948a5fa1f394c9/screenshot - {}
RESULT: {}
RESULT: {}
RESULT: undefined
COMMAND: POST /session/302c28dd03ec619932948a5fa1f394c9/element - {"using":"xpath","value":"//*[@id=\"__tile53\"]"}
RESULT: {"using":"xpath","value":"//*[@id=\"__tile53\"]"}
COMMAND: POST /session/302c28dd03ec619932948a5fa1f394c9/element/f.D6078088970B2F0795E5397A8DAD4E0E.d.35E3BC97F54C8F3A3BA7F96A14A1164A.e.133/click - {}
RESULT: {}
COMMAND: POST /session/302c28dd03ec619932948a5fa1f394c9/element - {"using":"xpath","value":"//button[@data-kt=\"addButton\"]"}
COMMAND: GET /session/302c28dd03ec619932948a5fa1f394c9/screenshot - {}
RESULT: {"using":"xpath","value":"//button[@data-kt=\"addButton\"]"}
COMMAND: POST /session/302c28dd03ec619932948a5fa1f394c9/elements - {"using":"xpath","value":"//button[@data-kt=\"addButton\"]"}
RESULT: {}
RESULT: {"using":"xpath","value":"//button[@data-kt=\"addButton\"]"}
COMMAND: POST /session/302c28dd03ec619932948a5fa1f394c9/element - {"using":"xpath","value":"//button[@data-kt=\"addButton\"]"}
RESULT: {"using":"xpath","value":"//button[@data-kt=\"addButton\"]"}
COMMAND: POST /session/302c28dd03ec619932948a5fa1f394c9/execute/sync - {"script":"<script> [8489 bytes]","args":[{"element-6066-11e4-a52e-4f735466cecf":"f.D6078088970B2F0795E5397A8DAD4E0E.d.35E3BC97F54C8F3A3BA7F96A14A1164A.e.2592","ELEMENT":"f.D6078088970B2F0795E5397A8DAD4E0E.d.35E3BC97F54C8F3A3BA7F96A14A1164A.e.2592"}]}
RESULT: {"script":"<script> [8489 bytes]","args":[{"element-6066-11e4-a52e-4f735466cecf":"f.D6078088970B2F0795E5397A8DAD4E0E.d.35E3BC97F54C8F3A3BA7F96A14A1164A.e.2592","ELEMENT":"f.D6078088970B2F0795E5397A8DAD4E0E.d.35E3BC97F54C8F3A3BA7F96A14A1164A.e.2592"}]}
COMMAND: GET /session/302c28dd03ec619932948a5fa1f394c9/element/f.D6078088970B2F0795E5397A8DAD4E0E.d.35E3BC97F54C8F3A3BA7F96A14A1164A.e.2592/enabled - {}
COMMAND: GET /session/302c28dd03ec619932948a5fa1f394c9/screenshot - {}
RESULT: {}
RESULT: {}
COMMAND: POST /session/302c28dd03ec619932948a5fa1f394c9/execute/sync - {"script":"<script> [8489 bytes]","args":[{"element-6066-11e4-a52e-4f735466cecf":"f.D6078088970B2F0795E5397A8DAD4E0E.d.35E3BC97F54C8F3A3BA7F96A14A1164A.e.2592","ELEMENT":"f.D6078088970B2F0795E5397A8DAD4E0E.d.35E3BC97F54C8F3A3BA7F96A14A1164A.e.2592"}]}
COMMAND: GET /session/302c28dd03ec619932948a5fa1f394c9/screenshot - {}
RESULT: {"script":"<script> [8489 bytes]","args":[{"element-6066-11e4-a52e-4f735466cecf":"f.D6078088970B2F0795E5397A8DAD4E0E.d.35E3BC97F54C8F3A3BA7F96A14A1164A.e.2592","ELEMENT":"f.D6078088970B2F0795E5397A8DAD4E0E.d.35E3BC97F54C8F3A3BA7F96A14A1164A.e.2592"}]}
COMMAND: POST /session/302c28dd03ec619932948a5fa1f394c9/execute/sync - {"script":"<script> [5351 bytes]","args":[{"element-6066-11e4-a52e-4f735466cecf":"f.D6078088970B2F0795E5397A8DAD4E0E.d.35E3BC97F54C8F3A3BA7F96A14A1164A.e.2592","ELEMENT":"f.D6078088970B2F0795E5397A8DAD4E0E.d.35E3BC97F54C8F3A3BA7F96A14A1164A.e.2592"}]}
COMMAND: GET /session/302c28dd03ec619932948a5fa1f394c9/screenshot - {}
RESULT: {}
RESULT: {"script":"<script> [5351 bytes]","args":[{"element-6066-11e4-a52e-4f735466cecf":"f.D6078088970B2F0795E5397A8DAD4E0E.d.35E3BC97F54C8F3A3BA7F96A14A1164A.e.2592","ELEMENT":"f.D6078088970B2F0795E5397A8DAD4E0E.d.35E3BC97F54C8F3A3BA7F96A14A1164A.e.2592"}]}
COMMAND: GET /session/302c28dd03ec619932948a5fa1f394c9/screenshot - {}
RESULT: {}
RESULT: {}
RESULT: undefined
COMMAND: POST /session/302c28dd03ec619932948a5fa1f394c9/execute/async - {"script":"<script> [776 bytes]","args":[{"enterText":"1172","selector":{"id":"application-managepartners-display-component---masterPtm--smartFilterBar-btnBasicSearch","interaction":{"idSuffix":"I"}},"clearTextFirst":true,"interactionType":"ENTER_TEXT"}]}
RESULT: {"script":"<script> [776 bytes]","args":[{"enterText":"1172","selector":{"id":"application-managepartners-display-component---masterPtm--smartFilterBar-btnBasicSearch","interaction":{"idSuffix":"I"}},"clearTextFirst":true,"interactionType":"ENTER_TEXT"}]}
COMMAND: POST /session/302c28dd03ec619932948a5fa1f394c9/actions - {"actions":[{"id":"action8","type":"key","parameters":{},"actions":[{"type":"keyDown","value":""},{"type":"pause","duration":10},{"type":"keyUp","value":""}]}]}
RESULT: {"actions":[{"id":"action8","type":"key","parameters":{},"actions":[{"type":"keyDown","value":""},{"type":"pause","duration":10},{"type":"keyUp","value":""}]}]}
COMMAND: GET /session/302c28dd03ec619932948a5fa1f394c9/screenshot - {}
RESULT: {}
COMMAND: POST /session/302c28dd03ec619932948a5fa1f394c9/elements - {"using":"xpath","value":"//table[contains(@id, \"customPartnersTable-listUl\")]/tbody/tr"}
RESULT: {"using":"xpath","value":"//table[contains(@id, \"customPartnersTable-listUl\")]/tbody/tr"}
COMMAND: POST /session/302c28dd03ec619932948a5fa1f394c9/element - {"using":"xpath","value":"//table[contains(@id, \"customPartnersTable-listUl\")]/tbody/tr[1]/td[3]/span"}
RESULT: {"using":"xpath","value":"//table[contains(@id, \"customPartnersTable-listUl\")]/tbody/tr[1]/td[3]/span"}
COMMAND: POST /session/302c28dd03ec619932948a5fa1f394c9/elements - {"using":"xpath","value":"//table[contains(@id, \"customPartnersTable-listUl\")]/tbody/tr[1]/td[3]/span"}
RESULT: {"using":"xpath","value":"//table[contains(@id, \"customPartnersTable-listUl\")]/tbody/tr[1]/td[3]/span"}
COMMAND: POST /session/302c28dd03ec619932948a5fa1f394c9/execute/sync - {"script":"<script> [56 bytes]","args":[{"element-6066-11e4-a52e-4f735466cecf":"f.D6078088970B2F0795E5397A8DAD4E0E.d.35E3BC97F54C8F3A3BA7F96A14A1164A.e.2729","ELEMENT":"f.D6078088970B2F0795E5397A8DAD4E0E.d.35E3BC97F54C8F3A3BA7F96A14A1164A.e.2729"}]}
RESULT: {"script":"<script> [56 bytes]","args":[{"element-6066-11e4-a52e-4f735466cecf":"f.D6078088970B2F0795E5397A8DAD4E0E.d.35E3BC97F54C8F3A3BA7F96A14A1164A.e.2729","ELEMENT":"f.D6078088970B2F0795E5397A8DAD4E0E.d.35E3BC97F54C8F3A3BA7F96A14A1164A.e.2729"}]}
COMMAND: POST /session/302c28dd03ec619932948a5fa1f394c9/element - {"using":"xpath","value":"(//span[contains(@id, \"imgNav\")])[1]"}
COMMAND: GET /session/302c28dd03ec619932948a5fa1f394c9/screenshot - {}
RESULT: {"using":"xpath","value":"(//span[contains(@id, \"imgNav\")])[1]"}
COMMAND: POST /session/302c28dd03ec619932948a5fa1f394c9/element/f.D6078088970B2F0795E5397A8DAD4E0E.d.35E3BC97F54C8F3A3BA7F96A14A1164A.e.2727/click - {}
RESULT: {}
RESULT: {}
COMMAND: GET /session/302c28dd03ec619932948a5fa1f394c9/screenshot - {}
COMMAND: POST /session/302c28dd03ec619932948a5fa1f394c9/element - {"using":"xpath","value":"//bdi[contains(text(), \"Edit\")]"}
RESULT: {}
RESULT: {"using":"xpath","value":"//bdi[contains(text(), \"Edit\")]"}
COMMAND: POST /session/302c28dd03ec619932948a5fa1f394c9/element/f.D6078088970B2F0795E5397A8DAD4E0E.d.35E3BC97F54C8F3A3BA7F96A14A1164A.e.2877/click - {}
RESULT: {}
COMMAND: GET /session/302c28dd03ec619932948a5fa1f394c9/screenshot - {}
RESULT: {}
COMMAND: POST /session/302c28dd03ec619932948a5fa1f394c9/execute/async - {"script":"<script> [1562 bytes]","args":[{"selector":{"controlType":"sap.m.Input","viewName":"etm.portal.ui.managepartners.view.EditDetail","labelFor":{"text":"Name"},"interaction":{"idSuffix":"inner"}},"wdio_ui5_key":"etmportal.ui.managepartners.view.EditDetailsap.m.Input{\"text\":\"Name\"}"}]}
RESULT: {"script":"<script> [1562 bytes]","args":[{"selector":{"controlType":"sap.m.Input","viewName":"etm.portal.ui.managepartners.view.EditDetail","labelFor":{"text":"Name"},"interaction":{"idSuffix":"inner"}},"wdio_ui5_key":"etmportal.ui.managepartners.view.EditDetailsap.m.Input{\"text\":\"Name\"}"}]}
RESULT: undefined
COMMAND: POST /session/302c28dd03ec619932948a5fa1f394c9/execute/async - {"script":"<script> [776 bytes]","args":[{"enterText":"External EDIT","selector":{"controlType":"sap.m.Input","viewName":"etm.portal.ui.managepartners.view.EditDetail","labelFor":{"text":"Name"},"interaction":{"idSuffix":"inner"}},"clearTextFirst":true,"interactionType":"ENTER_TEXT"}]}
RESULT: {"script":"<script> [776 bytes]","args":[{"enterText":"External EDIT","selector":{"controlType":"sap.m.Input","viewName":"etm.portal.ui.managepartners.view.EditDetail","labelFor":{"text":"Name"},"interaction":{"idSuffix":"inner"}},"clearTextFirst":true,"interactionType":"ENTER_TEXT"}]}
COMMAND: POST /session/302c28dd03ec619932948a5fa1f394c9/element - {"using":"xpath","value":"(//span[contains(@id,\"addressDetailDetailsLanguage-arrow\")])[1]"}
RESULT: {"using":"xpath","value":"(//span[contains(@id,\"addressDetailDetailsLanguage-arrow\")])[1]"}
COMMAND: POST /session/302c28dd03ec619932948a5fa1f394c9/element/f.D6078088970B2F0795E5397A8DAD4E0E.d.35E3BC97F54C8F3A3BA7F96A14A1164A.e.2956/click - {}
RESULT: {}
COMMAND: POST /session/302c28dd03ec619932948a5fa1f394c9/element - {"using":"xpath","value":"//span[contains(text(), \"Chinese\")]"}
COMMAND: GET /session/302c28dd03ec619932948a5fa1f394c9/screenshot - {}
RESULT: {"using":"xpath","value":"//span[contains(text(), \"Chinese\")]"}
COMMAND: POST /session/302c28dd03ec619932948a5fa1f394c9/element/f.D6078088970B2F0795E5397A8DAD4E0E.d.35E3BC97F54C8F3A3BA7F96A14A1164A.e.2957/click - {}
RESULT: {}
RESULT: {}
COMMAND: GET /session/302c28dd03ec619932948a5fa1f394c9/screenshot - {}
RESULT: {}
COMMAND: POST /session/302c28dd03ec619932948a5fa1f394c9/execute/async - {"script":"<script> [1562 bytes]","args":[{"selector":{"controlType":"sap.m.Input","viewName":"etm.portal.ui.managepartners.view.EditDetail","labelFor":{"text":"City"},"interaction":{"idSuffix":"inner"}},"wdio_ui5_key":"etmportal.ui.managepartners.view.EditDetailsap.m.Input{\"text\":\"City\"}"}]}
RESULT: {"script":"<script> [1562 bytes]","args":[{"selector":{"controlType":"sap.m.Input","viewName":"etm.portal.ui.managepartners.view.EditDetail","labelFor":{"text":"City"},"interaction":{"idSuffix":"inner"}},"wdio_ui5_key":"etmportal.ui.managepartners.view.EditDetailsap.m.Input{\"text\":\"City\"}"}]}
RESULT: undefined
COMMAND: POST /session/302c28dd03ec619932948a5fa1f394c9/execute/async - {"script":"<script> [776 bytes]","args":[{"enterText":"Clooj-Napoca","selector":{"controlType":"sap.m.Input","viewName":"etm.portal.ui.managepartners.view.EditDetail","labelFor":{"text":"City"},"interaction":{"idSuffix":"inner"}},"clearTextFirst":true,"interactionType":"ENTER_TEXT"}]}
RESULT: {"script":"<script> [776 bytes]","args":[{"enterText":"Clooj-Napoca","selector":{"controlType":"sap.m.Input","viewName":"etm.portal.ui.managepartners.view.EditDetail","labelFor":{"text":"City"},"interaction":{"idSuffix":"inner"}},"clearTextFirst":true,"interactionType":"ENTER_TEXT"}]}
COMMAND: POST /session/302c28dd03ec619932948a5fa1f394c9/element - {"using":"xpath","value":"//button[@data-kt=\"saveButton\"]"}
RESULT: {"using":"xpath","value":"//button[@data-kt=\"saveButton\"]"}
COMMAND: POST /session/302c28dd03ec619932948a5fa1f394c9/element/f.D6078088970B2F0795E5397A8DAD4E0E.d.35E3BC97F54C8F3A3BA7F96A14A1164A.e.2940/click - {}
RESULT: {}
COMMAND: GET /session/302c28dd03ec619932948a5fa1f394c9/screenshot - {}
RESULT: {}
COMMAND: POST /session/302c28dd03ec619932948a5fa1f394c9/execute/async - {"script":"<script> [1562 bytes]","args":[{"selector":{"id":"application-managepartners-display-component---detailPtm--addressDetailDetailsName1"},"wdio_ui5_key":"applicationmanagepartners-display-component---detailPtm--addressDetailDetailsName1"}]}
RESULT: {"script":"<script> [1562 bytes]","args":[{"selector":{"id":"application-managepartners-display-component---detailPtm--addressDetailDetailsName1"},"wdio_ui5_key":"applicationmanagepartners-display-component---detailPtm--addressDetailDetailsName1"}]}
RESULT: undefined
COMMAND: POST /session/302c28dd03ec619932948a5fa1f394c9/execute/async - {"script":"<script> [6424 bytes]","args":[{"element-6066-11e4-a52e-4f735466cecf":"f.D6078088970B2F0795E5397A8DAD4E0E.d.35E3BC97F54C8F3A3BA7F96A14A1164A.e.2987"},"getValue",[]]}
RESULT: {"script":"<script> [6424 bytes]","args":[{"element-6066-11e4-a52e-4f735466cecf":"f.D6078088970B2F0795E5397A8DAD4E0E.d.35E3BC97F54C8F3A3BA7F96A14A1164A.e.2987"},"getValue",[]]}
COMMAND: POST /session/302c28dd03ec619932948a5fa1f394c9/element - {"using":"xpath","value":"//input[@id = \"application-managepartners-display-component---detailPtm--addressDetailDetailsLanguage-inner\"]"}
RESULT: {"using":"xpath","value":"//input[@id = \"application-managepartners-display-component---detailPtm--addressDetailDetailsLanguage-inner\"]"}
COMMAND: GET /session/302c28dd03ec619932948a5fa1f394c9/element/f.D6078088970B2F0795E5397A8DAD4E0E.d.35E3BC97F54C8F3A3BA7F96A14A1164A.e.2988/property/value - {}
RESULT: {}
COMMAND: POST /session/302c28dd03ec619932948a5fa1f394c9/execute/async - {"script":"<script> [1562 bytes]","args":[{"selector":{"id":"application-managepartners-display-component---detailPtm--addressDetailDetailsCity1"},"wdio_ui5_key":"applicationmanagepartners-display-component---detailPtm--addressDetailDetailsCity1"}]}
COMMAND: GET /session/302c28dd03ec619932948a5fa1f394c9/screenshot - {}
RESULT: {"script":"<script> [1562 bytes]","args":[{"selector":{"id":"application-managepartners-display-component---detailPtm--addressDetailDetailsCity1"},"wdio_ui5_key":"applicationmanagepartners-display-component---detailPtm--addressDetailDetailsCity1"}]}
RESULT: undefined
COMMAND: POST /session/302c28dd03ec619932948a5fa1f394c9/execute/async - {"script":"<script> [6424 bytes]","args":[{"element-6066-11e4-a52e-4f735466cecf":"f.D6078088970B2F0795E5397A8DAD4E0E.d.35E3BC97F54C8F3A3BA7F96A14A1164A.e.2989"},"getValue",[]]}
RESULT: {}
RESULT: {"script":"<script> [6424 bytes]","args":[{"element-6066-11e4-a52e-4f735466cecf":"f.D6078088970B2F0795E5397A8DAD4E0E.d.35E3BC97F54C8F3A3BA7F96A14A1164A.e.2989"},"getValue",[]]}
COMMAND: POST /session/302c28dd03ec619932948a5fa1f394c9/element - {"using":"css selector","value":"#shell-header-logo"}
RESULT: {"using":"css selector","value":"#shell-header-logo"}
COMMAND: POST /session/302c28dd03ec619932948a5fa1f394c9/element/f.D6078088970B2F0795E5397A8DAD4E0E.d.35E3BC97F54C8F3A3BA7F96A14A1164A.e.2547/click - {}
RESULT: {}
COMMAND: GET /session/302c28dd03ec619932948a5fa1f394c9/screenshot - {}
RESULT: {}
]]></system-out>
    </testcase>
    <testcase classname="chrome.135_0_7049_42.windows.Partner_specific_tests_US150819_US151080_US151654_US151176_US103444_US151078_US151079_US151109_US151174_US151175_US151189" name="Should create a new intercompany partner edit some of its fields US151078" time="235.563">
      <system-out><![CDATA[
COMMAND: POST /session/302c28dd03ec619932948a5fa1f394c9/element - {"using":"xpath","value":"//li[.//span[text()=\"Manage Partners\"]]"}
RESULT: {"using":"xpath","value":"//li[.//span[text()=\"Manage Partners\"]]"}
COMMAND: POST /session/302c28dd03ec619932948a5fa1f394c9/element - {"using":"xpath","value":"//li[.//span[text()=\"Manage Partners\"]]"}
RESULT: {"using":"xpath","value":"//li[.//span[text()=\"Manage Partners\"]]"}
COMMAND: POST /session/302c28dd03ec619932948a5fa1f394c9/element - {"using":"css selector","value":"#shell-header-logo"}
RESULT: {"using":"css selector","value":"#shell-header-logo"}
COMMAND: POST /session/302c28dd03ec619932948a5fa1f394c9/element/f.D6078088970B2F0795E5397A8DAD4E0E.d.35E3BC97F54C8F3A3BA7F96A14A1164A.e.3024/click - {}
COMMAND: POST /session/302c28dd03ec619932948a5fa1f394c9/execute/sync - {"script":"<script> [8489 bytes]","args":[{"element-6066-11e4-a52e-4f735466cecf":"f.D6078088970B2F0795E5397A8DAD4E0E.d.35E3BC97F54C8F3A3BA7F96A14A1164A.e.3024","ELEMENT":"f.D6078088970B2F0795E5397A8DAD4E0E.d.35E3BC97F54C8F3A3BA7F96A14A1164A.e.3024"}]}
RESULT: {}
COMMAND: GET /session/302c28dd03ec619932948a5fa1f394c9/screenshot - {}
RESULT: {"script":"<script> [8489 bytes]","args":[{"element-6066-11e4-a52e-4f735466cecf":"f.D6078088970B2F0795E5397A8DAD4E0E.d.35E3BC97F54C8F3A3BA7F96A14A1164A.e.3024","ELEMENT":"f.D6078088970B2F0795E5397A8DAD4E0E.d.35E3BC97F54C8F3A3BA7F96A14A1164A.e.3024"}]}
COMMAND: POST /session/302c28dd03ec619932948a5fa1f394c9/execute/sync - {"script":"<script> [5351 bytes]","args":[{"element-6066-11e4-a52e-4f735466cecf":"f.D6078088970B2F0795E5397A8DAD4E0E.d.35E3BC97F54C8F3A3BA7F96A14A1164A.e.3024","ELEMENT":"f.D6078088970B2F0795E5397A8DAD4E0E.d.35E3BC97F54C8F3A3BA7F96A14A1164A.e.3024"}]}
COMMAND: GET /session/302c28dd03ec619932948a5fa1f394c9/screenshot - {}
RESULT: {}
RESULT: {"script":"<script> [5351 bytes]","args":[{"element-6066-11e4-a52e-4f735466cecf":"f.D6078088970B2F0795E5397A8DAD4E0E.d.35E3BC97F54C8F3A3BA7F96A14A1164A.e.3024","ELEMENT":"f.D6078088970B2F0795E5397A8DAD4E0E.d.35E3BC97F54C8F3A3BA7F96A14A1164A.e.3024"}]}
COMMAND: GET /session/302c28dd03ec619932948a5fa1f394c9/screenshot - {}
RESULT: {}
RESULT: {}
COMMAND: POST /session/302c28dd03ec619932948a5fa1f394c9/refresh - {}
RESULT: {}
COMMAND: GET /session/302c28dd03ec619932948a5fa1f394c9/screenshot - {}
RESULT: {}
COMMAND: POST /session/302c28dd03ec619932948a5fa1f394c9/refresh - {}
RESULT: {}
COMMAND: GET /session/302c28dd03ec619932948a5fa1f394c9/screenshot - {}
RESULT: {}
COMMAND: POST /session/302c28dd03ec619932948a5fa1f394c9/execute/async - {"script":"<script> [189 bytes]","args":[]}
RESULT: {"script":"<script> [189 bytes]","args":[]}
COMMAND: POST /session/302c28dd03ec619932948a5fa1f394c9/execute/async - {"script":"<script> [123 bytes]","args":[]}
RESULT: {"script":"<script> [123 bytes]","args":[]}
COMMAND: POST /session/302c28dd03ec619932948a5fa1f394c9/timeouts - {"script":"<number>"}
RESULT: {"script":"<number>"}
COMMAND: GET /session/302c28dd03ec619932948a5fa1f394c9/timeouts - {}
RESULT: {}
RESULT: undefined
COMMAND: POST /session/302c28dd03ec619932948a5fa1f394c9/execute/async - {"script":"<script> [2676 bytes]","args":[]}
RESULT: {"script":"<script> [2676 bytes]","args":[]}
COMMAND: POST /session/302c28dd03ec619932948a5fa1f394c9/execute/async - {"script":"<script> [2342 bytes]","args":[{"protocol":"http","hostname":"0.0.0.0","path":"/","capabilities":{"browserName":"chrome","goog:chromeOptions":{"binary":"C:\\Program Files\\Google\\Chrome\\Application\\chrome.exe","args":["--force-device-scale-factor=0.8","--start-maximized"]}},"logLevel":"warn","connectionRetryTimeout":120000,"connectionRetryCount":3,"logLevels":{},"enableDirectConnect":true,"strictSSL":true,"_":"65 more keys: [\"cacheDir\",\"port\",\"requestedCapabilities\",\"automationProtocol\",\"baseUrl\",\"waitforInterval\",\"waitforTimeout\",\"onReload\",\"beforeCommand\",\"afterCommand\",\"rootDir\",\"specs\",\"suites\",\"exclude\",\"groupLogsByTestSpec\",\"excludeDriverLogs\",\"bail\",\"framework\",\"reporters\",\"services\",\"maxInstances\",\"maxInstancesPerCapability\",\"injectGlobals\",\"filesToWatch\",\"execArgv\",\"runnerEnv\",\"runner\",\"shard\",\"specFileRetries\",\"specFileRetriesDelay\",\"specFileRetriesDeferred\",\"reporterSyncInterval\",\"reporterSyncTimeout\",\"cucumberFeaturesWithLineNumbers\",\"autoCompileOpts\",\"mochaOpts\",\"jasmineOpts\",\"cucumberOpts\",\"onPrepare\",\"onWorkerStart\",\"onWorkerEnd\",\"before\",\"beforeSession\",\"beforeSuite\",\"beforeHook\",\"beforeTest\",\"afterTest\",\"afterHook\",\"afterSuite\",\"afterSession\",\"after\",\"onComplete\",\"beforeAssertion\",\"afterAssertion\",\"beforeFeature\",\"beforeScenario\",\"beforeStep\",\"afterStep\",\"afterScenario\",\"afterFeature\",\"_\",\"suite\",\"$0\",\"ignoredWorkerServices\",\"wdi5\"]"}]}
RESULT: {"script":"<script> [2342 bytes]","args":[{"protocol":"http","hostname":"0.0.0.0","path":"/","capabilities":{"browserName":"chrome","goog:chromeOptions":{"binary":"C:\\Program Files\\Google\\Chrome\\Application\\chrome.exe","args":["--force-device-scale-factor=0.8","--start-maximized"]}},"logLevel":"warn","connectionRetryTimeout":120000,"connectionRetryCount":3,"logLevels":{},"enableDirectConnect":true,"strictSSL":true,"_":"65 more keys: [\"cacheDir\",\"port\",\"requestedCapabilities\",\"automationProtocol\",\"baseUrl\",\"waitforInterval\",\"waitforTimeout\",\"onReload\",\"beforeCommand\",\"afterCommand\",\"rootDir\",\"specs\",\"suites\",\"exclude\",\"groupLogsByTestSpec\",\"excludeDriverLogs\",\"bail\",\"framework\",\"reporters\",\"services\",\"maxInstances\",\"maxInstancesPerCapability\",\"injectGlobals\",\"filesToWatch\",\"execArgv\",\"runnerEnv\",\"runner\",\"shard\",\"specFileRetries\",\"specFileRetriesDelay\",\"specFileRetriesDeferred\",\"reporterSyncInterval\",\"reporterSyncTimeout\",\"cucumberFeaturesWithLineNumbers\",\"autoCompileOpts\",\"mochaOpts\",\"jasmineOpts\",\"cucumberOpts\",\"onPrepare\",\"onWorkerStart\",\"onWorkerEnd\",\"before\",\"beforeSession\",\"beforeSuite\",\"beforeHook\",\"beforeTest\",\"afterTest\",\"afterHook\",\"afterSuite\",\"afterSession\",\"after\",\"onComplete\",\"beforeAssertion\",\"afterAssertion\",\"beforeFeature\",\"beforeScenario\",\"beforeStep\",\"afterStep\",\"afterScenario\",\"afterFeature\",\"_\",\"suite\",\"$0\",\"ignoredWorkerServices\",\"wdi5\"]"}]}
COMMAND: POST /session/302c28dd03ec619932948a5fa1f394c9/execute/async - {"script":"<script> [21126 bytes]","args":[35000]}
RESULT: {"script":"<script> [21126 bytes]","args":[35000]}
COMMAND: POST /session/302c28dd03ec619932948a5fa1f394c9/window/fullscreen - {}
RESULT: {}
COMMAND: POST /session/302c28dd03ec619932948a5fa1f394c9/window/fullscreen - {}
RESULT: {}
COMMAND: POST /session/302c28dd03ec619932948a5fa1f394c9/execute/async - {"script":"<script> [1562 bytes]","args":[{"selector":{"controlType":"sap.m.GenericTile","properties":{"header":"Manage Partners"}},"wdio_ui5_key":"sapm.GenericTile{\"header\":\"Manage Partners\"}"}]}
RESULT: {"script":"<script> [1562 bytes]","args":[{"selector":{"controlType":"sap.m.GenericTile","properties":{"header":"Manage Partners"}},"wdio_ui5_key":"sapm.GenericTile{\"header\":\"Manage Partners\"}"}]}
RESULT: undefined
COMMAND: POST /session/302c28dd03ec619932948a5fa1f394c9/element - {"using":"xpath","value":"//*[@id=\"__tile38\"]"}
RESULT: {"using":"xpath","value":"//*[@id=\"__tile38\"]"}
COMMAND: POST /session/302c28dd03ec619932948a5fa1f394c9/element/f.D6078088970B2F0795E5397A8DAD4E0E.d.A67A9C40E10AB6A3A7F3258BAD68C179.e.3110/click - {}
RESULT: {}
COMMAND: POST /session/302c28dd03ec619932948a5fa1f394c9/element - {"using":"xpath","value":"//button[@data-kt=\"addButton\"]"}
COMMAND: GET /session/302c28dd03ec619932948a5fa1f394c9/screenshot - {}
RESULT: {"using":"xpath","value":"//button[@data-kt=\"addButton\"]"}
COMMAND: POST /session/302c28dd03ec619932948a5fa1f394c9/elements - {"using":"xpath","value":"//button[@data-kt=\"addButton\"]"}
RESULT: {}
RESULT: {"using":"xpath","value":"//button[@data-kt=\"addButton\"]"}
COMMAND: POST /session/302c28dd03ec619932948a5fa1f394c9/elements - {"using":"xpath","value":"//button[@data-kt=\"addButton\"]"}
RESULT: {"using":"xpath","value":"//button[@data-kt=\"addButton\"]"}
COMMAND: POST /session/302c28dd03ec619932948a5fa1f394c9/elements - {"using":"xpath","value":"//button[@data-kt=\"addButton\"]"}
RESULT: {"using":"xpath","value":"//button[@data-kt=\"addButton\"]"}
COMMAND: POST /session/302c28dd03ec619932948a5fa1f394c9/elements - {"using":"xpath","value":"//button[@data-kt=\"addButton\"]"}
RESULT: {"using":"xpath","value":"//button[@data-kt=\"addButton\"]"}
COMMAND: POST /session/302c28dd03ec619932948a5fa1f394c9/elements - {"using":"xpath","value":"//button[@data-kt=\"addButton\"]"}
RESULT: {"using":"xpath","value":"//button[@data-kt=\"addButton\"]"}
COMMAND: POST /session/302c28dd03ec619932948a5fa1f394c9/elements - {"using":"xpath","value":"//button[@data-kt=\"addButton\"]"}
RESULT: {"using":"xpath","value":"//button[@data-kt=\"addButton\"]"}
COMMAND: POST /session/302c28dd03ec619932948a5fa1f394c9/elements - {"using":"xpath","value":"//button[@data-kt=\"addButton\"]"}
RESULT: {"using":"xpath","value":"//button[@data-kt=\"addButton\"]"}
COMMAND: POST /session/302c28dd03ec619932948a5fa1f394c9/elements - {"using":"xpath","value":"//button[@data-kt=\"addButton\"]"}
RESULT: {"using":"xpath","value":"//button[@data-kt=\"addButton\"]"}
COMMAND: POST /session/302c28dd03ec619932948a5fa1f394c9/elements - {"using":"xpath","value":"//button[@data-kt=\"addButton\"]"}
RESULT: {"using":"xpath","value":"//button[@data-kt=\"addButton\"]"}
COMMAND: POST /session/302c28dd03ec619932948a5fa1f394c9/elements - {"using":"xpath","value":"//button[@data-kt=\"addButton\"]"}
RESULT: {"using":"xpath","value":"//button[@data-kt=\"addButton\"]"}
COMMAND: POST /session/302c28dd03ec619932948a5fa1f394c9/elements - {"using":"xpath","value":"//button[@data-kt=\"addButton\"]"}
RESULT: {"using":"xpath","value":"//button[@data-kt=\"addButton\"]"}
COMMAND: POST /session/302c28dd03ec619932948a5fa1f394c9/elements - {"using":"xpath","value":"//button[@data-kt=\"addButton\"]"}
RESULT: {"using":"xpath","value":"//button[@data-kt=\"addButton\"]"}
COMMAND: POST /session/302c28dd03ec619932948a5fa1f394c9/elements - {"using":"xpath","value":"//button[@data-kt=\"addButton\"]"}
RESULT: {"using":"xpath","value":"//button[@data-kt=\"addButton\"]"}
COMMAND: POST /session/302c28dd03ec619932948a5fa1f394c9/elements - {"using":"xpath","value":"//button[@data-kt=\"addButton\"]"}
RESULT: {"using":"xpath","value":"//button[@data-kt=\"addButton\"]"}
COMMAND: POST /session/302c28dd03ec619932948a5fa1f394c9/elements - {"using":"xpath","value":"//button[@data-kt=\"addButton\"]"}
RESULT: {"using":"xpath","value":"//button[@data-kt=\"addButton\"]"}
COMMAND: POST /session/302c28dd03ec619932948a5fa1f394c9/elements - {"using":"xpath","value":"//button[@data-kt=\"addButton\"]"}
RESULT: {"using":"xpath","value":"//button[@data-kt=\"addButton\"]"}
COMMAND: POST /session/302c28dd03ec619932948a5fa1f394c9/elements - {"using":"xpath","value":"//button[@data-kt=\"addButton\"]"}
RESULT: {"using":"xpath","value":"//button[@data-kt=\"addButton\"]"}
COMMAND: POST /session/302c28dd03ec619932948a5fa1f394c9/elements - {"using":"xpath","value":"//button[@data-kt=\"addButton\"]"}
RESULT: {"using":"xpath","value":"//button[@data-kt=\"addButton\"]"}
COMMAND: POST /session/302c28dd03ec619932948a5fa1f394c9/elements - {"using":"xpath","value":"//button[@data-kt=\"addButton\"]"}
RESULT: {"using":"xpath","value":"//button[@data-kt=\"addButton\"]"}
COMMAND: POST /session/302c28dd03ec619932948a5fa1f394c9/elements - {"using":"xpath","value":"//button[@data-kt=\"addButton\"]"}
RESULT: {"using":"xpath","value":"//button[@data-kt=\"addButton\"]"}
COMMAND: POST /session/302c28dd03ec619932948a5fa1f394c9/elements - {"using":"xpath","value":"//button[@data-kt=\"addButton\"]"}
RESULT: {"using":"xpath","value":"//button[@data-kt=\"addButton\"]"}
COMMAND: POST /session/302c28dd03ec619932948a5fa1f394c9/elements - {"using":"xpath","value":"//button[@data-kt=\"addButton\"]"}
RESULT: {"using":"xpath","value":"//button[@data-kt=\"addButton\"]"}
COMMAND: POST /session/302c28dd03ec619932948a5fa1f394c9/elements - {"using":"xpath","value":"//button[@data-kt=\"addButton\"]"}
RESULT: {"using":"xpath","value":"//button[@data-kt=\"addButton\"]"}
COMMAND: POST /session/302c28dd03ec619932948a5fa1f394c9/elements - {"using":"xpath","value":"//button[@data-kt=\"addButton\"]"}
RESULT: {"using":"xpath","value":"//button[@data-kt=\"addButton\"]"}
COMMAND: POST /session/302c28dd03ec619932948a5fa1f394c9/elements - {"using":"xpath","value":"//button[@data-kt=\"addButton\"]"}
RESULT: {"using":"xpath","value":"//button[@data-kt=\"addButton\"]"}
COMMAND: POST /session/302c28dd03ec619932948a5fa1f394c9/elements - {"using":"xpath","value":"//button[@data-kt=\"addButton\"]"}
RESULT: {"using":"xpath","value":"//button[@data-kt=\"addButton\"]"}
COMMAND: POST /session/302c28dd03ec619932948a5fa1f394c9/elements - {"using":"xpath","value":"//button[@data-kt=\"addButton\"]"}
RESULT: {"using":"xpath","value":"//button[@data-kt=\"addButton\"]"}
COMMAND: POST /session/302c28dd03ec619932948a5fa1f394c9/elements - {"using":"xpath","value":"//button[@data-kt=\"addButton\"]"}
RESULT: {"using":"xpath","value":"//button[@data-kt=\"addButton\"]"}
COMMAND: POST /session/302c28dd03ec619932948a5fa1f394c9/elements - {"using":"xpath","value":"//button[@data-kt=\"addButton\"]"}
RESULT: {"using":"xpath","value":"//button[@data-kt=\"addButton\"]"}
COMMAND: POST /session/302c28dd03ec619932948a5fa1f394c9/elements - {"using":"xpath","value":"//button[@data-kt=\"addButton\"]"}
RESULT: {"using":"xpath","value":"//button[@data-kt=\"addButton\"]"}
COMMAND: POST /session/302c28dd03ec619932948a5fa1f394c9/elements - {"using":"xpath","value":"//button[@data-kt=\"addButton\"]"}
RESULT: {"using":"xpath","value":"//button[@data-kt=\"addButton\"]"}
COMMAND: POST /session/302c28dd03ec619932948a5fa1f394c9/elements - {"using":"xpath","value":"//button[@data-kt=\"addButton\"]"}
RESULT: {"using":"xpath","value":"//button[@data-kt=\"addButton\"]"}
COMMAND: POST /session/302c28dd03ec619932948a5fa1f394c9/elements - {"using":"xpath","value":"//button[@data-kt=\"addButton\"]"}
RESULT: {"using":"xpath","value":"//button[@data-kt=\"addButton\"]"}
COMMAND: POST /session/302c28dd03ec619932948a5fa1f394c9/elements - {"using":"xpath","value":"//button[@data-kt=\"addButton\"]"}
RESULT: {"using":"xpath","value":"//button[@data-kt=\"addButton\"]"}
COMMAND: POST /session/302c28dd03ec619932948a5fa1f394c9/elements - {"using":"xpath","value":"//button[@data-kt=\"addButton\"]"}
RESULT: {"using":"xpath","value":"//button[@data-kt=\"addButton\"]"}
COMMAND: POST /session/302c28dd03ec619932948a5fa1f394c9/elements - {"using":"xpath","value":"//button[@data-kt=\"addButton\"]"}
RESULT: {"using":"xpath","value":"//button[@data-kt=\"addButton\"]"}
COMMAND: POST /session/302c28dd03ec619932948a5fa1f394c9/elements - {"using":"xpath","value":"//button[@data-kt=\"addButton\"]"}
RESULT: {"using":"xpath","value":"//button[@data-kt=\"addButton\"]"}
COMMAND: POST /session/302c28dd03ec619932948a5fa1f394c9/elements - {"using":"xpath","value":"//button[@data-kt=\"addButton\"]"}
RESULT: {"using":"xpath","value":"//button[@data-kt=\"addButton\"]"}
COMMAND: POST /session/302c28dd03ec619932948a5fa1f394c9/elements - {"using":"xpath","value":"//button[@data-kt=\"addButton\"]"}
RESULT: {"using":"xpath","value":"//button[@data-kt=\"addButton\"]"}
COMMAND: POST /session/302c28dd03ec619932948a5fa1f394c9/elements - {"using":"xpath","value":"//button[@data-kt=\"addButton\"]"}
RESULT: {"using":"xpath","value":"//button[@data-kt=\"addButton\"]"}
COMMAND: POST /session/302c28dd03ec619932948a5fa1f394c9/elements - {"using":"xpath","value":"//button[@data-kt=\"addButton\"]"}
RESULT: {"using":"xpath","value":"//button[@data-kt=\"addButton\"]"}
COMMAND: POST /session/302c28dd03ec619932948a5fa1f394c9/elements - {"using":"xpath","value":"//button[@data-kt=\"addButton\"]"}
RESULT: {"using":"xpath","value":"//button[@data-kt=\"addButton\"]"}
COMMAND: POST /session/302c28dd03ec619932948a5fa1f394c9/elements - {"using":"xpath","value":"//button[@data-kt=\"addButton\"]"}
RESULT: {"using":"xpath","value":"//button[@data-kt=\"addButton\"]"}
COMMAND: POST /session/302c28dd03ec619932948a5fa1f394c9/elements - {"using":"xpath","value":"//button[@data-kt=\"addButton\"]"}
RESULT: {"using":"xpath","value":"//button[@data-kt=\"addButton\"]"}
COMMAND: POST /session/302c28dd03ec619932948a5fa1f394c9/elements - {"using":"xpath","value":"//button[@data-kt=\"addButton\"]"}
RESULT: {"using":"xpath","value":"//button[@data-kt=\"addButton\"]"}
COMMAND: POST /session/302c28dd03ec619932948a5fa1f394c9/element - {"using":"xpath","value":"//button[@data-kt=\"addButton\"]"}
RESULT: {"using":"xpath","value":"//button[@data-kt=\"addButton\"]"}
COMMAND: POST /session/302c28dd03ec619932948a5fa1f394c9/execute/sync - {"script":"<script> [8489 bytes]","args":[{"element-6066-11e4-a52e-4f735466cecf":"f.D6078088970B2F0795E5397A8DAD4E0E.d.A67A9C40E10AB6A3A7F3258BAD68C179.e.3254","ELEMENT":"f.D6078088970B2F0795E5397A8DAD4E0E.d.A67A9C40E10AB6A3A7F3258BAD68C179.e.3254"}]}
RESULT: {"script":"<script> [8489 bytes]","args":[{"element-6066-11e4-a52e-4f735466cecf":"f.D6078088970B2F0795E5397A8DAD4E0E.d.A67A9C40E10AB6A3A7F3258BAD68C179.e.3254","ELEMENT":"f.D6078088970B2F0795E5397A8DAD4E0E.d.A67A9C40E10AB6A3A7F3258BAD68C179.e.3254"}]}
COMMAND: GET /session/302c28dd03ec619932948a5fa1f394c9/element/f.D6078088970B2F0795E5397A8DAD4E0E.d.A67A9C40E10AB6A3A7F3258BAD68C179.e.3254/enabled - {}
COMMAND: GET /session/302c28dd03ec619932948a5fa1f394c9/screenshot - {}
RESULT: {}
COMMAND: POST /session/302c28dd03ec619932948a5fa1f394c9/execute/sync - {"script":"<script> [8489 bytes]","args":[{"element-6066-11e4-a52e-4f735466cecf":"f.D6078088970B2F0795E5397A8DAD4E0E.d.A67A9C40E10AB6A3A7F3258BAD68C179.e.3254","ELEMENT":"f.D6078088970B2F0795E5397A8DAD4E0E.d.A67A9C40E10AB6A3A7F3258BAD68C179.e.3254"}]}
COMMAND: GET /session/302c28dd03ec619932948a5fa1f394c9/screenshot - {}
RESULT: {}
RESULT: {"script":"<script> [8489 bytes]","args":[{"element-6066-11e4-a52e-4f735466cecf":"f.D6078088970B2F0795E5397A8DAD4E0E.d.A67A9C40E10AB6A3A7F3258BAD68C179.e.3254","ELEMENT":"f.D6078088970B2F0795E5397A8DAD4E0E.d.A67A9C40E10AB6A3A7F3258BAD68C179.e.3254"}]}
COMMAND: POST /session/302c28dd03ec619932948a5fa1f394c9/execute/sync - {"script":"<script> [5351 bytes]","args":[{"element-6066-11e4-a52e-4f735466cecf":"f.D6078088970B2F0795E5397A8DAD4E0E.d.A67A9C40E10AB6A3A7F3258BAD68C179.e.3254","ELEMENT":"f.D6078088970B2F0795E5397A8DAD4E0E.d.A67A9C40E10AB6A3A7F3258BAD68C179.e.3254"}]}
COMMAND: GET /session/302c28dd03ec619932948a5fa1f394c9/screenshot - {}
RESULT: {}
RESULT: {"script":"<script> [5351 bytes]","args":[{"element-6066-11e4-a52e-4f735466cecf":"f.D6078088970B2F0795E5397A8DAD4E0E.d.A67A9C40E10AB6A3A7F3258BAD68C179.e.3254","ELEMENT":"f.D6078088970B2F0795E5397A8DAD4E0E.d.A67A9C40E10AB6A3A7F3258BAD68C179.e.3254"}]}
COMMAND: POST /session/302c28dd03ec619932948a5fa1f394c9/element/f.D6078088970B2F0795E5397A8DAD4E0E.d.A67A9C40E10AB6A3A7F3258BAD68C179.e.3254/click - {}
COMMAND: GET /session/302c28dd03ec619932948a5fa1f394c9/screenshot - {}
RESULT: {}
RESULT: {}
COMMAND: GET /session/302c28dd03ec619932948a5fa1f394c9/screenshot - {}
COMMAND: POST /session/302c28dd03ec619932948a5fa1f394c9/execute/async - {"script":"<script> [1562 bytes]","args":[{"selector":{"id":"application-managepartners-display-component---NewPartner--addressDetailDetailsName1","interaction":{"idSuffix":"inner"}},"wdio_ui5_key":"applicationmanagepartners-display-component---NewPartner--addressDetailDetailsName1"}]}
RESULT: {}
RESULT: {}
RESULT: {"script":"<script> [1562 bytes]","args":[{"selector":{"id":"application-managepartners-display-component---NewPartner--addressDetailDetailsName1","interaction":{"idSuffix":"inner"}},"wdio_ui5_key":"applicationmanagepartners-display-component---NewPartner--addressDetailDetailsName1"}]}
RESULT: undefined
COMMAND: POST /session/302c28dd03ec619932948a5fa1f394c9/execute/async - {"script":"<script> [776 bytes]","args":[{"enterText":"Intercompany Partner WDIO","selector":{"id":"application-managepartners-display-component---NewPartner--addressDetailDetailsName1","interaction":{"idSuffix":"inner"}},"clearTextFirst":true,"interactionType":"ENTER_TEXT"}]}
RESULT: {"script":"<script> [776 bytes]","args":[{"enterText":"Intercompany Partner WDIO","selector":{"id":"application-managepartners-display-component---NewPartner--addressDetailDetailsName1","interaction":{"idSuffix":"inner"}},"clearTextFirst":true,"interactionType":"ENTER_TEXT"}]}
COMMAND: POST /session/302c28dd03ec619932948a5fa1f394c9/execute/async - {"script":"<script> [1562 bytes]","args":[{"selector":{"id":"application-managepartners-display-component---NewPartner--addressDetailDetailsLanguage-arrow"},"wdio_ui5_key":"applicationmanagepartners-display-component---NewPartner--addressDetailDetailsLanguage-arrow"}]}
RESULT: {"script":"<script> [1562 bytes]","args":[{"selector":{"id":"application-managepartners-display-component---NewPartner--addressDetailDetailsLanguage-arrow"},"wdio_ui5_key":"applicationmanagepartners-display-component---NewPartner--addressDetailDetailsLanguage-arrow"}]}
RESULT: undefined
COMMAND: POST /session/302c28dd03ec619932948a5fa1f394c9/element - {"using":"xpath","value":"//*[@id=\"application-managepartners-display-component---NewPartner--addressDetailDetailsLanguage-arrow\"]"}
RESULT: {"using":"xpath","value":"//*[@id=\"application-managepartners-display-component---NewPartner--addressDetailDetailsLanguage-arrow\"]"}
COMMAND: POST /session/302c28dd03ec619932948a5fa1f394c9/element/f.D6078088970B2F0795E5397A8DAD4E0E.d.A67A9C40E10AB6A3A7F3258BAD68C179.e.3842/click - {}
RESULT: {}
COMMAND: POST /session/302c28dd03ec619932948a5fa1f394c9/element - {"using":"xpath","value":"//span[contains(text(), \"English\")]"}
COMMAND: GET /session/302c28dd03ec619932948a5fa1f394c9/screenshot - {}
RESULT: {"using":"xpath","value":"//span[contains(text(), \"English\")]"}
COMMAND: POST /session/302c28dd03ec619932948a5fa1f394c9/element/f.D6078088970B2F0795E5397A8DAD4E0E.d.A67A9C40E10AB6A3A7F3258BAD68C179.e.3843/click - {}
RESULT: {}
RESULT: {}
COMMAND: GET /session/302c28dd03ec619932948a5fa1f394c9/screenshot - {}
RESULT: {}
COMMAND: POST /session/302c28dd03ec619932948a5fa1f394c9/execute/async - {"script":"<script> [1562 bytes]","args":[{"selector":{"id":"application-managepartners-display-component---NewPartner--addressDetailDetailsCity1","interaction":{"idSuffix":"inner"}},"wdio_ui5_key":"applicationmanagepartners-display-component---NewPartner--addressDetailDetailsCity1"}]}
RESULT: {"script":"<script> [1562 bytes]","args":[{"selector":{"id":"application-managepartners-display-component---NewPartner--addressDetailDetailsCity1","interaction":{"idSuffix":"inner"}},"wdio_ui5_key":"applicationmanagepartners-display-component---NewPartner--addressDetailDetailsCity1"}]}
RESULT: undefined
COMMAND: POST /session/302c28dd03ec619932948a5fa1f394c9/execute/async - {"script":"<script> [776 bytes]","args":[{"enterText":"Rosario","selector":{"id":"application-managepartners-display-component---NewPartner--addressDetailDetailsCity1","interaction":{"idSuffix":"inner"}},"clearTextFirst":true,"interactionType":"ENTER_TEXT"}]}
RESULT: {"script":"<script> [776 bytes]","args":[{"enterText":"Rosario","selector":{"id":"application-managepartners-display-component---NewPartner--addressDetailDetailsCity1","interaction":{"idSuffix":"inner"}},"clearTextFirst":true,"interactionType":"ENTER_TEXT"}]}
COMMAND: POST /session/302c28dd03ec619932948a5fa1f394c9/execute/async - {"script":"<script> [1562 bytes]","args":[{"selector":{"id":"application-managepartners-display-component---NewPartner--addressDetailDetailsCountry-arrow"},"wdio_ui5_key":"applicationmanagepartners-display-component---NewPartner--addressDetailDetailsCountry-arrow"}]}
RESULT: {"script":"<script> [1562 bytes]","args":[{"selector":{"id":"application-managepartners-display-component---NewPartner--addressDetailDetailsCountry-arrow"},"wdio_ui5_key":"applicationmanagepartners-display-component---NewPartner--addressDetailDetailsCountry-arrow"}]}
RESULT: undefined
COMMAND: POST /session/302c28dd03ec619932948a5fa1f394c9/element - {"using":"xpath","value":"//*[@id=\"application-managepartners-display-component---NewPartner--addressDetailDetailsCountry-arrow\"]"}
RESULT: {"using":"xpath","value":"//*[@id=\"application-managepartners-display-component---NewPartner--addressDetailDetailsCountry-arrow\"]"}
COMMAND: POST /session/302c28dd03ec619932948a5fa1f394c9/element/f.D6078088970B2F0795E5397A8DAD4E0E.d.A67A9C40E10AB6A3A7F3258BAD68C179.e.3845/click - {}
RESULT: {}
COMMAND: POST /session/302c28dd03ec619932948a5fa1f394c9/element - {"using":"xpath","value":"//span[contains(text(), \"Argentina\")]"}
COMMAND: GET /session/302c28dd03ec619932948a5fa1f394c9/screenshot - {}
RESULT: {"using":"xpath","value":"//span[contains(text(), \"Argentina\")]"}
COMMAND: POST /session/302c28dd03ec619932948a5fa1f394c9/element/f.D6078088970B2F0795E5397A8DAD4E0E.d.A67A9C40E10AB6A3A7F3258BAD68C179.e.3847/click - {}
RESULT: {}
RESULT: {}
COMMAND: GET /session/302c28dd03ec619932948a5fa1f394c9/screenshot - {}
RESULT: {}
COMMAND: POST /session/302c28dd03ec619932948a5fa1f394c9/element - {"using":"xpath","value":"//bdi[contains(text(), \"Commercial\")]"}
RESULT: {"using":"xpath","value":"//bdi[contains(text(), \"Commercial\")]"}
COMMAND: POST /session/302c28dd03ec619932948a5fa1f394c9/element/f.D6078088970B2F0795E5397A8DAD4E0E.d.A67A9C40E10AB6A3A7F3258BAD68C179.e.3848/click - {}
RESULT: {}
COMMAND: GET /session/302c28dd03ec619932948a5fa1f394c9/screenshot - {}
RESULT: {}
COMMAND: POST /session/302c28dd03ec619932948a5fa1f394c9/execute/async - {"script":"<script> [1562 bytes]","args":[{"selector":{"id":"application-managepartners-display-component---NewPartner--partnerDetailInternal-arrow"},"wdio_ui5_key":"applicationmanagepartners-display-component---NewPartner--partnerDetailInternal-arrow"}]}
RESULT: {"script":"<script> [1562 bytes]","args":[{"selector":{"id":"application-managepartners-display-component---NewPartner--partnerDetailInternal-arrow"},"wdio_ui5_key":"applicationmanagepartners-display-component---NewPartner--partnerDetailInternal-arrow"}]}
RESULT: undefined
COMMAND: POST /session/302c28dd03ec619932948a5fa1f394c9/element - {"using":"xpath","value":"//*[@id=\"application-managepartners-display-component---NewPartner--partnerDetailInternal-arrow\"]"}
RESULT: {"using":"xpath","value":"//*[@id=\"application-managepartners-display-component---NewPartner--partnerDetailInternal-arrow\"]"}
COMMAND: POST /session/302c28dd03ec619932948a5fa1f394c9/element/f.D6078088970B2F0795E5397A8DAD4E0E.d.A67A9C40E10AB6A3A7F3258BAD68C179.e.3856/click - {}
RESULT: {}
COMMAND: POST /session/302c28dd03ec619932948a5fa1f394c9/element - {"using":"xpath","value":"//span[contains(text(), \"Affiliated company\")]"}
COMMAND: GET /session/302c28dd03ec619932948a5fa1f394c9/screenshot - {}
RESULT: {"using":"xpath","value":"//span[contains(text(), \"Affiliated company\")]"}
COMMAND: POST /session/302c28dd03ec619932948a5fa1f394c9/element/f.D6078088970B2F0795E5397A8DAD4E0E.d.A67A9C40E10AB6A3A7F3258BAD68C179.e.3857/click - {}
RESULT: {}
RESULT: {}
COMMAND: POST /session/302c28dd03ec619932948a5fa1f394c9/execute/async - {"script":"<script> [1562 bytes]","args":[{"selector":{"id":"application-managepartners-display-component---NewPartner--partnerDetailsCurrency-arrow"},"wdio_ui5_key":"applicationmanagepartners-display-component---NewPartner--partnerDetailsCurrency-arrow"}]}
COMMAND: GET /session/302c28dd03ec619932948a5fa1f394c9/screenshot - {}
RESULT: {"script":"<script> [1562 bytes]","args":[{"selector":{"id":"application-managepartners-display-component---NewPartner--partnerDetailsCurrency-arrow"},"wdio_ui5_key":"applicationmanagepartners-display-component---NewPartner--partnerDetailsCurrency-arrow"}]}
RESULT: undefined
COMMAND: POST /session/302c28dd03ec619932948a5fa1f394c9/element - {"using":"xpath","value":"//*[@id=\"application-managepartners-display-component---NewPartner--partnerDetailsCurrency-arrow\"]"}
RESULT: {}
RESULT: {"using":"xpath","value":"//*[@id=\"application-managepartners-display-component---NewPartner--partnerDetailsCurrency-arrow\"]"}
COMMAND: POST /session/302c28dd03ec619932948a5fa1f394c9/element/f.D6078088970B2F0795E5397A8DAD4E0E.d.A67A9C40E10AB6A3A7F3258BAD68C179.e.3862/click - {}
RESULT: {}
COMMAND: POST /session/302c28dd03ec619932948a5fa1f394c9/element - {"using":"xpath","value":"//span[contains(text(), \"Euro\")]"}
COMMAND: GET /session/302c28dd03ec619932948a5fa1f394c9/screenshot - {}
RESULT: {"using":"xpath","value":"//span[contains(text(), \"Euro\")]"}
COMMAND: POST /session/302c28dd03ec619932948a5fa1f394c9/element/f.D6078088970B2F0795E5397A8DAD4E0E.d.A67A9C40E10AB6A3A7F3258BAD68C179.e.3863/click - {}
RESULT: {}
RESULT: {}
COMMAND: POST /session/302c28dd03ec619932948a5fa1f394c9/execute/async - {"script":"<script> [1562 bytes]","args":[{"selector":{"id":"application-managepartners-display-component---NewPartner--addressEditDetailsCostObjectCstType-arrow"},"wdio_ui5_key":"applicationmanagepartners-display-component---NewPartner--addressEditDetailsCostObjectCstType-arrow"}]}
COMMAND: GET /session/302c28dd03ec619932948a5fa1f394c9/screenshot - {}
RESULT: {"script":"<script> [1562 bytes]","args":[{"selector":{"id":"application-managepartners-display-component---NewPartner--addressEditDetailsCostObjectCstType-arrow"},"wdio_ui5_key":"applicationmanagepartners-display-component---NewPartner--addressEditDetailsCostObjectCstType-arrow"}]}
RESULT: undefined
COMMAND: POST /session/302c28dd03ec619932948a5fa1f394c9/element - {"using":"xpath","value":"//*[@id=\"application-managepartners-display-component---NewPartner--addressEditDetailsCostObjectCstType-arrow\"]"}
RESULT: {}
RESULT: {"using":"xpath","value":"//*[@id=\"application-managepartners-display-component---NewPartner--addressEditDetailsCostObjectCstType-arrow\"]"}
COMMAND: POST /session/302c28dd03ec619932948a5fa1f394c9/element/f.D6078088970B2F0795E5397A8DAD4E0E.d.A67A9C40E10AB6A3A7F3258BAD68C179.e.3864/click - {}
RESULT: {}
COMMAND: POST /session/302c28dd03ec619932948a5fa1f394c9/element - {"using":"xpath","value":"//span[contains(text(), \"Cost Center\")]"}
COMMAND: GET /session/302c28dd03ec619932948a5fa1f394c9/screenshot - {}
RESULT: {"using":"xpath","value":"//span[contains(text(), \"Cost Center\")]"}
COMMAND: POST /session/302c28dd03ec619932948a5fa1f394c9/element/f.D6078088970B2F0795E5397A8DAD4E0E.d.A67A9C40E10AB6A3A7F3258BAD68C179.e.3865/click - {}
RESULT: {}
RESULT: {}
COMMAND: GET /session/302c28dd03ec619932948a5fa1f394c9/screenshot - {}
RESULT: {}
COMMAND: POST /session/302c28dd03ec619932948a5fa1f394c9/element - {"using":"xpath","value":"//span[@id=\"application-managepartners-display-component---NewPartner--addressNewCostObjectCstID-vhi\"]"}
RESULT: {"using":"xpath","value":"//span[@id=\"application-managepartners-display-component---NewPartner--addressNewCostObjectCstID-vhi\"]"}
COMMAND: POST /session/302c28dd03ec619932948a5fa1f394c9/execute/sync - {"script":"<script> [8489 bytes]","args":[{"element-6066-11e4-a52e-4f735466cecf":"f.D6078088970B2F0795E5397A8DAD4E0E.d.A67A9C40E10AB6A3A7F3258BAD68C179.e.3868","ELEMENT":"f.D6078088970B2F0795E5397A8DAD4E0E.d.A67A9C40E10AB6A3A7F3258BAD68C179.e.3868"}]}
RESULT: {"script":"<script> [8489 bytes]","args":[{"element-6066-11e4-a52e-4f735466cecf":"f.D6078088970B2F0795E5397A8DAD4E0E.d.A67A9C40E10AB6A3A7F3258BAD68C179.e.3868","ELEMENT":"f.D6078088970B2F0795E5397A8DAD4E0E.d.A67A9C40E10AB6A3A7F3258BAD68C179.e.3868"}]}
COMMAND: POST /session/302c28dd03ec619932948a5fa1f394c9/execute/async - {"script":"<script> [1562 bytes]","args":[{"selector":{"id":"application-managepartners-display-component---NewPartner--addressNewCostObjectCstID-vhi"},"wdio_ui5_key":"applicationmanagepartners-display-component---NewPartner--addressNewCostObjectCstID-vhi"}]}
COMMAND: GET /session/302c28dd03ec619932948a5fa1f394c9/screenshot - {}
RESULT: {"script":"<script> [1562 bytes]","args":[{"selector":{"id":"application-managepartners-display-component---NewPartner--addressNewCostObjectCstID-vhi"},"wdio_ui5_key":"applicationmanagepartners-display-component---NewPartner--addressNewCostObjectCstID-vhi"}]}
RESULT: undefined
COMMAND: POST /session/302c28dd03ec619932948a5fa1f394c9/element - {"using":"xpath","value":"//*[@id=\"application-managepartners-display-component---NewPartner--addressNewCostObjectCstID-vhi\"]"}
RESULT: {}
RESULT: {"using":"xpath","value":"//*[@id=\"application-managepartners-display-component---NewPartner--addressNewCostObjectCstID-vhi\"]"}
COMMAND: POST /session/302c28dd03ec619932948a5fa1f394c9/element/f.D6078088970B2F0795E5397A8DAD4E0E.d.A67A9C40E10AB6A3A7F3258BAD68C179.e.3868/click - {}
RESULT: {}
COMMAND: GET /session/302c28dd03ec619932948a5fa1f394c9/screenshot - {}
RESULT: {}
COMMAND: POST /session/302c28dd03ec619932948a5fa1f394c9/execute/async - {"script":"<script> [1562 bytes]","args":[{"selector":{"controlType":"sap.m.SearchField","properties":{"placeholder":"Search"},"searchOpenDialogs":true,"interaction":{"idSuffix":"I"}},"wdio_ui5_key":"sapm.SearchField{\"placeholder\":\"Search\"}"}]}
RESULT: {"script":"<script> [1562 bytes]","args":[{"selector":{"controlType":"sap.m.SearchField","properties":{"placeholder":"Search"},"searchOpenDialogs":true,"interaction":{"idSuffix":"I"}},"wdio_ui5_key":"sapm.SearchField{\"placeholder\":\"Search\"}"}]}
RESULT: undefined
COMMAND: POST /session/302c28dd03ec619932948a5fa1f394c9/execute/async - {"script":"<script> [776 bytes]","args":[{"enterText":"10001013","selector":{"controlType":"sap.m.SearchField","properties":{"placeholder":"Search"},"searchOpenDialogs":true,"interaction":{"idSuffix":"I"}},"clearTextFirst":true,"interactionType":"ENTER_TEXT"}]}
RESULT: {"script":"<script> [776 bytes]","args":[{"enterText":"10001013","selector":{"controlType":"sap.m.SearchField","properties":{"placeholder":"Search"},"searchOpenDialogs":true,"interaction":{"idSuffix":"I"}},"clearTextFirst":true,"interactionType":"ENTER_TEXT"}]}
COMMAND: POST /session/302c28dd03ec619932948a5fa1f394c9/actions - {"actions":[{"id":"action9","type":"key","parameters":{},"actions":[{"type":"keyDown","value":""},{"type":"pause","duration":10},{"type":"keyUp","value":""}]}]}
RESULT: {"actions":[{"id":"action9","type":"key","parameters":{},"actions":[{"type":"keyDown","value":""},{"type":"pause","duration":10},{"type":"keyUp","value":""}]}]}
COMMAND: GET /session/302c28dd03ec619932948a5fa1f394c9/screenshot - {}
RESULT: {}
COMMAND: POST /session/302c28dd03ec619932948a5fa1f394c9/element - {"using":"xpath","value":"//span[contains(text(), \"General Management\")]"}
RESULT: {"using":"xpath","value":"//span[contains(text(), \"General Management\")]"}
COMMAND: POST /session/302c28dd03ec619932948a5fa1f394c9/element/f.D6078088970B2F0795E5397A8DAD4E0E.d.A67A9C40E10AB6A3A7F3258BAD68C179.e.3910/click - {}
RESULT: {}
COMMAND: GET /session/302c28dd03ec619932948a5fa1f394c9/screenshot - {}
RESULT: {}
COMMAND: POST /session/302c28dd03ec619932948a5fa1f394c9/element - {"using":"xpath","value":"//bdi[contains(text(), \"OK\")]"}
RESULT: {"using":"xpath","value":"//bdi[contains(text(), \"OK\")]"}
COMMAND: POST /session/302c28dd03ec619932948a5fa1f394c9/element/f.D6078088970B2F0795E5397A8DAD4E0E.d.A67A9C40E10AB6A3A7F3258BAD68C179.e.3911/click - {}
RESULT: {}
COMMAND: GET /session/302c28dd03ec619932948a5fa1f394c9/screenshot - {}
RESULT: {}
COMMAND: POST /session/302c28dd03ec619932948a5fa1f394c9/element - {"using":"xpath","value":"//input[@id=\"application-managepartners-display-component---NewPartner--companyCodeComboBox-inner\"]"}
RESULT: {"using":"xpath","value":"//input[@id=\"application-managepartners-display-component---NewPartner--companyCodeComboBox-inner\"]"}
COMMAND: POST /session/302c28dd03ec619932948a5fa1f394c9/element/f.D6078088970B2F0795E5397A8DAD4E0E.d.A67A9C40E10AB6A3A7F3258BAD68C179.e.3586/clear - {}
RESULT: {}
COMMAND: POST /session/302c28dd03ec619932948a5fa1f394c9/element/f.D6078088970B2F0795E5397A8DAD4E0E.d.A67A9C40E10AB6A3A7F3258BAD68C179.e.3586/value - {"text":"C002"}
COMMAND: GET /session/302c28dd03ec619932948a5fa1f394c9/screenshot - {}
RESULT: {"text":"C002"}
COMMAND: GET /session/302c28dd03ec619932948a5fa1f394c9/screenshot - {}
RESULT: {}
RESULT: {}
COMMAND: POST /session/302c28dd03ec619932948a5fa1f394c9/element - {"using":"xpath","value":"//span[contains(text(), \"C002\")]"}
RESULT: {"using":"xpath","value":"//span[contains(text(), \"C002\")]"}
COMMAND: POST /session/302c28dd03ec619932948a5fa1f394c9/element/f.D6078088970B2F0795E5397A8DAD4E0E.d.A67A9C40E10AB6A3A7F3258BAD68C179.e.3916/click - {}
RESULT: {}
COMMAND: GET /session/302c28dd03ec619932948a5fa1f394c9/screenshot - {}
RESULT: {}
COMMAND: POST /session/302c28dd03ec619932948a5fa1f394c9/execute/async - {"script":"<script> [1562 bytes]","args":[{"selector":{"id":"application-managepartners-display-component---NewPartner--btnAddTableRow-img"},"wdio_ui5_key":"applicationmanagepartners-display-component---NewPartner--btnAddTableRow-img"}]}
RESULT: {"script":"<script> [1562 bytes]","args":[{"selector":{"id":"application-managepartners-display-component---NewPartner--btnAddTableRow-img"},"wdio_ui5_key":"applicationmanagepartners-display-component---NewPartner--btnAddTableRow-img"}]}
RESULT: undefined
COMMAND: POST /session/302c28dd03ec619932948a5fa1f394c9/element - {"using":"xpath","value":"//*[@id=\"application-managepartners-display-component---NewPartner--btnAddTableRow-img\"]"}
RESULT: {"using":"xpath","value":"//*[@id=\"application-managepartners-display-component---NewPartner--btnAddTableRow-img\"]"}
COMMAND: POST /session/302c28dd03ec619932948a5fa1f394c9/element/f.D6078088970B2F0795E5397A8DAD4E0E.d.A67A9C40E10AB6A3A7F3258BAD68C179.e.3917/click - {}
RESULT: {}
COMMAND: GET /session/302c28dd03ec619932948a5fa1f394c9/screenshot - {}
RESULT: {}
COMMAND: POST /session/302c28dd03ec619932948a5fa1f394c9/element - {"using":"xpath","value":"//input[@id=\"application-managepartners-display-component---NewPartner--assignmentYard-application-managepartners-display-component---NewPartner--assignmentsTable-0-inner\"]"}
RESULT: {"using":"xpath","value":"//input[@id=\"application-managepartners-display-component---NewPartner--assignmentYard-application-managepartners-display-component---NewPartner--assignmentsTable-0-inner\"]"}
COMMAND: POST /session/302c28dd03ec619932948a5fa1f394c9/element/f.D6078088970B2F0795E5397A8DAD4E0E.d.A67A9C40E10AB6A3A7F3258BAD68C179.e.3920/clear - {}
RESULT: {}
COMMAND: POST /session/302c28dd03ec619932948a5fa1f394c9/element/f.D6078088970B2F0795E5397A8DAD4E0E.d.A67A9C40E10AB6A3A7F3258BAD68C179.e.3920/value - {"text":"306"}
COMMAND: GET /session/302c28dd03ec619932948a5fa1f394c9/screenshot - {}
RESULT: {"text":"306"}
COMMAND: GET /session/302c28dd03ec619932948a5fa1f394c9/screenshot - {}
RESULT: {}
RESULT: {}
COMMAND: POST /session/302c28dd03ec619932948a5fa1f394c9/element - {"using":"xpath","value":"//li[.//span[text()='306']]"}
RESULT: {"using":"xpath","value":"//li[.//span[text()='306']]"}
COMMAND: POST /session/302c28dd03ec619932948a5fa1f394c9/element/f.D6078088970B2F0795E5397A8DAD4E0E.d.A67A9C40E10AB6A3A7F3258BAD68C179.e.3929/click - {}
RESULT: {}
COMMAND: GET /session/302c28dd03ec619932948a5fa1f394c9/screenshot - {}
RESULT: {}
COMMAND: POST /session/302c28dd03ec619932948a5fa1f394c9/actions - {"actions":[{"id":"action10","type":"key","parameters":{},"actions":[{"type":"keyDown","value":""},{"type":"pause","duration":10},{"type":"keyUp","value":""}]}]}
RESULT: {"actions":[{"id":"action10","type":"key","parameters":{},"actions":[{"type":"keyDown","value":""},{"type":"pause","duration":10},{"type":"keyUp","value":""}]}]}
COMMAND: POST /session/302c28dd03ec619932948a5fa1f394c9/execute/async - {"script":"<script> [1562 bytes]","args":[{"selector":{"id":"application-managepartners-display-component---NewPartner--externalCustomerComboBox-application-managepartners-display-component---NewPartner--assignmentsTable-0-vhi"},"wdio_ui5_key":"applicationmanagepartners-display-component---NewPartner--externalCustomerComboBox-application-managepartners-display-component---NewPartner--assignmentsTable-0-vhi"}]}
COMMAND: GET /session/302c28dd03ec619932948a5fa1f394c9/screenshot - {}
RESULT: {"script":"<script> [1562 bytes]","args":[{"selector":{"id":"application-managepartners-display-component---NewPartner--externalCustomerComboBox-application-managepartners-display-component---NewPartner--assignmentsTable-0-vhi"},"wdio_ui5_key":"applicationmanagepartners-display-component---NewPartner--externalCustomerComboBox-application-managepartners-display-component---NewPartner--assignmentsTable-0-vhi"}]}
RESULT: undefined
COMMAND: POST /session/302c28dd03ec619932948a5fa1f394c9/element - {"using":"xpath","value":"//*[@id=\"application-managepartners-display-component---NewPartner--externalCustomerComboBox-application-managepartners-display-component---NewPartner--assignmentsTable-0-vhi\"]"}
RESULT: {}
RESULT: {"using":"xpath","value":"//*[@id=\"application-managepartners-display-component---NewPartner--externalCustomerComboBox-application-managepartners-display-component---NewPartner--assignmentsTable-0-vhi\"]"}
COMMAND: POST /session/302c28dd03ec619932948a5fa1f394c9/element/f.D6078088970B2F0795E5397A8DAD4E0E.d.A67A9C40E10AB6A3A7F3258BAD68C179.e.3933/click - {}
RESULT: {}
RESULT: undefined
COMMAND: POST /session/302c28dd03ec619932948a5fa1f394c9/execute/async - {"script":"<script> [776 bytes]","args":[{"enterText":"300003","selector":{"controlType":"sap.m.SearchField","properties":{"placeholder":"Search"},"searchOpenDialogs":true,"interaction":{"idSuffix":"I"}},"clearTextFirst":true,"interactionType":"ENTER_TEXT"}]}
COMMAND: GET /session/302c28dd03ec619932948a5fa1f394c9/screenshot - {}
RESULT: {"script":"<script> [776 bytes]","args":[{"enterText":"300003","selector":{"controlType":"sap.m.SearchField","properties":{"placeholder":"Search"},"searchOpenDialogs":true,"interaction":{"idSuffix":"I"}},"clearTextFirst":true,"interactionType":"ENTER_TEXT"}]}
COMMAND: POST /session/302c28dd03ec619932948a5fa1f394c9/actions - {"actions":[{"id":"action11","type":"key","parameters":{},"actions":[{"type":"keyDown","value":""},{"type":"pause","duration":10},{"type":"keyUp","value":""}]}]}
RESULT: {}
RESULT: {"actions":[{"id":"action11","type":"key","parameters":{},"actions":[{"type":"keyDown","value":""},{"type":"pause","duration":10},{"type":"keyUp","value":""}]}]}
COMMAND: GET /session/302c28dd03ec619932948a5fa1f394c9/screenshot - {}
RESULT: {}
COMMAND: POST /session/302c28dd03ec619932948a5fa1f394c9/element - {"using":"xpath","value":"//span[contains(text(), \"300003\")]"}
RESULT: {"using":"xpath","value":"//span[contains(text(), \"300003\")]"}
COMMAND: POST /session/302c28dd03ec619932948a5fa1f394c9/element/f.D6078088970B2F0795E5397A8DAD4E0E.d.A67A9C40E10AB6A3A7F3258BAD68C179.e.3952/click - {}
RESULT: {}
COMMAND: GET /session/302c28dd03ec619932948a5fa1f394c9/screenshot - {}
RESULT: {}
COMMAND: POST /session/302c28dd03ec619932948a5fa1f394c9/element - {"using":"xpath","value":"//bdi[contains(text(), \"OK\")]"}
RESULT: {"using":"xpath","value":"//bdi[contains(text(), \"OK\")]"}
COMMAND: POST /session/302c28dd03ec619932948a5fa1f394c9/element/f.D6078088970B2F0795E5397A8DAD4E0E.d.A67A9C40E10AB6A3A7F3258BAD68C179.e.3954/click - {}
RESULT: {}
COMMAND: GET /session/302c28dd03ec619932948a5fa1f394c9/screenshot - {}
RESULT: {}
COMMAND: POST /session/302c28dd03ec619932948a5fa1f394c9/execute/async - {"script":"<script> [1562 bytes]","args":[{"selector":{"id":"application-managepartners-display-component---NewPartner--intercompVendorComboBox-application-managepartners-display-component---NewPartner--assignmentsTable-0-vhi"},"wdio_ui5_key":"applicationmanagepartners-display-component---NewPartner--intercompVendorComboBox-application-managepartners-display-component---NewPartner--assignmentsTable-0-vhi"}]}
RESULT: {"script":"<script> [1562 bytes]","args":[{"selector":{"id":"application-managepartners-display-component---NewPartner--intercompVendorComboBox-application-managepartners-display-component---NewPartner--assignmentsTable-0-vhi"},"wdio_ui5_key":"applicationmanagepartners-display-component---NewPartner--intercompVendorComboBox-application-managepartners-display-component---NewPartner--assignmentsTable-0-vhi"}]}
RESULT: undefined
COMMAND: POST /session/302c28dd03ec619932948a5fa1f394c9/element - {"using":"xpath","value":"//*[@id=\"application-managepartners-display-component---NewPartner--intercompVendorComboBox-application-managepartners-display-component---NewPartner--assignmentsTable-0-vhi\"]"}
RESULT: {"using":"xpath","value":"//*[@id=\"application-managepartners-display-component---NewPartner--intercompVendorComboBox-application-managepartners-display-component---NewPartner--assignmentsTable-0-vhi\"]"}
COMMAND: POST /session/302c28dd03ec619932948a5fa1f394c9/element/f.D6078088970B2F0795E5397A8DAD4E0E.d.A67A9C40E10AB6A3A7F3258BAD68C179.e.3957/click - {}
RESULT: {}
RESULT: undefined
COMMAND: POST /session/302c28dd03ec619932948a5fa1f394c9/execute/async - {"script":"<script> [776 bytes]","args":[{"enterText":"100005","selector":{"controlType":"sap.m.SearchField","properties":{"placeholder":"Search"},"searchOpenDialogs":true,"interaction":{"idSuffix":"I"}},"clearTextFirst":true,"interactionType":"ENTER_TEXT"}]}
COMMAND: GET /session/302c28dd03ec619932948a5fa1f394c9/screenshot - {}
RESULT: {"script":"<script> [776 bytes]","args":[{"enterText":"100005","selector":{"controlType":"sap.m.SearchField","properties":{"placeholder":"Search"},"searchOpenDialogs":true,"interaction":{"idSuffix":"I"}},"clearTextFirst":true,"interactionType":"ENTER_TEXT"}]}
COMMAND: POST /session/302c28dd03ec619932948a5fa1f394c9/actions - {"actions":[{"id":"action12","type":"key","parameters":{},"actions":[{"type":"keyDown","value":""},{"type":"pause","duration":10},{"type":"keyUp","value":""}]}]}
RESULT: {}
RESULT: {"actions":[{"id":"action12","type":"key","parameters":{},"actions":[{"type":"keyDown","value":""},{"type":"pause","duration":10},{"type":"keyUp","value":""}]}]}
COMMAND: GET /session/302c28dd03ec619932948a5fa1f394c9/screenshot - {}
RESULT: {}
COMMAND: POST /session/302c28dd03ec619932948a5fa1f394c9/element - {"using":"xpath","value":"//span[contains(text(), \"Penguins - Field/12345 Berlin\")]"}
RESULT: {"using":"xpath","value":"//span[contains(text(), \"Penguins - Field/12345 Berlin\")]"}
COMMAND: POST /session/302c28dd03ec619932948a5fa1f394c9/element/f.D6078088970B2F0795E5397A8DAD4E0E.d.A67A9C40E10AB6A3A7F3258BAD68C179.e.3975/click - {}
RESULT: {}
COMMAND: GET /session/302c28dd03ec619932948a5fa1f394c9/screenshot - {}
RESULT: {}
COMMAND: POST /session/302c28dd03ec619932948a5fa1f394c9/element - {"using":"xpath","value":"//bdi[contains(text(), \"OK\")]"}
RESULT: {"using":"xpath","value":"//bdi[contains(text(), \"OK\")]"}
COMMAND: POST /session/302c28dd03ec619932948a5fa1f394c9/element/f.D6078088970B2F0795E5397A8DAD4E0E.d.A67A9C40E10AB6A3A7F3258BAD68C179.e.3976/click - {}
RESULT: {}
COMMAND: GET /session/302c28dd03ec619932948a5fa1f394c9/screenshot - {}
RESULT: {}
COMMAND: POST /session/302c28dd03ec619932948a5fa1f394c9/element - {"using":"xpath","value":"//button[@data-kt=\"saveButton\"]"}
RESULT: {"using":"xpath","value":"//button[@data-kt=\"saveButton\"]"}
COMMAND: POST /session/302c28dd03ec619932948a5fa1f394c9/element/f.D6078088970B2F0795E5397A8DAD4E0E.d.A67A9C40E10AB6A3A7F3258BAD68C179.e.3832/click - {}
RESULT: {}
COMMAND: GET /session/302c28dd03ec619932948a5fa1f394c9/screenshot - {}
RESULT: {}
COMMAND: POST /session/302c28dd03ec619932948a5fa1f394c9/element - {"using":"xpath","value":"//header[contains(@id, 'ObjectPageLayout-headerTitle')]/div[1]/div[2]/div[2]/span[1]"}
RESULT: {"using":"xpath","value":"//header[contains(@id, 'ObjectPageLayout-headerTitle')]/div[1]/div[2]/div[2]/span[1]"}
COMMAND: POST /session/302c28dd03ec619932948a5fa1f394c9/elements - {"using":"xpath","value":"//header[contains(@id, 'ObjectPageLayout-headerTitle')]/div[1]/div[2]/div[2]/span[1]"}
RESULT: {"using":"xpath","value":"//header[contains(@id, 'ObjectPageLayout-headerTitle')]/div[1]/div[2]/div[2]/span[1]"}
COMMAND: POST /session/302c28dd03ec619932948a5fa1f394c9/execute/sync - {"script":"<script> [56 bytes]","args":[{"element-6066-11e4-a52e-4f735466cecf":"f.D6078088970B2F0795E5397A8DAD4E0E.d.A67A9C40E10AB6A3A7F3258BAD68C179.e.4145","ELEMENT":"f.D6078088970B2F0795E5397A8DAD4E0E.d.A67A9C40E10AB6A3A7F3258BAD68C179.e.4145"}]}
RESULT: {"script":"<script> [56 bytes]","args":[{"element-6066-11e4-a52e-4f735466cecf":"f.D6078088970B2F0795E5397A8DAD4E0E.d.A67A9C40E10AB6A3A7F3258BAD68C179.e.4145","ELEMENT":"f.D6078088970B2F0795E5397A8DAD4E0E.d.A67A9C40E10AB6A3A7F3258BAD68C179.e.4145"}]}
COMMAND: POST /session/302c28dd03ec619932948a5fa1f394c9/element - {"using":"css selector","value":"#shell-header-logo"}
COMMAND: GET /session/302c28dd03ec619932948a5fa1f394c9/screenshot - {}
RESULT: {"using":"css selector","value":"#shell-header-logo"}
COMMAND: POST /session/302c28dd03ec619932948a5fa1f394c9/element/f.D6078088970B2F0795E5397A8DAD4E0E.d.A67A9C40E10AB6A3A7F3258BAD68C179.e.3218/click - {}
RESULT: {}
RESULT: {}
COMMAND: GET /session/302c28dd03ec619932948a5fa1f394c9/screenshot - {}
RESULT: {}
RESULT: undefined
COMMAND: POST /session/302c28dd03ec619932948a5fa1f394c9/element - {"using":"xpath","value":"//*[@id=\"__tile38\"]"}
RESULT: {"using":"xpath","value":"//*[@id=\"__tile38\"]"}
COMMAND: POST /session/302c28dd03ec619932948a5fa1f394c9/element/f.D6078088970B2F0795E5397A8DAD4E0E.d.A67A9C40E10AB6A3A7F3258BAD68C179.e.3110/click - {}
RESULT: {}
COMMAND: POST /session/302c28dd03ec619932948a5fa1f394c9/element - {"using":"xpath","value":"//button[@data-kt=\"addButton\"]"}
COMMAND: GET /session/302c28dd03ec619932948a5fa1f394c9/screenshot - {}
RESULT: {"using":"xpath","value":"//button[@data-kt=\"addButton\"]"}
COMMAND: POST /session/302c28dd03ec619932948a5fa1f394c9/elements - {"using":"xpath","value":"//button[@data-kt=\"addButton\"]"}
RESULT: {}
RESULT: {"using":"xpath","value":"//button[@data-kt=\"addButton\"]"}
COMMAND: POST /session/302c28dd03ec619932948a5fa1f394c9/element - {"using":"xpath","value":"//button[@data-kt=\"addButton\"]"}
RESULT: {"using":"xpath","value":"//button[@data-kt=\"addButton\"]"}
COMMAND: POST /session/302c28dd03ec619932948a5fa1f394c9/execute/sync - {"script":"<script> [8489 bytes]","args":[{"element-6066-11e4-a52e-4f735466cecf":"f.D6078088970B2F0795E5397A8DAD4E0E.d.A67A9C40E10AB6A3A7F3258BAD68C179.e.4182","ELEMENT":"f.D6078088970B2F0795E5397A8DAD4E0E.d.A67A9C40E10AB6A3A7F3258BAD68C179.e.4182"}]}
RESULT: {"script":"<script> [8489 bytes]","args":[{"element-6066-11e4-a52e-4f735466cecf":"f.D6078088970B2F0795E5397A8DAD4E0E.d.A67A9C40E10AB6A3A7F3258BAD68C179.e.4182","ELEMENT":"f.D6078088970B2F0795E5397A8DAD4E0E.d.A67A9C40E10AB6A3A7F3258BAD68C179.e.4182"}]}
COMMAND: GET /session/302c28dd03ec619932948a5fa1f394c9/element/f.D6078088970B2F0795E5397A8DAD4E0E.d.A67A9C40E10AB6A3A7F3258BAD68C179.e.4182/enabled - {}
COMMAND: GET /session/302c28dd03ec619932948a5fa1f394c9/screenshot - {}
RESULT: {}
COMMAND: POST /session/302c28dd03ec619932948a5fa1f394c9/execute/sync - {"script":"<script> [8489 bytes]","args":[{"element-6066-11e4-a52e-4f735466cecf":"f.D6078088970B2F0795E5397A8DAD4E0E.d.A67A9C40E10AB6A3A7F3258BAD68C179.e.4182","ELEMENT":"f.D6078088970B2F0795E5397A8DAD4E0E.d.A67A9C40E10AB6A3A7F3258BAD68C179.e.4182"}]}
COMMAND: GET /session/302c28dd03ec619932948a5fa1f394c9/screenshot - {}
RESULT: {}
RESULT: {"script":"<script> [8489 bytes]","args":[{"element-6066-11e4-a52e-4f735466cecf":"f.D6078088970B2F0795E5397A8DAD4E0E.d.A67A9C40E10AB6A3A7F3258BAD68C179.e.4182","ELEMENT":"f.D6078088970B2F0795E5397A8DAD4E0E.d.A67A9C40E10AB6A3A7F3258BAD68C179.e.4182"}]}
COMMAND: POST /session/302c28dd03ec619932948a5fa1f394c9/execute/sync - {"script":"<script> [5351 bytes]","args":[{"element-6066-11e4-a52e-4f735466cecf":"f.D6078088970B2F0795E5397A8DAD4E0E.d.A67A9C40E10AB6A3A7F3258BAD68C179.e.4182","ELEMENT":"f.D6078088970B2F0795E5397A8DAD4E0E.d.A67A9C40E10AB6A3A7F3258BAD68C179.e.4182"}]}
COMMAND: GET /session/302c28dd03ec619932948a5fa1f394c9/screenshot - {}
RESULT: {}
RESULT: {"script":"<script> [5351 bytes]","args":[{"element-6066-11e4-a52e-4f735466cecf":"f.D6078088970B2F0795E5397A8DAD4E0E.d.A67A9C40E10AB6A3A7F3258BAD68C179.e.4182","ELEMENT":"f.D6078088970B2F0795E5397A8DAD4E0E.d.A67A9C40E10AB6A3A7F3258BAD68C179.e.4182"}]}
COMMAND: GET /session/302c28dd03ec619932948a5fa1f394c9/screenshot - {}
RESULT: {}
RESULT: {}
COMMAND: POST /session/302c28dd03ec619932948a5fa1f394c9/execute/async - {"script":"<script> [1562 bytes]","args":[{"selector":{"id":"application-managepartners-display-component---masterPtm--smartFilterBar-btnBasicSearch","interaction":{"idSuffix":"I"}},"wdio_ui5_key":"applicationmanagepartners-display-component---masterPtm--smartFilterBar-btnBasicSearch"}]}
RESULT: {"script":"<script> [1562 bytes]","args":[{"selector":{"id":"application-managepartners-display-component---masterPtm--smartFilterBar-btnBasicSearch","interaction":{"idSuffix":"I"}},"wdio_ui5_key":"applicationmanagepartners-display-component---masterPtm--smartFilterBar-btnBasicSearch"}]}
RESULT: undefined
COMMAND: POST /session/302c28dd03ec619932948a5fa1f394c9/execute/async - {"script":"<script> [776 bytes]","args":[{"enterText":"1173","selector":{"id":"application-managepartners-display-component---masterPtm--smartFilterBar-btnBasicSearch","interaction":{"idSuffix":"I"}},"clearTextFirst":true,"interactionType":"ENTER_TEXT"}]}
RESULT: {"script":"<script> [776 bytes]","args":[{"enterText":"1173","selector":{"id":"application-managepartners-display-component---masterPtm--smartFilterBar-btnBasicSearch","interaction":{"idSuffix":"I"}},"clearTextFirst":true,"interactionType":"ENTER_TEXT"}]}
COMMAND: POST /session/302c28dd03ec619932948a5fa1f394c9/actions - {"actions":[{"id":"action13","type":"key","parameters":{},"actions":[{"type":"keyDown","value":""},{"type":"pause","duration":10},{"type":"keyUp","value":""}]}]}
RESULT: {"actions":[{"id":"action13","type":"key","parameters":{},"actions":[{"type":"keyDown","value":""},{"type":"pause","duration":10},{"type":"keyUp","value":""}]}]}
COMMAND: GET /session/302c28dd03ec619932948a5fa1f394c9/screenshot - {}
RESULT: {}
COMMAND: POST /session/302c28dd03ec619932948a5fa1f394c9/elements - {"using":"xpath","value":"//table[contains(@id, \"customPartnersTable-listUl\")]/tbody/tr"}
RESULT: {"using":"xpath","value":"//table[contains(@id, \"customPartnersTable-listUl\")]/tbody/tr"}
COMMAND: POST /session/302c28dd03ec619932948a5fa1f394c9/element - {"using":"xpath","value":"//table[contains(@id, \"customPartnersTable-listUl\")]/tbody/tr[1]/td[3]/span"}
RESULT: {"using":"xpath","value":"//table[contains(@id, \"customPartnersTable-listUl\")]/tbody/tr[1]/td[3]/span"}
COMMAND: POST /session/302c28dd03ec619932948a5fa1f394c9/elements - {"using":"xpath","value":"//table[contains(@id, \"customPartnersTable-listUl\")]/tbody/tr[1]/td[3]/span"}
RESULT: {"using":"xpath","value":"//table[contains(@id, \"customPartnersTable-listUl\")]/tbody/tr[1]/td[3]/span"}
COMMAND: POST /session/302c28dd03ec619932948a5fa1f394c9/execute/sync - {"script":"<script> [56 bytes]","args":[{"element-6066-11e4-a52e-4f735466cecf":"f.D6078088970B2F0795E5397A8DAD4E0E.d.A67A9C40E10AB6A3A7F3258BAD68C179.e.4325","ELEMENT":"f.D6078088970B2F0795E5397A8DAD4E0E.d.A67A9C40E10AB6A3A7F3258BAD68C179.e.4325"}]}
RESULT: {"script":"<script> [56 bytes]","args":[{"element-6066-11e4-a52e-4f735466cecf":"f.D6078088970B2F0795E5397A8DAD4E0E.d.A67A9C40E10AB6A3A7F3258BAD68C179.e.4325","ELEMENT":"f.D6078088970B2F0795E5397A8DAD4E0E.d.A67A9C40E10AB6A3A7F3258BAD68C179.e.4325"}]}
COMMAND: POST /session/302c28dd03ec619932948a5fa1f394c9/element - {"using":"xpath","value":"(//span[contains(@id, \"imgNav\")])[1]"}
COMMAND: GET /session/302c28dd03ec619932948a5fa1f394c9/screenshot - {}
RESULT: {"using":"xpath","value":"(//span[contains(@id, \"imgNav\")])[1]"}
COMMAND: POST /session/302c28dd03ec619932948a5fa1f394c9/element/f.D6078088970B2F0795E5397A8DAD4E0E.d.A67A9C40E10AB6A3A7F3258BAD68C179.e.4323/click - {}
RESULT: {}
RESULT: {}
COMMAND: GET /session/302c28dd03ec619932948a5fa1f394c9/screenshot - {}
RESULT: {}
COMMAND: POST /session/302c28dd03ec619932948a5fa1f394c9/element - {"using":"xpath","value":"//bdi[contains(text(), \"Edit\")]"}
RESULT: {"using":"xpath","value":"//bdi[contains(text(), \"Edit\")]"}
COMMAND: POST /session/302c28dd03ec619932948a5fa1f394c9/element/f.D6078088970B2F0795E5397A8DAD4E0E.d.A67A9C40E10AB6A3A7F3258BAD68C179.e.4466/click - {}
RESULT: {}
COMMAND: GET /session/302c28dd03ec619932948a5fa1f394c9/screenshot - {}
RESULT: {}
COMMAND: POST /session/302c28dd03ec619932948a5fa1f394c9/execute/async - {"script":"<script> [1562 bytes]","args":[{"selector":{"controlType":"sap.m.Input","viewName":"etm.portal.ui.managepartners.view.EditDetail","labelFor":{"text":"Name"},"interaction":{"idSuffix":"inner"}},"wdio_ui5_key":"etmportal.ui.managepartners.view.EditDetailsap.m.Input{\"text\":\"Name\"}"}]}
RESULT: {"script":"<script> [1562 bytes]","args":[{"selector":{"controlType":"sap.m.Input","viewName":"etm.portal.ui.managepartners.view.EditDetail","labelFor":{"text":"Name"},"interaction":{"idSuffix":"inner"}},"wdio_ui5_key":"etmportal.ui.managepartners.view.EditDetailsap.m.Input{\"text\":\"Name\"}"}]}
RESULT: undefined
COMMAND: POST /session/302c28dd03ec619932948a5fa1f394c9/execute/async - {"script":"<script> [776 bytes]","args":[{"enterText":"Intercompany EDIT","selector":{"controlType":"sap.m.Input","viewName":"etm.portal.ui.managepartners.view.EditDetail","labelFor":{"text":"Name"},"interaction":{"idSuffix":"inner"}},"clearTextFirst":true,"interactionType":"ENTER_TEXT"}]}
RESULT: {"script":"<script> [776 bytes]","args":[{"enterText":"Intercompany EDIT","selector":{"controlType":"sap.m.Input","viewName":"etm.portal.ui.managepartners.view.EditDetail","labelFor":{"text":"Name"},"interaction":{"idSuffix":"inner"}},"clearTextFirst":true,"interactionType":"ENTER_TEXT"}]}
COMMAND: POST /session/302c28dd03ec619932948a5fa1f394c9/element - {"using":"xpath","value":"(//span[contains(@id,\"addressDetailDetailsLanguage-arrow\")])[1]"}
RESULT: {"using":"xpath","value":"(//span[contains(@id,\"addressDetailDetailsLanguage-arrow\")])[1]"}
COMMAND: POST /session/302c28dd03ec619932948a5fa1f394c9/element/f.D6078088970B2F0795E5397A8DAD4E0E.d.A67A9C40E10AB6A3A7F3258BAD68C179.e.4549/click - {}
RESULT: {}
COMMAND: POST /session/302c28dd03ec619932948a5fa1f394c9/element - {"using":"xpath","value":"//span[contains(text(), \"Chinese\")]"}
COMMAND: GET /session/302c28dd03ec619932948a5fa1f394c9/screenshot - {}
RESULT: {"using":"xpath","value":"//span[contains(text(), \"Chinese\")]"}
COMMAND: POST /session/302c28dd03ec619932948a5fa1f394c9/element/f.D6078088970B2F0795E5397A8DAD4E0E.d.A67A9C40E10AB6A3A7F3258BAD68C179.e.4550/click - {}
RESULT: {}
RESULT: {}
COMMAND: GET /session/302c28dd03ec619932948a5fa1f394c9/screenshot - {}
RESULT: {}
COMMAND: POST /session/302c28dd03ec619932948a5fa1f394c9/execute/async - {"script":"<script> [1562 bytes]","args":[{"selector":{"controlType":"sap.m.Input","viewName":"etm.portal.ui.managepartners.view.EditDetail","labelFor":{"text":"City"},"interaction":{"idSuffix":"inner"}},"wdio_ui5_key":"etmportal.ui.managepartners.view.EditDetailsap.m.Input{\"text\":\"City\"}"}]}
RESULT: {"script":"<script> [1562 bytes]","args":[{"selector":{"controlType":"sap.m.Input","viewName":"etm.portal.ui.managepartners.view.EditDetail","labelFor":{"text":"City"},"interaction":{"idSuffix":"inner"}},"wdio_ui5_key":"etmportal.ui.managepartners.view.EditDetailsap.m.Input{\"text\":\"City\"}"}]}
RESULT: undefined
COMMAND: POST /session/302c28dd03ec619932948a5fa1f394c9/execute/async - {"script":"<script> [776 bytes]","args":[{"enterText":"Clooj-Napoca","selector":{"controlType":"sap.m.Input","viewName":"etm.portal.ui.managepartners.view.EditDetail","labelFor":{"text":"City"},"interaction":{"idSuffix":"inner"}},"clearTextFirst":true,"interactionType":"ENTER_TEXT"}]}
RESULT: {"script":"<script> [776 bytes]","args":[{"enterText":"Clooj-Napoca","selector":{"controlType":"sap.m.Input","viewName":"etm.portal.ui.managepartners.view.EditDetail","labelFor":{"text":"City"},"interaction":{"idSuffix":"inner"}},"clearTextFirst":true,"interactionType":"ENTER_TEXT"}]}
COMMAND: POST /session/302c28dd03ec619932948a5fa1f394c9/element - {"using":"xpath","value":"//button[@data-kt=\"saveButton\"]"}
RESULT: {"using":"xpath","value":"//button[@data-kt=\"saveButton\"]"}
COMMAND: POST /session/302c28dd03ec619932948a5fa1f394c9/element/f.D6078088970B2F0795E5397A8DAD4E0E.d.A67A9C40E10AB6A3A7F3258BAD68C179.e.4529/click - {}
RESULT: {}
COMMAND: GET /session/302c28dd03ec619932948a5fa1f394c9/screenshot - {}
RESULT: {}
COMMAND: POST /session/302c28dd03ec619932948a5fa1f394c9/execute/async - {"script":"<script> [1562 bytes]","args":[{"selector":{"id":"application-managepartners-display-component---detailPtm--addressDetailDetailsName1"},"wdio_ui5_key":"applicationmanagepartners-display-component---detailPtm--addressDetailDetailsName1"}]}
RESULT: {"script":"<script> [1562 bytes]","args":[{"selector":{"id":"application-managepartners-display-component---detailPtm--addressDetailDetailsName1"},"wdio_ui5_key":"applicationmanagepartners-display-component---detailPtm--addressDetailDetailsName1"}]}
RESULT: undefined
COMMAND: POST /session/302c28dd03ec619932948a5fa1f394c9/execute/async - {"script":"<script> [6424 bytes]","args":[{"element-6066-11e4-a52e-4f735466cecf":"f.D6078088970B2F0795E5397A8DAD4E0E.d.A67A9C40E10AB6A3A7F3258BAD68C179.e.4581"},"getValue",[]]}
RESULT: {"script":"<script> [6424 bytes]","args":[{"element-6066-11e4-a52e-4f735466cecf":"f.D6078088970B2F0795E5397A8DAD4E0E.d.A67A9C40E10AB6A3A7F3258BAD68C179.e.4581"},"getValue",[]]}
COMMAND: POST /session/302c28dd03ec619932948a5fa1f394c9/element - {"using":"xpath","value":"//input[@id = \"application-managepartners-display-component---detailPtm--addressDetailDetailsLanguage-inner\"]"}
RESULT: {"using":"xpath","value":"//input[@id = \"application-managepartners-display-component---detailPtm--addressDetailDetailsLanguage-inner\"]"}
COMMAND: GET /session/302c28dd03ec619932948a5fa1f394c9/element/f.D6078088970B2F0795E5397A8DAD4E0E.d.A67A9C40E10AB6A3A7F3258BAD68C179.e.4582/property/value - {}
RESULT: {}
COMMAND: POST /session/302c28dd03ec619932948a5fa1f394c9/execute/async - {"script":"<script> [1562 bytes]","args":[{"selector":{"id":"application-managepartners-display-component---detailPtm--addressDetailDetailsCity1"},"wdio_ui5_key":"applicationmanagepartners-display-component---detailPtm--addressDetailDetailsCity1"}]}
COMMAND: GET /session/302c28dd03ec619932948a5fa1f394c9/screenshot - {}
RESULT: {"script":"<script> [1562 bytes]","args":[{"selector":{"id":"application-managepartners-display-component---detailPtm--addressDetailDetailsCity1"},"wdio_ui5_key":"applicationmanagepartners-display-component---detailPtm--addressDetailDetailsCity1"}]}
RESULT: undefined
COMMAND: POST /session/302c28dd03ec619932948a5fa1f394c9/execute/async - {"script":"<script> [6424 bytes]","args":[{"element-6066-11e4-a52e-4f735466cecf":"f.D6078088970B2F0795E5397A8DAD4E0E.d.A67A9C40E10AB6A3A7F3258BAD68C179.e.4583"},"getValue",[]]}
RESULT: {}
RESULT: {"script":"<script> [6424 bytes]","args":[{"element-6066-11e4-a52e-4f735466cecf":"f.D6078088970B2F0795E5397A8DAD4E0E.d.A67A9C40E10AB6A3A7F3258BAD68C179.e.4583"},"getValue",[]]}
COMMAND: POST /session/302c28dd03ec619932948a5fa1f394c9/element - {"using":"css selector","value":"#shell-header-logo"}
RESULT: {"using":"css selector","value":"#shell-header-logo"}
COMMAND: POST /session/302c28dd03ec619932948a5fa1f394c9/element/f.D6078088970B2F0795E5397A8DAD4E0E.d.A67A9C40E10AB6A3A7F3258BAD68C179.e.4148/click - {}
RESULT: {}
COMMAND: GET /session/302c28dd03ec619932948a5fa1f394c9/screenshot - {}
RESULT: {}
]]></system-out>
    </testcase>
    <testcase classname="chrome.135_0_7049_42.windows.Partner_specific_tests_US150819_US151080_US151654_US151176_US103444_US151078_US151079_US151109_US151174_US151175_US151189" name="Should create a new intracompany partner edit some of its fields US151079" time="239.901">
      <system-out><![CDATA[
COMMAND: POST /session/302c28dd03ec619932948a5fa1f394c9/element - {"using":"xpath","value":"//li[.//span[text()=\"Manage Partners\"]]"}
RESULT: {"using":"xpath","value":"//li[.//span[text()=\"Manage Partners\"]]"}
COMMAND: POST /session/302c28dd03ec619932948a5fa1f394c9/element - {"using":"xpath","value":"//li[.//span[text()=\"Manage Partners\"]]"}
RESULT: {"using":"xpath","value":"//li[.//span[text()=\"Manage Partners\"]]"}
COMMAND: POST /session/302c28dd03ec619932948a5fa1f394c9/element - {"using":"css selector","value":"#shell-header-logo"}
RESULT: {"using":"css selector","value":"#shell-header-logo"}
COMMAND: POST /session/302c28dd03ec619932948a5fa1f394c9/element/f.D6078088970B2F0795E5397A8DAD4E0E.d.A67A9C40E10AB6A3A7F3258BAD68C179.e.4618/click - {}
COMMAND: POST /session/302c28dd03ec619932948a5fa1f394c9/execute/sync - {"script":"<script> [8489 bytes]","args":[{"element-6066-11e4-a52e-4f735466cecf":"f.D6078088970B2F0795E5397A8DAD4E0E.d.A67A9C40E10AB6A3A7F3258BAD68C179.e.4618","ELEMENT":"f.D6078088970B2F0795E5397A8DAD4E0E.d.A67A9C40E10AB6A3A7F3258BAD68C179.e.4618"}]}
RESULT: {}
COMMAND: GET /session/302c28dd03ec619932948a5fa1f394c9/screenshot - {}
RESULT: {"script":"<script> [8489 bytes]","args":[{"element-6066-11e4-a52e-4f735466cecf":"f.D6078088970B2F0795E5397A8DAD4E0E.d.A67A9C40E10AB6A3A7F3258BAD68C179.e.4618","ELEMENT":"f.D6078088970B2F0795E5397A8DAD4E0E.d.A67A9C40E10AB6A3A7F3258BAD68C179.e.4618"}]}
COMMAND: POST /session/302c28dd03ec619932948a5fa1f394c9/execute/sync - {"script":"<script> [5351 bytes]","args":[{"element-6066-11e4-a52e-4f735466cecf":"f.D6078088970B2F0795E5397A8DAD4E0E.d.A67A9C40E10AB6A3A7F3258BAD68C179.e.4618","ELEMENT":"f.D6078088970B2F0795E5397A8DAD4E0E.d.A67A9C40E10AB6A3A7F3258BAD68C179.e.4618"}]}
COMMAND: GET /session/302c28dd03ec619932948a5fa1f394c9/screenshot - {}
RESULT: {}
RESULT: {"script":"<script> [5351 bytes]","args":[{"element-6066-11e4-a52e-4f735466cecf":"f.D6078088970B2F0795E5397A8DAD4E0E.d.A67A9C40E10AB6A3A7F3258BAD68C179.e.4618","ELEMENT":"f.D6078088970B2F0795E5397A8DAD4E0E.d.A67A9C40E10AB6A3A7F3258BAD68C179.e.4618"}]}
COMMAND: GET /session/302c28dd03ec619932948a5fa1f394c9/screenshot - {}
RESULT: {}
RESULT: {}
COMMAND: POST /session/302c28dd03ec619932948a5fa1f394c9/refresh - {}
RESULT: {}
COMMAND: GET /session/302c28dd03ec619932948a5fa1f394c9/screenshot - {}
RESULT: {}
COMMAND: POST /session/302c28dd03ec619932948a5fa1f394c9/refresh - {}
RESULT: {}
COMMAND: GET /session/302c28dd03ec619932948a5fa1f394c9/screenshot - {}
RESULT: {}
COMMAND: POST /session/302c28dd03ec619932948a5fa1f394c9/execute/async - {"script":"<script> [189 bytes]","args":[]}
RESULT: {"script":"<script> [189 bytes]","args":[]}
COMMAND: POST /session/302c28dd03ec619932948a5fa1f394c9/execute/async - {"script":"<script> [123 bytes]","args":[]}
RESULT: {"script":"<script> [123 bytes]","args":[]}
COMMAND: POST /session/302c28dd03ec619932948a5fa1f394c9/timeouts - {"script":"<number>"}
RESULT: {"script":"<number>"}
COMMAND: GET /session/302c28dd03ec619932948a5fa1f394c9/timeouts - {}
RESULT: {}
RESULT: undefined
COMMAND: POST /session/302c28dd03ec619932948a5fa1f394c9/execute/async - {"script":"<script> [2676 bytes]","args":[]}
RESULT: {"script":"<script> [2676 bytes]","args":[]}
COMMAND: POST /session/302c28dd03ec619932948a5fa1f394c9/execute/async - {"script":"<script> [2342 bytes]","args":[{"protocol":"http","hostname":"0.0.0.0","path":"/","capabilities":{"browserName":"chrome","goog:chromeOptions":{"binary":"C:\\Program Files\\Google\\Chrome\\Application\\chrome.exe","args":["--force-device-scale-factor=0.8","--start-maximized"]}},"logLevel":"warn","connectionRetryTimeout":120000,"connectionRetryCount":3,"logLevels":{},"enableDirectConnect":true,"strictSSL":true,"_":"65 more keys: [\"cacheDir\",\"port\",\"requestedCapabilities\",\"automationProtocol\",\"baseUrl\",\"waitforInterval\",\"waitforTimeout\",\"onReload\",\"beforeCommand\",\"afterCommand\",\"rootDir\",\"specs\",\"suites\",\"exclude\",\"groupLogsByTestSpec\",\"excludeDriverLogs\",\"bail\",\"framework\",\"reporters\",\"services\",\"maxInstances\",\"maxInstancesPerCapability\",\"injectGlobals\",\"filesToWatch\",\"execArgv\",\"runnerEnv\",\"runner\",\"shard\",\"specFileRetries\",\"specFileRetriesDelay\",\"specFileRetriesDeferred\",\"reporterSyncInterval\",\"reporterSyncTimeout\",\"cucumberFeaturesWithLineNumbers\",\"autoCompileOpts\",\"mochaOpts\",\"jasmineOpts\",\"cucumberOpts\",\"onPrepare\",\"onWorkerStart\",\"onWorkerEnd\",\"before\",\"beforeSession\",\"beforeSuite\",\"beforeHook\",\"beforeTest\",\"afterTest\",\"afterHook\",\"afterSuite\",\"afterSession\",\"after\",\"onComplete\",\"beforeAssertion\",\"afterAssertion\",\"beforeFeature\",\"beforeScenario\",\"beforeStep\",\"afterStep\",\"afterScenario\",\"afterFeature\",\"_\",\"suite\",\"$0\",\"ignoredWorkerServices\",\"wdi5\"]"}]}
RESULT: {"script":"<script> [2342 bytes]","args":[{"protocol":"http","hostname":"0.0.0.0","path":"/","capabilities":{"browserName":"chrome","goog:chromeOptions":{"binary":"C:\\Program Files\\Google\\Chrome\\Application\\chrome.exe","args":["--force-device-scale-factor=0.8","--start-maximized"]}},"logLevel":"warn","connectionRetryTimeout":120000,"connectionRetryCount":3,"logLevels":{},"enableDirectConnect":true,"strictSSL":true,"_":"65 more keys: [\"cacheDir\",\"port\",\"requestedCapabilities\",\"automationProtocol\",\"baseUrl\",\"waitforInterval\",\"waitforTimeout\",\"onReload\",\"beforeCommand\",\"afterCommand\",\"rootDir\",\"specs\",\"suites\",\"exclude\",\"groupLogsByTestSpec\",\"excludeDriverLogs\",\"bail\",\"framework\",\"reporters\",\"services\",\"maxInstances\",\"maxInstancesPerCapability\",\"injectGlobals\",\"filesToWatch\",\"execArgv\",\"runnerEnv\",\"runner\",\"shard\",\"specFileRetries\",\"specFileRetriesDelay\",\"specFileRetriesDeferred\",\"reporterSyncInterval\",\"reporterSyncTimeout\",\"cucumberFeaturesWithLineNumbers\",\"autoCompileOpts\",\"mochaOpts\",\"jasmineOpts\",\"cucumberOpts\",\"onPrepare\",\"onWorkerStart\",\"onWorkerEnd\",\"before\",\"beforeSession\",\"beforeSuite\",\"beforeHook\",\"beforeTest\",\"afterTest\",\"afterHook\",\"afterSuite\",\"afterSession\",\"after\",\"onComplete\",\"beforeAssertion\",\"afterAssertion\",\"beforeFeature\",\"beforeScenario\",\"beforeStep\",\"afterStep\",\"afterScenario\",\"afterFeature\",\"_\",\"suite\",\"$0\",\"ignoredWorkerServices\",\"wdi5\"]"}]}
COMMAND: POST /session/302c28dd03ec619932948a5fa1f394c9/execute/async - {"script":"<script> [21126 bytes]","args":[35000]}
RESULT: {"script":"<script> [21126 bytes]","args":[35000]}
COMMAND: POST /session/302c28dd03ec619932948a5fa1f394c9/window/fullscreen - {}
RESULT: {}
COMMAND: POST /session/302c28dd03ec619932948a5fa1f394c9/window/fullscreen - {}
RESULT: {}
COMMAND: POST /session/302c28dd03ec619932948a5fa1f394c9/execute/async - {"script":"<script> [1562 bytes]","args":[{"selector":{"controlType":"sap.m.GenericTile","properties":{"header":"Manage Partners"}},"wdio_ui5_key":"sapm.GenericTile{\"header\":\"Manage Partners\"}"}]}
RESULT: {"script":"<script> [1562 bytes]","args":[{"selector":{"controlType":"sap.m.GenericTile","properties":{"header":"Manage Partners"}},"wdio_ui5_key":"sapm.GenericTile{\"header\":\"Manage Partners\"}"}]}
RESULT: undefined
COMMAND: POST /session/302c28dd03ec619932948a5fa1f394c9/element - {"using":"xpath","value":"//*[@id=\"__tile38\"]"}
RESULT: {"using":"xpath","value":"//*[@id=\"__tile38\"]"}
COMMAND: POST /session/302c28dd03ec619932948a5fa1f394c9/element/f.D6078088970B2F0795E5397A8DAD4E0E.d.31ED5ED0B7A4F5E0B4BA254E01829D12.e.4699/click - {}
RESULT: {}
COMMAND: POST /session/302c28dd03ec619932948a5fa1f394c9/element - {"using":"xpath","value":"//button[@data-kt=\"addButton\"]"}
COMMAND: GET /session/302c28dd03ec619932948a5fa1f394c9/screenshot - {}
RESULT: {"using":"xpath","value":"//button[@data-kt=\"addButton\"]"}
COMMAND: POST /session/302c28dd03ec619932948a5fa1f394c9/elements - {"using":"xpath","value":"//button[@data-kt=\"addButton\"]"}
RESULT: {}
RESULT: {"using":"xpath","value":"//button[@data-kt=\"addButton\"]"}
COMMAND: POST /session/302c28dd03ec619932948a5fa1f394c9/elements - {"using":"xpath","value":"//button[@data-kt=\"addButton\"]"}
RESULT: {"using":"xpath","value":"//button[@data-kt=\"addButton\"]"}
COMMAND: POST /session/302c28dd03ec619932948a5fa1f394c9/elements - {"using":"xpath","value":"//button[@data-kt=\"addButton\"]"}
RESULT: {"using":"xpath","value":"//button[@data-kt=\"addButton\"]"}
COMMAND: POST /session/302c28dd03ec619932948a5fa1f394c9/elements - {"using":"xpath","value":"//button[@data-kt=\"addButton\"]"}
RESULT: {"using":"xpath","value":"//button[@data-kt=\"addButton\"]"}
COMMAND: POST /session/302c28dd03ec619932948a5fa1f394c9/elements - {"using":"xpath","value":"//button[@data-kt=\"addButton\"]"}
RESULT: {"using":"xpath","value":"//button[@data-kt=\"addButton\"]"}
COMMAND: POST /session/302c28dd03ec619932948a5fa1f394c9/element - {"using":"xpath","value":"//button[@data-kt=\"addButton\"]"}
RESULT: {"using":"xpath","value":"//button[@data-kt=\"addButton\"]"}
COMMAND: POST /session/302c28dd03ec619932948a5fa1f394c9/execute/sync - {"script":"<script> [8489 bytes]","args":[{"element-6066-11e4-a52e-4f735466cecf":"f.D6078088970B2F0795E5397A8DAD4E0E.d.31ED5ED0B7A4F5E0B4BA254E01829D12.e.4844","ELEMENT":"f.D6078088970B2F0795E5397A8DAD4E0E.d.31ED5ED0B7A4F5E0B4BA254E01829D12.e.4844"}]}
RESULT: {"script":"<script> [8489 bytes]","args":[{"element-6066-11e4-a52e-4f735466cecf":"f.D6078088970B2F0795E5397A8DAD4E0E.d.31ED5ED0B7A4F5E0B4BA254E01829D12.e.4844","ELEMENT":"f.D6078088970B2F0795E5397A8DAD4E0E.d.31ED5ED0B7A4F5E0B4BA254E01829D12.e.4844"}]}
COMMAND: GET /session/302c28dd03ec619932948a5fa1f394c9/element/f.D6078088970B2F0795E5397A8DAD4E0E.d.31ED5ED0B7A4F5E0B4BA254E01829D12.e.4844/enabled - {}
COMMAND: GET /session/302c28dd03ec619932948a5fa1f394c9/screenshot - {}
RESULT: {}
COMMAND: POST /session/302c28dd03ec619932948a5fa1f394c9/execute/sync - {"script":"<script> [8489 bytes]","args":[{"element-6066-11e4-a52e-4f735466cecf":"f.D6078088970B2F0795E5397A8DAD4E0E.d.31ED5ED0B7A4F5E0B4BA254E01829D12.e.4844","ELEMENT":"f.D6078088970B2F0795E5397A8DAD4E0E.d.31ED5ED0B7A4F5E0B4BA254E01829D12.e.4844"}]}
COMMAND: GET /session/302c28dd03ec619932948a5fa1f394c9/screenshot - {}
RESULT: {}
RESULT: {"script":"<script> [8489 bytes]","args":[{"element-6066-11e4-a52e-4f735466cecf":"f.D6078088970B2F0795E5397A8DAD4E0E.d.31ED5ED0B7A4F5E0B4BA254E01829D12.e.4844","ELEMENT":"f.D6078088970B2F0795E5397A8DAD4E0E.d.31ED5ED0B7A4F5E0B4BA254E01829D12.e.4844"}]}
COMMAND: POST /session/302c28dd03ec619932948a5fa1f394c9/execute/sync - {"script":"<script> [5351 bytes]","args":[{"element-6066-11e4-a52e-4f735466cecf":"f.D6078088970B2F0795E5397A8DAD4E0E.d.31ED5ED0B7A4F5E0B4BA254E01829D12.e.4844","ELEMENT":"f.D6078088970B2F0795E5397A8DAD4E0E.d.31ED5ED0B7A4F5E0B4BA254E01829D12.e.4844"}]}
COMMAND: GET /session/302c28dd03ec619932948a5fa1f394c9/screenshot - {}
RESULT: {}
RESULT: {"script":"<script> [5351 bytes]","args":[{"element-6066-11e4-a52e-4f735466cecf":"f.D6078088970B2F0795E5397A8DAD4E0E.d.31ED5ED0B7A4F5E0B4BA254E01829D12.e.4844","ELEMENT":"f.D6078088970B2F0795E5397A8DAD4E0E.d.31ED5ED0B7A4F5E0B4BA254E01829D12.e.4844"}]}
COMMAND: POST /session/302c28dd03ec619932948a5fa1f394c9/element/f.D6078088970B2F0795E5397A8DAD4E0E.d.31ED5ED0B7A4F5E0B4BA254E01829D12.e.4844/click - {}
COMMAND: GET /session/302c28dd03ec619932948a5fa1f394c9/screenshot - {}
RESULT: {}
RESULT: {}
COMMAND: GET /session/302c28dd03ec619932948a5fa1f394c9/screenshot - {}
COMMAND: POST /session/302c28dd03ec619932948a5fa1f394c9/execute/async - {"script":"<script> [1562 bytes]","args":[{"selector":{"id":"application-managepartners-display-component---NewPartner--addressDetailDetailsName1","interaction":{"idSuffix":"inner"}},"wdio_ui5_key":"applicationmanagepartners-display-component---NewPartner--addressDetailDetailsName1"}]}
RESULT: {}
RESULT: {}
RESULT: {"script":"<script> [1562 bytes]","args":[{"selector":{"id":"application-managepartners-display-component---NewPartner--addressDetailDetailsName1","interaction":{"idSuffix":"inner"}},"wdio_ui5_key":"applicationmanagepartners-display-component---NewPartner--addressDetailDetailsName1"}]}
RESULT: undefined
COMMAND: POST /session/302c28dd03ec619932948a5fa1f394c9/execute/async - {"script":"<script> [776 bytes]","args":[{"enterText":"Intracompany Partner WDIO","selector":{"id":"application-managepartners-display-component---NewPartner--addressDetailDetailsName1","interaction":{"idSuffix":"inner"}},"clearTextFirst":true,"interactionType":"ENTER_TEXT"}]}
RESULT: {"script":"<script> [776 bytes]","args":[{"enterText":"Intracompany Partner WDIO","selector":{"id":"application-managepartners-display-component---NewPartner--addressDetailDetailsName1","interaction":{"idSuffix":"inner"}},"clearTextFirst":true,"interactionType":"ENTER_TEXT"}]}
COMMAND: POST /session/302c28dd03ec619932948a5fa1f394c9/execute/async - {"script":"<script> [1562 bytes]","args":[{"selector":{"id":"application-managepartners-display-component---NewPartner--addressDetailDetailsLanguage-arrow"},"wdio_ui5_key":"applicationmanagepartners-display-component---NewPartner--addressDetailDetailsLanguage-arrow"}]}
RESULT: {"script":"<script> [1562 bytes]","args":[{"selector":{"id":"application-managepartners-display-component---NewPartner--addressDetailDetailsLanguage-arrow"},"wdio_ui5_key":"applicationmanagepartners-display-component---NewPartner--addressDetailDetailsLanguage-arrow"}]}
RESULT: undefined
COMMAND: POST /session/302c28dd03ec619932948a5fa1f394c9/element - {"using":"xpath","value":"//*[@id=\"application-managepartners-display-component---NewPartner--addressDetailDetailsLanguage-arrow\"]"}
RESULT: {"using":"xpath","value":"//*[@id=\"application-managepartners-display-component---NewPartner--addressDetailDetailsLanguage-arrow\"]"}
COMMAND: POST /session/302c28dd03ec619932948a5fa1f394c9/element/f.D6078088970B2F0795E5397A8DAD4E0E.d.31ED5ED0B7A4F5E0B4BA254E01829D12.e.5418/click - {}
RESULT: {}
COMMAND: POST /session/302c28dd03ec619932948a5fa1f394c9/element - {"using":"xpath","value":"//span[contains(text(), \"English\")]"}
COMMAND: GET /session/302c28dd03ec619932948a5fa1f394c9/screenshot - {}
RESULT: {"using":"xpath","value":"//span[contains(text(), \"English\")]"}
COMMAND: POST /session/302c28dd03ec619932948a5fa1f394c9/element/f.D6078088970B2F0795E5397A8DAD4E0E.d.31ED5ED0B7A4F5E0B4BA254E01829D12.e.5419/click - {}
RESULT: {}
RESULT: {}
COMMAND: GET /session/302c28dd03ec619932948a5fa1f394c9/screenshot - {}
RESULT: {}
COMMAND: POST /session/302c28dd03ec619932948a5fa1f394c9/execute/async - {"script":"<script> [1562 bytes]","args":[{"selector":{"id":"application-managepartners-display-component---NewPartner--addressDetailDetailsCity1","interaction":{"idSuffix":"inner"}},"wdio_ui5_key":"applicationmanagepartners-display-component---NewPartner--addressDetailDetailsCity1"}]}
RESULT: {"script":"<script> [1562 bytes]","args":[{"selector":{"id":"application-managepartners-display-component---NewPartner--addressDetailDetailsCity1","interaction":{"idSuffix":"inner"}},"wdio_ui5_key":"applicationmanagepartners-display-component---NewPartner--addressDetailDetailsCity1"}]}
RESULT: undefined
COMMAND: POST /session/302c28dd03ec619932948a5fa1f394c9/execute/async - {"script":"<script> [776 bytes]","args":[{"enterText":"Rosario","selector":{"id":"application-managepartners-display-component---NewPartner--addressDetailDetailsCity1","interaction":{"idSuffix":"inner"}},"clearTextFirst":true,"interactionType":"ENTER_TEXT"}]}
RESULT: {"script":"<script> [776 bytes]","args":[{"enterText":"Rosario","selector":{"id":"application-managepartners-display-component---NewPartner--addressDetailDetailsCity1","interaction":{"idSuffix":"inner"}},"clearTextFirst":true,"interactionType":"ENTER_TEXT"}]}
COMMAND: POST /session/302c28dd03ec619932948a5fa1f394c9/execute/async - {"script":"<script> [1562 bytes]","args":[{"selector":{"id":"application-managepartners-display-component---NewPartner--addressDetailDetailsCountry-arrow"},"wdio_ui5_key":"applicationmanagepartners-display-component---NewPartner--addressDetailDetailsCountry-arrow"}]}
RESULT: {"script":"<script> [1562 bytes]","args":[{"selector":{"id":"application-managepartners-display-component---NewPartner--addressDetailDetailsCountry-arrow"},"wdio_ui5_key":"applicationmanagepartners-display-component---NewPartner--addressDetailDetailsCountry-arrow"}]}
RESULT: undefined
COMMAND: POST /session/302c28dd03ec619932948a5fa1f394c9/element - {"using":"xpath","value":"//*[@id=\"application-managepartners-display-component---NewPartner--addressDetailDetailsCountry-arrow\"]"}
RESULT: {"using":"xpath","value":"//*[@id=\"application-managepartners-display-component---NewPartner--addressDetailDetailsCountry-arrow\"]"}
COMMAND: POST /session/302c28dd03ec619932948a5fa1f394c9/element/f.D6078088970B2F0795E5397A8DAD4E0E.d.31ED5ED0B7A4F5E0B4BA254E01829D12.e.5421/click - {}
RESULT: {}
COMMAND: POST /session/302c28dd03ec619932948a5fa1f394c9/element - {"using":"xpath","value":"//span[contains(text(), \"Argentina\")]"}
COMMAND: GET /session/302c28dd03ec619932948a5fa1f394c9/screenshot - {}
RESULT: {"using":"xpath","value":"//span[contains(text(), \"Argentina\")]"}
COMMAND: POST /session/302c28dd03ec619932948a5fa1f394c9/element/f.D6078088970B2F0795E5397A8DAD4E0E.d.31ED5ED0B7A4F5E0B4BA254E01829D12.e.5423/click - {}
RESULT: {}
RESULT: {}
COMMAND: GET /session/302c28dd03ec619932948a5fa1f394c9/screenshot - {}
RESULT: {}
COMMAND: POST /session/302c28dd03ec619932948a5fa1f394c9/element - {"using":"xpath","value":"//bdi[contains(text(), \"Commercial\")]"}
RESULT: {"using":"xpath","value":"//bdi[contains(text(), \"Commercial\")]"}
COMMAND: POST /session/302c28dd03ec619932948a5fa1f394c9/element/f.D6078088970B2F0795E5397A8DAD4E0E.d.31ED5ED0B7A4F5E0B4BA254E01829D12.e.5424/click - {}
RESULT: {}
COMMAND: GET /session/302c28dd03ec619932948a5fa1f394c9/screenshot - {}
RESULT: {}
COMMAND: POST /session/302c28dd03ec619932948a5fa1f394c9/execute/async - {"script":"<script> [1562 bytes]","args":[{"selector":{"id":"application-managepartners-display-component---NewPartner--partnerDetailInternal-arrow"},"wdio_ui5_key":"applicationmanagepartners-display-component---NewPartner--partnerDetailInternal-arrow"}]}
RESULT: {"script":"<script> [1562 bytes]","args":[{"selector":{"id":"application-managepartners-display-component---NewPartner--partnerDetailInternal-arrow"},"wdio_ui5_key":"applicationmanagepartners-display-component---NewPartner--partnerDetailInternal-arrow"}]}
RESULT: undefined
COMMAND: POST /session/302c28dd03ec619932948a5fa1f394c9/element - {"using":"xpath","value":"//*[@id=\"application-managepartners-display-component---NewPartner--partnerDetailInternal-arrow\"]"}
RESULT: {"using":"xpath","value":"//*[@id=\"application-managepartners-display-component---NewPartner--partnerDetailInternal-arrow\"]"}
COMMAND: POST /session/302c28dd03ec619932948a5fa1f394c9/element/f.D6078088970B2F0795E5397A8DAD4E0E.d.31ED5ED0B7A4F5E0B4BA254E01829D12.e.5430/click - {}
RESULT: {}
COMMAND: POST /session/302c28dd03ec619932948a5fa1f394c9/element - {"using":"xpath","value":"//span[contains(text(), \"Affiliated company\")]"}
COMMAND: GET /session/302c28dd03ec619932948a5fa1f394c9/screenshot - {}
RESULT: {"using":"xpath","value":"//span[contains(text(), \"Affiliated company\")]"}
COMMAND: POST /session/302c28dd03ec619932948a5fa1f394c9/element/f.D6078088970B2F0795E5397A8DAD4E0E.d.31ED5ED0B7A4F5E0B4BA254E01829D12.e.5433/click - {}
RESULT: {}
RESULT: {}
COMMAND: POST /session/302c28dd03ec619932948a5fa1f394c9/execute/async - {"script":"<script> [1562 bytes]","args":[{"selector":{"id":"application-managepartners-display-component---NewPartner--partnerDetailsCurrency-arrow"},"wdio_ui5_key":"applicationmanagepartners-display-component---NewPartner--partnerDetailsCurrency-arrow"}]}
COMMAND: GET /session/302c28dd03ec619932948a5fa1f394c9/screenshot - {}
RESULT: {"script":"<script> [1562 bytes]","args":[{"selector":{"id":"application-managepartners-display-component---NewPartner--partnerDetailsCurrency-arrow"},"wdio_ui5_key":"applicationmanagepartners-display-component---NewPartner--partnerDetailsCurrency-arrow"}]}
RESULT: undefined
COMMAND: POST /session/302c28dd03ec619932948a5fa1f394c9/element - {"using":"xpath","value":"//*[@id=\"application-managepartners-display-component---NewPartner--partnerDetailsCurrency-arrow\"]"}
RESULT: {}
RESULT: {"using":"xpath","value":"//*[@id=\"application-managepartners-display-component---NewPartner--partnerDetailsCurrency-arrow\"]"}
COMMAND: POST /session/302c28dd03ec619932948a5fa1f394c9/element/f.D6078088970B2F0795E5397A8DAD4E0E.d.31ED5ED0B7A4F5E0B4BA254E01829D12.e.5438/click - {}
RESULT: {}
COMMAND: POST /session/302c28dd03ec619932948a5fa1f394c9/element - {"using":"xpath","value":"//span[contains(text(), \"Euro\")]"}
COMMAND: GET /session/302c28dd03ec619932948a5fa1f394c9/screenshot - {}
RESULT: {"using":"xpath","value":"//span[contains(text(), \"Euro\")]"}
COMMAND: POST /session/302c28dd03ec619932948a5fa1f394c9/element/f.D6078088970B2F0795E5397A8DAD4E0E.d.31ED5ED0B7A4F5E0B4BA254E01829D12.e.5439/click - {}
RESULT: {}
RESULT: {}
COMMAND: POST /session/302c28dd03ec619932948a5fa1f394c9/execute/async - {"script":"<script> [1562 bytes]","args":[{"selector":{"id":"application-managepartners-display-component---NewPartner--addressEditDetailsCostObjectCstType-arrow"},"wdio_ui5_key":"applicationmanagepartners-display-component---NewPartner--addressEditDetailsCostObjectCstType-arrow"}]}
COMMAND: GET /session/302c28dd03ec619932948a5fa1f394c9/screenshot - {}
RESULT: {}
RESULT: {"script":"<script> [1562 bytes]","args":[{"selector":{"id":"application-managepartners-display-component---NewPartner--addressEditDetailsCostObjectCstType-arrow"},"wdio_ui5_key":"applicationmanagepartners-display-component---NewPartner--addressEditDetailsCostObjectCstType-arrow"}]}
RESULT: undefined
COMMAND: POST /session/302c28dd03ec619932948a5fa1f394c9/element - {"using":"xpath","value":"//*[@id=\"application-managepartners-display-component---NewPartner--addressEditDetailsCostObjectCstType-arrow\"]"}
RESULT: {"using":"xpath","value":"//*[@id=\"application-managepartners-display-component---NewPartner--addressEditDetailsCostObjectCstType-arrow\"]"}
COMMAND: POST /session/302c28dd03ec619932948a5fa1f394c9/element/f.D6078088970B2F0795E5397A8DAD4E0E.d.31ED5ED0B7A4F5E0B4BA254E01829D12.e.5440/click - {}
RESULT: {}
COMMAND: POST /session/302c28dd03ec619932948a5fa1f394c9/element - {"using":"xpath","value":"//span[contains(text(), \"Cost Center\")]"}
COMMAND: GET /session/302c28dd03ec619932948a5fa1f394c9/screenshot - {}
RESULT: {"using":"xpath","value":"//span[contains(text(), \"Cost Center\")]"}
COMMAND: POST /session/302c28dd03ec619932948a5fa1f394c9/element/f.D6078088970B2F0795E5397A8DAD4E0E.d.31ED5ED0B7A4F5E0B4BA254E01829D12.e.5441/click - {}
RESULT: {}
RESULT: {}
COMMAND: GET /session/302c28dd03ec619932948a5fa1f394c9/screenshot - {}
RESULT: {}
COMMAND: POST /session/302c28dd03ec619932948a5fa1f394c9/element - {"using":"xpath","value":"//span[@id=\"application-managepartners-display-component---NewPartner--addressNewCostObjectCstID-vhi\"]"}
RESULT: {"using":"xpath","value":"//span[@id=\"application-managepartners-display-component---NewPartner--addressNewCostObjectCstID-vhi\"]"}
COMMAND: POST /session/302c28dd03ec619932948a5fa1f394c9/execute/sync - {"script":"<script> [8489 bytes]","args":[{"element-6066-11e4-a52e-4f735466cecf":"f.D6078088970B2F0795E5397A8DAD4E0E.d.31ED5ED0B7A4F5E0B4BA254E01829D12.e.5444","ELEMENT":"f.D6078088970B2F0795E5397A8DAD4E0E.d.31ED5ED0B7A4F5E0B4BA254E01829D12.e.5444"}]}
RESULT: {"script":"<script> [8489 bytes]","args":[{"element-6066-11e4-a52e-4f735466cecf":"f.D6078088970B2F0795E5397A8DAD4E0E.d.31ED5ED0B7A4F5E0B4BA254E01829D12.e.5444","ELEMENT":"f.D6078088970B2F0795E5397A8DAD4E0E.d.31ED5ED0B7A4F5E0B4BA254E01829D12.e.5444"}]}
COMMAND: POST /session/302c28dd03ec619932948a5fa1f394c9/execute/async - {"script":"<script> [1562 bytes]","args":[{"selector":{"id":"application-managepartners-display-component---NewPartner--addressNewCostObjectCstID-vhi"},"wdio_ui5_key":"applicationmanagepartners-display-component---NewPartner--addressNewCostObjectCstID-vhi"}]}
COMMAND: GET /session/302c28dd03ec619932948a5fa1f394c9/screenshot - {}
RESULT: {"script":"<script> [1562 bytes]","args":[{"selector":{"id":"application-managepartners-display-component---NewPartner--addressNewCostObjectCstID-vhi"},"wdio_ui5_key":"applicationmanagepartners-display-component---NewPartner--addressNewCostObjectCstID-vhi"}]}
RESULT: undefined
COMMAND: POST /session/302c28dd03ec619932948a5fa1f394c9/element - {"using":"xpath","value":"//*[@id=\"application-managepartners-display-component---NewPartner--addressNewCostObjectCstID-vhi\"]"}
RESULT: {}
RESULT: {"using":"xpath","value":"//*[@id=\"application-managepartners-display-component---NewPartner--addressNewCostObjectCstID-vhi\"]"}
COMMAND: POST /session/302c28dd03ec619932948a5fa1f394c9/element/f.D6078088970B2F0795E5397A8DAD4E0E.d.31ED5ED0B7A4F5E0B4BA254E01829D12.e.5444/click - {}
RESULT: {}
COMMAND: GET /session/302c28dd03ec619932948a5fa1f394c9/screenshot - {}
RESULT: {}
COMMAND: POST /session/302c28dd03ec619932948a5fa1f394c9/execute/async - {"script":"<script> [1562 bytes]","args":[{"selector":{"controlType":"sap.m.SearchField","properties":{"placeholder":"Search"},"searchOpenDialogs":true,"interaction":{"idSuffix":"I"}},"wdio_ui5_key":"sapm.SearchField{\"placeholder\":\"Search\"}"}]}
RESULT: {"script":"<script> [1562 bytes]","args":[{"selector":{"controlType":"sap.m.SearchField","properties":{"placeholder":"Search"},"searchOpenDialogs":true,"interaction":{"idSuffix":"I"}},"wdio_ui5_key":"sapm.SearchField{\"placeholder\":\"Search\"}"}]}
RESULT: undefined
COMMAND: POST /session/302c28dd03ec619932948a5fa1f394c9/execute/async - {"script":"<script> [776 bytes]","args":[{"enterText":"10001013","selector":{"controlType":"sap.m.SearchField","properties":{"placeholder":"Search"},"searchOpenDialogs":true,"interaction":{"idSuffix":"I"}},"clearTextFirst":true,"interactionType":"ENTER_TEXT"}]}
RESULT: {"script":"<script> [776 bytes]","args":[{"enterText":"10001013","selector":{"controlType":"sap.m.SearchField","properties":{"placeholder":"Search"},"searchOpenDialogs":true,"interaction":{"idSuffix":"I"}},"clearTextFirst":true,"interactionType":"ENTER_TEXT"}]}
COMMAND: POST /session/302c28dd03ec619932948a5fa1f394c9/actions - {"actions":[{"id":"action14","type":"key","parameters":{},"actions":[{"type":"keyDown","value":""},{"type":"pause","duration":10},{"type":"keyUp","value":""}]}]}
RESULT: {"actions":[{"id":"action14","type":"key","parameters":{},"actions":[{"type":"keyDown","value":""},{"type":"pause","duration":10},{"type":"keyUp","value":""}]}]}
COMMAND: GET /session/302c28dd03ec619932948a5fa1f394c9/screenshot - {}
RESULT: {}
COMMAND: POST /session/302c28dd03ec619932948a5fa1f394c9/element - {"using":"xpath","value":"//span[contains(text(), \"General Management\")]"}
RESULT: {"using":"xpath","value":"//span[contains(text(), \"General Management\")]"}
COMMAND: POST /session/302c28dd03ec619932948a5fa1f394c9/element/f.D6078088970B2F0795E5397A8DAD4E0E.d.31ED5ED0B7A4F5E0B4BA254E01829D12.e.5486/click - {}
RESULT: {}
COMMAND: GET /session/302c28dd03ec619932948a5fa1f394c9/screenshot - {}
RESULT: {}
COMMAND: POST /session/302c28dd03ec619932948a5fa1f394c9/element - {"using":"xpath","value":"//bdi[contains(text(), \"OK\")]"}
RESULT: {"using":"xpath","value":"//bdi[contains(text(), \"OK\")]"}
COMMAND: POST /session/302c28dd03ec619932948a5fa1f394c9/element/f.D6078088970B2F0795E5397A8DAD4E0E.d.31ED5ED0B7A4F5E0B4BA254E01829D12.e.5487/click - {}
RESULT: {}
COMMAND: GET /session/302c28dd03ec619932948a5fa1f394c9/screenshot - {}
RESULT: {}
COMMAND: POST /session/302c28dd03ec619932948a5fa1f394c9/element - {"using":"xpath","value":"//input[@id=\"application-managepartners-display-component---NewPartner--companyCodeComboBox-inner\"]"}
RESULT: {"using":"xpath","value":"//input[@id=\"application-managepartners-display-component---NewPartner--companyCodeComboBox-inner\"]"}
COMMAND: POST /session/302c28dd03ec619932948a5fa1f394c9/element/f.D6078088970B2F0795E5397A8DAD4E0E.d.31ED5ED0B7A4F5E0B4BA254E01829D12.e.5273/clear - {}
RESULT: {}
COMMAND: POST /session/302c28dd03ec619932948a5fa1f394c9/element/f.D6078088970B2F0795E5397A8DAD4E0E.d.31ED5ED0B7A4F5E0B4BA254E01829D12.e.5273/value - {"text":"1000"}
COMMAND: GET /session/302c28dd03ec619932948a5fa1f394c9/screenshot - {}
RESULT: {"text":"1000"}
COMMAND: GET /session/302c28dd03ec619932948a5fa1f394c9/screenshot - {}
RESULT: {}
RESULT: {}
COMMAND: POST /session/302c28dd03ec619932948a5fa1f394c9/element - {"using":"xpath","value":"//span[contains(text(), \"1000\")]"}
RESULT: {"using":"xpath","value":"//span[contains(text(), \"1000\")]"}
COMMAND: POST /session/302c28dd03ec619932948a5fa1f394c9/element/f.D6078088970B2F0795E5397A8DAD4E0E.d.31ED5ED0B7A4F5E0B4BA254E01829D12.e.5492/click - {}
RESULT: {}
COMMAND: GET /session/302c28dd03ec619932948a5fa1f394c9/screenshot - {}
RESULT: {}
COMMAND: POST /session/302c28dd03ec619932948a5fa1f394c9/execute/async - {"script":"<script> [1562 bytes]","args":[{"selector":{"id":"application-managepartners-display-component---NewPartner--btnAddTableRow-img"},"wdio_ui5_key":"applicationmanagepartners-display-component---NewPartner--btnAddTableRow-img"}]}
RESULT: {"script":"<script> [1562 bytes]","args":[{"selector":{"id":"application-managepartners-display-component---NewPartner--btnAddTableRow-img"},"wdio_ui5_key":"applicationmanagepartners-display-component---NewPartner--btnAddTableRow-img"}]}
RESULT: undefined
COMMAND: POST /session/302c28dd03ec619932948a5fa1f394c9/element - {"using":"xpath","value":"//*[@id=\"application-managepartners-display-component---NewPartner--btnAddTableRow-img\"]"}
RESULT: {"using":"xpath","value":"//*[@id=\"application-managepartners-display-component---NewPartner--btnAddTableRow-img\"]"}
COMMAND: POST /session/302c28dd03ec619932948a5fa1f394c9/element/f.D6078088970B2F0795E5397A8DAD4E0E.d.31ED5ED0B7A4F5E0B4BA254E01829D12.e.5493/click - {}
RESULT: {}
COMMAND: GET /session/302c28dd03ec619932948a5fa1f394c9/screenshot - {}
COMMAND: POST /session/302c28dd03ec619932948a5fa1f394c9/element - {"using":"xpath","value":"//input[@id=\"application-managepartners-display-component---NewPartner--assignmentYard-application-managepartners-display-component---NewPartner--assignmentsTable-0-inner\"]"}
RESULT: {}
RESULT: {"using":"xpath","value":"//input[@id=\"application-managepartners-display-component---NewPartner--assignmentYard-application-managepartners-display-component---NewPartner--assignmentsTable-0-inner\"]"}
COMMAND: POST /session/302c28dd03ec619932948a5fa1f394c9/element/f.D6078088970B2F0795E5397A8DAD4E0E.d.31ED5ED0B7A4F5E0B4BA254E01829D12.e.5496/clear - {}
RESULT: {}
COMMAND: POST /session/302c28dd03ec619932948a5fa1f394c9/element/f.D6078088970B2F0795E5397A8DAD4E0E.d.31ED5ED0B7A4F5E0B4BA254E01829D12.e.5496/value - {"text":"306"}
COMMAND: GET /session/302c28dd03ec619932948a5fa1f394c9/screenshot - {}
RESULT: {"text":"306"}
COMMAND: GET /session/302c28dd03ec619932948a5fa1f394c9/screenshot - {}
RESULT: {}
RESULT: {}
COMMAND: POST /session/302c28dd03ec619932948a5fa1f394c9/element - {"using":"xpath","value":"//li[.//span[text()='306']]"}
RESULT: {"using":"xpath","value":"//li[.//span[text()='306']]"}
COMMAND: POST /session/302c28dd03ec619932948a5fa1f394c9/element/f.D6078088970B2F0795E5397A8DAD4E0E.d.31ED5ED0B7A4F5E0B4BA254E01829D12.e.5505/click - {}
RESULT: {}
COMMAND: GET /session/302c28dd03ec619932948a5fa1f394c9/screenshot - {}
RESULT: {}
COMMAND: POST /session/302c28dd03ec619932948a5fa1f394c9/actions - {"actions":[{"id":"action15","type":"key","parameters":{},"actions":[{"type":"keyDown","value":""},{"type":"pause","duration":10},{"type":"keyUp","value":""}]}]}
RESULT: {"actions":[{"id":"action15","type":"key","parameters":{},"actions":[{"type":"keyDown","value":""},{"type":"pause","duration":10},{"type":"keyUp","value":""}]}]}
COMMAND: POST /session/302c28dd03ec619932948a5fa1f394c9/execute/async - {"script":"<script> [1562 bytes]","args":[{"selector":{"id":"application-managepartners-display-component---NewPartner--externalCustomerComboBox-application-managepartners-display-component---NewPartner--assignmentsTable-0-vhi"},"wdio_ui5_key":"applicationmanagepartners-display-component---NewPartner--externalCustomerComboBox-application-managepartners-display-component---NewPartner--assignmentsTable-0-vhi"}]}
COMMAND: GET /session/302c28dd03ec619932948a5fa1f394c9/screenshot - {}
RESULT: {"script":"<script> [1562 bytes]","args":[{"selector":{"id":"application-managepartners-display-component---NewPartner--externalCustomerComboBox-application-managepartners-display-component---NewPartner--assignmentsTable-0-vhi"},"wdio_ui5_key":"applicationmanagepartners-display-component---NewPartner--externalCustomerComboBox-application-managepartners-display-component---NewPartner--assignmentsTable-0-vhi"}]}
RESULT: undefined
COMMAND: POST /session/302c28dd03ec619932948a5fa1f394c9/element - {"using":"xpath","value":"//*[@id=\"application-managepartners-display-component---NewPartner--externalCustomerComboBox-application-managepartners-display-component---NewPartner--assignmentsTable-0-vhi\"]"}
RESULT: {}
RESULT: {"using":"xpath","value":"//*[@id=\"application-managepartners-display-component---NewPartner--externalCustomerComboBox-application-managepartners-display-component---NewPartner--assignmentsTable-0-vhi\"]"}
COMMAND: POST /session/302c28dd03ec619932948a5fa1f394c9/element/f.D6078088970B2F0795E5397A8DAD4E0E.d.31ED5ED0B7A4F5E0B4BA254E01829D12.e.5509/click - {}
RESULT: {}
RESULT: undefined
COMMAND: POST /session/302c28dd03ec619932948a5fa1f394c9/execute/async - {"script":"<script> [776 bytes]","args":[{"enterText":"300003","selector":{"controlType":"sap.m.SearchField","properties":{"placeholder":"Search"},"searchOpenDialogs":true,"interaction":{"idSuffix":"I"}},"clearTextFirst":true,"interactionType":"ENTER_TEXT"}]}
COMMAND: GET /session/302c28dd03ec619932948a5fa1f394c9/screenshot - {}
RESULT: {"script":"<script> [776 bytes]","args":[{"enterText":"300003","selector":{"controlType":"sap.m.SearchField","properties":{"placeholder":"Search"},"searchOpenDialogs":true,"interaction":{"idSuffix":"I"}},"clearTextFirst":true,"interactionType":"ENTER_TEXT"}]}
COMMAND: POST /session/302c28dd03ec619932948a5fa1f394c9/actions - {"actions":[{"id":"action16","type":"key","parameters":{},"actions":[{"type":"keyDown","value":""},{"type":"pause","duration":10},{"type":"keyUp","value":""}]}]}
RESULT: {}
RESULT: {"actions":[{"id":"action16","type":"key","parameters":{},"actions":[{"type":"keyDown","value":""},{"type":"pause","duration":10},{"type":"keyUp","value":""}]}]}
COMMAND: GET /session/302c28dd03ec619932948a5fa1f394c9/screenshot - {}
RESULT: {}
COMMAND: POST /session/302c28dd03ec619932948a5fa1f394c9/element - {"using":"xpath","value":"//span[contains(text(), \"300003\")]"}
RESULT: {"using":"xpath","value":"//span[contains(text(), \"300003\")]"}
COMMAND: POST /session/302c28dd03ec619932948a5fa1f394c9/element/f.D6078088970B2F0795E5397A8DAD4E0E.d.31ED5ED0B7A4F5E0B4BA254E01829D12.e.5527/click - {}
RESULT: {}
COMMAND: GET /session/302c28dd03ec619932948a5fa1f394c9/screenshot - {}
RESULT: {}
COMMAND: POST /session/302c28dd03ec619932948a5fa1f394c9/element - {"using":"xpath","value":"//bdi[contains(text(), \"OK\")]"}
RESULT: {"using":"xpath","value":"//bdi[contains(text(), \"OK\")]"}
COMMAND: POST /session/302c28dd03ec619932948a5fa1f394c9/element/f.D6078088970B2F0795E5397A8DAD4E0E.d.31ED5ED0B7A4F5E0B4BA254E01829D12.e.5529/click - {}
RESULT: {}
COMMAND: GET /session/302c28dd03ec619932948a5fa1f394c9/screenshot - {}
RESULT: {}
COMMAND: POST /session/302c28dd03ec619932948a5fa1f394c9/execute/async - {"script":"<script> [1562 bytes]","args":[{"selector":{"id":"application-managepartners-display-component---NewPartner--intercompVendorComboBox-application-managepartners-display-component---NewPartner--assignmentsTable-0-vhi"},"wdio_ui5_key":"applicationmanagepartners-display-component---NewPartner--intercompVendorComboBox-application-managepartners-display-component---NewPartner--assignmentsTable-0-vhi"}]}
RESULT: {"script":"<script> [1562 bytes]","args":[{"selector":{"id":"application-managepartners-display-component---NewPartner--intercompVendorComboBox-application-managepartners-display-component---NewPartner--assignmentsTable-0-vhi"},"wdio_ui5_key":"applicationmanagepartners-display-component---NewPartner--intercompVendorComboBox-application-managepartners-display-component---NewPartner--assignmentsTable-0-vhi"}]}
RESULT: undefined
COMMAND: POST /session/302c28dd03ec619932948a5fa1f394c9/element - {"using":"xpath","value":"//*[@id=\"application-managepartners-display-component---NewPartner--intercompVendorComboBox-application-managepartners-display-component---NewPartner--assignmentsTable-0-vhi\"]"}
RESULT: {"using":"xpath","value":"//*[@id=\"application-managepartners-display-component---NewPartner--intercompVendorComboBox-application-managepartners-display-component---NewPartner--assignmentsTable-0-vhi\"]"}
COMMAND: POST /session/302c28dd03ec619932948a5fa1f394c9/element/f.D6078088970B2F0795E5397A8DAD4E0E.d.31ED5ED0B7A4F5E0B4BA254E01829D12.e.5532/click - {}
RESULT: {}
RESULT: undefined
COMMAND: POST /session/302c28dd03ec619932948a5fa1f394c9/execute/async - {"script":"<script> [776 bytes]","args":[{"enterText":"100005","selector":{"controlType":"sap.m.SearchField","properties":{"placeholder":"Search"},"searchOpenDialogs":true,"interaction":{"idSuffix":"I"}},"clearTextFirst":true,"interactionType":"ENTER_TEXT"}]}
COMMAND: GET /session/302c28dd03ec619932948a5fa1f394c9/screenshot - {}
RESULT: {"script":"<script> [776 bytes]","args":[{"enterText":"100005","selector":{"controlType":"sap.m.SearchField","properties":{"placeholder":"Search"},"searchOpenDialogs":true,"interaction":{"idSuffix":"I"}},"clearTextFirst":true,"interactionType":"ENTER_TEXT"}]}
COMMAND: POST /session/302c28dd03ec619932948a5fa1f394c9/actions - {"actions":[{"id":"action17","type":"key","parameters":{},"actions":[{"type":"keyDown","value":""},{"type":"pause","duration":10},{"type":"keyUp","value":""}]}]}
RESULT: {}
RESULT: {"actions":[{"id":"action17","type":"key","parameters":{},"actions":[{"type":"keyDown","value":""},{"type":"pause","duration":10},{"type":"keyUp","value":""}]}]}
COMMAND: GET /session/302c28dd03ec619932948a5fa1f394c9/screenshot - {}
RESULT: {}
COMMAND: POST /session/302c28dd03ec619932948a5fa1f394c9/element - {"using":"xpath","value":"//span[contains(text(), \"Penguins - Field/12345 Berlin\")]"}
RESULT: {"using":"xpath","value":"//span[contains(text(), \"Penguins - Field/12345 Berlin\")]"}
COMMAND: POST /session/302c28dd03ec619932948a5fa1f394c9/element/f.D6078088970B2F0795E5397A8DAD4E0E.d.31ED5ED0B7A4F5E0B4BA254E01829D12.e.5548/click - {}
RESULT: {}
COMMAND: GET /session/302c28dd03ec619932948a5fa1f394c9/screenshot - {}
RESULT: {}
COMMAND: POST /session/302c28dd03ec619932948a5fa1f394c9/element - {"using":"xpath","value":"//bdi[contains(text(), \"OK\")]"}
RESULT: {"using":"xpath","value":"//bdi[contains(text(), \"OK\")]"}
COMMAND: POST /session/302c28dd03ec619932948a5fa1f394c9/element/f.D6078088970B2F0795E5397A8DAD4E0E.d.31ED5ED0B7A4F5E0B4BA254E01829D12.e.5549/click - {}
RESULT: {}
COMMAND: GET /session/302c28dd03ec619932948a5fa1f394c9/screenshot - {}
RESULT: {}
COMMAND: POST /session/302c28dd03ec619932948a5fa1f394c9/element - {"using":"xpath","value":"//button[@data-kt=\"saveButton\"]"}
RESULT: {"using":"xpath","value":"//button[@data-kt=\"saveButton\"]"}
COMMAND: POST /session/302c28dd03ec619932948a5fa1f394c9/element/f.D6078088970B2F0795E5397A8DAD4E0E.d.31ED5ED0B7A4F5E0B4BA254E01829D12.e.5281/click - {}
RESULT: {}
COMMAND: GET /session/302c28dd03ec619932948a5fa1f394c9/screenshot - {}
RESULT: {}
COMMAND: POST /session/302c28dd03ec619932948a5fa1f394c9/element - {"using":"xpath","value":"//header[contains(@id, 'ObjectPageLayout-headerTitle')]/div[1]/div[2]/div[2]/span[1]"}
RESULT: {"using":"xpath","value":"//header[contains(@id, 'ObjectPageLayout-headerTitle')]/div[1]/div[2]/div[2]/span[1]"}
COMMAND: POST /session/302c28dd03ec619932948a5fa1f394c9/elements - {"using":"xpath","value":"//header[contains(@id, 'ObjectPageLayout-headerTitle')]/div[1]/div[2]/div[2]/span[1]"}
RESULT: {"using":"xpath","value":"//header[contains(@id, 'ObjectPageLayout-headerTitle')]/div[1]/div[2]/div[2]/span[1]"}
COMMAND: POST /session/302c28dd03ec619932948a5fa1f394c9/execute/sync - {"script":"<script> [56 bytes]","args":[{"element-6066-11e4-a52e-4f735466cecf":"f.D6078088970B2F0795E5397A8DAD4E0E.d.31ED5ED0B7A4F5E0B4BA254E01829D12.e.5719","ELEMENT":"f.D6078088970B2F0795E5397A8DAD4E0E.d.31ED5ED0B7A4F5E0B4BA254E01829D12.e.5719"}]}
RESULT: {"script":"<script> [56 bytes]","args":[{"element-6066-11e4-a52e-4f735466cecf":"f.D6078088970B2F0795E5397A8DAD4E0E.d.31ED5ED0B7A4F5E0B4BA254E01829D12.e.5719","ELEMENT":"f.D6078088970B2F0795E5397A8DAD4E0E.d.31ED5ED0B7A4F5E0B4BA254E01829D12.e.5719"}]}
COMMAND: POST /session/302c28dd03ec619932948a5fa1f394c9/element - {"using":"css selector","value":"#shell-header-logo"}
COMMAND: GET /session/302c28dd03ec619932948a5fa1f394c9/screenshot - {}
RESULT: {"using":"css selector","value":"#shell-header-logo"}
COMMAND: POST /session/302c28dd03ec619932948a5fa1f394c9/element/f.D6078088970B2F0795E5397A8DAD4E0E.d.31ED5ED0B7A4F5E0B4BA254E01829D12.e.4809/click - {}
RESULT: {}
RESULT: {}
COMMAND: GET /session/302c28dd03ec619932948a5fa1f394c9/screenshot - {}
RESULT: {}
RESULT: undefined
COMMAND: POST /session/302c28dd03ec619932948a5fa1f394c9/element - {"using":"xpath","value":"//*[@id=\"__tile38\"]"}
RESULT: {"using":"xpath","value":"//*[@id=\"__tile38\"]"}
COMMAND: POST /session/302c28dd03ec619932948a5fa1f394c9/element/f.D6078088970B2F0795E5397A8DAD4E0E.d.31ED5ED0B7A4F5E0B4BA254E01829D12.e.4699/click - {}
RESULT: {}
COMMAND: POST /session/302c28dd03ec619932948a5fa1f394c9/element - {"using":"xpath","value":"//button[@data-kt=\"addButton\"]"}
COMMAND: GET /session/302c28dd03ec619932948a5fa1f394c9/screenshot - {}
RESULT: {"using":"xpath","value":"//button[@data-kt=\"addButton\"]"}
COMMAND: POST /session/302c28dd03ec619932948a5fa1f394c9/elements - {"using":"xpath","value":"//button[@data-kt=\"addButton\"]"}
RESULT: {}
RESULT: {"using":"xpath","value":"//button[@data-kt=\"addButton\"]"}
COMMAND: POST /session/302c28dd03ec619932948a5fa1f394c9/execute/sync - {"script":"<script> [8489 bytes]","args":[{"element-6066-11e4-a52e-4f735466cecf":"f.D6078088970B2F0795E5397A8DAD4E0E.d.31ED5ED0B7A4F5E0B4BA254E01829D12.e.5765","ELEMENT":"f.D6078088970B2F0795E5397A8DAD4E0E.d.31ED5ED0B7A4F5E0B4BA254E01829D12.e.5765"}]}
RESULT: {"script":"<script> [8489 bytes]","args":[{"element-6066-11e4-a52e-4f735466cecf":"f.D6078088970B2F0795E5397A8DAD4E0E.d.31ED5ED0B7A4F5E0B4BA254E01829D12.e.5765","ELEMENT":"f.D6078088970B2F0795E5397A8DAD4E0E.d.31ED5ED0B7A4F5E0B4BA254E01829D12.e.5765"}]}
COMMAND: GET /session/302c28dd03ec619932948a5fa1f394c9/element/f.D6078088970B2F0795E5397A8DAD4E0E.d.31ED5ED0B7A4F5E0B4BA254E01829D12.e.5765/enabled - {}
COMMAND: GET /session/302c28dd03ec619932948a5fa1f394c9/screenshot - {}
RESULT: {}
COMMAND: POST /session/302c28dd03ec619932948a5fa1f394c9/execute/sync - {"script":"<script> [8489 bytes]","args":[{"element-6066-11e4-a52e-4f735466cecf":"f.D6078088970B2F0795E5397A8DAD4E0E.d.31ED5ED0B7A4F5E0B4BA254E01829D12.e.5765","ELEMENT":"f.D6078088970B2F0795E5397A8DAD4E0E.d.31ED5ED0B7A4F5E0B4BA254E01829D12.e.5765"}]}
COMMAND: GET /session/302c28dd03ec619932948a5fa1f394c9/screenshot - {}
RESULT: {}
RESULT: {"script":"<script> [8489 bytes]","args":[{"element-6066-11e4-a52e-4f735466cecf":"f.D6078088970B2F0795E5397A8DAD4E0E.d.31ED5ED0B7A4F5E0B4BA254E01829D12.e.5765","ELEMENT":"f.D6078088970B2F0795E5397A8DAD4E0E.d.31ED5ED0B7A4F5E0B4BA254E01829D12.e.5765"}]}
COMMAND: POST /session/302c28dd03ec619932948a5fa1f394c9/execute/sync - {"script":"<script> [5351 bytes]","args":[{"element-6066-11e4-a52e-4f735466cecf":"f.D6078088970B2F0795E5397A8DAD4E0E.d.31ED5ED0B7A4F5E0B4BA254E01829D12.e.5765","ELEMENT":"f.D6078088970B2F0795E5397A8DAD4E0E.d.31ED5ED0B7A4F5E0B4BA254E01829D12.e.5765"}]}
COMMAND: GET /session/302c28dd03ec619932948a5fa1f394c9/screenshot - {}
RESULT: {}
RESULT: {"script":"<script> [5351 bytes]","args":[{"element-6066-11e4-a52e-4f735466cecf":"f.D6078088970B2F0795E5397A8DAD4E0E.d.31ED5ED0B7A4F5E0B4BA254E01829D12.e.5765","ELEMENT":"f.D6078088970B2F0795E5397A8DAD4E0E.d.31ED5ED0B7A4F5E0B4BA254E01829D12.e.5765"}]}
COMMAND: GET /session/302c28dd03ec619932948a5fa1f394c9/screenshot - {}
RESULT: {}
RESULT: {}
COMMAND: POST /session/302c28dd03ec619932948a5fa1f394c9/execute/async - {"script":"<script> [1562 bytes]","args":[{"selector":{"id":"application-managepartners-display-component---masterPtm--smartFilterBar-btnBasicSearch","interaction":{"idSuffix":"I"}},"wdio_ui5_key":"applicationmanagepartners-display-component---masterPtm--smartFilterBar-btnBasicSearch"}]}
RESULT: {"script":"<script> [1562 bytes]","args":[{"selector":{"id":"application-managepartners-display-component---masterPtm--smartFilterBar-btnBasicSearch","interaction":{"idSuffix":"I"}},"wdio_ui5_key":"applicationmanagepartners-display-component---masterPtm--smartFilterBar-btnBasicSearch"}]}
RESULT: undefined
COMMAND: POST /session/302c28dd03ec619932948a5fa1f394c9/execute/async - {"script":"<script> [776 bytes]","args":[{"enterText":"1174","selector":{"id":"application-managepartners-display-component---masterPtm--smartFilterBar-btnBasicSearch","interaction":{"idSuffix":"I"}},"clearTextFirst":true,"interactionType":"ENTER_TEXT"}]}
RESULT: {"script":"<script> [776 bytes]","args":[{"enterText":"1174","selector":{"id":"application-managepartners-display-component---masterPtm--smartFilterBar-btnBasicSearch","interaction":{"idSuffix":"I"}},"clearTextFirst":true,"interactionType":"ENTER_TEXT"}]}
COMMAND: POST /session/302c28dd03ec619932948a5fa1f394c9/actions - {"actions":[{"id":"action18","type":"key","parameters":{},"actions":[{"type":"keyDown","value":""},{"type":"pause","duration":10},{"type":"keyUp","value":""}]}]}
RESULT: {"actions":[{"id":"action18","type":"key","parameters":{},"actions":[{"type":"keyDown","value":""},{"type":"pause","duration":10},{"type":"keyUp","value":""}]}]}
COMMAND: GET /session/302c28dd03ec619932948a5fa1f394c9/screenshot - {}
RESULT: {}
COMMAND: POST /session/302c28dd03ec619932948a5fa1f394c9/elements - {"using":"xpath","value":"//table[contains(@id, \"customPartnersTable-listUl\")]/tbody/tr"}
RESULT: {"using":"xpath","value":"//table[contains(@id, \"customPartnersTable-listUl\")]/tbody/tr"}
COMMAND: POST /session/302c28dd03ec619932948a5fa1f394c9/element - {"using":"xpath","value":"//table[contains(@id, \"customPartnersTable-listUl\")]/tbody/tr[1]/td[3]/span"}
RESULT: {"using":"xpath","value":"//table[contains(@id, \"customPartnersTable-listUl\")]/tbody/tr[1]/td[3]/span"}
COMMAND: POST /session/302c28dd03ec619932948a5fa1f394c9/elements - {"using":"xpath","value":"//table[contains(@id, \"customPartnersTable-listUl\")]/tbody/tr[1]/td[3]/span"}
RESULT: {"using":"xpath","value":"//table[contains(@id, \"customPartnersTable-listUl\")]/tbody/tr[1]/td[3]/span"}
COMMAND: POST /session/302c28dd03ec619932948a5fa1f394c9/execute/sync - {"script":"<script> [56 bytes]","args":[{"element-6066-11e4-a52e-4f735466cecf":"f.D6078088970B2F0795E5397A8DAD4E0E.d.31ED5ED0B7A4F5E0B4BA254E01829D12.e.5903","ELEMENT":"f.D6078088970B2F0795E5397A8DAD4E0E.d.31ED5ED0B7A4F5E0B4BA254E01829D12.e.5903"}]}
RESULT: {"script":"<script> [56 bytes]","args":[{"element-6066-11e4-a52e-4f735466cecf":"f.D6078088970B2F0795E5397A8DAD4E0E.d.31ED5ED0B7A4F5E0B4BA254E01829D12.e.5903","ELEMENT":"f.D6078088970B2F0795E5397A8DAD4E0E.d.31ED5ED0B7A4F5E0B4BA254E01829D12.e.5903"}]}
COMMAND: POST /session/302c28dd03ec619932948a5fa1f394c9/element - {"using":"xpath","value":"(//span[contains(@id, \"imgNav\")])[1]"}
COMMAND: GET /session/302c28dd03ec619932948a5fa1f394c9/screenshot - {}
RESULT: {"using":"xpath","value":"(//span[contains(@id, \"imgNav\")])[1]"}
COMMAND: POST /session/302c28dd03ec619932948a5fa1f394c9/element/f.D6078088970B2F0795E5397A8DAD4E0E.d.31ED5ED0B7A4F5E0B4BA254E01829D12.e.5900/click - {}
RESULT: {}
RESULT: {}
COMMAND: GET /session/302c28dd03ec619932948a5fa1f394c9/screenshot - {}
RESULT: {}
COMMAND: POST /session/302c28dd03ec619932948a5fa1f394c9/element - {"using":"xpath","value":"//bdi[contains(text(), \"Edit\")]"}
RESULT: {"using":"xpath","value":"//bdi[contains(text(), \"Edit\")]"}
COMMAND: POST /session/302c28dd03ec619932948a5fa1f394c9/element/f.D6078088970B2F0795E5397A8DAD4E0E.d.31ED5ED0B7A4F5E0B4BA254E01829D12.e.6050/click - {}
RESULT: {}
COMMAND: GET /session/302c28dd03ec619932948a5fa1f394c9/screenshot - {}
RESULT: {}
COMMAND: POST /session/302c28dd03ec619932948a5fa1f394c9/execute/async - {"script":"<script> [1562 bytes]","args":[{"selector":{"controlType":"sap.m.Input","viewName":"etm.portal.ui.managepartners.view.EditDetail","labelFor":{"text":"Name"},"interaction":{"idSuffix":"inner"}},"wdio_ui5_key":"etmportal.ui.managepartners.view.EditDetailsap.m.Input{\"text\":\"Name\"}"}]}
RESULT: {"script":"<script> [1562 bytes]","args":[{"selector":{"controlType":"sap.m.Input","viewName":"etm.portal.ui.managepartners.view.EditDetail","labelFor":{"text":"Name"},"interaction":{"idSuffix":"inner"}},"wdio_ui5_key":"etmportal.ui.managepartners.view.EditDetailsap.m.Input{\"text\":\"Name\"}"}]}
RESULT: undefined
COMMAND: POST /session/302c28dd03ec619932948a5fa1f394c9/execute/async - {"script":"<script> [776 bytes]","args":[{"enterText":"Intracompany EDIT","selector":{"controlType":"sap.m.Input","viewName":"etm.portal.ui.managepartners.view.EditDetail","labelFor":{"text":"Name"},"interaction":{"idSuffix":"inner"}},"clearTextFirst":true,"interactionType":"ENTER_TEXT"}]}
RESULT: {"script":"<script> [776 bytes]","args":[{"enterText":"Intracompany EDIT","selector":{"controlType":"sap.m.Input","viewName":"etm.portal.ui.managepartners.view.EditDetail","labelFor":{"text":"Name"},"interaction":{"idSuffix":"inner"}},"clearTextFirst":true,"interactionType":"ENTER_TEXT"}]}
COMMAND: POST /session/302c28dd03ec619932948a5fa1f394c9/element - {"using":"xpath","value":"(//span[contains(@id,\"addressDetailDetailsLanguage-arrow\")])[1]"}
RESULT: {"using":"xpath","value":"(//span[contains(@id,\"addressDetailDetailsLanguage-arrow\")])[1]"}
COMMAND: POST /session/302c28dd03ec619932948a5fa1f394c9/element/f.D6078088970B2F0795E5397A8DAD4E0E.d.31ED5ED0B7A4F5E0B4BA254E01829D12.e.6133/click - {}
RESULT: {}
COMMAND: POST /session/302c28dd03ec619932948a5fa1f394c9/element - {"using":"xpath","value":"//span[contains(text(), \"Chinese\")]"}
COMMAND: GET /session/302c28dd03ec619932948a5fa1f394c9/screenshot - {}
RESULT: {"using":"xpath","value":"//span[contains(text(), \"Chinese\")]"}
COMMAND: POST /session/302c28dd03ec619932948a5fa1f394c9/element/f.D6078088970B2F0795E5397A8DAD4E0E.d.31ED5ED0B7A4F5E0B4BA254E01829D12.e.6134/click - {}
RESULT: {}
RESULT: {}
COMMAND: GET /session/302c28dd03ec619932948a5fa1f394c9/screenshot - {}
RESULT: {}
COMMAND: POST /session/302c28dd03ec619932948a5fa1f394c9/execute/async - {"script":"<script> [1562 bytes]","args":[{"selector":{"controlType":"sap.m.Input","viewName":"etm.portal.ui.managepartners.view.EditDetail","labelFor":{"text":"City"},"interaction":{"idSuffix":"inner"}},"wdio_ui5_key":"etmportal.ui.managepartners.view.EditDetailsap.m.Input{\"text\":\"City\"}"}]}
RESULT: {"script":"<script> [1562 bytes]","args":[{"selector":{"controlType":"sap.m.Input","viewName":"etm.portal.ui.managepartners.view.EditDetail","labelFor":{"text":"City"},"interaction":{"idSuffix":"inner"}},"wdio_ui5_key":"etmportal.ui.managepartners.view.EditDetailsap.m.Input{\"text\":\"City\"}"}]}
RESULT: undefined
COMMAND: POST /session/302c28dd03ec619932948a5fa1f394c9/execute/async - {"script":"<script> [776 bytes]","args":[{"enterText":"Clooj-Napoca","selector":{"controlType":"sap.m.Input","viewName":"etm.portal.ui.managepartners.view.EditDetail","labelFor":{"text":"City"},"interaction":{"idSuffix":"inner"}},"clearTextFirst":true,"interactionType":"ENTER_TEXT"}]}
RESULT: {"script":"<script> [776 bytes]","args":[{"enterText":"Clooj-Napoca","selector":{"controlType":"sap.m.Input","viewName":"etm.portal.ui.managepartners.view.EditDetail","labelFor":{"text":"City"},"interaction":{"idSuffix":"inner"}},"clearTextFirst":true,"interactionType":"ENTER_TEXT"}]}
COMMAND: POST /session/302c28dd03ec619932948a5fa1f394c9/element - {"using":"xpath","value":"//button[@data-kt=\"saveButton\"]"}
RESULT: {"using":"xpath","value":"//button[@data-kt=\"saveButton\"]"}
COMMAND: POST /session/302c28dd03ec619932948a5fa1f394c9/element/f.D6078088970B2F0795E5397A8DAD4E0E.d.31ED5ED0B7A4F5E0B4BA254E01829D12.e.6113/click - {}
RESULT: {}
COMMAND: GET /session/302c28dd03ec619932948a5fa1f394c9/screenshot - {}
RESULT: {}
COMMAND: POST /session/302c28dd03ec619932948a5fa1f394c9/execute/async - {"script":"<script> [1562 bytes]","args":[{"selector":{"id":"application-managepartners-display-component---detailPtm--addressDetailDetailsName1"},"wdio_ui5_key":"applicationmanagepartners-display-component---detailPtm--addressDetailDetailsName1"}]}
RESULT: {"script":"<script> [1562 bytes]","args":[{"selector":{"id":"application-managepartners-display-component---detailPtm--addressDetailDetailsName1"},"wdio_ui5_key":"applicationmanagepartners-display-component---detailPtm--addressDetailDetailsName1"}]}
RESULT: undefined
COMMAND: POST /session/302c28dd03ec619932948a5fa1f394c9/execute/async - {"script":"<script> [6424 bytes]","args":[{"element-6066-11e4-a52e-4f735466cecf":"f.D6078088970B2F0795E5397A8DAD4E0E.d.31ED5ED0B7A4F5E0B4BA254E01829D12.e.6164"},"getValue",[]]}
RESULT: {"script":"<script> [6424 bytes]","args":[{"element-6066-11e4-a52e-4f735466cecf":"f.D6078088970B2F0795E5397A8DAD4E0E.d.31ED5ED0B7A4F5E0B4BA254E01829D12.e.6164"},"getValue",[]]}
COMMAND: POST /session/302c28dd03ec619932948a5fa1f394c9/element - {"using":"xpath","value":"//input[@id = \"application-managepartners-display-component---detailPtm--addressDetailDetailsLanguage-inner\"]"}
RESULT: {"using":"xpath","value":"//input[@id = \"application-managepartners-display-component---detailPtm--addressDetailDetailsLanguage-inner\"]"}
COMMAND: GET /session/302c28dd03ec619932948a5fa1f394c9/element/f.D6078088970B2F0795E5397A8DAD4E0E.d.31ED5ED0B7A4F5E0B4BA254E01829D12.e.6165/property/value - {}
RESULT: {}
COMMAND: POST /session/302c28dd03ec619932948a5fa1f394c9/execute/async - {"script":"<script> [1562 bytes]","args":[{"selector":{"id":"application-managepartners-display-component---detailPtm--addressDetailDetailsCity1"},"wdio_ui5_key":"applicationmanagepartners-display-component---detailPtm--addressDetailDetailsCity1"}]}
COMMAND: GET /session/302c28dd03ec619932948a5fa1f394c9/screenshot - {}
RESULT: {"script":"<script> [1562 bytes]","args":[{"selector":{"id":"application-managepartners-display-component---detailPtm--addressDetailDetailsCity1"},"wdio_ui5_key":"applicationmanagepartners-display-component---detailPtm--addressDetailDetailsCity1"}]}
RESULT: undefined
COMMAND: POST /session/302c28dd03ec619932948a5fa1f394c9/execute/async - {"script":"<script> [6424 bytes]","args":[{"element-6066-11e4-a52e-4f735466cecf":"f.D6078088970B2F0795E5397A8DAD4E0E.d.31ED5ED0B7A4F5E0B4BA254E01829D12.e.6166"},"getValue",[]]}
RESULT: {}
RESULT: {"script":"<script> [6424 bytes]","args":[{"element-6066-11e4-a52e-4f735466cecf":"f.D6078088970B2F0795E5397A8DAD4E0E.d.31ED5ED0B7A4F5E0B4BA254E01829D12.e.6166"},"getValue",[]]}
COMMAND: POST /session/302c28dd03ec619932948a5fa1f394c9/element - {"using":"css selector","value":"#shell-header-logo"}
RESULT: {"using":"css selector","value":"#shell-header-logo"}
COMMAND: POST /session/302c28dd03ec619932948a5fa1f394c9/element/f.D6078088970B2F0795E5397A8DAD4E0E.d.31ED5ED0B7A4F5E0B4BA254E01829D12.e.5722/click - {}
RESULT: {}
COMMAND: GET /session/302c28dd03ec619932948a5fa1f394c9/screenshot - {}
RESULT: {}
]]></system-out>
    </testcase>
    <testcase classname="chrome.135_0_7049_42.windows.Partner_specific_tests_US150819_US151080_US151654_US151176_US103444_US151078_US151079_US151109_US151174_US151175_US151189" name="Should do filtering and navigation tests US151109" time="167.28">
      <system-out><![CDATA[
COMMAND: POST /session/302c28dd03ec619932948a5fa1f394c9/element - {"using":"xpath","value":"//li[.//span[text()=\"Manage Partners\"]]"}
RESULT: {"using":"xpath","value":"//li[.//span[text()=\"Manage Partners\"]]"}
COMMAND: POST /session/302c28dd03ec619932948a5fa1f394c9/element - {"using":"xpath","value":"//li[.//span[text()=\"Manage Partners\"]]"}
RESULT: {"using":"xpath","value":"//li[.//span[text()=\"Manage Partners\"]]"}
COMMAND: POST /session/302c28dd03ec619932948a5fa1f394c9/element - {"using":"css selector","value":"#shell-header-logo"}
RESULT: {"using":"css selector","value":"#shell-header-logo"}
COMMAND: POST /session/302c28dd03ec619932948a5fa1f394c9/element/f.D6078088970B2F0795E5397A8DAD4E0E.d.31ED5ED0B7A4F5E0B4BA254E01829D12.e.6201/click - {}
COMMAND: POST /session/302c28dd03ec619932948a5fa1f394c9/execute/sync - {"script":"<script> [8489 bytes]","args":[{"element-6066-11e4-a52e-4f735466cecf":"f.D6078088970B2F0795E5397A8DAD4E0E.d.31ED5ED0B7A4F5E0B4BA254E01829D12.e.6201","ELEMENT":"f.D6078088970B2F0795E5397A8DAD4E0E.d.31ED5ED0B7A4F5E0B4BA254E01829D12.e.6201"}]}
RESULT: {}
COMMAND: GET /session/302c28dd03ec619932948a5fa1f394c9/screenshot - {}
RESULT: {"script":"<script> [8489 bytes]","args":[{"element-6066-11e4-a52e-4f735466cecf":"f.D6078088970B2F0795E5397A8DAD4E0E.d.31ED5ED0B7A4F5E0B4BA254E01829D12.e.6201","ELEMENT":"f.D6078088970B2F0795E5397A8DAD4E0E.d.31ED5ED0B7A4F5E0B4BA254E01829D12.e.6201"}]}
COMMAND: POST /session/302c28dd03ec619932948a5fa1f394c9/execute/sync - {"script":"<script> [5351 bytes]","args":[{"element-6066-11e4-a52e-4f735466cecf":"f.D6078088970B2F0795E5397A8DAD4E0E.d.31ED5ED0B7A4F5E0B4BA254E01829D12.e.6201","ELEMENT":"f.D6078088970B2F0795E5397A8DAD4E0E.d.31ED5ED0B7A4F5E0B4BA254E01829D12.e.6201"}]}
COMMAND: GET /session/302c28dd03ec619932948a5fa1f394c9/screenshot - {}
RESULT: {}
RESULT: {"script":"<script> [5351 bytes]","args":[{"element-6066-11e4-a52e-4f735466cecf":"f.D6078088970B2F0795E5397A8DAD4E0E.d.31ED5ED0B7A4F5E0B4BA254E01829D12.e.6201","ELEMENT":"f.D6078088970B2F0795E5397A8DAD4E0E.d.31ED5ED0B7A4F5E0B4BA254E01829D12.e.6201"}]}
COMMAND: GET /session/302c28dd03ec619932948a5fa1f394c9/screenshot - {}
RESULT: {}
RESULT: {}
RESULT: undefined
COMMAND: POST /session/302c28dd03ec619932948a5fa1f394c9/element - {"using":"xpath","value":"//*[@id=\"__tile38\"]"}
RESULT: {"using":"xpath","value":"//*[@id=\"__tile38\"]"}
COMMAND: POST /session/302c28dd03ec619932948a5fa1f394c9/element/f.D6078088970B2F0795E5397A8DAD4E0E.d.31ED5ED0B7A4F5E0B4BA254E01829D12.e.4699/click - {}
RESULT: {}
COMMAND: POST /session/302c28dd03ec619932948a5fa1f394c9/element - {"using":"xpath","value":"//button[@data-kt=\"addButton\"]"}
COMMAND: GET /session/302c28dd03ec619932948a5fa1f394c9/screenshot - {}
RESULT: {"using":"xpath","value":"//button[@data-kt=\"addButton\"]"}
COMMAND: POST /session/302c28dd03ec619932948a5fa1f394c9/elements - {"using":"xpath","value":"//button[@data-kt=\"addButton\"]"}
RESULT: {}
RESULT: {"using":"xpath","value":"//button[@data-kt=\"addButton\"]"}
COMMAND: POST /session/302c28dd03ec619932948a5fa1f394c9/elements - {"using":"xpath","value":"//button[@data-kt=\"addButton\"]"}
RESULT: {"using":"xpath","value":"//button[@data-kt=\"addButton\"]"}
COMMAND: POST /session/302c28dd03ec619932948a5fa1f394c9/element - {"using":"xpath","value":"//button[@data-kt=\"addButton\"]"}
RESULT: {"using":"xpath","value":"//button[@data-kt=\"addButton\"]"}
COMMAND: POST /session/302c28dd03ec619932948a5fa1f394c9/execute/sync - {"script":"<script> [8489 bytes]","args":[{"element-6066-11e4-a52e-4f735466cecf":"f.D6078088970B2F0795E5397A8DAD4E0E.d.31ED5ED0B7A4F5E0B4BA254E01829D12.e.6236","ELEMENT":"f.D6078088970B2F0795E5397A8DAD4E0E.d.31ED5ED0B7A4F5E0B4BA254E01829D12.e.6236"}]}
RESULT: {"script":"<script> [8489 bytes]","args":[{"element-6066-11e4-a52e-4f735466cecf":"f.D6078088970B2F0795E5397A8DAD4E0E.d.31ED5ED0B7A4F5E0B4BA254E01829D12.e.6236","ELEMENT":"f.D6078088970B2F0795E5397A8DAD4E0E.d.31ED5ED0B7A4F5E0B4BA254E01829D12.e.6236"}]}
COMMAND: GET /session/302c28dd03ec619932948a5fa1f394c9/element/f.D6078088970B2F0795E5397A8DAD4E0E.d.31ED5ED0B7A4F5E0B4BA254E01829D12.e.6236/enabled - {}
COMMAND: GET /session/302c28dd03ec619932948a5fa1f394c9/screenshot - {}
RESULT: {}
COMMAND: POST /session/302c28dd03ec619932948a5fa1f394c9/execute/sync - {"script":"<script> [8489 bytes]","args":[{"element-6066-11e4-a52e-4f735466cecf":"f.D6078088970B2F0795E5397A8DAD4E0E.d.31ED5ED0B7A4F5E0B4BA254E01829D12.e.6236","ELEMENT":"f.D6078088970B2F0795E5397A8DAD4E0E.d.31ED5ED0B7A4F5E0B4BA254E01829D12.e.6236"}]}
COMMAND: GET /session/302c28dd03ec619932948a5fa1f394c9/screenshot - {}
RESULT: {}
RESULT: {"script":"<script> [8489 bytes]","args":[{"element-6066-11e4-a52e-4f735466cecf":"f.D6078088970B2F0795E5397A8DAD4E0E.d.31ED5ED0B7A4F5E0B4BA254E01829D12.e.6236","ELEMENT":"f.D6078088970B2F0795E5397A8DAD4E0E.d.31ED5ED0B7A4F5E0B4BA254E01829D12.e.6236"}]}
COMMAND: POST /session/302c28dd03ec619932948a5fa1f394c9/execute/sync - {"script":"<script> [5351 bytes]","args":[{"element-6066-11e4-a52e-4f735466cecf":"f.D6078088970B2F0795E5397A8DAD4E0E.d.31ED5ED0B7A4F5E0B4BA254E01829D12.e.6236","ELEMENT":"f.D6078088970B2F0795E5397A8DAD4E0E.d.31ED5ED0B7A4F5E0B4BA254E01829D12.e.6236"}]}
COMMAND: GET /session/302c28dd03ec619932948a5fa1f394c9/screenshot - {}
RESULT: {}
RESULT: {"script":"<script> [5351 bytes]","args":[{"element-6066-11e4-a52e-4f735466cecf":"f.D6078088970B2F0795E5397A8DAD4E0E.d.31ED5ED0B7A4F5E0B4BA254E01829D12.e.6236","ELEMENT":"f.D6078088970B2F0795E5397A8DAD4E0E.d.31ED5ED0B7A4F5E0B4BA254E01829D12.e.6236"}]}
COMMAND: GET /session/302c28dd03ec619932948a5fa1f394c9/screenshot - {}
RESULT: {}
RESULT: {}
COMMAND: POST /session/302c28dd03ec619932948a5fa1f394c9/element - {"using":"xpath","value":"//span[@id=\"application-managepartners-display-component---masterPtm--smartTable-header-inner\"]"}
RESULT: {"using":"xpath","value":"//span[@id=\"application-managepartners-display-component---masterPtm--smartTable-header-inner\"]"}
COMMAND: POST /session/302c28dd03ec619932948a5fa1f394c9/elements - {"using":"xpath","value":"//span[@id=\"application-managepartners-display-component---masterPtm--smartTable-header-inner\"]"}
RESULT: {"using":"xpath","value":"//span[@id=\"application-managepartners-display-component---masterPtm--smartTable-header-inner\"]"}
COMMAND: POST /session/302c28dd03ec619932948a5fa1f394c9/execute/sync - {"script":"<script> [56 bytes]","args":[{"element-6066-11e4-a52e-4f735466cecf":"f.D6078088970B2F0795E5397A8DAD4E0E.d.31ED5ED0B7A4F5E0B4BA254E01829D12.e.6369","ELEMENT":"f.D6078088970B2F0795E5397A8DAD4E0E.d.31ED5ED0B7A4F5E0B4BA254E01829D12.e.6369"}]}
RESULT: {"script":"<script> [56 bytes]","args":[{"element-6066-11e4-a52e-4f735466cecf":"f.D6078088970B2F0795E5397A8DAD4E0E.d.31ED5ED0B7A4F5E0B4BA254E01829D12.e.6369","ELEMENT":"f.D6078088970B2F0795E5397A8DAD4E0E.d.31ED5ED0B7A4F5E0B4BA254E01829D12.e.6369"}]}
RESULT: undefined
COMMAND: POST /session/302c28dd03ec619932948a5fa1f394c9/execute/async - {"script":"<script> [776 bytes]","args":[{"enterText":"External Partner WDIO","selector":{"id":"application-managepartners-display-component---masterPtm--smartFilterBar-btnBasicSearch","interaction":{"idSuffix":"I"}},"clearTextFirst":true,"interactionType":"ENTER_TEXT"}]}
COMMAND: GET /session/302c28dd03ec619932948a5fa1f394c9/screenshot - {}
RESULT: {"script":"<script> [776 bytes]","args":[{"enterText":"External Partner WDIO","selector":{"id":"application-managepartners-display-component---masterPtm--smartFilterBar-btnBasicSearch","interaction":{"idSuffix":"I"}},"clearTextFirst":true,"interactionType":"ENTER_TEXT"}]}
RESULT: {}
COMMAND: POST /session/302c28dd03ec619932948a5fa1f394c9/actions - {"actions":[{"id":"action19","type":"key","parameters":{},"actions":[{"type":"keyDown","value":""},{"type":"pause","duration":10},{"type":"keyUp","value":""}]}]}
RESULT: {"actions":[{"id":"action19","type":"key","parameters":{},"actions":[{"type":"keyDown","value":""},{"type":"pause","duration":10},{"type":"keyUp","value":""}]}]}
COMMAND: GET /session/302c28dd03ec619932948a5fa1f394c9/screenshot - {}
RESULT: {}
COMMAND: POST /session/302c28dd03ec619932948a5fa1f394c9/element - {"using":"xpath","value":"//span[@id=\"application-managepartners-display-component---masterPtm--smartTable-header-inner\"]"}
RESULT: {"using":"xpath","value":"//span[@id=\"application-managepartners-display-component---masterPtm--smartTable-header-inner\"]"}
COMMAND: POST /session/302c28dd03ec619932948a5fa1f394c9/elements - {"using":"xpath","value":"//span[@id=\"application-managepartners-display-component---masterPtm--smartTable-header-inner\"]"}
RESULT: {"using":"xpath","value":"//span[@id=\"application-managepartners-display-component---masterPtm--smartTable-header-inner\"]"}
COMMAND: POST /session/302c28dd03ec619932948a5fa1f394c9/execute/sync - {"script":"<script> [56 bytes]","args":[{"element-6066-11e4-a52e-4f735466cecf":"f.D6078088970B2F0795E5397A8DAD4E0E.d.31ED5ED0B7A4F5E0B4BA254E01829D12.e.6369","ELEMENT":"f.D6078088970B2F0795E5397A8DAD4E0E.d.31ED5ED0B7A4F5E0B4BA254E01829D12.e.6369"}]}
RESULT: {"script":"<script> [56 bytes]","args":[{"element-6066-11e4-a52e-4f735466cecf":"f.D6078088970B2F0795E5397A8DAD4E0E.d.31ED5ED0B7A4F5E0B4BA254E01829D12.e.6369","ELEMENT":"f.D6078088970B2F0795E5397A8DAD4E0E.d.31ED5ED0B7A4F5E0B4BA254E01829D12.e.6369"}]}
COMMAND: POST /session/302c28dd03ec619932948a5fa1f394c9/element - {"using":"xpath","value":"//div[contains(@id, \"managepartners-display-component---masterPtm--smartFilterBar-btnBasicSearch-reset\")]"}
COMMAND: GET /session/302c28dd03ec619932948a5fa1f394c9/screenshot - {}
RESULT: {"using":"xpath","value":"//div[contains(@id, \"managepartners-display-component---masterPtm--smartFilterBar-btnBasicSearch-reset\")]"}
COMMAND: POST /session/302c28dd03ec619932948a5fa1f394c9/element/f.D6078088970B2F0795E5397A8DAD4E0E.d.31ED5ED0B7A4F5E0B4BA254E01829D12.e.6454/click - {}
RESULT: {}
RESULT: {}
COMMAND: GET /session/302c28dd03ec619932948a5fa1f394c9/screenshot - {}
RESULT: {}
COMMAND: POST /session/302c28dd03ec619932948a5fa1f394c9/execute/async - {"script":"<script> [1562 bytes]","args":[{"selector":{"id":"application-managepartners-display-component---masterPtm--smartFilterBar-filterItemControl_BASIC-MAIN_ADDRESS-vhi"},"wdio_ui5_key":"applicationmanagepartners-display-component---masterPtm--smartFilterBar-filterItemControl_BASIC-MAIN_ADDRESS-vhi"}]}
RESULT: {"script":"<script> [1562 bytes]","args":[{"selector":{"id":"application-managepartners-display-component---masterPtm--smartFilterBar-filterItemControl_BASIC-MAIN_ADDRESS-vhi"},"wdio_ui5_key":"applicationmanagepartners-display-component---masterPtm--smartFilterBar-filterItemControl_BASIC-MAIN_ADDRESS-vhi"}]}
RESULT: undefined
COMMAND: POST /session/302c28dd03ec619932948a5fa1f394c9/element - {"using":"xpath","value":"//*[@id=\"application-managepartners-display-component---masterPtm--smartFilterBar-filterItemControl_BASIC-MAIN_ADDRESS-vhi\"]"}
RESULT: {"using":"xpath","value":"//*[@id=\"application-managepartners-display-component---masterPtm--smartFilterBar-filterItemControl_BASIC-MAIN_ADDRESS-vhi\"]"}
COMMAND: POST /session/302c28dd03ec619932948a5fa1f394c9/element/f.D6078088970B2F0795E5397A8DAD4E0E.d.31ED5ED0B7A4F5E0B4BA254E01829D12.e.6548/click - {}
RESULT: {}
COMMAND: GET /session/302c28dd03ec619932948a5fa1f394c9/screenshot - {}
RESULT: {}
COMMAND: POST /session/302c28dd03ec619932948a5fa1f394c9/execute/async - {"script":"<script> [1562 bytes]","args":[{"selector":{"id":"application-managepartners-display-component---masterPtm--smartFilterBar-filterItemControl_BASIC-MAIN_ADDRESS-valueHelpDialog-smartFilterBar-btnBasicSearch","searchOpenDialogs":true,"interaction":{"idSuffix":"I"}},"wdio_ui5_key":"applicationmanagepartners-display-component---masterPtm--smartFilterBar-filterItemControl_BASIC-MAIN_ADDRESS-valueHelpDialog-smartFilterBar-btnBasicSearch"}]}
RESULT: {"script":"<script> [1562 bytes]","args":[{"selector":{"id":"application-managepartners-display-component---masterPtm--smartFilterBar-filterItemControl_BASIC-MAIN_ADDRESS-valueHelpDialog-smartFilterBar-btnBasicSearch","searchOpenDialogs":true,"interaction":{"idSuffix":"I"}},"wdio_ui5_key":"applicationmanagepartners-display-component---masterPtm--smartFilterBar-filterItemControl_BASIC-MAIN_ADDRESS-valueHelpDialog-smartFilterBar-btnBasicSearch"}]}
RESULT: undefined
COMMAND: POST /session/302c28dd03ec619932948a5fa1f394c9/execute/async - {"script":"<script> [776 bytes]","args":[{"enterText":"Romania","selector":{"id":"application-managepartners-display-component---masterPtm--smartFilterBar-filterItemControl_BASIC-MAIN_ADDRESS-valueHelpDialog-smartFilterBar-btnBasicSearch","searchOpenDialogs":true,"interaction":{"idSuffix":"I"}},"clearTextFirst":true,"interactionType":"ENTER_TEXT"}]}
RESULT: {"script":"<script> [776 bytes]","args":[{"enterText":"Romania","selector":{"id":"application-managepartners-display-component---masterPtm--smartFilterBar-filterItemControl_BASIC-MAIN_ADDRESS-valueHelpDialog-smartFilterBar-btnBasicSearch","searchOpenDialogs":true,"interaction":{"idSuffix":"I"}},"clearTextFirst":true,"interactionType":"ENTER_TEXT"}]}
COMMAND: POST /session/302c28dd03ec619932948a5fa1f394c9/actions - {"actions":[{"id":"action20","type":"key","parameters":{},"actions":[{"type":"keyDown","value":""},{"type":"pause","duration":10},{"type":"keyUp","value":""}]}]}
RESULT: {"actions":[{"id":"action20","type":"key","parameters":{},"actions":[{"type":"keyDown","value":""},{"type":"pause","duration":10},{"type":"keyUp","value":""}]}]}
COMMAND: POST /session/302c28dd03ec619932948a5fa1f394c9/elements - {"using":"xpath","value":"//table[contains(@id, \"smartFilterBar-filterItemControl_BASIC-MAIN_ADDRESS-valueHelpDialog-table-table\")]/tbody/tr"}
COMMAND: GET /session/302c28dd03ec619932948a5fa1f394c9/screenshot - {}
RESULT: {"using":"xpath","value":"//table[contains(@id, \"smartFilterBar-filterItemControl_BASIC-MAIN_ADDRESS-valueHelpDialog-table-table\")]/tbody/tr"}
COMMAND: POST /session/302c28dd03ec619932948a5fa1f394c9/element - {"using":"xpath","value":"//table[contains(@id, \"smartFilterBar-filterItemControl_BASIC-MAIN_ADDRESS-valueHelpDialog-table-table\")]/tbody/tr[1]/td[1]/div/span"}
RESULT: {}
RESULT: {"using":"xpath","value":"//table[contains(@id, \"smartFilterBar-filterItemControl_BASIC-MAIN_ADDRESS-valueHelpDialog-table-table\")]/tbody/tr[1]/td[1]/div/span"}
COMMAND: POST /session/302c28dd03ec619932948a5fa1f394c9/elements - {"using":"xpath","value":"//table[contains(@id, \"smartFilterBar-filterItemControl_BASIC-MAIN_ADDRESS-valueHelpDialog-table-table\")]/tbody/tr[1]/td[1]/div/span"}
RESULT: {"using":"xpath","value":"//table[contains(@id, \"smartFilterBar-filterItemControl_BASIC-MAIN_ADDRESS-valueHelpDialog-table-table\")]/tbody/tr[1]/td[1]/div/span"}
COMMAND: POST /session/302c28dd03ec619932948a5fa1f394c9/execute/sync - {"script":"<script> [56 bytes]","args":[{"element-6066-11e4-a52e-4f735466cecf":"f.D6078088970B2F0795E5397A8DAD4E0E.d.31ED5ED0B7A4F5E0B4BA254E01829D12.e.6570","ELEMENT":"f.D6078088970B2F0795E5397A8DAD4E0E.d.31ED5ED0B7A4F5E0B4BA254E01829D12.e.6570"}]}
RESULT: {"script":"<script> [56 bytes]","args":[{"element-6066-11e4-a52e-4f735466cecf":"f.D6078088970B2F0795E5397A8DAD4E0E.d.31ED5ED0B7A4F5E0B4BA254E01829D12.e.6570","ELEMENT":"f.D6078088970B2F0795E5397A8DAD4E0E.d.31ED5ED0B7A4F5E0B4BA254E01829D12.e.6570"}]}
COMMAND: POST /session/302c28dd03ec619932948a5fa1f394c9/element - {"using":"xpath","value":"//div[contains(@id, \"filterItemControl_BASIC-MAIN_ADDRESS-valueHelpDialog-table-rowsel0\")]"}
COMMAND: GET /session/302c28dd03ec619932948a5fa1f394c9/screenshot - {}
RESULT: {"using":"xpath","value":"//div[contains(@id, \"filterItemControl_BASIC-MAIN_ADDRESS-valueHelpDialog-table-rowsel0\")]"}
COMMAND: POST /session/302c28dd03ec619932948a5fa1f394c9/element/f.D6078088970B2F0795E5397A8DAD4E0E.d.31ED5ED0B7A4F5E0B4BA254E01829D12.e.6571/click - {}
RESULT: {}
RESULT: {}
COMMAND: GET /session/302c28dd03ec619932948a5fa1f394c9/screenshot - {}
RESULT: {}
COMMAND: POST /session/302c28dd03ec619932948a5fa1f394c9/element - {"using":"xpath","value":"(//bdi[contains(text(), \"OK\")])[1]"}
RESULT: {"using":"xpath","value":"(//bdi[contains(text(), \"OK\")])[1]"}
COMMAND: POST /session/302c28dd03ec619932948a5fa1f394c9/element/f.D6078088970B2F0795E5397A8DAD4E0E.d.31ED5ED0B7A4F5E0B4BA254E01829D12.e.6573/click - {}
RESULT: {}
COMMAND: GET /session/302c28dd03ec619932948a5fa1f394c9/screenshot - {}
RESULT: {}
COMMAND: POST /session/302c28dd03ec619932948a5fa1f394c9/element - {"using":"xpath","value":"//span[@id=\"application-managepartners-display-component---masterPtm--smartTable-header-inner\"]"}
RESULT: {"using":"xpath","value":"//span[@id=\"application-managepartners-display-component---masterPtm--smartTable-header-inner\"]"}
COMMAND: POST /session/302c28dd03ec619932948a5fa1f394c9/elements - {"using":"xpath","value":"//span[@id=\"application-managepartners-display-component---masterPtm--smartTable-header-inner\"]"}
RESULT: {"using":"xpath","value":"//span[@id=\"application-managepartners-display-component---masterPtm--smartTable-header-inner\"]"}
COMMAND: POST /session/302c28dd03ec619932948a5fa1f394c9/execute/sync - {"script":"<script> [56 bytes]","args":[{"element-6066-11e4-a52e-4f735466cecf":"f.D6078088970B2F0795E5397A8DAD4E0E.d.31ED5ED0B7A4F5E0B4BA254E01829D12.e.6369","ELEMENT":"f.D6078088970B2F0795E5397A8DAD4E0E.d.31ED5ED0B7A4F5E0B4BA254E01829D12.e.6369"}]}
RESULT: {"script":"<script> [56 bytes]","args":[{"element-6066-11e4-a52e-4f735466cecf":"f.D6078088970B2F0795E5397A8DAD4E0E.d.31ED5ED0B7A4F5E0B4BA254E01829D12.e.6369","ELEMENT":"f.D6078088970B2F0795E5397A8DAD4E0E.d.31ED5ED0B7A4F5E0B4BA254E01829D12.e.6369"}]}
COMMAND: POST /session/302c28dd03ec619932948a5fa1f394c9/element - {"using":"xpath","value":"//span[contains(@title, \"Remove\")]"}
COMMAND: GET /session/302c28dd03ec619932948a5fa1f394c9/screenshot - {}
RESULT: {"using":"xpath","value":"//span[contains(@title, \"Remove\")]"}
COMMAND: POST /session/302c28dd03ec619932948a5fa1f394c9/element/f.D6078088970B2F0795E5397A8DAD4E0E.d.31ED5ED0B7A4F5E0B4BA254E01829D12.e.6586/click - {}
RESULT: {}
RESULT: {}
COMMAND: GET /session/302c28dd03ec619932948a5fa1f394c9/screenshot - {}
COMMAND: POST /session/302c28dd03ec619932948a5fa1f394c9/element - {"using":"xpath","value":"//span[@id=\"application-managepartners-display-component---masterPtm--smartTable-header-inner\"]"}
RESULT: {}
RESULT: {"using":"xpath","value":"//span[@id=\"application-managepartners-display-component---masterPtm--smartTable-header-inner\"]"}
COMMAND: POST /session/302c28dd03ec619932948a5fa1f394c9/elements - {"using":"xpath","value":"//span[@id=\"application-managepartners-display-component---masterPtm--smartTable-header-inner\"]"}
RESULT: {"using":"xpath","value":"//span[@id=\"application-managepartners-display-component---masterPtm--smartTable-header-inner\"]"}
COMMAND: POST /session/302c28dd03ec619932948a5fa1f394c9/execute/sync - {"script":"<script> [56 bytes]","args":[{"element-6066-11e4-a52e-4f735466cecf":"f.D6078088970B2F0795E5397A8DAD4E0E.d.31ED5ED0B7A4F5E0B4BA254E01829D12.e.6369","ELEMENT":"f.D6078088970B2F0795E5397A8DAD4E0E.d.31ED5ED0B7A4F5E0B4BA254E01829D12.e.6369"}]}
RESULT: {"script":"<script> [56 bytes]","args":[{"element-6066-11e4-a52e-4f735466cecf":"f.D6078088970B2F0795E5397A8DAD4E0E.d.31ED5ED0B7A4F5E0B4BA254E01829D12.e.6369","ELEMENT":"f.D6078088970B2F0795E5397A8DAD4E0E.d.31ED5ED0B7A4F5E0B4BA254E01829D12.e.6369"}]}
COMMAND: POST /session/302c28dd03ec619932948a5fa1f394c9/execute/async - {"script":"<script> [1562 bytes]","args":[{"selector":{"id":"application-managepartners-display-component---masterPtm--smartFilterBar-filterItemControl_BASIC-YARD-vhi"},"wdio_ui5_key":"applicationmanagepartners-display-component---masterPtm--smartFilterBar-filterItemControl_BASIC-YARD-vhi"}]}
COMMAND: GET /session/302c28dd03ec619932948a5fa1f394c9/screenshot - {}
RESULT: {"script":"<script> [1562 bytes]","args":[{"selector":{"id":"application-managepartners-display-component---masterPtm--smartFilterBar-filterItemControl_BASIC-YARD-vhi"},"wdio_ui5_key":"applicationmanagepartners-display-component---masterPtm--smartFilterBar-filterItemControl_BASIC-YARD-vhi"}]}
RESULT: undefined
COMMAND: POST /session/302c28dd03ec619932948a5fa1f394c9/element - {"using":"xpath","value":"//*[@id=\"application-managepartners-display-component---masterPtm--smartFilterBar-filterItemControl_BASIC-YARD-vhi\"]"}
RESULT: {}
RESULT: {"using":"xpath","value":"//*[@id=\"application-managepartners-display-component---masterPtm--smartFilterBar-filterItemControl_BASIC-YARD-vhi\"]"}
COMMAND: POST /session/302c28dd03ec619932948a5fa1f394c9/element/f.D6078088970B2F0795E5397A8DAD4E0E.d.31ED5ED0B7A4F5E0B4BA254E01829D12.e.6691/click - {}
RESULT: {}
COMMAND: GET /session/302c28dd03ec619932948a5fa1f394c9/screenshot - {}
RESULT: {}
COMMAND: POST /session/302c28dd03ec619932948a5fa1f394c9/execute/async - {"script":"<script> [1562 bytes]","args":[{"selector":{"id":"application-managepartners-display-component---masterPtm--smartFilterBar-filterItemControl_BASIC-YARD-valueHelpDialog-smartFilterBar-btnBasicSearch","searchOpenDialogs":true,"interaction":{"idSuffix":"I"}},"wdio_ui5_key":"applicationmanagepartners-display-component---masterPtm--smartFilterBar-filterItemControl_BASIC-YARD-valueHelpDialog-smartFilterBar-btnBasicSearch"}]}
RESULT: {"script":"<script> [1562 bytes]","args":[{"selector":{"id":"application-managepartners-display-component---masterPtm--smartFilterBar-filterItemControl_BASIC-YARD-valueHelpDialog-smartFilterBar-btnBasicSearch","searchOpenDialogs":true,"interaction":{"idSuffix":"I"}},"wdio_ui5_key":"applicationmanagepartners-display-component---masterPtm--smartFilterBar-filterItemControl_BASIC-YARD-valueHelpDialog-smartFilterBar-btnBasicSearch"}]}
RESULT: undefined
COMMAND: POST /session/302c28dd03ec619932948a5fa1f394c9/execute/async - {"script":"<script> [776 bytes]","args":[{"enterText":"Test","selector":{"id":"application-managepartners-display-component---masterPtm--smartFilterBar-filterItemControl_BASIC-YARD-valueHelpDialog-smartFilterBar-btnBasicSearch","searchOpenDialogs":true,"interaction":{"idSuffix":"I"}},"clearTextFirst":true,"interactionType":"ENTER_TEXT"}]}
RESULT: {"script":"<script> [776 bytes]","args":[{"enterText":"Test","selector":{"id":"application-managepartners-display-component---masterPtm--smartFilterBar-filterItemControl_BASIC-YARD-valueHelpDialog-smartFilterBar-btnBasicSearch","searchOpenDialogs":true,"interaction":{"idSuffix":"I"}},"clearTextFirst":true,"interactionType":"ENTER_TEXT"}]}
COMMAND: POST /session/302c28dd03ec619932948a5fa1f394c9/actions - {"actions":[{"id":"action21","type":"key","parameters":{},"actions":[{"type":"keyDown","value":""},{"type":"pause","duration":10},{"type":"keyUp","value":""}]}]}
RESULT: {"actions":[{"id":"action21","type":"key","parameters":{},"actions":[{"type":"keyDown","value":""},{"type":"pause","duration":10},{"type":"keyUp","value":""}]}]}
COMMAND: POST /session/302c28dd03ec619932948a5fa1f394c9/elements - {"using":"xpath","value":"//table[contains(@id, \"smartFilterBar-filterItemControl_BASIC-YARD-valueHelpDialog-table-table\")]/tbody/tr"}
COMMAND: GET /session/302c28dd03ec619932948a5fa1f394c9/screenshot - {}
RESULT: {"using":"xpath","value":"//table[contains(@id, \"smartFilterBar-filterItemControl_BASIC-YARD-valueHelpDialog-table-table\")]/tbody/tr"}
COMMAND: POST /session/302c28dd03ec619932948a5fa1f394c9/element - {"using":"xpath","value":"//table[contains(@id, \"smartFilterBar-filterItemControl_BASIC-YARD-valueHelpDialog-table-table\")]/tbody/tr[1]/td[1]/div/span"}
RESULT: {}
RESULT: {"using":"xpath","value":"//table[contains(@id, \"smartFilterBar-filterItemControl_BASIC-YARD-valueHelpDialog-table-table\")]/tbody/tr[1]/td[1]/div/span"}
COMMAND: POST /session/302c28dd03ec619932948a5fa1f394c9/elements - {"using":"xpath","value":"//table[contains(@id, \"smartFilterBar-filterItemControl_BASIC-YARD-valueHelpDialog-table-table\")]/tbody/tr[1]/td[1]/div/span"}
RESULT: {"using":"xpath","value":"//table[contains(@id, \"smartFilterBar-filterItemControl_BASIC-YARD-valueHelpDialog-table-table\")]/tbody/tr[1]/td[1]/div/span"}
COMMAND: POST /session/302c28dd03ec619932948a5fa1f394c9/execute/sync - {"script":"<script> [56 bytes]","args":[{"element-6066-11e4-a52e-4f735466cecf":"f.D6078088970B2F0795E5397A8DAD4E0E.d.31ED5ED0B7A4F5E0B4BA254E01829D12.e.6711","ELEMENT":"f.D6078088970B2F0795E5397A8DAD4E0E.d.31ED5ED0B7A4F5E0B4BA254E01829D12.e.6711"}]}
RESULT: {"script":"<script> [56 bytes]","args":[{"element-6066-11e4-a52e-4f735466cecf":"f.D6078088970B2F0795E5397A8DAD4E0E.d.31ED5ED0B7A4F5E0B4BA254E01829D12.e.6711","ELEMENT":"f.D6078088970B2F0795E5397A8DAD4E0E.d.31ED5ED0B7A4F5E0B4BA254E01829D12.e.6711"}]}
COMMAND: POST /session/302c28dd03ec619932948a5fa1f394c9/element - {"using":"xpath","value":"//table[contains(@id, \"smartFilterBar-filterItemControl_BASIC-YARD-valueHelpDialog-table-table\")]/tbody/tr[2]/td[1]/div/span"}
COMMAND: GET /session/302c28dd03ec619932948a5fa1f394c9/screenshot - {}
RESULT: {"using":"xpath","value":"//table[contains(@id, \"smartFilterBar-filterItemControl_BASIC-YARD-valueHelpDialog-table-table\")]/tbody/tr[2]/td[1]/div/span"}
COMMAND: POST /session/302c28dd03ec619932948a5fa1f394c9/elements - {"using":"xpath","value":"//table[contains(@id, \"smartFilterBar-filterItemControl_BASIC-YARD-valueHelpDialog-table-table\")]/tbody/tr[2]/td[1]/div/span"}
RESULT: {}
RESULT: {"using":"xpath","value":"//table[contains(@id, \"smartFilterBar-filterItemControl_BASIC-YARD-valueHelpDialog-table-table\")]/tbody/tr[2]/td[1]/div/span"}
COMMAND: POST /session/302c28dd03ec619932948a5fa1f394c9/execute/sync - {"script":"<script> [56 bytes]","args":[{"element-6066-11e4-a52e-4f735466cecf":"f.D6078088970B2F0795E5397A8DAD4E0E.d.31ED5ED0B7A4F5E0B4BA254E01829D12.e.6712","ELEMENT":"f.D6078088970B2F0795E5397A8DAD4E0E.d.31ED5ED0B7A4F5E0B4BA254E01829D12.e.6712"}]}
RESULT: {"script":"<script> [56 bytes]","args":[{"element-6066-11e4-a52e-4f735466cecf":"f.D6078088970B2F0795E5397A8DAD4E0E.d.31ED5ED0B7A4F5E0B4BA254E01829D12.e.6712","ELEMENT":"f.D6078088970B2F0795E5397A8DAD4E0E.d.31ED5ED0B7A4F5E0B4BA254E01829D12.e.6712"}]}
COMMAND: POST /session/302c28dd03ec619932948a5fa1f394c9/element - {"using":"xpath","value":"//table[contains(@id, \"smartFilterBar-filterItemControl_BASIC-YARD-valueHelpDialog-table-table\")]/tbody/tr[3]/td[1]/div/span"}
COMMAND: GET /session/302c28dd03ec619932948a5fa1f394c9/screenshot - {}
RESULT: {"using":"xpath","value":"//table[contains(@id, \"smartFilterBar-filterItemControl_BASIC-YARD-valueHelpDialog-table-table\")]/tbody/tr[3]/td[1]/div/span"}
COMMAND: POST /session/302c28dd03ec619932948a5fa1f394c9/elements - {"using":"xpath","value":"//table[contains(@id, \"smartFilterBar-filterItemControl_BASIC-YARD-valueHelpDialog-table-table\")]/tbody/tr[3]/td[1]/div/span"}
RESULT: {}
RESULT: {"using":"xpath","value":"//table[contains(@id, \"smartFilterBar-filterItemControl_BASIC-YARD-valueHelpDialog-table-table\")]/tbody/tr[3]/td[1]/div/span"}
COMMAND: POST /session/302c28dd03ec619932948a5fa1f394c9/execute/sync - {"script":"<script> [56 bytes]","args":[{"element-6066-11e4-a52e-4f735466cecf":"f.D6078088970B2F0795E5397A8DAD4E0E.d.31ED5ED0B7A4F5E0B4BA254E01829D12.e.6713","ELEMENT":"f.D6078088970B2F0795E5397A8DAD4E0E.d.31ED5ED0B7A4F5E0B4BA254E01829D12.e.6713"}]}
RESULT: {"script":"<script> [56 bytes]","args":[{"element-6066-11e4-a52e-4f735466cecf":"f.D6078088970B2F0795E5397A8DAD4E0E.d.31ED5ED0B7A4F5E0B4BA254E01829D12.e.6713","ELEMENT":"f.D6078088970B2F0795E5397A8DAD4E0E.d.31ED5ED0B7A4F5E0B4BA254E01829D12.e.6713"}]}
COMMAND: POST /session/302c28dd03ec619932948a5fa1f394c9/element - {"using":"xpath","value":"//div[contains(@id, \"filterItemControl_BASIC-YARD-valueHelpDialog-table-rowsel2\")]"}
COMMAND: GET /session/302c28dd03ec619932948a5fa1f394c9/screenshot - {}
RESULT: {"using":"xpath","value":"//div[contains(@id, \"filterItemControl_BASIC-YARD-valueHelpDialog-table-rowsel2\")]"}
COMMAND: POST /session/302c28dd03ec619932948a5fa1f394c9/element/f.D6078088970B2F0795E5397A8DAD4E0E.d.31ED5ED0B7A4F5E0B4BA254E01829D12.e.6714/click - {}
RESULT: {}
RESULT: {}
COMMAND: GET /session/302c28dd03ec619932948a5fa1f394c9/screenshot - {}
RESULT: {}
COMMAND: POST /session/302c28dd03ec619932948a5fa1f394c9/element - {"using":"xpath","value":"(//bdi[contains(text(), \"OK\")])[1]"}
RESULT: {"using":"xpath","value":"(//bdi[contains(text(), \"OK\")])[1]"}
COMMAND: POST /session/302c28dd03ec619932948a5fa1f394c9/element/f.D6078088970B2F0795E5397A8DAD4E0E.d.31ED5ED0B7A4F5E0B4BA254E01829D12.e.6716/click - {}
RESULT: {}
COMMAND: GET /session/302c28dd03ec619932948a5fa1f394c9/screenshot - {}
RESULT: {}
COMMAND: POST /session/302c28dd03ec619932948a5fa1f394c9/element - {"using":"xpath","value":"//span[@id=\"application-managepartners-display-component---masterPtm--smartTable-header-inner\"]"}
RESULT: {"using":"xpath","value":"//span[@id=\"application-managepartners-display-component---masterPtm--smartTable-header-inner\"]"}
COMMAND: POST /session/302c28dd03ec619932948a5fa1f394c9/elements - {"using":"xpath","value":"//span[@id=\"application-managepartners-display-component---masterPtm--smartTable-header-inner\"]"}
RESULT: {"using":"xpath","value":"//span[@id=\"application-managepartners-display-component---masterPtm--smartTable-header-inner\"]"}
COMMAND: POST /session/302c28dd03ec619932948a5fa1f394c9/execute/sync - {"script":"<script> [56 bytes]","args":[{"element-6066-11e4-a52e-4f735466cecf":"f.D6078088970B2F0795E5397A8DAD4E0E.d.31ED5ED0B7A4F5E0B4BA254E01829D12.e.6369","ELEMENT":"f.D6078088970B2F0795E5397A8DAD4E0E.d.31ED5ED0B7A4F5E0B4BA254E01829D12.e.6369"}]}
RESULT: {"script":"<script> [56 bytes]","args":[{"element-6066-11e4-a52e-4f735466cecf":"f.D6078088970B2F0795E5397A8DAD4E0E.d.31ED5ED0B7A4F5E0B4BA254E01829D12.e.6369","ELEMENT":"f.D6078088970B2F0795E5397A8DAD4E0E.d.31ED5ED0B7A4F5E0B4BA254E01829D12.e.6369"}]}
COMMAND: POST /session/302c28dd03ec619932948a5fa1f394c9/element - {"using":"xpath","value":"//span[contains(@title, \"Remove\")]"}
COMMAND: GET /session/302c28dd03ec619932948a5fa1f394c9/screenshot - {}
RESULT: {"using":"xpath","value":"//span[contains(@title, \"Remove\")]"}
COMMAND: POST /session/302c28dd03ec619932948a5fa1f394c9/element/f.D6078088970B2F0795E5397A8DAD4E0E.d.31ED5ED0B7A4F5E0B4BA254E01829D12.e.6729/click - {}
RESULT: {}
RESULT: {}
COMMAND: GET /session/302c28dd03ec619932948a5fa1f394c9/screenshot - {}
COMMAND: POST /session/302c28dd03ec619932948a5fa1f394c9/element - {"using":"xpath","value":"//span[@id=\"application-managepartners-display-component---masterPtm--smartTable-header-inner\"]"}
RESULT: {}
RESULT: {"using":"xpath","value":"//span[@id=\"application-managepartners-display-component---masterPtm--smartTable-header-inner\"]"}
COMMAND: POST /session/302c28dd03ec619932948a5fa1f394c9/elements - {"using":"xpath","value":"//span[@id=\"application-managepartners-display-component---masterPtm--smartTable-header-inner\"]"}
RESULT: {"using":"xpath","value":"//span[@id=\"application-managepartners-display-component---masterPtm--smartTable-header-inner\"]"}
COMMAND: POST /session/302c28dd03ec619932948a5fa1f394c9/execute/sync - {"script":"<script> [56 bytes]","args":[{"element-6066-11e4-a52e-4f735466cecf":"f.D6078088970B2F0795E5397A8DAD4E0E.d.31ED5ED0B7A4F5E0B4BA254E01829D12.e.6369","ELEMENT":"f.D6078088970B2F0795E5397A8DAD4E0E.d.31ED5ED0B7A4F5E0B4BA254E01829D12.e.6369"}]}
RESULT: {"script":"<script> [56 bytes]","args":[{"element-6066-11e4-a52e-4f735466cecf":"f.D6078088970B2F0795E5397A8DAD4E0E.d.31ED5ED0B7A4F5E0B4BA254E01829D12.e.6369","ELEMENT":"f.D6078088970B2F0795E5397A8DAD4E0E.d.31ED5ED0B7A4F5E0B4BA254E01829D12.e.6369"}]}
COMMAND: POST /session/302c28dd03ec619932948a5fa1f394c9/execute/async - {"script":"<script> [1562 bytes]","args":[{"selector":{"id":"application-managepartners-display-component---masterPtm--smartFilterBar-filterItemControl_BASIC-ALL_TAGS-vhi"},"wdio_ui5_key":"applicationmanagepartners-display-component---masterPtm--smartFilterBar-filterItemControl_BASIC-ALL_TAGS-vhi"}]}
COMMAND: GET /session/302c28dd03ec619932948a5fa1f394c9/screenshot - {}
RESULT: {"script":"<script> [1562 bytes]","args":[{"selector":{"id":"application-managepartners-display-component---masterPtm--smartFilterBar-filterItemControl_BASIC-ALL_TAGS-vhi"},"wdio_ui5_key":"applicationmanagepartners-display-component---masterPtm--smartFilterBar-filterItemControl_BASIC-ALL_TAGS-vhi"}]}
RESULT: undefined
COMMAND: POST /session/302c28dd03ec619932948a5fa1f394c9/element - {"using":"xpath","value":"//*[@id=\"application-managepartners-display-component---masterPtm--smartFilterBar-filterItemControl_BASIC-ALL_TAGS-vhi\"]"}
RESULT: {}
RESULT: {"using":"xpath","value":"//*[@id=\"application-managepartners-display-component---masterPtm--smartFilterBar-filterItemControl_BASIC-ALL_TAGS-vhi\"]"}
COMMAND: POST /session/302c28dd03ec619932948a5fa1f394c9/element/f.D6078088970B2F0795E5397A8DAD4E0E.d.31ED5ED0B7A4F5E0B4BA254E01829D12.e.6833/click - {}
RESULT: {}
COMMAND: GET /session/302c28dd03ec619932948a5fa1f394c9/screenshot - {}
RESULT: {}
COMMAND: POST /session/302c28dd03ec619932948a5fa1f394c9/execute/async - {"script":"<script> [1562 bytes]","args":[{"selector":{"id":"application-managepartners-display-component---masterPtm--smartFilterBar-filterItemControl_BASIC-ALL_TAGS-valueHelpDialog-smartFilterBar-btnBasicSearch","searchOpenDialogs":true,"interaction":{"idSuffix":"I"}},"wdio_ui5_key":"applicationmanagepartners-display-component---masterPtm--smartFilterBar-filterItemControl_BASIC-ALL_TAGS-valueHelpDialog-smartFilterBar-btnBasicSearch"}]}
RESULT: {"script":"<script> [1562 bytes]","args":[{"selector":{"id":"application-managepartners-display-component---masterPtm--smartFilterBar-filterItemControl_BASIC-ALL_TAGS-valueHelpDialog-smartFilterBar-btnBasicSearch","searchOpenDialogs":true,"interaction":{"idSuffix":"I"}},"wdio_ui5_key":"applicationmanagepartners-display-component---masterPtm--smartFilterBar-filterItemControl_BASIC-ALL_TAGS-valueHelpDialog-smartFilterBar-btnBasicSearch"}]}
RESULT: undefined
COMMAND: POST /session/302c28dd03ec619932948a5fa1f394c9/execute/async - {"script":"<script> [776 bytes]","args":[{"enterText":"test-tag-1","selector":{"id":"application-managepartners-display-component---masterPtm--smartFilterBar-filterItemControl_BASIC-ALL_TAGS-valueHelpDialog-smartFilterBar-btnBasicSearch","searchOpenDialogs":true,"interaction":{"idSuffix":"I"}},"clearTextFirst":true,"interactionType":"ENTER_TEXT"}]}
RESULT: {"script":"<script> [776 bytes]","args":[{"enterText":"test-tag-1","selector":{"id":"application-managepartners-display-component---masterPtm--smartFilterBar-filterItemControl_BASIC-ALL_TAGS-valueHelpDialog-smartFilterBar-btnBasicSearch","searchOpenDialogs":true,"interaction":{"idSuffix":"I"}},"clearTextFirst":true,"interactionType":"ENTER_TEXT"}]}
COMMAND: POST /session/302c28dd03ec619932948a5fa1f394c9/actions - {"actions":[{"id":"action22","type":"key","parameters":{},"actions":[{"type":"keyDown","value":""},{"type":"pause","duration":10},{"type":"keyUp","value":""}]}]}
RESULT: {"actions":[{"id":"action22","type":"key","parameters":{},"actions":[{"type":"keyDown","value":""},{"type":"pause","duration":10},{"type":"keyUp","value":""}]}]}
COMMAND: POST /session/302c28dd03ec619932948a5fa1f394c9/elements - {"using":"xpath","value":"//table[contains(@id, \"smartFilterBar-filterItemControl_BASIC-ALL_TAGS-valueHelpDialog-table-table\")]/tbody/tr"}
COMMAND: GET /session/302c28dd03ec619932948a5fa1f394c9/screenshot - {}
RESULT: {"using":"xpath","value":"//table[contains(@id, \"smartFilterBar-filterItemControl_BASIC-ALL_TAGS-valueHelpDialog-table-table\")]/tbody/tr"}
COMMAND: POST /session/302c28dd03ec619932948a5fa1f394c9/element - {"using":"xpath","value":"//table[contains(@id, \"smartFilterBar-filterItemControl_BASIC-ALL_TAGS-valueHelpDialog-table-table\")]/tbody/tr[1]/td[1]/div/span"}
RESULT: {}
RESULT: {"using":"xpath","value":"//table[contains(@id, \"smartFilterBar-filterItemControl_BASIC-ALL_TAGS-valueHelpDialog-table-table\")]/tbody/tr[1]/td[1]/div/span"}
COMMAND: POST /session/302c28dd03ec619932948a5fa1f394c9/elements - {"using":"xpath","value":"//table[contains(@id, \"smartFilterBar-filterItemControl_BASIC-ALL_TAGS-valueHelpDialog-table-table\")]/tbody/tr[1]/td[1]/div/span"}
RESULT: {"using":"xpath","value":"//table[contains(@id, \"smartFilterBar-filterItemControl_BASIC-ALL_TAGS-valueHelpDialog-table-table\")]/tbody/tr[1]/td[1]/div/span"}
COMMAND: POST /session/302c28dd03ec619932948a5fa1f394c9/execute/sync - {"script":"<script> [56 bytes]","args":[{"element-6066-11e4-a52e-4f735466cecf":"f.D6078088970B2F0795E5397A8DAD4E0E.d.31ED5ED0B7A4F5E0B4BA254E01829D12.e.6855","ELEMENT":"f.D6078088970B2F0795E5397A8DAD4E0E.d.31ED5ED0B7A4F5E0B4BA254E01829D12.e.6855"}]}
RESULT: {"script":"<script> [56 bytes]","args":[{"element-6066-11e4-a52e-4f735466cecf":"f.D6078088970B2F0795E5397A8DAD4E0E.d.31ED5ED0B7A4F5E0B4BA254E01829D12.e.6855","ELEMENT":"f.D6078088970B2F0795E5397A8DAD4E0E.d.31ED5ED0B7A4F5E0B4BA254E01829D12.e.6855"}]}
COMMAND: POST /session/302c28dd03ec619932948a5fa1f394c9/element - {"using":"xpath","value":"//div[contains(@id, \"filterItemControl_BASIC-ALL_TAGS-valueHelpDialog-table-rowsel0\")]"}
COMMAND: GET /session/302c28dd03ec619932948a5fa1f394c9/screenshot - {}
RESULT: {"using":"xpath","value":"//div[contains(@id, \"filterItemControl_BASIC-ALL_TAGS-valueHelpDialog-table-rowsel0\")]"}
COMMAND: POST /session/302c28dd03ec619932948a5fa1f394c9/element/f.D6078088970B2F0795E5397A8DAD4E0E.d.31ED5ED0B7A4F5E0B4BA254E01829D12.e.6856/click - {}
RESULT: {}
RESULT: {}
COMMAND: GET /session/302c28dd03ec619932948a5fa1f394c9/screenshot - {}
RESULT: {}
COMMAND: POST /session/302c28dd03ec619932948a5fa1f394c9/element - {"using":"xpath","value":"(//bdi[contains(text(), \"OK\")])[1]"}
RESULT: {"using":"xpath","value":"(//bdi[contains(text(), \"OK\")])[1]"}
COMMAND: POST /session/302c28dd03ec619932948a5fa1f394c9/element/f.D6078088970B2F0795E5397A8DAD4E0E.d.31ED5ED0B7A4F5E0B4BA254E01829D12.e.6858/click - {}
RESULT: {}
COMMAND: GET /session/302c28dd03ec619932948a5fa1f394c9/screenshot - {}
RESULT: {}
COMMAND: POST /session/302c28dd03ec619932948a5fa1f394c9/element - {"using":"xpath","value":"//span[@id=\"application-managepartners-display-component---masterPtm--smartTable-header-inner\"]"}
RESULT: {"using":"xpath","value":"//span[@id=\"application-managepartners-display-component---masterPtm--smartTable-header-inner\"]"}
COMMAND: POST /session/302c28dd03ec619932948a5fa1f394c9/elements - {"using":"xpath","value":"//span[@id=\"application-managepartners-display-component---masterPtm--smartTable-header-inner\"]"}
RESULT: {"using":"xpath","value":"//span[@id=\"application-managepartners-display-component---masterPtm--smartTable-header-inner\"]"}
COMMAND: POST /session/302c28dd03ec619932948a5fa1f394c9/execute/sync - {"script":"<script> [56 bytes]","args":[{"element-6066-11e4-a52e-4f735466cecf":"f.D6078088970B2F0795E5397A8DAD4E0E.d.31ED5ED0B7A4F5E0B4BA254E01829D12.e.6369","ELEMENT":"f.D6078088970B2F0795E5397A8DAD4E0E.d.31ED5ED0B7A4F5E0B4BA254E01829D12.e.6369"}]}
RESULT: {"script":"<script> [56 bytes]","args":[{"element-6066-11e4-a52e-4f735466cecf":"f.D6078088970B2F0795E5397A8DAD4E0E.d.31ED5ED0B7A4F5E0B4BA254E01829D12.e.6369","ELEMENT":"f.D6078088970B2F0795E5397A8DAD4E0E.d.31ED5ED0B7A4F5E0B4BA254E01829D12.e.6369"}]}
COMMAND: POST /session/302c28dd03ec619932948a5fa1f394c9/element - {"using":"xpath","value":"//span[contains(@title, \"Remove\")]"}
COMMAND: GET /session/302c28dd03ec619932948a5fa1f394c9/screenshot - {}
RESULT: {"using":"xpath","value":"//span[contains(@title, \"Remove\")]"}
COMMAND: POST /session/302c28dd03ec619932948a5fa1f394c9/element/f.D6078088970B2F0795E5397A8DAD4E0E.d.31ED5ED0B7A4F5E0B4BA254E01829D12.e.6880/click - {}
RESULT: {}
RESULT: {}
COMMAND: GET /session/302c28dd03ec619932948a5fa1f394c9/screenshot - {}
COMMAND: POST /session/302c28dd03ec619932948a5fa1f394c9/execute/async - {"script":"<script> [1562 bytes]","args":[{"selector":{"id":"application-managepartners-display-component---masterPtm--partnerTypes-arrow"},"wdio_ui5_key":"applicationmanagepartners-display-component---masterPtm--partnerTypes-arrow"}]}
RESULT: {}
RESULT: {"script":"<script> [1562 bytes]","args":[{"selector":{"id":"application-managepartners-display-component---masterPtm--partnerTypes-arrow"},"wdio_ui5_key":"applicationmanagepartners-display-component---masterPtm--partnerTypes-arrow"}]}
RESULT: undefined
COMMAND: POST /session/302c28dd03ec619932948a5fa1f394c9/element - {"using":"xpath","value":"//*[@id=\"application-managepartners-display-component---masterPtm--partnerTypes-arrow\"]"}
RESULT: {"using":"xpath","value":"//*[@id=\"application-managepartners-display-component---masterPtm--partnerTypes-arrow\"]"}
COMMAND: POST /session/302c28dd03ec619932948a5fa1f394c9/element/f.D6078088970B2F0795E5397A8DAD4E0E.d.31ED5ED0B7A4F5E0B4BA254E01829D12.e.6985/click - {}
RESULT: {}
COMMAND: GET /session/302c28dd03ec619932948a5fa1f394c9/screenshot - {}
RESULT: {}
COMMAND: POST /session/302c28dd03ec619932948a5fa1f394c9/element - {"using":"xpath","value":"//li[.//span[text()=\"External partner\"]]//div[contains(@class,\"sapMCbBg\")]"}
RESULT: {"using":"xpath","value":"//li[.//span[text()=\"External partner\"]]//div[contains(@class,\"sapMCbBg\")]"}
COMMAND: POST /session/302c28dd03ec619932948a5fa1f394c9/element/f.D6078088970B2F0795E5397A8DAD4E0E.d.31ED5ED0B7A4F5E0B4BA254E01829D12.e.6988/click - {}
RESULT: {}
COMMAND: GET /session/302c28dd03ec619932948a5fa1f394c9/screenshot - {}
RESULT: {}
COMMAND: POST /session/302c28dd03ec619932948a5fa1f394c9/element - {"using":"xpath","value":"//span[@id=\"application-managepartners-display-component---masterPtm--smartTable-header-inner\"]"}
RESULT: {"using":"xpath","value":"//span[@id=\"application-managepartners-display-component---masterPtm--smartTable-header-inner\"]"}
COMMAND: POST /session/302c28dd03ec619932948a5fa1f394c9/elements - {"using":"xpath","value":"//span[@id=\"application-managepartners-display-component---masterPtm--smartTable-header-inner\"]"}
RESULT: {"using":"xpath","value":"//span[@id=\"application-managepartners-display-component---masterPtm--smartTable-header-inner\"]"}
COMMAND: POST /session/302c28dd03ec619932948a5fa1f394c9/execute/sync - {"script":"<script> [56 bytes]","args":[{"element-6066-11e4-a52e-4f735466cecf":"f.D6078088970B2F0795E5397A8DAD4E0E.d.31ED5ED0B7A4F5E0B4BA254E01829D12.e.6369","ELEMENT":"f.D6078088970B2F0795E5397A8DAD4E0E.d.31ED5ED0B7A4F5E0B4BA254E01829D12.e.6369"}]}
RESULT: {"script":"<script> [56 bytes]","args":[{"element-6066-11e4-a52e-4f735466cecf":"f.D6078088970B2F0795E5397A8DAD4E0E.d.31ED5ED0B7A4F5E0B4BA254E01829D12.e.6369","ELEMENT":"f.D6078088970B2F0795E5397A8DAD4E0E.d.31ED5ED0B7A4F5E0B4BA254E01829D12.e.6369"}]}
COMMAND: POST /session/302c28dd03ec619932948a5fa1f394c9/element - {"using":"xpath","value":"//span[contains(@title, \"Remove\")]"}
COMMAND: GET /session/302c28dd03ec619932948a5fa1f394c9/screenshot - {}
RESULT: {"using":"xpath","value":"//span[contains(@title, \"Remove\")]"}
COMMAND: POST /session/302c28dd03ec619932948a5fa1f394c9/element/f.D6078088970B2F0795E5397A8DAD4E0E.d.31ED5ED0B7A4F5E0B4BA254E01829D12.e.7107/click - {}
RESULT: {}
RESULT: {}
COMMAND: GET /session/302c28dd03ec619932948a5fa1f394c9/screenshot - {}
RESULT: {}
COMMAND: POST /session/302c28dd03ec619932948a5fa1f394c9/execute/async - {"script":"<script> [1562 bytes]","args":[{"selector":{"id":"application-managepartners-display-component---masterPtm--smartFilterBar-btnFilters","interaction":{"idSuffix":"BDI-content"}},"wdio_ui5_key":"applicationmanagepartners-display-component---masterPtm--smartFilterBar-btnFilters"}]}
RESULT: {"script":"<script> [1562 bytes]","args":[{"selector":{"id":"application-managepartners-display-component---masterPtm--smartFilterBar-btnFilters","interaction":{"idSuffix":"BDI-content"}},"wdio_ui5_key":"applicationmanagepartners-display-component---masterPtm--smartFilterBar-btnFilters"}]}
RESULT: undefined
COMMAND: POST /session/302c28dd03ec619932948a5fa1f394c9/element - {"using":"xpath","value":"//*[@id=\"application-managepartners-display-component---masterPtm--smartFilterBar-btnFilters\"]"}
RESULT: {"using":"xpath","value":"//*[@id=\"application-managepartners-display-component---masterPtm--smartFilterBar-btnFilters\"]"}
COMMAND: POST /session/302c28dd03ec619932948a5fa1f394c9/element/f.D6078088970B2F0795E5397A8DAD4E0E.d.31ED5ED0B7A4F5E0B4BA254E01829D12.e.6211/click - {}
RESULT: {}
COMMAND: GET /session/302c28dd03ec619932948a5fa1f394c9/screenshot - {}
RESULT: {}
COMMAND: POST /session/302c28dd03ec619932948a5fa1f394c9/elements - {"using":"xpath","value":"//table[contains(@id, \"listView-innerSelectionPanelTable-listUl\")]/tbody/tr"}
RESULT: {"using":"xpath","value":"//table[contains(@id, \"listView-innerSelectionPanelTable-listUl\")]/tbody/tr"}
COMMAND: POST /session/302c28dd03ec619932948a5fa1f394c9/element - {"using":"xpath","value":"//table[contains(@id, \"listView-innerSelectionPanelTable-listUl\")]/tbody/tr[2]/td[2]/div/div"}
RESULT: {"using":"xpath","value":"//table[contains(@id, \"listView-innerSelectionPanelTable-listUl\")]/tbody/tr[2]/td[2]/div/div"}
COMMAND: POST /session/302c28dd03ec619932948a5fa1f394c9/element - {"using":"xpath","value":"//table[contains(@id, \"listView-innerSelectionPanelTable-listUl\")]/tbody/tr[2]/td[2]/div"}
RESULT: {"using":"xpath","value":"//table[contains(@id, \"listView-innerSelectionPanelTable-listUl\")]/tbody/tr[2]/td[2]/div"}
COMMAND: POST /session/302c28dd03ec619932948a5fa1f394c9/element - {"using":"xpath","value":"//table[contains(@id, \"listView-innerSelectionPanelTable-listUl\")]/tbody/tr[2]/td[3]/div/div/span/span[1]/bdi"}
RESULT: {"using":"xpath","value":"//table[contains(@id, \"listView-innerSelectionPanelTable-listUl\")]/tbody/tr[2]/td[3]/div/div/span/span[1]/bdi"}
COMMAND: POST /session/302c28dd03ec619932948a5fa1f394c9/execute/sync - {"script":"<script> [56 bytes]","args":[{"element-6066-11e4-a52e-4f735466cecf":"f.D6078088970B2F0795E5397A8DAD4E0E.d.31ED5ED0B7A4F5E0B4BA254E01829D12.e.7210","ELEMENT":"f.D6078088970B2F0795E5397A8DAD4E0E.d.31ED5ED0B7A4F5E0B4BA254E01829D12.e.7210"}]}
RESULT: {"script":"<script> [56 bytes]","args":[{"element-6066-11e4-a52e-4f735466cecf":"f.D6078088970B2F0795E5397A8DAD4E0E.d.31ED5ED0B7A4F5E0B4BA254E01829D12.e.7210","ELEMENT":"f.D6078088970B2F0795E5397A8DAD4E0E.d.31ED5ED0B7A4F5E0B4BA254E01829D12.e.7210"}]}
COMMAND: GET /session/302c28dd03ec619932948a5fa1f394c9/element/f.D6078088970B2F0795E5397A8DAD4E0E.d.31ED5ED0B7A4F5E0B4BA254E01829D12.e.7209/attribute/aria-checked - {}
COMMAND: GET /session/302c28dd03ec619932948a5fa1f394c9/screenshot - {}
RESULT: {}
COMMAND: POST /session/302c28dd03ec619932948a5fa1f394c9/element - {"using":"xpath","value":"//table[contains(@id, \"listView-innerSelectionPanelTable-listUl\")]/tbody/tr[3]/td[2]/div/div"}
RESULT: {}
RESULT: {"using":"xpath","value":"//table[contains(@id, \"listView-innerSelectionPanelTable-listUl\")]/tbody/tr[3]/td[2]/div/div"}
COMMAND: POST /session/302c28dd03ec619932948a5fa1f394c9/element - {"using":"xpath","value":"//table[contains(@id, \"listView-innerSelectionPanelTable-listUl\")]/tbody/tr[3]/td[2]/div"}
RESULT: {"using":"xpath","value":"//table[contains(@id, \"listView-innerSelectionPanelTable-listUl\")]/tbody/tr[3]/td[2]/div"}
COMMAND: POST /session/302c28dd03ec619932948a5fa1f394c9/element - {"using":"xpath","value":"//table[contains(@id, \"listView-innerSelectionPanelTable-listUl\")]/tbody/tr[3]/td[3]/div/div/span/span[1]/bdi"}
RESULT: {"using":"xpath","value":"//table[contains(@id, \"listView-innerSelectionPanelTable-listUl\")]/tbody/tr[3]/td[3]/div/div/span/span[1]/bdi"}
COMMAND: POST /session/302c28dd03ec619932948a5fa1f394c9/execute/sync - {"script":"<script> [56 bytes]","args":[{"element-6066-11e4-a52e-4f735466cecf":"f.D6078088970B2F0795E5397A8DAD4E0E.d.31ED5ED0B7A4F5E0B4BA254E01829D12.e.7213","ELEMENT":"f.D6078088970B2F0795E5397A8DAD4E0E.d.31ED5ED0B7A4F5E0B4BA254E01829D12.e.7213"}]}
RESULT: {"script":"<script> [56 bytes]","args":[{"element-6066-11e4-a52e-4f735466cecf":"f.D6078088970B2F0795E5397A8DAD4E0E.d.31ED5ED0B7A4F5E0B4BA254E01829D12.e.7213","ELEMENT":"f.D6078088970B2F0795E5397A8DAD4E0E.d.31ED5ED0B7A4F5E0B4BA254E01829D12.e.7213"}]}
COMMAND: GET /session/302c28dd03ec619932948a5fa1f394c9/element/f.D6078088970B2F0795E5397A8DAD4E0E.d.31ED5ED0B7A4F5E0B4BA254E01829D12.e.7212/attribute/aria-checked - {}
COMMAND: GET /session/302c28dd03ec619932948a5fa1f394c9/screenshot - {}
RESULT: {}
RESULT: {}
COMMAND: POST /session/302c28dd03ec619932948a5fa1f394c9/element - {"using":"xpath","value":"//table[contains(@id, \"listView-innerSelectionPanelTable-listUl\")]/tbody/tr[4]/td[2]/div/div"}
RESULT: {"using":"xpath","value":"//table[contains(@id, \"listView-innerSelectionPanelTable-listUl\")]/tbody/tr[4]/td[2]/div/div"}
COMMAND: POST /session/302c28dd03ec619932948a5fa1f394c9/element - {"using":"xpath","value":"//table[contains(@id, \"listView-innerSelectionPanelTable-listUl\")]/tbody/tr[4]/td[2]/div"}
RESULT: {"using":"xpath","value":"//table[contains(@id, \"listView-innerSelectionPanelTable-listUl\")]/tbody/tr[4]/td[2]/div"}
COMMAND: POST /session/302c28dd03ec619932948a5fa1f394c9/element - {"using":"xpath","value":"//table[contains(@id, \"listView-innerSelectionPanelTable-listUl\")]/tbody/tr[4]/td[3]/div/div/span/span[1]/bdi"}
RESULT: {"using":"xpath","value":"//table[contains(@id, \"listView-innerSelectionPanelTable-listUl\")]/tbody/tr[4]/td[3]/div/div/span/span[1]/bdi"}
COMMAND: POST /session/302c28dd03ec619932948a5fa1f394c9/execute/sync - {"script":"<script> [56 bytes]","args":[{"element-6066-11e4-a52e-4f735466cecf":"f.D6078088970B2F0795E5397A8DAD4E0E.d.31ED5ED0B7A4F5E0B4BA254E01829D12.e.7216","ELEMENT":"f.D6078088970B2F0795E5397A8DAD4E0E.d.31ED5ED0B7A4F5E0B4BA254E01829D12.e.7216"}]}
RESULT: {"script":"<script> [56 bytes]","args":[{"element-6066-11e4-a52e-4f735466cecf":"f.D6078088970B2F0795E5397A8DAD4E0E.d.31ED5ED0B7A4F5E0B4BA254E01829D12.e.7216","ELEMENT":"f.D6078088970B2F0795E5397A8DAD4E0E.d.31ED5ED0B7A4F5E0B4BA254E01829D12.e.7216"}]}
COMMAND: GET /session/302c28dd03ec619932948a5fa1f394c9/element/f.D6078088970B2F0795E5397A8DAD4E0E.d.31ED5ED0B7A4F5E0B4BA254E01829D12.e.7215/attribute/aria-checked - {}
COMMAND: GET /session/302c28dd03ec619932948a5fa1f394c9/screenshot - {}
RESULT: {}
COMMAND: POST /session/302c28dd03ec619932948a5fa1f394c9/element - {"using":"xpath","value":"//table[contains(@id, \"listView-innerSelectionPanelTable-listUl\")]/tbody/tr[5]/td[2]/div/div"}
RESULT: {}
RESULT: {"using":"xpath","value":"//table[contains(@id, \"listView-innerSelectionPanelTable-listUl\")]/tbody/tr[5]/td[2]/div/div"}
COMMAND: POST /session/302c28dd03ec619932948a5fa1f394c9/element - {"using":"xpath","value":"//table[contains(@id, \"listView-innerSelectionPanelTable-listUl\")]/tbody/tr[5]/td[2]/div"}
RESULT: {"using":"xpath","value":"//table[contains(@id, \"listView-innerSelectionPanelTable-listUl\")]/tbody/tr[5]/td[2]/div"}
COMMAND: POST /session/302c28dd03ec619932948a5fa1f394c9/element - {"using":"xpath","value":"//table[contains(@id, \"listView-innerSelectionPanelTable-listUl\")]/tbody/tr[5]/td[3]/div/div/span/span[1]/bdi"}
RESULT: {"using":"xpath","value":"//table[contains(@id, \"listView-innerSelectionPanelTable-listUl\")]/tbody/tr[5]/td[3]/div/div/span/span[1]/bdi"}
COMMAND: POST /session/302c28dd03ec619932948a5fa1f394c9/execute/sync - {"script":"<script> [56 bytes]","args":[{"element-6066-11e4-a52e-4f735466cecf":"f.D6078088970B2F0795E5397A8DAD4E0E.d.31ED5ED0B7A4F5E0B4BA254E01829D12.e.7219","ELEMENT":"f.D6078088970B2F0795E5397A8DAD4E0E.d.31ED5ED0B7A4F5E0B4BA254E01829D12.e.7219"}]}
RESULT: {"script":"<script> [56 bytes]","args":[{"element-6066-11e4-a52e-4f735466cecf":"f.D6078088970B2F0795E5397A8DAD4E0E.d.31ED5ED0B7A4F5E0B4BA254E01829D12.e.7219","ELEMENT":"f.D6078088970B2F0795E5397A8DAD4E0E.d.31ED5ED0B7A4F5E0B4BA254E01829D12.e.7219"}]}
COMMAND: GET /session/302c28dd03ec619932948a5fa1f394c9/element/f.D6078088970B2F0795E5397A8DAD4E0E.d.31ED5ED0B7A4F5E0B4BA254E01829D12.e.7218/attribute/aria-checked - {}
COMMAND: GET /session/302c28dd03ec619932948a5fa1f394c9/screenshot - {}
RESULT: {}
COMMAND: POST /session/302c28dd03ec619932948a5fa1f394c9/element - {"using":"xpath","value":"//table[contains(@id, \"listView-innerSelectionPanelTable-listUl\")]/tbody/tr[6]/td[2]/div/div"}
RESULT: {}
RESULT: {"using":"xpath","value":"//table[contains(@id, \"listView-innerSelectionPanelTable-listUl\")]/tbody/tr[6]/td[2]/div/div"}
COMMAND: POST /session/302c28dd03ec619932948a5fa1f394c9/element - {"using":"xpath","value":"//table[contains(@id, \"listView-innerSelectionPanelTable-listUl\")]/tbody/tr[6]/td[2]/div"}
RESULT: {"using":"xpath","value":"//table[contains(@id, \"listView-innerSelectionPanelTable-listUl\")]/tbody/tr[6]/td[2]/div"}
COMMAND: POST /session/302c28dd03ec619932948a5fa1f394c9/element - {"using":"xpath","value":"//table[contains(@id, \"listView-innerSelectionPanelTable-listUl\")]/tbody/tr[6]/td[3]/div/div/span/span[1]/bdi"}
RESULT: {"using":"xpath","value":"//table[contains(@id, \"listView-innerSelectionPanelTable-listUl\")]/tbody/tr[6]/td[3]/div/div/span/span[1]/bdi"}
COMMAND: POST /session/302c28dd03ec619932948a5fa1f394c9/execute/sync - {"script":"<script> [56 bytes]","args":[{"element-6066-11e4-a52e-4f735466cecf":"f.D6078088970B2F0795E5397A8DAD4E0E.d.31ED5ED0B7A4F5E0B4BA254E01829D12.e.7222","ELEMENT":"f.D6078088970B2F0795E5397A8DAD4E0E.d.31ED5ED0B7A4F5E0B4BA254E01829D12.e.7222"}]}
RESULT: {"script":"<script> [56 bytes]","args":[{"element-6066-11e4-a52e-4f735466cecf":"f.D6078088970B2F0795E5397A8DAD4E0E.d.31ED5ED0B7A4F5E0B4BA254E01829D12.e.7222","ELEMENT":"f.D6078088970B2F0795E5397A8DAD4E0E.d.31ED5ED0B7A4F5E0B4BA254E01829D12.e.7222"}]}
COMMAND: GET /session/302c28dd03ec619932948a5fa1f394c9/element/f.D6078088970B2F0795E5397A8DAD4E0E.d.31ED5ED0B7A4F5E0B4BA254E01829D12.e.7221/attribute/aria-checked - {}
COMMAND: GET /session/302c28dd03ec619932948a5fa1f394c9/screenshot - {}
RESULT: {}
COMMAND: POST /session/302c28dd03ec619932948a5fa1f394c9/element - {"using":"xpath","value":"//table[contains(@id, \"listView-innerSelectionPanelTable-listUl\")]/tbody/tr[7]/td[2]/div/div"}
RESULT: {}
RESULT: {"using":"xpath","value":"//table[contains(@id, \"listView-innerSelectionPanelTable-listUl\")]/tbody/tr[7]/td[2]/div/div"}
COMMAND: POST /session/302c28dd03ec619932948a5fa1f394c9/element - {"using":"xpath","value":"//table[contains(@id, \"listView-innerSelectionPanelTable-listUl\")]/tbody/tr[7]/td[2]/div"}
RESULT: {"using":"xpath","value":"//table[contains(@id, \"listView-innerSelectionPanelTable-listUl\")]/tbody/tr[7]/td[2]/div"}
COMMAND: POST /session/302c28dd03ec619932948a5fa1f394c9/element - {"using":"xpath","value":"//table[contains(@id, \"listView-innerSelectionPanelTable-listUl\")]/tbody/tr[7]/td[3]/div/div/span/span[1]/bdi"}
RESULT: {"using":"xpath","value":"//table[contains(@id, \"listView-innerSelectionPanelTable-listUl\")]/tbody/tr[7]/td[3]/div/div/span/span[1]/bdi"}
COMMAND: POST /session/302c28dd03ec619932948a5fa1f394c9/execute/sync - {"script":"<script> [56 bytes]","args":[{"element-6066-11e4-a52e-4f735466cecf":"f.D6078088970B2F0795E5397A8DAD4E0E.d.31ED5ED0B7A4F5E0B4BA254E01829D12.e.7225","ELEMENT":"f.D6078088970B2F0795E5397A8DAD4E0E.d.31ED5ED0B7A4F5E0B4BA254E01829D12.e.7225"}]}
RESULT: {"script":"<script> [56 bytes]","args":[{"element-6066-11e4-a52e-4f735466cecf":"f.D6078088970B2F0795E5397A8DAD4E0E.d.31ED5ED0B7A4F5E0B4BA254E01829D12.e.7225","ELEMENT":"f.D6078088970B2F0795E5397A8DAD4E0E.d.31ED5ED0B7A4F5E0B4BA254E01829D12.e.7225"}]}
COMMAND: GET /session/302c28dd03ec619932948a5fa1f394c9/element/f.D6078088970B2F0795E5397A8DAD4E0E.d.31ED5ED0B7A4F5E0B4BA254E01829D12.e.7224/attribute/aria-checked - {}
COMMAND: GET /session/302c28dd03ec619932948a5fa1f394c9/screenshot - {}
RESULT: {}
COMMAND: POST /session/302c28dd03ec619932948a5fa1f394c9/element - {"using":"xpath","value":"//table[contains(@id, \"listView-innerSelectionPanelTable-listUl\")]/tbody/tr[8]/td[2]/div/div"}
RESULT: {}
RESULT: {"using":"xpath","value":"//table[contains(@id, \"listView-innerSelectionPanelTable-listUl\")]/tbody/tr[8]/td[2]/div/div"}
COMMAND: POST /session/302c28dd03ec619932948a5fa1f394c9/element - {"using":"xpath","value":"//table[contains(@id, \"listView-innerSelectionPanelTable-listUl\")]/tbody/tr[8]/td[2]/div"}
RESULT: {"using":"xpath","value":"//table[contains(@id, \"listView-innerSelectionPanelTable-listUl\")]/tbody/tr[8]/td[2]/div"}
COMMAND: POST /session/302c28dd03ec619932948a5fa1f394c9/element - {"using":"xpath","value":"//table[contains(@id, \"listView-innerSelectionPanelTable-listUl\")]/tbody/tr[8]/td[3]/div/div/span/span[1]/bdi"}
RESULT: {"using":"xpath","value":"//table[contains(@id, \"listView-innerSelectionPanelTable-listUl\")]/tbody/tr[8]/td[3]/div/div/span/span[1]/bdi"}
COMMAND: POST /session/302c28dd03ec619932948a5fa1f394c9/execute/sync - {"script":"<script> [56 bytes]","args":[{"element-6066-11e4-a52e-4f735466cecf":"f.D6078088970B2F0795E5397A8DAD4E0E.d.31ED5ED0B7A4F5E0B4BA254E01829D12.e.7228","ELEMENT":"f.D6078088970B2F0795E5397A8DAD4E0E.d.31ED5ED0B7A4F5E0B4BA254E01829D12.e.7228"}]}
RESULT: {"script":"<script> [56 bytes]","args":[{"element-6066-11e4-a52e-4f735466cecf":"f.D6078088970B2F0795E5397A8DAD4E0E.d.31ED5ED0B7A4F5E0B4BA254E01829D12.e.7228","ELEMENT":"f.D6078088970B2F0795E5397A8DAD4E0E.d.31ED5ED0B7A4F5E0B4BA254E01829D12.e.7228"}]}
COMMAND: GET /session/302c28dd03ec619932948a5fa1f394c9/element/f.D6078088970B2F0795E5397A8DAD4E0E.d.31ED5ED0B7A4F5E0B4BA254E01829D12.e.7227/attribute/aria-checked - {}
COMMAND: GET /session/302c28dd03ec619932948a5fa1f394c9/screenshot - {}
RESULT: {}
COMMAND: POST /session/302c28dd03ec619932948a5fa1f394c9/element - {"using":"xpath","value":"//table[contains(@id, \"listView-innerSelectionPanelTable-listUl\")]/tbody/tr[9]/td[2]/div/div"}
RESULT: {}
RESULT: {"using":"xpath","value":"//table[contains(@id, \"listView-innerSelectionPanelTable-listUl\")]/tbody/tr[9]/td[2]/div/div"}
COMMAND: POST /session/302c28dd03ec619932948a5fa1f394c9/element - {"using":"xpath","value":"//table[contains(@id, \"listView-innerSelectionPanelTable-listUl\")]/tbody/tr[9]/td[2]/div"}
RESULT: {"using":"xpath","value":"//table[contains(@id, \"listView-innerSelectionPanelTable-listUl\")]/tbody/tr[9]/td[2]/div"}
COMMAND: POST /session/302c28dd03ec619932948a5fa1f394c9/element - {"using":"xpath","value":"//table[contains(@id, \"listView-innerSelectionPanelTable-listUl\")]/tbody/tr[9]/td[3]/div/div/span/span[1]/bdi"}
RESULT: {"using":"xpath","value":"//table[contains(@id, \"listView-innerSelectionPanelTable-listUl\")]/tbody/tr[9]/td[3]/div/div/span/span[1]/bdi"}
COMMAND: POST /session/302c28dd03ec619932948a5fa1f394c9/execute/sync - {"script":"<script> [56 bytes]","args":[{"element-6066-11e4-a52e-4f735466cecf":"f.D6078088970B2F0795E5397A8DAD4E0E.d.31ED5ED0B7A4F5E0B4BA254E01829D12.e.7231","ELEMENT":"f.D6078088970B2F0795E5397A8DAD4E0E.d.31ED5ED0B7A4F5E0B4BA254E01829D12.e.7231"}]}
RESULT: {"script":"<script> [56 bytes]","args":[{"element-6066-11e4-a52e-4f735466cecf":"f.D6078088970B2F0795E5397A8DAD4E0E.d.31ED5ED0B7A4F5E0B4BA254E01829D12.e.7231","ELEMENT":"f.D6078088970B2F0795E5397A8DAD4E0E.d.31ED5ED0B7A4F5E0B4BA254E01829D12.e.7231"}]}
COMMAND: GET /session/302c28dd03ec619932948a5fa1f394c9/element/f.D6078088970B2F0795E5397A8DAD4E0E.d.31ED5ED0B7A4F5E0B4BA254E01829D12.e.7230/attribute/aria-checked - {}
COMMAND: GET /session/302c28dd03ec619932948a5fa1f394c9/screenshot - {}
RESULT: {}
COMMAND: POST /session/302c28dd03ec619932948a5fa1f394c9/element - {"using":"xpath","value":"//table[contains(@id, \"listView-innerSelectionPanelTable-listUl\")]/tbody/tr[10]/td[2]/div/div"}
RESULT: {}
RESULT: {"using":"xpath","value":"//table[contains(@id, \"listView-innerSelectionPanelTable-listUl\")]/tbody/tr[10]/td[2]/div/div"}
COMMAND: POST /session/302c28dd03ec619932948a5fa1f394c9/element - {"using":"xpath","value":"//table[contains(@id, \"listView-innerSelectionPanelTable-listUl\")]/tbody/tr[10]/td[2]/div"}
RESULT: {"using":"xpath","value":"//table[contains(@id, \"listView-innerSelectionPanelTable-listUl\")]/tbody/tr[10]/td[2]/div"}
COMMAND: POST /session/302c28dd03ec619932948a5fa1f394c9/element - {"using":"xpath","value":"//table[contains(@id, \"listView-innerSelectionPanelTable-listUl\")]/tbody/tr[10]/td[3]/div/div/span/span[1]/bdi"}
RESULT: {"using":"xpath","value":"//table[contains(@id, \"listView-innerSelectionPanelTable-listUl\")]/tbody/tr[10]/td[3]/div/div/span/span[1]/bdi"}
COMMAND: POST /session/302c28dd03ec619932948a5fa1f394c9/execute/sync - {"script":"<script> [56 bytes]","args":[{"element-6066-11e4-a52e-4f735466cecf":"f.D6078088970B2F0795E5397A8DAD4E0E.d.31ED5ED0B7A4F5E0B4BA254E01829D12.e.7234","ELEMENT":"f.D6078088970B2F0795E5397A8DAD4E0E.d.31ED5ED0B7A4F5E0B4BA254E01829D12.e.7234"}]}
RESULT: {"script":"<script> [56 bytes]","args":[{"element-6066-11e4-a52e-4f735466cecf":"f.D6078088970B2F0795E5397A8DAD4E0E.d.31ED5ED0B7A4F5E0B4BA254E01829D12.e.7234","ELEMENT":"f.D6078088970B2F0795E5397A8DAD4E0E.d.31ED5ED0B7A4F5E0B4BA254E01829D12.e.7234"}]}
COMMAND: GET /session/302c28dd03ec619932948a5fa1f394c9/element/f.D6078088970B2F0795E5397A8DAD4E0E.d.31ED5ED0B7A4F5E0B4BA254E01829D12.e.7233/attribute/aria-checked - {}
COMMAND: GET /session/302c28dd03ec619932948a5fa1f394c9/screenshot - {}
RESULT: {}
COMMAND: POST /session/302c28dd03ec619932948a5fa1f394c9/element - {"using":"xpath","value":"//table[contains(@id, \"listView-innerSelectionPanelTable-listUl\")]/tbody/tr[11]/td[2]/div/div"}
RESULT: {}
RESULT: {"using":"xpath","value":"//table[contains(@id, \"listView-innerSelectionPanelTable-listUl\")]/tbody/tr[11]/td[2]/div/div"}
COMMAND: POST /session/302c28dd03ec619932948a5fa1f394c9/element - {"using":"xpath","value":"//table[contains(@id, \"listView-innerSelectionPanelTable-listUl\")]/tbody/tr[11]/td[2]/div"}
RESULT: {"using":"xpath","value":"//table[contains(@id, \"listView-innerSelectionPanelTable-listUl\")]/tbody/tr[11]/td[2]/div"}
COMMAND: POST /session/302c28dd03ec619932948a5fa1f394c9/element - {"using":"xpath","value":"//table[contains(@id, \"listView-innerSelectionPanelTable-listUl\")]/tbody/tr[11]/td[3]/div/div/span/span[1]/bdi"}
RESULT: {"using":"xpath","value":"//table[contains(@id, \"listView-innerSelectionPanelTable-listUl\")]/tbody/tr[11]/td[3]/div/div/span/span[1]/bdi"}
COMMAND: POST /session/302c28dd03ec619932948a5fa1f394c9/execute/sync - {"script":"<script> [56 bytes]","args":[{"element-6066-11e4-a52e-4f735466cecf":"f.D6078088970B2F0795E5397A8DAD4E0E.d.31ED5ED0B7A4F5E0B4BA254E01829D12.e.7237","ELEMENT":"f.D6078088970B2F0795E5397A8DAD4E0E.d.31ED5ED0B7A4F5E0B4BA254E01829D12.e.7237"}]}
RESULT: {"script":"<script> [56 bytes]","args":[{"element-6066-11e4-a52e-4f735466cecf":"f.D6078088970B2F0795E5397A8DAD4E0E.d.31ED5ED0B7A4F5E0B4BA254E01829D12.e.7237","ELEMENT":"f.D6078088970B2F0795E5397A8DAD4E0E.d.31ED5ED0B7A4F5E0B4BA254E01829D12.e.7237"}]}
COMMAND: GET /session/302c28dd03ec619932948a5fa1f394c9/element/f.D6078088970B2F0795E5397A8DAD4E0E.d.31ED5ED0B7A4F5E0B4BA254E01829D12.e.7236/attribute/aria-checked - {}
COMMAND: GET /session/302c28dd03ec619932948a5fa1f394c9/screenshot - {}
RESULT: {}
COMMAND: POST /session/302c28dd03ec619932948a5fa1f394c9/element - {"using":"xpath","value":"//table[contains(@id, \"listView-innerSelectionPanelTable-listUl\")]/tbody/tr[12]/td[2]/div/div"}
RESULT: {}
RESULT: {"using":"xpath","value":"//table[contains(@id, \"listView-innerSelectionPanelTable-listUl\")]/tbody/tr[12]/td[2]/div/div"}
COMMAND: POST /session/302c28dd03ec619932948a5fa1f394c9/element - {"using":"xpath","value":"//table[contains(@id, \"listView-innerSelectionPanelTable-listUl\")]/tbody/tr[12]/td[2]/div"}
RESULT: {"using":"xpath","value":"//table[contains(@id, \"listView-innerSelectionPanelTable-listUl\")]/tbody/tr[12]/td[2]/div"}
COMMAND: POST /session/302c28dd03ec619932948a5fa1f394c9/element - {"using":"xpath","value":"//table[contains(@id, \"listView-innerSelectionPanelTable-listUl\")]/tbody/tr[12]/td[3]/div/div/span/span[1]/bdi"}
RESULT: {"using":"xpath","value":"//table[contains(@id, \"listView-innerSelectionPanelTable-listUl\")]/tbody/tr[12]/td[3]/div/div/span/span[1]/bdi"}
COMMAND: POST /session/302c28dd03ec619932948a5fa1f394c9/execute/sync - {"script":"<script> [56 bytes]","args":[{"element-6066-11e4-a52e-4f735466cecf":"f.D6078088970B2F0795E5397A8DAD4E0E.d.31ED5ED0B7A4F5E0B4BA254E01829D12.e.7240","ELEMENT":"f.D6078088970B2F0795E5397A8DAD4E0E.d.31ED5ED0B7A4F5E0B4BA254E01829D12.e.7240"}]}
RESULT: {"script":"<script> [56 bytes]","args":[{"element-6066-11e4-a52e-4f735466cecf":"f.D6078088970B2F0795E5397A8DAD4E0E.d.31ED5ED0B7A4F5E0B4BA254E01829D12.e.7240","ELEMENT":"f.D6078088970B2F0795E5397A8DAD4E0E.d.31ED5ED0B7A4F5E0B4BA254E01829D12.e.7240"}]}
COMMAND: GET /session/302c28dd03ec619932948a5fa1f394c9/element/f.D6078088970B2F0795E5397A8DAD4E0E.d.31ED5ED0B7A4F5E0B4BA254E01829D12.e.7239/attribute/aria-checked - {}
COMMAND: GET /session/302c28dd03ec619932948a5fa1f394c9/screenshot - {}
RESULT: {}
COMMAND: POST /session/302c28dd03ec619932948a5fa1f394c9/element - {"using":"xpath","value":"//table[contains(@id, \"listView-innerSelectionPanelTable-listUl\")]/tbody/tr[13]/td[2]/div/div"}
RESULT: {}
RESULT: {"using":"xpath","value":"//table[contains(@id, \"listView-innerSelectionPanelTable-listUl\")]/tbody/tr[13]/td[2]/div/div"}
COMMAND: POST /session/302c28dd03ec619932948a5fa1f394c9/element - {"using":"xpath","value":"//table[contains(@id, \"listView-innerSelectionPanelTable-listUl\")]/tbody/tr[13]/td[2]/div"}
RESULT: {"using":"xpath","value":"//table[contains(@id, \"listView-innerSelectionPanelTable-listUl\")]/tbody/tr[13]/td[2]/div"}
COMMAND: POST /session/302c28dd03ec619932948a5fa1f394c9/element - {"using":"xpath","value":"//table[contains(@id, \"listView-innerSelectionPanelTable-listUl\")]/tbody/tr[13]/td[3]/div/div/span/span[1]/bdi"}
RESULT: {"using":"xpath","value":"//table[contains(@id, \"listView-innerSelectionPanelTable-listUl\")]/tbody/tr[13]/td[3]/div/div/span/span[1]/bdi"}
COMMAND: POST /session/302c28dd03ec619932948a5fa1f394c9/execute/sync - {"script":"<script> [56 bytes]","args":[{"element-6066-11e4-a52e-4f735466cecf":"f.D6078088970B2F0795E5397A8DAD4E0E.d.31ED5ED0B7A4F5E0B4BA254E01829D12.e.7243","ELEMENT":"f.D6078088970B2F0795E5397A8DAD4E0E.d.31ED5ED0B7A4F5E0B4BA254E01829D12.e.7243"}]}
RESULT: {"script":"<script> [56 bytes]","args":[{"element-6066-11e4-a52e-4f735466cecf":"f.D6078088970B2F0795E5397A8DAD4E0E.d.31ED5ED0B7A4F5E0B4BA254E01829D12.e.7243","ELEMENT":"f.D6078088970B2F0795E5397A8DAD4E0E.d.31ED5ED0B7A4F5E0B4BA254E01829D12.e.7243"}]}
COMMAND: GET /session/302c28dd03ec619932948a5fa1f394c9/element/f.D6078088970B2F0795E5397A8DAD4E0E.d.31ED5ED0B7A4F5E0B4BA254E01829D12.e.7242/attribute/aria-checked - {}
COMMAND: GET /session/302c28dd03ec619932948a5fa1f394c9/screenshot - {}
RESULT: {}
COMMAND: POST /session/302c28dd03ec619932948a5fa1f394c9/element - {"using":"xpath","value":"//table[contains(@id, \"listView-innerSelectionPanelTable-listUl\")]/tbody/tr[14]/td[2]/div/div"}
COMMAND: POST /session/302c28dd03ec619932948a5fa1f394c9/element/f.D6078088970B2F0795E5397A8DAD4E0E.d.31ED5ED0B7A4F5E0B4BA254E01829D12.e.7241/click - {}
RESULT: {}
RESULT: {"using":"xpath","value":"//table[contains(@id, \"listView-innerSelectionPanelTable-listUl\")]/tbody/tr[14]/td[2]/div/div"}
COMMAND: POST /session/302c28dd03ec619932948a5fa1f394c9/element - {"using":"xpath","value":"//table[contains(@id, \"listView-innerSelectionPanelTable-listUl\")]/tbody/tr[14]/td[2]/div"}
RESULT: {}
COMMAND: GET /session/302c28dd03ec619932948a5fa1f394c9/screenshot - {}
RESULT: {"using":"xpath","value":"//table[contains(@id, \"listView-innerSelectionPanelTable-listUl\")]/tbody/tr[14]/td[2]/div"}
COMMAND: POST /session/302c28dd03ec619932948a5fa1f394c9/element - {"using":"xpath","value":"//table[contains(@id, \"listView-innerSelectionPanelTable-listUl\")]/tbody/tr[14]/td[3]/div/div/span/span[1]/bdi"}
RESULT: {}
RESULT: {"using":"xpath","value":"//table[contains(@id, \"listView-innerSelectionPanelTable-listUl\")]/tbody/tr[14]/td[3]/div/div/span/span[1]/bdi"}
COMMAND: POST /session/302c28dd03ec619932948a5fa1f394c9/execute/sync - {"script":"<script> [56 bytes]","args":[{"element-6066-11e4-a52e-4f735466cecf":"f.D6078088970B2F0795E5397A8DAD4E0E.d.31ED5ED0B7A4F5E0B4BA254E01829D12.e.7247","ELEMENT":"f.D6078088970B2F0795E5397A8DAD4E0E.d.31ED5ED0B7A4F5E0B4BA254E01829D12.e.7247"}]}
RESULT: {"script":"<script> [56 bytes]","args":[{"element-6066-11e4-a52e-4f735466cecf":"f.D6078088970B2F0795E5397A8DAD4E0E.d.31ED5ED0B7A4F5E0B4BA254E01829D12.e.7247","ELEMENT":"f.D6078088970B2F0795E5397A8DAD4E0E.d.31ED5ED0B7A4F5E0B4BA254E01829D12.e.7247"}]}
COMMAND: GET /session/302c28dd03ec619932948a5fa1f394c9/element/f.D6078088970B2F0795E5397A8DAD4E0E.d.31ED5ED0B7A4F5E0B4BA254E01829D12.e.7246/attribute/aria-checked - {}
COMMAND: GET /session/302c28dd03ec619932948a5fa1f394c9/screenshot - {}
RESULT: {}
COMMAND: POST /session/302c28dd03ec619932948a5fa1f394c9/element - {"using":"xpath","value":"//table[contains(@id, \"listView-innerSelectionPanelTable-listUl\")]/tbody/tr[15]/td[2]/div/div"}
RESULT: {}
RESULT: {"using":"xpath","value":"//table[contains(@id, \"listView-innerSelectionPanelTable-listUl\")]/tbody/tr[15]/td[2]/div/div"}
COMMAND: POST /session/302c28dd03ec619932948a5fa1f394c9/element - {"using":"xpath","value":"//table[contains(@id, \"listView-innerSelectionPanelTable-listUl\")]/tbody/tr[15]/td[2]/div"}
RESULT: {"using":"xpath","value":"//table[contains(@id, \"listView-innerSelectionPanelTable-listUl\")]/tbody/tr[15]/td[2]/div"}
COMMAND: POST /session/302c28dd03ec619932948a5fa1f394c9/element - {"using":"xpath","value":"//table[contains(@id, \"listView-innerSelectionPanelTable-listUl\")]/tbody/tr[15]/td[3]/div/div/span/span[1]/bdi"}
RESULT: {"using":"xpath","value":"//table[contains(@id, \"listView-innerSelectionPanelTable-listUl\")]/tbody/tr[15]/td[3]/div/div/span/span[1]/bdi"}
COMMAND: POST /session/302c28dd03ec619932948a5fa1f394c9/execute/sync - {"script":"<script> [56 bytes]","args":[{"element-6066-11e4-a52e-4f735466cecf":"f.D6078088970B2F0795E5397A8DAD4E0E.d.31ED5ED0B7A4F5E0B4BA254E01829D12.e.7250","ELEMENT":"f.D6078088970B2F0795E5397A8DAD4E0E.d.31ED5ED0B7A4F5E0B4BA254E01829D12.e.7250"}]}
RESULT: {"script":"<script> [56 bytes]","args":[{"element-6066-11e4-a52e-4f735466cecf":"f.D6078088970B2F0795E5397A8DAD4E0E.d.31ED5ED0B7A4F5E0B4BA254E01829D12.e.7250","ELEMENT":"f.D6078088970B2F0795E5397A8DAD4E0E.d.31ED5ED0B7A4F5E0B4BA254E01829D12.e.7250"}]}
COMMAND: GET /session/302c28dd03ec619932948a5fa1f394c9/element/f.D6078088970B2F0795E5397A8DAD4E0E.d.31ED5ED0B7A4F5E0B4BA254E01829D12.e.7249/attribute/aria-checked - {}
COMMAND: GET /session/302c28dd03ec619932948a5fa1f394c9/screenshot - {}
RESULT: {}
COMMAND: POST /session/302c28dd03ec619932948a5fa1f394c9/element - {"using":"xpath","value":"//table[contains(@id, \"listView-innerSelectionPanelTable-listUl\")]/tbody/tr[16]/td[2]/div/div"}
RESULT: {}
RESULT: {"using":"xpath","value":"//table[contains(@id, \"listView-innerSelectionPanelTable-listUl\")]/tbody/tr[16]/td[2]/div/div"}
COMMAND: POST /session/302c28dd03ec619932948a5fa1f394c9/element - {"using":"xpath","value":"//table[contains(@id, \"listView-innerSelectionPanelTable-listUl\")]/tbody/tr[16]/td[2]/div"}
RESULT: {"using":"xpath","value":"//table[contains(@id, \"listView-innerSelectionPanelTable-listUl\")]/tbody/tr[16]/td[2]/div"}
COMMAND: POST /session/302c28dd03ec619932948a5fa1f394c9/element - {"using":"xpath","value":"//table[contains(@id, \"listView-innerSelectionPanelTable-listUl\")]/tbody/tr[16]/td[3]/div/div/span/span[1]/bdi"}
RESULT: {"using":"xpath","value":"//table[contains(@id, \"listView-innerSelectionPanelTable-listUl\")]/tbody/tr[16]/td[3]/div/div/span/span[1]/bdi"}
COMMAND: POST /session/302c28dd03ec619932948a5fa1f394c9/execute/sync - {"script":"<script> [56 bytes]","args":[{"element-6066-11e4-a52e-4f735466cecf":"f.D6078088970B2F0795E5397A8DAD4E0E.d.31ED5ED0B7A4F5E0B4BA254E01829D12.e.7253","ELEMENT":"f.D6078088970B2F0795E5397A8DAD4E0E.d.31ED5ED0B7A4F5E0B4BA254E01829D12.e.7253"}]}
RESULT: {"script":"<script> [56 bytes]","args":[{"element-6066-11e4-a52e-4f735466cecf":"f.D6078088970B2F0795E5397A8DAD4E0E.d.31ED5ED0B7A4F5E0B4BA254E01829D12.e.7253","ELEMENT":"f.D6078088970B2F0795E5397A8DAD4E0E.d.31ED5ED0B7A4F5E0B4BA254E01829D12.e.7253"}]}
COMMAND: GET /session/302c28dd03ec619932948a5fa1f394c9/element/f.D6078088970B2F0795E5397A8DAD4E0E.d.31ED5ED0B7A4F5E0B4BA254E01829D12.e.7252/attribute/aria-checked - {}
COMMAND: GET /session/302c28dd03ec619932948a5fa1f394c9/screenshot - {}
RESULT: {}
COMMAND: POST /session/302c28dd03ec619932948a5fa1f394c9/element - {"using":"xpath","value":"//table[contains(@id, \"listView-innerSelectionPanelTable-listUl\")]/tbody/tr[17]/td[2]/div/div"}
RESULT: {}
RESULT: {"using":"xpath","value":"//table[contains(@id, \"listView-innerSelectionPanelTable-listUl\")]/tbody/tr[17]/td[2]/div/div"}
COMMAND: POST /session/302c28dd03ec619932948a5fa1f394c9/element - {"using":"xpath","value":"//table[contains(@id, \"listView-innerSelectionPanelTable-listUl\")]/tbody/tr[17]/td[2]/div"}
RESULT: {"using":"xpath","value":"//table[contains(@id, \"listView-innerSelectionPanelTable-listUl\")]/tbody/tr[17]/td[2]/div"}
COMMAND: POST /session/302c28dd03ec619932948a5fa1f394c9/element - {"using":"xpath","value":"//table[contains(@id, \"listView-innerSelectionPanelTable-listUl\")]/tbody/tr[17]/td[3]/div/div/span/span[1]/bdi"}
RESULT: {"using":"xpath","value":"//table[contains(@id, \"listView-innerSelectionPanelTable-listUl\")]/tbody/tr[17]/td[3]/div/div/span/span[1]/bdi"}
COMMAND: POST /session/302c28dd03ec619932948a5fa1f394c9/execute/sync - {"script":"<script> [56 bytes]","args":[{"element-6066-11e4-a52e-4f735466cecf":"f.D6078088970B2F0795E5397A8DAD4E0E.d.31ED5ED0B7A4F5E0B4BA254E01829D12.e.7256","ELEMENT":"f.D6078088970B2F0795E5397A8DAD4E0E.d.31ED5ED0B7A4F5E0B4BA254E01829D12.e.7256"}]}
RESULT: {"script":"<script> [56 bytes]","args":[{"element-6066-11e4-a52e-4f735466cecf":"f.D6078088970B2F0795E5397A8DAD4E0E.d.31ED5ED0B7A4F5E0B4BA254E01829D12.e.7256","ELEMENT":"f.D6078088970B2F0795E5397A8DAD4E0E.d.31ED5ED0B7A4F5E0B4BA254E01829D12.e.7256"}]}
COMMAND: GET /session/302c28dd03ec619932948a5fa1f394c9/element/f.D6078088970B2F0795E5397A8DAD4E0E.d.31ED5ED0B7A4F5E0B4BA254E01829D12.e.7255/attribute/aria-checked - {}
COMMAND: GET /session/302c28dd03ec619932948a5fa1f394c9/screenshot - {}
RESULT: {}
COMMAND: POST /session/302c28dd03ec619932948a5fa1f394c9/element - {"using":"xpath","value":"//table[contains(@id, \"listView-innerSelectionPanelTable-listUl\")]/tbody/tr[18]/td[2]/div/div"}
RESULT: {}
RESULT: {"using":"xpath","value":"//table[contains(@id, \"listView-innerSelectionPanelTable-listUl\")]/tbody/tr[18]/td[2]/div/div"}
COMMAND: POST /session/302c28dd03ec619932948a5fa1f394c9/element - {"using":"xpath","value":"//table[contains(@id, \"listView-innerSelectionPanelTable-listUl\")]/tbody/tr[18]/td[2]/div"}
RESULT: {"using":"xpath","value":"//table[contains(@id, \"listView-innerSelectionPanelTable-listUl\")]/tbody/tr[18]/td[2]/div"}
COMMAND: POST /session/302c28dd03ec619932948a5fa1f394c9/element - {"using":"xpath","value":"//table[contains(@id, \"listView-innerSelectionPanelTable-listUl\")]/tbody/tr[18]/td[3]/div/div/span/span[1]/bdi"}
RESULT: {"using":"xpath","value":"//table[contains(@id, \"listView-innerSelectionPanelTable-listUl\")]/tbody/tr[18]/td[3]/div/div/span/span[1]/bdi"}
COMMAND: POST /session/302c28dd03ec619932948a5fa1f394c9/execute/sync - {"script":"<script> [56 bytes]","args":[{"element-6066-11e4-a52e-4f735466cecf":"f.D6078088970B2F0795E5397A8DAD4E0E.d.31ED5ED0B7A4F5E0B4BA254E01829D12.e.7259","ELEMENT":"f.D6078088970B2F0795E5397A8DAD4E0E.d.31ED5ED0B7A4F5E0B4BA254E01829D12.e.7259"}]}
RESULT: {"script":"<script> [56 bytes]","args":[{"element-6066-11e4-a52e-4f735466cecf":"f.D6078088970B2F0795E5397A8DAD4E0E.d.31ED5ED0B7A4F5E0B4BA254E01829D12.e.7259","ELEMENT":"f.D6078088970B2F0795E5397A8DAD4E0E.d.31ED5ED0B7A4F5E0B4BA254E01829D12.e.7259"}]}
COMMAND: GET /session/302c28dd03ec619932948a5fa1f394c9/element/f.D6078088970B2F0795E5397A8DAD4E0E.d.31ED5ED0B7A4F5E0B4BA254E01829D12.e.7258/attribute/aria-checked - {}
COMMAND: GET /session/302c28dd03ec619932948a5fa1f394c9/screenshot - {}
RESULT: {}
COMMAND: POST /session/302c28dd03ec619932948a5fa1f394c9/element - {"using":"xpath","value":"//table[contains(@id, \"listView-innerSelectionPanelTable-listUl\")]/tbody/tr[19]/td[2]/div/div"}
RESULT: {}
RESULT: {"using":"xpath","value":"//table[contains(@id, \"listView-innerSelectionPanelTable-listUl\")]/tbody/tr[19]/td[2]/div/div"}
COMMAND: POST /session/302c28dd03ec619932948a5fa1f394c9/element - {"using":"xpath","value":"//table[contains(@id, \"listView-innerSelectionPanelTable-listUl\")]/tbody/tr[19]/td[2]/div"}
RESULT: {"using":"xpath","value":"//table[contains(@id, \"listView-innerSelectionPanelTable-listUl\")]/tbody/tr[19]/td[2]/div"}
COMMAND: POST /session/302c28dd03ec619932948a5fa1f394c9/element - {"using":"xpath","value":"//table[contains(@id, \"listView-innerSelectionPanelTable-listUl\")]/tbody/tr[19]/td[3]/div/div/span/span[1]/bdi"}
RESULT: {"using":"xpath","value":"//table[contains(@id, \"listView-innerSelectionPanelTable-listUl\")]/tbody/tr[19]/td[3]/div/div/span/span[1]/bdi"}
COMMAND: POST /session/302c28dd03ec619932948a5fa1f394c9/execute/sync - {"script":"<script> [56 bytes]","args":[{"element-6066-11e4-a52e-4f735466cecf":"f.D6078088970B2F0795E5397A8DAD4E0E.d.31ED5ED0B7A4F5E0B4BA254E01829D12.e.7262","ELEMENT":"f.D6078088970B2F0795E5397A8DAD4E0E.d.31ED5ED0B7A4F5E0B4BA254E01829D12.e.7262"}]}
RESULT: {"script":"<script> [56 bytes]","args":[{"element-6066-11e4-a52e-4f735466cecf":"f.D6078088970B2F0795E5397A8DAD4E0E.d.31ED5ED0B7A4F5E0B4BA254E01829D12.e.7262","ELEMENT":"f.D6078088970B2F0795E5397A8DAD4E0E.d.31ED5ED0B7A4F5E0B4BA254E01829D12.e.7262"}]}
COMMAND: GET /session/302c28dd03ec619932948a5fa1f394c9/element/f.D6078088970B2F0795E5397A8DAD4E0E.d.31ED5ED0B7A4F5E0B4BA254E01829D12.e.7261/attribute/aria-checked - {}
COMMAND: GET /session/302c28dd03ec619932948a5fa1f394c9/screenshot - {}
RESULT: {}
COMMAND: POST /session/302c28dd03ec619932948a5fa1f394c9/element - {"using":"xpath","value":"//table[contains(@id, \"listView-innerSelectionPanelTable-listUl\")]/tbody/tr[20]/td[2]/div/div"}
RESULT: {}
RESULT: {"using":"xpath","value":"//table[contains(@id, \"listView-innerSelectionPanelTable-listUl\")]/tbody/tr[20]/td[2]/div/div"}
COMMAND: POST /session/302c28dd03ec619932948a5fa1f394c9/element - {"using":"xpath","value":"//table[contains(@id, \"listView-innerSelectionPanelTable-listUl\")]/tbody/tr[20]/td[2]/div"}
RESULT: {"using":"xpath","value":"//table[contains(@id, \"listView-innerSelectionPanelTable-listUl\")]/tbody/tr[20]/td[2]/div"}
COMMAND: POST /session/302c28dd03ec619932948a5fa1f394c9/element - {"using":"xpath","value":"//table[contains(@id, \"listView-innerSelectionPanelTable-listUl\")]/tbody/tr[20]/td[3]/div/div/span/span[1]/bdi"}
RESULT: {"using":"xpath","value":"//table[contains(@id, \"listView-innerSelectionPanelTable-listUl\")]/tbody/tr[20]/td[3]/div/div/span/span[1]/bdi"}
COMMAND: POST /session/302c28dd03ec619932948a5fa1f394c9/execute/sync - {"script":"<script> [56 bytes]","args":[{"element-6066-11e4-a52e-4f735466cecf":"f.D6078088970B2F0795E5397A8DAD4E0E.d.31ED5ED0B7A4F5E0B4BA254E01829D12.e.7265","ELEMENT":"f.D6078088970B2F0795E5397A8DAD4E0E.d.31ED5ED0B7A4F5E0B4BA254E01829D12.e.7265"}]}
RESULT: {"script":"<script> [56 bytes]","args":[{"element-6066-11e4-a52e-4f735466cecf":"f.D6078088970B2F0795E5397A8DAD4E0E.d.31ED5ED0B7A4F5E0B4BA254E01829D12.e.7265","ELEMENT":"f.D6078088970B2F0795E5397A8DAD4E0E.d.31ED5ED0B7A4F5E0B4BA254E01829D12.e.7265"}]}
COMMAND: GET /session/302c28dd03ec619932948a5fa1f394c9/element/f.D6078088970B2F0795E5397A8DAD4E0E.d.31ED5ED0B7A4F5E0B4BA254E01829D12.e.7264/attribute/aria-checked - {}
COMMAND: GET /session/302c28dd03ec619932948a5fa1f394c9/screenshot - {}
RESULT: {}
COMMAND: POST /session/302c28dd03ec619932948a5fa1f394c9/element - {"using":"xpath","value":"//table[contains(@id, \"listView-innerSelectionPanelTable-listUl\")]/tbody/tr[21]/td[2]/div/div"}
RESULT: {}
RESULT: {"using":"xpath","value":"//table[contains(@id, \"listView-innerSelectionPanelTable-listUl\")]/tbody/tr[21]/td[2]/div/div"}
COMMAND: POST /session/302c28dd03ec619932948a5fa1f394c9/element - {"using":"xpath","value":"//table[contains(@id, \"listView-innerSelectionPanelTable-listUl\")]/tbody/tr[21]/td[2]/div"}
RESULT: {"using":"xpath","value":"//table[contains(@id, \"listView-innerSelectionPanelTable-listUl\")]/tbody/tr[21]/td[2]/div"}
COMMAND: POST /session/302c28dd03ec619932948a5fa1f394c9/element - {"using":"xpath","value":"//table[contains(@id, \"listView-innerSelectionPanelTable-listUl\")]/tbody/tr[21]/td[3]/div/div/span/span[1]/bdi"}
RESULT: {"using":"xpath","value":"//table[contains(@id, \"listView-innerSelectionPanelTable-listUl\")]/tbody/tr[21]/td[3]/div/div/span/span[1]/bdi"}
COMMAND: POST /session/302c28dd03ec619932948a5fa1f394c9/execute/sync - {"script":"<script> [56 bytes]","args":[{"element-6066-11e4-a52e-4f735466cecf":"f.D6078088970B2F0795E5397A8DAD4E0E.d.31ED5ED0B7A4F5E0B4BA254E01829D12.e.7268","ELEMENT":"f.D6078088970B2F0795E5397A8DAD4E0E.d.31ED5ED0B7A4F5E0B4BA254E01829D12.e.7268"}]}
RESULT: {"script":"<script> [56 bytes]","args":[{"element-6066-11e4-a52e-4f735466cecf":"f.D6078088970B2F0795E5397A8DAD4E0E.d.31ED5ED0B7A4F5E0B4BA254E01829D12.e.7268","ELEMENT":"f.D6078088970B2F0795E5397A8DAD4E0E.d.31ED5ED0B7A4F5E0B4BA254E01829D12.e.7268"}]}
COMMAND: GET /session/302c28dd03ec619932948a5fa1f394c9/element/f.D6078088970B2F0795E5397A8DAD4E0E.d.31ED5ED0B7A4F5E0B4BA254E01829D12.e.7267/attribute/aria-checked - {}
COMMAND: GET /session/302c28dd03ec619932948a5fa1f394c9/screenshot - {}
RESULT: {}
COMMAND: POST /session/302c28dd03ec619932948a5fa1f394c9/element - {"using":"xpath","value":"//table[contains(@id, \"listView-innerSelectionPanelTable-listUl\")]/tbody/tr[22]/td[2]/div/div"}
RESULT: {}
RESULT: {"using":"xpath","value":"//table[contains(@id, \"listView-innerSelectionPanelTable-listUl\")]/tbody/tr[22]/td[2]/div/div"}
COMMAND: POST /session/302c28dd03ec619932948a5fa1f394c9/element - {"using":"xpath","value":"//table[contains(@id, \"listView-innerSelectionPanelTable-listUl\")]/tbody/tr[22]/td[2]/div"}
RESULT: {"using":"xpath","value":"//table[contains(@id, \"listView-innerSelectionPanelTable-listUl\")]/tbody/tr[22]/td[2]/div"}
COMMAND: POST /session/302c28dd03ec619932948a5fa1f394c9/element - {"using":"xpath","value":"//table[contains(@id, \"listView-innerSelectionPanelTable-listUl\")]/tbody/tr[22]/td[3]/div/div/span/span[1]/bdi"}
RESULT: {"using":"xpath","value":"//table[contains(@id, \"listView-innerSelectionPanelTable-listUl\")]/tbody/tr[22]/td[3]/div/div/span/span[1]/bdi"}
COMMAND: POST /session/302c28dd03ec619932948a5fa1f394c9/execute/sync - {"script":"<script> [56 bytes]","args":[{"element-6066-11e4-a52e-4f735466cecf":"f.D6078088970B2F0795E5397A8DAD4E0E.d.31ED5ED0B7A4F5E0B4BA254E01829D12.e.7271","ELEMENT":"f.D6078088970B2F0795E5397A8DAD4E0E.d.31ED5ED0B7A4F5E0B4BA254E01829D12.e.7271"}]}
RESULT: {"script":"<script> [56 bytes]","args":[{"element-6066-11e4-a52e-4f735466cecf":"f.D6078088970B2F0795E5397A8DAD4E0E.d.31ED5ED0B7A4F5E0B4BA254E01829D12.e.7271","ELEMENT":"f.D6078088970B2F0795E5397A8DAD4E0E.d.31ED5ED0B7A4F5E0B4BA254E01829D12.e.7271"}]}
COMMAND: GET /session/302c28dd03ec619932948a5fa1f394c9/element/f.D6078088970B2F0795E5397A8DAD4E0E.d.31ED5ED0B7A4F5E0B4BA254E01829D12.e.7270/attribute/aria-checked - {}
COMMAND: GET /session/302c28dd03ec619932948a5fa1f394c9/screenshot - {}
RESULT: {}
COMMAND: POST /session/302c28dd03ec619932948a5fa1f394c9/element - {"using":"xpath","value":"//table[contains(@id, \"listView-innerSelectionPanelTable-listUl\")]/tbody/tr[23]/td[2]/div/div"}
RESULT: {}
RESULT: {"using":"xpath","value":"//table[contains(@id, \"listView-innerSelectionPanelTable-listUl\")]/tbody/tr[23]/td[2]/div/div"}
COMMAND: POST /session/302c28dd03ec619932948a5fa1f394c9/element - {"using":"xpath","value":"//table[contains(@id, \"listView-innerSelectionPanelTable-listUl\")]/tbody/tr[23]/td[2]/div"}
RESULT: {"using":"xpath","value":"//table[contains(@id, \"listView-innerSelectionPanelTable-listUl\")]/tbody/tr[23]/td[2]/div"}
COMMAND: POST /session/302c28dd03ec619932948a5fa1f394c9/element - {"using":"xpath","value":"//table[contains(@id, \"listView-innerSelectionPanelTable-listUl\")]/tbody/tr[23]/td[3]/div/div/span/span[1]/bdi"}
RESULT: {"using":"xpath","value":"//table[contains(@id, \"listView-innerSelectionPanelTable-listUl\")]/tbody/tr[23]/td[3]/div/div/span/span[1]/bdi"}
COMMAND: POST /session/302c28dd03ec619932948a5fa1f394c9/execute/sync - {"script":"<script> [56 bytes]","args":[{"element-6066-11e4-a52e-4f735466cecf":"f.D6078088970B2F0795E5397A8DAD4E0E.d.31ED5ED0B7A4F5E0B4BA254E01829D12.e.7274","ELEMENT":"f.D6078088970B2F0795E5397A8DAD4E0E.d.31ED5ED0B7A4F5E0B4BA254E01829D12.e.7274"}]}
RESULT: {"script":"<script> [56 bytes]","args":[{"element-6066-11e4-a52e-4f735466cecf":"f.D6078088970B2F0795E5397A8DAD4E0E.d.31ED5ED0B7A4F5E0B4BA254E01829D12.e.7274","ELEMENT":"f.D6078088970B2F0795E5397A8DAD4E0E.d.31ED5ED0B7A4F5E0B4BA254E01829D12.e.7274"}]}
COMMAND: GET /session/302c28dd03ec619932948a5fa1f394c9/element/f.D6078088970B2F0795E5397A8DAD4E0E.d.31ED5ED0B7A4F5E0B4BA254E01829D12.e.7273/attribute/aria-checked - {}
COMMAND: GET /session/302c28dd03ec619932948a5fa1f394c9/screenshot - {}
RESULT: {}
COMMAND: POST /session/302c28dd03ec619932948a5fa1f394c9/element - {"using":"xpath","value":"//table[contains(@id, \"listView-innerSelectionPanelTable-listUl\")]/tbody/tr[24]/td[2]/div/div"}
RESULT: {}
RESULT: {"using":"xpath","value":"//table[contains(@id, \"listView-innerSelectionPanelTable-listUl\")]/tbody/tr[24]/td[2]/div/div"}
COMMAND: POST /session/302c28dd03ec619932948a5fa1f394c9/element - {"using":"xpath","value":"//table[contains(@id, \"listView-innerSelectionPanelTable-listUl\")]/tbody/tr[24]/td[2]/div"}
RESULT: {"using":"xpath","value":"//table[contains(@id, \"listView-innerSelectionPanelTable-listUl\")]/tbody/tr[24]/td[2]/div"}
COMMAND: POST /session/302c28dd03ec619932948a5fa1f394c9/element - {"using":"xpath","value":"//table[contains(@id, \"listView-innerSelectionPanelTable-listUl\")]/tbody/tr[24]/td[3]/div/div/span/span[1]/bdi"}
RESULT: {"using":"xpath","value":"//table[contains(@id, \"listView-innerSelectionPanelTable-listUl\")]/tbody/tr[24]/td[3]/div/div/span/span[1]/bdi"}
COMMAND: POST /session/302c28dd03ec619932948a5fa1f394c9/execute/sync - {"script":"<script> [56 bytes]","args":[{"element-6066-11e4-a52e-4f735466cecf":"f.D6078088970B2F0795E5397A8DAD4E0E.d.31ED5ED0B7A4F5E0B4BA254E01829D12.e.7277","ELEMENT":"f.D6078088970B2F0795E5397A8DAD4E0E.d.31ED5ED0B7A4F5E0B4BA254E01829D12.e.7277"}]}
RESULT: {"script":"<script> [56 bytes]","args":[{"element-6066-11e4-a52e-4f735466cecf":"f.D6078088970B2F0795E5397A8DAD4E0E.d.31ED5ED0B7A4F5E0B4BA254E01829D12.e.7277","ELEMENT":"f.D6078088970B2F0795E5397A8DAD4E0E.d.31ED5ED0B7A4F5E0B4BA254E01829D12.e.7277"}]}
COMMAND: GET /session/302c28dd03ec619932948a5fa1f394c9/element/f.D6078088970B2F0795E5397A8DAD4E0E.d.31ED5ED0B7A4F5E0B4BA254E01829D12.e.7276/attribute/aria-checked - {}
COMMAND: GET /session/302c28dd03ec619932948a5fa1f394c9/screenshot - {}
RESULT: {}
COMMAND: POST /session/302c28dd03ec619932948a5fa1f394c9/element - {"using":"xpath","value":"//table[contains(@id, \"listView-innerSelectionPanelTable-listUl\")]/tbody/tr[25]/td[2]/div/div"}
RESULT: {}
RESULT: {"using":"xpath","value":"//table[contains(@id, \"listView-innerSelectionPanelTable-listUl\")]/tbody/tr[25]/td[2]/div/div"}
COMMAND: POST /session/302c28dd03ec619932948a5fa1f394c9/element - {"using":"xpath","value":"//table[contains(@id, \"listView-innerSelectionPanelTable-listUl\")]/tbody/tr[25]/td[2]/div"}
RESULT: {"using":"xpath","value":"//table[contains(@id, \"listView-innerSelectionPanelTable-listUl\")]/tbody/tr[25]/td[2]/div"}
COMMAND: POST /session/302c28dd03ec619932948a5fa1f394c9/element - {"using":"xpath","value":"//table[contains(@id, \"listView-innerSelectionPanelTable-listUl\")]/tbody/tr[25]/td[3]/div/div/span/span[1]/bdi"}
RESULT: {"using":"xpath","value":"//table[contains(@id, \"listView-innerSelectionPanelTable-listUl\")]/tbody/tr[25]/td[3]/div/div/span/span[1]/bdi"}
COMMAND: POST /session/302c28dd03ec619932948a5fa1f394c9/execute/sync - {"script":"<script> [56 bytes]","args":[{"element-6066-11e4-a52e-4f735466cecf":"f.D6078088970B2F0795E5397A8DAD4E0E.d.31ED5ED0B7A4F5E0B4BA254E01829D12.e.7280","ELEMENT":"f.D6078088970B2F0795E5397A8DAD4E0E.d.31ED5ED0B7A4F5E0B4BA254E01829D12.e.7280"}]}
RESULT: {"script":"<script> [56 bytes]","args":[{"element-6066-11e4-a52e-4f735466cecf":"f.D6078088970B2F0795E5397A8DAD4E0E.d.31ED5ED0B7A4F5E0B4BA254E01829D12.e.7280","ELEMENT":"f.D6078088970B2F0795E5397A8DAD4E0E.d.31ED5ED0B7A4F5E0B4BA254E01829D12.e.7280"}]}
COMMAND: GET /session/302c28dd03ec619932948a5fa1f394c9/element/f.D6078088970B2F0795E5397A8DAD4E0E.d.31ED5ED0B7A4F5E0B4BA254E01829D12.e.7279/attribute/aria-checked - {}
COMMAND: GET /session/302c28dd03ec619932948a5fa1f394c9/screenshot - {}
RESULT: {}
COMMAND: POST /session/302c28dd03ec619932948a5fa1f394c9/element - {"using":"xpath","value":"//bdi[contains(text(), \"OK\")]"}
RESULT: {}
RESULT: {"using":"xpath","value":"//bdi[contains(text(), \"OK\")]"}
COMMAND: POST /session/302c28dd03ec619932948a5fa1f394c9/element/f.D6078088970B2F0795E5397A8DAD4E0E.d.31ED5ED0B7A4F5E0B4BA254E01829D12.e.7281/click - {}
RESULT: {}
COMMAND: GET /session/302c28dd03ec619932948a5fa1f394c9/screenshot - {}
RESULT: {}
COMMAND: POST /session/302c28dd03ec619932948a5fa1f394c9/execute/async - {"script":"<script> [1562 bytes]","args":[{"selector":{"id":"application-managepartners-display-component---masterPtm--smartFilterBar-filterItemControlA_-LINK_TO_ADDRESSES_MAIN.CITY1-vhi"},"wdio_ui5_key":"applicationmanagepartners-display-component---masterPtm--smartFilterBar-filterItemControlA_-LINK_TO_ADDRESSES_MAIN.CITY1-vhi"}]}
RESULT: {"script":"<script> [1562 bytes]","args":[{"selector":{"id":"application-managepartners-display-component---masterPtm--smartFilterBar-filterItemControlA_-LINK_TO_ADDRESSES_MAIN.CITY1-vhi"},"wdio_ui5_key":"applicationmanagepartners-display-component---masterPtm--smartFilterBar-filterItemControlA_-LINK_TO_ADDRESSES_MAIN.CITY1-vhi"}]}
RESULT: undefined
COMMAND: POST /session/302c28dd03ec619932948a5fa1f394c9/element - {"using":"xpath","value":"//*[@id=\"application-managepartners-display-component---masterPtm--smartFilterBar-filterItemControlA_-LINK_TO_ADDRESSES_MAIN.CITY1-vhi\"]"}
RESULT: {"using":"xpath","value":"//*[@id=\"application-managepartners-display-component---masterPtm--smartFilterBar-filterItemControlA_-LINK_TO_ADDRESSES_MAIN.CITY1-vhi\"]"}
COMMAND: POST /session/302c28dd03ec619932948a5fa1f394c9/element/f.D6078088970B2F0795E5397A8DAD4E0E.d.31ED5ED0B7A4F5E0B4BA254E01829D12.e.7295/click - {}
RESULT: {}
COMMAND: GET /session/302c28dd03ec619932948a5fa1f394c9/screenshot - {}
RESULT: {}
COMMAND: POST /session/302c28dd03ec619932948a5fa1f394c9/execute/async - {"script":"<script> [1562 bytes]","args":[{"selector":{"controlType":"sap.m.Input","viewName":"etm.portal.ui.managepartners.view.Master","viewId":"application-managepartners-display-component---masterPtm","properties":{"valueState":"None"},"searchOpenDialogs":true,"interaction":{"idSuffix":"inner"}},"wdio_ui5_key":"etmportal.ui.managepartners.view.Mastersap.m.Input{\"valueState\":\"None\"}"}]}
RESULT: {"script":"<script> [1562 bytes]","args":[{"selector":{"controlType":"sap.m.Input","viewName":"etm.portal.ui.managepartners.view.Master","viewId":"application-managepartners-display-component---masterPtm","properties":{"valueState":"None"},"searchOpenDialogs":true,"interaction":{"idSuffix":"inner"}},"wdio_ui5_key":"etmportal.ui.managepartners.view.Mastersap.m.Input{\"valueState\":\"None\"}"}]}
RESULT: undefined
COMMAND: POST /session/302c28dd03ec619932948a5fa1f394c9/execute/async - {"script":"<script> [776 bytes]","args":[{"enterText":"Bangalore","selector":{"controlType":"sap.m.Input","viewName":"etm.portal.ui.managepartners.view.Master","viewId":"application-managepartners-display-component---masterPtm","properties":{"valueState":"None"},"searchOpenDialogs":true,"interaction":{"idSuffix":"inner"}},"clearTextFirst":true,"interactionType":"ENTER_TEXT"}]}
RESULT: {"script":"<script> [776 bytes]","args":[{"enterText":"Bangalore","selector":{"controlType":"sap.m.Input","viewName":"etm.portal.ui.managepartners.view.Master","viewId":"application-managepartners-display-component---masterPtm","properties":{"valueState":"None"},"searchOpenDialogs":true,"interaction":{"idSuffix":"inner"}},"clearTextFirst":true,"interactionType":"ENTER_TEXT"}]}
COMMAND: POST /session/302c28dd03ec619932948a5fa1f394c9/actions - {"actions":[{"id":"action23","type":"key","parameters":{},"actions":[{"type":"keyDown","value":""},{"type":"pause","duration":10},{"type":"keyUp","value":""}]}]}
RESULT: {"actions":[{"id":"action23","type":"key","parameters":{},"actions":[{"type":"keyDown","value":""},{"type":"pause","duration":10},{"type":"keyUp","value":""}]}]}
COMMAND: GET /session/302c28dd03ec619932948a5fa1f394c9/screenshot - {}
RESULT: {}
COMMAND: POST /session/302c28dd03ec619932948a5fa1f394c9/element - {"using":"xpath","value":"(//bdi[contains(text(), \"OK\")])[1]"}
RESULT: {"using":"xpath","value":"(//bdi[contains(text(), \"OK\")])[1]"}
COMMAND: POST /session/302c28dd03ec619932948a5fa1f394c9/element/f.D6078088970B2F0795E5397A8DAD4E0E.d.31ED5ED0B7A4F5E0B4BA254E01829D12.e.7301/click - {}
RESULT: {}
COMMAND: GET /session/302c28dd03ec619932948a5fa1f394c9/screenshot - {}
RESULT: {}
COMMAND: POST /session/302c28dd03ec619932948a5fa1f394c9/element - {"using":"xpath","value":"//span[@id=\"application-managepartners-display-component---masterPtm--smartTable-header-inner\"]"}
RESULT: {"using":"xpath","value":"//span[@id=\"application-managepartners-display-component---masterPtm--smartTable-header-inner\"]"}
COMMAND: POST /session/302c28dd03ec619932948a5fa1f394c9/elements - {"using":"xpath","value":"//span[@id=\"application-managepartners-display-component---masterPtm--smartTable-header-inner\"]"}
RESULT: {"using":"xpath","value":"//span[@id=\"application-managepartners-display-component---masterPtm--smartTable-header-inner\"]"}
COMMAND: POST /session/302c28dd03ec619932948a5fa1f394c9/execute/sync - {"script":"<script> [56 bytes]","args":[{"element-6066-11e4-a52e-4f735466cecf":"f.D6078088970B2F0795E5397A8DAD4E0E.d.31ED5ED0B7A4F5E0B4BA254E01829D12.e.6369","ELEMENT":"f.D6078088970B2F0795E5397A8DAD4E0E.d.31ED5ED0B7A4F5E0B4BA254E01829D12.e.6369"}]}
RESULT: {"script":"<script> [56 bytes]","args":[{"element-6066-11e4-a52e-4f735466cecf":"f.D6078088970B2F0795E5397A8DAD4E0E.d.31ED5ED0B7A4F5E0B4BA254E01829D12.e.6369","ELEMENT":"f.D6078088970B2F0795E5397A8DAD4E0E.d.31ED5ED0B7A4F5E0B4BA254E01829D12.e.6369"}]}
COMMAND: POST /session/302c28dd03ec619932948a5fa1f394c9/element - {"using":"xpath","value":"//span[contains(@title, \"Remove\")]"}
COMMAND: GET /session/302c28dd03ec619932948a5fa1f394c9/screenshot - {}
RESULT: {"using":"xpath","value":"//span[contains(@title, \"Remove\")]"}
COMMAND: POST /session/302c28dd03ec619932948a5fa1f394c9/element/f.D6078088970B2F0795E5397A8DAD4E0E.d.31ED5ED0B7A4F5E0B4BA254E01829D12.e.7402/click - {}
RESULT: {}
RESULT: {}
COMMAND: GET /session/302c28dd03ec619932948a5fa1f394c9/screenshot - {}
RESULT: {}
COMMAND: POST /session/302c28dd03ec619932948a5fa1f394c9/element - {"using":"xpath","value":"//span[@id=\"application-managepartners-display-component---masterPtm--smartTable-header-inner\"]"}
RESULT: {"using":"xpath","value":"//span[@id=\"application-managepartners-display-component---masterPtm--smartTable-header-inner\"]"}
COMMAND: POST /session/302c28dd03ec619932948a5fa1f394c9/elements - {"using":"xpath","value":"//span[@id=\"application-managepartners-display-component---masterPtm--smartTable-header-inner\"]"}
RESULT: {"using":"xpath","value":"//span[@id=\"application-managepartners-display-component---masterPtm--smartTable-header-inner\"]"}
COMMAND: POST /session/302c28dd03ec619932948a5fa1f394c9/execute/sync - {"script":"<script> [56 bytes]","args":[{"element-6066-11e4-a52e-4f735466cecf":"f.D6078088970B2F0795E5397A8DAD4E0E.d.31ED5ED0B7A4F5E0B4BA254E01829D12.e.6369","ELEMENT":"f.D6078088970B2F0795E5397A8DAD4E0E.d.31ED5ED0B7A4F5E0B4BA254E01829D12.e.6369"}]}
RESULT: {"script":"<script> [56 bytes]","args":[{"element-6066-11e4-a52e-4f735466cecf":"f.D6078088970B2F0795E5397A8DAD4E0E.d.31ED5ED0B7A4F5E0B4BA254E01829D12.e.6369","ELEMENT":"f.D6078088970B2F0795E5397A8DAD4E0E.d.31ED5ED0B7A4F5E0B4BA254E01829D12.e.6369"}]}
COMMAND: POST /session/302c28dd03ec619932948a5fa1f394c9/element - {"using":"css selector","value":"#shell-header-logo"}
COMMAND: GET /session/302c28dd03ec619932948a5fa1f394c9/screenshot - {}
RESULT: {"using":"css selector","value":"#shell-header-logo"}
COMMAND: POST /session/302c28dd03ec619932948a5fa1f394c9/element/f.D6078088970B2F0795E5397A8DAD4E0E.d.31ED5ED0B7A4F5E0B4BA254E01829D12.e.6201/click - {}
RESULT: {}
RESULT: {}
COMMAND: GET /session/302c28dd03ec619932948a5fa1f394c9/screenshot - {}
RESULT: {}
]]></system-out>
    </testcase>
    <testcase classname="chrome.135_0_7049_42.windows.Partner_specific_tests_US150819_US151080_US151654_US151176_US103444_US151078_US151079_US151109_US151174_US151175_US151189" name="Should try to save empty partner US151174" time="43.731">
      <system-out><![CDATA[
COMMAND: POST /session/302c28dd03ec619932948a5fa1f394c9/element - {"using":"xpath","value":"//li[.//span[text()=\"Manage Partners\"]]"}
RESULT: {"using":"xpath","value":"//li[.//span[text()=\"Manage Partners\"]]"}
COMMAND: POST /session/302c28dd03ec619932948a5fa1f394c9/element - {"using":"xpath","value":"//li[.//span[text()=\"Manage Partners\"]]"}
RESULT: {"using":"xpath","value":"//li[.//span[text()=\"Manage Partners\"]]"}
COMMAND: POST /session/302c28dd03ec619932948a5fa1f394c9/element - {"using":"css selector","value":"#shell-header-logo"}
RESULT: {"using":"css selector","value":"#shell-header-logo"}
COMMAND: POST /session/302c28dd03ec619932948a5fa1f394c9/element/f.D6078088970B2F0795E5397A8DAD4E0E.d.31ED5ED0B7A4F5E0B4BA254E01829D12.e.7490/click - {}
COMMAND: POST /session/302c28dd03ec619932948a5fa1f394c9/execute/sync - {"script":"<script> [8489 bytes]","args":[{"element-6066-11e4-a52e-4f735466cecf":"f.D6078088970B2F0795E5397A8DAD4E0E.d.31ED5ED0B7A4F5E0B4BA254E01829D12.e.7490","ELEMENT":"f.D6078088970B2F0795E5397A8DAD4E0E.d.31ED5ED0B7A4F5E0B4BA254E01829D12.e.7490"}]}
RESULT: {}
COMMAND: GET /session/302c28dd03ec619932948a5fa1f394c9/screenshot - {}
RESULT: {"script":"<script> [8489 bytes]","args":[{"element-6066-11e4-a52e-4f735466cecf":"f.D6078088970B2F0795E5397A8DAD4E0E.d.31ED5ED0B7A4F5E0B4BA254E01829D12.e.7490","ELEMENT":"f.D6078088970B2F0795E5397A8DAD4E0E.d.31ED5ED0B7A4F5E0B4BA254E01829D12.e.7490"}]}
COMMAND: POST /session/302c28dd03ec619932948a5fa1f394c9/execute/sync - {"script":"<script> [5351 bytes]","args":[{"element-6066-11e4-a52e-4f735466cecf":"f.D6078088970B2F0795E5397A8DAD4E0E.d.31ED5ED0B7A4F5E0B4BA254E01829D12.e.7490","ELEMENT":"f.D6078088970B2F0795E5397A8DAD4E0E.d.31ED5ED0B7A4F5E0B4BA254E01829D12.e.7490"}]}
COMMAND: GET /session/302c28dd03ec619932948a5fa1f394c9/screenshot - {}
RESULT: {}
RESULT: {"script":"<script> [5351 bytes]","args":[{"element-6066-11e4-a52e-4f735466cecf":"f.D6078088970B2F0795E5397A8DAD4E0E.d.31ED5ED0B7A4F5E0B4BA254E01829D12.e.7490","ELEMENT":"f.D6078088970B2F0795E5397A8DAD4E0E.d.31ED5ED0B7A4F5E0B4BA254E01829D12.e.7490"}]}
COMMAND: GET /session/302c28dd03ec619932948a5fa1f394c9/screenshot - {}
RESULT: {}
RESULT: {}
RESULT: undefined
COMMAND: POST /session/302c28dd03ec619932948a5fa1f394c9/element - {"using":"xpath","value":"//*[@id=\"__tile38\"]"}
RESULT: {"using":"xpath","value":"//*[@id=\"__tile38\"]"}
COMMAND: POST /session/302c28dd03ec619932948a5fa1f394c9/element/f.D6078088970B2F0795E5397A8DAD4E0E.d.31ED5ED0B7A4F5E0B4BA254E01829D12.e.4699/click - {}
RESULT: {}
COMMAND: POST /session/302c28dd03ec619932948a5fa1f394c9/element - {"using":"xpath","value":"//button[@data-kt=\"addButton\"]"}
COMMAND: GET /session/302c28dd03ec619932948a5fa1f394c9/screenshot - {}
RESULT: {"using":"xpath","value":"//button[@data-kt=\"addButton\"]"}
COMMAND: POST /session/302c28dd03ec619932948a5fa1f394c9/elements - {"using":"xpath","value":"//button[@data-kt=\"addButton\"]"}
RESULT: {}
RESULT: {"using":"xpath","value":"//button[@data-kt=\"addButton\"]"}
COMMAND: POST /session/302c28dd03ec619932948a5fa1f394c9/execute/sync - {"script":"<script> [8489 bytes]","args":[{"element-6066-11e4-a52e-4f735466cecf":"f.D6078088970B2F0795E5397A8DAD4E0E.d.31ED5ED0B7A4F5E0B4BA254E01829D12.e.7524","ELEMENT":"f.D6078088970B2F0795E5397A8DAD4E0E.d.31ED5ED0B7A4F5E0B4BA254E01829D12.e.7524"}]}
RESULT: {"script":"<script> [8489 bytes]","args":[{"element-6066-11e4-a52e-4f735466cecf":"f.D6078088970B2F0795E5397A8DAD4E0E.d.31ED5ED0B7A4F5E0B4BA254E01829D12.e.7524","ELEMENT":"f.D6078088970B2F0795E5397A8DAD4E0E.d.31ED5ED0B7A4F5E0B4BA254E01829D12.e.7524"}]}
COMMAND: GET /session/302c28dd03ec619932948a5fa1f394c9/element/f.D6078088970B2F0795E5397A8DAD4E0E.d.31ED5ED0B7A4F5E0B4BA254E01829D12.e.7524/enabled - {}
COMMAND: GET /session/302c28dd03ec619932948a5fa1f394c9/screenshot - {}
RESULT: {}
COMMAND: POST /session/302c28dd03ec619932948a5fa1f394c9/execute/sync - {"script":"<script> [8489 bytes]","args":[{"element-6066-11e4-a52e-4f735466cecf":"f.D6078088970B2F0795E5397A8DAD4E0E.d.31ED5ED0B7A4F5E0B4BA254E01829D12.e.7524","ELEMENT":"f.D6078088970B2F0795E5397A8DAD4E0E.d.31ED5ED0B7A4F5E0B4BA254E01829D12.e.7524"}]}
COMMAND: GET /session/302c28dd03ec619932948a5fa1f394c9/screenshot - {}
RESULT: {}
RESULT: {"script":"<script> [8489 bytes]","args":[{"element-6066-11e4-a52e-4f735466cecf":"f.D6078088970B2F0795E5397A8DAD4E0E.d.31ED5ED0B7A4F5E0B4BA254E01829D12.e.7524","ELEMENT":"f.D6078088970B2F0795E5397A8DAD4E0E.d.31ED5ED0B7A4F5E0B4BA254E01829D12.e.7524"}]}
COMMAND: POST /session/302c28dd03ec619932948a5fa1f394c9/execute/sync - {"script":"<script> [5351 bytes]","args":[{"element-6066-11e4-a52e-4f735466cecf":"f.D6078088970B2F0795E5397A8DAD4E0E.d.31ED5ED0B7A4F5E0B4BA254E01829D12.e.7524","ELEMENT":"f.D6078088970B2F0795E5397A8DAD4E0E.d.31ED5ED0B7A4F5E0B4BA254E01829D12.e.7524"}]}
COMMAND: GET /session/302c28dd03ec619932948a5fa1f394c9/screenshot - {}
RESULT: {}
RESULT: {"script":"<script> [5351 bytes]","args":[{"element-6066-11e4-a52e-4f735466cecf":"f.D6078088970B2F0795E5397A8DAD4E0E.d.31ED5ED0B7A4F5E0B4BA254E01829D12.e.7524","ELEMENT":"f.D6078088970B2F0795E5397A8DAD4E0E.d.31ED5ED0B7A4F5E0B4BA254E01829D12.e.7524"}]}
COMMAND: POST /session/302c28dd03ec619932948a5fa1f394c9/element/f.D6078088970B2F0795E5397A8DAD4E0E.d.31ED5ED0B7A4F5E0B4BA254E01829D12.e.7524/click - {}
COMMAND: GET /session/302c28dd03ec619932948a5fa1f394c9/screenshot - {}
RESULT: {}
RESULT: {}
COMMAND: GET /session/302c28dd03ec619932948a5fa1f394c9/screenshot - {}
RESULT: {}
RESULT: {}
COMMAND: POST /session/302c28dd03ec619932948a5fa1f394c9/element - {"using":"xpath","value":"//button[@data-kt=\"saveButton\"]"}
RESULT: {"using":"xpath","value":"//button[@data-kt=\"saveButton\"]"}
COMMAND: POST /session/302c28dd03ec619932948a5fa1f394c9/element/f.D6078088970B2F0795E5397A8DAD4E0E.d.31ED5ED0B7A4F5E0B4BA254E01829D12.e.8034/click - {}
RESULT: {}
COMMAND: GET /session/302c28dd03ec619932948a5fa1f394c9/screenshot - {}
RESULT: {}
COMMAND: POST /session/302c28dd03ec619932948a5fa1f394c9/element - {"using":"xpath","value":"//span[contains(@class, \"sapMMsgBoxText\")]"}
RESULT: {"using":"xpath","value":"//span[contains(@class, \"sapMMsgBoxText\")]"}
COMMAND: POST /session/302c28dd03ec619932948a5fa1f394c9/execute/sync - {"script":"<script> [56 bytes]","args":[{"element-6066-11e4-a52e-4f735466cecf":"f.D6078088970B2F0795E5397A8DAD4E0E.d.31ED5ED0B7A4F5E0B4BA254E01829D12.e.8109","ELEMENT":"f.D6078088970B2F0795E5397A8DAD4E0E.d.31ED5ED0B7A4F5E0B4BA254E01829D12.e.8109"}]}
RESULT: {"script":"<script> [56 bytes]","args":[{"element-6066-11e4-a52e-4f735466cecf":"f.D6078088970B2F0795E5397A8DAD4E0E.d.31ED5ED0B7A4F5E0B4BA254E01829D12.e.8109","ELEMENT":"f.D6078088970B2F0795E5397A8DAD4E0E.d.31ED5ED0B7A4F5E0B4BA254E01829D12.e.8109"}]}
COMMAND: POST /session/302c28dd03ec619932948a5fa1f394c9/element - {"using":"xpath","value":"(//bdi[contains(text(), \"Close\")])[1]"}
COMMAND: POST /session/302c28dd03ec619932948a5fa1f394c9/elements - {"using":"xpath","value":"//span[contains(@class, \"sapMMsgBoxText\")]"}
COMMAND: GET /session/302c28dd03ec619932948a5fa1f394c9/screenshot - {}
RESULT: {"using":"xpath","value":"//span[contains(@class, \"sapMMsgBoxText\")]"}
RESULT: {"using":"xpath","value":"(//bdi[contains(text(), \"Close\")])[1]"}
COMMAND: POST /session/302c28dd03ec619932948a5fa1f394c9/element/f.D6078088970B2F0795E5397A8DAD4E0E.d.31ED5ED0B7A4F5E0B4BA254E01829D12.e.8110/click - {}
RESULT: {}
RESULT: {}
COMMAND: GET /session/302c28dd03ec619932948a5fa1f394c9/screenshot - {}
RESULT: {}
COMMAND: POST /session/302c28dd03ec619932948a5fa1f394c9/element - {"using":"css selector","value":"#shell-header-logo"}
RESULT: {"using":"css selector","value":"#shell-header-logo"}
COMMAND: POST /session/302c28dd03ec619932948a5fa1f394c9/element/f.D6078088970B2F0795E5397A8DAD4E0E.d.31ED5ED0B7A4F5E0B4BA254E01829D12.e.7490/click - {}
RESULT: {}
COMMAND: GET /session/302c28dd03ec619932948a5fa1f394c9/screenshot - {}
RESULT: {}
]]></system-out>
    </testcase>
    <testcase classname="chrome.135_0_7049_42.windows.Partner_specific_tests_US150819_US151080_US151654_US151176_US103444_US151078_US151079_US151109_US151174_US151175_US151189" name="Should do various searches US151175" time="153.831">
      <system-out><![CDATA[
COMMAND: POST /session/302c28dd03ec619932948a5fa1f394c9/element - {"using":"xpath","value":"//li[.//span[text()=\"Manage Partners\"]]"}
RESULT: {"using":"xpath","value":"//li[.//span[text()=\"Manage Partners\"]]"}
COMMAND: POST /session/302c28dd03ec619932948a5fa1f394c9/element - {"using":"xpath","value":"//li[.//span[text()=\"Manage Partners\"]]"}
RESULT: {"using":"xpath","value":"//li[.//span[text()=\"Manage Partners\"]]"}
COMMAND: POST /session/302c28dd03ec619932948a5fa1f394c9/element - {"using":"css selector","value":"#shell-header-logo"}
RESULT: {"using":"css selector","value":"#shell-header-logo"}
COMMAND: POST /session/302c28dd03ec619932948a5fa1f394c9/element/f.D6078088970B2F0795E5397A8DAD4E0E.d.31ED5ED0B7A4F5E0B4BA254E01829D12.e.8112/click - {}
COMMAND: POST /session/302c28dd03ec619932948a5fa1f394c9/execute/sync - {"script":"<script> [8489 bytes]","args":[{"element-6066-11e4-a52e-4f735466cecf":"f.D6078088970B2F0795E5397A8DAD4E0E.d.31ED5ED0B7A4F5E0B4BA254E01829D12.e.8112","ELEMENT":"f.D6078088970B2F0795E5397A8DAD4E0E.d.31ED5ED0B7A4F5E0B4BA254E01829D12.e.8112"}]}
RESULT: {"script":"<script> [8489 bytes]","args":[{"element-6066-11e4-a52e-4f735466cecf":"f.D6078088970B2F0795E5397A8DAD4E0E.d.31ED5ED0B7A4F5E0B4BA254E01829D12.e.8112","ELEMENT":"f.D6078088970B2F0795E5397A8DAD4E0E.d.31ED5ED0B7A4F5E0B4BA254E01829D12.e.8112"}]}
COMMAND: POST /session/302c28dd03ec619932948a5fa1f394c9/execute/sync - {"script":"<script> [5351 bytes]","args":[{"element-6066-11e4-a52e-4f735466cecf":"f.D6078088970B2F0795E5397A8DAD4E0E.d.31ED5ED0B7A4F5E0B4BA254E01829D12.e.8112","ELEMENT":"f.D6078088970B2F0795E5397A8DAD4E0E.d.31ED5ED0B7A4F5E0B4BA254E01829D12.e.8112"}]}
COMMAND: GET /session/302c28dd03ec619932948a5fa1f394c9/screenshot - {}
RESULT: {}
COMMAND: GET /session/302c28dd03ec619932948a5fa1f394c9/screenshot - {}
RESULT: {"script":"<script> [5351 bytes]","args":[{"element-6066-11e4-a52e-4f735466cecf":"f.D6078088970B2F0795E5397A8DAD4E0E.d.31ED5ED0B7A4F5E0B4BA254E01829D12.e.8112","ELEMENT":"f.D6078088970B2F0795E5397A8DAD4E0E.d.31ED5ED0B7A4F5E0B4BA254E01829D12.e.8112"}]}
COMMAND: GET /session/302c28dd03ec619932948a5fa1f394c9/screenshot - {}
RESULT: {}
RESULT: {}
RESULT: {}
RESULT: undefined
COMMAND: POST /session/302c28dd03ec619932948a5fa1f394c9/element - {"using":"xpath","value":"//*[@id=\"__tile38\"]"}
RESULT: {"using":"xpath","value":"//*[@id=\"__tile38\"]"}
COMMAND: POST /session/302c28dd03ec619932948a5fa1f394c9/element/f.D6078088970B2F0795E5397A8DAD4E0E.d.31ED5ED0B7A4F5E0B4BA254E01829D12.e.4699/click - {}
RESULT: {}
COMMAND: POST /session/302c28dd03ec619932948a5fa1f394c9/element - {"using":"xpath","value":"//button[@data-kt=\"addButton\"]"}
COMMAND: GET /session/302c28dd03ec619932948a5fa1f394c9/screenshot - {}
RESULT: {"using":"xpath","value":"//button[@data-kt=\"addButton\"]"}
COMMAND: POST /session/302c28dd03ec619932948a5fa1f394c9/elements - {"using":"xpath","value":"//button[@data-kt=\"addButton\"]"}
RESULT: {}
RESULT: {"using":"xpath","value":"//button[@data-kt=\"addButton\"]"}
COMMAND: POST /session/302c28dd03ec619932948a5fa1f394c9/element - {"using":"xpath","value":"//button[@data-kt=\"addButton\"]"}
RESULT: {"using":"xpath","value":"//button[@data-kt=\"addButton\"]"}
COMMAND: POST /session/302c28dd03ec619932948a5fa1f394c9/execute/sync - {"script":"<script> [8489 bytes]","args":[{"element-6066-11e4-a52e-4f735466cecf":"f.D6078088970B2F0795E5397A8DAD4E0E.d.31ED5ED0B7A4F5E0B4BA254E01829D12.e.8156","ELEMENT":"f.D6078088970B2F0795E5397A8DAD4E0E.d.31ED5ED0B7A4F5E0B4BA254E01829D12.e.8156"}]}
RESULT: {"script":"<script> [8489 bytes]","args":[{"element-6066-11e4-a52e-4f735466cecf":"f.D6078088970B2F0795E5397A8DAD4E0E.d.31ED5ED0B7A4F5E0B4BA254E01829D12.e.8156","ELEMENT":"f.D6078088970B2F0795E5397A8DAD4E0E.d.31ED5ED0B7A4F5E0B4BA254E01829D12.e.8156"}]}
COMMAND: GET /session/302c28dd03ec619932948a5fa1f394c9/element/f.D6078088970B2F0795E5397A8DAD4E0E.d.31ED5ED0B7A4F5E0B4BA254E01829D12.e.8156/enabled - {}
COMMAND: GET /session/302c28dd03ec619932948a5fa1f394c9/screenshot - {}
RESULT: {}
COMMAND: POST /session/302c28dd03ec619932948a5fa1f394c9/execute/sync - {"script":"<script> [8489 bytes]","args":[{"element-6066-11e4-a52e-4f735466cecf":"f.D6078088970B2F0795E5397A8DAD4E0E.d.31ED5ED0B7A4F5E0B4BA254E01829D12.e.8156","ELEMENT":"f.D6078088970B2F0795E5397A8DAD4E0E.d.31ED5ED0B7A4F5E0B4BA254E01829D12.e.8156"}]}
COMMAND: GET /session/302c28dd03ec619932948a5fa1f394c9/screenshot - {}
RESULT: {}
RESULT: {"script":"<script> [8489 bytes]","args":[{"element-6066-11e4-a52e-4f735466cecf":"f.D6078088970B2F0795E5397A8DAD4E0E.d.31ED5ED0B7A4F5E0B4BA254E01829D12.e.8156","ELEMENT":"f.D6078088970B2F0795E5397A8DAD4E0E.d.31ED5ED0B7A4F5E0B4BA254E01829D12.e.8156"}]}
COMMAND: POST /session/302c28dd03ec619932948a5fa1f394c9/execute/sync - {"script":"<script> [5351 bytes]","args":[{"element-6066-11e4-a52e-4f735466cecf":"f.D6078088970B2F0795E5397A8DAD4E0E.d.31ED5ED0B7A4F5E0B4BA254E01829D12.e.8156","ELEMENT":"f.D6078088970B2F0795E5397A8DAD4E0E.d.31ED5ED0B7A4F5E0B4BA254E01829D12.e.8156"}]}
COMMAND: GET /session/302c28dd03ec619932948a5fa1f394c9/screenshot - {}
RESULT: {}
RESULT: {"script":"<script> [5351 bytes]","args":[{"element-6066-11e4-a52e-4f735466cecf":"f.D6078088970B2F0795E5397A8DAD4E0E.d.31ED5ED0B7A4F5E0B4BA254E01829D12.e.8156","ELEMENT":"f.D6078088970B2F0795E5397A8DAD4E0E.d.31ED5ED0B7A4F5E0B4BA254E01829D12.e.8156"}]}
COMMAND: GET /session/302c28dd03ec619932948a5fa1f394c9/screenshot - {}
RESULT: {}
RESULT: {}
COMMAND: POST /session/302c28dd03ec619932948a5fa1f394c9/element - {"using":"xpath","value":"//span[@id=\"application-managepartners-display-component---masterPtm--smartTable-header-inner\"]"}
RESULT: {"using":"xpath","value":"//span[@id=\"application-managepartners-display-component---masterPtm--smartTable-header-inner\"]"}
COMMAND: POST /session/302c28dd03ec619932948a5fa1f394c9/elements - {"using":"xpath","value":"//span[@id=\"application-managepartners-display-component---masterPtm--smartTable-header-inner\"]"}
RESULT: {"using":"xpath","value":"//span[@id=\"application-managepartners-display-component---masterPtm--smartTable-header-inner\"]"}
COMMAND: POST /session/302c28dd03ec619932948a5fa1f394c9/execute/sync - {"script":"<script> [56 bytes]","args":[{"element-6066-11e4-a52e-4f735466cecf":"f.D6078088970B2F0795E5397A8DAD4E0E.d.31ED5ED0B7A4F5E0B4BA254E01829D12.e.8282","ELEMENT":"f.D6078088970B2F0795E5397A8DAD4E0E.d.31ED5ED0B7A4F5E0B4BA254E01829D12.e.8282"}]}
RESULT: {"script":"<script> [56 bytes]","args":[{"element-6066-11e4-a52e-4f735466cecf":"f.D6078088970B2F0795E5397A8DAD4E0E.d.31ED5ED0B7A4F5E0B4BA254E01829D12.e.8282","ELEMENT":"f.D6078088970B2F0795E5397A8DAD4E0E.d.31ED5ED0B7A4F5E0B4BA254E01829D12.e.8282"}]}
RESULT: undefined
COMMAND: POST /session/302c28dd03ec619932948a5fa1f394c9/element - {"using":"xpath","value":"//*[@id=\"application-managepartners-display-component---masterPtm--smartFilterBar-btnFilters\"]"}
COMMAND: GET /session/302c28dd03ec619932948a5fa1f394c9/screenshot - {}
RESULT: {"using":"xpath","value":"//*[@id=\"application-managepartners-display-component---masterPtm--smartFilterBar-btnFilters\"]"}
COMMAND: POST /session/302c28dd03ec619932948a5fa1f394c9/element/f.D6078088970B2F0795E5397A8DAD4E0E.d.31ED5ED0B7A4F5E0B4BA254E01829D12.e.8122/click - {}
RESULT: {}
RESULT: {}
COMMAND: GET /session/302c28dd03ec619932948a5fa1f394c9/screenshot - {}
RESULT: {}
COMMAND: POST /session/302c28dd03ec619932948a5fa1f394c9/elements - {"using":"xpath","value":"//table[contains(@id, \"listView-innerSelectionPanelTable-listUl\")]/tbody/tr"}
RESULT: {"using":"xpath","value":"//table[contains(@id, \"listView-innerSelectionPanelTable-listUl\")]/tbody/tr"}
COMMAND: POST /session/302c28dd03ec619932948a5fa1f394c9/element - {"using":"xpath","value":"//table[contains(@id, \"listView-innerSelectionPanelTable-listUl\")]/tbody/tr[2]/td[2]/div/div"}
RESULT: {"using":"xpath","value":"//table[contains(@id, \"listView-innerSelectionPanelTable-listUl\")]/tbody/tr[2]/td[2]/div/div"}
COMMAND: POST /session/302c28dd03ec619932948a5fa1f394c9/element - {"using":"xpath","value":"//table[contains(@id, \"listView-innerSelectionPanelTable-listUl\")]/tbody/tr[2]/td[2]/div"}
RESULT: {"using":"xpath","value":"//table[contains(@id, \"listView-innerSelectionPanelTable-listUl\")]/tbody/tr[2]/td[2]/div"}
COMMAND: POST /session/302c28dd03ec619932948a5fa1f394c9/element - {"using":"xpath","value":"//table[contains(@id, \"listView-innerSelectionPanelTable-listUl\")]/tbody/tr[2]/td[3]/div/div/span/span[1]/bdi"}
RESULT: {"using":"xpath","value":"//table[contains(@id, \"listView-innerSelectionPanelTable-listUl\")]/tbody/tr[2]/td[3]/div/div/span/span[1]/bdi"}
COMMAND: POST /session/302c28dd03ec619932948a5fa1f394c9/execute/sync - {"script":"<script> [56 bytes]","args":[{"element-6066-11e4-a52e-4f735466cecf":"f.D6078088970B2F0795E5397A8DAD4E0E.d.31ED5ED0B7A4F5E0B4BA254E01829D12.e.8349","ELEMENT":"f.D6078088970B2F0795E5397A8DAD4E0E.d.31ED5ED0B7A4F5E0B4BA254E01829D12.e.8349"}]}
RESULT: {"script":"<script> [56 bytes]","args":[{"element-6066-11e4-a52e-4f735466cecf":"f.D6078088970B2F0795E5397A8DAD4E0E.d.31ED5ED0B7A4F5E0B4BA254E01829D12.e.8349","ELEMENT":"f.D6078088970B2F0795E5397A8DAD4E0E.d.31ED5ED0B7A4F5E0B4BA254E01829D12.e.8349"}]}
COMMAND: GET /session/302c28dd03ec619932948a5fa1f394c9/element/f.D6078088970B2F0795E5397A8DAD4E0E.d.31ED5ED0B7A4F5E0B4BA254E01829D12.e.8348/attribute/aria-checked - {}
COMMAND: GET /session/302c28dd03ec619932948a5fa1f394c9/screenshot - {}
RESULT: {}
COMMAND: POST /session/302c28dd03ec619932948a5fa1f394c9/element - {"using":"xpath","value":"//table[contains(@id, \"listView-innerSelectionPanelTable-listUl\")]/tbody/tr[3]/td[2]/div/div"}
RESULT: {}
RESULT: {"using":"xpath","value":"//table[contains(@id, \"listView-innerSelectionPanelTable-listUl\")]/tbody/tr[3]/td[2]/div/div"}
COMMAND: POST /session/302c28dd03ec619932948a5fa1f394c9/element - {"using":"xpath","value":"//table[contains(@id, \"listView-innerSelectionPanelTable-listUl\")]/tbody/tr[3]/td[2]/div"}
RESULT: {"using":"xpath","value":"//table[contains(@id, \"listView-innerSelectionPanelTable-listUl\")]/tbody/tr[3]/td[2]/div"}
COMMAND: POST /session/302c28dd03ec619932948a5fa1f394c9/element - {"using":"xpath","value":"//table[contains(@id, \"listView-innerSelectionPanelTable-listUl\")]/tbody/tr[3]/td[3]/div/div/span/span[1]/bdi"}
RESULT: {"using":"xpath","value":"//table[contains(@id, \"listView-innerSelectionPanelTable-listUl\")]/tbody/tr[3]/td[3]/div/div/span/span[1]/bdi"}
COMMAND: POST /session/302c28dd03ec619932948a5fa1f394c9/execute/sync - {"script":"<script> [56 bytes]","args":[{"element-6066-11e4-a52e-4f735466cecf":"f.D6078088970B2F0795E5397A8DAD4E0E.d.31ED5ED0B7A4F5E0B4BA254E01829D12.e.8352","ELEMENT":"f.D6078088970B2F0795E5397A8DAD4E0E.d.31ED5ED0B7A4F5E0B4BA254E01829D12.e.8352"}]}
RESULT: {"script":"<script> [56 bytes]","args":[{"element-6066-11e4-a52e-4f735466cecf":"f.D6078088970B2F0795E5397A8DAD4E0E.d.31ED5ED0B7A4F5E0B4BA254E01829D12.e.8352","ELEMENT":"f.D6078088970B2F0795E5397A8DAD4E0E.d.31ED5ED0B7A4F5E0B4BA254E01829D12.e.8352"}]}
COMMAND: GET /session/302c28dd03ec619932948a5fa1f394c9/element/f.D6078088970B2F0795E5397A8DAD4E0E.d.31ED5ED0B7A4F5E0B4BA254E01829D12.e.8351/attribute/aria-checked - {}
COMMAND: GET /session/302c28dd03ec619932948a5fa1f394c9/screenshot - {}
RESULT: {}
COMMAND: POST /session/302c28dd03ec619932948a5fa1f394c9/element - {"using":"xpath","value":"//table[contains(@id, \"listView-innerSelectionPanelTable-listUl\")]/tbody/tr[4]/td[2]/div/div"}
RESULT: {}
RESULT: {"using":"xpath","value":"//table[contains(@id, \"listView-innerSelectionPanelTable-listUl\")]/tbody/tr[4]/td[2]/div/div"}
COMMAND: POST /session/302c28dd03ec619932948a5fa1f394c9/element - {"using":"xpath","value":"//table[contains(@id, \"listView-innerSelectionPanelTable-listUl\")]/tbody/tr[4]/td[2]/div"}
RESULT: {"using":"xpath","value":"//table[contains(@id, \"listView-innerSelectionPanelTable-listUl\")]/tbody/tr[4]/td[2]/div"}
COMMAND: POST /session/302c28dd03ec619932948a5fa1f394c9/element - {"using":"xpath","value":"//table[contains(@id, \"listView-innerSelectionPanelTable-listUl\")]/tbody/tr[4]/td[3]/div/div/span/span[1]/bdi"}
RESULT: {"using":"xpath","value":"//table[contains(@id, \"listView-innerSelectionPanelTable-listUl\")]/tbody/tr[4]/td[3]/div/div/span/span[1]/bdi"}
COMMAND: POST /session/302c28dd03ec619932948a5fa1f394c9/execute/sync - {"script":"<script> [56 bytes]","args":[{"element-6066-11e4-a52e-4f735466cecf":"f.D6078088970B2F0795E5397A8DAD4E0E.d.31ED5ED0B7A4F5E0B4BA254E01829D12.e.8355","ELEMENT":"f.D6078088970B2F0795E5397A8DAD4E0E.d.31ED5ED0B7A4F5E0B4BA254E01829D12.e.8355"}]}
RESULT: {"script":"<script> [56 bytes]","args":[{"element-6066-11e4-a52e-4f735466cecf":"f.D6078088970B2F0795E5397A8DAD4E0E.d.31ED5ED0B7A4F5E0B4BA254E01829D12.e.8355","ELEMENT":"f.D6078088970B2F0795E5397A8DAD4E0E.d.31ED5ED0B7A4F5E0B4BA254E01829D12.e.8355"}]}
COMMAND: GET /session/302c28dd03ec619932948a5fa1f394c9/element/f.D6078088970B2F0795E5397A8DAD4E0E.d.31ED5ED0B7A4F5E0B4BA254E01829D12.e.8354/attribute/aria-checked - {}
COMMAND: GET /session/302c28dd03ec619932948a5fa1f394c9/screenshot - {}
RESULT: {}
COMMAND: POST /session/302c28dd03ec619932948a5fa1f394c9/element - {"using":"xpath","value":"//table[contains(@id, \"listView-innerSelectionPanelTable-listUl\")]/tbody/tr[5]/td[2]/div/div"}
RESULT: {}
RESULT: {"using":"xpath","value":"//table[contains(@id, \"listView-innerSelectionPanelTable-listUl\")]/tbody/tr[5]/td[2]/div/div"}
COMMAND: POST /session/302c28dd03ec619932948a5fa1f394c9/element - {"using":"xpath","value":"//table[contains(@id, \"listView-innerSelectionPanelTable-listUl\")]/tbody/tr[5]/td[2]/div"}
RESULT: {"using":"xpath","value":"//table[contains(@id, \"listView-innerSelectionPanelTable-listUl\")]/tbody/tr[5]/td[2]/div"}
COMMAND: POST /session/302c28dd03ec619932948a5fa1f394c9/element - {"using":"xpath","value":"//table[contains(@id, \"listView-innerSelectionPanelTable-listUl\")]/tbody/tr[5]/td[3]/div/div/span/span[1]/bdi"}
RESULT: {"using":"xpath","value":"//table[contains(@id, \"listView-innerSelectionPanelTable-listUl\")]/tbody/tr[5]/td[3]/div/div/span/span[1]/bdi"}
COMMAND: POST /session/302c28dd03ec619932948a5fa1f394c9/execute/sync - {"script":"<script> [56 bytes]","args":[{"element-6066-11e4-a52e-4f735466cecf":"f.D6078088970B2F0795E5397A8DAD4E0E.d.31ED5ED0B7A4F5E0B4BA254E01829D12.e.8358","ELEMENT":"f.D6078088970B2F0795E5397A8DAD4E0E.d.31ED5ED0B7A4F5E0B4BA254E01829D12.e.8358"}]}
RESULT: {"script":"<script> [56 bytes]","args":[{"element-6066-11e4-a52e-4f735466cecf":"f.D6078088970B2F0795E5397A8DAD4E0E.d.31ED5ED0B7A4F5E0B4BA254E01829D12.e.8358","ELEMENT":"f.D6078088970B2F0795E5397A8DAD4E0E.d.31ED5ED0B7A4F5E0B4BA254E01829D12.e.8358"}]}
COMMAND: GET /session/302c28dd03ec619932948a5fa1f394c9/element/f.D6078088970B2F0795E5397A8DAD4E0E.d.31ED5ED0B7A4F5E0B4BA254E01829D12.e.8357/attribute/aria-checked - {}
COMMAND: GET /session/302c28dd03ec619932948a5fa1f394c9/screenshot - {}
RESULT: {}
COMMAND: POST /session/302c28dd03ec619932948a5fa1f394c9/element - {"using":"xpath","value":"//table[contains(@id, \"listView-innerSelectionPanelTable-listUl\")]/tbody/tr[6]/td[2]/div/div"}
RESULT: {}
RESULT: {"using":"xpath","value":"//table[contains(@id, \"listView-innerSelectionPanelTable-listUl\")]/tbody/tr[6]/td[2]/div/div"}
COMMAND: POST /session/302c28dd03ec619932948a5fa1f394c9/element - {"using":"xpath","value":"//table[contains(@id, \"listView-innerSelectionPanelTable-listUl\")]/tbody/tr[6]/td[2]/div"}
RESULT: {"using":"xpath","value":"//table[contains(@id, \"listView-innerSelectionPanelTable-listUl\")]/tbody/tr[6]/td[2]/div"}
COMMAND: POST /session/302c28dd03ec619932948a5fa1f394c9/element - {"using":"xpath","value":"//table[contains(@id, \"listView-innerSelectionPanelTable-listUl\")]/tbody/tr[6]/td[3]/div/div/span/span[1]/bdi"}
RESULT: {"using":"xpath","value":"//table[contains(@id, \"listView-innerSelectionPanelTable-listUl\")]/tbody/tr[6]/td[3]/div/div/span/span[1]/bdi"}
COMMAND: POST /session/302c28dd03ec619932948a5fa1f394c9/execute/sync - {"script":"<script> [56 bytes]","args":[{"element-6066-11e4-a52e-4f735466cecf":"f.D6078088970B2F0795E5397A8DAD4E0E.d.31ED5ED0B7A4F5E0B4BA254E01829D12.e.8361","ELEMENT":"f.D6078088970B2F0795E5397A8DAD4E0E.d.31ED5ED0B7A4F5E0B4BA254E01829D12.e.8361"}]}
RESULT: {"script":"<script> [56 bytes]","args":[{"element-6066-11e4-a52e-4f735466cecf":"f.D6078088970B2F0795E5397A8DAD4E0E.d.31ED5ED0B7A4F5E0B4BA254E01829D12.e.8361","ELEMENT":"f.D6078088970B2F0795E5397A8DAD4E0E.d.31ED5ED0B7A4F5E0B4BA254E01829D12.e.8361"}]}
COMMAND: GET /session/302c28dd03ec619932948a5fa1f394c9/element/f.D6078088970B2F0795E5397A8DAD4E0E.d.31ED5ED0B7A4F5E0B4BA254E01829D12.e.8360/attribute/aria-checked - {}
COMMAND: GET /session/302c28dd03ec619932948a5fa1f394c9/screenshot - {}
RESULT: {}
COMMAND: POST /session/302c28dd03ec619932948a5fa1f394c9/element - {"using":"xpath","value":"//table[contains(@id, \"listView-innerSelectionPanelTable-listUl\")]/tbody/tr[7]/td[2]/div/div"}
RESULT: {}
RESULT: {"using":"xpath","value":"//table[contains(@id, \"listView-innerSelectionPanelTable-listUl\")]/tbody/tr[7]/td[2]/div/div"}
COMMAND: POST /session/302c28dd03ec619932948a5fa1f394c9/element - {"using":"xpath","value":"//table[contains(@id, \"listView-innerSelectionPanelTable-listUl\")]/tbody/tr[7]/td[2]/div"}
RESULT: {"using":"xpath","value":"//table[contains(@id, \"listView-innerSelectionPanelTable-listUl\")]/tbody/tr[7]/td[2]/div"}
COMMAND: POST /session/302c28dd03ec619932948a5fa1f394c9/element - {"using":"xpath","value":"//table[contains(@id, \"listView-innerSelectionPanelTable-listUl\")]/tbody/tr[7]/td[3]/div/div/span/span[1]/bdi"}
RESULT: {"using":"xpath","value":"//table[contains(@id, \"listView-innerSelectionPanelTable-listUl\")]/tbody/tr[7]/td[3]/div/div/span/span[1]/bdi"}
COMMAND: POST /session/302c28dd03ec619932948a5fa1f394c9/execute/sync - {"script":"<script> [56 bytes]","args":[{"element-6066-11e4-a52e-4f735466cecf":"f.D6078088970B2F0795E5397A8DAD4E0E.d.31ED5ED0B7A4F5E0B4BA254E01829D12.e.8364","ELEMENT":"f.D6078088970B2F0795E5397A8DAD4E0E.d.31ED5ED0B7A4F5E0B4BA254E01829D12.e.8364"}]}
RESULT: {"script":"<script> [56 bytes]","args":[{"element-6066-11e4-a52e-4f735466cecf":"f.D6078088970B2F0795E5397A8DAD4E0E.d.31ED5ED0B7A4F5E0B4BA254E01829D12.e.8364","ELEMENT":"f.D6078088970B2F0795E5397A8DAD4E0E.d.31ED5ED0B7A4F5E0B4BA254E01829D12.e.8364"}]}
COMMAND: GET /session/302c28dd03ec619932948a5fa1f394c9/element/f.D6078088970B2F0795E5397A8DAD4E0E.d.31ED5ED0B7A4F5E0B4BA254E01829D12.e.8363/attribute/aria-checked - {}
COMMAND: GET /session/302c28dd03ec619932948a5fa1f394c9/screenshot - {}
RESULT: {}
COMMAND: POST /session/302c28dd03ec619932948a5fa1f394c9/element - {"using":"xpath","value":"//table[contains(@id, \"listView-innerSelectionPanelTable-listUl\")]/tbody/tr[8]/td[2]/div/div"}
RESULT: {}
RESULT: {"using":"xpath","value":"//table[contains(@id, \"listView-innerSelectionPanelTable-listUl\")]/tbody/tr[8]/td[2]/div/div"}
COMMAND: POST /session/302c28dd03ec619932948a5fa1f394c9/element - {"using":"xpath","value":"//table[contains(@id, \"listView-innerSelectionPanelTable-listUl\")]/tbody/tr[8]/td[2]/div"}
RESULT: {"using":"xpath","value":"//table[contains(@id, \"listView-innerSelectionPanelTable-listUl\")]/tbody/tr[8]/td[2]/div"}
COMMAND: POST /session/302c28dd03ec619932948a5fa1f394c9/element - {"using":"xpath","value":"//table[contains(@id, \"listView-innerSelectionPanelTable-listUl\")]/tbody/tr[8]/td[3]/div/div/span/span[1]/bdi"}
RESULT: {"using":"xpath","value":"//table[contains(@id, \"listView-innerSelectionPanelTable-listUl\")]/tbody/tr[8]/td[3]/div/div/span/span[1]/bdi"}
COMMAND: POST /session/302c28dd03ec619932948a5fa1f394c9/execute/sync - {"script":"<script> [56 bytes]","args":[{"element-6066-11e4-a52e-4f735466cecf":"f.D6078088970B2F0795E5397A8DAD4E0E.d.31ED5ED0B7A4F5E0B4BA254E01829D12.e.8367","ELEMENT":"f.D6078088970B2F0795E5397A8DAD4E0E.d.31ED5ED0B7A4F5E0B4BA254E01829D12.e.8367"}]}
RESULT: {"script":"<script> [56 bytes]","args":[{"element-6066-11e4-a52e-4f735466cecf":"f.D6078088970B2F0795E5397A8DAD4E0E.d.31ED5ED0B7A4F5E0B4BA254E01829D12.e.8367","ELEMENT":"f.D6078088970B2F0795E5397A8DAD4E0E.d.31ED5ED0B7A4F5E0B4BA254E01829D12.e.8367"}]}
COMMAND: GET /session/302c28dd03ec619932948a5fa1f394c9/element/f.D6078088970B2F0795E5397A8DAD4E0E.d.31ED5ED0B7A4F5E0B4BA254E01829D12.e.8366/attribute/aria-checked - {}
COMMAND: GET /session/302c28dd03ec619932948a5fa1f394c9/screenshot - {}
RESULT: {}
COMMAND: POST /session/302c28dd03ec619932948a5fa1f394c9/element - {"using":"xpath","value":"//table[contains(@id, \"listView-innerSelectionPanelTable-listUl\")]/tbody/tr[9]/td[2]/div/div"}
RESULT: {}
RESULT: {"using":"xpath","value":"//table[contains(@id, \"listView-innerSelectionPanelTable-listUl\")]/tbody/tr[9]/td[2]/div/div"}
COMMAND: POST /session/302c28dd03ec619932948a5fa1f394c9/element - {"using":"xpath","value":"//table[contains(@id, \"listView-innerSelectionPanelTable-listUl\")]/tbody/tr[9]/td[2]/div"}
RESULT: {"using":"xpath","value":"//table[contains(@id, \"listView-innerSelectionPanelTable-listUl\")]/tbody/tr[9]/td[2]/div"}
COMMAND: POST /session/302c28dd03ec619932948a5fa1f394c9/element - {"using":"xpath","value":"//table[contains(@id, \"listView-innerSelectionPanelTable-listUl\")]/tbody/tr[9]/td[3]/div/div/span/span[1]/bdi"}
RESULT: {"using":"xpath","value":"//table[contains(@id, \"listView-innerSelectionPanelTable-listUl\")]/tbody/tr[9]/td[3]/div/div/span/span[1]/bdi"}
COMMAND: POST /session/302c28dd03ec619932948a5fa1f394c9/execute/sync - {"script":"<script> [56 bytes]","args":[{"element-6066-11e4-a52e-4f735466cecf":"f.D6078088970B2F0795E5397A8DAD4E0E.d.31ED5ED0B7A4F5E0B4BA254E01829D12.e.8370","ELEMENT":"f.D6078088970B2F0795E5397A8DAD4E0E.d.31ED5ED0B7A4F5E0B4BA254E01829D12.e.8370"}]}
RESULT: {"script":"<script> [56 bytes]","args":[{"element-6066-11e4-a52e-4f735466cecf":"f.D6078088970B2F0795E5397A8DAD4E0E.d.31ED5ED0B7A4F5E0B4BA254E01829D12.e.8370","ELEMENT":"f.D6078088970B2F0795E5397A8DAD4E0E.d.31ED5ED0B7A4F5E0B4BA254E01829D12.e.8370"}]}
COMMAND: GET /session/302c28dd03ec619932948a5fa1f394c9/element/f.D6078088970B2F0795E5397A8DAD4E0E.d.31ED5ED0B7A4F5E0B4BA254E01829D12.e.8369/attribute/aria-checked - {}
COMMAND: GET /session/302c28dd03ec619932948a5fa1f394c9/screenshot - {}
RESULT: {}
COMMAND: POST /session/302c28dd03ec619932948a5fa1f394c9/element - {"using":"xpath","value":"//table[contains(@id, \"listView-innerSelectionPanelTable-listUl\")]/tbody/tr[10]/td[2]/div/div"}
RESULT: {}
RESULT: {"using":"xpath","value":"//table[contains(@id, \"listView-innerSelectionPanelTable-listUl\")]/tbody/tr[10]/td[2]/div/div"}
COMMAND: POST /session/302c28dd03ec619932948a5fa1f394c9/element - {"using":"xpath","value":"//table[contains(@id, \"listView-innerSelectionPanelTable-listUl\")]/tbody/tr[10]/td[2]/div"}
RESULT: {"using":"xpath","value":"//table[contains(@id, \"listView-innerSelectionPanelTable-listUl\")]/tbody/tr[10]/td[2]/div"}
COMMAND: POST /session/302c28dd03ec619932948a5fa1f394c9/element - {"using":"xpath","value":"//table[contains(@id, \"listView-innerSelectionPanelTable-listUl\")]/tbody/tr[10]/td[3]/div/div/span/span[1]/bdi"}
RESULT: {"using":"xpath","value":"//table[contains(@id, \"listView-innerSelectionPanelTable-listUl\")]/tbody/tr[10]/td[3]/div/div/span/span[1]/bdi"}
COMMAND: POST /session/302c28dd03ec619932948a5fa1f394c9/execute/sync - {"script":"<script> [56 bytes]","args":[{"element-6066-11e4-a52e-4f735466cecf":"f.D6078088970B2F0795E5397A8DAD4E0E.d.31ED5ED0B7A4F5E0B4BA254E01829D12.e.8373","ELEMENT":"f.D6078088970B2F0795E5397A8DAD4E0E.d.31ED5ED0B7A4F5E0B4BA254E01829D12.e.8373"}]}
RESULT: {"script":"<script> [56 bytes]","args":[{"element-6066-11e4-a52e-4f735466cecf":"f.D6078088970B2F0795E5397A8DAD4E0E.d.31ED5ED0B7A4F5E0B4BA254E01829D12.e.8373","ELEMENT":"f.D6078088970B2F0795E5397A8DAD4E0E.d.31ED5ED0B7A4F5E0B4BA254E01829D12.e.8373"}]}
COMMAND: GET /session/302c28dd03ec619932948a5fa1f394c9/element/f.D6078088970B2F0795E5397A8DAD4E0E.d.31ED5ED0B7A4F5E0B4BA254E01829D12.e.8372/attribute/aria-checked - {}
COMMAND: GET /session/302c28dd03ec619932948a5fa1f394c9/screenshot - {}
RESULT: {}
COMMAND: POST /session/302c28dd03ec619932948a5fa1f394c9/element - {"using":"xpath","value":"//table[contains(@id, \"listView-innerSelectionPanelTable-listUl\")]/tbody/tr[11]/td[2]/div/div"}
RESULT: {}
RESULT: {"using":"xpath","value":"//table[contains(@id, \"listView-innerSelectionPanelTable-listUl\")]/tbody/tr[11]/td[2]/div/div"}
COMMAND: POST /session/302c28dd03ec619932948a5fa1f394c9/element - {"using":"xpath","value":"//table[contains(@id, \"listView-innerSelectionPanelTable-listUl\")]/tbody/tr[11]/td[2]/div"}
RESULT: {"using":"xpath","value":"//table[contains(@id, \"listView-innerSelectionPanelTable-listUl\")]/tbody/tr[11]/td[2]/div"}
COMMAND: POST /session/302c28dd03ec619932948a5fa1f394c9/element - {"using":"xpath","value":"//table[contains(@id, \"listView-innerSelectionPanelTable-listUl\")]/tbody/tr[11]/td[3]/div/div/span/span[1]/bdi"}
RESULT: {"using":"xpath","value":"//table[contains(@id, \"listView-innerSelectionPanelTable-listUl\")]/tbody/tr[11]/td[3]/div/div/span/span[1]/bdi"}
COMMAND: POST /session/302c28dd03ec619932948a5fa1f394c9/execute/sync - {"script":"<script> [56 bytes]","args":[{"element-6066-11e4-a52e-4f735466cecf":"f.D6078088970B2F0795E5397A8DAD4E0E.d.31ED5ED0B7A4F5E0B4BA254E01829D12.e.8376","ELEMENT":"f.D6078088970B2F0795E5397A8DAD4E0E.d.31ED5ED0B7A4F5E0B4BA254E01829D12.e.8376"}]}
RESULT: {"script":"<script> [56 bytes]","args":[{"element-6066-11e4-a52e-4f735466cecf":"f.D6078088970B2F0795E5397A8DAD4E0E.d.31ED5ED0B7A4F5E0B4BA254E01829D12.e.8376","ELEMENT":"f.D6078088970B2F0795E5397A8DAD4E0E.d.31ED5ED0B7A4F5E0B4BA254E01829D12.e.8376"}]}
COMMAND: GET /session/302c28dd03ec619932948a5fa1f394c9/element/f.D6078088970B2F0795E5397A8DAD4E0E.d.31ED5ED0B7A4F5E0B4BA254E01829D12.e.8375/attribute/aria-checked - {}
COMMAND: GET /session/302c28dd03ec619932948a5fa1f394c9/screenshot - {}
RESULT: {}
COMMAND: POST /session/302c28dd03ec619932948a5fa1f394c9/element - {"using":"xpath","value":"//table[contains(@id, \"listView-innerSelectionPanelTable-listUl\")]/tbody/tr[12]/td[2]/div/div"}
RESULT: {}
RESULT: {"using":"xpath","value":"//table[contains(@id, \"listView-innerSelectionPanelTable-listUl\")]/tbody/tr[12]/td[2]/div/div"}
COMMAND: POST /session/302c28dd03ec619932948a5fa1f394c9/element - {"using":"xpath","value":"//table[contains(@id, \"listView-innerSelectionPanelTable-listUl\")]/tbody/tr[12]/td[2]/div"}
RESULT: {"using":"xpath","value":"//table[contains(@id, \"listView-innerSelectionPanelTable-listUl\")]/tbody/tr[12]/td[2]/div"}
COMMAND: POST /session/302c28dd03ec619932948a5fa1f394c9/element - {"using":"xpath","value":"//table[contains(@id, \"listView-innerSelectionPanelTable-listUl\")]/tbody/tr[12]/td[3]/div/div/span/span[1]/bdi"}
RESULT: {"using":"xpath","value":"//table[contains(@id, \"listView-innerSelectionPanelTable-listUl\")]/tbody/tr[12]/td[3]/div/div/span/span[1]/bdi"}
COMMAND: POST /session/302c28dd03ec619932948a5fa1f394c9/execute/sync - {"script":"<script> [56 bytes]","args":[{"element-6066-11e4-a52e-4f735466cecf":"f.D6078088970B2F0795E5397A8DAD4E0E.d.31ED5ED0B7A4F5E0B4BA254E01829D12.e.8379","ELEMENT":"f.D6078088970B2F0795E5397A8DAD4E0E.d.31ED5ED0B7A4F5E0B4BA254E01829D12.e.8379"}]}
RESULT: {"script":"<script> [56 bytes]","args":[{"element-6066-11e4-a52e-4f735466cecf":"f.D6078088970B2F0795E5397A8DAD4E0E.d.31ED5ED0B7A4F5E0B4BA254E01829D12.e.8379","ELEMENT":"f.D6078088970B2F0795E5397A8DAD4E0E.d.31ED5ED0B7A4F5E0B4BA254E01829D12.e.8379"}]}
COMMAND: GET /session/302c28dd03ec619932948a5fa1f394c9/element/f.D6078088970B2F0795E5397A8DAD4E0E.d.31ED5ED0B7A4F5E0B4BA254E01829D12.e.8378/attribute/aria-checked - {}
COMMAND: GET /session/302c28dd03ec619932948a5fa1f394c9/screenshot - {}
RESULT: {}
COMMAND: POST /session/302c28dd03ec619932948a5fa1f394c9/element - {"using":"xpath","value":"//table[contains(@id, \"listView-innerSelectionPanelTable-listUl\")]/tbody/tr[13]/td[2]/div/div"}
RESULT: {}
RESULT: {"using":"xpath","value":"//table[contains(@id, \"listView-innerSelectionPanelTable-listUl\")]/tbody/tr[13]/td[2]/div/div"}
COMMAND: POST /session/302c28dd03ec619932948a5fa1f394c9/element - {"using":"xpath","value":"//table[contains(@id, \"listView-innerSelectionPanelTable-listUl\")]/tbody/tr[13]/td[2]/div"}
RESULT: {"using":"xpath","value":"//table[contains(@id, \"listView-innerSelectionPanelTable-listUl\")]/tbody/tr[13]/td[2]/div"}
COMMAND: POST /session/302c28dd03ec619932948a5fa1f394c9/element - {"using":"xpath","value":"//table[contains(@id, \"listView-innerSelectionPanelTable-listUl\")]/tbody/tr[13]/td[3]/div/div/span/span[1]/bdi"}
RESULT: {"using":"xpath","value":"//table[contains(@id, \"listView-innerSelectionPanelTable-listUl\")]/tbody/tr[13]/td[3]/div/div/span/span[1]/bdi"}
COMMAND: POST /session/302c28dd03ec619932948a5fa1f394c9/execute/sync - {"script":"<script> [56 bytes]","args":[{"element-6066-11e4-a52e-4f735466cecf":"f.D6078088970B2F0795E5397A8DAD4E0E.d.31ED5ED0B7A4F5E0B4BA254E01829D12.e.8382","ELEMENT":"f.D6078088970B2F0795E5397A8DAD4E0E.d.31ED5ED0B7A4F5E0B4BA254E01829D12.e.8382"}]}
RESULT: {"script":"<script> [56 bytes]","args":[{"element-6066-11e4-a52e-4f735466cecf":"f.D6078088970B2F0795E5397A8DAD4E0E.d.31ED5ED0B7A4F5E0B4BA254E01829D12.e.8382","ELEMENT":"f.D6078088970B2F0795E5397A8DAD4E0E.d.31ED5ED0B7A4F5E0B4BA254E01829D12.e.8382"}]}
COMMAND: GET /session/302c28dd03ec619932948a5fa1f394c9/element/f.D6078088970B2F0795E5397A8DAD4E0E.d.31ED5ED0B7A4F5E0B4BA254E01829D12.e.8381/attribute/aria-checked - {}
COMMAND: GET /session/302c28dd03ec619932948a5fa1f394c9/screenshot - {}
RESULT: {}
COMMAND: POST /session/302c28dd03ec619932948a5fa1f394c9/element - {"using":"xpath","value":"//table[contains(@id, \"listView-innerSelectionPanelTable-listUl\")]/tbody/tr[14]/td[2]/div/div"}
RESULT: {}
RESULT: {"using":"xpath","value":"//table[contains(@id, \"listView-innerSelectionPanelTable-listUl\")]/tbody/tr[14]/td[2]/div/div"}
COMMAND: POST /session/302c28dd03ec619932948a5fa1f394c9/element - {"using":"xpath","value":"//table[contains(@id, \"listView-innerSelectionPanelTable-listUl\")]/tbody/tr[14]/td[2]/div"}
RESULT: {"using":"xpath","value":"//table[contains(@id, \"listView-innerSelectionPanelTable-listUl\")]/tbody/tr[14]/td[2]/div"}
COMMAND: POST /session/302c28dd03ec619932948a5fa1f394c9/element - {"using":"xpath","value":"//table[contains(@id, \"listView-innerSelectionPanelTable-listUl\")]/tbody/tr[14]/td[3]/div/div/span/span[1]/bdi"}
RESULT: {"using":"xpath","value":"//table[contains(@id, \"listView-innerSelectionPanelTable-listUl\")]/tbody/tr[14]/td[3]/div/div/span/span[1]/bdi"}
COMMAND: POST /session/302c28dd03ec619932948a5fa1f394c9/execute/sync - {"script":"<script> [56 bytes]","args":[{"element-6066-11e4-a52e-4f735466cecf":"f.D6078088970B2F0795E5397A8DAD4E0E.d.31ED5ED0B7A4F5E0B4BA254E01829D12.e.8385","ELEMENT":"f.D6078088970B2F0795E5397A8DAD4E0E.d.31ED5ED0B7A4F5E0B4BA254E01829D12.e.8385"}]}
RESULT: {"script":"<script> [56 bytes]","args":[{"element-6066-11e4-a52e-4f735466cecf":"f.D6078088970B2F0795E5397A8DAD4E0E.d.31ED5ED0B7A4F5E0B4BA254E01829D12.e.8385","ELEMENT":"f.D6078088970B2F0795E5397A8DAD4E0E.d.31ED5ED0B7A4F5E0B4BA254E01829D12.e.8385"}]}
COMMAND: GET /session/302c28dd03ec619932948a5fa1f394c9/element/f.D6078088970B2F0795E5397A8DAD4E0E.d.31ED5ED0B7A4F5E0B4BA254E01829D12.e.8384/attribute/aria-checked - {}
COMMAND: GET /session/302c28dd03ec619932948a5fa1f394c9/screenshot - {}
RESULT: {}
COMMAND: POST /session/302c28dd03ec619932948a5fa1f394c9/element - {"using":"xpath","value":"//table[contains(@id, \"listView-innerSelectionPanelTable-listUl\")]/tbody/tr[15]/td[2]/div/div"}
RESULT: {}
RESULT: {"using":"xpath","value":"//table[contains(@id, \"listView-innerSelectionPanelTable-listUl\")]/tbody/tr[15]/td[2]/div/div"}
COMMAND: POST /session/302c28dd03ec619932948a5fa1f394c9/element - {"using":"xpath","value":"//table[contains(@id, \"listView-innerSelectionPanelTable-listUl\")]/tbody/tr[15]/td[2]/div"}
RESULT: {"using":"xpath","value":"//table[contains(@id, \"listView-innerSelectionPanelTable-listUl\")]/tbody/tr[15]/td[2]/div"}
COMMAND: POST /session/302c28dd03ec619932948a5fa1f394c9/element - {"using":"xpath","value":"//table[contains(@id, \"listView-innerSelectionPanelTable-listUl\")]/tbody/tr[15]/td[3]/div/div/span/span[1]/bdi"}
RESULT: {"using":"xpath","value":"//table[contains(@id, \"listView-innerSelectionPanelTable-listUl\")]/tbody/tr[15]/td[3]/div/div/span/span[1]/bdi"}
COMMAND: POST /session/302c28dd03ec619932948a5fa1f394c9/execute/sync - {"script":"<script> [56 bytes]","args":[{"element-6066-11e4-a52e-4f735466cecf":"f.D6078088970B2F0795E5397A8DAD4E0E.d.31ED5ED0B7A4F5E0B4BA254E01829D12.e.8388","ELEMENT":"f.D6078088970B2F0795E5397A8DAD4E0E.d.31ED5ED0B7A4F5E0B4BA254E01829D12.e.8388"}]}
RESULT: {"script":"<script> [56 bytes]","args":[{"element-6066-11e4-a52e-4f735466cecf":"f.D6078088970B2F0795E5397A8DAD4E0E.d.31ED5ED0B7A4F5E0B4BA254E01829D12.e.8388","ELEMENT":"f.D6078088970B2F0795E5397A8DAD4E0E.d.31ED5ED0B7A4F5E0B4BA254E01829D12.e.8388"}]}
COMMAND: GET /session/302c28dd03ec619932948a5fa1f394c9/element/f.D6078088970B2F0795E5397A8DAD4E0E.d.31ED5ED0B7A4F5E0B4BA254E01829D12.e.8387/attribute/aria-checked - {}
COMMAND: GET /session/302c28dd03ec619932948a5fa1f394c9/screenshot - {}
RESULT: {}
COMMAND: POST /session/302c28dd03ec619932948a5fa1f394c9/element - {"using":"xpath","value":"//table[contains(@id, \"listView-innerSelectionPanelTable-listUl\")]/tbody/tr[16]/td[2]/div/div"}
RESULT: {}
RESULT: {"using":"xpath","value":"//table[contains(@id, \"listView-innerSelectionPanelTable-listUl\")]/tbody/tr[16]/td[2]/div/div"}
COMMAND: POST /session/302c28dd03ec619932948a5fa1f394c9/element - {"using":"xpath","value":"//table[contains(@id, \"listView-innerSelectionPanelTable-listUl\")]/tbody/tr[16]/td[2]/div"}
RESULT: {"using":"xpath","value":"//table[contains(@id, \"listView-innerSelectionPanelTable-listUl\")]/tbody/tr[16]/td[2]/div"}
COMMAND: POST /session/302c28dd03ec619932948a5fa1f394c9/element - {"using":"xpath","value":"//table[contains(@id, \"listView-innerSelectionPanelTable-listUl\")]/tbody/tr[16]/td[3]/div/div/span/span[1]/bdi"}
RESULT: {"using":"xpath","value":"//table[contains(@id, \"listView-innerSelectionPanelTable-listUl\")]/tbody/tr[16]/td[3]/div/div/span/span[1]/bdi"}
COMMAND: POST /session/302c28dd03ec619932948a5fa1f394c9/execute/sync - {"script":"<script> [56 bytes]","args":[{"element-6066-11e4-a52e-4f735466cecf":"f.D6078088970B2F0795E5397A8DAD4E0E.d.31ED5ED0B7A4F5E0B4BA254E01829D12.e.8391","ELEMENT":"f.D6078088970B2F0795E5397A8DAD4E0E.d.31ED5ED0B7A4F5E0B4BA254E01829D12.e.8391"}]}
RESULT: {"script":"<script> [56 bytes]","args":[{"element-6066-11e4-a52e-4f735466cecf":"f.D6078088970B2F0795E5397A8DAD4E0E.d.31ED5ED0B7A4F5E0B4BA254E01829D12.e.8391","ELEMENT":"f.D6078088970B2F0795E5397A8DAD4E0E.d.31ED5ED0B7A4F5E0B4BA254E01829D12.e.8391"}]}
COMMAND: GET /session/302c28dd03ec619932948a5fa1f394c9/element/f.D6078088970B2F0795E5397A8DAD4E0E.d.31ED5ED0B7A4F5E0B4BA254E01829D12.e.8390/attribute/aria-checked - {}
COMMAND: GET /session/302c28dd03ec619932948a5fa1f394c9/screenshot - {}
RESULT: {}
COMMAND: POST /session/302c28dd03ec619932948a5fa1f394c9/element - {"using":"xpath","value":"//table[contains(@id, \"listView-innerSelectionPanelTable-listUl\")]/tbody/tr[17]/td[2]/div/div"}
RESULT: {}
RESULT: {"using":"xpath","value":"//table[contains(@id, \"listView-innerSelectionPanelTable-listUl\")]/tbody/tr[17]/td[2]/div/div"}
COMMAND: POST /session/302c28dd03ec619932948a5fa1f394c9/element - {"using":"xpath","value":"//table[contains(@id, \"listView-innerSelectionPanelTable-listUl\")]/tbody/tr[17]/td[2]/div"}
RESULT: {"using":"xpath","value":"//table[contains(@id, \"listView-innerSelectionPanelTable-listUl\")]/tbody/tr[17]/td[2]/div"}
COMMAND: POST /session/302c28dd03ec619932948a5fa1f394c9/element - {"using":"xpath","value":"//table[contains(@id, \"listView-innerSelectionPanelTable-listUl\")]/tbody/tr[17]/td[3]/div/div/span/span[1]/bdi"}
RESULT: {"using":"xpath","value":"//table[contains(@id, \"listView-innerSelectionPanelTable-listUl\")]/tbody/tr[17]/td[3]/div/div/span/span[1]/bdi"}
COMMAND: POST /session/302c28dd03ec619932948a5fa1f394c9/execute/sync - {"script":"<script> [56 bytes]","args":[{"element-6066-11e4-a52e-4f735466cecf":"f.D6078088970B2F0795E5397A8DAD4E0E.d.31ED5ED0B7A4F5E0B4BA254E01829D12.e.8394","ELEMENT":"f.D6078088970B2F0795E5397A8DAD4E0E.d.31ED5ED0B7A4F5E0B4BA254E01829D12.e.8394"}]}
RESULT: {"script":"<script> [56 bytes]","args":[{"element-6066-11e4-a52e-4f735466cecf":"f.D6078088970B2F0795E5397A8DAD4E0E.d.31ED5ED0B7A4F5E0B4BA254E01829D12.e.8394","ELEMENT":"f.D6078088970B2F0795E5397A8DAD4E0E.d.31ED5ED0B7A4F5E0B4BA254E01829D12.e.8394"}]}
COMMAND: GET /session/302c28dd03ec619932948a5fa1f394c9/element/f.D6078088970B2F0795E5397A8DAD4E0E.d.31ED5ED0B7A4F5E0B4BA254E01829D12.e.8393/attribute/aria-checked - {}
COMMAND: GET /session/302c28dd03ec619932948a5fa1f394c9/screenshot - {}
RESULT: {}
COMMAND: POST /session/302c28dd03ec619932948a5fa1f394c9/element - {"using":"xpath","value":"//table[contains(@id, \"listView-innerSelectionPanelTable-listUl\")]/tbody/tr[18]/td[2]/div/div"}
RESULT: {}
RESULT: {"using":"xpath","value":"//table[contains(@id, \"listView-innerSelectionPanelTable-listUl\")]/tbody/tr[18]/td[2]/div/div"}
COMMAND: POST /session/302c28dd03ec619932948a5fa1f394c9/element - {"using":"xpath","value":"//table[contains(@id, \"listView-innerSelectionPanelTable-listUl\")]/tbody/tr[18]/td[2]/div"}
RESULT: {"using":"xpath","value":"//table[contains(@id, \"listView-innerSelectionPanelTable-listUl\")]/tbody/tr[18]/td[2]/div"}
COMMAND: POST /session/302c28dd03ec619932948a5fa1f394c9/element - {"using":"xpath","value":"//table[contains(@id, \"listView-innerSelectionPanelTable-listUl\")]/tbody/tr[18]/td[3]/div/div/span/span[1]/bdi"}
RESULT: {"using":"xpath","value":"//table[contains(@id, \"listView-innerSelectionPanelTable-listUl\")]/tbody/tr[18]/td[3]/div/div/span/span[1]/bdi"}
COMMAND: POST /session/302c28dd03ec619932948a5fa1f394c9/execute/sync - {"script":"<script> [56 bytes]","args":[{"element-6066-11e4-a52e-4f735466cecf":"f.D6078088970B2F0795E5397A8DAD4E0E.d.31ED5ED0B7A4F5E0B4BA254E01829D12.e.8397","ELEMENT":"f.D6078088970B2F0795E5397A8DAD4E0E.d.31ED5ED0B7A4F5E0B4BA254E01829D12.e.8397"}]}
RESULT: {"script":"<script> [56 bytes]","args":[{"element-6066-11e4-a52e-4f735466cecf":"f.D6078088970B2F0795E5397A8DAD4E0E.d.31ED5ED0B7A4F5E0B4BA254E01829D12.e.8397","ELEMENT":"f.D6078088970B2F0795E5397A8DAD4E0E.d.31ED5ED0B7A4F5E0B4BA254E01829D12.e.8397"}]}
COMMAND: GET /session/302c28dd03ec619932948a5fa1f394c9/element/f.D6078088970B2F0795E5397A8DAD4E0E.d.31ED5ED0B7A4F5E0B4BA254E01829D12.e.8396/attribute/aria-checked - {}
COMMAND: GET /session/302c28dd03ec619932948a5fa1f394c9/screenshot - {}
RESULT: {}
COMMAND: POST /session/302c28dd03ec619932948a5fa1f394c9/element - {"using":"xpath","value":"//table[contains(@id, \"listView-innerSelectionPanelTable-listUl\")]/tbody/tr[19]/td[2]/div/div"}
RESULT: {}
RESULT: {"using":"xpath","value":"//table[contains(@id, \"listView-innerSelectionPanelTable-listUl\")]/tbody/tr[19]/td[2]/div/div"}
COMMAND: POST /session/302c28dd03ec619932948a5fa1f394c9/element - {"using":"xpath","value":"//table[contains(@id, \"listView-innerSelectionPanelTable-listUl\")]/tbody/tr[19]/td[2]/div"}
RESULT: {"using":"xpath","value":"//table[contains(@id, \"listView-innerSelectionPanelTable-listUl\")]/tbody/tr[19]/td[2]/div"}
COMMAND: POST /session/302c28dd03ec619932948a5fa1f394c9/element - {"using":"xpath","value":"//table[contains(@id, \"listView-innerSelectionPanelTable-listUl\")]/tbody/tr[19]/td[3]/div/div/span/span[1]/bdi"}
RESULT: {"using":"xpath","value":"//table[contains(@id, \"listView-innerSelectionPanelTable-listUl\")]/tbody/tr[19]/td[3]/div/div/span/span[1]/bdi"}
COMMAND: POST /session/302c28dd03ec619932948a5fa1f394c9/execute/sync - {"script":"<script> [56 bytes]","args":[{"element-6066-11e4-a52e-4f735466cecf":"f.D6078088970B2F0795E5397A8DAD4E0E.d.31ED5ED0B7A4F5E0B4BA254E01829D12.e.8400","ELEMENT":"f.D6078088970B2F0795E5397A8DAD4E0E.d.31ED5ED0B7A4F5E0B4BA254E01829D12.e.8400"}]}
RESULT: {"script":"<script> [56 bytes]","args":[{"element-6066-11e4-a52e-4f735466cecf":"f.D6078088970B2F0795E5397A8DAD4E0E.d.31ED5ED0B7A4F5E0B4BA254E01829D12.e.8400","ELEMENT":"f.D6078088970B2F0795E5397A8DAD4E0E.d.31ED5ED0B7A4F5E0B4BA254E01829D12.e.8400"}]}
COMMAND: GET /session/302c28dd03ec619932948a5fa1f394c9/element/f.D6078088970B2F0795E5397A8DAD4E0E.d.31ED5ED0B7A4F5E0B4BA254E01829D12.e.8399/attribute/aria-checked - {}
COMMAND: GET /session/302c28dd03ec619932948a5fa1f394c9/screenshot - {}
RESULT: {}
COMMAND: POST /session/302c28dd03ec619932948a5fa1f394c9/element - {"using":"xpath","value":"//table[contains(@id, \"listView-innerSelectionPanelTable-listUl\")]/tbody/tr[20]/td[2]/div/div"}
RESULT: {}
RESULT: {"using":"xpath","value":"//table[contains(@id, \"listView-innerSelectionPanelTable-listUl\")]/tbody/tr[20]/td[2]/div/div"}
COMMAND: POST /session/302c28dd03ec619932948a5fa1f394c9/element - {"using":"xpath","value":"//table[contains(@id, \"listView-innerSelectionPanelTable-listUl\")]/tbody/tr[20]/td[2]/div"}
RESULT: {"using":"xpath","value":"//table[contains(@id, \"listView-innerSelectionPanelTable-listUl\")]/tbody/tr[20]/td[2]/div"}
COMMAND: POST /session/302c28dd03ec619932948a5fa1f394c9/element - {"using":"xpath","value":"//table[contains(@id, \"listView-innerSelectionPanelTable-listUl\")]/tbody/tr[20]/td[3]/div/div/span/span[1]/bdi"}
RESULT: {"using":"xpath","value":"//table[contains(@id, \"listView-innerSelectionPanelTable-listUl\")]/tbody/tr[20]/td[3]/div/div/span/span[1]/bdi"}
COMMAND: POST /session/302c28dd03ec619932948a5fa1f394c9/execute/sync - {"script":"<script> [56 bytes]","args":[{"element-6066-11e4-a52e-4f735466cecf":"f.D6078088970B2F0795E5397A8DAD4E0E.d.31ED5ED0B7A4F5E0B4BA254E01829D12.e.8403","ELEMENT":"f.D6078088970B2F0795E5397A8DAD4E0E.d.31ED5ED0B7A4F5E0B4BA254E01829D12.e.8403"}]}
RESULT: {"script":"<script> [56 bytes]","args":[{"element-6066-11e4-a52e-4f735466cecf":"f.D6078088970B2F0795E5397A8DAD4E0E.d.31ED5ED0B7A4F5E0B4BA254E01829D12.e.8403","ELEMENT":"f.D6078088970B2F0795E5397A8DAD4E0E.d.31ED5ED0B7A4F5E0B4BA254E01829D12.e.8403"}]}
COMMAND: GET /session/302c28dd03ec619932948a5fa1f394c9/element/f.D6078088970B2F0795E5397A8DAD4E0E.d.31ED5ED0B7A4F5E0B4BA254E01829D12.e.8402/attribute/aria-checked - {}
COMMAND: GET /session/302c28dd03ec619932948a5fa1f394c9/screenshot - {}
RESULT: {}
COMMAND: POST /session/302c28dd03ec619932948a5fa1f394c9/element - {"using":"xpath","value":"//table[contains(@id, \"listView-innerSelectionPanelTable-listUl\")]/tbody/tr[21]/td[2]/div/div"}
COMMAND: POST /session/302c28dd03ec619932948a5fa1f394c9/element/f.D6078088970B2F0795E5397A8DAD4E0E.d.31ED5ED0B7A4F5E0B4BA254E01829D12.e.8401/click - {}
RESULT: {}
RESULT: {}
COMMAND: GET /session/302c28dd03ec619932948a5fa1f394c9/screenshot - {}
RESULT: {"using":"xpath","value":"//table[contains(@id, \"listView-innerSelectionPanelTable-listUl\")]/tbody/tr[21]/td[2]/div/div"}
COMMAND: POST /session/302c28dd03ec619932948a5fa1f394c9/element - {"using":"xpath","value":"//table[contains(@id, \"listView-innerSelectionPanelTable-listUl\")]/tbody/tr[21]/td[2]/div"}
RESULT: {}
RESULT: {"using":"xpath","value":"//table[contains(@id, \"listView-innerSelectionPanelTable-listUl\")]/tbody/tr[21]/td[2]/div"}
COMMAND: POST /session/302c28dd03ec619932948a5fa1f394c9/element - {"using":"xpath","value":"//table[contains(@id, \"listView-innerSelectionPanelTable-listUl\")]/tbody/tr[21]/td[3]/div/div/span/span[1]/bdi"}
RESULT: {"using":"xpath","value":"//table[contains(@id, \"listView-innerSelectionPanelTable-listUl\")]/tbody/tr[21]/td[3]/div/div/span/span[1]/bdi"}
COMMAND: POST /session/302c28dd03ec619932948a5fa1f394c9/execute/sync - {"script":"<script> [56 bytes]","args":[{"element-6066-11e4-a52e-4f735466cecf":"f.D6078088970B2F0795E5397A8DAD4E0E.d.31ED5ED0B7A4F5E0B4BA254E01829D12.e.8408","ELEMENT":"f.D6078088970B2F0795E5397A8DAD4E0E.d.31ED5ED0B7A4F5E0B4BA254E01829D12.e.8408"}]}
RESULT: {"script":"<script> [56 bytes]","args":[{"element-6066-11e4-a52e-4f735466cecf":"f.D6078088970B2F0795E5397A8DAD4E0E.d.31ED5ED0B7A4F5E0B4BA254E01829D12.e.8408","ELEMENT":"f.D6078088970B2F0795E5397A8DAD4E0E.d.31ED5ED0B7A4F5E0B4BA254E01829D12.e.8408"}]}
COMMAND: GET /session/302c28dd03ec619932948a5fa1f394c9/element/f.D6078088970B2F0795E5397A8DAD4E0E.d.31ED5ED0B7A4F5E0B4BA254E01829D12.e.8407/attribute/aria-checked - {}
COMMAND: GET /session/302c28dd03ec619932948a5fa1f394c9/screenshot - {}
RESULT: {}
COMMAND: POST /session/302c28dd03ec619932948a5fa1f394c9/element - {"using":"xpath","value":"//table[contains(@id, \"listView-innerSelectionPanelTable-listUl\")]/tbody/tr[22]/td[2]/div/div"}
COMMAND: POST /session/302c28dd03ec619932948a5fa1f394c9/element/f.D6078088970B2F0795E5397A8DAD4E0E.d.31ED5ED0B7A4F5E0B4BA254E01829D12.e.8406/click - {}
RESULT: {}
RESULT: {"using":"xpath","value":"//table[contains(@id, \"listView-innerSelectionPanelTable-listUl\")]/tbody/tr[22]/td[2]/div/div"}
COMMAND: POST /session/302c28dd03ec619932948a5fa1f394c9/element - {"using":"xpath","value":"//table[contains(@id, \"listView-innerSelectionPanelTable-listUl\")]/tbody/tr[22]/td[2]/div"}
RESULT: {}
COMMAND: GET /session/302c28dd03ec619932948a5fa1f394c9/screenshot - {}
RESULT: {"using":"xpath","value":"//table[contains(@id, \"listView-innerSelectionPanelTable-listUl\")]/tbody/tr[22]/td[2]/div"}
COMMAND: POST /session/302c28dd03ec619932948a5fa1f394c9/element - {"using":"xpath","value":"//table[contains(@id, \"listView-innerSelectionPanelTable-listUl\")]/tbody/tr[22]/td[3]/div/div/span/span[1]/bdi"}
RESULT: {}
RESULT: {"using":"xpath","value":"//table[contains(@id, \"listView-innerSelectionPanelTable-listUl\")]/tbody/tr[22]/td[3]/div/div/span/span[1]/bdi"}
COMMAND: POST /session/302c28dd03ec619932948a5fa1f394c9/execute/sync - {"script":"<script> [56 bytes]","args":[{"element-6066-11e4-a52e-4f735466cecf":"f.D6078088970B2F0795E5397A8DAD4E0E.d.31ED5ED0B7A4F5E0B4BA254E01829D12.e.8412","ELEMENT":"f.D6078088970B2F0795E5397A8DAD4E0E.d.31ED5ED0B7A4F5E0B4BA254E01829D12.e.8412"}]}
RESULT: {"script":"<script> [56 bytes]","args":[{"element-6066-11e4-a52e-4f735466cecf":"f.D6078088970B2F0795E5397A8DAD4E0E.d.31ED5ED0B7A4F5E0B4BA254E01829D12.e.8412","ELEMENT":"f.D6078088970B2F0795E5397A8DAD4E0E.d.31ED5ED0B7A4F5E0B4BA254E01829D12.e.8412"}]}
COMMAND: GET /session/302c28dd03ec619932948a5fa1f394c9/element/f.D6078088970B2F0795E5397A8DAD4E0E.d.31ED5ED0B7A4F5E0B4BA254E01829D12.e.8411/attribute/aria-checked - {}
COMMAND: GET /session/302c28dd03ec619932948a5fa1f394c9/screenshot - {}
RESULT: {}
COMMAND: POST /session/302c28dd03ec619932948a5fa1f394c9/element - {"using":"xpath","value":"//table[contains(@id, \"listView-innerSelectionPanelTable-listUl\")]/tbody/tr[23]/td[2]/div/div"}
RESULT: {}
RESULT: {"using":"xpath","value":"//table[contains(@id, \"listView-innerSelectionPanelTable-listUl\")]/tbody/tr[23]/td[2]/div/div"}
COMMAND: POST /session/302c28dd03ec619932948a5fa1f394c9/element - {"using":"xpath","value":"//table[contains(@id, \"listView-innerSelectionPanelTable-listUl\")]/tbody/tr[23]/td[2]/div"}
RESULT: {"using":"xpath","value":"//table[contains(@id, \"listView-innerSelectionPanelTable-listUl\")]/tbody/tr[23]/td[2]/div"}
COMMAND: POST /session/302c28dd03ec619932948a5fa1f394c9/element - {"using":"xpath","value":"//table[contains(@id, \"listView-innerSelectionPanelTable-listUl\")]/tbody/tr[23]/td[3]/div/div/span/span[1]/bdi"}
RESULT: {"using":"xpath","value":"//table[contains(@id, \"listView-innerSelectionPanelTable-listUl\")]/tbody/tr[23]/td[3]/div/div/span/span[1]/bdi"}
COMMAND: POST /session/302c28dd03ec619932948a5fa1f394c9/execute/sync - {"script":"<script> [56 bytes]","args":[{"element-6066-11e4-a52e-4f735466cecf":"f.D6078088970B2F0795E5397A8DAD4E0E.d.31ED5ED0B7A4F5E0B4BA254E01829D12.e.8415","ELEMENT":"f.D6078088970B2F0795E5397A8DAD4E0E.d.31ED5ED0B7A4F5E0B4BA254E01829D12.e.8415"}]}
RESULT: {"script":"<script> [56 bytes]","args":[{"element-6066-11e4-a52e-4f735466cecf":"f.D6078088970B2F0795E5397A8DAD4E0E.d.31ED5ED0B7A4F5E0B4BA254E01829D12.e.8415","ELEMENT":"f.D6078088970B2F0795E5397A8DAD4E0E.d.31ED5ED0B7A4F5E0B4BA254E01829D12.e.8415"}]}
COMMAND: GET /session/302c28dd03ec619932948a5fa1f394c9/element/f.D6078088970B2F0795E5397A8DAD4E0E.d.31ED5ED0B7A4F5E0B4BA254E01829D12.e.8414/attribute/aria-checked - {}
COMMAND: GET /session/302c28dd03ec619932948a5fa1f394c9/screenshot - {}
RESULT: {}
COMMAND: POST /session/302c28dd03ec619932948a5fa1f394c9/element - {"using":"xpath","value":"//table[contains(@id, \"listView-innerSelectionPanelTable-listUl\")]/tbody/tr[24]/td[2]/div/div"}
RESULT: {}
RESULT: {"using":"xpath","value":"//table[contains(@id, \"listView-innerSelectionPanelTable-listUl\")]/tbody/tr[24]/td[2]/div/div"}
COMMAND: POST /session/302c28dd03ec619932948a5fa1f394c9/element - {"using":"xpath","value":"//table[contains(@id, \"listView-innerSelectionPanelTable-listUl\")]/tbody/tr[24]/td[2]/div"}
RESULT: {"using":"xpath","value":"//table[contains(@id, \"listView-innerSelectionPanelTable-listUl\")]/tbody/tr[24]/td[2]/div"}
COMMAND: POST /session/302c28dd03ec619932948a5fa1f394c9/element - {"using":"xpath","value":"//table[contains(@id, \"listView-innerSelectionPanelTable-listUl\")]/tbody/tr[24]/td[3]/div/div/span/span[1]/bdi"}
RESULT: {"using":"xpath","value":"//table[contains(@id, \"listView-innerSelectionPanelTable-listUl\")]/tbody/tr[24]/td[3]/div/div/span/span[1]/bdi"}
COMMAND: POST /session/302c28dd03ec619932948a5fa1f394c9/execute/sync - {"script":"<script> [56 bytes]","args":[{"element-6066-11e4-a52e-4f735466cecf":"f.D6078088970B2F0795E5397A8DAD4E0E.d.31ED5ED0B7A4F5E0B4BA254E01829D12.e.8418","ELEMENT":"f.D6078088970B2F0795E5397A8DAD4E0E.d.31ED5ED0B7A4F5E0B4BA254E01829D12.e.8418"}]}
RESULT: {"script":"<script> [56 bytes]","args":[{"element-6066-11e4-a52e-4f735466cecf":"f.D6078088970B2F0795E5397A8DAD4E0E.d.31ED5ED0B7A4F5E0B4BA254E01829D12.e.8418","ELEMENT":"f.D6078088970B2F0795E5397A8DAD4E0E.d.31ED5ED0B7A4F5E0B4BA254E01829D12.e.8418"}]}
COMMAND: GET /session/302c28dd03ec619932948a5fa1f394c9/element/f.D6078088970B2F0795E5397A8DAD4E0E.d.31ED5ED0B7A4F5E0B4BA254E01829D12.e.8417/attribute/aria-checked - {}
COMMAND: GET /session/302c28dd03ec619932948a5fa1f394c9/screenshot - {}
RESULT: {}
COMMAND: POST /session/302c28dd03ec619932948a5fa1f394c9/element - {"using":"xpath","value":"//table[contains(@id, \"listView-innerSelectionPanelTable-listUl\")]/tbody/tr[25]/td[2]/div/div"}
RESULT: {}
RESULT: {"using":"xpath","value":"//table[contains(@id, \"listView-innerSelectionPanelTable-listUl\")]/tbody/tr[25]/td[2]/div/div"}
COMMAND: POST /session/302c28dd03ec619932948a5fa1f394c9/element - {"using":"xpath","value":"//table[contains(@id, \"listView-innerSelectionPanelTable-listUl\")]/tbody/tr[25]/td[2]/div"}
RESULT: {"using":"xpath","value":"//table[contains(@id, \"listView-innerSelectionPanelTable-listUl\")]/tbody/tr[25]/td[2]/div"}
COMMAND: POST /session/302c28dd03ec619932948a5fa1f394c9/element - {"using":"xpath","value":"//table[contains(@id, \"listView-innerSelectionPanelTable-listUl\")]/tbody/tr[25]/td[3]/div/div/span/span[1]/bdi"}
RESULT: {"using":"xpath","value":"//table[contains(@id, \"listView-innerSelectionPanelTable-listUl\")]/tbody/tr[25]/td[3]/div/div/span/span[1]/bdi"}
COMMAND: POST /session/302c28dd03ec619932948a5fa1f394c9/execute/sync - {"script":"<script> [56 bytes]","args":[{"element-6066-11e4-a52e-4f735466cecf":"f.D6078088970B2F0795E5397A8DAD4E0E.d.31ED5ED0B7A4F5E0B4BA254E01829D12.e.8421","ELEMENT":"f.D6078088970B2F0795E5397A8DAD4E0E.d.31ED5ED0B7A4F5E0B4BA254E01829D12.e.8421"}]}
RESULT: {"script":"<script> [56 bytes]","args":[{"element-6066-11e4-a52e-4f735466cecf":"f.D6078088970B2F0795E5397A8DAD4E0E.d.31ED5ED0B7A4F5E0B4BA254E01829D12.e.8421","ELEMENT":"f.D6078088970B2F0795E5397A8DAD4E0E.d.31ED5ED0B7A4F5E0B4BA254E01829D12.e.8421"}]}
COMMAND: GET /session/302c28dd03ec619932948a5fa1f394c9/element/f.D6078088970B2F0795E5397A8DAD4E0E.d.31ED5ED0B7A4F5E0B4BA254E01829D12.e.8420/attribute/aria-checked - {}
COMMAND: GET /session/302c28dd03ec619932948a5fa1f394c9/screenshot - {}
RESULT: {}
COMMAND: POST /session/302c28dd03ec619932948a5fa1f394c9/element - {"using":"xpath","value":"//bdi[contains(text(), \"OK\")]"}
RESULT: {}
RESULT: {"using":"xpath","value":"//bdi[contains(text(), \"OK\")]"}
COMMAND: POST /session/302c28dd03ec619932948a5fa1f394c9/element/f.D6078088970B2F0795E5397A8DAD4E0E.d.31ED5ED0B7A4F5E0B4BA254E01829D12.e.8422/click - {}
RESULT: {}
COMMAND: GET /session/302c28dd03ec619932948a5fa1f394c9/screenshot - {}
RESULT: {}
COMMAND: POST /session/302c28dd03ec619932948a5fa1f394c9/execute/async - {"script":"<script> [1562 bytes]","args":[{"selector":{"id":"application-managepartners-display-component---masterPtm--smartFilterBar-filterItemControlA_-LINK_TO_ADDRESSES_MAIN.ID-vhi"},"wdio_ui5_key":"applicationmanagepartners-display-component---masterPtm--smartFilterBar-filterItemControlA_-LINK_TO_ADDRESSES_MAIN.ID-vhi"}]}
RESULT: {"script":"<script> [1562 bytes]","args":[{"selector":{"id":"application-managepartners-display-component---masterPtm--smartFilterBar-filterItemControlA_-LINK_TO_ADDRESSES_MAIN.ID-vhi"},"wdio_ui5_key":"applicationmanagepartners-display-component---masterPtm--smartFilterBar-filterItemControlA_-LINK_TO_ADDRESSES_MAIN.ID-vhi"}]}
RESULT: undefined
COMMAND: POST /session/302c28dd03ec619932948a5fa1f394c9/element - {"using":"xpath","value":"//*[@id=\"application-managepartners-display-component---masterPtm--smartFilterBar-filterItemControlA_-LINK_TO_ADDRESSES_MAIN.ID-vhi\"]"}
RESULT: {"using":"xpath","value":"//*[@id=\"application-managepartners-display-component---masterPtm--smartFilterBar-filterItemControlA_-LINK_TO_ADDRESSES_MAIN.ID-vhi\"]"}
COMMAND: POST /session/302c28dd03ec619932948a5fa1f394c9/element/f.D6078088970B2F0795E5397A8DAD4E0E.d.31ED5ED0B7A4F5E0B4BA254E01829D12.e.8435/click - {}
RESULT: {}
COMMAND: GET /session/302c28dd03ec619932948a5fa1f394c9/screenshot - {}
RESULT: {}
COMMAND: POST /session/302c28dd03ec619932948a5fa1f394c9/execute/async - {"script":"<script> [1562 bytes]","args":[{"selector":{"controlType":"sap.ui.core.Icon","viewName":"etm.portal.ui.managepartners.view.Master","viewId":"application-managepartners-display-component---masterPtm","properties":{"src":{"regex":{"source":"slim\\-arrow\\-down"}}},"searchOpenDialogs":true},"wdio_ui5_key":"etmportal.ui.managepartners.view.Mastersap.ui.core.Icon{\"src\":{\"regex\":{\"source\":\"slim\\\\-arrow\\\\-down\"}}}"}]}
RESULT: {"script":"<script> [1562 bytes]","args":[{"selector":{"controlType":"sap.ui.core.Icon","viewName":"etm.portal.ui.managepartners.view.Master","viewId":"application-managepartners-display-component---masterPtm","properties":{"src":{"regex":{"source":"slim\\-arrow\\-down"}}},"searchOpenDialogs":true},"wdio_ui5_key":"etmportal.ui.managepartners.view.Mastersap.ui.core.Icon{\"src\":{\"regex\":{\"source\":\"slim\\\\-arrow\\\\-down\"}}}"}]}
RESULT: undefined
COMMAND: POST /session/302c28dd03ec619932948a5fa1f394c9/element - {"using":"xpath","value":"//*[@id=\"__box77-arrow\"]"}
RESULT: {"using":"xpath","value":"//*[@id=\"__box77-arrow\"]"}
COMMAND: POST /session/302c28dd03ec619932948a5fa1f394c9/element/f.D6078088970B2F0795E5397A8DAD4E0E.d.31ED5ED0B7A4F5E0B4BA254E01829D12.e.8440/click - {}
RESULT: {}
COMMAND: GET /session/302c28dd03ec619932948a5fa1f394c9/screenshot - {}
RESULT: {}
COMMAND: POST /session/302c28dd03ec619932948a5fa1f394c9/element - {"using":"xpath","value":"//li[.//span[text()='equal to']]"}
RESULT: {"using":"xpath","value":"//li[.//span[text()='equal to']]"}
COMMAND: POST /session/302c28dd03ec619932948a5fa1f394c9/element/f.D6078088970B2F0795E5397A8DAD4E0E.d.31ED5ED0B7A4F5E0B4BA254E01829D12.e.8441/click - {}
RESULT: {}
COMMAND: GET /session/302c28dd03ec619932948a5fa1f394c9/screenshot - {}
RESULT: {}
RESULT: undefined
COMMAND: POST /session/302c28dd03ec619932948a5fa1f394c9/execute/async - {"script":"<script> [776 bytes]","args":[{"enterText":"1006","selector":{"controlType":"sap.m.Input","viewName":"etm.portal.ui.managepartners.view.Master","viewId":"application-managepartners-display-component---masterPtm","properties":{"valueState":"None"},"searchOpenDialogs":true,"interaction":{"idSuffix":"inner"}},"clearTextFirst":true,"interactionType":"ENTER_TEXT"}]}
RESULT: {"script":"<script> [776 bytes]","args":[{"enterText":"1006","selector":{"controlType":"sap.m.Input","viewName":"etm.portal.ui.managepartners.view.Master","viewId":"application-managepartners-display-component---masterPtm","properties":{"valueState":"None"},"searchOpenDialogs":true,"interaction":{"idSuffix":"inner"}},"clearTextFirst":true,"interactionType":"ENTER_TEXT"}]}
COMMAND: POST /session/302c28dd03ec619932948a5fa1f394c9/actions - {"actions":[{"id":"action24","type":"key","parameters":{},"actions":[{"type":"keyDown","value":""},{"type":"pause","duration":10},{"type":"keyUp","value":""}]}]}
RESULT: {"actions":[{"id":"action24","type":"key","parameters":{},"actions":[{"type":"keyDown","value":""},{"type":"pause","duration":10},{"type":"keyUp","value":""}]}]}
COMMAND: GET /session/302c28dd03ec619932948a5fa1f394c9/screenshot - {}
RESULT: {}
COMMAND: POST /session/302c28dd03ec619932948a5fa1f394c9/element - {"using":"xpath","value":"(//bdi[contains(text(), \"OK\")])[1]"}
RESULT: {"using":"xpath","value":"(//bdi[contains(text(), \"OK\")])[1]"}
COMMAND: POST /session/302c28dd03ec619932948a5fa1f394c9/element/f.D6078088970B2F0795E5397A8DAD4E0E.d.31ED5ED0B7A4F5E0B4BA254E01829D12.e.8442/click - {}
RESULT: {}
COMMAND: GET /session/302c28dd03ec619932948a5fa1f394c9/screenshot - {}
RESULT: {}
COMMAND: POST /session/302c28dd03ec619932948a5fa1f394c9/element - {"using":"xpath","value":"//span[@id=\"application-managepartners-display-component---masterPtm--smartTable-header-inner\"]"}
RESULT: {"using":"xpath","value":"//span[@id=\"application-managepartners-display-component---masterPtm--smartTable-header-inner\"]"}
COMMAND: POST /session/302c28dd03ec619932948a5fa1f394c9/elements - {"using":"xpath","value":"//span[@id=\"application-managepartners-display-component---masterPtm--smartTable-header-inner\"]"}
RESULT: {"using":"xpath","value":"//span[@id=\"application-managepartners-display-component---masterPtm--smartTable-header-inner\"]"}
COMMAND: POST /session/302c28dd03ec619932948a5fa1f394c9/execute/sync - {"script":"<script> [56 bytes]","args":[{"element-6066-11e4-a52e-4f735466cecf":"f.D6078088970B2F0795E5397A8DAD4E0E.d.31ED5ED0B7A4F5E0B4BA254E01829D12.e.8282","ELEMENT":"f.D6078088970B2F0795E5397A8DAD4E0E.d.31ED5ED0B7A4F5E0B4BA254E01829D12.e.8282"}]}
RESULT: {"script":"<script> [56 bytes]","args":[{"element-6066-11e4-a52e-4f735466cecf":"f.D6078088970B2F0795E5397A8DAD4E0E.d.31ED5ED0B7A4F5E0B4BA254E01829D12.e.8282","ELEMENT":"f.D6078088970B2F0795E5397A8DAD4E0E.d.31ED5ED0B7A4F5E0B4BA254E01829D12.e.8282"}]}
COMMAND: POST /session/302c28dd03ec619932948a5fa1f394c9/element - {"using":"xpath","value":"//span[contains(@title, \"Remove\")]"}
COMMAND: GET /session/302c28dd03ec619932948a5fa1f394c9/screenshot - {}
RESULT: {"using":"xpath","value":"//span[contains(@title, \"Remove\")]"}
COMMAND: POST /session/302c28dd03ec619932948a5fa1f394c9/element/f.D6078088970B2F0795E5397A8DAD4E0E.d.31ED5ED0B7A4F5E0B4BA254E01829D12.e.8447/click - {}
RESULT: {}
RESULT: {}
COMMAND: GET /session/302c28dd03ec619932948a5fa1f394c9/screenshot - {}
RESULT: {}
RESULT: undefined
COMMAND: POST /session/302c28dd03ec619932948a5fa1f394c9/element - {"using":"xpath","value":"//*[@id=\"application-managepartners-display-component---masterPtm--smartFilterBar-filterItemControl_BASIC-YARD-vhi\"]"}
RESULT: {"using":"xpath","value":"//*[@id=\"application-managepartners-display-component---masterPtm--smartFilterBar-filterItemControl_BASIC-YARD-vhi\"]"}
COMMAND: POST /session/302c28dd03ec619932948a5fa1f394c9/element/f.D6078088970B2F0795E5397A8DAD4E0E.d.31ED5ED0B7A4F5E0B4BA254E01829D12.e.8552/click - {}
RESULT: {}
COMMAND: GET /session/302c28dd03ec619932948a5fa1f394c9/screenshot - {}
RESULT: {}
RESULT: undefined
COMMAND: POST /session/302c28dd03ec619932948a5fa1f394c9/execute/async - {"script":"<script> [776 bytes]","args":[{"enterText":"Test","selector":{"id":"application-managepartners-display-component---masterPtm--smartFilterBar-filterItemControl_BASIC-YARD-valueHelpDialog-smartFilterBar-btnBasicSearch","searchOpenDialogs":true,"interaction":{"idSuffix":"I"}},"clearTextFirst":true,"interactionType":"ENTER_TEXT"}]}
RESULT: {"script":"<script> [776 bytes]","args":[{"enterText":"Test","selector":{"id":"application-managepartners-display-component---masterPtm--smartFilterBar-filterItemControl_BASIC-YARD-valueHelpDialog-smartFilterBar-btnBasicSearch","searchOpenDialogs":true,"interaction":{"idSuffix":"I"}},"clearTextFirst":true,"interactionType":"ENTER_TEXT"}]}
COMMAND: POST /session/302c28dd03ec619932948a5fa1f394c9/actions - {"actions":[{"id":"action25","type":"key","parameters":{},"actions":[{"type":"keyDown","value":""},{"type":"pause","duration":10},{"type":"keyUp","value":""}]}]}
RESULT: {"actions":[{"id":"action25","type":"key","parameters":{},"actions":[{"type":"keyDown","value":""},{"type":"pause","duration":10},{"type":"keyUp","value":""}]}]}
COMMAND: POST /session/302c28dd03ec619932948a5fa1f394c9/elements - {"using":"xpath","value":"//table[contains(@id, \"smartFilterBar-filterItemControl_BASIC-YARD-valueHelpDialog-table-table\")]/tbody/tr"}
COMMAND: GET /session/302c28dd03ec619932948a5fa1f394c9/screenshot - {}
RESULT: {"using":"xpath","value":"//table[contains(@id, \"smartFilterBar-filterItemControl_BASIC-YARD-valueHelpDialog-table-table\")]/tbody/tr"}
COMMAND: POST /session/302c28dd03ec619932948a5fa1f394c9/element - {"using":"xpath","value":"//table[contains(@id, \"smartFilterBar-filterItemControl_BASIC-YARD-valueHelpDialog-table-table\")]/tbody/tr[1]/td[1]/div/span"}
RESULT: {}
RESULT: {"using":"xpath","value":"//table[contains(@id, \"smartFilterBar-filterItemControl_BASIC-YARD-valueHelpDialog-table-table\")]/tbody/tr[1]/td[1]/div/span"}
COMMAND: POST /session/302c28dd03ec619932948a5fa1f394c9/elements - {"using":"xpath","value":"//table[contains(@id, \"smartFilterBar-filterItemControl_BASIC-YARD-valueHelpDialog-table-table\")]/tbody/tr[1]/td[1]/div/span"}
RESULT: {"using":"xpath","value":"//table[contains(@id, \"smartFilterBar-filterItemControl_BASIC-YARD-valueHelpDialog-table-table\")]/tbody/tr[1]/td[1]/div/span"}
COMMAND: POST /session/302c28dd03ec619932948a5fa1f394c9/execute/sync - {"script":"<script> [56 bytes]","args":[{"element-6066-11e4-a52e-4f735466cecf":"f.D6078088970B2F0795E5397A8DAD4E0E.d.31ED5ED0B7A4F5E0B4BA254E01829D12.e.8571","ELEMENT":"f.D6078088970B2F0795E5397A8DAD4E0E.d.31ED5ED0B7A4F5E0B4BA254E01829D12.e.8571"}]}
RESULT: {"script":"<script> [56 bytes]","args":[{"element-6066-11e4-a52e-4f735466cecf":"f.D6078088970B2F0795E5397A8DAD4E0E.d.31ED5ED0B7A4F5E0B4BA254E01829D12.e.8571","ELEMENT":"f.D6078088970B2F0795E5397A8DAD4E0E.d.31ED5ED0B7A4F5E0B4BA254E01829D12.e.8571"}]}
COMMAND: POST /session/302c28dd03ec619932948a5fa1f394c9/element - {"using":"xpath","value":"//table[contains(@id, \"smartFilterBar-filterItemControl_BASIC-YARD-valueHelpDialog-table-table\")]/tbody/tr[2]/td[1]/div/span"}
COMMAND: GET /session/302c28dd03ec619932948a5fa1f394c9/screenshot - {}
RESULT: {"using":"xpath","value":"//table[contains(@id, \"smartFilterBar-filterItemControl_BASIC-YARD-valueHelpDialog-table-table\")]/tbody/tr[2]/td[1]/div/span"}
COMMAND: POST /session/302c28dd03ec619932948a5fa1f394c9/elements - {"using":"xpath","value":"//table[contains(@id, \"smartFilterBar-filterItemControl_BASIC-YARD-valueHelpDialog-table-table\")]/tbody/tr[2]/td[1]/div/span"}
RESULT: {}
RESULT: {"using":"xpath","value":"//table[contains(@id, \"smartFilterBar-filterItemControl_BASIC-YARD-valueHelpDialog-table-table\")]/tbody/tr[2]/td[1]/div/span"}
COMMAND: POST /session/302c28dd03ec619932948a5fa1f394c9/execute/sync - {"script":"<script> [56 bytes]","args":[{"element-6066-11e4-a52e-4f735466cecf":"f.D6078088970B2F0795E5397A8DAD4E0E.d.31ED5ED0B7A4F5E0B4BA254E01829D12.e.8572","ELEMENT":"f.D6078088970B2F0795E5397A8DAD4E0E.d.31ED5ED0B7A4F5E0B4BA254E01829D12.e.8572"}]}
RESULT: {"script":"<script> [56 bytes]","args":[{"element-6066-11e4-a52e-4f735466cecf":"f.D6078088970B2F0795E5397A8DAD4E0E.d.31ED5ED0B7A4F5E0B4BA254E01829D12.e.8572","ELEMENT":"f.D6078088970B2F0795E5397A8DAD4E0E.d.31ED5ED0B7A4F5E0B4BA254E01829D12.e.8572"}]}
COMMAND: POST /session/302c28dd03ec619932948a5fa1f394c9/element - {"using":"xpath","value":"//table[contains(@id, \"smartFilterBar-filterItemControl_BASIC-YARD-valueHelpDialog-table-table\")]/tbody/tr[3]/td[1]/div/span"}
COMMAND: GET /session/302c28dd03ec619932948a5fa1f394c9/screenshot - {}
RESULT: {"using":"xpath","value":"//table[contains(@id, \"smartFilterBar-filterItemControl_BASIC-YARD-valueHelpDialog-table-table\")]/tbody/tr[3]/td[1]/div/span"}
COMMAND: POST /session/302c28dd03ec619932948a5fa1f394c9/elements - {"using":"xpath","value":"//table[contains(@id, \"smartFilterBar-filterItemControl_BASIC-YARD-valueHelpDialog-table-table\")]/tbody/tr[3]/td[1]/div/span"}
RESULT: {}
RESULT: {"using":"xpath","value":"//table[contains(@id, \"smartFilterBar-filterItemControl_BASIC-YARD-valueHelpDialog-table-table\")]/tbody/tr[3]/td[1]/div/span"}
COMMAND: POST /session/302c28dd03ec619932948a5fa1f394c9/execute/sync - {"script":"<script> [56 bytes]","args":[{"element-6066-11e4-a52e-4f735466cecf":"f.D6078088970B2F0795E5397A8DAD4E0E.d.31ED5ED0B7A4F5E0B4BA254E01829D12.e.8573","ELEMENT":"f.D6078088970B2F0795E5397A8DAD4E0E.d.31ED5ED0B7A4F5E0B4BA254E01829D12.e.8573"}]}
RESULT: {"script":"<script> [56 bytes]","args":[{"element-6066-11e4-a52e-4f735466cecf":"f.D6078088970B2F0795E5397A8DAD4E0E.d.31ED5ED0B7A4F5E0B4BA254E01829D12.e.8573","ELEMENT":"f.D6078088970B2F0795E5397A8DAD4E0E.d.31ED5ED0B7A4F5E0B4BA254E01829D12.e.8573"}]}
COMMAND: POST /session/302c28dd03ec619932948a5fa1f394c9/element - {"using":"xpath","value":"//div[contains(@id, \"filterItemControl_BASIC-YARD-valueHelpDialog-table-rowsel2\")]"}
COMMAND: GET /session/302c28dd03ec619932948a5fa1f394c9/screenshot - {}
RESULT: {"using":"xpath","value":"//div[contains(@id, \"filterItemControl_BASIC-YARD-valueHelpDialog-table-rowsel2\")]"}
COMMAND: POST /session/302c28dd03ec619932948a5fa1f394c9/element/f.D6078088970B2F0795E5397A8DAD4E0E.d.31ED5ED0B7A4F5E0B4BA254E01829D12.e.8574/click - {}
RESULT: {}
RESULT: {}
COMMAND: GET /session/302c28dd03ec619932948a5fa1f394c9/screenshot - {}
RESULT: {}
COMMAND: POST /session/302c28dd03ec619932948a5fa1f394c9/element - {"using":"xpath","value":"(//bdi[contains(text(), \"OK\")])[1]"}
RESULT: {"using":"xpath","value":"(//bdi[contains(text(), \"OK\")])[1]"}
COMMAND: POST /session/302c28dd03ec619932948a5fa1f394c9/element/f.D6078088970B2F0795E5397A8DAD4E0E.d.31ED5ED0B7A4F5E0B4BA254E01829D12.e.8576/click - {}
RESULT: {}
COMMAND: GET /session/302c28dd03ec619932948a5fa1f394c9/screenshot - {}
RESULT: {}
COMMAND: POST /session/302c28dd03ec619932948a5fa1f394c9/element - {"using":"xpath","value":"//span[@id=\"application-managepartners-display-component---masterPtm--smartTable-header-inner\"]"}
RESULT: {"using":"xpath","value":"//span[@id=\"application-managepartners-display-component---masterPtm--smartTable-header-inner\"]"}
COMMAND: POST /session/302c28dd03ec619932948a5fa1f394c9/elements - {"using":"xpath","value":"//span[@id=\"application-managepartners-display-component---masterPtm--smartTable-header-inner\"]"}
RESULT: {"using":"xpath","value":"//span[@id=\"application-managepartners-display-component---masterPtm--smartTable-header-inner\"]"}
COMMAND: POST /session/302c28dd03ec619932948a5fa1f394c9/execute/sync - {"script":"<script> [56 bytes]","args":[{"element-6066-11e4-a52e-4f735466cecf":"f.D6078088970B2F0795E5397A8DAD4E0E.d.31ED5ED0B7A4F5E0B4BA254E01829D12.e.8282","ELEMENT":"f.D6078088970B2F0795E5397A8DAD4E0E.d.31ED5ED0B7A4F5E0B4BA254E01829D12.e.8282"}]}
RESULT: {"script":"<script> [56 bytes]","args":[{"element-6066-11e4-a52e-4f735466cecf":"f.D6078088970B2F0795E5397A8DAD4E0E.d.31ED5ED0B7A4F5E0B4BA254E01829D12.e.8282","ELEMENT":"f.D6078088970B2F0795E5397A8DAD4E0E.d.31ED5ED0B7A4F5E0B4BA254E01829D12.e.8282"}]}
COMMAND: POST /session/302c28dd03ec619932948a5fa1f394c9/element - {"using":"xpath","value":"//span[contains(@title, \"Remove\")]"}
COMMAND: GET /session/302c28dd03ec619932948a5fa1f394c9/screenshot - {}
RESULT: {"using":"xpath","value":"//span[contains(@title, \"Remove\")]"}
COMMAND: POST /session/302c28dd03ec619932948a5fa1f394c9/element/f.D6078088970B2F0795E5397A8DAD4E0E.d.31ED5ED0B7A4F5E0B4BA254E01829D12.e.8589/click - {}
RESULT: {}
RESULT: {}
COMMAND: GET /session/302c28dd03ec619932948a5fa1f394c9/screenshot - {}
RESULT: {}
RESULT: undefined
COMMAND: POST /session/302c28dd03ec619932948a5fa1f394c9/element - {"using":"xpath","value":"//*[@id=\"application-managepartners-display-component---masterPtm--smartFilterBar-filterItemControl_BASIC-MAIN_ADDRESS-vhi\"]"}
RESULT: {"using":"xpath","value":"//*[@id=\"application-managepartners-display-component---masterPtm--smartFilterBar-filterItemControl_BASIC-MAIN_ADDRESS-vhi\"]"}
COMMAND: POST /session/302c28dd03ec619932948a5fa1f394c9/element/f.D6078088970B2F0795E5397A8DAD4E0E.d.31ED5ED0B7A4F5E0B4BA254E01829D12.e.8691/click - {}
RESULT: {}
COMMAND: GET /session/302c28dd03ec619932948a5fa1f394c9/screenshot - {}
RESULT: {}
RESULT: undefined
COMMAND: POST /session/302c28dd03ec619932948a5fa1f394c9/execute/async - {"script":"<script> [776 bytes]","args":[{"enterText":"Romania","selector":{"id":"application-managepartners-display-component---masterPtm--smartFilterBar-filterItemControl_BASIC-MAIN_ADDRESS-valueHelpDialog-smartFilterBar-btnBasicSearch","searchOpenDialogs":true,"interaction":{"idSuffix":"I"}},"clearTextFirst":true,"interactionType":"ENTER_TEXT"}]}
RESULT: {"script":"<script> [776 bytes]","args":[{"enterText":"Romania","selector":{"id":"application-managepartners-display-component---masterPtm--smartFilterBar-filterItemControl_BASIC-MAIN_ADDRESS-valueHelpDialog-smartFilterBar-btnBasicSearch","searchOpenDialogs":true,"interaction":{"idSuffix":"I"}},"clearTextFirst":true,"interactionType":"ENTER_TEXT"}]}
COMMAND: POST /session/302c28dd03ec619932948a5fa1f394c9/actions - {"actions":[{"id":"action26","type":"key","parameters":{},"actions":[{"type":"keyDown","value":""},{"type":"pause","duration":10},{"type":"keyUp","value":""}]}]}
RESULT: {"actions":[{"id":"action26","type":"key","parameters":{},"actions":[{"type":"keyDown","value":""},{"type":"pause","duration":10},{"type":"keyUp","value":""}]}]}
COMMAND: POST /session/302c28dd03ec619932948a5fa1f394c9/elements - {"using":"xpath","value":"//table[contains(@id, \"smartFilterBar-filterItemControl_BASIC-MAIN_ADDRESS-valueHelpDialog-table-table\")]/tbody/tr"}
COMMAND: GET /session/302c28dd03ec619932948a5fa1f394c9/screenshot - {}
RESULT: {"using":"xpath","value":"//table[contains(@id, \"smartFilterBar-filterItemControl_BASIC-MAIN_ADDRESS-valueHelpDialog-table-table\")]/tbody/tr"}
COMMAND: POST /session/302c28dd03ec619932948a5fa1f394c9/element - {"using":"xpath","value":"//table[contains(@id, \"smartFilterBar-filterItemControl_BASIC-MAIN_ADDRESS-valueHelpDialog-table-table\")]/tbody/tr[1]/td[1]/div/span"}
RESULT: {}
RESULT: {"using":"xpath","value":"//table[contains(@id, \"smartFilterBar-filterItemControl_BASIC-MAIN_ADDRESS-valueHelpDialog-table-table\")]/tbody/tr[1]/td[1]/div/span"}
COMMAND: POST /session/302c28dd03ec619932948a5fa1f394c9/elements - {"using":"xpath","value":"//table[contains(@id, \"smartFilterBar-filterItemControl_BASIC-MAIN_ADDRESS-valueHelpDialog-table-table\")]/tbody/tr[1]/td[1]/div/span"}
RESULT: {"using":"xpath","value":"//table[contains(@id, \"smartFilterBar-filterItemControl_BASIC-MAIN_ADDRESS-valueHelpDialog-table-table\")]/tbody/tr[1]/td[1]/div/span"}
COMMAND: POST /session/302c28dd03ec619932948a5fa1f394c9/execute/sync - {"script":"<script> [56 bytes]","args":[{"element-6066-11e4-a52e-4f735466cecf":"f.D6078088970B2F0795E5397A8DAD4E0E.d.31ED5ED0B7A4F5E0B4BA254E01829D12.e.8711","ELEMENT":"f.D6078088970B2F0795E5397A8DAD4E0E.d.31ED5ED0B7A4F5E0B4BA254E01829D12.e.8711"}]}
RESULT: {"script":"<script> [56 bytes]","args":[{"element-6066-11e4-a52e-4f735466cecf":"f.D6078088970B2F0795E5397A8DAD4E0E.d.31ED5ED0B7A4F5E0B4BA254E01829D12.e.8711","ELEMENT":"f.D6078088970B2F0795E5397A8DAD4E0E.d.31ED5ED0B7A4F5E0B4BA254E01829D12.e.8711"}]}
COMMAND: POST /session/302c28dd03ec619932948a5fa1f394c9/element - {"using":"xpath","value":"//div[contains(@id, \"filterItemControl_BASIC-MAIN_ADDRESS-valueHelpDialog-table-rowsel0\")]"}
COMMAND: GET /session/302c28dd03ec619932948a5fa1f394c9/screenshot - {}
RESULT: {"using":"xpath","value":"//div[contains(@id, \"filterItemControl_BASIC-MAIN_ADDRESS-valueHelpDialog-table-rowsel0\")]"}
COMMAND: POST /session/302c28dd03ec619932948a5fa1f394c9/element/f.D6078088970B2F0795E5397A8DAD4E0E.d.31ED5ED0B7A4F5E0B4BA254E01829D12.e.8712/click - {}
RESULT: {}
RESULT: {}
COMMAND: GET /session/302c28dd03ec619932948a5fa1f394c9/screenshot - {}
RESULT: {}
COMMAND: POST /session/302c28dd03ec619932948a5fa1f394c9/element - {"using":"xpath","value":"(//bdi[contains(text(), \"OK\")])[1]"}
RESULT: {"using":"xpath","value":"(//bdi[contains(text(), \"OK\")])[1]"}
COMMAND: POST /session/302c28dd03ec619932948a5fa1f394c9/element/f.D6078088970B2F0795E5397A8DAD4E0E.d.31ED5ED0B7A4F5E0B4BA254E01829D12.e.8714/click - {}
RESULT: {}
COMMAND: GET /session/302c28dd03ec619932948a5fa1f394c9/screenshot - {}
RESULT: {}
COMMAND: POST /session/302c28dd03ec619932948a5fa1f394c9/element - {"using":"xpath","value":"//span[@id=\"application-managepartners-display-component---masterPtm--smartTable-header-inner\"]"}
RESULT: {"using":"xpath","value":"//span[@id=\"application-managepartners-display-component---masterPtm--smartTable-header-inner\"]"}
COMMAND: POST /session/302c28dd03ec619932948a5fa1f394c9/elements - {"using":"xpath","value":"//span[@id=\"application-managepartners-display-component---masterPtm--smartTable-header-inner\"]"}
RESULT: {"using":"xpath","value":"//span[@id=\"application-managepartners-display-component---masterPtm--smartTable-header-inner\"]"}
COMMAND: POST /session/302c28dd03ec619932948a5fa1f394c9/execute/sync - {"script":"<script> [56 bytes]","args":[{"element-6066-11e4-a52e-4f735466cecf":"f.D6078088970B2F0795E5397A8DAD4E0E.d.31ED5ED0B7A4F5E0B4BA254E01829D12.e.8282","ELEMENT":"f.D6078088970B2F0795E5397A8DAD4E0E.d.31ED5ED0B7A4F5E0B4BA254E01829D12.e.8282"}]}
RESULT: {"script":"<script> [56 bytes]","args":[{"element-6066-11e4-a52e-4f735466cecf":"f.D6078088970B2F0795E5397A8DAD4E0E.d.31ED5ED0B7A4F5E0B4BA254E01829D12.e.8282","ELEMENT":"f.D6078088970B2F0795E5397A8DAD4E0E.d.31ED5ED0B7A4F5E0B4BA254E01829D12.e.8282"}]}
COMMAND: POST /session/302c28dd03ec619932948a5fa1f394c9/element - {"using":"xpath","value":"//span[contains(@title, \"Remove\")]"}
COMMAND: GET /session/302c28dd03ec619932948a5fa1f394c9/screenshot - {}
RESULT: {"using":"xpath","value":"//span[contains(@title, \"Remove\")]"}
COMMAND: POST /session/302c28dd03ec619932948a5fa1f394c9/element/f.D6078088970B2F0795E5397A8DAD4E0E.d.31ED5ED0B7A4F5E0B4BA254E01829D12.e.8727/click - {}
RESULT: {}
RESULT: {}
COMMAND: GET /session/302c28dd03ec619932948a5fa1f394c9/screenshot - {}
COMMAND: POST /session/302c28dd03ec619932948a5fa1f394c9/execute/async - {"script":"<script> [1562 bytes]","args":[{"selector":{"id":"application-managepartners-display-component---masterPtm--catalogs-arrow"},"wdio_ui5_key":"applicationmanagepartners-display-component---masterPtm--catalogs-arrow"}]}
RESULT: {}
RESULT: {"script":"<script> [1562 bytes]","args":[{"selector":{"id":"application-managepartners-display-component---masterPtm--catalogs-arrow"},"wdio_ui5_key":"applicationmanagepartners-display-component---masterPtm--catalogs-arrow"}]}
RESULT: undefined
COMMAND: POST /session/302c28dd03ec619932948a5fa1f394c9/element - {"using":"xpath","value":"//*[@id=\"application-managepartners-display-component---masterPtm--catalogs-arrow\"]"}
RESULT: {"using":"xpath","value":"//*[@id=\"application-managepartners-display-component---masterPtm--catalogs-arrow\"]"}
COMMAND: POST /session/302c28dd03ec619932948a5fa1f394c9/element/f.D6078088970B2F0795E5397A8DAD4E0E.d.31ED5ED0B7A4F5E0B4BA254E01829D12.e.8831/click - {}
RESULT: {}
COMMAND: GET /session/302c28dd03ec619932948a5fa1f394c9/screenshot - {}
RESULT: {}
COMMAND: POST /session/302c28dd03ec619932948a5fa1f394c9/element - {"using":"xpath","value":"//li[.//span[text()=\"Webshop Catalog\"]]//div[contains(@class,\"sapMCbBg\")]"}
RESULT: {"using":"xpath","value":"//li[.//span[text()=\"Webshop Catalog\"]]//div[contains(@class,\"sapMCbBg\")]"}
COMMAND: POST /session/302c28dd03ec619932948a5fa1f394c9/element/f.D6078088970B2F0795E5397A8DAD4E0E.d.31ED5ED0B7A4F5E0B4BA254E01829D12.e.8845/click - {}
RESULT: {}
COMMAND: GET /session/302c28dd03ec619932948a5fa1f394c9/screenshot - {}
RESULT: {}
RESULT: undefined
COMMAND: POST /session/302c28dd03ec619932948a5fa1f394c9/element - {"using":"xpath","value":"//*[@id=\"application-managepartners-display-component---masterPtm--catalogs-arrow\"]"}
RESULT: {"using":"xpath","value":"//*[@id=\"application-managepartners-display-component---masterPtm--catalogs-arrow\"]"}
COMMAND: POST /session/302c28dd03ec619932948a5fa1f394c9/element/f.D6078088970B2F0795E5397A8DAD4E0E.d.31ED5ED0B7A4F5E0B4BA254E01829D12.e.8831/click - {}
RESULT: {}
COMMAND: POST /session/302c28dd03ec619932948a5fa1f394c9/element - {"using":"xpath","value":"//span[@id=\"application-managepartners-display-component---masterPtm--smartTable-header-inner\"]"}
COMMAND: GET /session/302c28dd03ec619932948a5fa1f394c9/screenshot - {}
RESULT: {"using":"xpath","value":"//span[@id=\"application-managepartners-display-component---masterPtm--smartTable-header-inner\"]"}
COMMAND: POST /session/302c28dd03ec619932948a5fa1f394c9/elements - {"using":"xpath","value":"//span[@id=\"application-managepartners-display-component---masterPtm--smartTable-header-inner\"]"}
RESULT: {}
RESULT: {"using":"xpath","value":"//span[@id=\"application-managepartners-display-component---masterPtm--smartTable-header-inner\"]"}
COMMAND: POST /session/302c28dd03ec619932948a5fa1f394c9/execute/sync - {"script":"<script> [56 bytes]","args":[{"element-6066-11e4-a52e-4f735466cecf":"f.D6078088970B2F0795E5397A8DAD4E0E.d.31ED5ED0B7A4F5E0B4BA254E01829D12.e.8282","ELEMENT":"f.D6078088970B2F0795E5397A8DAD4E0E.d.31ED5ED0B7A4F5E0B4BA254E01829D12.e.8282"}]}
RESULT: {"script":"<script> [56 bytes]","args":[{"element-6066-11e4-a52e-4f735466cecf":"f.D6078088970B2F0795E5397A8DAD4E0E.d.31ED5ED0B7A4F5E0B4BA254E01829D12.e.8282","ELEMENT":"f.D6078088970B2F0795E5397A8DAD4E0E.d.31ED5ED0B7A4F5E0B4BA254E01829D12.e.8282"}]}
COMMAND: POST /session/302c28dd03ec619932948a5fa1f394c9/element - {"using":"xpath","value":"//span[contains(@title, \"Remove\")]"}
COMMAND: GET /session/302c28dd03ec619932948a5fa1f394c9/screenshot - {}
RESULT: {"using":"xpath","value":"//span[contains(@title, \"Remove\")]"}
COMMAND: POST /session/302c28dd03ec619932948a5fa1f394c9/element/f.D6078088970B2F0795E5397A8DAD4E0E.d.31ED5ED0B7A4F5E0B4BA254E01829D12.e.8868/click - {}
RESULT: {}
RESULT: {}
COMMAND: GET /session/302c28dd03ec619932948a5fa1f394c9/screenshot - {}
RESULT: {}
COMMAND: POST /session/302c28dd03ec619932948a5fa1f394c9/execute/async - {"script":"<script> [1562 bytes]","args":[{"selector":{"id":"application-managepartners-display-component---masterPtm--currencies-arrow"},"wdio_ui5_key":"applicationmanagepartners-display-component---masterPtm--currencies-arrow"}]}
RESULT: {"script":"<script> [1562 bytes]","args":[{"selector":{"id":"application-managepartners-display-component---masterPtm--currencies-arrow"},"wdio_ui5_key":"applicationmanagepartners-display-component---masterPtm--currencies-arrow"}]}
RESULT: undefined
COMMAND: POST /session/302c28dd03ec619932948a5fa1f394c9/element - {"using":"xpath","value":"//*[@id=\"application-managepartners-display-component---masterPtm--currencies-arrow\"]"}
RESULT: {"using":"xpath","value":"//*[@id=\"application-managepartners-display-component---masterPtm--currencies-arrow\"]"}
COMMAND: POST /session/302c28dd03ec619932948a5fa1f394c9/element/f.D6078088970B2F0795E5397A8DAD4E0E.d.31ED5ED0B7A4F5E0B4BA254E01829D12.e.8983/click - {}
RESULT: {}
COMMAND: GET /session/302c28dd03ec619932948a5fa1f394c9/screenshot - {}
RESULT: {}
COMMAND: POST /session/302c28dd03ec619932948a5fa1f394c9/element - {"using":"xpath","value":"//li[.//span[text()=\"US Dollar\"]]//div[contains(@class,\"sapMCbBg\")]"}
RESULT: {"using":"xpath","value":"//li[.//span[text()=\"US Dollar\"]]//div[contains(@class,\"sapMCbBg\")]"}
COMMAND: POST /session/302c28dd03ec619932948a5fa1f394c9/element/f.D6078088970B2F0795E5397A8DAD4E0E.d.31ED5ED0B7A4F5E0B4BA254E01829D12.e.8988/click - {}
RESULT: {}
COMMAND: GET /session/302c28dd03ec619932948a5fa1f394c9/screenshot - {}
RESULT: {}
RESULT: undefined
COMMAND: POST /session/302c28dd03ec619932948a5fa1f394c9/element - {"using":"xpath","value":"//*[@id=\"application-managepartners-display-component---masterPtm--currencies-arrow\"]"}
RESULT: {"using":"xpath","value":"//*[@id=\"application-managepartners-display-component---masterPtm--currencies-arrow\"]"}
COMMAND: POST /session/302c28dd03ec619932948a5fa1f394c9/element/f.D6078088970B2F0795E5397A8DAD4E0E.d.31ED5ED0B7A4F5E0B4BA254E01829D12.e.8983/click - {}
RESULT: {}
COMMAND: POST /session/302c28dd03ec619932948a5fa1f394c9/element - {"using":"xpath","value":"//span[@id=\"application-managepartners-display-component---masterPtm--smartTable-header-inner\"]"}
COMMAND: GET /session/302c28dd03ec619932948a5fa1f394c9/screenshot - {}
RESULT: {"using":"xpath","value":"//span[@id=\"application-managepartners-display-component---masterPtm--smartTable-header-inner\"]"}
COMMAND: POST /session/302c28dd03ec619932948a5fa1f394c9/elements - {"using":"xpath","value":"//span[@id=\"application-managepartners-display-component---masterPtm--smartTable-header-inner\"]"}
RESULT: {}
RESULT: {"using":"xpath","value":"//span[@id=\"application-managepartners-display-component---masterPtm--smartTable-header-inner\"]"}
COMMAND: POST /session/302c28dd03ec619932948a5fa1f394c9/execute/sync - {"script":"<script> [56 bytes]","args":[{"element-6066-11e4-a52e-4f735466cecf":"f.D6078088970B2F0795E5397A8DAD4E0E.d.31ED5ED0B7A4F5E0B4BA254E01829D12.e.8282","ELEMENT":"f.D6078088970B2F0795E5397A8DAD4E0E.d.31ED5ED0B7A4F5E0B4BA254E01829D12.e.8282"}]}
RESULT: {"script":"<script> [56 bytes]","args":[{"element-6066-11e4-a52e-4f735466cecf":"f.D6078088970B2F0795E5397A8DAD4E0E.d.31ED5ED0B7A4F5E0B4BA254E01829D12.e.8282","ELEMENT":"f.D6078088970B2F0795E5397A8DAD4E0E.d.31ED5ED0B7A4F5E0B4BA254E01829D12.e.8282"}]}
COMMAND: POST /session/302c28dd03ec619932948a5fa1f394c9/element - {"using":"xpath","value":"//span[contains(@title, \"Remove\")]"}
COMMAND: GET /session/302c28dd03ec619932948a5fa1f394c9/screenshot - {}
RESULT: {"using":"xpath","value":"//span[contains(@title, \"Remove\")]"}
COMMAND: POST /session/302c28dd03ec619932948a5fa1f394c9/element/f.D6078088970B2F0795E5397A8DAD4E0E.d.31ED5ED0B7A4F5E0B4BA254E01829D12.e.9035/click - {}
RESULT: {}
RESULT: {}
COMMAND: GET /session/302c28dd03ec619932948a5fa1f394c9/screenshot - {}
RESULT: {}
COMMAND: POST /session/302c28dd03ec619932948a5fa1f394c9/execute/async - {"script":"<script> [1562 bytes]","args":[{"selector":{"id":"application-managepartners-display-component---masterPtm--languages-arrow"},"wdio_ui5_key":"applicationmanagepartners-display-component---masterPtm--languages-arrow"}]}
RESULT: {"script":"<script> [1562 bytes]","args":[{"selector":{"id":"application-managepartners-display-component---masterPtm--languages-arrow"},"wdio_ui5_key":"applicationmanagepartners-display-component---masterPtm--languages-arrow"}]}
RESULT: undefined
COMMAND: POST /session/302c28dd03ec619932948a5fa1f394c9/element - {"using":"xpath","value":"//*[@id=\"application-managepartners-display-component---masterPtm--languages-arrow\"]"}
RESULT: {"using":"xpath","value":"//*[@id=\"application-managepartners-display-component---masterPtm--languages-arrow\"]"}
COMMAND: POST /session/302c28dd03ec619932948a5fa1f394c9/element/f.D6078088970B2F0795E5397A8DAD4E0E.d.31ED5ED0B7A4F5E0B4BA254E01829D12.e.9134/click - {}
RESULT: {}
COMMAND: GET /session/302c28dd03ec619932948a5fa1f394c9/screenshot - {}
RESULT: {}
COMMAND: POST /session/302c28dd03ec619932948a5fa1f394c9/element - {"using":"xpath","value":"//li[.//span[text()=\"German\"]]//div[contains(@class,\"sapMCbBg\")]"}
RESULT: {"using":"xpath","value":"//li[.//span[text()=\"German\"]]//div[contains(@class,\"sapMCbBg\")]"}
COMMAND: POST /session/302c28dd03ec619932948a5fa1f394c9/element/f.D6078088970B2F0795E5397A8DAD4E0E.d.31ED5ED0B7A4F5E0B4BA254E01829D12.e.9182/click - {}
RESULT: {}
COMMAND: GET /session/302c28dd03ec619932948a5fa1f394c9/screenshot - {}
RESULT: {}
RESULT: undefined
COMMAND: POST /session/302c28dd03ec619932948a5fa1f394c9/element - {"using":"xpath","value":"//*[@id=\"application-managepartners-display-component---masterPtm--languages-arrow\"]"}
RESULT: {"using":"xpath","value":"//*[@id=\"application-managepartners-display-component---masterPtm--languages-arrow\"]"}
COMMAND: POST /session/302c28dd03ec619932948a5fa1f394c9/element/f.D6078088970B2F0795E5397A8DAD4E0E.d.31ED5ED0B7A4F5E0B4BA254E01829D12.e.9134/click - {}
RESULT: {}
COMMAND: POST /session/302c28dd03ec619932948a5fa1f394c9/element - {"using":"xpath","value":"//span[@id=\"application-managepartners-display-component---masterPtm--smartTable-header-inner\"]"}
COMMAND: GET /session/302c28dd03ec619932948a5fa1f394c9/screenshot - {}
RESULT: {"using":"xpath","value":"//span[@id=\"application-managepartners-display-component---masterPtm--smartTable-header-inner\"]"}
COMMAND: POST /session/302c28dd03ec619932948a5fa1f394c9/elements - {"using":"xpath","value":"//span[@id=\"application-managepartners-display-component---masterPtm--smartTable-header-inner\"]"}
RESULT: {}
RESULT: {"using":"xpath","value":"//span[@id=\"application-managepartners-display-component---masterPtm--smartTable-header-inner\"]"}
COMMAND: POST /session/302c28dd03ec619932948a5fa1f394c9/execute/sync - {"script":"<script> [56 bytes]","args":[{"element-6066-11e4-a52e-4f735466cecf":"f.D6078088970B2F0795E5397A8DAD4E0E.d.31ED5ED0B7A4F5E0B4BA254E01829D12.e.8282","ELEMENT":"f.D6078088970B2F0795E5397A8DAD4E0E.d.31ED5ED0B7A4F5E0B4BA254E01829D12.e.8282"}]}
RESULT: {"script":"<script> [56 bytes]","args":[{"element-6066-11e4-a52e-4f735466cecf":"f.D6078088970B2F0795E5397A8DAD4E0E.d.31ED5ED0B7A4F5E0B4BA254E01829D12.e.8282","ELEMENT":"f.D6078088970B2F0795E5397A8DAD4E0E.d.31ED5ED0B7A4F5E0B4BA254E01829D12.e.8282"}]}
COMMAND: POST /session/302c28dd03ec619932948a5fa1f394c9/element - {"using":"css selector","value":"#shell-header-logo"}
COMMAND: GET /session/302c28dd03ec619932948a5fa1f394c9/screenshot - {}
RESULT: {"using":"css selector","value":"#shell-header-logo"}
COMMAND: POST /session/302c28dd03ec619932948a5fa1f394c9/element/f.D6078088970B2F0795E5397A8DAD4E0E.d.31ED5ED0B7A4F5E0B4BA254E01829D12.e.8112/click - {}
RESULT: {}
RESULT: {}
COMMAND: GET /session/302c28dd03ec619932948a5fa1f394c9/screenshot - {}
RESULT: {}
COMMAND: DELETE /session/302c28dd03ec619932948a5fa1f394c9 - {}
RESULT: {}
]]></system-out>
    </testcase>
  </testsuite>
</testsuites>